Channel,CommandLine,Company,Computer,CreationUtcTime,CurrentDirectory,Description,DestinationHostname,DestinationIp,DestinationIsIpv6,DestinationPort,DestinationPortName,Details,EventID,EventRecordID,EventType,FileVersion,Hashes,Image,Initiated,IntegrityLevel,Keywords,Level,LogonGuid,LogonId,Message,NewThreadId,Opcode,OriginalFileName,ParentCommandLine,ParentImage,ParentProcessGuid,ParentProcessId,ParentUser,ProcessGuid,ProcessID,ProcessId,Product,Protocol,QueryName,QueryResults,QueryStatus,RuleName,SourceHostname,SourceImage,SourceIp,SourceIsIpv6,SourcePort,SourcePortName,SourceProcessGuid,SourceProcessId,SourceUser,StartAddress,StartFunction,StartModule,SystemTime,TargetFilename,TargetImage,TargetObject,TargetProcessGuid,TargetProcessId,TargetUser,Task,TerminalSessionId,ThreadID,User,UserID,UtcTime,Version,raw
Microsoft-Windows-Sysmon/Operational,,,WinDev2309Eval,,,,,,,,,DWORD (0x01000000),13,887,SetValue,,,C:\Windows\system32\wevtutil.exe,,,0x8000000000000000,4,,,,,0,,,,,,,{f57bd86a-0689-6582-6003-000000000b00},10484,4296.0,,,,,,-,,,,,,,,,,,,,2023-12-19T21:09:29.5642720Z,,,HKLM\SOFTWARE\Microsoft\Windows\CurrentVersion\WINEVT\Channels\Microsoft-Windows-Windows Defender/Operational\MaxSize,,,,13,,10592,NT AUTHORITY\SYSTEM,S-1-5-18,09:29.5,2.0,"<Event xmlns=""http://schemas.microsoft.com/win/2004/08/events/event"">
  <System>
    <Provider Name=""Microsoft-Windows-Sysmon"" Guid=""{5770385f-c22a-43e0-bf4c-06f5698ffbd9}""/>
    <EventID>13</EventID>
    <Version>2</Version>
    <Level>4</Level>
    <Task>13</Task>
    <Opcode>0</Opcode>
    <Keywords>0x8000000000000000</Keywords>
    <TimeCreated SystemTime=""2023-12-19T21:09:29.5642720Z""/>
    <EventRecordID>887</EventRecordID>
    <Correlation/>
    <Execution ProcessID=""10484"" ThreadID=""10592""/>
    <Channel>Microsoft-Windows-Sysmon/Operational</Channel>
    <Computer>WinDev2309Eval</Computer>
    <Security UserID=""S-1-5-18""/>
  </System>
  <EventData>
    <Data Name=""RuleName"">-</Data>
    <Data Name=""EventType"">SetValue</Data>
    <Data Name=""UtcTime"">2023-12-19 21:09:29.550</Data>
    <Data Name=""ProcessGuid"">{f57bd86a-0689-6582-6003-000000000b00}</Data>
    <Data Name=""ProcessId"">4296</Data>
    <Data Name=""Image"">C:\Windows\system32\wevtutil.exe</Data>
    <Data Name=""TargetObject"">HKLM\SOFTWARE\Microsoft\Windows\CurrentVersion\WINEVT\Channels\Microsoft-Windows-Windows Defender/Operational\MaxSize</Data>
    <Data Name=""Details"">DWORD (0x01000000)</Data>
    <Data Name=""User"">NT AUTHORITY\SYSTEM</Data>
  </EventData>
</Event>
"
Microsoft-Windows-Sysmon/Operational,,,WinDev2309Eval,,,,,,,,,O:BAG:SYD:(A;;0xf0007;;;SY)(A;;0x7;;;BA)(A;;0x3;;;BO)(A;;0x5;;;SO)(A;;0x1;;;IU)(A;;0x3;;;SU)(A;;0x1;;;S-1-5-3)(A;;0x2;;;S-1-5-33)(A;;0x1;;;S-1-5-32-573),13,886,SetValue,,,C:\Windows\system32\wevtutil.exe,,,0x8000000000000000,4,,,,,0,,,,,,,{f57bd86a-0689-6582-6003-000000000b00},10484,4296.0,,,,,,-,,,,,,,,,,,,,2023-12-19T21:09:29.5642153Z,,,HKLM\SOFTWARE\Microsoft\Windows\CurrentVersion\WINEVT\Channels\Microsoft-Windows-Windows Defender/Operational\ChannelAccess,,,,13,,10592,NT AUTHORITY\SYSTEM,S-1-5-18,09:29.5,2.0,"<Event xmlns=""http://schemas.microsoft.com/win/2004/08/events/event"">
  <System>
    <Provider Name=""Microsoft-Windows-Sysmon"" Guid=""{5770385f-c22a-43e0-bf4c-06f5698ffbd9}""/>
    <EventID>13</EventID>
    <Version>2</Version>
    <Level>4</Level>
    <Task>13</Task>
    <Opcode>0</Opcode>
    <Keywords>0x8000000000000000</Keywords>
    <TimeCreated SystemTime=""2023-12-19T21:09:29.5642153Z""/>
    <EventRecordID>886</EventRecordID>
    <Correlation/>
    <Execution ProcessID=""10484"" ThreadID=""10592""/>
    <Channel>Microsoft-Windows-Sysmon/Operational</Channel>
    <Computer>WinDev2309Eval</Computer>
    <Security UserID=""S-1-5-18""/>
  </System>
  <EventData>
    <Data Name=""RuleName"">-</Data>
    <Data Name=""EventType"">SetValue</Data>
    <Data Name=""UtcTime"">2023-12-19 21:09:29.550</Data>
    <Data Name=""ProcessGuid"">{f57bd86a-0689-6582-6003-000000000b00}</Data>
    <Data Name=""ProcessId"">4296</Data>
    <Data Name=""Image"">C:\Windows\system32\wevtutil.exe</Data>
    <Data Name=""TargetObject"">HKLM\SOFTWARE\Microsoft\Windows\CurrentVersion\WINEVT\Channels\Microsoft-Windows-Windows Defender/Operational\ChannelAccess</Data>
    <Data Name=""Details"">O:BAG:SYD:(A;;0xf0007;;;SY)(A;;0x7;;;BA)(A;;0x3;;;BO)(A;;0x5;;;SO)(A;;0x1;;;IU)(A;;0x3;;;SU)(A;;0x1;;;S-1-5-3)(A;;0x2;;;S-1-5-33)(A;;0x1;;;S-1-5-32-573)</Data>
    <Data Name=""User"">NT AUTHORITY\SYSTEM</Data>
  </EventData>
</Event>
"
Microsoft-Windows-Sysmon/Operational,,,WinDev2309Eval,,,,,,,,,DWORD (0x00000001),13,885,SetValue,,,C:\Windows\system32\wevtutil.exe,,,0x8000000000000000,4,,,,,0,,,,,,,{f57bd86a-0689-6582-6003-000000000b00},10484,4296.0,,,,,,-,,,,,,,,,,,,,2023-12-19T21:09:29.5641568Z,,,HKLM\SOFTWARE\Microsoft\Windows\CurrentVersion\WINEVT\Channels\Microsoft-Windows-Windows Defender/Operational\Isolation,,,,13,,10592,NT AUTHORITY\SYSTEM,S-1-5-18,09:29.5,2.0,"<Event xmlns=""http://schemas.microsoft.com/win/2004/08/events/event"">
  <System>
    <Provider Name=""Microsoft-Windows-Sysmon"" Guid=""{5770385f-c22a-43e0-bf4c-06f5698ffbd9}""/>
    <EventID>13</EventID>
    <Version>2</Version>
    <Level>4</Level>
    <Task>13</Task>
    <Opcode>0</Opcode>
    <Keywords>0x8000000000000000</Keywords>
    <TimeCreated SystemTime=""2023-12-19T21:09:29.5641568Z""/>
    <EventRecordID>885</EventRecordID>
    <Correlation/>
    <Execution ProcessID=""10484"" ThreadID=""10592""/>
    <Channel>Microsoft-Windows-Sysmon/Operational</Channel>
    <Computer>WinDev2309Eval</Computer>
    <Security UserID=""S-1-5-18""/>
  </System>
  <EventData>
    <Data Name=""RuleName"">-</Data>
    <Data Name=""EventType"">SetValue</Data>
    <Data Name=""UtcTime"">2023-12-19 21:09:29.550</Data>
    <Data Name=""ProcessGuid"">{f57bd86a-0689-6582-6003-000000000b00}</Data>
    <Data Name=""ProcessId"">4296</Data>
    <Data Name=""Image"">C:\Windows\system32\wevtutil.exe</Data>
    <Data Name=""TargetObject"">HKLM\SOFTWARE\Microsoft\Windows\CurrentVersion\WINEVT\Channels\Microsoft-Windows-Windows Defender/Operational\Isolation</Data>
    <Data Name=""Details"">DWORD (0x00000001)</Data>
    <Data Name=""User"">NT AUTHORITY\SYSTEM</Data>
  </EventData>
</Event>
"
Microsoft-Windows-Sysmon/Operational,,,WinDev2309Eval,,,,,,,,,DWORD (0x00000001),13,884,SetValue,,,C:\Windows\system32\wevtutil.exe,,,0x8000000000000000,4,,,,,0,,,,,,,{f57bd86a-0689-6582-6003-000000000b00},10484,4296.0,,,,,,-,,,,,,,,,,,,,2023-12-19T21:09:29.5640995Z,,,HKLM\SOFTWARE\Microsoft\Windows\CurrentVersion\WINEVT\Channels\Microsoft-Windows-Windows Defender/Operational\Enabled,,,,13,,10592,NT AUTHORITY\SYSTEM,S-1-5-18,09:29.5,2.0,"<Event xmlns=""http://schemas.microsoft.com/win/2004/08/events/event"">
  <System>
    <Provider Name=""Microsoft-Windows-Sysmon"" Guid=""{5770385f-c22a-43e0-bf4c-06f5698ffbd9}""/>
    <EventID>13</EventID>
    <Version>2</Version>
    <Level>4</Level>
    <Task>13</Task>
    <Opcode>0</Opcode>
    <Keywords>0x8000000000000000</Keywords>
    <TimeCreated SystemTime=""2023-12-19T21:09:29.5640995Z""/>
    <EventRecordID>884</EventRecordID>
    <Correlation/>
    <Execution ProcessID=""10484"" ThreadID=""10592""/>
    <Channel>Microsoft-Windows-Sysmon/Operational</Channel>
    <Computer>WinDev2309Eval</Computer>
    <Security UserID=""S-1-5-18""/>
  </System>
  <EventData>
    <Data Name=""RuleName"">-</Data>
    <Data Name=""EventType"">SetValue</Data>
    <Data Name=""UtcTime"">2023-12-19 21:09:29.550</Data>
    <Data Name=""ProcessGuid"">{f57bd86a-0689-6582-6003-000000000b00}</Data>
    <Data Name=""ProcessId"">4296</Data>
    <Data Name=""Image"">C:\Windows\system32\wevtutil.exe</Data>
    <Data Name=""TargetObject"">HKLM\SOFTWARE\Microsoft\Windows\CurrentVersion\WINEVT\Channels\Microsoft-Windows-Windows Defender/Operational\Enabled</Data>
    <Data Name=""Details"">DWORD (0x00000001)</Data>
    <Data Name=""User"">NT AUTHORITY\SYSTEM</Data>
  </EventData>
</Event>
"
Microsoft-Windows-Sysmon/Operational,,,WinDev2309Eval,,,,,,,,,{11cd958a-c507-4ef3-b3f2-5fd9dfbd2c78},13,883,SetValue,,,C:\Windows\system32\wevtutil.exe,,,0x8000000000000000,4,,,,,0,,,,,,,{f57bd86a-0689-6582-6003-000000000b00},10484,4296.0,,,,,,-,,,,,,,,,,,,,2023-12-19T21:09:29.5640322Z,,,HKLM\SOFTWARE\Microsoft\Windows\CurrentVersion\WINEVT\Channels\Microsoft-Windows-Windows Defender/Operational\OwningPublisher,,,,13,,10592,NT AUTHORITY\SYSTEM,S-1-5-18,09:29.5,2.0,"<Event xmlns=""http://schemas.microsoft.com/win/2004/08/events/event"">
  <System>
    <Provider Name=""Microsoft-Windows-Sysmon"" Guid=""{5770385f-c22a-43e0-bf4c-06f5698ffbd9}""/>
    <EventID>13</EventID>
    <Version>2</Version>
    <Level>4</Level>
    <Task>13</Task>
    <Opcode>0</Opcode>
    <Keywords>0x8000000000000000</Keywords>
    <TimeCreated SystemTime=""2023-12-19T21:09:29.5640322Z""/>
    <EventRecordID>883</EventRecordID>
    <Correlation/>
    <Execution ProcessID=""10484"" ThreadID=""10592""/>
    <Channel>Microsoft-Windows-Sysmon/Operational</Channel>
    <Computer>WinDev2309Eval</Computer>
    <Security UserID=""S-1-5-18""/>
  </System>
  <EventData>
    <Data Name=""RuleName"">-</Data>
    <Data Name=""EventType"">SetValue</Data>
    <Data Name=""UtcTime"">2023-12-19 21:09:29.550</Data>
    <Data Name=""ProcessGuid"">{f57bd86a-0689-6582-6003-000000000b00}</Data>
    <Data Name=""ProcessId"">4296</Data>
    <Data Name=""Image"">C:\Windows\system32\wevtutil.exe</Data>
    <Data Name=""TargetObject"">HKLM\SOFTWARE\Microsoft\Windows\CurrentVersion\WINEVT\Channels\Microsoft-Windows-Windows Defender/Operational\OwningPublisher</Data>
    <Data Name=""Details"">{11cd958a-c507-4ef3-b3f2-5fd9dfbd2c78}</Data>
    <Data Name=""User"">NT AUTHORITY\SYSTEM</Data>
  </EventData>
</Event>
"
Microsoft-Windows-Sysmon/Operational,"C:\Windows\system32\wevtutil.exe install-manifest ""C:\ProgramData\Microsoft\Windows Defender\Platform\4.18.23110.3-0\Microsoft-Windows-Windows Defender.man"" ""/resourceFilePath:C:\ProgramData\Microsoft\Windows Defender\Platform\4.18.23110.3-0\MpEvMsg.dll"" ""/messageFilePath:C:\ProgramData\Microsoft\Windows Defender\Platform\4.18.23110.3-0\MpEvMsg.dll"" ""/parameterFilePath:C:\ProgramData\Microsoft\Windows Defender\Platform\4.18.23110.3-0\MpEvMsg.dll""",Microsoft Corporation,WinDev2309Eval,,C:\Windows\system32\,Windows Event Log Utility,,,,,,,1,882,,10.0.22621.1778 (WinBuild.160101.0800),"MD5=DFE4A9613993ECAFE6B38DEFE8D495F2,SHA256=3635324AA002EBB7FD99D50E63ACDAC0C34E831A7F35E7B33F37854557538588,IMPHASH=92CA71320A49850E970004A94EA5D695",C:\Windows\System32\wevtutil.exe,,System,0x8000000000000000,4,{f57bd86a-db68-6581-e703-000000000000},0x3e7,,,0,wevtutil.exe,"""C:\ProgramData\Microsoft\Windows Defender\Platform\4.18.23110.3-0\MsMpEng.exe""",C:\ProgramData\Microsoft\Windows Defender\Platform\4.18.23110.3-0\MsMpEng.exe,{f57bd86a-0688-6582-5903-000000000b00},5000.0,NT AUTHORITY\SYSTEM,{f57bd86a-0689-6582-6003-000000000b00},10484,4296.0,Microsoft® Windows® Operating System,,,,,-,,,,,,,,,,,,,2023-12-19T21:09:29.4733884Z,,,,,,,1,0.0,10592,NT AUTHORITY\SYSTEM,S-1-5-18,09:29.5,5.0,"<Event xmlns=""http://schemas.microsoft.com/win/2004/08/events/event"">
  <System>
    <Provider Name=""Microsoft-Windows-Sysmon"" Guid=""{5770385f-c22a-43e0-bf4c-06f5698ffbd9}""/>
    <EventID>1</EventID>
    <Version>5</Version>
    <Level>4</Level>
    <Task>1</Task>
    <Opcode>0</Opcode>
    <Keywords>0x8000000000000000</Keywords>
    <TimeCreated SystemTime=""2023-12-19T21:09:29.4733884Z""/>
    <EventRecordID>882</EventRecordID>
    <Correlation/>
    <Execution ProcessID=""10484"" ThreadID=""10592""/>
    <Channel>Microsoft-Windows-Sysmon/Operational</Channel>
    <Computer>WinDev2309Eval</Computer>
    <Security UserID=""S-1-5-18""/>
  </System>
  <EventData>
    <Data Name=""RuleName"">-</Data>
    <Data Name=""UtcTime"">2023-12-19 21:09:29.472</Data>
    <Data Name=""ProcessGuid"">{f57bd86a-0689-6582-6003-000000000b00}</Data>
    <Data Name=""ProcessId"">4296</Data>
    <Data Name=""Image"">C:\Windows\System32\wevtutil.exe</Data>
    <Data Name=""FileVersion"">10.0.22621.1778 (WinBuild.160101.0800)</Data>
    <Data Name=""Description"">Windows Event Log Utility</Data>
    <Data Name=""Product"">Microsoft&#174; Windows&#174; Operating System</Data>
    <Data Name=""Company"">Microsoft Corporation</Data>
    <Data Name=""OriginalFileName"">wevtutil.exe</Data>
    <Data Name=""CommandLine"">C:\Windows\system32\wevtutil.exe install-manifest ""C:\ProgramData\Microsoft\Windows Defender\Platform\4.18.23110.3-0\Microsoft-Windows-Windows Defender.man"" ""/resourceFilePath:C:\ProgramData\Microsoft\Windows Defender\Platform\4.18.23110.3-0\MpEvMsg.dll"" ""/messageFilePath:C:\ProgramData\Microsoft\Windows Defender\Platform\4.18.23110.3-0\MpEvMsg.dll"" ""/parameterFilePath:C:\ProgramData\Microsoft\Windows Defender\Platform\4.18.23110.3-0\MpEvMsg.dll""</Data>
    <Data Name=""CurrentDirectory"">C:\Windows\system32\</Data>
    <Data Name=""User"">NT AUTHORITY\SYSTEM</Data>
    <Data Name=""LogonGuid"">{f57bd86a-db68-6581-e703-000000000000}</Data>
    <Data Name=""LogonId"">0x3e7</Data>
    <Data Name=""TerminalSessionId"">0</Data>
    <Data Name=""IntegrityLevel"">System</Data>
    <Data Name=""Hashes"">MD5=DFE4A9613993ECAFE6B38DEFE8D495F2,SHA256=3635324AA002EBB7FD99D50E63ACDAC0C34E831A7F35E7B33F37854557538588,IMPHASH=92CA71320A49850E970004A94EA5D695</Data>
    <Data Name=""ParentProcessGuid"">{f57bd86a-0688-6582-5903-000000000b00}</Data>
    <Data Name=""ParentProcessId"">5000</Data>
    <Data Name=""ParentImage"">C:\ProgramData\Microsoft\Windows Defender\Platform\4.18.23110.3-0\MsMpEng.exe</Data>
    <Data Name=""ParentCommandLine"">""C:\ProgramData\Microsoft\Windows Defender\Platform\4.18.23110.3-0\MsMpEng.exe""</Data>
    <Data Name=""ParentUser"">NT AUTHORITY\SYSTEM</Data>
  </EventData>
</Event>
"
Microsoft-Windows-Sysmon/Operational,,,WinDev2309Eval,,,,,,,,,,12,881,DeleteKey,,,C:\Windows\system32\wevtutil.exe,,,0x8000000000000000,4,,,,,0,,,,,,,{f57bd86a-0689-6582-5e03-000000000b00},10484,9552.0,,,,,,-,,,,,,,,,,,,,2023-12-19T21:09:29.4594457Z,,,HKLM\SOFTWARE\Microsoft\Windows\CurrentVersion\WINEVT\Channels\Microsoft-Windows-Windows Defender/WHC,,,,12,,10592,NT AUTHORITY\SYSTEM,S-1-5-18,09:29.5,2.0,"<Event xmlns=""http://schemas.microsoft.com/win/2004/08/events/event"">
  <System>
    <Provider Name=""Microsoft-Windows-Sysmon"" Guid=""{5770385f-c22a-43e0-bf4c-06f5698ffbd9}""/>
    <EventID>12</EventID>
    <Version>2</Version>
    <Level>4</Level>
    <Task>12</Task>
    <Opcode>0</Opcode>
    <Keywords>0x8000000000000000</Keywords>
    <TimeCreated SystemTime=""2023-12-19T21:09:29.4594457Z""/>
    <EventRecordID>881</EventRecordID>
    <Correlation/>
    <Execution ProcessID=""10484"" ThreadID=""10592""/>
    <Channel>Microsoft-Windows-Sysmon/Operational</Channel>
    <Computer>WinDev2309Eval</Computer>
    <Security UserID=""S-1-5-18""/>
  </System>
  <EventData>
    <Data Name=""RuleName"">-</Data>
    <Data Name=""EventType"">DeleteKey</Data>
    <Data Name=""UtcTime"">2023-12-19 21:09:29.456</Data>
    <Data Name=""ProcessGuid"">{f57bd86a-0689-6582-5e03-000000000b00}</Data>
    <Data Name=""ProcessId"">9552</Data>
    <Data Name=""Image"">C:\Windows\system32\wevtutil.exe</Data>
    <Data Name=""TargetObject"">HKLM\SOFTWARE\Microsoft\Windows\CurrentVersion\WINEVT\Channels\Microsoft-Windows-Windows Defender/WHC</Data>
    <Data Name=""User"">NT AUTHORITY\SYSTEM</Data>
  </EventData>
</Event>
"
Microsoft-Windows-Sysmon/Operational,,,WinDev2309Eval,,,,,,,,,,12,880,DeleteKey,,,C:\Windows\system32\wevtutil.exe,,,0x8000000000000000,4,,,,,0,,,,,,,{f57bd86a-0689-6582-5e03-000000000b00},10484,9552.0,,,,,,-,,,,,,,,,,,,,2023-12-19T21:09:29.4301104Z,,,HKLM\SOFTWARE\Microsoft\Windows\CurrentVersion\WINEVT\Channels\Microsoft-Windows-Windows Defender/Operational,,,,12,,10592,NT AUTHORITY\SYSTEM,S-1-5-18,09:29.4,2.0,"<Event xmlns=""http://schemas.microsoft.com/win/2004/08/events/event"">
  <System>
    <Provider Name=""Microsoft-Windows-Sysmon"" Guid=""{5770385f-c22a-43e0-bf4c-06f5698ffbd9}""/>
    <EventID>12</EventID>
    <Version>2</Version>
    <Level>4</Level>
    <Task>12</Task>
    <Opcode>0</Opcode>
    <Keywords>0x8000000000000000</Keywords>
    <TimeCreated SystemTime=""2023-12-19T21:09:29.4301104Z""/>
    <EventRecordID>880</EventRecordID>
    <Correlation/>
    <Execution ProcessID=""10484"" ThreadID=""10592""/>
    <Channel>Microsoft-Windows-Sysmon/Operational</Channel>
    <Computer>WinDev2309Eval</Computer>
    <Security UserID=""S-1-5-18""/>
  </System>
  <EventData>
    <Data Name=""RuleName"">-</Data>
    <Data Name=""EventType"">DeleteKey</Data>
    <Data Name=""UtcTime"">2023-12-19 21:09:29.424</Data>
    <Data Name=""ProcessGuid"">{f57bd86a-0689-6582-5e03-000000000b00}</Data>
    <Data Name=""ProcessId"">9552</Data>
    <Data Name=""Image"">C:\Windows\system32\wevtutil.exe</Data>
    <Data Name=""TargetObject"">HKLM\SOFTWARE\Microsoft\Windows\CurrentVersion\WINEVT\Channels\Microsoft-Windows-Windows Defender/Operational</Data>
    <Data Name=""User"">NT AUTHORITY\SYSTEM</Data>
  </EventData>
</Event>
"
Microsoft-Windows-Sysmon/Operational,"C:\Windows\system32\wevtutil.exe uninstall-manifest ""C:\ProgramData\Microsoft\Windows Defender\Platform\4.18.23110.3-0\Microsoft-Windows-Windows Defender.man""",Microsoft Corporation,WinDev2309Eval,,C:\Windows\system32\,Windows Event Log Utility,,,,,,,1,879,,10.0.22621.1778 (WinBuild.160101.0800),"MD5=DFE4A9613993ECAFE6B38DEFE8D495F2,SHA256=3635324AA002EBB7FD99D50E63ACDAC0C34E831A7F35E7B33F37854557538588,IMPHASH=92CA71320A49850E970004A94EA5D695",C:\Windows\System32\wevtutil.exe,,System,0x8000000000000000,4,{f57bd86a-db68-6581-e703-000000000000},0x3e7,,,0,wevtutil.exe,"""C:\ProgramData\Microsoft\Windows Defender\Platform\4.18.23110.3-0\MsMpEng.exe""",C:\ProgramData\Microsoft\Windows Defender\Platform\4.18.23110.3-0\MsMpEng.exe,{f57bd86a-0688-6582-5903-000000000b00},5000.0,NT AUTHORITY\SYSTEM,{f57bd86a-0689-6582-5e03-000000000b00},10484,9552.0,Microsoft® Windows® Operating System,,,,,-,,,,,,,,,,,,,2023-12-19T21:09:29.3179257Z,,,,,,,1,0.0,10592,NT AUTHORITY\SYSTEM,S-1-5-18,09:29.3,5.0,"<Event xmlns=""http://schemas.microsoft.com/win/2004/08/events/event"">
  <System>
    <Provider Name=""Microsoft-Windows-Sysmon"" Guid=""{5770385f-c22a-43e0-bf4c-06f5698ffbd9}""/>
    <EventID>1</EventID>
    <Version>5</Version>
    <Level>4</Level>
    <Task>1</Task>
    <Opcode>0</Opcode>
    <Keywords>0x8000000000000000</Keywords>
    <TimeCreated SystemTime=""2023-12-19T21:09:29.3179257Z""/>
    <EventRecordID>879</EventRecordID>
    <Correlation/>
    <Execution ProcessID=""10484"" ThreadID=""10592""/>
    <Channel>Microsoft-Windows-Sysmon/Operational</Channel>
    <Computer>WinDev2309Eval</Computer>
    <Security UserID=""S-1-5-18""/>
  </System>
  <EventData>
    <Data Name=""RuleName"">-</Data>
    <Data Name=""UtcTime"">2023-12-19 21:09:29.317</Data>
    <Data Name=""ProcessGuid"">{f57bd86a-0689-6582-5e03-000000000b00}</Data>
    <Data Name=""ProcessId"">9552</Data>
    <Data Name=""Image"">C:\Windows\System32\wevtutil.exe</Data>
    <Data Name=""FileVersion"">10.0.22621.1778 (WinBuild.160101.0800)</Data>
    <Data Name=""Description"">Windows Event Log Utility</Data>
    <Data Name=""Product"">Microsoft&#174; Windows&#174; Operating System</Data>
    <Data Name=""Company"">Microsoft Corporation</Data>
    <Data Name=""OriginalFileName"">wevtutil.exe</Data>
    <Data Name=""CommandLine"">C:\Windows\system32\wevtutil.exe uninstall-manifest ""C:\ProgramData\Microsoft\Windows Defender\Platform\4.18.23110.3-0\Microsoft-Windows-Windows Defender.man""</Data>
    <Data Name=""CurrentDirectory"">C:\Windows\system32\</Data>
    <Data Name=""User"">NT AUTHORITY\SYSTEM</Data>
    <Data Name=""LogonGuid"">{f57bd86a-db68-6581-e703-000000000000}</Data>
    <Data Name=""LogonId"">0x3e7</Data>
    <Data Name=""TerminalSessionId"">0</Data>
    <Data Name=""IntegrityLevel"">System</Data>
    <Data Name=""Hashes"">MD5=DFE4A9613993ECAFE6B38DEFE8D495F2,SHA256=3635324AA002EBB7FD99D50E63ACDAC0C34E831A7F35E7B33F37854557538588,IMPHASH=92CA71320A49850E970004A94EA5D695</Data>
    <Data Name=""ParentProcessGuid"">{f57bd86a-0688-6582-5903-000000000b00}</Data>
    <Data Name=""ParentProcessId"">5000</Data>
    <Data Name=""ParentImage"">C:\ProgramData\Microsoft\Windows Defender\Platform\4.18.23110.3-0\MsMpEng.exe</Data>
    <Data Name=""ParentCommandLine"">""C:\ProgramData\Microsoft\Windows Defender\Platform\4.18.23110.3-0\MsMpEng.exe""</Data>
    <Data Name=""ParentUser"">NT AUTHORITY\SYSTEM</Data>
  </EventData>
</Event>
"
Microsoft-Windows-Sysmon/Operational,"C:\Windows\system32\wevtutil.exe install-manifest ""C:\ProgramData\Microsoft\Windows Defender\Platform\4.18.23110.3-0\Microsoft-Antimalware-AMFilter.man"" ""/resourceFilePath:C:\ProgramData\Microsoft\Windows Defender\Platform\4.18.23110.3-0\Drivers\WdFilter.sys"" ""/messageFilePath:C:\ProgramData\Microsoft\Windows Defender\Platform\4.18.23110.3-0\Drivers\WdFilter.sys"" ""/parameterFilePath:C:\ProgramData\Microsoft\Windows Defender\Platform\4.18.23110.3-0\Drivers\WdFilter.sys""",Microsoft Corporation,WinDev2309Eval,,C:\Windows\system32\,Windows Event Log Utility,,,,,,,1,878,,10.0.22621.1778 (WinBuild.160101.0800),"MD5=DFE4A9613993ECAFE6B38DEFE8D495F2,SHA256=3635324AA002EBB7FD99D50E63ACDAC0C34E831A7F35E7B33F37854557538588,IMPHASH=92CA71320A49850E970004A94EA5D695",C:\Windows\System32\wevtutil.exe,,System,0x8000000000000000,4,{f57bd86a-db68-6581-e703-000000000000},0x3e7,,,0,wevtutil.exe,"""C:\ProgramData\Microsoft\Windows Defender\Platform\4.18.23110.3-0\MsMpEng.exe""",C:\ProgramData\Microsoft\Windows Defender\Platform\4.18.23110.3-0\MsMpEng.exe,{f57bd86a-0688-6582-5903-000000000b00},5000.0,NT AUTHORITY\SYSTEM,{f57bd86a-0689-6582-5c03-000000000b00},10484,4236.0,Microsoft® Windows® Operating System,,,,,-,,,,,,,,,,,,,2023-12-19T21:09:29.2353892Z,,,,,,,1,0.0,10592,NT AUTHORITY\SYSTEM,S-1-5-18,09:29.2,5.0,"<Event xmlns=""http://schemas.microsoft.com/win/2004/08/events/event"">
  <System>
    <Provider Name=""Microsoft-Windows-Sysmon"" Guid=""{5770385f-c22a-43e0-bf4c-06f5698ffbd9}""/>
    <EventID>1</EventID>
    <Version>5</Version>
    <Level>4</Level>
    <Task>1</Task>
    <Opcode>0</Opcode>
    <Keywords>0x8000000000000000</Keywords>
    <TimeCreated SystemTime=""2023-12-19T21:09:29.2353892Z""/>
    <EventRecordID>878</EventRecordID>
    <Correlation/>
    <Execution ProcessID=""10484"" ThreadID=""10592""/>
    <Channel>Microsoft-Windows-Sysmon/Operational</Channel>
    <Computer>WinDev2309Eval</Computer>
    <Security UserID=""S-1-5-18""/>
  </System>
  <EventData>
    <Data Name=""RuleName"">-</Data>
    <Data Name=""UtcTime"">2023-12-19 21:09:29.234</Data>
    <Data Name=""ProcessGuid"">{f57bd86a-0689-6582-5c03-000000000b00}</Data>
    <Data Name=""ProcessId"">4236</Data>
    <Data Name=""Image"">C:\Windows\System32\wevtutil.exe</Data>
    <Data Name=""FileVersion"">10.0.22621.1778 (WinBuild.160101.0800)</Data>
    <Data Name=""Description"">Windows Event Log Utility</Data>
    <Data Name=""Product"">Microsoft&#174; Windows&#174; Operating System</Data>
    <Data Name=""Company"">Microsoft Corporation</Data>
    <Data Name=""OriginalFileName"">wevtutil.exe</Data>
    <Data Name=""CommandLine"">C:\Windows\system32\wevtutil.exe install-manifest ""C:\ProgramData\Microsoft\Windows Defender\Platform\4.18.23110.3-0\Microsoft-Antimalware-AMFilter.man"" ""/resourceFilePath:C:\ProgramData\Microsoft\Windows Defender\Platform\4.18.23110.3-0\Drivers\WdFilter.sys"" ""/messageFilePath:C:\ProgramData\Microsoft\Windows Defender\Platform\4.18.23110.3-0\Drivers\WdFilter.sys"" ""/parameterFilePath:C:\ProgramData\Microsoft\Windows Defender\Platform\4.18.23110.3-0\Drivers\WdFilter.sys""</Data>
    <Data Name=""CurrentDirectory"">C:\Windows\system32\</Data>
    <Data Name=""User"">NT AUTHORITY\SYSTEM</Data>
    <Data Name=""LogonGuid"">{f57bd86a-db68-6581-e703-000000000000}</Data>
    <Data Name=""LogonId"">0x3e7</Data>
    <Data Name=""TerminalSessionId"">0</Data>
    <Data Name=""IntegrityLevel"">System</Data>
    <Data Name=""Hashes"">MD5=DFE4A9613993ECAFE6B38DEFE8D495F2,SHA256=3635324AA002EBB7FD99D50E63ACDAC0C34E831A7F35E7B33F37854557538588,IMPHASH=92CA71320A49850E970004A94EA5D695</Data>
    <Data Name=""ParentProcessGuid"">{f57bd86a-0688-6582-5903-000000000b00}</Data>
    <Data Name=""ParentProcessId"">5000</Data>
    <Data Name=""ParentImage"">C:\ProgramData\Microsoft\Windows Defender\Platform\4.18.23110.3-0\MsMpEng.exe</Data>
    <Data Name=""ParentCommandLine"">""C:\ProgramData\Microsoft\Windows Defender\Platform\4.18.23110.3-0\MsMpEng.exe""</Data>
    <Data Name=""ParentUser"">NT AUTHORITY\SYSTEM</Data>
  </EventData>
</Event>
"
Microsoft-Windows-Sysmon/Operational,"C:\Windows\system32\wevtutil.exe uninstall-manifest ""C:\ProgramData\Microsoft\Windows Defender\Platform\4.18.23110.3-0\Microsoft-Antimalware-AMFilter.man""",Microsoft Corporation,WinDev2309Eval,,C:\Windows\system32\,Windows Event Log Utility,,,,,,,1,877,,10.0.22621.1778 (WinBuild.160101.0800),"MD5=DFE4A9613993ECAFE6B38DEFE8D495F2,SHA256=3635324AA002EBB7FD99D50E63ACDAC0C34E831A7F35E7B33F37854557538588,IMPHASH=92CA71320A49850E970004A94EA5D695",C:\Windows\System32\wevtutil.exe,,System,0x8000000000000000,4,{f57bd86a-db68-6581-e703-000000000000},0x3e7,,,0,wevtutil.exe,"""C:\ProgramData\Microsoft\Windows Defender\Platform\4.18.23110.3-0\MsMpEng.exe""",C:\ProgramData\Microsoft\Windows Defender\Platform\4.18.23110.3-0\MsMpEng.exe,{f57bd86a-0688-6582-5903-000000000b00},5000.0,NT AUTHORITY\SYSTEM,{f57bd86a-0689-6582-5a03-000000000b00},10484,2812.0,Microsoft® Windows® Operating System,,,,,-,,,,,,,,,,,,,2023-12-19T21:09:29.0698497Z,,,,,,,1,0.0,10592,NT AUTHORITY\SYSTEM,S-1-5-18,09:29.1,5.0,"<Event xmlns=""http://schemas.microsoft.com/win/2004/08/events/event"">
  <System>
    <Provider Name=""Microsoft-Windows-Sysmon"" Guid=""{5770385f-c22a-43e0-bf4c-06f5698ffbd9}""/>
    <EventID>1</EventID>
    <Version>5</Version>
    <Level>4</Level>
    <Task>1</Task>
    <Opcode>0</Opcode>
    <Keywords>0x8000000000000000</Keywords>
    <TimeCreated SystemTime=""2023-12-19T21:09:29.0698497Z""/>
    <EventRecordID>877</EventRecordID>
    <Correlation/>
    <Execution ProcessID=""10484"" ThreadID=""10592""/>
    <Channel>Microsoft-Windows-Sysmon/Operational</Channel>
    <Computer>WinDev2309Eval</Computer>
    <Security UserID=""S-1-5-18""/>
  </System>
  <EventData>
    <Data Name=""RuleName"">-</Data>
    <Data Name=""UtcTime"">2023-12-19 21:09:29.068</Data>
    <Data Name=""ProcessGuid"">{f57bd86a-0689-6582-5a03-000000000b00}</Data>
    <Data Name=""ProcessId"">2812</Data>
    <Data Name=""Image"">C:\Windows\System32\wevtutil.exe</Data>
    <Data Name=""FileVersion"">10.0.22621.1778 (WinBuild.160101.0800)</Data>
    <Data Name=""Description"">Windows Event Log Utility</Data>
    <Data Name=""Product"">Microsoft&#174; Windows&#174; Operating System</Data>
    <Data Name=""Company"">Microsoft Corporation</Data>
    <Data Name=""OriginalFileName"">wevtutil.exe</Data>
    <Data Name=""CommandLine"">C:\Windows\system32\wevtutil.exe uninstall-manifest ""C:\ProgramData\Microsoft\Windows Defender\Platform\4.18.23110.3-0\Microsoft-Antimalware-AMFilter.man""</Data>
    <Data Name=""CurrentDirectory"">C:\Windows\system32\</Data>
    <Data Name=""User"">NT AUTHORITY\SYSTEM</Data>
    <Data Name=""LogonGuid"">{f57bd86a-db68-6581-e703-000000000000}</Data>
    <Data Name=""LogonId"">0x3e7</Data>
    <Data Name=""TerminalSessionId"">0</Data>
    <Data Name=""IntegrityLevel"">System</Data>
    <Data Name=""Hashes"">MD5=DFE4A9613993ECAFE6B38DEFE8D495F2,SHA256=3635324AA002EBB7FD99D50E63ACDAC0C34E831A7F35E7B33F37854557538588,IMPHASH=92CA71320A49850E970004A94EA5D695</Data>
    <Data Name=""ParentProcessGuid"">{f57bd86a-0688-6582-5903-000000000b00}</Data>
    <Data Name=""ParentProcessId"">5000</Data>
    <Data Name=""ParentImage"">C:\ProgramData\Microsoft\Windows Defender\Platform\4.18.23110.3-0\MsMpEng.exe</Data>
    <Data Name=""ParentCommandLine"">""C:\ProgramData\Microsoft\Windows Defender\Platform\4.18.23110.3-0\MsMpEng.exe""</Data>
    <Data Name=""ParentUser"">NT AUTHORITY\SYSTEM</Data>
  </EventData>
</Event>
"
Microsoft-Windows-Sysmon/Operational,"""C:\ProgramData\Microsoft\Windows Defender\Platform\4.18.23110.3-0\MsMpEng.exe""",Microsoft Corporation,WinDev2309Eval,,C:\Windows\system32\,Antimalware Service Executable,,,,,,,1,876,,4.18.23110.3 (9ebb3643d539a6fc4659898b1df3124d5da4c0a9),"MD5=6EB45E2626F7D47CB0F491A1F2EF7E3E,SHA256=7ACD545AFEE1C8C9210B4BB6AA73D93B35D6AAD2E330EC94BBCD2732DC8008C0,IMPHASH=F189C7B818D0AA5FF3015F856E3C3A13",C:\ProgramData\Microsoft\Windows Defender\Platform\4.18.23110.3-0\MsMpEng.exe,,System,0x8000000000000000,4,{f57bd86a-db68-6581-e703-000000000000},0x3e7,,,0,MsMpEng.exe,C:\Windows\system32\services.exe,C:\Windows\System32\services.exe,{f57bd86a-db68-6581-0b00-000000000b00},796.0,NT AUTHORITY\SYSTEM,{f57bd86a-0688-6582-5903-000000000b00},10484,5000.0,Microsoft® Windows® Operating System,,,,,-,,,,,,,,,,,,,2023-12-19T21:09:28.8804872Z,,,,,,,1,0.0,10592,NT AUTHORITY\SYSTEM,S-1-5-18,09:28.9,5.0,"<Event xmlns=""http://schemas.microsoft.com/win/2004/08/events/event"">
  <System>
    <Provider Name=""Microsoft-Windows-Sysmon"" Guid=""{5770385f-c22a-43e0-bf4c-06f5698ffbd9}""/>
    <EventID>1</EventID>
    <Version>5</Version>
    <Level>4</Level>
    <Task>1</Task>
    <Opcode>0</Opcode>
    <Keywords>0x8000000000000000</Keywords>
    <TimeCreated SystemTime=""2023-12-19T21:09:28.8804872Z""/>
    <EventRecordID>876</EventRecordID>
    <Correlation/>
    <Execution ProcessID=""10484"" ThreadID=""10592""/>
    <Channel>Microsoft-Windows-Sysmon/Operational</Channel>
    <Computer>WinDev2309Eval</Computer>
    <Security UserID=""S-1-5-18""/>
  </System>
  <EventData>
    <Data Name=""RuleName"">-</Data>
    <Data Name=""UtcTime"">2023-12-19 21:09:28.878</Data>
    <Data Name=""ProcessGuid"">{f57bd86a-0688-6582-5903-000000000b00}</Data>
    <Data Name=""ProcessId"">5000</Data>
    <Data Name=""Image"">C:\ProgramData\Microsoft\Windows Defender\Platform\4.18.23110.3-0\MsMpEng.exe</Data>
    <Data Name=""FileVersion"">4.18.23110.3 (9ebb3643d539a6fc4659898b1df3124d5da4c0a9)</Data>
    <Data Name=""Description"">Antimalware Service Executable</Data>
    <Data Name=""Product"">Microsoft&#174; Windows&#174; Operating System</Data>
    <Data Name=""Company"">Microsoft Corporation</Data>
    <Data Name=""OriginalFileName"">MsMpEng.exe</Data>
    <Data Name=""CommandLine"">""C:\ProgramData\Microsoft\Windows Defender\Platform\4.18.23110.3-0\MsMpEng.exe""</Data>
    <Data Name=""CurrentDirectory"">C:\Windows\system32\</Data>
    <Data Name=""User"">NT AUTHORITY\SYSTEM</Data>
    <Data Name=""LogonGuid"">{f57bd86a-db68-6581-e703-000000000000}</Data>
    <Data Name=""LogonId"">0x3e7</Data>
    <Data Name=""TerminalSessionId"">0</Data>
    <Data Name=""IntegrityLevel"">System</Data>
    <Data Name=""Hashes"">MD5=6EB45E2626F7D47CB0F491A1F2EF7E3E,SHA256=7ACD545AFEE1C8C9210B4BB6AA73D93B35D6AAD2E330EC94BBCD2732DC8008C0,IMPHASH=F189C7B818D0AA5FF3015F856E3C3A13</Data>
    <Data Name=""ParentProcessGuid"">{f57bd86a-db68-6581-0b00-000000000b00}</Data>
    <Data Name=""ParentProcessId"">796</Data>
    <Data Name=""ParentImage"">C:\Windows\System32\services.exe</Data>
    <Data Name=""ParentCommandLine"">C:\Windows\system32\services.exe</Data>
    <Data Name=""ParentUser"">NT AUTHORITY\SYSTEM</Data>
  </EventData>
</Event>
"
Microsoft-Windows-Sysmon/Operational,"""C:\ProgramData\Microsoft\Windows Defender\Platform\4.18.23080.2006-0\MpCmdRun.exe"" -RestartService",Microsoft Corporation,WinDev2309Eval,,C:\Windows\system32\,Microsoft Malware Protection Command Line Utility,,,,,,,1,875,,4.18.23080.2006 (04d8e871ffe7ba6b2204046883e1ad9b7a5989ce),"MD5=4DBD7A0D3DF01128C9966DE2072EFAC5,SHA256=04AA184A37C0C30DB3EBE16626364414E836C240FA2AC059E04407037E9B080F,IMPHASH=8AA0C0E61F2EE1898A0D0A413C238D40",C:\ProgramData\Microsoft\Windows Defender\Platform\4.18.23080.2006-0\MpCmdRun.exe,,System,0x8000000000000000,4,{f57bd86a-db68-6581-e703-000000000000},0x3e7,,,0,MpCmdRun.exe,"""C:\ProgramData\Microsoft\Windows Defender\Platform\4.18.23080.2006-0\MsMpEng.exe""",C:\ProgramData\Microsoft\Windows Defender\Platform\4.18.23080.2006-0\MsMpEng.exe,{f57bd86a-0685-6582-3a03-000000000b00},2560.0,NT AUTHORITY\SYSTEM,{f57bd86a-0688-6582-5703-000000000b00},10484,2340.0,Microsoft® Windows® Operating System,,,,,-,,,,,,,,,,,,,2023-12-19T21:09:28.8210821Z,,,,,,,1,0.0,10592,NT AUTHORITY\SYSTEM,S-1-5-18,09:28.8,5.0,"<Event xmlns=""http://schemas.microsoft.com/win/2004/08/events/event"">
  <System>
    <Provider Name=""Microsoft-Windows-Sysmon"" Guid=""{5770385f-c22a-43e0-bf4c-06f5698ffbd9}""/>
    <EventID>1</EventID>
    <Version>5</Version>
    <Level>4</Level>
    <Task>1</Task>
    <Opcode>0</Opcode>
    <Keywords>0x8000000000000000</Keywords>
    <TimeCreated SystemTime=""2023-12-19T21:09:28.8210821Z""/>
    <EventRecordID>875</EventRecordID>
    <Correlation/>
    <Execution ProcessID=""10484"" ThreadID=""10592""/>
    <Channel>Microsoft-Windows-Sysmon/Operational</Channel>
    <Computer>WinDev2309Eval</Computer>
    <Security UserID=""S-1-5-18""/>
  </System>
  <EventData>
    <Data Name=""RuleName"">-</Data>
    <Data Name=""UtcTime"">2023-12-19 21:09:28.820</Data>
    <Data Name=""ProcessGuid"">{f57bd86a-0688-6582-5703-000000000b00}</Data>
    <Data Name=""ProcessId"">2340</Data>
    <Data Name=""Image"">C:\ProgramData\Microsoft\Windows Defender\Platform\4.18.23080.2006-0\MpCmdRun.exe</Data>
    <Data Name=""FileVersion"">4.18.23080.2006 (04d8e871ffe7ba6b2204046883e1ad9b7a5989ce)</Data>
    <Data Name=""Description"">Microsoft Malware Protection Command Line Utility</Data>
    <Data Name=""Product"">Microsoft&#174; Windows&#174; Operating System</Data>
    <Data Name=""Company"">Microsoft Corporation</Data>
    <Data Name=""OriginalFileName"">MpCmdRun.exe</Data>
    <Data Name=""CommandLine"">""C:\ProgramData\Microsoft\Windows Defender\Platform\4.18.23080.2006-0\MpCmdRun.exe"" -RestartService</Data>
    <Data Name=""CurrentDirectory"">C:\Windows\system32\</Data>
    <Data Name=""User"">NT AUTHORITY\SYSTEM</Data>
    <Data Name=""LogonGuid"">{f57bd86a-db68-6581-e703-000000000000}</Data>
    <Data Name=""LogonId"">0x3e7</Data>
    <Data Name=""TerminalSessionId"">0</Data>
    <Data Name=""IntegrityLevel"">System</Data>
    <Data Name=""Hashes"">MD5=4DBD7A0D3DF01128C9966DE2072EFAC5,SHA256=04AA184A37C0C30DB3EBE16626364414E836C240FA2AC059E04407037E9B080F,IMPHASH=8AA0C0E61F2EE1898A0D0A413C238D40</Data>
    <Data Name=""ParentProcessGuid"">{f57bd86a-0685-6582-3a03-000000000b00}</Data>
    <Data Name=""ParentProcessId"">2560</Data>
    <Data Name=""ParentImage"">C:\ProgramData\Microsoft\Windows Defender\Platform\4.18.23080.2006-0\MsMpEng.exe</Data>
    <Data Name=""ParentCommandLine"">""C:\ProgramData\Microsoft\Windows Defender\Platform\4.18.23080.2006-0\MsMpEng.exe""</Data>
    <Data Name=""ParentUser"">NT AUTHORITY\SYSTEM</Data>
  </EventData>
</Event>
"
Microsoft-Windows-Sysmon/Operational,,,WinDev2309Eval,,,,,,,,,"""C:\ProgramData\Microsoft\Windows Defender\Platform\4.18.23110.3-0\MsMpEng.exe""",13,874,SetValue,,,C:\Windows\system32\services.exe,,,0x8000000000000000,4,,,,,0,,,,,,,{f57bd86a-db68-6581-0b00-000000000b00},10484,796.0,,,,,,"T1031,T1050",,,,,,,,,,,,,2023-12-19T21:09:28.8183397Z,,,HKLM\System\CurrentControlSet\Services\WinDefend\ImagePath,,,,13,,10592,NT AUTHORITY\SYSTEM,S-1-5-18,09:28.8,2.0,"<Event xmlns=""http://schemas.microsoft.com/win/2004/08/events/event"">
  <System>
    <Provider Name=""Microsoft-Windows-Sysmon"" Guid=""{5770385f-c22a-43e0-bf4c-06f5698ffbd9}""/>
    <EventID>13</EventID>
    <Version>2</Version>
    <Level>4</Level>
    <Task>13</Task>
    <Opcode>0</Opcode>
    <Keywords>0x8000000000000000</Keywords>
    <TimeCreated SystemTime=""2023-12-19T21:09:28.8183397Z""/>
    <EventRecordID>874</EventRecordID>
    <Correlation/>
    <Execution ProcessID=""10484"" ThreadID=""10592""/>
    <Channel>Microsoft-Windows-Sysmon/Operational</Channel>
    <Computer>WinDev2309Eval</Computer>
    <Security UserID=""S-1-5-18""/>
  </System>
  <EventData>
    <Data Name=""RuleName"">T1031,T1050</Data>
    <Data Name=""EventType"">SetValue</Data>
    <Data Name=""UtcTime"">2023-12-19 21:09:28.813</Data>
    <Data Name=""ProcessGuid"">{f57bd86a-db68-6581-0b00-000000000b00}</Data>
    <Data Name=""ProcessId"">796</Data>
    <Data Name=""Image"">C:\Windows\system32\services.exe</Data>
    <Data Name=""TargetObject"">HKLM\System\CurrentControlSet\Services\WinDefend\ImagePath</Data>
    <Data Name=""Details"">""C:\ProgramData\Microsoft\Windows Defender\Platform\4.18.23110.3-0\MsMpEng.exe""</Data>
    <Data Name=""User"">NT AUTHORITY\SYSTEM</Data>
  </EventData>
</Event>
"
Microsoft-Windows-Sysmon/Operational,"C:\Windows\system32\taskkill.exe /f /FI ""MODULES eq protectionmanagement.dll"" /IM WmiPrvSE.exe",Microsoft Corporation,WinDev2309Eval,,C:\Windows\system32\,Terminates Processes,,,,,,,1,873,,10.0.22621.1 (WinBuild.160101.0800),"MD5=050ED22BB515A81ED6FC73D042CE5DB4,SHA256=75F4AED9BF21D8F9B2B1A2DDBC1F2C7E4E0AEF8B3B94BD5EDA02D9D84C34F33F,IMPHASH=86AA9A65A9C8E606B1E09C96AE58BACC",C:\Windows\System32\taskkill.exe,,System,0x8000000000000000,4,{f57bd86a-db68-6581-e703-000000000000},0x3e7,,,0,taskkill.exe,"""C:\ProgramData\Microsoft\Windows Defender\Platform\4.18.23080.2006-0\MsMpEng.exe""",C:\ProgramData\Microsoft\Windows Defender\Platform\4.18.23080.2006-0\MsMpEng.exe,{f57bd86a-0685-6582-3a03-000000000b00},2560.0,NT AUTHORITY\SYSTEM,{f57bd86a-0688-6582-5503-000000000b00},10484,8476.0,Microsoft® Windows® Operating System,,,,,-,,,,,,,,,,,,,2023-12-19T21:09:28.7137911Z,,,,,,,1,0.0,10592,NT AUTHORITY\SYSTEM,S-1-5-18,09:28.7,5.0,"<Event xmlns=""http://schemas.microsoft.com/win/2004/08/events/event"">
  <System>
    <Provider Name=""Microsoft-Windows-Sysmon"" Guid=""{5770385f-c22a-43e0-bf4c-06f5698ffbd9}""/>
    <EventID>1</EventID>
    <Version>5</Version>
    <Level>4</Level>
    <Task>1</Task>
    <Opcode>0</Opcode>
    <Keywords>0x8000000000000000</Keywords>
    <TimeCreated SystemTime=""2023-12-19T21:09:28.7137911Z""/>
    <EventRecordID>873</EventRecordID>
    <Correlation/>
    <Execution ProcessID=""10484"" ThreadID=""10592""/>
    <Channel>Microsoft-Windows-Sysmon/Operational</Channel>
    <Computer>WinDev2309Eval</Computer>
    <Security UserID=""S-1-5-18""/>
  </System>
  <EventData>
    <Data Name=""RuleName"">-</Data>
    <Data Name=""UtcTime"">2023-12-19 21:09:28.710</Data>
    <Data Name=""ProcessGuid"">{f57bd86a-0688-6582-5503-000000000b00}</Data>
    <Data Name=""ProcessId"">8476</Data>
    <Data Name=""Image"">C:\Windows\System32\taskkill.exe</Data>
    <Data Name=""FileVersion"">10.0.22621.1 (WinBuild.160101.0800)</Data>
    <Data Name=""Description"">Terminates Processes</Data>
    <Data Name=""Product"">Microsoft&#174; Windows&#174; Operating System</Data>
    <Data Name=""Company"">Microsoft Corporation</Data>
    <Data Name=""OriginalFileName"">taskkill.exe</Data>
    <Data Name=""CommandLine"">C:\Windows\system32\taskkill.exe /f /FI ""MODULES eq protectionmanagement.dll"" /IM WmiPrvSE.exe</Data>
    <Data Name=""CurrentDirectory"">C:\Windows\system32\</Data>
    <Data Name=""User"">NT AUTHORITY\SYSTEM</Data>
    <Data Name=""LogonGuid"">{f57bd86a-db68-6581-e703-000000000000}</Data>
    <Data Name=""LogonId"">0x3e7</Data>
    <Data Name=""TerminalSessionId"">0</Data>
    <Data Name=""IntegrityLevel"">System</Data>
    <Data Name=""Hashes"">MD5=050ED22BB515A81ED6FC73D042CE5DB4,SHA256=75F4AED9BF21D8F9B2B1A2DDBC1F2C7E4E0AEF8B3B94BD5EDA02D9D84C34F33F,IMPHASH=86AA9A65A9C8E606B1E09C96AE58BACC</Data>
    <Data Name=""ParentProcessGuid"">{f57bd86a-0685-6582-3a03-000000000b00}</Data>
    <Data Name=""ParentProcessId"">2560</Data>
    <Data Name=""ParentImage"">C:\ProgramData\Microsoft\Windows Defender\Platform\4.18.23080.2006-0\MsMpEng.exe</Data>
    <Data Name=""ParentCommandLine"">""C:\ProgramData\Microsoft\Windows Defender\Platform\4.18.23080.2006-0\MsMpEng.exe""</Data>
    <Data Name=""ParentUser"">NT AUTHORITY\SYSTEM</Data>
  </EventData>
</Event>
"
Microsoft-Windows-Sysmon/Operational,,,WinDev2309Eval,,,,,,,,,"""%%ProgramData%%\Microsoft\Windows Defender\Platform\4.18.23110.3-0\ProtectionManagement.dll""",13,872,SetValue,,,C:\ProgramData\Microsoft\Windows Defender\Platform\4.18.23080.2006-0\MsMpEng.exe,,,0x8000000000000000,4,,,,,0,,,,,,,{f57bd86a-0685-6582-3a03-000000000b00},10484,2560.0,,,,,,T1122,,,,,,,,,,,,,2023-12-19T21:09:28.7088101Z,,,HKCR\CLSID\{A7C452EF-8E9F-42EB-9F2B-245613CA0DC9}\InprocServer32\(Default),,,,13,,10592,NT AUTHORITY\SYSTEM,S-1-5-18,09:28.7,2.0,"<Event xmlns=""http://schemas.microsoft.com/win/2004/08/events/event"">
  <System>
    <Provider Name=""Microsoft-Windows-Sysmon"" Guid=""{5770385f-c22a-43e0-bf4c-06f5698ffbd9}""/>
    <EventID>13</EventID>
    <Version>2</Version>
    <Level>4</Level>
    <Task>13</Task>
    <Opcode>0</Opcode>
    <Keywords>0x8000000000000000</Keywords>
    <TimeCreated SystemTime=""2023-12-19T21:09:28.7088101Z""/>
    <EventRecordID>872</EventRecordID>
    <Correlation/>
    <Execution ProcessID=""10484"" ThreadID=""10592""/>
    <Channel>Microsoft-Windows-Sysmon/Operational</Channel>
    <Computer>WinDev2309Eval</Computer>
    <Security UserID=""S-1-5-18""/>
  </System>
  <EventData>
    <Data Name=""RuleName"">T1122</Data>
    <Data Name=""EventType"">SetValue</Data>
    <Data Name=""UtcTime"">2023-12-19 21:09:28.704</Data>
    <Data Name=""ProcessGuid"">{f57bd86a-0685-6582-3a03-000000000b00}</Data>
    <Data Name=""ProcessId"">2560</Data>
    <Data Name=""Image"">C:\ProgramData\Microsoft\Windows Defender\Platform\4.18.23080.2006-0\MsMpEng.exe</Data>
    <Data Name=""TargetObject"">HKCR\CLSID\{A7C452EF-8E9F-42EB-9F2B-245613CA0DC9}\InprocServer32\(Default)</Data>
    <Data Name=""Details"">""%%ProgramData%%\Microsoft\Windows Defender\Platform\4.18.23110.3-0\ProtectionManagement.dll""</Data>
    <Data Name=""User"">NT AUTHORITY\SYSTEM</Data>
  </EventData>
</Event>
"
Microsoft-Windows-Sysmon/Operational,,,WinDev2309Eval,09:28.7,,,,,,,,,11,871,,,,C:\Windows\system32\wbem\mofcomp.exe,,,0x8000000000000000,4,,,,,0,,,,,,,{f57bd86a-0688-6582-5303-000000000b00},10484,8856.0,,,,,,-,,,,,,,,,,,,,2023-12-19T21:09:28.6917177Z,C:\Windows\System32\wbem\AutoRecover\063CE022A70E14EDFD01DBA7EA6BF4B2.mof,,,,,,11,,10592,NT AUTHORITY\SYSTEM,S-1-5-18,09:28.7,2.0,"<Event xmlns=""http://schemas.microsoft.com/win/2004/08/events/event"">
  <System>
    <Provider Name=""Microsoft-Windows-Sysmon"" Guid=""{5770385f-c22a-43e0-bf4c-06f5698ffbd9}""/>
    <EventID>11</EventID>
    <Version>2</Version>
    <Level>4</Level>
    <Task>11</Task>
    <Opcode>0</Opcode>
    <Keywords>0x8000000000000000</Keywords>
    <TimeCreated SystemTime=""2023-12-19T21:09:28.6917177Z""/>
    <EventRecordID>871</EventRecordID>
    <Correlation/>
    <Execution ProcessID=""10484"" ThreadID=""10592""/>
    <Channel>Microsoft-Windows-Sysmon/Operational</Channel>
    <Computer>WinDev2309Eval</Computer>
    <Security UserID=""S-1-5-18""/>
  </System>
  <EventData>
    <Data Name=""RuleName"">-</Data>
    <Data Name=""UtcTime"">2023-12-19 21:09:28.688</Data>
    <Data Name=""ProcessGuid"">{f57bd86a-0688-6582-5303-000000000b00}</Data>
    <Data Name=""ProcessId"">8856</Data>
    <Data Name=""Image"">C:\Windows\system32\wbem\mofcomp.exe</Data>
    <Data Name=""TargetFilename"">C:\Windows\System32\wbem\AutoRecover\063CE022A70E14EDFD01DBA7EA6BF4B2.mof</Data>
    <Data Name=""CreationUtcTime"">2023-12-19 21:09:28.688</Data>
    <Data Name=""User"">NT AUTHORITY\SYSTEM</Data>
  </EventData>
</Event>
"
Microsoft-Windows-Sysmon/Operational,"C:\Windows\system32\wbem\mofcomp.exe ""C:\ProgramData\Microsoft\Windows Defender\Platform\4.18.23110.3-0\ProtectionManagement.mof""",Microsoft Corporation,WinDev2309Eval,,C:\Windows\system32\,The Managed Object Format (MOF) Compiler ,,,,,,,1,870,,10.0.22621.2070 (WinBuild.160101.0800),"MD5=95C59F226E1EF93F96CB53240C672CE1,SHA256=1A590222D4A519987D45EC2AC9E717DEAFD543087E08B2E62A27D896C6B9FB7F,IMPHASH=33E29380499B6B413B576B5B4927D346",C:\Windows\System32\wbem\mofcomp.exe,,System,0x8000000000000000,4,{f57bd86a-db68-6581-e703-000000000000},0x3e7,,,0,mofcomp.exe,"""C:\ProgramData\Microsoft\Windows Defender\Platform\4.18.23080.2006-0\MsMpEng.exe""",C:\ProgramData\Microsoft\Windows Defender\Platform\4.18.23080.2006-0\MsMpEng.exe,{f57bd86a-0685-6582-3a03-000000000b00},2560.0,NT AUTHORITY\SYSTEM,{f57bd86a-0688-6582-5303-000000000b00},10484,8856.0,Microsoft® Windows® Operating System,,,,,-,,,,,,,,,,,,,2023-12-19T21:09:28.4995531Z,,,,,,,1,0.0,10592,NT AUTHORITY\SYSTEM,S-1-5-18,09:28.5,5.0,"<Event xmlns=""http://schemas.microsoft.com/win/2004/08/events/event"">
  <System>
    <Provider Name=""Microsoft-Windows-Sysmon"" Guid=""{5770385f-c22a-43e0-bf4c-06f5698ffbd9}""/>
    <EventID>1</EventID>
    <Version>5</Version>
    <Level>4</Level>
    <Task>1</Task>
    <Opcode>0</Opcode>
    <Keywords>0x8000000000000000</Keywords>
    <TimeCreated SystemTime=""2023-12-19T21:09:28.4995531Z""/>
    <EventRecordID>870</EventRecordID>
    <Correlation/>
    <Execution ProcessID=""10484"" ThreadID=""10592""/>
    <Channel>Microsoft-Windows-Sysmon/Operational</Channel>
    <Computer>WinDev2309Eval</Computer>
    <Security UserID=""S-1-5-18""/>
  </System>
  <EventData>
    <Data Name=""RuleName"">-</Data>
    <Data Name=""UtcTime"">2023-12-19 21:09:28.497</Data>
    <Data Name=""ProcessGuid"">{f57bd86a-0688-6582-5303-000000000b00}</Data>
    <Data Name=""ProcessId"">8856</Data>
    <Data Name=""Image"">C:\Windows\System32\wbem\mofcomp.exe</Data>
    <Data Name=""FileVersion"">10.0.22621.2070 (WinBuild.160101.0800)</Data>
    <Data Name=""Description"">The Managed Object Format (MOF) Compiler </Data>
    <Data Name=""Product"">Microsoft&#174; Windows&#174; Operating System</Data>
    <Data Name=""Company"">Microsoft Corporation</Data>
    <Data Name=""OriginalFileName"">mofcomp.exe</Data>
    <Data Name=""CommandLine"">C:\Windows\system32\wbem\mofcomp.exe ""C:\ProgramData\Microsoft\Windows Defender\Platform\4.18.23110.3-0\ProtectionManagement.mof""</Data>
    <Data Name=""CurrentDirectory"">C:\Windows\system32\</Data>
    <Data Name=""User"">NT AUTHORITY\SYSTEM</Data>
    <Data Name=""LogonGuid"">{f57bd86a-db68-6581-e703-000000000000}</Data>
    <Data Name=""LogonId"">0x3e7</Data>
    <Data Name=""TerminalSessionId"">0</Data>
    <Data Name=""IntegrityLevel"">System</Data>
    <Data Name=""Hashes"">MD5=95C59F226E1EF93F96CB53240C672CE1,SHA256=1A590222D4A519987D45EC2AC9E717DEAFD543087E08B2E62A27D896C6B9FB7F,IMPHASH=33E29380499B6B413B576B5B4927D346</Data>
    <Data Name=""ParentProcessGuid"">{f57bd86a-0685-6582-3a03-000000000b00}</Data>
    <Data Name=""ParentProcessId"">2560</Data>
    <Data Name=""ParentImage"">C:\ProgramData\Microsoft\Windows Defender\Platform\4.18.23080.2006-0\MsMpEng.exe</Data>
    <Data Name=""ParentCommandLine"">""C:\ProgramData\Microsoft\Windows Defender\Platform\4.18.23080.2006-0\MsMpEng.exe""</Data>
    <Data Name=""ParentUser"">NT AUTHORITY\SYSTEM</Data>
  </EventData>
</Event>
"
Microsoft-Windows-Sysmon/Operational,,,WinDev2309Eval,49:14.9,,,,,,,,,11,869,,,,C:\ProgramData\Microsoft\Windows Defender\Platform\4.18.23080.2006-0\MsMpEng.exe,,,0x8000000000000000,4,,,,,0,,,,,,,{f57bd86a-0685-6582-3a03-000000000b00},10484,2560.0,,,,,,-,,,,,,,,,,,,,2023-12-19T21:09:28.4968589Z,C:\Windows\System32\WindowsPowerShell\v1.0\Modules\ConfigDefenderPerformance\MSFT_MpPerformanceReport.Format.ps1xml,,,,,,11,,10592,NT AUTHORITY\SYSTEM,S-1-5-18,09:28.5,2.0,"<Event xmlns=""http://schemas.microsoft.com/win/2004/08/events/event"">
  <System>
    <Provider Name=""Microsoft-Windows-Sysmon"" Guid=""{5770385f-c22a-43e0-bf4c-06f5698ffbd9}""/>
    <EventID>11</EventID>
    <Version>2</Version>
    <Level>4</Level>
    <Task>11</Task>
    <Opcode>0</Opcode>
    <Keywords>0x8000000000000000</Keywords>
    <TimeCreated SystemTime=""2023-12-19T21:09:28.4968589Z""/>
    <EventRecordID>869</EventRecordID>
    <Correlation/>
    <Execution ProcessID=""10484"" ThreadID=""10592""/>
    <Channel>Microsoft-Windows-Sysmon/Operational</Channel>
    <Computer>WinDev2309Eval</Computer>
    <Security UserID=""S-1-5-18""/>
  </System>
  <EventData>
    <Data Name=""RuleName"">-</Data>
    <Data Name=""UtcTime"">2023-12-19 21:09:28.485</Data>
    <Data Name=""ProcessGuid"">{f57bd86a-0685-6582-3a03-000000000b00}</Data>
    <Data Name=""ProcessId"">2560</Data>
    <Data Name=""Image"">C:\ProgramData\Microsoft\Windows Defender\Platform\4.18.23080.2006-0\MsMpEng.exe</Data>
    <Data Name=""TargetFilename"">C:\Windows\System32\WindowsPowerShell\v1.0\Modules\ConfigDefenderPerformance\MSFT_MpPerformanceReport.Format.ps1xml</Data>
    <Data Name=""CreationUtcTime"">2023-09-19 23:49:14.933</Data>
    <Data Name=""User"">NT AUTHORITY\SYSTEM</Data>
  </EventData>
</Event>
"
