Channel,CommandLine,Company,Computer,CreationUtcTime,CurrentDirectory,Description,DestinationHostname,DestinationIp,DestinationIsIpv6,DestinationPort,DestinationPortName,Details,EventID,EventRecordID,EventType,FileVersion,Hashes,Image,Initiated,IntegrityLevel,Keywords,Level,LogonGuid,LogonId,Message,NewThreadId,Opcode,OriginalFileName,ParentCommandLine,ParentImage,ParentProcessGuid,ParentProcessId,ParentUser,ProcessGuid,ProcessID,ProcessId,Product,Protocol,QueryName,QueryResults,QueryStatus,RuleName,SourceHostname,SourceImage,SourceIp,SourceIsIpv6,SourcePort,SourcePortName,SourceProcessGuid,SourceProcessId,SourceUser,StartAddress,StartFunction,StartModule,SystemTime,TargetFilename,TargetImage,TargetObject,TargetProcessGuid,TargetProcessId,TargetUser,Task,TerminalSessionId,ThreadID,User,UserID,UtcTime,Version,raw
Microsoft-Windows-Sysmon/Operational,,,WinDev2309Eval,,,,,,,,,10.0.22621.2861,13,4253,SetValue,,,C:\Windows\winsxs\amd64_microsoft-windows-servicingstack_31bf3856ad364e35_10.0.22621.2567_none_e93fb1d442e4b410\TiWorker.exe,,,0x8000000000000000,4,,,,,0,,,,,,,{f57bd86a-1c28-6582-0806-000000000b00},10484,10300.0,,,,,,InvDB-DriverVer,,,,,,,,,,,,,2023-12-19T22:42:32.2724002Z,,,HKLM\System\CurrentControlSet\Control\Class\{4d36e97d-e325-11ce-bfc1-08002be10318}\0020\DriverVersion,,,,13,,10592,NT AUTHORITY\SYSTEM,S-1-5-18,42:32.3,2.0,"<Event xmlns=""http://schemas.microsoft.com/win/2004/08/events/event"">
  <System>
    <Provider Name=""Microsoft-Windows-Sysmon"" Guid=""{5770385f-c22a-43e0-bf4c-06f5698ffbd9}""/>
    <EventID>13</EventID>
    <Version>2</Version>
    <Level>4</Level>
    <Task>13</Task>
    <Opcode>0</Opcode>
    <Keywords>0x8000000000000000</Keywords>
    <TimeCreated SystemTime=""2023-12-19T22:42:32.2724002Z""/>
    <EventRecordID>4253</EventRecordID>
    <Correlation/>
    <Execution ProcessID=""10484"" ThreadID=""10592""/>
    <Channel>Microsoft-Windows-Sysmon/Operational</Channel>
    <Computer>WinDev2309Eval</Computer>
    <Security UserID=""S-1-5-18""/>
  </System>
  <EventData>
    <Data Name=""RuleName"">InvDB-DriverVer</Data>
    <Data Name=""EventType"">SetValue</Data>
    <Data Name=""UtcTime"">2023-12-19 22:42:32.271</Data>
    <Data Name=""ProcessGuid"">{f57bd86a-1c28-6582-0806-000000000b00}</Data>
    <Data Name=""ProcessId"">10300</Data>
    <Data Name=""Image"">C:\Windows\winsxs\amd64_microsoft-windows-servicingstack_31bf3856ad364e35_10.0.22621.2567_none_e93fb1d442e4b410\TiWorker.exe</Data>
    <Data Name=""TargetObject"">HKLM\System\CurrentControlSet\Control\Class\{4d36e97d-e325-11ce-bfc1-08002be10318}\0020\DriverVersion</Data>
    <Data Name=""Details"">10.0.22621.2861</Data>
    <Data Name=""User"">NT AUTHORITY\SYSTEM</Data>
  </EventData>
</Event>
"
Microsoft-Windows-Sysmon/Operational,,,WinDev2309Eval,,,,,,,,,10.0.22621.2861,13,4252,SetValue,,,C:\Windows\winsxs\amd64_microsoft-windows-servicingstack_31bf3856ad364e35_10.0.22621.2567_none_e93fb1d442e4b410\TiWorker.exe,,,0x8000000000000000,4,,,,,0,,,,,,,{f57bd86a-1c28-6582-0806-000000000b00},10484,10300.0,,,,,,InvDB-DriverVer,,,,,,,,,,,,,2023-12-19T22:42:32.2698298Z,,,HKLM\System\CurrentControlSet\Control\Class\{4d36e97d-e325-11ce-bfc1-08002be10318}\0019\DriverVersion,,,,13,,10592,NT AUTHORITY\SYSTEM,S-1-5-18,42:32.3,2.0,"<Event xmlns=""http://schemas.microsoft.com/win/2004/08/events/event"">
  <System>
    <Provider Name=""Microsoft-Windows-Sysmon"" Guid=""{5770385f-c22a-43e0-bf4c-06f5698ffbd9}""/>
    <EventID>13</EventID>
    <Version>2</Version>
    <Level>4</Level>
    <Task>13</Task>
    <Opcode>0</Opcode>
    <Keywords>0x8000000000000000</Keywords>
    <TimeCreated SystemTime=""2023-12-19T22:42:32.2698298Z""/>
    <EventRecordID>4252</EventRecordID>
    <Correlation/>
    <Execution ProcessID=""10484"" ThreadID=""10592""/>
    <Channel>Microsoft-Windows-Sysmon/Operational</Channel>
    <Computer>WinDev2309Eval</Computer>
    <Security UserID=""S-1-5-18""/>
  </System>
  <EventData>
    <Data Name=""RuleName"">InvDB-DriverVer</Data>
    <Data Name=""EventType"">SetValue</Data>
    <Data Name=""UtcTime"">2023-12-19 22:42:32.256</Data>
    <Data Name=""ProcessGuid"">{f57bd86a-1c28-6582-0806-000000000b00}</Data>
    <Data Name=""ProcessId"">10300</Data>
    <Data Name=""Image"">C:\Windows\winsxs\amd64_microsoft-windows-servicingstack_31bf3856ad364e35_10.0.22621.2567_none_e93fb1d442e4b410\TiWorker.exe</Data>
    <Data Name=""TargetObject"">HKLM\System\CurrentControlSet\Control\Class\{4d36e97d-e325-11ce-bfc1-08002be10318}\0019\DriverVersion</Data>
    <Data Name=""Details"">10.0.22621.2861</Data>
    <Data Name=""User"">NT AUTHORITY\SYSTEM</Data>
  </EventData>
</Event>
"
Microsoft-Windows-Sysmon/Operational,,,WinDev2309Eval,,,,,,,,,10.0.22621.2861,13,4251,SetValue,,,C:\Windows\winsxs\amd64_microsoft-windows-servicingstack_31bf3856ad364e35_10.0.22621.2567_none_e93fb1d442e4b410\TiWorker.exe,,,0x8000000000000000,4,,,,,0,,,,,,,{f57bd86a-1c28-6582-0806-000000000b00},10484,10300.0,,,,,,InvDB-DriverVer,,,,,,,,,,,,,2023-12-19T22:42:32.2669694Z,,,HKLM\System\CurrentControlSet\Control\Class\{4d36e97d-e325-11ce-bfc1-08002be10318}\0018\DriverVersion,,,,13,,10592,NT AUTHORITY\SYSTEM,S-1-5-18,42:32.3,2.0,"<Event xmlns=""http://schemas.microsoft.com/win/2004/08/events/event"">
  <System>
    <Provider Name=""Microsoft-Windows-Sysmon"" Guid=""{5770385f-c22a-43e0-bf4c-06f5698ffbd9}""/>
    <EventID>13</EventID>
    <Version>2</Version>
    <Level>4</Level>
    <Task>13</Task>
    <Opcode>0</Opcode>
    <Keywords>0x8000000000000000</Keywords>
    <TimeCreated SystemTime=""2023-12-19T22:42:32.2669694Z""/>
    <EventRecordID>4251</EventRecordID>
    <Correlation/>
    <Execution ProcessID=""10484"" ThreadID=""10592""/>
    <Channel>Microsoft-Windows-Sysmon/Operational</Channel>
    <Computer>WinDev2309Eval</Computer>
    <Security UserID=""S-1-5-18""/>
  </System>
  <EventData>
    <Data Name=""RuleName"">InvDB-DriverVer</Data>
    <Data Name=""EventType"">SetValue</Data>
    <Data Name=""UtcTime"">2023-12-19 22:42:32.256</Data>
    <Data Name=""ProcessGuid"">{f57bd86a-1c28-6582-0806-000000000b00}</Data>
    <Data Name=""ProcessId"">10300</Data>
    <Data Name=""Image"">C:\Windows\winsxs\amd64_microsoft-windows-servicingstack_31bf3856ad364e35_10.0.22621.2567_none_e93fb1d442e4b410\TiWorker.exe</Data>
    <Data Name=""TargetObject"">HKLM\System\CurrentControlSet\Control\Class\{4d36e97d-e325-11ce-bfc1-08002be10318}\0018\DriverVersion</Data>
    <Data Name=""Details"">10.0.22621.2861</Data>
    <Data Name=""User"">NT AUTHORITY\SYSTEM</Data>
  </EventData>
</Event>
"
Microsoft-Windows-Sysmon/Operational,,,WinDev2309Eval,,,,,,,,,10.0.22621.2861,13,4250,SetValue,,,C:\Windows\winsxs\amd64_microsoft-windows-servicingstack_31bf3856ad364e35_10.0.22621.2567_none_e93fb1d442e4b410\TiWorker.exe,,,0x8000000000000000,4,,,,,0,,,,,,,{f57bd86a-1c28-6582-0806-000000000b00},10484,10300.0,,,,,,InvDB-DriverVer,,,,,,,,,,,,,2023-12-19T22:42:32.2645843Z,,,HKLM\System\CurrentControlSet\Control\Class\{4d36e97d-e325-11ce-bfc1-08002be10318}\0017\DriverVersion,,,,13,,10592,NT AUTHORITY\SYSTEM,S-1-5-18,42:32.3,2.0,"<Event xmlns=""http://schemas.microsoft.com/win/2004/08/events/event"">
  <System>
    <Provider Name=""Microsoft-Windows-Sysmon"" Guid=""{5770385f-c22a-43e0-bf4c-06f5698ffbd9}""/>
    <EventID>13</EventID>
    <Version>2</Version>
    <Level>4</Level>
    <Task>13</Task>
    <Opcode>0</Opcode>
    <Keywords>0x8000000000000000</Keywords>
    <TimeCreated SystemTime=""2023-12-19T22:42:32.2645843Z""/>
    <EventRecordID>4250</EventRecordID>
    <Correlation/>
    <Execution ProcessID=""10484"" ThreadID=""10592""/>
    <Channel>Microsoft-Windows-Sysmon/Operational</Channel>
    <Computer>WinDev2309Eval</Computer>
    <Security UserID=""S-1-5-18""/>
  </System>
  <EventData>
    <Data Name=""RuleName"">InvDB-DriverVer</Data>
    <Data Name=""EventType"">SetValue</Data>
    <Data Name=""UtcTime"">2023-12-19 22:42:32.256</Data>
    <Data Name=""ProcessGuid"">{f57bd86a-1c28-6582-0806-000000000b00}</Data>
    <Data Name=""ProcessId"">10300</Data>
    <Data Name=""Image"">C:\Windows\winsxs\amd64_microsoft-windows-servicingstack_31bf3856ad364e35_10.0.22621.2567_none_e93fb1d442e4b410\TiWorker.exe</Data>
    <Data Name=""TargetObject"">HKLM\System\CurrentControlSet\Control\Class\{4d36e97d-e325-11ce-bfc1-08002be10318}\0017\DriverVersion</Data>
    <Data Name=""Details"">10.0.22621.2861</Data>
    <Data Name=""User"">NT AUTHORITY\SYSTEM</Data>
  </EventData>
</Event>
"
Microsoft-Windows-Sysmon/Operational,,,WinDev2309Eval,,,,,,,,,10.0.22621.2861,13,4249,SetValue,,,C:\Windows\winsxs\amd64_microsoft-windows-servicingstack_31bf3856ad364e35_10.0.22621.2567_none_e93fb1d442e4b410\TiWorker.exe,,,0x8000000000000000,4,,,,,0,,,,,,,{f57bd86a-1c28-6582-0806-000000000b00},10484,10300.0,,,,,,InvDB-DriverVer,,,,,,,,,,,,,2023-12-19T22:42:32.2622399Z,,,HKLM\System\CurrentControlSet\Control\Class\{4d36e97d-e325-11ce-bfc1-08002be10318}\0016\DriverVersion,,,,13,,10592,NT AUTHORITY\SYSTEM,S-1-5-18,42:32.3,2.0,"<Event xmlns=""http://schemas.microsoft.com/win/2004/08/events/event"">
  <System>
    <Provider Name=""Microsoft-Windows-Sysmon"" Guid=""{5770385f-c22a-43e0-bf4c-06f5698ffbd9}""/>
    <EventID>13</EventID>
    <Version>2</Version>
    <Level>4</Level>
    <Task>13</Task>
    <Opcode>0</Opcode>
    <Keywords>0x8000000000000000</Keywords>
    <TimeCreated SystemTime=""2023-12-19T22:42:32.2622399Z""/>
    <EventRecordID>4249</EventRecordID>
    <Correlation/>
    <Execution ProcessID=""10484"" ThreadID=""10592""/>
    <Channel>Microsoft-Windows-Sysmon/Operational</Channel>
    <Computer>WinDev2309Eval</Computer>
    <Security UserID=""S-1-5-18""/>
  </System>
  <EventData>
    <Data Name=""RuleName"">InvDB-DriverVer</Data>
    <Data Name=""EventType"">SetValue</Data>
    <Data Name=""UtcTime"">2023-12-19 22:42:32.256</Data>
    <Data Name=""ProcessGuid"">{f57bd86a-1c28-6582-0806-000000000b00}</Data>
    <Data Name=""ProcessId"">10300</Data>
    <Data Name=""Image"">C:\Windows\winsxs\amd64_microsoft-windows-servicingstack_31bf3856ad364e35_10.0.22621.2567_none_e93fb1d442e4b410\TiWorker.exe</Data>
    <Data Name=""TargetObject"">HKLM\System\CurrentControlSet\Control\Class\{4d36e97d-e325-11ce-bfc1-08002be10318}\0016\DriverVersion</Data>
    <Data Name=""Details"">10.0.22621.2861</Data>
    <Data Name=""User"">NT AUTHORITY\SYSTEM</Data>
  </EventData>
</Event>
"
Microsoft-Windows-Sysmon/Operational,,,WinDev2309Eval,,,,,,,,,10.0.22621.2861,13,4248,SetValue,,,C:\Windows\winsxs\amd64_microsoft-windows-servicingstack_31bf3856ad364e35_10.0.22621.2567_none_e93fb1d442e4b410\TiWorker.exe,,,0x8000000000000000,4,,,,,0,,,,,,,{f57bd86a-1c28-6582-0806-000000000b00},10484,10300.0,,,,,,InvDB-DriverVer,,,,,,,,,,,,,2023-12-19T22:42:32.2597455Z,,,HKLM\System\CurrentControlSet\Control\Class\{4d36e97d-e325-11ce-bfc1-08002be10318}\0015\DriverVersion,,,,13,,10592,NT AUTHORITY\SYSTEM,S-1-5-18,42:32.3,2.0,"<Event xmlns=""http://schemas.microsoft.com/win/2004/08/events/event"">
  <System>
    <Provider Name=""Microsoft-Windows-Sysmon"" Guid=""{5770385f-c22a-43e0-bf4c-06f5698ffbd9}""/>
    <EventID>13</EventID>
    <Version>2</Version>
    <Level>4</Level>
    <Task>13</Task>
    <Opcode>0</Opcode>
    <Keywords>0x8000000000000000</Keywords>
    <TimeCreated SystemTime=""2023-12-19T22:42:32.2597455Z""/>
    <EventRecordID>4248</EventRecordID>
    <Correlation/>
    <Execution ProcessID=""10484"" ThreadID=""10592""/>
    <Channel>Microsoft-Windows-Sysmon/Operational</Channel>
    <Computer>WinDev2309Eval</Computer>
    <Security UserID=""S-1-5-18""/>
  </System>
  <EventData>
    <Data Name=""RuleName"">InvDB-DriverVer</Data>
    <Data Name=""EventType"">SetValue</Data>
    <Data Name=""UtcTime"">2023-12-19 22:42:32.256</Data>
    <Data Name=""ProcessGuid"">{f57bd86a-1c28-6582-0806-000000000b00}</Data>
    <Data Name=""ProcessId"">10300</Data>
    <Data Name=""Image"">C:\Windows\winsxs\amd64_microsoft-windows-servicingstack_31bf3856ad364e35_10.0.22621.2567_none_e93fb1d442e4b410\TiWorker.exe</Data>
    <Data Name=""TargetObject"">HKLM\System\CurrentControlSet\Control\Class\{4d36e97d-e325-11ce-bfc1-08002be10318}\0015\DriverVersion</Data>
    <Data Name=""Details"">10.0.22621.2861</Data>
    <Data Name=""User"">NT AUTHORITY\SYSTEM</Data>
  </EventData>
</Event>
"
Microsoft-Windows-Sysmon/Operational,,,WinDev2309Eval,,,,,,,,,10.0.22621.2861,13,4247,SetValue,,,C:\Windows\winsxs\amd64_microsoft-windows-servicingstack_31bf3856ad364e35_10.0.22621.2567_none_e93fb1d442e4b410\TiWorker.exe,,,0x8000000000000000,4,,,,,0,,,,,,,{f57bd86a-1c28-6582-0806-000000000b00},10484,10300.0,,,,,,InvDB-DriverVer,,,,,,,,,,,,,2023-12-19T22:42:32.2569461Z,,,HKLM\System\CurrentControlSet\Control\Class\{4d36e97d-e325-11ce-bfc1-08002be10318}\0014\DriverVersion,,,,13,,10592,NT AUTHORITY\SYSTEM,S-1-5-18,42:32.3,2.0,"<Event xmlns=""http://schemas.microsoft.com/win/2004/08/events/event"">
  <System>
    <Provider Name=""Microsoft-Windows-Sysmon"" Guid=""{5770385f-c22a-43e0-bf4c-06f5698ffbd9}""/>
    <EventID>13</EventID>
    <Version>2</Version>
    <Level>4</Level>
    <Task>13</Task>
    <Opcode>0</Opcode>
    <Keywords>0x8000000000000000</Keywords>
    <TimeCreated SystemTime=""2023-12-19T22:42:32.2569461Z""/>
    <EventRecordID>4247</EventRecordID>
    <Correlation/>
    <Execution ProcessID=""10484"" ThreadID=""10592""/>
    <Channel>Microsoft-Windows-Sysmon/Operational</Channel>
    <Computer>WinDev2309Eval</Computer>
    <Security UserID=""S-1-5-18""/>
  </System>
  <EventData>
    <Data Name=""RuleName"">InvDB-DriverVer</Data>
    <Data Name=""EventType"">SetValue</Data>
    <Data Name=""UtcTime"">2023-12-19 22:42:32.256</Data>
    <Data Name=""ProcessGuid"">{f57bd86a-1c28-6582-0806-000000000b00}</Data>
    <Data Name=""ProcessId"">10300</Data>
    <Data Name=""Image"">C:\Windows\winsxs\amd64_microsoft-windows-servicingstack_31bf3856ad364e35_10.0.22621.2567_none_e93fb1d442e4b410\TiWorker.exe</Data>
    <Data Name=""TargetObject"">HKLM\System\CurrentControlSet\Control\Class\{4d36e97d-e325-11ce-bfc1-08002be10318}\0014\DriverVersion</Data>
    <Data Name=""Details"">10.0.22621.2861</Data>
    <Data Name=""User"">NT AUTHORITY\SYSTEM</Data>
  </EventData>
</Event>
"
Microsoft-Windows-Sysmon/Operational,,,WinDev2309Eval,,,,,,,,,10.0.22621.2861,13,4246,SetValue,,,C:\Windows\winsxs\amd64_microsoft-windows-servicingstack_31bf3856ad364e35_10.0.22621.2567_none_e93fb1d442e4b410\TiWorker.exe,,,0x8000000000000000,4,,,,,0,,,,,,,{f57bd86a-1c28-6582-0806-000000000b00},10484,10300.0,,,,,,InvDB-DriverVer,,,,,,,,,,,,,2023-12-19T22:42:32.2539314Z,,,HKLM\System\CurrentControlSet\Control\Class\{4d36e97d-e325-11ce-bfc1-08002be10318}\0013\DriverVersion,,,,13,,10592,NT AUTHORITY\SYSTEM,S-1-5-18,42:32.2,2.0,"<Event xmlns=""http://schemas.microsoft.com/win/2004/08/events/event"">
  <System>
    <Provider Name=""Microsoft-Windows-Sysmon"" Guid=""{5770385f-c22a-43e0-bf4c-06f5698ffbd9}""/>
    <EventID>13</EventID>
    <Version>2</Version>
    <Level>4</Level>
    <Task>13</Task>
    <Opcode>0</Opcode>
    <Keywords>0x8000000000000000</Keywords>
    <TimeCreated SystemTime=""2023-12-19T22:42:32.2539314Z""/>
    <EventRecordID>4246</EventRecordID>
    <Correlation/>
    <Execution ProcessID=""10484"" ThreadID=""10592""/>
    <Channel>Microsoft-Windows-Sysmon/Operational</Channel>
    <Computer>WinDev2309Eval</Computer>
    <Security UserID=""S-1-5-18""/>
  </System>
  <EventData>
    <Data Name=""RuleName"">InvDB-DriverVer</Data>
    <Data Name=""EventType"">SetValue</Data>
    <Data Name=""UtcTime"">2023-12-19 22:42:32.239</Data>
    <Data Name=""ProcessGuid"">{f57bd86a-1c28-6582-0806-000000000b00}</Data>
    <Data Name=""ProcessId"">10300</Data>
    <Data Name=""Image"">C:\Windows\winsxs\amd64_microsoft-windows-servicingstack_31bf3856ad364e35_10.0.22621.2567_none_e93fb1d442e4b410\TiWorker.exe</Data>
    <Data Name=""TargetObject"">HKLM\System\CurrentControlSet\Control\Class\{4d36e97d-e325-11ce-bfc1-08002be10318}\0013\DriverVersion</Data>
    <Data Name=""Details"">10.0.22621.2861</Data>
    <Data Name=""User"">NT AUTHORITY\SYSTEM</Data>
  </EventData>
</Event>
"
Microsoft-Windows-Sysmon/Operational,,,WinDev2309Eval,,,,,,,,,10.0.22621.2861,13,4245,SetValue,,,C:\Windows\winsxs\amd64_microsoft-windows-servicingstack_31bf3856ad364e35_10.0.22621.2567_none_e93fb1d442e4b410\TiWorker.exe,,,0x8000000000000000,4,,,,,0,,,,,,,{f57bd86a-1c28-6582-0806-000000000b00},10484,10300.0,,,,,,InvDB-DriverVer,,,,,,,,,,,,,2023-12-19T22:42:32.2503991Z,,,HKLM\System\CurrentControlSet\Control\Class\{4d36e97d-e325-11ce-bfc1-08002be10318}\0012\DriverVersion,,,,13,,10592,NT AUTHORITY\SYSTEM,S-1-5-18,42:32.2,2.0,"<Event xmlns=""http://schemas.microsoft.com/win/2004/08/events/event"">
  <System>
    <Provider Name=""Microsoft-Windows-Sysmon"" Guid=""{5770385f-c22a-43e0-bf4c-06f5698ffbd9}""/>
    <EventID>13</EventID>
    <Version>2</Version>
    <Level>4</Level>
    <Task>13</Task>
    <Opcode>0</Opcode>
    <Keywords>0x8000000000000000</Keywords>
    <TimeCreated SystemTime=""2023-12-19T22:42:32.2503991Z""/>
    <EventRecordID>4245</EventRecordID>
    <Correlation/>
    <Execution ProcessID=""10484"" ThreadID=""10592""/>
    <Channel>Microsoft-Windows-Sysmon/Operational</Channel>
    <Computer>WinDev2309Eval</Computer>
    <Security UserID=""S-1-5-18""/>
  </System>
  <EventData>
    <Data Name=""RuleName"">InvDB-DriverVer</Data>
    <Data Name=""EventType"">SetValue</Data>
    <Data Name=""UtcTime"">2023-12-19 22:42:32.239</Data>
    <Data Name=""ProcessGuid"">{f57bd86a-1c28-6582-0806-000000000b00}</Data>
    <Data Name=""ProcessId"">10300</Data>
    <Data Name=""Image"">C:\Windows\winsxs\amd64_microsoft-windows-servicingstack_31bf3856ad364e35_10.0.22621.2567_none_e93fb1d442e4b410\TiWorker.exe</Data>
    <Data Name=""TargetObject"">HKLM\System\CurrentControlSet\Control\Class\{4d36e97d-e325-11ce-bfc1-08002be10318}\0012\DriverVersion</Data>
    <Data Name=""Details"">10.0.22621.2861</Data>
    <Data Name=""User"">NT AUTHORITY\SYSTEM</Data>
  </EventData>
</Event>
"
Microsoft-Windows-Sysmon/Operational,,,WinDev2309Eval,,,,,,,,,10.0.22621.2861,13,4244,SetValue,,,C:\Windows\winsxs\amd64_microsoft-windows-servicingstack_31bf3856ad364e35_10.0.22621.2567_none_e93fb1d442e4b410\TiWorker.exe,,,0x8000000000000000,4,,,,,0,,,,,,,{f57bd86a-1c28-6582-0806-000000000b00},10484,10300.0,,,,,,InvDB-DriverVer,,,,,,,,,,,,,2023-12-19T22:42:32.2234274Z,,,HKLM\System\CurrentControlSet\Control\Class\{4d36e97d-e325-11ce-bfc1-08002be10318}\0007\DriverVersion,,,,13,,10592,NT AUTHORITY\SYSTEM,S-1-5-18,42:32.2,2.0,"<Event xmlns=""http://schemas.microsoft.com/win/2004/08/events/event"">
  <System>
    <Provider Name=""Microsoft-Windows-Sysmon"" Guid=""{5770385f-c22a-43e0-bf4c-06f5698ffbd9}""/>
    <EventID>13</EventID>
    <Version>2</Version>
    <Level>4</Level>
    <Task>13</Task>
    <Opcode>0</Opcode>
    <Keywords>0x8000000000000000</Keywords>
    <TimeCreated SystemTime=""2023-12-19T22:42:32.2234274Z""/>
    <EventRecordID>4244</EventRecordID>
    <Correlation/>
    <Execution ProcessID=""10484"" ThreadID=""10592""/>
    <Channel>Microsoft-Windows-Sysmon/Operational</Channel>
    <Computer>WinDev2309Eval</Computer>
    <Security UserID=""S-1-5-18""/>
  </System>
  <EventData>
    <Data Name=""RuleName"">InvDB-DriverVer</Data>
    <Data Name=""EventType"">SetValue</Data>
    <Data Name=""UtcTime"">2023-12-19 22:42:32.209</Data>
    <Data Name=""ProcessGuid"">{f57bd86a-1c28-6582-0806-000000000b00}</Data>
    <Data Name=""ProcessId"">10300</Data>
    <Data Name=""Image"">C:\Windows\winsxs\amd64_microsoft-windows-servicingstack_31bf3856ad364e35_10.0.22621.2567_none_e93fb1d442e4b410\TiWorker.exe</Data>
    <Data Name=""TargetObject"">HKLM\System\CurrentControlSet\Control\Class\{4d36e97d-e325-11ce-bfc1-08002be10318}\0007\DriverVersion</Data>
    <Data Name=""Details"">10.0.22621.2861</Data>
    <Data Name=""User"">NT AUTHORITY\SYSTEM</Data>
  </EventData>
</Event>
"
Microsoft-Windows-Sysmon/Operational,,,WinDev2309Eval,,,,,,,,,10.0.22621.2506,13,4243,SetValue,,,C:\Windows\winsxs\amd64_microsoft-windows-servicingstack_31bf3856ad364e35_10.0.22621.2567_none_e93fb1d442e4b410\TiWorker.exe,,,0x8000000000000000,4,,,,,0,,,,,,,{f57bd86a-1c28-6582-0806-000000000b00},10484,10300.0,,,,,,InvDB-DriverVer,,,,,,,,,,,,,2023-12-19T22:42:32.2159569Z,,,HKLM\System\CurrentControlSet\Control\Class\{4d36e96a-e325-11ce-bfc1-08002be10318}\0002\DriverVersion,,,,13,,10592,NT AUTHORITY\SYSTEM,S-1-5-18,42:32.2,2.0,"<Event xmlns=""http://schemas.microsoft.com/win/2004/08/events/event"">
  <System>
    <Provider Name=""Microsoft-Windows-Sysmon"" Guid=""{5770385f-c22a-43e0-bf4c-06f5698ffbd9}""/>
    <EventID>13</EventID>
    <Version>2</Version>
    <Level>4</Level>
    <Task>13</Task>
    <Opcode>0</Opcode>
    <Keywords>0x8000000000000000</Keywords>
    <TimeCreated SystemTime=""2023-12-19T22:42:32.2159569Z""/>
    <EventRecordID>4243</EventRecordID>
    <Correlation/>
    <Execution ProcessID=""10484"" ThreadID=""10592""/>
    <Channel>Microsoft-Windows-Sysmon/Operational</Channel>
    <Computer>WinDev2309Eval</Computer>
    <Security UserID=""S-1-5-18""/>
  </System>
  <EventData>
    <Data Name=""RuleName"">InvDB-DriverVer</Data>
    <Data Name=""EventType"">SetValue</Data>
    <Data Name=""UtcTime"">2023-12-19 22:42:32.209</Data>
    <Data Name=""ProcessGuid"">{f57bd86a-1c28-6582-0806-000000000b00}</Data>
    <Data Name=""ProcessId"">10300</Data>
    <Data Name=""Image"">C:\Windows\winsxs\amd64_microsoft-windows-servicingstack_31bf3856ad364e35_10.0.22621.2567_none_e93fb1d442e4b410\TiWorker.exe</Data>
    <Data Name=""TargetObject"">HKLM\System\CurrentControlSet\Control\Class\{4d36e96a-e325-11ce-bfc1-08002be10318}\0002\DriverVersion</Data>
    <Data Name=""Details"">10.0.22621.2506</Data>
    <Data Name=""User"">NT AUTHORITY\SYSTEM</Data>
  </EventData>
</Event>
"
Microsoft-Windows-Sysmon/Operational,,,WinDev2309Eval,,,,,,,,,10.0.22621.2506,13,4242,SetValue,,,C:\Windows\winsxs\amd64_microsoft-windows-servicingstack_31bf3856ad364e35_10.0.22621.2567_none_e93fb1d442e4b410\TiWorker.exe,,,0x8000000000000000,4,,,,,0,,,,,,,{f57bd86a-1c28-6582-0806-000000000b00},10484,10300.0,,,,,,InvDB-DriverVer,,,,,,,,,,,,,2023-12-19T22:42:32.2134265Z,,,HKLM\System\CurrentControlSet\Control\Class\{4d36e96a-e325-11ce-bfc1-08002be10318}\0001\DriverVersion,,,,13,,10592,NT AUTHORITY\SYSTEM,S-1-5-18,42:32.2,2.0,"<Event xmlns=""http://schemas.microsoft.com/win/2004/08/events/event"">
  <System>
    <Provider Name=""Microsoft-Windows-Sysmon"" Guid=""{5770385f-c22a-43e0-bf4c-06f5698ffbd9}""/>
    <EventID>13</EventID>
    <Version>2</Version>
    <Level>4</Level>
    <Task>13</Task>
    <Opcode>0</Opcode>
    <Keywords>0x8000000000000000</Keywords>
    <TimeCreated SystemTime=""2023-12-19T22:42:32.2134265Z""/>
    <EventRecordID>4242</EventRecordID>
    <Correlation/>
    <Execution ProcessID=""10484"" ThreadID=""10592""/>
    <Channel>Microsoft-Windows-Sysmon/Operational</Channel>
    <Computer>WinDev2309Eval</Computer>
    <Security UserID=""S-1-5-18""/>
  </System>
  <EventData>
    <Data Name=""RuleName"">InvDB-DriverVer</Data>
    <Data Name=""EventType"">SetValue</Data>
    <Data Name=""UtcTime"">2023-12-19 22:42:32.209</Data>
    <Data Name=""ProcessGuid"">{f57bd86a-1c28-6582-0806-000000000b00}</Data>
    <Data Name=""ProcessId"">10300</Data>
    <Data Name=""Image"">C:\Windows\winsxs\amd64_microsoft-windows-servicingstack_31bf3856ad364e35_10.0.22621.2567_none_e93fb1d442e4b410\TiWorker.exe</Data>
    <Data Name=""TargetObject"">HKLM\System\CurrentControlSet\Control\Class\{4d36e96a-e325-11ce-bfc1-08002be10318}\0001\DriverVersion</Data>
    <Data Name=""Details"">10.0.22621.2506</Data>
    <Data Name=""User"">NT AUTHORITY\SYSTEM</Data>
  </EventData>
</Event>
"
Microsoft-Windows-Sysmon/Operational,,,WinDev2309Eval,,,,,,,,,10.0.22621.2506,13,4241,SetValue,,,C:\Windows\winsxs\amd64_microsoft-windows-servicingstack_31bf3856ad364e35_10.0.22621.2567_none_e93fb1d442e4b410\TiWorker.exe,,,0x8000000000000000,4,,,,,0,,,,,,,{f57bd86a-1c28-6582-0806-000000000b00},10484,10300.0,,,,,,InvDB-DriverVer,,,,,,,,,,,,,2023-12-19T22:42:32.2112023Z,,,HKLM\System\CurrentControlSet\Control\Class\{4d36e96a-e325-11ce-bfc1-08002be10318}\0000\DriverVersion,,,,13,,10592,NT AUTHORITY\SYSTEM,S-1-5-18,42:32.2,2.0,"<Event xmlns=""http://schemas.microsoft.com/win/2004/08/events/event"">
  <System>
    <Provider Name=""Microsoft-Windows-Sysmon"" Guid=""{5770385f-c22a-43e0-bf4c-06f5698ffbd9}""/>
    <EventID>13</EventID>
    <Version>2</Version>
    <Level>4</Level>
    <Task>13</Task>
    <Opcode>0</Opcode>
    <Keywords>0x8000000000000000</Keywords>
    <TimeCreated SystemTime=""2023-12-19T22:42:32.2112023Z""/>
    <EventRecordID>4241</EventRecordID>
    <Correlation/>
    <Execution ProcessID=""10484"" ThreadID=""10592""/>
    <Channel>Microsoft-Windows-Sysmon/Operational</Channel>
    <Computer>WinDev2309Eval</Computer>
    <Security UserID=""S-1-5-18""/>
  </System>
  <EventData>
    <Data Name=""RuleName"">InvDB-DriverVer</Data>
    <Data Name=""EventType"">SetValue</Data>
    <Data Name=""UtcTime"">2023-12-19 22:42:32.209</Data>
    <Data Name=""ProcessGuid"">{f57bd86a-1c28-6582-0806-000000000b00}</Data>
    <Data Name=""ProcessId"">10300</Data>
    <Data Name=""Image"">C:\Windows\winsxs\amd64_microsoft-windows-servicingstack_31bf3856ad364e35_10.0.22621.2567_none_e93fb1d442e4b410\TiWorker.exe</Data>
    <Data Name=""TargetObject"">HKLM\System\CurrentControlSet\Control\Class\{4d36e96a-e325-11ce-bfc1-08002be10318}\0000\DriverVersion</Data>
    <Data Name=""Details"">10.0.22621.2506</Data>
    <Data Name=""User"">NT AUTHORITY\SYSTEM</Data>
  </EventData>
</Event>
"
Microsoft-Windows-Sysmon/Operational,,,WinDev2309Eval,,,,,,,,,10.0.22621.2506,13,4240,SetValue,,,C:\Windows\winsxs\amd64_microsoft-windows-servicingstack_31bf3856ad364e35_10.0.22621.2567_none_e93fb1d442e4b410\TiWorker.exe,,,0x8000000000000000,4,,,,,0,,,,,,,{f57bd86a-1c28-6582-0806-000000000b00},10484,10300.0,,,,,,InvDB-DriverVer,,,,,,,,,,,,,2023-12-19T22:42:32.1878686Z,,,HKLM\System\CurrentControlSet\Control\Class\{4d36e97d-e325-11ce-bfc1-08002be10318}\0056\DriverVersion,,,,13,,10592,NT AUTHORITY\SYSTEM,S-1-5-18,42:32.2,2.0,"<Event xmlns=""http://schemas.microsoft.com/win/2004/08/events/event"">
  <System>
    <Provider Name=""Microsoft-Windows-Sysmon"" Guid=""{5770385f-c22a-43e0-bf4c-06f5698ffbd9}""/>
    <EventID>13</EventID>
    <Version>2</Version>
    <Level>4</Level>
    <Task>13</Task>
    <Opcode>0</Opcode>
    <Keywords>0x8000000000000000</Keywords>
    <TimeCreated SystemTime=""2023-12-19T22:42:32.1878686Z""/>
    <EventRecordID>4240</EventRecordID>
    <Correlation/>
    <Execution ProcessID=""10484"" ThreadID=""10592""/>
    <Channel>Microsoft-Windows-Sysmon/Operational</Channel>
    <Computer>WinDev2309Eval</Computer>
    <Security UserID=""S-1-5-18""/>
  </System>
  <EventData>
    <Data Name=""RuleName"">InvDB-DriverVer</Data>
    <Data Name=""EventType"">SetValue</Data>
    <Data Name=""UtcTime"">2023-12-19 22:42:32.177</Data>
    <Data Name=""ProcessGuid"">{f57bd86a-1c28-6582-0806-000000000b00}</Data>
    <Data Name=""ProcessId"">10300</Data>
    <Data Name=""Image"">C:\Windows\winsxs\amd64_microsoft-windows-servicingstack_31bf3856ad364e35_10.0.22621.2567_none_e93fb1d442e4b410\TiWorker.exe</Data>
    <Data Name=""TargetObject"">HKLM\System\CurrentControlSet\Control\Class\{4d36e97d-e325-11ce-bfc1-08002be10318}\0056\DriverVersion</Data>
    <Data Name=""Details"">10.0.22621.2506</Data>
    <Data Name=""User"">NT AUTHORITY\SYSTEM</Data>
  </EventData>
</Event>
"
Microsoft-Windows-Sysmon/Operational,,,WinDev2309Eval,,,,,,,,,10.0.22621.2792,13,4239,SetValue,,,C:\Windows\winsxs\amd64_microsoft-windows-servicingstack_31bf3856ad364e35_10.0.22621.2567_none_e93fb1d442e4b410\TiWorker.exe,,,0x8000000000000000,4,,,,,0,,,,,,,{f57bd86a-1c28-6582-0806-000000000b00},10484,10300.0,,,,,,InvDB-DriverVer,,,,,,,,,,,,,2023-12-19T22:42:32.1829535Z,,,HKLM\System\CurrentControlSet\Control\Class\{4d36e97b-e325-11ce-bfc1-08002be10318}\0001\DriverVersion,,,,13,,10592,NT AUTHORITY\SYSTEM,S-1-5-18,42:32.2,2.0,"<Event xmlns=""http://schemas.microsoft.com/win/2004/08/events/event"">
  <System>
    <Provider Name=""Microsoft-Windows-Sysmon"" Guid=""{5770385f-c22a-43e0-bf4c-06f5698ffbd9}""/>
    <EventID>13</EventID>
    <Version>2</Version>
    <Level>4</Level>
    <Task>13</Task>
    <Opcode>0</Opcode>
    <Keywords>0x8000000000000000</Keywords>
    <TimeCreated SystemTime=""2023-12-19T22:42:32.1829535Z""/>
    <EventRecordID>4239</EventRecordID>
    <Correlation/>
    <Execution ProcessID=""10484"" ThreadID=""10592""/>
    <Channel>Microsoft-Windows-Sysmon/Operational</Channel>
    <Computer>WinDev2309Eval</Computer>
    <Security UserID=""S-1-5-18""/>
  </System>
  <EventData>
    <Data Name=""RuleName"">InvDB-DriverVer</Data>
    <Data Name=""EventType"">SetValue</Data>
    <Data Name=""UtcTime"">2023-12-19 22:42:32.177</Data>
    <Data Name=""ProcessGuid"">{f57bd86a-1c28-6582-0806-000000000b00}</Data>
    <Data Name=""ProcessId"">10300</Data>
    <Data Name=""Image"">C:\Windows\winsxs\amd64_microsoft-windows-servicingstack_31bf3856ad364e35_10.0.22621.2567_none_e93fb1d442e4b410\TiWorker.exe</Data>
    <Data Name=""TargetObject"">HKLM\System\CurrentControlSet\Control\Class\{4d36e97b-e325-11ce-bfc1-08002be10318}\0001\DriverVersion</Data>
    <Data Name=""Details"">10.0.22621.2792</Data>
    <Data Name=""User"">NT AUTHORITY\SYSTEM</Data>
  </EventData>
</Event>
"
Microsoft-Windows-Sysmon/Operational,,,WinDev2309Eval,,,,,,,,,10.0.22621.2506,13,4238,SetValue,,,C:\Windows\winsxs\amd64_microsoft-windows-servicingstack_31bf3856ad364e35_10.0.22621.2567_none_e93fb1d442e4b410\TiWorker.exe,,,0x8000000000000000,4,,,,,0,,,,,,,{f57bd86a-1c28-6582-0806-000000000b00},10484,10300.0,,,,,,InvDB-DriverVer,,,,,,,,,,,,,2023-12-19T22:42:32.1772614Z,,,HKLM\System\CurrentControlSet\Control\Class\{4d36e967-e325-11ce-bfc1-08002be10318}\0000\DriverVersion,,,,13,,10592,NT AUTHORITY\SYSTEM,S-1-5-18,42:32.2,2.0,"<Event xmlns=""http://schemas.microsoft.com/win/2004/08/events/event"">
  <System>
    <Provider Name=""Microsoft-Windows-Sysmon"" Guid=""{5770385f-c22a-43e0-bf4c-06f5698ffbd9}""/>
    <EventID>13</EventID>
    <Version>2</Version>
    <Level>4</Level>
    <Task>13</Task>
    <Opcode>0</Opcode>
    <Keywords>0x8000000000000000</Keywords>
    <TimeCreated SystemTime=""2023-12-19T22:42:32.1772614Z""/>
    <EventRecordID>4238</EventRecordID>
    <Correlation/>
    <Execution ProcessID=""10484"" ThreadID=""10592""/>
    <Channel>Microsoft-Windows-Sysmon/Operational</Channel>
    <Computer>WinDev2309Eval</Computer>
    <Security UserID=""S-1-5-18""/>
  </System>
  <EventData>
    <Data Name=""RuleName"">InvDB-DriverVer</Data>
    <Data Name=""EventType"">SetValue</Data>
    <Data Name=""UtcTime"">2023-12-19 22:42:32.162</Data>
    <Data Name=""ProcessGuid"">{f57bd86a-1c28-6582-0806-000000000b00}</Data>
    <Data Name=""ProcessId"">10300</Data>
    <Data Name=""Image"">C:\Windows\winsxs\amd64_microsoft-windows-servicingstack_31bf3856ad364e35_10.0.22621.2567_none_e93fb1d442e4b410\TiWorker.exe</Data>
    <Data Name=""TargetObject"">HKLM\System\CurrentControlSet\Control\Class\{4d36e967-e325-11ce-bfc1-08002be10318}\0000\DriverVersion</Data>
    <Data Name=""Details"">10.0.22621.2506</Data>
    <Data Name=""User"">NT AUTHORITY\SYSTEM</Data>
  </EventData>
</Event>
"
Microsoft-Windows-Sysmon/Operational,,,WinDev2309Eval,,,,,,,,,10.0.22621.2506,13,4237,SetValue,,,C:\Windows\winsxs\amd64_microsoft-windows-servicingstack_31bf3856ad364e35_10.0.22621.2567_none_e93fb1d442e4b410\TiWorker.exe,,,0x8000000000000000,4,,,,,0,,,,,,,{f57bd86a-1c28-6582-0806-000000000b00},10484,10300.0,,,,,,InvDB-DriverVer,,,,,,,,,,,,,2023-12-19T22:42:32.1722134Z,,,HKLM\System\CurrentControlSet\Control\Class\{50127dc3-0f36-415e-a6cc-4cb3be910b65}\0003\DriverVersion,,,,13,,10592,NT AUTHORITY\SYSTEM,S-1-5-18,42:32.2,2.0,"<Event xmlns=""http://schemas.microsoft.com/win/2004/08/events/event"">
  <System>
    <Provider Name=""Microsoft-Windows-Sysmon"" Guid=""{5770385f-c22a-43e0-bf4c-06f5698ffbd9}""/>
    <EventID>13</EventID>
    <Version>2</Version>
    <Level>4</Level>
    <Task>13</Task>
    <Opcode>0</Opcode>
    <Keywords>0x8000000000000000</Keywords>
    <TimeCreated SystemTime=""2023-12-19T22:42:32.1722134Z""/>
    <EventRecordID>4237</EventRecordID>
    <Correlation/>
    <Execution ProcessID=""10484"" ThreadID=""10592""/>
    <Channel>Microsoft-Windows-Sysmon/Operational</Channel>
    <Computer>WinDev2309Eval</Computer>
    <Security UserID=""S-1-5-18""/>
  </System>
  <EventData>
    <Data Name=""RuleName"">InvDB-DriverVer</Data>
    <Data Name=""EventType"">SetValue</Data>
    <Data Name=""UtcTime"">2023-12-19 22:42:32.162</Data>
    <Data Name=""ProcessGuid"">{f57bd86a-1c28-6582-0806-000000000b00}</Data>
    <Data Name=""ProcessId"">10300</Data>
    <Data Name=""Image"">C:\Windows\winsxs\amd64_microsoft-windows-servicingstack_31bf3856ad364e35_10.0.22621.2567_none_e93fb1d442e4b410\TiWorker.exe</Data>
    <Data Name=""TargetObject"">HKLM\System\CurrentControlSet\Control\Class\{50127dc3-0f36-415e-a6cc-4cb3be910b65}\0003\DriverVersion</Data>
    <Data Name=""Details"">10.0.22621.2506</Data>
    <Data Name=""User"">NT AUTHORITY\SYSTEM</Data>
  </EventData>
</Event>
"
Microsoft-Windows-Sysmon/Operational,,,WinDev2309Eval,,,,,,,,,10.0.22621.2506,13,4236,SetValue,,,C:\Windows\winsxs\amd64_microsoft-windows-servicingstack_31bf3856ad364e35_10.0.22621.2567_none_e93fb1d442e4b410\TiWorker.exe,,,0x8000000000000000,4,,,,,0,,,,,,,{f57bd86a-1c28-6582-0806-000000000b00},10484,10300.0,,,,,,InvDB-DriverVer,,,,,,,,,,,,,2023-12-19T22:42:32.1692514Z,,,HKLM\System\CurrentControlSet\Control\Class\{50127dc3-0f36-415e-a6cc-4cb3be910b65}\0002\DriverVersion,,,,13,,10592,NT AUTHORITY\SYSTEM,S-1-5-18,42:32.2,2.0,"<Event xmlns=""http://schemas.microsoft.com/win/2004/08/events/event"">
  <System>
    <Provider Name=""Microsoft-Windows-Sysmon"" Guid=""{5770385f-c22a-43e0-bf4c-06f5698ffbd9}""/>
    <EventID>13</EventID>
    <Version>2</Version>
    <Level>4</Level>
    <Task>13</Task>
    <Opcode>0</Opcode>
    <Keywords>0x8000000000000000</Keywords>
    <TimeCreated SystemTime=""2023-12-19T22:42:32.1692514Z""/>
    <EventRecordID>4236</EventRecordID>
    <Correlation/>
    <Execution ProcessID=""10484"" ThreadID=""10592""/>
    <Channel>Microsoft-Windows-Sysmon/Operational</Channel>
    <Computer>WinDev2309Eval</Computer>
    <Security UserID=""S-1-5-18""/>
  </System>
  <EventData>
    <Data Name=""RuleName"">InvDB-DriverVer</Data>
    <Data Name=""EventType"">SetValue</Data>
    <Data Name=""UtcTime"">2023-12-19 22:42:32.162</Data>
    <Data Name=""ProcessGuid"">{f57bd86a-1c28-6582-0806-000000000b00}</Data>
    <Data Name=""ProcessId"">10300</Data>
    <Data Name=""Image"">C:\Windows\winsxs\amd64_microsoft-windows-servicingstack_31bf3856ad364e35_10.0.22621.2567_none_e93fb1d442e4b410\TiWorker.exe</Data>
    <Data Name=""TargetObject"">HKLM\System\CurrentControlSet\Control\Class\{50127dc3-0f36-415e-a6cc-4cb3be910b65}\0002\DriverVersion</Data>
    <Data Name=""Details"">10.0.22621.2506</Data>
    <Data Name=""User"">NT AUTHORITY\SYSTEM</Data>
  </EventData>
</Event>
"
Microsoft-Windows-Sysmon/Operational,,,WinDev2309Eval,,,,,,,,,10.0.22621.2506,13,4235,SetValue,,,C:\Windows\winsxs\amd64_microsoft-windows-servicingstack_31bf3856ad364e35_10.0.22621.2567_none_e93fb1d442e4b410\TiWorker.exe,,,0x8000000000000000,4,,,,,0,,,,,,,{f57bd86a-1c28-6582-0806-000000000b00},10484,10300.0,,,,,,InvDB-DriverVer,,,,,,,,,,,,,2023-12-19T22:42:32.1664526Z,,,HKLM\System\CurrentControlSet\Control\Class\{50127dc3-0f36-415e-a6cc-4cb3be910b65}\0001\DriverVersion,,,,13,,10592,NT AUTHORITY\SYSTEM,S-1-5-18,42:32.2,2.0,"<Event xmlns=""http://schemas.microsoft.com/win/2004/08/events/event"">
  <System>
    <Provider Name=""Microsoft-Windows-Sysmon"" Guid=""{5770385f-c22a-43e0-bf4c-06f5698ffbd9}""/>
    <EventID>13</EventID>
    <Version>2</Version>
    <Level>4</Level>
    <Task>13</Task>
    <Opcode>0</Opcode>
    <Keywords>0x8000000000000000</Keywords>
    <TimeCreated SystemTime=""2023-12-19T22:42:32.1664526Z""/>
    <EventRecordID>4235</EventRecordID>
    <Correlation/>
    <Execution ProcessID=""10484"" ThreadID=""10592""/>
    <Channel>Microsoft-Windows-Sysmon/Operational</Channel>
    <Computer>WinDev2309Eval</Computer>
    <Security UserID=""S-1-5-18""/>
  </System>
  <EventData>
    <Data Name=""RuleName"">InvDB-DriverVer</Data>
    <Data Name=""EventType"">SetValue</Data>
    <Data Name=""UtcTime"">2023-12-19 22:42:32.162</Data>
    <Data Name=""ProcessGuid"">{f57bd86a-1c28-6582-0806-000000000b00}</Data>
    <Data Name=""ProcessId"">10300</Data>
    <Data Name=""Image"">C:\Windows\winsxs\amd64_microsoft-windows-servicingstack_31bf3856ad364e35_10.0.22621.2567_none_e93fb1d442e4b410\TiWorker.exe</Data>
    <Data Name=""TargetObject"">HKLM\System\CurrentControlSet\Control\Class\{50127dc3-0f36-415e-a6cc-4cb3be910b65}\0001\DriverVersion</Data>
    <Data Name=""Details"">10.0.22621.2506</Data>
    <Data Name=""User"">NT AUTHORITY\SYSTEM</Data>
  </EventData>
</Event>
"
Microsoft-Windows-Sysmon/Operational,,,WinDev2309Eval,,,,,,,,,10.0.22621.2506,13,4234,SetValue,,,C:\Windows\winsxs\amd64_microsoft-windows-servicingstack_31bf3856ad364e35_10.0.22621.2567_none_e93fb1d442e4b410\TiWorker.exe,,,0x8000000000000000,4,,,,,0,,,,,,,{f57bd86a-1c28-6582-0806-000000000b00},10484,10300.0,,,,,,InvDB-DriverVer,,,,,,,,,,,,,2023-12-19T22:42:32.1638595Z,,,HKLM\System\CurrentControlSet\Control\Class\{50127dc3-0f36-415e-a6cc-4cb3be910b65}\0000\DriverVersion,,,,13,,10592,NT AUTHORITY\SYSTEM,S-1-5-18,42:32.2,2.0,"<Event xmlns=""http://schemas.microsoft.com/win/2004/08/events/event"">
  <System>
    <Provider Name=""Microsoft-Windows-Sysmon"" Guid=""{5770385f-c22a-43e0-bf4c-06f5698ffbd9}""/>
    <EventID>13</EventID>
    <Version>2</Version>
    <Level>4</Level>
    <Task>13</Task>
    <Opcode>0</Opcode>
    <Keywords>0x8000000000000000</Keywords>
    <TimeCreated SystemTime=""2023-12-19T22:42:32.1638595Z""/>
    <EventRecordID>4234</EventRecordID>
    <Correlation/>
    <Execution ProcessID=""10484"" ThreadID=""10592""/>
    <Channel>Microsoft-Windows-Sysmon/Operational</Channel>
    <Computer>WinDev2309Eval</Computer>
    <Security UserID=""S-1-5-18""/>
  </System>
  <EventData>
    <Data Name=""RuleName"">InvDB-DriverVer</Data>
    <Data Name=""EventType"">SetValue</Data>
    <Data Name=""UtcTime"">2023-12-19 22:42:32.162</Data>
    <Data Name=""ProcessGuid"">{f57bd86a-1c28-6582-0806-000000000b00}</Data>
    <Data Name=""ProcessId"">10300</Data>
    <Data Name=""Image"">C:\Windows\winsxs\amd64_microsoft-windows-servicingstack_31bf3856ad364e35_10.0.22621.2567_none_e93fb1d442e4b410\TiWorker.exe</Data>
    <Data Name=""TargetObject"">HKLM\System\CurrentControlSet\Control\Class\{50127dc3-0f36-415e-a6cc-4cb3be910b65}\0000\DriverVersion</Data>
    <Data Name=""Details"">10.0.22621.2506</Data>
    <Data Name=""User"">NT AUTHORITY\SYSTEM</Data>
  </EventData>
</Event>
"
Microsoft-Windows-Sysmon/Operational,,,WinDev2309Eval,,,,,,,,,10.0.22621.2506,13,4233,SetValue,,,C:\Windows\winsxs\amd64_microsoft-windows-servicingstack_31bf3856ad364e35_10.0.22621.2567_none_e93fb1d442e4b410\TiWorker.exe,,,0x8000000000000000,4,,,,,0,,,,,,,{f57bd86a-1c28-6582-0806-000000000b00},10484,10300.0,,,,,,InvDB-DriverVer,,,,,,,,,,,,,2023-12-19T22:42:32.1603095Z,,,HKLM\System\CurrentControlSet\Control\Class\{50127dc3-0f36-415e-a6cc-4cb3be910b65}\0007\DriverVersion,,,,13,,10592,NT AUTHORITY\SYSTEM,S-1-5-18,42:32.1,2.0,"<Event xmlns=""http://schemas.microsoft.com/win/2004/08/events/event"">
  <System>
    <Provider Name=""Microsoft-Windows-Sysmon"" Guid=""{5770385f-c22a-43e0-bf4c-06f5698ffbd9}""/>
    <EventID>13</EventID>
    <Version>2</Version>
    <Level>4</Level>
    <Task>13</Task>
    <Opcode>0</Opcode>
    <Keywords>0x8000000000000000</Keywords>
    <TimeCreated SystemTime=""2023-12-19T22:42:32.1603095Z""/>
    <EventRecordID>4233</EventRecordID>
    <Correlation/>
    <Execution ProcessID=""10484"" ThreadID=""10592""/>
    <Channel>Microsoft-Windows-Sysmon/Operational</Channel>
    <Computer>WinDev2309Eval</Computer>
    <Security UserID=""S-1-5-18""/>
  </System>
  <EventData>
    <Data Name=""RuleName"">InvDB-DriverVer</Data>
    <Data Name=""EventType"">SetValue</Data>
    <Data Name=""UtcTime"">2023-12-19 22:42:32.146</Data>
    <Data Name=""ProcessGuid"">{f57bd86a-1c28-6582-0806-000000000b00}</Data>
    <Data Name=""ProcessId"">10300</Data>
    <Data Name=""Image"">C:\Windows\winsxs\amd64_microsoft-windows-servicingstack_31bf3856ad364e35_10.0.22621.2567_none_e93fb1d442e4b410\TiWorker.exe</Data>
    <Data Name=""TargetObject"">HKLM\System\CurrentControlSet\Control\Class\{50127dc3-0f36-415e-a6cc-4cb3be910b65}\0007\DriverVersion</Data>
    <Data Name=""Details"">10.0.22621.2506</Data>
    <Data Name=""User"">NT AUTHORITY\SYSTEM</Data>
  </EventData>
</Event>
"
Microsoft-Windows-Sysmon/Operational,,,WinDev2309Eval,,,,,,,,,10.0.22621.2506,13,4232,SetValue,,,C:\Windows\winsxs\amd64_microsoft-windows-servicingstack_31bf3856ad364e35_10.0.22621.2567_none_e93fb1d442e4b410\TiWorker.exe,,,0x8000000000000000,4,,,,,0,,,,,,,{f57bd86a-1c28-6582-0806-000000000b00},10484,10300.0,,,,,,InvDB-DriverVer,,,,,,,,,,,,,2023-12-19T22:42:32.1579572Z,,,HKLM\System\CurrentControlSet\Control\Class\{50127dc3-0f36-415e-a6cc-4cb3be910b65}\0006\DriverVersion,,,,13,,10592,NT AUTHORITY\SYSTEM,S-1-5-18,42:32.1,2.0,"<Event xmlns=""http://schemas.microsoft.com/win/2004/08/events/event"">
  <System>
    <Provider Name=""Microsoft-Windows-Sysmon"" Guid=""{5770385f-c22a-43e0-bf4c-06f5698ffbd9}""/>
    <EventID>13</EventID>
    <Version>2</Version>
    <Level>4</Level>
    <Task>13</Task>
    <Opcode>0</Opcode>
    <Keywords>0x8000000000000000</Keywords>
    <TimeCreated SystemTime=""2023-12-19T22:42:32.1579572Z""/>
    <EventRecordID>4232</EventRecordID>
    <Correlation/>
    <Execution ProcessID=""10484"" ThreadID=""10592""/>
    <Channel>Microsoft-Windows-Sysmon/Operational</Channel>
    <Computer>WinDev2309Eval</Computer>
    <Security UserID=""S-1-5-18""/>
  </System>
  <EventData>
    <Data Name=""RuleName"">InvDB-DriverVer</Data>
    <Data Name=""EventType"">SetValue</Data>
    <Data Name=""UtcTime"">2023-12-19 22:42:32.146</Data>
    <Data Name=""ProcessGuid"">{f57bd86a-1c28-6582-0806-000000000b00}</Data>
    <Data Name=""ProcessId"">10300</Data>
    <Data Name=""Image"">C:\Windows\winsxs\amd64_microsoft-windows-servicingstack_31bf3856ad364e35_10.0.22621.2567_none_e93fb1d442e4b410\TiWorker.exe</Data>
    <Data Name=""TargetObject"">HKLM\System\CurrentControlSet\Control\Class\{50127dc3-0f36-415e-a6cc-4cb3be910b65}\0006\DriverVersion</Data>
    <Data Name=""Details"">10.0.22621.2506</Data>
    <Data Name=""User"">NT AUTHORITY\SYSTEM</Data>
  </EventData>
</Event>
"
