Channel,CommandLine,Company,Computer,CreationUtcTime,CurrentDirectory,Description,DestinationHostname,DestinationIp,DestinationIsIpv6,DestinationPort,DestinationPortName,Details,EventID,EventRecordID,EventType,FileVersion,Hashes,Image,Initiated,IntegrityLevel,Keywords,Level,LogonGuid,LogonId,Message,NewThreadId,Opcode,OriginalFileName,ParentCommandLine,ParentImage,ParentProcessGuid,ParentProcessId,ParentUser,ProcessGuid,ProcessID,ProcessId,Product,Protocol,QueryName,QueryResults,QueryStatus,RuleName,SourceHostname,SourceImage,SourceIp,SourceIsIpv6,SourcePort,SourcePortName,SourceProcessGuid,SourceProcessId,SourceUser,StartAddress,StartFunction,StartModule,SystemTime,TargetFilename,TargetImage,TargetObject,TargetProcessGuid,TargetProcessId,TargetUser,Task,TerminalSessionId,ThreadID,User,UserID,UtcTime,Version,raw
Microsoft-Windows-Sysmon/Operational,,,WinDev2309Eval,36:45.7,,,,,,,,,11,6299,,,,C:\Windows\Microsoft.NET\Framework\v4.0.30319\mscorsvw.exe,,,0x8000000000000000,4,,,,,0,,,,,,,{f57bd86a-234d-6584-cd05-000000000d00},3400,1784.0,,,,,,EXE,,,,,,,,,,,,,2023-12-21T11:36:45.6677957Z,C:\Windows\assembly\NativeImages_v4.0.30319_32\Temp\6f8-0\ilc.exe,,,,,,11,,4208,NT AUTHORITY\SYSTEM,S-1-5-18,36:45.7,2.0,"<Event xmlns=""http://schemas.microsoft.com/win/2004/08/events/event"">
  <System>
    <Provider Name=""Microsoft-Windows-Sysmon"" Guid=""{5770385f-c22a-43e0-bf4c-06f5698ffbd9}""/>
    <EventID>11</EventID>
    <Version>2</Version>
    <Level>4</Level>
    <Task>11</Task>
    <Opcode>0</Opcode>
    <Keywords>0x8000000000000000</Keywords>
    <TimeCreated SystemTime=""2023-12-21T11:36:45.6677957Z""/>
    <EventRecordID>6299</EventRecordID>
    <Correlation/>
    <Execution ProcessID=""3400"" ThreadID=""4208""/>
    <Channel>Microsoft-Windows-Sysmon/Operational</Channel>
    <Computer>WinDev2309Eval</Computer>
    <Security UserID=""S-1-5-18""/>
  </System>
  <EventData>
    <Data Name=""RuleName"">EXE</Data>
    <Data Name=""UtcTime"">2023-12-21 11:36:45.660</Data>
    <Data Name=""ProcessGuid"">{f57bd86a-234d-6584-cd05-000000000d00}</Data>
    <Data Name=""ProcessId"">1784</Data>
    <Data Name=""Image"">C:\Windows\Microsoft.NET\Framework\v4.0.30319\mscorsvw.exe</Data>
    <Data Name=""TargetFilename"">C:\Windows\assembly\NativeImages_v4.0.30319_32\Temp\6f8-0\ilc.exe</Data>
    <Data Name=""CreationUtcTime"">2023-12-21 11:36:45.660</Data>
    <Data Name=""User"">NT AUTHORITY\SYSTEM</Data>
  </EventData>
</Event>
"
Microsoft-Windows-Sysmon/Operational,,,WinDev2309Eval,36:43.5,,,,,,,,,11,6298,,,,C:\Windows\Microsoft.NET\Framework\v4.0.30319\mscorsvw.exe,,,0x8000000000000000,4,,,,,0,,,,,,,{f57bd86a-234b-6584-c305-000000000d00},3400,9408.0,,,,,,DLL,,,,,,,,,,,,,2023-12-21T11:36:43.4665628Z,C:\Windows\assembly\NativeImages_v4.0.30319_32\Temp\24c0-0\WCFDispatchProxy.dll,,,,,,11,,4208,NT AUTHORITY\SYSTEM,S-1-5-18,36:43.5,2.0,"<Event xmlns=""http://schemas.microsoft.com/win/2004/08/events/event"">
  <System>
    <Provider Name=""Microsoft-Windows-Sysmon"" Guid=""{5770385f-c22a-43e0-bf4c-06f5698ffbd9}""/>
    <EventID>11</EventID>
    <Version>2</Version>
    <Level>4</Level>
    <Task>11</Task>
    <Opcode>0</Opcode>
    <Keywords>0x8000000000000000</Keywords>
    <TimeCreated SystemTime=""2023-12-21T11:36:43.4665628Z""/>
    <EventRecordID>6298</EventRecordID>
    <Correlation/>
    <Execution ProcessID=""3400"" ThreadID=""4208""/>
    <Channel>Microsoft-Windows-Sysmon/Operational</Channel>
    <Computer>WinDev2309Eval</Computer>
    <Security UserID=""S-1-5-18""/>
  </System>
  <EventData>
    <Data Name=""RuleName"">DLL</Data>
    <Data Name=""UtcTime"">2023-12-21 11:36:43.464</Data>
    <Data Name=""ProcessGuid"">{f57bd86a-234b-6584-c305-000000000d00}</Data>
    <Data Name=""ProcessId"">9408</Data>
    <Data Name=""Image"">C:\Windows\Microsoft.NET\Framework\v4.0.30319\mscorsvw.exe</Data>
    <Data Name=""TargetFilename"">C:\Windows\assembly\NativeImages_v4.0.30319_32\Temp\24c0-0\WCFDispatchProxy.dll</Data>
    <Data Name=""CreationUtcTime"">2023-12-21 11:36:43.464</Data>
    <Data Name=""User"">NT AUTHORITY\SYSTEM</Data>
  </EventData>
</Event>
"
Microsoft-Windows-Sysmon/Operational,,,WinDev2309Eval,36:43.1,,,,,,,,,11,6297,,,,C:\Windows\Microsoft.NET\Framework\v4.0.30319\mscorsvw.exe,,,0x8000000000000000,4,,,,,0,,,,,,,{f57bd86a-234b-6584-c105-000000000d00},3400,6156.0,,,,,,DLL,,,,,,,,,,,,,2023-12-21T11:36:43.1471104Z,C:\Windows\assembly\NativeImages_v4.0.30319_32\Temp\180c-0\TypeNameUtilities.dll,,,,,,11,,4208,NT AUTHORITY\SYSTEM,S-1-5-18,36:43.1,2.0,"<Event xmlns=""http://schemas.microsoft.com/win/2004/08/events/event"">
  <System>
    <Provider Name=""Microsoft-Windows-Sysmon"" Guid=""{5770385f-c22a-43e0-bf4c-06f5698ffbd9}""/>
    <EventID>11</EventID>
    <Version>2</Version>
    <Level>4</Level>
    <Task>11</Task>
    <Opcode>0</Opcode>
    <Keywords>0x8000000000000000</Keywords>
    <TimeCreated SystemTime=""2023-12-21T11:36:43.1471104Z""/>
    <EventRecordID>6297</EventRecordID>
    <Correlation/>
    <Execution ProcessID=""3400"" ThreadID=""4208""/>
    <Channel>Microsoft-Windows-Sysmon/Operational</Channel>
    <Computer>WinDev2309Eval</Computer>
    <Security UserID=""S-1-5-18""/>
  </System>
  <EventData>
    <Data Name=""RuleName"">DLL</Data>
    <Data Name=""UtcTime"">2023-12-21 11:36:43.136</Data>
    <Data Name=""ProcessGuid"">{f57bd86a-234b-6584-c105-000000000d00}</Data>
    <Data Name=""ProcessId"">6156</Data>
    <Data Name=""Image"">C:\Windows\Microsoft.NET\Framework\v4.0.30319\mscorsvw.exe</Data>
    <Data Name=""TargetFilename"">C:\Windows\assembly\NativeImages_v4.0.30319_32\Temp\180c-0\TypeNameUtilities.dll</Data>
    <Data Name=""CreationUtcTime"">2023-12-21 11:36:43.136</Data>
    <Data Name=""User"">NT AUTHORITY\SYSTEM</Data>
  </EventData>
</Event>
"
Microsoft-Windows-Sysmon/Operational,,,WinDev2309Eval,36:42.4,,,,,,,,,11,6296,,,,C:\Windows\Microsoft.NET\Framework\v4.0.30319\mscorsvw.exe,,,0x8000000000000000,4,,,,,0,,,,,,,{f57bd86a-2346-6584-bd05-000000000d00},3400,4996.0,,,,,,EXE,,,,,,,,,,,,,2023-12-21T11:36:42.3813353Z,C:\Windows\assembly\NativeImages_v4.0.30319_32\Temp\1384-0\sg.exe,,,,,,11,,4208,NT AUTHORITY\SYSTEM,S-1-5-18,36:42.4,2.0,"<Event xmlns=""http://schemas.microsoft.com/win/2004/08/events/event"">
  <System>
    <Provider Name=""Microsoft-Windows-Sysmon"" Guid=""{5770385f-c22a-43e0-bf4c-06f5698ffbd9}""/>
    <EventID>11</EventID>
    <Version>2</Version>
    <Level>4</Level>
    <Task>11</Task>
    <Opcode>0</Opcode>
    <Keywords>0x8000000000000000</Keywords>
    <TimeCreated SystemTime=""2023-12-21T11:36:42.3813353Z""/>
    <EventRecordID>6296</EventRecordID>
    <Correlation/>
    <Execution ProcessID=""3400"" ThreadID=""4208""/>
    <Channel>Microsoft-Windows-Sysmon/Operational</Channel>
    <Computer>WinDev2309Eval</Computer>
    <Security UserID=""S-1-5-18""/>
  </System>
  <EventData>
    <Data Name=""RuleName"">EXE</Data>
    <Data Name=""UtcTime"">2023-12-21 11:36:42.368</Data>
    <Data Name=""ProcessGuid"">{f57bd86a-2346-6584-bd05-000000000d00}</Data>
    <Data Name=""ProcessId"">4996</Data>
    <Data Name=""Image"">C:\Windows\Microsoft.NET\Framework\v4.0.30319\mscorsvw.exe</Data>
    <Data Name=""TargetFilename"">C:\Windows\assembly\NativeImages_v4.0.30319_32\Temp\1384-0\sg.exe</Data>
    <Data Name=""CreationUtcTime"">2023-12-21 11:36:42.368</Data>
    <Data Name=""User"">NT AUTHORITY\SYSTEM</Data>
  </EventData>
</Event>
"
Microsoft-Windows-Sysmon/Operational,,,WinDev2309Eval,36:38.0,,,,,,,,,11,6295,,,,C:\Windows\Microsoft.NET\Framework\v4.0.30319\mscorsvw.exe,,,0x8000000000000000,4,,,,,0,,,,,,,{f57bd86a-2345-6584-bb05-000000000d00},3400,3140.0,,,,,,DLL,,,,,,,,,,,,,2023-12-21T11:36:37.9997728Z,C:\Windows\assembly\NativeImages_v4.0.30319_32\Temp\c44-0\ReducerEngine.dll,,,,,,11,,4208,NT AUTHORITY\SYSTEM,S-1-5-18,36:38.0,2.0,"<Event xmlns=""http://schemas.microsoft.com/win/2004/08/events/event"">
  <System>
    <Provider Name=""Microsoft-Windows-Sysmon"" Guid=""{5770385f-c22a-43e0-bf4c-06f5698ffbd9}""/>
    <EventID>11</EventID>
    <Version>2</Version>
    <Level>4</Level>
    <Task>11</Task>
    <Opcode>0</Opcode>
    <Keywords>0x8000000000000000</Keywords>
    <TimeCreated SystemTime=""2023-12-21T11:36:37.9997728Z""/>
    <EventRecordID>6295</EventRecordID>
    <Correlation/>
    <Execution ProcessID=""3400"" ThreadID=""4208""/>
    <Channel>Microsoft-Windows-Sysmon/Operational</Channel>
    <Computer>WinDev2309Eval</Computer>
    <Security UserID=""S-1-5-18""/>
  </System>
  <EventData>
    <Data Name=""RuleName"">DLL</Data>
    <Data Name=""UtcTime"">2023-12-21 11:36:37.984</Data>
    <Data Name=""ProcessGuid"">{f57bd86a-2345-6584-bb05-000000000d00}</Data>
    <Data Name=""ProcessId"">3140</Data>
    <Data Name=""Image"">C:\Windows\Microsoft.NET\Framework\v4.0.30319\mscorsvw.exe</Data>
    <Data Name=""TargetFilename"">C:\Windows\assembly\NativeImages_v4.0.30319_32\Temp\c44-0\ReducerEngine.dll</Data>
    <Data Name=""CreationUtcTime"">2023-12-21 11:36:37.984</Data>
    <Data Name=""User"">NT AUTHORITY\SYSTEM</Data>
  </EventData>
</Event>
"
Microsoft-Windows-Sysmon/Operational,,,WinDev2309Eval,36:36.7,,,,,,,,,11,6294,,,,C:\Windows\Microsoft.NET\Framework\v4.0.30319\mscorsvw.exe,,,0x8000000000000000,4,,,,,0,,,,,,,{f57bd86a-2344-6584-b805-000000000d00},3400,6972.0,,,,,,DLL,,,,,,,,,,,,,2023-12-21T11:36:36.6962788Z,C:\Windows\assembly\NativeImages_v4.0.30319_32\Temp\1b3c-0\NativeFormatWriter.dll,,,,,,11,,4208,NT AUTHORITY\SYSTEM,S-1-5-18,36:36.7,2.0,"<Event xmlns=""http://schemas.microsoft.com/win/2004/08/events/event"">
  <System>
    <Provider Name=""Microsoft-Windows-Sysmon"" Guid=""{5770385f-c22a-43e0-bf4c-06f5698ffbd9}""/>
    <EventID>11</EventID>
    <Version>2</Version>
    <Level>4</Level>
    <Task>11</Task>
    <Opcode>0</Opcode>
    <Keywords>0x8000000000000000</Keywords>
    <TimeCreated SystemTime=""2023-12-21T11:36:36.6962788Z""/>
    <EventRecordID>6294</EventRecordID>
    <Correlation/>
    <Execution ProcessID=""3400"" ThreadID=""4208""/>
    <Channel>Microsoft-Windows-Sysmon/Operational</Channel>
    <Computer>WinDev2309Eval</Computer>
    <Security UserID=""S-1-5-18""/>
  </System>
  <EventData>
    <Data Name=""RuleName"">DLL</Data>
    <Data Name=""UtcTime"">2023-12-21 11:36:36.685</Data>
    <Data Name=""ProcessGuid"">{f57bd86a-2344-6584-b805-000000000d00}</Data>
    <Data Name=""ProcessId"">6972</Data>
    <Data Name=""Image"">C:\Windows\Microsoft.NET\Framework\v4.0.30319\mscorsvw.exe</Data>
    <Data Name=""TargetFilename"">C:\Windows\assembly\NativeImages_v4.0.30319_32\Temp\1b3c-0\NativeFormatWriter.dll</Data>
    <Data Name=""CreationUtcTime"">2023-12-21 11:36:36.685</Data>
    <Data Name=""User"">NT AUTHORITY\SYSTEM</Data>
  </EventData>
</Event>
"
Microsoft-Windows-Sysmon/Operational,,,WinDev2309Eval,36:35.9,,,,,,,,,11,6293,,,,C:\Windows\Microsoft.NET\Framework\v4.0.30319\mscorsvw.exe,,,0x8000000000000000,4,,,,,0,,,,,,,{f57bd86a-2343-6584-b305-000000000d00},3400,2116.0,,,,,,DLL,,,,,,,,,,,,,2023-12-21T11:36:35.8744486Z,C:\Windows\assembly\NativeImages_v4.0.30319_32\Temp\844-0\Microsoft.NetNative.Instrumentation.dll,,,,,,11,,4208,NT AUTHORITY\SYSTEM,S-1-5-18,36:35.9,2.0,"<Event xmlns=""http://schemas.microsoft.com/win/2004/08/events/event"">
  <System>
    <Provider Name=""Microsoft-Windows-Sysmon"" Guid=""{5770385f-c22a-43e0-bf4c-06f5698ffbd9}""/>
    <EventID>11</EventID>
    <Version>2</Version>
    <Level>4</Level>
    <Task>11</Task>
    <Opcode>0</Opcode>
    <Keywords>0x8000000000000000</Keywords>
    <TimeCreated SystemTime=""2023-12-21T11:36:35.8744486Z""/>
    <EventRecordID>6293</EventRecordID>
    <Correlation/>
    <Execution ProcessID=""3400"" ThreadID=""4208""/>
    <Channel>Microsoft-Windows-Sysmon/Operational</Channel>
    <Computer>WinDev2309Eval</Computer>
    <Security UserID=""S-1-5-18""/>
  </System>
  <EventData>
    <Data Name=""RuleName"">DLL</Data>
    <Data Name=""UtcTime"">2023-12-21 11:36:35.872</Data>
    <Data Name=""ProcessGuid"">{f57bd86a-2343-6584-b305-000000000d00}</Data>
    <Data Name=""ProcessId"">2116</Data>
    <Data Name=""Image"">C:\Windows\Microsoft.NET\Framework\v4.0.30319\mscorsvw.exe</Data>
    <Data Name=""TargetFilename"">C:\Windows\assembly\NativeImages_v4.0.30319_32\Temp\844-0\Microsoft.NetNative.Instrumentation.dll</Data>
    <Data Name=""CreationUtcTime"">2023-12-21 11:36:35.872</Data>
    <Data Name=""User"">NT AUTHORITY\SYSTEM</Data>
  </EventData>
</Event>
"
Microsoft-Windows-Sysmon/Operational,,,WinDev2309Eval,36:35.7,,,,,,,,,11,6292,,,,C:\Windows\Microsoft.NET\Framework\v4.0.30319\mscorsvw.exe,,,0x8000000000000000,4,,,,,0,,,,,,,{f57bd86a-2342-6584-b105-000000000d00},3400,3252.0,,,,,,DLL,,,,,,,,,,,,,2023-12-21T11:36:35.6846641Z,C:\Windows\assembly\NativeImages_v4.0.30319_32\Temp\cb4-0\Microsoft.NetNative.IL2IL.dll,,,,,,11,,4208,NT AUTHORITY\SYSTEM,S-1-5-18,36:35.7,2.0,"<Event xmlns=""http://schemas.microsoft.com/win/2004/08/events/event"">
  <System>
    <Provider Name=""Microsoft-Windows-Sysmon"" Guid=""{5770385f-c22a-43e0-bf4c-06f5698ffbd9}""/>
    <EventID>11</EventID>
    <Version>2</Version>
    <Level>4</Level>
    <Task>11</Task>
    <Opcode>0</Opcode>
    <Keywords>0x8000000000000000</Keywords>
    <TimeCreated SystemTime=""2023-12-21T11:36:35.6846641Z""/>
    <EventRecordID>6292</EventRecordID>
    <Correlation/>
    <Execution ProcessID=""3400"" ThreadID=""4208""/>
    <Channel>Microsoft-Windows-Sysmon/Operational</Channel>
    <Computer>WinDev2309Eval</Computer>
    <Security UserID=""S-1-5-18""/>
  </System>
  <EventData>
    <Data Name=""RuleName"">DLL</Data>
    <Data Name=""UtcTime"">2023-12-21 11:36:35.669</Data>
    <Data Name=""ProcessGuid"">{f57bd86a-2342-6584-b105-000000000d00}</Data>
    <Data Name=""ProcessId"">3252</Data>
    <Data Name=""Image"">C:\Windows\Microsoft.NET\Framework\v4.0.30319\mscorsvw.exe</Data>
    <Data Name=""TargetFilename"">C:\Windows\assembly\NativeImages_v4.0.30319_32\Temp\cb4-0\Microsoft.NetNative.IL2IL.dll</Data>
    <Data Name=""CreationUtcTime"">2023-12-21 11:36:35.669</Data>
    <Data Name=""User"">NT AUTHORITY\SYSTEM</Data>
  </EventData>
</Event>
"
Microsoft-Windows-Sysmon/Operational,,,WinDev2309Eval,36:33.9,,,,,,,,,11,6291,,,,C:\Windows\Microsoft.NET\Framework\v4.0.30319\mscorsvw.exe,,,0x8000000000000000,4,,,,,0,,,,,,,{f57bd86a-233e-6584-ad05-000000000d00},3400,12376.0,,,,,,DLL,,,,,,,,,,,,,2023-12-21T11:36:33.8880180Z,C:\Windows\assembly\NativeImages_v4.0.30319_32\Temp\3058-0\Microsoft.Cci.dll,,,,,,11,,4208,NT AUTHORITY\SYSTEM,S-1-5-18,36:33.9,2.0,"<Event xmlns=""http://schemas.microsoft.com/win/2004/08/events/event"">
  <System>
    <Provider Name=""Microsoft-Windows-Sysmon"" Guid=""{5770385f-c22a-43e0-bf4c-06f5698ffbd9}""/>
    <EventID>11</EventID>
    <Version>2</Version>
    <Level>4</Level>
    <Task>11</Task>
    <Opcode>0</Opcode>
    <Keywords>0x8000000000000000</Keywords>
    <TimeCreated SystemTime=""2023-12-21T11:36:33.8880180Z""/>
    <EventRecordID>6291</EventRecordID>
    <Correlation/>
    <Execution ProcessID=""3400"" ThreadID=""4208""/>
    <Channel>Microsoft-Windows-Sysmon/Operational</Channel>
    <Computer>WinDev2309Eval</Computer>
    <Security UserID=""S-1-5-18""/>
  </System>
  <EventData>
    <Data Name=""RuleName"">DLL</Data>
    <Data Name=""UtcTime"">2023-12-21 11:36:33.885</Data>
    <Data Name=""ProcessGuid"">{f57bd86a-233e-6584-ad05-000000000d00}</Data>
    <Data Name=""ProcessId"">12376</Data>
    <Data Name=""Image"">C:\Windows\Microsoft.NET\Framework\v4.0.30319\mscorsvw.exe</Data>
    <Data Name=""TargetFilename"">C:\Windows\assembly\NativeImages_v4.0.30319_32\Temp\3058-0\Microsoft.Cci.dll</Data>
    <Data Name=""CreationUtcTime"">2023-12-21 11:36:33.885</Data>
    <Data Name=""User"">NT AUTHORITY\SYSTEM</Data>
  </EventData>
</Event>
"
Microsoft-Windows-Sysmon/Operational,,,WinDev2309Eval,36:30.5,,,,,,,,,11,6290,,,,C:\Windows\Microsoft.NET\Framework\v4.0.30319\mscorsvw.exe,,,0x8000000000000000,4,,,,,0,,,,,,,{f57bd86a-233e-6584-ab05-000000000d00},3400,8572.0,,,,,,DLL,,,,,,,,,,,,,2023-12-21T11:36:30.5284030Z,C:\Windows\assembly\NativeImages_v4.0.30319_32\Temp\217c-0\Microsoft.Build.ILTasks.dll,,,,,,11,,4208,NT AUTHORITY\SYSTEM,S-1-5-18,36:30.5,2.0,"<Event xmlns=""http://schemas.microsoft.com/win/2004/08/events/event"">
  <System>
    <Provider Name=""Microsoft-Windows-Sysmon"" Guid=""{5770385f-c22a-43e0-bf4c-06f5698ffbd9}""/>
    <EventID>11</EventID>
    <Version>2</Version>
    <Level>4</Level>
    <Task>11</Task>
    <Opcode>0</Opcode>
    <Keywords>0x8000000000000000</Keywords>
    <TimeCreated SystemTime=""2023-12-21T11:36:30.5284030Z""/>
    <EventRecordID>6290</EventRecordID>
    <Correlation/>
    <Execution ProcessID=""3400"" ThreadID=""4208""/>
    <Channel>Microsoft-Windows-Sysmon/Operational</Channel>
    <Computer>WinDev2309Eval</Computer>
    <Security UserID=""S-1-5-18""/>
  </System>
  <EventData>
    <Data Name=""RuleName"">DLL</Data>
    <Data Name=""UtcTime"">2023-12-21 11:36:30.517</Data>
    <Data Name=""ProcessGuid"">{f57bd86a-233e-6584-ab05-000000000d00}</Data>
    <Data Name=""ProcessId"">8572</Data>
    <Data Name=""Image"">C:\Windows\Microsoft.NET\Framework\v4.0.30319\mscorsvw.exe</Data>
    <Data Name=""TargetFilename"">C:\Windows\assembly\NativeImages_v4.0.30319_32\Temp\217c-0\Microsoft.Build.ILTasks.dll</Data>
    <Data Name=""CreationUtcTime"">2023-12-21 11:36:30.517</Data>
    <Data Name=""User"">NT AUTHORITY\SYSTEM</Data>
  </EventData>
</Event>
"
Microsoft-Windows-Sysmon/Operational,,,WinDev2309Eval,36:30.3,,,,,,,,,11,6289,,,,C:\Windows\Microsoft.NET\Framework\v4.0.30319\mscorsvw.exe,,,0x8000000000000000,4,,,,,0,,,,,,,{f57bd86a-233e-6584-a905-000000000d00},3400,11960.0,,,,,,DLL,,,,,,,,,,,,,2023-12-21T11:36:30.3336518Z,C:\Windows\assembly\NativeImages_v4.0.30319_32\Temp\2eb8-0\MethodBodyEditor.dll,,,,,,11,,4208,NT AUTHORITY\SYSTEM,S-1-5-18,36:30.3,2.0,"<Event xmlns=""http://schemas.microsoft.com/win/2004/08/events/event"">
  <System>
    <Provider Name=""Microsoft-Windows-Sysmon"" Guid=""{5770385f-c22a-43e0-bf4c-06f5698ffbd9}""/>
    <EventID>11</EventID>
    <Version>2</Version>
    <Level>4</Level>
    <Task>11</Task>
    <Opcode>0</Opcode>
    <Keywords>0x8000000000000000</Keywords>
    <TimeCreated SystemTime=""2023-12-21T11:36:30.3336518Z""/>
    <EventRecordID>6289</EventRecordID>
    <Correlation/>
    <Execution ProcessID=""3400"" ThreadID=""4208""/>
    <Channel>Microsoft-Windows-Sysmon/Operational</Channel>
    <Computer>WinDev2309Eval</Computer>
    <Security UserID=""S-1-5-18""/>
  </System>
  <EventData>
    <Data Name=""RuleName"">DLL</Data>
    <Data Name=""UtcTime"">2023-12-21 11:36:30.330</Data>
    <Data Name=""ProcessGuid"">{f57bd86a-233e-6584-a905-000000000d00}</Data>
    <Data Name=""ProcessId"">11960</Data>
    <Data Name=""Image"">C:\Windows\Microsoft.NET\Framework\v4.0.30319\mscorsvw.exe</Data>
    <Data Name=""TargetFilename"">C:\Windows\assembly\NativeImages_v4.0.30319_32\Temp\2eb8-0\MethodBodyEditor.dll</Data>
    <Data Name=""CreationUtcTime"">2023-12-21 11:36:30.330</Data>
    <Data Name=""User"">NT AUTHORITY\SYSTEM</Data>
  </EventData>
</Event>
"
Microsoft-Windows-Sysmon/Operational,,,WinDev2309Eval,36:30.1,,,,,,,,,11,6288,,,,C:\Windows\Microsoft.NET\Framework\v4.0.30319\mscorsvw.exe,,,0x8000000000000000,4,,,,,0,,,,,,,{f57bd86a-233d-6584-a705-000000000d00},3400,13132.0,,,,,,DLL,,,,,,,,,,,,,2023-12-21T11:36:30.1160849Z,C:\Windows\assembly\NativeImages_v4.0.30319_32\Temp\334c-0\MdTransform.dll,,,,,,11,,4208,NT AUTHORITY\SYSTEM,S-1-5-18,36:30.1,2.0,"<Event xmlns=""http://schemas.microsoft.com/win/2004/08/events/event"">
  <System>
    <Provider Name=""Microsoft-Windows-Sysmon"" Guid=""{5770385f-c22a-43e0-bf4c-06f5698ffbd9}""/>
    <EventID>11</EventID>
    <Version>2</Version>
    <Level>4</Level>
    <Task>11</Task>
    <Opcode>0</Opcode>
    <Keywords>0x8000000000000000</Keywords>
    <TimeCreated SystemTime=""2023-12-21T11:36:30.1160849Z""/>
    <EventRecordID>6288</EventRecordID>
    <Correlation/>
    <Execution ProcessID=""3400"" ThreadID=""4208""/>
    <Channel>Microsoft-Windows-Sysmon/Operational</Channel>
    <Computer>WinDev2309Eval</Computer>
    <Security UserID=""S-1-5-18""/>
  </System>
  <EventData>
    <Data Name=""RuleName"">DLL</Data>
    <Data Name=""UtcTime"">2023-12-21 11:36:30.111</Data>
    <Data Name=""ProcessGuid"">{f57bd86a-233d-6584-a705-000000000d00}</Data>
    <Data Name=""ProcessId"">13132</Data>
    <Data Name=""Image"">C:\Windows\Microsoft.NET\Framework\v4.0.30319\mscorsvw.exe</Data>
    <Data Name=""TargetFilename"">C:\Windows\assembly\NativeImages_v4.0.30319_32\Temp\334c-0\MdTransform.dll</Data>
    <Data Name=""CreationUtcTime"">2023-12-21 11:36:30.111</Data>
    <Data Name=""User"">NT AUTHORITY\SYSTEM</Data>
  </EventData>
</Event>
"
Microsoft-Windows-Sysmon/Operational,,,WinDev2309Eval,36:29.7,,,,,,,,,11,6287,,,,C:\Windows\Microsoft.NET\Framework\v4.0.30319\mscorsvw.exe,,,0x8000000000000000,4,,,,,0,,,,,,,{f57bd86a-233c-6584-a505-000000000d00},3400,5164.0,,,,,,DLL,,,,,,,,,,,,,2023-12-21T11:36:29.6733716Z,C:\Windows\assembly\NativeImages_v4.0.30319_32\Temp\142c-0\McgEngine.dll,,,,,,11,,4208,NT AUTHORITY\SYSTEM,S-1-5-18,36:29.7,2.0,"<Event xmlns=""http://schemas.microsoft.com/win/2004/08/events/event"">
  <System>
    <Provider Name=""Microsoft-Windows-Sysmon"" Guid=""{5770385f-c22a-43e0-bf4c-06f5698ffbd9}""/>
    <EventID>11</EventID>
    <Version>2</Version>
    <Level>4</Level>
    <Task>11</Task>
    <Opcode>0</Opcode>
    <Keywords>0x8000000000000000</Keywords>
    <TimeCreated SystemTime=""2023-12-21T11:36:29.6733716Z""/>
    <EventRecordID>6287</EventRecordID>
    <Correlation/>
    <Execution ProcessID=""3400"" ThreadID=""4208""/>
    <Channel>Microsoft-Windows-Sysmon/Operational</Channel>
    <Computer>WinDev2309Eval</Computer>
    <Security UserID=""S-1-5-18""/>
  </System>
  <EventData>
    <Data Name=""RuleName"">DLL</Data>
    <Data Name=""UtcTime"">2023-12-21 11:36:29.671</Data>
    <Data Name=""ProcessGuid"">{f57bd86a-233c-6584-a505-000000000d00}</Data>
    <Data Name=""ProcessId"">5164</Data>
    <Data Name=""Image"">C:\Windows\Microsoft.NET\Framework\v4.0.30319\mscorsvw.exe</Data>
    <Data Name=""TargetFilename"">C:\Windows\assembly\NativeImages_v4.0.30319_32\Temp\142c-0\McgEngine.dll</Data>
    <Data Name=""CreationUtcTime"">2023-12-21 11:36:29.671</Data>
    <Data Name=""User"">NT AUTHORITY\SYSTEM</Data>
  </EventData>
</Event>
"
Microsoft-Windows-Sysmon/Operational,,,WinDev2309Eval,36:28.3,,,,,,,,,11,6286,,,,C:\Windows\Microsoft.NET\Framework\v4.0.30319\mscorsvw.exe,,,0x8000000000000000,4,,,,,0,,,,,,,{f57bd86a-233b-6584-a305-000000000d00},3400,13184.0,,,,,,DLL,,,,,,,,,,,,,2023-12-21T11:36:28.3102758Z,C:\Windows\assembly\NativeImages_v4.0.30319_32\Temp\3380-0\McgCodeDom.dll,,,,,,11,,4208,NT AUTHORITY\SYSTEM,S-1-5-18,36:28.3,2.0,"<Event xmlns=""http://schemas.microsoft.com/win/2004/08/events/event"">
  <System>
    <Provider Name=""Microsoft-Windows-Sysmon"" Guid=""{5770385f-c22a-43e0-bf4c-06f5698ffbd9}""/>
    <EventID>11</EventID>
    <Version>2</Version>
    <Level>4</Level>
    <Task>11</Task>
    <Opcode>0</Opcode>
    <Keywords>0x8000000000000000</Keywords>
    <TimeCreated SystemTime=""2023-12-21T11:36:28.3102758Z""/>
    <EventRecordID>6286</EventRecordID>
    <Correlation/>
    <Execution ProcessID=""3400"" ThreadID=""4208""/>
    <Channel>Microsoft-Windows-Sysmon/Operational</Channel>
    <Computer>WinDev2309Eval</Computer>
    <Security UserID=""S-1-5-18""/>
  </System>
  <EventData>
    <Data Name=""RuleName"">DLL</Data>
    <Data Name=""UtcTime"">2023-12-21 11:36:28.306</Data>
    <Data Name=""ProcessGuid"">{f57bd86a-233b-6584-a305-000000000d00}</Data>
    <Data Name=""ProcessId"">13184</Data>
    <Data Name=""Image"">C:\Windows\Microsoft.NET\Framework\v4.0.30319\mscorsvw.exe</Data>
    <Data Name=""TargetFilename"">C:\Windows\assembly\NativeImages_v4.0.30319_32\Temp\3380-0\McgCodeDom.dll</Data>
    <Data Name=""CreationUtcTime"">2023-12-21 11:36:28.306</Data>
    <Data Name=""User"">NT AUTHORITY\SYSTEM</Data>
  </EventData>
</Event>
"
Microsoft-Windows-Sysmon/Operational,,,WinDev2309Eval,36:27.8,,,,,,,,,11,6285,,,,C:\Windows\Microsoft.NET\Framework\v4.0.30319\mscorsvw.exe,,,0x8000000000000000,4,,,,,0,,,,,,,{f57bd86a-233b-6584-a105-000000000d00},3400,13292.0,,,,,,EXE,,,,,,,,,,,,,2023-12-21T11:36:27.8332036Z,C:\Windows\assembly\NativeImages_v4.0.30319_32\Temp\33ec-0\Gatekeeper.exe,,,,,,11,,4208,NT AUTHORITY\SYSTEM,S-1-5-18,36:27.8,2.0,"<Event xmlns=""http://schemas.microsoft.com/win/2004/08/events/event"">
  <System>
    <Provider Name=""Microsoft-Windows-Sysmon"" Guid=""{5770385f-c22a-43e0-bf4c-06f5698ffbd9}""/>
    <EventID>11</EventID>
    <Version>2</Version>
    <Level>4</Level>
    <Task>11</Task>
    <Opcode>0</Opcode>
    <Keywords>0x8000000000000000</Keywords>
    <TimeCreated SystemTime=""2023-12-21T11:36:27.8332036Z""/>
    <EventRecordID>6285</EventRecordID>
    <Correlation/>
    <Execution ProcessID=""3400"" ThreadID=""4208""/>
    <Channel>Microsoft-Windows-Sysmon/Operational</Channel>
    <Computer>WinDev2309Eval</Computer>
    <Security UserID=""S-1-5-18""/>
  </System>
  <EventData>
    <Data Name=""RuleName"">EXE</Data>
    <Data Name=""UtcTime"">2023-12-21 11:36:27.820</Data>
    <Data Name=""ProcessGuid"">{f57bd86a-233b-6584-a105-000000000d00}</Data>
    <Data Name=""ProcessId"">13292</Data>
    <Data Name=""Image"">C:\Windows\Microsoft.NET\Framework\v4.0.30319\mscorsvw.exe</Data>
    <Data Name=""TargetFilename"">C:\Windows\assembly\NativeImages_v4.0.30319_32\Temp\33ec-0\Gatekeeper.exe</Data>
    <Data Name=""CreationUtcTime"">2023-12-21 11:36:27.820</Data>
    <Data Name=""User"">NT AUTHORITY\SYSTEM</Data>
  </EventData>
</Event>
"
Microsoft-Windows-Sysmon/Operational,,,WinDev2309Eval,36:27.6,,,,,,,,,11,6284,,,,C:\Windows\Microsoft.NET\Framework\v4.0.30319\mscorsvw.exe,,,0x8000000000000000,4,,,,,0,,,,,,,{f57bd86a-233b-6584-9f05-000000000d00},3400,12952.0,,,,,,DLL,,,,,,,,,,,,,2023-12-21T11:36:27.6302868Z,C:\Windows\assembly\NativeImages_v4.0.30319_32\Temp\3298-0\Gatekeeper.Engine.dll,,,,,,11,,4208,NT AUTHORITY\SYSTEM,S-1-5-18,36:27.6,2.0,"<Event xmlns=""http://schemas.microsoft.com/win/2004/08/events/event"">
  <System>
    <Provider Name=""Microsoft-Windows-Sysmon"" Guid=""{5770385f-c22a-43e0-bf4c-06f5698ffbd9}""/>
    <EventID>11</EventID>
    <Version>2</Version>
    <Level>4</Level>
    <Task>11</Task>
    <Opcode>0</Opcode>
    <Keywords>0x8000000000000000</Keywords>
    <TimeCreated SystemTime=""2023-12-21T11:36:27.6302868Z""/>
    <EventRecordID>6284</EventRecordID>
    <Correlation/>
    <Execution ProcessID=""3400"" ThreadID=""4208""/>
    <Channel>Microsoft-Windows-Sysmon/Operational</Channel>
    <Computer>WinDev2309Eval</Computer>
    <Security UserID=""S-1-5-18""/>
  </System>
  <EventData>
    <Data Name=""RuleName"">DLL</Data>
    <Data Name=""UtcTime"">2023-12-21 11:36:27.617</Data>
    <Data Name=""ProcessGuid"">{f57bd86a-233b-6584-9f05-000000000d00}</Data>
    <Data Name=""ProcessId"">12952</Data>
    <Data Name=""Image"">C:\Windows\Microsoft.NET\Framework\v4.0.30319\mscorsvw.exe</Data>
    <Data Name=""TargetFilename"">C:\Windows\assembly\NativeImages_v4.0.30319_32\Temp\3298-0\Gatekeeper.Engine.dll</Data>
    <Data Name=""CreationUtcTime"">2023-12-21 11:36:27.617</Data>
    <Data Name=""User"">NT AUTHORITY\SYSTEM</Data>
  </EventData>
</Event>
"
Microsoft-Windows-Sysmon/Operational,,,WinDev2309Eval,36:27.1,,,,,,,,,11,6283,,,,C:\Windows\Microsoft.NET\Framework\v4.0.30319\mscorsvw.exe,,,0x8000000000000000,4,,,,,0,,,,,,,{f57bd86a-233b-6584-9d05-000000000d00},3400,12352.0,,,,,,DLL,,,,,,,,,,,,,2023-12-21T11:36:27.1474713Z,C:\Windows\assembly\NativeImages_v4.0.30319_32\Temp\3040-0\CciExtensions.dll,,,,,,11,,4208,NT AUTHORITY\SYSTEM,S-1-5-18,36:27.1,2.0,"<Event xmlns=""http://schemas.microsoft.com/win/2004/08/events/event"">
  <System>
    <Provider Name=""Microsoft-Windows-Sysmon"" Guid=""{5770385f-c22a-43e0-bf4c-06f5698ffbd9}""/>
    <EventID>11</EventID>
    <Version>2</Version>
    <Level>4</Level>
    <Task>11</Task>
    <Opcode>0</Opcode>
    <Keywords>0x8000000000000000</Keywords>
    <TimeCreated SystemTime=""2023-12-21T11:36:27.1474713Z""/>
    <EventRecordID>6283</EventRecordID>
    <Correlation/>
    <Execution ProcessID=""3400"" ThreadID=""4208""/>
    <Channel>Microsoft-Windows-Sysmon/Operational</Channel>
    <Computer>WinDev2309Eval</Computer>
    <Security UserID=""S-1-5-18""/>
  </System>
  <EventData>
    <Data Name=""RuleName"">DLL</Data>
    <Data Name=""UtcTime"">2023-12-21 11:36:27.133</Data>
    <Data Name=""ProcessGuid"">{f57bd86a-233b-6584-9d05-000000000d00}</Data>
    <Data Name=""ProcessId"">12352</Data>
    <Data Name=""Image"">C:\Windows\Microsoft.NET\Framework\v4.0.30319\mscorsvw.exe</Data>
    <Data Name=""TargetFilename"">C:\Windows\assembly\NativeImages_v4.0.30319_32\Temp\3040-0\CciExtensions.dll</Data>
    <Data Name=""CreationUtcTime"">2023-12-21 11:36:27.133</Data>
    <Data Name=""User"">NT AUTHORITY\SYSTEM</Data>
  </EventData>
</Event>
"
Microsoft-Windows-Sysmon/Operational,,,WinDev2309Eval,36:26.7,,,,,,,,,11,6282,,,,C:\Windows\Microsoft.NET\Framework\v4.0.30319\mscorsvw.exe,,,0x8000000000000000,4,,,,,0,,,,,,,{f57bd86a-2337-6584-9b05-000000000d00},3400,10140.0,,,,,,DLL,,,,,,,,,,,,,2023-12-21T11:36:26.7072631Z,C:\Windows\assembly\NativeImages_v4.0.30319_32\Temp\279c-0\Microsoft.Cci.dll,,,,,,11,,4208,NT AUTHORITY\SYSTEM,S-1-5-18,36:26.7,2.0,"<Event xmlns=""http://schemas.microsoft.com/win/2004/08/events/event"">
  <System>
    <Provider Name=""Microsoft-Windows-Sysmon"" Guid=""{5770385f-c22a-43e0-bf4c-06f5698ffbd9}""/>
    <EventID>11</EventID>
    <Version>2</Version>
    <Level>4</Level>
    <Task>11</Task>
    <Opcode>0</Opcode>
    <Keywords>0x8000000000000000</Keywords>
    <TimeCreated SystemTime=""2023-12-21T11:36:26.7072631Z""/>
    <EventRecordID>6282</EventRecordID>
    <Correlation/>
    <Execution ProcessID=""3400"" ThreadID=""4208""/>
    <Channel>Microsoft-Windows-Sysmon/Operational</Channel>
    <Computer>WinDev2309Eval</Computer>
    <Security UserID=""S-1-5-18""/>
  </System>
  <EventData>
    <Data Name=""RuleName"">DLL</Data>
    <Data Name=""UtcTime"">2023-12-21 11:36:26.692</Data>
    <Data Name=""ProcessGuid"">{f57bd86a-2337-6584-9b05-000000000d00}</Data>
    <Data Name=""ProcessId"">10140</Data>
    <Data Name=""Image"">C:\Windows\Microsoft.NET\Framework\v4.0.30319\mscorsvw.exe</Data>
    <Data Name=""TargetFilename"">C:\Windows\assembly\NativeImages_v4.0.30319_32\Temp\279c-0\Microsoft.Cci.dll</Data>
    <Data Name=""CreationUtcTime"">2023-12-21 11:36:26.692</Data>
    <Data Name=""User"">NT AUTHORITY\SYSTEM</Data>
  </EventData>
</Event>
"
Microsoft-Windows-Sysmon/Operational,,,WinDev2309Eval,36:23.8,,,,,,,,,11,6281,,,,C:\Windows\Microsoft.NET\Framework\v4.0.30319\mscorsvw.exe,,,0x8000000000000000,4,,,,,0,,,,,,,{f57bd86a-2337-6584-9905-000000000d00},3400,11236.0,,,,,,EXE,,,,,,,,,,,,,2023-12-21T11:36:23.8236226Z,C:\Windows\assembly\NativeImages_v4.0.30319_32\Temp\2be4-0\ilc.exe,,,,,,11,,4208,NT AUTHORITY\SYSTEM,S-1-5-18,36:23.8,2.0,"<Event xmlns=""http://schemas.microsoft.com/win/2004/08/events/event"">
  <System>
    <Provider Name=""Microsoft-Windows-Sysmon"" Guid=""{5770385f-c22a-43e0-bf4c-06f5698ffbd9}""/>
    <EventID>11</EventID>
    <Version>2</Version>
    <Level>4</Level>
    <Task>11</Task>
    <Opcode>0</Opcode>
    <Keywords>0x8000000000000000</Keywords>
    <TimeCreated SystemTime=""2023-12-21T11:36:23.8236226Z""/>
    <EventRecordID>6281</EventRecordID>
    <Correlation/>
    <Execution ProcessID=""3400"" ThreadID=""4208""/>
    <Channel>Microsoft-Windows-Sysmon/Operational</Channel>
    <Computer>WinDev2309Eval</Computer>
    <Security UserID=""S-1-5-18""/>
  </System>
  <EventData>
    <Data Name=""RuleName"">EXE</Data>
    <Data Name=""UtcTime"">2023-12-21 11:36:23.810</Data>
    <Data Name=""ProcessGuid"">{f57bd86a-2337-6584-9905-000000000d00}</Data>
    <Data Name=""ProcessId"">11236</Data>
    <Data Name=""Image"">C:\Windows\Microsoft.NET\Framework\v4.0.30319\mscorsvw.exe</Data>
    <Data Name=""TargetFilename"">C:\Windows\assembly\NativeImages_v4.0.30319_32\Temp\2be4-0\ilc.exe</Data>
    <Data Name=""CreationUtcTime"">2023-12-21 11:36:23.810</Data>
    <Data Name=""User"">NT AUTHORITY\SYSTEM</Data>
  </EventData>
</Event>
"
Microsoft-Windows-Sysmon/Operational,,,WinDev2309Eval,36:21.6,,,,,,,,,11,6280,,,,C:\Windows\Microsoft.NET\Framework\v4.0.30319\mscorsvw.exe,,,0x8000000000000000,4,,,,,0,,,,,,,{f57bd86a-2335-6584-8f05-000000000d00},3400,5620.0,,,,,,DLL,,,,,,,,,,,,,2023-12-21T11:36:21.6065824Z,C:\Windows\assembly\NativeImages_v4.0.30319_32\Temp\15f4-0\WCFDispatchProxy.dll,,,,,,11,,4208,NT AUTHORITY\SYSTEM,S-1-5-18,36:21.6,2.0,"<Event xmlns=""http://schemas.microsoft.com/win/2004/08/events/event"">
  <System>
    <Provider Name=""Microsoft-Windows-Sysmon"" Guid=""{5770385f-c22a-43e0-bf4c-06f5698ffbd9}""/>
    <EventID>11</EventID>
    <Version>2</Version>
    <Level>4</Level>
    <Task>11</Task>
    <Opcode>0</Opcode>
    <Keywords>0x8000000000000000</Keywords>
    <TimeCreated SystemTime=""2023-12-21T11:36:21.6065824Z""/>
    <EventRecordID>6280</EventRecordID>
    <Correlation/>
    <Execution ProcessID=""3400"" ThreadID=""4208""/>
    <Channel>Microsoft-Windows-Sysmon/Operational</Channel>
    <Computer>WinDev2309Eval</Computer>
    <Security UserID=""S-1-5-18""/>
  </System>
  <EventData>
    <Data Name=""RuleName"">DLL</Data>
    <Data Name=""UtcTime"">2023-12-21 11:36:21.605</Data>
    <Data Name=""ProcessGuid"">{f57bd86a-2335-6584-8f05-000000000d00}</Data>
    <Data Name=""ProcessId"">5620</Data>
    <Data Name=""Image"">C:\Windows\Microsoft.NET\Framework\v4.0.30319\mscorsvw.exe</Data>
    <Data Name=""TargetFilename"">C:\Windows\assembly\NativeImages_v4.0.30319_32\Temp\15f4-0\WCFDispatchProxy.dll</Data>
    <Data Name=""CreationUtcTime"">2023-12-21 11:36:21.605</Data>
    <Data Name=""User"">NT AUTHORITY\SYSTEM</Data>
  </EventData>
</Event>
"
Microsoft-Windows-Sysmon/Operational,,,WinDev2309Eval,36:21.3,,,,,,,,,11,6279,,,,C:\Windows\Microsoft.NET\Framework\v4.0.30319\mscorsvw.exe,,,0x8000000000000000,4,,,,,0,,,,,,,{f57bd86a-2335-6584-8d05-000000000d00},3400,12756.0,,,,,,DLL,,,,,,,,,,,,,2023-12-21T11:36:21.2975186Z,C:\Windows\assembly\NativeImages_v4.0.30319_32\Temp\31d4-0\TypeNameUtilities.dll,,,,,,11,,4208,NT AUTHORITY\SYSTEM,S-1-5-18,36:21.3,2.0,"<Event xmlns=""http://schemas.microsoft.com/win/2004/08/events/event"">
  <System>
    <Provider Name=""Microsoft-Windows-Sysmon"" Guid=""{5770385f-c22a-43e0-bf4c-06f5698ffbd9}""/>
    <EventID>11</EventID>
    <Version>2</Version>
    <Level>4</Level>
    <Task>11</Task>
    <Opcode>0</Opcode>
    <Keywords>0x8000000000000000</Keywords>
    <TimeCreated SystemTime=""2023-12-21T11:36:21.2975186Z""/>
    <EventRecordID>6279</EventRecordID>
    <Correlation/>
    <Execution ProcessID=""3400"" ThreadID=""4208""/>
    <Channel>Microsoft-Windows-Sysmon/Operational</Channel>
    <Computer>WinDev2309Eval</Computer>
    <Security UserID=""S-1-5-18""/>
  </System>
  <EventData>
    <Data Name=""RuleName"">DLL</Data>
    <Data Name=""UtcTime"">2023-12-21 11:36:21.291</Data>
    <Data Name=""ProcessGuid"">{f57bd86a-2335-6584-8d05-000000000d00}</Data>
    <Data Name=""ProcessId"">12756</Data>
    <Data Name=""Image"">C:\Windows\Microsoft.NET\Framework\v4.0.30319\mscorsvw.exe</Data>
    <Data Name=""TargetFilename"">C:\Windows\assembly\NativeImages_v4.0.30319_32\Temp\31d4-0\TypeNameUtilities.dll</Data>
    <Data Name=""CreationUtcTime"">2023-12-21 11:36:21.291</Data>
    <Data Name=""User"">NT AUTHORITY\SYSTEM</Data>
  </EventData>
</Event>
"
Microsoft-Windows-Sysmon/Operational,,,WinDev2309Eval,36:21.0,,,,,,,,,11,6278,,,,C:\Windows\Microsoft.NET\Framework\v4.0.30319\mscorsvw.exe,,,0x8000000000000000,4,,,,,0,,,,,,,{f57bd86a-2334-6584-8b05-000000000d00},3400,7108.0,,,,,,DLL,,,,,,,,,,,,,2023-12-21T11:36:21.0500195Z,C:\Windows\assembly\NativeImages_v4.0.30319_32\Temp\1bc4-0\System.ValueTuple.dll,,,,,,11,,4208,NT AUTHORITY\SYSTEM,S-1-5-18,36:21.0,2.0,"<Event xmlns=""http://schemas.microsoft.com/win/2004/08/events/event"">
  <System>
    <Provider Name=""Microsoft-Windows-Sysmon"" Guid=""{5770385f-c22a-43e0-bf4c-06f5698ffbd9}""/>
    <EventID>11</EventID>
    <Version>2</Version>
    <Level>4</Level>
    <Task>11</Task>
    <Opcode>0</Opcode>
    <Keywords>0x8000000000000000</Keywords>
    <TimeCreated SystemTime=""2023-12-21T11:36:21.0500195Z""/>
    <EventRecordID>6278</EventRecordID>
    <Correlation/>
    <Execution ProcessID=""3400"" ThreadID=""4208""/>
    <Channel>Microsoft-Windows-Sysmon/Operational</Channel>
    <Computer>WinDev2309Eval</Computer>
    <Security UserID=""S-1-5-18""/>
  </System>
  <EventData>
    <Data Name=""RuleName"">DLL</Data>
    <Data Name=""UtcTime"">2023-12-21 11:36:21.041</Data>
    <Data Name=""ProcessGuid"">{f57bd86a-2334-6584-8b05-000000000d00}</Data>
    <Data Name=""ProcessId"">7108</Data>
    <Data Name=""Image"">C:\Windows\Microsoft.NET\Framework\v4.0.30319\mscorsvw.exe</Data>
    <Data Name=""TargetFilename"">C:\Windows\assembly\NativeImages_v4.0.30319_32\Temp\1bc4-0\System.ValueTuple.dll</Data>
    <Data Name=""CreationUtcTime"">2023-12-21 11:36:21.041</Data>
    <Data Name=""User"">NT AUTHORITY\SYSTEM</Data>
  </EventData>
</Event>
"
