Channel,CommandLine,Company,Computer,CreationUtcTime,CurrentDirectory,Description,DestinationHostname,DestinationIp,DestinationIsIpv6,DestinationPort,DestinationPortName,Details,EventID,EventRecordID,EventType,FileVersion,Hashes,Image,Initiated,IntegrityLevel,Keywords,Level,LogonGuid,LogonId,Message,NewThreadId,Opcode,OriginalFileName,ParentCommandLine,ParentImage,ParentProcessGuid,ParentProcessId,ParentUser,ProcessGuid,ProcessID,ProcessId,Product,Protocol,QueryName,QueryResults,QueryStatus,RuleName,SourceHostname,SourceImage,SourceIp,SourceIsIpv6,SourcePort,SourcePortName,SourceProcessGuid,SourceProcessId,SourceUser,StartAddress,StartFunction,StartModule,SystemTime,TargetFilename,TargetImage,TargetObject,TargetProcessGuid,TargetProcessId,TargetUser,Task,TerminalSessionId,ThreadID,User,UserID,UtcTime,Version,raw
Microsoft-Windows-Sysmon/Operational,,,WinDev2309Eval,39:14.7,,,,,,,,,11,6453,,,,C:\Windows\Microsoft.NET\Framework\v4.0.30319\mscorsvw.exe,,,0x8000000000000000,4,,,,,0,,,,,,,{f57bd86a-23e2-6584-fe06-000000000d00},3400,5136.0,,,,,,DLL,,,,,,,,,,,,,2023-12-21T11:39:14.7455675Z,C:\Windows\assembly\NativeImages_v4.0.30319_32\Temp\1410-0\NuGet.LibraryModel.dll,,,,,,11,,4208,NT AUTHORITY\SYSTEM,S-1-5-18,39:14.7,2.0,"<Event xmlns=""http://schemas.microsoft.com/win/2004/08/events/event"">
  <System>
    <Provider Name=""Microsoft-Windows-Sysmon"" Guid=""{5770385f-c22a-43e0-bf4c-06f5698ffbd9}""/>
    <EventID>11</EventID>
    <Version>2</Version>
    <Level>4</Level>
    <Task>11</Task>
    <Opcode>0</Opcode>
    <Keywords>0x8000000000000000</Keywords>
    <TimeCreated SystemTime=""2023-12-21T11:39:14.7455675Z""/>
    <EventRecordID>6453</EventRecordID>
    <Correlation/>
    <Execution ProcessID=""3400"" ThreadID=""4208""/>
    <Channel>Microsoft-Windows-Sysmon/Operational</Channel>
    <Computer>WinDev2309Eval</Computer>
    <Security UserID=""S-1-5-18""/>
  </System>
  <EventData>
    <Data Name=""RuleName"">DLL</Data>
    <Data Name=""UtcTime"">2023-12-21 11:39:14.735</Data>
    <Data Name=""ProcessGuid"">{f57bd86a-23e2-6584-fe06-000000000d00}</Data>
    <Data Name=""ProcessId"">5136</Data>
    <Data Name=""Image"">C:\Windows\Microsoft.NET\Framework\v4.0.30319\mscorsvw.exe</Data>
    <Data Name=""TargetFilename"">C:\Windows\assembly\NativeImages_v4.0.30319_32\Temp\1410-0\NuGet.LibraryModel.dll</Data>
    <Data Name=""CreationUtcTime"">2023-12-21 11:39:14.735</Data>
    <Data Name=""User"">NT AUTHORITY\SYSTEM</Data>
  </EventData>
</Event>
"
Microsoft-Windows-Sysmon/Operational,,,WinDev2309Eval,39:14.1,,,,,,,,,11,6452,,,,C:\Windows\Microsoft.NET\Framework\v4.0.30319\mscorsvw.exe,,,0x8000000000000000,4,,,,,0,,,,,,,{f57bd86a-23e1-6584-fc06-000000000d00},3400,13112.0,,,,,,DLL,,,,,,,,,,,,,2023-12-21T11:39:14.0630984Z,C:\Windows\assembly\NativeImages_v4.0.30319_32\Temp\3338-0\NuGet.Frameworks.dll,,,,,,11,,4208,NT AUTHORITY\SYSTEM,S-1-5-18,39:14.1,2.0,"<Event xmlns=""http://schemas.microsoft.com/win/2004/08/events/event"">
  <System>
    <Provider Name=""Microsoft-Windows-Sysmon"" Guid=""{5770385f-c22a-43e0-bf4c-06f5698ffbd9}""/>
    <EventID>11</EventID>
    <Version>2</Version>
    <Level>4</Level>
    <Task>11</Task>
    <Opcode>0</Opcode>
    <Keywords>0x8000000000000000</Keywords>
    <TimeCreated SystemTime=""2023-12-21T11:39:14.0630984Z""/>
    <EventRecordID>6452</EventRecordID>
    <Correlation/>
    <Execution ProcessID=""3400"" ThreadID=""4208""/>
    <Channel>Microsoft-Windows-Sysmon/Operational</Channel>
    <Computer>WinDev2309Eval</Computer>
    <Security UserID=""S-1-5-18""/>
  </System>
  <EventData>
    <Data Name=""RuleName"">DLL</Data>
    <Data Name=""UtcTime"">2023-12-21 11:39:14.062</Data>
    <Data Name=""ProcessGuid"">{f57bd86a-23e1-6584-fc06-000000000d00}</Data>
    <Data Name=""ProcessId"">13112</Data>
    <Data Name=""Image"">C:\Windows\Microsoft.NET\Framework\v4.0.30319\mscorsvw.exe</Data>
    <Data Name=""TargetFilename"">C:\Windows\assembly\NativeImages_v4.0.30319_32\Temp\3338-0\NuGet.Frameworks.dll</Data>
    <Data Name=""CreationUtcTime"">2023-12-21 11:39:14.062</Data>
    <Data Name=""User"">NT AUTHORITY\SYSTEM</Data>
  </EventData>
</Event>
"
Microsoft-Windows-Sysmon/Operational,,,WinDev2309Eval,39:13.5,,,,,,,,,11,6451,,,,C:\Windows\Microsoft.NET\Framework\v4.0.30319\mscorsvw.exe,,,0x8000000000000000,4,,,,,0,,,,,,,{f57bd86a-23e0-6584-fa06-000000000d00},3400,12356.0,,,,,,DLL,,,,,,,,,,,,,2023-12-21T11:39:13.5103407Z,C:\Windows\assembly\NativeImages_v4.0.30319_32\Temp\3044-0\NuGet.DependencyResolver.Core.dll,,,,,,11,,4208,NT AUTHORITY\SYSTEM,S-1-5-18,39:13.5,2.0,"<Event xmlns=""http://schemas.microsoft.com/win/2004/08/events/event"">
  <System>
    <Provider Name=""Microsoft-Windows-Sysmon"" Guid=""{5770385f-c22a-43e0-bf4c-06f5698ffbd9}""/>
    <EventID>11</EventID>
    <Version>2</Version>
    <Level>4</Level>
    <Task>11</Task>
    <Opcode>0</Opcode>
    <Keywords>0x8000000000000000</Keywords>
    <TimeCreated SystemTime=""2023-12-21T11:39:13.5103407Z""/>
    <EventRecordID>6451</EventRecordID>
    <Correlation/>
    <Execution ProcessID=""3400"" ThreadID=""4208""/>
    <Channel>Microsoft-Windows-Sysmon/Operational</Channel>
    <Computer>WinDev2309Eval</Computer>
    <Security UserID=""S-1-5-18""/>
  </System>
  <EventData>
    <Data Name=""RuleName"">DLL</Data>
    <Data Name=""UtcTime"">2023-12-21 11:39:13.499</Data>
    <Data Name=""ProcessGuid"">{f57bd86a-23e0-6584-fa06-000000000d00}</Data>
    <Data Name=""ProcessId"">12356</Data>
    <Data Name=""Image"">C:\Windows\Microsoft.NET\Framework\v4.0.30319\mscorsvw.exe</Data>
    <Data Name=""TargetFilename"">C:\Windows\assembly\NativeImages_v4.0.30319_32\Temp\3044-0\NuGet.DependencyResolver.Core.dll</Data>
    <Data Name=""CreationUtcTime"">2023-12-21 11:39:13.499</Data>
    <Data Name=""User"">NT AUTHORITY\SYSTEM</Data>
  </EventData>
</Event>
"
Microsoft-Windows-Sysmon/Operational,,,WinDev2309Eval,39:12.7,,,,,,,,,11,6450,,,,C:\Windows\Microsoft.NET\Framework\v4.0.30319\mscorsvw.exe,,,0x8000000000000000,4,,,,,0,,,,,,,{f57bd86a-23e0-6584-f806-000000000d00},3400,9312.0,,,,,,DLL,,,,,,,,,,,,,2023-12-21T11:39:12.7284703Z,C:\Windows\assembly\NativeImages_v4.0.30319_32\Temp\2460-0\NuGet.Configuration.dll,,,,,,11,,4208,NT AUTHORITY\SYSTEM,S-1-5-18,39:12.7,2.0,"<Event xmlns=""http://schemas.microsoft.com/win/2004/08/events/event"">
  <System>
    <Provider Name=""Microsoft-Windows-Sysmon"" Guid=""{5770385f-c22a-43e0-bf4c-06f5698ffbd9}""/>
    <EventID>11</EventID>
    <Version>2</Version>
    <Level>4</Level>
    <Task>11</Task>
    <Opcode>0</Opcode>
    <Keywords>0x8000000000000000</Keywords>
    <TimeCreated SystemTime=""2023-12-21T11:39:12.7284703Z""/>
    <EventRecordID>6450</EventRecordID>
    <Correlation/>
    <Execution ProcessID=""3400"" ThreadID=""4208""/>
    <Channel>Microsoft-Windows-Sysmon/Operational</Channel>
    <Computer>WinDev2309Eval</Computer>
    <Security UserID=""S-1-5-18""/>
  </System>
  <EventData>
    <Data Name=""RuleName"">DLL</Data>
    <Data Name=""UtcTime"">2023-12-21 11:39:12.718</Data>
    <Data Name=""ProcessGuid"">{f57bd86a-23e0-6584-f806-000000000d00}</Data>
    <Data Name=""ProcessId"">9312</Data>
    <Data Name=""Image"">C:\Windows\Microsoft.NET\Framework\v4.0.30319\mscorsvw.exe</Data>
    <Data Name=""TargetFilename"">C:\Windows\assembly\NativeImages_v4.0.30319_32\Temp\2460-0\NuGet.Configuration.dll</Data>
    <Data Name=""CreationUtcTime"">2023-12-21 11:39:12.718</Data>
    <Data Name=""User"">NT AUTHORITY\SYSTEM</Data>
  </EventData>
</Event>
"
Microsoft-Windows-Sysmon/Operational,,,WinDev2309Eval,39:12.2,,,,,,,,,11,6449,,,,C:\Windows\Microsoft.NET\Framework\v4.0.30319\mscorsvw.exe,,,0x8000000000000000,4,,,,,0,,,,,,,{f57bd86a-23df-6584-f606-000000000d00},3400,6056.0,,,,,,DLL,,,,,,,,,,,,,2023-12-21T11:39:12.1651525Z,C:\Windows\assembly\NativeImages_v4.0.30319_32\Temp\17a8-0\NuGet.Common.dll,,,,,,11,,4208,NT AUTHORITY\SYSTEM,S-1-5-18,39:12.2,2.0,"<Event xmlns=""http://schemas.microsoft.com/win/2004/08/events/event"">
  <System>
    <Provider Name=""Microsoft-Windows-Sysmon"" Guid=""{5770385f-c22a-43e0-bf4c-06f5698ffbd9}""/>
    <EventID>11</EventID>
    <Version>2</Version>
    <Level>4</Level>
    <Task>11</Task>
    <Opcode>0</Opcode>
    <Keywords>0x8000000000000000</Keywords>
    <TimeCreated SystemTime=""2023-12-21T11:39:12.1651525Z""/>
    <EventRecordID>6449</EventRecordID>
    <Correlation/>
    <Execution ProcessID=""3400"" ThreadID=""4208""/>
    <Channel>Microsoft-Windows-Sysmon/Operational</Channel>
    <Computer>WinDev2309Eval</Computer>
    <Security UserID=""S-1-5-18""/>
  </System>
  <EventData>
    <Data Name=""RuleName"">DLL</Data>
    <Data Name=""UtcTime"">2023-12-21 11:39:12.156</Data>
    <Data Name=""ProcessGuid"">{f57bd86a-23df-6584-f606-000000000d00}</Data>
    <Data Name=""ProcessId"">6056</Data>
    <Data Name=""Image"">C:\Windows\Microsoft.NET\Framework\v4.0.30319\mscorsvw.exe</Data>
    <Data Name=""TargetFilename"">C:\Windows\assembly\NativeImages_v4.0.30319_32\Temp\17a8-0\NuGet.Common.dll</Data>
    <Data Name=""CreationUtcTime"">2023-12-21 11:39:12.156</Data>
    <Data Name=""User"">NT AUTHORITY\SYSTEM</Data>
  </EventData>
</Event>
"
Microsoft-Windows-Sysmon/Operational,,,WinDev2309Eval,39:11.3,,,,,,,,,11,6448,,,,C:\Windows\Microsoft.NET\Framework\v4.0.30319\mscorsvw.exe,,,0x8000000000000000,4,,,,,0,,,,,,,{f57bd86a-23dd-6584-f406-000000000d00},3400,5908.0,,,,,,DLL,,,,,,,,,,,,,2023-12-21T11:39:11.2994193Z,C:\Windows\assembly\NativeImages_v4.0.30319_32\Temp\1714-0\NuGet.Commands.dll,,,,,,11,,4208,NT AUTHORITY\SYSTEM,S-1-5-18,39:11.3,2.0,"<Event xmlns=""http://schemas.microsoft.com/win/2004/08/events/event"">
  <System>
    <Provider Name=""Microsoft-Windows-Sysmon"" Guid=""{5770385f-c22a-43e0-bf4c-06f5698ffbd9}""/>
    <EventID>11</EventID>
    <Version>2</Version>
    <Level>4</Level>
    <Task>11</Task>
    <Opcode>0</Opcode>
    <Keywords>0x8000000000000000</Keywords>
    <TimeCreated SystemTime=""2023-12-21T11:39:11.2994193Z""/>
    <EventRecordID>6448</EventRecordID>
    <Correlation/>
    <Execution ProcessID=""3400"" ThreadID=""4208""/>
    <Channel>Microsoft-Windows-Sysmon/Operational</Channel>
    <Computer>WinDev2309Eval</Computer>
    <Security UserID=""S-1-5-18""/>
  </System>
  <EventData>
    <Data Name=""RuleName"">DLL</Data>
    <Data Name=""UtcTime"">2023-12-21 11:39:11.296</Data>
    <Data Name=""ProcessGuid"">{f57bd86a-23dd-6584-f406-000000000d00}</Data>
    <Data Name=""ProcessId"">5908</Data>
    <Data Name=""Image"">C:\Windows\Microsoft.NET\Framework\v4.0.30319\mscorsvw.exe</Data>
    <Data Name=""TargetFilename"">C:\Windows\assembly\NativeImages_v4.0.30319_32\Temp\1714-0\NuGet.Commands.dll</Data>
    <Data Name=""CreationUtcTime"">2023-12-21 11:39:11.296</Data>
    <Data Name=""User"">NT AUTHORITY\SYSTEM</Data>
  </EventData>
</Event>
"
Microsoft-Windows-Sysmon/Operational,,,WinDev2309Eval,39:09.4,,,,,,,,,11,6447,,,,C:\Windows\Microsoft.NET\Framework\v4.0.30319\mscorsvw.exe,,,0x8000000000000000,4,,,,,0,,,,,,,{f57bd86a-23dd-6584-f206-000000000d00},3400,5828.0,,,,,,DLL,,,,,,,,,,,,,2023-12-21T11:39:09.4195689Z,C:\Windows\assembly\NativeImages_v4.0.30319_32\Temp\16c4-0\Microsoft.VisualStudio.VsInteractiveWindow.dll,,,,,,11,,4208,NT AUTHORITY\SYSTEM,S-1-5-18,39:09.4,2.0,"<Event xmlns=""http://schemas.microsoft.com/win/2004/08/events/event"">
  <System>
    <Provider Name=""Microsoft-Windows-Sysmon"" Guid=""{5770385f-c22a-43e0-bf4c-06f5698ffbd9}""/>
    <EventID>11</EventID>
    <Version>2</Version>
    <Level>4</Level>
    <Task>11</Task>
    <Opcode>0</Opcode>
    <Keywords>0x8000000000000000</Keywords>
    <TimeCreated SystemTime=""2023-12-21T11:39:09.4195689Z""/>
    <EventRecordID>6447</EventRecordID>
    <Correlation/>
    <Execution ProcessID=""3400"" ThreadID=""4208""/>
    <Channel>Microsoft-Windows-Sysmon/Operational</Channel>
    <Computer>WinDev2309Eval</Computer>
    <Security UserID=""S-1-5-18""/>
  </System>
  <EventData>
    <Data Name=""RuleName"">DLL</Data>
    <Data Name=""UtcTime"">2023-12-21 11:39:09.415</Data>
    <Data Name=""ProcessGuid"">{f57bd86a-23dd-6584-f206-000000000d00}</Data>
    <Data Name=""ProcessId"">5828</Data>
    <Data Name=""Image"">C:\Windows\Microsoft.NET\Framework\v4.0.30319\mscorsvw.exe</Data>
    <Data Name=""TargetFilename"">C:\Windows\assembly\NativeImages_v4.0.30319_32\Temp\16c4-0\Microsoft.VisualStudio.VsInteractiveWindow.dll</Data>
    <Data Name=""CreationUtcTime"">2023-12-21 11:39:09.415</Data>
    <Data Name=""User"">NT AUTHORITY\SYSTEM</Data>
  </EventData>
</Event>
"
Microsoft-Windows-Sysmon/Operational,,,WinDev2309Eval,39:08.5,,,,,,,,,11,6446,,,,C:\Windows\Microsoft.NET\Framework\v4.0.30319\mscorsvw.exe,,,0x8000000000000000,4,,,,,0,,,,,,,{f57bd86a-23db-6584-f006-000000000d00},3400,12640.0,,,,,,DLL,,,,,,,,,,,,,2023-12-21T11:39:08.5505843Z,C:\Windows\assembly\NativeImages_v4.0.30319_32\Temp\3160-0\Microsoft.VisualStudio.InteractiveWindow.dll,,,,,,11,,4208,NT AUTHORITY\SYSTEM,S-1-5-18,39:08.5,2.0,"<Event xmlns=""http://schemas.microsoft.com/win/2004/08/events/event"">
  <System>
    <Provider Name=""Microsoft-Windows-Sysmon"" Guid=""{5770385f-c22a-43e0-bf4c-06f5698ffbd9}""/>
    <EventID>11</EventID>
    <Version>2</Version>
    <Level>4</Level>
    <Task>11</Task>
    <Opcode>0</Opcode>
    <Keywords>0x8000000000000000</Keywords>
    <TimeCreated SystemTime=""2023-12-21T11:39:08.5505843Z""/>
    <EventRecordID>6446</EventRecordID>
    <Correlation/>
    <Execution ProcessID=""3400"" ThreadID=""4208""/>
    <Channel>Microsoft-Windows-Sysmon/Operational</Channel>
    <Computer>WinDev2309Eval</Computer>
    <Security UserID=""S-1-5-18""/>
  </System>
  <EventData>
    <Data Name=""RuleName"">DLL</Data>
    <Data Name=""UtcTime"">2023-12-21 11:39:08.540</Data>
    <Data Name=""ProcessGuid"">{f57bd86a-23db-6584-f006-000000000d00}</Data>
    <Data Name=""ProcessId"">12640</Data>
    <Data Name=""Image"">C:\Windows\Microsoft.NET\Framework\v4.0.30319\mscorsvw.exe</Data>
    <Data Name=""TargetFilename"">C:\Windows\assembly\NativeImages_v4.0.30319_32\Temp\3160-0\Microsoft.VisualStudio.InteractiveWindow.dll</Data>
    <Data Name=""CreationUtcTime"">2023-12-21 11:39:08.540</Data>
    <Data Name=""User"">NT AUTHORITY\SYSTEM</Data>
  </EventData>
</Event>
"
Microsoft-Windows-Sysmon/Operational,,,WinDev2309Eval,39:07.5,,,,,,,,,11,6445,,,,C:\Windows\Microsoft.NET\Framework\v4.0.30319\mscorsvw.exe,,,0x8000000000000000,4,,,,,0,,,,,,,{f57bd86a-23db-6584-ee06-000000000d00},3400,12984.0,,,,,,DLL,,,,,,,,,,,,,2023-12-21T11:39:07.5294902Z,C:\Windows\assembly\NativeImages_v4.0.30319_32\Temp\32b8-0\Microsoft.VisualStudio.Interactive.Setup.dll,,,,,,11,,4208,NT AUTHORITY\SYSTEM,S-1-5-18,39:07.5,2.0,"<Event xmlns=""http://schemas.microsoft.com/win/2004/08/events/event"">
  <System>
    <Provider Name=""Microsoft-Windows-Sysmon"" Guid=""{5770385f-c22a-43e0-bf4c-06f5698ffbd9}""/>
    <EventID>11</EventID>
    <Version>2</Version>
    <Level>4</Level>
    <Task>11</Task>
    <Opcode>0</Opcode>
    <Keywords>0x8000000000000000</Keywords>
    <TimeCreated SystemTime=""2023-12-21T11:39:07.5294902Z""/>
    <EventRecordID>6445</EventRecordID>
    <Correlation/>
    <Execution ProcessID=""3400"" ThreadID=""4208""/>
    <Channel>Microsoft-Windows-Sysmon/Operational</Channel>
    <Computer>WinDev2309Eval</Computer>
    <Security UserID=""S-1-5-18""/>
  </System>
  <EventData>
    <Data Name=""RuleName"">DLL</Data>
    <Data Name=""UtcTime"">2023-12-21 11:39:07.521</Data>
    <Data Name=""ProcessGuid"">{f57bd86a-23db-6584-ee06-000000000d00}</Data>
    <Data Name=""ProcessId"">12984</Data>
    <Data Name=""Image"">C:\Windows\Microsoft.NET\Framework\v4.0.30319\mscorsvw.exe</Data>
    <Data Name=""TargetFilename"">C:\Windows\assembly\NativeImages_v4.0.30319_32\Temp\32b8-0\Microsoft.VisualStudio.Interactive.Setup.dll</Data>
    <Data Name=""CreationUtcTime"">2023-12-21 11:39:07.521</Data>
    <Data Name=""User"">NT AUTHORITY\SYSTEM</Data>
  </EventData>
</Event>
"
Microsoft-Windows-Sysmon/Operational,,,WinDev2309Eval,39:07.0,,,,,,,,,11,6444,,,,C:\Windows\Microsoft.NET\Framework\v4.0.30319\mscorsvw.exe,,,0x8000000000000000,4,,,,,0,,,,,,,{f57bd86a-23da-6584-ec06-000000000d00},3400,7392.0,,,,,,DLL,,,,,,,,,,,,,2023-12-21T11:39:06.9825510Z,C:\Windows\assembly\NativeImages_v4.0.30319_32\Temp\1ce0-0\Microsoft.VisualStudio.Interactive.Editor.dll,,,,,,11,,4208,NT AUTHORITY\SYSTEM,S-1-5-18,39:07.0,2.0,"<Event xmlns=""http://schemas.microsoft.com/win/2004/08/events/event"">
  <System>
    <Provider Name=""Microsoft-Windows-Sysmon"" Guid=""{5770385f-c22a-43e0-bf4c-06f5698ffbd9}""/>
    <EventID>11</EventID>
    <Version>2</Version>
    <Level>4</Level>
    <Task>11</Task>
    <Opcode>0</Opcode>
    <Keywords>0x8000000000000000</Keywords>
    <TimeCreated SystemTime=""2023-12-21T11:39:06.9825510Z""/>
    <EventRecordID>6444</EventRecordID>
    <Correlation/>
    <Execution ProcessID=""3400"" ThreadID=""4208""/>
    <Channel>Microsoft-Windows-Sysmon/Operational</Channel>
    <Computer>WinDev2309Eval</Computer>
    <Security UserID=""S-1-5-18""/>
  </System>
  <EventData>
    <Data Name=""RuleName"">DLL</Data>
    <Data Name=""UtcTime"">2023-12-21 11:39:06.975</Data>
    <Data Name=""ProcessGuid"">{f57bd86a-23da-6584-ec06-000000000d00}</Data>
    <Data Name=""ProcessId"">7392</Data>
    <Data Name=""Image"">C:\Windows\Microsoft.NET\Framework\v4.0.30319\mscorsvw.exe</Data>
    <Data Name=""TargetFilename"">C:\Windows\assembly\NativeImages_v4.0.30319_32\Temp\1ce0-0\Microsoft.VisualStudio.Interactive.Editor.dll</Data>
    <Data Name=""CreationUtcTime"">2023-12-21 11:39:06.975</Data>
    <Data Name=""User"">NT AUTHORITY\SYSTEM</Data>
  </EventData>
</Event>
"
Microsoft-Windows-Sysmon/Operational,,,WinDev2309Eval,39:05.5,,,,,,,,,11,6443,,,,C:\Windows\Microsoft.NET\Framework\v4.0.30319\mscorsvw.exe,,,0x8000000000000000,4,,,,,0,,,,,,,{f57bd86a-23d9-6584-ea06-000000000d00},3400,7560.0,,,,,,DLL,,,,,,,,,,,,,2023-12-21T11:39:05.5358291Z,C:\Windows\assembly\NativeImages_v4.0.30319_32\Temp\1d88-0\Microsoft.VisualStudio.Interactive.Editor.Contracts.dll,,,,,,11,,4208,NT AUTHORITY\SYSTEM,S-1-5-18,39:05.5,2.0,"<Event xmlns=""http://schemas.microsoft.com/win/2004/08/events/event"">
  <System>
    <Provider Name=""Microsoft-Windows-Sysmon"" Guid=""{5770385f-c22a-43e0-bf4c-06f5698ffbd9}""/>
    <EventID>11</EventID>
    <Version>2</Version>
    <Level>4</Level>
    <Task>11</Task>
    <Opcode>0</Opcode>
    <Keywords>0x8000000000000000</Keywords>
    <TimeCreated SystemTime=""2023-12-21T11:39:05.5358291Z""/>
    <EventRecordID>6443</EventRecordID>
    <Correlation/>
    <Execution ProcessID=""3400"" ThreadID=""4208""/>
    <Channel>Microsoft-Windows-Sysmon/Operational</Channel>
    <Computer>WinDev2309Eval</Computer>
    <Security UserID=""S-1-5-18""/>
  </System>
  <EventData>
    <Data Name=""RuleName"">DLL</Data>
    <Data Name=""UtcTime"">2023-12-21 11:39:05.521</Data>
    <Data Name=""ProcessGuid"">{f57bd86a-23d9-6584-ea06-000000000d00}</Data>
    <Data Name=""ProcessId"">7560</Data>
    <Data Name=""Image"">C:\Windows\Microsoft.NET\Framework\v4.0.30319\mscorsvw.exe</Data>
    <Data Name=""TargetFilename"">C:\Windows\assembly\NativeImages_v4.0.30319_32\Temp\1d88-0\Microsoft.VisualStudio.Interactive.Editor.Contracts.dll</Data>
    <Data Name=""CreationUtcTime"">2023-12-21 11:39:05.521</Data>
    <Data Name=""User"">NT AUTHORITY\SYSTEM</Data>
  </EventData>
</Event>
"
Microsoft-Windows-Sysmon/Operational,,,WinDev2309Eval,39:05.2,,,,,,,,,11,6442,,,,C:\Windows\Microsoft.NET\Framework\v4.0.30319\mscorsvw.exe,,,0x8000000000000000,4,,,,,0,,,,,,,{f57bd86a-23d8-6584-e806-000000000d00},3400,10756.0,,,,,,DLL,,,,,,,,,,,,,2023-12-21T11:39:05.2474599Z,C:\Windows\assembly\NativeImages_v4.0.30319_32\Temp\2a04-0\Microsoft.VisualStudio.Interactive.Core.dll,,,,,,11,,4208,NT AUTHORITY\SYSTEM,S-1-5-18,39:05.2,2.0,"<Event xmlns=""http://schemas.microsoft.com/win/2004/08/events/event"">
  <System>
    <Provider Name=""Microsoft-Windows-Sysmon"" Guid=""{5770385f-c22a-43e0-bf4c-06f5698ffbd9}""/>
    <EventID>11</EventID>
    <Version>2</Version>
    <Level>4</Level>
    <Task>11</Task>
    <Opcode>0</Opcode>
    <Keywords>0x8000000000000000</Keywords>
    <TimeCreated SystemTime=""2023-12-21T11:39:05.2474599Z""/>
    <EventRecordID>6442</EventRecordID>
    <Correlation/>
    <Execution ProcessID=""3400"" ThreadID=""4208""/>
    <Channel>Microsoft-Windows-Sysmon/Operational</Channel>
    <Computer>WinDev2309Eval</Computer>
    <Security UserID=""S-1-5-18""/>
  </System>
  <EventData>
    <Data Name=""RuleName"">DLL</Data>
    <Data Name=""UtcTime"">2023-12-21 11:39:05.240</Data>
    <Data Name=""ProcessGuid"">{f57bd86a-23d8-6584-e806-000000000d00}</Data>
    <Data Name=""ProcessId"">10756</Data>
    <Data Name=""Image"">C:\Windows\Microsoft.NET\Framework\v4.0.30319\mscorsvw.exe</Data>
    <Data Name=""TargetFilename"">C:\Windows\assembly\NativeImages_v4.0.30319_32\Temp\2a04-0\Microsoft.VisualStudio.Interactive.Core.dll</Data>
    <Data Name=""CreationUtcTime"">2023-12-21 11:39:05.240</Data>
    <Data Name=""User"">NT AUTHORITY\SYSTEM</Data>
  </EventData>
</Event>
"
Microsoft-Windows-Sysmon/Operational,,,WinDev2309Eval,39:04.1,,,,,,,,,11,6441,,,,C:\Windows\Microsoft.NET\Framework\v4.0.30319\mscorsvw.exe,,,0x8000000000000000,4,,,,,0,,,,,,,{f57bd86a-23d7-6584-e606-000000000d00},3400,7468.0,,,,,,EXE,,,,,,,,,,,,,2023-12-21T11:39:04.0605832Z,C:\Windows\assembly\NativeImages_v4.0.30319_32\Temp\1d2c-0\IntelliTrace.exe,,,,,,11,,4208,NT AUTHORITY\SYSTEM,S-1-5-18,39:04.1,2.0,"<Event xmlns=""http://schemas.microsoft.com/win/2004/08/events/event"">
  <System>
    <Provider Name=""Microsoft-Windows-Sysmon"" Guid=""{5770385f-c22a-43e0-bf4c-06f5698ffbd9}""/>
    <EventID>11</EventID>
    <Version>2</Version>
    <Level>4</Level>
    <Task>11</Task>
    <Opcode>0</Opcode>
    <Keywords>0x8000000000000000</Keywords>
    <TimeCreated SystemTime=""2023-12-21T11:39:04.0605832Z""/>
    <EventRecordID>6441</EventRecordID>
    <Correlation/>
    <Execution ProcessID=""3400"" ThreadID=""4208""/>
    <Channel>Microsoft-Windows-Sysmon/Operational</Channel>
    <Computer>WinDev2309Eval</Computer>
    <Security UserID=""S-1-5-18""/>
  </System>
  <EventData>
    <Data Name=""RuleName"">EXE</Data>
    <Data Name=""UtcTime"">2023-12-21 11:39:04.052</Data>
    <Data Name=""ProcessGuid"">{f57bd86a-23d7-6584-e606-000000000d00}</Data>
    <Data Name=""ProcessId"">7468</Data>
    <Data Name=""Image"">C:\Windows\Microsoft.NET\Framework\v4.0.30319\mscorsvw.exe</Data>
    <Data Name=""TargetFilename"">C:\Windows\assembly\NativeImages_v4.0.30319_32\Temp\1d2c-0\IntelliTrace.exe</Data>
    <Data Name=""CreationUtcTime"">2023-12-21 11:39:04.052</Data>
    <Data Name=""User"">NT AUTHORITY\SYSTEM</Data>
  </EventData>
</Event>
"
Microsoft-Windows-Sysmon/Operational,,,WinDev2309Eval,39:01.9,,,,,,,,,11,6440,,,,C:\Windows\Microsoft.NET\Framework\v4.0.30319\mscorsvw.exe,,,0x8000000000000000,4,,,,,0,,,,,,,{f57bd86a-23d5-6584-dc06-000000000d00},3400,12416.0,,,,,,DLL,,,,,,,,,,,,,2023-12-21T11:39:01.9562549Z,C:\Windows\assembly\NativeImages_v4.0.30319_32\Temp\3080-0\FSharp.UIResources.dll,,,,,,11,,4208,NT AUTHORITY\SYSTEM,S-1-5-18,39:01.9,2.0,"<Event xmlns=""http://schemas.microsoft.com/win/2004/08/events/event"">
  <System>
    <Provider Name=""Microsoft-Windows-Sysmon"" Guid=""{5770385f-c22a-43e0-bf4c-06f5698ffbd9}""/>
    <EventID>11</EventID>
    <Version>2</Version>
    <Level>4</Level>
    <Task>11</Task>
    <Opcode>0</Opcode>
    <Keywords>0x8000000000000000</Keywords>
    <TimeCreated SystemTime=""2023-12-21T11:39:01.9562549Z""/>
    <EventRecordID>6440</EventRecordID>
    <Correlation/>
    <Execution ProcessID=""3400"" ThreadID=""4208""/>
    <Channel>Microsoft-Windows-Sysmon/Operational</Channel>
    <Computer>WinDev2309Eval</Computer>
    <Security UserID=""S-1-5-18""/>
  </System>
  <EventData>
    <Data Name=""RuleName"">DLL</Data>
    <Data Name=""UtcTime"">2023-12-21 11:39:01.943</Data>
    <Data Name=""ProcessGuid"">{f57bd86a-23d5-6584-dc06-000000000d00}</Data>
    <Data Name=""ProcessId"">12416</Data>
    <Data Name=""Image"">C:\Windows\Microsoft.NET\Framework\v4.0.30319\mscorsvw.exe</Data>
    <Data Name=""TargetFilename"">C:\Windows\assembly\NativeImages_v4.0.30319_32\Temp\3080-0\FSharp.UIResources.dll</Data>
    <Data Name=""CreationUtcTime"">2023-12-21 11:39:01.943</Data>
    <Data Name=""User"">NT AUTHORITY\SYSTEM</Data>
  </EventData>
</Event>
"
Microsoft-Windows-Sysmon/Operational,,,WinDev2309Eval,38:54.9,,,,,,,,,11,6439,,,,C:\Windows\Microsoft.NET\Framework\v4.0.30319\mscorsvw.exe,,,0x8000000000000000,4,,,,,0,,,,,,,{f57bd86a-23cd-6584-cf06-000000000d00},3400,3580.0,,,,,,DLL,,,,,,,,,,,,,2023-12-21T11:38:54.9301467Z,C:\Windows\assembly\NativeImages_v4.0.30319_32\Temp\dfc-0\Templates.Editorconfig.Wizard.dll,,,,,,11,,4208,NT AUTHORITY\SYSTEM,S-1-5-18,38:54.9,2.0,"<Event xmlns=""http://schemas.microsoft.com/win/2004/08/events/event"">
  <System>
    <Provider Name=""Microsoft-Windows-Sysmon"" Guid=""{5770385f-c22a-43e0-bf4c-06f5698ffbd9}""/>
    <EventID>11</EventID>
    <Version>2</Version>
    <Level>4</Level>
    <Task>11</Task>
    <Opcode>0</Opcode>
    <Keywords>0x8000000000000000</Keywords>
    <TimeCreated SystemTime=""2023-12-21T11:38:54.9301467Z""/>
    <EventRecordID>6439</EventRecordID>
    <Correlation/>
    <Execution ProcessID=""3400"" ThreadID=""4208""/>
    <Channel>Microsoft-Windows-Sysmon/Operational</Channel>
    <Computer>WinDev2309Eval</Computer>
    <Security UserID=""S-1-5-18""/>
  </System>
  <EventData>
    <Data Name=""RuleName"">DLL</Data>
    <Data Name=""UtcTime"">2023-12-21 11:38:54.924</Data>
    <Data Name=""ProcessGuid"">{f57bd86a-23cd-6584-cf06-000000000d00}</Data>
    <Data Name=""ProcessId"">3580</Data>
    <Data Name=""Image"">C:\Windows\Microsoft.NET\Framework\v4.0.30319\mscorsvw.exe</Data>
    <Data Name=""TargetFilename"">C:\Windows\assembly\NativeImages_v4.0.30319_32\Temp\dfc-0\Templates.Editorconfig.Wizard.dll</Data>
    <Data Name=""CreationUtcTime"">2023-12-21 11:38:54.924</Data>
    <Data Name=""User"">NT AUTHORITY\SYSTEM</Data>
  </EventData>
</Event>
"
Microsoft-Windows-Sysmon/Operational,,,WinDev2309Eval,38:51.2,,,,,,,,,11,6438,,,,C:\Windows\Microsoft.NET\Framework\v4.0.30319\mscorsvw.exe,,,0x8000000000000000,4,,,,,0,,,,,,,{f57bd86a-23c7-6584-cc06-000000000d00},3400,11296.0,,,,,,EXE,,,,,,,,,,,,,2023-12-21T11:38:51.2503468Z,C:\Windows\assembly\NativeImages_v4.0.30319_32\Temp\2c20-0\sg.exe,,,,,,11,,4208,NT AUTHORITY\SYSTEM,S-1-5-18,38:51.2,2.0,"<Event xmlns=""http://schemas.microsoft.com/win/2004/08/events/event"">
  <System>
    <Provider Name=""Microsoft-Windows-Sysmon"" Guid=""{5770385f-c22a-43e0-bf4c-06f5698ffbd9}""/>
    <EventID>11</EventID>
    <Version>2</Version>
    <Level>4</Level>
    <Task>11</Task>
    <Opcode>0</Opcode>
    <Keywords>0x8000000000000000</Keywords>
    <TimeCreated SystemTime=""2023-12-21T11:38:51.2503468Z""/>
    <EventRecordID>6438</EventRecordID>
    <Correlation/>
    <Execution ProcessID=""3400"" ThreadID=""4208""/>
    <Channel>Microsoft-Windows-Sysmon/Operational</Channel>
    <Computer>WinDev2309Eval</Computer>
    <Security UserID=""S-1-5-18""/>
  </System>
  <EventData>
    <Data Name=""RuleName"">EXE</Data>
    <Data Name=""UtcTime"">2023-12-21 11:38:51.235</Data>
    <Data Name=""ProcessGuid"">{f57bd86a-23c7-6584-cc06-000000000d00}</Data>
    <Data Name=""ProcessId"">11296</Data>
    <Data Name=""Image"">C:\Windows\Microsoft.NET\Framework\v4.0.30319\mscorsvw.exe</Data>
    <Data Name=""TargetFilename"">C:\Windows\assembly\NativeImages_v4.0.30319_32\Temp\2c20-0\sg.exe</Data>
    <Data Name=""CreationUtcTime"">2023-12-21 11:38:51.235</Data>
    <Data Name=""User"">NT AUTHORITY\SYSTEM</Data>
  </EventData>
</Event>
"
Microsoft-Windows-Sysmon/Operational,,,WinDev2309Eval,38:43.9,,,,,,,,,11,6437,,,,C:\Windows\Microsoft.NET\Framework\v4.0.30319\mscorsvw.exe,,,0x8000000000000000,4,,,,,0,,,,,,,{f57bd86a-23c3-6584-b706-000000000d00},3400,12652.0,,,,,,EXE,,,,,,,,,,,,,2023-12-21T11:38:43.9165556Z,C:\Windows\assembly\NativeImages_v4.0.30319_32\Temp\316c-0\Gatekeeper.exe,,,,,,11,,4208,NT AUTHORITY\SYSTEM,S-1-5-18,38:43.9,2.0,"<Event xmlns=""http://schemas.microsoft.com/win/2004/08/events/event"">
  <System>
    <Provider Name=""Microsoft-Windows-Sysmon"" Guid=""{5770385f-c22a-43e0-bf4c-06f5698ffbd9}""/>
    <EventID>11</EventID>
    <Version>2</Version>
    <Level>4</Level>
    <Task>11</Task>
    <Opcode>0</Opcode>
    <Keywords>0x8000000000000000</Keywords>
    <TimeCreated SystemTime=""2023-12-21T11:38:43.9165556Z""/>
    <EventRecordID>6437</EventRecordID>
    <Correlation/>
    <Execution ProcessID=""3400"" ThreadID=""4208""/>
    <Channel>Microsoft-Windows-Sysmon/Operational</Channel>
    <Computer>WinDev2309Eval</Computer>
    <Security UserID=""S-1-5-18""/>
  </System>
  <EventData>
    <Data Name=""RuleName"">EXE</Data>
    <Data Name=""UtcTime"">2023-12-21 11:38:43.913</Data>
    <Data Name=""ProcessGuid"">{f57bd86a-23c3-6584-b706-000000000d00}</Data>
    <Data Name=""ProcessId"">12652</Data>
    <Data Name=""Image"">C:\Windows\Microsoft.NET\Framework\v4.0.30319\mscorsvw.exe</Data>
    <Data Name=""TargetFilename"">C:\Windows\assembly\NativeImages_v4.0.30319_32\Temp\316c-0\Gatekeeper.exe</Data>
    <Data Name=""CreationUtcTime"">2023-12-21 11:38:43.913</Data>
    <Data Name=""User"">NT AUTHORITY\SYSTEM</Data>
  </EventData>
</Event>
"
Microsoft-Windows-Sysmon/Operational,,,WinDev2309Eval,38:43.1,,,,,,,,,11,6436,,,,C:\Windows\Microsoft.NET\Framework\v4.0.30319\mscorsvw.exe,,,0x8000000000000000,4,,,,,0,,,,,,,{f57bd86a-23c2-6584-b506-000000000d00},3400,1352.0,,,,,,DLL,,,,,,,,,,,,,2023-12-21T11:38:43.1055803Z,C:\Windows\assembly\NativeImages_v4.0.30319_32\Temp\548-0\MdTransform.dll,,,,,,11,,4208,NT AUTHORITY\SYSTEM,S-1-5-18,38:43.1,2.0,"<Event xmlns=""http://schemas.microsoft.com/win/2004/08/events/event"">
  <System>
    <Provider Name=""Microsoft-Windows-Sysmon"" Guid=""{5770385f-c22a-43e0-bf4c-06f5698ffbd9}""/>
    <EventID>11</EventID>
    <Version>2</Version>
    <Level>4</Level>
    <Task>11</Task>
    <Opcode>0</Opcode>
    <Keywords>0x8000000000000000</Keywords>
    <TimeCreated SystemTime=""2023-12-21T11:38:43.1055803Z""/>
    <EventRecordID>6436</EventRecordID>
    <Correlation/>
    <Execution ProcessID=""3400"" ThreadID=""4208""/>
    <Channel>Microsoft-Windows-Sysmon/Operational</Channel>
    <Computer>WinDev2309Eval</Computer>
    <Security UserID=""S-1-5-18""/>
  </System>
  <EventData>
    <Data Name=""RuleName"">DLL</Data>
    <Data Name=""UtcTime"">2023-12-21 11:38:43.100</Data>
    <Data Name=""ProcessGuid"">{f57bd86a-23c2-6584-b506-000000000d00}</Data>
    <Data Name=""ProcessId"">1352</Data>
    <Data Name=""Image"">C:\Windows\Microsoft.NET\Framework\v4.0.30319\mscorsvw.exe</Data>
    <Data Name=""TargetFilename"">C:\Windows\assembly\NativeImages_v4.0.30319_32\Temp\548-0\MdTransform.dll</Data>
    <Data Name=""CreationUtcTime"">2023-12-21 11:38:43.100</Data>
    <Data Name=""User"">NT AUTHORITY\SYSTEM</Data>
  </EventData>
</Event>
"
Microsoft-Windows-Sysmon/Operational,,,WinDev2309Eval,38:42.8,,,,,,,,,11,6435,,,,C:\Windows\Microsoft.NET\Framework\v4.0.30319\mscorsvw.exe,,,0x8000000000000000,4,,,,,0,,,,,,,{f57bd86a-23c2-6584-b406-000000000d00},3400,11256.0,,,,,,DLL,,,,,,,,,,,,,2023-12-21T11:38:42.7981823Z,C:\Windows\assembly\NativeImages_v4.0.30319_32\Temp\2bf8-0\NativeFormatWriter.dll,,,,,,11,,4208,NT AUTHORITY\SYSTEM,S-1-5-18,38:42.8,2.0,"<Event xmlns=""http://schemas.microsoft.com/win/2004/08/events/event"">
  <System>
    <Provider Name=""Microsoft-Windows-Sysmon"" Guid=""{5770385f-c22a-43e0-bf4c-06f5698ffbd9}""/>
    <EventID>11</EventID>
    <Version>2</Version>
    <Level>4</Level>
    <Task>11</Task>
    <Opcode>0</Opcode>
    <Keywords>0x8000000000000000</Keywords>
    <TimeCreated SystemTime=""2023-12-21T11:38:42.7981823Z""/>
    <EventRecordID>6435</EventRecordID>
    <Correlation/>
    <Execution ProcessID=""3400"" ThreadID=""4208""/>
    <Channel>Microsoft-Windows-Sysmon/Operational</Channel>
    <Computer>WinDev2309Eval</Computer>
    <Security UserID=""S-1-5-18""/>
  </System>
  <EventData>
    <Data Name=""RuleName"">DLL</Data>
    <Data Name=""UtcTime"">2023-12-21 11:38:42.788</Data>
    <Data Name=""ProcessGuid"">{f57bd86a-23c2-6584-b406-000000000d00}</Data>
    <Data Name=""ProcessId"">11256</Data>
    <Data Name=""Image"">C:\Windows\Microsoft.NET\Framework\v4.0.30319\mscorsvw.exe</Data>
    <Data Name=""TargetFilename"">C:\Windows\assembly\NativeImages_v4.0.30319_32\Temp\2bf8-0\NativeFormatWriter.dll</Data>
    <Data Name=""CreationUtcTime"">2023-12-21 11:38:42.788</Data>
    <Data Name=""User"">NT AUTHORITY\SYSTEM</Data>
  </EventData>
</Event>
"
Microsoft-Windows-Sysmon/Operational,,,WinDev2309Eval,38:42.3,,,,,,,,,11,6434,,,,C:\Windows\Microsoft.NET\Framework\v4.0.30319\mscorsvw.exe,,,0x8000000000000000,4,,,,,0,,,,,,,{f57bd86a-23c1-6584-b306-000000000d00},3400,13196.0,,,,,,DLL,,,,,,,,,,,,,2023-12-21T11:38:42.2575699Z,C:\Windows\assembly\NativeImages_v4.0.30319_32\Temp\338c-0\McgCodeDom.dll,,,,,,11,,4208,NT AUTHORITY\SYSTEM,S-1-5-18,38:42.3,2.0,"<Event xmlns=""http://schemas.microsoft.com/win/2004/08/events/event"">
  <System>
    <Provider Name=""Microsoft-Windows-Sysmon"" Guid=""{5770385f-c22a-43e0-bf4c-06f5698ffbd9}""/>
    <EventID>11</EventID>
    <Version>2</Version>
    <Level>4</Level>
    <Task>11</Task>
    <Opcode>0</Opcode>
    <Keywords>0x8000000000000000</Keywords>
    <TimeCreated SystemTime=""2023-12-21T11:38:42.2575699Z""/>
    <EventRecordID>6434</EventRecordID>
    <Correlation/>
    <Execution ProcessID=""3400"" ThreadID=""4208""/>
    <Channel>Microsoft-Windows-Sysmon/Operational</Channel>
    <Computer>WinDev2309Eval</Computer>
    <Security UserID=""S-1-5-18""/>
  </System>
  <EventData>
    <Data Name=""RuleName"">DLL</Data>
    <Data Name=""UtcTime"">2023-12-21 11:38:42.257</Data>
    <Data Name=""ProcessGuid"">{f57bd86a-23c1-6584-b306-000000000d00}</Data>
    <Data Name=""ProcessId"">13196</Data>
    <Data Name=""Image"">C:\Windows\Microsoft.NET\Framework\v4.0.30319\mscorsvw.exe</Data>
    <Data Name=""TargetFilename"">C:\Windows\assembly\NativeImages_v4.0.30319_32\Temp\338c-0\McgCodeDom.dll</Data>
    <Data Name=""CreationUtcTime"">2023-12-21 11:38:42.257</Data>
    <Data Name=""User"">NT AUTHORITY\SYSTEM</Data>
  </EventData>
</Event>
"
Microsoft-Windows-Sysmon/Operational,,,WinDev2309Eval,38:41.9,,,,,,,,,11,6433,,,,C:\Windows\Microsoft.NET\Framework\v4.0.30319\mscorsvw.exe,,,0x8000000000000000,4,,,,,0,,,,,,,{f57bd86a-23c0-6584-b206-000000000d00},3400,1984.0,,,,,,DLL,,,,,,,,,,,,,2023-12-21T11:38:41.8801783Z,C:\Windows\assembly\NativeImages_v4.0.30319_32\Temp\7c0-0\McgEngine.dll,,,,,,11,,4208,NT AUTHORITY\SYSTEM,S-1-5-18,38:41.9,2.0,"<Event xmlns=""http://schemas.microsoft.com/win/2004/08/events/event"">
  <System>
    <Provider Name=""Microsoft-Windows-Sysmon"" Guid=""{5770385f-c22a-43e0-bf4c-06f5698ffbd9}""/>
    <EventID>11</EventID>
    <Version>2</Version>
    <Level>4</Level>
    <Task>11</Task>
    <Opcode>0</Opcode>
    <Keywords>0x8000000000000000</Keywords>
    <TimeCreated SystemTime=""2023-12-21T11:38:41.8801783Z""/>
    <EventRecordID>6433</EventRecordID>
    <Correlation/>
    <Execution ProcessID=""3400"" ThreadID=""4208""/>
    <Channel>Microsoft-Windows-Sysmon/Operational</Channel>
    <Computer>WinDev2309Eval</Computer>
    <Security UserID=""S-1-5-18""/>
  </System>
  <EventData>
    <Data Name=""RuleName"">DLL</Data>
    <Data Name=""UtcTime"">2023-12-21 11:38:41.866</Data>
    <Data Name=""ProcessGuid"">{f57bd86a-23c0-6584-b206-000000000d00}</Data>
    <Data Name=""ProcessId"">1984</Data>
    <Data Name=""Image"">C:\Windows\Microsoft.NET\Framework\v4.0.30319\mscorsvw.exe</Data>
    <Data Name=""TargetFilename"">C:\Windows\assembly\NativeImages_v4.0.30319_32\Temp\7c0-0\McgEngine.dll</Data>
    <Data Name=""CreationUtcTime"">2023-12-21 11:38:41.866</Data>
    <Data Name=""User"">NT AUTHORITY\SYSTEM</Data>
  </EventData>
</Event>
"
Microsoft-Windows-Sysmon/Operational,,,WinDev2309Eval,38:40.4,,,,,,,,,11,6432,,,,C:\Windows\Microsoft.NET\Framework\v4.0.30319\mscorsvw.exe,,,0x8000000000000000,4,,,,,0,,,,,,,{f57bd86a-23bf-6584-b106-000000000d00},3400,12548.0,,,,,,DLL,,,,,,,,,,,,,2023-12-21T11:38:40.3919743Z,C:\Windows\assembly\NativeImages_v4.0.30319_32\Temp\3104-0\ReducerEngine.dll,,,,,,11,,4208,NT AUTHORITY\SYSTEM,S-1-5-18,38:40.4,2.0,"<Event xmlns=""http://schemas.microsoft.com/win/2004/08/events/event"">
  <System>
    <Provider Name=""Microsoft-Windows-Sysmon"" Guid=""{5770385f-c22a-43e0-bf4c-06f5698ffbd9}""/>
    <EventID>11</EventID>
    <Version>2</Version>
    <Level>4</Level>
    <Task>11</Task>
    <Opcode>0</Opcode>
    <Keywords>0x8000000000000000</Keywords>
    <TimeCreated SystemTime=""2023-12-21T11:38:40.3919743Z""/>
    <EventRecordID>6432</EventRecordID>
    <Correlation/>
    <Execution ProcessID=""3400"" ThreadID=""4208""/>
    <Channel>Microsoft-Windows-Sysmon/Operational</Channel>
    <Computer>WinDev2309Eval</Computer>
    <Security UserID=""S-1-5-18""/>
  </System>
  <EventData>
    <Data Name=""RuleName"">DLL</Data>
    <Data Name=""UtcTime"">2023-12-21 11:38:40.381</Data>
    <Data Name=""ProcessGuid"">{f57bd86a-23bf-6584-b106-000000000d00}</Data>
    <Data Name=""ProcessId"">12548</Data>
    <Data Name=""Image"">C:\Windows\Microsoft.NET\Framework\v4.0.30319\mscorsvw.exe</Data>
    <Data Name=""TargetFilename"">C:\Windows\assembly\NativeImages_v4.0.30319_32\Temp\3104-0\ReducerEngine.dll</Data>
    <Data Name=""CreationUtcTime"">2023-12-21 11:38:40.381</Data>
    <Data Name=""User"">NT AUTHORITY\SYSTEM</Data>
  </EventData>
</Event>
"
