Channel,CommandLine,Company,Computer,CreationUtcTime,CurrentDirectory,Description,DestinationHostname,DestinationIp,DestinationIsIpv6,DestinationPort,DestinationPortName,Details,EventID,EventRecordID,EventType,FileVersion,Hashes,Image,Initiated,IntegrityLevel,Keywords,Level,LogonGuid,LogonId,Message,NewThreadId,Opcode,OriginalFileName,ParentCommandLine,ParentImage,ParentProcessGuid,ParentProcessId,ParentUser,ProcessGuid,ProcessID,ProcessId,Product,Protocol,QueryName,QueryResults,QueryStatus,RuleName,SourceHostname,SourceImage,SourceIp,SourceIsIpv6,SourcePort,SourcePortName,SourceProcessGuid,SourceProcessId,SourceUser,StartAddress,StartFunction,StartModule,SystemTime,TargetFilename,TargetImage,TargetObject,TargetProcessGuid,TargetProcessId,TargetUser,Task,TerminalSessionId,ThreadID,User,UserID,UtcTime,Version,raw
Microsoft-Windows-Sysmon/Operational,,,WinDev2309Eval,,,,,,,,,,22,5749,,,,C:\Program Files (x86)\Microsoft\Edge\Application\msedge.exe,,,0x8000000000000000,4,,,,,0,,,,,,,{f57bd86a-1d66-6582-df00-000000000d00},3400,8844.0,,,api.krunchdata.io,::ffff:172.67.202.230;::ffff:104.21.42.71;,0.0,-,,,,,,,,,,,,,2023-12-20T10:23:27.6387516Z,,,,,,,22,,4220,WINDEV2309EVAL\User,S-1-5-18,23:27.3,5.0,"<Event xmlns=""http://schemas.microsoft.com/win/2004/08/events/event"">
  <System>
    <Provider Name=""Microsoft-Windows-Sysmon"" Guid=""{5770385f-c22a-43e0-bf4c-06f5698ffbd9}""/>
    <EventID>22</EventID>
    <Version>5</Version>
    <Level>4</Level>
    <Task>22</Task>
    <Opcode>0</Opcode>
    <Keywords>0x8000000000000000</Keywords>
    <TimeCreated SystemTime=""2023-12-20T10:23:27.6387516Z""/>
    <EventRecordID>5749</EventRecordID>
    <Correlation/>
    <Execution ProcessID=""3400"" ThreadID=""4220""/>
    <Channel>Microsoft-Windows-Sysmon/Operational</Channel>
    <Computer>WinDev2309Eval</Computer>
    <Security UserID=""S-1-5-18""/>
  </System>
  <EventData>
    <Data Name=""RuleName"">-</Data>
    <Data Name=""UtcTime"">2023-12-20 10:23:27.315</Data>
    <Data Name=""ProcessGuid"">{f57bd86a-1d66-6582-df00-000000000d00}</Data>
    <Data Name=""ProcessId"">8844</Data>
    <Data Name=""QueryName"">api.krunchdata.io</Data>
    <Data Name=""QueryStatus"">0</Data>
    <Data Name=""QueryResults"">::ffff:172.67.202.230;::ffff:104.21.42.71;</Data>
    <Data Name=""Image"">C:\Program Files (x86)\Microsoft\Edge\Application\msedge.exe</Data>
    <Data Name=""User"">WINDEV2309EVAL\User</Data>
  </EventData>
</Event>
"
Microsoft-Windows-Sysmon/Operational,,,WinDev2309Eval,,,,,,,,,,22,5748,,,,C:\Program Files (x86)\Microsoft\Edge\Application\msedge.exe,,,0x8000000000000000,4,,,,,0,,,,,,,{f57bd86a-1d66-6582-df00-000000000d00},3400,8844.0,,,analytics.twitter.com,type: 5 ads.twitter.com;type: 5 s.twitter.com;::ffff:104.244.42.3;::ffff:104.244.42.131;::ffff:104.244.42.67;::ffff:104.244.42.195;,0.0,-,,,,,,,,,,,,,2023-12-20T10:23:27.6383614Z,,,,,,,22,,4220,WINDEV2309EVAL\User,S-1-5-18,23:27.2,5.0,"<Event xmlns=""http://schemas.microsoft.com/win/2004/08/events/event"">
  <System>
    <Provider Name=""Microsoft-Windows-Sysmon"" Guid=""{5770385f-c22a-43e0-bf4c-06f5698ffbd9}""/>
    <EventID>22</EventID>
    <Version>5</Version>
    <Level>4</Level>
    <Task>22</Task>
    <Opcode>0</Opcode>
    <Keywords>0x8000000000000000</Keywords>
    <TimeCreated SystemTime=""2023-12-20T10:23:27.6383614Z""/>
    <EventRecordID>5748</EventRecordID>
    <Correlation/>
    <Execution ProcessID=""3400"" ThreadID=""4220""/>
    <Channel>Microsoft-Windows-Sysmon/Operational</Channel>
    <Computer>WinDev2309Eval</Computer>
    <Security UserID=""S-1-5-18""/>
  </System>
  <EventData>
    <Data Name=""RuleName"">-</Data>
    <Data Name=""UtcTime"">2023-12-20 10:23:27.178</Data>
    <Data Name=""ProcessGuid"">{f57bd86a-1d66-6582-df00-000000000d00}</Data>
    <Data Name=""ProcessId"">8844</Data>
    <Data Name=""QueryName"">analytics.twitter.com</Data>
    <Data Name=""QueryStatus"">0</Data>
    <Data Name=""QueryResults"">type: 5 ads.twitter.com;type: 5 s.twitter.com;::ffff:104.244.42.3;::ffff:104.244.42.131;::ffff:104.244.42.67;::ffff:104.244.42.195;</Data>
    <Data Name=""Image"">C:\Program Files (x86)\Microsoft\Edge\Application\msedge.exe</Data>
    <Data Name=""User"">WINDEV2309EVAL\User</Data>
  </EventData>
</Event>
"
Microsoft-Windows-Sysmon/Operational,,,WinDev2309Eval,,,,,,,,,,22,5747,,,,C:\Program Files (x86)\Microsoft\Edge\Application\msedge.exe,,,0x8000000000000000,4,,,,,0,,,,,,,{f57bd86a-1d66-6582-df00-000000000d00},3400,8844.0,,,t.co,::ffff:104.244.42.69;,0.0,-,,,,,,,,,,,,,2023-12-20T10:23:27.6380131Z,,,,,,,22,,4220,WINDEV2309EVAL\User,S-1-5-18,23:27.2,5.0,"<Event xmlns=""http://schemas.microsoft.com/win/2004/08/events/event"">
  <System>
    <Provider Name=""Microsoft-Windows-Sysmon"" Guid=""{5770385f-c22a-43e0-bf4c-06f5698ffbd9}""/>
    <EventID>22</EventID>
    <Version>5</Version>
    <Level>4</Level>
    <Task>22</Task>
    <Opcode>0</Opcode>
    <Keywords>0x8000000000000000</Keywords>
    <TimeCreated SystemTime=""2023-12-20T10:23:27.6380131Z""/>
    <EventRecordID>5747</EventRecordID>
    <Correlation/>
    <Execution ProcessID=""3400"" ThreadID=""4220""/>
    <Channel>Microsoft-Windows-Sysmon/Operational</Channel>
    <Computer>WinDev2309Eval</Computer>
    <Security UserID=""S-1-5-18""/>
  </System>
  <EventData>
    <Data Name=""RuleName"">-</Data>
    <Data Name=""UtcTime"">2023-12-20 10:23:27.157</Data>
    <Data Name=""ProcessGuid"">{f57bd86a-1d66-6582-df00-000000000d00}</Data>
    <Data Name=""ProcessId"">8844</Data>
    <Data Name=""QueryName"">t.co</Data>
    <Data Name=""QueryStatus"">0</Data>
    <Data Name=""QueryResults"">::ffff:104.244.42.69;</Data>
    <Data Name=""Image"">C:\Program Files (x86)\Microsoft\Edge\Application\msedge.exe</Data>
    <Data Name=""User"">WINDEV2309EVAL\User</Data>
  </EventData>
</Event>
"
Microsoft-Windows-Sysmon/Operational,,,WinDev2309Eval,,,,,,,,,,22,5746,,,,C:\Program Files (x86)\Microsoft\Edge\Application\msedge.exe,,,0x8000000000000000,4,,,,,0,,,,,,,{f57bd86a-1d66-6582-df00-000000000d00},3400,8844.0,,,forms.hsforms.com,::ffff:104.17.239.249;::ffff:104.18.160.125;::ffff:104.18.176.125;::ffff:104.18.192.125;::ffff:104.17.207.249;,0.0,-,,,,,,,,,,,,,2023-12-20T10:23:27.6373696Z,,,,,,,22,,4220,WINDEV2309EVAL\User,S-1-5-18,23:27.0,5.0,"<Event xmlns=""http://schemas.microsoft.com/win/2004/08/events/event"">
  <System>
    <Provider Name=""Microsoft-Windows-Sysmon"" Guid=""{5770385f-c22a-43e0-bf4c-06f5698ffbd9}""/>
    <EventID>22</EventID>
    <Version>5</Version>
    <Level>4</Level>
    <Task>22</Task>
    <Opcode>0</Opcode>
    <Keywords>0x8000000000000000</Keywords>
    <TimeCreated SystemTime=""2023-12-20T10:23:27.6373696Z""/>
    <EventRecordID>5746</EventRecordID>
    <Correlation/>
    <Execution ProcessID=""3400"" ThreadID=""4220""/>
    <Channel>Microsoft-Windows-Sysmon/Operational</Channel>
    <Computer>WinDev2309Eval</Computer>
    <Security UserID=""S-1-5-18""/>
  </System>
  <EventData>
    <Data Name=""RuleName"">-</Data>
    <Data Name=""UtcTime"">2023-12-20 10:23:26.993</Data>
    <Data Name=""ProcessGuid"">{f57bd86a-1d66-6582-df00-000000000d00}</Data>
    <Data Name=""ProcessId"">8844</Data>
    <Data Name=""QueryName"">forms.hsforms.com</Data>
    <Data Name=""QueryStatus"">0</Data>
    <Data Name=""QueryResults"">::ffff:104.17.239.249;::ffff:104.18.160.125;::ffff:104.18.176.125;::ffff:104.18.192.125;::ffff:104.17.207.249;</Data>
    <Data Name=""Image"">C:\Program Files (x86)\Microsoft\Edge\Application\msedge.exe</Data>
    <Data Name=""User"">WINDEV2309EVAL\User</Data>
  </EventData>
</Event>
"
Microsoft-Windows-Sysmon/Operational,,,WinDev2309Eval,,,,,,,,,,22,5745,,,,C:\Program Files (x86)\Microsoft\Edge\Application\msedge.exe,,,0x8000000000000000,4,,,,,0,,,,,,,{f57bd86a-1d66-6582-df00-000000000d00},3400,8844.0,,,alb.reddit.com,type: 5 reddit.map.fastly.net;::ffff:151.101.1.140;::ffff:151.101.65.140;::ffff:151.101.129.140;::ffff:151.101.193.140;,0.0,-,,,,,,,,,,,,,2023-12-20T10:23:26.6292029Z,,,,,,,22,,4220,WINDEV2309EVAL\User,S-1-5-18,23:26.9,5.0,"<Event xmlns=""http://schemas.microsoft.com/win/2004/08/events/event"">
  <System>
    <Provider Name=""Microsoft-Windows-Sysmon"" Guid=""{5770385f-c22a-43e0-bf4c-06f5698ffbd9}""/>
    <EventID>22</EventID>
    <Version>5</Version>
    <Level>4</Level>
    <Task>22</Task>
    <Opcode>0</Opcode>
    <Keywords>0x8000000000000000</Keywords>
    <TimeCreated SystemTime=""2023-12-20T10:23:26.6292029Z""/>
    <EventRecordID>5745</EventRecordID>
    <Correlation/>
    <Execution ProcessID=""3400"" ThreadID=""4220""/>
    <Channel>Microsoft-Windows-Sysmon/Operational</Channel>
    <Computer>WinDev2309Eval</Computer>
    <Security UserID=""S-1-5-18""/>
  </System>
  <EventData>
    <Data Name=""RuleName"">-</Data>
    <Data Name=""UtcTime"">2023-12-20 10:23:26.939</Data>
    <Data Name=""ProcessGuid"">{f57bd86a-1d66-6582-df00-000000000d00}</Data>
    <Data Name=""ProcessId"">8844</Data>
    <Data Name=""QueryName"">alb.reddit.com</Data>
    <Data Name=""QueryStatus"">0</Data>
    <Data Name=""QueryResults"">type: 5 reddit.map.fastly.net;::ffff:151.101.1.140;::ffff:151.101.65.140;::ffff:151.101.129.140;::ffff:151.101.193.140;</Data>
    <Data Name=""Image"">C:\Program Files (x86)\Microsoft\Edge\Application\msedge.exe</Data>
    <Data Name=""User"">WINDEV2309EVAL\User</Data>
  </EventData>
</Event>
"
Microsoft-Windows-Sysmon/Operational,,,WinDev2309Eval,,,,,,,,,,22,5744,,,,C:\Program Files (x86)\Microsoft\Edge\Application\msedge.exe,,,0x8000000000000000,4,,,,,0,,,,,,,{f57bd86a-1d66-6582-df00-000000000d00},3400,8844.0,,,api.hubapi.com,::ffff:104.17.201.204;::ffff:104.17.203.204;::ffff:104.17.204.204;::ffff:104.17.200.204;::ffff:104.17.202.204;,0.0,-,,,,,,,,,,,,,2023-12-20T10:23:26.6291224Z,,,,,,,22,,4220,WINDEV2309EVAL\User,S-1-5-18,23:26.8,5.0,"<Event xmlns=""http://schemas.microsoft.com/win/2004/08/events/event"">
  <System>
    <Provider Name=""Microsoft-Windows-Sysmon"" Guid=""{5770385f-c22a-43e0-bf4c-06f5698ffbd9}""/>
    <EventID>22</EventID>
    <Version>5</Version>
    <Level>4</Level>
    <Task>22</Task>
    <Opcode>0</Opcode>
    <Keywords>0x8000000000000000</Keywords>
    <TimeCreated SystemTime=""2023-12-20T10:23:26.6291224Z""/>
    <EventRecordID>5744</EventRecordID>
    <Correlation/>
    <Execution ProcessID=""3400"" ThreadID=""4220""/>
    <Channel>Microsoft-Windows-Sysmon/Operational</Channel>
    <Computer>WinDev2309Eval</Computer>
    <Security UserID=""S-1-5-18""/>
  </System>
  <EventData>
    <Data Name=""RuleName"">-</Data>
    <Data Name=""UtcTime"">2023-12-20 10:23:26.820</Data>
    <Data Name=""ProcessGuid"">{f57bd86a-1d66-6582-df00-000000000d00}</Data>
    <Data Name=""ProcessId"">8844</Data>
    <Data Name=""QueryName"">api.hubapi.com</Data>
    <Data Name=""QueryStatus"">0</Data>
    <Data Name=""QueryResults"">::ffff:104.17.201.204;::ffff:104.17.203.204;::ffff:104.17.204.204;::ffff:104.17.200.204;::ffff:104.17.202.204;</Data>
    <Data Name=""Image"">C:\Program Files (x86)\Microsoft\Edge\Application\msedge.exe</Data>
    <Data Name=""User"">WINDEV2309EVAL\User</Data>
  </EventData>
</Event>
"
Microsoft-Windows-Sysmon/Operational,,,WinDev2309Eval,,,,,,,,,,22,5743,,,,C:\Program Files (x86)\Microsoft\Edge\Application\msedge.exe,,,0x8000000000000000,4,,,,,0,,,,,,,{f57bd86a-1d66-6582-df00-000000000d00},3400,8844.0,,,openfpcdn.io,::ffff:3.160.196.20;::ffff:3.160.196.8;::ffff:3.160.196.28;::ffff:3.160.196.71;,0.0,-,,,,,,,,,,,,,2023-12-20T10:23:26.6290779Z,,,,,,,22,,4220,WINDEV2309EVAL\User,S-1-5-18,23:26.8,5.0,"<Event xmlns=""http://schemas.microsoft.com/win/2004/08/events/event"">
  <System>
    <Provider Name=""Microsoft-Windows-Sysmon"" Guid=""{5770385f-c22a-43e0-bf4c-06f5698ffbd9}""/>
    <EventID>22</EventID>
    <Version>5</Version>
    <Level>4</Level>
    <Task>22</Task>
    <Opcode>0</Opcode>
    <Keywords>0x8000000000000000</Keywords>
    <TimeCreated SystemTime=""2023-12-20T10:23:26.6290779Z""/>
    <EventRecordID>5743</EventRecordID>
    <Correlation/>
    <Execution ProcessID=""3400"" ThreadID=""4220""/>
    <Channel>Microsoft-Windows-Sysmon/Operational</Channel>
    <Computer>WinDev2309Eval</Computer>
    <Security UserID=""S-1-5-18""/>
  </System>
  <EventData>
    <Data Name=""RuleName"">-</Data>
    <Data Name=""UtcTime"">2023-12-20 10:23:26.759</Data>
    <Data Name=""ProcessGuid"">{f57bd86a-1d66-6582-df00-000000000d00}</Data>
    <Data Name=""ProcessId"">8844</Data>
    <Data Name=""QueryName"">openfpcdn.io</Data>
    <Data Name=""QueryStatus"">0</Data>
    <Data Name=""QueryResults"">::ffff:3.160.196.20;::ffff:3.160.196.8;::ffff:3.160.196.28;::ffff:3.160.196.71;</Data>
    <Data Name=""Image"">C:\Program Files (x86)\Microsoft\Edge\Application\msedge.exe</Data>
    <Data Name=""User"">WINDEV2309EVAL\User</Data>
  </EventData>
</Event>
"
Microsoft-Windows-Sysmon/Operational,,,WinDev2309Eval,,,,,,,,,,22,5742,,,,C:\Program Files (x86)\Microsoft\Edge\Application\msedge.exe,,,0x8000000000000000,4,,,,,0,,,,,,,{f57bd86a-1d66-6582-df00-000000000d00},3400,8844.0,,,client-api.auryc.com,type: 5 prod-traefik.auryc.io;::ffff:34.66.73.214;,0.0,-,,,,,,,,,,,,,2023-12-20T10:23:26.6290510Z,,,,,,,22,,4220,WINDEV2309EVAL\User,S-1-5-18,23:26.8,5.0,"<Event xmlns=""http://schemas.microsoft.com/win/2004/08/events/event"">
  <System>
    <Provider Name=""Microsoft-Windows-Sysmon"" Guid=""{5770385f-c22a-43e0-bf4c-06f5698ffbd9}""/>
    <EventID>22</EventID>
    <Version>5</Version>
    <Level>4</Level>
    <Task>22</Task>
    <Opcode>0</Opcode>
    <Keywords>0x8000000000000000</Keywords>
    <TimeCreated SystemTime=""2023-12-20T10:23:26.6290510Z""/>
    <EventRecordID>5742</EventRecordID>
    <Correlation/>
    <Execution ProcessID=""3400"" ThreadID=""4220""/>
    <Channel>Microsoft-Windows-Sysmon/Operational</Channel>
    <Computer>WinDev2309Eval</Computer>
    <Security UserID=""S-1-5-18""/>
  </System>
  <EventData>
    <Data Name=""RuleName"">-</Data>
    <Data Name=""UtcTime"">2023-12-20 10:23:26.758</Data>
    <Data Name=""ProcessGuid"">{f57bd86a-1d66-6582-df00-000000000d00}</Data>
    <Data Name=""ProcessId"">8844</Data>
    <Data Name=""QueryName"">client-api.auryc.com</Data>
    <Data Name=""QueryStatus"">0</Data>
    <Data Name=""QueryResults"">type: 5 prod-traefik.auryc.io;::ffff:34.66.73.214;</Data>
    <Data Name=""Image"">C:\Program Files (x86)\Microsoft\Edge\Application\msedge.exe</Data>
    <Data Name=""User"">WINDEV2309EVAL\User</Data>
  </EventData>
</Event>
"
Microsoft-Windows-Sysmon/Operational,,,WinDev2309Eval,,,,,,,,,,22,5741,,,,C:\Program Files (x86)\Microsoft\Edge\Application\msedge.exe,,,0x8000000000000000,4,,,,,0,,,,,,,{f57bd86a-1d66-6582-df00-000000000d00},3400,8844.0,,,forms.hscollectedforms.net,::ffff:104.17.90.154;::ffff:104.17.88.154;::ffff:104.17.91.154;::ffff:104.17.89.154;::ffff:104.17.87.154;,0.0,-,,,,,,,,,,,,,2023-12-20T10:23:26.6289168Z,,,,,,,22,,4220,WINDEV2309EVAL\User,S-1-5-18,23:26.7,5.0,"<Event xmlns=""http://schemas.microsoft.com/win/2004/08/events/event"">
  <System>
    <Provider Name=""Microsoft-Windows-Sysmon"" Guid=""{5770385f-c22a-43e0-bf4c-06f5698ffbd9}""/>
    <EventID>22</EventID>
    <Version>5</Version>
    <Level>4</Level>
    <Task>22</Task>
    <Opcode>0</Opcode>
    <Keywords>0x8000000000000000</Keywords>
    <TimeCreated SystemTime=""2023-12-20T10:23:26.6289168Z""/>
    <EventRecordID>5741</EventRecordID>
    <Correlation/>
    <Execution ProcessID=""3400"" ThreadID=""4220""/>
    <Channel>Microsoft-Windows-Sysmon/Operational</Channel>
    <Computer>WinDev2309Eval</Computer>
    <Security UserID=""S-1-5-18""/>
  </System>
  <EventData>
    <Data Name=""RuleName"">-</Data>
    <Data Name=""UtcTime"">2023-12-20 10:23:26.750</Data>
    <Data Name=""ProcessGuid"">{f57bd86a-1d66-6582-df00-000000000d00}</Data>
    <Data Name=""ProcessId"">8844</Data>
    <Data Name=""QueryName"">forms.hscollectedforms.net</Data>
    <Data Name=""QueryStatus"">0</Data>
    <Data Name=""QueryResults"">::ffff:104.17.90.154;::ffff:104.17.88.154;::ffff:104.17.91.154;::ffff:104.17.89.154;::ffff:104.17.87.154;</Data>
    <Data Name=""Image"">C:\Program Files (x86)\Microsoft\Edge\Application\msedge.exe</Data>
    <Data Name=""User"">WINDEV2309EVAL\User</Data>
  </EventData>
</Event>
"
Microsoft-Windows-Sysmon/Operational,,,WinDev2309Eval,,,,,,,,,,22,5740,,,,C:\Program Files (x86)\Microsoft\Edge\Application\msedge.exe,,,0x8000000000000000,4,,,,,0,,,,,,,{f57bd86a-1d66-6582-df00-000000000d00},3400,8844.0,,,cdn.dreamdata.cloud,::ffff:34.120.220.80;,0.0,-,,,,,,,,,,,,,2023-12-20T10:23:26.6288286Z,,,,,,,22,,4220,WINDEV2309EVAL\User,S-1-5-18,23:26.7,5.0,"<Event xmlns=""http://schemas.microsoft.com/win/2004/08/events/event"">
  <System>
    <Provider Name=""Microsoft-Windows-Sysmon"" Guid=""{5770385f-c22a-43e0-bf4c-06f5698ffbd9}""/>
    <EventID>22</EventID>
    <Version>5</Version>
    <Level>4</Level>
    <Task>22</Task>
    <Opcode>0</Opcode>
    <Keywords>0x8000000000000000</Keywords>
    <TimeCreated SystemTime=""2023-12-20T10:23:26.6288286Z""/>
    <EventRecordID>5740</EventRecordID>
    <Correlation/>
    <Execution ProcessID=""3400"" ThreadID=""4220""/>
    <Channel>Microsoft-Windows-Sysmon/Operational</Channel>
    <Computer>WinDev2309Eval</Computer>
    <Security UserID=""S-1-5-18""/>
  </System>
  <EventData>
    <Data Name=""RuleName"">-</Data>
    <Data Name=""UtcTime"">2023-12-20 10:23:26.701</Data>
    <Data Name=""ProcessGuid"">{f57bd86a-1d66-6582-df00-000000000d00}</Data>
    <Data Name=""ProcessId"">8844</Data>
    <Data Name=""QueryName"">cdn.dreamdata.cloud</Data>
    <Data Name=""QueryStatus"">0</Data>
    <Data Name=""QueryResults"">::ffff:34.120.220.80;</Data>
    <Data Name=""Image"">C:\Program Files (x86)\Microsoft\Edge\Application\msedge.exe</Data>
    <Data Name=""User"">WINDEV2309EVAL\User</Data>
  </EventData>
</Event>
"
Microsoft-Windows-Sysmon/Operational,,,WinDev2309Eval,,,,,,,,,,22,5739,,,,C:\Program Files (x86)\Microsoft\Edge\Application\msedge.exe,,,0x8000000000000000,4,,,,,0,,,,,,,{f57bd86a-1d66-6582-df00-000000000d00},3400,8844.0,,,monitor.fraudblocker.com,::ffff:34.96.65.117;,0.0,-,,,,,,,,,,,,,2023-12-20T10:23:26.6286958Z,,,,,,,22,,4220,WINDEV2309EVAL\User,S-1-5-18,23:26.6,5.0,"<Event xmlns=""http://schemas.microsoft.com/win/2004/08/events/event"">
  <System>
    <Provider Name=""Microsoft-Windows-Sysmon"" Guid=""{5770385f-c22a-43e0-bf4c-06f5698ffbd9}""/>
    <EventID>22</EventID>
    <Version>5</Version>
    <Level>4</Level>
    <Task>22</Task>
    <Opcode>0</Opcode>
    <Keywords>0x8000000000000000</Keywords>
    <TimeCreated SystemTime=""2023-12-20T10:23:26.6286958Z""/>
    <EventRecordID>5739</EventRecordID>
    <Correlation/>
    <Execution ProcessID=""3400"" ThreadID=""4220""/>
    <Channel>Microsoft-Windows-Sysmon/Operational</Channel>
    <Computer>WinDev2309Eval</Computer>
    <Security UserID=""S-1-5-18""/>
  </System>
  <EventData>
    <Data Name=""RuleName"">-</Data>
    <Data Name=""UtcTime"">2023-12-20 10:23:26.623</Data>
    <Data Name=""ProcessGuid"">{f57bd86a-1d66-6582-df00-000000000d00}</Data>
    <Data Name=""ProcessId"">8844</Data>
    <Data Name=""QueryName"">monitor.fraudblocker.com</Data>
    <Data Name=""QueryStatus"">0</Data>
    <Data Name=""QueryResults"">::ffff:34.96.65.117;</Data>
    <Data Name=""Image"">C:\Program Files (x86)\Microsoft\Edge\Application\msedge.exe</Data>
    <Data Name=""User"">WINDEV2309EVAL\User</Data>
  </EventData>
</Event>
"
Microsoft-Windows-Sysmon/Operational,,,WinDev2309Eval,,,,,,,,,,22,5738,,,,C:\Program Files (x86)\Microsoft\Edge\Application\msedge.exe,,,0x8000000000000000,4,,,,,0,,,,,,,{f57bd86a-1d66-6582-df00-000000000d00},3400,8844.0,,,static.ads-twitter.com,type: 5 platform.twitter.map.fastly.net;::ffff:199.232.16.157;,0.0,-,,,,,,,,,,,,,2023-12-20T10:23:26.6286465Z,,,,,,,22,,4220,WINDEV2309EVAL\User,S-1-5-18,23:26.5,5.0,"<Event xmlns=""http://schemas.microsoft.com/win/2004/08/events/event"">
  <System>
    <Provider Name=""Microsoft-Windows-Sysmon"" Guid=""{5770385f-c22a-43e0-bf4c-06f5698ffbd9}""/>
    <EventID>22</EventID>
    <Version>5</Version>
    <Level>4</Level>
    <Task>22</Task>
    <Opcode>0</Opcode>
    <Keywords>0x8000000000000000</Keywords>
    <TimeCreated SystemTime=""2023-12-20T10:23:26.6286465Z""/>
    <EventRecordID>5738</EventRecordID>
    <Correlation/>
    <Execution ProcessID=""3400"" ThreadID=""4220""/>
    <Channel>Microsoft-Windows-Sysmon/Operational</Channel>
    <Computer>WinDev2309Eval</Computer>
    <Security UserID=""S-1-5-18""/>
  </System>
  <EventData>
    <Data Name=""RuleName"">-</Data>
    <Data Name=""UtcTime"">2023-12-20 10:23:26.515</Data>
    <Data Name=""ProcessGuid"">{f57bd86a-1d66-6582-df00-000000000d00}</Data>
    <Data Name=""ProcessId"">8844</Data>
    <Data Name=""QueryName"">static.ads-twitter.com</Data>
    <Data Name=""QueryStatus"">0</Data>
    <Data Name=""QueryResults"">type: 5 platform.twitter.map.fastly.net;::ffff:199.232.16.157;</Data>
    <Data Name=""Image"">C:\Program Files (x86)\Microsoft\Edge\Application\msedge.exe</Data>
    <Data Name=""User"">WINDEV2309EVAL\User</Data>
  </EventData>
</Event>
"
Microsoft-Windows-Sysmon/Operational,,,WinDev2309Eval,,,,,,,,,,22,5737,,,,C:\Program Files (x86)\Microsoft\Edge\Application\msedge.exe,,,0x8000000000000000,4,,,,,0,,,,,,,{f57bd86a-1d66-6582-df00-000000000d00},3400,8844.0,,,snap.licdn.com,type: 5 od.linkedin.edgesuite.net;type: 5 a1916.dscg2.akamai.net;::ffff:96.17.178.184;::ffff:96.17.178.207;::ffff:96.17.178.194;::ffff:96.17.178.198;,0.0,-,,,,,,,,,,,,,2023-12-20T10:23:26.6286084Z,,,,,,,22,,4220,WINDEV2309EVAL\User,S-1-5-18,23:26.5,5.0,"<Event xmlns=""http://schemas.microsoft.com/win/2004/08/events/event"">
  <System>
    <Provider Name=""Microsoft-Windows-Sysmon"" Guid=""{5770385f-c22a-43e0-bf4c-06f5698ffbd9}""/>
    <EventID>22</EventID>
    <Version>5</Version>
    <Level>4</Level>
    <Task>22</Task>
    <Opcode>0</Opcode>
    <Keywords>0x8000000000000000</Keywords>
    <TimeCreated SystemTime=""2023-12-20T10:23:26.6286084Z""/>
    <EventRecordID>5737</EventRecordID>
    <Correlation/>
    <Execution ProcessID=""3400"" ThreadID=""4220""/>
    <Channel>Microsoft-Windows-Sysmon/Operational</Channel>
    <Computer>WinDev2309Eval</Computer>
    <Security UserID=""S-1-5-18""/>
  </System>
  <EventData>
    <Data Name=""RuleName"">-</Data>
    <Data Name=""UtcTime"">2023-12-20 10:23:26.514</Data>
    <Data Name=""ProcessGuid"">{f57bd86a-1d66-6582-df00-000000000d00}</Data>
    <Data Name=""ProcessId"">8844</Data>
    <Data Name=""QueryName"">snap.licdn.com</Data>
    <Data Name=""QueryStatus"">0</Data>
    <Data Name=""QueryResults"">type: 5 od.linkedin.edgesuite.net;type: 5 a1916.dscg2.akamai.net;::ffff:96.17.178.184;::ffff:96.17.178.207;::ffff:96.17.178.194;::ffff:96.17.178.198;</Data>
    <Data Name=""Image"">C:\Program Files (x86)\Microsoft\Edge\Application\msedge.exe</Data>
    <Data Name=""User"">WINDEV2309EVAL\User</Data>
  </EventData>
</Event>
"
Microsoft-Windows-Sysmon/Operational,,,WinDev2309Eval,,,,,,,,,,22,5736,,,,C:\Program Files (x86)\Microsoft\Edge\Application\msedge.exe,,,0x8000000000000000,4,,,,,0,,,,,,,{f57bd86a-1d66-6582-df00-000000000d00},3400,8844.0,,,www.redditstatic.com,type: 5 dualstack.reddit.map.fastly.net;::ffff:151.101.1.140;::ffff:151.101.65.140;::ffff:151.101.129.140;::ffff:151.101.193.140;,0.0,-,,,,,,,,,,,,,2023-12-20T10:23:26.6285107Z,,,,,,,22,,4220,WINDEV2309EVAL\User,S-1-5-18,23:26.4,5.0,"<Event xmlns=""http://schemas.microsoft.com/win/2004/08/events/event"">
  <System>
    <Provider Name=""Microsoft-Windows-Sysmon"" Guid=""{5770385f-c22a-43e0-bf4c-06f5698ffbd9}""/>
    <EventID>22</EventID>
    <Version>5</Version>
    <Level>4</Level>
    <Task>22</Task>
    <Opcode>0</Opcode>
    <Keywords>0x8000000000000000</Keywords>
    <TimeCreated SystemTime=""2023-12-20T10:23:26.6285107Z""/>
    <EventRecordID>5736</EventRecordID>
    <Correlation/>
    <Execution ProcessID=""3400"" ThreadID=""4220""/>
    <Channel>Microsoft-Windows-Sysmon/Operational</Channel>
    <Computer>WinDev2309Eval</Computer>
    <Security UserID=""S-1-5-18""/>
  </System>
  <EventData>
    <Data Name=""RuleName"">-</Data>
    <Data Name=""UtcTime"">2023-12-20 10:23:26.416</Data>
    <Data Name=""ProcessGuid"">{f57bd86a-1d66-6582-df00-000000000d00}</Data>
    <Data Name=""ProcessId"">8844</Data>
    <Data Name=""QueryName"">www.redditstatic.com</Data>
    <Data Name=""QueryStatus"">0</Data>
    <Data Name=""QueryResults"">type: 5 dualstack.reddit.map.fastly.net;::ffff:151.101.1.140;::ffff:151.101.65.140;::ffff:151.101.129.140;::ffff:151.101.193.140;</Data>
    <Data Name=""Image"">C:\Program Files (x86)\Microsoft\Edge\Application\msedge.exe</Data>
    <Data Name=""User"">WINDEV2309EVAL\User</Data>
  </EventData>
</Event>
"
Microsoft-Windows-Sysmon/Operational,,,WinDev2309Eval,,,,,,,,,,22,5735,,,,C:\Program Files (x86)\Microsoft\Edge\Application\msedge.exe,,,0x8000000000000000,4,,,,,0,,,,,,,{f57bd86a-1d66-6582-df00-000000000d00},3400,8844.0,,,cdn.heapanalytics.com,::ffff:18.161.97.34;::ffff:18.161.97.86;::ffff:18.161.97.60;::ffff:18.161.97.114;,0.0,-,,,,,,,,,,,,,2023-12-20T10:23:26.6284436Z,,,,,,,22,,4220,WINDEV2309EVAL\User,S-1-5-18,23:26.4,5.0,"<Event xmlns=""http://schemas.microsoft.com/win/2004/08/events/event"">
  <System>
    <Provider Name=""Microsoft-Windows-Sysmon"" Guid=""{5770385f-c22a-43e0-bf4c-06f5698ffbd9}""/>
    <EventID>22</EventID>
    <Version>5</Version>
    <Level>4</Level>
    <Task>22</Task>
    <Opcode>0</Opcode>
    <Keywords>0x8000000000000000</Keywords>
    <TimeCreated SystemTime=""2023-12-20T10:23:26.6284436Z""/>
    <EventRecordID>5735</EventRecordID>
    <Correlation/>
    <Execution ProcessID=""3400"" ThreadID=""4220""/>
    <Channel>Microsoft-Windows-Sysmon/Operational</Channel>
    <Computer>WinDev2309Eval</Computer>
    <Security UserID=""S-1-5-18""/>
  </System>
  <EventData>
    <Data Name=""RuleName"">-</Data>
    <Data Name=""UtcTime"">2023-12-20 10:23:26.350</Data>
    <Data Name=""ProcessGuid"">{f57bd86a-1d66-6582-df00-000000000d00}</Data>
    <Data Name=""ProcessId"">8844</Data>
    <Data Name=""QueryName"">cdn.heapanalytics.com</Data>
    <Data Name=""QueryStatus"">0</Data>
    <Data Name=""QueryResults"">::ffff:18.161.97.34;::ffff:18.161.97.86;::ffff:18.161.97.60;::ffff:18.161.97.114;</Data>
    <Data Name=""Image"">C:\Program Files (x86)\Microsoft\Edge\Application\msedge.exe</Data>
    <Data Name=""User"">WINDEV2309EVAL\User</Data>
  </EventData>
</Event>
"
Microsoft-Windows-Sysmon/Operational,,,WinDev2309Eval,,,,,,,,,,22,5734,,,,C:\Program Files (x86)\Microsoft\Edge\Application\msedge.exe,,,0x8000000000000000,4,,,,,0,,,,,,,{f57bd86a-1d66-6582-df00-000000000d00},3400,8844.0,,,app.krunchdata.io,::ffff:172.67.202.230;::ffff:104.21.42.71;,0.0,-,,,,,,,,,,,,,2023-12-20T10:23:26.6283886Z,,,,,,,22,,4220,WINDEV2309EVAL\User,S-1-5-18,23:26.3,5.0,"<Event xmlns=""http://schemas.microsoft.com/win/2004/08/events/event"">
  <System>
    <Provider Name=""Microsoft-Windows-Sysmon"" Guid=""{5770385f-c22a-43e0-bf4c-06f5698ffbd9}""/>
    <EventID>22</EventID>
    <Version>5</Version>
    <Level>4</Level>
    <Task>22</Task>
    <Opcode>0</Opcode>
    <Keywords>0x8000000000000000</Keywords>
    <TimeCreated SystemTime=""2023-12-20T10:23:26.6283886Z""/>
    <EventRecordID>5734</EventRecordID>
    <Correlation/>
    <Execution ProcessID=""3400"" ThreadID=""4220""/>
    <Channel>Microsoft-Windows-Sysmon/Operational</Channel>
    <Computer>WinDev2309Eval</Computer>
    <Security UserID=""S-1-5-18""/>
  </System>
  <EventData>
    <Data Name=""RuleName"">-</Data>
    <Data Name=""UtcTime"">2023-12-20 10:23:26.329</Data>
    <Data Name=""ProcessGuid"">{f57bd86a-1d66-6582-df00-000000000d00}</Data>
    <Data Name=""ProcessId"">8844</Data>
    <Data Name=""QueryName"">app.krunchdata.io</Data>
    <Data Name=""QueryStatus"">0</Data>
    <Data Name=""QueryResults"">::ffff:172.67.202.230;::ffff:104.21.42.71;</Data>
    <Data Name=""Image"">C:\Program Files (x86)\Microsoft\Edge\Application\msedge.exe</Data>
    <Data Name=""User"">WINDEV2309EVAL\User</Data>
  </EventData>
</Event>
"
Microsoft-Windows-Sysmon/Operational,,,WinDev2309Eval,,,,,,,,,,22,5733,,,,C:\Program Files (x86)\Microsoft\Edge\Application\msedge.exe,,,0x8000000000000000,4,,,,,0,,,,,,,{f57bd86a-1d66-6582-df00-000000000d00},3400,8844.0,,,js.hscollectedforms.net,::ffff:104.17.87.154;::ffff:104.17.90.154;::ffff:104.17.89.154;::ffff:104.17.88.154;::ffff:104.17.91.154;,0.0,-,,,,,,,,,,,,,2023-12-20T10:23:26.6282768Z,,,,,,,22,,4220,WINDEV2309EVAL\User,S-1-5-18,23:26.2,5.0,"<Event xmlns=""http://schemas.microsoft.com/win/2004/08/events/event"">
  <System>
    <Provider Name=""Microsoft-Windows-Sysmon"" Guid=""{5770385f-c22a-43e0-bf4c-06f5698ffbd9}""/>
    <EventID>22</EventID>
    <Version>5</Version>
    <Level>4</Level>
    <Task>22</Task>
    <Opcode>0</Opcode>
    <Keywords>0x8000000000000000</Keywords>
    <TimeCreated SystemTime=""2023-12-20T10:23:26.6282768Z""/>
    <EventRecordID>5733</EventRecordID>
    <Correlation/>
    <Execution ProcessID=""3400"" ThreadID=""4220""/>
    <Channel>Microsoft-Windows-Sysmon/Operational</Channel>
    <Computer>WinDev2309Eval</Computer>
    <Security UserID=""S-1-5-18""/>
  </System>
  <EventData>
    <Data Name=""RuleName"">-</Data>
    <Data Name=""UtcTime"">2023-12-20 10:23:26.250</Data>
    <Data Name=""ProcessGuid"">{f57bd86a-1d66-6582-df00-000000000d00}</Data>
    <Data Name=""ProcessId"">8844</Data>
    <Data Name=""QueryName"">js.hscollectedforms.net</Data>
    <Data Name=""QueryStatus"">0</Data>
    <Data Name=""QueryResults"">::ffff:104.17.87.154;::ffff:104.17.90.154;::ffff:104.17.89.154;::ffff:104.17.88.154;::ffff:104.17.91.154;</Data>
    <Data Name=""Image"">C:\Program Files (x86)\Microsoft\Edge\Application\msedge.exe</Data>
    <Data Name=""User"">WINDEV2309EVAL\User</Data>
  </EventData>
</Event>
"
Microsoft-Windows-Sysmon/Operational,,,WinDev2309Eval,,,,,,,,,,22,5732,,,,C:\Program Files (x86)\Microsoft\Edge\Application\msedge.exe,,,0x8000000000000000,4,,,,,0,,,,,,,{f57bd86a-1d66-6582-df00-000000000d00},3400,8844.0,,,js.hs-analytics.net,::ffff:104.16.79.186;::ffff:104.16.77.186;::ffff:104.16.76.186;::ffff:104.16.80.186;::ffff:104.16.78.186;,0.0,-,,,,,,,,,,,,,2023-12-20T10:23:26.6282334Z,,,,,,,22,,4220,WINDEV2309EVAL\User,S-1-5-18,23:26.2,5.0,"<Event xmlns=""http://schemas.microsoft.com/win/2004/08/events/event"">
  <System>
    <Provider Name=""Microsoft-Windows-Sysmon"" Guid=""{5770385f-c22a-43e0-bf4c-06f5698ffbd9}""/>
    <EventID>22</EventID>
    <Version>5</Version>
    <Level>4</Level>
    <Task>22</Task>
    <Opcode>0</Opcode>
    <Keywords>0x8000000000000000</Keywords>
    <TimeCreated SystemTime=""2023-12-20T10:23:26.6282334Z""/>
    <EventRecordID>5732</EventRecordID>
    <Correlation/>
    <Execution ProcessID=""3400"" ThreadID=""4220""/>
    <Channel>Microsoft-Windows-Sysmon/Operational</Channel>
    <Computer>WinDev2309Eval</Computer>
    <Security UserID=""S-1-5-18""/>
  </System>
  <EventData>
    <Data Name=""RuleName"">-</Data>
    <Data Name=""UtcTime"">2023-12-20 10:23:26.207</Data>
    <Data Name=""ProcessGuid"">{f57bd86a-1d66-6582-df00-000000000d00}</Data>
    <Data Name=""ProcessId"">8844</Data>
    <Data Name=""QueryName"">js.hs-analytics.net</Data>
    <Data Name=""QueryStatus"">0</Data>
    <Data Name=""QueryResults"">::ffff:104.16.79.186;::ffff:104.16.77.186;::ffff:104.16.76.186;::ffff:104.16.80.186;::ffff:104.16.78.186;</Data>
    <Data Name=""Image"">C:\Program Files (x86)\Microsoft\Edge\Application\msedge.exe</Data>
    <Data Name=""User"">WINDEV2309EVAL\User</Data>
  </EventData>
</Event>
"
Microsoft-Windows-Sysmon/Operational,,,WinDev2309Eval,,,,,,,,,,22,5731,,,,C:\Program Files (x86)\Microsoft\Edge\Application\msedge.exe,,,0x8000000000000000,4,,,,,0,,,,,,,{f57bd86a-1d66-6582-df00-000000000d00},3400,8844.0,,,js.hsadspixel.net,::ffff:104.17.229.163;::ffff:104.17.227.163;::ffff:104.17.230.163;::ffff:104.17.231.163;::ffff:104.17.228.163;,0.0,-,,,,,,,,,,,,,2023-12-20T10:23:26.6281978Z,,,,,,,22,,4220,WINDEV2309EVAL\User,S-1-5-18,23:26.2,5.0,"<Event xmlns=""http://schemas.microsoft.com/win/2004/08/events/event"">
  <System>
    <Provider Name=""Microsoft-Windows-Sysmon"" Guid=""{5770385f-c22a-43e0-bf4c-06f5698ffbd9}""/>
    <EventID>22</EventID>
    <Version>5</Version>
    <Level>4</Level>
    <Task>22</Task>
    <Opcode>0</Opcode>
    <Keywords>0x8000000000000000</Keywords>
    <TimeCreated SystemTime=""2023-12-20T10:23:26.6281978Z""/>
    <EventRecordID>5731</EventRecordID>
    <Correlation/>
    <Execution ProcessID=""3400"" ThreadID=""4220""/>
    <Channel>Microsoft-Windows-Sysmon/Operational</Channel>
    <Computer>WinDev2309Eval</Computer>
    <Security UserID=""S-1-5-18""/>
  </System>
  <EventData>
    <Data Name=""RuleName"">-</Data>
    <Data Name=""UtcTime"">2023-12-20 10:23:26.203</Data>
    <Data Name=""ProcessGuid"">{f57bd86a-1d66-6582-df00-000000000d00}</Data>
    <Data Name=""ProcessId"">8844</Data>
    <Data Name=""QueryName"">js.hsadspixel.net</Data>
    <Data Name=""QueryStatus"">0</Data>
    <Data Name=""QueryResults"">::ffff:104.17.229.163;::ffff:104.17.227.163;::ffff:104.17.230.163;::ffff:104.17.231.163;::ffff:104.17.228.163;</Data>
    <Data Name=""Image"">C:\Program Files (x86)\Microsoft\Edge\Application\msedge.exe</Data>
    <Data Name=""User"">WINDEV2309EVAL\User</Data>
  </EventData>
</Event>
"
Microsoft-Windows-Sysmon/Operational,,,WinDev2309Eval,,,,,,,,,,22,5730,,,,C:\Program Files (x86)\Microsoft\Edge\Application\msedge.exe,,,0x8000000000000000,4,,,,,0,,,,,,,{f57bd86a-1d66-6582-df00-000000000d00},3400,8844.0,,,js.hs-banner.com,::ffff:104.18.34.229;::ffff:172.64.153.27;,0.0,-,,,,,,,,,,,,,2023-12-20T10:23:26.6281195Z,,,,,,,22,,4220,WINDEV2309EVAL\User,S-1-5-18,23:26.2,5.0,"<Event xmlns=""http://schemas.microsoft.com/win/2004/08/events/event"">
  <System>
    <Provider Name=""Microsoft-Windows-Sysmon"" Guid=""{5770385f-c22a-43e0-bf4c-06f5698ffbd9}""/>
    <EventID>22</EventID>
    <Version>5</Version>
    <Level>4</Level>
    <Task>22</Task>
    <Opcode>0</Opcode>
    <Keywords>0x8000000000000000</Keywords>
    <TimeCreated SystemTime=""2023-12-20T10:23:26.6281195Z""/>
    <EventRecordID>5730</EventRecordID>
    <Correlation/>
    <Execution ProcessID=""3400"" ThreadID=""4220""/>
    <Channel>Microsoft-Windows-Sysmon/Operational</Channel>
    <Computer>WinDev2309Eval</Computer>
    <Security UserID=""S-1-5-18""/>
  </System>
  <EventData>
    <Data Name=""RuleName"">-</Data>
    <Data Name=""UtcTime"">2023-12-20 10:23:26.196</Data>
    <Data Name=""ProcessGuid"">{f57bd86a-1d66-6582-df00-000000000d00}</Data>
    <Data Name=""ProcessId"">8844</Data>
    <Data Name=""QueryName"">js.hs-banner.com</Data>
    <Data Name=""QueryStatus"">0</Data>
    <Data Name=""QueryResults"">::ffff:104.18.34.229;::ffff:172.64.153.27;</Data>
    <Data Name=""Image"">C:\Program Files (x86)\Microsoft\Edge\Application\msedge.exe</Data>
    <Data Name=""User"">WINDEV2309EVAL\User</Data>
  </EventData>
</Event>
"
Microsoft-Windows-Sysmon/Operational,,,WinDev2309Eval,,,,,,,,,,22,5729,,,,C:\Program Files (x86)\Microsoft\Edge\Application\msedge.exe,,,0x8000000000000000,4,,,,,0,,,,,,,{f57bd86a-1d66-6582-df00-000000000d00},3400,8844.0,,,10045783.metrics.convertexperiments.com,type: 5 metrics.convertexperiments.com;type: 5 convert-logs.eu-central-1.elasticbeanstalk.com;::ffff:54.93.51.190;::ffff:18.194.250.142;,0.0,-,,,,,,,,,,,,,2023-12-20T10:23:26.6278211Z,,,,,,,22,,4220,WINDEV2309EVAL\User,S-1-5-18,23:26.1,5.0,"<Event xmlns=""http://schemas.microsoft.com/win/2004/08/events/event"">
  <System>
    <Provider Name=""Microsoft-Windows-Sysmon"" Guid=""{5770385f-c22a-43e0-bf4c-06f5698ffbd9}""/>
    <EventID>22</EventID>
    <Version>5</Version>
    <Level>4</Level>
    <Task>22</Task>
    <Opcode>0</Opcode>
    <Keywords>0x8000000000000000</Keywords>
    <TimeCreated SystemTime=""2023-12-20T10:23:26.6278211Z""/>
    <EventRecordID>5729</EventRecordID>
    <Correlation/>
    <Execution ProcessID=""3400"" ThreadID=""4220""/>
    <Channel>Microsoft-Windows-Sysmon/Operational</Channel>
    <Computer>WinDev2309Eval</Computer>
    <Security UserID=""S-1-5-18""/>
  </System>
  <EventData>
    <Data Name=""RuleName"">-</Data>
    <Data Name=""UtcTime"">2023-12-20 10:23:26.131</Data>
    <Data Name=""ProcessGuid"">{f57bd86a-1d66-6582-df00-000000000d00}</Data>
    <Data Name=""ProcessId"">8844</Data>
    <Data Name=""QueryName"">10045783.metrics.convertexperiments.com</Data>
    <Data Name=""QueryStatus"">0</Data>
    <Data Name=""QueryResults"">type: 5 metrics.convertexperiments.com;type: 5 convert-logs.eu-central-1.elasticbeanstalk.com;::ffff:54.93.51.190;::ffff:18.194.250.142;</Data>
    <Data Name=""Image"">C:\Program Files (x86)\Microsoft\Edge\Application\msedge.exe</Data>
    <Data Name=""User"">WINDEV2309EVAL\User</Data>
  </EventData>
</Event>
"
Microsoft-Windows-Sysmon/Operational,,,WinDev2309Eval,,,,,,,,,,22,5728,,,,C:\Program Files (x86)\Microsoft\Edge\Application\msedge.exe,,,0x8000000000000000,4,,,,,0,,,,,,,{f57bd86a-1d66-6582-df00-000000000d00},3400,8844.0,,,logs.convertexperiments.com,type: 5 convert-logs.eu-central-1.elasticbeanstalk.com;::ffff:18.194.250.142;::ffff:54.93.51.190;,0.0,-,,,,,,,,,,,,,2023-12-20T10:23:26.6277895Z,,,,,,,22,,4220,WINDEV2309EVAL\User,S-1-5-18,23:26.1,5.0,"<Event xmlns=""http://schemas.microsoft.com/win/2004/08/events/event"">
  <System>
    <Provider Name=""Microsoft-Windows-Sysmon"" Guid=""{5770385f-c22a-43e0-bf4c-06f5698ffbd9}""/>
    <EventID>22</EventID>
    <Version>5</Version>
    <Level>4</Level>
    <Task>22</Task>
    <Opcode>0</Opcode>
    <Keywords>0x8000000000000000</Keywords>
    <TimeCreated SystemTime=""2023-12-20T10:23:26.6277895Z""/>
    <EventRecordID>5728</EventRecordID>
    <Correlation/>
    <Execution ProcessID=""3400"" ThreadID=""4220""/>
    <Channel>Microsoft-Windows-Sysmon/Operational</Channel>
    <Computer>WinDev2309Eval</Computer>
    <Security UserID=""S-1-5-18""/>
  </System>
  <EventData>
    <Data Name=""RuleName"">-</Data>
    <Data Name=""UtcTime"">2023-12-20 10:23:26.120</Data>
    <Data Name=""ProcessGuid"">{f57bd86a-1d66-6582-df00-000000000d00}</Data>
    <Data Name=""ProcessId"">8844</Data>
    <Data Name=""QueryName"">logs.convertexperiments.com</Data>
    <Data Name=""QueryStatus"">0</Data>
    <Data Name=""QueryResults"">type: 5 convert-logs.eu-central-1.elasticbeanstalk.com;::ffff:18.194.250.142;::ffff:54.93.51.190;</Data>
    <Data Name=""Image"">C:\Program Files (x86)\Microsoft\Edge\Application\msedge.exe</Data>
    <Data Name=""User"">WINDEV2309EVAL\User</Data>
  </EventData>
</Event>
"
