Microsoft-Windows-Sysmon/Operational,,,WinDev2309Eval,49:42.1,,,,,,,,,11,582,,,,C:\Windows\System32\WindowsPowerShell\v1.0\powershell.exe,,,0x8000000000000000,4,,,,,0,,,,,,,{f57bd86a-01e5-6582-bf02-000000000b00},10484,10504.0,,,,,,-,,,,,,,,,,,,,2023-12-19T20:49:42.0871483Z,C:\Windows\Temp\__PSScriptPolicyTest_vndtu3jk.zle.ps1,,,,,,11,,10592,NT AUTHORITY\SYSTEM,S-1-5-18,49:42.1,2.0,"<Event xmlns=""http://schemas.microsoft.com/win/2004/08/events/event"">
  <System>
    <Provider Name=""Microsoft-Windows-Sysmon"" Guid=""{5770385f-c22a-43e0-bf4c-06f5698ffbd9}""/>
    <EventID>11</EventID>
    <Version>2</Version>
    <Level>4</Level>
    <Task>11</Task>
    <Opcode>0</Opcode>
    <Keywords>0x8000000000000000</Keywords>
    <TimeCreated SystemTime=""2023-12-19T20:49:42.0871483Z""/>
    <EventRecordID>582</EventRecordID>
    <Correlation/>
    <Execution ProcessID=""10484"" ThreadID=""10592""/>
    <Channel>Microsoft-Windows-Sysmon/Operational</Channel>
    <Computer>WinDev2309Eval</Computer>
    <Security UserID=""S-1-5-18""/>
  </System>
  <EventData>
    <Data Name=""RuleName"">-</Data>
    <Data Name=""UtcTime"">2023-12-19 20:49:42.086</Data>
    <Data Name=""ProcessGuid"">{f57bd86a-01e5-6582-bf02-000000000b00}</Data>
    <Data Name=""ProcessId"">10504</Data>
    <Data Name=""Image"">C:\Windows\System32\WindowsPowerShell\v1.0\powershell.exe</Data>
    <Data Name=""TargetFilename"">C:\Windows\Temp\__PSScriptPolicyTest_vndtu3jk.zle.ps1</Data>
    <Data Name=""CreationUtcTime"">2023-12-19 20:49:42.086</Data>
    <Data Name=""User"">NT AUTHORITY\SYSTEM</Data>
  </EventData>
</Event>
"
Microsoft-Windows-Sysmon/Operational,"powershell.exe -ExecutionPolicy Restricted -Command  $Res = 0; $Infs = Get-Item -Path ($env:WinDir + '\inf\*.inf'); foreach ($Inf in $Infs) { $Data = Get-Content $Inf.FullName; if ($Data -match '\[defaultinstall.nt(amd64|arm|arm64|x86)\]') { $Res = 1; break; } } Write-Host 'Final result:', $Res;",Microsoft Corporation,WinDev2309Eval,,C:\Windows\system32\,Windows PowerShell,,,,,,,1,581,,10.0.22621.2215 (WinBuild.160101.0800),"MD5=824B9F337E68DD8C117595071AC11E23,SHA256=17083405E7DECB3DDEF837C2FA599293A4E8133736969DFD5CE92EF15608A587,IMPHASH=51B0FFFA02CA6C1B85189E2E6C139F36",C:\Windows\System32\WindowsPowerShell\v1.0\powershell.exe,,System,0x8000000000000000,4,{f57bd86a-db68-6581-e703-000000000000},0x3e7,,,0,PowerShell.EXE,C:\Windows\system32\compattelrunner.exe -m:appraiser.dll -f:DoScheduledTelemetryRun -cv:beiLsiouoESU3CuG.0.1.3,C:\Windows\System32\CompatTelRunner.exe,{f57bd86a-01b7-6582-b202-000000000b00},11824.0,NT AUTHORITY\SYSTEM,{f57bd86a-01e5-6582-bf02-000000000b00},10484,10504.0,Microsoft® Windows® Operating System,,,,,-,,,,,,,,,,,,,2023-12-19T20:49:41.9565438Z,,,,,,,1,0.0,10592,NT AUTHORITY\SYSTEM,S-1-5-18,49:42.0,5.0,"<Event xmlns=""http://schemas.microsoft.com/win/2004/08/events/event"">
  <System>
    <Provider Name=""Microsoft-Windows-Sysmon"" Guid=""{5770385f-c22a-43e0-bf4c-06f5698ffbd9}""/>
    <EventID>1</EventID>
    <Version>5</Version>
    <Level>4</Level>
    <Task>1</Task>
    <Opcode>0</Opcode>
    <Keywords>0x8000000000000000</Keywords>
    <TimeCreated SystemTime=""2023-12-19T20:49:41.9565438Z""/>
    <EventRecordID>581</EventRecordID>
    <Correlation/>
    <Execution ProcessID=""10484"" ThreadID=""10592""/>
    <Channel>Microsoft-Windows-Sysmon/Operational</Channel>
    <Computer>WinDev2309Eval</Computer>
    <Security UserID=""S-1-5-18""/>
  </System>
  <EventData>
    <Data Name=""RuleName"">-</Data>
    <Data Name=""UtcTime"">2023-12-19 20:49:41.951</Data>
    <Data Name=""ProcessGuid"">{f57bd86a-01e5-6582-bf02-000000000b00}</Data>
    <Data Name=""ProcessId"">10504</Data>
    <Data Name=""Image"">C:\Windows\System32\WindowsPowerShell\v1.0\powershell.exe</Data>
    <Data Name=""FileVersion"">10.0.22621.2215 (WinBuild.160101.0800)</Data>
    <Data Name=""Description"">Windows PowerShell</Data>
    <Data Name=""Product"">Microsoft&#174; Windows&#174; Operating System</Data>
    <Data Name=""Company"">Microsoft Corporation</Data>
    <Data Name=""OriginalFileName"">PowerShell.EXE</Data>
    <Data Name=""CommandLine"">powershell.exe -ExecutionPolicy Restricted -Command  $Res = 0; $Infs = Get-Item -Path ($env:WinDir + '\inf\*.inf'); foreach ($Inf in $Infs) { $Data = Get-Content $Inf.FullName; if ($Data -match '\[defaultinstall.nt(amd64|arm|arm64|x86)\]') { $Res = 1; break; } } Write-Host 'Final result:', $Res;</Data>
    <Data Name=""CurrentDirectory"">C:\Windows\system32\</Data>
    <Data Name=""User"">NT AUTHORITY\SYSTEM</Data>
    <Data Name=""LogonGuid"">{f57bd86a-db68-6581-e703-000000000000}</Data>
    <Data Name=""LogonId"">0x3e7</Data>
    <Data Name=""TerminalSessionId"">0</Data>
    <Data Name=""IntegrityLevel"">System</Data>
    <Data Name=""Hashes"">MD5=824B9F337E68DD8C117595071AC11E23,SHA256=17083405E7DECB3DDEF837C2FA599293A4E8133736969DFD5CE92EF15608A587,IMPHASH=51B0FFFA02CA6C1B85189E2E6C139F36</Data>
    <Data Name=""ParentProcessGuid"">{f57bd86a-01b7-6582-b202-000000000b00}</Data>
    <Data Name=""ParentProcessId"">11824</Data>
    <Data Name=""ParentImage"">C:\Windows\System32\CompatTelRunner.exe</Data>
    <Data Name=""ParentCommandLine"">C:\Windows\system32\compattelrunner.exe -m:appraiser.dll -f:DoScheduledTelemetryRun -cv:beiLsiouoESU3CuG.0.1.3</Data>
    <Data Name=""ParentUser"">NT AUTHORITY\SYSTEM</Data>
  </EventData>
</Event>
"
Microsoft-Windows-Sysmon/Operational,,,WinDev2309Eval,49:38.7,,,,,,,,,11,580,,,,C:\Windows\System32\WindowsPowerShell\v1.0\powershell.exe,,,0x8000000000000000,4,,,,,0,,,,,,,{f57bd86a-01e1-6582-bd02-000000000b00},10484,7428.0,,,,,,-,,,,,,,,,,,,,2023-12-19T20:49:38.7065296Z,C:\Windows\Temp\__PSScriptPolicyTest_5ox2tu30.jij.ps1,,,,,,11,,10592,NT AUTHORITY\SYSTEM,S-1-5-18,49:38.7,2.0,"<Event xmlns=""http://schemas.microsoft.com/win/2004/08/events/event"">
  <System>
    <Provider Name=""Microsoft-Windows-Sysmon"" Guid=""{5770385f-c22a-43e0-bf4c-06f5698ffbd9}""/>
    <EventID>11</EventID>
    <Version>2</Version>
    <Level>4</Level>
    <Task>11</Task>
    <Opcode>0</Opcode>
    <Keywords>0x8000000000000000</Keywords>
    <TimeCreated SystemTime=""2023-12-19T20:49:38.7065296Z""/>
    <EventRecordID>580</EventRecordID>
    <Correlation/>
    <Execution ProcessID=""10484"" ThreadID=""10592""/>
    <Channel>Microsoft-Windows-Sysmon/Operational</Channel>
    <Computer>WinDev2309Eval</Computer>
    <Security UserID=""S-1-5-18""/>
  </System>
  <EventData>
    <Data Name=""RuleName"">-</Data>
    <Data Name=""UtcTime"">2023-12-19 20:49:38.699</Data>
    <Data Name=""ProcessGuid"">{f57bd86a-01e1-6582-bd02-000000000b00}</Data>
    <Data Name=""ProcessId"">7428</Data>
    <Data Name=""Image"">C:\Windows\System32\WindowsPowerShell\v1.0\powershell.exe</Data>
    <Data Name=""TargetFilename"">C:\Windows\Temp\__PSScriptPolicyTest_5ox2tu30.jij.ps1</Data>
    <Data Name=""CreationUtcTime"">2023-12-19 20:49:38.699</Data>
    <Data Name=""User"">NT AUTHORITY\SYSTEM</Data>
  </EventData>
</Event>
"
