Channel,CommandLine,Company,Computer,CreationUtcTime,CurrentDirectory,Description,DestinationHostname,DestinationIp,DestinationIsIpv6,DestinationPort,DestinationPortName,Details,EventID,EventRecordID,EventType,FileVersion,Hashes,Image,Initiated,IntegrityLevel,Keywords,Level,LogonGuid,LogonId,Message,NewThreadId,Opcode,OriginalFileName,ParentCommandLine,ParentImage,ParentProcessGuid,ParentProcessId,ParentUser,ProcessGuid,ProcessID,ProcessId,Product,Protocol,QueryName,QueryResults,QueryStatus,RuleName,SourceHostname,SourceImage,SourceIp,SourceIsIpv6,SourcePort,SourcePortName,SourceProcessGuid,SourceProcessId,SourceUser,StartAddress,StartFunction,StartModule,SystemTime,TargetFilename,TargetImage,TargetObject,TargetProcessGuid,TargetProcessId,TargetUser,Task,TerminalSessionId,ThreadID,User,UserID,UtcTime,Version,raw
Microsoft-Windows-Sysmon/Operational,,,WinDev2309Eval,02:15.5,,,,,,,,,11,4957,,,,C:\Windows\system32\svchost.exe,,,0x8000000000000000,4,,,,,0,,,,,,,{f57bd86a-20d2-6582-1902-000000000d00},3400,8056.0,,,,,,DLL,,,,,,,,,,,,,2023-12-19T23:02:15.4577880Z,C:\Program Files\WindowsApps\Microsoft.WindowsAppRuntime.1.4_4000.1049.117.0_x64__8wekyb3d8bbwe\DWriteCore.dll,,,,,,11,,4208,NT AUTHORITY\SYSTEM,S-1-5-18,02:15.5,2.0,"<Event xmlns=""http://schemas.microsoft.com/win/2004/08/events/event"">
  <System>
    <Provider Name=""Microsoft-Windows-Sysmon"" Guid=""{5770385f-c22a-43e0-bf4c-06f5698ffbd9}""/>
    <EventID>11</EventID>
    <Version>2</Version>
    <Level>4</Level>
    <Task>11</Task>
    <Opcode>0</Opcode>
    <Keywords>0x8000000000000000</Keywords>
    <TimeCreated SystemTime=""2023-12-19T23:02:15.4577880Z""/>
    <EventRecordID>4957</EventRecordID>
    <Correlation/>
    <Execution ProcessID=""3400"" ThreadID=""4208""/>
    <Channel>Microsoft-Windows-Sysmon/Operational</Channel>
    <Computer>WinDev2309Eval</Computer>
    <Security UserID=""S-1-5-18""/>
  </System>
  <EventData>
    <Data Name=""RuleName"">DLL</Data>
    <Data Name=""UtcTime"">2023-12-19 23:02:15.456</Data>
    <Data Name=""ProcessGuid"">{f57bd86a-20d2-6582-1902-000000000d00}</Data>
    <Data Name=""ProcessId"">8056</Data>
    <Data Name=""Image"">C:\Windows\system32\svchost.exe</Data>
    <Data Name=""TargetFilename"">C:\Program Files\WindowsApps\Microsoft.WindowsAppRuntime.1.4_4000.1049.117.0_x64__8wekyb3d8bbwe\DWriteCore.dll</Data>
    <Data Name=""CreationUtcTime"">2023-12-19 23:02:15.456</Data>
    <Data Name=""User"">NT AUTHORITY\SYSTEM</Data>
  </EventData>
</Event>
"
Microsoft-Windows-Sysmon/Operational,,,WinDev2309Eval,02:15.5,,,,,,,,,11,4956,,,,C:\Windows\system32\svchost.exe,,,0x8000000000000000,4,,,,,0,,,,,,,{f57bd86a-20d2-6582-1902-000000000d00},3400,8056.0,,,,,,DLL,,,,,,,,,,,,,2023-12-19T23:02:15.4575229Z,C:\Program Files\WindowsApps\Microsoft.WindowsAppRuntime.1.4_4000.1049.117.0_x64__8wekyb3d8bbwe\DwmSceneI.dll,,,,,,11,,4208,NT AUTHORITY\SYSTEM,S-1-5-18,02:15.5,2.0,"<Event xmlns=""http://schemas.microsoft.com/win/2004/08/events/event"">
  <System>
    <Provider Name=""Microsoft-Windows-Sysmon"" Guid=""{5770385f-c22a-43e0-bf4c-06f5698ffbd9}""/>
    <EventID>11</EventID>
    <Version>2</Version>
    <Level>4</Level>
    <Task>11</Task>
    <Opcode>0</Opcode>
    <Keywords>0x8000000000000000</Keywords>
    <TimeCreated SystemTime=""2023-12-19T23:02:15.4575229Z""/>
    <EventRecordID>4956</EventRecordID>
    <Correlation/>
    <Execution ProcessID=""3400"" ThreadID=""4208""/>
    <Channel>Microsoft-Windows-Sysmon/Operational</Channel>
    <Computer>WinDev2309Eval</Computer>
    <Security UserID=""S-1-5-18""/>
  </System>
  <EventData>
    <Data Name=""RuleName"">DLL</Data>
    <Data Name=""UtcTime"">2023-12-19 23:02:15.456</Data>
    <Data Name=""ProcessGuid"">{f57bd86a-20d2-6582-1902-000000000d00}</Data>
    <Data Name=""ProcessId"">8056</Data>
    <Data Name=""Image"">C:\Windows\system32\svchost.exe</Data>
    <Data Name=""TargetFilename"">C:\Program Files\WindowsApps\Microsoft.WindowsAppRuntime.1.4_4000.1049.117.0_x64__8wekyb3d8bbwe\DwmSceneI.dll</Data>
    <Data Name=""CreationUtcTime"">2023-12-19 23:02:15.456</Data>
    <Data Name=""User"">NT AUTHORITY\SYSTEM</Data>
  </EventData>
</Event>
"
Microsoft-Windows-Sysmon/Operational,,,WinDev2309Eval,02:15.5,,,,,,,,,11,4955,,,,C:\Windows\system32\svchost.exe,,,0x8000000000000000,4,,,,,0,,,,,,,{f57bd86a-20d2-6582-1902-000000000d00},3400,8056.0,,,,,,DLL,,,,,,,,,,,,,2023-12-19T23:02:15.4571749Z,C:\Program Files\WindowsApps\Microsoft.WindowsAppRuntime.1.4_4000.1049.117.0_x64__8wekyb3d8bbwe\dwmcorei.dll,,,,,,11,,4208,NT AUTHORITY\SYSTEM,S-1-5-18,02:15.5,2.0,"<Event xmlns=""http://schemas.microsoft.com/win/2004/08/events/event"">
  <System>
    <Provider Name=""Microsoft-Windows-Sysmon"" Guid=""{5770385f-c22a-43e0-bf4c-06f5698ffbd9}""/>
    <EventID>11</EventID>
    <Version>2</Version>
    <Level>4</Level>
    <Task>11</Task>
    <Opcode>0</Opcode>
    <Keywords>0x8000000000000000</Keywords>
    <TimeCreated SystemTime=""2023-12-19T23:02:15.4571749Z""/>
    <EventRecordID>4955</EventRecordID>
    <Correlation/>
    <Execution ProcessID=""3400"" ThreadID=""4208""/>
    <Channel>Microsoft-Windows-Sysmon/Operational</Channel>
    <Computer>WinDev2309Eval</Computer>
    <Security UserID=""S-1-5-18""/>
  </System>
  <EventData>
    <Data Name=""RuleName"">DLL</Data>
    <Data Name=""UtcTime"">2023-12-19 23:02:15.456</Data>
    <Data Name=""ProcessGuid"">{f57bd86a-20d2-6582-1902-000000000d00}</Data>
    <Data Name=""ProcessId"">8056</Data>
    <Data Name=""Image"">C:\Windows\system32\svchost.exe</Data>
    <Data Name=""TargetFilename"">C:\Program Files\WindowsApps\Microsoft.WindowsAppRuntime.1.4_4000.1049.117.0_x64__8wekyb3d8bbwe\dwmcorei.dll</Data>
    <Data Name=""CreationUtcTime"">2023-12-19 23:02:15.456</Data>
    <Data Name=""User"">NT AUTHORITY\SYSTEM</Data>
  </EventData>
</Event>
"
Microsoft-Windows-Sysmon/Operational,,,WinDev2309Eval,02:15.5,,,,,,,,,11,4954,,,,C:\Windows\system32\svchost.exe,,,0x8000000000000000,4,,,,,0,,,,,,,{f57bd86a-20d2-6582-1902-000000000d00},3400,8056.0,,,,,,EXE,,,,,,,,,,,,,2023-12-19T23:02:15.4568694Z,C:\Program Files\WindowsApps\Microsoft.WindowsAppRuntime.1.4_4000.1049.117.0_x64__8wekyb3d8bbwe\DeploymentAgent.exe,,,,,,11,,4208,NT AUTHORITY\SYSTEM,S-1-5-18,02:15.5,2.0,"<Event xmlns=""http://schemas.microsoft.com/win/2004/08/events/event"">
  <System>
    <Provider Name=""Microsoft-Windows-Sysmon"" Guid=""{5770385f-c22a-43e0-bf4c-06f5698ffbd9}""/>
    <EventID>11</EventID>
    <Version>2</Version>
    <Level>4</Level>
    <Task>11</Task>
    <Opcode>0</Opcode>
    <Keywords>0x8000000000000000</Keywords>
    <TimeCreated SystemTime=""2023-12-19T23:02:15.4568694Z""/>
    <EventRecordID>4954</EventRecordID>
    <Correlation/>
    <Execution ProcessID=""3400"" ThreadID=""4208""/>
    <Channel>Microsoft-Windows-Sysmon/Operational</Channel>
    <Computer>WinDev2309Eval</Computer>
    <Security UserID=""S-1-5-18""/>
  </System>
  <EventData>
    <Data Name=""RuleName"">EXE</Data>
    <Data Name=""UtcTime"">2023-12-19 23:02:15.456</Data>
    <Data Name=""ProcessGuid"">{f57bd86a-20d2-6582-1902-000000000d00}</Data>
    <Data Name=""ProcessId"">8056</Data>
    <Data Name=""Image"">C:\Windows\system32\svchost.exe</Data>
    <Data Name=""TargetFilename"">C:\Program Files\WindowsApps\Microsoft.WindowsAppRuntime.1.4_4000.1049.117.0_x64__8wekyb3d8bbwe\DeploymentAgent.exe</Data>
    <Data Name=""CreationUtcTime"">2023-12-19 23:02:15.456</Data>
    <Data Name=""User"">NT AUTHORITY\SYSTEM</Data>
  </EventData>
</Event>
"
Microsoft-Windows-Sysmon/Operational,,,WinDev2309Eval,02:15.4,,,,,,,,,11,4953,,,,C:\Windows\system32\svchost.exe,,,0x8000000000000000,4,,,,,0,,,,,,,{f57bd86a-20d2-6582-1902-000000000d00},3400,8056.0,,,,,,DLL,,,,,,,,,,,,,2023-12-19T23:02:15.4564054Z,C:\Program Files\WindowsApps\Microsoft.WindowsAppRuntime.1.4_4000.1049.117.0_x64__8wekyb3d8bbwe\dcompi.dll,,,,,,11,,4208,NT AUTHORITY\SYSTEM,S-1-5-18,02:15.4,2.0,"<Event xmlns=""http://schemas.microsoft.com/win/2004/08/events/event"">
  <System>
    <Provider Name=""Microsoft-Windows-Sysmon"" Guid=""{5770385f-c22a-43e0-bf4c-06f5698ffbd9}""/>
    <EventID>11</EventID>
    <Version>2</Version>
    <Level>4</Level>
    <Task>11</Task>
    <Opcode>0</Opcode>
    <Keywords>0x8000000000000000</Keywords>
    <TimeCreated SystemTime=""2023-12-19T23:02:15.4564054Z""/>
    <EventRecordID>4953</EventRecordID>
    <Correlation/>
    <Execution ProcessID=""3400"" ThreadID=""4208""/>
    <Channel>Microsoft-Windows-Sysmon/Operational</Channel>
    <Computer>WinDev2309Eval</Computer>
    <Security UserID=""S-1-5-18""/>
  </System>
  <EventData>
    <Data Name=""RuleName"">DLL</Data>
    <Data Name=""UtcTime"">2023-12-19 23:02:15.440</Data>
    <Data Name=""ProcessGuid"">{f57bd86a-20d2-6582-1902-000000000d00}</Data>
    <Data Name=""ProcessId"">8056</Data>
    <Data Name=""Image"">C:\Windows\system32\svchost.exe</Data>
    <Data Name=""TargetFilename"">C:\Program Files\WindowsApps\Microsoft.WindowsAppRuntime.1.4_4000.1049.117.0_x64__8wekyb3d8bbwe\dcompi.dll</Data>
    <Data Name=""CreationUtcTime"">2023-12-19 23:02:15.440</Data>
    <Data Name=""User"">NT AUTHORITY\SYSTEM</Data>
  </EventData>
</Event>
"
Microsoft-Windows-Sysmon/Operational,,,WinDev2309Eval,02:15.4,,,,,,,,,11,4952,,,,C:\Windows\system32\svchost.exe,,,0x8000000000000000,4,,,,,0,,,,,,,{f57bd86a-20d2-6582-1902-000000000d00},3400,8056.0,,,,,,DLL,,,,,,,,,,,,,2023-12-19T23:02:15.4561129Z,C:\Program Files\WindowsApps\Microsoft.WindowsAppRuntime.1.4_4000.1049.117.0_x64__8wekyb3d8bbwe\CoreMessagingXP.dll,,,,,,11,,4208,NT AUTHORITY\SYSTEM,S-1-5-18,02:15.4,2.0,"<Event xmlns=""http://schemas.microsoft.com/win/2004/08/events/event"">
  <System>
    <Provider Name=""Microsoft-Windows-Sysmon"" Guid=""{5770385f-c22a-43e0-bf4c-06f5698ffbd9}""/>
    <EventID>11</EventID>
    <Version>2</Version>
    <Level>4</Level>
    <Task>11</Task>
    <Opcode>0</Opcode>
    <Keywords>0x8000000000000000</Keywords>
    <TimeCreated SystemTime=""2023-12-19T23:02:15.4561129Z""/>
    <EventRecordID>4952</EventRecordID>
    <Correlation/>
    <Execution ProcessID=""3400"" ThreadID=""4208""/>
    <Channel>Microsoft-Windows-Sysmon/Operational</Channel>
    <Computer>WinDev2309Eval</Computer>
    <Security UserID=""S-1-5-18""/>
  </System>
  <EventData>
    <Data Name=""RuleName"">DLL</Data>
    <Data Name=""UtcTime"">2023-12-19 23:02:15.440</Data>
    <Data Name=""ProcessGuid"">{f57bd86a-20d2-6582-1902-000000000d00}</Data>
    <Data Name=""ProcessId"">8056</Data>
    <Data Name=""Image"">C:\Windows\system32\svchost.exe</Data>
    <Data Name=""TargetFilename"">C:\Program Files\WindowsApps\Microsoft.WindowsAppRuntime.1.4_4000.1049.117.0_x64__8wekyb3d8bbwe\CoreMessagingXP.dll</Data>
    <Data Name=""CreationUtcTime"">2023-12-19 23:02:15.440</Data>
    <Data Name=""User"">NT AUTHORITY\SYSTEM</Data>
  </EventData>
</Event>
"
Microsoft-Windows-Sysmon/Operational,,,WinDev2309Eval,,,,,,,,,DWORD (0x00000001),13,4951,SetValue,,,C:\Windows\system32\wevtutil.exe,,,0x8000000000000000,4,,,,,0,,,,,,,{f57bd86a-20f6-6582-2702-000000000d00},3400,5916.0,,,,,,-,,,,,,,,,,,,,2023-12-19T23:02:14.5022866Z,,,HKLM\SOFTWARE\Microsoft\Windows\CurrentVersion\WINEVT\Channels\Microsoft-Windows-AppXDeployment-Server/Operational\Type,,,,13,,4208,NT AUTHORITY\SYSTEM,S-1-5-18,02:14.5,2.0,"<Event xmlns=""http://schemas.microsoft.com/win/2004/08/events/event"">
  <System>
    <Provider Name=""Microsoft-Windows-Sysmon"" Guid=""{5770385f-c22a-43e0-bf4c-06f5698ffbd9}""/>
    <EventID>13</EventID>
    <Version>2</Version>
    <Level>4</Level>
    <Task>13</Task>
    <Opcode>0</Opcode>
    <Keywords>0x8000000000000000</Keywords>
    <TimeCreated SystemTime=""2023-12-19T23:02:14.5022866Z""/>
    <EventRecordID>4951</EventRecordID>
    <Correlation/>
    <Execution ProcessID=""3400"" ThreadID=""4208""/>
    <Channel>Microsoft-Windows-Sysmon/Operational</Channel>
    <Computer>WinDev2309Eval</Computer>
    <Security UserID=""S-1-5-18""/>
  </System>
  <EventData>
    <Data Name=""RuleName"">-</Data>
    <Data Name=""EventType"">SetValue</Data>
    <Data Name=""UtcTime"">2023-12-19 23:02:14.487</Data>
    <Data Name=""ProcessGuid"">{f57bd86a-20f6-6582-2702-000000000d00}</Data>
    <Data Name=""ProcessId"">5916</Data>
    <Data Name=""Image"">C:\Windows\system32\wevtutil.exe</Data>
    <Data Name=""TargetObject"">HKLM\SOFTWARE\Microsoft\Windows\CurrentVersion\WINEVT\Channels\Microsoft-Windows-AppXDeployment-Server/Operational\Type</Data>
    <Data Name=""Details"">DWORD (0x00000001)</Data>
    <Data Name=""User"">NT AUTHORITY\SYSTEM</Data>
  </EventData>
</Event>
"
Microsoft-Windows-Sysmon/Operational,,,WinDev2309Eval,,,,,,,,,DWORD (0x00000000),13,4950,SetValue,,,C:\Windows\system32\wevtutil.exe,,,0x8000000000000000,4,,,,,0,,,,,,,{f57bd86a-20f6-6582-2702-000000000d00},3400,5916.0,,,,,,-,,,,,,,,,,,,,2023-12-19T23:02:14.5022311Z,,,HKLM\SOFTWARE\Microsoft\Windows\CurrentVersion\WINEVT\Channels\Microsoft-Windows-AppXDeployment-Server/Operational\MaxSizeUpper,,,,13,,4208,NT AUTHORITY\SYSTEM,S-1-5-18,02:14.5,2.0,"<Event xmlns=""http://schemas.microsoft.com/win/2004/08/events/event"">
  <System>
    <Provider Name=""Microsoft-Windows-Sysmon"" Guid=""{5770385f-c22a-43e0-bf4c-06f5698ffbd9}""/>
    <EventID>13</EventID>
    <Version>2</Version>
    <Level>4</Level>
    <Task>13</Task>
    <Opcode>0</Opcode>
    <Keywords>0x8000000000000000</Keywords>
    <TimeCreated SystemTime=""2023-12-19T23:02:14.5022311Z""/>
    <EventRecordID>4950</EventRecordID>
    <Correlation/>
    <Execution ProcessID=""3400"" ThreadID=""4208""/>
    <Channel>Microsoft-Windows-Sysmon/Operational</Channel>
    <Computer>WinDev2309Eval</Computer>
    <Security UserID=""S-1-5-18""/>
  </System>
  <EventData>
    <Data Name=""RuleName"">-</Data>
    <Data Name=""EventType"">SetValue</Data>
    <Data Name=""UtcTime"">2023-12-19 23:02:14.487</Data>
    <Data Name=""ProcessGuid"">{f57bd86a-20f6-6582-2702-000000000d00}</Data>
    <Data Name=""ProcessId"">5916</Data>
    <Data Name=""Image"">C:\Windows\system32\wevtutil.exe</Data>
    <Data Name=""TargetObject"">HKLM\SOFTWARE\Microsoft\Windows\CurrentVersion\WINEVT\Channels\Microsoft-Windows-AppXDeployment-Server/Operational\MaxSizeUpper</Data>
    <Data Name=""Details"">DWORD (0x00000000)</Data>
    <Data Name=""User"">NT AUTHORITY\SYSTEM</Data>
  </EventData>
</Event>
"
Microsoft-Windows-Sysmon/Operational,,,WinDev2309Eval,,,,,,,,,DWORD (0x00500000),13,4949,SetValue,,,C:\Windows\system32\wevtutil.exe,,,0x8000000000000000,4,,,,,0,,,,,,,{f57bd86a-20f6-6582-2702-000000000d00},3400,5916.0,,,,,,-,,,,,,,,,,,,,2023-12-19T23:02:14.5021721Z,,,HKLM\SOFTWARE\Microsoft\Windows\CurrentVersion\WINEVT\Channels\Microsoft-Windows-AppXDeployment-Server/Operational\MaxSize,,,,13,,4208,NT AUTHORITY\SYSTEM,S-1-5-18,02:14.5,2.0,"<Event xmlns=""http://schemas.microsoft.com/win/2004/08/events/event"">
  <System>
    <Provider Name=""Microsoft-Windows-Sysmon"" Guid=""{5770385f-c22a-43e0-bf4c-06f5698ffbd9}""/>
    <EventID>13</EventID>
    <Version>2</Version>
    <Level>4</Level>
    <Task>13</Task>
    <Opcode>0</Opcode>
    <Keywords>0x8000000000000000</Keywords>
    <TimeCreated SystemTime=""2023-12-19T23:02:14.5021721Z""/>
    <EventRecordID>4949</EventRecordID>
    <Correlation/>
    <Execution ProcessID=""3400"" ThreadID=""4208""/>
    <Channel>Microsoft-Windows-Sysmon/Operational</Channel>
    <Computer>WinDev2309Eval</Computer>
    <Security UserID=""S-1-5-18""/>
  </System>
  <EventData>
    <Data Name=""RuleName"">-</Data>
    <Data Name=""EventType"">SetValue</Data>
    <Data Name=""UtcTime"">2023-12-19 23:02:14.487</Data>
    <Data Name=""ProcessGuid"">{f57bd86a-20f6-6582-2702-000000000d00}</Data>
    <Data Name=""ProcessId"">5916</Data>
    <Data Name=""Image"">C:\Windows\system32\wevtutil.exe</Data>
    <Data Name=""TargetObject"">HKLM\SOFTWARE\Microsoft\Windows\CurrentVersion\WINEVT\Channels\Microsoft-Windows-AppXDeployment-Server/Operational\MaxSize</Data>
    <Data Name=""Details"">DWORD (0x00500000)</Data>
    <Data Name=""User"">NT AUTHORITY\SYSTEM</Data>
  </EventData>
</Event>
"
Microsoft-Windows-Sysmon/Operational,,,WinDev2309Eval,,,,,,,,,O:BAG:SYD:(A;;0x2;;;S-1-15-2-1)(A;;0x2;;;S-1-15-3-1024-3153509613-960666767-3724611135-2725662640-12138253-543910227-1950414635-4190290187)(A;;0xf0007;;;SY)(A;;0x7;;;BA)(A;;0x7;;;SO)(A;;0x3;;;IU)(A;;0x3;;;SU)(A;;0x3;;;S-1-5-3)(A;;0x3;;;S-1-5-33)(A;;0x1;;;S-1-5-32-573),13,4948,SetValue,,,C:\Windows\system32\wevtutil.exe,,,0x8000000000000000,4,,,,,0,,,,,,,{f57bd86a-20f6-6582-2702-000000000d00},3400,5916.0,,,,,,-,,,,,,,,,,,,,2023-12-19T23:02:14.5021149Z,,,HKLM\SOFTWARE\Microsoft\Windows\CurrentVersion\WINEVT\Channels\Microsoft-Windows-AppXDeployment-Server/Operational\ChannelAccess,,,,13,,4208,NT AUTHORITY\SYSTEM,S-1-5-18,02:14.5,2.0,"<Event xmlns=""http://schemas.microsoft.com/win/2004/08/events/event"">
  <System>
    <Provider Name=""Microsoft-Windows-Sysmon"" Guid=""{5770385f-c22a-43e0-bf4c-06f5698ffbd9}""/>
    <EventID>13</EventID>
    <Version>2</Version>
    <Level>4</Level>
    <Task>13</Task>
    <Opcode>0</Opcode>
    <Keywords>0x8000000000000000</Keywords>
    <TimeCreated SystemTime=""2023-12-19T23:02:14.5021149Z""/>
    <EventRecordID>4948</EventRecordID>
    <Correlation/>
    <Execution ProcessID=""3400"" ThreadID=""4208""/>
    <Channel>Microsoft-Windows-Sysmon/Operational</Channel>
    <Computer>WinDev2309Eval</Computer>
    <Security UserID=""S-1-5-18""/>
  </System>
  <EventData>
    <Data Name=""RuleName"">-</Data>
    <Data Name=""EventType"">SetValue</Data>
    <Data Name=""UtcTime"">2023-12-19 23:02:14.487</Data>
    <Data Name=""ProcessGuid"">{f57bd86a-20f6-6582-2702-000000000d00}</Data>
    <Data Name=""ProcessId"">5916</Data>
    <Data Name=""Image"">C:\Windows\system32\wevtutil.exe</Data>
    <Data Name=""TargetObject"">HKLM\SOFTWARE\Microsoft\Windows\CurrentVersion\WINEVT\Channels\Microsoft-Windows-AppXDeployment-Server/Operational\ChannelAccess</Data>
    <Data Name=""Details"">O:BAG:SYD:(A;;0x2;;;S-1-15-2-1)(A;;0x2;;;S-1-15-3-1024-3153509613-960666767-3724611135-2725662640-12138253-543910227-1950414635-4190290187)(A;;0xf0007;;;SY)(A;;0x7;;;BA)(A;;0x7;;;SO)(A;;0x3;;;IU)(A;;0x3;;;SU)(A;;0x3;;;S-1-5-3)(A;;0x3;;;S-1-5-33)(A;;0x1;;;S-1-5-32-573)</Data>
    <Data Name=""User"">NT AUTHORITY\SYSTEM</Data>
  </EventData>
</Event>
"
Microsoft-Windows-Sysmon/Operational,,,WinDev2309Eval,,,,,,,,,DWORD (0x00000000),13,4947,SetValue,,,C:\Windows\system32\wevtutil.exe,,,0x8000000000000000,4,,,,,0,,,,,,,{f57bd86a-20f6-6582-2702-000000000d00},3400,5916.0,,,,,,-,,,,,,,,,,,,,2023-12-19T23:02:14.5020538Z,,,HKLM\SOFTWARE\Microsoft\Windows\CurrentVersion\WINEVT\Channels\Microsoft-Windows-AppXDeployment-Server/Operational\Isolation,,,,13,,4208,NT AUTHORITY\SYSTEM,S-1-5-18,02:14.5,2.0,"<Event xmlns=""http://schemas.microsoft.com/win/2004/08/events/event"">
  <System>
    <Provider Name=""Microsoft-Windows-Sysmon"" Guid=""{5770385f-c22a-43e0-bf4c-06f5698ffbd9}""/>
    <EventID>13</EventID>
    <Version>2</Version>
    <Level>4</Level>
    <Task>13</Task>
    <Opcode>0</Opcode>
    <Keywords>0x8000000000000000</Keywords>
    <TimeCreated SystemTime=""2023-12-19T23:02:14.5020538Z""/>
    <EventRecordID>4947</EventRecordID>
    <Correlation/>
    <Execution ProcessID=""3400"" ThreadID=""4208""/>
    <Channel>Microsoft-Windows-Sysmon/Operational</Channel>
    <Computer>WinDev2309Eval</Computer>
    <Security UserID=""S-1-5-18""/>
  </System>
  <EventData>
    <Data Name=""RuleName"">-</Data>
    <Data Name=""EventType"">SetValue</Data>
    <Data Name=""UtcTime"">2023-12-19 23:02:14.487</Data>
    <Data Name=""ProcessGuid"">{f57bd86a-20f6-6582-2702-000000000d00}</Data>
    <Data Name=""ProcessId"">5916</Data>
    <Data Name=""Image"">C:\Windows\system32\wevtutil.exe</Data>
    <Data Name=""TargetObject"">HKLM\SOFTWARE\Microsoft\Windows\CurrentVersion\WINEVT\Channels\Microsoft-Windows-AppXDeployment-Server/Operational\Isolation</Data>
    <Data Name=""Details"">DWORD (0x00000000)</Data>
    <Data Name=""User"">NT AUTHORITY\SYSTEM</Data>
  </EventData>
</Event>
"
Microsoft-Windows-Sysmon/Operational,,,WinDev2309Eval,,,,,,,,,DWORD (0x00000001),13,4946,SetValue,,,C:\Windows\system32\wevtutil.exe,,,0x8000000000000000,4,,,,,0,,,,,,,{f57bd86a-20f6-6582-2702-000000000d00},3400,5916.0,,,,,,-,,,,,,,,,,,,,2023-12-19T23:02:14.5019926Z,,,HKLM\SOFTWARE\Microsoft\Windows\CurrentVersion\WINEVT\Channels\Microsoft-Windows-AppXDeployment-Server/Operational\Enabled,,,,13,,4208,NT AUTHORITY\SYSTEM,S-1-5-18,02:14.5,2.0,"<Event xmlns=""http://schemas.microsoft.com/win/2004/08/events/event"">
  <System>
    <Provider Name=""Microsoft-Windows-Sysmon"" Guid=""{5770385f-c22a-43e0-bf4c-06f5698ffbd9}""/>
    <EventID>13</EventID>
    <Version>2</Version>
    <Level>4</Level>
    <Task>13</Task>
    <Opcode>0</Opcode>
    <Keywords>0x8000000000000000</Keywords>
    <TimeCreated SystemTime=""2023-12-19T23:02:14.5019926Z""/>
    <EventRecordID>4946</EventRecordID>
    <Correlation/>
    <Execution ProcessID=""3400"" ThreadID=""4208""/>
    <Channel>Microsoft-Windows-Sysmon/Operational</Channel>
    <Computer>WinDev2309Eval</Computer>
    <Security UserID=""S-1-5-18""/>
  </System>
  <EventData>
    <Data Name=""RuleName"">-</Data>
    <Data Name=""EventType"">SetValue</Data>
    <Data Name=""UtcTime"">2023-12-19 23:02:14.487</Data>
    <Data Name=""ProcessGuid"">{f57bd86a-20f6-6582-2702-000000000d00}</Data>
    <Data Name=""ProcessId"">5916</Data>
    <Data Name=""Image"">C:\Windows\system32\wevtutil.exe</Data>
    <Data Name=""TargetObject"">HKLM\SOFTWARE\Microsoft\Windows\CurrentVersion\WINEVT\Channels\Microsoft-Windows-AppXDeployment-Server/Operational\Enabled</Data>
    <Data Name=""Details"">DWORD (0x00000001)</Data>
    <Data Name=""User"">NT AUTHORITY\SYSTEM</Data>
  </EventData>
</Event>
"
Microsoft-Windows-Sysmon/Operational,,,WinDev2309Eval,,,,,,,,,{43833e12-078d-4d7d-8aaf-ae8c8520f18c},13,4945,SetValue,,,C:\Windows\system32\wevtutil.exe,,,0x8000000000000000,4,,,,,0,,,,,,,{f57bd86a-20f6-6582-2702-000000000d00},3400,5916.0,,,,,,-,,,,,,,,,,,,,2023-12-19T23:02:14.5019097Z,,,HKLM\SOFTWARE\Microsoft\Windows\CurrentVersion\WINEVT\Channels\Microsoft-Windows-AppXDeployment-Server/Operational\OwningPublisher,,,,13,,4208,NT AUTHORITY\SYSTEM,S-1-5-18,02:14.5,2.0,"<Event xmlns=""http://schemas.microsoft.com/win/2004/08/events/event"">
  <System>
    <Provider Name=""Microsoft-Windows-Sysmon"" Guid=""{5770385f-c22a-43e0-bf4c-06f5698ffbd9}""/>
    <EventID>13</EventID>
    <Version>2</Version>
    <Level>4</Level>
    <Task>13</Task>
    <Opcode>0</Opcode>
    <Keywords>0x8000000000000000</Keywords>
    <TimeCreated SystemTime=""2023-12-19T23:02:14.5019097Z""/>
    <EventRecordID>4945</EventRecordID>
    <Correlation/>
    <Execution ProcessID=""3400"" ThreadID=""4208""/>
    <Channel>Microsoft-Windows-Sysmon/Operational</Channel>
    <Computer>WinDev2309Eval</Computer>
    <Security UserID=""S-1-5-18""/>
  </System>
  <EventData>
    <Data Name=""RuleName"">-</Data>
    <Data Name=""EventType"">SetValue</Data>
    <Data Name=""UtcTime"">2023-12-19 23:02:14.487</Data>
    <Data Name=""ProcessGuid"">{f57bd86a-20f6-6582-2702-000000000d00}</Data>
    <Data Name=""ProcessId"">5916</Data>
    <Data Name=""Image"">C:\Windows\system32\wevtutil.exe</Data>
    <Data Name=""TargetObject"">HKLM\SOFTWARE\Microsoft\Windows\CurrentVersion\WINEVT\Channels\Microsoft-Windows-AppXDeployment-Server/Operational\OwningPublisher</Data>
    <Data Name=""Details"">{43833e12-078d-4d7d-8aaf-ae8c8520f18c}</Data>
    <Data Name=""User"">NT AUTHORITY\SYSTEM</Data>
  </EventData>
</Event>
"
Microsoft-Windows-Sysmon/Operational,"""C:\Windows\system32\wevtutil.exe"" install-manifest ""C:\Program Files\WindowsApps\Microsoft.WindowsAppRuntime.1.4_4000.1049.117.0_x86__8wekyb3d8bbwe\EventLog-Instrumentation.man"" /resourceFilePath:""C:\Program Files\WindowsApps\Microsoft.WindowsAppRuntime.1.4_4000.1049.117.0_x86__8wekyb3d8bbwe\WindowsAppSdk.AppxDeploymentExtensions.Desktop-EventLog-Instrumentation.dll"" /messageFilePath:""C:\Program Files\WindowsApps\Microsoft.WindowsAppRuntime.1.4_4000.1049.117.0_x86__8wekyb3d8bbwe\WindowsAppSdk.AppxDeploymentExtensions.Desktop-EventLog-Instrumentation.dll"" /unicode:true",Microsoft Corporation,WinDev2309Eval,,C:\Windows\system32\,Windows Event Log Utility,,,,,,,1,4944,,10.0.22621.2506 (WinBuild.160101.0800),"MD5=3331F35EC34595843187CD518B9FBA48,SHA256=0FBB4B8092E8F3B4A298A133DC30E5F80D420380BACB5D3B27D0D2BCB9103230,IMPHASH=92CA71320A49850E970004A94EA5D695",C:\Windows\System32\wevtutil.exe,,System,0x8000000000000000,4,{f57bd86a-1cf1-6582-e703-000000000000},0x3e7,,,0,wevtutil.exe,C:\Windows\system32\svchost.exe -k wsappx -p -s AppXSvc,C:\Windows\System32\svchost.exe,{f57bd86a-20d2-6582-1902-000000000d00},8056.0,NT AUTHORITY\SYSTEM,{f57bd86a-20f6-6582-2702-000000000d00},3400,5916.0,Microsoft速 Windows速 Operating System,,,,,-,,,,,,,,,,,,,2023-12-19T23:02:14.4025202Z,,,,,,,1,0.0,4208,NT AUTHORITY\SYSTEM,S-1-5-18,02:14.4,5.0,"<Event xmlns=""http://schemas.microsoft.com/win/2004/08/events/event"">
  <System>
    <Provider Name=""Microsoft-Windows-Sysmon"" Guid=""{5770385f-c22a-43e0-bf4c-06f5698ffbd9}""/>
    <EventID>1</EventID>
    <Version>5</Version>
    <Level>4</Level>
    <Task>1</Task>
    <Opcode>0</Opcode>
    <Keywords>0x8000000000000000</Keywords>
    <TimeCreated SystemTime=""2023-12-19T23:02:14.4025202Z""/>
    <EventRecordID>4944</EventRecordID>
    <Correlation/>
    <Execution ProcessID=""3400"" ThreadID=""4208""/>
    <Channel>Microsoft-Windows-Sysmon/Operational</Channel>
    <Computer>WinDev2309Eval</Computer>
    <Security UserID=""S-1-5-18""/>
  </System>
  <EventData>
    <Data Name=""RuleName"">-</Data>
    <Data Name=""UtcTime"">2023-12-19 23:02:14.399</Data>
    <Data Name=""ProcessGuid"">{f57bd86a-20f6-6582-2702-000000000d00}</Data>
    <Data Name=""ProcessId"">5916</Data>
    <Data Name=""Image"">C:\Windows\System32\wevtutil.exe</Data>
    <Data Name=""FileVersion"">10.0.22621.2506 (WinBuild.160101.0800)</Data>
    <Data Name=""Description"">Windows Event Log Utility</Data>
    <Data Name=""Product"">Microsoft&#174; Windows&#174; Operating System</Data>
    <Data Name=""Company"">Microsoft Corporation</Data>
    <Data Name=""OriginalFileName"">wevtutil.exe</Data>
    <Data Name=""CommandLine"">""C:\Windows\system32\wevtutil.exe"" install-manifest ""C:\Program Files\WindowsApps\Microsoft.WindowsAppRuntime.1.4_4000.1049.117.0_x86__8wekyb3d8bbwe\EventLog-Instrumentation.man"" /resourceFilePath:""C:\Program Files\WindowsApps\Microsoft.WindowsAppRuntime.1.4_4000.1049.117.0_x86__8wekyb3d8bbwe\WindowsAppSdk.AppxDeploymentExtensions.Desktop-EventLog-Instrumentation.dll"" /messageFilePath:""C:\Program Files\WindowsApps\Microsoft.WindowsAppRuntime.1.4_4000.1049.117.0_x86__8wekyb3d8bbwe\WindowsAppSdk.AppxDeploymentExtensions.Desktop-EventLog-Instrumentation.dll"" /unicode:true</Data>
    <Data Name=""CurrentDirectory"">C:\Windows\system32\</Data>
    <Data Name=""User"">NT AUTHORITY\SYSTEM</Data>
    <Data Name=""LogonGuid"">{f57bd86a-1cf1-6582-e703-000000000000}</Data>
    <Data Name=""LogonId"">0x3e7</Data>
    <Data Name=""TerminalSessionId"">0</Data>
    <Data Name=""IntegrityLevel"">System</Data>
    <Data Name=""Hashes"">MD5=3331F35EC34595843187CD518B9FBA48,SHA256=0FBB4B8092E8F3B4A298A133DC30E5F80D420380BACB5D3B27D0D2BCB9103230,IMPHASH=92CA71320A49850E970004A94EA5D695</Data>
    <Data Name=""ParentProcessGuid"">{f57bd86a-20d2-6582-1902-000000000d00}</Data>
    <Data Name=""ParentProcessId"">8056</Data>
    <Data Name=""ParentImage"">C:\Windows\System32\svchost.exe</Data>
    <Data Name=""ParentCommandLine"">C:\Windows\system32\svchost.exe -k wsappx -p -s AppXSvc</Data>
    <Data Name=""ParentUser"">NT AUTHORITY\SYSTEM</Data>
  </EventData>
</Event>
"
Microsoft-Windows-Sysmon/Operational,,,WinDev2309Eval,,,,,,,,,,12,4943,DeleteKey,,,C:\Windows\system32\wevtutil.exe,,,0x8000000000000000,4,,,,,0,,,,,,,{f57bd86a-20f6-6582-2502-000000000d00},3400,3456.0,,,,,,-,,,,,,,,,,,,,2023-12-19T23:02:14.3727725Z,,,HKLM\SOFTWARE\Microsoft\Windows\CurrentVersion\WINEVT\Channels\Microsoft-Windows-AppXDeployment-Server/Operational,,,,12,,4208,NT AUTHORITY\SYSTEM,S-1-5-18,02:14.4,2.0,"<Event xmlns=""http://schemas.microsoft.com/win/2004/08/events/event"">
  <System>
    <Provider Name=""Microsoft-Windows-Sysmon"" Guid=""{5770385f-c22a-43e0-bf4c-06f5698ffbd9}""/>
    <EventID>12</EventID>
    <Version>2</Version>
    <Level>4</Level>
    <Task>12</Task>
    <Opcode>0</Opcode>
    <Keywords>0x8000000000000000</Keywords>
    <TimeCreated SystemTime=""2023-12-19T23:02:14.3727725Z""/>
    <EventRecordID>4943</EventRecordID>
    <Correlation/>
    <Execution ProcessID=""3400"" ThreadID=""4208""/>
    <Channel>Microsoft-Windows-Sysmon/Operational</Channel>
    <Computer>WinDev2309Eval</Computer>
    <Security UserID=""S-1-5-18""/>
  </System>
  <EventData>
    <Data Name=""RuleName"">-</Data>
    <Data Name=""EventType"">DeleteKey</Data>
    <Data Name=""UtcTime"">2023-12-19 23:02:14.363</Data>
    <Data Name=""ProcessGuid"">{f57bd86a-20f6-6582-2502-000000000d00}</Data>
    <Data Name=""ProcessId"">3456</Data>
    <Data Name=""Image"">C:\Windows\system32\wevtutil.exe</Data>
    <Data Name=""TargetObject"">HKLM\SOFTWARE\Microsoft\Windows\CurrentVersion\WINEVT\Channels\Microsoft-Windows-AppXDeployment-Server/Operational</Data>
    <Data Name=""User"">NT AUTHORITY\SYSTEM</Data>
  </EventData>
</Event>
"
Microsoft-Windows-Sysmon/Operational,"""C:\Windows\system32\wevtutil.exe"" uninstall-manifest ""C:\Windows\SystemApps\Microsoft.WindowsAppRuntime.CBS_8wekyb3d8bbwe\EventLog-Instrumentation.man"" /unicode:true",Microsoft Corporation,WinDev2309Eval,,C:\Windows\system32\,Windows Event Log Utility,,,,,,,1,4942,,10.0.22621.2506 (WinBuild.160101.0800),"MD5=3331F35EC34595843187CD518B9FBA48,SHA256=0FBB4B8092E8F3B4A298A133DC30E5F80D420380BACB5D3B27D0D2BCB9103230,IMPHASH=92CA71320A49850E970004A94EA5D695",C:\Windows\System32\wevtutil.exe,,System,0x8000000000000000,4,{f57bd86a-1cf1-6582-e703-000000000000},0x3e7,,,0,wevtutil.exe,C:\Windows\system32\svchost.exe -k wsappx -p -s AppXSvc,C:\Windows\System32\svchost.exe,{f57bd86a-20d2-6582-1902-000000000d00},8056.0,NT AUTHORITY\SYSTEM,{f57bd86a-20f6-6582-2502-000000000d00},3400,3456.0,Microsoft速 Windows速 Operating System,,,,,-,,,,,,,,,,,,,2023-12-19T23:02:14.2205368Z,,,,,,,1,0.0,4208,NT AUTHORITY\SYSTEM,S-1-5-18,02:14.2,5.0,"<Event xmlns=""http://schemas.microsoft.com/win/2004/08/events/event"">
  <System>
    <Provider Name=""Microsoft-Windows-Sysmon"" Guid=""{5770385f-c22a-43e0-bf4c-06f5698ffbd9}""/>
    <EventID>1</EventID>
    <Version>5</Version>
    <Level>4</Level>
    <Task>1</Task>
    <Opcode>0</Opcode>
    <Keywords>0x8000000000000000</Keywords>
    <TimeCreated SystemTime=""2023-12-19T23:02:14.2205368Z""/>
    <EventRecordID>4942</EventRecordID>
    <Correlation/>
    <Execution ProcessID=""3400"" ThreadID=""4208""/>
    <Channel>Microsoft-Windows-Sysmon/Operational</Channel>
    <Computer>WinDev2309Eval</Computer>
    <Security UserID=""S-1-5-18""/>
  </System>
  <EventData>
    <Data Name=""RuleName"">-</Data>
    <Data Name=""UtcTime"">2023-12-19 23:02:14.217</Data>
    <Data Name=""ProcessGuid"">{f57bd86a-20f6-6582-2502-000000000d00}</Data>
    <Data Name=""ProcessId"">3456</Data>
    <Data Name=""Image"">C:\Windows\System32\wevtutil.exe</Data>
    <Data Name=""FileVersion"">10.0.22621.2506 (WinBuild.160101.0800)</Data>
    <Data Name=""Description"">Windows Event Log Utility</Data>
    <Data Name=""Product"">Microsoft&#174; Windows&#174; Operating System</Data>
    <Data Name=""Company"">Microsoft Corporation</Data>
    <Data Name=""OriginalFileName"">wevtutil.exe</Data>
    <Data Name=""CommandLine"">""C:\Windows\system32\wevtutil.exe"" uninstall-manifest ""C:\Windows\SystemApps\Microsoft.WindowsAppRuntime.CBS_8wekyb3d8bbwe\EventLog-Instrumentation.man"" /unicode:true</Data>
    <Data Name=""CurrentDirectory"">C:\Windows\system32\</Data>
    <Data Name=""User"">NT AUTHORITY\SYSTEM</Data>
    <Data Name=""LogonGuid"">{f57bd86a-1cf1-6582-e703-000000000000}</Data>
    <Data Name=""LogonId"">0x3e7</Data>
    <Data Name=""TerminalSessionId"">0</Data>
    <Data Name=""IntegrityLevel"">System</Data>
    <Data Name=""Hashes"">MD5=3331F35EC34595843187CD518B9FBA48,SHA256=0FBB4B8092E8F3B4A298A133DC30E5F80D420380BACB5D3B27D0D2BCB9103230,IMPHASH=92CA71320A49850E970004A94EA5D695</Data>
    <Data Name=""ParentProcessGuid"">{f57bd86a-20d2-6582-1902-000000000d00}</Data>
    <Data Name=""ParentProcessId"">8056</Data>
    <Data Name=""ParentImage"">C:\Windows\System32\svchost.exe</Data>
    <Data Name=""ParentCommandLine"">C:\Windows\system32\svchost.exe -k wsappx -p -s AppXSvc</Data>
    <Data Name=""ParentUser"">NT AUTHORITY\SYSTEM</Data>
  </EventData>
</Event>
"
Microsoft-Windows-Sysmon/Operational,,,WinDev2309Eval,02:10.0,,,,,,,,,11,4941,,,,C:\Windows\system32\svchost.exe,,,0x8000000000000000,4,,,,,0,,,,,,,{f57bd86a-20d2-6582-1902-000000000d00},3400,8056.0,,,,,,DLL,,,,,,,,,,,,,2023-12-19T23:02:10.0438172Z,C:\Program Files\WindowsApps\Microsoft.WindowsAppRuntime.1.4_4000.1049.117.0_x86__8wekyb3d8bbwe\wuceffectsi.dll,,,,,,11,,4208,NT AUTHORITY\SYSTEM,S-1-5-18,02:10.0,2.0,"<Event xmlns=""http://schemas.microsoft.com/win/2004/08/events/event"">
  <System>
    <Provider Name=""Microsoft-Windows-Sysmon"" Guid=""{5770385f-c22a-43e0-bf4c-06f5698ffbd9}""/>
    <EventID>11</EventID>
    <Version>2</Version>
    <Level>4</Level>
    <Task>11</Task>
    <Opcode>0</Opcode>
    <Keywords>0x8000000000000000</Keywords>
    <TimeCreated SystemTime=""2023-12-19T23:02:10.0438172Z""/>
    <EventRecordID>4941</EventRecordID>
    <Correlation/>
    <Execution ProcessID=""3400"" ThreadID=""4208""/>
    <Channel>Microsoft-Windows-Sysmon/Operational</Channel>
    <Computer>WinDev2309Eval</Computer>
    <Security UserID=""S-1-5-18""/>
  </System>
  <EventData>
    <Data Name=""RuleName"">DLL</Data>
    <Data Name=""UtcTime"">2023-12-19 23:02:10.030</Data>
    <Data Name=""ProcessGuid"">{f57bd86a-20d2-6582-1902-000000000d00}</Data>
    <Data Name=""ProcessId"">8056</Data>
    <Data Name=""Image"">C:\Windows\system32\svchost.exe</Data>
    <Data Name=""TargetFilename"">C:\Program Files\WindowsApps\Microsoft.WindowsAppRuntime.1.4_4000.1049.117.0_x86__8wekyb3d8bbwe\wuceffectsi.dll</Data>
    <Data Name=""CreationUtcTime"">2023-12-19 23:02:10.030</Data>
    <Data Name=""User"">NT AUTHORITY\SYSTEM</Data>
  </EventData>
</Event>
"
Microsoft-Windows-Sysmon/Operational,,,WinDev2309Eval,02:10.0,,,,,,,,,11,4940,,,,C:\Windows\system32\svchost.exe,,,0x8000000000000000,4,,,,,0,,,,,,,{f57bd86a-20d2-6582-1902-000000000d00},3400,8056.0,,,,,,DLL,,,,,,,,,,,,,2023-12-19T23:02:10.0434514Z,C:\Program Files\WindowsApps\Microsoft.WindowsAppRuntime.1.4_4000.1049.117.0_x86__8wekyb3d8bbwe\WinUIEdit.dll,,,,,,11,,4208,NT AUTHORITY\SYSTEM,S-1-5-18,02:10.0,2.0,"<Event xmlns=""http://schemas.microsoft.com/win/2004/08/events/event"">
  <System>
    <Provider Name=""Microsoft-Windows-Sysmon"" Guid=""{5770385f-c22a-43e0-bf4c-06f5698ffbd9}""/>
    <EventID>11</EventID>
    <Version>2</Version>
    <Level>4</Level>
    <Task>11</Task>
    <Opcode>0</Opcode>
    <Keywords>0x8000000000000000</Keywords>
    <TimeCreated SystemTime=""2023-12-19T23:02:10.0434514Z""/>
    <EventRecordID>4940</EventRecordID>
    <Correlation/>
    <Execution ProcessID=""3400"" ThreadID=""4208""/>
    <Channel>Microsoft-Windows-Sysmon/Operational</Channel>
    <Computer>WinDev2309Eval</Computer>
    <Security UserID=""S-1-5-18""/>
  </System>
  <EventData>
    <Data Name=""RuleName"">DLL</Data>
    <Data Name=""UtcTime"">2023-12-19 23:02:10.030</Data>
    <Data Name=""ProcessGuid"">{f57bd86a-20d2-6582-1902-000000000d00}</Data>
    <Data Name=""ProcessId"">8056</Data>
    <Data Name=""Image"">C:\Windows\system32\svchost.exe</Data>
    <Data Name=""TargetFilename"">C:\Program Files\WindowsApps\Microsoft.WindowsAppRuntime.1.4_4000.1049.117.0_x86__8wekyb3d8bbwe\WinUIEdit.dll</Data>
    <Data Name=""CreationUtcTime"">2023-12-19 23:02:10.030</Data>
    <Data Name=""User"">NT AUTHORITY\SYSTEM</Data>
  </EventData>
</Event>
"
Microsoft-Windows-Sysmon/Operational,,,WinDev2309Eval,02:10.0,,,,,,,,,11,4939,,,,C:\Windows\system32\svchost.exe,,,0x8000000000000000,4,,,,,0,,,,,,,{f57bd86a-20d2-6582-1902-000000000d00},3400,8056.0,,,,,,DLL,,,,,,,,,,,,,2023-12-19T23:02:10.0431929Z,C:\Program Files\WindowsApps\Microsoft.WindowsAppRuntime.1.4_4000.1049.117.0_x86__8wekyb3d8bbwe\WindowsAppSdk.AppxDeploymentExtensions.Desktop.dll,,,,,,11,,4208,NT AUTHORITY\SYSTEM,S-1-5-18,02:10.0,2.0,"<Event xmlns=""http://schemas.microsoft.com/win/2004/08/events/event"">
  <System>
    <Provider Name=""Microsoft-Windows-Sysmon"" Guid=""{5770385f-c22a-43e0-bf4c-06f5698ffbd9}""/>
    <EventID>11</EventID>
    <Version>2</Version>
    <Level>4</Level>
    <Task>11</Task>
    <Opcode>0</Opcode>
    <Keywords>0x8000000000000000</Keywords>
    <TimeCreated SystemTime=""2023-12-19T23:02:10.0431929Z""/>
    <EventRecordID>4939</EventRecordID>
    <Correlation/>
    <Execution ProcessID=""3400"" ThreadID=""4208""/>
    <Channel>Microsoft-Windows-Sysmon/Operational</Channel>
    <Computer>WinDev2309Eval</Computer>
    <Security UserID=""S-1-5-18""/>
  </System>
  <EventData>
    <Data Name=""RuleName"">DLL</Data>
    <Data Name=""UtcTime"">2023-12-19 23:02:10.030</Data>
    <Data Name=""ProcessGuid"">{f57bd86a-20d2-6582-1902-000000000d00}</Data>
    <Data Name=""ProcessId"">8056</Data>
    <Data Name=""Image"">C:\Windows\system32\svchost.exe</Data>
    <Data Name=""TargetFilename"">C:\Program Files\WindowsApps\Microsoft.WindowsAppRuntime.1.4_4000.1049.117.0_x86__8wekyb3d8bbwe\WindowsAppSdk.AppxDeploymentExtensions.Desktop.dll</Data>
    <Data Name=""CreationUtcTime"">2023-12-19 23:02:10.030</Data>
    <Data Name=""User"">NT AUTHORITY\SYSTEM</Data>
  </EventData>
</Event>
"
Microsoft-Windows-Sysmon/Operational,,,WinDev2309Eval,02:10.0,,,,,,,,,11,4938,,,,C:\Windows\system32\svchost.exe,,,0x8000000000000000,4,,,,,0,,,,,,,{f57bd86a-20d2-6582-1902-000000000d00},3400,8056.0,,,,,,DLL,,,,,,,,,,,,,2023-12-19T23:02:10.0426588Z,C:\Program Files\WindowsApps\Microsoft.WindowsAppRuntime.1.4_4000.1049.117.0_x86__8wekyb3d8bbwe\WindowsAppSdk.AppxDeploymentExtensions.Desktop-EventLog-Instrumentation.dll,,,,,,11,,4208,NT AUTHORITY\SYSTEM,S-1-5-18,02:10.0,2.0,"<Event xmlns=""http://schemas.microsoft.com/win/2004/08/events/event"">
  <System>
    <Provider Name=""Microsoft-Windows-Sysmon"" Guid=""{5770385f-c22a-43e0-bf4c-06f5698ffbd9}""/>
    <EventID>11</EventID>
    <Version>2</Version>
    <Level>4</Level>
    <Task>11</Task>
    <Opcode>0</Opcode>
    <Keywords>0x8000000000000000</Keywords>
    <TimeCreated SystemTime=""2023-12-19T23:02:10.0426588Z""/>
    <EventRecordID>4938</EventRecordID>
    <Correlation/>
    <Execution ProcessID=""3400"" ThreadID=""4208""/>
    <Channel>Microsoft-Windows-Sysmon/Operational</Channel>
    <Computer>WinDev2309Eval</Computer>
    <Security UserID=""S-1-5-18""/>
  </System>
  <EventData>
    <Data Name=""RuleName"">DLL</Data>
    <Data Name=""UtcTime"">2023-12-19 23:02:10.030</Data>
    <Data Name=""ProcessGuid"">{f57bd86a-20d2-6582-1902-000000000d00}</Data>
    <Data Name=""ProcessId"">8056</Data>
    <Data Name=""Image"">C:\Windows\system32\svchost.exe</Data>
    <Data Name=""TargetFilename"">C:\Program Files\WindowsApps\Microsoft.WindowsAppRuntime.1.4_4000.1049.117.0_x86__8wekyb3d8bbwe\WindowsAppSdk.AppxDeploymentExtensions.Desktop-EventLog-Instrumentation.dll</Data>
    <Data Name=""CreationUtcTime"">2023-12-19 23:02:10.030</Data>
    <Data Name=""User"">NT AUTHORITY\SYSTEM</Data>
  </EventData>
</Event>
"
Microsoft-Windows-Sysmon/Operational,,,WinDev2309Eval,02:10.0,,,,,,,,,11,4937,,,,C:\Windows\system32\svchost.exe,,,0x8000000000000000,4,,,,,0,,,,,,,{f57bd86a-20d2-6582-1902-000000000d00},3400,8056.0,,,,,,EXE,,,,,,,,,,,,,2023-12-19T23:02:10.0251813Z,C:\Program Files\WindowsApps\Microsoft.WindowsAppRuntime.1.4_4000.1049.117.0_x86__8wekyb3d8bbwe\RestartAgent.exe,,,,,,11,,4208,NT AUTHORITY\SYSTEM,S-1-5-18,02:10.0,2.0,"<Event xmlns=""http://schemas.microsoft.com/win/2004/08/events/event"">
  <System>
    <Provider Name=""Microsoft-Windows-Sysmon"" Guid=""{5770385f-c22a-43e0-bf4c-06f5698ffbd9}""/>
    <EventID>11</EventID>
    <Version>2</Version>
    <Level>4</Level>
    <Task>11</Task>
    <Opcode>0</Opcode>
    <Keywords>0x8000000000000000</Keywords>
    <TimeCreated SystemTime=""2023-12-19T23:02:10.0251813Z""/>
    <EventRecordID>4937</EventRecordID>
    <Correlation/>
    <Execution ProcessID=""3400"" ThreadID=""4208""/>
    <Channel>Microsoft-Windows-Sysmon/Operational</Channel>
    <Computer>WinDev2309Eval</Computer>
    <Security UserID=""S-1-5-18""/>
  </System>
  <EventData>
    <Data Name=""RuleName"">EXE</Data>
    <Data Name=""UtcTime"">2023-12-19 23:02:10.015</Data>
    <Data Name=""ProcessGuid"">{f57bd86a-20d2-6582-1902-000000000d00}</Data>
    <Data Name=""ProcessId"">8056</Data>
    <Data Name=""Image"">C:\Windows\system32\svchost.exe</Data>
    <Data Name=""TargetFilename"">C:\Program Files\WindowsApps\Microsoft.WindowsAppRuntime.1.4_4000.1049.117.0_x86__8wekyb3d8bbwe\RestartAgent.exe</Data>
    <Data Name=""CreationUtcTime"">2023-12-19 23:02:10.015</Data>
    <Data Name=""User"">NT AUTHORITY\SYSTEM</Data>
  </EventData>
</Event>
"
Microsoft-Windows-Sysmon/Operational,,,WinDev2309Eval,02:10.0,,,,,,,,,11,4936,,,,C:\Windows\system32\svchost.exe,,,0x8000000000000000,4,,,,,0,,,,,,,{f57bd86a-20d2-6582-1902-000000000d00},3400,8056.0,,,,,,DLL,,,,,,,,,,,,,2023-12-19T23:02:10.0236464Z,C:\Program Files\WindowsApps\Microsoft.WindowsAppRuntime.1.4_4000.1049.117.0_x86__8wekyb3d8bbwe\PushNotificationsLongRunningTask.ProxyStub.dll,,,,,,11,,4208,NT AUTHORITY\SYSTEM,S-1-5-18,02:10.0,2.0,"<Event xmlns=""http://schemas.microsoft.com/win/2004/08/events/event"">
  <System>
    <Provider Name=""Microsoft-Windows-Sysmon"" Guid=""{5770385f-c22a-43e0-bf4c-06f5698ffbd9}""/>
    <EventID>11</EventID>
    <Version>2</Version>
    <Level>4</Level>
    <Task>11</Task>
    <Opcode>0</Opcode>
    <Keywords>0x8000000000000000</Keywords>
    <TimeCreated SystemTime=""2023-12-19T23:02:10.0236464Z""/>
    <EventRecordID>4936</EventRecordID>
    <Correlation/>
    <Execution ProcessID=""3400"" ThreadID=""4208""/>
    <Channel>Microsoft-Windows-Sysmon/Operational</Channel>
    <Computer>WinDev2309Eval</Computer>
    <Security UserID=""S-1-5-18""/>
  </System>
  <EventData>
    <Data Name=""RuleName"">DLL</Data>
    <Data Name=""UtcTime"">2023-12-19 23:02:10.015</Data>
    <Data Name=""ProcessGuid"">{f57bd86a-20d2-6582-1902-000000000d00}</Data>
    <Data Name=""ProcessId"">8056</Data>
    <Data Name=""Image"">C:\Windows\system32\svchost.exe</Data>
    <Data Name=""TargetFilename"">C:\Program Files\WindowsApps\Microsoft.WindowsAppRuntime.1.4_4000.1049.117.0_x86__8wekyb3d8bbwe\PushNotificationsLongRunningTask.ProxyStub.dll</Data>
    <Data Name=""CreationUtcTime"">2023-12-19 23:02:10.015</Data>
    <Data Name=""User"">NT AUTHORITY\SYSTEM</Data>
  </EventData>
</Event>
"
