Channel,CommandLine,Company,Computer,CreationUtcTime,CurrentDirectory,Description,DestinationHostname,DestinationIp,DestinationIsIpv6,DestinationPort,DestinationPortName,Details,EventID,EventRecordID,EventType,FileVersion,Hashes,Image,Initiated,IntegrityLevel,Keywords,Level,LogonGuid,LogonId,Message,NewThreadId,Opcode,OriginalFileName,ParentCommandLine,ParentImage,ParentProcessGuid,ParentProcessId,ParentUser,ProcessGuid,ProcessID,ProcessId,Product,Protocol,QueryName,QueryResults,QueryStatus,RuleName,SourceHostname,SourceImage,SourceIp,SourceIsIpv6,SourcePort,SourcePortName,SourceProcessGuid,SourceProcessId,SourceUser,StartAddress,StartFunction,StartModule,SystemTime,TargetFilename,TargetImage,TargetObject,TargetProcessGuid,TargetProcessId,TargetUser,Task,TerminalSessionId,ThreadID,User,UserID,UtcTime,Version,raw
Microsoft-Windows-Sysmon/Operational,,,WinDev2309Eval,,,,,,,,,C:\Users\User\AppData\Local\Microsoft\OneDrive\23.246.1127.0002\i386\FileSyncShell.dll,13,4649,SetValue,,,C:\Users\User\AppData\Local\Microsoft\OneDrive\OneDrive.exe,,,0x8000000000000000,4,,,,,0,,,,,,,{f57bd86a-1d61-6582-d500-000000000d00},3400,7048.0,,,,,,T1122,,,,,,,,,,,,,2023-12-19T22:46:58.7968775Z,,,HKU\S-1-5-21-2835251196-2691927458-378326815-1000_Classes\WOW6432Node\CLSID\{20894375-46AE-46E2-BAFD-CB38975CDCE6}\InprocServer32\(Default),,,,13,,4208,WINDEV2309EVAL\User,S-1-5-18,46:58.8,2.0,"<Event xmlns=""http://schemas.microsoft.com/win/2004/08/events/event"">
  <System>
    <Provider Name=""Microsoft-Windows-Sysmon"" Guid=""{5770385f-c22a-43e0-bf4c-06f5698ffbd9}""/>
    <EventID>13</EventID>
    <Version>2</Version>
    <Level>4</Level>
    <Task>13</Task>
    <Opcode>0</Opcode>
    <Keywords>0x8000000000000000</Keywords>
    <TimeCreated SystemTime=""2023-12-19T22:46:58.7968775Z""/>
    <EventRecordID>4649</EventRecordID>
    <Correlation/>
    <Execution ProcessID=""3400"" ThreadID=""4208""/>
    <Channel>Microsoft-Windows-Sysmon/Operational</Channel>
    <Computer>WinDev2309Eval</Computer>
    <Security UserID=""S-1-5-18""/>
  </System>
  <EventData>
    <Data Name=""RuleName"">T1122</Data>
    <Data Name=""EventType"">SetValue</Data>
    <Data Name=""UtcTime"">2023-12-19 22:46:58.796</Data>
    <Data Name=""ProcessGuid"">{f57bd86a-1d61-6582-d500-000000000d00}</Data>
    <Data Name=""ProcessId"">7048</Data>
    <Data Name=""Image"">C:\Users\User\AppData\Local\Microsoft\OneDrive\OneDrive.exe</Data>
    <Data Name=""TargetObject"">HKU\S-1-5-21-2835251196-2691927458-378326815-1000_Classes\WOW6432Node\CLSID\{20894375-46AE-46E2-BAFD-CB38975CDCE6}\InprocServer32\(Default)</Data>
    <Data Name=""Details"">C:\Users\User\AppData\Local\Microsoft\OneDrive\23.246.1127.0002\i386\FileSyncShell.dll</Data>
    <Data Name=""User"">WINDEV2309EVAL\User</Data>
  </EventData>
</Event>
"
Microsoft-Windows-Sysmon/Operational,,,WinDev2309Eval,,,,,,,,,C:\Users\User\AppData\Local\Microsoft\OneDrive\23.246.1127.0002\FileSyncShell64.dll,13,4648,SetValue,,,C:\Users\User\AppData\Local\Microsoft\OneDrive\OneDrive.exe,,,0x8000000000000000,4,,,,,0,,,,,,,{f57bd86a-1d61-6582-d500-000000000d00},3400,7048.0,,,,,,T1122,,,,,,,,,,,,,2023-12-19T22:46:58.7966468Z,,,HKU\S-1-5-21-2835251196-2691927458-378326815-1000_Classes\CLSID\{20894375-46AE-46E2-BAFD-CB38975CDCE6}\InprocServer32\(Default),,,,13,,4208,WINDEV2309EVAL\User,S-1-5-18,46:58.8,2.0,"<Event xmlns=""http://schemas.microsoft.com/win/2004/08/events/event"">
  <System>
    <Provider Name=""Microsoft-Windows-Sysmon"" Guid=""{5770385f-c22a-43e0-bf4c-06f5698ffbd9}""/>
    <EventID>13</EventID>
    <Version>2</Version>
    <Level>4</Level>
    <Task>13</Task>
    <Opcode>0</Opcode>
    <Keywords>0x8000000000000000</Keywords>
    <TimeCreated SystemTime=""2023-12-19T22:46:58.7966468Z""/>
    <EventRecordID>4648</EventRecordID>
    <Correlation/>
    <Execution ProcessID=""3400"" ThreadID=""4208""/>
    <Channel>Microsoft-Windows-Sysmon/Operational</Channel>
    <Computer>WinDev2309Eval</Computer>
    <Security UserID=""S-1-5-18""/>
  </System>
  <EventData>
    <Data Name=""RuleName"">T1122</Data>
    <Data Name=""EventType"">SetValue</Data>
    <Data Name=""UtcTime"">2023-12-19 22:46:58.796</Data>
    <Data Name=""ProcessGuid"">{f57bd86a-1d61-6582-d500-000000000d00}</Data>
    <Data Name=""ProcessId"">7048</Data>
    <Data Name=""Image"">C:\Users\User\AppData\Local\Microsoft\OneDrive\OneDrive.exe</Data>
    <Data Name=""TargetObject"">HKU\S-1-5-21-2835251196-2691927458-378326815-1000_Classes\CLSID\{20894375-46AE-46E2-BAFD-CB38975CDCE6}\InprocServer32\(Default)</Data>
    <Data Name=""Details"">C:\Users\User\AppData\Local\Microsoft\OneDrive\23.246.1127.0002\FileSyncShell64.dll</Data>
    <Data Name=""User"">WINDEV2309EVAL\User</Data>
  </EventData>
</Event>
"
Microsoft-Windows-Sysmon/Operational,,,WinDev2309Eval,,,,,,,,,C:\Users\User\AppData\Local\Microsoft\OneDrive\23.246.1127.0002\i386\FileSyncShell.dll,13,4647,SetValue,,,C:\Users\User\AppData\Local\Microsoft\OneDrive\OneDrive.exe,,,0x8000000000000000,4,,,,,0,,,,,,,{f57bd86a-1d61-6582-d500-000000000d00},3400,7048.0,,,,,,T1122,,,,,,,,,,,,,2023-12-19T22:46:58.7959671Z,,,HKU\S-1-5-21-2835251196-2691927458-378326815-1000_Classes\WOW6432Node\CLSID\{1BF42E4C-4AF4-4CFD-A1A0-CF2960B8F63E}\InprocServer32\(Default),,,,13,,4208,WINDEV2309EVAL\User,S-1-5-18,46:58.8,2.0,"<Event xmlns=""http://schemas.microsoft.com/win/2004/08/events/event"">
  <System>
    <Provider Name=""Microsoft-Windows-Sysmon"" Guid=""{5770385f-c22a-43e0-bf4c-06f5698ffbd9}""/>
    <EventID>13</EventID>
    <Version>2</Version>
    <Level>4</Level>
    <Task>13</Task>
    <Opcode>0</Opcode>
    <Keywords>0x8000000000000000</Keywords>
    <TimeCreated SystemTime=""2023-12-19T22:46:58.7959671Z""/>
    <EventRecordID>4647</EventRecordID>
    <Correlation/>
    <Execution ProcessID=""3400"" ThreadID=""4208""/>
    <Channel>Microsoft-Windows-Sysmon/Operational</Channel>
    <Computer>WinDev2309Eval</Computer>
    <Security UserID=""S-1-5-18""/>
  </System>
  <EventData>
    <Data Name=""RuleName"">T1122</Data>
    <Data Name=""EventType"">SetValue</Data>
    <Data Name=""UtcTime"">2023-12-19 22:46:58.780</Data>
    <Data Name=""ProcessGuid"">{f57bd86a-1d61-6582-d500-000000000d00}</Data>
    <Data Name=""ProcessId"">7048</Data>
    <Data Name=""Image"">C:\Users\User\AppData\Local\Microsoft\OneDrive\OneDrive.exe</Data>
    <Data Name=""TargetObject"">HKU\S-1-5-21-2835251196-2691927458-378326815-1000_Classes\WOW6432Node\CLSID\{1BF42E4C-4AF4-4CFD-A1A0-CF2960B8F63E}\InprocServer32\(Default)</Data>
    <Data Name=""Details"">C:\Users\User\AppData\Local\Microsoft\OneDrive\23.246.1127.0002\i386\FileSyncShell.dll</Data>
    <Data Name=""User"">WINDEV2309EVAL\User</Data>
  </EventData>
</Event>
"
Microsoft-Windows-Sysmon/Operational,,,WinDev2309Eval,,,,,,,,,C:\Users\User\AppData\Local\Microsoft\OneDrive\23.246.1127.0002\FileSyncShell64.dll,13,4646,SetValue,,,C:\Users\User\AppData\Local\Microsoft\OneDrive\OneDrive.exe,,,0x8000000000000000,4,,,,,0,,,,,,,{f57bd86a-1d61-6582-d500-000000000d00},3400,7048.0,,,,,,T1122,,,,,,,,,,,,,2023-12-19T22:46:58.7958167Z,,,HKU\S-1-5-21-2835251196-2691927458-378326815-1000_Classes\CLSID\{1BF42E4C-4AF4-4CFD-A1A0-CF2960B8F63E}\InprocServer32\(Default),,,,13,,4208,WINDEV2309EVAL\User,S-1-5-18,46:58.8,2.0,"<Event xmlns=""http://schemas.microsoft.com/win/2004/08/events/event"">
  <System>
    <Provider Name=""Microsoft-Windows-Sysmon"" Guid=""{5770385f-c22a-43e0-bf4c-06f5698ffbd9}""/>
    <EventID>13</EventID>
    <Version>2</Version>
    <Level>4</Level>
    <Task>13</Task>
    <Opcode>0</Opcode>
    <Keywords>0x8000000000000000</Keywords>
    <TimeCreated SystemTime=""2023-12-19T22:46:58.7958167Z""/>
    <EventRecordID>4646</EventRecordID>
    <Correlation/>
    <Execution ProcessID=""3400"" ThreadID=""4208""/>
    <Channel>Microsoft-Windows-Sysmon/Operational</Channel>
    <Computer>WinDev2309Eval</Computer>
    <Security UserID=""S-1-5-18""/>
  </System>
  <EventData>
    <Data Name=""RuleName"">T1122</Data>
    <Data Name=""EventType"">SetValue</Data>
    <Data Name=""UtcTime"">2023-12-19 22:46:58.780</Data>
    <Data Name=""ProcessGuid"">{f57bd86a-1d61-6582-d500-000000000d00}</Data>
    <Data Name=""ProcessId"">7048</Data>
    <Data Name=""Image"">C:\Users\User\AppData\Local\Microsoft\OneDrive\OneDrive.exe</Data>
    <Data Name=""TargetObject"">HKU\S-1-5-21-2835251196-2691927458-378326815-1000_Classes\CLSID\{1BF42E4C-4AF4-4CFD-A1A0-CF2960B8F63E}\InprocServer32\(Default)</Data>
    <Data Name=""Details"">C:\Users\User\AppData\Local\Microsoft\OneDrive\23.246.1127.0002\FileSyncShell64.dll</Data>
    <Data Name=""User"">WINDEV2309EVAL\User</Data>
  </EventData>
</Event>
"
Microsoft-Windows-Sysmon/Operational,,,WinDev2309Eval,,,,,,,,,C:\Users\User\AppData\Local\Microsoft\OneDrive\23.246.1127.0002\i386\FileSyncShell.dll,13,4645,SetValue,,,C:\Users\User\AppData\Local\Microsoft\OneDrive\OneDrive.exe,,,0x8000000000000000,4,,,,,0,,,,,,,{f57bd86a-1d61-6582-d500-000000000d00},3400,7048.0,,,,,,T1122,,,,,,,,,,,,,2023-12-19T22:46:58.7952153Z,,,HKU\S-1-5-21-2835251196-2691927458-378326815-1000_Classes\WOW6432Node\CLSID\{82CA8DE3-01AD-4CEA-9D75-BE4C51810A9E}\InprocServer32\(Default),,,,13,,4208,WINDEV2309EVAL\User,S-1-5-18,46:58.8,2.0,"<Event xmlns=""http://schemas.microsoft.com/win/2004/08/events/event"">
  <System>
    <Provider Name=""Microsoft-Windows-Sysmon"" Guid=""{5770385f-c22a-43e0-bf4c-06f5698ffbd9}""/>
    <EventID>13</EventID>
    <Version>2</Version>
    <Level>4</Level>
    <Task>13</Task>
    <Opcode>0</Opcode>
    <Keywords>0x8000000000000000</Keywords>
    <TimeCreated SystemTime=""2023-12-19T22:46:58.7952153Z""/>
    <EventRecordID>4645</EventRecordID>
    <Correlation/>
    <Execution ProcessID=""3400"" ThreadID=""4208""/>
    <Channel>Microsoft-Windows-Sysmon/Operational</Channel>
    <Computer>WinDev2309Eval</Computer>
    <Security UserID=""S-1-5-18""/>
  </System>
  <EventData>
    <Data Name=""RuleName"">T1122</Data>
    <Data Name=""EventType"">SetValue</Data>
    <Data Name=""UtcTime"">2023-12-19 22:46:58.780</Data>
    <Data Name=""ProcessGuid"">{f57bd86a-1d61-6582-d500-000000000d00}</Data>
    <Data Name=""ProcessId"">7048</Data>
    <Data Name=""Image"">C:\Users\User\AppData\Local\Microsoft\OneDrive\OneDrive.exe</Data>
    <Data Name=""TargetObject"">HKU\S-1-5-21-2835251196-2691927458-378326815-1000_Classes\WOW6432Node\CLSID\{82CA8DE3-01AD-4CEA-9D75-BE4C51810A9E}\InprocServer32\(Default)</Data>
    <Data Name=""Details"">C:\Users\User\AppData\Local\Microsoft\OneDrive\23.246.1127.0002\i386\FileSyncShell.dll</Data>
    <Data Name=""User"">WINDEV2309EVAL\User</Data>
  </EventData>
</Event>
"
Microsoft-Windows-Sysmon/Operational,,,WinDev2309Eval,,,,,,,,,C:\Users\User\AppData\Local\Microsoft\OneDrive\23.246.1127.0002\FileSyncShell64.dll,13,4644,SetValue,,,C:\Users\User\AppData\Local\Microsoft\OneDrive\OneDrive.exe,,,0x8000000000000000,4,,,,,0,,,,,,,{f57bd86a-1d61-6582-d500-000000000d00},3400,7048.0,,,,,,T1122,,,,,,,,,,,,,2023-12-19T22:46:58.7950782Z,,,HKU\S-1-5-21-2835251196-2691927458-378326815-1000_Classes\CLSID\{82CA8DE3-01AD-4CEA-9D75-BE4C51810A9E}\InprocServer32\(Default),,,,13,,4208,WINDEV2309EVAL\User,S-1-5-18,46:58.8,2.0,"<Event xmlns=""http://schemas.microsoft.com/win/2004/08/events/event"">
  <System>
    <Provider Name=""Microsoft-Windows-Sysmon"" Guid=""{5770385f-c22a-43e0-bf4c-06f5698ffbd9}""/>
    <EventID>13</EventID>
    <Version>2</Version>
    <Level>4</Level>
    <Task>13</Task>
    <Opcode>0</Opcode>
    <Keywords>0x8000000000000000</Keywords>
    <TimeCreated SystemTime=""2023-12-19T22:46:58.7950782Z""/>
    <EventRecordID>4644</EventRecordID>
    <Correlation/>
    <Execution ProcessID=""3400"" ThreadID=""4208""/>
    <Channel>Microsoft-Windows-Sysmon/Operational</Channel>
    <Computer>WinDev2309Eval</Computer>
    <Security UserID=""S-1-5-18""/>
  </System>
  <EventData>
    <Data Name=""RuleName"">T1122</Data>
    <Data Name=""EventType"">SetValue</Data>
    <Data Name=""UtcTime"">2023-12-19 22:46:58.780</Data>
    <Data Name=""ProcessGuid"">{f57bd86a-1d61-6582-d500-000000000d00}</Data>
    <Data Name=""ProcessId"">7048</Data>
    <Data Name=""Image"">C:\Users\User\AppData\Local\Microsoft\OneDrive\OneDrive.exe</Data>
    <Data Name=""TargetObject"">HKU\S-1-5-21-2835251196-2691927458-378326815-1000_Classes\CLSID\{82CA8DE3-01AD-4CEA-9D75-BE4C51810A9E}\InprocServer32\(Default)</Data>
    <Data Name=""Details"">C:\Users\User\AppData\Local\Microsoft\OneDrive\23.246.1127.0002\FileSyncShell64.dll</Data>
    <Data Name=""User"">WINDEV2309EVAL\User</Data>
  </EventData>
</Event>
"
Microsoft-Windows-Sysmon/Operational,,,WinDev2309Eval,,,,,,,,,C:\Users\User\AppData\Local\Microsoft\OneDrive\23.246.1127.0002\i386\FileSyncShell.dll,13,4643,SetValue,,,C:\Users\User\AppData\Local\Microsoft\OneDrive\OneDrive.exe,,,0x8000000000000000,4,,,,,0,,,,,,,{f57bd86a-1d61-6582-d500-000000000d00},3400,7048.0,,,,,,T1122,,,,,,,,,,,,,2023-12-19T22:46:58.7944980Z,,,HKU\S-1-5-21-2835251196-2691927458-378326815-1000_Classes\WOW6432Node\CLSID\{7AFDFDDB-F914-11E4-8377-6C3BE50D980C}\InprocServer32\(Default),,,,13,,4208,WINDEV2309EVAL\User,S-1-5-18,46:58.8,2.0,"<Event xmlns=""http://schemas.microsoft.com/win/2004/08/events/event"">
  <System>
    <Provider Name=""Microsoft-Windows-Sysmon"" Guid=""{5770385f-c22a-43e0-bf4c-06f5698ffbd9}""/>
    <EventID>13</EventID>
    <Version>2</Version>
    <Level>4</Level>
    <Task>13</Task>
    <Opcode>0</Opcode>
    <Keywords>0x8000000000000000</Keywords>
    <TimeCreated SystemTime=""2023-12-19T22:46:58.7944980Z""/>
    <EventRecordID>4643</EventRecordID>
    <Correlation/>
    <Execution ProcessID=""3400"" ThreadID=""4208""/>
    <Channel>Microsoft-Windows-Sysmon/Operational</Channel>
    <Computer>WinDev2309Eval</Computer>
    <Security UserID=""S-1-5-18""/>
  </System>
  <EventData>
    <Data Name=""RuleName"">T1122</Data>
    <Data Name=""EventType"">SetValue</Data>
    <Data Name=""UtcTime"">2023-12-19 22:46:58.780</Data>
    <Data Name=""ProcessGuid"">{f57bd86a-1d61-6582-d500-000000000d00}</Data>
    <Data Name=""ProcessId"">7048</Data>
    <Data Name=""Image"">C:\Users\User\AppData\Local\Microsoft\OneDrive\OneDrive.exe</Data>
    <Data Name=""TargetObject"">HKU\S-1-5-21-2835251196-2691927458-378326815-1000_Classes\WOW6432Node\CLSID\{7AFDFDDB-F914-11E4-8377-6C3BE50D980C}\InprocServer32\(Default)</Data>
    <Data Name=""Details"">C:\Users\User\AppData\Local\Microsoft\OneDrive\23.246.1127.0002\i386\FileSyncShell.dll</Data>
    <Data Name=""User"">WINDEV2309EVAL\User</Data>
  </EventData>
</Event>
"
Microsoft-Windows-Sysmon/Operational,,,WinDev2309Eval,,,,,,,,,C:\Users\User\AppData\Local\Microsoft\OneDrive\23.246.1127.0002\FileSyncShell64.dll,13,4642,SetValue,,,C:\Users\User\AppData\Local\Microsoft\OneDrive\OneDrive.exe,,,0x8000000000000000,4,,,,,0,,,,,,,{f57bd86a-1d61-6582-d500-000000000d00},3400,7048.0,,,,,,T1122,,,,,,,,,,,,,2023-12-19T22:46:58.7943590Z,,,HKU\S-1-5-21-2835251196-2691927458-378326815-1000_Classes\CLSID\{7AFDFDDB-F914-11E4-8377-6C3BE50D980C}\InprocServer32\(Default),,,,13,,4208,WINDEV2309EVAL\User,S-1-5-18,46:58.8,2.0,"<Event xmlns=""http://schemas.microsoft.com/win/2004/08/events/event"">
  <System>
    <Provider Name=""Microsoft-Windows-Sysmon"" Guid=""{5770385f-c22a-43e0-bf4c-06f5698ffbd9}""/>
    <EventID>13</EventID>
    <Version>2</Version>
    <Level>4</Level>
    <Task>13</Task>
    <Opcode>0</Opcode>
    <Keywords>0x8000000000000000</Keywords>
    <TimeCreated SystemTime=""2023-12-19T22:46:58.7943590Z""/>
    <EventRecordID>4642</EventRecordID>
    <Correlation/>
    <Execution ProcessID=""3400"" ThreadID=""4208""/>
    <Channel>Microsoft-Windows-Sysmon/Operational</Channel>
    <Computer>WinDev2309Eval</Computer>
    <Security UserID=""S-1-5-18""/>
  </System>
  <EventData>
    <Data Name=""RuleName"">T1122</Data>
    <Data Name=""EventType"">SetValue</Data>
    <Data Name=""UtcTime"">2023-12-19 22:46:58.780</Data>
    <Data Name=""ProcessGuid"">{f57bd86a-1d61-6582-d500-000000000d00}</Data>
    <Data Name=""ProcessId"">7048</Data>
    <Data Name=""Image"">C:\Users\User\AppData\Local\Microsoft\OneDrive\OneDrive.exe</Data>
    <Data Name=""TargetObject"">HKU\S-1-5-21-2835251196-2691927458-378326815-1000_Classes\CLSID\{7AFDFDDB-F914-11E4-8377-6C3BE50D980C}\InprocServer32\(Default)</Data>
    <Data Name=""Details"">C:\Users\User\AppData\Local\Microsoft\OneDrive\23.246.1127.0002\FileSyncShell64.dll</Data>
    <Data Name=""User"">WINDEV2309EVAL\User</Data>
  </EventData>
</Event>
"
Microsoft-Windows-Sysmon/Operational,,,WinDev2309Eval,,,,,,,,,C:\Users\User\AppData\Local\Microsoft\OneDrive\23.246.1127.0002\i386\FileSyncShell.dll,13,4641,SetValue,,,C:\Users\User\AppData\Local\Microsoft\OneDrive\OneDrive.exe,,,0x8000000000000000,4,,,,,0,,,,,,,{f57bd86a-1d61-6582-d500-000000000d00},3400,7048.0,,,,,,T1122,,,,,,,,,,,,,2023-12-19T22:46:58.7937688Z,,,HKU\S-1-5-21-2835251196-2691927458-378326815-1000_Classes\WOW6432Node\CLSID\{C5FF006E-2AE9-408C-B85B-2DFDD5449D9C}\InprocServer32\(Default),,,,13,,4208,WINDEV2309EVAL\User,S-1-5-18,46:58.8,2.0,"<Event xmlns=""http://schemas.microsoft.com/win/2004/08/events/event"">
  <System>
    <Provider Name=""Microsoft-Windows-Sysmon"" Guid=""{5770385f-c22a-43e0-bf4c-06f5698ffbd9}""/>
    <EventID>13</EventID>
    <Version>2</Version>
    <Level>4</Level>
    <Task>13</Task>
    <Opcode>0</Opcode>
    <Keywords>0x8000000000000000</Keywords>
    <TimeCreated SystemTime=""2023-12-19T22:46:58.7937688Z""/>
    <EventRecordID>4641</EventRecordID>
    <Correlation/>
    <Execution ProcessID=""3400"" ThreadID=""4208""/>
    <Channel>Microsoft-Windows-Sysmon/Operational</Channel>
    <Computer>WinDev2309Eval</Computer>
    <Security UserID=""S-1-5-18""/>
  </System>
  <EventData>
    <Data Name=""RuleName"">T1122</Data>
    <Data Name=""EventType"">SetValue</Data>
    <Data Name=""UtcTime"">2023-12-19 22:46:58.780</Data>
    <Data Name=""ProcessGuid"">{f57bd86a-1d61-6582-d500-000000000d00}</Data>
    <Data Name=""ProcessId"">7048</Data>
    <Data Name=""Image"">C:\Users\User\AppData\Local\Microsoft\OneDrive\OneDrive.exe</Data>
    <Data Name=""TargetObject"">HKU\S-1-5-21-2835251196-2691927458-378326815-1000_Classes\WOW6432Node\CLSID\{C5FF006E-2AE9-408C-B85B-2DFDD5449D9C}\InprocServer32\(Default)</Data>
    <Data Name=""Details"">C:\Users\User\AppData\Local\Microsoft\OneDrive\23.246.1127.0002\i386\FileSyncShell.dll</Data>
    <Data Name=""User"">WINDEV2309EVAL\User</Data>
  </EventData>
</Event>
"
Microsoft-Windows-Sysmon/Operational,,,WinDev2309Eval,,,,,,,,,C:\Users\User\AppData\Local\Microsoft\OneDrive\23.246.1127.0002\FileSyncShell64.dll,13,4640,SetValue,,,C:\Users\User\AppData\Local\Microsoft\OneDrive\OneDrive.exe,,,0x8000000000000000,4,,,,,0,,,,,,,{f57bd86a-1d61-6582-d500-000000000d00},3400,7048.0,,,,,,T1122,,,,,,,,,,,,,2023-12-19T22:46:58.7936297Z,,,HKU\S-1-5-21-2835251196-2691927458-378326815-1000_Classes\CLSID\{C5FF006E-2AE9-408C-B85B-2DFDD5449D9C}\InprocServer32\(Default),,,,13,,4208,WINDEV2309EVAL\User,S-1-5-18,46:58.8,2.0,"<Event xmlns=""http://schemas.microsoft.com/win/2004/08/events/event"">
  <System>
    <Provider Name=""Microsoft-Windows-Sysmon"" Guid=""{5770385f-c22a-43e0-bf4c-06f5698ffbd9}""/>
    <EventID>13</EventID>
    <Version>2</Version>
    <Level>4</Level>
    <Task>13</Task>
    <Opcode>0</Opcode>
    <Keywords>0x8000000000000000</Keywords>
    <TimeCreated SystemTime=""2023-12-19T22:46:58.7936297Z""/>
    <EventRecordID>4640</EventRecordID>
    <Correlation/>
    <Execution ProcessID=""3400"" ThreadID=""4208""/>
    <Channel>Microsoft-Windows-Sysmon/Operational</Channel>
    <Computer>WinDev2309Eval</Computer>
    <Security UserID=""S-1-5-18""/>
  </System>
  <EventData>
    <Data Name=""RuleName"">T1122</Data>
    <Data Name=""EventType"">SetValue</Data>
    <Data Name=""UtcTime"">2023-12-19 22:46:58.780</Data>
    <Data Name=""ProcessGuid"">{f57bd86a-1d61-6582-d500-000000000d00}</Data>
    <Data Name=""ProcessId"">7048</Data>
    <Data Name=""Image"">C:\Users\User\AppData\Local\Microsoft\OneDrive\OneDrive.exe</Data>
    <Data Name=""TargetObject"">HKU\S-1-5-21-2835251196-2691927458-378326815-1000_Classes\CLSID\{C5FF006E-2AE9-408C-B85B-2DFDD5449D9C}\InprocServer32\(Default)</Data>
    <Data Name=""Details"">C:\Users\User\AppData\Local\Microsoft\OneDrive\23.246.1127.0002\FileSyncShell64.dll</Data>
    <Data Name=""User"">WINDEV2309EVAL\User</Data>
  </EventData>
</Event>
"
Microsoft-Windows-Sysmon/Operational,,,WinDev2309Eval,,,,,,,,,C:\Users\User\AppData\Local\Microsoft\OneDrive\23.246.1127.0002\i386\FileSyncShell.dll,13,4639,SetValue,,,C:\Users\User\AppData\Local\Microsoft\OneDrive\OneDrive.exe,,,0x8000000000000000,4,,,,,0,,,,,,,{f57bd86a-1d61-6582-d500-000000000d00},3400,7048.0,,,,,,T1122,,,,,,,,,,,,,2023-12-19T22:46:58.7930074Z,,,HKU\S-1-5-21-2835251196-2691927458-378326815-1000_Classes\WOW6432Node\CLSID\{9AA2F32D-362A-42D9-9328-24A483E2CCC3}\InprocServer32\(Default),,,,13,,4208,WINDEV2309EVAL\User,S-1-5-18,46:58.8,2.0,"<Event xmlns=""http://schemas.microsoft.com/win/2004/08/events/event"">
  <System>
    <Provider Name=""Microsoft-Windows-Sysmon"" Guid=""{5770385f-c22a-43e0-bf4c-06f5698ffbd9}""/>
    <EventID>13</EventID>
    <Version>2</Version>
    <Level>4</Level>
    <Task>13</Task>
    <Opcode>0</Opcode>
    <Keywords>0x8000000000000000</Keywords>
    <TimeCreated SystemTime=""2023-12-19T22:46:58.7930074Z""/>
    <EventRecordID>4639</EventRecordID>
    <Correlation/>
    <Execution ProcessID=""3400"" ThreadID=""4208""/>
    <Channel>Microsoft-Windows-Sysmon/Operational</Channel>
    <Computer>WinDev2309Eval</Computer>
    <Security UserID=""S-1-5-18""/>
  </System>
  <EventData>
    <Data Name=""RuleName"">T1122</Data>
    <Data Name=""EventType"">SetValue</Data>
    <Data Name=""UtcTime"">2023-12-19 22:46:58.780</Data>
    <Data Name=""ProcessGuid"">{f57bd86a-1d61-6582-d500-000000000d00}</Data>
    <Data Name=""ProcessId"">7048</Data>
    <Data Name=""Image"">C:\Users\User\AppData\Local\Microsoft\OneDrive\OneDrive.exe</Data>
    <Data Name=""TargetObject"">HKU\S-1-5-21-2835251196-2691927458-378326815-1000_Classes\WOW6432Node\CLSID\{9AA2F32D-362A-42D9-9328-24A483E2CCC3}\InprocServer32\(Default)</Data>
    <Data Name=""Details"">C:\Users\User\AppData\Local\Microsoft\OneDrive\23.246.1127.0002\i386\FileSyncShell.dll</Data>
    <Data Name=""User"">WINDEV2309EVAL\User</Data>
  </EventData>
</Event>
"
Microsoft-Windows-Sysmon/Operational,,,WinDev2309Eval,,,,,,,,,C:\Users\User\AppData\Local\Microsoft\OneDrive\23.246.1127.0002\FileSyncShell64.dll,13,4638,SetValue,,,C:\Users\User\AppData\Local\Microsoft\OneDrive\OneDrive.exe,,,0x8000000000000000,4,,,,,0,,,,,,,{f57bd86a-1d61-6582-d500-000000000d00},3400,7048.0,,,,,,T1122,,,,,,,,,,,,,2023-12-19T22:46:58.7929531Z,,,HKU\S-1-5-21-2835251196-2691927458-378326815-1000_Classes\CLSID\{9AA2F32D-362A-42D9-9328-24A483E2CCC3}\InprocServer32\(Default),,,,13,,4208,WINDEV2309EVAL\User,S-1-5-18,46:58.8,2.0,"<Event xmlns=""http://schemas.microsoft.com/win/2004/08/events/event"">
  <System>
    <Provider Name=""Microsoft-Windows-Sysmon"" Guid=""{5770385f-c22a-43e0-bf4c-06f5698ffbd9}""/>
    <EventID>13</EventID>
    <Version>2</Version>
    <Level>4</Level>
    <Task>13</Task>
    <Opcode>0</Opcode>
    <Keywords>0x8000000000000000</Keywords>
    <TimeCreated SystemTime=""2023-12-19T22:46:58.7929531Z""/>
    <EventRecordID>4638</EventRecordID>
    <Correlation/>
    <Execution ProcessID=""3400"" ThreadID=""4208""/>
    <Channel>Microsoft-Windows-Sysmon/Operational</Channel>
    <Computer>WinDev2309Eval</Computer>
    <Security UserID=""S-1-5-18""/>
  </System>
  <EventData>
    <Data Name=""RuleName"">T1122</Data>
    <Data Name=""EventType"">SetValue</Data>
    <Data Name=""UtcTime"">2023-12-19 22:46:58.780</Data>
    <Data Name=""ProcessGuid"">{f57bd86a-1d61-6582-d500-000000000d00}</Data>
    <Data Name=""ProcessId"">7048</Data>
    <Data Name=""Image"">C:\Users\User\AppData\Local\Microsoft\OneDrive\OneDrive.exe</Data>
    <Data Name=""TargetObject"">HKU\S-1-5-21-2835251196-2691927458-378326815-1000_Classes\CLSID\{9AA2F32D-362A-42D9-9328-24A483E2CCC3}\InprocServer32\(Default)</Data>
    <Data Name=""Details"">C:\Users\User\AppData\Local\Microsoft\OneDrive\23.246.1127.0002\FileSyncShell64.dll</Data>
    <Data Name=""User"">WINDEV2309EVAL\User</Data>
  </EventData>
</Event>
"
Microsoft-Windows-Sysmon/Operational,,,WinDev2309Eval,,,,,,,,,C:\Users\User\AppData\Local\Microsoft\OneDrive\23.246.1127.0002\i386\FileSyncShell.dll,13,4637,SetValue,,,C:\Users\User\AppData\Local\Microsoft\OneDrive\OneDrive.exe,,,0x8000000000000000,4,,,,,0,,,,,,,{f57bd86a-1d61-6582-d500-000000000d00},3400,7048.0,,,,,,T1122,,,,,,,,,,,,,2023-12-19T22:46:58.7922696Z,,,HKU\S-1-5-21-2835251196-2691927458-378326815-1000_Classes\WOW6432Node\CLSID\{F241C880-6982-4CE5-8CF7-7085BA96DA5A}\InprocServer32\(Default),,,,13,,4208,WINDEV2309EVAL\User,S-1-5-18,46:58.8,2.0,"<Event xmlns=""http://schemas.microsoft.com/win/2004/08/events/event"">
  <System>
    <Provider Name=""Microsoft-Windows-Sysmon"" Guid=""{5770385f-c22a-43e0-bf4c-06f5698ffbd9}""/>
    <EventID>13</EventID>
    <Version>2</Version>
    <Level>4</Level>
    <Task>13</Task>
    <Opcode>0</Opcode>
    <Keywords>0x8000000000000000</Keywords>
    <TimeCreated SystemTime=""2023-12-19T22:46:58.7922696Z""/>
    <EventRecordID>4637</EventRecordID>
    <Correlation/>
    <Execution ProcessID=""3400"" ThreadID=""4208""/>
    <Channel>Microsoft-Windows-Sysmon/Operational</Channel>
    <Computer>WinDev2309Eval</Computer>
    <Security UserID=""S-1-5-18""/>
  </System>
  <EventData>
    <Data Name=""RuleName"">T1122</Data>
    <Data Name=""EventType"">SetValue</Data>
    <Data Name=""UtcTime"">2023-12-19 22:46:58.780</Data>
    <Data Name=""ProcessGuid"">{f57bd86a-1d61-6582-d500-000000000d00}</Data>
    <Data Name=""ProcessId"">7048</Data>
    <Data Name=""Image"">C:\Users\User\AppData\Local\Microsoft\OneDrive\OneDrive.exe</Data>
    <Data Name=""TargetObject"">HKU\S-1-5-21-2835251196-2691927458-378326815-1000_Classes\WOW6432Node\CLSID\{F241C880-6982-4CE5-8CF7-7085BA96DA5A}\InprocServer32\(Default)</Data>
    <Data Name=""Details"">C:\Users\User\AppData\Local\Microsoft\OneDrive\23.246.1127.0002\i386\FileSyncShell.dll</Data>
    <Data Name=""User"">WINDEV2309EVAL\User</Data>
  </EventData>
</Event>
"
Microsoft-Windows-Sysmon/Operational,,,WinDev2309Eval,,,,,,,,,C:\Users\User\AppData\Local\Microsoft\OneDrive\23.246.1127.0002\FileSyncShell64.dll,13,4636,SetValue,,,C:\Users\User\AppData\Local\Microsoft\OneDrive\OneDrive.exe,,,0x8000000000000000,4,,,,,0,,,,,,,{f57bd86a-1d61-6582-d500-000000000d00},3400,7048.0,,,,,,T1122,,,,,,,,,,,,,2023-12-19T22:46:58.7922145Z,,,HKU\S-1-5-21-2835251196-2691927458-378326815-1000_Classes\CLSID\{F241C880-6982-4CE5-8CF7-7085BA96DA5A}\InprocServer32\(Default),,,,13,,4208,WINDEV2309EVAL\User,S-1-5-18,46:58.8,2.0,"<Event xmlns=""http://schemas.microsoft.com/win/2004/08/events/event"">
  <System>
    <Provider Name=""Microsoft-Windows-Sysmon"" Guid=""{5770385f-c22a-43e0-bf4c-06f5698ffbd9}""/>
    <EventID>13</EventID>
    <Version>2</Version>
    <Level>4</Level>
    <Task>13</Task>
    <Opcode>0</Opcode>
    <Keywords>0x8000000000000000</Keywords>
    <TimeCreated SystemTime=""2023-12-19T22:46:58.7922145Z""/>
    <EventRecordID>4636</EventRecordID>
    <Correlation/>
    <Execution ProcessID=""3400"" ThreadID=""4208""/>
    <Channel>Microsoft-Windows-Sysmon/Operational</Channel>
    <Computer>WinDev2309Eval</Computer>
    <Security UserID=""S-1-5-18""/>
  </System>
  <EventData>
    <Data Name=""RuleName"">T1122</Data>
    <Data Name=""EventType"">SetValue</Data>
    <Data Name=""UtcTime"">2023-12-19 22:46:58.780</Data>
    <Data Name=""ProcessGuid"">{f57bd86a-1d61-6582-d500-000000000d00}</Data>
    <Data Name=""ProcessId"">7048</Data>
    <Data Name=""Image"">C:\Users\User\AppData\Local\Microsoft\OneDrive\OneDrive.exe</Data>
    <Data Name=""TargetObject"">HKU\S-1-5-21-2835251196-2691927458-378326815-1000_Classes\CLSID\{F241C880-6982-4CE5-8CF7-7085BA96DA5A}\InprocServer32\(Default)</Data>
    <Data Name=""Details"">C:\Users\User\AppData\Local\Microsoft\OneDrive\23.246.1127.0002\FileSyncShell64.dll</Data>
    <Data Name=""User"">WINDEV2309EVAL\User</Data>
  </EventData>
</Event>
"
Microsoft-Windows-Sysmon/Operational,,,WinDev2309Eval,,,,,,,,,C:\Users\User\AppData\Local\Microsoft\OneDrive\23.246.1127.0002\i386\FileSyncShell.dll,13,4635,SetValue,,,C:\Users\User\AppData\Local\Microsoft\OneDrive\OneDrive.exe,,,0x8000000000000000,4,,,,,0,,,,,,,{f57bd86a-1d61-6582-d500-000000000d00},3400,7048.0,,,,,,T1122,,,,,,,,,,,,,2023-12-19T22:46:58.7914958Z,,,HKU\S-1-5-21-2835251196-2691927458-378326815-1000_Classes\WOW6432Node\CLSID\{A0396A93-DC06-4AEF-BEE9-95FFCCAEF20E}\InprocServer32\(Default),,,,13,,4208,WINDEV2309EVAL\User,S-1-5-18,46:58.8,2.0,"<Event xmlns=""http://schemas.microsoft.com/win/2004/08/events/event"">
  <System>
    <Provider Name=""Microsoft-Windows-Sysmon"" Guid=""{5770385f-c22a-43e0-bf4c-06f5698ffbd9}""/>
    <EventID>13</EventID>
    <Version>2</Version>
    <Level>4</Level>
    <Task>13</Task>
    <Opcode>0</Opcode>
    <Keywords>0x8000000000000000</Keywords>
    <TimeCreated SystemTime=""2023-12-19T22:46:58.7914958Z""/>
    <EventRecordID>4635</EventRecordID>
    <Correlation/>
    <Execution ProcessID=""3400"" ThreadID=""4208""/>
    <Channel>Microsoft-Windows-Sysmon/Operational</Channel>
    <Computer>WinDev2309Eval</Computer>
    <Security UserID=""S-1-5-18""/>
  </System>
  <EventData>
    <Data Name=""RuleName"">T1122</Data>
    <Data Name=""EventType"">SetValue</Data>
    <Data Name=""UtcTime"">2023-12-19 22:46:58.780</Data>
    <Data Name=""ProcessGuid"">{f57bd86a-1d61-6582-d500-000000000d00}</Data>
    <Data Name=""ProcessId"">7048</Data>
    <Data Name=""Image"">C:\Users\User\AppData\Local\Microsoft\OneDrive\OneDrive.exe</Data>
    <Data Name=""TargetObject"">HKU\S-1-5-21-2835251196-2691927458-378326815-1000_Classes\WOW6432Node\CLSID\{A0396A93-DC06-4AEF-BEE9-95FFCCAEF20E}\InprocServer32\(Default)</Data>
    <Data Name=""Details"">C:\Users\User\AppData\Local\Microsoft\OneDrive\23.246.1127.0002\i386\FileSyncShell.dll</Data>
    <Data Name=""User"">WINDEV2309EVAL\User</Data>
  </EventData>
</Event>
"
Microsoft-Windows-Sysmon/Operational,,,WinDev2309Eval,,,,,,,,,C:\Users\User\AppData\Local\Microsoft\OneDrive\23.246.1127.0002\FileSyncShell64.dll,13,4634,SetValue,,,C:\Users\User\AppData\Local\Microsoft\OneDrive\OneDrive.exe,,,0x8000000000000000,4,,,,,0,,,,,,,{f57bd86a-1d61-6582-d500-000000000d00},3400,7048.0,,,,,,T1122,,,,,,,,,,,,,2023-12-19T22:46:58.7913563Z,,,HKU\S-1-5-21-2835251196-2691927458-378326815-1000_Classes\CLSID\{A0396A93-DC06-4AEF-BEE9-95FFCCAEF20E}\InprocServer32\(Default),,,,13,,4208,WINDEV2309EVAL\User,S-1-5-18,46:58.8,2.0,"<Event xmlns=""http://schemas.microsoft.com/win/2004/08/events/event"">
  <System>
    <Provider Name=""Microsoft-Windows-Sysmon"" Guid=""{5770385f-c22a-43e0-bf4c-06f5698ffbd9}""/>
    <EventID>13</EventID>
    <Version>2</Version>
    <Level>4</Level>
    <Task>13</Task>
    <Opcode>0</Opcode>
    <Keywords>0x8000000000000000</Keywords>
    <TimeCreated SystemTime=""2023-12-19T22:46:58.7913563Z""/>
    <EventRecordID>4634</EventRecordID>
    <Correlation/>
    <Execution ProcessID=""3400"" ThreadID=""4208""/>
    <Channel>Microsoft-Windows-Sysmon/Operational</Channel>
    <Computer>WinDev2309Eval</Computer>
    <Security UserID=""S-1-5-18""/>
  </System>
  <EventData>
    <Data Name=""RuleName"">T1122</Data>
    <Data Name=""EventType"">SetValue</Data>
    <Data Name=""UtcTime"">2023-12-19 22:46:58.780</Data>
    <Data Name=""ProcessGuid"">{f57bd86a-1d61-6582-d500-000000000d00}</Data>
    <Data Name=""ProcessId"">7048</Data>
    <Data Name=""Image"">C:\Users\User\AppData\Local\Microsoft\OneDrive\OneDrive.exe</Data>
    <Data Name=""TargetObject"">HKU\S-1-5-21-2835251196-2691927458-378326815-1000_Classes\CLSID\{A0396A93-DC06-4AEF-BEE9-95FFCCAEF20E}\InprocServer32\(Default)</Data>
    <Data Name=""Details"">C:\Users\User\AppData\Local\Microsoft\OneDrive\23.246.1127.0002\FileSyncShell64.dll</Data>
    <Data Name=""User"">WINDEV2309EVAL\User</Data>
  </EventData>
</Event>
"
Microsoft-Windows-Sysmon/Operational,,,WinDev2309Eval,,,,,,,,,C:\Users\User\AppData\Local\Microsoft\OneDrive\23.246.1127.0002\i386\FileSyncShell.dll,13,4633,SetValue,,,C:\Users\User\AppData\Local\Microsoft\OneDrive\OneDrive.exe,,,0x8000000000000000,4,,,,,0,,,,,,,{f57bd86a-1d61-6582-d500-000000000d00},3400,7048.0,,,,,,T1122,,,,,,,,,,,,,2023-12-19T22:46:58.7907653Z,,,HKU\S-1-5-21-2835251196-2691927458-378326815-1000_Classes\WOW6432Node\CLSID\{A78ED123-AB77-406B-9962-2A5D9D2F7F30}\InprocServer32\(Default),,,,13,,4208,WINDEV2309EVAL\User,S-1-5-18,46:58.8,2.0,"<Event xmlns=""http://schemas.microsoft.com/win/2004/08/events/event"">
  <System>
    <Provider Name=""Microsoft-Windows-Sysmon"" Guid=""{5770385f-c22a-43e0-bf4c-06f5698ffbd9}""/>
    <EventID>13</EventID>
    <Version>2</Version>
    <Level>4</Level>
    <Task>13</Task>
    <Opcode>0</Opcode>
    <Keywords>0x8000000000000000</Keywords>
    <TimeCreated SystemTime=""2023-12-19T22:46:58.7907653Z""/>
    <EventRecordID>4633</EventRecordID>
    <Correlation/>
    <Execution ProcessID=""3400"" ThreadID=""4208""/>
    <Channel>Microsoft-Windows-Sysmon/Operational</Channel>
    <Computer>WinDev2309Eval</Computer>
    <Security UserID=""S-1-5-18""/>
  </System>
  <EventData>
    <Data Name=""RuleName"">T1122</Data>
    <Data Name=""EventType"">SetValue</Data>
    <Data Name=""UtcTime"">2023-12-19 22:46:58.780</Data>
    <Data Name=""ProcessGuid"">{f57bd86a-1d61-6582-d500-000000000d00}</Data>
    <Data Name=""ProcessId"">7048</Data>
    <Data Name=""Image"">C:\Users\User\AppData\Local\Microsoft\OneDrive\OneDrive.exe</Data>
    <Data Name=""TargetObject"">HKU\S-1-5-21-2835251196-2691927458-378326815-1000_Classes\WOW6432Node\CLSID\{A78ED123-AB77-406B-9962-2A5D9D2F7F30}\InprocServer32\(Default)</Data>
    <Data Name=""Details"">C:\Users\User\AppData\Local\Microsoft\OneDrive\23.246.1127.0002\i386\FileSyncShell.dll</Data>
    <Data Name=""User"">WINDEV2309EVAL\User</Data>
  </EventData>
</Event>
"
Microsoft-Windows-Sysmon/Operational,,,WinDev2309Eval,,,,,,,,,C:\Users\User\AppData\Local\Microsoft\OneDrive\23.246.1127.0002\FileSyncShell64.dll,13,4632,SetValue,,,C:\Users\User\AppData\Local\Microsoft\OneDrive\OneDrive.exe,,,0x8000000000000000,4,,,,,0,,,,,,,{f57bd86a-1d61-6582-d500-000000000d00},3400,7048.0,,,,,,T1122,,,,,,,,,,,,,2023-12-19T22:46:58.7907110Z,,,HKU\S-1-5-21-2835251196-2691927458-378326815-1000_Classes\CLSID\{A78ED123-AB77-406B-9962-2A5D9D2F7F30}\InprocServer32\(Default),,,,13,,4208,WINDEV2309EVAL\User,S-1-5-18,46:58.8,2.0,"<Event xmlns=""http://schemas.microsoft.com/win/2004/08/events/event"">
  <System>
    <Provider Name=""Microsoft-Windows-Sysmon"" Guid=""{5770385f-c22a-43e0-bf4c-06f5698ffbd9}""/>
    <EventID>13</EventID>
    <Version>2</Version>
    <Level>4</Level>
    <Task>13</Task>
    <Opcode>0</Opcode>
    <Keywords>0x8000000000000000</Keywords>
    <TimeCreated SystemTime=""2023-12-19T22:46:58.7907110Z""/>
    <EventRecordID>4632</EventRecordID>
    <Correlation/>
    <Execution ProcessID=""3400"" ThreadID=""4208""/>
    <Channel>Microsoft-Windows-Sysmon/Operational</Channel>
    <Computer>WinDev2309Eval</Computer>
    <Security UserID=""S-1-5-18""/>
  </System>
  <EventData>
    <Data Name=""RuleName"">T1122</Data>
    <Data Name=""EventType"">SetValue</Data>
    <Data Name=""UtcTime"">2023-12-19 22:46:58.780</Data>
    <Data Name=""ProcessGuid"">{f57bd86a-1d61-6582-d500-000000000d00}</Data>
    <Data Name=""ProcessId"">7048</Data>
    <Data Name=""Image"">C:\Users\User\AppData\Local\Microsoft\OneDrive\OneDrive.exe</Data>
    <Data Name=""TargetObject"">HKU\S-1-5-21-2835251196-2691927458-378326815-1000_Classes\CLSID\{A78ED123-AB77-406B-9962-2A5D9D2F7F30}\InprocServer32\(Default)</Data>
    <Data Name=""Details"">C:\Users\User\AppData\Local\Microsoft\OneDrive\23.246.1127.0002\FileSyncShell64.dll</Data>
    <Data Name=""User"">WINDEV2309EVAL\User</Data>
  </EventData>
</Event>
"
Microsoft-Windows-Sysmon/Operational,,,WinDev2309Eval,,,,,,,,,C:\Users\User\AppData\Local\Microsoft\OneDrive\23.246.1127.0002\i386\FileSyncShell.dll,13,4631,SetValue,,,C:\Users\User\AppData\Local\Microsoft\OneDrive\OneDrive.exe,,,0x8000000000000000,4,,,,,0,,,,,,,{f57bd86a-1d61-6582-d500-000000000d00},3400,7048.0,,,,,,T1122,,,,,,,,,,,,,2023-12-19T22:46:58.7900870Z,,,HKU\S-1-5-21-2835251196-2691927458-378326815-1000_Classes\WOW6432Node\CLSID\{5AB7172C-9C11-405C-8DD5-AF20F3606282}\InprocServer32\(Default),,,,13,,4208,WINDEV2309EVAL\User,S-1-5-18,46:58.8,2.0,"<Event xmlns=""http://schemas.microsoft.com/win/2004/08/events/event"">
  <System>
    <Provider Name=""Microsoft-Windows-Sysmon"" Guid=""{5770385f-c22a-43e0-bf4c-06f5698ffbd9}""/>
    <EventID>13</EventID>
    <Version>2</Version>
    <Level>4</Level>
    <Task>13</Task>
    <Opcode>0</Opcode>
    <Keywords>0x8000000000000000</Keywords>
    <TimeCreated SystemTime=""2023-12-19T22:46:58.7900870Z""/>
    <EventRecordID>4631</EventRecordID>
    <Correlation/>
    <Execution ProcessID=""3400"" ThreadID=""4208""/>
    <Channel>Microsoft-Windows-Sysmon/Operational</Channel>
    <Computer>WinDev2309Eval</Computer>
    <Security UserID=""S-1-5-18""/>
  </System>
  <EventData>
    <Data Name=""RuleName"">T1122</Data>
    <Data Name=""EventType"">SetValue</Data>
    <Data Name=""UtcTime"">2023-12-19 22:46:58.780</Data>
    <Data Name=""ProcessGuid"">{f57bd86a-1d61-6582-d500-000000000d00}</Data>
    <Data Name=""ProcessId"">7048</Data>
    <Data Name=""Image"">C:\Users\User\AppData\Local\Microsoft\OneDrive\OneDrive.exe</Data>
    <Data Name=""TargetObject"">HKU\S-1-5-21-2835251196-2691927458-378326815-1000_Classes\WOW6432Node\CLSID\{5AB7172C-9C11-405C-8DD5-AF20F3606282}\InprocServer32\(Default)</Data>
    <Data Name=""Details"">C:\Users\User\AppData\Local\Microsoft\OneDrive\23.246.1127.0002\i386\FileSyncShell.dll</Data>
    <Data Name=""User"">WINDEV2309EVAL\User</Data>
  </EventData>
</Event>
"
Microsoft-Windows-Sysmon/Operational,,,WinDev2309Eval,,,,,,,,,C:\Users\User\AppData\Local\Microsoft\OneDrive\23.246.1127.0002\FileSyncShell64.dll,13,4630,SetValue,,,C:\Users\User\AppData\Local\Microsoft\OneDrive\OneDrive.exe,,,0x8000000000000000,4,,,,,0,,,,,,,{f57bd86a-1d61-6582-d500-000000000d00},3400,7048.0,,,,,,T1122,,,,,,,,,,,,,2023-12-19T22:46:58.7899502Z,,,HKU\S-1-5-21-2835251196-2691927458-378326815-1000_Classes\CLSID\{5AB7172C-9C11-405C-8DD5-AF20F3606282}\InprocServer32\(Default),,,,13,,4208,WINDEV2309EVAL\User,S-1-5-18,46:58.8,2.0,"<Event xmlns=""http://schemas.microsoft.com/win/2004/08/events/event"">
  <System>
    <Provider Name=""Microsoft-Windows-Sysmon"" Guid=""{5770385f-c22a-43e0-bf4c-06f5698ffbd9}""/>
    <EventID>13</EventID>
    <Version>2</Version>
    <Level>4</Level>
    <Task>13</Task>
    <Opcode>0</Opcode>
    <Keywords>0x8000000000000000</Keywords>
    <TimeCreated SystemTime=""2023-12-19T22:46:58.7899502Z""/>
    <EventRecordID>4630</EventRecordID>
    <Correlation/>
    <Execution ProcessID=""3400"" ThreadID=""4208""/>
    <Channel>Microsoft-Windows-Sysmon/Operational</Channel>
    <Computer>WinDev2309Eval</Computer>
    <Security UserID=""S-1-5-18""/>
  </System>
  <EventData>
    <Data Name=""RuleName"">T1122</Data>
    <Data Name=""EventType"">SetValue</Data>
    <Data Name=""UtcTime"">2023-12-19 22:46:58.780</Data>
    <Data Name=""ProcessGuid"">{f57bd86a-1d61-6582-d500-000000000d00}</Data>
    <Data Name=""ProcessId"">7048</Data>
    <Data Name=""Image"">C:\Users\User\AppData\Local\Microsoft\OneDrive\OneDrive.exe</Data>
    <Data Name=""TargetObject"">HKU\S-1-5-21-2835251196-2691927458-378326815-1000_Classes\CLSID\{5AB7172C-9C11-405C-8DD5-AF20F3606282}\InprocServer32\(Default)</Data>
    <Data Name=""Details"">C:\Users\User\AppData\Local\Microsoft\OneDrive\23.246.1127.0002\FileSyncShell64.dll</Data>
    <Data Name=""User"">WINDEV2309EVAL\User</Data>
  </EventData>
</Event>
"
Microsoft-Windows-Sysmon/Operational,,,WinDev2309Eval,,,,,,,,,C:\Users\User\AppData\Local\Microsoft\OneDrive\23.246.1127.0002\i386\FileSyncShell.dll,13,4629,SetValue,,,C:\Users\User\AppData\Local\Microsoft\OneDrive\OneDrive.exe,,,0x8000000000000000,4,,,,,0,,,,,,,{f57bd86a-1d61-6582-d500-000000000d00},3400,7048.0,,,,,,T1122,,,,,,,,,,,,,2023-12-19T22:46:58.7893579Z,,,HKU\S-1-5-21-2835251196-2691927458-378326815-1000_Classes\WOW6432Node\CLSID\{BBACC218-34EA-4666-9D7A-C78F2274A524}\InprocServer32\(Default),,,,13,,4208,WINDEV2309EVAL\User,S-1-5-18,46:58.8,2.0,"<Event xmlns=""http://schemas.microsoft.com/win/2004/08/events/event"">
  <System>
    <Provider Name=""Microsoft-Windows-Sysmon"" Guid=""{5770385f-c22a-43e0-bf4c-06f5698ffbd9}""/>
    <EventID>13</EventID>
    <Version>2</Version>
    <Level>4</Level>
    <Task>13</Task>
    <Opcode>0</Opcode>
    <Keywords>0x8000000000000000</Keywords>
    <TimeCreated SystemTime=""2023-12-19T22:46:58.7893579Z""/>
    <EventRecordID>4629</EventRecordID>
    <Correlation/>
    <Execution ProcessID=""3400"" ThreadID=""4208""/>
    <Channel>Microsoft-Windows-Sysmon/Operational</Channel>
    <Computer>WinDev2309Eval</Computer>
    <Security UserID=""S-1-5-18""/>
  </System>
  <EventData>
    <Data Name=""RuleName"">T1122</Data>
    <Data Name=""EventType"">SetValue</Data>
    <Data Name=""UtcTime"">2023-12-19 22:46:58.780</Data>
    <Data Name=""ProcessGuid"">{f57bd86a-1d61-6582-d500-000000000d00}</Data>
    <Data Name=""ProcessId"">7048</Data>
    <Data Name=""Image"">C:\Users\User\AppData\Local\Microsoft\OneDrive\OneDrive.exe</Data>
    <Data Name=""TargetObject"">HKU\S-1-5-21-2835251196-2691927458-378326815-1000_Classes\WOW6432Node\CLSID\{BBACC218-34EA-4666-9D7A-C78F2274A524}\InprocServer32\(Default)</Data>
    <Data Name=""Details"">C:\Users\User\AppData\Local\Microsoft\OneDrive\23.246.1127.0002\i386\FileSyncShell.dll</Data>
    <Data Name=""User"">WINDEV2309EVAL\User</Data>
  </EventData>
</Event>
"
Microsoft-Windows-Sysmon/Operational,,,WinDev2309Eval,,,,,,,,,C:\Users\User\AppData\Local\Microsoft\OneDrive\23.246.1127.0002\FileSyncShell64.dll,13,4628,SetValue,,,C:\Users\User\AppData\Local\Microsoft\OneDrive\OneDrive.exe,,,0x8000000000000000,4,,,,,0,,,,,,,{f57bd86a-1d61-6582-d500-000000000d00},3400,7048.0,,,,,,T1122,,,,,,,,,,,,,2023-12-19T22:46:58.7892212Z,,,HKU\S-1-5-21-2835251196-2691927458-378326815-1000_Classes\CLSID\{BBACC218-34EA-4666-9D7A-C78F2274A524}\InprocServer32\(Default),,,,13,,4208,WINDEV2309EVAL\User,S-1-5-18,46:58.8,2.0,"<Event xmlns=""http://schemas.microsoft.com/win/2004/08/events/event"">
  <System>
    <Provider Name=""Microsoft-Windows-Sysmon"" Guid=""{5770385f-c22a-43e0-bf4c-06f5698ffbd9}""/>
    <EventID>13</EventID>
    <Version>2</Version>
    <Level>4</Level>
    <Task>13</Task>
    <Opcode>0</Opcode>
    <Keywords>0x8000000000000000</Keywords>
    <TimeCreated SystemTime=""2023-12-19T22:46:58.7892212Z""/>
    <EventRecordID>4628</EventRecordID>
    <Correlation/>
    <Execution ProcessID=""3400"" ThreadID=""4208""/>
    <Channel>Microsoft-Windows-Sysmon/Operational</Channel>
    <Computer>WinDev2309Eval</Computer>
    <Security UserID=""S-1-5-18""/>
  </System>
  <EventData>
    <Data Name=""RuleName"">T1122</Data>
    <Data Name=""EventType"">SetValue</Data>
    <Data Name=""UtcTime"">2023-12-19 22:46:58.780</Data>
    <Data Name=""ProcessGuid"">{f57bd86a-1d61-6582-d500-000000000d00}</Data>
    <Data Name=""ProcessId"">7048</Data>
    <Data Name=""Image"">C:\Users\User\AppData\Local\Microsoft\OneDrive\OneDrive.exe</Data>
    <Data Name=""TargetObject"">HKU\S-1-5-21-2835251196-2691927458-378326815-1000_Classes\CLSID\{BBACC218-34EA-4666-9D7A-C78F2274A524}\InprocServer32\(Default)</Data>
    <Data Name=""Details"">C:\Users\User\AppData\Local\Microsoft\OneDrive\23.246.1127.0002\FileSyncShell64.dll</Data>
    <Data Name=""User"">WINDEV2309EVAL\User</Data>
  </EventData>
</Event>
"
