Channel,CommandLine,Company,Computer,CreationUtcTime,CurrentDirectory,Description,DestinationHostname,DestinationIp,DestinationIsIpv6,DestinationPort,DestinationPortName,Details,EventID,EventRecordID,EventType,FileVersion,Hashes,Image,Initiated,IntegrityLevel,Keywords,Level,LogonGuid,LogonId,Message,NewThreadId,Opcode,OriginalFileName,ParentCommandLine,ParentImage,ParentProcessGuid,ParentProcessId,ParentUser,ProcessGuid,ProcessID,ProcessId,Product,Protocol,QueryName,QueryResults,QueryStatus,RuleName,SourceHostname,SourceImage,SourceIp,SourceIsIpv6,SourcePort,SourcePortName,SourceProcessGuid,SourceProcessId,SourceUser,StartAddress,StartFunction,StartModule,SystemTime,TargetFilename,TargetImage,TargetObject,TargetProcessGuid,TargetProcessId,TargetUser,Task,TerminalSessionId,ThreadID,User,UserID,UtcTime,Version,raw
Microsoft-Windows-Sysmon/Operational,,,WinDev2309Eval,,,,,,,,,10.0.22621.1,13,6211,SetValue,,,C:\Windows\System32\svchost.exe,,,0x8000000000000000,4,,,,,0,,,,,,,{f57bd86a-1cf4-6582-3f00-000000000d00},3400,2996.0,,,,,,InvDB-Ver,,,,,,,,,,,,,2023-12-21T08:54:48.5717311Z,,,\REGISTRY\A\{b04f0fcd-4760-ab9f-95ce-9b12c47065d5}\Root\InventoryApplicationFile\cleanmgr.exe|42343e2ceb471480\BinProductVersion,,,,13,,4208,NT AUTHORITY\SYSTEM,S-1-5-18,54:48.6,2.0,"<Event xmlns=""http://schemas.microsoft.com/win/2004/08/events/event"">
  <System>
    <Provider Name=""Microsoft-Windows-Sysmon"" Guid=""{5770385f-c22a-43e0-bf4c-06f5698ffbd9}""/>
    <EventID>13</EventID>
    <Version>2</Version>
    <Level>4</Level>
    <Task>13</Task>
    <Opcode>0</Opcode>
    <Keywords>0x8000000000000000</Keywords>
    <TimeCreated SystemTime=""2023-12-21T08:54:48.5717311Z""/>
    <EventRecordID>6211</EventRecordID>
    <Correlation/>
    <Execution ProcessID=""3400"" ThreadID=""4208""/>
    <Channel>Microsoft-Windows-Sysmon/Operational</Channel>
    <Computer>WinDev2309Eval</Computer>
    <Security UserID=""S-1-5-18""/>
  </System>
  <EventData>
    <Data Name=""RuleName"">InvDB-Ver</Data>
    <Data Name=""EventType"">SetValue</Data>
    <Data Name=""UtcTime"">2023-12-21 08:54:48.567</Data>
    <Data Name=""ProcessGuid"">{f57bd86a-1cf4-6582-3f00-000000000d00}</Data>
    <Data Name=""ProcessId"">2996</Data>
    <Data Name=""Image"">C:\Windows\System32\svchost.exe</Data>
    <Data Name=""TargetObject"">\REGISTRY\A\{b04f0fcd-4760-ab9f-95ce-9b12c47065d5}\Root\InventoryApplicationFile\cleanmgr.exe|42343e2ceb471480\BinProductVersion</Data>
    <Data Name=""Details"">10.0.22621.1</Data>
    <Data Name=""User"">NT AUTHORITY\SYSTEM</Data>
  </EventData>
</Event>
"
Microsoft-Windows-Sysmon/Operational,,,WinDev2309Eval,,,,,,,,,6/23/2015 16:03,13,6210,SetValue,,,C:\Windows\System32\svchost.exe,,,0x8000000000000000,4,,,,,0,,,,,,,{f57bd86a-1cf4-6582-3f00-000000000d00},3400,2996.0,,,,,,InvDB-CompileTimeClaim,,,,,,,,,,,,,2023-12-21T08:54:48.5716706Z,,,\REGISTRY\A\{b04f0fcd-4760-ab9f-95ce-9b12c47065d5}\Root\InventoryApplicationFile\cleanmgr.exe|42343e2ceb471480\LinkDate,,,,13,,4208,NT AUTHORITY\SYSTEM,S-1-5-18,54:48.6,2.0,"<Event xmlns=""http://schemas.microsoft.com/win/2004/08/events/event"">
  <System>
    <Provider Name=""Microsoft-Windows-Sysmon"" Guid=""{5770385f-c22a-43e0-bf4c-06f5698ffbd9}""/>
    <EventID>13</EventID>
    <Version>2</Version>
    <Level>4</Level>
    <Task>13</Task>
    <Opcode>0</Opcode>
    <Keywords>0x8000000000000000</Keywords>
    <TimeCreated SystemTime=""2023-12-21T08:54:48.5716706Z""/>
    <EventRecordID>6210</EventRecordID>
    <Correlation/>
    <Execution ProcessID=""3400"" ThreadID=""4208""/>
    <Channel>Microsoft-Windows-Sysmon/Operational</Channel>
    <Computer>WinDev2309Eval</Computer>
    <Security UserID=""S-1-5-18""/>
  </System>
  <EventData>
    <Data Name=""RuleName"">InvDB-CompileTimeClaim</Data>
    <Data Name=""EventType"">SetValue</Data>
    <Data Name=""UtcTime"">2023-12-21 08:54:48.567</Data>
    <Data Name=""ProcessGuid"">{f57bd86a-1cf4-6582-3f00-000000000d00}</Data>
    <Data Name=""ProcessId"">2996</Data>
    <Data Name=""Image"">C:\Windows\System32\svchost.exe</Data>
    <Data Name=""TargetObject"">\REGISTRY\A\{b04f0fcd-4760-ab9f-95ce-9b12c47065d5}\Root\InventoryApplicationFile\cleanmgr.exe|42343e2ceb471480\LinkDate</Data>
    <Data Name=""Details"">06/23/2015 16:03:43</Data>
    <Data Name=""User"">NT AUTHORITY\SYSTEM</Data>
  </EventData>
</Event>
"
Microsoft-Windows-Sysmon/Operational,,,WinDev2309Eval,,,,,,,,,microsoft corporation,13,6209,SetValue,,,C:\Windows\System32\svchost.exe,,,0x8000000000000000,4,,,,,0,,,,,,,{f57bd86a-1cf4-6582-3f00-000000000d00},3400,2996.0,,,,,,InvDB-Pub,,,,,,,,,,,,,2023-12-21T08:54:48.5712357Z,,,\REGISTRY\A\{b04f0fcd-4760-ab9f-95ce-9b12c47065d5}\Root\InventoryApplicationFile\cleanmgr.exe|42343e2ceb471480\Publisher,,,,13,,4208,NT AUTHORITY\SYSTEM,S-1-5-18,54:48.6,2.0,"<Event xmlns=""http://schemas.microsoft.com/win/2004/08/events/event"">
  <System>
    <Provider Name=""Microsoft-Windows-Sysmon"" Guid=""{5770385f-c22a-43e0-bf4c-06f5698ffbd9}""/>
    <EventID>13</EventID>
    <Version>2</Version>
    <Level>4</Level>
    <Task>13</Task>
    <Opcode>0</Opcode>
    <Keywords>0x8000000000000000</Keywords>
    <TimeCreated SystemTime=""2023-12-21T08:54:48.5712357Z""/>
    <EventRecordID>6209</EventRecordID>
    <Correlation/>
    <Execution ProcessID=""3400"" ThreadID=""4208""/>
    <Channel>Microsoft-Windows-Sysmon/Operational</Channel>
    <Computer>WinDev2309Eval</Computer>
    <Security UserID=""S-1-5-18""/>
  </System>
  <EventData>
    <Data Name=""RuleName"">InvDB-Pub</Data>
    <Data Name=""EventType"">SetValue</Data>
    <Data Name=""UtcTime"">2023-12-21 08:54:48.567</Data>
    <Data Name=""ProcessGuid"">{f57bd86a-1cf4-6582-3f00-000000000d00}</Data>
    <Data Name=""ProcessId"">2996</Data>
    <Data Name=""Image"">C:\Windows\System32\svchost.exe</Data>
    <Data Name=""TargetObject"">\REGISTRY\A\{b04f0fcd-4760-ab9f-95ce-9b12c47065d5}\Root\InventoryApplicationFile\cleanmgr.exe|42343e2ceb471480\Publisher</Data>
    <Data Name=""Details"">microsoft corporation</Data>
    <Data Name=""User"">NT AUTHORITY\SYSTEM</Data>
  </EventData>
</Event>
"
Microsoft-Windows-Sysmon/Operational,,,WinDev2309Eval,,,,,,,,,c:\windows\system32\cleanmgr.exe,13,6208,SetValue,,,C:\Windows\System32\svchost.exe,,,0x8000000000000000,4,,,,,0,,,,,,,{f57bd86a-1cf4-6582-3f00-000000000d00},3400,2996.0,,,,,,InvDB-Path,,,,,,,,,,,,,2023-12-21T08:54:48.5710607Z,,,\REGISTRY\A\{b04f0fcd-4760-ab9f-95ce-9b12c47065d5}\Root\InventoryApplicationFile\cleanmgr.exe|42343e2ceb471480\LowerCaseLongPath,,,,13,,4208,NT AUTHORITY\SYSTEM,S-1-5-18,54:48.6,2.0,"<Event xmlns=""http://schemas.microsoft.com/win/2004/08/events/event"">
  <System>
    <Provider Name=""Microsoft-Windows-Sysmon"" Guid=""{5770385f-c22a-43e0-bf4c-06f5698ffbd9}""/>
    <EventID>13</EventID>
    <Version>2</Version>
    <Level>4</Level>
    <Task>13</Task>
    <Opcode>0</Opcode>
    <Keywords>0x8000000000000000</Keywords>
    <TimeCreated SystemTime=""2023-12-21T08:54:48.5710607Z""/>
    <EventRecordID>6208</EventRecordID>
    <Correlation/>
    <Execution ProcessID=""3400"" ThreadID=""4208""/>
    <Channel>Microsoft-Windows-Sysmon/Operational</Channel>
    <Computer>WinDev2309Eval</Computer>
    <Security UserID=""S-1-5-18""/>
  </System>
  <EventData>
    <Data Name=""RuleName"">InvDB-Path</Data>
    <Data Name=""EventType"">SetValue</Data>
    <Data Name=""UtcTime"">2023-12-21 08:54:48.567</Data>
    <Data Name=""ProcessGuid"">{f57bd86a-1cf4-6582-3f00-000000000d00}</Data>
    <Data Name=""ProcessId"">2996</Data>
    <Data Name=""Image"">C:\Windows\System32\svchost.exe</Data>
    <Data Name=""TargetObject"">\REGISTRY\A\{b04f0fcd-4760-ab9f-95ce-9b12c47065d5}\Root\InventoryApplicationFile\cleanmgr.exe|42343e2ceb471480\LowerCaseLongPath</Data>
    <Data Name=""Details"">c:\windows\system32\cleanmgr.exe</Data>
    <Data Name=""User"">NT AUTHORITY\SYSTEM</Data>
  </EventData>
</Event>
"
Microsoft-Windows-Sysmon/Operational,C:\Windows\System32\Dism\dismhost.exe {FB68721A-5C58-4458-9391-783E72867992},Microsoft Corporation,WinDev2309Eval,,C:\Windows\system32\,Dism Host Servicing Process,,,,,,,1,6207,,10.0.22621.1 (WinBuild.160101.0800),"MD5=ADE7AD33DA7822EB781E0E80CA81C14D,SHA256=7E48FDDCA1227FC511CEFA2EE473DC9C7887270C1BB0ECDDC4A56F01B6C490E4,IMPHASH=DF7F3ABA990731185355E5ABEB273359",C:\Windows\System32\Dism\DismHost.exe,,High,0x8000000000000000,4,{f57bd86a-1d4d-6582-391c-160000000000},0x161c39,,,0,DismHost.exe,"""C:\Windows\system32\cleanmgr.exe"" /autocleanstoragesense /d C:",C:\Windows\System32\cleanmgr.exe,{f57bd86a-fd49-6583-0405-000000000d00},12436.0,WINDEV2309EVAL\User,{f57bd86a-fd57-6583-1605-000000000d00},3400,5068.0,Microsoft® Windows® Operating System,,,,,-,,,,,,,,,,,,,2023-12-21T08:54:47.9402234Z,,,,,,,1,1.0,4208,WINDEV2309EVAL\User,S-1-5-18,54:47.9,5.0,"<Event xmlns=""http://schemas.microsoft.com/win/2004/08/events/event"">
  <System>
    <Provider Name=""Microsoft-Windows-Sysmon"" Guid=""{5770385f-c22a-43e0-bf4c-06f5698ffbd9}""/>
    <EventID>1</EventID>
    <Version>5</Version>
    <Level>4</Level>
    <Task>1</Task>
    <Opcode>0</Opcode>
    <Keywords>0x8000000000000000</Keywords>
    <TimeCreated SystemTime=""2023-12-21T08:54:47.9402234Z""/>
    <EventRecordID>6207</EventRecordID>
    <Correlation/>
    <Execution ProcessID=""3400"" ThreadID=""4208""/>
    <Channel>Microsoft-Windows-Sysmon/Operational</Channel>
    <Computer>WinDev2309Eval</Computer>
    <Security UserID=""S-1-5-18""/>
  </System>
  <EventData>
    <Data Name=""RuleName"">-</Data>
    <Data Name=""UtcTime"">2023-12-21 08:54:47.932</Data>
    <Data Name=""ProcessGuid"">{f57bd86a-fd57-6583-1605-000000000d00}</Data>
    <Data Name=""ProcessId"">5068</Data>
    <Data Name=""Image"">C:\Windows\System32\Dism\DismHost.exe</Data>
    <Data Name=""FileVersion"">10.0.22621.1 (WinBuild.160101.0800)</Data>
    <Data Name=""Description"">Dism Host Servicing Process</Data>
    <Data Name=""Product"">Microsoft&#174; Windows&#174; Operating System</Data>
    <Data Name=""Company"">Microsoft Corporation</Data>
    <Data Name=""OriginalFileName"">DismHost.exe</Data>
    <Data Name=""CommandLine"">C:\Windows\System32\Dism\dismhost.exe {FB68721A-5C58-4458-9391-783E72867992}</Data>
    <Data Name=""CurrentDirectory"">C:\Windows\system32\</Data>
    <Data Name=""User"">WINDEV2309EVAL\User</Data>
    <Data Name=""LogonGuid"">{f57bd86a-1d4d-6582-391c-160000000000}</Data>
    <Data Name=""LogonId"">0x161c39</Data>
    <Data Name=""TerminalSessionId"">1</Data>
    <Data Name=""IntegrityLevel"">High</Data>
    <Data Name=""Hashes"">MD5=ADE7AD33DA7822EB781E0E80CA81C14D,SHA256=7E48FDDCA1227FC511CEFA2EE473DC9C7887270C1BB0ECDDC4A56F01B6C490E4,IMPHASH=DF7F3ABA990731185355E5ABEB273359</Data>
    <Data Name=""ParentProcessGuid"">{f57bd86a-fd49-6583-0405-000000000d00}</Data>
    <Data Name=""ParentProcessId"">12436</Data>
    <Data Name=""ParentImage"">C:\Windows\System32\cleanmgr.exe</Data>
    <Data Name=""ParentCommandLine"">""C:\Windows\system32\cleanmgr.exe"" /autocleanstoragesense /d C:</Data>
    <Data Name=""ParentUser"">WINDEV2309EVAL\User</Data>
  </EventData>
</Event>
"
Microsoft-Windows-Sysmon/Operational,C:\Windows\System32\smartscreen.exe -Embedding,Microsoft Corporation,WinDev2309Eval,,C:\Windows\system32\,Windows Defender SmartScreen,,,,,,,1,6206,,10.0.22621.2506 (WinBuild.160101.0800),"MD5=428B629A92397F8AE122C96F1AA64307,SHA256=A239C6A0C9754025160F4E52FD1D8C155F82F2E8DC159C643FDA75AAEAE7468E,IMPHASH=2CD979428F6A7D556A8BFFD60C64AD9B",C:\Windows\System32\smartscreen.exe,,Medium,0x8000000000000000,4,{f57bd86a-1d4d-6582-671c-160000000000},0x161c67,,,0,smartscreen.exe,C:\Windows\system32\svchost.exe -k DcomLaunch -p,C:\Windows\System32\svchost.exe,{f57bd86a-1cf1-6582-0d00-000000000d00},928.0,NT AUTHORITY\SYSTEM,{f57bd86a-fd4b-6583-1505-000000000d00},3400,6888.0,Microsoft® Windows® Operating System,,,,,-,,,,,,,,,,,,,2023-12-21T08:54:35.9046271Z,,,,,,,1,1.0,4208,WINDEV2309EVAL\User,S-1-5-18,54:35.9,5.0,"<Event xmlns=""http://schemas.microsoft.com/win/2004/08/events/event"">
  <System>
    <Provider Name=""Microsoft-Windows-Sysmon"" Guid=""{5770385f-c22a-43e0-bf4c-06f5698ffbd9}""/>
    <EventID>1</EventID>
    <Version>5</Version>
    <Level>4</Level>
    <Task>1</Task>
    <Opcode>0</Opcode>
    <Keywords>0x8000000000000000</Keywords>
    <TimeCreated SystemTime=""2023-12-21T08:54:35.9046271Z""/>
    <EventRecordID>6206</EventRecordID>
    <Correlation/>
    <Execution ProcessID=""3400"" ThreadID=""4208""/>
    <Channel>Microsoft-Windows-Sysmon/Operational</Channel>
    <Computer>WinDev2309Eval</Computer>
    <Security UserID=""S-1-5-18""/>
  </System>
  <EventData>
    <Data Name=""RuleName"">-</Data>
    <Data Name=""UtcTime"">2023-12-21 08:54:35.902</Data>
    <Data Name=""ProcessGuid"">{f57bd86a-fd4b-6583-1505-000000000d00}</Data>
    <Data Name=""ProcessId"">6888</Data>
    <Data Name=""Image"">C:\Windows\System32\smartscreen.exe</Data>
    <Data Name=""FileVersion"">10.0.22621.2506 (WinBuild.160101.0800)</Data>
    <Data Name=""Description"">Windows Defender SmartScreen</Data>
    <Data Name=""Product"">Microsoft&#174; Windows&#174; Operating System</Data>
    <Data Name=""Company"">Microsoft Corporation</Data>
    <Data Name=""OriginalFileName"">smartscreen.exe</Data>
    <Data Name=""CommandLine"">C:\Windows\System32\smartscreen.exe -Embedding</Data>
    <Data Name=""CurrentDirectory"">C:\Windows\system32\</Data>
    <Data Name=""User"">WINDEV2309EVAL\User</Data>
    <Data Name=""LogonGuid"">{f57bd86a-1d4d-6582-671c-160000000000}</Data>
    <Data Name=""LogonId"">0x161c67</Data>
    <Data Name=""TerminalSessionId"">1</Data>
    <Data Name=""IntegrityLevel"">Medium</Data>
    <Data Name=""Hashes"">MD5=428B629A92397F8AE122C96F1AA64307,SHA256=A239C6A0C9754025160F4E52FD1D8C155F82F2E8DC159C643FDA75AAEAE7468E,IMPHASH=2CD979428F6A7D556A8BFFD60C64AD9B</Data>
    <Data Name=""ParentProcessGuid"">{f57bd86a-1cf1-6582-0d00-000000000d00}</Data>
    <Data Name=""ParentProcessId"">928</Data>
    <Data Name=""ParentImage"">C:\Windows\System32\svchost.exe</Data>
    <Data Name=""ParentCommandLine"">C:\Windows\system32\svchost.exe -k DcomLaunch -p</Data>
    <Data Name=""ParentUser"">NT AUTHORITY\SYSTEM</Data>
  </EventData>
</Event>
"
Microsoft-Windows-Sysmon/Operational,"""C:\Windows\Microsoft.NET\Framework64\v4.0.30319\NGenTask.exe"" /RuntimeWide /StopEvent:1360",Microsoft Corporation,WinDev2309Eval,,C:\Windows\system32\,Microsoft .NET Framework optimization service,,,,,,,1,6205,,4.8.9032.0 built by: NET481REL1,"MD5=1CA52739F7F494012F1AACC925328C7F,SHA256=9FD133B11ABCBBED33CCEA71BD4743E8F35E42CD637FB763F5AB2A8FBB9B6261,IMPHASH=00000000000000000000000000000000",C:\Windows\Microsoft.NET\Framework64\v4.0.30319\ngentask.exe,,System,0x8000000000000000,4,{f57bd86a-1cf1-6582-e703-000000000000},0x3e7,,,0,NGenTask.exe,taskhostw.exe,C:\Windows\System32\taskhostw.exe,{f57bd86a-fd49-6583-f004-000000000d00},12680.0,NT AUTHORITY\SYSTEM,{f57bd86a-fd4a-6583-0d05-000000000d00},3400,7724.0,Microsoft® .NET Framework,,,,,-,,,,,,,,,,,,,2023-12-21T08:54:34.0325414Z,,,,,,,1,0.0,4208,NT AUTHORITY\SYSTEM,S-1-5-18,54:34.0,5.0,"<Event xmlns=""http://schemas.microsoft.com/win/2004/08/events/event"">
  <System>
    <Provider Name=""Microsoft-Windows-Sysmon"" Guid=""{5770385f-c22a-43e0-bf4c-06f5698ffbd9}""/>
    <EventID>1</EventID>
    <Version>5</Version>
    <Level>4</Level>
    <Task>1</Task>
    <Opcode>0</Opcode>
    <Keywords>0x8000000000000000</Keywords>
    <TimeCreated SystemTime=""2023-12-21T08:54:34.0325414Z""/>
    <EventRecordID>6205</EventRecordID>
    <Correlation/>
    <Execution ProcessID=""3400"" ThreadID=""4208""/>
    <Channel>Microsoft-Windows-Sysmon/Operational</Channel>
    <Computer>WinDev2309Eval</Computer>
    <Security UserID=""S-1-5-18""/>
  </System>
  <EventData>
    <Data Name=""RuleName"">-</Data>
    <Data Name=""UtcTime"">2023-12-21 08:54:34.028</Data>
    <Data Name=""ProcessGuid"">{f57bd86a-fd4a-6583-0d05-000000000d00}</Data>
    <Data Name=""ProcessId"">7724</Data>
    <Data Name=""Image"">C:\Windows\Microsoft.NET\Framework64\v4.0.30319\ngentask.exe</Data>
    <Data Name=""FileVersion"">4.8.9032.0 built by: NET481REL1</Data>
    <Data Name=""Description"">Microsoft .NET Framework optimization service</Data>
    <Data Name=""Product"">Microsoft&#174; .NET Framework</Data>
    <Data Name=""Company"">Microsoft Corporation</Data>
    <Data Name=""OriginalFileName"">NGenTask.exe</Data>
    <Data Name=""CommandLine"">""C:\Windows\Microsoft.NET\Framework64\v4.0.30319\NGenTask.exe"" /RuntimeWide /StopEvent:1360</Data>
    <Data Name=""CurrentDirectory"">C:\Windows\system32\</Data>
    <Data Name=""User"">NT AUTHORITY\SYSTEM</Data>
    <Data Name=""LogonGuid"">{f57bd86a-1cf1-6582-e703-000000000000}</Data>
    <Data Name=""LogonId"">0x3e7</Data>
    <Data Name=""TerminalSessionId"">0</Data>
    <Data Name=""IntegrityLevel"">System</Data>
    <Data Name=""Hashes"">MD5=1CA52739F7F494012F1AACC925328C7F,SHA256=9FD133B11ABCBBED33CCEA71BD4743E8F35E42CD637FB763F5AB2A8FBB9B6261,IMPHASH=00000000000000000000000000000000</Data>
    <Data Name=""ParentProcessGuid"">{f57bd86a-fd49-6583-f004-000000000d00}</Data>
    <Data Name=""ParentProcessId"">12680</Data>
    <Data Name=""ParentImage"">C:\Windows\System32\taskhostw.exe</Data>
    <Data Name=""ParentCommandLine"">taskhostw.exe</Data>
    <Data Name=""ParentUser"">NT AUTHORITY\SYSTEM</Data>
  </EventData>
</Event>
"
Microsoft-Windows-Sysmon/Operational,"""C:\Windows\Microsoft.NET\Framework\v4.0.30319\NGenTask.exe"" /RuntimeWide /StopEvent:972",Microsoft Corporation,WinDev2309Eval,,C:\Windows\system32\,Microsoft .NET Framework optimization service,,,,,,,1,6204,,4.8.9032.0 built by: NET481REL1,"MD5=22EA2B65E14D50E28BDD50010B06AACF,SHA256=EFE1C3D4543EAA67A436B933EFFA65FE3FBA358ADE1EF01B3F92F4971E92A1AD,IMPHASH=F34D5F2D4577ED6D9CEEC516C1F5A744",C:\Windows\Microsoft.NET\Framework\v4.0.30319\ngentask.exe,,System,0x8000000000000000,4,{f57bd86a-1cf1-6582-e703-000000000000},0x3e7,,,0,NGenTask.exe,taskhostw.exe,C:\Windows\System32\taskhostw.exe,{f57bd86a-fd49-6583-f004-000000000d00},12680.0,NT AUTHORITY\SYSTEM,{f57bd86a-fd4a-6583-0c05-000000000d00},3400,7212.0,Microsoft® .NET Framework,,,,,-,,,,,,,,,,,,,2023-12-21T08:54:34.0203579Z,,,,,,,1,0.0,4208,NT AUTHORITY\SYSTEM,S-1-5-18,54:34.0,5.0,"<Event xmlns=""http://schemas.microsoft.com/win/2004/08/events/event"">
  <System>
    <Provider Name=""Microsoft-Windows-Sysmon"" Guid=""{5770385f-c22a-43e0-bf4c-06f5698ffbd9}""/>
    <EventID>1</EventID>
    <Version>5</Version>
    <Level>4</Level>
    <Task>1</Task>
    <Opcode>0</Opcode>
    <Keywords>0x8000000000000000</Keywords>
    <TimeCreated SystemTime=""2023-12-21T08:54:34.0203579Z""/>
    <EventRecordID>6204</EventRecordID>
    <Correlation/>
    <Execution ProcessID=""3400"" ThreadID=""4208""/>
    <Channel>Microsoft-Windows-Sysmon/Operational</Channel>
    <Computer>WinDev2309Eval</Computer>
    <Security UserID=""S-1-5-18""/>
  </System>
  <EventData>
    <Data Name=""RuleName"">-</Data>
    <Data Name=""UtcTime"">2023-12-21 08:54:34.011</Data>
    <Data Name=""ProcessGuid"">{f57bd86a-fd4a-6583-0c05-000000000d00}</Data>
    <Data Name=""ProcessId"">7212</Data>
    <Data Name=""Image"">C:\Windows\Microsoft.NET\Framework\v4.0.30319\ngentask.exe</Data>
    <Data Name=""FileVersion"">4.8.9032.0 built by: NET481REL1</Data>
    <Data Name=""Description"">Microsoft .NET Framework optimization service</Data>
    <Data Name=""Product"">Microsoft&#174; .NET Framework</Data>
    <Data Name=""Company"">Microsoft Corporation</Data>
    <Data Name=""OriginalFileName"">NGenTask.exe</Data>
    <Data Name=""CommandLine"">""C:\Windows\Microsoft.NET\Framework\v4.0.30319\NGenTask.exe"" /RuntimeWide /StopEvent:972</Data>
    <Data Name=""CurrentDirectory"">C:\Windows\system32\</Data>
    <Data Name=""User"">NT AUTHORITY\SYSTEM</Data>
    <Data Name=""LogonGuid"">{f57bd86a-1cf1-6582-e703-000000000000}</Data>
    <Data Name=""LogonId"">0x3e7</Data>
    <Data Name=""TerminalSessionId"">0</Data>
    <Data Name=""IntegrityLevel"">System</Data>
    <Data Name=""Hashes"">MD5=22EA2B65E14D50E28BDD50010B06AACF,SHA256=EFE1C3D4543EAA67A436B933EFFA65FE3FBA358ADE1EF01B3F92F4971E92A1AD,IMPHASH=F34D5F2D4577ED6D9CEEC516C1F5A744</Data>
    <Data Name=""ParentProcessGuid"">{f57bd86a-fd49-6583-f004-000000000d00}</Data>
    <Data Name=""ParentProcessId"">12680</Data>
    <Data Name=""ParentImage"">C:\Windows\System32\taskhostw.exe</Data>
    <Data Name=""ParentCommandLine"">taskhostw.exe</Data>
    <Data Name=""ParentUser"">NT AUTHORITY\SYSTEM</Data>
  </EventData>
</Event>
"
Microsoft-Windows-Sysmon/Operational,C:\Windows\System32\svchost.exe -k LocalSystemNetworkRestricted -p -s DsSvc,Microsoft Corporation,WinDev2309Eval,,C:\Windows\system32\,Host Process for Windows Services,,,,,,,1,6203,,10.0.22621.1 (WinBuild.160101.0800),"MD5=8EC922C7A58A8701AB481B7BE9644536,SHA256=949BFB5B4C7D58D92F3F9C5F8EC7CA4CEAFFD10EC5F0020F0A987C472D61C54B,IMPHASH=76B4BAE80D2C3B08BB062D97BF9CA791",C:\Windows\System32\svchost.exe,,System,0x8000000000000000,4,{f57bd86a-1cf1-6582-e703-000000000000},0x3e7,,,0,svchost.exe,C:\Windows\system32\services.exe,C:\Windows\System32\services.exe,{f57bd86a-1cf1-6582-0b00-000000000d00},760.0,NT AUTHORITY\SYSTEM,{f57bd86a-fd49-6583-0b05-000000000d00},3400,12488.0,Microsoft® Windows® Operating System,,,,,-,,,,,,,,,,,,,2023-12-21T08:54:33.8653296Z,,,,,,,1,0.0,4208,NT AUTHORITY\SYSTEM,S-1-5-18,54:33.9,5.0,"<Event xmlns=""http://schemas.microsoft.com/win/2004/08/events/event"">
  <System>
    <Provider Name=""Microsoft-Windows-Sysmon"" Guid=""{5770385f-c22a-43e0-bf4c-06f5698ffbd9}""/>
    <EventID>1</EventID>
    <Version>5</Version>
    <Level>4</Level>
    <Task>1</Task>
    <Opcode>0</Opcode>
    <Keywords>0x8000000000000000</Keywords>
    <TimeCreated SystemTime=""2023-12-21T08:54:33.8653296Z""/>
    <EventRecordID>6203</EventRecordID>
    <Correlation/>
    <Execution ProcessID=""3400"" ThreadID=""4208""/>
    <Channel>Microsoft-Windows-Sysmon/Operational</Channel>
    <Computer>WinDev2309Eval</Computer>
    <Security UserID=""S-1-5-18""/>
  </System>
  <EventData>
    <Data Name=""RuleName"">-</Data>
    <Data Name=""UtcTime"">2023-12-21 08:54:33.861</Data>
    <Data Name=""ProcessGuid"">{f57bd86a-fd49-6583-0b05-000000000d00}</Data>
    <Data Name=""ProcessId"">12488</Data>
    <Data Name=""Image"">C:\Windows\System32\svchost.exe</Data>
    <Data Name=""FileVersion"">10.0.22621.1 (WinBuild.160101.0800)</Data>
    <Data Name=""Description"">Host Process for Windows Services</Data>
    <Data Name=""Product"">Microsoft&#174; Windows&#174; Operating System</Data>
    <Data Name=""Company"">Microsoft Corporation</Data>
    <Data Name=""OriginalFileName"">svchost.exe</Data>
    <Data Name=""CommandLine"">C:\Windows\System32\svchost.exe -k LocalSystemNetworkRestricted -p -s DsSvc</Data>
    <Data Name=""CurrentDirectory"">C:\Windows\system32\</Data>
    <Data Name=""User"">NT AUTHORITY\SYSTEM</Data>
    <Data Name=""LogonGuid"">{f57bd86a-1cf1-6582-e703-000000000000}</Data>
    <Data Name=""LogonId"">0x3e7</Data>
    <Data Name=""TerminalSessionId"">0</Data>
    <Data Name=""IntegrityLevel"">System</Data>
    <Data Name=""Hashes"">MD5=8EC922C7A58A8701AB481B7BE9644536,SHA256=949BFB5B4C7D58D92F3F9C5F8EC7CA4CEAFFD10EC5F0020F0A987C472D61C54B,IMPHASH=76B4BAE80D2C3B08BB062D97BF9CA791</Data>
    <Data Name=""ParentProcessGuid"">{f57bd86a-1cf1-6582-0b00-000000000d00}</Data>
    <Data Name=""ParentProcessId"">760</Data>
    <Data Name=""ParentImage"">C:\Windows\System32\services.exe</Data>
    <Data Name=""ParentCommandLine"">C:\Windows\system32\services.exe</Data>
    <Data Name=""ParentUser"">NT AUTHORITY\SYSTEM</Data>
  </EventData>
</Event>
"
Microsoft-Windows-Sysmon/Operational,,,WinDev2309Eval,,,,,,,,,10.0.22621.1,13,6202,SetValue,,,C:\Windows\System32\svchost.exe,,,0x8000000000000000,4,,,,,0,,,,,,,{f57bd86a-1cf4-6582-3f00-000000000d00},3400,2996.0,,,,,,InvDB-Ver,,,,,,,,,,,,,2023-12-21T08:54:33.7781802Z,,,\REGISTRY\A\{b04f0fcd-4760-ab9f-95ce-9b12c47065d5}\Root\InventoryApplicationFile\disksnapshot.exe|45aabbd9b6c071e3\BinProductVersion,,,,13,,4208,NT AUTHORITY\SYSTEM,S-1-5-18,54:33.8,2.0,"<Event xmlns=""http://schemas.microsoft.com/win/2004/08/events/event"">
  <System>
    <Provider Name=""Microsoft-Windows-Sysmon"" Guid=""{5770385f-c22a-43e0-bf4c-06f5698ffbd9}""/>
    <EventID>13</EventID>
    <Version>2</Version>
    <Level>4</Level>
    <Task>13</Task>
    <Opcode>0</Opcode>
    <Keywords>0x8000000000000000</Keywords>
    <TimeCreated SystemTime=""2023-12-21T08:54:33.7781802Z""/>
    <EventRecordID>6202</EventRecordID>
    <Correlation/>
    <Execution ProcessID=""3400"" ThreadID=""4208""/>
    <Channel>Microsoft-Windows-Sysmon/Operational</Channel>
    <Computer>WinDev2309Eval</Computer>
    <Security UserID=""S-1-5-18""/>
  </System>
  <EventData>
    <Data Name=""RuleName"">InvDB-Ver</Data>
    <Data Name=""EventType"">SetValue</Data>
    <Data Name=""UtcTime"">2023-12-21 08:54:33.777</Data>
    <Data Name=""ProcessGuid"">{f57bd86a-1cf4-6582-3f00-000000000d00}</Data>
    <Data Name=""ProcessId"">2996</Data>
    <Data Name=""Image"">C:\Windows\System32\svchost.exe</Data>
    <Data Name=""TargetObject"">\REGISTRY\A\{b04f0fcd-4760-ab9f-95ce-9b12c47065d5}\Root\InventoryApplicationFile\disksnapshot.exe|45aabbd9b6c071e3\BinProductVersion</Data>
    <Data Name=""Details"">10.0.22621.1</Data>
    <Data Name=""User"">NT AUTHORITY\SYSTEM</Data>
  </EventData>
</Event>
"
Microsoft-Windows-Sysmon/Operational,,,WinDev2309Eval,,,,,,,,,4/16/2026 12:27,13,6201,SetValue,,,C:\Windows\System32\svchost.exe,,,0x8000000000000000,4,,,,,0,,,,,,,{f57bd86a-1cf4-6582-3f00-000000000d00},3400,2996.0,,,,,,InvDB-CompileTimeClaim,,,,,,,,,,,,,2023-12-21T08:54:33.7781180Z,,,\REGISTRY\A\{b04f0fcd-4760-ab9f-95ce-9b12c47065d5}\Root\InventoryApplicationFile\disksnapshot.exe|45aabbd9b6c071e3\LinkDate,,,,13,,4208,NT AUTHORITY\SYSTEM,S-1-5-18,54:33.8,2.0,"<Event xmlns=""http://schemas.microsoft.com/win/2004/08/events/event"">
  <System>
    <Provider Name=""Microsoft-Windows-Sysmon"" Guid=""{5770385f-c22a-43e0-bf4c-06f5698ffbd9}""/>
    <EventID>13</EventID>
    <Version>2</Version>
    <Level>4</Level>
    <Task>13</Task>
    <Opcode>0</Opcode>
    <Keywords>0x8000000000000000</Keywords>
    <TimeCreated SystemTime=""2023-12-21T08:54:33.7781180Z""/>
    <EventRecordID>6201</EventRecordID>
    <Correlation/>
    <Execution ProcessID=""3400"" ThreadID=""4208""/>
    <Channel>Microsoft-Windows-Sysmon/Operational</Channel>
    <Computer>WinDev2309Eval</Computer>
    <Security UserID=""S-1-5-18""/>
  </System>
  <EventData>
    <Data Name=""RuleName"">InvDB-CompileTimeClaim</Data>
    <Data Name=""EventType"">SetValue</Data>
    <Data Name=""UtcTime"">2023-12-21 08:54:33.777</Data>
    <Data Name=""ProcessGuid"">{f57bd86a-1cf4-6582-3f00-000000000d00}</Data>
    <Data Name=""ProcessId"">2996</Data>
    <Data Name=""Image"">C:\Windows\System32\svchost.exe</Data>
    <Data Name=""TargetObject"">\REGISTRY\A\{b04f0fcd-4760-ab9f-95ce-9b12c47065d5}\Root\InventoryApplicationFile\disksnapshot.exe|45aabbd9b6c071e3\LinkDate</Data>
    <Data Name=""Details"">04/16/2026 12:27:22</Data>
    <Data Name=""User"">NT AUTHORITY\SYSTEM</Data>
  </EventData>
</Event>
"
Microsoft-Windows-Sysmon/Operational,,,WinDev2309Eval,,,,,,,,,microsoft corporation,13,6200,SetValue,,,C:\Windows\System32\svchost.exe,,,0x8000000000000000,4,,,,,0,,,,,,,{f57bd86a-1cf4-6582-3f00-000000000d00},3400,2996.0,,,,,,InvDB-Pub,,,,,,,,,,,,,2023-12-21T08:54:33.7777416Z,,,\REGISTRY\A\{b04f0fcd-4760-ab9f-95ce-9b12c47065d5}\Root\InventoryApplicationFile\disksnapshot.exe|45aabbd9b6c071e3\Publisher,,,,13,,4208,NT AUTHORITY\SYSTEM,S-1-5-18,54:33.8,2.0,"<Event xmlns=""http://schemas.microsoft.com/win/2004/08/events/event"">
  <System>
    <Provider Name=""Microsoft-Windows-Sysmon"" Guid=""{5770385f-c22a-43e0-bf4c-06f5698ffbd9}""/>
    <EventID>13</EventID>
    <Version>2</Version>
    <Level>4</Level>
    <Task>13</Task>
    <Opcode>0</Opcode>
    <Keywords>0x8000000000000000</Keywords>
    <TimeCreated SystemTime=""2023-12-21T08:54:33.7777416Z""/>
    <EventRecordID>6200</EventRecordID>
    <Correlation/>
    <Execution ProcessID=""3400"" ThreadID=""4208""/>
    <Channel>Microsoft-Windows-Sysmon/Operational</Channel>
    <Computer>WinDev2309Eval</Computer>
    <Security UserID=""S-1-5-18""/>
  </System>
  <EventData>
    <Data Name=""RuleName"">InvDB-Pub</Data>
    <Data Name=""EventType"">SetValue</Data>
    <Data Name=""UtcTime"">2023-12-21 08:54:33.761</Data>
    <Data Name=""ProcessGuid"">{f57bd86a-1cf4-6582-3f00-000000000d00}</Data>
    <Data Name=""ProcessId"">2996</Data>
    <Data Name=""Image"">C:\Windows\System32\svchost.exe</Data>
    <Data Name=""TargetObject"">\REGISTRY\A\{b04f0fcd-4760-ab9f-95ce-9b12c47065d5}\Root\InventoryApplicationFile\disksnapshot.exe|45aabbd9b6c071e3\Publisher</Data>
    <Data Name=""Details"">microsoft corporation</Data>
    <Data Name=""User"">NT AUTHORITY\SYSTEM</Data>
  </EventData>
</Event>
"
Microsoft-Windows-Sysmon/Operational,,,WinDev2309Eval,,,,,,,,,c:\windows\system32\disksnapshot.exe,13,6199,SetValue,,,C:\Windows\System32\svchost.exe,,,0x8000000000000000,4,,,,,0,,,,,,,{f57bd86a-1cf4-6582-3f00-000000000d00},3400,2996.0,,,,,,InvDB-Path,,,,,,,,,,,,,2023-12-21T08:54:33.7775355Z,,,\REGISTRY\A\{b04f0fcd-4760-ab9f-95ce-9b12c47065d5}\Root\InventoryApplicationFile\disksnapshot.exe|45aabbd9b6c071e3\LowerCaseLongPath,,,,13,,4208,NT AUTHORITY\SYSTEM,S-1-5-18,54:33.8,2.0,"<Event xmlns=""http://schemas.microsoft.com/win/2004/08/events/event"">
  <System>
    <Provider Name=""Microsoft-Windows-Sysmon"" Guid=""{5770385f-c22a-43e0-bf4c-06f5698ffbd9}""/>
    <EventID>13</EventID>
    <Version>2</Version>
    <Level>4</Level>
    <Task>13</Task>
    <Opcode>0</Opcode>
    <Keywords>0x8000000000000000</Keywords>
    <TimeCreated SystemTime=""2023-12-21T08:54:33.7775355Z""/>
    <EventRecordID>6199</EventRecordID>
    <Correlation/>
    <Execution ProcessID=""3400"" ThreadID=""4208""/>
    <Channel>Microsoft-Windows-Sysmon/Operational</Channel>
    <Computer>WinDev2309Eval</Computer>
    <Security UserID=""S-1-5-18""/>
  </System>
  <EventData>
    <Data Name=""RuleName"">InvDB-Path</Data>
    <Data Name=""EventType"">SetValue</Data>
    <Data Name=""UtcTime"">2023-12-21 08:54:33.761</Data>
    <Data Name=""ProcessGuid"">{f57bd86a-1cf4-6582-3f00-000000000d00}</Data>
    <Data Name=""ProcessId"">2996</Data>
    <Data Name=""Image"">C:\Windows\System32\svchost.exe</Data>
    <Data Name=""TargetObject"">\REGISTRY\A\{b04f0fcd-4760-ab9f-95ce-9b12c47065d5}\Root\InventoryApplicationFile\disksnapshot.exe|45aabbd9b6c071e3\LowerCaseLongPath</Data>
    <Data Name=""Details"">c:\windows\system32\disksnapshot.exe</Data>
    <Data Name=""User"">NT AUTHORITY\SYSTEM</Data>
  </EventData>
</Event>
"
Microsoft-Windows-Sysmon/Operational,,,WinDev2309Eval,,,,,,,,,10.0.22621.1,13,6198,SetValue,,,C:\Windows\System32\svchost.exe,,,0x8000000000000000,4,,,,,0,,,,,,,{f57bd86a-1cf4-6582-3f00-000000000d00},3400,2996.0,,,,,,InvDB-Ver,,,,,,,,,,,,,2023-12-21T08:54:33.4904301Z,,,\REGISTRY\A\{b04f0fcd-4760-ab9f-95ce-9b12c47065d5}\Root\InventoryApplicationFile\dstokenclean.exe|e5def75def2b9611\BinProductVersion,,,,13,,4208,NT AUTHORITY\SYSTEM,S-1-5-18,54:33.5,2.0,"<Event xmlns=""http://schemas.microsoft.com/win/2004/08/events/event"">
  <System>
    <Provider Name=""Microsoft-Windows-Sysmon"" Guid=""{5770385f-c22a-43e0-bf4c-06f5698ffbd9}""/>
    <EventID>13</EventID>
    <Version>2</Version>
    <Level>4</Level>
    <Task>13</Task>
    <Opcode>0</Opcode>
    <Keywords>0x8000000000000000</Keywords>
    <TimeCreated SystemTime=""2023-12-21T08:54:33.4904301Z""/>
    <EventRecordID>6198</EventRecordID>
    <Correlation/>
    <Execution ProcessID=""3400"" ThreadID=""4208""/>
    <Channel>Microsoft-Windows-Sysmon/Operational</Channel>
    <Computer>WinDev2309Eval</Computer>
    <Security UserID=""S-1-5-18""/>
  </System>
  <EventData>
    <Data Name=""RuleName"">InvDB-Ver</Data>
    <Data Name=""EventType"">SetValue</Data>
    <Data Name=""UtcTime"">2023-12-21 08:54:33.480</Data>
    <Data Name=""ProcessGuid"">{f57bd86a-1cf4-6582-3f00-000000000d00}</Data>
    <Data Name=""ProcessId"">2996</Data>
    <Data Name=""Image"">C:\Windows\System32\svchost.exe</Data>
    <Data Name=""TargetObject"">\REGISTRY\A\{b04f0fcd-4760-ab9f-95ce-9b12c47065d5}\Root\InventoryApplicationFile\dstokenclean.exe|e5def75def2b9611\BinProductVersion</Data>
    <Data Name=""Details"">10.0.22621.1</Data>
    <Data Name=""User"">NT AUTHORITY\SYSTEM</Data>
  </EventData>
</Event>
"
Microsoft-Windows-Sysmon/Operational,,,WinDev2309Eval,,,,,,,,,6/8/2083 2:50,13,6197,SetValue,,,C:\Windows\System32\svchost.exe,,,0x8000000000000000,4,,,,,0,,,,,,,{f57bd86a-1cf4-6582-3f00-000000000d00},3400,2996.0,,,,,,InvDB-CompileTimeClaim,,,,,,,,,,,,,2023-12-21T08:54:33.4903683Z,,,\REGISTRY\A\{b04f0fcd-4760-ab9f-95ce-9b12c47065d5}\Root\InventoryApplicationFile\dstokenclean.exe|e5def75def2b9611\LinkDate,,,,13,,4208,NT AUTHORITY\SYSTEM,S-1-5-18,54:33.5,2.0,"<Event xmlns=""http://schemas.microsoft.com/win/2004/08/events/event"">
  <System>
    <Provider Name=""Microsoft-Windows-Sysmon"" Guid=""{5770385f-c22a-43e0-bf4c-06f5698ffbd9}""/>
    <EventID>13</EventID>
    <Version>2</Version>
    <Level>4</Level>
    <Task>13</Task>
    <Opcode>0</Opcode>
    <Keywords>0x8000000000000000</Keywords>
    <TimeCreated SystemTime=""2023-12-21T08:54:33.4903683Z""/>
    <EventRecordID>6197</EventRecordID>
    <Correlation/>
    <Execution ProcessID=""3400"" ThreadID=""4208""/>
    <Channel>Microsoft-Windows-Sysmon/Operational</Channel>
    <Computer>WinDev2309Eval</Computer>
    <Security UserID=""S-1-5-18""/>
  </System>
  <EventData>
    <Data Name=""RuleName"">InvDB-CompileTimeClaim</Data>
    <Data Name=""EventType"">SetValue</Data>
    <Data Name=""UtcTime"">2023-12-21 08:54:33.480</Data>
    <Data Name=""ProcessGuid"">{f57bd86a-1cf4-6582-3f00-000000000d00}</Data>
    <Data Name=""ProcessId"">2996</Data>
    <Data Name=""Image"">C:\Windows\System32\svchost.exe</Data>
    <Data Name=""TargetObject"">\REGISTRY\A\{b04f0fcd-4760-ab9f-95ce-9b12c47065d5}\Root\InventoryApplicationFile\dstokenclean.exe|e5def75def2b9611\LinkDate</Data>
    <Data Name=""Details"">06/08/2083 02:50:04</Data>
    <Data Name=""User"">NT AUTHORITY\SYSTEM</Data>
  </EventData>
</Event>
"
Microsoft-Windows-Sysmon/Operational,,,WinDev2309Eval,,,,,,,,,microsoft corporation,13,6196,SetValue,,,C:\Windows\System32\svchost.exe,,,0x8000000000000000,4,,,,,0,,,,,,,{f57bd86a-1cf4-6582-3f00-000000000d00},3400,2996.0,,,,,,InvDB-Pub,,,,,,,,,,,,,2023-12-21T08:54:33.4900229Z,,,\REGISTRY\A\{b04f0fcd-4760-ab9f-95ce-9b12c47065d5}\Root\InventoryApplicationFile\dstokenclean.exe|e5def75def2b9611\Publisher,,,,13,,4208,NT AUTHORITY\SYSTEM,S-1-5-18,54:33.5,2.0,"<Event xmlns=""http://schemas.microsoft.com/win/2004/08/events/event"">
  <System>
    <Provider Name=""Microsoft-Windows-Sysmon"" Guid=""{5770385f-c22a-43e0-bf4c-06f5698ffbd9}""/>
    <EventID>13</EventID>
    <Version>2</Version>
    <Level>4</Level>
    <Task>13</Task>
    <Opcode>0</Opcode>
    <Keywords>0x8000000000000000</Keywords>
    <TimeCreated SystemTime=""2023-12-21T08:54:33.4900229Z""/>
    <EventRecordID>6196</EventRecordID>
    <Correlation/>
    <Execution ProcessID=""3400"" ThreadID=""4208""/>
    <Channel>Microsoft-Windows-Sysmon/Operational</Channel>
    <Computer>WinDev2309Eval</Computer>
    <Security UserID=""S-1-5-18""/>
  </System>
  <EventData>
    <Data Name=""RuleName"">InvDB-Pub</Data>
    <Data Name=""EventType"">SetValue</Data>
    <Data Name=""UtcTime"">2023-12-21 08:54:33.480</Data>
    <Data Name=""ProcessGuid"">{f57bd86a-1cf4-6582-3f00-000000000d00}</Data>
    <Data Name=""ProcessId"">2996</Data>
    <Data Name=""Image"">C:\Windows\System32\svchost.exe</Data>
    <Data Name=""TargetObject"">\REGISTRY\A\{b04f0fcd-4760-ab9f-95ce-9b12c47065d5}\Root\InventoryApplicationFile\dstokenclean.exe|e5def75def2b9611\Publisher</Data>
    <Data Name=""Details"">microsoft corporation</Data>
    <Data Name=""User"">NT AUTHORITY\SYSTEM</Data>
  </EventData>
</Event>
"
Microsoft-Windows-Sysmon/Operational,,,WinDev2309Eval,,,,,,,,,c:\windows\system32\dstokenclean.exe,13,6195,SetValue,,,C:\Windows\System32\svchost.exe,,,0x8000000000000000,4,,,,,0,,,,,,,{f57bd86a-1cf4-6582-3f00-000000000d00},3400,2996.0,,,,,,InvDB-Path,,,,,,,,,,,,,2023-12-21T08:54:33.4898478Z,,,\REGISTRY\A\{b04f0fcd-4760-ab9f-95ce-9b12c47065d5}\Root\InventoryApplicationFile\dstokenclean.exe|e5def75def2b9611\LowerCaseLongPath,,,,13,,4208,NT AUTHORITY\SYSTEM,S-1-5-18,54:33.5,2.0,"<Event xmlns=""http://schemas.microsoft.com/win/2004/08/events/event"">
  <System>
    <Provider Name=""Microsoft-Windows-Sysmon"" Guid=""{5770385f-c22a-43e0-bf4c-06f5698ffbd9}""/>
    <EventID>13</EventID>
    <Version>2</Version>
    <Level>4</Level>
    <Task>13</Task>
    <Opcode>0</Opcode>
    <Keywords>0x8000000000000000</Keywords>
    <TimeCreated SystemTime=""2023-12-21T08:54:33.4898478Z""/>
    <EventRecordID>6195</EventRecordID>
    <Correlation/>
    <Execution ProcessID=""3400"" ThreadID=""4208""/>
    <Channel>Microsoft-Windows-Sysmon/Operational</Channel>
    <Computer>WinDev2309Eval</Computer>
    <Security UserID=""S-1-5-18""/>
  </System>
  <EventData>
    <Data Name=""RuleName"">InvDB-Path</Data>
    <Data Name=""EventType"">SetValue</Data>
    <Data Name=""UtcTime"">2023-12-21 08:54:33.480</Data>
    <Data Name=""ProcessGuid"">{f57bd86a-1cf4-6582-3f00-000000000d00}</Data>
    <Data Name=""ProcessId"">2996</Data>
    <Data Name=""Image"">C:\Windows\System32\svchost.exe</Data>
    <Data Name=""TargetObject"">\REGISTRY\A\{b04f0fcd-4760-ab9f-95ce-9b12c47065d5}\Root\InventoryApplicationFile\dstokenclean.exe|e5def75def2b9611\LowerCaseLongPath</Data>
    <Data Name=""Details"">c:\windows\system32\dstokenclean.exe</Data>
    <Data Name=""User"">NT AUTHORITY\SYSTEM</Data>
  </EventData>
</Event>
"
Microsoft-Windows-Sysmon/Operational,taskhostw.exe,Microsoft Corporation,WinDev2309Eval,,C:\Windows\system32\,Host Process for Windows Tasks,,,,,,,1,6194,,10.0.22621.2792 (WinBuild.160101.0800),"MD5=AAA6BA42398B2D70F12F00A110701041,SHA256=58CC5757BB129557652797EA92AEE701DE5C574B22FDCD5DCDDF141CAEEA3C02,IMPHASH=1C4E2D9936E4D9F2490B08AAB4D24260",C:\Windows\System32\taskhostw.exe,,System,0x8000000000000000,4,{f57bd86a-1cf2-6582-e503-000000000000},0x3e5,,,0,taskhostw.exe,C:\Windows\system32\svchost.exe -k netsvcs -p -s Schedule,C:\Windows\System32\svchost.exe,{f57bd86a-1cf3-6582-2a00-000000000d00},1940.0,NT AUTHORITY\SYSTEM,{f57bd86a-fd49-6583-0905-000000000d00},3400,12640.0,Microsoft® Windows® Operating System,,,,,-,,,,,,,,,,,,,2023-12-21T08:54:33.4136172Z,,,,,,,1,0.0,4208,NT AUTHORITY\LOCAL SERVICE,S-1-5-18,54:33.4,5.0,"<Event xmlns=""http://schemas.microsoft.com/win/2004/08/events/event"">
  <System>
    <Provider Name=""Microsoft-Windows-Sysmon"" Guid=""{5770385f-c22a-43e0-bf4c-06f5698ffbd9}""/>
    <EventID>1</EventID>
    <Version>5</Version>
    <Level>4</Level>
    <Task>1</Task>
    <Opcode>0</Opcode>
    <Keywords>0x8000000000000000</Keywords>
    <TimeCreated SystemTime=""2023-12-21T08:54:33.4136172Z""/>
    <EventRecordID>6194</EventRecordID>
    <Correlation/>
    <Execution ProcessID=""3400"" ThreadID=""4208""/>
    <Channel>Microsoft-Windows-Sysmon/Operational</Channel>
    <Computer>WinDev2309Eval</Computer>
    <Security UserID=""S-1-5-18""/>
  </System>
  <EventData>
    <Data Name=""RuleName"">-</Data>
    <Data Name=""UtcTime"">2023-12-21 08:54:33.412</Data>
    <Data Name=""ProcessGuid"">{f57bd86a-fd49-6583-0905-000000000d00}</Data>
    <Data Name=""ProcessId"">12640</Data>
    <Data Name=""Image"">C:\Windows\System32\taskhostw.exe</Data>
    <Data Name=""FileVersion"">10.0.22621.2792 (WinBuild.160101.0800)</Data>
    <Data Name=""Description"">Host Process for Windows Tasks</Data>
    <Data Name=""Product"">Microsoft&#174; Windows&#174; Operating System</Data>
    <Data Name=""Company"">Microsoft Corporation</Data>
    <Data Name=""OriginalFileName"">taskhostw.exe</Data>
    <Data Name=""CommandLine"">taskhostw.exe</Data>
    <Data Name=""CurrentDirectory"">C:\Windows\system32\</Data>
    <Data Name=""User"">NT AUTHORITY\LOCAL SERVICE</Data>
    <Data Name=""LogonGuid"">{f57bd86a-1cf2-6582-e503-000000000000}</Data>
    <Data Name=""LogonId"">0x3e5</Data>
    <Data Name=""TerminalSessionId"">0</Data>
    <Data Name=""IntegrityLevel"">System</Data>
    <Data Name=""Hashes"">MD5=AAA6BA42398B2D70F12F00A110701041,SHA256=58CC5757BB129557652797EA92AEE701DE5C574B22FDCD5DCDDF141CAEEA3C02,IMPHASH=1C4E2D9936E4D9F2490B08AAB4D24260</Data>
    <Data Name=""ParentProcessGuid"">{f57bd86a-1cf3-6582-2a00-000000000d00}</Data>
    <Data Name=""ParentProcessId"">1940</Data>
    <Data Name=""ParentImage"">C:\Windows\System32\svchost.exe</Data>
    <Data Name=""ParentCommandLine"">C:\Windows\system32\svchost.exe -k netsvcs -p -s Schedule</Data>
    <Data Name=""ParentUser"">NT AUTHORITY\SYSTEM</Data>
  </EventData>
</Event>
"
Microsoft-Windows-Sysmon/Operational,taskhostw.exe,Microsoft Corporation,WinDev2309Eval,,C:\Windows\system32\,Host Process for Windows Tasks,,,,,,,1,6193,,10.0.22621.2792 (WinBuild.160101.0800),"MD5=AAA6BA42398B2D70F12F00A110701041,SHA256=58CC5757BB129557652797EA92AEE701DE5C574B22FDCD5DCDDF141CAEEA3C02,IMPHASH=1C4E2D9936E4D9F2490B08AAB4D24260",C:\Windows\System32\taskhostw.exe,,Medium,0x8000000000000000,4,{f57bd86a-1d4d-6582-671c-160000000000},0x161c67,,,0,taskhostw.exe,C:\Windows\system32\svchost.exe -k netsvcs -p -s Schedule,C:\Windows\System32\svchost.exe,{f57bd86a-1cf3-6582-2a00-000000000d00},1940.0,NT AUTHORITY\SYSTEM,{f57bd86a-fd49-6583-0805-000000000d00},3400,12528.0,Microsoft® Windows® Operating System,,,,,-,,,,,,,,,,,,,2023-12-21T08:54:33.4073962Z,,,,,,,1,1.0,4208,WINDEV2309EVAL\User,S-1-5-18,54:33.4,5.0,"<Event xmlns=""http://schemas.microsoft.com/win/2004/08/events/event"">
  <System>
    <Provider Name=""Microsoft-Windows-Sysmon"" Guid=""{5770385f-c22a-43e0-bf4c-06f5698ffbd9}""/>
    <EventID>1</EventID>
    <Version>5</Version>
    <Level>4</Level>
    <Task>1</Task>
    <Opcode>0</Opcode>
    <Keywords>0x8000000000000000</Keywords>
    <TimeCreated SystemTime=""2023-12-21T08:54:33.4073962Z""/>
    <EventRecordID>6193</EventRecordID>
    <Correlation/>
    <Execution ProcessID=""3400"" ThreadID=""4208""/>
    <Channel>Microsoft-Windows-Sysmon/Operational</Channel>
    <Computer>WinDev2309Eval</Computer>
    <Security UserID=""S-1-5-18""/>
  </System>
  <EventData>
    <Data Name=""RuleName"">-</Data>
    <Data Name=""UtcTime"">2023-12-21 08:54:33.405</Data>
    <Data Name=""ProcessGuid"">{f57bd86a-fd49-6583-0805-000000000d00}</Data>
    <Data Name=""ProcessId"">12528</Data>
    <Data Name=""Image"">C:\Windows\System32\taskhostw.exe</Data>
    <Data Name=""FileVersion"">10.0.22621.2792 (WinBuild.160101.0800)</Data>
    <Data Name=""Description"">Host Process for Windows Tasks</Data>
    <Data Name=""Product"">Microsoft&#174; Windows&#174; Operating System</Data>
    <Data Name=""Company"">Microsoft Corporation</Data>
    <Data Name=""OriginalFileName"">taskhostw.exe</Data>
    <Data Name=""CommandLine"">taskhostw.exe</Data>
    <Data Name=""CurrentDirectory"">C:\Windows\system32\</Data>
    <Data Name=""User"">WINDEV2309EVAL\User</Data>
    <Data Name=""LogonGuid"">{f57bd86a-1d4d-6582-671c-160000000000}</Data>
    <Data Name=""LogonId"">0x161c67</Data>
    <Data Name=""TerminalSessionId"">1</Data>
    <Data Name=""IntegrityLevel"">Medium</Data>
    <Data Name=""Hashes"">MD5=AAA6BA42398B2D70F12F00A110701041,SHA256=58CC5757BB129557652797EA92AEE701DE5C574B22FDCD5DCDDF141CAEEA3C02,IMPHASH=1C4E2D9936E4D9F2490B08AAB4D24260</Data>
    <Data Name=""ParentProcessGuid"">{f57bd86a-1cf3-6582-2a00-000000000d00}</Data>
    <Data Name=""ParentProcessId"">1940</Data>
    <Data Name=""ParentImage"">C:\Windows\System32\svchost.exe</Data>
    <Data Name=""ParentCommandLine"">C:\Windows\system32\svchost.exe -k netsvcs -p -s Schedule</Data>
    <Data Name=""ParentUser"">NT AUTHORITY\SYSTEM</Data>
  </EventData>
</Event>
"
Microsoft-Windows-Sysmon/Operational,"""C:\ProgramData\Microsoft\Windows Defender\Platform\4.18.23110.3-0\MpCmdRun.exe"" Scan -ScheduleJob -ScanTrigger 55 -IdleScheduledJob",Microsoft Corporation,WinDev2309Eval,,C:\Windows\system32\,Microsoft Malware Protection Command Line Utility,,,,,,,1,6192,,4.18.23110.3 (9ebb3643d539a6fc4659898b1df3124d5da4c0a9),"MD5=33115BE2DAB574E80DC0F222FDC178F3,SHA256=F631D140F2C30D22EF3D868753F3504CDA015025FFEDC3A9CFBB317564C52510,IMPHASH=6BCFD652564CEB86AF66C4B376A620D8",C:\ProgramData\Microsoft\Windows Defender\Platform\4.18.23110.3-0\MpCmdRun.exe,,System,0x8000000000000000,4,{f57bd86a-1cf1-6582-e703-000000000000},0x3e7,,,0,MpCmdRun.exe,C:\Windows\system32\svchost.exe -k netsvcs -p -s Schedule,C:\Windows\System32\svchost.exe,{f57bd86a-1cf3-6582-2a00-000000000d00},1940.0,NT AUTHORITY\SYSTEM,{f57bd86a-fd49-6583-0705-000000000d00},3400,13020.0,Microsoft® Windows® Operating System,,,,,-,,,,,,,,,,,,,2023-12-21T08:54:33.4024140Z,,,,,,,1,0.0,4208,NT AUTHORITY\SYSTEM,S-1-5-18,54:33.4,5.0,"<Event xmlns=""http://schemas.microsoft.com/win/2004/08/events/event"">
  <System>
    <Provider Name=""Microsoft-Windows-Sysmon"" Guid=""{5770385f-c22a-43e0-bf4c-06f5698ffbd9}""/>
    <EventID>1</EventID>
    <Version>5</Version>
    <Level>4</Level>
    <Task>1</Task>
    <Opcode>0</Opcode>
    <Keywords>0x8000000000000000</Keywords>
    <TimeCreated SystemTime=""2023-12-21T08:54:33.4024140Z""/>
    <EventRecordID>6192</EventRecordID>
    <Correlation/>
    <Execution ProcessID=""3400"" ThreadID=""4208""/>
    <Channel>Microsoft-Windows-Sysmon/Operational</Channel>
    <Computer>WinDev2309Eval</Computer>
    <Security UserID=""S-1-5-18""/>
  </System>
  <EventData>
    <Data Name=""RuleName"">-</Data>
    <Data Name=""UtcTime"">2023-12-21 08:54:33.399</Data>
    <Data Name=""ProcessGuid"">{f57bd86a-fd49-6583-0705-000000000d00}</Data>
    <Data Name=""ProcessId"">13020</Data>
    <Data Name=""Image"">C:\ProgramData\Microsoft\Windows Defender\Platform\4.18.23110.3-0\MpCmdRun.exe</Data>
    <Data Name=""FileVersion"">4.18.23110.3 (9ebb3643d539a6fc4659898b1df3124d5da4c0a9)</Data>
    <Data Name=""Description"">Microsoft Malware Protection Command Line Utility</Data>
    <Data Name=""Product"">Microsoft&#174; Windows&#174; Operating System</Data>
    <Data Name=""Company"">Microsoft Corporation</Data>
    <Data Name=""OriginalFileName"">MpCmdRun.exe</Data>
    <Data Name=""CommandLine"">""C:\ProgramData\Microsoft\Windows Defender\Platform\4.18.23110.3-0\MpCmdRun.exe"" Scan -ScheduleJob -ScanTrigger 55 -IdleScheduledJob</Data>
    <Data Name=""CurrentDirectory"">C:\Windows\system32\</Data>
    <Data Name=""User"">NT AUTHORITY\SYSTEM</Data>
    <Data Name=""LogonGuid"">{f57bd86a-1cf1-6582-e703-000000000000}</Data>
    <Data Name=""LogonId"">0x3e7</Data>
    <Data Name=""TerminalSessionId"">0</Data>
    <Data Name=""IntegrityLevel"">System</Data>
    <Data Name=""Hashes"">MD5=33115BE2DAB574E80DC0F222FDC178F3,SHA256=F631D140F2C30D22EF3D868753F3504CDA015025FFEDC3A9CFBB317564C52510,IMPHASH=6BCFD652564CEB86AF66C4B376A620D8</Data>
    <Data Name=""ParentProcessGuid"">{f57bd86a-1cf3-6582-2a00-000000000d00}</Data>
    <Data Name=""ParentProcessId"">1940</Data>
    <Data Name=""ParentImage"">C:\Windows\System32\svchost.exe</Data>
    <Data Name=""ParentCommandLine"">C:\Windows\system32\svchost.exe -k netsvcs -p -s Schedule</Data>
    <Data Name=""ParentUser"">NT AUTHORITY\SYSTEM</Data>
  </EventData>
</Event>
"
