Channel,CommandLine,Company,Computer,CreationUtcTime,CurrentDirectory,Description,DestinationHostname,DestinationIp,DestinationIsIpv6,DestinationPort,DestinationPortName,Details,EventID,EventRecordID,EventType,FileVersion,Hashes,Image,Initiated,IntegrityLevel,Keywords,Level,LogonGuid,LogonId,Message,NewThreadId,Opcode,OriginalFileName,ParentCommandLine,ParentImage,ParentProcessGuid,ParentProcessId,ParentUser,ProcessGuid,ProcessID,ProcessId,Product,Protocol,QueryName,QueryResults,QueryStatus,RuleName,SourceHostname,SourceImage,SourceIp,SourceIsIpv6,SourcePort,SourcePortName,SourceProcessGuid,SourceProcessId,SourceUser,StartAddress,StartFunction,StartModule,SystemTime,TargetFilename,TargetImage,TargetObject,TargetProcessGuid,TargetProcessId,TargetUser,Task,TerminalSessionId,ThreadID,User,UserID,UtcTime,Version,raw
Microsoft-Windows-Sysmon/Operational,,,WinDev2309Eval,45:38.5,,,,,,,,,11,4517,,,,C:\Windows\System32\spoolsv.exe,,,0x8000000000000000,4,,,,,0,,,,,,,{f57bd86a-1cf4-6582-3900-000000000d00},3400,2660.0,,,,,,-,,,,,,,,,,,,,2023-12-19T22:45:38.4681352Z,C:\Windows\System32\DriverStore\FileRepository\prnms007.inf_amd64_615cbb069285e601\prnms007.PNF,,,,,,11,,4208,NT AUTHORITY\SYSTEM,S-1-5-18,45:38.5,2.0,"<Event xmlns=""http://schemas.microsoft.com/win/2004/08/events/event"">
  <System>
    <Provider Name=""Microsoft-Windows-Sysmon"" Guid=""{5770385f-c22a-43e0-bf4c-06f5698ffbd9}""/>
    <EventID>11</EventID>
    <Version>2</Version>
    <Level>4</Level>
    <Task>11</Task>
    <Opcode>0</Opcode>
    <Keywords>0x8000000000000000</Keywords>
    <TimeCreated SystemTime=""2023-12-19T22:45:38.4681352Z""/>
    <EventRecordID>4517</EventRecordID>
    <Correlation/>
    <Execution ProcessID=""3400"" ThreadID=""4208""/>
    <Channel>Microsoft-Windows-Sysmon/Operational</Channel>
    <Computer>WinDev2309Eval</Computer>
    <Security UserID=""S-1-5-18""/>
  </System>
  <EventData>
    <Data Name=""RuleName"">-</Data>
    <Data Name=""UtcTime"">2023-12-19 22:45:38.464</Data>
    <Data Name=""ProcessGuid"">{f57bd86a-1cf4-6582-3900-000000000d00}</Data>
    <Data Name=""ProcessId"">2660</Data>
    <Data Name=""Image"">C:\Windows\System32\spoolsv.exe</Data>
    <Data Name=""TargetFilename"">C:\Windows\System32\DriverStore\FileRepository\prnms007.inf_amd64_615cbb069285e601\prnms007.PNF</Data>
    <Data Name=""CreationUtcTime"">2023-12-19 22:45:38.464</Data>
    <Data Name=""User"">NT AUTHORITY\SYSTEM</Data>
  </EventData>
</Event>
"
Microsoft-Windows-Sysmon/Operational,,,WinDev2309Eval,45:38.4,,,,,,,,,11,4516,,,,C:\Windows\System32\spoolsv.exe,,,0x8000000000000000,4,,,,,0,,,,,,,{f57bd86a-1cf4-6582-3900-000000000d00},3400,2660.0,,,,,,-,,,,,,,,,,,,,2023-12-19T22:45:38.4620959Z,C:\Windows\System32\DriverStore\FileRepository\prnms005.inf_amd64_63b2b03e6b568836\prnms005.PNF,,,,,,11,,4208,NT AUTHORITY\SYSTEM,S-1-5-18,45:38.4,2.0,"<Event xmlns=""http://schemas.microsoft.com/win/2004/08/events/event"">
  <System>
    <Provider Name=""Microsoft-Windows-Sysmon"" Guid=""{5770385f-c22a-43e0-bf4c-06f5698ffbd9}""/>
    <EventID>11</EventID>
    <Version>2</Version>
    <Level>4</Level>
    <Task>11</Task>
    <Opcode>0</Opcode>
    <Keywords>0x8000000000000000</Keywords>
    <TimeCreated SystemTime=""2023-12-19T22:45:38.4620959Z""/>
    <EventRecordID>4516</EventRecordID>
    <Correlation/>
    <Execution ProcessID=""3400"" ThreadID=""4208""/>
    <Channel>Microsoft-Windows-Sysmon/Operational</Channel>
    <Computer>WinDev2309Eval</Computer>
    <Security UserID=""S-1-5-18""/>
  </System>
  <EventData>
    <Data Name=""RuleName"">-</Data>
    <Data Name=""UtcTime"">2023-12-19 22:45:38.449</Data>
    <Data Name=""ProcessGuid"">{f57bd86a-1cf4-6582-3900-000000000d00}</Data>
    <Data Name=""ProcessId"">2660</Data>
    <Data Name=""Image"">C:\Windows\System32\spoolsv.exe</Data>
    <Data Name=""TargetFilename"">C:\Windows\System32\DriverStore\FileRepository\prnms005.inf_amd64_63b2b03e6b568836\prnms005.PNF</Data>
    <Data Name=""CreationUtcTime"">2023-12-19 22:45:38.449</Data>
    <Data Name=""User"">NT AUTHORITY\SYSTEM</Data>
  </EventData>
</Event>
"
Microsoft-Windows-Sysmon/Operational,,,WinDev2309Eval,45:38.4,,,,,,,,,11,4515,,,,C:\Windows\System32\spoolsv.exe,,,0x8000000000000000,4,,,,,0,,,,,,,{f57bd86a-1cf4-6582-3900-000000000d00},3400,2660.0,,,,,,-,,,,,,,,,,,,,2023-12-19T22:45:38.4568434Z,C:\Windows\System32\DriverStore\FileRepository\prnms014.inf_amd64_b2e544df76e44c8d\prnms014.PNF,,,,,,11,,4208,NT AUTHORITY\SYSTEM,S-1-5-18,45:38.4,2.0,"<Event xmlns=""http://schemas.microsoft.com/win/2004/08/events/event"">
  <System>
    <Provider Name=""Microsoft-Windows-Sysmon"" Guid=""{5770385f-c22a-43e0-bf4c-06f5698ffbd9}""/>
    <EventID>11</EventID>
    <Version>2</Version>
    <Level>4</Level>
    <Task>11</Task>
    <Opcode>0</Opcode>
    <Keywords>0x8000000000000000</Keywords>
    <TimeCreated SystemTime=""2023-12-19T22:45:38.4568434Z""/>
    <EventRecordID>4515</EventRecordID>
    <Correlation/>
    <Execution ProcessID=""3400"" ThreadID=""4208""/>
    <Channel>Microsoft-Windows-Sysmon/Operational</Channel>
    <Computer>WinDev2309Eval</Computer>
    <Security UserID=""S-1-5-18""/>
  </System>
  <EventData>
    <Data Name=""RuleName"">-</Data>
    <Data Name=""UtcTime"">2023-12-19 22:45:38.449</Data>
    <Data Name=""ProcessGuid"">{f57bd86a-1cf4-6582-3900-000000000d00}</Data>
    <Data Name=""ProcessId"">2660</Data>
    <Data Name=""Image"">C:\Windows\System32\spoolsv.exe</Data>
    <Data Name=""TargetFilename"">C:\Windows\System32\DriverStore\FileRepository\prnms014.inf_amd64_b2e544df76e44c8d\prnms014.PNF</Data>
    <Data Name=""CreationUtcTime"">2023-12-19 22:45:38.449</Data>
    <Data Name=""User"">NT AUTHORITY\SYSTEM</Data>
  </EventData>
</Event>
"
Microsoft-Windows-Sysmon/Operational,,,WinDev2309Eval,45:38.4,,,,,,,,,11,4514,,,,C:\Windows\System32\spoolsv.exe,,,0x8000000000000000,4,,,,,0,,,,,,,{f57bd86a-1cf4-6582-3900-000000000d00},3400,2660.0,,,,,,-,,,,,,,,,,,,,2023-12-19T22:45:38.4516269Z,C:\Windows\System32\DriverStore\FileRepository\prnms004.inf_amd64_c8711ccdd322b2ed\prnms004.PNF,,,,,,11,,4208,NT AUTHORITY\SYSTEM,S-1-5-18,45:38.4,2.0,"<Event xmlns=""http://schemas.microsoft.com/win/2004/08/events/event"">
  <System>
    <Provider Name=""Microsoft-Windows-Sysmon"" Guid=""{5770385f-c22a-43e0-bf4c-06f5698ffbd9}""/>
    <EventID>11</EventID>
    <Version>2</Version>
    <Level>4</Level>
    <Task>11</Task>
    <Opcode>0</Opcode>
    <Keywords>0x8000000000000000</Keywords>
    <TimeCreated SystemTime=""2023-12-19T22:45:38.4516269Z""/>
    <EventRecordID>4514</EventRecordID>
    <Correlation/>
    <Execution ProcessID=""3400"" ThreadID=""4208""/>
    <Channel>Microsoft-Windows-Sysmon/Operational</Channel>
    <Computer>WinDev2309Eval</Computer>
    <Security UserID=""S-1-5-18""/>
  </System>
  <EventData>
    <Data Name=""RuleName"">-</Data>
    <Data Name=""UtcTime"">2023-12-19 22:45:38.449</Data>
    <Data Name=""ProcessGuid"">{f57bd86a-1cf4-6582-3900-000000000d00}</Data>
    <Data Name=""ProcessId"">2660</Data>
    <Data Name=""Image"">C:\Windows\System32\spoolsv.exe</Data>
    <Data Name=""TargetFilename"">C:\Windows\System32\DriverStore\FileRepository\prnms004.inf_amd64_c8711ccdd322b2ed\prnms004.PNF</Data>
    <Data Name=""CreationUtcTime"">2023-12-19 22:45:38.449</Data>
    <Data Name=""User"">NT AUTHORITY\SYSTEM</Data>
  </EventData>
</Event>
"
Microsoft-Windows-Sysmon/Operational,,,WinDev2309Eval,45:38.4,,,,,,,,,11,4513,,,,C:\Windows\System32\spoolsv.exe,,,0x8000000000000000,4,,,,,0,,,,,,,{f57bd86a-1cf4-6582-3900-000000000d00},3400,2660.0,,,,,,-,,,,,,,,,,,,,2023-12-19T22:45:38.4447529Z,C:\Windows\System32\DriverStore\FileRepository\prnms012.inf_amd64_6be366b41bdf5913\prnms012.PNF,,,,,,11,,4208,NT AUTHORITY\SYSTEM,S-1-5-18,45:38.4,2.0,"<Event xmlns=""http://schemas.microsoft.com/win/2004/08/events/event"">
  <System>
    <Provider Name=""Microsoft-Windows-Sysmon"" Guid=""{5770385f-c22a-43e0-bf4c-06f5698ffbd9}""/>
    <EventID>11</EventID>
    <Version>2</Version>
    <Level>4</Level>
    <Task>11</Task>
    <Opcode>0</Opcode>
    <Keywords>0x8000000000000000</Keywords>
    <TimeCreated SystemTime=""2023-12-19T22:45:38.4447529Z""/>
    <EventRecordID>4513</EventRecordID>
    <Correlation/>
    <Execution ProcessID=""3400"" ThreadID=""4208""/>
    <Channel>Microsoft-Windows-Sysmon/Operational</Channel>
    <Computer>WinDev2309Eval</Computer>
    <Security UserID=""S-1-5-18""/>
  </System>
  <EventData>
    <Data Name=""RuleName"">-</Data>
    <Data Name=""UtcTime"">2023-12-19 22:45:38.433</Data>
    <Data Name=""ProcessGuid"">{f57bd86a-1cf4-6582-3900-000000000d00}</Data>
    <Data Name=""ProcessId"">2660</Data>
    <Data Name=""Image"">C:\Windows\System32\spoolsv.exe</Data>
    <Data Name=""TargetFilename"">C:\Windows\System32\DriverStore\FileRepository\prnms012.inf_amd64_6be366b41bdf5913\prnms012.PNF</Data>
    <Data Name=""CreationUtcTime"">2023-12-19 22:45:38.433</Data>
    <Data Name=""User"">NT AUTHORITY\SYSTEM</Data>
  </EventData>
</Event>
"
Microsoft-Windows-Sysmon/Operational,,,WinDev2309Eval,45:38.4,,,,,,,,,11,4512,,,,C:\Windows\System32\spoolsv.exe,,,0x8000000000000000,4,,,,,0,,,,,,,{f57bd86a-1cf4-6582-3900-000000000d00},3400,2660.0,,,,,,-,,,,,,,,,,,,,2023-12-19T22:45:38.4388940Z,C:\Windows\System32\DriverStore\FileRepository\prnms002.inf_amd64_c483cd2c9227c76f\prnms002.PNF,,,,,,11,,4208,NT AUTHORITY\SYSTEM,S-1-5-18,45:38.4,2.0,"<Event xmlns=""http://schemas.microsoft.com/win/2004/08/events/event"">
  <System>
    <Provider Name=""Microsoft-Windows-Sysmon"" Guid=""{5770385f-c22a-43e0-bf4c-06f5698ffbd9}""/>
    <EventID>11</EventID>
    <Version>2</Version>
    <Level>4</Level>
    <Task>11</Task>
    <Opcode>0</Opcode>
    <Keywords>0x8000000000000000</Keywords>
    <TimeCreated SystemTime=""2023-12-19T22:45:38.4388940Z""/>
    <EventRecordID>4512</EventRecordID>
    <Correlation/>
    <Execution ProcessID=""3400"" ThreadID=""4208""/>
    <Channel>Microsoft-Windows-Sysmon/Operational</Channel>
    <Computer>WinDev2309Eval</Computer>
    <Security UserID=""S-1-5-18""/>
  </System>
  <EventData>
    <Data Name=""RuleName"">-</Data>
    <Data Name=""UtcTime"">2023-12-19 22:45:38.433</Data>
    <Data Name=""ProcessGuid"">{f57bd86a-1cf4-6582-3900-000000000d00}</Data>
    <Data Name=""ProcessId"">2660</Data>
    <Data Name=""Image"">C:\Windows\System32\spoolsv.exe</Data>
    <Data Name=""TargetFilename"">C:\Windows\System32\DriverStore\FileRepository\prnms002.inf_amd64_c483cd2c9227c76f\prnms002.PNF</Data>
    <Data Name=""CreationUtcTime"">2023-12-19 22:45:38.433</Data>
    <Data Name=""User"">NT AUTHORITY\SYSTEM</Data>
  </EventData>
</Event>
"
Microsoft-Windows-Sysmon/Operational,,,WinDev2309Eval,45:38.4,,,,,,,,,11,4511,,,,C:\Windows\System32\spoolsv.exe,,,0x8000000000000000,4,,,,,0,,,,,,,{f57bd86a-1cf4-6582-3900-000000000d00},3400,2660.0,,,,,,-,,,,,,,,,,,,,2023-12-19T22:45:38.4334806Z,C:\Windows\System32\DriverStore\FileRepository\prnms011.inf_amd64_5ed2e427dd8c1c91\prnms011.PNF,,,,,,11,,4208,NT AUTHORITY\SYSTEM,S-1-5-18,45:38.4,2.0,"<Event xmlns=""http://schemas.microsoft.com/win/2004/08/events/event"">
  <System>
    <Provider Name=""Microsoft-Windows-Sysmon"" Guid=""{5770385f-c22a-43e0-bf4c-06f5698ffbd9}""/>
    <EventID>11</EventID>
    <Version>2</Version>
    <Level>4</Level>
    <Task>11</Task>
    <Opcode>0</Opcode>
    <Keywords>0x8000000000000000</Keywords>
    <TimeCreated SystemTime=""2023-12-19T22:45:38.4334806Z""/>
    <EventRecordID>4511</EventRecordID>
    <Correlation/>
    <Execution ProcessID=""3400"" ThreadID=""4208""/>
    <Channel>Microsoft-Windows-Sysmon/Operational</Channel>
    <Computer>WinDev2309Eval</Computer>
    <Security UserID=""S-1-5-18""/>
  </System>
  <EventData>
    <Data Name=""RuleName"">-</Data>
    <Data Name=""UtcTime"">2023-12-19 22:45:38.418</Data>
    <Data Name=""ProcessGuid"">{f57bd86a-1cf4-6582-3900-000000000d00}</Data>
    <Data Name=""ProcessId"">2660</Data>
    <Data Name=""Image"">C:\Windows\System32\spoolsv.exe</Data>
    <Data Name=""TargetFilename"">C:\Windows\System32\DriverStore\FileRepository\prnms011.inf_amd64_5ed2e427dd8c1c91\prnms011.PNF</Data>
    <Data Name=""CreationUtcTime"">2023-12-19 22:45:38.418</Data>
    <Data Name=""User"">NT AUTHORITY\SYSTEM</Data>
  </EventData>
</Event>
"
Microsoft-Windows-Sysmon/Operational,,,WinDev2309Eval,45:38.4,,,,,,,,,11,4510,,,,C:\Windows\System32\spoolsv.exe,,,0x8000000000000000,4,,,,,0,,,,,,,{f57bd86a-1cf4-6582-3900-000000000d00},3400,2660.0,,,,,,-,,,,,,,,,,,,,2023-12-19T22:45:38.4283704Z,C:\Windows\System32\DriverStore\FileRepository\prnms010.inf_amd64_74d967c3860c79ed\prnms010.PNF,,,,,,11,,4208,NT AUTHORITY\SYSTEM,S-1-5-18,45:38.4,2.0,"<Event xmlns=""http://schemas.microsoft.com/win/2004/08/events/event"">
  <System>
    <Provider Name=""Microsoft-Windows-Sysmon"" Guid=""{5770385f-c22a-43e0-bf4c-06f5698ffbd9}""/>
    <EventID>11</EventID>
    <Version>2</Version>
    <Level>4</Level>
    <Task>11</Task>
    <Opcode>0</Opcode>
    <Keywords>0x8000000000000000</Keywords>
    <TimeCreated SystemTime=""2023-12-19T22:45:38.4283704Z""/>
    <EventRecordID>4510</EventRecordID>
    <Correlation/>
    <Execution ProcessID=""3400"" ThreadID=""4208""/>
    <Channel>Microsoft-Windows-Sysmon/Operational</Channel>
    <Computer>WinDev2309Eval</Computer>
    <Security UserID=""S-1-5-18""/>
  </System>
  <EventData>
    <Data Name=""RuleName"">-</Data>
    <Data Name=""UtcTime"">2023-12-19 22:45:38.418</Data>
    <Data Name=""ProcessGuid"">{f57bd86a-1cf4-6582-3900-000000000d00}</Data>
    <Data Name=""ProcessId"">2660</Data>
    <Data Name=""Image"">C:\Windows\System32\spoolsv.exe</Data>
    <Data Name=""TargetFilename"">C:\Windows\System32\DriverStore\FileRepository\prnms010.inf_amd64_74d967c3860c79ed\prnms010.PNF</Data>
    <Data Name=""CreationUtcTime"">2023-12-19 22:45:38.418</Data>
    <Data Name=""User"">NT AUTHORITY\SYSTEM</Data>
  </EventData>
</Event>
"
Microsoft-Windows-Sysmon/Operational,,,WinDev2309Eval,45:38.4,,,,,,,,,11,4509,,,,C:\Windows\System32\spoolsv.exe,,,0x8000000000000000,4,,,,,0,,,,,,,{f57bd86a-1cf4-6582-3900-000000000d00},3400,2660.0,,,,,,-,,,,,,,,,,,,,2023-12-19T22:45:38.4228957Z,C:\Windows\System32\DriverStore\FileRepository\prnge001.inf_amd64_e3281669a963d71d\prnge001.PNF,,,,,,11,,4208,NT AUTHORITY\SYSTEM,S-1-5-18,45:38.4,2.0,"<Event xmlns=""http://schemas.microsoft.com/win/2004/08/events/event"">
  <System>
    <Provider Name=""Microsoft-Windows-Sysmon"" Guid=""{5770385f-c22a-43e0-bf4c-06f5698ffbd9}""/>
    <EventID>11</EventID>
    <Version>2</Version>
    <Level>4</Level>
    <Task>11</Task>
    <Opcode>0</Opcode>
    <Keywords>0x8000000000000000</Keywords>
    <TimeCreated SystemTime=""2023-12-19T22:45:38.4228957Z""/>
    <EventRecordID>4509</EventRecordID>
    <Correlation/>
    <Execution ProcessID=""3400"" ThreadID=""4208""/>
    <Channel>Microsoft-Windows-Sysmon/Operational</Channel>
    <Computer>WinDev2309Eval</Computer>
    <Security UserID=""S-1-5-18""/>
  </System>
  <EventData>
    <Data Name=""RuleName"">-</Data>
    <Data Name=""UtcTime"">2023-12-19 22:45:38.418</Data>
    <Data Name=""ProcessGuid"">{f57bd86a-1cf4-6582-3900-000000000d00}</Data>
    <Data Name=""ProcessId"">2660</Data>
    <Data Name=""Image"">C:\Windows\System32\spoolsv.exe</Data>
    <Data Name=""TargetFilename"">C:\Windows\System32\DriverStore\FileRepository\prnge001.inf_amd64_e3281669a963d71d\prnge001.PNF</Data>
    <Data Name=""CreationUtcTime"">2023-12-19 22:45:38.418</Data>
    <Data Name=""User"">NT AUTHORITY\SYSTEM</Data>
  </EventData>
</Event>
"
Microsoft-Windows-Sysmon/Operational,,,WinDev2309Eval,45:38.4,,,,,,,,,11,4508,,,,C:\Windows\System32\spoolsv.exe,,,0x8000000000000000,4,,,,,0,,,,,,,{f57bd86a-1cf4-6582-3900-000000000d00},3400,2660.0,,,,,,-,,,,,,,,,,,,,2023-12-19T22:45:38.4058095Z,C:\Windows\System32\DriverStore\FileRepository\prnms003.inf_amd64_f4a269683ef774ae\prnms003.PNF,,,,,,11,,4208,NT AUTHORITY\SYSTEM,S-1-5-18,45:38.4,2.0,"<Event xmlns=""http://schemas.microsoft.com/win/2004/08/events/event"">
  <System>
    <Provider Name=""Microsoft-Windows-Sysmon"" Guid=""{5770385f-c22a-43e0-bf4c-06f5698ffbd9}""/>
    <EventID>11</EventID>
    <Version>2</Version>
    <Level>4</Level>
    <Task>11</Task>
    <Opcode>0</Opcode>
    <Keywords>0x8000000000000000</Keywords>
    <TimeCreated SystemTime=""2023-12-19T22:45:38.4058095Z""/>
    <EventRecordID>4508</EventRecordID>
    <Correlation/>
    <Execution ProcessID=""3400"" ThreadID=""4208""/>
    <Channel>Microsoft-Windows-Sysmon/Operational</Channel>
    <Computer>WinDev2309Eval</Computer>
    <Security UserID=""S-1-5-18""/>
  </System>
  <EventData>
    <Data Name=""RuleName"">-</Data>
    <Data Name=""UtcTime"">2023-12-19 22:45:38.402</Data>
    <Data Name=""ProcessGuid"">{f57bd86a-1cf4-6582-3900-000000000d00}</Data>
    <Data Name=""ProcessId"">2660</Data>
    <Data Name=""Image"">C:\Windows\System32\spoolsv.exe</Data>
    <Data Name=""TargetFilename"">C:\Windows\System32\DriverStore\FileRepository\prnms003.inf_amd64_f4a269683ef774ae\prnms003.PNF</Data>
    <Data Name=""CreationUtcTime"">2023-12-19 22:45:38.402</Data>
    <Data Name=""User"">NT AUTHORITY\SYSTEM</Data>
  </EventData>
</Event>
"
Microsoft-Windows-Sysmon/Operational,,,WinDev2309Eval,,,,,,,,,10.0.22621.2861,13,4507,SetValue,,,C:\Windows\System32\spoolsv.exe,,,0x8000000000000000,4,,,,,0,,,,,,,{f57bd86a-1cf4-6582-3900-000000000d00},3400,2660.0,,,,,,InvDB-DriverVer,,,,,,,,,,,,,2023-12-19T22:45:38.3957995Z,,,HKLM\System\CurrentControlSet\Control\Print\Environments\Windows NT x86\Drivers\Version-3\Microsoft enhanced Point and Print compatibility driver\DriverVersion,,,,13,,4208,NT AUTHORITY\SYSTEM,S-1-5-18,45:38.4,2.0,"<Event xmlns=""http://schemas.microsoft.com/win/2004/08/events/event"">
  <System>
    <Provider Name=""Microsoft-Windows-Sysmon"" Guid=""{5770385f-c22a-43e0-bf4c-06f5698ffbd9}""/>
    <EventID>13</EventID>
    <Version>2</Version>
    <Level>4</Level>
    <Task>13</Task>
    <Opcode>0</Opcode>
    <Keywords>0x8000000000000000</Keywords>
    <TimeCreated SystemTime=""2023-12-19T22:45:38.3957995Z""/>
    <EventRecordID>4507</EventRecordID>
    <Correlation/>
    <Execution ProcessID=""3400"" ThreadID=""4208""/>
    <Channel>Microsoft-Windows-Sysmon/Operational</Channel>
    <Computer>WinDev2309Eval</Computer>
    <Security UserID=""S-1-5-18""/>
  </System>
  <EventData>
    <Data Name=""RuleName"">InvDB-DriverVer</Data>
    <Data Name=""EventType"">SetValue</Data>
    <Data Name=""UtcTime"">2023-12-19 22:45:38.387</Data>
    <Data Name=""ProcessGuid"">{f57bd86a-1cf4-6582-3900-000000000d00}</Data>
    <Data Name=""ProcessId"">2660</Data>
    <Data Name=""Image"">C:\Windows\System32\spoolsv.exe</Data>
    <Data Name=""TargetObject"">HKLM\System\CurrentControlSet\Control\Print\Environments\Windows NT x86\Drivers\Version-3\Microsoft enhanced Point and Print compatibility driver\DriverVersion</Data>
    <Data Name=""Details"">10.0.22621.2861</Data>
    <Data Name=""User"">NT AUTHORITY\SYSTEM</Data>
  </EventData>
</Event>
"
Microsoft-Windows-Sysmon/Operational,,,WinDev2309Eval,45:38.4,,,,,,,,,11,4506,,,,C:\Windows\System32\spoolsv.exe,,,0x8000000000000000,4,,,,,0,,,,,,,{f57bd86a-1cf4-6582-3900-000000000d00},3400,2660.0,,,,,,DLL,,,,,,,,,,,,,2023-12-19T22:45:38.3576060Z,C:\Windows\System32\spool\drivers\W32X86\3\New\PrintConfig.dll,,,,,,11,,4208,NT AUTHORITY\SYSTEM,S-1-5-18,45:38.4,2.0,"<Event xmlns=""http://schemas.microsoft.com/win/2004/08/events/event"">
  <System>
    <Provider Name=""Microsoft-Windows-Sysmon"" Guid=""{5770385f-c22a-43e0-bf4c-06f5698ffbd9}""/>
    <EventID>11</EventID>
    <Version>2</Version>
    <Level>4</Level>
    <Task>11</Task>
    <Opcode>0</Opcode>
    <Keywords>0x8000000000000000</Keywords>
    <TimeCreated SystemTime=""2023-12-19T22:45:38.3576060Z""/>
    <EventRecordID>4506</EventRecordID>
    <Correlation/>
    <Execution ProcessID=""3400"" ThreadID=""4208""/>
    <Channel>Microsoft-Windows-Sysmon/Operational</Channel>
    <Computer>WinDev2309Eval</Computer>
    <Security UserID=""S-1-5-18""/>
  </System>
  <EventData>
    <Data Name=""RuleName"">DLL</Data>
    <Data Name=""UtcTime"">2023-12-19 22:45:38.356</Data>
    <Data Name=""ProcessGuid"">{f57bd86a-1cf4-6582-3900-000000000d00}</Data>
    <Data Name=""ProcessId"">2660</Data>
    <Data Name=""Image"">C:\Windows\System32\spoolsv.exe</Data>
    <Data Name=""TargetFilename"">C:\Windows\System32\spool\drivers\W32X86\3\New\PrintConfig.dll</Data>
    <Data Name=""CreationUtcTime"">2023-12-19 22:45:38.356</Data>
    <Data Name=""User"">NT AUTHORITY\SYSTEM</Data>
  </EventData>
</Event>
"
Microsoft-Windows-Sysmon/Operational,,,WinDev2309Eval,45:38.3,,,,,,,,,11,4505,,,,C:\Windows\System32\spoolsv.exe,,,0x8000000000000000,4,,,,,0,,,,,,,{f57bd86a-1cf4-6582-3900-000000000d00},3400,2660.0,,,,,,DLL,,,,,,,,,,,,,2023-12-19T22:45:38.3438553Z,C:\Windows\System32\spool\drivers\W32X86\3\New\mxdwdrv.dll,,,,,,11,,4208,NT AUTHORITY\SYSTEM,S-1-5-18,45:38.3,2.0,"<Event xmlns=""http://schemas.microsoft.com/win/2004/08/events/event"">
  <System>
    <Provider Name=""Microsoft-Windows-Sysmon"" Guid=""{5770385f-c22a-43e0-bf4c-06f5698ffbd9}""/>
    <EventID>11</EventID>
    <Version>2</Version>
    <Level>4</Level>
    <Task>11</Task>
    <Opcode>0</Opcode>
    <Keywords>0x8000000000000000</Keywords>
    <TimeCreated SystemTime=""2023-12-19T22:45:38.3438553Z""/>
    <EventRecordID>4505</EventRecordID>
    <Correlation/>
    <Execution ProcessID=""3400"" ThreadID=""4208""/>
    <Channel>Microsoft-Windows-Sysmon/Operational</Channel>
    <Computer>WinDev2309Eval</Computer>
    <Security UserID=""S-1-5-18""/>
  </System>
  <EventData>
    <Data Name=""RuleName"">DLL</Data>
    <Data Name=""UtcTime"">2023-12-19 22:45:38.339</Data>
    <Data Name=""ProcessGuid"">{f57bd86a-1cf4-6582-3900-000000000d00}</Data>
    <Data Name=""ProcessId"">2660</Data>
    <Data Name=""Image"">C:\Windows\System32\spoolsv.exe</Data>
    <Data Name=""TargetFilename"">C:\Windows\System32\spool\drivers\W32X86\3\New\mxdwdrv.dll</Data>
    <Data Name=""CreationUtcTime"">2023-12-19 22:45:38.339</Data>
    <Data Name=""User"">NT AUTHORITY\SYSTEM</Data>
  </EventData>
</Event>
"
Microsoft-Windows-Sysmon/Operational,,,WinDev2309Eval,,,,,,,,,10.0.22621.2506,13,4504,SetValue,,,C:\Windows\System32\spoolsv.exe,,,0x8000000000000000,4,,,,,0,,,,,,,{f57bd86a-1cf4-6582-3900-000000000d00},3400,2660.0,,,,,,InvDB-DriverVer,,,,,,,,,,,,,2023-12-19T22:45:38.1721245Z,,,HKLM\SOFTWARE\Microsoft\Windows NT\CurrentVersion\Print\PackageInstallation\Windows NT x86\CorePrinterDrivers\{D20EA372-DD35-4950-9ED8-A6335AFE79F5}\DriverVersion,,,,13,,4208,NT AUTHORITY\SYSTEM,S-1-5-18,45:38.2,2.0,"<Event xmlns=""http://schemas.microsoft.com/win/2004/08/events/event"">
  <System>
    <Provider Name=""Microsoft-Windows-Sysmon"" Guid=""{5770385f-c22a-43e0-bf4c-06f5698ffbd9}""/>
    <EventID>13</EventID>
    <Version>2</Version>
    <Level>4</Level>
    <Task>13</Task>
    <Opcode>0</Opcode>
    <Keywords>0x8000000000000000</Keywords>
    <TimeCreated SystemTime=""2023-12-19T22:45:38.1721245Z""/>
    <EventRecordID>4504</EventRecordID>
    <Correlation/>
    <Execution ProcessID=""3400"" ThreadID=""4208""/>
    <Channel>Microsoft-Windows-Sysmon/Operational</Channel>
    <Computer>WinDev2309Eval</Computer>
    <Security UserID=""S-1-5-18""/>
  </System>
  <EventData>
    <Data Name=""RuleName"">InvDB-DriverVer</Data>
    <Data Name=""EventType"">SetValue</Data>
    <Data Name=""UtcTime"">2023-12-19 22:45:38.166</Data>
    <Data Name=""ProcessGuid"">{f57bd86a-1cf4-6582-3900-000000000d00}</Data>
    <Data Name=""ProcessId"">2660</Data>
    <Data Name=""Image"">C:\Windows\System32\spoolsv.exe</Data>
    <Data Name=""TargetObject"">HKLM\SOFTWARE\Microsoft\Windows NT\CurrentVersion\Print\PackageInstallation\Windows NT x86\CorePrinterDrivers\{D20EA372-DD35-4950-9ED8-A6335AFE79F5}\DriverVersion</Data>
    <Data Name=""Details"">10.0.22621.2506</Data>
    <Data Name=""User"">NT AUTHORITY\SYSTEM</Data>
  </EventData>
</Event>
"
Microsoft-Windows-Sysmon/Operational,,,WinDev2309Eval,,,,,,,,,,22,4503,,,,C:\Windows\System32\spoolsv.exe,,,0x8000000000000000,4,,,,,0,,,,,,,{f57bd86a-1cf4-6582-3900-000000000d00},3400,2660.0,,,WINDEV2309EVAL,fe80::3c85:6ac4:1ab8:5e25;fe80::c03b:b06a:788e:58d4;,0.0,-,,,,,,,,,,,,,2023-12-19T22:45:38.0733118Z,,,,,,,22,,4220,NT AUTHORITY\SYSTEM,S-1-5-18,45:37.5,5.0,"<Event xmlns=""http://schemas.microsoft.com/win/2004/08/events/event"">
  <System>
    <Provider Name=""Microsoft-Windows-Sysmon"" Guid=""{5770385f-c22a-43e0-bf4c-06f5698ffbd9}""/>
    <EventID>22</EventID>
    <Version>5</Version>
    <Level>4</Level>
    <Task>22</Task>
    <Opcode>0</Opcode>
    <Keywords>0x8000000000000000</Keywords>
    <TimeCreated SystemTime=""2023-12-19T22:45:38.0733118Z""/>
    <EventRecordID>4503</EventRecordID>
    <Correlation/>
    <Execution ProcessID=""3400"" ThreadID=""4220""/>
    <Channel>Microsoft-Windows-Sysmon/Operational</Channel>
    <Computer>WinDev2309Eval</Computer>
    <Security UserID=""S-1-5-18""/>
  </System>
  <EventData>
    <Data Name=""RuleName"">-</Data>
    <Data Name=""UtcTime"">2023-12-19 22:45:37.503</Data>
    <Data Name=""ProcessGuid"">{f57bd86a-1cf4-6582-3900-000000000d00}</Data>
    <Data Name=""ProcessId"">2660</Data>
    <Data Name=""QueryName"">WINDEV2309EVAL</Data>
    <Data Name=""QueryStatus"">0</Data>
    <Data Name=""QueryResults"">fe80::3c85:6ac4:1ab8:5e25;fe80::c03b:b06a:788e:58d4;</Data>
    <Data Name=""Image"">C:\Windows\System32\spoolsv.exe</Data>
    <Data Name=""User"">NT AUTHORITY\SYSTEM</Data>
  </EventData>
</Event>
"
Microsoft-Windows-Sysmon/Operational,,,WinDev2309Eval,,,,,,,,,,22,4502,,,,C:\Windows\System32\spoolsv.exe,,,0x8000000000000000,4,,,,,0,,,,,,,{f57bd86a-1cf4-6582-3900-000000000d00},3400,2660.0,,,WINDEV2309EVAL,192.168.36.130;192.168.126.163;,0.0,-,,,,,,,,,,,,,2023-12-19T22:45:38.0732958Z,,,,,,,22,,4220,NT AUTHORITY\SYSTEM,S-1-5-18,45:37.5,5.0,"<Event xmlns=""http://schemas.microsoft.com/win/2004/08/events/event"">
  <System>
    <Provider Name=""Microsoft-Windows-Sysmon"" Guid=""{5770385f-c22a-43e0-bf4c-06f5698ffbd9}""/>
    <EventID>22</EventID>
    <Version>5</Version>
    <Level>4</Level>
    <Task>22</Task>
    <Opcode>0</Opcode>
    <Keywords>0x8000000000000000</Keywords>
    <TimeCreated SystemTime=""2023-12-19T22:45:38.0732958Z""/>
    <EventRecordID>4502</EventRecordID>
    <Correlation/>
    <Execution ProcessID=""3400"" ThreadID=""4220""/>
    <Channel>Microsoft-Windows-Sysmon/Operational</Channel>
    <Computer>WinDev2309Eval</Computer>
    <Security UserID=""S-1-5-18""/>
  </System>
  <EventData>
    <Data Name=""RuleName"">-</Data>
    <Data Name=""UtcTime"">2023-12-19 22:45:37.503</Data>
    <Data Name=""ProcessGuid"">{f57bd86a-1cf4-6582-3900-000000000d00}</Data>
    <Data Name=""ProcessId"">2660</Data>
    <Data Name=""QueryName"">WINDEV2309EVAL</Data>
    <Data Name=""QueryStatus"">0</Data>
    <Data Name=""QueryResults"">192.168.36.130;192.168.126.163;</Data>
    <Data Name=""Image"">C:\Windows\System32\spoolsv.exe</Data>
    <Data Name=""User"">NT AUTHORITY\SYSTEM</Data>
  </EventData>
</Event>
"
Microsoft-Windows-Sysmon/Operational,,,WinDev2309Eval,,,,,,,,,,22,4501,,,,C:\Windows\System32\spoolsv.exe,,,0x8000000000000000,4,,,,,0,,,,,,,{f57bd86a-1cf4-6582-3900-000000000d00},3400,2660.0,,,WINDEV2309EVAL,fe80::3c85:6ac4:1ab8:5e25;fe80::c03b:b06a:788e:58d4;::ffff:192.168.36.130;::ffff:192.168.126.163;,0.0,-,,,,,,,,,,,,,2023-12-19T22:45:38.0732468Z,,,,,,,22,,4220,NT AUTHORITY\SYSTEM,S-1-5-18,45:36.0,5.0,"<Event xmlns=""http://schemas.microsoft.com/win/2004/08/events/event"">
  <System>
    <Provider Name=""Microsoft-Windows-Sysmon"" Guid=""{5770385f-c22a-43e0-bf4c-06f5698ffbd9}""/>
    <EventID>22</EventID>
    <Version>5</Version>
    <Level>4</Level>
    <Task>22</Task>
    <Opcode>0</Opcode>
    <Keywords>0x8000000000000000</Keywords>
    <TimeCreated SystemTime=""2023-12-19T22:45:38.0732468Z""/>
    <EventRecordID>4501</EventRecordID>
    <Correlation/>
    <Execution ProcessID=""3400"" ThreadID=""4220""/>
    <Channel>Microsoft-Windows-Sysmon/Operational</Channel>
    <Computer>WinDev2309Eval</Computer>
    <Security UserID=""S-1-5-18""/>
  </System>
  <EventData>
    <Data Name=""RuleName"">-</Data>
    <Data Name=""UtcTime"">2023-12-19 22:45:36.021</Data>
    <Data Name=""ProcessGuid"">{f57bd86a-1cf4-6582-3900-000000000d00}</Data>
    <Data Name=""ProcessId"">2660</Data>
    <Data Name=""QueryName"">WINDEV2309EVAL</Data>
    <Data Name=""QueryStatus"">0</Data>
    <Data Name=""QueryResults"">fe80::3c85:6ac4:1ab8:5e25;fe80::c03b:b06a:788e:58d4;::ffff:192.168.36.130;::ffff:192.168.126.163;</Data>
    <Data Name=""Image"">C:\Windows\System32\spoolsv.exe</Data>
    <Data Name=""User"">NT AUTHORITY\SYSTEM</Data>
  </EventData>
</Event>
"
Microsoft-Windows-Sysmon/Operational,,,WinDev2309Eval,45:37.9,,,,,,,,,11,4500,,,,C:\Windows\System32\spoolsv.exe,,,0x8000000000000000,4,,,,,0,,,,,,,{f57bd86a-1cf4-6582-3900-000000000d00},3400,2660.0,,,,,,-,,,,,,,,,,,,,2023-12-19T22:45:37.8888435Z,C:\Windows\System32\DriverStore\FileRepository\ntprint.inf_x86_da68d8e26d6f4c64\ntprint.PNF,,,,,,11,,4208,NT AUTHORITY\SYSTEM,S-1-5-18,45:37.9,2.0,"<Event xmlns=""http://schemas.microsoft.com/win/2004/08/events/event"">
  <System>
    <Provider Name=""Microsoft-Windows-Sysmon"" Guid=""{5770385f-c22a-43e0-bf4c-06f5698ffbd9}""/>
    <EventID>11</EventID>
    <Version>2</Version>
    <Level>4</Level>
    <Task>11</Task>
    <Opcode>0</Opcode>
    <Keywords>0x8000000000000000</Keywords>
    <TimeCreated SystemTime=""2023-12-19T22:45:37.8888435Z""/>
    <EventRecordID>4500</EventRecordID>
    <Correlation/>
    <Execution ProcessID=""3400"" ThreadID=""4208""/>
    <Channel>Microsoft-Windows-Sysmon/Operational</Channel>
    <Computer>WinDev2309Eval</Computer>
    <Security UserID=""S-1-5-18""/>
  </System>
  <EventData>
    <Data Name=""RuleName"">-</Data>
    <Data Name=""UtcTime"">2023-12-19 22:45:37.885</Data>
    <Data Name=""ProcessGuid"">{f57bd86a-1cf4-6582-3900-000000000d00}</Data>
    <Data Name=""ProcessId"">2660</Data>
    <Data Name=""Image"">C:\Windows\System32\spoolsv.exe</Data>
    <Data Name=""TargetFilename"">C:\Windows\System32\DriverStore\FileRepository\ntprint.inf_x86_da68d8e26d6f4c64\ntprint.PNF</Data>
    <Data Name=""CreationUtcTime"">2023-12-19 22:45:37.885</Data>
    <Data Name=""User"">NT AUTHORITY\SYSTEM</Data>
  </EventData>
</Event>
"
Microsoft-Windows-Sysmon/Operational,,,WinDev2309Eval,45:37.9,,,,,,,,,11,4499,,,,C:\Windows\System32\spoolsv.exe,,,0x8000000000000000,4,,,,,0,,,,,,,{f57bd86a-1cf4-6582-3900-000000000d00},3400,2660.0,,,,,,-,,,,,,,,,,,,,2023-12-19T22:45:37.8655131Z,C:\Windows\System32\DriverStore\FileRepository\prnms003.inf_x86_96a5833369934e20\prnms003.PNF,,,,,,11,,4208,NT AUTHORITY\SYSTEM,S-1-5-18,45:37.9,2.0,"<Event xmlns=""http://schemas.microsoft.com/win/2004/08/events/event"">
  <System>
    <Provider Name=""Microsoft-Windows-Sysmon"" Guid=""{5770385f-c22a-43e0-bf4c-06f5698ffbd9}""/>
    <EventID>11</EventID>
    <Version>2</Version>
    <Level>4</Level>
    <Task>11</Task>
    <Opcode>0</Opcode>
    <Keywords>0x8000000000000000</Keywords>
    <TimeCreated SystemTime=""2023-12-19T22:45:37.8655131Z""/>
    <EventRecordID>4499</EventRecordID>
    <Correlation/>
    <Execution ProcessID=""3400"" ThreadID=""4208""/>
    <Channel>Microsoft-Windows-Sysmon/Operational</Channel>
    <Computer>WinDev2309Eval</Computer>
    <Security UserID=""S-1-5-18""/>
  </System>
  <EventData>
    <Data Name=""RuleName"">-</Data>
    <Data Name=""UtcTime"">2023-12-19 22:45:37.854</Data>
    <Data Name=""ProcessGuid"">{f57bd86a-1cf4-6582-3900-000000000d00}</Data>
    <Data Name=""ProcessId"">2660</Data>
    <Data Name=""Image"">C:\Windows\System32\spoolsv.exe</Data>
    <Data Name=""TargetFilename"">C:\Windows\System32\DriverStore\FileRepository\prnms003.inf_x86_96a5833369934e20\prnms003.PNF</Data>
    <Data Name=""CreationUtcTime"">2023-12-19 22:45:37.854</Data>
    <Data Name=""User"">NT AUTHORITY\SYSTEM</Data>
  </EventData>
</Event>
"
Microsoft-Windows-Sysmon/Operational,,,WinDev2309Eval,,,,,,,,,DWORD (0x00000401),13,4498,SetValue,,,C:\Windows\System32\spoolsv.exe,,,0x8000000000000000,4,,,,,0,,,,,,,{f57bd86a-1cf4-6582-3900-000000000d00},3400,2660.0,,,,,,InvDB-DriverVer,,,,,,,,,,,,,2023-12-19T22:45:37.7890423Z,,,HKLM\SOFTWARE\Microsoft\Windows NT\CurrentVersion\Print\Printers\Microsoft Print to PDF\DsDriver\driverVersion,,,,13,,4208,NT AUTHORITY\SYSTEM,S-1-5-18,45:37.8,2.0,"<Event xmlns=""http://schemas.microsoft.com/win/2004/08/events/event"">
  <System>
    <Provider Name=""Microsoft-Windows-Sysmon"" Guid=""{5770385f-c22a-43e0-bf4c-06f5698ffbd9}""/>
    <EventID>13</EventID>
    <Version>2</Version>
    <Level>4</Level>
    <Task>13</Task>
    <Opcode>0</Opcode>
    <Keywords>0x8000000000000000</Keywords>
    <TimeCreated SystemTime=""2023-12-19T22:45:37.7890423Z""/>
    <EventRecordID>4498</EventRecordID>
    <Correlation/>
    <Execution ProcessID=""3400"" ThreadID=""4208""/>
    <Channel>Microsoft-Windows-Sysmon/Operational</Channel>
    <Computer>WinDev2309Eval</Computer>
    <Security UserID=""S-1-5-18""/>
  </System>
  <EventData>
    <Data Name=""RuleName"">InvDB-DriverVer</Data>
    <Data Name=""EventType"">SetValue</Data>
    <Data Name=""UtcTime"">2023-12-19 22:45:37.776</Data>
    <Data Name=""ProcessGuid"">{f57bd86a-1cf4-6582-3900-000000000d00}</Data>
    <Data Name=""ProcessId"">2660</Data>
    <Data Name=""Image"">C:\Windows\System32\spoolsv.exe</Data>
    <Data Name=""TargetObject"">HKLM\SOFTWARE\Microsoft\Windows NT\CurrentVersion\Print\Printers\Microsoft Print to PDF\DsDriver\driverVersion</Data>
    <Data Name=""Details"">DWORD (0x00000401)</Data>
    <Data Name=""User"">NT AUTHORITY\SYSTEM</Data>
  </EventData>
</Event>
"
Microsoft-Windows-Sysmon/Operational,,,WinDev2309Eval,,,,,,,,,10.0.22621.1,13,4497,SetValue,,,C:\Windows\System32\spoolsv.exe,,,0x8000000000000000,4,,,,,0,,,,,,,{f57bd86a-1cf4-6582-3900-000000000d00},3400,2660.0,,,,,,InvDB-DriverVer,,,,,,,,,,,,,2023-12-19T22:45:37.3879091Z,,,HKLM\System\CurrentControlSet\Control\Print\Environments\Windows x64\Drivers\Version-4\Microsoft Print To PDF\DriverVersion,,,,13,,4208,NT AUTHORITY\SYSTEM,S-1-5-18,45:37.4,2.0,"<Event xmlns=""http://schemas.microsoft.com/win/2004/08/events/event"">
  <System>
    <Provider Name=""Microsoft-Windows-Sysmon"" Guid=""{5770385f-c22a-43e0-bf4c-06f5698ffbd9}""/>
    <EventID>13</EventID>
    <Version>2</Version>
    <Level>4</Level>
    <Task>13</Task>
    <Opcode>0</Opcode>
    <Keywords>0x8000000000000000</Keywords>
    <TimeCreated SystemTime=""2023-12-19T22:45:37.3879091Z""/>
    <EventRecordID>4497</EventRecordID>
    <Correlation/>
    <Execution ProcessID=""3400"" ThreadID=""4208""/>
    <Channel>Microsoft-Windows-Sysmon/Operational</Channel>
    <Computer>WinDev2309Eval</Computer>
    <Security UserID=""S-1-5-18""/>
  </System>
  <EventData>
    <Data Name=""RuleName"">InvDB-DriverVer</Data>
    <Data Name=""EventType"">SetValue</Data>
    <Data Name=""UtcTime"">2023-12-19 22:45:37.385</Data>
    <Data Name=""ProcessGuid"">{f57bd86a-1cf4-6582-3900-000000000d00}</Data>
    <Data Name=""ProcessId"">2660</Data>
    <Data Name=""Image"">C:\Windows\System32\spoolsv.exe</Data>
    <Data Name=""TargetObject"">HKLM\System\CurrentControlSet\Control\Print\Environments\Windows x64\Drivers\Version-4\Microsoft Print To PDF\DriverVersion</Data>
    <Data Name=""Details"">10.0.22621.1</Data>
    <Data Name=""User"">NT AUTHORITY\SYSTEM</Data>
  </EventData>
</Event>
"
Microsoft-Windows-Sysmon/Operational,,,WinDev2309Eval,45:37.3,,,,,,,,,11,4496,,,,C:\Windows\System32\spoolsv.exe,,,0x8000000000000000,4,,,,,0,,,,,,,{f57bd86a-1cf4-6582-3900-000000000d00},3400,2660.0,,,,,,DLL,,,,,,,,,,,,,2023-12-19T22:45:37.3182066Z,C:\Windows\System32\spool\drivers\x64\3\New\UNIRES.DLL,,,,,,11,,4208,NT AUTHORITY\SYSTEM,S-1-5-18,45:37.3,2.0,"<Event xmlns=""http://schemas.microsoft.com/win/2004/08/events/event"">
  <System>
    <Provider Name=""Microsoft-Windows-Sysmon"" Guid=""{5770385f-c22a-43e0-bf4c-06f5698ffbd9}""/>
    <EventID>11</EventID>
    <Version>2</Version>
    <Level>4</Level>
    <Task>11</Task>
    <Opcode>0</Opcode>
    <Keywords>0x8000000000000000</Keywords>
    <TimeCreated SystemTime=""2023-12-19T22:45:37.3182066Z""/>
    <EventRecordID>4496</EventRecordID>
    <Correlation/>
    <Execution ProcessID=""3400"" ThreadID=""4208""/>
    <Channel>Microsoft-Windows-Sysmon/Operational</Channel>
    <Computer>WinDev2309Eval</Computer>
    <Security UserID=""S-1-5-18""/>
  </System>
  <EventData>
    <Data Name=""RuleName"">DLL</Data>
    <Data Name=""UtcTime"">2023-12-19 22:45:37.307</Data>
    <Data Name=""ProcessGuid"">{f57bd86a-1cf4-6582-3900-000000000d00}</Data>
    <Data Name=""ProcessId"">2660</Data>
    <Data Name=""Image"">C:\Windows\System32\spoolsv.exe</Data>
    <Data Name=""TargetFilename"">C:\Windows\System32\spool\drivers\x64\3\New\UNIRES.DLL</Data>
    <Data Name=""CreationUtcTime"">2023-12-19 22:45:37.307</Data>
    <Data Name=""User"">NT AUTHORITY\SYSTEM</Data>
  </EventData>
</Event>
"
