Channel,CommandLine,Company,Computer,CreationUtcTime,CurrentDirectory,Description,DestinationHostname,DestinationIp,DestinationIsIpv6,DestinationPort,DestinationPortName,Details,EventID,EventRecordID,EventType,FileVersion,Hashes,Image,Initiated,IntegrityLevel,Keywords,Level,LogonGuid,LogonId,Message,NewThreadId,Opcode,OriginalFileName,ParentCommandLine,ParentImage,ParentProcessGuid,ParentProcessId,ParentUser,ProcessGuid,ProcessID,ProcessId,Product,Protocol,QueryName,QueryResults,QueryStatus,RuleName,SourceHostname,SourceImage,SourceIp,SourceIsIpv6,SourcePort,SourcePortName,SourceProcessGuid,SourceProcessId,SourceUser,StartAddress,StartFunction,StartModule,SystemTime,TargetFilename,TargetImage,TargetObject,TargetProcessGuid,TargetProcessId,TargetUser,Task,TerminalSessionId,ThreadID,User,UserID,UtcTime,Version,raw
Microsoft-Windows-Sysmon/Operational,,,WinDev2309Eval,,,,,,,,,,22,1085,,,,C:\Program Files\WindowsApps\26720RandomSaladGamesLLC.SimpleSolitaire_7.4.14.0_x64__kx24dqmazqk8j\SimpleSolitaire.UWP.exe,,,0x8000000000000000,4,,,,,0,,,,,,,{f57bd86a-080f-6582-0a04-000000000b00},10484,2196.0,,,pr-bh.ybp.yahoo.com,type: 5 ds-pr-bh.ybp.gysm.yahoodns.net;::ffff:34.251.249.207;::ffff:54.194.71.38;::ffff:34.240.111.87;::ffff:52.19.41.185;,0.0,-,,,,,,,,,,,,,2023-12-19T21:17:57.6557801Z,,,,,,,22,,12816,WINDEV2309EVAL\User,S-1-5-18,17:57.3,5.0,"<Event xmlns=""http://schemas.microsoft.com/win/2004/08/events/event"">
  <System>
    <Provider Name=""Microsoft-Windows-Sysmon"" Guid=""{5770385f-c22a-43e0-bf4c-06f5698ffbd9}""/>
    <EventID>22</EventID>
    <Version>5</Version>
    <Level>4</Level>
    <Task>22</Task>
    <Opcode>0</Opcode>
    <Keywords>0x8000000000000000</Keywords>
    <TimeCreated SystemTime=""2023-12-19T21:17:57.6557801Z""/>
    <EventRecordID>1085</EventRecordID>
    <Correlation/>
    <Execution ProcessID=""10484"" ThreadID=""12816""/>
    <Channel>Microsoft-Windows-Sysmon/Operational</Channel>
    <Computer>WinDev2309Eval</Computer>
    <Security UserID=""S-1-5-18""/>
  </System>
  <EventData>
    <Data Name=""RuleName"">-</Data>
    <Data Name=""UtcTime"">2023-12-19 21:17:57.327</Data>
    <Data Name=""ProcessGuid"">{f57bd86a-080f-6582-0a04-000000000b00}</Data>
    <Data Name=""ProcessId"">2196</Data>
    <Data Name=""QueryName"">pr-bh.ybp.yahoo.com</Data>
    <Data Name=""QueryStatus"">0</Data>
    <Data Name=""QueryResults"">type: 5 ds-pr-bh.ybp.gysm.yahoodns.net;::ffff:34.251.249.207;::ffff:54.194.71.38;::ffff:34.240.111.87;::ffff:52.19.41.185;</Data>
    <Data Name=""Image"">C:\Program Files\WindowsApps\26720RandomSaladGamesLLC.SimpleSolitaire_7.4.14.0_x64__kx24dqmazqk8j\SimpleSolitaire.UWP.exe</Data>
    <Data Name=""User"">WINDEV2309EVAL\User</Data>
  </EventData>
</Event>
"
Microsoft-Windows-Sysmon/Operational,,,WinDev2309Eval,,,,,,,,,,22,1084,,,,C:\Program Files\WindowsApps\26720RandomSaladGamesLLC.SimpleSolitaire_7.4.14.0_x64__kx24dqmazqk8j\SimpleSolitaire.UWP.exe,,,0x8000000000000000,4,,,,,0,,,,,,,{f57bd86a-080f-6582-0a04-000000000b00},10484,2196.0,,,creativecdn.com,::ffff:185.184.8.90;,0.0,-,,,,,,,,,,,,,2023-12-19T21:17:57.6556123Z,,,,,,,22,,12816,WINDEV2309EVAL\User,S-1-5-18,17:57.3,5.0,"<Event xmlns=""http://schemas.microsoft.com/win/2004/08/events/event"">
  <System>
    <Provider Name=""Microsoft-Windows-Sysmon"" Guid=""{5770385f-c22a-43e0-bf4c-06f5698ffbd9}""/>
    <EventID>22</EventID>
    <Version>5</Version>
    <Level>4</Level>
    <Task>22</Task>
    <Opcode>0</Opcode>
    <Keywords>0x8000000000000000</Keywords>
    <TimeCreated SystemTime=""2023-12-19T21:17:57.6556123Z""/>
    <EventRecordID>1084</EventRecordID>
    <Correlation/>
    <Execution ProcessID=""10484"" ThreadID=""12816""/>
    <Channel>Microsoft-Windows-Sysmon/Operational</Channel>
    <Computer>WinDev2309Eval</Computer>
    <Security UserID=""S-1-5-18""/>
  </System>
  <EventData>
    <Data Name=""RuleName"">-</Data>
    <Data Name=""UtcTime"">2023-12-19 21:17:57.318</Data>
    <Data Name=""ProcessGuid"">{f57bd86a-080f-6582-0a04-000000000b00}</Data>
    <Data Name=""ProcessId"">2196</Data>
    <Data Name=""QueryName"">creativecdn.com</Data>
    <Data Name=""QueryStatus"">0</Data>
    <Data Name=""QueryResults"">::ffff:185.184.8.90;</Data>
    <Data Name=""Image"">C:\Program Files\WindowsApps\26720RandomSaladGamesLLC.SimpleSolitaire_7.4.14.0_x64__kx24dqmazqk8j\SimpleSolitaire.UWP.exe</Data>
    <Data Name=""User"">WINDEV2309EVAL\User</Data>
  </EventData>
</Event>
"
Microsoft-Windows-Sysmon/Operational,,,WinDev2309Eval,,,,,,,,,,22,1083,,,,C:\Program Files\WindowsApps\26720RandomSaladGamesLLC.SimpleSolitaire_7.4.14.0_x64__kx24dqmazqk8j\SimpleSolitaire.UWP.exe,,,0x8000000000000000,4,,,,,0,,,,,,,{f57bd86a-080f-6582-0a04-000000000b00},10484,2196.0,,,sync.srv.stackadapt.com,::ffff:52.86.3.95;::ffff:54.152.61.223;::ffff:54.211.244.166;::ffff:52.86.155.246;::ffff:54.197.120.184;::ffff:54.159.41.249;::ffff:54.166.150.36;::ffff:54.157.109.0;,0.0,-,,,,,,,,,,,,,2023-12-19T21:17:57.6555811Z,,,,,,,22,,12816,WINDEV2309EVAL\User,S-1-5-18,17:57.3,5.0,"<Event xmlns=""http://schemas.microsoft.com/win/2004/08/events/event"">
  <System>
    <Provider Name=""Microsoft-Windows-Sysmon"" Guid=""{5770385f-c22a-43e0-bf4c-06f5698ffbd9}""/>
    <EventID>22</EventID>
    <Version>5</Version>
    <Level>4</Level>
    <Task>22</Task>
    <Opcode>0</Opcode>
    <Keywords>0x8000000000000000</Keywords>
    <TimeCreated SystemTime=""2023-12-19T21:17:57.6555811Z""/>
    <EventRecordID>1083</EventRecordID>
    <Correlation/>
    <Execution ProcessID=""10484"" ThreadID=""12816""/>
    <Channel>Microsoft-Windows-Sysmon/Operational</Channel>
    <Computer>WinDev2309Eval</Computer>
    <Security UserID=""S-1-5-18""/>
  </System>
  <EventData>
    <Data Name=""RuleName"">-</Data>
    <Data Name=""UtcTime"">2023-12-19 21:17:57.306</Data>
    <Data Name=""ProcessGuid"">{f57bd86a-080f-6582-0a04-000000000b00}</Data>
    <Data Name=""ProcessId"">2196</Data>
    <Data Name=""QueryName"">sync.srv.stackadapt.com</Data>
    <Data Name=""QueryStatus"">0</Data>
    <Data Name=""QueryResults"">::ffff:52.86.3.95;::ffff:54.152.61.223;::ffff:54.211.244.166;::ffff:52.86.155.246;::ffff:54.197.120.184;::ffff:54.159.41.249;::ffff:54.166.150.36;::ffff:54.157.109.0;</Data>
    <Data Name=""Image"">C:\Program Files\WindowsApps\26720RandomSaladGamesLLC.SimpleSolitaire_7.4.14.0_x64__kx24dqmazqk8j\SimpleSolitaire.UWP.exe</Data>
    <Data Name=""User"">WINDEV2309EVAL\User</Data>
  </EventData>
</Event>
"
Microsoft-Windows-Sysmon/Operational,"""C:\Windows\system32\appidcertstorecheck.exe""",Microsoft Corporation,WinDev2309Eval,,C:\Windows\system32\,AppID Certificate Store Verification Task,,,,,,,1,1082,,10.0.22621.2215 (WinBuild.160101.0800),"MD5=570AE15349CB318BCC7B424DAD8CD311,SHA256=57AB41C169FE75E29A8722728830C62650DB657E14FFA9B35CBDFF4DD2C66A62,IMPHASH=7168353EDBE3AB24A184BB681FD55AE6",C:\Windows\System32\appidcertstorecheck.exe,,System,0x8000000000000000,4,{f57bd86a-db69-6581-e503-000000000000},0x3e5,,,0,AppIDCertstoreCheck.exe,C:\Windows\system32\svchost.exe -k netsvcs -p -s Schedule,C:\Windows\System32\svchost.exe,{f57bd86a-db6f-6581-2800-000000000b00},1900.0,NT AUTHORITY\SYSTEM,{f57bd86a-0861-6582-2d04-000000000b00},10484,6412.0,Microsoft® Windows® Operating System,,,,,-,,,,,,,,,,,,,2023-12-19T21:17:21.0555457Z,,,,,,,1,0.0,10592,NT AUTHORITY\LOCAL SERVICE,S-1-5-18,17:21.0,5.0,"<Event xmlns=""http://schemas.microsoft.com/win/2004/08/events/event"">
  <System>
    <Provider Name=""Microsoft-Windows-Sysmon"" Guid=""{5770385f-c22a-43e0-bf4c-06f5698ffbd9}""/>
    <EventID>1</EventID>
    <Version>5</Version>
    <Level>4</Level>
    <Task>1</Task>
    <Opcode>0</Opcode>
    <Keywords>0x8000000000000000</Keywords>
    <TimeCreated SystemTime=""2023-12-19T21:17:21.0555457Z""/>
    <EventRecordID>1082</EventRecordID>
    <Correlation/>
    <Execution ProcessID=""10484"" ThreadID=""10592""/>
    <Channel>Microsoft-Windows-Sysmon/Operational</Channel>
    <Computer>WinDev2309Eval</Computer>
    <Security UserID=""S-1-5-18""/>
  </System>
  <EventData>
    <Data Name=""RuleName"">-</Data>
    <Data Name=""UtcTime"">2023-12-19 21:17:21.048</Data>
    <Data Name=""ProcessGuid"">{f57bd86a-0861-6582-2d04-000000000b00}</Data>
    <Data Name=""ProcessId"">6412</Data>
    <Data Name=""Image"">C:\Windows\System32\appidcertstorecheck.exe</Data>
    <Data Name=""FileVersion"">10.0.22621.2215 (WinBuild.160101.0800)</Data>
    <Data Name=""Description"">AppID Certificate Store Verification Task</Data>
    <Data Name=""Product"">Microsoft&#174; Windows&#174; Operating System</Data>
    <Data Name=""Company"">Microsoft Corporation</Data>
    <Data Name=""OriginalFileName"">AppIDCertstoreCheck.exe</Data>
    <Data Name=""CommandLine"">""C:\Windows\system32\appidcertstorecheck.exe""</Data>
    <Data Name=""CurrentDirectory"">C:\Windows\system32\</Data>
    <Data Name=""User"">NT AUTHORITY\LOCAL SERVICE</Data>
    <Data Name=""LogonGuid"">{f57bd86a-db69-6581-e503-000000000000}</Data>
    <Data Name=""LogonId"">0x3e5</Data>
    <Data Name=""TerminalSessionId"">0</Data>
    <Data Name=""IntegrityLevel"">System</Data>
    <Data Name=""Hashes"">MD5=570AE15349CB318BCC7B424DAD8CD311,SHA256=57AB41C169FE75E29A8722728830C62650DB657E14FFA9B35CBDFF4DD2C66A62,IMPHASH=7168353EDBE3AB24A184BB681FD55AE6</Data>
    <Data Name=""ParentProcessGuid"">{f57bd86a-db6f-6581-2800-000000000b00}</Data>
    <Data Name=""ParentProcessId"">1900</Data>
    <Data Name=""ParentImage"">C:\Windows\System32\svchost.exe</Data>
    <Data Name=""ParentCommandLine"">C:\Windows\system32\svchost.exe -k netsvcs -p -s Schedule</Data>
    <Data Name=""ParentUser"">NT AUTHORITY\SYSTEM</Data>
  </EventData>
</Event>
"
Microsoft-Windows-Sysmon/Operational,,,WinDev2309Eval,,,,,,,,,,22,1081,,,,C:\Program Files\WindowsApps\26720RandomSaladGamesLLC.SimpleSolitaire_7.4.14.0_x64__kx24dqmazqk8j\SimpleSolitaire.UWP.exe,,,0x8000000000000000,4,,,,,0,,,,,,,{f57bd86a-080f-6582-0a04-000000000b00},10484,2196.0,,,r3.o.lencr.org,type: 5 o.lencr.edgesuite.net;type: 5 a1887.dscq.akamai.net;::ffff:80.67.82.80;::ffff:80.67.82.72;,0.0,-,,,,,,,,,,,,,2023-12-19T21:17:17.3967190Z,,,,,,,22,,12816,WINDEV2309EVAL\User,S-1-5-18,17:16.7,5.0,"<Event xmlns=""http://schemas.microsoft.com/win/2004/08/events/event"">
  <System>
    <Provider Name=""Microsoft-Windows-Sysmon"" Guid=""{5770385f-c22a-43e0-bf4c-06f5698ffbd9}""/>
    <EventID>22</EventID>
    <Version>5</Version>
    <Level>4</Level>
    <Task>22</Task>
    <Opcode>0</Opcode>
    <Keywords>0x8000000000000000</Keywords>
    <TimeCreated SystemTime=""2023-12-19T21:17:17.3967190Z""/>
    <EventRecordID>1081</EventRecordID>
    <Correlation/>
    <Execution ProcessID=""10484"" ThreadID=""12816""/>
    <Channel>Microsoft-Windows-Sysmon/Operational</Channel>
    <Computer>WinDev2309Eval</Computer>
    <Security UserID=""S-1-5-18""/>
  </System>
  <EventData>
    <Data Name=""RuleName"">-</Data>
    <Data Name=""UtcTime"">2023-12-19 21:17:16.708</Data>
    <Data Name=""ProcessGuid"">{f57bd86a-080f-6582-0a04-000000000b00}</Data>
    <Data Name=""ProcessId"">2196</Data>
    <Data Name=""QueryName"">r3.o.lencr.org</Data>
    <Data Name=""QueryStatus"">0</Data>
    <Data Name=""QueryResults"">type: 5 o.lencr.edgesuite.net;type: 5 a1887.dscq.akamai.net;::ffff:80.67.82.80;::ffff:80.67.82.72;</Data>
    <Data Name=""Image"">C:\Program Files\WindowsApps\26720RandomSaladGamesLLC.SimpleSolitaire_7.4.14.0_x64__kx24dqmazqk8j\SimpleSolitaire.UWP.exe</Data>
    <Data Name=""User"">WINDEV2309EVAL\User</Data>
  </EventData>
</Event>
"
Microsoft-Windows-Sysmon/Operational,,,WinDev2309Eval,,,,,,,,,,22,1080,,,,C:\Program Files\WindowsApps\26720RandomSaladGamesLLC.SimpleSolitaire_7.4.14.0_x64__kx24dqmazqk8j\SimpleSolitaire.UWP.exe,,,0x8000000000000000,4,,,,,0,,,,,,,{f57bd86a-080f-6582-0a04-000000000b00},10484,2196.0,,,a.audrte.com,::ffff:3.248.68.130;::ffff:52.16.120.138;::ffff:52.48.177.163;::ffff:54.154.2.209;::ffff:54.246.67.235;::ffff:34.251.97.118;,0.0,-,,,,,,,,,,,,,2023-12-19T21:17:17.3965914Z,,,,,,,22,,12816,WINDEV2309EVAL\User,S-1-5-18,17:16.6,5.0,"<Event xmlns=""http://schemas.microsoft.com/win/2004/08/events/event"">
  <System>
    <Provider Name=""Microsoft-Windows-Sysmon"" Guid=""{5770385f-c22a-43e0-bf4c-06f5698ffbd9}""/>
    <EventID>22</EventID>
    <Version>5</Version>
    <Level>4</Level>
    <Task>22</Task>
    <Opcode>0</Opcode>
    <Keywords>0x8000000000000000</Keywords>
    <TimeCreated SystemTime=""2023-12-19T21:17:17.3965914Z""/>
    <EventRecordID>1080</EventRecordID>
    <Correlation/>
    <Execution ProcessID=""10484"" ThreadID=""12816""/>
    <Channel>Microsoft-Windows-Sysmon/Operational</Channel>
    <Computer>WinDev2309Eval</Computer>
    <Security UserID=""S-1-5-18""/>
  </System>
  <EventData>
    <Data Name=""RuleName"">-</Data>
    <Data Name=""UtcTime"">2023-12-19 21:17:16.590</Data>
    <Data Name=""ProcessGuid"">{f57bd86a-080f-6582-0a04-000000000b00}</Data>
    <Data Name=""ProcessId"">2196</Data>
    <Data Name=""QueryName"">a.audrte.com</Data>
    <Data Name=""QueryStatus"">0</Data>
    <Data Name=""QueryResults"">::ffff:3.248.68.130;::ffff:52.16.120.138;::ffff:52.48.177.163;::ffff:54.154.2.209;::ffff:54.246.67.235;::ffff:34.251.97.118;</Data>
    <Data Name=""Image"">C:\Program Files\WindowsApps\26720RandomSaladGamesLLC.SimpleSolitaire_7.4.14.0_x64__kx24dqmazqk8j\SimpleSolitaire.UWP.exe</Data>
    <Data Name=""User"">WINDEV2309EVAL\User</Data>
  </EventData>
</Event>
"
Microsoft-Windows-Sysmon/Operational,,,WinDev2309Eval,,,,,,,,,,22,1079,,,,C:\Program Files\WindowsApps\26720RandomSaladGamesLLC.SimpleSolitaire_7.4.14.0_x64__kx24dqmazqk8j\SimpleSolitaire.UWP.exe,,,0x8000000000000000,4,,,,,0,,,,,,,{f57bd86a-080f-6582-0a04-000000000b00},10484,2196.0,,,cr.frontend.weborama.fr,::ffff:34.111.129.221;,0.0,-,,,,,,,,,,,,,2023-12-19T21:17:17.3964454Z,,,,,,,22,,12816,WINDEV2309EVAL\User,S-1-5-18,17:16.6,5.0,"<Event xmlns=""http://schemas.microsoft.com/win/2004/08/events/event"">
  <System>
    <Provider Name=""Microsoft-Windows-Sysmon"" Guid=""{5770385f-c22a-43e0-bf4c-06f5698ffbd9}""/>
    <EventID>22</EventID>
    <Version>5</Version>
    <Level>4</Level>
    <Task>22</Task>
    <Opcode>0</Opcode>
    <Keywords>0x8000000000000000</Keywords>
    <TimeCreated SystemTime=""2023-12-19T21:17:17.3964454Z""/>
    <EventRecordID>1079</EventRecordID>
    <Correlation/>
    <Execution ProcessID=""10484"" ThreadID=""12816""/>
    <Channel>Microsoft-Windows-Sysmon/Operational</Channel>
    <Computer>WinDev2309Eval</Computer>
    <Security UserID=""S-1-5-18""/>
  </System>
  <EventData>
    <Data Name=""RuleName"">-</Data>
    <Data Name=""UtcTime"">2023-12-19 21:17:16.590</Data>
    <Data Name=""ProcessGuid"">{f57bd86a-080f-6582-0a04-000000000b00}</Data>
    <Data Name=""ProcessId"">2196</Data>
    <Data Name=""QueryName"">cr.frontend.weborama.fr</Data>
    <Data Name=""QueryStatus"">0</Data>
    <Data Name=""QueryResults"">::ffff:34.111.129.221;</Data>
    <Data Name=""Image"">C:\Program Files\WindowsApps\26720RandomSaladGamesLLC.SimpleSolitaire_7.4.14.0_x64__kx24dqmazqk8j\SimpleSolitaire.UWP.exe</Data>
    <Data Name=""User"">WINDEV2309EVAL\User</Data>
  </EventData>
</Event>
"
Microsoft-Windows-Sysmon/Operational,,,WinDev2309Eval,,,,,,,,,,22,1078,,,,C:\Program Files\WindowsApps\26720RandomSaladGamesLLC.SimpleSolitaire_7.4.14.0_x64__kx24dqmazqk8j\SimpleSolitaire.UWP.exe,,,0x8000000000000000,4,,,,,0,,,,,,,{f57bd86a-080f-6582-0a04-000000000b00},10484,2196.0,,,x1.c.lencr.org,type: 5 crl.root-x1.letsencrypt.org.edgekey.net;type: 5 e8652.dscx.akamaiedge.net;::ffff:104.77.33.246;,0.0,-,,,,,,,,,,,,,2023-12-19T21:17:17.3962748Z,,,,,,,22,,12816,WINDEV2309EVAL\User,S-1-5-18,17:16.5,5.0,"<Event xmlns=""http://schemas.microsoft.com/win/2004/08/events/event"">
  <System>
    <Provider Name=""Microsoft-Windows-Sysmon"" Guid=""{5770385f-c22a-43e0-bf4c-06f5698ffbd9}""/>
    <EventID>22</EventID>
    <Version>5</Version>
    <Level>4</Level>
    <Task>22</Task>
    <Opcode>0</Opcode>
    <Keywords>0x8000000000000000</Keywords>
    <TimeCreated SystemTime=""2023-12-19T21:17:17.3962748Z""/>
    <EventRecordID>1078</EventRecordID>
    <Correlation/>
    <Execution ProcessID=""10484"" ThreadID=""12816""/>
    <Channel>Microsoft-Windows-Sysmon/Operational</Channel>
    <Computer>WinDev2309Eval</Computer>
    <Security UserID=""S-1-5-18""/>
  </System>
  <EventData>
    <Data Name=""RuleName"">-</Data>
    <Data Name=""UtcTime"">2023-12-19 21:17:16.545</Data>
    <Data Name=""ProcessGuid"">{f57bd86a-080f-6582-0a04-000000000b00}</Data>
    <Data Name=""ProcessId"">2196</Data>
    <Data Name=""QueryName"">x1.c.lencr.org</Data>
    <Data Name=""QueryStatus"">0</Data>
    <Data Name=""QueryResults"">type: 5 crl.root-x1.letsencrypt.org.edgekey.net;type: 5 e8652.dscx.akamaiedge.net;::ffff:104.77.33.246;</Data>
    <Data Name=""Image"">C:\Program Files\WindowsApps\26720RandomSaladGamesLLC.SimpleSolitaire_7.4.14.0_x64__kx24dqmazqk8j\SimpleSolitaire.UWP.exe</Data>
    <Data Name=""User"">WINDEV2309EVAL\User</Data>
  </EventData>
</Event>
"
Microsoft-Windows-Sysmon/Operational,,,WinDev2309Eval,,,,,,,,,,22,1077,,,,C:\Program Files\WindowsApps\26720RandomSaladGamesLLC.SimpleSolitaire_7.4.14.0_x64__kx24dqmazqk8j\SimpleSolitaire.UWP.exe,,,0x8000000000000000,4,,,,,0,,,,,,,{f57bd86a-080f-6582-0a04-000000000b00},10484,2196.0,,,bh.contextweb.com,type: 5 am1-bh.contextweb.com;type: 5 am1-direct-bgp.contextweb.com;::ffff:208.93.169.131;,0.0,-,,,,,,,,,,,,,2023-12-19T21:17:16.3864043Z,,,,,,,22,,12816,WINDEV2309EVAL\User,S-1-5-18,17:15.3,5.0,"<Event xmlns=""http://schemas.microsoft.com/win/2004/08/events/event"">
  <System>
    <Provider Name=""Microsoft-Windows-Sysmon"" Guid=""{5770385f-c22a-43e0-bf4c-06f5698ffbd9}""/>
    <EventID>22</EventID>
    <Version>5</Version>
    <Level>4</Level>
    <Task>22</Task>
    <Opcode>0</Opcode>
    <Keywords>0x8000000000000000</Keywords>
    <TimeCreated SystemTime=""2023-12-19T21:17:16.3864043Z""/>
    <EventRecordID>1077</EventRecordID>
    <Correlation/>
    <Execution ProcessID=""10484"" ThreadID=""12816""/>
    <Channel>Microsoft-Windows-Sysmon/Operational</Channel>
    <Computer>WinDev2309Eval</Computer>
    <Security UserID=""S-1-5-18""/>
  </System>
  <EventData>
    <Data Name=""RuleName"">-</Data>
    <Data Name=""UtcTime"">2023-12-19 21:17:15.257</Data>
    <Data Name=""ProcessGuid"">{f57bd86a-080f-6582-0a04-000000000b00}</Data>
    <Data Name=""ProcessId"">2196</Data>
    <Data Name=""QueryName"">bh.contextweb.com</Data>
    <Data Name=""QueryStatus"">0</Data>
    <Data Name=""QueryResults"">type: 5 am1-bh.contextweb.com;type: 5 am1-direct-bgp.contextweb.com;::ffff:208.93.169.131;</Data>
    <Data Name=""Image"">C:\Program Files\WindowsApps\26720RandomSaladGamesLLC.SimpleSolitaire_7.4.14.0_x64__kx24dqmazqk8j\SimpleSolitaire.UWP.exe</Data>
    <Data Name=""User"">WINDEV2309EVAL\User</Data>
  </EventData>
</Event>
"
Microsoft-Windows-Sysmon/Operational,,,WinDev2309Eval,,,,,,,,,,22,1076,,,,C:\Program Files\WindowsApps\26720RandomSaladGamesLLC.SimpleSolitaire_7.4.14.0_x64__kx24dqmazqk8j\SimpleSolitaire.UWP.exe,,,0x8000000000000000,4,,,,,0,,,,,,,{f57bd86a-080f-6582-0a04-000000000b00},10484,2196.0,,,dnacdn.net,::ffff:178.250.1.11;,0.0,-,,,,,,,,,,,,,2023-12-19T21:17:14.3686180Z,,,,,,,22,,12816,WINDEV2309EVAL\User,S-1-5-18,17:12.9,5.0,"<Event xmlns=""http://schemas.microsoft.com/win/2004/08/events/event"">
  <System>
    <Provider Name=""Microsoft-Windows-Sysmon"" Guid=""{5770385f-c22a-43e0-bf4c-06f5698ffbd9}""/>
    <EventID>22</EventID>
    <Version>5</Version>
    <Level>4</Level>
    <Task>22</Task>
    <Opcode>0</Opcode>
    <Keywords>0x8000000000000000</Keywords>
    <TimeCreated SystemTime=""2023-12-19T21:17:14.3686180Z""/>
    <EventRecordID>1076</EventRecordID>
    <Correlation/>
    <Execution ProcessID=""10484"" ThreadID=""12816""/>
    <Channel>Microsoft-Windows-Sysmon/Operational</Channel>
    <Computer>WinDev2309Eval</Computer>
    <Security UserID=""S-1-5-18""/>
  </System>
  <EventData>
    <Data Name=""RuleName"">-</Data>
    <Data Name=""UtcTime"">2023-12-19 21:17:12.902</Data>
    <Data Name=""ProcessGuid"">{f57bd86a-080f-6582-0a04-000000000b00}</Data>
    <Data Name=""ProcessId"">2196</Data>
    <Data Name=""QueryName"">dnacdn.net</Data>
    <Data Name=""QueryStatus"">0</Data>
    <Data Name=""QueryResults"">::ffff:178.250.1.11;</Data>
    <Data Name=""Image"">C:\Program Files\WindowsApps\26720RandomSaladGamesLLC.SimpleSolitaire_7.4.14.0_x64__kx24dqmazqk8j\SimpleSolitaire.UWP.exe</Data>
    <Data Name=""User"">WINDEV2309EVAL\User</Data>
  </EventData>
</Event>
"
Microsoft-Windows-Sysmon/Operational,,,WinDev2309Eval,,,,,,,,,,22,1075,,,,C:\Program Files\WindowsApps\26720RandomSaladGamesLLC.SimpleSolitaire_7.4.14.0_x64__kx24dqmazqk8j\SimpleSolitaire.UWP.exe,,,0x8000000000000000,4,,,,,0,,,,,,,{f57bd86a-080f-6582-0a04-000000000b00},10484,2196.0,,,code.createjs.com,type: 5 san-download-stls.adobe.com.edgesuite.net;type: 5 a1806.dscd.akamai.net;::ffff:104.91.71.144;::ffff:104.91.71.137;,0.0,-,,,,,,,,,,,,,2023-12-19T21:17:13.3564240Z,,,,,,,22,,12816,WINDEV2309EVAL\User,S-1-5-18,17:12.8,5.0,"<Event xmlns=""http://schemas.microsoft.com/win/2004/08/events/event"">
  <System>
    <Provider Name=""Microsoft-Windows-Sysmon"" Guid=""{5770385f-c22a-43e0-bf4c-06f5698ffbd9}""/>
    <EventID>22</EventID>
    <Version>5</Version>
    <Level>4</Level>
    <Task>22</Task>
    <Opcode>0</Opcode>
    <Keywords>0x8000000000000000</Keywords>
    <TimeCreated SystemTime=""2023-12-19T21:17:13.3564240Z""/>
    <EventRecordID>1075</EventRecordID>
    <Correlation/>
    <Execution ProcessID=""10484"" ThreadID=""12816""/>
    <Channel>Microsoft-Windows-Sysmon/Operational</Channel>
    <Computer>WinDev2309Eval</Computer>
    <Security UserID=""S-1-5-18""/>
  </System>
  <EventData>
    <Data Name=""RuleName"">-</Data>
    <Data Name=""UtcTime"">2023-12-19 21:17:12.754</Data>
    <Data Name=""ProcessGuid"">{f57bd86a-080f-6582-0a04-000000000b00}</Data>
    <Data Name=""ProcessId"">2196</Data>
    <Data Name=""QueryName"">code.createjs.com</Data>
    <Data Name=""QueryStatus"">0</Data>
    <Data Name=""QueryResults"">type: 5 san-download-stls.adobe.com.edgesuite.net;type: 5 a1806.dscd.akamai.net;::ffff:104.91.71.144;::ffff:104.91.71.137;</Data>
    <Data Name=""Image"">C:\Program Files\WindowsApps\26720RandomSaladGamesLLC.SimpleSolitaire_7.4.14.0_x64__kx24dqmazqk8j\SimpleSolitaire.UWP.exe</Data>
    <Data Name=""User"">WINDEV2309EVAL\User</Data>
  </EventData>
</Event>
"
Microsoft-Windows-Sysmon/Operational,,,WinDev2309Eval,,,,,,,,,,22,1074,,,,C:\Program Files\WindowsApps\26720RandomSaladGamesLLC.SimpleSolitaire_7.4.14.0_x64__kx24dqmazqk8j\SimpleSolitaire.UWP.exe,,,0x8000000000000000,4,,,,,0,,,,,,,{f57bd86a-080f-6582-0a04-000000000b00},10484,2196.0,,,c2shb.ssp.yahoo.com,type: 5 c2shb.one-mobile-prod.aws.oath.cloud;type: 5 ssp-ats-prod-us-east-1.one-mobile-prod.aws.oath.cloud;::ffff:34.236.83.94;::ffff:3.230.217.116;::ffff:3.92.156.8;::ffff:52.4.33.45;,0.0,-,,,,,,,,,,,,,2023-12-19T21:17:13.3563405Z,,,,,,,22,,12816,WINDEV2309EVAL\User,S-1-5-18,17:11.9,5.0,"<Event xmlns=""http://schemas.microsoft.com/win/2004/08/events/event"">
  <System>
    <Provider Name=""Microsoft-Windows-Sysmon"" Guid=""{5770385f-c22a-43e0-bf4c-06f5698ffbd9}""/>
    <EventID>22</EventID>
    <Version>5</Version>
    <Level>4</Level>
    <Task>22</Task>
    <Opcode>0</Opcode>
    <Keywords>0x8000000000000000</Keywords>
    <TimeCreated SystemTime=""2023-12-19T21:17:13.3563405Z""/>
    <EventRecordID>1074</EventRecordID>
    <Correlation/>
    <Execution ProcessID=""10484"" ThreadID=""12816""/>
    <Channel>Microsoft-Windows-Sysmon/Operational</Channel>
    <Computer>WinDev2309Eval</Computer>
    <Security UserID=""S-1-5-18""/>
  </System>
  <EventData>
    <Data Name=""RuleName"">-</Data>
    <Data Name=""UtcTime"">2023-12-19 21:17:11.876</Data>
    <Data Name=""ProcessGuid"">{f57bd86a-080f-6582-0a04-000000000b00}</Data>
    <Data Name=""ProcessId"">2196</Data>
    <Data Name=""QueryName"">c2shb.ssp.yahoo.com</Data>
    <Data Name=""QueryStatus"">0</Data>
    <Data Name=""QueryResults"">type: 5 c2shb.one-mobile-prod.aws.oath.cloud;type: 5 ssp-ats-prod-us-east-1.one-mobile-prod.aws.oath.cloud;::ffff:34.236.83.94;::ffff:3.230.217.116;::ffff:3.92.156.8;::ffff:52.4.33.45;</Data>
    <Data Name=""Image"">C:\Program Files\WindowsApps\26720RandomSaladGamesLLC.SimpleSolitaire_7.4.14.0_x64__kx24dqmazqk8j\SimpleSolitaire.UWP.exe</Data>
    <Data Name=""User"">WINDEV2309EVAL\User</Data>
  </EventData>
</Event>
"
Microsoft-Windows-Sysmon/Operational,,,WinDev2309Eval,,,,,,,,,,22,1073,,,,C:\Program Files\WindowsApps\26720RandomSaladGamesLLC.SimpleSolitaire_7.4.14.0_x64__kx24dqmazqk8j\SimpleSolitaire.UWP.exe,,,0x8000000000000000,4,,,,,0,,,,,,,{f57bd86a-080f-6582-0a04-000000000b00},10484,2196.0,,,cdn.lfstmedia.com,type: 5 cdn.wac.449c.edgecastcdn.net;type: 5 fp2df3.wac.449c.edgecastcdn.net;type: 5 fp2df3.wac.edgecastcdn.net;::ffff:192.229.233.6;,0.0,-,,,,,,,,,,,,,2023-12-19T21:17:12.3554739Z,,,,,,,22,,12816,WINDEV2309EVAL\User,S-1-5-18,17:11.9,5.0,"<Event xmlns=""http://schemas.microsoft.com/win/2004/08/events/event"">
  <System>
    <Provider Name=""Microsoft-Windows-Sysmon"" Guid=""{5770385f-c22a-43e0-bf4c-06f5698ffbd9}""/>
    <EventID>22</EventID>
    <Version>5</Version>
    <Level>4</Level>
    <Task>22</Task>
    <Opcode>0</Opcode>
    <Keywords>0x8000000000000000</Keywords>
    <TimeCreated SystemTime=""2023-12-19T21:17:12.3554739Z""/>
    <EventRecordID>1073</EventRecordID>
    <Correlation/>
    <Execution ProcessID=""10484"" ThreadID=""12816""/>
    <Channel>Microsoft-Windows-Sysmon/Operational</Channel>
    <Computer>WinDev2309Eval</Computer>
    <Security UserID=""S-1-5-18""/>
  </System>
  <EventData>
    <Data Name=""RuleName"">-</Data>
    <Data Name=""UtcTime"">2023-12-19 21:17:11.874</Data>
    <Data Name=""ProcessGuid"">{f57bd86a-080f-6582-0a04-000000000b00}</Data>
    <Data Name=""ProcessId"">2196</Data>
    <Data Name=""QueryName"">cdn.lfstmedia.com</Data>
    <Data Name=""QueryStatus"">0</Data>
    <Data Name=""QueryResults"">type: 5 cdn.wac.449c.edgecastcdn.net;type: 5 fp2df3.wac.449c.edgecastcdn.net;type: 5 fp2df3.wac.edgecastcdn.net;::ffff:192.229.233.6;</Data>
    <Data Name=""Image"">C:\Program Files\WindowsApps\26720RandomSaladGamesLLC.SimpleSolitaire_7.4.14.0_x64__kx24dqmazqk8j\SimpleSolitaire.UWP.exe</Data>
    <Data Name=""User"">WINDEV2309EVAL\User</Data>
  </EventData>
</Event>
"
Microsoft-Windows-Sysmon/Operational,,,WinDev2309Eval,,,,,,,,,,22,1072,,,,C:\Program Files\WindowsApps\26720RandomSaladGamesLLC.SimpleSolitaire_7.4.14.0_x64__kx24dqmazqk8j\SimpleSolitaire.UWP.exe,,,0x8000000000000000,4,,,,,0,,,,,,,{f57bd86a-080f-6582-0a04-000000000b00},10484,2196.0,,,ads.lfstmedia.com,::ffff:116.202.166.16;::ffff:116.202.166.13;::ffff:116.202.166.18;,0.0,-,,,,,,,,,,,,,2023-12-19T21:17:11.3548395Z,,,,,,,22,,12816,WINDEV2309EVAL\User,S-1-5-18,17:10.5,5.0,"<Event xmlns=""http://schemas.microsoft.com/win/2004/08/events/event"">
  <System>
    <Provider Name=""Microsoft-Windows-Sysmon"" Guid=""{5770385f-c22a-43e0-bf4c-06f5698ffbd9}""/>
    <EventID>22</EventID>
    <Version>5</Version>
    <Level>4</Level>
    <Task>22</Task>
    <Opcode>0</Opcode>
    <Keywords>0x8000000000000000</Keywords>
    <TimeCreated SystemTime=""2023-12-19T21:17:11.3548395Z""/>
    <EventRecordID>1072</EventRecordID>
    <Correlation/>
    <Execution ProcessID=""10484"" ThreadID=""12816""/>
    <Channel>Microsoft-Windows-Sysmon/Operational</Channel>
    <Computer>WinDev2309Eval</Computer>
    <Security UserID=""S-1-5-18""/>
  </System>
  <EventData>
    <Data Name=""RuleName"">-</Data>
    <Data Name=""UtcTime"">2023-12-19 21:17:10.548</Data>
    <Data Name=""ProcessGuid"">{f57bd86a-080f-6582-0a04-000000000b00}</Data>
    <Data Name=""ProcessId"">2196</Data>
    <Data Name=""QueryName"">ads.lfstmedia.com</Data>
    <Data Name=""QueryStatus"">0</Data>
    <Data Name=""QueryResults"">::ffff:116.202.166.16;::ffff:116.202.166.13;::ffff:116.202.166.18;</Data>
    <Data Name=""Image"">C:\Program Files\WindowsApps\26720RandomSaladGamesLLC.SimpleSolitaire_7.4.14.0_x64__kx24dqmazqk8j\SimpleSolitaire.UWP.exe</Data>
    <Data Name=""User"">WINDEV2309EVAL\User</Data>
  </EventData>
</Event>
"
Microsoft-Windows-Sysmon/Operational,,,WinDev2309Eval,,,,,,,,,,22,1071,,,,C:\Program Files\WindowsApps\26720RandomSaladGamesLLC.SimpleSolitaire_7.4.14.0_x64__kx24dqmazqk8j\SimpleSolitaire.UWP.exe,,,0x8000000000000000,4,,,,,0,,,,,,,{f57bd86a-080f-6582-0a04-000000000b00},10484,2196.0,,,pixel-api.pfsrvs.com,type: 5 ghs.googlehosted.com;::ffff:216.58.205.211;,0.0,-,,,,,,,,,,,,,2023-12-19T21:16:48.2967202Z,,,,,,,22,,12816,WINDEV2309EVAL\User,S-1-5-18,16:47.6,5.0,"<Event xmlns=""http://schemas.microsoft.com/win/2004/08/events/event"">
  <System>
    <Provider Name=""Microsoft-Windows-Sysmon"" Guid=""{5770385f-c22a-43e0-bf4c-06f5698ffbd9}""/>
    <EventID>22</EventID>
    <Version>5</Version>
    <Level>4</Level>
    <Task>22</Task>
    <Opcode>0</Opcode>
    <Keywords>0x8000000000000000</Keywords>
    <TimeCreated SystemTime=""2023-12-19T21:16:48.2967202Z""/>
    <EventRecordID>1071</EventRecordID>
    <Correlation/>
    <Execution ProcessID=""10484"" ThreadID=""12816""/>
    <Channel>Microsoft-Windows-Sysmon/Operational</Channel>
    <Computer>WinDev2309Eval</Computer>
    <Security UserID=""S-1-5-18""/>
  </System>
  <EventData>
    <Data Name=""RuleName"">-</Data>
    <Data Name=""UtcTime"">2023-12-19 21:16:47.557</Data>
    <Data Name=""ProcessGuid"">{f57bd86a-080f-6582-0a04-000000000b00}</Data>
    <Data Name=""ProcessId"">2196</Data>
    <Data Name=""QueryName"">pixel-api.pfsrvs.com</Data>
    <Data Name=""QueryStatus"">0</Data>
    <Data Name=""QueryResults"">type: 5 ghs.googlehosted.com;::ffff:216.58.205.211;</Data>
    <Data Name=""Image"">C:\Program Files\WindowsApps\26720RandomSaladGamesLLC.SimpleSolitaire_7.4.14.0_x64__kx24dqmazqk8j\SimpleSolitaire.UWP.exe</Data>
    <Data Name=""User"">WINDEV2309EVAL\User</Data>
  </EventData>
</Event>
"
Microsoft-Windows-Sysmon/Operational,,,WinDev2309Eval,,,,,,,,,,22,1070,,,,C:\Program Files\WindowsApps\26720RandomSaladGamesLLC.SimpleSolitaire_7.4.14.0_x64__kx24dqmazqk8j\SimpleSolitaire.UWP.exe,,,0x8000000000000000,4,,,,,0,,,,,,,{f57bd86a-080f-6582-0a04-000000000b00},10484,2196.0,,,images.outbrainimg.com,type: 5 wildcard.outbrainimg.com.edgekey.net;type: 5 e15144.d.akamaiedge.net;::ffff:23.44.233.179;,0.0,-,,,,,,,,,,,,,2023-12-19T21:16:47.2973404Z,,,,,,,22,,12816,WINDEV2309EVAL\User,S-1-5-18,16:46.6,5.0,"<Event xmlns=""http://schemas.microsoft.com/win/2004/08/events/event"">
  <System>
    <Provider Name=""Microsoft-Windows-Sysmon"" Guid=""{5770385f-c22a-43e0-bf4c-06f5698ffbd9}""/>
    <EventID>22</EventID>
    <Version>5</Version>
    <Level>4</Level>
    <Task>22</Task>
    <Opcode>0</Opcode>
    <Keywords>0x8000000000000000</Keywords>
    <TimeCreated SystemTime=""2023-12-19T21:16:47.2973404Z""/>
    <EventRecordID>1070</EventRecordID>
    <Correlation/>
    <Execution ProcessID=""10484"" ThreadID=""12816""/>
    <Channel>Microsoft-Windows-Sysmon/Operational</Channel>
    <Computer>WinDev2309Eval</Computer>
    <Security UserID=""S-1-5-18""/>
  </System>
  <EventData>
    <Data Name=""RuleName"">-</Data>
    <Data Name=""UtcTime"">2023-12-19 21:16:46.597</Data>
    <Data Name=""ProcessGuid"">{f57bd86a-080f-6582-0a04-000000000b00}</Data>
    <Data Name=""ProcessId"">2196</Data>
    <Data Name=""QueryName"">images.outbrainimg.com</Data>
    <Data Name=""QueryStatus"">0</Data>
    <Data Name=""QueryResults"">type: 5 wildcard.outbrainimg.com.edgekey.net;type: 5 e15144.d.akamaiedge.net;::ffff:23.44.233.179;</Data>
    <Data Name=""Image"">C:\Program Files\WindowsApps\26720RandomSaladGamesLLC.SimpleSolitaire_7.4.14.0_x64__kx24dqmazqk8j\SimpleSolitaire.UWP.exe</Data>
    <Data Name=""User"">WINDEV2309EVAL\User</Data>
  </EventData>
</Event>
"
Microsoft-Windows-Sysmon/Operational,,,WinDev2309Eval,,,,,,,,,,22,1069,,,,C:\Program Files\WindowsApps\26720RandomSaladGamesLLC.SimpleSolitaire_7.4.14.0_x64__kx24dqmazqk8j\SimpleSolitaire.UWP.exe,,,0x8000000000000000,4,,,,,0,,,,,,,{f57bd86a-080f-6582-0a04-000000000b00},10484,2196.0,,,creatives.pubfinity.com,::ffff:34.117.88.173;,0.0,-,,,,,,,,,,,,,2023-12-19T21:16:46.2889857Z,,,,,,,22,,12816,WINDEV2309EVAL\User,S-1-5-18,16:46.0,5.0,"<Event xmlns=""http://schemas.microsoft.com/win/2004/08/events/event"">
  <System>
    <Provider Name=""Microsoft-Windows-Sysmon"" Guid=""{5770385f-c22a-43e0-bf4c-06f5698ffbd9}""/>
    <EventID>22</EventID>
    <Version>5</Version>
    <Level>4</Level>
    <Task>22</Task>
    <Opcode>0</Opcode>
    <Keywords>0x8000000000000000</Keywords>
    <TimeCreated SystemTime=""2023-12-19T21:16:46.2889857Z""/>
    <EventRecordID>1069</EventRecordID>
    <Correlation/>
    <Execution ProcessID=""10484"" ThreadID=""12816""/>
    <Channel>Microsoft-Windows-Sysmon/Operational</Channel>
    <Computer>WinDev2309Eval</Computer>
    <Security UserID=""S-1-5-18""/>
  </System>
  <EventData>
    <Data Name=""RuleName"">-</Data>
    <Data Name=""UtcTime"">2023-12-19 21:16:45.994</Data>
    <Data Name=""ProcessGuid"">{f57bd86a-080f-6582-0a04-000000000b00}</Data>
    <Data Name=""ProcessId"">2196</Data>
    <Data Name=""QueryName"">creatives.pubfinity.com</Data>
    <Data Name=""QueryStatus"">0</Data>
    <Data Name=""QueryResults"">::ffff:34.117.88.173;</Data>
    <Data Name=""Image"">C:\Program Files\WindowsApps\26720RandomSaladGamesLLC.SimpleSolitaire_7.4.14.0_x64__kx24dqmazqk8j\SimpleSolitaire.UWP.exe</Data>
    <Data Name=""User"">WINDEV2309EVAL\User</Data>
  </EventData>
</Event>
"
Microsoft-Windows-Sysmon/Operational,,,WinDev2309Eval,,,,,,,,,,22,1068,,,,C:\Program Files\WindowsApps\26720RandomSaladGamesLLC.SimpleSolitaire_7.4.14.0_x64__kx24dqmazqk8j\SimpleSolitaire.UWP.exe,,,0x8000000000000000,4,,,,,0,,,,,,,{f57bd86a-080f-6582-0a04-000000000b00},10484,2196.0,,,frames.pubfinity.com,::ffff:34.120.43.245;,0.0,-,,,,,,,,,,,,,2023-12-19T21:16:46.2888833Z,,,,,,,22,,12816,WINDEV2309EVAL\User,S-1-5-18,16:45.4,5.0,"<Event xmlns=""http://schemas.microsoft.com/win/2004/08/events/event"">
  <System>
    <Provider Name=""Microsoft-Windows-Sysmon"" Guid=""{5770385f-c22a-43e0-bf4c-06f5698ffbd9}""/>
    <EventID>22</EventID>
    <Version>5</Version>
    <Level>4</Level>
    <Task>22</Task>
    <Opcode>0</Opcode>
    <Keywords>0x8000000000000000</Keywords>
    <TimeCreated SystemTime=""2023-12-19T21:16:46.2888833Z""/>
    <EventRecordID>1068</EventRecordID>
    <Correlation/>
    <Execution ProcessID=""10484"" ThreadID=""12816""/>
    <Channel>Microsoft-Windows-Sysmon/Operational</Channel>
    <Computer>WinDev2309Eval</Computer>
    <Security UserID=""S-1-5-18""/>
  </System>
  <EventData>
    <Data Name=""RuleName"">-</Data>
    <Data Name=""UtcTime"">2023-12-19 21:16:45.381</Data>
    <Data Name=""ProcessGuid"">{f57bd86a-080f-6582-0a04-000000000b00}</Data>
    <Data Name=""ProcessId"">2196</Data>
    <Data Name=""QueryName"">frames.pubfinity.com</Data>
    <Data Name=""QueryStatus"">0</Data>
    <Data Name=""QueryResults"">::ffff:34.120.43.245;</Data>
    <Data Name=""Image"">C:\Program Files\WindowsApps\26720RandomSaladGamesLLC.SimpleSolitaire_7.4.14.0_x64__kx24dqmazqk8j\SimpleSolitaire.UWP.exe</Data>
    <Data Name=""User"">WINDEV2309EVAL\User</Data>
  </EventData>
</Event>
"
Microsoft-Windows-Sysmon/Operational,,,WinDev2309Eval,,,,,,,,,,22,1067,,,,C:\Program Files\WindowsApps\26720RandomSaladGamesLLC.SimpleSolitaire_7.4.14.0_x64__kx24dqmazqk8j\SimpleSolitaire.UWP.exe,,,0x8000000000000000,4,,,,,0,,,,,,,{f57bd86a-080f-6582-0a04-000000000b00},10484,2196.0,,,ssp-api.pfsrvs.com,type: 5 ghs.googlehosted.com;::ffff:216.58.205.211;,0.0,-,,,,,,,,,,,,,2023-12-19T21:16:43.7813814Z,,,,,,,22,,12816,WINDEV2309EVAL\User,S-1-5-18,16:42.1,5.0,"<Event xmlns=""http://schemas.microsoft.com/win/2004/08/events/event"">
  <System>
    <Provider Name=""Microsoft-Windows-Sysmon"" Guid=""{5770385f-c22a-43e0-bf4c-06f5698ffbd9}""/>
    <EventID>22</EventID>
    <Version>5</Version>
    <Level>4</Level>
    <Task>22</Task>
    <Opcode>0</Opcode>
    <Keywords>0x8000000000000000</Keywords>
    <TimeCreated SystemTime=""2023-12-19T21:16:43.7813814Z""/>
    <EventRecordID>1067</EventRecordID>
    <Correlation/>
    <Execution ProcessID=""10484"" ThreadID=""12816""/>
    <Channel>Microsoft-Windows-Sysmon/Operational</Channel>
    <Computer>WinDev2309Eval</Computer>
    <Security UserID=""S-1-5-18""/>
  </System>
  <EventData>
    <Data Name=""RuleName"">-</Data>
    <Data Name=""UtcTime"">2023-12-19 21:16:42.087</Data>
    <Data Name=""ProcessGuid"">{f57bd86a-080f-6582-0a04-000000000b00}</Data>
    <Data Name=""ProcessId"">2196</Data>
    <Data Name=""QueryName"">ssp-api.pfsrvs.com</Data>
    <Data Name=""QueryStatus"">0</Data>
    <Data Name=""QueryResults"">type: 5 ghs.googlehosted.com;::ffff:216.58.205.211;</Data>
    <Data Name=""Image"">C:\Program Files\WindowsApps\26720RandomSaladGamesLLC.SimpleSolitaire_7.4.14.0_x64__kx24dqmazqk8j\SimpleSolitaire.UWP.exe</Data>
    <Data Name=""User"">WINDEV2309EVAL\User</Data>
  </EventData>
</Event>
"
Microsoft-Windows-Sysmon/Operational,,,WinDev2309Eval,,,,,,,,,,22,1066,,,,C:\Program Files\WindowsApps\26720RandomSaladGamesLLC.SimpleSolitaire_7.4.14.0_x64__kx24dqmazqk8j\SimpleSolitaire.UWP.exe,,,0x8000000000000000,4,,,,,0,,,,,,,{f57bd86a-080f-6582-0a04-000000000b00},10484,2196.0,,,static.pfsrvs.com,::ffff:35.227.240.5;,0.0,-,,,,,,,,,,,,,2023-12-19T21:16:42.7783617Z,,,,,,,22,,12816,WINDEV2309EVAL\User,S-1-5-18,16:41.3,5.0,"<Event xmlns=""http://schemas.microsoft.com/win/2004/08/events/event"">
  <System>
    <Provider Name=""Microsoft-Windows-Sysmon"" Guid=""{5770385f-c22a-43e0-bf4c-06f5698ffbd9}""/>
    <EventID>22</EventID>
    <Version>5</Version>
    <Level>4</Level>
    <Task>22</Task>
    <Opcode>0</Opcode>
    <Keywords>0x8000000000000000</Keywords>
    <TimeCreated SystemTime=""2023-12-19T21:16:42.7783617Z""/>
    <EventRecordID>1066</EventRecordID>
    <Correlation/>
    <Execution ProcessID=""10484"" ThreadID=""12816""/>
    <Channel>Microsoft-Windows-Sysmon/Operational</Channel>
    <Computer>WinDev2309Eval</Computer>
    <Security UserID=""S-1-5-18""/>
  </System>
  <EventData>
    <Data Name=""RuleName"">-</Data>
    <Data Name=""UtcTime"">2023-12-19 21:16:41.311</Data>
    <Data Name=""ProcessGuid"">{f57bd86a-080f-6582-0a04-000000000b00}</Data>
    <Data Name=""ProcessId"">2196</Data>
    <Data Name=""QueryName"">static.pfsrvs.com</Data>
    <Data Name=""QueryStatus"">0</Data>
    <Data Name=""QueryResults"">::ffff:35.227.240.5;</Data>
    <Data Name=""Image"">C:\Program Files\WindowsApps\26720RandomSaladGamesLLC.SimpleSolitaire_7.4.14.0_x64__kx24dqmazqk8j\SimpleSolitaire.UWP.exe</Data>
    <Data Name=""User"">WINDEV2309EVAL\User</Data>
  </EventData>
</Event>
"
Microsoft-Windows-Sysmon/Operational,,,WinDev2309Eval,,,,,,,,,,22,1065,,,,C:\Program Files\WindowsApps\26720RandomSaladGamesLLC.SimpleSolitaire_7.4.14.0_x64__kx24dqmazqk8j\SimpleSolitaire.UWP.exe,,,0x8000000000000000,4,,,,,0,,,,,,,{f57bd86a-080f-6582-0a04-000000000b00},10484,2196.0,,,randomsaladgames.pubfinity.com,::ffff:35.186.250.57;,0.0,-,,,,,,,,,,,,,2023-12-19T21:16:39.7551897Z,,,,,,,22,,12816,WINDEV2309EVAL\User,S-1-5-18,16:39.5,5.0,"<Event xmlns=""http://schemas.microsoft.com/win/2004/08/events/event"">
  <System>
    <Provider Name=""Microsoft-Windows-Sysmon"" Guid=""{5770385f-c22a-43e0-bf4c-06f5698ffbd9}""/>
    <EventID>22</EventID>
    <Version>5</Version>
    <Level>4</Level>
    <Task>22</Task>
    <Opcode>0</Opcode>
    <Keywords>0x8000000000000000</Keywords>
    <TimeCreated SystemTime=""2023-12-19T21:16:39.7551897Z""/>
    <EventRecordID>1065</EventRecordID>
    <Correlation/>
    <Execution ProcessID=""10484"" ThreadID=""12816""/>
    <Channel>Microsoft-Windows-Sysmon/Operational</Channel>
    <Computer>WinDev2309Eval</Computer>
    <Security UserID=""S-1-5-18""/>
  </System>
  <EventData>
    <Data Name=""RuleName"">-</Data>
    <Data Name=""UtcTime"">2023-12-19 21:16:39.460</Data>
    <Data Name=""ProcessGuid"">{f57bd86a-080f-6582-0a04-000000000b00}</Data>
    <Data Name=""ProcessId"">2196</Data>
    <Data Name=""QueryName"">randomsaladgames.pubfinity.com</Data>
    <Data Name=""QueryStatus"">0</Data>
    <Data Name=""QueryResults"">::ffff:35.186.250.57;</Data>
    <Data Name=""Image"">C:\Program Files\WindowsApps\26720RandomSaladGamesLLC.SimpleSolitaire_7.4.14.0_x64__kx24dqmazqk8j\SimpleSolitaire.UWP.exe</Data>
    <Data Name=""User"">WINDEV2309EVAL\User</Data>
  </EventData>
</Event>
"
Microsoft-Windows-Sysmon/Operational,,,WinDev2309Eval,,,,,,,,,,22,1064,,,,C:\Program Files (x86)\Microsoft\Edge\Application\msedge.exe,,,0x8000000000000000,4,,,,,0,,,,,,,{f57bd86a-ffca-6581-1c02-000000000b00},10484,4596.0,,,dnacdn.net,::ffff:178.250.7.13;,0.0,-,,,,,,,,,,,,,2023-12-19T21:16:34.6847319Z,,,,,,,22,,12816,WINDEV2309EVAL\User,S-1-5-18,16:34.0,5.0,"<Event xmlns=""http://schemas.microsoft.com/win/2004/08/events/event"">
  <System>
    <Provider Name=""Microsoft-Windows-Sysmon"" Guid=""{5770385f-c22a-43e0-bf4c-06f5698ffbd9}""/>
    <EventID>22</EventID>
    <Version>5</Version>
    <Level>4</Level>
    <Task>22</Task>
    <Opcode>0</Opcode>
    <Keywords>0x8000000000000000</Keywords>
    <TimeCreated SystemTime=""2023-12-19T21:16:34.6847319Z""/>
    <EventRecordID>1064</EventRecordID>
    <Correlation/>
    <Execution ProcessID=""10484"" ThreadID=""12816""/>
    <Channel>Microsoft-Windows-Sysmon/Operational</Channel>
    <Computer>WinDev2309Eval</Computer>
    <Security UserID=""S-1-5-18""/>
  </System>
  <EventData>
    <Data Name=""RuleName"">-</Data>
    <Data Name=""UtcTime"">2023-12-19 21:16:34.027</Data>
    <Data Name=""ProcessGuid"">{f57bd86a-ffca-6581-1c02-000000000b00}</Data>
    <Data Name=""ProcessId"">4596</Data>
    <Data Name=""QueryName"">dnacdn.net</Data>
    <Data Name=""QueryStatus"">0</Data>
    <Data Name=""QueryResults"">::ffff:178.250.7.13;</Data>
    <Data Name=""Image"">C:\Program Files (x86)\Microsoft\Edge\Application\msedge.exe</Data>
    <Data Name=""User"">WINDEV2309EVAL\User</Data>
  </EventData>
</Event>
"
