Channel,CommandLine,Company,Computer,CreationUtcTime,CurrentDirectory,Description,DestinationHostname,DestinationIp,DestinationIsIpv6,DestinationPort,DestinationPortName,Details,EventID,EventRecordID,EventType,FileVersion,Hashes,Image,Initiated,IntegrityLevel,Keywords,Level,LogonGuid,LogonId,Message,NewThreadId,Opcode,OriginalFileName,ParentCommandLine,ParentImage,ParentProcessGuid,ParentProcessId,ParentUser,ProcessGuid,ProcessID,ProcessId,Product,Protocol,QueryName,QueryResults,QueryStatus,RuleName,SourceHostname,SourceImage,SourceIp,SourceIsIpv6,SourcePort,SourcePortName,SourceProcessGuid,SourceProcessId,SourceUser,StartAddress,StartFunction,StartModule,SystemTime,TargetFilename,TargetImage,TargetObject,TargetProcessGuid,TargetProcessId,TargetUser,Task,TerminalSessionId,ThreadID,User,UserID,UtcTime,Version,raw
Microsoft-Windows-Sysmon/Operational,,,WinDev2309Eval,02:25.2,,,,,,,,,11,5001,,,,C:\Windows\system32\svchost.exe,,,0x8000000000000000,4,,,,,0,,,,,,,{f57bd86a-20d2-6582-1902-000000000d00},3400,8056.0,,,,,,DLL,,,,,,,,,,,,,2023-12-19T23:02:25.2224860Z,C:\Program Files\WindowsApps\Microsoft.Windows.DevHome_0.800.344.0_x64__8wekyb3d8bbwe\de-DE\DevHome.resources.dll,,,,,,11,,4208,NT AUTHORITY\SYSTEM,S-1-5-18,02:25.2,2.0,"<Event xmlns=""http://schemas.microsoft.com/win/2004/08/events/event"">
  <System>
    <Provider Name=""Microsoft-Windows-Sysmon"" Guid=""{5770385f-c22a-43e0-bf4c-06f5698ffbd9}""/>
    <EventID>11</EventID>
    <Version>2</Version>
    <Level>4</Level>
    <Task>11</Task>
    <Opcode>0</Opcode>
    <Keywords>0x8000000000000000</Keywords>
    <TimeCreated SystemTime=""2023-12-19T23:02:25.2224860Z""/>
    <EventRecordID>5001</EventRecordID>
    <Correlation/>
    <Execution ProcessID=""3400"" ThreadID=""4208""/>
    <Channel>Microsoft-Windows-Sysmon/Operational</Channel>
    <Computer>WinDev2309Eval</Computer>
    <Security UserID=""S-1-5-18""/>
  </System>
  <EventData>
    <Data Name=""RuleName"">DLL</Data>
    <Data Name=""UtcTime"">2023-12-19 23:02:25.220</Data>
    <Data Name=""ProcessGuid"">{f57bd86a-20d2-6582-1902-000000000d00}</Data>
    <Data Name=""ProcessId"">8056</Data>
    <Data Name=""Image"">C:\Windows\system32\svchost.exe</Data>
    <Data Name=""TargetFilename"">C:\Program Files\WindowsApps\Microsoft.Windows.DevHome_0.800.344.0_x64__8wekyb3d8bbwe\de-DE\DevHome.resources.dll</Data>
    <Data Name=""CreationUtcTime"">2023-12-19 23:02:25.220</Data>
    <Data Name=""User"">NT AUTHORITY\SYSTEM</Data>
  </EventData>
</Event>
"
Microsoft-Windows-Sysmon/Operational,,,WinDev2309Eval,02:25.2,,,,,,,,,11,5000,,,,C:\Windows\system32\svchost.exe,,,0x8000000000000000,4,,,,,0,,,,,,,{f57bd86a-20d2-6582-1902-000000000d00},3400,8056.0,,,,,,DLL,,,,,,,,,,,,,2023-12-19T23:02:25.2219573Z,C:\Program Files\WindowsApps\Microsoft.Windows.DevHome_0.800.344.0_x64__8wekyb3d8bbwe\da-DK\DevHome.resources.dll,,,,,,11,,4208,NT AUTHORITY\SYSTEM,S-1-5-18,02:25.2,2.0,"<Event xmlns=""http://schemas.microsoft.com/win/2004/08/events/event"">
  <System>
    <Provider Name=""Microsoft-Windows-Sysmon"" Guid=""{5770385f-c22a-43e0-bf4c-06f5698ffbd9}""/>
    <EventID>11</EventID>
    <Version>2</Version>
    <Level>4</Level>
    <Task>11</Task>
    <Opcode>0</Opcode>
    <Keywords>0x8000000000000000</Keywords>
    <TimeCreated SystemTime=""2023-12-19T23:02:25.2219573Z""/>
    <EventRecordID>5000</EventRecordID>
    <Correlation/>
    <Execution ProcessID=""3400"" ThreadID=""4208""/>
    <Channel>Microsoft-Windows-Sysmon/Operational</Channel>
    <Computer>WinDev2309Eval</Computer>
    <Security UserID=""S-1-5-18""/>
  </System>
  <EventData>
    <Data Name=""RuleName"">DLL</Data>
    <Data Name=""UtcTime"">2023-12-19 23:02:25.220</Data>
    <Data Name=""ProcessGuid"">{f57bd86a-20d2-6582-1902-000000000d00}</Data>
    <Data Name=""ProcessId"">8056</Data>
    <Data Name=""Image"">C:\Windows\system32\svchost.exe</Data>
    <Data Name=""TargetFilename"">C:\Program Files\WindowsApps\Microsoft.Windows.DevHome_0.800.344.0_x64__8wekyb3d8bbwe\da-DK\DevHome.resources.dll</Data>
    <Data Name=""CreationUtcTime"">2023-12-19 23:02:25.220</Data>
    <Data Name=""User"">NT AUTHORITY\SYSTEM</Data>
  </EventData>
</Event>
"
Microsoft-Windows-Sysmon/Operational,,,WinDev2309Eval,02:25.2,,,,,,,,,11,4999,,,,C:\Windows\system32\svchost.exe,,,0x8000000000000000,4,,,,,0,,,,,,,{f57bd86a-20d2-6582-1902-000000000d00},3400,8056.0,,,,,,DLL,,,,,,,,,,,,,2023-12-19T23:02:25.2215833Z,C:\Program Files\WindowsApps\Microsoft.Windows.DevHome_0.800.344.0_x64__8wekyb3d8bbwe\cs-CZ\DevHome.resources.dll,,,,,,11,,4208,NT AUTHORITY\SYSTEM,S-1-5-18,02:25.2,2.0,"<Event xmlns=""http://schemas.microsoft.com/win/2004/08/events/event"">
  <System>
    <Provider Name=""Microsoft-Windows-Sysmon"" Guid=""{5770385f-c22a-43e0-bf4c-06f5698ffbd9}""/>
    <EventID>11</EventID>
    <Version>2</Version>
    <Level>4</Level>
    <Task>11</Task>
    <Opcode>0</Opcode>
    <Keywords>0x8000000000000000</Keywords>
    <TimeCreated SystemTime=""2023-12-19T23:02:25.2215833Z""/>
    <EventRecordID>4999</EventRecordID>
    <Correlation/>
    <Execution ProcessID=""3400"" ThreadID=""4208""/>
    <Channel>Microsoft-Windows-Sysmon/Operational</Channel>
    <Computer>WinDev2309Eval</Computer>
    <Security UserID=""S-1-5-18""/>
  </System>
  <EventData>
    <Data Name=""RuleName"">DLL</Data>
    <Data Name=""UtcTime"">2023-12-19 23:02:25.220</Data>
    <Data Name=""ProcessGuid"">{f57bd86a-20d2-6582-1902-000000000d00}</Data>
    <Data Name=""ProcessId"">8056</Data>
    <Data Name=""Image"">C:\Windows\system32\svchost.exe</Data>
    <Data Name=""TargetFilename"">C:\Program Files\WindowsApps\Microsoft.Windows.DevHome_0.800.344.0_x64__8wekyb3d8bbwe\cs-CZ\DevHome.resources.dll</Data>
    <Data Name=""CreationUtcTime"">2023-12-19 23:02:25.220</Data>
    <Data Name=""User"">NT AUTHORITY\SYSTEM</Data>
  </EventData>
</Event>
"
Microsoft-Windows-Sysmon/Operational,,,WinDev2309Eval,02:25.2,,,,,,,,,11,4998,,,,C:\Windows\system32\svchost.exe,,,0x8000000000000000,4,,,,,0,,,,,,,{f57bd86a-20d2-6582-1902-000000000d00},3400,8056.0,,,,,,DLL,,,,,,,,,,,,,2023-12-19T23:02:25.2214502Z,C:\Program Files\WindowsApps\Microsoft.Windows.DevHome_0.800.344.0_x64__8wekyb3d8bbwe\ca-ES\DevHome.resources.dll,,,,,,11,,4208,NT AUTHORITY\SYSTEM,S-1-5-18,02:25.2,2.0,"<Event xmlns=""http://schemas.microsoft.com/win/2004/08/events/event"">
  <System>
    <Provider Name=""Microsoft-Windows-Sysmon"" Guid=""{5770385f-c22a-43e0-bf4c-06f5698ffbd9}""/>
    <EventID>11</EventID>
    <Version>2</Version>
    <Level>4</Level>
    <Task>11</Task>
    <Opcode>0</Opcode>
    <Keywords>0x8000000000000000</Keywords>
    <TimeCreated SystemTime=""2023-12-19T23:02:25.2214502Z""/>
    <EventRecordID>4998</EventRecordID>
    <Correlation/>
    <Execution ProcessID=""3400"" ThreadID=""4208""/>
    <Channel>Microsoft-Windows-Sysmon/Operational</Channel>
    <Computer>WinDev2309Eval</Computer>
    <Security UserID=""S-1-5-18""/>
  </System>
  <EventData>
    <Data Name=""RuleName"">DLL</Data>
    <Data Name=""UtcTime"">2023-12-19 23:02:25.220</Data>
    <Data Name=""ProcessGuid"">{f57bd86a-20d2-6582-1902-000000000d00}</Data>
    <Data Name=""ProcessId"">8056</Data>
    <Data Name=""Image"">C:\Windows\system32\svchost.exe</Data>
    <Data Name=""TargetFilename"">C:\Program Files\WindowsApps\Microsoft.Windows.DevHome_0.800.344.0_x64__8wekyb3d8bbwe\ca-ES\DevHome.resources.dll</Data>
    <Data Name=""CreationUtcTime"">2023-12-19 23:02:25.205</Data>
    <Data Name=""User"">NT AUTHORITY\SYSTEM</Data>
  </EventData>
</Event>
"
Microsoft-Windows-Sysmon/Operational,,,WinDev2309Eval,02:25.2,,,,,,,,,11,4997,,,,C:\Windows\system32\svchost.exe,,,0x8000000000000000,4,,,,,0,,,,,,,{f57bd86a-20d2-6582-1902-000000000d00},3400,8056.0,,,,,,DLL,,,,,,,,,,,,,2023-12-19T23:02:25.2206772Z,C:\Program Files\WindowsApps\Microsoft.Windows.DevHome_0.800.344.0_x64__8wekyb3d8bbwe\bg-BG\DevHome.resources.dll,,,,,,11,,4208,NT AUTHORITY\SYSTEM,S-1-5-18,02:25.2,2.0,"<Event xmlns=""http://schemas.microsoft.com/win/2004/08/events/event"">
  <System>
    <Provider Name=""Microsoft-Windows-Sysmon"" Guid=""{5770385f-c22a-43e0-bf4c-06f5698ffbd9}""/>
    <EventID>11</EventID>
    <Version>2</Version>
    <Level>4</Level>
    <Task>11</Task>
    <Opcode>0</Opcode>
    <Keywords>0x8000000000000000</Keywords>
    <TimeCreated SystemTime=""2023-12-19T23:02:25.2206772Z""/>
    <EventRecordID>4997</EventRecordID>
    <Correlation/>
    <Execution ProcessID=""3400"" ThreadID=""4208""/>
    <Channel>Microsoft-Windows-Sysmon/Operational</Channel>
    <Computer>WinDev2309Eval</Computer>
    <Security UserID=""S-1-5-18""/>
  </System>
  <EventData>
    <Data Name=""RuleName"">DLL</Data>
    <Data Name=""UtcTime"">2023-12-19 23:02:25.205</Data>
    <Data Name=""ProcessGuid"">{f57bd86a-20d2-6582-1902-000000000d00}</Data>
    <Data Name=""ProcessId"">8056</Data>
    <Data Name=""Image"">C:\Windows\system32\svchost.exe</Data>
    <Data Name=""TargetFilename"">C:\Program Files\WindowsApps\Microsoft.Windows.DevHome_0.800.344.0_x64__8wekyb3d8bbwe\bg-BG\DevHome.resources.dll</Data>
    <Data Name=""CreationUtcTime"">2023-12-19 23:02:25.205</Data>
    <Data Name=""User"">NT AUTHORITY\SYSTEM</Data>
  </EventData>
</Event>
"
Microsoft-Windows-Sysmon/Operational,,,WinDev2309Eval,,,,,,,,,DWORD (0x00000001),13,4996,SetValue,,,C:\Windows\system32\wevtutil.exe,,,0x8000000000000000,4,,,,,0,,,,,,,{f57bd86a-20fc-6582-2b02-000000000d00},3400,7908.0,,,,,,-,,,,,,,,,,,,,2023-12-19T23:02:20.2562797Z,,,HKLM\SOFTWARE\Microsoft\Windows\CurrentVersion\WINEVT\Channels\Microsoft-Windows-AppXDeployment-Server/Operational\Type,,,,13,,4208,NT AUTHORITY\SYSTEM,S-1-5-18,02:20.2,2.0,"<Event xmlns=""http://schemas.microsoft.com/win/2004/08/events/event"">
  <System>
    <Provider Name=""Microsoft-Windows-Sysmon"" Guid=""{5770385f-c22a-43e0-bf4c-06f5698ffbd9}""/>
    <EventID>13</EventID>
    <Version>2</Version>
    <Level>4</Level>
    <Task>13</Task>
    <Opcode>0</Opcode>
    <Keywords>0x8000000000000000</Keywords>
    <TimeCreated SystemTime=""2023-12-19T23:02:20.2562797Z""/>
    <EventRecordID>4996</EventRecordID>
    <Correlation/>
    <Execution ProcessID=""3400"" ThreadID=""4208""/>
    <Channel>Microsoft-Windows-Sysmon/Operational</Channel>
    <Computer>WinDev2309Eval</Computer>
    <Security UserID=""S-1-5-18""/>
  </System>
  <EventData>
    <Data Name=""RuleName"">-</Data>
    <Data Name=""EventType"">SetValue</Data>
    <Data Name=""UtcTime"">2023-12-19 23:02:20.242</Data>
    <Data Name=""ProcessGuid"">{f57bd86a-20fc-6582-2b02-000000000d00}</Data>
    <Data Name=""ProcessId"">7908</Data>
    <Data Name=""Image"">C:\Windows\system32\wevtutil.exe</Data>
    <Data Name=""TargetObject"">HKLM\SOFTWARE\Microsoft\Windows\CurrentVersion\WINEVT\Channels\Microsoft-Windows-AppXDeployment-Server/Operational\Type</Data>
    <Data Name=""Details"">DWORD (0x00000001)</Data>
    <Data Name=""User"">NT AUTHORITY\SYSTEM</Data>
  </EventData>
</Event>
"
Microsoft-Windows-Sysmon/Operational,,,WinDev2309Eval,,,,,,,,,DWORD (0x00000000),13,4995,SetValue,,,C:\Windows\system32\wevtutil.exe,,,0x8000000000000000,4,,,,,0,,,,,,,{f57bd86a-20fc-6582-2b02-000000000d00},3400,7908.0,,,,,,-,,,,,,,,,,,,,2023-12-19T23:02:20.2562221Z,,,HKLM\SOFTWARE\Microsoft\Windows\CurrentVersion\WINEVT\Channels\Microsoft-Windows-AppXDeployment-Server/Operational\MaxSizeUpper,,,,13,,4208,NT AUTHORITY\SYSTEM,S-1-5-18,02:20.2,2.0,"<Event xmlns=""http://schemas.microsoft.com/win/2004/08/events/event"">
  <System>
    <Provider Name=""Microsoft-Windows-Sysmon"" Guid=""{5770385f-c22a-43e0-bf4c-06f5698ffbd9}""/>
    <EventID>13</EventID>
    <Version>2</Version>
    <Level>4</Level>
    <Task>13</Task>
    <Opcode>0</Opcode>
    <Keywords>0x8000000000000000</Keywords>
    <TimeCreated SystemTime=""2023-12-19T23:02:20.2562221Z""/>
    <EventRecordID>4995</EventRecordID>
    <Correlation/>
    <Execution ProcessID=""3400"" ThreadID=""4208""/>
    <Channel>Microsoft-Windows-Sysmon/Operational</Channel>
    <Computer>WinDev2309Eval</Computer>
    <Security UserID=""S-1-5-18""/>
  </System>
  <EventData>
    <Data Name=""RuleName"">-</Data>
    <Data Name=""EventType"">SetValue</Data>
    <Data Name=""UtcTime"">2023-12-19 23:02:20.242</Data>
    <Data Name=""ProcessGuid"">{f57bd86a-20fc-6582-2b02-000000000d00}</Data>
    <Data Name=""ProcessId"">7908</Data>
    <Data Name=""Image"">C:\Windows\system32\wevtutil.exe</Data>
    <Data Name=""TargetObject"">HKLM\SOFTWARE\Microsoft\Windows\CurrentVersion\WINEVT\Channels\Microsoft-Windows-AppXDeployment-Server/Operational\MaxSizeUpper</Data>
    <Data Name=""Details"">DWORD (0x00000000)</Data>
    <Data Name=""User"">NT AUTHORITY\SYSTEM</Data>
  </EventData>
</Event>
"
Microsoft-Windows-Sysmon/Operational,,,WinDev2309Eval,,,,,,,,,DWORD (0x00500000),13,4994,SetValue,,,C:\Windows\system32\wevtutil.exe,,,0x8000000000000000,4,,,,,0,,,,,,,{f57bd86a-20fc-6582-2b02-000000000d00},3400,7908.0,,,,,,-,,,,,,,,,,,,,2023-12-19T23:02:20.2561587Z,,,HKLM\SOFTWARE\Microsoft\Windows\CurrentVersion\WINEVT\Channels\Microsoft-Windows-AppXDeployment-Server/Operational\MaxSize,,,,13,,4208,NT AUTHORITY\SYSTEM,S-1-5-18,02:20.2,2.0,"<Event xmlns=""http://schemas.microsoft.com/win/2004/08/events/event"">
  <System>
    <Provider Name=""Microsoft-Windows-Sysmon"" Guid=""{5770385f-c22a-43e0-bf4c-06f5698ffbd9}""/>
    <EventID>13</EventID>
    <Version>2</Version>
    <Level>4</Level>
    <Task>13</Task>
    <Opcode>0</Opcode>
    <Keywords>0x8000000000000000</Keywords>
    <TimeCreated SystemTime=""2023-12-19T23:02:20.2561587Z""/>
    <EventRecordID>4994</EventRecordID>
    <Correlation/>
    <Execution ProcessID=""3400"" ThreadID=""4208""/>
    <Channel>Microsoft-Windows-Sysmon/Operational</Channel>
    <Computer>WinDev2309Eval</Computer>
    <Security UserID=""S-1-5-18""/>
  </System>
  <EventData>
    <Data Name=""RuleName"">-</Data>
    <Data Name=""EventType"">SetValue</Data>
    <Data Name=""UtcTime"">2023-12-19 23:02:20.242</Data>
    <Data Name=""ProcessGuid"">{f57bd86a-20fc-6582-2b02-000000000d00}</Data>
    <Data Name=""ProcessId"">7908</Data>
    <Data Name=""Image"">C:\Windows\system32\wevtutil.exe</Data>
    <Data Name=""TargetObject"">HKLM\SOFTWARE\Microsoft\Windows\CurrentVersion\WINEVT\Channels\Microsoft-Windows-AppXDeployment-Server/Operational\MaxSize</Data>
    <Data Name=""Details"">DWORD (0x00500000)</Data>
    <Data Name=""User"">NT AUTHORITY\SYSTEM</Data>
  </EventData>
</Event>
"
Microsoft-Windows-Sysmon/Operational,,,WinDev2309Eval,,,,,,,,,O:BAG:SYD:(A;;0x2;;;S-1-15-2-1)(A;;0x2;;;S-1-15-3-1024-3153509613-960666767-3724611135-2725662640-12138253-543910227-1950414635-4190290187)(A;;0xf0007;;;SY)(A;;0x7;;;BA)(A;;0x7;;;SO)(A;;0x3;;;IU)(A;;0x3;;;SU)(A;;0x3;;;S-1-5-3)(A;;0x3;;;S-1-5-33)(A;;0x1;;;S-1-5-32-573),13,4993,SetValue,,,C:\Windows\system32\wevtutil.exe,,,0x8000000000000000,4,,,,,0,,,,,,,{f57bd86a-20fc-6582-2b02-000000000d00},3400,7908.0,,,,,,-,,,,,,,,,,,,,2023-12-19T23:02:20.2561002Z,,,HKLM\SOFTWARE\Microsoft\Windows\CurrentVersion\WINEVT\Channels\Microsoft-Windows-AppXDeployment-Server/Operational\ChannelAccess,,,,13,,4208,NT AUTHORITY\SYSTEM,S-1-5-18,02:20.2,2.0,"<Event xmlns=""http://schemas.microsoft.com/win/2004/08/events/event"">
  <System>
    <Provider Name=""Microsoft-Windows-Sysmon"" Guid=""{5770385f-c22a-43e0-bf4c-06f5698ffbd9}""/>
    <EventID>13</EventID>
    <Version>2</Version>
    <Level>4</Level>
    <Task>13</Task>
    <Opcode>0</Opcode>
    <Keywords>0x8000000000000000</Keywords>
    <TimeCreated SystemTime=""2023-12-19T23:02:20.2561002Z""/>
    <EventRecordID>4993</EventRecordID>
    <Correlation/>
    <Execution ProcessID=""3400"" ThreadID=""4208""/>
    <Channel>Microsoft-Windows-Sysmon/Operational</Channel>
    <Computer>WinDev2309Eval</Computer>
    <Security UserID=""S-1-5-18""/>
  </System>
  <EventData>
    <Data Name=""RuleName"">-</Data>
    <Data Name=""EventType"">SetValue</Data>
    <Data Name=""UtcTime"">2023-12-19 23:02:20.242</Data>
    <Data Name=""ProcessGuid"">{f57bd86a-20fc-6582-2b02-000000000d00}</Data>
    <Data Name=""ProcessId"">7908</Data>
    <Data Name=""Image"">C:\Windows\system32\wevtutil.exe</Data>
    <Data Name=""TargetObject"">HKLM\SOFTWARE\Microsoft\Windows\CurrentVersion\WINEVT\Channels\Microsoft-Windows-AppXDeployment-Server/Operational\ChannelAccess</Data>
    <Data Name=""Details"">O:BAG:SYD:(A;;0x2;;;S-1-15-2-1)(A;;0x2;;;S-1-15-3-1024-3153509613-960666767-3724611135-2725662640-12138253-543910227-1950414635-4190290187)(A;;0xf0007;;;SY)(A;;0x7;;;BA)(A;;0x7;;;SO)(A;;0x3;;;IU)(A;;0x3;;;SU)(A;;0x3;;;S-1-5-3)(A;;0x3;;;S-1-5-33)(A;;0x1;;;S-1-5-32-573)</Data>
    <Data Name=""User"">NT AUTHORITY\SYSTEM</Data>
  </EventData>
</Event>
"
Microsoft-Windows-Sysmon/Operational,,,WinDev2309Eval,,,,,,,,,DWORD (0x00000000),13,4992,SetValue,,,C:\Windows\system32\wevtutil.exe,,,0x8000000000000000,4,,,,,0,,,,,,,{f57bd86a-20fc-6582-2b02-000000000d00},3400,7908.0,,,,,,-,,,,,,,,,,,,,2023-12-19T23:02:20.2560354Z,,,HKLM\SOFTWARE\Microsoft\Windows\CurrentVersion\WINEVT\Channels\Microsoft-Windows-AppXDeployment-Server/Operational\Isolation,,,,13,,4208,NT AUTHORITY\SYSTEM,S-1-5-18,02:20.2,2.0,"<Event xmlns=""http://schemas.microsoft.com/win/2004/08/events/event"">
  <System>
    <Provider Name=""Microsoft-Windows-Sysmon"" Guid=""{5770385f-c22a-43e0-bf4c-06f5698ffbd9}""/>
    <EventID>13</EventID>
    <Version>2</Version>
    <Level>4</Level>
    <Task>13</Task>
    <Opcode>0</Opcode>
    <Keywords>0x8000000000000000</Keywords>
    <TimeCreated SystemTime=""2023-12-19T23:02:20.2560354Z""/>
    <EventRecordID>4992</EventRecordID>
    <Correlation/>
    <Execution ProcessID=""3400"" ThreadID=""4208""/>
    <Channel>Microsoft-Windows-Sysmon/Operational</Channel>
    <Computer>WinDev2309Eval</Computer>
    <Security UserID=""S-1-5-18""/>
  </System>
  <EventData>
    <Data Name=""RuleName"">-</Data>
    <Data Name=""EventType"">SetValue</Data>
    <Data Name=""UtcTime"">2023-12-19 23:02:20.242</Data>
    <Data Name=""ProcessGuid"">{f57bd86a-20fc-6582-2b02-000000000d00}</Data>
    <Data Name=""ProcessId"">7908</Data>
    <Data Name=""Image"">C:\Windows\system32\wevtutil.exe</Data>
    <Data Name=""TargetObject"">HKLM\SOFTWARE\Microsoft\Windows\CurrentVersion\WINEVT\Channels\Microsoft-Windows-AppXDeployment-Server/Operational\Isolation</Data>
    <Data Name=""Details"">DWORD (0x00000000)</Data>
    <Data Name=""User"">NT AUTHORITY\SYSTEM</Data>
  </EventData>
</Event>
"
Microsoft-Windows-Sysmon/Operational,,,WinDev2309Eval,,,,,,,,,DWORD (0x00000001),13,4991,SetValue,,,C:\Windows\system32\wevtutil.exe,,,0x8000000000000000,4,,,,,0,,,,,,,{f57bd86a-20fc-6582-2b02-000000000d00},3400,7908.0,,,,,,-,,,,,,,,,,,,,2023-12-19T23:02:20.2559728Z,,,HKLM\SOFTWARE\Microsoft\Windows\CurrentVersion\WINEVT\Channels\Microsoft-Windows-AppXDeployment-Server/Operational\Enabled,,,,13,,4208,NT AUTHORITY\SYSTEM,S-1-5-18,02:20.2,2.0,"<Event xmlns=""http://schemas.microsoft.com/win/2004/08/events/event"">
  <System>
    <Provider Name=""Microsoft-Windows-Sysmon"" Guid=""{5770385f-c22a-43e0-bf4c-06f5698ffbd9}""/>
    <EventID>13</EventID>
    <Version>2</Version>
    <Level>4</Level>
    <Task>13</Task>
    <Opcode>0</Opcode>
    <Keywords>0x8000000000000000</Keywords>
    <TimeCreated SystemTime=""2023-12-19T23:02:20.2559728Z""/>
    <EventRecordID>4991</EventRecordID>
    <Correlation/>
    <Execution ProcessID=""3400"" ThreadID=""4208""/>
    <Channel>Microsoft-Windows-Sysmon/Operational</Channel>
    <Computer>WinDev2309Eval</Computer>
    <Security UserID=""S-1-5-18""/>
  </System>
  <EventData>
    <Data Name=""RuleName"">-</Data>
    <Data Name=""EventType"">SetValue</Data>
    <Data Name=""UtcTime"">2023-12-19 23:02:20.242</Data>
    <Data Name=""ProcessGuid"">{f57bd86a-20fc-6582-2b02-000000000d00}</Data>
    <Data Name=""ProcessId"">7908</Data>
    <Data Name=""Image"">C:\Windows\system32\wevtutil.exe</Data>
    <Data Name=""TargetObject"">HKLM\SOFTWARE\Microsoft\Windows\CurrentVersion\WINEVT\Channels\Microsoft-Windows-AppXDeployment-Server/Operational\Enabled</Data>
    <Data Name=""Details"">DWORD (0x00000001)</Data>
    <Data Name=""User"">NT AUTHORITY\SYSTEM</Data>
  </EventData>
</Event>
"
Microsoft-Windows-Sysmon/Operational,,,WinDev2309Eval,,,,,,,,,{43833e12-078d-4d7d-8aaf-ae8c8520f18c},13,4990,SetValue,,,C:\Windows\system32\wevtutil.exe,,,0x8000000000000000,4,,,,,0,,,,,,,{f57bd86a-20fc-6582-2b02-000000000d00},3400,7908.0,,,,,,-,,,,,,,,,,,,,2023-12-19T23:02:20.2559017Z,,,HKLM\SOFTWARE\Microsoft\Windows\CurrentVersion\WINEVT\Channels\Microsoft-Windows-AppXDeployment-Server/Operational\OwningPublisher,,,,13,,4208,NT AUTHORITY\SYSTEM,S-1-5-18,02:20.2,2.0,"<Event xmlns=""http://schemas.microsoft.com/win/2004/08/events/event"">
  <System>
    <Provider Name=""Microsoft-Windows-Sysmon"" Guid=""{5770385f-c22a-43e0-bf4c-06f5698ffbd9}""/>
    <EventID>13</EventID>
    <Version>2</Version>
    <Level>4</Level>
    <Task>13</Task>
    <Opcode>0</Opcode>
    <Keywords>0x8000000000000000</Keywords>
    <TimeCreated SystemTime=""2023-12-19T23:02:20.2559017Z""/>
    <EventRecordID>4990</EventRecordID>
    <Correlation/>
    <Execution ProcessID=""3400"" ThreadID=""4208""/>
    <Channel>Microsoft-Windows-Sysmon/Operational</Channel>
    <Computer>WinDev2309Eval</Computer>
    <Security UserID=""S-1-5-18""/>
  </System>
  <EventData>
    <Data Name=""RuleName"">-</Data>
    <Data Name=""EventType"">SetValue</Data>
    <Data Name=""UtcTime"">2023-12-19 23:02:20.242</Data>
    <Data Name=""ProcessGuid"">{f57bd86a-20fc-6582-2b02-000000000d00}</Data>
    <Data Name=""ProcessId"">7908</Data>
    <Data Name=""Image"">C:\Windows\system32\wevtutil.exe</Data>
    <Data Name=""TargetObject"">HKLM\SOFTWARE\Microsoft\Windows\CurrentVersion\WINEVT\Channels\Microsoft-Windows-AppXDeployment-Server/Operational\OwningPublisher</Data>
    <Data Name=""Details"">{43833e12-078d-4d7d-8aaf-ae8c8520f18c}</Data>
    <Data Name=""User"">NT AUTHORITY\SYSTEM</Data>
  </EventData>
</Event>
"
Microsoft-Windows-Sysmon/Operational,"""C:\Windows\system32\wevtutil.exe"" install-manifest ""C:\Program Files\WindowsApps\Microsoft.WindowsAppRuntime.1.4_4000.1049.117.0_x64__8wekyb3d8bbwe\EventLog-Instrumentation.man"" /resourceFilePath:""C:\Program Files\WindowsApps\Microsoft.WindowsAppRuntime.1.4_4000.1049.117.0_x64__8wekyb3d8bbwe\WindowsAppSdk.AppxDeploymentExtensions.Desktop-EventLog-Instrumentation.dll"" /messageFilePath:""C:\Program Files\WindowsApps\Microsoft.WindowsAppRuntime.1.4_4000.1049.117.0_x64__8wekyb3d8bbwe\WindowsAppSdk.AppxDeploymentExtensions.Desktop-EventLog-Instrumentation.dll"" /unicode:true",Microsoft Corporation,WinDev2309Eval,,C:\Windows\system32\,Windows Event Log Utility,,,,,,,1,4989,,10.0.22621.2506 (WinBuild.160101.0800),"MD5=3331F35EC34595843187CD518B9FBA48,SHA256=0FBB4B8092E8F3B4A298A133DC30E5F80D420380BACB5D3B27D0D2BCB9103230,IMPHASH=92CA71320A49850E970004A94EA5D695",C:\Windows\System32\wevtutil.exe,,System,0x8000000000000000,4,{f57bd86a-1cf1-6582-e703-000000000000},0x3e7,,,0,wevtutil.exe,C:\Windows\system32\svchost.exe -k wsappx -p -s AppXSvc,C:\Windows\System32\svchost.exe,{f57bd86a-20d2-6582-1902-000000000d00},8056.0,NT AUTHORITY\SYSTEM,{f57bd86a-20fc-6582-2b02-000000000d00},3400,7908.0,Microsoft速 Windows速 Operating System,,,,,-,,,,,,,,,,,,,2023-12-19T23:02:20.1570239Z,,,,,,,1,0.0,4208,NT AUTHORITY\SYSTEM,S-1-5-18,02:20.2,5.0,"<Event xmlns=""http://schemas.microsoft.com/win/2004/08/events/event"">
  <System>
    <Provider Name=""Microsoft-Windows-Sysmon"" Guid=""{5770385f-c22a-43e0-bf4c-06f5698ffbd9}""/>
    <EventID>1</EventID>
    <Version>5</Version>
    <Level>4</Level>
    <Task>1</Task>
    <Opcode>0</Opcode>
    <Keywords>0x8000000000000000</Keywords>
    <TimeCreated SystemTime=""2023-12-19T23:02:20.1570239Z""/>
    <EventRecordID>4989</EventRecordID>
    <Correlation/>
    <Execution ProcessID=""3400"" ThreadID=""4208""/>
    <Channel>Microsoft-Windows-Sysmon/Operational</Channel>
    <Computer>WinDev2309Eval</Computer>
    <Security UserID=""S-1-5-18""/>
  </System>
  <EventData>
    <Data Name=""RuleName"">-</Data>
    <Data Name=""UtcTime"">2023-12-19 23:02:20.153</Data>
    <Data Name=""ProcessGuid"">{f57bd86a-20fc-6582-2b02-000000000d00}</Data>
    <Data Name=""ProcessId"">7908</Data>
    <Data Name=""Image"">C:\Windows\System32\wevtutil.exe</Data>
    <Data Name=""FileVersion"">10.0.22621.2506 (WinBuild.160101.0800)</Data>
    <Data Name=""Description"">Windows Event Log Utility</Data>
    <Data Name=""Product"">Microsoft&#174; Windows&#174; Operating System</Data>
    <Data Name=""Company"">Microsoft Corporation</Data>
    <Data Name=""OriginalFileName"">wevtutil.exe</Data>
    <Data Name=""CommandLine"">""C:\Windows\system32\wevtutil.exe"" install-manifest ""C:\Program Files\WindowsApps\Microsoft.WindowsAppRuntime.1.4_4000.1049.117.0_x64__8wekyb3d8bbwe\EventLog-Instrumentation.man"" /resourceFilePath:""C:\Program Files\WindowsApps\Microsoft.WindowsAppRuntime.1.4_4000.1049.117.0_x64__8wekyb3d8bbwe\WindowsAppSdk.AppxDeploymentExtensions.Desktop-EventLog-Instrumentation.dll"" /messageFilePath:""C:\Program Files\WindowsApps\Microsoft.WindowsAppRuntime.1.4_4000.1049.117.0_x64__8wekyb3d8bbwe\WindowsAppSdk.AppxDeploymentExtensions.Desktop-EventLog-Instrumentation.dll"" /unicode:true</Data>
    <Data Name=""CurrentDirectory"">C:\Windows\system32\</Data>
    <Data Name=""User"">NT AUTHORITY\SYSTEM</Data>
    <Data Name=""LogonGuid"">{f57bd86a-1cf1-6582-e703-000000000000}</Data>
    <Data Name=""LogonId"">0x3e7</Data>
    <Data Name=""TerminalSessionId"">0</Data>
    <Data Name=""IntegrityLevel"">System</Data>
    <Data Name=""Hashes"">MD5=3331F35EC34595843187CD518B9FBA48,SHA256=0FBB4B8092E8F3B4A298A133DC30E5F80D420380BACB5D3B27D0D2BCB9103230,IMPHASH=92CA71320A49850E970004A94EA5D695</Data>
    <Data Name=""ParentProcessGuid"">{f57bd86a-20d2-6582-1902-000000000d00}</Data>
    <Data Name=""ParentProcessId"">8056</Data>
    <Data Name=""ParentImage"">C:\Windows\System32\svchost.exe</Data>
    <Data Name=""ParentCommandLine"">C:\Windows\system32\svchost.exe -k wsappx -p -s AppXSvc</Data>
    <Data Name=""ParentUser"">NT AUTHORITY\SYSTEM</Data>
  </EventData>
</Event>
"
Microsoft-Windows-Sysmon/Operational,,,WinDev2309Eval,,,,,,,,,,12,4988,DeleteKey,,,C:\Windows\system32\wevtutil.exe,,,0x8000000000000000,4,,,,,0,,,,,,,{f57bd86a-20fc-6582-2902-000000000d00},3400,5784.0,,,,,,-,,,,,,,,,,,,,2023-12-19T23:02:20.1258198Z,,,HKLM\SOFTWARE\Microsoft\Windows\CurrentVersion\WINEVT\Channels\Microsoft-Windows-AppXDeployment-Server/Operational,,,,12,,4208,NT AUTHORITY\SYSTEM,S-1-5-18,02:20.1,2.0,"<Event xmlns=""http://schemas.microsoft.com/win/2004/08/events/event"">
  <System>
    <Provider Name=""Microsoft-Windows-Sysmon"" Guid=""{5770385f-c22a-43e0-bf4c-06f5698ffbd9}""/>
    <EventID>12</EventID>
    <Version>2</Version>
    <Level>4</Level>
    <Task>12</Task>
    <Opcode>0</Opcode>
    <Keywords>0x8000000000000000</Keywords>
    <TimeCreated SystemTime=""2023-12-19T23:02:20.1258198Z""/>
    <EventRecordID>4988</EventRecordID>
    <Correlation/>
    <Execution ProcessID=""3400"" ThreadID=""4208""/>
    <Channel>Microsoft-Windows-Sysmon/Operational</Channel>
    <Computer>WinDev2309Eval</Computer>
    <Security UserID=""S-1-5-18""/>
  </System>
  <EventData>
    <Data Name=""RuleName"">-</Data>
    <Data Name=""EventType"">DeleteKey</Data>
    <Data Name=""UtcTime"">2023-12-19 23:02:20.117</Data>
    <Data Name=""ProcessGuid"">{f57bd86a-20fc-6582-2902-000000000d00}</Data>
    <Data Name=""ProcessId"">5784</Data>
    <Data Name=""Image"">C:\Windows\system32\wevtutil.exe</Data>
    <Data Name=""TargetObject"">HKLM\SOFTWARE\Microsoft\Windows\CurrentVersion\WINEVT\Channels\Microsoft-Windows-AppXDeployment-Server/Operational</Data>
    <Data Name=""User"">NT AUTHORITY\SYSTEM</Data>
  </EventData>
</Event>
"
Microsoft-Windows-Sysmon/Operational,"""C:\Windows\system32\wevtutil.exe"" uninstall-manifest ""C:\Program Files\WindowsApps\Microsoft.WindowsAppRuntime.1.4_4000.1049.117.0_x86__8wekyb3d8bbwe\EventLog-Instrumentation.man"" /unicode:true",Microsoft Corporation,WinDev2309Eval,,C:\Windows\system32\,Windows Event Log Utility,,,,,,,1,4987,,10.0.22621.2506 (WinBuild.160101.0800),"MD5=3331F35EC34595843187CD518B9FBA48,SHA256=0FBB4B8092E8F3B4A298A133DC30E5F80D420380BACB5D3B27D0D2BCB9103230,IMPHASH=92CA71320A49850E970004A94EA5D695",C:\Windows\System32\wevtutil.exe,,System,0x8000000000000000,4,{f57bd86a-1cf1-6582-e703-000000000000},0x3e7,,,0,wevtutil.exe,C:\Windows\system32\svchost.exe -k wsappx -p -s AppXSvc,C:\Windows\System32\svchost.exe,{f57bd86a-20d2-6582-1902-000000000d00},8056.0,NT AUTHORITY\SYSTEM,{f57bd86a-20fc-6582-2902-000000000d00},3400,5784.0,Microsoft速 Windows速 Operating System,,,,,-,,,,,,,,,,,,,2023-12-19T23:02:20.0397778Z,,,,,,,1,0.0,4208,NT AUTHORITY\SYSTEM,S-1-5-18,02:20.0,5.0,"<Event xmlns=""http://schemas.microsoft.com/win/2004/08/events/event"">
  <System>
    <Provider Name=""Microsoft-Windows-Sysmon"" Guid=""{5770385f-c22a-43e0-bf4c-06f5698ffbd9}""/>
    <EventID>1</EventID>
    <Version>5</Version>
    <Level>4</Level>
    <Task>1</Task>
    <Opcode>0</Opcode>
    <Keywords>0x8000000000000000</Keywords>
    <TimeCreated SystemTime=""2023-12-19T23:02:20.0397778Z""/>
    <EventRecordID>4987</EventRecordID>
    <Correlation/>
    <Execution ProcessID=""3400"" ThreadID=""4208""/>
    <Channel>Microsoft-Windows-Sysmon/Operational</Channel>
    <Computer>WinDev2309Eval</Computer>
    <Security UserID=""S-1-5-18""/>
  </System>
  <EventData>
    <Data Name=""RuleName"">-</Data>
    <Data Name=""UtcTime"">2023-12-19 23:02:20.036</Data>
    <Data Name=""ProcessGuid"">{f57bd86a-20fc-6582-2902-000000000d00}</Data>
    <Data Name=""ProcessId"">5784</Data>
    <Data Name=""Image"">C:\Windows\System32\wevtutil.exe</Data>
    <Data Name=""FileVersion"">10.0.22621.2506 (WinBuild.160101.0800)</Data>
    <Data Name=""Description"">Windows Event Log Utility</Data>
    <Data Name=""Product"">Microsoft&#174; Windows&#174; Operating System</Data>
    <Data Name=""Company"">Microsoft Corporation</Data>
    <Data Name=""OriginalFileName"">wevtutil.exe</Data>
    <Data Name=""CommandLine"">""C:\Windows\system32\wevtutil.exe"" uninstall-manifest ""C:\Program Files\WindowsApps\Microsoft.WindowsAppRuntime.1.4_4000.1049.117.0_x86__8wekyb3d8bbwe\EventLog-Instrumentation.man"" /unicode:true</Data>
    <Data Name=""CurrentDirectory"">C:\Windows\system32\</Data>
    <Data Name=""User"">NT AUTHORITY\SYSTEM</Data>
    <Data Name=""LogonGuid"">{f57bd86a-1cf1-6582-e703-000000000000}</Data>
    <Data Name=""LogonId"">0x3e7</Data>
    <Data Name=""TerminalSessionId"">0</Data>
    <Data Name=""IntegrityLevel"">System</Data>
    <Data Name=""Hashes"">MD5=3331F35EC34595843187CD518B9FBA48,SHA256=0FBB4B8092E8F3B4A298A133DC30E5F80D420380BACB5D3B27D0D2BCB9103230,IMPHASH=92CA71320A49850E970004A94EA5D695</Data>
    <Data Name=""ParentProcessGuid"">{f57bd86a-20d2-6582-1902-000000000d00}</Data>
    <Data Name=""ParentProcessId"">8056</Data>
    <Data Name=""ParentImage"">C:\Windows\System32\svchost.exe</Data>
    <Data Name=""ParentCommandLine"">C:\Windows\system32\svchost.exe -k wsappx -p -s AppXSvc</Data>
    <Data Name=""ParentUser"">NT AUTHORITY\SYSTEM</Data>
  </EventData>
</Event>
"
Microsoft-Windows-Sysmon/Operational,,,WinDev2309Eval,02:15.5,,,,,,,,,11,4986,,,,C:\Windows\system32\svchost.exe,,,0x8000000000000000,4,,,,,0,,,,,,,{f57bd86a-20d2-6582-1902-000000000d00},3400,8056.0,,,,,,DLL,,,,,,,,,,,,,2023-12-19T23:02:15.4688677Z,C:\Program Files\WindowsApps\Microsoft.WindowsAppRuntime.1.4_4000.1049.117.0_x64__8wekyb3d8bbwe\wuceffectsi.dll,,,,,,11,,4208,NT AUTHORITY\SYSTEM,S-1-5-18,02:15.5,2.0,"<Event xmlns=""http://schemas.microsoft.com/win/2004/08/events/event"">
  <System>
    <Provider Name=""Microsoft-Windows-Sysmon"" Guid=""{5770385f-c22a-43e0-bf4c-06f5698ffbd9}""/>
    <EventID>11</EventID>
    <Version>2</Version>
    <Level>4</Level>
    <Task>11</Task>
    <Opcode>0</Opcode>
    <Keywords>0x8000000000000000</Keywords>
    <TimeCreated SystemTime=""2023-12-19T23:02:15.4688677Z""/>
    <EventRecordID>4986</EventRecordID>
    <Correlation/>
    <Execution ProcessID=""3400"" ThreadID=""4208""/>
    <Channel>Microsoft-Windows-Sysmon/Operational</Channel>
    <Computer>WinDev2309Eval</Computer>
    <Security UserID=""S-1-5-18""/>
  </System>
  <EventData>
    <Data Name=""RuleName"">DLL</Data>
    <Data Name=""UtcTime"">2023-12-19 23:02:15.456</Data>
    <Data Name=""ProcessGuid"">{f57bd86a-20d2-6582-1902-000000000d00}</Data>
    <Data Name=""ProcessId"">8056</Data>
    <Data Name=""Image"">C:\Windows\system32\svchost.exe</Data>
    <Data Name=""TargetFilename"">C:\Program Files\WindowsApps\Microsoft.WindowsAppRuntime.1.4_4000.1049.117.0_x64__8wekyb3d8bbwe\wuceffectsi.dll</Data>
    <Data Name=""CreationUtcTime"">2023-12-19 23:02:15.456</Data>
    <Data Name=""User"">NT AUTHORITY\SYSTEM</Data>
  </EventData>
</Event>
"
Microsoft-Windows-Sysmon/Operational,,,WinDev2309Eval,02:15.5,,,,,,,,,11,4985,,,,C:\Windows\system32\svchost.exe,,,0x8000000000000000,4,,,,,0,,,,,,,{f57bd86a-20d2-6582-1902-000000000d00},3400,8056.0,,,,,,DLL,,,,,,,,,,,,,2023-12-19T23:02:15.4686164Z,C:\Program Files\WindowsApps\Microsoft.WindowsAppRuntime.1.4_4000.1049.117.0_x64__8wekyb3d8bbwe\WinUIEdit.dll,,,,,,11,,4208,NT AUTHORITY\SYSTEM,S-1-5-18,02:15.5,2.0,"<Event xmlns=""http://schemas.microsoft.com/win/2004/08/events/event"">
  <System>
    <Provider Name=""Microsoft-Windows-Sysmon"" Guid=""{5770385f-c22a-43e0-bf4c-06f5698ffbd9}""/>
    <EventID>11</EventID>
    <Version>2</Version>
    <Level>4</Level>
    <Task>11</Task>
    <Opcode>0</Opcode>
    <Keywords>0x8000000000000000</Keywords>
    <TimeCreated SystemTime=""2023-12-19T23:02:15.4686164Z""/>
    <EventRecordID>4985</EventRecordID>
    <Correlation/>
    <Execution ProcessID=""3400"" ThreadID=""4208""/>
    <Channel>Microsoft-Windows-Sysmon/Operational</Channel>
    <Computer>WinDev2309Eval</Computer>
    <Security UserID=""S-1-5-18""/>
  </System>
  <EventData>
    <Data Name=""RuleName"">DLL</Data>
    <Data Name=""UtcTime"">2023-12-19 23:02:15.456</Data>
    <Data Name=""ProcessGuid"">{f57bd86a-20d2-6582-1902-000000000d00}</Data>
    <Data Name=""ProcessId"">8056</Data>
    <Data Name=""Image"">C:\Windows\system32\svchost.exe</Data>
    <Data Name=""TargetFilename"">C:\Program Files\WindowsApps\Microsoft.WindowsAppRuntime.1.4_4000.1049.117.0_x64__8wekyb3d8bbwe\WinUIEdit.dll</Data>
    <Data Name=""CreationUtcTime"">2023-12-19 23:02:15.456</Data>
    <Data Name=""User"">NT AUTHORITY\SYSTEM</Data>
  </EventData>
</Event>
"
Microsoft-Windows-Sysmon/Operational,,,WinDev2309Eval,02:15.5,,,,,,,,,11,4984,,,,C:\Windows\system32\svchost.exe,,,0x8000000000000000,4,,,,,0,,,,,,,{f57bd86a-20d2-6582-1902-000000000d00},3400,8056.0,,,,,,DLL,,,,,,,,,,,,,2023-12-19T23:02:15.4679664Z,C:\Program Files\WindowsApps\Microsoft.WindowsAppRuntime.1.4_4000.1049.117.0_x64__8wekyb3d8bbwe\WindowsAppSdk.AppxDeploymentExtensions.Desktop.dll,,,,,,11,,4208,NT AUTHORITY\SYSTEM,S-1-5-18,02:15.5,2.0,"<Event xmlns=""http://schemas.microsoft.com/win/2004/08/events/event"">
  <System>
    <Provider Name=""Microsoft-Windows-Sysmon"" Guid=""{5770385f-c22a-43e0-bf4c-06f5698ffbd9}""/>
    <EventID>11</EventID>
    <Version>2</Version>
    <Level>4</Level>
    <Task>11</Task>
    <Opcode>0</Opcode>
    <Keywords>0x8000000000000000</Keywords>
    <TimeCreated SystemTime=""2023-12-19T23:02:15.4679664Z""/>
    <EventRecordID>4984</EventRecordID>
    <Correlation/>
    <Execution ProcessID=""3400"" ThreadID=""4208""/>
    <Channel>Microsoft-Windows-Sysmon/Operational</Channel>
    <Computer>WinDev2309Eval</Computer>
    <Security UserID=""S-1-5-18""/>
  </System>
  <EventData>
    <Data Name=""RuleName"">DLL</Data>
    <Data Name=""UtcTime"">2023-12-19 23:02:15.456</Data>
    <Data Name=""ProcessGuid"">{f57bd86a-20d2-6582-1902-000000000d00}</Data>
    <Data Name=""ProcessId"">8056</Data>
    <Data Name=""Image"">C:\Windows\system32\svchost.exe</Data>
    <Data Name=""TargetFilename"">C:\Program Files\WindowsApps\Microsoft.WindowsAppRuntime.1.4_4000.1049.117.0_x64__8wekyb3d8bbwe\WindowsAppSdk.AppxDeploymentExtensions.Desktop.dll</Data>
    <Data Name=""CreationUtcTime"">2023-12-19 23:02:15.456</Data>
    <Data Name=""User"">NT AUTHORITY\SYSTEM</Data>
  </EventData>
</Event>
"
Microsoft-Windows-Sysmon/Operational,,,WinDev2309Eval,02:15.5,,,,,,,,,11,4983,,,,C:\Windows\system32\svchost.exe,,,0x8000000000000000,4,,,,,0,,,,,,,{f57bd86a-20d2-6582-1902-000000000d00},3400,8056.0,,,,,,DLL,,,,,,,,,,,,,2023-12-19T23:02:15.4673627Z,C:\Program Files\WindowsApps\Microsoft.WindowsAppRuntime.1.4_4000.1049.117.0_x64__8wekyb3d8bbwe\WindowsAppSdk.AppxDeploymentExtensions.Desktop-EventLog-Instrumentation.dll,,,,,,11,,4208,NT AUTHORITY\SYSTEM,S-1-5-18,02:15.5,2.0,"<Event xmlns=""http://schemas.microsoft.com/win/2004/08/events/event"">
  <System>
    <Provider Name=""Microsoft-Windows-Sysmon"" Guid=""{5770385f-c22a-43e0-bf4c-06f5698ffbd9}""/>
    <EventID>11</EventID>
    <Version>2</Version>
    <Level>4</Level>
    <Task>11</Task>
    <Opcode>0</Opcode>
    <Keywords>0x8000000000000000</Keywords>
    <TimeCreated SystemTime=""2023-12-19T23:02:15.4673627Z""/>
    <EventRecordID>4983</EventRecordID>
    <Correlation/>
    <Execution ProcessID=""3400"" ThreadID=""4208""/>
    <Channel>Microsoft-Windows-Sysmon/Operational</Channel>
    <Computer>WinDev2309Eval</Computer>
    <Security UserID=""S-1-5-18""/>
  </System>
  <EventData>
    <Data Name=""RuleName"">DLL</Data>
    <Data Name=""UtcTime"">2023-12-19 23:02:15.456</Data>
    <Data Name=""ProcessGuid"">{f57bd86a-20d2-6582-1902-000000000d00}</Data>
    <Data Name=""ProcessId"">8056</Data>
    <Data Name=""Image"">C:\Windows\system32\svchost.exe</Data>
    <Data Name=""TargetFilename"">C:\Program Files\WindowsApps\Microsoft.WindowsAppRuntime.1.4_4000.1049.117.0_x64__8wekyb3d8bbwe\WindowsAppSdk.AppxDeploymentExtensions.Desktop-EventLog-Instrumentation.dll</Data>
    <Data Name=""CreationUtcTime"">2023-12-19 23:02:15.456</Data>
    <Data Name=""User"">NT AUTHORITY\SYSTEM</Data>
  </EventData>
</Event>
"
Microsoft-Windows-Sysmon/Operational,,,WinDev2309Eval,02:15.5,,,,,,,,,11,4982,,,,C:\Windows\system32\svchost.exe,,,0x8000000000000000,4,,,,,0,,,,,,,{f57bd86a-20d2-6582-1902-000000000d00},3400,8056.0,,,,,,EXE,,,,,,,,,,,,,2023-12-19T23:02:15.4670723Z,C:\Program Files\WindowsApps\Microsoft.WindowsAppRuntime.1.4_4000.1049.117.0_x64__8wekyb3d8bbwe\RestartAgent.exe,,,,,,11,,4208,NT AUTHORITY\SYSTEM,S-1-5-18,02:15.5,2.0,"<Event xmlns=""http://schemas.microsoft.com/win/2004/08/events/event"">
  <System>
    <Provider Name=""Microsoft-Windows-Sysmon"" Guid=""{5770385f-c22a-43e0-bf4c-06f5698ffbd9}""/>
    <EventID>11</EventID>
    <Version>2</Version>
    <Level>4</Level>
    <Task>11</Task>
    <Opcode>0</Opcode>
    <Keywords>0x8000000000000000</Keywords>
    <TimeCreated SystemTime=""2023-12-19T23:02:15.4670723Z""/>
    <EventRecordID>4982</EventRecordID>
    <Correlation/>
    <Execution ProcessID=""3400"" ThreadID=""4208""/>
    <Channel>Microsoft-Windows-Sysmon/Operational</Channel>
    <Computer>WinDev2309Eval</Computer>
    <Security UserID=""S-1-5-18""/>
  </System>
  <EventData>
    <Data Name=""RuleName"">EXE</Data>
    <Data Name=""UtcTime"">2023-12-19 23:02:15.456</Data>
    <Data Name=""ProcessGuid"">{f57bd86a-20d2-6582-1902-000000000d00}</Data>
    <Data Name=""ProcessId"">8056</Data>
    <Data Name=""Image"">C:\Windows\system32\svchost.exe</Data>
    <Data Name=""TargetFilename"">C:\Program Files\WindowsApps\Microsoft.WindowsAppRuntime.1.4_4000.1049.117.0_x64__8wekyb3d8bbwe\RestartAgent.exe</Data>
    <Data Name=""CreationUtcTime"">2023-12-19 23:02:15.456</Data>
    <Data Name=""User"">NT AUTHORITY\SYSTEM</Data>
  </EventData>
</Event>
"
Microsoft-Windows-Sysmon/Operational,,,WinDev2309Eval,02:15.5,,,,,,,,,11,4981,,,,C:\Windows\system32\svchost.exe,,,0x8000000000000000,4,,,,,0,,,,,,,{f57bd86a-20d2-6582-1902-000000000d00},3400,8056.0,,,,,,DLL,,,,,,,,,,,,,2023-12-19T23:02:15.4667618Z,C:\Program Files\WindowsApps\Microsoft.WindowsAppRuntime.1.4_4000.1049.117.0_x64__8wekyb3d8bbwe\PushNotificationsLongRunningTask.ProxyStub.dll,,,,,,11,,4208,NT AUTHORITY\SYSTEM,S-1-5-18,02:15.5,2.0,"<Event xmlns=""http://schemas.microsoft.com/win/2004/08/events/event"">
  <System>
    <Provider Name=""Microsoft-Windows-Sysmon"" Guid=""{5770385f-c22a-43e0-bf4c-06f5698ffbd9}""/>
    <EventID>11</EventID>
    <Version>2</Version>
    <Level>4</Level>
    <Task>11</Task>
    <Opcode>0</Opcode>
    <Keywords>0x8000000000000000</Keywords>
    <TimeCreated SystemTime=""2023-12-19T23:02:15.4667618Z""/>
    <EventRecordID>4981</EventRecordID>
    <Correlation/>
    <Execution ProcessID=""3400"" ThreadID=""4208""/>
    <Channel>Microsoft-Windows-Sysmon/Operational</Channel>
    <Computer>WinDev2309Eval</Computer>
    <Security UserID=""S-1-5-18""/>
  </System>
  <EventData>
    <Data Name=""RuleName"">DLL</Data>
    <Data Name=""UtcTime"">2023-12-19 23:02:15.456</Data>
    <Data Name=""ProcessGuid"">{f57bd86a-20d2-6582-1902-000000000d00}</Data>
    <Data Name=""ProcessId"">8056</Data>
    <Data Name=""Image"">C:\Windows\system32\svchost.exe</Data>
    <Data Name=""TargetFilename"">C:\Program Files\WindowsApps\Microsoft.WindowsAppRuntime.1.4_4000.1049.117.0_x64__8wekyb3d8bbwe\PushNotificationsLongRunningTask.ProxyStub.dll</Data>
    <Data Name=""CreationUtcTime"">2023-12-19 23:02:15.456</Data>
    <Data Name=""User"">NT AUTHORITY\SYSTEM</Data>
  </EventData>
</Event>
"
Microsoft-Windows-Sysmon/Operational,,,WinDev2309Eval,02:15.5,,,,,,,,,11,4980,,,,C:\Windows\system32\svchost.exe,,,0x8000000000000000,4,,,,,0,,,,,,,{f57bd86a-20d2-6582-1902-000000000d00},3400,8056.0,,,,,,DLL,,,,,,,,,,,,,2023-12-19T23:02:15.4657396Z,C:\Program Files\WindowsApps\Microsoft.WindowsAppRuntime.1.4_4000.1049.117.0_x64__8wekyb3d8bbwe\MRM.dll,,,,,,11,,4208,NT AUTHORITY\SYSTEM,S-1-5-18,02:15.5,2.0,"<Event xmlns=""http://schemas.microsoft.com/win/2004/08/events/event"">
  <System>
    <Provider Name=""Microsoft-Windows-Sysmon"" Guid=""{5770385f-c22a-43e0-bf4c-06f5698ffbd9}""/>
    <EventID>11</EventID>
    <Version>2</Version>
    <Level>4</Level>
    <Task>11</Task>
    <Opcode>0</Opcode>
    <Keywords>0x8000000000000000</Keywords>
    <TimeCreated SystemTime=""2023-12-19T23:02:15.4657396Z""/>
    <EventRecordID>4980</EventRecordID>
    <Correlation/>
    <Execution ProcessID=""3400"" ThreadID=""4208""/>
    <Channel>Microsoft-Windows-Sysmon/Operational</Channel>
    <Computer>WinDev2309Eval</Computer>
    <Security UserID=""S-1-5-18""/>
  </System>
  <EventData>
    <Data Name=""RuleName"">DLL</Data>
    <Data Name=""UtcTime"">2023-12-19 23:02:15.456</Data>
    <Data Name=""ProcessGuid"">{f57bd86a-20d2-6582-1902-000000000d00}</Data>
    <Data Name=""ProcessId"">8056</Data>
    <Data Name=""Image"">C:\Windows\system32\svchost.exe</Data>
    <Data Name=""TargetFilename"">C:\Program Files\WindowsApps\Microsoft.WindowsAppRuntime.1.4_4000.1049.117.0_x64__8wekyb3d8bbwe\MRM.dll</Data>
    <Data Name=""CreationUtcTime"">2023-12-19 23:02:15.456</Data>
    <Data Name=""User"">NT AUTHORITY\SYSTEM</Data>
  </EventData>
</Event>
"
