Channel,CommandLine,Company,Computer,CreationUtcTime,CurrentDirectory,Description,DestinationHostname,DestinationIp,DestinationIsIpv6,DestinationPort,DestinationPortName,Details,EventID,EventRecordID,EventType,FileVersion,Hashes,Image,Initiated,IntegrityLevel,Keywords,Level,LogonGuid,LogonId,Message,NewThreadId,Opcode,OriginalFileName,ParentCommandLine,ParentImage,ParentProcessGuid,ParentProcessId,ParentUser,ProcessGuid,ProcessID,ProcessId,Product,Protocol,QueryName,QueryResults,QueryStatus,RuleName,SourceHostname,SourceImage,SourceIp,SourceIsIpv6,SourcePort,SourcePortName,SourceProcessGuid,SourceProcessId,SourceUser,StartAddress,StartFunction,StartModule,SystemTime,TargetFilename,TargetImage,TargetObject,TargetProcessGuid,TargetProcessId,TargetUser,Task,TerminalSessionId,ThreadID,User,UserID,UtcTime,Version,raw
Microsoft-Windows-Sysmon/Operational,,,WinDev2309Eval,34:45.7,,,,,,,,,11,1173,,,,C:\Windows\Microsoft.NET\Framework64\v4.0.30319\mscorsvw.exe,,,0x8000000000000000,4,,,,,0,,,,,,,{f57bd86a-0c73-6582-6904-000000000b00},10484,6664.0,,,,,,DLL,,,,,,,,,,,,,2023-12-19T21:34:45.6755259Z,C:\Windows\assembly\NativeImages_v4.0.30319_64\Temp\1a08-0\Microsoft.WebTools.ProjectSystem.dll,,,,,,11,,10592,NT AUTHORITY\SYSTEM,S-1-5-18,34:45.7,2.0,"<Event xmlns=""http://schemas.microsoft.com/win/2004/08/events/event"">
  <System>
    <Provider Name=""Microsoft-Windows-Sysmon"" Guid=""{5770385f-c22a-43e0-bf4c-06f5698ffbd9}""/>
    <EventID>11</EventID>
    <Version>2</Version>
    <Level>4</Level>
    <Task>11</Task>
    <Opcode>0</Opcode>
    <Keywords>0x8000000000000000</Keywords>
    <TimeCreated SystemTime=""2023-12-19T21:34:45.6755259Z""/>
    <EventRecordID>1173</EventRecordID>
    <Correlation/>
    <Execution ProcessID=""10484"" ThreadID=""10592""/>
    <Channel>Microsoft-Windows-Sysmon/Operational</Channel>
    <Computer>WinDev2309Eval</Computer>
    <Security UserID=""S-1-5-18""/>
  </System>
  <EventData>
    <Data Name=""RuleName"">DLL</Data>
    <Data Name=""UtcTime"">2023-12-19 21:34:45.672</Data>
    <Data Name=""ProcessGuid"">{f57bd86a-0c73-6582-6904-000000000b00}</Data>
    <Data Name=""ProcessId"">6664</Data>
    <Data Name=""Image"">C:\Windows\Microsoft.NET\Framework64\v4.0.30319\mscorsvw.exe</Data>
    <Data Name=""TargetFilename"">C:\Windows\assembly\NativeImages_v4.0.30319_64\Temp\1a08-0\Microsoft.WebTools.ProjectSystem.dll</Data>
    <Data Name=""CreationUtcTime"">2023-12-19 21:34:45.672</Data>
    <Data Name=""User"">NT AUTHORITY\SYSTEM</Data>
  </EventData>
</Event>
"
Microsoft-Windows-Sysmon/Operational,,,WinDev2309Eval,34:42.6,,,,,,,,,11,1172,,,,C:\Windows\Microsoft.NET\Framework64\v4.0.30319\mscorsvw.exe,,,0x8000000000000000,4,,,,,0,,,,,,,{f57bd86a-0c70-6582-6704-000000000b00},10484,11204.0,,,,,,DLL,,,,,,,,,,,,,2023-12-19T21:34:42.5676240Z,C:\Windows\assembly\NativeImages_v4.0.30319_64\Temp\2bc4-0\Microsoft.WebTools.ProjectSystem.Components.dll,,,,,,11,,10592,NT AUTHORITY\SYSTEM,S-1-5-18,34:42.6,2.0,"<Event xmlns=""http://schemas.microsoft.com/win/2004/08/events/event"">
  <System>
    <Provider Name=""Microsoft-Windows-Sysmon"" Guid=""{5770385f-c22a-43e0-bf4c-06f5698ffbd9}""/>
    <EventID>11</EventID>
    <Version>2</Version>
    <Level>4</Level>
    <Task>11</Task>
    <Opcode>0</Opcode>
    <Keywords>0x8000000000000000</Keywords>
    <TimeCreated SystemTime=""2023-12-19T21:34:42.5676240Z""/>
    <EventRecordID>1172</EventRecordID>
    <Correlation/>
    <Execution ProcessID=""10484"" ThreadID=""10592""/>
    <Channel>Microsoft-Windows-Sysmon/Operational</Channel>
    <Computer>WinDev2309Eval</Computer>
    <Security UserID=""S-1-5-18""/>
  </System>
  <EventData>
    <Data Name=""RuleName"">DLL</Data>
    <Data Name=""UtcTime"">2023-12-19 21:34:42.560</Data>
    <Data Name=""ProcessGuid"">{f57bd86a-0c70-6582-6704-000000000b00}</Data>
    <Data Name=""ProcessId"">11204</Data>
    <Data Name=""Image"">C:\Windows\Microsoft.NET\Framework64\v4.0.30319\mscorsvw.exe</Data>
    <Data Name=""TargetFilename"">C:\Windows\assembly\NativeImages_v4.0.30319_64\Temp\2bc4-0\Microsoft.WebTools.ProjectSystem.Components.dll</Data>
    <Data Name=""CreationUtcTime"">2023-12-19 21:34:42.560</Data>
    <Data Name=""User"">NT AUTHORITY\SYSTEM</Data>
  </EventData>
</Event>
"
Microsoft-Windows-Sysmon/Operational,,,WinDev2309Eval,34:39.4,,,,,,,,,11,1171,,,,C:\Windows\Microsoft.NET\Framework64\v4.0.30319\mscorsvw.exe,,,0x8000000000000000,4,,,,,0,,,,,,,{f57bd86a-0c6e-6582-6504-000000000b00},10484,6788.0,,,,,,DLL,,,,,,,,,,,,,2023-12-19T21:34:39.4578090Z,C:\Windows\assembly\NativeImages_v4.0.30319_64\Temp\1a84-0\Microsoft.WebTools.PackageManagement.dll,,,,,,11,,10592,NT AUTHORITY\SYSTEM,S-1-5-18,34:39.4,2.0,"<Event xmlns=""http://schemas.microsoft.com/win/2004/08/events/event"">
  <System>
    <Provider Name=""Microsoft-Windows-Sysmon"" Guid=""{5770385f-c22a-43e0-bf4c-06f5698ffbd9}""/>
    <EventID>11</EventID>
    <Version>2</Version>
    <Level>4</Level>
    <Task>11</Task>
    <Opcode>0</Opcode>
    <Keywords>0x8000000000000000</Keywords>
    <TimeCreated SystemTime=""2023-12-19T21:34:39.4578090Z""/>
    <EventRecordID>1171</EventRecordID>
    <Correlation/>
    <Execution ProcessID=""10484"" ThreadID=""10592""/>
    <Channel>Microsoft-Windows-Sysmon/Operational</Channel>
    <Computer>WinDev2309Eval</Computer>
    <Security UserID=""S-1-5-18""/>
  </System>
  <EventData>
    <Data Name=""RuleName"">DLL</Data>
    <Data Name=""UtcTime"">2023-12-19 21:34:39.446</Data>
    <Data Name=""ProcessGuid"">{f57bd86a-0c6e-6582-6504-000000000b00}</Data>
    <Data Name=""ProcessId"">6788</Data>
    <Data Name=""Image"">C:\Windows\Microsoft.NET\Framework64\v4.0.30319\mscorsvw.exe</Data>
    <Data Name=""TargetFilename"">C:\Windows\assembly\NativeImages_v4.0.30319_64\Temp\1a84-0\Microsoft.WebTools.PackageManagement.dll</Data>
    <Data Name=""CreationUtcTime"">2023-12-19 21:34:39.446</Data>
    <Data Name=""User"">NT AUTHORITY\SYSTEM</Data>
  </EventData>
</Event>
"
Microsoft-Windows-Sysmon/Operational,,,WinDev2309Eval,34:38.1,,,,,,,,,11,1170,,,,C:\Windows\Microsoft.NET\Framework64\v4.0.30319\mscorsvw.exe,,,0x8000000000000000,4,,,,,0,,,,,,,{f57bd86a-0c6c-6582-6304-000000000b00},10484,6524.0,,,,,,DLL,,,,,,,,,,,,,2023-12-19T21:34:38.1143107Z,C:\Windows\assembly\NativeImages_v4.0.30319_64\Temp\197c-0\Microsoft.WebTools.BrowserLink.Package.dll,,,,,,11,,10592,NT AUTHORITY\SYSTEM,S-1-5-18,34:38.1,2.0,"<Event xmlns=""http://schemas.microsoft.com/win/2004/08/events/event"">
  <System>
    <Provider Name=""Microsoft-Windows-Sysmon"" Guid=""{5770385f-c22a-43e0-bf4c-06f5698ffbd9}""/>
    <EventID>11</EventID>
    <Version>2</Version>
    <Level>4</Level>
    <Task>11</Task>
    <Opcode>0</Opcode>
    <Keywords>0x8000000000000000</Keywords>
    <TimeCreated SystemTime=""2023-12-19T21:34:38.1143107Z""/>
    <EventRecordID>1170</EventRecordID>
    <Correlation/>
    <Execution ProcessID=""10484"" ThreadID=""10592""/>
    <Channel>Microsoft-Windows-Sysmon/Operational</Channel>
    <Computer>WinDev2309Eval</Computer>
    <Security UserID=""S-1-5-18""/>
  </System>
  <EventData>
    <Data Name=""RuleName"">DLL</Data>
    <Data Name=""UtcTime"">2023-12-19 21:34:38.102</Data>
    <Data Name=""ProcessGuid"">{f57bd86a-0c6c-6582-6304-000000000b00}</Data>
    <Data Name=""ProcessId"">6524</Data>
    <Data Name=""Image"">C:\Windows\Microsoft.NET\Framework64\v4.0.30319\mscorsvw.exe</Data>
    <Data Name=""TargetFilename"">C:\Windows\assembly\NativeImages_v4.0.30319_64\Temp\197c-0\Microsoft.WebTools.BrowserLink.Package.dll</Data>
    <Data Name=""CreationUtcTime"">2023-12-19 21:34:38.102</Data>
    <Data Name=""User"">NT AUTHORITY\SYSTEM</Data>
  </EventData>
</Event>
"
Microsoft-Windows-Sysmon/Operational,,,WinDev2309Eval,34:35.9,,,,,,,,,11,1169,,,,C:\Windows\Microsoft.NET\Framework64\v4.0.30319\mscorsvw.exe,,,0x8000000000000000,4,,,,,0,,,,,,,{f57bd86a-0c68-6582-6104-000000000b00},10484,9068.0,,,,,,DLL,,,,,,,,,,,,,2023-12-19T21:34:35.9214623Z,C:\Windows\assembly\NativeImages_v4.0.30319_64\Temp\236c-0\Microsoft.WebTools.Shared.VS.dll,,,,,,11,,10592,NT AUTHORITY\SYSTEM,S-1-5-18,34:35.9,2.0,"<Event xmlns=""http://schemas.microsoft.com/win/2004/08/events/event"">
  <System>
    <Provider Name=""Microsoft-Windows-Sysmon"" Guid=""{5770385f-c22a-43e0-bf4c-06f5698ffbd9}""/>
    <EventID>11</EventID>
    <Version>2</Version>
    <Level>4</Level>
    <Task>11</Task>
    <Opcode>0</Opcode>
    <Keywords>0x8000000000000000</Keywords>
    <TimeCreated SystemTime=""2023-12-19T21:34:35.9214623Z""/>
    <EventRecordID>1169</EventRecordID>
    <Correlation/>
    <Execution ProcessID=""10484"" ThreadID=""10592""/>
    <Channel>Microsoft-Windows-Sysmon/Operational</Channel>
    <Computer>WinDev2309Eval</Computer>
    <Security UserID=""S-1-5-18""/>
  </System>
  <EventData>
    <Data Name=""RuleName"">DLL</Data>
    <Data Name=""UtcTime"">2023-12-19 21:34:35.911</Data>
    <Data Name=""ProcessGuid"">{f57bd86a-0c68-6582-6104-000000000b00}</Data>
    <Data Name=""ProcessId"">9068</Data>
    <Data Name=""Image"">C:\Windows\Microsoft.NET\Framework64\v4.0.30319\mscorsvw.exe</Data>
    <Data Name=""TargetFilename"">C:\Windows\assembly\NativeImages_v4.0.30319_64\Temp\236c-0\Microsoft.WebTools.Shared.VS.dll</Data>
    <Data Name=""CreationUtcTime"">2023-12-19 21:34:35.911</Data>
    <Data Name=""User"">NT AUTHORITY\SYSTEM</Data>
  </EventData>
</Event>
"
Microsoft-Windows-Sysmon/Operational,,,WinDev2309Eval,34:32.3,,,,,,,,,11,1168,,,,C:\Windows\Microsoft.NET\Framework64\v4.0.30319\mscorsvw.exe,,,0x8000000000000000,4,,,,,0,,,,,,,{f57bd86a-0c66-6582-5f04-000000000b00},10484,8924.0,,,,,,DLL,,,,,,,,,,,,,2023-12-19T21:34:32.3210914Z,C:\Windows\assembly\NativeImages_v4.0.30319_64\Temp\22dc-0\Microsoft.WebTools.Shared.dll,,,,,,11,,10592,NT AUTHORITY\SYSTEM,S-1-5-18,34:32.3,2.0,"<Event xmlns=""http://schemas.microsoft.com/win/2004/08/events/event"">
  <System>
    <Provider Name=""Microsoft-Windows-Sysmon"" Guid=""{5770385f-c22a-43e0-bf4c-06f5698ffbd9}""/>
    <EventID>11</EventID>
    <Version>2</Version>
    <Level>4</Level>
    <Task>11</Task>
    <Opcode>0</Opcode>
    <Keywords>0x8000000000000000</Keywords>
    <TimeCreated SystemTime=""2023-12-19T21:34:32.3210914Z""/>
    <EventRecordID>1168</EventRecordID>
    <Correlation/>
    <Execution ProcessID=""10484"" ThreadID=""10592""/>
    <Channel>Microsoft-Windows-Sysmon/Operational</Channel>
    <Computer>WinDev2309Eval</Computer>
    <Security UserID=""S-1-5-18""/>
  </System>
  <EventData>
    <Data Name=""RuleName"">DLL</Data>
    <Data Name=""UtcTime"">2023-12-19 21:34:32.311</Data>
    <Data Name=""ProcessGuid"">{f57bd86a-0c66-6582-5f04-000000000b00}</Data>
    <Data Name=""ProcessId"">8924</Data>
    <Data Name=""Image"">C:\Windows\Microsoft.NET\Framework64\v4.0.30319\mscorsvw.exe</Data>
    <Data Name=""TargetFilename"">C:\Windows\assembly\NativeImages_v4.0.30319_64\Temp\22dc-0\Microsoft.WebTools.Shared.dll</Data>
    <Data Name=""CreationUtcTime"">2023-12-19 21:34:32.311</Data>
    <Data Name=""User"">NT AUTHORITY\SYSTEM</Data>
  </EventData>
</Event>
"
Microsoft-Windows-Sysmon/Operational,,,WinDev2309Eval,34:29.9,,,,,,,,,11,1167,,,,C:\Windows\Microsoft.NET\Framework64\v4.0.30319\mscorsvw.exe,,,0x8000000000000000,4,,,,,0,,,,,,,{f57bd86a-0c61-6582-5d04-000000000b00},10484,5236.0,,,,,,DLL,,,,,,,,,,,,,2023-12-19T21:34:29.9332586Z,C:\Windows\assembly\NativeImages_v4.0.30319_64\Temp\1474-0\Microsoft.VisualStudio.ProjectSystem.Managed.VS.dll,,,,,,11,,10592,NT AUTHORITY\SYSTEM,S-1-5-18,34:29.9,2.0,"<Event xmlns=""http://schemas.microsoft.com/win/2004/08/events/event"">
  <System>
    <Provider Name=""Microsoft-Windows-Sysmon"" Guid=""{5770385f-c22a-43e0-bf4c-06f5698ffbd9}""/>
    <EventID>11</EventID>
    <Version>2</Version>
    <Level>4</Level>
    <Task>11</Task>
    <Opcode>0</Opcode>
    <Keywords>0x8000000000000000</Keywords>
    <TimeCreated SystemTime=""2023-12-19T21:34:29.9332586Z""/>
    <EventRecordID>1167</EventRecordID>
    <Correlation/>
    <Execution ProcessID=""10484"" ThreadID=""10592""/>
    <Channel>Microsoft-Windows-Sysmon/Operational</Channel>
    <Computer>WinDev2309Eval</Computer>
    <Security UserID=""S-1-5-18""/>
  </System>
  <EventData>
    <Data Name=""RuleName"">DLL</Data>
    <Data Name=""UtcTime"">2023-12-19 21:34:29.928</Data>
    <Data Name=""ProcessGuid"">{f57bd86a-0c61-6582-5d04-000000000b00}</Data>
    <Data Name=""ProcessId"">5236</Data>
    <Data Name=""Image"">C:\Windows\Microsoft.NET\Framework64\v4.0.30319\mscorsvw.exe</Data>
    <Data Name=""TargetFilename"">C:\Windows\assembly\NativeImages_v4.0.30319_64\Temp\1474-0\Microsoft.VisualStudio.ProjectSystem.Managed.VS.dll</Data>
    <Data Name=""CreationUtcTime"">2023-12-19 21:34:29.928</Data>
    <Data Name=""User"">NT AUTHORITY\SYSTEM</Data>
  </EventData>
</Event>
"
Microsoft-Windows-Sysmon/Operational,,,WinDev2309Eval,34:24.9,,,,,,,,,11,1166,,,,C:\Windows\Microsoft.NET\Framework64\v4.0.30319\mscorsvw.exe,,,0x8000000000000000,4,,,,,0,,,,,,,{f57bd86a-0c5b-6582-5b04-000000000b00},10484,11028.0,,,,,,DLL,,,,,,,,,,,,,2023-12-19T21:34:24.9499037Z,C:\Windows\assembly\NativeImages_v4.0.30319_64\Temp\2b14-0\Microsoft.VisualStudio.ProjectSystem.Managed.dll,,,,,,11,,10592,NT AUTHORITY\SYSTEM,S-1-5-18,34:24.9,2.0,"<Event xmlns=""http://schemas.microsoft.com/win/2004/08/events/event"">
  <System>
    <Provider Name=""Microsoft-Windows-Sysmon"" Guid=""{5770385f-c22a-43e0-bf4c-06f5698ffbd9}""/>
    <EventID>11</EventID>
    <Version>2</Version>
    <Level>4</Level>
    <Task>11</Task>
    <Opcode>0</Opcode>
    <Keywords>0x8000000000000000</Keywords>
    <TimeCreated SystemTime=""2023-12-19T21:34:24.9499037Z""/>
    <EventRecordID>1166</EventRecordID>
    <Correlation/>
    <Execution ProcessID=""10484"" ThreadID=""10592""/>
    <Channel>Microsoft-Windows-Sysmon/Operational</Channel>
    <Computer>WinDev2309Eval</Computer>
    <Security UserID=""S-1-5-18""/>
  </System>
  <EventData>
    <Data Name=""RuleName"">DLL</Data>
    <Data Name=""UtcTime"">2023-12-19 21:34:24.942</Data>
    <Data Name=""ProcessGuid"">{f57bd86a-0c5b-6582-5b04-000000000b00}</Data>
    <Data Name=""ProcessId"">11028</Data>
    <Data Name=""Image"">C:\Windows\Microsoft.NET\Framework64\v4.0.30319\mscorsvw.exe</Data>
    <Data Name=""TargetFilename"">C:\Windows\assembly\NativeImages_v4.0.30319_64\Temp\2b14-0\Microsoft.VisualStudio.ProjectSystem.Managed.dll</Data>
    <Data Name=""CreationUtcTime"">2023-12-19 21:34:24.942</Data>
    <Data Name=""User"">NT AUTHORITY\SYSTEM</Data>
  </EventData>
</Event>
"
Microsoft-Windows-Sysmon/Operational,,,WinDev2309Eval,34:18.9,,,,,,,,,11,1165,,,,C:\Windows\Microsoft.NET\Framework64\v4.0.30319\mscorsvw.exe,,,0x8000000000000000,4,,,,,0,,,,,,,{f57bd86a-0c57-6582-5904-000000000b00},10484,3208.0,,,,,,DLL,,,,,,,,,,,,,2023-12-19T21:34:18.8891755Z,C:\Windows\assembly\NativeImages_v4.0.30319_64\Temp\c88-0\Microsoft.VisualStudio.ConnectedServices.Package2.dll,,,,,,11,,10592,NT AUTHORITY\SYSTEM,S-1-5-18,34:18.9,2.0,"<Event xmlns=""http://schemas.microsoft.com/win/2004/08/events/event"">
  <System>
    <Provider Name=""Microsoft-Windows-Sysmon"" Guid=""{5770385f-c22a-43e0-bf4c-06f5698ffbd9}""/>
    <EventID>11</EventID>
    <Version>2</Version>
    <Level>4</Level>
    <Task>11</Task>
    <Opcode>0</Opcode>
    <Keywords>0x8000000000000000</Keywords>
    <TimeCreated SystemTime=""2023-12-19T21:34:18.8891755Z""/>
    <EventRecordID>1165</EventRecordID>
    <Correlation/>
    <Execution ProcessID=""10484"" ThreadID=""10592""/>
    <Channel>Microsoft-Windows-Sysmon/Operational</Channel>
    <Computer>WinDev2309Eval</Computer>
    <Security UserID=""S-1-5-18""/>
  </System>
  <EventData>
    <Data Name=""RuleName"">DLL</Data>
    <Data Name=""UtcTime"">2023-12-19 21:34:18.875</Data>
    <Data Name=""ProcessGuid"">{f57bd86a-0c57-6582-5904-000000000b00}</Data>
    <Data Name=""ProcessId"">3208</Data>
    <Data Name=""Image"">C:\Windows\Microsoft.NET\Framework64\v4.0.30319\mscorsvw.exe</Data>
    <Data Name=""TargetFilename"">C:\Windows\assembly\NativeImages_v4.0.30319_64\Temp\c88-0\Microsoft.VisualStudio.ConnectedServices.Package2.dll</Data>
    <Data Name=""CreationUtcTime"">2023-12-19 21:34:18.875</Data>
    <Data Name=""User"">NT AUTHORITY\SYSTEM</Data>
  </EventData>
</Event>
"
Microsoft-Windows-Sysmon/Operational,,,WinDev2309Eval,34:15.3,,,,,,,,,11,1164,,,,C:\Windows\Microsoft.NET\Framework64\v4.0.30319\mscorsvw.exe,,,0x8000000000000000,4,,,,,0,,,,,,,{f57bd86a-0c53-6582-5704-000000000b00},10484,7156.0,,,,,,DLL,,,,,,,,,,,,,2023-12-19T21:34:15.2972013Z,C:\Windows\assembly\NativeImages_v4.0.30319_64\Temp\1bf4-0\Microsoft.VisualStudio.ApplicationInsights.dll,,,,,,11,,10592,NT AUTHORITY\SYSTEM,S-1-5-18,34:15.3,2.0,"<Event xmlns=""http://schemas.microsoft.com/win/2004/08/events/event"">
  <System>
    <Provider Name=""Microsoft-Windows-Sysmon"" Guid=""{5770385f-c22a-43e0-bf4c-06f5698ffbd9}""/>
    <EventID>11</EventID>
    <Version>2</Version>
    <Level>4</Level>
    <Task>11</Task>
    <Opcode>0</Opcode>
    <Keywords>0x8000000000000000</Keywords>
    <TimeCreated SystemTime=""2023-12-19T21:34:15.2972013Z""/>
    <EventRecordID>1164</EventRecordID>
    <Correlation/>
    <Execution ProcessID=""10484"" ThreadID=""10592""/>
    <Channel>Microsoft-Windows-Sysmon/Operational</Channel>
    <Computer>WinDev2309Eval</Computer>
    <Security UserID=""S-1-5-18""/>
  </System>
  <EventData>
    <Data Name=""RuleName"">DLL</Data>
    <Data Name=""UtcTime"">2023-12-19 21:34:15.295</Data>
    <Data Name=""ProcessGuid"">{f57bd86a-0c53-6582-5704-000000000b00}</Data>
    <Data Name=""ProcessId"">7156</Data>
    <Data Name=""Image"">C:\Windows\Microsoft.NET\Framework64\v4.0.30319\mscorsvw.exe</Data>
    <Data Name=""TargetFilename"">C:\Windows\assembly\NativeImages_v4.0.30319_64\Temp\1bf4-0\Microsoft.VisualStudio.ApplicationInsights.dll</Data>
    <Data Name=""CreationUtcTime"">2023-12-19 21:34:15.295</Data>
    <Data Name=""User"">NT AUTHORITY\SYSTEM</Data>
  </EventData>
</Event>
"
Microsoft-Windows-Sysmon/Operational,,,WinDev2309Eval,34:09.8,,,,,,,,,11,1163,,,,C:\Windows\Microsoft.NET\Framework64\v4.0.30319\mscorsvw.exe,,,0x8000000000000000,4,,,,,0,,,,,,,{f57bd86a-0c4d-6582-5504-000000000b00},10484,3816.0,,,,,,DLL,,,,,,,,,,,,,2023-12-19T21:34:09.8505566Z,C:\Windows\assembly\NativeImages_v4.0.30319_64\Temp\ee8-0\Microsoft.VisualStudio.Project.VisualC.VCProjectEngine.dll,,,,,,11,,10592,NT AUTHORITY\SYSTEM,S-1-5-18,34:09.8,2.0,"<Event xmlns=""http://schemas.microsoft.com/win/2004/08/events/event"">
  <System>
    <Provider Name=""Microsoft-Windows-Sysmon"" Guid=""{5770385f-c22a-43e0-bf4c-06f5698ffbd9}""/>
    <EventID>11</EventID>
    <Version>2</Version>
    <Level>4</Level>
    <Task>11</Task>
    <Opcode>0</Opcode>
    <Keywords>0x8000000000000000</Keywords>
    <TimeCreated SystemTime=""2023-12-19T21:34:09.8505566Z""/>
    <EventRecordID>1163</EventRecordID>
    <Correlation/>
    <Execution ProcessID=""10484"" ThreadID=""10592""/>
    <Channel>Microsoft-Windows-Sysmon/Operational</Channel>
    <Computer>WinDev2309Eval</Computer>
    <Security UserID=""S-1-5-18""/>
  </System>
  <EventData>
    <Data Name=""RuleName"">DLL</Data>
    <Data Name=""UtcTime"">2023-12-19 21:34:09.847</Data>
    <Data Name=""ProcessGuid"">{f57bd86a-0c4d-6582-5504-000000000b00}</Data>
    <Data Name=""ProcessId"">3816</Data>
    <Data Name=""Image"">C:\Windows\Microsoft.NET\Framework64\v4.0.30319\mscorsvw.exe</Data>
    <Data Name=""TargetFilename"">C:\Windows\assembly\NativeImages_v4.0.30319_64\Temp\ee8-0\Microsoft.VisualStudio.Project.VisualC.VCProjectEngine.dll</Data>
    <Data Name=""CreationUtcTime"">2023-12-19 21:34:09.847</Data>
    <Data Name=""User"">NT AUTHORITY\SYSTEM</Data>
  </EventData>
</Event>
"
Microsoft-Windows-Sysmon/Operational,,,WinDev2309Eval,34:04.7,,,,,,,,,11,1162,,,,C:\Windows\Microsoft.NET\Framework64\v4.0.30319\mscorsvw.exe,,,0x8000000000000000,4,,,,,0,,,,,,,{f57bd86a-0c38-6582-5304-000000000b00},10484,8616.0,,,,,,DLL,,,,,,,,,,,,,2023-12-19T21:34:04.7479727Z,C:\Windows\assembly\NativeImages_v4.0.30319_64\Temp\21a8-0\Microsoft.VisualStudio.LanguageServices.dll,,,,,,11,,10592,NT AUTHORITY\SYSTEM,S-1-5-18,34:04.7,2.0,"<Event xmlns=""http://schemas.microsoft.com/win/2004/08/events/event"">
  <System>
    <Provider Name=""Microsoft-Windows-Sysmon"" Guid=""{5770385f-c22a-43e0-bf4c-06f5698ffbd9}""/>
    <EventID>11</EventID>
    <Version>2</Version>
    <Level>4</Level>
    <Task>11</Task>
    <Opcode>0</Opcode>
    <Keywords>0x8000000000000000</Keywords>
    <TimeCreated SystemTime=""2023-12-19T21:34:04.7479727Z""/>
    <EventRecordID>1162</EventRecordID>
    <Correlation/>
    <Execution ProcessID=""10484"" ThreadID=""10592""/>
    <Channel>Microsoft-Windows-Sysmon/Operational</Channel>
    <Computer>WinDev2309Eval</Computer>
    <Security UserID=""S-1-5-18""/>
  </System>
  <EventData>
    <Data Name=""RuleName"">DLL</Data>
    <Data Name=""UtcTime"">2023-12-19 21:34:04.742</Data>
    <Data Name=""ProcessGuid"">{f57bd86a-0c38-6582-5304-000000000b00}</Data>
    <Data Name=""ProcessId"">8616</Data>
    <Data Name=""Image"">C:\Windows\Microsoft.NET\Framework64\v4.0.30319\mscorsvw.exe</Data>
    <Data Name=""TargetFilename"">C:\Windows\assembly\NativeImages_v4.0.30319_64\Temp\21a8-0\Microsoft.VisualStudio.LanguageServices.dll</Data>
    <Data Name=""CreationUtcTime"">2023-12-19 21:34:04.742</Data>
    <Data Name=""User"">NT AUTHORITY\SYSTEM</Data>
  </EventData>
</Event>
"
Microsoft-Windows-Sysmon/Operational,,,WinDev2309Eval,,,,,,,,,,22,1161,,,,C:\Program Files (x86)\Microsoft\Edge\Application\msedge.exe,,,0x8000000000000000,4,,,,,0,,,,,,,{f57bd86a-ffca-6581-1c02-000000000b00},10484,4596.0,,,aefd.nelreports.net,type: 5 aefd.nelreports.net.akamaized.net;type: 5 a1851.dscg2.akamai.net;::ffff:96.17.178.210;::ffff:96.17.178.189;::ffff:96.17.178.185;::ffff:96.17.178.188;::ffff:96.17.178.177;,0.0,-,,,,,,,,,,,,,2023-12-19T21:33:46.1220464Z,,,,,,,22,,12816,WINDEV2309EVAL\User,S-1-5-18,33:44.5,5.0,"<Event xmlns=""http://schemas.microsoft.com/win/2004/08/events/event"">
  <System>
    <Provider Name=""Microsoft-Windows-Sysmon"" Guid=""{5770385f-c22a-43e0-bf4c-06f5698ffbd9}""/>
    <EventID>22</EventID>
    <Version>5</Version>
    <Level>4</Level>
    <Task>22</Task>
    <Opcode>0</Opcode>
    <Keywords>0x8000000000000000</Keywords>
    <TimeCreated SystemTime=""2023-12-19T21:33:46.1220464Z""/>
    <EventRecordID>1161</EventRecordID>
    <Correlation/>
    <Execution ProcessID=""10484"" ThreadID=""12816""/>
    <Channel>Microsoft-Windows-Sysmon/Operational</Channel>
    <Computer>WinDev2309Eval</Computer>
    <Security UserID=""S-1-5-18""/>
  </System>
  <EventData>
    <Data Name=""RuleName"">-</Data>
    <Data Name=""UtcTime"">2023-12-19 21:33:44.464</Data>
    <Data Name=""ProcessGuid"">{f57bd86a-ffca-6581-1c02-000000000b00}</Data>
    <Data Name=""ProcessId"">4596</Data>
    <Data Name=""QueryName"">aefd.nelreports.net</Data>
    <Data Name=""QueryStatus"">0</Data>
    <Data Name=""QueryResults"">type: 5 aefd.nelreports.net.akamaized.net;type: 5 a1851.dscg2.akamai.net;::ffff:96.17.178.210;::ffff:96.17.178.189;::ffff:96.17.178.185;::ffff:96.17.178.188;::ffff:96.17.178.177;</Data>
    <Data Name=""Image"">C:\Program Files (x86)\Microsoft\Edge\Application\msedge.exe</Data>
    <Data Name=""User"">WINDEV2309EVAL\User</Data>
  </EventData>
</Event>
"
Microsoft-Windows-Sysmon/Operational,,,WinDev2309Eval,33:43.0,,,,,,,,,11,1160,,,,C:\Windows\Microsoft.NET\Framework64\v4.0.30319\mscorsvw.exe,,,0x8000000000000000,4,,,,,0,,,,,,,{f57bd86a-0c0d-6582-5104-000000000b00},10484,2776.0,,,,,,DLL,,,,,,,,,,,,,2023-12-19T21:33:42.9772405Z,C:\Windows\assembly\NativeImages_v4.0.30319_64\Temp\ad8-0\Microsoft.CodeAnalysis.Workspaces.dll,,,,,,11,,10592,NT AUTHORITY\SYSTEM,S-1-5-18,33:43.0,2.0,"<Event xmlns=""http://schemas.microsoft.com/win/2004/08/events/event"">
  <System>
    <Provider Name=""Microsoft-Windows-Sysmon"" Guid=""{5770385f-c22a-43e0-bf4c-06f5698ffbd9}""/>
    <EventID>11</EventID>
    <Version>2</Version>
    <Level>4</Level>
    <Task>11</Task>
    <Opcode>0</Opcode>
    <Keywords>0x8000000000000000</Keywords>
    <TimeCreated SystemTime=""2023-12-19T21:33:42.9772405Z""/>
    <EventRecordID>1160</EventRecordID>
    <Correlation/>
    <Execution ProcessID=""10484"" ThreadID=""10592""/>
    <Channel>Microsoft-Windows-Sysmon/Operational</Channel>
    <Computer>WinDev2309Eval</Computer>
    <Security UserID=""S-1-5-18""/>
  </System>
  <EventData>
    <Data Name=""RuleName"">DLL</Data>
    <Data Name=""UtcTime"">2023-12-19 21:33:42.972</Data>
    <Data Name=""ProcessGuid"">{f57bd86a-0c0d-6582-5104-000000000b00}</Data>
    <Data Name=""ProcessId"">2776</Data>
    <Data Name=""Image"">C:\Windows\Microsoft.NET\Framework64\v4.0.30319\mscorsvw.exe</Data>
    <Data Name=""TargetFilename"">C:\Windows\assembly\NativeImages_v4.0.30319_64\Temp\ad8-0\Microsoft.CodeAnalysis.Workspaces.dll</Data>
    <Data Name=""CreationUtcTime"">2023-12-19 21:33:42.972</Data>
    <Data Name=""User"">NT AUTHORITY\SYSTEM</Data>
  </EventData>
</Event>
"
Microsoft-Windows-Sysmon/Operational,"""C:\Windows\Microsoft.NET\Framework64\v4.0.30319\NGenTask.exe"" /RuntimeWide /Critical /StopEvent:212",Microsoft Corporation,WinDev2309Eval,,C:\Windows\system32\,Microsoft .NET Framework optimization service,,,,,,,1,1159,,4.8.9032.0 built by: NET481REL1,"MD5=1CA52739F7F494012F1AACC925328C7F,SHA256=9FD133B11ABCBBED33CCEA71BD4743E8F35E42CD637FB763F5AB2A8FBB9B6261,IMPHASH=00000000000000000000000000000000",C:\Windows\Microsoft.NET\Framework64\v4.0.30319\ngentask.exe,,System,0x8000000000000000,4,{f57bd86a-db68-6581-e703-000000000000},0x3e7,,,0,NGenTask.exe,taskhostw.exe {222A245B-E637-4AE9-A93F-A59CA119A75E},C:\Windows\System32\taskhostw.exe,{f57bd86a-0c0c-6582-4904-000000000b00},13232.0,NT AUTHORITY\SYSTEM,{f57bd86a-0c0c-6582-4c04-000000000b00},10484,8704.0,Microsoft® .NET Framework,,,,,-,,,,,,,,,,,,,2023-12-19T21:33:00.8584520Z,,,,,,,1,0.0,10592,NT AUTHORITY\SYSTEM,S-1-5-18,33:00.9,5.0,"<Event xmlns=""http://schemas.microsoft.com/win/2004/08/events/event"">
  <System>
    <Provider Name=""Microsoft-Windows-Sysmon"" Guid=""{5770385f-c22a-43e0-bf4c-06f5698ffbd9}""/>
    <EventID>1</EventID>
    <Version>5</Version>
    <Level>4</Level>
    <Task>1</Task>
    <Opcode>0</Opcode>
    <Keywords>0x8000000000000000</Keywords>
    <TimeCreated SystemTime=""2023-12-19T21:33:00.8584520Z""/>
    <EventRecordID>1159</EventRecordID>
    <Correlation/>
    <Execution ProcessID=""10484"" ThreadID=""10592""/>
    <Channel>Microsoft-Windows-Sysmon/Operational</Channel>
    <Computer>WinDev2309Eval</Computer>
    <Security UserID=""S-1-5-18""/>
  </System>
  <EventData>
    <Data Name=""RuleName"">-</Data>
    <Data Name=""UtcTime"">2023-12-19 21:33:00.855</Data>
    <Data Name=""ProcessGuid"">{f57bd86a-0c0c-6582-4c04-000000000b00}</Data>
    <Data Name=""ProcessId"">8704</Data>
    <Data Name=""Image"">C:\Windows\Microsoft.NET\Framework64\v4.0.30319\ngentask.exe</Data>
    <Data Name=""FileVersion"">4.8.9032.0 built by: NET481REL1</Data>
    <Data Name=""Description"">Microsoft .NET Framework optimization service</Data>
    <Data Name=""Product"">Microsoft&#174; .NET Framework</Data>
    <Data Name=""Company"">Microsoft Corporation</Data>
    <Data Name=""OriginalFileName"">NGenTask.exe</Data>
    <Data Name=""CommandLine"">""C:\Windows\Microsoft.NET\Framework64\v4.0.30319\NGenTask.exe"" /RuntimeWide /Critical /StopEvent:212</Data>
    <Data Name=""CurrentDirectory"">C:\Windows\system32\</Data>
    <Data Name=""User"">NT AUTHORITY\SYSTEM</Data>
    <Data Name=""LogonGuid"">{f57bd86a-db68-6581-e703-000000000000}</Data>
    <Data Name=""LogonId"">0x3e7</Data>
    <Data Name=""TerminalSessionId"">0</Data>
    <Data Name=""IntegrityLevel"">System</Data>
    <Data Name=""Hashes"">MD5=1CA52739F7F494012F1AACC925328C7F,SHA256=9FD133B11ABCBBED33CCEA71BD4743E8F35E42CD637FB763F5AB2A8FBB9B6261,IMPHASH=00000000000000000000000000000000</Data>
    <Data Name=""ParentProcessGuid"">{f57bd86a-0c0c-6582-4904-000000000b00}</Data>
    <Data Name=""ParentProcessId"">13232</Data>
    <Data Name=""ParentImage"">C:\Windows\System32\taskhostw.exe</Data>
    <Data Name=""ParentCommandLine"">taskhostw.exe {222A245B-E637-4AE9-A93F-A59CA119A75E}</Data>
    <Data Name=""ParentUser"">NT AUTHORITY\SYSTEM</Data>
  </EventData>
</Event>
"
Microsoft-Windows-Sysmon/Operational,"""C:\Windows\Microsoft.NET\Framework\v4.0.30319\NGenTask.exe"" /RuntimeWide /Critical /StopEvent:532",Microsoft Corporation,WinDev2309Eval,,C:\Windows\system32\,Microsoft .NET Framework optimization service,,,,,,,1,1158,,4.8.9032.0 built by: NET481REL1,"MD5=22EA2B65E14D50E28BDD50010B06AACF,SHA256=EFE1C3D4543EAA67A436B933EFFA65FE3FBA358ADE1EF01B3F92F4971E92A1AD,IMPHASH=F34D5F2D4577ED6D9CEEC516C1F5A744",C:\Windows\Microsoft.NET\Framework\v4.0.30319\ngentask.exe,,System,0x8000000000000000,4,{f57bd86a-db68-6581-e703-000000000000},0x3e7,,,0,NGenTask.exe,taskhostw.exe {222A245B-E637-4AE9-A93F-A59CA119A75E},C:\Windows\System32\taskhostw.exe,{f57bd86a-0c0c-6582-4904-000000000b00},13232.0,NT AUTHORITY\SYSTEM,{f57bd86a-0c0c-6582-4b04-000000000b00},10484,8600.0,Microsoft® .NET Framework,,,,,-,,,,,,,,,,,,,2023-12-19T21:33:00.8532831Z,,,,,,,1,0.0,10592,NT AUTHORITY\SYSTEM,S-1-5-18,33:00.8,5.0,"<Event xmlns=""http://schemas.microsoft.com/win/2004/08/events/event"">
  <System>
    <Provider Name=""Microsoft-Windows-Sysmon"" Guid=""{5770385f-c22a-43e0-bf4c-06f5698ffbd9}""/>
    <EventID>1</EventID>
    <Version>5</Version>
    <Level>4</Level>
    <Task>1</Task>
    <Opcode>0</Opcode>
    <Keywords>0x8000000000000000</Keywords>
    <TimeCreated SystemTime=""2023-12-19T21:33:00.8532831Z""/>
    <EventRecordID>1158</EventRecordID>
    <Correlation/>
    <Execution ProcessID=""10484"" ThreadID=""10592""/>
    <Channel>Microsoft-Windows-Sysmon/Operational</Channel>
    <Computer>WinDev2309Eval</Computer>
    <Security UserID=""S-1-5-18""/>
  </System>
  <EventData>
    <Data Name=""RuleName"">-</Data>
    <Data Name=""UtcTime"">2023-12-19 21:33:00.849</Data>
    <Data Name=""ProcessGuid"">{f57bd86a-0c0c-6582-4b04-000000000b00}</Data>
    <Data Name=""ProcessId"">8600</Data>
    <Data Name=""Image"">C:\Windows\Microsoft.NET\Framework\v4.0.30319\ngentask.exe</Data>
    <Data Name=""FileVersion"">4.8.9032.0 built by: NET481REL1</Data>
    <Data Name=""Description"">Microsoft .NET Framework optimization service</Data>
    <Data Name=""Product"">Microsoft&#174; .NET Framework</Data>
    <Data Name=""Company"">Microsoft Corporation</Data>
    <Data Name=""OriginalFileName"">NGenTask.exe</Data>
    <Data Name=""CommandLine"">""C:\Windows\Microsoft.NET\Framework\v4.0.30319\NGenTask.exe"" /RuntimeWide /Critical /StopEvent:532</Data>
    <Data Name=""CurrentDirectory"">C:\Windows\system32\</Data>
    <Data Name=""User"">NT AUTHORITY\SYSTEM</Data>
    <Data Name=""LogonGuid"">{f57bd86a-db68-6581-e703-000000000000}</Data>
    <Data Name=""LogonId"">0x3e7</Data>
    <Data Name=""TerminalSessionId"">0</Data>
    <Data Name=""IntegrityLevel"">System</Data>
    <Data Name=""Hashes"">MD5=22EA2B65E14D50E28BDD50010B06AACF,SHA256=EFE1C3D4543EAA67A436B933EFFA65FE3FBA358ADE1EF01B3F92F4971E92A1AD,IMPHASH=F34D5F2D4577ED6D9CEEC516C1F5A744</Data>
    <Data Name=""ParentProcessGuid"">{f57bd86a-0c0c-6582-4904-000000000b00}</Data>
    <Data Name=""ParentProcessId"">13232</Data>
    <Data Name=""ParentImage"">C:\Windows\System32\taskhostw.exe</Data>
    <Data Name=""ParentCommandLine"">taskhostw.exe {222A245B-E637-4AE9-A93F-A59CA119A75E}</Data>
    <Data Name=""ParentUser"">NT AUTHORITY\SYSTEM</Data>
  </EventData>
</Event>
"
Microsoft-Windows-Sysmon/Operational,taskhostw.exe {222A245B-E637-4AE9-A93F-A59CA119A75E},Microsoft Corporation,WinDev2309Eval,,C:\Windows\system32\,Host Process for Windows Tasks,,,,,,,1,1157,,10.0.22621.1635 (WinBuild.160101.0800),"MD5=4887A65FD4F6598AF4986CBC1C0E5488,SHA256=82472A84BCBB4009ADD338200F8E853FE4C5EAFE2E2C3A2D711B85BF29B72D54,IMPHASH=1C4E2D9936E4D9F2490B08AAB4D24260",C:\Windows\System32\taskhostw.exe,,System,0x8000000000000000,4,{f57bd86a-db68-6581-e703-000000000000},0x3e7,,,0,taskhostw.exe,C:\Windows\system32\svchost.exe -k netsvcs -p -s Schedule,C:\Windows\System32\svchost.exe,{f57bd86a-db6f-6581-2800-000000000b00},1900.0,NT AUTHORITY\SYSTEM,{f57bd86a-0c0c-6582-4904-000000000b00},10484,13232.0,Microsoft® Windows® Operating System,,,,,-,,,,,,,,,,,,,2023-12-19T21:33:00.7785073Z,,,,,,,1,0.0,10592,NT AUTHORITY\SYSTEM,S-1-5-18,33:00.8,5.0,"<Event xmlns=""http://schemas.microsoft.com/win/2004/08/events/event"">
  <System>
    <Provider Name=""Microsoft-Windows-Sysmon"" Guid=""{5770385f-c22a-43e0-bf4c-06f5698ffbd9}""/>
    <EventID>1</EventID>
    <Version>5</Version>
    <Level>4</Level>
    <Task>1</Task>
    <Opcode>0</Opcode>
    <Keywords>0x8000000000000000</Keywords>
    <TimeCreated SystemTime=""2023-12-19T21:33:00.7785073Z""/>
    <EventRecordID>1157</EventRecordID>
    <Correlation/>
    <Execution ProcessID=""10484"" ThreadID=""10592""/>
    <Channel>Microsoft-Windows-Sysmon/Operational</Channel>
    <Computer>WinDev2309Eval</Computer>
    <Security UserID=""S-1-5-18""/>
  </System>
  <EventData>
    <Data Name=""RuleName"">-</Data>
    <Data Name=""UtcTime"">2023-12-19 21:33:00.775</Data>
    <Data Name=""ProcessGuid"">{f57bd86a-0c0c-6582-4904-000000000b00}</Data>
    <Data Name=""ProcessId"">13232</Data>
    <Data Name=""Image"">C:\Windows\System32\taskhostw.exe</Data>
    <Data Name=""FileVersion"">10.0.22621.1635 (WinBuild.160101.0800)</Data>
    <Data Name=""Description"">Host Process for Windows Tasks</Data>
    <Data Name=""Product"">Microsoft&#174; Windows&#174; Operating System</Data>
    <Data Name=""Company"">Microsoft Corporation</Data>
    <Data Name=""OriginalFileName"">taskhostw.exe</Data>
    <Data Name=""CommandLine"">taskhostw.exe {222A245B-E637-4AE9-A93F-A59CA119A75E}</Data>
    <Data Name=""CurrentDirectory"">C:\Windows\system32\</Data>
    <Data Name=""User"">NT AUTHORITY\SYSTEM</Data>
    <Data Name=""LogonGuid"">{f57bd86a-db68-6581-e703-000000000000}</Data>
    <Data Name=""LogonId"">0x3e7</Data>
    <Data Name=""TerminalSessionId"">0</Data>
    <Data Name=""IntegrityLevel"">System</Data>
    <Data Name=""Hashes"">MD5=4887A65FD4F6598AF4986CBC1C0E5488,SHA256=82472A84BCBB4009ADD338200F8E853FE4C5EAFE2E2C3A2D711B85BF29B72D54,IMPHASH=1C4E2D9936E4D9F2490B08AAB4D24260</Data>
    <Data Name=""ParentProcessGuid"">{f57bd86a-db6f-6581-2800-000000000b00}</Data>
    <Data Name=""ParentProcessId"">1900</Data>
    <Data Name=""ParentImage"">C:\Windows\System32\svchost.exe</Data>
    <Data Name=""ParentCommandLine"">C:\Windows\system32\svchost.exe -k netsvcs -p -s Schedule</Data>
    <Data Name=""ParentUser"">NT AUTHORITY\SYSTEM</Data>
  </EventData>
</Event>
"
Microsoft-Windows-Sysmon/Operational,"""C:\Windows\system32\rundll32.exe"" /d acproxy.dll,PerformAutochkOperations",Microsoft Corporation,WinDev2309Eval,,C:\Windows\system32\,Windows host process (Rundll32),,,,,,,1,1156,,10.0.22621.1 (WinBuild.160101.0800),"MD5=57A6B4BDF247C1A6CA08AC09A8F9B742,SHA256=98D37EFF504A7ADB864131EA4A042AAF4D79C4356960A8AB2FA656CC59AEC014,IMPHASH=5C68DE198B5D2DD5C1129782AD19676C",C:\Windows\System32\rundll32.exe,,System,0x8000000000000000,4,{f57bd86a-db68-6581-e703-000000000000},0x3e7,,,0,RUNDLL32.EXE,C:\Windows\system32\svchost.exe -k netsvcs -p -s Schedule,C:\Windows\System32\svchost.exe,{f57bd86a-db6f-6581-2800-000000000b00},1900.0,NT AUTHORITY\SYSTEM,{f57bd86a-0c0c-6582-4704-000000000b00},10484,7672.0,Microsoft® Windows® Operating System,,,,,-,,,,,,,,,,,,,2023-12-19T21:33:00.7537412Z,,,,,,,1,0.0,10592,NT AUTHORITY\SYSTEM,S-1-5-18,33:00.7,5.0,"<Event xmlns=""http://schemas.microsoft.com/win/2004/08/events/event"">
  <System>
    <Provider Name=""Microsoft-Windows-Sysmon"" Guid=""{5770385f-c22a-43e0-bf4c-06f5698ffbd9}""/>
    <EventID>1</EventID>
    <Version>5</Version>
    <Level>4</Level>
    <Task>1</Task>
    <Opcode>0</Opcode>
    <Keywords>0x8000000000000000</Keywords>
    <TimeCreated SystemTime=""2023-12-19T21:33:00.7537412Z""/>
    <EventRecordID>1156</EventRecordID>
    <Correlation/>
    <Execution ProcessID=""10484"" ThreadID=""10592""/>
    <Channel>Microsoft-Windows-Sysmon/Operational</Channel>
    <Computer>WinDev2309Eval</Computer>
    <Security UserID=""S-1-5-18""/>
  </System>
  <EventData>
    <Data Name=""RuleName"">-</Data>
    <Data Name=""UtcTime"">2023-12-19 21:33:00.749</Data>
    <Data Name=""ProcessGuid"">{f57bd86a-0c0c-6582-4704-000000000b00}</Data>
    <Data Name=""ProcessId"">7672</Data>
    <Data Name=""Image"">C:\Windows\System32\rundll32.exe</Data>
    <Data Name=""FileVersion"">10.0.22621.1 (WinBuild.160101.0800)</Data>
    <Data Name=""Description"">Windows host process (Rundll32)</Data>
    <Data Name=""Product"">Microsoft&#174; Windows&#174; Operating System</Data>
    <Data Name=""Company"">Microsoft Corporation</Data>
    <Data Name=""OriginalFileName"">RUNDLL32.EXE</Data>
    <Data Name=""CommandLine"">""C:\Windows\system32\rundll32.exe"" /d acproxy.dll,PerformAutochkOperations</Data>
    <Data Name=""CurrentDirectory"">C:\Windows\system32\</Data>
    <Data Name=""User"">NT AUTHORITY\SYSTEM</Data>
    <Data Name=""LogonGuid"">{f57bd86a-db68-6581-e703-000000000000}</Data>
    <Data Name=""LogonId"">0x3e7</Data>
    <Data Name=""TerminalSessionId"">0</Data>
    <Data Name=""IntegrityLevel"">System</Data>
    <Data Name=""Hashes"">MD5=57A6B4BDF247C1A6CA08AC09A8F9B742,SHA256=98D37EFF504A7ADB864131EA4A042AAF4D79C4356960A8AB2FA656CC59AEC014,IMPHASH=5C68DE198B5D2DD5C1129782AD19676C</Data>
    <Data Name=""ParentProcessGuid"">{f57bd86a-db6f-6581-2800-000000000b00}</Data>
    <Data Name=""ParentProcessId"">1900</Data>
    <Data Name=""ParentImage"">C:\Windows\System32\svchost.exe</Data>
    <Data Name=""ParentCommandLine"">C:\Windows\system32\svchost.exe -k netsvcs -p -s Schedule</Data>
    <Data Name=""ParentUser"">NT AUTHORITY\SYSTEM</Data>
  </EventData>
</Event>
"
Microsoft-Windows-Sysmon/Operational,"""C:\Windows\system32\appidcertstorecheck.exe""",Microsoft Corporation,WinDev2309Eval,,C:\Windows\system32\,AppID Certificate Store Verification Task,,,,,,,1,1155,,10.0.22621.2215 (WinBuild.160101.0800),"MD5=570AE15349CB318BCC7B424DAD8CD311,SHA256=57AB41C169FE75E29A8722728830C62650DB657E14FFA9B35CBDFF4DD2C66A62,IMPHASH=7168353EDBE3AB24A184BB681FD55AE6",C:\Windows\System32\appidcertstorecheck.exe,,System,0x8000000000000000,4,{f57bd86a-db69-6581-e503-000000000000},0x3e5,,,0,AppIDCertstoreCheck.exe,C:\Windows\system32\svchost.exe -k netsvcs -p -s Schedule,C:\Windows\System32\svchost.exe,{f57bd86a-db6f-6581-2800-000000000b00},1900.0,NT AUTHORITY\SYSTEM,{f57bd86a-0c0c-6582-4604-000000000b00},10484,10416.0,Microsoft® Windows® Operating System,,,,,-,,,,,,,,,,,,,2023-12-19T21:33:00.7466360Z,,,,,,,1,0.0,10592,NT AUTHORITY\LOCAL SERVICE,S-1-5-18,33:00.7,5.0,"<Event xmlns=""http://schemas.microsoft.com/win/2004/08/events/event"">
  <System>
    <Provider Name=""Microsoft-Windows-Sysmon"" Guid=""{5770385f-c22a-43e0-bf4c-06f5698ffbd9}""/>
    <EventID>1</EventID>
    <Version>5</Version>
    <Level>4</Level>
    <Task>1</Task>
    <Opcode>0</Opcode>
    <Keywords>0x8000000000000000</Keywords>
    <TimeCreated SystemTime=""2023-12-19T21:33:00.7466360Z""/>
    <EventRecordID>1155</EventRecordID>
    <Correlation/>
    <Execution ProcessID=""10484"" ThreadID=""10592""/>
    <Channel>Microsoft-Windows-Sysmon/Operational</Channel>
    <Computer>WinDev2309Eval</Computer>
    <Security UserID=""S-1-5-18""/>
  </System>
  <EventData>
    <Data Name=""RuleName"">-</Data>
    <Data Name=""UtcTime"">2023-12-19 21:33:00.744</Data>
    <Data Name=""ProcessGuid"">{f57bd86a-0c0c-6582-4604-000000000b00}</Data>
    <Data Name=""ProcessId"">10416</Data>
    <Data Name=""Image"">C:\Windows\System32\appidcertstorecheck.exe</Data>
    <Data Name=""FileVersion"">10.0.22621.2215 (WinBuild.160101.0800)</Data>
    <Data Name=""Description"">AppID Certificate Store Verification Task</Data>
    <Data Name=""Product"">Microsoft&#174; Windows&#174; Operating System</Data>
    <Data Name=""Company"">Microsoft Corporation</Data>
    <Data Name=""OriginalFileName"">AppIDCertstoreCheck.exe</Data>
    <Data Name=""CommandLine"">""C:\Windows\system32\appidcertstorecheck.exe""</Data>
    <Data Name=""CurrentDirectory"">C:\Windows\system32\</Data>
    <Data Name=""User"">NT AUTHORITY\LOCAL SERVICE</Data>
    <Data Name=""LogonGuid"">{f57bd86a-db69-6581-e503-000000000000}</Data>
    <Data Name=""LogonId"">0x3e5</Data>
    <Data Name=""TerminalSessionId"">0</Data>
    <Data Name=""IntegrityLevel"">System</Data>
    <Data Name=""Hashes"">MD5=570AE15349CB318BCC7B424DAD8CD311,SHA256=57AB41C169FE75E29A8722728830C62650DB657E14FFA9B35CBDFF4DD2C66A62,IMPHASH=7168353EDBE3AB24A184BB681FD55AE6</Data>
    <Data Name=""ParentProcessGuid"">{f57bd86a-db6f-6581-2800-000000000b00}</Data>
    <Data Name=""ParentProcessId"">1900</Data>
    <Data Name=""ParentImage"">C:\Windows\System32\svchost.exe</Data>
    <Data Name=""ParentCommandLine"">C:\Windows\system32\svchost.exe -k netsvcs -p -s Schedule</Data>
    <Data Name=""ParentUser"">NT AUTHORITY\SYSTEM</Data>
  </EventData>
</Event>
"
Microsoft-Windows-Sysmon/Operational,,,WinDev2309Eval,,,,,,,,,,22,1154,,,,C:\Program Files (x86)\Microsoft\Edge\Application\msedge.exe,,,0x8000000000000000,4,,,,,0,,,,,,,{f57bd86a-ffca-6581-1c02-000000000b00},10484,4596.0,,,aefd.nelreports.net,type: 5 aefd.nelreports.net.akamaized.net;type: 5 a1851.dscg2.akamai.net;::ffff:96.17.178.207;::ffff:96.17.178.188;::ffff:96.17.178.189;::ffff:96.17.178.197;,0.0,-,,,,,,,,,,,,,2023-12-19T21:29:45.3069749Z,,,,,,,22,,12816,WINDEV2309EVAL\User,S-1-5-18,29:44.4,5.0,"<Event xmlns=""http://schemas.microsoft.com/win/2004/08/events/event"">
  <System>
    <Provider Name=""Microsoft-Windows-Sysmon"" Guid=""{5770385f-c22a-43e0-bf4c-06f5698ffbd9}""/>
    <EventID>22</EventID>
    <Version>5</Version>
    <Level>4</Level>
    <Task>22</Task>
    <Opcode>0</Opcode>
    <Keywords>0x8000000000000000</Keywords>
    <TimeCreated SystemTime=""2023-12-19T21:29:45.3069749Z""/>
    <EventRecordID>1154</EventRecordID>
    <Correlation/>
    <Execution ProcessID=""10484"" ThreadID=""12816""/>
    <Channel>Microsoft-Windows-Sysmon/Operational</Channel>
    <Computer>WinDev2309Eval</Computer>
    <Security UserID=""S-1-5-18""/>
  </System>
  <EventData>
    <Data Name=""RuleName"">-</Data>
    <Data Name=""UtcTime"">2023-12-19 21:29:44.437</Data>
    <Data Name=""ProcessGuid"">{f57bd86a-ffca-6581-1c02-000000000b00}</Data>
    <Data Name=""ProcessId"">4596</Data>
    <Data Name=""QueryName"">aefd.nelreports.net</Data>
    <Data Name=""QueryStatus"">0</Data>
    <Data Name=""QueryResults"">type: 5 aefd.nelreports.net.akamaized.net;type: 5 a1851.dscg2.akamai.net;::ffff:96.17.178.207;::ffff:96.17.178.188;::ffff:96.17.178.189;::ffff:96.17.178.197;</Data>
    <Data Name=""Image"">C:\Program Files (x86)\Microsoft\Edge\Application\msedge.exe</Data>
    <Data Name=""User"">WINDEV2309EVAL\User</Data>
  </EventData>
</Event>
"
Microsoft-Windows-Sysmon/Operational,,,WinDev2309Eval,,,,,,,,,,22,1153,,,,C:\Program Files (x86)\Microsoft\Edge\Application\msedge.exe,,,0x8000000000000000,4,,,,,0,,,,,,,{f57bd86a-ffca-6581-1c02-000000000b00},10484,4596.0,,,www.youtube.com,type: 5 youtube-ui.l.google.com;::ffff:142.251.209.46;::ffff:216.58.209.46;::ffff:216.58.204.142;::ffff:216.58.204.238;::ffff:216.58.205.46;::ffff:142.250.180.142;::ffff:142.250.180.174;::ffff:142.251.209.14;,0.0,-,,,,,,,,,,,,,2023-12-19T21:28:04.0545685Z,,,,,,,22,,12816,WINDEV2309EVAL\User,S-1-5-18,28:02.1,5.0,"<Event xmlns=""http://schemas.microsoft.com/win/2004/08/events/event"">
  <System>
    <Provider Name=""Microsoft-Windows-Sysmon"" Guid=""{5770385f-c22a-43e0-bf4c-06f5698ffbd9}""/>
    <EventID>22</EventID>
    <Version>5</Version>
    <Level>4</Level>
    <Task>22</Task>
    <Opcode>0</Opcode>
    <Keywords>0x8000000000000000</Keywords>
    <TimeCreated SystemTime=""2023-12-19T21:28:04.0545685Z""/>
    <EventRecordID>1153</EventRecordID>
    <Correlation/>
    <Execution ProcessID=""10484"" ThreadID=""12816""/>
    <Channel>Microsoft-Windows-Sysmon/Operational</Channel>
    <Computer>WinDev2309Eval</Computer>
    <Security UserID=""S-1-5-18""/>
  </System>
  <EventData>
    <Data Name=""RuleName"">-</Data>
    <Data Name=""UtcTime"">2023-12-19 21:28:02.133</Data>
    <Data Name=""ProcessGuid"">{f57bd86a-ffca-6581-1c02-000000000b00}</Data>
    <Data Name=""ProcessId"">4596</Data>
    <Data Name=""QueryName"">www.youtube.com</Data>
    <Data Name=""QueryStatus"">0</Data>
    <Data Name=""QueryResults"">type: 5 youtube-ui.l.google.com;::ffff:142.251.209.46;::ffff:216.58.209.46;::ffff:216.58.204.142;::ffff:216.58.204.238;::ffff:216.58.205.46;::ffff:142.250.180.142;::ffff:142.250.180.174;::ffff:142.251.209.14;</Data>
    <Data Name=""Image"">C:\Program Files (x86)\Microsoft\Edge\Application\msedge.exe</Data>
    <Data Name=""User"">WINDEV2309EVAL\User</Data>
  </EventData>
</Event>
"
Microsoft-Windows-Sysmon/Operational,"""C:\Program Files\WindowsApps\MicrosoftWindows.Client.WebExperience_423.30700.0.0_x64__cw5n1h2txyewy\Dashboard\Widgets.exe"" -ServerName:Microsoft.Windows.DashboardServer",Microsoft Corporation,WinDev2309Eval,,C:\Windows\system32\,-,,,,,,,1,1152,,421.20070.2010.0,"MD5=711AB3AFDD1C725775406F322CA65272,SHA256=75FC2264908EB82517FD56B69916FEF5EFCCF7CD89AF6B02780C1CEABC72D21C,IMPHASH=4955168C553815F7D9AD5F5BDE1C0213",C:\Program Files\WindowsApps\MicrosoftWindows.Client.WebExperience_423.30700.0.0_x64__cw5n1h2txyewy\Dashboard\Widgets.exe,,Medium,0x8000000000000000,4,{f57bd86a-db7f-6581-2a63-080000000000},0x8632a,,,0,Widgets.exe,C:\Windows\system32\svchost.exe -k DcomLaunch -p,C:\Windows\System32\svchost.exe,{f57bd86a-db69-6581-0d00-000000000b00},936.0,NT AUTHORITY\SYSTEM,{f57bd86a-0ae1-6582-4404-000000000b00},10484,5812.0,Microsoft® Windows® Operating System,,,,,-,,,,,,,,,,,,,2023-12-19T21:28:01.9908740Z,,,,,,,1,1.0,10592,WINDEV2309EVAL\User,S-1-5-18,28:02.0,5.0,"<Event xmlns=""http://schemas.microsoft.com/win/2004/08/events/event"">
  <System>
    <Provider Name=""Microsoft-Windows-Sysmon"" Guid=""{5770385f-c22a-43e0-bf4c-06f5698ffbd9}""/>
    <EventID>1</EventID>
    <Version>5</Version>
    <Level>4</Level>
    <Task>1</Task>
    <Opcode>0</Opcode>
    <Keywords>0x8000000000000000</Keywords>
    <TimeCreated SystemTime=""2023-12-19T21:28:01.9908740Z""/>
    <EventRecordID>1152</EventRecordID>
    <Correlation/>
    <Execution ProcessID=""10484"" ThreadID=""10592""/>
    <Channel>Microsoft-Windows-Sysmon/Operational</Channel>
    <Computer>WinDev2309Eval</Computer>
    <Security UserID=""S-1-5-18""/>
  </System>
  <EventData>
    <Data Name=""RuleName"">-</Data>
    <Data Name=""UtcTime"">2023-12-19 21:28:01.988</Data>
    <Data Name=""ProcessGuid"">{f57bd86a-0ae1-6582-4404-000000000b00}</Data>
    <Data Name=""ProcessId"">5812</Data>
    <Data Name=""Image"">C:\Program Files\WindowsApps\MicrosoftWindows.Client.WebExperience_423.30700.0.0_x64__cw5n1h2txyewy\Dashboard\Widgets.exe</Data>
    <Data Name=""FileVersion"">421.20070.2010.0</Data>
    <Data Name=""Description"">-</Data>
    <Data Name=""Product"">Microsoft&#174; Windows&#174; Operating System</Data>
    <Data Name=""Company"">Microsoft Corporation</Data>
    <Data Name=""OriginalFileName"">Widgets.exe</Data>
    <Data Name=""CommandLine"">""C:\Program Files\WindowsApps\MicrosoftWindows.Client.WebExperience_423.30700.0.0_x64__cw5n1h2txyewy\Dashboard\Widgets.exe"" -ServerName:Microsoft.Windows.DashboardServer</Data>
    <Data Name=""CurrentDirectory"">C:\Windows\system32\</Data>
    <Data Name=""User"">WINDEV2309EVAL\User</Data>
    <Data Name=""LogonGuid"">{f57bd86a-db7f-6581-2a63-080000000000}</Data>
    <Data Name=""LogonId"">0x8632a</Data>
    <Data Name=""TerminalSessionId"">1</Data>
    <Data Name=""IntegrityLevel"">Medium</Data>
    <Data Name=""Hashes"">MD5=711AB3AFDD1C725775406F322CA65272,SHA256=75FC2264908EB82517FD56B69916FEF5EFCCF7CD89AF6B02780C1CEABC72D21C,IMPHASH=4955168C553815F7D9AD5F5BDE1C0213</Data>
    <Data Name=""ParentProcessGuid"">{f57bd86a-db69-6581-0d00-000000000b00}</Data>
    <Data Name=""ParentProcessId"">936</Data>
    <Data Name=""ParentImage"">C:\Windows\System32\svchost.exe</Data>
    <Data Name=""ParentCommandLine"">C:\Windows\system32\svchost.exe -k DcomLaunch -p</Data>
    <Data Name=""ParentUser"">NT AUTHORITY\SYSTEM</Data>
  </EventData>
</Event>
"
