Channel,CommandLine,Company,Computer,CreationUtcTime,CurrentDirectory,Description,DestinationHostname,DestinationIp,DestinationIsIpv6,DestinationPort,DestinationPortName,Details,EventID,EventRecordID,EventType,FileVersion,Hashes,Image,Initiated,IntegrityLevel,Keywords,Level,LogonGuid,LogonId,Message,NewThreadId,Opcode,OriginalFileName,ParentCommandLine,ParentImage,ParentProcessGuid,ParentProcessId,ParentUser,ProcessGuid,ProcessID,ProcessId,Product,Protocol,QueryName,QueryResults,QueryStatus,RuleName,SourceHostname,SourceImage,SourceIp,SourceIsIpv6,SourcePort,SourcePortName,SourceProcessGuid,SourceProcessId,SourceUser,StartAddress,StartFunction,StartModule,SystemTime,TargetFilename,TargetImage,TargetObject,TargetProcessGuid,TargetProcessId,TargetUser,Task,TerminalSessionId,ThreadID,User,UserID,UtcTime,Version,raw
Microsoft-Windows-Sysmon/Operational,,,WinDev2309Eval,,,,,,,,,,22,5419,,,,C:\Program Files (x86)\Microsoft\Edge\Application\msedge.exe,,,0x8000000000000000,4,,,,,0,,,,,,,{f57bd86a-1d66-6582-df00-000000000d00},3400,8844.0,,,bcboltbde696aa-a.akamaihd.net,type: 5 bcboltbde696aa-a.akamaihd.net.edgesuite.net;type: 5 a1545.dscg2.akamai.net;::ffff:96.17.178.186;::ffff:96.17.178.180;,0.0,-,,,,,,,,,,,,,2023-12-20T09:57:45.0430975Z,,,,,,,22,,4220,WINDEV2309EVAL\User,S-1-5-18,57:44.3,5.0,"<Event xmlns=""http://schemas.microsoft.com/win/2004/08/events/event"">
  <System>
    <Provider Name=""Microsoft-Windows-Sysmon"" Guid=""{5770385f-c22a-43e0-bf4c-06f5698ffbd9}""/>
    <EventID>22</EventID>
    <Version>5</Version>
    <Level>4</Level>
    <Task>22</Task>
    <Opcode>0</Opcode>
    <Keywords>0x8000000000000000</Keywords>
    <TimeCreated SystemTime=""2023-12-20T09:57:45.0430975Z""/>
    <EventRecordID>5419</EventRecordID>
    <Correlation/>
    <Execution ProcessID=""3400"" ThreadID=""4220""/>
    <Channel>Microsoft-Windows-Sysmon/Operational</Channel>
    <Computer>WinDev2309Eval</Computer>
    <Security UserID=""S-1-5-18""/>
  </System>
  <EventData>
    <Data Name=""RuleName"">-</Data>
    <Data Name=""UtcTime"">2023-12-20 09:57:44.275</Data>
    <Data Name=""ProcessGuid"">{f57bd86a-1d66-6582-df00-000000000d00}</Data>
    <Data Name=""ProcessId"">8844</Data>
    <Data Name=""QueryName"">bcboltbde696aa-a.akamaihd.net</Data>
    <Data Name=""QueryStatus"">0</Data>
    <Data Name=""QueryResults"">type: 5 bcboltbde696aa-a.akamaihd.net.edgesuite.net;type: 5 a1545.dscg2.akamai.net;::ffff:96.17.178.186;::ffff:96.17.178.180;</Data>
    <Data Name=""Image"">C:\Program Files (x86)\Microsoft\Edge\Application\msedge.exe</Data>
    <Data Name=""User"">WINDEV2309EVAL\User</Data>
  </EventData>
</Event>
"
Microsoft-Windows-Sysmon/Operational,,,WinDev2309Eval,,,,,,,,,,22,5418,,,,C:\Program Files (x86)\Microsoft\Edge\Application\msedge.exe,,,0x8000000000000000,4,,,,,0,,,,,,,{f57bd86a-1d66-6582-df00-000000000d00},3400,8844.0,,,metrics.brightcove.com,::ffff:35.244.232.184;,0.0,-,,,,,,,,,,,,,2023-12-20T09:57:44.0649896Z,,,,,,,22,,4220,WINDEV2309EVAL\User,S-1-5-18,57:43.5,5.0,"<Event xmlns=""http://schemas.microsoft.com/win/2004/08/events/event"">
  <System>
    <Provider Name=""Microsoft-Windows-Sysmon"" Guid=""{5770385f-c22a-43e0-bf4c-06f5698ffbd9}""/>
    <EventID>22</EventID>
    <Version>5</Version>
    <Level>4</Level>
    <Task>22</Task>
    <Opcode>0</Opcode>
    <Keywords>0x8000000000000000</Keywords>
    <TimeCreated SystemTime=""2023-12-20T09:57:44.0649896Z""/>
    <EventRecordID>5418</EventRecordID>
    <Correlation/>
    <Execution ProcessID=""3400"" ThreadID=""4220""/>
    <Channel>Microsoft-Windows-Sysmon/Operational</Channel>
    <Computer>WinDev2309Eval</Computer>
    <Security UserID=""S-1-5-18""/>
  </System>
  <EventData>
    <Data Name=""RuleName"">-</Data>
    <Data Name=""UtcTime"">2023-12-20 09:57:43.530</Data>
    <Data Name=""ProcessGuid"">{f57bd86a-1d66-6582-df00-000000000d00}</Data>
    <Data Name=""ProcessId"">8844</Data>
    <Data Name=""QueryName"">metrics.brightcove.com</Data>
    <Data Name=""QueryStatus"">0</Data>
    <Data Name=""QueryResults"">::ffff:35.244.232.184;</Data>
    <Data Name=""Image"">C:\Program Files (x86)\Microsoft\Edge\Application\msedge.exe</Data>
    <Data Name=""User"">WINDEV2309EVAL\User</Data>
  </EventData>
</Event>
"
Microsoft-Windows-Sysmon/Operational,,,WinDev2309Eval,,,,,,,,,,22,5417,,,,C:\Program Files (x86)\Microsoft\Edge\Application\msedge.exe,,,0x8000000000000000,4,,,,,0,,,,,,,{f57bd86a-1d66-6582-df00-000000000d00},3400,8844.0,,,edge.api.brightcove.com,type: 5 brightcove.map.fastly.net;::ffff:151.101.2.27;::ffff:151.101.66.27;::ffff:151.101.130.27;::ffff:151.101.194.27;,0.0,-,,,,,,,,,,,,,2023-12-20T09:57:44.0649489Z,,,,,,,22,,4220,WINDEV2309EVAL\User,S-1-5-18,57:43.5,5.0,"<Event xmlns=""http://schemas.microsoft.com/win/2004/08/events/event"">
  <System>
    <Provider Name=""Microsoft-Windows-Sysmon"" Guid=""{5770385f-c22a-43e0-bf4c-06f5698ffbd9}""/>
    <EventID>22</EventID>
    <Version>5</Version>
    <Level>4</Level>
    <Task>22</Task>
    <Opcode>0</Opcode>
    <Keywords>0x8000000000000000</Keywords>
    <TimeCreated SystemTime=""2023-12-20T09:57:44.0649489Z""/>
    <EventRecordID>5417</EventRecordID>
    <Correlation/>
    <Execution ProcessID=""3400"" ThreadID=""4220""/>
    <Channel>Microsoft-Windows-Sysmon/Operational</Channel>
    <Computer>WinDev2309Eval</Computer>
    <Security UserID=""S-1-5-18""/>
  </System>
  <EventData>
    <Data Name=""RuleName"">-</Data>
    <Data Name=""UtcTime"">2023-12-20 09:57:43.525</Data>
    <Data Name=""ProcessGuid"">{f57bd86a-1d66-6582-df00-000000000d00}</Data>
    <Data Name=""ProcessId"">8844</Data>
    <Data Name=""QueryName"">edge.api.brightcove.com</Data>
    <Data Name=""QueryStatus"">0</Data>
    <Data Name=""QueryResults"">type: 5 brightcove.map.fastly.net;::ffff:151.101.2.27;::ffff:151.101.66.27;::ffff:151.101.130.27;::ffff:151.101.194.27;</Data>
    <Data Name=""Image"">C:\Program Files (x86)\Microsoft\Edge\Application\msedge.exe</Data>
    <Data Name=""User"">WINDEV2309EVAL\User</Data>
  </EventData>
</Event>
"
Microsoft-Windows-Sysmon/Operational,,,WinDev2309Eval,,,,,,,,,,22,5416,,,,C:\Program Files (x86)\Microsoft\Edge\Application\msedge.exe,,,0x8000000000000000,4,,,,,0,,,,,,,{f57bd86a-1d66-6582-df00-000000000d00},3400,8844.0,,,vjs.zencdn.net,type: 5 dualstack.osff.map.fastly.net;::ffff:151.101.2.217;::ffff:151.101.66.217;::ffff:151.101.130.217;::ffff:151.101.194.217;,0.0,-,,,,,,,,,,,,,2023-12-20T09:57:44.0648966Z,,,,,,,22,,4220,WINDEV2309EVAL\User,S-1-5-18,57:43.5,5.0,"<Event xmlns=""http://schemas.microsoft.com/win/2004/08/events/event"">
  <System>
    <Provider Name=""Microsoft-Windows-Sysmon"" Guid=""{5770385f-c22a-43e0-bf4c-06f5698ffbd9}""/>
    <EventID>22</EventID>
    <Version>5</Version>
    <Level>4</Level>
    <Task>22</Task>
    <Opcode>0</Opcode>
    <Keywords>0x8000000000000000</Keywords>
    <TimeCreated SystemTime=""2023-12-20T09:57:44.0648966Z""/>
    <EventRecordID>5416</EventRecordID>
    <Correlation/>
    <Execution ProcessID=""3400"" ThreadID=""4220""/>
    <Channel>Microsoft-Windows-Sysmon/Operational</Channel>
    <Computer>WinDev2309Eval</Computer>
    <Security UserID=""S-1-5-18""/>
  </System>
  <EventData>
    <Data Name=""RuleName"">-</Data>
    <Data Name=""UtcTime"">2023-12-20 09:57:43.497</Data>
    <Data Name=""ProcessGuid"">{f57bd86a-1d66-6582-df00-000000000d00}</Data>
    <Data Name=""ProcessId"">8844</Data>
    <Data Name=""QueryName"">vjs.zencdn.net</Data>
    <Data Name=""QueryStatus"">0</Data>
    <Data Name=""QueryResults"">type: 5 dualstack.osff.map.fastly.net;::ffff:151.101.2.217;::ffff:151.101.66.217;::ffff:151.101.130.217;::ffff:151.101.194.217;</Data>
    <Data Name=""Image"">C:\Program Files (x86)\Microsoft\Edge\Application\msedge.exe</Data>
    <Data Name=""User"">WINDEV2309EVAL\User</Data>
  </EventData>
</Event>
"
Microsoft-Windows-Sysmon/Operational,,,WinDev2309Eval,,,,,,,,,,22,5415,,,,C:\Program Files (x86)\Microsoft\Edge\Application\msedge.exe,,,0x8000000000000000,4,,,,,0,,,,,,,{f57bd86a-1d66-6582-df00-000000000d00},3400,8844.0,,,tags.bluekai.com,type: 5 tags.bluekai.com.edgekey.net;type: 5 e9126.x.akamaiedge.net;::ffff:2.22.32.167;,0.0,-,,,,,,,,,,,,,2023-12-20T09:57:44.0647251Z,,,,,,,22,,4220,WINDEV2309EVAL\User,S-1-5-18,57:43.3,5.0,"<Event xmlns=""http://schemas.microsoft.com/win/2004/08/events/event"">
  <System>
    <Provider Name=""Microsoft-Windows-Sysmon"" Guid=""{5770385f-c22a-43e0-bf4c-06f5698ffbd9}""/>
    <EventID>22</EventID>
    <Version>5</Version>
    <Level>4</Level>
    <Task>22</Task>
    <Opcode>0</Opcode>
    <Keywords>0x8000000000000000</Keywords>
    <TimeCreated SystemTime=""2023-12-20T09:57:44.0647251Z""/>
    <EventRecordID>5415</EventRecordID>
    <Correlation/>
    <Execution ProcessID=""3400"" ThreadID=""4220""/>
    <Channel>Microsoft-Windows-Sysmon/Operational</Channel>
    <Computer>WinDev2309Eval</Computer>
    <Security UserID=""S-1-5-18""/>
  </System>
  <EventData>
    <Data Name=""RuleName"">-</Data>
    <Data Name=""UtcTime"">2023-12-20 09:57:43.325</Data>
    <Data Name=""ProcessGuid"">{f57bd86a-1d66-6582-df00-000000000d00}</Data>
    <Data Name=""ProcessId"">8844</Data>
    <Data Name=""QueryName"">tags.bluekai.com</Data>
    <Data Name=""QueryStatus"">0</Data>
    <Data Name=""QueryResults"">type: 5 tags.bluekai.com.edgekey.net;type: 5 e9126.x.akamaiedge.net;::ffff:2.22.32.167;</Data>
    <Data Name=""Image"">C:\Program Files (x86)\Microsoft\Edge\Application\msedge.exe</Data>
    <Data Name=""User"">WINDEV2309EVAL\User</Data>
  </EventData>
</Event>
"
Microsoft-Windows-Sysmon/Operational,,,WinDev2309Eval,,,,,,,,,,22,5414,,,,C:\Program Files (x86)\Microsoft\Edge\Application\msedge.exe,,,0x8000000000000000,4,,,,,0,,,,,,,{f57bd86a-1d66-6582-df00-000000000d00},3400,8844.0,,,it.lngtd.com,::ffff:216.239.32.21;::ffff:216.239.36.21;::ffff:216.239.38.21;::ffff:216.239.34.21;,0.0,-,,,,,,,,,,,,,2023-12-20T09:57:43.0209159Z,,,,,,,22,,4220,WINDEV2309EVAL\User,S-1-5-18,57:42.9,5.0,"<Event xmlns=""http://schemas.microsoft.com/win/2004/08/events/event"">
  <System>
    <Provider Name=""Microsoft-Windows-Sysmon"" Guid=""{5770385f-c22a-43e0-bf4c-06f5698ffbd9}""/>
    <EventID>22</EventID>
    <Version>5</Version>
    <Level>4</Level>
    <Task>22</Task>
    <Opcode>0</Opcode>
    <Keywords>0x8000000000000000</Keywords>
    <TimeCreated SystemTime=""2023-12-20T09:57:43.0209159Z""/>
    <EventRecordID>5414</EventRecordID>
    <Correlation/>
    <Execution ProcessID=""3400"" ThreadID=""4220""/>
    <Channel>Microsoft-Windows-Sysmon/Operational</Channel>
    <Computer>WinDev2309Eval</Computer>
    <Security UserID=""S-1-5-18""/>
  </System>
  <EventData>
    <Data Name=""RuleName"">-</Data>
    <Data Name=""UtcTime"">2023-12-20 09:57:42.940</Data>
    <Data Name=""ProcessGuid"">{f57bd86a-1d66-6582-df00-000000000d00}</Data>
    <Data Name=""ProcessId"">8844</Data>
    <Data Name=""QueryName"">it.lngtd.com</Data>
    <Data Name=""QueryStatus"">0</Data>
    <Data Name=""QueryResults"">::ffff:216.239.32.21;::ffff:216.239.36.21;::ffff:216.239.38.21;::ffff:216.239.34.21;</Data>
    <Data Name=""Image"">C:\Program Files (x86)\Microsoft\Edge\Application\msedge.exe</Data>
    <Data Name=""User"">WINDEV2309EVAL\User</Data>
  </EventData>
</Event>
"
Microsoft-Windows-Sysmon/Operational,,,WinDev2309Eval,,,,,,,,,,22,5413,,,,C:\Program Files (x86)\Microsoft\Edge\Application\msedge.exe,,,0x8000000000000000,4,,,,,0,,,,,,,{f57bd86a-1d66-6582-df00-000000000d00},3400,8844.0,,,ads.us.e-planning.net,::ffff:193.3.178.4;,0.0,-,,,,,,,,,,,,,2023-12-20T09:57:43.0208650Z,,,,,,,22,,4220,WINDEV2309EVAL\User,S-1-5-18,57:42.8,5.0,"<Event xmlns=""http://schemas.microsoft.com/win/2004/08/events/event"">
  <System>
    <Provider Name=""Microsoft-Windows-Sysmon"" Guid=""{5770385f-c22a-43e0-bf4c-06f5698ffbd9}""/>
    <EventID>22</EventID>
    <Version>5</Version>
    <Level>4</Level>
    <Task>22</Task>
    <Opcode>0</Opcode>
    <Keywords>0x8000000000000000</Keywords>
    <TimeCreated SystemTime=""2023-12-20T09:57:43.0208650Z""/>
    <EventRecordID>5413</EventRecordID>
    <Correlation/>
    <Execution ProcessID=""3400"" ThreadID=""4220""/>
    <Channel>Microsoft-Windows-Sysmon/Operational</Channel>
    <Computer>WinDev2309Eval</Computer>
    <Security UserID=""S-1-5-18""/>
  </System>
  <EventData>
    <Data Name=""RuleName"">-</Data>
    <Data Name=""UtcTime"">2023-12-20 09:57:42.808</Data>
    <Data Name=""ProcessGuid"">{f57bd86a-1d66-6582-df00-000000000d00}</Data>
    <Data Name=""ProcessId"">8844</Data>
    <Data Name=""QueryName"">ads.us.e-planning.net</Data>
    <Data Name=""QueryStatus"">0</Data>
    <Data Name=""QueryResults"">::ffff:193.3.178.4;</Data>
    <Data Name=""Image"">C:\Program Files (x86)\Microsoft\Edge\Application\msedge.exe</Data>
    <Data Name=""User"">WINDEV2309EVAL\User</Data>
  </EventData>
</Event>
"
Microsoft-Windows-Sysmon/Operational,,,WinDev2309Eval,,,,,,,,,,22,5412,,,,C:\Program Files (x86)\Microsoft\Edge\Application\msedge.exe,,,0x8000000000000000,4,,,,,0,,,,,,,{f57bd86a-1d66-6582-df00-000000000d00},3400,8844.0,,,players.brightcove.net,type: 5 players.brightcove.net.edgekey.net;type: 5 e9573.g.akamaiedge.net;::ffff:23.37.1.79;,0.0,-,,,,,,,,,,,,,2023-12-20T09:57:43.0208160Z,,,,,,,22,,4220,WINDEV2309EVAL\User,S-1-5-18,57:42.7,5.0,"<Event xmlns=""http://schemas.microsoft.com/win/2004/08/events/event"">
  <System>
    <Provider Name=""Microsoft-Windows-Sysmon"" Guid=""{5770385f-c22a-43e0-bf4c-06f5698ffbd9}""/>
    <EventID>22</EventID>
    <Version>5</Version>
    <Level>4</Level>
    <Task>22</Task>
    <Opcode>0</Opcode>
    <Keywords>0x8000000000000000</Keywords>
    <TimeCreated SystemTime=""2023-12-20T09:57:43.0208160Z""/>
    <EventRecordID>5412</EventRecordID>
    <Correlation/>
    <Execution ProcessID=""3400"" ThreadID=""4220""/>
    <Channel>Microsoft-Windows-Sysmon/Operational</Channel>
    <Computer>WinDev2309Eval</Computer>
    <Security UserID=""S-1-5-18""/>
  </System>
  <EventData>
    <Data Name=""RuleName"">-</Data>
    <Data Name=""UtcTime"">2023-12-20 09:57:42.688</Data>
    <Data Name=""ProcessGuid"">{f57bd86a-1d66-6582-df00-000000000d00}</Data>
    <Data Name=""ProcessId"">8844</Data>
    <Data Name=""QueryName"">players.brightcove.net</Data>
    <Data Name=""QueryStatus"">0</Data>
    <Data Name=""QueryResults"">type: 5 players.brightcove.net.edgekey.net;type: 5 e9573.g.akamaiedge.net;::ffff:23.37.1.79;</Data>
    <Data Name=""Image"">C:\Program Files (x86)\Microsoft\Edge\Application\msedge.exe</Data>
    <Data Name=""User"">WINDEV2309EVAL\User</Data>
  </EventData>
</Event>
"
Microsoft-Windows-Sysmon/Operational,,,WinDev2309Eval,,,,,,,,,,22,5411,,,,C:\Program Files (x86)\Microsoft\Edge\Application\msedge.exe,,,0x8000000000000000,4,,,,,0,,,,,,,{f57bd86a-1d66-6582-df00-000000000d00},3400,8844.0,,,geo.privacymanager.io,::ffff:3.160.188.30;::ffff:3.160.188.62;::ffff:3.160.188.100;::ffff:3.160.188.50;,0.0,-,,,,,,,,,,,,,2023-12-20T09:57:43.0207882Z,,,,,,,22,,4220,WINDEV2309EVAL\User,S-1-5-18,57:42.7,5.0,"<Event xmlns=""http://schemas.microsoft.com/win/2004/08/events/event"">
  <System>
    <Provider Name=""Microsoft-Windows-Sysmon"" Guid=""{5770385f-c22a-43e0-bf4c-06f5698ffbd9}""/>
    <EventID>22</EventID>
    <Version>5</Version>
    <Level>4</Level>
    <Task>22</Task>
    <Opcode>0</Opcode>
    <Keywords>0x8000000000000000</Keywords>
    <TimeCreated SystemTime=""2023-12-20T09:57:43.0207882Z""/>
    <EventRecordID>5411</EventRecordID>
    <Correlation/>
    <Execution ProcessID=""3400"" ThreadID=""4220""/>
    <Channel>Microsoft-Windows-Sysmon/Operational</Channel>
    <Computer>WinDev2309Eval</Computer>
    <Security UserID=""S-1-5-18""/>
  </System>
  <EventData>
    <Data Name=""RuleName"">-</Data>
    <Data Name=""UtcTime"">2023-12-20 09:57:42.673</Data>
    <Data Name=""ProcessGuid"">{f57bd86a-1d66-6582-df00-000000000d00}</Data>
    <Data Name=""ProcessId"">8844</Data>
    <Data Name=""QueryName"">geo.privacymanager.io</Data>
    <Data Name=""QueryStatus"">0</Data>
    <Data Name=""QueryResults"">::ffff:3.160.188.30;::ffff:3.160.188.62;::ffff:3.160.188.100;::ffff:3.160.188.50;</Data>
    <Data Name=""Image"">C:\Program Files (x86)\Microsoft\Edge\Application\msedge.exe</Data>
    <Data Name=""User"">WINDEV2309EVAL\User</Data>
  </EventData>
</Event>
"
Microsoft-Windows-Sysmon/Operational,,,WinDev2309Eval,,,,,,,,,,22,5410,,,,C:\Program Files (x86)\Microsoft\Edge\Application\msedge.exe,,,0x8000000000000000,4,,,,,0,,,,,,,{f57bd86a-1d66-6582-df00-000000000d00},3400,8844.0,,,trx-hub.com,::ffff:3.160.188.91;::ffff:3.160.188.38;::ffff:3.160.188.48;::ffff:3.160.188.7;,0.0,-,,,,,,,,,,,,,2023-12-20T09:57:43.0207596Z,,,,,,,22,,4220,WINDEV2309EVAL\User,S-1-5-18,57:42.7,5.0,"<Event xmlns=""http://schemas.microsoft.com/win/2004/08/events/event"">
  <System>
    <Provider Name=""Microsoft-Windows-Sysmon"" Guid=""{5770385f-c22a-43e0-bf4c-06f5698ffbd9}""/>
    <EventID>22</EventID>
    <Version>5</Version>
    <Level>4</Level>
    <Task>22</Task>
    <Opcode>0</Opcode>
    <Keywords>0x8000000000000000</Keywords>
    <TimeCreated SystemTime=""2023-12-20T09:57:43.0207596Z""/>
    <EventRecordID>5410</EventRecordID>
    <Correlation/>
    <Execution ProcessID=""3400"" ThreadID=""4220""/>
    <Channel>Microsoft-Windows-Sysmon/Operational</Channel>
    <Computer>WinDev2309Eval</Computer>
    <Security UserID=""S-1-5-18""/>
  </System>
  <EventData>
    <Data Name=""RuleName"">-</Data>
    <Data Name=""UtcTime"">2023-12-20 09:57:42.661</Data>
    <Data Name=""ProcessGuid"">{f57bd86a-1d66-6582-df00-000000000d00}</Data>
    <Data Name=""ProcessId"">8844</Data>
    <Data Name=""QueryName"">trx-hub.com</Data>
    <Data Name=""QueryStatus"">0</Data>
    <Data Name=""QueryResults"">::ffff:3.160.188.91;::ffff:3.160.188.38;::ffff:3.160.188.48;::ffff:3.160.188.7;</Data>
    <Data Name=""Image"">C:\Program Files (x86)\Microsoft\Edge\Application\msedge.exe</Data>
    <Data Name=""User"">WINDEV2309EVAL\User</Data>
  </EventData>
</Event>
"
Microsoft-Windows-Sysmon/Operational,,,WinDev2309Eval,,,,,,,,,,22,5409,,,,C:\Program Files (x86)\Microsoft\Edge\Application\msedge.exe,,,0x8000000000000000,4,,,,,0,,,,,,,{f57bd86a-1d66-6582-df00-000000000d00},3400,8844.0,,,dnacdn.net,::ffff:178.250.1.11;,0.0,-,,,,,,,,,,,,,2023-12-20T09:57:42.0127708Z,,,,,,,22,,4220,WINDEV2309EVAL\User,S-1-5-18,57:41.7,5.0,"<Event xmlns=""http://schemas.microsoft.com/win/2004/08/events/event"">
  <System>
    <Provider Name=""Microsoft-Windows-Sysmon"" Guid=""{5770385f-c22a-43e0-bf4c-06f5698ffbd9}""/>
    <EventID>22</EventID>
    <Version>5</Version>
    <Level>4</Level>
    <Task>22</Task>
    <Opcode>0</Opcode>
    <Keywords>0x8000000000000000</Keywords>
    <TimeCreated SystemTime=""2023-12-20T09:57:42.0127708Z""/>
    <EventRecordID>5409</EventRecordID>
    <Correlation/>
    <Execution ProcessID=""3400"" ThreadID=""4220""/>
    <Channel>Microsoft-Windows-Sysmon/Operational</Channel>
    <Computer>WinDev2309Eval</Computer>
    <Security UserID=""S-1-5-18""/>
  </System>
  <EventData>
    <Data Name=""RuleName"">-</Data>
    <Data Name=""UtcTime"">2023-12-20 09:57:41.681</Data>
    <Data Name=""ProcessGuid"">{f57bd86a-1d66-6582-df00-000000000d00}</Data>
    <Data Name=""ProcessId"">8844</Data>
    <Data Name=""QueryName"">dnacdn.net</Data>
    <Data Name=""QueryStatus"">0</Data>
    <Data Name=""QueryResults"">::ffff:178.250.1.11;</Data>
    <Data Name=""Image"">C:\Program Files (x86)\Microsoft\Edge\Application\msedge.exe</Data>
    <Data Name=""User"">WINDEV2309EVAL\User</Data>
  </EventData>
</Event>
"
Microsoft-Windows-Sysmon/Operational,,,WinDev2309Eval,,,,,,,,,,22,5408,,,,C:\Program Files (x86)\Microsoft\Edge\Application\msedge.exe,,,0x8000000000000000,4,,,,,0,,,,,,,{f57bd86a-1d66-6582-df00-000000000d00},3400,8844.0,,,cdn-ima.33across.com,type: 5 cdn-ima.33across.com.cdn.cloudflare.net;::ffff:172.64.152.89;::ffff:104.18.35.167;,0.0,-,,,,,,,,,,,,,2023-12-20T09:57:42.0127497Z,,,,,,,22,,4220,WINDEV2309EVAL\User,S-1-5-18,57:41.7,5.0,"<Event xmlns=""http://schemas.microsoft.com/win/2004/08/events/event"">
  <System>
    <Provider Name=""Microsoft-Windows-Sysmon"" Guid=""{5770385f-c22a-43e0-bf4c-06f5698ffbd9}""/>
    <EventID>22</EventID>
    <Version>5</Version>
    <Level>4</Level>
    <Task>22</Task>
    <Opcode>0</Opcode>
    <Keywords>0x8000000000000000</Keywords>
    <TimeCreated SystemTime=""2023-12-20T09:57:42.0127497Z""/>
    <EventRecordID>5408</EventRecordID>
    <Correlation/>
    <Execution ProcessID=""3400"" ThreadID=""4220""/>
    <Channel>Microsoft-Windows-Sysmon/Operational</Channel>
    <Computer>WinDev2309Eval</Computer>
    <Security UserID=""S-1-5-18""/>
  </System>
  <EventData>
    <Data Name=""RuleName"">-</Data>
    <Data Name=""UtcTime"">2023-12-20 09:57:41.676</Data>
    <Data Name=""ProcessGuid"">{f57bd86a-1d66-6582-df00-000000000d00}</Data>
    <Data Name=""ProcessId"">8844</Data>
    <Data Name=""QueryName"">cdn-ima.33across.com</Data>
    <Data Name=""QueryStatus"">0</Data>
    <Data Name=""QueryResults"">type: 5 cdn-ima.33across.com.cdn.cloudflare.net;::ffff:172.64.152.89;::ffff:104.18.35.167;</Data>
    <Data Name=""Image"">C:\Program Files (x86)\Microsoft\Edge\Application\msedge.exe</Data>
    <Data Name=""User"">WINDEV2309EVAL\User</Data>
  </EventData>
</Event>
"
Microsoft-Windows-Sysmon/Operational,,,WinDev2309Eval,,,,,,,,,,22,5407,,,,C:\Program Files (x86)\Microsoft\Edge\Application\msedge.exe,,,0x8000000000000000,4,,,,,0,,,,,,,{f57bd86a-1d66-6582-df00-000000000d00},3400,8844.0,,,metrics-logger.spot.im,type: 5 production-kong.spot.im;type: 5 k8s-kong-kongprox-156b6f54a5-1812105515.us-east-1.elb.amazonaws.com;::ffff:3.208.110.25;::ffff:54.157.81.237;::ffff:44.211.4.234;::ffff:52.202.44.41;::ffff:3.226.146.106;::ffff:54.227.154.108;,0.0,-,,,,,,,,,,,,,2023-12-20T09:57:42.0127089Z,,,,,,,22,,4220,WINDEV2309EVAL\User,S-1-5-18,57:41.7,5.0,"<Event xmlns=""http://schemas.microsoft.com/win/2004/08/events/event"">
  <System>
    <Provider Name=""Microsoft-Windows-Sysmon"" Guid=""{5770385f-c22a-43e0-bf4c-06f5698ffbd9}""/>
    <EventID>22</EventID>
    <Version>5</Version>
    <Level>4</Level>
    <Task>22</Task>
    <Opcode>0</Opcode>
    <Keywords>0x8000000000000000</Keywords>
    <TimeCreated SystemTime=""2023-12-20T09:57:42.0127089Z""/>
    <EventRecordID>5407</EventRecordID>
    <Correlation/>
    <Execution ProcessID=""3400"" ThreadID=""4220""/>
    <Channel>Microsoft-Windows-Sysmon/Operational</Channel>
    <Computer>WinDev2309Eval</Computer>
    <Security UserID=""S-1-5-18""/>
  </System>
  <EventData>
    <Data Name=""RuleName"">-</Data>
    <Data Name=""UtcTime"">2023-12-20 09:57:41.670</Data>
    <Data Name=""ProcessGuid"">{f57bd86a-1d66-6582-df00-000000000d00}</Data>
    <Data Name=""ProcessId"">8844</Data>
    <Data Name=""QueryName"">metrics-logger.spot.im</Data>
    <Data Name=""QueryStatus"">0</Data>
    <Data Name=""QueryResults"">type: 5 production-kong.spot.im;type: 5 k8s-kong-kongprox-156b6f54a5-1812105515.us-east-1.elb.amazonaws.com;::ffff:3.208.110.25;::ffff:54.157.81.237;::ffff:44.211.4.234;::ffff:52.202.44.41;::ffff:3.226.146.106;::ffff:54.227.154.108;</Data>
    <Data Name=""Image"">C:\Program Files (x86)\Microsoft\Edge\Application\msedge.exe</Data>
    <Data Name=""User"">WINDEV2309EVAL\User</Data>
  </EventData>
</Event>
"
Microsoft-Windows-Sysmon/Operational,,,WinDev2309Eval,,,,,,,,,,22,5406,,,,C:\Program Files (x86)\Microsoft\Edge\Application\msedge.exe,,,0x8000000000000000,4,,,,,0,,,,,,,{f57bd86a-1d66-6582-df00-000000000d00},3400,8844.0,,,mp.4dex.io,::ffff:172.64.153.78;::ffff:104.18.34.178;,0.0,-,,,,,,,,,,,,,2023-12-20T09:57:42.0126842Z,,,,,,,22,,4220,WINDEV2309EVAL\User,S-1-5-18,57:41.7,5.0,"<Event xmlns=""http://schemas.microsoft.com/win/2004/08/events/event"">
  <System>
    <Provider Name=""Microsoft-Windows-Sysmon"" Guid=""{5770385f-c22a-43e0-bf4c-06f5698ffbd9}""/>
    <EventID>22</EventID>
    <Version>5</Version>
    <Level>4</Level>
    <Task>22</Task>
    <Opcode>0</Opcode>
    <Keywords>0x8000000000000000</Keywords>
    <TimeCreated SystemTime=""2023-12-20T09:57:42.0126842Z""/>
    <EventRecordID>5406</EventRecordID>
    <Correlation/>
    <Execution ProcessID=""3400"" ThreadID=""4220""/>
    <Channel>Microsoft-Windows-Sysmon/Operational</Channel>
    <Computer>WinDev2309Eval</Computer>
    <Security UserID=""S-1-5-18""/>
  </System>
  <EventData>
    <Data Name=""RuleName"">-</Data>
    <Data Name=""UtcTime"">2023-12-20 09:57:41.670</Data>
    <Data Name=""ProcessGuid"">{f57bd86a-1d66-6582-df00-000000000d00}</Data>
    <Data Name=""ProcessId"">8844</Data>
    <Data Name=""QueryName"">mp.4dex.io</Data>
    <Data Name=""QueryStatus"">0</Data>
    <Data Name=""QueryResults"">::ffff:172.64.153.78;::ffff:104.18.34.178;</Data>
    <Data Name=""Image"">C:\Program Files (x86)\Microsoft\Edge\Application\msedge.exe</Data>
    <Data Name=""User"">WINDEV2309EVAL\User</Data>
  </EventData>
</Event>
"
Microsoft-Windows-Sysmon/Operational,,,WinDev2309Eval,,,,,,,,,,22,5405,,,,C:\Program Files (x86)\Microsoft\Edge\Application\msedge.exe,,,0x8000000000000000,4,,,,,0,,,,,,,{f57bd86a-1d66-6582-df00-000000000d00},3400,8844.0,,,script.4dex.io,::ffff:104.26.9.169;::ffff:104.26.8.169;::ffff:172.67.75.241;,0.0,-,,,,,,,,,,,,,2023-12-20T09:57:42.0126564Z,,,,,,,22,,4220,WINDEV2309EVAL\User,S-1-5-18,57:41.7,5.0,"<Event xmlns=""http://schemas.microsoft.com/win/2004/08/events/event"">
  <System>
    <Provider Name=""Microsoft-Windows-Sysmon"" Guid=""{5770385f-c22a-43e0-bf4c-06f5698ffbd9}""/>
    <EventID>22</EventID>
    <Version>5</Version>
    <Level>4</Level>
    <Task>22</Task>
    <Opcode>0</Opcode>
    <Keywords>0x8000000000000000</Keywords>
    <TimeCreated SystemTime=""2023-12-20T09:57:42.0126564Z""/>
    <EventRecordID>5405</EventRecordID>
    <Correlation/>
    <Execution ProcessID=""3400"" ThreadID=""4220""/>
    <Channel>Microsoft-Windows-Sysmon/Operational</Channel>
    <Computer>WinDev2309Eval</Computer>
    <Security UserID=""S-1-5-18""/>
  </System>
  <EventData>
    <Data Name=""RuleName"">-</Data>
    <Data Name=""UtcTime"">2023-12-20 09:57:41.664</Data>
    <Data Name=""ProcessGuid"">{f57bd86a-1d66-6582-df00-000000000d00}</Data>
    <Data Name=""ProcessId"">8844</Data>
    <Data Name=""QueryName"">script.4dex.io</Data>
    <Data Name=""QueryStatus"">0</Data>
    <Data Name=""QueryResults"">::ffff:104.26.9.169;::ffff:104.26.8.169;::ffff:172.67.75.241;</Data>
    <Data Name=""Image"">C:\Program Files (x86)\Microsoft\Edge\Application\msedge.exe</Data>
    <Data Name=""User"">WINDEV2309EVAL\User</Data>
  </EventData>
</Event>
"
Microsoft-Windows-Sysmon/Operational,,,WinDev2309Eval,,,,,,,,,,22,5404,,,,C:\Program Files (x86)\Microsoft\Edge\Application\msedge.exe,,,0x8000000000000000,4,,,,,0,,,,,,,{f57bd86a-1d66-6582-df00-000000000d00},3400,8844.0,,,fcp-api.footballco.cloud,type: 5 fcp-api.footballco.cloud.edgekey.net;type: 5 e84854.dscj.akamaiedge.net;::ffff:104.104.52.130;::ffff:2.19.192.163;,0.0,-,,,,,,,,,,,,,2023-12-20T09:57:42.0124684Z,,,,,,,22,,4220,WINDEV2309EVAL\User,S-1-5-18,57:41.4,5.0,"<Event xmlns=""http://schemas.microsoft.com/win/2004/08/events/event"">
  <System>
    <Provider Name=""Microsoft-Windows-Sysmon"" Guid=""{5770385f-c22a-43e0-bf4c-06f5698ffbd9}""/>
    <EventID>22</EventID>
    <Version>5</Version>
    <Level>4</Level>
    <Task>22</Task>
    <Opcode>0</Opcode>
    <Keywords>0x8000000000000000</Keywords>
    <TimeCreated SystemTime=""2023-12-20T09:57:42.0124684Z""/>
    <EventRecordID>5404</EventRecordID>
    <Correlation/>
    <Execution ProcessID=""3400"" ThreadID=""4220""/>
    <Channel>Microsoft-Windows-Sysmon/Operational</Channel>
    <Computer>WinDev2309Eval</Computer>
    <Security UserID=""S-1-5-18""/>
  </System>
  <EventData>
    <Data Name=""RuleName"">-</Data>
    <Data Name=""UtcTime"">2023-12-20 09:57:41.397</Data>
    <Data Name=""ProcessGuid"">{f57bd86a-1d66-6582-df00-000000000d00}</Data>
    <Data Name=""ProcessId"">8844</Data>
    <Data Name=""QueryName"">fcp-api.footballco.cloud</Data>
    <Data Name=""QueryStatus"">0</Data>
    <Data Name=""QueryResults"">type: 5 fcp-api.footballco.cloud.edgekey.net;type: 5 e84854.dscj.akamaiedge.net;::ffff:104.104.52.130;::ffff:2.19.192.163;</Data>
    <Data Name=""Image"">C:\Program Files (x86)\Microsoft\Edge\Application\msedge.exe</Data>
    <Data Name=""User"">WINDEV2309EVAL\User</Data>
  </EventData>
</Event>
"
Microsoft-Windows-Sysmon/Operational,,,WinDev2309Eval,,,,,,,,,,22,5403,,,,C:\Program Files (x86)\Microsoft\Edge\Application\msedge.exe,,,0x8000000000000000,4,,,,,0,,,,,,,{f57bd86a-1d66-6582-df00-000000000d00},3400,8844.0,,,lb.eu-1-id5-sync.com,::ffff:141.95.98.65;::ffff:162.19.138.116;::ffff:162.19.138.117;::ffff:162.19.138.83;::ffff:141.95.98.64;::ffff:162.19.138.120;::ffff:162.19.138.118;::ffff:162.19.138.82;::ffff:162.19.138.119;::ffff:141.95.33.120;,0.0,-,,,,,,,,,,,,,2023-12-20T09:57:42.0124205Z,,,,,,,22,,4220,WINDEV2309EVAL\User,S-1-5-18,57:41.3,5.0,"<Event xmlns=""http://schemas.microsoft.com/win/2004/08/events/event"">
  <System>
    <Provider Name=""Microsoft-Windows-Sysmon"" Guid=""{5770385f-c22a-43e0-bf4c-06f5698ffbd9}""/>
    <EventID>22</EventID>
    <Version>5</Version>
    <Level>4</Level>
    <Task>22</Task>
    <Opcode>0</Opcode>
    <Keywords>0x8000000000000000</Keywords>
    <TimeCreated SystemTime=""2023-12-20T09:57:42.0124205Z""/>
    <EventRecordID>5403</EventRecordID>
    <Correlation/>
    <Execution ProcessID=""3400"" ThreadID=""4220""/>
    <Channel>Microsoft-Windows-Sysmon/Operational</Channel>
    <Computer>WinDev2309Eval</Computer>
    <Security UserID=""S-1-5-18""/>
  </System>
  <EventData>
    <Data Name=""RuleName"">-</Data>
    <Data Name=""UtcTime"">2023-12-20 09:57:41.304</Data>
    <Data Name=""ProcessGuid"">{f57bd86a-1d66-6582-df00-000000000d00}</Data>
    <Data Name=""ProcessId"">8844</Data>
    <Data Name=""QueryName"">lb.eu-1-id5-sync.com</Data>
    <Data Name=""QueryStatus"">0</Data>
    <Data Name=""QueryResults"">::ffff:141.95.98.65;::ffff:162.19.138.116;::ffff:162.19.138.117;::ffff:162.19.138.83;::ffff:141.95.98.64;::ffff:162.19.138.120;::ffff:162.19.138.118;::ffff:162.19.138.82;::ffff:162.19.138.119;::ffff:141.95.33.120;</Data>
    <Data Name=""Image"">C:\Program Files (x86)\Microsoft\Edge\Application\msedge.exe</Data>
    <Data Name=""User"">WINDEV2309EVAL\User</Data>
  </EventData>
</Event>
"
Microsoft-Windows-Sysmon/Operational,,,WinDev2309Eval,,,,,,,,,,22,5402,,,,C:\Program Files (x86)\Microsoft\Edge\Application\msedge.exe,,,0x8000000000000000,4,,,,,0,,,,,,,{f57bd86a-1d66-6582-df00-000000000d00},3400,8844.0,,,cdn.fcp.codes,type: 5 cdn.fcp.codes.edgekey.net;type: 5 e84854.dscj.akamaiedge.net;::ffff:2.19.192.163;::ffff:104.104.52.130;,0.0,-,,,,,,,,,,,,,2023-12-20T09:57:41.0129352Z,,,,,,,22,,4220,WINDEV2309EVAL\User,S-1-5-18,57:41.0,5.0,"<Event xmlns=""http://schemas.microsoft.com/win/2004/08/events/event"">
  <System>
    <Provider Name=""Microsoft-Windows-Sysmon"" Guid=""{5770385f-c22a-43e0-bf4c-06f5698ffbd9}""/>
    <EventID>22</EventID>
    <Version>5</Version>
    <Level>4</Level>
    <Task>22</Task>
    <Opcode>0</Opcode>
    <Keywords>0x8000000000000000</Keywords>
    <TimeCreated SystemTime=""2023-12-20T09:57:41.0129352Z""/>
    <EventRecordID>5402</EventRecordID>
    <Correlation/>
    <Execution ProcessID=""3400"" ThreadID=""4220""/>
    <Channel>Microsoft-Windows-Sysmon/Operational</Channel>
    <Computer>WinDev2309Eval</Computer>
    <Security UserID=""S-1-5-18""/>
  </System>
  <EventData>
    <Data Name=""RuleName"">-</Data>
    <Data Name=""UtcTime"">2023-12-20 09:57:41.043</Data>
    <Data Name=""ProcessGuid"">{f57bd86a-1d66-6582-df00-000000000d00}</Data>
    <Data Name=""ProcessId"">8844</Data>
    <Data Name=""QueryName"">cdn.fcp.codes</Data>
    <Data Name=""QueryStatus"">0</Data>
    <Data Name=""QueryResults"">type: 5 cdn.fcp.codes.edgekey.net;type: 5 e84854.dscj.akamaiedge.net;::ffff:2.19.192.163;::ffff:104.104.52.130;</Data>
    <Data Name=""Image"">C:\Program Files (x86)\Microsoft\Edge\Application\msedge.exe</Data>
    <Data Name=""User"">WINDEV2309EVAL\User</Data>
  </EventData>
</Event>
"
Microsoft-Windows-Sysmon/Operational,,,WinDev2309Eval,,,,,,,,,,22,5401,,,,C:\Program Files (x86)\Microsoft\Edge\Application\msedge.exe,,,0x8000000000000000,4,,,,,0,,,,,,,{f57bd86a-1d66-6582-df00-000000000d00},3400,8844.0,,,t.co,::ffff:104.244.42.5;::ffff:104.244.42.133;::ffff:104.244.42.197;::ffff:104.244.42.69;,0.0,-,,,,,,,,,,,,,2023-12-20T09:57:41.0128744Z,,,,,,,22,,4220,WINDEV2309EVAL\User,S-1-5-18,57:40.8,5.0,"<Event xmlns=""http://schemas.microsoft.com/win/2004/08/events/event"">
  <System>
    <Provider Name=""Microsoft-Windows-Sysmon"" Guid=""{5770385f-c22a-43e0-bf4c-06f5698ffbd9}""/>
    <EventID>22</EventID>
    <Version>5</Version>
    <Level>4</Level>
    <Task>22</Task>
    <Opcode>0</Opcode>
    <Keywords>0x8000000000000000</Keywords>
    <TimeCreated SystemTime=""2023-12-20T09:57:41.0128744Z""/>
    <EventRecordID>5401</EventRecordID>
    <Correlation/>
    <Execution ProcessID=""3400"" ThreadID=""4220""/>
    <Channel>Microsoft-Windows-Sysmon/Operational</Channel>
    <Computer>WinDev2309Eval</Computer>
    <Security UserID=""S-1-5-18""/>
  </System>
  <EventData>
    <Data Name=""RuleName"">-</Data>
    <Data Name=""UtcTime"">2023-12-20 09:57:40.768</Data>
    <Data Name=""ProcessGuid"">{f57bd86a-1d66-6582-df00-000000000d00}</Data>
    <Data Name=""ProcessId"">8844</Data>
    <Data Name=""QueryName"">t.co</Data>
    <Data Name=""QueryStatus"">0</Data>
    <Data Name=""QueryResults"">::ffff:104.244.42.5;::ffff:104.244.42.133;::ffff:104.244.42.197;::ffff:104.244.42.69;</Data>
    <Data Name=""Image"">C:\Program Files (x86)\Microsoft\Edge\Application\msedge.exe</Data>
    <Data Name=""User"">WINDEV2309EVAL\User</Data>
  </EventData>
</Event>
"
Microsoft-Windows-Sysmon/Operational,,,WinDev2309Eval,,,,,,,,,,22,5400,,,,C:\Program Files (x86)\Microsoft\Edge\Application\msedge.exe,,,0x8000000000000000,4,,,,,0,,,,,,,{f57bd86a-1d66-6582-df00-000000000d00},3400,8844.0,,,id5-sync.com,::ffff:162.19.138.82;::ffff:162.19.138.116;::ffff:162.19.138.83;::ffff:162.19.138.118;::ffff:141.95.33.120;::ffff:162.19.138.120;::ffff:162.19.138.119;::ffff:141.95.98.65;::ffff:141.95.98.64;::ffff:162.19.138.117;,0.0,-,,,,,,,,,,,,,2023-12-20T09:57:41.0128469Z,,,,,,,22,,4220,WINDEV2309EVAL\User,S-1-5-18,57:40.8,5.0,"<Event xmlns=""http://schemas.microsoft.com/win/2004/08/events/event"">
  <System>
    <Provider Name=""Microsoft-Windows-Sysmon"" Guid=""{5770385f-c22a-43e0-bf4c-06f5698ffbd9}""/>
    <EventID>22</EventID>
    <Version>5</Version>
    <Level>4</Level>
    <Task>22</Task>
    <Opcode>0</Opcode>
    <Keywords>0x8000000000000000</Keywords>
    <TimeCreated SystemTime=""2023-12-20T09:57:41.0128469Z""/>
    <EventRecordID>5400</EventRecordID>
    <Correlation/>
    <Execution ProcessID=""3400"" ThreadID=""4220""/>
    <Channel>Microsoft-Windows-Sysmon/Operational</Channel>
    <Computer>WinDev2309Eval</Computer>
    <Security UserID=""S-1-5-18""/>
  </System>
  <EventData>
    <Data Name=""RuleName"">-</Data>
    <Data Name=""UtcTime"">2023-12-20 09:57:40.762</Data>
    <Data Name=""ProcessGuid"">{f57bd86a-1d66-6582-df00-000000000d00}</Data>
    <Data Name=""ProcessId"">8844</Data>
    <Data Name=""QueryName"">id5-sync.com</Data>
    <Data Name=""QueryStatus"">0</Data>
    <Data Name=""QueryResults"">::ffff:162.19.138.82;::ffff:162.19.138.116;::ffff:162.19.138.83;::ffff:162.19.138.118;::ffff:141.95.33.120;::ffff:162.19.138.120;::ffff:162.19.138.119;::ffff:141.95.98.65;::ffff:141.95.98.64;::ffff:162.19.138.117;</Data>
    <Data Name=""Image"">C:\Program Files (x86)\Microsoft\Edge\Application\msedge.exe</Data>
    <Data Name=""User"">WINDEV2309EVAL\User</Data>
  </EventData>
</Event>
"
Microsoft-Windows-Sysmon/Operational,,,WinDev2309Eval,,,,,,,,,,22,5399,,,,C:\Program Files (x86)\Microsoft\Edge\Application\msedge.exe,,,0x8000000000000000,4,,,,,0,,,,,,,{f57bd86a-1d66-6582-df00-000000000d00},3400,8844.0,,,analytics.twitter.com,type: 5 ads.twitter.com;type: 5 s.twitter.com;::ffff:104.244.42.131;::ffff:104.244.42.67;::ffff:104.244.42.195;::ffff:104.244.42.3;,0.0,-,,,,,,,,,,,,,2023-12-20T09:57:41.0128055Z,,,,,,,22,,4220,WINDEV2309EVAL\User,S-1-5-18,57:40.8,5.0,"<Event xmlns=""http://schemas.microsoft.com/win/2004/08/events/event"">
  <System>
    <Provider Name=""Microsoft-Windows-Sysmon"" Guid=""{5770385f-c22a-43e0-bf4c-06f5698ffbd9}""/>
    <EventID>22</EventID>
    <Version>5</Version>
    <Level>4</Level>
    <Task>22</Task>
    <Opcode>0</Opcode>
    <Keywords>0x8000000000000000</Keywords>
    <TimeCreated SystemTime=""2023-12-20T09:57:41.0128055Z""/>
    <EventRecordID>5399</EventRecordID>
    <Correlation/>
    <Execution ProcessID=""3400"" ThreadID=""4220""/>
    <Channel>Microsoft-Windows-Sysmon/Operational</Channel>
    <Computer>WinDev2309Eval</Computer>
    <Security UserID=""S-1-5-18""/>
  </System>
  <EventData>
    <Data Name=""RuleName"">-</Data>
    <Data Name=""UtcTime"">2023-12-20 09:57:40.751</Data>
    <Data Name=""ProcessGuid"">{f57bd86a-1d66-6582-df00-000000000d00}</Data>
    <Data Name=""ProcessId"">8844</Data>
    <Data Name=""QueryName"">analytics.twitter.com</Data>
    <Data Name=""QueryStatus"">0</Data>
    <Data Name=""QueryResults"">type: 5 ads.twitter.com;type: 5 s.twitter.com;::ffff:104.244.42.131;::ffff:104.244.42.67;::ffff:104.244.42.195;::ffff:104.244.42.3;</Data>
    <Data Name=""Image"">C:\Program Files (x86)\Microsoft\Edge\Application\msedge.exe</Data>
    <Data Name=""User"">WINDEV2309EVAL\User</Data>
  </EventData>
</Event>
"
Microsoft-Windows-Sysmon/Operational,,,WinDev2309Eval,,,,,,,,,,22,5398,,,,C:\Program Files (x86)\Microsoft\Edge\Application\msedge.exe,,,0x8000000000000000,4,,,,,0,,,,,,,{f57bd86a-1d66-6582-df00-000000000d00},3400,8844.0,,,cdn.jsdelivr.net,type: 5 cdn.jsdelivr.net.cdn.cloudflare.net;::ffff:104.16.86.20;::ffff:104.16.89.20;::ffff:104.16.85.20;::ffff:104.16.87.20;::ffff:104.16.88.20;,0.0,-,,,,,,,,,,,,,2023-12-20T09:57:41.0127736Z,,,,,,,22,,4220,WINDEV2309EVAL\User,S-1-5-18,57:40.7,5.0,"<Event xmlns=""http://schemas.microsoft.com/win/2004/08/events/event"">
  <System>
    <Provider Name=""Microsoft-Windows-Sysmon"" Guid=""{5770385f-c22a-43e0-bf4c-06f5698ffbd9}""/>
    <EventID>22</EventID>
    <Version>5</Version>
    <Level>4</Level>
    <Task>22</Task>
    <Opcode>0</Opcode>
    <Keywords>0x8000000000000000</Keywords>
    <TimeCreated SystemTime=""2023-12-20T09:57:41.0127736Z""/>
    <EventRecordID>5398</EventRecordID>
    <Correlation/>
    <Execution ProcessID=""3400"" ThreadID=""4220""/>
    <Channel>Microsoft-Windows-Sysmon/Operational</Channel>
    <Computer>WinDev2309Eval</Computer>
    <Security UserID=""S-1-5-18""/>
  </System>
  <EventData>
    <Data Name=""RuleName"">-</Data>
    <Data Name=""UtcTime"">2023-12-20 09:57:40.739</Data>
    <Data Name=""ProcessGuid"">{f57bd86a-1d66-6582-df00-000000000d00}</Data>
    <Data Name=""ProcessId"">8844</Data>
    <Data Name=""QueryName"">cdn.jsdelivr.net</Data>
    <Data Name=""QueryStatus"">0</Data>
    <Data Name=""QueryResults"">type: 5 cdn.jsdelivr.net.cdn.cloudflare.net;::ffff:104.16.86.20;::ffff:104.16.89.20;::ffff:104.16.85.20;::ffff:104.16.87.20;::ffff:104.16.88.20;</Data>
    <Data Name=""Image"">C:\Program Files (x86)\Microsoft\Edge\Application\msedge.exe</Data>
    <Data Name=""User"">WINDEV2309EVAL\User</Data>
  </EventData>
</Event>
"
