Channel,CommandLine,Company,Computer,CreationUtcTime,CurrentDirectory,Description,DestinationHostname,DestinationIp,DestinationIsIpv6,DestinationPort,DestinationPortName,Details,EventID,EventRecordID,EventType,FileVersion,Hashes,Image,Initiated,IntegrityLevel,Keywords,Level,LogonGuid,LogonId,Message,NewThreadId,Opcode,OriginalFileName,ParentCommandLine,ParentImage,ParentProcessGuid,ParentProcessId,ParentUser,ProcessGuid,ProcessID,ProcessId,Product,Protocol,QueryName,QueryResults,QueryStatus,RuleName,SourceHostname,SourceImage,SourceIp,SourceIsIpv6,SourcePort,SourcePortName,SourceProcessGuid,SourceProcessId,SourceUser,StartAddress,StartFunction,StartModule,SystemTime,TargetFilename,TargetImage,TargetObject,TargetProcessGuid,TargetProcessId,TargetUser,Task,TerminalSessionId,ThreadID,User,UserID,UtcTime,Version,raw
Microsoft-Windows-Sysmon/Operational,,,WinDev2309Eval,36:34.4,,,,,,,,,11,1217,,,,C:\Windows\Microsoft.NET\Framework64\v4.0.30319\mscorsvw.exe,,,0x8000000000000000,4,,,,,0,,,,,,,{f57bd86a-0cdc-6582-ca04-000000000b00},10484,10132.0,,,,,,DLL,,,,,,,,,,,,,2023-12-19T21:36:34.4339744Z,C:\Windows\assembly\NativeImages_v4.0.30319_64\Temp\2794-0\PresentationCore.dll,,,,,,11,,10592,NT AUTHORITY\SYSTEM,S-1-5-18,36:34.4,2.0,"<Event xmlns=""http://schemas.microsoft.com/win/2004/08/events/event"">
  <System>
    <Provider Name=""Microsoft-Windows-Sysmon"" Guid=""{5770385f-c22a-43e0-bf4c-06f5698ffbd9}""/>
    <EventID>11</EventID>
    <Version>2</Version>
    <Level>4</Level>
    <Task>11</Task>
    <Opcode>0</Opcode>
    <Keywords>0x8000000000000000</Keywords>
    <TimeCreated SystemTime=""2023-12-19T21:36:34.4339744Z""/>
    <EventRecordID>1217</EventRecordID>
    <Correlation/>
    <Execution ProcessID=""10484"" ThreadID=""10592""/>
    <Channel>Microsoft-Windows-Sysmon/Operational</Channel>
    <Computer>WinDev2309Eval</Computer>
    <Security UserID=""S-1-5-18""/>
  </System>
  <EventData>
    <Data Name=""RuleName"">DLL</Data>
    <Data Name=""UtcTime"">2023-12-19 21:36:34.420</Data>
    <Data Name=""ProcessGuid"">{f57bd86a-0cdc-6582-ca04-000000000b00}</Data>
    <Data Name=""ProcessId"">10132</Data>
    <Data Name=""Image"">C:\Windows\Microsoft.NET\Framework64\v4.0.30319\mscorsvw.exe</Data>
    <Data Name=""TargetFilename"">C:\Windows\assembly\NativeImages_v4.0.30319_64\Temp\2794-0\PresentationCore.dll</Data>
    <Data Name=""CreationUtcTime"">2023-12-19 21:36:34.420</Data>
    <Data Name=""User"">NT AUTHORITY\SYSTEM</Data>
  </EventData>
</Event>
"
Microsoft-Windows-Sysmon/Operational,,,WinDev2309Eval,36:27.9,,,,,,,,,11,1216,,,,C:\Windows\Microsoft.NET\Framework64\v4.0.30319\mscorsvw.exe,,,0x8000000000000000,4,,,,,0,,,,,,,{f57bd86a-0cda-6582-c904-000000000b00},10484,7712.0,,,,,,DLL,,,,,,,,,,,,,2023-12-19T21:36:27.9541019Z,C:\Windows\assembly\NativeImages_v4.0.30319_64\Temp\1e20-0\WindowsBase.dll,,,,,,11,,10592,NT AUTHORITY\SYSTEM,S-1-5-18,36:27.9,2.0,"<Event xmlns=""http://schemas.microsoft.com/win/2004/08/events/event"">
  <System>
    <Provider Name=""Microsoft-Windows-Sysmon"" Guid=""{5770385f-c22a-43e0-bf4c-06f5698ffbd9}""/>
    <EventID>11</EventID>
    <Version>2</Version>
    <Level>4</Level>
    <Task>11</Task>
    <Opcode>0</Opcode>
    <Keywords>0x8000000000000000</Keywords>
    <TimeCreated SystemTime=""2023-12-19T21:36:27.9541019Z""/>
    <EventRecordID>1216</EventRecordID>
    <Correlation/>
    <Execution ProcessID=""10484"" ThreadID=""10592""/>
    <Channel>Microsoft-Windows-Sysmon/Operational</Channel>
    <Computer>WinDev2309Eval</Computer>
    <Security UserID=""S-1-5-18""/>
  </System>
  <EventData>
    <Data Name=""RuleName"">DLL</Data>
    <Data Name=""UtcTime"">2023-12-19 21:36:27.948</Data>
    <Data Name=""ProcessGuid"">{f57bd86a-0cda-6582-c904-000000000b00}</Data>
    <Data Name=""ProcessId"">7712</Data>
    <Data Name=""Image"">C:\Windows\Microsoft.NET\Framework64\v4.0.30319\mscorsvw.exe</Data>
    <Data Name=""TargetFilename"">C:\Windows\assembly\NativeImages_v4.0.30319_64\Temp\1e20-0\WindowsBase.dll</Data>
    <Data Name=""CreationUtcTime"">2023-12-19 21:36:27.948</Data>
    <Data Name=""User"">NT AUTHORITY\SYSTEM</Data>
  </EventData>
</Event>
"
Microsoft-Windows-Sysmon/Operational,,,WinDev2309Eval,36:26.0,,,,,,,,,11,1215,,,,C:\Windows\Microsoft.NET\Framework64\v4.0.30319\mscorsvw.exe,,,0x8000000000000000,4,,,,,0,,,,,,,{f57bd86a-0cd9-6582-c604-000000000b00},10484,12756.0,,,,,,DLL,,,,,,,,,,,,,2023-12-19T21:36:25.9811985Z,C:\Windows\assembly\NativeImages_v4.0.30319_64\Temp\31d4-0\Microsoft.VisualBasic.dll,,,,,,11,,10592,NT AUTHORITY\SYSTEM,S-1-5-18,36:26.0,2.0,"<Event xmlns=""http://schemas.microsoft.com/win/2004/08/events/event"">
  <System>
    <Provider Name=""Microsoft-Windows-Sysmon"" Guid=""{5770385f-c22a-43e0-bf4c-06f5698ffbd9}""/>
    <EventID>11</EventID>
    <Version>2</Version>
    <Level>4</Level>
    <Task>11</Task>
    <Opcode>0</Opcode>
    <Keywords>0x8000000000000000</Keywords>
    <TimeCreated SystemTime=""2023-12-19T21:36:25.9811985Z""/>
    <EventRecordID>1215</EventRecordID>
    <Correlation/>
    <Execution ProcessID=""10484"" ThreadID=""10592""/>
    <Channel>Microsoft-Windows-Sysmon/Operational</Channel>
    <Computer>WinDev2309Eval</Computer>
    <Security UserID=""S-1-5-18""/>
  </System>
  <EventData>
    <Data Name=""RuleName"">DLL</Data>
    <Data Name=""UtcTime"">2023-12-19 21:36:25.973</Data>
    <Data Name=""ProcessGuid"">{f57bd86a-0cd9-6582-c604-000000000b00}</Data>
    <Data Name=""ProcessId"">12756</Data>
    <Data Name=""Image"">C:\Windows\Microsoft.NET\Framework64\v4.0.30319\mscorsvw.exe</Data>
    <Data Name=""TargetFilename"">C:\Windows\assembly\NativeImages_v4.0.30319_64\Temp\31d4-0\Microsoft.VisualBasic.dll</Data>
    <Data Name=""CreationUtcTime"">2023-12-19 21:36:25.973</Data>
    <Data Name=""User"">NT AUTHORITY\SYSTEM</Data>
  </EventData>
</Event>
"
Microsoft-Windows-Sysmon/Operational,,,WinDev2309Eval,36:25.0,,,,,,,,,11,1214,,,,C:\Windows\Microsoft.NET\Framework64\v4.0.30319\mscorsvw.exe,,,0x8000000000000000,4,,,,,0,,,,,,,{f57bd86a-0cd8-6582-c404-000000000b00},10484,8548.0,,,,,,DLL,,,,,,,,,,,,,2023-12-19T21:36:24.9802515Z,C:\Windows\assembly\NativeImages_v4.0.30319_64\Temp\2164-0\Microsoft.Security.ApplicationId.PolicyManagement.PolicyModel.dll,,,,,,11,,10592,NT AUTHORITY\SYSTEM,S-1-5-18,36:25.0,2.0,"<Event xmlns=""http://schemas.microsoft.com/win/2004/08/events/event"">
  <System>
    <Provider Name=""Microsoft-Windows-Sysmon"" Guid=""{5770385f-c22a-43e0-bf4c-06f5698ffbd9}""/>
    <EventID>11</EventID>
    <Version>2</Version>
    <Level>4</Level>
    <Task>11</Task>
    <Opcode>0</Opcode>
    <Keywords>0x8000000000000000</Keywords>
    <TimeCreated SystemTime=""2023-12-19T21:36:24.9802515Z""/>
    <EventRecordID>1214</EventRecordID>
    <Correlation/>
    <Execution ProcessID=""10484"" ThreadID=""10592""/>
    <Channel>Microsoft-Windows-Sysmon/Operational</Channel>
    <Computer>WinDev2309Eval</Computer>
    <Security UserID=""S-1-5-18""/>
  </System>
  <EventData>
    <Data Name=""RuleName"">DLL</Data>
    <Data Name=""UtcTime"">2023-12-19 21:36:24.970</Data>
    <Data Name=""ProcessGuid"">{f57bd86a-0cd8-6582-c404-000000000b00}</Data>
    <Data Name=""ProcessId"">8548</Data>
    <Data Name=""Image"">C:\Windows\Microsoft.NET\Framework64\v4.0.30319\mscorsvw.exe</Data>
    <Data Name=""TargetFilename"">C:\Windows\assembly\NativeImages_v4.0.30319_64\Temp\2164-0\Microsoft.Security.ApplicationId.PolicyManagement.PolicyModel.dll</Data>
    <Data Name=""CreationUtcTime"">2023-12-19 21:36:24.970</Data>
    <Data Name=""User"">NT AUTHORITY\SYSTEM</Data>
  </EventData>
</Event>
"
Microsoft-Windows-Sysmon/Operational,,,WinDev2309Eval,36:24.7,,,,,,,,,11,1213,,,,C:\Windows\Microsoft.NET\Framework64\v4.0.30319\mscorsvw.exe,,,0x8000000000000000,4,,,,,0,,,,,,,{f57bd86a-0cd7-6582-c204-000000000b00},10484,6284.0,,,,,,DLL,,,,,,,,,,,,,2023-12-19T21:36:24.7281465Z,C:\Windows\assembly\NativeImages_v4.0.30319_64\Temp\188c-0\Microsoft.GroupPolicy.Reporting.dll,,,,,,11,,10592,NT AUTHORITY\SYSTEM,S-1-5-18,36:24.7,2.0,"<Event xmlns=""http://schemas.microsoft.com/win/2004/08/events/event"">
  <System>
    <Provider Name=""Microsoft-Windows-Sysmon"" Guid=""{5770385f-c22a-43e0-bf4c-06f5698ffbd9}""/>
    <EventID>11</EventID>
    <Version>2</Version>
    <Level>4</Level>
    <Task>11</Task>
    <Opcode>0</Opcode>
    <Keywords>0x8000000000000000</Keywords>
    <TimeCreated SystemTime=""2023-12-19T21:36:24.7281465Z""/>
    <EventRecordID>1213</EventRecordID>
    <Correlation/>
    <Execution ProcessID=""10484"" ThreadID=""10592""/>
    <Channel>Microsoft-Windows-Sysmon/Operational</Channel>
    <Computer>WinDev2309Eval</Computer>
    <Security UserID=""S-1-5-18""/>
  </System>
  <EventData>
    <Data Name=""RuleName"">DLL</Data>
    <Data Name=""UtcTime"">2023-12-19 21:36:24.721</Data>
    <Data Name=""ProcessGuid"">{f57bd86a-0cd7-6582-c204-000000000b00}</Data>
    <Data Name=""ProcessId"">6284</Data>
    <Data Name=""Image"">C:\Windows\Microsoft.NET\Framework64\v4.0.30319\mscorsvw.exe</Data>
    <Data Name=""TargetFilename"">C:\Windows\assembly\NativeImages_v4.0.30319_64\Temp\188c-0\Microsoft.GroupPolicy.Reporting.dll</Data>
    <Data Name=""CreationUtcTime"">2023-12-19 21:36:24.721</Data>
    <Data Name=""User"">NT AUTHORITY\SYSTEM</Data>
  </EventData>
</Event>
"
Microsoft-Windows-Sysmon/Operational,,,WinDev2309Eval,36:23.1,,,,,,,,,11,1212,,,,C:\Windows\Microsoft.NET\Framework64\v4.0.30319\mscorsvw.exe,,,0x8000000000000000,4,,,,,0,,,,,,,{f57bd86a-0cd6-6582-c004-000000000b00},10484,760.0,,,,,,DLL,,,,,,,,,,,,,2023-12-19T21:36:23.1044282Z,C:\Windows\assembly\NativeImages_v4.0.30319_64\Temp\2f8-0\Microsoft.GroupPolicy.AdmTmplEditor.dll,,,,,,11,,10592,NT AUTHORITY\SYSTEM,S-1-5-18,36:23.1,2.0,"<Event xmlns=""http://schemas.microsoft.com/win/2004/08/events/event"">
  <System>
    <Provider Name=""Microsoft-Windows-Sysmon"" Guid=""{5770385f-c22a-43e0-bf4c-06f5698ffbd9}""/>
    <EventID>11</EventID>
    <Version>2</Version>
    <Level>4</Level>
    <Task>11</Task>
    <Opcode>0</Opcode>
    <Keywords>0x8000000000000000</Keywords>
    <TimeCreated SystemTime=""2023-12-19T21:36:23.1044282Z""/>
    <EventRecordID>1212</EventRecordID>
    <Correlation/>
    <Execution ProcessID=""10484"" ThreadID=""10592""/>
    <Channel>Microsoft-Windows-Sysmon/Operational</Channel>
    <Computer>WinDev2309Eval</Computer>
    <Security UserID=""S-1-5-18""/>
  </System>
  <EventData>
    <Data Name=""RuleName"">DLL</Data>
    <Data Name=""UtcTime"">2023-12-19 21:36:23.096</Data>
    <Data Name=""ProcessGuid"">{f57bd86a-0cd6-6582-c004-000000000b00}</Data>
    <Data Name=""ProcessId"">760</Data>
    <Data Name=""Image"">C:\Windows\Microsoft.NET\Framework64\v4.0.30319\mscorsvw.exe</Data>
    <Data Name=""TargetFilename"">C:\Windows\assembly\NativeImages_v4.0.30319_64\Temp\2f8-0\Microsoft.GroupPolicy.AdmTmplEditor.dll</Data>
    <Data Name=""CreationUtcTime"">2023-12-19 21:36:23.096</Data>
    <Data Name=""User"">NT AUTHORITY\SYSTEM</Data>
  </EventData>
</Event>
"
Microsoft-Windows-Sysmon/Operational,,,WinDev2309Eval,36:22.8,,,,,,,,,11,1211,,,,C:\Windows\Microsoft.NET\Framework64\v4.0.30319\mscorsvw.exe,,,0x8000000000000000,4,,,,,0,,,,,,,{f57bd86a-0cd6-6582-be04-000000000b00},10484,5564.0,,,,,,DLL,,,,,,,,,,,,,2023-12-19T21:36:22.8019320Z,C:\Windows\assembly\NativeImages_v4.0.30319_64\Temp\15bc-0\CustomMarshalers.dll,,,,,,11,,10592,NT AUTHORITY\SYSTEM,S-1-5-18,36:22.8,2.0,"<Event xmlns=""http://schemas.microsoft.com/win/2004/08/events/event"">
  <System>
    <Provider Name=""Microsoft-Windows-Sysmon"" Guid=""{5770385f-c22a-43e0-bf4c-06f5698ffbd9}""/>
    <EventID>11</EventID>
    <Version>2</Version>
    <Level>4</Level>
    <Task>11</Task>
    <Opcode>0</Opcode>
    <Keywords>0x8000000000000000</Keywords>
    <TimeCreated SystemTime=""2023-12-19T21:36:22.8019320Z""/>
    <EventRecordID>1211</EventRecordID>
    <Correlation/>
    <Execution ProcessID=""10484"" ThreadID=""10592""/>
    <Channel>Microsoft-Windows-Sysmon/Operational</Channel>
    <Computer>WinDev2309Eval</Computer>
    <Security UserID=""S-1-5-18""/>
  </System>
  <EventData>
    <Data Name=""RuleName"">DLL</Data>
    <Data Name=""UtcTime"">2023-12-19 21:36:22.798</Data>
    <Data Name=""ProcessGuid"">{f57bd86a-0cd6-6582-be04-000000000b00}</Data>
    <Data Name=""ProcessId"">5564</Data>
    <Data Name=""Image"">C:\Windows\Microsoft.NET\Framework64\v4.0.30319\mscorsvw.exe</Data>
    <Data Name=""TargetFilename"">C:\Windows\assembly\NativeImages_v4.0.30319_64\Temp\15bc-0\CustomMarshalers.dll</Data>
    <Data Name=""CreationUtcTime"">2023-12-19 21:36:22.798</Data>
    <Data Name=""User"">NT AUTHORITY\SYSTEM</Data>
  </EventData>
</Event>
"
Microsoft-Windows-Sysmon/Operational,,,WinDev2309Eval,36:22.6,,,,,,,,,11,1210,,,,C:\Windows\Microsoft.NET\Framework64\v4.0.30319\mscorsvw.exe,,,0x8000000000000000,4,,,,,0,,,,,,,{f57bd86a-0cd6-6582-bc04-000000000b00},10484,5884.0,,,,,,DLL,,,,,,,,,,,,,2023-12-19T21:36:22.6368609Z,C:\Windows\assembly\NativeImages_v4.0.30319_64\Temp\16fc-0\System.Threading.Tasks.Extensions.dll,,,,,,11,,10592,NT AUTHORITY\SYSTEM,S-1-5-18,36:22.6,2.0,"<Event xmlns=""http://schemas.microsoft.com/win/2004/08/events/event"">
  <System>
    <Provider Name=""Microsoft-Windows-Sysmon"" Guid=""{5770385f-c22a-43e0-bf4c-06f5698ffbd9}""/>
    <EventID>11</EventID>
    <Version>2</Version>
    <Level>4</Level>
    <Task>11</Task>
    <Opcode>0</Opcode>
    <Keywords>0x8000000000000000</Keywords>
    <TimeCreated SystemTime=""2023-12-19T21:36:22.6368609Z""/>
    <EventRecordID>1210</EventRecordID>
    <Correlation/>
    <Execution ProcessID=""10484"" ThreadID=""10592""/>
    <Channel>Microsoft-Windows-Sysmon/Operational</Channel>
    <Computer>WinDev2309Eval</Computer>
    <Security UserID=""S-1-5-18""/>
  </System>
  <EventData>
    <Data Name=""RuleName"">DLL</Data>
    <Data Name=""UtcTime"">2023-12-19 21:36:22.627</Data>
    <Data Name=""ProcessGuid"">{f57bd86a-0cd6-6582-bc04-000000000b00}</Data>
    <Data Name=""ProcessId"">5884</Data>
    <Data Name=""Image"">C:\Windows\Microsoft.NET\Framework64\v4.0.30319\mscorsvw.exe</Data>
    <Data Name=""TargetFilename"">C:\Windows\assembly\NativeImages_v4.0.30319_64\Temp\16fc-0\System.Threading.Tasks.Extensions.dll</Data>
    <Data Name=""CreationUtcTime"">2023-12-19 21:36:22.627</Data>
    <Data Name=""User"">NT AUTHORITY\SYSTEM</Data>
  </EventData>
</Event>
"
Microsoft-Windows-Sysmon/Operational,,,WinDev2309Eval,36:22.5,,,,,,,,,11,1209,,,,C:\Windows\Microsoft.NET\Framework64\v4.0.30319\mscorsvw.exe,,,0x8000000000000000,4,,,,,0,,,,,,,{f57bd86a-0cd5-6582-ba04-000000000b00},10484,9752.0,,,,,,DLL,,,,,,,,,,,,,2023-12-19T21:36:22.4616595Z,C:\Windows\assembly\NativeImages_v4.0.30319_64\Temp\2618-0\System.Threading.Tasks.Dataflow.dll,,,,,,11,,10592,NT AUTHORITY\SYSTEM,S-1-5-18,36:22.5,2.0,"<Event xmlns=""http://schemas.microsoft.com/win/2004/08/events/event"">
  <System>
    <Provider Name=""Microsoft-Windows-Sysmon"" Guid=""{5770385f-c22a-43e0-bf4c-06f5698ffbd9}""/>
    <EventID>11</EventID>
    <Version>2</Version>
    <Level>4</Level>
    <Task>11</Task>
    <Opcode>0</Opcode>
    <Keywords>0x8000000000000000</Keywords>
    <TimeCreated SystemTime=""2023-12-19T21:36:22.4616595Z""/>
    <EventRecordID>1209</EventRecordID>
    <Correlation/>
    <Execution ProcessID=""10484"" ThreadID=""10592""/>
    <Channel>Microsoft-Windows-Sysmon/Operational</Channel>
    <Computer>WinDev2309Eval</Computer>
    <Security UserID=""S-1-5-18""/>
  </System>
  <EventData>
    <Data Name=""RuleName"">DLL</Data>
    <Data Name=""UtcTime"">2023-12-19 21:36:22.455</Data>
    <Data Name=""ProcessGuid"">{f57bd86a-0cd5-6582-ba04-000000000b00}</Data>
    <Data Name=""ProcessId"">9752</Data>
    <Data Name=""Image"">C:\Windows\Microsoft.NET\Framework64\v4.0.30319\mscorsvw.exe</Data>
    <Data Name=""TargetFilename"">C:\Windows\assembly\NativeImages_v4.0.30319_64\Temp\2618-0\System.Threading.Tasks.Dataflow.dll</Data>
    <Data Name=""CreationUtcTime"">2023-12-19 21:36:22.455</Data>
    <Data Name=""User"">NT AUTHORITY\SYSTEM</Data>
  </EventData>
</Event>
"
Microsoft-Windows-Sysmon/Operational,,,WinDev2309Eval,36:21.7,,,,,,,,,11,1208,,,,C:\Windows\Microsoft.NET\Framework64\v4.0.30319\mscorsvw.exe,,,0x8000000000000000,4,,,,,0,,,,,,,{f57bd86a-0cd3-6582-b804-000000000b00},10484,12468.0,,,,,,DLL,,,,,,,,,,,,,2023-12-19T21:36:21.7218771Z,C:\Windows\assembly\NativeImages_v4.0.30319_64\Temp\30b4-0\System.Text.Json.dll,,,,,,11,,10592,NT AUTHORITY\SYSTEM,S-1-5-18,36:21.7,2.0,"<Event xmlns=""http://schemas.microsoft.com/win/2004/08/events/event"">
  <System>
    <Provider Name=""Microsoft-Windows-Sysmon"" Guid=""{5770385f-c22a-43e0-bf4c-06f5698ffbd9}""/>
    <EventID>11</EventID>
    <Version>2</Version>
    <Level>4</Level>
    <Task>11</Task>
    <Opcode>0</Opcode>
    <Keywords>0x8000000000000000</Keywords>
    <TimeCreated SystemTime=""2023-12-19T21:36:21.7218771Z""/>
    <EventRecordID>1208</EventRecordID>
    <Correlation/>
    <Execution ProcessID=""10484"" ThreadID=""10592""/>
    <Channel>Microsoft-Windows-Sysmon/Operational</Channel>
    <Computer>WinDev2309Eval</Computer>
    <Security UserID=""S-1-5-18""/>
  </System>
  <EventData>
    <Data Name=""RuleName"">DLL</Data>
    <Data Name=""UtcTime"">2023-12-19 21:36:21.719</Data>
    <Data Name=""ProcessGuid"">{f57bd86a-0cd3-6582-b804-000000000b00}</Data>
    <Data Name=""ProcessId"">12468</Data>
    <Data Name=""Image"">C:\Windows\Microsoft.NET\Framework64\v4.0.30319\mscorsvw.exe</Data>
    <Data Name=""TargetFilename"">C:\Windows\assembly\NativeImages_v4.0.30319_64\Temp\30b4-0\System.Text.Json.dll</Data>
    <Data Name=""CreationUtcTime"">2023-12-19 21:36:21.719</Data>
    <Data Name=""User"">NT AUTHORITY\SYSTEM</Data>
  </EventData>
</Event>
"
Microsoft-Windows-Sysmon/Operational,,,WinDev2309Eval,36:19.3,,,,,,,,,11,1207,,,,C:\Windows\Microsoft.NET\Framework64\v4.0.30319\mscorsvw.exe,,,0x8000000000000000,4,,,,,0,,,,,,,{f57bd86a-0cd3-6582-b604-000000000b00},10484,7444.0,,,,,,DLL,,,,,,,,,,,,,2023-12-19T21:36:19.2783349Z,C:\Windows\assembly\NativeImages_v4.0.30319_64\Temp\1d14-0\System.Text.Encodings.Web.dll,,,,,,11,,10592,NT AUTHORITY\SYSTEM,S-1-5-18,36:19.3,2.0,"<Event xmlns=""http://schemas.microsoft.com/win/2004/08/events/event"">
  <System>
    <Provider Name=""Microsoft-Windows-Sysmon"" Guid=""{5770385f-c22a-43e0-bf4c-06f5698ffbd9}""/>
    <EventID>11</EventID>
    <Version>2</Version>
    <Level>4</Level>
    <Task>11</Task>
    <Opcode>0</Opcode>
    <Keywords>0x8000000000000000</Keywords>
    <TimeCreated SystemTime=""2023-12-19T21:36:19.2783349Z""/>
    <EventRecordID>1207</EventRecordID>
    <Correlation/>
    <Execution ProcessID=""10484"" ThreadID=""10592""/>
    <Channel>Microsoft-Windows-Sysmon/Operational</Channel>
    <Computer>WinDev2309Eval</Computer>
    <Security UserID=""S-1-5-18""/>
  </System>
  <EventData>
    <Data Name=""RuleName"">DLL</Data>
    <Data Name=""UtcTime"">2023-12-19 21:36:19.263</Data>
    <Data Name=""ProcessGuid"">{f57bd86a-0cd3-6582-b604-000000000b00}</Data>
    <Data Name=""ProcessId"">7444</Data>
    <Data Name=""Image"">C:\Windows\Microsoft.NET\Framework64\v4.0.30319\mscorsvw.exe</Data>
    <Data Name=""TargetFilename"">C:\Windows\assembly\NativeImages_v4.0.30319_64\Temp\1d14-0\System.Text.Encodings.Web.dll</Data>
    <Data Name=""CreationUtcTime"">2023-12-19 21:36:19.263</Data>
    <Data Name=""User"">NT AUTHORITY\SYSTEM</Data>
  </EventData>
</Event>
"
Microsoft-Windows-Sysmon/Operational,,,WinDev2309Eval,36:19.0,,,,,,,,,11,1206,,,,C:\Windows\Microsoft.NET\Framework64\v4.0.30319\mscorsvw.exe,,,0x8000000000000000,4,,,,,0,,,,,,,{f57bd86a-0cd2-6582-b404-000000000b00},10484,9656.0,,,,,,DLL,,,,,,,,,,,,,2023-12-19T21:36:19.0224570Z,C:\Windows\assembly\NativeImages_v4.0.30319_64\Temp\25b8-0\System.Runtime.CompilerServices.Unsafe.dll,,,,,,11,,10592,NT AUTHORITY\SYSTEM,S-1-5-18,36:19.0,2.0,"<Event xmlns=""http://schemas.microsoft.com/win/2004/08/events/event"">
  <System>
    <Provider Name=""Microsoft-Windows-Sysmon"" Guid=""{5770385f-c22a-43e0-bf4c-06f5698ffbd9}""/>
    <EventID>11</EventID>
    <Version>2</Version>
    <Level>4</Level>
    <Task>11</Task>
    <Opcode>0</Opcode>
    <Keywords>0x8000000000000000</Keywords>
    <TimeCreated SystemTime=""2023-12-19T21:36:19.0224570Z""/>
    <EventRecordID>1206</EventRecordID>
    <Correlation/>
    <Execution ProcessID=""10484"" ThreadID=""10592""/>
    <Channel>Microsoft-Windows-Sysmon/Operational</Channel>
    <Computer>WinDev2309Eval</Computer>
    <Security UserID=""S-1-5-18""/>
  </System>
  <EventData>
    <Data Name=""RuleName"">DLL</Data>
    <Data Name=""UtcTime"">2023-12-19 21:36:19.013</Data>
    <Data Name=""ProcessGuid"">{f57bd86a-0cd2-6582-b404-000000000b00}</Data>
    <Data Name=""ProcessId"">9656</Data>
    <Data Name=""Image"">C:\Windows\Microsoft.NET\Framework64\v4.0.30319\mscorsvw.exe</Data>
    <Data Name=""TargetFilename"">C:\Windows\assembly\NativeImages_v4.0.30319_64\Temp\25b8-0\System.Runtime.CompilerServices.Unsafe.dll</Data>
    <Data Name=""CreationUtcTime"">2023-12-19 21:36:19.013</Data>
    <Data Name=""User"">NT AUTHORITY\SYSTEM</Data>
  </EventData>
</Event>
"
Microsoft-Windows-Sysmon/Operational,,,WinDev2309Eval,36:18.9,,,,,,,,,11,1205,,,,C:\Windows\Microsoft.NET\Framework64\v4.0.30319\mscorsvw.exe,,,0x8000000000000000,4,,,,,0,,,,,,,{f57bd86a-0cd2-6582-b204-000000000b00},10484,6564.0,,,,,,DLL,,,,,,,,,,,,,2023-12-19T21:36:18.8969256Z,C:\Windows\assembly\NativeImages_v4.0.30319_64\Temp\19a4-0\System.Resources.Extensions.dll,,,,,,11,,10592,NT AUTHORITY\SYSTEM,S-1-5-18,36:18.9,2.0,"<Event xmlns=""http://schemas.microsoft.com/win/2004/08/events/event"">
  <System>
    <Provider Name=""Microsoft-Windows-Sysmon"" Guid=""{5770385f-c22a-43e0-bf4c-06f5698ffbd9}""/>
    <EventID>11</EventID>
    <Version>2</Version>
    <Level>4</Level>
    <Task>11</Task>
    <Opcode>0</Opcode>
    <Keywords>0x8000000000000000</Keywords>
    <TimeCreated SystemTime=""2023-12-19T21:36:18.8969256Z""/>
    <EventRecordID>1205</EventRecordID>
    <Correlation/>
    <Execution ProcessID=""10484"" ThreadID=""10592""/>
    <Channel>Microsoft-Windows-Sysmon/Operational</Channel>
    <Computer>WinDev2309Eval</Computer>
    <Security UserID=""S-1-5-18""/>
  </System>
  <EventData>
    <Data Name=""RuleName"">DLL</Data>
    <Data Name=""UtcTime"">2023-12-19 21:36:18.887</Data>
    <Data Name=""ProcessGuid"">{f57bd86a-0cd2-6582-b204-000000000b00}</Data>
    <Data Name=""ProcessId"">6564</Data>
    <Data Name=""Image"">C:\Windows\Microsoft.NET\Framework64\v4.0.30319\mscorsvw.exe</Data>
    <Data Name=""TargetFilename"">C:\Windows\assembly\NativeImages_v4.0.30319_64\Temp\19a4-0\System.Resources.Extensions.dll</Data>
    <Data Name=""CreationUtcTime"">2023-12-19 21:36:18.887</Data>
    <Data Name=""User"">NT AUTHORITY\SYSTEM</Data>
  </EventData>
</Event>
"
Microsoft-Windows-Sysmon/Operational,,,WinDev2309Eval,36:18.6,,,,,,,,,11,1204,,,,C:\Windows\Microsoft.NET\Framework64\v4.0.30319\mscorsvw.exe,,,0x8000000000000000,4,,,,,0,,,,,,,{f57bd86a-0cd1-6582-b004-000000000b00},10484,10192.0,,,,,,DLL,,,,,,,,,,,,,2023-12-19T21:36:18.6452649Z,C:\Windows\assembly\NativeImages_v4.0.30319_64\Temp\27d0-0\System.Reflection.MetadataLoadContext.dll,,,,,,11,,10592,NT AUTHORITY\SYSTEM,S-1-5-18,36:18.6,2.0,"<Event xmlns=""http://schemas.microsoft.com/win/2004/08/events/event"">
  <System>
    <Provider Name=""Microsoft-Windows-Sysmon"" Guid=""{5770385f-c22a-43e0-bf4c-06f5698ffbd9}""/>
    <EventID>11</EventID>
    <Version>2</Version>
    <Level>4</Level>
    <Task>11</Task>
    <Opcode>0</Opcode>
    <Keywords>0x8000000000000000</Keywords>
    <TimeCreated SystemTime=""2023-12-19T21:36:18.6452649Z""/>
    <EventRecordID>1204</EventRecordID>
    <Correlation/>
    <Execution ProcessID=""10484"" ThreadID=""10592""/>
    <Channel>Microsoft-Windows-Sysmon/Operational</Channel>
    <Computer>WinDev2309Eval</Computer>
    <Security UserID=""S-1-5-18""/>
  </System>
  <EventData>
    <Data Name=""RuleName"">DLL</Data>
    <Data Name=""UtcTime"">2023-12-19 21:36:18.637</Data>
    <Data Name=""ProcessGuid"">{f57bd86a-0cd1-6582-b004-000000000b00}</Data>
    <Data Name=""ProcessId"">10192</Data>
    <Data Name=""Image"">C:\Windows\Microsoft.NET\Framework64\v4.0.30319\mscorsvw.exe</Data>
    <Data Name=""TargetFilename"">C:\Windows\assembly\NativeImages_v4.0.30319_64\Temp\27d0-0\System.Reflection.MetadataLoadContext.dll</Data>
    <Data Name=""CreationUtcTime"">2023-12-19 21:36:18.637</Data>
    <Data Name=""User"">NT AUTHORITY\SYSTEM</Data>
  </EventData>
</Event>
"
Microsoft-Windows-Sysmon/Operational,,,WinDev2309Eval,36:17.4,,,,,,,,,11,1203,,,,C:\Windows\Microsoft.NET\Framework64\v4.0.30319\mscorsvw.exe,,,0x8000000000000000,4,,,,,0,,,,,,,{f57bd86a-0cd1-6582-ad04-000000000b00},10484,9808.0,,,,,,DLL,,,,,,,,,,,,,2023-12-19T21:36:17.4088766Z,C:\Windows\assembly\NativeImages_v4.0.30319_64\Temp\2650-0\System.Numerics.Vectors.dll,,,,,,11,,10592,NT AUTHORITY\SYSTEM,S-1-5-18,36:17.4,2.0,"<Event xmlns=""http://schemas.microsoft.com/win/2004/08/events/event"">
  <System>
    <Provider Name=""Microsoft-Windows-Sysmon"" Guid=""{5770385f-c22a-43e0-bf4c-06f5698ffbd9}""/>
    <EventID>11</EventID>
    <Version>2</Version>
    <Level>4</Level>
    <Task>11</Task>
    <Opcode>0</Opcode>
    <Keywords>0x8000000000000000</Keywords>
    <TimeCreated SystemTime=""2023-12-19T21:36:17.4088766Z""/>
    <EventRecordID>1203</EventRecordID>
    <Correlation/>
    <Execution ProcessID=""10484"" ThreadID=""10592""/>
    <Channel>Microsoft-Windows-Sysmon/Operational</Channel>
    <Computer>WinDev2309Eval</Computer>
    <Security UserID=""S-1-5-18""/>
  </System>
  <EventData>
    <Data Name=""RuleName"">DLL</Data>
    <Data Name=""UtcTime"">2023-12-19 21:36:17.401</Data>
    <Data Name=""ProcessGuid"">{f57bd86a-0cd1-6582-ad04-000000000b00}</Data>
    <Data Name=""ProcessId"">9808</Data>
    <Data Name=""Image"">C:\Windows\Microsoft.NET\Framework64\v4.0.30319\mscorsvw.exe</Data>
    <Data Name=""TargetFilename"">C:\Windows\assembly\NativeImages_v4.0.30319_64\Temp\2650-0\System.Numerics.Vectors.dll</Data>
    <Data Name=""CreationUtcTime"">2023-12-19 21:36:17.401</Data>
    <Data Name=""User"">NT AUTHORITY\SYSTEM</Data>
  </EventData>
</Event>
"
Microsoft-Windows-Sysmon/Operational,,,WinDev2309Eval,36:17.0,,,,,,,,,11,1202,,,,C:\Windows\Microsoft.NET\Framework64\v4.0.30319\mscorsvw.exe,,,0x8000000000000000,4,,,,,0,,,,,,,{f57bd86a-0cd0-6582-a904-000000000b00},10484,11000.0,,,,,,DLL,,,,,,,,,,,,,2023-12-19T21:36:17.0159364Z,C:\Windows\assembly\NativeImages_v4.0.30319_64\Temp\2af8-0\System.Buffers.dll,,,,,,11,,10592,NT AUTHORITY\SYSTEM,S-1-5-18,36:17.0,2.0,"<Event xmlns=""http://schemas.microsoft.com/win/2004/08/events/event"">
  <System>
    <Provider Name=""Microsoft-Windows-Sysmon"" Guid=""{5770385f-c22a-43e0-bf4c-06f5698ffbd9}""/>
    <EventID>11</EventID>
    <Version>2</Version>
    <Level>4</Level>
    <Task>11</Task>
    <Opcode>0</Opcode>
    <Keywords>0x8000000000000000</Keywords>
    <TimeCreated SystemTime=""2023-12-19T21:36:17.0159364Z""/>
    <EventRecordID>1202</EventRecordID>
    <Correlation/>
    <Execution ProcessID=""10484"" ThreadID=""10592""/>
    <Channel>Microsoft-Windows-Sysmon/Operational</Channel>
    <Computer>WinDev2309Eval</Computer>
    <Security UserID=""S-1-5-18""/>
  </System>
  <EventData>
    <Data Name=""RuleName"">DLL</Data>
    <Data Name=""UtcTime"">2023-12-19 21:36:17.010</Data>
    <Data Name=""ProcessGuid"">{f57bd86a-0cd0-6582-a904-000000000b00}</Data>
    <Data Name=""ProcessId"">11000</Data>
    <Data Name=""Image"">C:\Windows\Microsoft.NET\Framework64\v4.0.30319\mscorsvw.exe</Data>
    <Data Name=""TargetFilename"">C:\Windows\assembly\NativeImages_v4.0.30319_64\Temp\2af8-0\System.Buffers.dll</Data>
    <Data Name=""CreationUtcTime"">2023-12-19 21:36:17.010</Data>
    <Data Name=""User"">NT AUTHORITY\SYSTEM</Data>
  </EventData>
</Event>
"
Microsoft-Windows-Sysmon/Operational,,,WinDev2309Eval,36:16.8,,,,,,,,,11,1201,,,,C:\Windows\Microsoft.NET\Framework64\v4.0.30319\mscorsvw.exe,,,0x8000000000000000,4,,,,,0,,,,,,,{f57bd86a-0cd0-6582-a704-000000000b00},10484,4072.0,,,,,,EXE,,,,,,,,,,,,,2023-12-19T21:36:16.8392234Z,C:\Windows\assembly\NativeImages_v4.0.30319_64\Temp\fe8-0\VBCSCompiler.exe,,,,,,11,,10592,NT AUTHORITY\SYSTEM,S-1-5-18,36:16.8,2.0,"<Event xmlns=""http://schemas.microsoft.com/win/2004/08/events/event"">
  <System>
    <Provider Name=""Microsoft-Windows-Sysmon"" Guid=""{5770385f-c22a-43e0-bf4c-06f5698ffbd9}""/>
    <EventID>11</EventID>
    <Version>2</Version>
    <Level>4</Level>
    <Task>11</Task>
    <Opcode>0</Opcode>
    <Keywords>0x8000000000000000</Keywords>
    <TimeCreated SystemTime=""2023-12-19T21:36:16.8392234Z""/>
    <EventRecordID>1201</EventRecordID>
    <Correlation/>
    <Execution ProcessID=""10484"" ThreadID=""10592""/>
    <Channel>Microsoft-Windows-Sysmon/Operational</Channel>
    <Computer>WinDev2309Eval</Computer>
    <Security UserID=""S-1-5-18""/>
  </System>
  <EventData>
    <Data Name=""RuleName"">EXE</Data>
    <Data Name=""UtcTime"">2023-12-19 21:36:16.838</Data>
    <Data Name=""ProcessGuid"">{f57bd86a-0cd0-6582-a704-000000000b00}</Data>
    <Data Name=""ProcessId"">4072</Data>
    <Data Name=""Image"">C:\Windows\Microsoft.NET\Framework64\v4.0.30319\mscorsvw.exe</Data>
    <Data Name=""TargetFilename"">C:\Windows\assembly\NativeImages_v4.0.30319_64\Temp\fe8-0\VBCSCompiler.exe</Data>
    <Data Name=""CreationUtcTime"">2023-12-19 21:36:16.838</Data>
    <Data Name=""User"">NT AUTHORITY\SYSTEM</Data>
  </EventData>
</Event>
"
Microsoft-Windows-Sysmon/Operational,,,WinDev2309Eval,36:15.9,,,,,,,,,11,1200,,,,C:\Windows\Microsoft.NET\Framework64\v4.0.30319\mscorsvw.exe,,,0x8000000000000000,4,,,,,0,,,,,,,{f57bd86a-0ccf-6582-a204-000000000b00},10484,4796.0,,,,,,DLL,,,,,,,,,,,,,2023-12-19T21:36:15.9073488Z,C:\Windows\assembly\NativeImages_v4.0.30319_64\Temp\12bc-0\Microsoft.IO.Redist.dll,,,,,,11,,10592,NT AUTHORITY\SYSTEM,S-1-5-18,36:15.9,2.0,"<Event xmlns=""http://schemas.microsoft.com/win/2004/08/events/event"">
  <System>
    <Provider Name=""Microsoft-Windows-Sysmon"" Guid=""{5770385f-c22a-43e0-bf4c-06f5698ffbd9}""/>
    <EventID>11</EventID>
    <Version>2</Version>
    <Level>4</Level>
    <Task>11</Task>
    <Opcode>0</Opcode>
    <Keywords>0x8000000000000000</Keywords>
    <TimeCreated SystemTime=""2023-12-19T21:36:15.9073488Z""/>
    <EventRecordID>1200</EventRecordID>
    <Correlation/>
    <Execution ProcessID=""10484"" ThreadID=""10592""/>
    <Channel>Microsoft-Windows-Sysmon/Operational</Channel>
    <Computer>WinDev2309Eval</Computer>
    <Security UserID=""S-1-5-18""/>
  </System>
  <EventData>
    <Data Name=""RuleName"">DLL</Data>
    <Data Name=""UtcTime"">2023-12-19 21:36:15.898</Data>
    <Data Name=""ProcessGuid"">{f57bd86a-0ccf-6582-a204-000000000b00}</Data>
    <Data Name=""ProcessId"">4796</Data>
    <Data Name=""Image"">C:\Windows\Microsoft.NET\Framework64\v4.0.30319\mscorsvw.exe</Data>
    <Data Name=""TargetFilename"">C:\Windows\assembly\NativeImages_v4.0.30319_64\Temp\12bc-0\Microsoft.IO.Redist.dll</Data>
    <Data Name=""CreationUtcTime"">2023-12-19 21:36:15.898</Data>
    <Data Name=""User"">NT AUTHORITY\SYSTEM</Data>
  </EventData>
</Event>
"
Microsoft-Windows-Sysmon/Operational,,,WinDev2309Eval,36:15.4,,,,,,,,,11,1199,,,,C:\Windows\Microsoft.NET\Framework64\v4.0.30319\mscorsvw.exe,,,0x8000000000000000,4,,,,,0,,,,,,,{f57bd86a-0cce-6582-9f04-000000000b00},10484,1292.0,,,,,,DLL,,,,,,,,,,,,,2023-12-19T21:36:15.3884147Z,C:\Windows\assembly\NativeImages_v4.0.30319_64\Temp\50c-0\Microsoft.Build.Utilities.Core.dll,,,,,,11,,10592,NT AUTHORITY\SYSTEM,S-1-5-18,36:15.4,2.0,"<Event xmlns=""http://schemas.microsoft.com/win/2004/08/events/event"">
  <System>
    <Provider Name=""Microsoft-Windows-Sysmon"" Guid=""{5770385f-c22a-43e0-bf4c-06f5698ffbd9}""/>
    <EventID>11</EventID>
    <Version>2</Version>
    <Level>4</Level>
    <Task>11</Task>
    <Opcode>0</Opcode>
    <Keywords>0x8000000000000000</Keywords>
    <TimeCreated SystemTime=""2023-12-19T21:36:15.3884147Z""/>
    <EventRecordID>1199</EventRecordID>
    <Correlation/>
    <Execution ProcessID=""10484"" ThreadID=""10592""/>
    <Channel>Microsoft-Windows-Sysmon/Operational</Channel>
    <Computer>WinDev2309Eval</Computer>
    <Security UserID=""S-1-5-18""/>
  </System>
  <EventData>
    <Data Name=""RuleName"">DLL</Data>
    <Data Name=""UtcTime"">2023-12-19 21:36:15.382</Data>
    <Data Name=""ProcessGuid"">{f57bd86a-0cce-6582-9f04-000000000b00}</Data>
    <Data Name=""ProcessId"">1292</Data>
    <Data Name=""Image"">C:\Windows\Microsoft.NET\Framework64\v4.0.30319\mscorsvw.exe</Data>
    <Data Name=""TargetFilename"">C:\Windows\assembly\NativeImages_v4.0.30319_64\Temp\50c-0\Microsoft.Build.Utilities.Core.dll</Data>
    <Data Name=""CreationUtcTime"">2023-12-19 21:36:15.382</Data>
    <Data Name=""User"">NT AUTHORITY\SYSTEM</Data>
  </EventData>
</Event>
"
Microsoft-Windows-Sysmon/Operational,,,WinDev2309Eval,36:14.3,,,,,,,,,11,1198,,,,C:\Windows\Microsoft.NET\Framework64\v4.0.30319\mscorsvw.exe,,,0x8000000000000000,4,,,,,0,,,,,,,{f57bd86a-0ccc-6582-9c04-000000000b00},10484,8276.0,,,,,,DLL,,,,,,,,,,,,,2023-12-19T21:36:14.2918378Z,C:\Windows\assembly\NativeImages_v4.0.30319_64\Temp\2054-0\Microsoft.Build.Tasks.Core.dll,,,,,,11,,10592,NT AUTHORITY\SYSTEM,S-1-5-18,36:14.3,2.0,"<Event xmlns=""http://schemas.microsoft.com/win/2004/08/events/event"">
  <System>
    <Provider Name=""Microsoft-Windows-Sysmon"" Guid=""{5770385f-c22a-43e0-bf4c-06f5698ffbd9}""/>
    <EventID>11</EventID>
    <Version>2</Version>
    <Level>4</Level>
    <Task>11</Task>
    <Opcode>0</Opcode>
    <Keywords>0x8000000000000000</Keywords>
    <TimeCreated SystemTime=""2023-12-19T21:36:14.2918378Z""/>
    <EventRecordID>1198</EventRecordID>
    <Correlation/>
    <Execution ProcessID=""10484"" ThreadID=""10592""/>
    <Channel>Microsoft-Windows-Sysmon/Operational</Channel>
    <Computer>WinDev2309Eval</Computer>
    <Security UserID=""S-1-5-18""/>
  </System>
  <EventData>
    <Data Name=""RuleName"">DLL</Data>
    <Data Name=""UtcTime"">2023-12-19 21:36:14.284</Data>
    <Data Name=""ProcessGuid"">{f57bd86a-0ccc-6582-9c04-000000000b00}</Data>
    <Data Name=""ProcessId"">8276</Data>
    <Data Name=""Image"">C:\Windows\Microsoft.NET\Framework64\v4.0.30319\mscorsvw.exe</Data>
    <Data Name=""TargetFilename"">C:\Windows\assembly\NativeImages_v4.0.30319_64\Temp\2054-0\Microsoft.Build.Tasks.Core.dll</Data>
    <Data Name=""CreationUtcTime"">2023-12-19 21:36:14.284</Data>
    <Data Name=""User"">NT AUTHORITY\SYSTEM</Data>
  </EventData>
</Event>
"
Microsoft-Windows-Sysmon/Operational,,,WinDev2309Eval,36:11.8,,,,,,,,,11,1197,,,,C:\Windows\Microsoft.NET\Framework64\v4.0.30319\mscorsvw.exe,,,0x8000000000000000,4,,,,,0,,,,,,,{f57bd86a-0cc5-6582-9a04-000000000b00},10484,1008.0,,,,,,DLL,,,,,,,,,,,,,2023-12-19T21:36:11.8589364Z,C:\Windows\assembly\NativeImages_v4.0.30319_64\Temp\3f0-0\Microsoft.Build.dll,,,,,,11,,10592,NT AUTHORITY\SYSTEM,S-1-5-18,36:11.8,2.0,"<Event xmlns=""http://schemas.microsoft.com/win/2004/08/events/event"">
  <System>
    <Provider Name=""Microsoft-Windows-Sysmon"" Guid=""{5770385f-c22a-43e0-bf4c-06f5698ffbd9}""/>
    <EventID>11</EventID>
    <Version>2</Version>
    <Level>4</Level>
    <Task>11</Task>
    <Opcode>0</Opcode>
    <Keywords>0x8000000000000000</Keywords>
    <TimeCreated SystemTime=""2023-12-19T21:36:11.8589364Z""/>
    <EventRecordID>1197</EventRecordID>
    <Correlation/>
    <Execution ProcessID=""10484"" ThreadID=""10592""/>
    <Channel>Microsoft-Windows-Sysmon/Operational</Channel>
    <Computer>WinDev2309Eval</Computer>
    <Security UserID=""S-1-5-18""/>
  </System>
  <EventData>
    <Data Name=""RuleName"">DLL</Data>
    <Data Name=""UtcTime"">2023-12-19 21:36:11.845</Data>
    <Data Name=""ProcessGuid"">{f57bd86a-0cc5-6582-9a04-000000000b00}</Data>
    <Data Name=""ProcessId"">1008</Data>
    <Data Name=""Image"">C:\Windows\Microsoft.NET\Framework64\v4.0.30319\mscorsvw.exe</Data>
    <Data Name=""TargetFilename"">C:\Windows\assembly\NativeImages_v4.0.30319_64\Temp\3f0-0\Microsoft.Build.dll</Data>
    <Data Name=""CreationUtcTime"">2023-12-19 21:36:11.845</Data>
    <Data Name=""User"">NT AUTHORITY\SYSTEM</Data>
  </EventData>
</Event>
"
Microsoft-Windows-Sysmon/Operational,,,WinDev2309Eval,36:05.4,,,,,,,,,11,1196,,,,C:\Windows\Microsoft.NET\Framework64\v4.0.30319\mscorsvw.exe,,,0x8000000000000000,4,,,,,0,,,,,,,{f57bd86a-0cbf-6582-9804-000000000b00},10484,1600.0,,,,,,DLL,,,,,,,,,,,,,2023-12-19T21:36:05.4049749Z,C:\Windows\assembly\NativeImages_v4.0.30319_64\Temp\640-0\Microsoft.Build.dll,,,,,,11,,10592,NT AUTHORITY\SYSTEM,S-1-5-18,36:05.4,2.0,"<Event xmlns=""http://schemas.microsoft.com/win/2004/08/events/event"">
  <System>
    <Provider Name=""Microsoft-Windows-Sysmon"" Guid=""{5770385f-c22a-43e0-bf4c-06f5698ffbd9}""/>
    <EventID>11</EventID>
    <Version>2</Version>
    <Level>4</Level>
    <Task>11</Task>
    <Opcode>0</Opcode>
    <Keywords>0x8000000000000000</Keywords>
    <TimeCreated SystemTime=""2023-12-19T21:36:05.4049749Z""/>
    <EventRecordID>1196</EventRecordID>
    <Correlation/>
    <Execution ProcessID=""10484"" ThreadID=""10592""/>
    <Channel>Microsoft-Windows-Sysmon/Operational</Channel>
    <Computer>WinDev2309Eval</Computer>
    <Security UserID=""S-1-5-18""/>
  </System>
  <EventData>
    <Data Name=""RuleName"">DLL</Data>
    <Data Name=""UtcTime"">2023-12-19 21:36:05.403</Data>
    <Data Name=""ProcessGuid"">{f57bd86a-0cbf-6582-9804-000000000b00}</Data>
    <Data Name=""ProcessId"">1600</Data>
    <Data Name=""Image"">C:\Windows\Microsoft.NET\Framework64\v4.0.30319\mscorsvw.exe</Data>
    <Data Name=""TargetFilename"">C:\Windows\assembly\NativeImages_v4.0.30319_64\Temp\640-0\Microsoft.Build.dll</Data>
    <Data Name=""CreationUtcTime"">2023-12-19 21:36:05.403</Data>
    <Data Name=""User"">NT AUTHORITY\SYSTEM</Data>
  </EventData>
</Event>
"
