Channel,CommandLine,Company,Computer,CreationUtcTime,CurrentDirectory,Description,DestinationHostname,DestinationIp,DestinationIsIpv6,DestinationPort,DestinationPortName,Details,EventID,EventRecordID,EventType,FileVersion,Hashes,Image,Initiated,IntegrityLevel,Keywords,Level,LogonGuid,LogonId,Message,NewThreadId,Opcode,OriginalFileName,ParentCommandLine,ParentImage,ParentProcessGuid,ParentProcessId,ParentUser,ProcessGuid,ProcessID,ProcessId,Product,Protocol,QueryName,QueryResults,QueryStatus,RuleName,SourceHostname,SourceImage,SourceIp,SourceIsIpv6,SourcePort,SourcePortName,SourceProcessGuid,SourceProcessId,SourceUser,StartAddress,StartFunction,StartModule,SystemTime,TargetFilename,TargetImage,TargetObject,TargetProcessGuid,TargetProcessId,TargetUser,Task,TerminalSessionId,ThreadID,User,UserID,UtcTime,Version,raw
Microsoft-Windows-Sysmon/Operational,,,WinDev2309Eval,12:51.8,,,,,,,,,11,5639,,,,C:\Windows\system32\svchost.exe,,,0x8000000000000000,4,,,,,0,,,,,,,{f57bd86a-bb60-6582-5203-000000000d00},3400,8268.0,,,,,,DLL,,,,,,,,,,,,,2023-12-20T10:12:51.7907901Z,C:\Program Files\WindowsApps\RVAppStudios.BubblePop_1.4.0.0_x86__f5kf90dqd2yjg\System.Reflection.Emit.ILGeneration.dll,,,,,,11,,4208,NT AUTHORITY\SYSTEM,S-1-5-18,12:51.8,2.0,"<Event xmlns=""http://schemas.microsoft.com/win/2004/08/events/event"">
  <System>
    <Provider Name=""Microsoft-Windows-Sysmon"" Guid=""{5770385f-c22a-43e0-bf4c-06f5698ffbd9}""/>
    <EventID>11</EventID>
    <Version>2</Version>
    <Level>4</Level>
    <Task>11</Task>
    <Opcode>0</Opcode>
    <Keywords>0x8000000000000000</Keywords>
    <TimeCreated SystemTime=""2023-12-20T10:12:51.7907901Z""/>
    <EventRecordID>5639</EventRecordID>
    <Correlation/>
    <Execution ProcessID=""3400"" ThreadID=""4208""/>
    <Channel>Microsoft-Windows-Sysmon/Operational</Channel>
    <Computer>WinDev2309Eval</Computer>
    <Security UserID=""S-1-5-18""/>
  </System>
  <EventData>
    <Data Name=""RuleName"">DLL</Data>
    <Data Name=""UtcTime"">2023-12-20 10:12:51.784</Data>
    <Data Name=""ProcessGuid"">{f57bd86a-bb60-6582-5203-000000000d00}</Data>
    <Data Name=""ProcessId"">8268</Data>
    <Data Name=""Image"">C:\Windows\system32\svchost.exe</Data>
    <Data Name=""TargetFilename"">C:\Program Files\WindowsApps\RVAppStudios.BubblePop_1.4.0.0_x86__f5kf90dqd2yjg\System.Reflection.Emit.ILGeneration.dll</Data>
    <Data Name=""CreationUtcTime"">2023-12-20 10:12:51.784</Data>
    <Data Name=""User"">NT AUTHORITY\SYSTEM</Data>
  </EventData>
</Event>
"
Microsoft-Windows-Sysmon/Operational,,,WinDev2309Eval,12:51.8,,,,,,,,,11,5638,,,,C:\Windows\system32\svchost.exe,,,0x8000000000000000,4,,,,,0,,,,,,,{f57bd86a-bb60-6582-5203-000000000d00},3400,8268.0,,,,,,DLL,,,,,,,,,,,,,2023-12-20T10:12:51.7905019Z,C:\Program Files\WindowsApps\RVAppStudios.BubblePop_1.4.0.0_x86__f5kf90dqd2yjg\System.Reflection.Emit.dll,,,,,,11,,4208,NT AUTHORITY\SYSTEM,S-1-5-18,12:51.8,2.0,"<Event xmlns=""http://schemas.microsoft.com/win/2004/08/events/event"">
  <System>
    <Provider Name=""Microsoft-Windows-Sysmon"" Guid=""{5770385f-c22a-43e0-bf4c-06f5698ffbd9}""/>
    <EventID>11</EventID>
    <Version>2</Version>
    <Level>4</Level>
    <Task>11</Task>
    <Opcode>0</Opcode>
    <Keywords>0x8000000000000000</Keywords>
    <TimeCreated SystemTime=""2023-12-20T10:12:51.7905019Z""/>
    <EventRecordID>5638</EventRecordID>
    <Correlation/>
    <Execution ProcessID=""3400"" ThreadID=""4208""/>
    <Channel>Microsoft-Windows-Sysmon/Operational</Channel>
    <Computer>WinDev2309Eval</Computer>
    <Security UserID=""S-1-5-18""/>
  </System>
  <EventData>
    <Data Name=""RuleName"">DLL</Data>
    <Data Name=""UtcTime"">2023-12-20 10:12:51.784</Data>
    <Data Name=""ProcessGuid"">{f57bd86a-bb60-6582-5203-000000000d00}</Data>
    <Data Name=""ProcessId"">8268</Data>
    <Data Name=""Image"">C:\Windows\system32\svchost.exe</Data>
    <Data Name=""TargetFilename"">C:\Program Files\WindowsApps\RVAppStudios.BubblePop_1.4.0.0_x86__f5kf90dqd2yjg\System.Reflection.Emit.dll</Data>
    <Data Name=""CreationUtcTime"">2023-12-20 10:12:51.784</Data>
    <Data Name=""User"">NT AUTHORITY\SYSTEM</Data>
  </EventData>
</Event>
"
Microsoft-Windows-Sysmon/Operational,,,WinDev2309Eval,12:51.8,,,,,,,,,11,5637,,,,C:\Windows\system32\svchost.exe,,,0x8000000000000000,4,,,,,0,,,,,,,{f57bd86a-bb60-6582-5203-000000000d00},3400,8268.0,,,,,,DLL,,,,,,,,,,,,,2023-12-20T10:12:51.7902465Z,C:\Program Files\WindowsApps\RVAppStudios.BubblePop_1.4.0.0_x86__f5kf90dqd2yjg\System.Reflection.dll,,,,,,11,,4208,NT AUTHORITY\SYSTEM,S-1-5-18,12:51.8,2.0,"<Event xmlns=""http://schemas.microsoft.com/win/2004/08/events/event"">
  <System>
    <Provider Name=""Microsoft-Windows-Sysmon"" Guid=""{5770385f-c22a-43e0-bf4c-06f5698ffbd9}""/>
    <EventID>11</EventID>
    <Version>2</Version>
    <Level>4</Level>
    <Task>11</Task>
    <Opcode>0</Opcode>
    <Keywords>0x8000000000000000</Keywords>
    <TimeCreated SystemTime=""2023-12-20T10:12:51.7902465Z""/>
    <EventRecordID>5637</EventRecordID>
    <Correlation/>
    <Execution ProcessID=""3400"" ThreadID=""4208""/>
    <Channel>Microsoft-Windows-Sysmon/Operational</Channel>
    <Computer>WinDev2309Eval</Computer>
    <Security UserID=""S-1-5-18""/>
  </System>
  <EventData>
    <Data Name=""RuleName"">DLL</Data>
    <Data Name=""UtcTime"">2023-12-20 10:12:51.784</Data>
    <Data Name=""ProcessGuid"">{f57bd86a-bb60-6582-5203-000000000d00}</Data>
    <Data Name=""ProcessId"">8268</Data>
    <Data Name=""Image"">C:\Windows\system32\svchost.exe</Data>
    <Data Name=""TargetFilename"">C:\Program Files\WindowsApps\RVAppStudios.BubblePop_1.4.0.0_x86__f5kf90dqd2yjg\System.Reflection.dll</Data>
    <Data Name=""CreationUtcTime"">2023-12-20 10:12:51.784</Data>
    <Data Name=""User"">NT AUTHORITY\SYSTEM</Data>
  </EventData>
</Event>
"
Microsoft-Windows-Sysmon/Operational,,,WinDev2309Eval,12:51.8,,,,,,,,,11,5636,,,,C:\Windows\system32\svchost.exe,,,0x8000000000000000,4,,,,,0,,,,,,,{f57bd86a-bb60-6582-5203-000000000d00},3400,8268.0,,,,,,DLL,,,,,,,,,,,,,2023-12-20T10:12:51.7896702Z,C:\Program Files\WindowsApps\RVAppStudios.BubblePop_1.4.0.0_x86__f5kf90dqd2yjg\System.Reflection.DispatchProxy.dll,,,,,,11,,4208,NT AUTHORITY\SYSTEM,S-1-5-18,12:51.8,2.0,"<Event xmlns=""http://schemas.microsoft.com/win/2004/08/events/event"">
  <System>
    <Provider Name=""Microsoft-Windows-Sysmon"" Guid=""{5770385f-c22a-43e0-bf4c-06f5698ffbd9}""/>
    <EventID>11</EventID>
    <Version>2</Version>
    <Level>4</Level>
    <Task>11</Task>
    <Opcode>0</Opcode>
    <Keywords>0x8000000000000000</Keywords>
    <TimeCreated SystemTime=""2023-12-20T10:12:51.7896702Z""/>
    <EventRecordID>5636</EventRecordID>
    <Correlation/>
    <Execution ProcessID=""3400"" ThreadID=""4208""/>
    <Channel>Microsoft-Windows-Sysmon/Operational</Channel>
    <Computer>WinDev2309Eval</Computer>
    <Security UserID=""S-1-5-18""/>
  </System>
  <EventData>
    <Data Name=""RuleName"">DLL</Data>
    <Data Name=""UtcTime"">2023-12-20 10:12:51.784</Data>
    <Data Name=""ProcessGuid"">{f57bd86a-bb60-6582-5203-000000000d00}</Data>
    <Data Name=""ProcessId"">8268</Data>
    <Data Name=""Image"">C:\Windows\system32\svchost.exe</Data>
    <Data Name=""TargetFilename"">C:\Program Files\WindowsApps\RVAppStudios.BubblePop_1.4.0.0_x86__f5kf90dqd2yjg\System.Reflection.DispatchProxy.dll</Data>
    <Data Name=""CreationUtcTime"">2023-12-20 10:12:51.784</Data>
    <Data Name=""User"">NT AUTHORITY\SYSTEM</Data>
  </EventData>
</Event>
"
Microsoft-Windows-Sysmon/Operational,,,WinDev2309Eval,12:51.8,,,,,,,,,11,5635,,,,C:\Windows\system32\svchost.exe,,,0x8000000000000000,4,,,,,0,,,,,,,{f57bd86a-bb60-6582-5203-000000000d00},3400,8268.0,,,,,,DLL,,,,,,,,,,,,,2023-12-20T10:12:51.7893849Z,C:\Program Files\WindowsApps\RVAppStudios.BubblePop_1.4.0.0_x86__f5kf90dqd2yjg\System.Reflection.Context.dll,,,,,,11,,4208,NT AUTHORITY\SYSTEM,S-1-5-18,12:51.8,2.0,"<Event xmlns=""http://schemas.microsoft.com/win/2004/08/events/event"">
  <System>
    <Provider Name=""Microsoft-Windows-Sysmon"" Guid=""{5770385f-c22a-43e0-bf4c-06f5698ffbd9}""/>
    <EventID>11</EventID>
    <Version>2</Version>
    <Level>4</Level>
    <Task>11</Task>
    <Opcode>0</Opcode>
    <Keywords>0x8000000000000000</Keywords>
    <TimeCreated SystemTime=""2023-12-20T10:12:51.7893849Z""/>
    <EventRecordID>5635</EventRecordID>
    <Correlation/>
    <Execution ProcessID=""3400"" ThreadID=""4208""/>
    <Channel>Microsoft-Windows-Sysmon/Operational</Channel>
    <Computer>WinDev2309Eval</Computer>
    <Security UserID=""S-1-5-18""/>
  </System>
  <EventData>
    <Data Name=""RuleName"">DLL</Data>
    <Data Name=""UtcTime"">2023-12-20 10:12:51.784</Data>
    <Data Name=""ProcessGuid"">{f57bd86a-bb60-6582-5203-000000000d00}</Data>
    <Data Name=""ProcessId"">8268</Data>
    <Data Name=""Image"">C:\Windows\system32\svchost.exe</Data>
    <Data Name=""TargetFilename"">C:\Program Files\WindowsApps\RVAppStudios.BubblePop_1.4.0.0_x86__f5kf90dqd2yjg\System.Reflection.Context.dll</Data>
    <Data Name=""CreationUtcTime"">2023-12-20 10:12:51.784</Data>
    <Data Name=""User"">NT AUTHORITY\SYSTEM</Data>
  </EventData>
</Event>
"
Microsoft-Windows-Sysmon/Operational,,,WinDev2309Eval,12:51.8,,,,,,,,,11,5634,,,,C:\Windows\system32\svchost.exe,,,0x8000000000000000,4,,,,,0,,,,,,,{f57bd86a-bb60-6582-5203-000000000d00},3400,8268.0,,,,,,DLL,,,,,,,,,,,,,2023-12-20T10:12:51.7891199Z,C:\Program Files\WindowsApps\RVAppStudios.BubblePop_1.4.0.0_x86__f5kf90dqd2yjg\System.Private.Uri.dll,,,,,,11,,4208,NT AUTHORITY\SYSTEM,S-1-5-18,12:51.8,2.0,"<Event xmlns=""http://schemas.microsoft.com/win/2004/08/events/event"">
  <System>
    <Provider Name=""Microsoft-Windows-Sysmon"" Guid=""{5770385f-c22a-43e0-bf4c-06f5698ffbd9}""/>
    <EventID>11</EventID>
    <Version>2</Version>
    <Level>4</Level>
    <Task>11</Task>
    <Opcode>0</Opcode>
    <Keywords>0x8000000000000000</Keywords>
    <TimeCreated SystemTime=""2023-12-20T10:12:51.7891199Z""/>
    <EventRecordID>5634</EventRecordID>
    <Correlation/>
    <Execution ProcessID=""3400"" ThreadID=""4208""/>
    <Channel>Microsoft-Windows-Sysmon/Operational</Channel>
    <Computer>WinDev2309Eval</Computer>
    <Security UserID=""S-1-5-18""/>
  </System>
  <EventData>
    <Data Name=""RuleName"">DLL</Data>
    <Data Name=""UtcTime"">2023-12-20 10:12:51.784</Data>
    <Data Name=""ProcessGuid"">{f57bd86a-bb60-6582-5203-000000000d00}</Data>
    <Data Name=""ProcessId"">8268</Data>
    <Data Name=""Image"">C:\Windows\system32\svchost.exe</Data>
    <Data Name=""TargetFilename"">C:\Program Files\WindowsApps\RVAppStudios.BubblePop_1.4.0.0_x86__f5kf90dqd2yjg\System.Private.Uri.dll</Data>
    <Data Name=""CreationUtcTime"">2023-12-20 10:12:51.784</Data>
    <Data Name=""User"">NT AUTHORITY\SYSTEM</Data>
  </EventData>
</Event>
"
Microsoft-Windows-Sysmon/Operational,,,WinDev2309Eval,12:51.8,,,,,,,,,11,5633,,,,C:\Windows\system32\svchost.exe,,,0x8000000000000000,4,,,,,0,,,,,,,{f57bd86a-bb60-6582-5203-000000000d00},3400,8268.0,,,,,,DLL,,,,,,,,,,,,,2023-12-20T10:12:51.7888571Z,C:\Program Files\WindowsApps\RVAppStudios.BubblePop_1.4.0.0_x86__f5kf90dqd2yjg\System.Private.ServiceModel.dll,,,,,,11,,4208,NT AUTHORITY\SYSTEM,S-1-5-18,12:51.8,2.0,"<Event xmlns=""http://schemas.microsoft.com/win/2004/08/events/event"">
  <System>
    <Provider Name=""Microsoft-Windows-Sysmon"" Guid=""{5770385f-c22a-43e0-bf4c-06f5698ffbd9}""/>
    <EventID>11</EventID>
    <Version>2</Version>
    <Level>4</Level>
    <Task>11</Task>
    <Opcode>0</Opcode>
    <Keywords>0x8000000000000000</Keywords>
    <TimeCreated SystemTime=""2023-12-20T10:12:51.7888571Z""/>
    <EventRecordID>5633</EventRecordID>
    <Correlation/>
    <Execution ProcessID=""3400"" ThreadID=""4208""/>
    <Channel>Microsoft-Windows-Sysmon/Operational</Channel>
    <Computer>WinDev2309Eval</Computer>
    <Security UserID=""S-1-5-18""/>
  </System>
  <EventData>
    <Data Name=""RuleName"">DLL</Data>
    <Data Name=""UtcTime"">2023-12-20 10:12:51.784</Data>
    <Data Name=""ProcessGuid"">{f57bd86a-bb60-6582-5203-000000000d00}</Data>
    <Data Name=""ProcessId"">8268</Data>
    <Data Name=""Image"">C:\Windows\system32\svchost.exe</Data>
    <Data Name=""TargetFilename"">C:\Program Files\WindowsApps\RVAppStudios.BubblePop_1.4.0.0_x86__f5kf90dqd2yjg\System.Private.ServiceModel.dll</Data>
    <Data Name=""CreationUtcTime"">2023-12-20 10:12:51.784</Data>
    <Data Name=""User"">NT AUTHORITY\SYSTEM</Data>
  </EventData>
</Event>
"
Microsoft-Windows-Sysmon/Operational,,,WinDev2309Eval,12:51.8,,,,,,,,,11,5632,,,,C:\Windows\system32\svchost.exe,,,0x8000000000000000,4,,,,,0,,,,,,,{f57bd86a-bb60-6582-5203-000000000d00},3400,8268.0,,,,,,DLL,,,,,,,,,,,,,2023-12-20T10:12:51.7885560Z,C:\Program Files\WindowsApps\RVAppStudios.BubblePop_1.4.0.0_x86__f5kf90dqd2yjg\System.Private.DataContractSerialization.dll,,,,,,11,,4208,NT AUTHORITY\SYSTEM,S-1-5-18,12:51.8,2.0,"<Event xmlns=""http://schemas.microsoft.com/win/2004/08/events/event"">
  <System>
    <Provider Name=""Microsoft-Windows-Sysmon"" Guid=""{5770385f-c22a-43e0-bf4c-06f5698ffbd9}""/>
    <EventID>11</EventID>
    <Version>2</Version>
    <Level>4</Level>
    <Task>11</Task>
    <Opcode>0</Opcode>
    <Keywords>0x8000000000000000</Keywords>
    <TimeCreated SystemTime=""2023-12-20T10:12:51.7885560Z""/>
    <EventRecordID>5632</EventRecordID>
    <Correlation/>
    <Execution ProcessID=""3400"" ThreadID=""4208""/>
    <Channel>Microsoft-Windows-Sysmon/Operational</Channel>
    <Computer>WinDev2309Eval</Computer>
    <Security UserID=""S-1-5-18""/>
  </System>
  <EventData>
    <Data Name=""RuleName"">DLL</Data>
    <Data Name=""UtcTime"">2023-12-20 10:12:51.784</Data>
    <Data Name=""ProcessGuid"">{f57bd86a-bb60-6582-5203-000000000d00}</Data>
    <Data Name=""ProcessId"">8268</Data>
    <Data Name=""Image"">C:\Windows\system32\svchost.exe</Data>
    <Data Name=""TargetFilename"">C:\Program Files\WindowsApps\RVAppStudios.BubblePop_1.4.0.0_x86__f5kf90dqd2yjg\System.Private.DataContractSerialization.dll</Data>
    <Data Name=""CreationUtcTime"">2023-12-20 10:12:51.784</Data>
    <Data Name=""User"">NT AUTHORITY\SYSTEM</Data>
  </EventData>
</Event>
"
Microsoft-Windows-Sysmon/Operational,,,WinDev2309Eval,12:51.8,,,,,,,,,11,5631,,,,C:\Windows\system32\svchost.exe,,,0x8000000000000000,4,,,,,0,,,,,,,{f57bd86a-bb60-6582-5203-000000000d00},3400,8268.0,,,,,,DLL,,,,,,,,,,,,,2023-12-20T10:12:51.7882891Z,C:\Program Files\WindowsApps\RVAppStudios.BubblePop_1.4.0.0_x86__f5kf90dqd2yjg\System.ObjectModel.dll,,,,,,11,,4208,NT AUTHORITY\SYSTEM,S-1-5-18,12:51.8,2.0,"<Event xmlns=""http://schemas.microsoft.com/win/2004/08/events/event"">
  <System>
    <Provider Name=""Microsoft-Windows-Sysmon"" Guid=""{5770385f-c22a-43e0-bf4c-06f5698ffbd9}""/>
    <EventID>11</EventID>
    <Version>2</Version>
    <Level>4</Level>
    <Task>11</Task>
    <Opcode>0</Opcode>
    <Keywords>0x8000000000000000</Keywords>
    <TimeCreated SystemTime=""2023-12-20T10:12:51.7882891Z""/>
    <EventRecordID>5631</EventRecordID>
    <Correlation/>
    <Execution ProcessID=""3400"" ThreadID=""4208""/>
    <Channel>Microsoft-Windows-Sysmon/Operational</Channel>
    <Computer>WinDev2309Eval</Computer>
    <Security UserID=""S-1-5-18""/>
  </System>
  <EventData>
    <Data Name=""RuleName"">DLL</Data>
    <Data Name=""UtcTime"">2023-12-20 10:12:51.784</Data>
    <Data Name=""ProcessGuid"">{f57bd86a-bb60-6582-5203-000000000d00}</Data>
    <Data Name=""ProcessId"">8268</Data>
    <Data Name=""Image"">C:\Windows\system32\svchost.exe</Data>
    <Data Name=""TargetFilename"">C:\Program Files\WindowsApps\RVAppStudios.BubblePop_1.4.0.0_x86__f5kf90dqd2yjg\System.ObjectModel.dll</Data>
    <Data Name=""CreationUtcTime"">2023-12-20 10:12:51.784</Data>
    <Data Name=""User"">NT AUTHORITY\SYSTEM</Data>
  </EventData>
</Event>
"
Microsoft-Windows-Sysmon/Operational,,,WinDev2309Eval,12:51.8,,,,,,,,,11,5630,,,,C:\Windows\system32\svchost.exe,,,0x8000000000000000,4,,,,,0,,,,,,,{f57bd86a-bb60-6582-5203-000000000d00},3400,8268.0,,,,,,DLL,,,,,,,,,,,,,2023-12-20T10:12:51.7874731Z,C:\Program Files\WindowsApps\RVAppStudios.BubblePop_1.4.0.0_x86__f5kf90dqd2yjg\System.Numerics.Vectors.WindowsRuntime.dll,,,,,,11,,4208,NT AUTHORITY\SYSTEM,S-1-5-18,12:51.8,2.0,"<Event xmlns=""http://schemas.microsoft.com/win/2004/08/events/event"">
  <System>
    <Provider Name=""Microsoft-Windows-Sysmon"" Guid=""{5770385f-c22a-43e0-bf4c-06f5698ffbd9}""/>
    <EventID>11</EventID>
    <Version>2</Version>
    <Level>4</Level>
    <Task>11</Task>
    <Opcode>0</Opcode>
    <Keywords>0x8000000000000000</Keywords>
    <TimeCreated SystemTime=""2023-12-20T10:12:51.7874731Z""/>
    <EventRecordID>5630</EventRecordID>
    <Correlation/>
    <Execution ProcessID=""3400"" ThreadID=""4208""/>
    <Channel>Microsoft-Windows-Sysmon/Operational</Channel>
    <Computer>WinDev2309Eval</Computer>
    <Security UserID=""S-1-5-18""/>
  </System>
  <EventData>
    <Data Name=""RuleName"">DLL</Data>
    <Data Name=""UtcTime"">2023-12-20 10:12:51.784</Data>
    <Data Name=""ProcessGuid"">{f57bd86a-bb60-6582-5203-000000000d00}</Data>
    <Data Name=""ProcessId"">8268</Data>
    <Data Name=""Image"">C:\Windows\system32\svchost.exe</Data>
    <Data Name=""TargetFilename"">C:\Program Files\WindowsApps\RVAppStudios.BubblePop_1.4.0.0_x86__f5kf90dqd2yjg\System.Numerics.Vectors.WindowsRuntime.dll</Data>
    <Data Name=""CreationUtcTime"">2023-12-20 10:12:51.784</Data>
    <Data Name=""User"">NT AUTHORITY\SYSTEM</Data>
  </EventData>
</Event>
"
Microsoft-Windows-Sysmon/Operational,,,WinDev2309Eval,12:51.8,,,,,,,,,11,5629,,,,C:\Windows\system32\svchost.exe,,,0x8000000000000000,4,,,,,0,,,,,,,{f57bd86a-bb60-6582-5203-000000000d00},3400,8268.0,,,,,,DLL,,,,,,,,,,,,,2023-12-20T10:12:51.7868785Z,C:\Program Files\WindowsApps\RVAppStudios.BubblePop_1.4.0.0_x86__f5kf90dqd2yjg\System.Numerics.Vectors.dll,,,,,,11,,4208,NT AUTHORITY\SYSTEM,S-1-5-18,12:51.8,2.0,"<Event xmlns=""http://schemas.microsoft.com/win/2004/08/events/event"">
  <System>
    <Provider Name=""Microsoft-Windows-Sysmon"" Guid=""{5770385f-c22a-43e0-bf4c-06f5698ffbd9}""/>
    <EventID>11</EventID>
    <Version>2</Version>
    <Level>4</Level>
    <Task>11</Task>
    <Opcode>0</Opcode>
    <Keywords>0x8000000000000000</Keywords>
    <TimeCreated SystemTime=""2023-12-20T10:12:51.7868785Z""/>
    <EventRecordID>5629</EventRecordID>
    <Correlation/>
    <Execution ProcessID=""3400"" ThreadID=""4208""/>
    <Channel>Microsoft-Windows-Sysmon/Operational</Channel>
    <Computer>WinDev2309Eval</Computer>
    <Security UserID=""S-1-5-18""/>
  </System>
  <EventData>
    <Data Name=""RuleName"">DLL</Data>
    <Data Name=""UtcTime"">2023-12-20 10:12:51.784</Data>
    <Data Name=""ProcessGuid"">{f57bd86a-bb60-6582-5203-000000000d00}</Data>
    <Data Name=""ProcessId"">8268</Data>
    <Data Name=""Image"">C:\Windows\system32\svchost.exe</Data>
    <Data Name=""TargetFilename"">C:\Program Files\WindowsApps\RVAppStudios.BubblePop_1.4.0.0_x86__f5kf90dqd2yjg\System.Numerics.Vectors.dll</Data>
    <Data Name=""CreationUtcTime"">2023-12-20 10:12:51.784</Data>
    <Data Name=""User"">NT AUTHORITY\SYSTEM</Data>
  </EventData>
</Event>
"
Microsoft-Windows-Sysmon/Operational,,,WinDev2309Eval,12:51.8,,,,,,,,,11,5628,,,,C:\Windows\system32\svchost.exe,,,0x8000000000000000,4,,,,,0,,,,,,,{f57bd86a-bb60-6582-5203-000000000d00},3400,8268.0,,,,,,DLL,,,,,,,,,,,,,2023-12-20T10:12:51.7866093Z,C:\Program Files\WindowsApps\RVAppStudios.BubblePop_1.4.0.0_x86__f5kf90dqd2yjg\System.Numerics.dll,,,,,,11,,4208,NT AUTHORITY\SYSTEM,S-1-5-18,12:51.8,2.0,"<Event xmlns=""http://schemas.microsoft.com/win/2004/08/events/event"">
  <System>
    <Provider Name=""Microsoft-Windows-Sysmon"" Guid=""{5770385f-c22a-43e0-bf4c-06f5698ffbd9}""/>
    <EventID>11</EventID>
    <Version>2</Version>
    <Level>4</Level>
    <Task>11</Task>
    <Opcode>0</Opcode>
    <Keywords>0x8000000000000000</Keywords>
    <TimeCreated SystemTime=""2023-12-20T10:12:51.7866093Z""/>
    <EventRecordID>5628</EventRecordID>
    <Correlation/>
    <Execution ProcessID=""3400"" ThreadID=""4208""/>
    <Channel>Microsoft-Windows-Sysmon/Operational</Channel>
    <Computer>WinDev2309Eval</Computer>
    <Security UserID=""S-1-5-18""/>
  </System>
  <EventData>
    <Data Name=""RuleName"">DLL</Data>
    <Data Name=""UtcTime"">2023-12-20 10:12:51.784</Data>
    <Data Name=""ProcessGuid"">{f57bd86a-bb60-6582-5203-000000000d00}</Data>
    <Data Name=""ProcessId"">8268</Data>
    <Data Name=""Image"">C:\Windows\system32\svchost.exe</Data>
    <Data Name=""TargetFilename"">C:\Program Files\WindowsApps\RVAppStudios.BubblePop_1.4.0.0_x86__f5kf90dqd2yjg\System.Numerics.dll</Data>
    <Data Name=""CreationUtcTime"">2023-12-20 10:12:51.784</Data>
    <Data Name=""User"">NT AUTHORITY\SYSTEM</Data>
  </EventData>
</Event>
"
Microsoft-Windows-Sysmon/Operational,,,WinDev2309Eval,12:51.8,,,,,,,,,11,5627,,,,C:\Windows\system32\svchost.exe,,,0x8000000000000000,4,,,,,0,,,,,,,{f57bd86a-bb60-6582-5203-000000000d00},3400,8268.0,,,,,,DLL,,,,,,,,,,,,,2023-12-20T10:12:51.7863460Z,C:\Program Files\WindowsApps\RVAppStudios.BubblePop_1.4.0.0_x86__f5kf90dqd2yjg\System.Net.WebSockets.dll,,,,,,11,,4208,NT AUTHORITY\SYSTEM,S-1-5-18,12:51.8,2.0,"<Event xmlns=""http://schemas.microsoft.com/win/2004/08/events/event"">
  <System>
    <Provider Name=""Microsoft-Windows-Sysmon"" Guid=""{5770385f-c22a-43e0-bf4c-06f5698ffbd9}""/>
    <EventID>11</EventID>
    <Version>2</Version>
    <Level>4</Level>
    <Task>11</Task>
    <Opcode>0</Opcode>
    <Keywords>0x8000000000000000</Keywords>
    <TimeCreated SystemTime=""2023-12-20T10:12:51.7863460Z""/>
    <EventRecordID>5627</EventRecordID>
    <Correlation/>
    <Execution ProcessID=""3400"" ThreadID=""4208""/>
    <Channel>Microsoft-Windows-Sysmon/Operational</Channel>
    <Computer>WinDev2309Eval</Computer>
    <Security UserID=""S-1-5-18""/>
  </System>
  <EventData>
    <Data Name=""RuleName"">DLL</Data>
    <Data Name=""UtcTime"">2023-12-20 10:12:51.784</Data>
    <Data Name=""ProcessGuid"">{f57bd86a-bb60-6582-5203-000000000d00}</Data>
    <Data Name=""ProcessId"">8268</Data>
    <Data Name=""Image"">C:\Windows\system32\svchost.exe</Data>
    <Data Name=""TargetFilename"">C:\Program Files\WindowsApps\RVAppStudios.BubblePop_1.4.0.0_x86__f5kf90dqd2yjg\System.Net.WebSockets.dll</Data>
    <Data Name=""CreationUtcTime"">2023-12-20 10:12:51.784</Data>
    <Data Name=""User"">NT AUTHORITY\SYSTEM</Data>
  </EventData>
</Event>
"
Microsoft-Windows-Sysmon/Operational,,,WinDev2309Eval,12:51.8,,,,,,,,,11,5626,,,,C:\Windows\system32\svchost.exe,,,0x8000000000000000,4,,,,,0,,,,,,,{f57bd86a-bb60-6582-5203-000000000d00},3400,8268.0,,,,,,DLL,,,,,,,,,,,,,2023-12-20T10:12:51.7860624Z,C:\Program Files\WindowsApps\RVAppStudios.BubblePop_1.4.0.0_x86__f5kf90dqd2yjg\System.Net.WebSockets.Client.dll,,,,,,11,,4208,NT AUTHORITY\SYSTEM,S-1-5-18,12:51.8,2.0,"<Event xmlns=""http://schemas.microsoft.com/win/2004/08/events/event"">
  <System>
    <Provider Name=""Microsoft-Windows-Sysmon"" Guid=""{5770385f-c22a-43e0-bf4c-06f5698ffbd9}""/>
    <EventID>11</EventID>
    <Version>2</Version>
    <Level>4</Level>
    <Task>11</Task>
    <Opcode>0</Opcode>
    <Keywords>0x8000000000000000</Keywords>
    <TimeCreated SystemTime=""2023-12-20T10:12:51.7860624Z""/>
    <EventRecordID>5626</EventRecordID>
    <Correlation/>
    <Execution ProcessID=""3400"" ThreadID=""4208""/>
    <Channel>Microsoft-Windows-Sysmon/Operational</Channel>
    <Computer>WinDev2309Eval</Computer>
    <Security UserID=""S-1-5-18""/>
  </System>
  <EventData>
    <Data Name=""RuleName"">DLL</Data>
    <Data Name=""UtcTime"">2023-12-20 10:12:51.784</Data>
    <Data Name=""ProcessGuid"">{f57bd86a-bb60-6582-5203-000000000d00}</Data>
    <Data Name=""ProcessId"">8268</Data>
    <Data Name=""Image"">C:\Windows\system32\svchost.exe</Data>
    <Data Name=""TargetFilename"">C:\Program Files\WindowsApps\RVAppStudios.BubblePop_1.4.0.0_x86__f5kf90dqd2yjg\System.Net.WebSockets.Client.dll</Data>
    <Data Name=""CreationUtcTime"">2023-12-20 10:12:51.784</Data>
    <Data Name=""User"">NT AUTHORITY\SYSTEM</Data>
  </EventData>
</Event>
"
Microsoft-Windows-Sysmon/Operational,,,WinDev2309Eval,12:51.8,,,,,,,,,11,5625,,,,C:\Windows\system32\svchost.exe,,,0x8000000000000000,4,,,,,0,,,,,,,{f57bd86a-bb60-6582-5203-000000000d00},3400,8268.0,,,,,,DLL,,,,,,,,,,,,,2023-12-20T10:12:51.7857735Z,C:\Program Files\WindowsApps\RVAppStudios.BubblePop_1.4.0.0_x86__f5kf90dqd2yjg\System.Net.WebHeaderCollection.dll,,,,,,11,,4208,NT AUTHORITY\SYSTEM,S-1-5-18,12:51.8,2.0,"<Event xmlns=""http://schemas.microsoft.com/win/2004/08/events/event"">
  <System>
    <Provider Name=""Microsoft-Windows-Sysmon"" Guid=""{5770385f-c22a-43e0-bf4c-06f5698ffbd9}""/>
    <EventID>11</EventID>
    <Version>2</Version>
    <Level>4</Level>
    <Task>11</Task>
    <Opcode>0</Opcode>
    <Keywords>0x8000000000000000</Keywords>
    <TimeCreated SystemTime=""2023-12-20T10:12:51.7857735Z""/>
    <EventRecordID>5625</EventRecordID>
    <Correlation/>
    <Execution ProcessID=""3400"" ThreadID=""4208""/>
    <Channel>Microsoft-Windows-Sysmon/Operational</Channel>
    <Computer>WinDev2309Eval</Computer>
    <Security UserID=""S-1-5-18""/>
  </System>
  <EventData>
    <Data Name=""RuleName"">DLL</Data>
    <Data Name=""UtcTime"">2023-12-20 10:12:51.784</Data>
    <Data Name=""ProcessGuid"">{f57bd86a-bb60-6582-5203-000000000d00}</Data>
    <Data Name=""ProcessId"">8268</Data>
    <Data Name=""Image"">C:\Windows\system32\svchost.exe</Data>
    <Data Name=""TargetFilename"">C:\Program Files\WindowsApps\RVAppStudios.BubblePop_1.4.0.0_x86__f5kf90dqd2yjg\System.Net.WebHeaderCollection.dll</Data>
    <Data Name=""CreationUtcTime"">2023-12-20 10:12:51.784</Data>
    <Data Name=""User"">NT AUTHORITY\SYSTEM</Data>
  </EventData>
</Event>
"
Microsoft-Windows-Sysmon/Operational,,,WinDev2309Eval,12:51.8,,,,,,,,,11,5624,,,,C:\Windows\system32\svchost.exe,,,0x8000000000000000,4,,,,,0,,,,,,,{f57bd86a-bb60-6582-5203-000000000d00},3400,8268.0,,,,,,DLL,,,,,,,,,,,,,2023-12-20T10:12:51.7854081Z,C:\Program Files\WindowsApps\RVAppStudios.BubblePop_1.4.0.0_x86__f5kf90dqd2yjg\System.Net.Sockets.dll,,,,,,11,,4208,NT AUTHORITY\SYSTEM,S-1-5-18,12:51.8,2.0,"<Event xmlns=""http://schemas.microsoft.com/win/2004/08/events/event"">
  <System>
    <Provider Name=""Microsoft-Windows-Sysmon"" Guid=""{5770385f-c22a-43e0-bf4c-06f5698ffbd9}""/>
    <EventID>11</EventID>
    <Version>2</Version>
    <Level>4</Level>
    <Task>11</Task>
    <Opcode>0</Opcode>
    <Keywords>0x8000000000000000</Keywords>
    <TimeCreated SystemTime=""2023-12-20T10:12:51.7854081Z""/>
    <EventRecordID>5624</EventRecordID>
    <Correlation/>
    <Execution ProcessID=""3400"" ThreadID=""4208""/>
    <Channel>Microsoft-Windows-Sysmon/Operational</Channel>
    <Computer>WinDev2309Eval</Computer>
    <Security UserID=""S-1-5-18""/>
  </System>
  <EventData>
    <Data Name=""RuleName"">DLL</Data>
    <Data Name=""UtcTime"">2023-12-20 10:12:51.784</Data>
    <Data Name=""ProcessGuid"">{f57bd86a-bb60-6582-5203-000000000d00}</Data>
    <Data Name=""ProcessId"">8268</Data>
    <Data Name=""Image"">C:\Windows\system32\svchost.exe</Data>
    <Data Name=""TargetFilename"">C:\Program Files\WindowsApps\RVAppStudios.BubblePop_1.4.0.0_x86__f5kf90dqd2yjg\System.Net.Sockets.dll</Data>
    <Data Name=""CreationUtcTime"">2023-12-20 10:12:51.784</Data>
    <Data Name=""User"">NT AUTHORITY\SYSTEM</Data>
  </EventData>
</Event>
"
Microsoft-Windows-Sysmon/Operational,,,WinDev2309Eval,12:51.8,,,,,,,,,11,5623,,,,C:\Windows\system32\svchost.exe,,,0x8000000000000000,4,,,,,0,,,,,,,{f57bd86a-bb60-6582-5203-000000000d00},3400,8268.0,,,,,,DLL,,,,,,,,,,,,,2023-12-20T10:12:51.7852961Z,C:\Program Files\WindowsApps\RVAppStudios.BubblePop_1.4.0.0_x86__f5kf90dqd2yjg\System.Net.Requests.dll,,,,,,11,,4208,NT AUTHORITY\SYSTEM,S-1-5-18,12:51.8,2.0,"<Event xmlns=""http://schemas.microsoft.com/win/2004/08/events/event"">
  <System>
    <Provider Name=""Microsoft-Windows-Sysmon"" Guid=""{5770385f-c22a-43e0-bf4c-06f5698ffbd9}""/>
    <EventID>11</EventID>
    <Version>2</Version>
    <Level>4</Level>
    <Task>11</Task>
    <Opcode>0</Opcode>
    <Keywords>0x8000000000000000</Keywords>
    <TimeCreated SystemTime=""2023-12-20T10:12:51.7852961Z""/>
    <EventRecordID>5623</EventRecordID>
    <Correlation/>
    <Execution ProcessID=""3400"" ThreadID=""4208""/>
    <Channel>Microsoft-Windows-Sysmon/Operational</Channel>
    <Computer>WinDev2309Eval</Computer>
    <Security UserID=""S-1-5-18""/>
  </System>
  <EventData>
    <Data Name=""RuleName"">DLL</Data>
    <Data Name=""UtcTime"">2023-12-20 10:12:51.784</Data>
    <Data Name=""ProcessGuid"">{f57bd86a-bb60-6582-5203-000000000d00}</Data>
    <Data Name=""ProcessId"">8268</Data>
    <Data Name=""Image"">C:\Windows\system32\svchost.exe</Data>
    <Data Name=""TargetFilename"">C:\Program Files\WindowsApps\RVAppStudios.BubblePop_1.4.0.0_x86__f5kf90dqd2yjg\System.Net.Requests.dll</Data>
    <Data Name=""CreationUtcTime"">2023-12-20 10:12:51.784</Data>
    <Data Name=""User"">NT AUTHORITY\SYSTEM</Data>
  </EventData>
</Event>
"
Microsoft-Windows-Sysmon/Operational,,,WinDev2309Eval,12:51.8,,,,,,,,,11,5622,,,,C:\Windows\system32\svchost.exe,,,0x8000000000000000,4,,,,,0,,,,,,,{f57bd86a-bb60-6582-5203-000000000d00},3400,8268.0,,,,,,DLL,,,,,,,,,,,,,2023-12-20T10:12:51.7847282Z,C:\Program Files\WindowsApps\RVAppStudios.BubblePop_1.4.0.0_x86__f5kf90dqd2yjg\System.Net.Primitives.dll,,,,,,11,,4208,NT AUTHORITY\SYSTEM,S-1-5-18,12:51.8,2.0,"<Event xmlns=""http://schemas.microsoft.com/win/2004/08/events/event"">
  <System>
    <Provider Name=""Microsoft-Windows-Sysmon"" Guid=""{5770385f-c22a-43e0-bf4c-06f5698ffbd9}""/>
    <EventID>11</EventID>
    <Version>2</Version>
    <Level>4</Level>
    <Task>11</Task>
    <Opcode>0</Opcode>
    <Keywords>0x8000000000000000</Keywords>
    <TimeCreated SystemTime=""2023-12-20T10:12:51.7847282Z""/>
    <EventRecordID>5622</EventRecordID>
    <Correlation/>
    <Execution ProcessID=""3400"" ThreadID=""4208""/>
    <Channel>Microsoft-Windows-Sysmon/Operational</Channel>
    <Computer>WinDev2309Eval</Computer>
    <Security UserID=""S-1-5-18""/>
  </System>
  <EventData>
    <Data Name=""RuleName"">DLL</Data>
    <Data Name=""UtcTime"">2023-12-20 10:12:51.784</Data>
    <Data Name=""ProcessGuid"">{f57bd86a-bb60-6582-5203-000000000d00}</Data>
    <Data Name=""ProcessId"">8268</Data>
    <Data Name=""Image"">C:\Windows\system32\svchost.exe</Data>
    <Data Name=""TargetFilename"">C:\Program Files\WindowsApps\RVAppStudios.BubblePop_1.4.0.0_x86__f5kf90dqd2yjg\System.Net.Primitives.dll</Data>
    <Data Name=""CreationUtcTime"">2023-12-20 10:12:51.768</Data>
    <Data Name=""User"">NT AUTHORITY\SYSTEM</Data>
  </EventData>
</Event>
"
Microsoft-Windows-Sysmon/Operational,,,WinDev2309Eval,12:51.8,,,,,,,,,11,5621,,,,C:\Windows\system32\svchost.exe,,,0x8000000000000000,4,,,,,0,,,,,,,{f57bd86a-bb60-6582-5203-000000000d00},3400,8268.0,,,,,,DLL,,,,,,,,,,,,,2023-12-20T10:12:51.7841279Z,C:\Program Files\WindowsApps\RVAppStudios.BubblePop_1.4.0.0_x86__f5kf90dqd2yjg\System.Net.NetworkInformation.dll,,,,,,11,,4208,NT AUTHORITY\SYSTEM,S-1-5-18,12:51.8,2.0,"<Event xmlns=""http://schemas.microsoft.com/win/2004/08/events/event"">
  <System>
    <Provider Name=""Microsoft-Windows-Sysmon"" Guid=""{5770385f-c22a-43e0-bf4c-06f5698ffbd9}""/>
    <EventID>11</EventID>
    <Version>2</Version>
    <Level>4</Level>
    <Task>11</Task>
    <Opcode>0</Opcode>
    <Keywords>0x8000000000000000</Keywords>
    <TimeCreated SystemTime=""2023-12-20T10:12:51.7841279Z""/>
    <EventRecordID>5621</EventRecordID>
    <Correlation/>
    <Execution ProcessID=""3400"" ThreadID=""4208""/>
    <Channel>Microsoft-Windows-Sysmon/Operational</Channel>
    <Computer>WinDev2309Eval</Computer>
    <Security UserID=""S-1-5-18""/>
  </System>
  <EventData>
    <Data Name=""RuleName"">DLL</Data>
    <Data Name=""UtcTime"">2023-12-20 10:12:51.768</Data>
    <Data Name=""ProcessGuid"">{f57bd86a-bb60-6582-5203-000000000d00}</Data>
    <Data Name=""ProcessId"">8268</Data>
    <Data Name=""Image"">C:\Windows\system32\svchost.exe</Data>
    <Data Name=""TargetFilename"">C:\Program Files\WindowsApps\RVAppStudios.BubblePop_1.4.0.0_x86__f5kf90dqd2yjg\System.Net.NetworkInformation.dll</Data>
    <Data Name=""CreationUtcTime"">2023-12-20 10:12:51.768</Data>
    <Data Name=""User"">NT AUTHORITY\SYSTEM</Data>
  </EventData>
</Event>
"
Microsoft-Windows-Sysmon/Operational,,,WinDev2309Eval,12:51.8,,,,,,,,,11,5620,,,,C:\Windows\system32\svchost.exe,,,0x8000000000000000,4,,,,,0,,,,,,,{f57bd86a-bb60-6582-5203-000000000d00},3400,8268.0,,,,,,DLL,,,,,,,,,,,,,2023-12-20T10:12:51.7838031Z,C:\Program Files\WindowsApps\RVAppStudios.BubblePop_1.4.0.0_x86__f5kf90dqd2yjg\System.Net.NameResolution.dll,,,,,,11,,4208,NT AUTHORITY\SYSTEM,S-1-5-18,12:51.8,2.0,"<Event xmlns=""http://schemas.microsoft.com/win/2004/08/events/event"">
  <System>
    <Provider Name=""Microsoft-Windows-Sysmon"" Guid=""{5770385f-c22a-43e0-bf4c-06f5698ffbd9}""/>
    <EventID>11</EventID>
    <Version>2</Version>
    <Level>4</Level>
    <Task>11</Task>
    <Opcode>0</Opcode>
    <Keywords>0x8000000000000000</Keywords>
    <TimeCreated SystemTime=""2023-12-20T10:12:51.7838031Z""/>
    <EventRecordID>5620</EventRecordID>
    <Correlation/>
    <Execution ProcessID=""3400"" ThreadID=""4208""/>
    <Channel>Microsoft-Windows-Sysmon/Operational</Channel>
    <Computer>WinDev2309Eval</Computer>
    <Security UserID=""S-1-5-18""/>
  </System>
  <EventData>
    <Data Name=""RuleName"">DLL</Data>
    <Data Name=""UtcTime"">2023-12-20 10:12:51.768</Data>
    <Data Name=""ProcessGuid"">{f57bd86a-bb60-6582-5203-000000000d00}</Data>
    <Data Name=""ProcessId"">8268</Data>
    <Data Name=""Image"">C:\Windows\system32\svchost.exe</Data>
    <Data Name=""TargetFilename"">C:\Program Files\WindowsApps\RVAppStudios.BubblePop_1.4.0.0_x86__f5kf90dqd2yjg\System.Net.NameResolution.dll</Data>
    <Data Name=""CreationUtcTime"">2023-12-20 10:12:51.768</Data>
    <Data Name=""User"">NT AUTHORITY\SYSTEM</Data>
  </EventData>
</Event>
"
Microsoft-Windows-Sysmon/Operational,,,WinDev2309Eval,12:51.8,,,,,,,,,11,5619,,,,C:\Windows\system32\svchost.exe,,,0x8000000000000000,4,,,,,0,,,,,,,{f57bd86a-bb60-6582-5203-000000000d00},3400,8268.0,,,,,,DLL,,,,,,,,,,,,,2023-12-20T10:12:51.7832270Z,C:\Program Files\WindowsApps\RVAppStudios.BubblePop_1.4.0.0_x86__f5kf90dqd2yjg\System.Net.Http.Rtc.dll,,,,,,11,,4208,NT AUTHORITY\SYSTEM,S-1-5-18,12:51.8,2.0,"<Event xmlns=""http://schemas.microsoft.com/win/2004/08/events/event"">
  <System>
    <Provider Name=""Microsoft-Windows-Sysmon"" Guid=""{5770385f-c22a-43e0-bf4c-06f5698ffbd9}""/>
    <EventID>11</EventID>
    <Version>2</Version>
    <Level>4</Level>
    <Task>11</Task>
    <Opcode>0</Opcode>
    <Keywords>0x8000000000000000</Keywords>
    <TimeCreated SystemTime=""2023-12-20T10:12:51.7832270Z""/>
    <EventRecordID>5619</EventRecordID>
    <Correlation/>
    <Execution ProcessID=""3400"" ThreadID=""4208""/>
    <Channel>Microsoft-Windows-Sysmon/Operational</Channel>
    <Computer>WinDev2309Eval</Computer>
    <Security UserID=""S-1-5-18""/>
  </System>
  <EventData>
    <Data Name=""RuleName"">DLL</Data>
    <Data Name=""UtcTime"">2023-12-20 10:12:51.768</Data>
    <Data Name=""ProcessGuid"">{f57bd86a-bb60-6582-5203-000000000d00}</Data>
    <Data Name=""ProcessId"">8268</Data>
    <Data Name=""Image"">C:\Windows\system32\svchost.exe</Data>
    <Data Name=""TargetFilename"">C:\Program Files\WindowsApps\RVAppStudios.BubblePop_1.4.0.0_x86__f5kf90dqd2yjg\System.Net.Http.Rtc.dll</Data>
    <Data Name=""CreationUtcTime"">2023-12-20 10:12:51.768</Data>
    <Data Name=""User"">NT AUTHORITY\SYSTEM</Data>
  </EventData>
</Event>
"
Microsoft-Windows-Sysmon/Operational,,,WinDev2309Eval,12:51.8,,,,,,,,,11,5618,,,,C:\Windows\system32\svchost.exe,,,0x8000000000000000,4,,,,,0,,,,,,,{f57bd86a-bb60-6582-5203-000000000d00},3400,8268.0,,,,,,DLL,,,,,,,,,,,,,2023-12-20T10:12:51.7829621Z,C:\Program Files\WindowsApps\RVAppStudios.BubblePop_1.4.0.0_x86__f5kf90dqd2yjg\System.Net.Http.dll,,,,,,11,,4208,NT AUTHORITY\SYSTEM,S-1-5-18,12:51.8,2.0,"<Event xmlns=""http://schemas.microsoft.com/win/2004/08/events/event"">
  <System>
    <Provider Name=""Microsoft-Windows-Sysmon"" Guid=""{5770385f-c22a-43e0-bf4c-06f5698ffbd9}""/>
    <EventID>11</EventID>
    <Version>2</Version>
    <Level>4</Level>
    <Task>11</Task>
    <Opcode>0</Opcode>
    <Keywords>0x8000000000000000</Keywords>
    <TimeCreated SystemTime=""2023-12-20T10:12:51.7829621Z""/>
    <EventRecordID>5618</EventRecordID>
    <Correlation/>
    <Execution ProcessID=""3400"" ThreadID=""4208""/>
    <Channel>Microsoft-Windows-Sysmon/Operational</Channel>
    <Computer>WinDev2309Eval</Computer>
    <Security UserID=""S-1-5-18""/>
  </System>
  <EventData>
    <Data Name=""RuleName"">DLL</Data>
    <Data Name=""UtcTime"">2023-12-20 10:12:51.768</Data>
    <Data Name=""ProcessGuid"">{f57bd86a-bb60-6582-5203-000000000d00}</Data>
    <Data Name=""ProcessId"">8268</Data>
    <Data Name=""Image"">C:\Windows\system32\svchost.exe</Data>
    <Data Name=""TargetFilename"">C:\Program Files\WindowsApps\RVAppStudios.BubblePop_1.4.0.0_x86__f5kf90dqd2yjg\System.Net.Http.dll</Data>
    <Data Name=""CreationUtcTime"">2023-12-20 10:12:51.768</Data>
    <Data Name=""User"">NT AUTHORITY\SYSTEM</Data>
  </EventData>
</Event>
"
