Channel,CommandLine,Company,Computer,CreationUtcTime,CurrentDirectory,Description,DestinationHostname,DestinationIp,DestinationIsIpv6,DestinationPort,DestinationPortName,Details,EventID,EventRecordID,EventType,FileVersion,Hashes,Image,Initiated,IntegrityLevel,Keywords,Level,LogonGuid,LogonId,Message,NewThreadId,Opcode,OriginalFileName,ParentCommandLine,ParentImage,ParentProcessGuid,ParentProcessId,ParentUser,ProcessGuid,ProcessID,ProcessId,Product,Protocol,QueryName,QueryResults,QueryStatus,RuleName,SourceHostname,SourceImage,SourceIp,SourceIsIpv6,SourcePort,SourcePortName,SourceProcessGuid,SourceProcessId,SourceUser,StartAddress,StartFunction,StartModule,SystemTime,TargetFilename,TargetImage,TargetObject,TargetProcessGuid,TargetProcessId,TargetUser,Task,TerminalSessionId,ThreadID,User,UserID,UtcTime,Version,raw
Microsoft-Windows-Sysmon/Operational,,,WinDev2309Eval,38:13.6,,,,,,,,,11,6409,,,,C:\Windows\Microsoft.NET\Framework\v4.0.30319\mscorsvw.exe,,,0x8000000000000000,4,,,,,0,,,,,,,{f57bd86a-23a5-6584-7d06-000000000d00},3400,5488.0,,,,,,EXE,,,,,,,,,,,,,2023-12-21T11:38:13.6566026Z,C:\Windows\assembly\NativeImages_v4.0.30319_32\Temp\1570-0\ilc.exe,,,,,,11,,4208,NT AUTHORITY\SYSTEM,S-1-5-18,38:13.6,2.0,"<Event xmlns=""http://schemas.microsoft.com/win/2004/08/events/event"">
  <System>
    <Provider Name=""Microsoft-Windows-Sysmon"" Guid=""{5770385f-c22a-43e0-bf4c-06f5698ffbd9}""/>
    <EventID>11</EventID>
    <Version>2</Version>
    <Level>4</Level>
    <Task>11</Task>
    <Opcode>0</Opcode>
    <Keywords>0x8000000000000000</Keywords>
    <TimeCreated SystemTime=""2023-12-21T11:38:13.6566026Z""/>
    <EventRecordID>6409</EventRecordID>
    <Correlation/>
    <Execution ProcessID=""3400"" ThreadID=""4208""/>
    <Channel>Microsoft-Windows-Sysmon/Operational</Channel>
    <Computer>WinDev2309Eval</Computer>
    <Security UserID=""S-1-5-18""/>
  </System>
  <EventData>
    <Data Name=""RuleName"">EXE</Data>
    <Data Name=""UtcTime"">2023-12-21 11:38:13.642</Data>
    <Data Name=""ProcessGuid"">{f57bd86a-23a5-6584-7d06-000000000d00}</Data>
    <Data Name=""ProcessId"">5488</Data>
    <Data Name=""Image"">C:\Windows\Microsoft.NET\Framework\v4.0.30319\mscorsvw.exe</Data>
    <Data Name=""TargetFilename"">C:\Windows\assembly\NativeImages_v4.0.30319_32\Temp\1570-0\ilc.exe</Data>
    <Data Name=""CreationUtcTime"">2023-12-21 11:38:13.642</Data>
    <Data Name=""User"">NT AUTHORITY\SYSTEM</Data>
  </EventData>
</Event>
"
Microsoft-Windows-Sysmon/Operational,,,WinDev2309Eval,38:11.6,,,,,,,,,11,6408,,,,C:\Windows\Microsoft.NET\Framework\v4.0.30319\mscorsvw.exe,,,0x8000000000000000,4,,,,,0,,,,,,,{f57bd86a-239f-6584-7a06-000000000d00},3400,5332.0,,,,,,EXE,,,,,,,,,,,,,2023-12-21T11:38:11.6265274Z,C:\Windows\assembly\NativeImages_v4.0.30319_32\Temp\14d4-0\sg.exe,,,,,,11,,4208,NT AUTHORITY\SYSTEM,S-1-5-18,38:11.6,2.0,"<Event xmlns=""http://schemas.microsoft.com/win/2004/08/events/event"">
  <System>
    <Provider Name=""Microsoft-Windows-Sysmon"" Guid=""{5770385f-c22a-43e0-bf4c-06f5698ffbd9}""/>
    <EventID>11</EventID>
    <Version>2</Version>
    <Level>4</Level>
    <Task>11</Task>
    <Opcode>0</Opcode>
    <Keywords>0x8000000000000000</Keywords>
    <TimeCreated SystemTime=""2023-12-21T11:38:11.6265274Z""/>
    <EventRecordID>6408</EventRecordID>
    <Correlation/>
    <Execution ProcessID=""3400"" ThreadID=""4208""/>
    <Channel>Microsoft-Windows-Sysmon/Operational</Channel>
    <Computer>WinDev2309Eval</Computer>
    <Security UserID=""S-1-5-18""/>
  </System>
  <EventData>
    <Data Name=""RuleName"">EXE</Data>
    <Data Name=""UtcTime"">2023-12-21 11:38:11.610</Data>
    <Data Name=""ProcessGuid"">{f57bd86a-239f-6584-7a06-000000000d00}</Data>
    <Data Name=""ProcessId"">5332</Data>
    <Data Name=""Image"">C:\Windows\Microsoft.NET\Framework\v4.0.30319\mscorsvw.exe</Data>
    <Data Name=""TargetFilename"">C:\Windows\assembly\NativeImages_v4.0.30319_32\Temp\14d4-0\sg.exe</Data>
    <Data Name=""CreationUtcTime"">2023-12-21 11:38:11.610</Data>
    <Data Name=""User"">NT AUTHORITY\SYSTEM</Data>
  </EventData>
</Event>
"
Microsoft-Windows-Sysmon/Operational,,,WinDev2309Eval,38:04.5,,,,,,,,,11,6407,,,,C:\Windows\Microsoft.NET\Framework\v4.0.30319\mscorsvw.exe,,,0x8000000000000000,4,,,,,0,,,,,,,{f57bd86a-239c-6584-6506-000000000d00},3400,3624.0,,,,,,EXE,,,,,,,,,,,,,2023-12-21T11:38:04.4975781Z,C:\Windows\assembly\NativeImages_v4.0.30319_32\Temp\e28-0\Gatekeeper.exe,,,,,,11,,4208,NT AUTHORITY\SYSTEM,S-1-5-18,38:04.5,2.0,"<Event xmlns=""http://schemas.microsoft.com/win/2004/08/events/event"">
  <System>
    <Provider Name=""Microsoft-Windows-Sysmon"" Guid=""{5770385f-c22a-43e0-bf4c-06f5698ffbd9}""/>
    <EventID>11</EventID>
    <Version>2</Version>
    <Level>4</Level>
    <Task>11</Task>
    <Opcode>0</Opcode>
    <Keywords>0x8000000000000000</Keywords>
    <TimeCreated SystemTime=""2023-12-21T11:38:04.4975781Z""/>
    <EventRecordID>6407</EventRecordID>
    <Correlation/>
    <Execution ProcessID=""3400"" ThreadID=""4208""/>
    <Channel>Microsoft-Windows-Sysmon/Operational</Channel>
    <Computer>WinDev2309Eval</Computer>
    <Security UserID=""S-1-5-18""/>
  </System>
  <EventData>
    <Data Name=""RuleName"">EXE</Data>
    <Data Name=""UtcTime"">2023-12-21 11:38:04.489</Data>
    <Data Name=""ProcessGuid"">{f57bd86a-239c-6584-6506-000000000d00}</Data>
    <Data Name=""ProcessId"">3624</Data>
    <Data Name=""Image"">C:\Windows\Microsoft.NET\Framework\v4.0.30319\mscorsvw.exe</Data>
    <Data Name=""TargetFilename"">C:\Windows\assembly\NativeImages_v4.0.30319_32\Temp\e28-0\Gatekeeper.exe</Data>
    <Data Name=""CreationUtcTime"">2023-12-21 11:38:04.489</Data>
    <Data Name=""User"">NT AUTHORITY\SYSTEM</Data>
  </EventData>
</Event>
"
Microsoft-Windows-Sysmon/Operational,,,WinDev2309Eval,38:03.6,,,,,,,,,11,6406,,,,C:\Windows\Microsoft.NET\Framework\v4.0.30319\mscorsvw.exe,,,0x8000000000000000,4,,,,,0,,,,,,,{f57bd86a-239b-6584-6306-000000000d00},3400,11336.0,,,,,,DLL,,,,,,,,,,,,,2023-12-21T11:38:03.6413932Z,C:\Windows\assembly\NativeImages_v4.0.30319_32\Temp\2c48-0\MdTransform.dll,,,,,,11,,4208,NT AUTHORITY\SYSTEM,S-1-5-18,38:03.6,2.0,"<Event xmlns=""http://schemas.microsoft.com/win/2004/08/events/event"">
  <System>
    <Provider Name=""Microsoft-Windows-Sysmon"" Guid=""{5770385f-c22a-43e0-bf4c-06f5698ffbd9}""/>
    <EventID>11</EventID>
    <Version>2</Version>
    <Level>4</Level>
    <Task>11</Task>
    <Opcode>0</Opcode>
    <Keywords>0x8000000000000000</Keywords>
    <TimeCreated SystemTime=""2023-12-21T11:38:03.6413932Z""/>
    <EventRecordID>6406</EventRecordID>
    <Correlation/>
    <Execution ProcessID=""3400"" ThreadID=""4208""/>
    <Channel>Microsoft-Windows-Sysmon/Operational</Channel>
    <Computer>WinDev2309Eval</Computer>
    <Security UserID=""S-1-5-18""/>
  </System>
  <EventData>
    <Data Name=""RuleName"">DLL</Data>
    <Data Name=""UtcTime"">2023-12-21 11:38:03.630</Data>
    <Data Name=""ProcessGuid"">{f57bd86a-239b-6584-6306-000000000d00}</Data>
    <Data Name=""ProcessId"">11336</Data>
    <Data Name=""Image"">C:\Windows\Microsoft.NET\Framework\v4.0.30319\mscorsvw.exe</Data>
    <Data Name=""TargetFilename"">C:\Windows\assembly\NativeImages_v4.0.30319_32\Temp\2c48-0\MdTransform.dll</Data>
    <Data Name=""CreationUtcTime"">2023-12-21 11:38:03.630</Data>
    <Data Name=""User"">NT AUTHORITY\SYSTEM</Data>
  </EventData>
</Event>
"
Microsoft-Windows-Sysmon/Operational,,,WinDev2309Eval,38:03.3,,,,,,,,,11,6405,,,,C:\Windows\Microsoft.NET\Framework\v4.0.30319\mscorsvw.exe,,,0x8000000000000000,4,,,,,0,,,,,,,{f57bd86a-239a-6584-6206-000000000d00},3400,6644.0,,,,,,DLL,,,,,,,,,,,,,2023-12-21T11:38:03.3400498Z,C:\Windows\assembly\NativeImages_v4.0.30319_32\Temp\19f4-0\NativeFormatWriter.dll,,,,,,11,,4208,NT AUTHORITY\SYSTEM,S-1-5-18,38:03.3,2.0,"<Event xmlns=""http://schemas.microsoft.com/win/2004/08/events/event"">
  <System>
    <Provider Name=""Microsoft-Windows-Sysmon"" Guid=""{5770385f-c22a-43e0-bf4c-06f5698ffbd9}""/>
    <EventID>11</EventID>
    <Version>2</Version>
    <Level>4</Level>
    <Task>11</Task>
    <Opcode>0</Opcode>
    <Keywords>0x8000000000000000</Keywords>
    <TimeCreated SystemTime=""2023-12-21T11:38:03.3400498Z""/>
    <EventRecordID>6405</EventRecordID>
    <Correlation/>
    <Execution ProcessID=""3400"" ThreadID=""4208""/>
    <Channel>Microsoft-Windows-Sysmon/Operational</Channel>
    <Computer>WinDev2309Eval</Computer>
    <Security UserID=""S-1-5-18""/>
  </System>
  <EventData>
    <Data Name=""RuleName"">DLL</Data>
    <Data Name=""UtcTime"">2023-12-21 11:38:03.333</Data>
    <Data Name=""ProcessGuid"">{f57bd86a-239a-6584-6206-000000000d00}</Data>
    <Data Name=""ProcessId"">6644</Data>
    <Data Name=""Image"">C:\Windows\Microsoft.NET\Framework\v4.0.30319\mscorsvw.exe</Data>
    <Data Name=""TargetFilename"">C:\Windows\assembly\NativeImages_v4.0.30319_32\Temp\19f4-0\NativeFormatWriter.dll</Data>
    <Data Name=""CreationUtcTime"">2023-12-21 11:38:03.333</Data>
    <Data Name=""User"">NT AUTHORITY\SYSTEM</Data>
  </EventData>
</Event>
"
Microsoft-Windows-Sysmon/Operational,,,WinDev2309Eval,38:02.8,,,,,,,,,11,6404,,,,C:\Windows\Microsoft.NET\Framework\v4.0.30319\mscorsvw.exe,,,0x8000000000000000,4,,,,,0,,,,,,,{f57bd86a-239a-6584-6106-000000000d00},3400,10624.0,,,,,,DLL,,,,,,,,,,,,,2023-12-21T11:38:02.7832832Z,C:\Windows\assembly\NativeImages_v4.0.30319_32\Temp\2980-0\McgCodeDom.dll,,,,,,11,,4208,NT AUTHORITY\SYSTEM,S-1-5-18,38:02.8,2.0,"<Event xmlns=""http://schemas.microsoft.com/win/2004/08/events/event"">
  <System>
    <Provider Name=""Microsoft-Windows-Sysmon"" Guid=""{5770385f-c22a-43e0-bf4c-06f5698ffbd9}""/>
    <EventID>11</EventID>
    <Version>2</Version>
    <Level>4</Level>
    <Task>11</Task>
    <Opcode>0</Opcode>
    <Keywords>0x8000000000000000</Keywords>
    <TimeCreated SystemTime=""2023-12-21T11:38:02.7832832Z""/>
    <EventRecordID>6404</EventRecordID>
    <Correlation/>
    <Execution ProcessID=""3400"" ThreadID=""4208""/>
    <Channel>Microsoft-Windows-Sysmon/Operational</Channel>
    <Computer>WinDev2309Eval</Computer>
    <Security UserID=""S-1-5-18""/>
  </System>
  <EventData>
    <Data Name=""RuleName"">DLL</Data>
    <Data Name=""UtcTime"">2023-12-21 11:38:02.770</Data>
    <Data Name=""ProcessGuid"">{f57bd86a-239a-6584-6106-000000000d00}</Data>
    <Data Name=""ProcessId"">10624</Data>
    <Data Name=""Image"">C:\Windows\Microsoft.NET\Framework\v4.0.30319\mscorsvw.exe</Data>
    <Data Name=""TargetFilename"">C:\Windows\assembly\NativeImages_v4.0.30319_32\Temp\2980-0\McgCodeDom.dll</Data>
    <Data Name=""CreationUtcTime"">2023-12-21 11:38:02.770</Data>
    <Data Name=""User"">NT AUTHORITY\SYSTEM</Data>
  </EventData>
</Event>
"
Microsoft-Windows-Sysmon/Operational,,,WinDev2309Eval,38:02.4,,,,,,,,,11,6403,,,,C:\Windows\Microsoft.NET\Framework\v4.0.30319\mscorsvw.exe,,,0x8000000000000000,4,,,,,0,,,,,,,{f57bd86a-2398-6584-6006-000000000d00},3400,6136.0,,,,,,DLL,,,,,,,,,,,,,2023-12-21T11:38:02.4139652Z,C:\Windows\assembly\NativeImages_v4.0.30319_32\Temp\17f8-0\McgEngine.dll,,,,,,11,,4208,NT AUTHORITY\SYSTEM,S-1-5-18,38:02.4,2.0,"<Event xmlns=""http://schemas.microsoft.com/win/2004/08/events/event"">
  <System>
    <Provider Name=""Microsoft-Windows-Sysmon"" Guid=""{5770385f-c22a-43e0-bf4c-06f5698ffbd9}""/>
    <EventID>11</EventID>
    <Version>2</Version>
    <Level>4</Level>
    <Task>11</Task>
    <Opcode>0</Opcode>
    <Keywords>0x8000000000000000</Keywords>
    <TimeCreated SystemTime=""2023-12-21T11:38:02.4139652Z""/>
    <EventRecordID>6403</EventRecordID>
    <Correlation/>
    <Execution ProcessID=""3400"" ThreadID=""4208""/>
    <Channel>Microsoft-Windows-Sysmon/Operational</Channel>
    <Computer>WinDev2309Eval</Computer>
    <Security UserID=""S-1-5-18""/>
  </System>
  <EventData>
    <Data Name=""RuleName"">DLL</Data>
    <Data Name=""UtcTime"">2023-12-21 11:38:02.411</Data>
    <Data Name=""ProcessGuid"">{f57bd86a-2398-6584-6006-000000000d00}</Data>
    <Data Name=""ProcessId"">6136</Data>
    <Data Name=""Image"">C:\Windows\Microsoft.NET\Framework\v4.0.30319\mscorsvw.exe</Data>
    <Data Name=""TargetFilename"">C:\Windows\assembly\NativeImages_v4.0.30319_32\Temp\17f8-0\McgEngine.dll</Data>
    <Data Name=""CreationUtcTime"">2023-12-21 11:38:02.411</Data>
    <Data Name=""User"">NT AUTHORITY\SYSTEM</Data>
  </EventData>
</Event>
"
Microsoft-Windows-Sysmon/Operational,,,WinDev2309Eval,38:00.9,,,,,,,,,11,6402,,,,C:\Windows\Microsoft.NET\Framework\v4.0.30319\mscorsvw.exe,,,0x8000000000000000,4,,,,,0,,,,,,,{f57bd86a-2397-6584-5f06-000000000d00},3400,4292.0,,,,,,DLL,,,,,,,,,,,,,2023-12-21T11:38:00.9243458Z,C:\Windows\assembly\NativeImages_v4.0.30319_32\Temp\10c4-0\ReducerEngine.dll,,,,,,11,,4208,NT AUTHORITY\SYSTEM,S-1-5-18,38:00.9,2.0,"<Event xmlns=""http://schemas.microsoft.com/win/2004/08/events/event"">
  <System>
    <Provider Name=""Microsoft-Windows-Sysmon"" Guid=""{5770385f-c22a-43e0-bf4c-06f5698ffbd9}""/>
    <EventID>11</EventID>
    <Version>2</Version>
    <Level>4</Level>
    <Task>11</Task>
    <Opcode>0</Opcode>
    <Keywords>0x8000000000000000</Keywords>
    <TimeCreated SystemTime=""2023-12-21T11:38:00.9243458Z""/>
    <EventRecordID>6402</EventRecordID>
    <Correlation/>
    <Execution ProcessID=""3400"" ThreadID=""4208""/>
    <Channel>Microsoft-Windows-Sysmon/Operational</Channel>
    <Computer>WinDev2309Eval</Computer>
    <Security UserID=""S-1-5-18""/>
  </System>
  <EventData>
    <Data Name=""RuleName"">DLL</Data>
    <Data Name=""UtcTime"">2023-12-21 11:38:00.910</Data>
    <Data Name=""ProcessGuid"">{f57bd86a-2397-6584-5f06-000000000d00}</Data>
    <Data Name=""ProcessId"">4292</Data>
    <Data Name=""Image"">C:\Windows\Microsoft.NET\Framework\v4.0.30319\mscorsvw.exe</Data>
    <Data Name=""TargetFilename"">C:\Windows\assembly\NativeImages_v4.0.30319_32\Temp\10c4-0\ReducerEngine.dll</Data>
    <Data Name=""CreationUtcTime"">2023-12-21 11:38:00.910</Data>
    <Data Name=""User"">NT AUTHORITY\SYSTEM</Data>
  </EventData>
</Event>
"
Microsoft-Windows-Sysmon/Operational,,,WinDev2309Eval,37:59.8,,,,,,,,,11,6401,,,,C:\Windows\Microsoft.NET\Framework\v4.0.30319\mscorsvw.exe,,,0x8000000000000000,4,,,,,0,,,,,,,{f57bd86a-2397-6584-5e06-000000000d00},3400,13268.0,,,,,,DLL,,,,,,,,,,,,,2023-12-21T11:37:59.8408088Z,C:\Windows\assembly\NativeImages_v4.0.30319_32\Temp\33d4-0\MethodBodyEditor.dll,,,,,,11,,4208,NT AUTHORITY\SYSTEM,S-1-5-18,37:59.8,2.0,"<Event xmlns=""http://schemas.microsoft.com/win/2004/08/events/event"">
  <System>
    <Provider Name=""Microsoft-Windows-Sysmon"" Guid=""{5770385f-c22a-43e0-bf4c-06f5698ffbd9}""/>
    <EventID>11</EventID>
    <Version>2</Version>
    <Level>4</Level>
    <Task>11</Task>
    <Opcode>0</Opcode>
    <Keywords>0x8000000000000000</Keywords>
    <TimeCreated SystemTime=""2023-12-21T11:37:59.8408088Z""/>
    <EventRecordID>6401</EventRecordID>
    <Correlation/>
    <Execution ProcessID=""3400"" ThreadID=""4208""/>
    <Channel>Microsoft-Windows-Sysmon/Operational</Channel>
    <Computer>WinDev2309Eval</Computer>
    <Security UserID=""S-1-5-18""/>
  </System>
  <EventData>
    <Data Name=""RuleName"">DLL</Data>
    <Data Name=""UtcTime"">2023-12-21 11:37:59.830</Data>
    <Data Name=""ProcessGuid"">{f57bd86a-2397-6584-5e06-000000000d00}</Data>
    <Data Name=""ProcessId"">13268</Data>
    <Data Name=""Image"">C:\Windows\Microsoft.NET\Framework\v4.0.30319\mscorsvw.exe</Data>
    <Data Name=""TargetFilename"">C:\Windows\assembly\NativeImages_v4.0.30319_32\Temp\33d4-0\MethodBodyEditor.dll</Data>
    <Data Name=""CreationUtcTime"">2023-12-21 11:37:59.830</Data>
    <Data Name=""User"">NT AUTHORITY\SYSTEM</Data>
  </EventData>
</Event>
"
Microsoft-Windows-Sysmon/Operational,,,WinDev2309Eval,37:59.7,,,,,,,,,11,6400,,,,C:\Windows\Microsoft.NET\Framework\v4.0.30319\mscorsvw.exe,,,0x8000000000000000,4,,,,,0,,,,,,,{f57bd86a-2397-6584-5d06-000000000d00},3400,3684.0,,,,,,DLL,,,,,,,,,,,,,2023-12-21T11:37:59.6916925Z,C:\Windows\assembly\NativeImages_v4.0.30319_32\Temp\e64-0\TypeNameUtilities.dll,,,,,,11,,4208,NT AUTHORITY\SYSTEM,S-1-5-18,37:59.7,2.0,"<Event xmlns=""http://schemas.microsoft.com/win/2004/08/events/event"">
  <System>
    <Provider Name=""Microsoft-Windows-Sysmon"" Guid=""{5770385f-c22a-43e0-bf4c-06f5698ffbd9}""/>
    <EventID>11</EventID>
    <Version>2</Version>
    <Level>4</Level>
    <Task>11</Task>
    <Opcode>0</Opcode>
    <Keywords>0x8000000000000000</Keywords>
    <TimeCreated SystemTime=""2023-12-21T11:37:59.6916925Z""/>
    <EventRecordID>6400</EventRecordID>
    <Correlation/>
    <Execution ProcessID=""3400"" ThreadID=""4208""/>
    <Channel>Microsoft-Windows-Sysmon/Operational</Channel>
    <Computer>WinDev2309Eval</Computer>
    <Security UserID=""S-1-5-18""/>
  </System>
  <EventData>
    <Data Name=""RuleName"">DLL</Data>
    <Data Name=""UtcTime"">2023-12-21 11:37:59.689</Data>
    <Data Name=""ProcessGuid"">{f57bd86a-2397-6584-5d06-000000000d00}</Data>
    <Data Name=""ProcessId"">3684</Data>
    <Data Name=""Image"">C:\Windows\Microsoft.NET\Framework\v4.0.30319\mscorsvw.exe</Data>
    <Data Name=""TargetFilename"">C:\Windows\assembly\NativeImages_v4.0.30319_32\Temp\e64-0\TypeNameUtilities.dll</Data>
    <Data Name=""CreationUtcTime"">2023-12-21 11:37:59.689</Data>
    <Data Name=""User"">NT AUTHORITY\SYSTEM</Data>
  </EventData>
</Event>
"
Microsoft-Windows-Sysmon/Operational,,,WinDev2309Eval,37:59.5,,,,,,,,,11,6399,,,,C:\Windows\Microsoft.NET\Framework\v4.0.30319\mscorsvw.exe,,,0x8000000000000000,4,,,,,0,,,,,,,{f57bd86a-2396-6584-5c06-000000000d00},3400,11084.0,,,,,,DLL,,,,,,,,,,,,,2023-12-21T11:37:59.4611846Z,C:\Windows\assembly\NativeImages_v4.0.30319_32\Temp\2b4c-0\Microsoft.Build.ILTasks.dll,,,,,,11,,4208,NT AUTHORITY\SYSTEM,S-1-5-18,37:59.5,2.0,"<Event xmlns=""http://schemas.microsoft.com/win/2004/08/events/event"">
  <System>
    <Provider Name=""Microsoft-Windows-Sysmon"" Guid=""{5770385f-c22a-43e0-bf4c-06f5698ffbd9}""/>
    <EventID>11</EventID>
    <Version>2</Version>
    <Level>4</Level>
    <Task>11</Task>
    <Opcode>0</Opcode>
    <Keywords>0x8000000000000000</Keywords>
    <TimeCreated SystemTime=""2023-12-21T11:37:59.4611846Z""/>
    <EventRecordID>6399</EventRecordID>
    <Correlation/>
    <Execution ProcessID=""3400"" ThreadID=""4208""/>
    <Channel>Microsoft-Windows-Sysmon/Operational</Channel>
    <Computer>WinDev2309Eval</Computer>
    <Security UserID=""S-1-5-18""/>
  </System>
  <EventData>
    <Data Name=""RuleName"">DLL</Data>
    <Data Name=""UtcTime"">2023-12-21 11:37:59.453</Data>
    <Data Name=""ProcessGuid"">{f57bd86a-2396-6584-5c06-000000000d00}</Data>
    <Data Name=""ProcessId"">11084</Data>
    <Data Name=""Image"">C:\Windows\Microsoft.NET\Framework\v4.0.30319\mscorsvw.exe</Data>
    <Data Name=""TargetFilename"">C:\Windows\assembly\NativeImages_v4.0.30319_32\Temp\2b4c-0\Microsoft.Build.ILTasks.dll</Data>
    <Data Name=""CreationUtcTime"">2023-12-21 11:37:59.453</Data>
    <Data Name=""User"">NT AUTHORITY\SYSTEM</Data>
  </EventData>
</Event>
"
Microsoft-Windows-Sysmon/Operational,,,WinDev2309Eval,37:58.4,,,,,,,,,11,6398,,,,C:\Windows\Microsoft.NET\Framework\v4.0.30319\mscorsvw.exe,,,0x8000000000000000,4,,,,,0,,,,,,,{f57bd86a-2396-6584-5b06-000000000d00},3400,10440.0,,,,,,DLL,,,,,,,,,,,,,2023-12-21T11:37:58.4258583Z,C:\Windows\assembly\NativeImages_v4.0.30319_32\Temp\28c8-0\Gatekeeper.Engine.dll,,,,,,11,,4208,NT AUTHORITY\SYSTEM,S-1-5-18,37:58.4,2.0,"<Event xmlns=""http://schemas.microsoft.com/win/2004/08/events/event"">
  <System>
    <Provider Name=""Microsoft-Windows-Sysmon"" Guid=""{5770385f-c22a-43e0-bf4c-06f5698ffbd9}""/>
    <EventID>11</EventID>
    <Version>2</Version>
    <Level>4</Level>
    <Task>11</Task>
    <Opcode>0</Opcode>
    <Keywords>0x8000000000000000</Keywords>
    <TimeCreated SystemTime=""2023-12-21T11:37:58.4258583Z""/>
    <EventRecordID>6398</EventRecordID>
    <Correlation/>
    <Execution ProcessID=""3400"" ThreadID=""4208""/>
    <Channel>Microsoft-Windows-Sysmon/Operational</Channel>
    <Computer>WinDev2309Eval</Computer>
    <Security UserID=""S-1-5-18""/>
  </System>
  <EventData>
    <Data Name=""RuleName"">DLL</Data>
    <Data Name=""UtcTime"">2023-12-21 11:37:58.422</Data>
    <Data Name=""ProcessGuid"">{f57bd86a-2396-6584-5b06-000000000d00}</Data>
    <Data Name=""ProcessId"">10440</Data>
    <Data Name=""Image"">C:\Windows\Microsoft.NET\Framework\v4.0.30319\mscorsvw.exe</Data>
    <Data Name=""TargetFilename"">C:\Windows\assembly\NativeImages_v4.0.30319_32\Temp\28c8-0\Gatekeeper.Engine.dll</Data>
    <Data Name=""CreationUtcTime"">2023-12-21 11:37:58.422</Data>
    <Data Name=""User"">NT AUTHORITY\SYSTEM</Data>
  </EventData>
</Event>
"
Microsoft-Windows-Sysmon/Operational,,,WinDev2309Eval,37:56.9,,,,,,,,,11,6397,,,,C:\Windows\Microsoft.NET\Framework\v4.0.30319\mscorsvw.exe,,,0x8000000000000000,4,,,,,0,,,,,,,{f57bd86a-2394-6584-5706-000000000d00},3400,5880.0,,,,,,DLL,,,,,,,,,,,,,2023-12-21T11:37:56.8637617Z,C:\Windows\assembly\NativeImages_v4.0.30319_32\Temp\16f8-0\CciExtensions.dll,,,,,,11,,4208,NT AUTHORITY\SYSTEM,S-1-5-18,37:56.9,2.0,"<Event xmlns=""http://schemas.microsoft.com/win/2004/08/events/event"">
  <System>
    <Provider Name=""Microsoft-Windows-Sysmon"" Guid=""{5770385f-c22a-43e0-bf4c-06f5698ffbd9}""/>
    <EventID>11</EventID>
    <Version>2</Version>
    <Level>4</Level>
    <Task>11</Task>
    <Opcode>0</Opcode>
    <Keywords>0x8000000000000000</Keywords>
    <TimeCreated SystemTime=""2023-12-21T11:37:56.8637617Z""/>
    <EventRecordID>6397</EventRecordID>
    <Correlation/>
    <Execution ProcessID=""3400"" ThreadID=""4208""/>
    <Channel>Microsoft-Windows-Sysmon/Operational</Channel>
    <Computer>WinDev2309Eval</Computer>
    <Security UserID=""S-1-5-18""/>
  </System>
  <EventData>
    <Data Name=""RuleName"">DLL</Data>
    <Data Name=""UtcTime"">2023-12-21 11:37:56.860</Data>
    <Data Name=""ProcessGuid"">{f57bd86a-2394-6584-5706-000000000d00}</Data>
    <Data Name=""ProcessId"">5880</Data>
    <Data Name=""Image"">C:\Windows\Microsoft.NET\Framework\v4.0.30319\mscorsvw.exe</Data>
    <Data Name=""TargetFilename"">C:\Windows\assembly\NativeImages_v4.0.30319_32\Temp\16f8-0\CciExtensions.dll</Data>
    <Data Name=""CreationUtcTime"">2023-12-21 11:37:56.860</Data>
    <Data Name=""User"">NT AUTHORITY\SYSTEM</Data>
  </EventData>
</Event>
"
Microsoft-Windows-Sysmon/Operational,,,WinDev2309Eval,37:56.7,,,,,,,,,11,6396,,,,C:\Windows\Microsoft.NET\Framework\v4.0.30319\mscorsvw.exe,,,0x8000000000000000,4,,,,,0,,,,,,,{f57bd86a-2394-6584-5606-000000000d00},3400,13024.0,,,,,,DLL,,,,,,,,,,,,,2023-12-21T11:37:56.6988549Z,C:\Windows\assembly\NativeImages_v4.0.30319_32\Temp\32e0-0\System.IO.Compression.dll,,,,,,11,,4208,NT AUTHORITY\SYSTEM,S-1-5-18,37:56.7,2.0,"<Event xmlns=""http://schemas.microsoft.com/win/2004/08/events/event"">
  <System>
    <Provider Name=""Microsoft-Windows-Sysmon"" Guid=""{5770385f-c22a-43e0-bf4c-06f5698ffbd9}""/>
    <EventID>11</EventID>
    <Version>2</Version>
    <Level>4</Level>
    <Task>11</Task>
    <Opcode>0</Opcode>
    <Keywords>0x8000000000000000</Keywords>
    <TimeCreated SystemTime=""2023-12-21T11:37:56.6988549Z""/>
    <EventRecordID>6396</EventRecordID>
    <Correlation/>
    <Execution ProcessID=""3400"" ThreadID=""4208""/>
    <Channel>Microsoft-Windows-Sysmon/Operational</Channel>
    <Computer>WinDev2309Eval</Computer>
    <Security UserID=""S-1-5-18""/>
  </System>
  <EventData>
    <Data Name=""RuleName"">DLL</Data>
    <Data Name=""UtcTime"">2023-12-21 11:37:56.687</Data>
    <Data Name=""ProcessGuid"">{f57bd86a-2394-6584-5606-000000000d00}</Data>
    <Data Name=""ProcessId"">13024</Data>
    <Data Name=""Image"">C:\Windows\Microsoft.NET\Framework\v4.0.30319\mscorsvw.exe</Data>
    <Data Name=""TargetFilename"">C:\Windows\assembly\NativeImages_v4.0.30319_32\Temp\32e0-0\System.IO.Compression.dll</Data>
    <Data Name=""CreationUtcTime"">2023-12-21 11:37:56.687</Data>
    <Data Name=""User"">NT AUTHORITY\SYSTEM</Data>
  </EventData>
</Event>
"
Microsoft-Windows-Sysmon/Operational,,,WinDev2309Eval,37:56.6,,,,,,,,,11,6395,,,,C:\Windows\Microsoft.NET\Framework\v4.0.30319\mscorsvw.exe,,,0x8000000000000000,4,,,,,0,,,,,,,{f57bd86a-2394-6584-5506-000000000d00},3400,6340.0,,,,,,DLL,,,,,,,,,,,,,2023-12-21T11:37:56.5725154Z,C:\Windows\assembly\NativeImages_v4.0.30319_32\Temp\18c4-0\System.IO.Compression.FileSystem.dll,,,,,,11,,4208,NT AUTHORITY\SYSTEM,S-1-5-18,37:56.6,2.0,"<Event xmlns=""http://schemas.microsoft.com/win/2004/08/events/event"">
  <System>
    <Provider Name=""Microsoft-Windows-Sysmon"" Guid=""{5770385f-c22a-43e0-bf4c-06f5698ffbd9}""/>
    <EventID>11</EventID>
    <Version>2</Version>
    <Level>4</Level>
    <Task>11</Task>
    <Opcode>0</Opcode>
    <Keywords>0x8000000000000000</Keywords>
    <TimeCreated SystemTime=""2023-12-21T11:37:56.5725154Z""/>
    <EventRecordID>6395</EventRecordID>
    <Correlation/>
    <Execution ProcessID=""3400"" ThreadID=""4208""/>
    <Channel>Microsoft-Windows-Sysmon/Operational</Channel>
    <Computer>WinDev2309Eval</Computer>
    <Security UserID=""S-1-5-18""/>
  </System>
  <EventData>
    <Data Name=""RuleName"">DLL</Data>
    <Data Name=""UtcTime"">2023-12-21 11:37:56.561</Data>
    <Data Name=""ProcessGuid"">{f57bd86a-2394-6584-5506-000000000d00}</Data>
    <Data Name=""ProcessId"">6340</Data>
    <Data Name=""Image"">C:\Windows\Microsoft.NET\Framework\v4.0.30319\mscorsvw.exe</Data>
    <Data Name=""TargetFilename"">C:\Windows\assembly\NativeImages_v4.0.30319_32\Temp\18c4-0\System.IO.Compression.FileSystem.dll</Data>
    <Data Name=""CreationUtcTime"">2023-12-21 11:37:56.561</Data>
    <Data Name=""User"">NT AUTHORITY\SYSTEM</Data>
  </EventData>
</Event>
"
Microsoft-Windows-Sysmon/Operational,,,WinDev2309Eval,37:56.4,,,,,,,,,11,6394,,,,C:\Windows\Microsoft.NET\Framework\v4.0.30319\mscorsvw.exe,,,0x8000000000000000,4,,,,,0,,,,,,,{f57bd86a-2391-6584-5406-000000000d00},3400,7664.0,,,,,,DLL,,,,,,,,,,,,,2023-12-21T11:37:56.3661805Z,C:\Windows\assembly\NativeImages_v4.0.30319_32\Temp\1df0-0\Microsoft.Cci.dll,,,,,,11,,4208,NT AUTHORITY\SYSTEM,S-1-5-18,37:56.4,2.0,"<Event xmlns=""http://schemas.microsoft.com/win/2004/08/events/event"">
  <System>
    <Provider Name=""Microsoft-Windows-Sysmon"" Guid=""{5770385f-c22a-43e0-bf4c-06f5698ffbd9}""/>
    <EventID>11</EventID>
    <Version>2</Version>
    <Level>4</Level>
    <Task>11</Task>
    <Opcode>0</Opcode>
    <Keywords>0x8000000000000000</Keywords>
    <TimeCreated SystemTime=""2023-12-21T11:37:56.3661805Z""/>
    <EventRecordID>6394</EventRecordID>
    <Correlation/>
    <Execution ProcessID=""3400"" ThreadID=""4208""/>
    <Channel>Microsoft-Windows-Sysmon/Operational</Channel>
    <Computer>WinDev2309Eval</Computer>
    <Security UserID=""S-1-5-18""/>
  </System>
  <EventData>
    <Data Name=""RuleName"">DLL</Data>
    <Data Name=""UtcTime"">2023-12-21 11:37:56.358</Data>
    <Data Name=""ProcessGuid"">{f57bd86a-2391-6584-5406-000000000d00}</Data>
    <Data Name=""ProcessId"">7664</Data>
    <Data Name=""Image"">C:\Windows\Microsoft.NET\Framework\v4.0.30319\mscorsvw.exe</Data>
    <Data Name=""TargetFilename"">C:\Windows\assembly\NativeImages_v4.0.30319_32\Temp\1df0-0\Microsoft.Cci.dll</Data>
    <Data Name=""CreationUtcTime"">2023-12-21 11:37:56.358</Data>
    <Data Name=""User"">NT AUTHORITY\SYSTEM</Data>
  </EventData>
</Event>
"
Microsoft-Windows-Sysmon/Operational,,,WinDev2309Eval,37:53.8,,,,,,,,,11,6393,,,,C:\Windows\Microsoft.NET\Framework\v4.0.30319\mscorsvw.exe,,,0x8000000000000000,4,,,,,0,,,,,,,{f57bd86a-2391-6584-5306-000000000d00},3400,5196.0,,,,,,DLL,,,,,,,,,,,,,2023-12-21T11:37:53.8414254Z,C:\Windows\assembly\NativeImages_v4.0.30319_32\Temp\144c-0\Microsoft.NetNative.Instrumentation.dll,,,,,,11,,4208,NT AUTHORITY\SYSTEM,S-1-5-18,37:53.8,2.0,"<Event xmlns=""http://schemas.microsoft.com/win/2004/08/events/event"">
  <System>
    <Provider Name=""Microsoft-Windows-Sysmon"" Guid=""{5770385f-c22a-43e0-bf4c-06f5698ffbd9}""/>
    <EventID>11</EventID>
    <Version>2</Version>
    <Level>4</Level>
    <Task>11</Task>
    <Opcode>0</Opcode>
    <Keywords>0x8000000000000000</Keywords>
    <TimeCreated SystemTime=""2023-12-21T11:37:53.8414254Z""/>
    <EventRecordID>6393</EventRecordID>
    <Correlation/>
    <Execution ProcessID=""3400"" ThreadID=""4208""/>
    <Channel>Microsoft-Windows-Sysmon/Operational</Channel>
    <Computer>WinDev2309Eval</Computer>
    <Security UserID=""S-1-5-18""/>
  </System>
  <EventData>
    <Data Name=""RuleName"">DLL</Data>
    <Data Name=""UtcTime"">2023-12-21 11:37:53.839</Data>
    <Data Name=""ProcessGuid"">{f57bd86a-2391-6584-5306-000000000d00}</Data>
    <Data Name=""ProcessId"">5196</Data>
    <Data Name=""Image"">C:\Windows\Microsoft.NET\Framework\v4.0.30319\mscorsvw.exe</Data>
    <Data Name=""TargetFilename"">C:\Windows\assembly\NativeImages_v4.0.30319_32\Temp\144c-0\Microsoft.NetNative.Instrumentation.dll</Data>
    <Data Name=""CreationUtcTime"">2023-12-21 11:37:53.839</Data>
    <Data Name=""User"">NT AUTHORITY\SYSTEM</Data>
  </EventData>
</Event>
"
Microsoft-Windows-Sysmon/Operational,,,WinDev2309Eval,37:53.7,,,,,,,,,11,6392,,,,C:\Windows\Microsoft.NET\Framework\v4.0.30319\mscorsvw.exe,,,0x8000000000000000,4,,,,,0,,,,,,,{f57bd86a-2391-6584-5206-000000000d00},3400,11412.0,,,,,,DLL,,,,,,,,,,,,,2023-12-21T11:37:53.7296603Z,C:\Windows\assembly\NativeImages_v4.0.30319_32\Temp\2c94-0\Microsoft.Build.Engine.dll,,,,,,11,,4208,NT AUTHORITY\SYSTEM,S-1-5-18,37:53.7,2.0,"<Event xmlns=""http://schemas.microsoft.com/win/2004/08/events/event"">
  <System>
    <Provider Name=""Microsoft-Windows-Sysmon"" Guid=""{5770385f-c22a-43e0-bf4c-06f5698ffbd9}""/>
    <EventID>11</EventID>
    <Version>2</Version>
    <Level>4</Level>
    <Task>11</Task>
    <Opcode>0</Opcode>
    <Keywords>0x8000000000000000</Keywords>
    <TimeCreated SystemTime=""2023-12-21T11:37:53.7296603Z""/>
    <EventRecordID>6392</EventRecordID>
    <Correlation/>
    <Execution ProcessID=""3400"" ThreadID=""4208""/>
    <Channel>Microsoft-Windows-Sysmon/Operational</Channel>
    <Computer>WinDev2309Eval</Computer>
    <Security UserID=""S-1-5-18""/>
  </System>
  <EventData>
    <Data Name=""RuleName"">DLL</Data>
    <Data Name=""UtcTime"">2023-12-21 11:37:53.714</Data>
    <Data Name=""ProcessGuid"">{f57bd86a-2391-6584-5206-000000000d00}</Data>
    <Data Name=""ProcessId"">11412</Data>
    <Data Name=""Image"">C:\Windows\Microsoft.NET\Framework\v4.0.30319\mscorsvw.exe</Data>
    <Data Name=""TargetFilename"">C:\Windows\assembly\NativeImages_v4.0.30319_32\Temp\2c94-0\Microsoft.Build.Engine.dll</Data>
    <Data Name=""CreationUtcTime"">2023-12-21 11:37:53.714</Data>
    <Data Name=""User"">NT AUTHORITY\SYSTEM</Data>
  </EventData>
</Event>
"
Microsoft-Windows-Sysmon/Operational,,,WinDev2309Eval,37:53.0,,,,,,,,,11,6391,,,,C:\Windows\Microsoft.NET\Framework\v4.0.30319\mscorsvw.exe,,,0x8000000000000000,4,,,,,0,,,,,,,{f57bd86a-2390-6584-5106-000000000d00},3400,11884.0,,,,,,DLL,,,,,,,,,,,,,2023-12-21T11:37:53.0358038Z,C:\Windows\assembly\NativeImages_v4.0.30319_32\Temp\2e6c-0\Microsoft.Internal.Tasks.Dataflow.dll,,,,,,11,,4208,NT AUTHORITY\SYSTEM,S-1-5-18,37:53.0,2.0,"<Event xmlns=""http://schemas.microsoft.com/win/2004/08/events/event"">
  <System>
    <Provider Name=""Microsoft-Windows-Sysmon"" Guid=""{5770385f-c22a-43e0-bf4c-06f5698ffbd9}""/>
    <EventID>11</EventID>
    <Version>2</Version>
    <Level>4</Level>
    <Task>11</Task>
    <Opcode>0</Opcode>
    <Keywords>0x8000000000000000</Keywords>
    <TimeCreated SystemTime=""2023-12-21T11:37:53.0358038Z""/>
    <EventRecordID>6391</EventRecordID>
    <Correlation/>
    <Execution ProcessID=""3400"" ThreadID=""4208""/>
    <Channel>Microsoft-Windows-Sysmon/Operational</Channel>
    <Computer>WinDev2309Eval</Computer>
    <Security UserID=""S-1-5-18""/>
  </System>
  <EventData>
    <Data Name=""RuleName"">DLL</Data>
    <Data Name=""UtcTime"">2023-12-21 11:37:53.027</Data>
    <Data Name=""ProcessGuid"">{f57bd86a-2390-6584-5106-000000000d00}</Data>
    <Data Name=""ProcessId"">11884</Data>
    <Data Name=""Image"">C:\Windows\Microsoft.NET\Framework\v4.0.30319\mscorsvw.exe</Data>
    <Data Name=""TargetFilename"">C:\Windows\assembly\NativeImages_v4.0.30319_32\Temp\2e6c-0\Microsoft.Internal.Tasks.Dataflow.dll</Data>
    <Data Name=""CreationUtcTime"">2023-12-21 11:37:53.027</Data>
    <Data Name=""User"">NT AUTHORITY\SYSTEM</Data>
  </EventData>
</Event>
"
Microsoft-Windows-Sysmon/Operational,,,WinDev2309Eval,37:52.4,,,,,,,,,11,6390,,,,C:\Windows\Microsoft.NET\Framework\v4.0.30319\mscorsvw.exe,,,0x8000000000000000,4,,,,,0,,,,,,,{f57bd86a-238e-6584-5006-000000000d00},3400,13108.0,,,,,,DLL,,,,,,,,,,,,,2023-12-21T11:37:52.4506162Z,C:\Windows\assembly\NativeImages_v4.0.30319_32\Temp\3334-0\Microsoft.Build.dll,,,,,,11,,4208,NT AUTHORITY\SYSTEM,S-1-5-18,37:52.4,2.0,"<Event xmlns=""http://schemas.microsoft.com/win/2004/08/events/event"">
  <System>
    <Provider Name=""Microsoft-Windows-Sysmon"" Guid=""{5770385f-c22a-43e0-bf4c-06f5698ffbd9}""/>
    <EventID>11</EventID>
    <Version>2</Version>
    <Level>4</Level>
    <Task>11</Task>
    <Opcode>0</Opcode>
    <Keywords>0x8000000000000000</Keywords>
    <TimeCreated SystemTime=""2023-12-21T11:37:52.4506162Z""/>
    <EventRecordID>6390</EventRecordID>
    <Correlation/>
    <Execution ProcessID=""3400"" ThreadID=""4208""/>
    <Channel>Microsoft-Windows-Sysmon/Operational</Channel>
    <Computer>WinDev2309Eval</Computer>
    <Security UserID=""S-1-5-18""/>
  </System>
  <EventData>
    <Data Name=""RuleName"">DLL</Data>
    <Data Name=""UtcTime"">2023-12-21 11:37:52.446</Data>
    <Data Name=""ProcessGuid"">{f57bd86a-238e-6584-5006-000000000d00}</Data>
    <Data Name=""ProcessId"">13108</Data>
    <Data Name=""Image"">C:\Windows\Microsoft.NET\Framework\v4.0.30319\mscorsvw.exe</Data>
    <Data Name=""TargetFilename"">C:\Windows\assembly\NativeImages_v4.0.30319_32\Temp\3334-0\Microsoft.Build.dll</Data>
    <Data Name=""CreationUtcTime"">2023-12-21 11:37:52.446</Data>
    <Data Name=""User"">NT AUTHORITY\SYSTEM</Data>
  </EventData>
</Event>
"
Microsoft-Windows-Sysmon/Operational,,,WinDev2309Eval,37:50.1,,,,,,,,,11,6389,,,,C:\Windows\Microsoft.NET\Framework\v4.0.30319\mscorsvw.exe,,,0x8000000000000000,4,,,,,0,,,,,,,{f57bd86a-238d-6584-4f06-000000000d00},3400,10248.0,,,,,,DLL,,,,,,,,,,,,,2023-12-21T11:37:50.0967192Z,C:\Windows\assembly\NativeImages_v4.0.30319_32\Temp\2808-0\Microsoft.ApplicationInsights.UniversalTelemetryChannel.dll,,,,,,11,,4208,NT AUTHORITY\SYSTEM,S-1-5-18,37:50.1,2.0,"<Event xmlns=""http://schemas.microsoft.com/win/2004/08/events/event"">
  <System>
    <Provider Name=""Microsoft-Windows-Sysmon"" Guid=""{5770385f-c22a-43e0-bf4c-06f5698ffbd9}""/>
    <EventID>11</EventID>
    <Version>2</Version>
    <Level>4</Level>
    <Task>11</Task>
    <Opcode>0</Opcode>
    <Keywords>0x8000000000000000</Keywords>
    <TimeCreated SystemTime=""2023-12-21T11:37:50.0967192Z""/>
    <EventRecordID>6389</EventRecordID>
    <Correlation/>
    <Execution ProcessID=""3400"" ThreadID=""4208""/>
    <Channel>Microsoft-Windows-Sysmon/Operational</Channel>
    <Computer>WinDev2309Eval</Computer>
    <Security UserID=""S-1-5-18""/>
  </System>
  <EventData>
    <Data Name=""RuleName"">DLL</Data>
    <Data Name=""UtcTime"">2023-12-21 11:37:50.085</Data>
    <Data Name=""ProcessGuid"">{f57bd86a-238d-6584-4f06-000000000d00}</Data>
    <Data Name=""ProcessId"">10248</Data>
    <Data Name=""Image"">C:\Windows\Microsoft.NET\Framework\v4.0.30319\mscorsvw.exe</Data>
    <Data Name=""TargetFilename"">C:\Windows\assembly\NativeImages_v4.0.30319_32\Temp\2808-0\Microsoft.ApplicationInsights.UniversalTelemetryChannel.dll</Data>
    <Data Name=""CreationUtcTime"">2023-12-21 11:37:50.085</Data>
    <Data Name=""User"">NT AUTHORITY\SYSTEM</Data>
  </EventData>
</Event>
"
Microsoft-Windows-Sysmon/Operational,,,WinDev2309Eval,37:50.0,,,,,,,,,11,6388,,,,C:\Windows\Microsoft.NET\Framework\v4.0.30319\mscorsvw.exe,,,0x8000000000000000,4,,,,,0,,,,,,,{f57bd86a-238d-6584-4e06-000000000d00},3400,10104.0,,,,,,DLL,,,,,,,,,,,,,2023-12-21T11:37:49.9703986Z,C:\Windows\assembly\NativeImages_v4.0.30319_32\Temp\2778-0\Microsoft.ApplicationInsights.PersistenceChannel.dll,,,,,,11,,4208,NT AUTHORITY\SYSTEM,S-1-5-18,37:50.0,2.0,"<Event xmlns=""http://schemas.microsoft.com/win/2004/08/events/event"">
  <System>
    <Provider Name=""Microsoft-Windows-Sysmon"" Guid=""{5770385f-c22a-43e0-bf4c-06f5698ffbd9}""/>
    <EventID>11</EventID>
    <Version>2</Version>
    <Level>4</Level>
    <Task>11</Task>
    <Opcode>0</Opcode>
    <Keywords>0x8000000000000000</Keywords>
    <TimeCreated SystemTime=""2023-12-21T11:37:49.9703986Z""/>
    <EventRecordID>6388</EventRecordID>
    <Correlation/>
    <Execution ProcessID=""3400"" ThreadID=""4208""/>
    <Channel>Microsoft-Windows-Sysmon/Operational</Channel>
    <Computer>WinDev2309Eval</Computer>
    <Security UserID=""S-1-5-18""/>
  </System>
  <EventData>
    <Data Name=""RuleName"">DLL</Data>
    <Data Name=""UtcTime"">2023-12-21 11:37:49.960</Data>
    <Data Name=""ProcessGuid"">{f57bd86a-238d-6584-4e06-000000000d00}</Data>
    <Data Name=""ProcessId"">10104</Data>
    <Data Name=""Image"">C:\Windows\Microsoft.NET\Framework\v4.0.30319\mscorsvw.exe</Data>
    <Data Name=""TargetFilename"">C:\Windows\assembly\NativeImages_v4.0.30319_32\Temp\2778-0\Microsoft.ApplicationInsights.PersistenceChannel.dll</Data>
    <Data Name=""CreationUtcTime"">2023-12-21 11:37:49.960</Data>
    <Data Name=""User"">NT AUTHORITY\SYSTEM</Data>
  </EventData>
</Event>
"
