Channel,CommandLine,Company,Computer,CreationUtcTime,CurrentDirectory,Description,DestinationHostname,DestinationIp,DestinationIsIpv6,DestinationPort,DestinationPortName,Details,EventID,EventRecordID,EventType,FileVersion,Hashes,Image,Initiated,IntegrityLevel,Keywords,Level,LogonGuid,LogonId,Message,NewThreadId,Opcode,OriginalFileName,ParentCommandLine,ParentImage,ParentProcessGuid,ParentProcessId,ParentUser,ProcessGuid,ProcessID,ProcessId,Product,Protocol,QueryName,QueryResults,QueryStatus,RuleName,SourceHostname,SourceImage,SourceIp,SourceIsIpv6,SourcePort,SourcePortName,SourceProcessGuid,SourceProcessId,SourceUser,StartAddress,StartFunction,StartModule,SystemTime,TargetFilename,TargetImage,TargetObject,TargetProcessGuid,TargetProcessId,TargetUser,Task,TerminalSessionId,ThreadID,User,UserID,UtcTime,Version,raw
Microsoft-Windows-Sysmon/Operational,,,WinDev2309Eval,,,,,,,,,8/2/2018 19:35,13,3659,SetValue,,,C:\Windows\system32\compattelrunner.exe,,,0x8000000000000000,4,,,,,0,,,,,,,{f57bd86a-0db8-6582-d405-000000000b00},10484,3276.0,,,,,,InvDB-CompileTimeClaim,,,,,,,,,,,,,2023-12-19T21:40:15.7840157Z,,,\REGISTRY\A\{bd75d637-a777-f887-435f-6fd9b1f1f54b}\Root\InventoryApplicationFile\mspdbsrv.exe|83247ae2ef1f40c1\LinkDate,,,,13,,10592,NT AUTHORITY\SYSTEM,S-1-5-18,40:15.8,2.0,"<Event xmlns=""http://schemas.microsoft.com/win/2004/08/events/event"">
  <System>
    <Provider Name=""Microsoft-Windows-Sysmon"" Guid=""{5770385f-c22a-43e0-bf4c-06f5698ffbd9}""/>
    <EventID>13</EventID>
    <Version>2</Version>
    <Level>4</Level>
    <Task>13</Task>
    <Opcode>0</Opcode>
    <Keywords>0x8000000000000000</Keywords>
    <TimeCreated SystemTime=""2023-12-19T21:40:15.7840157Z""/>
    <EventRecordID>3659</EventRecordID>
    <Correlation/>
    <Execution ProcessID=""10484"" ThreadID=""10592""/>
    <Channel>Microsoft-Windows-Sysmon/Operational</Channel>
    <Computer>WinDev2309Eval</Computer>
    <Security UserID=""S-1-5-18""/>
  </System>
  <EventData>
    <Data Name=""RuleName"">InvDB-CompileTimeClaim</Data>
    <Data Name=""EventType"">SetValue</Data>
    <Data Name=""UtcTime"">2023-12-19 21:40:15.770</Data>
    <Data Name=""ProcessGuid"">{f57bd86a-0db8-6582-d405-000000000b00}</Data>
    <Data Name=""ProcessId"">3276</Data>
    <Data Name=""Image"">C:\Windows\system32\compattelrunner.exe</Data>
    <Data Name=""TargetObject"">\REGISTRY\A\{bd75d637-a777-f887-435f-6fd9b1f1f54b}\Root\InventoryApplicationFile\mspdbsrv.exe|83247ae2ef1f40c1\LinkDate</Data>
    <Data Name=""Details"">08/02/2018 19:35:59</Data>
    <Data Name=""User"">NT AUTHORITY\SYSTEM</Data>
  </EventData>
</Event>
"
Microsoft-Windows-Sysmon/Operational,,,WinDev2309Eval,,,,,,,,,microsoft corporation,13,3658,SetValue,,,C:\Windows\system32\compattelrunner.exe,,,0x8000000000000000,4,,,,,0,,,,,,,{f57bd86a-0db8-6582-d405-000000000b00},10484,3276.0,,,,,,InvDB-Pub,,,,,,,,,,,,,2023-12-19T21:40:15.7837028Z,,,\REGISTRY\A\{bd75d637-a777-f887-435f-6fd9b1f1f54b}\Root\InventoryApplicationFile\mspdbsrv.exe|83247ae2ef1f40c1\Publisher,,,,13,,10592,NT AUTHORITY\SYSTEM,S-1-5-18,40:15.8,2.0,"<Event xmlns=""http://schemas.microsoft.com/win/2004/08/events/event"">
  <System>
    <Provider Name=""Microsoft-Windows-Sysmon"" Guid=""{5770385f-c22a-43e0-bf4c-06f5698ffbd9}""/>
    <EventID>13</EventID>
    <Version>2</Version>
    <Level>4</Level>
    <Task>13</Task>
    <Opcode>0</Opcode>
    <Keywords>0x8000000000000000</Keywords>
    <TimeCreated SystemTime=""2023-12-19T21:40:15.7837028Z""/>
    <EventRecordID>3658</EventRecordID>
    <Correlation/>
    <Execution ProcessID=""10484"" ThreadID=""10592""/>
    <Channel>Microsoft-Windows-Sysmon/Operational</Channel>
    <Computer>WinDev2309Eval</Computer>
    <Security UserID=""S-1-5-18""/>
  </System>
  <EventData>
    <Data Name=""RuleName"">InvDB-Pub</Data>
    <Data Name=""EventType"">SetValue</Data>
    <Data Name=""UtcTime"">2023-12-19 21:40:15.770</Data>
    <Data Name=""ProcessGuid"">{f57bd86a-0db8-6582-d405-000000000b00}</Data>
    <Data Name=""ProcessId"">3276</Data>
    <Data Name=""Image"">C:\Windows\system32\compattelrunner.exe</Data>
    <Data Name=""TargetObject"">\REGISTRY\A\{bd75d637-a777-f887-435f-6fd9b1f1f54b}\Root\InventoryApplicationFile\mspdbsrv.exe|83247ae2ef1f40c1\Publisher</Data>
    <Data Name=""Details"">microsoft corporation</Data>
    <Data Name=""User"">NT AUTHORITY\SYSTEM</Data>
  </EventData>
</Event>
"
Microsoft-Windows-Sysmon/Operational,,,WinDev2309Eval,,,,,,,,,c:\program files (x86)\microsoft sdks\uwpnugetpackages\runtime.win10-arm64.microsoft.net.native.compiler\2.2.12-rel-31116-00\tools\arm64\ilc\tools\link\mspdbsrv.exe,13,3657,SetValue,,,C:\Windows\system32\compattelrunner.exe,,,0x8000000000000000,4,,,,,0,,,,,,,{f57bd86a-0db8-6582-d405-000000000b00},10484,3276.0,,,,,,InvDB-Path,,,,,,,,,,,,,2023-12-19T21:40:15.7835449Z,,,\REGISTRY\A\{bd75d637-a777-f887-435f-6fd9b1f1f54b}\Root\InventoryApplicationFile\mspdbsrv.exe|83247ae2ef1f40c1\LowerCaseLongPath,,,,13,,10592,NT AUTHORITY\SYSTEM,S-1-5-18,40:15.8,2.0,"<Event xmlns=""http://schemas.microsoft.com/win/2004/08/events/event"">
  <System>
    <Provider Name=""Microsoft-Windows-Sysmon"" Guid=""{5770385f-c22a-43e0-bf4c-06f5698ffbd9}""/>
    <EventID>13</EventID>
    <Version>2</Version>
    <Level>4</Level>
    <Task>13</Task>
    <Opcode>0</Opcode>
    <Keywords>0x8000000000000000</Keywords>
    <TimeCreated SystemTime=""2023-12-19T21:40:15.7835449Z""/>
    <EventRecordID>3657</EventRecordID>
    <Correlation/>
    <Execution ProcessID=""10484"" ThreadID=""10592""/>
    <Channel>Microsoft-Windows-Sysmon/Operational</Channel>
    <Computer>WinDev2309Eval</Computer>
    <Security UserID=""S-1-5-18""/>
  </System>
  <EventData>
    <Data Name=""RuleName"">InvDB-Path</Data>
    <Data Name=""EventType"">SetValue</Data>
    <Data Name=""UtcTime"">2023-12-19 21:40:15.770</Data>
    <Data Name=""ProcessGuid"">{f57bd86a-0db8-6582-d405-000000000b00}</Data>
    <Data Name=""ProcessId"">3276</Data>
    <Data Name=""Image"">C:\Windows\system32\compattelrunner.exe</Data>
    <Data Name=""TargetObject"">\REGISTRY\A\{bd75d637-a777-f887-435f-6fd9b1f1f54b}\Root\InventoryApplicationFile\mspdbsrv.exe|83247ae2ef1f40c1\LowerCaseLongPath</Data>
    <Data Name=""Details"">c:\program files (x86)\microsoft sdks\uwpnugetpackages\runtime.win10-arm64.microsoft.net.native.compiler\2.2.12-rel-31116-00\tools\arm64\ilc\tools\link\mspdbsrv.exe</Data>
    <Data Name=""User"">NT AUTHORITY\SYSTEM</Data>
  </EventData>
</Event>
"
Microsoft-Windows-Sysmon/Operational,,,WinDev2309Eval,,,,,,,,,2.2.31116.0,13,3656,SetValue,,,C:\Windows\system32\compattelrunner.exe,,,0x8000000000000000,4,,,,,0,,,,,,,{f57bd86a-0db8-6582-d405-000000000b00},10484,3276.0,,,,,,InvDB-Ver,,,,,,,,,,,,,2023-12-19T21:40:15.7807471Z,,,\REGISTRY\A\{bd75d637-a777-f887-435f-6fd9b1f1f54b}\Root\InventoryApplicationFile\makenativewinmd.|dccb822250ddd421\BinProductVersion,,,,13,,10592,NT AUTHORITY\SYSTEM,S-1-5-18,40:15.8,2.0,"<Event xmlns=""http://schemas.microsoft.com/win/2004/08/events/event"">
  <System>
    <Provider Name=""Microsoft-Windows-Sysmon"" Guid=""{5770385f-c22a-43e0-bf4c-06f5698ffbd9}""/>
    <EventID>13</EventID>
    <Version>2</Version>
    <Level>4</Level>
    <Task>13</Task>
    <Opcode>0</Opcode>
    <Keywords>0x8000000000000000</Keywords>
    <TimeCreated SystemTime=""2023-12-19T21:40:15.7807471Z""/>
    <EventRecordID>3656</EventRecordID>
    <Correlation/>
    <Execution ProcessID=""10484"" ThreadID=""10592""/>
    <Channel>Microsoft-Windows-Sysmon/Operational</Channel>
    <Computer>WinDev2309Eval</Computer>
    <Security UserID=""S-1-5-18""/>
  </System>
  <EventData>
    <Data Name=""RuleName"">InvDB-Ver</Data>
    <Data Name=""EventType"">SetValue</Data>
    <Data Name=""UtcTime"">2023-12-19 21:40:15.770</Data>
    <Data Name=""ProcessGuid"">{f57bd86a-0db8-6582-d405-000000000b00}</Data>
    <Data Name=""ProcessId"">3276</Data>
    <Data Name=""Image"">C:\Windows\system32\compattelrunner.exe</Data>
    <Data Name=""TargetObject"">\REGISTRY\A\{bd75d637-a777-f887-435f-6fd9b1f1f54b}\Root\InventoryApplicationFile\makenativewinmd.|dccb822250ddd421\BinProductVersion</Data>
    <Data Name=""Details"">2.2.31116.0</Data>
    <Data Name=""User"">NT AUTHORITY\SYSTEM</Data>
  </EventData>
</Event>
"
Microsoft-Windows-Sysmon/Operational,,,WinDev2309Eval,,,,,,,,,3/16/2022 17:41,13,3655,SetValue,,,C:\Windows\system32\compattelrunner.exe,,,0x8000000000000000,4,,,,,0,,,,,,,{f57bd86a-0db8-6582-d405-000000000b00},10484,3276.0,,,,,,InvDB-CompileTimeClaim,,,,,,,,,,,,,2023-12-19T21:40:15.7806917Z,,,\REGISTRY\A\{bd75d637-a777-f887-435f-6fd9b1f1f54b}\Root\InventoryApplicationFile\makenativewinmd.|dccb822250ddd421\LinkDate,,,,13,,10592,NT AUTHORITY\SYSTEM,S-1-5-18,40:15.8,2.0,"<Event xmlns=""http://schemas.microsoft.com/win/2004/08/events/event"">
  <System>
    <Provider Name=""Microsoft-Windows-Sysmon"" Guid=""{5770385f-c22a-43e0-bf4c-06f5698ffbd9}""/>
    <EventID>13</EventID>
    <Version>2</Version>
    <Level>4</Level>
    <Task>13</Task>
    <Opcode>0</Opcode>
    <Keywords>0x8000000000000000</Keywords>
    <TimeCreated SystemTime=""2023-12-19T21:40:15.7806917Z""/>
    <EventRecordID>3655</EventRecordID>
    <Correlation/>
    <Execution ProcessID=""10484"" ThreadID=""10592""/>
    <Channel>Microsoft-Windows-Sysmon/Operational</Channel>
    <Computer>WinDev2309Eval</Computer>
    <Security UserID=""S-1-5-18""/>
  </System>
  <EventData>
    <Data Name=""RuleName"">InvDB-CompileTimeClaim</Data>
    <Data Name=""EventType"">SetValue</Data>
    <Data Name=""UtcTime"">2023-12-19 21:40:15.770</Data>
    <Data Name=""ProcessGuid"">{f57bd86a-0db8-6582-d405-000000000b00}</Data>
    <Data Name=""ProcessId"">3276</Data>
    <Data Name=""Image"">C:\Windows\system32\compattelrunner.exe</Data>
    <Data Name=""TargetObject"">\REGISTRY\A\{bd75d637-a777-f887-435f-6fd9b1f1f54b}\Root\InventoryApplicationFile\makenativewinmd.|dccb822250ddd421\LinkDate</Data>
    <Data Name=""Details"">03/16/2022 17:41:20</Data>
    <Data Name=""User"">NT AUTHORITY\SYSTEM</Data>
  </EventData>
</Event>
"
Microsoft-Windows-Sysmon/Operational,,,WinDev2309Eval,,,,,,,,,microsoft corporation,13,3654,SetValue,,,C:\Windows\system32\compattelrunner.exe,,,0x8000000000000000,4,,,,,0,,,,,,,{f57bd86a-0db8-6582-d405-000000000b00},10484,3276.0,,,,,,InvDB-Pub,,,,,,,,,,,,,2023-12-19T21:40:15.7803722Z,,,\REGISTRY\A\{bd75d637-a777-f887-435f-6fd9b1f1f54b}\Root\InventoryApplicationFile\makenativewinmd.|dccb822250ddd421\Publisher,,,,13,,10592,NT AUTHORITY\SYSTEM,S-1-5-18,40:15.8,2.0,"<Event xmlns=""http://schemas.microsoft.com/win/2004/08/events/event"">
  <System>
    <Provider Name=""Microsoft-Windows-Sysmon"" Guid=""{5770385f-c22a-43e0-bf4c-06f5698ffbd9}""/>
    <EventID>13</EventID>
    <Version>2</Version>
    <Level>4</Level>
    <Task>13</Task>
    <Opcode>0</Opcode>
    <Keywords>0x8000000000000000</Keywords>
    <TimeCreated SystemTime=""2023-12-19T21:40:15.7803722Z""/>
    <EventRecordID>3654</EventRecordID>
    <Correlation/>
    <Execution ProcessID=""10484"" ThreadID=""10592""/>
    <Channel>Microsoft-Windows-Sysmon/Operational</Channel>
    <Computer>WinDev2309Eval</Computer>
    <Security UserID=""S-1-5-18""/>
  </System>
  <EventData>
    <Data Name=""RuleName"">InvDB-Pub</Data>
    <Data Name=""EventType"">SetValue</Data>
    <Data Name=""UtcTime"">2023-12-19 21:40:15.770</Data>
    <Data Name=""ProcessGuid"">{f57bd86a-0db8-6582-d405-000000000b00}</Data>
    <Data Name=""ProcessId"">3276</Data>
    <Data Name=""Image"">C:\Windows\system32\compattelrunner.exe</Data>
    <Data Name=""TargetObject"">\REGISTRY\A\{bd75d637-a777-f887-435f-6fd9b1f1f54b}\Root\InventoryApplicationFile\makenativewinmd.|dccb822250ddd421\Publisher</Data>
    <Data Name=""Details"">microsoft corporation</Data>
    <Data Name=""User"">NT AUTHORITY\SYSTEM</Data>
  </EventData>
</Event>
"
Microsoft-Windows-Sysmon/Operational,,,WinDev2309Eval,,,,,,,,,c:\program files (x86)\microsoft sdks\uwpnugetpackages\runtime.win10-arm.microsoft.net.native.compiler\2.2.12-rel-31116-00\tools\arm\ilc\tools\makenativewinmd.exe,13,3653,SetValue,,,C:\Windows\system32\compattelrunner.exe,,,0x8000000000000000,4,,,,,0,,,,,,,{f57bd86a-0db8-6582-d405-000000000b00},10484,3276.0,,,,,,InvDB-Path,,,,,,,,,,,,,2023-12-19T21:40:15.7802132Z,,,\REGISTRY\A\{bd75d637-a777-f887-435f-6fd9b1f1f54b}\Root\InventoryApplicationFile\makenativewinmd.|dccb822250ddd421\LowerCaseLongPath,,,,13,,10592,NT AUTHORITY\SYSTEM,S-1-5-18,40:15.8,2.0,"<Event xmlns=""http://schemas.microsoft.com/win/2004/08/events/event"">
  <System>
    <Provider Name=""Microsoft-Windows-Sysmon"" Guid=""{5770385f-c22a-43e0-bf4c-06f5698ffbd9}""/>
    <EventID>13</EventID>
    <Version>2</Version>
    <Level>4</Level>
    <Task>13</Task>
    <Opcode>0</Opcode>
    <Keywords>0x8000000000000000</Keywords>
    <TimeCreated SystemTime=""2023-12-19T21:40:15.7802132Z""/>
    <EventRecordID>3653</EventRecordID>
    <Correlation/>
    <Execution ProcessID=""10484"" ThreadID=""10592""/>
    <Channel>Microsoft-Windows-Sysmon/Operational</Channel>
    <Computer>WinDev2309Eval</Computer>
    <Security UserID=""S-1-5-18""/>
  </System>
  <EventData>
    <Data Name=""RuleName"">InvDB-Path</Data>
    <Data Name=""EventType"">SetValue</Data>
    <Data Name=""UtcTime"">2023-12-19 21:40:15.770</Data>
    <Data Name=""ProcessGuid"">{f57bd86a-0db8-6582-d405-000000000b00}</Data>
    <Data Name=""ProcessId"">3276</Data>
    <Data Name=""Image"">C:\Windows\system32\compattelrunner.exe</Data>
    <Data Name=""TargetObject"">\REGISTRY\A\{bd75d637-a777-f887-435f-6fd9b1f1f54b}\Root\InventoryApplicationFile\makenativewinmd.|dccb822250ddd421\LowerCaseLongPath</Data>
    <Data Name=""Details"">c:\program files (x86)\microsoft sdks\uwpnugetpackages\runtime.win10-arm.microsoft.net.native.compiler\2.2.12-rel-31116-00\tools\arm\ilc\tools\makenativewinmd.exe</Data>
    <Data Name=""User"">NT AUTHORITY\SYSTEM</Data>
  </EventData>
</Event>
"
Microsoft-Windows-Sysmon/Operational,,,WinDev2309Eval,,,,,,,,,2.2.31116.0,13,3652,SetValue,,,C:\Windows\system32\compattelrunner.exe,,,0x8000000000000000,4,,,,,0,,,,,,,{f57bd86a-0db8-6582-d405-000000000b00},10484,3276.0,,,,,,InvDB-Ver,,,,,,,,,,,,,2023-12-19T21:40:15.7798978Z,,,\REGISTRY\A\{bd75d637-a777-f887-435f-6fd9b1f1f54b}\Root\InventoryApplicationFile\makenativewinmd.|b76c434c13b2ffdf\BinProductVersion,,,,13,,10592,NT AUTHORITY\SYSTEM,S-1-5-18,40:15.8,2.0,"<Event xmlns=""http://schemas.microsoft.com/win/2004/08/events/event"">
  <System>
    <Provider Name=""Microsoft-Windows-Sysmon"" Guid=""{5770385f-c22a-43e0-bf4c-06f5698ffbd9}""/>
    <EventID>13</EventID>
    <Version>2</Version>
    <Level>4</Level>
    <Task>13</Task>
    <Opcode>0</Opcode>
    <Keywords>0x8000000000000000</Keywords>
    <TimeCreated SystemTime=""2023-12-19T21:40:15.7798978Z""/>
    <EventRecordID>3652</EventRecordID>
    <Correlation/>
    <Execution ProcessID=""10484"" ThreadID=""10592""/>
    <Channel>Microsoft-Windows-Sysmon/Operational</Channel>
    <Computer>WinDev2309Eval</Computer>
    <Security UserID=""S-1-5-18""/>
  </System>
  <EventData>
    <Data Name=""RuleName"">InvDB-Ver</Data>
    <Data Name=""EventType"">SetValue</Data>
    <Data Name=""UtcTime"">2023-12-19 21:40:15.770</Data>
    <Data Name=""ProcessGuid"">{f57bd86a-0db8-6582-d405-000000000b00}</Data>
    <Data Name=""ProcessId"">3276</Data>
    <Data Name=""Image"">C:\Windows\system32\compattelrunner.exe</Data>
    <Data Name=""TargetObject"">\REGISTRY\A\{bd75d637-a777-f887-435f-6fd9b1f1f54b}\Root\InventoryApplicationFile\makenativewinmd.|b76c434c13b2ffdf\BinProductVersion</Data>
    <Data Name=""Details"">2.2.31116.0</Data>
    <Data Name=""User"">NT AUTHORITY\SYSTEM</Data>
  </EventData>
</Event>
"
Microsoft-Windows-Sysmon/Operational,,,WinDev2309Eval,,,,,,,,,3/16/2022 17:06,13,3651,SetValue,,,C:\Windows\system32\compattelrunner.exe,,,0x8000000000000000,4,,,,,0,,,,,,,{f57bd86a-0db8-6582-d405-000000000b00},10484,3276.0,,,,,,InvDB-CompileTimeClaim,,,,,,,,,,,,,2023-12-19T21:40:15.7798406Z,,,\REGISTRY\A\{bd75d637-a777-f887-435f-6fd9b1f1f54b}\Root\InventoryApplicationFile\makenativewinmd.|b76c434c13b2ffdf\LinkDate,,,,13,,10592,NT AUTHORITY\SYSTEM,S-1-5-18,40:15.8,2.0,"<Event xmlns=""http://schemas.microsoft.com/win/2004/08/events/event"">
  <System>
    <Provider Name=""Microsoft-Windows-Sysmon"" Guid=""{5770385f-c22a-43e0-bf4c-06f5698ffbd9}""/>
    <EventID>13</EventID>
    <Version>2</Version>
    <Level>4</Level>
    <Task>13</Task>
    <Opcode>0</Opcode>
    <Keywords>0x8000000000000000</Keywords>
    <TimeCreated SystemTime=""2023-12-19T21:40:15.7798406Z""/>
    <EventRecordID>3651</EventRecordID>
    <Correlation/>
    <Execution ProcessID=""10484"" ThreadID=""10592""/>
    <Channel>Microsoft-Windows-Sysmon/Operational</Channel>
    <Computer>WinDev2309Eval</Computer>
    <Security UserID=""S-1-5-18""/>
  </System>
  <EventData>
    <Data Name=""RuleName"">InvDB-CompileTimeClaim</Data>
    <Data Name=""EventType"">SetValue</Data>
    <Data Name=""UtcTime"">2023-12-19 21:40:15.770</Data>
    <Data Name=""ProcessGuid"">{f57bd86a-0db8-6582-d405-000000000b00}</Data>
    <Data Name=""ProcessId"">3276</Data>
    <Data Name=""Image"">C:\Windows\system32\compattelrunner.exe</Data>
    <Data Name=""TargetObject"">\REGISTRY\A\{bd75d637-a777-f887-435f-6fd9b1f1f54b}\Root\InventoryApplicationFile\makenativewinmd.|b76c434c13b2ffdf\LinkDate</Data>
    <Data Name=""Details"">03/16/2022 17:06:47</Data>
    <Data Name=""User"">NT AUTHORITY\SYSTEM</Data>
  </EventData>
</Event>
"
Microsoft-Windows-Sysmon/Operational,,,WinDev2309Eval,,,,,,,,,microsoft corporation,13,3650,SetValue,,,C:\Windows\system32\compattelrunner.exe,,,0x8000000000000000,4,,,,,0,,,,,,,{f57bd86a-0db8-6582-d405-000000000b00},10484,3276.0,,,,,,InvDB-Pub,,,,,,,,,,,,,2023-12-19T21:40:15.7794456Z,,,\REGISTRY\A\{bd75d637-a777-f887-435f-6fd9b1f1f54b}\Root\InventoryApplicationFile\makenativewinmd.|b76c434c13b2ffdf\Publisher,,,,13,,10592,NT AUTHORITY\SYSTEM,S-1-5-18,40:15.8,2.0,"<Event xmlns=""http://schemas.microsoft.com/win/2004/08/events/event"">
  <System>
    <Provider Name=""Microsoft-Windows-Sysmon"" Guid=""{5770385f-c22a-43e0-bf4c-06f5698ffbd9}""/>
    <EventID>13</EventID>
    <Version>2</Version>
    <Level>4</Level>
    <Task>13</Task>
    <Opcode>0</Opcode>
    <Keywords>0x8000000000000000</Keywords>
    <TimeCreated SystemTime=""2023-12-19T21:40:15.7794456Z""/>
    <EventRecordID>3650</EventRecordID>
    <Correlation/>
    <Execution ProcessID=""10484"" ThreadID=""10592""/>
    <Channel>Microsoft-Windows-Sysmon/Operational</Channel>
    <Computer>WinDev2309Eval</Computer>
    <Security UserID=""S-1-5-18""/>
  </System>
  <EventData>
    <Data Name=""RuleName"">InvDB-Pub</Data>
    <Data Name=""EventType"">SetValue</Data>
    <Data Name=""UtcTime"">2023-12-19 21:40:15.770</Data>
    <Data Name=""ProcessGuid"">{f57bd86a-0db8-6582-d405-000000000b00}</Data>
    <Data Name=""ProcessId"">3276</Data>
    <Data Name=""Image"">C:\Windows\system32\compattelrunner.exe</Data>
    <Data Name=""TargetObject"">\REGISTRY\A\{bd75d637-a777-f887-435f-6fd9b1f1f54b}\Root\InventoryApplicationFile\makenativewinmd.|b76c434c13b2ffdf\Publisher</Data>
    <Data Name=""Details"">microsoft corporation</Data>
    <Data Name=""User"">NT AUTHORITY\SYSTEM</Data>
  </EventData>
</Event>
"
Microsoft-Windows-Sysmon/Operational,,,WinDev2309Eval,,,,,,,,,c:\program files (x86)\microsoft sdks\uwpnugetpackages\runtime.win10-x64.microsoft.net.native.compiler\2.2.12-rel-31116-00\tools\x64\ilc\tools\makenativewinmd.exe,13,3649,SetValue,,,C:\Windows\system32\compattelrunner.exe,,,0x8000000000000000,4,,,,,0,,,,,,,{f57bd86a-0db8-6582-d405-000000000b00},10484,3276.0,,,,,,InvDB-Path,,,,,,,,,,,,,2023-12-19T21:40:15.7792835Z,,,\REGISTRY\A\{bd75d637-a777-f887-435f-6fd9b1f1f54b}\Root\InventoryApplicationFile\makenativewinmd.|b76c434c13b2ffdf\LowerCaseLongPath,,,,13,,10592,NT AUTHORITY\SYSTEM,S-1-5-18,40:15.8,2.0,"<Event xmlns=""http://schemas.microsoft.com/win/2004/08/events/event"">
  <System>
    <Provider Name=""Microsoft-Windows-Sysmon"" Guid=""{5770385f-c22a-43e0-bf4c-06f5698ffbd9}""/>
    <EventID>13</EventID>
    <Version>2</Version>
    <Level>4</Level>
    <Task>13</Task>
    <Opcode>0</Opcode>
    <Keywords>0x8000000000000000</Keywords>
    <TimeCreated SystemTime=""2023-12-19T21:40:15.7792835Z""/>
    <EventRecordID>3649</EventRecordID>
    <Correlation/>
    <Execution ProcessID=""10484"" ThreadID=""10592""/>
    <Channel>Microsoft-Windows-Sysmon/Operational</Channel>
    <Computer>WinDev2309Eval</Computer>
    <Security UserID=""S-1-5-18""/>
  </System>
  <EventData>
    <Data Name=""RuleName"">InvDB-Path</Data>
    <Data Name=""EventType"">SetValue</Data>
    <Data Name=""UtcTime"">2023-12-19 21:40:15.770</Data>
    <Data Name=""ProcessGuid"">{f57bd86a-0db8-6582-d405-000000000b00}</Data>
    <Data Name=""ProcessId"">3276</Data>
    <Data Name=""Image"">C:\Windows\system32\compattelrunner.exe</Data>
    <Data Name=""TargetObject"">\REGISTRY\A\{bd75d637-a777-f887-435f-6fd9b1f1f54b}\Root\InventoryApplicationFile\makenativewinmd.|b76c434c13b2ffdf\LowerCaseLongPath</Data>
    <Data Name=""Details"">c:\program files (x86)\microsoft sdks\uwpnugetpackages\runtime.win10-x64.microsoft.net.native.compiler\2.2.12-rel-31116-00\tools\x64\ilc\tools\makenativewinmd.exe</Data>
    <Data Name=""User"">NT AUTHORITY\SYSTEM</Data>
  </EventData>
</Event>
"
Microsoft-Windows-Sysmon/Operational,,,WinDev2309Eval,,,,,,,,,2.2.31116.0,13,3648,SetValue,,,C:\Windows\system32\compattelrunner.exe,,,0x8000000000000000,4,,,,,0,,,,,,,{f57bd86a-0db8-6582-d405-000000000b00},10484,3276.0,,,,,,InvDB-Ver,,,,,,,,,,,,,2023-12-19T21:40:15.7788676Z,,,\REGISTRY\A\{bd75d637-a777-f887-435f-6fd9b1f1f54b}\Root\InventoryApplicationFile\makenativewinmd.|7d1e7f66721c499b\BinProductVersion,,,,13,,10592,NT AUTHORITY\SYSTEM,S-1-5-18,40:15.8,2.0,"<Event xmlns=""http://schemas.microsoft.com/win/2004/08/events/event"">
  <System>
    <Provider Name=""Microsoft-Windows-Sysmon"" Guid=""{5770385f-c22a-43e0-bf4c-06f5698ffbd9}""/>
    <EventID>13</EventID>
    <Version>2</Version>
    <Level>4</Level>
    <Task>13</Task>
    <Opcode>0</Opcode>
    <Keywords>0x8000000000000000</Keywords>
    <TimeCreated SystemTime=""2023-12-19T21:40:15.7788676Z""/>
    <EventRecordID>3648</EventRecordID>
    <Correlation/>
    <Execution ProcessID=""10484"" ThreadID=""10592""/>
    <Channel>Microsoft-Windows-Sysmon/Operational</Channel>
    <Computer>WinDev2309Eval</Computer>
    <Security UserID=""S-1-5-18""/>
  </System>
  <EventData>
    <Data Name=""RuleName"">InvDB-Ver</Data>
    <Data Name=""EventType"">SetValue</Data>
    <Data Name=""UtcTime"">2023-12-19 21:40:15.770</Data>
    <Data Name=""ProcessGuid"">{f57bd86a-0db8-6582-d405-000000000b00}</Data>
    <Data Name=""ProcessId"">3276</Data>
    <Data Name=""Image"">C:\Windows\system32\compattelrunner.exe</Data>
    <Data Name=""TargetObject"">\REGISTRY\A\{bd75d637-a777-f887-435f-6fd9b1f1f54b}\Root\InventoryApplicationFile\makenativewinmd.|7d1e7f66721c499b\BinProductVersion</Data>
    <Data Name=""Details"">2.2.31116.0</Data>
    <Data Name=""User"">NT AUTHORITY\SYSTEM</Data>
  </EventData>
</Event>
"
Microsoft-Windows-Sysmon/Operational,,,WinDev2309Eval,,,,,,,,,3/16/2022 17:06,13,3647,SetValue,,,C:\Windows\system32\compattelrunner.exe,,,0x8000000000000000,4,,,,,0,,,,,,,{f57bd86a-0db8-6582-d405-000000000b00},10484,3276.0,,,,,,InvDB-CompileTimeClaim,,,,,,,,,,,,,2023-12-19T21:40:15.7788103Z,,,\REGISTRY\A\{bd75d637-a777-f887-435f-6fd9b1f1f54b}\Root\InventoryApplicationFile\makenativewinmd.|7d1e7f66721c499b\LinkDate,,,,13,,10592,NT AUTHORITY\SYSTEM,S-1-5-18,40:15.8,2.0,"<Event xmlns=""http://schemas.microsoft.com/win/2004/08/events/event"">
  <System>
    <Provider Name=""Microsoft-Windows-Sysmon"" Guid=""{5770385f-c22a-43e0-bf4c-06f5698ffbd9}""/>
    <EventID>13</EventID>
    <Version>2</Version>
    <Level>4</Level>
    <Task>13</Task>
    <Opcode>0</Opcode>
    <Keywords>0x8000000000000000</Keywords>
    <TimeCreated SystemTime=""2023-12-19T21:40:15.7788103Z""/>
    <EventRecordID>3647</EventRecordID>
    <Correlation/>
    <Execution ProcessID=""10484"" ThreadID=""10592""/>
    <Channel>Microsoft-Windows-Sysmon/Operational</Channel>
    <Computer>WinDev2309Eval</Computer>
    <Security UserID=""S-1-5-18""/>
  </System>
  <EventData>
    <Data Name=""RuleName"">InvDB-CompileTimeClaim</Data>
    <Data Name=""EventType"">SetValue</Data>
    <Data Name=""UtcTime"">2023-12-19 21:40:15.770</Data>
    <Data Name=""ProcessGuid"">{f57bd86a-0db8-6582-d405-000000000b00}</Data>
    <Data Name=""ProcessId"">3276</Data>
    <Data Name=""Image"">C:\Windows\system32\compattelrunner.exe</Data>
    <Data Name=""TargetObject"">\REGISTRY\A\{bd75d637-a777-f887-435f-6fd9b1f1f54b}\Root\InventoryApplicationFile\makenativewinmd.|7d1e7f66721c499b\LinkDate</Data>
    <Data Name=""Details"">03/16/2022 17:06:52</Data>
    <Data Name=""User"">NT AUTHORITY\SYSTEM</Data>
  </EventData>
</Event>
"
Microsoft-Windows-Sysmon/Operational,,,WinDev2309Eval,,,,,,,,,microsoft corporation,13,3646,SetValue,,,C:\Windows\system32\compattelrunner.exe,,,0x8000000000000000,4,,,,,0,,,,,,,{f57bd86a-0db8-6582-d405-000000000b00},10484,3276.0,,,,,,InvDB-Pub,,,,,,,,,,,,,2023-12-19T21:40:15.7784216Z,,,\REGISTRY\A\{bd75d637-a777-f887-435f-6fd9b1f1f54b}\Root\InventoryApplicationFile\makenativewinmd.|7d1e7f66721c499b\Publisher,,,,13,,10592,NT AUTHORITY\SYSTEM,S-1-5-18,40:15.8,2.0,"<Event xmlns=""http://schemas.microsoft.com/win/2004/08/events/event"">
  <System>
    <Provider Name=""Microsoft-Windows-Sysmon"" Guid=""{5770385f-c22a-43e0-bf4c-06f5698ffbd9}""/>
    <EventID>13</EventID>
    <Version>2</Version>
    <Level>4</Level>
    <Task>13</Task>
    <Opcode>0</Opcode>
    <Keywords>0x8000000000000000</Keywords>
    <TimeCreated SystemTime=""2023-12-19T21:40:15.7784216Z""/>
    <EventRecordID>3646</EventRecordID>
    <Correlation/>
    <Execution ProcessID=""10484"" ThreadID=""10592""/>
    <Channel>Microsoft-Windows-Sysmon/Operational</Channel>
    <Computer>WinDev2309Eval</Computer>
    <Security UserID=""S-1-5-18""/>
  </System>
  <EventData>
    <Data Name=""RuleName"">InvDB-Pub</Data>
    <Data Name=""EventType"">SetValue</Data>
    <Data Name=""UtcTime"">2023-12-19 21:40:15.770</Data>
    <Data Name=""ProcessGuid"">{f57bd86a-0db8-6582-d405-000000000b00}</Data>
    <Data Name=""ProcessId"">3276</Data>
    <Data Name=""Image"">C:\Windows\system32\compattelrunner.exe</Data>
    <Data Name=""TargetObject"">\REGISTRY\A\{bd75d637-a777-f887-435f-6fd9b1f1f54b}\Root\InventoryApplicationFile\makenativewinmd.|7d1e7f66721c499b\Publisher</Data>
    <Data Name=""Details"">microsoft corporation</Data>
    <Data Name=""User"">NT AUTHORITY\SYSTEM</Data>
  </EventData>
</Event>
"
Microsoft-Windows-Sysmon/Operational,,,WinDev2309Eval,,,,,,,,,c:\program files (x86)\microsoft sdks\uwpnugetpackages\runtime.win10-x86.microsoft.net.native.compiler\2.2.12-rel-31116-00\tools\x86\ilc\tools\makenativewinmd.exe,13,3645,SetValue,,,C:\Windows\system32\compattelrunner.exe,,,0x8000000000000000,4,,,,,0,,,,,,,{f57bd86a-0db8-6582-d405-000000000b00},10484,3276.0,,,,,,InvDB-Path,,,,,,,,,,,,,2023-12-19T21:40:15.7782619Z,,,\REGISTRY\A\{bd75d637-a777-f887-435f-6fd9b1f1f54b}\Root\InventoryApplicationFile\makenativewinmd.|7d1e7f66721c499b\LowerCaseLongPath,,,,13,,10592,NT AUTHORITY\SYSTEM,S-1-5-18,40:15.8,2.0,"<Event xmlns=""http://schemas.microsoft.com/win/2004/08/events/event"">
  <System>
    <Provider Name=""Microsoft-Windows-Sysmon"" Guid=""{5770385f-c22a-43e0-bf4c-06f5698ffbd9}""/>
    <EventID>13</EventID>
    <Version>2</Version>
    <Level>4</Level>
    <Task>13</Task>
    <Opcode>0</Opcode>
    <Keywords>0x8000000000000000</Keywords>
    <TimeCreated SystemTime=""2023-12-19T21:40:15.7782619Z""/>
    <EventRecordID>3645</EventRecordID>
    <Correlation/>
    <Execution ProcessID=""10484"" ThreadID=""10592""/>
    <Channel>Microsoft-Windows-Sysmon/Operational</Channel>
    <Computer>WinDev2309Eval</Computer>
    <Security UserID=""S-1-5-18""/>
  </System>
  <EventData>
    <Data Name=""RuleName"">InvDB-Path</Data>
    <Data Name=""EventType"">SetValue</Data>
    <Data Name=""UtcTime"">2023-12-19 21:40:15.770</Data>
    <Data Name=""ProcessGuid"">{f57bd86a-0db8-6582-d405-000000000b00}</Data>
    <Data Name=""ProcessId"">3276</Data>
    <Data Name=""Image"">C:\Windows\system32\compattelrunner.exe</Data>
    <Data Name=""TargetObject"">\REGISTRY\A\{bd75d637-a777-f887-435f-6fd9b1f1f54b}\Root\InventoryApplicationFile\makenativewinmd.|7d1e7f66721c499b\LowerCaseLongPath</Data>
    <Data Name=""Details"">c:\program files (x86)\microsoft sdks\uwpnugetpackages\runtime.win10-x86.microsoft.net.native.compiler\2.2.12-rel-31116-00\tools\x86\ilc\tools\makenativewinmd.exe</Data>
    <Data Name=""User"">NT AUTHORITY\SYSTEM</Data>
  </EventData>
</Event>
"
Microsoft-Windows-Sysmon/Operational,,,WinDev2309Eval,,,,,,,,,2.2.31116.0,13,3644,SetValue,,,C:\Windows\system32\compattelrunner.exe,,,0x8000000000000000,4,,,,,0,,,,,,,{f57bd86a-0db8-6582-d405-000000000b00},10484,3276.0,,,,,,InvDB-Ver,,,,,,,,,,,,,2023-12-19T21:40:15.7773788Z,,,\REGISTRY\A\{bd75d637-a777-f887-435f-6fd9b1f1f54b}\Root\InventoryApplicationFile\makenativewinmd.|2b9abffa249d0423\BinProductVersion,,,,13,,10592,NT AUTHORITY\SYSTEM,S-1-5-18,40:15.8,2.0,"<Event xmlns=""http://schemas.microsoft.com/win/2004/08/events/event"">
  <System>
    <Provider Name=""Microsoft-Windows-Sysmon"" Guid=""{5770385f-c22a-43e0-bf4c-06f5698ffbd9}""/>
    <EventID>13</EventID>
    <Version>2</Version>
    <Level>4</Level>
    <Task>13</Task>
    <Opcode>0</Opcode>
    <Keywords>0x8000000000000000</Keywords>
    <TimeCreated SystemTime=""2023-12-19T21:40:15.7773788Z""/>
    <EventRecordID>3644</EventRecordID>
    <Correlation/>
    <Execution ProcessID=""10484"" ThreadID=""10592""/>
    <Channel>Microsoft-Windows-Sysmon/Operational</Channel>
    <Computer>WinDev2309Eval</Computer>
    <Security UserID=""S-1-5-18""/>
  </System>
  <EventData>
    <Data Name=""RuleName"">InvDB-Ver</Data>
    <Data Name=""EventType"">SetValue</Data>
    <Data Name=""UtcTime"">2023-12-19 21:40:15.770</Data>
    <Data Name=""ProcessGuid"">{f57bd86a-0db8-6582-d405-000000000b00}</Data>
    <Data Name=""ProcessId"">3276</Data>
    <Data Name=""Image"">C:\Windows\system32\compattelrunner.exe</Data>
    <Data Name=""TargetObject"">\REGISTRY\A\{bd75d637-a777-f887-435f-6fd9b1f1f54b}\Root\InventoryApplicationFile\makenativewinmd.|2b9abffa249d0423\BinProductVersion</Data>
    <Data Name=""Details"">2.2.31116.0</Data>
    <Data Name=""User"">NT AUTHORITY\SYSTEM</Data>
  </EventData>
</Event>
"
Microsoft-Windows-Sysmon/Operational,,,WinDev2309Eval,,,,,,,,,3/16/2022 17:36,13,3643,SetValue,,,C:\Windows\system32\compattelrunner.exe,,,0x8000000000000000,4,,,,,0,,,,,,,{f57bd86a-0db8-6582-d405-000000000b00},10484,3276.0,,,,,,InvDB-CompileTimeClaim,,,,,,,,,,,,,2023-12-19T21:40:15.7773225Z,,,\REGISTRY\A\{bd75d637-a777-f887-435f-6fd9b1f1f54b}\Root\InventoryApplicationFile\makenativewinmd.|2b9abffa249d0423\LinkDate,,,,13,,10592,NT AUTHORITY\SYSTEM,S-1-5-18,40:15.8,2.0,"<Event xmlns=""http://schemas.microsoft.com/win/2004/08/events/event"">
  <System>
    <Provider Name=""Microsoft-Windows-Sysmon"" Guid=""{5770385f-c22a-43e0-bf4c-06f5698ffbd9}""/>
    <EventID>13</EventID>
    <Version>2</Version>
    <Level>4</Level>
    <Task>13</Task>
    <Opcode>0</Opcode>
    <Keywords>0x8000000000000000</Keywords>
    <TimeCreated SystemTime=""2023-12-19T21:40:15.7773225Z""/>
    <EventRecordID>3643</EventRecordID>
    <Correlation/>
    <Execution ProcessID=""10484"" ThreadID=""10592""/>
    <Channel>Microsoft-Windows-Sysmon/Operational</Channel>
    <Computer>WinDev2309Eval</Computer>
    <Security UserID=""S-1-5-18""/>
  </System>
  <EventData>
    <Data Name=""RuleName"">InvDB-CompileTimeClaim</Data>
    <Data Name=""EventType"">SetValue</Data>
    <Data Name=""UtcTime"">2023-12-19 21:40:15.770</Data>
    <Data Name=""ProcessGuid"">{f57bd86a-0db8-6582-d405-000000000b00}</Data>
    <Data Name=""ProcessId"">3276</Data>
    <Data Name=""Image"">C:\Windows\system32\compattelrunner.exe</Data>
    <Data Name=""TargetObject"">\REGISTRY\A\{bd75d637-a777-f887-435f-6fd9b1f1f54b}\Root\InventoryApplicationFile\makenativewinmd.|2b9abffa249d0423\LinkDate</Data>
    <Data Name=""Details"">03/16/2022 17:36:36</Data>
    <Data Name=""User"">NT AUTHORITY\SYSTEM</Data>
  </EventData>
</Event>
"
Microsoft-Windows-Sysmon/Operational,,,WinDev2309Eval,,,,,,,,,microsoft corporation,13,3642,SetValue,,,C:\Windows\system32\compattelrunner.exe,,,0x8000000000000000,4,,,,,0,,,,,,,{f57bd86a-0db8-6582-d405-000000000b00},10484,3276.0,,,,,,InvDB-Pub,,,,,,,,,,,,,2023-12-19T21:40:15.7769294Z,,,\REGISTRY\A\{bd75d637-a777-f887-435f-6fd9b1f1f54b}\Root\InventoryApplicationFile\makenativewinmd.|2b9abffa249d0423\Publisher,,,,13,,10592,NT AUTHORITY\SYSTEM,S-1-5-18,40:15.8,2.0,"<Event xmlns=""http://schemas.microsoft.com/win/2004/08/events/event"">
  <System>
    <Provider Name=""Microsoft-Windows-Sysmon"" Guid=""{5770385f-c22a-43e0-bf4c-06f5698ffbd9}""/>
    <EventID>13</EventID>
    <Version>2</Version>
    <Level>4</Level>
    <Task>13</Task>
    <Opcode>0</Opcode>
    <Keywords>0x8000000000000000</Keywords>
    <TimeCreated SystemTime=""2023-12-19T21:40:15.7769294Z""/>
    <EventRecordID>3642</EventRecordID>
    <Correlation/>
    <Execution ProcessID=""10484"" ThreadID=""10592""/>
    <Channel>Microsoft-Windows-Sysmon/Operational</Channel>
    <Computer>WinDev2309Eval</Computer>
    <Security UserID=""S-1-5-18""/>
  </System>
  <EventData>
    <Data Name=""RuleName"">InvDB-Pub</Data>
    <Data Name=""EventType"">SetValue</Data>
    <Data Name=""UtcTime"">2023-12-19 21:40:15.770</Data>
    <Data Name=""ProcessGuid"">{f57bd86a-0db8-6582-d405-000000000b00}</Data>
    <Data Name=""ProcessId"">3276</Data>
    <Data Name=""Image"">C:\Windows\system32\compattelrunner.exe</Data>
    <Data Name=""TargetObject"">\REGISTRY\A\{bd75d637-a777-f887-435f-6fd9b1f1f54b}\Root\InventoryApplicationFile\makenativewinmd.|2b9abffa249d0423\Publisher</Data>
    <Data Name=""Details"">microsoft corporation</Data>
    <Data Name=""User"">NT AUTHORITY\SYSTEM</Data>
  </EventData>
</Event>
"
Microsoft-Windows-Sysmon/Operational,,,WinDev2309Eval,,,,,,,,,c:\program files (x86)\microsoft sdks\uwpnugetpackages\runtime.win10-arm64.microsoft.net.native.compiler\2.2.12-rel-31116-00\tools\arm64\ilc\tools\makenativewinmd.exe,13,3641,SetValue,,,C:\Windows\system32\compattelrunner.exe,,,0x8000000000000000,4,,,,,0,,,,,,,{f57bd86a-0db8-6582-d405-000000000b00},10484,3276.0,,,,,,InvDB-Path,,,,,,,,,,,,,2023-12-19T21:40:15.7767681Z,,,\REGISTRY\A\{bd75d637-a777-f887-435f-6fd9b1f1f54b}\Root\InventoryApplicationFile\makenativewinmd.|2b9abffa249d0423\LowerCaseLongPath,,,,13,,10592,NT AUTHORITY\SYSTEM,S-1-5-18,40:15.8,2.0,"<Event xmlns=""http://schemas.microsoft.com/win/2004/08/events/event"">
  <System>
    <Provider Name=""Microsoft-Windows-Sysmon"" Guid=""{5770385f-c22a-43e0-bf4c-06f5698ffbd9}""/>
    <EventID>13</EventID>
    <Version>2</Version>
    <Level>4</Level>
    <Task>13</Task>
    <Opcode>0</Opcode>
    <Keywords>0x8000000000000000</Keywords>
    <TimeCreated SystemTime=""2023-12-19T21:40:15.7767681Z""/>
    <EventRecordID>3641</EventRecordID>
    <Correlation/>
    <Execution ProcessID=""10484"" ThreadID=""10592""/>
    <Channel>Microsoft-Windows-Sysmon/Operational</Channel>
    <Computer>WinDev2309Eval</Computer>
    <Security UserID=""S-1-5-18""/>
  </System>
  <EventData>
    <Data Name=""RuleName"">InvDB-Path</Data>
    <Data Name=""EventType"">SetValue</Data>
    <Data Name=""UtcTime"">2023-12-19 21:40:15.770</Data>
    <Data Name=""ProcessGuid"">{f57bd86a-0db8-6582-d405-000000000b00}</Data>
    <Data Name=""ProcessId"">3276</Data>
    <Data Name=""Image"">C:\Windows\system32\compattelrunner.exe</Data>
    <Data Name=""TargetObject"">\REGISTRY\A\{bd75d637-a777-f887-435f-6fd9b1f1f54b}\Root\InventoryApplicationFile\makenativewinmd.|2b9abffa249d0423\LowerCaseLongPath</Data>
    <Data Name=""Details"">c:\program files (x86)\microsoft sdks\uwpnugetpackages\runtime.win10-arm64.microsoft.net.native.compiler\2.2.12-rel-31116-00\tools\arm64\ilc\tools\makenativewinmd.exe</Data>
    <Data Name=""User"">NT AUTHORITY\SYSTEM</Data>
  </EventData>
</Event>
"
Microsoft-Windows-Sysmon/Operational,,,WinDev2309Eval,,,,,,,,,14.15.26727.0,13,3640,SetValue,,,C:\Windows\system32\compattelrunner.exe,,,0x8000000000000000,4,,,,,0,,,,,,,{f57bd86a-0db8-6582-d405-000000000b00},10484,3276.0,,,,,,InvDB-Ver,,,,,,,,,,,,,2023-12-19T21:40:15.7762849Z,,,\REGISTRY\A\{bd75d637-a777-f887-435f-6fd9b1f1f54b}\Root\InventoryApplicationFile\link.exe|4dce93362f32de16\BinProductVersion,,,,13,,10592,NT AUTHORITY\SYSTEM,S-1-5-18,40:15.8,2.0,"<Event xmlns=""http://schemas.microsoft.com/win/2004/08/events/event"">
  <System>
    <Provider Name=""Microsoft-Windows-Sysmon"" Guid=""{5770385f-c22a-43e0-bf4c-06f5698ffbd9}""/>
    <EventID>13</EventID>
    <Version>2</Version>
    <Level>4</Level>
    <Task>13</Task>
    <Opcode>0</Opcode>
    <Keywords>0x8000000000000000</Keywords>
    <TimeCreated SystemTime=""2023-12-19T21:40:15.7762849Z""/>
    <EventRecordID>3640</EventRecordID>
    <Correlation/>
    <Execution ProcessID=""10484"" ThreadID=""10592""/>
    <Channel>Microsoft-Windows-Sysmon/Operational</Channel>
    <Computer>WinDev2309Eval</Computer>
    <Security UserID=""S-1-5-18""/>
  </System>
  <EventData>
    <Data Name=""RuleName"">InvDB-Ver</Data>
    <Data Name=""EventType"">SetValue</Data>
    <Data Name=""UtcTime"">2023-12-19 21:40:15.770</Data>
    <Data Name=""ProcessGuid"">{f57bd86a-0db8-6582-d405-000000000b00}</Data>
    <Data Name=""ProcessId"">3276</Data>
    <Data Name=""Image"">C:\Windows\system32\compattelrunner.exe</Data>
    <Data Name=""TargetObject"">\REGISTRY\A\{bd75d637-a777-f887-435f-6fd9b1f1f54b}\Root\InventoryApplicationFile\link.exe|4dce93362f32de16\BinProductVersion</Data>
    <Data Name=""Details"">14.15.26727.0</Data>
    <Data Name=""User"">NT AUTHORITY\SYSTEM</Data>
  </EventData>
</Event>
"
Microsoft-Windows-Sysmon/Operational,,,WinDev2309Eval,,,,,,,,,8/2/2018 19:48,13,3639,SetValue,,,C:\Windows\system32\compattelrunner.exe,,,0x8000000000000000,4,,,,,0,,,,,,,{f57bd86a-0db8-6582-d405-000000000b00},10484,3276.0,,,,,,InvDB-CompileTimeClaim,,,,,,,,,,,,,2023-12-19T21:40:15.7761555Z,,,\REGISTRY\A\{bd75d637-a777-f887-435f-6fd9b1f1f54b}\Root\InventoryApplicationFile\link.exe|4dce93362f32de16\LinkDate,,,,13,,10592,NT AUTHORITY\SYSTEM,S-1-5-18,40:15.8,2.0,"<Event xmlns=""http://schemas.microsoft.com/win/2004/08/events/event"">
  <System>
    <Provider Name=""Microsoft-Windows-Sysmon"" Guid=""{5770385f-c22a-43e0-bf4c-06f5698ffbd9}""/>
    <EventID>13</EventID>
    <Version>2</Version>
    <Level>4</Level>
    <Task>13</Task>
    <Opcode>0</Opcode>
    <Keywords>0x8000000000000000</Keywords>
    <TimeCreated SystemTime=""2023-12-19T21:40:15.7761555Z""/>
    <EventRecordID>3639</EventRecordID>
    <Correlation/>
    <Execution ProcessID=""10484"" ThreadID=""10592""/>
    <Channel>Microsoft-Windows-Sysmon/Operational</Channel>
    <Computer>WinDev2309Eval</Computer>
    <Security UserID=""S-1-5-18""/>
  </System>
  <EventData>
    <Data Name=""RuleName"">InvDB-CompileTimeClaim</Data>
    <Data Name=""EventType"">SetValue</Data>
    <Data Name=""UtcTime"">2023-12-19 21:40:15.770</Data>
    <Data Name=""ProcessGuid"">{f57bd86a-0db8-6582-d405-000000000b00}</Data>
    <Data Name=""ProcessId"">3276</Data>
    <Data Name=""Image"">C:\Windows\system32\compattelrunner.exe</Data>
    <Data Name=""TargetObject"">\REGISTRY\A\{bd75d637-a777-f887-435f-6fd9b1f1f54b}\Root\InventoryApplicationFile\link.exe|4dce93362f32de16\LinkDate</Data>
    <Data Name=""Details"">08/02/2018 19:48:47</Data>
    <Data Name=""User"">NT AUTHORITY\SYSTEM</Data>
  </EventData>
</Event>
"
Microsoft-Windows-Sysmon/Operational,,,WinDev2309Eval,,,,,,,,,microsoft corporation,13,3638,SetValue,,,C:\Windows\system32\compattelrunner.exe,,,0x8000000000000000,4,,,,,0,,,,,,,{f57bd86a-0db8-6582-d405-000000000b00},10484,3276.0,,,,,,InvDB-Pub,,,,,,,,,,,,,2023-12-19T21:40:15.7758468Z,,,\REGISTRY\A\{bd75d637-a777-f887-435f-6fd9b1f1f54b}\Root\InventoryApplicationFile\link.exe|4dce93362f32de16\Publisher,,,,13,,10592,NT AUTHORITY\SYSTEM,S-1-5-18,40:15.8,2.0,"<Event xmlns=""http://schemas.microsoft.com/win/2004/08/events/event"">
  <System>
    <Provider Name=""Microsoft-Windows-Sysmon"" Guid=""{5770385f-c22a-43e0-bf4c-06f5698ffbd9}""/>
    <EventID>13</EventID>
    <Version>2</Version>
    <Level>4</Level>
    <Task>13</Task>
    <Opcode>0</Opcode>
    <Keywords>0x8000000000000000</Keywords>
    <TimeCreated SystemTime=""2023-12-19T21:40:15.7758468Z""/>
    <EventRecordID>3638</EventRecordID>
    <Correlation/>
    <Execution ProcessID=""10484"" ThreadID=""10592""/>
    <Channel>Microsoft-Windows-Sysmon/Operational</Channel>
    <Computer>WinDev2309Eval</Computer>
    <Security UserID=""S-1-5-18""/>
  </System>
  <EventData>
    <Data Name=""RuleName"">InvDB-Pub</Data>
    <Data Name=""EventType"">SetValue</Data>
    <Data Name=""UtcTime"">2023-12-19 21:40:15.770</Data>
    <Data Name=""ProcessGuid"">{f57bd86a-0db8-6582-d405-000000000b00}</Data>
    <Data Name=""ProcessId"">3276</Data>
    <Data Name=""Image"">C:\Windows\system32\compattelrunner.exe</Data>
    <Data Name=""TargetObject"">\REGISTRY\A\{bd75d637-a777-f887-435f-6fd9b1f1f54b}\Root\InventoryApplicationFile\link.exe|4dce93362f32de16\Publisher</Data>
    <Data Name=""Details"">microsoft corporation</Data>
    <Data Name=""User"">NT AUTHORITY\SYSTEM</Data>
  </EventData>
</Event>
"
