Channel,CommandLine,Company,Computer,CreationUtcTime,CurrentDirectory,Description,DestinationHostname,DestinationIp,DestinationIsIpv6,DestinationPort,DestinationPortName,Details,EventID,EventRecordID,EventType,FileVersion,Hashes,Image,Initiated,IntegrityLevel,Keywords,Level,LogonGuid,LogonId,Message,NewThreadId,Opcode,OriginalFileName,ParentCommandLine,ParentImage,ParentProcessGuid,ParentProcessId,ParentUser,ProcessGuid,ProcessID,ProcessId,Product,Protocol,QueryName,QueryResults,QueryStatus,RuleName,SourceHostname,SourceImage,SourceIp,SourceIsIpv6,SourcePort,SourcePortName,SourceProcessGuid,SourceProcessId,SourceUser,StartAddress,StartFunction,StartModule,SystemTime,TargetFilename,TargetImage,TargetObject,TargetProcessGuid,TargetProcessId,TargetUser,Task,TerminalSessionId,ThreadID,User,UserID,UtcTime,Version,raw
Microsoft-Windows-Sysmon/Operational,,,WinDev2309Eval,46:08.9,,,,,,,,,11,6673,,,,C:\Windows\Microsoft.NET\Framework64\v4.0.30319\mscorsvw.exe,,,0x8000000000000000,4,,,,,0,,,,,,,{f57bd86a-2580-6584-7f09-000000000d00},3400,7732.0,,,,,,DLL,,,,,,,,,,,,,2023-12-21T11:46:08.8925831Z,C:\Windows\assembly\NativeImages_v4.0.30319_64\Temp\1e34-0\Microsoft.VisualStudio.Interactive.Editor.Contracts.dll,,,,,,11,,4208,NT AUTHORITY\SYSTEM,S-1-5-18,46:08.9,2.0,"<Event xmlns=""http://schemas.microsoft.com/win/2004/08/events/event"">
  <System>
    <Provider Name=""Microsoft-Windows-Sysmon"" Guid=""{5770385f-c22a-43e0-bf4c-06f5698ffbd9}""/>
    <EventID>11</EventID>
    <Version>2</Version>
    <Level>4</Level>
    <Task>11</Task>
    <Opcode>0</Opcode>
    <Keywords>0x8000000000000000</Keywords>
    <TimeCreated SystemTime=""2023-12-21T11:46:08.8925831Z""/>
    <EventRecordID>6673</EventRecordID>
    <Correlation/>
    <Execution ProcessID=""3400"" ThreadID=""4208""/>
    <Channel>Microsoft-Windows-Sysmon/Operational</Channel>
    <Computer>WinDev2309Eval</Computer>
    <Security UserID=""S-1-5-18""/>
  </System>
  <EventData>
    <Data Name=""RuleName"">DLL</Data>
    <Data Name=""UtcTime"">2023-12-21 11:46:08.890</Data>
    <Data Name=""ProcessGuid"">{f57bd86a-2580-6584-7f09-000000000d00}</Data>
    <Data Name=""ProcessId"">7732</Data>
    <Data Name=""Image"">C:\Windows\Microsoft.NET\Framework64\v4.0.30319\mscorsvw.exe</Data>
    <Data Name=""TargetFilename"">C:\Windows\assembly\NativeImages_v4.0.30319_64\Temp\1e34-0\Microsoft.VisualStudio.Interactive.Editor.Contracts.dll</Data>
    <Data Name=""CreationUtcTime"">2023-12-21 11:46:08.890</Data>
    <Data Name=""User"">NT AUTHORITY\SYSTEM</Data>
  </EventData>
</Event>
"
Microsoft-Windows-Sysmon/Operational,,,WinDev2309Eval,46:08.5,,,,,,,,,11,6672,,,,C:\Windows\Microsoft.NET\Framework64\v4.0.30319\mscorsvw.exe,,,0x8000000000000000,4,,,,,0,,,,,,,{f57bd86a-257f-6584-7d09-000000000d00},3400,8632.0,,,,,,DLL,,,,,,,,,,,,,2023-12-21T11:46:08.5600580Z,C:\Windows\assembly\NativeImages_v4.0.30319_64\Temp\21b8-0\Microsoft.VisualStudio.Interactive.Core.dll,,,,,,11,,4208,NT AUTHORITY\SYSTEM,S-1-5-18,46:08.5,2.0,"<Event xmlns=""http://schemas.microsoft.com/win/2004/08/events/event"">
  <System>
    <Provider Name=""Microsoft-Windows-Sysmon"" Guid=""{5770385f-c22a-43e0-bf4c-06f5698ffbd9}""/>
    <EventID>11</EventID>
    <Version>2</Version>
    <Level>4</Level>
    <Task>11</Task>
    <Opcode>0</Opcode>
    <Keywords>0x8000000000000000</Keywords>
    <TimeCreated SystemTime=""2023-12-21T11:46:08.5600580Z""/>
    <EventRecordID>6672</EventRecordID>
    <Correlation/>
    <Execution ProcessID=""3400"" ThreadID=""4208""/>
    <Channel>Microsoft-Windows-Sysmon/Operational</Channel>
    <Computer>WinDev2309Eval</Computer>
    <Security UserID=""S-1-5-18""/>
  </System>
  <EventData>
    <Data Name=""RuleName"">DLL</Data>
    <Data Name=""UtcTime"">2023-12-21 11:46:08.547</Data>
    <Data Name=""ProcessGuid"">{f57bd86a-257f-6584-7d09-000000000d00}</Data>
    <Data Name=""ProcessId"">8632</Data>
    <Data Name=""Image"">C:\Windows\Microsoft.NET\Framework64\v4.0.30319\mscorsvw.exe</Data>
    <Data Name=""TargetFilename"">C:\Windows\assembly\NativeImages_v4.0.30319_64\Temp\21b8-0\Microsoft.VisualStudio.Interactive.Core.dll</Data>
    <Data Name=""CreationUtcTime"">2023-12-21 11:46:08.547</Data>
    <Data Name=""User"">NT AUTHORITY\SYSTEM</Data>
  </EventData>
</Event>
"
Microsoft-Windows-Sysmon/Operational,,,WinDev2309Eval,46:07.3,,,,,,,,,11,6671,,,,C:\Windows\Microsoft.NET\Framework64\v4.0.30319\mscorsvw.exe,,,0x8000000000000000,4,,,,,0,,,,,,,{f57bd86a-257e-6584-7b09-000000000d00},3400,11032.0,,,,,,DLL,,,,,,,,,,,,,2023-12-21T11:46:07.3409491Z,C:\Windows\assembly\NativeImages_v4.0.30319_64\Temp\2b18-0\Microsoft.VisualStudio.IdentityService.Wpf.dll,,,,,,11,,4208,NT AUTHORITY\SYSTEM,S-1-5-18,46:07.3,2.0,"<Event xmlns=""http://schemas.microsoft.com/win/2004/08/events/event"">
  <System>
    <Provider Name=""Microsoft-Windows-Sysmon"" Guid=""{5770385f-c22a-43e0-bf4c-06f5698ffbd9}""/>
    <EventID>11</EventID>
    <Version>2</Version>
    <Level>4</Level>
    <Task>11</Task>
    <Opcode>0</Opcode>
    <Keywords>0x8000000000000000</Keywords>
    <TimeCreated SystemTime=""2023-12-21T11:46:07.3409491Z""/>
    <EventRecordID>6671</EventRecordID>
    <Correlation/>
    <Execution ProcessID=""3400"" ThreadID=""4208""/>
    <Channel>Microsoft-Windows-Sysmon/Operational</Channel>
    <Computer>WinDev2309Eval</Computer>
    <Security UserID=""S-1-5-18""/>
  </System>
  <EventData>
    <Data Name=""RuleName"">DLL</Data>
    <Data Name=""UtcTime"">2023-12-21 11:46:07.339</Data>
    <Data Name=""ProcessGuid"">{f57bd86a-257e-6584-7b09-000000000d00}</Data>
    <Data Name=""ProcessId"">11032</Data>
    <Data Name=""Image"">C:\Windows\Microsoft.NET\Framework64\v4.0.30319\mscorsvw.exe</Data>
    <Data Name=""TargetFilename"">C:\Windows\assembly\NativeImages_v4.0.30319_64\Temp\2b18-0\Microsoft.VisualStudio.IdentityService.Wpf.dll</Data>
    <Data Name=""CreationUtcTime"">2023-12-21 11:46:07.339</Data>
    <Data Name=""User"">NT AUTHORITY\SYSTEM</Data>
  </EventData>
</Event>
"
Microsoft-Windows-Sysmon/Operational,,,WinDev2309Eval,46:06.0,,,,,,,,,11,6670,,,,C:\Windows\Microsoft.NET\Framework64\v4.0.30319\mscorsvw.exe,,,0x8000000000000000,4,,,,,0,,,,,,,{f57bd86a-257d-6584-7909-000000000d00},3400,9240.0,,,,,,DLL,,,,,,,,,,,,,2023-12-21T11:46:06.0154748Z,C:\Windows\assembly\NativeImages_v4.0.30319_64\Temp\2418-0\Microsoft.Developer.IdentityService.GitHubProvider.UI.dll,,,,,,11,,4208,NT AUTHORITY\SYSTEM,S-1-5-18,46:06.0,2.0,"<Event xmlns=""http://schemas.microsoft.com/win/2004/08/events/event"">
  <System>
    <Provider Name=""Microsoft-Windows-Sysmon"" Guid=""{5770385f-c22a-43e0-bf4c-06f5698ffbd9}""/>
    <EventID>11</EventID>
    <Version>2</Version>
    <Level>4</Level>
    <Task>11</Task>
    <Opcode>0</Opcode>
    <Keywords>0x8000000000000000</Keywords>
    <TimeCreated SystemTime=""2023-12-21T11:46:06.0154748Z""/>
    <EventRecordID>6670</EventRecordID>
    <Correlation/>
    <Execution ProcessID=""3400"" ThreadID=""4208""/>
    <Channel>Microsoft-Windows-Sysmon/Operational</Channel>
    <Computer>WinDev2309Eval</Computer>
    <Security UserID=""S-1-5-18""/>
  </System>
  <EventData>
    <Data Name=""RuleName"">DLL</Data>
    <Data Name=""UtcTime"">2023-12-21 11:46:06.009</Data>
    <Data Name=""ProcessGuid"">{f57bd86a-257d-6584-7909-000000000d00}</Data>
    <Data Name=""ProcessId"">9240</Data>
    <Data Name=""Image"">C:\Windows\Microsoft.NET\Framework64\v4.0.30319\mscorsvw.exe</Data>
    <Data Name=""TargetFilename"">C:\Windows\assembly\NativeImages_v4.0.30319_64\Temp\2418-0\Microsoft.Developer.IdentityService.GitHubProvider.UI.dll</Data>
    <Data Name=""CreationUtcTime"">2023-12-21 11:46:06.009</Data>
    <Data Name=""User"">NT AUTHORITY\SYSTEM</Data>
  </EventData>
</Event>
"
Microsoft-Windows-Sysmon/Operational,,,WinDev2309Eval,46:04.8,,,,,,,,,11,6669,,,,C:\Windows\Microsoft.NET\Framework64\v4.0.30319\mscorsvw.exe,,,0x8000000000000000,4,,,,,0,,,,,,,{f57bd86a-257c-6584-7709-000000000d00},3400,2452.0,,,,,,DLL,,,,,,,,,,,,,2023-12-21T11:46:04.8513289Z,C:\Windows\assembly\NativeImages_v4.0.30319_64\Temp\994-0\Microsoft.Developer.IdentityService.Core.dll,,,,,,11,,4208,NT AUTHORITY\SYSTEM,S-1-5-18,46:04.8,2.0,"<Event xmlns=""http://schemas.microsoft.com/win/2004/08/events/event"">
  <System>
    <Provider Name=""Microsoft-Windows-Sysmon"" Guid=""{5770385f-c22a-43e0-bf4c-06f5698ffbd9}""/>
    <EventID>11</EventID>
    <Version>2</Version>
    <Level>4</Level>
    <Task>11</Task>
    <Opcode>0</Opcode>
    <Keywords>0x8000000000000000</Keywords>
    <TimeCreated SystemTime=""2023-12-21T11:46:04.8513289Z""/>
    <EventRecordID>6669</EventRecordID>
    <Correlation/>
    <Execution ProcessID=""3400"" ThreadID=""4208""/>
    <Channel>Microsoft-Windows-Sysmon/Operational</Channel>
    <Computer>WinDev2309Eval</Computer>
    <Security UserID=""S-1-5-18""/>
  </System>
  <EventData>
    <Data Name=""RuleName"">DLL</Data>
    <Data Name=""UtcTime"">2023-12-21 11:46:04.837</Data>
    <Data Name=""ProcessGuid"">{f57bd86a-257c-6584-7709-000000000d00}</Data>
    <Data Name=""ProcessId"">2452</Data>
    <Data Name=""Image"">C:\Windows\Microsoft.NET\Framework64\v4.0.30319\mscorsvw.exe</Data>
    <Data Name=""TargetFilename"">C:\Windows\assembly\NativeImages_v4.0.30319_64\Temp\994-0\Microsoft.Developer.IdentityService.Core.dll</Data>
    <Data Name=""CreationUtcTime"">2023-12-21 11:46:04.837</Data>
    <Data Name=""User"">NT AUTHORITY\SYSTEM</Data>
  </EventData>
</Event>
"
Microsoft-Windows-Sysmon/Operational,,,WinDev2309Eval,46:04.5,,,,,,,,,11,6668,,,,C:\Windows\Microsoft.NET\Framework64\v4.0.30319\mscorsvw.exe,,,0x8000000000000000,4,,,,,0,,,,,,,{f57bd86a-257b-6584-7509-000000000d00},3400,10988.0,,,,,,DLL,,,,,,,,,,,,,2023-12-21T11:46:04.5394167Z,C:\Windows\assembly\NativeImages_v4.0.30319_64\Temp\2aec-0\Microsoft.Developer.IdentityService.Client.dll,,,,,,11,,4208,NT AUTHORITY\SYSTEM,S-1-5-18,46:04.5,2.0,"<Event xmlns=""http://schemas.microsoft.com/win/2004/08/events/event"">
  <System>
    <Provider Name=""Microsoft-Windows-Sysmon"" Guid=""{5770385f-c22a-43e0-bf4c-06f5698ffbd9}""/>
    <EventID>11</EventID>
    <Version>2</Version>
    <Level>4</Level>
    <Task>11</Task>
    <Opcode>0</Opcode>
    <Keywords>0x8000000000000000</Keywords>
    <TimeCreated SystemTime=""2023-12-21T11:46:04.5394167Z""/>
    <EventRecordID>6668</EventRecordID>
    <Correlation/>
    <Execution ProcessID=""3400"" ThreadID=""4208""/>
    <Channel>Microsoft-Windows-Sysmon/Operational</Channel>
    <Computer>WinDev2309Eval</Computer>
    <Security UserID=""S-1-5-18""/>
  </System>
  <EventData>
    <Data Name=""RuleName"">DLL</Data>
    <Data Name=""UtcTime"">2023-12-21 11:46:04.525</Data>
    <Data Name=""ProcessGuid"">{f57bd86a-257b-6584-7509-000000000d00}</Data>
    <Data Name=""ProcessId"">10988</Data>
    <Data Name=""Image"">C:\Windows\Microsoft.NET\Framework64\v4.0.30319\mscorsvw.exe</Data>
    <Data Name=""TargetFilename"">C:\Windows\assembly\NativeImages_v4.0.30319_64\Temp\2aec-0\Microsoft.Developer.IdentityService.Client.dll</Data>
    <Data Name=""CreationUtcTime"">2023-12-21 11:46:04.525</Data>
    <Data Name=""User"">NT AUTHORITY\SYSTEM</Data>
  </EventData>
</Event>
"
Microsoft-Windows-Sysmon/Operational,,,WinDev2309Eval,46:01.4,,,,,,,,,11,6667,,,,C:\Windows\Microsoft.NET\Framework64\v4.0.30319\mscorsvw.exe,,,0x8000000000000000,4,,,,,0,,,,,,,{f57bd86a-2579-6584-6b09-000000000d00},3400,6364.0,,,,,,DLL,,,,,,,,,,,,,2023-12-21T11:46:01.3633733Z,C:\Windows\assembly\NativeImages_v4.0.30319_64\Temp\18dc-0\FSharp.UIResources.dll,,,,,,11,,4208,NT AUTHORITY\SYSTEM,S-1-5-18,46:01.4,2.0,"<Event xmlns=""http://schemas.microsoft.com/win/2004/08/events/event"">
  <System>
    <Provider Name=""Microsoft-Windows-Sysmon"" Guid=""{5770385f-c22a-43e0-bf4c-06f5698ffbd9}""/>
    <EventID>11</EventID>
    <Version>2</Version>
    <Level>4</Level>
    <Task>11</Task>
    <Opcode>0</Opcode>
    <Keywords>0x8000000000000000</Keywords>
    <TimeCreated SystemTime=""2023-12-21T11:46:01.3633733Z""/>
    <EventRecordID>6667</EventRecordID>
    <Correlation/>
    <Execution ProcessID=""3400"" ThreadID=""4208""/>
    <Channel>Microsoft-Windows-Sysmon/Operational</Channel>
    <Computer>WinDev2309Eval</Computer>
    <Security UserID=""S-1-5-18""/>
  </System>
  <EventData>
    <Data Name=""RuleName"">DLL</Data>
    <Data Name=""UtcTime"">2023-12-21 11:46:01.361</Data>
    <Data Name=""ProcessGuid"">{f57bd86a-2579-6584-6b09-000000000d00}</Data>
    <Data Name=""ProcessId"">6364</Data>
    <Data Name=""Image"">C:\Windows\Microsoft.NET\Framework64\v4.0.30319\mscorsvw.exe</Data>
    <Data Name=""TargetFilename"">C:\Windows\assembly\NativeImages_v4.0.30319_64\Temp\18dc-0\FSharp.UIResources.dll</Data>
    <Data Name=""CreationUtcTime"">2023-12-21 11:46:01.361</Data>
    <Data Name=""User"">NT AUTHORITY\SYSTEM</Data>
  </EventData>
</Event>
"
Microsoft-Windows-Sysmon/Operational,,,WinDev2309Eval,45:55.6,,,,,,,,,11,6666,,,,C:\Windows\Microsoft.NET\Framework64\v4.0.30319\mscorsvw.exe,,,0x8000000000000000,4,,,,,0,,,,,,,{f57bd86a-2572-6584-5909-000000000d00},3400,6864.0,,,,,,DLL,,,,,,,,,,,,,2023-12-21T11:45:55.5698632Z,C:\Windows\assembly\NativeImages_v4.0.30319_64\Temp\1ad0-0\Templates.Editorconfig.Wizard.dll,,,,,,11,,4208,NT AUTHORITY\SYSTEM,S-1-5-18,45:55.6,2.0,"<Event xmlns=""http://schemas.microsoft.com/win/2004/08/events/event"">
  <System>
    <Provider Name=""Microsoft-Windows-Sysmon"" Guid=""{5770385f-c22a-43e0-bf4c-06f5698ffbd9}""/>
    <EventID>11</EventID>
    <Version>2</Version>
    <Level>4</Level>
    <Task>11</Task>
    <Opcode>0</Opcode>
    <Keywords>0x8000000000000000</Keywords>
    <TimeCreated SystemTime=""2023-12-21T11:45:55.5698632Z""/>
    <EventRecordID>6666</EventRecordID>
    <Correlation/>
    <Execution ProcessID=""3400"" ThreadID=""4208""/>
    <Channel>Microsoft-Windows-Sysmon/Operational</Channel>
    <Computer>WinDev2309Eval</Computer>
    <Security UserID=""S-1-5-18""/>
  </System>
  <EventData>
    <Data Name=""RuleName"">DLL</Data>
    <Data Name=""UtcTime"">2023-12-21 11:45:55.556</Data>
    <Data Name=""ProcessGuid"">{f57bd86a-2572-6584-5909-000000000d00}</Data>
    <Data Name=""ProcessId"">6864</Data>
    <Data Name=""Image"">C:\Windows\Microsoft.NET\Framework64\v4.0.30319\mscorsvw.exe</Data>
    <Data Name=""TargetFilename"">C:\Windows\assembly\NativeImages_v4.0.30319_64\Temp\1ad0-0\Templates.Editorconfig.Wizard.dll</Data>
    <Data Name=""CreationUtcTime"">2023-12-21 11:45:55.556</Data>
    <Data Name=""User"">NT AUTHORITY\SYSTEM</Data>
  </EventData>
</Event>
"
Microsoft-Windows-Sysmon/Operational,,,WinDev2309Eval,45:50.8,,,,,,,,,11,6665,,,,C:\Windows\Microsoft.NET\Framework64\v4.0.30319\mscorsvw.exe,,,0x8000000000000000,4,,,,,0,,,,,,,{f57bd86a-256d-6584-4909-000000000d00},3400,5064.0,,,,,,DLL,,,,,,,,,,,,,2023-12-21T11:45:50.7829668Z,C:\Windows\assembly\NativeImages_v4.0.30319_64\Temp\13c8-0\Microsoft.VisualStudio.Commands.dll,,,,,,11,,4208,NT AUTHORITY\SYSTEM,S-1-5-18,45:50.8,2.0,"<Event xmlns=""http://schemas.microsoft.com/win/2004/08/events/event"">
  <System>
    <Provider Name=""Microsoft-Windows-Sysmon"" Guid=""{5770385f-c22a-43e0-bf4c-06f5698ffbd9}""/>
    <EventID>11</EventID>
    <Version>2</Version>
    <Level>4</Level>
    <Task>11</Task>
    <Opcode>0</Opcode>
    <Keywords>0x8000000000000000</Keywords>
    <TimeCreated SystemTime=""2023-12-21T11:45:50.7829668Z""/>
    <EventRecordID>6665</EventRecordID>
    <Correlation/>
    <Execution ProcessID=""3400"" ThreadID=""4208""/>
    <Channel>Microsoft-Windows-Sysmon/Operational</Channel>
    <Computer>WinDev2309Eval</Computer>
    <Security UserID=""S-1-5-18""/>
  </System>
  <EventData>
    <Data Name=""RuleName"">DLL</Data>
    <Data Name=""UtcTime"">2023-12-21 11:45:50.768</Data>
    <Data Name=""ProcessGuid"">{f57bd86a-256d-6584-4909-000000000d00}</Data>
    <Data Name=""ProcessId"">5064</Data>
    <Data Name=""Image"">C:\Windows\Microsoft.NET\Framework64\v4.0.30319\mscorsvw.exe</Data>
    <Data Name=""TargetFilename"">C:\Windows\assembly\NativeImages_v4.0.30319_64\Temp\13c8-0\Microsoft.VisualStudio.Commands.dll</Data>
    <Data Name=""CreationUtcTime"">2023-12-21 11:45:50.768</Data>
    <Data Name=""User"">NT AUTHORITY\SYSTEM</Data>
  </EventData>
</Event>
"
Microsoft-Windows-Sysmon/Operational,,,WinDev2309Eval,45:48.6,,,,,,,,,11,6664,,,,C:\Windows\Microsoft.NET\Framework64\v4.0.30319\mscorsvw.exe,,,0x8000000000000000,4,,,,,0,,,,,,,{f57bd86a-256c-6584-4709-000000000d00},3400,11820.0,,,,,,DLL,,,,,,,,,,,,,2023-12-21T11:45:48.5895037Z,C:\Windows\assembly\NativeImages_v4.0.30319_64\Temp\2e2c-0\Microsoft.VisualStudio.Progression.VSProvider.dll,,,,,,11,,4208,NT AUTHORITY\SYSTEM,S-1-5-18,45:48.6,2.0,"<Event xmlns=""http://schemas.microsoft.com/win/2004/08/events/event"">
  <System>
    <Provider Name=""Microsoft-Windows-Sysmon"" Guid=""{5770385f-c22a-43e0-bf4c-06f5698ffbd9}""/>
    <EventID>11</EventID>
    <Version>2</Version>
    <Level>4</Level>
    <Task>11</Task>
    <Opcode>0</Opcode>
    <Keywords>0x8000000000000000</Keywords>
    <TimeCreated SystemTime=""2023-12-21T11:45:48.5895037Z""/>
    <EventRecordID>6664</EventRecordID>
    <Correlation/>
    <Execution ProcessID=""3400"" ThreadID=""4208""/>
    <Channel>Microsoft-Windows-Sysmon/Operational</Channel>
    <Computer>WinDev2309Eval</Computer>
    <Security UserID=""S-1-5-18""/>
  </System>
  <EventData>
    <Data Name=""RuleName"">DLL</Data>
    <Data Name=""UtcTime"">2023-12-21 11:45:48.574</Data>
    <Data Name=""ProcessGuid"">{f57bd86a-256c-6584-4709-000000000d00}</Data>
    <Data Name=""ProcessId"">11820</Data>
    <Data Name=""Image"">C:\Windows\Microsoft.NET\Framework64\v4.0.30319\mscorsvw.exe</Data>
    <Data Name=""TargetFilename"">C:\Windows\assembly\NativeImages_v4.0.30319_64\Temp\2e2c-0\Microsoft.VisualStudio.Progression.VSProvider.dll</Data>
    <Data Name=""CreationUtcTime"">2023-12-21 11:45:48.574</Data>
    <Data Name=""User"">NT AUTHORITY\SYSTEM</Data>
  </EventData>
</Event>
"
Microsoft-Windows-Sysmon/Operational,,,WinDev2309Eval,45:47.9,,,,,,,,,11,6663,,,,C:\Windows\Microsoft.NET\Framework64\v4.0.30319\mscorsvw.exe,,,0x8000000000000000,4,,,,,0,,,,,,,{f57bd86a-256a-6584-4509-000000000d00},3400,5968.0,,,,,,DLL,,,,,,,,,,,,,2023-12-21T11:45:47.9643597Z,C:\Windows\assembly\NativeImages_v4.0.30319_64\Temp\1750-0\Microsoft.VisualStudio.Progression.Native.CodeProvider.dll,,,,,,11,,4208,NT AUTHORITY\SYSTEM,S-1-5-18,45:47.9,2.0,"<Event xmlns=""http://schemas.microsoft.com/win/2004/08/events/event"">
  <System>
    <Provider Name=""Microsoft-Windows-Sysmon"" Guid=""{5770385f-c22a-43e0-bf4c-06f5698ffbd9}""/>
    <EventID>11</EventID>
    <Version>2</Version>
    <Level>4</Level>
    <Task>11</Task>
    <Opcode>0</Opcode>
    <Keywords>0x8000000000000000</Keywords>
    <TimeCreated SystemTime=""2023-12-21T11:45:47.9643597Z""/>
    <EventRecordID>6663</EventRecordID>
    <Correlation/>
    <Execution ProcessID=""3400"" ThreadID=""4208""/>
    <Channel>Microsoft-Windows-Sysmon/Operational</Channel>
    <Computer>WinDev2309Eval</Computer>
    <Security UserID=""S-1-5-18""/>
  </System>
  <EventData>
    <Data Name=""RuleName"">DLL</Data>
    <Data Name=""UtcTime"">2023-12-21 11:45:47.949</Data>
    <Data Name=""ProcessGuid"">{f57bd86a-256a-6584-4509-000000000d00}</Data>
    <Data Name=""ProcessId"">5968</Data>
    <Data Name=""Image"">C:\Windows\Microsoft.NET\Framework64\v4.0.30319\mscorsvw.exe</Data>
    <Data Name=""TargetFilename"">C:\Windows\assembly\NativeImages_v4.0.30319_64\Temp\1750-0\Microsoft.VisualStudio.Progression.Native.CodeProvider.dll</Data>
    <Data Name=""CreationUtcTime"">2023-12-21 11:45:47.949</Data>
    <Data Name=""User"">NT AUTHORITY\SYSTEM</Data>
  </EventData>
</Event>
"
Microsoft-Windows-Sysmon/Operational,,,WinDev2309Eval,45:46.0,,,,,,,,,11,6662,,,,C:\Windows\Microsoft.NET\Framework64\v4.0.30319\mscorsvw.exe,,,0x8000000000000000,4,,,,,0,,,,,,,{f57bd86a-2568-6584-4309-000000000d00},3400,920.0,,,,,,DLL,,,,,,,,,,,,,2023-12-21T11:45:46.0043299Z,C:\Windows\assembly\NativeImages_v4.0.30319_64\Temp\398-0\Microsoft.VisualStudio.Progression.ManagedProvider.dll,,,,,,11,,4208,NT AUTHORITY\SYSTEM,S-1-5-18,45:46.0,2.0,"<Event xmlns=""http://schemas.microsoft.com/win/2004/08/events/event"">
  <System>
    <Provider Name=""Microsoft-Windows-Sysmon"" Guid=""{5770385f-c22a-43e0-bf4c-06f5698ffbd9}""/>
    <EventID>11</EventID>
    <Version>2</Version>
    <Level>4</Level>
    <Task>11</Task>
    <Opcode>0</Opcode>
    <Keywords>0x8000000000000000</Keywords>
    <TimeCreated SystemTime=""2023-12-21T11:45:46.0043299Z""/>
    <EventRecordID>6662</EventRecordID>
    <Correlation/>
    <Execution ProcessID=""3400"" ThreadID=""4208""/>
    <Channel>Microsoft-Windows-Sysmon/Operational</Channel>
    <Computer>WinDev2309Eval</Computer>
    <Security UserID=""S-1-5-18""/>
  </System>
  <EventData>
    <Data Name=""RuleName"">DLL</Data>
    <Data Name=""UtcTime"">2023-12-21 11:45:45.992</Data>
    <Data Name=""ProcessGuid"">{f57bd86a-2568-6584-4309-000000000d00}</Data>
    <Data Name=""ProcessId"">920</Data>
    <Data Name=""Image"">C:\Windows\Microsoft.NET\Framework64\v4.0.30319\mscorsvw.exe</Data>
    <Data Name=""TargetFilename"">C:\Windows\assembly\NativeImages_v4.0.30319_64\Temp\398-0\Microsoft.VisualStudio.Progression.ManagedProvider.dll</Data>
    <Data Name=""CreationUtcTime"">2023-12-21 11:45:45.992</Data>
    <Data Name=""User"">NT AUTHORITY\SYSTEM</Data>
  </EventData>
</Event>
"
Microsoft-Windows-Sysmon/Operational,,,WinDev2309Eval,45:43.5,,,,,,,,,11,6661,,,,C:\Windows\Microsoft.NET\Framework64\v4.0.30319\mscorsvw.exe,,,0x8000000000000000,4,,,,,0,,,,,,,{f57bd86a-2567-6584-4109-000000000d00},3400,11668.0,,,,,,DLL,,,,,,,,,,,,,2023-12-21T11:45:43.5369749Z,C:\Windows\assembly\NativeImages_v4.0.30319_64\Temp\2d94-0\Microsoft.VisualStudio.Progression.Interfaces.dll,,,,,,11,,4208,NT AUTHORITY\SYSTEM,S-1-5-18,45:43.5,2.0,"<Event xmlns=""http://schemas.microsoft.com/win/2004/08/events/event"">
  <System>
    <Provider Name=""Microsoft-Windows-Sysmon"" Guid=""{5770385f-c22a-43e0-bf4c-06f5698ffbd9}""/>
    <EventID>11</EventID>
    <Version>2</Version>
    <Level>4</Level>
    <Task>11</Task>
    <Opcode>0</Opcode>
    <Keywords>0x8000000000000000</Keywords>
    <TimeCreated SystemTime=""2023-12-21T11:45:43.5369749Z""/>
    <EventRecordID>6661</EventRecordID>
    <Correlation/>
    <Execution ProcessID=""3400"" ThreadID=""4208""/>
    <Channel>Microsoft-Windows-Sysmon/Operational</Channel>
    <Computer>WinDev2309Eval</Computer>
    <Security UserID=""S-1-5-18""/>
  </System>
  <EventData>
    <Data Name=""RuleName"">DLL</Data>
    <Data Name=""UtcTime"">2023-12-21 11:45:43.536</Data>
    <Data Name=""ProcessGuid"">{f57bd86a-2567-6584-4109-000000000d00}</Data>
    <Data Name=""ProcessId"">11668</Data>
    <Data Name=""Image"">C:\Windows\Microsoft.NET\Framework64\v4.0.30319\mscorsvw.exe</Data>
    <Data Name=""TargetFilename"">C:\Windows\assembly\NativeImages_v4.0.30319_64\Temp\2d94-0\Microsoft.VisualStudio.Progression.Interfaces.dll</Data>
    <Data Name=""CreationUtcTime"">2023-12-21 11:45:43.521</Data>
    <Data Name=""User"">NT AUTHORITY\SYSTEM</Data>
  </EventData>
</Event>
"
Microsoft-Windows-Sysmon/Operational,,,WinDev2309Eval,45:42.9,,,,,,,,,11,6660,,,,C:\Windows\Microsoft.NET\Framework64\v4.0.30319\mscorsvw.exe,,,0x8000000000000000,4,,,,,0,,,,,,,{f57bd86a-2566-6584-3f09-000000000d00},3400,11576.0,,,,,,DLL,,,,,,,,,,,,,2023-12-21T11:45:42.8964209Z,C:\Windows\assembly\NativeImages_v4.0.30319_64\Temp\2d38-0\Microsoft.VisualStudio.Progression.DataManager.dll,,,,,,11,,4208,NT AUTHORITY\SYSTEM,S-1-5-18,45:42.9,2.0,"<Event xmlns=""http://schemas.microsoft.com/win/2004/08/events/event"">
  <System>
    <Provider Name=""Microsoft-Windows-Sysmon"" Guid=""{5770385f-c22a-43e0-bf4c-06f5698ffbd9}""/>
    <EventID>11</EventID>
    <Version>2</Version>
    <Level>4</Level>
    <Task>11</Task>
    <Opcode>0</Opcode>
    <Keywords>0x8000000000000000</Keywords>
    <TimeCreated SystemTime=""2023-12-21T11:45:42.8964209Z""/>
    <EventRecordID>6660</EventRecordID>
    <Correlation/>
    <Execution ProcessID=""3400"" ThreadID=""4208""/>
    <Channel>Microsoft-Windows-Sysmon/Operational</Channel>
    <Computer>WinDev2309Eval</Computer>
    <Security UserID=""S-1-5-18""/>
  </System>
  <EventData>
    <Data Name=""RuleName"">DLL</Data>
    <Data Name=""UtcTime"">2023-12-21 11:45:42.896</Data>
    <Data Name=""ProcessGuid"">{f57bd86a-2566-6584-3f09-000000000d00}</Data>
    <Data Name=""ProcessId"">11576</Data>
    <Data Name=""Image"">C:\Windows\Microsoft.NET\Framework64\v4.0.30319\mscorsvw.exe</Data>
    <Data Name=""TargetFilename"">C:\Windows\assembly\NativeImages_v4.0.30319_64\Temp\2d38-0\Microsoft.VisualStudio.Progression.DataManager.dll</Data>
    <Data Name=""CreationUtcTime"">2023-12-21 11:45:42.880</Data>
    <Data Name=""User"">NT AUTHORITY\SYSTEM</Data>
  </EventData>
</Event>
"
Microsoft-Windows-Sysmon/Operational,,,WinDev2309Eval,45:42.4,,,,,,,,,11,6659,,,,C:\Windows\Microsoft.NET\Framework64\v4.0.30319\mscorsvw.exe,,,0x8000000000000000,4,,,,,0,,,,,,,{f57bd86a-2565-6584-3d09-000000000d00},3400,10688.0,,,,,,DLL,,,,,,,,,,,,,2023-12-21T11:45:42.4354654Z,C:\Windows\assembly\NativeImages_v4.0.30319_64\Temp\29c0-0\Microsoft.VisualStudio.Progression.Common.dll,,,,,,11,,4208,NT AUTHORITY\SYSTEM,S-1-5-18,45:42.4,2.0,"<Event xmlns=""http://schemas.microsoft.com/win/2004/08/events/event"">
  <System>
    <Provider Name=""Microsoft-Windows-Sysmon"" Guid=""{5770385f-c22a-43e0-bf4c-06f5698ffbd9}""/>
    <EventID>11</EventID>
    <Version>2</Version>
    <Level>4</Level>
    <Task>11</Task>
    <Opcode>0</Opcode>
    <Keywords>0x8000000000000000</Keywords>
    <TimeCreated SystemTime=""2023-12-21T11:45:42.4354654Z""/>
    <EventRecordID>6659</EventRecordID>
    <Correlation/>
    <Execution ProcessID=""3400"" ThreadID=""4208""/>
    <Channel>Microsoft-Windows-Sysmon/Operational</Channel>
    <Computer>WinDev2309Eval</Computer>
    <Security UserID=""S-1-5-18""/>
  </System>
  <EventData>
    <Data Name=""RuleName"">DLL</Data>
    <Data Name=""UtcTime"">2023-12-21 11:45:42.427</Data>
    <Data Name=""ProcessGuid"">{f57bd86a-2565-6584-3d09-000000000d00}</Data>
    <Data Name=""ProcessId"">10688</Data>
    <Data Name=""Image"">C:\Windows\Microsoft.NET\Framework64\v4.0.30319\mscorsvw.exe</Data>
    <Data Name=""TargetFilename"">C:\Windows\assembly\NativeImages_v4.0.30319_64\Temp\29c0-0\Microsoft.VisualStudio.Progression.Common.dll</Data>
    <Data Name=""CreationUtcTime"">2023-12-21 11:45:42.427</Data>
    <Data Name=""User"">NT AUTHORITY\SYSTEM</Data>
  </EventData>
</Event>
"
Microsoft-Windows-Sysmon/Operational,,,WinDev2309Eval,45:41.4,,,,,,,,,11,6658,,,,C:\Windows\Microsoft.NET\Framework64\v4.0.30319\mscorsvw.exe,,,0x8000000000000000,4,,,,,0,,,,,,,{f57bd86a-2564-6584-3b09-000000000d00},3400,10892.0,,,,,,DLL,,,,,,,,,,,,,2023-12-21T11:45:41.4061917Z,C:\Windows\assembly\NativeImages_v4.0.30319_64\Temp\2a8c-0\Microsoft.VisualStudio.Progression.CodeSchema.dll,,,,,,11,,4208,NT AUTHORITY\SYSTEM,S-1-5-18,45:41.4,2.0,"<Event xmlns=""http://schemas.microsoft.com/win/2004/08/events/event"">
  <System>
    <Provider Name=""Microsoft-Windows-Sysmon"" Guid=""{5770385f-c22a-43e0-bf4c-06f5698ffbd9}""/>
    <EventID>11</EventID>
    <Version>2</Version>
    <Level>4</Level>
    <Task>11</Task>
    <Opcode>0</Opcode>
    <Keywords>0x8000000000000000</Keywords>
    <TimeCreated SystemTime=""2023-12-21T11:45:41.4061917Z""/>
    <EventRecordID>6658</EventRecordID>
    <Correlation/>
    <Execution ProcessID=""3400"" ThreadID=""4208""/>
    <Channel>Microsoft-Windows-Sysmon/Operational</Channel>
    <Computer>WinDev2309Eval</Computer>
    <Security UserID=""S-1-5-18""/>
  </System>
  <EventData>
    <Data Name=""RuleName"">DLL</Data>
    <Data Name=""UtcTime"">2023-12-21 11:45:41.392</Data>
    <Data Name=""ProcessGuid"">{f57bd86a-2564-6584-3b09-000000000d00}</Data>
    <Data Name=""ProcessId"">10892</Data>
    <Data Name=""Image"">C:\Windows\Microsoft.NET\Framework64\v4.0.30319\mscorsvw.exe</Data>
    <Data Name=""TargetFilename"">C:\Windows\assembly\NativeImages_v4.0.30319_64\Temp\2a8c-0\Microsoft.VisualStudio.Progression.CodeSchema.dll</Data>
    <Data Name=""CreationUtcTime"">2023-12-21 11:45:41.392</Data>
    <Data Name=""User"">NT AUTHORITY\SYSTEM</Data>
  </EventData>
</Event>
"
Microsoft-Windows-Sysmon/Operational,,,WinDev2309Eval,45:39.6,,,,,,,,,11,6657,,,,C:\Windows\Microsoft.NET\Framework64\v4.0.30319\mscorsvw.exe,,,0x8000000000000000,4,,,,,0,,,,,,,{f57bd86a-2562-6584-3909-000000000d00},3400,10128.0,,,,,,DLL,,,,,,,,,,,,,2023-12-21T11:45:39.6380414Z,C:\Windows\assembly\NativeImages_v4.0.30319_64\Temp\2790-0\Microsoft.VisualStudio.GraphProviderPackage.dll,,,,,,11,,4208,NT AUTHORITY\SYSTEM,S-1-5-18,45:39.6,2.0,"<Event xmlns=""http://schemas.microsoft.com/win/2004/08/events/event"">
  <System>
    <Provider Name=""Microsoft-Windows-Sysmon"" Guid=""{5770385f-c22a-43e0-bf4c-06f5698ffbd9}""/>
    <EventID>11</EventID>
    <Version>2</Version>
    <Level>4</Level>
    <Task>11</Task>
    <Opcode>0</Opcode>
    <Keywords>0x8000000000000000</Keywords>
    <TimeCreated SystemTime=""2023-12-21T11:45:39.6380414Z""/>
    <EventRecordID>6657</EventRecordID>
    <Correlation/>
    <Execution ProcessID=""3400"" ThreadID=""4208""/>
    <Channel>Microsoft-Windows-Sysmon/Operational</Channel>
    <Computer>WinDev2309Eval</Computer>
    <Security UserID=""S-1-5-18""/>
  </System>
  <EventData>
    <Data Name=""RuleName"">DLL</Data>
    <Data Name=""UtcTime"">2023-12-21 11:45:39.630</Data>
    <Data Name=""ProcessGuid"">{f57bd86a-2562-6584-3909-000000000d00}</Data>
    <Data Name=""ProcessId"">10128</Data>
    <Data Name=""Image"">C:\Windows\Microsoft.NET\Framework64\v4.0.30319\mscorsvw.exe</Data>
    <Data Name=""TargetFilename"">C:\Windows\assembly\NativeImages_v4.0.30319_64\Temp\2790-0\Microsoft.VisualStudio.GraphProviderPackage.dll</Data>
    <Data Name=""CreationUtcTime"">2023-12-21 11:45:39.630</Data>
    <Data Name=""User"">NT AUTHORITY\SYSTEM</Data>
  </EventData>
</Event>
"
Microsoft-Windows-Sysmon/Operational,,,WinDev2309Eval,45:37.9,,,,,,,,,11,6656,,,,C:\Windows\Microsoft.NET\Framework64\v4.0.30319\mscorsvw.exe,,,0x8000000000000000,4,,,,,0,,,,,,,{f57bd86a-2561-6584-3709-000000000d00},3400,12932.0,,,,,,DLL,,,,,,,,,,,,,2023-12-21T11:45:37.9010448Z,C:\Windows\assembly\NativeImages_v4.0.30319_64\Temp\3284-0\Microsoft.VisualStudio.TabDesigner.Implementation.dll,,,,,,11,,4208,NT AUTHORITY\SYSTEM,S-1-5-18,45:37.9,2.0,"<Event xmlns=""http://schemas.microsoft.com/win/2004/08/events/event"">
  <System>
    <Provider Name=""Microsoft-Windows-Sysmon"" Guid=""{5770385f-c22a-43e0-bf4c-06f5698ffbd9}""/>
    <EventID>11</EventID>
    <Version>2</Version>
    <Level>4</Level>
    <Task>11</Task>
    <Opcode>0</Opcode>
    <Keywords>0x8000000000000000</Keywords>
    <TimeCreated SystemTime=""2023-12-21T11:45:37.9010448Z""/>
    <EventRecordID>6656</EventRecordID>
    <Correlation/>
    <Execution ProcessID=""3400"" ThreadID=""4208""/>
    <Channel>Microsoft-Windows-Sysmon/Operational</Channel>
    <Computer>WinDev2309Eval</Computer>
    <Security UserID=""S-1-5-18""/>
  </System>
  <EventData>
    <Data Name=""RuleName"">DLL</Data>
    <Data Name=""UtcTime"">2023-12-21 11:45:37.893</Data>
    <Data Name=""ProcessGuid"">{f57bd86a-2561-6584-3709-000000000d00}</Data>
    <Data Name=""ProcessId"">12932</Data>
    <Data Name=""Image"">C:\Windows\Microsoft.NET\Framework64\v4.0.30319\mscorsvw.exe</Data>
    <Data Name=""TargetFilename"">C:\Windows\assembly\NativeImages_v4.0.30319_64\Temp\3284-0\Microsoft.VisualStudio.TabDesigner.Implementation.dll</Data>
    <Data Name=""CreationUtcTime"">2023-12-21 11:45:37.893</Data>
    <Data Name=""User"">NT AUTHORITY\SYSTEM</Data>
  </EventData>
</Event>
"
Microsoft-Windows-Sysmon/Operational,,,WinDev2309Eval,45:36.8,,,,,,,,,11,6655,,,,C:\Windows\Microsoft.NET\Framework64\v4.0.30319\mscorsvw.exe,,,0x8000000000000000,4,,,,,0,,,,,,,{f57bd86a-2560-6584-3509-000000000d00},3400,12304.0,,,,,,EXE,,,,,,,,,,,,,2023-12-21T11:45:36.7652795Z,C:\Windows\assembly\NativeImages_v4.0.30319_64\Temp\3010-0\xsd.exe,,,,,,11,,4208,NT AUTHORITY\SYSTEM,S-1-5-18,45:36.8,2.0,"<Event xmlns=""http://schemas.microsoft.com/win/2004/08/events/event"">
  <System>
    <Provider Name=""Microsoft-Windows-Sysmon"" Guid=""{5770385f-c22a-43e0-bf4c-06f5698ffbd9}""/>
    <EventID>11</EventID>
    <Version>2</Version>
    <Level>4</Level>
    <Task>11</Task>
    <Opcode>0</Opcode>
    <Keywords>0x8000000000000000</Keywords>
    <TimeCreated SystemTime=""2023-12-21T11:45:36.7652795Z""/>
    <EventRecordID>6655</EventRecordID>
    <Correlation/>
    <Execution ProcessID=""3400"" ThreadID=""4208""/>
    <Channel>Microsoft-Windows-Sysmon/Operational</Channel>
    <Computer>WinDev2309Eval</Computer>
    <Security UserID=""S-1-5-18""/>
  </System>
  <EventData>
    <Data Name=""RuleName"">EXE</Data>
    <Data Name=""UtcTime"">2023-12-21 11:45:36.751</Data>
    <Data Name=""ProcessGuid"">{f57bd86a-2560-6584-3509-000000000d00}</Data>
    <Data Name=""ProcessId"">12304</Data>
    <Data Name=""Image"">C:\Windows\Microsoft.NET\Framework64\v4.0.30319\mscorsvw.exe</Data>
    <Data Name=""TargetFilename"">C:\Windows\assembly\NativeImages_v4.0.30319_64\Temp\3010-0\xsd.exe</Data>
    <Data Name=""CreationUtcTime"">2023-12-21 11:45:36.751</Data>
    <Data Name=""User"">NT AUTHORITY\SYSTEM</Data>
  </EventData>
</Event>
"
Microsoft-Windows-Sysmon/Operational,,,WinDev2309Eval,45:36.4,,,,,,,,,11,6654,,,,C:\Windows\Microsoft.NET\Framework64\v4.0.30319\mscorsvw.exe,,,0x8000000000000000,4,,,,,0,,,,,,,{f57bd86a-2560-6584-3309-000000000d00},3400,1468.0,,,,,,EXE,,,,,,,,,,,,,2023-12-21T11:45:36.4146740Z,C:\Windows\assembly\NativeImages_v4.0.30319_64\Temp\5bc-0\wsdl.exe,,,,,,11,,4208,NT AUTHORITY\SYSTEM,S-1-5-18,45:36.4,2.0,"<Event xmlns=""http://schemas.microsoft.com/win/2004/08/events/event"">
  <System>
    <Provider Name=""Microsoft-Windows-Sysmon"" Guid=""{5770385f-c22a-43e0-bf4c-06f5698ffbd9}""/>
    <EventID>11</EventID>
    <Version>2</Version>
    <Level>4</Level>
    <Task>11</Task>
    <Opcode>0</Opcode>
    <Keywords>0x8000000000000000</Keywords>
    <TimeCreated SystemTime=""2023-12-21T11:45:36.4146740Z""/>
    <EventRecordID>6654</EventRecordID>
    <Correlation/>
    <Execution ProcessID=""3400"" ThreadID=""4208""/>
    <Channel>Microsoft-Windows-Sysmon/Operational</Channel>
    <Computer>WinDev2309Eval</Computer>
    <Security UserID=""S-1-5-18""/>
  </System>
  <EventData>
    <Data Name=""RuleName"">EXE</Data>
    <Data Name=""UtcTime"">2023-12-21 11:45:36.407</Data>
    <Data Name=""ProcessGuid"">{f57bd86a-2560-6584-3309-000000000d00}</Data>
    <Data Name=""ProcessId"">1468</Data>
    <Data Name=""Image"">C:\Windows\Microsoft.NET\Framework64\v4.0.30319\mscorsvw.exe</Data>
    <Data Name=""TargetFilename"">C:\Windows\assembly\NativeImages_v4.0.30319_64\Temp\5bc-0\wsdl.exe</Data>
    <Data Name=""CreationUtcTime"">2023-12-21 11:45:36.407</Data>
    <Data Name=""User"">NT AUTHORITY\SYSTEM</Data>
  </EventData>
</Event>
"
Microsoft-Windows-Sysmon/Operational,,,WinDev2309Eval,45:35.9,,,,,,,,,11,6653,,,,C:\Windows\Microsoft.NET\Framework64\v4.0.30319\mscorsvw.exe,,,0x8000000000000000,4,,,,,0,,,,,,,{f57bd86a-255f-6584-3109-000000000d00},3400,12608.0,,,,,,EXE,,,,,,,,,,,,,2023-12-21T11:45:35.9410286Z,C:\Windows\assembly\NativeImages_v4.0.30319_64\Temp\3140-0\TlbImp.exe,,,,,,11,,4208,NT AUTHORITY\SYSTEM,S-1-5-18,45:35.9,2.0,"<Event xmlns=""http://schemas.microsoft.com/win/2004/08/events/event"">
  <System>
    <Provider Name=""Microsoft-Windows-Sysmon"" Guid=""{5770385f-c22a-43e0-bf4c-06f5698ffbd9}""/>
    <EventID>11</EventID>
    <Version>2</Version>
    <Level>4</Level>
    <Task>11</Task>
    <Opcode>0</Opcode>
    <Keywords>0x8000000000000000</Keywords>
    <TimeCreated SystemTime=""2023-12-21T11:45:35.9410286Z""/>
    <EventRecordID>6653</EventRecordID>
    <Correlation/>
    <Execution ProcessID=""3400"" ThreadID=""4208""/>
    <Channel>Microsoft-Windows-Sysmon/Operational</Channel>
    <Computer>WinDev2309Eval</Computer>
    <Security UserID=""S-1-5-18""/>
  </System>
  <EventData>
    <Data Name=""RuleName"">EXE</Data>
    <Data Name=""UtcTime"">2023-12-21 11:45:35.937</Data>
    <Data Name=""ProcessGuid"">{f57bd86a-255f-6584-3109-000000000d00}</Data>
    <Data Name=""ProcessId"">12608</Data>
    <Data Name=""Image"">C:\Windows\Microsoft.NET\Framework64\v4.0.30319\mscorsvw.exe</Data>
    <Data Name=""TargetFilename"">C:\Windows\assembly\NativeImages_v4.0.30319_64\Temp\3140-0\TlbImp.exe</Data>
    <Data Name=""CreationUtcTime"">2023-12-21 11:45:35.937</Data>
    <Data Name=""User"">NT AUTHORITY\SYSTEM</Data>
  </EventData>
</Event>
"
Microsoft-Windows-Sysmon/Operational,,,WinDev2309Eval,45:35.2,,,,,,,,,11,6652,,,,C:\Windows\Microsoft.NET\Framework64\v4.0.30319\mscorsvw.exe,,,0x8000000000000000,4,,,,,0,,,,,,,{f57bd86a-255f-6584-2f09-000000000d00},3400,10784.0,,,,,,EXE,,,,,,,,,,,,,2023-12-21T11:45:35.2111923Z,C:\Windows\assembly\NativeImages_v4.0.30319_64\Temp\2a20-0\TlbExp.exe,,,,,,11,,4208,NT AUTHORITY\SYSTEM,S-1-5-18,45:35.2,2.0,"<Event xmlns=""http://schemas.microsoft.com/win/2004/08/events/event"">
  <System>
    <Provider Name=""Microsoft-Windows-Sysmon"" Guid=""{5770385f-c22a-43e0-bf4c-06f5698ffbd9}""/>
    <EventID>11</EventID>
    <Version>2</Version>
    <Level>4</Level>
    <Task>11</Task>
    <Opcode>0</Opcode>
    <Keywords>0x8000000000000000</Keywords>
    <TimeCreated SystemTime=""2023-12-21T11:45:35.2111923Z""/>
    <EventRecordID>6652</EventRecordID>
    <Correlation/>
    <Execution ProcessID=""3400"" ThreadID=""4208""/>
    <Channel>Microsoft-Windows-Sysmon/Operational</Channel>
    <Computer>WinDev2309Eval</Computer>
    <Security UserID=""S-1-5-18""/>
  </System>
  <EventData>
    <Data Name=""RuleName"">EXE</Data>
    <Data Name=""UtcTime"">2023-12-21 11:45:35.200</Data>
    <Data Name=""ProcessGuid"">{f57bd86a-255f-6584-2f09-000000000d00}</Data>
    <Data Name=""ProcessId"">10784</Data>
    <Data Name=""Image"">C:\Windows\Microsoft.NET\Framework64\v4.0.30319\mscorsvw.exe</Data>
    <Data Name=""TargetFilename"">C:\Windows\assembly\NativeImages_v4.0.30319_64\Temp\2a20-0\TlbExp.exe</Data>
    <Data Name=""CreationUtcTime"">2023-12-21 11:45:35.200</Data>
    <Data Name=""User"">NT AUTHORITY\SYSTEM</Data>
  </EventData>
</Event>
"
