Channel,CommandLine,Company,Computer,CreationUtcTime,CurrentDirectory,Description,DestinationHostname,DestinationIp,DestinationIsIpv6,DestinationPort,DestinationPortName,Details,EventID,EventRecordID,EventType,FileVersion,Hashes,Image,Initiated,IntegrityLevel,Keywords,Level,LogonGuid,LogonId,Message,NewThreadId,Opcode,OriginalFileName,ParentCommandLine,ParentImage,ParentProcessGuid,ParentProcessId,ParentUser,ProcessGuid,ProcessID,ProcessId,Product,Protocol,QueryName,QueryResults,QueryStatus,RuleName,SourceHostname,SourceImage,SourceIp,SourceIsIpv6,SourcePort,SourcePortName,SourceProcessGuid,SourceProcessId,SourceUser,StartAddress,StartFunction,StartModule,SystemTime,TargetFilename,TargetImage,TargetObject,TargetProcessGuid,TargetProcessId,TargetUser,Task,TerminalSessionId,ThreadID,User,UserID,UtcTime,Version,raw
Microsoft-Windows-Sysmon/Operational,,,WinDev2309Eval,09:21.7,,,,,,,,,11,777,,,,C:\ProgramData\Microsoft\Windows Defender\Platform\4.18.23080.2006-0\MsMpEng.exe,,,0x8000000000000000,4,,,,,0,,,,,,,{f57bd86a-db70-6581-5800-000000000b00},10484,3784.0,,,,,,DLL,,,,,,,,,,,,,2023-12-19T21:09:21.7024857Z,C:\ProgramData\Microsoft\Windows Defender\Platform\4.18.23110.3-0\MpCommu.dll,,,,,,11,,10592,NT AUTHORITY\SYSTEM,S-1-5-18,09:21.7,2.0,"<Event xmlns=""http://schemas.microsoft.com/win/2004/08/events/event"">
  <System>
    <Provider Name=""Microsoft-Windows-Sysmon"" Guid=""{5770385f-c22a-43e0-bf4c-06f5698ffbd9}""/>
    <EventID>11</EventID>
    <Version>2</Version>
    <Level>4</Level>
    <Task>11</Task>
    <Opcode>0</Opcode>
    <Keywords>0x8000000000000000</Keywords>
    <TimeCreated SystemTime=""2023-12-19T21:09:21.7024857Z""/>
    <EventRecordID>777</EventRecordID>
    <Correlation/>
    <Execution ProcessID=""10484"" ThreadID=""10592""/>
    <Channel>Microsoft-Windows-Sysmon/Operational</Channel>
    <Computer>WinDev2309Eval</Computer>
    <Security UserID=""S-1-5-18""/>
  </System>
  <EventData>
    <Data Name=""RuleName"">DLL</Data>
    <Data Name=""UtcTime"">2023-12-19 21:09:21.687</Data>
    <Data Name=""ProcessGuid"">{f57bd86a-db70-6581-5800-000000000b00}</Data>
    <Data Name=""ProcessId"">3784</Data>
    <Data Name=""Image"">C:\ProgramData\Microsoft\Windows Defender\Platform\4.18.23080.2006-0\MsMpEng.exe</Data>
    <Data Name=""TargetFilename"">C:\ProgramData\Microsoft\Windows Defender\Platform\4.18.23110.3-0\MpCommu.dll</Data>
    <Data Name=""CreationUtcTime"">2023-12-19 21:09:21.687</Data>
    <Data Name=""User"">NT AUTHORITY\SYSTEM</Data>
  </EventData>
</Event>
"
Microsoft-Windows-Sysmon/Operational,,,WinDev2309Eval,09:21.7,,,,,,,,,11,776,,,,C:\ProgramData\Microsoft\Windows Defender\Platform\4.18.23080.2006-0\MsMpEng.exe,,,0x8000000000000000,4,,,,,0,,,,,,,{f57bd86a-db70-6581-5800-000000000b00},10484,3784.0,,,,,,EXE,,,,,,,,,,,,,2023-12-19T21:09:21.6935777Z,C:\ProgramData\Microsoft\Windows Defender\Platform\4.18.23110.3-0\MpCmdRun.exe,,,,,,11,,10592,NT AUTHORITY\SYSTEM,S-1-5-18,09:21.7,2.0,"<Event xmlns=""http://schemas.microsoft.com/win/2004/08/events/event"">
  <System>
    <Provider Name=""Microsoft-Windows-Sysmon"" Guid=""{5770385f-c22a-43e0-bf4c-06f5698ffbd9}""/>
    <EventID>11</EventID>
    <Version>2</Version>
    <Level>4</Level>
    <Task>11</Task>
    <Opcode>0</Opcode>
    <Keywords>0x8000000000000000</Keywords>
    <TimeCreated SystemTime=""2023-12-19T21:09:21.6935777Z""/>
    <EventRecordID>776</EventRecordID>
    <Correlation/>
    <Execution ProcessID=""10484"" ThreadID=""10592""/>
    <Channel>Microsoft-Windows-Sysmon/Operational</Channel>
    <Computer>WinDev2309Eval</Computer>
    <Security UserID=""S-1-5-18""/>
  </System>
  <EventData>
    <Data Name=""RuleName"">EXE</Data>
    <Data Name=""UtcTime"">2023-12-19 21:09:21.687</Data>
    <Data Name=""ProcessGuid"">{f57bd86a-db70-6581-5800-000000000b00}</Data>
    <Data Name=""ProcessId"">3784</Data>
    <Data Name=""Image"">C:\ProgramData\Microsoft\Windows Defender\Platform\4.18.23080.2006-0\MsMpEng.exe</Data>
    <Data Name=""TargetFilename"">C:\ProgramData\Microsoft\Windows Defender\Platform\4.18.23110.3-0\MpCmdRun.exe</Data>
    <Data Name=""CreationUtcTime"">2023-12-19 21:09:21.687</Data>
    <Data Name=""User"">NT AUTHORITY\SYSTEM</Data>
  </EventData>
</Event>
"
Microsoft-Windows-Sysmon/Operational,,,WinDev2309Eval,09:21.7,,,,,,,,,11,775,,,,C:\ProgramData\Microsoft\Windows Defender\Platform\4.18.23080.2006-0\MsMpEng.exe,,,0x8000000000000000,4,,,,,0,,,,,,,{f57bd86a-db70-6581-5800-000000000b00},10484,3784.0,,,,,,DLL,,,,,,,,,,,,,2023-12-19T21:09:21.6868589Z,C:\ProgramData\Microsoft\Windows Defender\Platform\4.18.23110.3-0\MpClient.dll,,,,,,11,,10592,NT AUTHORITY\SYSTEM,S-1-5-18,09:21.7,2.0,"<Event xmlns=""http://schemas.microsoft.com/win/2004/08/events/event"">
  <System>
    <Provider Name=""Microsoft-Windows-Sysmon"" Guid=""{5770385f-c22a-43e0-bf4c-06f5698ffbd9}""/>
    <EventID>11</EventID>
    <Version>2</Version>
    <Level>4</Level>
    <Task>11</Task>
    <Opcode>0</Opcode>
    <Keywords>0x8000000000000000</Keywords>
    <TimeCreated SystemTime=""2023-12-19T21:09:21.6868589Z""/>
    <EventRecordID>775</EventRecordID>
    <Correlation/>
    <Execution ProcessID=""10484"" ThreadID=""10592""/>
    <Channel>Microsoft-Windows-Sysmon/Operational</Channel>
    <Computer>WinDev2309Eval</Computer>
    <Security UserID=""S-1-5-18""/>
  </System>
  <EventData>
    <Data Name=""RuleName"">DLL</Data>
    <Data Name=""UtcTime"">2023-12-19 21:09:21.672</Data>
    <Data Name=""ProcessGuid"">{f57bd86a-db70-6581-5800-000000000b00}</Data>
    <Data Name=""ProcessId"">3784</Data>
    <Data Name=""Image"">C:\ProgramData\Microsoft\Windows Defender\Platform\4.18.23080.2006-0\MsMpEng.exe</Data>
    <Data Name=""TargetFilename"">C:\ProgramData\Microsoft\Windows Defender\Platform\4.18.23110.3-0\MpClient.dll</Data>
    <Data Name=""CreationUtcTime"">2023-12-19 21:09:21.672</Data>
    <Data Name=""User"">NT AUTHORITY\SYSTEM</Data>
  </EventData>
</Event>
"
Microsoft-Windows-Sysmon/Operational,,,WinDev2309Eval,09:21.7,,,,,,,,,11,774,,,,C:\ProgramData\Microsoft\Windows Defender\Platform\4.18.23080.2006-0\MsMpEng.exe,,,0x8000000000000000,4,,,,,0,,,,,,,{f57bd86a-db70-6581-5800-000000000b00},10484,3784.0,,,,,,DLL,,,,,,,,,,,,,2023-12-19T21:09:21.6777207Z,C:\ProgramData\Microsoft\Windows Defender\Platform\4.18.23110.3-0\MpAzSubmit.dll,,,,,,11,,10592,NT AUTHORITY\SYSTEM,S-1-5-18,09:21.7,2.0,"<Event xmlns=""http://schemas.microsoft.com/win/2004/08/events/event"">
  <System>
    <Provider Name=""Microsoft-Windows-Sysmon"" Guid=""{5770385f-c22a-43e0-bf4c-06f5698ffbd9}""/>
    <EventID>11</EventID>
    <Version>2</Version>
    <Level>4</Level>
    <Task>11</Task>
    <Opcode>0</Opcode>
    <Keywords>0x8000000000000000</Keywords>
    <TimeCreated SystemTime=""2023-12-19T21:09:21.6777207Z""/>
    <EventRecordID>774</EventRecordID>
    <Correlation/>
    <Execution ProcessID=""10484"" ThreadID=""10592""/>
    <Channel>Microsoft-Windows-Sysmon/Operational</Channel>
    <Computer>WinDev2309Eval</Computer>
    <Security UserID=""S-1-5-18""/>
  </System>
  <EventData>
    <Data Name=""RuleName"">DLL</Data>
    <Data Name=""UtcTime"">2023-12-19 21:09:21.672</Data>
    <Data Name=""ProcessGuid"">{f57bd86a-db70-6581-5800-000000000b00}</Data>
    <Data Name=""ProcessId"">3784</Data>
    <Data Name=""Image"">C:\ProgramData\Microsoft\Windows Defender\Platform\4.18.23080.2006-0\MsMpEng.exe</Data>
    <Data Name=""TargetFilename"">C:\ProgramData\Microsoft\Windows Defender\Platform\4.18.23110.3-0\MpAzSubmit.dll</Data>
    <Data Name=""CreationUtcTime"">2023-12-19 21:09:21.672</Data>
    <Data Name=""User"">NT AUTHORITY\SYSTEM</Data>
  </EventData>
</Event>
"
Microsoft-Windows-Sysmon/Operational,,,WinDev2309Eval,09:21.7,,,,,,,,,11,773,,,,C:\ProgramData\Microsoft\Windows Defender\Platform\4.18.23080.2006-0\MsMpEng.exe,,,0x8000000000000000,4,,,,,0,,,,,,,{f57bd86a-db70-6581-5800-000000000b00},10484,3784.0,,,,,,EXE,,,,,,,,,,,,,2023-12-19T21:09:21.6737430Z,C:\ProgramData\Microsoft\Windows Defender\Platform\4.18.23110.3-0\ConfigSecurityPolicy.exe,,,,,,11,,10592,NT AUTHORITY\SYSTEM,S-1-5-18,09:21.7,2.0,"<Event xmlns=""http://schemas.microsoft.com/win/2004/08/events/event"">
  <System>
    <Provider Name=""Microsoft-Windows-Sysmon"" Guid=""{5770385f-c22a-43e0-bf4c-06f5698ffbd9}""/>
    <EventID>11</EventID>
    <Version>2</Version>
    <Level>4</Level>
    <Task>11</Task>
    <Opcode>0</Opcode>
    <Keywords>0x8000000000000000</Keywords>
    <TimeCreated SystemTime=""2023-12-19T21:09:21.6737430Z""/>
    <EventRecordID>773</EventRecordID>
    <Correlation/>
    <Execution ProcessID=""10484"" ThreadID=""10592""/>
    <Channel>Microsoft-Windows-Sysmon/Operational</Channel>
    <Computer>WinDev2309Eval</Computer>
    <Security UserID=""S-1-5-18""/>
  </System>
  <EventData>
    <Data Name=""RuleName"">EXE</Data>
    <Data Name=""UtcTime"">2023-12-19 21:09:21.672</Data>
    <Data Name=""ProcessGuid"">{f57bd86a-db70-6581-5800-000000000b00}</Data>
    <Data Name=""ProcessId"">3784</Data>
    <Data Name=""Image"">C:\ProgramData\Microsoft\Windows Defender\Platform\4.18.23080.2006-0\MsMpEng.exe</Data>
    <Data Name=""TargetFilename"">C:\ProgramData\Microsoft\Windows Defender\Platform\4.18.23110.3-0\ConfigSecurityPolicy.exe</Data>
    <Data Name=""CreationUtcTime"">2023-12-19 21:09:21.672</Data>
    <Data Name=""User"">NT AUTHORITY\SYSTEM</Data>
  </EventData>
</Event>
"
Microsoft-Windows-Sysmon/Operational,,,WinDev2309Eval,,,,,,,,,1.1.23080.1001,13,772,SetValue,,,C:\Windows\System32\svchost.exe,,,0x8000000000000000,4,,,,,0,,,,,,,{f57bd86a-db70-6581-4e00-000000000b00},10484,3596.0,,,,,,InvDB-Ver,,,,,,,,,,,,,2023-12-19T21:09:21.2553275Z,,,\REGISTRY\A\{bd75d637-a777-f887-435f-6fd9b1f1f54b}\Root\InventoryApplicationFile\mpsigstub.exe|df2b2de99c97f7b8\BinProductVersion,,,,13,,10592,NT AUTHORITY\SYSTEM,S-1-5-18,09:21.3,2.0,"<Event xmlns=""http://schemas.microsoft.com/win/2004/08/events/event"">
  <System>
    <Provider Name=""Microsoft-Windows-Sysmon"" Guid=""{5770385f-c22a-43e0-bf4c-06f5698ffbd9}""/>
    <EventID>13</EventID>
    <Version>2</Version>
    <Level>4</Level>
    <Task>13</Task>
    <Opcode>0</Opcode>
    <Keywords>0x8000000000000000</Keywords>
    <TimeCreated SystemTime=""2023-12-19T21:09:21.2553275Z""/>
    <EventRecordID>772</EventRecordID>
    <Correlation/>
    <Execution ProcessID=""10484"" ThreadID=""10592""/>
    <Channel>Microsoft-Windows-Sysmon/Operational</Channel>
    <Computer>WinDev2309Eval</Computer>
    <Security UserID=""S-1-5-18""/>
  </System>
  <EventData>
    <Data Name=""RuleName"">InvDB-Ver</Data>
    <Data Name=""EventType"">SetValue</Data>
    <Data Name=""UtcTime"">2023-12-19 21:09:21.250</Data>
    <Data Name=""ProcessGuid"">{f57bd86a-db70-6581-4e00-000000000b00}</Data>
    <Data Name=""ProcessId"">3596</Data>
    <Data Name=""Image"">C:\Windows\System32\svchost.exe</Data>
    <Data Name=""TargetObject"">\REGISTRY\A\{bd75d637-a777-f887-435f-6fd9b1f1f54b}\Root\InventoryApplicationFile\mpsigstub.exe|df2b2de99c97f7b8\BinProductVersion</Data>
    <Data Name=""Details"">1.1.23080.1001</Data>
    <Data Name=""User"">NT AUTHORITY\SYSTEM</Data>
  </EventData>
</Event>
"
Microsoft-Windows-Sysmon/Operational,,,WinDev2309Eval,,,,,,,,,9/29/2037 2:13,13,771,SetValue,,,C:\Windows\System32\svchost.exe,,,0x8000000000000000,4,,,,,0,,,,,,,{f57bd86a-db70-6581-4e00-000000000b00},10484,3596.0,,,,,,InvDB-CompileTimeClaim,,,,,,,,,,,,,2023-12-19T21:09:21.2552564Z,,,\REGISTRY\A\{bd75d637-a777-f887-435f-6fd9b1f1f54b}\Root\InventoryApplicationFile\mpsigstub.exe|df2b2de99c97f7b8\LinkDate,,,,13,,10592,NT AUTHORITY\SYSTEM,S-1-5-18,09:21.3,2.0,"<Event xmlns=""http://schemas.microsoft.com/win/2004/08/events/event"">
  <System>
    <Provider Name=""Microsoft-Windows-Sysmon"" Guid=""{5770385f-c22a-43e0-bf4c-06f5698ffbd9}""/>
    <EventID>13</EventID>
    <Version>2</Version>
    <Level>4</Level>
    <Task>13</Task>
    <Opcode>0</Opcode>
    <Keywords>0x8000000000000000</Keywords>
    <TimeCreated SystemTime=""2023-12-19T21:09:21.2552564Z""/>
    <EventRecordID>771</EventRecordID>
    <Correlation/>
    <Execution ProcessID=""10484"" ThreadID=""10592""/>
    <Channel>Microsoft-Windows-Sysmon/Operational</Channel>
    <Computer>WinDev2309Eval</Computer>
    <Security UserID=""S-1-5-18""/>
  </System>
  <EventData>
    <Data Name=""RuleName"">InvDB-CompileTimeClaim</Data>
    <Data Name=""EventType"">SetValue</Data>
    <Data Name=""UtcTime"">2023-12-19 21:09:21.250</Data>
    <Data Name=""ProcessGuid"">{f57bd86a-db70-6581-4e00-000000000b00}</Data>
    <Data Name=""ProcessId"">3596</Data>
    <Data Name=""Image"">C:\Windows\System32\svchost.exe</Data>
    <Data Name=""TargetObject"">\REGISTRY\A\{bd75d637-a777-f887-435f-6fd9b1f1f54b}\Root\InventoryApplicationFile\mpsigstub.exe|df2b2de99c97f7b8\LinkDate</Data>
    <Data Name=""Details"">09/29/2037 02:13:33</Data>
    <Data Name=""User"">NT AUTHORITY\SYSTEM</Data>
  </EventData>
</Event>
"
Microsoft-Windows-Sysmon/Operational,,,WinDev2309Eval,,,,,,,,,microsoft corporation,13,770,SetValue,,,C:\Windows\System32\svchost.exe,,,0x8000000000000000,4,,,,,0,,,,,,,{f57bd86a-db70-6581-4e00-000000000b00},10484,3596.0,,,,,,InvDB-Pub,,,,,,,,,,,,,2023-12-19T21:09:21.2548886Z,,,\REGISTRY\A\{bd75d637-a777-f887-435f-6fd9b1f1f54b}\Root\InventoryApplicationFile\mpsigstub.exe|df2b2de99c97f7b8\Publisher,,,,13,,10592,NT AUTHORITY\SYSTEM,S-1-5-18,09:21.3,2.0,"<Event xmlns=""http://schemas.microsoft.com/win/2004/08/events/event"">
  <System>
    <Provider Name=""Microsoft-Windows-Sysmon"" Guid=""{5770385f-c22a-43e0-bf4c-06f5698ffbd9}""/>
    <EventID>13</EventID>
    <Version>2</Version>
    <Level>4</Level>
    <Task>13</Task>
    <Opcode>0</Opcode>
    <Keywords>0x8000000000000000</Keywords>
    <TimeCreated SystemTime=""2023-12-19T21:09:21.2548886Z""/>
    <EventRecordID>770</EventRecordID>
    <Correlation/>
    <Execution ProcessID=""10484"" ThreadID=""10592""/>
    <Channel>Microsoft-Windows-Sysmon/Operational</Channel>
    <Computer>WinDev2309Eval</Computer>
    <Security UserID=""S-1-5-18""/>
  </System>
  <EventData>
    <Data Name=""RuleName"">InvDB-Pub</Data>
    <Data Name=""EventType"">SetValue</Data>
    <Data Name=""UtcTime"">2023-12-19 21:09:21.250</Data>
    <Data Name=""ProcessGuid"">{f57bd86a-db70-6581-4e00-000000000b00}</Data>
    <Data Name=""ProcessId"">3596</Data>
    <Data Name=""Image"">C:\Windows\System32\svchost.exe</Data>
    <Data Name=""TargetObject"">\REGISTRY\A\{bd75d637-a777-f887-435f-6fd9b1f1f54b}\Root\InventoryApplicationFile\mpsigstub.exe|df2b2de99c97f7b8\Publisher</Data>
    <Data Name=""Details"">microsoft corporation</Data>
    <Data Name=""User"">NT AUTHORITY\SYSTEM</Data>
  </EventData>
</Event>
"
Microsoft-Windows-Sysmon/Operational,,,WinDev2309Eval,,,,,,,,,c:\windows\systemtemp\42e80775-383b-4719-abbf-a1334765f2d8\mpsigstub.exe,13,769,SetValue,,,C:\Windows\System32\svchost.exe,,,0x8000000000000000,4,,,,,0,,,,,,,{f57bd86a-db70-6581-4e00-000000000b00},10484,3596.0,,,,,,InvDB-Path,,,,,,,,,,,,,2023-12-19T21:09:21.2546894Z,,,\REGISTRY\A\{bd75d637-a777-f887-435f-6fd9b1f1f54b}\Root\InventoryApplicationFile\mpsigstub.exe|df2b2de99c97f7b8\LowerCaseLongPath,,,,13,,10592,NT AUTHORITY\SYSTEM,S-1-5-18,09:21.3,2.0,"<Event xmlns=""http://schemas.microsoft.com/win/2004/08/events/event"">
  <System>
    <Provider Name=""Microsoft-Windows-Sysmon"" Guid=""{5770385f-c22a-43e0-bf4c-06f5698ffbd9}""/>
    <EventID>13</EventID>
    <Version>2</Version>
    <Level>4</Level>
    <Task>13</Task>
    <Opcode>0</Opcode>
    <Keywords>0x8000000000000000</Keywords>
    <TimeCreated SystemTime=""2023-12-19T21:09:21.2546894Z""/>
    <EventRecordID>769</EventRecordID>
    <Correlation/>
    <Execution ProcessID=""10484"" ThreadID=""10592""/>
    <Channel>Microsoft-Windows-Sysmon/Operational</Channel>
    <Computer>WinDev2309Eval</Computer>
    <Security UserID=""S-1-5-18""/>
  </System>
  <EventData>
    <Data Name=""RuleName"">InvDB-Path</Data>
    <Data Name=""EventType"">SetValue</Data>
    <Data Name=""UtcTime"">2023-12-19 21:09:21.250</Data>
    <Data Name=""ProcessGuid"">{f57bd86a-db70-6581-4e00-000000000b00}</Data>
    <Data Name=""ProcessId"">3596</Data>
    <Data Name=""Image"">C:\Windows\System32\svchost.exe</Data>
    <Data Name=""TargetObject"">\REGISTRY\A\{bd75d637-a777-f887-435f-6fd9b1f1f54b}\Root\InventoryApplicationFile\mpsigstub.exe|df2b2de99c97f7b8\LowerCaseLongPath</Data>
    <Data Name=""Details"">c:\windows\systemtemp\42e80775-383b-4719-abbf-a1334765f2d8\mpsigstub.exe</Data>
    <Data Name=""User"">NT AUTHORITY\SYSTEM</Data>
  </EventData>
</Event>
"
Microsoft-Windows-Sysmon/Operational,C:\Windows\SystemTemp\42E80775-383B-4719-ABBF-A1334765F2D8\MpRecovery.exe,Microsoft Corporation,WinDev2309Eval,,C:\Windows\SystemTemp\42E80775-383B-4719-ABBF-A1334765F2D8\,Microsoft Malware Protection Recovery,,,,,,,1,768,,4.18.23110.3 (9ebb3643d539a6fc4659898b1df3124d5da4c0a9),"MD5=63123D8BE1C81B35DED1725D8670D53E,SHA256=74D6DF77524D81C1F98402A6D6C4FA63641B95DD85745132210972866B4AA434,IMPHASH=F221FD365D4FA08F84870CC5E3C17462",C:\Windows\SystemTemp\42E80775-383B-4719-ABBF-A1334765F2D8\MpRecovery.exe,,System,0x8000000000000000,4,{f57bd86a-db68-6581-e703-000000000000},0x3e7,,,0,mprecovery.exe,C:\Windows\SystemTemp\42E80775-383B-4719-ABBF-A1334765F2D8\MpSigStub.exe /stub 1.1.23080.1001 /payload 4.18.23110.3 /program C:\Windows\SoftwareDistribution\Download\Install\UpdatePlatform.amd64fre.exe,C:\Windows\SystemTemp\42E80775-383B-4719-ABBF-A1334765F2D8\MpSigStub.exe,{f57bd86a-067f-6582-3303-000000000b00},8356.0,NT AUTHORITY\SYSTEM,{f57bd86a-0680-6582-3403-000000000b00},10484,7520.0,Microsoft® Windows® Operating System,,,,,-,,,,,,,,,,,,,2023-12-19T21:09:20.6414731Z,,,,,,,1,0.0,10592,NT AUTHORITY\SYSTEM,S-1-5-18,09:20.6,5.0,"<Event xmlns=""http://schemas.microsoft.com/win/2004/08/events/event"">
  <System>
    <Provider Name=""Microsoft-Windows-Sysmon"" Guid=""{5770385f-c22a-43e0-bf4c-06f5698ffbd9}""/>
    <EventID>1</EventID>
    <Version>5</Version>
    <Level>4</Level>
    <Task>1</Task>
    <Opcode>0</Opcode>
    <Keywords>0x8000000000000000</Keywords>
    <TimeCreated SystemTime=""2023-12-19T21:09:20.6414731Z""/>
    <EventRecordID>768</EventRecordID>
    <Correlation/>
    <Execution ProcessID=""10484"" ThreadID=""10592""/>
    <Channel>Microsoft-Windows-Sysmon/Operational</Channel>
    <Computer>WinDev2309Eval</Computer>
    <Security UserID=""S-1-5-18""/>
  </System>
  <EventData>
    <Data Name=""RuleName"">-</Data>
    <Data Name=""UtcTime"">2023-12-19 21:09:20.637</Data>
    <Data Name=""ProcessGuid"">{f57bd86a-0680-6582-3403-000000000b00}</Data>
    <Data Name=""ProcessId"">7520</Data>
    <Data Name=""Image"">C:\Windows\SystemTemp\42E80775-383B-4719-ABBF-A1334765F2D8\MpRecovery.exe</Data>
    <Data Name=""FileVersion"">4.18.23110.3 (9ebb3643d539a6fc4659898b1df3124d5da4c0a9)</Data>
    <Data Name=""Description"">Microsoft Malware Protection Recovery</Data>
    <Data Name=""Product"">Microsoft&#174; Windows&#174; Operating System</Data>
    <Data Name=""Company"">Microsoft Corporation</Data>
    <Data Name=""OriginalFileName"">mprecovery.exe</Data>
    <Data Name=""CommandLine"">C:\Windows\SystemTemp\42E80775-383B-4719-ABBF-A1334765F2D8\MpRecovery.exe</Data>
    <Data Name=""CurrentDirectory"">C:\Windows\SystemTemp\42E80775-383B-4719-ABBF-A1334765F2D8\</Data>
    <Data Name=""User"">NT AUTHORITY\SYSTEM</Data>
    <Data Name=""LogonGuid"">{f57bd86a-db68-6581-e703-000000000000}</Data>
    <Data Name=""LogonId"">0x3e7</Data>
    <Data Name=""TerminalSessionId"">0</Data>
    <Data Name=""IntegrityLevel"">System</Data>
    <Data Name=""Hashes"">MD5=63123D8BE1C81B35DED1725D8670D53E,SHA256=74D6DF77524D81C1F98402A6D6C4FA63641B95DD85745132210972866B4AA434,IMPHASH=F221FD365D4FA08F84870CC5E3C17462</Data>
    <Data Name=""ParentProcessGuid"">{f57bd86a-067f-6582-3303-000000000b00}</Data>
    <Data Name=""ParentProcessId"">8356</Data>
    <Data Name=""ParentImage"">C:\Windows\SystemTemp\42E80775-383B-4719-ABBF-A1334765F2D8\MpSigStub.exe</Data>
    <Data Name=""ParentCommandLine"">C:\Windows\SystemTemp\42E80775-383B-4719-ABBF-A1334765F2D8\MpSigStub.exe /stub 1.1.23080.1001 /payload 4.18.23110.3 /program C:\Windows\SoftwareDistribution\Download\Install\UpdatePlatform.amd64fre.exe</Data>
    <Data Name=""ParentUser"">NT AUTHORITY\SYSTEM</Data>
  </EventData>
</Event>
"
Microsoft-Windows-Sysmon/Operational,C:\Windows\SystemTemp\42E80775-383B-4719-ABBF-A1334765F2D8\MpSigStub.exe /stub 1.1.23080.1001 /payload 4.18.23110.3 /program C:\Windows\SoftwareDistribution\Download\Install\UpdatePlatform.amd64fre.exe,Microsoft Corporation,WinDev2309Eval,,C:\Windows\SystemTemp\42E80775-383B-4719-ABBF-A1334765F2D8\,Microsoft Malware Protection Signature Update Stub,,,,,,,1,767,,1.1.23080.1001 (3160dd13d0f6a295f1d64f8fb862141832f637bb),"MD5=5598A4C4A5F166060BDE5F6983522F44,SHA256=896F1793CA8BDA909A71217F41A93AF5A06354C1EA9EA81C975D429224B28E19,IMPHASH=61A67B5C850CC035A3E3016768298329",C:\Windows\SystemTemp\42E80775-383B-4719-ABBF-A1334765F2D8\MpSigStub.exe,,System,0x8000000000000000,4,{f57bd86a-db68-6581-e703-000000000000},0x3e7,,,0,MpSigStub.exe,"""C:\Windows\SoftwareDistribution\Download\Install\UpdatePlatform.amd64fre.exe"" ",C:\Windows\SoftwareDistribution\Download\Install\UpdatePlatform.amd64fre.exe,{f57bd86a-067c-6582-3003-000000000b00},8404.0,NT AUTHORITY\SYSTEM,{f57bd86a-067f-6582-3303-000000000b00},10484,8356.0,Microsoft Malware Protection,,,,,-,,,,,,,,,,,,,2023-12-19T21:09:19.6651381Z,,,,,,,1,0.0,10592,NT AUTHORITY\SYSTEM,S-1-5-18,09:19.7,5.0,"<Event xmlns=""http://schemas.microsoft.com/win/2004/08/events/event"">
  <System>
    <Provider Name=""Microsoft-Windows-Sysmon"" Guid=""{5770385f-c22a-43e0-bf4c-06f5698ffbd9}""/>
    <EventID>1</EventID>
    <Version>5</Version>
    <Level>4</Level>
    <Task>1</Task>
    <Opcode>0</Opcode>
    <Keywords>0x8000000000000000</Keywords>
    <TimeCreated SystemTime=""2023-12-19T21:09:19.6651381Z""/>
    <EventRecordID>767</EventRecordID>
    <Correlation/>
    <Execution ProcessID=""10484"" ThreadID=""10592""/>
    <Channel>Microsoft-Windows-Sysmon/Operational</Channel>
    <Computer>WinDev2309Eval</Computer>
    <Security UserID=""S-1-5-18""/>
  </System>
  <EventData>
    <Data Name=""RuleName"">-</Data>
    <Data Name=""UtcTime"">2023-12-19 21:09:19.656</Data>
    <Data Name=""ProcessGuid"">{f57bd86a-067f-6582-3303-000000000b00}</Data>
    <Data Name=""ProcessId"">8356</Data>
    <Data Name=""Image"">C:\Windows\SystemTemp\42E80775-383B-4719-ABBF-A1334765F2D8\MpSigStub.exe</Data>
    <Data Name=""FileVersion"">1.1.23080.1001 (3160dd13d0f6a295f1d64f8fb862141832f637bb)</Data>
    <Data Name=""Description"">Microsoft Malware Protection Signature Update Stub</Data>
    <Data Name=""Product"">Microsoft Malware Protection</Data>
    <Data Name=""Company"">Microsoft Corporation</Data>
    <Data Name=""OriginalFileName"">MpSigStub.exe</Data>
    <Data Name=""CommandLine"">C:\Windows\SystemTemp\42E80775-383B-4719-ABBF-A1334765F2D8\MpSigStub.exe /stub 1.1.23080.1001 /payload 4.18.23110.3 /program C:\Windows\SoftwareDistribution\Download\Install\UpdatePlatform.amd64fre.exe</Data>
    <Data Name=""CurrentDirectory"">C:\Windows\SystemTemp\42E80775-383B-4719-ABBF-A1334765F2D8\</Data>
    <Data Name=""User"">NT AUTHORITY\SYSTEM</Data>
    <Data Name=""LogonGuid"">{f57bd86a-db68-6581-e703-000000000000}</Data>
    <Data Name=""LogonId"">0x3e7</Data>
    <Data Name=""TerminalSessionId"">0</Data>
    <Data Name=""IntegrityLevel"">System</Data>
    <Data Name=""Hashes"">MD5=5598A4C4A5F166060BDE5F6983522F44,SHA256=896F1793CA8BDA909A71217F41A93AF5A06354C1EA9EA81C975D429224B28E19,IMPHASH=61A67B5C850CC035A3E3016768298329</Data>
    <Data Name=""ParentProcessGuid"">{f57bd86a-067c-6582-3003-000000000b00}</Data>
    <Data Name=""ParentProcessId"">8404</Data>
    <Data Name=""ParentImage"">C:\Windows\SoftwareDistribution\Download\Install\UpdatePlatform.amd64fre.exe</Data>
    <Data Name=""ParentCommandLine"">""C:\Windows\SoftwareDistribution\Download\Install\UpdatePlatform.amd64fre.exe"" </Data>
    <Data Name=""ParentUser"">NT AUTHORITY\SYSTEM</Data>
  </EventData>
</Event>
"
Microsoft-Windows-Sysmon/Operational,,,WinDev2309Eval,09:19.5,,,,,,,,,11,766,,,,C:\Windows\SoftwareDistribution\Download\Install\UpdatePlatform.amd64fre.exe,,,0x8000000000000000,4,,,,,0,,,,,,,{f57bd86a-067c-6582-3003-000000000b00},10484,8404.0,,,,,,-,,,,,,,,,,,,,2023-12-19T21:09:19.5054531Z,C:\Windows\SystemTemp\42E80775-383B-4719-ABBF-A1334765F2D8\Drivers\WdNisDrv.sys,,,,,,11,,10592,NT AUTHORITY\SYSTEM,S-1-5-18,09:19.5,2.0,"<Event xmlns=""http://schemas.microsoft.com/win/2004/08/events/event"">
  <System>
    <Provider Name=""Microsoft-Windows-Sysmon"" Guid=""{5770385f-c22a-43e0-bf4c-06f5698ffbd9}""/>
    <EventID>11</EventID>
    <Version>2</Version>
    <Level>4</Level>
    <Task>11</Task>
    <Opcode>0</Opcode>
    <Keywords>0x8000000000000000</Keywords>
    <TimeCreated SystemTime=""2023-12-19T21:09:19.5054531Z""/>
    <EventRecordID>766</EventRecordID>
    <Correlation/>
    <Execution ProcessID=""10484"" ThreadID=""10592""/>
    <Channel>Microsoft-Windows-Sysmon/Operational</Channel>
    <Computer>WinDev2309Eval</Computer>
    <Security UserID=""S-1-5-18""/>
  </System>
  <EventData>
    <Data Name=""RuleName"">-</Data>
    <Data Name=""UtcTime"">2023-12-19 21:09:19.498</Data>
    <Data Name=""ProcessGuid"">{f57bd86a-067c-6582-3003-000000000b00}</Data>
    <Data Name=""ProcessId"">8404</Data>
    <Data Name=""Image"">C:\Windows\SoftwareDistribution\Download\Install\UpdatePlatform.amd64fre.exe</Data>
    <Data Name=""TargetFilename"">C:\Windows\SystemTemp\42E80775-383B-4719-ABBF-A1334765F2D8\Drivers\WdNisDrv.sys</Data>
    <Data Name=""CreationUtcTime"">2023-12-19 21:09:19.498</Data>
    <Data Name=""User"">NT AUTHORITY\SYSTEM</Data>
  </EventData>
</Event>
"
Microsoft-Windows-Sysmon/Operational,,,WinDev2309Eval,09:19.5,,,,,,,,,11,765,,,,C:\Windows\SoftwareDistribution\Download\Install\UpdatePlatform.amd64fre.exe,,,0x8000000000000000,4,,,,,0,,,,,,,{f57bd86a-067c-6582-3003-000000000b00},10484,8404.0,,,,,,-,,,,,,,,,,,,,2023-12-19T21:09:19.4712371Z,C:\Windows\SystemTemp\42E80775-383B-4719-ABBF-A1334765F2D8\Drivers\WdFilter.sys,,,,,,11,,10592,NT AUTHORITY\SYSTEM,S-1-5-18,09:19.5,2.0,"<Event xmlns=""http://schemas.microsoft.com/win/2004/08/events/event"">
  <System>
    <Provider Name=""Microsoft-Windows-Sysmon"" Guid=""{5770385f-c22a-43e0-bf4c-06f5698ffbd9}""/>
    <EventID>11</EventID>
    <Version>2</Version>
    <Level>4</Level>
    <Task>11</Task>
    <Opcode>0</Opcode>
    <Keywords>0x8000000000000000</Keywords>
    <TimeCreated SystemTime=""2023-12-19T21:09:19.4712371Z""/>
    <EventRecordID>765</EventRecordID>
    <Correlation/>
    <Execution ProcessID=""10484"" ThreadID=""10592""/>
    <Channel>Microsoft-Windows-Sysmon/Operational</Channel>
    <Computer>WinDev2309Eval</Computer>
    <Security UserID=""S-1-5-18""/>
  </System>
  <EventData>
    <Data Name=""RuleName"">-</Data>
    <Data Name=""UtcTime"">2023-12-19 21:09:19.468</Data>
    <Data Name=""ProcessGuid"">{f57bd86a-067c-6582-3003-000000000b00}</Data>
    <Data Name=""ProcessId"">8404</Data>
    <Data Name=""Image"">C:\Windows\SoftwareDistribution\Download\Install\UpdatePlatform.amd64fre.exe</Data>
    <Data Name=""TargetFilename"">C:\Windows\SystemTemp\42E80775-383B-4719-ABBF-A1334765F2D8\Drivers\WdFilter.sys</Data>
    <Data Name=""CreationUtcTime"">2023-12-19 21:09:19.468</Data>
    <Data Name=""User"">NT AUTHORITY\SYSTEM</Data>
  </EventData>
</Event>
"
Microsoft-Windows-Sysmon/Operational,,,WinDev2309Eval,09:19.4,,,,,,,,,11,764,,,,C:\Windows\SoftwareDistribution\Download\Install\UpdatePlatform.amd64fre.exe,,,0x8000000000000000,4,,,,,0,,,,,,,{f57bd86a-067c-6582-3003-000000000b00},10484,8404.0,,,,,,-,,,,,,,,,,,,,2023-12-19T21:09:19.4417528Z,C:\Windows\SystemTemp\42E80775-383B-4719-ABBF-A1334765F2D8\Drivers\WdDevFlt.sys,,,,,,11,,10592,NT AUTHORITY\SYSTEM,S-1-5-18,09:19.4,2.0,"<Event xmlns=""http://schemas.microsoft.com/win/2004/08/events/event"">
  <System>
    <Provider Name=""Microsoft-Windows-Sysmon"" Guid=""{5770385f-c22a-43e0-bf4c-06f5698ffbd9}""/>
    <EventID>11</EventID>
    <Version>2</Version>
    <Level>4</Level>
    <Task>11</Task>
    <Opcode>0</Opcode>
    <Keywords>0x8000000000000000</Keywords>
    <TimeCreated SystemTime=""2023-12-19T21:09:19.4417528Z""/>
    <EventRecordID>764</EventRecordID>
    <Correlation/>
    <Execution ProcessID=""10484"" ThreadID=""10592""/>
    <Channel>Microsoft-Windows-Sysmon/Operational</Channel>
    <Computer>WinDev2309Eval</Computer>
    <Security UserID=""S-1-5-18""/>
  </System>
  <EventData>
    <Data Name=""RuleName"">-</Data>
    <Data Name=""UtcTime"">2023-12-19 21:09:19.436</Data>
    <Data Name=""ProcessGuid"">{f57bd86a-067c-6582-3003-000000000b00}</Data>
    <Data Name=""ProcessId"">8404</Data>
    <Data Name=""Image"">C:\Windows\SoftwareDistribution\Download\Install\UpdatePlatform.amd64fre.exe</Data>
    <Data Name=""TargetFilename"">C:\Windows\SystemTemp\42E80775-383B-4719-ABBF-A1334765F2D8\Drivers\WdDevFlt.sys</Data>
    <Data Name=""CreationUtcTime"">2023-12-19 21:09:19.436</Data>
    <Data Name=""User"">NT AUTHORITY\SYSTEM</Data>
  </EventData>
</Event>
"
Microsoft-Windows-Sysmon/Operational,,,WinDev2309Eval,09:19.4,,,,,,,,,11,763,,,,C:\Windows\SoftwareDistribution\Download\Install\UpdatePlatform.amd64fre.exe,,,0x8000000000000000,4,,,,,0,,,,,,,{f57bd86a-067c-6582-3003-000000000b00},10484,8404.0,,,,,,-,,,,,,,,,,,,,2023-12-19T21:09:19.4212858Z,C:\Windows\SystemTemp\42E80775-383B-4719-ABBF-A1334765F2D8\Drivers\WdBoot.sys,,,,,,11,,10592,NT AUTHORITY\SYSTEM,S-1-5-18,09:19.4,2.0,"<Event xmlns=""http://schemas.microsoft.com/win/2004/08/events/event"">
  <System>
    <Provider Name=""Microsoft-Windows-Sysmon"" Guid=""{5770385f-c22a-43e0-bf4c-06f5698ffbd9}""/>
    <EventID>11</EventID>
    <Version>2</Version>
    <Level>4</Level>
    <Task>11</Task>
    <Opcode>0</Opcode>
    <Keywords>0x8000000000000000</Keywords>
    <TimeCreated SystemTime=""2023-12-19T21:09:19.4212858Z""/>
    <EventRecordID>763</EventRecordID>
    <Correlation/>
    <Execution ProcessID=""10484"" ThreadID=""10592""/>
    <Channel>Microsoft-Windows-Sysmon/Operational</Channel>
    <Computer>WinDev2309Eval</Computer>
    <Security UserID=""S-1-5-18""/>
  </System>
  <EventData>
    <Data Name=""RuleName"">-</Data>
    <Data Name=""UtcTime"">2023-12-19 21:09:19.420</Data>
    <Data Name=""ProcessGuid"">{f57bd86a-067c-6582-3003-000000000b00}</Data>
    <Data Name=""ProcessId"">8404</Data>
    <Data Name=""Image"">C:\Windows\SoftwareDistribution\Download\Install\UpdatePlatform.amd64fre.exe</Data>
    <Data Name=""TargetFilename"">C:\Windows\SystemTemp\42E80775-383B-4719-ABBF-A1334765F2D8\Drivers\WdBoot.sys</Data>
    <Data Name=""CreationUtcTime"">2023-12-19 21:09:19.420</Data>
    <Data Name=""User"">NT AUTHORITY\SYSTEM</Data>
  </EventData>
</Event>
"
Microsoft-Windows-Sysmon/Operational,,,WinDev2309Eval,09:17.9,,,,,,,,,11,762,,,,C:\Windows\SoftwareDistribution\Download\Install\UpdatePlatform.amd64fre.exe,,,0x8000000000000000,4,,,,,0,,,,,,,{f57bd86a-067c-6582-3003-000000000b00},10484,8404.0,,,,,,EXE,,,,,,,,,,,,,2023-12-19T21:09:17.9383708Z,C:\Windows\SystemTemp\42E80775-383B-4719-ABBF-A1334765F2D8\x86\MpCopyAccelerator.exe,,,,,,11,,10592,NT AUTHORITY\SYSTEM,S-1-5-18,09:17.9,2.0,"<Event xmlns=""http://schemas.microsoft.com/win/2004/08/events/event"">
  <System>
    <Provider Name=""Microsoft-Windows-Sysmon"" Guid=""{5770385f-c22a-43e0-bf4c-06f5698ffbd9}""/>
    <EventID>11</EventID>
    <Version>2</Version>
    <Level>4</Level>
    <Task>11</Task>
    <Opcode>0</Opcode>
    <Keywords>0x8000000000000000</Keywords>
    <TimeCreated SystemTime=""2023-12-19T21:09:17.9383708Z""/>
    <EventRecordID>762</EventRecordID>
    <Correlation/>
    <Execution ProcessID=""10484"" ThreadID=""10592""/>
    <Channel>Microsoft-Windows-Sysmon/Operational</Channel>
    <Computer>WinDev2309Eval</Computer>
    <Security UserID=""S-1-5-18""/>
  </System>
  <EventData>
    <Data Name=""RuleName"">EXE</Data>
    <Data Name=""UtcTime"">2023-12-19 21:09:17.935</Data>
    <Data Name=""ProcessGuid"">{f57bd86a-067c-6582-3003-000000000b00}</Data>
    <Data Name=""ProcessId"">8404</Data>
    <Data Name=""Image"">C:\Windows\SoftwareDistribution\Download\Install\UpdatePlatform.amd64fre.exe</Data>
    <Data Name=""TargetFilename"">C:\Windows\SystemTemp\42E80775-383B-4719-ABBF-A1334765F2D8\x86\MpCopyAccelerator.exe</Data>
    <Data Name=""CreationUtcTime"">2023-12-19 21:09:17.935</Data>
    <Data Name=""User"">NT AUTHORITY\SYSTEM</Data>
  </EventData>
</Event>
"
Microsoft-Windows-Sysmon/Operational,,,WinDev2309Eval,09:17.9,,,,,,,,,11,761,,,,C:\Windows\SoftwareDistribution\Download\Install\UpdatePlatform.amd64fre.exe,,,0x8000000000000000,4,,,,,0,,,,,,,{f57bd86a-067c-6582-3003-000000000b00},10484,8404.0,,,,,,EXE,,,,,,,,,,,,,2023-12-19T21:09:17.9002830Z,C:\Windows\SystemTemp\42E80775-383B-4719-ABBF-A1334765F2D8\x86\MpCmdRun.exe,,,,,,11,,10592,NT AUTHORITY\SYSTEM,S-1-5-18,09:17.9,2.0,"<Event xmlns=""http://schemas.microsoft.com/win/2004/08/events/event"">
  <System>
    <Provider Name=""Microsoft-Windows-Sysmon"" Guid=""{5770385f-c22a-43e0-bf4c-06f5698ffbd9}""/>
    <EventID>11</EventID>
    <Version>2</Version>
    <Level>4</Level>
    <Task>11</Task>
    <Opcode>0</Opcode>
    <Keywords>0x8000000000000000</Keywords>
    <TimeCreated SystemTime=""2023-12-19T21:09:17.9002830Z""/>
    <EventRecordID>761</EventRecordID>
    <Correlation/>
    <Execution ProcessID=""10484"" ThreadID=""10592""/>
    <Channel>Microsoft-Windows-Sysmon/Operational</Channel>
    <Computer>WinDev2309Eval</Computer>
    <Security UserID=""S-1-5-18""/>
  </System>
  <EventData>
    <Data Name=""RuleName"">EXE</Data>
    <Data Name=""UtcTime"">2023-12-19 21:09:17.885</Data>
    <Data Name=""ProcessGuid"">{f57bd86a-067c-6582-3003-000000000b00}</Data>
    <Data Name=""ProcessId"">8404</Data>
    <Data Name=""Image"">C:\Windows\SoftwareDistribution\Download\Install\UpdatePlatform.amd64fre.exe</Data>
    <Data Name=""TargetFilename"">C:\Windows\SystemTemp\42E80775-383B-4719-ABBF-A1334765F2D8\x86\MpCmdRun.exe</Data>
    <Data Name=""CreationUtcTime"">2023-12-19 21:09:17.885</Data>
    <Data Name=""User"">NT AUTHORITY\SYSTEM</Data>
  </EventData>
</Event>
"
Microsoft-Windows-Sysmon/Operational,,,WinDev2309Eval,09:17.9,,,,,,,,,11,760,,,,C:\Windows\SoftwareDistribution\Download\Install\UpdatePlatform.amd64fre.exe,,,0x8000000000000000,4,,,,,0,,,,,,,{f57bd86a-067c-6582-3003-000000000b00},10484,8404.0,,,,,,EXE,,,,,,,,,,,,,2023-12-19T21:09:17.8730312Z,C:\Windows\SystemTemp\42E80775-383B-4719-ABBF-A1334765F2D8\mpextms.exe,,,,,,11,,10592,NT AUTHORITY\SYSTEM,S-1-5-18,09:17.9,2.0,"<Event xmlns=""http://schemas.microsoft.com/win/2004/08/events/event"">
  <System>
    <Provider Name=""Microsoft-Windows-Sysmon"" Guid=""{5770385f-c22a-43e0-bf4c-06f5698ffbd9}""/>
    <EventID>11</EventID>
    <Version>2</Version>
    <Level>4</Level>
    <Task>11</Task>
    <Opcode>0</Opcode>
    <Keywords>0x8000000000000000</Keywords>
    <TimeCreated SystemTime=""2023-12-19T21:09:17.8730312Z""/>
    <EventRecordID>760</EventRecordID>
    <Correlation/>
    <Execution ProcessID=""10484"" ThreadID=""10592""/>
    <Channel>Microsoft-Windows-Sysmon/Operational</Channel>
    <Computer>WinDev2309Eval</Computer>
    <Security UserID=""S-1-5-18""/>
  </System>
  <EventData>
    <Data Name=""RuleName"">EXE</Data>
    <Data Name=""UtcTime"">2023-12-19 21:09:17.870</Data>
    <Data Name=""ProcessGuid"">{f57bd86a-067c-6582-3003-000000000b00}</Data>
    <Data Name=""ProcessId"">8404</Data>
    <Data Name=""Image"">C:\Windows\SoftwareDistribution\Download\Install\UpdatePlatform.amd64fre.exe</Data>
    <Data Name=""TargetFilename"">C:\Windows\SystemTemp\42E80775-383B-4719-ABBF-A1334765F2D8\mpextms.exe</Data>
    <Data Name=""CreationUtcTime"">2023-12-19 21:09:17.870</Data>
    <Data Name=""User"">NT AUTHORITY\SYSTEM</Data>
  </EventData>
</Event>
"
Microsoft-Windows-Sysmon/Operational,,,WinDev2309Eval,09:17.8,,,,,,,,,11,759,,,,C:\Windows\SoftwareDistribution\Download\Install\UpdatePlatform.amd64fre.exe,,,0x8000000000000000,4,,,,,0,,,,,,,{f57bd86a-067c-6582-3003-000000000b00},10484,8404.0,,,,,,EXE,,,,,,,,,,,,,2023-12-19T21:09:17.7862626Z,C:\Windows\SystemTemp\42E80775-383B-4719-ABBF-A1334765F2D8\NisSrv.exe,,,,,,11,,10592,NT AUTHORITY\SYSTEM,S-1-5-18,09:17.8,2.0,"<Event xmlns=""http://schemas.microsoft.com/win/2004/08/events/event"">
  <System>
    <Provider Name=""Microsoft-Windows-Sysmon"" Guid=""{5770385f-c22a-43e0-bf4c-06f5698ffbd9}""/>
    <EventID>11</EventID>
    <Version>2</Version>
    <Level>4</Level>
    <Task>11</Task>
    <Opcode>0</Opcode>
    <Keywords>0x8000000000000000</Keywords>
    <TimeCreated SystemTime=""2023-12-19T21:09:17.7862626Z""/>
    <EventRecordID>759</EventRecordID>
    <Correlation/>
    <Execution ProcessID=""10484"" ThreadID=""10592""/>
    <Channel>Microsoft-Windows-Sysmon/Operational</Channel>
    <Computer>WinDev2309Eval</Computer>
    <Security UserID=""S-1-5-18""/>
  </System>
  <EventData>
    <Data Name=""RuleName"">EXE</Data>
    <Data Name=""UtcTime"">2023-12-19 21:09:17.776</Data>
    <Data Name=""ProcessGuid"">{f57bd86a-067c-6582-3003-000000000b00}</Data>
    <Data Name=""ProcessId"">8404</Data>
    <Data Name=""Image"">C:\Windows\SoftwareDistribution\Download\Install\UpdatePlatform.amd64fre.exe</Data>
    <Data Name=""TargetFilename"">C:\Windows\SystemTemp\42E80775-383B-4719-ABBF-A1334765F2D8\NisSrv.exe</Data>
    <Data Name=""CreationUtcTime"">2023-12-19 21:09:17.776</Data>
    <Data Name=""User"">NT AUTHORITY\SYSTEM</Data>
  </EventData>
</Event>
"
Microsoft-Windows-Sysmon/Operational,,,WinDev2309Eval,09:17.8,,,,,,,,,11,758,,,,C:\Windows\SoftwareDistribution\Download\Install\UpdatePlatform.amd64fre.exe,,,0x8000000000000000,4,,,,,0,,,,,,,{f57bd86a-067c-6582-3003-000000000b00},10484,8404.0,,,,,,EXE,,,,,,,,,,,,,2023-12-19T21:09:17.7788680Z,C:\Windows\SystemTemp\42E80775-383B-4719-ABBF-A1334765F2D8\MsMpEng.exe,,,,,,11,,10592,NT AUTHORITY\SYSTEM,S-1-5-18,09:17.8,2.0,"<Event xmlns=""http://schemas.microsoft.com/win/2004/08/events/event"">
  <System>
    <Provider Name=""Microsoft-Windows-Sysmon"" Guid=""{5770385f-c22a-43e0-bf4c-06f5698ffbd9}""/>
    <EventID>11</EventID>
    <Version>2</Version>
    <Level>4</Level>
    <Task>11</Task>
    <Opcode>0</Opcode>
    <Keywords>0x8000000000000000</Keywords>
    <TimeCreated SystemTime=""2023-12-19T21:09:17.7788680Z""/>
    <EventRecordID>758</EventRecordID>
    <Correlation/>
    <Execution ProcessID=""10484"" ThreadID=""10592""/>
    <Channel>Microsoft-Windows-Sysmon/Operational</Channel>
    <Computer>WinDev2309Eval</Computer>
    <Security UserID=""S-1-5-18""/>
  </System>
  <EventData>
    <Data Name=""RuleName"">EXE</Data>
    <Data Name=""UtcTime"">2023-12-19 21:09:17.776</Data>
    <Data Name=""ProcessGuid"">{f57bd86a-067c-6582-3003-000000000b00}</Data>
    <Data Name=""ProcessId"">8404</Data>
    <Data Name=""Image"">C:\Windows\SoftwareDistribution\Download\Install\UpdatePlatform.amd64fre.exe</Data>
    <Data Name=""TargetFilename"">C:\Windows\SystemTemp\42E80775-383B-4719-ABBF-A1334765F2D8\MsMpEng.exe</Data>
    <Data Name=""CreationUtcTime"">2023-12-19 21:09:17.776</Data>
    <Data Name=""User"">NT AUTHORITY\SYSTEM</Data>
  </EventData>
</Event>
"
Microsoft-Windows-Sysmon/Operational,,,WinDev2309Eval,09:17.7,,,,,,,,,11,757,,,,C:\Windows\SoftwareDistribution\Download\Install\UpdatePlatform.amd64fre.exe,,,0x8000000000000000,4,,,,,0,,,,,,,{f57bd86a-067c-6582-3003-000000000b00},10484,8404.0,,,,,,EXE,,,,,,,,,,,,,2023-12-19T21:09:17.7510156Z,C:\Windows\SystemTemp\42E80775-383B-4719-ABBF-A1334765F2D8\MpSigStub.exe,,,,,,11,,10592,NT AUTHORITY\SYSTEM,S-1-5-18,09:17.7,2.0,"<Event xmlns=""http://schemas.microsoft.com/win/2004/08/events/event"">
  <System>
    <Provider Name=""Microsoft-Windows-Sysmon"" Guid=""{5770385f-c22a-43e0-bf4c-06f5698ffbd9}""/>
    <EventID>11</EventID>
    <Version>2</Version>
    <Level>4</Level>
    <Task>11</Task>
    <Opcode>0</Opcode>
    <Keywords>0x8000000000000000</Keywords>
    <TimeCreated SystemTime=""2023-12-19T21:09:17.7510156Z""/>
    <EventRecordID>757</EventRecordID>
    <Correlation/>
    <Execution ProcessID=""10484"" ThreadID=""10592""/>
    <Channel>Microsoft-Windows-Sysmon/Operational</Channel>
    <Computer>WinDev2309Eval</Computer>
    <Security UserID=""S-1-5-18""/>
  </System>
  <EventData>
    <Data Name=""RuleName"">EXE</Data>
    <Data Name=""UtcTime"">2023-12-19 21:09:17.745</Data>
    <Data Name=""ProcessGuid"">{f57bd86a-067c-6582-3003-000000000b00}</Data>
    <Data Name=""ProcessId"">8404</Data>
    <Data Name=""Image"">C:\Windows\SoftwareDistribution\Download\Install\UpdatePlatform.amd64fre.exe</Data>
    <Data Name=""TargetFilename"">C:\Windows\SystemTemp\42E80775-383B-4719-ABBF-A1334765F2D8\MpSigStub.exe</Data>
    <Data Name=""CreationUtcTime"">2023-12-19 21:09:17.745</Data>
    <Data Name=""User"">NT AUTHORITY\SYSTEM</Data>
  </EventData>
</Event>
"
Microsoft-Windows-Sysmon/Operational,,,WinDev2309Eval,09:17.7,,,,,,,,,11,756,,,,C:\Windows\SoftwareDistribution\Download\Install\UpdatePlatform.amd64fre.exe,,,0x8000000000000000,4,,,,,0,,,,,,,{f57bd86a-067c-6582-3003-000000000b00},10484,8404.0,,,,,,EXE,,,,,,,,,,,,,2023-12-19T21:09:17.7397289Z,C:\Windows\SystemTemp\42E80775-383B-4719-ABBF-A1334765F2D8\MpRecovery.exe,,,,,,11,,10592,NT AUTHORITY\SYSTEM,S-1-5-18,09:17.7,2.0,"<Event xmlns=""http://schemas.microsoft.com/win/2004/08/events/event"">
  <System>
    <Provider Name=""Microsoft-Windows-Sysmon"" Guid=""{5770385f-c22a-43e0-bf4c-06f5698ffbd9}""/>
    <EventID>11</EventID>
    <Version>2</Version>
    <Level>4</Level>
    <Task>11</Task>
    <Opcode>0</Opcode>
    <Keywords>0x8000000000000000</Keywords>
    <TimeCreated SystemTime=""2023-12-19T21:09:17.7397289Z""/>
    <EventRecordID>756</EventRecordID>
    <Correlation/>
    <Execution ProcessID=""10484"" ThreadID=""10592""/>
    <Channel>Microsoft-Windows-Sysmon/Operational</Channel>
    <Computer>WinDev2309Eval</Computer>
    <Security UserID=""S-1-5-18""/>
  </System>
  <EventData>
    <Data Name=""RuleName"">EXE</Data>
    <Data Name=""UtcTime"">2023-12-19 21:09:17.729</Data>
    <Data Name=""ProcessGuid"">{f57bd86a-067c-6582-3003-000000000b00}</Data>
    <Data Name=""ProcessId"">8404</Data>
    <Data Name=""Image"">C:\Windows\SoftwareDistribution\Download\Install\UpdatePlatform.amd64fre.exe</Data>
    <Data Name=""TargetFilename"">C:\Windows\SystemTemp\42E80775-383B-4719-ABBF-A1334765F2D8\MpRecovery.exe</Data>
    <Data Name=""CreationUtcTime"">2023-12-19 21:09:17.729</Data>
    <Data Name=""User"">NT AUTHORITY\SYSTEM</Data>
  </EventData>
</Event>
"
