Channel,CommandLine,Company,Computer,CreationUtcTime,CurrentDirectory,Description,DestinationHostname,DestinationIp,DestinationIsIpv6,DestinationPort,DestinationPortName,Details,EventID,EventRecordID,EventType,FileVersion,Hashes,Image,Initiated,IntegrityLevel,Keywords,Level,LogonGuid,LogonId,Message,NewThreadId,Opcode,OriginalFileName,ParentCommandLine,ParentImage,ParentProcessGuid,ParentProcessId,ParentUser,ProcessGuid,ProcessID,ProcessId,Product,Protocol,QueryName,QueryResults,QueryStatus,RuleName,SourceHostname,SourceImage,SourceIp,SourceIsIpv6,SourcePort,SourcePortName,SourceProcessGuid,SourceProcessId,SourceUser,StartAddress,StartFunction,StartModule,SystemTime,TargetFilename,TargetImage,TargetObject,TargetProcessGuid,TargetProcessId,TargetUser,Task,TerminalSessionId,ThreadID,User,UserID,UtcTime,Version,raw
Microsoft-Windows-Sysmon/Operational,,,WinDev2309Eval,39:47.7,,,,,,,,,11,6475,,,,C:\Windows\Microsoft.NET\Framework\v4.0.30319\mscorsvw.exe,,,0x8000000000000000,4,,,,,0,,,,,,,{f57bd86a-2402-6584-2a07-000000000d00},3400,2708.0,,,,,,DLL,,,,,,,,,,,,,2023-12-21T11:39:47.7278259Z,C:\Windows\assembly\NativeImages_v4.0.30319_32\Temp\a94-0\Microsoft.CodeAnalysis.Razor.dll,,,,,,11,,4208,NT AUTHORITY\SYSTEM,S-1-5-18,39:47.7,2.0,"<Event xmlns=""http://schemas.microsoft.com/win/2004/08/events/event"">
  <System>
    <Provider Name=""Microsoft-Windows-Sysmon"" Guid=""{5770385f-c22a-43e0-bf4c-06f5698ffbd9}""/>
    <EventID>11</EventID>
    <Version>2</Version>
    <Level>4</Level>
    <Task>11</Task>
    <Opcode>0</Opcode>
    <Keywords>0x8000000000000000</Keywords>
    <TimeCreated SystemTime=""2023-12-21T11:39:47.7278259Z""/>
    <EventRecordID>6475</EventRecordID>
    <Correlation/>
    <Execution ProcessID=""3400"" ThreadID=""4208""/>
    <Channel>Microsoft-Windows-Sysmon/Operational</Channel>
    <Computer>WinDev2309Eval</Computer>
    <Security UserID=""S-1-5-18""/>
  </System>
  <EventData>
    <Data Name=""RuleName"">DLL</Data>
    <Data Name=""UtcTime"">2023-12-21 11:39:47.719</Data>
    <Data Name=""ProcessGuid"">{f57bd86a-2402-6584-2a07-000000000d00}</Data>
    <Data Name=""ProcessId"">2708</Data>
    <Data Name=""Image"">C:\Windows\Microsoft.NET\Framework\v4.0.30319\mscorsvw.exe</Data>
    <Data Name=""TargetFilename"">C:\Windows\assembly\NativeImages_v4.0.30319_32\Temp\a94-0\Microsoft.CodeAnalysis.Razor.dll</Data>
    <Data Name=""CreationUtcTime"">2023-12-21 11:39:47.719</Data>
    <Data Name=""User"">NT AUTHORITY\SYSTEM</Data>
  </EventData>
</Event>
"
Microsoft-Windows-Sysmon/Operational,,,WinDev2309Eval,39:46.0,,,,,,,,,11,6474,,,,C:\Windows\Microsoft.NET\Framework\v4.0.30319\mscorsvw.exe,,,0x8000000000000000,4,,,,,0,,,,,,,{f57bd86a-2401-6584-2807-000000000d00},3400,12440.0,,,,,,DLL,,,,,,,,,,,,,2023-12-21T11:39:46.0603175Z,C:\Windows\assembly\NativeImages_v4.0.30319_32\Temp\3098-0\Microsoft.AspNetCore.Razor.Utilities.Shared.dll,,,,,,11,,4208,NT AUTHORITY\SYSTEM,S-1-5-18,39:46.0,2.0,"<Event xmlns=""http://schemas.microsoft.com/win/2004/08/events/event"">
  <System>
    <Provider Name=""Microsoft-Windows-Sysmon"" Guid=""{5770385f-c22a-43e0-bf4c-06f5698ffbd9}""/>
    <EventID>11</EventID>
    <Version>2</Version>
    <Level>4</Level>
    <Task>11</Task>
    <Opcode>0</Opcode>
    <Keywords>0x8000000000000000</Keywords>
    <TimeCreated SystemTime=""2023-12-21T11:39:46.0603175Z""/>
    <EventRecordID>6474</EventRecordID>
    <Correlation/>
    <Execution ProcessID=""3400"" ThreadID=""4208""/>
    <Channel>Microsoft-Windows-Sysmon/Operational</Channel>
    <Computer>WinDev2309Eval</Computer>
    <Security UserID=""S-1-5-18""/>
  </System>
  <EventData>
    <Data Name=""RuleName"">DLL</Data>
    <Data Name=""UtcTime"">2023-12-21 11:39:46.047</Data>
    <Data Name=""ProcessGuid"">{f57bd86a-2401-6584-2807-000000000d00}</Data>
    <Data Name=""ProcessId"">12440</Data>
    <Data Name=""Image"">C:\Windows\Microsoft.NET\Framework\v4.0.30319\mscorsvw.exe</Data>
    <Data Name=""TargetFilename"">C:\Windows\assembly\NativeImages_v4.0.30319_32\Temp\3098-0\Microsoft.AspNetCore.Razor.Utilities.Shared.dll</Data>
    <Data Name=""CreationUtcTime"">2023-12-21 11:39:46.047</Data>
    <Data Name=""User"">NT AUTHORITY\SYSTEM</Data>
  </EventData>
</Event>
"
Microsoft-Windows-Sysmon/Operational,,,WinDev2309Eval,39:45.5,,,,,,,,,11,6473,,,,C:\Windows\Microsoft.NET\Framework\v4.0.30319\mscorsvw.exe,,,0x8000000000000000,4,,,,,0,,,,,,,{f57bd86a-2400-6584-2607-000000000d00},3400,12920.0,,,,,,DLL,,,,,,,,,,,,,2023-12-21T11:39:45.5360509Z,C:\Windows\assembly\NativeImages_v4.0.30319_32\Temp\3278-0\Microsoft.AspNetCore.Razor.ProjectEngineHost.dll,,,,,,11,,4208,NT AUTHORITY\SYSTEM,S-1-5-18,39:45.5,2.0,"<Event xmlns=""http://schemas.microsoft.com/win/2004/08/events/event"">
  <System>
    <Provider Name=""Microsoft-Windows-Sysmon"" Guid=""{5770385f-c22a-43e0-bf4c-06f5698ffbd9}""/>
    <EventID>11</EventID>
    <Version>2</Version>
    <Level>4</Level>
    <Task>11</Task>
    <Opcode>0</Opcode>
    <Keywords>0x8000000000000000</Keywords>
    <TimeCreated SystemTime=""2023-12-21T11:39:45.5360509Z""/>
    <EventRecordID>6473</EventRecordID>
    <Correlation/>
    <Execution ProcessID=""3400"" ThreadID=""4208""/>
    <Channel>Microsoft-Windows-Sysmon/Operational</Channel>
    <Computer>WinDev2309Eval</Computer>
    <Security UserID=""S-1-5-18""/>
  </System>
  <EventData>
    <Data Name=""RuleName"">DLL</Data>
    <Data Name=""UtcTime"">2023-12-21 11:39:45.531</Data>
    <Data Name=""ProcessGuid"">{f57bd86a-2400-6584-2607-000000000d00}</Data>
    <Data Name=""ProcessId"">12920</Data>
    <Data Name=""Image"">C:\Windows\Microsoft.NET\Framework\v4.0.30319\mscorsvw.exe</Data>
    <Data Name=""TargetFilename"">C:\Windows\assembly\NativeImages_v4.0.30319_32\Temp\3278-0\Microsoft.AspNetCore.Razor.ProjectEngineHost.dll</Data>
    <Data Name=""CreationUtcTime"">2023-12-21 11:39:45.531</Data>
    <Data Name=""User"">NT AUTHORITY\SYSTEM</Data>
  </EventData>
</Event>
"
Microsoft-Windows-Sysmon/Operational,,,WinDev2309Eval,39:44.5,,,,,,,,,11,6472,,,,C:\Windows\Microsoft.NET\Framework\v4.0.30319\mscorsvw.exe,,,0x8000000000000000,4,,,,,0,,,,,,,{f57bd86a-2400-6584-2407-000000000d00},3400,2752.0,,,,,,DLL,,,,,,,,,,,,,2023-12-21T11:39:44.4560744Z,C:\Windows\assembly\NativeImages_v4.0.30319_32\Temp\ac0-0\Microsoft.AspNetCore.Razor.LanguageServer.Protocol.dll,,,,,,11,,4208,NT AUTHORITY\SYSTEM,S-1-5-18,39:44.5,2.0,"<Event xmlns=""http://schemas.microsoft.com/win/2004/08/events/event"">
  <System>
    <Provider Name=""Microsoft-Windows-Sysmon"" Guid=""{5770385f-c22a-43e0-bf4c-06f5698ffbd9}""/>
    <EventID>11</EventID>
    <Version>2</Version>
    <Level>4</Level>
    <Task>11</Task>
    <Opcode>0</Opcode>
    <Keywords>0x8000000000000000</Keywords>
    <TimeCreated SystemTime=""2023-12-21T11:39:44.4560744Z""/>
    <EventRecordID>6472</EventRecordID>
    <Correlation/>
    <Execution ProcessID=""3400"" ThreadID=""4208""/>
    <Channel>Microsoft-Windows-Sysmon/Operational</Channel>
    <Computer>WinDev2309Eval</Computer>
    <Security UserID=""S-1-5-18""/>
  </System>
  <EventData>
    <Data Name=""RuleName"">DLL</Data>
    <Data Name=""UtcTime"">2023-12-21 11:39:44.452</Data>
    <Data Name=""ProcessGuid"">{f57bd86a-2400-6584-2407-000000000d00}</Data>
    <Data Name=""ProcessId"">2752</Data>
    <Data Name=""Image"">C:\Windows\Microsoft.NET\Framework\v4.0.30319\mscorsvw.exe</Data>
    <Data Name=""TargetFilename"">C:\Windows\assembly\NativeImages_v4.0.30319_32\Temp\ac0-0\Microsoft.AspNetCore.Razor.LanguageServer.Protocol.dll</Data>
    <Data Name=""CreationUtcTime"">2023-12-21 11:39:44.452</Data>
    <Data Name=""User"">NT AUTHORITY\SYSTEM</Data>
  </EventData>
</Event>
"
Microsoft-Windows-Sysmon/Operational,,,WinDev2309Eval,39:44.1,,,,,,,,,11,6471,,,,C:\Windows\Microsoft.NET\Framework\v4.0.30319\mscorsvw.exe,,,0x8000000000000000,4,,,,,0,,,,,,,{f57bd86a-23fd-6584-2207-000000000d00},3400,9432.0,,,,,,DLL,,,,,,,,,,,,,2023-12-21T11:39:44.0899099Z,C:\Windows\assembly\NativeImages_v4.0.30319_32\Temp\24d8-0\Microsoft.AspNetCore.Razor.LanguageServer.dll,,,,,,11,,4208,NT AUTHORITY\SYSTEM,S-1-5-18,39:44.1,2.0,"<Event xmlns=""http://schemas.microsoft.com/win/2004/08/events/event"">
  <System>
    <Provider Name=""Microsoft-Windows-Sysmon"" Guid=""{5770385f-c22a-43e0-bf4c-06f5698ffbd9}""/>
    <EventID>11</EventID>
    <Version>2</Version>
    <Level>4</Level>
    <Task>11</Task>
    <Opcode>0</Opcode>
    <Keywords>0x8000000000000000</Keywords>
    <TimeCreated SystemTime=""2023-12-21T11:39:44.0899099Z""/>
    <EventRecordID>6471</EventRecordID>
    <Correlation/>
    <Execution ProcessID=""3400"" ThreadID=""4208""/>
    <Channel>Microsoft-Windows-Sysmon/Operational</Channel>
    <Computer>WinDev2309Eval</Computer>
    <Security UserID=""S-1-5-18""/>
  </System>
  <EventData>
    <Data Name=""RuleName"">DLL</Data>
    <Data Name=""UtcTime"">2023-12-21 11:39:44.077</Data>
    <Data Name=""ProcessGuid"">{f57bd86a-23fd-6584-2207-000000000d00}</Data>
    <Data Name=""ProcessId"">9432</Data>
    <Data Name=""Image"">C:\Windows\Microsoft.NET\Framework\v4.0.30319\mscorsvw.exe</Data>
    <Data Name=""TargetFilename"">C:\Windows\assembly\NativeImages_v4.0.30319_32\Temp\24d8-0\Microsoft.AspNetCore.Razor.LanguageServer.dll</Data>
    <Data Name=""CreationUtcTime"">2023-12-21 11:39:44.077</Data>
    <Data Name=""User"">NT AUTHORITY\SYSTEM</Data>
  </EventData>
</Event>
"
Microsoft-Windows-Sysmon/Operational,,,WinDev2309Eval,39:40.5,,,,,,,,,11,6470,,,,C:\Windows\Microsoft.NET\Framework\v4.0.30319\mscorsvw.exe,,,0x8000000000000000,4,,,,,0,,,,,,,{f57bd86a-23fb-6584-2007-000000000d00},3400,10504.0,,,,,,DLL,,,,,,,,,,,,,2023-12-21T11:39:40.4658361Z,C:\Windows\assembly\NativeImages_v4.0.30319_32\Temp\2908-0\Microsoft.AspNetCore.Razor.LanguageServer.Common.dll,,,,,,11,,4208,NT AUTHORITY\SYSTEM,S-1-5-18,39:40.5,2.0,"<Event xmlns=""http://schemas.microsoft.com/win/2004/08/events/event"">
  <System>
    <Provider Name=""Microsoft-Windows-Sysmon"" Guid=""{5770385f-c22a-43e0-bf4c-06f5698ffbd9}""/>
    <EventID>11</EventID>
    <Version>2</Version>
    <Level>4</Level>
    <Task>11</Task>
    <Opcode>0</Opcode>
    <Keywords>0x8000000000000000</Keywords>
    <TimeCreated SystemTime=""2023-12-21T11:39:40.4658361Z""/>
    <EventRecordID>6470</EventRecordID>
    <Correlation/>
    <Execution ProcessID=""3400"" ThreadID=""4208""/>
    <Channel>Microsoft-Windows-Sysmon/Operational</Channel>
    <Computer>WinDev2309Eval</Computer>
    <Security UserID=""S-1-5-18""/>
  </System>
  <EventData>
    <Data Name=""RuleName"">DLL</Data>
    <Data Name=""UtcTime"">2023-12-21 11:39:40.451</Data>
    <Data Name=""ProcessGuid"">{f57bd86a-23fb-6584-2007-000000000d00}</Data>
    <Data Name=""ProcessId"">10504</Data>
    <Data Name=""Image"">C:\Windows\Microsoft.NET\Framework\v4.0.30319\mscorsvw.exe</Data>
    <Data Name=""TargetFilename"">C:\Windows\assembly\NativeImages_v4.0.30319_32\Temp\2908-0\Microsoft.AspNetCore.Razor.LanguageServer.Common.dll</Data>
    <Data Name=""CreationUtcTime"">2023-12-21 11:39:40.451</Data>
    <Data Name=""User"">NT AUTHORITY\SYSTEM</Data>
  </EventData>
</Event>
"
Microsoft-Windows-Sysmon/Operational,,,WinDev2309Eval,39:38.9,,,,,,,,,11,6469,,,,C:\Windows\Microsoft.NET\Framework\v4.0.30319\mscorsvw.exe,,,0x8000000000000000,4,,,,,0,,,,,,,{f57bd86a-23f8-6584-1e07-000000000d00},3400,11524.0,,,,,,DLL,,,,,,,,,,,,,2023-12-21T11:39:38.9070914Z,C:\Windows\assembly\NativeImages_v4.0.30319_32\Temp\2d04-0\Microsoft.AspNetCore.Razor.Language.dll,,,,,,11,,4208,NT AUTHORITY\SYSTEM,S-1-5-18,39:38.9,2.0,"<Event xmlns=""http://schemas.microsoft.com/win/2004/08/events/event"">
  <System>
    <Provider Name=""Microsoft-Windows-Sysmon"" Guid=""{5770385f-c22a-43e0-bf4c-06f5698ffbd9}""/>
    <EventID>11</EventID>
    <Version>2</Version>
    <Level>4</Level>
    <Task>11</Task>
    <Opcode>0</Opcode>
    <Keywords>0x8000000000000000</Keywords>
    <TimeCreated SystemTime=""2023-12-21T11:39:38.9070914Z""/>
    <EventRecordID>6469</EventRecordID>
    <Correlation/>
    <Execution ProcessID=""3400"" ThreadID=""4208""/>
    <Channel>Microsoft-Windows-Sysmon/Operational</Channel>
    <Computer>WinDev2309Eval</Computer>
    <Security UserID=""S-1-5-18""/>
  </System>
  <EventData>
    <Data Name=""RuleName"">DLL</Data>
    <Data Name=""UtcTime"">2023-12-21 11:39:38.902</Data>
    <Data Name=""ProcessGuid"">{f57bd86a-23f8-6584-1e07-000000000d00}</Data>
    <Data Name=""ProcessId"">11524</Data>
    <Data Name=""Image"">C:\Windows\Microsoft.NET\Framework\v4.0.30319\mscorsvw.exe</Data>
    <Data Name=""TargetFilename"">C:\Windows\assembly\NativeImages_v4.0.30319_32\Temp\2d04-0\Microsoft.AspNetCore.Razor.Language.dll</Data>
    <Data Name=""CreationUtcTime"">2023-12-21 11:39:38.902</Data>
    <Data Name=""User"">NT AUTHORITY\SYSTEM</Data>
  </EventData>
</Event>
"
Microsoft-Windows-Sysmon/Operational,,,WinDev2309Eval,39:36.3,,,,,,,,,11,6468,,,,C:\Windows\Microsoft.NET\Framework\v4.0.30319\mscorsvw.exe,,,0x8000000000000000,4,,,,,0,,,,,,,{f57bd86a-23f8-6584-1c07-000000000d00},3400,10912.0,,,,,,DLL,,,,,,,,,,,,,2023-12-21T11:39:36.3060398Z,C:\Windows\assembly\NativeImages_v4.0.30319_32\Temp\2aa0-0\Microsoft.AspNetCore.Razor.ExternalAccess.LegacyEditor.dll,,,,,,11,,4208,NT AUTHORITY\SYSTEM,S-1-5-18,39:36.3,2.0,"<Event xmlns=""http://schemas.microsoft.com/win/2004/08/events/event"">
  <System>
    <Provider Name=""Microsoft-Windows-Sysmon"" Guid=""{5770385f-c22a-43e0-bf4c-06f5698ffbd9}""/>
    <EventID>11</EventID>
    <Version>2</Version>
    <Level>4</Level>
    <Task>11</Task>
    <Opcode>0</Opcode>
    <Keywords>0x8000000000000000</Keywords>
    <TimeCreated SystemTime=""2023-12-21T11:39:36.3060398Z""/>
    <EventRecordID>6468</EventRecordID>
    <Correlation/>
    <Execution ProcessID=""3400"" ThreadID=""4208""/>
    <Channel>Microsoft-Windows-Sysmon/Operational</Channel>
    <Computer>WinDev2309Eval</Computer>
    <Security UserID=""S-1-5-18""/>
  </System>
  <EventData>
    <Data Name=""RuleName"">DLL</Data>
    <Data Name=""UtcTime"">2023-12-21 11:39:36.290</Data>
    <Data Name=""ProcessGuid"">{f57bd86a-23f8-6584-1c07-000000000d00}</Data>
    <Data Name=""ProcessId"">10912</Data>
    <Data Name=""Image"">C:\Windows\Microsoft.NET\Framework\v4.0.30319\mscorsvw.exe</Data>
    <Data Name=""TargetFilename"">C:\Windows\assembly\NativeImages_v4.0.30319_32\Temp\2aa0-0\Microsoft.AspNetCore.Razor.ExternalAccess.LegacyEditor.dll</Data>
    <Data Name=""CreationUtcTime"">2023-12-21 11:39:36.290</Data>
    <Data Name=""User"">NT AUTHORITY\SYSTEM</Data>
  </EventData>
</Event>
"
Microsoft-Windows-Sysmon/Operational,,,WinDev2309Eval,39:36.0,,,,,,,,,11,6467,,,,C:\Windows\Microsoft.NET\Framework\v4.0.30319\mscorsvw.exe,,,0x8000000000000000,4,,,,,0,,,,,,,{f57bd86a-23f7-6584-1a07-000000000d00},3400,6936.0,,,,,,DLL,,,,,,,,,,,,,2023-12-21T11:39:36.0417965Z,C:\Windows\assembly\NativeImages_v4.0.30319_32\Temp\1b18-0\Microsoft.AspNetCore.Mvc.Razor.Extensions.Version2_X.dll,,,,,,11,,4208,NT AUTHORITY\SYSTEM,S-1-5-18,39:36.0,2.0,"<Event xmlns=""http://schemas.microsoft.com/win/2004/08/events/event"">
  <System>
    <Provider Name=""Microsoft-Windows-Sysmon"" Guid=""{5770385f-c22a-43e0-bf4c-06f5698ffbd9}""/>
    <EventID>11</EventID>
    <Version>2</Version>
    <Level>4</Level>
    <Task>11</Task>
    <Opcode>0</Opcode>
    <Keywords>0x8000000000000000</Keywords>
    <TimeCreated SystemTime=""2023-12-21T11:39:36.0417965Z""/>
    <EventRecordID>6467</EventRecordID>
    <Correlation/>
    <Execution ProcessID=""3400"" ThreadID=""4208""/>
    <Channel>Microsoft-Windows-Sysmon/Operational</Channel>
    <Computer>WinDev2309Eval</Computer>
    <Security UserID=""S-1-5-18""/>
  </System>
  <EventData>
    <Data Name=""RuleName"">DLL</Data>
    <Data Name=""UtcTime"">2023-12-21 11:39:36.041</Data>
    <Data Name=""ProcessGuid"">{f57bd86a-23f7-6584-1a07-000000000d00}</Data>
    <Data Name=""ProcessId"">6936</Data>
    <Data Name=""Image"">C:\Windows\Microsoft.NET\Framework\v4.0.30319\mscorsvw.exe</Data>
    <Data Name=""TargetFilename"">C:\Windows\assembly\NativeImages_v4.0.30319_32\Temp\1b18-0\Microsoft.AspNetCore.Mvc.Razor.Extensions.Version2_X.dll</Data>
    <Data Name=""CreationUtcTime"">2023-12-21 11:39:36.041</Data>
    <Data Name=""User"">NT AUTHORITY\SYSTEM</Data>
  </EventData>
</Event>
"
Microsoft-Windows-Sysmon/Operational,,,WinDev2309Eval,39:35.3,,,,,,,,,11,6466,,,,C:\Windows\Microsoft.NET\Framework\v4.0.30319\mscorsvw.exe,,,0x8000000000000000,4,,,,,0,,,,,,,{f57bd86a-23f6-6584-1807-000000000d00},3400,11688.0,,,,,,DLL,,,,,,,,,,,,,2023-12-21T11:39:35.2684187Z,C:\Windows\assembly\NativeImages_v4.0.30319_32\Temp\2da8-0\Microsoft.AspNetCore.Mvc.Razor.Extensions.Version1_X.dll,,,,,,11,,4208,NT AUTHORITY\SYSTEM,S-1-5-18,39:35.3,2.0,"<Event xmlns=""http://schemas.microsoft.com/win/2004/08/events/event"">
  <System>
    <Provider Name=""Microsoft-Windows-Sysmon"" Guid=""{5770385f-c22a-43e0-bf4c-06f5698ffbd9}""/>
    <EventID>11</EventID>
    <Version>2</Version>
    <Level>4</Level>
    <Task>11</Task>
    <Opcode>0</Opcode>
    <Keywords>0x8000000000000000</Keywords>
    <TimeCreated SystemTime=""2023-12-21T11:39:35.2684187Z""/>
    <EventRecordID>6466</EventRecordID>
    <Correlation/>
    <Execution ProcessID=""3400"" ThreadID=""4208""/>
    <Channel>Microsoft-Windows-Sysmon/Operational</Channel>
    <Computer>WinDev2309Eval</Computer>
    <Security UserID=""S-1-5-18""/>
  </System>
  <EventData>
    <Data Name=""RuleName"">DLL</Data>
    <Data Name=""UtcTime"">2023-12-21 11:39:35.260</Data>
    <Data Name=""ProcessGuid"">{f57bd86a-23f6-6584-1807-000000000d00}</Data>
    <Data Name=""ProcessId"">11688</Data>
    <Data Name=""Image"">C:\Windows\Microsoft.NET\Framework\v4.0.30319\mscorsvw.exe</Data>
    <Data Name=""TargetFilename"">C:\Windows\assembly\NativeImages_v4.0.30319_32\Temp\2da8-0\Microsoft.AspNetCore.Mvc.Razor.Extensions.Version1_X.dll</Data>
    <Data Name=""CreationUtcTime"">2023-12-21 11:39:35.260</Data>
    <Data Name=""User"">NT AUTHORITY\SYSTEM</Data>
  </EventData>
</Event>
"
Microsoft-Windows-Sysmon/Operational,,,WinDev2309Eval,39:34.3,,,,,,,,,11,6465,,,,C:\Windows\Microsoft.NET\Framework\v4.0.30319\mscorsvw.exe,,,0x8000000000000000,4,,,,,0,,,,,,,{f57bd86a-23f5-6584-1607-000000000d00},3400,11212.0,,,,,,DLL,,,,,,,,,,,,,2023-12-21T11:39:34.3498761Z,C:\Windows\assembly\NativeImages_v4.0.30319_32\Temp\2bcc-0\Microsoft.AspNetCore.Mvc.Razor.Extensions.dll,,,,,,11,,4208,NT AUTHORITY\SYSTEM,S-1-5-18,39:34.3,2.0,"<Event xmlns=""http://schemas.microsoft.com/win/2004/08/events/event"">
  <System>
    <Provider Name=""Microsoft-Windows-Sysmon"" Guid=""{5770385f-c22a-43e0-bf4c-06f5698ffbd9}""/>
    <EventID>11</EventID>
    <Version>2</Version>
    <Level>4</Level>
    <Task>11</Task>
    <Opcode>0</Opcode>
    <Keywords>0x8000000000000000</Keywords>
    <TimeCreated SystemTime=""2023-12-21T11:39:34.3498761Z""/>
    <EventRecordID>6465</EventRecordID>
    <Correlation/>
    <Execution ProcessID=""3400"" ThreadID=""4208""/>
    <Channel>Microsoft-Windows-Sysmon/Operational</Channel>
    <Computer>WinDev2309Eval</Computer>
    <Security UserID=""S-1-5-18""/>
  </System>
  <EventData>
    <Data Name=""RuleName"">DLL</Data>
    <Data Name=""UtcTime"">2023-12-21 11:39:34.335</Data>
    <Data Name=""ProcessGuid"">{f57bd86a-23f5-6584-1607-000000000d00}</Data>
    <Data Name=""ProcessId"">11212</Data>
    <Data Name=""Image"">C:\Windows\Microsoft.NET\Framework\v4.0.30319\mscorsvw.exe</Data>
    <Data Name=""TargetFilename"">C:\Windows\assembly\NativeImages_v4.0.30319_32\Temp\2bcc-0\Microsoft.AspNetCore.Mvc.Razor.Extensions.dll</Data>
    <Data Name=""CreationUtcTime"">2023-12-21 11:39:34.335</Data>
    <Data Name=""User"">NT AUTHORITY\SYSTEM</Data>
  </EventData>
</Event>
"
Microsoft-Windows-Sysmon/Operational,,,WinDev2309Eval,39:33.1,,,,,,,,,11,6464,,,,C:\Windows\Microsoft.NET\Framework\v4.0.30319\mscorsvw.exe,,,0x8000000000000000,4,,,,,0,,,,,,,{f57bd86a-23f4-6584-1407-000000000d00},3400,12596.0,,,,,,DLL,,,,,,,,,,,,,2023-12-21T11:39:33.0555281Z,C:\Windows\assembly\NativeImages_v4.0.30319_32\Temp\3134-0\MediatR.dll,,,,,,11,,4208,NT AUTHORITY\SYSTEM,S-1-5-18,39:33.1,2.0,"<Event xmlns=""http://schemas.microsoft.com/win/2004/08/events/event"">
  <System>
    <Provider Name=""Microsoft-Windows-Sysmon"" Guid=""{5770385f-c22a-43e0-bf4c-06f5698ffbd9}""/>
    <EventID>11</EventID>
    <Version>2</Version>
    <Level>4</Level>
    <Task>11</Task>
    <Opcode>0</Opcode>
    <Keywords>0x8000000000000000</Keywords>
    <TimeCreated SystemTime=""2023-12-21T11:39:33.0555281Z""/>
    <EventRecordID>6464</EventRecordID>
    <Correlation/>
    <Execution ProcessID=""3400"" ThreadID=""4208""/>
    <Channel>Microsoft-Windows-Sysmon/Operational</Channel>
    <Computer>WinDev2309Eval</Computer>
    <Security UserID=""S-1-5-18""/>
  </System>
  <EventData>
    <Data Name=""RuleName"">DLL</Data>
    <Data Name=""UtcTime"">2023-12-21 11:39:33.054</Data>
    <Data Name=""ProcessGuid"">{f57bd86a-23f4-6584-1407-000000000d00}</Data>
    <Data Name=""ProcessId"">12596</Data>
    <Data Name=""Image"">C:\Windows\Microsoft.NET\Framework\v4.0.30319\mscorsvw.exe</Data>
    <Data Name=""TargetFilename"">C:\Windows\assembly\NativeImages_v4.0.30319_32\Temp\3134-0\MediatR.dll</Data>
    <Data Name=""CreationUtcTime"">2023-12-21 11:39:33.054</Data>
    <Data Name=""User"">NT AUTHORITY\SYSTEM</Data>
  </EventData>
</Event>
"
Microsoft-Windows-Sysmon/Operational,,,WinDev2309Eval,39:32.7,,,,,,,,,11,6463,,,,C:\Windows\Microsoft.NET\Framework\v4.0.30319\mscorsvw.exe,,,0x8000000000000000,4,,,,,0,,,,,,,{f57bd86a-23f2-6584-1207-000000000d00},3400,11768.0,,,,,,DLL,,,,,,,,,,,,,2023-12-21T11:39:32.6685980Z,C:\Windows\assembly\NativeImages_v4.0.30319_32\Temp\2df8-0\NuGet.VisualStudio.Implementation.dll,,,,,,11,,4208,NT AUTHORITY\SYSTEM,S-1-5-18,39:32.7,2.0,"<Event xmlns=""http://schemas.microsoft.com/win/2004/08/events/event"">
  <System>
    <Provider Name=""Microsoft-Windows-Sysmon"" Guid=""{5770385f-c22a-43e0-bf4c-06f5698ffbd9}""/>
    <EventID>11</EventID>
    <Version>2</Version>
    <Level>4</Level>
    <Task>11</Task>
    <Opcode>0</Opcode>
    <Keywords>0x8000000000000000</Keywords>
    <TimeCreated SystemTime=""2023-12-21T11:39:32.6685980Z""/>
    <EventRecordID>6463</EventRecordID>
    <Correlation/>
    <Execution ProcessID=""3400"" ThreadID=""4208""/>
    <Channel>Microsoft-Windows-Sysmon/Operational</Channel>
    <Computer>WinDev2309Eval</Computer>
    <Security UserID=""S-1-5-18""/>
  </System>
  <EventData>
    <Data Name=""RuleName"">DLL</Data>
    <Data Name=""UtcTime"">2023-12-21 11:39:32.663</Data>
    <Data Name=""ProcessGuid"">{f57bd86a-23f2-6584-1207-000000000d00}</Data>
    <Data Name=""ProcessId"">11768</Data>
    <Data Name=""Image"">C:\Windows\Microsoft.NET\Framework\v4.0.30319\mscorsvw.exe</Data>
    <Data Name=""TargetFilename"">C:\Windows\assembly\NativeImages_v4.0.30319_32\Temp\2df8-0\NuGet.VisualStudio.Implementation.dll</Data>
    <Data Name=""CreationUtcTime"">2023-12-21 11:39:32.663</Data>
    <Data Name=""User"">NT AUTHORITY\SYSTEM</Data>
  </EventData>
</Event>
"
Microsoft-Windows-Sysmon/Operational,,,WinDev2309Eval,39:29.8,,,,,,,,,11,6462,,,,C:\Windows\Microsoft.NET\Framework\v4.0.30319\mscorsvw.exe,,,0x8000000000000000,4,,,,,0,,,,,,,{f57bd86a-23f1-6584-1007-000000000d00},3400,2036.0,,,,,,DLL,,,,,,,,,,,,,2023-12-21T11:39:29.8602419Z,C:\Windows\assembly\NativeImages_v4.0.30319_32\Temp\7f4-0\NuGet.VisualStudio.dll,,,,,,11,,4208,NT AUTHORITY\SYSTEM,S-1-5-18,39:29.8,2.0,"<Event xmlns=""http://schemas.microsoft.com/win/2004/08/events/event"">
  <System>
    <Provider Name=""Microsoft-Windows-Sysmon"" Guid=""{5770385f-c22a-43e0-bf4c-06f5698ffbd9}""/>
    <EventID>11</EventID>
    <Version>2</Version>
    <Level>4</Level>
    <Task>11</Task>
    <Opcode>0</Opcode>
    <Keywords>0x8000000000000000</Keywords>
    <TimeCreated SystemTime=""2023-12-21T11:39:29.8602419Z""/>
    <EventRecordID>6462</EventRecordID>
    <Correlation/>
    <Execution ProcessID=""3400"" ThreadID=""4208""/>
    <Channel>Microsoft-Windows-Sysmon/Operational</Channel>
    <Computer>WinDev2309Eval</Computer>
    <Security UserID=""S-1-5-18""/>
  </System>
  <EventData>
    <Data Name=""RuleName"">DLL</Data>
    <Data Name=""UtcTime"">2023-12-21 11:39:29.848</Data>
    <Data Name=""ProcessGuid"">{f57bd86a-23f1-6584-1007-000000000d00}</Data>
    <Data Name=""ProcessId"">2036</Data>
    <Data Name=""Image"">C:\Windows\Microsoft.NET\Framework\v4.0.30319\mscorsvw.exe</Data>
    <Data Name=""TargetFilename"">C:\Windows\assembly\NativeImages_v4.0.30319_32\Temp\7f4-0\NuGet.VisualStudio.dll</Data>
    <Data Name=""CreationUtcTime"">2023-12-21 11:39:29.848</Data>
    <Data Name=""User"">NT AUTHORITY\SYSTEM</Data>
  </EventData>
</Event>
"
Microsoft-Windows-Sysmon/Operational,,,WinDev2309Eval,39:29.5,,,,,,,,,11,6461,,,,C:\Windows\Microsoft.NET\Framework\v4.0.30319\mscorsvw.exe,,,0x8000000000000000,4,,,,,0,,,,,,,{f57bd86a-23ef-6584-0e07-000000000d00},3400,11352.0,,,,,,DLL,,,,,,,,,,,,,2023-12-21T11:39:29.4640207Z,C:\Windows\assembly\NativeImages_v4.0.30319_32\Temp\2c58-0\NuGet.VisualStudio.Common.dll,,,,,,11,,4208,NT AUTHORITY\SYSTEM,S-1-5-18,39:29.5,2.0,"<Event xmlns=""http://schemas.microsoft.com/win/2004/08/events/event"">
  <System>
    <Provider Name=""Microsoft-Windows-Sysmon"" Guid=""{5770385f-c22a-43e0-bf4c-06f5698ffbd9}""/>
    <EventID>11</EventID>
    <Version>2</Version>
    <Level>4</Level>
    <Task>11</Task>
    <Opcode>0</Opcode>
    <Keywords>0x8000000000000000</Keywords>
    <TimeCreated SystemTime=""2023-12-21T11:39:29.4640207Z""/>
    <EventRecordID>6461</EventRecordID>
    <Correlation/>
    <Execution ProcessID=""3400"" ThreadID=""4208""/>
    <Channel>Microsoft-Windows-Sysmon/Operational</Channel>
    <Computer>WinDev2309Eval</Computer>
    <Security UserID=""S-1-5-18""/>
  </System>
  <EventData>
    <Data Name=""RuleName"">DLL</Data>
    <Data Name=""UtcTime"">2023-12-21 11:39:29.456</Data>
    <Data Name=""ProcessGuid"">{f57bd86a-23ef-6584-0e07-000000000d00}</Data>
    <Data Name=""ProcessId"">11352</Data>
    <Data Name=""Image"">C:\Windows\Microsoft.NET\Framework\v4.0.30319\mscorsvw.exe</Data>
    <Data Name=""TargetFilename"">C:\Windows\assembly\NativeImages_v4.0.30319_32\Temp\2c58-0\NuGet.VisualStudio.Common.dll</Data>
    <Data Name=""CreationUtcTime"">2023-12-21 11:39:29.456</Data>
    <Data Name=""User"">NT AUTHORITY\SYSTEM</Data>
  </EventData>
</Event>
"
Microsoft-Windows-Sysmon/Operational,,,WinDev2309Eval,39:27.3,,,,,,,,,11,6460,,,,C:\Windows\Microsoft.NET\Framework\v4.0.30319\mscorsvw.exe,,,0x8000000000000000,4,,,,,0,,,,,,,{f57bd86a-23ef-6584-0c07-000000000d00},3400,11256.0,,,,,,DLL,,,,,,,,,,,,,2023-12-21T11:39:27.3543143Z,C:\Windows\assembly\NativeImages_v4.0.30319_32\Temp\2bf8-0\NuGet.Versioning.dll,,,,,,11,,4208,NT AUTHORITY\SYSTEM,S-1-5-18,39:27.3,2.0,"<Event xmlns=""http://schemas.microsoft.com/win/2004/08/events/event"">
  <System>
    <Provider Name=""Microsoft-Windows-Sysmon"" Guid=""{5770385f-c22a-43e0-bf4c-06f5698ffbd9}""/>
    <EventID>11</EventID>
    <Version>2</Version>
    <Level>4</Level>
    <Task>11</Task>
    <Opcode>0</Opcode>
    <Keywords>0x8000000000000000</Keywords>
    <TimeCreated SystemTime=""2023-12-21T11:39:27.3543143Z""/>
    <EventRecordID>6460</EventRecordID>
    <Correlation/>
    <Execution ProcessID=""3400"" ThreadID=""4208""/>
    <Channel>Microsoft-Windows-Sysmon/Operational</Channel>
    <Computer>WinDev2309Eval</Computer>
    <Security UserID=""S-1-5-18""/>
  </System>
  <EventData>
    <Data Name=""RuleName"">DLL</Data>
    <Data Name=""UtcTime"">2023-12-21 11:39:27.345</Data>
    <Data Name=""ProcessGuid"">{f57bd86a-23ef-6584-0c07-000000000d00}</Data>
    <Data Name=""ProcessId"">11256</Data>
    <Data Name=""Image"">C:\Windows\Microsoft.NET\Framework\v4.0.30319\mscorsvw.exe</Data>
    <Data Name=""TargetFilename"">C:\Windows\assembly\NativeImages_v4.0.30319_32\Temp\2bf8-0\NuGet.Versioning.dll</Data>
    <Data Name=""CreationUtcTime"">2023-12-21 11:39:27.345</Data>
    <Data Name=""User"">NT AUTHORITY\SYSTEM</Data>
  </EventData>
</Event>
"
Microsoft-Windows-Sysmon/Operational,,,WinDev2309Eval,39:27.0,,,,,,,,,11,6459,,,,C:\Windows\Microsoft.NET\Framework\v4.0.30319\mscorsvw.exe,,,0x8000000000000000,4,,,,,0,,,,,,,{f57bd86a-23ed-6584-0a07-000000000d00},3400,6768.0,,,,,,DLL,,,,,,,,,,,,,2023-12-21T11:39:27.0265005Z,C:\Windows\assembly\NativeImages_v4.0.30319_32\Temp\1a70-0\NuGet.SolutionRestoreManager.dll,,,,,,11,,4208,NT AUTHORITY\SYSTEM,S-1-5-18,39:27.0,2.0,"<Event xmlns=""http://schemas.microsoft.com/win/2004/08/events/event"">
  <System>
    <Provider Name=""Microsoft-Windows-Sysmon"" Guid=""{5770385f-c22a-43e0-bf4c-06f5698ffbd9}""/>
    <EventID>11</EventID>
    <Version>2</Version>
    <Level>4</Level>
    <Task>11</Task>
    <Opcode>0</Opcode>
    <Keywords>0x8000000000000000</Keywords>
    <TimeCreated SystemTime=""2023-12-21T11:39:27.0265005Z""/>
    <EventRecordID>6459</EventRecordID>
    <Correlation/>
    <Execution ProcessID=""3400"" ThreadID=""4208""/>
    <Channel>Microsoft-Windows-Sysmon/Operational</Channel>
    <Computer>WinDev2309Eval</Computer>
    <Security UserID=""S-1-5-18""/>
  </System>
  <EventData>
    <Data Name=""RuleName"">DLL</Data>
    <Data Name=""UtcTime"">2023-12-21 11:39:27.017</Data>
    <Data Name=""ProcessGuid"">{f57bd86a-23ed-6584-0a07-000000000d00}</Data>
    <Data Name=""ProcessId"">6768</Data>
    <Data Name=""Image"">C:\Windows\Microsoft.NET\Framework\v4.0.30319\mscorsvw.exe</Data>
    <Data Name=""TargetFilename"">C:\Windows\assembly\NativeImages_v4.0.30319_32\Temp\1a70-0\NuGet.SolutionRestoreManager.dll</Data>
    <Data Name=""CreationUtcTime"">2023-12-21 11:39:27.017</Data>
    <Data Name=""User"">NT AUTHORITY\SYSTEM</Data>
  </EventData>
</Event>
"
Microsoft-Windows-Sysmon/Operational,,,WinDev2309Eval,39:24.9,,,,,,,,,11,6458,,,,C:\Windows\Microsoft.NET\Framework\v4.0.30319\mscorsvw.exe,,,0x8000000000000000,4,,,,,0,,,,,,,{f57bd86a-23eb-6584-0807-000000000d00},3400,2492.0,,,,,,DLL,,,,,,,,,,,,,2023-12-21T11:39:24.8737262Z,C:\Windows\assembly\NativeImages_v4.0.30319_32\Temp\9bc-0\NuGet.Protocol.dll,,,,,,11,,4208,NT AUTHORITY\SYSTEM,S-1-5-18,39:24.9,2.0,"<Event xmlns=""http://schemas.microsoft.com/win/2004/08/events/event"">
  <System>
    <Provider Name=""Microsoft-Windows-Sysmon"" Guid=""{5770385f-c22a-43e0-bf4c-06f5698ffbd9}""/>
    <EventID>11</EventID>
    <Version>2</Version>
    <Level>4</Level>
    <Task>11</Task>
    <Opcode>0</Opcode>
    <Keywords>0x8000000000000000</Keywords>
    <TimeCreated SystemTime=""2023-12-21T11:39:24.8737262Z""/>
    <EventRecordID>6458</EventRecordID>
    <Correlation/>
    <Execution ProcessID=""3400"" ThreadID=""4208""/>
    <Channel>Microsoft-Windows-Sysmon/Operational</Channel>
    <Computer>WinDev2309Eval</Computer>
    <Security UserID=""S-1-5-18""/>
  </System>
  <EventData>
    <Data Name=""RuleName"">DLL</Data>
    <Data Name=""UtcTime"">2023-12-21 11:39:24.872</Data>
    <Data Name=""ProcessGuid"">{f57bd86a-23eb-6584-0807-000000000d00}</Data>
    <Data Name=""ProcessId"">2492</Data>
    <Data Name=""Image"">C:\Windows\Microsoft.NET\Framework\v4.0.30319\mscorsvw.exe</Data>
    <Data Name=""TargetFilename"">C:\Windows\assembly\NativeImages_v4.0.30319_32\Temp\9bc-0\NuGet.Protocol.dll</Data>
    <Data Name=""CreationUtcTime"">2023-12-21 11:39:24.872</Data>
    <Data Name=""User"">NT AUTHORITY\SYSTEM</Data>
  </EventData>
</Event>
"
Microsoft-Windows-Sysmon/Operational,,,WinDev2309Eval,39:22.8,,,,,,,,,11,6457,,,,C:\Windows\Microsoft.NET\Framework\v4.0.30319\mscorsvw.exe,,,0x8000000000000000,4,,,,,0,,,,,,,{f57bd86a-23e9-6584-0607-000000000d00},3400,7760.0,,,,,,DLL,,,,,,,,,,,,,2023-12-21T11:39:22.7842198Z,C:\Windows\assembly\NativeImages_v4.0.30319_32\Temp\1e50-0\NuGet.ProjectModel.dll,,,,,,11,,4208,NT AUTHORITY\SYSTEM,S-1-5-18,39:22.8,2.0,"<Event xmlns=""http://schemas.microsoft.com/win/2004/08/events/event"">
  <System>
    <Provider Name=""Microsoft-Windows-Sysmon"" Guid=""{5770385f-c22a-43e0-bf4c-06f5698ffbd9}""/>
    <EventID>11</EventID>
    <Version>2</Version>
    <Level>4</Level>
    <Task>11</Task>
    <Opcode>0</Opcode>
    <Keywords>0x8000000000000000</Keywords>
    <TimeCreated SystemTime=""2023-12-21T11:39:22.7842198Z""/>
    <EventRecordID>6457</EventRecordID>
    <Correlation/>
    <Execution ProcessID=""3400"" ThreadID=""4208""/>
    <Channel>Microsoft-Windows-Sysmon/Operational</Channel>
    <Computer>WinDev2309Eval</Computer>
    <Security UserID=""S-1-5-18""/>
  </System>
  <EventData>
    <Data Name=""RuleName"">DLL</Data>
    <Data Name=""UtcTime"">2023-12-21 11:39:22.778</Data>
    <Data Name=""ProcessGuid"">{f57bd86a-23e9-6584-0607-000000000d00}</Data>
    <Data Name=""ProcessId"">7760</Data>
    <Data Name=""Image"">C:\Windows\Microsoft.NET\Framework\v4.0.30319\mscorsvw.exe</Data>
    <Data Name=""TargetFilename"">C:\Windows\assembly\NativeImages_v4.0.30319_32\Temp\1e50-0\NuGet.ProjectModel.dll</Data>
    <Data Name=""CreationUtcTime"">2023-12-21 11:39:22.778</Data>
    <Data Name=""User"">NT AUTHORITY\SYSTEM</Data>
  </EventData>
</Event>
"
Microsoft-Windows-Sysmon/Operational,,,WinDev2309Eval,39:21.6,,,,,,,,,11,6456,,,,C:\Windows\Microsoft.NET\Framework\v4.0.30319\mscorsvw.exe,,,0x8000000000000000,4,,,,,0,,,,,,,{f57bd86a-23e8-6584-0407-000000000d00},3400,11984.0,,,,,,DLL,,,,,,,,,,,,,2023-12-21T11:39:21.6662131Z,C:\Windows\assembly\NativeImages_v4.0.30319_32\Temp\2ed0-0\NuGet.Packaging.dll,,,,,,11,,4208,NT AUTHORITY\SYSTEM,S-1-5-18,39:21.6,2.0,"<Event xmlns=""http://schemas.microsoft.com/win/2004/08/events/event"">
  <System>
    <Provider Name=""Microsoft-Windows-Sysmon"" Guid=""{5770385f-c22a-43e0-bf4c-06f5698ffbd9}""/>
    <EventID>11</EventID>
    <Version>2</Version>
    <Level>4</Level>
    <Task>11</Task>
    <Opcode>0</Opcode>
    <Keywords>0x8000000000000000</Keywords>
    <TimeCreated SystemTime=""2023-12-21T11:39:21.6662131Z""/>
    <EventRecordID>6456</EventRecordID>
    <Correlation/>
    <Execution ProcessID=""3400"" ThreadID=""4208""/>
    <Channel>Microsoft-Windows-Sysmon/Operational</Channel>
    <Computer>WinDev2309Eval</Computer>
    <Security UserID=""S-1-5-18""/>
  </System>
  <EventData>
    <Data Name=""RuleName"">DLL</Data>
    <Data Name=""UtcTime"">2023-12-21 11:39:21.650</Data>
    <Data Name=""ProcessGuid"">{f57bd86a-23e8-6584-0407-000000000d00}</Data>
    <Data Name=""ProcessId"">11984</Data>
    <Data Name=""Image"">C:\Windows\Microsoft.NET\Framework\v4.0.30319\mscorsvw.exe</Data>
    <Data Name=""TargetFilename"">C:\Windows\assembly\NativeImages_v4.0.30319_32\Temp\2ed0-0\NuGet.Packaging.dll</Data>
    <Data Name=""CreationUtcTime"">2023-12-21 11:39:21.650</Data>
    <Data Name=""User"">NT AUTHORITY\SYSTEM</Data>
  </EventData>
</Event>
"
Microsoft-Windows-Sysmon/Operational,,,WinDev2309Eval,39:19.9,,,,,,,,,11,6455,,,,C:\Windows\Microsoft.NET\Framework\v4.0.30319\mscorsvw.exe,,,0x8000000000000000,4,,,,,0,,,,,,,{f57bd86a-23e5-6584-0207-000000000d00},3400,6860.0,,,,,,DLL,,,,,,,,,,,,,2023-12-21T11:39:19.8932641Z,C:\Windows\assembly\NativeImages_v4.0.30319_32\Temp\1acc-0\NuGet.PackageManagement.VisualStudio.dll,,,,,,11,,4208,NT AUTHORITY\SYSTEM,S-1-5-18,39:19.9,2.0,"<Event xmlns=""http://schemas.microsoft.com/win/2004/08/events/event"">
  <System>
    <Provider Name=""Microsoft-Windows-Sysmon"" Guid=""{5770385f-c22a-43e0-bf4c-06f5698ffbd9}""/>
    <EventID>11</EventID>
    <Version>2</Version>
    <Level>4</Level>
    <Task>11</Task>
    <Opcode>0</Opcode>
    <Keywords>0x8000000000000000</Keywords>
    <TimeCreated SystemTime=""2023-12-21T11:39:19.8932641Z""/>
    <EventRecordID>6455</EventRecordID>
    <Correlation/>
    <Execution ProcessID=""3400"" ThreadID=""4208""/>
    <Channel>Microsoft-Windows-Sysmon/Operational</Channel>
    <Computer>WinDev2309Eval</Computer>
    <Security UserID=""S-1-5-18""/>
  </System>
  <EventData>
    <Data Name=""RuleName"">DLL</Data>
    <Data Name=""UtcTime"">2023-12-21 11:39:19.882</Data>
    <Data Name=""ProcessGuid"">{f57bd86a-23e5-6584-0207-000000000d00}</Data>
    <Data Name=""ProcessId"">6860</Data>
    <Data Name=""Image"">C:\Windows\Microsoft.NET\Framework\v4.0.30319\mscorsvw.exe</Data>
    <Data Name=""TargetFilename"">C:\Windows\assembly\NativeImages_v4.0.30319_32\Temp\1acc-0\NuGet.PackageManagement.VisualStudio.dll</Data>
    <Data Name=""CreationUtcTime"">2023-12-21 11:39:19.882</Data>
    <Data Name=""User"">NT AUTHORITY\SYSTEM</Data>
  </EventData>
</Event>
"
Microsoft-Windows-Sysmon/Operational,,,WinDev2309Eval,39:16.2,,,,,,,,,11,6454,,,,C:\Windows\Microsoft.NET\Framework\v4.0.30319\mscorsvw.exe,,,0x8000000000000000,4,,,,,0,,,,,,,{f57bd86a-23e3-6584-0007-000000000d00},3400,12972.0,,,,,,DLL,,,,,,,,,,,,,2023-12-21T11:39:16.1712670Z,C:\Windows\assembly\NativeImages_v4.0.30319_32\Temp\32ac-0\NuGet.PackageManagement.dll,,,,,,11,,4208,NT AUTHORITY\SYSTEM,S-1-5-18,39:16.2,2.0,"<Event xmlns=""http://schemas.microsoft.com/win/2004/08/events/event"">
  <System>
    <Provider Name=""Microsoft-Windows-Sysmon"" Guid=""{5770385f-c22a-43e0-bf4c-06f5698ffbd9}""/>
    <EventID>11</EventID>
    <Version>2</Version>
    <Level>4</Level>
    <Task>11</Task>
    <Opcode>0</Opcode>
    <Keywords>0x8000000000000000</Keywords>
    <TimeCreated SystemTime=""2023-12-21T11:39:16.1712670Z""/>
    <EventRecordID>6454</EventRecordID>
    <Correlation/>
    <Execution ProcessID=""3400"" ThreadID=""4208""/>
    <Channel>Microsoft-Windows-Sysmon/Operational</Channel>
    <Computer>WinDev2309Eval</Computer>
    <Security UserID=""S-1-5-18""/>
  </System>
  <EventData>
    <Data Name=""RuleName"">DLL</Data>
    <Data Name=""UtcTime"">2023-12-21 11:39:16.161</Data>
    <Data Name=""ProcessGuid"">{f57bd86a-23e3-6584-0007-000000000d00}</Data>
    <Data Name=""ProcessId"">12972</Data>
    <Data Name=""Image"">C:\Windows\Microsoft.NET\Framework\v4.0.30319\mscorsvw.exe</Data>
    <Data Name=""TargetFilename"">C:\Windows\assembly\NativeImages_v4.0.30319_32\Temp\32ac-0\NuGet.PackageManagement.dll</Data>
    <Data Name=""CreationUtcTime"">2023-12-21 11:39:16.161</Data>
    <Data Name=""User"">NT AUTHORITY\SYSTEM</Data>
  </EventData>
</Event>
"
