Channel,CommandLine,Company,Computer,CreationUtcTime,CurrentDirectory,Description,DestinationHostname,DestinationIp,DestinationIsIpv6,DestinationPort,DestinationPortName,Details,EventID,EventRecordID,EventType,FileVersion,Hashes,Image,Initiated,IntegrityLevel,Keywords,Level,LogonGuid,LogonId,Message,NewThreadId,Opcode,OriginalFileName,ParentCommandLine,ParentImage,ParentProcessGuid,ParentProcessId,ParentUser,ProcessGuid,ProcessID,ProcessId,Product,Protocol,QueryName,QueryResults,QueryStatus,RuleName,SourceHostname,SourceImage,SourceIp,SourceIsIpv6,SourcePort,SourcePortName,SourceProcessGuid,SourceProcessId,SourceUser,StartAddress,StartFunction,StartModule,SystemTime,TargetFilename,TargetImage,TargetObject,TargetProcessGuid,TargetProcessId,TargetUser,Task,TerminalSessionId,ThreadID,User,UserID,UtcTime,Version,raw
Microsoft-Windows-Sysmon/Operational,,,WinDev2309Eval,02:10.0,,,,,,,,,11,4935,,,,C:\Windows\system32\svchost.exe,,,0x8000000000000000,4,,,,,0,,,,,,,{f57bd86a-20d2-6582-1902-000000000d00},3400,8056.0,,,,,,DLL,,,,,,,,,,,,,2023-12-19T23:02:10.0134708Z,C:\Program Files\WindowsApps\Microsoft.WindowsAppRuntime.1.4_4000.1049.117.0_x86__8wekyb3d8bbwe\MRM.dll,,,,,,11,,4208,NT AUTHORITY\SYSTEM,S-1-5-18,02:10.0,2.0,"<Event xmlns=""http://schemas.microsoft.com/win/2004/08/events/event"">
  <System>
    <Provider Name=""Microsoft-Windows-Sysmon"" Guid=""{5770385f-c22a-43e0-bf4c-06f5698ffbd9}""/>
    <EventID>11</EventID>
    <Version>2</Version>
    <Level>4</Level>
    <Task>11</Task>
    <Opcode>0</Opcode>
    <Keywords>0x8000000000000000</Keywords>
    <TimeCreated SystemTime=""2023-12-19T23:02:10.0134708Z""/>
    <EventRecordID>4935</EventRecordID>
    <Correlation/>
    <Execution ProcessID=""3400"" ThreadID=""4208""/>
    <Channel>Microsoft-Windows-Sysmon/Operational</Channel>
    <Computer>WinDev2309Eval</Computer>
    <Security UserID=""S-1-5-18""/>
  </System>
  <EventData>
    <Data Name=""RuleName"">DLL</Data>
    <Data Name=""UtcTime"">2023-12-19 23:02:09.999</Data>
    <Data Name=""ProcessGuid"">{f57bd86a-20d2-6582-1902-000000000d00}</Data>
    <Data Name=""ProcessId"">8056</Data>
    <Data Name=""Image"">C:\Windows\system32\svchost.exe</Data>
    <Data Name=""TargetFilename"">C:\Program Files\WindowsApps\Microsoft.WindowsAppRuntime.1.4_4000.1049.117.0_x86__8wekyb3d8bbwe\MRM.dll</Data>
    <Data Name=""CreationUtcTime"">2023-12-19 23:02:09.999</Data>
    <Data Name=""User"">NT AUTHORITY\SYSTEM</Data>
  </EventData>
</Event>
"
Microsoft-Windows-Sysmon/Operational,,,WinDev2309Eval,02:10.0,,,,,,,,,11,4934,,,,C:\Windows\system32\svchost.exe,,,0x8000000000000000,4,,,,,0,,,,,,,{f57bd86a-20d2-6582-1902-000000000d00},3400,8056.0,,,,,,DLL,,,,,,,,,,,,,2023-12-19T23:02:10.0103296Z,C:\Program Files\WindowsApps\Microsoft.WindowsAppRuntime.1.4_4000.1049.117.0_x86__8wekyb3d8bbwe\Microsoft.WindowsAppRuntime.Insights.Resource.dll,,,,,,11,,4208,NT AUTHORITY\SYSTEM,S-1-5-18,02:10.0,2.0,"<Event xmlns=""http://schemas.microsoft.com/win/2004/08/events/event"">
  <System>
    <Provider Name=""Microsoft-Windows-Sysmon"" Guid=""{5770385f-c22a-43e0-bf4c-06f5698ffbd9}""/>
    <EventID>11</EventID>
    <Version>2</Version>
    <Level>4</Level>
    <Task>11</Task>
    <Opcode>0</Opcode>
    <Keywords>0x8000000000000000</Keywords>
    <TimeCreated SystemTime=""2023-12-19T23:02:10.0103296Z""/>
    <EventRecordID>4934</EventRecordID>
    <Correlation/>
    <Execution ProcessID=""3400"" ThreadID=""4208""/>
    <Channel>Microsoft-Windows-Sysmon/Operational</Channel>
    <Computer>WinDev2309Eval</Computer>
    <Security UserID=""S-1-5-18""/>
  </System>
  <EventData>
    <Data Name=""RuleName"">DLL</Data>
    <Data Name=""UtcTime"">2023-12-19 23:02:09.999</Data>
    <Data Name=""ProcessGuid"">{f57bd86a-20d2-6582-1902-000000000d00}</Data>
    <Data Name=""ProcessId"">8056</Data>
    <Data Name=""Image"">C:\Windows\system32\svchost.exe</Data>
    <Data Name=""TargetFilename"">C:\Program Files\WindowsApps\Microsoft.WindowsAppRuntime.1.4_4000.1049.117.0_x86__8wekyb3d8bbwe\Microsoft.WindowsAppRuntime.Insights.Resource.dll</Data>
    <Data Name=""CreationUtcTime"">2023-12-19 23:02:09.999</Data>
    <Data Name=""User"">NT AUTHORITY\SYSTEM</Data>
  </EventData>
</Event>
"
Microsoft-Windows-Sysmon/Operational,,,WinDev2309Eval,02:10.0,,,,,,,,,11,4933,,,,C:\Windows\system32\svchost.exe,,,0x8000000000000000,4,,,,,0,,,,,,,{f57bd86a-20d2-6582-1902-000000000d00},3400,8056.0,,,,,,DLL,,,,,,,,,,,,,2023-12-19T23:02:10.0100543Z,C:\Program Files\WindowsApps\Microsoft.WindowsAppRuntime.1.4_4000.1049.117.0_x86__8wekyb3d8bbwe\Microsoft.WindowsAppRuntime.dll,,,,,,11,,4208,NT AUTHORITY\SYSTEM,S-1-5-18,02:10.0,2.0,"<Event xmlns=""http://schemas.microsoft.com/win/2004/08/events/event"">
  <System>
    <Provider Name=""Microsoft-Windows-Sysmon"" Guid=""{5770385f-c22a-43e0-bf4c-06f5698ffbd9}""/>
    <EventID>11</EventID>
    <Version>2</Version>
    <Level>4</Level>
    <Task>11</Task>
    <Opcode>0</Opcode>
    <Keywords>0x8000000000000000</Keywords>
    <TimeCreated SystemTime=""2023-12-19T23:02:10.0100543Z""/>
    <EventRecordID>4933</EventRecordID>
    <Correlation/>
    <Execution ProcessID=""3400"" ThreadID=""4208""/>
    <Channel>Microsoft-Windows-Sysmon/Operational</Channel>
    <Computer>WinDev2309Eval</Computer>
    <Security UserID=""S-1-5-18""/>
  </System>
  <EventData>
    <Data Name=""RuleName"">DLL</Data>
    <Data Name=""UtcTime"">2023-12-19 23:02:09.999</Data>
    <Data Name=""ProcessGuid"">{f57bd86a-20d2-6582-1902-000000000d00}</Data>
    <Data Name=""ProcessId"">8056</Data>
    <Data Name=""Image"">C:\Windows\system32\svchost.exe</Data>
    <Data Name=""TargetFilename"">C:\Program Files\WindowsApps\Microsoft.WindowsAppRuntime.1.4_4000.1049.117.0_x86__8wekyb3d8bbwe\Microsoft.WindowsAppRuntime.dll</Data>
    <Data Name=""CreationUtcTime"">2023-12-19 23:02:09.999</Data>
    <Data Name=""User"">NT AUTHORITY\SYSTEM</Data>
  </EventData>
</Event>
"
Microsoft-Windows-Sysmon/Operational,,,WinDev2309Eval,02:10.0,,,,,,,,,11,4932,,,,C:\Windows\system32\svchost.exe,,,0x8000000000000000,4,,,,,0,,,,,,,{f57bd86a-20d2-6582-1902-000000000d00},3400,8056.0,,,,,,DLL,,,,,,,,,,,,,2023-12-19T23:02:10.0097853Z,C:\Program Files\WindowsApps\Microsoft.WindowsAppRuntime.1.4_4000.1049.117.0_x86__8wekyb3d8bbwe\Microsoft.WindowsAppRuntime.Bootstrap.dll,,,,,,11,,4208,NT AUTHORITY\SYSTEM,S-1-5-18,02:10.0,2.0,"<Event xmlns=""http://schemas.microsoft.com/win/2004/08/events/event"">
  <System>
    <Provider Name=""Microsoft-Windows-Sysmon"" Guid=""{5770385f-c22a-43e0-bf4c-06f5698ffbd9}""/>
    <EventID>11</EventID>
    <Version>2</Version>
    <Level>4</Level>
    <Task>11</Task>
    <Opcode>0</Opcode>
    <Keywords>0x8000000000000000</Keywords>
    <TimeCreated SystemTime=""2023-12-19T23:02:10.0097853Z""/>
    <EventRecordID>4932</EventRecordID>
    <Correlation/>
    <Execution ProcessID=""3400"" ThreadID=""4208""/>
    <Channel>Microsoft-Windows-Sysmon/Operational</Channel>
    <Computer>WinDev2309Eval</Computer>
    <Security UserID=""S-1-5-18""/>
  </System>
  <EventData>
    <Data Name=""RuleName"">DLL</Data>
    <Data Name=""UtcTime"">2023-12-19 23:02:09.999</Data>
    <Data Name=""ProcessGuid"">{f57bd86a-20d2-6582-1902-000000000d00}</Data>
    <Data Name=""ProcessId"">8056</Data>
    <Data Name=""Image"">C:\Windows\system32\svchost.exe</Data>
    <Data Name=""TargetFilename"">C:\Program Files\WindowsApps\Microsoft.WindowsAppRuntime.1.4_4000.1049.117.0_x86__8wekyb3d8bbwe\Microsoft.WindowsAppRuntime.Bootstrap.dll</Data>
    <Data Name=""CreationUtcTime"">2023-12-19 23:02:09.999</Data>
    <Data Name=""User"">NT AUTHORITY\SYSTEM</Data>
  </EventData>
</Event>
"
Microsoft-Windows-Sysmon/Operational,,,WinDev2309Eval,02:10.0,,,,,,,,,11,4931,,,,C:\Windows\system32\svchost.exe,,,0x8000000000000000,4,,,,,0,,,,,,,{f57bd86a-20d2-6582-1902-000000000d00},3400,8056.0,,,,,,DLL,,,,,,,,,,,,,2023-12-19T23:02:10.0092251Z,C:\Program Files\WindowsApps\Microsoft.WindowsAppRuntime.1.4_4000.1049.117.0_x86__8wekyb3d8bbwe\Microsoft.Windows.Widgets.dll,,,,,,11,,4208,NT AUTHORITY\SYSTEM,S-1-5-18,02:10.0,2.0,"<Event xmlns=""http://schemas.microsoft.com/win/2004/08/events/event"">
  <System>
    <Provider Name=""Microsoft-Windows-Sysmon"" Guid=""{5770385f-c22a-43e0-bf4c-06f5698ffbd9}""/>
    <EventID>11</EventID>
    <Version>2</Version>
    <Level>4</Level>
    <Task>11</Task>
    <Opcode>0</Opcode>
    <Keywords>0x8000000000000000</Keywords>
    <TimeCreated SystemTime=""2023-12-19T23:02:10.0092251Z""/>
    <EventRecordID>4931</EventRecordID>
    <Correlation/>
    <Execution ProcessID=""3400"" ThreadID=""4208""/>
    <Channel>Microsoft-Windows-Sysmon/Operational</Channel>
    <Computer>WinDev2309Eval</Computer>
    <Security UserID=""S-1-5-18""/>
  </System>
  <EventData>
    <Data Name=""RuleName"">DLL</Data>
    <Data Name=""UtcTime"">2023-12-19 23:02:09.999</Data>
    <Data Name=""ProcessGuid"">{f57bd86a-20d2-6582-1902-000000000d00}</Data>
    <Data Name=""ProcessId"">8056</Data>
    <Data Name=""Image"">C:\Windows\system32\svchost.exe</Data>
    <Data Name=""TargetFilename"">C:\Program Files\WindowsApps\Microsoft.WindowsAppRuntime.1.4_4000.1049.117.0_x86__8wekyb3d8bbwe\Microsoft.Windows.Widgets.dll</Data>
    <Data Name=""CreationUtcTime"">2023-12-19 23:02:09.999</Data>
    <Data Name=""User"">NT AUTHORITY\SYSTEM</Data>
  </EventData>
</Event>
"
Microsoft-Windows-Sysmon/Operational,,,WinDev2309Eval,02:10.0,,,,,,,,,11,4930,,,,C:\Windows\system32\svchost.exe,,,0x8000000000000000,4,,,,,0,,,,,,,{f57bd86a-20d2-6582-1902-000000000d00},3400,8056.0,,,,,,DLL,,,,,,,,,,,,,2023-12-19T23:02:10.0058710Z,C:\Program Files\WindowsApps\Microsoft.WindowsAppRuntime.1.4_4000.1049.117.0_x86__8wekyb3d8bbwe\Microsoft.Windows.ApplicationModel.Resources.dll,,,,,,11,,4208,NT AUTHORITY\SYSTEM,S-1-5-18,02:10.0,2.0,"<Event xmlns=""http://schemas.microsoft.com/win/2004/08/events/event"">
  <System>
    <Provider Name=""Microsoft-Windows-Sysmon"" Guid=""{5770385f-c22a-43e0-bf4c-06f5698ffbd9}""/>
    <EventID>11</EventID>
    <Version>2</Version>
    <Level>4</Level>
    <Task>11</Task>
    <Opcode>0</Opcode>
    <Keywords>0x8000000000000000</Keywords>
    <TimeCreated SystemTime=""2023-12-19T23:02:10.0058710Z""/>
    <EventRecordID>4930</EventRecordID>
    <Correlation/>
    <Execution ProcessID=""3400"" ThreadID=""4208""/>
    <Channel>Microsoft-Windows-Sysmon/Operational</Channel>
    <Computer>WinDev2309Eval</Computer>
    <Security UserID=""S-1-5-18""/>
  </System>
  <EventData>
    <Data Name=""RuleName"">DLL</Data>
    <Data Name=""UtcTime"">2023-12-19 23:02:09.999</Data>
    <Data Name=""ProcessGuid"">{f57bd86a-20d2-6582-1902-000000000d00}</Data>
    <Data Name=""ProcessId"">8056</Data>
    <Data Name=""Image"">C:\Windows\system32\svchost.exe</Data>
    <Data Name=""TargetFilename"">C:\Program Files\WindowsApps\Microsoft.WindowsAppRuntime.1.4_4000.1049.117.0_x86__8wekyb3d8bbwe\Microsoft.Windows.ApplicationModel.Resources.dll</Data>
    <Data Name=""CreationUtcTime"">2023-12-19 23:02:09.999</Data>
    <Data Name=""User"">NT AUTHORITY\SYSTEM</Data>
  </EventData>
</Event>
"
Microsoft-Windows-Sysmon/Operational,,,WinDev2309Eval,02:10.0,,,,,,,,,11,4929,,,,C:\Windows\system32\svchost.exe,,,0x8000000000000000,4,,,,,0,,,,,,,{f57bd86a-20d2-6582-1902-000000000d00},3400,8056.0,,,,,,DLL,,,,,,,,,,,,,2023-12-19T23:02:10.0050460Z,C:\Program Files\WindowsApps\Microsoft.WindowsAppRuntime.1.4_4000.1049.117.0_x86__8wekyb3d8bbwe\Microsoft.Web.WebView2.Core.dll,,,,,,11,,4208,NT AUTHORITY\SYSTEM,S-1-5-18,02:10.0,2.0,"<Event xmlns=""http://schemas.microsoft.com/win/2004/08/events/event"">
  <System>
    <Provider Name=""Microsoft-Windows-Sysmon"" Guid=""{5770385f-c22a-43e0-bf4c-06f5698ffbd9}""/>
    <EventID>11</EventID>
    <Version>2</Version>
    <Level>4</Level>
    <Task>11</Task>
    <Opcode>0</Opcode>
    <Keywords>0x8000000000000000</Keywords>
    <TimeCreated SystemTime=""2023-12-19T23:02:10.0050460Z""/>
    <EventRecordID>4929</EventRecordID>
    <Correlation/>
    <Execution ProcessID=""3400"" ThreadID=""4208""/>
    <Channel>Microsoft-Windows-Sysmon/Operational</Channel>
    <Computer>WinDev2309Eval</Computer>
    <Security UserID=""S-1-5-18""/>
  </System>
  <EventData>
    <Data Name=""RuleName"">DLL</Data>
    <Data Name=""UtcTime"">2023-12-19 23:02:09.999</Data>
    <Data Name=""ProcessGuid"">{f57bd86a-20d2-6582-1902-000000000d00}</Data>
    <Data Name=""ProcessId"">8056</Data>
    <Data Name=""Image"">C:\Windows\system32\svchost.exe</Data>
    <Data Name=""TargetFilename"">C:\Program Files\WindowsApps\Microsoft.WindowsAppRuntime.1.4_4000.1049.117.0_x86__8wekyb3d8bbwe\Microsoft.Web.WebView2.Core.dll</Data>
    <Data Name=""CreationUtcTime"">2023-12-19 23:02:09.999</Data>
    <Data Name=""User"">NT AUTHORITY\SYSTEM</Data>
  </EventData>
</Event>
"
Microsoft-Windows-Sysmon/Operational,,,WinDev2309Eval,02:10.0,,,,,,,,,11,4928,,,,C:\Windows\system32\svchost.exe,,,0x8000000000000000,4,,,,,0,,,,,,,{f57bd86a-20d2-6582-1902-000000000d00},3400,8056.0,,,,,,DLL,,,,,,,,,,,,,2023-12-19T23:02:10.0042533Z,C:\Program Files\WindowsApps\Microsoft.WindowsAppRuntime.1.4_4000.1049.117.0_x86__8wekyb3d8bbwe\Microsoft.ui.xaml.resources.common.dll,,,,,,11,,4208,NT AUTHORITY\SYSTEM,S-1-5-18,02:10.0,2.0,"<Event xmlns=""http://schemas.microsoft.com/win/2004/08/events/event"">
  <System>
    <Provider Name=""Microsoft-Windows-Sysmon"" Guid=""{5770385f-c22a-43e0-bf4c-06f5698ffbd9}""/>
    <EventID>11</EventID>
    <Version>2</Version>
    <Level>4</Level>
    <Task>11</Task>
    <Opcode>0</Opcode>
    <Keywords>0x8000000000000000</Keywords>
    <TimeCreated SystemTime=""2023-12-19T23:02:10.0042533Z""/>
    <EventRecordID>4928</EventRecordID>
    <Correlation/>
    <Execution ProcessID=""3400"" ThreadID=""4208""/>
    <Channel>Microsoft-Windows-Sysmon/Operational</Channel>
    <Computer>WinDev2309Eval</Computer>
    <Security UserID=""S-1-5-18""/>
  </System>
  <EventData>
    <Data Name=""RuleName"">DLL</Data>
    <Data Name=""UtcTime"">2023-12-19 23:02:09.999</Data>
    <Data Name=""ProcessGuid"">{f57bd86a-20d2-6582-1902-000000000d00}</Data>
    <Data Name=""ProcessId"">8056</Data>
    <Data Name=""Image"">C:\Windows\system32\svchost.exe</Data>
    <Data Name=""TargetFilename"">C:\Program Files\WindowsApps\Microsoft.WindowsAppRuntime.1.4_4000.1049.117.0_x86__8wekyb3d8bbwe\Microsoft.ui.xaml.resources.common.dll</Data>
    <Data Name=""CreationUtcTime"">2023-12-19 23:02:09.999</Data>
    <Data Name=""User"">NT AUTHORITY\SYSTEM</Data>
  </EventData>
</Event>
"
Microsoft-Windows-Sysmon/Operational,,,WinDev2309Eval,02:10.0,,,,,,,,,11,4927,,,,C:\Windows\system32\svchost.exe,,,0x8000000000000000,4,,,,,0,,,,,,,{f57bd86a-20d2-6582-1902-000000000d00},3400,8056.0,,,,,,DLL,,,,,,,,,,,,,2023-12-19T23:02:10.0039821Z,C:\Program Files\WindowsApps\Microsoft.WindowsAppRuntime.1.4_4000.1049.117.0_x86__8wekyb3d8bbwe\Microsoft.ui.xaml.resources.19h1.dll,,,,,,11,,4208,NT AUTHORITY\SYSTEM,S-1-5-18,02:10.0,2.0,"<Event xmlns=""http://schemas.microsoft.com/win/2004/08/events/event"">
  <System>
    <Provider Name=""Microsoft-Windows-Sysmon"" Guid=""{5770385f-c22a-43e0-bf4c-06f5698ffbd9}""/>
    <EventID>11</EventID>
    <Version>2</Version>
    <Level>4</Level>
    <Task>11</Task>
    <Opcode>0</Opcode>
    <Keywords>0x8000000000000000</Keywords>
    <TimeCreated SystemTime=""2023-12-19T23:02:10.0039821Z""/>
    <EventRecordID>4927</EventRecordID>
    <Correlation/>
    <Execution ProcessID=""3400"" ThreadID=""4208""/>
    <Channel>Microsoft-Windows-Sysmon/Operational</Channel>
    <Computer>WinDev2309Eval</Computer>
    <Security UserID=""S-1-5-18""/>
  </System>
  <EventData>
    <Data Name=""RuleName"">DLL</Data>
    <Data Name=""UtcTime"">2023-12-19 23:02:09.999</Data>
    <Data Name=""ProcessGuid"">{f57bd86a-20d2-6582-1902-000000000d00}</Data>
    <Data Name=""ProcessId"">8056</Data>
    <Data Name=""Image"">C:\Windows\system32\svchost.exe</Data>
    <Data Name=""TargetFilename"">C:\Program Files\WindowsApps\Microsoft.WindowsAppRuntime.1.4_4000.1049.117.0_x86__8wekyb3d8bbwe\Microsoft.ui.xaml.resources.19h1.dll</Data>
    <Data Name=""CreationUtcTime"">2023-12-19 23:02:09.999</Data>
    <Data Name=""User"">NT AUTHORITY\SYSTEM</Data>
  </EventData>
</Event>
"
Microsoft-Windows-Sysmon/Operational,,,WinDev2309Eval,02:10.0,,,,,,,,,11,4926,,,,C:\Windows\system32\svchost.exe,,,0x8000000000000000,4,,,,,0,,,,,,,{f57bd86a-20d2-6582-1902-000000000d00},3400,8056.0,,,,,,DLL,,,,,,,,,,,,,2023-12-19T23:02:10.0037044Z,C:\Program Files\WindowsApps\Microsoft.WindowsAppRuntime.1.4_4000.1049.117.0_x86__8wekyb3d8bbwe\Microsoft.UI.Xaml.Phone.dll,,,,,,11,,4208,NT AUTHORITY\SYSTEM,S-1-5-18,02:10.0,2.0,"<Event xmlns=""http://schemas.microsoft.com/win/2004/08/events/event"">
  <System>
    <Provider Name=""Microsoft-Windows-Sysmon"" Guid=""{5770385f-c22a-43e0-bf4c-06f5698ffbd9}""/>
    <EventID>11</EventID>
    <Version>2</Version>
    <Level>4</Level>
    <Task>11</Task>
    <Opcode>0</Opcode>
    <Keywords>0x8000000000000000</Keywords>
    <TimeCreated SystemTime=""2023-12-19T23:02:10.0037044Z""/>
    <EventRecordID>4926</EventRecordID>
    <Correlation/>
    <Execution ProcessID=""3400"" ThreadID=""4208""/>
    <Channel>Microsoft-Windows-Sysmon/Operational</Channel>
    <Computer>WinDev2309Eval</Computer>
    <Security UserID=""S-1-5-18""/>
  </System>
  <EventData>
    <Data Name=""RuleName"">DLL</Data>
    <Data Name=""UtcTime"">2023-12-19 23:02:09.999</Data>
    <Data Name=""ProcessGuid"">{f57bd86a-20d2-6582-1902-000000000d00}</Data>
    <Data Name=""ProcessId"">8056</Data>
    <Data Name=""Image"">C:\Windows\system32\svchost.exe</Data>
    <Data Name=""TargetFilename"">C:\Program Files\WindowsApps\Microsoft.WindowsAppRuntime.1.4_4000.1049.117.0_x86__8wekyb3d8bbwe\Microsoft.UI.Xaml.Phone.dll</Data>
    <Data Name=""CreationUtcTime"">2023-12-19 23:02:09.999</Data>
    <Data Name=""User"">NT AUTHORITY\SYSTEM</Data>
  </EventData>
</Event>
"
Microsoft-Windows-Sysmon/Operational,,,WinDev2309Eval,02:10.0,,,,,,,,,11,4925,,,,C:\Windows\system32\svchost.exe,,,0x8000000000000000,4,,,,,0,,,,,,,{f57bd86a-20d2-6582-1902-000000000d00},3400,8056.0,,,,,,DLL,,,,,,,,,,,,,2023-12-19T23:02:10.0034313Z,C:\Program Files\WindowsApps\Microsoft.WindowsAppRuntime.1.4_4000.1049.117.0_x86__8wekyb3d8bbwe\Microsoft.UI.Xaml.Internal.dll,,,,,,11,,4208,NT AUTHORITY\SYSTEM,S-1-5-18,02:10.0,2.0,"<Event xmlns=""http://schemas.microsoft.com/win/2004/08/events/event"">
  <System>
    <Provider Name=""Microsoft-Windows-Sysmon"" Guid=""{5770385f-c22a-43e0-bf4c-06f5698ffbd9}""/>
    <EventID>11</EventID>
    <Version>2</Version>
    <Level>4</Level>
    <Task>11</Task>
    <Opcode>0</Opcode>
    <Keywords>0x8000000000000000</Keywords>
    <TimeCreated SystemTime=""2023-12-19T23:02:10.0034313Z""/>
    <EventRecordID>4925</EventRecordID>
    <Correlation/>
    <Execution ProcessID=""3400"" ThreadID=""4208""/>
    <Channel>Microsoft-Windows-Sysmon/Operational</Channel>
    <Computer>WinDev2309Eval</Computer>
    <Security UserID=""S-1-5-18""/>
  </System>
  <EventData>
    <Data Name=""RuleName"">DLL</Data>
    <Data Name=""UtcTime"">2023-12-19 23:02:09.999</Data>
    <Data Name=""ProcessGuid"">{f57bd86a-20d2-6582-1902-000000000d00}</Data>
    <Data Name=""ProcessId"">8056</Data>
    <Data Name=""Image"">C:\Windows\system32\svchost.exe</Data>
    <Data Name=""TargetFilename"">C:\Program Files\WindowsApps\Microsoft.WindowsAppRuntime.1.4_4000.1049.117.0_x86__8wekyb3d8bbwe\Microsoft.UI.Xaml.Internal.dll</Data>
    <Data Name=""CreationUtcTime"">2023-12-19 23:02:09.999</Data>
    <Data Name=""User"">NT AUTHORITY\SYSTEM</Data>
  </EventData>
</Event>
"
Microsoft-Windows-Sysmon/Operational,,,WinDev2309Eval,02:10.0,,,,,,,,,11,4924,,,,C:\Windows\system32\svchost.exe,,,0x8000000000000000,4,,,,,0,,,,,,,{f57bd86a-20d2-6582-1902-000000000d00},3400,8056.0,,,,,,DLL,,,,,,,,,,,,,2023-12-19T23:02:10.0031418Z,C:\Program Files\WindowsApps\Microsoft.WindowsAppRuntime.1.4_4000.1049.117.0_x86__8wekyb3d8bbwe\Microsoft.ui.xaml.dll,,,,,,11,,4208,NT AUTHORITY\SYSTEM,S-1-5-18,02:10.0,2.0,"<Event xmlns=""http://schemas.microsoft.com/win/2004/08/events/event"">
  <System>
    <Provider Name=""Microsoft-Windows-Sysmon"" Guid=""{5770385f-c22a-43e0-bf4c-06f5698ffbd9}""/>
    <EventID>11</EventID>
    <Version>2</Version>
    <Level>4</Level>
    <Task>11</Task>
    <Opcode>0</Opcode>
    <Keywords>0x8000000000000000</Keywords>
    <TimeCreated SystemTime=""2023-12-19T23:02:10.0031418Z""/>
    <EventRecordID>4924</EventRecordID>
    <Correlation/>
    <Execution ProcessID=""3400"" ThreadID=""4208""/>
    <Channel>Microsoft-Windows-Sysmon/Operational</Channel>
    <Computer>WinDev2309Eval</Computer>
    <Security UserID=""S-1-5-18""/>
  </System>
  <EventData>
    <Data Name=""RuleName"">DLL</Data>
    <Data Name=""UtcTime"">2023-12-19 23:02:09.999</Data>
    <Data Name=""ProcessGuid"">{f57bd86a-20d2-6582-1902-000000000d00}</Data>
    <Data Name=""ProcessId"">8056</Data>
    <Data Name=""Image"">C:\Windows\system32\svchost.exe</Data>
    <Data Name=""TargetFilename"">C:\Program Files\WindowsApps\Microsoft.WindowsAppRuntime.1.4_4000.1049.117.0_x86__8wekyb3d8bbwe\Microsoft.ui.xaml.dll</Data>
    <Data Name=""CreationUtcTime"">2023-12-19 23:02:09.999</Data>
    <Data Name=""User"">NT AUTHORITY\SYSTEM</Data>
  </EventData>
</Event>
"
Microsoft-Windows-Sysmon/Operational,,,WinDev2309Eval,02:10.0,,,,,,,,,11,4923,,,,C:\Windows\system32\svchost.exe,,,0x8000000000000000,4,,,,,0,,,,,,,{f57bd86a-20d2-6582-1902-000000000d00},3400,8056.0,,,,,,DLL,,,,,,,,,,,,,2023-12-19T23:02:10.0028764Z,C:\Program Files\WindowsApps\Microsoft.WindowsAppRuntime.1.4_4000.1049.117.0_x86__8wekyb3d8bbwe\Microsoft.UI.Xaml.Controls.dll,,,,,,11,,4208,NT AUTHORITY\SYSTEM,S-1-5-18,02:10.0,2.0,"<Event xmlns=""http://schemas.microsoft.com/win/2004/08/events/event"">
  <System>
    <Provider Name=""Microsoft-Windows-Sysmon"" Guid=""{5770385f-c22a-43e0-bf4c-06f5698ffbd9}""/>
    <EventID>11</EventID>
    <Version>2</Version>
    <Level>4</Level>
    <Task>11</Task>
    <Opcode>0</Opcode>
    <Keywords>0x8000000000000000</Keywords>
    <TimeCreated SystemTime=""2023-12-19T23:02:10.0028764Z""/>
    <EventRecordID>4923</EventRecordID>
    <Correlation/>
    <Execution ProcessID=""3400"" ThreadID=""4208""/>
    <Channel>Microsoft-Windows-Sysmon/Operational</Channel>
    <Computer>WinDev2309Eval</Computer>
    <Security UserID=""S-1-5-18""/>
  </System>
  <EventData>
    <Data Name=""RuleName"">DLL</Data>
    <Data Name=""UtcTime"">2023-12-19 23:02:09.999</Data>
    <Data Name=""ProcessGuid"">{f57bd86a-20d2-6582-1902-000000000d00}</Data>
    <Data Name=""ProcessId"">8056</Data>
    <Data Name=""Image"">C:\Windows\system32\svchost.exe</Data>
    <Data Name=""TargetFilename"">C:\Program Files\WindowsApps\Microsoft.WindowsAppRuntime.1.4_4000.1049.117.0_x86__8wekyb3d8bbwe\Microsoft.UI.Xaml.Controls.dll</Data>
    <Data Name=""CreationUtcTime"">2023-12-19 23:02:09.999</Data>
    <Data Name=""User"">NT AUTHORITY\SYSTEM</Data>
  </EventData>
</Event>
"
Microsoft-Windows-Sysmon/Operational,,,WinDev2309Eval,02:10.0,,,,,,,,,11,4922,,,,C:\Windows\system32\svchost.exe,,,0x8000000000000000,4,,,,,0,,,,,,,{f57bd86a-20d2-6582-1902-000000000d00},3400,8056.0,,,,,,DLL,,,,,,,,,,,,,2023-12-19T23:02:10.0023326Z,C:\Program Files\WindowsApps\Microsoft.WindowsAppRuntime.1.4_4000.1049.117.0_x86__8wekyb3d8bbwe\Microsoft.UI.Windowing.dll,,,,,,11,,4208,NT AUTHORITY\SYSTEM,S-1-5-18,02:10.0,2.0,"<Event xmlns=""http://schemas.microsoft.com/win/2004/08/events/event"">
  <System>
    <Provider Name=""Microsoft-Windows-Sysmon"" Guid=""{5770385f-c22a-43e0-bf4c-06f5698ffbd9}""/>
    <EventID>11</EventID>
    <Version>2</Version>
    <Level>4</Level>
    <Task>11</Task>
    <Opcode>0</Opcode>
    <Keywords>0x8000000000000000</Keywords>
    <TimeCreated SystemTime=""2023-12-19T23:02:10.0023326Z""/>
    <EventRecordID>4922</EventRecordID>
    <Correlation/>
    <Execution ProcessID=""3400"" ThreadID=""4208""/>
    <Channel>Microsoft-Windows-Sysmon/Operational</Channel>
    <Computer>WinDev2309Eval</Computer>
    <Security UserID=""S-1-5-18""/>
  </System>
  <EventData>
    <Data Name=""RuleName"">DLL</Data>
    <Data Name=""UtcTime"">2023-12-19 23:02:09.999</Data>
    <Data Name=""ProcessGuid"">{f57bd86a-20d2-6582-1902-000000000d00}</Data>
    <Data Name=""ProcessId"">8056</Data>
    <Data Name=""Image"">C:\Windows\system32\svchost.exe</Data>
    <Data Name=""TargetFilename"">C:\Program Files\WindowsApps\Microsoft.WindowsAppRuntime.1.4_4000.1049.117.0_x86__8wekyb3d8bbwe\Microsoft.UI.Windowing.dll</Data>
    <Data Name=""CreationUtcTime"">2023-12-19 23:02:09.999</Data>
    <Data Name=""User"">NT AUTHORITY\SYSTEM</Data>
  </EventData>
</Event>
"
Microsoft-Windows-Sysmon/Operational,,,WinDev2309Eval,02:10.0,,,,,,,,,11,4921,,,,C:\Windows\system32\svchost.exe,,,0x8000000000000000,4,,,,,0,,,,,,,{f57bd86a-20d2-6582-1902-000000000d00},3400,8056.0,,,,,,DLL,,,,,,,,,,,,,2023-12-19T23:02:10.0020481Z,C:\Program Files\WindowsApps\Microsoft.WindowsAppRuntime.1.4_4000.1049.117.0_x86__8wekyb3d8bbwe\Microsoft.UI.Windowing.Core.dll,,,,,,11,,4208,NT AUTHORITY\SYSTEM,S-1-5-18,02:10.0,2.0,"<Event xmlns=""http://schemas.microsoft.com/win/2004/08/events/event"">
  <System>
    <Provider Name=""Microsoft-Windows-Sysmon"" Guid=""{5770385f-c22a-43e0-bf4c-06f5698ffbd9}""/>
    <EventID>11</EventID>
    <Version>2</Version>
    <Level>4</Level>
    <Task>11</Task>
    <Opcode>0</Opcode>
    <Keywords>0x8000000000000000</Keywords>
    <TimeCreated SystemTime=""2023-12-19T23:02:10.0020481Z""/>
    <EventRecordID>4921</EventRecordID>
    <Correlation/>
    <Execution ProcessID=""3400"" ThreadID=""4208""/>
    <Channel>Microsoft-Windows-Sysmon/Operational</Channel>
    <Computer>WinDev2309Eval</Computer>
    <Security UserID=""S-1-5-18""/>
  </System>
  <EventData>
    <Data Name=""RuleName"">DLL</Data>
    <Data Name=""UtcTime"">2023-12-19 23:02:09.999</Data>
    <Data Name=""ProcessGuid"">{f57bd86a-20d2-6582-1902-000000000d00}</Data>
    <Data Name=""ProcessId"">8056</Data>
    <Data Name=""Image"">C:\Windows\system32\svchost.exe</Data>
    <Data Name=""TargetFilename"">C:\Program Files\WindowsApps\Microsoft.WindowsAppRuntime.1.4_4000.1049.117.0_x86__8wekyb3d8bbwe\Microsoft.UI.Windowing.Core.dll</Data>
    <Data Name=""CreationUtcTime"">2023-12-19 23:02:09.999</Data>
    <Data Name=""User"">NT AUTHORITY\SYSTEM</Data>
  </EventData>
</Event>
"
Microsoft-Windows-Sysmon/Operational,,,WinDev2309Eval,02:10.0,,,,,,,,,11,4920,,,,C:\Windows\system32\svchost.exe,,,0x8000000000000000,4,,,,,0,,,,,,,{f57bd86a-20d2-6582-1902-000000000d00},3400,8056.0,,,,,,DLL,,,,,,,,,,,,,2023-12-19T23:02:10.0013799Z,C:\Program Files\WindowsApps\Microsoft.WindowsAppRuntime.1.4_4000.1049.117.0_x86__8wekyb3d8bbwe\Microsoft.UI.Input.dll,,,,,,11,,4208,NT AUTHORITY\SYSTEM,S-1-5-18,02:10.0,2.0,"<Event xmlns=""http://schemas.microsoft.com/win/2004/08/events/event"">
  <System>
    <Provider Name=""Microsoft-Windows-Sysmon"" Guid=""{5770385f-c22a-43e0-bf4c-06f5698ffbd9}""/>
    <EventID>11</EventID>
    <Version>2</Version>
    <Level>4</Level>
    <Task>11</Task>
    <Opcode>0</Opcode>
    <Keywords>0x8000000000000000</Keywords>
    <TimeCreated SystemTime=""2023-12-19T23:02:10.0013799Z""/>
    <EventRecordID>4920</EventRecordID>
    <Correlation/>
    <Execution ProcessID=""3400"" ThreadID=""4208""/>
    <Channel>Microsoft-Windows-Sysmon/Operational</Channel>
    <Computer>WinDev2309Eval</Computer>
    <Security UserID=""S-1-5-18""/>
  </System>
  <EventData>
    <Data Name=""RuleName"">DLL</Data>
    <Data Name=""UtcTime"">2023-12-19 23:02:09.999</Data>
    <Data Name=""ProcessGuid"">{f57bd86a-20d2-6582-1902-000000000d00}</Data>
    <Data Name=""ProcessId"">8056</Data>
    <Data Name=""Image"">C:\Windows\system32\svchost.exe</Data>
    <Data Name=""TargetFilename"">C:\Program Files\WindowsApps\Microsoft.WindowsAppRuntime.1.4_4000.1049.117.0_x86__8wekyb3d8bbwe\Microsoft.UI.Input.dll</Data>
    <Data Name=""CreationUtcTime"">2023-12-19 23:02:09.999</Data>
    <Data Name=""User"">NT AUTHORITY\SYSTEM</Data>
  </EventData>
</Event>
"
Microsoft-Windows-Sysmon/Operational,,,WinDev2309Eval,02:10.0,,,,,,,,,11,4919,,,,C:\Windows\system32\svchost.exe,,,0x8000000000000000,4,,,,,0,,,,,,,{f57bd86a-20d2-6582-1902-000000000d00},3400,8056.0,,,,,,DLL,,,,,,,,,,,,,2023-12-19T23:02:10.0010933Z,C:\Program Files\WindowsApps\Microsoft.WindowsAppRuntime.1.4_4000.1049.117.0_x86__8wekyb3d8bbwe\Microsoft.UI.dll,,,,,,11,,4208,NT AUTHORITY\SYSTEM,S-1-5-18,02:10.0,2.0,"<Event xmlns=""http://schemas.microsoft.com/win/2004/08/events/event"">
  <System>
    <Provider Name=""Microsoft-Windows-Sysmon"" Guid=""{5770385f-c22a-43e0-bf4c-06f5698ffbd9}""/>
    <EventID>11</EventID>
    <Version>2</Version>
    <Level>4</Level>
    <Task>11</Task>
    <Opcode>0</Opcode>
    <Keywords>0x8000000000000000</Keywords>
    <TimeCreated SystemTime=""2023-12-19T23:02:10.0010933Z""/>
    <EventRecordID>4919</EventRecordID>
    <Correlation/>
    <Execution ProcessID=""3400"" ThreadID=""4208""/>
    <Channel>Microsoft-Windows-Sysmon/Operational</Channel>
    <Computer>WinDev2309Eval</Computer>
    <Security UserID=""S-1-5-18""/>
  </System>
  <EventData>
    <Data Name=""RuleName"">DLL</Data>
    <Data Name=""UtcTime"">2023-12-19 23:02:09.999</Data>
    <Data Name=""ProcessGuid"">{f57bd86a-20d2-6582-1902-000000000d00}</Data>
    <Data Name=""ProcessId"">8056</Data>
    <Data Name=""Image"">C:\Windows\system32\svchost.exe</Data>
    <Data Name=""TargetFilename"">C:\Program Files\WindowsApps\Microsoft.WindowsAppRuntime.1.4_4000.1049.117.0_x86__8wekyb3d8bbwe\Microsoft.UI.dll</Data>
    <Data Name=""CreationUtcTime"">2023-12-19 23:02:09.999</Data>
    <Data Name=""User"">NT AUTHORITY\SYSTEM</Data>
  </EventData>
</Event>
"
Microsoft-Windows-Sysmon/Operational,,,WinDev2309Eval,02:10.0,,,,,,,,,11,4918,,,,C:\Windows\system32\svchost.exe,,,0x8000000000000000,4,,,,,0,,,,,,,{f57bd86a-20d2-6582-1902-000000000d00},3400,8056.0,,,,,,DLL,,,,,,,,,,,,,2023-12-19T23:02:10.0005140Z,C:\Program Files\WindowsApps\Microsoft.WindowsAppRuntime.1.4_4000.1049.117.0_x86__8wekyb3d8bbwe\Microsoft.UI.Composition.OSSupport.dll,,,,,,11,,4208,NT AUTHORITY\SYSTEM,S-1-5-18,02:10.0,2.0,"<Event xmlns=""http://schemas.microsoft.com/win/2004/08/events/event"">
  <System>
    <Provider Name=""Microsoft-Windows-Sysmon"" Guid=""{5770385f-c22a-43e0-bf4c-06f5698ffbd9}""/>
    <EventID>11</EventID>
    <Version>2</Version>
    <Level>4</Level>
    <Task>11</Task>
    <Opcode>0</Opcode>
    <Keywords>0x8000000000000000</Keywords>
    <TimeCreated SystemTime=""2023-12-19T23:02:10.0005140Z""/>
    <EventRecordID>4918</EventRecordID>
    <Correlation/>
    <Execution ProcessID=""3400"" ThreadID=""4208""/>
    <Channel>Microsoft-Windows-Sysmon/Operational</Channel>
    <Computer>WinDev2309Eval</Computer>
    <Security UserID=""S-1-5-18""/>
  </System>
  <EventData>
    <Data Name=""RuleName"">DLL</Data>
    <Data Name=""UtcTime"">2023-12-19 23:02:09.999</Data>
    <Data Name=""ProcessGuid"">{f57bd86a-20d2-6582-1902-000000000d00}</Data>
    <Data Name=""ProcessId"">8056</Data>
    <Data Name=""Image"">C:\Windows\system32\svchost.exe</Data>
    <Data Name=""TargetFilename"">C:\Program Files\WindowsApps\Microsoft.WindowsAppRuntime.1.4_4000.1049.117.0_x86__8wekyb3d8bbwe\Microsoft.UI.Composition.OSSupport.dll</Data>
    <Data Name=""CreationUtcTime"">2023-12-19 23:02:09.999</Data>
    <Data Name=""User"">NT AUTHORITY\SYSTEM</Data>
  </EventData>
</Event>
"
Microsoft-Windows-Sysmon/Operational,,,WinDev2309Eval,02:10.0,,,,,,,,,11,4917,,,,C:\Windows\system32\svchost.exe,,,0x8000000000000000,4,,,,,0,,,,,,,{f57bd86a-20d2-6582-1902-000000000d00},3400,8056.0,,,,,,DLL,,,,,,,,,,,,,2023-12-19T23:02:10.0002105Z,C:\Program Files\WindowsApps\Microsoft.WindowsAppRuntime.1.4_4000.1049.117.0_x86__8wekyb3d8bbwe\Microsoft.Internal.FrameworkUdk.dll,,,,,,11,,4208,NT AUTHORITY\SYSTEM,S-1-5-18,02:10.0,2.0,"<Event xmlns=""http://schemas.microsoft.com/win/2004/08/events/event"">
  <System>
    <Provider Name=""Microsoft-Windows-Sysmon"" Guid=""{5770385f-c22a-43e0-bf4c-06f5698ffbd9}""/>
    <EventID>11</EventID>
    <Version>2</Version>
    <Level>4</Level>
    <Task>11</Task>
    <Opcode>0</Opcode>
    <Keywords>0x8000000000000000</Keywords>
    <TimeCreated SystemTime=""2023-12-19T23:02:10.0002105Z""/>
    <EventRecordID>4917</EventRecordID>
    <Correlation/>
    <Execution ProcessID=""3400"" ThreadID=""4208""/>
    <Channel>Microsoft-Windows-Sysmon/Operational</Channel>
    <Computer>WinDev2309Eval</Computer>
    <Security UserID=""S-1-5-18""/>
  </System>
  <EventData>
    <Data Name=""RuleName"">DLL</Data>
    <Data Name=""UtcTime"">2023-12-19 23:02:09.999</Data>
    <Data Name=""ProcessGuid"">{f57bd86a-20d2-6582-1902-000000000d00}</Data>
    <Data Name=""ProcessId"">8056</Data>
    <Data Name=""Image"">C:\Windows\system32\svchost.exe</Data>
    <Data Name=""TargetFilename"">C:\Program Files\WindowsApps\Microsoft.WindowsAppRuntime.1.4_4000.1049.117.0_x86__8wekyb3d8bbwe\Microsoft.Internal.FrameworkUdk.dll</Data>
    <Data Name=""CreationUtcTime"">2023-12-19 23:02:09.999</Data>
    <Data Name=""User"">NT AUTHORITY\SYSTEM</Data>
  </EventData>
</Event>
"
Microsoft-Windows-Sysmon/Operational,,,WinDev2309Eval,02:10.0,,,,,,,,,11,4916,,,,C:\Windows\system32\svchost.exe,,,0x8000000000000000,4,,,,,0,,,,,,,{f57bd86a-20d2-6582-1902-000000000d00},3400,8056.0,,,,,,DLL,,,,,,,,,,,,,2023-12-19T23:02:09.9998417Z,C:\Program Files\WindowsApps\Microsoft.WindowsAppRuntime.1.4_4000.1049.117.0_x86__8wekyb3d8bbwe\Microsoft.InputStateManager.dll,,,,,,11,,4208,NT AUTHORITY\SYSTEM,S-1-5-18,02:10.0,2.0,"<Event xmlns=""http://schemas.microsoft.com/win/2004/08/events/event"">
  <System>
    <Provider Name=""Microsoft-Windows-Sysmon"" Guid=""{5770385f-c22a-43e0-bf4c-06f5698ffbd9}""/>
    <EventID>11</EventID>
    <Version>2</Version>
    <Level>4</Level>
    <Task>11</Task>
    <Opcode>0</Opcode>
    <Keywords>0x8000000000000000</Keywords>
    <TimeCreated SystemTime=""2023-12-19T23:02:09.9998417Z""/>
    <EventRecordID>4916</EventRecordID>
    <Correlation/>
    <Execution ProcessID=""3400"" ThreadID=""4208""/>
    <Channel>Microsoft-Windows-Sysmon/Operational</Channel>
    <Computer>WinDev2309Eval</Computer>
    <Security UserID=""S-1-5-18""/>
  </System>
  <EventData>
    <Data Name=""RuleName"">DLL</Data>
    <Data Name=""UtcTime"">2023-12-19 23:02:09.999</Data>
    <Data Name=""ProcessGuid"">{f57bd86a-20d2-6582-1902-000000000d00}</Data>
    <Data Name=""ProcessId"">8056</Data>
    <Data Name=""Image"">C:\Windows\system32\svchost.exe</Data>
    <Data Name=""TargetFilename"">C:\Program Files\WindowsApps\Microsoft.WindowsAppRuntime.1.4_4000.1049.117.0_x86__8wekyb3d8bbwe\Microsoft.InputStateManager.dll</Data>
    <Data Name=""CreationUtcTime"">2023-12-19 23:02:09.999</Data>
    <Data Name=""User"">NT AUTHORITY\SYSTEM</Data>
  </EventData>
</Event>
"
Microsoft-Windows-Sysmon/Operational,,,WinDev2309Eval,02:10.0,,,,,,,,,11,4915,,,,C:\Windows\system32\svchost.exe,,,0x8000000000000000,4,,,,,0,,,,,,,{f57bd86a-20d2-6582-1902-000000000d00},3400,8056.0,,,,,,DLL,,,,,,,,,,,,,2023-12-19T23:02:09.9990791Z,C:\Program Files\WindowsApps\Microsoft.WindowsAppRuntime.1.4_4000.1049.117.0_x86__8wekyb3d8bbwe\Microsoft.Graphics.Display.dll,,,,,,11,,4208,NT AUTHORITY\SYSTEM,S-1-5-18,02:10.0,2.0,"<Event xmlns=""http://schemas.microsoft.com/win/2004/08/events/event"">
  <System>
    <Provider Name=""Microsoft-Windows-Sysmon"" Guid=""{5770385f-c22a-43e0-bf4c-06f5698ffbd9}""/>
    <EventID>11</EventID>
    <Version>2</Version>
    <Level>4</Level>
    <Task>11</Task>
    <Opcode>0</Opcode>
    <Keywords>0x8000000000000000</Keywords>
    <TimeCreated SystemTime=""2023-12-19T23:02:09.9990791Z""/>
    <EventRecordID>4915</EventRecordID>
    <Correlation/>
    <Execution ProcessID=""3400"" ThreadID=""4208""/>
    <Channel>Microsoft-Windows-Sysmon/Operational</Channel>
    <Computer>WinDev2309Eval</Computer>
    <Security UserID=""S-1-5-18""/>
  </System>
  <EventData>
    <Data Name=""RuleName"">DLL</Data>
    <Data Name=""UtcTime"">2023-12-19 23:02:09.983</Data>
    <Data Name=""ProcessGuid"">{f57bd86a-20d2-6582-1902-000000000d00}</Data>
    <Data Name=""ProcessId"">8056</Data>
    <Data Name=""Image"">C:\Windows\system32\svchost.exe</Data>
    <Data Name=""TargetFilename"">C:\Program Files\WindowsApps\Microsoft.WindowsAppRuntime.1.4_4000.1049.117.0_x86__8wekyb3d8bbwe\Microsoft.Graphics.Display.dll</Data>
    <Data Name=""CreationUtcTime"">2023-12-19 23:02:09.983</Data>
    <Data Name=""User"">NT AUTHORITY\SYSTEM</Data>
  </EventData>
</Event>
"
Microsoft-Windows-Sysmon/Operational,,,WinDev2309Eval,02:10.0,,,,,,,,,11,4914,,,,C:\Windows\system32\svchost.exe,,,0x8000000000000000,4,,,,,0,,,,,,,{f57bd86a-20d2-6582-1902-000000000d00},3400,8056.0,,,,,,DLL,,,,,,,,,,,,,2023-12-19T23:02:09.9984134Z,C:\Program Files\WindowsApps\Microsoft.WindowsAppRuntime.1.4_4000.1049.117.0_x86__8wekyb3d8bbwe\Microsoft.DirectManipulation.dll,,,,,,11,,4208,NT AUTHORITY\SYSTEM,S-1-5-18,02:10.0,2.0,"<Event xmlns=""http://schemas.microsoft.com/win/2004/08/events/event"">
  <System>
    <Provider Name=""Microsoft-Windows-Sysmon"" Guid=""{5770385f-c22a-43e0-bf4c-06f5698ffbd9}""/>
    <EventID>11</EventID>
    <Version>2</Version>
    <Level>4</Level>
    <Task>11</Task>
    <Opcode>0</Opcode>
    <Keywords>0x8000000000000000</Keywords>
    <TimeCreated SystemTime=""2023-12-19T23:02:09.9984134Z""/>
    <EventRecordID>4914</EventRecordID>
    <Correlation/>
    <Execution ProcessID=""3400"" ThreadID=""4208""/>
    <Channel>Microsoft-Windows-Sysmon/Operational</Channel>
    <Computer>WinDev2309Eval</Computer>
    <Security UserID=""S-1-5-18""/>
  </System>
  <EventData>
    <Data Name=""RuleName"">DLL</Data>
    <Data Name=""UtcTime"">2023-12-19 23:02:09.983</Data>
    <Data Name=""ProcessGuid"">{f57bd86a-20d2-6582-1902-000000000d00}</Data>
    <Data Name=""ProcessId"">8056</Data>
    <Data Name=""Image"">C:\Windows\system32\svchost.exe</Data>
    <Data Name=""TargetFilename"">C:\Program Files\WindowsApps\Microsoft.WindowsAppRuntime.1.4_4000.1049.117.0_x86__8wekyb3d8bbwe\Microsoft.DirectManipulation.dll</Data>
    <Data Name=""CreationUtcTime"">2023-12-19 23:02:09.983</Data>
    <Data Name=""User"">NT AUTHORITY\SYSTEM</Data>
  </EventData>
</Event>
"
