Channel,CommandLine,Company,Computer,CreationUtcTime,CurrentDirectory,Description,DestinationHostname,DestinationIp,DestinationIsIpv6,DestinationPort,DestinationPortName,Details,EventID,EventRecordID,EventType,FileVersion,Hashes,Image,Initiated,IntegrityLevel,Keywords,Level,LogonGuid,LogonId,Message,NewThreadId,Opcode,OriginalFileName,ParentCommandLine,ParentImage,ParentProcessGuid,ParentProcessId,ParentUser,ProcessGuid,ProcessID,ProcessId,Product,Protocol,QueryName,QueryResults,QueryStatus,RuleName,SourceHostname,SourceImage,SourceIp,SourceIsIpv6,SourcePort,SourcePortName,SourceProcessGuid,SourceProcessId,SourceUser,StartAddress,StartFunction,StartModule,SystemTime,TargetFilename,TargetImage,TargetObject,TargetProcessGuid,TargetProcessId,TargetUser,Task,TerminalSessionId,ThreadID,User,UserID,UtcTime,Version,raw
Microsoft-Windows-Sysmon/Operational,,,WinDev2309Eval,,,,,,,,,Microsoft Corporation,13,3219,SetValue,,,C:\Windows\system32\compattelrunner.exe,,,0x8000000000000000,4,,,,,0,,,,,,,{f57bd86a-0db8-6582-d405-000000000b00},10484,3276.0,,,,,,InvDB-Pub,,,,,,,,,,,,,2023-12-19T21:40:13.5525255Z,,,\REGISTRY\A\{bd75d637-a777-f887-435f-6fd9b1f1f54b}\Root\InventoryApplication\0000dbb51ad0f5a7ff2deb6a7b44be1d2a4b0000ffff\Publisher,,,,13,,10592,NT AUTHORITY\SYSTEM,S-1-5-18,40:13.5,2.0,"<Event xmlns=""http://schemas.microsoft.com/win/2004/08/events/event"">
  <System>
    <Provider Name=""Microsoft-Windows-Sysmon"" Guid=""{5770385f-c22a-43e0-bf4c-06f5698ffbd9}""/>
    <EventID>13</EventID>
    <Version>2</Version>
    <Level>4</Level>
    <Task>13</Task>
    <Opcode>0</Opcode>
    <Keywords>0x8000000000000000</Keywords>
    <TimeCreated SystemTime=""2023-12-19T21:40:13.5525255Z""/>
    <EventRecordID>3219</EventRecordID>
    <Correlation/>
    <Execution ProcessID=""10484"" ThreadID=""10592""/>
    <Channel>Microsoft-Windows-Sysmon/Operational</Channel>
    <Computer>WinDev2309Eval</Computer>
    <Security UserID=""S-1-5-18""/>
  </System>
  <EventData>
    <Data Name=""RuleName"">InvDB-Pub</Data>
    <Data Name=""EventType"">SetValue</Data>
    <Data Name=""UtcTime"">2023-12-19 21:40:13.548</Data>
    <Data Name=""ProcessGuid"">{f57bd86a-0db8-6582-d405-000000000b00}</Data>
    <Data Name=""ProcessId"">3276</Data>
    <Data Name=""Image"">C:\Windows\system32\compattelrunner.exe</Data>
    <Data Name=""TargetObject"">\REGISTRY\A\{bd75d637-a777-f887-435f-6fd9b1f1f54b}\Root\InventoryApplication\0000dbb51ad0f5a7ff2deb6a7b44be1d2a4b0000ffff\Publisher</Data>
    <Data Name=""Details"">Microsoft Corporation</Data>
    <Data Name=""User"">NT AUTHORITY\SYSTEM</Data>
  </EventData>
</Event>
"
Microsoft-Windows-Sysmon/Operational,,,WinDev2309Eval,,,,,,,,,14.36.32532.0,13,3218,SetValue,,,C:\Windows\system32\compattelrunner.exe,,,0x8000000000000000,4,,,,,0,,,,,,,{f57bd86a-0db8-6582-d405-000000000b00},10484,3276.0,,,,,,InvDB-Ver,,,,,,,,,,,,,2023-12-19T21:40:13.5520989Z,,,\REGISTRY\A\{bd75d637-a777-f887-435f-6fd9b1f1f54b}\Root\InventoryApplicationFile\vc_redist.x64.ex|1dfb9d9432e1ab0e\BinProductVersion,,,,13,,10592,NT AUTHORITY\SYSTEM,S-1-5-18,40:13.5,2.0,"<Event xmlns=""http://schemas.microsoft.com/win/2004/08/events/event"">
  <System>
    <Provider Name=""Microsoft-Windows-Sysmon"" Guid=""{5770385f-c22a-43e0-bf4c-06f5698ffbd9}""/>
    <EventID>13</EventID>
    <Version>2</Version>
    <Level>4</Level>
    <Task>13</Task>
    <Opcode>0</Opcode>
    <Keywords>0x8000000000000000</Keywords>
    <TimeCreated SystemTime=""2023-12-19T21:40:13.5520989Z""/>
    <EventRecordID>3218</EventRecordID>
    <Correlation/>
    <Execution ProcessID=""10484"" ThreadID=""10592""/>
    <Channel>Microsoft-Windows-Sysmon/Operational</Channel>
    <Computer>WinDev2309Eval</Computer>
    <Security UserID=""S-1-5-18""/>
  </System>
  <EventData>
    <Data Name=""RuleName"">InvDB-Ver</Data>
    <Data Name=""EventType"">SetValue</Data>
    <Data Name=""UtcTime"">2023-12-19 21:40:13.548</Data>
    <Data Name=""ProcessGuid"">{f57bd86a-0db8-6582-d405-000000000b00}</Data>
    <Data Name=""ProcessId"">3276</Data>
    <Data Name=""Image"">C:\Windows\system32\compattelrunner.exe</Data>
    <Data Name=""TargetObject"">\REGISTRY\A\{bd75d637-a777-f887-435f-6fd9b1f1f54b}\Root\InventoryApplicationFile\vc_redist.x64.ex|1dfb9d9432e1ab0e\BinProductVersion</Data>
    <Data Name=""Details"">14.36.32532.0</Data>
    <Data Name=""User"">NT AUTHORITY\SYSTEM</Data>
  </EventData>
</Event>
"
Microsoft-Windows-Sysmon/Operational,,,WinDev2309Eval,,,,,,,,,11/18/2017 21:37,13,3217,SetValue,,,C:\Windows\system32\compattelrunner.exe,,,0x8000000000000000,4,,,,,0,,,,,,,{f57bd86a-0db8-6582-d405-000000000b00},10484,3276.0,,,,,,InvDB-CompileTimeClaim,,,,,,,,,,,,,2023-12-19T21:40:13.5520437Z,,,\REGISTRY\A\{bd75d637-a777-f887-435f-6fd9b1f1f54b}\Root\InventoryApplicationFile\vc_redist.x64.ex|1dfb9d9432e1ab0e\LinkDate,,,,13,,10592,NT AUTHORITY\SYSTEM,S-1-5-18,40:13.5,2.0,"<Event xmlns=""http://schemas.microsoft.com/win/2004/08/events/event"">
  <System>
    <Provider Name=""Microsoft-Windows-Sysmon"" Guid=""{5770385f-c22a-43e0-bf4c-06f5698ffbd9}""/>
    <EventID>13</EventID>
    <Version>2</Version>
    <Level>4</Level>
    <Task>13</Task>
    <Opcode>0</Opcode>
    <Keywords>0x8000000000000000</Keywords>
    <TimeCreated SystemTime=""2023-12-19T21:40:13.5520437Z""/>
    <EventRecordID>3217</EventRecordID>
    <Correlation/>
    <Execution ProcessID=""10484"" ThreadID=""10592""/>
    <Channel>Microsoft-Windows-Sysmon/Operational</Channel>
    <Computer>WinDev2309Eval</Computer>
    <Security UserID=""S-1-5-18""/>
  </System>
  <EventData>
    <Data Name=""RuleName"">InvDB-CompileTimeClaim</Data>
    <Data Name=""EventType"">SetValue</Data>
    <Data Name=""UtcTime"">2023-12-19 21:40:13.548</Data>
    <Data Name=""ProcessGuid"">{f57bd86a-0db8-6582-d405-000000000b00}</Data>
    <Data Name=""ProcessId"">3276</Data>
    <Data Name=""Image"">C:\Windows\system32\compattelrunner.exe</Data>
    <Data Name=""TargetObject"">\REGISTRY\A\{bd75d637-a777-f887-435f-6fd9b1f1f54b}\Root\InventoryApplicationFile\vc_redist.x64.ex|1dfb9d9432e1ab0e\LinkDate</Data>
    <Data Name=""Details"">11/18/2017 21:37:28</Data>
    <Data Name=""User"">NT AUTHORITY\SYSTEM</Data>
  </EventData>
</Event>
"
Microsoft-Windows-Sysmon/Operational,,,WinDev2309Eval,,,,,,,,,microsoft corporation,13,3216,SetValue,,,C:\Windows\system32\compattelrunner.exe,,,0x8000000000000000,4,,,,,0,,,,,,,{f57bd86a-0db8-6582-d405-000000000b00},10484,3276.0,,,,,,InvDB-Pub,,,,,,,,,,,,,2023-12-19T21:40:13.5517227Z,,,\REGISTRY\A\{bd75d637-a777-f887-435f-6fd9b1f1f54b}\Root\InventoryApplicationFile\vc_redist.x64.ex|1dfb9d9432e1ab0e\Publisher,,,,13,,10592,NT AUTHORITY\SYSTEM,S-1-5-18,40:13.5,2.0,"<Event xmlns=""http://schemas.microsoft.com/win/2004/08/events/event"">
  <System>
    <Provider Name=""Microsoft-Windows-Sysmon"" Guid=""{5770385f-c22a-43e0-bf4c-06f5698ffbd9}""/>
    <EventID>13</EventID>
    <Version>2</Version>
    <Level>4</Level>
    <Task>13</Task>
    <Opcode>0</Opcode>
    <Keywords>0x8000000000000000</Keywords>
    <TimeCreated SystemTime=""2023-12-19T21:40:13.5517227Z""/>
    <EventRecordID>3216</EventRecordID>
    <Correlation/>
    <Execution ProcessID=""10484"" ThreadID=""10592""/>
    <Channel>Microsoft-Windows-Sysmon/Operational</Channel>
    <Computer>WinDev2309Eval</Computer>
    <Security UserID=""S-1-5-18""/>
  </System>
  <EventData>
    <Data Name=""RuleName"">InvDB-Pub</Data>
    <Data Name=""EventType"">SetValue</Data>
    <Data Name=""UtcTime"">2023-12-19 21:40:13.548</Data>
    <Data Name=""ProcessGuid"">{f57bd86a-0db8-6582-d405-000000000b00}</Data>
    <Data Name=""ProcessId"">3276</Data>
    <Data Name=""Image"">C:\Windows\system32\compattelrunner.exe</Data>
    <Data Name=""TargetObject"">\REGISTRY\A\{bd75d637-a777-f887-435f-6fd9b1f1f54b}\Root\InventoryApplicationFile\vc_redist.x64.ex|1dfb9d9432e1ab0e\Publisher</Data>
    <Data Name=""Details"">microsoft corporation</Data>
    <Data Name=""User"">NT AUTHORITY\SYSTEM</Data>
  </EventData>
</Event>
"
Microsoft-Windows-Sysmon/Operational,,,WinDev2309Eval,,,,,,,,,c:\programdata\package cache\{8bdfe669-9705-4184-9368-db9ce581e0e7}\vc_redist.x64.exe,13,3215,SetValue,,,C:\Windows\system32\compattelrunner.exe,,,0x8000000000000000,4,,,,,0,,,,,,,{f57bd86a-0db8-6582-d405-000000000b00},10484,3276.0,,,,,,InvDB-Path,,,,,,,,,,,,,2023-12-19T21:40:13.5515604Z,,,\REGISTRY\A\{bd75d637-a777-f887-435f-6fd9b1f1f54b}\Root\InventoryApplicationFile\vc_redist.x64.ex|1dfb9d9432e1ab0e\LowerCaseLongPath,,,,13,,10592,NT AUTHORITY\SYSTEM,S-1-5-18,40:13.5,2.0,"<Event xmlns=""http://schemas.microsoft.com/win/2004/08/events/event"">
  <System>
    <Provider Name=""Microsoft-Windows-Sysmon"" Guid=""{5770385f-c22a-43e0-bf4c-06f5698ffbd9}""/>
    <EventID>13</EventID>
    <Version>2</Version>
    <Level>4</Level>
    <Task>13</Task>
    <Opcode>0</Opcode>
    <Keywords>0x8000000000000000</Keywords>
    <TimeCreated SystemTime=""2023-12-19T21:40:13.5515604Z""/>
    <EventRecordID>3215</EventRecordID>
    <Correlation/>
    <Execution ProcessID=""10484"" ThreadID=""10592""/>
    <Channel>Microsoft-Windows-Sysmon/Operational</Channel>
    <Computer>WinDev2309Eval</Computer>
    <Security UserID=""S-1-5-18""/>
  </System>
  <EventData>
    <Data Name=""RuleName"">InvDB-Path</Data>
    <Data Name=""EventType"">SetValue</Data>
    <Data Name=""UtcTime"">2023-12-19 21:40:13.548</Data>
    <Data Name=""ProcessGuid"">{f57bd86a-0db8-6582-d405-000000000b00}</Data>
    <Data Name=""ProcessId"">3276</Data>
    <Data Name=""Image"">C:\Windows\system32\compattelrunner.exe</Data>
    <Data Name=""TargetObject"">\REGISTRY\A\{bd75d637-a777-f887-435f-6fd9b1f1f54b}\Root\InventoryApplicationFile\vc_redist.x64.ex|1dfb9d9432e1ab0e\LowerCaseLongPath</Data>
    <Data Name=""Details"">c:\programdata\package cache\{8bdfe669-9705-4184-9368-db9ce581e0e7}\vc_redist.x64.exe</Data>
    <Data Name=""User"">NT AUTHORITY\SYSTEM</Data>
  </EventData>
</Event>
"
Microsoft-Windows-Sysmon/Operational,,,WinDev2309Eval,,,,,,,,,Microsoft,13,3214,SetValue,,,C:\Windows\system32\compattelrunner.exe,,,0x8000000000000000,4,,,,,0,,,,,,,{f57bd86a-0db8-6582-d405-000000000b00},10484,3276.0,,,,,,InvDB-Pub,,,,,,,,,,,,,2023-12-19T21:40:13.5393244Z,,,\REGISTRY\A\{bd75d637-a777-f887-435f-6fd9b1f1f54b}\Root\InventoryApplication\0000daac6479bf75a48c66a644476a5ec55100000904\Publisher,,,,13,,10592,NT AUTHORITY\SYSTEM,S-1-5-18,40:13.5,2.0,"<Event xmlns=""http://schemas.microsoft.com/win/2004/08/events/event"">
  <System>
    <Provider Name=""Microsoft-Windows-Sysmon"" Guid=""{5770385f-c22a-43e0-bf4c-06f5698ffbd9}""/>
    <EventID>13</EventID>
    <Version>2</Version>
    <Level>4</Level>
    <Task>13</Task>
    <Opcode>0</Opcode>
    <Keywords>0x8000000000000000</Keywords>
    <TimeCreated SystemTime=""2023-12-19T21:40:13.5393244Z""/>
    <EventRecordID>3214</EventRecordID>
    <Correlation/>
    <Execution ProcessID=""10484"" ThreadID=""10592""/>
    <Channel>Microsoft-Windows-Sysmon/Operational</Channel>
    <Computer>WinDev2309Eval</Computer>
    <Security UserID=""S-1-5-18""/>
  </System>
  <EventData>
    <Data Name=""RuleName"">InvDB-Pub</Data>
    <Data Name=""EventType"">SetValue</Data>
    <Data Name=""UtcTime"">2023-12-19 21:40:13.531</Data>
    <Data Name=""ProcessGuid"">{f57bd86a-0db8-6582-d405-000000000b00}</Data>
    <Data Name=""ProcessId"">3276</Data>
    <Data Name=""Image"">C:\Windows\system32\compattelrunner.exe</Data>
    <Data Name=""TargetObject"">\REGISTRY\A\{bd75d637-a777-f887-435f-6fd9b1f1f54b}\Root\InventoryApplication\0000daac6479bf75a48c66a644476a5ec55100000904\Publisher</Data>
    <Data Name=""Details"">Microsoft</Data>
    <Data Name=""User"">NT AUTHORITY\SYSTEM</Data>
  </EventData>
</Event>
"
Microsoft-Windows-Sysmon/Operational,,,WinDev2309Eval,,,,,,,,,1.0.1.4500,13,3213,SetValue,,,C:\Windows\system32\compattelrunner.exe,,,0x8000000000000000,4,,,,,0,,,,,,,{f57bd86a-0db8-6582-d405-000000000b00},10484,3276.0,,,,,,InvDB-Ver,,,,,,,,,,,,,2023-12-19T21:40:13.5388940Z,,,\REGISTRY\A\{bd75d637-a777-f887-435f-6fd9b1f1f54b}\Root\InventoryApplicationFile\testhost.x86.exe|dac96919c5f1984e\BinProductVersion,,,,13,,10592,NT AUTHORITY\SYSTEM,S-1-5-18,40:13.5,2.0,"<Event xmlns=""http://schemas.microsoft.com/win/2004/08/events/event"">
  <System>
    <Provider Name=""Microsoft-Windows-Sysmon"" Guid=""{5770385f-c22a-43e0-bf4c-06f5698ffbd9}""/>
    <EventID>13</EventID>
    <Version>2</Version>
    <Level>4</Level>
    <Task>13</Task>
    <Opcode>0</Opcode>
    <Keywords>0x8000000000000000</Keywords>
    <TimeCreated SystemTime=""2023-12-19T21:40:13.5388940Z""/>
    <EventRecordID>3213</EventRecordID>
    <Correlation/>
    <Execution ProcessID=""10484"" ThreadID=""10592""/>
    <Channel>Microsoft-Windows-Sysmon/Operational</Channel>
    <Computer>WinDev2309Eval</Computer>
    <Security UserID=""S-1-5-18""/>
  </System>
  <EventData>
    <Data Name=""RuleName"">InvDB-Ver</Data>
    <Data Name=""EventType"">SetValue</Data>
    <Data Name=""UtcTime"">2023-12-19 21:40:13.531</Data>
    <Data Name=""ProcessGuid"">{f57bd86a-0db8-6582-d405-000000000b00}</Data>
    <Data Name=""ProcessId"">3276</Data>
    <Data Name=""Image"">C:\Windows\system32\compattelrunner.exe</Data>
    <Data Name=""TargetObject"">\REGISTRY\A\{bd75d637-a777-f887-435f-6fd9b1f1f54b}\Root\InventoryApplicationFile\testhost.x86.exe|dac96919c5f1984e\BinProductVersion</Data>
    <Data Name=""Details"">1.0.1.4500</Data>
    <Data Name=""User"">NT AUTHORITY\SYSTEM</Data>
  </EventData>
</Event>
"
Microsoft-Windows-Sysmon/Operational,,,WinDev2309Eval,,,,,,,,,6/16/2016 3:09,13,3212,SetValue,,,C:\Windows\system32\compattelrunner.exe,,,0x8000000000000000,4,,,,,0,,,,,,,{f57bd86a-0db8-6582-d405-000000000b00},10484,3276.0,,,,,,InvDB-CompileTimeClaim,,,,,,,,,,,,,2023-12-19T21:40:13.5388377Z,,,\REGISTRY\A\{bd75d637-a777-f887-435f-6fd9b1f1f54b}\Root\InventoryApplicationFile\testhost.x86.exe|dac96919c5f1984e\LinkDate,,,,13,,10592,NT AUTHORITY\SYSTEM,S-1-5-18,40:13.5,2.0,"<Event xmlns=""http://schemas.microsoft.com/win/2004/08/events/event"">
  <System>
    <Provider Name=""Microsoft-Windows-Sysmon"" Guid=""{5770385f-c22a-43e0-bf4c-06f5698ffbd9}""/>
    <EventID>13</EventID>
    <Version>2</Version>
    <Level>4</Level>
    <Task>13</Task>
    <Opcode>0</Opcode>
    <Keywords>0x8000000000000000</Keywords>
    <TimeCreated SystemTime=""2023-12-19T21:40:13.5388377Z""/>
    <EventRecordID>3212</EventRecordID>
    <Correlation/>
    <Execution ProcessID=""10484"" ThreadID=""10592""/>
    <Channel>Microsoft-Windows-Sysmon/Operational</Channel>
    <Computer>WinDev2309Eval</Computer>
    <Security UserID=""S-1-5-18""/>
  </System>
  <EventData>
    <Data Name=""RuleName"">InvDB-CompileTimeClaim</Data>
    <Data Name=""EventType"">SetValue</Data>
    <Data Name=""UtcTime"">2023-12-19 21:40:13.531</Data>
    <Data Name=""ProcessGuid"">{f57bd86a-0db8-6582-d405-000000000b00}</Data>
    <Data Name=""ProcessId"">3276</Data>
    <Data Name=""Image"">C:\Windows\system32\compattelrunner.exe</Data>
    <Data Name=""TargetObject"">\REGISTRY\A\{bd75d637-a777-f887-435f-6fd9b1f1f54b}\Root\InventoryApplicationFile\testhost.x86.exe|dac96919c5f1984e\LinkDate</Data>
    <Data Name=""Details"">06/16/2016 03:09:44</Data>
    <Data Name=""User"">NT AUTHORITY\SYSTEM</Data>
  </EventData>
</Event>
"
Microsoft-Windows-Sysmon/Operational,,,WinDev2309Eval,,,,,,,,,microsoft corporation,13,3211,SetValue,,,C:\Windows\system32\compattelrunner.exe,,,0x8000000000000000,4,,,,,0,,,,,,,{f57bd86a-0db8-6582-d405-000000000b00},10484,3276.0,,,,,,InvDB-Pub,,,,,,,,,,,,,2023-12-19T21:40:13.5385154Z,,,\REGISTRY\A\{bd75d637-a777-f887-435f-6fd9b1f1f54b}\Root\InventoryApplicationFile\testhost.x86.exe|dac96919c5f1984e\Publisher,,,,13,,10592,NT AUTHORITY\SYSTEM,S-1-5-18,40:13.5,2.0,"<Event xmlns=""http://schemas.microsoft.com/win/2004/08/events/event"">
  <System>
    <Provider Name=""Microsoft-Windows-Sysmon"" Guid=""{5770385f-c22a-43e0-bf4c-06f5698ffbd9}""/>
    <EventID>13</EventID>
    <Version>2</Version>
    <Level>4</Level>
    <Task>13</Task>
    <Opcode>0</Opcode>
    <Keywords>0x8000000000000000</Keywords>
    <TimeCreated SystemTime=""2023-12-19T21:40:13.5385154Z""/>
    <EventRecordID>3211</EventRecordID>
    <Correlation/>
    <Execution ProcessID=""10484"" ThreadID=""10592""/>
    <Channel>Microsoft-Windows-Sysmon/Operational</Channel>
    <Computer>WinDev2309Eval</Computer>
    <Security UserID=""S-1-5-18""/>
  </System>
  <EventData>
    <Data Name=""RuleName"">InvDB-Pub</Data>
    <Data Name=""EventType"">SetValue</Data>
    <Data Name=""UtcTime"">2023-12-19 21:40:13.531</Data>
    <Data Name=""ProcessGuid"">{f57bd86a-0db8-6582-d405-000000000b00}</Data>
    <Data Name=""ProcessId"">3276</Data>
    <Data Name=""Image"">C:\Windows\system32\compattelrunner.exe</Data>
    <Data Name=""TargetObject"">\REGISTRY\A\{bd75d637-a777-f887-435f-6fd9b1f1f54b}\Root\InventoryApplicationFile\testhost.x86.exe|dac96919c5f1984e\Publisher</Data>
    <Data Name=""Details"">microsoft corporation</Data>
    <Data Name=""User"">NT AUTHORITY\SYSTEM</Data>
  </EventData>
</Event>
"
Microsoft-Windows-Sysmon/Operational,,,WinDev2309Eval,,,,,,,,,c:\program files (x86)\microsoft sdks\nugetpackages\microsoft.testplatform.testhost\16.11.0\build\netcoreapp1.0\x86\testhost.x86.exe,13,3210,SetValue,,,C:\Windows\system32\compattelrunner.exe,,,0x8000000000000000,4,,,,,0,,,,,,,{f57bd86a-0db8-6582-d405-000000000b00},10484,3276.0,,,,,,InvDB-Path,,,,,,,,,,,,,2023-12-19T21:40:13.5383534Z,,,\REGISTRY\A\{bd75d637-a777-f887-435f-6fd9b1f1f54b}\Root\InventoryApplicationFile\testhost.x86.exe|dac96919c5f1984e\LowerCaseLongPath,,,,13,,10592,NT AUTHORITY\SYSTEM,S-1-5-18,40:13.5,2.0,"<Event xmlns=""http://schemas.microsoft.com/win/2004/08/events/event"">
  <System>
    <Provider Name=""Microsoft-Windows-Sysmon"" Guid=""{5770385f-c22a-43e0-bf4c-06f5698ffbd9}""/>
    <EventID>13</EventID>
    <Version>2</Version>
    <Level>4</Level>
    <Task>13</Task>
    <Opcode>0</Opcode>
    <Keywords>0x8000000000000000</Keywords>
    <TimeCreated SystemTime=""2023-12-19T21:40:13.5383534Z""/>
    <EventRecordID>3210</EventRecordID>
    <Correlation/>
    <Execution ProcessID=""10484"" ThreadID=""10592""/>
    <Channel>Microsoft-Windows-Sysmon/Operational</Channel>
    <Computer>WinDev2309Eval</Computer>
    <Security UserID=""S-1-5-18""/>
  </System>
  <EventData>
    <Data Name=""RuleName"">InvDB-Path</Data>
    <Data Name=""EventType"">SetValue</Data>
    <Data Name=""UtcTime"">2023-12-19 21:40:13.531</Data>
    <Data Name=""ProcessGuid"">{f57bd86a-0db8-6582-d405-000000000b00}</Data>
    <Data Name=""ProcessId"">3276</Data>
    <Data Name=""Image"">C:\Windows\system32\compattelrunner.exe</Data>
    <Data Name=""TargetObject"">\REGISTRY\A\{bd75d637-a777-f887-435f-6fd9b1f1f54b}\Root\InventoryApplicationFile\testhost.x86.exe|dac96919c5f1984e\LowerCaseLongPath</Data>
    <Data Name=""Details"">c:\program files (x86)\microsoft sdks\nugetpackages\microsoft.testplatform.testhost\16.11.0\build\netcoreapp1.0\x86\testhost.x86.exe</Data>
    <Data Name=""User"">NT AUTHORITY\SYSTEM</Data>
  </EventData>
</Event>
"
Microsoft-Windows-Sysmon/Operational,,,WinDev2309Eval,,,,,,,,,16.11.0.0,13,3209,SetValue,,,C:\Windows\system32\compattelrunner.exe,,,0x8000000000000000,4,,,,,0,,,,,,,{f57bd86a-0db8-6582-d405-000000000b00},10484,3276.0,,,,,,InvDB-Ver,,,,,,,,,,,,,2023-12-19T21:40:13.5355106Z,,,\REGISTRY\A\{bd75d637-a777-f887-435f-6fd9b1f1f54b}\Root\InventoryApplicationFile\testhost.x86.exe|b5a19ed532b2dcc6\BinProductVersion,,,,13,,10592,NT AUTHORITY\SYSTEM,S-1-5-18,40:13.5,2.0,"<Event xmlns=""http://schemas.microsoft.com/win/2004/08/events/event"">
  <System>
    <Provider Name=""Microsoft-Windows-Sysmon"" Guid=""{5770385f-c22a-43e0-bf4c-06f5698ffbd9}""/>
    <EventID>13</EventID>
    <Version>2</Version>
    <Level>4</Level>
    <Task>13</Task>
    <Opcode>0</Opcode>
    <Keywords>0x8000000000000000</Keywords>
    <TimeCreated SystemTime=""2023-12-19T21:40:13.5355106Z""/>
    <EventRecordID>3209</EventRecordID>
    <Correlation/>
    <Execution ProcessID=""10484"" ThreadID=""10592""/>
    <Channel>Microsoft-Windows-Sysmon/Operational</Channel>
    <Computer>WinDev2309Eval</Computer>
    <Security UserID=""S-1-5-18""/>
  </System>
  <EventData>
    <Data Name=""RuleName"">InvDB-Ver</Data>
    <Data Name=""EventType"">SetValue</Data>
    <Data Name=""UtcTime"">2023-12-19 21:40:13.531</Data>
    <Data Name=""ProcessGuid"">{f57bd86a-0db8-6582-d405-000000000b00}</Data>
    <Data Name=""ProcessId"">3276</Data>
    <Data Name=""Image"">C:\Windows\system32\compattelrunner.exe</Data>
    <Data Name=""TargetObject"">\REGISTRY\A\{bd75d637-a777-f887-435f-6fd9b1f1f54b}\Root\InventoryApplicationFile\testhost.x86.exe|b5a19ed532b2dcc6\BinProductVersion</Data>
    <Data Name=""Details"">16.11.0.0</Data>
    <Data Name=""User"">NT AUTHORITY\SYSTEM</Data>
  </EventData>
</Event>
"
Microsoft-Windows-Sysmon/Operational,,,WinDev2309Eval,,,,,,,,,11/18/2020 22:49,13,3208,SetValue,,,C:\Windows\system32\compattelrunner.exe,,,0x8000000000000000,4,,,,,0,,,,,,,{f57bd86a-0db8-6582-d405-000000000b00},10484,3276.0,,,,,,InvDB-CompileTimeClaim,,,,,,,,,,,,,2023-12-19T21:40:13.5354550Z,,,\REGISTRY\A\{bd75d637-a777-f887-435f-6fd9b1f1f54b}\Root\InventoryApplicationFile\testhost.x86.exe|b5a19ed532b2dcc6\LinkDate,,,,13,,10592,NT AUTHORITY\SYSTEM,S-1-5-18,40:13.5,2.0,"<Event xmlns=""http://schemas.microsoft.com/win/2004/08/events/event"">
  <System>
    <Provider Name=""Microsoft-Windows-Sysmon"" Guid=""{5770385f-c22a-43e0-bf4c-06f5698ffbd9}""/>
    <EventID>13</EventID>
    <Version>2</Version>
    <Level>4</Level>
    <Task>13</Task>
    <Opcode>0</Opcode>
    <Keywords>0x8000000000000000</Keywords>
    <TimeCreated SystemTime=""2023-12-19T21:40:13.5354550Z""/>
    <EventRecordID>3208</EventRecordID>
    <Correlation/>
    <Execution ProcessID=""10484"" ThreadID=""10592""/>
    <Channel>Microsoft-Windows-Sysmon/Operational</Channel>
    <Computer>WinDev2309Eval</Computer>
    <Security UserID=""S-1-5-18""/>
  </System>
  <EventData>
    <Data Name=""RuleName"">InvDB-CompileTimeClaim</Data>
    <Data Name=""EventType"">SetValue</Data>
    <Data Name=""UtcTime"">2023-12-19 21:40:13.531</Data>
    <Data Name=""ProcessGuid"">{f57bd86a-0db8-6582-d405-000000000b00}</Data>
    <Data Name=""ProcessId"">3276</Data>
    <Data Name=""Image"">C:\Windows\system32\compattelrunner.exe</Data>
    <Data Name=""TargetObject"">\REGISTRY\A\{bd75d637-a777-f887-435f-6fd9b1f1f54b}\Root\InventoryApplicationFile\testhost.x86.exe|b5a19ed532b2dcc6\LinkDate</Data>
    <Data Name=""Details"">11/18/2020 22:49:36</Data>
    <Data Name=""User"">NT AUTHORITY\SYSTEM</Data>
  </EventData>
</Event>
"
Microsoft-Windows-Sysmon/Operational,,,WinDev2309Eval,,,,,,,,,microsoft corporation,13,3207,SetValue,,,C:\Windows\system32\compattelrunner.exe,,,0x8000000000000000,4,,,,,0,,,,,,,{f57bd86a-0db8-6582-d405-000000000b00},10484,3276.0,,,,,,InvDB-Pub,,,,,,,,,,,,,2023-12-19T21:40:13.5351357Z,,,\REGISTRY\A\{bd75d637-a777-f887-435f-6fd9b1f1f54b}\Root\InventoryApplicationFile\testhost.x86.exe|b5a19ed532b2dcc6\Publisher,,,,13,,10592,NT AUTHORITY\SYSTEM,S-1-5-18,40:13.5,2.0,"<Event xmlns=""http://schemas.microsoft.com/win/2004/08/events/event"">
  <System>
    <Provider Name=""Microsoft-Windows-Sysmon"" Guid=""{5770385f-c22a-43e0-bf4c-06f5698ffbd9}""/>
    <EventID>13</EventID>
    <Version>2</Version>
    <Level>4</Level>
    <Task>13</Task>
    <Opcode>0</Opcode>
    <Keywords>0x8000000000000000</Keywords>
    <TimeCreated SystemTime=""2023-12-19T21:40:13.5351357Z""/>
    <EventRecordID>3207</EventRecordID>
    <Correlation/>
    <Execution ProcessID=""10484"" ThreadID=""10592""/>
    <Channel>Microsoft-Windows-Sysmon/Operational</Channel>
    <Computer>WinDev2309Eval</Computer>
    <Security UserID=""S-1-5-18""/>
  </System>
  <EventData>
    <Data Name=""RuleName"">InvDB-Pub</Data>
    <Data Name=""EventType"">SetValue</Data>
    <Data Name=""UtcTime"">2023-12-19 21:40:13.531</Data>
    <Data Name=""ProcessGuid"">{f57bd86a-0db8-6582-d405-000000000b00}</Data>
    <Data Name=""ProcessId"">3276</Data>
    <Data Name=""Image"">C:\Windows\system32\compattelrunner.exe</Data>
    <Data Name=""TargetObject"">\REGISTRY\A\{bd75d637-a777-f887-435f-6fd9b1f1f54b}\Root\InventoryApplicationFile\testhost.x86.exe|b5a19ed532b2dcc6\Publisher</Data>
    <Data Name=""Details"">microsoft corporation</Data>
    <Data Name=""User"">NT AUTHORITY\SYSTEM</Data>
  </EventData>
</Event>
"
Microsoft-Windows-Sysmon/Operational,,,WinDev2309Eval,,,,,,,,,c:\program files (x86)\microsoft sdks\nugetpackages\microsoft.testplatform.testhost\16.11.0\build\netcoreapp2.1\x86\testhost.x86.exe,13,3206,SetValue,,,C:\Windows\system32\compattelrunner.exe,,,0x8000000000000000,4,,,,,0,,,,,,,{f57bd86a-0db8-6582-d405-000000000b00},10484,3276.0,,,,,,InvDB-Path,,,,,,,,,,,,,2023-12-19T21:40:13.5349726Z,,,\REGISTRY\A\{bd75d637-a777-f887-435f-6fd9b1f1f54b}\Root\InventoryApplicationFile\testhost.x86.exe|b5a19ed532b2dcc6\LowerCaseLongPath,,,,13,,10592,NT AUTHORITY\SYSTEM,S-1-5-18,40:13.5,2.0,"<Event xmlns=""http://schemas.microsoft.com/win/2004/08/events/event"">
  <System>
    <Provider Name=""Microsoft-Windows-Sysmon"" Guid=""{5770385f-c22a-43e0-bf4c-06f5698ffbd9}""/>
    <EventID>13</EventID>
    <Version>2</Version>
    <Level>4</Level>
    <Task>13</Task>
    <Opcode>0</Opcode>
    <Keywords>0x8000000000000000</Keywords>
    <TimeCreated SystemTime=""2023-12-19T21:40:13.5349726Z""/>
    <EventRecordID>3206</EventRecordID>
    <Correlation/>
    <Execution ProcessID=""10484"" ThreadID=""10592""/>
    <Channel>Microsoft-Windows-Sysmon/Operational</Channel>
    <Computer>WinDev2309Eval</Computer>
    <Security UserID=""S-1-5-18""/>
  </System>
  <EventData>
    <Data Name=""RuleName"">InvDB-Path</Data>
    <Data Name=""EventType"">SetValue</Data>
    <Data Name=""UtcTime"">2023-12-19 21:40:13.531</Data>
    <Data Name=""ProcessGuid"">{f57bd86a-0db8-6582-d405-000000000b00}</Data>
    <Data Name=""ProcessId"">3276</Data>
    <Data Name=""Image"">C:\Windows\system32\compattelrunner.exe</Data>
    <Data Name=""TargetObject"">\REGISTRY\A\{bd75d637-a777-f887-435f-6fd9b1f1f54b}\Root\InventoryApplicationFile\testhost.x86.exe|b5a19ed532b2dcc6\LowerCaseLongPath</Data>
    <Data Name=""Details"">c:\program files (x86)\microsoft sdks\nugetpackages\microsoft.testplatform.testhost\16.11.0\build\netcoreapp2.1\x86\testhost.x86.exe</Data>
    <Data Name=""User"">NT AUTHORITY\SYSTEM</Data>
  </EventData>
</Event>
"
Microsoft-Windows-Sysmon/Operational,,,WinDev2309Eval,,,,,,,,,16.11.0.0,13,3205,SetValue,,,C:\Windows\system32\compattelrunner.exe,,,0x8000000000000000,4,,,,,0,,,,,,,{f57bd86a-0db8-6582-d405-000000000b00},10484,3276.0,,,,,,InvDB-Ver,,,,,,,,,,,,,2023-12-19T21:40:13.5184798Z,,,\REGISTRY\A\{bd75d637-a777-f887-435f-6fd9b1f1f54b}\Root\InventoryApplicationFile\testhost.exe|f5484fdef4702660\BinProductVersion,,,,13,,10592,NT AUTHORITY\SYSTEM,S-1-5-18,40:13.5,2.0,"<Event xmlns=""http://schemas.microsoft.com/win/2004/08/events/event"">
  <System>
    <Provider Name=""Microsoft-Windows-Sysmon"" Guid=""{5770385f-c22a-43e0-bf4c-06f5698ffbd9}""/>
    <EventID>13</EventID>
    <Version>2</Version>
    <Level>4</Level>
    <Task>13</Task>
    <Opcode>0</Opcode>
    <Keywords>0x8000000000000000</Keywords>
    <TimeCreated SystemTime=""2023-12-19T21:40:13.5184798Z""/>
    <EventRecordID>3205</EventRecordID>
    <Correlation/>
    <Execution ProcessID=""10484"" ThreadID=""10592""/>
    <Channel>Microsoft-Windows-Sysmon/Operational</Channel>
    <Computer>WinDev2309Eval</Computer>
    <Security UserID=""S-1-5-18""/>
  </System>
  <EventData>
    <Data Name=""RuleName"">InvDB-Ver</Data>
    <Data Name=""EventType"">SetValue</Data>
    <Data Name=""UtcTime"">2023-12-19 21:40:13.515</Data>
    <Data Name=""ProcessGuid"">{f57bd86a-0db8-6582-d405-000000000b00}</Data>
    <Data Name=""ProcessId"">3276</Data>
    <Data Name=""Image"">C:\Windows\system32\compattelrunner.exe</Data>
    <Data Name=""TargetObject"">\REGISTRY\A\{bd75d637-a777-f887-435f-6fd9b1f1f54b}\Root\InventoryApplicationFile\testhost.exe|f5484fdef4702660\BinProductVersion</Data>
    <Data Name=""Details"">16.11.0.0</Data>
    <Data Name=""User"">NT AUTHORITY\SYSTEM</Data>
  </EventData>
</Event>
"
Microsoft-Windows-Sysmon/Operational,,,WinDev2309Eval,,,,,,,,,11/18/2020 22:49,13,3204,SetValue,,,C:\Windows\system32\compattelrunner.exe,,,0x8000000000000000,4,,,,,0,,,,,,,{f57bd86a-0db8-6582-d405-000000000b00},10484,3276.0,,,,,,InvDB-CompileTimeClaim,,,,,,,,,,,,,2023-12-19T21:40:13.5184115Z,,,\REGISTRY\A\{bd75d637-a777-f887-435f-6fd9b1f1f54b}\Root\InventoryApplicationFile\testhost.exe|f5484fdef4702660\LinkDate,,,,13,,10592,NT AUTHORITY\SYSTEM,S-1-5-18,40:13.5,2.0,"<Event xmlns=""http://schemas.microsoft.com/win/2004/08/events/event"">
  <System>
    <Provider Name=""Microsoft-Windows-Sysmon"" Guid=""{5770385f-c22a-43e0-bf4c-06f5698ffbd9}""/>
    <EventID>13</EventID>
    <Version>2</Version>
    <Level>4</Level>
    <Task>13</Task>
    <Opcode>0</Opcode>
    <Keywords>0x8000000000000000</Keywords>
    <TimeCreated SystemTime=""2023-12-19T21:40:13.5184115Z""/>
    <EventRecordID>3204</EventRecordID>
    <Correlation/>
    <Execution ProcessID=""10484"" ThreadID=""10592""/>
    <Channel>Microsoft-Windows-Sysmon/Operational</Channel>
    <Computer>WinDev2309Eval</Computer>
    <Security UserID=""S-1-5-18""/>
  </System>
  <EventData>
    <Data Name=""RuleName"">InvDB-CompileTimeClaim</Data>
    <Data Name=""EventType"">SetValue</Data>
    <Data Name=""UtcTime"">2023-12-19 21:40:13.515</Data>
    <Data Name=""ProcessGuid"">{f57bd86a-0db8-6582-d405-000000000b00}</Data>
    <Data Name=""ProcessId"">3276</Data>
    <Data Name=""Image"">C:\Windows\system32\compattelrunner.exe</Data>
    <Data Name=""TargetObject"">\REGISTRY\A\{bd75d637-a777-f887-435f-6fd9b1f1f54b}\Root\InventoryApplicationFile\testhost.exe|f5484fdef4702660\LinkDate</Data>
    <Data Name=""Details"">11/18/2020 22:49:10</Data>
    <Data Name=""User"">NT AUTHORITY\SYSTEM</Data>
  </EventData>
</Event>
"
Microsoft-Windows-Sysmon/Operational,,,WinDev2309Eval,,,,,,,,,microsoft corporation,13,3203,SetValue,,,C:\Windows\system32\compattelrunner.exe,,,0x8000000000000000,4,,,,,0,,,,,,,{f57bd86a-0db8-6582-d405-000000000b00},10484,3276.0,,,,,,InvDB-Pub,,,,,,,,,,,,,2023-12-19T21:40:13.5179824Z,,,\REGISTRY\A\{bd75d637-a777-f887-435f-6fd9b1f1f54b}\Root\InventoryApplicationFile\testhost.exe|f5484fdef4702660\Publisher,,,,13,,10592,NT AUTHORITY\SYSTEM,S-1-5-18,40:13.5,2.0,"<Event xmlns=""http://schemas.microsoft.com/win/2004/08/events/event"">
  <System>
    <Provider Name=""Microsoft-Windows-Sysmon"" Guid=""{5770385f-c22a-43e0-bf4c-06f5698ffbd9}""/>
    <EventID>13</EventID>
    <Version>2</Version>
    <Level>4</Level>
    <Task>13</Task>
    <Opcode>0</Opcode>
    <Keywords>0x8000000000000000</Keywords>
    <TimeCreated SystemTime=""2023-12-19T21:40:13.5179824Z""/>
    <EventRecordID>3203</EventRecordID>
    <Correlation/>
    <Execution ProcessID=""10484"" ThreadID=""10592""/>
    <Channel>Microsoft-Windows-Sysmon/Operational</Channel>
    <Computer>WinDev2309Eval</Computer>
    <Security UserID=""S-1-5-18""/>
  </System>
  <EventData>
    <Data Name=""RuleName"">InvDB-Pub</Data>
    <Data Name=""EventType"">SetValue</Data>
    <Data Name=""UtcTime"">2023-12-19 21:40:13.515</Data>
    <Data Name=""ProcessGuid"">{f57bd86a-0db8-6582-d405-000000000b00}</Data>
    <Data Name=""ProcessId"">3276</Data>
    <Data Name=""Image"">C:\Windows\system32\compattelrunner.exe</Data>
    <Data Name=""TargetObject"">\REGISTRY\A\{bd75d637-a777-f887-435f-6fd9b1f1f54b}\Root\InventoryApplicationFile\testhost.exe|f5484fdef4702660\Publisher</Data>
    <Data Name=""Details"">microsoft corporation</Data>
    <Data Name=""User"">NT AUTHORITY\SYSTEM</Data>
  </EventData>
</Event>
"
Microsoft-Windows-Sysmon/Operational,,,WinDev2309Eval,,,,,,,,,c:\program files (x86)\microsoft sdks\nugetpackages\microsoft.testplatform.testhost\16.11.0\build\netcoreapp2.1\x64\testhost.exe,13,3202,SetValue,,,C:\Windows\system32\compattelrunner.exe,,,0x8000000000000000,4,,,,,0,,,,,,,{f57bd86a-0db8-6582-d405-000000000b00},10484,3276.0,,,,,,InvDB-Path,,,,,,,,,,,,,2023-12-19T21:40:13.5177219Z,,,\REGISTRY\A\{bd75d637-a777-f887-435f-6fd9b1f1f54b}\Root\InventoryApplicationFile\testhost.exe|f5484fdef4702660\LowerCaseLongPath,,,,13,,10592,NT AUTHORITY\SYSTEM,S-1-5-18,40:13.5,2.0,"<Event xmlns=""http://schemas.microsoft.com/win/2004/08/events/event"">
  <System>
    <Provider Name=""Microsoft-Windows-Sysmon"" Guid=""{5770385f-c22a-43e0-bf4c-06f5698ffbd9}""/>
    <EventID>13</EventID>
    <Version>2</Version>
    <Level>4</Level>
    <Task>13</Task>
    <Opcode>0</Opcode>
    <Keywords>0x8000000000000000</Keywords>
    <TimeCreated SystemTime=""2023-12-19T21:40:13.5177219Z""/>
    <EventRecordID>3202</EventRecordID>
    <Correlation/>
    <Execution ProcessID=""10484"" ThreadID=""10592""/>
    <Channel>Microsoft-Windows-Sysmon/Operational</Channel>
    <Computer>WinDev2309Eval</Computer>
    <Security UserID=""S-1-5-18""/>
  </System>
  <EventData>
    <Data Name=""RuleName"">InvDB-Path</Data>
    <Data Name=""EventType"">SetValue</Data>
    <Data Name=""UtcTime"">2023-12-19 21:40:13.515</Data>
    <Data Name=""ProcessGuid"">{f57bd86a-0db8-6582-d405-000000000b00}</Data>
    <Data Name=""ProcessId"">3276</Data>
    <Data Name=""Image"">C:\Windows\system32\compattelrunner.exe</Data>
    <Data Name=""TargetObject"">\REGISTRY\A\{bd75d637-a777-f887-435f-6fd9b1f1f54b}\Root\InventoryApplicationFile\testhost.exe|f5484fdef4702660\LowerCaseLongPath</Data>
    <Data Name=""Details"">c:\program files (x86)\microsoft sdks\nugetpackages\microsoft.testplatform.testhost\16.11.0\build\netcoreapp2.1\x64\testhost.exe</Data>
    <Data Name=""User"">NT AUTHORITY\SYSTEM</Data>
  </EventData>
</Event>
"
Microsoft-Windows-Sysmon/Operational,,,WinDev2309Eval,,,,,,,,,1.0.1.4500,13,3201,SetValue,,,C:\Windows\system32\compattelrunner.exe,,,0x8000000000000000,4,,,,,0,,,,,,,{f57bd86a-0db8-6582-d405-000000000b00},10484,3276.0,,,,,,InvDB-Ver,,,,,,,,,,,,,2023-12-19T21:40:13.5131345Z,,,\REGISTRY\A\{bd75d637-a777-f887-435f-6fd9b1f1f54b}\Root\InventoryApplicationFile\testhost.exe|b0c93551079c01ee\BinProductVersion,,,,13,,10592,NT AUTHORITY\SYSTEM,S-1-5-18,40:13.5,2.0,"<Event xmlns=""http://schemas.microsoft.com/win/2004/08/events/event"">
  <System>
    <Provider Name=""Microsoft-Windows-Sysmon"" Guid=""{5770385f-c22a-43e0-bf4c-06f5698ffbd9}""/>
    <EventID>13</EventID>
    <Version>2</Version>
    <Level>4</Level>
    <Task>13</Task>
    <Opcode>0</Opcode>
    <Keywords>0x8000000000000000</Keywords>
    <TimeCreated SystemTime=""2023-12-19T21:40:13.5131345Z""/>
    <EventRecordID>3201</EventRecordID>
    <Correlation/>
    <Execution ProcessID=""10484"" ThreadID=""10592""/>
    <Channel>Microsoft-Windows-Sysmon/Operational</Channel>
    <Computer>WinDev2309Eval</Computer>
    <Security UserID=""S-1-5-18""/>
  </System>
  <EventData>
    <Data Name=""RuleName"">InvDB-Ver</Data>
    <Data Name=""EventType"">SetValue</Data>
    <Data Name=""UtcTime"">2023-12-19 21:40:13.499</Data>
    <Data Name=""ProcessGuid"">{f57bd86a-0db8-6582-d405-000000000b00}</Data>
    <Data Name=""ProcessId"">3276</Data>
    <Data Name=""Image"">C:\Windows\system32\compattelrunner.exe</Data>
    <Data Name=""TargetObject"">\REGISTRY\A\{bd75d637-a777-f887-435f-6fd9b1f1f54b}\Root\InventoryApplicationFile\testhost.exe|b0c93551079c01ee\BinProductVersion</Data>
    <Data Name=""Details"">1.0.1.4500</Data>
    <Data Name=""User"">NT AUTHORITY\SYSTEM</Data>
  </EventData>
</Event>
"
Microsoft-Windows-Sysmon/Operational,,,WinDev2309Eval,,,,,,,,,6/16/2016 3:11,13,3200,SetValue,,,C:\Windows\system32\compattelrunner.exe,,,0x8000000000000000,4,,,,,0,,,,,,,{f57bd86a-0db8-6582-d405-000000000b00},10484,3276.0,,,,,,InvDB-CompileTimeClaim,,,,,,,,,,,,,2023-12-19T21:40:13.5130788Z,,,\REGISTRY\A\{bd75d637-a777-f887-435f-6fd9b1f1f54b}\Root\InventoryApplicationFile\testhost.exe|b0c93551079c01ee\LinkDate,,,,13,,10592,NT AUTHORITY\SYSTEM,S-1-5-18,40:13.5,2.0,"<Event xmlns=""http://schemas.microsoft.com/win/2004/08/events/event"">
  <System>
    <Provider Name=""Microsoft-Windows-Sysmon"" Guid=""{5770385f-c22a-43e0-bf4c-06f5698ffbd9}""/>
    <EventID>13</EventID>
    <Version>2</Version>
    <Level>4</Level>
    <Task>13</Task>
    <Opcode>0</Opcode>
    <Keywords>0x8000000000000000</Keywords>
    <TimeCreated SystemTime=""2023-12-19T21:40:13.5130788Z""/>
    <EventRecordID>3200</EventRecordID>
    <Correlation/>
    <Execution ProcessID=""10484"" ThreadID=""10592""/>
    <Channel>Microsoft-Windows-Sysmon/Operational</Channel>
    <Computer>WinDev2309Eval</Computer>
    <Security UserID=""S-1-5-18""/>
  </System>
  <EventData>
    <Data Name=""RuleName"">InvDB-CompileTimeClaim</Data>
    <Data Name=""EventType"">SetValue</Data>
    <Data Name=""UtcTime"">2023-12-19 21:40:13.499</Data>
    <Data Name=""ProcessGuid"">{f57bd86a-0db8-6582-d405-000000000b00}</Data>
    <Data Name=""ProcessId"">3276</Data>
    <Data Name=""Image"">C:\Windows\system32\compattelrunner.exe</Data>
    <Data Name=""TargetObject"">\REGISTRY\A\{bd75d637-a777-f887-435f-6fd9b1f1f54b}\Root\InventoryApplicationFile\testhost.exe|b0c93551079c01ee\LinkDate</Data>
    <Data Name=""Details"">06/16/2016 03:11:14</Data>
    <Data Name=""User"">NT AUTHORITY\SYSTEM</Data>
  </EventData>
</Event>
"
Microsoft-Windows-Sysmon/Operational,,,WinDev2309Eval,,,,,,,,,microsoft corporation,13,3199,SetValue,,,C:\Windows\system32\compattelrunner.exe,,,0x8000000000000000,4,,,,,0,,,,,,,{f57bd86a-0db8-6582-d405-000000000b00},10484,3276.0,,,,,,InvDB-Pub,,,,,,,,,,,,,2023-12-19T21:40:13.5127625Z,,,\REGISTRY\A\{bd75d637-a777-f887-435f-6fd9b1f1f54b}\Root\InventoryApplicationFile\testhost.exe|b0c93551079c01ee\Publisher,,,,13,,10592,NT AUTHORITY\SYSTEM,S-1-5-18,40:13.5,2.0,"<Event xmlns=""http://schemas.microsoft.com/win/2004/08/events/event"">
  <System>
    <Provider Name=""Microsoft-Windows-Sysmon"" Guid=""{5770385f-c22a-43e0-bf4c-06f5698ffbd9}""/>
    <EventID>13</EventID>
    <Version>2</Version>
    <Level>4</Level>
    <Task>13</Task>
    <Opcode>0</Opcode>
    <Keywords>0x8000000000000000</Keywords>
    <TimeCreated SystemTime=""2023-12-19T21:40:13.5127625Z""/>
    <EventRecordID>3199</EventRecordID>
    <Correlation/>
    <Execution ProcessID=""10484"" ThreadID=""10592""/>
    <Channel>Microsoft-Windows-Sysmon/Operational</Channel>
    <Computer>WinDev2309Eval</Computer>
    <Security UserID=""S-1-5-18""/>
  </System>
  <EventData>
    <Data Name=""RuleName"">InvDB-Pub</Data>
    <Data Name=""EventType"">SetValue</Data>
    <Data Name=""UtcTime"">2023-12-19 21:40:13.499</Data>
    <Data Name=""ProcessGuid"">{f57bd86a-0db8-6582-d405-000000000b00}</Data>
    <Data Name=""ProcessId"">3276</Data>
    <Data Name=""Image"">C:\Windows\system32\compattelrunner.exe</Data>
    <Data Name=""TargetObject"">\REGISTRY\A\{bd75d637-a777-f887-435f-6fd9b1f1f54b}\Root\InventoryApplicationFile\testhost.exe|b0c93551079c01ee\Publisher</Data>
    <Data Name=""Details"">microsoft corporation</Data>
    <Data Name=""User"">NT AUTHORITY\SYSTEM</Data>
  </EventData>
</Event>
"
Microsoft-Windows-Sysmon/Operational,,,WinDev2309Eval,,,,,,,,,c:\program files (x86)\microsoft sdks\nugetpackages\microsoft.testplatform.testhost\16.11.0\build\netcoreapp1.0\x64\testhost.exe,13,3198,SetValue,,,C:\Windows\system32\compattelrunner.exe,,,0x8000000000000000,4,,,,,0,,,,,,,{f57bd86a-0db8-6582-d405-000000000b00},10484,3276.0,,,,,,InvDB-Path,,,,,,,,,,,,,2023-12-19T21:40:13.5126025Z,,,\REGISTRY\A\{bd75d637-a777-f887-435f-6fd9b1f1f54b}\Root\InventoryApplicationFile\testhost.exe|b0c93551079c01ee\LowerCaseLongPath,,,,13,,10592,NT AUTHORITY\SYSTEM,S-1-5-18,40:13.5,2.0,"<Event xmlns=""http://schemas.microsoft.com/win/2004/08/events/event"">
  <System>
    <Provider Name=""Microsoft-Windows-Sysmon"" Guid=""{5770385f-c22a-43e0-bf4c-06f5698ffbd9}""/>
    <EventID>13</EventID>
    <Version>2</Version>
    <Level>4</Level>
    <Task>13</Task>
    <Opcode>0</Opcode>
    <Keywords>0x8000000000000000</Keywords>
    <TimeCreated SystemTime=""2023-12-19T21:40:13.5126025Z""/>
    <EventRecordID>3198</EventRecordID>
    <Correlation/>
    <Execution ProcessID=""10484"" ThreadID=""10592""/>
    <Channel>Microsoft-Windows-Sysmon/Operational</Channel>
    <Computer>WinDev2309Eval</Computer>
    <Security UserID=""S-1-5-18""/>
  </System>
  <EventData>
    <Data Name=""RuleName"">InvDB-Path</Data>
    <Data Name=""EventType"">SetValue</Data>
    <Data Name=""UtcTime"">2023-12-19 21:40:13.499</Data>
    <Data Name=""ProcessGuid"">{f57bd86a-0db8-6582-d405-000000000b00}</Data>
    <Data Name=""ProcessId"">3276</Data>
    <Data Name=""Image"">C:\Windows\system32\compattelrunner.exe</Data>
    <Data Name=""TargetObject"">\REGISTRY\A\{bd75d637-a777-f887-435f-6fd9b1f1f54b}\Root\InventoryApplicationFile\testhost.exe|b0c93551079c01ee\LowerCaseLongPath</Data>
    <Data Name=""Details"">c:\program files (x86)\microsoft sdks\nugetpackages\microsoft.testplatform.testhost\16.11.0\build\netcoreapp1.0\x64\testhost.exe</Data>
    <Data Name=""User"">NT AUTHORITY\SYSTEM</Data>
  </EventData>
</Event>
"
