Channel,CommandLine,Company,Computer,CreationUtcTime,CurrentDirectory,Description,DestinationHostname,DestinationIp,DestinationIsIpv6,DestinationPort,DestinationPortName,Details,EventID,EventRecordID,EventType,FileVersion,Hashes,Image,Initiated,IntegrityLevel,Keywords,Level,LogonGuid,LogonId,Message,NewThreadId,Opcode,OriginalFileName,ParentCommandLine,ParentImage,ParentProcessGuid,ParentProcessId,ParentUser,ProcessGuid,ProcessID,ProcessId,Product,Protocol,QueryName,QueryResults,QueryStatus,RuleName,SourceHostname,SourceImage,SourceIp,SourceIsIpv6,SourcePort,SourcePortName,SourceProcessGuid,SourceProcessId,SourceUser,StartAddress,StartFunction,StartModule,SystemTime,TargetFilename,TargetImage,TargetObject,TargetProcessGuid,TargetProcessId,TargetUser,Task,TerminalSessionId,ThreadID,User,UserID,UtcTime,Version,raw
Microsoft-Windows-Sysmon/Operational,,,WinDev2309Eval,,,,,,,,,10.0.22621.608,13,249,SetValue,,,C:\Windows\system32\compattelrunner.exe,,,0x8000000000000000,4,,,,,0,,,,,,,{f57bd86a-01ad-6582-b102-000000000b00},10484,9832.0,,,,,,InvDB-DriverVer,,,,,,,,,,,,,2023-12-19T20:48:52.4264964Z,,,\REGISTRY\A\{bd75d637-a777-f887-435f-6fd9b1f1f54b}\Root\InventoryDriverBinary\c:/windows/system32/drivers/fsdepends.sys\DriverVersion,,,,13,,10592,NT AUTHORITY\SYSTEM,S-1-5-18,48:52.4,2.0,"<Event xmlns=""http://schemas.microsoft.com/win/2004/08/events/event"">
  <System>
    <Provider Name=""Microsoft-Windows-Sysmon"" Guid=""{5770385f-c22a-43e0-bf4c-06f5698ffbd9}""/>
    <EventID>13</EventID>
    <Version>2</Version>
    <Level>4</Level>
    <Task>13</Task>
    <Opcode>0</Opcode>
    <Keywords>0x8000000000000000</Keywords>
    <TimeCreated SystemTime=""2023-12-19T20:48:52.4264964Z""/>
    <EventRecordID>249</EventRecordID>
    <Correlation/>
    <Execution ProcessID=""10484"" ThreadID=""10592""/>
    <Channel>Microsoft-Windows-Sysmon/Operational</Channel>
    <Computer>WinDev2309Eval</Computer>
    <Security UserID=""S-1-5-18""/>
  </System>
  <EventData>
    <Data Name=""RuleName"">InvDB-DriverVer</Data>
    <Data Name=""EventType"">SetValue</Data>
    <Data Name=""UtcTime"">2023-12-19 20:48:52.422</Data>
    <Data Name=""ProcessGuid"">{f57bd86a-01ad-6582-b102-000000000b00}</Data>
    <Data Name=""ProcessId"">9832</Data>
    <Data Name=""Image"">C:\Windows\system32\compattelrunner.exe</Data>
    <Data Name=""TargetObject"">\REGISTRY\A\{bd75d637-a777-f887-435f-6fd9b1f1f54b}\Root\InventoryDriverBinary\c:/windows/system32/drivers/fsdepends.sys\DriverVersion</Data>
    <Data Name=""Details"">10.0.22621.608</Data>
    <Data Name=""User"">NT AUTHORITY\SYSTEM</Data>
  </EventData>
</Event>
"
Microsoft-Windows-Sysmon/Operational,,,WinDev2309Eval,,,,,,,,,10.0.22621.608,13,248,SetValue,,,C:\Windows\system32\compattelrunner.exe,,,0x8000000000000000,4,,,,,0,,,,,,,{f57bd86a-01ad-6582-b102-000000000b00},10484,9832.0,,,,,,InvDB-DriverVer,,,,,,,,,,,,,2023-12-19T20:48:52.4200272Z,,,\REGISTRY\A\{bd75d637-a777-f887-435f-6fd9b1f1f54b}\Root\InventoryDriverBinary\c:/windows/system32/drivers/fltmgr.sys\DriverVersion,,,,13,,10592,NT AUTHORITY\SYSTEM,S-1-5-18,48:52.4,2.0,"<Event xmlns=""http://schemas.microsoft.com/win/2004/08/events/event"">
  <System>
    <Provider Name=""Microsoft-Windows-Sysmon"" Guid=""{5770385f-c22a-43e0-bf4c-06f5698ffbd9}""/>
    <EventID>13</EventID>
    <Version>2</Version>
    <Level>4</Level>
    <Task>13</Task>
    <Opcode>0</Opcode>
    <Keywords>0x8000000000000000</Keywords>
    <TimeCreated SystemTime=""2023-12-19T20:48:52.4200272Z""/>
    <EventRecordID>248</EventRecordID>
    <Correlation/>
    <Execution ProcessID=""10484"" ThreadID=""10592""/>
    <Channel>Microsoft-Windows-Sysmon/Operational</Channel>
    <Computer>WinDev2309Eval</Computer>
    <Security UserID=""S-1-5-18""/>
  </System>
  <EventData>
    <Data Name=""RuleName"">InvDB-DriverVer</Data>
    <Data Name=""EventType"">SetValue</Data>
    <Data Name=""UtcTime"">2023-12-19 20:48:52.407</Data>
    <Data Name=""ProcessGuid"">{f57bd86a-01ad-6582-b102-000000000b00}</Data>
    <Data Name=""ProcessId"">9832</Data>
    <Data Name=""Image"">C:\Windows\system32\compattelrunner.exe</Data>
    <Data Name=""TargetObject"">\REGISTRY\A\{bd75d637-a777-f887-435f-6fd9b1f1f54b}\Root\InventoryDriverBinary\c:/windows/system32/drivers/fltmgr.sys\DriverVersion</Data>
    <Data Name=""Details"">10.0.22621.608</Data>
    <Data Name=""User"">NT AUTHORITY\SYSTEM</Data>
  </EventData>
</Event>
"
Microsoft-Windows-Sysmon/Operational,,,WinDev2309Eval,,,,,,,,,10.0.22621.1,13,247,SetValue,,,C:\Windows\system32\compattelrunner.exe,,,0x8000000000000000,4,,,,,0,,,,,,,{f57bd86a-01ad-6582-b102-000000000b00},10484,9832.0,,,,,,InvDB-DriverVer,,,,,,,,,,,,,2023-12-19T20:48:52.4079926Z,,,\REGISTRY\A\{bd75d637-a777-f887-435f-6fd9b1f1f54b}\Root\InventoryDriverBinary\c:/windows/system32/drivers/flpydisk.sys\DriverVersion,,,,13,,10592,NT AUTHORITY\SYSTEM,S-1-5-18,48:52.4,2.0,"<Event xmlns=""http://schemas.microsoft.com/win/2004/08/events/event"">
  <System>
    <Provider Name=""Microsoft-Windows-Sysmon"" Guid=""{5770385f-c22a-43e0-bf4c-06f5698ffbd9}""/>
    <EventID>13</EventID>
    <Version>2</Version>
    <Level>4</Level>
    <Task>13</Task>
    <Opcode>0</Opcode>
    <Keywords>0x8000000000000000</Keywords>
    <TimeCreated SystemTime=""2023-12-19T20:48:52.4079926Z""/>
    <EventRecordID>247</EventRecordID>
    <Correlation/>
    <Execution ProcessID=""10484"" ThreadID=""10592""/>
    <Channel>Microsoft-Windows-Sysmon/Operational</Channel>
    <Computer>WinDev2309Eval</Computer>
    <Security UserID=""S-1-5-18""/>
  </System>
  <EventData>
    <Data Name=""RuleName"">InvDB-DriverVer</Data>
    <Data Name=""EventType"">SetValue</Data>
    <Data Name=""UtcTime"">2023-12-19 20:48:52.407</Data>
    <Data Name=""ProcessGuid"">{f57bd86a-01ad-6582-b102-000000000b00}</Data>
    <Data Name=""ProcessId"">9832</Data>
    <Data Name=""Image"">C:\Windows\system32\compattelrunner.exe</Data>
    <Data Name=""TargetObject"">\REGISTRY\A\{bd75d637-a777-f887-435f-6fd9b1f1f54b}\Root\InventoryDriverBinary\c:/windows/system32/drivers/flpydisk.sys\DriverVersion</Data>
    <Data Name=""Details"">10.0.22621.1</Data>
    <Data Name=""User"">NT AUTHORITY\SYSTEM</Data>
  </EventData>
</Event>
"
Microsoft-Windows-Sysmon/Operational,,,WinDev2309Eval,,,,,,,,,10.0.22621.1,13,246,SetValue,,,C:\Windows\system32\compattelrunner.exe,,,0x8000000000000000,4,,,,,0,,,,,,,{f57bd86a-01ad-6582-b102-000000000b00},10484,9832.0,,,,,,InvDB-DriverVer,,,,,,,,,,,,,2023-12-19T20:48:52.4020685Z,,,\REGISTRY\A\{bd75d637-a777-f887-435f-6fd9b1f1f54b}\Root\InventoryDriverBinary\c:/windows/system32/drivers/filetrace.sys\DriverVersion,,,,13,,10592,NT AUTHORITY\SYSTEM,S-1-5-18,48:52.4,2.0,"<Event xmlns=""http://schemas.microsoft.com/win/2004/08/events/event"">
  <System>
    <Provider Name=""Microsoft-Windows-Sysmon"" Guid=""{5770385f-c22a-43e0-bf4c-06f5698ffbd9}""/>
    <EventID>13</EventID>
    <Version>2</Version>
    <Level>4</Level>
    <Task>13</Task>
    <Opcode>0</Opcode>
    <Keywords>0x8000000000000000</Keywords>
    <TimeCreated SystemTime=""2023-12-19T20:48:52.4020685Z""/>
    <EventRecordID>246</EventRecordID>
    <Correlation/>
    <Execution ProcessID=""10484"" ThreadID=""10592""/>
    <Channel>Microsoft-Windows-Sysmon/Operational</Channel>
    <Computer>WinDev2309Eval</Computer>
    <Security UserID=""S-1-5-18""/>
  </System>
  <EventData>
    <Data Name=""RuleName"">InvDB-DriverVer</Data>
    <Data Name=""EventType"">SetValue</Data>
    <Data Name=""UtcTime"">2023-12-19 20:48:52.391</Data>
    <Data Name=""ProcessGuid"">{f57bd86a-01ad-6582-b102-000000000b00}</Data>
    <Data Name=""ProcessId"">9832</Data>
    <Data Name=""Image"">C:\Windows\system32\compattelrunner.exe</Data>
    <Data Name=""TargetObject"">\REGISTRY\A\{bd75d637-a777-f887-435f-6fd9b1f1f54b}\Root\InventoryDriverBinary\c:/windows/system32/drivers/filetrace.sys\DriverVersion</Data>
    <Data Name=""Details"">10.0.22621.1</Data>
    <Data Name=""User"">NT AUTHORITY\SYSTEM</Data>
  </EventData>
</Event>
"
Microsoft-Windows-Sysmon/Operational,,,WinDev2309Eval,,,,,,,,,10.0.22621.1,13,245,SetValue,,,C:\Windows\system32\compattelrunner.exe,,,0x8000000000000000,4,,,,,0,,,,,,,{f57bd86a-01ad-6582-b102-000000000b00},10484,9832.0,,,,,,InvDB-DriverVer,,,,,,,,,,,,,2023-12-19T20:48:52.3952324Z,,,\REGISTRY\A\{bd75d637-a777-f887-435f-6fd9b1f1f54b}\Root\InventoryDriverBinary\c:/windows/system32/drivers/fileinfo.sys\DriverVersion,,,,13,,10592,NT AUTHORITY\SYSTEM,S-1-5-18,48:52.4,2.0,"<Event xmlns=""http://schemas.microsoft.com/win/2004/08/events/event"">
  <System>
    <Provider Name=""Microsoft-Windows-Sysmon"" Guid=""{5770385f-c22a-43e0-bf4c-06f5698ffbd9}""/>
    <EventID>13</EventID>
    <Version>2</Version>
    <Level>4</Level>
    <Task>13</Task>
    <Opcode>0</Opcode>
    <Keywords>0x8000000000000000</Keywords>
    <TimeCreated SystemTime=""2023-12-19T20:48:52.3952324Z""/>
    <EventRecordID>245</EventRecordID>
    <Correlation/>
    <Execution ProcessID=""10484"" ThreadID=""10592""/>
    <Channel>Microsoft-Windows-Sysmon/Operational</Channel>
    <Computer>WinDev2309Eval</Computer>
    <Security UserID=""S-1-5-18""/>
  </System>
  <EventData>
    <Data Name=""RuleName"">InvDB-DriverVer</Data>
    <Data Name=""EventType"">SetValue</Data>
    <Data Name=""UtcTime"">2023-12-19 20:48:52.391</Data>
    <Data Name=""ProcessGuid"">{f57bd86a-01ad-6582-b102-000000000b00}</Data>
    <Data Name=""ProcessId"">9832</Data>
    <Data Name=""Image"">C:\Windows\system32\compattelrunner.exe</Data>
    <Data Name=""TargetObject"">\REGISTRY\A\{bd75d637-a777-f887-435f-6fd9b1f1f54b}\Root\InventoryDriverBinary\c:/windows/system32/drivers/fileinfo.sys\DriverVersion</Data>
    <Data Name=""Details"">10.0.22621.1</Data>
    <Data Name=""User"">NT AUTHORITY\SYSTEM</Data>
  </EventData>
</Event>
"
Microsoft-Windows-Sysmon/Operational,,,WinDev2309Eval,,,,,,,,,10.0.22621.1,13,244,SetValue,,,C:\Windows\system32\compattelrunner.exe,,,0x8000000000000000,4,,,,,0,,,,,,,{f57bd86a-01ad-6582-b102-000000000b00},10484,9832.0,,,,,,InvDB-DriverVer,,,,,,,,,,,,,2023-12-19T20:48:52.3810059Z,,,\REGISTRY\A\{bd75d637-a777-f887-435f-6fd9b1f1f54b}\Root\InventoryDriverBinary\c:/windows/system32/drivers/filecrypt.sys\DriverVersion,,,,13,,10592,NT AUTHORITY\SYSTEM,S-1-5-18,48:52.4,2.0,"<Event xmlns=""http://schemas.microsoft.com/win/2004/08/events/event"">
  <System>
    <Provider Name=""Microsoft-Windows-Sysmon"" Guid=""{5770385f-c22a-43e0-bf4c-06f5698ffbd9}""/>
    <EventID>13</EventID>
    <Version>2</Version>
    <Level>4</Level>
    <Task>13</Task>
    <Opcode>0</Opcode>
    <Keywords>0x8000000000000000</Keywords>
    <TimeCreated SystemTime=""2023-12-19T20:48:52.3810059Z""/>
    <EventRecordID>244</EventRecordID>
    <Correlation/>
    <Execution ProcessID=""10484"" ThreadID=""10592""/>
    <Channel>Microsoft-Windows-Sysmon/Operational</Channel>
    <Computer>WinDev2309Eval</Computer>
    <Security UserID=""S-1-5-18""/>
  </System>
  <EventData>
    <Data Name=""RuleName"">InvDB-DriverVer</Data>
    <Data Name=""EventType"">SetValue</Data>
    <Data Name=""UtcTime"">2023-12-19 20:48:52.375</Data>
    <Data Name=""ProcessGuid"">{f57bd86a-01ad-6582-b102-000000000b00}</Data>
    <Data Name=""ProcessId"">9832</Data>
    <Data Name=""Image"">C:\Windows\system32\compattelrunner.exe</Data>
    <Data Name=""TargetObject"">\REGISTRY\A\{bd75d637-a777-f887-435f-6fd9b1f1f54b}\Root\InventoryDriverBinary\c:/windows/system32/drivers/filecrypt.sys\DriverVersion</Data>
    <Data Name=""Details"">10.0.22621.1</Data>
    <Data Name=""User"">NT AUTHORITY\SYSTEM</Data>
  </EventData>
</Event>
"
Microsoft-Windows-Sysmon/Operational,,,WinDev2309Eval,,,,,,,,,10.0.22621.1,13,243,SetValue,,,C:\Windows\system32\compattelrunner.exe,,,0x8000000000000000,4,,,,,0,,,,,,,{f57bd86a-01ad-6582-b102-000000000b00},10484,9832.0,,,,,,InvDB-DriverVer,,,,,,,,,,,,,2023-12-19T20:48:52.3748692Z,,,\REGISTRY\A\{bd75d637-a777-f887-435f-6fd9b1f1f54b}\Root\InventoryDriverBinary\c:/windows/system32/drivers/fdc.sys\DriverVersion,,,,13,,10592,NT AUTHORITY\SYSTEM,S-1-5-18,48:52.4,2.0,"<Event xmlns=""http://schemas.microsoft.com/win/2004/08/events/event"">
  <System>
    <Provider Name=""Microsoft-Windows-Sysmon"" Guid=""{5770385f-c22a-43e0-bf4c-06f5698ffbd9}""/>
    <EventID>13</EventID>
    <Version>2</Version>
    <Level>4</Level>
    <Task>13</Task>
    <Opcode>0</Opcode>
    <Keywords>0x8000000000000000</Keywords>
    <TimeCreated SystemTime=""2023-12-19T20:48:52.3748692Z""/>
    <EventRecordID>243</EventRecordID>
    <Correlation/>
    <Execution ProcessID=""10484"" ThreadID=""10592""/>
    <Channel>Microsoft-Windows-Sysmon/Operational</Channel>
    <Computer>WinDev2309Eval</Computer>
    <Security UserID=""S-1-5-18""/>
  </System>
  <EventData>
    <Data Name=""RuleName"">InvDB-DriverVer</Data>
    <Data Name=""EventType"">SetValue</Data>
    <Data Name=""UtcTime"">2023-12-19 20:48:52.360</Data>
    <Data Name=""ProcessGuid"">{f57bd86a-01ad-6582-b102-000000000b00}</Data>
    <Data Name=""ProcessId"">9832</Data>
    <Data Name=""Image"">C:\Windows\system32\compattelrunner.exe</Data>
    <Data Name=""TargetObject"">\REGISTRY\A\{bd75d637-a777-f887-435f-6fd9b1f1f54b}\Root\InventoryDriverBinary\c:/windows/system32/drivers/fdc.sys\DriverVersion</Data>
    <Data Name=""Details"">10.0.22621.1</Data>
    <Data Name=""User"">NT AUTHORITY\SYSTEM</Data>
  </EventData>
</Event>
"
Microsoft-Windows-Sysmon/Operational,,,WinDev2309Eval,,,,,,,,,10.0.22621.608,13,242,SetValue,,,C:\Windows\system32\compattelrunner.exe,,,0x8000000000000000,4,,,,,0,,,,,,,{f57bd86a-01ad-6582-b102-000000000b00},10484,9832.0,,,,,,InvDB-DriverVer,,,,,,,,,,,,,2023-12-19T20:48:52.3685794Z,,,\REGISTRY\A\{bd75d637-a777-f887-435f-6fd9b1f1f54b}\Root\InventoryDriverBinary\c:/windows/system32/drivers/executioncontext.sys\DriverVersion,,,,13,,10592,NT AUTHORITY\SYSTEM,S-1-5-18,48:52.4,2.0,"<Event xmlns=""http://schemas.microsoft.com/win/2004/08/events/event"">
  <System>
    <Provider Name=""Microsoft-Windows-Sysmon"" Guid=""{5770385f-c22a-43e0-bf4c-06f5698ffbd9}""/>
    <EventID>13</EventID>
    <Version>2</Version>
    <Level>4</Level>
    <Task>13</Task>
    <Opcode>0</Opcode>
    <Keywords>0x8000000000000000</Keywords>
    <TimeCreated SystemTime=""2023-12-19T20:48:52.3685794Z""/>
    <EventRecordID>242</EventRecordID>
    <Correlation/>
    <Execution ProcessID=""10484"" ThreadID=""10592""/>
    <Channel>Microsoft-Windows-Sysmon/Operational</Channel>
    <Computer>WinDev2309Eval</Computer>
    <Security UserID=""S-1-5-18""/>
  </System>
  <EventData>
    <Data Name=""RuleName"">InvDB-DriverVer</Data>
    <Data Name=""EventType"">SetValue</Data>
    <Data Name=""UtcTime"">2023-12-19 20:48:52.360</Data>
    <Data Name=""ProcessGuid"">{f57bd86a-01ad-6582-b102-000000000b00}</Data>
    <Data Name=""ProcessId"">9832</Data>
    <Data Name=""Image"">C:\Windows\system32\compattelrunner.exe</Data>
    <Data Name=""TargetObject"">\REGISTRY\A\{bd75d637-a777-f887-435f-6fd9b1f1f54b}\Root\InventoryDriverBinary\c:/windows/system32/drivers/executioncontext.sys\DriverVersion</Data>
    <Data Name=""Details"">10.0.22621.608</Data>
    <Data Name=""User"">NT AUTHORITY\SYSTEM</Data>
  </EventData>
</Event>
"
Microsoft-Windows-Sysmon/Operational,,,WinDev2309Eval,,,,,,,,,10.0.22621.1,13,241,SetValue,,,C:\Windows\system32\compattelrunner.exe,,,0x8000000000000000,4,,,,,0,,,,,,,{f57bd86a-01ad-6582-b102-000000000b00},10484,9832.0,,,,,,InvDB-DriverVer,,,,,,,,,,,,,2023-12-19T20:48:52.3547588Z,,,\REGISTRY\A\{bd75d637-a777-f887-435f-6fd9b1f1f54b}\Root\InventoryDriverBinary\c:/windows/system32/drivers/errdev.sys\DriverVersion,,,,13,,10592,NT AUTHORITY\SYSTEM,S-1-5-18,48:52.3,2.0,"<Event xmlns=""http://schemas.microsoft.com/win/2004/08/events/event"">
  <System>
    <Provider Name=""Microsoft-Windows-Sysmon"" Guid=""{5770385f-c22a-43e0-bf4c-06f5698ffbd9}""/>
    <EventID>13</EventID>
    <Version>2</Version>
    <Level>4</Level>
    <Task>13</Task>
    <Opcode>0</Opcode>
    <Keywords>0x8000000000000000</Keywords>
    <TimeCreated SystemTime=""2023-12-19T20:48:52.3547588Z""/>
    <EventRecordID>241</EventRecordID>
    <Correlation/>
    <Execution ProcessID=""10484"" ThreadID=""10592""/>
    <Channel>Microsoft-Windows-Sysmon/Operational</Channel>
    <Computer>WinDev2309Eval</Computer>
    <Security UserID=""S-1-5-18""/>
  </System>
  <EventData>
    <Data Name=""RuleName"">InvDB-DriverVer</Data>
    <Data Name=""EventType"">SetValue</Data>
    <Data Name=""UtcTime"">2023-12-19 20:48:52.344</Data>
    <Data Name=""ProcessGuid"">{f57bd86a-01ad-6582-b102-000000000b00}</Data>
    <Data Name=""ProcessId"">9832</Data>
    <Data Name=""Image"">C:\Windows\system32\compattelrunner.exe</Data>
    <Data Name=""TargetObject"">\REGISTRY\A\{bd75d637-a777-f887-435f-6fd9b1f1f54b}\Root\InventoryDriverBinary\c:/windows/system32/drivers/errdev.sys\DriverVersion</Data>
    <Data Name=""Details"">10.0.22621.1</Data>
    <Data Name=""User"">NT AUTHORITY\SYSTEM</Data>
  </EventData>
</Event>
"
Microsoft-Windows-Sysmon/Operational,,,WinDev2309Eval,,,,,,,,,10.0.22621.608,13,240,SetValue,,,C:\Windows\system32\compattelrunner.exe,,,0x8000000000000000,4,,,,,0,,,,,,,{f57bd86a-01ad-6582-b102-000000000b00},10484,9832.0,,,,,,InvDB-DriverVer,,,,,,,,,,,,,2023-12-19T20:48:52.3490713Z,,,\REGISTRY\A\{bd75d637-a777-f887-435f-6fd9b1f1f54b}\Root\InventoryDriverBinary\c:/windows/system32/drivers/ehstortcgdrv.sys\DriverVersion,,,,13,,10592,NT AUTHORITY\SYSTEM,S-1-5-18,48:52.3,2.0,"<Event xmlns=""http://schemas.microsoft.com/win/2004/08/events/event"">
  <System>
    <Provider Name=""Microsoft-Windows-Sysmon"" Guid=""{5770385f-c22a-43e0-bf4c-06f5698ffbd9}""/>
    <EventID>13</EventID>
    <Version>2</Version>
    <Level>4</Level>
    <Task>13</Task>
    <Opcode>0</Opcode>
    <Keywords>0x8000000000000000</Keywords>
    <TimeCreated SystemTime=""2023-12-19T20:48:52.3490713Z""/>
    <EventRecordID>240</EventRecordID>
    <Correlation/>
    <Execution ProcessID=""10484"" ThreadID=""10592""/>
    <Channel>Microsoft-Windows-Sysmon/Operational</Channel>
    <Computer>WinDev2309Eval</Computer>
    <Security UserID=""S-1-5-18""/>
  </System>
  <EventData>
    <Data Name=""RuleName"">InvDB-DriverVer</Data>
    <Data Name=""EventType"">SetValue</Data>
    <Data Name=""UtcTime"">2023-12-19 20:48:52.344</Data>
    <Data Name=""ProcessGuid"">{f57bd86a-01ad-6582-b102-000000000b00}</Data>
    <Data Name=""ProcessId"">9832</Data>
    <Data Name=""Image"">C:\Windows\system32\compattelrunner.exe</Data>
    <Data Name=""TargetObject"">\REGISTRY\A\{bd75d637-a777-f887-435f-6fd9b1f1f54b}\Root\InventoryDriverBinary\c:/windows/system32/drivers/ehstortcgdrv.sys\DriverVersion</Data>
    <Data Name=""Details"">10.0.22621.608</Data>
    <Data Name=""User"">NT AUTHORITY\SYSTEM</Data>
  </EventData>
</Event>
"
Microsoft-Windows-Sysmon/Operational,,,WinDev2309Eval,,,,,,,,,10.0.22621.1,13,239,SetValue,,,C:\Windows\system32\compattelrunner.exe,,,0x8000000000000000,4,,,,,0,,,,,,,{f57bd86a-01ad-6582-b102-000000000b00},10484,9832.0,,,,,,InvDB-DriverVer,,,,,,,,,,,,,2023-12-19T20:48:52.3404601Z,,,\REGISTRY\A\{bd75d637-a777-f887-435f-6fd9b1f1f54b}\Root\InventoryDriverBinary\c:/windows/system32/drivers/ehstorclass.sys\DriverVersion,,,,13,,10592,NT AUTHORITY\SYSTEM,S-1-5-18,48:52.3,2.0,"<Event xmlns=""http://schemas.microsoft.com/win/2004/08/events/event"">
  <System>
    <Provider Name=""Microsoft-Windows-Sysmon"" Guid=""{5770385f-c22a-43e0-bf4c-06f5698ffbd9}""/>
    <EventID>13</EventID>
    <Version>2</Version>
    <Level>4</Level>
    <Task>13</Task>
    <Opcode>0</Opcode>
    <Keywords>0x8000000000000000</Keywords>
    <TimeCreated SystemTime=""2023-12-19T20:48:52.3404601Z""/>
    <EventRecordID>239</EventRecordID>
    <Correlation/>
    <Execution ProcessID=""10484"" ThreadID=""10592""/>
    <Channel>Microsoft-Windows-Sysmon/Operational</Channel>
    <Computer>WinDev2309Eval</Computer>
    <Security UserID=""S-1-5-18""/>
  </System>
  <EventData>
    <Data Name=""RuleName"">InvDB-DriverVer</Data>
    <Data Name=""EventType"">SetValue</Data>
    <Data Name=""UtcTime"">2023-12-19 20:48:52.328</Data>
    <Data Name=""ProcessGuid"">{f57bd86a-01ad-6582-b102-000000000b00}</Data>
    <Data Name=""ProcessId"">9832</Data>
    <Data Name=""Image"">C:\Windows\system32\compattelrunner.exe</Data>
    <Data Name=""TargetObject"">\REGISTRY\A\{bd75d637-a777-f887-435f-6fd9b1f1f54b}\Root\InventoryDriverBinary\c:/windows/system32/drivers/ehstorclass.sys\DriverVersion</Data>
    <Data Name=""Details"">10.0.22621.1</Data>
    <Data Name=""User"">NT AUTHORITY\SYSTEM</Data>
  </EventData>
</Event>
"
Microsoft-Windows-Sysmon/Operational,,,WinDev2309Eval,,,,,,,,,7.13.65.105,13,238,SetValue,,,C:\Windows\system32\compattelrunner.exe,,,0x8000000000000000,4,,,,,0,,,,,,,{f57bd86a-01ad-6582-b102-000000000b00},10484,9832.0,,,,,,InvDB-DriverVer,,,,,,,,,,,,,2023-12-19T20:48:52.3277173Z,,,\REGISTRY\A\{bd75d637-a777-f887-435f-6fd9b1f1f54b}\Root\InventoryDriverBinary\c:/windows/system32/drivers/evbd0a.sys\DriverVersion,,,,13,,10592,NT AUTHORITY\SYSTEM,S-1-5-18,48:52.3,2.0,"<Event xmlns=""http://schemas.microsoft.com/win/2004/08/events/event"">
  <System>
    <Provider Name=""Microsoft-Windows-Sysmon"" Guid=""{5770385f-c22a-43e0-bf4c-06f5698ffbd9}""/>
    <EventID>13</EventID>
    <Version>2</Version>
    <Level>4</Level>
    <Task>13</Task>
    <Opcode>0</Opcode>
    <Keywords>0x8000000000000000</Keywords>
    <TimeCreated SystemTime=""2023-12-19T20:48:52.3277173Z""/>
    <EventRecordID>238</EventRecordID>
    <Correlation/>
    <Execution ProcessID=""10484"" ThreadID=""10592""/>
    <Channel>Microsoft-Windows-Sysmon/Operational</Channel>
    <Computer>WinDev2309Eval</Computer>
    <Security UserID=""S-1-5-18""/>
  </System>
  <EventData>
    <Data Name=""RuleName"">InvDB-DriverVer</Data>
    <Data Name=""EventType"">SetValue</Data>
    <Data Name=""UtcTime"">2023-12-19 20:48:52.313</Data>
    <Data Name=""ProcessGuid"">{f57bd86a-01ad-6582-b102-000000000b00}</Data>
    <Data Name=""ProcessId"">9832</Data>
    <Data Name=""Image"">C:\Windows\system32\compattelrunner.exe</Data>
    <Data Name=""TargetObject"">\REGISTRY\A\{bd75d637-a777-f887-435f-6fd9b1f1f54b}\Root\InventoryDriverBinary\c:/windows/system32/drivers/evbd0a.sys\DriverVersion</Data>
    <Data Name=""Details"">7.13.65.105</Data>
    <Data Name=""User"">NT AUTHORITY\SYSTEM</Data>
  </EventData>
</Event>
"
Microsoft-Windows-Sysmon/Operational,,,WinDev2309Eval,,,,,,,,,7.13.171.102,13,237,SetValue,,,C:\Windows\system32\compattelrunner.exe,,,0x8000000000000000,4,,,,,0,,,,,,,{f57bd86a-01ad-6582-b102-000000000b00},10484,9832.0,,,,,,InvDB-DriverVer,,,,,,,,,,,,,2023-12-19T20:48:52.2783192Z,,,\REGISTRY\A\{bd75d637-a777-f887-435f-6fd9b1f1f54b}\Root\InventoryDriverBinary\c:/windows/system32/drivers/evbda.sys\DriverVersion,,,,13,,10592,NT AUTHORITY\SYSTEM,S-1-5-18,48:52.3,2.0,"<Event xmlns=""http://schemas.microsoft.com/win/2004/08/events/event"">
  <System>
    <Provider Name=""Microsoft-Windows-Sysmon"" Guid=""{5770385f-c22a-43e0-bf4c-06f5698ffbd9}""/>
    <EventID>13</EventID>
    <Version>2</Version>
    <Level>4</Level>
    <Task>13</Task>
    <Opcode>0</Opcode>
    <Keywords>0x8000000000000000</Keywords>
    <TimeCreated SystemTime=""2023-12-19T20:48:52.2783192Z""/>
    <EventRecordID>237</EventRecordID>
    <Correlation/>
    <Execution ProcessID=""10484"" ThreadID=""10592""/>
    <Channel>Microsoft-Windows-Sysmon/Operational</Channel>
    <Computer>WinDev2309Eval</Computer>
    <Security UserID=""S-1-5-18""/>
  </System>
  <EventData>
    <Data Name=""RuleName"">InvDB-DriverVer</Data>
    <Data Name=""EventType"">SetValue</Data>
    <Data Name=""UtcTime"">2023-12-19 20:48:52.267</Data>
    <Data Name=""ProcessGuid"">{f57bd86a-01ad-6582-b102-000000000b00}</Data>
    <Data Name=""ProcessId"">9832</Data>
    <Data Name=""Image"">C:\Windows\system32\compattelrunner.exe</Data>
    <Data Name=""TargetObject"">\REGISTRY\A\{bd75d637-a777-f887-435f-6fd9b1f1f54b}\Root\InventoryDriverBinary\c:/windows/system32/drivers/evbda.sys\DriverVersion</Data>
    <Data Name=""Details"">7.13.171.102</Data>
    <Data Name=""User"">NT AUTHORITY\SYSTEM</Data>
  </EventData>
</Event>
"
Microsoft-Windows-Sysmon/Operational,,,WinDev2309Eval,,,,,,,,,8.4.13.0,13,236,SetValue,,,C:\Windows\system32\compattelrunner.exe,,,0x8000000000000000,4,,,,,0,,,,,,,{f57bd86a-01ad-6582-b102-000000000b00},10484,9832.0,,,,,,InvDB-DriverVer,,,,,,,,,,,,,2023-12-19T20:48:52.2226978Z,,,\REGISTRY\A\{bd75d637-a777-f887-435f-6fd9b1f1f54b}\Root\InventoryDriverBinary\c:/windows/system32/drivers/e1g6032e.sys\DriverVersion,,,,13,,10592,NT AUTHORITY\SYSTEM,S-1-5-18,48:52.2,2.0,"<Event xmlns=""http://schemas.microsoft.com/win/2004/08/events/event"">
  <System>
    <Provider Name=""Microsoft-Windows-Sysmon"" Guid=""{5770385f-c22a-43e0-bf4c-06f5698ffbd9}""/>
    <EventID>13</EventID>
    <Version>2</Version>
    <Level>4</Level>
    <Task>13</Task>
    <Opcode>0</Opcode>
    <Keywords>0x8000000000000000</Keywords>
    <TimeCreated SystemTime=""2023-12-19T20:48:52.2226978Z""/>
    <EventRecordID>236</EventRecordID>
    <Correlation/>
    <Execution ProcessID=""10484"" ThreadID=""10592""/>
    <Channel>Microsoft-Windows-Sysmon/Operational</Channel>
    <Computer>WinDev2309Eval</Computer>
    <Security UserID=""S-1-5-18""/>
  </System>
  <EventData>
    <Data Name=""RuleName"">InvDB-DriverVer</Data>
    <Data Name=""EventType"">SetValue</Data>
    <Data Name=""UtcTime"">2023-12-19 20:48:52.219</Data>
    <Data Name=""ProcessGuid"">{f57bd86a-01ad-6582-b102-000000000b00}</Data>
    <Data Name=""ProcessId"">9832</Data>
    <Data Name=""Image"">C:\Windows\system32\compattelrunner.exe</Data>
    <Data Name=""TargetObject"">\REGISTRY\A\{bd75d637-a777-f887-435f-6fd9b1f1f54b}\Root\InventoryDriverBinary\c:/windows/system32/drivers/e1g6032e.sys\DriverVersion</Data>
    <Data Name=""Details"">8.4.13.0</Data>
    <Data Name=""User"">NT AUTHORITY\SYSTEM</Data>
  </EventData>
</Event>
"
Microsoft-Windows-Sysmon/Operational,,,WinDev2309Eval,,,,,,,,,10.0.22621.2215,13,235,SetValue,,,C:\Windows\system32\compattelrunner.exe,,,0x8000000000000000,4,,,,,0,,,,,,,{f57bd86a-01ad-6582-b102-000000000b00},10484,9832.0,,,,,,InvDB-DriverVer,,,,,,,,,,,,,2023-12-19T20:48:52.2160914Z,,,\REGISTRY\A\{bd75d637-a777-f887-435f-6fd9b1f1f54b}\Root\InventoryDriverBinary\c:/windows/system32/drivers/dxgkrnl.sys\DriverVersion,,,,13,,10592,NT AUTHORITY\SYSTEM,S-1-5-18,48:52.2,2.0,"<Event xmlns=""http://schemas.microsoft.com/win/2004/08/events/event"">
  <System>
    <Provider Name=""Microsoft-Windows-Sysmon"" Guid=""{5770385f-c22a-43e0-bf4c-06f5698ffbd9}""/>
    <EventID>13</EventID>
    <Version>2</Version>
    <Level>4</Level>
    <Task>13</Task>
    <Opcode>0</Opcode>
    <Keywords>0x8000000000000000</Keywords>
    <TimeCreated SystemTime=""2023-12-19T20:48:52.2160914Z""/>
    <EventRecordID>235</EventRecordID>
    <Correlation/>
    <Execution ProcessID=""10484"" ThreadID=""10592""/>
    <Channel>Microsoft-Windows-Sysmon/Operational</Channel>
    <Computer>WinDev2309Eval</Computer>
    <Security UserID=""S-1-5-18""/>
  </System>
  <EventData>
    <Data Name=""RuleName"">InvDB-DriverVer</Data>
    <Data Name=""EventType"">SetValue</Data>
    <Data Name=""UtcTime"">2023-12-19 20:48:52.203</Data>
    <Data Name=""ProcessGuid"">{f57bd86a-01ad-6582-b102-000000000b00}</Data>
    <Data Name=""ProcessId"">9832</Data>
    <Data Name=""Image"">C:\Windows\system32\compattelrunner.exe</Data>
    <Data Name=""TargetObject"">\REGISTRY\A\{bd75d637-a777-f887-435f-6fd9b1f1f54b}\Root\InventoryDriverBinary\c:/windows/system32/drivers/dxgkrnl.sys\DriverVersion</Data>
    <Data Name=""Details"">10.0.22621.2215</Data>
    <Data Name=""User"">NT AUTHORITY\SYSTEM</Data>
  </EventData>
</Event>
"
Microsoft-Windows-Sysmon/Operational,,,WinDev2309Eval,,,,,,,,,10.0.22621.2070,13,234,SetValue,,,C:\Windows\system32\compattelrunner.exe,,,0x8000000000000000,4,,,,,0,,,,,,,{f57bd86a-01ad-6582-b102-000000000b00},10484,9832.0,,,,,,InvDB-DriverVer,,,,,,,,,,,,,2023-12-19T20:48:52.1467859Z,,,\REGISTRY\A\{bd75d637-a777-f887-435f-6fd9b1f1f54b}\Root\InventoryDriverBinary\c:/windows/system32/drivers/drmkaud.sys\DriverVersion,,,,13,,10592,NT AUTHORITY\SYSTEM,S-1-5-18,48:52.1,2.0,"<Event xmlns=""http://schemas.microsoft.com/win/2004/08/events/event"">
  <System>
    <Provider Name=""Microsoft-Windows-Sysmon"" Guid=""{5770385f-c22a-43e0-bf4c-06f5698ffbd9}""/>
    <EventID>13</EventID>
    <Version>2</Version>
    <Level>4</Level>
    <Task>13</Task>
    <Opcode>0</Opcode>
    <Keywords>0x8000000000000000</Keywords>
    <TimeCreated SystemTime=""2023-12-19T20:48:52.1467859Z""/>
    <EventRecordID>234</EventRecordID>
    <Correlation/>
    <Execution ProcessID=""10484"" ThreadID=""10592""/>
    <Channel>Microsoft-Windows-Sysmon/Operational</Channel>
    <Computer>WinDev2309Eval</Computer>
    <Security UserID=""S-1-5-18""/>
  </System>
  <EventData>
    <Data Name=""RuleName"">InvDB-DriverVer</Data>
    <Data Name=""EventType"">SetValue</Data>
    <Data Name=""UtcTime"">2023-12-19 20:48:52.139</Data>
    <Data Name=""ProcessGuid"">{f57bd86a-01ad-6582-b102-000000000b00}</Data>
    <Data Name=""ProcessId"">9832</Data>
    <Data Name=""Image"">C:\Windows\system32\compattelrunner.exe</Data>
    <Data Name=""TargetObject"">\REGISTRY\A\{bd75d637-a777-f887-435f-6fd9b1f1f54b}\Root\InventoryDriverBinary\c:/windows/system32/drivers/drmkaud.sys\DriverVersion</Data>
    <Data Name=""Details"">10.0.22621.2070</Data>
    <Data Name=""User"">NT AUTHORITY\SYSTEM</Data>
  </EventData>
</Event>
"
Microsoft-Windows-Sysmon/Operational,,,WinDev2309Eval,,,,,,,,,10.0.22621.1,13,233,SetValue,,,C:\Windows\system32\compattelrunner.exe,,,0x8000000000000000,4,,,,,0,,,,,,,{f57bd86a-01ad-6582-b102-000000000b00},10484,9832.0,,,,,,InvDB-DriverVer,,,,,,,,,,,,,2023-12-19T20:48:52.1381261Z,,,\REGISTRY\A\{bd75d637-a777-f887-435f-6fd9b1f1f54b}\Root\InventoryDriverBinary\c:/windows/system32/drivers/dmvsc.sys\DriverVersion,,,,13,,10592,NT AUTHORITY\SYSTEM,S-1-5-18,48:52.1,2.0,"<Event xmlns=""http://schemas.microsoft.com/win/2004/08/events/event"">
  <System>
    <Provider Name=""Microsoft-Windows-Sysmon"" Guid=""{5770385f-c22a-43e0-bf4c-06f5698ffbd9}""/>
    <EventID>13</EventID>
    <Version>2</Version>
    <Level>4</Level>
    <Task>13</Task>
    <Opcode>0</Opcode>
    <Keywords>0x8000000000000000</Keywords>
    <TimeCreated SystemTime=""2023-12-19T20:48:52.1381261Z""/>
    <EventRecordID>233</EventRecordID>
    <Correlation/>
    <Execution ProcessID=""10484"" ThreadID=""10592""/>
    <Channel>Microsoft-Windows-Sysmon/Operational</Channel>
    <Computer>WinDev2309Eval</Computer>
    <Security UserID=""S-1-5-18""/>
  </System>
  <EventData>
    <Data Name=""RuleName"">InvDB-DriverVer</Data>
    <Data Name=""EventType"">SetValue</Data>
    <Data Name=""UtcTime"">2023-12-19 20:48:52.124</Data>
    <Data Name=""ProcessGuid"">{f57bd86a-01ad-6582-b102-000000000b00}</Data>
    <Data Name=""ProcessId"">9832</Data>
    <Data Name=""Image"">C:\Windows\system32\compattelrunner.exe</Data>
    <Data Name=""TargetObject"">\REGISTRY\A\{bd75d637-a777-f887-435f-6fd9b1f1f54b}\Root\InventoryDriverBinary\c:/windows/system32/drivers/dmvsc.sys\DriverVersion</Data>
    <Data Name=""Details"">10.0.22621.1</Data>
    <Data Name=""User"">NT AUTHORITY\SYSTEM</Data>
  </EventData>
</Event>
"
Microsoft-Windows-Sysmon/Operational,,,WinDev2309Eval,,,,,,,,,10.0.22621.1778,13,232,SetValue,,,C:\Windows\system32\compattelrunner.exe,,,0x8000000000000000,4,,,,,0,,,,,,,{f57bd86a-01ad-6582-b102-000000000b00},10484,9832.0,,,,,,InvDB-DriverVer,,,,,,,,,,,,,2023-12-19T20:48:52.1085789Z,,,\REGISTRY\A\{bd75d637-a777-f887-435f-6fd9b1f1f54b}\Root\InventoryDriverBinary\c:/windows/system32/drivers/disk.sys\DriverVersion,,,,13,,10592,NT AUTHORITY\SYSTEM,S-1-5-18,48:52.1,2.0,"<Event xmlns=""http://schemas.microsoft.com/win/2004/08/events/event"">
  <System>
    <Provider Name=""Microsoft-Windows-Sysmon"" Guid=""{5770385f-c22a-43e0-bf4c-06f5698ffbd9}""/>
    <EventID>13</EventID>
    <Version>2</Version>
    <Level>4</Level>
    <Task>13</Task>
    <Opcode>0</Opcode>
    <Keywords>0x8000000000000000</Keywords>
    <TimeCreated SystemTime=""2023-12-19T20:48:52.1085789Z""/>
    <EventRecordID>232</EventRecordID>
    <Correlation/>
    <Execution ProcessID=""10484"" ThreadID=""10592""/>
    <Channel>Microsoft-Windows-Sysmon/Operational</Channel>
    <Computer>WinDev2309Eval</Computer>
    <Security UserID=""S-1-5-18""/>
  </System>
  <EventData>
    <Data Name=""RuleName"">InvDB-DriverVer</Data>
    <Data Name=""EventType"">SetValue</Data>
    <Data Name=""UtcTime"">2023-12-19 20:48:52.108</Data>
    <Data Name=""ProcessGuid"">{f57bd86a-01ad-6582-b102-000000000b00}</Data>
    <Data Name=""ProcessId"">9832</Data>
    <Data Name=""Image"">C:\Windows\system32\compattelrunner.exe</Data>
    <Data Name=""TargetObject"">\REGISTRY\A\{bd75d637-a777-f887-435f-6fd9b1f1f54b}\Root\InventoryDriverBinary\c:/windows/system32/drivers/disk.sys\DriverVersion</Data>
    <Data Name=""Details"">10.0.22621.1778</Data>
    <Data Name=""User"">NT AUTHORITY\SYSTEM</Data>
  </EventData>
</Event>
"
Microsoft-Windows-Sysmon/Operational,,,WinDev2309Eval,,,,,,,,,10.0.22621.1265,13,231,SetValue,,,C:\Windows\system32\compattelrunner.exe,,,0x8000000000000000,4,,,,,0,,,,,,,{f57bd86a-01ad-6582-b102-000000000b00},10484,9832.0,,,,,,InvDB-DriverVer,,,,,,,,,,,,,2023-12-19T20:48:52.1016854Z,,,\REGISTRY\A\{bd75d637-a777-f887-435f-6fd9b1f1f54b}\Root\InventoryDriverBinary\c:/windows/system32/drivers/dfsc.sys\DriverVersion,,,,13,,10592,NT AUTHORITY\SYSTEM,S-1-5-18,48:52.1,2.0,"<Event xmlns=""http://schemas.microsoft.com/win/2004/08/events/event"">
  <System>
    <Provider Name=""Microsoft-Windows-Sysmon"" Guid=""{5770385f-c22a-43e0-bf4c-06f5698ffbd9}""/>
    <EventID>13</EventID>
    <Version>2</Version>
    <Level>4</Level>
    <Task>13</Task>
    <Opcode>0</Opcode>
    <Keywords>0x8000000000000000</Keywords>
    <TimeCreated SystemTime=""2023-12-19T20:48:52.1016854Z""/>
    <EventRecordID>231</EventRecordID>
    <Correlation/>
    <Execution ProcessID=""10484"" ThreadID=""10592""/>
    <Channel>Microsoft-Windows-Sysmon/Operational</Channel>
    <Computer>WinDev2309Eval</Computer>
    <Security UserID=""S-1-5-18""/>
  </System>
  <EventData>
    <Data Name=""RuleName"">InvDB-DriverVer</Data>
    <Data Name=""EventType"">SetValue</Data>
    <Data Name=""UtcTime"">2023-12-19 20:48:52.092</Data>
    <Data Name=""ProcessGuid"">{f57bd86a-01ad-6582-b102-000000000b00}</Data>
    <Data Name=""ProcessId"">9832</Data>
    <Data Name=""Image"">C:\Windows\system32\compattelrunner.exe</Data>
    <Data Name=""TargetObject"">\REGISTRY\A\{bd75d637-a777-f887-435f-6fd9b1f1f54b}\Root\InventoryDriverBinary\c:/windows/system32/drivers/dfsc.sys\DriverVersion</Data>
    <Data Name=""Details"">10.0.22621.1265</Data>
    <Data Name=""User"">NT AUTHORITY\SYSTEM</Data>
  </EventData>
</Event>
"
Microsoft-Windows-Sysmon/Operational,,,WinDev2309Eval,,,,,,,,,10.0.22621.608,13,230,SetValue,,,C:\Windows\system32\compattelrunner.exe,,,0x8000000000000000,4,,,,,0,,,,,,,{f57bd86a-01ad-6582-b102-000000000b00},10484,9832.0,,,,,,InvDB-DriverVer,,,,,,,,,,,,,2023-12-19T20:48:52.0921476Z,,,\REGISTRY\A\{bd75d637-a777-f887-435f-6fd9b1f1f54b}\Root\InventoryDriverBinary\c:/windows/system32/drivers/dam.sys\DriverVersion,,,,13,,10592,NT AUTHORITY\SYSTEM,S-1-5-18,48:52.1,2.0,"<Event xmlns=""http://schemas.microsoft.com/win/2004/08/events/event"">
  <System>
    <Provider Name=""Microsoft-Windows-Sysmon"" Guid=""{5770385f-c22a-43e0-bf4c-06f5698ffbd9}""/>
    <EventID>13</EventID>
    <Version>2</Version>
    <Level>4</Level>
    <Task>13</Task>
    <Opcode>0</Opcode>
    <Keywords>0x8000000000000000</Keywords>
    <TimeCreated SystemTime=""2023-12-19T20:48:52.0921476Z""/>
    <EventRecordID>230</EventRecordID>
    <Correlation/>
    <Execution ProcessID=""10484"" ThreadID=""10592""/>
    <Channel>Microsoft-Windows-Sysmon/Operational</Channel>
    <Computer>WinDev2309Eval</Computer>
    <Security UserID=""S-1-5-18""/>
  </System>
  <EventData>
    <Data Name=""RuleName"">InvDB-DriverVer</Data>
    <Data Name=""EventType"">SetValue</Data>
    <Data Name=""UtcTime"">2023-12-19 20:48:52.076</Data>
    <Data Name=""ProcessGuid"">{f57bd86a-01ad-6582-b102-000000000b00}</Data>
    <Data Name=""ProcessId"">9832</Data>
    <Data Name=""Image"">C:\Windows\system32\compattelrunner.exe</Data>
    <Data Name=""TargetObject"">\REGISTRY\A\{bd75d637-a777-f887-435f-6fd9b1f1f54b}\Root\InventoryDriverBinary\c:/windows/system32/drivers/dam.sys\DriverVersion</Data>
    <Data Name=""Details"">10.0.22621.608</Data>
    <Data Name=""User"">NT AUTHORITY\SYSTEM</Data>
  </EventData>
</Event>
"
Microsoft-Windows-Sysmon/Operational,,,WinDev2309Eval,,,,,,,,,10.0.22621.1,13,229,SetValue,,,C:\Windows\system32\compattelrunner.exe,,,0x8000000000000000,4,,,,,0,,,,,,,{f57bd86a-01ad-6582-b102-000000000b00},10484,9832.0,,,,,,InvDB-DriverVer,,,,,,,,,,,,,2023-12-19T20:48:52.0853018Z,,,\REGISTRY\A\{bd75d637-a777-f887-435f-6fd9b1f1f54b}\Root\InventoryDriverBinary\c:/windows/system32/drivers/csc.sys\DriverVersion,,,,13,,10592,NT AUTHORITY\SYSTEM,S-1-5-18,48:52.1,2.0,"<Event xmlns=""http://schemas.microsoft.com/win/2004/08/events/event"">
  <System>
    <Provider Name=""Microsoft-Windows-Sysmon"" Guid=""{5770385f-c22a-43e0-bf4c-06f5698ffbd9}""/>
    <EventID>13</EventID>
    <Version>2</Version>
    <Level>4</Level>
    <Task>13</Task>
    <Opcode>0</Opcode>
    <Keywords>0x8000000000000000</Keywords>
    <TimeCreated SystemTime=""2023-12-19T20:48:52.0853018Z""/>
    <EventRecordID>229</EventRecordID>
    <Correlation/>
    <Execution ProcessID=""10484"" ThreadID=""10592""/>
    <Channel>Microsoft-Windows-Sysmon/Operational</Channel>
    <Computer>WinDev2309Eval</Computer>
    <Security UserID=""S-1-5-18""/>
  </System>
  <EventData>
    <Data Name=""RuleName"">InvDB-DriverVer</Data>
    <Data Name=""EventType"">SetValue</Data>
    <Data Name=""UtcTime"">2023-12-19 20:48:52.076</Data>
    <Data Name=""ProcessGuid"">{f57bd86a-01ad-6582-b102-000000000b00}</Data>
    <Data Name=""ProcessId"">9832</Data>
    <Data Name=""Image"">C:\Windows\system32\compattelrunner.exe</Data>
    <Data Name=""TargetObject"">\REGISTRY\A\{bd75d637-a777-f887-435f-6fd9b1f1f54b}\Root\InventoryDriverBinary\c:/windows/system32/drivers/csc.sys\DriverVersion</Data>
    <Data Name=""Details"">10.0.22621.1</Data>
    <Data Name=""User"">NT AUTHORITY\SYSTEM</Data>
  </EventData>
</Event>
"
Microsoft-Windows-Sysmon/Operational,,,WinDev2309Eval,,,,,,,,,10.0.22621.1,13,228,SetValue,,,C:\Windows\system32\compattelrunner.exe,,,0x8000000000000000,4,,,,,0,,,,,,,{f57bd86a-01ad-6582-b102-000000000b00},10484,9832.0,,,,,,InvDB-DriverVer,,,,,,,,,,,,,2023-12-19T20:48:52.0667901Z,,,\REGISTRY\A\{bd75d637-a777-f887-435f-6fd9b1f1f54b}\Root\InventoryDriverBinary\c:/windows/system32/drivers/condrv.sys\DriverVersion,,,,13,,10592,NT AUTHORITY\SYSTEM,S-1-5-18,48:52.1,2.0,"<Event xmlns=""http://schemas.microsoft.com/win/2004/08/events/event"">
  <System>
    <Provider Name=""Microsoft-Windows-Sysmon"" Guid=""{5770385f-c22a-43e0-bf4c-06f5698ffbd9}""/>
    <EventID>13</EventID>
    <Version>2</Version>
    <Level>4</Level>
    <Task>13</Task>
    <Opcode>0</Opcode>
    <Keywords>0x8000000000000000</Keywords>
    <TimeCreated SystemTime=""2023-12-19T20:48:52.0667901Z""/>
    <EventRecordID>228</EventRecordID>
    <Correlation/>
    <Execution ProcessID=""10484"" ThreadID=""10592""/>
    <Channel>Microsoft-Windows-Sysmon/Operational</Channel>
    <Computer>WinDev2309Eval</Computer>
    <Security UserID=""S-1-5-18""/>
  </System>
  <EventData>
    <Data Name=""RuleName"">InvDB-DriverVer</Data>
    <Data Name=""EventType"">SetValue</Data>
    <Data Name=""UtcTime"">2023-12-19 20:48:52.059</Data>
    <Data Name=""ProcessGuid"">{f57bd86a-01ad-6582-b102-000000000b00}</Data>
    <Data Name=""ProcessId"">9832</Data>
    <Data Name=""Image"">C:\Windows\system32\compattelrunner.exe</Data>
    <Data Name=""TargetObject"">\REGISTRY\A\{bd75d637-a777-f887-435f-6fd9b1f1f54b}\Root\InventoryDriverBinary\c:/windows/system32/drivers/condrv.sys\DriverVersion</Data>
    <Data Name=""Details"">10.0.22621.1</Data>
    <Data Name=""User"">NT AUTHORITY\SYSTEM</Data>
  </EventData>
</Event>
"
