Channel,CommandLine,Company,Computer,CreationUtcTime,CurrentDirectory,Description,DestinationHostname,DestinationIp,DestinationIsIpv6,DestinationPort,DestinationPortName,Details,EventID,EventRecordID,EventType,FileVersion,Hashes,Image,Initiated,IntegrityLevel,Keywords,Level,LogonGuid,LogonId,Message,NewThreadId,Opcode,OriginalFileName,ParentCommandLine,ParentImage,ParentProcessGuid,ParentProcessId,ParentUser,ProcessGuid,ProcessID,ProcessId,Product,Protocol,QueryName,QueryResults,QueryStatus,RuleName,SourceHostname,SourceImage,SourceIp,SourceIsIpv6,SourcePort,SourcePortName,SourceProcessGuid,SourceProcessId,SourceUser,StartAddress,StartFunction,StartModule,SystemTime,TargetFilename,TargetImage,TargetObject,TargetProcessGuid,TargetProcessId,TargetUser,Task,TerminalSessionId,ThreadID,User,UserID,UtcTime,Version,raw
Microsoft-Windows-Sysmon/Operational,,,WinDev2309Eval,,,,,,,,,,22,6145,,,,C:\Program Files\WindowsApps\Microsoft.MicrosoftSolitaireCollection_4.18.11210.0_x64__8wekyb3d8bbwe\Solitaire.exe,,,0x8000000000000000,4,,,,,0,,,,,,,{f57bd86a-fa60-6583-be04-000000000d00},3400,2080.0,,,ads.api.vungle.com,type: 5 config.ads.vungle.com;::ffff:44.214.34.138;::ffff:34.228.138.100;::ffff:44.206.139.183;::ffff:44.209.167.75;::ffff:3.213.28.198;::ffff:52.7.84.185;::ffff:3.213.17.16;::ffff:34.196.191.95;,0.0,-,,,,,,,,,,,,,2023-12-21T08:42:21.0457360Z,,,,,,,22,,4220,WINDEV2309EVAL\User,S-1-5-18,10:49.3,5.0,"<Event xmlns=""http://schemas.microsoft.com/win/2004/08/events/event"">
  <System>
    <Provider Name=""Microsoft-Windows-Sysmon"" Guid=""{5770385f-c22a-43e0-bf4c-06f5698ffbd9}""/>
    <EventID>22</EventID>
    <Version>5</Version>
    <Level>4</Level>
    <Task>22</Task>
    <Opcode>0</Opcode>
    <Keywords>0x8000000000000000</Keywords>
    <TimeCreated SystemTime=""2023-12-21T08:42:21.0457360Z""/>
    <EventRecordID>6145</EventRecordID>
    <Correlation/>
    <Execution ProcessID=""3400"" ThreadID=""4220""/>
    <Channel>Microsoft-Windows-Sysmon/Operational</Channel>
    <Computer>WinDev2309Eval</Computer>
    <Security UserID=""S-1-5-18""/>
  </System>
  <EventData>
    <Data Name=""RuleName"">-</Data>
    <Data Name=""UtcTime"">2023-12-20 17:10:49.270</Data>
    <Data Name=""ProcessGuid"">{f57bd86a-fa60-6583-be04-000000000d00}</Data>
    <Data Name=""ProcessId"">2080</Data>
    <Data Name=""QueryName"">ads.api.vungle.com</Data>
    <Data Name=""QueryStatus"">0</Data>
    <Data Name=""QueryResults"">type: 5 config.ads.vungle.com;::ffff:44.214.34.138;::ffff:34.228.138.100;::ffff:44.206.139.183;::ffff:44.209.167.75;::ffff:3.213.28.198;::ffff:52.7.84.185;::ffff:3.213.17.16;::ffff:34.196.191.95;</Data>
    <Data Name=""Image"">C:\Program Files\WindowsApps\Microsoft.MicrosoftSolitaireCollection_4.18.11210.0_x64__8wekyb3d8bbwe\Solitaire.exe</Data>
    <Data Name=""User"">WINDEV2309EVAL\User</Data>
  </EventData>
</Event>
"
Microsoft-Windows-Sysmon/Operational,,,WinDev2309Eval,,,,,,,,,,22,6144,,,,C:\Program Files\WindowsApps\Microsoft.MicrosoftSolitaireCollection_4.18.11210.0_x64__8wekyb3d8bbwe\Solitaire.exe,,,0x8000000000000000,4,,,,,0,,,,,,,{f57bd86a-fa60-6583-be04-000000000d00},3400,2080.0,,,idmapper.microsoftcasualgames.com,type: 5 mcg-idmapper-ddaaeeb7b2cbg7ap.z01.azurefd.net;type: 5 star-azurefd-prod.trafficmanager.net;type: 5 shed.dual-low.part-0034.t-0009.t-msedge.net;type: 5 part-0034.t-0009.t-msedge.net;::ffff:13.107.246.62;::ffff:13.107.213.62;,0.0,-,,,,,,,,,,,,,2023-12-21T08:42:21.0429880Z,,,,,,,22,,4220,WINDEV2309EVAL\User,S-1-5-18,10:47.9,5.0,"<Event xmlns=""http://schemas.microsoft.com/win/2004/08/events/event"">
  <System>
    <Provider Name=""Microsoft-Windows-Sysmon"" Guid=""{5770385f-c22a-43e0-bf4c-06f5698ffbd9}""/>
    <EventID>22</EventID>
    <Version>5</Version>
    <Level>4</Level>
    <Task>22</Task>
    <Opcode>0</Opcode>
    <Keywords>0x8000000000000000</Keywords>
    <TimeCreated SystemTime=""2023-12-21T08:42:21.0429880Z""/>
    <EventRecordID>6144</EventRecordID>
    <Correlation/>
    <Execution ProcessID=""3400"" ThreadID=""4220""/>
    <Channel>Microsoft-Windows-Sysmon/Operational</Channel>
    <Computer>WinDev2309Eval</Computer>
    <Security UserID=""S-1-5-18""/>
  </System>
  <EventData>
    <Data Name=""RuleName"">-</Data>
    <Data Name=""UtcTime"">2023-12-20 17:10:47.936</Data>
    <Data Name=""ProcessGuid"">{f57bd86a-fa60-6583-be04-000000000d00}</Data>
    <Data Name=""ProcessId"">2080</Data>
    <Data Name=""QueryName"">idmapper.microsoftcasualgames.com</Data>
    <Data Name=""QueryStatus"">0</Data>
    <Data Name=""QueryResults"">type: 5 mcg-idmapper-ddaaeeb7b2cbg7ap.z01.azurefd.net;type: 5 star-azurefd-prod.trafficmanager.net;type: 5 shed.dual-low.part-0034.t-0009.t-msedge.net;type: 5 part-0034.t-0009.t-msedge.net;::ffff:13.107.246.62;::ffff:13.107.213.62;</Data>
    <Data Name=""Image"">C:\Program Files\WindowsApps\Microsoft.MicrosoftSolitaireCollection_4.18.11210.0_x64__8wekyb3d8bbwe\Solitaire.exe</Data>
    <Data Name=""User"">WINDEV2309EVAL\User</Data>
  </EventData>
</Event>
"
Microsoft-Windows-Sysmon/Operational,,,WinDev2309Eval,,,,,,,,,,22,6143,,,,C:\Program Files\WindowsApps\Microsoft.MicrosoftSolitaireCollection_4.18.11210.0_x64__8wekyb3d8bbwe\Solitaire.exe,,,0x8000000000000000,4,,,,,0,,,,,,,{f57bd86a-fa60-6583-be04-000000000d00},3400,2080.0,,,download-ssl.msgamestudios.com,type: 5 download-ssl.msgamestudios.com-san.edgekey.net;type: 5 e85734.dscd.akamaiedge.net;::ffff:23.48.165.22;::ffff:23.48.165.34;,0.0,-,,,,,,,,,,,,,2023-12-21T08:42:16.8434151Z,,,,,,,22,,4220,WINDEV2309EVAL\User,S-1-5-18,10:45.7,5.0,"<Event xmlns=""http://schemas.microsoft.com/win/2004/08/events/event"">
  <System>
    <Provider Name=""Microsoft-Windows-Sysmon"" Guid=""{5770385f-c22a-43e0-bf4c-06f5698ffbd9}""/>
    <EventID>22</EventID>
    <Version>5</Version>
    <Level>4</Level>
    <Task>22</Task>
    <Opcode>0</Opcode>
    <Keywords>0x8000000000000000</Keywords>
    <TimeCreated SystemTime=""2023-12-21T08:42:16.8434151Z""/>
    <EventRecordID>6143</EventRecordID>
    <Correlation/>
    <Execution ProcessID=""3400"" ThreadID=""4220""/>
    <Channel>Microsoft-Windows-Sysmon/Operational</Channel>
    <Computer>WinDev2309Eval</Computer>
    <Security UserID=""S-1-5-18""/>
  </System>
  <EventData>
    <Data Name=""RuleName"">-</Data>
    <Data Name=""UtcTime"">2023-12-20 17:10:45.713</Data>
    <Data Name=""ProcessGuid"">{f57bd86a-fa60-6583-be04-000000000d00}</Data>
    <Data Name=""ProcessId"">2080</Data>
    <Data Name=""QueryName"">download-ssl.msgamestudios.com</Data>
    <Data Name=""QueryStatus"">0</Data>
    <Data Name=""QueryResults"">type: 5 download-ssl.msgamestudios.com-san.edgekey.net;type: 5 e85734.dscd.akamaiedge.net;::ffff:23.48.165.22;::ffff:23.48.165.34;</Data>
    <Data Name=""Image"">C:\Program Files\WindowsApps\Microsoft.MicrosoftSolitaireCollection_4.18.11210.0_x64__8wekyb3d8bbwe\Solitaire.exe</Data>
    <Data Name=""User"">WINDEV2309EVAL\User</Data>
  </EventData>
</Event>
"
Microsoft-Windows-Sysmon/Operational,,,WinDev2309Eval,,,,,,,,,,22,6142,,,,C:\Program Files\WindowsApps\Microsoft.MicrosoftSolitaireCollection_4.18.11210.0_x64__8wekyb3d8bbwe\Solitaire.exe,,,0x8000000000000000,4,,,,,0,,,,,,,{f57bd86a-fa60-6583-be04-000000000d00},3400,2080.0,,,download-ssl.msgamestudios.com,type: 5 download-ssl.msgamestudios.com-san.edgekey.net;type: 5 e85734.dscd.akamaiedge.net;::ffff:23.48.165.22;::ffff:23.48.165.34;,0.0,-,,,,,,,,,,,,,2023-12-21T08:42:16.8419653Z,,,,,,,22,,4220,WINDEV2309EVAL\User,S-1-5-18,10:45.6,5.0,"<Event xmlns=""http://schemas.microsoft.com/win/2004/08/events/event"">
  <System>
    <Provider Name=""Microsoft-Windows-Sysmon"" Guid=""{5770385f-c22a-43e0-bf4c-06f5698ffbd9}""/>
    <EventID>22</EventID>
    <Version>5</Version>
    <Level>4</Level>
    <Task>22</Task>
    <Opcode>0</Opcode>
    <Keywords>0x8000000000000000</Keywords>
    <TimeCreated SystemTime=""2023-12-21T08:42:16.8419653Z""/>
    <EventRecordID>6142</EventRecordID>
    <Correlation/>
    <Execution ProcessID=""3400"" ThreadID=""4220""/>
    <Channel>Microsoft-Windows-Sysmon/Operational</Channel>
    <Computer>WinDev2309Eval</Computer>
    <Security UserID=""S-1-5-18""/>
  </System>
  <EventData>
    <Data Name=""RuleName"">-</Data>
    <Data Name=""UtcTime"">2023-12-20 17:10:45.614</Data>
    <Data Name=""ProcessGuid"">{f57bd86a-fa60-6583-be04-000000000d00}</Data>
    <Data Name=""ProcessId"">2080</Data>
    <Data Name=""QueryName"">download-ssl.msgamestudios.com</Data>
    <Data Name=""QueryStatus"">0</Data>
    <Data Name=""QueryResults"">type: 5 download-ssl.msgamestudios.com-san.edgekey.net;type: 5 e85734.dscd.akamaiedge.net;::ffff:23.48.165.22;::ffff:23.48.165.34;</Data>
    <Data Name=""Image"">C:\Program Files\WindowsApps\Microsoft.MicrosoftSolitaireCollection_4.18.11210.0_x64__8wekyb3d8bbwe\Solitaire.exe</Data>
    <Data Name=""User"">WINDEV2309EVAL\User</Data>
  </EventData>
</Event>
"
Microsoft-Windows-Sysmon/Operational,,,WinDev2309Eval,,,,,,,,,,22,6141,,,,C:\Program Files\WindowsApps\Microsoft.MicrosoftSolitaireCollection_4.18.11210.0_x64__8wekyb3d8bbwe\Solitaire.exe,,,0x8000000000000000,4,,,,,0,,,,,,,{f57bd86a-fa60-6583-be04-000000000d00},3400,2080.0,,,download-ssl.msgamestudios.com,type: 5 download-ssl.msgamestudios.com-san.edgekey.net;type: 5 e85734.dscd.akamaiedge.net;::ffff:23.48.165.22;::ffff:23.48.165.34;,0.0,-,,,,,,,,,,,,,2023-12-21T08:42:15.9230171Z,,,,,,,22,,4220,WINDEV2309EVAL\User,S-1-5-18,10:44.9,5.0,"<Event xmlns=""http://schemas.microsoft.com/win/2004/08/events/event"">
  <System>
    <Provider Name=""Microsoft-Windows-Sysmon"" Guid=""{5770385f-c22a-43e0-bf4c-06f5698ffbd9}""/>
    <EventID>22</EventID>
    <Version>5</Version>
    <Level>4</Level>
    <Task>22</Task>
    <Opcode>0</Opcode>
    <Keywords>0x8000000000000000</Keywords>
    <TimeCreated SystemTime=""2023-12-21T08:42:15.9230171Z""/>
    <EventRecordID>6141</EventRecordID>
    <Correlation/>
    <Execution ProcessID=""3400"" ThreadID=""4220""/>
    <Channel>Microsoft-Windows-Sysmon/Operational</Channel>
    <Computer>WinDev2309Eval</Computer>
    <Security UserID=""S-1-5-18""/>
  </System>
  <EventData>
    <Data Name=""RuleName"">-</Data>
    <Data Name=""UtcTime"">2023-12-20 17:10:44.891</Data>
    <Data Name=""ProcessGuid"">{f57bd86a-fa60-6583-be04-000000000d00}</Data>
    <Data Name=""ProcessId"">2080</Data>
    <Data Name=""QueryName"">download-ssl.msgamestudios.com</Data>
    <Data Name=""QueryStatus"">0</Data>
    <Data Name=""QueryResults"">type: 5 download-ssl.msgamestudios.com-san.edgekey.net;type: 5 e85734.dscd.akamaiedge.net;::ffff:23.48.165.22;::ffff:23.48.165.34;</Data>
    <Data Name=""Image"">C:\Program Files\WindowsApps\Microsoft.MicrosoftSolitaireCollection_4.18.11210.0_x64__8wekyb3d8bbwe\Solitaire.exe</Data>
    <Data Name=""User"">WINDEV2309EVAL\User</Data>
  </EventData>
</Event>
"
Microsoft-Windows-Sysmon/Operational,,,WinDev2309Eval,,,,,,,,,,22,6140,,,,C:\Program Files\WindowsApps\Microsoft.MicrosoftSolitaireCollection_4.18.11210.0_x64__8wekyb3d8bbwe\Solitaire.exe,,,0x8000000000000000,4,,,,,0,,,,,,,{f57bd86a-fa60-6583-be04-000000000d00},3400,2080.0,,,download-ssl.msgamestudios.com,type: 5 download-ssl.msgamestudios.com-san.edgekey.net;type: 5 e85734.dscd.akamaiedge.net;::ffff:23.48.165.22;::ffff:23.48.165.34;,0.0,-,,,,,,,,,,,,,2023-12-21T08:42:15.9215446Z,,,,,,,22,,4220,WINDEV2309EVAL\User,S-1-5-18,10:44.9,5.0,"<Event xmlns=""http://schemas.microsoft.com/win/2004/08/events/event"">
  <System>
    <Provider Name=""Microsoft-Windows-Sysmon"" Guid=""{5770385f-c22a-43e0-bf4c-06f5698ffbd9}""/>
    <EventID>22</EventID>
    <Version>5</Version>
    <Level>4</Level>
    <Task>22</Task>
    <Opcode>0</Opcode>
    <Keywords>0x8000000000000000</Keywords>
    <TimeCreated SystemTime=""2023-12-21T08:42:15.9215446Z""/>
    <EventRecordID>6140</EventRecordID>
    <Correlation/>
    <Execution ProcessID=""3400"" ThreadID=""4220""/>
    <Channel>Microsoft-Windows-Sysmon/Operational</Channel>
    <Computer>WinDev2309Eval</Computer>
    <Security UserID=""S-1-5-18""/>
  </System>
  <EventData>
    <Data Name=""RuleName"">-</Data>
    <Data Name=""UtcTime"">2023-12-20 17:10:44.869</Data>
    <Data Name=""ProcessGuid"">{f57bd86a-fa60-6583-be04-000000000d00}</Data>
    <Data Name=""ProcessId"">2080</Data>
    <Data Name=""QueryName"">download-ssl.msgamestudios.com</Data>
    <Data Name=""QueryStatus"">0</Data>
    <Data Name=""QueryResults"">type: 5 download-ssl.msgamestudios.com-san.edgekey.net;type: 5 e85734.dscd.akamaiedge.net;::ffff:23.48.165.22;::ffff:23.48.165.34;</Data>
    <Data Name=""Image"">C:\Program Files\WindowsApps\Microsoft.MicrosoftSolitaireCollection_4.18.11210.0_x64__8wekyb3d8bbwe\Solitaire.exe</Data>
    <Data Name=""User"">WINDEV2309EVAL\User</Data>
  </EventData>
</Event>
"
Microsoft-Windows-Sysmon/Operational,,,WinDev2309Eval,,,,,,,,,,22,6139,,,,C:\Program Files\WindowsApps\Microsoft.MicrosoftSolitaireCollection_4.18.11210.0_x64__8wekyb3d8bbwe\Solitaire.exe,,,0x8000000000000000,4,,,,,0,,,,,,,{f57bd86a-fa60-6583-be04-000000000d00},3400,2080.0,,,download-ssl.msgamestudios.com,type: 5 download-ssl.msgamestudios.com-san.edgekey.net;type: 5 e85734.dscd.akamaiedge.net;::ffff:23.48.165.22;::ffff:23.48.165.34;,0.0,-,,,,,,,,,,,,,2023-12-21T08:42:15.9061392Z,,,,,,,22,,4220,WINDEV2309EVAL\User,S-1-5-18,10:44.8,5.0,"<Event xmlns=""http://schemas.microsoft.com/win/2004/08/events/event"">
  <System>
    <Provider Name=""Microsoft-Windows-Sysmon"" Guid=""{5770385f-c22a-43e0-bf4c-06f5698ffbd9}""/>
    <EventID>22</EventID>
    <Version>5</Version>
    <Level>4</Level>
    <Task>22</Task>
    <Opcode>0</Opcode>
    <Keywords>0x8000000000000000</Keywords>
    <TimeCreated SystemTime=""2023-12-21T08:42:15.9061392Z""/>
    <EventRecordID>6139</EventRecordID>
    <Correlation/>
    <Execution ProcessID=""3400"" ThreadID=""4220""/>
    <Channel>Microsoft-Windows-Sysmon/Operational</Channel>
    <Computer>WinDev2309Eval</Computer>
    <Security UserID=""S-1-5-18""/>
  </System>
  <EventData>
    <Data Name=""RuleName"">-</Data>
    <Data Name=""UtcTime"">2023-12-20 17:10:44.848</Data>
    <Data Name=""ProcessGuid"">{f57bd86a-fa60-6583-be04-000000000d00}</Data>
    <Data Name=""ProcessId"">2080</Data>
    <Data Name=""QueryName"">download-ssl.msgamestudios.com</Data>
    <Data Name=""QueryStatus"">0</Data>
    <Data Name=""QueryResults"">type: 5 download-ssl.msgamestudios.com-san.edgekey.net;type: 5 e85734.dscd.akamaiedge.net;::ffff:23.48.165.22;::ffff:23.48.165.34;</Data>
    <Data Name=""Image"">C:\Program Files\WindowsApps\Microsoft.MicrosoftSolitaireCollection_4.18.11210.0_x64__8wekyb3d8bbwe\Solitaire.exe</Data>
    <Data Name=""User"">WINDEV2309EVAL\User</Data>
  </EventData>
</Event>
"
Microsoft-Windows-Sysmon/Operational,,,WinDev2309Eval,,,,,,,,,,22,6138,,,,C:\Program Files\WindowsApps\Microsoft.MicrosoftSolitaireCollection_4.18.11210.0_x64__8wekyb3d8bbwe\Solitaire.exe,,,0x8000000000000000,4,,,,,0,,,,,,,{f57bd86a-fa60-6583-be04-000000000d00},3400,2080.0,,,download-ssl.msgamestudios.com,type: 5 download-ssl.msgamestudios.com-san.edgekey.net;type: 5 e85734.dscd.akamaiedge.net;::ffff:23.48.165.22;::ffff:23.48.165.34;,0.0,-,,,,,,,,,,,,,2023-12-21T08:42:15.9046488Z,,,,,,,22,,4220,WINDEV2309EVAL\User,S-1-5-18,10:44.8,5.0,"<Event xmlns=""http://schemas.microsoft.com/win/2004/08/events/event"">
  <System>
    <Provider Name=""Microsoft-Windows-Sysmon"" Guid=""{5770385f-c22a-43e0-bf4c-06f5698ffbd9}""/>
    <EventID>22</EventID>
    <Version>5</Version>
    <Level>4</Level>
    <Task>22</Task>
    <Opcode>0</Opcode>
    <Keywords>0x8000000000000000</Keywords>
    <TimeCreated SystemTime=""2023-12-21T08:42:15.9046488Z""/>
    <EventRecordID>6138</EventRecordID>
    <Correlation/>
    <Execution ProcessID=""3400"" ThreadID=""4220""/>
    <Channel>Microsoft-Windows-Sysmon/Operational</Channel>
    <Computer>WinDev2309Eval</Computer>
    <Security UserID=""S-1-5-18""/>
  </System>
  <EventData>
    <Data Name=""RuleName"">-</Data>
    <Data Name=""UtcTime"">2023-12-20 17:10:44.847</Data>
    <Data Name=""ProcessGuid"">{f57bd86a-fa60-6583-be04-000000000d00}</Data>
    <Data Name=""ProcessId"">2080</Data>
    <Data Name=""QueryName"">download-ssl.msgamestudios.com</Data>
    <Data Name=""QueryStatus"">0</Data>
    <Data Name=""QueryResults"">type: 5 download-ssl.msgamestudios.com-san.edgekey.net;type: 5 e85734.dscd.akamaiedge.net;::ffff:23.48.165.22;::ffff:23.48.165.34;</Data>
    <Data Name=""Image"">C:\Program Files\WindowsApps\Microsoft.MicrosoftSolitaireCollection_4.18.11210.0_x64__8wekyb3d8bbwe\Solitaire.exe</Data>
    <Data Name=""User"">WINDEV2309EVAL\User</Data>
  </EventData>
</Event>
"
Microsoft-Windows-Sysmon/Operational,,,WinDev2309Eval,,,,,,,,,,22,6137,,,,C:\Program Files\WindowsApps\Microsoft.MicrosoftSolitaireCollection_4.18.11210.0_x64__8wekyb3d8bbwe\Solitaire.exe,,,0x8000000000000000,4,,,,,0,,,,,,,{f57bd86a-fa60-6583-be04-000000000d00},3400,2080.0,,,download-ssl.msgamestudios.com,type: 5 download-ssl.msgamestudios.com-san.edgekey.net;type: 5 e85734.dscd.akamaiedge.net;::ffff:23.48.165.22;::ffff:23.48.165.34;,0.0,-,,,,,,,,,,,,,2023-12-21T08:42:15.9030759Z,,,,,,,22,,4220,WINDEV2309EVAL\User,S-1-5-18,10:44.8,5.0,"<Event xmlns=""http://schemas.microsoft.com/win/2004/08/events/event"">
  <System>
    <Provider Name=""Microsoft-Windows-Sysmon"" Guid=""{5770385f-c22a-43e0-bf4c-06f5698ffbd9}""/>
    <EventID>22</EventID>
    <Version>5</Version>
    <Level>4</Level>
    <Task>22</Task>
    <Opcode>0</Opcode>
    <Keywords>0x8000000000000000</Keywords>
    <TimeCreated SystemTime=""2023-12-21T08:42:15.9030759Z""/>
    <EventRecordID>6137</EventRecordID>
    <Correlation/>
    <Execution ProcessID=""3400"" ThreadID=""4220""/>
    <Channel>Microsoft-Windows-Sysmon/Operational</Channel>
    <Computer>WinDev2309Eval</Computer>
    <Security UserID=""S-1-5-18""/>
  </System>
  <EventData>
    <Data Name=""RuleName"">-</Data>
    <Data Name=""UtcTime"">2023-12-20 17:10:44.838</Data>
    <Data Name=""ProcessGuid"">{f57bd86a-fa60-6583-be04-000000000d00}</Data>
    <Data Name=""ProcessId"">2080</Data>
    <Data Name=""QueryName"">download-ssl.msgamestudios.com</Data>
    <Data Name=""QueryStatus"">0</Data>
    <Data Name=""QueryResults"">type: 5 download-ssl.msgamestudios.com-san.edgekey.net;type: 5 e85734.dscd.akamaiedge.net;::ffff:23.48.165.22;::ffff:23.48.165.34;</Data>
    <Data Name=""Image"">C:\Program Files\WindowsApps\Microsoft.MicrosoftSolitaireCollection_4.18.11210.0_x64__8wekyb3d8bbwe\Solitaire.exe</Data>
    <Data Name=""User"">WINDEV2309EVAL\User</Data>
  </EventData>
</Event>
"
Microsoft-Windows-Sysmon/Operational,,,WinDev2309Eval,,,,,,,,,,22,6136,,,,C:\Program Files\WindowsApps\Microsoft.MicrosoftSolitaireCollection_4.18.11210.0_x64__8wekyb3d8bbwe\Solitaire.exe,,,0x8000000000000000,4,,,,,0,,,,,,,{f57bd86a-fa60-6583-be04-000000000d00},3400,2080.0,,,download-ssl.msgamestudios.com,type: 5 download-ssl.msgamestudios.com-san.edgekey.net;type: 5 e85734.dscd.akamaiedge.net;::ffff:23.48.165.22;::ffff:23.48.165.34;,0.0,-,,,,,,,,,,,,,2023-12-21T08:42:15.9016409Z,,,,,,,22,,4220,WINDEV2309EVAL\User,S-1-5-18,10:44.8,5.0,"<Event xmlns=""http://schemas.microsoft.com/win/2004/08/events/event"">
  <System>
    <Provider Name=""Microsoft-Windows-Sysmon"" Guid=""{5770385f-c22a-43e0-bf4c-06f5698ffbd9}""/>
    <EventID>22</EventID>
    <Version>5</Version>
    <Level>4</Level>
    <Task>22</Task>
    <Opcode>0</Opcode>
    <Keywords>0x8000000000000000</Keywords>
    <TimeCreated SystemTime=""2023-12-21T08:42:15.9016409Z""/>
    <EventRecordID>6136</EventRecordID>
    <Correlation/>
    <Execution ProcessID=""3400"" ThreadID=""4220""/>
    <Channel>Microsoft-Windows-Sysmon/Operational</Channel>
    <Computer>WinDev2309Eval</Computer>
    <Security UserID=""S-1-5-18""/>
  </System>
  <EventData>
    <Data Name=""RuleName"">-</Data>
    <Data Name=""UtcTime"">2023-12-20 17:10:44.828</Data>
    <Data Name=""ProcessGuid"">{f57bd86a-fa60-6583-be04-000000000d00}</Data>
    <Data Name=""ProcessId"">2080</Data>
    <Data Name=""QueryName"">download-ssl.msgamestudios.com</Data>
    <Data Name=""QueryStatus"">0</Data>
    <Data Name=""QueryResults"">type: 5 download-ssl.msgamestudios.com-san.edgekey.net;type: 5 e85734.dscd.akamaiedge.net;::ffff:23.48.165.22;::ffff:23.48.165.34;</Data>
    <Data Name=""Image"">C:\Program Files\WindowsApps\Microsoft.MicrosoftSolitaireCollection_4.18.11210.0_x64__8wekyb3d8bbwe\Solitaire.exe</Data>
    <Data Name=""User"">WINDEV2309EVAL\User</Data>
  </EventData>
</Event>
"
Microsoft-Windows-Sysmon/Operational,,,WinDev2309Eval,,,,,,,,,,22,6135,,,,C:\Program Files\WindowsApps\Microsoft.MicrosoftSolitaireCollection_4.18.11210.0_x64__8wekyb3d8bbwe\Solitaire.exe,,,0x8000000000000000,4,,,,,0,,,,,,,{f57bd86a-fa60-6583-be04-000000000d00},3400,2080.0,,,download-ssl.msgamestudios.com,type: 5 download-ssl.msgamestudios.com-san.edgekey.net;type: 5 e85734.dscd.akamaiedge.net;::ffff:23.48.165.22;::ffff:23.48.165.34;,0.0,-,,,,,,,,,,,,,2023-12-21T08:42:15.8980257Z,,,,,,,22,,4220,WINDEV2309EVAL\User,S-1-5-18,10:44.8,5.0,"<Event xmlns=""http://schemas.microsoft.com/win/2004/08/events/event"">
  <System>
    <Provider Name=""Microsoft-Windows-Sysmon"" Guid=""{5770385f-c22a-43e0-bf4c-06f5698ffbd9}""/>
    <EventID>22</EventID>
    <Version>5</Version>
    <Level>4</Level>
    <Task>22</Task>
    <Opcode>0</Opcode>
    <Keywords>0x8000000000000000</Keywords>
    <TimeCreated SystemTime=""2023-12-21T08:42:15.8980257Z""/>
    <EventRecordID>6135</EventRecordID>
    <Correlation/>
    <Execution ProcessID=""3400"" ThreadID=""4220""/>
    <Channel>Microsoft-Windows-Sysmon/Operational</Channel>
    <Computer>WinDev2309Eval</Computer>
    <Security UserID=""S-1-5-18""/>
  </System>
  <EventData>
    <Data Name=""RuleName"">-</Data>
    <Data Name=""UtcTime"">2023-12-20 17:10:44.784</Data>
    <Data Name=""ProcessGuid"">{f57bd86a-fa60-6583-be04-000000000d00}</Data>
    <Data Name=""ProcessId"">2080</Data>
    <Data Name=""QueryName"">download-ssl.msgamestudios.com</Data>
    <Data Name=""QueryStatus"">0</Data>
    <Data Name=""QueryResults"">type: 5 download-ssl.msgamestudios.com-san.edgekey.net;type: 5 e85734.dscd.akamaiedge.net;::ffff:23.48.165.22;::ffff:23.48.165.34;</Data>
    <Data Name=""Image"">C:\Program Files\WindowsApps\Microsoft.MicrosoftSolitaireCollection_4.18.11210.0_x64__8wekyb3d8bbwe\Solitaire.exe</Data>
    <Data Name=""User"">WINDEV2309EVAL\User</Data>
  </EventData>
</Event>
"
Microsoft-Windows-Sysmon/Operational,,,WinDev2309Eval,,,,,,,,,,22,6134,,,,C:\Program Files\WindowsApps\Microsoft.MicrosoftSolitaireCollection_4.18.11210.0_x64__8wekyb3d8bbwe\Solitaire.exe,,,0x8000000000000000,4,,,,,0,,,,,,,{f57bd86a-fa60-6583-be04-000000000d00},3400,2080.0,,,download-ssl.msgamestudios.com,type: 5 download-ssl.msgamestudios.com-san.edgekey.net;type: 5 e85734.dscd.akamaiedge.net;::ffff:23.48.165.22;::ffff:23.48.165.34;,0.0,-,,,,,,,,,,,,,2023-12-21T08:42:15.8963816Z,,,,,,,22,,4220,WINDEV2309EVAL\User,S-1-5-18,10:44.7,5.0,"<Event xmlns=""http://schemas.microsoft.com/win/2004/08/events/event"">
  <System>
    <Provider Name=""Microsoft-Windows-Sysmon"" Guid=""{5770385f-c22a-43e0-bf4c-06f5698ffbd9}""/>
    <EventID>22</EventID>
    <Version>5</Version>
    <Level>4</Level>
    <Task>22</Task>
    <Opcode>0</Opcode>
    <Keywords>0x8000000000000000</Keywords>
    <TimeCreated SystemTime=""2023-12-21T08:42:15.8963816Z""/>
    <EventRecordID>6134</EventRecordID>
    <Correlation/>
    <Execution ProcessID=""3400"" ThreadID=""4220""/>
    <Channel>Microsoft-Windows-Sysmon/Operational</Channel>
    <Computer>WinDev2309Eval</Computer>
    <Security UserID=""S-1-5-18""/>
  </System>
  <EventData>
    <Data Name=""RuleName"">-</Data>
    <Data Name=""UtcTime"">2023-12-20 17:10:44.694</Data>
    <Data Name=""ProcessGuid"">{f57bd86a-fa60-6583-be04-000000000d00}</Data>
    <Data Name=""ProcessId"">2080</Data>
    <Data Name=""QueryName"">download-ssl.msgamestudios.com</Data>
    <Data Name=""QueryStatus"">0</Data>
    <Data Name=""QueryResults"">type: 5 download-ssl.msgamestudios.com-san.edgekey.net;type: 5 e85734.dscd.akamaiedge.net;::ffff:23.48.165.22;::ffff:23.48.165.34;</Data>
    <Data Name=""Image"">C:\Program Files\WindowsApps\Microsoft.MicrosoftSolitaireCollection_4.18.11210.0_x64__8wekyb3d8bbwe\Solitaire.exe</Data>
    <Data Name=""User"">WINDEV2309EVAL\User</Data>
  </EventData>
</Event>
"
Microsoft-Windows-Sysmon/Operational,,,WinDev2309Eval,,,,,,,,,,22,6133,,,,C:\Program Files\WindowsApps\Microsoft.MicrosoftSolitaireCollection_4.18.11210.0_x64__8wekyb3d8bbwe\Solitaire.exe,,,0x8000000000000000,4,,,,,0,,,,,,,{f57bd86a-fa60-6583-be04-000000000d00},3400,2080.0,,,download-ssl.msgamestudios.com,type: 5 download-ssl.msgamestudios.com-san.edgekey.net;type: 5 e85734.dscd.akamaiedge.net;::ffff:23.48.165.22;::ffff:23.48.165.34;,0.0,-,,,,,,,,,,,,,2023-12-21T08:42:15.8949925Z,,,,,,,22,,4220,WINDEV2309EVAL\User,S-1-5-18,10:44.6,5.0,"<Event xmlns=""http://schemas.microsoft.com/win/2004/08/events/event"">
  <System>
    <Provider Name=""Microsoft-Windows-Sysmon"" Guid=""{5770385f-c22a-43e0-bf4c-06f5698ffbd9}""/>
    <EventID>22</EventID>
    <Version>5</Version>
    <Level>4</Level>
    <Task>22</Task>
    <Opcode>0</Opcode>
    <Keywords>0x8000000000000000</Keywords>
    <TimeCreated SystemTime=""2023-12-21T08:42:15.8949925Z""/>
    <EventRecordID>6133</EventRecordID>
    <Correlation/>
    <Execution ProcessID=""3400"" ThreadID=""4220""/>
    <Channel>Microsoft-Windows-Sysmon/Operational</Channel>
    <Computer>WinDev2309Eval</Computer>
    <Security UserID=""S-1-5-18""/>
  </System>
  <EventData>
    <Data Name=""RuleName"">-</Data>
    <Data Name=""UtcTime"">2023-12-20 17:10:44.648</Data>
    <Data Name=""ProcessGuid"">{f57bd86a-fa60-6583-be04-000000000d00}</Data>
    <Data Name=""ProcessId"">2080</Data>
    <Data Name=""QueryName"">download-ssl.msgamestudios.com</Data>
    <Data Name=""QueryStatus"">0</Data>
    <Data Name=""QueryResults"">type: 5 download-ssl.msgamestudios.com-san.edgekey.net;type: 5 e85734.dscd.akamaiedge.net;::ffff:23.48.165.22;::ffff:23.48.165.34;</Data>
    <Data Name=""Image"">C:\Program Files\WindowsApps\Microsoft.MicrosoftSolitaireCollection_4.18.11210.0_x64__8wekyb3d8bbwe\Solitaire.exe</Data>
    <Data Name=""User"">WINDEV2309EVAL\User</Data>
  </EventData>
</Event>
"
Microsoft-Windows-Sysmon/Operational,,,WinDev2309Eval,,,,,,,,,,22,6132,,,,C:\Program Files\WindowsApps\Microsoft.MicrosoftSolitaireCollection_4.18.11210.0_x64__8wekyb3d8bbwe\Solitaire.exe,,,0x8000000000000000,4,,,,,0,,,,,,,{f57bd86a-fa60-6583-be04-000000000d00},3400,2080.0,,,download-ssl.msgamestudios.com,type: 5 download-ssl.msgamestudios.com-san.edgekey.net;type: 5 e85734.dscd.akamaiedge.net;::ffff:23.48.165.22;::ffff:23.48.165.34;,0.0,-,,,,,,,,,,,,,2023-12-21T08:42:15.8935410Z,,,,,,,22,,4220,WINDEV2309EVAL\User,S-1-5-18,10:44.6,5.0,"<Event xmlns=""http://schemas.microsoft.com/win/2004/08/events/event"">
  <System>
    <Provider Name=""Microsoft-Windows-Sysmon"" Guid=""{5770385f-c22a-43e0-bf4c-06f5698ffbd9}""/>
    <EventID>22</EventID>
    <Version>5</Version>
    <Level>4</Level>
    <Task>22</Task>
    <Opcode>0</Opcode>
    <Keywords>0x8000000000000000</Keywords>
    <TimeCreated SystemTime=""2023-12-21T08:42:15.8935410Z""/>
    <EventRecordID>6132</EventRecordID>
    <Correlation/>
    <Execution ProcessID=""3400"" ThreadID=""4220""/>
    <Channel>Microsoft-Windows-Sysmon/Operational</Channel>
    <Computer>WinDev2309Eval</Computer>
    <Security UserID=""S-1-5-18""/>
  </System>
  <EventData>
    <Data Name=""RuleName"">-</Data>
    <Data Name=""UtcTime"">2023-12-20 17:10:44.615</Data>
    <Data Name=""ProcessGuid"">{f57bd86a-fa60-6583-be04-000000000d00}</Data>
    <Data Name=""ProcessId"">2080</Data>
    <Data Name=""QueryName"">download-ssl.msgamestudios.com</Data>
    <Data Name=""QueryStatus"">0</Data>
    <Data Name=""QueryResults"">type: 5 download-ssl.msgamestudios.com-san.edgekey.net;type: 5 e85734.dscd.akamaiedge.net;::ffff:23.48.165.22;::ffff:23.48.165.34;</Data>
    <Data Name=""Image"">C:\Program Files\WindowsApps\Microsoft.MicrosoftSolitaireCollection_4.18.11210.0_x64__8wekyb3d8bbwe\Solitaire.exe</Data>
    <Data Name=""User"">WINDEV2309EVAL\User</Data>
  </EventData>
</Event>
"
Microsoft-Windows-Sysmon/Operational,,,WinDev2309Eval,,,,,,,,,,22,6131,,,,C:\Program Files\WindowsApps\Microsoft.MicrosoftSolitaireCollection_4.18.11210.0_x64__8wekyb3d8bbwe\Solitaire.exe,,,0x8000000000000000,4,,,,,0,,,,,,,{f57bd86a-fa60-6583-be04-000000000d00},3400,2080.0,,,download-ssl.msgamestudios.com,type: 5 download-ssl.msgamestudios.com-san.edgekey.net;type: 5 e85734.dscd.akamaiedge.net;::ffff:23.48.165.22;::ffff:23.48.165.34;,0.0,-,,,,,,,,,,,,,2023-12-21T08:42:15.8917114Z,,,,,,,22,,4220,WINDEV2309EVAL\User,S-1-5-18,10:44.4,5.0,"<Event xmlns=""http://schemas.microsoft.com/win/2004/08/events/event"">
  <System>
    <Provider Name=""Microsoft-Windows-Sysmon"" Guid=""{5770385f-c22a-43e0-bf4c-06f5698ffbd9}""/>
    <EventID>22</EventID>
    <Version>5</Version>
    <Level>4</Level>
    <Task>22</Task>
    <Opcode>0</Opcode>
    <Keywords>0x8000000000000000</Keywords>
    <TimeCreated SystemTime=""2023-12-21T08:42:15.8917114Z""/>
    <EventRecordID>6131</EventRecordID>
    <Correlation/>
    <Execution ProcessID=""3400"" ThreadID=""4220""/>
    <Channel>Microsoft-Windows-Sysmon/Operational</Channel>
    <Computer>WinDev2309Eval</Computer>
    <Security UserID=""S-1-5-18""/>
  </System>
  <EventData>
    <Data Name=""RuleName"">-</Data>
    <Data Name=""UtcTime"">2023-12-20 17:10:44.410</Data>
    <Data Name=""ProcessGuid"">{f57bd86a-fa60-6583-be04-000000000d00}</Data>
    <Data Name=""ProcessId"">2080</Data>
    <Data Name=""QueryName"">download-ssl.msgamestudios.com</Data>
    <Data Name=""QueryStatus"">0</Data>
    <Data Name=""QueryResults"">type: 5 download-ssl.msgamestudios.com-san.edgekey.net;type: 5 e85734.dscd.akamaiedge.net;::ffff:23.48.165.22;::ffff:23.48.165.34;</Data>
    <Data Name=""Image"">C:\Program Files\WindowsApps\Microsoft.MicrosoftSolitaireCollection_4.18.11210.0_x64__8wekyb3d8bbwe\Solitaire.exe</Data>
    <Data Name=""User"">WINDEV2309EVAL\User</Data>
  </EventData>
</Event>
"
Microsoft-Windows-Sysmon/Operational,,,WinDev2309Eval,,,,,,,,,,22,6130,,,,C:\Program Files\WindowsApps\Microsoft.MicrosoftSolitaireCollection_4.18.11210.0_x64__8wekyb3d8bbwe\Solitaire.exe,,,0x8000000000000000,4,,,,,0,,,,,,,{f57bd86a-fa60-6583-be04-000000000d00},3400,2080.0,,,download-ssl.msgamestudios.com,type: 5 download-ssl.msgamestudios.com-san.edgekey.net;type: 5 e85734.dscd.akamaiedge.net;::ffff:23.48.165.22;::ffff:23.48.165.34;,0.0,-,,,,,,,,,,,,,2023-12-21T08:42:15.8895186Z,,,,,,,22,,4220,WINDEV2309EVAL\User,S-1-5-18,10:44.4,5.0,"<Event xmlns=""http://schemas.microsoft.com/win/2004/08/events/event"">
  <System>
    <Provider Name=""Microsoft-Windows-Sysmon"" Guid=""{5770385f-c22a-43e0-bf4c-06f5698ffbd9}""/>
    <EventID>22</EventID>
    <Version>5</Version>
    <Level>4</Level>
    <Task>22</Task>
    <Opcode>0</Opcode>
    <Keywords>0x8000000000000000</Keywords>
    <TimeCreated SystemTime=""2023-12-21T08:42:15.8895186Z""/>
    <EventRecordID>6130</EventRecordID>
    <Correlation/>
    <Execution ProcessID=""3400"" ThreadID=""4220""/>
    <Channel>Microsoft-Windows-Sysmon/Operational</Channel>
    <Computer>WinDev2309Eval</Computer>
    <Security UserID=""S-1-5-18""/>
  </System>
  <EventData>
    <Data Name=""RuleName"">-</Data>
    <Data Name=""UtcTime"">2023-12-20 17:10:44.410</Data>
    <Data Name=""ProcessGuid"">{f57bd86a-fa60-6583-be04-000000000d00}</Data>
    <Data Name=""ProcessId"">2080</Data>
    <Data Name=""QueryName"">download-ssl.msgamestudios.com</Data>
    <Data Name=""QueryStatus"">0</Data>
    <Data Name=""QueryResults"">type: 5 download-ssl.msgamestudios.com-san.edgekey.net;type: 5 e85734.dscd.akamaiedge.net;::ffff:23.48.165.22;::ffff:23.48.165.34;</Data>
    <Data Name=""Image"">C:\Program Files\WindowsApps\Microsoft.MicrosoftSolitaireCollection_4.18.11210.0_x64__8wekyb3d8bbwe\Solitaire.exe</Data>
    <Data Name=""User"">WINDEV2309EVAL\User</Data>
  </EventData>
</Event>
"
Microsoft-Windows-Sysmon/Operational,,,WinDev2309Eval,,,,,,,,,,22,6129,,,,C:\Program Files\WindowsApps\Microsoft.MicrosoftSolitaireCollection_4.18.11210.0_x64__8wekyb3d8bbwe\Solitaire.exe,,,0x8000000000000000,4,,,,,0,,,,,,,{f57bd86a-fa60-6583-be04-000000000d00},3400,2080.0,,,download-ssl.msgamestudios.com,type: 5 download-ssl.msgamestudios.com-san.edgekey.net;type: 5 e85734.dscd.akamaiedge.net;::ffff:23.48.165.22;::ffff:23.48.165.34;,0.0,-,,,,,,,,,,,,,2023-12-21T08:42:15.8871033Z,,,,,,,22,,4220,WINDEV2309EVAL\User,S-1-5-18,10:44.3,5.0,"<Event xmlns=""http://schemas.microsoft.com/win/2004/08/events/event"">
  <System>
    <Provider Name=""Microsoft-Windows-Sysmon"" Guid=""{5770385f-c22a-43e0-bf4c-06f5698ffbd9}""/>
    <EventID>22</EventID>
    <Version>5</Version>
    <Level>4</Level>
    <Task>22</Task>
    <Opcode>0</Opcode>
    <Keywords>0x8000000000000000</Keywords>
    <TimeCreated SystemTime=""2023-12-21T08:42:15.8871033Z""/>
    <EventRecordID>6129</EventRecordID>
    <Correlation/>
    <Execution ProcessID=""3400"" ThreadID=""4220""/>
    <Channel>Microsoft-Windows-Sysmon/Operational</Channel>
    <Computer>WinDev2309Eval</Computer>
    <Security UserID=""S-1-5-18""/>
  </System>
  <EventData>
    <Data Name=""RuleName"">-</Data>
    <Data Name=""UtcTime"">2023-12-20 17:10:44.340</Data>
    <Data Name=""ProcessGuid"">{f57bd86a-fa60-6583-be04-000000000d00}</Data>
    <Data Name=""ProcessId"">2080</Data>
    <Data Name=""QueryName"">download-ssl.msgamestudios.com</Data>
    <Data Name=""QueryStatus"">0</Data>
    <Data Name=""QueryResults"">type: 5 download-ssl.msgamestudios.com-san.edgekey.net;type: 5 e85734.dscd.akamaiedge.net;::ffff:23.48.165.22;::ffff:23.48.165.34;</Data>
    <Data Name=""Image"">C:\Program Files\WindowsApps\Microsoft.MicrosoftSolitaireCollection_4.18.11210.0_x64__8wekyb3d8bbwe\Solitaire.exe</Data>
    <Data Name=""User"">WINDEV2309EVAL\User</Data>
  </EventData>
</Event>
"
Microsoft-Windows-Sysmon/Operational,,,WinDev2309Eval,,,,,,,,,,22,6128,,,,C:\Program Files\WindowsApps\Microsoft.MicrosoftSolitaireCollection_4.18.11210.0_x64__8wekyb3d8bbwe\Solitaire.exe,,,0x8000000000000000,4,,,,,0,,,,,,,{f57bd86a-fa60-6583-be04-000000000d00},3400,2080.0,,,download-ssl.msgamestudios.com,type: 5 download-ssl.msgamestudios.com-san.edgekey.net;type: 5 e85734.dscd.akamaiedge.net;::ffff:23.48.165.22;::ffff:23.48.165.34;,0.0,-,,,,,,,,,,,,,2023-12-21T08:42:15.8850519Z,,,,,,,22,,4220,WINDEV2309EVAL\User,S-1-5-18,10:44.2,5.0,"<Event xmlns=""http://schemas.microsoft.com/win/2004/08/events/event"">
  <System>
    <Provider Name=""Microsoft-Windows-Sysmon"" Guid=""{5770385f-c22a-43e0-bf4c-06f5698ffbd9}""/>
    <EventID>22</EventID>
    <Version>5</Version>
    <Level>4</Level>
    <Task>22</Task>
    <Opcode>0</Opcode>
    <Keywords>0x8000000000000000</Keywords>
    <TimeCreated SystemTime=""2023-12-21T08:42:15.8850519Z""/>
    <EventRecordID>6128</EventRecordID>
    <Correlation/>
    <Execution ProcessID=""3400"" ThreadID=""4220""/>
    <Channel>Microsoft-Windows-Sysmon/Operational</Channel>
    <Computer>WinDev2309Eval</Computer>
    <Security UserID=""S-1-5-18""/>
  </System>
  <EventData>
    <Data Name=""RuleName"">-</Data>
    <Data Name=""UtcTime"">2023-12-20 17:10:44.191</Data>
    <Data Name=""ProcessGuid"">{f57bd86a-fa60-6583-be04-000000000d00}</Data>
    <Data Name=""ProcessId"">2080</Data>
    <Data Name=""QueryName"">download-ssl.msgamestudios.com</Data>
    <Data Name=""QueryStatus"">0</Data>
    <Data Name=""QueryResults"">type: 5 download-ssl.msgamestudios.com-san.edgekey.net;type: 5 e85734.dscd.akamaiedge.net;::ffff:23.48.165.22;::ffff:23.48.165.34;</Data>
    <Data Name=""Image"">C:\Program Files\WindowsApps\Microsoft.MicrosoftSolitaireCollection_4.18.11210.0_x64__8wekyb3d8bbwe\Solitaire.exe</Data>
    <Data Name=""User"">WINDEV2309EVAL\User</Data>
  </EventData>
</Event>
"
Microsoft-Windows-Sysmon/Operational,,,WinDev2309Eval,,,,,,,,,,22,6127,,,,C:\Program Files\WindowsApps\Microsoft.MicrosoftSolitaireCollection_4.18.11210.0_x64__8wekyb3d8bbwe\Solitaire.exe,,,0x8000000000000000,4,,,,,0,,,,,,,{f57bd86a-fa60-6583-be04-000000000d00},3400,2080.0,,,download-ssl.msgamestudios.com,type: 5 download-ssl.msgamestudios.com-san.edgekey.net;type: 5 e85734.dscd.akamaiedge.net;::ffff:23.48.165.22;::ffff:23.48.165.34;,0.0,-,,,,,,,,,,,,,2023-12-21T08:42:15.8834067Z,,,,,,,22,,4220,WINDEV2309EVAL\User,S-1-5-18,10:44.2,5.0,"<Event xmlns=""http://schemas.microsoft.com/win/2004/08/events/event"">
  <System>
    <Provider Name=""Microsoft-Windows-Sysmon"" Guid=""{5770385f-c22a-43e0-bf4c-06f5698ffbd9}""/>
    <EventID>22</EventID>
    <Version>5</Version>
    <Level>4</Level>
    <Task>22</Task>
    <Opcode>0</Opcode>
    <Keywords>0x8000000000000000</Keywords>
    <TimeCreated SystemTime=""2023-12-21T08:42:15.8834067Z""/>
    <EventRecordID>6127</EventRecordID>
    <Correlation/>
    <Execution ProcessID=""3400"" ThreadID=""4220""/>
    <Channel>Microsoft-Windows-Sysmon/Operational</Channel>
    <Computer>WinDev2309Eval</Computer>
    <Security UserID=""S-1-5-18""/>
  </System>
  <EventData>
    <Data Name=""RuleName"">-</Data>
    <Data Name=""UtcTime"">2023-12-20 17:10:44.190</Data>
    <Data Name=""ProcessGuid"">{f57bd86a-fa60-6583-be04-000000000d00}</Data>
    <Data Name=""ProcessId"">2080</Data>
    <Data Name=""QueryName"">download-ssl.msgamestudios.com</Data>
    <Data Name=""QueryStatus"">0</Data>
    <Data Name=""QueryResults"">type: 5 download-ssl.msgamestudios.com-san.edgekey.net;type: 5 e85734.dscd.akamaiedge.net;::ffff:23.48.165.22;::ffff:23.48.165.34;</Data>
    <Data Name=""Image"">C:\Program Files\WindowsApps\Microsoft.MicrosoftSolitaireCollection_4.18.11210.0_x64__8wekyb3d8bbwe\Solitaire.exe</Data>
    <Data Name=""User"">WINDEV2309EVAL\User</Data>
  </EventData>
</Event>
"
Microsoft-Windows-Sysmon/Operational,,,WinDev2309Eval,,,,,,,,,,22,6126,,,,C:\Program Files\WindowsApps\Microsoft.MicrosoftSolitaireCollection_4.18.11210.0_x64__8wekyb3d8bbwe\Solitaire.exe,,,0x8000000000000000,4,,,,,0,,,,,,,{f57bd86a-fa60-6583-be04-000000000d00},3400,2080.0,,,download-ssl.msgamestudios.com,type: 5 download-ssl.msgamestudios.com-san.edgekey.net;type: 5 e85734.dscd.akamaiedge.net;::ffff:23.48.165.22;::ffff:23.48.165.34;,0.0,-,,,,,,,,,,,,,2023-12-21T08:42:15.8819260Z,,,,,,,22,,4220,WINDEV2309EVAL\User,S-1-5-18,10:44.2,5.0,"<Event xmlns=""http://schemas.microsoft.com/win/2004/08/events/event"">
  <System>
    <Provider Name=""Microsoft-Windows-Sysmon"" Guid=""{5770385f-c22a-43e0-bf4c-06f5698ffbd9}""/>
    <EventID>22</EventID>
    <Version>5</Version>
    <Level>4</Level>
    <Task>22</Task>
    <Opcode>0</Opcode>
    <Keywords>0x8000000000000000</Keywords>
    <TimeCreated SystemTime=""2023-12-21T08:42:15.8819260Z""/>
    <EventRecordID>6126</EventRecordID>
    <Correlation/>
    <Execution ProcessID=""3400"" ThreadID=""4220""/>
    <Channel>Microsoft-Windows-Sysmon/Operational</Channel>
    <Computer>WinDev2309Eval</Computer>
    <Security UserID=""S-1-5-18""/>
  </System>
  <EventData>
    <Data Name=""RuleName"">-</Data>
    <Data Name=""UtcTime"">2023-12-20 17:10:44.190</Data>
    <Data Name=""ProcessGuid"">{f57bd86a-fa60-6583-be04-000000000d00}</Data>
    <Data Name=""ProcessId"">2080</Data>
    <Data Name=""QueryName"">download-ssl.msgamestudios.com</Data>
    <Data Name=""QueryStatus"">0</Data>
    <Data Name=""QueryResults"">type: 5 download-ssl.msgamestudios.com-san.edgekey.net;type: 5 e85734.dscd.akamaiedge.net;::ffff:23.48.165.22;::ffff:23.48.165.34;</Data>
    <Data Name=""Image"">C:\Program Files\WindowsApps\Microsoft.MicrosoftSolitaireCollection_4.18.11210.0_x64__8wekyb3d8bbwe\Solitaire.exe</Data>
    <Data Name=""User"">WINDEV2309EVAL\User</Data>
  </EventData>
</Event>
"
Microsoft-Windows-Sysmon/Operational,,,WinDev2309Eval,,,,,,,,,,22,6125,,,,C:\Program Files\WindowsApps\Microsoft.MicrosoftSolitaireCollection_4.18.11210.0_x64__8wekyb3d8bbwe\Solitaire.exe,,,0x8000000000000000,4,,,,,0,,,,,,,{f57bd86a-fa60-6583-be04-000000000d00},3400,2080.0,,,download-ssl.msgamestudios.com,type: 5 download-ssl.msgamestudios.com-san.edgekey.net;type: 5 e85734.dscd.akamaiedge.net;::ffff:23.48.165.22;::ffff:23.48.165.34;,0.0,-,,,,,,,,,,,,,2023-12-21T08:42:15.8806040Z,,,,,,,22,,4220,WINDEV2309EVAL\User,S-1-5-18,10:44.2,5.0,"<Event xmlns=""http://schemas.microsoft.com/win/2004/08/events/event"">
  <System>
    <Provider Name=""Microsoft-Windows-Sysmon"" Guid=""{5770385f-c22a-43e0-bf4c-06f5698ffbd9}""/>
    <EventID>22</EventID>
    <Version>5</Version>
    <Level>4</Level>
    <Task>22</Task>
    <Opcode>0</Opcode>
    <Keywords>0x8000000000000000</Keywords>
    <TimeCreated SystemTime=""2023-12-21T08:42:15.8806040Z""/>
    <EventRecordID>6125</EventRecordID>
    <Correlation/>
    <Execution ProcessID=""3400"" ThreadID=""4220""/>
    <Channel>Microsoft-Windows-Sysmon/Operational</Channel>
    <Computer>WinDev2309Eval</Computer>
    <Security UserID=""S-1-5-18""/>
  </System>
  <EventData>
    <Data Name=""RuleName"">-</Data>
    <Data Name=""UtcTime"">2023-12-20 17:10:44.189</Data>
    <Data Name=""ProcessGuid"">{f57bd86a-fa60-6583-be04-000000000d00}</Data>
    <Data Name=""ProcessId"">2080</Data>
    <Data Name=""QueryName"">download-ssl.msgamestudios.com</Data>
    <Data Name=""QueryStatus"">0</Data>
    <Data Name=""QueryResults"">type: 5 download-ssl.msgamestudios.com-san.edgekey.net;type: 5 e85734.dscd.akamaiedge.net;::ffff:23.48.165.22;::ffff:23.48.165.34;</Data>
    <Data Name=""Image"">C:\Program Files\WindowsApps\Microsoft.MicrosoftSolitaireCollection_4.18.11210.0_x64__8wekyb3d8bbwe\Solitaire.exe</Data>
    <Data Name=""User"">WINDEV2309EVAL\User</Data>
  </EventData>
</Event>
"
Microsoft-Windows-Sysmon/Operational,,,WinDev2309Eval,,,,,,,,,,22,6124,,,,C:\Program Files\WindowsApps\Microsoft.MicrosoftSolitaireCollection_4.18.11210.0_x64__8wekyb3d8bbwe\Solitaire.exe,,,0x8000000000000000,4,,,,,0,,,,,,,{f57bd86a-fa60-6583-be04-000000000d00},3400,2080.0,,,download-ssl.msgamestudios.com,type: 5 download-ssl.msgamestudios.com-san.edgekey.net;type: 5 e85734.dscd.akamaiedge.net;::ffff:23.48.165.22;::ffff:23.48.165.34;,0.0,-,,,,,,,,,,,,,2023-12-21T08:42:15.8791023Z,,,,,,,22,,4220,WINDEV2309EVAL\User,S-1-5-18,10:44.2,5.0,"<Event xmlns=""http://schemas.microsoft.com/win/2004/08/events/event"">
  <System>
    <Provider Name=""Microsoft-Windows-Sysmon"" Guid=""{5770385f-c22a-43e0-bf4c-06f5698ffbd9}""/>
    <EventID>22</EventID>
    <Version>5</Version>
    <Level>4</Level>
    <Task>22</Task>
    <Opcode>0</Opcode>
    <Keywords>0x8000000000000000</Keywords>
    <TimeCreated SystemTime=""2023-12-21T08:42:15.8791023Z""/>
    <EventRecordID>6124</EventRecordID>
    <Correlation/>
    <Execution ProcessID=""3400"" ThreadID=""4220""/>
    <Channel>Microsoft-Windows-Sysmon/Operational</Channel>
    <Computer>WinDev2309Eval</Computer>
    <Security UserID=""S-1-5-18""/>
  </System>
  <EventData>
    <Data Name=""RuleName"">-</Data>
    <Data Name=""UtcTime"">2023-12-20 17:10:44.187</Data>
    <Data Name=""ProcessGuid"">{f57bd86a-fa60-6583-be04-000000000d00}</Data>
    <Data Name=""ProcessId"">2080</Data>
    <Data Name=""QueryName"">download-ssl.msgamestudios.com</Data>
    <Data Name=""QueryStatus"">0</Data>
    <Data Name=""QueryResults"">type: 5 download-ssl.msgamestudios.com-san.edgekey.net;type: 5 e85734.dscd.akamaiedge.net;::ffff:23.48.165.22;::ffff:23.48.165.34;</Data>
    <Data Name=""Image"">C:\Program Files\WindowsApps\Microsoft.MicrosoftSolitaireCollection_4.18.11210.0_x64__8wekyb3d8bbwe\Solitaire.exe</Data>
    <Data Name=""User"">WINDEV2309EVAL\User</Data>
  </EventData>
</Event>
"
