Channel,CommandLine,Company,Computer,CreationUtcTime,CurrentDirectory,Description,DestinationHostname,DestinationIp,DestinationIsIpv6,DestinationPort,DestinationPortName,Details,EventID,EventRecordID,EventType,FileVersion,Hashes,Image,Initiated,IntegrityLevel,Keywords,Level,LogonGuid,LogonId,Message,NewThreadId,Opcode,OriginalFileName,ParentCommandLine,ParentImage,ParentProcessGuid,ParentProcessId,ParentUser,ProcessGuid,ProcessID,ProcessId,Product,Protocol,QueryName,QueryResults,QueryStatus,RuleName,SourceHostname,SourceImage,SourceIp,SourceIsIpv6,SourcePort,SourcePortName,SourceProcessGuid,SourceProcessId,SourceUser,StartAddress,StartFunction,StartModule,SystemTime,TargetFilename,TargetImage,TargetObject,TargetProcessGuid,TargetProcessId,TargetUser,Task,TerminalSessionId,ThreadID,User,UserID,UtcTime,Version,raw
Microsoft-Windows-Sysmon/Operational,,,WinDev2309Eval,09:21.8,,,,,,,,,11,799,,,,C:\ProgramData\Microsoft\Windows Defender\Platform\4.18.23080.2006-0\MsMpEng.exe,,,0x8000000000000000,4,,,,,0,,,,,,,{f57bd86a-db70-6581-5800-000000000b00},10484,3784.0,,,,,,DLL,,,,,,,,,,,,,2023-12-19T21:09:21.8512543Z,C:\ProgramData\Microsoft\Windows Defender\Platform\4.18.23110.3-0\MpSenseComm.dll,,,,,,11,,10592,NT AUTHORITY\SYSTEM,S-1-5-18,09:21.8,2.0,"<Event xmlns=""http://schemas.microsoft.com/win/2004/08/events/event"">
  <System>
    <Provider Name=""Microsoft-Windows-Sysmon"" Guid=""{5770385f-c22a-43e0-bf4c-06f5698ffbd9}""/>
    <EventID>11</EventID>
    <Version>2</Version>
    <Level>4</Level>
    <Task>11</Task>
    <Opcode>0</Opcode>
    <Keywords>0x8000000000000000</Keywords>
    <TimeCreated SystemTime=""2023-12-19T21:09:21.8512543Z""/>
    <EventRecordID>799</EventRecordID>
    <Correlation/>
    <Execution ProcessID=""10484"" ThreadID=""10592""/>
    <Channel>Microsoft-Windows-Sysmon/Operational</Channel>
    <Computer>WinDev2309Eval</Computer>
    <Security UserID=""S-1-5-18""/>
  </System>
  <EventData>
    <Data Name=""RuleName"">DLL</Data>
    <Data Name=""UtcTime"">2023-12-19 21:09:21.843</Data>
    <Data Name=""ProcessGuid"">{f57bd86a-db70-6581-5800-000000000b00}</Data>
    <Data Name=""ProcessId"">3784</Data>
    <Data Name=""Image"">C:\ProgramData\Microsoft\Windows Defender\Platform\4.18.23080.2006-0\MsMpEng.exe</Data>
    <Data Name=""TargetFilename"">C:\ProgramData\Microsoft\Windows Defender\Platform\4.18.23110.3-0\MpSenseComm.dll</Data>
    <Data Name=""CreationUtcTime"">2023-12-19 21:09:21.843</Data>
    <Data Name=""User"">NT AUTHORITY\SYSTEM</Data>
  </EventData>
</Event>
"
Microsoft-Windows-Sysmon/Operational,,,WinDev2309Eval,09:21.8,,,,,,,,,11,798,,,,C:\ProgramData\Microsoft\Windows Defender\Platform\4.18.23080.2006-0\MsMpEng.exe,,,0x8000000000000000,4,,,,,0,,,,,,,{f57bd86a-db70-6581-5800-000000000b00},10484,3784.0,,,,,,DLL,,,,,,,,,,,,,2023-12-19T21:09:21.8444998Z,C:\ProgramData\Microsoft\Windows Defender\Platform\4.18.23110.3-0\endpointdlp.dll,,,,,,11,,10592,NT AUTHORITY\SYSTEM,S-1-5-18,09:21.8,2.0,"<Event xmlns=""http://schemas.microsoft.com/win/2004/08/events/event"">
  <System>
    <Provider Name=""Microsoft-Windows-Sysmon"" Guid=""{5770385f-c22a-43e0-bf4c-06f5698ffbd9}""/>
    <EventID>11</EventID>
    <Version>2</Version>
    <Level>4</Level>
    <Task>11</Task>
    <Opcode>0</Opcode>
    <Keywords>0x8000000000000000</Keywords>
    <TimeCreated SystemTime=""2023-12-19T21:09:21.8444998Z""/>
    <EventRecordID>798</EventRecordID>
    <Correlation/>
    <Execution ProcessID=""10484"" ThreadID=""10592""/>
    <Channel>Microsoft-Windows-Sysmon/Operational</Channel>
    <Computer>WinDev2309Eval</Computer>
    <Security UserID=""S-1-5-18""/>
  </System>
  <EventData>
    <Data Name=""RuleName"">DLL</Data>
    <Data Name=""UtcTime"">2023-12-19 21:09:21.843</Data>
    <Data Name=""ProcessGuid"">{f57bd86a-db70-6581-5800-000000000b00}</Data>
    <Data Name=""ProcessId"">3784</Data>
    <Data Name=""Image"">C:\ProgramData\Microsoft\Windows Defender\Platform\4.18.23080.2006-0\MsMpEng.exe</Data>
    <Data Name=""TargetFilename"">C:\ProgramData\Microsoft\Windows Defender\Platform\4.18.23110.3-0\endpointdlp.dll</Data>
    <Data Name=""CreationUtcTime"">2023-12-19 21:09:21.843</Data>
    <Data Name=""User"">NT AUTHORITY\SYSTEM</Data>
  </EventData>
</Event>
"
Microsoft-Windows-Sysmon/Operational,,,WinDev2309Eval,09:21.8,,,,,,,,,11,797,,,,C:\ProgramData\Microsoft\Windows Defender\Platform\4.18.23080.2006-0\MsMpEng.exe,,,0x8000000000000000,4,,,,,0,,,,,,,{f57bd86a-db70-6581-5800-000000000b00},10484,3784.0,,,,,,-,,,,,,,,,,,,,2023-12-19T21:09:21.8424574Z,C:\ProgramData\Microsoft\Windows Defender\Platform\4.18.23110.3-0\Drivers\WdNisDrv.sys,,,,,,11,,10592,NT AUTHORITY\SYSTEM,S-1-5-18,09:21.8,2.0,"<Event xmlns=""http://schemas.microsoft.com/win/2004/08/events/event"">
  <System>
    <Provider Name=""Microsoft-Windows-Sysmon"" Guid=""{5770385f-c22a-43e0-bf4c-06f5698ffbd9}""/>
    <EventID>11</EventID>
    <Version>2</Version>
    <Level>4</Level>
    <Task>11</Task>
    <Opcode>0</Opcode>
    <Keywords>0x8000000000000000</Keywords>
    <TimeCreated SystemTime=""2023-12-19T21:09:21.8424574Z""/>
    <EventRecordID>797</EventRecordID>
    <Correlation/>
    <Execution ProcessID=""10484"" ThreadID=""10592""/>
    <Channel>Microsoft-Windows-Sysmon/Operational</Channel>
    <Computer>WinDev2309Eval</Computer>
    <Security UserID=""S-1-5-18""/>
  </System>
  <EventData>
    <Data Name=""RuleName"">-</Data>
    <Data Name=""UtcTime"">2023-12-19 21:09:21.828</Data>
    <Data Name=""ProcessGuid"">{f57bd86a-db70-6581-5800-000000000b00}</Data>
    <Data Name=""ProcessId"">3784</Data>
    <Data Name=""Image"">C:\ProgramData\Microsoft\Windows Defender\Platform\4.18.23080.2006-0\MsMpEng.exe</Data>
    <Data Name=""TargetFilename"">C:\ProgramData\Microsoft\Windows Defender\Platform\4.18.23110.3-0\Drivers\WdNisDrv.sys</Data>
    <Data Name=""CreationUtcTime"">2023-12-19 21:09:21.828</Data>
    <Data Name=""User"">NT AUTHORITY\SYSTEM</Data>
  </EventData>
</Event>
"
Microsoft-Windows-Sysmon/Operational,,,WinDev2309Eval,09:21.8,,,,,,,,,11,796,,,,C:\ProgramData\Microsoft\Windows Defender\Platform\4.18.23080.2006-0\MsMpEng.exe,,,0x8000000000000000,4,,,,,0,,,,,,,{f57bd86a-db70-6581-5800-000000000b00},10484,3784.0,,,,,,-,,,,,,,,,,,,,2023-12-19T21:09:21.8381784Z,C:\ProgramData\Microsoft\Windows Defender\Platform\4.18.23110.3-0\Drivers\WdFilter.sys,,,,,,11,,10592,NT AUTHORITY\SYSTEM,S-1-5-18,09:21.8,2.0,"<Event xmlns=""http://schemas.microsoft.com/win/2004/08/events/event"">
  <System>
    <Provider Name=""Microsoft-Windows-Sysmon"" Guid=""{5770385f-c22a-43e0-bf4c-06f5698ffbd9}""/>
    <EventID>11</EventID>
    <Version>2</Version>
    <Level>4</Level>
    <Task>11</Task>
    <Opcode>0</Opcode>
    <Keywords>0x8000000000000000</Keywords>
    <TimeCreated SystemTime=""2023-12-19T21:09:21.8381784Z""/>
    <EventRecordID>796</EventRecordID>
    <Correlation/>
    <Execution ProcessID=""10484"" ThreadID=""10592""/>
    <Channel>Microsoft-Windows-Sysmon/Operational</Channel>
    <Computer>WinDev2309Eval</Computer>
    <Security UserID=""S-1-5-18""/>
  </System>
  <EventData>
    <Data Name=""RuleName"">-</Data>
    <Data Name=""UtcTime"">2023-12-19 21:09:21.828</Data>
    <Data Name=""ProcessGuid"">{f57bd86a-db70-6581-5800-000000000b00}</Data>
    <Data Name=""ProcessId"">3784</Data>
    <Data Name=""Image"">C:\ProgramData\Microsoft\Windows Defender\Platform\4.18.23080.2006-0\MsMpEng.exe</Data>
    <Data Name=""TargetFilename"">C:\ProgramData\Microsoft\Windows Defender\Platform\4.18.23110.3-0\Drivers\WdFilter.sys</Data>
    <Data Name=""CreationUtcTime"">2023-12-19 21:09:21.828</Data>
    <Data Name=""User"">NT AUTHORITY\SYSTEM</Data>
  </EventData>
</Event>
"
Microsoft-Windows-Sysmon/Operational,,,WinDev2309Eval,09:21.8,,,,,,,,,11,795,,,,C:\ProgramData\Microsoft\Windows Defender\Platform\4.18.23080.2006-0\MsMpEng.exe,,,0x8000000000000000,4,,,,,0,,,,,,,{f57bd86a-db70-6581-5800-000000000b00},10484,3784.0,,,,,,-,,,,,,,,,,,,,2023-12-19T21:09:21.8353336Z,C:\ProgramData\Microsoft\Windows Defender\Platform\4.18.23110.3-0\Drivers\WdDevFlt.sys,,,,,,11,,10592,NT AUTHORITY\SYSTEM,S-1-5-18,09:21.8,2.0,"<Event xmlns=""http://schemas.microsoft.com/win/2004/08/events/event"">
  <System>
    <Provider Name=""Microsoft-Windows-Sysmon"" Guid=""{5770385f-c22a-43e0-bf4c-06f5698ffbd9}""/>
    <EventID>11</EventID>
    <Version>2</Version>
    <Level>4</Level>
    <Task>11</Task>
    <Opcode>0</Opcode>
    <Keywords>0x8000000000000000</Keywords>
    <TimeCreated SystemTime=""2023-12-19T21:09:21.8353336Z""/>
    <EventRecordID>795</EventRecordID>
    <Correlation/>
    <Execution ProcessID=""10484"" ThreadID=""10592""/>
    <Channel>Microsoft-Windows-Sysmon/Operational</Channel>
    <Computer>WinDev2309Eval</Computer>
    <Security UserID=""S-1-5-18""/>
  </System>
  <EventData>
    <Data Name=""RuleName"">-</Data>
    <Data Name=""UtcTime"">2023-12-19 21:09:21.828</Data>
    <Data Name=""ProcessGuid"">{f57bd86a-db70-6581-5800-000000000b00}</Data>
    <Data Name=""ProcessId"">3784</Data>
    <Data Name=""Image"">C:\ProgramData\Microsoft\Windows Defender\Platform\4.18.23080.2006-0\MsMpEng.exe</Data>
    <Data Name=""TargetFilename"">C:\ProgramData\Microsoft\Windows Defender\Platform\4.18.23110.3-0\Drivers\WdDevFlt.sys</Data>
    <Data Name=""CreationUtcTime"">2023-12-19 21:09:21.828</Data>
    <Data Name=""User"">NT AUTHORITY\SYSTEM</Data>
  </EventData>
</Event>
"
Microsoft-Windows-Sysmon/Operational,,,WinDev2309Eval,09:21.8,,,,,,,,,11,794,,,,C:\ProgramData\Microsoft\Windows Defender\Platform\4.18.23080.2006-0\MsMpEng.exe,,,0x8000000000000000,4,,,,,0,,,,,,,{f57bd86a-db70-6581-5800-000000000b00},10484,3784.0,,,,,,-,,,,,,,,,,,,,2023-12-19T21:09:21.8335253Z,C:\ProgramData\Microsoft\Windows Defender\Platform\4.18.23110.3-0\Drivers\WdBoot.sys,,,,,,11,,10592,NT AUTHORITY\SYSTEM,S-1-5-18,09:21.8,2.0,"<Event xmlns=""http://schemas.microsoft.com/win/2004/08/events/event"">
  <System>
    <Provider Name=""Microsoft-Windows-Sysmon"" Guid=""{5770385f-c22a-43e0-bf4c-06f5698ffbd9}""/>
    <EventID>11</EventID>
    <Version>2</Version>
    <Level>4</Level>
    <Task>11</Task>
    <Opcode>0</Opcode>
    <Keywords>0x8000000000000000</Keywords>
    <TimeCreated SystemTime=""2023-12-19T21:09:21.8335253Z""/>
    <EventRecordID>794</EventRecordID>
    <Correlation/>
    <Execution ProcessID=""10484"" ThreadID=""10592""/>
    <Channel>Microsoft-Windows-Sysmon/Operational</Channel>
    <Computer>WinDev2309Eval</Computer>
    <Security UserID=""S-1-5-18""/>
  </System>
  <EventData>
    <Data Name=""RuleName"">-</Data>
    <Data Name=""UtcTime"">2023-12-19 21:09:21.828</Data>
    <Data Name=""ProcessGuid"">{f57bd86a-db70-6581-5800-000000000b00}</Data>
    <Data Name=""ProcessId"">3784</Data>
    <Data Name=""Image"">C:\ProgramData\Microsoft\Windows Defender\Platform\4.18.23080.2006-0\MsMpEng.exe</Data>
    <Data Name=""TargetFilename"">C:\ProgramData\Microsoft\Windows Defender\Platform\4.18.23110.3-0\Drivers\WdBoot.sys</Data>
    <Data Name=""CreationUtcTime"">2023-12-19 21:09:21.828</Data>
    <Data Name=""User"">NT AUTHORITY\SYSTEM</Data>
  </EventData>
</Event>
"
Microsoft-Windows-Sysmon/Operational,,,WinDev2309Eval,09:21.8,,,,,,,,,11,793,,,,C:\ProgramData\Microsoft\Windows Defender\Platform\4.18.23080.2006-0\MsMpEng.exe,,,0x8000000000000000,4,,,,,0,,,,,,,{f57bd86a-db70-6581-5800-000000000b00},10484,3784.0,,,,,,DLL,,,,,,,,,,,,,2023-12-19T21:09:21.8174163Z,C:\ProgramData\Microsoft\Windows Defender\Platform\4.18.23110.3-0\DefenderCSP.dll,,,,,,11,,10592,NT AUTHORITY\SYSTEM,S-1-5-18,09:21.8,2.0,"<Event xmlns=""http://schemas.microsoft.com/win/2004/08/events/event"">
  <System>
    <Provider Name=""Microsoft-Windows-Sysmon"" Guid=""{5770385f-c22a-43e0-bf4c-06f5698ffbd9}""/>
    <EventID>11</EventID>
    <Version>2</Version>
    <Level>4</Level>
    <Task>11</Task>
    <Opcode>0</Opcode>
    <Keywords>0x8000000000000000</Keywords>
    <TimeCreated SystemTime=""2023-12-19T21:09:21.8174163Z""/>
    <EventRecordID>793</EventRecordID>
    <Correlation/>
    <Execution ProcessID=""10484"" ThreadID=""10592""/>
    <Channel>Microsoft-Windows-Sysmon/Operational</Channel>
    <Computer>WinDev2309Eval</Computer>
    <Security UserID=""S-1-5-18""/>
  </System>
  <EventData>
    <Data Name=""RuleName"">DLL</Data>
    <Data Name=""UtcTime"">2023-12-19 21:09:21.812</Data>
    <Data Name=""ProcessGuid"">{f57bd86a-db70-6581-5800-000000000b00}</Data>
    <Data Name=""ProcessId"">3784</Data>
    <Data Name=""Image"">C:\ProgramData\Microsoft\Windows Defender\Platform\4.18.23080.2006-0\MsMpEng.exe</Data>
    <Data Name=""TargetFilename"">C:\ProgramData\Microsoft\Windows Defender\Platform\4.18.23110.3-0\DefenderCSP.dll</Data>
    <Data Name=""CreationUtcTime"">2023-12-19 21:09:21.812</Data>
    <Data Name=""User"">NT AUTHORITY\SYSTEM</Data>
  </EventData>
</Event>
"
Microsoft-Windows-Sysmon/Operational,,,WinDev2309Eval,09:21.8,,,,,,,,,11,792,,,,C:\ProgramData\Microsoft\Windows Defender\Platform\4.18.23080.2006-0\MsMpEng.exe,,,0x8000000000000000,4,,,,,0,,,,,,,{f57bd86a-db70-6581-5800-000000000b00},10484,3784.0,,,,,,EXE,,,,,,,,,,,,,2023-12-19T21:09:21.8125968Z,C:\ProgramData\Microsoft\Windows Defender\Platform\4.18.23110.3-0\MpDlpService.exe,,,,,,11,,10592,NT AUTHORITY\SYSTEM,S-1-5-18,09:21.8,2.0,"<Event xmlns=""http://schemas.microsoft.com/win/2004/08/events/event"">
  <System>
    <Provider Name=""Microsoft-Windows-Sysmon"" Guid=""{5770385f-c22a-43e0-bf4c-06f5698ffbd9}""/>
    <EventID>11</EventID>
    <Version>2</Version>
    <Level>4</Level>
    <Task>11</Task>
    <Opcode>0</Opcode>
    <Keywords>0x8000000000000000</Keywords>
    <TimeCreated SystemTime=""2023-12-19T21:09:21.8125968Z""/>
    <EventRecordID>792</EventRecordID>
    <Correlation/>
    <Execution ProcessID=""10484"" ThreadID=""10592""/>
    <Channel>Microsoft-Windows-Sysmon/Operational</Channel>
    <Computer>WinDev2309Eval</Computer>
    <Security UserID=""S-1-5-18""/>
  </System>
  <EventData>
    <Data Name=""RuleName"">EXE</Data>
    <Data Name=""UtcTime"">2023-12-19 21:09:21.797</Data>
    <Data Name=""ProcessGuid"">{f57bd86a-db70-6581-5800-000000000b00}</Data>
    <Data Name=""ProcessId"">3784</Data>
    <Data Name=""Image"">C:\ProgramData\Microsoft\Windows Defender\Platform\4.18.23080.2006-0\MsMpEng.exe</Data>
    <Data Name=""TargetFilename"">C:\ProgramData\Microsoft\Windows Defender\Platform\4.18.23110.3-0\MpDlpService.exe</Data>
    <Data Name=""CreationUtcTime"">2023-12-19 21:09:21.797</Data>
    <Data Name=""User"">NT AUTHORITY\SYSTEM</Data>
  </EventData>
</Event>
"
Microsoft-Windows-Sysmon/Operational,,,WinDev2309Eval,09:21.8,,,,,,,,,11,791,,,,C:\ProgramData\Microsoft\Windows Defender\Platform\4.18.23080.2006-0\MsMpEng.exe,,,0x8000000000000000,4,,,,,0,,,,,,,{f57bd86a-db70-6581-5800-000000000b00},10484,3784.0,,,,,,EXE,,,,,,,,,,,,,2023-12-19T21:09:21.8044459Z,C:\ProgramData\Microsoft\Windows Defender\Platform\4.18.23110.3-0\MpDefenderCoreService.exe,,,,,,11,,10592,NT AUTHORITY\SYSTEM,S-1-5-18,09:21.8,2.0,"<Event xmlns=""http://schemas.microsoft.com/win/2004/08/events/event"">
  <System>
    <Provider Name=""Microsoft-Windows-Sysmon"" Guid=""{5770385f-c22a-43e0-bf4c-06f5698ffbd9}""/>
    <EventID>11</EventID>
    <Version>2</Version>
    <Level>4</Level>
    <Task>11</Task>
    <Opcode>0</Opcode>
    <Keywords>0x8000000000000000</Keywords>
    <TimeCreated SystemTime=""2023-12-19T21:09:21.8044459Z""/>
    <EventRecordID>791</EventRecordID>
    <Correlation/>
    <Execution ProcessID=""10484"" ThreadID=""10592""/>
    <Channel>Microsoft-Windows-Sysmon/Operational</Channel>
    <Computer>WinDev2309Eval</Computer>
    <Security UserID=""S-1-5-18""/>
  </System>
  <EventData>
    <Data Name=""RuleName"">EXE</Data>
    <Data Name=""UtcTime"">2023-12-19 21:09:21.797</Data>
    <Data Name=""ProcessGuid"">{f57bd86a-db70-6581-5800-000000000b00}</Data>
    <Data Name=""ProcessId"">3784</Data>
    <Data Name=""Image"">C:\ProgramData\Microsoft\Windows Defender\Platform\4.18.23080.2006-0\MsMpEng.exe</Data>
    <Data Name=""TargetFilename"">C:\ProgramData\Microsoft\Windows Defender\Platform\4.18.23110.3-0\MpDefenderCoreService.exe</Data>
    <Data Name=""CreationUtcTime"">2023-12-19 21:09:21.797</Data>
    <Data Name=""User"">NT AUTHORITY\SYSTEM</Data>
  </EventData>
</Event>
"
Microsoft-Windows-Sysmon/Operational,,,WinDev2309Eval,09:21.8,,,,,,,,,11,790,,,,C:\ProgramData\Microsoft\Windows Defender\Platform\4.18.23080.2006-0\MsMpEng.exe,,,0x8000000000000000,4,,,,,0,,,,,,,{f57bd86a-db70-6581-5800-000000000b00},10484,3784.0,,,,,,EXE,,,,,,,,,,,,,2023-12-19T21:09:21.7885315Z,C:\ProgramData\Microsoft\Windows Defender\Platform\4.18.23110.3-0\NisSrv.exe,,,,,,11,,10592,NT AUTHORITY\SYSTEM,S-1-5-18,09:21.8,2.0,"<Event xmlns=""http://schemas.microsoft.com/win/2004/08/events/event"">
  <System>
    <Provider Name=""Microsoft-Windows-Sysmon"" Guid=""{5770385f-c22a-43e0-bf4c-06f5698ffbd9}""/>
    <EventID>11</EventID>
    <Version>2</Version>
    <Level>4</Level>
    <Task>11</Task>
    <Opcode>0</Opcode>
    <Keywords>0x8000000000000000</Keywords>
    <TimeCreated SystemTime=""2023-12-19T21:09:21.7885315Z""/>
    <EventRecordID>790</EventRecordID>
    <Correlation/>
    <Execution ProcessID=""10484"" ThreadID=""10592""/>
    <Channel>Microsoft-Windows-Sysmon/Operational</Channel>
    <Computer>WinDev2309Eval</Computer>
    <Security UserID=""S-1-5-18""/>
  </System>
  <EventData>
    <Data Name=""RuleName"">EXE</Data>
    <Data Name=""UtcTime"">2023-12-19 21:09:21.781</Data>
    <Data Name=""ProcessGuid"">{f57bd86a-db70-6581-5800-000000000b00}</Data>
    <Data Name=""ProcessId"">3784</Data>
    <Data Name=""Image"">C:\ProgramData\Microsoft\Windows Defender\Platform\4.18.23080.2006-0\MsMpEng.exe</Data>
    <Data Name=""TargetFilename"">C:\ProgramData\Microsoft\Windows Defender\Platform\4.18.23110.3-0\NisSrv.exe</Data>
    <Data Name=""CreationUtcTime"">2023-12-19 21:09:21.781</Data>
    <Data Name=""User"">NT AUTHORITY\SYSTEM</Data>
  </EventData>
</Event>
"
Microsoft-Windows-Sysmon/Operational,,,WinDev2309Eval,09:21.8,,,,,,,,,11,789,,,,C:\ProgramData\Microsoft\Windows Defender\Platform\4.18.23080.2006-0\MsMpEng.exe,,,0x8000000000000000,4,,,,,0,,,,,,,{f57bd86a-db70-6581-5800-000000000b00},10484,3784.0,,,,,,EXE,,,,,,,,,,,,,2023-12-19T21:09:21.7860497Z,C:\ProgramData\Microsoft\Windows Defender\Platform\4.18.23110.3-0\DlpUserAgent.exe,,,,,,11,,10592,NT AUTHORITY\SYSTEM,S-1-5-18,09:21.8,2.0,"<Event xmlns=""http://schemas.microsoft.com/win/2004/08/events/event"">
  <System>
    <Provider Name=""Microsoft-Windows-Sysmon"" Guid=""{5770385f-c22a-43e0-bf4c-06f5698ffbd9}""/>
    <EventID>11</EventID>
    <Version>2</Version>
    <Level>4</Level>
    <Task>11</Task>
    <Opcode>0</Opcode>
    <Keywords>0x8000000000000000</Keywords>
    <TimeCreated SystemTime=""2023-12-19T21:09:21.7860497Z""/>
    <EventRecordID>789</EventRecordID>
    <Correlation/>
    <Execution ProcessID=""10484"" ThreadID=""10592""/>
    <Channel>Microsoft-Windows-Sysmon/Operational</Channel>
    <Computer>WinDev2309Eval</Computer>
    <Security UserID=""S-1-5-18""/>
  </System>
  <EventData>
    <Data Name=""RuleName"">EXE</Data>
    <Data Name=""UtcTime"">2023-12-19 21:09:21.781</Data>
    <Data Name=""ProcessGuid"">{f57bd86a-db70-6581-5800-000000000b00}</Data>
    <Data Name=""ProcessId"">3784</Data>
    <Data Name=""Image"">C:\ProgramData\Microsoft\Windows Defender\Platform\4.18.23080.2006-0\MsMpEng.exe</Data>
    <Data Name=""TargetFilename"">C:\ProgramData\Microsoft\Windows Defender\Platform\4.18.23110.3-0\DlpUserAgent.exe</Data>
    <Data Name=""CreationUtcTime"">2023-12-19 21:09:21.781</Data>
    <Data Name=""User"">NT AUTHORITY\SYSTEM</Data>
  </EventData>
</Event>
"
Microsoft-Windows-Sysmon/Operational,,,WinDev2309Eval,09:21.8,,,,,,,,,11,788,,,,C:\ProgramData\Microsoft\Windows Defender\Platform\4.18.23080.2006-0\MsMpEng.exe,,,0x8000000000000000,4,,,,,0,,,,,,,{f57bd86a-db70-6581-5800-000000000b00},10484,3784.0,,,,,,DLL,,,,,,,,,,,,,2023-12-19T21:09:21.7841353Z,C:\ProgramData\Microsoft\Windows Defender\Platform\4.18.23110.3-0\MsMpLics.dll,,,,,,11,,10592,NT AUTHORITY\SYSTEM,S-1-5-18,09:21.8,2.0,"<Event xmlns=""http://schemas.microsoft.com/win/2004/08/events/event"">
  <System>
    <Provider Name=""Microsoft-Windows-Sysmon"" Guid=""{5770385f-c22a-43e0-bf4c-06f5698ffbd9}""/>
    <EventID>11</EventID>
    <Version>2</Version>
    <Level>4</Level>
    <Task>11</Task>
    <Opcode>0</Opcode>
    <Keywords>0x8000000000000000</Keywords>
    <TimeCreated SystemTime=""2023-12-19T21:09:21.7841353Z""/>
    <EventRecordID>788</EventRecordID>
    <Correlation/>
    <Execution ProcessID=""10484"" ThreadID=""10592""/>
    <Channel>Microsoft-Windows-Sysmon/Operational</Channel>
    <Computer>WinDev2309Eval</Computer>
    <Security UserID=""S-1-5-18""/>
  </System>
  <EventData>
    <Data Name=""RuleName"">DLL</Data>
    <Data Name=""UtcTime"">2023-12-19 21:09:21.781</Data>
    <Data Name=""ProcessGuid"">{f57bd86a-db70-6581-5800-000000000b00}</Data>
    <Data Name=""ProcessId"">3784</Data>
    <Data Name=""Image"">C:\ProgramData\Microsoft\Windows Defender\Platform\4.18.23080.2006-0\MsMpEng.exe</Data>
    <Data Name=""TargetFilename"">C:\ProgramData\Microsoft\Windows Defender\Platform\4.18.23110.3-0\MsMpLics.dll</Data>
    <Data Name=""CreationUtcTime"">2023-12-19 21:09:21.781</Data>
    <Data Name=""User"">NT AUTHORITY\SYSTEM</Data>
  </EventData>
</Event>
"
Microsoft-Windows-Sysmon/Operational,,,WinDev2309Eval,09:21.8,,,,,,,,,11,787,,,,C:\ProgramData\Microsoft\Windows Defender\Platform\4.18.23080.2006-0\MsMpEng.exe,,,0x8000000000000000,4,,,,,0,,,,,,,{f57bd86a-db70-6581-5800-000000000b00},10484,3784.0,,,,,,EXE,,,,,,,,,,,,,2023-12-19T21:09:21.7816408Z,C:\ProgramData\Microsoft\Windows Defender\Platform\4.18.23110.3-0\MsMpEng.exe,,,,,,11,,10592,NT AUTHORITY\SYSTEM,S-1-5-18,09:21.8,2.0,"<Event xmlns=""http://schemas.microsoft.com/win/2004/08/events/event"">
  <System>
    <Provider Name=""Microsoft-Windows-Sysmon"" Guid=""{5770385f-c22a-43e0-bf4c-06f5698ffbd9}""/>
    <EventID>11</EventID>
    <Version>2</Version>
    <Level>4</Level>
    <Task>11</Task>
    <Opcode>0</Opcode>
    <Keywords>0x8000000000000000</Keywords>
    <TimeCreated SystemTime=""2023-12-19T21:09:21.7816408Z""/>
    <EventRecordID>787</EventRecordID>
    <Correlation/>
    <Execution ProcessID=""10484"" ThreadID=""10592""/>
    <Channel>Microsoft-Windows-Sysmon/Operational</Channel>
    <Computer>WinDev2309Eval</Computer>
    <Security UserID=""S-1-5-18""/>
  </System>
  <EventData>
    <Data Name=""RuleName"">EXE</Data>
    <Data Name=""UtcTime"">2023-12-19 21:09:21.781</Data>
    <Data Name=""ProcessGuid"">{f57bd86a-db70-6581-5800-000000000b00}</Data>
    <Data Name=""ProcessId"">3784</Data>
    <Data Name=""Image"">C:\ProgramData\Microsoft\Windows Defender\Platform\4.18.23080.2006-0\MsMpEng.exe</Data>
    <Data Name=""TargetFilename"">C:\ProgramData\Microsoft\Windows Defender\Platform\4.18.23110.3-0\MsMpEng.exe</Data>
    <Data Name=""CreationUtcTime"">2023-12-19 21:09:21.781</Data>
    <Data Name=""User"">NT AUTHORITY\SYSTEM</Data>
  </EventData>
</Event>
"
Microsoft-Windows-Sysmon/Operational,,,WinDev2309Eval,09:21.8,,,,,,,,,11,786,,,,C:\ProgramData\Microsoft\Windows Defender\Platform\4.18.23080.2006-0\MsMpEng.exe,,,0x8000000000000000,4,,,,,0,,,,,,,{f57bd86a-db70-6581-5800-000000000b00},10484,3784.0,,,,,,DLL,,,,,,,,,,,,,2023-12-19T21:09:21.7792980Z,C:\ProgramData\Microsoft\Windows Defender\Platform\4.18.23110.3-0\MpUpdate.dll,,,,,,11,,10592,NT AUTHORITY\SYSTEM,S-1-5-18,09:21.8,2.0,"<Event xmlns=""http://schemas.microsoft.com/win/2004/08/events/event"">
  <System>
    <Provider Name=""Microsoft-Windows-Sysmon"" Guid=""{5770385f-c22a-43e0-bf4c-06f5698ffbd9}""/>
    <EventID>11</EventID>
    <Version>2</Version>
    <Level>4</Level>
    <Task>11</Task>
    <Opcode>0</Opcode>
    <Keywords>0x8000000000000000</Keywords>
    <TimeCreated SystemTime=""2023-12-19T21:09:21.7792980Z""/>
    <EventRecordID>786</EventRecordID>
    <Correlation/>
    <Execution ProcessID=""10484"" ThreadID=""10592""/>
    <Channel>Microsoft-Windows-Sysmon/Operational</Channel>
    <Computer>WinDev2309Eval</Computer>
    <Security UserID=""S-1-5-18""/>
  </System>
  <EventData>
    <Data Name=""RuleName"">DLL</Data>
    <Data Name=""UtcTime"">2023-12-19 21:09:21.765</Data>
    <Data Name=""ProcessGuid"">{f57bd86a-db70-6581-5800-000000000b00}</Data>
    <Data Name=""ProcessId"">3784</Data>
    <Data Name=""Image"">C:\ProgramData\Microsoft\Windows Defender\Platform\4.18.23080.2006-0\MsMpEng.exe</Data>
    <Data Name=""TargetFilename"">C:\ProgramData\Microsoft\Windows Defender\Platform\4.18.23110.3-0\MpUpdate.dll</Data>
    <Data Name=""CreationUtcTime"">2023-12-19 21:09:21.765</Data>
    <Data Name=""User"">NT AUTHORITY\SYSTEM</Data>
  </EventData>
</Event>
"
Microsoft-Windows-Sysmon/Operational,,,WinDev2309Eval,09:21.7,,,,,,,,,11,785,,,,C:\ProgramData\Microsoft\Windows Defender\Platform\4.18.23080.2006-0\MsMpEng.exe,,,0x8000000000000000,4,,,,,0,,,,,,,{f57bd86a-db70-6581-5800-000000000b00},10484,3784.0,,,,,,DLL,,,,,,,,,,,,,2023-12-19T21:09:21.7554996Z,C:\ProgramData\Microsoft\Windows Defender\Platform\4.18.23110.3-0\MpSvc.dll,,,,,,11,,10592,NT AUTHORITY\SYSTEM,S-1-5-18,09:21.7,2.0,"<Event xmlns=""http://schemas.microsoft.com/win/2004/08/events/event"">
  <System>
    <Provider Name=""Microsoft-Windows-Sysmon"" Guid=""{5770385f-c22a-43e0-bf4c-06f5698ffbd9}""/>
    <EventID>11</EventID>
    <Version>2</Version>
    <Level>4</Level>
    <Task>11</Task>
    <Opcode>0</Opcode>
    <Keywords>0x8000000000000000</Keywords>
    <TimeCreated SystemTime=""2023-12-19T21:09:21.7554996Z""/>
    <EventRecordID>785</EventRecordID>
    <Correlation/>
    <Execution ProcessID=""10484"" ThreadID=""10592""/>
    <Channel>Microsoft-Windows-Sysmon/Operational</Channel>
    <Computer>WinDev2309Eval</Computer>
    <Security UserID=""S-1-5-18""/>
  </System>
  <EventData>
    <Data Name=""RuleName"">DLL</Data>
    <Data Name=""UtcTime"">2023-12-19 21:09:21.750</Data>
    <Data Name=""ProcessGuid"">{f57bd86a-db70-6581-5800-000000000b00}</Data>
    <Data Name=""ProcessId"">3784</Data>
    <Data Name=""Image"">C:\ProgramData\Microsoft\Windows Defender\Platform\4.18.23080.2006-0\MsMpEng.exe</Data>
    <Data Name=""TargetFilename"">C:\ProgramData\Microsoft\Windows Defender\Platform\4.18.23110.3-0\MpSvc.dll</Data>
    <Data Name=""CreationUtcTime"">2023-12-19 21:09:21.750</Data>
    <Data Name=""User"">NT AUTHORITY\SYSTEM</Data>
  </EventData>
</Event>
"
Microsoft-Windows-Sysmon/Operational,,,WinDev2309Eval,09:21.7,,,,,,,,,11,784,,,,C:\ProgramData\Microsoft\Windows Defender\Platform\4.18.23080.2006-0\MsMpEng.exe,,,0x8000000000000000,4,,,,,0,,,,,,,{f57bd86a-db70-6581-5800-000000000b00},10484,3784.0,,,,,,DLL,,,,,,,,,,,,,2023-12-19T21:09:21.7376898Z,C:\ProgramData\Microsoft\Windows Defender\Platform\4.18.23110.3-0\NpRep.dll,,,,,,11,,10592,NT AUTHORITY\SYSTEM,S-1-5-18,09:21.7,2.0,"<Event xmlns=""http://schemas.microsoft.com/win/2004/08/events/event"">
  <System>
    <Provider Name=""Microsoft-Windows-Sysmon"" Guid=""{5770385f-c22a-43e0-bf4c-06f5698ffbd9}""/>
    <EventID>11</EventID>
    <Version>2</Version>
    <Level>4</Level>
    <Task>11</Task>
    <Opcode>0</Opcode>
    <Keywords>0x8000000000000000</Keywords>
    <TimeCreated SystemTime=""2023-12-19T21:09:21.7376898Z""/>
    <EventRecordID>784</EventRecordID>
    <Correlation/>
    <Execution ProcessID=""10484"" ThreadID=""10592""/>
    <Channel>Microsoft-Windows-Sysmon/Operational</Channel>
    <Computer>WinDev2309Eval</Computer>
    <Security UserID=""S-1-5-18""/>
  </System>
  <EventData>
    <Data Name=""RuleName"">DLL</Data>
    <Data Name=""UtcTime"">2023-12-19 21:09:21.734</Data>
    <Data Name=""ProcessGuid"">{f57bd86a-db70-6581-5800-000000000b00}</Data>
    <Data Name=""ProcessId"">3784</Data>
    <Data Name=""Image"">C:\ProgramData\Microsoft\Windows Defender\Platform\4.18.23080.2006-0\MsMpEng.exe</Data>
    <Data Name=""TargetFilename"">C:\ProgramData\Microsoft\Windows Defender\Platform\4.18.23110.3-0\NpRep.dll</Data>
    <Data Name=""CreationUtcTime"">2023-12-19 21:09:21.734</Data>
    <Data Name=""User"">NT AUTHORITY\SYSTEM</Data>
  </EventData>
</Event>
"
Microsoft-Windows-Sysmon/Operational,,,WinDev2309Eval,09:21.7,,,,,,,,,11,783,,,,C:\ProgramData\Microsoft\Windows Defender\Platform\4.18.23080.2006-0\MsMpEng.exe,,,0x8000000000000000,4,,,,,0,,,,,,,{f57bd86a-db70-6581-5800-000000000b00},10484,3784.0,,,,,,DLL,,,,,,,,,,,,,2023-12-19T21:09:21.7294361Z,C:\ProgramData\Microsoft\Windows Defender\Platform\4.18.23110.3-0\MpDlp.dll,,,,,,11,,10592,NT AUTHORITY\SYSTEM,S-1-5-18,09:21.7,2.0,"<Event xmlns=""http://schemas.microsoft.com/win/2004/08/events/event"">
  <System>
    <Provider Name=""Microsoft-Windows-Sysmon"" Guid=""{5770385f-c22a-43e0-bf4c-06f5698ffbd9}""/>
    <EventID>11</EventID>
    <Version>2</Version>
    <Level>4</Level>
    <Task>11</Task>
    <Opcode>0</Opcode>
    <Keywords>0x8000000000000000</Keywords>
    <TimeCreated SystemTime=""2023-12-19T21:09:21.7294361Z""/>
    <EventRecordID>783</EventRecordID>
    <Correlation/>
    <Execution ProcessID=""10484"" ThreadID=""10592""/>
    <Channel>Microsoft-Windows-Sysmon/Operational</Channel>
    <Computer>WinDev2309Eval</Computer>
    <Security UserID=""S-1-5-18""/>
  </System>
  <EventData>
    <Data Name=""RuleName"">DLL</Data>
    <Data Name=""UtcTime"">2023-12-19 21:09:21.719</Data>
    <Data Name=""ProcessGuid"">{f57bd86a-db70-6581-5800-000000000b00}</Data>
    <Data Name=""ProcessId"">3784</Data>
    <Data Name=""Image"">C:\ProgramData\Microsoft\Windows Defender\Platform\4.18.23080.2006-0\MsMpEng.exe</Data>
    <Data Name=""TargetFilename"">C:\ProgramData\Microsoft\Windows Defender\Platform\4.18.23110.3-0\MpDlp.dll</Data>
    <Data Name=""CreationUtcTime"">2023-12-19 21:09:21.719</Data>
    <Data Name=""User"">NT AUTHORITY\SYSTEM</Data>
  </EventData>
</Event>
"
Microsoft-Windows-Sysmon/Operational,,,WinDev2309Eval,09:21.7,,,,,,,,,11,782,,,,C:\ProgramData\Microsoft\Windows Defender\Platform\4.18.23080.2006-0\MsMpEng.exe,,,0x8000000000000000,4,,,,,0,,,,,,,{f57bd86a-db70-6581-5800-000000000b00},10484,3784.0,,,,,,DLL,,,,,,,,,,,,,2023-12-19T21:09:21.7170630Z,C:\ProgramData\Microsoft\Windows Defender\Platform\4.18.23110.3-0\MpRtp.dll,,,,,,11,,10592,NT AUTHORITY\SYSTEM,S-1-5-18,09:21.7,2.0,"<Event xmlns=""http://schemas.microsoft.com/win/2004/08/events/event"">
  <System>
    <Provider Name=""Microsoft-Windows-Sysmon"" Guid=""{5770385f-c22a-43e0-bf4c-06f5698ffbd9}""/>
    <EventID>11</EventID>
    <Version>2</Version>
    <Level>4</Level>
    <Task>11</Task>
    <Opcode>0</Opcode>
    <Keywords>0x8000000000000000</Keywords>
    <TimeCreated SystemTime=""2023-12-19T21:09:21.7170630Z""/>
    <EventRecordID>782</EventRecordID>
    <Correlation/>
    <Execution ProcessID=""10484"" ThreadID=""10592""/>
    <Channel>Microsoft-Windows-Sysmon/Operational</Channel>
    <Computer>WinDev2309Eval</Computer>
    <Security UserID=""S-1-5-18""/>
  </System>
  <EventData>
    <Data Name=""RuleName"">DLL</Data>
    <Data Name=""UtcTime"">2023-12-19 21:09:21.703</Data>
    <Data Name=""ProcessGuid"">{f57bd86a-db70-6581-5800-000000000b00}</Data>
    <Data Name=""ProcessId"">3784</Data>
    <Data Name=""Image"">C:\ProgramData\Microsoft\Windows Defender\Platform\4.18.23080.2006-0\MsMpEng.exe</Data>
    <Data Name=""TargetFilename"">C:\ProgramData\Microsoft\Windows Defender\Platform\4.18.23110.3-0\MpRtp.dll</Data>
    <Data Name=""CreationUtcTime"">2023-12-19 21:09:21.703</Data>
    <Data Name=""User"">NT AUTHORITY\SYSTEM</Data>
  </EventData>
</Event>
"
Microsoft-Windows-Sysmon/Operational,,,WinDev2309Eval,09:21.7,,,,,,,,,11,781,,,,C:\ProgramData\Microsoft\Windows Defender\Platform\4.18.23080.2006-0\MsMpEng.exe,,,0x8000000000000000,4,,,,,0,,,,,,,{f57bd86a-db70-6581-5800-000000000b00},10484,3784.0,,,,,,DLL,,,,,,,,,,,,,2023-12-19T21:09:21.7132335Z,C:\ProgramData\Microsoft\Windows Defender\Platform\4.18.23110.3-0\MpOAV.dll,,,,,,11,,10592,NT AUTHORITY\SYSTEM,S-1-5-18,09:21.7,2.0,"<Event xmlns=""http://schemas.microsoft.com/win/2004/08/events/event"">
  <System>
    <Provider Name=""Microsoft-Windows-Sysmon"" Guid=""{5770385f-c22a-43e0-bf4c-06f5698ffbd9}""/>
    <EventID>11</EventID>
    <Version>2</Version>
    <Level>4</Level>
    <Task>11</Task>
    <Opcode>0</Opcode>
    <Keywords>0x8000000000000000</Keywords>
    <TimeCreated SystemTime=""2023-12-19T21:09:21.7132335Z""/>
    <EventRecordID>781</EventRecordID>
    <Correlation/>
    <Execution ProcessID=""10484"" ThreadID=""10592""/>
    <Channel>Microsoft-Windows-Sysmon/Operational</Channel>
    <Computer>WinDev2309Eval</Computer>
    <Security UserID=""S-1-5-18""/>
  </System>
  <EventData>
    <Data Name=""RuleName"">DLL</Data>
    <Data Name=""UtcTime"">2023-12-19 21:09:21.703</Data>
    <Data Name=""ProcessGuid"">{f57bd86a-db70-6581-5800-000000000b00}</Data>
    <Data Name=""ProcessId"">3784</Data>
    <Data Name=""Image"">C:\ProgramData\Microsoft\Windows Defender\Platform\4.18.23080.2006-0\MsMpEng.exe</Data>
    <Data Name=""TargetFilename"">C:\ProgramData\Microsoft\Windows Defender\Platform\4.18.23110.3-0\MpOAV.dll</Data>
    <Data Name=""CreationUtcTime"">2023-12-19 21:09:21.703</Data>
    <Data Name=""User"">NT AUTHORITY\SYSTEM</Data>
  </EventData>
</Event>
"
Microsoft-Windows-Sysmon/Operational,,,WinDev2309Eval,09:21.7,,,,,,,,,11,780,,,,C:\ProgramData\Microsoft\Windows Defender\Platform\4.18.23080.2006-0\MsMpEng.exe,,,0x8000000000000000,4,,,,,0,,,,,,,{f57bd86a-db70-6581-5800-000000000b00},10484,3784.0,,,,,,EXE,,,,,,,,,,,,,2023-12-19T21:09:21.7107258Z,C:\ProgramData\Microsoft\Windows Defender\Platform\4.18.23110.3-0\MpCopyAccelerator.exe,,,,,,11,,10592,NT AUTHORITY\SYSTEM,S-1-5-18,09:21.7,2.0,"<Event xmlns=""http://schemas.microsoft.com/win/2004/08/events/event"">
  <System>
    <Provider Name=""Microsoft-Windows-Sysmon"" Guid=""{5770385f-c22a-43e0-bf4c-06f5698ffbd9}""/>
    <EventID>11</EventID>
    <Version>2</Version>
    <Level>4</Level>
    <Task>11</Task>
    <Opcode>0</Opcode>
    <Keywords>0x8000000000000000</Keywords>
    <TimeCreated SystemTime=""2023-12-19T21:09:21.7107258Z""/>
    <EventRecordID>780</EventRecordID>
    <Correlation/>
    <Execution ProcessID=""10484"" ThreadID=""10592""/>
    <Channel>Microsoft-Windows-Sysmon/Operational</Channel>
    <Computer>WinDev2309Eval</Computer>
    <Security UserID=""S-1-5-18""/>
  </System>
  <EventData>
    <Data Name=""RuleName"">EXE</Data>
    <Data Name=""UtcTime"">2023-12-19 21:09:21.703</Data>
    <Data Name=""ProcessGuid"">{f57bd86a-db70-6581-5800-000000000b00}</Data>
    <Data Name=""ProcessId"">3784</Data>
    <Data Name=""Image"">C:\ProgramData\Microsoft\Windows Defender\Platform\4.18.23080.2006-0\MsMpEng.exe</Data>
    <Data Name=""TargetFilename"">C:\ProgramData\Microsoft\Windows Defender\Platform\4.18.23110.3-0\MpCopyAccelerator.exe</Data>
    <Data Name=""CreationUtcTime"">2023-12-19 21:09:21.703</Data>
    <Data Name=""User"">NT AUTHORITY\SYSTEM</Data>
  </EventData>
</Event>
"
Microsoft-Windows-Sysmon/Operational,,,WinDev2309Eval,09:21.7,,,,,,,,,11,779,,,,C:\ProgramData\Microsoft\Windows Defender\Platform\4.18.23080.2006-0\MsMpEng.exe,,,0x8000000000000000,4,,,,,0,,,,,,,{f57bd86a-db70-6581-5800-000000000b00},10484,3784.0,,,,,,DLL,,,,,,,,,,,,,2023-12-19T21:09:21.7088014Z,C:\ProgramData\Microsoft\Windows Defender\Platform\4.18.23110.3-0\MpDetoursCopyAccelerator.dll,,,,,,11,,10592,NT AUTHORITY\SYSTEM,S-1-5-18,09:21.7,2.0,"<Event xmlns=""http://schemas.microsoft.com/win/2004/08/events/event"">
  <System>
    <Provider Name=""Microsoft-Windows-Sysmon"" Guid=""{5770385f-c22a-43e0-bf4c-06f5698ffbd9}""/>
    <EventID>11</EventID>
    <Version>2</Version>
    <Level>4</Level>
    <Task>11</Task>
    <Opcode>0</Opcode>
    <Keywords>0x8000000000000000</Keywords>
    <TimeCreated SystemTime=""2023-12-19T21:09:21.7088014Z""/>
    <EventRecordID>779</EventRecordID>
    <Correlation/>
    <Execution ProcessID=""10484"" ThreadID=""10592""/>
    <Channel>Microsoft-Windows-Sysmon/Operational</Channel>
    <Computer>WinDev2309Eval</Computer>
    <Security UserID=""S-1-5-18""/>
  </System>
  <EventData>
    <Data Name=""RuleName"">DLL</Data>
    <Data Name=""UtcTime"">2023-12-19 21:09:21.703</Data>
    <Data Name=""ProcessGuid"">{f57bd86a-db70-6581-5800-000000000b00}</Data>
    <Data Name=""ProcessId"">3784</Data>
    <Data Name=""Image"">C:\ProgramData\Microsoft\Windows Defender\Platform\4.18.23080.2006-0\MsMpEng.exe</Data>
    <Data Name=""TargetFilename"">C:\ProgramData\Microsoft\Windows Defender\Platform\4.18.23110.3-0\MpDetoursCopyAccelerator.dll</Data>
    <Data Name=""CreationUtcTime"">2023-12-19 21:09:21.703</Data>
    <Data Name=""User"">NT AUTHORITY\SYSTEM</Data>
  </EventData>
</Event>
"
Microsoft-Windows-Sysmon/Operational,,,WinDev2309Eval,09:21.7,,,,,,,,,11,778,,,,C:\ProgramData\Microsoft\Windows Defender\Platform\4.18.23080.2006-0\MsMpEng.exe,,,0x8000000000000000,4,,,,,0,,,,,,,{f57bd86a-db70-6581-5800-000000000b00},10484,3784.0,,,,,,DLL,,,,,,,,,,,,,2023-12-19T21:09:21.7064730Z,C:\ProgramData\Microsoft\Windows Defender\Platform\4.18.23110.3-0\MpDetours.dll,,,,,,11,,10592,NT AUTHORITY\SYSTEM,S-1-5-18,09:21.7,2.0,"<Event xmlns=""http://schemas.microsoft.com/win/2004/08/events/event"">
  <System>
    <Provider Name=""Microsoft-Windows-Sysmon"" Guid=""{5770385f-c22a-43e0-bf4c-06f5698ffbd9}""/>
    <EventID>11</EventID>
    <Version>2</Version>
    <Level>4</Level>
    <Task>11</Task>
    <Opcode>0</Opcode>
    <Keywords>0x8000000000000000</Keywords>
    <TimeCreated SystemTime=""2023-12-19T21:09:21.7064730Z""/>
    <EventRecordID>778</EventRecordID>
    <Correlation/>
    <Execution ProcessID=""10484"" ThreadID=""10592""/>
    <Channel>Microsoft-Windows-Sysmon/Operational</Channel>
    <Computer>WinDev2309Eval</Computer>
    <Security UserID=""S-1-5-18""/>
  </System>
  <EventData>
    <Data Name=""RuleName"">DLL</Data>
    <Data Name=""UtcTime"">2023-12-19 21:09:21.703</Data>
    <Data Name=""ProcessGuid"">{f57bd86a-db70-6581-5800-000000000b00}</Data>
    <Data Name=""ProcessId"">3784</Data>
    <Data Name=""Image"">C:\ProgramData\Microsoft\Windows Defender\Platform\4.18.23080.2006-0\MsMpEng.exe</Data>
    <Data Name=""TargetFilename"">C:\ProgramData\Microsoft\Windows Defender\Platform\4.18.23110.3-0\MpDetours.dll</Data>
    <Data Name=""CreationUtcTime"">2023-12-19 21:09:21.703</Data>
    <Data Name=""User"">NT AUTHORITY\SYSTEM</Data>
  </EventData>
</Event>
"
