Channel,CommandLine,Company,Computer,CreationUtcTime,CurrentDirectory,Description,DestinationHostname,DestinationIp,DestinationIsIpv6,DestinationPort,DestinationPortName,Details,EventID,EventRecordID,EventType,FileVersion,Hashes,Image,Initiated,IntegrityLevel,Keywords,Level,LogonGuid,LogonId,Message,NewThreadId,Opcode,OriginalFileName,ParentCommandLine,ParentImage,ParentProcessGuid,ParentProcessId,ParentUser,ProcessGuid,ProcessID,ProcessId,Product,Protocol,QueryName,QueryResults,QueryStatus,RuleName,SourceHostname,SourceImage,SourceIp,SourceIsIpv6,SourcePort,SourcePortName,SourceProcessGuid,SourceProcessId,SourceUser,StartAddress,StartFunction,StartModule,SystemTime,TargetFilename,TargetImage,TargetObject,TargetProcessGuid,TargetProcessId,TargetUser,Task,TerminalSessionId,ThreadID,User,UserID,UtcTime,Version,raw
Microsoft-Windows-Sysmon/Operational,,,WinDev2309Eval,38:39.4,,,,,,,,,11,6431,,,,C:\Windows\Microsoft.NET\Framework\v4.0.30319\mscorsvw.exe,,,0x8000000000000000,4,,,,,0,,,,,,,{f57bd86a-23bf-6584-b006-000000000d00},3400,10896.0,,,,,,DLL,,,,,,,,,,,,,2023-12-21T11:38:39.4604414Z,C:\Windows\assembly\NativeImages_v4.0.30319_32\Temp\2a90-0\MethodBodyEditor.dll,,,,,,11,,4208,NT AUTHORITY\SYSTEM,S-1-5-18,38:39.5,2.0,"<Event xmlns=""http://schemas.microsoft.com/win/2004/08/events/event"">
  <System>
    <Provider Name=""Microsoft-Windows-Sysmon"" Guid=""{5770385f-c22a-43e0-bf4c-06f5698ffbd9}""/>
    <EventID>11</EventID>
    <Version>2</Version>
    <Level>4</Level>
    <Task>11</Task>
    <Opcode>0</Opcode>
    <Keywords>0x8000000000000000</Keywords>
    <TimeCreated SystemTime=""2023-12-21T11:38:39.4604414Z""/>
    <EventRecordID>6431</EventRecordID>
    <Correlation/>
    <Execution ProcessID=""3400"" ThreadID=""4208""/>
    <Channel>Microsoft-Windows-Sysmon/Operational</Channel>
    <Computer>WinDev2309Eval</Computer>
    <Security UserID=""S-1-5-18""/>
  </System>
  <EventData>
    <Data Name=""RuleName"">DLL</Data>
    <Data Name=""UtcTime"">2023-12-21 11:38:39.460</Data>
    <Data Name=""ProcessGuid"">{f57bd86a-23bf-6584-b006-000000000d00}</Data>
    <Data Name=""ProcessId"">10896</Data>
    <Data Name=""Image"">C:\Windows\Microsoft.NET\Framework\v4.0.30319\mscorsvw.exe</Data>
    <Data Name=""TargetFilename"">C:\Windows\assembly\NativeImages_v4.0.30319_32\Temp\2a90-0\MethodBodyEditor.dll</Data>
    <Data Name=""CreationUtcTime"">2023-12-21 11:38:39.444</Data>
    <Data Name=""User"">NT AUTHORITY\SYSTEM</Data>
  </EventData>
</Event>
"
Microsoft-Windows-Sysmon/Operational,,,WinDev2309Eval,38:39.3,,,,,,,,,11,6430,,,,C:\Windows\Microsoft.NET\Framework\v4.0.30319\mscorsvw.exe,,,0x8000000000000000,4,,,,,0,,,,,,,{f57bd86a-23bf-6584-af06-000000000d00},3400,9496.0,,,,,,DLL,,,,,,,,,,,,,2023-12-21T11:38:39.3279519Z,C:\Windows\assembly\NativeImages_v4.0.30319_32\Temp\2518-0\TypeNameUtilities.dll,,,,,,11,,4208,NT AUTHORITY\SYSTEM,S-1-5-18,38:39.3,2.0,"<Event xmlns=""http://schemas.microsoft.com/win/2004/08/events/event"">
  <System>
    <Provider Name=""Microsoft-Windows-Sysmon"" Guid=""{5770385f-c22a-43e0-bf4c-06f5698ffbd9}""/>
    <EventID>11</EventID>
    <Version>2</Version>
    <Level>4</Level>
    <Task>11</Task>
    <Opcode>0</Opcode>
    <Keywords>0x8000000000000000</Keywords>
    <TimeCreated SystemTime=""2023-12-21T11:38:39.3279519Z""/>
    <EventRecordID>6430</EventRecordID>
    <Correlation/>
    <Execution ProcessID=""3400"" ThreadID=""4208""/>
    <Channel>Microsoft-Windows-Sysmon/Operational</Channel>
    <Computer>WinDev2309Eval</Computer>
    <Security UserID=""S-1-5-18""/>
  </System>
  <EventData>
    <Data Name=""RuleName"">DLL</Data>
    <Data Name=""UtcTime"">2023-12-21 11:38:39.317</Data>
    <Data Name=""ProcessGuid"">{f57bd86a-23bf-6584-af06-000000000d00}</Data>
    <Data Name=""ProcessId"">9496</Data>
    <Data Name=""Image"">C:\Windows\Microsoft.NET\Framework\v4.0.30319\mscorsvw.exe</Data>
    <Data Name=""TargetFilename"">C:\Windows\assembly\NativeImages_v4.0.30319_32\Temp\2518-0\TypeNameUtilities.dll</Data>
    <Data Name=""CreationUtcTime"">2023-12-21 11:38:39.317</Data>
    <Data Name=""User"">NT AUTHORITY\SYSTEM</Data>
  </EventData>
</Event>
"
Microsoft-Windows-Sysmon/Operational,,,WinDev2309Eval,38:39.1,,,,,,,,,11,6429,,,,C:\Windows\Microsoft.NET\Framework\v4.0.30319\mscorsvw.exe,,,0x8000000000000000,4,,,,,0,,,,,,,{f57bd86a-23be-6584-ae06-000000000d00},3400,12472.0,,,,,,DLL,,,,,,,,,,,,,2023-12-21T11:38:39.1211222Z,C:\Windows\assembly\NativeImages_v4.0.30319_32\Temp\30b8-0\Microsoft.Build.ILTasks.dll,,,,,,11,,4208,NT AUTHORITY\SYSTEM,S-1-5-18,38:39.1,2.0,"<Event xmlns=""http://schemas.microsoft.com/win/2004/08/events/event"">
  <System>
    <Provider Name=""Microsoft-Windows-Sysmon"" Guid=""{5770385f-c22a-43e0-bf4c-06f5698ffbd9}""/>
    <EventID>11</EventID>
    <Version>2</Version>
    <Level>4</Level>
    <Task>11</Task>
    <Opcode>0</Opcode>
    <Keywords>0x8000000000000000</Keywords>
    <TimeCreated SystemTime=""2023-12-21T11:38:39.1211222Z""/>
    <EventRecordID>6429</EventRecordID>
    <Correlation/>
    <Execution ProcessID=""3400"" ThreadID=""4208""/>
    <Channel>Microsoft-Windows-Sysmon/Operational</Channel>
    <Computer>WinDev2309Eval</Computer>
    <Security UserID=""S-1-5-18""/>
  </System>
  <EventData>
    <Data Name=""RuleName"">DLL</Data>
    <Data Name=""UtcTime"">2023-12-21 11:38:39.114</Data>
    <Data Name=""ProcessGuid"">{f57bd86a-23be-6584-ae06-000000000d00}</Data>
    <Data Name=""ProcessId"">12472</Data>
    <Data Name=""Image"">C:\Windows\Microsoft.NET\Framework\v4.0.30319\mscorsvw.exe</Data>
    <Data Name=""TargetFilename"">C:\Windows\assembly\NativeImages_v4.0.30319_32\Temp\30b8-0\Microsoft.Build.ILTasks.dll</Data>
    <Data Name=""CreationUtcTime"">2023-12-21 11:38:39.114</Data>
    <Data Name=""User"">NT AUTHORITY\SYSTEM</Data>
  </EventData>
</Event>
"
Microsoft-Windows-Sysmon/Operational,,,WinDev2309Eval,38:38.0,,,,,,,,,11,6428,,,,C:\Windows\Microsoft.NET\Framework\v4.0.30319\mscorsvw.exe,,,0x8000000000000000,4,,,,,0,,,,,,,{f57bd86a-23bd-6584-ad06-000000000d00},3400,5632.0,,,,,,DLL,,,,,,,,,,,,,2023-12-21T11:38:38.0137394Z,C:\Windows\assembly\NativeImages_v4.0.30319_32\Temp\1600-0\Gatekeeper.Engine.dll,,,,,,11,,4208,NT AUTHORITY\SYSTEM,S-1-5-18,38:38.0,2.0,"<Event xmlns=""http://schemas.microsoft.com/win/2004/08/events/event"">
  <System>
    <Provider Name=""Microsoft-Windows-Sysmon"" Guid=""{5770385f-c22a-43e0-bf4c-06f5698ffbd9}""/>
    <EventID>11</EventID>
    <Version>2</Version>
    <Level>4</Level>
    <Task>11</Task>
    <Opcode>0</Opcode>
    <Keywords>0x8000000000000000</Keywords>
    <TimeCreated SystemTime=""2023-12-21T11:38:38.0137394Z""/>
    <EventRecordID>6428</EventRecordID>
    <Correlation/>
    <Execution ProcessID=""3400"" ThreadID=""4208""/>
    <Channel>Microsoft-Windows-Sysmon/Operational</Channel>
    <Computer>WinDev2309Eval</Computer>
    <Security UserID=""S-1-5-18""/>
  </System>
  <EventData>
    <Data Name=""RuleName"">DLL</Data>
    <Data Name=""UtcTime"">2023-12-21 11:38:38.004</Data>
    <Data Name=""ProcessGuid"">{f57bd86a-23bd-6584-ad06-000000000d00}</Data>
    <Data Name=""ProcessId"">5632</Data>
    <Data Name=""Image"">C:\Windows\Microsoft.NET\Framework\v4.0.30319\mscorsvw.exe</Data>
    <Data Name=""TargetFilename"">C:\Windows\assembly\NativeImages_v4.0.30319_32\Temp\1600-0\Gatekeeper.Engine.dll</Data>
    <Data Name=""CreationUtcTime"">2023-12-21 11:38:38.004</Data>
    <Data Name=""User"">NT AUTHORITY\SYSTEM</Data>
  </EventData>
</Event>
"
Microsoft-Windows-Sysmon/Operational,,,WinDev2309Eval,38:36.6,,,,,,,,,11,6427,,,,C:\Windows\Microsoft.NET\Framework\v4.0.30319\mscorsvw.exe,,,0x8000000000000000,4,,,,,0,,,,,,,{f57bd86a-23bc-6584-a906-000000000d00},3400,12972.0,,,,,,DLL,,,,,,,,,,,,,2023-12-21T11:38:36.6257729Z,C:\Windows\assembly\NativeImages_v4.0.30319_32\Temp\32ac-0\CciExtensions.dll,,,,,,11,,4208,NT AUTHORITY\SYSTEM,S-1-5-18,38:36.6,2.0,"<Event xmlns=""http://schemas.microsoft.com/win/2004/08/events/event"">
  <System>
    <Provider Name=""Microsoft-Windows-Sysmon"" Guid=""{5770385f-c22a-43e0-bf4c-06f5698ffbd9}""/>
    <EventID>11</EventID>
    <Version>2</Version>
    <Level>4</Level>
    <Task>11</Task>
    <Opcode>0</Opcode>
    <Keywords>0x8000000000000000</Keywords>
    <TimeCreated SystemTime=""2023-12-21T11:38:36.6257729Z""/>
    <EventRecordID>6427</EventRecordID>
    <Correlation/>
    <Execution ProcessID=""3400"" ThreadID=""4208""/>
    <Channel>Microsoft-Windows-Sysmon/Operational</Channel>
    <Computer>WinDev2309Eval</Computer>
    <Security UserID=""S-1-5-18""/>
  </System>
  <EventData>
    <Data Name=""RuleName"">DLL</Data>
    <Data Name=""UtcTime"">2023-12-21 11:38:36.612</Data>
    <Data Name=""ProcessGuid"">{f57bd86a-23bc-6584-a906-000000000d00}</Data>
    <Data Name=""ProcessId"">12972</Data>
    <Data Name=""Image"">C:\Windows\Microsoft.NET\Framework\v4.0.30319\mscorsvw.exe</Data>
    <Data Name=""TargetFilename"">C:\Windows\assembly\NativeImages_v4.0.30319_32\Temp\32ac-0\CciExtensions.dll</Data>
    <Data Name=""CreationUtcTime"">2023-12-21 11:38:36.612</Data>
    <Data Name=""User"">NT AUTHORITY\SYSTEM</Data>
  </EventData>
</Event>
"
Microsoft-Windows-Sysmon/Operational,,,WinDev2309Eval,38:36.3,,,,,,,,,11,6426,,,,C:\Windows\Microsoft.NET\Framework\v4.0.30319\mscorsvw.exe,,,0x8000000000000000,4,,,,,0,,,,,,,{f57bd86a-23b9-6584-a806-000000000d00},3400,11940.0,,,,,,DLL,,,,,,,,,,,,,2023-12-21T11:38:36.3443177Z,C:\Windows\assembly\NativeImages_v4.0.30319_32\Temp\2ea4-0\Microsoft.Cci.dll,,,,,,11,,4208,NT AUTHORITY\SYSTEM,S-1-5-18,38:36.3,2.0,"<Event xmlns=""http://schemas.microsoft.com/win/2004/08/events/event"">
  <System>
    <Provider Name=""Microsoft-Windows-Sysmon"" Guid=""{5770385f-c22a-43e0-bf4c-06f5698ffbd9}""/>
    <EventID>11</EventID>
    <Version>2</Version>
    <Level>4</Level>
    <Task>11</Task>
    <Opcode>0</Opcode>
    <Keywords>0x8000000000000000</Keywords>
    <TimeCreated SystemTime=""2023-12-21T11:38:36.3443177Z""/>
    <EventRecordID>6426</EventRecordID>
    <Correlation/>
    <Execution ProcessID=""3400"" ThreadID=""4208""/>
    <Channel>Microsoft-Windows-Sysmon/Operational</Channel>
    <Computer>WinDev2309Eval</Computer>
    <Security UserID=""S-1-5-18""/>
  </System>
  <EventData>
    <Data Name=""RuleName"">DLL</Data>
    <Data Name=""UtcTime"">2023-12-21 11:38:36.330</Data>
    <Data Name=""ProcessGuid"">{f57bd86a-23b9-6584-a806-000000000d00}</Data>
    <Data Name=""ProcessId"">11940</Data>
    <Data Name=""Image"">C:\Windows\Microsoft.NET\Framework\v4.0.30319\mscorsvw.exe</Data>
    <Data Name=""TargetFilename"">C:\Windows\assembly\NativeImages_v4.0.30319_32\Temp\2ea4-0\Microsoft.Cci.dll</Data>
    <Data Name=""CreationUtcTime"">2023-12-21 11:38:36.330</Data>
    <Data Name=""User"">NT AUTHORITY\SYSTEM</Data>
  </EventData>
</Event>
"
Microsoft-Windows-Sysmon/Operational,,,WinDev2309Eval,38:33.7,,,,,,,,,11,6425,,,,C:\Windows\Microsoft.NET\Framework\v4.0.30319\mscorsvw.exe,,,0x8000000000000000,4,,,,,0,,,,,,,{f57bd86a-23b9-6584-a706-000000000d00},3400,9744.0,,,,,,DLL,,,,,,,,,,,,,2023-12-21T11:38:33.7615725Z,C:\Windows\assembly\NativeImages_v4.0.30319_32\Temp\2610-0\Microsoft.NetNative.Instrumentation.dll,,,,,,11,,4208,NT AUTHORITY\SYSTEM,S-1-5-18,38:33.7,2.0,"<Event xmlns=""http://schemas.microsoft.com/win/2004/08/events/event"">
  <System>
    <Provider Name=""Microsoft-Windows-Sysmon"" Guid=""{5770385f-c22a-43e0-bf4c-06f5698ffbd9}""/>
    <EventID>11</EventID>
    <Version>2</Version>
    <Level>4</Level>
    <Task>11</Task>
    <Opcode>0</Opcode>
    <Keywords>0x8000000000000000</Keywords>
    <TimeCreated SystemTime=""2023-12-21T11:38:33.7615725Z""/>
    <EventRecordID>6425</EventRecordID>
    <Correlation/>
    <Execution ProcessID=""3400"" ThreadID=""4208""/>
    <Channel>Microsoft-Windows-Sysmon/Operational</Channel>
    <Computer>WinDev2309Eval</Computer>
    <Security UserID=""S-1-5-18""/>
  </System>
  <EventData>
    <Data Name=""RuleName"">DLL</Data>
    <Data Name=""UtcTime"">2023-12-21 11:38:33.747</Data>
    <Data Name=""ProcessGuid"">{f57bd86a-23b9-6584-a706-000000000d00}</Data>
    <Data Name=""ProcessId"">9744</Data>
    <Data Name=""Image"">C:\Windows\Microsoft.NET\Framework\v4.0.30319\mscorsvw.exe</Data>
    <Data Name=""TargetFilename"">C:\Windows\assembly\NativeImages_v4.0.30319_32\Temp\2610-0\Microsoft.NetNative.Instrumentation.dll</Data>
    <Data Name=""CreationUtcTime"">2023-12-21 11:38:33.747</Data>
    <Data Name=""User"">NT AUTHORITY\SYSTEM</Data>
  </EventData>
</Event>
"
Microsoft-Windows-Sysmon/Operational,,,WinDev2309Eval,38:33.6,,,,,,,,,11,6424,,,,C:\Windows\Microsoft.NET\Framework\v4.0.30319\mscorsvw.exe,,,0x8000000000000000,4,,,,,0,,,,,,,{f57bd86a-23b9-6584-a606-000000000d00},3400,8768.0,,,,,,EXE,,,,,,,,,,,,,2023-12-21T11:38:33.6449103Z,C:\Windows\assembly\NativeImages_v4.0.30319_32\Temp\2240-0\ilc.exe,,,,,,11,,4208,NT AUTHORITY\SYSTEM,S-1-5-18,38:33.6,2.0,"<Event xmlns=""http://schemas.microsoft.com/win/2004/08/events/event"">
  <System>
    <Provider Name=""Microsoft-Windows-Sysmon"" Guid=""{5770385f-c22a-43e0-bf4c-06f5698ffbd9}""/>
    <EventID>11</EventID>
    <Version>2</Version>
    <Level>4</Level>
    <Task>11</Task>
    <Opcode>0</Opcode>
    <Keywords>0x8000000000000000</Keywords>
    <TimeCreated SystemTime=""2023-12-21T11:38:33.6449103Z""/>
    <EventRecordID>6424</EventRecordID>
    <Correlation/>
    <Execution ProcessID=""3400"" ThreadID=""4208""/>
    <Channel>Microsoft-Windows-Sysmon/Operational</Channel>
    <Computer>WinDev2309Eval</Computer>
    <Security UserID=""S-1-5-18""/>
  </System>
  <EventData>
    <Data Name=""RuleName"">EXE</Data>
    <Data Name=""UtcTime"">2023-12-21 11:38:33.638</Data>
    <Data Name=""ProcessGuid"">{f57bd86a-23b9-6584-a606-000000000d00}</Data>
    <Data Name=""ProcessId"">8768</Data>
    <Data Name=""Image"">C:\Windows\Microsoft.NET\Framework\v4.0.30319\mscorsvw.exe</Data>
    <Data Name=""TargetFilename"">C:\Windows\assembly\NativeImages_v4.0.30319_32\Temp\2240-0\ilc.exe</Data>
    <Data Name=""CreationUtcTime"">2023-12-21 11:38:33.638</Data>
    <Data Name=""User"">NT AUTHORITY\SYSTEM</Data>
  </EventData>
</Event>
"
Microsoft-Windows-Sysmon/Operational,,,WinDev2309Eval,38:31.6,,,,,,,,,11,6423,,,,C:\Windows\Microsoft.NET\Framework\v4.0.30319\mscorsvw.exe,,,0x8000000000000000,4,,,,,0,,,,,,,{f57bd86a-23b3-6584-a306-000000000d00},3400,460.0,,,,,,EXE,,,,,,,,,,,,,2023-12-21T11:38:31.6083687Z,C:\Windows\assembly\NativeImages_v4.0.30319_32\Temp\1cc-0\sg.exe,,,,,,11,,4208,NT AUTHORITY\SYSTEM,S-1-5-18,38:31.6,2.0,"<Event xmlns=""http://schemas.microsoft.com/win/2004/08/events/event"">
  <System>
    <Provider Name=""Microsoft-Windows-Sysmon"" Guid=""{5770385f-c22a-43e0-bf4c-06f5698ffbd9}""/>
    <EventID>11</EventID>
    <Version>2</Version>
    <Level>4</Level>
    <Task>11</Task>
    <Opcode>0</Opcode>
    <Keywords>0x8000000000000000</Keywords>
    <TimeCreated SystemTime=""2023-12-21T11:38:31.6083687Z""/>
    <EventRecordID>6423</EventRecordID>
    <Correlation/>
    <Execution ProcessID=""3400"" ThreadID=""4208""/>
    <Channel>Microsoft-Windows-Sysmon/Operational</Channel>
    <Computer>WinDev2309Eval</Computer>
    <Security UserID=""S-1-5-18""/>
  </System>
  <EventData>
    <Data Name=""RuleName"">EXE</Data>
    <Data Name=""UtcTime"">2023-12-21 11:38:31.602</Data>
    <Data Name=""ProcessGuid"">{f57bd86a-23b3-6584-a306-000000000d00}</Data>
    <Data Name=""ProcessId"">460</Data>
    <Data Name=""Image"">C:\Windows\Microsoft.NET\Framework\v4.0.30319\mscorsvw.exe</Data>
    <Data Name=""TargetFilename"">C:\Windows\assembly\NativeImages_v4.0.30319_32\Temp\1cc-0\sg.exe</Data>
    <Data Name=""CreationUtcTime"">2023-12-21 11:38:31.602</Data>
    <Data Name=""User"">NT AUTHORITY\SYSTEM</Data>
  </EventData>
</Event>
"
Microsoft-Windows-Sysmon/Operational,,,WinDev2309Eval,38:24.3,,,,,,,,,11,6422,,,,C:\Windows\Microsoft.NET\Framework\v4.0.30319\mscorsvw.exe,,,0x8000000000000000,4,,,,,0,,,,,,,{f57bd86a-23b0-6584-8e06-000000000d00},3400,11616.0,,,,,,EXE,,,,,,,,,,,,,2023-12-21T11:38:24.2878960Z,C:\Windows\assembly\NativeImages_v4.0.30319_32\Temp\2d60-0\Gatekeeper.exe,,,,,,11,,4208,NT AUTHORITY\SYSTEM,S-1-5-18,38:24.3,2.0,"<Event xmlns=""http://schemas.microsoft.com/win/2004/08/events/event"">
  <System>
    <Provider Name=""Microsoft-Windows-Sysmon"" Guid=""{5770385f-c22a-43e0-bf4c-06f5698ffbd9}""/>
    <EventID>11</EventID>
    <Version>2</Version>
    <Level>4</Level>
    <Task>11</Task>
    <Opcode>0</Opcode>
    <Keywords>0x8000000000000000</Keywords>
    <TimeCreated SystemTime=""2023-12-21T11:38:24.2878960Z""/>
    <EventRecordID>6422</EventRecordID>
    <Correlation/>
    <Execution ProcessID=""3400"" ThreadID=""4208""/>
    <Channel>Microsoft-Windows-Sysmon/Operational</Channel>
    <Computer>WinDev2309Eval</Computer>
    <Security UserID=""S-1-5-18""/>
  </System>
  <EventData>
    <Data Name=""RuleName"">EXE</Data>
    <Data Name=""UtcTime"">2023-12-21 11:38:24.282</Data>
    <Data Name=""ProcessGuid"">{f57bd86a-23b0-6584-8e06-000000000d00}</Data>
    <Data Name=""ProcessId"">11616</Data>
    <Data Name=""Image"">C:\Windows\Microsoft.NET\Framework\v4.0.30319\mscorsvw.exe</Data>
    <Data Name=""TargetFilename"">C:\Windows\assembly\NativeImages_v4.0.30319_32\Temp\2d60-0\Gatekeeper.exe</Data>
    <Data Name=""CreationUtcTime"">2023-12-21 11:38:24.282</Data>
    <Data Name=""User"">NT AUTHORITY\SYSTEM</Data>
  </EventData>
</Event>
"
Microsoft-Windows-Sysmon/Operational,,,WinDev2309Eval,38:23.4,,,,,,,,,11,6421,,,,C:\Windows\Microsoft.NET\Framework\v4.0.30319\mscorsvw.exe,,,0x8000000000000000,4,,,,,0,,,,,,,{f57bd86a-23af-6584-8c06-000000000d00},3400,10184.0,,,,,,DLL,,,,,,,,,,,,,2023-12-21T11:38:23.4039166Z,C:\Windows\assembly\NativeImages_v4.0.30319_32\Temp\27c8-0\MdTransform.dll,,,,,,11,,4208,NT AUTHORITY\SYSTEM,S-1-5-18,38:23.4,2.0,"<Event xmlns=""http://schemas.microsoft.com/win/2004/08/events/event"">
  <System>
    <Provider Name=""Microsoft-Windows-Sysmon"" Guid=""{5770385f-c22a-43e0-bf4c-06f5698ffbd9}""/>
    <EventID>11</EventID>
    <Version>2</Version>
    <Level>4</Level>
    <Task>11</Task>
    <Opcode>0</Opcode>
    <Keywords>0x8000000000000000</Keywords>
    <TimeCreated SystemTime=""2023-12-21T11:38:23.4039166Z""/>
    <EventRecordID>6421</EventRecordID>
    <Correlation/>
    <Execution ProcessID=""3400"" ThreadID=""4208""/>
    <Channel>Microsoft-Windows-Sysmon/Operational</Channel>
    <Computer>WinDev2309Eval</Computer>
    <Security UserID=""S-1-5-18""/>
  </System>
  <EventData>
    <Data Name=""RuleName"">DLL</Data>
    <Data Name=""UtcTime"">2023-12-21 11:38:23.391</Data>
    <Data Name=""ProcessGuid"">{f57bd86a-23af-6584-8c06-000000000d00}</Data>
    <Data Name=""ProcessId"">10184</Data>
    <Data Name=""Image"">C:\Windows\Microsoft.NET\Framework\v4.0.30319\mscorsvw.exe</Data>
    <Data Name=""TargetFilename"">C:\Windows\assembly\NativeImages_v4.0.30319_32\Temp\27c8-0\MdTransform.dll</Data>
    <Data Name=""CreationUtcTime"">2023-12-21 11:38:23.391</Data>
    <Data Name=""User"">NT AUTHORITY\SYSTEM</Data>
  </EventData>
</Event>
"
Microsoft-Windows-Sysmon/Operational,,,WinDev2309Eval,38:23.1,,,,,,,,,11,6420,,,,C:\Windows\Microsoft.NET\Framework\v4.0.30319\mscorsvw.exe,,,0x8000000000000000,4,,,,,0,,,,,,,{f57bd86a-23ae-6584-8b06-000000000d00},3400,5392.0,,,,,,DLL,,,,,,,,,,,,,2023-12-21T11:38:23.0674312Z,C:\Windows\assembly\NativeImages_v4.0.30319_32\Temp\1510-0\NativeFormatWriter.dll,,,,,,11,,4208,NT AUTHORITY\SYSTEM,S-1-5-18,38:23.1,2.0,"<Event xmlns=""http://schemas.microsoft.com/win/2004/08/events/event"">
  <System>
    <Provider Name=""Microsoft-Windows-Sysmon"" Guid=""{5770385f-c22a-43e0-bf4c-06f5698ffbd9}""/>
    <EventID>11</EventID>
    <Version>2</Version>
    <Level>4</Level>
    <Task>11</Task>
    <Opcode>0</Opcode>
    <Keywords>0x8000000000000000</Keywords>
    <TimeCreated SystemTime=""2023-12-21T11:38:23.0674312Z""/>
    <EventRecordID>6420</EventRecordID>
    <Correlation/>
    <Execution ProcessID=""3400"" ThreadID=""4208""/>
    <Channel>Microsoft-Windows-Sysmon/Operational</Channel>
    <Computer>WinDev2309Eval</Computer>
    <Security UserID=""S-1-5-18""/>
  </System>
  <EventData>
    <Data Name=""RuleName"">DLL</Data>
    <Data Name=""UtcTime"">2023-12-21 11:38:23.063</Data>
    <Data Name=""ProcessGuid"">{f57bd86a-23ae-6584-8b06-000000000d00}</Data>
    <Data Name=""ProcessId"">5392</Data>
    <Data Name=""Image"">C:\Windows\Microsoft.NET\Framework\v4.0.30319\mscorsvw.exe</Data>
    <Data Name=""TargetFilename"">C:\Windows\assembly\NativeImages_v4.0.30319_32\Temp\1510-0\NativeFormatWriter.dll</Data>
    <Data Name=""CreationUtcTime"">2023-12-21 11:38:23.063</Data>
    <Data Name=""User"">NT AUTHORITY\SYSTEM</Data>
  </EventData>
</Event>
"
Microsoft-Windows-Sysmon/Operational,,,WinDev2309Eval,38:22.5,,,,,,,,,11,6419,,,,C:\Windows\Microsoft.NET\Framework\v4.0.30319\mscorsvw.exe,,,0x8000000000000000,4,,,,,0,,,,,,,{f57bd86a-23ae-6584-8a06-000000000d00},3400,10128.0,,,,,,DLL,,,,,,,,,,,,,2023-12-21T11:38:22.5228836Z,C:\Windows\assembly\NativeImages_v4.0.30319_32\Temp\2790-0\McgCodeDom.dll,,,,,,11,,4208,NT AUTHORITY\SYSTEM,S-1-5-18,38:22.5,2.0,"<Event xmlns=""http://schemas.microsoft.com/win/2004/08/events/event"">
  <System>
    <Provider Name=""Microsoft-Windows-Sysmon"" Guid=""{5770385f-c22a-43e0-bf4c-06f5698ffbd9}""/>
    <EventID>11</EventID>
    <Version>2</Version>
    <Level>4</Level>
    <Task>11</Task>
    <Opcode>0</Opcode>
    <Keywords>0x8000000000000000</Keywords>
    <TimeCreated SystemTime=""2023-12-21T11:38:22.5228836Z""/>
    <EventRecordID>6419</EventRecordID>
    <Correlation/>
    <Execution ProcessID=""3400"" ThreadID=""4208""/>
    <Channel>Microsoft-Windows-Sysmon/Operational</Channel>
    <Computer>WinDev2309Eval</Computer>
    <Security UserID=""S-1-5-18""/>
  </System>
  <EventData>
    <Data Name=""RuleName"">DLL</Data>
    <Data Name=""UtcTime"">2023-12-21 11:38:22.516</Data>
    <Data Name=""ProcessGuid"">{f57bd86a-23ae-6584-8a06-000000000d00}</Data>
    <Data Name=""ProcessId"">10128</Data>
    <Data Name=""Image"">C:\Windows\Microsoft.NET\Framework\v4.0.30319\mscorsvw.exe</Data>
    <Data Name=""TargetFilename"">C:\Windows\assembly\NativeImages_v4.0.30319_32\Temp\2790-0\McgCodeDom.dll</Data>
    <Data Name=""CreationUtcTime"">2023-12-21 11:38:22.516</Data>
    <Data Name=""User"">NT AUTHORITY\SYSTEM</Data>
  </EventData>
</Event>
"
Microsoft-Windows-Sysmon/Operational,,,WinDev2309Eval,38:22.1,,,,,,,,,11,6418,,,,C:\Windows\Microsoft.NET\Framework\v4.0.30319\mscorsvw.exe,,,0x8000000000000000,4,,,,,0,,,,,,,{f57bd86a-23ac-6584-8906-000000000d00},3400,13164.0,,,,,,DLL,,,,,,,,,,,,,2023-12-21T11:38:22.1337182Z,C:\Windows\assembly\NativeImages_v4.0.30319_32\Temp\336c-0\McgEngine.dll,,,,,,11,,4208,NT AUTHORITY\SYSTEM,S-1-5-18,38:22.1,2.0,"<Event xmlns=""http://schemas.microsoft.com/win/2004/08/events/event"">
  <System>
    <Provider Name=""Microsoft-Windows-Sysmon"" Guid=""{5770385f-c22a-43e0-bf4c-06f5698ffbd9}""/>
    <EventID>11</EventID>
    <Version>2</Version>
    <Level>4</Level>
    <Task>11</Task>
    <Opcode>0</Opcode>
    <Keywords>0x8000000000000000</Keywords>
    <TimeCreated SystemTime=""2023-12-21T11:38:22.1337182Z""/>
    <EventRecordID>6418</EventRecordID>
    <Correlation/>
    <Execution ProcessID=""3400"" ThreadID=""4208""/>
    <Channel>Microsoft-Windows-Sysmon/Operational</Channel>
    <Computer>WinDev2309Eval</Computer>
    <Security UserID=""S-1-5-18""/>
  </System>
  <EventData>
    <Data Name=""RuleName"">DLL</Data>
    <Data Name=""UtcTime"">2023-12-21 11:38:22.124</Data>
    <Data Name=""ProcessGuid"">{f57bd86a-23ac-6584-8906-000000000d00}</Data>
    <Data Name=""ProcessId"">13164</Data>
    <Data Name=""Image"">C:\Windows\Microsoft.NET\Framework\v4.0.30319\mscorsvw.exe</Data>
    <Data Name=""TargetFilename"">C:\Windows\assembly\NativeImages_v4.0.30319_32\Temp\336c-0\McgEngine.dll</Data>
    <Data Name=""CreationUtcTime"">2023-12-21 11:38:22.124</Data>
    <Data Name=""User"">NT AUTHORITY\SYSTEM</Data>
  </EventData>
</Event>
"
Microsoft-Windows-Sysmon/Operational,,,WinDev2309Eval,38:20.6,,,,,,,,,11,6417,,,,C:\Windows\Microsoft.NET\Framework\v4.0.30319\mscorsvw.exe,,,0x8000000000000000,4,,,,,0,,,,,,,{f57bd86a-23ab-6584-8806-000000000d00},3400,12416.0,,,,,,DLL,,,,,,,,,,,,,2023-12-21T11:38:20.6243060Z,C:\Windows\assembly\NativeImages_v4.0.30319_32\Temp\3080-0\ReducerEngine.dll,,,,,,11,,4208,NT AUTHORITY\SYSTEM,S-1-5-18,38:20.6,2.0,"<Event xmlns=""http://schemas.microsoft.com/win/2004/08/events/event"">
  <System>
    <Provider Name=""Microsoft-Windows-Sysmon"" Guid=""{5770385f-c22a-43e0-bf4c-06f5698ffbd9}""/>
    <EventID>11</EventID>
    <Version>2</Version>
    <Level>4</Level>
    <Task>11</Task>
    <Opcode>0</Opcode>
    <Keywords>0x8000000000000000</Keywords>
    <TimeCreated SystemTime=""2023-12-21T11:38:20.6243060Z""/>
    <EventRecordID>6417</EventRecordID>
    <Correlation/>
    <Execution ProcessID=""3400"" ThreadID=""4208""/>
    <Channel>Microsoft-Windows-Sysmon/Operational</Channel>
    <Computer>WinDev2309Eval</Computer>
    <Security UserID=""S-1-5-18""/>
  </System>
  <EventData>
    <Data Name=""RuleName"">DLL</Data>
    <Data Name=""UtcTime"">2023-12-21 11:38:20.618</Data>
    <Data Name=""ProcessGuid"">{f57bd86a-23ab-6584-8806-000000000d00}</Data>
    <Data Name=""ProcessId"">12416</Data>
    <Data Name=""Image"">C:\Windows\Microsoft.NET\Framework\v4.0.30319\mscorsvw.exe</Data>
    <Data Name=""TargetFilename"">C:\Windows\assembly\NativeImages_v4.0.30319_32\Temp\3080-0\ReducerEngine.dll</Data>
    <Data Name=""CreationUtcTime"">2023-12-21 11:38:20.618</Data>
    <Data Name=""User"">NT AUTHORITY\SYSTEM</Data>
  </EventData>
</Event>
"
Microsoft-Windows-Sysmon/Operational,,,WinDev2309Eval,38:19.7,,,,,,,,,11,6416,,,,C:\Windows\Microsoft.NET\Framework\v4.0.30319\mscorsvw.exe,,,0x8000000000000000,4,,,,,0,,,,,,,{f57bd86a-23ab-6584-8706-000000000d00},3400,12220.0,,,,,,DLL,,,,,,,,,,,,,2023-12-21T11:38:19.6646554Z,C:\Windows\assembly\NativeImages_v4.0.30319_32\Temp\2fbc-0\MethodBodyEditor.dll,,,,,,11,,4208,NT AUTHORITY\SYSTEM,S-1-5-18,38:19.7,2.0,"<Event xmlns=""http://schemas.microsoft.com/win/2004/08/events/event"">
  <System>
    <Provider Name=""Microsoft-Windows-Sysmon"" Guid=""{5770385f-c22a-43e0-bf4c-06f5698ffbd9}""/>
    <EventID>11</EventID>
    <Version>2</Version>
    <Level>4</Level>
    <Task>11</Task>
    <Opcode>0</Opcode>
    <Keywords>0x8000000000000000</Keywords>
    <TimeCreated SystemTime=""2023-12-21T11:38:19.6646554Z""/>
    <EventRecordID>6416</EventRecordID>
    <Correlation/>
    <Execution ProcessID=""3400"" ThreadID=""4208""/>
    <Channel>Microsoft-Windows-Sysmon/Operational</Channel>
    <Computer>WinDev2309Eval</Computer>
    <Security UserID=""S-1-5-18""/>
  </System>
  <EventData>
    <Data Name=""RuleName"">DLL</Data>
    <Data Name=""UtcTime"">2023-12-21 11:38:19.664</Data>
    <Data Name=""ProcessGuid"">{f57bd86a-23ab-6584-8706-000000000d00}</Data>
    <Data Name=""ProcessId"">12220</Data>
    <Data Name=""Image"">C:\Windows\Microsoft.NET\Framework\v4.0.30319\mscorsvw.exe</Data>
    <Data Name=""TargetFilename"">C:\Windows\assembly\NativeImages_v4.0.30319_32\Temp\2fbc-0\MethodBodyEditor.dll</Data>
    <Data Name=""CreationUtcTime"">2023-12-21 11:38:19.664</Data>
    <Data Name=""User"">NT AUTHORITY\SYSTEM</Data>
  </EventData>
</Event>
"
Microsoft-Windows-Sysmon/Operational,,,WinDev2309Eval,38:19.5,,,,,,,,,11,6415,,,,C:\Windows\Microsoft.NET\Framework\v4.0.30319\mscorsvw.exe,,,0x8000000000000000,4,,,,,0,,,,,,,{f57bd86a-23ab-6584-8606-000000000d00},3400,11880.0,,,,,,DLL,,,,,,,,,,,,,2023-12-21T11:38:19.5343445Z,C:\Windows\assembly\NativeImages_v4.0.30319_32\Temp\2e68-0\TypeNameUtilities.dll,,,,,,11,,4208,NT AUTHORITY\SYSTEM,S-1-5-18,38:19.5,2.0,"<Event xmlns=""http://schemas.microsoft.com/win/2004/08/events/event"">
  <System>
    <Provider Name=""Microsoft-Windows-Sysmon"" Guid=""{5770385f-c22a-43e0-bf4c-06f5698ffbd9}""/>
    <EventID>11</EventID>
    <Version>2</Version>
    <Level>4</Level>
    <Task>11</Task>
    <Opcode>0</Opcode>
    <Keywords>0x8000000000000000</Keywords>
    <TimeCreated SystemTime=""2023-12-21T11:38:19.5343445Z""/>
    <EventRecordID>6415</EventRecordID>
    <Correlation/>
    <Execution ProcessID=""3400"" ThreadID=""4208""/>
    <Channel>Microsoft-Windows-Sysmon/Operational</Channel>
    <Computer>WinDev2309Eval</Computer>
    <Security UserID=""S-1-5-18""/>
  </System>
  <EventData>
    <Data Name=""RuleName"">DLL</Data>
    <Data Name=""UtcTime"">2023-12-21 11:38:19.523</Data>
    <Data Name=""ProcessGuid"">{f57bd86a-23ab-6584-8606-000000000d00}</Data>
    <Data Name=""ProcessId"">11880</Data>
    <Data Name=""Image"">C:\Windows\Microsoft.NET\Framework\v4.0.30319\mscorsvw.exe</Data>
    <Data Name=""TargetFilename"">C:\Windows\assembly\NativeImages_v4.0.30319_32\Temp\2e68-0\TypeNameUtilities.dll</Data>
    <Data Name=""CreationUtcTime"">2023-12-21 11:38:19.523</Data>
    <Data Name=""User"">NT AUTHORITY\SYSTEM</Data>
  </EventData>
</Event>
"
Microsoft-Windows-Sysmon/Operational,,,WinDev2309Eval,38:19.3,,,,,,,,,11,6414,,,,C:\Windows\Microsoft.NET\Framework\v4.0.30319\mscorsvw.exe,,,0x8000000000000000,4,,,,,0,,,,,,,{f57bd86a-23aa-6584-8506-000000000d00},3400,7004.0,,,,,,DLL,,,,,,,,,,,,,2023-12-21T11:38:19.3333262Z,C:\Windows\assembly\NativeImages_v4.0.30319_32\Temp\1b5c-0\Microsoft.Build.ILTasks.dll,,,,,,11,,4208,NT AUTHORITY\SYSTEM,S-1-5-18,38:19.3,2.0,"<Event xmlns=""http://schemas.microsoft.com/win/2004/08/events/event"">
  <System>
    <Provider Name=""Microsoft-Windows-Sysmon"" Guid=""{5770385f-c22a-43e0-bf4c-06f5698ffbd9}""/>
    <EventID>11</EventID>
    <Version>2</Version>
    <Level>4</Level>
    <Task>11</Task>
    <Opcode>0</Opcode>
    <Keywords>0x8000000000000000</Keywords>
    <TimeCreated SystemTime=""2023-12-21T11:38:19.3333262Z""/>
    <EventRecordID>6414</EventRecordID>
    <Correlation/>
    <Execution ProcessID=""3400"" ThreadID=""4208""/>
    <Channel>Microsoft-Windows-Sysmon/Operational</Channel>
    <Computer>WinDev2309Eval</Computer>
    <Security UserID=""S-1-5-18""/>
  </System>
  <EventData>
    <Data Name=""RuleName"">DLL</Data>
    <Data Name=""UtcTime"">2023-12-21 11:38:19.320</Data>
    <Data Name=""ProcessGuid"">{f57bd86a-23aa-6584-8506-000000000d00}</Data>
    <Data Name=""ProcessId"">7004</Data>
    <Data Name=""Image"">C:\Windows\Microsoft.NET\Framework\v4.0.30319\mscorsvw.exe</Data>
    <Data Name=""TargetFilename"">C:\Windows\assembly\NativeImages_v4.0.30319_32\Temp\1b5c-0\Microsoft.Build.ILTasks.dll</Data>
    <Data Name=""CreationUtcTime"">2023-12-21 11:38:19.320</Data>
    <Data Name=""User"">NT AUTHORITY\SYSTEM</Data>
  </EventData>
</Event>
"
Microsoft-Windows-Sysmon/Operational,,,WinDev2309Eval,38:18.2,,,,,,,,,11,6413,,,,C:\Windows\Microsoft.NET\Framework\v4.0.30319\mscorsvw.exe,,,0x8000000000000000,4,,,,,0,,,,,,,{f57bd86a-23a9-6584-8406-000000000d00},3400,8284.0,,,,,,DLL,,,,,,,,,,,,,2023-12-21T11:38:18.2441940Z,C:\Windows\assembly\NativeImages_v4.0.30319_32\Temp\205c-0\Gatekeeper.Engine.dll,,,,,,11,,4208,NT AUTHORITY\SYSTEM,S-1-5-18,38:18.2,2.0,"<Event xmlns=""http://schemas.microsoft.com/win/2004/08/events/event"">
  <System>
    <Provider Name=""Microsoft-Windows-Sysmon"" Guid=""{5770385f-c22a-43e0-bf4c-06f5698ffbd9}""/>
    <EventID>11</EventID>
    <Version>2</Version>
    <Level>4</Level>
    <Task>11</Task>
    <Opcode>0</Opcode>
    <Keywords>0x8000000000000000</Keywords>
    <TimeCreated SystemTime=""2023-12-21T11:38:18.2441940Z""/>
    <EventRecordID>6413</EventRecordID>
    <Correlation/>
    <Execution ProcessID=""3400"" ThreadID=""4208""/>
    <Channel>Microsoft-Windows-Sysmon/Operational</Channel>
    <Computer>WinDev2309Eval</Computer>
    <Security UserID=""S-1-5-18""/>
  </System>
  <EventData>
    <Data Name=""RuleName"">DLL</Data>
    <Data Name=""UtcTime"">2023-12-21 11:38:18.240</Data>
    <Data Name=""ProcessGuid"">{f57bd86a-23a9-6584-8406-000000000d00}</Data>
    <Data Name=""ProcessId"">8284</Data>
    <Data Name=""Image"">C:\Windows\Microsoft.NET\Framework\v4.0.30319\mscorsvw.exe</Data>
    <Data Name=""TargetFilename"">C:\Windows\assembly\NativeImages_v4.0.30319_32\Temp\205c-0\Gatekeeper.Engine.dll</Data>
    <Data Name=""CreationUtcTime"">2023-12-21 11:38:18.240</Data>
    <Data Name=""User"">NT AUTHORITY\SYSTEM</Data>
  </EventData>
</Event>
"
Microsoft-Windows-Sysmon/Operational,,,WinDev2309Eval,38:16.7,,,,,,,,,11,6412,,,,C:\Windows\Microsoft.NET\Framework\v4.0.30319\mscorsvw.exe,,,0x8000000000000000,4,,,,,0,,,,,,,{f57bd86a-23a8-6584-8006-000000000d00},3400,6440.0,,,,,,DLL,,,,,,,,,,,,,2023-12-21T11:38:16.7337697Z,C:\Windows\assembly\NativeImages_v4.0.30319_32\Temp\1928-0\CciExtensions.dll,,,,,,11,,4208,NT AUTHORITY\SYSTEM,S-1-5-18,38:16.7,2.0,"<Event xmlns=""http://schemas.microsoft.com/win/2004/08/events/event"">
  <System>
    <Provider Name=""Microsoft-Windows-Sysmon"" Guid=""{5770385f-c22a-43e0-bf4c-06f5698ffbd9}""/>
    <EventID>11</EventID>
    <Version>2</Version>
    <Level>4</Level>
    <Task>11</Task>
    <Opcode>0</Opcode>
    <Keywords>0x8000000000000000</Keywords>
    <TimeCreated SystemTime=""2023-12-21T11:38:16.7337697Z""/>
    <EventRecordID>6412</EventRecordID>
    <Correlation/>
    <Execution ProcessID=""3400"" ThreadID=""4208""/>
    <Channel>Microsoft-Windows-Sysmon/Operational</Channel>
    <Computer>WinDev2309Eval</Computer>
    <Security UserID=""S-1-5-18""/>
  </System>
  <EventData>
    <Data Name=""RuleName"">DLL</Data>
    <Data Name=""UtcTime"">2023-12-21 11:38:16.723</Data>
    <Data Name=""ProcessGuid"">{f57bd86a-23a8-6584-8006-000000000d00}</Data>
    <Data Name=""ProcessId"">6440</Data>
    <Data Name=""Image"">C:\Windows\Microsoft.NET\Framework\v4.0.30319\mscorsvw.exe</Data>
    <Data Name=""TargetFilename"">C:\Windows\assembly\NativeImages_v4.0.30319_32\Temp\1928-0\CciExtensions.dll</Data>
    <Data Name=""CreationUtcTime"">2023-12-21 11:38:16.723</Data>
    <Data Name=""User"">NT AUTHORITY\SYSTEM</Data>
  </EventData>
</Event>
"
Microsoft-Windows-Sysmon/Operational,,,WinDev2309Eval,38:16.4,,,,,,,,,11,6411,,,,C:\Windows\Microsoft.NET\Framework\v4.0.30319\mscorsvw.exe,,,0x8000000000000000,4,,,,,0,,,,,,,{f57bd86a-23a5-6584-7f06-000000000d00},3400,1660.0,,,,,,DLL,,,,,,,,,,,,,2023-12-21T11:38:16.4191454Z,C:\Windows\assembly\NativeImages_v4.0.30319_32\Temp\67c-0\Microsoft.Cci.dll,,,,,,11,,4208,NT AUTHORITY\SYSTEM,S-1-5-18,38:16.4,2.0,"<Event xmlns=""http://schemas.microsoft.com/win/2004/08/events/event"">
  <System>
    <Provider Name=""Microsoft-Windows-Sysmon"" Guid=""{5770385f-c22a-43e0-bf4c-06f5698ffbd9}""/>
    <EventID>11</EventID>
    <Version>2</Version>
    <Level>4</Level>
    <Task>11</Task>
    <Opcode>0</Opcode>
    <Keywords>0x8000000000000000</Keywords>
    <TimeCreated SystemTime=""2023-12-21T11:38:16.4191454Z""/>
    <EventRecordID>6411</EventRecordID>
    <Correlation/>
    <Execution ProcessID=""3400"" ThreadID=""4208""/>
    <Channel>Microsoft-Windows-Sysmon/Operational</Channel>
    <Computer>WinDev2309Eval</Computer>
    <Security UserID=""S-1-5-18""/>
  </System>
  <EventData>
    <Data Name=""RuleName"">DLL</Data>
    <Data Name=""UtcTime"">2023-12-21 11:38:16.411</Data>
    <Data Name=""ProcessGuid"">{f57bd86a-23a5-6584-7f06-000000000d00}</Data>
    <Data Name=""ProcessId"">1660</Data>
    <Data Name=""Image"">C:\Windows\Microsoft.NET\Framework\v4.0.30319\mscorsvw.exe</Data>
    <Data Name=""TargetFilename"">C:\Windows\assembly\NativeImages_v4.0.30319_32\Temp\67c-0\Microsoft.Cci.dll</Data>
    <Data Name=""CreationUtcTime"">2023-12-21 11:38:16.411</Data>
    <Data Name=""User"">NT AUTHORITY\SYSTEM</Data>
  </EventData>
</Event>
"
Microsoft-Windows-Sysmon/Operational,,,WinDev2309Eval,38:13.8,,,,,,,,,11,6410,,,,C:\Windows\Microsoft.NET\Framework\v4.0.30319\mscorsvw.exe,,,0x8000000000000000,4,,,,,0,,,,,,,{f57bd86a-23a5-6584-7e06-000000000d00},3400,11236.0,,,,,,DLL,,,,,,,,,,,,,2023-12-21T11:38:13.7854052Z,C:\Windows\assembly\NativeImages_v4.0.30319_32\Temp\2be4-0\Microsoft.NetNative.Instrumentation.dll,,,,,,11,,4208,NT AUTHORITY\SYSTEM,S-1-5-18,38:13.8,2.0,"<Event xmlns=""http://schemas.microsoft.com/win/2004/08/events/event"">
  <System>
    <Provider Name=""Microsoft-Windows-Sysmon"" Guid=""{5770385f-c22a-43e0-bf4c-06f5698ffbd9}""/>
    <EventID>11</EventID>
    <Version>2</Version>
    <Level>4</Level>
    <Task>11</Task>
    <Opcode>0</Opcode>
    <Keywords>0x8000000000000000</Keywords>
    <TimeCreated SystemTime=""2023-12-21T11:38:13.7854052Z""/>
    <EventRecordID>6410</EventRecordID>
    <Correlation/>
    <Execution ProcessID=""3400"" ThreadID=""4208""/>
    <Channel>Microsoft-Windows-Sysmon/Operational</Channel>
    <Computer>WinDev2309Eval</Computer>
    <Security UserID=""S-1-5-18""/>
  </System>
  <EventData>
    <Data Name=""RuleName"">DLL</Data>
    <Data Name=""UtcTime"">2023-12-21 11:38:13.782</Data>
    <Data Name=""ProcessGuid"">{f57bd86a-23a5-6584-7e06-000000000d00}</Data>
    <Data Name=""ProcessId"">11236</Data>
    <Data Name=""Image"">C:\Windows\Microsoft.NET\Framework\v4.0.30319\mscorsvw.exe</Data>
    <Data Name=""TargetFilename"">C:\Windows\assembly\NativeImages_v4.0.30319_32\Temp\2be4-0\Microsoft.NetNative.Instrumentation.dll</Data>
    <Data Name=""CreationUtcTime"">2023-12-21 11:38:13.782</Data>
    <Data Name=""User"">NT AUTHORITY\SYSTEM</Data>
  </EventData>
</Event>
"
