Channel,CommandLine,Company,Computer,CreationUtcTime,CurrentDirectory,Description,DestinationHostname,DestinationIp,DestinationIsIpv6,DestinationPort,DestinationPortName,Details,EventID,EventRecordID,EventType,FileVersion,Hashes,Image,Initiated,IntegrityLevel,Keywords,Level,LogonGuid,LogonId,Message,NewThreadId,Opcode,OriginalFileName,ParentCommandLine,ParentImage,ParentProcessGuid,ParentProcessId,ParentUser,ProcessGuid,ProcessID,ProcessId,Product,Protocol,QueryName,QueryResults,QueryStatus,RuleName,SourceHostname,SourceImage,SourceIp,SourceIsIpv6,SourcePort,SourcePortName,SourceProcessGuid,SourceProcessId,SourceUser,StartAddress,StartFunction,StartModule,SystemTime,TargetFilename,TargetImage,TargetObject,TargetProcessGuid,TargetProcessId,TargetUser,Task,TerminalSessionId,ThreadID,User,UserID,UtcTime,Version,raw
Microsoft-Windows-Sysmon/Operational,,,WinDev2309Eval,37:41.8,,,,,,,,,11,6365,,,,C:\Windows\Microsoft.NET\Framework\v4.0.30319\mscorsvw.exe,,,0x8000000000000000,4,,,,,0,,,,,,,{f57bd86a-2381-6584-3706-000000000d00},3400,3244.0,,,,,,DLL,,,,,,,,,,,,,2023-12-21T11:37:41.8070250Z,C:\Windows\assembly\NativeImages_v4.0.30319_32\Temp\cac-0\System.Windows.Forms.dll,,,,,,11,,4208,NT AUTHORITY\SYSTEM,S-1-5-18,37:41.8,2.0,"<Event xmlns=""http://schemas.microsoft.com/win/2004/08/events/event"">
  <System>
    <Provider Name=""Microsoft-Windows-Sysmon"" Guid=""{5770385f-c22a-43e0-bf4c-06f5698ffbd9}""/>
    <EventID>11</EventID>
    <Version>2</Version>
    <Level>4</Level>
    <Task>11</Task>
    <Opcode>0</Opcode>
    <Keywords>0x8000000000000000</Keywords>
    <TimeCreated SystemTime=""2023-12-21T11:37:41.8070250Z""/>
    <EventRecordID>6365</EventRecordID>
    <Correlation/>
    <Execution ProcessID=""3400"" ThreadID=""4208""/>
    <Channel>Microsoft-Windows-Sysmon/Operational</Channel>
    <Computer>WinDev2309Eval</Computer>
    <Security UserID=""S-1-5-18""/>
  </System>
  <EventData>
    <Data Name=""RuleName"">DLL</Data>
    <Data Name=""UtcTime"">2023-12-21 11:37:41.797</Data>
    <Data Name=""ProcessGuid"">{f57bd86a-2381-6584-3706-000000000d00}</Data>
    <Data Name=""ProcessId"">3244</Data>
    <Data Name=""Image"">C:\Windows\Microsoft.NET\Framework\v4.0.30319\mscorsvw.exe</Data>
    <Data Name=""TargetFilename"">C:\Windows\assembly\NativeImages_v4.0.30319_32\Temp\cac-0\System.Windows.Forms.dll</Data>
    <Data Name=""CreationUtcTime"">2023-12-21 11:37:41.797</Data>
    <Data Name=""User"">NT AUTHORITY\SYSTEM</Data>
  </EventData>
</Event>
"
Microsoft-Windows-Sysmon/Operational,,,WinDev2309Eval,37:37.3,,,,,,,,,11,6364,,,,C:\Windows\Microsoft.NET\Framework\v4.0.30319\mscorsvw.exe,,,0x8000000000000000,4,,,,,0,,,,,,,{f57bd86a-237e-6584-3606-000000000d00},3400,10380.0,,,,,,DLL,,,,,,,,,,,,,2023-12-21T11:37:37.3324853Z,C:\Windows\assembly\NativeImages_v4.0.30319_32\Temp\288c-0\System.Design.dll,,,,,,11,,4208,NT AUTHORITY\SYSTEM,S-1-5-18,37:37.3,2.0,"<Event xmlns=""http://schemas.microsoft.com/win/2004/08/events/event"">
  <System>
    <Provider Name=""Microsoft-Windows-Sysmon"" Guid=""{5770385f-c22a-43e0-bf4c-06f5698ffbd9}""/>
    <EventID>11</EventID>
    <Version>2</Version>
    <Level>4</Level>
    <Task>11</Task>
    <Opcode>0</Opcode>
    <Keywords>0x8000000000000000</Keywords>
    <TimeCreated SystemTime=""2023-12-21T11:37:37.3324853Z""/>
    <EventRecordID>6364</EventRecordID>
    <Correlation/>
    <Execution ProcessID=""3400"" ThreadID=""4208""/>
    <Channel>Microsoft-Windows-Sysmon/Operational</Channel>
    <Computer>WinDev2309Eval</Computer>
    <Security UserID=""S-1-5-18""/>
  </System>
  <EventData>
    <Data Name=""RuleName"">DLL</Data>
    <Data Name=""UtcTime"">2023-12-21 11:37:37.324</Data>
    <Data Name=""ProcessGuid"">{f57bd86a-237e-6584-3606-000000000d00}</Data>
    <Data Name=""ProcessId"">10380</Data>
    <Data Name=""Image"">C:\Windows\Microsoft.NET\Framework\v4.0.30319\mscorsvw.exe</Data>
    <Data Name=""TargetFilename"">C:\Windows\assembly\NativeImages_v4.0.30319_32\Temp\288c-0\System.Design.dll</Data>
    <Data Name=""CreationUtcTime"">2023-12-21 11:37:37.324</Data>
    <Data Name=""User"">NT AUTHORITY\SYSTEM</Data>
  </EventData>
</Event>
"
Microsoft-Windows-Sysmon/Operational,,,WinDev2309Eval,37:34.6,,,,,,,,,11,6363,,,,C:\Windows\Microsoft.NET\Framework\v4.0.30319\mscorsvw.exe,,,0x8000000000000000,4,,,,,0,,,,,,,{f57bd86a-237e-6584-3506-000000000d00},3400,9592.0,,,,,,DLL,,,,,,,,,,,,,2023-12-21T11:37:34.5786452Z,C:\Windows\assembly\NativeImages_v4.0.30319_32\Temp\2578-0\System.Web.RegularExpressions.dll,,,,,,11,,4208,NT AUTHORITY\SYSTEM,S-1-5-18,37:34.6,2.0,"<Event xmlns=""http://schemas.microsoft.com/win/2004/08/events/event"">
  <System>
    <Provider Name=""Microsoft-Windows-Sysmon"" Guid=""{5770385f-c22a-43e0-bf4c-06f5698ffbd9}""/>
    <EventID>11</EventID>
    <Version>2</Version>
    <Level>4</Level>
    <Task>11</Task>
    <Opcode>0</Opcode>
    <Keywords>0x8000000000000000</Keywords>
    <TimeCreated SystemTime=""2023-12-21T11:37:34.5786452Z""/>
    <EventRecordID>6363</EventRecordID>
    <Correlation/>
    <Execution ProcessID=""3400"" ThreadID=""4208""/>
    <Channel>Microsoft-Windows-Sysmon/Operational</Channel>
    <Computer>WinDev2309Eval</Computer>
    <Security UserID=""S-1-5-18""/>
  </System>
  <EventData>
    <Data Name=""RuleName"">DLL</Data>
    <Data Name=""UtcTime"">2023-12-21 11:37:34.574</Data>
    <Data Name=""ProcessGuid"">{f57bd86a-237e-6584-3506-000000000d00}</Data>
    <Data Name=""ProcessId"">9592</Data>
    <Data Name=""Image"">C:\Windows\Microsoft.NET\Framework\v4.0.30319\mscorsvw.exe</Data>
    <Data Name=""TargetFilename"">C:\Windows\assembly\NativeImages_v4.0.30319_32\Temp\2578-0\System.Web.RegularExpressions.dll</Data>
    <Data Name=""CreationUtcTime"">2023-12-21 11:37:34.574</Data>
    <Data Name=""User"">NT AUTHORITY\SYSTEM</Data>
  </EventData>
</Event>
"
Microsoft-Windows-Sysmon/Operational,,,WinDev2309Eval,37:34.4,,,,,,,,,11,6362,,,,C:\Windows\Microsoft.NET\Framework\v4.0.30319\mscorsvw.exe,,,0x8000000000000000,4,,,,,0,,,,,,,{f57bd86a-237d-6584-3406-000000000d00},3400,3588.0,,,,,,DLL,,,,,,,,,,,,,2023-12-21T11:37:34.4156258Z,C:\Windows\assembly\NativeImages_v4.0.30319_32\Temp\e04-0\System.Drawing.dll,,,,,,11,,4208,NT AUTHORITY\SYSTEM,S-1-5-18,37:34.4,2.0,"<Event xmlns=""http://schemas.microsoft.com/win/2004/08/events/event"">
  <System>
    <Provider Name=""Microsoft-Windows-Sysmon"" Guid=""{5770385f-c22a-43e0-bf4c-06f5698ffbd9}""/>
    <EventID>11</EventID>
    <Version>2</Version>
    <Level>4</Level>
    <Task>11</Task>
    <Opcode>0</Opcode>
    <Keywords>0x8000000000000000</Keywords>
    <TimeCreated SystemTime=""2023-12-21T11:37:34.4156258Z""/>
    <EventRecordID>6362</EventRecordID>
    <Correlation/>
    <Execution ProcessID=""3400"" ThreadID=""4208""/>
    <Channel>Microsoft-Windows-Sysmon/Operational</Channel>
    <Computer>WinDev2309Eval</Computer>
    <Security UserID=""S-1-5-18""/>
  </System>
  <EventData>
    <Data Name=""RuleName"">DLL</Data>
    <Data Name=""UtcTime"">2023-12-21 11:37:34.402</Data>
    <Data Name=""ProcessGuid"">{f57bd86a-237d-6584-3406-000000000d00}</Data>
    <Data Name=""ProcessId"">3588</Data>
    <Data Name=""Image"">C:\Windows\Microsoft.NET\Framework\v4.0.30319\mscorsvw.exe</Data>
    <Data Name=""TargetFilename"">C:\Windows\assembly\NativeImages_v4.0.30319_32\Temp\e04-0\System.Drawing.dll</Data>
    <Data Name=""CreationUtcTime"">2023-12-21 11:37:34.402</Data>
    <Data Name=""User"">NT AUTHORITY\SYSTEM</Data>
  </EventData>
</Event>
"
Microsoft-Windows-Sysmon/Operational,,,WinDev2309Eval,37:33.6,,,,,,,,,11,6361,,,,C:\Windows\Microsoft.NET\Framework\v4.0.30319\mscorsvw.exe,,,0x8000000000000000,4,,,,,0,,,,,,,{f57bd86a-2379-6584-3306-000000000d00},3400,5680.0,,,,,,DLL,,,,,,,,,,,,,2023-12-21T11:37:33.5845328Z,C:\Windows\assembly\NativeImages_v4.0.30319_32\Temp\1630-0\System.Web.dll,,,,,,11,,4208,NT AUTHORITY\SYSTEM,S-1-5-18,37:33.6,2.0,"<Event xmlns=""http://schemas.microsoft.com/win/2004/08/events/event"">
  <System>
    <Provider Name=""Microsoft-Windows-Sysmon"" Guid=""{5770385f-c22a-43e0-bf4c-06f5698ffbd9}""/>
    <EventID>11</EventID>
    <Version>2</Version>
    <Level>4</Level>
    <Task>11</Task>
    <Opcode>0</Opcode>
    <Keywords>0x8000000000000000</Keywords>
    <TimeCreated SystemTime=""2023-12-21T11:37:33.5845328Z""/>
    <EventRecordID>6361</EventRecordID>
    <Correlation/>
    <Execution ProcessID=""3400"" ThreadID=""4208""/>
    <Channel>Microsoft-Windows-Sysmon/Operational</Channel>
    <Computer>WinDev2309Eval</Computer>
    <Security UserID=""S-1-5-18""/>
  </System>
  <EventData>
    <Data Name=""RuleName"">DLL</Data>
    <Data Name=""UtcTime"">2023-12-21 11:37:33.571</Data>
    <Data Name=""ProcessGuid"">{f57bd86a-2379-6584-3306-000000000d00}</Data>
    <Data Name=""ProcessId"">5680</Data>
    <Data Name=""Image"">C:\Windows\Microsoft.NET\Framework\v4.0.30319\mscorsvw.exe</Data>
    <Data Name=""TargetFilename"">C:\Windows\assembly\NativeImages_v4.0.30319_32\Temp\1630-0\System.Web.dll</Data>
    <Data Name=""CreationUtcTime"">2023-12-21 11:37:33.571</Data>
    <Data Name=""User"">NT AUTHORITY\SYSTEM</Data>
  </EventData>
</Event>
"
Microsoft-Windows-Sysmon/Operational,,,WinDev2309Eval,37:29.0,,,,,,,,,11,6360,,,,C:\Windows\Microsoft.NET\Framework\v4.0.30319\mscorsvw.exe,,,0x8000000000000000,4,,,,,0,,,,,,,{f57bd86a-2378-6584-3206-000000000d00},3400,8468.0,,,,,,DLL,,,,,,,,,,,,,2023-12-21T11:37:28.9845915Z,C:\Windows\assembly\NativeImages_v4.0.30319_32\Temp\2114-0\System.Runtime.Remoting.dll,,,,,,11,,4208,NT AUTHORITY\SYSTEM,S-1-5-18,37:29.0,2.0,"<Event xmlns=""http://schemas.microsoft.com/win/2004/08/events/event"">
  <System>
    <Provider Name=""Microsoft-Windows-Sysmon"" Guid=""{5770385f-c22a-43e0-bf4c-06f5698ffbd9}""/>
    <EventID>11</EventID>
    <Version>2</Version>
    <Level>4</Level>
    <Task>11</Task>
    <Opcode>0</Opcode>
    <Keywords>0x8000000000000000</Keywords>
    <TimeCreated SystemTime=""2023-12-21T11:37:28.9845915Z""/>
    <EventRecordID>6360</EventRecordID>
    <Correlation/>
    <Execution ProcessID=""3400"" ThreadID=""4208""/>
    <Channel>Microsoft-Windows-Sysmon/Operational</Channel>
    <Computer>WinDev2309Eval</Computer>
    <Security UserID=""S-1-5-18""/>
  </System>
  <EventData>
    <Data Name=""RuleName"">DLL</Data>
    <Data Name=""UtcTime"">2023-12-21 11:37:28.976</Data>
    <Data Name=""ProcessGuid"">{f57bd86a-2378-6584-3206-000000000d00}</Data>
    <Data Name=""ProcessId"">8468</Data>
    <Data Name=""Image"">C:\Windows\Microsoft.NET\Framework\v4.0.30319\mscorsvw.exe</Data>
    <Data Name=""TargetFilename"">C:\Windows\assembly\NativeImages_v4.0.30319_32\Temp\2114-0\System.Runtime.Remoting.dll</Data>
    <Data Name=""CreationUtcTime"">2023-12-21 11:37:28.976</Data>
    <Data Name=""User"">NT AUTHORITY\SYSTEM</Data>
  </EventData>
</Event>
"
Microsoft-Windows-Sysmon/Operational,,,WinDev2309Eval,37:28.6,,,,,,,,,11,6359,,,,C:\Windows\Microsoft.NET\Framework\v4.0.30319\mscorsvw.exe,,,0x8000000000000000,4,,,,,0,,,,,,,{f57bd86a-2378-6584-3106-000000000d00},3400,4964.0,,,,,,DLL,,,,,,,,,,,,,2023-12-21T11:37:28.6190290Z,C:\Windows\assembly\NativeImages_v4.0.30319_32\Temp\1364-0\System.DirectoryServices.dll,,,,,,11,,4208,NT AUTHORITY\SYSTEM,S-1-5-18,37:28.6,2.0,"<Event xmlns=""http://schemas.microsoft.com/win/2004/08/events/event"">
  <System>
    <Provider Name=""Microsoft-Windows-Sysmon"" Guid=""{5770385f-c22a-43e0-bf4c-06f5698ffbd9}""/>
    <EventID>11</EventID>
    <Version>2</Version>
    <Level>4</Level>
    <Task>11</Task>
    <Opcode>0</Opcode>
    <Keywords>0x8000000000000000</Keywords>
    <TimeCreated SystemTime=""2023-12-21T11:37:28.6190290Z""/>
    <EventRecordID>6359</EventRecordID>
    <Correlation/>
    <Execution ProcessID=""3400"" ThreadID=""4208""/>
    <Channel>Microsoft-Windows-Sysmon/Operational</Channel>
    <Computer>WinDev2309Eval</Computer>
    <Security UserID=""S-1-5-18""/>
  </System>
  <EventData>
    <Data Name=""RuleName"">DLL</Data>
    <Data Name=""UtcTime"">2023-12-21 11:37:28.617</Data>
    <Data Name=""ProcessGuid"">{f57bd86a-2378-6584-3106-000000000d00}</Data>
    <Data Name=""ProcessId"">4964</Data>
    <Data Name=""Image"">C:\Windows\Microsoft.NET\Framework\v4.0.30319\mscorsvw.exe</Data>
    <Data Name=""TargetFilename"">C:\Windows\assembly\NativeImages_v4.0.30319_32\Temp\1364-0\System.DirectoryServices.dll</Data>
    <Data Name=""CreationUtcTime"">2023-12-21 11:37:28.617</Data>
    <Data Name=""User"">NT AUTHORITY\SYSTEM</Data>
  </EventData>
</Event>
"
Microsoft-Windows-Sysmon/Operational,,,WinDev2309Eval,37:28.2,,,,,,,,,11,6358,,,,C:\Windows\Microsoft.NET\Framework\v4.0.30319\mscorsvw.exe,,,0x8000000000000000,4,,,,,0,,,,,,,{f57bd86a-2377-6584-3006-000000000d00},3400,2708.0,,,,,,DLL,,,,,,,,,,,,,2023-12-21T11:37:28.1827622Z,C:\Windows\assembly\NativeImages_v4.0.30319_32\Temp\a94-0\System.EnterpriseServices.dll,,,,,,11,,4208,NT AUTHORITY\SYSTEM,S-1-5-18,37:28.2,2.0,"<Event xmlns=""http://schemas.microsoft.com/win/2004/08/events/event"">
  <System>
    <Provider Name=""Microsoft-Windows-Sysmon"" Guid=""{5770385f-c22a-43e0-bf4c-06f5698ffbd9}""/>
    <EventID>11</EventID>
    <Version>2</Version>
    <Level>4</Level>
    <Task>11</Task>
    <Opcode>0</Opcode>
    <Keywords>0x8000000000000000</Keywords>
    <TimeCreated SystemTime=""2023-12-21T11:37:28.1827622Z""/>
    <EventRecordID>6358</EventRecordID>
    <Correlation/>
    <Execution ProcessID=""3400"" ThreadID=""4208""/>
    <Channel>Microsoft-Windows-Sysmon/Operational</Channel>
    <Computer>WinDev2309Eval</Computer>
    <Security UserID=""S-1-5-18""/>
  </System>
  <EventData>
    <Data Name=""RuleName"">DLL</Data>
    <Data Name=""UtcTime"">2023-12-21 11:37:28.179</Data>
    <Data Name=""ProcessGuid"">{f57bd86a-2377-6584-3006-000000000d00}</Data>
    <Data Name=""ProcessId"">2708</Data>
    <Data Name=""Image"">C:\Windows\Microsoft.NET\Framework\v4.0.30319\mscorsvw.exe</Data>
    <Data Name=""TargetFilename"">C:\Windows\assembly\NativeImages_v4.0.30319_32\Temp\a94-0\System.EnterpriseServices.dll</Data>
    <Data Name=""CreationUtcTime"">2023-12-21 11:37:28.179</Data>
    <Data Name=""User"">NT AUTHORITY\SYSTEM</Data>
  </EventData>
</Event>
"
Microsoft-Windows-Sysmon/Operational,,,WinDev2309Eval,37:28.2,,,,,,,,,11,6357,,,,C:\Windows\Microsoft.NET\Framework\v4.0.30319\mscorsvw.exe,,,0x8000000000000000,4,,,,,0,,,,,,,{f57bd86a-2377-6584-3006-000000000d00},3400,2708.0,,,,,,DLL,,,,,,,,,,,,,2023-12-21T11:37:28.1673586Z,C:\Windows\assembly\NativeImages_v4.0.30319_32\Temp\a94-0\System.EnterpriseServices.Wrapper.dll,,,,,,11,,4208,NT AUTHORITY\SYSTEM,S-1-5-18,37:28.2,2.0,"<Event xmlns=""http://schemas.microsoft.com/win/2004/08/events/event"">
  <System>
    <Provider Name=""Microsoft-Windows-Sysmon"" Guid=""{5770385f-c22a-43e0-bf4c-06f5698ffbd9}""/>
    <EventID>11</EventID>
    <Version>2</Version>
    <Level>4</Level>
    <Task>11</Task>
    <Opcode>0</Opcode>
    <Keywords>0x8000000000000000</Keywords>
    <TimeCreated SystemTime=""2023-12-21T11:37:28.1673586Z""/>
    <EventRecordID>6357</EventRecordID>
    <Correlation/>
    <Execution ProcessID=""3400"" ThreadID=""4208""/>
    <Channel>Microsoft-Windows-Sysmon/Operational</Channel>
    <Computer>WinDev2309Eval</Computer>
    <Security UserID=""S-1-5-18""/>
  </System>
  <EventData>
    <Data Name=""RuleName"">DLL</Data>
    <Data Name=""UtcTime"">2023-12-21 11:37:28.164</Data>
    <Data Name=""ProcessGuid"">{f57bd86a-2377-6584-3006-000000000d00}</Data>
    <Data Name=""ProcessId"">2708</Data>
    <Data Name=""Image"">C:\Windows\Microsoft.NET\Framework\v4.0.30319\mscorsvw.exe</Data>
    <Data Name=""TargetFilename"">C:\Windows\assembly\NativeImages_v4.0.30319_32\Temp\a94-0\System.EnterpriseServices.Wrapper.dll</Data>
    <Data Name=""CreationUtcTime"">2023-12-21 11:37:28.164</Data>
    <Data Name=""User"">NT AUTHORITY\SYSTEM</Data>
  </EventData>
</Event>
"
Microsoft-Windows-Sysmon/Operational,,,WinDev2309Eval,37:27.8,,,,,,,,,11,6356,,,,C:\Windows\Microsoft.NET\Framework\v4.0.30319\mscorsvw.exe,,,0x8000000000000000,4,,,,,0,,,,,,,{f57bd86a-2377-6584-2f06-000000000d00},3400,2432.0,,,,,,DLL,,,,,,,,,,,,,2023-12-21T11:37:27.8006449Z,C:\Windows\assembly\NativeImages_v4.0.30319_32\Temp\980-0\System.Transactions.dll,,,,,,11,,4208,NT AUTHORITY\SYSTEM,S-1-5-18,37:27.8,2.0,"<Event xmlns=""http://schemas.microsoft.com/win/2004/08/events/event"">
  <System>
    <Provider Name=""Microsoft-Windows-Sysmon"" Guid=""{5770385f-c22a-43e0-bf4c-06f5698ffbd9}""/>
    <EventID>11</EventID>
    <Version>2</Version>
    <Level>4</Level>
    <Task>11</Task>
    <Opcode>0</Opcode>
    <Keywords>0x8000000000000000</Keywords>
    <TimeCreated SystemTime=""2023-12-21T11:37:27.8006449Z""/>
    <EventRecordID>6356</EventRecordID>
    <Correlation/>
    <Execution ProcessID=""3400"" ThreadID=""4208""/>
    <Channel>Microsoft-Windows-Sysmon/Operational</Channel>
    <Computer>WinDev2309Eval</Computer>
    <Security UserID=""S-1-5-18""/>
  </System>
  <EventData>
    <Data Name=""RuleName"">DLL</Data>
    <Data Name=""UtcTime"">2023-12-21 11:37:27.789</Data>
    <Data Name=""ProcessGuid"">{f57bd86a-2377-6584-2f06-000000000d00}</Data>
    <Data Name=""ProcessId"">2432</Data>
    <Data Name=""Image"">C:\Windows\Microsoft.NET\Framework\v4.0.30319\mscorsvw.exe</Data>
    <Data Name=""TargetFilename"">C:\Windows\assembly\NativeImages_v4.0.30319_32\Temp\980-0\System.Transactions.dll</Data>
    <Data Name=""CreationUtcTime"">2023-12-21 11:37:27.789</Data>
    <Data Name=""User"">NT AUTHORITY\SYSTEM</Data>
  </EventData>
</Event>
"
Microsoft-Windows-Sysmon/Operational,,,WinDev2309Eval,37:27.4,,,,,,,,,11,6355,,,,C:\Windows\Microsoft.NET\Framework\v4.0.30319\mscorsvw.exe,,,0x8000000000000000,4,,,,,0,,,,,,,{f57bd86a-2374-6584-2e06-000000000d00},3400,5276.0,,,,,,DLL,,,,,,,,,,,,,2023-12-21T11:37:27.3709859Z,C:\Windows\assembly\NativeImages_v4.0.30319_32\Temp\149c-0\System.Data.dll,,,,,,11,,4208,NT AUTHORITY\SYSTEM,S-1-5-18,37:27.4,2.0,"<Event xmlns=""http://schemas.microsoft.com/win/2004/08/events/event"">
  <System>
    <Provider Name=""Microsoft-Windows-Sysmon"" Guid=""{5770385f-c22a-43e0-bf4c-06f5698ffbd9}""/>
    <EventID>11</EventID>
    <Version>2</Version>
    <Level>4</Level>
    <Task>11</Task>
    <Opcode>0</Opcode>
    <Keywords>0x8000000000000000</Keywords>
    <TimeCreated SystemTime=""2023-12-21T11:37:27.3709859Z""/>
    <EventRecordID>6355</EventRecordID>
    <Correlation/>
    <Execution ProcessID=""3400"" ThreadID=""4208""/>
    <Channel>Microsoft-Windows-Sysmon/Operational</Channel>
    <Computer>WinDev2309Eval</Computer>
    <Security UserID=""S-1-5-18""/>
  </System>
  <EventData>
    <Data Name=""RuleName"">DLL</Data>
    <Data Name=""UtcTime"">2023-12-21 11:37:27.365</Data>
    <Data Name=""ProcessGuid"">{f57bd86a-2374-6584-2e06-000000000d00}</Data>
    <Data Name=""ProcessId"">5276</Data>
    <Data Name=""Image"">C:\Windows\Microsoft.NET\Framework\v4.0.30319\mscorsvw.exe</Data>
    <Data Name=""TargetFilename"">C:\Windows\assembly\NativeImages_v4.0.30319_32\Temp\149c-0\System.Data.dll</Data>
    <Data Name=""CreationUtcTime"">2023-12-21 11:37:27.365</Data>
    <Data Name=""User"">NT AUTHORITY\SYSTEM</Data>
  </EventData>
</Event>
"
Microsoft-Windows-Sysmon/Operational,,,WinDev2309Eval,37:24.6,,,,,,,,,11,6354,,,,C:\Windows\Microsoft.NET\Framework\v4.0.30319\mscorsvw.exe,,,0x8000000000000000,4,,,,,0,,,,,,,{f57bd86a-2373-6584-2d06-000000000d00},3400,12072.0,,,,,,DLL,,,,,,,,,,,,,2023-12-21T11:37:24.6105017Z,C:\Windows\assembly\NativeImages_v4.0.30319_32\Temp\2f28-0\Newtonsoft.Json.dll,,,,,,11,,4208,NT AUTHORITY\SYSTEM,S-1-5-18,37:24.6,2.0,"<Event xmlns=""http://schemas.microsoft.com/win/2004/08/events/event"">
  <System>
    <Provider Name=""Microsoft-Windows-Sysmon"" Guid=""{5770385f-c22a-43e0-bf4c-06f5698ffbd9}""/>
    <EventID>11</EventID>
    <Version>2</Version>
    <Level>4</Level>
    <Task>11</Task>
    <Opcode>0</Opcode>
    <Keywords>0x8000000000000000</Keywords>
    <TimeCreated SystemTime=""2023-12-21T11:37:24.6105017Z""/>
    <EventRecordID>6354</EventRecordID>
    <Correlation/>
    <Execution ProcessID=""3400"" ThreadID=""4208""/>
    <Channel>Microsoft-Windows-Sysmon/Operational</Channel>
    <Computer>WinDev2309Eval</Computer>
    <Security UserID=""S-1-5-18""/>
  </System>
  <EventData>
    <Data Name=""RuleName"">DLL</Data>
    <Data Name=""UtcTime"">2023-12-21 11:37:24.595</Data>
    <Data Name=""ProcessGuid"">{f57bd86a-2373-6584-2d06-000000000d00}</Data>
    <Data Name=""ProcessId"">12072</Data>
    <Data Name=""Image"">C:\Windows\Microsoft.NET\Framework\v4.0.30319\mscorsvw.exe</Data>
    <Data Name=""TargetFilename"">C:\Windows\assembly\NativeImages_v4.0.30319_32\Temp\2f28-0\Newtonsoft.Json.dll</Data>
    <Data Name=""CreationUtcTime"">2023-12-21 11:37:24.595</Data>
    <Data Name=""User"">NT AUTHORITY\SYSTEM</Data>
  </EventData>
</Event>
"
Microsoft-Windows-Sysmon/Operational,,,WinDev2309Eval,37:23.6,,,,,,,,,11,6353,,,,C:\Windows\Microsoft.NET\Framework\v4.0.30319\mscorsvw.exe,,,0x8000000000000000,4,,,,,0,,,,,,,{f57bd86a-2373-6584-2c06-000000000d00},3400,12500.0,,,,,,DLL,,,,,,,,,,,,,2023-12-21T11:37:23.5746348Z,C:\Windows\assembly\NativeImages_v4.0.30319_32\Temp\30d4-0\SMDiagnostics.dll,,,,,,11,,4208,NT AUTHORITY\SYSTEM,S-1-5-18,37:23.6,2.0,"<Event xmlns=""http://schemas.microsoft.com/win/2004/08/events/event"">
  <System>
    <Provider Name=""Microsoft-Windows-Sysmon"" Guid=""{5770385f-c22a-43e0-bf4c-06f5698ffbd9}""/>
    <EventID>11</EventID>
    <Version>2</Version>
    <Level>4</Level>
    <Task>11</Task>
    <Opcode>0</Opcode>
    <Keywords>0x8000000000000000</Keywords>
    <TimeCreated SystemTime=""2023-12-21T11:37:23.5746348Z""/>
    <EventRecordID>6353</EventRecordID>
    <Correlation/>
    <Execution ProcessID=""3400"" ThreadID=""4208""/>
    <Channel>Microsoft-Windows-Sysmon/Operational</Channel>
    <Computer>WinDev2309Eval</Computer>
    <Security UserID=""S-1-5-18""/>
  </System>
  <EventData>
    <Data Name=""RuleName"">DLL</Data>
    <Data Name=""UtcTime"">2023-12-21 11:37:23.563</Data>
    <Data Name=""ProcessGuid"">{f57bd86a-2373-6584-2c06-000000000d00}</Data>
    <Data Name=""ProcessId"">12500</Data>
    <Data Name=""Image"">C:\Windows\Microsoft.NET\Framework\v4.0.30319\mscorsvw.exe</Data>
    <Data Name=""TargetFilename"">C:\Windows\assembly\NativeImages_v4.0.30319_32\Temp\30d4-0\SMDiagnostics.dll</Data>
    <Data Name=""CreationUtcTime"">2023-12-21 11:37:23.563</Data>
    <Data Name=""User"">NT AUTHORITY\SYSTEM</Data>
  </EventData>
</Event>
"
Microsoft-Windows-Sysmon/Operational,,,WinDev2309Eval,37:23.4,,,,,,,,,11,6352,,,,C:\Windows\Microsoft.NET\Framework\v4.0.30319\mscorsvw.exe,,,0x8000000000000000,4,,,,,0,,,,,,,{f57bd86a-2373-6584-2b06-000000000d00},3400,11692.0,,,,,,DLL,,,,,,,,,,,,,2023-12-21T11:37:23.4313143Z,C:\Windows\assembly\NativeImages_v4.0.30319_32\Temp\2dac-0\System.ServiceModel.Internals.dll,,,,,,11,,4208,NT AUTHORITY\SYSTEM,S-1-5-18,37:23.4,2.0,"<Event xmlns=""http://schemas.microsoft.com/win/2004/08/events/event"">
  <System>
    <Provider Name=""Microsoft-Windows-Sysmon"" Guid=""{5770385f-c22a-43e0-bf4c-06f5698ffbd9}""/>
    <EventID>11</EventID>
    <Version>2</Version>
    <Level>4</Level>
    <Task>11</Task>
    <Opcode>0</Opcode>
    <Keywords>0x8000000000000000</Keywords>
    <TimeCreated SystemTime=""2023-12-21T11:37:23.4313143Z""/>
    <EventRecordID>6352</EventRecordID>
    <Correlation/>
    <Execution ProcessID=""3400"" ThreadID=""4208""/>
    <Channel>Microsoft-Windows-Sysmon/Operational</Channel>
    <Computer>WinDev2309Eval</Computer>
    <Security UserID=""S-1-5-18""/>
  </System>
  <EventData>
    <Data Name=""RuleName"">DLL</Data>
    <Data Name=""UtcTime"">2023-12-21 11:37:23.422</Data>
    <Data Name=""ProcessGuid"">{f57bd86a-2373-6584-2b06-000000000d00}</Data>
    <Data Name=""ProcessId"">11692</Data>
    <Data Name=""Image"">C:\Windows\Microsoft.NET\Framework\v4.0.30319\mscorsvw.exe</Data>
    <Data Name=""TargetFilename"">C:\Windows\assembly\NativeImages_v4.0.30319_32\Temp\2dac-0\System.ServiceModel.Internals.dll</Data>
    <Data Name=""CreationUtcTime"">2023-12-21 11:37:23.422</Data>
    <Data Name=""User"">NT AUTHORITY\SYSTEM</Data>
  </EventData>
</Event>
"
Microsoft-Windows-Sysmon/Operational,,,WinDev2309Eval,37:23.0,,,,,,,,,11,6351,,,,C:\Windows\Microsoft.NET\Framework\v4.0.30319\mscorsvw.exe,,,0x8000000000000000,4,,,,,0,,,,,,,{f57bd86a-2372-6584-2a06-000000000d00},3400,12580.0,,,,,,DLL,,,,,,,,,,,,,2023-12-21T11:37:23.0558178Z,C:\Windows\assembly\NativeImages_v4.0.30319_32\Temp\3124-0\Microsoft.VisualStudio.RemoteControl.dll,,,,,,11,,4208,NT AUTHORITY\SYSTEM,S-1-5-18,37:23.0,2.0,"<Event xmlns=""http://schemas.microsoft.com/win/2004/08/events/event"">
  <System>
    <Provider Name=""Microsoft-Windows-Sysmon"" Guid=""{5770385f-c22a-43e0-bf4c-06f5698ffbd9}""/>
    <EventID>11</EventID>
    <Version>2</Version>
    <Level>4</Level>
    <Task>11</Task>
    <Opcode>0</Opcode>
    <Keywords>0x8000000000000000</Keywords>
    <TimeCreated SystemTime=""2023-12-21T11:37:23.0558178Z""/>
    <EventRecordID>6351</EventRecordID>
    <Correlation/>
    <Execution ProcessID=""3400"" ThreadID=""4208""/>
    <Channel>Microsoft-Windows-Sysmon/Operational</Channel>
    <Computer>WinDev2309Eval</Computer>
    <Security UserID=""S-1-5-18""/>
  </System>
  <EventData>
    <Data Name=""RuleName"">DLL</Data>
    <Data Name=""UtcTime"">2023-12-21 11:37:23.047</Data>
    <Data Name=""ProcessGuid"">{f57bd86a-2372-6584-2a06-000000000d00}</Data>
    <Data Name=""ProcessId"">12580</Data>
    <Data Name=""Image"">C:\Windows\Microsoft.NET\Framework\v4.0.30319\mscorsvw.exe</Data>
    <Data Name=""TargetFilename"">C:\Windows\assembly\NativeImages_v4.0.30319_32\Temp\3124-0\Microsoft.VisualStudio.RemoteControl.dll</Data>
    <Data Name=""CreationUtcTime"">2023-12-21 11:37:23.047</Data>
    <Data Name=""User"">NT AUTHORITY\SYSTEM</Data>
  </EventData>
</Event>
"
Microsoft-Windows-Sysmon/Operational,,,WinDev2309Eval,37:22.9,,,,,,,,,11,6350,,,,C:\Windows\Microsoft.NET\Framework\v4.0.30319\mscorsvw.exe,,,0x8000000000000000,4,,,,,0,,,,,,,{f57bd86a-2372-6584-2906-000000000d00},3400,4820.0,,,,,,DLL,,,,,,,,,,,,,2023-12-21T11:37:22.9239990Z,C:\Windows\assembly\NativeImages_v4.0.30319_32\Temp\12d4-0\System.Reflection.Extensions.dll,,,,,,11,,4208,NT AUTHORITY\SYSTEM,S-1-5-18,37:22.9,2.0,"<Event xmlns=""http://schemas.microsoft.com/win/2004/08/events/event"">
  <System>
    <Provider Name=""Microsoft-Windows-Sysmon"" Guid=""{5770385f-c22a-43e0-bf4c-06f5698ffbd9}""/>
    <EventID>11</EventID>
    <Version>2</Version>
    <Level>4</Level>
    <Task>11</Task>
    <Opcode>0</Opcode>
    <Keywords>0x8000000000000000</Keywords>
    <TimeCreated SystemTime=""2023-12-21T11:37:22.9239990Z""/>
    <EventRecordID>6350</EventRecordID>
    <Correlation/>
    <Execution ProcessID=""3400"" ThreadID=""4208""/>
    <Channel>Microsoft-Windows-Sysmon/Operational</Channel>
    <Computer>WinDev2309Eval</Computer>
    <Security UserID=""S-1-5-18""/>
  </System>
  <EventData>
    <Data Name=""RuleName"">DLL</Data>
    <Data Name=""UtcTime"">2023-12-21 11:37:22.922</Data>
    <Data Name=""ProcessGuid"">{f57bd86a-2372-6584-2906-000000000d00}</Data>
    <Data Name=""ProcessId"">4820</Data>
    <Data Name=""Image"">C:\Windows\Microsoft.NET\Framework\v4.0.30319\mscorsvw.exe</Data>
    <Data Name=""TargetFilename"">C:\Windows\assembly\NativeImages_v4.0.30319_32\Temp\12d4-0\System.Reflection.Extensions.dll</Data>
    <Data Name=""CreationUtcTime"">2023-12-21 11:37:22.922</Data>
    <Data Name=""User"">NT AUTHORITY\SYSTEM</Data>
  </EventData>
</Event>
"
Microsoft-Windows-Sysmon/Operational,,,WinDev2309Eval,37:22.8,,,,,,,,,11,6349,,,,C:\Windows\Microsoft.NET\Framework\v4.0.30319\mscorsvw.exe,,,0x8000000000000000,4,,,,,0,,,,,,,{f57bd86a-2372-6584-2806-000000000d00},3400,3696.0,,,,,,DLL,,,,,,,,,,,,,2023-12-21T11:37:22.8547131Z,C:\Windows\assembly\NativeImages_v4.0.30319_32\Temp\e70-0\System.Diagnostics.Debug.dll,,,,,,11,,4208,NT AUTHORITY\SYSTEM,S-1-5-18,37:22.8,2.0,"<Event xmlns=""http://schemas.microsoft.com/win/2004/08/events/event"">
  <System>
    <Provider Name=""Microsoft-Windows-Sysmon"" Guid=""{5770385f-c22a-43e0-bf4c-06f5698ffbd9}""/>
    <EventID>11</EventID>
    <Version>2</Version>
    <Level>4</Level>
    <Task>11</Task>
    <Opcode>0</Opcode>
    <Keywords>0x8000000000000000</Keywords>
    <TimeCreated SystemTime=""2023-12-21T11:37:22.8547131Z""/>
    <EventRecordID>6349</EventRecordID>
    <Correlation/>
    <Execution ProcessID=""3400"" ThreadID=""4208""/>
    <Channel>Microsoft-Windows-Sysmon/Operational</Channel>
    <Computer>WinDev2309Eval</Computer>
    <Security UserID=""S-1-5-18""/>
  </System>
  <EventData>
    <Data Name=""RuleName"">DLL</Data>
    <Data Name=""UtcTime"">2023-12-21 11:37:22.843</Data>
    <Data Name=""ProcessGuid"">{f57bd86a-2372-6584-2806-000000000d00}</Data>
    <Data Name=""ProcessId"">3696</Data>
    <Data Name=""Image"">C:\Windows\Microsoft.NET\Framework\v4.0.30319\mscorsvw.exe</Data>
    <Data Name=""TargetFilename"">C:\Windows\assembly\NativeImages_v4.0.30319_32\Temp\e70-0\System.Diagnostics.Debug.dll</Data>
    <Data Name=""CreationUtcTime"">2023-12-21 11:37:22.843</Data>
    <Data Name=""User"">NT AUTHORITY\SYSTEM</Data>
  </EventData>
</Event>
"
Microsoft-Windows-Sysmon/Operational,,,WinDev2309Eval,37:22.8,,,,,,,,,11,6348,,,,C:\Windows\Microsoft.NET\Framework\v4.0.30319\mscorsvw.exe,,,0x8000000000000000,4,,,,,0,,,,,,,{f57bd86a-2372-6584-2706-000000000d00},3400,9988.0,,,,,,DLL,,,,,,,,,,,,,2023-12-21T11:37:22.7913114Z,C:\Windows\assembly\NativeImages_v4.0.30319_32\Temp\2704-0\System.Runtime.Extensions.dll,,,,,,11,,4208,NT AUTHORITY\SYSTEM,S-1-5-18,37:22.8,2.0,"<Event xmlns=""http://schemas.microsoft.com/win/2004/08/events/event"">
  <System>
    <Provider Name=""Microsoft-Windows-Sysmon"" Guid=""{5770385f-c22a-43e0-bf4c-06f5698ffbd9}""/>
    <EventID>11</EventID>
    <Version>2</Version>
    <Level>4</Level>
    <Task>11</Task>
    <Opcode>0</Opcode>
    <Keywords>0x8000000000000000</Keywords>
    <TimeCreated SystemTime=""2023-12-21T11:37:22.7913114Z""/>
    <EventRecordID>6348</EventRecordID>
    <Correlation/>
    <Execution ProcessID=""3400"" ThreadID=""4208""/>
    <Channel>Microsoft-Windows-Sysmon/Operational</Channel>
    <Computer>WinDev2309Eval</Computer>
    <Security UserID=""S-1-5-18""/>
  </System>
  <EventData>
    <Data Name=""RuleName"">DLL</Data>
    <Data Name=""UtcTime"">2023-12-21 11:37:22.781</Data>
    <Data Name=""ProcessGuid"">{f57bd86a-2372-6584-2706-000000000d00}</Data>
    <Data Name=""ProcessId"">9988</Data>
    <Data Name=""Image"">C:\Windows\Microsoft.NET\Framework\v4.0.30319\mscorsvw.exe</Data>
    <Data Name=""TargetFilename"">C:\Windows\assembly\NativeImages_v4.0.30319_32\Temp\2704-0\System.Runtime.Extensions.dll</Data>
    <Data Name=""CreationUtcTime"">2023-12-21 11:37:22.781</Data>
    <Data Name=""User"">NT AUTHORITY\SYSTEM</Data>
  </EventData>
</Event>
"
Microsoft-Windows-Sysmon/Operational,,,WinDev2309Eval,37:22.7,,,,,,,,,11,6347,,,,C:\Windows\Microsoft.NET\Framework\v4.0.30319\mscorsvw.exe,,,0x8000000000000000,4,,,,,0,,,,,,,{f57bd86a-2372-6584-2606-000000000d00},3400,2292.0,,,,,,DLL,,,,,,,,,,,,,2023-12-21T11:37:22.7266383Z,C:\Windows\assembly\NativeImages_v4.0.30319_32\Temp\8f4-0\System.Text.Encoding.dll,,,,,,11,,4208,NT AUTHORITY\SYSTEM,S-1-5-18,37:22.7,2.0,"<Event xmlns=""http://schemas.microsoft.com/win/2004/08/events/event"">
  <System>
    <Provider Name=""Microsoft-Windows-Sysmon"" Guid=""{5770385f-c22a-43e0-bf4c-06f5698ffbd9}""/>
    <EventID>11</EventID>
    <Version>2</Version>
    <Level>4</Level>
    <Task>11</Task>
    <Opcode>0</Opcode>
    <Keywords>0x8000000000000000</Keywords>
    <TimeCreated SystemTime=""2023-12-21T11:37:22.7266383Z""/>
    <EventRecordID>6347</EventRecordID>
    <Correlation/>
    <Execution ProcessID=""3400"" ThreadID=""4208""/>
    <Channel>Microsoft-Windows-Sysmon/Operational</Channel>
    <Computer>WinDev2309Eval</Computer>
    <Security UserID=""S-1-5-18""/>
  </System>
  <EventData>
    <Data Name=""RuleName"">DLL</Data>
    <Data Name=""UtcTime"">2023-12-21 11:37:22.719</Data>
    <Data Name=""ProcessGuid"">{f57bd86a-2372-6584-2606-000000000d00}</Data>
    <Data Name=""ProcessId"">2292</Data>
    <Data Name=""Image"">C:\Windows\Microsoft.NET\Framework\v4.0.30319\mscorsvw.exe</Data>
    <Data Name=""TargetFilename"">C:\Windows\assembly\NativeImages_v4.0.30319_32\Temp\8f4-0\System.Text.Encoding.dll</Data>
    <Data Name=""CreationUtcTime"">2023-12-21 11:37:22.719</Data>
    <Data Name=""User"">NT AUTHORITY\SYSTEM</Data>
  </EventData>
</Event>
"
Microsoft-Windows-Sysmon/Operational,,,WinDev2309Eval,37:22.7,,,,,,,,,11,6346,,,,C:\Windows\Microsoft.NET\Framework\v4.0.30319\mscorsvw.exe,,,0x8000000000000000,4,,,,,0,,,,,,,{f57bd86a-2372-6584-2506-000000000d00},3400,11648.0,,,,,,DLL,,,,,,,,,,,,,2023-12-21T11:37:22.6645052Z,C:\Windows\assembly\NativeImages_v4.0.30319_32\Temp\2d80-0\System.Threading.dll,,,,,,11,,4208,NT AUTHORITY\SYSTEM,S-1-5-18,37:22.7,2.0,"<Event xmlns=""http://schemas.microsoft.com/win/2004/08/events/event"">
  <System>
    <Provider Name=""Microsoft-Windows-Sysmon"" Guid=""{5770385f-c22a-43e0-bf4c-06f5698ffbd9}""/>
    <EventID>11</EventID>
    <Version>2</Version>
    <Level>4</Level>
    <Task>11</Task>
    <Opcode>0</Opcode>
    <Keywords>0x8000000000000000</Keywords>
    <TimeCreated SystemTime=""2023-12-21T11:37:22.6645052Z""/>
    <EventRecordID>6346</EventRecordID>
    <Correlation/>
    <Execution ProcessID=""3400"" ThreadID=""4208""/>
    <Channel>Microsoft-Windows-Sysmon/Operational</Channel>
    <Computer>WinDev2309Eval</Computer>
    <Security UserID=""S-1-5-18""/>
  </System>
  <EventData>
    <Data Name=""RuleName"">DLL</Data>
    <Data Name=""UtcTime"">2023-12-21 11:37:22.656</Data>
    <Data Name=""ProcessGuid"">{f57bd86a-2372-6584-2506-000000000d00}</Data>
    <Data Name=""ProcessId"">11648</Data>
    <Data Name=""Image"">C:\Windows\Microsoft.NET\Framework\v4.0.30319\mscorsvw.exe</Data>
    <Data Name=""TargetFilename"">C:\Windows\assembly\NativeImages_v4.0.30319_32\Temp\2d80-0\System.Threading.dll</Data>
    <Data Name=""CreationUtcTime"">2023-12-21 11:37:22.656</Data>
    <Data Name=""User"">NT AUTHORITY\SYSTEM</Data>
  </EventData>
</Event>
"
Microsoft-Windows-Sysmon/Operational,,,WinDev2309Eval,37:22.6,,,,,,,,,11,6345,,,,C:\Windows\Microsoft.NET\Framework\v4.0.30319\mscorsvw.exe,,,0x8000000000000000,4,,,,,0,,,,,,,{f57bd86a-2372-6584-2406-000000000d00},3400,1196.0,,,,,,DLL,,,,,,,,,,,,,2023-12-21T11:37:22.5957037Z,C:\Windows\assembly\NativeImages_v4.0.30319_32\Temp\4ac-0\System.Globalization.dll,,,,,,11,,4208,NT AUTHORITY\SYSTEM,S-1-5-18,37:22.6,2.0,"<Event xmlns=""http://schemas.microsoft.com/win/2004/08/events/event"">
  <System>
    <Provider Name=""Microsoft-Windows-Sysmon"" Guid=""{5770385f-c22a-43e0-bf4c-06f5698ffbd9}""/>
    <EventID>11</EventID>
    <Version>2</Version>
    <Level>4</Level>
    <Task>11</Task>
    <Opcode>0</Opcode>
    <Keywords>0x8000000000000000</Keywords>
    <TimeCreated SystemTime=""2023-12-21T11:37:22.5957037Z""/>
    <EventRecordID>6345</EventRecordID>
    <Correlation/>
    <Execution ProcessID=""3400"" ThreadID=""4208""/>
    <Channel>Microsoft-Windows-Sysmon/Operational</Channel>
    <Computer>WinDev2309Eval</Computer>
    <Security UserID=""S-1-5-18""/>
  </System>
  <EventData>
    <Data Name=""RuleName"">DLL</Data>
    <Data Name=""UtcTime"">2023-12-21 11:37:22.594</Data>
    <Data Name=""ProcessGuid"">{f57bd86a-2372-6584-2406-000000000d00}</Data>
    <Data Name=""ProcessId"">1196</Data>
    <Data Name=""Image"">C:\Windows\Microsoft.NET\Framework\v4.0.30319\mscorsvw.exe</Data>
    <Data Name=""TargetFilename"">C:\Windows\assembly\NativeImages_v4.0.30319_32\Temp\4ac-0\System.Globalization.dll</Data>
    <Data Name=""CreationUtcTime"">2023-12-21 11:37:22.594</Data>
    <Data Name=""User"">NT AUTHORITY\SYSTEM</Data>
  </EventData>
</Event>
"
Microsoft-Windows-Sysmon/Operational,,,WinDev2309Eval,37:22.5,,,,,,,,,11,6344,,,,C:\Windows\Microsoft.NET\Framework\v4.0.30319\mscorsvw.exe,,,0x8000000000000000,4,,,,,0,,,,,,,{f57bd86a-2372-6584-2306-000000000d00},3400,10912.0,,,,,,DLL,,,,,,,,,,,,,2023-12-21T11:37:22.5281213Z,C:\Windows\assembly\NativeImages_v4.0.30319_32\Temp\2aa0-0\System.Resources.ResourceManager.dll,,,,,,11,,4208,NT AUTHORITY\SYSTEM,S-1-5-18,37:22.5,2.0,"<Event xmlns=""http://schemas.microsoft.com/win/2004/08/events/event"">
  <System>
    <Provider Name=""Microsoft-Windows-Sysmon"" Guid=""{5770385f-c22a-43e0-bf4c-06f5698ffbd9}""/>
    <EventID>11</EventID>
    <Version>2</Version>
    <Level>4</Level>
    <Task>11</Task>
    <Opcode>0</Opcode>
    <Keywords>0x8000000000000000</Keywords>
    <TimeCreated SystemTime=""2023-12-21T11:37:22.5281213Z""/>
    <EventRecordID>6344</EventRecordID>
    <Correlation/>
    <Execution ProcessID=""3400"" ThreadID=""4208""/>
    <Channel>Microsoft-Windows-Sysmon/Operational</Channel>
    <Computer>WinDev2309Eval</Computer>
    <Security UserID=""S-1-5-18""/>
  </System>
  <EventData>
    <Data Name=""RuleName"">DLL</Data>
    <Data Name=""UtcTime"">2023-12-21 11:37:22.516</Data>
    <Data Name=""ProcessGuid"">{f57bd86a-2372-6584-2306-000000000d00}</Data>
    <Data Name=""ProcessId"">10912</Data>
    <Data Name=""Image"">C:\Windows\Microsoft.NET\Framework\v4.0.30319\mscorsvw.exe</Data>
    <Data Name=""TargetFilename"">C:\Windows\assembly\NativeImages_v4.0.30319_32\Temp\2aa0-0\System.Resources.ResourceManager.dll</Data>
    <Data Name=""CreationUtcTime"">2023-12-21 11:37:22.516</Data>
    <Data Name=""User"">NT AUTHORITY\SYSTEM</Data>
  </EventData>
</Event>
"
