Channel,CommandLine,Company,Computer,CreationUtcTime,CurrentDirectory,Description,DestinationHostname,DestinationIp,DestinationIsIpv6,DestinationPort,DestinationPortName,Details,EventID,EventRecordID,EventType,FileVersion,Hashes,Image,Initiated,IntegrityLevel,Keywords,Level,LogonGuid,LogonId,Message,NewThreadId,Opcode,OriginalFileName,ParentCommandLine,ParentImage,ParentProcessGuid,ParentProcessId,ParentUser,ProcessGuid,ProcessID,ProcessId,Product,Protocol,QueryName,QueryResults,QueryStatus,RuleName,SourceHostname,SourceImage,SourceIp,SourceIsIpv6,SourcePort,SourcePortName,SourceProcessGuid,SourceProcessId,SourceUser,StartAddress,StartFunction,StartModule,SystemTime,TargetFilename,TargetImage,TargetObject,TargetProcessGuid,TargetProcessId,TargetUser,Task,TerminalSessionId,ThreadID,User,UserID,UtcTime,Version,raw
Microsoft-Windows-Sysmon/Operational,,,WinDev2309Eval,,,,,,,,,4.0.30319.0,13,601,SetValue,,,C:\Windows\System32\svchost.exe,,,0x8000000000000000,4,,,,,0,,,,,,,{f57bd86a-db70-6581-4e00-000000000b00},10484,3596.0,,,,,,InvDB-Ver,,,,,,,,,,,,,2023-12-19T20:50:17.1022731Z,,,\REGISTRY\A\{bd75d637-a777-f887-435f-6fd9b1f1f54b}\Root\InventoryApplicationFile\ngentask.exe|cc6494267adfb0bb\BinProductVersion,,,,13,,10592,NT AUTHORITY\SYSTEM,S-1-5-18,50:17.1,2.0,"<Event xmlns=""http://schemas.microsoft.com/win/2004/08/events/event"">
  <System>
    <Provider Name=""Microsoft-Windows-Sysmon"" Guid=""{5770385f-c22a-43e0-bf4c-06f5698ffbd9}""/>
    <EventID>13</EventID>
    <Version>2</Version>
    <Level>4</Level>
    <Task>13</Task>
    <Opcode>0</Opcode>
    <Keywords>0x8000000000000000</Keywords>
    <TimeCreated SystemTime=""2023-12-19T20:50:17.1022731Z""/>
    <EventRecordID>601</EventRecordID>
    <Correlation/>
    <Execution ProcessID=""10484"" ThreadID=""10592""/>
    <Channel>Microsoft-Windows-Sysmon/Operational</Channel>
    <Computer>WinDev2309Eval</Computer>
    <Security UserID=""S-1-5-18""/>
  </System>
  <EventData>
    <Data Name=""RuleName"">InvDB-Ver</Data>
    <Data Name=""EventType"">SetValue</Data>
    <Data Name=""UtcTime"">2023-12-19 20:50:17.092</Data>
    <Data Name=""ProcessGuid"">{f57bd86a-db70-6581-4e00-000000000b00}</Data>
    <Data Name=""ProcessId"">3596</Data>
    <Data Name=""Image"">C:\Windows\System32\svchost.exe</Data>
    <Data Name=""TargetObject"">\REGISTRY\A\{bd75d637-a777-f887-435f-6fd9b1f1f54b}\Root\InventoryApplicationFile\ngentask.exe|cc6494267adfb0bb\BinProductVersion</Data>
    <Data Name=""Details"">4.0.30319.0</Data>
    <Data Name=""User"">NT AUTHORITY\SYSTEM</Data>
  </EventData>
</Event>
"
Microsoft-Windows-Sysmon/Operational,,,WinDev2309Eval,,,,,,,,,4/8/2022 21:24,13,600,SetValue,,,C:\Windows\System32\svchost.exe,,,0x8000000000000000,4,,,,,0,,,,,,,{f57bd86a-db70-6581-4e00-000000000b00},10484,3596.0,,,,,,InvDB-CompileTimeClaim,,,,,,,,,,,,,2023-12-19T20:50:17.1021402Z,,,\REGISTRY\A\{bd75d637-a777-f887-435f-6fd9b1f1f54b}\Root\InventoryApplicationFile\ngentask.exe|cc6494267adfb0bb\LinkDate,,,,13,,10592,NT AUTHORITY\SYSTEM,S-1-5-18,50:17.1,2.0,"<Event xmlns=""http://schemas.microsoft.com/win/2004/08/events/event"">
  <System>
    <Provider Name=""Microsoft-Windows-Sysmon"" Guid=""{5770385f-c22a-43e0-bf4c-06f5698ffbd9}""/>
    <EventID>13</EventID>
    <Version>2</Version>
    <Level>4</Level>
    <Task>13</Task>
    <Opcode>0</Opcode>
    <Keywords>0x8000000000000000</Keywords>
    <TimeCreated SystemTime=""2023-12-19T20:50:17.1021402Z""/>
    <EventRecordID>600</EventRecordID>
    <Correlation/>
    <Execution ProcessID=""10484"" ThreadID=""10592""/>
    <Channel>Microsoft-Windows-Sysmon/Operational</Channel>
    <Computer>WinDev2309Eval</Computer>
    <Security UserID=""S-1-5-18""/>
  </System>
  <EventData>
    <Data Name=""RuleName"">InvDB-CompileTimeClaim</Data>
    <Data Name=""EventType"">SetValue</Data>
    <Data Name=""UtcTime"">2023-12-19 20:50:17.092</Data>
    <Data Name=""ProcessGuid"">{f57bd86a-db70-6581-4e00-000000000b00}</Data>
    <Data Name=""ProcessId"">3596</Data>
    <Data Name=""Image"">C:\Windows\System32\svchost.exe</Data>
    <Data Name=""TargetObject"">\REGISTRY\A\{bd75d637-a777-f887-435f-6fd9b1f1f54b}\Root\InventoryApplicationFile\ngentask.exe|cc6494267adfb0bb\LinkDate</Data>
    <Data Name=""Details"">04/08/2022 21:24:38</Data>
    <Data Name=""User"">NT AUTHORITY\SYSTEM</Data>
  </EventData>
</Event>
"
Microsoft-Windows-Sysmon/Operational,,,WinDev2309Eval,,,,,,,,,microsoft corporation,13,599,SetValue,,,C:\Windows\System32\svchost.exe,,,0x8000000000000000,4,,,,,0,,,,,,,{f57bd86a-db70-6581-4e00-000000000b00},10484,3596.0,,,,,,InvDB-Pub,,,,,,,,,,,,,2023-12-19T20:50:17.1016397Z,,,\REGISTRY\A\{bd75d637-a777-f887-435f-6fd9b1f1f54b}\Root\InventoryApplicationFile\ngentask.exe|cc6494267adfb0bb\Publisher,,,,13,,10592,NT AUTHORITY\SYSTEM,S-1-5-18,50:17.1,2.0,"<Event xmlns=""http://schemas.microsoft.com/win/2004/08/events/event"">
  <System>
    <Provider Name=""Microsoft-Windows-Sysmon"" Guid=""{5770385f-c22a-43e0-bf4c-06f5698ffbd9}""/>
    <EventID>13</EventID>
    <Version>2</Version>
    <Level>4</Level>
    <Task>13</Task>
    <Opcode>0</Opcode>
    <Keywords>0x8000000000000000</Keywords>
    <TimeCreated SystemTime=""2023-12-19T20:50:17.1016397Z""/>
    <EventRecordID>599</EventRecordID>
    <Correlation/>
    <Execution ProcessID=""10484"" ThreadID=""10592""/>
    <Channel>Microsoft-Windows-Sysmon/Operational</Channel>
    <Computer>WinDev2309Eval</Computer>
    <Security UserID=""S-1-5-18""/>
  </System>
  <EventData>
    <Data Name=""RuleName"">InvDB-Pub</Data>
    <Data Name=""EventType"">SetValue</Data>
    <Data Name=""UtcTime"">2023-12-19 20:50:17.092</Data>
    <Data Name=""ProcessGuid"">{f57bd86a-db70-6581-4e00-000000000b00}</Data>
    <Data Name=""ProcessId"">3596</Data>
    <Data Name=""Image"">C:\Windows\System32\svchost.exe</Data>
    <Data Name=""TargetObject"">\REGISTRY\A\{bd75d637-a777-f887-435f-6fd9b1f1f54b}\Root\InventoryApplicationFile\ngentask.exe|cc6494267adfb0bb\Publisher</Data>
    <Data Name=""Details"">microsoft corporation</Data>
    <Data Name=""User"">NT AUTHORITY\SYSTEM</Data>
  </EventData>
</Event>
"
Microsoft-Windows-Sysmon/Operational,,,WinDev2309Eval,,,,,,,,,c:\windows\microsoft.net\framework\v4.0.30319\ngentask.exe,13,598,SetValue,,,C:\Windows\System32\svchost.exe,,,0x8000000000000000,4,,,,,0,,,,,,,{f57bd86a-db70-6581-4e00-000000000b00},10484,3596.0,,,,,,InvDB-Path,,,,,,,,,,,,,2023-12-19T20:50:17.1014265Z,,,\REGISTRY\A\{bd75d637-a777-f887-435f-6fd9b1f1f54b}\Root\InventoryApplicationFile\ngentask.exe|cc6494267adfb0bb\LowerCaseLongPath,,,,13,,10592,NT AUTHORITY\SYSTEM,S-1-5-18,50:17.1,2.0,"<Event xmlns=""http://schemas.microsoft.com/win/2004/08/events/event"">
  <System>
    <Provider Name=""Microsoft-Windows-Sysmon"" Guid=""{5770385f-c22a-43e0-bf4c-06f5698ffbd9}""/>
    <EventID>13</EventID>
    <Version>2</Version>
    <Level>4</Level>
    <Task>13</Task>
    <Opcode>0</Opcode>
    <Keywords>0x8000000000000000</Keywords>
    <TimeCreated SystemTime=""2023-12-19T20:50:17.1014265Z""/>
    <EventRecordID>598</EventRecordID>
    <Correlation/>
    <Execution ProcessID=""10484"" ThreadID=""10592""/>
    <Channel>Microsoft-Windows-Sysmon/Operational</Channel>
    <Computer>WinDev2309Eval</Computer>
    <Security UserID=""S-1-5-18""/>
  </System>
  <EventData>
    <Data Name=""RuleName"">InvDB-Path</Data>
    <Data Name=""EventType"">SetValue</Data>
    <Data Name=""UtcTime"">2023-12-19 20:50:17.092</Data>
    <Data Name=""ProcessGuid"">{f57bd86a-db70-6581-4e00-000000000b00}</Data>
    <Data Name=""ProcessId"">3596</Data>
    <Data Name=""Image"">C:\Windows\System32\svchost.exe</Data>
    <Data Name=""TargetObject"">\REGISTRY\A\{bd75d637-a777-f887-435f-6fd9b1f1f54b}\Root\InventoryApplicationFile\ngentask.exe|cc6494267adfb0bb\LowerCaseLongPath</Data>
    <Data Name=""Details"">c:\windows\microsoft.net\framework\v4.0.30319\ngentask.exe</Data>
    <Data Name=""User"">NT AUTHORITY\SYSTEM</Data>
  </EventData>
</Event>
"
Microsoft-Windows-Sysmon/Operational,,,WinDev2309Eval,,,,,,,,,4.0.30319.0,13,597,SetValue,,,C:\Windows\System32\svchost.exe,,,0x8000000000000000,4,,,,,0,,,,,,,{f57bd86a-db70-6581-4e00-000000000b00},10484,3596.0,,,,,,InvDB-Ver,,,,,,,,,,,,,2023-12-19T20:50:16.8126174Z,,,\REGISTRY\A\{bd75d637-a777-f887-435f-6fd9b1f1f54b}\Root\InventoryApplicationFile\ngentask.exe|5c7d7da84d53b8ea\BinProductVersion,,,,13,,10592,NT AUTHORITY\SYSTEM,S-1-5-18,50:16.8,2.0,"<Event xmlns=""http://schemas.microsoft.com/win/2004/08/events/event"">
  <System>
    <Provider Name=""Microsoft-Windows-Sysmon"" Guid=""{5770385f-c22a-43e0-bf4c-06f5698ffbd9}""/>
    <EventID>13</EventID>
    <Version>2</Version>
    <Level>4</Level>
    <Task>13</Task>
    <Opcode>0</Opcode>
    <Keywords>0x8000000000000000</Keywords>
    <TimeCreated SystemTime=""2023-12-19T20:50:16.8126174Z""/>
    <EventRecordID>597</EventRecordID>
    <Correlation/>
    <Execution ProcessID=""10484"" ThreadID=""10592""/>
    <Channel>Microsoft-Windows-Sysmon/Operational</Channel>
    <Computer>WinDev2309Eval</Computer>
    <Security UserID=""S-1-5-18""/>
  </System>
  <EventData>
    <Data Name=""RuleName"">InvDB-Ver</Data>
    <Data Name=""EventType"">SetValue</Data>
    <Data Name=""UtcTime"">2023-12-19 20:50:16.791</Data>
    <Data Name=""ProcessGuid"">{f57bd86a-db70-6581-4e00-000000000b00}</Data>
    <Data Name=""ProcessId"">3596</Data>
    <Data Name=""Image"">C:\Windows\System32\svchost.exe</Data>
    <Data Name=""TargetObject"">\REGISTRY\A\{bd75d637-a777-f887-435f-6fd9b1f1f54b}\Root\InventoryApplicationFile\ngentask.exe|5c7d7da84d53b8ea\BinProductVersion</Data>
    <Data Name=""Details"">4.0.30319.0</Data>
    <Data Name=""User"">NT AUTHORITY\SYSTEM</Data>
  </EventData>
</Event>
"
Microsoft-Windows-Sysmon/Operational,,,WinDev2309Eval,,,,,,,,,4/8/2022 21:27,13,596,SetValue,,,C:\Windows\System32\svchost.exe,,,0x8000000000000000,4,,,,,0,,,,,,,{f57bd86a-db70-6581-4e00-000000000b00},10484,3596.0,,,,,,InvDB-CompileTimeClaim,,,,,,,,,,,,,2023-12-19T20:50:16.8125571Z,,,\REGISTRY\A\{bd75d637-a777-f887-435f-6fd9b1f1f54b}\Root\InventoryApplicationFile\ngentask.exe|5c7d7da84d53b8ea\LinkDate,,,,13,,10592,NT AUTHORITY\SYSTEM,S-1-5-18,50:16.8,2.0,"<Event xmlns=""http://schemas.microsoft.com/win/2004/08/events/event"">
  <System>
    <Provider Name=""Microsoft-Windows-Sysmon"" Guid=""{5770385f-c22a-43e0-bf4c-06f5698ffbd9}""/>
    <EventID>13</EventID>
    <Version>2</Version>
    <Level>4</Level>
    <Task>13</Task>
    <Opcode>0</Opcode>
    <Keywords>0x8000000000000000</Keywords>
    <TimeCreated SystemTime=""2023-12-19T20:50:16.8125571Z""/>
    <EventRecordID>596</EventRecordID>
    <Correlation/>
    <Execution ProcessID=""10484"" ThreadID=""10592""/>
    <Channel>Microsoft-Windows-Sysmon/Operational</Channel>
    <Computer>WinDev2309Eval</Computer>
    <Security UserID=""S-1-5-18""/>
  </System>
  <EventData>
    <Data Name=""RuleName"">InvDB-CompileTimeClaim</Data>
    <Data Name=""EventType"">SetValue</Data>
    <Data Name=""UtcTime"">2023-12-19 20:50:16.791</Data>
    <Data Name=""ProcessGuid"">{f57bd86a-db70-6581-4e00-000000000b00}</Data>
    <Data Name=""ProcessId"">3596</Data>
    <Data Name=""Image"">C:\Windows\System32\svchost.exe</Data>
    <Data Name=""TargetObject"">\REGISTRY\A\{bd75d637-a777-f887-435f-6fd9b1f1f54b}\Root\InventoryApplicationFile\ngentask.exe|5c7d7da84d53b8ea\LinkDate</Data>
    <Data Name=""Details"">04/08/2022 21:27:51</Data>
    <Data Name=""User"">NT AUTHORITY\SYSTEM</Data>
  </EventData>
</Event>
"
Microsoft-Windows-Sysmon/Operational,,,WinDev2309Eval,,,,,,,,,microsoft corporation,13,595,SetValue,,,C:\Windows\System32\svchost.exe,,,0x8000000000000000,4,,,,,0,,,,,,,{f57bd86a-db70-6581-4e00-000000000b00},10484,3596.0,,,,,,InvDB-Pub,,,,,,,,,,,,,2023-12-19T20:50:16.8120783Z,,,\REGISTRY\A\{bd75d637-a777-f887-435f-6fd9b1f1f54b}\Root\InventoryApplicationFile\ngentask.exe|5c7d7da84d53b8ea\Publisher,,,,13,,10592,NT AUTHORITY\SYSTEM,S-1-5-18,50:16.8,2.0,"<Event xmlns=""http://schemas.microsoft.com/win/2004/08/events/event"">
  <System>
    <Provider Name=""Microsoft-Windows-Sysmon"" Guid=""{5770385f-c22a-43e0-bf4c-06f5698ffbd9}""/>
    <EventID>13</EventID>
    <Version>2</Version>
    <Level>4</Level>
    <Task>13</Task>
    <Opcode>0</Opcode>
    <Keywords>0x8000000000000000</Keywords>
    <TimeCreated SystemTime=""2023-12-19T20:50:16.8120783Z""/>
    <EventRecordID>595</EventRecordID>
    <Correlation/>
    <Execution ProcessID=""10484"" ThreadID=""10592""/>
    <Channel>Microsoft-Windows-Sysmon/Operational</Channel>
    <Computer>WinDev2309Eval</Computer>
    <Security UserID=""S-1-5-18""/>
  </System>
  <EventData>
    <Data Name=""RuleName"">InvDB-Pub</Data>
    <Data Name=""EventType"">SetValue</Data>
    <Data Name=""UtcTime"">2023-12-19 20:50:16.791</Data>
    <Data Name=""ProcessGuid"">{f57bd86a-db70-6581-4e00-000000000b00}</Data>
    <Data Name=""ProcessId"">3596</Data>
    <Data Name=""Image"">C:\Windows\System32\svchost.exe</Data>
    <Data Name=""TargetObject"">\REGISTRY\A\{bd75d637-a777-f887-435f-6fd9b1f1f54b}\Root\InventoryApplicationFile\ngentask.exe|5c7d7da84d53b8ea\Publisher</Data>
    <Data Name=""Details"">microsoft corporation</Data>
    <Data Name=""User"">NT AUTHORITY\SYSTEM</Data>
  </EventData>
</Event>
"
Microsoft-Windows-Sysmon/Operational,,,WinDev2309Eval,,,,,,,,,c:\windows\microsoft.net\framework64\v4.0.30319\ngentask.exe,13,594,SetValue,,,C:\Windows\System32\svchost.exe,,,0x8000000000000000,4,,,,,0,,,,,,,{f57bd86a-db70-6581-4e00-000000000b00},10484,3596.0,,,,,,InvDB-Path,,,,,,,,,,,,,2023-12-19T20:50:16.8118363Z,,,\REGISTRY\A\{bd75d637-a777-f887-435f-6fd9b1f1f54b}\Root\InventoryApplicationFile\ngentask.exe|5c7d7da84d53b8ea\LowerCaseLongPath,,,,13,,10592,NT AUTHORITY\SYSTEM,S-1-5-18,50:16.8,2.0,"<Event xmlns=""http://schemas.microsoft.com/win/2004/08/events/event"">
  <System>
    <Provider Name=""Microsoft-Windows-Sysmon"" Guid=""{5770385f-c22a-43e0-bf4c-06f5698ffbd9}""/>
    <EventID>13</EventID>
    <Version>2</Version>
    <Level>4</Level>
    <Task>13</Task>
    <Opcode>0</Opcode>
    <Keywords>0x8000000000000000</Keywords>
    <TimeCreated SystemTime=""2023-12-19T20:50:16.8118363Z""/>
    <EventRecordID>594</EventRecordID>
    <Correlation/>
    <Execution ProcessID=""10484"" ThreadID=""10592""/>
    <Channel>Microsoft-Windows-Sysmon/Operational</Channel>
    <Computer>WinDev2309Eval</Computer>
    <Security UserID=""S-1-5-18""/>
  </System>
  <EventData>
    <Data Name=""RuleName"">InvDB-Path</Data>
    <Data Name=""EventType"">SetValue</Data>
    <Data Name=""UtcTime"">2023-12-19 20:50:16.791</Data>
    <Data Name=""ProcessGuid"">{f57bd86a-db70-6581-4e00-000000000b00}</Data>
    <Data Name=""ProcessId"">3596</Data>
    <Data Name=""Image"">C:\Windows\System32\svchost.exe</Data>
    <Data Name=""TargetObject"">\REGISTRY\A\{bd75d637-a777-f887-435f-6fd9b1f1f54b}\Root\InventoryApplicationFile\ngentask.exe|5c7d7da84d53b8ea\LowerCaseLongPath</Data>
    <Data Name=""Details"">c:\windows\microsoft.net\framework64\v4.0.30319\ngentask.exe</Data>
    <Data Name=""User"">NT AUTHORITY\SYSTEM</Data>
  </EventData>
</Event>
"
Microsoft-Windows-Sysmon/Operational,"""C:\Windows\Microsoft.NET\Framework\v4.0.30319\NGenTask.exe"" /RuntimeWide /Critical /StopEvent:432",Microsoft Corporation,WinDev2309Eval,,C:\Windows\system32\,Microsoft .NET Framework optimization service,,,,,,,1,593,,4.8.9032.0 built by: NET481REL1,"MD5=22EA2B65E14D50E28BDD50010B06AACF,SHA256=EFE1C3D4543EAA67A436B933EFFA65FE3FBA358ADE1EF01B3F92F4971E92A1AD,IMPHASH=F34D5F2D4577ED6D9CEEC516C1F5A744",C:\Windows\Microsoft.NET\Framework\v4.0.30319\ngentask.exe,,System,0x8000000000000000,4,{f57bd86a-db68-6581-e703-000000000000},0x3e7,,,0,NGenTask.exe,taskhostw.exe {222A245B-E637-4AE9-A93F-A59CA119A75E},C:\Windows\System32\taskhostw.exe,{f57bd86a-0207-6582-c702-000000000b00},7808.0,NT AUTHORITY\SYSTEM,{f57bd86a-0208-6582-cc02-000000000b00},10484,1908.0,Microsoft® .NET Framework,,,,,-,,,,,,,,,,,,,2023-12-19T20:50:16.6967233Z,,,,,,,1,0.0,10592,NT AUTHORITY\SYSTEM,S-1-5-18,50:16.7,5.0,"<Event xmlns=""http://schemas.microsoft.com/win/2004/08/events/event"">
  <System>
    <Provider Name=""Microsoft-Windows-Sysmon"" Guid=""{5770385f-c22a-43e0-bf4c-06f5698ffbd9}""/>
    <EventID>1</EventID>
    <Version>5</Version>
    <Level>4</Level>
    <Task>1</Task>
    <Opcode>0</Opcode>
    <Keywords>0x8000000000000000</Keywords>
    <TimeCreated SystemTime=""2023-12-19T20:50:16.6967233Z""/>
    <EventRecordID>593</EventRecordID>
    <Correlation/>
    <Execution ProcessID=""10484"" ThreadID=""10592""/>
    <Channel>Microsoft-Windows-Sysmon/Operational</Channel>
    <Computer>WinDev2309Eval</Computer>
    <Security UserID=""S-1-5-18""/>
  </System>
  <EventData>
    <Data Name=""RuleName"">-</Data>
    <Data Name=""UtcTime"">2023-12-19 20:50:16.693</Data>
    <Data Name=""ProcessGuid"">{f57bd86a-0208-6582-cc02-000000000b00}</Data>
    <Data Name=""ProcessId"">1908</Data>
    <Data Name=""Image"">C:\Windows\Microsoft.NET\Framework\v4.0.30319\ngentask.exe</Data>
    <Data Name=""FileVersion"">4.8.9032.0 built by: NET481REL1</Data>
    <Data Name=""Description"">Microsoft .NET Framework optimization service</Data>
    <Data Name=""Product"">Microsoft&#174; .NET Framework</Data>
    <Data Name=""Company"">Microsoft Corporation</Data>
    <Data Name=""OriginalFileName"">NGenTask.exe</Data>
    <Data Name=""CommandLine"">""C:\Windows\Microsoft.NET\Framework\v4.0.30319\NGenTask.exe"" /RuntimeWide /Critical /StopEvent:432</Data>
    <Data Name=""CurrentDirectory"">C:\Windows\system32\</Data>
    <Data Name=""User"">NT AUTHORITY\SYSTEM</Data>
    <Data Name=""LogonGuid"">{f57bd86a-db68-6581-e703-000000000000}</Data>
    <Data Name=""LogonId"">0x3e7</Data>
    <Data Name=""TerminalSessionId"">0</Data>
    <Data Name=""IntegrityLevel"">System</Data>
    <Data Name=""Hashes"">MD5=22EA2B65E14D50E28BDD50010B06AACF,SHA256=EFE1C3D4543EAA67A436B933EFFA65FE3FBA358ADE1EF01B3F92F4971E92A1AD,IMPHASH=F34D5F2D4577ED6D9CEEC516C1F5A744</Data>
    <Data Name=""ParentProcessGuid"">{f57bd86a-0207-6582-c702-000000000b00}</Data>
    <Data Name=""ParentProcessId"">7808</Data>
    <Data Name=""ParentImage"">C:\Windows\System32\taskhostw.exe</Data>
    <Data Name=""ParentCommandLine"">taskhostw.exe {222A245B-E637-4AE9-A93F-A59CA119A75E}</Data>
    <Data Name=""ParentUser"">NT AUTHORITY\SYSTEM</Data>
  </EventData>
</Event>
"
Microsoft-Windows-Sysmon/Operational,"""C:\Windows\Microsoft.NET\Framework64\v4.0.30319\NGenTask.exe"" /RuntimeWide /Critical /StopEvent:544",Microsoft Corporation,WinDev2309Eval,,C:\Windows\system32\,Microsoft .NET Framework optimization service,,,,,,,1,592,,4.8.9032.0 built by: NET481REL1,"MD5=1CA52739F7F494012F1AACC925328C7F,SHA256=9FD133B11ABCBBED33CCEA71BD4743E8F35E42CD637FB763F5AB2A8FBB9B6261,IMPHASH=00000000000000000000000000000000",C:\Windows\Microsoft.NET\Framework64\v4.0.30319\ngentask.exe,,System,0x8000000000000000,4,{f57bd86a-db68-6581-e703-000000000000},0x3e7,,,0,NGenTask.exe,taskhostw.exe {222A245B-E637-4AE9-A93F-A59CA119A75E},C:\Windows\System32\taskhostw.exe,{f57bd86a-0207-6582-c702-000000000b00},7808.0,NT AUTHORITY\SYSTEM,{f57bd86a-0208-6582-c902-000000000b00},10484,12668.0,Microsoft® .NET Framework,,,,,-,,,,,,,,,,,,,2023-12-19T20:50:16.3444567Z,,,,,,,1,0.0,10592,NT AUTHORITY\SYSTEM,S-1-5-18,50:16.3,5.0,"<Event xmlns=""http://schemas.microsoft.com/win/2004/08/events/event"">
  <System>
    <Provider Name=""Microsoft-Windows-Sysmon"" Guid=""{5770385f-c22a-43e0-bf4c-06f5698ffbd9}""/>
    <EventID>1</EventID>
    <Version>5</Version>
    <Level>4</Level>
    <Task>1</Task>
    <Opcode>0</Opcode>
    <Keywords>0x8000000000000000</Keywords>
    <TimeCreated SystemTime=""2023-12-19T20:50:16.3444567Z""/>
    <EventRecordID>592</EventRecordID>
    <Correlation/>
    <Execution ProcessID=""10484"" ThreadID=""10592""/>
    <Channel>Microsoft-Windows-Sysmon/Operational</Channel>
    <Computer>WinDev2309Eval</Computer>
    <Security UserID=""S-1-5-18""/>
  </System>
  <EventData>
    <Data Name=""RuleName"">-</Data>
    <Data Name=""UtcTime"">2023-12-19 20:50:16.340</Data>
    <Data Name=""ProcessGuid"">{f57bd86a-0208-6582-c902-000000000b00}</Data>
    <Data Name=""ProcessId"">12668</Data>
    <Data Name=""Image"">C:\Windows\Microsoft.NET\Framework64\v4.0.30319\ngentask.exe</Data>
    <Data Name=""FileVersion"">4.8.9032.0 built by: NET481REL1</Data>
    <Data Name=""Description"">Microsoft .NET Framework optimization service</Data>
    <Data Name=""Product"">Microsoft&#174; .NET Framework</Data>
    <Data Name=""Company"">Microsoft Corporation</Data>
    <Data Name=""OriginalFileName"">NGenTask.exe</Data>
    <Data Name=""CommandLine"">""C:\Windows\Microsoft.NET\Framework64\v4.0.30319\NGenTask.exe"" /RuntimeWide /Critical /StopEvent:544</Data>
    <Data Name=""CurrentDirectory"">C:\Windows\system32\</Data>
    <Data Name=""User"">NT AUTHORITY\SYSTEM</Data>
    <Data Name=""LogonGuid"">{f57bd86a-db68-6581-e703-000000000000}</Data>
    <Data Name=""LogonId"">0x3e7</Data>
    <Data Name=""TerminalSessionId"">0</Data>
    <Data Name=""IntegrityLevel"">System</Data>
    <Data Name=""Hashes"">MD5=1CA52739F7F494012F1AACC925328C7F,SHA256=9FD133B11ABCBBED33CCEA71BD4743E8F35E42CD637FB763F5AB2A8FBB9B6261,IMPHASH=00000000000000000000000000000000</Data>
    <Data Name=""ParentProcessGuid"">{f57bd86a-0207-6582-c702-000000000b00}</Data>
    <Data Name=""ParentProcessId"">7808</Data>
    <Data Name=""ParentImage"">C:\Windows\System32\taskhostw.exe</Data>
    <Data Name=""ParentCommandLine"">taskhostw.exe {222A245B-E637-4AE9-A93F-A59CA119A75E}</Data>
    <Data Name=""ParentUser"">NT AUTHORITY\SYSTEM</Data>
  </EventData>
</Event>
"
Microsoft-Windows-Sysmon/Operational,C:\Windows\system32\svchost.exe -k netsvcs -p,Microsoft Corporation,WinDev2309Eval,,C:\Windows\system32\,Host Process for Windows Services,,,,,,,1,591,,10.0.22621.1 (WinBuild.160101.0800),"MD5=8EC922C7A58A8701AB481B7BE9644536,SHA256=949BFB5B4C7D58D92F3F9C5F8EC7CA4CEAFFD10EC5F0020F0A987C472D61C54B,IMPHASH=76B4BAE80D2C3B08BB062D97BF9CA791",C:\Windows\System32\svchost.exe,,System,0x8000000000000000,4,{f57bd86a-db68-6581-e703-000000000000},0x3e7,,,0,svchost.exe,C:\Windows\system32\services.exe,C:\Windows\System32\services.exe,{f57bd86a-db68-6581-0b00-000000000b00},796.0,NT AUTHORITY\SYSTEM,{f57bd86a-0208-6582-c802-000000000b00},10484,2908.0,Microsoft® Windows® Operating System,,,,,-,,,,,,,,,,,,,2023-12-19T20:50:16.0535422Z,,,,,,,1,0.0,10592,NT AUTHORITY\SYSTEM,S-1-5-18,50:16.0,5.0,"<Event xmlns=""http://schemas.microsoft.com/win/2004/08/events/event"">
  <System>
    <Provider Name=""Microsoft-Windows-Sysmon"" Guid=""{5770385f-c22a-43e0-bf4c-06f5698ffbd9}""/>
    <EventID>1</EventID>
    <Version>5</Version>
    <Level>4</Level>
    <Task>1</Task>
    <Opcode>0</Opcode>
    <Keywords>0x8000000000000000</Keywords>
    <TimeCreated SystemTime=""2023-12-19T20:50:16.0535422Z""/>
    <EventRecordID>591</EventRecordID>
    <Correlation/>
    <Execution ProcessID=""10484"" ThreadID=""10592""/>
    <Channel>Microsoft-Windows-Sysmon/Operational</Channel>
    <Computer>WinDev2309Eval</Computer>
    <Security UserID=""S-1-5-18""/>
  </System>
  <EventData>
    <Data Name=""RuleName"">-</Data>
    <Data Name=""UtcTime"">2023-12-19 20:50:16.050</Data>
    <Data Name=""ProcessGuid"">{f57bd86a-0208-6582-c802-000000000b00}</Data>
    <Data Name=""ProcessId"">2908</Data>
    <Data Name=""Image"">C:\Windows\System32\svchost.exe</Data>
    <Data Name=""FileVersion"">10.0.22621.1 (WinBuild.160101.0800)</Data>
    <Data Name=""Description"">Host Process for Windows Services</Data>
    <Data Name=""Product"">Microsoft&#174; Windows&#174; Operating System</Data>
    <Data Name=""Company"">Microsoft Corporation</Data>
    <Data Name=""OriginalFileName"">svchost.exe</Data>
    <Data Name=""CommandLine"">C:\Windows\system32\svchost.exe -k netsvcs -p</Data>
    <Data Name=""CurrentDirectory"">C:\Windows\system32\</Data>
    <Data Name=""User"">NT AUTHORITY\SYSTEM</Data>
    <Data Name=""LogonGuid"">{f57bd86a-db68-6581-e703-000000000000}</Data>
    <Data Name=""LogonId"">0x3e7</Data>
    <Data Name=""TerminalSessionId"">0</Data>
    <Data Name=""IntegrityLevel"">System</Data>
    <Data Name=""Hashes"">MD5=8EC922C7A58A8701AB481B7BE9644536,SHA256=949BFB5B4C7D58D92F3F9C5F8EC7CA4CEAFFD10EC5F0020F0A987C472D61C54B,IMPHASH=76B4BAE80D2C3B08BB062D97BF9CA791</Data>
    <Data Name=""ParentProcessGuid"">{f57bd86a-db68-6581-0b00-000000000b00}</Data>
    <Data Name=""ParentProcessId"">796</Data>
    <Data Name=""ParentImage"">C:\Windows\System32\services.exe</Data>
    <Data Name=""ParentCommandLine"">C:\Windows\system32\services.exe</Data>
    <Data Name=""ParentUser"">NT AUTHORITY\SYSTEM</Data>
  </EventData>
</Event>
"
Microsoft-Windows-Sysmon/Operational,taskhostw.exe {222A245B-E637-4AE9-A93F-A59CA119A75E},Microsoft Corporation,WinDev2309Eval,,C:\Windows\system32\,Host Process for Windows Tasks,,,,,,,1,590,,10.0.22621.1635 (WinBuild.160101.0800),"MD5=4887A65FD4F6598AF4986CBC1C0E5488,SHA256=82472A84BCBB4009ADD338200F8E853FE4C5EAFE2E2C3A2D711B85BF29B72D54,IMPHASH=1C4E2D9936E4D9F2490B08AAB4D24260",C:\Windows\System32\taskhostw.exe,,System,0x8000000000000000,4,{f57bd86a-db68-6581-e703-000000000000},0x3e7,,,0,taskhostw.exe,C:\Windows\system32\svchost.exe -k netsvcs -p -s Schedule,C:\Windows\System32\svchost.exe,{f57bd86a-db6f-6581-2800-000000000b00},1900.0,NT AUTHORITY\SYSTEM,{f57bd86a-0207-6582-c702-000000000b00},10484,7808.0,Microsoft® Windows® Operating System,,,,,-,,,,,,,,,,,,,2023-12-19T20:50:15.8415167Z,,,,,,,1,0.0,10592,NT AUTHORITY\SYSTEM,S-1-5-18,50:15.8,5.0,"<Event xmlns=""http://schemas.microsoft.com/win/2004/08/events/event"">
  <System>
    <Provider Name=""Microsoft-Windows-Sysmon"" Guid=""{5770385f-c22a-43e0-bf4c-06f5698ffbd9}""/>
    <EventID>1</EventID>
    <Version>5</Version>
    <Level>4</Level>
    <Task>1</Task>
    <Opcode>0</Opcode>
    <Keywords>0x8000000000000000</Keywords>
    <TimeCreated SystemTime=""2023-12-19T20:50:15.8415167Z""/>
    <EventRecordID>590</EventRecordID>
    <Correlation/>
    <Execution ProcessID=""10484"" ThreadID=""10592""/>
    <Channel>Microsoft-Windows-Sysmon/Operational</Channel>
    <Computer>WinDev2309Eval</Computer>
    <Security UserID=""S-1-5-18""/>
  </System>
  <EventData>
    <Data Name=""RuleName"">-</Data>
    <Data Name=""UtcTime"">2023-12-19 20:50:15.839</Data>
    <Data Name=""ProcessGuid"">{f57bd86a-0207-6582-c702-000000000b00}</Data>
    <Data Name=""ProcessId"">7808</Data>
    <Data Name=""Image"">C:\Windows\System32\taskhostw.exe</Data>
    <Data Name=""FileVersion"">10.0.22621.1635 (WinBuild.160101.0800)</Data>
    <Data Name=""Description"">Host Process for Windows Tasks</Data>
    <Data Name=""Product"">Microsoft&#174; Windows&#174; Operating System</Data>
    <Data Name=""Company"">Microsoft Corporation</Data>
    <Data Name=""OriginalFileName"">taskhostw.exe</Data>
    <Data Name=""CommandLine"">taskhostw.exe {222A245B-E637-4AE9-A93F-A59CA119A75E}</Data>
    <Data Name=""CurrentDirectory"">C:\Windows\system32\</Data>
    <Data Name=""User"">NT AUTHORITY\SYSTEM</Data>
    <Data Name=""LogonGuid"">{f57bd86a-db68-6581-e703-000000000000}</Data>
    <Data Name=""LogonId"">0x3e7</Data>
    <Data Name=""TerminalSessionId"">0</Data>
    <Data Name=""IntegrityLevel"">System</Data>
    <Data Name=""Hashes"">MD5=4887A65FD4F6598AF4986CBC1C0E5488,SHA256=82472A84BCBB4009ADD338200F8E853FE4C5EAFE2E2C3A2D711B85BF29B72D54,IMPHASH=1C4E2D9936E4D9F2490B08AAB4D24260</Data>
    <Data Name=""ParentProcessGuid"">{f57bd86a-db6f-6581-2800-000000000b00}</Data>
    <Data Name=""ParentProcessId"">1900</Data>
    <Data Name=""ParentImage"">C:\Windows\System32\svchost.exe</Data>
    <Data Name=""ParentCommandLine"">C:\Windows\system32\svchost.exe -k netsvcs -p -s Schedule</Data>
    <Data Name=""ParentUser"">NT AUTHORITY\SYSTEM</Data>
  </EventData>
</Event>
"
Microsoft-Windows-Sysmon/Operational,"""C:\Windows\system32\speech_onecore\common\SpeechModelDownload.exe""",Microsoft Corporation,WinDev2309Eval,,C:\Windows\system32\,Speech Model Download Executable,,,,,,,1,589,,10.0.22621.608 (WinBuild.160101.0800),"MD5=A39D0FEA39DD9438CD0343B940827029,SHA256=88FDB3171AFA2760428DDF6A123ADC5AA34ACC4B63A41CB546CEE00D889BE008,IMPHASH=1D38C260B7444575F0238293E2E78DF2",C:\Windows\System32\Speech_OneCore\common\SpeechModelDownload.exe,,System,0x8000000000000000,4,{f57bd86a-db69-6581-e403-000000000000},0x3e4,,,0,SpeechModelDownload.exe,C:\Windows\system32\svchost.exe -k netsvcs -p -s Schedule,C:\Windows\System32\svchost.exe,{f57bd86a-db6f-6581-2800-000000000b00},1900.0,NT AUTHORITY\SYSTEM,{f57bd86a-0207-6582-c602-000000000b00},10484,4968.0,Microsoft® Windows® Operating System,,,,,-,,,,,,,,,,,,,2023-12-19T20:50:15.8360659Z,,,,,,,1,0.0,10592,NT AUTHORITY\NETWORK SERVICE,S-1-5-18,50:15.8,5.0,"<Event xmlns=""http://schemas.microsoft.com/win/2004/08/events/event"">
  <System>
    <Provider Name=""Microsoft-Windows-Sysmon"" Guid=""{5770385f-c22a-43e0-bf4c-06f5698ffbd9}""/>
    <EventID>1</EventID>
    <Version>5</Version>
    <Level>4</Level>
    <Task>1</Task>
    <Opcode>0</Opcode>
    <Keywords>0x8000000000000000</Keywords>
    <TimeCreated SystemTime=""2023-12-19T20:50:15.8360659Z""/>
    <EventRecordID>589</EventRecordID>
    <Correlation/>
    <Execution ProcessID=""10484"" ThreadID=""10592""/>
    <Channel>Microsoft-Windows-Sysmon/Operational</Channel>
    <Computer>WinDev2309Eval</Computer>
    <Security UserID=""S-1-5-18""/>
  </System>
  <EventData>
    <Data Name=""RuleName"">-</Data>
    <Data Name=""UtcTime"">2023-12-19 20:50:15.831</Data>
    <Data Name=""ProcessGuid"">{f57bd86a-0207-6582-c602-000000000b00}</Data>
    <Data Name=""ProcessId"">4968</Data>
    <Data Name=""Image"">C:\Windows\System32\Speech_OneCore\common\SpeechModelDownload.exe</Data>
    <Data Name=""FileVersion"">10.0.22621.608 (WinBuild.160101.0800)</Data>
    <Data Name=""Description"">Speech Model Download Executable</Data>
    <Data Name=""Product"">Microsoft&#174; Windows&#174; Operating System</Data>
    <Data Name=""Company"">Microsoft Corporation</Data>
    <Data Name=""OriginalFileName"">SpeechModelDownload.exe</Data>
    <Data Name=""CommandLine"">""C:\Windows\system32\speech_onecore\common\SpeechModelDownload.exe""</Data>
    <Data Name=""CurrentDirectory"">C:\Windows\system32\</Data>
    <Data Name=""User"">NT AUTHORITY\NETWORK SERVICE</Data>
    <Data Name=""LogonGuid"">{f57bd86a-db69-6581-e403-000000000000}</Data>
    <Data Name=""LogonId"">0x3e4</Data>
    <Data Name=""TerminalSessionId"">0</Data>
    <Data Name=""IntegrityLevel"">System</Data>
    <Data Name=""Hashes"">MD5=A39D0FEA39DD9438CD0343B940827029,SHA256=88FDB3171AFA2760428DDF6A123ADC5AA34ACC4B63A41CB546CEE00D889BE008,IMPHASH=1D38C260B7444575F0238293E2E78DF2</Data>
    <Data Name=""ParentProcessGuid"">{f57bd86a-db6f-6581-2800-000000000b00}</Data>
    <Data Name=""ParentProcessId"">1900</Data>
    <Data Name=""ParentImage"">C:\Windows\System32\svchost.exe</Data>
    <Data Name=""ParentCommandLine"">C:\Windows\system32\svchost.exe -k netsvcs -p -s Schedule</Data>
    <Data Name=""ParentUser"">NT AUTHORITY\SYSTEM</Data>
  </EventData>
</Event>
"
Microsoft-Windows-Sysmon/Operational,taskhostw.exe -IntegrityCheck,Microsoft Corporation,WinDev2309Eval,,C:\Windows\system32\,Host Process for Windows Tasks,,,,,,,1,588,,10.0.22621.1635 (WinBuild.160101.0800),"MD5=4887A65FD4F6598AF4986CBC1C0E5488,SHA256=82472A84BCBB4009ADD338200F8E853FE4C5EAFE2E2C3A2D711B85BF29B72D54,IMPHASH=1C4E2D9936E4D9F2490B08AAB4D24260",C:\Windows\System32\taskhostw.exe,,System,0x8000000000000000,4,{f57bd86a-db68-6581-e703-000000000000},0x3e7,,,0,taskhostw.exe,C:\Windows\system32\svchost.exe -k netsvcs -p -s Schedule,C:\Windows\System32\svchost.exe,{f57bd86a-db6f-6581-2800-000000000b00},1900.0,NT AUTHORITY\SYSTEM,{f57bd86a-0207-6582-c502-000000000b00},10484,4156.0,Microsoft® Windows® Operating System,,,,,-,,,,,,,,,,,,,2023-12-19T20:50:15.7857798Z,,,,,,,1,0.0,10592,NT AUTHORITY\SYSTEM,S-1-5-18,50:15.8,5.0,"<Event xmlns=""http://schemas.microsoft.com/win/2004/08/events/event"">
  <System>
    <Provider Name=""Microsoft-Windows-Sysmon"" Guid=""{5770385f-c22a-43e0-bf4c-06f5698ffbd9}""/>
    <EventID>1</EventID>
    <Version>5</Version>
    <Level>4</Level>
    <Task>1</Task>
    <Opcode>0</Opcode>
    <Keywords>0x8000000000000000</Keywords>
    <TimeCreated SystemTime=""2023-12-19T20:50:15.7857798Z""/>
    <EventRecordID>588</EventRecordID>
    <Correlation/>
    <Execution ProcessID=""10484"" ThreadID=""10592""/>
    <Channel>Microsoft-Windows-Sysmon/Operational</Channel>
    <Computer>WinDev2309Eval</Computer>
    <Security UserID=""S-1-5-18""/>
  </System>
  <EventData>
    <Data Name=""RuleName"">-</Data>
    <Data Name=""UtcTime"">2023-12-19 20:50:15.781</Data>
    <Data Name=""ProcessGuid"">{f57bd86a-0207-6582-c502-000000000b00}</Data>
    <Data Name=""ProcessId"">4156</Data>
    <Data Name=""Image"">C:\Windows\System32\taskhostw.exe</Data>
    <Data Name=""FileVersion"">10.0.22621.1635 (WinBuild.160101.0800)</Data>
    <Data Name=""Description"">Host Process for Windows Tasks</Data>
    <Data Name=""Product"">Microsoft&#174; Windows&#174; Operating System</Data>
    <Data Name=""Company"">Microsoft Corporation</Data>
    <Data Name=""OriginalFileName"">taskhostw.exe</Data>
    <Data Name=""CommandLine"">taskhostw.exe -IntegrityCheck</Data>
    <Data Name=""CurrentDirectory"">C:\Windows\system32\</Data>
    <Data Name=""User"">NT AUTHORITY\SYSTEM</Data>
    <Data Name=""LogonGuid"">{f57bd86a-db68-6581-e703-000000000000}</Data>
    <Data Name=""LogonId"">0x3e7</Data>
    <Data Name=""TerminalSessionId"">0</Data>
    <Data Name=""IntegrityLevel"">System</Data>
    <Data Name=""Hashes"">MD5=4887A65FD4F6598AF4986CBC1C0E5488,SHA256=82472A84BCBB4009ADD338200F8E853FE4C5EAFE2E2C3A2D711B85BF29B72D54,IMPHASH=1C4E2D9936E4D9F2490B08AAB4D24260</Data>
    <Data Name=""ParentProcessGuid"">{f57bd86a-db6f-6581-2800-000000000b00}</Data>
    <Data Name=""ParentProcessId"">1900</Data>
    <Data Name=""ParentImage"">C:\Windows\System32\svchost.exe</Data>
    <Data Name=""ParentCommandLine"">C:\Windows\system32\svchost.exe -k netsvcs -p -s Schedule</Data>
    <Data Name=""ParentUser"">NT AUTHORITY\SYSTEM</Data>
  </EventData>
</Event>
"
Microsoft-Windows-Sysmon/Operational,"""C:\Windows\system32\ProvTool.exe"" /turn 5 /source LogonIdleTask",Microsoft Corporation,WinDev2309Eval,,C:\Windows\system32\,Provisioning package runtime processing tool,,,,,,,1,587,,10.0.22621.2215 (WinBuild.160101.0800),"MD5=B19A762B4661845DF3EC746479353CE0,SHA256=A250352C4F3165F550669D71D63C5DC2E8A1A2E7EAF1A37BB8417146AFFD6E30,IMPHASH=32A66F804CDBF1298DD7E3BAE661D502",C:\Windows\System32\provtool.exe,,System,0x8000000000000000,4,{f57bd86a-db68-6581-e703-000000000000},0x3e7,,,0,provtool,C:\Windows\system32\svchost.exe -k netsvcs -p -s Schedule,C:\Windows\System32\svchost.exe,{f57bd86a-db6f-6581-2800-000000000b00},1900.0,NT AUTHORITY\SYSTEM,{f57bd86a-0207-6582-c402-000000000b00},10484,1856.0,Microsoft® Windows® Operating System,,,,,-,,,,,,,,,,,,,2023-12-19T20:50:15.7758938Z,,,,,,,1,0.0,10592,NT AUTHORITY\SYSTEM,S-1-5-18,50:15.8,5.0,"<Event xmlns=""http://schemas.microsoft.com/win/2004/08/events/event"">
  <System>
    <Provider Name=""Microsoft-Windows-Sysmon"" Guid=""{5770385f-c22a-43e0-bf4c-06f5698ffbd9}""/>
    <EventID>1</EventID>
    <Version>5</Version>
    <Level>4</Level>
    <Task>1</Task>
    <Opcode>0</Opcode>
    <Keywords>0x8000000000000000</Keywords>
    <TimeCreated SystemTime=""2023-12-19T20:50:15.7758938Z""/>
    <EventRecordID>587</EventRecordID>
    <Correlation/>
    <Execution ProcessID=""10484"" ThreadID=""10592""/>
    <Channel>Microsoft-Windows-Sysmon/Operational</Channel>
    <Computer>WinDev2309Eval</Computer>
    <Security UserID=""S-1-5-18""/>
  </System>
  <EventData>
    <Data Name=""RuleName"">-</Data>
    <Data Name=""UtcTime"">2023-12-19 20:50:15.768</Data>
    <Data Name=""ProcessGuid"">{f57bd86a-0207-6582-c402-000000000b00}</Data>
    <Data Name=""ProcessId"">1856</Data>
    <Data Name=""Image"">C:\Windows\System32\provtool.exe</Data>
    <Data Name=""FileVersion"">10.0.22621.2215 (WinBuild.160101.0800)</Data>
    <Data Name=""Description"">Provisioning package runtime processing tool</Data>
    <Data Name=""Product"">Microsoft&#174; Windows&#174; Operating System</Data>
    <Data Name=""Company"">Microsoft Corporation</Data>
    <Data Name=""OriginalFileName"">provtool</Data>
    <Data Name=""CommandLine"">""C:\Windows\system32\ProvTool.exe"" /turn 5 /source LogonIdleTask</Data>
    <Data Name=""CurrentDirectory"">C:\Windows\system32\</Data>
    <Data Name=""User"">NT AUTHORITY\SYSTEM</Data>
    <Data Name=""LogonGuid"">{f57bd86a-db68-6581-e703-000000000000}</Data>
    <Data Name=""LogonId"">0x3e7</Data>
    <Data Name=""TerminalSessionId"">0</Data>
    <Data Name=""IntegrityLevel"">System</Data>
    <Data Name=""Hashes"">MD5=B19A762B4661845DF3EC746479353CE0,SHA256=A250352C4F3165F550669D71D63C5DC2E8A1A2E7EAF1A37BB8417146AFFD6E30,IMPHASH=32A66F804CDBF1298DD7E3BAE661D502</Data>
    <Data Name=""ParentProcessGuid"">{f57bd86a-db6f-6581-2800-000000000b00}</Data>
    <Data Name=""ParentProcessId"">1900</Data>
    <Data Name=""ParentImage"">C:\Windows\System32\svchost.exe</Data>
    <Data Name=""ParentCommandLine"">C:\Windows\system32\svchost.exe -k netsvcs -p -s Schedule</Data>
    <Data Name=""ParentUser"">NT AUTHORITY\SYSTEM</Data>
  </EventData>
</Event>
"
Microsoft-Windows-Sysmon/Operational,taskhostw.exe NGCKeyPregen,Microsoft Corporation,WinDev2309Eval,,C:\Windows\system32\,Host Process for Windows Tasks,,,,,,,1,586,,10.0.22621.1635 (WinBuild.160101.0800),"MD5=4887A65FD4F6598AF4986CBC1C0E5488,SHA256=82472A84BCBB4009ADD338200F8E853FE4C5EAFE2E2C3A2D711B85BF29B72D54,IMPHASH=1C4E2D9936E4D9F2490B08AAB4D24260",C:\Windows\System32\taskhostw.exe,,System,0x8000000000000000,4,{f57bd86a-db68-6581-e703-000000000000},0x3e7,,,0,taskhostw.exe,C:\Windows\system32\svchost.exe -k netsvcs -p -s Schedule,C:\Windows\System32\svchost.exe,{f57bd86a-db6f-6581-2800-000000000b00},1900.0,NT AUTHORITY\SYSTEM,{f57bd86a-01f6-6582-c302-000000000b00},10484,11144.0,Microsoft® Windows® Operating System,,,,,-,,,,,,,,,,,,,2023-12-19T20:49:58.8267703Z,,,,,,,1,0.0,10592,NT AUTHORITY\SYSTEM,S-1-5-18,49:58.8,5.0,"<Event xmlns=""http://schemas.microsoft.com/win/2004/08/events/event"">
  <System>
    <Provider Name=""Microsoft-Windows-Sysmon"" Guid=""{5770385f-c22a-43e0-bf4c-06f5698ffbd9}""/>
    <EventID>1</EventID>
    <Version>5</Version>
    <Level>4</Level>
    <Task>1</Task>
    <Opcode>0</Opcode>
    <Keywords>0x8000000000000000</Keywords>
    <TimeCreated SystemTime=""2023-12-19T20:49:58.8267703Z""/>
    <EventRecordID>586</EventRecordID>
    <Correlation/>
    <Execution ProcessID=""10484"" ThreadID=""10592""/>
    <Channel>Microsoft-Windows-Sysmon/Operational</Channel>
    <Computer>WinDev2309Eval</Computer>
    <Security UserID=""S-1-5-18""/>
  </System>
  <EventData>
    <Data Name=""RuleName"">-</Data>
    <Data Name=""UtcTime"">2023-12-19 20:49:58.805</Data>
    <Data Name=""ProcessGuid"">{f57bd86a-01f6-6582-c302-000000000b00}</Data>
    <Data Name=""ProcessId"">11144</Data>
    <Data Name=""Image"">C:\Windows\System32\taskhostw.exe</Data>
    <Data Name=""FileVersion"">10.0.22621.1635 (WinBuild.160101.0800)</Data>
    <Data Name=""Description"">Host Process for Windows Tasks</Data>
    <Data Name=""Product"">Microsoft&#174; Windows&#174; Operating System</Data>
    <Data Name=""Company"">Microsoft Corporation</Data>
    <Data Name=""OriginalFileName"">taskhostw.exe</Data>
    <Data Name=""CommandLine"">taskhostw.exe NGCKeyPregen</Data>
    <Data Name=""CurrentDirectory"">C:\Windows\system32\</Data>
    <Data Name=""User"">NT AUTHORITY\SYSTEM</Data>
    <Data Name=""LogonGuid"">{f57bd86a-db68-6581-e703-000000000000}</Data>
    <Data Name=""LogonId"">0x3e7</Data>
    <Data Name=""TerminalSessionId"">0</Data>
    <Data Name=""IntegrityLevel"">System</Data>
    <Data Name=""Hashes"">MD5=4887A65FD4F6598AF4986CBC1C0E5488,SHA256=82472A84BCBB4009ADD338200F8E853FE4C5EAFE2E2C3A2D711B85BF29B72D54,IMPHASH=1C4E2D9936E4D9F2490B08AAB4D24260</Data>
    <Data Name=""ParentProcessGuid"">{f57bd86a-db6f-6581-2800-000000000b00}</Data>
    <Data Name=""ParentProcessId"">1900</Data>
    <Data Name=""ParentImage"">C:\Windows\System32\svchost.exe</Data>
    <Data Name=""ParentCommandLine"">C:\Windows\system32\svchost.exe -k netsvcs -p -s Schedule</Data>
    <Data Name=""ParentUser"">NT AUTHORITY\SYSTEM</Data>
  </EventData>
</Event>
"
Microsoft-Windows-Sysmon/Operational,\\?\C:\Windows\System32\SecurityHealth\1.0.2306.10002-0\SecurityHealthHost.exe {08728914-3F57-4D52-9E31-49DAECA5A80A} -Embedding,Microsoft Corporation,WinDev2309Eval,,C:\Windows\system32\,Windows Security Health Host,,,,,,,1,585,,10.0.25873.1001 (WinBuild.160101.0800),"MD5=193DC58240D8AC4EC1618FFAE14CAE71,SHA256=8D771C8A91614B85416B3EB328460E80183B38F2DC35C7A26578206AF145F419,IMPHASH=FBC9E5DE00516A75FFF7C4A11857FB1D",C:\Windows\System32\SecurityHealth\1.0.2306.10002-0\SecurityHealthHost.exe,,Medium,0x8000000000000000,4,{f57bd86a-db7f-6581-2a63-080000000000},0x8632a,,,0,SecurityHealthHost.exe,C:\Windows\system32\svchost.exe -k DcomLaunch -p,C:\Windows\System32\svchost.exe,{f57bd86a-db69-6581-0d00-000000000b00},936.0,NT AUTHORITY\SYSTEM,{f57bd86a-01f3-6582-c202-000000000b00},10484,4364.0,Microsoft® Windows® Operating System,,,,,-,,,,,,,,,,,,,2023-12-19T20:49:55.5193764Z,,,,,,,1,1.0,10592,WINDEV2309EVAL\User,S-1-5-18,49:55.5,5.0,"<Event xmlns=""http://schemas.microsoft.com/win/2004/08/events/event"">
  <System>
    <Provider Name=""Microsoft-Windows-Sysmon"" Guid=""{5770385f-c22a-43e0-bf4c-06f5698ffbd9}""/>
    <EventID>1</EventID>
    <Version>5</Version>
    <Level>4</Level>
    <Task>1</Task>
    <Opcode>0</Opcode>
    <Keywords>0x8000000000000000</Keywords>
    <TimeCreated SystemTime=""2023-12-19T20:49:55.5193764Z""/>
    <EventRecordID>585</EventRecordID>
    <Correlation/>
    <Execution ProcessID=""10484"" ThreadID=""10592""/>
    <Channel>Microsoft-Windows-Sysmon/Operational</Channel>
    <Computer>WinDev2309Eval</Computer>
    <Security UserID=""S-1-5-18""/>
  </System>
  <EventData>
    <Data Name=""RuleName"">-</Data>
    <Data Name=""UtcTime"">2023-12-19 20:49:55.515</Data>
    <Data Name=""ProcessGuid"">{f57bd86a-01f3-6582-c202-000000000b00}</Data>
    <Data Name=""ProcessId"">4364</Data>
    <Data Name=""Image"">C:\Windows\System32\SecurityHealth\1.0.2306.10002-0\SecurityHealthHost.exe</Data>
    <Data Name=""FileVersion"">10.0.25873.1001 (WinBuild.160101.0800)</Data>
    <Data Name=""Description"">Windows Security Health Host</Data>
    <Data Name=""Product"">Microsoft&#174; Windows&#174; Operating System</Data>
    <Data Name=""Company"">Microsoft Corporation</Data>
    <Data Name=""OriginalFileName"">SecurityHealthHost.exe</Data>
    <Data Name=""CommandLine"">\\?\C:\Windows\System32\SecurityHealth\1.0.2306.10002-0\SecurityHealthHost.exe {08728914-3F57-4D52-9E31-49DAECA5A80A} -Embedding</Data>
    <Data Name=""CurrentDirectory"">C:\Windows\system32\</Data>
    <Data Name=""User"">WINDEV2309EVAL\User</Data>
    <Data Name=""LogonGuid"">{f57bd86a-db7f-6581-2a63-080000000000}</Data>
    <Data Name=""LogonId"">0x8632a</Data>
    <Data Name=""TerminalSessionId"">1</Data>
    <Data Name=""IntegrityLevel"">Medium</Data>
    <Data Name=""Hashes"">MD5=193DC58240D8AC4EC1618FFAE14CAE71,SHA256=8D771C8A91614B85416B3EB328460E80183B38F2DC35C7A26578206AF145F419,IMPHASH=FBC9E5DE00516A75FFF7C4A11857FB1D</Data>
    <Data Name=""ParentProcessGuid"">{f57bd86a-db69-6581-0d00-000000000b00}</Data>
    <Data Name=""ParentProcessId"">936</Data>
    <Data Name=""ParentImage"">C:\Windows\System32\svchost.exe</Data>
    <Data Name=""ParentCommandLine"">C:\Windows\system32\svchost.exe -k DcomLaunch -p</Data>
    <Data Name=""ParentUser"">NT AUTHORITY\SYSTEM</Data>
  </EventData>
</Event>
"
Microsoft-Windows-Sysmon/Operational,C:\Windows\System32\smartscreen.exe -Embedding,Microsoft Corporation,WinDev2309Eval,,C:\Windows\system32\,Windows Defender SmartScreen,,,,,,,1,584,,10.0.22621.2070 (WinBuild.160101.0800),"MD5=4388275AA897DD3FC9718E6EDB4162FB,SHA256=3546ECAD099603DD115DE72FE0163B84541E0B3FCED221C3477555C3ECEBB6E9,IMPHASH=F4AAAB1255C014F6B6E87E40C3441096",C:\Windows\System32\smartscreen.exe,,Medium,0x8000000000000000,4,{f57bd86a-db7f-6581-2a63-080000000000},0x8632a,,,0,smartscreen.exe,C:\Windows\system32\svchost.exe -k DcomLaunch -p,C:\Windows\System32\svchost.exe,{f57bd86a-db69-6581-0d00-000000000b00},936.0,NT AUTHORITY\SYSTEM,{f57bd86a-01f3-6582-c102-000000000b00},10484,10636.0,Microsoft® Windows® Operating System,,,,,-,,,,,,,,,,,,,2023-12-19T20:49:55.3753869Z,,,,,,,1,1.0,10592,WINDEV2309EVAL\User,S-1-5-18,49:55.4,5.0,"<Event xmlns=""http://schemas.microsoft.com/win/2004/08/events/event"">
  <System>
    <Provider Name=""Microsoft-Windows-Sysmon"" Guid=""{5770385f-c22a-43e0-bf4c-06f5698ffbd9}""/>
    <EventID>1</EventID>
    <Version>5</Version>
    <Level>4</Level>
    <Task>1</Task>
    <Opcode>0</Opcode>
    <Keywords>0x8000000000000000</Keywords>
    <TimeCreated SystemTime=""2023-12-19T20:49:55.3753869Z""/>
    <EventRecordID>584</EventRecordID>
    <Correlation/>
    <Execution ProcessID=""10484"" ThreadID=""10592""/>
    <Channel>Microsoft-Windows-Sysmon/Operational</Channel>
    <Computer>WinDev2309Eval</Computer>
    <Security UserID=""S-1-5-18""/>
  </System>
  <EventData>
    <Data Name=""RuleName"">-</Data>
    <Data Name=""UtcTime"">2023-12-19 20:49:55.360</Data>
    <Data Name=""ProcessGuid"">{f57bd86a-01f3-6582-c102-000000000b00}</Data>
    <Data Name=""ProcessId"">10636</Data>
    <Data Name=""Image"">C:\Windows\System32\smartscreen.exe</Data>
    <Data Name=""FileVersion"">10.0.22621.2070 (WinBuild.160101.0800)</Data>
    <Data Name=""Description"">Windows Defender SmartScreen</Data>
    <Data Name=""Product"">Microsoft&#174; Windows&#174; Operating System</Data>
    <Data Name=""Company"">Microsoft Corporation</Data>
    <Data Name=""OriginalFileName"">smartscreen.exe</Data>
    <Data Name=""CommandLine"">C:\Windows\System32\smartscreen.exe -Embedding</Data>
    <Data Name=""CurrentDirectory"">C:\Windows\system32\</Data>
    <Data Name=""User"">WINDEV2309EVAL\User</Data>
    <Data Name=""LogonGuid"">{f57bd86a-db7f-6581-2a63-080000000000}</Data>
    <Data Name=""LogonId"">0x8632a</Data>
    <Data Name=""TerminalSessionId"">1</Data>
    <Data Name=""IntegrityLevel"">Medium</Data>
    <Data Name=""Hashes"">MD5=4388275AA897DD3FC9718E6EDB4162FB,SHA256=3546ECAD099603DD115DE72FE0163B84541E0B3FCED221C3477555C3ECEBB6E9,IMPHASH=F4AAAB1255C014F6B6E87E40C3441096</Data>
    <Data Name=""ParentProcessGuid"">{f57bd86a-db69-6581-0d00-000000000b00}</Data>
    <Data Name=""ParentProcessId"">936</Data>
    <Data Name=""ParentImage"">C:\Windows\System32\svchost.exe</Data>
    <Data Name=""ParentCommandLine"">C:\Windows\system32\svchost.exe -k DcomLaunch -p</Data>
    <Data Name=""ParentUser"">NT AUTHORITY\SYSTEM</Data>
  </EventData>
</Event>
"
Microsoft-Windows-Sysmon/Operational,,,WinDev2309Eval,,,,,,,,,,22,583,,,,C:\Windows\System32\wbem\WmiPrvSE.exe,,,0x8000000000000000,4,,,,,0,,,,,,,{f57bd86a-db71-6581-6400-000000000b00},10484,4568.0,,,WINDEV2309EVAL,fe80::3c85:6ac4:1ab8:5e25;fe80::c03b:b06a:788e:58d4;::ffff:192.168.36.130;::ffff:192.168.126.163;,0.0,-,,,,,,,,,,,,,2023-12-19T20:49:42.1057553Z,,,,,,,22,,12816,NT AUTHORITY\NETWORK SERVICE,S-1-5-18,49:41.0,5.0,"<Event xmlns=""http://schemas.microsoft.com/win/2004/08/events/event"">
  <System>
    <Provider Name=""Microsoft-Windows-Sysmon"" Guid=""{5770385f-c22a-43e0-bf4c-06f5698ffbd9}""/>
    <EventID>22</EventID>
    <Version>5</Version>
    <Level>4</Level>
    <Task>22</Task>
    <Opcode>0</Opcode>
    <Keywords>0x8000000000000000</Keywords>
    <TimeCreated SystemTime=""2023-12-19T20:49:42.1057553Z""/>
    <EventRecordID>583</EventRecordID>
    <Correlation/>
    <Execution ProcessID=""10484"" ThreadID=""12816""/>
    <Channel>Microsoft-Windows-Sysmon/Operational</Channel>
    <Computer>WinDev2309Eval</Computer>
    <Security UserID=""S-1-5-18""/>
  </System>
  <EventData>
    <Data Name=""RuleName"">-</Data>
    <Data Name=""UtcTime"">2023-12-19 20:49:41.050</Data>
    <Data Name=""ProcessGuid"">{f57bd86a-db71-6581-6400-000000000b00}</Data>
    <Data Name=""ProcessId"">4568</Data>
    <Data Name=""QueryName"">WINDEV2309EVAL</Data>
    <Data Name=""QueryStatus"">0</Data>
    <Data Name=""QueryResults"">fe80::3c85:6ac4:1ab8:5e25;fe80::c03b:b06a:788e:58d4;::ffff:192.168.36.130;::ffff:192.168.126.163;</Data>
    <Data Name=""Image"">C:\Windows\System32\wbem\WmiPrvSE.exe</Data>
    <Data Name=""User"">NT AUTHORITY\NETWORK SERVICE</Data>
  </EventData>
</Event>
"
