Channel,CommandLine,Company,Computer,CreationUtcTime,CurrentDirectory,Description,DestinationHostname,DestinationIp,DestinationIsIpv6,DestinationPort,DestinationPortName,Details,EventID,EventRecordID,EventType,FileVersion,Hashes,Image,Initiated,IntegrityLevel,Keywords,Level,LogonGuid,LogonId,Message,NewThreadId,Opcode,OriginalFileName,ParentCommandLine,ParentImage,ParentProcessGuid,ParentProcessId,ParentUser,ProcessGuid,ProcessID,ProcessId,Product,Protocol,QueryName,QueryResults,QueryStatus,RuleName,SourceHostname,SourceImage,SourceIp,SourceIsIpv6,SourcePort,SourcePortName,SourceProcessGuid,SourceProcessId,SourceUser,StartAddress,StartFunction,StartModule,SystemTime,TargetFilename,TargetImage,TargetObject,TargetProcessGuid,TargetProcessId,TargetUser,Task,TerminalSessionId,ThreadID,User,UserID,UtcTime,Version,raw
Microsoft-Windows-Sysmon/Operational,,,WinDev2309Eval,,,,,,,,,,22,5265,,,,C:\Program Files\WindowsApps\26720RandomSaladGamesLLC.SimpleSolitaire_7.4.14.0_x64__kx24dqmazqk8j\SimpleSolitaire.UWP.exe,,,0x8000000000000000,4,,,,,0,,,,,,,{f57bd86a-b696-6582-dd02-000000000d00},3400,6192.0,,,creatives.pubfinity.com,::ffff:34.117.88.173;,0.0,-,,,,,,,,,,,,,2023-12-20T09:41:55.3182458Z,,,,,,,22,,4220,WINDEV2309EVAL\User,S-1-5-18,41:53.9,5.0,"<Event xmlns=""http://schemas.microsoft.com/win/2004/08/events/event"">
  <System>
    <Provider Name=""Microsoft-Windows-Sysmon"" Guid=""{5770385f-c22a-43e0-bf4c-06f5698ffbd9}""/>
    <EventID>22</EventID>
    <Version>5</Version>
    <Level>4</Level>
    <Task>22</Task>
    <Opcode>0</Opcode>
    <Keywords>0x8000000000000000</Keywords>
    <TimeCreated SystemTime=""2023-12-20T09:41:55.3182458Z""/>
    <EventRecordID>5265</EventRecordID>
    <Correlation/>
    <Execution ProcessID=""3400"" ThreadID=""4220""/>
    <Channel>Microsoft-Windows-Sysmon/Operational</Channel>
    <Computer>WinDev2309Eval</Computer>
    <Security UserID=""S-1-5-18""/>
  </System>
  <EventData>
    <Data Name=""RuleName"">-</Data>
    <Data Name=""UtcTime"">2023-12-20 09:41:53.879</Data>
    <Data Name=""ProcessGuid"">{f57bd86a-b696-6582-dd02-000000000d00}</Data>
    <Data Name=""ProcessId"">6192</Data>
    <Data Name=""QueryName"">creatives.pubfinity.com</Data>
    <Data Name=""QueryStatus"">0</Data>
    <Data Name=""QueryResults"">::ffff:34.117.88.173;</Data>
    <Data Name=""Image"">C:\Program Files\WindowsApps\26720RandomSaladGamesLLC.SimpleSolitaire_7.4.14.0_x64__kx24dqmazqk8j\SimpleSolitaire.UWP.exe</Data>
    <Data Name=""User"">WINDEV2309EVAL\User</Data>
  </EventData>
</Event>
"
Microsoft-Windows-Sysmon/Operational,,,WinDev2309Eval,,,,,,,,,,22,5264,,,,C:\Program Files\WindowsApps\26720RandomSaladGamesLLC.SimpleSolitaire_7.4.14.0_x64__kx24dqmazqk8j\SimpleSolitaire.UWP.exe,,,0x8000000000000000,4,,,,,0,,,,,,,{f57bd86a-b696-6582-dd02-000000000d00},3400,6192.0,,,choices.trustarc.com,::ffff:216.137.52.95;::ffff:216.137.52.8;::ffff:216.137.52.128;::ffff:216.137.52.66;,0.0,-,,,,,,,,,,,,,2023-12-20T09:41:47.1566443Z,,,,,,,22,,4220,WINDEV2309EVAL\User,S-1-5-18,41:46.4,5.0,"<Event xmlns=""http://schemas.microsoft.com/win/2004/08/events/event"">
  <System>
    <Provider Name=""Microsoft-Windows-Sysmon"" Guid=""{5770385f-c22a-43e0-bf4c-06f5698ffbd9}""/>
    <EventID>22</EventID>
    <Version>5</Version>
    <Level>4</Level>
    <Task>22</Task>
    <Opcode>0</Opcode>
    <Keywords>0x8000000000000000</Keywords>
    <TimeCreated SystemTime=""2023-12-20T09:41:47.1566443Z""/>
    <EventRecordID>5264</EventRecordID>
    <Correlation/>
    <Execution ProcessID=""3400"" ThreadID=""4220""/>
    <Channel>Microsoft-Windows-Sysmon/Operational</Channel>
    <Computer>WinDev2309Eval</Computer>
    <Security UserID=""S-1-5-18""/>
  </System>
  <EventData>
    <Data Name=""RuleName"">-</Data>
    <Data Name=""UtcTime"">2023-12-20 09:41:46.402</Data>
    <Data Name=""ProcessGuid"">{f57bd86a-b696-6582-dd02-000000000d00}</Data>
    <Data Name=""ProcessId"">6192</Data>
    <Data Name=""QueryName"">choices.trustarc.com</Data>
    <Data Name=""QueryStatus"">0</Data>
    <Data Name=""QueryResults"">::ffff:216.137.52.95;::ffff:216.137.52.8;::ffff:216.137.52.128;::ffff:216.137.52.66;</Data>
    <Data Name=""Image"">C:\Program Files\WindowsApps\26720RandomSaladGamesLLC.SimpleSolitaire_7.4.14.0_x64__kx24dqmazqk8j\SimpleSolitaire.UWP.exe</Data>
    <Data Name=""User"">WINDEV2309EVAL\User</Data>
  </EventData>
</Event>
"
Microsoft-Windows-Sysmon/Operational,,,WinDev2309Eval,,,,,,,,,,22,5263,,,,C:\Program Files\WindowsApps\26720RandomSaladGamesLLC.SimpleSolitaire_7.4.14.0_x64__kx24dqmazqk8j\SimpleSolitaire.UWP.exe,,,0x8000000000000000,4,,,,,0,,,,,,,{f57bd86a-b696-6582-dd02-000000000d00},3400,6192.0,,,beacon.sojern.com,type: 5 pixelglobal.sojern.com;::ffff:107.178.244.119;,0.0,-,,,,,,,,,,,,,2023-12-20T09:41:46.1556430Z,,,,,,,22,,4220,WINDEV2309EVAL\User,S-1-5-18,41:45.9,5.0,"<Event xmlns=""http://schemas.microsoft.com/win/2004/08/events/event"">
  <System>
    <Provider Name=""Microsoft-Windows-Sysmon"" Guid=""{5770385f-c22a-43e0-bf4c-06f5698ffbd9}""/>
    <EventID>22</EventID>
    <Version>5</Version>
    <Level>4</Level>
    <Task>22</Task>
    <Opcode>0</Opcode>
    <Keywords>0x8000000000000000</Keywords>
    <TimeCreated SystemTime=""2023-12-20T09:41:46.1556430Z""/>
    <EventRecordID>5263</EventRecordID>
    <Correlation/>
    <Execution ProcessID=""3400"" ThreadID=""4220""/>
    <Channel>Microsoft-Windows-Sysmon/Operational</Channel>
    <Computer>WinDev2309Eval</Computer>
    <Security UserID=""S-1-5-18""/>
  </System>
  <EventData>
    <Data Name=""RuleName"">-</Data>
    <Data Name=""UtcTime"">2023-12-20 09:41:45.892</Data>
    <Data Name=""ProcessGuid"">{f57bd86a-b696-6582-dd02-000000000d00}</Data>
    <Data Name=""ProcessId"">6192</Data>
    <Data Name=""QueryName"">beacon.sojern.com</Data>
    <Data Name=""QueryStatus"">0</Data>
    <Data Name=""QueryResults"">type: 5 pixelglobal.sojern.com;::ffff:107.178.244.119;</Data>
    <Data Name=""Image"">C:\Program Files\WindowsApps\26720RandomSaladGamesLLC.SimpleSolitaire_7.4.14.0_x64__kx24dqmazqk8j\SimpleSolitaire.UWP.exe</Data>
    <Data Name=""User"">WINDEV2309EVAL\User</Data>
  </EventData>
</Event>
"
Microsoft-Windows-Sysmon/Operational,,,WinDev2309Eval,,,,,,,,,,22,5262,,,,C:\Program Files\WindowsApps\26720RandomSaladGamesLLC.SimpleSolitaire_7.4.14.0_x64__kx24dqmazqk8j\SimpleSolitaire.UWP.exe,,,0x8000000000000000,4,,,,,0,,,,,,,{f57bd86a-b696-6582-dd02-000000000d00},3400,6192.0,,,pixel-api.pfsrvs.com,type: 5 ghs.googlehosted.com;::ffff:216.58.205.211;,0.0,-,,,,,,,,,,,,,2023-12-20T09:41:46.1556092Z,,,,,,,22,,4220,WINDEV2309EVAL\User,S-1-5-18,41:45.6,5.0,"<Event xmlns=""http://schemas.microsoft.com/win/2004/08/events/event"">
  <System>
    <Provider Name=""Microsoft-Windows-Sysmon"" Guid=""{5770385f-c22a-43e0-bf4c-06f5698ffbd9}""/>
    <EventID>22</EventID>
    <Version>5</Version>
    <Level>4</Level>
    <Task>22</Task>
    <Opcode>0</Opcode>
    <Keywords>0x8000000000000000</Keywords>
    <TimeCreated SystemTime=""2023-12-20T09:41:46.1556092Z""/>
    <EventRecordID>5262</EventRecordID>
    <Correlation/>
    <Execution ProcessID=""3400"" ThreadID=""4220""/>
    <Channel>Microsoft-Windows-Sysmon/Operational</Channel>
    <Computer>WinDev2309Eval</Computer>
    <Security UserID=""S-1-5-18""/>
  </System>
  <EventData>
    <Data Name=""RuleName"">-</Data>
    <Data Name=""UtcTime"">2023-12-20 09:41:45.621</Data>
    <Data Name=""ProcessGuid"">{f57bd86a-b696-6582-dd02-000000000d00}</Data>
    <Data Name=""ProcessId"">6192</Data>
    <Data Name=""QueryName"">pixel-api.pfsrvs.com</Data>
    <Data Name=""QueryStatus"">0</Data>
    <Data Name=""QueryResults"">type: 5 ghs.googlehosted.com;::ffff:216.58.205.211;</Data>
    <Data Name=""Image"">C:\Program Files\WindowsApps\26720RandomSaladGamesLLC.SimpleSolitaire_7.4.14.0_x64__kx24dqmazqk8j\SimpleSolitaire.UWP.exe</Data>
    <Data Name=""User"">WINDEV2309EVAL\User</Data>
  </EventData>
</Event>
"
Microsoft-Windows-Sysmon/Operational,,,WinDev2309Eval,,,,,,,,,,22,5261,,,,C:\Program Files\WindowsApps\26720RandomSaladGamesLLC.SimpleSolitaire_7.4.14.0_x64__kx24dqmazqk8j\SimpleSolitaire.UWP.exe,,,0x8000000000000000,4,,,,,0,,,,,,,{f57bd86a-b696-6582-dd02-000000000d00},3400,6192.0,,,cs.lkqd.net,::ffff:69.20.43.192;,0.0,-,,,,,,,,,,,,,2023-12-20T09:41:45.1561579Z,,,,,,,22,,4220,WINDEV2309EVAL\User,S-1-5-18,41:44.5,5.0,"<Event xmlns=""http://schemas.microsoft.com/win/2004/08/events/event"">
  <System>
    <Provider Name=""Microsoft-Windows-Sysmon"" Guid=""{5770385f-c22a-43e0-bf4c-06f5698ffbd9}""/>
    <EventID>22</EventID>
    <Version>5</Version>
    <Level>4</Level>
    <Task>22</Task>
    <Opcode>0</Opcode>
    <Keywords>0x8000000000000000</Keywords>
    <TimeCreated SystemTime=""2023-12-20T09:41:45.1561579Z""/>
    <EventRecordID>5261</EventRecordID>
    <Correlation/>
    <Execution ProcessID=""3400"" ThreadID=""4220""/>
    <Channel>Microsoft-Windows-Sysmon/Operational</Channel>
    <Computer>WinDev2309Eval</Computer>
    <Security UserID=""S-1-5-18""/>
  </System>
  <EventData>
    <Data Name=""RuleName"">-</Data>
    <Data Name=""UtcTime"">2023-12-20 09:41:44.456</Data>
    <Data Name=""ProcessGuid"">{f57bd86a-b696-6582-dd02-000000000d00}</Data>
    <Data Name=""ProcessId"">6192</Data>
    <Data Name=""QueryName"">cs.lkqd.net</Data>
    <Data Name=""QueryStatus"">0</Data>
    <Data Name=""QueryResults"">::ffff:69.20.43.192;</Data>
    <Data Name=""Image"">C:\Program Files\WindowsApps\26720RandomSaladGamesLLC.SimpleSolitaire_7.4.14.0_x64__kx24dqmazqk8j\SimpleSolitaire.UWP.exe</Data>
    <Data Name=""User"">WINDEV2309EVAL\User</Data>
  </EventData>
</Event>
"
Microsoft-Windows-Sysmon/Operational,,,WinDev2309Eval,,,,,,,,,,22,5260,,,,C:\Program Files\WindowsApps\26720RandomSaladGamesLLC.SimpleSolitaire_7.4.14.0_x64__kx24dqmazqk8j\SimpleSolitaire.UWP.exe,,,0x8000000000000000,4,,,,,0,,,,,,,{f57bd86a-b696-6582-dd02-000000000d00},3400,6192.0,,,choices.truste.com,::ffff:216.137.52.39;::ffff:216.137.52.7;::ffff:216.137.52.44;::ffff:216.137.52.99;,0.0,-,,,,,,,,,,,,,2023-12-20T09:41:44.1551074Z,,,,,,,22,,4220,WINDEV2309EVAL\User,S-1-5-18,41:44.1,5.0,"<Event xmlns=""http://schemas.microsoft.com/win/2004/08/events/event"">
  <System>
    <Provider Name=""Microsoft-Windows-Sysmon"" Guid=""{5770385f-c22a-43e0-bf4c-06f5698ffbd9}""/>
    <EventID>22</EventID>
    <Version>5</Version>
    <Level>4</Level>
    <Task>22</Task>
    <Opcode>0</Opcode>
    <Keywords>0x8000000000000000</Keywords>
    <TimeCreated SystemTime=""2023-12-20T09:41:44.1551074Z""/>
    <EventRecordID>5260</EventRecordID>
    <Correlation/>
    <Execution ProcessID=""3400"" ThreadID=""4220""/>
    <Channel>Microsoft-Windows-Sysmon/Operational</Channel>
    <Computer>WinDev2309Eval</Computer>
    <Security UserID=""S-1-5-18""/>
  </System>
  <EventData>
    <Data Name=""RuleName"">-</Data>
    <Data Name=""UtcTime"">2023-12-20 09:41:44.103</Data>
    <Data Name=""ProcessGuid"">{f57bd86a-b696-6582-dd02-000000000d00}</Data>
    <Data Name=""ProcessId"">6192</Data>
    <Data Name=""QueryName"">choices.truste.com</Data>
    <Data Name=""QueryStatus"">0</Data>
    <Data Name=""QueryResults"">::ffff:216.137.52.39;::ffff:216.137.52.7;::ffff:216.137.52.44;::ffff:216.137.52.99;</Data>
    <Data Name=""Image"">C:\Program Files\WindowsApps\26720RandomSaladGamesLLC.SimpleSolitaire_7.4.14.0_x64__kx24dqmazqk8j\SimpleSolitaire.UWP.exe</Data>
    <Data Name=""User"">WINDEV2309EVAL\User</Data>
  </EventData>
</Event>
"
Microsoft-Windows-Sysmon/Operational,,,WinDev2309Eval,,,,,,,,,,22,5259,,,,C:\Windows\System32\svchost.exe,,,0x8000000000000000,4,,,,,0,,,,,,,{f57bd86a-1cf2-6582-1500-000000000d00},3400,1136.0,,,x1.c.lencr.org,type: 5 crl.root-x1.letsencrypt.org.edgekey.net;type: 5 e8652.dscx.akamaiedge.net;::ffff:104.77.33.246;,0.0,-,,,,,,,,,,,,,2023-12-20T09:41:43.1384296Z,,,,,,,22,,4220,NT AUTHORITY\NETWORK SERVICE,S-1-5-18,41:42.9,5.0,"<Event xmlns=""http://schemas.microsoft.com/win/2004/08/events/event"">
  <System>
    <Provider Name=""Microsoft-Windows-Sysmon"" Guid=""{5770385f-c22a-43e0-bf4c-06f5698ffbd9}""/>
    <EventID>22</EventID>
    <Version>5</Version>
    <Level>4</Level>
    <Task>22</Task>
    <Opcode>0</Opcode>
    <Keywords>0x8000000000000000</Keywords>
    <TimeCreated SystemTime=""2023-12-20T09:41:43.1384296Z""/>
    <EventRecordID>5259</EventRecordID>
    <Correlation/>
    <Execution ProcessID=""3400"" ThreadID=""4220""/>
    <Channel>Microsoft-Windows-Sysmon/Operational</Channel>
    <Computer>WinDev2309Eval</Computer>
    <Security UserID=""S-1-5-18""/>
  </System>
  <EventData>
    <Data Name=""RuleName"">-</Data>
    <Data Name=""UtcTime"">2023-12-20 09:41:42.938</Data>
    <Data Name=""ProcessGuid"">{f57bd86a-1cf2-6582-1500-000000000d00}</Data>
    <Data Name=""ProcessId"">1136</Data>
    <Data Name=""QueryName"">x1.c.lencr.org</Data>
    <Data Name=""QueryStatus"">0</Data>
    <Data Name=""QueryResults"">type: 5 crl.root-x1.letsencrypt.org.edgekey.net;type: 5 e8652.dscx.akamaiedge.net;::ffff:104.77.33.246;</Data>
    <Data Name=""Image"">C:\Windows\System32\svchost.exe</Data>
    <Data Name=""User"">NT AUTHORITY\NETWORK SERVICE</Data>
  </EventData>
</Event>
"
Microsoft-Windows-Sysmon/Operational,,,WinDev2309Eval,,,,,,,,,,22,5258,,,,C:\Program Files\WindowsApps\26720RandomSaladGamesLLC.SimpleSolitaire_7.4.14.0_x64__kx24dqmazqk8j\SimpleSolitaire.UWP.exe,,,0x8000000000000000,4,,,,,0,,,,,,,{f57bd86a-b696-6582-dd02-000000000d00},3400,6192.0,,,frames.pubfinity.com,::ffff:34.120.43.245;,0.0,-,,,,,,,,,,,,,2023-12-20T09:41:43.1383321Z,,,,,,,22,,4220,WINDEV2309EVAL\User,S-1-5-18,41:42.1,5.0,"<Event xmlns=""http://schemas.microsoft.com/win/2004/08/events/event"">
  <System>
    <Provider Name=""Microsoft-Windows-Sysmon"" Guid=""{5770385f-c22a-43e0-bf4c-06f5698ffbd9}""/>
    <EventID>22</EventID>
    <Version>5</Version>
    <Level>4</Level>
    <Task>22</Task>
    <Opcode>0</Opcode>
    <Keywords>0x8000000000000000</Keywords>
    <TimeCreated SystemTime=""2023-12-20T09:41:43.1383321Z""/>
    <EventRecordID>5258</EventRecordID>
    <Correlation/>
    <Execution ProcessID=""3400"" ThreadID=""4220""/>
    <Channel>Microsoft-Windows-Sysmon/Operational</Channel>
    <Computer>WinDev2309Eval</Computer>
    <Security UserID=""S-1-5-18""/>
  </System>
  <EventData>
    <Data Name=""RuleName"">-</Data>
    <Data Name=""UtcTime"">2023-12-20 09:41:42.089</Data>
    <Data Name=""ProcessGuid"">{f57bd86a-b696-6582-dd02-000000000d00}</Data>
    <Data Name=""ProcessId"">6192</Data>
    <Data Name=""QueryName"">frames.pubfinity.com</Data>
    <Data Name=""QueryStatus"">0</Data>
    <Data Name=""QueryResults"">::ffff:34.120.43.245;</Data>
    <Data Name=""Image"">C:\Program Files\WindowsApps\26720RandomSaladGamesLLC.SimpleSolitaire_7.4.14.0_x64__kx24dqmazqk8j\SimpleSolitaire.UWP.exe</Data>
    <Data Name=""User"">WINDEV2309EVAL\User</Data>
  </EventData>
</Event>
"
Microsoft-Windows-Sysmon/Operational,,,WinDev2309Eval,,,,,,,,,,22,5257,,,,C:\Program Files\WindowsApps\26720RandomSaladGamesLLC.SimpleSolitaire_7.4.14.0_x64__kx24dqmazqk8j\SimpleSolitaire.UWP.exe,,,0x8000000000000000,4,,,,,0,,,,,,,{f57bd86a-b696-6582-dd02-000000000d00},3400,6192.0,,,ssp-api.pfsrvs.com,type: 5 ghs.googlehosted.com;::ffff:216.58.205.211;,0.0,-,,,,,,,,,,,,,2023-12-20T09:41:40.1531255Z,,,,,,,22,,4220,WINDEV2309EVAL\User,S-1-5-18,41:39.6,5.0,"<Event xmlns=""http://schemas.microsoft.com/win/2004/08/events/event"">
  <System>
    <Provider Name=""Microsoft-Windows-Sysmon"" Guid=""{5770385f-c22a-43e0-bf4c-06f5698ffbd9}""/>
    <EventID>22</EventID>
    <Version>5</Version>
    <Level>4</Level>
    <Task>22</Task>
    <Opcode>0</Opcode>
    <Keywords>0x8000000000000000</Keywords>
    <TimeCreated SystemTime=""2023-12-20T09:41:40.1531255Z""/>
    <EventRecordID>5257</EventRecordID>
    <Correlation/>
    <Execution ProcessID=""3400"" ThreadID=""4220""/>
    <Channel>Microsoft-Windows-Sysmon/Operational</Channel>
    <Computer>WinDev2309Eval</Computer>
    <Security UserID=""S-1-5-18""/>
  </System>
  <EventData>
    <Data Name=""RuleName"">-</Data>
    <Data Name=""UtcTime"">2023-12-20 09:41:39.571</Data>
    <Data Name=""ProcessGuid"">{f57bd86a-b696-6582-dd02-000000000d00}</Data>
    <Data Name=""ProcessId"">6192</Data>
    <Data Name=""QueryName"">ssp-api.pfsrvs.com</Data>
    <Data Name=""QueryStatus"">0</Data>
    <Data Name=""QueryResults"">type: 5 ghs.googlehosted.com;::ffff:216.58.205.211;</Data>
    <Data Name=""Image"">C:\Program Files\WindowsApps\26720RandomSaladGamesLLC.SimpleSolitaire_7.4.14.0_x64__kx24dqmazqk8j\SimpleSolitaire.UWP.exe</Data>
    <Data Name=""User"">WINDEV2309EVAL\User</Data>
  </EventData>
</Event>
"
Microsoft-Windows-Sysmon/Operational,,,WinDev2309Eval,,,,,,,,,,22,5256,,,,C:\Program Files\WindowsApps\26720RandomSaladGamesLLC.SimpleSolitaire_7.4.14.0_x64__kx24dqmazqk8j\SimpleSolitaire.UWP.exe,,,0x8000000000000000,4,,,,,0,,,,,,,{f57bd86a-b696-6582-dd02-000000000d00},3400,6192.0,,,static.pfsrvs.com,::ffff:35.227.240.5;,0.0,-,,,,,,,,,,,,,2023-12-20T09:41:40.1530773Z,,,,,,,22,,4220,WINDEV2309EVAL\User,S-1-5-18,41:38.8,5.0,"<Event xmlns=""http://schemas.microsoft.com/win/2004/08/events/event"">
  <System>
    <Provider Name=""Microsoft-Windows-Sysmon"" Guid=""{5770385f-c22a-43e0-bf4c-06f5698ffbd9}""/>
    <EventID>22</EventID>
    <Version>5</Version>
    <Level>4</Level>
    <Task>22</Task>
    <Opcode>0</Opcode>
    <Keywords>0x8000000000000000</Keywords>
    <TimeCreated SystemTime=""2023-12-20T09:41:40.1530773Z""/>
    <EventRecordID>5256</EventRecordID>
    <Correlation/>
    <Execution ProcessID=""3400"" ThreadID=""4220""/>
    <Channel>Microsoft-Windows-Sysmon/Operational</Channel>
    <Computer>WinDev2309Eval</Computer>
    <Security UserID=""S-1-5-18""/>
  </System>
  <EventData>
    <Data Name=""RuleName"">-</Data>
    <Data Name=""UtcTime"">2023-12-20 09:41:38.793</Data>
    <Data Name=""ProcessGuid"">{f57bd86a-b696-6582-dd02-000000000d00}</Data>
    <Data Name=""ProcessId"">6192</Data>
    <Data Name=""QueryName"">static.pfsrvs.com</Data>
    <Data Name=""QueryStatus"">0</Data>
    <Data Name=""QueryResults"">::ffff:35.227.240.5;</Data>
    <Data Name=""Image"">C:\Program Files\WindowsApps\26720RandomSaladGamesLLC.SimpleSolitaire_7.4.14.0_x64__kx24dqmazqk8j\SimpleSolitaire.UWP.exe</Data>
    <Data Name=""User"">WINDEV2309EVAL\User</Data>
  </EventData>
</Event>
"
Microsoft-Windows-Sysmon/Operational,"""C:\Program Files (x86)\Microsoft\EdgeUpdate\MicrosoftEdgeUpdate.exe"" /c",Microsoft Corporation,WinDev2309Eval,,C:\Windows\system32\,Microsoft Edge Update,,,,,,,1,5255,,1.3.155.85,"MD5=A4FC8EC5BC41C41918B0C1541E4E4BE6,SHA256=54545F352215A9C0F370A01980AADCD5749A93589931662D89A974D7BD60F476,IMPHASH=E00D60405A249A05D3B09AA7FE924B17",C:\Program Files (x86)\Microsoft\EdgeUpdate\MicrosoftEdgeUpdate.exe,,System,0x8000000000000000,4,{f57bd86a-1cf1-6582-e703-000000000000},0x3e7,,,0,msedgeupdate.dll,C:\Windows\system32\svchost.exe -k netsvcs -p -s Schedule,C:\Windows\System32\svchost.exe,{f57bd86a-1cf3-6582-2a00-000000000d00},1940.0,NT AUTHORITY\SYSTEM,{f57bd86a-b6d2-6582-ee02-000000000d00},3400,920.0,Microsoft Edge Update,,,,,-,,,,,,,,,,,,,2023-12-20T09:41:38.3930232Z,,,,,,,1,0.0,4208,NT AUTHORITY\SYSTEM,S-1-5-18,41:38.4,5.0,"<Event xmlns=""http://schemas.microsoft.com/win/2004/08/events/event"">
  <System>
    <Provider Name=""Microsoft-Windows-Sysmon"" Guid=""{5770385f-c22a-43e0-bf4c-06f5698ffbd9}""/>
    <EventID>1</EventID>
    <Version>5</Version>
    <Level>4</Level>
    <Task>1</Task>
    <Opcode>0</Opcode>
    <Keywords>0x8000000000000000</Keywords>
    <TimeCreated SystemTime=""2023-12-20T09:41:38.3930232Z""/>
    <EventRecordID>5255</EventRecordID>
    <Correlation/>
    <Execution ProcessID=""3400"" ThreadID=""4208""/>
    <Channel>Microsoft-Windows-Sysmon/Operational</Channel>
    <Computer>WinDev2309Eval</Computer>
    <Security UserID=""S-1-5-18""/>
  </System>
  <EventData>
    <Data Name=""RuleName"">-</Data>
    <Data Name=""UtcTime"">2023-12-20 09:41:38.376</Data>
    <Data Name=""ProcessGuid"">{f57bd86a-b6d2-6582-ee02-000000000d00}</Data>
    <Data Name=""ProcessId"">920</Data>
    <Data Name=""Image"">C:\Program Files (x86)\Microsoft\EdgeUpdate\MicrosoftEdgeUpdate.exe</Data>
    <Data Name=""FileVersion"">1.3.155.85</Data>
    <Data Name=""Description"">Microsoft Edge Update</Data>
    <Data Name=""Product"">Microsoft Edge Update</Data>
    <Data Name=""Company"">Microsoft Corporation</Data>
    <Data Name=""OriginalFileName"">msedgeupdate.dll</Data>
    <Data Name=""CommandLine"">""C:\Program Files (x86)\Microsoft\EdgeUpdate\MicrosoftEdgeUpdate.exe"" /c</Data>
    <Data Name=""CurrentDirectory"">C:\Windows\system32\</Data>
    <Data Name=""User"">NT AUTHORITY\SYSTEM</Data>
    <Data Name=""LogonGuid"">{f57bd86a-1cf1-6582-e703-000000000000}</Data>
    <Data Name=""LogonId"">0x3e7</Data>
    <Data Name=""TerminalSessionId"">0</Data>
    <Data Name=""IntegrityLevel"">System</Data>
    <Data Name=""Hashes"">MD5=A4FC8EC5BC41C41918B0C1541E4E4BE6,SHA256=54545F352215A9C0F370A01980AADCD5749A93589931662D89A974D7BD60F476,IMPHASH=E00D60405A249A05D3B09AA7FE924B17</Data>
    <Data Name=""ParentProcessGuid"">{f57bd86a-1cf3-6582-2a00-000000000d00}</Data>
    <Data Name=""ParentProcessId"">1940</Data>
    <Data Name=""ParentImage"">C:\Windows\System32\svchost.exe</Data>
    <Data Name=""ParentCommandLine"">C:\Windows\system32\svchost.exe -k netsvcs -p -s Schedule</Data>
    <Data Name=""ParentUser"">NT AUTHORITY\SYSTEM</Data>
  </EventData>
</Event>
"
Microsoft-Windows-Sysmon/Operational,,,WinDev2309Eval,,,,,,,,,,22,5254,,,,C:\Program Files\WindowsApps\26720RandomSaladGamesLLC.SimpleSolitaire_7.4.14.0_x64__kx24dqmazqk8j\SimpleSolitaire.UWP.exe,,,0x8000000000000000,4,,,,,0,,,,,,,{f57bd86a-b696-6582-dd02-000000000d00},3400,6192.0,,,randomsaladgames.pubfinity.com,::ffff:35.186.250.57;,0.0,-,,,,,,,,,,,,,2023-12-20T09:41:37.1106706Z,,,,,,,22,,4220,WINDEV2309EVAL\User,S-1-5-18,41:36.6,5.0,"<Event xmlns=""http://schemas.microsoft.com/win/2004/08/events/event"">
  <System>
    <Provider Name=""Microsoft-Windows-Sysmon"" Guid=""{5770385f-c22a-43e0-bf4c-06f5698ffbd9}""/>
    <EventID>22</EventID>
    <Version>5</Version>
    <Level>4</Level>
    <Task>22</Task>
    <Opcode>0</Opcode>
    <Keywords>0x8000000000000000</Keywords>
    <TimeCreated SystemTime=""2023-12-20T09:41:37.1106706Z""/>
    <EventRecordID>5254</EventRecordID>
    <Correlation/>
    <Execution ProcessID=""3400"" ThreadID=""4220""/>
    <Channel>Microsoft-Windows-Sysmon/Operational</Channel>
    <Computer>WinDev2309Eval</Computer>
    <Security UserID=""S-1-5-18""/>
  </System>
  <EventData>
    <Data Name=""RuleName"">-</Data>
    <Data Name=""UtcTime"">2023-12-20 09:41:36.601</Data>
    <Data Name=""ProcessGuid"">{f57bd86a-b696-6582-dd02-000000000d00}</Data>
    <Data Name=""ProcessId"">6192</Data>
    <Data Name=""QueryName"">randomsaladgames.pubfinity.com</Data>
    <Data Name=""QueryStatus"">0</Data>
    <Data Name=""QueryResults"">::ffff:35.186.250.57;</Data>
    <Data Name=""Image"">C:\Program Files\WindowsApps\26720RandomSaladGamesLLC.SimpleSolitaire_7.4.14.0_x64__kx24dqmazqk8j\SimpleSolitaire.UWP.exe</Data>
    <Data Name=""User"">WINDEV2309EVAL\User</Data>
  </EventData>
</Event>
"
Microsoft-Windows-Sysmon/Operational,C:\Windows\System32\smartscreen.exe -Embedding,Microsoft Corporation,WinDev2309Eval,,C:\Windows\system32\,Windows Defender SmartScreen,,,,,,,1,5253,,10.0.22621.2506 (WinBuild.160101.0800),"MD5=428B629A92397F8AE122C96F1AA64307,SHA256=A239C6A0C9754025160F4E52FD1D8C155F82F2E8DC159C643FDA75AAEAE7468E,IMPHASH=2CD979428F6A7D556A8BFFD60C64AD9B",C:\Windows\System32\smartscreen.exe,,Medium,0x8000000000000000,4,{f57bd86a-1d4d-6582-671c-160000000000},0x161c67,,,0,smartscreen.exe,C:\Windows\system32\svchost.exe -k DcomLaunch -p,C:\Windows\System32\svchost.exe,{f57bd86a-1cf1-6582-0d00-000000000d00},928.0,NT AUTHORITY\SYSTEM,{f57bd86a-b6d0-6582-ed02-000000000d00},3400,4692.0,Microsoft® Windows® Operating System,,,,,-,,,,,,,,,,,,,2023-12-20T09:41:36.2082956Z,,,,,,,1,1.0,4208,WINDEV2309EVAL\User,S-1-5-18,41:36.2,5.0,"<Event xmlns=""http://schemas.microsoft.com/win/2004/08/events/event"">
  <System>
    <Provider Name=""Microsoft-Windows-Sysmon"" Guid=""{5770385f-c22a-43e0-bf4c-06f5698ffbd9}""/>
    <EventID>1</EventID>
    <Version>5</Version>
    <Level>4</Level>
    <Task>1</Task>
    <Opcode>0</Opcode>
    <Keywords>0x8000000000000000</Keywords>
    <TimeCreated SystemTime=""2023-12-20T09:41:36.2082956Z""/>
    <EventRecordID>5253</EventRecordID>
    <Correlation/>
    <Execution ProcessID=""3400"" ThreadID=""4208""/>
    <Channel>Microsoft-Windows-Sysmon/Operational</Channel>
    <Computer>WinDev2309Eval</Computer>
    <Security UserID=""S-1-5-18""/>
  </System>
  <EventData>
    <Data Name=""RuleName"">-</Data>
    <Data Name=""UtcTime"">2023-12-20 09:41:36.193</Data>
    <Data Name=""ProcessGuid"">{f57bd86a-b6d0-6582-ed02-000000000d00}</Data>
    <Data Name=""ProcessId"">4692</Data>
    <Data Name=""Image"">C:\Windows\System32\smartscreen.exe</Data>
    <Data Name=""FileVersion"">10.0.22621.2506 (WinBuild.160101.0800)</Data>
    <Data Name=""Description"">Windows Defender SmartScreen</Data>
    <Data Name=""Product"">Microsoft&#174; Windows&#174; Operating System</Data>
    <Data Name=""Company"">Microsoft Corporation</Data>
    <Data Name=""OriginalFileName"">smartscreen.exe</Data>
    <Data Name=""CommandLine"">C:\Windows\System32\smartscreen.exe -Embedding</Data>
    <Data Name=""CurrentDirectory"">C:\Windows\system32\</Data>
    <Data Name=""User"">WINDEV2309EVAL\User</Data>
    <Data Name=""LogonGuid"">{f57bd86a-1d4d-6582-671c-160000000000}</Data>
    <Data Name=""LogonId"">0x161c67</Data>
    <Data Name=""TerminalSessionId"">1</Data>
    <Data Name=""IntegrityLevel"">Medium</Data>
    <Data Name=""Hashes"">MD5=428B629A92397F8AE122C96F1AA64307,SHA256=A239C6A0C9754025160F4E52FD1D8C155F82F2E8DC159C643FDA75AAEAE7468E,IMPHASH=2CD979428F6A7D556A8BFFD60C64AD9B</Data>
    <Data Name=""ParentProcessGuid"">{f57bd86a-1cf1-6582-0d00-000000000d00}</Data>
    <Data Name=""ParentProcessId"">928</Data>
    <Data Name=""ParentImage"">C:\Windows\System32\svchost.exe</Data>
    <Data Name=""ParentCommandLine"">C:\Windows\system32\svchost.exe -k DcomLaunch -p</Data>
    <Data Name=""ParentUser"">NT AUTHORITY\SYSTEM</Data>
  </EventData>
</Event>
"
Microsoft-Windows-Sysmon/Operational,,,WinDev2309Eval,,,,,,,,,,22,5252,,,,C:\Program Files (x86)\Microsoft\Edge\Application\msedge.exe,,,0x8000000000000000,4,,,,,0,,,,,,,{f57bd86a-1d66-6582-df00-000000000d00},3400,8844.0,,,app.link,::ffff:18.161.111.116;::ffff:18.161.111.126;::ffff:18.161.111.68;::ffff:18.161.111.108;,0.0,-,,,,,,,,,,,,,2023-12-20T09:40:55.2837027Z,,,,,,,22,,4220,WINDEV2309EVAL\User,S-1-5-18,40:54.2,5.0,"<Event xmlns=""http://schemas.microsoft.com/win/2004/08/events/event"">
  <System>
    <Provider Name=""Microsoft-Windows-Sysmon"" Guid=""{5770385f-c22a-43e0-bf4c-06f5698ffbd9}""/>
    <EventID>22</EventID>
    <Version>5</Version>
    <Level>4</Level>
    <Task>22</Task>
    <Opcode>0</Opcode>
    <Keywords>0x8000000000000000</Keywords>
    <TimeCreated SystemTime=""2023-12-20T09:40:55.2837027Z""/>
    <EventRecordID>5252</EventRecordID>
    <Correlation/>
    <Execution ProcessID=""3400"" ThreadID=""4220""/>
    <Channel>Microsoft-Windows-Sysmon/Operational</Channel>
    <Computer>WinDev2309Eval</Computer>
    <Security UserID=""S-1-5-18""/>
  </System>
  <EventData>
    <Data Name=""RuleName"">-</Data>
    <Data Name=""UtcTime"">2023-12-20 09:40:54.178</Data>
    <Data Name=""ProcessGuid"">{f57bd86a-1d66-6582-df00-000000000d00}</Data>
    <Data Name=""ProcessId"">8844</Data>
    <Data Name=""QueryName"">app.link</Data>
    <Data Name=""QueryStatus"">0</Data>
    <Data Name=""QueryResults"">::ffff:18.161.111.116;::ffff:18.161.111.126;::ffff:18.161.111.68;::ffff:18.161.111.108;</Data>
    <Data Name=""Image"">C:\Program Files (x86)\Microsoft\Edge\Application\msedge.exe</Data>
    <Data Name=""User"">WINDEV2309EVAL\User</Data>
  </EventData>
</Event>
"
Microsoft-Windows-Sysmon/Operational,,,WinDev2309Eval,,,,,,,,,,22,5251,,,,C:\Program Files\WindowsApps\26720RandomSaladGamesLLC.SimpleSolitaire_7.4.14.0_x64__kx24dqmazqk8j\SimpleSolitaire.UWP.exe,,,0x8000000000000000,4,,,,,0,,,,,,,{f57bd86a-b696-6582-dd02-000000000d00},3400,6192.0,,,api.pubfinity.com,::ffff:35.186.250.57;,0.0,-,,,,,,,,,,,,,2023-12-20T09:40:43.8379771Z,,,,,,,22,,4220,WINDEV2309EVAL\User,S-1-5-18,40:42.9,5.0,"<Event xmlns=""http://schemas.microsoft.com/win/2004/08/events/event"">
  <System>
    <Provider Name=""Microsoft-Windows-Sysmon"" Guid=""{5770385f-c22a-43e0-bf4c-06f5698ffbd9}""/>
    <EventID>22</EventID>
    <Version>5</Version>
    <Level>4</Level>
    <Task>22</Task>
    <Opcode>0</Opcode>
    <Keywords>0x8000000000000000</Keywords>
    <TimeCreated SystemTime=""2023-12-20T09:40:43.8379771Z""/>
    <EventRecordID>5251</EventRecordID>
    <Correlation/>
    <Execution ProcessID=""3400"" ThreadID=""4220""/>
    <Channel>Microsoft-Windows-Sysmon/Operational</Channel>
    <Computer>WinDev2309Eval</Computer>
    <Security UserID=""S-1-5-18""/>
  </System>
  <EventData>
    <Data Name=""RuleName"">-</Data>
    <Data Name=""UtcTime"">2023-12-20 09:40:42.904</Data>
    <Data Name=""ProcessGuid"">{f57bd86a-b696-6582-dd02-000000000d00}</Data>
    <Data Name=""ProcessId"">6192</Data>
    <Data Name=""QueryName"">api.pubfinity.com</Data>
    <Data Name=""QueryStatus"">0</Data>
    <Data Name=""QueryResults"">::ffff:35.186.250.57;</Data>
    <Data Name=""Image"">C:\Program Files\WindowsApps\26720RandomSaladGamesLLC.SimpleSolitaire_7.4.14.0_x64__kx24dqmazqk8j\SimpleSolitaire.UWP.exe</Data>
    <Data Name=""User"">WINDEV2309EVAL\User</Data>
  </EventData>
</Event>
"
Microsoft-Windows-Sysmon/Operational,,,WinDev2309Eval,40:43.5,,,,,,,,,11,5250,,,,C:\Windows\system32\svchost.exe,,,0x8000000000000000,4,,,,,0,,,,,,,{f57bd86a-1cf1-6582-0d00-000000000d00},3400,928.0,,,,,,T1023,,,,,,,,,,,,,2023-12-20T09:40:43.4794846Z,C:\Users\User\AppData\Local\Packages\Microsoft.GamingApp_8wekyb3d8bbwe\LocalCache\Roaming\Microsoft\Windows\Start Menu\Programs,,,,,,11,,4208,NT AUTHORITY\SYSTEM,S-1-5-18,40:43.5,2.0,"<Event xmlns=""http://schemas.microsoft.com/win/2004/08/events/event"">
  <System>
    <Provider Name=""Microsoft-Windows-Sysmon"" Guid=""{5770385f-c22a-43e0-bf4c-06f5698ffbd9}""/>
    <EventID>11</EventID>
    <Version>2</Version>
    <Level>4</Level>
    <Task>11</Task>
    <Opcode>0</Opcode>
    <Keywords>0x8000000000000000</Keywords>
    <TimeCreated SystemTime=""2023-12-20T09:40:43.4794846Z""/>
    <EventRecordID>5250</EventRecordID>
    <Correlation/>
    <Execution ProcessID=""3400"" ThreadID=""4208""/>
    <Channel>Microsoft-Windows-Sysmon/Operational</Channel>
    <Computer>WinDev2309Eval</Computer>
    <Security UserID=""S-1-5-18""/>
  </System>
  <EventData>
    <Data Name=""RuleName"">T1023</Data>
    <Data Name=""UtcTime"">2023-12-20 09:40:43.470</Data>
    <Data Name=""ProcessGuid"">{f57bd86a-1cf1-6582-0d00-000000000d00}</Data>
    <Data Name=""ProcessId"">928</Data>
    <Data Name=""Image"">C:\Windows\system32\svchost.exe</Data>
    <Data Name=""TargetFilename"">C:\Users\User\AppData\Local\Packages\Microsoft.GamingApp_8wekyb3d8bbwe\LocalCache\Roaming\Microsoft\Windows\Start Menu\Programs</Data>
    <Data Name=""CreationUtcTime"">2023-12-20 09:40:43.470</Data>
    <Data Name=""User"">NT AUTHORITY\SYSTEM</Data>
  </EventData>
</Event>
"
Microsoft-Windows-Sysmon/Operational,,,WinDev2309Eval,40:43.5,,,,,,,,,11,5249,,,,C:\Windows\system32\svchost.exe,,,0x8000000000000000,4,,,,,0,,,,,,,{f57bd86a-1cf1-6582-0d00-000000000d00},3400,928.0,,,,,,T1023,,,,,,,,,,,,,2023-12-20T09:40:43.4794633Z,C:\Users\User\AppData\Local\Packages\Microsoft.GamingApp_8wekyb3d8bbwe\LocalCache\Roaming\Microsoft\Windows\Start Menu,,,,,,11,,4208,NT AUTHORITY\SYSTEM,S-1-5-18,40:43.5,2.0,"<Event xmlns=""http://schemas.microsoft.com/win/2004/08/events/event"">
  <System>
    <Provider Name=""Microsoft-Windows-Sysmon"" Guid=""{5770385f-c22a-43e0-bf4c-06f5698ffbd9}""/>
    <EventID>11</EventID>
    <Version>2</Version>
    <Level>4</Level>
    <Task>11</Task>
    <Opcode>0</Opcode>
    <Keywords>0x8000000000000000</Keywords>
    <TimeCreated SystemTime=""2023-12-20T09:40:43.4794633Z""/>
    <EventRecordID>5249</EventRecordID>
    <Correlation/>
    <Execution ProcessID=""3400"" ThreadID=""4208""/>
    <Channel>Microsoft-Windows-Sysmon/Operational</Channel>
    <Computer>WinDev2309Eval</Computer>
    <Security UserID=""S-1-5-18""/>
  </System>
  <EventData>
    <Data Name=""RuleName"">T1023</Data>
    <Data Name=""UtcTime"">2023-12-20 09:40:43.470</Data>
    <Data Name=""ProcessGuid"">{f57bd86a-1cf1-6582-0d00-000000000d00}</Data>
    <Data Name=""ProcessId"">928</Data>
    <Data Name=""Image"">C:\Windows\system32\svchost.exe</Data>
    <Data Name=""TargetFilename"">C:\Users\User\AppData\Local\Packages\Microsoft.GamingApp_8wekyb3d8bbwe\LocalCache\Roaming\Microsoft\Windows\Start Menu</Data>
    <Data Name=""CreationUtcTime"">2023-12-20 09:40:43.470</Data>
    <Data Name=""User"">NT AUTHORITY\SYSTEM</Data>
  </EventData>
</Event>
"
Microsoft-Windows-Sysmon/Operational,"""C:\Program Files\WindowsApps\Microsoft.GamingApp_2312.1001.18.0_x64__8wekyb3d8bbwe\XboxPcAppFT.exe"" -Embedding",Microsoft Corporation,WinDev2309Eval,,C:\Windows\system32\,Xbox App,,,,,,,1,5248,,2312.1001.18.0,"MD5=4E6B5F49208A67B8011AEB88BAADBBCD,SHA256=547A6DBC23C309EC51103888BEC1DAB0AC04D85D82E7348EDEE61ED55D4FF098,IMPHASH=974C341DE225FD6653ABD6D1E6D5B39F",C:\Program Files\WindowsApps\Microsoft.GamingApp_2312.1001.18.0_x64__8wekyb3d8bbwe\XboxPcAppFT.exe,,Medium,0x8000000000000000,4,{f57bd86a-1d4d-6582-671c-160000000000},0x161c67,,,0,XboxPcAppFT.exe,C:\Windows\system32\svchost.exe -k DcomLaunch -p,C:\Windows\System32\svchost.exe,{f57bd86a-1cf1-6582-0d00-000000000d00},928.0,NT AUTHORITY\SYSTEM,{f57bd86a-b69b-6582-eb02-000000000d00},3400,8960.0,Xbox App,,,,,-,,,,,,,,,,,,,2023-12-20T09:40:43.4069882Z,,,,,,,1,1.0,4208,WINDEV2309EVAL\User,S-1-5-18,40:43.3,5.0,"<Event xmlns=""http://schemas.microsoft.com/win/2004/08/events/event"">
  <System>
    <Provider Name=""Microsoft-Windows-Sysmon"" Guid=""{5770385f-c22a-43e0-bf4c-06f5698ffbd9}""/>
    <EventID>1</EventID>
    <Version>5</Version>
    <Level>4</Level>
    <Task>1</Task>
    <Opcode>0</Opcode>
    <Keywords>0x8000000000000000</Keywords>
    <TimeCreated SystemTime=""2023-12-20T09:40:43.4069882Z""/>
    <EventRecordID>5248</EventRecordID>
    <Correlation/>
    <Execution ProcessID=""3400"" ThreadID=""4208""/>
    <Channel>Microsoft-Windows-Sysmon/Operational</Channel>
    <Computer>WinDev2309Eval</Computer>
    <Security UserID=""S-1-5-18""/>
  </System>
  <EventData>
    <Data Name=""RuleName"">-</Data>
    <Data Name=""UtcTime"">2023-12-20 09:40:43.324</Data>
    <Data Name=""ProcessGuid"">{f57bd86a-b69b-6582-eb02-000000000d00}</Data>
    <Data Name=""ProcessId"">8960</Data>
    <Data Name=""Image"">C:\Program Files\WindowsApps\Microsoft.GamingApp_2312.1001.18.0_x64__8wekyb3d8bbwe\XboxPcAppFT.exe</Data>
    <Data Name=""FileVersion"">2312.1001.18.0</Data>
    <Data Name=""Description"">Xbox App</Data>
    <Data Name=""Product"">Xbox App</Data>
    <Data Name=""Company"">Microsoft Corporation</Data>
    <Data Name=""OriginalFileName"">XboxPcAppFT.exe</Data>
    <Data Name=""CommandLine"">""C:\Program Files\WindowsApps\Microsoft.GamingApp_2312.1001.18.0_x64__8wekyb3d8bbwe\XboxPcAppFT.exe"" -Embedding</Data>
    <Data Name=""CurrentDirectory"">C:\Windows\system32\</Data>
    <Data Name=""User"">WINDEV2309EVAL\User</Data>
    <Data Name=""LogonGuid"">{f57bd86a-1d4d-6582-671c-160000000000}</Data>
    <Data Name=""LogonId"">0x161c67</Data>
    <Data Name=""TerminalSessionId"">1</Data>
    <Data Name=""IntegrityLevel"">Medium</Data>
    <Data Name=""Hashes"">MD5=4E6B5F49208A67B8011AEB88BAADBBCD,SHA256=547A6DBC23C309EC51103888BEC1DAB0AC04D85D82E7348EDEE61ED55D4FF098,IMPHASH=974C341DE225FD6653ABD6D1E6D5B39F</Data>
    <Data Name=""ParentProcessGuid"">{f57bd86a-1cf1-6582-0d00-000000000d00}</Data>
    <Data Name=""ParentProcessId"">928</Data>
    <Data Name=""ParentImage"">C:\Windows\System32\svchost.exe</Data>
    <Data Name=""ParentCommandLine"">C:\Windows\system32\svchost.exe -k DcomLaunch -p</Data>
    <Data Name=""ParentUser"">NT AUTHORITY\SYSTEM</Data>
  </EventData>
</Event>
"
Microsoft-Windows-Sysmon/Operational,,,WinDev2309Eval,,,,,,,,,,22,5247,,,,C:\Program Files\WindowsApps\26720RandomSaladGamesLLC.SimpleSolitaire_7.4.14.0_x64__kx24dqmazqk8j\SimpleSolitaire.UWP.exe,,,0x8000000000000000,4,,,,,0,,,,,,,{f57bd86a-b696-6582-dd02-000000000d00},3400,6192.0,,,api.consentdesk.com,type: 5 ghs.googlehosted.com;::ffff:216.58.205.211;,0.0,-,,,,,,,,,,,,,2023-12-20T09:40:42.8304657Z,,,,,,,22,,4220,WINDEV2309EVAL\User,S-1-5-18,40:42.3,5.0,"<Event xmlns=""http://schemas.microsoft.com/win/2004/08/events/event"">
  <System>
    <Provider Name=""Microsoft-Windows-Sysmon"" Guid=""{5770385f-c22a-43e0-bf4c-06f5698ffbd9}""/>
    <EventID>22</EventID>
    <Version>5</Version>
    <Level>4</Level>
    <Task>22</Task>
    <Opcode>0</Opcode>
    <Keywords>0x8000000000000000</Keywords>
    <TimeCreated SystemTime=""2023-12-20T09:40:42.8304657Z""/>
    <EventRecordID>5247</EventRecordID>
    <Correlation/>
    <Execution ProcessID=""3400"" ThreadID=""4220""/>
    <Channel>Microsoft-Windows-Sysmon/Operational</Channel>
    <Computer>WinDev2309Eval</Computer>
    <Security UserID=""S-1-5-18""/>
  </System>
  <EventData>
    <Data Name=""RuleName"">-</Data>
    <Data Name=""UtcTime"">2023-12-20 09:40:42.260</Data>
    <Data Name=""ProcessGuid"">{f57bd86a-b696-6582-dd02-000000000d00}</Data>
    <Data Name=""ProcessId"">6192</Data>
    <Data Name=""QueryName"">api.consentdesk.com</Data>
    <Data Name=""QueryStatus"">0</Data>
    <Data Name=""QueryResults"">type: 5 ghs.googlehosted.com;::ffff:216.58.205.211;</Data>
    <Data Name=""Image"">C:\Program Files\WindowsApps\26720RandomSaladGamesLLC.SimpleSolitaire_7.4.14.0_x64__kx24dqmazqk8j\SimpleSolitaire.UWP.exe</Data>
    <Data Name=""User"">WINDEV2309EVAL\User</Data>
  </EventData>
</Event>
"
Microsoft-Windows-Sysmon/Operational,,,WinDev2309Eval,,,,,,,,,,22,5246,,,,C:\Program Files\WindowsApps\26720RandomSaladGamesLLC.SimpleSolitaire_7.4.14.0_x64__kx24dqmazqk8j\SimpleSolitaire.UWP.exe,,,0x8000000000000000,4,,,,,0,,,,,,,{f57bd86a-b696-6582-dd02-000000000d00},3400,6192.0,,,logevt.pubfinity.com,type: 5 loadbalancer-main-client-logger-496259942.us-east-1.elb.amazonaws.com;::ffff:54.224.195.135;::ffff:3.220.51.30;,0.0,-,,,,,,,,,,,,,2023-12-20T09:40:42.8304325Z,,,,,,,22,,4220,WINDEV2309EVAL\User,S-1-5-18,40:42.1,5.0,"<Event xmlns=""http://schemas.microsoft.com/win/2004/08/events/event"">
  <System>
    <Provider Name=""Microsoft-Windows-Sysmon"" Guid=""{5770385f-c22a-43e0-bf4c-06f5698ffbd9}""/>
    <EventID>22</EventID>
    <Version>5</Version>
    <Level>4</Level>
    <Task>22</Task>
    <Opcode>0</Opcode>
    <Keywords>0x8000000000000000</Keywords>
    <TimeCreated SystemTime=""2023-12-20T09:40:42.8304325Z""/>
    <EventRecordID>5246</EventRecordID>
    <Correlation/>
    <Execution ProcessID=""3400"" ThreadID=""4220""/>
    <Channel>Microsoft-Windows-Sysmon/Operational</Channel>
    <Computer>WinDev2309Eval</Computer>
    <Security UserID=""S-1-5-18""/>
  </System>
  <EventData>
    <Data Name=""RuleName"">-</Data>
    <Data Name=""UtcTime"">2023-12-20 09:40:42.127</Data>
    <Data Name=""ProcessGuid"">{f57bd86a-b696-6582-dd02-000000000d00}</Data>
    <Data Name=""ProcessId"">6192</Data>
    <Data Name=""QueryName"">logevt.pubfinity.com</Data>
    <Data Name=""QueryStatus"">0</Data>
    <Data Name=""QueryResults"">type: 5 loadbalancer-main-client-logger-496259942.us-east-1.elb.amazonaws.com;::ffff:54.224.195.135;::ffff:3.220.51.30;</Data>
    <Data Name=""Image"">C:\Program Files\WindowsApps\26720RandomSaladGamesLLC.SimpleSolitaire_7.4.14.0_x64__kx24dqmazqk8j\SimpleSolitaire.UWP.exe</Data>
    <Data Name=""User"">WINDEV2309EVAL\User</Data>
  </EventData>
</Event>
"
Microsoft-Windows-Sysmon/Operational,,,WinDev2309Eval,,,,,,,,,,22,5245,,,,C:\Program Files\WindowsApps\26720RandomSaladGamesLLC.SimpleSolitaire_7.4.14.0_x64__kx24dqmazqk8j\SimpleSolitaire.UWP.exe,,,0x8000000000000000,4,,,,,0,,,,,,,{f57bd86a-b696-6582-dd02-000000000d00},3400,6192.0,,,data.adwombat.com,type: 5 adwombat-services-470191665.us-east-1.elb.amazonaws.com;::ffff:52.22.104.159;::ffff:34.224.103.187;,0.0,-,,,,,,,,,,,,,2023-12-20T09:40:41.8506932Z,,,,,,,22,,4220,WINDEV2309EVAL\User,S-1-5-18,40:41.3,5.0,"<Event xmlns=""http://schemas.microsoft.com/win/2004/08/events/event"">
  <System>
    <Provider Name=""Microsoft-Windows-Sysmon"" Guid=""{5770385f-c22a-43e0-bf4c-06f5698ffbd9}""/>
    <EventID>22</EventID>
    <Version>5</Version>
    <Level>4</Level>
    <Task>22</Task>
    <Opcode>0</Opcode>
    <Keywords>0x8000000000000000</Keywords>
    <TimeCreated SystemTime=""2023-12-20T09:40:41.8506932Z""/>
    <EventRecordID>5245</EventRecordID>
    <Correlation/>
    <Execution ProcessID=""3400"" ThreadID=""4220""/>
    <Channel>Microsoft-Windows-Sysmon/Operational</Channel>
    <Computer>WinDev2309Eval</Computer>
    <Security UserID=""S-1-5-18""/>
  </System>
  <EventData>
    <Data Name=""RuleName"">-</Data>
    <Data Name=""UtcTime"">2023-12-20 09:40:41.271</Data>
    <Data Name=""ProcessGuid"">{f57bd86a-b696-6582-dd02-000000000d00}</Data>
    <Data Name=""ProcessId"">6192</Data>
    <Data Name=""QueryName"">data.adwombat.com</Data>
    <Data Name=""QueryStatus"">0</Data>
    <Data Name=""QueryResults"">type: 5 adwombat-services-470191665.us-east-1.elb.amazonaws.com;::ffff:52.22.104.159;::ffff:34.224.103.187;</Data>
    <Data Name=""Image"">C:\Program Files\WindowsApps\26720RandomSaladGamesLLC.SimpleSolitaire_7.4.14.0_x64__kx24dqmazqk8j\SimpleSolitaire.UWP.exe</Data>
    <Data Name=""User"">WINDEV2309EVAL\User</Data>
  </EventData>
</Event>
"
Microsoft-Windows-Sysmon/Operational,,,WinDev2309Eval,,,,,,,,,Binary Data,13,5244,SetValue,,,C:\Windows\System32\RuntimeBroker.exe,,,0x8000000000000000,4,,,,,0,,,,,,,{f57bd86a-b698-6582-e702-000000000d00},3400,6640.0,,,,,,-,,,,,,,,,,,,,2023-12-20T09:40:41.0974672Z,,,HKU\S-1-5-21-2835251196-2691927458-378326815-1000\Software\Microsoft\Windows\CurrentVersion\Shell Extensions\Cached\{A38B883C-1682-497E-97B0-0A3A9E801682} {886D8EEB-8CF2-4446-8D02-CDBA1DBDCF99} 0xFFFF,,,,13,,4208,WINDEV2309EVAL\User,S-1-5-18,40:41.1,2.0,"<Event xmlns=""http://schemas.microsoft.com/win/2004/08/events/event"">
  <System>
    <Provider Name=""Microsoft-Windows-Sysmon"" Guid=""{5770385f-c22a-43e0-bf4c-06f5698ffbd9}""/>
    <EventID>13</EventID>
    <Version>2</Version>
    <Level>4</Level>
    <Task>13</Task>
    <Opcode>0</Opcode>
    <Keywords>0x8000000000000000</Keywords>
    <TimeCreated SystemTime=""2023-12-20T09:40:41.0974672Z""/>
    <EventRecordID>5244</EventRecordID>
    <Correlation/>
    <Execution ProcessID=""3400"" ThreadID=""4208""/>
    <Channel>Microsoft-Windows-Sysmon/Operational</Channel>
    <Computer>WinDev2309Eval</Computer>
    <Security UserID=""S-1-5-18""/>
  </System>
  <EventData>
    <Data Name=""RuleName"">-</Data>
    <Data Name=""EventType"">SetValue</Data>
    <Data Name=""UtcTime"">2023-12-20 09:40:41.089</Data>
    <Data Name=""ProcessGuid"">{f57bd86a-b698-6582-e702-000000000d00}</Data>
    <Data Name=""ProcessId"">6640</Data>
    <Data Name=""Image"">C:\Windows\System32\RuntimeBroker.exe</Data>
    <Data Name=""TargetObject"">HKU\S-1-5-21-2835251196-2691927458-378326815-1000\Software\Microsoft\Windows\CurrentVersion\Shell Extensions\Cached\{A38B883C-1682-497E-97B0-0A3A9E801682} {886D8EEB-8CF2-4446-8D02-CDBA1DBDCF99} 0xFFFF</Data>
    <Data Name=""Details"">Binary Data</Data>
    <Data Name=""User"">WINDEV2309EVAL\User</Data>
  </EventData>
</Event>
"
