Channel,CommandLine,Company,Computer,CreationUtcTime,CurrentDirectory,Description,DestinationHostname,DestinationIp,DestinationIsIpv6,DestinationPort,DestinationPortName,Details,EventID,EventRecordID,EventType,FileVersion,Hashes,Image,Initiated,IntegrityLevel,Keywords,Level,LogonGuid,LogonId,Message,NewThreadId,Opcode,OriginalFileName,ParentCommandLine,ParentImage,ParentProcessGuid,ParentProcessId,ParentUser,ProcessGuid,ProcessID,ProcessId,Product,Protocol,QueryName,QueryResults,QueryStatus,RuleName,SourceHostname,SourceImage,SourceIp,SourceIsIpv6,SourcePort,SourcePortName,SourceProcessGuid,SourceProcessId,SourceUser,StartAddress,StartFunction,StartModule,SystemTime,TargetFilename,TargetImage,TargetObject,TargetProcessGuid,TargetProcessId,TargetUser,Task,TerminalSessionId,ThreadID,User,UserID,UtcTime,Version,raw
Microsoft-Windows-Sysmon/Operational,,,WinDev2309Eval,12:23.4,,,,,,,,,11,975,,,,C:\Windows\Microsoft.NET\Framework\v4.0.30319\mscorsvw.exe,,,0x8000000000000000,4,,,,,0,,,,,,,{f57bd86a-0737-6582-c903-000000000b00},10484,10192.0,,,,,,DLL,,,,,,,,,,,,,2023-12-19T21:12:23.3920744Z,C:\Windows\assembly\NativeImages_v4.0.30319_32\Temp\27d0-0\PresentationFramework.Aero2.dll,,,,,,11,,10592,NT AUTHORITY\SYSTEM,S-1-5-18,12:23.4,2.0,"<Event xmlns=""http://schemas.microsoft.com/win/2004/08/events/event"">
  <System>
    <Provider Name=""Microsoft-Windows-Sysmon"" Guid=""{5770385f-c22a-43e0-bf4c-06f5698ffbd9}""/>
    <EventID>11</EventID>
    <Version>2</Version>
    <Level>4</Level>
    <Task>11</Task>
    <Opcode>0</Opcode>
    <Keywords>0x8000000000000000</Keywords>
    <TimeCreated SystemTime=""2023-12-19T21:12:23.3920744Z""/>
    <EventRecordID>975</EventRecordID>
    <Correlation/>
    <Execution ProcessID=""10484"" ThreadID=""10592""/>
    <Channel>Microsoft-Windows-Sysmon/Operational</Channel>
    <Computer>WinDev2309Eval</Computer>
    <Security UserID=""S-1-5-18""/>
  </System>
  <EventData>
    <Data Name=""RuleName"">DLL</Data>
    <Data Name=""UtcTime"">2023-12-19 21:12:23.383</Data>
    <Data Name=""ProcessGuid"">{f57bd86a-0737-6582-c903-000000000b00}</Data>
    <Data Name=""ProcessId"">10192</Data>
    <Data Name=""Image"">C:\Windows\Microsoft.NET\Framework\v4.0.30319\mscorsvw.exe</Data>
    <Data Name=""TargetFilename"">C:\Windows\assembly\NativeImages_v4.0.30319_32\Temp\27d0-0\PresentationFramework.Aero2.dll</Data>
    <Data Name=""CreationUtcTime"">2023-12-19 21:12:23.383</Data>
    <Data Name=""User"">NT AUTHORITY\SYSTEM</Data>
  </EventData>
</Event>
"
Microsoft-Windows-Sysmon/Operational,,,WinDev2309Eval,12:22.7,,,,,,,,,11,974,,,,C:\Windows\Microsoft.NET\Framework\v4.0.30319\mscorsvw.exe,,,0x8000000000000000,4,,,,,0,,,,,,,{f57bd86a-0730-6582-c703-000000000b00},10484,2636.0,,,,,,DLL,,,,,,,,,,,,,2023-12-19T21:12:22.7273666Z,C:\Windows\assembly\NativeImages_v4.0.30319_32\Temp\a4c-0\PresentationFramework.dll,,,,,,11,,10592,NT AUTHORITY\SYSTEM,S-1-5-18,12:22.7,2.0,"<Event xmlns=""http://schemas.microsoft.com/win/2004/08/events/event"">
  <System>
    <Provider Name=""Microsoft-Windows-Sysmon"" Guid=""{5770385f-c22a-43e0-bf4c-06f5698ffbd9}""/>
    <EventID>11</EventID>
    <Version>2</Version>
    <Level>4</Level>
    <Task>11</Task>
    <Opcode>0</Opcode>
    <Keywords>0x8000000000000000</Keywords>
    <TimeCreated SystemTime=""2023-12-19T21:12:22.7273666Z""/>
    <EventRecordID>974</EventRecordID>
    <Correlation/>
    <Execution ProcessID=""10484"" ThreadID=""10592""/>
    <Channel>Microsoft-Windows-Sysmon/Operational</Channel>
    <Computer>WinDev2309Eval</Computer>
    <Security UserID=""S-1-5-18""/>
  </System>
  <EventData>
    <Data Name=""RuleName"">DLL</Data>
    <Data Name=""UtcTime"">2023-12-19 21:12:22.725</Data>
    <Data Name=""ProcessGuid"">{f57bd86a-0730-6582-c703-000000000b00}</Data>
    <Data Name=""ProcessId"">2636</Data>
    <Data Name=""Image"">C:\Windows\Microsoft.NET\Framework\v4.0.30319\mscorsvw.exe</Data>
    <Data Name=""TargetFilename"">C:\Windows\assembly\NativeImages_v4.0.30319_32\Temp\a4c-0\PresentationFramework.dll</Data>
    <Data Name=""CreationUtcTime"">2023-12-19 21:12:22.725</Data>
    <Data Name=""User"">NT AUTHORITY\SYSTEM</Data>
  </EventData>
</Event>
"
Microsoft-Windows-Sysmon/Operational,,,WinDev2309Eval,12:15.5,,,,,,,,,11,973,,,,C:\Windows\Microsoft.NET\Framework\v4.0.30319\mscorsvw.exe,,,0x8000000000000000,4,,,,,0,,,,,,,{f57bd86a-072b-6582-c503-000000000b00},10484,5012.0,,,,,,DLL,,,,,,,,,,,,,2023-12-19T21:12:15.5501696Z,C:\Windows\assembly\NativeImages_v4.0.30319_32\Temp\1394-0\PresentationCore.dll,,,,,,11,,10592,NT AUTHORITY\SYSTEM,S-1-5-18,12:15.5,2.0,"<Event xmlns=""http://schemas.microsoft.com/win/2004/08/events/event"">
  <System>
    <Provider Name=""Microsoft-Windows-Sysmon"" Guid=""{5770385f-c22a-43e0-bf4c-06f5698ffbd9}""/>
    <EventID>11</EventID>
    <Version>2</Version>
    <Level>4</Level>
    <Task>11</Task>
    <Opcode>0</Opcode>
    <Keywords>0x8000000000000000</Keywords>
    <TimeCreated SystemTime=""2023-12-19T21:12:15.5501696Z""/>
    <EventRecordID>973</EventRecordID>
    <Correlation/>
    <Execution ProcessID=""10484"" ThreadID=""10592""/>
    <Channel>Microsoft-Windows-Sysmon/Operational</Channel>
    <Computer>WinDev2309Eval</Computer>
    <Security UserID=""S-1-5-18""/>
  </System>
  <EventData>
    <Data Name=""RuleName"">DLL</Data>
    <Data Name=""UtcTime"">2023-12-19 21:12:15.545</Data>
    <Data Name=""ProcessGuid"">{f57bd86a-072b-6582-c503-000000000b00}</Data>
    <Data Name=""ProcessId"">5012</Data>
    <Data Name=""Image"">C:\Windows\Microsoft.NET\Framework\v4.0.30319\mscorsvw.exe</Data>
    <Data Name=""TargetFilename"">C:\Windows\assembly\NativeImages_v4.0.30319_32\Temp\1394-0\PresentationCore.dll</Data>
    <Data Name=""CreationUtcTime"">2023-12-19 21:12:15.545</Data>
    <Data Name=""User"">NT AUTHORITY\SYSTEM</Data>
  </EventData>
</Event>
"
Microsoft-Windows-Sysmon/Operational,,,WinDev2309Eval,12:11.1,,,,,,,,,11,972,,,,C:\Windows\Microsoft.NET\Framework\v4.0.30319\mscorsvw.exe,,,0x8000000000000000,4,,,,,0,,,,,,,{f57bd86a-0729-6582-c403-000000000b00},10484,3080.0,,,,,,DLL,,,,,,,,,,,,,2023-12-19T21:12:11.1229468Z,C:\Windows\assembly\NativeImages_v4.0.30319_32\Temp\c08-0\WindowsBase.dll,,,,,,11,,10592,NT AUTHORITY\SYSTEM,S-1-5-18,12:11.1,2.0,"<Event xmlns=""http://schemas.microsoft.com/win/2004/08/events/event"">
  <System>
    <Provider Name=""Microsoft-Windows-Sysmon"" Guid=""{5770385f-c22a-43e0-bf4c-06f5698ffbd9}""/>
    <EventID>11</EventID>
    <Version>2</Version>
    <Level>4</Level>
    <Task>11</Task>
    <Opcode>0</Opcode>
    <Keywords>0x8000000000000000</Keywords>
    <TimeCreated SystemTime=""2023-12-19T21:12:11.1229468Z""/>
    <EventRecordID>972</EventRecordID>
    <Correlation/>
    <Execution ProcessID=""10484"" ThreadID=""10592""/>
    <Channel>Microsoft-Windows-Sysmon/Operational</Channel>
    <Computer>WinDev2309Eval</Computer>
    <Security UserID=""S-1-5-18""/>
  </System>
  <EventData>
    <Data Name=""RuleName"">DLL</Data>
    <Data Name=""UtcTime"">2023-12-19 21:12:11.122</Data>
    <Data Name=""ProcessGuid"">{f57bd86a-0729-6582-c403-000000000b00}</Data>
    <Data Name=""ProcessId"">3080</Data>
    <Data Name=""Image"">C:\Windows\Microsoft.NET\Framework\v4.0.30319\mscorsvw.exe</Data>
    <Data Name=""TargetFilename"">C:\Windows\assembly\NativeImages_v4.0.30319_32\Temp\c08-0\WindowsBase.dll</Data>
    <Data Name=""CreationUtcTime"">2023-12-19 21:12:11.122</Data>
    <Data Name=""User"">NT AUTHORITY\SYSTEM</Data>
  </EventData>
</Event>
"
Microsoft-Windows-Sysmon/Operational,,,WinDev2309Eval,12:09.6,,,,,,,,,11,971,,,,C:\Windows\Microsoft.NET\Framework\v4.0.30319\mscorsvw.exe,,,0x8000000000000000,4,,,,,0,,,,,,,{f57bd86a-0729-6582-c103-000000000b00},10484,1316.0,,,,,,DLL,,,,,,,,,,,,,2023-12-19T21:12:09.6078363Z,C:\Windows\assembly\NativeImages_v4.0.30319_32\Temp\524-0\Microsoft.Security.ApplicationId.PolicyManagement.PolicyModel.dll,,,,,,11,,10592,NT AUTHORITY\SYSTEM,S-1-5-18,12:09.6,2.0,"<Event xmlns=""http://schemas.microsoft.com/win/2004/08/events/event"">
  <System>
    <Provider Name=""Microsoft-Windows-Sysmon"" Guid=""{5770385f-c22a-43e0-bf4c-06f5698ffbd9}""/>
    <EventID>11</EventID>
    <Version>2</Version>
    <Level>4</Level>
    <Task>11</Task>
    <Opcode>0</Opcode>
    <Keywords>0x8000000000000000</Keywords>
    <TimeCreated SystemTime=""2023-12-19T21:12:09.6078363Z""/>
    <EventRecordID>971</EventRecordID>
    <Correlation/>
    <Execution ProcessID=""10484"" ThreadID=""10592""/>
    <Channel>Microsoft-Windows-Sysmon/Operational</Channel>
    <Computer>WinDev2309Eval</Computer>
    <Security UserID=""S-1-5-18""/>
  </System>
  <EventData>
    <Data Name=""RuleName"">DLL</Data>
    <Data Name=""UtcTime"">2023-12-19 21:12:09.605</Data>
    <Data Name=""ProcessGuid"">{f57bd86a-0729-6582-c103-000000000b00}</Data>
    <Data Name=""ProcessId"">1316</Data>
    <Data Name=""Image"">C:\Windows\Microsoft.NET\Framework\v4.0.30319\mscorsvw.exe</Data>
    <Data Name=""TargetFilename"">C:\Windows\assembly\NativeImages_v4.0.30319_32\Temp\524-0\Microsoft.Security.ApplicationId.PolicyManagement.PolicyModel.dll</Data>
    <Data Name=""CreationUtcTime"">2023-12-19 21:12:09.605</Data>
    <Data Name=""User"">NT AUTHORITY\SYSTEM</Data>
  </EventData>
</Event>
"
Microsoft-Windows-Sysmon/Operational,,,WinDev2309Eval,12:09.4,,,,,,,,,11,970,,,,C:\Windows\Microsoft.NET\Framework\v4.0.30319\mscorsvw.exe,,,0x8000000000000000,4,,,,,0,,,,,,,{f57bd86a-0729-6582-bf03-000000000b00},10484,7000.0,,,,,,DLL,,,,,,,,,,,,,2023-12-19T21:12:09.3745275Z,C:\Windows\assembly\NativeImages_v4.0.30319_32\Temp\1b58-0\Microsoft.GroupPolicy.AdmTmplEditor.dll,,,,,,11,,10592,NT AUTHORITY\SYSTEM,S-1-5-18,12:09.4,2.0,"<Event xmlns=""http://schemas.microsoft.com/win/2004/08/events/event"">
  <System>
    <Provider Name=""Microsoft-Windows-Sysmon"" Guid=""{5770385f-c22a-43e0-bf4c-06f5698ffbd9}""/>
    <EventID>11</EventID>
    <Version>2</Version>
    <Level>4</Level>
    <Task>11</Task>
    <Opcode>0</Opcode>
    <Keywords>0x8000000000000000</Keywords>
    <TimeCreated SystemTime=""2023-12-19T21:12:09.3745275Z""/>
    <EventRecordID>970</EventRecordID>
    <Correlation/>
    <Execution ProcessID=""10484"" ThreadID=""10592""/>
    <Channel>Microsoft-Windows-Sysmon/Operational</Channel>
    <Computer>WinDev2309Eval</Computer>
    <Security UserID=""S-1-5-18""/>
  </System>
  <EventData>
    <Data Name=""RuleName"">DLL</Data>
    <Data Name=""UtcTime"">2023-12-19 21:12:09.370</Data>
    <Data Name=""ProcessGuid"">{f57bd86a-0729-6582-bf03-000000000b00}</Data>
    <Data Name=""ProcessId"">7000</Data>
    <Data Name=""Image"">C:\Windows\Microsoft.NET\Framework\v4.0.30319\mscorsvw.exe</Data>
    <Data Name=""TargetFilename"">C:\Windows\assembly\NativeImages_v4.0.30319_32\Temp\1b58-0\Microsoft.GroupPolicy.AdmTmplEditor.dll</Data>
    <Data Name=""CreationUtcTime"">2023-12-19 21:12:09.370</Data>
    <Data Name=""User"">NT AUTHORITY\SYSTEM</Data>
  </EventData>
</Event>
"
Microsoft-Windows-Sysmon/Operational,,,WinDev2309Eval,12:09.0,,,,,,,,,11,969,,,,C:\Windows\Microsoft.NET\Framework\v4.0.30319\mscorsvw.exe,,,0x8000000000000000,4,,,,,0,,,,,,,{f57bd86a-0728-6582-bd03-000000000b00},10484,5328.0,,,,,,DLL,,,,,,,,,,,,,2023-12-19T21:12:09.0483255Z,C:\Windows\assembly\NativeImages_v4.0.30319_32\Temp\14d0-0\System.Threading.Tasks.Extensions.dll,,,,,,11,,10592,NT AUTHORITY\SYSTEM,S-1-5-18,12:09.0,2.0,"<Event xmlns=""http://schemas.microsoft.com/win/2004/08/events/event"">
  <System>
    <Provider Name=""Microsoft-Windows-Sysmon"" Guid=""{5770385f-c22a-43e0-bf4c-06f5698ffbd9}""/>
    <EventID>11</EventID>
    <Version>2</Version>
    <Level>4</Level>
    <Task>11</Task>
    <Opcode>0</Opcode>
    <Keywords>0x8000000000000000</Keywords>
    <TimeCreated SystemTime=""2023-12-19T21:12:09.0483255Z""/>
    <EventRecordID>969</EventRecordID>
    <Correlation/>
    <Execution ProcessID=""10484"" ThreadID=""10592""/>
    <Channel>Microsoft-Windows-Sysmon/Operational</Channel>
    <Computer>WinDev2309Eval</Computer>
    <Security UserID=""S-1-5-18""/>
  </System>
  <EventData>
    <Data Name=""RuleName"">DLL</Data>
    <Data Name=""UtcTime"">2023-12-19 21:12:09.042</Data>
    <Data Name=""ProcessGuid"">{f57bd86a-0728-6582-bd03-000000000b00}</Data>
    <Data Name=""ProcessId"">5328</Data>
    <Data Name=""Image"">C:\Windows\Microsoft.NET\Framework\v4.0.30319\mscorsvw.exe</Data>
    <Data Name=""TargetFilename"">C:\Windows\assembly\NativeImages_v4.0.30319_32\Temp\14d0-0\System.Threading.Tasks.Extensions.dll</Data>
    <Data Name=""CreationUtcTime"">2023-12-19 21:12:09.042</Data>
    <Data Name=""User"">NT AUTHORITY\SYSTEM</Data>
  </EventData>
</Event>
"
Microsoft-Windows-Sysmon/Operational,,,WinDev2309Eval,12:08.9,,,,,,,,,11,968,,,,C:\Windows\Microsoft.NET\Framework\v4.0.30319\mscorsvw.exe,,,0x8000000000000000,4,,,,,0,,,,,,,{f57bd86a-0728-6582-bb03-000000000b00},10484,2444.0,,,,,,DLL,,,,,,,,,,,,,2023-12-19T21:12:08.8580848Z,C:\Windows\assembly\NativeImages_v4.0.30319_32\Temp\98c-0\System.Threading.Tasks.Dataflow.dll,,,,,,11,,10592,NT AUTHORITY\SYSTEM,S-1-5-18,12:08.9,2.0,"<Event xmlns=""http://schemas.microsoft.com/win/2004/08/events/event"">
  <System>
    <Provider Name=""Microsoft-Windows-Sysmon"" Guid=""{5770385f-c22a-43e0-bf4c-06f5698ffbd9}""/>
    <EventID>11</EventID>
    <Version>2</Version>
    <Level>4</Level>
    <Task>11</Task>
    <Opcode>0</Opcode>
    <Keywords>0x8000000000000000</Keywords>
    <TimeCreated SystemTime=""2023-12-19T21:12:08.8580848Z""/>
    <EventRecordID>968</EventRecordID>
    <Correlation/>
    <Execution ProcessID=""10484"" ThreadID=""10592""/>
    <Channel>Microsoft-Windows-Sysmon/Operational</Channel>
    <Computer>WinDev2309Eval</Computer>
    <Security UserID=""S-1-5-18""/>
  </System>
  <EventData>
    <Data Name=""RuleName"">DLL</Data>
    <Data Name=""UtcTime"">2023-12-19 21:12:08.855</Data>
    <Data Name=""ProcessGuid"">{f57bd86a-0728-6582-bb03-000000000b00}</Data>
    <Data Name=""ProcessId"">2444</Data>
    <Data Name=""Image"">C:\Windows\Microsoft.NET\Framework\v4.0.30319\mscorsvw.exe</Data>
    <Data Name=""TargetFilename"">C:\Windows\assembly\NativeImages_v4.0.30319_32\Temp\98c-0\System.Threading.Tasks.Dataflow.dll</Data>
    <Data Name=""CreationUtcTime"">2023-12-19 21:12:08.855</Data>
    <Data Name=""User"">NT AUTHORITY\SYSTEM</Data>
  </EventData>
</Event>
"
Microsoft-Windows-Sysmon/Operational,,,WinDev2309Eval,12:08.3,,,,,,,,,11,967,,,,C:\Windows\Microsoft.NET\Framework\v4.0.30319\mscorsvw.exe,,,0x8000000000000000,4,,,,,0,,,,,,,{f57bd86a-0726-6582-b903-000000000b00},10484,3640.0,,,,,,DLL,,,,,,,,,,,,,2023-12-19T21:12:08.2902497Z,C:\Windows\assembly\NativeImages_v4.0.30319_32\Temp\e38-0\System.Text.Json.dll,,,,,,11,,10592,NT AUTHORITY\SYSTEM,S-1-5-18,12:08.3,2.0,"<Event xmlns=""http://schemas.microsoft.com/win/2004/08/events/event"">
  <System>
    <Provider Name=""Microsoft-Windows-Sysmon"" Guid=""{5770385f-c22a-43e0-bf4c-06f5698ffbd9}""/>
    <EventID>11</EventID>
    <Version>2</Version>
    <Level>4</Level>
    <Task>11</Task>
    <Opcode>0</Opcode>
    <Keywords>0x8000000000000000</Keywords>
    <TimeCreated SystemTime=""2023-12-19T21:12:08.2902497Z""/>
    <EventRecordID>967</EventRecordID>
    <Correlation/>
    <Execution ProcessID=""10484"" ThreadID=""10592""/>
    <Channel>Microsoft-Windows-Sysmon/Operational</Channel>
    <Computer>WinDev2309Eval</Computer>
    <Security UserID=""S-1-5-18""/>
  </System>
  <EventData>
    <Data Name=""RuleName"">DLL</Data>
    <Data Name=""UtcTime"">2023-12-19 21:12:08.277</Data>
    <Data Name=""ProcessGuid"">{f57bd86a-0726-6582-b903-000000000b00}</Data>
    <Data Name=""ProcessId"">3640</Data>
    <Data Name=""Image"">C:\Windows\Microsoft.NET\Framework\v4.0.30319\mscorsvw.exe</Data>
    <Data Name=""TargetFilename"">C:\Windows\assembly\NativeImages_v4.0.30319_32\Temp\e38-0\System.Text.Json.dll</Data>
    <Data Name=""CreationUtcTime"">2023-12-19 21:12:08.277</Data>
    <Data Name=""User"">NT AUTHORITY\SYSTEM</Data>
  </EventData>
</Event>
"
Microsoft-Windows-Sysmon/Operational,,,WinDev2309Eval,12:06.5,,,,,,,,,11,966,,,,C:\Windows\Microsoft.NET\Framework\v4.0.30319\mscorsvw.exe,,,0x8000000000000000,4,,,,,0,,,,,,,{f57bd86a-0726-6582-b703-000000000b00},10484,8620.0,,,,,,DLL,,,,,,,,,,,,,2023-12-19T21:12:06.4958430Z,C:\Windows\assembly\NativeImages_v4.0.30319_32\Temp\21ac-0\System.Text.Encodings.Web.dll,,,,,,11,,10592,NT AUTHORITY\SYSTEM,S-1-5-18,12:06.5,2.0,"<Event xmlns=""http://schemas.microsoft.com/win/2004/08/events/event"">
  <System>
    <Provider Name=""Microsoft-Windows-Sysmon"" Guid=""{5770385f-c22a-43e0-bf4c-06f5698ffbd9}""/>
    <EventID>11</EventID>
    <Version>2</Version>
    <Level>4</Level>
    <Task>11</Task>
    <Opcode>0</Opcode>
    <Keywords>0x8000000000000000</Keywords>
    <TimeCreated SystemTime=""2023-12-19T21:12:06.4958430Z""/>
    <EventRecordID>966</EventRecordID>
    <Correlation/>
    <Execution ProcessID=""10484"" ThreadID=""10592""/>
    <Channel>Microsoft-Windows-Sysmon/Operational</Channel>
    <Computer>WinDev2309Eval</Computer>
    <Security UserID=""S-1-5-18""/>
  </System>
  <EventData>
    <Data Name=""RuleName"">DLL</Data>
    <Data Name=""UtcTime"">2023-12-19 21:12:06.490</Data>
    <Data Name=""ProcessGuid"">{f57bd86a-0726-6582-b703-000000000b00}</Data>
    <Data Name=""ProcessId"">8620</Data>
    <Data Name=""Image"">C:\Windows\Microsoft.NET\Framework\v4.0.30319\mscorsvw.exe</Data>
    <Data Name=""TargetFilename"">C:\Windows\assembly\NativeImages_v4.0.30319_32\Temp\21ac-0\System.Text.Encodings.Web.dll</Data>
    <Data Name=""CreationUtcTime"">2023-12-19 21:12:06.490</Data>
    <Data Name=""User"">NT AUTHORITY\SYSTEM</Data>
  </EventData>
</Event>
"
Microsoft-Windows-Sysmon/Operational,,,WinDev2309Eval,12:06.1,,,,,,,,,11,965,,,,C:\Windows\Microsoft.NET\Framework\v4.0.30319\mscorsvw.exe,,,0x8000000000000000,4,,,,,0,,,,,,,{f57bd86a-0726-6582-b503-000000000b00},10484,6448.0,,,,,,DLL,,,,,,,,,,,,,2023-12-19T21:12:06.1510845Z,C:\Windows\assembly\NativeImages_v4.0.30319_32\Temp\1930-0\System.Runtime.CompilerServices.Unsafe.dll,,,,,,11,,10592,NT AUTHORITY\SYSTEM,S-1-5-18,12:06.1,2.0,"<Event xmlns=""http://schemas.microsoft.com/win/2004/08/events/event"">
  <System>
    <Provider Name=""Microsoft-Windows-Sysmon"" Guid=""{5770385f-c22a-43e0-bf4c-06f5698ffbd9}""/>
    <EventID>11</EventID>
    <Version>2</Version>
    <Level>4</Level>
    <Task>11</Task>
    <Opcode>0</Opcode>
    <Keywords>0x8000000000000000</Keywords>
    <TimeCreated SystemTime=""2023-12-19T21:12:06.1510845Z""/>
    <EventRecordID>965</EventRecordID>
    <Correlation/>
    <Execution ProcessID=""10484"" ThreadID=""10592""/>
    <Channel>Microsoft-Windows-Sysmon/Operational</Channel>
    <Computer>WinDev2309Eval</Computer>
    <Security UserID=""S-1-5-18""/>
  </System>
  <EventData>
    <Data Name=""RuleName"">DLL</Data>
    <Data Name=""UtcTime"">2023-12-19 21:12:06.146</Data>
    <Data Name=""ProcessGuid"">{f57bd86a-0726-6582-b503-000000000b00}</Data>
    <Data Name=""ProcessId"">6448</Data>
    <Data Name=""Image"">C:\Windows\Microsoft.NET\Framework\v4.0.30319\mscorsvw.exe</Data>
    <Data Name=""TargetFilename"">C:\Windows\assembly\NativeImages_v4.0.30319_32\Temp\1930-0\System.Runtime.CompilerServices.Unsafe.dll</Data>
    <Data Name=""CreationUtcTime"">2023-12-19 21:12:06.146</Data>
    <Data Name=""User"">NT AUTHORITY\SYSTEM</Data>
  </EventData>
</Event>
"
Microsoft-Windows-Sysmon/Operational,,,WinDev2309Eval,12:06.0,,,,,,,,,11,964,,,,C:\Windows\Microsoft.NET\Framework\v4.0.30319\mscorsvw.exe,,,0x8000000000000000,4,,,,,0,,,,,,,{f57bd86a-0725-6582-b303-000000000b00},10484,4388.0,,,,,,DLL,,,,,,,,,,,,,2023-12-19T21:12:06.0036111Z,C:\Windows\assembly\NativeImages_v4.0.30319_32\Temp\1124-0\System.Resources.Extensions.dll,,,,,,11,,10592,NT AUTHORITY\SYSTEM,S-1-5-18,12:06.0,2.0,"<Event xmlns=""http://schemas.microsoft.com/win/2004/08/events/event"">
  <System>
    <Provider Name=""Microsoft-Windows-Sysmon"" Guid=""{5770385f-c22a-43e0-bf4c-06f5698ffbd9}""/>
    <EventID>11</EventID>
    <Version>2</Version>
    <Level>4</Level>
    <Task>11</Task>
    <Opcode>0</Opcode>
    <Keywords>0x8000000000000000</Keywords>
    <TimeCreated SystemTime=""2023-12-19T21:12:06.0036111Z""/>
    <EventRecordID>964</EventRecordID>
    <Correlation/>
    <Execution ProcessID=""10484"" ThreadID=""10592""/>
    <Channel>Microsoft-Windows-Sysmon/Operational</Channel>
    <Computer>WinDev2309Eval</Computer>
    <Security UserID=""S-1-5-18""/>
  </System>
  <EventData>
    <Data Name=""RuleName"">DLL</Data>
    <Data Name=""UtcTime"">2023-12-19 21:12:05.990</Data>
    <Data Name=""ProcessGuid"">{f57bd86a-0725-6582-b303-000000000b00}</Data>
    <Data Name=""ProcessId"">4388</Data>
    <Data Name=""Image"">C:\Windows\Microsoft.NET\Framework\v4.0.30319\mscorsvw.exe</Data>
    <Data Name=""TargetFilename"">C:\Windows\assembly\NativeImages_v4.0.30319_32\Temp\1124-0\System.Resources.Extensions.dll</Data>
    <Data Name=""CreationUtcTime"">2023-12-19 21:12:05.990</Data>
    <Data Name=""User"">NT AUTHORITY\SYSTEM</Data>
  </EventData>
</Event>
"
Microsoft-Windows-Sysmon/Operational,,,WinDev2309Eval,12:05.7,,,,,,,,,11,963,,,,C:\Windows\Microsoft.NET\Framework\v4.0.30319\mscorsvw.exe,,,0x8000000000000000,4,,,,,0,,,,,,,{f57bd86a-0724-6582-b103-000000000b00},10484,1676.0,,,,,,DLL,,,,,,,,,,,,,2023-12-19T21:12:05.7425522Z,C:\Windows\assembly\NativeImages_v4.0.30319_32\Temp\68c-0\System.Reflection.MetadataLoadContext.dll,,,,,,11,,10592,NT AUTHORITY\SYSTEM,S-1-5-18,12:05.7,2.0,"<Event xmlns=""http://schemas.microsoft.com/win/2004/08/events/event"">
  <System>
    <Provider Name=""Microsoft-Windows-Sysmon"" Guid=""{5770385f-c22a-43e0-bf4c-06f5698ffbd9}""/>
    <EventID>11</EventID>
    <Version>2</Version>
    <Level>4</Level>
    <Task>11</Task>
    <Opcode>0</Opcode>
    <Keywords>0x8000000000000000</Keywords>
    <TimeCreated SystemTime=""2023-12-19T21:12:05.7425522Z""/>
    <EventRecordID>963</EventRecordID>
    <Correlation/>
    <Execution ProcessID=""10484"" ThreadID=""10592""/>
    <Channel>Microsoft-Windows-Sysmon/Operational</Channel>
    <Computer>WinDev2309Eval</Computer>
    <Security UserID=""S-1-5-18""/>
  </System>
  <EventData>
    <Data Name=""RuleName"">DLL</Data>
    <Data Name=""UtcTime"">2023-12-19 21:12:05.738</Data>
    <Data Name=""ProcessGuid"">{f57bd86a-0724-6582-b103-000000000b00}</Data>
    <Data Name=""ProcessId"">1676</Data>
    <Data Name=""Image"">C:\Windows\Microsoft.NET\Framework\v4.0.30319\mscorsvw.exe</Data>
    <Data Name=""TargetFilename"">C:\Windows\assembly\NativeImages_v4.0.30319_32\Temp\68c-0\System.Reflection.MetadataLoadContext.dll</Data>
    <Data Name=""CreationUtcTime"">2023-12-19 21:12:05.738</Data>
    <Data Name=""User"">NT AUTHORITY\SYSTEM</Data>
  </EventData>
</Event>
"
Microsoft-Windows-Sysmon/Operational,,,WinDev2309Eval,12:04.6,,,,,,,,,11,962,,,,C:\Windows\Microsoft.NET\Framework\v4.0.30319\mscorsvw.exe,,,0x8000000000000000,4,,,,,0,,,,,,,{f57bd86a-0724-6582-ae03-000000000b00},10484,12276.0,,,,,,DLL,,,,,,,,,,,,,2023-12-19T21:12:04.6218160Z,C:\Windows\assembly\NativeImages_v4.0.30319_32\Temp\2ff4-0\System.Numerics.Vectors.dll,,,,,,11,,10592,NT AUTHORITY\SYSTEM,S-1-5-18,12:04.6,2.0,"<Event xmlns=""http://schemas.microsoft.com/win/2004/08/events/event"">
  <System>
    <Provider Name=""Microsoft-Windows-Sysmon"" Guid=""{5770385f-c22a-43e0-bf4c-06f5698ffbd9}""/>
    <EventID>11</EventID>
    <Version>2</Version>
    <Level>4</Level>
    <Task>11</Task>
    <Opcode>0</Opcode>
    <Keywords>0x8000000000000000</Keywords>
    <TimeCreated SystemTime=""2023-12-19T21:12:04.6218160Z""/>
    <EventRecordID>962</EventRecordID>
    <Correlation/>
    <Execution ProcessID=""10484"" ThreadID=""10592""/>
    <Channel>Microsoft-Windows-Sysmon/Operational</Channel>
    <Computer>WinDev2309Eval</Computer>
    <Security UserID=""S-1-5-18""/>
  </System>
  <EventData>
    <Data Name=""RuleName"">DLL</Data>
    <Data Name=""UtcTime"">2023-12-19 21:12:04.613</Data>
    <Data Name=""ProcessGuid"">{f57bd86a-0724-6582-ae03-000000000b00}</Data>
    <Data Name=""ProcessId"">12276</Data>
    <Data Name=""Image"">C:\Windows\Microsoft.NET\Framework\v4.0.30319\mscorsvw.exe</Data>
    <Data Name=""TargetFilename"">C:\Windows\assembly\NativeImages_v4.0.30319_32\Temp\2ff4-0\System.Numerics.Vectors.dll</Data>
    <Data Name=""CreationUtcTime"">2023-12-19 21:12:04.613</Data>
    <Data Name=""User"">NT AUTHORITY\SYSTEM</Data>
  </EventData>
</Event>
"
Microsoft-Windows-Sysmon/Operational,,,WinDev2309Eval,12:04.2,,,,,,,,,11,961,,,,C:\Windows\Microsoft.NET\Framework\v4.0.30319\mscorsvw.exe,,,0x8000000000000000,4,,,,,0,,,,,,,{f57bd86a-0724-6582-aa03-000000000b00},10484,5196.0,,,,,,DLL,,,,,,,,,,,,,2023-12-19T21:12:04.1778788Z,C:\Windows\assembly\NativeImages_v4.0.30319_32\Temp\144c-0\System.Buffers.dll,,,,,,11,,10592,NT AUTHORITY\SYSTEM,S-1-5-18,12:04.2,2.0,"<Event xmlns=""http://schemas.microsoft.com/win/2004/08/events/event"">
  <System>
    <Provider Name=""Microsoft-Windows-Sysmon"" Guid=""{5770385f-c22a-43e0-bf4c-06f5698ffbd9}""/>
    <EventID>11</EventID>
    <Version>2</Version>
    <Level>4</Level>
    <Task>11</Task>
    <Opcode>0</Opcode>
    <Keywords>0x8000000000000000</Keywords>
    <TimeCreated SystemTime=""2023-12-19T21:12:04.1778788Z""/>
    <EventRecordID>961</EventRecordID>
    <Correlation/>
    <Execution ProcessID=""10484"" ThreadID=""10592""/>
    <Channel>Microsoft-Windows-Sysmon/Operational</Channel>
    <Computer>WinDev2309Eval</Computer>
    <Security UserID=""S-1-5-18""/>
  </System>
  <EventData>
    <Data Name=""RuleName"">DLL</Data>
    <Data Name=""UtcTime"">2023-12-19 21:12:04.175</Data>
    <Data Name=""ProcessGuid"">{f57bd86a-0724-6582-aa03-000000000b00}</Data>
    <Data Name=""ProcessId"">5196</Data>
    <Data Name=""Image"">C:\Windows\Microsoft.NET\Framework\v4.0.30319\mscorsvw.exe</Data>
    <Data Name=""TargetFilename"">C:\Windows\assembly\NativeImages_v4.0.30319_32\Temp\144c-0\System.Buffers.dll</Data>
    <Data Name=""CreationUtcTime"">2023-12-19 21:12:04.175</Data>
    <Data Name=""User"">NT AUTHORITY\SYSTEM</Data>
  </EventData>
</Event>
"
Microsoft-Windows-Sysmon/Operational,,,WinDev2309Eval,12:04.0,,,,,,,,,11,960,,,,C:\Windows\Microsoft.NET\Framework\v4.0.30319\mscorsvw.exe,,,0x8000000000000000,4,,,,,0,,,,,,,{f57bd86a-0723-6582-a803-000000000b00},10484,4232.0,,,,,,EXE,,,,,,,,,,,,,2023-12-19T21:12:03.9867367Z,C:\Windows\assembly\NativeImages_v4.0.30319_32\Temp\1088-0\VBCSCompiler.exe,,,,,,11,,10592,NT AUTHORITY\SYSTEM,S-1-5-18,12:04.0,2.0,"<Event xmlns=""http://schemas.microsoft.com/win/2004/08/events/event"">
  <System>
    <Provider Name=""Microsoft-Windows-Sysmon"" Guid=""{5770385f-c22a-43e0-bf4c-06f5698ffbd9}""/>
    <EventID>11</EventID>
    <Version>2</Version>
    <Level>4</Level>
    <Task>11</Task>
    <Opcode>0</Opcode>
    <Keywords>0x8000000000000000</Keywords>
    <TimeCreated SystemTime=""2023-12-19T21:12:03.9867367Z""/>
    <EventRecordID>960</EventRecordID>
    <Correlation/>
    <Execution ProcessID=""10484"" ThreadID=""10592""/>
    <Channel>Microsoft-Windows-Sysmon/Operational</Channel>
    <Computer>WinDev2309Eval</Computer>
    <Security UserID=""S-1-5-18""/>
  </System>
  <EventData>
    <Data Name=""RuleName"">EXE</Data>
    <Data Name=""UtcTime"">2023-12-19 21:12:03.972</Data>
    <Data Name=""ProcessGuid"">{f57bd86a-0723-6582-a803-000000000b00}</Data>
    <Data Name=""ProcessId"">4232</Data>
    <Data Name=""Image"">C:\Windows\Microsoft.NET\Framework\v4.0.30319\mscorsvw.exe</Data>
    <Data Name=""TargetFilename"">C:\Windows\assembly\NativeImages_v4.0.30319_32\Temp\1088-0\VBCSCompiler.exe</Data>
    <Data Name=""CreationUtcTime"">2023-12-19 21:12:03.972</Data>
    <Data Name=""User"">NT AUTHORITY\SYSTEM</Data>
  </EventData>
</Event>
"
Microsoft-Windows-Sysmon/Operational,,,WinDev2309Eval,12:01.2,,,,,,,,,11,959,,,,C:\Windows\Microsoft.NET\Framework\v4.0.30319\mscorsvw.exe,,,0x8000000000000000,4,,,,,0,,,,,,,{f57bd86a-0720-6582-a403-000000000b00},10484,2160.0,,,,,,EXE,,,,,,,,,,,,,2023-12-19T21:12:01.2187803Z,C:\Windows\assembly\NativeImages_v4.0.30319_32\Temp\870-0\MSBuild.exe,,,,,,11,,10592,NT AUTHORITY\SYSTEM,S-1-5-18,12:01.2,2.0,"<Event xmlns=""http://schemas.microsoft.com/win/2004/08/events/event"">
  <System>
    <Provider Name=""Microsoft-Windows-Sysmon"" Guid=""{5770385f-c22a-43e0-bf4c-06f5698ffbd9}""/>
    <EventID>11</EventID>
    <Version>2</Version>
    <Level>4</Level>
    <Task>11</Task>
    <Opcode>0</Opcode>
    <Keywords>0x8000000000000000</Keywords>
    <TimeCreated SystemTime=""2023-12-19T21:12:01.2187803Z""/>
    <EventRecordID>959</EventRecordID>
    <Correlation/>
    <Execution ProcessID=""10484"" ThreadID=""10592""/>
    <Channel>Microsoft-Windows-Sysmon/Operational</Channel>
    <Computer>WinDev2309Eval</Computer>
    <Security UserID=""S-1-5-18""/>
  </System>
  <EventData>
    <Data Name=""RuleName"">EXE</Data>
    <Data Name=""UtcTime"">2023-12-19 21:12:01.204</Data>
    <Data Name=""ProcessGuid"">{f57bd86a-0720-6582-a403-000000000b00}</Data>
    <Data Name=""ProcessId"">2160</Data>
    <Data Name=""Image"">C:\Windows\Microsoft.NET\Framework\v4.0.30319\mscorsvw.exe</Data>
    <Data Name=""TargetFilename"">C:\Windows\assembly\NativeImages_v4.0.30319_32\Temp\870-0\MSBuild.exe</Data>
    <Data Name=""CreationUtcTime"">2023-12-19 21:12:01.204</Data>
    <Data Name=""User"">NT AUTHORITY\SYSTEM</Data>
  </EventData>
</Event>
"
Microsoft-Windows-Sysmon/Operational,,,WinDev2309Eval,12:00.0,,,,,,,,,11,958,,,,C:\Windows\Microsoft.NET\Framework\v4.0.30319\mscorsvw.exe,,,0x8000000000000000,4,,,,,0,,,,,,,{f57bd86a-071f-6582-a103-000000000b00},10484,8528.0,,,,,,DLL,,,,,,,,,,,,,2023-12-19T21:11:59.9656067Z,C:\Windows\assembly\NativeImages_v4.0.30319_32\Temp\2150-0\Microsoft.IO.Redist.dll,,,,,,11,,10592,NT AUTHORITY\SYSTEM,S-1-5-18,12:00.0,2.0,"<Event xmlns=""http://schemas.microsoft.com/win/2004/08/events/event"">
  <System>
    <Provider Name=""Microsoft-Windows-Sysmon"" Guid=""{5770385f-c22a-43e0-bf4c-06f5698ffbd9}""/>
    <EventID>11</EventID>
    <Version>2</Version>
    <Level>4</Level>
    <Task>11</Task>
    <Opcode>0</Opcode>
    <Keywords>0x8000000000000000</Keywords>
    <TimeCreated SystemTime=""2023-12-19T21:11:59.9656067Z""/>
    <EventRecordID>958</EventRecordID>
    <Correlation/>
    <Execution ProcessID=""10484"" ThreadID=""10592""/>
    <Channel>Microsoft-Windows-Sysmon/Operational</Channel>
    <Computer>WinDev2309Eval</Computer>
    <Security UserID=""S-1-5-18""/>
  </System>
  <EventData>
    <Data Name=""RuleName"">DLL</Data>
    <Data Name=""UtcTime"">2023-12-19 21:11:59.954</Data>
    <Data Name=""ProcessGuid"">{f57bd86a-071f-6582-a103-000000000b00}</Data>
    <Data Name=""ProcessId"">8528</Data>
    <Data Name=""Image"">C:\Windows\Microsoft.NET\Framework\v4.0.30319\mscorsvw.exe</Data>
    <Data Name=""TargetFilename"">C:\Windows\assembly\NativeImages_v4.0.30319_32\Temp\2150-0\Microsoft.IO.Redist.dll</Data>
    <Data Name=""CreationUtcTime"">2023-12-19 21:11:59.954</Data>
    <Data Name=""User"">NT AUTHORITY\SYSTEM</Data>
  </EventData>
</Event>
"
Microsoft-Windows-Sysmon/Operational,,,WinDev2309Eval,11:59.5,,,,,,,,,11,957,,,,C:\Windows\Microsoft.NET\Framework\v4.0.30319\mscorsvw.exe,,,0x8000000000000000,4,,,,,0,,,,,,,{f57bd86a-071e-6582-9e03-000000000b00},10484,2448.0,,,,,,DLL,,,,,,,,,,,,,2023-12-19T21:11:59.4562067Z,C:\Windows\assembly\NativeImages_v4.0.30319_32\Temp\990-0\Microsoft.Build.Utilities.Core.dll,,,,,,11,,10592,NT AUTHORITY\SYSTEM,S-1-5-18,11:59.5,2.0,"<Event xmlns=""http://schemas.microsoft.com/win/2004/08/events/event"">
  <System>
    <Provider Name=""Microsoft-Windows-Sysmon"" Guid=""{5770385f-c22a-43e0-bf4c-06f5698ffbd9}""/>
    <EventID>11</EventID>
    <Version>2</Version>
    <Level>4</Level>
    <Task>11</Task>
    <Opcode>0</Opcode>
    <Keywords>0x8000000000000000</Keywords>
    <TimeCreated SystemTime=""2023-12-19T21:11:59.4562067Z""/>
    <EventRecordID>957</EventRecordID>
    <Correlation/>
    <Execution ProcessID=""10484"" ThreadID=""10592""/>
    <Channel>Microsoft-Windows-Sysmon/Operational</Channel>
    <Computer>WinDev2309Eval</Computer>
    <Security UserID=""S-1-5-18""/>
  </System>
  <EventData>
    <Data Name=""RuleName"">DLL</Data>
    <Data Name=""UtcTime"">2023-12-19 21:11:59.453</Data>
    <Data Name=""ProcessGuid"">{f57bd86a-071e-6582-9e03-000000000b00}</Data>
    <Data Name=""ProcessId"">2448</Data>
    <Data Name=""Image"">C:\Windows\Microsoft.NET\Framework\v4.0.30319\mscorsvw.exe</Data>
    <Data Name=""TargetFilename"">C:\Windows\assembly\NativeImages_v4.0.30319_32\Temp\990-0\Microsoft.Build.Utilities.Core.dll</Data>
    <Data Name=""CreationUtcTime"">2023-12-19 21:11:59.453</Data>
    <Data Name=""User"">NT AUTHORITY\SYSTEM</Data>
  </EventData>
</Event>
"
Microsoft-Windows-Sysmon/Operational,,,WinDev2309Eval,11:58.5,,,,,,,,,11,956,,,,C:\Windows\Microsoft.NET\Framework\v4.0.30319\mscorsvw.exe,,,0x8000000000000000,4,,,,,0,,,,,,,{f57bd86a-071c-6582-9b03-000000000b00},10484,5908.0,,,,,,DLL,,,,,,,,,,,,,2023-12-19T21:11:58.5186361Z,C:\Windows\assembly\NativeImages_v4.0.30319_32\Temp\1714-0\Microsoft.Build.Tasks.Core.dll,,,,,,11,,10592,NT AUTHORITY\SYSTEM,S-1-5-18,11:58.5,2.0,"<Event xmlns=""http://schemas.microsoft.com/win/2004/08/events/event"">
  <System>
    <Provider Name=""Microsoft-Windows-Sysmon"" Guid=""{5770385f-c22a-43e0-bf4c-06f5698ffbd9}""/>
    <EventID>11</EventID>
    <Version>2</Version>
    <Level>4</Level>
    <Task>11</Task>
    <Opcode>0</Opcode>
    <Keywords>0x8000000000000000</Keywords>
    <TimeCreated SystemTime=""2023-12-19T21:11:58.5186361Z""/>
    <EventRecordID>956</EventRecordID>
    <Correlation/>
    <Execution ProcessID=""10484"" ThreadID=""10592""/>
    <Channel>Microsoft-Windows-Sysmon/Operational</Channel>
    <Computer>WinDev2309Eval</Computer>
    <Security UserID=""S-1-5-18""/>
  </System>
  <EventData>
    <Data Name=""RuleName"">DLL</Data>
    <Data Name=""UtcTime"">2023-12-19 21:11:58.516</Data>
    <Data Name=""ProcessGuid"">{f57bd86a-071c-6582-9b03-000000000b00}</Data>
    <Data Name=""ProcessId"">5908</Data>
    <Data Name=""Image"">C:\Windows\Microsoft.NET\Framework\v4.0.30319\mscorsvw.exe</Data>
    <Data Name=""TargetFilename"">C:\Windows\assembly\NativeImages_v4.0.30319_32\Temp\1714-0\Microsoft.Build.Tasks.Core.dll</Data>
    <Data Name=""CreationUtcTime"">2023-12-19 21:11:58.516</Data>
    <Data Name=""User"">NT AUTHORITY\SYSTEM</Data>
  </EventData>
</Event>
"
Microsoft-Windows-Sysmon/Operational,,,WinDev2309Eval,11:56.4,,,,,,,,,11,955,,,,C:\Windows\Microsoft.NET\Framework\v4.0.30319\mscorsvw.exe,,,0x8000000000000000,4,,,,,0,,,,,,,{f57bd86a-0717-6582-9903-000000000b00},10484,12052.0,,,,,,DLL,,,,,,,,,,,,,2023-12-19T21:11:56.4119695Z,C:\Windows\assembly\NativeImages_v4.0.30319_32\Temp\2f14-0\Microsoft.Build.dll,,,,,,11,,10592,NT AUTHORITY\SYSTEM,S-1-5-18,11:56.4,2.0,"<Event xmlns=""http://schemas.microsoft.com/win/2004/08/events/event"">
  <System>
    <Provider Name=""Microsoft-Windows-Sysmon"" Guid=""{5770385f-c22a-43e0-bf4c-06f5698ffbd9}""/>
    <EventID>11</EventID>
    <Version>2</Version>
    <Level>4</Level>
    <Task>11</Task>
    <Opcode>0</Opcode>
    <Keywords>0x8000000000000000</Keywords>
    <TimeCreated SystemTime=""2023-12-19T21:11:56.4119695Z""/>
    <EventRecordID>955</EventRecordID>
    <Correlation/>
    <Execution ProcessID=""10484"" ThreadID=""10592""/>
    <Channel>Microsoft-Windows-Sysmon/Operational</Channel>
    <Computer>WinDev2309Eval</Computer>
    <Security UserID=""S-1-5-18""/>
  </System>
  <EventData>
    <Data Name=""RuleName"">DLL</Data>
    <Data Name=""UtcTime"">2023-12-19 21:11:56.401</Data>
    <Data Name=""ProcessGuid"">{f57bd86a-0717-6582-9903-000000000b00}</Data>
    <Data Name=""ProcessId"">12052</Data>
    <Data Name=""Image"">C:\Windows\Microsoft.NET\Framework\v4.0.30319\mscorsvw.exe</Data>
    <Data Name=""TargetFilename"">C:\Windows\assembly\NativeImages_v4.0.30319_32\Temp\2f14-0\Microsoft.Build.dll</Data>
    <Data Name=""CreationUtcTime"">2023-12-19 21:11:56.401</Data>
    <Data Name=""User"">NT AUTHORITY\SYSTEM</Data>
  </EventData>
</Event>
"
Microsoft-Windows-Sysmon/Operational,,,WinDev2309Eval,11:50.8,,,,,,,,,11,954,,,,C:\Windows\Microsoft.NET\Framework\v4.0.30319\mscorsvw.exe,,,0x8000000000000000,4,,,,,0,,,,,,,{f57bd86a-0712-6582-9703-000000000b00},10484,6132.0,,,,,,DLL,,,,,,,,,,,,,2023-12-19T21:11:50.7727232Z,C:\Windows\assembly\NativeImages_v4.0.30319_32\Temp\17f4-0\Microsoft.Build.dll,,,,,,11,,10592,NT AUTHORITY\SYSTEM,S-1-5-18,11:50.8,2.0,"<Event xmlns=""http://schemas.microsoft.com/win/2004/08/events/event"">
  <System>
    <Provider Name=""Microsoft-Windows-Sysmon"" Guid=""{5770385f-c22a-43e0-bf4c-06f5698ffbd9}""/>
    <EventID>11</EventID>
    <Version>2</Version>
    <Level>4</Level>
    <Task>11</Task>
    <Opcode>0</Opcode>
    <Keywords>0x8000000000000000</Keywords>
    <TimeCreated SystemTime=""2023-12-19T21:11:50.7727232Z""/>
    <EventRecordID>954</EventRecordID>
    <Correlation/>
    <Execution ProcessID=""10484"" ThreadID=""10592""/>
    <Channel>Microsoft-Windows-Sysmon/Operational</Channel>
    <Computer>WinDev2309Eval</Computer>
    <Security UserID=""S-1-5-18""/>
  </System>
  <EventData>
    <Data Name=""RuleName"">DLL</Data>
    <Data Name=""UtcTime"">2023-12-19 21:11:50.765</Data>
    <Data Name=""ProcessGuid"">{f57bd86a-0712-6582-9703-000000000b00}</Data>
    <Data Name=""ProcessId"">6132</Data>
    <Data Name=""Image"">C:\Windows\Microsoft.NET\Framework\v4.0.30319\mscorsvw.exe</Data>
    <Data Name=""TargetFilename"">C:\Windows\assembly\NativeImages_v4.0.30319_32\Temp\17f4-0\Microsoft.Build.dll</Data>
    <Data Name=""CreationUtcTime"">2023-12-19 21:11:50.765</Data>
    <Data Name=""User"">NT AUTHORITY\SYSTEM</Data>
  </EventData>
</Event>
"
