Channel,CommandLine,Company,Computer,CreationUtcTime,CurrentDirectory,Description,DestinationHostname,DestinationIp,DestinationIsIpv6,DestinationPort,DestinationPortName,Details,EventID,EventRecordID,EventType,FileVersion,Hashes,Image,Initiated,IntegrityLevel,Keywords,Level,LogonGuid,LogonId,Message,NewThreadId,Opcode,OriginalFileName,ParentCommandLine,ParentImage,ParentProcessGuid,ParentProcessId,ParentUser,ProcessGuid,ProcessID,ProcessId,Product,Protocol,QueryName,QueryResults,QueryStatus,RuleName,SourceHostname,SourceImage,SourceIp,SourceIsIpv6,SourcePort,SourcePortName,SourceProcessGuid,SourceProcessId,SourceUser,StartAddress,StartFunction,StartModule,SystemTime,TargetFilename,TargetImage,TargetObject,TargetProcessGuid,TargetProcessId,TargetUser,Task,TerminalSessionId,ThreadID,User,UserID,UtcTime,Version,raw
Microsoft-Windows-Sysmon/Operational,,,WinDev2309Eval,,,,,,,,,DIPM,13,4055,SetValue,,,C:\Windows\winsxs\amd64_microsoft-windows-servicingstack_31bf3856ad364e35_10.0.22621.2567_none_e93fb1d442e4b410\TiWorker.exe,,,0x8000000000000000,4,,,,,0,,,,,,,{f57bd86a-1c28-6582-0806-000000000b00},10484,10300.0,,,,,,"Context,DeviceConnectedOrUpdated",,,,,,,,,,,,,2023-12-19T22:42:27.5396520Z,,,HKLM\System\CurrentControlSet\Control\Power\PowerSettings\0012ee47-9041-4b5d-9b77-535fba8b1442\0b2d69d7-a2a1-449c-9680-f91c70521c60\3\FriendlyName,,,,13,,10592,NT AUTHORITY\SYSTEM,S-1-5-18,42:27.5,2.0,"<Event xmlns=""http://schemas.microsoft.com/win/2004/08/events/event"">
  <System>
    <Provider Name=""Microsoft-Windows-Sysmon"" Guid=""{5770385f-c22a-43e0-bf4c-06f5698ffbd9}""/>
    <EventID>13</EventID>
    <Version>2</Version>
    <Level>4</Level>
    <Task>13</Task>
    <Opcode>0</Opcode>
    <Keywords>0x8000000000000000</Keywords>
    <TimeCreated SystemTime=""2023-12-19T22:42:27.5396520Z""/>
    <EventRecordID>4055</EventRecordID>
    <Correlation/>
    <Execution ProcessID=""10484"" ThreadID=""10592""/>
    <Channel>Microsoft-Windows-Sysmon/Operational</Channel>
    <Computer>WinDev2309Eval</Computer>
    <Security UserID=""S-1-5-18""/>
  </System>
  <EventData>
    <Data Name=""RuleName"">Context,DeviceConnectedOrUpdated</Data>
    <Data Name=""EventType"">SetValue</Data>
    <Data Name=""UtcTime"">2023-12-19 22:42:27.533</Data>
    <Data Name=""ProcessGuid"">{f57bd86a-1c28-6582-0806-000000000b00}</Data>
    <Data Name=""ProcessId"">10300</Data>
    <Data Name=""Image"">C:\Windows\winsxs\amd64_microsoft-windows-servicingstack_31bf3856ad364e35_10.0.22621.2567_none_e93fb1d442e4b410\TiWorker.exe</Data>
    <Data Name=""TargetObject"">HKLM\System\CurrentControlSet\Control\Power\PowerSettings\0012ee47-9041-4b5d-9b77-535fba8b1442\0b2d69d7-a2a1-449c-9680-f91c70521c60\3\FriendlyName</Data>
    <Data Name=""Details"">DIPM</Data>
    <Data Name=""User"">NT AUTHORITY\SYSTEM</Data>
  </EventData>
</Event>
"
Microsoft-Windows-Sysmon/Operational,,,WinDev2309Eval,,,,,,,,,HIPM+DIPM,13,4054,SetValue,,,C:\Windows\winsxs\amd64_microsoft-windows-servicingstack_31bf3856ad364e35_10.0.22621.2567_none_e93fb1d442e4b410\TiWorker.exe,,,0x8000000000000000,4,,,,,0,,,,,,,{f57bd86a-1c28-6582-0806-000000000b00},10484,10300.0,,,,,,"Context,DeviceConnectedOrUpdated",,,,,,,,,,,,,2023-12-19T22:42:27.5388954Z,,,HKLM\System\CurrentControlSet\Control\Power\PowerSettings\0012ee47-9041-4b5d-9b77-535fba8b1442\0b2d69d7-a2a1-449c-9680-f91c70521c60\2\FriendlyName,,,,13,,10592,NT AUTHORITY\SYSTEM,S-1-5-18,42:27.5,2.0,"<Event xmlns=""http://schemas.microsoft.com/win/2004/08/events/event"">
  <System>
    <Provider Name=""Microsoft-Windows-Sysmon"" Guid=""{5770385f-c22a-43e0-bf4c-06f5698ffbd9}""/>
    <EventID>13</EventID>
    <Version>2</Version>
    <Level>4</Level>
    <Task>13</Task>
    <Opcode>0</Opcode>
    <Keywords>0x8000000000000000</Keywords>
    <TimeCreated SystemTime=""2023-12-19T22:42:27.5388954Z""/>
    <EventRecordID>4054</EventRecordID>
    <Correlation/>
    <Execution ProcessID=""10484"" ThreadID=""10592""/>
    <Channel>Microsoft-Windows-Sysmon/Operational</Channel>
    <Computer>WinDev2309Eval</Computer>
    <Security UserID=""S-1-5-18""/>
  </System>
  <EventData>
    <Data Name=""RuleName"">Context,DeviceConnectedOrUpdated</Data>
    <Data Name=""EventType"">SetValue</Data>
    <Data Name=""UtcTime"">2023-12-19 22:42:27.533</Data>
    <Data Name=""ProcessGuid"">{f57bd86a-1c28-6582-0806-000000000b00}</Data>
    <Data Name=""ProcessId"">10300</Data>
    <Data Name=""Image"">C:\Windows\winsxs\amd64_microsoft-windows-servicingstack_31bf3856ad364e35_10.0.22621.2567_none_e93fb1d442e4b410\TiWorker.exe</Data>
    <Data Name=""TargetObject"">HKLM\System\CurrentControlSet\Control\Power\PowerSettings\0012ee47-9041-4b5d-9b77-535fba8b1442\0b2d69d7-a2a1-449c-9680-f91c70521c60\2\FriendlyName</Data>
    <Data Name=""Details"">HIPM+DIPM</Data>
    <Data Name=""User"">NT AUTHORITY\SYSTEM</Data>
  </EventData>
</Event>
"
Microsoft-Windows-Sysmon/Operational,,,WinDev2309Eval,,,,,,,,,HIPM,13,4053,SetValue,,,C:\Windows\winsxs\amd64_microsoft-windows-servicingstack_31bf3856ad364e35_10.0.22621.2567_none_e93fb1d442e4b410\TiWorker.exe,,,0x8000000000000000,4,,,,,0,,,,,,,{f57bd86a-1c28-6582-0806-000000000b00},10484,10300.0,,,,,,"Context,DeviceConnectedOrUpdated",,,,,,,,,,,,,2023-12-19T22:42:27.5377438Z,,,HKLM\System\CurrentControlSet\Control\Power\PowerSettings\0012ee47-9041-4b5d-9b77-535fba8b1442\0b2d69d7-a2a1-449c-9680-f91c70521c60\1\FriendlyName,,,,13,,10592,NT AUTHORITY\SYSTEM,S-1-5-18,42:27.5,2.0,"<Event xmlns=""http://schemas.microsoft.com/win/2004/08/events/event"">
  <System>
    <Provider Name=""Microsoft-Windows-Sysmon"" Guid=""{5770385f-c22a-43e0-bf4c-06f5698ffbd9}""/>
    <EventID>13</EventID>
    <Version>2</Version>
    <Level>4</Level>
    <Task>13</Task>
    <Opcode>0</Opcode>
    <Keywords>0x8000000000000000</Keywords>
    <TimeCreated SystemTime=""2023-12-19T22:42:27.5377438Z""/>
    <EventRecordID>4053</EventRecordID>
    <Correlation/>
    <Execution ProcessID=""10484"" ThreadID=""10592""/>
    <Channel>Microsoft-Windows-Sysmon/Operational</Channel>
    <Computer>WinDev2309Eval</Computer>
    <Security UserID=""S-1-5-18""/>
  </System>
  <EventData>
    <Data Name=""RuleName"">Context,DeviceConnectedOrUpdated</Data>
    <Data Name=""EventType"">SetValue</Data>
    <Data Name=""UtcTime"">2023-12-19 22:42:27.533</Data>
    <Data Name=""ProcessGuid"">{f57bd86a-1c28-6582-0806-000000000b00}</Data>
    <Data Name=""ProcessId"">10300</Data>
    <Data Name=""Image"">C:\Windows\winsxs\amd64_microsoft-windows-servicingstack_31bf3856ad364e35_10.0.22621.2567_none_e93fb1d442e4b410\TiWorker.exe</Data>
    <Data Name=""TargetObject"">HKLM\System\CurrentControlSet\Control\Power\PowerSettings\0012ee47-9041-4b5d-9b77-535fba8b1442\0b2d69d7-a2a1-449c-9680-f91c70521c60\1\FriendlyName</Data>
    <Data Name=""Details"">HIPM</Data>
    <Data Name=""User"">NT AUTHORITY\SYSTEM</Data>
  </EventData>
</Event>
"
Microsoft-Windows-Sysmon/Operational,,,WinDev2309Eval,,,,,,,,,Active,13,4052,SetValue,,,C:\Windows\winsxs\amd64_microsoft-windows-servicingstack_31bf3856ad364e35_10.0.22621.2567_none_e93fb1d442e4b410\TiWorker.exe,,,0x8000000000000000,4,,,,,0,,,,,,,{f57bd86a-1c28-6582-0806-000000000b00},10484,10300.0,,,,,,"Context,DeviceConnectedOrUpdated",,,,,,,,,,,,,2023-12-19T22:42:27.5368349Z,,,HKLM\System\CurrentControlSet\Control\Power\PowerSettings\0012ee47-9041-4b5d-9b77-535fba8b1442\0b2d69d7-a2a1-449c-9680-f91c70521c60\0\FriendlyName,,,,13,,10592,NT AUTHORITY\SYSTEM,S-1-5-18,42:27.5,2.0,"<Event xmlns=""http://schemas.microsoft.com/win/2004/08/events/event"">
  <System>
    <Provider Name=""Microsoft-Windows-Sysmon"" Guid=""{5770385f-c22a-43e0-bf4c-06f5698ffbd9}""/>
    <EventID>13</EventID>
    <Version>2</Version>
    <Level>4</Level>
    <Task>13</Task>
    <Opcode>0</Opcode>
    <Keywords>0x8000000000000000</Keywords>
    <TimeCreated SystemTime=""2023-12-19T22:42:27.5368349Z""/>
    <EventRecordID>4052</EventRecordID>
    <Correlation/>
    <Execution ProcessID=""10484"" ThreadID=""10592""/>
    <Channel>Microsoft-Windows-Sysmon/Operational</Channel>
    <Computer>WinDev2309Eval</Computer>
    <Security UserID=""S-1-5-18""/>
  </System>
  <EventData>
    <Data Name=""RuleName"">Context,DeviceConnectedOrUpdated</Data>
    <Data Name=""EventType"">SetValue</Data>
    <Data Name=""UtcTime"">2023-12-19 22:42:27.533</Data>
    <Data Name=""ProcessGuid"">{f57bd86a-1c28-6582-0806-000000000b00}</Data>
    <Data Name=""ProcessId"">10300</Data>
    <Data Name=""Image"">C:\Windows\winsxs\amd64_microsoft-windows-servicingstack_31bf3856ad364e35_10.0.22621.2567_none_e93fb1d442e4b410\TiWorker.exe</Data>
    <Data Name=""TargetObject"">HKLM\System\CurrentControlSet\Control\Power\PowerSettings\0012ee47-9041-4b5d-9b77-535fba8b1442\0b2d69d7-a2a1-449c-9680-f91c70521c60\0\FriendlyName</Data>
    <Data Name=""Details"">Active</Data>
    <Data Name=""User"">NT AUTHORITY\SYSTEM</Data>
  </EventData>
</Event>
"
Microsoft-Windows-Sysmon/Operational,,,WinDev2309Eval,,,,,,,,,AHCI Link Power Management - HIPM/DIPM,13,4051,SetValue,,,C:\Windows\winsxs\amd64_microsoft-windows-servicingstack_31bf3856ad364e35_10.0.22621.2567_none_e93fb1d442e4b410\TiWorker.exe,,,0x8000000000000000,4,,,,,0,,,,,,,{f57bd86a-1c28-6582-0806-000000000b00},10484,10300.0,,,,,,"Context,DeviceConnectedOrUpdated",,,,,,,,,,,,,2023-12-19T22:42:27.5354371Z,,,HKLM\System\CurrentControlSet\Control\Power\PowerSettings\0012ee47-9041-4b5d-9b77-535fba8b1442\0b2d69d7-a2a1-449c-9680-f91c70521c60\FriendlyName,,,,13,,10592,NT AUTHORITY\SYSTEM,S-1-5-18,42:27.5,2.0,"<Event xmlns=""http://schemas.microsoft.com/win/2004/08/events/event"">
  <System>
    <Provider Name=""Microsoft-Windows-Sysmon"" Guid=""{5770385f-c22a-43e0-bf4c-06f5698ffbd9}""/>
    <EventID>13</EventID>
    <Version>2</Version>
    <Level>4</Level>
    <Task>13</Task>
    <Opcode>0</Opcode>
    <Keywords>0x8000000000000000</Keywords>
    <TimeCreated SystemTime=""2023-12-19T22:42:27.5354371Z""/>
    <EventRecordID>4051</EventRecordID>
    <Correlation/>
    <Execution ProcessID=""10484"" ThreadID=""10592""/>
    <Channel>Microsoft-Windows-Sysmon/Operational</Channel>
    <Computer>WinDev2309Eval</Computer>
    <Security UserID=""S-1-5-18""/>
  </System>
  <EventData>
    <Data Name=""RuleName"">Context,DeviceConnectedOrUpdated</Data>
    <Data Name=""EventType"">SetValue</Data>
    <Data Name=""UtcTime"">2023-12-19 22:42:27.533</Data>
    <Data Name=""ProcessGuid"">{f57bd86a-1c28-6582-0806-000000000b00}</Data>
    <Data Name=""ProcessId"">10300</Data>
    <Data Name=""Image"">C:\Windows\winsxs\amd64_microsoft-windows-servicingstack_31bf3856ad364e35_10.0.22621.2567_none_e93fb1d442e4b410\TiWorker.exe</Data>
    <Data Name=""TargetObject"">HKLM\System\CurrentControlSet\Control\Power\PowerSettings\0012ee47-9041-4b5d-9b77-535fba8b1442\0b2d69d7-a2a1-449c-9680-f91c70521c60\FriendlyName</Data>
    <Data Name=""Details"">AHCI Link Power Management - HIPM/DIPM</Data>
    <Data Name=""User"">NT AUTHORITY\SYSTEM</Data>
  </EventData>
</Event>
"
Microsoft-Windows-Sysmon/Operational,,,WinDev2309Eval,,,,,,,,,DWORD (0x00000000),13,4050,SetValue,,,C:\Windows\winsxs\amd64_microsoft-windows-servicingstack_31bf3856ad364e35_10.0.22621.2567_none_e93fb1d442e4b410\TiWorker.exe,,,0x8000000000000000,4,,,,,0,,,,,,,{f57bd86a-1c28-6582-0806-000000000b00},10484,10300.0,,,,,,"T1031,T1050",,,,,,,,,,,,,2023-12-19T22:42:27.5291371Z,,,HKLM\System\CurrentControlSet\Services\storahci\Start,,,,13,,10592,NT AUTHORITY\SYSTEM,S-1-5-18,42:27.5,2.0,"<Event xmlns=""http://schemas.microsoft.com/win/2004/08/events/event"">
  <System>
    <Provider Name=""Microsoft-Windows-Sysmon"" Guid=""{5770385f-c22a-43e0-bf4c-06f5698ffbd9}""/>
    <EventID>13</EventID>
    <Version>2</Version>
    <Level>4</Level>
    <Task>13</Task>
    <Opcode>0</Opcode>
    <Keywords>0x8000000000000000</Keywords>
    <TimeCreated SystemTime=""2023-12-19T22:42:27.5291371Z""/>
    <EventRecordID>4050</EventRecordID>
    <Correlation/>
    <Execution ProcessID=""10484"" ThreadID=""10592""/>
    <Channel>Microsoft-Windows-Sysmon/Operational</Channel>
    <Computer>WinDev2309Eval</Computer>
    <Security UserID=""S-1-5-18""/>
  </System>
  <EventData>
    <Data Name=""RuleName"">T1031,T1050</Data>
    <Data Name=""EventType"">SetValue</Data>
    <Data Name=""UtcTime"">2023-12-19 22:42:27.517</Data>
    <Data Name=""ProcessGuid"">{f57bd86a-1c28-6582-0806-000000000b00}</Data>
    <Data Name=""ProcessId"">10300</Data>
    <Data Name=""Image"">C:\Windows\winsxs\amd64_microsoft-windows-servicingstack_31bf3856ad364e35_10.0.22621.2567_none_e93fb1d442e4b410\TiWorker.exe</Data>
    <Data Name=""TargetObject"">HKLM\System\CurrentControlSet\Services\storahci\Start</Data>
    <Data Name=""Details"">DWORD (0x00000000)</Data>
    <Data Name=""User"">NT AUTHORITY\SYSTEM</Data>
  </EventData>
</Event>
"
Microsoft-Windows-Sysmon/Operational,,,WinDev2309Eval,,,,,,,,,System32\drivers\storahci.sys,13,4049,SetValue,,,C:\Windows\winsxs\amd64_microsoft-windows-servicingstack_31bf3856ad364e35_10.0.22621.2567_none_e93fb1d442e4b410\TiWorker.exe,,,0x8000000000000000,4,,,,,0,,,,,,,{f57bd86a-1c28-6582-0806-000000000b00},10484,10300.0,,,,,,"T1031,T1050",,,,,,,,,,,,,2023-12-19T22:42:27.5290661Z,,,HKLM\System\CurrentControlSet\Services\storahci\ImagePath,,,,13,,10592,NT AUTHORITY\SYSTEM,S-1-5-18,42:27.5,2.0,"<Event xmlns=""http://schemas.microsoft.com/win/2004/08/events/event"">
  <System>
    <Provider Name=""Microsoft-Windows-Sysmon"" Guid=""{5770385f-c22a-43e0-bf4c-06f5698ffbd9}""/>
    <EventID>13</EventID>
    <Version>2</Version>
    <Level>4</Level>
    <Task>13</Task>
    <Opcode>0</Opcode>
    <Keywords>0x8000000000000000</Keywords>
    <TimeCreated SystemTime=""2023-12-19T22:42:27.5290661Z""/>
    <EventRecordID>4049</EventRecordID>
    <Correlation/>
    <Execution ProcessID=""10484"" ThreadID=""10592""/>
    <Channel>Microsoft-Windows-Sysmon/Operational</Channel>
    <Computer>WinDev2309Eval</Computer>
    <Security UserID=""S-1-5-18""/>
  </System>
  <EventData>
    <Data Name=""RuleName"">T1031,T1050</Data>
    <Data Name=""EventType"">SetValue</Data>
    <Data Name=""UtcTime"">2023-12-19 22:42:27.517</Data>
    <Data Name=""ProcessGuid"">{f57bd86a-1c28-6582-0806-000000000b00}</Data>
    <Data Name=""ProcessId"">10300</Data>
    <Data Name=""Image"">C:\Windows\winsxs\amd64_microsoft-windows-servicingstack_31bf3856ad364e35_10.0.22621.2567_none_e93fb1d442e4b410\TiWorker.exe</Data>
    <Data Name=""TargetObject"">HKLM\System\CurrentControlSet\Services\storahci\ImagePath</Data>
    <Data Name=""Details"">System32\drivers\storahci.sys</Data>
    <Data Name=""User"">NT AUTHORITY\SYSTEM</Data>
  </EventData>
</Event>
"
Microsoft-Windows-Sysmon/Operational,,,WinDev2309Eval,,,,,,,,,DWORD (0x00000000),13,4048,SetValue,,,C:\Windows\winsxs\amd64_microsoft-windows-servicingstack_31bf3856ad364e35_10.0.22621.2567_none_e93fb1d442e4b410\TiWorker.exe,,,0x8000000000000000,4,,,,,0,,,,,,,{f57bd86a-1c28-6582-0806-000000000b00},10484,10300.0,,,,,,"T1031,T1050",,,,,,,,,,,,,2023-12-19T22:42:27.4736593Z,,,HKLM\System\CurrentControlSet\Services\pciide\Start,,,,13,,10592,NT AUTHORITY\SYSTEM,S-1-5-18,42:27.5,2.0,"<Event xmlns=""http://schemas.microsoft.com/win/2004/08/events/event"">
  <System>
    <Provider Name=""Microsoft-Windows-Sysmon"" Guid=""{5770385f-c22a-43e0-bf4c-06f5698ffbd9}""/>
    <EventID>13</EventID>
    <Version>2</Version>
    <Level>4</Level>
    <Task>13</Task>
    <Opcode>0</Opcode>
    <Keywords>0x8000000000000000</Keywords>
    <TimeCreated SystemTime=""2023-12-19T22:42:27.4736593Z""/>
    <EventRecordID>4048</EventRecordID>
    <Correlation/>
    <Execution ProcessID=""10484"" ThreadID=""10592""/>
    <Channel>Microsoft-Windows-Sysmon/Operational</Channel>
    <Computer>WinDev2309Eval</Computer>
    <Security UserID=""S-1-5-18""/>
  </System>
  <EventData>
    <Data Name=""RuleName"">T1031,T1050</Data>
    <Data Name=""EventType"">SetValue</Data>
    <Data Name=""UtcTime"">2023-12-19 22:42:27.469</Data>
    <Data Name=""ProcessGuid"">{f57bd86a-1c28-6582-0806-000000000b00}</Data>
    <Data Name=""ProcessId"">10300</Data>
    <Data Name=""Image"">C:\Windows\winsxs\amd64_microsoft-windows-servicingstack_31bf3856ad364e35_10.0.22621.2567_none_e93fb1d442e4b410\TiWorker.exe</Data>
    <Data Name=""TargetObject"">HKLM\System\CurrentControlSet\Services\pciide\Start</Data>
    <Data Name=""Details"">DWORD (0x00000000)</Data>
    <Data Name=""User"">NT AUTHORITY\SYSTEM</Data>
  </EventData>
</Event>
"
Microsoft-Windows-Sysmon/Operational,,,WinDev2309Eval,,,,,,,,,System32\drivers\pciide.sys,13,4047,SetValue,,,C:\Windows\winsxs\amd64_microsoft-windows-servicingstack_31bf3856ad364e35_10.0.22621.2567_none_e93fb1d442e4b410\TiWorker.exe,,,0x8000000000000000,4,,,,,0,,,,,,,{f57bd86a-1c28-6582-0806-000000000b00},10484,10300.0,,,,,,"T1031,T1050",,,,,,,,,,,,,2023-12-19T22:42:27.4735447Z,,,HKLM\System\CurrentControlSet\Services\pciide\ImagePath,,,,13,,10592,NT AUTHORITY\SYSTEM,S-1-5-18,42:27.5,2.0,"<Event xmlns=""http://schemas.microsoft.com/win/2004/08/events/event"">
  <System>
    <Provider Name=""Microsoft-Windows-Sysmon"" Guid=""{5770385f-c22a-43e0-bf4c-06f5698ffbd9}""/>
    <EventID>13</EventID>
    <Version>2</Version>
    <Level>4</Level>
    <Task>13</Task>
    <Opcode>0</Opcode>
    <Keywords>0x8000000000000000</Keywords>
    <TimeCreated SystemTime=""2023-12-19T22:42:27.4735447Z""/>
    <EventRecordID>4047</EventRecordID>
    <Correlation/>
    <Execution ProcessID=""10484"" ThreadID=""10592""/>
    <Channel>Microsoft-Windows-Sysmon/Operational</Channel>
    <Computer>WinDev2309Eval</Computer>
    <Security UserID=""S-1-5-18""/>
  </System>
  <EventData>
    <Data Name=""RuleName"">T1031,T1050</Data>
    <Data Name=""EventType"">SetValue</Data>
    <Data Name=""UtcTime"">2023-12-19 22:42:27.469</Data>
    <Data Name=""ProcessGuid"">{f57bd86a-1c28-6582-0806-000000000b00}</Data>
    <Data Name=""ProcessId"">10300</Data>
    <Data Name=""Image"">C:\Windows\winsxs\amd64_microsoft-windows-servicingstack_31bf3856ad364e35_10.0.22621.2567_none_e93fb1d442e4b410\TiWorker.exe</Data>
    <Data Name=""TargetObject"">HKLM\System\CurrentControlSet\Services\pciide\ImagePath</Data>
    <Data Name=""Details"">System32\drivers\pciide.sys</Data>
    <Data Name=""User"">NT AUTHORITY\SYSTEM</Data>
  </EventData>
</Event>
"
Microsoft-Windows-Sysmon/Operational,,,WinDev2309Eval,,,,,,,,,DWORD (0x00000000),13,4046,SetValue,,,C:\Windows\winsxs\amd64_microsoft-windows-servicingstack_31bf3856ad364e35_10.0.22621.2567_none_e93fb1d442e4b410\TiWorker.exe,,,0x8000000000000000,4,,,,,0,,,,,,,{f57bd86a-1c28-6582-0806-000000000b00},10484,10300.0,,,,,,"T1031,T1050",,,,,,,,,,,,,2023-12-19T22:42:27.4153330Z,,,HKLM\System\CurrentControlSet\Services\intelide\Start,,,,13,,10592,NT AUTHORITY\SYSTEM,S-1-5-18,42:27.4,2.0,"<Event xmlns=""http://schemas.microsoft.com/win/2004/08/events/event"">
  <System>
    <Provider Name=""Microsoft-Windows-Sysmon"" Guid=""{5770385f-c22a-43e0-bf4c-06f5698ffbd9}""/>
    <EventID>13</EventID>
    <Version>2</Version>
    <Level>4</Level>
    <Task>13</Task>
    <Opcode>0</Opcode>
    <Keywords>0x8000000000000000</Keywords>
    <TimeCreated SystemTime=""2023-12-19T22:42:27.4153330Z""/>
    <EventRecordID>4046</EventRecordID>
    <Correlation/>
    <Execution ProcessID=""10484"" ThreadID=""10592""/>
    <Channel>Microsoft-Windows-Sysmon/Operational</Channel>
    <Computer>WinDev2309Eval</Computer>
    <Security UserID=""S-1-5-18""/>
  </System>
  <EventData>
    <Data Name=""RuleName"">T1031,T1050</Data>
    <Data Name=""EventType"">SetValue</Data>
    <Data Name=""UtcTime"">2023-12-19 22:42:27.407</Data>
    <Data Name=""ProcessGuid"">{f57bd86a-1c28-6582-0806-000000000b00}</Data>
    <Data Name=""ProcessId"">10300</Data>
    <Data Name=""Image"">C:\Windows\winsxs\amd64_microsoft-windows-servicingstack_31bf3856ad364e35_10.0.22621.2567_none_e93fb1d442e4b410\TiWorker.exe</Data>
    <Data Name=""TargetObject"">HKLM\System\CurrentControlSet\Services\intelide\Start</Data>
    <Data Name=""Details"">DWORD (0x00000000)</Data>
    <Data Name=""User"">NT AUTHORITY\SYSTEM</Data>
  </EventData>
</Event>
"
Microsoft-Windows-Sysmon/Operational,,,WinDev2309Eval,,,,,,,,,System32\drivers\intelide.sys,13,4045,SetValue,,,C:\Windows\winsxs\amd64_microsoft-windows-servicingstack_31bf3856ad364e35_10.0.22621.2567_none_e93fb1d442e4b410\TiWorker.exe,,,0x8000000000000000,4,,,,,0,,,,,,,{f57bd86a-1c28-6582-0806-000000000b00},10484,10300.0,,,,,,"T1031,T1050",,,,,,,,,,,,,2023-12-19T22:42:27.4152597Z,,,HKLM\System\CurrentControlSet\Services\intelide\ImagePath,,,,13,,10592,NT AUTHORITY\SYSTEM,S-1-5-18,42:27.4,2.0,"<Event xmlns=""http://schemas.microsoft.com/win/2004/08/events/event"">
  <System>
    <Provider Name=""Microsoft-Windows-Sysmon"" Guid=""{5770385f-c22a-43e0-bf4c-06f5698ffbd9}""/>
    <EventID>13</EventID>
    <Version>2</Version>
    <Level>4</Level>
    <Task>13</Task>
    <Opcode>0</Opcode>
    <Keywords>0x8000000000000000</Keywords>
    <TimeCreated SystemTime=""2023-12-19T22:42:27.4152597Z""/>
    <EventRecordID>4045</EventRecordID>
    <Correlation/>
    <Execution ProcessID=""10484"" ThreadID=""10592""/>
    <Channel>Microsoft-Windows-Sysmon/Operational</Channel>
    <Computer>WinDev2309Eval</Computer>
    <Security UserID=""S-1-5-18""/>
  </System>
  <EventData>
    <Data Name=""RuleName"">T1031,T1050</Data>
    <Data Name=""EventType"">SetValue</Data>
    <Data Name=""UtcTime"">2023-12-19 22:42:27.407</Data>
    <Data Name=""ProcessGuid"">{f57bd86a-1c28-6582-0806-000000000b00}</Data>
    <Data Name=""ProcessId"">10300</Data>
    <Data Name=""Image"">C:\Windows\winsxs\amd64_microsoft-windows-servicingstack_31bf3856ad364e35_10.0.22621.2567_none_e93fb1d442e4b410\TiWorker.exe</Data>
    <Data Name=""TargetObject"">HKLM\System\CurrentControlSet\Services\intelide\ImagePath</Data>
    <Data Name=""Details"">System32\drivers\intelide.sys</Data>
    <Data Name=""User"">NT AUTHORITY\SYSTEM</Data>
  </EventData>
</Event>
"
Microsoft-Windows-Sysmon/Operational,,,WinDev2309Eval,,,,,,,,,DWORD (0x00000000),13,4044,SetValue,,,C:\Windows\winsxs\amd64_microsoft-windows-servicingstack_31bf3856ad364e35_10.0.22621.2567_none_e93fb1d442e4b410\TiWorker.exe,,,0x8000000000000000,4,,,,,0,,,,,,,{f57bd86a-1c28-6582-0806-000000000b00},10484,10300.0,,,,,,"T1031,T1050",,,,,,,,,,,,,2023-12-19T22:42:27.4002441Z,,,HKLM\System\CurrentControlSet\Services\atapi\Start,,,,13,,10592,NT AUTHORITY\SYSTEM,S-1-5-18,42:27.4,2.0,"<Event xmlns=""http://schemas.microsoft.com/win/2004/08/events/event"">
  <System>
    <Provider Name=""Microsoft-Windows-Sysmon"" Guid=""{5770385f-c22a-43e0-bf4c-06f5698ffbd9}""/>
    <EventID>13</EventID>
    <Version>2</Version>
    <Level>4</Level>
    <Task>13</Task>
    <Opcode>0</Opcode>
    <Keywords>0x8000000000000000</Keywords>
    <TimeCreated SystemTime=""2023-12-19T22:42:27.4002441Z""/>
    <EventRecordID>4044</EventRecordID>
    <Correlation/>
    <Execution ProcessID=""10484"" ThreadID=""10592""/>
    <Channel>Microsoft-Windows-Sysmon/Operational</Channel>
    <Computer>WinDev2309Eval</Computer>
    <Security UserID=""S-1-5-18""/>
  </System>
  <EventData>
    <Data Name=""RuleName"">T1031,T1050</Data>
    <Data Name=""EventType"">SetValue</Data>
    <Data Name=""UtcTime"">2023-12-19 22:42:27.391</Data>
    <Data Name=""ProcessGuid"">{f57bd86a-1c28-6582-0806-000000000b00}</Data>
    <Data Name=""ProcessId"">10300</Data>
    <Data Name=""Image"">C:\Windows\winsxs\amd64_microsoft-windows-servicingstack_31bf3856ad364e35_10.0.22621.2567_none_e93fb1d442e4b410\TiWorker.exe</Data>
    <Data Name=""TargetObject"">HKLM\System\CurrentControlSet\Services\atapi\Start</Data>
    <Data Name=""Details"">DWORD (0x00000000)</Data>
    <Data Name=""User"">NT AUTHORITY\SYSTEM</Data>
  </EventData>
</Event>
"
Microsoft-Windows-Sysmon/Operational,,,WinDev2309Eval,,,,,,,,,System32\drivers\atapi.sys,13,4043,SetValue,,,C:\Windows\winsxs\amd64_microsoft-windows-servicingstack_31bf3856ad364e35_10.0.22621.2567_none_e93fb1d442e4b410\TiWorker.exe,,,0x8000000000000000,4,,,,,0,,,,,,,{f57bd86a-1c28-6582-0806-000000000b00},10484,10300.0,,,,,,"T1031,T1050",,,,,,,,,,,,,2023-12-19T22:42:27.4001694Z,,,HKLM\System\CurrentControlSet\Services\atapi\ImagePath,,,,13,,10592,NT AUTHORITY\SYSTEM,S-1-5-18,42:27.4,2.0,"<Event xmlns=""http://schemas.microsoft.com/win/2004/08/events/event"">
  <System>
    <Provider Name=""Microsoft-Windows-Sysmon"" Guid=""{5770385f-c22a-43e0-bf4c-06f5698ffbd9}""/>
    <EventID>13</EventID>
    <Version>2</Version>
    <Level>4</Level>
    <Task>13</Task>
    <Opcode>0</Opcode>
    <Keywords>0x8000000000000000</Keywords>
    <TimeCreated SystemTime=""2023-12-19T22:42:27.4001694Z""/>
    <EventRecordID>4043</EventRecordID>
    <Correlation/>
    <Execution ProcessID=""10484"" ThreadID=""10592""/>
    <Channel>Microsoft-Windows-Sysmon/Operational</Channel>
    <Computer>WinDev2309Eval</Computer>
    <Security UserID=""S-1-5-18""/>
  </System>
  <EventData>
    <Data Name=""RuleName"">T1031,T1050</Data>
    <Data Name=""EventType"">SetValue</Data>
    <Data Name=""UtcTime"">2023-12-19 22:42:27.391</Data>
    <Data Name=""ProcessGuid"">{f57bd86a-1c28-6582-0806-000000000b00}</Data>
    <Data Name=""ProcessId"">10300</Data>
    <Data Name=""Image"">C:\Windows\winsxs\amd64_microsoft-windows-servicingstack_31bf3856ad364e35_10.0.22621.2567_none_e93fb1d442e4b410\TiWorker.exe</Data>
    <Data Name=""TargetObject"">HKLM\System\CurrentControlSet\Services\atapi\ImagePath</Data>
    <Data Name=""Details"">System32\drivers\atapi.sys</Data>
    <Data Name=""User"">NT AUTHORITY\SYSTEM</Data>
  </EventData>
</Event>
"
Microsoft-Windows-Sysmon/Operational,,,WinDev2309Eval,,,,,,,,,DWORD (0x00000003),13,4042,SetValue,,,C:\Windows\winsxs\amd64_microsoft-windows-servicingstack_31bf3856ad364e35_10.0.22621.2567_none_e93fb1d442e4b410\TiWorker.exe,,,0x8000000000000000,4,,,,,0,,,,,,,{f57bd86a-1c28-6582-0806-000000000b00},10484,10300.0,,,,,,"T1031,T1050",,,,,,,,,,,,,2023-12-19T22:42:27.3550288Z,,,HKLM\System\CurrentControlSet\Services\IPMIDRV\Start,,,,13,,10592,NT AUTHORITY\SYSTEM,S-1-5-18,42:27.3,2.0,"<Event xmlns=""http://schemas.microsoft.com/win/2004/08/events/event"">
  <System>
    <Provider Name=""Microsoft-Windows-Sysmon"" Guid=""{5770385f-c22a-43e0-bf4c-06f5698ffbd9}""/>
    <EventID>13</EventID>
    <Version>2</Version>
    <Level>4</Level>
    <Task>13</Task>
    <Opcode>0</Opcode>
    <Keywords>0x8000000000000000</Keywords>
    <TimeCreated SystemTime=""2023-12-19T22:42:27.3550288Z""/>
    <EventRecordID>4042</EventRecordID>
    <Correlation/>
    <Execution ProcessID=""10484"" ThreadID=""10592""/>
    <Channel>Microsoft-Windows-Sysmon/Operational</Channel>
    <Computer>WinDev2309Eval</Computer>
    <Security UserID=""S-1-5-18""/>
  </System>
  <EventData>
    <Data Name=""RuleName"">T1031,T1050</Data>
    <Data Name=""EventType"">SetValue</Data>
    <Data Name=""UtcTime"">2023-12-19 22:42:27.344</Data>
    <Data Name=""ProcessGuid"">{f57bd86a-1c28-6582-0806-000000000b00}</Data>
    <Data Name=""ProcessId"">10300</Data>
    <Data Name=""Image"">C:\Windows\winsxs\amd64_microsoft-windows-servicingstack_31bf3856ad364e35_10.0.22621.2567_none_e93fb1d442e4b410\TiWorker.exe</Data>
    <Data Name=""TargetObject"">HKLM\System\CurrentControlSet\Services\IPMIDRV\Start</Data>
    <Data Name=""Details"">DWORD (0x00000003)</Data>
    <Data Name=""User"">NT AUTHORITY\SYSTEM</Data>
  </EventData>
</Event>
"
Microsoft-Windows-Sysmon/Operational,,,WinDev2309Eval,,,,,,,,,\SystemRoot\System32\drivers\IPMIDrv.sys,13,4041,SetValue,,,C:\Windows\winsxs\amd64_microsoft-windows-servicingstack_31bf3856ad364e35_10.0.22621.2567_none_e93fb1d442e4b410\TiWorker.exe,,,0x8000000000000000,4,,,,,0,,,,,,,{f57bd86a-1c28-6582-0806-000000000b00},10484,10300.0,,,,,,"T1031,T1050",,,,,,,,,,,,,2023-12-19T22:42:27.3548726Z,,,HKLM\System\CurrentControlSet\Services\IPMIDRV\ImagePath,,,,13,,10592,NT AUTHORITY\SYSTEM,S-1-5-18,42:27.3,2.0,"<Event xmlns=""http://schemas.microsoft.com/win/2004/08/events/event"">
  <System>
    <Provider Name=""Microsoft-Windows-Sysmon"" Guid=""{5770385f-c22a-43e0-bf4c-06f5698ffbd9}""/>
    <EventID>13</EventID>
    <Version>2</Version>
    <Level>4</Level>
    <Task>13</Task>
    <Opcode>0</Opcode>
    <Keywords>0x8000000000000000</Keywords>
    <TimeCreated SystemTime=""2023-12-19T22:42:27.3548726Z""/>
    <EventRecordID>4041</EventRecordID>
    <Correlation/>
    <Execution ProcessID=""10484"" ThreadID=""10592""/>
    <Channel>Microsoft-Windows-Sysmon/Operational</Channel>
    <Computer>WinDev2309Eval</Computer>
    <Security UserID=""S-1-5-18""/>
  </System>
  <EventData>
    <Data Name=""RuleName"">T1031,T1050</Data>
    <Data Name=""EventType"">SetValue</Data>
    <Data Name=""UtcTime"">2023-12-19 22:42:27.344</Data>
    <Data Name=""ProcessGuid"">{f57bd86a-1c28-6582-0806-000000000b00}</Data>
    <Data Name=""ProcessId"">10300</Data>
    <Data Name=""Image"">C:\Windows\winsxs\amd64_microsoft-windows-servicingstack_31bf3856ad364e35_10.0.22621.2567_none_e93fb1d442e4b410\TiWorker.exe</Data>
    <Data Name=""TargetObject"">HKLM\System\CurrentControlSet\Services\IPMIDRV\ImagePath</Data>
    <Data Name=""Details"">\SystemRoot\System32\drivers\IPMIDrv.sys</Data>
    <Data Name=""User"">NT AUTHORITY\SYSTEM</Data>
  </EventData>
</Event>
"
Microsoft-Windows-Sysmon/Operational,,,WinDev2309Eval,,,,,,,,,DWORD (0x00000003),13,4040,SetValue,,,C:\Windows\winsxs\amd64_microsoft-windows-servicingstack_31bf3856ad364e35_10.0.22621.2567_none_e93fb1d442e4b410\TiWorker.exe,,,0x8000000000000000,4,,,,,0,,,,,,,{f57bd86a-1c28-6582-0806-000000000b00},10484,10300.0,,,,,,"T1031,T1050",,,,,,,,,,,,,2023-12-19T22:42:27.3325551Z,,,HKLM\System\CurrentControlSet\Services\vhf\Start,,,,13,,10592,NT AUTHORITY\SYSTEM,S-1-5-18,42:27.3,2.0,"<Event xmlns=""http://schemas.microsoft.com/win/2004/08/events/event"">
  <System>
    <Provider Name=""Microsoft-Windows-Sysmon"" Guid=""{5770385f-c22a-43e0-bf4c-06f5698ffbd9}""/>
    <EventID>13</EventID>
    <Version>2</Version>
    <Level>4</Level>
    <Task>13</Task>
    <Opcode>0</Opcode>
    <Keywords>0x8000000000000000</Keywords>
    <TimeCreated SystemTime=""2023-12-19T22:42:27.3325551Z""/>
    <EventRecordID>4040</EventRecordID>
    <Correlation/>
    <Execution ProcessID=""10484"" ThreadID=""10592""/>
    <Channel>Microsoft-Windows-Sysmon/Operational</Channel>
    <Computer>WinDev2309Eval</Computer>
    <Security UserID=""S-1-5-18""/>
  </System>
  <EventData>
    <Data Name=""RuleName"">T1031,T1050</Data>
    <Data Name=""EventType"">SetValue</Data>
    <Data Name=""UtcTime"">2023-12-19 22:42:27.329</Data>
    <Data Name=""ProcessGuid"">{f57bd86a-1c28-6582-0806-000000000b00}</Data>
    <Data Name=""ProcessId"">10300</Data>
    <Data Name=""Image"">C:\Windows\winsxs\amd64_microsoft-windows-servicingstack_31bf3856ad364e35_10.0.22621.2567_none_e93fb1d442e4b410\TiWorker.exe</Data>
    <Data Name=""TargetObject"">HKLM\System\CurrentControlSet\Services\vhf\Start</Data>
    <Data Name=""Details"">DWORD (0x00000003)</Data>
    <Data Name=""User"">NT AUTHORITY\SYSTEM</Data>
  </EventData>
</Event>
"
Microsoft-Windows-Sysmon/Operational,,,WinDev2309Eval,,,,,,,,,\SystemRoot\System32\drivers\vhf.sys,13,4039,SetValue,,,C:\Windows\winsxs\amd64_microsoft-windows-servicingstack_31bf3856ad364e35_10.0.22621.2567_none_e93fb1d442e4b410\TiWorker.exe,,,0x8000000000000000,4,,,,,0,,,,,,,{f57bd86a-1c28-6582-0806-000000000b00},10484,10300.0,,,,,,"T1031,T1050",,,,,,,,,,,,,2023-12-19T22:42:27.3324784Z,,,HKLM\System\CurrentControlSet\Services\vhf\ImagePath,,,,13,,10592,NT AUTHORITY\SYSTEM,S-1-5-18,42:27.3,2.0,"<Event xmlns=""http://schemas.microsoft.com/win/2004/08/events/event"">
  <System>
    <Provider Name=""Microsoft-Windows-Sysmon"" Guid=""{5770385f-c22a-43e0-bf4c-06f5698ffbd9}""/>
    <EventID>13</EventID>
    <Version>2</Version>
    <Level>4</Level>
    <Task>13</Task>
    <Opcode>0</Opcode>
    <Keywords>0x8000000000000000</Keywords>
    <TimeCreated SystemTime=""2023-12-19T22:42:27.3324784Z""/>
    <EventRecordID>4039</EventRecordID>
    <Correlation/>
    <Execution ProcessID=""10484"" ThreadID=""10592""/>
    <Channel>Microsoft-Windows-Sysmon/Operational</Channel>
    <Computer>WinDev2309Eval</Computer>
    <Security UserID=""S-1-5-18""/>
  </System>
  <EventData>
    <Data Name=""RuleName"">T1031,T1050</Data>
    <Data Name=""EventType"">SetValue</Data>
    <Data Name=""UtcTime"">2023-12-19 22:42:27.329</Data>
    <Data Name=""ProcessGuid"">{f57bd86a-1c28-6582-0806-000000000b00}</Data>
    <Data Name=""ProcessId"">10300</Data>
    <Data Name=""Image"">C:\Windows\winsxs\amd64_microsoft-windows-servicingstack_31bf3856ad364e35_10.0.22621.2567_none_e93fb1d442e4b410\TiWorker.exe</Data>
    <Data Name=""TargetObject"">HKLM\System\CurrentControlSet\Services\vhf\ImagePath</Data>
    <Data Name=""Details"">\SystemRoot\System32\drivers\vhf.sys</Data>
    <Data Name=""User"">NT AUTHORITY\SYSTEM</Data>
  </EventData>
</Event>
"
Microsoft-Windows-Sysmon/Operational,,,WinDev2309Eval,,,,,,,,,DWORD (0x00000003),13,4038,SetValue,,,C:\Windows\winsxs\amd64_microsoft-windows-servicingstack_31bf3856ad364e35_10.0.22621.2567_none_e93fb1d442e4b410\TiWorker.exe,,,0x8000000000000000,4,,,,,0,,,,,,,{f57bd86a-1c28-6582-0806-000000000b00},10484,10300.0,,,,,,"T1031,T1050",,,,,,,,,,,,,2023-12-19T22:42:27.3221542Z,,,HKLM\System\CurrentControlSet\Services\mshidkmdf\Start,,,,13,,10592,NT AUTHORITY\SYSTEM,S-1-5-18,42:27.3,2.0,"<Event xmlns=""http://schemas.microsoft.com/win/2004/08/events/event"">
  <System>
    <Provider Name=""Microsoft-Windows-Sysmon"" Guid=""{5770385f-c22a-43e0-bf4c-06f5698ffbd9}""/>
    <EventID>13</EventID>
    <Version>2</Version>
    <Level>4</Level>
    <Task>13</Task>
    <Opcode>0</Opcode>
    <Keywords>0x8000000000000000</Keywords>
    <TimeCreated SystemTime=""2023-12-19T22:42:27.3221542Z""/>
    <EventRecordID>4038</EventRecordID>
    <Correlation/>
    <Execution ProcessID=""10484"" ThreadID=""10592""/>
    <Channel>Microsoft-Windows-Sysmon/Operational</Channel>
    <Computer>WinDev2309Eval</Computer>
    <Security UserID=""S-1-5-18""/>
  </System>
  <EventData>
    <Data Name=""RuleName"">T1031,T1050</Data>
    <Data Name=""EventType"">SetValue</Data>
    <Data Name=""UtcTime"">2023-12-19 22:42:27.313</Data>
    <Data Name=""ProcessGuid"">{f57bd86a-1c28-6582-0806-000000000b00}</Data>
    <Data Name=""ProcessId"">10300</Data>
    <Data Name=""Image"">C:\Windows\winsxs\amd64_microsoft-windows-servicingstack_31bf3856ad364e35_10.0.22621.2567_none_e93fb1d442e4b410\TiWorker.exe</Data>
    <Data Name=""TargetObject"">HKLM\System\CurrentControlSet\Services\mshidkmdf\Start</Data>
    <Data Name=""Details"">DWORD (0x00000003)</Data>
    <Data Name=""User"">NT AUTHORITY\SYSTEM</Data>
  </EventData>
</Event>
"
Microsoft-Windows-Sysmon/Operational,,,WinDev2309Eval,,,,,,,,,\SystemRoot\System32\drivers\mshidkmdf.sys,13,4037,SetValue,,,C:\Windows\winsxs\amd64_microsoft-windows-servicingstack_31bf3856ad364e35_10.0.22621.2567_none_e93fb1d442e4b410\TiWorker.exe,,,0x8000000000000000,4,,,,,0,,,,,,,{f57bd86a-1c28-6582-0806-000000000b00},10484,10300.0,,,,,,"T1031,T1050",,,,,,,,,,,,,2023-12-19T22:42:27.3220700Z,,,HKLM\System\CurrentControlSet\Services\mshidkmdf\ImagePath,,,,13,,10592,NT AUTHORITY\SYSTEM,S-1-5-18,42:27.3,2.0,"<Event xmlns=""http://schemas.microsoft.com/win/2004/08/events/event"">
  <System>
    <Provider Name=""Microsoft-Windows-Sysmon"" Guid=""{5770385f-c22a-43e0-bf4c-06f5698ffbd9}""/>
    <EventID>13</EventID>
    <Version>2</Version>
    <Level>4</Level>
    <Task>13</Task>
    <Opcode>0</Opcode>
    <Keywords>0x8000000000000000</Keywords>
    <TimeCreated SystemTime=""2023-12-19T22:42:27.3220700Z""/>
    <EventRecordID>4037</EventRecordID>
    <Correlation/>
    <Execution ProcessID=""10484"" ThreadID=""10592""/>
    <Channel>Microsoft-Windows-Sysmon/Operational</Channel>
    <Computer>WinDev2309Eval</Computer>
    <Security UserID=""S-1-5-18""/>
  </System>
  <EventData>
    <Data Name=""RuleName"">T1031,T1050</Data>
    <Data Name=""EventType"">SetValue</Data>
    <Data Name=""UtcTime"">2023-12-19 22:42:27.313</Data>
    <Data Name=""ProcessGuid"">{f57bd86a-1c28-6582-0806-000000000b00}</Data>
    <Data Name=""ProcessId"">10300</Data>
    <Data Name=""Image"">C:\Windows\winsxs\amd64_microsoft-windows-servicingstack_31bf3856ad364e35_10.0.22621.2567_none_e93fb1d442e4b410\TiWorker.exe</Data>
    <Data Name=""TargetObject"">HKLM\System\CurrentControlSet\Services\mshidkmdf\ImagePath</Data>
    <Data Name=""Details"">\SystemRoot\System32\drivers\mshidkmdf.sys</Data>
    <Data Name=""User"">NT AUTHORITY\SYSTEM</Data>
  </EventData>
</Event>
"
Microsoft-Windows-Sysmon/Operational,,,WinDev2309Eval,,,,,,,,,DWORD (0x00000003),13,4036,SetValue,,,C:\Windows\winsxs\amd64_microsoft-windows-servicingstack_31bf3856ad364e35_10.0.22621.2567_none_e93fb1d442e4b410\TiWorker.exe,,,0x8000000000000000,4,,,,,0,,,,,,,{f57bd86a-1c28-6582-0806-000000000b00},10484,10300.0,,,,,,"T1031,T1050",,,,,,,,,,,,,2023-12-19T22:42:27.2887965Z,,,HKLM\System\CurrentControlSet\Services\iScsiPrt\Start,,,,13,,10592,NT AUTHORITY\SYSTEM,S-1-5-18,42:27.3,2.0,"<Event xmlns=""http://schemas.microsoft.com/win/2004/08/events/event"">
  <System>
    <Provider Name=""Microsoft-Windows-Sysmon"" Guid=""{5770385f-c22a-43e0-bf4c-06f5698ffbd9}""/>
    <EventID>13</EventID>
    <Version>2</Version>
    <Level>4</Level>
    <Task>13</Task>
    <Opcode>0</Opcode>
    <Keywords>0x8000000000000000</Keywords>
    <TimeCreated SystemTime=""2023-12-19T22:42:27.2887965Z""/>
    <EventRecordID>4036</EventRecordID>
    <Correlation/>
    <Execution ProcessID=""10484"" ThreadID=""10592""/>
    <Channel>Microsoft-Windows-Sysmon/Operational</Channel>
    <Computer>WinDev2309Eval</Computer>
    <Security UserID=""S-1-5-18""/>
  </System>
  <EventData>
    <Data Name=""RuleName"">T1031,T1050</Data>
    <Data Name=""EventType"">SetValue</Data>
    <Data Name=""UtcTime"">2023-12-19 22:42:27.282</Data>
    <Data Name=""ProcessGuid"">{f57bd86a-1c28-6582-0806-000000000b00}</Data>
    <Data Name=""ProcessId"">10300</Data>
    <Data Name=""Image"">C:\Windows\winsxs\amd64_microsoft-windows-servicingstack_31bf3856ad364e35_10.0.22621.2567_none_e93fb1d442e4b410\TiWorker.exe</Data>
    <Data Name=""TargetObject"">HKLM\System\CurrentControlSet\Services\iScsiPrt\Start</Data>
    <Data Name=""Details"">DWORD (0x00000003)</Data>
    <Data Name=""User"">NT AUTHORITY\SYSTEM</Data>
  </EventData>
</Event>
"
Microsoft-Windows-Sysmon/Operational,,,WinDev2309Eval,,,,,,,,,\SystemRoot\System32\drivers\msiscsi.sys,13,4035,SetValue,,,C:\Windows\winsxs\amd64_microsoft-windows-servicingstack_31bf3856ad364e35_10.0.22621.2567_none_e93fb1d442e4b410\TiWorker.exe,,,0x8000000000000000,4,,,,,0,,,,,,,{f57bd86a-1c28-6582-0806-000000000b00},10484,10300.0,,,,,,"T1031,T1050",,,,,,,,,,,,,2023-12-19T22:42:27.2887159Z,,,HKLM\System\CurrentControlSet\Services\iScsiPrt\ImagePath,,,,13,,10592,NT AUTHORITY\SYSTEM,S-1-5-18,42:27.3,2.0,"<Event xmlns=""http://schemas.microsoft.com/win/2004/08/events/event"">
  <System>
    <Provider Name=""Microsoft-Windows-Sysmon"" Guid=""{5770385f-c22a-43e0-bf4c-06f5698ffbd9}""/>
    <EventID>13</EventID>
    <Version>2</Version>
    <Level>4</Level>
    <Task>13</Task>
    <Opcode>0</Opcode>
    <Keywords>0x8000000000000000</Keywords>
    <TimeCreated SystemTime=""2023-12-19T22:42:27.2887159Z""/>
    <EventRecordID>4035</EventRecordID>
    <Correlation/>
    <Execution ProcessID=""10484"" ThreadID=""10592""/>
    <Channel>Microsoft-Windows-Sysmon/Operational</Channel>
    <Computer>WinDev2309Eval</Computer>
    <Security UserID=""S-1-5-18""/>
  </System>
  <EventData>
    <Data Name=""RuleName"">T1031,T1050</Data>
    <Data Name=""EventType"">SetValue</Data>
    <Data Name=""UtcTime"">2023-12-19 22:42:27.282</Data>
    <Data Name=""ProcessGuid"">{f57bd86a-1c28-6582-0806-000000000b00}</Data>
    <Data Name=""ProcessId"">10300</Data>
    <Data Name=""Image"">C:\Windows\winsxs\amd64_microsoft-windows-servicingstack_31bf3856ad364e35_10.0.22621.2567_none_e93fb1d442e4b410\TiWorker.exe</Data>
    <Data Name=""TargetObject"">HKLM\System\CurrentControlSet\Services\iScsiPrt\ImagePath</Data>
    <Data Name=""Details"">\SystemRoot\System32\drivers\msiscsi.sys</Data>
    <Data Name=""User"">NT AUTHORITY\SYSTEM</Data>
  </EventData>
</Event>
"
Microsoft-Windows-Sysmon/Operational,,,WinDev2309Eval,,,,,,,,,DWORD (0x00000003),13,4034,SetValue,,,C:\Windows\winsxs\amd64_microsoft-windows-servicingstack_31bf3856ad364e35_10.0.22621.2567_none_e93fb1d442e4b410\TiWorker.exe,,,0x8000000000000000,4,,,,,0,,,,,,,{f57bd86a-1c28-6582-0806-000000000b00},10484,10300.0,,,,,,"T1031,T1050",,,,,,,,,,,,,2023-12-19T22:42:27.2585534Z,,,HKLM\System\CurrentControlSet\Services\umbus\Start,,,,13,,10592,NT AUTHORITY\SYSTEM,S-1-5-18,42:27.2,2.0,"<Event xmlns=""http://schemas.microsoft.com/win/2004/08/events/event"">
  <System>
    <Provider Name=""Microsoft-Windows-Sysmon"" Guid=""{5770385f-c22a-43e0-bf4c-06f5698ffbd9}""/>
    <EventID>13</EventID>
    <Version>2</Version>
    <Level>4</Level>
    <Task>13</Task>
    <Opcode>0</Opcode>
    <Keywords>0x8000000000000000</Keywords>
    <TimeCreated SystemTime=""2023-12-19T22:42:27.2585534Z""/>
    <EventRecordID>4034</EventRecordID>
    <Correlation/>
    <Execution ProcessID=""10484"" ThreadID=""10592""/>
    <Channel>Microsoft-Windows-Sysmon/Operational</Channel>
    <Computer>WinDev2309Eval</Computer>
    <Security UserID=""S-1-5-18""/>
  </System>
  <EventData>
    <Data Name=""RuleName"">T1031,T1050</Data>
    <Data Name=""EventType"">SetValue</Data>
    <Data Name=""UtcTime"">2023-12-19 22:42:27.250</Data>
    <Data Name=""ProcessGuid"">{f57bd86a-1c28-6582-0806-000000000b00}</Data>
    <Data Name=""ProcessId"">10300</Data>
    <Data Name=""Image"">C:\Windows\winsxs\amd64_microsoft-windows-servicingstack_31bf3856ad364e35_10.0.22621.2567_none_e93fb1d442e4b410\TiWorker.exe</Data>
    <Data Name=""TargetObject"">HKLM\System\CurrentControlSet\Services\umbus\Start</Data>
    <Data Name=""Details"">DWORD (0x00000003)</Data>
    <Data Name=""User"">NT AUTHORITY\SYSTEM</Data>
  </EventData>
</Event>
"
