Channel,CommandLine,Company,Computer,CreationUtcTime,CurrentDirectory,Description,DestinationHostname,DestinationIp,DestinationIsIpv6,DestinationPort,DestinationPortName,Details,EventID,EventRecordID,EventType,FileVersion,Hashes,Image,Initiated,IntegrityLevel,Keywords,Level,LogonGuid,LogonId,Message,NewThreadId,Opcode,OriginalFileName,ParentCommandLine,ParentImage,ParentProcessGuid,ParentProcessId,ParentUser,ProcessGuid,ProcessID,ProcessId,Product,Protocol,QueryName,QueryResults,QueryStatus,RuleName,SourceHostname,SourceImage,SourceIp,SourceIsIpv6,SourcePort,SourcePortName,SourceProcessGuid,SourceProcessId,SourceUser,StartAddress,StartFunction,StartModule,SystemTime,TargetFilename,TargetImage,TargetObject,TargetProcessGuid,TargetProcessId,TargetUser,Task,TerminalSessionId,ThreadID,User,UserID,UtcTime,Version,raw
Microsoft-Windows-Sysmon/Operational,,,WinDev2309Eval,40:57.9,,,,,,,,,11,6519,,,,C:\Windows\Microsoft.NET\Framework\v4.0.30319\mscorsvw.exe,,,0x8000000000000000,4,,,,,0,,,,,,,{f57bd86a-2448-6584-8807-000000000d00},3400,9740.0,,,,,,DLL,,,,,,,,,,,,,2023-12-21T11:40:57.9297768Z,C:\Windows\assembly\NativeImages_v4.0.30319_32\Temp\260c-0\MessagePack.dll,,,,,,11,,4208,NT AUTHORITY\SYSTEM,S-1-5-18,40:57.9,2.0,"<Event xmlns=""http://schemas.microsoft.com/win/2004/08/events/event"">
  <System>
    <Provider Name=""Microsoft-Windows-Sysmon"" Guid=""{5770385f-c22a-43e0-bf4c-06f5698ffbd9}""/>
    <EventID>11</EventID>
    <Version>2</Version>
    <Level>4</Level>
    <Task>11</Task>
    <Opcode>0</Opcode>
    <Keywords>0x8000000000000000</Keywords>
    <TimeCreated SystemTime=""2023-12-21T11:40:57.9297768Z""/>
    <EventRecordID>6519</EventRecordID>
    <Correlation/>
    <Execution ProcessID=""3400"" ThreadID=""4208""/>
    <Channel>Microsoft-Windows-Sysmon/Operational</Channel>
    <Computer>WinDev2309Eval</Computer>
    <Security UserID=""S-1-5-18""/>
  </System>
  <EventData>
    <Data Name=""RuleName"">DLL</Data>
    <Data Name=""UtcTime"">2023-12-21 11:40:57.926</Data>
    <Data Name=""ProcessGuid"">{f57bd86a-2448-6584-8807-000000000d00}</Data>
    <Data Name=""ProcessId"">9740</Data>
    <Data Name=""Image"">C:\Windows\Microsoft.NET\Framework\v4.0.30319\mscorsvw.exe</Data>
    <Data Name=""TargetFilename"">C:\Windows\assembly\NativeImages_v4.0.30319_32\Temp\260c-0\MessagePack.dll</Data>
    <Data Name=""CreationUtcTime"">2023-12-21 11:40:57.926</Data>
    <Data Name=""User"">NT AUTHORITY\SYSTEM</Data>
  </EventData>
</Event>
"
Microsoft-Windows-Sysmon/Operational,,,WinDev2309Eval,40:56.4,,,,,,,,,11,6518,,,,C:\Windows\Microsoft.NET\Framework\v4.0.30319\mscorsvw.exe,,,0x8000000000000000,4,,,,,0,,,,,,,{f57bd86a-2448-6584-8607-000000000d00},3400,11472.0,,,,,,DLL,,,,,,,,,,,,,2023-12-21T11:40:56.4025722Z,C:\Windows\assembly\NativeImages_v4.0.30319_32\Temp\2cd0-0\MessagePack.Annotations.dll,,,,,,11,,4208,NT AUTHORITY\SYSTEM,S-1-5-18,40:56.4,2.0,"<Event xmlns=""http://schemas.microsoft.com/win/2004/08/events/event"">
  <System>
    <Provider Name=""Microsoft-Windows-Sysmon"" Guid=""{5770385f-c22a-43e0-bf4c-06f5698ffbd9}""/>
    <EventID>11</EventID>
    <Version>2</Version>
    <Level>4</Level>
    <Task>11</Task>
    <Opcode>0</Opcode>
    <Keywords>0x8000000000000000</Keywords>
    <TimeCreated SystemTime=""2023-12-21T11:40:56.4025722Z""/>
    <EventRecordID>6518</EventRecordID>
    <Correlation/>
    <Execution ProcessID=""3400"" ThreadID=""4208""/>
    <Channel>Microsoft-Windows-Sysmon/Operational</Channel>
    <Computer>WinDev2309Eval</Computer>
    <Security UserID=""S-1-5-18""/>
  </System>
  <EventData>
    <Data Name=""RuleName"">DLL</Data>
    <Data Name=""UtcTime"">2023-12-21 11:40:56.395</Data>
    <Data Name=""ProcessGuid"">{f57bd86a-2448-6584-8607-000000000d00}</Data>
    <Data Name=""ProcessId"">11472</Data>
    <Data Name=""Image"">C:\Windows\Microsoft.NET\Framework\v4.0.30319\mscorsvw.exe</Data>
    <Data Name=""TargetFilename"">C:\Windows\assembly\NativeImages_v4.0.30319_32\Temp\2cd0-0\MessagePack.Annotations.dll</Data>
    <Data Name=""CreationUtcTime"">2023-12-21 11:40:56.395</Data>
    <Data Name=""User"">NT AUTHORITY\SYSTEM</Data>
  </EventData>
</Event>
"
Microsoft-Windows-Sysmon/Operational,,,WinDev2309Eval,40:56.2,,,,,,,,,11,6517,,,,C:\Windows\Microsoft.NET\Framework\v4.0.30319\mscorsvw.exe,,,0x8000000000000000,4,,,,,0,,,,,,,{f57bd86a-2447-6584-8407-000000000d00},3400,2284.0,,,,,,EXE,,,,,,,,,,,,,2023-12-21T11:40:56.2119707Z,C:\Windows\assembly\NativeImages_v4.0.30319_32\Temp\8ec-0\InteractiveHost32.exe,,,,,,11,,4208,NT AUTHORITY\SYSTEM,S-1-5-18,40:56.2,2.0,"<Event xmlns=""http://schemas.microsoft.com/win/2004/08/events/event"">
  <System>
    <Provider Name=""Microsoft-Windows-Sysmon"" Guid=""{5770385f-c22a-43e0-bf4c-06f5698ffbd9}""/>
    <EventID>11</EventID>
    <Version>2</Version>
    <Level>4</Level>
    <Task>11</Task>
    <Opcode>0</Opcode>
    <Keywords>0x8000000000000000</Keywords>
    <TimeCreated SystemTime=""2023-12-21T11:40:56.2119707Z""/>
    <EventRecordID>6517</EventRecordID>
    <Correlation/>
    <Execution ProcessID=""3400"" ThreadID=""4208""/>
    <Channel>Microsoft-Windows-Sysmon/Operational</Channel>
    <Computer>WinDev2309Eval</Computer>
    <Security UserID=""S-1-5-18""/>
  </System>
  <EventData>
    <Data Name=""RuleName"">EXE</Data>
    <Data Name=""UtcTime"">2023-12-21 11:40:56.207</Data>
    <Data Name=""ProcessGuid"">{f57bd86a-2447-6584-8407-000000000d00}</Data>
    <Data Name=""ProcessId"">2284</Data>
    <Data Name=""Image"">C:\Windows\Microsoft.NET\Framework\v4.0.30319\mscorsvw.exe</Data>
    <Data Name=""TargetFilename"">C:\Windows\assembly\NativeImages_v4.0.30319_32\Temp\8ec-0\InteractiveHost32.exe</Data>
    <Data Name=""CreationUtcTime"">2023-12-21 11:40:56.207</Data>
    <Data Name=""User"">NT AUTHORITY\SYSTEM</Data>
  </EventData>
</Event>
"
Microsoft-Windows-Sysmon/Operational,,,WinDev2309Eval,40:55.7,,,,,,,,,11,6516,,,,C:\Windows\Microsoft.NET\Framework\v4.0.30319\mscorsvw.exe,,,0x8000000000000000,4,,,,,0,,,,,,,{f57bd86a-2447-6584-8207-000000000d00},3400,4964.0,,,,,,DLL,,,,,,,,,,,,,2023-12-21T11:40:55.6916412Z,C:\Windows\assembly\NativeImages_v4.0.30319_32\Temp\1364-0\Microsoft.CodeAnalysis.VisualBasic.ExpressionEvaluator.ResultProvider.dll,,,,,,11,,4208,NT AUTHORITY\SYSTEM,S-1-5-18,40:55.7,2.0,"<Event xmlns=""http://schemas.microsoft.com/win/2004/08/events/event"">
  <System>
    <Provider Name=""Microsoft-Windows-Sysmon"" Guid=""{5770385f-c22a-43e0-bf4c-06f5698ffbd9}""/>
    <EventID>11</EventID>
    <Version>2</Version>
    <Level>4</Level>
    <Task>11</Task>
    <Opcode>0</Opcode>
    <Keywords>0x8000000000000000</Keywords>
    <TimeCreated SystemTime=""2023-12-21T11:40:55.6916412Z""/>
    <EventRecordID>6516</EventRecordID>
    <Correlation/>
    <Execution ProcessID=""3400"" ThreadID=""4208""/>
    <Channel>Microsoft-Windows-Sysmon/Operational</Channel>
    <Computer>WinDev2309Eval</Computer>
    <Security UserID=""S-1-5-18""/>
  </System>
  <EventData>
    <Data Name=""RuleName"">DLL</Data>
    <Data Name=""UtcTime"">2023-12-21 11:40:55.686</Data>
    <Data Name=""ProcessGuid"">{f57bd86a-2447-6584-8207-000000000d00}</Data>
    <Data Name=""ProcessId"">4964</Data>
    <Data Name=""Image"">C:\Windows\Microsoft.NET\Framework\v4.0.30319\mscorsvw.exe</Data>
    <Data Name=""TargetFilename"">C:\Windows\assembly\NativeImages_v4.0.30319_32\Temp\1364-0\Microsoft.CodeAnalysis.VisualBasic.ExpressionEvaluator.ResultProvider.dll</Data>
    <Data Name=""CreationUtcTime"">2023-12-21 11:40:55.686</Data>
    <Data Name=""User"">NT AUTHORITY\SYSTEM</Data>
  </EventData>
</Event>
"
Microsoft-Windows-Sysmon/Operational,,,WinDev2309Eval,40:55.2,,,,,,,,,11,6515,,,,C:\Windows\Microsoft.NET\Framework\v4.0.30319\mscorsvw.exe,,,0x8000000000000000,4,,,,,0,,,,,,,{f57bd86a-2445-6584-8007-000000000d00},3400,12964.0,,,,,,DLL,,,,,,,,,,,,,2023-12-21T11:40:55.2586219Z,C:\Windows\assembly\NativeImages_v4.0.30319_32\Temp\32a4-0\Microsoft.CodeAnalysis.VisualBasic.ExpressionEvaluator.ExpressionCompiler.dll,,,,,,11,,4208,NT AUTHORITY\SYSTEM,S-1-5-18,40:55.2,2.0,"<Event xmlns=""http://schemas.microsoft.com/win/2004/08/events/event"">
  <System>
    <Provider Name=""Microsoft-Windows-Sysmon"" Guid=""{5770385f-c22a-43e0-bf4c-06f5698ffbd9}""/>
    <EventID>11</EventID>
    <Version>2</Version>
    <Level>4</Level>
    <Task>11</Task>
    <Opcode>0</Opcode>
    <Keywords>0x8000000000000000</Keywords>
    <TimeCreated SystemTime=""2023-12-21T11:40:55.2586219Z""/>
    <EventRecordID>6515</EventRecordID>
    <Correlation/>
    <Execution ProcessID=""3400"" ThreadID=""4208""/>
    <Channel>Microsoft-Windows-Sysmon/Operational</Channel>
    <Computer>WinDev2309Eval</Computer>
    <Security UserID=""S-1-5-18""/>
  </System>
  <EventData>
    <Data Name=""RuleName"">DLL</Data>
    <Data Name=""UtcTime"">2023-12-21 11:40:55.249</Data>
    <Data Name=""ProcessGuid"">{f57bd86a-2445-6584-8007-000000000d00}</Data>
    <Data Name=""ProcessId"">12964</Data>
    <Data Name=""Image"">C:\Windows\Microsoft.NET\Framework\v4.0.30319\mscorsvw.exe</Data>
    <Data Name=""TargetFilename"">C:\Windows\assembly\NativeImages_v4.0.30319_32\Temp\32a4-0\Microsoft.CodeAnalysis.VisualBasic.ExpressionEvaluator.ExpressionCompiler.dll</Data>
    <Data Name=""CreationUtcTime"">2023-12-21 11:40:55.249</Data>
    <Data Name=""User"">NT AUTHORITY\SYSTEM</Data>
  </EventData>
</Event>
"
Microsoft-Windows-Sysmon/Operational,,,WinDev2309Eval,40:53.6,,,,,,,,,11,6514,,,,C:\Windows\Microsoft.NET\Framework\v4.0.30319\mscorsvw.exe,,,0x8000000000000000,4,,,,,0,,,,,,,{f57bd86a-2445-6584-7e07-000000000d00},3400,12436.0,,,,,,DLL,,,,,,,,,,,,,2023-12-21T11:40:53.6249804Z,C:\Windows\assembly\NativeImages_v4.0.30319_32\Temp\3094-0\Microsoft.CodeAnalysis.ExpressionEvaluator.ResultProvider.dll,,,,,,11,,4208,NT AUTHORITY\SYSTEM,S-1-5-18,40:53.6,2.0,"<Event xmlns=""http://schemas.microsoft.com/win/2004/08/events/event"">
  <System>
    <Provider Name=""Microsoft-Windows-Sysmon"" Guid=""{5770385f-c22a-43e0-bf4c-06f5698ffbd9}""/>
    <EventID>11</EventID>
    <Version>2</Version>
    <Level>4</Level>
    <Task>11</Task>
    <Opcode>0</Opcode>
    <Keywords>0x8000000000000000</Keywords>
    <TimeCreated SystemTime=""2023-12-21T11:40:53.6249804Z""/>
    <EventRecordID>6514</EventRecordID>
    <Correlation/>
    <Execution ProcessID=""3400"" ThreadID=""4208""/>
    <Channel>Microsoft-Windows-Sysmon/Operational</Channel>
    <Computer>WinDev2309Eval</Computer>
    <Security UserID=""S-1-5-18""/>
  </System>
  <EventData>
    <Data Name=""RuleName"">DLL</Data>
    <Data Name=""UtcTime"">2023-12-21 11:40:53.621</Data>
    <Data Name=""ProcessGuid"">{f57bd86a-2445-6584-7e07-000000000d00}</Data>
    <Data Name=""ProcessId"">12436</Data>
    <Data Name=""Image"">C:\Windows\Microsoft.NET\Framework\v4.0.30319\mscorsvw.exe</Data>
    <Data Name=""TargetFilename"">C:\Windows\assembly\NativeImages_v4.0.30319_32\Temp\3094-0\Microsoft.CodeAnalysis.ExpressionEvaluator.ResultProvider.dll</Data>
    <Data Name=""CreationUtcTime"">2023-12-21 11:40:53.621</Data>
    <Data Name=""User"">NT AUTHORITY\SYSTEM</Data>
  </EventData>
</Event>
"
Microsoft-Windows-Sysmon/Operational,,,WinDev2309Eval,40:53.1,,,,,,,,,11,6513,,,,C:\Windows\Microsoft.NET\Framework\v4.0.30319\mscorsvw.exe,,,0x8000000000000000,4,,,,,0,,,,,,,{f57bd86a-2444-6584-7c07-000000000d00},3400,5332.0,,,,,,DLL,,,,,,,,,,,,,2023-12-21T11:40:53.1058657Z,C:\Windows\assembly\NativeImages_v4.0.30319_32\Temp\14d4-0\Microsoft.CodeAnalysis.ExpressionEvaluator.FunctionResolver.dll,,,,,,11,,4208,NT AUTHORITY\SYSTEM,S-1-5-18,40:53.1,2.0,"<Event xmlns=""http://schemas.microsoft.com/win/2004/08/events/event"">
  <System>
    <Provider Name=""Microsoft-Windows-Sysmon"" Guid=""{5770385f-c22a-43e0-bf4c-06f5698ffbd9}""/>
    <EventID>11</EventID>
    <Version>2</Version>
    <Level>4</Level>
    <Task>11</Task>
    <Opcode>0</Opcode>
    <Keywords>0x8000000000000000</Keywords>
    <TimeCreated SystemTime=""2023-12-21T11:40:53.1058657Z""/>
    <EventRecordID>6513</EventRecordID>
    <Correlation/>
    <Execution ProcessID=""3400"" ThreadID=""4208""/>
    <Channel>Microsoft-Windows-Sysmon/Operational</Channel>
    <Computer>WinDev2309Eval</Computer>
    <Security UserID=""S-1-5-18""/>
  </System>
  <EventData>
    <Data Name=""RuleName"">DLL</Data>
    <Data Name=""UtcTime"">2023-12-21 11:40:53.090</Data>
    <Data Name=""ProcessGuid"">{f57bd86a-2444-6584-7c07-000000000d00}</Data>
    <Data Name=""ProcessId"">5332</Data>
    <Data Name=""Image"">C:\Windows\Microsoft.NET\Framework\v4.0.30319\mscorsvw.exe</Data>
    <Data Name=""TargetFilename"">C:\Windows\assembly\NativeImages_v4.0.30319_32\Temp\14d4-0\Microsoft.CodeAnalysis.ExpressionEvaluator.FunctionResolver.dll</Data>
    <Data Name=""CreationUtcTime"">2023-12-21 11:40:53.090</Data>
    <Data Name=""User"">NT AUTHORITY\SYSTEM</Data>
  </EventData>
</Event>
"
Microsoft-Windows-Sysmon/Operational,,,WinDev2309Eval,40:52.1,,,,,,,,,11,6512,,,,C:\Windows\Microsoft.NET\Framework\v4.0.30319\mscorsvw.exe,,,0x8000000000000000,4,,,,,0,,,,,,,{f57bd86a-2443-6584-7a07-000000000d00},3400,12916.0,,,,,,DLL,,,,,,,,,,,,,2023-12-21T11:40:52.1667611Z,C:\Windows\assembly\NativeImages_v4.0.30319_32\Temp\3274-0\Microsoft.CodeAnalysis.ExpressionEvaluator.ExpressionCompiler.dll,,,,,,11,,4208,NT AUTHORITY\SYSTEM,S-1-5-18,40:52.2,2.0,"<Event xmlns=""http://schemas.microsoft.com/win/2004/08/events/event"">
  <System>
    <Provider Name=""Microsoft-Windows-Sysmon"" Guid=""{5770385f-c22a-43e0-bf4c-06f5698ffbd9}""/>
    <EventID>11</EventID>
    <Version>2</Version>
    <Level>4</Level>
    <Task>11</Task>
    <Opcode>0</Opcode>
    <Keywords>0x8000000000000000</Keywords>
    <TimeCreated SystemTime=""2023-12-21T11:40:52.1667611Z""/>
    <EventRecordID>6512</EventRecordID>
    <Correlation/>
    <Execution ProcessID=""3400"" ThreadID=""4208""/>
    <Channel>Microsoft-Windows-Sysmon/Operational</Channel>
    <Computer>WinDev2309Eval</Computer>
    <Security UserID=""S-1-5-18""/>
  </System>
  <EventData>
    <Data Name=""RuleName"">DLL</Data>
    <Data Name=""UtcTime"">2023-12-21 11:40:52.166</Data>
    <Data Name=""ProcessGuid"">{f57bd86a-2443-6584-7a07-000000000d00}</Data>
    <Data Name=""ProcessId"">12916</Data>
    <Data Name=""Image"">C:\Windows\Microsoft.NET\Framework\v4.0.30319\mscorsvw.exe</Data>
    <Data Name=""TargetFilename"">C:\Windows\assembly\NativeImages_v4.0.30319_32\Temp\3274-0\Microsoft.CodeAnalysis.ExpressionEvaluator.ExpressionCompiler.dll</Data>
    <Data Name=""CreationUtcTime"">2023-12-21 11:40:52.150</Data>
    <Data Name=""User"">NT AUTHORITY\SYSTEM</Data>
  </EventData>
</Event>
"
Microsoft-Windows-Sysmon/Operational,,,WinDev2309Eval,40:51.1,,,,,,,,,11,6511,,,,C:\Windows\Microsoft.NET\Framework\v4.0.30319\mscorsvw.exe,,,0x8000000000000000,4,,,,,0,,,,,,,{f57bd86a-2442-6584-7807-000000000d00},3400,6164.0,,,,,,DLL,,,,,,,,,,,,,2023-12-21T11:40:51.1348928Z,C:\Windows\assembly\NativeImages_v4.0.30319_32\Temp\1814-0\Microsoft.CodeAnalysis.CSharp.ExpressionEvaluator.ResultProvider.dll,,,,,,11,,4208,NT AUTHORITY\SYSTEM,S-1-5-18,40:51.1,2.0,"<Event xmlns=""http://schemas.microsoft.com/win/2004/08/events/event"">
  <System>
    <Provider Name=""Microsoft-Windows-Sysmon"" Guid=""{5770385f-c22a-43e0-bf4c-06f5698ffbd9}""/>
    <EventID>11</EventID>
    <Version>2</Version>
    <Level>4</Level>
    <Task>11</Task>
    <Opcode>0</Opcode>
    <Keywords>0x8000000000000000</Keywords>
    <TimeCreated SystemTime=""2023-12-21T11:40:51.1348928Z""/>
    <EventRecordID>6511</EventRecordID>
    <Correlation/>
    <Execution ProcessID=""3400"" ThreadID=""4208""/>
    <Channel>Microsoft-Windows-Sysmon/Operational</Channel>
    <Computer>WinDev2309Eval</Computer>
    <Security UserID=""S-1-5-18""/>
  </System>
  <EventData>
    <Data Name=""RuleName"">DLL</Data>
    <Data Name=""UtcTime"">2023-12-21 11:40:51.132</Data>
    <Data Name=""ProcessGuid"">{f57bd86a-2442-6584-7807-000000000d00}</Data>
    <Data Name=""ProcessId"">6164</Data>
    <Data Name=""Image"">C:\Windows\Microsoft.NET\Framework\v4.0.30319\mscorsvw.exe</Data>
    <Data Name=""TargetFilename"">C:\Windows\assembly\NativeImages_v4.0.30319_32\Temp\1814-0\Microsoft.CodeAnalysis.CSharp.ExpressionEvaluator.ResultProvider.dll</Data>
    <Data Name=""CreationUtcTime"">2023-12-21 11:40:51.132</Data>
    <Data Name=""User"">NT AUTHORITY\SYSTEM</Data>
  </EventData>
</Event>
"
Microsoft-Windows-Sysmon/Operational,,,WinDev2309Eval,40:50.7,,,,,,,,,11,6510,,,,C:\Windows\Microsoft.NET\Framework\v4.0.30319\mscorsvw.exe,,,0x8000000000000000,4,,,,,0,,,,,,,{f57bd86a-2440-6584-7607-000000000d00},3400,5476.0,,,,,,DLL,,,,,,,,,,,,,2023-12-21T11:40:50.7491074Z,C:\Windows\assembly\NativeImages_v4.0.30319_32\Temp\1564-0\Microsoft.CodeAnalysis.CSharp.ExpressionEvaluator.ExpressionCompiler.dll,,,,,,11,,4208,NT AUTHORITY\SYSTEM,S-1-5-18,40:50.7,2.0,"<Event xmlns=""http://schemas.microsoft.com/win/2004/08/events/event"">
  <System>
    <Provider Name=""Microsoft-Windows-Sysmon"" Guid=""{5770385f-c22a-43e0-bf4c-06f5698ffbd9}""/>
    <EventID>11</EventID>
    <Version>2</Version>
    <Level>4</Level>
    <Task>11</Task>
    <Opcode>0</Opcode>
    <Keywords>0x8000000000000000</Keywords>
    <TimeCreated SystemTime=""2023-12-21T11:40:50.7491074Z""/>
    <EventRecordID>6510</EventRecordID>
    <Correlation/>
    <Execution ProcessID=""3400"" ThreadID=""4208""/>
    <Channel>Microsoft-Windows-Sysmon/Operational</Channel>
    <Computer>WinDev2309Eval</Computer>
    <Security UserID=""S-1-5-18""/>
  </System>
  <EventData>
    <Data Name=""RuleName"">DLL</Data>
    <Data Name=""UtcTime"">2023-12-21 11:40:50.741</Data>
    <Data Name=""ProcessGuid"">{f57bd86a-2440-6584-7607-000000000d00}</Data>
    <Data Name=""ProcessId"">5476</Data>
    <Data Name=""Image"">C:\Windows\Microsoft.NET\Framework\v4.0.30319\mscorsvw.exe</Data>
    <Data Name=""TargetFilename"">C:\Windows\assembly\NativeImages_v4.0.30319_32\Temp\1564-0\Microsoft.CodeAnalysis.CSharp.ExpressionEvaluator.ExpressionCompiler.dll</Data>
    <Data Name=""CreationUtcTime"">2023-12-21 11:40:50.741</Data>
    <Data Name=""User"">NT AUTHORITY\SYSTEM</Data>
  </EventData>
</Event>
"
Microsoft-Windows-Sysmon/Operational,,,WinDev2309Eval,40:46.1,,,,,,,,,11,6509,,,,C:\Windows\Microsoft.NET\Framework\v4.0.30319\mscorsvw.exe,,,0x8000000000000000,4,,,,,0,,,,,,,{f57bd86a-243e-6584-7107-000000000d00},3400,892.0,,,,,,DLL,,,,,,,,,,,,,2023-12-21T11:40:46.1561487Z,C:\Windows\assembly\NativeImages_v4.0.30319_32\Temp\37c-0\Microsoft.VisualStudio.TestWindow.VSTest.dll,,,,,,11,,4208,NT AUTHORITY\SYSTEM,S-1-5-18,40:46.1,2.0,"<Event xmlns=""http://schemas.microsoft.com/win/2004/08/events/event"">
  <System>
    <Provider Name=""Microsoft-Windows-Sysmon"" Guid=""{5770385f-c22a-43e0-bf4c-06f5698ffbd9}""/>
    <EventID>11</EventID>
    <Version>2</Version>
    <Level>4</Level>
    <Task>11</Task>
    <Opcode>0</Opcode>
    <Keywords>0x8000000000000000</Keywords>
    <TimeCreated SystemTime=""2023-12-21T11:40:46.1561487Z""/>
    <EventRecordID>6509</EventRecordID>
    <Correlation/>
    <Execution ProcessID=""3400"" ThreadID=""4208""/>
    <Channel>Microsoft-Windows-Sysmon/Operational</Channel>
    <Computer>WinDev2309Eval</Computer>
    <Security UserID=""S-1-5-18""/>
  </System>
  <EventData>
    <Data Name=""RuleName"">DLL</Data>
    <Data Name=""UtcTime"">2023-12-21 11:40:46.144</Data>
    <Data Name=""ProcessGuid"">{f57bd86a-243e-6584-7107-000000000d00}</Data>
    <Data Name=""ProcessId"">892</Data>
    <Data Name=""Image"">C:\Windows\Microsoft.NET\Framework\v4.0.30319\mscorsvw.exe</Data>
    <Data Name=""TargetFilename"">C:\Windows\assembly\NativeImages_v4.0.30319_32\Temp\37c-0\Microsoft.VisualStudio.TestWindow.VSTest.dll</Data>
    <Data Name=""CreationUtcTime"">2023-12-21 11:40:46.144</Data>
    <Data Name=""User"">NT AUTHORITY\SYSTEM</Data>
  </EventData>
</Event>
"
Microsoft-Windows-Sysmon/Operational,,,WinDev2309Eval,40:45.8,,,,,,,,,11,6508,,,,C:\Windows\Microsoft.NET\Framework\v4.0.30319\mscorsvw.exe,,,0x8000000000000000,4,,,,,0,,,,,,,{f57bd86a-243a-6584-6f07-000000000d00},3400,10684.0,,,,,,DLL,,,,,,,,,,,,,2023-12-21T11:40:45.7720205Z,C:\Windows\assembly\NativeImages_v4.0.30319_32\Temp\29bc-0\Microsoft.VisualStudio.TestWindow.Internal.dll,,,,,,11,,4208,NT AUTHORITY\SYSTEM,S-1-5-18,40:45.8,2.0,"<Event xmlns=""http://schemas.microsoft.com/win/2004/08/events/event"">
  <System>
    <Provider Name=""Microsoft-Windows-Sysmon"" Guid=""{5770385f-c22a-43e0-bf4c-06f5698ffbd9}""/>
    <EventID>11</EventID>
    <Version>2</Version>
    <Level>4</Level>
    <Task>11</Task>
    <Opcode>0</Opcode>
    <Keywords>0x8000000000000000</Keywords>
    <TimeCreated SystemTime=""2023-12-21T11:40:45.7720205Z""/>
    <EventRecordID>6508</EventRecordID>
    <Correlation/>
    <Execution ProcessID=""3400"" ThreadID=""4208""/>
    <Channel>Microsoft-Windows-Sysmon/Operational</Channel>
    <Computer>WinDev2309Eval</Computer>
    <Security UserID=""S-1-5-18""/>
  </System>
  <EventData>
    <Data Name=""RuleName"">DLL</Data>
    <Data Name=""UtcTime"">2023-12-21 11:40:45.769</Data>
    <Data Name=""ProcessGuid"">{f57bd86a-243a-6584-6f07-000000000d00}</Data>
    <Data Name=""ProcessId"">10684</Data>
    <Data Name=""Image"">C:\Windows\Microsoft.NET\Framework\v4.0.30319\mscorsvw.exe</Data>
    <Data Name=""TargetFilename"">C:\Windows\assembly\NativeImages_v4.0.30319_32\Temp\29bc-0\Microsoft.VisualStudio.TestWindow.Internal.dll</Data>
    <Data Name=""CreationUtcTime"">2023-12-21 11:40:45.769</Data>
    <Data Name=""User"">NT AUTHORITY\SYSTEM</Data>
  </EventData>
</Event>
"
Microsoft-Windows-Sysmon/Operational,,,WinDev2309Eval,40:41.9,,,,,,,,,11,6507,,,,C:\Windows\Microsoft.NET\Framework\v4.0.30319\mscorsvw.exe,,,0x8000000000000000,4,,,,,0,,,,,,,{f57bd86a-2439-6584-6d07-000000000d00},3400,676.0,,,,,,DLL,,,,,,,,,,,,,2023-12-21T11:40:41.8694870Z,C:\Windows\assembly\NativeImages_v4.0.30319_32\Temp\2a4-0\Microsoft.VisualStudio.TestWindow.Interfaces.dll,,,,,,11,,4208,NT AUTHORITY\SYSTEM,S-1-5-18,40:41.9,2.0,"<Event xmlns=""http://schemas.microsoft.com/win/2004/08/events/event"">
  <System>
    <Provider Name=""Microsoft-Windows-Sysmon"" Guid=""{5770385f-c22a-43e0-bf4c-06f5698ffbd9}""/>
    <EventID>11</EventID>
    <Version>2</Version>
    <Level>4</Level>
    <Task>11</Task>
    <Opcode>0</Opcode>
    <Keywords>0x8000000000000000</Keywords>
    <TimeCreated SystemTime=""2023-12-21T11:40:41.8694870Z""/>
    <EventRecordID>6507</EventRecordID>
    <Correlation/>
    <Execution ProcessID=""3400"" ThreadID=""4208""/>
    <Channel>Microsoft-Windows-Sysmon/Operational</Channel>
    <Computer>WinDev2309Eval</Computer>
    <Security UserID=""S-1-5-18""/>
  </System>
  <EventData>
    <Data Name=""RuleName"">DLL</Data>
    <Data Name=""UtcTime"">2023-12-21 11:40:41.861</Data>
    <Data Name=""ProcessGuid"">{f57bd86a-2439-6584-6d07-000000000d00}</Data>
    <Data Name=""ProcessId"">676</Data>
    <Data Name=""Image"">C:\Windows\Microsoft.NET\Framework\v4.0.30319\mscorsvw.exe</Data>
    <Data Name=""TargetFilename"">C:\Windows\assembly\NativeImages_v4.0.30319_32\Temp\2a4-0\Microsoft.VisualStudio.TestWindow.Interfaces.dll</Data>
    <Data Name=""CreationUtcTime"">2023-12-21 11:40:41.861</Data>
    <Data Name=""User"">NT AUTHORITY\SYSTEM</Data>
  </EventData>
</Event>
"
Microsoft-Windows-Sysmon/Operational,,,WinDev2309Eval,40:41.3,,,,,,,,,11,6506,,,,C:\Windows\Microsoft.NET\Framework\v4.0.30319\mscorsvw.exe,,,0x8000000000000000,4,,,,,0,,,,,,,{f57bd86a-2435-6584-6b07-000000000d00},3400,9468.0,,,,,,DLL,,,,,,,,,,,,,2023-12-21T11:40:41.2948561Z,C:\Windows\assembly\NativeImages_v4.0.30319_32\Temp\24fc-0\Microsoft.VisualStudio.TestWindow.Host.dll,,,,,,11,,4208,NT AUTHORITY\SYSTEM,S-1-5-18,40:41.3,2.0,"<Event xmlns=""http://schemas.microsoft.com/win/2004/08/events/event"">
  <System>
    <Provider Name=""Microsoft-Windows-Sysmon"" Guid=""{5770385f-c22a-43e0-bf4c-06f5698ffbd9}""/>
    <EventID>11</EventID>
    <Version>2</Version>
    <Level>4</Level>
    <Task>11</Task>
    <Opcode>0</Opcode>
    <Keywords>0x8000000000000000</Keywords>
    <TimeCreated SystemTime=""2023-12-21T11:40:41.2948561Z""/>
    <EventRecordID>6506</EventRecordID>
    <Correlation/>
    <Execution ProcessID=""3400"" ThreadID=""4208""/>
    <Channel>Microsoft-Windows-Sysmon/Operational</Channel>
    <Computer>WinDev2309Eval</Computer>
    <Security UserID=""S-1-5-18""/>
  </System>
  <EventData>
    <Data Name=""RuleName"">DLL</Data>
    <Data Name=""UtcTime"">2023-12-21 11:40:41.283</Data>
    <Data Name=""ProcessGuid"">{f57bd86a-2435-6584-6b07-000000000d00}</Data>
    <Data Name=""ProcessId"">9468</Data>
    <Data Name=""Image"">C:\Windows\Microsoft.NET\Framework\v4.0.30319\mscorsvw.exe</Data>
    <Data Name=""TargetFilename"">C:\Windows\assembly\NativeImages_v4.0.30319_32\Temp\24fc-0\Microsoft.VisualStudio.TestWindow.Host.dll</Data>
    <Data Name=""CreationUtcTime"">2023-12-21 11:40:41.283</Data>
    <Data Name=""User"">NT AUTHORITY\SYSTEM</Data>
  </EventData>
</Event>
"
Microsoft-Windows-Sysmon/Operational,,,WinDev2309Eval,40:36.9,,,,,,,,,11,6505,,,,C:\Windows\Microsoft.NET\Framework\v4.0.30319\mscorsvw.exe,,,0x8000000000000000,4,,,,,0,,,,,,,{f57bd86a-2431-6584-6907-000000000d00},3400,6588.0,,,,,,DLL,,,,,,,,,,,,,2023-12-21T11:40:36.8643486Z,C:\Windows\assembly\NativeImages_v4.0.30319_32\Temp\19bc-0\Microsoft.VisualStudio.TestWindow.dll,,,,,,11,,4208,NT AUTHORITY\SYSTEM,S-1-5-18,40:36.9,2.0,"<Event xmlns=""http://schemas.microsoft.com/win/2004/08/events/event"">
  <System>
    <Provider Name=""Microsoft-Windows-Sysmon"" Guid=""{5770385f-c22a-43e0-bf4c-06f5698ffbd9}""/>
    <EventID>11</EventID>
    <Version>2</Version>
    <Level>4</Level>
    <Task>11</Task>
    <Opcode>0</Opcode>
    <Keywords>0x8000000000000000</Keywords>
    <TimeCreated SystemTime=""2023-12-21T11:40:36.8643486Z""/>
    <EventRecordID>6505</EventRecordID>
    <Correlation/>
    <Execution ProcessID=""3400"" ThreadID=""4208""/>
    <Channel>Microsoft-Windows-Sysmon/Operational</Channel>
    <Computer>WinDev2309Eval</Computer>
    <Security UserID=""S-1-5-18""/>
  </System>
  <EventData>
    <Data Name=""RuleName"">DLL</Data>
    <Data Name=""UtcTime"">2023-12-21 11:40:36.861</Data>
    <Data Name=""ProcessGuid"">{f57bd86a-2431-6584-6907-000000000d00}</Data>
    <Data Name=""ProcessId"">6588</Data>
    <Data Name=""Image"">C:\Windows\Microsoft.NET\Framework\v4.0.30319\mscorsvw.exe</Data>
    <Data Name=""TargetFilename"">C:\Windows\assembly\NativeImages_v4.0.30319_32\Temp\19bc-0\Microsoft.VisualStudio.TestWindow.dll</Data>
    <Data Name=""CreationUtcTime"">2023-12-21 11:40:36.861</Data>
    <Data Name=""User"">NT AUTHORITY\SYSTEM</Data>
  </EventData>
</Event>
"
Microsoft-Windows-Sysmon/Operational,,,WinDev2309Eval,40:32.1,,,,,,,,,11,6504,,,,C:\Windows\Microsoft.NET\Framework\v4.0.30319\mscorsvw.exe,,,0x8000000000000000,4,,,,,0,,,,,,,{f57bd86a-242a-6584-6707-000000000d00},3400,12944.0,,,,,,DLL,,,,,,,,,,,,,2023-12-21T11:40:32.1183569Z,C:\Windows\assembly\NativeImages_v4.0.30319_32\Temp\3290-0\Microsoft.VisualStudio.TestWindow.Core.dll,,,,,,11,,4208,NT AUTHORITY\SYSTEM,S-1-5-18,40:32.1,2.0,"<Event xmlns=""http://schemas.microsoft.com/win/2004/08/events/event"">
  <System>
    <Provider Name=""Microsoft-Windows-Sysmon"" Guid=""{5770385f-c22a-43e0-bf4c-06f5698ffbd9}""/>
    <EventID>11</EventID>
    <Version>2</Version>
    <Level>4</Level>
    <Task>11</Task>
    <Opcode>0</Opcode>
    <Keywords>0x8000000000000000</Keywords>
    <TimeCreated SystemTime=""2023-12-21T11:40:32.1183569Z""/>
    <EventRecordID>6504</EventRecordID>
    <Correlation/>
    <Execution ProcessID=""3400"" ThreadID=""4208""/>
    <Channel>Microsoft-Windows-Sysmon/Operational</Channel>
    <Computer>WinDev2309Eval</Computer>
    <Security UserID=""S-1-5-18""/>
  </System>
  <EventData>
    <Data Name=""RuleName"">DLL</Data>
    <Data Name=""UtcTime"">2023-12-21 11:40:32.117</Data>
    <Data Name=""ProcessGuid"">{f57bd86a-242a-6584-6707-000000000d00}</Data>
    <Data Name=""ProcessId"">12944</Data>
    <Data Name=""Image"">C:\Windows\Microsoft.NET\Framework\v4.0.30319\mscorsvw.exe</Data>
    <Data Name=""TargetFilename"">C:\Windows\assembly\NativeImages_v4.0.30319_32\Temp\3290-0\Microsoft.VisualStudio.TestWindow.Core.dll</Data>
    <Data Name=""CreationUtcTime"">2023-12-21 11:40:32.117</Data>
    <Data Name=""User"">NT AUTHORITY\SYSTEM</Data>
  </EventData>
</Event>
"
Microsoft-Windows-Sysmon/Operational,,,WinDev2309Eval,40:25.2,,,,,,,,,11,6503,,,,C:\Windows\Microsoft.NET\Framework\v4.0.30319\mscorsvw.exe,,,0x8000000000000000,4,,,,,0,,,,,,,{f57bd86a-2428-6584-6507-000000000d00},3400,1152.0,,,,,,DLL,,,,,,,,,,,,,2023-12-21T11:40:25.2505838Z,C:\Windows\assembly\NativeImages_v4.0.30319_32\Temp\480-0\Microsoft.VisualStudio.TestWindow.CodeLens.dll,,,,,,11,,4208,NT AUTHORITY\SYSTEM,S-1-5-18,40:25.2,2.0,"<Event xmlns=""http://schemas.microsoft.com/win/2004/08/events/event"">
  <System>
    <Provider Name=""Microsoft-Windows-Sysmon"" Guid=""{5770385f-c22a-43e0-bf4c-06f5698ffbd9}""/>
    <EventID>11</EventID>
    <Version>2</Version>
    <Level>4</Level>
    <Task>11</Task>
    <Opcode>0</Opcode>
    <Keywords>0x8000000000000000</Keywords>
    <TimeCreated SystemTime=""2023-12-21T11:40:25.2505838Z""/>
    <EventRecordID>6503</EventRecordID>
    <Correlation/>
    <Execution ProcessID=""3400"" ThreadID=""4208""/>
    <Channel>Microsoft-Windows-Sysmon/Operational</Channel>
    <Computer>WinDev2309Eval</Computer>
    <Security UserID=""S-1-5-18""/>
  </System>
  <EventData>
    <Data Name=""RuleName"">DLL</Data>
    <Data Name=""UtcTime"">2023-12-21 11:40:25.249</Data>
    <Data Name=""ProcessGuid"">{f57bd86a-2428-6584-6507-000000000d00}</Data>
    <Data Name=""ProcessId"">1152</Data>
    <Data Name=""Image"">C:\Windows\Microsoft.NET\Framework\v4.0.30319\mscorsvw.exe</Data>
    <Data Name=""TargetFilename"">C:\Windows\assembly\NativeImages_v4.0.30319_32\Temp\480-0\Microsoft.VisualStudio.TestWindow.CodeLens.dll</Data>
    <Data Name=""CreationUtcTime"">2023-12-21 11:40:25.249</Data>
    <Data Name=""User"">NT AUTHORITY\SYSTEM</Data>
  </EventData>
</Event>
"
Microsoft-Windows-Sysmon/Operational,,,WinDev2309Eval,40:23.5,,,,,,,,,11,6502,,,,C:\Windows\Microsoft.NET\Framework\v4.0.30319\mscorsvw.exe,,,0x8000000000000000,4,,,,,0,,,,,,,{f57bd86a-2427-6584-6207-000000000d00},3400,10340.0,,,,,,DLL,,,,,,,,,,,,,2023-12-21T11:40:23.4994645Z,C:\Windows\assembly\NativeImages_v4.0.30319_32\Temp\2864-0\System.Threading.Channels.dll,,,,,,11,,4208,NT AUTHORITY\SYSTEM,S-1-5-18,40:23.5,2.0,"<Event xmlns=""http://schemas.microsoft.com/win/2004/08/events/event"">
  <System>
    <Provider Name=""Microsoft-Windows-Sysmon"" Guid=""{5770385f-c22a-43e0-bf4c-06f5698ffbd9}""/>
    <EventID>11</EventID>
    <Version>2</Version>
    <Level>4</Level>
    <Task>11</Task>
    <Opcode>0</Opcode>
    <Keywords>0x8000000000000000</Keywords>
    <TimeCreated SystemTime=""2023-12-21T11:40:23.4994645Z""/>
    <EventRecordID>6502</EventRecordID>
    <Correlation/>
    <Execution ProcessID=""3400"" ThreadID=""4208""/>
    <Channel>Microsoft-Windows-Sysmon/Operational</Channel>
    <Computer>WinDev2309Eval</Computer>
    <Security UserID=""S-1-5-18""/>
  </System>
  <EventData>
    <Data Name=""RuleName"">DLL</Data>
    <Data Name=""UtcTime"">2023-12-21 11:40:23.494</Data>
    <Data Name=""ProcessGuid"">{f57bd86a-2427-6584-6207-000000000d00}</Data>
    <Data Name=""ProcessId"">10340</Data>
    <Data Name=""Image"">C:\Windows\Microsoft.NET\Framework\v4.0.30319\mscorsvw.exe</Data>
    <Data Name=""TargetFilename"">C:\Windows\assembly\NativeImages_v4.0.30319_32\Temp\2864-0\System.Threading.Channels.dll</Data>
    <Data Name=""CreationUtcTime"">2023-12-21 11:40:23.494</Data>
    <Data Name=""User"">NT AUTHORITY\SYSTEM</Data>
  </EventData>
</Event>
"
Microsoft-Windows-Sysmon/Operational,,,WinDev2309Eval,40:22.9,,,,,,,,,11,6501,,,,C:\Windows\Microsoft.NET\Framework\v4.0.30319\mscorsvw.exe,,,0x8000000000000000,4,,,,,0,,,,,,,{f57bd86a-2424-6584-5f07-000000000d00},3400,11324.0,,,,,,DLL,,,,,,,,,,,,,2023-12-21T11:40:22.9030668Z,C:\Windows\assembly\NativeImages_v4.0.30319_32\Temp\2c3c-0\System.Reactive.dll,,,,,,11,,4208,NT AUTHORITY\SYSTEM,S-1-5-18,40:22.9,2.0,"<Event xmlns=""http://schemas.microsoft.com/win/2004/08/events/event"">
  <System>
    <Provider Name=""Microsoft-Windows-Sysmon"" Guid=""{5770385f-c22a-43e0-bf4c-06f5698ffbd9}""/>
    <EventID>11</EventID>
    <Version>2</Version>
    <Level>4</Level>
    <Task>11</Task>
    <Opcode>0</Opcode>
    <Keywords>0x8000000000000000</Keywords>
    <TimeCreated SystemTime=""2023-12-21T11:40:22.9030668Z""/>
    <EventRecordID>6501</EventRecordID>
    <Correlation/>
    <Execution ProcessID=""3400"" ThreadID=""4208""/>
    <Channel>Microsoft-Windows-Sysmon/Operational</Channel>
    <Computer>WinDev2309Eval</Computer>
    <Security UserID=""S-1-5-18""/>
  </System>
  <EventData>
    <Data Name=""RuleName"">DLL</Data>
    <Data Name=""UtcTime"">2023-12-21 11:40:22.900</Data>
    <Data Name=""ProcessGuid"">{f57bd86a-2424-6584-5f07-000000000d00}</Data>
    <Data Name=""ProcessId"">11324</Data>
    <Data Name=""Image"">C:\Windows\Microsoft.NET\Framework\v4.0.30319\mscorsvw.exe</Data>
    <Data Name=""TargetFilename"">C:\Windows\assembly\NativeImages_v4.0.30319_32\Temp\2c3c-0\System.Reactive.dll</Data>
    <Data Name=""CreationUtcTime"">2023-12-21 11:40:22.900</Data>
    <Data Name=""User"">NT AUTHORITY\SYSTEM</Data>
  </EventData>
</Event>
"
Microsoft-Windows-Sysmon/Operational,,,WinDev2309Eval,40:19.6,,,,,,,,,11,6500,,,,C:\Windows\Microsoft.NET\Framework\v4.0.30319\mscorsvw.exe,,,0x8000000000000000,4,,,,,0,,,,,,,{f57bd86a-2422-6584-5c07-000000000d00},3400,5756.0,,,,,,DLL,,,,,,,,,,,,,2023-12-21T11:40:19.5619885Z,C:\Windows\assembly\NativeImages_v4.0.30319_32\Temp\167c-0\OmniSharp.Extensions.LanguageServer.Shared.dll,,,,,,11,,4208,NT AUTHORITY\SYSTEM,S-1-5-18,40:19.6,2.0,"<Event xmlns=""http://schemas.microsoft.com/win/2004/08/events/event"">
  <System>
    <Provider Name=""Microsoft-Windows-Sysmon"" Guid=""{5770385f-c22a-43e0-bf4c-06f5698ffbd9}""/>
    <EventID>11</EventID>
    <Version>2</Version>
    <Level>4</Level>
    <Task>11</Task>
    <Opcode>0</Opcode>
    <Keywords>0x8000000000000000</Keywords>
    <TimeCreated SystemTime=""2023-12-21T11:40:19.5619885Z""/>
    <EventRecordID>6500</EventRecordID>
    <Correlation/>
    <Execution ProcessID=""3400"" ThreadID=""4208""/>
    <Channel>Microsoft-Windows-Sysmon/Operational</Channel>
    <Computer>WinDev2309Eval</Computer>
    <Security UserID=""S-1-5-18""/>
  </System>
  <EventData>
    <Data Name=""RuleName"">DLL</Data>
    <Data Name=""UtcTime"">2023-12-21 11:40:19.553</Data>
    <Data Name=""ProcessGuid"">{f57bd86a-2422-6584-5c07-000000000d00}</Data>
    <Data Name=""ProcessId"">5756</Data>
    <Data Name=""Image"">C:\Windows\Microsoft.NET\Framework\v4.0.30319\mscorsvw.exe</Data>
    <Data Name=""TargetFilename"">C:\Windows\assembly\NativeImages_v4.0.30319_32\Temp\167c-0\OmniSharp.Extensions.LanguageServer.Shared.dll</Data>
    <Data Name=""CreationUtcTime"">2023-12-21 11:40:19.553</Data>
    <Data Name=""User"">NT AUTHORITY\SYSTEM</Data>
  </EventData>
</Event>
"
Microsoft-Windows-Sysmon/Operational,,,WinDev2309Eval,40:18.6,,,,,,,,,11,6499,,,,C:\Windows\Microsoft.NET\Framework\v4.0.30319\mscorsvw.exe,,,0x8000000000000000,4,,,,,0,,,,,,,{f57bd86a-2421-6584-5a07-000000000d00},3400,11784.0,,,,,,DLL,,,,,,,,,,,,,2023-12-21T11:40:18.6414833Z,C:\Windows\assembly\NativeImages_v4.0.30319_32\Temp\2e08-0\OmniSharp.Extensions.LanguageServer.dll,,,,,,11,,4208,NT AUTHORITY\SYSTEM,S-1-5-18,40:18.6,2.0,"<Event xmlns=""http://schemas.microsoft.com/win/2004/08/events/event"">
  <System>
    <Provider Name=""Microsoft-Windows-Sysmon"" Guid=""{5770385f-c22a-43e0-bf4c-06f5698ffbd9}""/>
    <EventID>11</EventID>
    <Version>2</Version>
    <Level>4</Level>
    <Task>11</Task>
    <Opcode>0</Opcode>
    <Keywords>0x8000000000000000</Keywords>
    <TimeCreated SystemTime=""2023-12-21T11:40:18.6414833Z""/>
    <EventRecordID>6499</EventRecordID>
    <Correlation/>
    <Execution ProcessID=""3400"" ThreadID=""4208""/>
    <Channel>Microsoft-Windows-Sysmon/Operational</Channel>
    <Computer>WinDev2309Eval</Computer>
    <Security UserID=""S-1-5-18""/>
  </System>
  <EventData>
    <Data Name=""RuleName"">DLL</Data>
    <Data Name=""UtcTime"">2023-12-21 11:40:18.631</Data>
    <Data Name=""ProcessGuid"">{f57bd86a-2421-6584-5a07-000000000d00}</Data>
    <Data Name=""ProcessId"">11784</Data>
    <Data Name=""Image"">C:\Windows\Microsoft.NET\Framework\v4.0.30319\mscorsvw.exe</Data>
    <Data Name=""TargetFilename"">C:\Windows\assembly\NativeImages_v4.0.30319_32\Temp\2e08-0\OmniSharp.Extensions.LanguageServer.dll</Data>
    <Data Name=""CreationUtcTime"">2023-12-21 11:40:18.631</Data>
    <Data Name=""User"">NT AUTHORITY\SYSTEM</Data>
  </EventData>
</Event>
"
Microsoft-Windows-Sysmon/Operational,,,WinDev2309Eval,40:17.5,,,,,,,,,11,6498,,,,C:\Windows\Microsoft.NET\Framework\v4.0.30319\mscorsvw.exe,,,0x8000000000000000,4,,,,,0,,,,,,,{f57bd86a-241e-6584-5807-000000000d00},3400,12972.0,,,,,,DLL,,,,,,,,,,,,,2023-12-21T11:40:17.4738178Z,C:\Windows\assembly\NativeImages_v4.0.30319_32\Temp\32ac-0\OmniSharp.Extensions.LanguageProtocol.dll,,,,,,11,,4208,NT AUTHORITY\SYSTEM,S-1-5-18,40:17.5,2.0,"<Event xmlns=""http://schemas.microsoft.com/win/2004/08/events/event"">
  <System>
    <Provider Name=""Microsoft-Windows-Sysmon"" Guid=""{5770385f-c22a-43e0-bf4c-06f5698ffbd9}""/>
    <EventID>11</EventID>
    <Version>2</Version>
    <Level>4</Level>
    <Task>11</Task>
    <Opcode>0</Opcode>
    <Keywords>0x8000000000000000</Keywords>
    <TimeCreated SystemTime=""2023-12-21T11:40:17.4738178Z""/>
    <EventRecordID>6498</EventRecordID>
    <Correlation/>
    <Execution ProcessID=""3400"" ThreadID=""4208""/>
    <Channel>Microsoft-Windows-Sysmon/Operational</Channel>
    <Computer>WinDev2309Eval</Computer>
    <Security UserID=""S-1-5-18""/>
  </System>
  <EventData>
    <Data Name=""RuleName"">DLL</Data>
    <Data Name=""UtcTime"">2023-12-21 11:40:17.459</Data>
    <Data Name=""ProcessGuid"">{f57bd86a-241e-6584-5807-000000000d00}</Data>
    <Data Name=""ProcessId"">12972</Data>
    <Data Name=""Image"">C:\Windows\Microsoft.NET\Framework\v4.0.30319\mscorsvw.exe</Data>
    <Data Name=""TargetFilename"">C:\Windows\assembly\NativeImages_v4.0.30319_32\Temp\32ac-0\OmniSharp.Extensions.LanguageProtocol.dll</Data>
    <Data Name=""CreationUtcTime"">2023-12-21 11:40:17.459</Data>
    <Data Name=""User"">NT AUTHORITY\SYSTEM</Data>
  </EventData>
</Event>
"
