Channel,CommandLine,Company,Computer,CreationUtcTime,CurrentDirectory,Description,DestinationHostname,DestinationIp,DestinationIsIpv6,DestinationPort,DestinationPortName,Details,EventID,EventRecordID,EventType,FileVersion,Hashes,Image,Initiated,IntegrityLevel,Keywords,Level,LogonGuid,LogonId,Message,NewThreadId,Opcode,OriginalFileName,ParentCommandLine,ParentImage,ParentProcessGuid,ParentProcessId,ParentUser,ProcessGuid,ProcessID,ProcessId,Product,Protocol,QueryName,QueryResults,QueryStatus,RuleName,SourceHostname,SourceImage,SourceIp,SourceIsIpv6,SourcePort,SourcePortName,SourceProcessGuid,SourceProcessId,SourceUser,StartAddress,StartFunction,StartModule,SystemTime,TargetFilename,TargetImage,TargetObject,TargetProcessGuid,TargetProcessId,TargetUser,Task,TerminalSessionId,ThreadID,User,UserID,UtcTime,Version,raw
Microsoft-Windows-Sysmon/Operational,,,WinDev2309Eval,,,,,,,,,,22,6123,,,,C:\Program Files\WindowsApps\Microsoft.MicrosoftSolitaireCollection_4.18.11210.0_x64__8wekyb3d8bbwe\Solitaire.exe,,,0x8000000000000000,4,,,,,0,,,,,,,{f57bd86a-fa60-6583-be04-000000000d00},3400,2080.0,,,download-ssl.msgamestudios.com,type: 5 download-ssl.msgamestudios.com-san.edgekey.net;type: 5 e85734.dscd.akamaiedge.net;::ffff:23.48.165.22;::ffff:23.48.165.34;,0.0,-,,,,,,,,,,,,,2023-12-21T08:42:15.8776265Z,,,,,,,22,,4220,WINDEV2309EVAL\User,S-1-5-18,10:44.2,5.0,"<Event xmlns=""http://schemas.microsoft.com/win/2004/08/events/event"">
  <System>
    <Provider Name=""Microsoft-Windows-Sysmon"" Guid=""{5770385f-c22a-43e0-bf4c-06f5698ffbd9}""/>
    <EventID>22</EventID>
    <Version>5</Version>
    <Level>4</Level>
    <Task>22</Task>
    <Opcode>0</Opcode>
    <Keywords>0x8000000000000000</Keywords>
    <TimeCreated SystemTime=""2023-12-21T08:42:15.8776265Z""/>
    <EventRecordID>6123</EventRecordID>
    <Correlation/>
    <Execution ProcessID=""3400"" ThreadID=""4220""/>
    <Channel>Microsoft-Windows-Sysmon/Operational</Channel>
    <Computer>WinDev2309Eval</Computer>
    <Security UserID=""S-1-5-18""/>
  </System>
  <EventData>
    <Data Name=""RuleName"">-</Data>
    <Data Name=""UtcTime"">2023-12-20 17:10:44.180</Data>
    <Data Name=""ProcessGuid"">{f57bd86a-fa60-6583-be04-000000000d00}</Data>
    <Data Name=""ProcessId"">2080</Data>
    <Data Name=""QueryName"">download-ssl.msgamestudios.com</Data>
    <Data Name=""QueryStatus"">0</Data>
    <Data Name=""QueryResults"">type: 5 download-ssl.msgamestudios.com-san.edgekey.net;type: 5 e85734.dscd.akamaiedge.net;::ffff:23.48.165.22;::ffff:23.48.165.34;</Data>
    <Data Name=""Image"">C:\Program Files\WindowsApps\Microsoft.MicrosoftSolitaireCollection_4.18.11210.0_x64__8wekyb3d8bbwe\Solitaire.exe</Data>
    <Data Name=""User"">WINDEV2309EVAL\User</Data>
  </EventData>
</Event>
"
Microsoft-Windows-Sysmon/Operational,,,WinDev2309Eval,,,,,,,,,,22,6122,,,,C:\Program Files\WindowsApps\Microsoft.MicrosoftSolitaireCollection_4.18.11210.0_x64__8wekyb3d8bbwe\Solitaire.exe,,,0x8000000000000000,4,,,,,0,,,,,,,{f57bd86a-fa60-6583-be04-000000000d00},3400,2080.0,,,download-ssl.msgamestudios.com,type: 5 download-ssl.msgamestudios.com-san.edgekey.net;type: 5 e85734.dscd.akamaiedge.net;::ffff:23.48.165.22;::ffff:23.48.165.34;,0.0,-,,,,,,,,,,,,,2023-12-21T08:42:15.8744291Z,,,,,,,22,,4220,WINDEV2309EVAL\User,S-1-5-18,10:44.2,5.0,"<Event xmlns=""http://schemas.microsoft.com/win/2004/08/events/event"">
  <System>
    <Provider Name=""Microsoft-Windows-Sysmon"" Guid=""{5770385f-c22a-43e0-bf4c-06f5698ffbd9}""/>
    <EventID>22</EventID>
    <Version>5</Version>
    <Level>4</Level>
    <Task>22</Task>
    <Opcode>0</Opcode>
    <Keywords>0x8000000000000000</Keywords>
    <TimeCreated SystemTime=""2023-12-21T08:42:15.8744291Z""/>
    <EventRecordID>6122</EventRecordID>
    <Correlation/>
    <Execution ProcessID=""3400"" ThreadID=""4220""/>
    <Channel>Microsoft-Windows-Sysmon/Operational</Channel>
    <Computer>WinDev2309Eval</Computer>
    <Security UserID=""S-1-5-18""/>
  </System>
  <EventData>
    <Data Name=""RuleName"">-</Data>
    <Data Name=""UtcTime"">2023-12-20 17:10:44.176</Data>
    <Data Name=""ProcessGuid"">{f57bd86a-fa60-6583-be04-000000000d00}</Data>
    <Data Name=""ProcessId"">2080</Data>
    <Data Name=""QueryName"">download-ssl.msgamestudios.com</Data>
    <Data Name=""QueryStatus"">0</Data>
    <Data Name=""QueryResults"">type: 5 download-ssl.msgamestudios.com-san.edgekey.net;type: 5 e85734.dscd.akamaiedge.net;::ffff:23.48.165.22;::ffff:23.48.165.34;</Data>
    <Data Name=""Image"">C:\Program Files\WindowsApps\Microsoft.MicrosoftSolitaireCollection_4.18.11210.0_x64__8wekyb3d8bbwe\Solitaire.exe</Data>
    <Data Name=""User"">WINDEV2309EVAL\User</Data>
  </EventData>
</Event>
"
Microsoft-Windows-Sysmon/Operational,,,WinDev2309Eval,,,,,,,,,,22,6121,,,,C:\Program Files\WindowsApps\Microsoft.MicrosoftSolitaireCollection_4.18.11210.0_x64__8wekyb3d8bbwe\Solitaire.exe,,,0x8000000000000000,4,,,,,0,,,,,,,{f57bd86a-fa60-6583-be04-000000000d00},3400,2080.0,,,download-ssl.msgamestudios.com,type: 5 download-ssl.msgamestudios.com-san.edgekey.net;type: 5 e85734.dscd.akamaiedge.net;::ffff:23.48.165.22;::ffff:23.48.165.34;,0.0,-,,,,,,,,,,,,,2023-12-21T08:42:15.8698201Z,,,,,,,22,,4220,WINDEV2309EVAL\User,S-1-5-18,10:43.9,5.0,"<Event xmlns=""http://schemas.microsoft.com/win/2004/08/events/event"">
  <System>
    <Provider Name=""Microsoft-Windows-Sysmon"" Guid=""{5770385f-c22a-43e0-bf4c-06f5698ffbd9}""/>
    <EventID>22</EventID>
    <Version>5</Version>
    <Level>4</Level>
    <Task>22</Task>
    <Opcode>0</Opcode>
    <Keywords>0x8000000000000000</Keywords>
    <TimeCreated SystemTime=""2023-12-21T08:42:15.8698201Z""/>
    <EventRecordID>6121</EventRecordID>
    <Correlation/>
    <Execution ProcessID=""3400"" ThreadID=""4220""/>
    <Channel>Microsoft-Windows-Sysmon/Operational</Channel>
    <Computer>WinDev2309Eval</Computer>
    <Security UserID=""S-1-5-18""/>
  </System>
  <EventData>
    <Data Name=""RuleName"">-</Data>
    <Data Name=""UtcTime"">2023-12-20 17:10:43.934</Data>
    <Data Name=""ProcessGuid"">{f57bd86a-fa60-6583-be04-000000000d00}</Data>
    <Data Name=""ProcessId"">2080</Data>
    <Data Name=""QueryName"">download-ssl.msgamestudios.com</Data>
    <Data Name=""QueryStatus"">0</Data>
    <Data Name=""QueryResults"">type: 5 download-ssl.msgamestudios.com-san.edgekey.net;type: 5 e85734.dscd.akamaiedge.net;::ffff:23.48.165.22;::ffff:23.48.165.34;</Data>
    <Data Name=""Image"">C:\Program Files\WindowsApps\Microsoft.MicrosoftSolitaireCollection_4.18.11210.0_x64__8wekyb3d8bbwe\Solitaire.exe</Data>
    <Data Name=""User"">WINDEV2309EVAL\User</Data>
  </EventData>
</Event>
"
Microsoft-Windows-Sysmon/Operational,,,WinDev2309Eval,,,,,,,,,,22,6120,,,,C:\Program Files\WindowsApps\Microsoft.MicrosoftSolitaireCollection_4.18.11210.0_x64__8wekyb3d8bbwe\Solitaire.exe,,,0x8000000000000000,4,,,,,0,,,,,,,{f57bd86a-fa60-6583-be04-000000000d00},3400,2080.0,,,download-ssl.msgamestudios.com,type: 5 download-ssl.msgamestudios.com-san.edgekey.net;type: 5 e85734.dscd.akamaiedge.net;::ffff:23.48.165.22;::ffff:23.48.165.34;,0.0,-,,,,,,,,,,,,,2023-12-21T08:42:15.8626009Z,,,,,,,22,,4220,WINDEV2309EVAL\User,S-1-5-18,10:43.9,5.0,"<Event xmlns=""http://schemas.microsoft.com/win/2004/08/events/event"">
  <System>
    <Provider Name=""Microsoft-Windows-Sysmon"" Guid=""{5770385f-c22a-43e0-bf4c-06f5698ffbd9}""/>
    <EventID>22</EventID>
    <Version>5</Version>
    <Level>4</Level>
    <Task>22</Task>
    <Opcode>0</Opcode>
    <Keywords>0x8000000000000000</Keywords>
    <TimeCreated SystemTime=""2023-12-21T08:42:15.8626009Z""/>
    <EventRecordID>6120</EventRecordID>
    <Correlation/>
    <Execution ProcessID=""3400"" ThreadID=""4220""/>
    <Channel>Microsoft-Windows-Sysmon/Operational</Channel>
    <Computer>WinDev2309Eval</Computer>
    <Security UserID=""S-1-5-18""/>
  </System>
  <EventData>
    <Data Name=""RuleName"">-</Data>
    <Data Name=""UtcTime"">2023-12-20 17:10:43.934</Data>
    <Data Name=""ProcessGuid"">{f57bd86a-fa60-6583-be04-000000000d00}</Data>
    <Data Name=""ProcessId"">2080</Data>
    <Data Name=""QueryName"">download-ssl.msgamestudios.com</Data>
    <Data Name=""QueryStatus"">0</Data>
    <Data Name=""QueryResults"">type: 5 download-ssl.msgamestudios.com-san.edgekey.net;type: 5 e85734.dscd.akamaiedge.net;::ffff:23.48.165.22;::ffff:23.48.165.34;</Data>
    <Data Name=""Image"">C:\Program Files\WindowsApps\Microsoft.MicrosoftSolitaireCollection_4.18.11210.0_x64__8wekyb3d8bbwe\Solitaire.exe</Data>
    <Data Name=""User"">WINDEV2309EVAL\User</Data>
  </EventData>
</Event>
"
Microsoft-Windows-Sysmon/Operational,,,WinDev2309Eval,,,,,,,,,,22,6119,,,,C:\Program Files\WindowsApps\Microsoft.MicrosoftSolitaireCollection_4.18.11210.0_x64__8wekyb3d8bbwe\Solitaire.exe,,,0x8000000000000000,4,,,,,0,,,,,,,{f57bd86a-fa60-6583-be04-000000000d00},3400,2080.0,,,download-ssl.msgamestudios.com,type: 5 download-ssl.msgamestudios.com-san.edgekey.net;type: 5 e85734.dscd.akamaiedge.net;::ffff:23.48.165.22;::ffff:23.48.165.34;,0.0,-,,,,,,,,,,,,,2023-12-21T08:42:14.8627867Z,,,,,,,22,,4220,WINDEV2309EVAL\User,S-1-5-18,10:43.9,5.0,"<Event xmlns=""http://schemas.microsoft.com/win/2004/08/events/event"">
  <System>
    <Provider Name=""Microsoft-Windows-Sysmon"" Guid=""{5770385f-c22a-43e0-bf4c-06f5698ffbd9}""/>
    <EventID>22</EventID>
    <Version>5</Version>
    <Level>4</Level>
    <Task>22</Task>
    <Opcode>0</Opcode>
    <Keywords>0x8000000000000000</Keywords>
    <TimeCreated SystemTime=""2023-12-21T08:42:14.8627867Z""/>
    <EventRecordID>6119</EventRecordID>
    <Correlation/>
    <Execution ProcessID=""3400"" ThreadID=""4220""/>
    <Channel>Microsoft-Windows-Sysmon/Operational</Channel>
    <Computer>WinDev2309Eval</Computer>
    <Security UserID=""S-1-5-18""/>
  </System>
  <EventData>
    <Data Name=""RuleName"">-</Data>
    <Data Name=""UtcTime"">2023-12-20 17:10:43.930</Data>
    <Data Name=""ProcessGuid"">{f57bd86a-fa60-6583-be04-000000000d00}</Data>
    <Data Name=""ProcessId"">2080</Data>
    <Data Name=""QueryName"">download-ssl.msgamestudios.com</Data>
    <Data Name=""QueryStatus"">0</Data>
    <Data Name=""QueryResults"">type: 5 download-ssl.msgamestudios.com-san.edgekey.net;type: 5 e85734.dscd.akamaiedge.net;::ffff:23.48.165.22;::ffff:23.48.165.34;</Data>
    <Data Name=""Image"">C:\Program Files\WindowsApps\Microsoft.MicrosoftSolitaireCollection_4.18.11210.0_x64__8wekyb3d8bbwe\Solitaire.exe</Data>
    <Data Name=""User"">WINDEV2309EVAL\User</Data>
  </EventData>
</Event>
"
Microsoft-Windows-Sysmon/Operational,,,WinDev2309Eval,,,,,,,,,,22,6118,,,,C:\Program Files\WindowsApps\Microsoft.MicrosoftSolitaireCollection_4.18.11210.0_x64__8wekyb3d8bbwe\Solitaire.exe,,,0x8000000000000000,4,,,,,0,,,,,,,{f57bd86a-fa60-6583-be04-000000000d00},3400,2080.0,,,download-ssl.msgamestudios.com,type: 5 download-ssl.msgamestudios.com-san.edgekey.net;type: 5 e85734.dscd.akamaiedge.net;::ffff:23.48.165.22;::ffff:23.48.165.34;,0.0,-,,,,,,,,,,,,,2023-12-21T08:42:14.8613266Z,,,,,,,22,,4220,WINDEV2309EVAL\User,S-1-5-18,10:43.9,5.0,"<Event xmlns=""http://schemas.microsoft.com/win/2004/08/events/event"">
  <System>
    <Provider Name=""Microsoft-Windows-Sysmon"" Guid=""{5770385f-c22a-43e0-bf4c-06f5698ffbd9}""/>
    <EventID>22</EventID>
    <Version>5</Version>
    <Level>4</Level>
    <Task>22</Task>
    <Opcode>0</Opcode>
    <Keywords>0x8000000000000000</Keywords>
    <TimeCreated SystemTime=""2023-12-21T08:42:14.8613266Z""/>
    <EventRecordID>6118</EventRecordID>
    <Correlation/>
    <Execution ProcessID=""3400"" ThreadID=""4220""/>
    <Channel>Microsoft-Windows-Sysmon/Operational</Channel>
    <Computer>WinDev2309Eval</Computer>
    <Security UserID=""S-1-5-18""/>
  </System>
  <EventData>
    <Data Name=""RuleName"">-</Data>
    <Data Name=""UtcTime"">2023-12-20 17:10:43.930</Data>
    <Data Name=""ProcessGuid"">{f57bd86a-fa60-6583-be04-000000000d00}</Data>
    <Data Name=""ProcessId"">2080</Data>
    <Data Name=""QueryName"">download-ssl.msgamestudios.com</Data>
    <Data Name=""QueryStatus"">0</Data>
    <Data Name=""QueryResults"">type: 5 download-ssl.msgamestudios.com-san.edgekey.net;type: 5 e85734.dscd.akamaiedge.net;::ffff:23.48.165.22;::ffff:23.48.165.34;</Data>
    <Data Name=""Image"">C:\Program Files\WindowsApps\Microsoft.MicrosoftSolitaireCollection_4.18.11210.0_x64__8wekyb3d8bbwe\Solitaire.exe</Data>
    <Data Name=""User"">WINDEV2309EVAL\User</Data>
  </EventData>
</Event>
"
Microsoft-Windows-Sysmon/Operational,,,WinDev2309Eval,,,,,,,,,,22,6117,,,,C:\Program Files\WindowsApps\Microsoft.MicrosoftSolitaireCollection_4.18.11210.0_x64__8wekyb3d8bbwe\Solitaire.exe,,,0x8000000000000000,4,,,,,0,,,,,,,{f57bd86a-fa60-6583-be04-000000000d00},3400,2080.0,,,download-ssl.msgamestudios.com,type: 5 download-ssl.msgamestudios.com-san.edgekey.net;type: 5 e85734.dscd.akamaiedge.net;::ffff:23.48.165.22;::ffff:23.48.165.34;,0.0,-,,,,,,,,,,,,,2023-12-21T08:42:14.8594811Z,,,,,,,22,,4220,WINDEV2309EVAL\User,S-1-5-18,10:43.9,5.0,"<Event xmlns=""http://schemas.microsoft.com/win/2004/08/events/event"">
  <System>
    <Provider Name=""Microsoft-Windows-Sysmon"" Guid=""{5770385f-c22a-43e0-bf4c-06f5698ffbd9}""/>
    <EventID>22</EventID>
    <Version>5</Version>
    <Level>4</Level>
    <Task>22</Task>
    <Opcode>0</Opcode>
    <Keywords>0x8000000000000000</Keywords>
    <TimeCreated SystemTime=""2023-12-21T08:42:14.8594811Z""/>
    <EventRecordID>6117</EventRecordID>
    <Correlation/>
    <Execution ProcessID=""3400"" ThreadID=""4220""/>
    <Channel>Microsoft-Windows-Sysmon/Operational</Channel>
    <Computer>WinDev2309Eval</Computer>
    <Security UserID=""S-1-5-18""/>
  </System>
  <EventData>
    <Data Name=""RuleName"">-</Data>
    <Data Name=""UtcTime"">2023-12-20 17:10:43.929</Data>
    <Data Name=""ProcessGuid"">{f57bd86a-fa60-6583-be04-000000000d00}</Data>
    <Data Name=""ProcessId"">2080</Data>
    <Data Name=""QueryName"">download-ssl.msgamestudios.com</Data>
    <Data Name=""QueryStatus"">0</Data>
    <Data Name=""QueryResults"">type: 5 download-ssl.msgamestudios.com-san.edgekey.net;type: 5 e85734.dscd.akamaiedge.net;::ffff:23.48.165.22;::ffff:23.48.165.34;</Data>
    <Data Name=""Image"">C:\Program Files\WindowsApps\Microsoft.MicrosoftSolitaireCollection_4.18.11210.0_x64__8wekyb3d8bbwe\Solitaire.exe</Data>
    <Data Name=""User"">WINDEV2309EVAL\User</Data>
  </EventData>
</Event>
"
Microsoft-Windows-Sysmon/Operational,,,WinDev2309Eval,,,,,,,,,,22,6116,,,,C:\Program Files\WindowsApps\Microsoft.MicrosoftSolitaireCollection_4.18.11210.0_x64__8wekyb3d8bbwe\Solitaire.exe,,,0x8000000000000000,4,,,,,0,,,,,,,{f57bd86a-fa60-6583-be04-000000000d00},3400,2080.0,,,download-ssl.msgamestudios.com,type: 5 download-ssl.msgamestudios.com-san.edgekey.net;type: 5 e85734.dscd.akamaiedge.net;::ffff:23.48.165.22;::ffff:23.48.165.34;,0.0,-,,,,,,,,,,,,,2023-12-21T08:42:14.8576868Z,,,,,,,22,,4220,WINDEV2309EVAL\User,S-1-5-18,10:43.9,5.0,"<Event xmlns=""http://schemas.microsoft.com/win/2004/08/events/event"">
  <System>
    <Provider Name=""Microsoft-Windows-Sysmon"" Guid=""{5770385f-c22a-43e0-bf4c-06f5698ffbd9}""/>
    <EventID>22</EventID>
    <Version>5</Version>
    <Level>4</Level>
    <Task>22</Task>
    <Opcode>0</Opcode>
    <Keywords>0x8000000000000000</Keywords>
    <TimeCreated SystemTime=""2023-12-21T08:42:14.8576868Z""/>
    <EventRecordID>6116</EventRecordID>
    <Correlation/>
    <Execution ProcessID=""3400"" ThreadID=""4220""/>
    <Channel>Microsoft-Windows-Sysmon/Operational</Channel>
    <Computer>WinDev2309Eval</Computer>
    <Security UserID=""S-1-5-18""/>
  </System>
  <EventData>
    <Data Name=""RuleName"">-</Data>
    <Data Name=""UtcTime"">2023-12-20 17:10:43.928</Data>
    <Data Name=""ProcessGuid"">{f57bd86a-fa60-6583-be04-000000000d00}</Data>
    <Data Name=""ProcessId"">2080</Data>
    <Data Name=""QueryName"">download-ssl.msgamestudios.com</Data>
    <Data Name=""QueryStatus"">0</Data>
    <Data Name=""QueryResults"">type: 5 download-ssl.msgamestudios.com-san.edgekey.net;type: 5 e85734.dscd.akamaiedge.net;::ffff:23.48.165.22;::ffff:23.48.165.34;</Data>
    <Data Name=""Image"">C:\Program Files\WindowsApps\Microsoft.MicrosoftSolitaireCollection_4.18.11210.0_x64__8wekyb3d8bbwe\Solitaire.exe</Data>
    <Data Name=""User"">WINDEV2309EVAL\User</Data>
  </EventData>
</Event>
"
Microsoft-Windows-Sysmon/Operational,,,WinDev2309Eval,,,,,,,,,,22,6115,,,,C:\Program Files\WindowsApps\Microsoft.MicrosoftSolitaireCollection_4.18.11210.0_x64__8wekyb3d8bbwe\Solitaire.exe,,,0x8000000000000000,4,,,,,0,,,,,,,{f57bd86a-fa60-6583-be04-000000000d00},3400,2080.0,,,download-ssl.msgamestudios.com,type: 5 download-ssl.msgamestudios.com-san.edgekey.net;type: 5 e85734.dscd.akamaiedge.net;::ffff:23.48.165.22;::ffff:23.48.165.34;,0.0,-,,,,,,,,,,,,,2023-12-21T08:42:14.8543163Z,,,,,,,22,,4220,WINDEV2309EVAL\User,S-1-5-18,10:43.9,5.0,"<Event xmlns=""http://schemas.microsoft.com/win/2004/08/events/event"">
  <System>
    <Provider Name=""Microsoft-Windows-Sysmon"" Guid=""{5770385f-c22a-43e0-bf4c-06f5698ffbd9}""/>
    <EventID>22</EventID>
    <Version>5</Version>
    <Level>4</Level>
    <Task>22</Task>
    <Opcode>0</Opcode>
    <Keywords>0x8000000000000000</Keywords>
    <TimeCreated SystemTime=""2023-12-21T08:42:14.8543163Z""/>
    <EventRecordID>6115</EventRecordID>
    <Correlation/>
    <Execution ProcessID=""3400"" ThreadID=""4220""/>
    <Channel>Microsoft-Windows-Sysmon/Operational</Channel>
    <Computer>WinDev2309Eval</Computer>
    <Security UserID=""S-1-5-18""/>
  </System>
  <EventData>
    <Data Name=""RuleName"">-</Data>
    <Data Name=""UtcTime"">2023-12-20 17:10:43.928</Data>
    <Data Name=""ProcessGuid"">{f57bd86a-fa60-6583-be04-000000000d00}</Data>
    <Data Name=""ProcessId"">2080</Data>
    <Data Name=""QueryName"">download-ssl.msgamestudios.com</Data>
    <Data Name=""QueryStatus"">0</Data>
    <Data Name=""QueryResults"">type: 5 download-ssl.msgamestudios.com-san.edgekey.net;type: 5 e85734.dscd.akamaiedge.net;::ffff:23.48.165.22;::ffff:23.48.165.34;</Data>
    <Data Name=""Image"">C:\Program Files\WindowsApps\Microsoft.MicrosoftSolitaireCollection_4.18.11210.0_x64__8wekyb3d8bbwe\Solitaire.exe</Data>
    <Data Name=""User"">WINDEV2309EVAL\User</Data>
  </EventData>
</Event>
"
Microsoft-Windows-Sysmon/Operational,,,WinDev2309Eval,,,,,,,,,,22,6114,,,,C:\Program Files\WindowsApps\Microsoft.MicrosoftSolitaireCollection_4.18.11210.0_x64__8wekyb3d8bbwe\Solitaire.exe,,,0x8000000000000000,4,,,,,0,,,,,,,{f57bd86a-fa60-6583-be04-000000000d00},3400,2080.0,,,download-ssl.msgamestudios.com,type: 5 download-ssl.msgamestudios.com-san.edgekey.net;type: 5 e85734.dscd.akamaiedge.net;::ffff:23.48.165.22;::ffff:23.48.165.34;,0.0,-,,,,,,,,,,,,,2023-12-21T08:42:14.8515723Z,,,,,,,22,,4220,WINDEV2309EVAL\User,S-1-5-18,10:43.9,5.0,"<Event xmlns=""http://schemas.microsoft.com/win/2004/08/events/event"">
  <System>
    <Provider Name=""Microsoft-Windows-Sysmon"" Guid=""{5770385f-c22a-43e0-bf4c-06f5698ffbd9}""/>
    <EventID>22</EventID>
    <Version>5</Version>
    <Level>4</Level>
    <Task>22</Task>
    <Opcode>0</Opcode>
    <Keywords>0x8000000000000000</Keywords>
    <TimeCreated SystemTime=""2023-12-21T08:42:14.8515723Z""/>
    <EventRecordID>6114</EventRecordID>
    <Correlation/>
    <Execution ProcessID=""3400"" ThreadID=""4220""/>
    <Channel>Microsoft-Windows-Sysmon/Operational</Channel>
    <Computer>WinDev2309Eval</Computer>
    <Security UserID=""S-1-5-18""/>
  </System>
  <EventData>
    <Data Name=""RuleName"">-</Data>
    <Data Name=""UtcTime"">2023-12-20 17:10:43.926</Data>
    <Data Name=""ProcessGuid"">{f57bd86a-fa60-6583-be04-000000000d00}</Data>
    <Data Name=""ProcessId"">2080</Data>
    <Data Name=""QueryName"">download-ssl.msgamestudios.com</Data>
    <Data Name=""QueryStatus"">0</Data>
    <Data Name=""QueryResults"">type: 5 download-ssl.msgamestudios.com-san.edgekey.net;type: 5 e85734.dscd.akamaiedge.net;::ffff:23.48.165.22;::ffff:23.48.165.34;</Data>
    <Data Name=""Image"">C:\Program Files\WindowsApps\Microsoft.MicrosoftSolitaireCollection_4.18.11210.0_x64__8wekyb3d8bbwe\Solitaire.exe</Data>
    <Data Name=""User"">WINDEV2309EVAL\User</Data>
  </EventData>
</Event>
"
Microsoft-Windows-Sysmon/Operational,,,WinDev2309Eval,,,,,,,,,,22,6113,,,,C:\Program Files\WindowsApps\Microsoft.MicrosoftSolitaireCollection_4.18.11210.0_x64__8wekyb3d8bbwe\Solitaire.exe,,,0x8000000000000000,4,,,,,0,,,,,,,{f57bd86a-fa60-6583-be04-000000000d00},3400,2080.0,,,download-ssl.msgamestudios.com,type: 5 download-ssl.msgamestudios.com-san.edgekey.net;type: 5 e85734.dscd.akamaiedge.net;::ffff:23.48.165.22;::ffff:23.48.165.34;,0.0,-,,,,,,,,,,,,,2023-12-21T08:42:14.8479730Z,,,,,,,22,,4220,WINDEV2309EVAL\User,S-1-5-18,10:43.9,5.0,"<Event xmlns=""http://schemas.microsoft.com/win/2004/08/events/event"">
  <System>
    <Provider Name=""Microsoft-Windows-Sysmon"" Guid=""{5770385f-c22a-43e0-bf4c-06f5698ffbd9}""/>
    <EventID>22</EventID>
    <Version>5</Version>
    <Level>4</Level>
    <Task>22</Task>
    <Opcode>0</Opcode>
    <Keywords>0x8000000000000000</Keywords>
    <TimeCreated SystemTime=""2023-12-21T08:42:14.8479730Z""/>
    <EventRecordID>6113</EventRecordID>
    <Correlation/>
    <Execution ProcessID=""3400"" ThreadID=""4220""/>
    <Channel>Microsoft-Windows-Sysmon/Operational</Channel>
    <Computer>WinDev2309Eval</Computer>
    <Security UserID=""S-1-5-18""/>
  </System>
  <EventData>
    <Data Name=""RuleName"">-</Data>
    <Data Name=""UtcTime"">2023-12-20 17:10:43.925</Data>
    <Data Name=""ProcessGuid"">{f57bd86a-fa60-6583-be04-000000000d00}</Data>
    <Data Name=""ProcessId"">2080</Data>
    <Data Name=""QueryName"">download-ssl.msgamestudios.com</Data>
    <Data Name=""QueryStatus"">0</Data>
    <Data Name=""QueryResults"">type: 5 download-ssl.msgamestudios.com-san.edgekey.net;type: 5 e85734.dscd.akamaiedge.net;::ffff:23.48.165.22;::ffff:23.48.165.34;</Data>
    <Data Name=""Image"">C:\Program Files\WindowsApps\Microsoft.MicrosoftSolitaireCollection_4.18.11210.0_x64__8wekyb3d8bbwe\Solitaire.exe</Data>
    <Data Name=""User"">WINDEV2309EVAL\User</Data>
  </EventData>
</Event>
"
Microsoft-Windows-Sysmon/Operational,,,WinDev2309Eval,,,,,,,,,,22,6112,,,,C:\Program Files\WindowsApps\Microsoft.MicrosoftSolitaireCollection_4.18.11210.0_x64__8wekyb3d8bbwe\Solitaire.exe,,,0x8000000000000000,4,,,,,0,,,,,,,{f57bd86a-fa60-6583-be04-000000000d00},3400,2080.0,,,download-ssl.msgamestudios.com,type: 5 download-ssl.msgamestudios.com-san.edgekey.net;type: 5 e85734.dscd.akamaiedge.net;::ffff:23.48.165.22;::ffff:23.48.165.34;,0.0,-,,,,,,,,,,,,,2023-12-21T08:42:14.8360478Z,,,,,,,22,,4220,WINDEV2309EVAL\User,S-1-5-18,10:43.9,5.0,"<Event xmlns=""http://schemas.microsoft.com/win/2004/08/events/event"">
  <System>
    <Provider Name=""Microsoft-Windows-Sysmon"" Guid=""{5770385f-c22a-43e0-bf4c-06f5698ffbd9}""/>
    <EventID>22</EventID>
    <Version>5</Version>
    <Level>4</Level>
    <Task>22</Task>
    <Opcode>0</Opcode>
    <Keywords>0x8000000000000000</Keywords>
    <TimeCreated SystemTime=""2023-12-21T08:42:14.8360478Z""/>
    <EventRecordID>6112</EventRecordID>
    <Correlation/>
    <Execution ProcessID=""3400"" ThreadID=""4220""/>
    <Channel>Microsoft-Windows-Sysmon/Operational</Channel>
    <Computer>WinDev2309Eval</Computer>
    <Security UserID=""S-1-5-18""/>
  </System>
  <EventData>
    <Data Name=""RuleName"">-</Data>
    <Data Name=""UtcTime"">2023-12-20 17:10:43.916</Data>
    <Data Name=""ProcessGuid"">{f57bd86a-fa60-6583-be04-000000000d00}</Data>
    <Data Name=""ProcessId"">2080</Data>
    <Data Name=""QueryName"">download-ssl.msgamestudios.com</Data>
    <Data Name=""QueryStatus"">0</Data>
    <Data Name=""QueryResults"">type: 5 download-ssl.msgamestudios.com-san.edgekey.net;type: 5 e85734.dscd.akamaiedge.net;::ffff:23.48.165.22;::ffff:23.48.165.34;</Data>
    <Data Name=""Image"">C:\Program Files\WindowsApps\Microsoft.MicrosoftSolitaireCollection_4.18.11210.0_x64__8wekyb3d8bbwe\Solitaire.exe</Data>
    <Data Name=""User"">WINDEV2309EVAL\User</Data>
  </EventData>
</Event>
"
Microsoft-Windows-Sysmon/Operational,,,WinDev2309Eval,,,,,,,,,,22,6111,,,,C:\Program Files\WindowsApps\Microsoft.MicrosoftSolitaireCollection_4.18.11210.0_x64__8wekyb3d8bbwe\Solitaire.exe,,,0x8000000000000000,4,,,,,0,,,,,,,{f57bd86a-fa60-6583-be04-000000000d00},3400,2080.0,,,download-ssl.msgamestudios.com,type: 5 download-ssl.msgamestudios.com-san.edgekey.net;type: 5 e85734.dscd.akamaiedge.net;::ffff:23.48.165.22;::ffff:23.48.165.34;,0.0,-,,,,,,,,,,,,,2023-12-21T08:42:14.8346065Z,,,,,,,22,,4220,WINDEV2309EVAL\User,S-1-5-18,10:43.9,5.0,"<Event xmlns=""http://schemas.microsoft.com/win/2004/08/events/event"">
  <System>
    <Provider Name=""Microsoft-Windows-Sysmon"" Guid=""{5770385f-c22a-43e0-bf4c-06f5698ffbd9}""/>
    <EventID>22</EventID>
    <Version>5</Version>
    <Level>4</Level>
    <Task>22</Task>
    <Opcode>0</Opcode>
    <Keywords>0x8000000000000000</Keywords>
    <TimeCreated SystemTime=""2023-12-21T08:42:14.8346065Z""/>
    <EventRecordID>6111</EventRecordID>
    <Correlation/>
    <Execution ProcessID=""3400"" ThreadID=""4220""/>
    <Channel>Microsoft-Windows-Sysmon/Operational</Channel>
    <Computer>WinDev2309Eval</Computer>
    <Security UserID=""S-1-5-18""/>
  </System>
  <EventData>
    <Data Name=""RuleName"">-</Data>
    <Data Name=""UtcTime"">2023-12-20 17:10:43.912</Data>
    <Data Name=""ProcessGuid"">{f57bd86a-fa60-6583-be04-000000000d00}</Data>
    <Data Name=""ProcessId"">2080</Data>
    <Data Name=""QueryName"">download-ssl.msgamestudios.com</Data>
    <Data Name=""QueryStatus"">0</Data>
    <Data Name=""QueryResults"">type: 5 download-ssl.msgamestudios.com-san.edgekey.net;type: 5 e85734.dscd.akamaiedge.net;::ffff:23.48.165.22;::ffff:23.48.165.34;</Data>
    <Data Name=""Image"">C:\Program Files\WindowsApps\Microsoft.MicrosoftSolitaireCollection_4.18.11210.0_x64__8wekyb3d8bbwe\Solitaire.exe</Data>
    <Data Name=""User"">WINDEV2309EVAL\User</Data>
  </EventData>
</Event>
"
Microsoft-Windows-Sysmon/Operational,,,WinDev2309Eval,,,,,,,,,,22,6110,,,,C:\Program Files\WindowsApps\Microsoft.MicrosoftSolitaireCollection_4.18.11210.0_x64__8wekyb3d8bbwe\Solitaire.exe,,,0x8000000000000000,4,,,,,0,,,,,,,{f57bd86a-fa60-6583-be04-000000000d00},3400,2080.0,,,download-ssl.msgamestudios.com,type: 5 download-ssl.msgamestudios.com-san.edgekey.net;type: 5 e85734.dscd.akamaiedge.net;::ffff:23.48.165.22;::ffff:23.48.165.34;,0.0,-,,,,,,,,,,,,,2023-12-21T08:42:14.8329892Z,,,,,,,22,,4220,WINDEV2309EVAL\User,S-1-5-18,10:43.9,5.0,"<Event xmlns=""http://schemas.microsoft.com/win/2004/08/events/event"">
  <System>
    <Provider Name=""Microsoft-Windows-Sysmon"" Guid=""{5770385f-c22a-43e0-bf4c-06f5698ffbd9}""/>
    <EventID>22</EventID>
    <Version>5</Version>
    <Level>4</Level>
    <Task>22</Task>
    <Opcode>0</Opcode>
    <Keywords>0x8000000000000000</Keywords>
    <TimeCreated SystemTime=""2023-12-21T08:42:14.8329892Z""/>
    <EventRecordID>6110</EventRecordID>
    <Correlation/>
    <Execution ProcessID=""3400"" ThreadID=""4220""/>
    <Channel>Microsoft-Windows-Sysmon/Operational</Channel>
    <Computer>WinDev2309Eval</Computer>
    <Security UserID=""S-1-5-18""/>
  </System>
  <EventData>
    <Data Name=""RuleName"">-</Data>
    <Data Name=""UtcTime"">2023-12-20 17:10:43.912</Data>
    <Data Name=""ProcessGuid"">{f57bd86a-fa60-6583-be04-000000000d00}</Data>
    <Data Name=""ProcessId"">2080</Data>
    <Data Name=""QueryName"">download-ssl.msgamestudios.com</Data>
    <Data Name=""QueryStatus"">0</Data>
    <Data Name=""QueryResults"">type: 5 download-ssl.msgamestudios.com-san.edgekey.net;type: 5 e85734.dscd.akamaiedge.net;::ffff:23.48.165.22;::ffff:23.48.165.34;</Data>
    <Data Name=""Image"">C:\Program Files\WindowsApps\Microsoft.MicrosoftSolitaireCollection_4.18.11210.0_x64__8wekyb3d8bbwe\Solitaire.exe</Data>
    <Data Name=""User"">WINDEV2309EVAL\User</Data>
  </EventData>
</Event>
"
Microsoft-Windows-Sysmon/Operational,,,WinDev2309Eval,,,,,,,,,,22,6109,,,,C:\Program Files\WindowsApps\Microsoft.MicrosoftSolitaireCollection_4.18.11210.0_x64__8wekyb3d8bbwe\Solitaire.exe,,,0x8000000000000000,4,,,,,0,,,,,,,{f57bd86a-fa60-6583-be04-000000000d00},3400,2080.0,,,download-ssl.msgamestudios.com,type: 5 download-ssl.msgamestudios.com-san.edgekey.net;type: 5 e85734.dscd.akamaiedge.net;::ffff:23.48.165.22;::ffff:23.48.165.34;,0.0,-,,,,,,,,,,,,,2023-12-21T08:42:14.8313313Z,,,,,,,22,,4220,WINDEV2309EVAL\User,S-1-5-18,10:43.9,5.0,"<Event xmlns=""http://schemas.microsoft.com/win/2004/08/events/event"">
  <System>
    <Provider Name=""Microsoft-Windows-Sysmon"" Guid=""{5770385f-c22a-43e0-bf4c-06f5698ffbd9}""/>
    <EventID>22</EventID>
    <Version>5</Version>
    <Level>4</Level>
    <Task>22</Task>
    <Opcode>0</Opcode>
    <Keywords>0x8000000000000000</Keywords>
    <TimeCreated SystemTime=""2023-12-21T08:42:14.8313313Z""/>
    <EventRecordID>6109</EventRecordID>
    <Correlation/>
    <Execution ProcessID=""3400"" ThreadID=""4220""/>
    <Channel>Microsoft-Windows-Sysmon/Operational</Channel>
    <Computer>WinDev2309Eval</Computer>
    <Security UserID=""S-1-5-18""/>
  </System>
  <EventData>
    <Data Name=""RuleName"">-</Data>
    <Data Name=""UtcTime"">2023-12-20 17:10:43.911</Data>
    <Data Name=""ProcessGuid"">{f57bd86a-fa60-6583-be04-000000000d00}</Data>
    <Data Name=""ProcessId"">2080</Data>
    <Data Name=""QueryName"">download-ssl.msgamestudios.com</Data>
    <Data Name=""QueryStatus"">0</Data>
    <Data Name=""QueryResults"">type: 5 download-ssl.msgamestudios.com-san.edgekey.net;type: 5 e85734.dscd.akamaiedge.net;::ffff:23.48.165.22;::ffff:23.48.165.34;</Data>
    <Data Name=""Image"">C:\Program Files\WindowsApps\Microsoft.MicrosoftSolitaireCollection_4.18.11210.0_x64__8wekyb3d8bbwe\Solitaire.exe</Data>
    <Data Name=""User"">WINDEV2309EVAL\User</Data>
  </EventData>
</Event>
"
Microsoft-Windows-Sysmon/Operational,,,WinDev2309Eval,,,,,,,,,,22,6108,,,,C:\Program Files\WindowsApps\Microsoft.MicrosoftSolitaireCollection_4.18.11210.0_x64__8wekyb3d8bbwe\Solitaire.exe,,,0x8000000000000000,4,,,,,0,,,,,,,{f57bd86a-fa60-6583-be04-000000000d00},3400,2080.0,,,download-ssl.msgamestudios.com,type: 5 download-ssl.msgamestudios.com-san.edgekey.net;type: 5 e85734.dscd.akamaiedge.net;::ffff:23.48.165.22;::ffff:23.48.165.34;,0.0,-,,,,,,,,,,,,,2023-12-21T08:42:14.8288525Z,,,,,,,22,,4220,WINDEV2309EVAL\User,S-1-5-18,10:43.9,5.0,"<Event xmlns=""http://schemas.microsoft.com/win/2004/08/events/event"">
  <System>
    <Provider Name=""Microsoft-Windows-Sysmon"" Guid=""{5770385f-c22a-43e0-bf4c-06f5698ffbd9}""/>
    <EventID>22</EventID>
    <Version>5</Version>
    <Level>4</Level>
    <Task>22</Task>
    <Opcode>0</Opcode>
    <Keywords>0x8000000000000000</Keywords>
    <TimeCreated SystemTime=""2023-12-21T08:42:14.8288525Z""/>
    <EventRecordID>6108</EventRecordID>
    <Correlation/>
    <Execution ProcessID=""3400"" ThreadID=""4220""/>
    <Channel>Microsoft-Windows-Sysmon/Operational</Channel>
    <Computer>WinDev2309Eval</Computer>
    <Security UserID=""S-1-5-18""/>
  </System>
  <EventData>
    <Data Name=""RuleName"">-</Data>
    <Data Name=""UtcTime"">2023-12-20 17:10:43.908</Data>
    <Data Name=""ProcessGuid"">{f57bd86a-fa60-6583-be04-000000000d00}</Data>
    <Data Name=""ProcessId"">2080</Data>
    <Data Name=""QueryName"">download-ssl.msgamestudios.com</Data>
    <Data Name=""QueryStatus"">0</Data>
    <Data Name=""QueryResults"">type: 5 download-ssl.msgamestudios.com-san.edgekey.net;type: 5 e85734.dscd.akamaiedge.net;::ffff:23.48.165.22;::ffff:23.48.165.34;</Data>
    <Data Name=""Image"">C:\Program Files\WindowsApps\Microsoft.MicrosoftSolitaireCollection_4.18.11210.0_x64__8wekyb3d8bbwe\Solitaire.exe</Data>
    <Data Name=""User"">WINDEV2309EVAL\User</Data>
  </EventData>
</Event>
"
Microsoft-Windows-Sysmon/Operational,,,WinDev2309Eval,,,,,,,,,,22,6107,,,,C:\Program Files\WindowsApps\Microsoft.MicrosoftSolitaireCollection_4.18.11210.0_x64__8wekyb3d8bbwe\Solitaire.exe,,,0x8000000000000000,4,,,,,0,,,,,,,{f57bd86a-fa60-6583-be04-000000000d00},3400,2080.0,,,download-ssl.msgamestudios.com,type: 5 download-ssl.msgamestudios.com-san.edgekey.net;type: 5 e85734.dscd.akamaiedge.net;::ffff:23.48.165.22;::ffff:23.48.165.34;,0.0,-,,,,,,,,,,,,,2023-12-21T08:42:14.8246153Z,,,,,,,22,,4220,WINDEV2309EVAL\User,S-1-5-18,10:43.9,5.0,"<Event xmlns=""http://schemas.microsoft.com/win/2004/08/events/event"">
  <System>
    <Provider Name=""Microsoft-Windows-Sysmon"" Guid=""{5770385f-c22a-43e0-bf4c-06f5698ffbd9}""/>
    <EventID>22</EventID>
    <Version>5</Version>
    <Level>4</Level>
    <Task>22</Task>
    <Opcode>0</Opcode>
    <Keywords>0x8000000000000000</Keywords>
    <TimeCreated SystemTime=""2023-12-21T08:42:14.8246153Z""/>
    <EventRecordID>6107</EventRecordID>
    <Correlation/>
    <Execution ProcessID=""3400"" ThreadID=""4220""/>
    <Channel>Microsoft-Windows-Sysmon/Operational</Channel>
    <Computer>WinDev2309Eval</Computer>
    <Security UserID=""S-1-5-18""/>
  </System>
  <EventData>
    <Data Name=""RuleName"">-</Data>
    <Data Name=""UtcTime"">2023-12-20 17:10:43.901</Data>
    <Data Name=""ProcessGuid"">{f57bd86a-fa60-6583-be04-000000000d00}</Data>
    <Data Name=""ProcessId"">2080</Data>
    <Data Name=""QueryName"">download-ssl.msgamestudios.com</Data>
    <Data Name=""QueryStatus"">0</Data>
    <Data Name=""QueryResults"">type: 5 download-ssl.msgamestudios.com-san.edgekey.net;type: 5 e85734.dscd.akamaiedge.net;::ffff:23.48.165.22;::ffff:23.48.165.34;</Data>
    <Data Name=""Image"">C:\Program Files\WindowsApps\Microsoft.MicrosoftSolitaireCollection_4.18.11210.0_x64__8wekyb3d8bbwe\Solitaire.exe</Data>
    <Data Name=""User"">WINDEV2309EVAL\User</Data>
  </EventData>
</Event>
"
Microsoft-Windows-Sysmon/Operational,,,WinDev2309Eval,,,,,,,,,,22,6106,,,,C:\Program Files\WindowsApps\Microsoft.MicrosoftSolitaireCollection_4.18.11210.0_x64__8wekyb3d8bbwe\Solitaire.exe,,,0x8000000000000000,4,,,,,0,,,,,,,{f57bd86a-fa60-6583-be04-000000000d00},3400,2080.0,,,download-ssl.msgamestudios.com,type: 5 download-ssl.msgamestudios.com-san.edgekey.net;type: 5 e85734.dscd.akamaiedge.net;::ffff:23.48.165.22;::ffff:23.48.165.34;,0.0,-,,,,,,,,,,,,,2023-12-21T08:42:14.8231566Z,,,,,,,22,,4220,WINDEV2309EVAL\User,S-1-5-18,10:43.9,5.0,"<Event xmlns=""http://schemas.microsoft.com/win/2004/08/events/event"">
  <System>
    <Provider Name=""Microsoft-Windows-Sysmon"" Guid=""{5770385f-c22a-43e0-bf4c-06f5698ffbd9}""/>
    <EventID>22</EventID>
    <Version>5</Version>
    <Level>4</Level>
    <Task>22</Task>
    <Opcode>0</Opcode>
    <Keywords>0x8000000000000000</Keywords>
    <TimeCreated SystemTime=""2023-12-21T08:42:14.8231566Z""/>
    <EventRecordID>6106</EventRecordID>
    <Correlation/>
    <Execution ProcessID=""3400"" ThreadID=""4220""/>
    <Channel>Microsoft-Windows-Sysmon/Operational</Channel>
    <Computer>WinDev2309Eval</Computer>
    <Security UserID=""S-1-5-18""/>
  </System>
  <EventData>
    <Data Name=""RuleName"">-</Data>
    <Data Name=""UtcTime"">2023-12-20 17:10:43.894</Data>
    <Data Name=""ProcessGuid"">{f57bd86a-fa60-6583-be04-000000000d00}</Data>
    <Data Name=""ProcessId"">2080</Data>
    <Data Name=""QueryName"">download-ssl.msgamestudios.com</Data>
    <Data Name=""QueryStatus"">0</Data>
    <Data Name=""QueryResults"">type: 5 download-ssl.msgamestudios.com-san.edgekey.net;type: 5 e85734.dscd.akamaiedge.net;::ffff:23.48.165.22;::ffff:23.48.165.34;</Data>
    <Data Name=""Image"">C:\Program Files\WindowsApps\Microsoft.MicrosoftSolitaireCollection_4.18.11210.0_x64__8wekyb3d8bbwe\Solitaire.exe</Data>
    <Data Name=""User"">WINDEV2309EVAL\User</Data>
  </EventData>
</Event>
"
Microsoft-Windows-Sysmon/Operational,,,WinDev2309Eval,,,,,,,,,,22,6105,,,,C:\Program Files\WindowsApps\Microsoft.MicrosoftSolitaireCollection_4.18.11210.0_x64__8wekyb3d8bbwe\Solitaire.exe,,,0x8000000000000000,4,,,,,0,,,,,,,{f57bd86a-fa60-6583-be04-000000000d00},3400,2080.0,,,download-ssl.msgamestudios.com,type: 5 download-ssl.msgamestudios.com-san.edgekey.net;type: 5 e85734.dscd.akamaiedge.net;::ffff:23.48.165.22;::ffff:23.48.165.34;,0.0,-,,,,,,,,,,,,,2023-12-21T08:42:14.8215288Z,,,,,,,22,,4220,WINDEV2309EVAL\User,S-1-5-18,10:43.9,5.0,"<Event xmlns=""http://schemas.microsoft.com/win/2004/08/events/event"">
  <System>
    <Provider Name=""Microsoft-Windows-Sysmon"" Guid=""{5770385f-c22a-43e0-bf4c-06f5698ffbd9}""/>
    <EventID>22</EventID>
    <Version>5</Version>
    <Level>4</Level>
    <Task>22</Task>
    <Opcode>0</Opcode>
    <Keywords>0x8000000000000000</Keywords>
    <TimeCreated SystemTime=""2023-12-21T08:42:14.8215288Z""/>
    <EventRecordID>6105</EventRecordID>
    <Correlation/>
    <Execution ProcessID=""3400"" ThreadID=""4220""/>
    <Channel>Microsoft-Windows-Sysmon/Operational</Channel>
    <Computer>WinDev2309Eval</Computer>
    <Security UserID=""S-1-5-18""/>
  </System>
  <EventData>
    <Data Name=""RuleName"">-</Data>
    <Data Name=""UtcTime"">2023-12-20 17:10:43.885</Data>
    <Data Name=""ProcessGuid"">{f57bd86a-fa60-6583-be04-000000000d00}</Data>
    <Data Name=""ProcessId"">2080</Data>
    <Data Name=""QueryName"">download-ssl.msgamestudios.com</Data>
    <Data Name=""QueryStatus"">0</Data>
    <Data Name=""QueryResults"">type: 5 download-ssl.msgamestudios.com-san.edgekey.net;type: 5 e85734.dscd.akamaiedge.net;::ffff:23.48.165.22;::ffff:23.48.165.34;</Data>
    <Data Name=""Image"">C:\Program Files\WindowsApps\Microsoft.MicrosoftSolitaireCollection_4.18.11210.0_x64__8wekyb3d8bbwe\Solitaire.exe</Data>
    <Data Name=""User"">WINDEV2309EVAL\User</Data>
  </EventData>
</Event>
"
Microsoft-Windows-Sysmon/Operational,,,WinDev2309Eval,,,,,,,,,,22,6104,,,,C:\Program Files\WindowsApps\Microsoft.MicrosoftSolitaireCollection_4.18.11210.0_x64__8wekyb3d8bbwe\Solitaire.exe,,,0x8000000000000000,4,,,,,0,,,,,,,{f57bd86a-fa60-6583-be04-000000000d00},3400,2080.0,,,download-ssl.msgamestudios.com,type: 5 download-ssl.msgamestudios.com-san.edgekey.net;type: 5 e85734.dscd.akamaiedge.net;::ffff:23.48.165.22;::ffff:23.48.165.34;,0.0,-,,,,,,,,,,,,,2023-12-21T08:42:14.8197978Z,,,,,,,22,,4220,WINDEV2309EVAL\User,S-1-5-18,10:43.9,5.0,"<Event xmlns=""http://schemas.microsoft.com/win/2004/08/events/event"">
  <System>
    <Provider Name=""Microsoft-Windows-Sysmon"" Guid=""{5770385f-c22a-43e0-bf4c-06f5698ffbd9}""/>
    <EventID>22</EventID>
    <Version>5</Version>
    <Level>4</Level>
    <Task>22</Task>
    <Opcode>0</Opcode>
    <Keywords>0x8000000000000000</Keywords>
    <TimeCreated SystemTime=""2023-12-21T08:42:14.8197978Z""/>
    <EventRecordID>6104</EventRecordID>
    <Correlation/>
    <Execution ProcessID=""3400"" ThreadID=""4220""/>
    <Channel>Microsoft-Windows-Sysmon/Operational</Channel>
    <Computer>WinDev2309Eval</Computer>
    <Security UserID=""S-1-5-18""/>
  </System>
  <EventData>
    <Data Name=""RuleName"">-</Data>
    <Data Name=""UtcTime"">2023-12-20 17:10:43.883</Data>
    <Data Name=""ProcessGuid"">{f57bd86a-fa60-6583-be04-000000000d00}</Data>
    <Data Name=""ProcessId"">2080</Data>
    <Data Name=""QueryName"">download-ssl.msgamestudios.com</Data>
    <Data Name=""QueryStatus"">0</Data>
    <Data Name=""QueryResults"">type: 5 download-ssl.msgamestudios.com-san.edgekey.net;type: 5 e85734.dscd.akamaiedge.net;::ffff:23.48.165.22;::ffff:23.48.165.34;</Data>
    <Data Name=""Image"">C:\Program Files\WindowsApps\Microsoft.MicrosoftSolitaireCollection_4.18.11210.0_x64__8wekyb3d8bbwe\Solitaire.exe</Data>
    <Data Name=""User"">WINDEV2309EVAL\User</Data>
  </EventData>
</Event>
"
Microsoft-Windows-Sysmon/Operational,,,WinDev2309Eval,,,,,,,,,,22,6103,,,,C:\Program Files\WindowsApps\Microsoft.MicrosoftSolitaireCollection_4.18.11210.0_x64__8wekyb3d8bbwe\Solitaire.exe,,,0x8000000000000000,4,,,,,0,,,,,,,{f57bd86a-fa60-6583-be04-000000000d00},3400,2080.0,,,download-ssl.msgamestudios.com,type: 5 download-ssl.msgamestudios.com-san.edgekey.net;type: 5 e85734.dscd.akamaiedge.net;::ffff:23.48.165.22;::ffff:23.48.165.34;,0.0,-,,,,,,,,,,,,,2023-12-21T08:42:14.8180968Z,,,,,,,22,,4220,WINDEV2309EVAL\User,S-1-5-18,10:43.6,5.0,"<Event xmlns=""http://schemas.microsoft.com/win/2004/08/events/event"">
  <System>
    <Provider Name=""Microsoft-Windows-Sysmon"" Guid=""{5770385f-c22a-43e0-bf4c-06f5698ffbd9}""/>
    <EventID>22</EventID>
    <Version>5</Version>
    <Level>4</Level>
    <Task>22</Task>
    <Opcode>0</Opcode>
    <Keywords>0x8000000000000000</Keywords>
    <TimeCreated SystemTime=""2023-12-21T08:42:14.8180968Z""/>
    <EventRecordID>6103</EventRecordID>
    <Correlation/>
    <Execution ProcessID=""3400"" ThreadID=""4220""/>
    <Channel>Microsoft-Windows-Sysmon/Operational</Channel>
    <Computer>WinDev2309Eval</Computer>
    <Security UserID=""S-1-5-18""/>
  </System>
  <EventData>
    <Data Name=""RuleName"">-</Data>
    <Data Name=""UtcTime"">2023-12-20 17:10:43.555</Data>
    <Data Name=""ProcessGuid"">{f57bd86a-fa60-6583-be04-000000000d00}</Data>
    <Data Name=""ProcessId"">2080</Data>
    <Data Name=""QueryName"">download-ssl.msgamestudios.com</Data>
    <Data Name=""QueryStatus"">0</Data>
    <Data Name=""QueryResults"">type: 5 download-ssl.msgamestudios.com-san.edgekey.net;type: 5 e85734.dscd.akamaiedge.net;::ffff:23.48.165.22;::ffff:23.48.165.34;</Data>
    <Data Name=""Image"">C:\Program Files\WindowsApps\Microsoft.MicrosoftSolitaireCollection_4.18.11210.0_x64__8wekyb3d8bbwe\Solitaire.exe</Data>
    <Data Name=""User"">WINDEV2309EVAL\User</Data>
  </EventData>
</Event>
"
Microsoft-Windows-Sysmon/Operational,,,WinDev2309Eval,,,,,,,,,,22,6102,,,,C:\Program Files\WindowsApps\Microsoft.MicrosoftSolitaireCollection_4.18.11210.0_x64__8wekyb3d8bbwe\Solitaire.exe,,,0x8000000000000000,4,,,,,0,,,,,,,{f57bd86a-fa60-6583-be04-000000000d00},3400,2080.0,,,download-ssl.msgamestudios.com,type: 5 download-ssl.msgamestudios.com-san.edgekey.net;type: 5 e85734.dscd.akamaiedge.net;::ffff:23.48.165.22;::ffff:23.48.165.34;,0.0,-,,,,,,,,,,,,,2023-12-21T08:42:14.8167594Z,,,,,,,22,,4220,WINDEV2309EVAL\User,S-1-5-18,10:43.6,5.0,"<Event xmlns=""http://schemas.microsoft.com/win/2004/08/events/event"">
  <System>
    <Provider Name=""Microsoft-Windows-Sysmon"" Guid=""{5770385f-c22a-43e0-bf4c-06f5698ffbd9}""/>
    <EventID>22</EventID>
    <Version>5</Version>
    <Level>4</Level>
    <Task>22</Task>
    <Opcode>0</Opcode>
    <Keywords>0x8000000000000000</Keywords>
    <TimeCreated SystemTime=""2023-12-21T08:42:14.8167594Z""/>
    <EventRecordID>6102</EventRecordID>
    <Correlation/>
    <Execution ProcessID=""3400"" ThreadID=""4220""/>
    <Channel>Microsoft-Windows-Sysmon/Operational</Channel>
    <Computer>WinDev2309Eval</Computer>
    <Security UserID=""S-1-5-18""/>
  </System>
  <EventData>
    <Data Name=""RuleName"">-</Data>
    <Data Name=""UtcTime"">2023-12-20 17:10:43.552</Data>
    <Data Name=""ProcessGuid"">{f57bd86a-fa60-6583-be04-000000000d00}</Data>
    <Data Name=""ProcessId"">2080</Data>
    <Data Name=""QueryName"">download-ssl.msgamestudios.com</Data>
    <Data Name=""QueryStatus"">0</Data>
    <Data Name=""QueryResults"">type: 5 download-ssl.msgamestudios.com-san.edgekey.net;type: 5 e85734.dscd.akamaiedge.net;::ffff:23.48.165.22;::ffff:23.48.165.34;</Data>
    <Data Name=""Image"">C:\Program Files\WindowsApps\Microsoft.MicrosoftSolitaireCollection_4.18.11210.0_x64__8wekyb3d8bbwe\Solitaire.exe</Data>
    <Data Name=""User"">WINDEV2309EVAL\User</Data>
  </EventData>
</Event>
"
