Microsoft-Windows-Sysmon/Operational,,,WinDev2309Eval,,,,,,,,,,22,5953,,,,C:\Program Files (x86)\Microsoft\Edge\Application\msedge.exe,,,0x8000000000000000,4,,,,,0,,,,,,,{f57bd86a-1d66-6582-df00-000000000d00},3400,8844.0,,,camo.githubusercontent.com,::ffff:185.199.109.133;::ffff:185.199.110.133;::ffff:185.199.108.133;::ffff:185.199.111.133;,0.0,-,,,,,,,,,,,,,2023-12-20T14:40:42.1228361Z,,,,,,,22,,4220,WINDEV2309EVAL\User,S-1-5-18,40:41.3,5.0,"<Event xmlns=""http://schemas.microsoft.com/win/2004/08/events/event"">
  <System>
    <Provider Name=""Microsoft-Windows-Sysmon"" Guid=""{5770385f-c22a-43e0-bf4c-06f5698ffbd9}""/>
    <EventID>22</EventID>
    <Version>5</Version>
    <Level>4</Level>
    <Task>22</Task>
    <Opcode>0</Opcode>
    <Keywords>0x8000000000000000</Keywords>
    <TimeCreated SystemTime=""2023-12-20T14:40:42.1228361Z""/>
    <EventRecordID>5953</EventRecordID>
    <Correlation/>
    <Execution ProcessID=""3400"" ThreadID=""4220""/>
    <Channel>Microsoft-Windows-Sysmon/Operational</Channel>
    <Computer>WinDev2309Eval</Computer>
    <Security UserID=""S-1-5-18""/>
  </System>
  <EventData>
    <Data Name=""RuleName"">-</Data>
    <Data Name=""UtcTime"">2023-12-20 14:40:41.282</Data>
    <Data Name=""ProcessGuid"">{f57bd86a-1d66-6582-df00-000000000d00}</Data>
    <Data Name=""ProcessId"">8844</Data>
    <Data Name=""QueryName"">camo.githubusercontent.com</Data>
    <Data Name=""QueryStatus"">0</Data>
    <Data Name=""QueryResults"">::ffff:185.199.109.133;::ffff:185.199.110.133;::ffff:185.199.108.133;::ffff:185.199.111.133;</Data>
    <Data Name=""Image"">C:\Program Files (x86)\Microsoft\Edge\Application\msedge.exe</Data>
    <Data Name=""User"">WINDEV2309EVAL\User</Data>
  </EventData>
</Event>
"
Microsoft-Windows-Sysmon/Operational,,,WinDev2309Eval,,,,,,,,,,22,5952,,,,C:\Program Files (x86)\Microsoft\Edge\Application\msedge.exe,,,0x8000000000000000,4,,,,,0,,,,,,,{f57bd86a-1d66-6582-df00-000000000d00},3400,8844.0,,,user-images.githubusercontent.com,::ffff:185.199.109.133;::ffff:185.199.110.133;::ffff:185.199.108.133;::ffff:185.199.111.133;,0.0,-,,,,,,,,,,,,,2023-12-20T14:39:45.8103716Z,,,,,,,22,,4220,WINDEV2309EVAL\User,S-1-5-18,39:45.8,5.0,"<Event xmlns=""http://schemas.microsoft.com/win/2004/08/events/event"">
  <System>
    <Provider Name=""Microsoft-Windows-Sysmon"" Guid=""{5770385f-c22a-43e0-bf4c-06f5698ffbd9}""/>
    <EventID>22</EventID>
    <Version>5</Version>
    <Level>4</Level>
    <Task>22</Task>
    <Opcode>0</Opcode>
    <Keywords>0x8000000000000000</Keywords>
    <TimeCreated SystemTime=""2023-12-20T14:39:45.8103716Z""/>
    <EventRecordID>5952</EventRecordID>
    <Correlation/>
    <Execution ProcessID=""3400"" ThreadID=""4220""/>
    <Channel>Microsoft-Windows-Sysmon/Operational</Channel>
    <Computer>WinDev2309Eval</Computer>
    <Security UserID=""S-1-5-18""/>
  </System>
  <EventData>
    <Data Name=""RuleName"">-</Data>
    <Data Name=""UtcTime"">2023-12-20 14:39:45.774</Data>
    <Data Name=""ProcessGuid"">{f57bd86a-1d66-6582-df00-000000000d00}</Data>
    <Data Name=""ProcessId"">8844</Data>
    <Data Name=""QueryName"">user-images.githubusercontent.com</Data>
    <Data Name=""QueryStatus"">0</Data>
    <Data Name=""QueryResults"">::ffff:185.199.109.133;::ffff:185.199.110.133;::ffff:185.199.108.133;::ffff:185.199.111.133;</Data>
    <Data Name=""Image"">C:\Program Files (x86)\Microsoft\Edge\Application\msedge.exe</Data>
    <Data Name=""User"">WINDEV2309EVAL\User</Data>
  </EventData>
</Event>
"
Microsoft-Windows-Sysmon/Operational,,,WinDev2309Eval,,,,,,,,,,22,5951,,,,C:\Program Files (x86)\Microsoft\Edge\Application\msedge.exe,,,0x8000000000000000,4,,,,,0,,,,,,,{f57bd86a-1d66-6582-df00-000000000d00},3400,8844.0,,,github-cloud.s3.amazonaws.com,type: 5 s3-1-w.amazonaws.com;type: 5 s3-w.us-east-1.amazonaws.com;::ffff:52.216.49.1;::ffff:16.182.65.65;::ffff:52.216.60.17;::ffff:54.231.140.137;::ffff:52.216.56.25;::ffff:54.231.204.41;::ffff:52.217.33.196;::ffff:52.216.213.81;,0.0,-,,,,,,,,,,,,,2023-12-20T14:39:45.8103333Z,,,,,,,22,,4220,WINDEV2309EVAL\User,S-1-5-18,39:45.7,5.0,"<Event xmlns=""http://schemas.microsoft.com/win/2004/08/events/event"">
  <System>
    <Provider Name=""Microsoft-Windows-Sysmon"" Guid=""{5770385f-c22a-43e0-bf4c-06f5698ffbd9}""/>
    <EventID>22</EventID>
    <Version>5</Version>
    <Level>4</Level>
    <Task>22</Task>
    <Opcode>0</Opcode>
    <Keywords>0x8000000000000000</Keywords>
    <TimeCreated SystemTime=""2023-12-20T14:39:45.8103333Z""/>
    <EventRecordID>5951</EventRecordID>
    <Correlation/>
    <Execution ProcessID=""3400"" ThreadID=""4220""/>
    <Channel>Microsoft-Windows-Sysmon/Operational</Channel>
    <Computer>WinDev2309Eval</Computer>
    <Security UserID=""S-1-5-18""/>
  </System>
  <EventData>
    <Data Name=""RuleName"">-</Data>
    <Data Name=""UtcTime"">2023-12-20 14:39:45.740</Data>
    <Data Name=""ProcessGuid"">{f57bd86a-1d66-6582-df00-000000000d00}</Data>
    <Data Name=""ProcessId"">8844</Data>
    <Data Name=""QueryName"">github-cloud.s3.amazonaws.com</Data>
    <Data Name=""QueryStatus"">0</Data>
    <Data Name=""QueryResults"">type: 5 s3-1-w.amazonaws.com;type: 5 s3-w.us-east-1.amazonaws.com;::ffff:52.216.49.1;::ffff:16.182.65.65;::ffff:52.216.60.17;::ffff:54.231.140.137;::ffff:52.216.56.25;::ffff:54.231.204.41;::ffff:52.217.33.196;::ffff:52.216.213.81;</Data>
    <Data Name=""Image"">C:\Program Files (x86)\Microsoft\Edge\Application\msedge.exe</Data>
    <Data Name=""User"">WINDEV2309EVAL\User</Data>
  </EventData>
</Event>
"
Microsoft-Windows-Sysmon/Operational,,,WinDev2309Eval,,,,,,,,,,22,5950,,,,C:\Program Files (x86)\Microsoft\Edge\Application\msedge.exe,,,0x8000000000000000,4,,,,,0,,,,,,,{f57bd86a-1d66-6582-df00-000000000d00},3400,8844.0,,,avatars.githubusercontent.com,::ffff:185.199.108.133;::ffff:185.199.109.133;::ffff:185.199.110.133;::ffff:185.199.111.133;,0.0,-,,,,,,,,,,,,,2023-12-20T14:39:45.8102367Z,,,,,,,22,,4220,WINDEV2309EVAL\User,S-1-5-18,39:45.7,5.0,"<Event xmlns=""http://schemas.microsoft.com/win/2004/08/events/event"">
  <System>
    <Provider Name=""Microsoft-Windows-Sysmon"" Guid=""{5770385f-c22a-43e0-bf4c-06f5698ffbd9}""/>
    <EventID>22</EventID>
    <Version>5</Version>
    <Level>4</Level>
    <Task>22</Task>
    <Opcode>0</Opcode>
    <Keywords>0x8000000000000000</Keywords>
    <TimeCreated SystemTime=""2023-12-20T14:39:45.8102367Z""/>
    <EventRecordID>5950</EventRecordID>
    <Correlation/>
    <Execution ProcessID=""3400"" ThreadID=""4220""/>
    <Channel>Microsoft-Windows-Sysmon/Operational</Channel>
    <Computer>WinDev2309Eval</Computer>
    <Security UserID=""S-1-5-18""/>
  </System>
  <EventData>
    <Data Name=""RuleName"">-</Data>
    <Data Name=""UtcTime"">2023-12-20 14:39:45.728</Data>
    <Data Name=""ProcessGuid"">{f57bd86a-1d66-6582-df00-000000000d00}</Data>
    <Data Name=""ProcessId"">8844</Data>
    <Data Name=""QueryName"">avatars.githubusercontent.com</Data>
    <Data Name=""QueryStatus"">0</Data>
    <Data Name=""QueryResults"">::ffff:185.199.108.133;::ffff:185.199.109.133;::ffff:185.199.110.133;::ffff:185.199.111.133;</Data>
    <Data Name=""Image"">C:\Program Files (x86)\Microsoft\Edge\Application\msedge.exe</Data>
    <Data Name=""User"">WINDEV2309EVAL\User</Data>
  </EventData>
</Event>
"
Microsoft-Windows-Sysmon/Operational,,,WinDev2309Eval,,,,,,,,,,22,5949,,,,C:\Program Files (x86)\Microsoft\Edge\Application\msedge.exe,,,0x8000000000000000,4,,,,,0,,,,,,,{f57bd86a-1d66-6582-df00-000000000d00},3400,8844.0,,,raw.githubusercontent.com,::ffff:185.199.108.133;::ffff:185.199.109.133;::ffff:185.199.110.133;::ffff:185.199.111.133;,0.0,-,,,,,,,,,,,,,2023-12-20T14:39:11.5739657Z,,,,,,,22,,4220,WINDEV2309EVAL\User,S-1-5-18,39:09.9,5.0,"<Event xmlns=""http://schemas.microsoft.com/win/2004/08/events/event"">
  <System>
    <Provider Name=""Microsoft-Windows-Sysmon"" Guid=""{5770385f-c22a-43e0-bf4c-06f5698ffbd9}""/>
    <EventID>22</EventID>
    <Version>5</Version>
    <Level>4</Level>
    <Task>22</Task>
    <Opcode>0</Opcode>
    <Keywords>0x8000000000000000</Keywords>
    <TimeCreated SystemTime=""2023-12-20T14:39:11.5739657Z""/>
    <EventRecordID>5949</EventRecordID>
    <Correlation/>
    <Execution ProcessID=""3400"" ThreadID=""4220""/>
    <Channel>Microsoft-Windows-Sysmon/Operational</Channel>
    <Computer>WinDev2309Eval</Computer>
    <Security UserID=""S-1-5-18""/>
  </System>
  <EventData>
    <Data Name=""RuleName"">-</Data>
    <Data Name=""UtcTime"">2023-12-20 14:39:09.901</Data>
    <Data Name=""ProcessGuid"">{f57bd86a-1d66-6582-df00-000000000d00}</Data>
    <Data Name=""ProcessId"">8844</Data>
    <Data Name=""QueryName"">raw.githubusercontent.com</Data>
    <Data Name=""QueryStatus"">0</Data>
    <Data Name=""QueryResults"">::ffff:185.199.108.133;::ffff:185.199.109.133;::ffff:185.199.110.133;::ffff:185.199.111.133;</Data>
    <Data Name=""Image"">C:\Program Files (x86)\Microsoft\Edge\Application\msedge.exe</Data>
    <Data Name=""User"">WINDEV2309EVAL\User</Data>
  </EventData>
</Event>
"
Microsoft-Windows-Sysmon/Operational,,,WinDev2309Eval,,,,,,,,,,22,5948,,,,C:\Program Files (x86)\Microsoft\Edge\Application\msedge.exe,,,0x8000000000000000,4,,,,,0,,,,,,,{f57bd86a-1d66-6582-df00-000000000d00},3400,8844.0,,,ecn.dev.virtualearth.net,type: 5 ssl2.tiles.virtualearth.net.edgekey.net;type: 5 e4113.dscd.akamaiedge.net;::ffff:23.37.0.153;,0.0,-,,,,,,,,,,,,,2023-12-20T14:38:45.7648173Z,,,,,,,22,,4220,WINDEV2309EVAL\User,S-1-5-18,38:44.0,5.0,"<Event xmlns=""http://schemas.microsoft.com/win/2004/08/events/event"">
  <System>
    <Provider Name=""Microsoft-Windows-Sysmon"" Guid=""{5770385f-c22a-43e0-bf4c-06f5698ffbd9}""/>
    <EventID>22</EventID>
    <Version>5</Version>
    <Level>4</Level>
    <Task>22</Task>
    <Opcode>0</Opcode>
    <Keywords>0x8000000000000000</Keywords>
    <TimeCreated SystemTime=""2023-12-20T14:38:45.7648173Z""/>
    <EventRecordID>5948</EventRecordID>
    <Correlation/>
    <Execution ProcessID=""3400"" ThreadID=""4220""/>
    <Channel>Microsoft-Windows-Sysmon/Operational</Channel>
    <Computer>WinDev2309Eval</Computer>
    <Security UserID=""S-1-5-18""/>
  </System>
  <EventData>
    <Data Name=""RuleName"">-</Data>
    <Data Name=""UtcTime"">2023-12-20 14:38:43.952</Data>
    <Data Name=""ProcessGuid"">{f57bd86a-1d66-6582-df00-000000000d00}</Data>
    <Data Name=""ProcessId"">8844</Data>
    <Data Name=""QueryName"">ecn.dev.virtualearth.net</Data>
    <Data Name=""QueryStatus"">0</Data>
    <Data Name=""QueryResults"">type: 5 ssl2.tiles.virtualearth.net.edgekey.net;type: 5 e4113.dscd.akamaiedge.net;::ffff:23.37.0.153;</Data>
    <Data Name=""Image"">C:\Program Files (x86)\Microsoft\Edge\Application\msedge.exe</Data>
    <Data Name=""User"">WINDEV2309EVAL\User</Data>
  </EventData>
</Event>
"
