Microsoft-Windows-Sysmon/Operational,C:\Windows\system32\ipconfig  /release,Microsoft Corporation,WinDev2309Eval,,C:\Windows\System32\,IP Configuration Utility,,,,,,,1,6042,,10.0.22621.2506 (WinBuild.160101.0800),"MD5=A36BF72288EB26A359F4DFD01BEA9E6C,SHA256=83450F06AC0316E7ADA56927923B560E053BFA6F9110FAA6574C191C0E286D01,IMPHASH=BA5EDB59433034A4D1690CA812976586",C:\Windows\System32\ipconfig.exe,,System,0x8000000000000000,4,{f57bd86a-1cf1-6582-e703-000000000000},0x3e7,,,0,ipconfig.exe,"C:\Windows\system32\cmd.exe /c """"C:\Program Files\VMware\VMware Tools\suspend-vm-default.bat""""",C:\Windows\System32\cmd.exe,{f57bd86a-1f26-6583-8304-000000000d00},5416.0,NT AUTHORITY\SYSTEM,{f57bd86a-1f26-6583-8504-000000000d00},3400,5476.0,Microsoft® Windows® Operating System,,,,,-,,,,,,,,,,,,,2023-12-20T17:06:46.8856072Z,,,,,,,1,0.0,4208,NT AUTHORITY\SYSTEM,S-1-5-18,06:46.9,5.0,"<Event xmlns=""http://schemas.microsoft.com/win/2004/08/events/event"">
  <System>
    <Provider Name=""Microsoft-Windows-Sysmon"" Guid=""{5770385f-c22a-43e0-bf4c-06f5698ffbd9}""/>
    <EventID>1</EventID>
    <Version>5</Version>
    <Level>4</Level>
    <Task>1</Task>
    <Opcode>0</Opcode>
    <Keywords>0x8000000000000000</Keywords>
    <TimeCreated SystemTime=""2023-12-20T17:06:46.8856072Z""/>
    <EventRecordID>6042</EventRecordID>
    <Correlation/>
    <Execution ProcessID=""3400"" ThreadID=""4208""/>
    <Channel>Microsoft-Windows-Sysmon/Operational</Channel>
    <Computer>WinDev2309Eval</Computer>
    <Security UserID=""S-1-5-18""/>
  </System>
  <EventData>
    <Data Name=""RuleName"">-</Data>
    <Data Name=""UtcTime"">2023-12-20 17:06:46.881</Data>
    <Data Name=""ProcessGuid"">{f57bd86a-1f26-6583-8504-000000000d00}</Data>
    <Data Name=""ProcessId"">5476</Data>
    <Data Name=""Image"">C:\Windows\System32\ipconfig.exe</Data>
    <Data Name=""FileVersion"">10.0.22621.2506 (WinBuild.160101.0800)</Data>
    <Data Name=""Description"">IP Configuration Utility</Data>
    <Data Name=""Product"">Microsoft&#174; Windows&#174; Operating System</Data>
    <Data Name=""Company"">Microsoft Corporation</Data>
    <Data Name=""OriginalFileName"">ipconfig.exe</Data>
    <Data Name=""CommandLine"">C:\Windows\system32\ipconfig  /release</Data>
    <Data Name=""CurrentDirectory"">C:\Windows\System32\</Data>
    <Data Name=""User"">NT AUTHORITY\SYSTEM</Data>
    <Data Name=""LogonGuid"">{f57bd86a-1cf1-6582-e703-000000000000}</Data>
    <Data Name=""LogonId"">0x3e7</Data>
    <Data Name=""TerminalSessionId"">0</Data>
    <Data Name=""IntegrityLevel"">System</Data>
    <Data Name=""Hashes"">MD5=A36BF72288EB26A359F4DFD01BEA9E6C,SHA256=83450F06AC0316E7ADA56927923B560E053BFA6F9110FAA6574C191C0E286D01,IMPHASH=BA5EDB59433034A4D1690CA812976586</Data>
    <Data Name=""ParentProcessGuid"">{f57bd86a-1f26-6583-8304-000000000d00}</Data>
    <Data Name=""ParentProcessId"">5416</Data>
    <Data Name=""ParentImage"">C:\Windows\System32\cmd.exe</Data>
    <Data Name=""ParentCommandLine"">C:\Windows\system32\cmd.exe /c """"C:\Program Files\VMware\VMware Tools\suspend-vm-default.bat""""</Data>
    <Data Name=""ParentUser"">NT AUTHORITY\SYSTEM</Data>
  </EventData>
</Event>
"
Microsoft-Windows-Sysmon/Operational,"C:\Windows\system32\cmd.exe /c """"C:\Program Files\VMware\VMware Tools\suspend-vm-default.bat""""",Microsoft Corporation,WinDev2309Eval,,C:\Windows\system32\,Windows Command Processor,,,,,,,1,6041,,10.0.22621.2506 (WinBuild.160101.0800),"MD5=133D568ECCB557E37BEA1459521CBAC2,SHA256=05A30592D2C3421C41121145C6EEFA7C81FEA6B42D6233A522240A8468326B9C,IMPHASH=D73E39DAB3C8B57AA408073D01254964",C:\Windows\System32\cmd.exe,,System,0x8000000000000000,4,{f57bd86a-1cf1-6582-e703-000000000000},0x3e7,,,0,Cmd.Exe,"""C:\Program Files\VMware\VMware Tools\vmtoolsd.exe""",C:\Program Files\VMware\VMware Tools\vmtoolsd.exe,{f57bd86a-1cf4-6582-4400-000000000d00},2824.0,NT AUTHORITY\SYSTEM,{f57bd86a-1f26-6583-8304-000000000d00},3400,5416.0,Microsoft® Windows® Operating System,,,,,-,,,,,,,,,,,,,2023-12-20T17:06:46.8439952Z,,,,,,,1,0.0,4208,NT AUTHORITY\SYSTEM,S-1-5-18,06:46.8,5.0,"<Event xmlns=""http://schemas.microsoft.com/win/2004/08/events/event"">
  <System>
    <Provider Name=""Microsoft-Windows-Sysmon"" Guid=""{5770385f-c22a-43e0-bf4c-06f5698ffbd9}""/>
    <EventID>1</EventID>
    <Version>5</Version>
    <Level>4</Level>
    <Task>1</Task>
    <Opcode>0</Opcode>
    <Keywords>0x8000000000000000</Keywords>
    <TimeCreated SystemTime=""2023-12-20T17:06:46.8439952Z""/>
    <EventRecordID>6041</EventRecordID>
    <Correlation/>
    <Execution ProcessID=""3400"" ThreadID=""4208""/>
    <Channel>Microsoft-Windows-Sysmon/Operational</Channel>
    <Computer>WinDev2309Eval</Computer>
    <Security UserID=""S-1-5-18""/>
  </System>
  <EventData>
    <Data Name=""RuleName"">-</Data>
    <Data Name=""UtcTime"">2023-12-20 17:06:46.839</Data>
    <Data Name=""ProcessGuid"">{f57bd86a-1f26-6583-8304-000000000d00}</Data>
    <Data Name=""ProcessId"">5416</Data>
    <Data Name=""Image"">C:\Windows\System32\cmd.exe</Data>
    <Data Name=""FileVersion"">10.0.22621.2506 (WinBuild.160101.0800)</Data>
    <Data Name=""Description"">Windows Command Processor</Data>
    <Data Name=""Product"">Microsoft&#174; Windows&#174; Operating System</Data>
    <Data Name=""Company"">Microsoft Corporation</Data>
    <Data Name=""OriginalFileName"">Cmd.Exe</Data>
    <Data Name=""CommandLine"">C:\Windows\system32\cmd.exe /c """"C:\Program Files\VMware\VMware Tools\suspend-vm-default.bat""""</Data>
    <Data Name=""CurrentDirectory"">C:\Windows\system32\</Data>
    <Data Name=""User"">NT AUTHORITY\SYSTEM</Data>
    <Data Name=""LogonGuid"">{f57bd86a-1cf1-6582-e703-000000000000}</Data>
    <Data Name=""LogonId"">0x3e7</Data>
    <Data Name=""TerminalSessionId"">0</Data>
    <Data Name=""IntegrityLevel"">System</Data>
    <Data Name=""Hashes"">MD5=133D568ECCB557E37BEA1459521CBAC2,SHA256=05A30592D2C3421C41121145C6EEFA7C81FEA6B42D6233A522240A8468326B9C,IMPHASH=D73E39DAB3C8B57AA408073D01254964</Data>
    <Data Name=""ParentProcessGuid"">{f57bd86a-1cf4-6582-4400-000000000d00}</Data>
    <Data Name=""ParentProcessId"">2824</Data>
    <Data Name=""ParentImage"">C:\Program Files\VMware\VMware Tools\vmtoolsd.exe</Data>
    <Data Name=""ParentCommandLine"">""C:\Program Files\VMware\VMware Tools\vmtoolsd.exe""</Data>
    <Data Name=""ParentUser"">NT AUTHORITY\SYSTEM</Data>
  </EventData>
</Event>
"
Microsoft-Windows-Sysmon/Operational,,,WinDev2309Eval,,,,-,104.208.16.91,False,443.0,https,,3,6040,,,,C:\Users\User\AppData\Local\Microsoft\OneDrive\OneDrive.exe,True,,0x8000000000000000,4,,,,,0,,,,,,,{f57bd86a-1d61-6582-d500-000000000d00},3400,7048.0,,tcp,,,,Usermode,WinDev2309Eval.localdomain,,192.168.126.163,False,52747.0,-,,,,,,,2023-12-20T17:06:37.9012850Z,,,,,,,3,,4200,WINDEV2309EVAL\User,S-1-5-18,06:36.0,5.0,"<Event xmlns=""http://schemas.microsoft.com/win/2004/08/events/event"">
  <System>
    <Provider Name=""Microsoft-Windows-Sysmon"" Guid=""{5770385f-c22a-43e0-bf4c-06f5698ffbd9}""/>
    <EventID>3</EventID>
    <Version>5</Version>
    <Level>4</Level>
    <Task>3</Task>
    <Opcode>0</Opcode>
    <Keywords>0x8000000000000000</Keywords>
    <TimeCreated SystemTime=""2023-12-20T17:06:37.9012850Z""/>
    <EventRecordID>6040</EventRecordID>
    <Correlation/>
    <Execution ProcessID=""3400"" ThreadID=""4200""/>
    <Channel>Microsoft-Windows-Sysmon/Operational</Channel>
    <Computer>WinDev2309Eval</Computer>
    <Security UserID=""S-1-5-18""/>
  </System>
  <EventData>
    <Data Name=""RuleName"">Usermode</Data>
    <Data Name=""UtcTime"">2023-12-20 17:06:35.978</Data>
    <Data Name=""ProcessGuid"">{f57bd86a-1d61-6582-d500-000000000d00}</Data>
    <Data Name=""ProcessId"">7048</Data>
    <Data Name=""Image"">C:\Users\User\AppData\Local\Microsoft\OneDrive\OneDrive.exe</Data>
    <Data Name=""User"">WINDEV2309EVAL\User</Data>
    <Data Name=""Protocol"">tcp</Data>
    <Data Name=""Initiated"">true</Data>
    <Data Name=""SourceIsIpv6"">false</Data>
    <Data Name=""SourceIp"">192.168.126.163</Data>
    <Data Name=""SourceHostname"">WinDev2309Eval.localdomain</Data>
    <Data Name=""SourcePort"">52747</Data>
    <Data Name=""SourcePortName"">-</Data>
    <Data Name=""DestinationIsIpv6"">false</Data>
    <Data Name=""DestinationIp"">104.208.16.91</Data>
    <Data Name=""DestinationHostname"">-</Data>
    <Data Name=""DestinationPort"">443</Data>
    <Data Name=""DestinationPortName"">https</Data>
  </EventData>
</Event>
"
Microsoft-Windows-Sysmon/Operational,C:\Windows\system32\svchost.exe -k netsvcs -p -s gpsvc,Microsoft Corporation,WinDev2309Eval,,C:\Windows\system32\,Host Process for Windows Services,,,,,,,1,6039,,10.0.22621.1 (WinBuild.160101.0800),"MD5=8EC922C7A58A8701AB481B7BE9644536,SHA256=949BFB5B4C7D58D92F3F9C5F8EC7CA4CEAFFD10EC5F0020F0A987C472D61C54B,IMPHASH=76B4BAE80D2C3B08BB062D97BF9CA791",C:\Windows\System32\svchost.exe,,System,0x8000000000000000,4,{f57bd86a-1cf1-6582-e703-000000000000},0x3e7,,,0,svchost.exe,C:\Windows\system32\services.exe,C:\Windows\System32\services.exe,{f57bd86a-1cf1-6582-0b00-000000000d00},760.0,NT AUTHORITY\SYSTEM,{f57bd86a-1e8a-6583-8004-000000000d00},3400,9780.0,Microsoft® Windows® Operating System,,,,,-,,,,,,,,,,,,,2023-12-20T17:04:10.0607772Z,,,,,,,1,0.0,4208,NT AUTHORITY\SYSTEM,S-1-5-18,04:10.1,5.0,"<Event xmlns=""http://schemas.microsoft.com/win/2004/08/events/event"">
  <System>
    <Provider Name=""Microsoft-Windows-Sysmon"" Guid=""{5770385f-c22a-43e0-bf4c-06f5698ffbd9}""/>
    <EventID>1</EventID>
    <Version>5</Version>
    <Level>4</Level>
    <Task>1</Task>
    <Opcode>0</Opcode>
    <Keywords>0x8000000000000000</Keywords>
    <TimeCreated SystemTime=""2023-12-20T17:04:10.0607772Z""/>
    <EventRecordID>6039</EventRecordID>
    <Correlation/>
    <Execution ProcessID=""3400"" ThreadID=""4208""/>
    <Channel>Microsoft-Windows-Sysmon/Operational</Channel>
    <Computer>WinDev2309Eval</Computer>
    <Security UserID=""S-1-5-18""/>
  </System>
  <EventData>
    <Data Name=""RuleName"">-</Data>
    <Data Name=""UtcTime"">2023-12-20 17:04:10.058</Data>
    <Data Name=""ProcessGuid"">{f57bd86a-1e8a-6583-8004-000000000d00}</Data>
    <Data Name=""ProcessId"">9780</Data>
    <Data Name=""Image"">C:\Windows\System32\svchost.exe</Data>
    <Data Name=""FileVersion"">10.0.22621.1 (WinBuild.160101.0800)</Data>
    <Data Name=""Description"">Host Process for Windows Services</Data>
    <Data Name=""Product"">Microsoft&#174; Windows&#174; Operating System</Data>
    <Data Name=""Company"">Microsoft Corporation</Data>
    <Data Name=""OriginalFileName"">svchost.exe</Data>
    <Data Name=""CommandLine"">C:\Windows\system32\svchost.exe -k netsvcs -p -s gpsvc</Data>
    <Data Name=""CurrentDirectory"">C:\Windows\system32\</Data>
    <Data Name=""User"">NT AUTHORITY\SYSTEM</Data>
    <Data Name=""LogonGuid"">{f57bd86a-1cf1-6582-e703-000000000000}</Data>
    <Data Name=""LogonId"">0x3e7</Data>
    <Data Name=""TerminalSessionId"">0</Data>
    <Data Name=""IntegrityLevel"">System</Data>
    <Data Name=""Hashes"">MD5=8EC922C7A58A8701AB481B7BE9644536,SHA256=949BFB5B4C7D58D92F3F9C5F8EC7CA4CEAFFD10EC5F0020F0A987C472D61C54B,IMPHASH=76B4BAE80D2C3B08BB062D97BF9CA791</Data>
    <Data Name=""ParentProcessGuid"">{f57bd86a-1cf1-6582-0b00-000000000d00}</Data>
    <Data Name=""ParentProcessId"">760</Data>
    <Data Name=""ParentImage"">C:\Windows\System32\services.exe</Data>
    <Data Name=""ParentCommandLine"">C:\Windows\system32\services.exe</Data>
    <Data Name=""ParentUser"">NT AUTHORITY\SYSTEM</Data>
  </EventData>
</Event>
"
Microsoft-Windows-Sysmon/Operational,,,WinDev2309Eval,,,,,,,,,,22,6038,,,,C:\Program Files (x86)\Microsoft\Edge\Application\msedge.exe,,,0x8000000000000000,4,,,,,0,,,,,,,{f57bd86a-1d66-6582-df00-000000000d00},3400,8844.0,,,www.youtube.com,type: 5 youtube-ui.l.google.com;::ffff:216.58.205.46;::ffff:142.250.180.142;::ffff:142.250.180.174;::ffff:142.251.209.14;::ffff:142.251.209.46;::ffff:216.58.209.46;::ffff:216.58.204.142;::ffff:216.58.204.238;,0.0,-,,,,,,,,,,,,,2023-12-20T17:03:12.9176443Z,,,,,,,22,,4220,WINDEV2309EVAL\User,S-1-5-18,03:12.0,5.0,"<Event xmlns=""http://schemas.microsoft.com/win/2004/08/events/event"">
  <System>
    <Provider Name=""Microsoft-Windows-Sysmon"" Guid=""{5770385f-c22a-43e0-bf4c-06f5698ffbd9}""/>
    <EventID>22</EventID>
    <Version>5</Version>
    <Level>4</Level>
    <Task>22</Task>
    <Opcode>0</Opcode>
    <Keywords>0x8000000000000000</Keywords>
    <TimeCreated SystemTime=""2023-12-20T17:03:12.9176443Z""/>
    <EventRecordID>6038</EventRecordID>
    <Correlation/>
    <Execution ProcessID=""3400"" ThreadID=""4220""/>
    <Channel>Microsoft-Windows-Sysmon/Operational</Channel>
    <Computer>WinDev2309Eval</Computer>
    <Security UserID=""S-1-5-18""/>
  </System>
  <EventData>
    <Data Name=""RuleName"">-</Data>
    <Data Name=""UtcTime"">2023-12-20 17:03:11.953</Data>
    <Data Name=""ProcessGuid"">{f57bd86a-1d66-6582-df00-000000000d00}</Data>
    <Data Name=""ProcessId"">8844</Data>
    <Data Name=""QueryName"">www.youtube.com</Data>
    <Data Name=""QueryStatus"">0</Data>
    <Data Name=""QueryResults"">type: 5 youtube-ui.l.google.com;::ffff:216.58.205.46;::ffff:142.250.180.142;::ffff:142.250.180.174;::ffff:142.251.209.14;::ffff:142.251.209.46;::ffff:216.58.209.46;::ffff:216.58.204.142;::ffff:216.58.204.238;</Data>
    <Data Name=""Image"">C:\Program Files (x86)\Microsoft\Edge\Application\msedge.exe</Data>
    <Data Name=""User"">WINDEV2309EVAL\User</Data>
  </EventData>
</Event>
"
Microsoft-Windows-Sysmon/Operational,,,WinDev2309Eval,,,,,,,,,,22,6037,,,,C:\Program Files (x86)\Microsoft\Edge\Application\msedge.exe,,,0x8000000000000000,4,,,,,0,,,,,,,{f57bd86a-1d66-6582-df00-000000000d00},3400,8844.0,,,telegram.org,::ffff:149.154.167.99;,0.0,-,,,,,,,,,,,,,2023-12-20T17:03:07.8942635Z,,,,,,,22,,4220,WINDEV2309EVAL\User,S-1-5-18,03:07.7,5.0,"<Event xmlns=""http://schemas.microsoft.com/win/2004/08/events/event"">
  <System>
    <Provider Name=""Microsoft-Windows-Sysmon"" Guid=""{5770385f-c22a-43e0-bf4c-06f5698ffbd9}""/>
    <EventID>22</EventID>
    <Version>5</Version>
    <Level>4</Level>
    <Task>22</Task>
    <Opcode>0</Opcode>
    <Keywords>0x8000000000000000</Keywords>
    <TimeCreated SystemTime=""2023-12-20T17:03:07.8942635Z""/>
    <EventRecordID>6037</EventRecordID>
    <Correlation/>
    <Execution ProcessID=""3400"" ThreadID=""4220""/>
    <Channel>Microsoft-Windows-Sysmon/Operational</Channel>
    <Computer>WinDev2309Eval</Computer>
    <Security UserID=""S-1-5-18""/>
  </System>
  <EventData>
    <Data Name=""RuleName"">-</Data>
    <Data Name=""UtcTime"">2023-12-20 17:03:07.723</Data>
    <Data Name=""ProcessGuid"">{f57bd86a-1d66-6582-df00-000000000d00}</Data>
    <Data Name=""ProcessId"">8844</Data>
    <Data Name=""QueryName"">telegram.org</Data>
    <Data Name=""QueryStatus"">0</Data>
    <Data Name=""QueryResults"">::ffff:149.154.167.99;</Data>
    <Data Name=""Image"">C:\Program Files (x86)\Microsoft\Edge\Application\msedge.exe</Data>
    <Data Name=""User"">WINDEV2309EVAL\User</Data>
  </EventData>
</Event>
"
Microsoft-Windows-Sysmon/Operational,,,WinDev2309Eval,,,,,,,,,,22,6036,,,,C:\Program Files (x86)\Microsoft\Edge\Application\msedge.exe,,,0x8000000000000000,4,,,,,0,,,,,,,{f57bd86a-1d66-6582-df00-000000000d00},3400,8844.0,,,cdn4.cdn-telegram.org,::ffff:34.111.35.152;,0.0,-,,,,,,,,,,,,,2023-12-20T17:03:07.8941315Z,,,,,,,22,,4220,WINDEV2309EVAL\User,S-1-5-18,03:07.7,5.0,"<Event xmlns=""http://schemas.microsoft.com/win/2004/08/events/event"">
  <System>
    <Provider Name=""Microsoft-Windows-Sysmon"" Guid=""{5770385f-c22a-43e0-bf4c-06f5698ffbd9}""/>
    <EventID>22</EventID>
    <Version>5</Version>
    <Level>4</Level>
    <Task>22</Task>
    <Opcode>0</Opcode>
    <Keywords>0x8000000000000000</Keywords>
    <TimeCreated SystemTime=""2023-12-20T17:03:07.8941315Z""/>
    <EventRecordID>6036</EventRecordID>
    <Correlation/>
    <Execution ProcessID=""3400"" ThreadID=""4220""/>
    <Channel>Microsoft-Windows-Sysmon/Operational</Channel>
    <Computer>WinDev2309Eval</Computer>
    <Security UserID=""S-1-5-18""/>
  </System>
  <EventData>
    <Data Name=""RuleName"">-</Data>
    <Data Name=""UtcTime"">2023-12-20 17:03:07.703</Data>
    <Data Name=""ProcessGuid"">{f57bd86a-1d66-6582-df00-000000000d00}</Data>
    <Data Name=""ProcessId"">8844</Data>
    <Data Name=""QueryName"">cdn4.cdn-telegram.org</Data>
    <Data Name=""QueryStatus"">0</Data>
    <Data Name=""QueryResults"">::ffff:34.111.35.152;</Data>
    <Data Name=""Image"">C:\Program Files (x86)\Microsoft\Edge\Application\msedge.exe</Data>
    <Data Name=""User"">WINDEV2309EVAL\User</Data>
  </EventData>
</Event>
"
