Channel,CommandLine,Company,Computer,CreationUtcTime,CurrentDirectory,Description,DestinationHostname,DestinationIp,DestinationIsIpv6,DestinationPort,DestinationPortName,Details,EventID,EventRecordID,EventType,FileVersion,Hashes,Image,Initiated,IntegrityLevel,Keywords,Level,LogonGuid,LogonId,Message,NewThreadId,Opcode,OriginalFileName,ParentCommandLine,ParentImage,ParentProcessGuid,ParentProcessId,ParentUser,ProcessGuid,ProcessID,ProcessId,Product,Protocol,QueryName,QueryResults,QueryStatus,RuleName,SourceHostname,SourceImage,SourceIp,SourceIsIpv6,SourcePort,SourcePortName,SourceProcessGuid,SourceProcessId,SourceUser,StartAddress,StartFunction,StartModule,SystemTime,TargetFilename,TargetImage,TargetObject,TargetProcessGuid,TargetProcessId,TargetUser,Task,TerminalSessionId,ThreadID,User,UserID,UtcTime,Version,raw
Microsoft-Windows-Sysmon/Operational,,,WinDev2309Eval,44:39.8,,,,,,,,,11,6585,,,,C:\Windows\Microsoft.NET\Framework\v4.0.30319\mscorsvw.exe,,,0x8000000000000000,4,,,,,0,,,,,,,{f57bd86a-2526-6584-1d08-000000000d00},3400,9284.0,,,,,,DLL,,,,,,,,,,,,,2023-12-21T11:44:39.8503506Z,C:\Windows\assembly\NativeImages_v4.0.30319_32\Temp\2444-0\Microsoft.WinForms.Utilities.VisualStudio.dll,,,,,,11,,4208,NT AUTHORITY\SYSTEM,S-1-5-18,44:39.8,2.0,"<Event xmlns=""http://schemas.microsoft.com/win/2004/08/events/event"">
  <System>
    <Provider Name=""Microsoft-Windows-Sysmon"" Guid=""{5770385f-c22a-43e0-bf4c-06f5698ffbd9}""/>
    <EventID>11</EventID>
    <Version>2</Version>
    <Level>4</Level>
    <Task>11</Task>
    <Opcode>0</Opcode>
    <Keywords>0x8000000000000000</Keywords>
    <TimeCreated SystemTime=""2023-12-21T11:44:39.8503506Z""/>
    <EventRecordID>6585</EventRecordID>
    <Correlation/>
    <Execution ProcessID=""3400"" ThreadID=""4208""/>
    <Channel>Microsoft-Windows-Sysmon/Operational</Channel>
    <Computer>WinDev2309Eval</Computer>
    <Security UserID=""S-1-5-18""/>
  </System>
  <EventData>
    <Data Name=""RuleName"">DLL</Data>
    <Data Name=""UtcTime"">2023-12-21 11:44:39.844</Data>
    <Data Name=""ProcessGuid"">{f57bd86a-2526-6584-1d08-000000000d00}</Data>
    <Data Name=""ProcessId"">9284</Data>
    <Data Name=""Image"">C:\Windows\Microsoft.NET\Framework\v4.0.30319\mscorsvw.exe</Data>
    <Data Name=""TargetFilename"">C:\Windows\assembly\NativeImages_v4.0.30319_32\Temp\2444-0\Microsoft.WinForms.Utilities.VisualStudio.dll</Data>
    <Data Name=""CreationUtcTime"">2023-12-21 11:44:39.844</Data>
    <Data Name=""User"">NT AUTHORITY\SYSTEM</Data>
  </EventData>
</Event>
"
Microsoft-Windows-Sysmon/Operational,,,WinDev2309Eval,44:38.4,,,,,,,,,11,6584,,,,C:\Windows\Microsoft.NET\Framework\v4.0.30319\mscorsvw.exe,,,0x8000000000000000,4,,,,,0,,,,,,,{f57bd86a-2526-6584-1b08-000000000d00},3400,2164.0,,,,,,DLL,,,,,,,,,,,,,2023-12-21T11:44:38.4377999Z,C:\Windows\assembly\NativeImages_v4.0.30319_32\Temp\874-0\Microsoft.WinForms.Utilities.Telemetry.dll,,,,,,11,,4208,NT AUTHORITY\SYSTEM,S-1-5-18,44:38.4,2.0,"<Event xmlns=""http://schemas.microsoft.com/win/2004/08/events/event"">
  <System>
    <Provider Name=""Microsoft-Windows-Sysmon"" Guid=""{5770385f-c22a-43e0-bf4c-06f5698ffbd9}""/>
    <EventID>11</EventID>
    <Version>2</Version>
    <Level>4</Level>
    <Task>11</Task>
    <Opcode>0</Opcode>
    <Keywords>0x8000000000000000</Keywords>
    <TimeCreated SystemTime=""2023-12-21T11:44:38.4377999Z""/>
    <EventRecordID>6584</EventRecordID>
    <Correlation/>
    <Execution ProcessID=""3400"" ThreadID=""4208""/>
    <Channel>Microsoft-Windows-Sysmon/Operational</Channel>
    <Computer>WinDev2309Eval</Computer>
    <Security UserID=""S-1-5-18""/>
  </System>
  <EventData>
    <Data Name=""RuleName"">DLL</Data>
    <Data Name=""UtcTime"">2023-12-21 11:44:38.436</Data>
    <Data Name=""ProcessGuid"">{f57bd86a-2526-6584-1b08-000000000d00}</Data>
    <Data Name=""ProcessId"">2164</Data>
    <Data Name=""Image"">C:\Windows\Microsoft.NET\Framework\v4.0.30319\mscorsvw.exe</Data>
    <Data Name=""TargetFilename"">C:\Windows\assembly\NativeImages_v4.0.30319_32\Temp\874-0\Microsoft.WinForms.Utilities.Telemetry.dll</Data>
    <Data Name=""CreationUtcTime"">2023-12-21 11:44:38.436</Data>
    <Data Name=""User"">NT AUTHORITY\SYSTEM</Data>
  </EventData>
</Event>
"
Microsoft-Windows-Sysmon/Operational,,,WinDev2309Eval,44:38.0,,,,,,,,,11,6583,,,,C:\Windows\Microsoft.NET\Framework\v4.0.30319\mscorsvw.exe,,,0x8000000000000000,4,,,,,0,,,,,,,{f57bd86a-2525-6584-1908-000000000d00},3400,11076.0,,,,,,DLL,,,,,,,,,,,,,2023-12-21T11:44:38.0188517Z,C:\Windows\assembly\NativeImages_v4.0.30319_32\Temp\2b44-0\Microsoft.WinForms.Utilities.Shared.dll,,,,,,11,,4208,NT AUTHORITY\SYSTEM,S-1-5-18,44:38.0,2.0,"<Event xmlns=""http://schemas.microsoft.com/win/2004/08/events/event"">
  <System>
    <Provider Name=""Microsoft-Windows-Sysmon"" Guid=""{5770385f-c22a-43e0-bf4c-06f5698ffbd9}""/>
    <EventID>11</EventID>
    <Version>2</Version>
    <Level>4</Level>
    <Task>11</Task>
    <Opcode>0</Opcode>
    <Keywords>0x8000000000000000</Keywords>
    <TimeCreated SystemTime=""2023-12-21T11:44:38.0188517Z""/>
    <EventRecordID>6583</EventRecordID>
    <Correlation/>
    <Execution ProcessID=""3400"" ThreadID=""4208""/>
    <Channel>Microsoft-Windows-Sysmon/Operational</Channel>
    <Computer>WinDev2309Eval</Computer>
    <Security UserID=""S-1-5-18""/>
  </System>
  <EventData>
    <Data Name=""RuleName"">DLL</Data>
    <Data Name=""UtcTime"">2023-12-21 11:44:38.015</Data>
    <Data Name=""ProcessGuid"">{f57bd86a-2525-6584-1908-000000000d00}</Data>
    <Data Name=""ProcessId"">11076</Data>
    <Data Name=""Image"">C:\Windows\Microsoft.NET\Framework\v4.0.30319\mscorsvw.exe</Data>
    <Data Name=""TargetFilename"">C:\Windows\assembly\NativeImages_v4.0.30319_32\Temp\2b44-0\Microsoft.WinForms.Utilities.Shared.dll</Data>
    <Data Name=""CreationUtcTime"">2023-12-21 11:44:38.015</Data>
    <Data Name=""User"">NT AUTHORITY\SYSTEM</Data>
  </EventData>
</Event>
"
Microsoft-Windows-Sysmon/Operational,,,WinDev2309Eval,44:36.8,,,,,,,,,11,6582,,,,C:\Windows\Microsoft.NET\Framework\v4.0.30319\mscorsvw.exe,,,0x8000000000000000,4,,,,,0,,,,,,,{f57bd86a-2524-6584-1708-000000000d00},3400,3220.0,,,,,,DLL,,,,,,,,,,,,,2023-12-21T11:44:36.8488877Z,C:\Windows\assembly\NativeImages_v4.0.30319_32\Temp\c94-0\Microsoft.WinForms.Utilities.Desktop.dll,,,,,,11,,4208,NT AUTHORITY\SYSTEM,S-1-5-18,44:36.8,2.0,"<Event xmlns=""http://schemas.microsoft.com/win/2004/08/events/event"">
  <System>
    <Provider Name=""Microsoft-Windows-Sysmon"" Guid=""{5770385f-c22a-43e0-bf4c-06f5698ffbd9}""/>
    <EventID>11</EventID>
    <Version>2</Version>
    <Level>4</Level>
    <Task>11</Task>
    <Opcode>0</Opcode>
    <Keywords>0x8000000000000000</Keywords>
    <TimeCreated SystemTime=""2023-12-21T11:44:36.8488877Z""/>
    <EventRecordID>6582</EventRecordID>
    <Correlation/>
    <Execution ProcessID=""3400"" ThreadID=""4208""/>
    <Channel>Microsoft-Windows-Sysmon/Operational</Channel>
    <Computer>WinDev2309Eval</Computer>
    <Security UserID=""S-1-5-18""/>
  </System>
  <EventData>
    <Data Name=""RuleName"">DLL</Data>
    <Data Name=""UtcTime"">2023-12-21 11:44:36.843</Data>
    <Data Name=""ProcessGuid"">{f57bd86a-2524-6584-1708-000000000d00}</Data>
    <Data Name=""ProcessId"">3220</Data>
    <Data Name=""Image"">C:\Windows\Microsoft.NET\Framework\v4.0.30319\mscorsvw.exe</Data>
    <Data Name=""TargetFilename"">C:\Windows\assembly\NativeImages_v4.0.30319_32\Temp\c94-0\Microsoft.WinForms.Utilities.Desktop.dll</Data>
    <Data Name=""CreationUtcTime"">2023-12-21 11:44:36.843</Data>
    <Data Name=""User"">NT AUTHORITY\SYSTEM</Data>
  </EventData>
</Event>
"
Microsoft-Windows-Sysmon/Operational,,,WinDev2309Eval,44:36.1,,,,,,,,,11,6581,,,,C:\Windows\Microsoft.NET\Framework\v4.0.30319\mscorsvw.exe,,,0x8000000000000000,4,,,,,0,,,,,,,{f57bd86a-2523-6584-1508-000000000d00},3400,9144.0,,,,,,DLL,,,,,,,,,,,,,2023-12-21T11:44:36.1262002Z,C:\Windows\assembly\NativeImages_v4.0.30319_32\Temp\23b8-0\Microsoft.WinForms.DesignTools.Protocol.dll,,,,,,11,,4208,NT AUTHORITY\SYSTEM,S-1-5-18,44:36.1,2.0,"<Event xmlns=""http://schemas.microsoft.com/win/2004/08/events/event"">
  <System>
    <Provider Name=""Microsoft-Windows-Sysmon"" Guid=""{5770385f-c22a-43e0-bf4c-06f5698ffbd9}""/>
    <EventID>11</EventID>
    <Version>2</Version>
    <Level>4</Level>
    <Task>11</Task>
    <Opcode>0</Opcode>
    <Keywords>0x8000000000000000</Keywords>
    <TimeCreated SystemTime=""2023-12-21T11:44:36.1262002Z""/>
    <EventRecordID>6581</EventRecordID>
    <Correlation/>
    <Execution ProcessID=""3400"" ThreadID=""4208""/>
    <Channel>Microsoft-Windows-Sysmon/Operational</Channel>
    <Computer>WinDev2309Eval</Computer>
    <Security UserID=""S-1-5-18""/>
  </System>
  <EventData>
    <Data Name=""RuleName"">DLL</Data>
    <Data Name=""UtcTime"">2023-12-21 11:44:36.124</Data>
    <Data Name=""ProcessGuid"">{f57bd86a-2523-6584-1508-000000000d00}</Data>
    <Data Name=""ProcessId"">9144</Data>
    <Data Name=""Image"">C:\Windows\Microsoft.NET\Framework\v4.0.30319\mscorsvw.exe</Data>
    <Data Name=""TargetFilename"">C:\Windows\assembly\NativeImages_v4.0.30319_32\Temp\23b8-0\Microsoft.WinForms.DesignTools.Protocol.dll</Data>
    <Data Name=""CreationUtcTime"">2023-12-21 11:44:36.124</Data>
    <Data Name=""User"">NT AUTHORITY\SYSTEM</Data>
  </EventData>
</Event>
"
Microsoft-Windows-Sysmon/Operational,,,WinDev2309Eval,44:35.5,,,,,,,,,11,6580,,,,C:\Windows\Microsoft.NET\Framework\v4.0.30319\mscorsvw.exe,,,0x8000000000000000,4,,,,,0,,,,,,,{f57bd86a-2521-6584-1308-000000000d00},3400,10704.0,,,,,,DLL,,,,,,,,,,,,,2023-12-21T11:44:35.4882048Z,C:\Windows\assembly\NativeImages_v4.0.30319_32\Temp\29d0-0\Microsoft.WinForms.DesignTools.Client.dll,,,,,,11,,4208,NT AUTHORITY\SYSTEM,S-1-5-18,44:35.5,2.0,"<Event xmlns=""http://schemas.microsoft.com/win/2004/08/events/event"">
  <System>
    <Provider Name=""Microsoft-Windows-Sysmon"" Guid=""{5770385f-c22a-43e0-bf4c-06f5698ffbd9}""/>
    <EventID>11</EventID>
    <Version>2</Version>
    <Level>4</Level>
    <Task>11</Task>
    <Opcode>0</Opcode>
    <Keywords>0x8000000000000000</Keywords>
    <TimeCreated SystemTime=""2023-12-21T11:44:35.4882048Z""/>
    <EventRecordID>6580</EventRecordID>
    <Correlation/>
    <Execution ProcessID=""3400"" ThreadID=""4208""/>
    <Channel>Microsoft-Windows-Sysmon/Operational</Channel>
    <Computer>WinDev2309Eval</Computer>
    <Security UserID=""S-1-5-18""/>
  </System>
  <EventData>
    <Data Name=""RuleName"">DLL</Data>
    <Data Name=""UtcTime"">2023-12-21 11:44:35.484</Data>
    <Data Name=""ProcessGuid"">{f57bd86a-2521-6584-1308-000000000d00}</Data>
    <Data Name=""ProcessId"">10704</Data>
    <Data Name=""Image"">C:\Windows\Microsoft.NET\Framework\v4.0.30319\mscorsvw.exe</Data>
    <Data Name=""TargetFilename"">C:\Windows\assembly\NativeImages_v4.0.30319_32\Temp\29d0-0\Microsoft.WinForms.DesignTools.Client.dll</Data>
    <Data Name=""CreationUtcTime"">2023-12-21 11:44:35.484</Data>
    <Data Name=""User"">NT AUTHORITY\SYSTEM</Data>
  </EventData>
</Event>
"
Microsoft-Windows-Sysmon/Operational,,,WinDev2309Eval,44:32.3,,,,,,,,,11,6579,,,,C:\Windows\Microsoft.NET\Framework\v4.0.30319\mscorsvw.exe,,,0x8000000000000000,4,,,,,0,,,,,,,{f57bd86a-251e-6584-1108-000000000d00},3400,9740.0,,,,,,DLL,,,,,,,,,,,,,2023-12-21T11:44:32.3218396Z,C:\Windows\assembly\NativeImages_v4.0.30319_32\Temp\260c-0\Microsoft.VisualStudio.WinForms.Package.dll,,,,,,11,,4208,NT AUTHORITY\SYSTEM,S-1-5-18,44:32.3,2.0,"<Event xmlns=""http://schemas.microsoft.com/win/2004/08/events/event"">
  <System>
    <Provider Name=""Microsoft-Windows-Sysmon"" Guid=""{5770385f-c22a-43e0-bf4c-06f5698ffbd9}""/>
    <EventID>11</EventID>
    <Version>2</Version>
    <Level>4</Level>
    <Task>11</Task>
    <Opcode>0</Opcode>
    <Keywords>0x8000000000000000</Keywords>
    <TimeCreated SystemTime=""2023-12-21T11:44:32.3218396Z""/>
    <EventRecordID>6579</EventRecordID>
    <Correlation/>
    <Execution ProcessID=""3400"" ThreadID=""4208""/>
    <Channel>Microsoft-Windows-Sysmon/Operational</Channel>
    <Computer>WinDev2309Eval</Computer>
    <Security UserID=""S-1-5-18""/>
  </System>
  <EventData>
    <Data Name=""RuleName"">DLL</Data>
    <Data Name=""UtcTime"">2023-12-21 11:44:32.319</Data>
    <Data Name=""ProcessGuid"">{f57bd86a-251e-6584-1108-000000000d00}</Data>
    <Data Name=""ProcessId"">9740</Data>
    <Data Name=""Image"">C:\Windows\Microsoft.NET\Framework\v4.0.30319\mscorsvw.exe</Data>
    <Data Name=""TargetFilename"">C:\Windows\assembly\NativeImages_v4.0.30319_32\Temp\260c-0\Microsoft.VisualStudio.WinForms.Package.dll</Data>
    <Data Name=""CreationUtcTime"">2023-12-21 11:44:32.319</Data>
    <Data Name=""User"">NT AUTHORITY\SYSTEM</Data>
  </EventData>
</Event>
"
Microsoft-Windows-Sysmon/Operational,,,WinDev2309Eval,44:30.3,,,,,,,,,11,6578,,,,C:\Windows\Microsoft.NET\Framework\v4.0.30319\mscorsvw.exe,,,0x8000000000000000,4,,,,,0,,,,,,,{f57bd86a-251c-6584-0f08-000000000d00},3400,10784.0,,,,,,DLL,,,,,,,,,,,,,2023-12-21T11:44:30.2895999Z,C:\Windows\assembly\NativeImages_v4.0.30319_32\Temp\2a20-0\Microsoft.DotNet.DesignTools.Protocol.dll,,,,,,11,,4208,NT AUTHORITY\SYSTEM,S-1-5-18,44:30.3,2.0,"<Event xmlns=""http://schemas.microsoft.com/win/2004/08/events/event"">
  <System>
    <Provider Name=""Microsoft-Windows-Sysmon"" Guid=""{5770385f-c22a-43e0-bf4c-06f5698ffbd9}""/>
    <EventID>11</EventID>
    <Version>2</Version>
    <Level>4</Level>
    <Task>11</Task>
    <Opcode>0</Opcode>
    <Keywords>0x8000000000000000</Keywords>
    <TimeCreated SystemTime=""2023-12-21T11:44:30.2895999Z""/>
    <EventRecordID>6578</EventRecordID>
    <Correlation/>
    <Execution ProcessID=""3400"" ThreadID=""4208""/>
    <Channel>Microsoft-Windows-Sysmon/Operational</Channel>
    <Computer>WinDev2309Eval</Computer>
    <Security UserID=""S-1-5-18""/>
  </System>
  <EventData>
    <Data Name=""RuleName"">DLL</Data>
    <Data Name=""UtcTime"">2023-12-21 11:44:30.285</Data>
    <Data Name=""ProcessGuid"">{f57bd86a-251c-6584-0f08-000000000d00}</Data>
    <Data Name=""ProcessId"">10784</Data>
    <Data Name=""Image"">C:\Windows\Microsoft.NET\Framework\v4.0.30319\mscorsvw.exe</Data>
    <Data Name=""TargetFilename"">C:\Windows\assembly\NativeImages_v4.0.30319_32\Temp\2a20-0\Microsoft.DotNet.DesignTools.Protocol.dll</Data>
    <Data Name=""CreationUtcTime"">2023-12-21 11:44:30.285</Data>
    <Data Name=""User"">NT AUTHORITY\SYSTEM</Data>
  </EventData>
</Event>
"
Microsoft-Windows-Sysmon/Operational,,,WinDev2309Eval,44:28.1,,,,,,,,,11,6577,,,,C:\Windows\Microsoft.NET\Framework\v4.0.30319\mscorsvw.exe,,,0x8000000000000000,4,,,,,0,,,,,,,{f57bd86a-2516-6584-0d08-000000000d00},3400,7040.0,,,,,,DLL,,,,,,,,,,,,,2023-12-21T11:44:28.1420508Z,C:\Windows\assembly\NativeImages_v4.0.30319_32\Temp\1b80-0\Microsoft.DotNet.DesignTools.Client.dll,,,,,,11,,4208,NT AUTHORITY\SYSTEM,S-1-5-18,44:28.1,2.0,"<Event xmlns=""http://schemas.microsoft.com/win/2004/08/events/event"">
  <System>
    <Provider Name=""Microsoft-Windows-Sysmon"" Guid=""{5770385f-c22a-43e0-bf4c-06f5698ffbd9}""/>
    <EventID>11</EventID>
    <Version>2</Version>
    <Level>4</Level>
    <Task>11</Task>
    <Opcode>0</Opcode>
    <Keywords>0x8000000000000000</Keywords>
    <TimeCreated SystemTime=""2023-12-21T11:44:28.1420508Z""/>
    <EventRecordID>6577</EventRecordID>
    <Correlation/>
    <Execution ProcessID=""3400"" ThreadID=""4208""/>
    <Channel>Microsoft-Windows-Sysmon/Operational</Channel>
    <Computer>WinDev2309Eval</Computer>
    <Security UserID=""S-1-5-18""/>
  </System>
  <EventData>
    <Data Name=""RuleName"">DLL</Data>
    <Data Name=""UtcTime"">2023-12-21 11:44:28.136</Data>
    <Data Name=""ProcessGuid"">{f57bd86a-2516-6584-0d08-000000000d00}</Data>
    <Data Name=""ProcessId"">7040</Data>
    <Data Name=""Image"">C:\Windows\Microsoft.NET\Framework\v4.0.30319\mscorsvw.exe</Data>
    <Data Name=""TargetFilename"">C:\Windows\assembly\NativeImages_v4.0.30319_32\Temp\1b80-0\Microsoft.DotNet.DesignTools.Client.dll</Data>
    <Data Name=""CreationUtcTime"">2023-12-21 11:44:28.136</Data>
    <Data Name=""User"">NT AUTHORITY\SYSTEM</Data>
  </EventData>
</Event>
"
Microsoft-Windows-Sysmon/Operational,,,WinDev2309Eval,44:21.9,,,,,,,,,11,6576,,,,C:\Windows\Microsoft.NET\Framework\v4.0.30319\mscorsvw.exe,,,0x8000000000000000,4,,,,,0,,,,,,,{f57bd86a-2513-6584-0b08-000000000d00},3400,5488.0,,,,,,DLL,,,,,,,,,,,,,2023-12-21T11:44:21.9479671Z,C:\Windows\assembly\NativeImages_v4.0.30319_32\Temp\1570-0\Microsoft.VisualStudio.Editors.dll,,,,,,11,,4208,NT AUTHORITY\SYSTEM,S-1-5-18,44:21.9,2.0,"<Event xmlns=""http://schemas.microsoft.com/win/2004/08/events/event"">
  <System>
    <Provider Name=""Microsoft-Windows-Sysmon"" Guid=""{5770385f-c22a-43e0-bf4c-06f5698ffbd9}""/>
    <EventID>11</EventID>
    <Version>2</Version>
    <Level>4</Level>
    <Task>11</Task>
    <Opcode>0</Opcode>
    <Keywords>0x8000000000000000</Keywords>
    <TimeCreated SystemTime=""2023-12-21T11:44:21.9479671Z""/>
    <EventRecordID>6576</EventRecordID>
    <Correlation/>
    <Execution ProcessID=""3400"" ThreadID=""4208""/>
    <Channel>Microsoft-Windows-Sysmon/Operational</Channel>
    <Computer>WinDev2309Eval</Computer>
    <Security UserID=""S-1-5-18""/>
  </System>
  <EventData>
    <Data Name=""RuleName"">DLL</Data>
    <Data Name=""UtcTime"">2023-12-21 11:44:21.936</Data>
    <Data Name=""ProcessGuid"">{f57bd86a-2513-6584-0b08-000000000d00}</Data>
    <Data Name=""ProcessId"">5488</Data>
    <Data Name=""Image"">C:\Windows\Microsoft.NET\Framework\v4.0.30319\mscorsvw.exe</Data>
    <Data Name=""TargetFilename"">C:\Windows\assembly\NativeImages_v4.0.30319_32\Temp\1570-0\Microsoft.VisualStudio.Editors.dll</Data>
    <Data Name=""CreationUtcTime"">2023-12-21 11:44:21.936</Data>
    <Data Name=""User"">NT AUTHORITY\SYSTEM</Data>
  </EventData>
</Event>
"
Microsoft-Windows-Sysmon/Operational,,,WinDev2309Eval,44:18.6,,,,,,,,,11,6575,,,,C:\Windows\Microsoft.NET\Framework\v4.0.30319\mscorsvw.exe,,,0x8000000000000000,4,,,,,0,,,,,,,{f57bd86a-2511-6584-0908-000000000d00},3400,5556.0,,,,,,DLL,,,,,,,,,,,,,2023-12-21T11:44:18.6178843Z,C:\Windows\assembly\NativeImages_v4.0.30319_32\Temp\15b4-0\Microsoft.VisualStudio.AppDesigner.dll,,,,,,11,,4208,NT AUTHORITY\SYSTEM,S-1-5-18,44:18.6,2.0,"<Event xmlns=""http://schemas.microsoft.com/win/2004/08/events/event"">
  <System>
    <Provider Name=""Microsoft-Windows-Sysmon"" Guid=""{5770385f-c22a-43e0-bf4c-06f5698ffbd9}""/>
    <EventID>11</EventID>
    <Version>2</Version>
    <Level>4</Level>
    <Task>11</Task>
    <Opcode>0</Opcode>
    <Keywords>0x8000000000000000</Keywords>
    <TimeCreated SystemTime=""2023-12-21T11:44:18.6178843Z""/>
    <EventRecordID>6575</EventRecordID>
    <Correlation/>
    <Execution ProcessID=""3400"" ThreadID=""4208""/>
    <Channel>Microsoft-Windows-Sysmon/Operational</Channel>
    <Computer>WinDev2309Eval</Computer>
    <Security UserID=""S-1-5-18""/>
  </System>
  <EventData>
    <Data Name=""RuleName"">DLL</Data>
    <Data Name=""UtcTime"">2023-12-21 11:44:18.603</Data>
    <Data Name=""ProcessGuid"">{f57bd86a-2511-6584-0908-000000000d00}</Data>
    <Data Name=""ProcessId"">5556</Data>
    <Data Name=""Image"">C:\Windows\Microsoft.NET\Framework\v4.0.30319\mscorsvw.exe</Data>
    <Data Name=""TargetFilename"">C:\Windows\assembly\NativeImages_v4.0.30319_32\Temp\15b4-0\Microsoft.VisualStudio.AppDesigner.dll</Data>
    <Data Name=""CreationUtcTime"">2023-12-21 11:44:18.603</Data>
    <Data Name=""User"">NT AUTHORITY\SYSTEM</Data>
  </EventData>
</Event>
"
Microsoft-Windows-Sysmon/Operational,,,WinDev2309Eval,44:17.4,,,,,,,,,11,6574,,,,C:\Windows\Microsoft.NET\Framework\v4.0.30319\mscorsvw.exe,,,0x8000000000000000,4,,,,,0,,,,,,,{f57bd86a-250f-6584-0708-000000000d00},3400,12844.0,,,,,,DLL,,,,,,,,,,,,,2023-12-21T11:44:17.3644987Z,C:\Windows\assembly\NativeImages_v4.0.30319_32\Temp\322c-0\Microsoft.CodeAnalysis.UnitTesting.SourceBasedTestDiscovery.dll,,,,,,11,,4208,NT AUTHORITY\SYSTEM,S-1-5-18,44:17.4,2.0,"<Event xmlns=""http://schemas.microsoft.com/win/2004/08/events/event"">
  <System>
    <Provider Name=""Microsoft-Windows-Sysmon"" Guid=""{5770385f-c22a-43e0-bf4c-06f5698ffbd9}""/>
    <EventID>11</EventID>
    <Version>2</Version>
    <Level>4</Level>
    <Task>11</Task>
    <Opcode>0</Opcode>
    <Keywords>0x8000000000000000</Keywords>
    <TimeCreated SystemTime=""2023-12-21T11:44:17.3644987Z""/>
    <EventRecordID>6574</EventRecordID>
    <Correlation/>
    <Execution ProcessID=""3400"" ThreadID=""4208""/>
    <Channel>Microsoft-Windows-Sysmon/Operational</Channel>
    <Computer>WinDev2309Eval</Computer>
    <Security UserID=""S-1-5-18""/>
  </System>
  <EventData>
    <Data Name=""RuleName"">DLL</Data>
    <Data Name=""UtcTime"">2023-12-21 11:44:17.353</Data>
    <Data Name=""ProcessGuid"">{f57bd86a-250f-6584-0708-000000000d00}</Data>
    <Data Name=""ProcessId"">12844</Data>
    <Data Name=""Image"">C:\Windows\Microsoft.NET\Framework\v4.0.30319\mscorsvw.exe</Data>
    <Data Name=""TargetFilename"">C:\Windows\assembly\NativeImages_v4.0.30319_32\Temp\322c-0\Microsoft.CodeAnalysis.UnitTesting.SourceBasedTestDiscovery.dll</Data>
    <Data Name=""CreationUtcTime"">2023-12-21 11:44:17.353</Data>
    <Data Name=""User"">NT AUTHORITY\SYSTEM</Data>
  </EventData>
</Event>
"
Microsoft-Windows-Sysmon/Operational,,,WinDev2309Eval,44:14.6,,,,,,,,,11,6573,,,,C:\Windows\Microsoft.NET\Framework\v4.0.30319\mscorsvw.exe,,,0x8000000000000000,4,,,,,0,,,,,,,{f57bd86a-250b-6584-0508-000000000d00},3400,11568.0,,,,,,DLL,,,,,,,,,,,,,2023-12-21T11:44:14.5997203Z,C:\Windows\assembly\NativeImages_v4.0.30319_32\Temp\2d30-0\Microsoft.CodeAnalysis.UnitTesting.SourceBasedTestDiscovery.Core.dll,,,,,,11,,4208,NT AUTHORITY\SYSTEM,S-1-5-18,44:14.6,2.0,"<Event xmlns=""http://schemas.microsoft.com/win/2004/08/events/event"">
  <System>
    <Provider Name=""Microsoft-Windows-Sysmon"" Guid=""{5770385f-c22a-43e0-bf4c-06f5698ffbd9}""/>
    <EventID>11</EventID>
    <Version>2</Version>
    <Level>4</Level>
    <Task>11</Task>
    <Opcode>0</Opcode>
    <Keywords>0x8000000000000000</Keywords>
    <TimeCreated SystemTime=""2023-12-21T11:44:14.5997203Z""/>
    <EventRecordID>6573</EventRecordID>
    <Correlation/>
    <Execution ProcessID=""3400"" ThreadID=""4208""/>
    <Channel>Microsoft-Windows-Sysmon/Operational</Channel>
    <Computer>WinDev2309Eval</Computer>
    <Security UserID=""S-1-5-18""/>
  </System>
  <EventData>
    <Data Name=""RuleName"">DLL</Data>
    <Data Name=""UtcTime"">2023-12-21 11:44:14.586</Data>
    <Data Name=""ProcessGuid"">{f57bd86a-250b-6584-0508-000000000d00}</Data>
    <Data Name=""ProcessId"">11568</Data>
    <Data Name=""Image"">C:\Windows\Microsoft.NET\Framework\v4.0.30319\mscorsvw.exe</Data>
    <Data Name=""TargetFilename"">C:\Windows\assembly\NativeImages_v4.0.30319_32\Temp\2d30-0\Microsoft.CodeAnalysis.UnitTesting.SourceBasedTestDiscovery.Core.dll</Data>
    <Data Name=""CreationUtcTime"">2023-12-21 11:44:14.586</Data>
    <Data Name=""User"">NT AUTHORITY\SYSTEM</Data>
  </EventData>
</Event>
"
Microsoft-Windows-Sysmon/Operational,,,WinDev2309Eval,44:11.1,,,,,,,,,11,6572,,,,C:\Windows\Microsoft.NET\Framework\v4.0.30319\mscorsvw.exe,,,0x8000000000000000,4,,,,,0,,,,,,,{f57bd86a-2509-6584-0308-000000000d00},3400,11448.0,,,,,,DLL,,,,,,,,,,,,,2023-12-21T11:44:11.1069888Z,C:\Windows\assembly\NativeImages_v4.0.30319_32\Temp\2cb8-0\Microsoft.VisualStudio.LanguageServices.Xaml.dll,,,,,,11,,4208,NT AUTHORITY\SYSTEM,S-1-5-18,44:11.1,2.0,"<Event xmlns=""http://schemas.microsoft.com/win/2004/08/events/event"">
  <System>
    <Provider Name=""Microsoft-Windows-Sysmon"" Guid=""{5770385f-c22a-43e0-bf4c-06f5698ffbd9}""/>
    <EventID>11</EventID>
    <Version>2</Version>
    <Level>4</Level>
    <Task>11</Task>
    <Opcode>0</Opcode>
    <Keywords>0x8000000000000000</Keywords>
    <TimeCreated SystemTime=""2023-12-21T11:44:11.1069888Z""/>
    <EventRecordID>6572</EventRecordID>
    <Correlation/>
    <Execution ProcessID=""3400"" ThreadID=""4208""/>
    <Channel>Microsoft-Windows-Sysmon/Operational</Channel>
    <Computer>WinDev2309Eval</Computer>
    <Security UserID=""S-1-5-18""/>
  </System>
  <EventData>
    <Data Name=""RuleName"">DLL</Data>
    <Data Name=""UtcTime"">2023-12-21 11:44:11.096</Data>
    <Data Name=""ProcessGuid"">{f57bd86a-2509-6584-0308-000000000d00}</Data>
    <Data Name=""ProcessId"">11448</Data>
    <Data Name=""Image"">C:\Windows\Microsoft.NET\Framework\v4.0.30319\mscorsvw.exe</Data>
    <Data Name=""TargetFilename"">C:\Windows\assembly\NativeImages_v4.0.30319_32\Temp\2cb8-0\Microsoft.VisualStudio.LanguageServices.Xaml.dll</Data>
    <Data Name=""CreationUtcTime"">2023-12-21 11:44:11.096</Data>
    <Data Name=""User"">NT AUTHORITY\SYSTEM</Data>
  </EventData>
</Event>
"
Microsoft-Windows-Sysmon/Operational,,,WinDev2309Eval,44:08.4,,,,,,,,,11,6571,,,,C:\Windows\Microsoft.NET\Framework\v4.0.30319\mscorsvw.exe,,,0x8000000000000000,4,,,,,0,,,,,,,{f57bd86a-2505-6584-0108-000000000d00},3400,12088.0,,,,,,DLL,,,,,,,,,,,,,2023-12-21T11:44:08.3995510Z,C:\Windows\assembly\NativeImages_v4.0.30319_32\Temp\2f38-0\Microsoft.VisualStudio.LanguageServices.VisualBasic.dll,,,,,,11,,4208,NT AUTHORITY\SYSTEM,S-1-5-18,44:08.4,2.0,"<Event xmlns=""http://schemas.microsoft.com/win/2004/08/events/event"">
  <System>
    <Provider Name=""Microsoft-Windows-Sysmon"" Guid=""{5770385f-c22a-43e0-bf4c-06f5698ffbd9}""/>
    <EventID>11</EventID>
    <Version>2</Version>
    <Level>4</Level>
    <Task>11</Task>
    <Opcode>0</Opcode>
    <Keywords>0x8000000000000000</Keywords>
    <TimeCreated SystemTime=""2023-12-21T11:44:08.3995510Z""/>
    <EventRecordID>6571</EventRecordID>
    <Correlation/>
    <Execution ProcessID=""3400"" ThreadID=""4208""/>
    <Channel>Microsoft-Windows-Sysmon/Operational</Channel>
    <Computer>WinDev2309Eval</Computer>
    <Security UserID=""S-1-5-18""/>
  </System>
  <EventData>
    <Data Name=""RuleName"">DLL</Data>
    <Data Name=""UtcTime"">2023-12-21 11:44:08.391</Data>
    <Data Name=""ProcessGuid"">{f57bd86a-2505-6584-0108-000000000d00}</Data>
    <Data Name=""ProcessId"">12088</Data>
    <Data Name=""Image"">C:\Windows\Microsoft.NET\Framework\v4.0.30319\mscorsvw.exe</Data>
    <Data Name=""TargetFilename"">C:\Windows\assembly\NativeImages_v4.0.30319_32\Temp\2f38-0\Microsoft.VisualStudio.LanguageServices.VisualBasic.dll</Data>
    <Data Name=""CreationUtcTime"">2023-12-21 11:44:08.391</Data>
    <Data Name=""User"">NT AUTHORITY\SYSTEM</Data>
  </EventData>
</Event>
"
Microsoft-Windows-Sysmon/Operational,,,WinDev2309Eval,44:04.9,,,,,,,,,11,6570,,,,C:\Windows\Microsoft.NET\Framework\v4.0.30319\mscorsvw.exe,,,0x8000000000000000,4,,,,,0,,,,,,,{f57bd86a-2503-6584-ff07-000000000d00},3400,9220.0,,,,,,DLL,,,,,,,,,,,,,2023-12-21T11:44:04.8989027Z,C:\Windows\assembly\NativeImages_v4.0.30319_32\Temp\2404-0\Microsoft.VisualStudio.LanguageServices.LiveShare.dll,,,,,,11,,4208,NT AUTHORITY\SYSTEM,S-1-5-18,44:04.9,2.0,"<Event xmlns=""http://schemas.microsoft.com/win/2004/08/events/event"">
  <System>
    <Provider Name=""Microsoft-Windows-Sysmon"" Guid=""{5770385f-c22a-43e0-bf4c-06f5698ffbd9}""/>
    <EventID>11</EventID>
    <Version>2</Version>
    <Level>4</Level>
    <Task>11</Task>
    <Opcode>0</Opcode>
    <Keywords>0x8000000000000000</Keywords>
    <TimeCreated SystemTime=""2023-12-21T11:44:04.8989027Z""/>
    <EventRecordID>6570</EventRecordID>
    <Correlation/>
    <Execution ProcessID=""3400"" ThreadID=""4208""/>
    <Channel>Microsoft-Windows-Sysmon/Operational</Channel>
    <Computer>WinDev2309Eval</Computer>
    <Security UserID=""S-1-5-18""/>
  </System>
  <EventData>
    <Data Name=""RuleName"">DLL</Data>
    <Data Name=""UtcTime"">2023-12-21 11:44:04.890</Data>
    <Data Name=""ProcessGuid"">{f57bd86a-2503-6584-ff07-000000000d00}</Data>
    <Data Name=""ProcessId"">9220</Data>
    <Data Name=""Image"">C:\Windows\Microsoft.NET\Framework\v4.0.30319\mscorsvw.exe</Data>
    <Data Name=""TargetFilename"">C:\Windows\assembly\NativeImages_v4.0.30319_32\Temp\2404-0\Microsoft.VisualStudio.LanguageServices.LiveShare.dll</Data>
    <Data Name=""CreationUtcTime"">2023-12-21 11:44:04.890</Data>
    <Data Name=""User"">NT AUTHORITY\SYSTEM</Data>
  </EventData>
</Event>
"
Microsoft-Windows-Sysmon/Operational,,,WinDev2309Eval,44:02.8,,,,,,,,,11,6569,,,,C:\Windows\Microsoft.NET\Framework\v4.0.30319\mscorsvw.exe,,,0x8000000000000000,4,,,,,0,,,,,,,{f57bd86a-24fd-6584-fd07-000000000d00},3400,4336.0,,,,,,DLL,,,,,,,,,,,,,2023-12-21T11:44:02.7800008Z,C:\Windows\assembly\NativeImages_v4.0.30319_32\Temp\10f0-0\Microsoft.VisualStudio.LanguageServices.Implementation.dll,,,,,,11,,4208,NT AUTHORITY\SYSTEM,S-1-5-18,44:02.8,2.0,"<Event xmlns=""http://schemas.microsoft.com/win/2004/08/events/event"">
  <System>
    <Provider Name=""Microsoft-Windows-Sysmon"" Guid=""{5770385f-c22a-43e0-bf4c-06f5698ffbd9}""/>
    <EventID>11</EventID>
    <Version>2</Version>
    <Level>4</Level>
    <Task>11</Task>
    <Opcode>0</Opcode>
    <Keywords>0x8000000000000000</Keywords>
    <TimeCreated SystemTime=""2023-12-21T11:44:02.7800008Z""/>
    <EventRecordID>6569</EventRecordID>
    <Correlation/>
    <Execution ProcessID=""3400"" ThreadID=""4208""/>
    <Channel>Microsoft-Windows-Sysmon/Operational</Channel>
    <Computer>WinDev2309Eval</Computer>
    <Security UserID=""S-1-5-18""/>
  </System>
  <EventData>
    <Data Name=""RuleName"">DLL</Data>
    <Data Name=""UtcTime"">2023-12-21 11:44:02.778</Data>
    <Data Name=""ProcessGuid"">{f57bd86a-24fd-6584-fd07-000000000d00}</Data>
    <Data Name=""ProcessId"">4336</Data>
    <Data Name=""Image"">C:\Windows\Microsoft.NET\Framework\v4.0.30319\mscorsvw.exe</Data>
    <Data Name=""TargetFilename"">C:\Windows\assembly\NativeImages_v4.0.30319_32\Temp\10f0-0\Microsoft.VisualStudio.LanguageServices.Implementation.dll</Data>
    <Data Name=""CreationUtcTime"">2023-12-21 11:44:02.778</Data>
    <Data Name=""User"">NT AUTHORITY\SYSTEM</Data>
  </EventData>
</Event>
"
Microsoft-Windows-Sysmon/Operational,,,WinDev2309Eval,43:56.3,,,,,,,,,11,6568,,,,C:\Windows\Microsoft.NET\Framework\v4.0.30319\mscorsvw.exe,,,0x8000000000000000,4,,,,,0,,,,,,,{f57bd86a-24f8-6584-fa07-000000000d00},3400,7944.0,,,,,,DLL,,,,,,,,,,,,,2023-12-21T11:43:56.3230791Z,C:\Windows\assembly\NativeImages_v4.0.30319_32\Temp\1f08-0\Microsoft.VisualStudio.LanguageServices.CSharp.dll,,,,,,11,,4208,NT AUTHORITY\SYSTEM,S-1-5-18,43:56.3,2.0,"<Event xmlns=""http://schemas.microsoft.com/win/2004/08/events/event"">
  <System>
    <Provider Name=""Microsoft-Windows-Sysmon"" Guid=""{5770385f-c22a-43e0-bf4c-06f5698ffbd9}""/>
    <EventID>11</EventID>
    <Version>2</Version>
    <Level>4</Level>
    <Task>11</Task>
    <Opcode>0</Opcode>
    <Keywords>0x8000000000000000</Keywords>
    <TimeCreated SystemTime=""2023-12-21T11:43:56.3230791Z""/>
    <EventRecordID>6568</EventRecordID>
    <Correlation/>
    <Execution ProcessID=""3400"" ThreadID=""4208""/>
    <Channel>Microsoft-Windows-Sysmon/Operational</Channel>
    <Computer>WinDev2309Eval</Computer>
    <Security UserID=""S-1-5-18""/>
  </System>
  <EventData>
    <Data Name=""RuleName"">DLL</Data>
    <Data Name=""UtcTime"">2023-12-21 11:43:56.316</Data>
    <Data Name=""ProcessGuid"">{f57bd86a-24f8-6584-fa07-000000000d00}</Data>
    <Data Name=""ProcessId"">7944</Data>
    <Data Name=""Image"">C:\Windows\Microsoft.NET\Framework\v4.0.30319\mscorsvw.exe</Data>
    <Data Name=""TargetFilename"">C:\Windows\assembly\NativeImages_v4.0.30319_32\Temp\1f08-0\Microsoft.VisualStudio.LanguageServices.CSharp.dll</Data>
    <Data Name=""CreationUtcTime"">2023-12-21 11:43:56.316</Data>
    <Data Name=""User"">NT AUTHORITY\SYSTEM</Data>
  </EventData>
</Event>
"
Microsoft-Windows-Sysmon/Operational,,,WinDev2309Eval,43:51.1,,,,,,,,,11,6567,,,,C:\Windows\Microsoft.NET\Framework\v4.0.30319\mscorsvw.exe,,,0x8000000000000000,4,,,,,0,,,,,,,{f57bd86a-24f6-6584-f807-000000000d00},3400,3556.0,,,,,,DLL,,,,,,,,,,,,,2023-12-21T11:43:51.1650684Z,C:\Windows\assembly\NativeImages_v4.0.30319_32\Temp\de4-0\Microsoft.VisualStudio.LanguageServices.CodeLens.dll,,,,,,11,,4208,NT AUTHORITY\SYSTEM,S-1-5-18,43:51.1,2.0,"<Event xmlns=""http://schemas.microsoft.com/win/2004/08/events/event"">
  <System>
    <Provider Name=""Microsoft-Windows-Sysmon"" Guid=""{5770385f-c22a-43e0-bf4c-06f5698ffbd9}""/>
    <EventID>11</EventID>
    <Version>2</Version>
    <Level>4</Level>
    <Task>11</Task>
    <Opcode>0</Opcode>
    <Keywords>0x8000000000000000</Keywords>
    <TimeCreated SystemTime=""2023-12-21T11:43:51.1650684Z""/>
    <EventRecordID>6567</EventRecordID>
    <Correlation/>
    <Execution ProcessID=""3400"" ThreadID=""4208""/>
    <Channel>Microsoft-Windows-Sysmon/Operational</Channel>
    <Computer>WinDev2309Eval</Computer>
    <Security UserID=""S-1-5-18""/>
  </System>
  <EventData>
    <Data Name=""RuleName"">DLL</Data>
    <Data Name=""UtcTime"">2023-12-21 11:43:51.148</Data>
    <Data Name=""ProcessGuid"">{f57bd86a-24f6-6584-f807-000000000d00}</Data>
    <Data Name=""ProcessId"">3556</Data>
    <Data Name=""Image"">C:\Windows\Microsoft.NET\Framework\v4.0.30319\mscorsvw.exe</Data>
    <Data Name=""TargetFilename"">C:\Windows\assembly\NativeImages_v4.0.30319_32\Temp\de4-0\Microsoft.VisualStudio.LanguageServices.CodeLens.dll</Data>
    <Data Name=""CreationUtcTime"">2023-12-21 11:43:51.148</Data>
    <Data Name=""User"">NT AUTHORITY\SYSTEM</Data>
  </EventData>
</Event>
"
Microsoft-Windows-Sysmon/Operational,,,WinDev2309Eval,43:50.0,,,,,,,,,11,6566,,,,C:\Windows\Microsoft.NET\Framework\v4.0.30319\mscorsvw.exe,,,0x8000000000000000,4,,,,,0,,,,,,,{f57bd86a-24f5-6584-f607-000000000d00},3400,5192.0,,,,,,DLL,,,,,,,,,,,,,2023-12-21T11:43:49.9850868Z,C:\Windows\assembly\NativeImages_v4.0.30319_32\Temp\1448-0\Microsoft.CommonLanguageServerProtocol.Framework.dll,,,,,,11,,4208,NT AUTHORITY\SYSTEM,S-1-5-18,43:50.0,2.0,"<Event xmlns=""http://schemas.microsoft.com/win/2004/08/events/event"">
  <System>
    <Provider Name=""Microsoft-Windows-Sysmon"" Guid=""{5770385f-c22a-43e0-bf4c-06f5698ffbd9}""/>
    <EventID>11</EventID>
    <Version>2</Version>
    <Level>4</Level>
    <Task>11</Task>
    <Opcode>0</Opcode>
    <Keywords>0x8000000000000000</Keywords>
    <TimeCreated SystemTime=""2023-12-21T11:43:49.9850868Z""/>
    <EventRecordID>6566</EventRecordID>
    <Correlation/>
    <Execution ProcessID=""3400"" ThreadID=""4208""/>
    <Channel>Microsoft-Windows-Sysmon/Operational</Channel>
    <Computer>WinDev2309Eval</Computer>
    <Security UserID=""S-1-5-18""/>
  </System>
  <EventData>
    <Data Name=""RuleName"">DLL</Data>
    <Data Name=""UtcTime"">2023-12-21 11:43:49.976</Data>
    <Data Name=""ProcessGuid"">{f57bd86a-24f5-6584-f607-000000000d00}</Data>
    <Data Name=""ProcessId"">5192</Data>
    <Data Name=""Image"">C:\Windows\Microsoft.NET\Framework\v4.0.30319\mscorsvw.exe</Data>
    <Data Name=""TargetFilename"">C:\Windows\assembly\NativeImages_v4.0.30319_32\Temp\1448-0\Microsoft.CommonLanguageServerProtocol.Framework.dll</Data>
    <Data Name=""CreationUtcTime"">2023-12-21 11:43:49.976</Data>
    <Data Name=""User"">NT AUTHORITY\SYSTEM</Data>
  </EventData>
</Event>
"
Microsoft-Windows-Sysmon/Operational,,,WinDev2309Eval,43:49.4,,,,,,,,,11,6565,,,,C:\Windows\Microsoft.NET\Framework\v4.0.30319\mscorsvw.exe,,,0x8000000000000000,4,,,,,0,,,,,,,{f57bd86a-24f4-6584-f407-000000000d00},3400,11508.0,,,,,,DLL,,,,,,,,,,,,,2023-12-21T11:43:49.3761097Z,C:\Windows\assembly\NativeImages_v4.0.30319_32\Temp\2cf4-0\Microsoft.CodeAnalysis.Workspaces.MSBuild.dll,,,,,,11,,4208,NT AUTHORITY\SYSTEM,S-1-5-18,43:49.4,2.0,"<Event xmlns=""http://schemas.microsoft.com/win/2004/08/events/event"">
  <System>
    <Provider Name=""Microsoft-Windows-Sysmon"" Guid=""{5770385f-c22a-43e0-bf4c-06f5698ffbd9}""/>
    <EventID>11</EventID>
    <Version>2</Version>
    <Level>4</Level>
    <Task>11</Task>
    <Opcode>0</Opcode>
    <Keywords>0x8000000000000000</Keywords>
    <TimeCreated SystemTime=""2023-12-21T11:43:49.3761097Z""/>
    <EventRecordID>6565</EventRecordID>
    <Correlation/>
    <Execution ProcessID=""3400"" ThreadID=""4208""/>
    <Channel>Microsoft-Windows-Sysmon/Operational</Channel>
    <Computer>WinDev2309Eval</Computer>
    <Security UserID=""S-1-5-18""/>
  </System>
  <EventData>
    <Data Name=""RuleName"">DLL</Data>
    <Data Name=""UtcTime"">2023-12-21 11:43:49.365</Data>
    <Data Name=""ProcessGuid"">{f57bd86a-24f4-6584-f407-000000000d00}</Data>
    <Data Name=""ProcessId"">11508</Data>
    <Data Name=""Image"">C:\Windows\Microsoft.NET\Framework\v4.0.30319\mscorsvw.exe</Data>
    <Data Name=""TargetFilename"">C:\Windows\assembly\NativeImages_v4.0.30319_32\Temp\2cf4-0\Microsoft.CodeAnalysis.Workspaces.MSBuild.dll</Data>
    <Data Name=""CreationUtcTime"">2023-12-21 11:43:49.365</Data>
    <Data Name=""User"">NT AUTHORITY\SYSTEM</Data>
  </EventData>
</Event>
"
Microsoft-Windows-Sysmon/Operational,,,WinDev2309Eval,43:48.0,,,,,,,,,11,6564,,,,C:\Windows\Microsoft.NET\Framework\v4.0.30319\mscorsvw.exe,,,0x8000000000000000,4,,,,,0,,,,,,,{f57bd86a-24f3-6584-f107-000000000d00},3400,6860.0,,,,,,DLL,,,,,,,,,,,,,2023-12-21T11:43:47.9663271Z,C:\Windows\assembly\NativeImages_v4.0.30319_32\Temp\1acc-0\Microsoft.CodeAnalysis.Workspaces.Desktop.dll,,,,,,11,,4208,NT AUTHORITY\SYSTEM,S-1-5-18,43:48.0,2.0,"<Event xmlns=""http://schemas.microsoft.com/win/2004/08/events/event"">
  <System>
    <Provider Name=""Microsoft-Windows-Sysmon"" Guid=""{5770385f-c22a-43e0-bf4c-06f5698ffbd9}""/>
    <EventID>11</EventID>
    <Version>2</Version>
    <Level>4</Level>
    <Task>11</Task>
    <Opcode>0</Opcode>
    <Keywords>0x8000000000000000</Keywords>
    <TimeCreated SystemTime=""2023-12-21T11:43:47.9663271Z""/>
    <EventRecordID>6564</EventRecordID>
    <Correlation/>
    <Execution ProcessID=""3400"" ThreadID=""4208""/>
    <Channel>Microsoft-Windows-Sysmon/Operational</Channel>
    <Computer>WinDev2309Eval</Computer>
    <Security UserID=""S-1-5-18""/>
  </System>
  <EventData>
    <Data Name=""RuleName"">DLL</Data>
    <Data Name=""UtcTime"">2023-12-21 11:43:47.959</Data>
    <Data Name=""ProcessGuid"">{f57bd86a-24f3-6584-f107-000000000d00}</Data>
    <Data Name=""ProcessId"">6860</Data>
    <Data Name=""Image"">C:\Windows\Microsoft.NET\Framework\v4.0.30319\mscorsvw.exe</Data>
    <Data Name=""TargetFilename"">C:\Windows\assembly\NativeImages_v4.0.30319_32\Temp\1acc-0\Microsoft.CodeAnalysis.Workspaces.Desktop.dll</Data>
    <Data Name=""CreationUtcTime"">2023-12-21 11:43:47.959</Data>
    <Data Name=""User"">NT AUTHORITY\SYSTEM</Data>
  </EventData>
</Event>
"
