Channel,CommandLine,Company,Computer,CreationUtcTime,CurrentDirectory,Description,DestinationHostname,DestinationIp,DestinationIsIpv6,DestinationPort,DestinationPortName,Details,EventID,EventRecordID,EventType,FileVersion,Hashes,Image,Initiated,IntegrityLevel,Keywords,Level,LogonGuid,LogonId,Message,NewThreadId,Opcode,OriginalFileName,ParentCommandLine,ParentImage,ParentProcessGuid,ParentProcessId,ParentUser,ProcessGuid,ProcessID,ProcessId,Product,Protocol,QueryName,QueryResults,QueryStatus,RuleName,SourceHostname,SourceImage,SourceIp,SourceIsIpv6,SourcePort,SourcePortName,SourceProcessGuid,SourceProcessId,SourceUser,StartAddress,StartFunction,StartModule,SystemTime,TargetFilename,TargetImage,TargetObject,TargetProcessGuid,TargetProcessId,TargetUser,Task,TerminalSessionId,ThreadID,User,UserID,UtcTime,Version,raw
Microsoft-Windows-Sysmon/Operational,,,WinDev2309Eval,45:37.3,,,,,,,,,11,4495,,,,C:\Windows\System32\spoolsv.exe,,,0x8000000000000000,4,,,,,0,,,,,,,{f57bd86a-1cf4-6582-3900-000000000d00},3400,2660.0,,,,,,DLL,,,,,,,,,,,,,2023-12-19T22:45:37.2854890Z,C:\Windows\System32\spool\drivers\x64\3\New\UNIDRVUI.DLL,,,,,,11,,4208,NT AUTHORITY\SYSTEM,S-1-5-18,45:37.3,2.0,"<Event xmlns=""http://schemas.microsoft.com/win/2004/08/events/event"">
  <System>
    <Provider Name=""Microsoft-Windows-Sysmon"" Guid=""{5770385f-c22a-43e0-bf4c-06f5698ffbd9}""/>
    <EventID>11</EventID>
    <Version>2</Version>
    <Level>4</Level>
    <Task>11</Task>
    <Opcode>0</Opcode>
    <Keywords>0x8000000000000000</Keywords>
    <TimeCreated SystemTime=""2023-12-19T22:45:37.2854890Z""/>
    <EventRecordID>4495</EventRecordID>
    <Correlation/>
    <Execution ProcessID=""3400"" ThreadID=""4208""/>
    <Channel>Microsoft-Windows-Sysmon/Operational</Channel>
    <Computer>WinDev2309Eval</Computer>
    <Security UserID=""S-1-5-18""/>
  </System>
  <EventData>
    <Data Name=""RuleName"">DLL</Data>
    <Data Name=""UtcTime"">2023-12-19 22:45:37.276</Data>
    <Data Name=""ProcessGuid"">{f57bd86a-1cf4-6582-3900-000000000d00}</Data>
    <Data Name=""ProcessId"">2660</Data>
    <Data Name=""Image"">C:\Windows\System32\spoolsv.exe</Data>
    <Data Name=""TargetFilename"">C:\Windows\System32\spool\drivers\x64\3\New\UNIDRVUI.DLL</Data>
    <Data Name=""CreationUtcTime"">2023-12-19 22:45:37.276</Data>
    <Data Name=""User"">NT AUTHORITY\SYSTEM</Data>
  </EventData>
</Event>
"
Microsoft-Windows-Sysmon/Operational,,,WinDev2309Eval,45:37.2,,,,,,,,,11,4494,,,,C:\Windows\System32\spoolsv.exe,,,0x8000000000000000,4,,,,,0,,,,,,,{f57bd86a-1cf4-6582-3900-000000000d00},3400,2660.0,,,,,,DLL,,,,,,,,,,,,,2023-12-19T22:45:37.2252669Z,C:\Windows\System32\spool\drivers\x64\3\New\UNIDRV.DLL,,,,,,11,,4208,NT AUTHORITY\SYSTEM,S-1-5-18,45:37.2,2.0,"<Event xmlns=""http://schemas.microsoft.com/win/2004/08/events/event"">
  <System>
    <Provider Name=""Microsoft-Windows-Sysmon"" Guid=""{5770385f-c22a-43e0-bf4c-06f5698ffbd9}""/>
    <EventID>11</EventID>
    <Version>2</Version>
    <Level>4</Level>
    <Task>11</Task>
    <Opcode>0</Opcode>
    <Keywords>0x8000000000000000</Keywords>
    <TimeCreated SystemTime=""2023-12-19T22:45:37.2252669Z""/>
    <EventRecordID>4494</EventRecordID>
    <Correlation/>
    <Execution ProcessID=""3400"" ThreadID=""4208""/>
    <Channel>Microsoft-Windows-Sysmon/Operational</Channel>
    <Computer>WinDev2309Eval</Computer>
    <Security UserID=""S-1-5-18""/>
  </System>
  <EventData>
    <Data Name=""RuleName"">DLL</Data>
    <Data Name=""UtcTime"">2023-12-19 22:45:37.213</Data>
    <Data Name=""ProcessGuid"">{f57bd86a-1cf4-6582-3900-000000000d00}</Data>
    <Data Name=""ProcessId"">2660</Data>
    <Data Name=""Image"">C:\Windows\System32\spoolsv.exe</Data>
    <Data Name=""TargetFilename"">C:\Windows\System32\spool\drivers\x64\3\New\UNIDRV.DLL</Data>
    <Data Name=""CreationUtcTime"">2023-12-19 22:45:37.213</Data>
    <Data Name=""User"">NT AUTHORITY\SYSTEM</Data>
  </EventData>
</Event>
"
Microsoft-Windows-Sysmon/Operational,,,WinDev2309Eval,45:37.2,,,,,,,,,11,4493,,,,C:\Windows\System32\spoolsv.exe,,,0x8000000000000000,4,,,,,0,,,,,,,{f57bd86a-1cf4-6582-3900-000000000d00},3400,2660.0,,,,,,DLL,,,,,,,,,,,,,2023-12-19T22:45:37.1882376Z,C:\Windows\System32\spool\drivers\x64\3\New\PSCRIPT5.DLL,,,,,,11,,4208,NT AUTHORITY\SYSTEM,S-1-5-18,45:37.2,2.0,"<Event xmlns=""http://schemas.microsoft.com/win/2004/08/events/event"">
  <System>
    <Provider Name=""Microsoft-Windows-Sysmon"" Guid=""{5770385f-c22a-43e0-bf4c-06f5698ffbd9}""/>
    <EventID>11</EventID>
    <Version>2</Version>
    <Level>4</Level>
    <Task>11</Task>
    <Opcode>0</Opcode>
    <Keywords>0x8000000000000000</Keywords>
    <TimeCreated SystemTime=""2023-12-19T22:45:37.1882376Z""/>
    <EventRecordID>4493</EventRecordID>
    <Correlation/>
    <Execution ProcessID=""3400"" ThreadID=""4208""/>
    <Channel>Microsoft-Windows-Sysmon/Operational</Channel>
    <Computer>WinDev2309Eval</Computer>
    <Security UserID=""S-1-5-18""/>
  </System>
  <EventData>
    <Data Name=""RuleName"">DLL</Data>
    <Data Name=""UtcTime"">2023-12-19 22:45:37.182</Data>
    <Data Name=""ProcessGuid"">{f57bd86a-1cf4-6582-3900-000000000d00}</Data>
    <Data Name=""ProcessId"">2660</Data>
    <Data Name=""Image"">C:\Windows\System32\spoolsv.exe</Data>
    <Data Name=""TargetFilename"">C:\Windows\System32\spool\drivers\x64\3\New\PSCRIPT5.DLL</Data>
    <Data Name=""CreationUtcTime"">2023-12-19 22:45:37.182</Data>
    <Data Name=""User"">NT AUTHORITY\SYSTEM</Data>
  </EventData>
</Event>
"
Microsoft-Windows-Sysmon/Operational,,,WinDev2309Eval,45:37.1,,,,,,,,,11,4492,,,,C:\Windows\System32\spoolsv.exe,,,0x8000000000000000,4,,,,,0,,,,,,,{f57bd86a-1cf4-6582-3900-000000000d00},3400,2660.0,,,,,,DLL,,,,,,,,,,,,,2023-12-19T22:45:37.1384927Z,C:\Windows\System32\spool\drivers\x64\3\New\PS5UI.DLL,,,,,,11,,4208,NT AUTHORITY\SYSTEM,S-1-5-18,45:37.1,2.0,"<Event xmlns=""http://schemas.microsoft.com/win/2004/08/events/event"">
  <System>
    <Provider Name=""Microsoft-Windows-Sysmon"" Guid=""{5770385f-c22a-43e0-bf4c-06f5698ffbd9}""/>
    <EventID>11</EventID>
    <Version>2</Version>
    <Level>4</Level>
    <Task>11</Task>
    <Opcode>0</Opcode>
    <Keywords>0x8000000000000000</Keywords>
    <TimeCreated SystemTime=""2023-12-19T22:45:37.1384927Z""/>
    <EventRecordID>4492</EventRecordID>
    <Correlation/>
    <Execution ProcessID=""3400"" ThreadID=""4208""/>
    <Channel>Microsoft-Windows-Sysmon/Operational</Channel>
    <Computer>WinDev2309Eval</Computer>
    <Security UserID=""S-1-5-18""/>
  </System>
  <EventData>
    <Data Name=""RuleName"">DLL</Data>
    <Data Name=""UtcTime"">2023-12-19 22:45:37.135</Data>
    <Data Name=""ProcessGuid"">{f57bd86a-1cf4-6582-3900-000000000d00}</Data>
    <Data Name=""ProcessId"">2660</Data>
    <Data Name=""Image"">C:\Windows\System32\spoolsv.exe</Data>
    <Data Name=""TargetFilename"">C:\Windows\System32\spool\drivers\x64\3\New\PS5UI.DLL</Data>
    <Data Name=""CreationUtcTime"">2023-12-19 22:45:37.135</Data>
    <Data Name=""User"">NT AUTHORITY\SYSTEM</Data>
  </EventData>
</Event>
"
Microsoft-Windows-Sysmon/Operational,,,WinDev2309Eval,45:37.1,,,,,,,,,11,4491,,,,C:\Windows\System32\spoolsv.exe,,,0x8000000000000000,4,,,,,0,,,,,,,{f57bd86a-1cf4-6582-3900-000000000d00},3400,2660.0,,,,,,DLL,,,,,,,,,,,,,2023-12-19T22:45:37.0882430Z,C:\Windows\System32\spool\drivers\x64\3\New\PJLMON.DLL,,,,,,11,,4208,NT AUTHORITY\SYSTEM,S-1-5-18,45:37.1,2.0,"<Event xmlns=""http://schemas.microsoft.com/win/2004/08/events/event"">
  <System>
    <Provider Name=""Microsoft-Windows-Sysmon"" Guid=""{5770385f-c22a-43e0-bf4c-06f5698ffbd9}""/>
    <EventID>11</EventID>
    <Version>2</Version>
    <Level>4</Level>
    <Task>11</Task>
    <Opcode>0</Opcode>
    <Keywords>0x8000000000000000</Keywords>
    <TimeCreated SystemTime=""2023-12-19T22:45:37.0882430Z""/>
    <EventRecordID>4491</EventRecordID>
    <Correlation/>
    <Execution ProcessID=""3400"" ThreadID=""4208""/>
    <Channel>Microsoft-Windows-Sysmon/Operational</Channel>
    <Computer>WinDev2309Eval</Computer>
    <Security UserID=""S-1-5-18""/>
  </System>
  <EventData>
    <Data Name=""RuleName"">DLL</Data>
    <Data Name=""UtcTime"">2023-12-19 22:45:37.072</Data>
    <Data Name=""ProcessGuid"">{f57bd86a-1cf4-6582-3900-000000000d00}</Data>
    <Data Name=""ProcessId"">2660</Data>
    <Data Name=""Image"">C:\Windows\System32\spoolsv.exe</Data>
    <Data Name=""TargetFilename"">C:\Windows\System32\spool\drivers\x64\3\New\PJLMON.DLL</Data>
    <Data Name=""CreationUtcTime"">2023-12-19 22:45:37.072</Data>
    <Data Name=""User"">NT AUTHORITY\SYSTEM</Data>
  </EventData>
</Event>
"
Microsoft-Windows-Sysmon/Operational,,,WinDev2309Eval,45:37.0,,,,,,,,,11,4490,,,,C:\Windows\System32\spoolsv.exe,,,0x8000000000000000,4,,,,,0,,,,,,,{f57bd86a-1cf4-6582-3900-000000000d00},3400,2660.0,,,,,,DLL,,,,,,,,,,,,,2023-12-19T22:45:37.0181686Z,C:\Windows\System32\spool\drivers\x64\3\New\MXDWDRV.DLL,,,,,,11,,4208,NT AUTHORITY\SYSTEM,S-1-5-18,45:37.0,2.0,"<Event xmlns=""http://schemas.microsoft.com/win/2004/08/events/event"">
  <System>
    <Provider Name=""Microsoft-Windows-Sysmon"" Guid=""{5770385f-c22a-43e0-bf4c-06f5698ffbd9}""/>
    <EventID>11</EventID>
    <Version>2</Version>
    <Level>4</Level>
    <Task>11</Task>
    <Opcode>0</Opcode>
    <Keywords>0x8000000000000000</Keywords>
    <TimeCreated SystemTime=""2023-12-19T22:45:37.0181686Z""/>
    <EventRecordID>4490</EventRecordID>
    <Correlation/>
    <Execution ProcessID=""3400"" ThreadID=""4208""/>
    <Channel>Microsoft-Windows-Sysmon/Operational</Channel>
    <Computer>WinDev2309Eval</Computer>
    <Security UserID=""S-1-5-18""/>
  </System>
  <EventData>
    <Data Name=""RuleName"">DLL</Data>
    <Data Name=""UtcTime"">2023-12-19 22:45:37.010</Data>
    <Data Name=""ProcessGuid"">{f57bd86a-1cf4-6582-3900-000000000d00}</Data>
    <Data Name=""ProcessId"">2660</Data>
    <Data Name=""Image"">C:\Windows\System32\spoolsv.exe</Data>
    <Data Name=""TargetFilename"">C:\Windows\System32\spool\drivers\x64\3\New\MXDWDRV.DLL</Data>
    <Data Name=""CreationUtcTime"">2023-12-19 22:45:37.010</Data>
    <Data Name=""User"">NT AUTHORITY\SYSTEM</Data>
  </EventData>
</Event>
"
Microsoft-Windows-Sysmon/Operational,C:\Windows\system32\svchost.exe -k netsvcs -p -s TokenBroker,Microsoft Corporation,WinDev2309Eval,,C:\Windows\system32\,Host Process for Windows Services,,,,,,,1,4489,,10.0.22621.1 (WinBuild.160101.0800),"MD5=8EC922C7A58A8701AB481B7BE9644536,SHA256=949BFB5B4C7D58D92F3F9C5F8EC7CA4CEAFFD10EC5F0020F0A987C472D61C54B,IMPHASH=76B4BAE80D2C3B08BB062D97BF9CA791",C:\Windows\System32\svchost.exe,,System,0x8000000000000000,4,{f57bd86a-1cf1-6582-e703-000000000000},0x3e7,,,0,svchost.exe,C:\Windows\system32\services.exe,C:\Windows\System32\services.exe,{f57bd86a-1cf1-6582-0b00-000000000d00},760.0,NT AUTHORITY\SYSTEM,{f57bd86a-1d10-6582-8900-000000000d00},3400,5652.0,Microsoft® Windows® Operating System,,,,,-,,,,,,,,,,,,,2023-12-19T22:45:36.9688119Z,,,,,,,1,0.0,4208,NT AUTHORITY\SYSTEM,S-1-5-18,45:37.0,5.0,"<Event xmlns=""http://schemas.microsoft.com/win/2004/08/events/event"">
  <System>
    <Provider Name=""Microsoft-Windows-Sysmon"" Guid=""{5770385f-c22a-43e0-bf4c-06f5698ffbd9}""/>
    <EventID>1</EventID>
    <Version>5</Version>
    <Level>4</Level>
    <Task>1</Task>
    <Opcode>0</Opcode>
    <Keywords>0x8000000000000000</Keywords>
    <TimeCreated SystemTime=""2023-12-19T22:45:36.9688119Z""/>
    <EventRecordID>4489</EventRecordID>
    <Correlation/>
    <Execution ProcessID=""3400"" ThreadID=""4208""/>
    <Channel>Microsoft-Windows-Sysmon/Operational</Channel>
    <Computer>WinDev2309Eval</Computer>
    <Security UserID=""S-1-5-18""/>
  </System>
  <EventData>
    <Data Name=""RuleName"">-</Data>
    <Data Name=""UtcTime"">2023-12-19 22:45:36.966</Data>
    <Data Name=""ProcessGuid"">{f57bd86a-1d10-6582-8900-000000000d00}</Data>
    <Data Name=""ProcessId"">5652</Data>
    <Data Name=""Image"">C:\Windows\System32\svchost.exe</Data>
    <Data Name=""FileVersion"">10.0.22621.1 (WinBuild.160101.0800)</Data>
    <Data Name=""Description"">Host Process for Windows Services</Data>
    <Data Name=""Product"">Microsoft&#174; Windows&#174; Operating System</Data>
    <Data Name=""Company"">Microsoft Corporation</Data>
    <Data Name=""OriginalFileName"">svchost.exe</Data>
    <Data Name=""CommandLine"">C:\Windows\system32\svchost.exe -k netsvcs -p -s TokenBroker</Data>
    <Data Name=""CurrentDirectory"">C:\Windows\system32\</Data>
    <Data Name=""User"">NT AUTHORITY\SYSTEM</Data>
    <Data Name=""LogonGuid"">{f57bd86a-1cf1-6582-e703-000000000000}</Data>
    <Data Name=""LogonId"">0x3e7</Data>
    <Data Name=""TerminalSessionId"">0</Data>
    <Data Name=""IntegrityLevel"">System</Data>
    <Data Name=""Hashes"">MD5=8EC922C7A58A8701AB481B7BE9644536,SHA256=949BFB5B4C7D58D92F3F9C5F8EC7CA4CEAFFD10EC5F0020F0A987C472D61C54B,IMPHASH=76B4BAE80D2C3B08BB062D97BF9CA791</Data>
    <Data Name=""ParentProcessGuid"">{f57bd86a-1cf1-6582-0b00-000000000d00}</Data>
    <Data Name=""ParentProcessId"">760</Data>
    <Data Name=""ParentImage"">C:\Windows\System32\services.exe</Data>
    <Data Name=""ParentCommandLine"">C:\Windows\system32\services.exe</Data>
    <Data Name=""ParentUser"">NT AUTHORITY\SYSTEM</Data>
  </EventData>
</Event>
"
Microsoft-Windows-Sysmon/Operational,,,WinDev2309Eval,,,,,,,,,C:\Windows\SysWow64\PrintConfig.dll,13,4488,SetValue,,,C:\Windows\SysWOW64\regsvr32.exe,,,0x8000000000000000,4,,,,,0,,,,,,,{f57bd86a-1d10-6582-8800-000000000d00},3400,5624.0,,,,,,T1122,,,,,,,,,,,,,2023-12-19T22:45:36.6316067Z,,,HKCR\WOW6432Node\CLSID\{95A24F08-5D9A-46F4-8B35-F9905397C741}\InProcServer32\(Default),,,,13,,4208,NT AUTHORITY\SYSTEM,S-1-5-18,45:36.6,2.0,"<Event xmlns=""http://schemas.microsoft.com/win/2004/08/events/event"">
  <System>
    <Provider Name=""Microsoft-Windows-Sysmon"" Guid=""{5770385f-c22a-43e0-bf4c-06f5698ffbd9}""/>
    <EventID>13</EventID>
    <Version>2</Version>
    <Level>4</Level>
    <Task>13</Task>
    <Opcode>0</Opcode>
    <Keywords>0x8000000000000000</Keywords>
    <TimeCreated SystemTime=""2023-12-19T22:45:36.6316067Z""/>
    <EventRecordID>4488</EventRecordID>
    <Correlation/>
    <Execution ProcessID=""3400"" ThreadID=""4208""/>
    <Channel>Microsoft-Windows-Sysmon/Operational</Channel>
    <Computer>WinDev2309Eval</Computer>
    <Security UserID=""S-1-5-18""/>
  </System>
  <EventData>
    <Data Name=""RuleName"">T1122</Data>
    <Data Name=""EventType"">SetValue</Data>
    <Data Name=""UtcTime"">2023-12-19 22:45:36.620</Data>
    <Data Name=""ProcessGuid"">{f57bd86a-1d10-6582-8800-000000000d00}</Data>
    <Data Name=""ProcessId"">5624</Data>
    <Data Name=""Image"">C:\Windows\SysWOW64\regsvr32.exe</Data>
    <Data Name=""TargetObject"">HKCR\WOW6432Node\CLSID\{95A24F08-5D9A-46F4-8B35-F9905397C741}\InProcServer32\(Default)</Data>
    <Data Name=""Details"">C:\Windows\SysWow64\PrintConfig.dll</Data>
    <Data Name=""User"">NT AUTHORITY\SYSTEM</Data>
  </EventData>
</Event>
"
Microsoft-Windows-Sysmon/Operational,,,WinDev2309Eval,,,,,,,,,C:\Windows\SysWow64\PrintConfig.dll,13,4487,SetValue,,,C:\Windows\SysWOW64\regsvr32.exe,,,0x8000000000000000,4,,,,,0,,,,,,,{f57bd86a-1d10-6582-8800-000000000d00},3400,5624.0,,,,,,T1122,,,,,,,,,,,,,2023-12-19T22:45:36.6207211Z,,,HKCR\WOW6432Node\CLSID\{331B60DA-9E90-4DD0-9C84-EAC4E659B61F}\InprocServer32\(Default),,,,13,,4208,NT AUTHORITY\SYSTEM,S-1-5-18,45:36.6,2.0,"<Event xmlns=""http://schemas.microsoft.com/win/2004/08/events/event"">
  <System>
    <Provider Name=""Microsoft-Windows-Sysmon"" Guid=""{5770385f-c22a-43e0-bf4c-06f5698ffbd9}""/>
    <EventID>13</EventID>
    <Version>2</Version>
    <Level>4</Level>
    <Task>13</Task>
    <Opcode>0</Opcode>
    <Keywords>0x8000000000000000</Keywords>
    <TimeCreated SystemTime=""2023-12-19T22:45:36.6207211Z""/>
    <EventRecordID>4487</EventRecordID>
    <Correlation/>
    <Execution ProcessID=""3400"" ThreadID=""4208""/>
    <Channel>Microsoft-Windows-Sysmon/Operational</Channel>
    <Computer>WinDev2309Eval</Computer>
    <Security UserID=""S-1-5-18""/>
  </System>
  <EventData>
    <Data Name=""RuleName"">T1122</Data>
    <Data Name=""EventType"">SetValue</Data>
    <Data Name=""UtcTime"">2023-12-19 22:45:36.620</Data>
    <Data Name=""ProcessGuid"">{f57bd86a-1d10-6582-8800-000000000d00}</Data>
    <Data Name=""ProcessId"">5624</Data>
    <Data Name=""Image"">C:\Windows\SysWOW64\regsvr32.exe</Data>
    <Data Name=""TargetObject"">HKCR\WOW6432Node\CLSID\{331B60DA-9E90-4DD0-9C84-EAC4E659B61F}\InprocServer32\(Default)</Data>
    <Data Name=""Details"">C:\Windows\SysWow64\PrintConfig.dll</Data>
    <Data Name=""User"">NT AUTHORITY\SYSTEM</Data>
  </EventData>
</Event>
"
Microsoft-Windows-Sysmon/Operational,"C:\Windows\SysWOW64\regsvr32.exe /s ""C:\Windows\SysWOW64\PrintConfig.dll""",Microsoft Corporation,WinDev2309Eval,,C:\Windows\system32\,Microsoft(C) Register Server,,,,,,,1,4486,,10.0.22621.1 (WinBuild.160101.0800),"MD5=5F7264BD237FAEA46FB240785B78AFAC,SHA256=D9BE711BE2BF88096BB91C25DF775D90B964264AB25EC49CF04711D8C1F089F6,IMPHASH=73F03653209E82368127EB826216A6AD",C:\Windows\SysWOW64\regsvr32.exe,,System,0x8000000000000000,4,{f57bd86a-1cf1-6582-e703-000000000000},0x3e7,,,0,REGSVR32.EXE,C:\Windows\System32\spoolsv.exe,C:\Windows\System32\spoolsv.exe,{f57bd86a-1cf4-6582-3900-000000000d00},2660.0,NT AUTHORITY\SYSTEM,{f57bd86a-1d10-6582-8800-000000000d00},3400,5624.0,Microsoft® Windows® Operating System,,,,,-,,,,,,,,,,,,,2023-12-19T22:45:36.2957372Z,,,,,,,1,0.0,4208,NT AUTHORITY\SYSTEM,S-1-5-18,45:36.3,5.0,"<Event xmlns=""http://schemas.microsoft.com/win/2004/08/events/event"">
  <System>
    <Provider Name=""Microsoft-Windows-Sysmon"" Guid=""{5770385f-c22a-43e0-bf4c-06f5698ffbd9}""/>
    <EventID>1</EventID>
    <Version>5</Version>
    <Level>4</Level>
    <Task>1</Task>
    <Opcode>0</Opcode>
    <Keywords>0x8000000000000000</Keywords>
    <TimeCreated SystemTime=""2023-12-19T22:45:36.2957372Z""/>
    <EventRecordID>4486</EventRecordID>
    <Correlation/>
    <Execution ProcessID=""3400"" ThreadID=""4208""/>
    <Channel>Microsoft-Windows-Sysmon/Operational</Channel>
    <Computer>WinDev2309Eval</Computer>
    <Security UserID=""S-1-5-18""/>
  </System>
  <EventData>
    <Data Name=""RuleName"">-</Data>
    <Data Name=""UtcTime"">2023-12-19 22:45:36.291</Data>
    <Data Name=""ProcessGuid"">{f57bd86a-1d10-6582-8800-000000000d00}</Data>
    <Data Name=""ProcessId"">5624</Data>
    <Data Name=""Image"">C:\Windows\SysWOW64\regsvr32.exe</Data>
    <Data Name=""FileVersion"">10.0.22621.1 (WinBuild.160101.0800)</Data>
    <Data Name=""Description"">Microsoft(C) Register Server</Data>
    <Data Name=""Product"">Microsoft&#174; Windows&#174; Operating System</Data>
    <Data Name=""Company"">Microsoft Corporation</Data>
    <Data Name=""OriginalFileName"">REGSVR32.EXE</Data>
    <Data Name=""CommandLine"">C:\Windows\SysWOW64\regsvr32.exe /s ""C:\Windows\SysWOW64\PrintConfig.dll""</Data>
    <Data Name=""CurrentDirectory"">C:\Windows\system32\</Data>
    <Data Name=""User"">NT AUTHORITY\SYSTEM</Data>
    <Data Name=""LogonGuid"">{f57bd86a-1cf1-6582-e703-000000000000}</Data>
    <Data Name=""LogonId"">0x3e7</Data>
    <Data Name=""TerminalSessionId"">0</Data>
    <Data Name=""IntegrityLevel"">System</Data>
    <Data Name=""Hashes"">MD5=5F7264BD237FAEA46FB240785B78AFAC,SHA256=D9BE711BE2BF88096BB91C25DF775D90B964264AB25EC49CF04711D8C1F089F6,IMPHASH=73F03653209E82368127EB826216A6AD</Data>
    <Data Name=""ParentProcessGuid"">{f57bd86a-1cf4-6582-3900-000000000d00}</Data>
    <Data Name=""ParentProcessId"">2660</Data>
    <Data Name=""ParentImage"">C:\Windows\System32\spoolsv.exe</Data>
    <Data Name=""ParentCommandLine"">C:\Windows\System32\spoolsv.exe</Data>
    <Data Name=""ParentUser"">NT AUTHORITY\SYSTEM</Data>
  </EventData>
</Event>
"
Microsoft-Windows-Sysmon/Operational,,,WinDev2309Eval,18:22.5,,,,,,,,,11,4485,,,,C:\Windows\System32\spoolsv.exe,,,0x8000000000000000,4,,,,,0,,,,,,,{f57bd86a-1cf4-6582-3900-000000000d00},3400,2660.0,,,,,,DLL,,,,,,,,,,,,,2023-12-19T22:45:36.2795699Z,C:\Windows\SysWOW64\PrintConfig.dll,,,,,,11,,4208,NT AUTHORITY\SYSTEM,S-1-5-18,45:36.3,2.0,"<Event xmlns=""http://schemas.microsoft.com/win/2004/08/events/event"">
  <System>
    <Provider Name=""Microsoft-Windows-Sysmon"" Guid=""{5770385f-c22a-43e0-bf4c-06f5698ffbd9}""/>
    <EventID>11</EventID>
    <Version>2</Version>
    <Level>4</Level>
    <Task>11</Task>
    <Opcode>0</Opcode>
    <Keywords>0x8000000000000000</Keywords>
    <TimeCreated SystemTime=""2023-12-19T22:45:36.2795699Z""/>
    <EventRecordID>4485</EventRecordID>
    <Correlation/>
    <Execution ProcessID=""3400"" ThreadID=""4208""/>
    <Channel>Microsoft-Windows-Sysmon/Operational</Channel>
    <Computer>WinDev2309Eval</Computer>
    <Security UserID=""S-1-5-18""/>
  </System>
  <EventData>
    <Data Name=""RuleName"">DLL</Data>
    <Data Name=""UtcTime"">2023-12-19 22:45:36.276</Data>
    <Data Name=""ProcessGuid"">{f57bd86a-1cf4-6582-3900-000000000d00}</Data>
    <Data Name=""ProcessId"">2660</Data>
    <Data Name=""Image"">C:\Windows\System32\spoolsv.exe</Data>
    <Data Name=""TargetFilename"">C:\Windows\SysWOW64\PrintConfig.dll</Data>
    <Data Name=""CreationUtcTime"">2023-09-20 06:18:22.543</Data>
    <Data Name=""User"">NT AUTHORITY\SYSTEM</Data>
  </EventData>
</Event>
"
Microsoft-Windows-Sysmon/Operational,,,WinDev2309Eval,,,,,,,,,C:\Windows\system32\spool\drivers\x64\3\PrintConfig.dll,13,4484,SetValue,,,C:\Windows\system32\regsvr32.exe,,,0x8000000000000000,4,,,,,0,,,,,,,{f57bd86a-1d10-6582-8600-000000000d00},3400,5552.0,,,,,,"T1031,T1050",,,,,,,,,,,,,2023-12-19T22:45:36.2673534Z,,,HKLM\System\CurrentControlSet\Services\PrintNotify\Parameters\ServiceDll,,,,13,,4208,NT AUTHORITY\SYSTEM,S-1-5-18,45:36.3,2.0,"<Event xmlns=""http://schemas.microsoft.com/win/2004/08/events/event"">
  <System>
    <Provider Name=""Microsoft-Windows-Sysmon"" Guid=""{5770385f-c22a-43e0-bf4c-06f5698ffbd9}""/>
    <EventID>13</EventID>
    <Version>2</Version>
    <Level>4</Level>
    <Task>13</Task>
    <Opcode>0</Opcode>
    <Keywords>0x8000000000000000</Keywords>
    <TimeCreated SystemTime=""2023-12-19T22:45:36.2673534Z""/>
    <EventRecordID>4484</EventRecordID>
    <Correlation/>
    <Execution ProcessID=""3400"" ThreadID=""4208""/>
    <Channel>Microsoft-Windows-Sysmon/Operational</Channel>
    <Computer>WinDev2309Eval</Computer>
    <Security UserID=""S-1-5-18""/>
  </System>
  <EventData>
    <Data Name=""RuleName"">T1031,T1050</Data>
    <Data Name=""EventType"">SetValue</Data>
    <Data Name=""UtcTime"">2023-12-19 22:45:36.260</Data>
    <Data Name=""ProcessGuid"">{f57bd86a-1d10-6582-8600-000000000d00}</Data>
    <Data Name=""ProcessId"">5552</Data>
    <Data Name=""Image"">C:\Windows\system32\regsvr32.exe</Data>
    <Data Name=""TargetObject"">HKLM\System\CurrentControlSet\Services\PrintNotify\Parameters\ServiceDll</Data>
    <Data Name=""Details"">C:\Windows\system32\spool\drivers\x64\3\PrintConfig.dll</Data>
    <Data Name=""User"">NT AUTHORITY\SYSTEM</Data>
  </EventData>
</Event>
"
Microsoft-Windows-Sysmon/Operational,,,WinDev2309Eval,,,,,,,,,C:\Windows\system32\spool\drivers\x64\3\PrintConfig.dll,13,4483,SetValue,,,C:\Windows\system32\regsvr32.exe,,,0x8000000000000000,4,,,,,0,,,,,,,{f57bd86a-1d10-6582-8600-000000000d00},3400,5552.0,,,,,,T1122,,,,,,,,,,,,,2023-12-19T22:45:36.2637716Z,,,HKCR\CLSID\{95A24F08-5D9A-46F4-8B35-F9905397C741}\InProcServer32\(Default),,,,13,,4208,NT AUTHORITY\SYSTEM,S-1-5-18,45:36.3,2.0,"<Event xmlns=""http://schemas.microsoft.com/win/2004/08/events/event"">
  <System>
    <Provider Name=""Microsoft-Windows-Sysmon"" Guid=""{5770385f-c22a-43e0-bf4c-06f5698ffbd9}""/>
    <EventID>13</EventID>
    <Version>2</Version>
    <Level>4</Level>
    <Task>13</Task>
    <Opcode>0</Opcode>
    <Keywords>0x8000000000000000</Keywords>
    <TimeCreated SystemTime=""2023-12-19T22:45:36.2637716Z""/>
    <EventRecordID>4483</EventRecordID>
    <Correlation/>
    <Execution ProcessID=""3400"" ThreadID=""4208""/>
    <Channel>Microsoft-Windows-Sysmon/Operational</Channel>
    <Computer>WinDev2309Eval</Computer>
    <Security UserID=""S-1-5-18""/>
  </System>
  <EventData>
    <Data Name=""RuleName"">T1122</Data>
    <Data Name=""EventType"">SetValue</Data>
    <Data Name=""UtcTime"">2023-12-19 22:45:36.260</Data>
    <Data Name=""ProcessGuid"">{f57bd86a-1d10-6582-8600-000000000d00}</Data>
    <Data Name=""ProcessId"">5552</Data>
    <Data Name=""Image"">C:\Windows\system32\regsvr32.exe</Data>
    <Data Name=""TargetObject"">HKCR\CLSID\{95A24F08-5D9A-46F4-8B35-F9905397C741}\InProcServer32\(Default)</Data>
    <Data Name=""Details"">C:\Windows\system32\spool\drivers\x64\3\PrintConfig.dll</Data>
    <Data Name=""User"">NT AUTHORITY\SYSTEM</Data>
  </EventData>
</Event>
"
Microsoft-Windows-Sysmon/Operational,,,WinDev2309Eval,,,,,,,,,C:\Windows\system32\spool\drivers\x64\3\PrintConfig.dll,13,4482,SetValue,,,C:\Windows\system32\regsvr32.exe,,,0x8000000000000000,4,,,,,0,,,,,,,{f57bd86a-1d10-6582-8600-000000000d00},3400,5552.0,,,,,,T1122,,,,,,,,,,,,,2023-12-19T22:45:36.2535756Z,,,HKCR\CLSID\{331B60DA-9E90-4DD0-9C84-EAC4E659B61F}\InprocServer32\(Default),,,,13,,4208,NT AUTHORITY\SYSTEM,S-1-5-18,45:36.2,2.0,"<Event xmlns=""http://schemas.microsoft.com/win/2004/08/events/event"">
  <System>
    <Provider Name=""Microsoft-Windows-Sysmon"" Guid=""{5770385f-c22a-43e0-bf4c-06f5698ffbd9}""/>
    <EventID>13</EventID>
    <Version>2</Version>
    <Level>4</Level>
    <Task>13</Task>
    <Opcode>0</Opcode>
    <Keywords>0x8000000000000000</Keywords>
    <TimeCreated SystemTime=""2023-12-19T22:45:36.2535756Z""/>
    <EventRecordID>4482</EventRecordID>
    <Correlation/>
    <Execution ProcessID=""3400"" ThreadID=""4208""/>
    <Channel>Microsoft-Windows-Sysmon/Operational</Channel>
    <Computer>WinDev2309Eval</Computer>
    <Security UserID=""S-1-5-18""/>
  </System>
  <EventData>
    <Data Name=""RuleName"">T1122</Data>
    <Data Name=""EventType"">SetValue</Data>
    <Data Name=""UtcTime"">2023-12-19 22:45:36.244</Data>
    <Data Name=""ProcessGuid"">{f57bd86a-1d10-6582-8600-000000000d00}</Data>
    <Data Name=""ProcessId"">5552</Data>
    <Data Name=""Image"">C:\Windows\system32\regsvr32.exe</Data>
    <Data Name=""TargetObject"">HKCR\CLSID\{331B60DA-9E90-4DD0-9C84-EAC4E659B61F}\InprocServer32\(Default)</Data>
    <Data Name=""Details"">C:\Windows\system32\spool\drivers\x64\3\PrintConfig.dll</Data>
    <Data Name=""User"">NT AUTHORITY\SYSTEM</Data>
  </EventData>
</Event>
"
Microsoft-Windows-Sysmon/Operational,"C:\Windows\system32\regsvr32.exe /s ""C:\Windows\system32\spool\drivers\x64\3\PrintConfig.dll""",Microsoft Corporation,WinDev2309Eval,,C:\Windows\system32\,Microsoft(C) Register Server,,,,,,,1,4481,,10.0.22621.1 (WinBuild.160101.0800),"MD5=AF0CDEF5F6ECB9B8EBEF4E480EBAAA5A,SHA256=02779144AF756AAB953F13F9E4D28AB3D01A77EB3962756D74099C06BABF21B1,IMPHASH=939D090D03567FAD6F1AC6F2C641A4B2",C:\Windows\System32\regsvr32.exe,,System,0x8000000000000000,4,{f57bd86a-1cf1-6582-e703-000000000000},0x3e7,,,0,REGSVR32.EXE,C:\Windows\System32\spoolsv.exe,C:\Windows\System32\spoolsv.exe,{f57bd86a-1cf4-6582-3900-000000000d00},2660.0,NT AUTHORITY\SYSTEM,{f57bd86a-1d10-6582-8600-000000000d00},3400,5552.0,Microsoft® Windows® Operating System,,,,,-,,,,,,,,,,,,,2023-12-19T22:45:36.1384441Z,,,,,,,1,0.0,4208,NT AUTHORITY\SYSTEM,S-1-5-18,45:36.1,5.0,"<Event xmlns=""http://schemas.microsoft.com/win/2004/08/events/event"">
  <System>
    <Provider Name=""Microsoft-Windows-Sysmon"" Guid=""{5770385f-c22a-43e0-bf4c-06f5698ffbd9}""/>
    <EventID>1</EventID>
    <Version>5</Version>
    <Level>4</Level>
    <Task>1</Task>
    <Opcode>0</Opcode>
    <Keywords>0x8000000000000000</Keywords>
    <TimeCreated SystemTime=""2023-12-19T22:45:36.1384441Z""/>
    <EventRecordID>4481</EventRecordID>
    <Correlation/>
    <Execution ProcessID=""3400"" ThreadID=""4208""/>
    <Channel>Microsoft-Windows-Sysmon/Operational</Channel>
    <Computer>WinDev2309Eval</Computer>
    <Security UserID=""S-1-5-18""/>
  </System>
  <EventData>
    <Data Name=""RuleName"">-</Data>
    <Data Name=""UtcTime"">2023-12-19 22:45:36.131</Data>
    <Data Name=""ProcessGuid"">{f57bd86a-1d10-6582-8600-000000000d00}</Data>
    <Data Name=""ProcessId"">5552</Data>
    <Data Name=""Image"">C:\Windows\System32\regsvr32.exe</Data>
    <Data Name=""FileVersion"">10.0.22621.1 (WinBuild.160101.0800)</Data>
    <Data Name=""Description"">Microsoft(C) Register Server</Data>
    <Data Name=""Product"">Microsoft&#174; Windows&#174; Operating System</Data>
    <Data Name=""Company"">Microsoft Corporation</Data>
    <Data Name=""OriginalFileName"">REGSVR32.EXE</Data>
    <Data Name=""CommandLine"">C:\Windows\system32\regsvr32.exe /s ""C:\Windows\system32\spool\drivers\x64\3\PrintConfig.dll""</Data>
    <Data Name=""CurrentDirectory"">C:\Windows\system32\</Data>
    <Data Name=""User"">NT AUTHORITY\SYSTEM</Data>
    <Data Name=""LogonGuid"">{f57bd86a-1cf1-6582-e703-000000000000}</Data>
    <Data Name=""LogonId"">0x3e7</Data>
    <Data Name=""TerminalSessionId"">0</Data>
    <Data Name=""IntegrityLevel"">System</Data>
    <Data Name=""Hashes"">MD5=AF0CDEF5F6ECB9B8EBEF4E480EBAAA5A,SHA256=02779144AF756AAB953F13F9E4D28AB3D01A77EB3962756D74099C06BABF21B1,IMPHASH=939D090D03567FAD6F1AC6F2C641A4B2</Data>
    <Data Name=""ParentProcessGuid"">{f57bd86a-1cf4-6582-3900-000000000d00}</Data>
    <Data Name=""ParentProcessId"">2660</Data>
    <Data Name=""ParentImage"">C:\Windows\System32\spoolsv.exe</Data>
    <Data Name=""ParentCommandLine"">C:\Windows\System32\spoolsv.exe</Data>
    <Data Name=""ParentUser"">NT AUTHORITY\SYSTEM</Data>
  </EventData>
</Event>
"
Microsoft-Windows-Sysmon/Operational,,,WinDev2309Eval,,,,,,,,,DWORD (0x00000001),13,4480,SetValue,,,C:\Windows\system32\wevtutil.exe,,,0x8000000000000000,4,,,,,0,,,,,,,{f57bd86a-1d0b-6582-8400-000000000d00},3400,5384.0,,,,,,-,,,,,,,,,,,,,2023-12-19T22:45:32.1128431Z,,,HKLM\SOFTWARE\Microsoft\Windows\CurrentVersion\WINEVT\Channels\Microsoft-Windows-AppXDeployment-Server/Operational\Type,,,,13,,4208,NT AUTHORITY\SYSTEM,S-1-5-18,45:32.1,2.0,"<Event xmlns=""http://schemas.microsoft.com/win/2004/08/events/event"">
  <System>
    <Provider Name=""Microsoft-Windows-Sysmon"" Guid=""{5770385f-c22a-43e0-bf4c-06f5698ffbd9}""/>
    <EventID>13</EventID>
    <Version>2</Version>
    <Level>4</Level>
    <Task>13</Task>
    <Opcode>0</Opcode>
    <Keywords>0x8000000000000000</Keywords>
    <TimeCreated SystemTime=""2023-12-19T22:45:32.1128431Z""/>
    <EventRecordID>4480</EventRecordID>
    <Correlation/>
    <Execution ProcessID=""3400"" ThreadID=""4208""/>
    <Channel>Microsoft-Windows-Sysmon/Operational</Channel>
    <Computer>WinDev2309Eval</Computer>
    <Security UserID=""S-1-5-18""/>
  </System>
  <EventData>
    <Data Name=""RuleName"">-</Data>
    <Data Name=""EventType"">SetValue</Data>
    <Data Name=""UtcTime"">2023-12-19 22:45:32.108</Data>
    <Data Name=""ProcessGuid"">{f57bd86a-1d0b-6582-8400-000000000d00}</Data>
    <Data Name=""ProcessId"">5384</Data>
    <Data Name=""Image"">C:\Windows\system32\wevtutil.exe</Data>
    <Data Name=""TargetObject"">HKLM\SOFTWARE\Microsoft\Windows\CurrentVersion\WINEVT\Channels\Microsoft-Windows-AppXDeployment-Server/Operational\Type</Data>
    <Data Name=""Details"">DWORD (0x00000001)</Data>
    <Data Name=""User"">NT AUTHORITY\SYSTEM</Data>
  </EventData>
</Event>
"
Microsoft-Windows-Sysmon/Operational,,,WinDev2309Eval,,,,,,,,,DWORD (0x00000000),13,4479,SetValue,,,C:\Windows\system32\wevtutil.exe,,,0x8000000000000000,4,,,,,0,,,,,,,{f57bd86a-1d0b-6582-8400-000000000d00},3400,5384.0,,,,,,-,,,,,,,,,,,,,2023-12-19T22:45:32.1127826Z,,,HKLM\SOFTWARE\Microsoft\Windows\CurrentVersion\WINEVT\Channels\Microsoft-Windows-AppXDeployment-Server/Operational\MaxSizeUpper,,,,13,,4208,NT AUTHORITY\SYSTEM,S-1-5-18,45:32.1,2.0,"<Event xmlns=""http://schemas.microsoft.com/win/2004/08/events/event"">
  <System>
    <Provider Name=""Microsoft-Windows-Sysmon"" Guid=""{5770385f-c22a-43e0-bf4c-06f5698ffbd9}""/>
    <EventID>13</EventID>
    <Version>2</Version>
    <Level>4</Level>
    <Task>13</Task>
    <Opcode>0</Opcode>
    <Keywords>0x8000000000000000</Keywords>
    <TimeCreated SystemTime=""2023-12-19T22:45:32.1127826Z""/>
    <EventRecordID>4479</EventRecordID>
    <Correlation/>
    <Execution ProcessID=""3400"" ThreadID=""4208""/>
    <Channel>Microsoft-Windows-Sysmon/Operational</Channel>
    <Computer>WinDev2309Eval</Computer>
    <Security UserID=""S-1-5-18""/>
  </System>
  <EventData>
    <Data Name=""RuleName"">-</Data>
    <Data Name=""EventType"">SetValue</Data>
    <Data Name=""UtcTime"">2023-12-19 22:45:32.108</Data>
    <Data Name=""ProcessGuid"">{f57bd86a-1d0b-6582-8400-000000000d00}</Data>
    <Data Name=""ProcessId"">5384</Data>
    <Data Name=""Image"">C:\Windows\system32\wevtutil.exe</Data>
    <Data Name=""TargetObject"">HKLM\SOFTWARE\Microsoft\Windows\CurrentVersion\WINEVT\Channels\Microsoft-Windows-AppXDeployment-Server/Operational\MaxSizeUpper</Data>
    <Data Name=""Details"">DWORD (0x00000000)</Data>
    <Data Name=""User"">NT AUTHORITY\SYSTEM</Data>
  </EventData>
</Event>
"
Microsoft-Windows-Sysmon/Operational,,,WinDev2309Eval,,,,,,,,,DWORD (0x00500000),13,4478,SetValue,,,C:\Windows\system32\wevtutil.exe,,,0x8000000000000000,4,,,,,0,,,,,,,{f57bd86a-1d0b-6582-8400-000000000d00},3400,5384.0,,,,,,-,,,,,,,,,,,,,2023-12-19T22:45:32.1126322Z,,,HKLM\SOFTWARE\Microsoft\Windows\CurrentVersion\WINEVT\Channels\Microsoft-Windows-AppXDeployment-Server/Operational\MaxSize,,,,13,,4208,NT AUTHORITY\SYSTEM,S-1-5-18,45:32.1,2.0,"<Event xmlns=""http://schemas.microsoft.com/win/2004/08/events/event"">
  <System>
    <Provider Name=""Microsoft-Windows-Sysmon"" Guid=""{5770385f-c22a-43e0-bf4c-06f5698ffbd9}""/>
    <EventID>13</EventID>
    <Version>2</Version>
    <Level>4</Level>
    <Task>13</Task>
    <Opcode>0</Opcode>
    <Keywords>0x8000000000000000</Keywords>
    <TimeCreated SystemTime=""2023-12-19T22:45:32.1126322Z""/>
    <EventRecordID>4478</EventRecordID>
    <Correlation/>
    <Execution ProcessID=""3400"" ThreadID=""4208""/>
    <Channel>Microsoft-Windows-Sysmon/Operational</Channel>
    <Computer>WinDev2309Eval</Computer>
    <Security UserID=""S-1-5-18""/>
  </System>
  <EventData>
    <Data Name=""RuleName"">-</Data>
    <Data Name=""EventType"">SetValue</Data>
    <Data Name=""UtcTime"">2023-12-19 22:45:32.108</Data>
    <Data Name=""ProcessGuid"">{f57bd86a-1d0b-6582-8400-000000000d00}</Data>
    <Data Name=""ProcessId"">5384</Data>
    <Data Name=""Image"">C:\Windows\system32\wevtutil.exe</Data>
    <Data Name=""TargetObject"">HKLM\SOFTWARE\Microsoft\Windows\CurrentVersion\WINEVT\Channels\Microsoft-Windows-AppXDeployment-Server/Operational\MaxSize</Data>
    <Data Name=""Details"">DWORD (0x00500000)</Data>
    <Data Name=""User"">NT AUTHORITY\SYSTEM</Data>
  </EventData>
</Event>
"
Microsoft-Windows-Sysmon/Operational,,,WinDev2309Eval,,,,,,,,,O:BAG:SYD:(A;;0x2;;;S-1-15-2-1)(A;;0x2;;;S-1-15-3-1024-3153509613-960666767-3724611135-2725662640-12138253-543910227-1950414635-4190290187)(A;;0xf0007;;;SY)(A;;0x7;;;BA)(A;;0x7;;;SO)(A;;0x3;;;IU)(A;;0x3;;;SU)(A;;0x3;;;S-1-5-3)(A;;0x3;;;S-1-5-33)(A;;0x1;;;S-1-5-32-573),13,4477,SetValue,,,C:\Windows\system32\wevtutil.exe,,,0x8000000000000000,4,,,,,0,,,,,,,{f57bd86a-1d0b-6582-8400-000000000d00},3400,5384.0,,,,,,-,,,,,,,,,,,,,2023-12-19T22:45:32.1125574Z,,,HKLM\SOFTWARE\Microsoft\Windows\CurrentVersion\WINEVT\Channels\Microsoft-Windows-AppXDeployment-Server/Operational\ChannelAccess,,,,13,,4208,NT AUTHORITY\SYSTEM,S-1-5-18,45:32.1,2.0,"<Event xmlns=""http://schemas.microsoft.com/win/2004/08/events/event"">
  <System>
    <Provider Name=""Microsoft-Windows-Sysmon"" Guid=""{5770385f-c22a-43e0-bf4c-06f5698ffbd9}""/>
    <EventID>13</EventID>
    <Version>2</Version>
    <Level>4</Level>
    <Task>13</Task>
    <Opcode>0</Opcode>
    <Keywords>0x8000000000000000</Keywords>
    <TimeCreated SystemTime=""2023-12-19T22:45:32.1125574Z""/>
    <EventRecordID>4477</EventRecordID>
    <Correlation/>
    <Execution ProcessID=""3400"" ThreadID=""4208""/>
    <Channel>Microsoft-Windows-Sysmon/Operational</Channel>
    <Computer>WinDev2309Eval</Computer>
    <Security UserID=""S-1-5-18""/>
  </System>
  <EventData>
    <Data Name=""RuleName"">-</Data>
    <Data Name=""EventType"">SetValue</Data>
    <Data Name=""UtcTime"">2023-12-19 22:45:32.108</Data>
    <Data Name=""ProcessGuid"">{f57bd86a-1d0b-6582-8400-000000000d00}</Data>
    <Data Name=""ProcessId"">5384</Data>
    <Data Name=""Image"">C:\Windows\system32\wevtutil.exe</Data>
    <Data Name=""TargetObject"">HKLM\SOFTWARE\Microsoft\Windows\CurrentVersion\WINEVT\Channels\Microsoft-Windows-AppXDeployment-Server/Operational\ChannelAccess</Data>
    <Data Name=""Details"">O:BAG:SYD:(A;;0x2;;;S-1-15-2-1)(A;;0x2;;;S-1-15-3-1024-3153509613-960666767-3724611135-2725662640-12138253-543910227-1950414635-4190290187)(A;;0xf0007;;;SY)(A;;0x7;;;BA)(A;;0x7;;;SO)(A;;0x3;;;IU)(A;;0x3;;;SU)(A;;0x3;;;S-1-5-3)(A;;0x3;;;S-1-5-33)(A;;0x1;;;S-1-5-32-573)</Data>
    <Data Name=""User"">NT AUTHORITY\SYSTEM</Data>
  </EventData>
</Event>
"
Microsoft-Windows-Sysmon/Operational,,,WinDev2309Eval,,,,,,,,,DWORD (0x00000000),13,4476,SetValue,,,C:\Windows\system32\wevtutil.exe,,,0x8000000000000000,4,,,,,0,,,,,,,{f57bd86a-1d0b-6582-8400-000000000d00},3400,5384.0,,,,,,-,,,,,,,,,,,,,2023-12-19T22:45:32.1124948Z,,,HKLM\SOFTWARE\Microsoft\Windows\CurrentVersion\WINEVT\Channels\Microsoft-Windows-AppXDeployment-Server/Operational\Isolation,,,,13,,4208,NT AUTHORITY\SYSTEM,S-1-5-18,45:32.1,2.0,"<Event xmlns=""http://schemas.microsoft.com/win/2004/08/events/event"">
  <System>
    <Provider Name=""Microsoft-Windows-Sysmon"" Guid=""{5770385f-c22a-43e0-bf4c-06f5698ffbd9}""/>
    <EventID>13</EventID>
    <Version>2</Version>
    <Level>4</Level>
    <Task>13</Task>
    <Opcode>0</Opcode>
    <Keywords>0x8000000000000000</Keywords>
    <TimeCreated SystemTime=""2023-12-19T22:45:32.1124948Z""/>
    <EventRecordID>4476</EventRecordID>
    <Correlation/>
    <Execution ProcessID=""3400"" ThreadID=""4208""/>
    <Channel>Microsoft-Windows-Sysmon/Operational</Channel>
    <Computer>WinDev2309Eval</Computer>
    <Security UserID=""S-1-5-18""/>
  </System>
  <EventData>
    <Data Name=""RuleName"">-</Data>
    <Data Name=""EventType"">SetValue</Data>
    <Data Name=""UtcTime"">2023-12-19 22:45:32.108</Data>
    <Data Name=""ProcessGuid"">{f57bd86a-1d0b-6582-8400-000000000d00}</Data>
    <Data Name=""ProcessId"">5384</Data>
    <Data Name=""Image"">C:\Windows\system32\wevtutil.exe</Data>
    <Data Name=""TargetObject"">HKLM\SOFTWARE\Microsoft\Windows\CurrentVersion\WINEVT\Channels\Microsoft-Windows-AppXDeployment-Server/Operational\Isolation</Data>
    <Data Name=""Details"">DWORD (0x00000000)</Data>
    <Data Name=""User"">NT AUTHORITY\SYSTEM</Data>
  </EventData>
</Event>
"
Microsoft-Windows-Sysmon/Operational,,,WinDev2309Eval,,,,,,,,,DWORD (0x00000001),13,4475,SetValue,,,C:\Windows\system32\wevtutil.exe,,,0x8000000000000000,4,,,,,0,,,,,,,{f57bd86a-1d0b-6582-8400-000000000d00},3400,5384.0,,,,,,-,,,,,,,,,,,,,2023-12-19T22:45:32.1124350Z,,,HKLM\SOFTWARE\Microsoft\Windows\CurrentVersion\WINEVT\Channels\Microsoft-Windows-AppXDeployment-Server/Operational\Enabled,,,,13,,4208,NT AUTHORITY\SYSTEM,S-1-5-18,45:32.1,2.0,"<Event xmlns=""http://schemas.microsoft.com/win/2004/08/events/event"">
  <System>
    <Provider Name=""Microsoft-Windows-Sysmon"" Guid=""{5770385f-c22a-43e0-bf4c-06f5698ffbd9}""/>
    <EventID>13</EventID>
    <Version>2</Version>
    <Level>4</Level>
    <Task>13</Task>
    <Opcode>0</Opcode>
    <Keywords>0x8000000000000000</Keywords>
    <TimeCreated SystemTime=""2023-12-19T22:45:32.1124350Z""/>
    <EventRecordID>4475</EventRecordID>
    <Correlation/>
    <Execution ProcessID=""3400"" ThreadID=""4208""/>
    <Channel>Microsoft-Windows-Sysmon/Operational</Channel>
    <Computer>WinDev2309Eval</Computer>
    <Security UserID=""S-1-5-18""/>
  </System>
  <EventData>
    <Data Name=""RuleName"">-</Data>
    <Data Name=""EventType"">SetValue</Data>
    <Data Name=""UtcTime"">2023-12-19 22:45:32.108</Data>
    <Data Name=""ProcessGuid"">{f57bd86a-1d0b-6582-8400-000000000d00}</Data>
    <Data Name=""ProcessId"">5384</Data>
    <Data Name=""Image"">C:\Windows\system32\wevtutil.exe</Data>
    <Data Name=""TargetObject"">HKLM\SOFTWARE\Microsoft\Windows\CurrentVersion\WINEVT\Channels\Microsoft-Windows-AppXDeployment-Server/Operational\Enabled</Data>
    <Data Name=""Details"">DWORD (0x00000001)</Data>
    <Data Name=""User"">NT AUTHORITY\SYSTEM</Data>
  </EventData>
</Event>
"
Microsoft-Windows-Sysmon/Operational,,,WinDev2309Eval,,,,,,,,,{43833e12-078d-4d7d-8aaf-ae8c8520f18c},13,4474,SetValue,,,C:\Windows\system32\wevtutil.exe,,,0x8000000000000000,4,,,,,0,,,,,,,{f57bd86a-1d0b-6582-8400-000000000d00},3400,5384.0,,,,,,-,,,,,,,,,,,,,2023-12-19T22:45:32.1123652Z,,,HKLM\SOFTWARE\Microsoft\Windows\CurrentVersion\WINEVT\Channels\Microsoft-Windows-AppXDeployment-Server/Operational\OwningPublisher,,,,13,,4208,NT AUTHORITY\SYSTEM,S-1-5-18,45:32.1,2.0,"<Event xmlns=""http://schemas.microsoft.com/win/2004/08/events/event"">
  <System>
    <Provider Name=""Microsoft-Windows-Sysmon"" Guid=""{5770385f-c22a-43e0-bf4c-06f5698ffbd9}""/>
    <EventID>13</EventID>
    <Version>2</Version>
    <Level>4</Level>
    <Task>13</Task>
    <Opcode>0</Opcode>
    <Keywords>0x8000000000000000</Keywords>
    <TimeCreated SystemTime=""2023-12-19T22:45:32.1123652Z""/>
    <EventRecordID>4474</EventRecordID>
    <Correlation/>
    <Execution ProcessID=""3400"" ThreadID=""4208""/>
    <Channel>Microsoft-Windows-Sysmon/Operational</Channel>
    <Computer>WinDev2309Eval</Computer>
    <Security UserID=""S-1-5-18""/>
  </System>
  <EventData>
    <Data Name=""RuleName"">-</Data>
    <Data Name=""EventType"">SetValue</Data>
    <Data Name=""UtcTime"">2023-12-19 22:45:32.108</Data>
    <Data Name=""ProcessGuid"">{f57bd86a-1d0b-6582-8400-000000000d00}</Data>
    <Data Name=""ProcessId"">5384</Data>
    <Data Name=""Image"">C:\Windows\system32\wevtutil.exe</Data>
    <Data Name=""TargetObject"">HKLM\SOFTWARE\Microsoft\Windows\CurrentVersion\WINEVT\Channels\Microsoft-Windows-AppXDeployment-Server/Operational\OwningPublisher</Data>
    <Data Name=""Details"">{43833e12-078d-4d7d-8aaf-ae8c8520f18c}</Data>
    <Data Name=""User"">NT AUTHORITY\SYSTEM</Data>
  </EventData>
</Event>
"
