Channel,CommandLine,Company,Computer,CreationUtcTime,CurrentDirectory,Description,DestinationHostname,DestinationIp,DestinationIsIpv6,DestinationPort,DestinationPortName,Details,EventID,EventRecordID,EventType,FileVersion,Hashes,Image,Initiated,IntegrityLevel,Keywords,Level,LogonGuid,LogonId,Message,NewThreadId,Opcode,OriginalFileName,ParentCommandLine,ParentImage,ParentProcessGuid,ParentProcessId,ParentUser,ProcessGuid,ProcessID,ProcessId,Product,Protocol,QueryName,QueryResults,QueryStatus,RuleName,SourceHostname,SourceImage,SourceIp,SourceIsIpv6,SourcePort,SourcePortName,SourceProcessGuid,SourceProcessId,SourceUser,StartAddress,StartFunction,StartModule,SystemTime,TargetFilename,TargetImage,TargetObject,TargetProcessGuid,TargetProcessId,TargetUser,Task,TerminalSessionId,ThreadID,User,UserID,UtcTime,Version,raw
Microsoft-Windows-Sysmon/Operational,,,WinDev2309Eval,37:20.3,,,,,,,,,11,1239,,,,C:\Windows\Microsoft.NET\Framework64\v4.0.30319\mscorsvw.exe,,,0x8000000000000000,4,,,,,0,,,,,,,{f57bd86a-0d0f-6582-f904-000000000b00},10484,2748.0,,,,,,DLL,,,,,,,,,,,,,2023-12-19T21:37:20.3267565Z,C:\Windows\assembly\NativeImages_v4.0.30319_64\Temp\abc-0\Microsoft.VisualStudio.Diff.dll,,,,,,11,,10592,NT AUTHORITY\SYSTEM,S-1-5-18,37:20.3,2.0,"<Event xmlns=""http://schemas.microsoft.com/win/2004/08/events/event"">
  <System>
    <Provider Name=""Microsoft-Windows-Sysmon"" Guid=""{5770385f-c22a-43e0-bf4c-06f5698ffbd9}""/>
    <EventID>11</EventID>
    <Version>2</Version>
    <Level>4</Level>
    <Task>11</Task>
    <Opcode>0</Opcode>
    <Keywords>0x8000000000000000</Keywords>
    <TimeCreated SystemTime=""2023-12-19T21:37:20.3267565Z""/>
    <EventRecordID>1239</EventRecordID>
    <Correlation/>
    <Execution ProcessID=""10484"" ThreadID=""10592""/>
    <Channel>Microsoft-Windows-Sysmon/Operational</Channel>
    <Computer>WinDev2309Eval</Computer>
    <Security UserID=""S-1-5-18""/>
  </System>
  <EventData>
    <Data Name=""RuleName"">DLL</Data>
    <Data Name=""UtcTime"">2023-12-19 21:37:20.316</Data>
    <Data Name=""ProcessGuid"">{f57bd86a-0d0f-6582-f904-000000000b00}</Data>
    <Data Name=""ProcessId"">2748</Data>
    <Data Name=""Image"">C:\Windows\Microsoft.NET\Framework64\v4.0.30319\mscorsvw.exe</Data>
    <Data Name=""TargetFilename"">C:\Windows\assembly\NativeImages_v4.0.30319_64\Temp\abc-0\Microsoft.VisualStudio.Diff.dll</Data>
    <Data Name=""CreationUtcTime"">2023-12-19 21:37:20.316</Data>
    <Data Name=""User"">NT AUTHORITY\SYSTEM</Data>
  </EventData>
</Event>
"
Microsoft-Windows-Sysmon/Operational,,,WinDev2309Eval,37:19.7,,,,,,,,,11,1238,,,,C:\Windows\Microsoft.NET\Framework64\v4.0.30319\mscorsvw.exe,,,0x8000000000000000,4,,,,,0,,,,,,,{f57bd86a-0d0e-6582-f704-000000000b00},10484,8516.0,,,,,,DLL,,,,,,,,,,,,,2023-12-19T21:37:19.6994260Z,C:\Windows\assembly\NativeImages_v4.0.30319_64\Temp\2144-0\Microsoft.VisualStudio.CoreUtility.dll,,,,,,11,,10592,NT AUTHORITY\SYSTEM,S-1-5-18,37:19.7,2.0,"<Event xmlns=""http://schemas.microsoft.com/win/2004/08/events/event"">
  <System>
    <Provider Name=""Microsoft-Windows-Sysmon"" Guid=""{5770385f-c22a-43e0-bf4c-06f5698ffbd9}""/>
    <EventID>11</EventID>
    <Version>2</Version>
    <Level>4</Level>
    <Task>11</Task>
    <Opcode>0</Opcode>
    <Keywords>0x8000000000000000</Keywords>
    <TimeCreated SystemTime=""2023-12-19T21:37:19.6994260Z""/>
    <EventRecordID>1238</EventRecordID>
    <Correlation/>
    <Execution ProcessID=""10484"" ThreadID=""10592""/>
    <Channel>Microsoft-Windows-Sysmon/Operational</Channel>
    <Computer>WinDev2309Eval</Computer>
    <Security UserID=""S-1-5-18""/>
  </System>
  <EventData>
    <Data Name=""RuleName"">DLL</Data>
    <Data Name=""UtcTime"">2023-12-19 21:37:19.691</Data>
    <Data Name=""ProcessGuid"">{f57bd86a-0d0e-6582-f704-000000000b00}</Data>
    <Data Name=""ProcessId"">8516</Data>
    <Data Name=""Image"">C:\Windows\Microsoft.NET\Framework64\v4.0.30319\mscorsvw.exe</Data>
    <Data Name=""TargetFilename"">C:\Windows\assembly\NativeImages_v4.0.30319_64\Temp\2144-0\Microsoft.VisualStudio.CoreUtility.dll</Data>
    <Data Name=""CreationUtcTime"">2023-12-19 21:37:19.691</Data>
    <Data Name=""User"">NT AUTHORITY\SYSTEM</Data>
  </EventData>
</Event>
"
Microsoft-Windows-Sysmon/Operational,,,WinDev2309Eval,37:18.5,,,,,,,,,11,1237,,,,C:\Windows\Microsoft.NET\Framework64\v4.0.30319\mscorsvw.exe,,,0x8000000000000000,4,,,,,0,,,,,,,{f57bd86a-0d0e-6582-f404-000000000b00},10484,8500.0,,,,,,DLL,,,,,,,,,,,,,2023-12-19T21:37:18.5095783Z,C:\Windows\assembly\NativeImages_v4.0.30319_64\Temp\2134-0\System.Xml.Linq.dll,,,,,,11,,10592,NT AUTHORITY\SYSTEM,S-1-5-18,37:18.5,2.0,"<Event xmlns=""http://schemas.microsoft.com/win/2004/08/events/event"">
  <System>
    <Provider Name=""Microsoft-Windows-Sysmon"" Guid=""{5770385f-c22a-43e0-bf4c-06f5698ffbd9}""/>
    <EventID>11</EventID>
    <Version>2</Version>
    <Level>4</Level>
    <Task>11</Task>
    <Opcode>0</Opcode>
    <Keywords>0x8000000000000000</Keywords>
    <TimeCreated SystemTime=""2023-12-19T21:37:18.5095783Z""/>
    <EventRecordID>1237</EventRecordID>
    <Correlation/>
    <Execution ProcessID=""10484"" ThreadID=""10592""/>
    <Channel>Microsoft-Windows-Sysmon/Operational</Channel>
    <Computer>WinDev2309Eval</Computer>
    <Security UserID=""S-1-5-18""/>
  </System>
  <EventData>
    <Data Name=""RuleName"">DLL</Data>
    <Data Name=""UtcTime"">2023-12-19 21:37:18.502</Data>
    <Data Name=""ProcessGuid"">{f57bd86a-0d0e-6582-f404-000000000b00}</Data>
    <Data Name=""ProcessId"">8500</Data>
    <Data Name=""Image"">C:\Windows\Microsoft.NET\Framework64\v4.0.30319\mscorsvw.exe</Data>
    <Data Name=""TargetFilename"">C:\Windows\assembly\NativeImages_v4.0.30319_64\Temp\2134-0\System.Xml.Linq.dll</Data>
    <Data Name=""CreationUtcTime"">2023-12-19 21:37:18.502</Data>
    <Data Name=""User"">NT AUTHORITY\SYSTEM</Data>
  </EventData>
</Event>
"
Microsoft-Windows-Sysmon/Operational,,,WinDev2309Eval,37:18.1,,,,,,,,,11,1236,,,,C:\Windows\Microsoft.NET\Framework64\v4.0.30319\mscorsvw.exe,,,0x8000000000000000,4,,,,,0,,,,,,,{f57bd86a-0d0a-6582-f204-000000000b00},10484,4648.0,,,,,,DLL,,,,,,,,,,,,,2023-12-19T21:37:18.1289064Z,C:\Windows\assembly\NativeImages_v4.0.30319_64\Temp\1228-0\System.Xml.dll,,,,,,11,,10592,NT AUTHORITY\SYSTEM,S-1-5-18,37:18.1,2.0,"<Event xmlns=""http://schemas.microsoft.com/win/2004/08/events/event"">
  <System>
    <Provider Name=""Microsoft-Windows-Sysmon"" Guid=""{5770385f-c22a-43e0-bf4c-06f5698ffbd9}""/>
    <EventID>11</EventID>
    <Version>2</Version>
    <Level>4</Level>
    <Task>11</Task>
    <Opcode>0</Opcode>
    <Keywords>0x8000000000000000</Keywords>
    <TimeCreated SystemTime=""2023-12-19T21:37:18.1289064Z""/>
    <EventRecordID>1236</EventRecordID>
    <Correlation/>
    <Execution ProcessID=""10484"" ThreadID=""10592""/>
    <Channel>Microsoft-Windows-Sysmon/Operational</Channel>
    <Computer>WinDev2309Eval</Computer>
    <Security UserID=""S-1-5-18""/>
  </System>
  <EventData>
    <Data Name=""RuleName"">DLL</Data>
    <Data Name=""UtcTime"">2023-12-19 21:37:18.126</Data>
    <Data Name=""ProcessGuid"">{f57bd86a-0d0a-6582-f204-000000000b00}</Data>
    <Data Name=""ProcessId"">4648</Data>
    <Data Name=""Image"">C:\Windows\Microsoft.NET\Framework64\v4.0.30319\mscorsvw.exe</Data>
    <Data Name=""TargetFilename"">C:\Windows\assembly\NativeImages_v4.0.30319_64\Temp\1228-0\System.Xml.dll</Data>
    <Data Name=""CreationUtcTime"">2023-12-19 21:37:18.126</Data>
    <Data Name=""User"">NT AUTHORITY\SYSTEM</Data>
  </EventData>
</Event>
"
Microsoft-Windows-Sysmon/Operational,,,WinDev2309Eval,37:14.6,,,,,,,,,11,1235,,,,C:\Windows\Microsoft.NET\Framework64\v4.0.30319\mscorsvw.exe,,,0x8000000000000000,4,,,,,0,,,,,,,{f57bd86a-0d09-6582-f004-000000000b00},10484,3560.0,,,,,,DLL,,,,,,,,,,,,,2023-12-19T21:37:14.5677023Z,C:\Windows\assembly\NativeImages_v4.0.30319_64\Temp\de8-0\System.Xaml.dll,,,,,,11,,10592,NT AUTHORITY\SYSTEM,S-1-5-18,37:14.6,2.0,"<Event xmlns=""http://schemas.microsoft.com/win/2004/08/events/event"">
  <System>
    <Provider Name=""Microsoft-Windows-Sysmon"" Guid=""{5770385f-c22a-43e0-bf4c-06f5698ffbd9}""/>
    <EventID>11</EventID>
    <Version>2</Version>
    <Level>4</Level>
    <Task>11</Task>
    <Opcode>0</Opcode>
    <Keywords>0x8000000000000000</Keywords>
    <TimeCreated SystemTime=""2023-12-19T21:37:14.5677023Z""/>
    <EventRecordID>1235</EventRecordID>
    <Correlation/>
    <Execution ProcessID=""10484"" ThreadID=""10592""/>
    <Channel>Microsoft-Windows-Sysmon/Operational</Channel>
    <Computer>WinDev2309Eval</Computer>
    <Security UserID=""S-1-5-18""/>
  </System>
  <EventData>
    <Data Name=""RuleName"">DLL</Data>
    <Data Name=""UtcTime"">2023-12-19 21:37:14.558</Data>
    <Data Name=""ProcessGuid"">{f57bd86a-0d09-6582-f004-000000000b00}</Data>
    <Data Name=""ProcessId"">3560</Data>
    <Data Name=""Image"">C:\Windows\Microsoft.NET\Framework64\v4.0.30319\mscorsvw.exe</Data>
    <Data Name=""TargetFilename"">C:\Windows\assembly\NativeImages_v4.0.30319_64\Temp\de8-0\System.Xaml.dll</Data>
    <Data Name=""CreationUtcTime"">2023-12-19 21:37:14.558</Data>
    <Data Name=""User"">NT AUTHORITY\SYSTEM</Data>
  </EventData>
</Event>
"
Microsoft-Windows-Sysmon/Operational,,,WinDev2309Eval,37:13.4,,,,,,,,,11,1234,,,,C:\Windows\Microsoft.NET\Framework64\v4.0.30319\mscorsvw.exe,,,0x8000000000000000,4,,,,,0,,,,,,,{f57bd86a-0d03-6582-ee04-000000000b00},10484,7716.0,,,,,,DLL,,,,,,,,,,,,,2023-12-19T21:37:13.4265640Z,C:\Windows\assembly\NativeImages_v4.0.30319_64\Temp\1e24-0\System.Windows.Forms.dll,,,,,,11,,10592,NT AUTHORITY\SYSTEM,S-1-5-18,37:13.4,2.0,"<Event xmlns=""http://schemas.microsoft.com/win/2004/08/events/event"">
  <System>
    <Provider Name=""Microsoft-Windows-Sysmon"" Guid=""{5770385f-c22a-43e0-bf4c-06f5698ffbd9}""/>
    <EventID>11</EventID>
    <Version>2</Version>
    <Level>4</Level>
    <Task>11</Task>
    <Opcode>0</Opcode>
    <Keywords>0x8000000000000000</Keywords>
    <TimeCreated SystemTime=""2023-12-19T21:37:13.4265640Z""/>
    <EventRecordID>1234</EventRecordID>
    <Correlation/>
    <Execution ProcessID=""10484"" ThreadID=""10592""/>
    <Channel>Microsoft-Windows-Sysmon/Operational</Channel>
    <Computer>WinDev2309Eval</Computer>
    <Security UserID=""S-1-5-18""/>
  </System>
  <EventData>
    <Data Name=""RuleName"">DLL</Data>
    <Data Name=""UtcTime"">2023-12-19 21:37:13.417</Data>
    <Data Name=""ProcessGuid"">{f57bd86a-0d03-6582-ee04-000000000b00}</Data>
    <Data Name=""ProcessId"">7716</Data>
    <Data Name=""Image"">C:\Windows\Microsoft.NET\Framework64\v4.0.30319\mscorsvw.exe</Data>
    <Data Name=""TargetFilename"">C:\Windows\assembly\NativeImages_v4.0.30319_64\Temp\1e24-0\System.Windows.Forms.dll</Data>
    <Data Name=""CreationUtcTime"">2023-12-19 21:37:13.417</Data>
    <Data Name=""User"">NT AUTHORITY\SYSTEM</Data>
  </EventData>
</Event>
"
Microsoft-Windows-Sysmon/Operational,,,WinDev2309Eval,37:07.4,,,,,,,,,11,1233,,,,C:\Windows\Microsoft.NET\Framework64\v4.0.30319\mscorsvw.exe,,,0x8000000000000000,4,,,,,0,,,,,,,{f57bd86a-0d02-6582-ec04-000000000b00},10484,6340.0,,,,,,DLL,,,,,,,,,,,,,2023-12-19T21:37:07.4075597Z,C:\Windows\assembly\NativeImages_v4.0.30319_64\Temp\18c4-0\System.Web.Services.dll,,,,,,11,,10592,NT AUTHORITY\SYSTEM,S-1-5-18,37:07.4,2.0,"<Event xmlns=""http://schemas.microsoft.com/win/2004/08/events/event"">
  <System>
    <Provider Name=""Microsoft-Windows-Sysmon"" Guid=""{5770385f-c22a-43e0-bf4c-06f5698ffbd9}""/>
    <EventID>11</EventID>
    <Version>2</Version>
    <Level>4</Level>
    <Task>11</Task>
    <Opcode>0</Opcode>
    <Keywords>0x8000000000000000</Keywords>
    <TimeCreated SystemTime=""2023-12-19T21:37:07.4075597Z""/>
    <EventRecordID>1233</EventRecordID>
    <Correlation/>
    <Execution ProcessID=""10484"" ThreadID=""10592""/>
    <Channel>Microsoft-Windows-Sysmon/Operational</Channel>
    <Computer>WinDev2309Eval</Computer>
    <Security UserID=""S-1-5-18""/>
  </System>
  <EventData>
    <Data Name=""RuleName"">DLL</Data>
    <Data Name=""UtcTime"">2023-12-19 21:37:07.397</Data>
    <Data Name=""ProcessGuid"">{f57bd86a-0d02-6582-ec04-000000000b00}</Data>
    <Data Name=""ProcessId"">6340</Data>
    <Data Name=""Image"">C:\Windows\Microsoft.NET\Framework64\v4.0.30319\mscorsvw.exe</Data>
    <Data Name=""TargetFilename"">C:\Windows\assembly\NativeImages_v4.0.30319_64\Temp\18c4-0\System.Web.Services.dll</Data>
    <Data Name=""CreationUtcTime"">2023-12-19 21:37:07.397</Data>
    <Data Name=""User"">NT AUTHORITY\SYSTEM</Data>
  </EventData>
</Event>
"
Microsoft-Windows-Sysmon/Operational,,,WinDev2309Eval,37:06.1,,,,,,,,,11,1232,,,,C:\Windows\Microsoft.NET\Framework64\v4.0.30319\mscorsvw.exe,,,0x8000000000000000,4,,,,,0,,,,,,,{f57bd86a-0d01-6582-ea04-000000000b00},10484,3020.0,,,,,,DLL,,,,,,,,,,,,,2023-12-19T21:37:06.0994943Z,C:\Windows\assembly\NativeImages_v4.0.30319_64\Temp\bcc-0\System.Transactions.dll,,,,,,11,,10592,NT AUTHORITY\SYSTEM,S-1-5-18,37:06.1,2.0,"<Event xmlns=""http://schemas.microsoft.com/win/2004/08/events/event"">
  <System>
    <Provider Name=""Microsoft-Windows-Sysmon"" Guid=""{5770385f-c22a-43e0-bf4c-06f5698ffbd9}""/>
    <EventID>11</EventID>
    <Version>2</Version>
    <Level>4</Level>
    <Task>11</Task>
    <Opcode>0</Opcode>
    <Keywords>0x8000000000000000</Keywords>
    <TimeCreated SystemTime=""2023-12-19T21:37:06.0994943Z""/>
    <EventRecordID>1232</EventRecordID>
    <Correlation/>
    <Execution ProcessID=""10484"" ThreadID=""10592""/>
    <Channel>Microsoft-Windows-Sysmon/Operational</Channel>
    <Computer>WinDev2309Eval</Computer>
    <Security UserID=""S-1-5-18""/>
  </System>
  <EventData>
    <Data Name=""RuleName"">DLL</Data>
    <Data Name=""UtcTime"">2023-12-19 21:37:06.084</Data>
    <Data Name=""ProcessGuid"">{f57bd86a-0d01-6582-ea04-000000000b00}</Data>
    <Data Name=""ProcessId"">3020</Data>
    <Data Name=""Image"">C:\Windows\Microsoft.NET\Framework64\v4.0.30319\mscorsvw.exe</Data>
    <Data Name=""TargetFilename"">C:\Windows\assembly\NativeImages_v4.0.30319_64\Temp\bcc-0\System.Transactions.dll</Data>
    <Data Name=""CreationUtcTime"">2023-12-19 21:37:06.084</Data>
    <Data Name=""User"">NT AUTHORITY\SYSTEM</Data>
  </EventData>
</Event>
"
Microsoft-Windows-Sysmon/Operational,,,WinDev2309Eval,37:05.6,,,,,,,,,11,1231,,,,C:\Windows\Microsoft.NET\Framework64\v4.0.30319\mscorsvw.exe,,,0x8000000000000000,4,,,,,0,,,,,,,{f57bd86a-0d01-6582-e804-000000000b00},10484,2080.0,,,,,,DLL,,,,,,,,,,,,,2023-12-19T21:37:05.6593289Z,C:\Windows\assembly\NativeImages_v4.0.30319_64\Temp\820-0\System.ServiceProcess.dll,,,,,,11,,10592,NT AUTHORITY\SYSTEM,S-1-5-18,37:05.6,2.0,"<Event xmlns=""http://schemas.microsoft.com/win/2004/08/events/event"">
  <System>
    <Provider Name=""Microsoft-Windows-Sysmon"" Guid=""{5770385f-c22a-43e0-bf4c-06f5698ffbd9}""/>
    <EventID>11</EventID>
    <Version>2</Version>
    <Level>4</Level>
    <Task>11</Task>
    <Opcode>0</Opcode>
    <Keywords>0x8000000000000000</Keywords>
    <TimeCreated SystemTime=""2023-12-19T21:37:05.6593289Z""/>
    <EventRecordID>1231</EventRecordID>
    <Correlation/>
    <Execution ProcessID=""10484"" ThreadID=""10592""/>
    <Channel>Microsoft-Windows-Sysmon/Operational</Channel>
    <Computer>WinDev2309Eval</Computer>
    <Security UserID=""S-1-5-18""/>
  </System>
  <EventData>
    <Data Name=""RuleName"">DLL</Data>
    <Data Name=""UtcTime"">2023-12-19 21:37:05.646</Data>
    <Data Name=""ProcessGuid"">{f57bd86a-0d01-6582-e804-000000000b00}</Data>
    <Data Name=""ProcessId"">2080</Data>
    <Data Name=""Image"">C:\Windows\Microsoft.NET\Framework64\v4.0.30319\mscorsvw.exe</Data>
    <Data Name=""TargetFilename"">C:\Windows\assembly\NativeImages_v4.0.30319_64\Temp\820-0\System.ServiceProcess.dll</Data>
    <Data Name=""CreationUtcTime"">2023-12-19 21:37:05.646</Data>
    <Data Name=""User"">NT AUTHORITY\SYSTEM</Data>
  </EventData>
</Event>
"
Microsoft-Windows-Sysmon/Operational,,,WinDev2309Eval,37:05.2,,,,,,,,,11,1230,,,,C:\Windows\Microsoft.NET\Framework64\v4.0.30319\mscorsvw.exe,,,0x8000000000000000,4,,,,,0,,,,,,,{f57bd86a-0cf7-6582-e604-000000000b00},10484,8020.0,,,,,,DLL,,,,,,,,,,,,,2023-12-19T21:37:05.2017247Z,C:\Windows\assembly\NativeImages_v4.0.30319_64\Temp\1f54-0\System.ServiceModel.dll,,,,,,11,,10592,NT AUTHORITY\SYSTEM,S-1-5-18,37:05.2,2.0,"<Event xmlns=""http://schemas.microsoft.com/win/2004/08/events/event"">
  <System>
    <Provider Name=""Microsoft-Windows-Sysmon"" Guid=""{5770385f-c22a-43e0-bf4c-06f5698ffbd9}""/>
    <EventID>11</EventID>
    <Version>2</Version>
    <Level>4</Level>
    <Task>11</Task>
    <Opcode>0</Opcode>
    <Keywords>0x8000000000000000</Keywords>
    <TimeCreated SystemTime=""2023-12-19T21:37:05.2017247Z""/>
    <EventRecordID>1230</EventRecordID>
    <Correlation/>
    <Execution ProcessID=""10484"" ThreadID=""10592""/>
    <Channel>Microsoft-Windows-Sysmon/Operational</Channel>
    <Computer>WinDev2309Eval</Computer>
    <Security UserID=""S-1-5-18""/>
  </System>
  <EventData>
    <Data Name=""RuleName"">DLL</Data>
    <Data Name=""UtcTime"">2023-12-19 21:37:05.191</Data>
    <Data Name=""ProcessGuid"">{f57bd86a-0cf7-6582-e604-000000000b00}</Data>
    <Data Name=""ProcessId"">8020</Data>
    <Data Name=""Image"">C:\Windows\Microsoft.NET\Framework64\v4.0.30319\mscorsvw.exe</Data>
    <Data Name=""TargetFilename"">C:\Windows\assembly\NativeImages_v4.0.30319_64\Temp\1f54-0\System.ServiceModel.dll</Data>
    <Data Name=""CreationUtcTime"">2023-12-19 21:37:05.191</Data>
    <Data Name=""User"">NT AUTHORITY\SYSTEM</Data>
  </EventData>
</Event>
"
Microsoft-Windows-Sysmon/Operational,,,WinDev2309Eval,36:54.8,,,,,,,,,11,1229,,,,C:\Windows\Microsoft.NET\Framework64\v4.0.30319\mscorsvw.exe,,,0x8000000000000000,4,,,,,0,,,,,,,{f57bd86a-0cf6-6582-e404-000000000b00},10484,2764.0,,,,,,DLL,,,,,,,,,,,,,2023-12-19T21:36:54.7706953Z,C:\Windows\assembly\NativeImages_v4.0.30319_64\Temp\acc-0\System.Runtime.WindowsRuntime.UI.Xaml.dll,,,,,,11,,10592,NT AUTHORITY\SYSTEM,S-1-5-18,36:54.8,2.0,"<Event xmlns=""http://schemas.microsoft.com/win/2004/08/events/event"">
  <System>
    <Provider Name=""Microsoft-Windows-Sysmon"" Guid=""{5770385f-c22a-43e0-bf4c-06f5698ffbd9}""/>
    <EventID>11</EventID>
    <Version>2</Version>
    <Level>4</Level>
    <Task>11</Task>
    <Opcode>0</Opcode>
    <Keywords>0x8000000000000000</Keywords>
    <TimeCreated SystemTime=""2023-12-19T21:36:54.7706953Z""/>
    <EventRecordID>1229</EventRecordID>
    <Correlation/>
    <Execution ProcessID=""10484"" ThreadID=""10592""/>
    <Channel>Microsoft-Windows-Sysmon/Operational</Channel>
    <Computer>WinDev2309Eval</Computer>
    <Security UserID=""S-1-5-18""/>
  </System>
  <EventData>
    <Data Name=""RuleName"">DLL</Data>
    <Data Name=""UtcTime"">2023-12-19 21:36:54.758</Data>
    <Data Name=""ProcessGuid"">{f57bd86a-0cf6-6582-e404-000000000b00}</Data>
    <Data Name=""ProcessId"">2764</Data>
    <Data Name=""Image"">C:\Windows\Microsoft.NET\Framework64\v4.0.30319\mscorsvw.exe</Data>
    <Data Name=""TargetFilename"">C:\Windows\assembly\NativeImages_v4.0.30319_64\Temp\acc-0\System.Runtime.WindowsRuntime.UI.Xaml.dll</Data>
    <Data Name=""CreationUtcTime"">2023-12-19 21:36:54.758</Data>
    <Data Name=""User"">NT AUTHORITY\SYSTEM</Data>
  </EventData>
</Event>
"
Microsoft-Windows-Sysmon/Operational,,,WinDev2309Eval,36:54.6,,,,,,,,,11,1228,,,,C:\Windows\Microsoft.NET\Framework64\v4.0.30319\mscorsvw.exe,,,0x8000000000000000,4,,,,,0,,,,,,,{f57bd86a-0cf5-6582-e204-000000000b00},10484,5804.0,,,,,,DLL,,,,,,,,,,,,,2023-12-19T21:36:54.5744500Z,C:\Windows\assembly\NativeImages_v4.0.30319_64\Temp\16ac-0\System.Runtime.Serialization.dll,,,,,,11,,10592,NT AUTHORITY\SYSTEM,S-1-5-18,36:54.6,2.0,"<Event xmlns=""http://schemas.microsoft.com/win/2004/08/events/event"">
  <System>
    <Provider Name=""Microsoft-Windows-Sysmon"" Guid=""{5770385f-c22a-43e0-bf4c-06f5698ffbd9}""/>
    <EventID>11</EventID>
    <Version>2</Version>
    <Level>4</Level>
    <Task>11</Task>
    <Opcode>0</Opcode>
    <Keywords>0x8000000000000000</Keywords>
    <TimeCreated SystemTime=""2023-12-19T21:36:54.5744500Z""/>
    <EventRecordID>1228</EventRecordID>
    <Correlation/>
    <Execution ProcessID=""10484"" ThreadID=""10592""/>
    <Channel>Microsoft-Windows-Sysmon/Operational</Channel>
    <Computer>WinDev2309Eval</Computer>
    <Security UserID=""S-1-5-18""/>
  </System>
  <EventData>
    <Data Name=""RuleName"">DLL</Data>
    <Data Name=""UtcTime"">2023-12-19 21:36:54.568</Data>
    <Data Name=""ProcessGuid"">{f57bd86a-0cf5-6582-e204-000000000b00}</Data>
    <Data Name=""ProcessId"">5804</Data>
    <Data Name=""Image"">C:\Windows\Microsoft.NET\Framework64\v4.0.30319\mscorsvw.exe</Data>
    <Data Name=""TargetFilename"">C:\Windows\assembly\NativeImages_v4.0.30319_64\Temp\16ac-0\System.Runtime.Serialization.dll</Data>
    <Data Name=""CreationUtcTime"">2023-12-19 21:36:54.568</Data>
    <Data Name=""User"">NT AUTHORITY\SYSTEM</Data>
  </EventData>
</Event>
"
Microsoft-Windows-Sysmon/Operational,,,WinDev2309Eval,36:53.1,,,,,,,,,11,1227,,,,C:\Windows\Microsoft.NET\Framework64\v4.0.30319\mscorsvw.exe,,,0x8000000000000000,4,,,,,0,,,,,,,{f57bd86a-0cf4-6582-e004-000000000b00},10484,12772.0,,,,,,DLL,,,,,,,,,,,,,2023-12-19T21:36:53.0894504Z,C:\Windows\assembly\NativeImages_v4.0.30319_64\Temp\31e4-0\System.Runtime.Remoting.dll,,,,,,11,,10592,NT AUTHORITY\SYSTEM,S-1-5-18,36:53.1,2.0,"<Event xmlns=""http://schemas.microsoft.com/win/2004/08/events/event"">
  <System>
    <Provider Name=""Microsoft-Windows-Sysmon"" Guid=""{5770385f-c22a-43e0-bf4c-06f5698ffbd9}""/>
    <EventID>11</EventID>
    <Version>2</Version>
    <Level>4</Level>
    <Task>11</Task>
    <Opcode>0</Opcode>
    <Keywords>0x8000000000000000</Keywords>
    <TimeCreated SystemTime=""2023-12-19T21:36:53.0894504Z""/>
    <EventRecordID>1227</EventRecordID>
    <Correlation/>
    <Execution ProcessID=""10484"" ThreadID=""10592""/>
    <Channel>Microsoft-Windows-Sysmon/Operational</Channel>
    <Computer>WinDev2309Eval</Computer>
    <Security UserID=""S-1-5-18""/>
  </System>
  <EventData>
    <Data Name=""RuleName"">DLL</Data>
    <Data Name=""UtcTime"">2023-12-19 21:36:53.084</Data>
    <Data Name=""ProcessGuid"">{f57bd86a-0cf4-6582-e004-000000000b00}</Data>
    <Data Name=""ProcessId"">12772</Data>
    <Data Name=""Image"">C:\Windows\Microsoft.NET\Framework64\v4.0.30319\mscorsvw.exe</Data>
    <Data Name=""TargetFilename"">C:\Windows\assembly\NativeImages_v4.0.30319_64\Temp\31e4-0\System.Runtime.Remoting.dll</Data>
    <Data Name=""CreationUtcTime"">2023-12-19 21:36:53.084</Data>
    <Data Name=""User"">NT AUTHORITY\SYSTEM</Data>
  </EventData>
</Event>
"
Microsoft-Windows-Sysmon/Operational,,,WinDev2309Eval,36:52.4,,,,,,,,,11,1226,,,,C:\Windows\Microsoft.NET\Framework64\v4.0.30319\mscorsvw.exe,,,0x8000000000000000,4,,,,,0,,,,,,,{f57bd86a-0cf4-6582-de04-000000000b00},10484,12568.0,,,,,,DLL,,,,,,,,,,,,,2023-12-19T21:36:52.4399624Z,C:\Windows\assembly\NativeImages_v4.0.30319_64\Temp\3118-0\System.Net.Http.dll,,,,,,11,,10592,NT AUTHORITY\SYSTEM,S-1-5-18,36:52.4,2.0,"<Event xmlns=""http://schemas.microsoft.com/win/2004/08/events/event"">
  <System>
    <Provider Name=""Microsoft-Windows-Sysmon"" Guid=""{5770385f-c22a-43e0-bf4c-06f5698ffbd9}""/>
    <EventID>11</EventID>
    <Version>2</Version>
    <Level>4</Level>
    <Task>11</Task>
    <Opcode>0</Opcode>
    <Keywords>0x8000000000000000</Keywords>
    <TimeCreated SystemTime=""2023-12-19T21:36:52.4399624Z""/>
    <EventRecordID>1226</EventRecordID>
    <Correlation/>
    <Execution ProcessID=""10484"" ThreadID=""10592""/>
    <Channel>Microsoft-Windows-Sysmon/Operational</Channel>
    <Computer>WinDev2309Eval</Computer>
    <Security UserID=""S-1-5-18""/>
  </System>
  <EventData>
    <Data Name=""RuleName"">DLL</Data>
    <Data Name=""UtcTime"">2023-12-19 21:36:52.427</Data>
    <Data Name=""ProcessGuid"">{f57bd86a-0cf4-6582-de04-000000000b00}</Data>
    <Data Name=""ProcessId"">12568</Data>
    <Data Name=""Image"">C:\Windows\Microsoft.NET\Framework64\v4.0.30319\mscorsvw.exe</Data>
    <Data Name=""TargetFilename"">C:\Windows\assembly\NativeImages_v4.0.30319_64\Temp\3118-0\System.Net.Http.dll</Data>
    <Data Name=""CreationUtcTime"">2023-12-19 21:36:52.427</Data>
    <Data Name=""User"">NT AUTHORITY\SYSTEM</Data>
  </EventData>
</Event>
"
Microsoft-Windows-Sysmon/Operational,,,WinDev2309Eval,36:52.1,,,,,,,,,11,1225,,,,C:\Windows\Microsoft.NET\Framework64\v4.0.30319\mscorsvw.exe,,,0x8000000000000000,4,,,,,0,,,,,,,{f57bd86a-0cf3-6582-dc04-000000000b00},10484,1476.0,,,,,,DLL,,,,,,,,,,,,,2023-12-19T21:36:52.0723824Z,C:\Windows\assembly\NativeImages_v4.0.30319_64\Temp\5c4-0\System.Management.dll,,,,,,11,,10592,NT AUTHORITY\SYSTEM,S-1-5-18,36:52.1,2.0,"<Event xmlns=""http://schemas.microsoft.com/win/2004/08/events/event"">
  <System>
    <Provider Name=""Microsoft-Windows-Sysmon"" Guid=""{5770385f-c22a-43e0-bf4c-06f5698ffbd9}""/>
    <EventID>11</EventID>
    <Version>2</Version>
    <Level>4</Level>
    <Task>11</Task>
    <Opcode>0</Opcode>
    <Keywords>0x8000000000000000</Keywords>
    <TimeCreated SystemTime=""2023-12-19T21:36:52.0723824Z""/>
    <EventRecordID>1225</EventRecordID>
    <Correlation/>
    <Execution ProcessID=""10484"" ThreadID=""10592""/>
    <Channel>Microsoft-Windows-Sysmon/Operational</Channel>
    <Computer>WinDev2309Eval</Computer>
    <Security UserID=""S-1-5-18""/>
  </System>
  <EventData>
    <Data Name=""RuleName"">DLL</Data>
    <Data Name=""UtcTime"">2023-12-19 21:36:52.068</Data>
    <Data Name=""ProcessGuid"">{f57bd86a-0cf3-6582-dc04-000000000b00}</Data>
    <Data Name=""ProcessId"">1476</Data>
    <Data Name=""Image"">C:\Windows\Microsoft.NET\Framework64\v4.0.30319\mscorsvw.exe</Data>
    <Data Name=""TargetFilename"">C:\Windows\assembly\NativeImages_v4.0.30319_64\Temp\5c4-0\System.Management.dll</Data>
    <Data Name=""CreationUtcTime"">2023-12-19 21:36:52.068</Data>
    <Data Name=""User"">NT AUTHORITY\SYSTEM</Data>
  </EventData>
</Event>
"
Microsoft-Windows-Sysmon/Operational,,,WinDev2309Eval,36:51.2,,,,,,,,,11,1224,,,,C:\Windows\Microsoft.NET\Framework64\v4.0.30319\mscorsvw.exe,,,0x8000000000000000,4,,,,,0,,,,,,,{f57bd86a-0cf2-6582-da04-000000000b00},10484,2988.0,,,,,,DLL,,,,,,,,,,,,,2023-12-19T21:36:51.2273671Z,C:\Windows\assembly\NativeImages_v4.0.30319_64\Temp\bac-0\System.Drawing.dll,,,,,,11,,10592,NT AUTHORITY\SYSTEM,S-1-5-18,36:51.2,2.0,"<Event xmlns=""http://schemas.microsoft.com/win/2004/08/events/event"">
  <System>
    <Provider Name=""Microsoft-Windows-Sysmon"" Guid=""{5770385f-c22a-43e0-bf4c-06f5698ffbd9}""/>
    <EventID>11</EventID>
    <Version>2</Version>
    <Level>4</Level>
    <Task>11</Task>
    <Opcode>0</Opcode>
    <Keywords>0x8000000000000000</Keywords>
    <TimeCreated SystemTime=""2023-12-19T21:36:51.2273671Z""/>
    <EventRecordID>1224</EventRecordID>
    <Correlation/>
    <Execution ProcessID=""10484"" ThreadID=""10592""/>
    <Channel>Microsoft-Windows-Sysmon/Operational</Channel>
    <Computer>WinDev2309Eval</Computer>
    <Security UserID=""S-1-5-18""/>
  </System>
  <EventData>
    <Data Name=""RuleName"">DLL</Data>
    <Data Name=""UtcTime"">2023-12-19 21:36:51.224</Data>
    <Data Name=""ProcessGuid"">{f57bd86a-0cf2-6582-da04-000000000b00}</Data>
    <Data Name=""ProcessId"">2988</Data>
    <Data Name=""Image"">C:\Windows\Microsoft.NET\Framework64\v4.0.30319\mscorsvw.exe</Data>
    <Data Name=""TargetFilename"">C:\Windows\assembly\NativeImages_v4.0.30319_64\Temp\bac-0\System.Drawing.dll</Data>
    <Data Name=""CreationUtcTime"">2023-12-19 21:36:51.224</Data>
    <Data Name=""User"">NT AUTHORITY\SYSTEM</Data>
  </EventData>
</Event>
"
Microsoft-Windows-Sysmon/Operational,,,WinDev2309Eval,36:50.4,,,,,,,,,11,1223,,,,C:\Windows\Microsoft.NET\Framework64\v4.0.30319\mscorsvw.exe,,,0x8000000000000000,4,,,,,0,,,,,,,{f57bd86a-0cf1-6582-d804-000000000b00},10484,3112.0,,,,,,DLL,,,,,,,,,,,,,2023-12-19T21:36:50.3948066Z,C:\Windows\assembly\NativeImages_v4.0.30319_64\Temp\c28-0\System.DirectoryServices.dll,,,,,,11,,10592,NT AUTHORITY\SYSTEM,S-1-5-18,36:50.4,2.0,"<Event xmlns=""http://schemas.microsoft.com/win/2004/08/events/event"">
  <System>
    <Provider Name=""Microsoft-Windows-Sysmon"" Guid=""{5770385f-c22a-43e0-bf4c-06f5698ffbd9}""/>
    <EventID>11</EventID>
    <Version>2</Version>
    <Level>4</Level>
    <Task>11</Task>
    <Opcode>0</Opcode>
    <Keywords>0x8000000000000000</Keywords>
    <TimeCreated SystemTime=""2023-12-19T21:36:50.3948066Z""/>
    <EventRecordID>1223</EventRecordID>
    <Correlation/>
    <Execution ProcessID=""10484"" ThreadID=""10592""/>
    <Channel>Microsoft-Windows-Sysmon/Operational</Channel>
    <Computer>WinDev2309Eval</Computer>
    <Security UserID=""S-1-5-18""/>
  </System>
  <EventData>
    <Data Name=""RuleName"">DLL</Data>
    <Data Name=""UtcTime"">2023-12-19 21:36:50.381</Data>
    <Data Name=""ProcessGuid"">{f57bd86a-0cf1-6582-d804-000000000b00}</Data>
    <Data Name=""ProcessId"">3112</Data>
    <Data Name=""Image"">C:\Windows\Microsoft.NET\Framework64\v4.0.30319\mscorsvw.exe</Data>
    <Data Name=""TargetFilename"">C:\Windows\assembly\NativeImages_v4.0.30319_64\Temp\c28-0\System.DirectoryServices.dll</Data>
    <Data Name=""CreationUtcTime"">2023-12-19 21:36:50.381</Data>
    <Data Name=""User"">NT AUTHORITY\SYSTEM</Data>
  </EventData>
</Event>
"
Microsoft-Windows-Sysmon/Operational,,,WinDev2309Eval,36:49.7,,,,,,,,,11,1222,,,,C:\Windows\Microsoft.NET\Framework64\v4.0.30319\mscorsvw.exe,,,0x8000000000000000,4,,,,,0,,,,,,,{f57bd86a-0cee-6582-d604-000000000b00},10484,11792.0,,,,,,DLL,,,,,,,,,,,,,2023-12-19T21:36:49.6839568Z,C:\Windows\assembly\NativeImages_v4.0.30319_64\Temp\2e10-0\System.Data.dll,,,,,,11,,10592,NT AUTHORITY\SYSTEM,S-1-5-18,36:49.7,2.0,"<Event xmlns=""http://schemas.microsoft.com/win/2004/08/events/event"">
  <System>
    <Provider Name=""Microsoft-Windows-Sysmon"" Guid=""{5770385f-c22a-43e0-bf4c-06f5698ffbd9}""/>
    <EventID>11</EventID>
    <Version>2</Version>
    <Level>4</Level>
    <Task>11</Task>
    <Opcode>0</Opcode>
    <Keywords>0x8000000000000000</Keywords>
    <TimeCreated SystemTime=""2023-12-19T21:36:49.6839568Z""/>
    <EventRecordID>1222</EventRecordID>
    <Correlation/>
    <Execution ProcessID=""10484"" ThreadID=""10592""/>
    <Channel>Microsoft-Windows-Sysmon/Operational</Channel>
    <Computer>WinDev2309Eval</Computer>
    <Security UserID=""S-1-5-18""/>
  </System>
  <EventData>
    <Data Name=""RuleName"">DLL</Data>
    <Data Name=""UtcTime"">2023-12-19 21:36:49.677</Data>
    <Data Name=""ProcessGuid"">{f57bd86a-0cee-6582-d604-000000000b00}</Data>
    <Data Name=""ProcessId"">11792</Data>
    <Data Name=""Image"">C:\Windows\Microsoft.NET\Framework64\v4.0.30319\mscorsvw.exe</Data>
    <Data Name=""TargetFilename"">C:\Windows\assembly\NativeImages_v4.0.30319_64\Temp\2e10-0\System.Data.dll</Data>
    <Data Name=""CreationUtcTime"">2023-12-19 21:36:49.677</Data>
    <Data Name=""User"">NT AUTHORITY\SYSTEM</Data>
  </EventData>
</Event>
"
Microsoft-Windows-Sysmon/Operational,,,WinDev2309Eval,36:45.9,,,,,,,,,11,1221,,,,C:\Windows\Microsoft.NET\Framework64\v4.0.30319\mscorsvw.exe,,,0x8000000000000000,4,,,,,0,,,,,,,{f57bd86a-0ced-6582-d304-000000000b00},10484,6924.0,,,,,,DLL,,,,,,,,,,,,,2023-12-19T21:36:45.8951040Z,C:\Windows\assembly\NativeImages_v4.0.30319_64\Temp\1b0c-0\System.Configuration.Install.dll,,,,,,11,,10592,NT AUTHORITY\SYSTEM,S-1-5-18,36:45.9,2.0,"<Event xmlns=""http://schemas.microsoft.com/win/2004/08/events/event"">
  <System>
    <Provider Name=""Microsoft-Windows-Sysmon"" Guid=""{5770385f-c22a-43e0-bf4c-06f5698ffbd9}""/>
    <EventID>11</EventID>
    <Version>2</Version>
    <Level>4</Level>
    <Task>11</Task>
    <Opcode>0</Opcode>
    <Keywords>0x8000000000000000</Keywords>
    <TimeCreated SystemTime=""2023-12-19T21:36:45.8951040Z""/>
    <EventRecordID>1221</EventRecordID>
    <Correlation/>
    <Execution ProcessID=""10484"" ThreadID=""10592""/>
    <Channel>Microsoft-Windows-Sysmon/Operational</Channel>
    <Computer>WinDev2309Eval</Computer>
    <Security UserID=""S-1-5-18""/>
  </System>
  <EventData>
    <Data Name=""RuleName"">DLL</Data>
    <Data Name=""UtcTime"">2023-12-19 21:36:45.892</Data>
    <Data Name=""ProcessGuid"">{f57bd86a-0ced-6582-d304-000000000b00}</Data>
    <Data Name=""ProcessId"">6924</Data>
    <Data Name=""Image"">C:\Windows\Microsoft.NET\Framework64\v4.0.30319\mscorsvw.exe</Data>
    <Data Name=""TargetFilename"">C:\Windows\assembly\NativeImages_v4.0.30319_64\Temp\1b0c-0\System.Configuration.Install.dll</Data>
    <Data Name=""CreationUtcTime"">2023-12-19 21:36:45.892</Data>
    <Data Name=""User"">NT AUTHORITY\SYSTEM</Data>
  </EventData>
</Event>
"
Microsoft-Windows-Sysmon/Operational,,,WinDev2309Eval,36:45.7,,,,,,,,,11,1220,,,,C:\Windows\Microsoft.NET\Framework64\v4.0.30319\mscorsvw.exe,,,0x8000000000000000,4,,,,,0,,,,,,,{f57bd86a-0ced-6582-d104-000000000b00},10484,10360.0,,,,,,DLL,,,,,,,,,,,,,2023-12-19T21:36:45.6928319Z,C:\Windows\assembly\NativeImages_v4.0.30319_64\Temp\2878-0\System.Configuration.dll,,,,,,11,,10592,NT AUTHORITY\SYSTEM,S-1-5-18,36:45.7,2.0,"<Event xmlns=""http://schemas.microsoft.com/win/2004/08/events/event"">
  <System>
    <Provider Name=""Microsoft-Windows-Sysmon"" Guid=""{5770385f-c22a-43e0-bf4c-06f5698ffbd9}""/>
    <EventID>11</EventID>
    <Version>2</Version>
    <Level>4</Level>
    <Task>11</Task>
    <Opcode>0</Opcode>
    <Keywords>0x8000000000000000</Keywords>
    <TimeCreated SystemTime=""2023-12-19T21:36:45.6928319Z""/>
    <EventRecordID>1220</EventRecordID>
    <Correlation/>
    <Execution ProcessID=""10484"" ThreadID=""10592""/>
    <Channel>Microsoft-Windows-Sysmon/Operational</Channel>
    <Computer>WinDev2309Eval</Computer>
    <Security UserID=""S-1-5-18""/>
  </System>
  <EventData>
    <Data Name=""RuleName"">DLL</Data>
    <Data Name=""UtcTime"">2023-12-19 21:36:45.688</Data>
    <Data Name=""ProcessGuid"">{f57bd86a-0ced-6582-d104-000000000b00}</Data>
    <Data Name=""ProcessId"">10360</Data>
    <Data Name=""Image"">C:\Windows\Microsoft.NET\Framework64\v4.0.30319\mscorsvw.exe</Data>
    <Data Name=""TargetFilename"">C:\Windows\assembly\NativeImages_v4.0.30319_64\Temp\2878-0\System.Configuration.dll</Data>
    <Data Name=""CreationUtcTime"">2023-12-19 21:36:45.688</Data>
    <Data Name=""User"">NT AUTHORITY\SYSTEM</Data>
  </EventData>
</Event>
"
Microsoft-Windows-Sysmon/Operational,,,WinDev2309Eval,36:45.1,,,,,,,,,11,1219,,,,C:\Windows\Microsoft.NET\Framework64\v4.0.30319\mscorsvw.exe,,,0x8000000000000000,4,,,,,0,,,,,,,{f57bd86a-0cec-6582-ce04-000000000b00},10484,6228.0,,,,,,DLL,,,,,,,,,,,,,2023-12-19T21:36:45.0958568Z,C:\Windows\assembly\NativeImages_v4.0.30319_64\Temp\1854-0\PresentationFramework.Aero2.dll,,,,,,11,,10592,NT AUTHORITY\SYSTEM,S-1-5-18,36:45.1,2.0,"<Event xmlns=""http://schemas.microsoft.com/win/2004/08/events/event"">
  <System>
    <Provider Name=""Microsoft-Windows-Sysmon"" Guid=""{5770385f-c22a-43e0-bf4c-06f5698ffbd9}""/>
    <EventID>11</EventID>
    <Version>2</Version>
    <Level>4</Level>
    <Task>11</Task>
    <Opcode>0</Opcode>
    <Keywords>0x8000000000000000</Keywords>
    <TimeCreated SystemTime=""2023-12-19T21:36:45.0958568Z""/>
    <EventRecordID>1219</EventRecordID>
    <Correlation/>
    <Execution ProcessID=""10484"" ThreadID=""10592""/>
    <Channel>Microsoft-Windows-Sysmon/Operational</Channel>
    <Computer>WinDev2309Eval</Computer>
    <Security UserID=""S-1-5-18""/>
  </System>
  <EventData>
    <Data Name=""RuleName"">DLL</Data>
    <Data Name=""UtcTime"">2023-12-19 21:36:45.093</Data>
    <Data Name=""ProcessGuid"">{f57bd86a-0cec-6582-ce04-000000000b00}</Data>
    <Data Name=""ProcessId"">6228</Data>
    <Data Name=""Image"">C:\Windows\Microsoft.NET\Framework64\v4.0.30319\mscorsvw.exe</Data>
    <Data Name=""TargetFilename"">C:\Windows\assembly\NativeImages_v4.0.30319_64\Temp\1854-0\PresentationFramework.Aero2.dll</Data>
    <Data Name=""CreationUtcTime"">2023-12-19 21:36:45.093</Data>
    <Data Name=""User"">NT AUTHORITY\SYSTEM</Data>
  </EventData>
</Event>
"
Microsoft-Windows-Sysmon/Operational,,,WinDev2309Eval,36:44.4,,,,,,,,,11,1218,,,,C:\Windows\Microsoft.NET\Framework64\v4.0.30319\mscorsvw.exe,,,0x8000000000000000,4,,,,,0,,,,,,,{f57bd86a-0ce2-6582-cc04-000000000b00},10484,10136.0,,,,,,DLL,,,,,,,,,,,,,2023-12-19T21:36:44.3939650Z,C:\Windows\assembly\NativeImages_v4.0.30319_64\Temp\2798-0\PresentationFramework.dll,,,,,,11,,10592,NT AUTHORITY\SYSTEM,S-1-5-18,36:44.4,2.0,"<Event xmlns=""http://schemas.microsoft.com/win/2004/08/events/event"">
  <System>
    <Provider Name=""Microsoft-Windows-Sysmon"" Guid=""{5770385f-c22a-43e0-bf4c-06f5698ffbd9}""/>
    <EventID>11</EventID>
    <Version>2</Version>
    <Level>4</Level>
    <Task>11</Task>
    <Opcode>0</Opcode>
    <Keywords>0x8000000000000000</Keywords>
    <TimeCreated SystemTime=""2023-12-19T21:36:44.3939650Z""/>
    <EventRecordID>1218</EventRecordID>
    <Correlation/>
    <Execution ProcessID=""10484"" ThreadID=""10592""/>
    <Channel>Microsoft-Windows-Sysmon/Operational</Channel>
    <Computer>WinDev2309Eval</Computer>
    <Security UserID=""S-1-5-18""/>
  </System>
  <EventData>
    <Data Name=""RuleName"">DLL</Data>
    <Data Name=""UtcTime"">2023-12-19 21:36:44.390</Data>
    <Data Name=""ProcessGuid"">{f57bd86a-0ce2-6582-cc04-000000000b00}</Data>
    <Data Name=""ProcessId"">10136</Data>
    <Data Name=""Image"">C:\Windows\Microsoft.NET\Framework64\v4.0.30319\mscorsvw.exe</Data>
    <Data Name=""TargetFilename"">C:\Windows\assembly\NativeImages_v4.0.30319_64\Temp\2798-0\PresentationFramework.dll</Data>
    <Data Name=""CreationUtcTime"">2023-12-19 21:36:44.390</Data>
    <Data Name=""User"">NT AUTHORITY\SYSTEM</Data>
  </EventData>
</Event>
"
