Channel,CommandLine,Company,Computer,CreationUtcTime,CurrentDirectory,Description,DestinationHostname,DestinationIp,DestinationIsIpv6,DestinationPort,DestinationPortName,Details,EventID,EventRecordID,EventType,FileVersion,Hashes,Image,Initiated,IntegrityLevel,Keywords,Level,LogonGuid,LogonId,Message,NewThreadId,Opcode,OriginalFileName,ParentCommandLine,ParentImage,ParentProcessGuid,ParentProcessId,ParentUser,ProcessGuid,ProcessID,ProcessId,Product,Protocol,QueryName,QueryResults,QueryStatus,RuleName,SourceHostname,SourceImage,SourceIp,SourceIsIpv6,SourcePort,SourcePortName,SourceProcessGuid,SourceProcessId,SourceUser,StartAddress,StartFunction,StartModule,SystemTime,TargetFilename,TargetImage,TargetObject,TargetProcessGuid,TargetProcessId,TargetUser,Task,TerminalSessionId,ThreadID,User,UserID,UtcTime,Version,raw
Microsoft-Windows-Sysmon/Operational,,,WinDev2309Eval,,,,,,,,,,22,6167,,,,C:\Program Files\WindowsApps\Microsoft.MicrosoftSolitaireCollection_4.18.11210.0_x64__8wekyb3d8bbwe\Solitaire.exe,,,0x8000000000000000,4,,,,,0,,,,,,,{f57bd86a-fa60-6583-be04-000000000d00},3400,2080.0,,,solitaireevents.microsoftcasualgames.com,type: 5 mcg-solitaireevents.trafficmanager.net;::ffff:23.100.81.158;,0.0,-,,,,,,,,,,,,,2023-12-21T08:43:21.2093846Z,,,,,,,22,,4220,WINDEV2309EVAL\User,S-1-5-18,11:49.1,5.0,"<Event xmlns=""http://schemas.microsoft.com/win/2004/08/events/event"">
  <System>
    <Provider Name=""Microsoft-Windows-Sysmon"" Guid=""{5770385f-c22a-43e0-bf4c-06f5698ffbd9}""/>
    <EventID>22</EventID>
    <Version>5</Version>
    <Level>4</Level>
    <Task>22</Task>
    <Opcode>0</Opcode>
    <Keywords>0x8000000000000000</Keywords>
    <TimeCreated SystemTime=""2023-12-21T08:43:21.2093846Z""/>
    <EventRecordID>6167</EventRecordID>
    <Correlation/>
    <Execution ProcessID=""3400"" ThreadID=""4220""/>
    <Channel>Microsoft-Windows-Sysmon/Operational</Channel>
    <Computer>WinDev2309Eval</Computer>
    <Security UserID=""S-1-5-18""/>
  </System>
  <EventData>
    <Data Name=""RuleName"">-</Data>
    <Data Name=""UtcTime"">2023-12-20 17:11:49.077</Data>
    <Data Name=""ProcessGuid"">{f57bd86a-fa60-6583-be04-000000000d00}</Data>
    <Data Name=""ProcessId"">2080</Data>
    <Data Name=""QueryName"">solitaireevents.microsoftcasualgames.com</Data>
    <Data Name=""QueryStatus"">0</Data>
    <Data Name=""QueryResults"">type: 5 mcg-solitaireevents.trafficmanager.net;::ffff:23.100.81.158;</Data>
    <Data Name=""Image"">C:\Program Files\WindowsApps\Microsoft.MicrosoftSolitaireCollection_4.18.11210.0_x64__8wekyb3d8bbwe\Solitaire.exe</Data>
    <Data Name=""User"">WINDEV2309EVAL\User</Data>
  </EventData>
</Event>
"
Microsoft-Windows-Sysmon/Operational,,,WinDev2309Eval,,,,,,,,,,22,6166,,,,C:\Program Files\WindowsApps\Microsoft.MicrosoftSolitaireCollection_4.18.11210.0_x64__8wekyb3d8bbwe\Solitaire.exe,,,0x8000000000000000,4,,,,,0,,,,,,,{f57bd86a-fa60-6583-be04-000000000d00},3400,2080.0,,,solitaireevents.microsoftcasualgames.com,type: 5 mcg-solitaireevents.trafficmanager.net;::ffff:23.100.81.158;,0.0,-,,,,,,,,,,,,,2023-12-21T08:43:21.2071545Z,,,,,,,22,,4220,WINDEV2309EVAL\User,S-1-5-18,11:49.1,5.0,"<Event xmlns=""http://schemas.microsoft.com/win/2004/08/events/event"">
  <System>
    <Provider Name=""Microsoft-Windows-Sysmon"" Guid=""{5770385f-c22a-43e0-bf4c-06f5698ffbd9}""/>
    <EventID>22</EventID>
    <Version>5</Version>
    <Level>4</Level>
    <Task>22</Task>
    <Opcode>0</Opcode>
    <Keywords>0x8000000000000000</Keywords>
    <TimeCreated SystemTime=""2023-12-21T08:43:21.2071545Z""/>
    <EventRecordID>6166</EventRecordID>
    <Correlation/>
    <Execution ProcessID=""3400"" ThreadID=""4220""/>
    <Channel>Microsoft-Windows-Sysmon/Operational</Channel>
    <Computer>WinDev2309Eval</Computer>
    <Security UserID=""S-1-5-18""/>
  </System>
  <EventData>
    <Data Name=""RuleName"">-</Data>
    <Data Name=""UtcTime"">2023-12-20 17:11:49.075</Data>
    <Data Name=""ProcessGuid"">{f57bd86a-fa60-6583-be04-000000000d00}</Data>
    <Data Name=""ProcessId"">2080</Data>
    <Data Name=""QueryName"">solitaireevents.microsoftcasualgames.com</Data>
    <Data Name=""QueryStatus"">0</Data>
    <Data Name=""QueryResults"">type: 5 mcg-solitaireevents.trafficmanager.net;::ffff:23.100.81.158;</Data>
    <Data Name=""Image"">C:\Program Files\WindowsApps\Microsoft.MicrosoftSolitaireCollection_4.18.11210.0_x64__8wekyb3d8bbwe\Solitaire.exe</Data>
    <Data Name=""User"">WINDEV2309EVAL\User</Data>
  </EventData>
</Event>
"
Microsoft-Windows-Sysmon/Operational,,,WinDev2309Eval,,,,,,,,,,22,6165,,,,C:\Program Files\WindowsApps\Microsoft.MicrosoftSolitaireCollection_4.18.11210.0_x64__8wekyb3d8bbwe\Solitaire.exe,,,0x8000000000000000,4,,,,,0,,,,,,,{f57bd86a-fa60-6583-be04-000000000d00},3400,2080.0,,,solitaireevents.microsoftcasualgames.com,type: 5 mcg-solitaireevents.trafficmanager.net;::ffff:23.100.81.158;,0.0,-,,,,,,,,,,,,,2023-12-21T08:43:20.1856271Z,,,,,,,22,,4220,WINDEV2309EVAL\User,S-1-5-18,11:48.7,5.0,"<Event xmlns=""http://schemas.microsoft.com/win/2004/08/events/event"">
  <System>
    <Provider Name=""Microsoft-Windows-Sysmon"" Guid=""{5770385f-c22a-43e0-bf4c-06f5698ffbd9}""/>
    <EventID>22</EventID>
    <Version>5</Version>
    <Level>4</Level>
    <Task>22</Task>
    <Opcode>0</Opcode>
    <Keywords>0x8000000000000000</Keywords>
    <TimeCreated SystemTime=""2023-12-21T08:43:20.1856271Z""/>
    <EventRecordID>6165</EventRecordID>
    <Correlation/>
    <Execution ProcessID=""3400"" ThreadID=""4220""/>
    <Channel>Microsoft-Windows-Sysmon/Operational</Channel>
    <Computer>WinDev2309Eval</Computer>
    <Security UserID=""S-1-5-18""/>
  </System>
  <EventData>
    <Data Name=""RuleName"">-</Data>
    <Data Name=""UtcTime"">2023-12-20 17:11:48.668</Data>
    <Data Name=""ProcessGuid"">{f57bd86a-fa60-6583-be04-000000000d00}</Data>
    <Data Name=""ProcessId"">2080</Data>
    <Data Name=""QueryName"">solitaireevents.microsoftcasualgames.com</Data>
    <Data Name=""QueryStatus"">0</Data>
    <Data Name=""QueryResults"">type: 5 mcg-solitaireevents.trafficmanager.net;::ffff:23.100.81.158;</Data>
    <Data Name=""Image"">C:\Program Files\WindowsApps\Microsoft.MicrosoftSolitaireCollection_4.18.11210.0_x64__8wekyb3d8bbwe\Solitaire.exe</Data>
    <Data Name=""User"">WINDEV2309EVAL\User</Data>
  </EventData>
</Event>
"
Microsoft-Windows-Sysmon/Operational,,,WinDev2309Eval,,,,,,,,,,22,6164,,,,C:\Program Files\WindowsApps\Microsoft.MicrosoftSolitaireCollection_4.18.11210.0_x64__8wekyb3d8bbwe\Solitaire.exe,,,0x8000000000000000,4,,,,,0,,,,,,,{f57bd86a-fa60-6583-be04-000000000d00},3400,2080.0,,,solitaireevents.microsoftcasualgames.com,type: 5 mcg-solitaireevents.trafficmanager.net;::ffff:23.100.81.158;,0.0,-,,,,,,,,,,,,,2023-12-21T08:43:20.1840337Z,,,,,,,22,,4220,WINDEV2309EVAL\User,S-1-5-18,11:48.6,5.0,"<Event xmlns=""http://schemas.microsoft.com/win/2004/08/events/event"">
  <System>
    <Provider Name=""Microsoft-Windows-Sysmon"" Guid=""{5770385f-c22a-43e0-bf4c-06f5698ffbd9}""/>
    <EventID>22</EventID>
    <Version>5</Version>
    <Level>4</Level>
    <Task>22</Task>
    <Opcode>0</Opcode>
    <Keywords>0x8000000000000000</Keywords>
    <TimeCreated SystemTime=""2023-12-21T08:43:20.1840337Z""/>
    <EventRecordID>6164</EventRecordID>
    <Correlation/>
    <Execution ProcessID=""3400"" ThreadID=""4220""/>
    <Channel>Microsoft-Windows-Sysmon/Operational</Channel>
    <Computer>WinDev2309Eval</Computer>
    <Security UserID=""S-1-5-18""/>
  </System>
  <EventData>
    <Data Name=""RuleName"">-</Data>
    <Data Name=""UtcTime"">2023-12-20 17:11:48.649</Data>
    <Data Name=""ProcessGuid"">{f57bd86a-fa60-6583-be04-000000000d00}</Data>
    <Data Name=""ProcessId"">2080</Data>
    <Data Name=""QueryName"">solitaireevents.microsoftcasualgames.com</Data>
    <Data Name=""QueryStatus"">0</Data>
    <Data Name=""QueryResults"">type: 5 mcg-solitaireevents.trafficmanager.net;::ffff:23.100.81.158;</Data>
    <Data Name=""Image"">C:\Program Files\WindowsApps\Microsoft.MicrosoftSolitaireCollection_4.18.11210.0_x64__8wekyb3d8bbwe\Solitaire.exe</Data>
    <Data Name=""User"">WINDEV2309EVAL\User</Data>
  </EventData>
</Event>
"
Microsoft-Windows-Sysmon/Operational,,,WinDev2309Eval,,,,,,,,,,22,6163,,,,C:\Program Files\WindowsApps\Microsoft.MicrosoftSolitaireCollection_4.18.11210.0_x64__8wekyb3d8bbwe\Solitaire.exe,,,0x8000000000000000,4,,,,,0,,,,,,,{f57bd86a-fa60-6583-be04-000000000d00},3400,2080.0,,,download-ssl.msgamestudios.com,type: 5 download-ssl.msgamestudios.com-san.edgekey.net;type: 5 e85734.dscd.akamaiedge.net;::ffff:95.101.143.233;::ffff:95.101.143.240;,0.0,-,,,,,,,,,,,,,2023-12-21T08:43:15.2248659Z,,,,,,,22,,4220,WINDEV2309EVAL\User,S-1-5-18,11:42.5,5.0,"<Event xmlns=""http://schemas.microsoft.com/win/2004/08/events/event"">
  <System>
    <Provider Name=""Microsoft-Windows-Sysmon"" Guid=""{5770385f-c22a-43e0-bf4c-06f5698ffbd9}""/>
    <EventID>22</EventID>
    <Version>5</Version>
    <Level>4</Level>
    <Task>22</Task>
    <Opcode>0</Opcode>
    <Keywords>0x8000000000000000</Keywords>
    <TimeCreated SystemTime=""2023-12-21T08:43:15.2248659Z""/>
    <EventRecordID>6163</EventRecordID>
    <Correlation/>
    <Execution ProcessID=""3400"" ThreadID=""4220""/>
    <Channel>Microsoft-Windows-Sysmon/Operational</Channel>
    <Computer>WinDev2309Eval</Computer>
    <Security UserID=""S-1-5-18""/>
  </System>
  <EventData>
    <Data Name=""RuleName"">-</Data>
    <Data Name=""UtcTime"">2023-12-20 17:11:42.521</Data>
    <Data Name=""ProcessGuid"">{f57bd86a-fa60-6583-be04-000000000d00}</Data>
    <Data Name=""ProcessId"">2080</Data>
    <Data Name=""QueryName"">download-ssl.msgamestudios.com</Data>
    <Data Name=""QueryStatus"">0</Data>
    <Data Name=""QueryResults"">type: 5 download-ssl.msgamestudios.com-san.edgekey.net;type: 5 e85734.dscd.akamaiedge.net;::ffff:95.101.143.233;::ffff:95.101.143.240;</Data>
    <Data Name=""Image"">C:\Program Files\WindowsApps\Microsoft.MicrosoftSolitaireCollection_4.18.11210.0_x64__8wekyb3d8bbwe\Solitaire.exe</Data>
    <Data Name=""User"">WINDEV2309EVAL\User</Data>
  </EventData>
</Event>
"
Microsoft-Windows-Sysmon/Operational,,,WinDev2309Eval,,,,,,,,,,22,6162,,,,C:\Program Files\WindowsApps\Microsoft.MicrosoftSolitaireCollection_4.18.11210.0_x64__8wekyb3d8bbwe\Solitaire.exe,,,0x8000000000000000,4,,,,,0,,,,,,,{f57bd86a-fa60-6583-be04-000000000d00},3400,2080.0,,,download-ssl.msgamestudios.com,type: 5 download-ssl.msgamestudios.com-san.edgekey.net;type: 5 e85734.dscd.akamaiedge.net;::ffff:95.101.143.233;::ffff:95.101.143.240;,0.0,-,,,,,,,,,,,,,2023-12-21T08:43:15.2223948Z,,,,,,,22,,4220,WINDEV2309EVAL\User,S-1-5-18,11:42.5,5.0,"<Event xmlns=""http://schemas.microsoft.com/win/2004/08/events/event"">
  <System>
    <Provider Name=""Microsoft-Windows-Sysmon"" Guid=""{5770385f-c22a-43e0-bf4c-06f5698ffbd9}""/>
    <EventID>22</EventID>
    <Version>5</Version>
    <Level>4</Level>
    <Task>22</Task>
    <Opcode>0</Opcode>
    <Keywords>0x8000000000000000</Keywords>
    <TimeCreated SystemTime=""2023-12-21T08:43:15.2223948Z""/>
    <EventRecordID>6162</EventRecordID>
    <Correlation/>
    <Execution ProcessID=""3400"" ThreadID=""4220""/>
    <Channel>Microsoft-Windows-Sysmon/Operational</Channel>
    <Computer>WinDev2309Eval</Computer>
    <Security UserID=""S-1-5-18""/>
  </System>
  <EventData>
    <Data Name=""RuleName"">-</Data>
    <Data Name=""UtcTime"">2023-12-20 17:11:42.520</Data>
    <Data Name=""ProcessGuid"">{f57bd86a-fa60-6583-be04-000000000d00}</Data>
    <Data Name=""ProcessId"">2080</Data>
    <Data Name=""QueryName"">download-ssl.msgamestudios.com</Data>
    <Data Name=""QueryStatus"">0</Data>
    <Data Name=""QueryResults"">type: 5 download-ssl.msgamestudios.com-san.edgekey.net;type: 5 e85734.dscd.akamaiedge.net;::ffff:95.101.143.233;::ffff:95.101.143.240;</Data>
    <Data Name=""Image"">C:\Program Files\WindowsApps\Microsoft.MicrosoftSolitaireCollection_4.18.11210.0_x64__8wekyb3d8bbwe\Solitaire.exe</Data>
    <Data Name=""User"">WINDEV2309EVAL\User</Data>
  </EventData>
</Event>
"
Microsoft-Windows-Sysmon/Operational,,,WinDev2309Eval,,,,,,,,,,22,6161,,,,C:\Program Files\WindowsApps\Microsoft.MicrosoftSolitaireCollection_4.18.11210.0_x64__8wekyb3d8bbwe\Solitaire.exe,,,0x8000000000000000,4,,,,,0,,,,,,,{f57bd86a-fa60-6583-be04-000000000d00},3400,2080.0,,,download-ssl.msgamestudios.com,type: 5 download-ssl.msgamestudios.com-san.edgekey.net;type: 5 e85734.dscd.akamaiedge.net;::ffff:95.101.143.233;::ffff:95.101.143.240;,0.0,-,,,,,,,,,,,,,2023-12-21T08:43:15.2203272Z,,,,,,,22,,4220,WINDEV2309EVAL\User,S-1-5-18,11:42.5,5.0,"<Event xmlns=""http://schemas.microsoft.com/win/2004/08/events/event"">
  <System>
    <Provider Name=""Microsoft-Windows-Sysmon"" Guid=""{5770385f-c22a-43e0-bf4c-06f5698ffbd9}""/>
    <EventID>22</EventID>
    <Version>5</Version>
    <Level>4</Level>
    <Task>22</Task>
    <Opcode>0</Opcode>
    <Keywords>0x8000000000000000</Keywords>
    <TimeCreated SystemTime=""2023-12-21T08:43:15.2203272Z""/>
    <EventRecordID>6161</EventRecordID>
    <Correlation/>
    <Execution ProcessID=""3400"" ThreadID=""4220""/>
    <Channel>Microsoft-Windows-Sysmon/Operational</Channel>
    <Computer>WinDev2309Eval</Computer>
    <Security UserID=""S-1-5-18""/>
  </System>
  <EventData>
    <Data Name=""RuleName"">-</Data>
    <Data Name=""UtcTime"">2023-12-20 17:11:42.520</Data>
    <Data Name=""ProcessGuid"">{f57bd86a-fa60-6583-be04-000000000d00}</Data>
    <Data Name=""ProcessId"">2080</Data>
    <Data Name=""QueryName"">download-ssl.msgamestudios.com</Data>
    <Data Name=""QueryStatus"">0</Data>
    <Data Name=""QueryResults"">type: 5 download-ssl.msgamestudios.com-san.edgekey.net;type: 5 e85734.dscd.akamaiedge.net;::ffff:95.101.143.233;::ffff:95.101.143.240;</Data>
    <Data Name=""Image"">C:\Program Files\WindowsApps\Microsoft.MicrosoftSolitaireCollection_4.18.11210.0_x64__8wekyb3d8bbwe\Solitaire.exe</Data>
    <Data Name=""User"">WINDEV2309EVAL\User</Data>
  </EventData>
</Event>
"
Microsoft-Windows-Sysmon/Operational,,,WinDev2309Eval,,,,,,,,,,22,6160,,,,C:\Program Files\WindowsApps\Microsoft.MicrosoftSolitaireCollection_4.18.11210.0_x64__8wekyb3d8bbwe\Solitaire.exe,,,0x8000000000000000,4,,,,,0,,,,,,,{f57bd86a-fa60-6583-be04-000000000d00},3400,2080.0,,,download-ssl.msgamestudios.com,type: 5 download-ssl.msgamestudios.com-san.edgekey.net;type: 5 e85734.dscd.akamaiedge.net;::ffff:95.101.143.233;::ffff:95.101.143.240;,0.0,-,,,,,,,,,,,,,2023-12-21T08:43:15.2175360Z,,,,,,,22,,4220,WINDEV2309EVAL\User,S-1-5-18,11:42.5,5.0,"<Event xmlns=""http://schemas.microsoft.com/win/2004/08/events/event"">
  <System>
    <Provider Name=""Microsoft-Windows-Sysmon"" Guid=""{5770385f-c22a-43e0-bf4c-06f5698ffbd9}""/>
    <EventID>22</EventID>
    <Version>5</Version>
    <Level>4</Level>
    <Task>22</Task>
    <Opcode>0</Opcode>
    <Keywords>0x8000000000000000</Keywords>
    <TimeCreated SystemTime=""2023-12-21T08:43:15.2175360Z""/>
    <EventRecordID>6160</EventRecordID>
    <Correlation/>
    <Execution ProcessID=""3400"" ThreadID=""4220""/>
    <Channel>Microsoft-Windows-Sysmon/Operational</Channel>
    <Computer>WinDev2309Eval</Computer>
    <Security UserID=""S-1-5-18""/>
  </System>
  <EventData>
    <Data Name=""RuleName"">-</Data>
    <Data Name=""UtcTime"">2023-12-20 17:11:42.519</Data>
    <Data Name=""ProcessGuid"">{f57bd86a-fa60-6583-be04-000000000d00}</Data>
    <Data Name=""ProcessId"">2080</Data>
    <Data Name=""QueryName"">download-ssl.msgamestudios.com</Data>
    <Data Name=""QueryStatus"">0</Data>
    <Data Name=""QueryResults"">type: 5 download-ssl.msgamestudios.com-san.edgekey.net;type: 5 e85734.dscd.akamaiedge.net;::ffff:95.101.143.233;::ffff:95.101.143.240;</Data>
    <Data Name=""Image"">C:\Program Files\WindowsApps\Microsoft.MicrosoftSolitaireCollection_4.18.11210.0_x64__8wekyb3d8bbwe\Solitaire.exe</Data>
    <Data Name=""User"">WINDEV2309EVAL\User</Data>
  </EventData>
</Event>
"
Microsoft-Windows-Sysmon/Operational,,,WinDev2309Eval,,,,,,,,,,22,6159,,,,C:\Program Files\WindowsApps\Microsoft.XboxIdentityProvider_12.95.3001.0_x64__8wekyb3d8bbwe\XboxIdp.exe,,,0x8000000000000000,4,,,,,0,,,,,,,{f57bd86a-fa92-6583-d504-000000000d00},3400,13280.0,,,notice.xbox.com,type: 5 wildcard.xbox.com.edgekey.net;type: 5 e1822.dsca.akamaiedge.net;::ffff:104.102.28.75;,0.0,-,,,,,,,,,,,,,2023-12-21T08:43:01.0887832Z,,,,,,,22,,4220,WINDEV2309EVAL\User,S-1-5-18,11:28.4,5.0,"<Event xmlns=""http://schemas.microsoft.com/win/2004/08/events/event"">
  <System>
    <Provider Name=""Microsoft-Windows-Sysmon"" Guid=""{5770385f-c22a-43e0-bf4c-06f5698ffbd9}""/>
    <EventID>22</EventID>
    <Version>5</Version>
    <Level>4</Level>
    <Task>22</Task>
    <Opcode>0</Opcode>
    <Keywords>0x8000000000000000</Keywords>
    <TimeCreated SystemTime=""2023-12-21T08:43:01.0887832Z""/>
    <EventRecordID>6159</EventRecordID>
    <Correlation/>
    <Execution ProcessID=""3400"" ThreadID=""4220""/>
    <Channel>Microsoft-Windows-Sysmon/Operational</Channel>
    <Computer>WinDev2309Eval</Computer>
    <Security UserID=""S-1-5-18""/>
  </System>
  <EventData>
    <Data Name=""RuleName"">-</Data>
    <Data Name=""UtcTime"">2023-12-20 17:11:28.414</Data>
    <Data Name=""ProcessGuid"">{f57bd86a-fa92-6583-d504-000000000d00}</Data>
    <Data Name=""ProcessId"">13280</Data>
    <Data Name=""QueryName"">notice.xbox.com</Data>
    <Data Name=""QueryStatus"">0</Data>
    <Data Name=""QueryResults"">type: 5 wildcard.xbox.com.edgekey.net;type: 5 e1822.dsca.akamaiedge.net;::ffff:104.102.28.75;</Data>
    <Data Name=""Image"">C:\Program Files\WindowsApps\Microsoft.XboxIdentityProvider_12.95.3001.0_x64__8wekyb3d8bbwe\XboxIdp.exe</Data>
    <Data Name=""User"">WINDEV2309EVAL\User</Data>
  </EventData>
</Event>
"
Microsoft-Windows-Sysmon/Operational,"""C:\Windows\system32\appidcertstorecheck.exe""",Microsoft Corporation,WinDev2309Eval,,C:\Windows\system32\,AppID Certificate Store Verification Task,,,,,,,1,6158,,10.0.22621.2506 (WinBuild.160101.0800),"MD5=A3D3C1CF254BF1B45F5950EFAD6621AF,SHA256=82906ECB6EE934ED28839F127F7994A517B9D9C83746187246D6F226FB6A65E6,IMPHASH=7168353EDBE3AB24A184BB681FD55AE6",C:\Windows\System32\appidcertstorecheck.exe,,System,0x8000000000000000,4,{f57bd86a-1cf2-6582-e503-000000000000},0x3e5,,,0,AppIDCertstoreCheck.exe,C:\Windows\system32\svchost.exe -k netsvcs -p -s Schedule,C:\Windows\System32\svchost.exe,{f57bd86a-1cf3-6582-2a00-000000000d00},1940.0,NT AUTHORITY\SYSTEM,{f57bd86a-fa7b-6583-d304-000000000d00},3400,12152.0,Microsoft® Windows® Operating System,,,,,-,,,,,,,,,,,,,2023-12-21T08:42:35.7124323Z,,,,,,,1,0.0,4208,NT AUTHORITY\LOCAL SERVICE,S-1-5-18,42:35.7,5.0,"<Event xmlns=""http://schemas.microsoft.com/win/2004/08/events/event"">
  <System>
    <Provider Name=""Microsoft-Windows-Sysmon"" Guid=""{5770385f-c22a-43e0-bf4c-06f5698ffbd9}""/>
    <EventID>1</EventID>
    <Version>5</Version>
    <Level>4</Level>
    <Task>1</Task>
    <Opcode>0</Opcode>
    <Keywords>0x8000000000000000</Keywords>
    <TimeCreated SystemTime=""2023-12-21T08:42:35.7124323Z""/>
    <EventRecordID>6158</EventRecordID>
    <Correlation/>
    <Execution ProcessID=""3400"" ThreadID=""4208""/>
    <Channel>Microsoft-Windows-Sysmon/Operational</Channel>
    <Computer>WinDev2309Eval</Computer>
    <Security UserID=""S-1-5-18""/>
  </System>
  <EventData>
    <Data Name=""RuleName"">-</Data>
    <Data Name=""UtcTime"">2023-12-21 08:42:35.694</Data>
    <Data Name=""ProcessGuid"">{f57bd86a-fa7b-6583-d304-000000000d00}</Data>
    <Data Name=""ProcessId"">12152</Data>
    <Data Name=""Image"">C:\Windows\System32\appidcertstorecheck.exe</Data>
    <Data Name=""FileVersion"">10.0.22621.2506 (WinBuild.160101.0800)</Data>
    <Data Name=""Description"">AppID Certificate Store Verification Task</Data>
    <Data Name=""Product"">Microsoft&#174; Windows&#174; Operating System</Data>
    <Data Name=""Company"">Microsoft Corporation</Data>
    <Data Name=""OriginalFileName"">AppIDCertstoreCheck.exe</Data>
    <Data Name=""CommandLine"">""C:\Windows\system32\appidcertstorecheck.exe""</Data>
    <Data Name=""CurrentDirectory"">C:\Windows\system32\</Data>
    <Data Name=""User"">NT AUTHORITY\LOCAL SERVICE</Data>
    <Data Name=""LogonGuid"">{f57bd86a-1cf2-6582-e503-000000000000}</Data>
    <Data Name=""LogonId"">0x3e5</Data>
    <Data Name=""TerminalSessionId"">0</Data>
    <Data Name=""IntegrityLevel"">System</Data>
    <Data Name=""Hashes"">MD5=A3D3C1CF254BF1B45F5950EFAD6621AF,SHA256=82906ECB6EE934ED28839F127F7994A517B9D9C83746187246D6F226FB6A65E6,IMPHASH=7168353EDBE3AB24A184BB681FD55AE6</Data>
    <Data Name=""ParentProcessGuid"">{f57bd86a-1cf3-6582-2a00-000000000d00}</Data>
    <Data Name=""ParentProcessId"">1940</Data>
    <Data Name=""ParentImage"">C:\Windows\System32\svchost.exe</Data>
    <Data Name=""ParentCommandLine"">C:\Windows\system32\svchost.exe -k netsvcs -p -s Schedule</Data>
    <Data Name=""ParentUser"">NT AUTHORITY\SYSTEM</Data>
  </EventData>
</Event>
"
Microsoft-Windows-Sysmon/Operational,,,WinDev2309Eval,,,,,,,,,,22,6157,,,,C:\Program Files (x86)\Microsoft\EdgeWebView\Application\120.0.2210.77\msedgewebview2.exe,,,0x8000000000000000,4,,,,,0,,,,,,,{f57bd86a-fa63-6583-c904-000000000d00},3400,7184.0,,,wpad,-,1460.0,-,,,,,,,,,,,,,2023-12-21T08:42:33.7374879Z,,,,,,,22,,4220,WINDEV2309EVAL\User,S-1-5-18,11:00.8,5.0,"<Event xmlns=""http://schemas.microsoft.com/win/2004/08/events/event"">
  <System>
    <Provider Name=""Microsoft-Windows-Sysmon"" Guid=""{5770385f-c22a-43e0-bf4c-06f5698ffbd9}""/>
    <EventID>22</EventID>
    <Version>5</Version>
    <Level>4</Level>
    <Task>22</Task>
    <Opcode>0</Opcode>
    <Keywords>0x8000000000000000</Keywords>
    <TimeCreated SystemTime=""2023-12-21T08:42:33.7374879Z""/>
    <EventRecordID>6157</EventRecordID>
    <Correlation/>
    <Execution ProcessID=""3400"" ThreadID=""4220""/>
    <Channel>Microsoft-Windows-Sysmon/Operational</Channel>
    <Computer>WinDev2309Eval</Computer>
    <Security UserID=""S-1-5-18""/>
  </System>
  <EventData>
    <Data Name=""RuleName"">-</Data>
    <Data Name=""UtcTime"">2023-12-20 17:11:00.783</Data>
    <Data Name=""ProcessGuid"">{f57bd86a-fa63-6583-c904-000000000d00}</Data>
    <Data Name=""ProcessId"">7184</Data>
    <Data Name=""QueryName"">wpad</Data>
    <Data Name=""QueryStatus"">1460</Data>
    <Data Name=""QueryResults"">-</Data>
    <Data Name=""Image"">C:\Program Files (x86)\Microsoft\EdgeWebView\Application\120.0.2210.77\msedgewebview2.exe</Data>
    <Data Name=""User"">WINDEV2309EVAL\User</Data>
  </EventData>
</Event>
"
Microsoft-Windows-Sysmon/Operational,,,WinDev2309Eval,,,,,,,,,,22,6156,,,,C:\Program Files (x86)\Microsoft\EdgeWebView\Application\120.0.2210.77\msedgewebview2.exe,,,0x8000000000000000,4,,,,,0,,,,,,,{f57bd86a-fa63-6583-c904-000000000d00},3400,7184.0,,,wpad,-,1460.0,-,,,,,,,,,,,,,2023-12-21T08:42:32.7227959Z,,,,,,,22,,4220,WINDEV2309EVAL\User,S-1-5-18,11:00.8,5.0,"<Event xmlns=""http://schemas.microsoft.com/win/2004/08/events/event"">
  <System>
    <Provider Name=""Microsoft-Windows-Sysmon"" Guid=""{5770385f-c22a-43e0-bf4c-06f5698ffbd9}""/>
    <EventID>22</EventID>
    <Version>5</Version>
    <Level>4</Level>
    <Task>22</Task>
    <Opcode>0</Opcode>
    <Keywords>0x8000000000000000</Keywords>
    <TimeCreated SystemTime=""2023-12-21T08:42:32.7227959Z""/>
    <EventRecordID>6156</EventRecordID>
    <Correlation/>
    <Execution ProcessID=""3400"" ThreadID=""4220""/>
    <Channel>Microsoft-Windows-Sysmon/Operational</Channel>
    <Computer>WinDev2309Eval</Computer>
    <Security UserID=""S-1-5-18""/>
  </System>
  <EventData>
    <Data Name=""RuleName"">-</Data>
    <Data Name=""UtcTime"">2023-12-20 17:11:00.783</Data>
    <Data Name=""ProcessGuid"">{f57bd86a-fa63-6583-c904-000000000d00}</Data>
    <Data Name=""ProcessId"">7184</Data>
    <Data Name=""QueryName"">wpad</Data>
    <Data Name=""QueryStatus"">1460</Data>
    <Data Name=""QueryResults"">-</Data>
    <Data Name=""Image"">C:\Program Files (x86)\Microsoft\EdgeWebView\Application\120.0.2210.77\msedgewebview2.exe</Data>
    <Data Name=""User"">WINDEV2309EVAL\User</Data>
  </EventData>
</Event>
"
Microsoft-Windows-Sysmon/Operational,,,WinDev2309Eval,,,,,,,,,,22,6155,,,,C:\Program Files\WindowsApps\Microsoft.MicrosoftSolitaireCollection_4.18.11210.0_x64__8wekyb3d8bbwe\Solitaire.exe,,,0x8000000000000000,4,,,,,0,,,,,,,{f57bd86a-fa60-6583-be04-000000000d00},3400,2080.0,,,cdn-lb.vungle.com,type: 5 cdn-lb.vungle.akadns.net;type: 5 tls.vungle.edgesuite.net;type: 5 a1831.dscg2.akamai.net;::ffff:96.17.178.193;::ffff:96.17.178.192;,0.0,-,,,,,,,,,,,,,2023-12-21T08:42:27.0840904Z,,,,,,,22,,4220,WINDEV2309EVAL\User,S-1-5-18,10:54.6,5.0,"<Event xmlns=""http://schemas.microsoft.com/win/2004/08/events/event"">
  <System>
    <Provider Name=""Microsoft-Windows-Sysmon"" Guid=""{5770385f-c22a-43e0-bf4c-06f5698ffbd9}""/>
    <EventID>22</EventID>
    <Version>5</Version>
    <Level>4</Level>
    <Task>22</Task>
    <Opcode>0</Opcode>
    <Keywords>0x8000000000000000</Keywords>
    <TimeCreated SystemTime=""2023-12-21T08:42:27.0840904Z""/>
    <EventRecordID>6155</EventRecordID>
    <Correlation/>
    <Execution ProcessID=""3400"" ThreadID=""4220""/>
    <Channel>Microsoft-Windows-Sysmon/Operational</Channel>
    <Computer>WinDev2309Eval</Computer>
    <Security UserID=""S-1-5-18""/>
  </System>
  <EventData>
    <Data Name=""RuleName"">-</Data>
    <Data Name=""UtcTime"">2023-12-20 17:10:54.609</Data>
    <Data Name=""ProcessGuid"">{f57bd86a-fa60-6583-be04-000000000d00}</Data>
    <Data Name=""ProcessId"">2080</Data>
    <Data Name=""QueryName"">cdn-lb.vungle.com</Data>
    <Data Name=""QueryStatus"">0</Data>
    <Data Name=""QueryResults"">type: 5 cdn-lb.vungle.akadns.net;type: 5 tls.vungle.edgesuite.net;type: 5 a1831.dscg2.akamai.net;::ffff:96.17.178.193;::ffff:96.17.178.192;</Data>
    <Data Name=""Image"">C:\Program Files\WindowsApps\Microsoft.MicrosoftSolitaireCollection_4.18.11210.0_x64__8wekyb3d8bbwe\Solitaire.exe</Data>
    <Data Name=""User"">WINDEV2309EVAL\User</Data>
  </EventData>
</Event>
"
Microsoft-Windows-Sysmon/Operational,,,WinDev2309Eval,,,,,,,,,Binary Data,13,6154,SetValue,,,C:\Windows\System32\RuntimeBroker.exe,,,0x8000000000000000,4,,,,,0,,,,,,,{f57bd86a-fa61-6583-c104-000000000d00},3400,11312.0,,,,,,-,,,,,,,,,,,,,2023-12-21T08:42:26.4852387Z,,,HKU\S-1-5-21-2835251196-2691927458-378326815-1000\Software\Microsoft\Windows\CurrentVersion\Shell Extensions\Cached\{F81B1B56-7613-4EE4-BC05-1FAB5DE5C07E} {886D8EEB-8CF2-4446-8D02-CDBA1DBDCF99} 0xFFFF,,,,13,,4208,WINDEV2309EVAL\User,S-1-5-18,42:26.5,2.0,"<Event xmlns=""http://schemas.microsoft.com/win/2004/08/events/event"">
  <System>
    <Provider Name=""Microsoft-Windows-Sysmon"" Guid=""{5770385f-c22a-43e0-bf4c-06f5698ffbd9}""/>
    <EventID>13</EventID>
    <Version>2</Version>
    <Level>4</Level>
    <Task>13</Task>
    <Opcode>0</Opcode>
    <Keywords>0x8000000000000000</Keywords>
    <TimeCreated SystemTime=""2023-12-21T08:42:26.4852387Z""/>
    <EventRecordID>6154</EventRecordID>
    <Correlation/>
    <Execution ProcessID=""3400"" ThreadID=""4208""/>
    <Channel>Microsoft-Windows-Sysmon/Operational</Channel>
    <Computer>WinDev2309Eval</Computer>
    <Security UserID=""S-1-5-18""/>
  </System>
  <EventData>
    <Data Name=""RuleName"">-</Data>
    <Data Name=""EventType"">SetValue</Data>
    <Data Name=""UtcTime"">2023-12-21 08:42:26.480</Data>
    <Data Name=""ProcessGuid"">{f57bd86a-fa61-6583-c104-000000000d00}</Data>
    <Data Name=""ProcessId"">11312</Data>
    <Data Name=""Image"">C:\Windows\System32\RuntimeBroker.exe</Data>
    <Data Name=""TargetObject"">HKU\S-1-5-21-2835251196-2691927458-378326815-1000\Software\Microsoft\Windows\CurrentVersion\Shell Extensions\Cached\{F81B1B56-7613-4EE4-BC05-1FAB5DE5C07E} {886D8EEB-8CF2-4446-8D02-CDBA1DBDCF99} 0xFFFF</Data>
    <Data Name=""Details"">Binary Data</Data>
    <Data Name=""User"">WINDEV2309EVAL\User</Data>
  </EventData>
</Event>
"
Microsoft-Windows-Sysmon/Operational,,,WinDev2309Eval,,,,,,,,,,22,6153,,,,C:\Program Files\WindowsApps\Microsoft.MicrosoftSolitaireCollection_4.18.11210.0_x64__8wekyb3d8bbwe\Solitaire.exe,,,0x8000000000000000,4,,,,,0,,,,,,,{f57bd86a-fa60-6583-be04-000000000d00},3400,2080.0,,,solitaireevents.microsoftcasualgames.com,type: 5 mcg-solitaireevents.trafficmanager.net;::ffff:23.100.81.158;,0.0,-,,,,,,,,,,,,,2023-12-21T08:42:24.0995803Z,,,,,,,22,,4220,WINDEV2309EVAL\User,S-1-5-18,10:52.9,5.0,"<Event xmlns=""http://schemas.microsoft.com/win/2004/08/events/event"">
  <System>
    <Provider Name=""Microsoft-Windows-Sysmon"" Guid=""{5770385f-c22a-43e0-bf4c-06f5698ffbd9}""/>
    <EventID>22</EventID>
    <Version>5</Version>
    <Level>4</Level>
    <Task>22</Task>
    <Opcode>0</Opcode>
    <Keywords>0x8000000000000000</Keywords>
    <TimeCreated SystemTime=""2023-12-21T08:42:24.0995803Z""/>
    <EventRecordID>6153</EventRecordID>
    <Correlation/>
    <Execution ProcessID=""3400"" ThreadID=""4220""/>
    <Channel>Microsoft-Windows-Sysmon/Operational</Channel>
    <Computer>WinDev2309Eval</Computer>
    <Security UserID=""S-1-5-18""/>
  </System>
  <EventData>
    <Data Name=""RuleName"">-</Data>
    <Data Name=""UtcTime"">2023-12-20 17:10:52.903</Data>
    <Data Name=""ProcessGuid"">{f57bd86a-fa60-6583-be04-000000000d00}</Data>
    <Data Name=""ProcessId"">2080</Data>
    <Data Name=""QueryName"">solitaireevents.microsoftcasualgames.com</Data>
    <Data Name=""QueryStatus"">0</Data>
    <Data Name=""QueryResults"">type: 5 mcg-solitaireevents.trafficmanager.net;::ffff:23.100.81.158;</Data>
    <Data Name=""Image"">C:\Program Files\WindowsApps\Microsoft.MicrosoftSolitaireCollection_4.18.11210.0_x64__8wekyb3d8bbwe\Solitaire.exe</Data>
    <Data Name=""User"">WINDEV2309EVAL\User</Data>
  </EventData>
</Event>
"
Microsoft-Windows-Sysmon/Operational,,,WinDev2309Eval,,,,,,,,,,22,6152,,,,C:\Program Files\WindowsApps\Microsoft.MicrosoftSolitaireCollection_4.18.11210.0_x64__8wekyb3d8bbwe\Solitaire.exe,,,0x8000000000000000,4,,,,,0,,,,,,,{f57bd86a-fa60-6583-be04-000000000d00},3400,2080.0,,,solitaireevents.microsoftcasualgames.com,type: 5 mcg-solitaireevents.trafficmanager.net;::ffff:23.100.81.158;,0.0,-,,,,,,,,,,,,,2023-12-21T08:42:24.0979221Z,,,,,,,22,,4220,WINDEV2309EVAL\User,S-1-5-18,10:52.9,5.0,"<Event xmlns=""http://schemas.microsoft.com/win/2004/08/events/event"">
  <System>
    <Provider Name=""Microsoft-Windows-Sysmon"" Guid=""{5770385f-c22a-43e0-bf4c-06f5698ffbd9}""/>
    <EventID>22</EventID>
    <Version>5</Version>
    <Level>4</Level>
    <Task>22</Task>
    <Opcode>0</Opcode>
    <Keywords>0x8000000000000000</Keywords>
    <TimeCreated SystemTime=""2023-12-21T08:42:24.0979221Z""/>
    <EventRecordID>6152</EventRecordID>
    <Correlation/>
    <Execution ProcessID=""3400"" ThreadID=""4220""/>
    <Channel>Microsoft-Windows-Sysmon/Operational</Channel>
    <Computer>WinDev2309Eval</Computer>
    <Security UserID=""S-1-5-18""/>
  </System>
  <EventData>
    <Data Name=""RuleName"">-</Data>
    <Data Name=""UtcTime"">2023-12-20 17:10:52.903</Data>
    <Data Name=""ProcessGuid"">{f57bd86a-fa60-6583-be04-000000000d00}</Data>
    <Data Name=""ProcessId"">2080</Data>
    <Data Name=""QueryName"">solitaireevents.microsoftcasualgames.com</Data>
    <Data Name=""QueryStatus"">0</Data>
    <Data Name=""QueryResults"">type: 5 mcg-solitaireevents.trafficmanager.net;::ffff:23.100.81.158;</Data>
    <Data Name=""Image"">C:\Program Files\WindowsApps\Microsoft.MicrosoftSolitaireCollection_4.18.11210.0_x64__8wekyb3d8bbwe\Solitaire.exe</Data>
    <Data Name=""User"">WINDEV2309EVAL\User</Data>
  </EventData>
</Event>
"
Microsoft-Windows-Sysmon/Operational,,,WinDev2309Eval,,,,,,,,,,22,6151,,,,C:\Program Files\WindowsApps\Microsoft.MicrosoftSolitaireCollection_4.18.11210.0_x64__8wekyb3d8bbwe\Solitaire.exe,,,0x8000000000000000,4,,,,,0,,,,,,,{f57bd86a-fa60-6583-be04-000000000d00},3400,2080.0,,,solitaireevents.microsoftcasualgames.com,type: 5 mcg-solitaireevents.trafficmanager.net;::ffff:23.100.81.158;,0.0,-,,,,,,,,,,,,,2023-12-21T08:42:24.0730390Z,,,,,,,22,,4220,WINDEV2309EVAL\User,S-1-5-18,10:52.4,5.0,"<Event xmlns=""http://schemas.microsoft.com/win/2004/08/events/event"">
  <System>
    <Provider Name=""Microsoft-Windows-Sysmon"" Guid=""{5770385f-c22a-43e0-bf4c-06f5698ffbd9}""/>
    <EventID>22</EventID>
    <Version>5</Version>
    <Level>4</Level>
    <Task>22</Task>
    <Opcode>0</Opcode>
    <Keywords>0x8000000000000000</Keywords>
    <TimeCreated SystemTime=""2023-12-21T08:42:24.0730390Z""/>
    <EventRecordID>6151</EventRecordID>
    <Correlation/>
    <Execution ProcessID=""3400"" ThreadID=""4220""/>
    <Channel>Microsoft-Windows-Sysmon/Operational</Channel>
    <Computer>WinDev2309Eval</Computer>
    <Security UserID=""S-1-5-18""/>
  </System>
  <EventData>
    <Data Name=""RuleName"">-</Data>
    <Data Name=""UtcTime"">2023-12-20 17:10:52.418</Data>
    <Data Name=""ProcessGuid"">{f57bd86a-fa60-6583-be04-000000000d00}</Data>
    <Data Name=""ProcessId"">2080</Data>
    <Data Name=""QueryName"">solitaireevents.microsoftcasualgames.com</Data>
    <Data Name=""QueryStatus"">0</Data>
    <Data Name=""QueryResults"">type: 5 mcg-solitaireevents.trafficmanager.net;::ffff:23.100.81.158;</Data>
    <Data Name=""Image"">C:\Program Files\WindowsApps\Microsoft.MicrosoftSolitaireCollection_4.18.11210.0_x64__8wekyb3d8bbwe\Solitaire.exe</Data>
    <Data Name=""User"">WINDEV2309EVAL\User</Data>
  </EventData>
</Event>
"
Microsoft-Windows-Sysmon/Operational,,,WinDev2309Eval,,,,,,,,,,22,6150,,,,C:\Program Files\WindowsApps\Microsoft.MicrosoftSolitaireCollection_4.18.11210.0_x64__8wekyb3d8bbwe\Solitaire.exe,,,0x8000000000000000,4,,,,,0,,,,,,,{f57bd86a-fa60-6583-be04-000000000d00},3400,2080.0,,,solitaireevents.microsoftcasualgames.com,type: 5 mcg-solitaireevents.trafficmanager.net;::ffff:23.100.81.158;,0.0,-,,,,,,,,,,,,,2023-12-21T08:42:24.0618648Z,,,,,,,22,,4220,WINDEV2309EVAL\User,S-1-5-18,10:52.4,5.0,"<Event xmlns=""http://schemas.microsoft.com/win/2004/08/events/event"">
  <System>
    <Provider Name=""Microsoft-Windows-Sysmon"" Guid=""{5770385f-c22a-43e0-bf4c-06f5698ffbd9}""/>
    <EventID>22</EventID>
    <Version>5</Version>
    <Level>4</Level>
    <Task>22</Task>
    <Opcode>0</Opcode>
    <Keywords>0x8000000000000000</Keywords>
    <TimeCreated SystemTime=""2023-12-21T08:42:24.0618648Z""/>
    <EventRecordID>6150</EventRecordID>
    <Correlation/>
    <Execution ProcessID=""3400"" ThreadID=""4220""/>
    <Channel>Microsoft-Windows-Sysmon/Operational</Channel>
    <Computer>WinDev2309Eval</Computer>
    <Security UserID=""S-1-5-18""/>
  </System>
  <EventData>
    <Data Name=""RuleName"">-</Data>
    <Data Name=""UtcTime"">2023-12-20 17:10:52.416</Data>
    <Data Name=""ProcessGuid"">{f57bd86a-fa60-6583-be04-000000000d00}</Data>
    <Data Name=""ProcessId"">2080</Data>
    <Data Name=""QueryName"">solitaireevents.microsoftcasualgames.com</Data>
    <Data Name=""QueryStatus"">0</Data>
    <Data Name=""QueryResults"">type: 5 mcg-solitaireevents.trafficmanager.net;::ffff:23.100.81.158;</Data>
    <Data Name=""Image"">C:\Program Files\WindowsApps\Microsoft.MicrosoftSolitaireCollection_4.18.11210.0_x64__8wekyb3d8bbwe\Solitaire.exe</Data>
    <Data Name=""User"">WINDEV2309EVAL\User</Data>
  </EventData>
</Event>
"
Microsoft-Windows-Sysmon/Operational,,,WinDev2309Eval,,,,,,,,,,22,6149,,,,C:\Program Files\WindowsApps\Microsoft.MicrosoftSolitaireCollection_4.18.11210.0_x64__8wekyb3d8bbwe\Solitaire.exe,,,0x8000000000000000,4,,,,,0,,,,,,,{f57bd86a-fa60-6583-be04-000000000d00},3400,2080.0,,,adx.ads.vungle.com,::ffff:44.209.170.100;::ffff:3.229.141.229;::ffff:44.208.249.6;::ffff:34.197.92.203;::ffff:34.228.138.100;::ffff:3.209.92.56;::ffff:44.208.111.72;::ffff:44.206.139.183;,0.0,-,,,,,,,,,,,,,2023-12-21T08:42:23.0630715Z,,,,,,,22,,4220,WINDEV2309EVAL\User,S-1-5-18,10:52.1,5.0,"<Event xmlns=""http://schemas.microsoft.com/win/2004/08/events/event"">
  <System>
    <Provider Name=""Microsoft-Windows-Sysmon"" Guid=""{5770385f-c22a-43e0-bf4c-06f5698ffbd9}""/>
    <EventID>22</EventID>
    <Version>5</Version>
    <Level>4</Level>
    <Task>22</Task>
    <Opcode>0</Opcode>
    <Keywords>0x8000000000000000</Keywords>
    <TimeCreated SystemTime=""2023-12-21T08:42:23.0630715Z""/>
    <EventRecordID>6149</EventRecordID>
    <Correlation/>
    <Execution ProcessID=""3400"" ThreadID=""4220""/>
    <Channel>Microsoft-Windows-Sysmon/Operational</Channel>
    <Computer>WinDev2309Eval</Computer>
    <Security UserID=""S-1-5-18""/>
  </System>
  <EventData>
    <Data Name=""RuleName"">-</Data>
    <Data Name=""UtcTime"">2023-12-20 17:10:52.141</Data>
    <Data Name=""ProcessGuid"">{f57bd86a-fa60-6583-be04-000000000d00}</Data>
    <Data Name=""ProcessId"">2080</Data>
    <Data Name=""QueryName"">adx.ads.vungle.com</Data>
    <Data Name=""QueryStatus"">0</Data>
    <Data Name=""QueryResults"">::ffff:44.209.170.100;::ffff:3.229.141.229;::ffff:44.208.249.6;::ffff:34.197.92.203;::ffff:34.228.138.100;::ffff:3.209.92.56;::ffff:44.208.111.72;::ffff:44.206.139.183;</Data>
    <Data Name=""Image"">C:\Program Files\WindowsApps\Microsoft.MicrosoftSolitaireCollection_4.18.11210.0_x64__8wekyb3d8bbwe\Solitaire.exe</Data>
    <Data Name=""User"">WINDEV2309EVAL\User</Data>
  </EventData>
</Event>
"
Microsoft-Windows-Sysmon/Operational,,,WinDev2309Eval,,,,,,,,,,22,6148,,,,C:\Program Files (x86)\Microsoft\EdgeWebView\Application\120.0.2210.77\msedgewebview2.exe,,,0x8000000000000000,4,,,,,0,,,,,,,{f57bd86a-fa63-6583-c904-000000000d00},3400,7184.0,,,wpad,-,1460.0,-,,,,,,,,,,,,,2023-12-21T08:42:23.0606582Z,,,,,,,22,,4220,WINDEV2309EVAL\User,S-1-5-18,10:51.8,5.0,"<Event xmlns=""http://schemas.microsoft.com/win/2004/08/events/event"">
  <System>
    <Provider Name=""Microsoft-Windows-Sysmon"" Guid=""{5770385f-c22a-43e0-bf4c-06f5698ffbd9}""/>
    <EventID>22</EventID>
    <Version>5</Version>
    <Level>4</Level>
    <Task>22</Task>
    <Opcode>0</Opcode>
    <Keywords>0x8000000000000000</Keywords>
    <TimeCreated SystemTime=""2023-12-21T08:42:23.0606582Z""/>
    <EventRecordID>6148</EventRecordID>
    <Correlation/>
    <Execution ProcessID=""3400"" ThreadID=""4220""/>
    <Channel>Microsoft-Windows-Sysmon/Operational</Channel>
    <Computer>WinDev2309Eval</Computer>
    <Security UserID=""S-1-5-18""/>
  </System>
  <EventData>
    <Data Name=""RuleName"">-</Data>
    <Data Name=""UtcTime"">2023-12-20 17:10:51.830</Data>
    <Data Name=""ProcessGuid"">{f57bd86a-fa63-6583-c904-000000000d00}</Data>
    <Data Name=""ProcessId"">7184</Data>
    <Data Name=""QueryName"">wpad</Data>
    <Data Name=""QueryStatus"">1460</Data>
    <Data Name=""QueryResults"">-</Data>
    <Data Name=""Image"">C:\Program Files (x86)\Microsoft\EdgeWebView\Application\120.0.2210.77\msedgewebview2.exe</Data>
    <Data Name=""User"">WINDEV2309EVAL\User</Data>
  </EventData>
</Event>
"
Microsoft-Windows-Sysmon/Operational,,,WinDev2309Eval,,,,,,,,,,22,6147,,,,C:\Program Files (x86)\Microsoft\EdgeWebView\Application\120.0.2210.77\msedgewebview2.exe,,,0x8000000000000000,4,,,,,0,,,,,,,{f57bd86a-fa63-6583-c904-000000000d00},3400,7184.0,,,wpad,-,1460.0,-,,,,,,,,,,,,,2023-12-21T08:42:23.0588941Z,,,,,,,22,,4220,WINDEV2309EVAL\User,S-1-5-18,10:51.8,5.0,"<Event xmlns=""http://schemas.microsoft.com/win/2004/08/events/event"">
  <System>
    <Provider Name=""Microsoft-Windows-Sysmon"" Guid=""{5770385f-c22a-43e0-bf4c-06f5698ffbd9}""/>
    <EventID>22</EventID>
    <Version>5</Version>
    <Level>4</Level>
    <Task>22</Task>
    <Opcode>0</Opcode>
    <Keywords>0x8000000000000000</Keywords>
    <TimeCreated SystemTime=""2023-12-21T08:42:23.0588941Z""/>
    <EventRecordID>6147</EventRecordID>
    <Correlation/>
    <Execution ProcessID=""3400"" ThreadID=""4220""/>
    <Channel>Microsoft-Windows-Sysmon/Operational</Channel>
    <Computer>WinDev2309Eval</Computer>
    <Security UserID=""S-1-5-18""/>
  </System>
  <EventData>
    <Data Name=""RuleName"">-</Data>
    <Data Name=""UtcTime"">2023-12-20 17:10:51.830</Data>
    <Data Name=""ProcessGuid"">{f57bd86a-fa63-6583-c904-000000000d00}</Data>
    <Data Name=""ProcessId"">7184</Data>
    <Data Name=""QueryName"">wpad</Data>
    <Data Name=""QueryStatus"">1460</Data>
    <Data Name=""QueryResults"">-</Data>
    <Data Name=""Image"">C:\Program Files (x86)\Microsoft\EdgeWebView\Application\120.0.2210.77\msedgewebview2.exe</Data>
    <Data Name=""User"">WINDEV2309EVAL\User</Data>
  </EventData>
</Event>
"
Microsoft-Windows-Sysmon/Operational,,,WinDev2309Eval,,,,,,,,,,22,6146,,,,C:\Program Files\WindowsApps\Microsoft.MicrosoftSolitaireCollection_4.18.11210.0_x64__8wekyb3d8bbwe\Solitaire.exe,,,0x8000000000000000,4,,,,,0,,,,,,,{f57bd86a-fa60-6583-be04-000000000d00},3400,2080.0,,,new.ads.vungle.com,::ffff:52.0.219.129;::ffff:34.197.92.203;::ffff:44.206.221.56;::ffff:3.216.157.31;::ffff:34.231.53.90;::ffff:52.7.84.185;::ffff:34.227.43.30;::ffff:3.229.216.59;,0.0,-,,,,,,,,,,,,,2023-12-21T08:42:23.0578482Z,,,,,,,22,,4220,WINDEV2309EVAL\User,S-1-5-18,10:51.1,5.0,"<Event xmlns=""http://schemas.microsoft.com/win/2004/08/events/event"">
  <System>
    <Provider Name=""Microsoft-Windows-Sysmon"" Guid=""{5770385f-c22a-43e0-bf4c-06f5698ffbd9}""/>
    <EventID>22</EventID>
    <Version>5</Version>
    <Level>4</Level>
    <Task>22</Task>
    <Opcode>0</Opcode>
    <Keywords>0x8000000000000000</Keywords>
    <TimeCreated SystemTime=""2023-12-21T08:42:23.0578482Z""/>
    <EventRecordID>6146</EventRecordID>
    <Correlation/>
    <Execution ProcessID=""3400"" ThreadID=""4220""/>
    <Channel>Microsoft-Windows-Sysmon/Operational</Channel>
    <Computer>WinDev2309Eval</Computer>
    <Security UserID=""S-1-5-18""/>
  </System>
  <EventData>
    <Data Name=""RuleName"">-</Data>
    <Data Name=""UtcTime"">2023-12-20 17:10:51.084</Data>
    <Data Name=""ProcessGuid"">{f57bd86a-fa60-6583-be04-000000000d00}</Data>
    <Data Name=""ProcessId"">2080</Data>
    <Data Name=""QueryName"">new.ads.vungle.com</Data>
    <Data Name=""QueryStatus"">0</Data>
    <Data Name=""QueryResults"">::ffff:52.0.219.129;::ffff:34.197.92.203;::ffff:44.206.221.56;::ffff:3.216.157.31;::ffff:34.231.53.90;::ffff:52.7.84.185;::ffff:34.227.43.30;::ffff:3.229.216.59;</Data>
    <Data Name=""Image"">C:\Program Files\WindowsApps\Microsoft.MicrosoftSolitaireCollection_4.18.11210.0_x64__8wekyb3d8bbwe\Solitaire.exe</Data>
    <Data Name=""User"">WINDEV2309EVAL\User</Data>
  </EventData>
</Event>
"
