Channel,CommandLine,Company,Computer,CreationUtcTime,CurrentDirectory,Description,DestinationHostname,DestinationIp,DestinationIsIpv6,DestinationPort,DestinationPortName,Details,EventID,EventRecordID,EventType,FileVersion,Hashes,Image,Initiated,IntegrityLevel,Keywords,Level,LogonGuid,LogonId,Message,NewThreadId,Opcode,OriginalFileName,ParentCommandLine,ParentImage,ParentProcessGuid,ParentProcessId,ParentUser,ProcessGuid,ProcessID,ProcessId,Product,Protocol,QueryName,QueryResults,QueryStatus,RuleName,SourceHostname,SourceImage,SourceIp,SourceIsIpv6,SourcePort,SourcePortName,SourceProcessGuid,SourceProcessId,SourceUser,StartAddress,StartFunction,StartModule,SystemTime,TargetFilename,TargetImage,TargetObject,TargetProcessGuid,TargetProcessId,TargetUser,Task,TerminalSessionId,ThreadID,User,UserID,UtcTime,Version,raw
Microsoft-Windows-Sysmon/Operational,,,WinDev2309Eval,14:10.0,,,,,,,,,11,4759,,,,C:\Windows\system32\svchost.exe,,,0x8000000000000000,4,,,,,0,,,,,,,{f57bd86a-1d6e-6582-0e01-000000000d00},3400,9988.0,,,,,,DLL,,,,,,,,,,,,,2023-12-19T22:47:14.5796458Z,C:\Windows\SoftwareDistribution\Download\7bd97cc524ebd8114e77ca1991fbf2f3\Metadata\TurboStack.dll,,,,,,11,,4208,NT AUTHORITY\SYSTEM,S-1-5-18,47:14.6,2.0,"<Event xmlns=""http://schemas.microsoft.com/win/2004/08/events/event"">
  <System>
    <Provider Name=""Microsoft-Windows-Sysmon"" Guid=""{5770385f-c22a-43e0-bf4c-06f5698ffbd9}""/>
    <EventID>11</EventID>
    <Version>2</Version>
    <Level>4</Level>
    <Task>11</Task>
    <Opcode>0</Opcode>
    <Keywords>0x8000000000000000</Keywords>
    <TimeCreated SystemTime=""2023-12-19T22:47:14.5796458Z""/>
    <EventRecordID>4759</EventRecordID>
    <Correlation/>
    <Execution ProcessID=""3400"" ThreadID=""4208""/>
    <Channel>Microsoft-Windows-Sysmon/Operational</Channel>
    <Computer>WinDev2309Eval</Computer>
    <Security UserID=""S-1-5-18""/>
  </System>
  <EventData>
    <Data Name=""RuleName"">DLL</Data>
    <Data Name=""UtcTime"">2023-12-19 22:47:14.573</Data>
    <Data Name=""ProcessGuid"">{f57bd86a-1d6e-6582-0e01-000000000d00}</Data>
    <Data Name=""ProcessId"">9988</Data>
    <Data Name=""Image"">C:\Windows\system32\svchost.exe</Data>
    <Data Name=""TargetFilename"">C:\Windows\SoftwareDistribution\Download\7bd97cc524ebd8114e77ca1991fbf2f3\Metadata\TurboStack.dll</Data>
    <Data Name=""CreationUtcTime"">2023-12-02 04:14:10.000</Data>
    <Data Name=""User"">NT AUTHORITY\SYSTEM</Data>
  </EventData>
</Event>
"
Microsoft-Windows-Sysmon/Operational,,,WinDev2309Eval,14:28.0,,,,,,,,,11,4758,,,,C:\Windows\system32\svchost.exe,,,0x8000000000000000,4,,,,,0,,,,,,,{f57bd86a-1d6e-6582-0e01-000000000d00},3400,9988.0,,,,,,DLL,,,,,,,,,,,,,2023-12-19T22:47:14.5525600Z,C:\Windows\SoftwareDistribution\Download\7bd97cc524ebd8114e77ca1991fbf2f3\Metadata\wcp.dll,,,,,,11,,4208,NT AUTHORITY\SYSTEM,S-1-5-18,47:14.5,2.0,"<Event xmlns=""http://schemas.microsoft.com/win/2004/08/events/event"">
  <System>
    <Provider Name=""Microsoft-Windows-Sysmon"" Guid=""{5770385f-c22a-43e0-bf4c-06f5698ffbd9}""/>
    <EventID>11</EventID>
    <Version>2</Version>
    <Level>4</Level>
    <Task>11</Task>
    <Opcode>0</Opcode>
    <Keywords>0x8000000000000000</Keywords>
    <TimeCreated SystemTime=""2023-12-19T22:47:14.5525600Z""/>
    <EventRecordID>4758</EventRecordID>
    <Correlation/>
    <Execution ProcessID=""3400"" ThreadID=""4208""/>
    <Channel>Microsoft-Windows-Sysmon/Operational</Channel>
    <Computer>WinDev2309Eval</Computer>
    <Security UserID=""S-1-5-18""/>
  </System>
  <EventData>
    <Data Name=""RuleName"">DLL</Data>
    <Data Name=""UtcTime"">2023-12-19 22:47:14.542</Data>
    <Data Name=""ProcessGuid"">{f57bd86a-1d6e-6582-0e01-000000000d00}</Data>
    <Data Name=""ProcessId"">9988</Data>
    <Data Name=""Image"">C:\Windows\system32\svchost.exe</Data>
    <Data Name=""TargetFilename"">C:\Windows\SoftwareDistribution\Download\7bd97cc524ebd8114e77ca1991fbf2f3\Metadata\wcp.dll</Data>
    <Data Name=""CreationUtcTime"">2023-12-02 04:14:28.000</Data>
    <Data Name=""User"">NT AUTHORITY\SYSTEM</Data>
  </EventData>
</Event>
"
Microsoft-Windows-Sysmon/Operational,,,WinDev2309Eval,21:42.0,,,,,,,,,11,4757,,,,C:\Windows\system32\svchost.exe,,,0x8000000000000000,4,,,,,0,,,,,,,{f57bd86a-1d6e-6582-0e01-000000000d00},3400,9988.0,,,,,,DLL,,,,,,,,,,,,,2023-12-19T22:47:14.5503134Z,C:\Windows\SoftwareDistribution\Download\7bd97cc524ebd8114e77ca1991fbf2f3\Metadata\UAOneSettings.dll,,,,,,11,,4208,NT AUTHORITY\SYSTEM,S-1-5-18,47:14.5,2.0,"<Event xmlns=""http://schemas.microsoft.com/win/2004/08/events/event"">
  <System>
    <Provider Name=""Microsoft-Windows-Sysmon"" Guid=""{5770385f-c22a-43e0-bf4c-06f5698ffbd9}""/>
    <EventID>11</EventID>
    <Version>2</Version>
    <Level>4</Level>
    <Task>11</Task>
    <Opcode>0</Opcode>
    <Keywords>0x8000000000000000</Keywords>
    <TimeCreated SystemTime=""2023-12-19T22:47:14.5503134Z""/>
    <EventRecordID>4757</EventRecordID>
    <Correlation/>
    <Execution ProcessID=""3400"" ThreadID=""4208""/>
    <Channel>Microsoft-Windows-Sysmon/Operational</Channel>
    <Computer>WinDev2309Eval</Computer>
    <Security UserID=""S-1-5-18""/>
  </System>
  <EventData>
    <Data Name=""RuleName"">DLL</Data>
    <Data Name=""UtcTime"">2023-12-19 22:47:14.542</Data>
    <Data Name=""ProcessGuid"">{f57bd86a-1d6e-6582-0e01-000000000d00}</Data>
    <Data Name=""ProcessId"">9988</Data>
    <Data Name=""Image"">C:\Windows\system32\svchost.exe</Data>
    <Data Name=""TargetFilename"">C:\Windows\SoftwareDistribution\Download\7bd97cc524ebd8114e77ca1991fbf2f3\Metadata\UAOneSettings.dll</Data>
    <Data Name=""CreationUtcTime"">2023-12-02 04:21:42.000</Data>
    <Data Name=""User"">NT AUTHORITY\SYSTEM</Data>
  </EventData>
</Event>
"
Microsoft-Windows-Sysmon/Operational,,,WinDev2309Eval,04:50.0,,,,,,,,,11,4756,,,,C:\Windows\system32\svchost.exe,,,0x8000000000000000,4,,,,,0,,,,,,,{f57bd86a-1d6e-6582-0e01-000000000d00},3400,9988.0,,,,,,DLL,,,,,,,,,,,,,2023-12-19T22:47:14.5466874Z,C:\Windows\SoftwareDistribution\Download\7bd97cc524ebd8114e77ca1991fbf2f3\Metadata\Mitigation.dll,,,,,,11,,4208,NT AUTHORITY\SYSTEM,S-1-5-18,47:14.5,2.0,"<Event xmlns=""http://schemas.microsoft.com/win/2004/08/events/event"">
  <System>
    <Provider Name=""Microsoft-Windows-Sysmon"" Guid=""{5770385f-c22a-43e0-bf4c-06f5698ffbd9}""/>
    <EventID>11</EventID>
    <Version>2</Version>
    <Level>4</Level>
    <Task>11</Task>
    <Opcode>0</Opcode>
    <Keywords>0x8000000000000000</Keywords>
    <TimeCreated SystemTime=""2023-12-19T22:47:14.5466874Z""/>
    <EventRecordID>4756</EventRecordID>
    <Correlation/>
    <Execution ProcessID=""3400"" ThreadID=""4208""/>
    <Channel>Microsoft-Windows-Sysmon/Operational</Channel>
    <Computer>WinDev2309Eval</Computer>
    <Security UserID=""S-1-5-18""/>
  </System>
  <EventData>
    <Data Name=""RuleName"">DLL</Data>
    <Data Name=""UtcTime"">2023-12-19 22:47:14.542</Data>
    <Data Name=""ProcessGuid"">{f57bd86a-1d6e-6582-0e01-000000000d00}</Data>
    <Data Name=""ProcessId"">9988</Data>
    <Data Name=""Image"">C:\Windows\system32\svchost.exe</Data>
    <Data Name=""TargetFilename"">C:\Windows\SoftwareDistribution\Download\7bd97cc524ebd8114e77ca1991fbf2f3\Metadata\Mitigation.dll</Data>
    <Data Name=""CreationUtcTime"">2023-12-02 10:04:50.000</Data>
    <Data Name=""User"">NT AUTHORITY\SYSTEM</Data>
  </EventData>
</Event>
"
Microsoft-Windows-Sysmon/Operational,,,WinDev2309Eval,13:54.0,,,,,,,,,11,4755,,,,C:\Windows\system32\svchost.exe,,,0x8000000000000000,4,,,,,0,,,,,,,{f57bd86a-1d6e-6582-0e01-000000000d00},3400,9988.0,,,,,,DLL,,,,,,,,,,,,,2023-12-19T22:47:14.5403572Z,C:\Windows\SoftwareDistribution\Download\7bd97cc524ebd8114e77ca1991fbf2f3\Metadata\dpx.dll,,,,,,11,,4208,NT AUTHORITY\SYSTEM,S-1-5-18,47:14.5,2.0,"<Event xmlns=""http://schemas.microsoft.com/win/2004/08/events/event"">
  <System>
    <Provider Name=""Microsoft-Windows-Sysmon"" Guid=""{5770385f-c22a-43e0-bf4c-06f5698ffbd9}""/>
    <EventID>11</EventID>
    <Version>2</Version>
    <Level>4</Level>
    <Task>11</Task>
    <Opcode>0</Opcode>
    <Keywords>0x8000000000000000</Keywords>
    <TimeCreated SystemTime=""2023-12-19T22:47:14.5403572Z""/>
    <EventRecordID>4755</EventRecordID>
    <Correlation/>
    <Execution ProcessID=""3400"" ThreadID=""4208""/>
    <Channel>Microsoft-Windows-Sysmon/Operational</Channel>
    <Computer>WinDev2309Eval</Computer>
    <Security UserID=""S-1-5-18""/>
  </System>
  <EventData>
    <Data Name=""RuleName"">DLL</Data>
    <Data Name=""UtcTime"">2023-12-19 22:47:14.526</Data>
    <Data Name=""ProcessGuid"">{f57bd86a-1d6e-6582-0e01-000000000d00}</Data>
    <Data Name=""ProcessId"">9988</Data>
    <Data Name=""Image"">C:\Windows\system32\svchost.exe</Data>
    <Data Name=""TargetFilename"">C:\Windows\SoftwareDistribution\Download\7bd97cc524ebd8114e77ca1991fbf2f3\Metadata\dpx.dll</Data>
    <Data Name=""CreationUtcTime"">2023-12-02 04:13:54.000</Data>
    <Data Name=""User"">NT AUTHORITY\SYSTEM</Data>
  </EventData>
</Event>
"
Microsoft-Windows-Sysmon/Operational,,,WinDev2309Eval,13:52.0,,,,,,,,,11,4754,,,,C:\Windows\system32\svchost.exe,,,0x8000000000000000,4,,,,,0,,,,,,,{f57bd86a-1d6e-6582-0e01-000000000d00},3400,9988.0,,,,,,DLL,,,,,,,,,,,,,2023-12-19T22:47:14.5175736Z,C:\Windows\SoftwareDistribution\Download\7bd97cc524ebd8114e77ca1991fbf2f3\Metadata\UpdateAgent.dll,,,,,,11,,4208,NT AUTHORITY\SYSTEM,S-1-5-18,47:14.5,2.0,"<Event xmlns=""http://schemas.microsoft.com/win/2004/08/events/event"">
  <System>
    <Provider Name=""Microsoft-Windows-Sysmon"" Guid=""{5770385f-c22a-43e0-bf4c-06f5698ffbd9}""/>
    <EventID>11</EventID>
    <Version>2</Version>
    <Level>4</Level>
    <Task>11</Task>
    <Opcode>0</Opcode>
    <Keywords>0x8000000000000000</Keywords>
    <TimeCreated SystemTime=""2023-12-19T22:47:14.5175736Z""/>
    <EventRecordID>4754</EventRecordID>
    <Correlation/>
    <Execution ProcessID=""3400"" ThreadID=""4208""/>
    <Channel>Microsoft-Windows-Sysmon/Operational</Channel>
    <Computer>WinDev2309Eval</Computer>
    <Security UserID=""S-1-5-18""/>
  </System>
  <EventData>
    <Data Name=""RuleName"">DLL</Data>
    <Data Name=""UtcTime"">2023-12-19 22:47:14.511</Data>
    <Data Name=""ProcessGuid"">{f57bd86a-1d6e-6582-0e01-000000000d00}</Data>
    <Data Name=""ProcessId"">9988</Data>
    <Data Name=""Image"">C:\Windows\system32\svchost.exe</Data>
    <Data Name=""TargetFilename"">C:\Windows\SoftwareDistribution\Download\7bd97cc524ebd8114e77ca1991fbf2f3\Metadata\UpdateAgent.dll</Data>
    <Data Name=""CreationUtcTime"">2023-12-02 04:13:52.000</Data>
    <Data Name=""User"">NT AUTHORITY\SYSTEM</Data>
  </EventData>
</Event>
"
Microsoft-Windows-Sysmon/Operational,,,WinDev2309Eval,35:48.0,,,,,,,,,11,4753,,,,C:\Windows\system32\svchost.exe,,,0x8000000000000000,4,,,,,0,,,,,,,{f57bd86a-1d6e-6582-0e01-000000000d00},3400,9988.0,,,,,,DLL,,,,,,,,,,,,,2023-12-19T22:47:13.3659220Z,C:\Windows\SoftwareDistribution\Download\7bd97cc524ebd8114e77ca1991fbf2f3\Metadata\AppxDeviceInventory.dll,,,,,,11,,4208,NT AUTHORITY\SYSTEM,S-1-5-18,47:13.4,2.0,"<Event xmlns=""http://schemas.microsoft.com/win/2004/08/events/event"">
  <System>
    <Provider Name=""Microsoft-Windows-Sysmon"" Guid=""{5770385f-c22a-43e0-bf4c-06f5698ffbd9}""/>
    <EventID>11</EventID>
    <Version>2</Version>
    <Level>4</Level>
    <Task>11</Task>
    <Opcode>0</Opcode>
    <Keywords>0x8000000000000000</Keywords>
    <TimeCreated SystemTime=""2023-12-19T22:47:13.3659220Z""/>
    <EventRecordID>4753</EventRecordID>
    <Correlation/>
    <Execution ProcessID=""3400"" ThreadID=""4208""/>
    <Channel>Microsoft-Windows-Sysmon/Operational</Channel>
    <Computer>WinDev2309Eval</Computer>
    <Security UserID=""S-1-5-18""/>
  </System>
  <EventData>
    <Data Name=""RuleName"">DLL</Data>
    <Data Name=""UtcTime"">2023-12-19 22:47:13.364</Data>
    <Data Name=""ProcessGuid"">{f57bd86a-1d6e-6582-0e01-000000000d00}</Data>
    <Data Name=""ProcessId"">9988</Data>
    <Data Name=""Image"">C:\Windows\system32\svchost.exe</Data>
    <Data Name=""TargetFilename"">C:\Windows\SoftwareDistribution\Download\7bd97cc524ebd8114e77ca1991fbf2f3\Metadata\AppxDeviceInventory.dll</Data>
    <Data Name=""CreationUtcTime"">2023-12-02 04:35:48.000</Data>
    <Data Name=""User"">NT AUTHORITY\SYSTEM</Data>
  </EventData>
</Event>
"
Microsoft-Windows-Sysmon/Operational,,,WinDev2309Eval,13:16.0,,,,,,,,,11,4752,,,,C:\Windows\system32\svchost.exe,,,0x8000000000000000,4,,,,,0,,,,,,,{f57bd86a-1d6e-6582-0e01-000000000d00},3400,9988.0,,,,,,DLL,,,,,,,,,,,,,2023-12-19T22:47:13.3604801Z,C:\Windows\SoftwareDistribution\Download\7bd97cc524ebd8114e77ca1991fbf2f3\Metadata\UpdateDeploy.dll,,,,,,11,,4208,NT AUTHORITY\SYSTEM,S-1-5-18,47:13.3,2.0,"<Event xmlns=""http://schemas.microsoft.com/win/2004/08/events/event"">
  <System>
    <Provider Name=""Microsoft-Windows-Sysmon"" Guid=""{5770385f-c22a-43e0-bf4c-06f5698ffbd9}""/>
    <EventID>11</EventID>
    <Version>2</Version>
    <Level>4</Level>
    <Task>11</Task>
    <Opcode>0</Opcode>
    <Keywords>0x8000000000000000</Keywords>
    <TimeCreated SystemTime=""2023-12-19T22:47:13.3604801Z""/>
    <EventRecordID>4752</EventRecordID>
    <Correlation/>
    <Execution ProcessID=""3400"" ThreadID=""4208""/>
    <Channel>Microsoft-Windows-Sysmon/Operational</Channel>
    <Computer>WinDev2309Eval</Computer>
    <Security UserID=""S-1-5-18""/>
  </System>
  <EventData>
    <Data Name=""RuleName"">DLL</Data>
    <Data Name=""UtcTime"">2023-12-19 22:47:13.348</Data>
    <Data Name=""ProcessGuid"">{f57bd86a-1d6e-6582-0e01-000000000d00}</Data>
    <Data Name=""ProcessId"">9988</Data>
    <Data Name=""Image"">C:\Windows\system32\svchost.exe</Data>
    <Data Name=""TargetFilename"">C:\Windows\SoftwareDistribution\Download\7bd97cc524ebd8114e77ca1991fbf2f3\Metadata\UpdateDeploy.dll</Data>
    <Data Name=""CreationUtcTime"">2023-12-02 04:13:16.000</Data>
    <Data Name=""User"">NT AUTHORITY\SYSTEM</Data>
  </EventData>
</Event>
"
Microsoft-Windows-Sysmon/Operational,,,WinDev2309Eval,56:52.0,,,,,,,,,11,4751,,,,C:\Windows\system32\svchost.exe,,,0x8000000000000000,4,,,,,0,,,,,,,{f57bd86a-1d6e-6582-0e01-000000000d00},3400,9988.0,,,,,,DLL,,,,,,,,,,,,,2023-12-19T22:47:13.3555702Z,C:\Windows\SoftwareDistribution\Download\7bd97cc524ebd8114e77ca1991fbf2f3\Metadata\WinREAgent.dll,,,,,,11,,4208,NT AUTHORITY\SYSTEM,S-1-5-18,47:13.3,2.0,"<Event xmlns=""http://schemas.microsoft.com/win/2004/08/events/event"">
  <System>
    <Provider Name=""Microsoft-Windows-Sysmon"" Guid=""{5770385f-c22a-43e0-bf4c-06f5698ffbd9}""/>
    <EventID>11</EventID>
    <Version>2</Version>
    <Level>4</Level>
    <Task>11</Task>
    <Opcode>0</Opcode>
    <Keywords>0x8000000000000000</Keywords>
    <TimeCreated SystemTime=""2023-12-19T22:47:13.3555702Z""/>
    <EventRecordID>4751</EventRecordID>
    <Correlation/>
    <Execution ProcessID=""3400"" ThreadID=""4208""/>
    <Channel>Microsoft-Windows-Sysmon/Operational</Channel>
    <Computer>WinDev2309Eval</Computer>
    <Security UserID=""S-1-5-18""/>
  </System>
  <EventData>
    <Data Name=""RuleName"">DLL</Data>
    <Data Name=""UtcTime"">2023-12-19 22:47:13.348</Data>
    <Data Name=""ProcessGuid"">{f57bd86a-1d6e-6582-0e01-000000000d00}</Data>
    <Data Name=""ProcessId"">9988</Data>
    <Data Name=""Image"">C:\Windows\system32\svchost.exe</Data>
    <Data Name=""TargetFilename"">C:\Windows\SoftwareDistribution\Download\7bd97cc524ebd8114e77ca1991fbf2f3\Metadata\WinREAgent.dll</Data>
    <Data Name=""CreationUtcTime"">2023-12-02 09:56:52.000</Data>
    <Data Name=""User"">NT AUTHORITY\SYSTEM</Data>
  </EventData>
</Event>
"
Microsoft-Windows-Sysmon/Operational,,,WinDev2309Eval,14:20.0,,,,,,,,,11,4750,,,,C:\Windows\system32\svchost.exe,,,0x8000000000000000,4,,,,,0,,,,,,,{f57bd86a-1d6e-6582-0e01-000000000d00},3400,9988.0,,,,,,DLL,,,,,,,,,,,,,2023-12-19T22:47:13.3523622Z,C:\Windows\SoftwareDistribution\Download\7bd97cc524ebd8114e77ca1991fbf2f3\Metadata\ReserveManager.dll,,,,,,11,,4208,NT AUTHORITY\SYSTEM,S-1-5-18,47:13.3,2.0,"<Event xmlns=""http://schemas.microsoft.com/win/2004/08/events/event"">
  <System>
    <Provider Name=""Microsoft-Windows-Sysmon"" Guid=""{5770385f-c22a-43e0-bf4c-06f5698ffbd9}""/>
    <EventID>11</EventID>
    <Version>2</Version>
    <Level>4</Level>
    <Task>11</Task>
    <Opcode>0</Opcode>
    <Keywords>0x8000000000000000</Keywords>
    <TimeCreated SystemTime=""2023-12-19T22:47:13.3523622Z""/>
    <EventRecordID>4750</EventRecordID>
    <Correlation/>
    <Execution ProcessID=""3400"" ThreadID=""4208""/>
    <Channel>Microsoft-Windows-Sysmon/Operational</Channel>
    <Computer>WinDev2309Eval</Computer>
    <Security UserID=""S-1-5-18""/>
  </System>
  <EventData>
    <Data Name=""RuleName"">DLL</Data>
    <Data Name=""UtcTime"">2023-12-19 22:47:13.348</Data>
    <Data Name=""ProcessGuid"">{f57bd86a-1d6e-6582-0e01-000000000d00}</Data>
    <Data Name=""ProcessId"">9988</Data>
    <Data Name=""Image"">C:\Windows\system32\svchost.exe</Data>
    <Data Name=""TargetFilename"">C:\Windows\SoftwareDistribution\Download\7bd97cc524ebd8114e77ca1991fbf2f3\Metadata\ReserveManager.dll</Data>
    <Data Name=""CreationUtcTime"">2023-12-02 04:14:20.000</Data>
    <Data Name=""User"">NT AUTHORITY\SYSTEM</Data>
  </EventData>
</Event>
"
Microsoft-Windows-Sysmon/Operational,,,WinDev2309Eval,14:10.0,,,,,,,,,11,4749,,,,C:\Windows\system32\svchost.exe,,,0x8000000000000000,4,,,,,0,,,,,,,{f57bd86a-1d6e-6582-0e01-000000000d00},3400,9988.0,,,,,,DLL,,,,,,,,,,,,,2023-12-19T22:47:13.3412442Z,C:\Windows\SoftwareDistribution\Download\7bd97cc524ebd8114e77ca1991fbf2f3\Metadata\TurboStack.dll,,,,,,11,,4208,NT AUTHORITY\SYSTEM,S-1-5-18,47:13.3,2.0,"<Event xmlns=""http://schemas.microsoft.com/win/2004/08/events/event"">
  <System>
    <Provider Name=""Microsoft-Windows-Sysmon"" Guid=""{5770385f-c22a-43e0-bf4c-06f5698ffbd9}""/>
    <EventID>11</EventID>
    <Version>2</Version>
    <Level>4</Level>
    <Task>11</Task>
    <Opcode>0</Opcode>
    <Keywords>0x8000000000000000</Keywords>
    <TimeCreated SystemTime=""2023-12-19T22:47:13.3412442Z""/>
    <EventRecordID>4749</EventRecordID>
    <Correlation/>
    <Execution ProcessID=""3400"" ThreadID=""4208""/>
    <Channel>Microsoft-Windows-Sysmon/Operational</Channel>
    <Computer>WinDev2309Eval</Computer>
    <Security UserID=""S-1-5-18""/>
  </System>
  <EventData>
    <Data Name=""RuleName"">DLL</Data>
    <Data Name=""UtcTime"">2023-12-19 22:47:13.333</Data>
    <Data Name=""ProcessGuid"">{f57bd86a-1d6e-6582-0e01-000000000d00}</Data>
    <Data Name=""ProcessId"">9988</Data>
    <Data Name=""Image"">C:\Windows\system32\svchost.exe</Data>
    <Data Name=""TargetFilename"">C:\Windows\SoftwareDistribution\Download\7bd97cc524ebd8114e77ca1991fbf2f3\Metadata\TurboStack.dll</Data>
    <Data Name=""CreationUtcTime"">2023-12-02 04:14:10.000</Data>
    <Data Name=""User"">NT AUTHORITY\SYSTEM</Data>
  </EventData>
</Event>
"
Microsoft-Windows-Sysmon/Operational,,,WinDev2309Eval,14:28.0,,,,,,,,,11,4748,,,,C:\Windows\system32\svchost.exe,,,0x8000000000000000,4,,,,,0,,,,,,,{f57bd86a-1d6e-6582-0e01-000000000d00},3400,9988.0,,,,,,DLL,,,,,,,,,,,,,2023-12-19T22:47:13.3134970Z,C:\Windows\SoftwareDistribution\Download\7bd97cc524ebd8114e77ca1991fbf2f3\Metadata\wcp.dll,,,,,,11,,4208,NT AUTHORITY\SYSTEM,S-1-5-18,47:13.3,2.0,"<Event xmlns=""http://schemas.microsoft.com/win/2004/08/events/event"">
  <System>
    <Provider Name=""Microsoft-Windows-Sysmon"" Guid=""{5770385f-c22a-43e0-bf4c-06f5698ffbd9}""/>
    <EventID>11</EventID>
    <Version>2</Version>
    <Level>4</Level>
    <Task>11</Task>
    <Opcode>0</Opcode>
    <Keywords>0x8000000000000000</Keywords>
    <TimeCreated SystemTime=""2023-12-19T22:47:13.3134970Z""/>
    <EventRecordID>4748</EventRecordID>
    <Correlation/>
    <Execution ProcessID=""3400"" ThreadID=""4208""/>
    <Channel>Microsoft-Windows-Sysmon/Operational</Channel>
    <Computer>WinDev2309Eval</Computer>
    <Security UserID=""S-1-5-18""/>
  </System>
  <EventData>
    <Data Name=""RuleName"">DLL</Data>
    <Data Name=""UtcTime"">2023-12-19 22:47:13.302</Data>
    <Data Name=""ProcessGuid"">{f57bd86a-1d6e-6582-0e01-000000000d00}</Data>
    <Data Name=""ProcessId"">9988</Data>
    <Data Name=""Image"">C:\Windows\system32\svchost.exe</Data>
    <Data Name=""TargetFilename"">C:\Windows\SoftwareDistribution\Download\7bd97cc524ebd8114e77ca1991fbf2f3\Metadata\wcp.dll</Data>
    <Data Name=""CreationUtcTime"">2023-12-02 04:14:28.000</Data>
    <Data Name=""User"">NT AUTHORITY\SYSTEM</Data>
  </EventData>
</Event>
"
Microsoft-Windows-Sysmon/Operational,,,WinDev2309Eval,21:42.0,,,,,,,,,11,4747,,,,C:\Windows\system32\svchost.exe,,,0x8000000000000000,4,,,,,0,,,,,,,{f57bd86a-1d6e-6582-0e01-000000000d00},3400,9988.0,,,,,,DLL,,,,,,,,,,,,,2023-12-19T22:47:13.3112510Z,C:\Windows\SoftwareDistribution\Download\7bd97cc524ebd8114e77ca1991fbf2f3\Metadata\UAOneSettings.dll,,,,,,11,,4208,NT AUTHORITY\SYSTEM,S-1-5-18,47:13.3,2.0,"<Event xmlns=""http://schemas.microsoft.com/win/2004/08/events/event"">
  <System>
    <Provider Name=""Microsoft-Windows-Sysmon"" Guid=""{5770385f-c22a-43e0-bf4c-06f5698ffbd9}""/>
    <EventID>11</EventID>
    <Version>2</Version>
    <Level>4</Level>
    <Task>11</Task>
    <Opcode>0</Opcode>
    <Keywords>0x8000000000000000</Keywords>
    <TimeCreated SystemTime=""2023-12-19T22:47:13.3112510Z""/>
    <EventRecordID>4747</EventRecordID>
    <Correlation/>
    <Execution ProcessID=""3400"" ThreadID=""4208""/>
    <Channel>Microsoft-Windows-Sysmon/Operational</Channel>
    <Computer>WinDev2309Eval</Computer>
    <Security UserID=""S-1-5-18""/>
  </System>
  <EventData>
    <Data Name=""RuleName"">DLL</Data>
    <Data Name=""UtcTime"">2023-12-19 22:47:13.302</Data>
    <Data Name=""ProcessGuid"">{f57bd86a-1d6e-6582-0e01-000000000d00}</Data>
    <Data Name=""ProcessId"">9988</Data>
    <Data Name=""Image"">C:\Windows\system32\svchost.exe</Data>
    <Data Name=""TargetFilename"">C:\Windows\SoftwareDistribution\Download\7bd97cc524ebd8114e77ca1991fbf2f3\Metadata\UAOneSettings.dll</Data>
    <Data Name=""CreationUtcTime"">2023-12-02 04:21:42.000</Data>
    <Data Name=""User"">NT AUTHORITY\SYSTEM</Data>
  </EventData>
</Event>
"
Microsoft-Windows-Sysmon/Operational,,,WinDev2309Eval,04:50.0,,,,,,,,,11,4746,,,,C:\Windows\system32\svchost.exe,,,0x8000000000000000,4,,,,,0,,,,,,,{f57bd86a-1d6e-6582-0e01-000000000d00},3400,9988.0,,,,,,DLL,,,,,,,,,,,,,2023-12-19T22:47:13.3071194Z,C:\Windows\SoftwareDistribution\Download\7bd97cc524ebd8114e77ca1991fbf2f3\Metadata\Mitigation.dll,,,,,,11,,4208,NT AUTHORITY\SYSTEM,S-1-5-18,47:13.3,2.0,"<Event xmlns=""http://schemas.microsoft.com/win/2004/08/events/event"">
  <System>
    <Provider Name=""Microsoft-Windows-Sysmon"" Guid=""{5770385f-c22a-43e0-bf4c-06f5698ffbd9}""/>
    <EventID>11</EventID>
    <Version>2</Version>
    <Level>4</Level>
    <Task>11</Task>
    <Opcode>0</Opcode>
    <Keywords>0x8000000000000000</Keywords>
    <TimeCreated SystemTime=""2023-12-19T22:47:13.3071194Z""/>
    <EventRecordID>4746</EventRecordID>
    <Correlation/>
    <Execution ProcessID=""3400"" ThreadID=""4208""/>
    <Channel>Microsoft-Windows-Sysmon/Operational</Channel>
    <Computer>WinDev2309Eval</Computer>
    <Security UserID=""S-1-5-18""/>
  </System>
  <EventData>
    <Data Name=""RuleName"">DLL</Data>
    <Data Name=""UtcTime"">2023-12-19 22:47:13.302</Data>
    <Data Name=""ProcessGuid"">{f57bd86a-1d6e-6582-0e01-000000000d00}</Data>
    <Data Name=""ProcessId"">9988</Data>
    <Data Name=""Image"">C:\Windows\system32\svchost.exe</Data>
    <Data Name=""TargetFilename"">C:\Windows\SoftwareDistribution\Download\7bd97cc524ebd8114e77ca1991fbf2f3\Metadata\Mitigation.dll</Data>
    <Data Name=""CreationUtcTime"">2023-12-02 10:04:50.000</Data>
    <Data Name=""User"">NT AUTHORITY\SYSTEM</Data>
  </EventData>
</Event>
"
Microsoft-Windows-Sysmon/Operational,,,WinDev2309Eval,13:54.0,,,,,,,,,11,4745,,,,C:\Windows\system32\svchost.exe,,,0x8000000000000000,4,,,,,0,,,,,,,{f57bd86a-1d6e-6582-0e01-000000000d00},3400,9988.0,,,,,,DLL,,,,,,,,,,,,,2023-12-19T22:47:13.2980253Z,C:\Windows\SoftwareDistribution\Download\7bd97cc524ebd8114e77ca1991fbf2f3\Metadata\dpx.dll,,,,,,11,,4208,NT AUTHORITY\SYSTEM,S-1-5-18,47:13.3,2.0,"<Event xmlns=""http://schemas.microsoft.com/win/2004/08/events/event"">
  <System>
    <Provider Name=""Microsoft-Windows-Sysmon"" Guid=""{5770385f-c22a-43e0-bf4c-06f5698ffbd9}""/>
    <EventID>11</EventID>
    <Version>2</Version>
    <Level>4</Level>
    <Task>11</Task>
    <Opcode>0</Opcode>
    <Keywords>0x8000000000000000</Keywords>
    <TimeCreated SystemTime=""2023-12-19T22:47:13.2980253Z""/>
    <EventRecordID>4745</EventRecordID>
    <Correlation/>
    <Execution ProcessID=""3400"" ThreadID=""4208""/>
    <Channel>Microsoft-Windows-Sysmon/Operational</Channel>
    <Computer>WinDev2309Eval</Computer>
    <Security UserID=""S-1-5-18""/>
  </System>
  <EventData>
    <Data Name=""RuleName"">DLL</Data>
    <Data Name=""UtcTime"">2023-12-19 22:47:13.286</Data>
    <Data Name=""ProcessGuid"">{f57bd86a-1d6e-6582-0e01-000000000d00}</Data>
    <Data Name=""ProcessId"">9988</Data>
    <Data Name=""Image"">C:\Windows\system32\svchost.exe</Data>
    <Data Name=""TargetFilename"">C:\Windows\SoftwareDistribution\Download\7bd97cc524ebd8114e77ca1991fbf2f3\Metadata\dpx.dll</Data>
    <Data Name=""CreationUtcTime"">2023-12-02 04:13:54.000</Data>
    <Data Name=""User"">NT AUTHORITY\SYSTEM</Data>
  </EventData>
</Event>
"
Microsoft-Windows-Sysmon/Operational,,,WinDev2309Eval,13:52.0,,,,,,,,,11,4744,,,,C:\Windows\system32\svchost.exe,,,0x8000000000000000,4,,,,,0,,,,,,,{f57bd86a-1d6e-6582-0e01-000000000d00},3400,9988.0,,,,,,DLL,,,,,,,,,,,,,2023-12-19T22:47:13.2729339Z,C:\Windows\SoftwareDistribution\Download\7bd97cc524ebd8114e77ca1991fbf2f3\Metadata\UpdateAgent.dll,,,,,,11,,4208,NT AUTHORITY\SYSTEM,S-1-5-18,47:13.3,2.0,"<Event xmlns=""http://schemas.microsoft.com/win/2004/08/events/event"">
  <System>
    <Provider Name=""Microsoft-Windows-Sysmon"" Guid=""{5770385f-c22a-43e0-bf4c-06f5698ffbd9}""/>
    <EventID>11</EventID>
    <Version>2</Version>
    <Level>4</Level>
    <Task>11</Task>
    <Opcode>0</Opcode>
    <Keywords>0x8000000000000000</Keywords>
    <TimeCreated SystemTime=""2023-12-19T22:47:13.2729339Z""/>
    <EventRecordID>4744</EventRecordID>
    <Correlation/>
    <Execution ProcessID=""3400"" ThreadID=""4208""/>
    <Channel>Microsoft-Windows-Sysmon/Operational</Channel>
    <Computer>WinDev2309Eval</Computer>
    <Security UserID=""S-1-5-18""/>
  </System>
  <EventData>
    <Data Name=""RuleName"">DLL</Data>
    <Data Name=""UtcTime"">2023-12-19 22:47:13.270</Data>
    <Data Name=""ProcessGuid"">{f57bd86a-1d6e-6582-0e01-000000000d00}</Data>
    <Data Name=""ProcessId"">9988</Data>
    <Data Name=""Image"">C:\Windows\system32\svchost.exe</Data>
    <Data Name=""TargetFilename"">C:\Windows\SoftwareDistribution\Download\7bd97cc524ebd8114e77ca1991fbf2f3\Metadata\UpdateAgent.dll</Data>
    <Data Name=""CreationUtcTime"">2023-12-02 04:13:52.000</Data>
    <Data Name=""User"">NT AUTHORITY\SYSTEM</Data>
  </EventData>
</Event>
"
Microsoft-Windows-Sysmon/Operational,,,WinDev2309Eval,35:48.0,,,,,,,,,11,4743,,,,C:\Windows\system32\svchost.exe,,,0x8000000000000000,4,,,,,0,,,,,,,{f57bd86a-1d6e-6582-0e01-000000000d00},3400,9988.0,,,,,,DLL,,,,,,,,,,,,,2023-12-19T22:47:12.3162760Z,C:\Windows\SoftwareDistribution\Download\7bd97cc524ebd8114e77ca1991fbf2f3\Metadata\AppxDeviceInventory.dll,,,,,,11,,4208,NT AUTHORITY\SYSTEM,S-1-5-18,47:12.3,2.0,"<Event xmlns=""http://schemas.microsoft.com/win/2004/08/events/event"">
  <System>
    <Provider Name=""Microsoft-Windows-Sysmon"" Guid=""{5770385f-c22a-43e0-bf4c-06f5698ffbd9}""/>
    <EventID>11</EventID>
    <Version>2</Version>
    <Level>4</Level>
    <Task>11</Task>
    <Opcode>0</Opcode>
    <Keywords>0x8000000000000000</Keywords>
    <TimeCreated SystemTime=""2023-12-19T22:47:12.3162760Z""/>
    <EventRecordID>4743</EventRecordID>
    <Correlation/>
    <Execution ProcessID=""3400"" ThreadID=""4208""/>
    <Channel>Microsoft-Windows-Sysmon/Operational</Channel>
    <Computer>WinDev2309Eval</Computer>
    <Security UserID=""S-1-5-18""/>
  </System>
  <EventData>
    <Data Name=""RuleName"">DLL</Data>
    <Data Name=""UtcTime"">2023-12-19 22:47:12.303</Data>
    <Data Name=""ProcessGuid"">{f57bd86a-1d6e-6582-0e01-000000000d00}</Data>
    <Data Name=""ProcessId"">9988</Data>
    <Data Name=""Image"">C:\Windows\system32\svchost.exe</Data>
    <Data Name=""TargetFilename"">C:\Windows\SoftwareDistribution\Download\7bd97cc524ebd8114e77ca1991fbf2f3\Metadata\AppxDeviceInventory.dll</Data>
    <Data Name=""CreationUtcTime"">2023-12-02 04:35:48.000</Data>
    <Data Name=""User"">NT AUTHORITY\SYSTEM</Data>
  </EventData>
</Event>
"
Microsoft-Windows-Sysmon/Operational,,,WinDev2309Eval,13:16.0,,,,,,,,,11,4742,,,,C:\Windows\system32\svchost.exe,,,0x8000000000000000,4,,,,,0,,,,,,,{f57bd86a-1d6e-6582-0e01-000000000d00},3400,9988.0,,,,,,DLL,,,,,,,,,,,,,2023-12-19T22:47:12.3107140Z,C:\Windows\SoftwareDistribution\Download\7bd97cc524ebd8114e77ca1991fbf2f3\Metadata\UpdateDeploy.dll,,,,,,11,,4208,NT AUTHORITY\SYSTEM,S-1-5-18,47:12.3,2.0,"<Event xmlns=""http://schemas.microsoft.com/win/2004/08/events/event"">
  <System>
    <Provider Name=""Microsoft-Windows-Sysmon"" Guid=""{5770385f-c22a-43e0-bf4c-06f5698ffbd9}""/>
    <EventID>11</EventID>
    <Version>2</Version>
    <Level>4</Level>
    <Task>11</Task>
    <Opcode>0</Opcode>
    <Keywords>0x8000000000000000</Keywords>
    <TimeCreated SystemTime=""2023-12-19T22:47:12.3107140Z""/>
    <EventRecordID>4742</EventRecordID>
    <Correlation/>
    <Execution ProcessID=""3400"" ThreadID=""4208""/>
    <Channel>Microsoft-Windows-Sysmon/Operational</Channel>
    <Computer>WinDev2309Eval</Computer>
    <Security UserID=""S-1-5-18""/>
  </System>
  <EventData>
    <Data Name=""RuleName"">DLL</Data>
    <Data Name=""UtcTime"">2023-12-19 22:47:12.303</Data>
    <Data Name=""ProcessGuid"">{f57bd86a-1d6e-6582-0e01-000000000d00}</Data>
    <Data Name=""ProcessId"">9988</Data>
    <Data Name=""Image"">C:\Windows\system32\svchost.exe</Data>
    <Data Name=""TargetFilename"">C:\Windows\SoftwareDistribution\Download\7bd97cc524ebd8114e77ca1991fbf2f3\Metadata\UpdateDeploy.dll</Data>
    <Data Name=""CreationUtcTime"">2023-12-02 04:13:16.000</Data>
    <Data Name=""User"">NT AUTHORITY\SYSTEM</Data>
  </EventData>
</Event>
"
Microsoft-Windows-Sysmon/Operational,,,WinDev2309Eval,56:52.0,,,,,,,,,11,4741,,,,C:\Windows\system32\svchost.exe,,,0x8000000000000000,4,,,,,0,,,,,,,{f57bd86a-1d6e-6582-0e01-000000000d00},3400,9988.0,,,,,,DLL,,,,,,,,,,,,,2023-12-19T22:47:12.3014314Z,C:\Windows\SoftwareDistribution\Download\7bd97cc524ebd8114e77ca1991fbf2f3\Metadata\WinREAgent.dll,,,,,,11,,4208,NT AUTHORITY\SYSTEM,S-1-5-18,47:12.3,2.0,"<Event xmlns=""http://schemas.microsoft.com/win/2004/08/events/event"">
  <System>
    <Provider Name=""Microsoft-Windows-Sysmon"" Guid=""{5770385f-c22a-43e0-bf4c-06f5698ffbd9}""/>
    <EventID>11</EventID>
    <Version>2</Version>
    <Level>4</Level>
    <Task>11</Task>
    <Opcode>0</Opcode>
    <Keywords>0x8000000000000000</Keywords>
    <TimeCreated SystemTime=""2023-12-19T22:47:12.3014314Z""/>
    <EventRecordID>4741</EventRecordID>
    <Correlation/>
    <Execution ProcessID=""3400"" ThreadID=""4208""/>
    <Channel>Microsoft-Windows-Sysmon/Operational</Channel>
    <Computer>WinDev2309Eval</Computer>
    <Security UserID=""S-1-5-18""/>
  </System>
  <EventData>
    <Data Name=""RuleName"">DLL</Data>
    <Data Name=""UtcTime"">2023-12-19 22:47:12.288</Data>
    <Data Name=""ProcessGuid"">{f57bd86a-1d6e-6582-0e01-000000000d00}</Data>
    <Data Name=""ProcessId"">9988</Data>
    <Data Name=""Image"">C:\Windows\system32\svchost.exe</Data>
    <Data Name=""TargetFilename"">C:\Windows\SoftwareDistribution\Download\7bd97cc524ebd8114e77ca1991fbf2f3\Metadata\WinREAgent.dll</Data>
    <Data Name=""CreationUtcTime"">2023-12-02 09:56:52.000</Data>
    <Data Name=""User"">NT AUTHORITY\SYSTEM</Data>
  </EventData>
</Event>
"
Microsoft-Windows-Sysmon/Operational,,,WinDev2309Eval,14:20.0,,,,,,,,,11,4740,,,,C:\Windows\system32\svchost.exe,,,0x8000000000000000,4,,,,,0,,,,,,,{f57bd86a-1d6e-6582-0e01-000000000d00},3400,9988.0,,,,,,DLL,,,,,,,,,,,,,2023-12-19T22:47:12.2892710Z,C:\Windows\SoftwareDistribution\Download\7bd97cc524ebd8114e77ca1991fbf2f3\Metadata\ReserveManager.dll,,,,,,11,,4208,NT AUTHORITY\SYSTEM,S-1-5-18,47:12.3,2.0,"<Event xmlns=""http://schemas.microsoft.com/win/2004/08/events/event"">
  <System>
    <Provider Name=""Microsoft-Windows-Sysmon"" Guid=""{5770385f-c22a-43e0-bf4c-06f5698ffbd9}""/>
    <EventID>11</EventID>
    <Version>2</Version>
    <Level>4</Level>
    <Task>11</Task>
    <Opcode>0</Opcode>
    <Keywords>0x8000000000000000</Keywords>
    <TimeCreated SystemTime=""2023-12-19T22:47:12.2892710Z""/>
    <EventRecordID>4740</EventRecordID>
    <Correlation/>
    <Execution ProcessID=""3400"" ThreadID=""4208""/>
    <Channel>Microsoft-Windows-Sysmon/Operational</Channel>
    <Computer>WinDev2309Eval</Computer>
    <Security UserID=""S-1-5-18""/>
  </System>
  <EventData>
    <Data Name=""RuleName"">DLL</Data>
    <Data Name=""UtcTime"">2023-12-19 22:47:12.288</Data>
    <Data Name=""ProcessGuid"">{f57bd86a-1d6e-6582-0e01-000000000d00}</Data>
    <Data Name=""ProcessId"">9988</Data>
    <Data Name=""Image"">C:\Windows\system32\svchost.exe</Data>
    <Data Name=""TargetFilename"">C:\Windows\SoftwareDistribution\Download\7bd97cc524ebd8114e77ca1991fbf2f3\Metadata\ReserveManager.dll</Data>
    <Data Name=""CreationUtcTime"">2023-12-02 04:14:20.000</Data>
    <Data Name=""User"">NT AUTHORITY\SYSTEM</Data>
  </EventData>
</Event>
"
Microsoft-Windows-Sysmon/Operational,,,WinDev2309Eval,14:10.0,,,,,,,,,11,4739,,,,C:\Windows\system32\svchost.exe,,,0x8000000000000000,4,,,,,0,,,,,,,{f57bd86a-1d6e-6582-0e01-000000000d00},3400,9988.0,,,,,,DLL,,,,,,,,,,,,,2023-12-19T22:47:12.2780155Z,C:\Windows\SoftwareDistribution\Download\7bd97cc524ebd8114e77ca1991fbf2f3\Metadata\TurboStack.dll,,,,,,11,,4208,NT AUTHORITY\SYSTEM,S-1-5-18,47:12.3,2.0,"<Event xmlns=""http://schemas.microsoft.com/win/2004/08/events/event"">
  <System>
    <Provider Name=""Microsoft-Windows-Sysmon"" Guid=""{5770385f-c22a-43e0-bf4c-06f5698ffbd9}""/>
    <EventID>11</EventID>
    <Version>2</Version>
    <Level>4</Level>
    <Task>11</Task>
    <Opcode>0</Opcode>
    <Keywords>0x8000000000000000</Keywords>
    <TimeCreated SystemTime=""2023-12-19T22:47:12.2780155Z""/>
    <EventRecordID>4739</EventRecordID>
    <Correlation/>
    <Execution ProcessID=""3400"" ThreadID=""4208""/>
    <Channel>Microsoft-Windows-Sysmon/Operational</Channel>
    <Computer>WinDev2309Eval</Computer>
    <Security UserID=""S-1-5-18""/>
  </System>
  <EventData>
    <Data Name=""RuleName"">DLL</Data>
    <Data Name=""UtcTime"">2023-12-19 22:47:12.272</Data>
    <Data Name=""ProcessGuid"">{f57bd86a-1d6e-6582-0e01-000000000d00}</Data>
    <Data Name=""ProcessId"">9988</Data>
    <Data Name=""Image"">C:\Windows\system32\svchost.exe</Data>
    <Data Name=""TargetFilename"">C:\Windows\SoftwareDistribution\Download\7bd97cc524ebd8114e77ca1991fbf2f3\Metadata\TurboStack.dll</Data>
    <Data Name=""CreationUtcTime"">2023-12-02 04:14:10.000</Data>
    <Data Name=""User"">NT AUTHORITY\SYSTEM</Data>
  </EventData>
</Event>
"
Microsoft-Windows-Sysmon/Operational,,,WinDev2309Eval,14:28.0,,,,,,,,,11,4738,,,,C:\Windows\system32\svchost.exe,,,0x8000000000000000,4,,,,,0,,,,,,,{f57bd86a-1d6e-6582-0e01-000000000d00},3400,9988.0,,,,,,DLL,,,,,,,,,,,,,2023-12-19T22:47:12.2489383Z,C:\Windows\SoftwareDistribution\Download\7bd97cc524ebd8114e77ca1991fbf2f3\Metadata\wcp.dll,,,,,,11,,4208,NT AUTHORITY\SYSTEM,S-1-5-18,47:12.2,2.0,"<Event xmlns=""http://schemas.microsoft.com/win/2004/08/events/event"">
  <System>
    <Provider Name=""Microsoft-Windows-Sysmon"" Guid=""{5770385f-c22a-43e0-bf4c-06f5698ffbd9}""/>
    <EventID>11</EventID>
    <Version>2</Version>
    <Level>4</Level>
    <Task>11</Task>
    <Opcode>0</Opcode>
    <Keywords>0x8000000000000000</Keywords>
    <TimeCreated SystemTime=""2023-12-19T22:47:12.2489383Z""/>
    <EventRecordID>4738</EventRecordID>
    <Correlation/>
    <Execution ProcessID=""3400"" ThreadID=""4208""/>
    <Channel>Microsoft-Windows-Sysmon/Operational</Channel>
    <Computer>WinDev2309Eval</Computer>
    <Security UserID=""S-1-5-18""/>
  </System>
  <EventData>
    <Data Name=""RuleName"">DLL</Data>
    <Data Name=""UtcTime"">2023-12-19 22:47:12.239</Data>
    <Data Name=""ProcessGuid"">{f57bd86a-1d6e-6582-0e01-000000000d00}</Data>
    <Data Name=""ProcessId"">9988</Data>
    <Data Name=""Image"">C:\Windows\system32\svchost.exe</Data>
    <Data Name=""TargetFilename"">C:\Windows\SoftwareDistribution\Download\7bd97cc524ebd8114e77ca1991fbf2f3\Metadata\wcp.dll</Data>
    <Data Name=""CreationUtcTime"">2023-12-02 04:14:28.000</Data>
    <Data Name=""User"">NT AUTHORITY\SYSTEM</Data>
  </EventData>
</Event>
"
