Channel,CommandLine,Company,Computer,CreationUtcTime,CurrentDirectory,Description,DestinationHostname,DestinationIp,DestinationIsIpv6,DestinationPort,DestinationPortName,Details,EventID,EventRecordID,EventType,FileVersion,Hashes,Image,Initiated,IntegrityLevel,Keywords,Level,LogonGuid,LogonId,Message,NewThreadId,Opcode,OriginalFileName,ParentCommandLine,ParentImage,ParentProcessGuid,ParentProcessId,ParentUser,ProcessGuid,ProcessID,ProcessId,Product,Protocol,QueryName,QueryResults,QueryStatus,RuleName,SourceHostname,SourceImage,SourceIp,SourceIsIpv6,SourcePort,SourcePortName,SourceProcessGuid,SourceProcessId,SourceUser,StartAddress,StartFunction,StartModule,SystemTime,TargetFilename,TargetImage,TargetObject,TargetProcessGuid,TargetProcessId,TargetUser,Task,TerminalSessionId,ThreadID,User,UserID,UtcTime,Version,raw
Microsoft-Windows-Sysmon/Operational,,,WinDev2309Eval,45:34.9,,,,,,,,,11,6651,,,,C:\Windows\Microsoft.NET\Framework64\v4.0.30319\mscorsvw.exe,,,0x8000000000000000,4,,,,,0,,,,,,,{f57bd86a-255e-6584-2d09-000000000d00},3400,7184.0,,,,,,EXE,,,,,,,,,,,,,2023-12-21T11:45:34.9500420Z,C:\Windows\assembly\NativeImages_v4.0.30319_64\Temp\1c10-0\sgen.exe,,,,,,11,,4208,NT AUTHORITY\SYSTEM,S-1-5-18,45:34.9,2.0,"<Event xmlns=""http://schemas.microsoft.com/win/2004/08/events/event"">
  <System>
    <Provider Name=""Microsoft-Windows-Sysmon"" Guid=""{5770385f-c22a-43e0-bf4c-06f5698ffbd9}""/>
    <EventID>11</EventID>
    <Version>2</Version>
    <Level>4</Level>
    <Task>11</Task>
    <Opcode>0</Opcode>
    <Keywords>0x8000000000000000</Keywords>
    <TimeCreated SystemTime=""2023-12-21T11:45:34.9500420Z""/>
    <EventRecordID>6651</EventRecordID>
    <Correlation/>
    <Execution ProcessID=""3400"" ThreadID=""4208""/>
    <Channel>Microsoft-Windows-Sysmon/Operational</Channel>
    <Computer>WinDev2309Eval</Computer>
    <Security UserID=""S-1-5-18""/>
  </System>
  <EventData>
    <Data Name=""RuleName"">EXE</Data>
    <Data Name=""UtcTime"">2023-12-21 11:45:34.934</Data>
    <Data Name=""ProcessGuid"">{f57bd86a-255e-6584-2d09-000000000d00}</Data>
    <Data Name=""ProcessId"">7184</Data>
    <Data Name=""Image"">C:\Windows\Microsoft.NET\Framework64\v4.0.30319\mscorsvw.exe</Data>
    <Data Name=""TargetFilename"">C:\Windows\assembly\NativeImages_v4.0.30319_64\Temp\1c10-0\sgen.exe</Data>
    <Data Name=""CreationUtcTime"">2023-12-21 11:45:34.934</Data>
    <Data Name=""User"">NT AUTHORITY\SYSTEM</Data>
  </EventData>
</Event>
"
Microsoft-Windows-Sysmon/Operational,,,WinDev2309Eval,45:34.7,,,,,,,,,11,6650,,,,C:\Windows\Microsoft.NET\Framework64\v4.0.30319\mscorsvw.exe,,,0x8000000000000000,4,,,,,0,,,,,,,{f57bd86a-255e-6584-2b09-000000000d00},3400,10804.0,,,,,,EXE,,,,,,,,,,,,,2023-12-21T11:45:34.6676109Z,C:\Windows\assembly\NativeImages_v4.0.30319_64\Temp\2a34-0\lc.exe,,,,,,11,,4208,NT AUTHORITY\SYSTEM,S-1-5-18,45:34.7,2.0,"<Event xmlns=""http://schemas.microsoft.com/win/2004/08/events/event"">
  <System>
    <Provider Name=""Microsoft-Windows-Sysmon"" Guid=""{5770385f-c22a-43e0-bf4c-06f5698ffbd9}""/>
    <EventID>11</EventID>
    <Version>2</Version>
    <Level>4</Level>
    <Task>11</Task>
    <Opcode>0</Opcode>
    <Keywords>0x8000000000000000</Keywords>
    <TimeCreated SystemTime=""2023-12-21T11:45:34.6676109Z""/>
    <EventRecordID>6650</EventRecordID>
    <Correlation/>
    <Execution ProcessID=""3400"" ThreadID=""4208""/>
    <Channel>Microsoft-Windows-Sysmon/Operational</Channel>
    <Computer>WinDev2309Eval</Computer>
    <Security UserID=""S-1-5-18""/>
  </System>
  <EventData>
    <Data Name=""RuleName"">EXE</Data>
    <Data Name=""UtcTime"">2023-12-21 11:45:34.653</Data>
    <Data Name=""ProcessGuid"">{f57bd86a-255e-6584-2b09-000000000d00}</Data>
    <Data Name=""ProcessId"">10804</Data>
    <Data Name=""Image"">C:\Windows\Microsoft.NET\Framework64\v4.0.30319\mscorsvw.exe</Data>
    <Data Name=""TargetFilename"">C:\Windows\assembly\NativeImages_v4.0.30319_64\Temp\2a34-0\lc.exe</Data>
    <Data Name=""CreationUtcTime"">2023-12-21 11:45:34.653</Data>
    <Data Name=""User"">NT AUTHORITY\SYSTEM</Data>
  </EventData>
</Event>
"
Microsoft-Windows-Sysmon/Operational,,,WinDev2309Eval,45:34.4,,,,,,,,,11,6649,,,,C:\Windows\Microsoft.NET\Framework64\v4.0.30319\mscorsvw.exe,,,0x8000000000000000,4,,,,,0,,,,,,,{f57bd86a-255e-6584-2909-000000000d00},3400,12804.0,,,,,,EXE,,,,,,,,,,,,,2023-12-21T11:45:34.4223383Z,C:\Windows\assembly\NativeImages_v4.0.30319_64\Temp\3204-0\AxImp.exe,,,,,,11,,4208,NT AUTHORITY\SYSTEM,S-1-5-18,45:34.4,2.0,"<Event xmlns=""http://schemas.microsoft.com/win/2004/08/events/event"">
  <System>
    <Provider Name=""Microsoft-Windows-Sysmon"" Guid=""{5770385f-c22a-43e0-bf4c-06f5698ffbd9}""/>
    <EventID>11</EventID>
    <Version>2</Version>
    <Level>4</Level>
    <Task>11</Task>
    <Opcode>0</Opcode>
    <Keywords>0x8000000000000000</Keywords>
    <TimeCreated SystemTime=""2023-12-21T11:45:34.4223383Z""/>
    <EventRecordID>6649</EventRecordID>
    <Correlation/>
    <Execution ProcessID=""3400"" ThreadID=""4208""/>
    <Channel>Microsoft-Windows-Sysmon/Operational</Channel>
    <Computer>WinDev2309Eval</Computer>
    <Security UserID=""S-1-5-18""/>
  </System>
  <EventData>
    <Data Name=""RuleName"">EXE</Data>
    <Data Name=""UtcTime"">2023-12-21 11:45:34.418</Data>
    <Data Name=""ProcessGuid"">{f57bd86a-255e-6584-2909-000000000d00}</Data>
    <Data Name=""ProcessId"">12804</Data>
    <Data Name=""Image"">C:\Windows\Microsoft.NET\Framework64\v4.0.30319\mscorsvw.exe</Data>
    <Data Name=""TargetFilename"">C:\Windows\assembly\NativeImages_v4.0.30319_64\Temp\3204-0\AxImp.exe</Data>
    <Data Name=""CreationUtcTime"">2023-12-21 11:45:34.418</Data>
    <Data Name=""User"">NT AUTHORITY\SYSTEM</Data>
  </EventData>
</Event>
"
Microsoft-Windows-Sysmon/Operational,,,WinDev2309Eval,45:33.7,,,,,,,,,11,6648,,,,C:\Windows\Microsoft.NET\Framework64\v4.0.30319\mscorsvw.exe,,,0x8000000000000000,4,,,,,0,,,,,,,{f57bd86a-255d-6584-2109-000000000d00},3400,9256.0,,,,,,DLL,,,,,,,,,,,,,2023-12-21T11:45:33.6667308Z,C:\Windows\assembly\NativeImages_v4.0.30319_64\Temp\2428-0\AuditPolicyGPManagedStubs.Interop.dll,,,,,,11,,4208,NT AUTHORITY\SYSTEM,S-1-5-18,45:33.7,2.0,"<Event xmlns=""http://schemas.microsoft.com/win/2004/08/events/event"">
  <System>
    <Provider Name=""Microsoft-Windows-Sysmon"" Guid=""{5770385f-c22a-43e0-bf4c-06f5698ffbd9}""/>
    <EventID>11</EventID>
    <Version>2</Version>
    <Level>4</Level>
    <Task>11</Task>
    <Opcode>0</Opcode>
    <Keywords>0x8000000000000000</Keywords>
    <TimeCreated SystemTime=""2023-12-21T11:45:33.6667308Z""/>
    <EventRecordID>6648</EventRecordID>
    <Correlation/>
    <Execution ProcessID=""3400"" ThreadID=""4208""/>
    <Channel>Microsoft-Windows-Sysmon/Operational</Channel>
    <Computer>WinDev2309Eval</Computer>
    <Security UserID=""S-1-5-18""/>
  </System>
  <EventData>
    <Data Name=""RuleName"">DLL</Data>
    <Data Name=""UtcTime"">2023-12-21 11:45:33.651</Data>
    <Data Name=""ProcessGuid"">{f57bd86a-255d-6584-2109-000000000d00}</Data>
    <Data Name=""ProcessId"">9256</Data>
    <Data Name=""Image"">C:\Windows\Microsoft.NET\Framework64\v4.0.30319\mscorsvw.exe</Data>
    <Data Name=""TargetFilename"">C:\Windows\assembly\NativeImages_v4.0.30319_64\Temp\2428-0\AuditPolicyGPManagedStubs.Interop.dll</Data>
    <Data Name=""CreationUtcTime"">2023-12-21 11:45:33.651</Data>
    <Data Name=""User"">NT AUTHORITY\SYSTEM</Data>
  </EventData>
</Event>
"
Microsoft-Windows-Sysmon/Operational,,,WinDev2309Eval,45:28.7,,,,,,,,,11,6647,,,,C:\Windows\Microsoft.NET\Framework\v4.0.30319\mscorsvw.exe,,,0x8000000000000000,4,,,,,0,,,,,,,{f57bd86a-2558-6584-f408-000000000d00},3400,7664.0,,,,,,DLL,,,,,,,,,,,,,2023-12-21T11:45:28.6813086Z,C:\Windows\assembly\NativeImages_v4.0.30319_32\Temp\1df0-0\TaskScheduler.dll,,,,,,11,,4208,NT AUTHORITY\SYSTEM,S-1-5-18,45:28.7,2.0,"<Event xmlns=""http://schemas.microsoft.com/win/2004/08/events/event"">
  <System>
    <Provider Name=""Microsoft-Windows-Sysmon"" Guid=""{5770385f-c22a-43e0-bf4c-06f5698ffbd9}""/>
    <EventID>11</EventID>
    <Version>2</Version>
    <Level>4</Level>
    <Task>11</Task>
    <Opcode>0</Opcode>
    <Keywords>0x8000000000000000</Keywords>
    <TimeCreated SystemTime=""2023-12-21T11:45:28.6813086Z""/>
    <EventRecordID>6647</EventRecordID>
    <Correlation/>
    <Execution ProcessID=""3400"" ThreadID=""4208""/>
    <Channel>Microsoft-Windows-Sysmon/Operational</Channel>
    <Computer>WinDev2309Eval</Computer>
    <Security UserID=""S-1-5-18""/>
  </System>
  <EventData>
    <Data Name=""RuleName"">DLL</Data>
    <Data Name=""UtcTime"">2023-12-21 11:45:28.677</Data>
    <Data Name=""ProcessGuid"">{f57bd86a-2558-6584-f408-000000000d00}</Data>
    <Data Name=""ProcessId"">7664</Data>
    <Data Name=""Image"">C:\Windows\Microsoft.NET\Framework\v4.0.30319\mscorsvw.exe</Data>
    <Data Name=""TargetFilename"">C:\Windows\assembly\NativeImages_v4.0.30319_32\Temp\1df0-0\TaskScheduler.dll</Data>
    <Data Name=""CreationUtcTime"">2023-12-21 11:45:28.677</Data>
    <Data Name=""User"">NT AUTHORITY\SYSTEM</Data>
  </EventData>
</Event>
"
Microsoft-Windows-Sysmon/Operational,,,WinDev2309Eval,45:28.4,,,,,,,,,11,6646,,,,C:\Windows\Microsoft.NET\Framework\v4.0.30319\mscorsvw.exe,,,0x8000000000000000,4,,,,,0,,,,,,,{f57bd86a-2558-6584-f208-000000000d00},3400,7144.0,,,,,,DLL,,,,,,,,,,,,,2023-12-21T11:45:28.3944216Z,C:\Windows\assembly\NativeImages_v4.0.30319_32\Temp\1be8-0\SrpUxSnapIn.dll,,,,,,11,,4208,NT AUTHORITY\SYSTEM,S-1-5-18,45:28.4,2.0,"<Event xmlns=""http://schemas.microsoft.com/win/2004/08/events/event"">
  <System>
    <Provider Name=""Microsoft-Windows-Sysmon"" Guid=""{5770385f-c22a-43e0-bf4c-06f5698ffbd9}""/>
    <EventID>11</EventID>
    <Version>2</Version>
    <Level>4</Level>
    <Task>11</Task>
    <Opcode>0</Opcode>
    <Keywords>0x8000000000000000</Keywords>
    <TimeCreated SystemTime=""2023-12-21T11:45:28.3944216Z""/>
    <EventRecordID>6646</EventRecordID>
    <Correlation/>
    <Execution ProcessID=""3400"" ThreadID=""4208""/>
    <Channel>Microsoft-Windows-Sysmon/Operational</Channel>
    <Computer>WinDev2309Eval</Computer>
    <Security UserID=""S-1-5-18""/>
  </System>
  <EventData>
    <Data Name=""RuleName"">DLL</Data>
    <Data Name=""UtcTime"">2023-12-21 11:45:28.380</Data>
    <Data Name=""ProcessGuid"">{f57bd86a-2558-6584-f208-000000000d00}</Data>
    <Data Name=""ProcessId"">7144</Data>
    <Data Name=""Image"">C:\Windows\Microsoft.NET\Framework\v4.0.30319\mscorsvw.exe</Data>
    <Data Name=""TargetFilename"">C:\Windows\assembly\NativeImages_v4.0.30319_32\Temp\1be8-0\SrpUxSnapIn.dll</Data>
    <Data Name=""CreationUtcTime"">2023-12-21 11:45:28.380</Data>
    <Data Name=""User"">NT AUTHORITY\SYSTEM</Data>
  </EventData>
</Event>
"
Microsoft-Windows-Sysmon/Operational,,,WinDev2309Eval,45:28.0,,,,,,,,,11,6645,,,,C:\Windows\Microsoft.NET\Framework\v4.0.30319\mscorsvw.exe,,,0x8000000000000000,4,,,,,0,,,,,,,{f57bd86a-2557-6584-f008-000000000d00},3400,11720.0,,,,,,DLL,,,,,,,,,,,,,2023-12-21T11:45:27.9760494Z,C:\Windows\assembly\NativeImages_v4.0.30319_32\Temp\2dc8-0\SecurityAuditPoliciesSnapIn.dll,,,,,,11,,4208,NT AUTHORITY\SYSTEM,S-1-5-18,45:28.0,2.0,"<Event xmlns=""http://schemas.microsoft.com/win/2004/08/events/event"">
  <System>
    <Provider Name=""Microsoft-Windows-Sysmon"" Guid=""{5770385f-c22a-43e0-bf4c-06f5698ffbd9}""/>
    <EventID>11</EventID>
    <Version>2</Version>
    <Level>4</Level>
    <Task>11</Task>
    <Opcode>0</Opcode>
    <Keywords>0x8000000000000000</Keywords>
    <TimeCreated SystemTime=""2023-12-21T11:45:27.9760494Z""/>
    <EventRecordID>6645</EventRecordID>
    <Correlation/>
    <Execution ProcessID=""3400"" ThreadID=""4208""/>
    <Channel>Microsoft-Windows-Sysmon/Operational</Channel>
    <Computer>WinDev2309Eval</Computer>
    <Security UserID=""S-1-5-18""/>
  </System>
  <EventData>
    <Data Name=""RuleName"">DLL</Data>
    <Data Name=""UtcTime"">2023-12-21 11:45:27.974</Data>
    <Data Name=""ProcessGuid"">{f57bd86a-2557-6584-f008-000000000d00}</Data>
    <Data Name=""ProcessId"">11720</Data>
    <Data Name=""Image"">C:\Windows\Microsoft.NET\Framework\v4.0.30319\mscorsvw.exe</Data>
    <Data Name=""TargetFilename"">C:\Windows\assembly\NativeImages_v4.0.30319_32\Temp\2dc8-0\SecurityAuditPoliciesSnapIn.dll</Data>
    <Data Name=""CreationUtcTime"">2023-12-21 11:45:27.974</Data>
    <Data Name=""User"">NT AUTHORITY\SYSTEM</Data>
  </EventData>
</Event>
"
Microsoft-Windows-Sysmon/Operational,,,WinDev2309Eval,45:27.7,,,,,,,,,11,6644,,,,C:\Windows\Microsoft.NET\Framework\v4.0.30319\mscorsvw.exe,,,0x8000000000000000,4,,,,,0,,,,,,,{f57bd86a-2557-6584-ee08-000000000d00},3400,9352.0,,,,,,DLL,,,,,,,,,,,,,2023-12-21T11:45:27.7205128Z,C:\Windows\assembly\NativeImages_v4.0.30319_32\Temp\2488-0\napinit.dll,,,,,,11,,4208,NT AUTHORITY\SYSTEM,S-1-5-18,45:27.7,2.0,"<Event xmlns=""http://schemas.microsoft.com/win/2004/08/events/event"">
  <System>
    <Provider Name=""Microsoft-Windows-Sysmon"" Guid=""{5770385f-c22a-43e0-bf4c-06f5698ffbd9}""/>
    <EventID>11</EventID>
    <Version>2</Version>
    <Level>4</Level>
    <Task>11</Task>
    <Opcode>0</Opcode>
    <Keywords>0x8000000000000000</Keywords>
    <TimeCreated SystemTime=""2023-12-21T11:45:27.7205128Z""/>
    <EventRecordID>6644</EventRecordID>
    <Correlation/>
    <Execution ProcessID=""3400"" ThreadID=""4208""/>
    <Channel>Microsoft-Windows-Sysmon/Operational</Channel>
    <Computer>WinDev2309Eval</Computer>
    <Security UserID=""S-1-5-18""/>
  </System>
  <EventData>
    <Data Name=""RuleName"">DLL</Data>
    <Data Name=""UtcTime"">2023-12-21 11:45:27.707</Data>
    <Data Name=""ProcessGuid"">{f57bd86a-2557-6584-ee08-000000000d00}</Data>
    <Data Name=""ProcessId"">9352</Data>
    <Data Name=""Image"">C:\Windows\Microsoft.NET\Framework\v4.0.30319\mscorsvw.exe</Data>
    <Data Name=""TargetFilename"">C:\Windows\assembly\NativeImages_v4.0.30319_32\Temp\2488-0\napinit.dll</Data>
    <Data Name=""CreationUtcTime"">2023-12-21 11:45:27.707</Data>
    <Data Name=""User"">NT AUTHORITY\SYSTEM</Data>
  </EventData>
</Event>
"
Microsoft-Windows-Sysmon/Operational,,,WinDev2309Eval,45:27.5,,,,,,,,,11,6643,,,,C:\Windows\Microsoft.NET\Framework\v4.0.30319\mscorsvw.exe,,,0x8000000000000000,4,,,,,0,,,,,,,{f57bd86a-2557-6584-ec08-000000000d00},3400,11516.0,,,,,,DLL,,,,,,,,,,,,,2023-12-21T11:45:27.5293907Z,C:\Windows\assembly\NativeImages_v4.0.30319_32\Temp\2cfc-0\MMCFxCommon.dll,,,,,,11,,4208,NT AUTHORITY\SYSTEM,S-1-5-18,45:27.5,2.0,"<Event xmlns=""http://schemas.microsoft.com/win/2004/08/events/event"">
  <System>
    <Provider Name=""Microsoft-Windows-Sysmon"" Guid=""{5770385f-c22a-43e0-bf4c-06f5698ffbd9}""/>
    <EventID>11</EventID>
    <Version>2</Version>
    <Level>4</Level>
    <Task>11</Task>
    <Opcode>0</Opcode>
    <Keywords>0x8000000000000000</Keywords>
    <TimeCreated SystemTime=""2023-12-21T11:45:27.5293907Z""/>
    <EventRecordID>6643</EventRecordID>
    <Correlation/>
    <Execution ProcessID=""3400"" ThreadID=""4208""/>
    <Channel>Microsoft-Windows-Sysmon/Operational</Channel>
    <Computer>WinDev2309Eval</Computer>
    <Security UserID=""S-1-5-18""/>
  </System>
  <EventData>
    <Data Name=""RuleName"">DLL</Data>
    <Data Name=""UtcTime"">2023-12-21 11:45:27.518</Data>
    <Data Name=""ProcessGuid"">{f57bd86a-2557-6584-ec08-000000000d00}</Data>
    <Data Name=""ProcessId"">11516</Data>
    <Data Name=""Image"">C:\Windows\Microsoft.NET\Framework\v4.0.30319\mscorsvw.exe</Data>
    <Data Name=""TargetFilename"">C:\Windows\assembly\NativeImages_v4.0.30319_32\Temp\2cfc-0\MMCFxCommon.dll</Data>
    <Data Name=""CreationUtcTime"">2023-12-21 11:45:27.518</Data>
    <Data Name=""User"">NT AUTHORITY\SYSTEM</Data>
  </EventData>
</Event>
"
Microsoft-Windows-Sysmon/Operational,,,WinDev2309Eval,45:27.3,,,,,,,,,11,6642,,,,C:\Windows\Microsoft.NET\Framework\v4.0.30319\mscorsvw.exe,,,0x8000000000000000,4,,,,,0,,,,,,,{f57bd86a-2556-6584-ea08-000000000d00},3400,9784.0,,,,,,DLL,,,,,,,,,,,,,2023-12-21T11:45:27.2773648Z,C:\Windows\assembly\NativeImages_v4.0.30319_32\Temp\2638-0\MMCEx.dll,,,,,,11,,4208,NT AUTHORITY\SYSTEM,S-1-5-18,45:27.3,2.0,"<Event xmlns=""http://schemas.microsoft.com/win/2004/08/events/event"">
  <System>
    <Provider Name=""Microsoft-Windows-Sysmon"" Guid=""{5770385f-c22a-43e0-bf4c-06f5698ffbd9}""/>
    <EventID>11</EventID>
    <Version>2</Version>
    <Level>4</Level>
    <Task>11</Task>
    <Opcode>0</Opcode>
    <Keywords>0x8000000000000000</Keywords>
    <TimeCreated SystemTime=""2023-12-21T11:45:27.2773648Z""/>
    <EventRecordID>6642</EventRecordID>
    <Correlation/>
    <Execution ProcessID=""3400"" ThreadID=""4208""/>
    <Channel>Microsoft-Windows-Sysmon/Operational</Channel>
    <Computer>WinDev2309Eval</Computer>
    <Security UserID=""S-1-5-18""/>
  </System>
  <EventData>
    <Data Name=""RuleName"">DLL</Data>
    <Data Name=""UtcTime"">2023-12-21 11:45:27.268</Data>
    <Data Name=""ProcessGuid"">{f57bd86a-2556-6584-ea08-000000000d00}</Data>
    <Data Name=""ProcessId"">9784</Data>
    <Data Name=""Image"">C:\Windows\Microsoft.NET\Framework\v4.0.30319\mscorsvw.exe</Data>
    <Data Name=""TargetFilename"">C:\Windows\assembly\NativeImages_v4.0.30319_32\Temp\2638-0\MMCEx.dll</Data>
    <Data Name=""CreationUtcTime"">2023-12-21 11:45:27.268</Data>
    <Data Name=""User"">NT AUTHORITY\SYSTEM</Data>
  </EventData>
</Event>
"
Microsoft-Windows-Sysmon/Operational,,,WinDev2309Eval,45:26.5,,,,,,,,,11,6641,,,,C:\Windows\Microsoft.NET\Framework\v4.0.30319\mscorsvw.exe,,,0x8000000000000000,4,,,,,0,,,,,,,{f57bd86a-2556-6584-e808-000000000d00},3400,11436.0,,,,,,DLL,,,,,,,,,,,,,2023-12-21T11:45:26.5444423Z,C:\Windows\assembly\NativeImages_v4.0.30319_32\Temp\2cac-0\Microsoft.WSMan.Runtime.dll,,,,,,11,,4208,NT AUTHORITY\SYSTEM,S-1-5-18,45:26.5,2.0,"<Event xmlns=""http://schemas.microsoft.com/win/2004/08/events/event"">
  <System>
    <Provider Name=""Microsoft-Windows-Sysmon"" Guid=""{5770385f-c22a-43e0-bf4c-06f5698ffbd9}""/>
    <EventID>11</EventID>
    <Version>2</Version>
    <Level>4</Level>
    <Task>11</Task>
    <Opcode>0</Opcode>
    <Keywords>0x8000000000000000</Keywords>
    <TimeCreated SystemTime=""2023-12-21T11:45:26.5444423Z""/>
    <EventRecordID>6641</EventRecordID>
    <Correlation/>
    <Execution ProcessID=""3400"" ThreadID=""4208""/>
    <Channel>Microsoft-Windows-Sysmon/Operational</Channel>
    <Computer>WinDev2309Eval</Computer>
    <Security UserID=""S-1-5-18""/>
  </System>
  <EventData>
    <Data Name=""RuleName"">DLL</Data>
    <Data Name=""UtcTime"">2023-12-21 11:45:26.532</Data>
    <Data Name=""ProcessGuid"">{f57bd86a-2556-6584-e808-000000000d00}</Data>
    <Data Name=""ProcessId"">11436</Data>
    <Data Name=""Image"">C:\Windows\Microsoft.NET\Framework\v4.0.30319\mscorsvw.exe</Data>
    <Data Name=""TargetFilename"">C:\Windows\assembly\NativeImages_v4.0.30319_32\Temp\2cac-0\Microsoft.WSMan.Runtime.dll</Data>
    <Data Name=""CreationUtcTime"">2023-12-21 11:45:26.532</Data>
    <Data Name=""User"">NT AUTHORITY\SYSTEM</Data>
  </EventData>
</Event>
"
Microsoft-Windows-Sysmon/Operational,,,WinDev2309Eval,45:26.4,,,,,,,,,11,6640,,,,C:\Windows\Microsoft.NET\Framework\v4.0.30319\mscorsvw.exe,,,0x8000000000000000,4,,,,,0,,,,,,,{f57bd86a-2556-6584-e608-000000000d00},3400,12500.0,,,,,,DLL,,,,,,,,,,,,,2023-12-21T11:45:26.3848353Z,C:\Windows\assembly\NativeImages_v4.0.30319_32\Temp\30d4-0\Microsoft.WSMan.Management.Activities.dll,,,,,,11,,4208,NT AUTHORITY\SYSTEM,S-1-5-18,45:26.4,2.0,"<Event xmlns=""http://schemas.microsoft.com/win/2004/08/events/event"">
  <System>
    <Provider Name=""Microsoft-Windows-Sysmon"" Guid=""{5770385f-c22a-43e0-bf4c-06f5698ffbd9}""/>
    <EventID>11</EventID>
    <Version>2</Version>
    <Level>4</Level>
    <Task>11</Task>
    <Opcode>0</Opcode>
    <Keywords>0x8000000000000000</Keywords>
    <TimeCreated SystemTime=""2023-12-21T11:45:26.3848353Z""/>
    <EventRecordID>6640</EventRecordID>
    <Correlation/>
    <Execution ProcessID=""3400"" ThreadID=""4208""/>
    <Channel>Microsoft-Windows-Sysmon/Operational</Channel>
    <Computer>WinDev2309Eval</Computer>
    <Security UserID=""S-1-5-18""/>
  </System>
  <EventData>
    <Data Name=""RuleName"">DLL</Data>
    <Data Name=""UtcTime"">2023-12-21 11:45:26.376</Data>
    <Data Name=""ProcessGuid"">{f57bd86a-2556-6584-e608-000000000d00}</Data>
    <Data Name=""ProcessId"">12500</Data>
    <Data Name=""Image"">C:\Windows\Microsoft.NET\Framework\v4.0.30319\mscorsvw.exe</Data>
    <Data Name=""TargetFilename"">C:\Windows\assembly\NativeImages_v4.0.30319_32\Temp\30d4-0\Microsoft.WSMan.Management.Activities.dll</Data>
    <Data Name=""CreationUtcTime"">2023-12-21 11:45:26.376</Data>
    <Data Name=""User"">NT AUTHORITY\SYSTEM</Data>
  </EventData>
</Event>
"
Microsoft-Windows-Sysmon/Operational,,,WinDev2309Eval,45:25.9,,,,,,,,,11,6639,,,,C:\Windows\Microsoft.NET\Framework\v4.0.30319\mscorsvw.exe,,,0x8000000000000000,4,,,,,0,,,,,,,{f57bd86a-2555-6584-e408-000000000d00},3400,12248.0,,,,,,DLL,,,,,,,,,,,,,2023-12-21T11:45:25.9268727Z,C:\Windows\assembly\NativeImages_v4.0.30319_32\Temp\2fd8-0\Microsoft.WindowsSearch.Commands.dll,,,,,,11,,4208,NT AUTHORITY\SYSTEM,S-1-5-18,45:25.9,2.0,"<Event xmlns=""http://schemas.microsoft.com/win/2004/08/events/event"">
  <System>
    <Provider Name=""Microsoft-Windows-Sysmon"" Guid=""{5770385f-c22a-43e0-bf4c-06f5698ffbd9}""/>
    <EventID>11</EventID>
    <Version>2</Version>
    <Level>4</Level>
    <Task>11</Task>
    <Opcode>0</Opcode>
    <Keywords>0x8000000000000000</Keywords>
    <TimeCreated SystemTime=""2023-12-21T11:45:25.9268727Z""/>
    <EventRecordID>6639</EventRecordID>
    <Correlation/>
    <Execution ProcessID=""3400"" ThreadID=""4208""/>
    <Channel>Microsoft-Windows-Sysmon/Operational</Channel>
    <Computer>WinDev2309Eval</Computer>
    <Security UserID=""S-1-5-18""/>
  </System>
  <EventData>
    <Data Name=""RuleName"">DLL</Data>
    <Data Name=""UtcTime"">2023-12-21 11:45:25.922</Data>
    <Data Name=""ProcessGuid"">{f57bd86a-2555-6584-e408-000000000d00}</Data>
    <Data Name=""ProcessId"">12248</Data>
    <Data Name=""Image"">C:\Windows\Microsoft.NET\Framework\v4.0.30319\mscorsvw.exe</Data>
    <Data Name=""TargetFilename"">C:\Windows\assembly\NativeImages_v4.0.30319_32\Temp\2fd8-0\Microsoft.WindowsSearch.Commands.dll</Data>
    <Data Name=""CreationUtcTime"">2023-12-21 11:45:25.922</Data>
    <Data Name=""User"">NT AUTHORITY\SYSTEM</Data>
  </EventData>
</Event>
"
Microsoft-Windows-Sysmon/Operational,,,WinDev2309Eval,45:25.7,,,,,,,,,11,6638,,,,C:\Windows\Microsoft.NET\Framework\v4.0.30319\mscorsvw.exe,,,0x8000000000000000,4,,,,,0,,,,,,,{f57bd86a-2555-6584-e208-000000000d00},3400,1188.0,,,,,,DLL,,,,,,,,,,,,,2023-12-21T11:45:25.7457511Z,C:\Windows\assembly\NativeImages_v4.0.30319_32\Temp\4a4-0\Microsoft.Windows.Diagnosis.TroubleshootingPack.dll,,,,,,11,,4208,NT AUTHORITY\SYSTEM,S-1-5-18,45:25.7,2.0,"<Event xmlns=""http://schemas.microsoft.com/win/2004/08/events/event"">
  <System>
    <Provider Name=""Microsoft-Windows-Sysmon"" Guid=""{5770385f-c22a-43e0-bf4c-06f5698ffbd9}""/>
    <EventID>11</EventID>
    <Version>2</Version>
    <Level>4</Level>
    <Task>11</Task>
    <Opcode>0</Opcode>
    <Keywords>0x8000000000000000</Keywords>
    <TimeCreated SystemTime=""2023-12-21T11:45:25.7457511Z""/>
    <EventRecordID>6638</EventRecordID>
    <Correlation/>
    <Execution ProcessID=""3400"" ThreadID=""4208""/>
    <Channel>Microsoft-Windows-Sysmon/Operational</Channel>
    <Computer>WinDev2309Eval</Computer>
    <Security UserID=""S-1-5-18""/>
  </System>
  <EventData>
    <Data Name=""RuleName"">DLL</Data>
    <Data Name=""UtcTime"">2023-12-21 11:45:25.732</Data>
    <Data Name=""ProcessGuid"">{f57bd86a-2555-6584-e208-000000000d00}</Data>
    <Data Name=""ProcessId"">1188</Data>
    <Data Name=""Image"">C:\Windows\Microsoft.NET\Framework\v4.0.30319\mscorsvw.exe</Data>
    <Data Name=""TargetFilename"">C:\Windows\assembly\NativeImages_v4.0.30319_32\Temp\4a4-0\Microsoft.Windows.Diagnosis.TroubleshootingPack.dll</Data>
    <Data Name=""CreationUtcTime"">2023-12-21 11:45:25.732</Data>
    <Data Name=""User"">NT AUTHORITY\SYSTEM</Data>
  </EventData>
</Event>
"
Microsoft-Windows-Sysmon/Operational,,,WinDev2309Eval,45:25.5,,,,,,,,,11,6637,,,,C:\Windows\Microsoft.NET\Framework\v4.0.30319\mscorsvw.exe,,,0x8000000000000000,4,,,,,0,,,,,,,{f57bd86a-2555-6584-e008-000000000d00},3400,12296.0,,,,,,DLL,,,,,,,,,,,,,2023-12-21T11:45:25.5443371Z,C:\Windows\assembly\NativeImages_v4.0.30319_32\Temp\3008-0\Microsoft.Windows.Diagnosis.SDHost.dll,,,,,,11,,4208,NT AUTHORITY\SYSTEM,S-1-5-18,45:25.5,2.0,"<Event xmlns=""http://schemas.microsoft.com/win/2004/08/events/event"">
  <System>
    <Provider Name=""Microsoft-Windows-Sysmon"" Guid=""{5770385f-c22a-43e0-bf4c-06f5698ffbd9}""/>
    <EventID>11</EventID>
    <Version>2</Version>
    <Level>4</Level>
    <Task>11</Task>
    <Opcode>0</Opcode>
    <Keywords>0x8000000000000000</Keywords>
    <TimeCreated SystemTime=""2023-12-21T11:45:25.5443371Z""/>
    <EventRecordID>6637</EventRecordID>
    <Correlation/>
    <Execution ProcessID=""3400"" ThreadID=""4208""/>
    <Channel>Microsoft-Windows-Sysmon/Operational</Channel>
    <Computer>WinDev2309Eval</Computer>
    <Security UserID=""S-1-5-18""/>
  </System>
  <EventData>
    <Data Name=""RuleName"">DLL</Data>
    <Data Name=""UtcTime"">2023-12-21 11:45:25.528</Data>
    <Data Name=""ProcessGuid"">{f57bd86a-2555-6584-e008-000000000d00}</Data>
    <Data Name=""ProcessId"">12296</Data>
    <Data Name=""Image"">C:\Windows\Microsoft.NET\Framework\v4.0.30319\mscorsvw.exe</Data>
    <Data Name=""TargetFilename"">C:\Windows\assembly\NativeImages_v4.0.30319_32\Temp\3008-0\Microsoft.Windows.Diagnosis.SDHost.dll</Data>
    <Data Name=""CreationUtcTime"">2023-12-21 11:45:25.528</Data>
    <Data Name=""User"">NT AUTHORITY\SYSTEM</Data>
  </EventData>
</Event>
"
Microsoft-Windows-Sysmon/Operational,,,WinDev2309Eval,45:25.3,,,,,,,,,11,6636,,,,C:\Windows\Microsoft.NET\Framework\v4.0.30319\mscorsvw.exe,,,0x8000000000000000,4,,,,,0,,,,,,,{f57bd86a-2555-6584-de08-000000000d00},3400,4408.0,,,,,,DLL,,,,,,,,,,,,,2023-12-21T11:45:25.3347918Z,C:\Windows\assembly\NativeImages_v4.0.30319_32\Temp\1138-0\Microsoft.Windows.Diagnosis.SDCommon.dll,,,,,,11,,4208,NT AUTHORITY\SYSTEM,S-1-5-18,45:25.3,2.0,"<Event xmlns=""http://schemas.microsoft.com/win/2004/08/events/event"">
  <System>
    <Provider Name=""Microsoft-Windows-Sysmon"" Guid=""{5770385f-c22a-43e0-bf4c-06f5698ffbd9}""/>
    <EventID>11</EventID>
    <Version>2</Version>
    <Level>4</Level>
    <Task>11</Task>
    <Opcode>0</Opcode>
    <Keywords>0x8000000000000000</Keywords>
    <TimeCreated SystemTime=""2023-12-21T11:45:25.3347918Z""/>
    <EventRecordID>6636</EventRecordID>
    <Correlation/>
    <Execution ProcessID=""3400"" ThreadID=""4208""/>
    <Channel>Microsoft-Windows-Sysmon/Operational</Channel>
    <Computer>WinDev2309Eval</Computer>
    <Security UserID=""S-1-5-18""/>
  </System>
  <EventData>
    <Data Name=""RuleName"">DLL</Data>
    <Data Name=""UtcTime"">2023-12-21 11:45:25.325</Data>
    <Data Name=""ProcessGuid"">{f57bd86a-2555-6584-de08-000000000d00}</Data>
    <Data Name=""ProcessId"">4408</Data>
    <Data Name=""Image"">C:\Windows\Microsoft.NET\Framework\v4.0.30319\mscorsvw.exe</Data>
    <Data Name=""TargetFilename"">C:\Windows\assembly\NativeImages_v4.0.30319_32\Temp\1138-0\Microsoft.Windows.Diagnosis.SDCommon.dll</Data>
    <Data Name=""CreationUtcTime"">2023-12-21 11:45:25.325</Data>
    <Data Name=""User"">NT AUTHORITY\SYSTEM</Data>
  </EventData>
</Event>
"
Microsoft-Windows-Sysmon/Operational,,,WinDev2309Eval,45:25.2,,,,,,,,,11,6635,,,,C:\Windows\Microsoft.NET\Framework\v4.0.30319\mscorsvw.exe,,,0x8000000000000000,4,,,,,0,,,,,,,{f57bd86a-2555-6584-dc08-000000000d00},3400,4780.0,,,,,,DLL,,,,,,,,,,,,,2023-12-21T11:45:25.1948103Z,C:\Windows\assembly\NativeImages_v4.0.30319_32\Temp\12ac-0\Microsoft.Windows.Diagnosis.Commands.WriteDiagTelemetry.dll,,,,,,11,,4208,NT AUTHORITY\SYSTEM,S-1-5-18,45:25.2,2.0,"<Event xmlns=""http://schemas.microsoft.com/win/2004/08/events/event"">
  <System>
    <Provider Name=""Microsoft-Windows-Sysmon"" Guid=""{5770385f-c22a-43e0-bf4c-06f5698ffbd9}""/>
    <EventID>11</EventID>
    <Version>2</Version>
    <Level>4</Level>
    <Task>11</Task>
    <Opcode>0</Opcode>
    <Keywords>0x8000000000000000</Keywords>
    <TimeCreated SystemTime=""2023-12-21T11:45:25.1948103Z""/>
    <EventRecordID>6635</EventRecordID>
    <Correlation/>
    <Execution ProcessID=""3400"" ThreadID=""4208""/>
    <Channel>Microsoft-Windows-Sysmon/Operational</Channel>
    <Computer>WinDev2309Eval</Computer>
    <Security UserID=""S-1-5-18""/>
  </System>
  <EventData>
    <Data Name=""RuleName"">DLL</Data>
    <Data Name=""UtcTime"">2023-12-21 11:45:25.185</Data>
    <Data Name=""ProcessGuid"">{f57bd86a-2555-6584-dc08-000000000d00}</Data>
    <Data Name=""ProcessId"">4780</Data>
    <Data Name=""Image"">C:\Windows\Microsoft.NET\Framework\v4.0.30319\mscorsvw.exe</Data>
    <Data Name=""TargetFilename"">C:\Windows\assembly\NativeImages_v4.0.30319_32\Temp\12ac-0\Microsoft.Windows.Diagnosis.Commands.WriteDiagTelemetry.dll</Data>
    <Data Name=""CreationUtcTime"">2023-12-21 11:45:25.185</Data>
    <Data Name=""User"">NT AUTHORITY\SYSTEM</Data>
  </EventData>
</Event>
"
Microsoft-Windows-Sysmon/Operational,,,WinDev2309Eval,45:25.0,,,,,,,,,11,6634,,,,C:\Windows\Microsoft.NET\Framework\v4.0.30319\mscorsvw.exe,,,0x8000000000000000,4,,,,,0,,,,,,,{f57bd86a-2554-6584-da08-000000000d00},3400,7628.0,,,,,,DLL,,,,,,,,,,,,,2023-12-21T11:45:25.0339057Z,C:\Windows\assembly\NativeImages_v4.0.30319_32\Temp\1dcc-0\Microsoft.Windows.Diagnosis.Commands.WriteDiagProgress.dll,,,,,,11,,4208,NT AUTHORITY\SYSTEM,S-1-5-18,45:25.0,2.0,"<Event xmlns=""http://schemas.microsoft.com/win/2004/08/events/event"">
  <System>
    <Provider Name=""Microsoft-Windows-Sysmon"" Guid=""{5770385f-c22a-43e0-bf4c-06f5698ffbd9}""/>
    <EventID>11</EventID>
    <Version>2</Version>
    <Level>4</Level>
    <Task>11</Task>
    <Opcode>0</Opcode>
    <Keywords>0x8000000000000000</Keywords>
    <TimeCreated SystemTime=""2023-12-21T11:45:25.0339057Z""/>
    <EventRecordID>6634</EventRecordID>
    <Correlation/>
    <Execution ProcessID=""3400"" ThreadID=""4208""/>
    <Channel>Microsoft-Windows-Sysmon/Operational</Channel>
    <Computer>WinDev2309Eval</Computer>
    <Security UserID=""S-1-5-18""/>
  </System>
  <EventData>
    <Data Name=""RuleName"">DLL</Data>
    <Data Name=""UtcTime"">2023-12-21 11:45:25.028</Data>
    <Data Name=""ProcessGuid"">{f57bd86a-2554-6584-da08-000000000d00}</Data>
    <Data Name=""ProcessId"">7628</Data>
    <Data Name=""Image"">C:\Windows\Microsoft.NET\Framework\v4.0.30319\mscorsvw.exe</Data>
    <Data Name=""TargetFilename"">C:\Windows\assembly\NativeImages_v4.0.30319_32\Temp\1dcc-0\Microsoft.Windows.Diagnosis.Commands.WriteDiagProgress.dll</Data>
    <Data Name=""CreationUtcTime"">2023-12-21 11:45:25.028</Data>
    <Data Name=""User"">NT AUTHORITY\SYSTEM</Data>
  </EventData>
</Event>
"
Microsoft-Windows-Sysmon/Operational,,,WinDev2309Eval,45:24.9,,,,,,,,,11,6633,,,,C:\Windows\Microsoft.NET\Framework\v4.0.30319\mscorsvw.exe,,,0x8000000000000000,4,,,,,0,,,,,,,{f57bd86a-2554-6584-d808-000000000d00},3400,9284.0,,,,,,DLL,,,,,,,,,,,,,2023-12-21T11:45:24.8676443Z,C:\Windows\assembly\NativeImages_v4.0.30319_32\Temp\2444-0\Microsoft.Windows.Diagnosis.Commands.UpdateDiagRootcause.dll,,,,,,11,,4208,NT AUTHORITY\SYSTEM,S-1-5-18,45:24.9,2.0,"<Event xmlns=""http://schemas.microsoft.com/win/2004/08/events/event"">
  <System>
    <Provider Name=""Microsoft-Windows-Sysmon"" Guid=""{5770385f-c22a-43e0-bf4c-06f5698ffbd9}""/>
    <EventID>11</EventID>
    <Version>2</Version>
    <Level>4</Level>
    <Task>11</Task>
    <Opcode>0</Opcode>
    <Keywords>0x8000000000000000</Keywords>
    <TimeCreated SystemTime=""2023-12-21T11:45:24.8676443Z""/>
    <EventRecordID>6633</EventRecordID>
    <Correlation/>
    <Execution ProcessID=""3400"" ThreadID=""4208""/>
    <Channel>Microsoft-Windows-Sysmon/Operational</Channel>
    <Computer>WinDev2309Eval</Computer>
    <Security UserID=""S-1-5-18""/>
  </System>
  <EventData>
    <Data Name=""RuleName"">DLL</Data>
    <Data Name=""UtcTime"">2023-12-21 11:45:24.857</Data>
    <Data Name=""ProcessGuid"">{f57bd86a-2554-6584-d808-000000000d00}</Data>
    <Data Name=""ProcessId"">9284</Data>
    <Data Name=""Image"">C:\Windows\Microsoft.NET\Framework\v4.0.30319\mscorsvw.exe</Data>
    <Data Name=""TargetFilename"">C:\Windows\assembly\NativeImages_v4.0.30319_32\Temp\2444-0\Microsoft.Windows.Diagnosis.Commands.UpdateDiagRootcause.dll</Data>
    <Data Name=""CreationUtcTime"">2023-12-21 11:45:24.857</Data>
    <Data Name=""User"">NT AUTHORITY\SYSTEM</Data>
  </EventData>
</Event>
"
Microsoft-Windows-Sysmon/Operational,,,WinDev2309Eval,45:24.7,,,,,,,,,11,6632,,,,C:\Windows\Microsoft.NET\Framework\v4.0.30319\mscorsvw.exe,,,0x8000000000000000,4,,,,,0,,,,,,,{f57bd86a-2554-6584-d608-000000000d00},3400,2164.0,,,,,,DLL,,,,,,,,,,,,,2023-12-21T11:45:24.7014337Z,C:\Windows\assembly\NativeImages_v4.0.30319_32\Temp\874-0\Microsoft.Windows.Diagnosis.Commands.UpdateDiagReport.dll,,,,,,11,,4208,NT AUTHORITY\SYSTEM,S-1-5-18,45:24.7,2.0,"<Event xmlns=""http://schemas.microsoft.com/win/2004/08/events/event"">
  <System>
    <Provider Name=""Microsoft-Windows-Sysmon"" Guid=""{5770385f-c22a-43e0-bf4c-06f5698ffbd9}""/>
    <EventID>11</EventID>
    <Version>2</Version>
    <Level>4</Level>
    <Task>11</Task>
    <Opcode>0</Opcode>
    <Keywords>0x8000000000000000</Keywords>
    <TimeCreated SystemTime=""2023-12-21T11:45:24.7014337Z""/>
    <EventRecordID>6632</EventRecordID>
    <Correlation/>
    <Execution ProcessID=""3400"" ThreadID=""4208""/>
    <Channel>Microsoft-Windows-Sysmon/Operational</Channel>
    <Computer>WinDev2309Eval</Computer>
    <Security UserID=""S-1-5-18""/>
  </System>
  <EventData>
    <Data Name=""RuleName"">DLL</Data>
    <Data Name=""UtcTime"">2023-12-21 11:45:24.700</Data>
    <Data Name=""ProcessGuid"">{f57bd86a-2554-6584-d608-000000000d00}</Data>
    <Data Name=""ProcessId"">2164</Data>
    <Data Name=""Image"">C:\Windows\Microsoft.NET\Framework\v4.0.30319\mscorsvw.exe</Data>
    <Data Name=""TargetFilename"">C:\Windows\assembly\NativeImages_v4.0.30319_32\Temp\874-0\Microsoft.Windows.Diagnosis.Commands.UpdateDiagReport.dll</Data>
    <Data Name=""CreationUtcTime"">2023-12-21 11:45:24.700</Data>
    <Data Name=""User"">NT AUTHORITY\SYSTEM</Data>
  </EventData>
</Event>
"
Microsoft-Windows-Sysmon/Operational,,,WinDev2309Eval,45:24.5,,,,,,,,,11,6631,,,,C:\Windows\Microsoft.NET\Framework\v4.0.30319\mscorsvw.exe,,,0x8000000000000000,4,,,,,0,,,,,,,{f57bd86a-2554-6584-d408-000000000d00},3400,10880.0,,,,,,DLL,,,,,,,,,,,,,2023-12-21T11:45:24.5117558Z,C:\Windows\assembly\NativeImages_v4.0.30319_32\Temp\2a80-0\Microsoft.Windows.Diagnosis.Commands.GetDiagInput.dll,,,,,,11,,4208,NT AUTHORITY\SYSTEM,S-1-5-18,45:24.5,2.0,"<Event xmlns=""http://schemas.microsoft.com/win/2004/08/events/event"">
  <System>
    <Provider Name=""Microsoft-Windows-Sysmon"" Guid=""{5770385f-c22a-43e0-bf4c-06f5698ffbd9}""/>
    <EventID>11</EventID>
    <Version>2</Version>
    <Level>4</Level>
    <Task>11</Task>
    <Opcode>0</Opcode>
    <Keywords>0x8000000000000000</Keywords>
    <TimeCreated SystemTime=""2023-12-21T11:45:24.5117558Z""/>
    <EventRecordID>6631</EventRecordID>
    <Correlation/>
    <Execution ProcessID=""3400"" ThreadID=""4208""/>
    <Channel>Microsoft-Windows-Sysmon/Operational</Channel>
    <Computer>WinDev2309Eval</Computer>
    <Security UserID=""S-1-5-18""/>
  </System>
  <EventData>
    <Data Name=""RuleName"">DLL</Data>
    <Data Name=""UtcTime"">2023-12-21 11:45:24.511</Data>
    <Data Name=""ProcessGuid"">{f57bd86a-2554-6584-d408-000000000d00}</Data>
    <Data Name=""ProcessId"">10880</Data>
    <Data Name=""Image"">C:\Windows\Microsoft.NET\Framework\v4.0.30319\mscorsvw.exe</Data>
    <Data Name=""TargetFilename"">C:\Windows\assembly\NativeImages_v4.0.30319_32\Temp\2a80-0\Microsoft.Windows.Diagnosis.Commands.GetDiagInput.dll</Data>
    <Data Name=""CreationUtcTime"">2023-12-21 11:45:24.495</Data>
    <Data Name=""User"">NT AUTHORITY\SYSTEM</Data>
  </EventData>
</Event>
"
Microsoft-Windows-Sysmon/Operational,,,WinDev2309Eval,45:24.3,,,,,,,,,11,6630,,,,C:\Windows\Microsoft.NET\Framework\v4.0.30319\mscorsvw.exe,,,0x8000000000000000,4,,,,,0,,,,,,,{f57bd86a-2554-6584-d208-000000000d00},3400,6788.0,,,,,,DLL,,,,,,,,,,,,,2023-12-21T11:45:24.3053977Z,C:\Windows\assembly\NativeImages_v4.0.30319_32\Temp\1a84-0\Microsoft.Security.ApplicationId.Wizards.AutomaticRuleGenerationWizard.dll,,,,,,11,,4208,NT AUTHORITY\SYSTEM,S-1-5-18,45:24.3,2.0,"<Event xmlns=""http://schemas.microsoft.com/win/2004/08/events/event"">
  <System>
    <Provider Name=""Microsoft-Windows-Sysmon"" Guid=""{5770385f-c22a-43e0-bf4c-06f5698ffbd9}""/>
    <EventID>11</EventID>
    <Version>2</Version>
    <Level>4</Level>
    <Task>11</Task>
    <Opcode>0</Opcode>
    <Keywords>0x8000000000000000</Keywords>
    <TimeCreated SystemTime=""2023-12-21T11:45:24.3053977Z""/>
    <EventRecordID>6630</EventRecordID>
    <Correlation/>
    <Execution ProcessID=""3400"" ThreadID=""4208""/>
    <Channel>Microsoft-Windows-Sysmon/Operational</Channel>
    <Computer>WinDev2309Eval</Computer>
    <Security UserID=""S-1-5-18""/>
  </System>
  <EventData>
    <Data Name=""RuleName"">DLL</Data>
    <Data Name=""UtcTime"">2023-12-21 11:45:24.292</Data>
    <Data Name=""ProcessGuid"">{f57bd86a-2554-6584-d208-000000000d00}</Data>
    <Data Name=""ProcessId"">6788</Data>
    <Data Name=""Image"">C:\Windows\Microsoft.NET\Framework\v4.0.30319\mscorsvw.exe</Data>
    <Data Name=""TargetFilename"">C:\Windows\assembly\NativeImages_v4.0.30319_32\Temp\1a84-0\Microsoft.Security.ApplicationId.Wizards.AutomaticRuleGenerationWizard.dll</Data>
    <Data Name=""CreationUtcTime"">2023-12-21 11:45:24.292</Data>
    <Data Name=""User"">NT AUTHORITY\SYSTEM</Data>
  </EventData>
</Event>
"
