Channel,CommandLine,Company,Computer,CreationUtcTime,CurrentDirectory,Description,DestinationHostname,DestinationIp,DestinationIsIpv6,DestinationPort,DestinationPortName,Details,EventID,EventRecordID,EventType,FileVersion,Hashes,Image,Initiated,IntegrityLevel,Keywords,Level,LogonGuid,LogonId,Message,NewThreadId,Opcode,OriginalFileName,ParentCommandLine,ParentImage,ParentProcessGuid,ParentProcessId,ParentUser,ProcessGuid,ProcessID,ProcessId,Product,Protocol,QueryName,QueryResults,QueryStatus,RuleName,SourceHostname,SourceImage,SourceIp,SourceIsIpv6,SourcePort,SourcePortName,SourceProcessGuid,SourceProcessId,SourceUser,StartAddress,StartFunction,StartModule,SystemTime,TargetFilename,TargetImage,TargetObject,TargetProcessGuid,TargetProcessId,TargetUser,Task,TerminalSessionId,ThreadID,User,UserID,UtcTime,Version,raw
Microsoft-Windows-Sysmon/Operational,,,WinDev2309Eval,21:42.0,,,,,,,,,11,4737,,,,C:\Windows\system32\svchost.exe,,,0x8000000000000000,4,,,,,0,,,,,,,{f57bd86a-1d6e-6582-0e01-000000000d00},3400,9988.0,,,,,,DLL,,,,,,,,,,,,,2023-12-19T22:47:12.2468428Z,C:\Windows\SoftwareDistribution\Download\7bd97cc524ebd8114e77ca1991fbf2f3\Metadata\UAOneSettings.dll,,,,,,11,,4208,NT AUTHORITY\SYSTEM,S-1-5-18,47:12.2,2.0,"<Event xmlns=""http://schemas.microsoft.com/win/2004/08/events/event"">
  <System>
    <Provider Name=""Microsoft-Windows-Sysmon"" Guid=""{5770385f-c22a-43e0-bf4c-06f5698ffbd9}""/>
    <EventID>11</EventID>
    <Version>2</Version>
    <Level>4</Level>
    <Task>11</Task>
    <Opcode>0</Opcode>
    <Keywords>0x8000000000000000</Keywords>
    <TimeCreated SystemTime=""2023-12-19T22:47:12.2468428Z""/>
    <EventRecordID>4737</EventRecordID>
    <Correlation/>
    <Execution ProcessID=""3400"" ThreadID=""4208""/>
    <Channel>Microsoft-Windows-Sysmon/Operational</Channel>
    <Computer>WinDev2309Eval</Computer>
    <Security UserID=""S-1-5-18""/>
  </System>
  <EventData>
    <Data Name=""RuleName"">DLL</Data>
    <Data Name=""UtcTime"">2023-12-19 22:47:12.239</Data>
    <Data Name=""ProcessGuid"">{f57bd86a-1d6e-6582-0e01-000000000d00}</Data>
    <Data Name=""ProcessId"">9988</Data>
    <Data Name=""Image"">C:\Windows\system32\svchost.exe</Data>
    <Data Name=""TargetFilename"">C:\Windows\SoftwareDistribution\Download\7bd97cc524ebd8114e77ca1991fbf2f3\Metadata\UAOneSettings.dll</Data>
    <Data Name=""CreationUtcTime"">2023-12-02 04:21:42.000</Data>
    <Data Name=""User"">NT AUTHORITY\SYSTEM</Data>
  </EventData>
</Event>
"
Microsoft-Windows-Sysmon/Operational,,,WinDev2309Eval,04:50.0,,,,,,,,,11,4736,,,,C:\Windows\system32\svchost.exe,,,0x8000000000000000,4,,,,,0,,,,,,,{f57bd86a-1d6e-6582-0e01-000000000d00},3400,9988.0,,,,,,DLL,,,,,,,,,,,,,2023-12-19T22:47:12.2429168Z,C:\Windows\SoftwareDistribution\Download\7bd97cc524ebd8114e77ca1991fbf2f3\Metadata\Mitigation.dll,,,,,,11,,4208,NT AUTHORITY\SYSTEM,S-1-5-18,47:12.2,2.0,"<Event xmlns=""http://schemas.microsoft.com/win/2004/08/events/event"">
  <System>
    <Provider Name=""Microsoft-Windows-Sysmon"" Guid=""{5770385f-c22a-43e0-bf4c-06f5698ffbd9}""/>
    <EventID>11</EventID>
    <Version>2</Version>
    <Level>4</Level>
    <Task>11</Task>
    <Opcode>0</Opcode>
    <Keywords>0x8000000000000000</Keywords>
    <TimeCreated SystemTime=""2023-12-19T22:47:12.2429168Z""/>
    <EventRecordID>4736</EventRecordID>
    <Correlation/>
    <Execution ProcessID=""3400"" ThreadID=""4208""/>
    <Channel>Microsoft-Windows-Sysmon/Operational</Channel>
    <Computer>WinDev2309Eval</Computer>
    <Security UserID=""S-1-5-18""/>
  </System>
  <EventData>
    <Data Name=""RuleName"">DLL</Data>
    <Data Name=""UtcTime"">2023-12-19 22:47:12.239</Data>
    <Data Name=""ProcessGuid"">{f57bd86a-1d6e-6582-0e01-000000000d00}</Data>
    <Data Name=""ProcessId"">9988</Data>
    <Data Name=""Image"">C:\Windows\system32\svchost.exe</Data>
    <Data Name=""TargetFilename"">C:\Windows\SoftwareDistribution\Download\7bd97cc524ebd8114e77ca1991fbf2f3\Metadata\Mitigation.dll</Data>
    <Data Name=""CreationUtcTime"">2023-12-02 10:04:50.000</Data>
    <Data Name=""User"">NT AUTHORITY\SYSTEM</Data>
  </EventData>
</Event>
"
Microsoft-Windows-Sysmon/Operational,,,WinDev2309Eval,13:54.0,,,,,,,,,11,4735,,,,C:\Windows\system32\svchost.exe,,,0x8000000000000000,4,,,,,0,,,,,,,{f57bd86a-1d6e-6582-0e01-000000000d00},3400,9988.0,,,,,,DLL,,,,,,,,,,,,,2023-12-19T22:47:12.2363976Z,C:\Windows\SoftwareDistribution\Download\7bd97cc524ebd8114e77ca1991fbf2f3\Metadata\dpx.dll,,,,,,11,,4208,NT AUTHORITY\SYSTEM,S-1-5-18,47:12.2,2.0,"<Event xmlns=""http://schemas.microsoft.com/win/2004/08/events/event"">
  <System>
    <Provider Name=""Microsoft-Windows-Sysmon"" Guid=""{5770385f-c22a-43e0-bf4c-06f5698ffbd9}""/>
    <EventID>11</EventID>
    <Version>2</Version>
    <Level>4</Level>
    <Task>11</Task>
    <Opcode>0</Opcode>
    <Keywords>0x8000000000000000</Keywords>
    <TimeCreated SystemTime=""2023-12-19T22:47:12.2363976Z""/>
    <EventRecordID>4735</EventRecordID>
    <Correlation/>
    <Execution ProcessID=""3400"" ThreadID=""4208""/>
    <Channel>Microsoft-Windows-Sysmon/Operational</Channel>
    <Computer>WinDev2309Eval</Computer>
    <Security UserID=""S-1-5-18""/>
  </System>
  <EventData>
    <Data Name=""RuleName"">DLL</Data>
    <Data Name=""UtcTime"">2023-12-19 22:47:12.223</Data>
    <Data Name=""ProcessGuid"">{f57bd86a-1d6e-6582-0e01-000000000d00}</Data>
    <Data Name=""ProcessId"">9988</Data>
    <Data Name=""Image"">C:\Windows\system32\svchost.exe</Data>
    <Data Name=""TargetFilename"">C:\Windows\SoftwareDistribution\Download\7bd97cc524ebd8114e77ca1991fbf2f3\Metadata\dpx.dll</Data>
    <Data Name=""CreationUtcTime"">2023-12-02 04:13:54.000</Data>
    <Data Name=""User"">NT AUTHORITY\SYSTEM</Data>
  </EventData>
</Event>
"
Microsoft-Windows-Sysmon/Operational,,,WinDev2309Eval,13:52.0,,,,,,,,,11,4734,,,,C:\Windows\system32\svchost.exe,,,0x8000000000000000,4,,,,,0,,,,,,,{f57bd86a-1d6e-6582-0e01-000000000d00},3400,9988.0,,,,,,DLL,,,,,,,,,,,,,2023-12-19T22:47:12.2124917Z,C:\Windows\SoftwareDistribution\Download\7bd97cc524ebd8114e77ca1991fbf2f3\Metadata\UpdateAgent.dll,,,,,,11,,4208,NT AUTHORITY\SYSTEM,S-1-5-18,47:12.2,2.0,"<Event xmlns=""http://schemas.microsoft.com/win/2004/08/events/event"">
  <System>
    <Provider Name=""Microsoft-Windows-Sysmon"" Guid=""{5770385f-c22a-43e0-bf4c-06f5698ffbd9}""/>
    <EventID>11</EventID>
    <Version>2</Version>
    <Level>4</Level>
    <Task>11</Task>
    <Opcode>0</Opcode>
    <Keywords>0x8000000000000000</Keywords>
    <TimeCreated SystemTime=""2023-12-19T22:47:12.2124917Z""/>
    <EventRecordID>4734</EventRecordID>
    <Correlation/>
    <Execution ProcessID=""3400"" ThreadID=""4208""/>
    <Channel>Microsoft-Windows-Sysmon/Operational</Channel>
    <Computer>WinDev2309Eval</Computer>
    <Security UserID=""S-1-5-18""/>
  </System>
  <EventData>
    <Data Name=""RuleName"">DLL</Data>
    <Data Name=""UtcTime"">2023-12-19 22:47:12.208</Data>
    <Data Name=""ProcessGuid"">{f57bd86a-1d6e-6582-0e01-000000000d00}</Data>
    <Data Name=""ProcessId"">9988</Data>
    <Data Name=""Image"">C:\Windows\system32\svchost.exe</Data>
    <Data Name=""TargetFilename"">C:\Windows\SoftwareDistribution\Download\7bd97cc524ebd8114e77ca1991fbf2f3\Metadata\UpdateAgent.dll</Data>
    <Data Name=""CreationUtcTime"">2023-12-02 04:13:52.000</Data>
    <Data Name=""User"">NT AUTHORITY\SYSTEM</Data>
  </EventData>
</Event>
"
Microsoft-Windows-Sysmon/Operational,C:\Windows\winsxs\amd64_microsoft-windows-servicingstack_31bf3856ad364e35_10.0.22621.2567_none_e93fb1d442e4b410\TiWorker.exe -Embedding,Microsoft Corporation,WinDev2309Eval,,C:\Windows\system32\,Windows Modules Installer Worker,,,,,,,1,4733,,10.0.22621.2567 (WinBuild.160101.0800),"MD5=634797EF0CAB160A1ACFB6C14F96EB64,SHA256=1AF43EF17CC0C6C21D2A1FEC5E692BEC94E51D1EE0EF3CCC7F8DB253E6C1C885,IMPHASH=AB094FE9205855C660B3CC04E5BA912E",C:\Windows\WinSxS\amd64_microsoft-windows-servicingstack_31bf3856ad364e35_10.0.22621.2567_none_e93fb1d442e4b410\TiWorker.exe,,System,0x8000000000000000,4,{f57bd86a-1cf1-6582-e703-000000000000},0x3e7,,,0,TiWorker.exe,C:\Windows\system32\svchost.exe -k DcomLaunch -p,C:\Windows\System32\svchost.exe,{f57bd86a-1cf1-6582-0d00-000000000d00},928.0,NT AUTHORITY\SYSTEM,{f57bd86a-1d6f-6582-0f01-000000000d00},3400,9148.0,Microsoft® Windows® Operating System,,,,,-,,,,,,,,,,,,,2023-12-19T22:47:11.1602791Z,,,,,,,1,0.0,4208,NT AUTHORITY\SYSTEM,S-1-5-18,47:11.2,5.0,"<Event xmlns=""http://schemas.microsoft.com/win/2004/08/events/event"">
  <System>
    <Provider Name=""Microsoft-Windows-Sysmon"" Guid=""{5770385f-c22a-43e0-bf4c-06f5698ffbd9}""/>
    <EventID>1</EventID>
    <Version>5</Version>
    <Level>4</Level>
    <Task>1</Task>
    <Opcode>0</Opcode>
    <Keywords>0x8000000000000000</Keywords>
    <TimeCreated SystemTime=""2023-12-19T22:47:11.1602791Z""/>
    <EventRecordID>4733</EventRecordID>
    <Correlation/>
    <Execution ProcessID=""3400"" ThreadID=""4208""/>
    <Channel>Microsoft-Windows-Sysmon/Operational</Channel>
    <Computer>WinDev2309Eval</Computer>
    <Security UserID=""S-1-5-18""/>
  </System>
  <EventData>
    <Data Name=""RuleName"">-</Data>
    <Data Name=""UtcTime"">2023-12-19 22:47:11.152</Data>
    <Data Name=""ProcessGuid"">{f57bd86a-1d6f-6582-0f01-000000000d00}</Data>
    <Data Name=""ProcessId"">9148</Data>
    <Data Name=""Image"">C:\Windows\WinSxS\amd64_microsoft-windows-servicingstack_31bf3856ad364e35_10.0.22621.2567_none_e93fb1d442e4b410\TiWorker.exe</Data>
    <Data Name=""FileVersion"">10.0.22621.2567 (WinBuild.160101.0800)</Data>
    <Data Name=""Description"">Windows Modules Installer Worker</Data>
    <Data Name=""Product"">Microsoft&#174; Windows&#174; Operating System</Data>
    <Data Name=""Company"">Microsoft Corporation</Data>
    <Data Name=""OriginalFileName"">TiWorker.exe</Data>
    <Data Name=""CommandLine"">C:\Windows\winsxs\amd64_microsoft-windows-servicingstack_31bf3856ad364e35_10.0.22621.2567_none_e93fb1d442e4b410\TiWorker.exe -Embedding</Data>
    <Data Name=""CurrentDirectory"">C:\Windows\system32\</Data>
    <Data Name=""User"">NT AUTHORITY\SYSTEM</Data>
    <Data Name=""LogonGuid"">{f57bd86a-1cf1-6582-e703-000000000000}</Data>
    <Data Name=""LogonId"">0x3e7</Data>
    <Data Name=""TerminalSessionId"">0</Data>
    <Data Name=""IntegrityLevel"">System</Data>
    <Data Name=""Hashes"">MD5=634797EF0CAB160A1ACFB6C14F96EB64,SHA256=1AF43EF17CC0C6C21D2A1FEC5E692BEC94E51D1EE0EF3CCC7F8DB253E6C1C885,IMPHASH=AB094FE9205855C660B3CC04E5BA912E</Data>
    <Data Name=""ParentProcessGuid"">{f57bd86a-1cf1-6582-0d00-000000000d00}</Data>
    <Data Name=""ParentProcessId"">928</Data>
    <Data Name=""ParentImage"">C:\Windows\System32\svchost.exe</Data>
    <Data Name=""ParentCommandLine"">C:\Windows\system32\svchost.exe -k DcomLaunch -p</Data>
    <Data Name=""ParentUser"">NT AUTHORITY\SYSTEM</Data>
  </EventData>
</Event>
"
Microsoft-Windows-Sysmon/Operational,,,WinDev2309Eval,35:48.0,,,,,,,,,11,4732,,,,C:\Windows\system32\svchost.exe,,,0x8000000000000000,4,,,,,0,,,,,,,{f57bd86a-1d6e-6582-0e01-000000000d00},3400,9988.0,,,,,,DLL,,,,,,,,,,,,,2023-12-19T22:47:11.0493980Z,C:\Windows\SoftwareDistribution\Download\7bd97cc524ebd8114e77ca1991fbf2f3\Metadata\AppxDeviceInventory.dll,,,,,,11,,4208,NT AUTHORITY\SYSTEM,S-1-5-18,47:11.0,2.0,"<Event xmlns=""http://schemas.microsoft.com/win/2004/08/events/event"">
  <System>
    <Provider Name=""Microsoft-Windows-Sysmon"" Guid=""{5770385f-c22a-43e0-bf4c-06f5698ffbd9}""/>
    <EventID>11</EventID>
    <Version>2</Version>
    <Level>4</Level>
    <Task>11</Task>
    <Opcode>0</Opcode>
    <Keywords>0x8000000000000000</Keywords>
    <TimeCreated SystemTime=""2023-12-19T22:47:11.0493980Z""/>
    <EventRecordID>4732</EventRecordID>
    <Correlation/>
    <Execution ProcessID=""3400"" ThreadID=""4208""/>
    <Channel>Microsoft-Windows-Sysmon/Operational</Channel>
    <Computer>WinDev2309Eval</Computer>
    <Security UserID=""S-1-5-18""/>
  </System>
  <EventData>
    <Data Name=""RuleName"">DLL</Data>
    <Data Name=""UtcTime"">2023-12-19 22:47:11.044</Data>
    <Data Name=""ProcessGuid"">{f57bd86a-1d6e-6582-0e01-000000000d00}</Data>
    <Data Name=""ProcessId"">9988</Data>
    <Data Name=""Image"">C:\Windows\system32\svchost.exe</Data>
    <Data Name=""TargetFilename"">C:\Windows\SoftwareDistribution\Download\7bd97cc524ebd8114e77ca1991fbf2f3\Metadata\AppxDeviceInventory.dll</Data>
    <Data Name=""CreationUtcTime"">2023-12-02 04:35:48.000</Data>
    <Data Name=""User"">NT AUTHORITY\SYSTEM</Data>
  </EventData>
</Event>
"
Microsoft-Windows-Sysmon/Operational,,,WinDev2309Eval,13:16.0,,,,,,,,,11,4731,,,,C:\Windows\system32\svchost.exe,,,0x8000000000000000,4,,,,,0,,,,,,,{f57bd86a-1d6e-6582-0e01-000000000d00},3400,9988.0,,,,,,DLL,,,,,,,,,,,,,2023-12-19T22:47:11.0321548Z,C:\Windows\SoftwareDistribution\Download\7bd97cc524ebd8114e77ca1991fbf2f3\Metadata\UpdateDeploy.dll,,,,,,11,,4208,NT AUTHORITY\SYSTEM,S-1-5-18,47:11.0,2.0,"<Event xmlns=""http://schemas.microsoft.com/win/2004/08/events/event"">
  <System>
    <Provider Name=""Microsoft-Windows-Sysmon"" Guid=""{5770385f-c22a-43e0-bf4c-06f5698ffbd9}""/>
    <EventID>11</EventID>
    <Version>2</Version>
    <Level>4</Level>
    <Task>11</Task>
    <Opcode>0</Opcode>
    <Keywords>0x8000000000000000</Keywords>
    <TimeCreated SystemTime=""2023-12-19T22:47:11.0321548Z""/>
    <EventRecordID>4731</EventRecordID>
    <Correlation/>
    <Execution ProcessID=""3400"" ThreadID=""4208""/>
    <Channel>Microsoft-Windows-Sysmon/Operational</Channel>
    <Computer>WinDev2309Eval</Computer>
    <Security UserID=""S-1-5-18""/>
  </System>
  <EventData>
    <Data Name=""RuleName"">DLL</Data>
    <Data Name=""UtcTime"">2023-12-19 22:47:11.029</Data>
    <Data Name=""ProcessGuid"">{f57bd86a-1d6e-6582-0e01-000000000d00}</Data>
    <Data Name=""ProcessId"">9988</Data>
    <Data Name=""Image"">C:\Windows\system32\svchost.exe</Data>
    <Data Name=""TargetFilename"">C:\Windows\SoftwareDistribution\Download\7bd97cc524ebd8114e77ca1991fbf2f3\Metadata\UpdateDeploy.dll</Data>
    <Data Name=""CreationUtcTime"">2023-12-02 04:13:16.000</Data>
    <Data Name=""User"">NT AUTHORITY\SYSTEM</Data>
  </EventData>
</Event>
"
Microsoft-Windows-Sysmon/Operational,,,WinDev2309Eval,56:52.0,,,,,,,,,11,4730,,,,C:\Windows\system32\svchost.exe,,,0x8000000000000000,4,,,,,0,,,,,,,{f57bd86a-1d6e-6582-0e01-000000000d00},3400,9988.0,,,,,,DLL,,,,,,,,,,,,,2023-12-19T22:47:11.0265506Z,C:\Windows\SoftwareDistribution\Download\7bd97cc524ebd8114e77ca1991fbf2f3\Metadata\WinREAgent.dll,,,,,,11,,4208,NT AUTHORITY\SYSTEM,S-1-5-18,47:11.0,2.0,"<Event xmlns=""http://schemas.microsoft.com/win/2004/08/events/event"">
  <System>
    <Provider Name=""Microsoft-Windows-Sysmon"" Guid=""{5770385f-c22a-43e0-bf4c-06f5698ffbd9}""/>
    <EventID>11</EventID>
    <Version>2</Version>
    <Level>4</Level>
    <Task>11</Task>
    <Opcode>0</Opcode>
    <Keywords>0x8000000000000000</Keywords>
    <TimeCreated SystemTime=""2023-12-19T22:47:11.0265506Z""/>
    <EventRecordID>4730</EventRecordID>
    <Correlation/>
    <Execution ProcessID=""3400"" ThreadID=""4208""/>
    <Channel>Microsoft-Windows-Sysmon/Operational</Channel>
    <Computer>WinDev2309Eval</Computer>
    <Security UserID=""S-1-5-18""/>
  </System>
  <EventData>
    <Data Name=""RuleName"">DLL</Data>
    <Data Name=""UtcTime"">2023-12-19 22:47:11.013</Data>
    <Data Name=""ProcessGuid"">{f57bd86a-1d6e-6582-0e01-000000000d00}</Data>
    <Data Name=""ProcessId"">9988</Data>
    <Data Name=""Image"">C:\Windows\system32\svchost.exe</Data>
    <Data Name=""TargetFilename"">C:\Windows\SoftwareDistribution\Download\7bd97cc524ebd8114e77ca1991fbf2f3\Metadata\WinREAgent.dll</Data>
    <Data Name=""CreationUtcTime"">2023-12-02 09:56:52.000</Data>
    <Data Name=""User"">NT AUTHORITY\SYSTEM</Data>
  </EventData>
</Event>
"
Microsoft-Windows-Sysmon/Operational,,,WinDev2309Eval,14:20.0,,,,,,,,,11,4729,,,,C:\Windows\system32\svchost.exe,,,0x8000000000000000,4,,,,,0,,,,,,,{f57bd86a-1d6e-6582-0e01-000000000d00},3400,9988.0,,,,,,DLL,,,,,,,,,,,,,2023-12-19T22:47:11.0227944Z,C:\Windows\SoftwareDistribution\Download\7bd97cc524ebd8114e77ca1991fbf2f3\Metadata\ReserveManager.dll,,,,,,11,,4208,NT AUTHORITY\SYSTEM,S-1-5-18,47:11.0,2.0,"<Event xmlns=""http://schemas.microsoft.com/win/2004/08/events/event"">
  <System>
    <Provider Name=""Microsoft-Windows-Sysmon"" Guid=""{5770385f-c22a-43e0-bf4c-06f5698ffbd9}""/>
    <EventID>11</EventID>
    <Version>2</Version>
    <Level>4</Level>
    <Task>11</Task>
    <Opcode>0</Opcode>
    <Keywords>0x8000000000000000</Keywords>
    <TimeCreated SystemTime=""2023-12-19T22:47:11.0227944Z""/>
    <EventRecordID>4729</EventRecordID>
    <Correlation/>
    <Execution ProcessID=""3400"" ThreadID=""4208""/>
    <Channel>Microsoft-Windows-Sysmon/Operational</Channel>
    <Computer>WinDev2309Eval</Computer>
    <Security UserID=""S-1-5-18""/>
  </System>
  <EventData>
    <Data Name=""RuleName"">DLL</Data>
    <Data Name=""UtcTime"">2023-12-19 22:47:11.013</Data>
    <Data Name=""ProcessGuid"">{f57bd86a-1d6e-6582-0e01-000000000d00}</Data>
    <Data Name=""ProcessId"">9988</Data>
    <Data Name=""Image"">C:\Windows\system32\svchost.exe</Data>
    <Data Name=""TargetFilename"">C:\Windows\SoftwareDistribution\Download\7bd97cc524ebd8114e77ca1991fbf2f3\Metadata\ReserveManager.dll</Data>
    <Data Name=""CreationUtcTime"">2023-12-02 04:14:20.000</Data>
    <Data Name=""User"">NT AUTHORITY\SYSTEM</Data>
  </EventData>
</Event>
"
Microsoft-Windows-Sysmon/Operational,,,WinDev2309Eval,14:10.0,,,,,,,,,11,4728,,,,C:\Windows\system32\svchost.exe,,,0x8000000000000000,4,,,,,0,,,,,,,{f57bd86a-1d6e-6582-0e01-000000000d00},3400,9988.0,,,,,,DLL,,,,,,,,,,,,,2023-12-19T22:47:11.0111276Z,C:\Windows\SoftwareDistribution\Download\7bd97cc524ebd8114e77ca1991fbf2f3\Metadata\TurboStack.dll,,,,,,11,,4208,NT AUTHORITY\SYSTEM,S-1-5-18,47:11.0,2.0,"<Event xmlns=""http://schemas.microsoft.com/win/2004/08/events/event"">
  <System>
    <Provider Name=""Microsoft-Windows-Sysmon"" Guid=""{5770385f-c22a-43e0-bf4c-06f5698ffbd9}""/>
    <EventID>11</EventID>
    <Version>2</Version>
    <Level>4</Level>
    <Task>11</Task>
    <Opcode>0</Opcode>
    <Keywords>0x8000000000000000</Keywords>
    <TimeCreated SystemTime=""2023-12-19T22:47:11.0111276Z""/>
    <EventRecordID>4728</EventRecordID>
    <Correlation/>
    <Execution ProcessID=""3400"" ThreadID=""4208""/>
    <Channel>Microsoft-Windows-Sysmon/Operational</Channel>
    <Computer>WinDev2309Eval</Computer>
    <Security UserID=""S-1-5-18""/>
  </System>
  <EventData>
    <Data Name=""RuleName"">DLL</Data>
    <Data Name=""UtcTime"">2023-12-19 22:47:10.998</Data>
    <Data Name=""ProcessGuid"">{f57bd86a-1d6e-6582-0e01-000000000d00}</Data>
    <Data Name=""ProcessId"">9988</Data>
    <Data Name=""Image"">C:\Windows\system32\svchost.exe</Data>
    <Data Name=""TargetFilename"">C:\Windows\SoftwareDistribution\Download\7bd97cc524ebd8114e77ca1991fbf2f3\Metadata\TurboStack.dll</Data>
    <Data Name=""CreationUtcTime"">2023-12-02 04:14:10.000</Data>
    <Data Name=""User"">NT AUTHORITY\SYSTEM</Data>
  </EventData>
</Event>
"
Microsoft-Windows-Sysmon/Operational,,,WinDev2309Eval,14:28.0,,,,,,,,,11,4727,,,,C:\Windows\system32\svchost.exe,,,0x8000000000000000,4,,,,,0,,,,,,,{f57bd86a-1d6e-6582-0e01-000000000d00},3400,9988.0,,,,,,DLL,,,,,,,,,,,,,2023-12-19T22:47:10.9819456Z,C:\Windows\SoftwareDistribution\Download\7bd97cc524ebd8114e77ca1991fbf2f3\Metadata\wcp.dll,,,,,,11,,4208,NT AUTHORITY\SYSTEM,S-1-5-18,47:11.0,2.0,"<Event xmlns=""http://schemas.microsoft.com/win/2004/08/events/event"">
  <System>
    <Provider Name=""Microsoft-Windows-Sysmon"" Guid=""{5770385f-c22a-43e0-bf4c-06f5698ffbd9}""/>
    <EventID>11</EventID>
    <Version>2</Version>
    <Level>4</Level>
    <Task>11</Task>
    <Opcode>0</Opcode>
    <Keywords>0x8000000000000000</Keywords>
    <TimeCreated SystemTime=""2023-12-19T22:47:10.9819456Z""/>
    <EventRecordID>4727</EventRecordID>
    <Correlation/>
    <Execution ProcessID=""3400"" ThreadID=""4208""/>
    <Channel>Microsoft-Windows-Sysmon/Operational</Channel>
    <Computer>WinDev2309Eval</Computer>
    <Security UserID=""S-1-5-18""/>
  </System>
  <EventData>
    <Data Name=""RuleName"">DLL</Data>
    <Data Name=""UtcTime"">2023-12-19 22:47:10.967</Data>
    <Data Name=""ProcessGuid"">{f57bd86a-1d6e-6582-0e01-000000000d00}</Data>
    <Data Name=""ProcessId"">9988</Data>
    <Data Name=""Image"">C:\Windows\system32\svchost.exe</Data>
    <Data Name=""TargetFilename"">C:\Windows\SoftwareDistribution\Download\7bd97cc524ebd8114e77ca1991fbf2f3\Metadata\wcp.dll</Data>
    <Data Name=""CreationUtcTime"">2023-12-02 04:14:28.000</Data>
    <Data Name=""User"">NT AUTHORITY\SYSTEM</Data>
  </EventData>
</Event>
"
Microsoft-Windows-Sysmon/Operational,,,WinDev2309Eval,21:42.0,,,,,,,,,11,4726,,,,C:\Windows\system32\svchost.exe,,,0x8000000000000000,4,,,,,0,,,,,,,{f57bd86a-1d6e-6582-0e01-000000000d00},3400,9988.0,,,,,,DLL,,,,,,,,,,,,,2023-12-19T22:47:10.9799579Z,C:\Windows\SoftwareDistribution\Download\7bd97cc524ebd8114e77ca1991fbf2f3\Metadata\UAOneSettings.dll,,,,,,11,,4208,NT AUTHORITY\SYSTEM,S-1-5-18,47:11.0,2.0,"<Event xmlns=""http://schemas.microsoft.com/win/2004/08/events/event"">
  <System>
    <Provider Name=""Microsoft-Windows-Sysmon"" Guid=""{5770385f-c22a-43e0-bf4c-06f5698ffbd9}""/>
    <EventID>11</EventID>
    <Version>2</Version>
    <Level>4</Level>
    <Task>11</Task>
    <Opcode>0</Opcode>
    <Keywords>0x8000000000000000</Keywords>
    <TimeCreated SystemTime=""2023-12-19T22:47:10.9799579Z""/>
    <EventRecordID>4726</EventRecordID>
    <Correlation/>
    <Execution ProcessID=""3400"" ThreadID=""4208""/>
    <Channel>Microsoft-Windows-Sysmon/Operational</Channel>
    <Computer>WinDev2309Eval</Computer>
    <Security UserID=""S-1-5-18""/>
  </System>
  <EventData>
    <Data Name=""RuleName"">DLL</Data>
    <Data Name=""UtcTime"">2023-12-19 22:47:10.967</Data>
    <Data Name=""ProcessGuid"">{f57bd86a-1d6e-6582-0e01-000000000d00}</Data>
    <Data Name=""ProcessId"">9988</Data>
    <Data Name=""Image"">C:\Windows\system32\svchost.exe</Data>
    <Data Name=""TargetFilename"">C:\Windows\SoftwareDistribution\Download\7bd97cc524ebd8114e77ca1991fbf2f3\Metadata\UAOneSettings.dll</Data>
    <Data Name=""CreationUtcTime"">2023-12-02 04:21:42.000</Data>
    <Data Name=""User"">NT AUTHORITY\SYSTEM</Data>
  </EventData>
</Event>
"
Microsoft-Windows-Sysmon/Operational,,,WinDev2309Eval,04:50.0,,,,,,,,,11,4725,,,,C:\Windows\system32\svchost.exe,,,0x8000000000000000,4,,,,,0,,,,,,,{f57bd86a-1d6e-6582-0e01-000000000d00},3400,9988.0,,,,,,DLL,,,,,,,,,,,,,2023-12-19T22:47:10.9759947Z,C:\Windows\SoftwareDistribution\Download\7bd97cc524ebd8114e77ca1991fbf2f3\Metadata\Mitigation.dll,,,,,,11,,4208,NT AUTHORITY\SYSTEM,S-1-5-18,47:11.0,2.0,"<Event xmlns=""http://schemas.microsoft.com/win/2004/08/events/event"">
  <System>
    <Provider Name=""Microsoft-Windows-Sysmon"" Guid=""{5770385f-c22a-43e0-bf4c-06f5698ffbd9}""/>
    <EventID>11</EventID>
    <Version>2</Version>
    <Level>4</Level>
    <Task>11</Task>
    <Opcode>0</Opcode>
    <Keywords>0x8000000000000000</Keywords>
    <TimeCreated SystemTime=""2023-12-19T22:47:10.9759947Z""/>
    <EventRecordID>4725</EventRecordID>
    <Correlation/>
    <Execution ProcessID=""3400"" ThreadID=""4208""/>
    <Channel>Microsoft-Windows-Sysmon/Operational</Channel>
    <Computer>WinDev2309Eval</Computer>
    <Security UserID=""S-1-5-18""/>
  </System>
  <EventData>
    <Data Name=""RuleName"">DLL</Data>
    <Data Name=""UtcTime"">2023-12-19 22:47:10.967</Data>
    <Data Name=""ProcessGuid"">{f57bd86a-1d6e-6582-0e01-000000000d00}</Data>
    <Data Name=""ProcessId"">9988</Data>
    <Data Name=""Image"">C:\Windows\system32\svchost.exe</Data>
    <Data Name=""TargetFilename"">C:\Windows\SoftwareDistribution\Download\7bd97cc524ebd8114e77ca1991fbf2f3\Metadata\Mitigation.dll</Data>
    <Data Name=""CreationUtcTime"">2023-12-02 10:04:50.000</Data>
    <Data Name=""User"">NT AUTHORITY\SYSTEM</Data>
  </EventData>
</Event>
"
Microsoft-Windows-Sysmon/Operational,,,WinDev2309Eval,13:54.0,,,,,,,,,11,4724,,,,C:\Windows\system32\svchost.exe,,,0x8000000000000000,4,,,,,0,,,,,,,{f57bd86a-1d6e-6582-0e01-000000000d00},3400,9988.0,,,,,,DLL,,,,,,,,,,,,,2023-12-19T22:47:10.9693023Z,C:\Windows\SoftwareDistribution\Download\7bd97cc524ebd8114e77ca1991fbf2f3\Metadata\dpx.dll,,,,,,11,,4208,NT AUTHORITY\SYSTEM,S-1-5-18,47:11.0,2.0,"<Event xmlns=""http://schemas.microsoft.com/win/2004/08/events/event"">
  <System>
    <Provider Name=""Microsoft-Windows-Sysmon"" Guid=""{5770385f-c22a-43e0-bf4c-06f5698ffbd9}""/>
    <EventID>11</EventID>
    <Version>2</Version>
    <Level>4</Level>
    <Task>11</Task>
    <Opcode>0</Opcode>
    <Keywords>0x8000000000000000</Keywords>
    <TimeCreated SystemTime=""2023-12-19T22:47:10.9693023Z""/>
    <EventRecordID>4724</EventRecordID>
    <Correlation/>
    <Execution ProcessID=""3400"" ThreadID=""4208""/>
    <Channel>Microsoft-Windows-Sysmon/Operational</Channel>
    <Computer>WinDev2309Eval</Computer>
    <Security UserID=""S-1-5-18""/>
  </System>
  <EventData>
    <Data Name=""RuleName"">DLL</Data>
    <Data Name=""UtcTime"">2023-12-19 22:47:10.967</Data>
    <Data Name=""ProcessGuid"">{f57bd86a-1d6e-6582-0e01-000000000d00}</Data>
    <Data Name=""ProcessId"">9988</Data>
    <Data Name=""Image"">C:\Windows\system32\svchost.exe</Data>
    <Data Name=""TargetFilename"">C:\Windows\SoftwareDistribution\Download\7bd97cc524ebd8114e77ca1991fbf2f3\Metadata\dpx.dll</Data>
    <Data Name=""CreationUtcTime"">2023-12-02 04:13:54.000</Data>
    <Data Name=""User"">NT AUTHORITY\SYSTEM</Data>
  </EventData>
</Event>
"
Microsoft-Windows-Sysmon/Operational,,,WinDev2309Eval,13:52.0,,,,,,,,,11,4723,,,,C:\Windows\system32\svchost.exe,,,0x8000000000000000,4,,,,,0,,,,,,,{f57bd86a-1d6e-6582-0e01-000000000d00},3400,9988.0,,,,,,DLL,,,,,,,,,,,,,2023-12-19T22:47:10.9421023Z,C:\Windows\SoftwareDistribution\Download\7bd97cc524ebd8114e77ca1991fbf2f3\Metadata\UpdateAgent.dll,,,,,,11,,4208,NT AUTHORITY\SYSTEM,S-1-5-18,47:10.9,2.0,"<Event xmlns=""http://schemas.microsoft.com/win/2004/08/events/event"">
  <System>
    <Provider Name=""Microsoft-Windows-Sysmon"" Guid=""{5770385f-c22a-43e0-bf4c-06f5698ffbd9}""/>
    <EventID>11</EventID>
    <Version>2</Version>
    <Level>4</Level>
    <Task>11</Task>
    <Opcode>0</Opcode>
    <Keywords>0x8000000000000000</Keywords>
    <TimeCreated SystemTime=""2023-12-19T22:47:10.9421023Z""/>
    <EventRecordID>4723</EventRecordID>
    <Correlation/>
    <Execution ProcessID=""3400"" ThreadID=""4208""/>
    <Channel>Microsoft-Windows-Sysmon/Operational</Channel>
    <Computer>WinDev2309Eval</Computer>
    <Security UserID=""S-1-5-18""/>
  </System>
  <EventData>
    <Data Name=""RuleName"">DLL</Data>
    <Data Name=""UtcTime"">2023-12-19 22:47:10.935</Data>
    <Data Name=""ProcessGuid"">{f57bd86a-1d6e-6582-0e01-000000000d00}</Data>
    <Data Name=""ProcessId"">9988</Data>
    <Data Name=""Image"">C:\Windows\system32\svchost.exe</Data>
    <Data Name=""TargetFilename"">C:\Windows\SoftwareDistribution\Download\7bd97cc524ebd8114e77ca1991fbf2f3\Metadata\UpdateAgent.dll</Data>
    <Data Name=""CreationUtcTime"">2023-12-02 04:13:52.000</Data>
    <Data Name=""User"">NT AUTHORITY\SYSTEM</Data>
  </EventData>
</Event>
"
Microsoft-Windows-Sysmon/Operational,"""C:\Windows\uus\packages\preview\AMD64\MoUsoCoreWorker.exe"" useprivatenamespaces",Microsoft Corporation,WinDev2309Eval,,C:\Windows\system32\,MoUSO Core Worker Process,,,,,,,1,4722,,1213.2310.20012.0,"MD5=6A45C56259A1488CDE18F4FAC8F3F47E,SHA256=20A7A2B0A0D132478073F91513587FED48AE5FB0D05CBA68048C0EB6274005DA,IMPHASH=0E8628CF41D4E25C6B8CB9C2961DBE8B",C:\Windows\UUS\Packages\Preview\amd64\MoUsoCoreWorker.exe,,System,0x8000000000000000,4,{f57bd86a-1cf1-6582-e703-000000000000},0x3e7,,,0,MoUSOCoreWorker.exe,C:\Windows\system32\svchost.exe -k netsvcs -p -s UsoSvc,C:\Windows\System32\svchost.exe,{f57bd86a-1d6e-6582-0b01-000000000d00},9896.0,NT AUTHORITY\SYSTEM,{f57bd86a-1d6e-6582-0c01-000000000d00},3400,9996.0,Microsoft® Windows® Operating System,,,,,-,,,,,,,,,,,,,2023-12-19T22:47:10.3485531Z,,,,,,,1,0.0,4208,NT AUTHORITY\SYSTEM,S-1-5-18,47:10.3,5.0,"<Event xmlns=""http://schemas.microsoft.com/win/2004/08/events/event"">
  <System>
    <Provider Name=""Microsoft-Windows-Sysmon"" Guid=""{5770385f-c22a-43e0-bf4c-06f5698ffbd9}""/>
    <EventID>1</EventID>
    <Version>5</Version>
    <Level>4</Level>
    <Task>1</Task>
    <Opcode>0</Opcode>
    <Keywords>0x8000000000000000</Keywords>
    <TimeCreated SystemTime=""2023-12-19T22:47:10.3485531Z""/>
    <EventRecordID>4722</EventRecordID>
    <Correlation/>
    <Execution ProcessID=""3400"" ThreadID=""4208""/>
    <Channel>Microsoft-Windows-Sysmon/Operational</Channel>
    <Computer>WinDev2309Eval</Computer>
    <Security UserID=""S-1-5-18""/>
  </System>
  <EventData>
    <Data Name=""RuleName"">-</Data>
    <Data Name=""UtcTime"">2023-12-19 22:47:10.319</Data>
    <Data Name=""ProcessGuid"">{f57bd86a-1d6e-6582-0c01-000000000d00}</Data>
    <Data Name=""ProcessId"">9996</Data>
    <Data Name=""Image"">C:\Windows\UUS\Packages\Preview\amd64\MoUsoCoreWorker.exe</Data>
    <Data Name=""FileVersion"">1213.2310.20012.0</Data>
    <Data Name=""Description"">MoUSO Core Worker Process</Data>
    <Data Name=""Product"">Microsoft&#174; Windows&#174; Operating System</Data>
    <Data Name=""Company"">Microsoft Corporation</Data>
    <Data Name=""OriginalFileName"">MoUSOCoreWorker.exe</Data>
    <Data Name=""CommandLine"">""C:\Windows\uus\packages\preview\AMD64\MoUsoCoreWorker.exe"" useprivatenamespaces</Data>
    <Data Name=""CurrentDirectory"">C:\Windows\system32\</Data>
    <Data Name=""User"">NT AUTHORITY\SYSTEM</Data>
    <Data Name=""LogonGuid"">{f57bd86a-1cf1-6582-e703-000000000000}</Data>
    <Data Name=""LogonId"">0x3e7</Data>
    <Data Name=""TerminalSessionId"">0</Data>
    <Data Name=""IntegrityLevel"">System</Data>
    <Data Name=""Hashes"">MD5=6A45C56259A1488CDE18F4FAC8F3F47E,SHA256=20A7A2B0A0D132478073F91513587FED48AE5FB0D05CBA68048C0EB6274005DA,IMPHASH=0E8628CF41D4E25C6B8CB9C2961DBE8B</Data>
    <Data Name=""ParentProcessGuid"">{f57bd86a-1d6e-6582-0b01-000000000d00}</Data>
    <Data Name=""ParentProcessId"">9896</Data>
    <Data Name=""ParentImage"">C:\Windows\System32\svchost.exe</Data>
    <Data Name=""ParentCommandLine"">C:\Windows\system32\svchost.exe -k netsvcs -p -s UsoSvc</Data>
    <Data Name=""ParentUser"">NT AUTHORITY\SYSTEM</Data>
  </EventData>
</Event>
"
Microsoft-Windows-Sysmon/Operational,C:\Windows\System32\svchost.exe -k LocalServiceNetworkRestricted -p -s wscsvc,Microsoft Corporation,WinDev2309Eval,,C:\Windows\system32\,Host Process for Windows Services,,,,,,,1,4721,,10.0.22621.1 (WinBuild.160101.0800),"MD5=8EC922C7A58A8701AB481B7BE9644536,SHA256=949BFB5B4C7D58D92F3F9C5F8EC7CA4CEAFFD10EC5F0020F0A987C472D61C54B,IMPHASH=76B4BAE80D2C3B08BB062D97BF9CA791",C:\Windows\System32\svchost.exe,,System,0x8000000000000000,4,{f57bd86a-1cf2-6582-e503-000000000000},0x3e5,,,0,svchost.exe,C:\Windows\system32\services.exe,C:\Windows\System32\services.exe,{f57bd86a-1cf1-6582-0b00-000000000d00},760.0,NT AUTHORITY\SYSTEM,{f57bd86a-1d6e-6582-0d01-000000000d00},3400,8008.0,Microsoft® Windows® Operating System,,,,,-,,,,,,,,,,,,,2023-12-19T22:47:10.3322677Z,,,,,,,1,0.0,4208,NT AUTHORITY\LOCAL SERVICE,S-1-5-18,47:10.3,5.0,"<Event xmlns=""http://schemas.microsoft.com/win/2004/08/events/event"">
  <System>
    <Provider Name=""Microsoft-Windows-Sysmon"" Guid=""{5770385f-c22a-43e0-bf4c-06f5698ffbd9}""/>
    <EventID>1</EventID>
    <Version>5</Version>
    <Level>4</Level>
    <Task>1</Task>
    <Opcode>0</Opcode>
    <Keywords>0x8000000000000000</Keywords>
    <TimeCreated SystemTime=""2023-12-19T22:47:10.3322677Z""/>
    <EventRecordID>4721</EventRecordID>
    <Correlation/>
    <Execution ProcessID=""3400"" ThreadID=""4208""/>
    <Channel>Microsoft-Windows-Sysmon/Operational</Channel>
    <Computer>WinDev2309Eval</Computer>
    <Security UserID=""S-1-5-18""/>
  </System>
  <EventData>
    <Data Name=""RuleName"">-</Data>
    <Data Name=""UtcTime"">2023-12-19 22:47:10.329</Data>
    <Data Name=""ProcessGuid"">{f57bd86a-1d6e-6582-0d01-000000000d00}</Data>
    <Data Name=""ProcessId"">8008</Data>
    <Data Name=""Image"">C:\Windows\System32\svchost.exe</Data>
    <Data Name=""FileVersion"">10.0.22621.1 (WinBuild.160101.0800)</Data>
    <Data Name=""Description"">Host Process for Windows Services</Data>
    <Data Name=""Product"">Microsoft&#174; Windows&#174; Operating System</Data>
    <Data Name=""Company"">Microsoft Corporation</Data>
    <Data Name=""OriginalFileName"">svchost.exe</Data>
    <Data Name=""CommandLine"">C:\Windows\System32\svchost.exe -k LocalServiceNetworkRestricted -p -s wscsvc</Data>
    <Data Name=""CurrentDirectory"">C:\Windows\system32\</Data>
    <Data Name=""User"">NT AUTHORITY\LOCAL SERVICE</Data>
    <Data Name=""LogonGuid"">{f57bd86a-1cf2-6582-e503-000000000000}</Data>
    <Data Name=""LogonId"">0x3e5</Data>
    <Data Name=""TerminalSessionId"">0</Data>
    <Data Name=""IntegrityLevel"">System</Data>
    <Data Name=""Hashes"">MD5=8EC922C7A58A8701AB481B7BE9644536,SHA256=949BFB5B4C7D58D92F3F9C5F8EC7CA4CEAFFD10EC5F0020F0A987C472D61C54B,IMPHASH=76B4BAE80D2C3B08BB062D97BF9CA791</Data>
    <Data Name=""ParentProcessGuid"">{f57bd86a-1cf1-6582-0b00-000000000d00}</Data>
    <Data Name=""ParentProcessId"">760</Data>
    <Data Name=""ParentImage"">C:\Windows\System32\services.exe</Data>
    <Data Name=""ParentCommandLine"">C:\Windows\system32\services.exe</Data>
    <Data Name=""ParentUser"">NT AUTHORITY\SYSTEM</Data>
  </EventData>
</Event>
"
Microsoft-Windows-Sysmon/Operational,C:\Windows\system32\svchost.exe -k netsvcs -p -s UsoSvc,Microsoft Corporation,WinDev2309Eval,,C:\Windows\system32\,Host Process for Windows Services,,,,,,,1,4720,,10.0.22621.1 (WinBuild.160101.0800),"MD5=8EC922C7A58A8701AB481B7BE9644536,SHA256=949BFB5B4C7D58D92F3F9C5F8EC7CA4CEAFFD10EC5F0020F0A987C472D61C54B,IMPHASH=76B4BAE80D2C3B08BB062D97BF9CA791",C:\Windows\System32\svchost.exe,,System,0x8000000000000000,4,{f57bd86a-1cf1-6582-e703-000000000000},0x3e7,,,0,svchost.exe,C:\Windows\system32\services.exe,C:\Windows\System32\services.exe,{f57bd86a-1cf1-6582-0b00-000000000d00},760.0,NT AUTHORITY\SYSTEM,{f57bd86a-1d6e-6582-0b01-000000000d00},3400,9896.0,Microsoft® Windows® Operating System,,,,,-,,,,,,,,,,,,,2023-12-19T22:47:10.1894874Z,,,,,,,1,0.0,4208,NT AUTHORITY\SYSTEM,S-1-5-18,47:10.2,5.0,"<Event xmlns=""http://schemas.microsoft.com/win/2004/08/events/event"">
  <System>
    <Provider Name=""Microsoft-Windows-Sysmon"" Guid=""{5770385f-c22a-43e0-bf4c-06f5698ffbd9}""/>
    <EventID>1</EventID>
    <Version>5</Version>
    <Level>4</Level>
    <Task>1</Task>
    <Opcode>0</Opcode>
    <Keywords>0x8000000000000000</Keywords>
    <TimeCreated SystemTime=""2023-12-19T22:47:10.1894874Z""/>
    <EventRecordID>4720</EventRecordID>
    <Correlation/>
    <Execution ProcessID=""3400"" ThreadID=""4208""/>
    <Channel>Microsoft-Windows-Sysmon/Operational</Channel>
    <Computer>WinDev2309Eval</Computer>
    <Security UserID=""S-1-5-18""/>
  </System>
  <EventData>
    <Data Name=""RuleName"">-</Data>
    <Data Name=""UtcTime"">2023-12-19 22:47:10.187</Data>
    <Data Name=""ProcessGuid"">{f57bd86a-1d6e-6582-0b01-000000000d00}</Data>
    <Data Name=""ProcessId"">9896</Data>
    <Data Name=""Image"">C:\Windows\System32\svchost.exe</Data>
    <Data Name=""FileVersion"">10.0.22621.1 (WinBuild.160101.0800)</Data>
    <Data Name=""Description"">Host Process for Windows Services</Data>
    <Data Name=""Product"">Microsoft&#174; Windows&#174; Operating System</Data>
    <Data Name=""Company"">Microsoft Corporation</Data>
    <Data Name=""OriginalFileName"">svchost.exe</Data>
    <Data Name=""CommandLine"">C:\Windows\system32\svchost.exe -k netsvcs -p -s UsoSvc</Data>
    <Data Name=""CurrentDirectory"">C:\Windows\system32\</Data>
    <Data Name=""User"">NT AUTHORITY\SYSTEM</Data>
    <Data Name=""LogonGuid"">{f57bd86a-1cf1-6582-e703-000000000000}</Data>
    <Data Name=""LogonId"">0x3e7</Data>
    <Data Name=""TerminalSessionId"">0</Data>
    <Data Name=""IntegrityLevel"">System</Data>
    <Data Name=""Hashes"">MD5=8EC922C7A58A8701AB481B7BE9644536,SHA256=949BFB5B4C7D58D92F3F9C5F8EC7CA4CEAFFD10EC5F0020F0A987C472D61C54B,IMPHASH=76B4BAE80D2C3B08BB062D97BF9CA791</Data>
    <Data Name=""ParentProcessGuid"">{f57bd86a-1cf1-6582-0b00-000000000d00}</Data>
    <Data Name=""ParentProcessId"">760</Data>
    <Data Name=""ParentImage"">C:\Windows\System32\services.exe</Data>
    <Data Name=""ParentCommandLine"">C:\Windows\system32\services.exe</Data>
    <Data Name=""ParentUser"">NT AUTHORITY\SYSTEM</Data>
  </EventData>
</Event>
"
Microsoft-Windows-Sysmon/Operational,"""C:\Program Files\Microsoft Update Health Tools\uhssvc.exe""",Microsoft Corporation,WinDev2309Eval,,C:\Windows\system32\,Microsoft Update Health Service,,,,,,,1,4719,,10.0.22621.2495 (WinBuild.160101.0800),"MD5=BF74011ED9E17E6B7B759D7CEB2D48D1,SHA256=864D7F3B1B6E95061DE663B1E249FFD2CD97F8F5F87A2A20D29CBCCBB3E429DD,IMPHASH=695FE56CD28F6F62FA6AC1882AEDF4F0",C:\Program Files\Microsoft Update Health Tools\uhssvc.exe,,System,0x8000000000000000,4,{f57bd86a-1cf1-6582-e703-000000000000},0x3e7,,,0,uhssvc,C:\Windows\system32\services.exe,C:\Windows\System32\services.exe,{f57bd86a-1cf1-6582-0b00-000000000d00},760.0,NT AUTHORITY\SYSTEM,{f57bd86a-1d6e-6582-0a01-000000000d00},3400,9800.0,Microsoft® Windows® Operating System,,,,,-,,,,,,,,,,,,,2023-12-19T22:47:10.0379728Z,,,,,,,1,0.0,4208,NT AUTHORITY\SYSTEM,S-1-5-18,47:10.0,5.0,"<Event xmlns=""http://schemas.microsoft.com/win/2004/08/events/event"">
  <System>
    <Provider Name=""Microsoft-Windows-Sysmon"" Guid=""{5770385f-c22a-43e0-bf4c-06f5698ffbd9}""/>
    <EventID>1</EventID>
    <Version>5</Version>
    <Level>4</Level>
    <Task>1</Task>
    <Opcode>0</Opcode>
    <Keywords>0x8000000000000000</Keywords>
    <TimeCreated SystemTime=""2023-12-19T22:47:10.0379728Z""/>
    <EventRecordID>4719</EventRecordID>
    <Correlation/>
    <Execution ProcessID=""3400"" ThreadID=""4208""/>
    <Channel>Microsoft-Windows-Sysmon/Operational</Channel>
    <Computer>WinDev2309Eval</Computer>
    <Security UserID=""S-1-5-18""/>
  </System>
  <EventData>
    <Data Name=""RuleName"">-</Data>
    <Data Name=""UtcTime"">2023-12-19 22:47:10.030</Data>
    <Data Name=""ProcessGuid"">{f57bd86a-1d6e-6582-0a01-000000000d00}</Data>
    <Data Name=""ProcessId"">9800</Data>
    <Data Name=""Image"">C:\Program Files\Microsoft Update Health Tools\uhssvc.exe</Data>
    <Data Name=""FileVersion"">10.0.22621.2495 (WinBuild.160101.0800)</Data>
    <Data Name=""Description"">Microsoft Update Health Service</Data>
    <Data Name=""Product"">Microsoft&#174; Windows&#174; Operating System</Data>
    <Data Name=""Company"">Microsoft Corporation</Data>
    <Data Name=""OriginalFileName"">uhssvc</Data>
    <Data Name=""CommandLine"">""C:\Program Files\Microsoft Update Health Tools\uhssvc.exe""</Data>
    <Data Name=""CurrentDirectory"">C:\Windows\system32\</Data>
    <Data Name=""User"">NT AUTHORITY\SYSTEM</Data>
    <Data Name=""LogonGuid"">{f57bd86a-1cf1-6582-e703-000000000000}</Data>
    <Data Name=""LogonId"">0x3e7</Data>
    <Data Name=""TerminalSessionId"">0</Data>
    <Data Name=""IntegrityLevel"">System</Data>
    <Data Name=""Hashes"">MD5=BF74011ED9E17E6B7B759D7CEB2D48D1,SHA256=864D7F3B1B6E95061DE663B1E249FFD2CD97F8F5F87A2A20D29CBCCBB3E429DD,IMPHASH=695FE56CD28F6F62FA6AC1882AEDF4F0</Data>
    <Data Name=""ParentProcessGuid"">{f57bd86a-1cf1-6582-0b00-000000000d00}</Data>
    <Data Name=""ParentProcessId"">760</Data>
    <Data Name=""ParentImage"">C:\Windows\System32\services.exe</Data>
    <Data Name=""ParentCommandLine"">C:\Windows\system32\services.exe</Data>
    <Data Name=""ParentUser"">NT AUTHORITY\SYSTEM</Data>
  </EventData>
</Event>
"
Microsoft-Windows-Sysmon/Operational,"""C:\Program Files (x86)\Microsoft\EdgeUpdate\MicrosoftEdgeUpdate.exe"" /c",Microsoft Corporation,WinDev2309Eval,,C:\Program Files (x86)\Microsoft\EdgeUpdate\1.3.181.5\,Microsoft Edge Update,,,,,,,1,4718,,1.3.155.85,"MD5=A4FC8EC5BC41C41918B0C1541E4E4BE6,SHA256=54545F352215A9C0F370A01980AADCD5749A93589931662D89A974D7BD60F476,IMPHASH=E00D60405A249A05D3B09AA7FE924B17",C:\Program Files (x86)\Microsoft\EdgeUpdate\MicrosoftEdgeUpdate.exe,,System,0x8000000000000000,4,{f57bd86a-1cf1-6582-e703-000000000000},0x3e7,,,0,msedgeupdate.dll,"""C:\Program Files (x86)\Microsoft\EdgeUpdate\MicrosoftEdgeUpdate.exe"" /svc",C:\Program Files (x86)\Microsoft\EdgeUpdate\MicrosoftEdgeUpdate.exe,{f57bd86a-1d6d-6582-0601-000000000d00},8256.0,NT AUTHORITY\SYSTEM,{f57bd86a-1d6d-6582-0701-000000000d00},3400,8324.0,Microsoft Edge Update,,,,,-,,,,,,,,,,,,,2023-12-19T22:47:09.5963813Z,,,,,,,1,0.0,4208,NT AUTHORITY\SYSTEM,S-1-5-18,47:09.6,5.0,"<Event xmlns=""http://schemas.microsoft.com/win/2004/08/events/event"">
  <System>
    <Provider Name=""Microsoft-Windows-Sysmon"" Guid=""{5770385f-c22a-43e0-bf4c-06f5698ffbd9}""/>
    <EventID>1</EventID>
    <Version>5</Version>
    <Level>4</Level>
    <Task>1</Task>
    <Opcode>0</Opcode>
    <Keywords>0x8000000000000000</Keywords>
    <TimeCreated SystemTime=""2023-12-19T22:47:09.5963813Z""/>
    <EventRecordID>4718</EventRecordID>
    <Correlation/>
    <Execution ProcessID=""3400"" ThreadID=""4208""/>
    <Channel>Microsoft-Windows-Sysmon/Operational</Channel>
    <Computer>WinDev2309Eval</Computer>
    <Security UserID=""S-1-5-18""/>
  </System>
  <EventData>
    <Data Name=""RuleName"">-</Data>
    <Data Name=""UtcTime"">2023-12-19 22:47:09.594</Data>
    <Data Name=""ProcessGuid"">{f57bd86a-1d6d-6582-0701-000000000d00}</Data>
    <Data Name=""ProcessId"">8324</Data>
    <Data Name=""Image"">C:\Program Files (x86)\Microsoft\EdgeUpdate\MicrosoftEdgeUpdate.exe</Data>
    <Data Name=""FileVersion"">1.3.155.85</Data>
    <Data Name=""Description"">Microsoft Edge Update</Data>
    <Data Name=""Product"">Microsoft Edge Update</Data>
    <Data Name=""Company"">Microsoft Corporation</Data>
    <Data Name=""OriginalFileName"">msedgeupdate.dll</Data>
    <Data Name=""CommandLine"">""C:\Program Files (x86)\Microsoft\EdgeUpdate\MicrosoftEdgeUpdate.exe"" /c</Data>
    <Data Name=""CurrentDirectory"">C:\Program Files (x86)\Microsoft\EdgeUpdate\1.3.181.5\</Data>
    <Data Name=""User"">NT AUTHORITY\SYSTEM</Data>
    <Data Name=""LogonGuid"">{f57bd86a-1cf1-6582-e703-000000000000}</Data>
    <Data Name=""LogonId"">0x3e7</Data>
    <Data Name=""TerminalSessionId"">0</Data>
    <Data Name=""IntegrityLevel"">System</Data>
    <Data Name=""Hashes"">MD5=A4FC8EC5BC41C41918B0C1541E4E4BE6,SHA256=54545F352215A9C0F370A01980AADCD5749A93589931662D89A974D7BD60F476,IMPHASH=E00D60405A249A05D3B09AA7FE924B17</Data>
    <Data Name=""ParentProcessGuid"">{f57bd86a-1d6d-6582-0601-000000000d00}</Data>
    <Data Name=""ParentProcessId"">8256</Data>
    <Data Name=""ParentImage"">C:\Program Files (x86)\Microsoft\EdgeUpdate\MicrosoftEdgeUpdate.exe</Data>
    <Data Name=""ParentCommandLine"">""C:\Program Files (x86)\Microsoft\EdgeUpdate\MicrosoftEdgeUpdate.exe"" /svc</Data>
    <Data Name=""ParentUser"">NT AUTHORITY\SYSTEM</Data>
  </EventData>
</Event>
"
Microsoft-Windows-Sysmon/Operational,"""C:\Program Files (x86)\Microsoft\EdgeUpdate\MicrosoftEdgeUpdate.exe"" /svc",Microsoft Corporation,WinDev2309Eval,,C:\Windows\system32\,Microsoft Edge Update,,,,,,,1,4717,,1.3.155.85,"MD5=A4FC8EC5BC41C41918B0C1541E4E4BE6,SHA256=54545F352215A9C0F370A01980AADCD5749A93589931662D89A974D7BD60F476,IMPHASH=E00D60405A249A05D3B09AA7FE924B17",C:\Program Files (x86)\Microsoft\EdgeUpdate\MicrosoftEdgeUpdate.exe,,System,0x8000000000000000,4,{f57bd86a-1cf1-6582-e703-000000000000},0x3e7,,,0,msedgeupdate.dll,C:\Windows\system32\services.exe,C:\Windows\System32\services.exe,{f57bd86a-1cf1-6582-0b00-000000000d00},760.0,NT AUTHORITY\SYSTEM,{f57bd86a-1d6d-6582-0601-000000000d00},3400,8256.0,Microsoft Edge Update,,,,,-,,,,,,,,,,,,,2023-12-19T22:47:09.5369520Z,,,,,,,1,0.0,4208,NT AUTHORITY\SYSTEM,S-1-5-18,47:09.5,5.0,"<Event xmlns=""http://schemas.microsoft.com/win/2004/08/events/event"">
  <System>
    <Provider Name=""Microsoft-Windows-Sysmon"" Guid=""{5770385f-c22a-43e0-bf4c-06f5698ffbd9}""/>
    <EventID>1</EventID>
    <Version>5</Version>
    <Level>4</Level>
    <Task>1</Task>
    <Opcode>0</Opcode>
    <Keywords>0x8000000000000000</Keywords>
    <TimeCreated SystemTime=""2023-12-19T22:47:09.5369520Z""/>
    <EventRecordID>4717</EventRecordID>
    <Correlation/>
    <Execution ProcessID=""3400"" ThreadID=""4208""/>
    <Channel>Microsoft-Windows-Sysmon/Operational</Channel>
    <Computer>WinDev2309Eval</Computer>
    <Security UserID=""S-1-5-18""/>
  </System>
  <EventData>
    <Data Name=""RuleName"">-</Data>
    <Data Name=""UtcTime"">2023-12-19 22:47:09.531</Data>
    <Data Name=""ProcessGuid"">{f57bd86a-1d6d-6582-0601-000000000d00}</Data>
    <Data Name=""ProcessId"">8256</Data>
    <Data Name=""Image"">C:\Program Files (x86)\Microsoft\EdgeUpdate\MicrosoftEdgeUpdate.exe</Data>
    <Data Name=""FileVersion"">1.3.155.85</Data>
    <Data Name=""Description"">Microsoft Edge Update</Data>
    <Data Name=""Product"">Microsoft Edge Update</Data>
    <Data Name=""Company"">Microsoft Corporation</Data>
    <Data Name=""OriginalFileName"">msedgeupdate.dll</Data>
    <Data Name=""CommandLine"">""C:\Program Files (x86)\Microsoft\EdgeUpdate\MicrosoftEdgeUpdate.exe"" /svc</Data>
    <Data Name=""CurrentDirectory"">C:\Windows\system32\</Data>
    <Data Name=""User"">NT AUTHORITY\SYSTEM</Data>
    <Data Name=""LogonGuid"">{f57bd86a-1cf1-6582-e703-000000000000}</Data>
    <Data Name=""LogonId"">0x3e7</Data>
    <Data Name=""TerminalSessionId"">0</Data>
    <Data Name=""IntegrityLevel"">System</Data>
    <Data Name=""Hashes"">MD5=A4FC8EC5BC41C41918B0C1541E4E4BE6,SHA256=54545F352215A9C0F370A01980AADCD5749A93589931662D89A974D7BD60F476,IMPHASH=E00D60405A249A05D3B09AA7FE924B17</Data>
    <Data Name=""ParentProcessGuid"">{f57bd86a-1cf1-6582-0b00-000000000d00}</Data>
    <Data Name=""ParentProcessId"">760</Data>
    <Data Name=""ParentImage"">C:\Windows\System32\services.exe</Data>
    <Data Name=""ParentCommandLine"">C:\Windows\system32\services.exe</Data>
    <Data Name=""ParentUser"">NT AUTHORITY\SYSTEM</Data>
  </EventData>
</Event>
"
Microsoft-Windows-Sysmon/Operational,,,WinDev2309Eval,,,,,,,,,,22,4716,,,,C:\Program Files (x86)\Microsoft\Edge\Application\msedge.exe,,,0x8000000000000000,4,,,,,0,,,,,,,{f57bd86a-1d66-6582-df00-000000000d00},3400,8844.0,,,wpad,-,1460.0,-,,,,,,,,,,,,,2023-12-19T22:47:09.2004714Z,,,,,,,22,,4220,WINDEV2309EVAL\User,S-1-5-18,47:08.4,5.0,"<Event xmlns=""http://schemas.microsoft.com/win/2004/08/events/event"">
  <System>
    <Provider Name=""Microsoft-Windows-Sysmon"" Guid=""{5770385f-c22a-43e0-bf4c-06f5698ffbd9}""/>
    <EventID>22</EventID>
    <Version>5</Version>
    <Level>4</Level>
    <Task>22</Task>
    <Opcode>0</Opcode>
    <Keywords>0x8000000000000000</Keywords>
    <TimeCreated SystemTime=""2023-12-19T22:47:09.2004714Z""/>
    <EventRecordID>4716</EventRecordID>
    <Correlation/>
    <Execution ProcessID=""3400"" ThreadID=""4220""/>
    <Channel>Microsoft-Windows-Sysmon/Operational</Channel>
    <Computer>WinDev2309Eval</Computer>
    <Security UserID=""S-1-5-18""/>
  </System>
  <EventData>
    <Data Name=""RuleName"">-</Data>
    <Data Name=""UtcTime"">2023-12-19 22:47:08.426</Data>
    <Data Name=""ProcessGuid"">{f57bd86a-1d66-6582-df00-000000000d00}</Data>
    <Data Name=""ProcessId"">8844</Data>
    <Data Name=""QueryName"">wpad</Data>
    <Data Name=""QueryStatus"">1460</Data>
    <Data Name=""QueryResults"">-</Data>
    <Data Name=""Image"">C:\Program Files (x86)\Microsoft\Edge\Application\msedge.exe</Data>
    <Data Name=""User"">WINDEV2309EVAL\User</Data>
  </EventData>
</Event>
"
