Microsoft-Windows-Sysmon/Operational,"""C:\Program Files (x86)\Microsoft\Edge\Application\msedge.exe"" --type=utility --utility-sub-type=unzip.mojom.Unzipper --lang=en-US --service-sandbox-type=service --mojo-platform-channel-handle=6756 --field-trial-handle=1980,i,4414598130829798871,15435566167885274318,262144 --variations-seed-version /prefetch:8",Microsoft Corporation,WinDev2309Eval,,C:\Program Files (x86)\Microsoft\Edge\Application\120.0.2210.77\,Microsoft Edge,,,,,,,1,7,,120.0.2210.77,"MD5=D15351223DB85EF35A5B12B7CF8B0167,SHA256=58AF814EA8E7D7BFE20C2E55F3DAA6DDBE8DB2E8C34C264677A05A79F93BBDE7,IMPHASH=EA4CA1F8E3B3D9373D39C13FD1348A63",C:\Program Files (x86)\Microsoft\Edge\Application\msedge.exe,,Low,0x8000000000000000,4,{f57bd86a-db7f-6581-2a63-080000000000},0x8632a,,,0,msedge.exe,"""C:\Program Files (x86)\Microsoft\Edge\Application\msedge.exe"" ",C:\Program Files (x86)\Microsoft\Edge\Application\msedge.exe,{f57bd86a-ffc8-6581-1902-000000000b00},5348.0,WINDEV2309EVAL\User,{f57bd86a-007b-6582-8102-000000000b00},10484,6296.0,Microsoft Edge,,,,,-,,,,,,,,,,,,,2023-12-19T20:43:39.1960351Z,,,,,,,1,1.0,10592,WINDEV2309EVAL\User,S-1-5-18,43:39.2,5.0,"<Event xmlns=""http://schemas.microsoft.com/win/2004/08/events/event"">
  <System>
    <Provider Name=""Microsoft-Windows-Sysmon"" Guid=""{5770385f-c22a-43e0-bf4c-06f5698ffbd9}""/>
    <EventID>1</EventID>
    <Version>5</Version>
    <Level>4</Level>
    <Task>1</Task>
    <Opcode>0</Opcode>
    <Keywords>0x8000000000000000</Keywords>
    <TimeCreated SystemTime=""2023-12-19T20:43:39.1960351Z""/>
    <EventRecordID>7</EventRecordID>
    <Correlation/>
    <Execution ProcessID=""10484"" ThreadID=""10592""/>
    <Channel>Microsoft-Windows-Sysmon/Operational</Channel>
    <Computer>WinDev2309Eval</Computer>
    <Security UserID=""S-1-5-18""/>
  </System>
  <EventData>
    <Data Name=""RuleName"">-</Data>
    <Data Name=""UtcTime"">2023-12-19 20:43:39.192</Data>
    <Data Name=""ProcessGuid"">{f57bd86a-007b-6582-8102-000000000b00}</Data>
    <Data Name=""ProcessId"">6296</Data>
    <Data Name=""Image"">C:\Program Files (x86)\Microsoft\Edge\Application\msedge.exe</Data>
    <Data Name=""FileVersion"">120.0.2210.77</Data>
    <Data Name=""Description"">Microsoft Edge</Data>
    <Data Name=""Product"">Microsoft Edge</Data>
    <Data Name=""Company"">Microsoft Corporation</Data>
    <Data Name=""OriginalFileName"">msedge.exe</Data>
    <Data Name=""CommandLine"">""C:\Program Files (x86)\Microsoft\Edge\Application\msedge.exe"" --type=utility --utility-sub-type=unzip.mojom.Unzipper --lang=en-US --service-sandbox-type=service --mojo-platform-channel-handle=6756 --field-trial-handle=1980,i,4414598130829798871,15435566167885274318,262144 --variations-seed-version /prefetch:8</Data>
    <Data Name=""CurrentDirectory"">C:\Program Files (x86)\Microsoft\Edge\Application\120.0.2210.77\</Data>
    <Data Name=""User"">WINDEV2309EVAL\User</Data>
    <Data Name=""LogonGuid"">{f57bd86a-db7f-6581-2a63-080000000000}</Data>
    <Data Name=""LogonId"">0x8632a</Data>
    <Data Name=""TerminalSessionId"">1</Data>
    <Data Name=""IntegrityLevel"">Low</Data>
    <Data Name=""Hashes"">MD5=D15351223DB85EF35A5B12B7CF8B0167,SHA256=58AF814EA8E7D7BFE20C2E55F3DAA6DDBE8DB2E8C34C264677A05A79F93BBDE7,IMPHASH=EA4CA1F8E3B3D9373D39C13FD1348A63</Data>
    <Data Name=""ParentProcessGuid"">{f57bd86a-ffc8-6581-1902-000000000b00}</Data>
    <Data Name=""ParentProcessId"">5348</Data>
    <Data Name=""ParentImage"">C:\Program Files (x86)\Microsoft\Edge\Application\msedge.exe</Data>
    <Data Name=""ParentCommandLine"">""C:\Program Files (x86)\Microsoft\Edge\Application\msedge.exe"" </Data>
    <Data Name=""ParentUser"">WINDEV2309EVAL\User</Data>
  </EventData>
</Event>
"
Microsoft-Windows-Sysmon/Operational,"""C:\Program Files (x86)\Microsoft\Edge\Application\msedge.exe"" --type=utility --utility-sub-type=unzip.mojom.Unzipper --lang=en-US --service-sandbox-type=service --mojo-platform-channel-handle=4988 --field-trial-handle=1980,i,4414598130829798871,15435566167885274318,262144 --variations-seed-version /prefetch:8",Microsoft Corporation,WinDev2309Eval,,C:\Program Files (x86)\Microsoft\Edge\Application\120.0.2210.77\,Microsoft Edge,,,,,,,1,6,,120.0.2210.77,"MD5=D15351223DB85EF35A5B12B7CF8B0167,SHA256=58AF814EA8E7D7BFE20C2E55F3DAA6DDBE8DB2E8C34C264677A05A79F93BBDE7,IMPHASH=EA4CA1F8E3B3D9373D39C13FD1348A63",C:\Program Files (x86)\Microsoft\Edge\Application\msedge.exe,,Low,0x8000000000000000,4,{f57bd86a-db7f-6581-2a63-080000000000},0x8632a,,,0,msedge.exe,"""C:\Program Files (x86)\Microsoft\Edge\Application\msedge.exe"" ",C:\Program Files (x86)\Microsoft\Edge\Application\msedge.exe,{f57bd86a-ffc8-6581-1902-000000000b00},5348.0,WINDEV2309EVAL\User,{f57bd86a-0059-6582-7d02-000000000b00},10484,11440.0,Microsoft Edge,,,,,-,,,,,,,,,,,,,2023-12-19T20:43:05.9626596Z,,,,,,,1,1.0,10592,WINDEV2309EVAL\User,S-1-5-18,43:05.9,5.0,"<Event xmlns=""http://schemas.microsoft.com/win/2004/08/events/event"">
  <System>
    <Provider Name=""Microsoft-Windows-Sysmon"" Guid=""{5770385f-c22a-43e0-bf4c-06f5698ffbd9}""/>
    <EventID>1</EventID>
    <Version>5</Version>
    <Level>4</Level>
    <Task>1</Task>
    <Opcode>0</Opcode>
    <Keywords>0x8000000000000000</Keywords>
    <TimeCreated SystemTime=""2023-12-19T20:43:05.9626596Z""/>
    <EventRecordID>6</EventRecordID>
    <Correlation/>
    <Execution ProcessID=""10484"" ThreadID=""10592""/>
    <Channel>Microsoft-Windows-Sysmon/Operational</Channel>
    <Computer>WinDev2309Eval</Computer>
    <Security UserID=""S-1-5-18""/>
  </System>
  <EventData>
    <Data Name=""RuleName"">-</Data>
    <Data Name=""UtcTime"">2023-12-19 20:43:05.910</Data>
    <Data Name=""ProcessGuid"">{f57bd86a-0059-6582-7d02-000000000b00}</Data>
    <Data Name=""ProcessId"">11440</Data>
    <Data Name=""Image"">C:\Program Files (x86)\Microsoft\Edge\Application\msedge.exe</Data>
    <Data Name=""FileVersion"">120.0.2210.77</Data>
    <Data Name=""Description"">Microsoft Edge</Data>
    <Data Name=""Product"">Microsoft Edge</Data>
    <Data Name=""Company"">Microsoft Corporation</Data>
    <Data Name=""OriginalFileName"">msedge.exe</Data>
    <Data Name=""CommandLine"">""C:\Program Files (x86)\Microsoft\Edge\Application\msedge.exe"" --type=utility --utility-sub-type=unzip.mojom.Unzipper --lang=en-US --service-sandbox-type=service --mojo-platform-channel-handle=4988 --field-trial-handle=1980,i,4414598130829798871,15435566167885274318,262144 --variations-seed-version /prefetch:8</Data>
    <Data Name=""CurrentDirectory"">C:\Program Files (x86)\Microsoft\Edge\Application\120.0.2210.77\</Data>
    <Data Name=""User"">WINDEV2309EVAL\User</Data>
    <Data Name=""LogonGuid"">{f57bd86a-db7f-6581-2a63-080000000000}</Data>
    <Data Name=""LogonId"">0x8632a</Data>
    <Data Name=""TerminalSessionId"">1</Data>
    <Data Name=""IntegrityLevel"">Low</Data>
    <Data Name=""Hashes"">MD5=D15351223DB85EF35A5B12B7CF8B0167,SHA256=58AF814EA8E7D7BFE20C2E55F3DAA6DDBE8DB2E8C34C264677A05A79F93BBDE7,IMPHASH=EA4CA1F8E3B3D9373D39C13FD1348A63</Data>
    <Data Name=""ParentProcessGuid"">{f57bd86a-ffc8-6581-1902-000000000b00}</Data>
    <Data Name=""ParentProcessId"">5348</Data>
    <Data Name=""ParentImage"">C:\Program Files (x86)\Microsoft\Edge\Application\msedge.exe</Data>
    <Data Name=""ParentCommandLine"">""C:\Program Files (x86)\Microsoft\Edge\Application\msedge.exe"" </Data>
    <Data Name=""ParentUser"">WINDEV2309EVAL\User</Data>
  </EventData>
</Event>
"
Microsoft-Windows-Sysmon/Operational,,,WinDev2309Eval,,,,,,,,,,5,5,,,,C:\Users\User\Downloads\Sysmon\Sysmon.exe,,,0x8000000000000000,4,,,,,0,,,,,,,{f57bd86a-0052-6582-7302-000000000b00},10484,7492.0,,,,,,-,,,,,,,,,,,,,2023-12-19T20:43:01.0397793Z,,,,,,,5,,10592,WINDEV2309EVAL\User,S-1-5-18,43:01.0,3.0,"<Event xmlns=""http://schemas.microsoft.com/win/2004/08/events/event"">
  <System>
    <Provider Name=""Microsoft-Windows-Sysmon"" Guid=""{5770385f-c22a-43e0-bf4c-06f5698ffbd9}""/>
    <EventID>5</EventID>
    <Version>3</Version>
    <Level>4</Level>
    <Task>5</Task>
    <Opcode>0</Opcode>
    <Keywords>0x8000000000000000</Keywords>
    <TimeCreated SystemTime=""2023-12-19T20:43:01.0397793Z""/>
    <EventRecordID>5</EventRecordID>
    <Correlation/>
    <Execution ProcessID=""10484"" ThreadID=""10592""/>
    <Channel>Microsoft-Windows-Sysmon/Operational</Channel>
    <Computer>WinDev2309Eval</Computer>
    <Security UserID=""S-1-5-18""/>
  </System>
  <EventData>
    <Data Name=""RuleName"">-</Data>
    <Data Name=""UtcTime"">2023-12-19 20:43:01.035</Data>
    <Data Name=""ProcessGuid"">{f57bd86a-0052-6582-7302-000000000b00}</Data>
    <Data Name=""ProcessId"">7492</Data>
    <Data Name=""Image"">C:\Users\User\Downloads\Sysmon\Sysmon.exe</Data>
    <Data Name=""User"">WINDEV2309EVAL\User</Data>
  </EventData>
</Event>
"
Microsoft-Windows-Sysmon/Operational,C:\Windows\system32\wbem\unsecapp.exe -Embedding,Microsoft Corporation,WinDev2309Eval,,C:\Windows\system32\,Sink to receive asynchronous callbacks for WMI client application,,,,,,,1,4,,10.0.22621.2070 (WinBuild.160101.0800),"MD5=1038CD4BDEFE5289A517B308591046EE,SHA256=7A749E71D7173F743C7D719231898C0018FCA9EDB62479AE7A92F75585FC97A9,IMPHASH=9656E21ED232DDC034DE628B1E2968AD",C:\Windows\System32\wbem\unsecapp.exe,,System,0x8000000000000000,4,{f57bd86a-db68-6581-e703-000000000000},0x3e7,,,0,unsecapp.dll,C:\Windows\system32\svchost.exe -k DcomLaunch -p,C:\Windows\System32\svchost.exe,{f57bd86a-db69-6581-0d00-000000000b00},936.0,NT AUTHORITY\SYSTEM,{f57bd86a-0054-6582-7b02-000000000b00},10484,10920.0,Microsoft Windows Operating System,,,,,-,,,,,,,,,,,,,2023-12-19T20:43:00.1315637Z,,,,,,,1,0.0,10592,NT AUTHORITY\SYSTEM,S-1-5-18,43:00.1,5.0,"<Event xmlns=""http://schemas.microsoft.com/win/2004/08/events/event"">
  <System>
    <Provider Name=""Microsoft-Windows-Sysmon"" Guid=""{5770385f-c22a-43e0-bf4c-06f5698ffbd9}""/>
    <EventID>1</EventID>
    <Version>5</Version>
    <Level>4</Level>
    <Task>1</Task>
    <Opcode>0</Opcode>
    <Keywords>0x8000000000000000</Keywords>
    <TimeCreated SystemTime=""2023-12-19T20:43:00.1315637Z""/>
    <EventRecordID>4</EventRecordID>
    <Correlation/>
    <Execution ProcessID=""10484"" ThreadID=""10592""/>
    <Channel>Microsoft-Windows-Sysmon/Operational</Channel>
    <Computer>WinDev2309Eval</Computer>
    <Security UserID=""S-1-5-18""/>
  </System>
  <EventData>
    <Data Name=""RuleName"">-</Data>
    <Data Name=""UtcTime"">2023-12-19 20:43:00.073</Data>
    <Data Name=""ProcessGuid"">{f57bd86a-0054-6582-7b02-000000000b00}</Data>
    <Data Name=""ProcessId"">10920</Data>
    <Data Name=""Image"">C:\Windows\System32\wbem\unsecapp.exe</Data>
    <Data Name=""FileVersion"">10.0.22621.2070 (WinBuild.160101.0800)</Data>
    <Data Name=""Description"">Sink to receive asynchronous callbacks for WMI client application</Data>
    <Data Name=""Product"">Microsoft&#174; Windows&#174; Operating System</Data>
    <Data Name=""Company"">Microsoft Corporation</Data>
    <Data Name=""OriginalFileName"">unsecapp.dll</Data>
    <Data Name=""CommandLine"">C:\Windows\system32\wbem\unsecapp.exe -Embedding</Data>
    <Data Name=""CurrentDirectory"">C:\Windows\system32\</Data>
    <Data Name=""User"">NT AUTHORITY\SYSTEM</Data>
    <Data Name=""LogonGuid"">{f57bd86a-db68-6581-e703-000000000000}</Data>
    <Data Name=""LogonId"">0x3e7</Data>
    <Data Name=""TerminalSessionId"">0</Data>
    <Data Name=""IntegrityLevel"">System</Data>
    <Data Name=""Hashes"">MD5=1038CD4BDEFE5289A517B308591046EE,SHA256=7A749E71D7173F743C7D719231898C0018FCA9EDB62479AE7A92F75585FC97A9,IMPHASH=9656E21ED232DDC034DE628B1E2968AD</Data>
    <Data Name=""ParentProcessGuid"">{f57bd86a-db69-6581-0d00-000000000b00}</Data>
    <Data Name=""ParentProcessId"">936</Data>
    <Data Name=""ParentImage"">C:\Windows\System32\svchost.exe</Data>
    <Data Name=""ParentCommandLine"">C:\Windows\system32\svchost.exe -k DcomLaunch -p</Data>
    <Data Name=""ParentUser"">NT AUTHORITY\SYSTEM</Data>
  </EventData>
</Event>
"
Microsoft-Windows-Sysmon/Operational,C:\Windows\Sysmon.exe,Sysinternals - www.sysinternals.com,WinDev2309Eval,,C:\Windows\system32\,System activity monitor,,,,,,,1,3,,15.11,"MD5=41677D7AA71EF596BE07CA0C25FBF094,SHA256=A568B18A16E52C91CF6AD908E46970F657786386D867E8DB79563B025522E339,IMPHASH=CB3CF1DA8979200AB25C2AD8AD791A9E",C:\Windows\Sysmon.exe,,System,0x8000000000000000,4,{f57bd86a-db68-6581-e703-000000000000},0x3e7,,,0,-,C:\Windows\system32\services.exe,C:\Windows\System32\services.exe,{f57bd86a-db68-6581-0b00-000000000b00},796.0,NT AUTHORITY\SYSTEM,{f57bd86a-0053-6582-7a02-000000000b00},10484,10484.0,Sysinternals Sysmon,,,,,-,,,,,,,,,,,,,2023-12-19T20:43:00.1310133Z,,,,,,,1,0.0,10592,NT AUTHORITY\SYSTEM,S-1-5-18,43:00.0,5.0,"<Event xmlns=""http://schemas.microsoft.com/win/2004/08/events/event"">
  <System>
    <Provider Name=""Microsoft-Windows-Sysmon"" Guid=""{5770385f-c22a-43e0-bf4c-06f5698ffbd9}""/>
    <EventID>1</EventID>
    <Version>5</Version>
    <Level>4</Level>
    <Task>1</Task>
    <Opcode>0</Opcode>
    <Keywords>0x8000000000000000</Keywords>
    <TimeCreated SystemTime=""2023-12-19T20:43:00.1310133Z""/>
    <EventRecordID>3</EventRecordID>
    <Correlation/>
    <Execution ProcessID=""10484"" ThreadID=""10592""/>
    <Channel>Microsoft-Windows-Sysmon/Operational</Channel>
    <Computer>WinDev2309Eval</Computer>
    <Security UserID=""S-1-5-18""/>
  </System>
  <EventData>
    <Data Name=""RuleName"">-</Data>
    <Data Name=""UtcTime"">2023-12-19 20:42:59.954</Data>
    <Data Name=""ProcessGuid"">{f57bd86a-0053-6582-7a02-000000000b00}</Data>
    <Data Name=""ProcessId"">10484</Data>
    <Data Name=""Image"">C:\Windows\Sysmon.exe</Data>
    <Data Name=""FileVersion"">15.11</Data>
    <Data Name=""Description"">System activity monitor</Data>
    <Data Name=""Product"">Sysinternals Sysmon</Data>
    <Data Name=""Company"">Sysinternals - www.sysinternals.com</Data>
    <Data Name=""OriginalFileName"">-</Data>
    <Data Name=""CommandLine"">C:\Windows\Sysmon.exe</Data>
    <Data Name=""CurrentDirectory"">C:\Windows\system32\</Data>
    <Data Name=""User"">NT AUTHORITY\SYSTEM</Data>
    <Data Name=""LogonGuid"">{f57bd86a-db68-6581-e703-000000000000}</Data>
    <Data Name=""LogonId"">0x3e7</Data>
    <Data Name=""TerminalSessionId"">0</Data>
    <Data Name=""IntegrityLevel"">System</Data>
    <Data Name=""Hashes"">MD5=41677D7AA71EF596BE07CA0C25FBF094,SHA256=A568B18A16E52C91CF6AD908E46970F657786386D867E8DB79563B025522E339,IMPHASH=CB3CF1DA8979200AB25C2AD8AD791A9E</Data>
    <Data Name=""ParentProcessGuid"">{f57bd86a-db68-6581-0b00-000000000b00}</Data>
    <Data Name=""ParentProcessId"">796</Data>
    <Data Name=""ParentImage"">C:\Windows\System32\services.exe</Data>
    <Data Name=""ParentCommandLine"">C:\Windows\system32\services.exe</Data>
    <Data Name=""ParentUser"">NT AUTHORITY\SYSTEM</Data>
  </EventData>
</Event>
"
Microsoft-Windows-Sysmon/Operational,,,WinDev2309Eval,,,,,,,,,,4,2,,,,,,,0x8000000000000000,4,,,,,0,,,,,,,,10484,,,,,,,,,,,,,,,,,,,,2023-12-19T20:43:00.1267719Z,,,,,,,4,,10592,,S-1-5-18,43:00.1,15.11,"<Event xmlns=""http://schemas.microsoft.com/win/2004/08/events/event"">
  <System>
    <Provider Name=""Microsoft-Windows-Sysmon"" Guid=""{5770385f-c22a-43e0-bf4c-06f5698ffbd9}""/>
    <EventID>4</EventID>
    <Version>3</Version>
    <Level>4</Level>
    <Task>4</Task>
    <Opcode>0</Opcode>
    <Keywords>0x8000000000000000</Keywords>
    <TimeCreated SystemTime=""2023-12-19T20:43:00.1267719Z""/>
    <EventRecordID>2</EventRecordID>
    <Correlation/>
    <Execution ProcessID=""10484"" ThreadID=""10592""/>
    <Channel>Microsoft-Windows-Sysmon/Operational</Channel>
    <Computer>WinDev2309Eval</Computer>
    <Security UserID=""S-1-5-18""/>
  </System>
  <EventData>
    <Data Name=""UtcTime"">2023-12-19 20:43:00.112</Data>
    <Data Name=""State"">Started</Data>
    <Data Name=""Version"">15.11</Data>
    <Data Name=""SchemaVersion"">4.90</Data>
  </EventData>
</Event>
"
Microsoft-Windows-Sysmon/Operational,,,WinDev2309Eval,,,,,,,,,,16,1,,,,,,,0x8000000000000000,4,,,,,0,,,,,,,,11536,,,,,,,,,,,,,,,,,,,,2023-12-19T20:42:59.8717132Z,,,,,,,16,,11588,,S-1-5-21-2835251196-2691927458-378326815-1000,42:59.9,3.0,"<Event xmlns=""http://schemas.microsoft.com/win/2004/08/events/event"">
  <System>
    <Provider Name=""Microsoft-Windows-Sysmon"" Guid=""{5770385f-c22a-43e0-bf4c-06f5698ffbd9}""/>
    <EventID>16</EventID>
    <Version>3</Version>
    <Level>4</Level>
    <Task>16</Task>
    <Opcode>0</Opcode>
    <Keywords>0x8000000000000000</Keywords>
    <TimeCreated SystemTime=""2023-12-19T20:42:59.8717132Z""/>
    <EventRecordID>1</EventRecordID>
    <Correlation/>
    <Execution ProcessID=""11536"" ThreadID=""11588""/>
    <Channel>Microsoft-Windows-Sysmon/Operational</Channel>
    <Computer>WinDev2309Eval</Computer>
    <Security UserID=""S-1-5-21-2835251196-2691927458-378326815-1000""/>
  </System>
  <EventData>
    <Data Name=""UtcTime"">2023-12-19 20:42:59.858</Data>
    <Data Name=""Configuration"">C:\Users\User\Downloads\Sysmon\sysmonconfig-export.xml</Data>
    <Data Name=""ConfigurationFileHash"">SHA256=055FEBC600E6D7448CDF3812307275912927A62B1F94D0D933B64B294BC87162</Data>
  </EventData>
</Event>
"
