Channel,CommandLine,Company,Computer,CreationUtcTime,CurrentDirectory,Description,DestinationHostname,DestinationIp,DestinationIsIpv6,DestinationPort,DestinationPortName,Details,EventID,EventRecordID,EventType,FileVersion,Hashes,Image,Initiated,IntegrityLevel,Keywords,Level,LogonGuid,LogonId,Message,NewThreadId,Opcode,OriginalFileName,ParentCommandLine,ParentImage,ParentProcessGuid,ParentProcessId,ParentUser,ProcessGuid,ProcessID,ProcessId,Product,Protocol,QueryName,QueryResults,QueryStatus,RuleName,SourceHostname,SourceImage,SourceIp,SourceIsIpv6,SourcePort,SourcePortName,SourceProcessGuid,SourceProcessId,SourceUser,StartAddress,StartFunction,StartModule,SystemTime,TargetFilename,TargetImage,TargetObject,TargetProcessGuid,TargetProcessId,TargetUser,Task,TerminalSessionId,ThreadID,User,UserID,UtcTime,Version,raw
Microsoft-Windows-Sysmon/Operational,,,WinDev2309Eval,01:41.7,,,,,,,,,11,4891,,,,C:\Windows\system32\svchost.exe,,,0x8000000000000000,4,,,,,0,,,,,,,{f57bd86a-20d2-6582-1902-000000000d00},3400,8056.0,,,,,,DLL,,,,,,,,,,,,,2023-12-19T23:01:41.7419803Z,C:\Program Files\WindowsApps\MicrosoftTeams_23306.3309.2530.1346_x64__8wekyb3d8bbwe\vcomp140_app.dll,,,,,,11,,4208,NT AUTHORITY\SYSTEM,S-1-5-18,01:41.7,2.0,"<Event xmlns=""http://schemas.microsoft.com/win/2004/08/events/event"">
  <System>
    <Provider Name=""Microsoft-Windows-Sysmon"" Guid=""{5770385f-c22a-43e0-bf4c-06f5698ffbd9}""/>
    <EventID>11</EventID>
    <Version>2</Version>
    <Level>4</Level>
    <Task>11</Task>
    <Opcode>0</Opcode>
    <Keywords>0x8000000000000000</Keywords>
    <TimeCreated SystemTime=""2023-12-19T23:01:41.7419803Z""/>
    <EventRecordID>4891</EventRecordID>
    <Correlation/>
    <Execution ProcessID=""3400"" ThreadID=""4208""/>
    <Channel>Microsoft-Windows-Sysmon/Operational</Channel>
    <Computer>WinDev2309Eval</Computer>
    <Security UserID=""S-1-5-18""/>
  </System>
  <EventData>
    <Data Name=""RuleName"">DLL</Data>
    <Data Name=""UtcTime"">2023-12-19 23:01:41.739</Data>
    <Data Name=""ProcessGuid"">{f57bd86a-20d2-6582-1902-000000000d00}</Data>
    <Data Name=""ProcessId"">8056</Data>
    <Data Name=""Image"">C:\Windows\system32\svchost.exe</Data>
    <Data Name=""TargetFilename"">C:\Program Files\WindowsApps\MicrosoftTeams_23306.3309.2530.1346_x64__8wekyb3d8bbwe\vcomp140_app.dll</Data>
    <Data Name=""CreationUtcTime"">2023-12-19 23:01:41.739</Data>
    <Data Name=""User"">NT AUTHORITY\SYSTEM</Data>
  </EventData>
</Event>
"
Microsoft-Windows-Sysmon/Operational,,,WinDev2309Eval,01:41.7,,,,,,,,,11,4890,,,,C:\Windows\system32\svchost.exe,,,0x8000000000000000,4,,,,,0,,,,,,,{f57bd86a-20d2-6582-1902-000000000d00},3400,8056.0,,,,,,DLL,,,,,,,,,,,,,2023-12-19T23:01:41.7417473Z,C:\Program Files\WindowsApps\MicrosoftTeams_23306.3309.2530.1346_x64__8wekyb3d8bbwe\vccorlib140_app.dll,,,,,,11,,4208,NT AUTHORITY\SYSTEM,S-1-5-18,01:41.7,2.0,"<Event xmlns=""http://schemas.microsoft.com/win/2004/08/events/event"">
  <System>
    <Provider Name=""Microsoft-Windows-Sysmon"" Guid=""{5770385f-c22a-43e0-bf4c-06f5698ffbd9}""/>
    <EventID>11</EventID>
    <Version>2</Version>
    <Level>4</Level>
    <Task>11</Task>
    <Opcode>0</Opcode>
    <Keywords>0x8000000000000000</Keywords>
    <TimeCreated SystemTime=""2023-12-19T23:01:41.7417473Z""/>
    <EventRecordID>4890</EventRecordID>
    <Correlation/>
    <Execution ProcessID=""3400"" ThreadID=""4208""/>
    <Channel>Microsoft-Windows-Sysmon/Operational</Channel>
    <Computer>WinDev2309Eval</Computer>
    <Security UserID=""S-1-5-18""/>
  </System>
  <EventData>
    <Data Name=""RuleName"">DLL</Data>
    <Data Name=""UtcTime"">2023-12-19 23:01:41.739</Data>
    <Data Name=""ProcessGuid"">{f57bd86a-20d2-6582-1902-000000000d00}</Data>
    <Data Name=""ProcessId"">8056</Data>
    <Data Name=""Image"">C:\Windows\system32\svchost.exe</Data>
    <Data Name=""TargetFilename"">C:\Program Files\WindowsApps\MicrosoftTeams_23306.3309.2530.1346_x64__8wekyb3d8bbwe\vccorlib140_app.dll</Data>
    <Data Name=""CreationUtcTime"">2023-12-19 23:01:41.739</Data>
    <Data Name=""User"">NT AUTHORITY\SYSTEM</Data>
  </EventData>
</Event>
"
Microsoft-Windows-Sysmon/Operational,,,WinDev2309Eval,01:41.7,,,,,,,,,11,4889,,,,C:\Windows\system32\svchost.exe,,,0x8000000000000000,4,,,,,0,,,,,,,{f57bd86a-20d2-6582-1902-000000000d00},3400,8056.0,,,,,,DLL,,,,,,,,,,,,,2023-12-19T23:01:41.7414644Z,C:\Program Files\WindowsApps\MicrosoftTeams_23306.3309.2530.1346_x64__8wekyb3d8bbwe\vcamp140_app.dll,,,,,,11,,4208,NT AUTHORITY\SYSTEM,S-1-5-18,01:41.7,2.0,"<Event xmlns=""http://schemas.microsoft.com/win/2004/08/events/event"">
  <System>
    <Provider Name=""Microsoft-Windows-Sysmon"" Guid=""{5770385f-c22a-43e0-bf4c-06f5698ffbd9}""/>
    <EventID>11</EventID>
    <Version>2</Version>
    <Level>4</Level>
    <Task>11</Task>
    <Opcode>0</Opcode>
    <Keywords>0x8000000000000000</Keywords>
    <TimeCreated SystemTime=""2023-12-19T23:01:41.7414644Z""/>
    <EventRecordID>4889</EventRecordID>
    <Correlation/>
    <Execution ProcessID=""3400"" ThreadID=""4208""/>
    <Channel>Microsoft-Windows-Sysmon/Operational</Channel>
    <Computer>WinDev2309Eval</Computer>
    <Security UserID=""S-1-5-18""/>
  </System>
  <EventData>
    <Data Name=""RuleName"">DLL</Data>
    <Data Name=""UtcTime"">2023-12-19 23:01:41.739</Data>
    <Data Name=""ProcessGuid"">{f57bd86a-20d2-6582-1902-000000000d00}</Data>
    <Data Name=""ProcessId"">8056</Data>
    <Data Name=""Image"">C:\Windows\system32\svchost.exe</Data>
    <Data Name=""TargetFilename"">C:\Program Files\WindowsApps\MicrosoftTeams_23306.3309.2530.1346_x64__8wekyb3d8bbwe\vcamp140_app.dll</Data>
    <Data Name=""CreationUtcTime"">2023-12-19 23:01:41.739</Data>
    <Data Name=""User"">NT AUTHORITY\SYSTEM</Data>
  </EventData>
</Event>
"
Microsoft-Windows-Sysmon/Operational,,,WinDev2309Eval,01:41.7,,,,,,,,,11,4888,,,,C:\Windows\system32\svchost.exe,,,0x8000000000000000,4,,,,,0,,,,,,,{f57bd86a-20d2-6582-1902-000000000d00},3400,8056.0,,,,,,DLL,,,,,,,,,,,,,2023-12-19T23:01:41.7369873Z,C:\Program Files\WindowsApps\MicrosoftTeams_23306.3309.2530.1346_x64__8wekyb3d8bbwe\ssScreenVVS2.dll,,,,,,11,,4208,NT AUTHORITY\SYSTEM,S-1-5-18,01:41.7,2.0,"<Event xmlns=""http://schemas.microsoft.com/win/2004/08/events/event"">
  <System>
    <Provider Name=""Microsoft-Windows-Sysmon"" Guid=""{5770385f-c22a-43e0-bf4c-06f5698ffbd9}""/>
    <EventID>11</EventID>
    <Version>2</Version>
    <Level>4</Level>
    <Task>11</Task>
    <Opcode>0</Opcode>
    <Keywords>0x8000000000000000</Keywords>
    <TimeCreated SystemTime=""2023-12-19T23:01:41.7369873Z""/>
    <EventRecordID>4888</EventRecordID>
    <Correlation/>
    <Execution ProcessID=""3400"" ThreadID=""4208""/>
    <Channel>Microsoft-Windows-Sysmon/Operational</Channel>
    <Computer>WinDev2309Eval</Computer>
    <Security UserID=""S-1-5-18""/>
  </System>
  <EventData>
    <Data Name=""RuleName"">DLL</Data>
    <Data Name=""UtcTime"">2023-12-19 23:01:41.724</Data>
    <Data Name=""ProcessGuid"">{f57bd86a-20d2-6582-1902-000000000d00}</Data>
    <Data Name=""ProcessId"">8056</Data>
    <Data Name=""Image"">C:\Windows\system32\svchost.exe</Data>
    <Data Name=""TargetFilename"">C:\Program Files\WindowsApps\MicrosoftTeams_23306.3309.2530.1346_x64__8wekyb3d8bbwe\ssScreenVVS2.dll</Data>
    <Data Name=""CreationUtcTime"">2023-12-19 23:01:41.724</Data>
    <Data Name=""User"">NT AUTHORITY\SYSTEM</Data>
  </EventData>
</Event>
"
Microsoft-Windows-Sysmon/Operational,,,WinDev2309Eval,01:41.7,,,,,,,,,11,4887,,,,C:\Windows\system32\svchost.exe,,,0x8000000000000000,4,,,,,0,,,,,,,{f57bd86a-20d2-6582-1902-000000000d00},3400,8056.0,,,,,,DLL,,,,,,,,,,,,,2023-12-19T23:01:41.7366485Z,C:\Program Files\WindowsApps\MicrosoftTeams_23306.3309.2530.1346_x64__8wekyb3d8bbwe\sqlite3.dll,,,,,,11,,4208,NT AUTHORITY\SYSTEM,S-1-5-18,01:41.7,2.0,"<Event xmlns=""http://schemas.microsoft.com/win/2004/08/events/event"">
  <System>
    <Provider Name=""Microsoft-Windows-Sysmon"" Guid=""{5770385f-c22a-43e0-bf4c-06f5698ffbd9}""/>
    <EventID>11</EventID>
    <Version>2</Version>
    <Level>4</Level>
    <Task>11</Task>
    <Opcode>0</Opcode>
    <Keywords>0x8000000000000000</Keywords>
    <TimeCreated SystemTime=""2023-12-19T23:01:41.7366485Z""/>
    <EventRecordID>4887</EventRecordID>
    <Correlation/>
    <Execution ProcessID=""3400"" ThreadID=""4208""/>
    <Channel>Microsoft-Windows-Sysmon/Operational</Channel>
    <Computer>WinDev2309Eval</Computer>
    <Security UserID=""S-1-5-18""/>
  </System>
  <EventData>
    <Data Name=""RuleName"">DLL</Data>
    <Data Name=""UtcTime"">2023-12-19 23:01:41.724</Data>
    <Data Name=""ProcessGuid"">{f57bd86a-20d2-6582-1902-000000000d00}</Data>
    <Data Name=""ProcessId"">8056</Data>
    <Data Name=""Image"">C:\Windows\system32\svchost.exe</Data>
    <Data Name=""TargetFilename"">C:\Program Files\WindowsApps\MicrosoftTeams_23306.3309.2530.1346_x64__8wekyb3d8bbwe\sqlite3.dll</Data>
    <Data Name=""CreationUtcTime"">2023-12-19 23:01:41.724</Data>
    <Data Name=""User"">NT AUTHORITY\SYSTEM</Data>
  </EventData>
</Event>
"
Microsoft-Windows-Sysmon/Operational,,,WinDev2309Eval,01:41.7,,,,,,,,,11,4886,,,,C:\Windows\system32\svchost.exe,,,0x8000000000000000,4,,,,,0,,,,,,,{f57bd86a-20d2-6582-1902-000000000d00},3400,8056.0,,,,,,DLL,,,,,,,,,,,,,2023-12-19T23:01:41.7363460Z,C:\Program Files\WindowsApps\MicrosoftTeams_23306.3309.2530.1346_x64__8wekyb3d8bbwe\SlimCoreWebview2.dll,,,,,,11,,4208,NT AUTHORITY\SYSTEM,S-1-5-18,01:41.7,2.0,"<Event xmlns=""http://schemas.microsoft.com/win/2004/08/events/event"">
  <System>
    <Provider Name=""Microsoft-Windows-Sysmon"" Guid=""{5770385f-c22a-43e0-bf4c-06f5698ffbd9}""/>
    <EventID>11</EventID>
    <Version>2</Version>
    <Level>4</Level>
    <Task>11</Task>
    <Opcode>0</Opcode>
    <Keywords>0x8000000000000000</Keywords>
    <TimeCreated SystemTime=""2023-12-19T23:01:41.7363460Z""/>
    <EventRecordID>4886</EventRecordID>
    <Correlation/>
    <Execution ProcessID=""3400"" ThreadID=""4208""/>
    <Channel>Microsoft-Windows-Sysmon/Operational</Channel>
    <Computer>WinDev2309Eval</Computer>
    <Security UserID=""S-1-5-18""/>
  </System>
  <EventData>
    <Data Name=""RuleName"">DLL</Data>
    <Data Name=""UtcTime"">2023-12-19 23:01:41.724</Data>
    <Data Name=""ProcessGuid"">{f57bd86a-20d2-6582-1902-000000000d00}</Data>
    <Data Name=""ProcessId"">8056</Data>
    <Data Name=""Image"">C:\Windows\system32\svchost.exe</Data>
    <Data Name=""TargetFilename"">C:\Program Files\WindowsApps\MicrosoftTeams_23306.3309.2530.1346_x64__8wekyb3d8bbwe\SlimCoreWebview2.dll</Data>
    <Data Name=""CreationUtcTime"">2023-12-19 23:01:41.724</Data>
    <Data Name=""User"">NT AUTHORITY\SYSTEM</Data>
  </EventData>
</Event>
"
Microsoft-Windows-Sysmon/Operational,,,WinDev2309Eval,01:41.7,,,,,,,,,11,4885,,,,C:\Windows\system32\svchost.exe,,,0x8000000000000000,4,,,,,0,,,,,,,{f57bd86a-20d2-6582-1902-000000000d00},3400,8056.0,,,,,,DLL,,,,,,,,,,,,,2023-12-19T23:01:41.7354572Z,C:\Program Files\WindowsApps\MicrosoftTeams_23306.3309.2530.1346_x64__8wekyb3d8bbwe\skypert.dll,,,,,,11,,4208,NT AUTHORITY\SYSTEM,S-1-5-18,01:41.7,2.0,"<Event xmlns=""http://schemas.microsoft.com/win/2004/08/events/event"">
  <System>
    <Provider Name=""Microsoft-Windows-Sysmon"" Guid=""{5770385f-c22a-43e0-bf4c-06f5698ffbd9}""/>
    <EventID>11</EventID>
    <Version>2</Version>
    <Level>4</Level>
    <Task>11</Task>
    <Opcode>0</Opcode>
    <Keywords>0x8000000000000000</Keywords>
    <TimeCreated SystemTime=""2023-12-19T23:01:41.7354572Z""/>
    <EventRecordID>4885</EventRecordID>
    <Correlation/>
    <Execution ProcessID=""3400"" ThreadID=""4208""/>
    <Channel>Microsoft-Windows-Sysmon/Operational</Channel>
    <Computer>WinDev2309Eval</Computer>
    <Security UserID=""S-1-5-18""/>
  </System>
  <EventData>
    <Data Name=""RuleName"">DLL</Data>
    <Data Name=""UtcTime"">2023-12-19 23:01:41.724</Data>
    <Data Name=""ProcessGuid"">{f57bd86a-20d2-6582-1902-000000000d00}</Data>
    <Data Name=""ProcessId"">8056</Data>
    <Data Name=""Image"">C:\Windows\system32\svchost.exe</Data>
    <Data Name=""TargetFilename"">C:\Program Files\WindowsApps\MicrosoftTeams_23306.3309.2530.1346_x64__8wekyb3d8bbwe\skypert.dll</Data>
    <Data Name=""CreationUtcTime"">2023-12-19 23:01:41.724</Data>
    <Data Name=""User"">NT AUTHORITY\SYSTEM</Data>
  </EventData>
</Event>
"
Microsoft-Windows-Sysmon/Operational,,,WinDev2309Eval,01:41.7,,,,,,,,,11,4884,,,,C:\Windows\system32\svchost.exe,,,0x8000000000000000,4,,,,,0,,,,,,,{f57bd86a-20d2-6582-1902-000000000d00},3400,8056.0,,,,,,DLL,,,,,,,,,,,,,2023-12-19T23:01:41.7350306Z,C:\Program Files\WindowsApps\MicrosoftTeams_23306.3309.2530.1346_x64__8wekyb3d8bbwe\RTMPLTFM.dll,,,,,,11,,4208,NT AUTHORITY\SYSTEM,S-1-5-18,01:41.7,2.0,"<Event xmlns=""http://schemas.microsoft.com/win/2004/08/events/event"">
  <System>
    <Provider Name=""Microsoft-Windows-Sysmon"" Guid=""{5770385f-c22a-43e0-bf4c-06f5698ffbd9}""/>
    <EventID>11</EventID>
    <Version>2</Version>
    <Level>4</Level>
    <Task>11</Task>
    <Opcode>0</Opcode>
    <Keywords>0x8000000000000000</Keywords>
    <TimeCreated SystemTime=""2023-12-19T23:01:41.7350306Z""/>
    <EventRecordID>4884</EventRecordID>
    <Correlation/>
    <Execution ProcessID=""3400"" ThreadID=""4208""/>
    <Channel>Microsoft-Windows-Sysmon/Operational</Channel>
    <Computer>WinDev2309Eval</Computer>
    <Security UserID=""S-1-5-18""/>
  </System>
  <EventData>
    <Data Name=""RuleName"">DLL</Data>
    <Data Name=""UtcTime"">2023-12-19 23:01:41.724</Data>
    <Data Name=""ProcessGuid"">{f57bd86a-20d2-6582-1902-000000000d00}</Data>
    <Data Name=""ProcessId"">8056</Data>
    <Data Name=""Image"">C:\Windows\system32\svchost.exe</Data>
    <Data Name=""TargetFilename"">C:\Program Files\WindowsApps\MicrosoftTeams_23306.3309.2530.1346_x64__8wekyb3d8bbwe\RTMPLTFM.dll</Data>
    <Data Name=""CreationUtcTime"">2023-12-19 23:01:41.724</Data>
    <Data Name=""User"">NT AUTHORITY\SYSTEM</Data>
  </EventData>
</Event>
"
Microsoft-Windows-Sysmon/Operational,,,WinDev2309Eval,01:41.7,,,,,,,,,11,4883,,,,C:\Windows\system32\svchost.exe,,,0x8000000000000000,4,,,,,0,,,,,,,{f57bd86a-20d2-6582-1902-000000000d00},3400,8056.0,,,,,,DLL,,,,,,,,,,,,,2023-12-19T23:01:41.7346265Z,C:\Program Files\WindowsApps\MicrosoftTeams_23306.3309.2530.1346_x64__8wekyb3d8bbwe\RtmPal.dll,,,,,,11,,4208,NT AUTHORITY\SYSTEM,S-1-5-18,01:41.7,2.0,"<Event xmlns=""http://schemas.microsoft.com/win/2004/08/events/event"">
  <System>
    <Provider Name=""Microsoft-Windows-Sysmon"" Guid=""{5770385f-c22a-43e0-bf4c-06f5698ffbd9}""/>
    <EventID>11</EventID>
    <Version>2</Version>
    <Level>4</Level>
    <Task>11</Task>
    <Opcode>0</Opcode>
    <Keywords>0x8000000000000000</Keywords>
    <TimeCreated SystemTime=""2023-12-19T23:01:41.7346265Z""/>
    <EventRecordID>4883</EventRecordID>
    <Correlation/>
    <Execution ProcessID=""3400"" ThreadID=""4208""/>
    <Channel>Microsoft-Windows-Sysmon/Operational</Channel>
    <Computer>WinDev2309Eval</Computer>
    <Security UserID=""S-1-5-18""/>
  </System>
  <EventData>
    <Data Name=""RuleName"">DLL</Data>
    <Data Name=""UtcTime"">2023-12-19 23:01:41.724</Data>
    <Data Name=""ProcessGuid"">{f57bd86a-20d2-6582-1902-000000000d00}</Data>
    <Data Name=""ProcessId"">8056</Data>
    <Data Name=""Image"">C:\Windows\system32\svchost.exe</Data>
    <Data Name=""TargetFilename"">C:\Program Files\WindowsApps\MicrosoftTeams_23306.3309.2530.1346_x64__8wekyb3d8bbwe\RtmPal.dll</Data>
    <Data Name=""CreationUtcTime"">2023-12-19 23:01:41.724</Data>
    <Data Name=""User"">NT AUTHORITY\SYSTEM</Data>
  </EventData>
</Event>
"
Microsoft-Windows-Sysmon/Operational,,,WinDev2309Eval,01:41.7,,,,,,,,,11,4882,,,,C:\Windows\system32\svchost.exe,,,0x8000000000000000,4,,,,,0,,,,,,,{f57bd86a-20d2-6582-1902-000000000d00},3400,8056.0,,,,,,DLL,,,,,,,,,,,,,2023-12-19T23:01:41.7343465Z,C:\Program Files\WindowsApps\MicrosoftTeams_23306.3309.2530.1346_x64__8wekyb3d8bbwe\RtmMediaManager.dll,,,,,,11,,4208,NT AUTHORITY\SYSTEM,S-1-5-18,01:41.7,2.0,"<Event xmlns=""http://schemas.microsoft.com/win/2004/08/events/event"">
  <System>
    <Provider Name=""Microsoft-Windows-Sysmon"" Guid=""{5770385f-c22a-43e0-bf4c-06f5698ffbd9}""/>
    <EventID>11</EventID>
    <Version>2</Version>
    <Level>4</Level>
    <Task>11</Task>
    <Opcode>0</Opcode>
    <Keywords>0x8000000000000000</Keywords>
    <TimeCreated SystemTime=""2023-12-19T23:01:41.7343465Z""/>
    <EventRecordID>4882</EventRecordID>
    <Correlation/>
    <Execution ProcessID=""3400"" ThreadID=""4208""/>
    <Channel>Microsoft-Windows-Sysmon/Operational</Channel>
    <Computer>WinDev2309Eval</Computer>
    <Security UserID=""S-1-5-18""/>
  </System>
  <EventData>
    <Data Name=""RuleName"">DLL</Data>
    <Data Name=""UtcTime"">2023-12-19 23:01:41.724</Data>
    <Data Name=""ProcessGuid"">{f57bd86a-20d2-6582-1902-000000000d00}</Data>
    <Data Name=""ProcessId"">8056</Data>
    <Data Name=""Image"">C:\Windows\system32\svchost.exe</Data>
    <Data Name=""TargetFilename"">C:\Program Files\WindowsApps\MicrosoftTeams_23306.3309.2530.1346_x64__8wekyb3d8bbwe\RtmMediaManager.dll</Data>
    <Data Name=""CreationUtcTime"">2023-12-19 23:01:41.724</Data>
    <Data Name=""User"">NT AUTHORITY\SYSTEM</Data>
  </EventData>
</Event>
"
Microsoft-Windows-Sysmon/Operational,,,WinDev2309Eval,01:41.7,,,,,,,,,11,4881,,,,C:\Windows\system32\svchost.exe,,,0x8000000000000000,4,,,,,0,,,,,,,{f57bd86a-20d2-6582-1902-000000000d00},3400,8056.0,,,,,,DLL,,,,,,,,,,,,,2023-12-19T23:01:41.7340782Z,C:\Program Files\WindowsApps\MicrosoftTeams_23306.3309.2530.1346_x64__8wekyb3d8bbwe\RtmControl.dll,,,,,,11,,4208,NT AUTHORITY\SYSTEM,S-1-5-18,01:41.7,2.0,"<Event xmlns=""http://schemas.microsoft.com/win/2004/08/events/event"">
  <System>
    <Provider Name=""Microsoft-Windows-Sysmon"" Guid=""{5770385f-c22a-43e0-bf4c-06f5698ffbd9}""/>
    <EventID>11</EventID>
    <Version>2</Version>
    <Level>4</Level>
    <Task>11</Task>
    <Opcode>0</Opcode>
    <Keywords>0x8000000000000000</Keywords>
    <TimeCreated SystemTime=""2023-12-19T23:01:41.7340782Z""/>
    <EventRecordID>4881</EventRecordID>
    <Correlation/>
    <Execution ProcessID=""3400"" ThreadID=""4208""/>
    <Channel>Microsoft-Windows-Sysmon/Operational</Channel>
    <Computer>WinDev2309Eval</Computer>
    <Security UserID=""S-1-5-18""/>
  </System>
  <EventData>
    <Data Name=""RuleName"">DLL</Data>
    <Data Name=""UtcTime"">2023-12-19 23:01:41.724</Data>
    <Data Name=""ProcessGuid"">{f57bd86a-20d2-6582-1902-000000000d00}</Data>
    <Data Name=""ProcessId"">8056</Data>
    <Data Name=""Image"">C:\Windows\system32\svchost.exe</Data>
    <Data Name=""TargetFilename"">C:\Program Files\WindowsApps\MicrosoftTeams_23306.3309.2530.1346_x64__8wekyb3d8bbwe\RtmControl.dll</Data>
    <Data Name=""CreationUtcTime"">2023-12-19 23:01:41.724</Data>
    <Data Name=""User"">NT AUTHORITY\SYSTEM</Data>
  </EventData>
</Event>
"
Microsoft-Windows-Sysmon/Operational,,,WinDev2309Eval,01:41.7,,,,,,,,,11,4880,,,,C:\Windows\system32\svchost.exe,,,0x8000000000000000,4,,,,,0,,,,,,,{f57bd86a-20d2-6582-1902-000000000d00},3400,8056.0,,,,,,DLL,,,,,,,,,,,,,2023-12-19T23:01:41.7336399Z,C:\Program Files\WindowsApps\MicrosoftTeams_23306.3309.2530.1346_x64__8wekyb3d8bbwe\RtmCodecs.dll,,,,,,11,,4208,NT AUTHORITY\SYSTEM,S-1-5-18,01:41.7,2.0,"<Event xmlns=""http://schemas.microsoft.com/win/2004/08/events/event"">
  <System>
    <Provider Name=""Microsoft-Windows-Sysmon"" Guid=""{5770385f-c22a-43e0-bf4c-06f5698ffbd9}""/>
    <EventID>11</EventID>
    <Version>2</Version>
    <Level>4</Level>
    <Task>11</Task>
    <Opcode>0</Opcode>
    <Keywords>0x8000000000000000</Keywords>
    <TimeCreated SystemTime=""2023-12-19T23:01:41.7336399Z""/>
    <EventRecordID>4880</EventRecordID>
    <Correlation/>
    <Execution ProcessID=""3400"" ThreadID=""4208""/>
    <Channel>Microsoft-Windows-Sysmon/Operational</Channel>
    <Computer>WinDev2309Eval</Computer>
    <Security UserID=""S-1-5-18""/>
  </System>
  <EventData>
    <Data Name=""RuleName"">DLL</Data>
    <Data Name=""UtcTime"">2023-12-19 23:01:41.724</Data>
    <Data Name=""ProcessGuid"">{f57bd86a-20d2-6582-1902-000000000d00}</Data>
    <Data Name=""ProcessId"">8056</Data>
    <Data Name=""Image"">C:\Windows\system32\svchost.exe</Data>
    <Data Name=""TargetFilename"">C:\Program Files\WindowsApps\MicrosoftTeams_23306.3309.2530.1346_x64__8wekyb3d8bbwe\RtmCodecs.dll</Data>
    <Data Name=""CreationUtcTime"">2023-12-19 23:01:41.724</Data>
    <Data Name=""User"">NT AUTHORITY\SYSTEM</Data>
  </EventData>
</Event>
"
Microsoft-Windows-Sysmon/Operational,,,WinDev2309Eval,01:41.7,,,,,,,,,11,4879,,,,C:\Windows\system32\svchost.exe,,,0x8000000000000000,4,,,,,0,,,,,,,{f57bd86a-20d2-6582-1902-000000000d00},3400,8056.0,,,,,,DLL,,,,,,,,,,,,,2023-12-19T23:01:41.7152178Z,C:\Program Files\WindowsApps\MicrosoftTeams_23306.3309.2530.1346_x64__8wekyb3d8bbwe\onnxruntime.dll,,,,,,11,,4208,NT AUTHORITY\SYSTEM,S-1-5-18,01:41.7,2.0,"<Event xmlns=""http://schemas.microsoft.com/win/2004/08/events/event"">
  <System>
    <Provider Name=""Microsoft-Windows-Sysmon"" Guid=""{5770385f-c22a-43e0-bf4c-06f5698ffbd9}""/>
    <EventID>11</EventID>
    <Version>2</Version>
    <Level>4</Level>
    <Task>11</Task>
    <Opcode>0</Opcode>
    <Keywords>0x8000000000000000</Keywords>
    <TimeCreated SystemTime=""2023-12-19T23:01:41.7152178Z""/>
    <EventRecordID>4879</EventRecordID>
    <Correlation/>
    <Execution ProcessID=""3400"" ThreadID=""4208""/>
    <Channel>Microsoft-Windows-Sysmon/Operational</Channel>
    <Computer>WinDev2309Eval</Computer>
    <Security UserID=""S-1-5-18""/>
  </System>
  <EventData>
    <Data Name=""RuleName"">DLL</Data>
    <Data Name=""UtcTime"">2023-12-19 23:01:41.708</Data>
    <Data Name=""ProcessGuid"">{f57bd86a-20d2-6582-1902-000000000d00}</Data>
    <Data Name=""ProcessId"">8056</Data>
    <Data Name=""Image"">C:\Windows\system32\svchost.exe</Data>
    <Data Name=""TargetFilename"">C:\Program Files\WindowsApps\MicrosoftTeams_23306.3309.2530.1346_x64__8wekyb3d8bbwe\onnxruntime.dll</Data>
    <Data Name=""CreationUtcTime"">2023-12-19 23:01:41.708</Data>
    <Data Name=""User"">NT AUTHORITY\SYSTEM</Data>
  </EventData>
</Event>
"
Microsoft-Windows-Sysmon/Operational,,,WinDev2309Eval,01:41.7,,,,,,,,,11,4878,,,,C:\Windows\system32\svchost.exe,,,0x8000000000000000,4,,,,,0,,,,,,,{f57bd86a-20d2-6582-1902-000000000d00},3400,8056.0,,,,,,DLL,,,,,,,,,,,,,2023-12-19T23:01:41.7147134Z,C:\Program Files\WindowsApps\MicrosoftTeams_23306.3309.2530.1346_x64__8wekyb3d8bbwe\msvcp140_codecvt_ids.dll,,,,,,11,,4208,NT AUTHORITY\SYSTEM,S-1-5-18,01:41.7,2.0,"<Event xmlns=""http://schemas.microsoft.com/win/2004/08/events/event"">
  <System>
    <Provider Name=""Microsoft-Windows-Sysmon"" Guid=""{5770385f-c22a-43e0-bf4c-06f5698ffbd9}""/>
    <EventID>11</EventID>
    <Version>2</Version>
    <Level>4</Level>
    <Task>11</Task>
    <Opcode>0</Opcode>
    <Keywords>0x8000000000000000</Keywords>
    <TimeCreated SystemTime=""2023-12-19T23:01:41.7147134Z""/>
    <EventRecordID>4878</EventRecordID>
    <Correlation/>
    <Execution ProcessID=""3400"" ThreadID=""4208""/>
    <Channel>Microsoft-Windows-Sysmon/Operational</Channel>
    <Computer>WinDev2309Eval</Computer>
    <Security UserID=""S-1-5-18""/>
  </System>
  <EventData>
    <Data Name=""RuleName"">DLL</Data>
    <Data Name=""UtcTime"">2023-12-19 23:01:41.708</Data>
    <Data Name=""ProcessGuid"">{f57bd86a-20d2-6582-1902-000000000d00}</Data>
    <Data Name=""ProcessId"">8056</Data>
    <Data Name=""Image"">C:\Windows\system32\svchost.exe</Data>
    <Data Name=""TargetFilename"">C:\Program Files\WindowsApps\MicrosoftTeams_23306.3309.2530.1346_x64__8wekyb3d8bbwe\msvcp140_codecvt_ids.dll</Data>
    <Data Name=""CreationUtcTime"">2023-12-19 23:01:41.708</Data>
    <Data Name=""User"">NT AUTHORITY\SYSTEM</Data>
  </EventData>
</Event>
"
Microsoft-Windows-Sysmon/Operational,,,WinDev2309Eval,01:41.7,,,,,,,,,11,4877,,,,C:\Windows\system32\svchost.exe,,,0x8000000000000000,4,,,,,0,,,,,,,{f57bd86a-20d2-6582-1902-000000000d00},3400,8056.0,,,,,,DLL,,,,,,,,,,,,,2023-12-19T23:01:41.7144390Z,C:\Program Files\WindowsApps\MicrosoftTeams_23306.3309.2530.1346_x64__8wekyb3d8bbwe\msvcp140_app.dll,,,,,,11,,4208,NT AUTHORITY\SYSTEM,S-1-5-18,01:41.7,2.0,"<Event xmlns=""http://schemas.microsoft.com/win/2004/08/events/event"">
  <System>
    <Provider Name=""Microsoft-Windows-Sysmon"" Guid=""{5770385f-c22a-43e0-bf4c-06f5698ffbd9}""/>
    <EventID>11</EventID>
    <Version>2</Version>
    <Level>4</Level>
    <Task>11</Task>
    <Opcode>0</Opcode>
    <Keywords>0x8000000000000000</Keywords>
    <TimeCreated SystemTime=""2023-12-19T23:01:41.7144390Z""/>
    <EventRecordID>4877</EventRecordID>
    <Correlation/>
    <Execution ProcessID=""3400"" ThreadID=""4208""/>
    <Channel>Microsoft-Windows-Sysmon/Operational</Channel>
    <Computer>WinDev2309Eval</Computer>
    <Security UserID=""S-1-5-18""/>
  </System>
  <EventData>
    <Data Name=""RuleName"">DLL</Data>
    <Data Name=""UtcTime"">2023-12-19 23:01:41.708</Data>
    <Data Name=""ProcessGuid"">{f57bd86a-20d2-6582-1902-000000000d00}</Data>
    <Data Name=""ProcessId"">8056</Data>
    <Data Name=""Image"">C:\Windows\system32\svchost.exe</Data>
    <Data Name=""TargetFilename"">C:\Program Files\WindowsApps\MicrosoftTeams_23306.3309.2530.1346_x64__8wekyb3d8bbwe\msvcp140_app.dll</Data>
    <Data Name=""CreationUtcTime"">2023-12-19 23:01:41.708</Data>
    <Data Name=""User"">NT AUTHORITY\SYSTEM</Data>
  </EventData>
</Event>
"
Microsoft-Windows-Sysmon/Operational,,,WinDev2309Eval,01:41.7,,,,,,,,,11,4876,,,,C:\Windows\system32\svchost.exe,,,0x8000000000000000,4,,,,,0,,,,,,,{f57bd86a-20d2-6582-1902-000000000d00},3400,8056.0,,,,,,DLL,,,,,,,,,,,,,2023-12-19T23:01:41.7141921Z,C:\Program Files\WindowsApps\MicrosoftTeams_23306.3309.2530.1346_x64__8wekyb3d8bbwe\msvcp140_2_app.dll,,,,,,11,,4208,NT AUTHORITY\SYSTEM,S-1-5-18,01:41.7,2.0,"<Event xmlns=""http://schemas.microsoft.com/win/2004/08/events/event"">
  <System>
    <Provider Name=""Microsoft-Windows-Sysmon"" Guid=""{5770385f-c22a-43e0-bf4c-06f5698ffbd9}""/>
    <EventID>11</EventID>
    <Version>2</Version>
    <Level>4</Level>
    <Task>11</Task>
    <Opcode>0</Opcode>
    <Keywords>0x8000000000000000</Keywords>
    <TimeCreated SystemTime=""2023-12-19T23:01:41.7141921Z""/>
    <EventRecordID>4876</EventRecordID>
    <Correlation/>
    <Execution ProcessID=""3400"" ThreadID=""4208""/>
    <Channel>Microsoft-Windows-Sysmon/Operational</Channel>
    <Computer>WinDev2309Eval</Computer>
    <Security UserID=""S-1-5-18""/>
  </System>
  <EventData>
    <Data Name=""RuleName"">DLL</Data>
    <Data Name=""UtcTime"">2023-12-19 23:01:41.708</Data>
    <Data Name=""ProcessGuid"">{f57bd86a-20d2-6582-1902-000000000d00}</Data>
    <Data Name=""ProcessId"">8056</Data>
    <Data Name=""Image"">C:\Windows\system32\svchost.exe</Data>
    <Data Name=""TargetFilename"">C:\Program Files\WindowsApps\MicrosoftTeams_23306.3309.2530.1346_x64__8wekyb3d8bbwe\msvcp140_2_app.dll</Data>
    <Data Name=""CreationUtcTime"">2023-12-19 23:01:41.708</Data>
    <Data Name=""User"">NT AUTHORITY\SYSTEM</Data>
  </EventData>
</Event>
"
Microsoft-Windows-Sysmon/Operational,,,WinDev2309Eval,01:41.7,,,,,,,,,11,4875,,,,C:\Windows\system32\svchost.exe,,,0x8000000000000000,4,,,,,0,,,,,,,{f57bd86a-20d2-6582-1902-000000000d00},3400,8056.0,,,,,,DLL,,,,,,,,,,,,,2023-12-19T23:01:41.7139248Z,C:\Program Files\WindowsApps\MicrosoftTeams_23306.3309.2530.1346_x64__8wekyb3d8bbwe\msvcp140_1_app.dll,,,,,,11,,4208,NT AUTHORITY\SYSTEM,S-1-5-18,01:41.7,2.0,"<Event xmlns=""http://schemas.microsoft.com/win/2004/08/events/event"">
  <System>
    <Provider Name=""Microsoft-Windows-Sysmon"" Guid=""{5770385f-c22a-43e0-bf4c-06f5698ffbd9}""/>
    <EventID>11</EventID>
    <Version>2</Version>
    <Level>4</Level>
    <Task>11</Task>
    <Opcode>0</Opcode>
    <Keywords>0x8000000000000000</Keywords>
    <TimeCreated SystemTime=""2023-12-19T23:01:41.7139248Z""/>
    <EventRecordID>4875</EventRecordID>
    <Correlation/>
    <Execution ProcessID=""3400"" ThreadID=""4208""/>
    <Channel>Microsoft-Windows-Sysmon/Operational</Channel>
    <Computer>WinDev2309Eval</Computer>
    <Security UserID=""S-1-5-18""/>
  </System>
  <EventData>
    <Data Name=""RuleName"">DLL</Data>
    <Data Name=""UtcTime"">2023-12-19 23:01:41.708</Data>
    <Data Name=""ProcessGuid"">{f57bd86a-20d2-6582-1902-000000000d00}</Data>
    <Data Name=""ProcessId"">8056</Data>
    <Data Name=""Image"">C:\Windows\system32\svchost.exe</Data>
    <Data Name=""TargetFilename"">C:\Program Files\WindowsApps\MicrosoftTeams_23306.3309.2530.1346_x64__8wekyb3d8bbwe\msvcp140_1_app.dll</Data>
    <Data Name=""CreationUtcTime"">2023-12-19 23:01:41.708</Data>
    <Data Name=""User"">NT AUTHORITY\SYSTEM</Data>
  </EventData>
</Event>
"
Microsoft-Windows-Sysmon/Operational,,,WinDev2309Eval,01:41.7,,,,,,,,,11,4874,,,,C:\Windows\system32\svchost.exe,,,0x8000000000000000,4,,,,,0,,,,,,,{f57bd86a-20d2-6582-1902-000000000d00},3400,8056.0,,,,,,DLL,,,,,,,,,,,,,2023-12-19T23:01:41.7136686Z,C:\Program Files\WindowsApps\MicrosoftTeams_23306.3309.2530.1346_x64__8wekyb3d8bbwe\msvcp140.dll,,,,,,11,,4208,NT AUTHORITY\SYSTEM,S-1-5-18,01:41.7,2.0,"<Event xmlns=""http://schemas.microsoft.com/win/2004/08/events/event"">
  <System>
    <Provider Name=""Microsoft-Windows-Sysmon"" Guid=""{5770385f-c22a-43e0-bf4c-06f5698ffbd9}""/>
    <EventID>11</EventID>
    <Version>2</Version>
    <Level>4</Level>
    <Task>11</Task>
    <Opcode>0</Opcode>
    <Keywords>0x8000000000000000</Keywords>
    <TimeCreated SystemTime=""2023-12-19T23:01:41.7136686Z""/>
    <EventRecordID>4874</EventRecordID>
    <Correlation/>
    <Execution ProcessID=""3400"" ThreadID=""4208""/>
    <Channel>Microsoft-Windows-Sysmon/Operational</Channel>
    <Computer>WinDev2309Eval</Computer>
    <Security UserID=""S-1-5-18""/>
  </System>
  <EventData>
    <Data Name=""RuleName"">DLL</Data>
    <Data Name=""UtcTime"">2023-12-19 23:01:41.708</Data>
    <Data Name=""ProcessGuid"">{f57bd86a-20d2-6582-1902-000000000d00}</Data>
    <Data Name=""ProcessId"">8056</Data>
    <Data Name=""Image"">C:\Windows\system32\svchost.exe</Data>
    <Data Name=""TargetFilename"">C:\Program Files\WindowsApps\MicrosoftTeams_23306.3309.2530.1346_x64__8wekyb3d8bbwe\msvcp140.dll</Data>
    <Data Name=""CreationUtcTime"">2023-12-19 23:01:41.708</Data>
    <Data Name=""User"">NT AUTHORITY\SYSTEM</Data>
  </EventData>
</Event>
"
Microsoft-Windows-Sysmon/Operational,,,WinDev2309Eval,01:41.7,,,,,,,,,11,4873,,,,C:\Windows\system32\svchost.exe,,,0x8000000000000000,4,,,,,0,,,,,,,{f57bd86a-20d2-6582-1902-000000000d00},3400,8056.0,,,,,,EXE,,,,,,,,,,,,,2023-12-19T23:01:41.7134173Z,C:\Program Files\WindowsApps\MicrosoftTeams_23306.3309.2530.1346_x64__8wekyb3d8bbwe\msteams_autostarter.exe,,,,,,11,,4208,NT AUTHORITY\SYSTEM,S-1-5-18,01:41.7,2.0,"<Event xmlns=""http://schemas.microsoft.com/win/2004/08/events/event"">
  <System>
    <Provider Name=""Microsoft-Windows-Sysmon"" Guid=""{5770385f-c22a-43e0-bf4c-06f5698ffbd9}""/>
    <EventID>11</EventID>
    <Version>2</Version>
    <Level>4</Level>
    <Task>11</Task>
    <Opcode>0</Opcode>
    <Keywords>0x8000000000000000</Keywords>
    <TimeCreated SystemTime=""2023-12-19T23:01:41.7134173Z""/>
    <EventRecordID>4873</EventRecordID>
    <Correlation/>
    <Execution ProcessID=""3400"" ThreadID=""4208""/>
    <Channel>Microsoft-Windows-Sysmon/Operational</Channel>
    <Computer>WinDev2309Eval</Computer>
    <Security UserID=""S-1-5-18""/>
  </System>
  <EventData>
    <Data Name=""RuleName"">EXE</Data>
    <Data Name=""UtcTime"">2023-12-19 23:01:41.708</Data>
    <Data Name=""ProcessGuid"">{f57bd86a-20d2-6582-1902-000000000d00}</Data>
    <Data Name=""ProcessId"">8056</Data>
    <Data Name=""Image"">C:\Windows\system32\svchost.exe</Data>
    <Data Name=""TargetFilename"">C:\Program Files\WindowsApps\MicrosoftTeams_23306.3309.2530.1346_x64__8wekyb3d8bbwe\msteams_autostarter.exe</Data>
    <Data Name=""CreationUtcTime"">2023-12-19 23:01:41.708</Data>
    <Data Name=""User"">NT AUTHORITY\SYSTEM</Data>
  </EventData>
</Event>
"
Microsoft-Windows-Sysmon/Operational,,,WinDev2309Eval,01:41.7,,,,,,,,,11,4872,,,,C:\Windows\system32\svchost.exe,,,0x8000000000000000,4,,,,,0,,,,,,,{f57bd86a-20d2-6582-1902-000000000d00},3400,8056.0,,,,,,EXE,,,,,,,,,,,,,2023-12-19T23:01:41.7130934Z,C:\Program Files\WindowsApps\MicrosoftTeams_23306.3309.2530.1346_x64__8wekyb3d8bbwe\msteamsupdate.exe,,,,,,11,,4208,NT AUTHORITY\SYSTEM,S-1-5-18,01:41.7,2.0,"<Event xmlns=""http://schemas.microsoft.com/win/2004/08/events/event"">
  <System>
    <Provider Name=""Microsoft-Windows-Sysmon"" Guid=""{5770385f-c22a-43e0-bf4c-06f5698ffbd9}""/>
    <EventID>11</EventID>
    <Version>2</Version>
    <Level>4</Level>
    <Task>11</Task>
    <Opcode>0</Opcode>
    <Keywords>0x8000000000000000</Keywords>
    <TimeCreated SystemTime=""2023-12-19T23:01:41.7130934Z""/>
    <EventRecordID>4872</EventRecordID>
    <Correlation/>
    <Execution ProcessID=""3400"" ThreadID=""4208""/>
    <Channel>Microsoft-Windows-Sysmon/Operational</Channel>
    <Computer>WinDev2309Eval</Computer>
    <Security UserID=""S-1-5-18""/>
  </System>
  <EventData>
    <Data Name=""RuleName"">EXE</Data>
    <Data Name=""UtcTime"">2023-12-19 23:01:41.708</Data>
    <Data Name=""ProcessGuid"">{f57bd86a-20d2-6582-1902-000000000d00}</Data>
    <Data Name=""ProcessId"">8056</Data>
    <Data Name=""Image"">C:\Windows\system32\svchost.exe</Data>
    <Data Name=""TargetFilename"">C:\Program Files\WindowsApps\MicrosoftTeams_23306.3309.2530.1346_x64__8wekyb3d8bbwe\msteamsupdate.exe</Data>
    <Data Name=""CreationUtcTime"">2023-12-19 23:01:41.708</Data>
    <Data Name=""User"">NT AUTHORITY\SYSTEM</Data>
  </EventData>
</Event>
"
Microsoft-Windows-Sysmon/Operational,,,WinDev2309Eval,01:41.7,,,,,,,,,11,4871,,,,C:\Windows\system32\svchost.exe,,,0x8000000000000000,4,,,,,0,,,,,,,{f57bd86a-20d2-6582-1902-000000000d00},3400,8056.0,,,,,,EXE,,,,,,,,,,,,,2023-12-19T23:01:41.7128230Z,C:\Program Files\WindowsApps\MicrosoftTeams_23306.3309.2530.1346_x64__8wekyb3d8bbwe\msteams.exe,,,,,,11,,4208,NT AUTHORITY\SYSTEM,S-1-5-18,01:41.7,2.0,"<Event xmlns=""http://schemas.microsoft.com/win/2004/08/events/event"">
  <System>
    <Provider Name=""Microsoft-Windows-Sysmon"" Guid=""{5770385f-c22a-43e0-bf4c-06f5698ffbd9}""/>
    <EventID>11</EventID>
    <Version>2</Version>
    <Level>4</Level>
    <Task>11</Task>
    <Opcode>0</Opcode>
    <Keywords>0x8000000000000000</Keywords>
    <TimeCreated SystemTime=""2023-12-19T23:01:41.7128230Z""/>
    <EventRecordID>4871</EventRecordID>
    <Correlation/>
    <Execution ProcessID=""3400"" ThreadID=""4208""/>
    <Channel>Microsoft-Windows-Sysmon/Operational</Channel>
    <Computer>WinDev2309Eval</Computer>
    <Security UserID=""S-1-5-18""/>
  </System>
  <EventData>
    <Data Name=""RuleName"">EXE</Data>
    <Data Name=""UtcTime"">2023-12-19 23:01:41.708</Data>
    <Data Name=""ProcessGuid"">{f57bd86a-20d2-6582-1902-000000000d00}</Data>
    <Data Name=""ProcessId"">8056</Data>
    <Data Name=""Image"">C:\Windows\system32\svchost.exe</Data>
    <Data Name=""TargetFilename"">C:\Program Files\WindowsApps\MicrosoftTeams_23306.3309.2530.1346_x64__8wekyb3d8bbwe\msteams.exe</Data>
    <Data Name=""CreationUtcTime"">2023-12-19 23:01:41.708</Data>
    <Data Name=""User"">NT AUTHORITY\SYSTEM</Data>
  </EventData>
</Event>
"
Microsoft-Windows-Sysmon/Operational,,,WinDev2309Eval,01:41.7,,,,,,,,,11,4870,,,,C:\Windows\system32\svchost.exe,,,0x8000000000000000,4,,,,,0,,,,,,,{f57bd86a-20d2-6582-1902-000000000d00},3400,8056.0,,,,,,DLL,,,,,,,,,,,,,2023-12-19T23:01:41.7113985Z,C:\Program Files\WindowsApps\MicrosoftTeams_23306.3309.2530.1346_x64__8wekyb3d8bbwe\Microsoft.Graphics.Canvas.dll,,,,,,11,,4208,NT AUTHORITY\SYSTEM,S-1-5-18,01:41.7,2.0,"<Event xmlns=""http://schemas.microsoft.com/win/2004/08/events/event"">
  <System>
    <Provider Name=""Microsoft-Windows-Sysmon"" Guid=""{5770385f-c22a-43e0-bf4c-06f5698ffbd9}""/>
    <EventID>11</EventID>
    <Version>2</Version>
    <Level>4</Level>
    <Task>11</Task>
    <Opcode>0</Opcode>
    <Keywords>0x8000000000000000</Keywords>
    <TimeCreated SystemTime=""2023-12-19T23:01:41.7113985Z""/>
    <EventRecordID>4870</EventRecordID>
    <Correlation/>
    <Execution ProcessID=""3400"" ThreadID=""4208""/>
    <Channel>Microsoft-Windows-Sysmon/Operational</Channel>
    <Computer>WinDev2309Eval</Computer>
    <Security UserID=""S-1-5-18""/>
  </System>
  <EventData>
    <Data Name=""RuleName"">DLL</Data>
    <Data Name=""UtcTime"">2023-12-19 23:01:41.708</Data>
    <Data Name=""ProcessGuid"">{f57bd86a-20d2-6582-1902-000000000d00}</Data>
    <Data Name=""ProcessId"">8056</Data>
    <Data Name=""Image"">C:\Windows\system32\svchost.exe</Data>
    <Data Name=""TargetFilename"">C:\Program Files\WindowsApps\MicrosoftTeams_23306.3309.2530.1346_x64__8wekyb3d8bbwe\Microsoft.Graphics.Canvas.dll</Data>
    <Data Name=""CreationUtcTime"">2023-12-19 23:01:41.708</Data>
    <Data Name=""User"">NT AUTHORITY\SYSTEM</Data>
  </EventData>
</Event>
"
