Microsoft-Windows-Sysmon/Operational,,,WinDev2309Eval,49:14.9,,,,,,,,,11,868,,,,C:\ProgramData\Microsoft\Windows Defender\Platform\4.18.23080.2006-0\MsMpEng.exe,,,0x8000000000000000,4,,,,,0,,,,,,,{f57bd86a-0685-6582-3a03-000000000b00},10484,2560.0,,,,,,-,,,,,,,,,,,,,2023-12-19T21:09:28.4963666Z,C:\Windows\System32\WindowsPowerShell\v1.0\Modules\ConfigDefenderPerformance\MSFT_MpPerformanceRecording.wprp,,,,,,11,,10592,NT AUTHORITY\SYSTEM,S-1-5-18,09:28.5,2.0,"<Event xmlns=""http://schemas.microsoft.com/win/2004/08/events/event"">
  <System>
    <Provider Name=""Microsoft-Windows-Sysmon"" Guid=""{5770385f-c22a-43e0-bf4c-06f5698ffbd9}""/>
    <EventID>11</EventID>
    <Version>2</Version>
    <Level>4</Level>
    <Task>11</Task>
    <Opcode>0</Opcode>
    <Keywords>0x8000000000000000</Keywords>
    <TimeCreated SystemTime=""2023-12-19T21:09:28.4963666Z""/>
    <EventRecordID>868</EventRecordID>
    <Correlation/>
    <Execution ProcessID=""10484"" ThreadID=""10592""/>
    <Channel>Microsoft-Windows-Sysmon/Operational</Channel>
    <Computer>WinDev2309Eval</Computer>
    <Security UserID=""S-1-5-18""/>
  </System>
  <EventData>
    <Data Name=""RuleName"">-</Data>
    <Data Name=""UtcTime"">2023-12-19 21:09:28.485</Data>
    <Data Name=""ProcessGuid"">{f57bd86a-0685-6582-3a03-000000000b00}</Data>
    <Data Name=""ProcessId"">2560</Data>
    <Data Name=""Image"">C:\ProgramData\Microsoft\Windows Defender\Platform\4.18.23080.2006-0\MsMpEng.exe</Data>
    <Data Name=""TargetFilename"">C:\Windows\System32\WindowsPowerShell\v1.0\Modules\ConfigDefenderPerformance\MSFT_MpPerformanceRecording.wprp</Data>
    <Data Name=""CreationUtcTime"">2023-09-19 23:49:14.933</Data>
    <Data Name=""User"">NT AUTHORITY\SYSTEM</Data>
  </EventData>
</Event>
"
Microsoft-Windows-Sysmon/Operational,,,WinDev2309Eval,49:14.9,,,,,,,,,11,867,,,,C:\ProgramData\Microsoft\Windows Defender\Platform\4.18.23080.2006-0\MsMpEng.exe,,,0x8000000000000000,4,,,,,0,,,,,,,{f57bd86a-0685-6582-3a03-000000000b00},10484,2560.0,,,,,,-,,,,,,,,,,,,,2023-12-19T21:09:28.4958572Z,C:\Windows\System32\WindowsPowerShell\v1.0\Modules\ConfigDefenderPerformance\MSFT_MpPerformanceRecording.psm1,,,,,,11,,10592,NT AUTHORITY\SYSTEM,S-1-5-18,09:28.5,2.0,"<Event xmlns=""http://schemas.microsoft.com/win/2004/08/events/event"">
  <System>
    <Provider Name=""Microsoft-Windows-Sysmon"" Guid=""{5770385f-c22a-43e0-bf4c-06f5698ffbd9}""/>
    <EventID>11</EventID>
    <Version>2</Version>
    <Level>4</Level>
    <Task>11</Task>
    <Opcode>0</Opcode>
    <Keywords>0x8000000000000000</Keywords>
    <TimeCreated SystemTime=""2023-12-19T21:09:28.4958572Z""/>
    <EventRecordID>867</EventRecordID>
    <Correlation/>
    <Execution ProcessID=""10484"" ThreadID=""10592""/>
    <Channel>Microsoft-Windows-Sysmon/Operational</Channel>
    <Computer>WinDev2309Eval</Computer>
    <Security UserID=""S-1-5-18""/>
  </System>
  <EventData>
    <Data Name=""RuleName"">-</Data>
    <Data Name=""UtcTime"">2023-12-19 21:09:28.485</Data>
    <Data Name=""ProcessGuid"">{f57bd86a-0685-6582-3a03-000000000b00}</Data>
    <Data Name=""ProcessId"">2560</Data>
    <Data Name=""Image"">C:\ProgramData\Microsoft\Windows Defender\Platform\4.18.23080.2006-0\MsMpEng.exe</Data>
    <Data Name=""TargetFilename"">C:\Windows\System32\WindowsPowerShell\v1.0\Modules\ConfigDefenderPerformance\MSFT_MpPerformanceRecording.psm1</Data>
    <Data Name=""CreationUtcTime"">2023-09-19 23:49:14.933</Data>
    <Data Name=""User"">NT AUTHORITY\SYSTEM</Data>
  </EventData>
</Event>
"
Microsoft-Windows-Sysmon/Operational,,,WinDev2309Eval,49:14.9,,,,,,,,,11,866,,,,C:\ProgramData\Microsoft\Windows Defender\Platform\4.18.23080.2006-0\MsMpEng.exe,,,0x8000000000000000,4,,,,,0,,,,,,,{f57bd86a-0685-6582-3a03-000000000b00},10484,2560.0,,,,,,-,,,,,,,,,,,,,2023-12-19T21:09:28.4952475Z,C:\Windows\System32\WindowsPowerShell\v1.0\Modules\ConfigDefenderPerformance\ConfigDefenderPerformance.psd1,,,,,,11,,10592,NT AUTHORITY\SYSTEM,S-1-5-18,09:28.5,2.0,"<Event xmlns=""http://schemas.microsoft.com/win/2004/08/events/event"">
  <System>
    <Provider Name=""Microsoft-Windows-Sysmon"" Guid=""{5770385f-c22a-43e0-bf4c-06f5698ffbd9}""/>
    <EventID>11</EventID>
    <Version>2</Version>
    <Level>4</Level>
    <Task>11</Task>
    <Opcode>0</Opcode>
    <Keywords>0x8000000000000000</Keywords>
    <TimeCreated SystemTime=""2023-12-19T21:09:28.4952475Z""/>
    <EventRecordID>866</EventRecordID>
    <Correlation/>
    <Execution ProcessID=""10484"" ThreadID=""10592""/>
    <Channel>Microsoft-Windows-Sysmon/Operational</Channel>
    <Computer>WinDev2309Eval</Computer>
    <Security UserID=""S-1-5-18""/>
  </System>
  <EventData>
    <Data Name=""RuleName"">-</Data>
    <Data Name=""UtcTime"">2023-12-19 21:09:28.485</Data>
    <Data Name=""ProcessGuid"">{f57bd86a-0685-6582-3a03-000000000b00}</Data>
    <Data Name=""ProcessId"">2560</Data>
    <Data Name=""Image"">C:\ProgramData\Microsoft\Windows Defender\Platform\4.18.23080.2006-0\MsMpEng.exe</Data>
    <Data Name=""TargetFilename"">C:\Windows\System32\WindowsPowerShell\v1.0\Modules\ConfigDefenderPerformance\ConfigDefenderPerformance.psd1</Data>
    <Data Name=""CreationUtcTime"">2023-09-19 23:49:14.933</Data>
    <Data Name=""User"">NT AUTHORITY\SYSTEM</Data>
  </EventData>
</Event>
"
