Channel,CommandLine,Company,Computer,CreationUtcTime,CurrentDirectory,Description,DestinationHostname,DestinationIp,DestinationIsIpv6,DestinationPort,DestinationPortName,Details,EventID,EventRecordID,EventType,FileVersion,Hashes,Image,Initiated,IntegrityLevel,Keywords,Level,LogonGuid,LogonId,Message,NewThreadId,Opcode,OriginalFileName,ParentCommandLine,ParentImage,ParentProcessGuid,ParentProcessId,ParentUser,ProcessGuid,ProcessID,ProcessId,Product,Protocol,QueryName,QueryResults,QueryStatus,RuleName,SourceHostname,SourceImage,SourceIp,SourceIsIpv6,SourcePort,SourcePortName,SourceProcessGuid,SourceProcessId,SourceUser,StartAddress,StartFunction,StartModule,SystemTime,TargetFilename,TargetImage,TargetObject,TargetProcessGuid,TargetProcessId,TargetUser,Task,TerminalSessionId,ThreadID,User,UserID,UtcTime,Version,raw
Microsoft-Windows-Sysmon/Operational,,,WinDev2309Eval,12:51.8,,,,,,,,,11,5661,,,,C:\Windows\system32\svchost.exe,,,0x8000000000000000,4,,,,,0,,,,,,,{f57bd86a-bb60-6582-5203-000000000d00},3400,8268.0,,,,,,DLL,,,,,,,,,,,,,2023-12-20T10:12:51.7983298Z,C:\Program Files\WindowsApps\RVAppStudios.BubblePop_1.4.0.0_x86__f5kf90dqd2yjg\System.Security.Cryptography.Encoding.dll,,,,,,11,,4208,NT AUTHORITY\SYSTEM,S-1-5-18,12:51.8,2.0,"<Event xmlns=""http://schemas.microsoft.com/win/2004/08/events/event"">
  <System>
    <Provider Name=""Microsoft-Windows-Sysmon"" Guid=""{5770385f-c22a-43e0-bf4c-06f5698ffbd9}""/>
    <EventID>11</EventID>
    <Version>2</Version>
    <Level>4</Level>
    <Task>11</Task>
    <Opcode>0</Opcode>
    <Keywords>0x8000000000000000</Keywords>
    <TimeCreated SystemTime=""2023-12-20T10:12:51.7983298Z""/>
    <EventRecordID>5661</EventRecordID>
    <Correlation/>
    <Execution ProcessID=""3400"" ThreadID=""4208""/>
    <Channel>Microsoft-Windows-Sysmon/Operational</Channel>
    <Computer>WinDev2309Eval</Computer>
    <Security UserID=""S-1-5-18""/>
  </System>
  <EventData>
    <Data Name=""RuleName"">DLL</Data>
    <Data Name=""UtcTime"">2023-12-20 10:12:51.784</Data>
    <Data Name=""ProcessGuid"">{f57bd86a-bb60-6582-5203-000000000d00}</Data>
    <Data Name=""ProcessId"">8268</Data>
    <Data Name=""Image"">C:\Windows\system32\svchost.exe</Data>
    <Data Name=""TargetFilename"">C:\Program Files\WindowsApps\RVAppStudios.BubblePop_1.4.0.0_x86__f5kf90dqd2yjg\System.Security.Cryptography.Encoding.dll</Data>
    <Data Name=""CreationUtcTime"">2023-12-20 10:12:51.784</Data>
    <Data Name=""User"">NT AUTHORITY\SYSTEM</Data>
  </EventData>
</Event>
"
Microsoft-Windows-Sysmon/Operational,,,WinDev2309Eval,12:51.8,,,,,,,,,11,5660,,,,C:\Windows\system32\svchost.exe,,,0x8000000000000000,4,,,,,0,,,,,,,{f57bd86a-bb60-6582-5203-000000000d00},3400,8268.0,,,,,,DLL,,,,,,,,,,,,,2023-12-20T10:12:51.7980601Z,C:\Program Files\WindowsApps\RVAppStudios.BubblePop_1.4.0.0_x86__f5kf90dqd2yjg\System.Security.Cryptography.Cng.dll,,,,,,11,,4208,NT AUTHORITY\SYSTEM,S-1-5-18,12:51.8,2.0,"<Event xmlns=""http://schemas.microsoft.com/win/2004/08/events/event"">
  <System>
    <Provider Name=""Microsoft-Windows-Sysmon"" Guid=""{5770385f-c22a-43e0-bf4c-06f5698ffbd9}""/>
    <EventID>11</EventID>
    <Version>2</Version>
    <Level>4</Level>
    <Task>11</Task>
    <Opcode>0</Opcode>
    <Keywords>0x8000000000000000</Keywords>
    <TimeCreated SystemTime=""2023-12-20T10:12:51.7980601Z""/>
    <EventRecordID>5660</EventRecordID>
    <Correlation/>
    <Execution ProcessID=""3400"" ThreadID=""4208""/>
    <Channel>Microsoft-Windows-Sysmon/Operational</Channel>
    <Computer>WinDev2309Eval</Computer>
    <Security UserID=""S-1-5-18""/>
  </System>
  <EventData>
    <Data Name=""RuleName"">DLL</Data>
    <Data Name=""UtcTime"">2023-12-20 10:12:51.784</Data>
    <Data Name=""ProcessGuid"">{f57bd86a-bb60-6582-5203-000000000d00}</Data>
    <Data Name=""ProcessId"">8268</Data>
    <Data Name=""Image"">C:\Windows\system32\svchost.exe</Data>
    <Data Name=""TargetFilename"">C:\Program Files\WindowsApps\RVAppStudios.BubblePop_1.4.0.0_x86__f5kf90dqd2yjg\System.Security.Cryptography.Cng.dll</Data>
    <Data Name=""CreationUtcTime"">2023-12-20 10:12:51.784</Data>
    <Data Name=""User"">NT AUTHORITY\SYSTEM</Data>
  </EventData>
</Event>
"
Microsoft-Windows-Sysmon/Operational,,,WinDev2309Eval,12:51.8,,,,,,,,,11,5659,,,,C:\Windows\system32\svchost.exe,,,0x8000000000000000,4,,,,,0,,,,,,,{f57bd86a-bb60-6582-5203-000000000d00},3400,8268.0,,,,,,DLL,,,,,,,,,,,,,2023-12-20T10:12:51.7977584Z,C:\Program Files\WindowsApps\RVAppStudios.BubblePop_1.4.0.0_x86__f5kf90dqd2yjg\System.Security.Cryptography.Algorithms.dll,,,,,,11,,4208,NT AUTHORITY\SYSTEM,S-1-5-18,12:51.8,2.0,"<Event xmlns=""http://schemas.microsoft.com/win/2004/08/events/event"">
  <System>
    <Provider Name=""Microsoft-Windows-Sysmon"" Guid=""{5770385f-c22a-43e0-bf4c-06f5698ffbd9}""/>
    <EventID>11</EventID>
    <Version>2</Version>
    <Level>4</Level>
    <Task>11</Task>
    <Opcode>0</Opcode>
    <Keywords>0x8000000000000000</Keywords>
    <TimeCreated SystemTime=""2023-12-20T10:12:51.7977584Z""/>
    <EventRecordID>5659</EventRecordID>
    <Correlation/>
    <Execution ProcessID=""3400"" ThreadID=""4208""/>
    <Channel>Microsoft-Windows-Sysmon/Operational</Channel>
    <Computer>WinDev2309Eval</Computer>
    <Security UserID=""S-1-5-18""/>
  </System>
  <EventData>
    <Data Name=""RuleName"">DLL</Data>
    <Data Name=""UtcTime"">2023-12-20 10:12:51.784</Data>
    <Data Name=""ProcessGuid"">{f57bd86a-bb60-6582-5203-000000000d00}</Data>
    <Data Name=""ProcessId"">8268</Data>
    <Data Name=""Image"">C:\Windows\system32\svchost.exe</Data>
    <Data Name=""TargetFilename"">C:\Program Files\WindowsApps\RVAppStudios.BubblePop_1.4.0.0_x86__f5kf90dqd2yjg\System.Security.Cryptography.Algorithms.dll</Data>
    <Data Name=""CreationUtcTime"">2023-12-20 10:12:51.784</Data>
    <Data Name=""User"">NT AUTHORITY\SYSTEM</Data>
  </EventData>
</Event>
"
Microsoft-Windows-Sysmon/Operational,,,WinDev2309Eval,12:51.8,,,,,,,,,11,5658,,,,C:\Windows\system32\svchost.exe,,,0x8000000000000000,4,,,,,0,,,,,,,{f57bd86a-bb60-6582-5203-000000000d00},3400,8268.0,,,,,,DLL,,,,,,,,,,,,,2023-12-20T10:12:51.7971413Z,C:\Program Files\WindowsApps\RVAppStudios.BubblePop_1.4.0.0_x86__f5kf90dqd2yjg\System.Security.Claims.dll,,,,,,11,,4208,NT AUTHORITY\SYSTEM,S-1-5-18,12:51.8,2.0,"<Event xmlns=""http://schemas.microsoft.com/win/2004/08/events/event"">
  <System>
    <Provider Name=""Microsoft-Windows-Sysmon"" Guid=""{5770385f-c22a-43e0-bf4c-06f5698ffbd9}""/>
    <EventID>11</EventID>
    <Version>2</Version>
    <Level>4</Level>
    <Task>11</Task>
    <Opcode>0</Opcode>
    <Keywords>0x8000000000000000</Keywords>
    <TimeCreated SystemTime=""2023-12-20T10:12:51.7971413Z""/>
    <EventRecordID>5658</EventRecordID>
    <Correlation/>
    <Execution ProcessID=""3400"" ThreadID=""4208""/>
    <Channel>Microsoft-Windows-Sysmon/Operational</Channel>
    <Computer>WinDev2309Eval</Computer>
    <Security UserID=""S-1-5-18""/>
  </System>
  <EventData>
    <Data Name=""RuleName"">DLL</Data>
    <Data Name=""UtcTime"">2023-12-20 10:12:51.784</Data>
    <Data Name=""ProcessGuid"">{f57bd86a-bb60-6582-5203-000000000d00}</Data>
    <Data Name=""ProcessId"">8268</Data>
    <Data Name=""Image"">C:\Windows\system32\svchost.exe</Data>
    <Data Name=""TargetFilename"">C:\Program Files\WindowsApps\RVAppStudios.BubblePop_1.4.0.0_x86__f5kf90dqd2yjg\System.Security.Claims.dll</Data>
    <Data Name=""CreationUtcTime"">2023-12-20 10:12:51.784</Data>
    <Data Name=""User"">NT AUTHORITY\SYSTEM</Data>
  </EventData>
</Event>
"
Microsoft-Windows-Sysmon/Operational,,,WinDev2309Eval,12:51.8,,,,,,,,,11,5657,,,,C:\Windows\system32\svchost.exe,,,0x8000000000000000,4,,,,,0,,,,,,,{f57bd86a-bb60-6582-5203-000000000d00},3400,8268.0,,,,,,DLL,,,,,,,,,,,,,2023-12-20T10:12:51.7967993Z,C:\Program Files\WindowsApps\RVAppStudios.BubblePop_1.4.0.0_x86__f5kf90dqd2yjg\System.Runtime.WindowsRuntime.UI.Xaml.dll,,,,,,11,,4208,NT AUTHORITY\SYSTEM,S-1-5-18,12:51.8,2.0,"<Event xmlns=""http://schemas.microsoft.com/win/2004/08/events/event"">
  <System>
    <Provider Name=""Microsoft-Windows-Sysmon"" Guid=""{5770385f-c22a-43e0-bf4c-06f5698ffbd9}""/>
    <EventID>11</EventID>
    <Version>2</Version>
    <Level>4</Level>
    <Task>11</Task>
    <Opcode>0</Opcode>
    <Keywords>0x8000000000000000</Keywords>
    <TimeCreated SystemTime=""2023-12-20T10:12:51.7967993Z""/>
    <EventRecordID>5657</EventRecordID>
    <Correlation/>
    <Execution ProcessID=""3400"" ThreadID=""4208""/>
    <Channel>Microsoft-Windows-Sysmon/Operational</Channel>
    <Computer>WinDev2309Eval</Computer>
    <Security UserID=""S-1-5-18""/>
  </System>
  <EventData>
    <Data Name=""RuleName"">DLL</Data>
    <Data Name=""UtcTime"">2023-12-20 10:12:51.784</Data>
    <Data Name=""ProcessGuid"">{f57bd86a-bb60-6582-5203-000000000d00}</Data>
    <Data Name=""ProcessId"">8268</Data>
    <Data Name=""Image"">C:\Windows\system32\svchost.exe</Data>
    <Data Name=""TargetFilename"">C:\Program Files\WindowsApps\RVAppStudios.BubblePop_1.4.0.0_x86__f5kf90dqd2yjg\System.Runtime.WindowsRuntime.UI.Xaml.dll</Data>
    <Data Name=""CreationUtcTime"">2023-12-20 10:12:51.784</Data>
    <Data Name=""User"">NT AUTHORITY\SYSTEM</Data>
  </EventData>
</Event>
"
Microsoft-Windows-Sysmon/Operational,,,WinDev2309Eval,12:51.8,,,,,,,,,11,5656,,,,C:\Windows\system32\svchost.exe,,,0x8000000000000000,4,,,,,0,,,,,,,{f57bd86a-bb60-6582-5203-000000000d00},3400,8268.0,,,,,,DLL,,,,,,,,,,,,,2023-12-20T10:12:51.7964973Z,C:\Program Files\WindowsApps\RVAppStudios.BubblePop_1.4.0.0_x86__f5kf90dqd2yjg\System.Runtime.WindowsRuntime.dll,,,,,,11,,4208,NT AUTHORITY\SYSTEM,S-1-5-18,12:51.8,2.0,"<Event xmlns=""http://schemas.microsoft.com/win/2004/08/events/event"">
  <System>
    <Provider Name=""Microsoft-Windows-Sysmon"" Guid=""{5770385f-c22a-43e0-bf4c-06f5698ffbd9}""/>
    <EventID>11</EventID>
    <Version>2</Version>
    <Level>4</Level>
    <Task>11</Task>
    <Opcode>0</Opcode>
    <Keywords>0x8000000000000000</Keywords>
    <TimeCreated SystemTime=""2023-12-20T10:12:51.7964973Z""/>
    <EventRecordID>5656</EventRecordID>
    <Correlation/>
    <Execution ProcessID=""3400"" ThreadID=""4208""/>
    <Channel>Microsoft-Windows-Sysmon/Operational</Channel>
    <Computer>WinDev2309Eval</Computer>
    <Security UserID=""S-1-5-18""/>
  </System>
  <EventData>
    <Data Name=""RuleName"">DLL</Data>
    <Data Name=""UtcTime"">2023-12-20 10:12:51.784</Data>
    <Data Name=""ProcessGuid"">{f57bd86a-bb60-6582-5203-000000000d00}</Data>
    <Data Name=""ProcessId"">8268</Data>
    <Data Name=""Image"">C:\Windows\system32\svchost.exe</Data>
    <Data Name=""TargetFilename"">C:\Program Files\WindowsApps\RVAppStudios.BubblePop_1.4.0.0_x86__f5kf90dqd2yjg\System.Runtime.WindowsRuntime.dll</Data>
    <Data Name=""CreationUtcTime"">2023-12-20 10:12:51.784</Data>
    <Data Name=""User"">NT AUTHORITY\SYSTEM</Data>
  </EventData>
</Event>
"
Microsoft-Windows-Sysmon/Operational,,,WinDev2309Eval,12:51.8,,,,,,,,,11,5655,,,,C:\Windows\system32\svchost.exe,,,0x8000000000000000,4,,,,,0,,,,,,,{f57bd86a-bb60-6582-5203-000000000d00},3400,8268.0,,,,,,DLL,,,,,,,,,,,,,2023-12-20T10:12:51.7962623Z,C:\Program Files\WindowsApps\RVAppStudios.BubblePop_1.4.0.0_x86__f5kf90dqd2yjg\System.Runtime.Serialization.Xml.dll,,,,,,11,,4208,NT AUTHORITY\SYSTEM,S-1-5-18,12:51.8,2.0,"<Event xmlns=""http://schemas.microsoft.com/win/2004/08/events/event"">
  <System>
    <Provider Name=""Microsoft-Windows-Sysmon"" Guid=""{5770385f-c22a-43e0-bf4c-06f5698ffbd9}""/>
    <EventID>11</EventID>
    <Version>2</Version>
    <Level>4</Level>
    <Task>11</Task>
    <Opcode>0</Opcode>
    <Keywords>0x8000000000000000</Keywords>
    <TimeCreated SystemTime=""2023-12-20T10:12:51.7962623Z""/>
    <EventRecordID>5655</EventRecordID>
    <Correlation/>
    <Execution ProcessID=""3400"" ThreadID=""4208""/>
    <Channel>Microsoft-Windows-Sysmon/Operational</Channel>
    <Computer>WinDev2309Eval</Computer>
    <Security UserID=""S-1-5-18""/>
  </System>
  <EventData>
    <Data Name=""RuleName"">DLL</Data>
    <Data Name=""UtcTime"">2023-12-20 10:12:51.784</Data>
    <Data Name=""ProcessGuid"">{f57bd86a-bb60-6582-5203-000000000d00}</Data>
    <Data Name=""ProcessId"">8268</Data>
    <Data Name=""Image"">C:\Windows\system32\svchost.exe</Data>
    <Data Name=""TargetFilename"">C:\Program Files\WindowsApps\RVAppStudios.BubblePop_1.4.0.0_x86__f5kf90dqd2yjg\System.Runtime.Serialization.Xml.dll</Data>
    <Data Name=""CreationUtcTime"">2023-12-20 10:12:51.784</Data>
    <Data Name=""User"">NT AUTHORITY\SYSTEM</Data>
  </EventData>
</Event>
"
Microsoft-Windows-Sysmon/Operational,,,WinDev2309Eval,12:51.8,,,,,,,,,11,5654,,,,C:\Windows\system32\svchost.exe,,,0x8000000000000000,4,,,,,0,,,,,,,{f57bd86a-bb60-6582-5203-000000000d00},3400,8268.0,,,,,,DLL,,,,,,,,,,,,,2023-12-20T10:12:51.7959806Z,C:\Program Files\WindowsApps\RVAppStudios.BubblePop_1.4.0.0_x86__f5kf90dqd2yjg\System.Runtime.Serialization.Primitives.dll,,,,,,11,,4208,NT AUTHORITY\SYSTEM,S-1-5-18,12:51.8,2.0,"<Event xmlns=""http://schemas.microsoft.com/win/2004/08/events/event"">
  <System>
    <Provider Name=""Microsoft-Windows-Sysmon"" Guid=""{5770385f-c22a-43e0-bf4c-06f5698ffbd9}""/>
    <EventID>11</EventID>
    <Version>2</Version>
    <Level>4</Level>
    <Task>11</Task>
    <Opcode>0</Opcode>
    <Keywords>0x8000000000000000</Keywords>
    <TimeCreated SystemTime=""2023-12-20T10:12:51.7959806Z""/>
    <EventRecordID>5654</EventRecordID>
    <Correlation/>
    <Execution ProcessID=""3400"" ThreadID=""4208""/>
    <Channel>Microsoft-Windows-Sysmon/Operational</Channel>
    <Computer>WinDev2309Eval</Computer>
    <Security UserID=""S-1-5-18""/>
  </System>
  <EventData>
    <Data Name=""RuleName"">DLL</Data>
    <Data Name=""UtcTime"">2023-12-20 10:12:51.784</Data>
    <Data Name=""ProcessGuid"">{f57bd86a-bb60-6582-5203-000000000d00}</Data>
    <Data Name=""ProcessId"">8268</Data>
    <Data Name=""Image"">C:\Windows\system32\svchost.exe</Data>
    <Data Name=""TargetFilename"">C:\Program Files\WindowsApps\RVAppStudios.BubblePop_1.4.0.0_x86__f5kf90dqd2yjg\System.Runtime.Serialization.Primitives.dll</Data>
    <Data Name=""CreationUtcTime"">2023-12-20 10:12:51.784</Data>
    <Data Name=""User"">NT AUTHORITY\SYSTEM</Data>
  </EventData>
</Event>
"
Microsoft-Windows-Sysmon/Operational,,,WinDev2309Eval,12:51.8,,,,,,,,,11,5653,,,,C:\Windows\system32\svchost.exe,,,0x8000000000000000,4,,,,,0,,,,,,,{f57bd86a-bb60-6582-5203-000000000d00},3400,8268.0,,,,,,DLL,,,,,,,,,,,,,2023-12-20T10:12:51.7957032Z,C:\Program Files\WindowsApps\RVAppStudios.BubblePop_1.4.0.0_x86__f5kf90dqd2yjg\System.Runtime.Serialization.Json.dll,,,,,,11,,4208,NT AUTHORITY\SYSTEM,S-1-5-18,12:51.8,2.0,"<Event xmlns=""http://schemas.microsoft.com/win/2004/08/events/event"">
  <System>
    <Provider Name=""Microsoft-Windows-Sysmon"" Guid=""{5770385f-c22a-43e0-bf4c-06f5698ffbd9}""/>
    <EventID>11</EventID>
    <Version>2</Version>
    <Level>4</Level>
    <Task>11</Task>
    <Opcode>0</Opcode>
    <Keywords>0x8000000000000000</Keywords>
    <TimeCreated SystemTime=""2023-12-20T10:12:51.7957032Z""/>
    <EventRecordID>5653</EventRecordID>
    <Correlation/>
    <Execution ProcessID=""3400"" ThreadID=""4208""/>
    <Channel>Microsoft-Windows-Sysmon/Operational</Channel>
    <Computer>WinDev2309Eval</Computer>
    <Security UserID=""S-1-5-18""/>
  </System>
  <EventData>
    <Data Name=""RuleName"">DLL</Data>
    <Data Name=""UtcTime"">2023-12-20 10:12:51.784</Data>
    <Data Name=""ProcessGuid"">{f57bd86a-bb60-6582-5203-000000000d00}</Data>
    <Data Name=""ProcessId"">8268</Data>
    <Data Name=""Image"">C:\Windows\system32\svchost.exe</Data>
    <Data Name=""TargetFilename"">C:\Program Files\WindowsApps\RVAppStudios.BubblePop_1.4.0.0_x86__f5kf90dqd2yjg\System.Runtime.Serialization.Json.dll</Data>
    <Data Name=""CreationUtcTime"">2023-12-20 10:12:51.784</Data>
    <Data Name=""User"">NT AUTHORITY\SYSTEM</Data>
  </EventData>
</Event>
"
Microsoft-Windows-Sysmon/Operational,,,WinDev2309Eval,12:51.8,,,,,,,,,11,5652,,,,C:\Windows\system32\svchost.exe,,,0x8000000000000000,4,,,,,0,,,,,,,{f57bd86a-bb60-6582-5203-000000000d00},3400,8268.0,,,,,,DLL,,,,,,,,,,,,,2023-12-20T10:12:51.7954299Z,C:\Program Files\WindowsApps\RVAppStudios.BubblePop_1.4.0.0_x86__f5kf90dqd2yjg\System.Runtime.Serialization.dll,,,,,,11,,4208,NT AUTHORITY\SYSTEM,S-1-5-18,12:51.8,2.0,"<Event xmlns=""http://schemas.microsoft.com/win/2004/08/events/event"">
  <System>
    <Provider Name=""Microsoft-Windows-Sysmon"" Guid=""{5770385f-c22a-43e0-bf4c-06f5698ffbd9}""/>
    <EventID>11</EventID>
    <Version>2</Version>
    <Level>4</Level>
    <Task>11</Task>
    <Opcode>0</Opcode>
    <Keywords>0x8000000000000000</Keywords>
    <TimeCreated SystemTime=""2023-12-20T10:12:51.7954299Z""/>
    <EventRecordID>5652</EventRecordID>
    <Correlation/>
    <Execution ProcessID=""3400"" ThreadID=""4208""/>
    <Channel>Microsoft-Windows-Sysmon/Operational</Channel>
    <Computer>WinDev2309Eval</Computer>
    <Security UserID=""S-1-5-18""/>
  </System>
  <EventData>
    <Data Name=""RuleName"">DLL</Data>
    <Data Name=""UtcTime"">2023-12-20 10:12:51.784</Data>
    <Data Name=""ProcessGuid"">{f57bd86a-bb60-6582-5203-000000000d00}</Data>
    <Data Name=""ProcessId"">8268</Data>
    <Data Name=""Image"">C:\Windows\system32\svchost.exe</Data>
    <Data Name=""TargetFilename"">C:\Program Files\WindowsApps\RVAppStudios.BubblePop_1.4.0.0_x86__f5kf90dqd2yjg\System.Runtime.Serialization.dll</Data>
    <Data Name=""CreationUtcTime"">2023-12-20 10:12:51.784</Data>
    <Data Name=""User"">NT AUTHORITY\SYSTEM</Data>
  </EventData>
</Event>
"
Microsoft-Windows-Sysmon/Operational,,,WinDev2309Eval,12:51.8,,,,,,,,,11,5651,,,,C:\Windows\system32\svchost.exe,,,0x8000000000000000,4,,,,,0,,,,,,,{f57bd86a-bb60-6582-5203-000000000d00},3400,8268.0,,,,,,DLL,,,,,,,,,,,,,2023-12-20T10:12:51.7951466Z,C:\Program Files\WindowsApps\RVAppStudios.BubblePop_1.4.0.0_x86__f5kf90dqd2yjg\System.Runtime.Numerics.dll,,,,,,11,,4208,NT AUTHORITY\SYSTEM,S-1-5-18,12:51.8,2.0,"<Event xmlns=""http://schemas.microsoft.com/win/2004/08/events/event"">
  <System>
    <Provider Name=""Microsoft-Windows-Sysmon"" Guid=""{5770385f-c22a-43e0-bf4c-06f5698ffbd9}""/>
    <EventID>11</EventID>
    <Version>2</Version>
    <Level>4</Level>
    <Task>11</Task>
    <Opcode>0</Opcode>
    <Keywords>0x8000000000000000</Keywords>
    <TimeCreated SystemTime=""2023-12-20T10:12:51.7951466Z""/>
    <EventRecordID>5651</EventRecordID>
    <Correlation/>
    <Execution ProcessID=""3400"" ThreadID=""4208""/>
    <Channel>Microsoft-Windows-Sysmon/Operational</Channel>
    <Computer>WinDev2309Eval</Computer>
    <Security UserID=""S-1-5-18""/>
  </System>
  <EventData>
    <Data Name=""RuleName"">DLL</Data>
    <Data Name=""UtcTime"">2023-12-20 10:12:51.784</Data>
    <Data Name=""ProcessGuid"">{f57bd86a-bb60-6582-5203-000000000d00}</Data>
    <Data Name=""ProcessId"">8268</Data>
    <Data Name=""Image"">C:\Windows\system32\svchost.exe</Data>
    <Data Name=""TargetFilename"">C:\Program Files\WindowsApps\RVAppStudios.BubblePop_1.4.0.0_x86__f5kf90dqd2yjg\System.Runtime.Numerics.dll</Data>
    <Data Name=""CreationUtcTime"">2023-12-20 10:12:51.784</Data>
    <Data Name=""User"">NT AUTHORITY\SYSTEM</Data>
  </EventData>
</Event>
"
Microsoft-Windows-Sysmon/Operational,,,WinDev2309Eval,12:51.8,,,,,,,,,11,5650,,,,C:\Windows\system32\svchost.exe,,,0x8000000000000000,4,,,,,0,,,,,,,{f57bd86a-bb60-6582-5203-000000000d00},3400,8268.0,,,,,,DLL,,,,,,,,,,,,,2023-12-20T10:12:51.7948334Z,C:\Program Files\WindowsApps\RVAppStudios.BubblePop_1.4.0.0_x86__f5kf90dqd2yjg\System.Runtime.InteropServices.WindowsRuntime.dll,,,,,,11,,4208,NT AUTHORITY\SYSTEM,S-1-5-18,12:51.8,2.0,"<Event xmlns=""http://schemas.microsoft.com/win/2004/08/events/event"">
  <System>
    <Provider Name=""Microsoft-Windows-Sysmon"" Guid=""{5770385f-c22a-43e0-bf4c-06f5698ffbd9}""/>
    <EventID>11</EventID>
    <Version>2</Version>
    <Level>4</Level>
    <Task>11</Task>
    <Opcode>0</Opcode>
    <Keywords>0x8000000000000000</Keywords>
    <TimeCreated SystemTime=""2023-12-20T10:12:51.7948334Z""/>
    <EventRecordID>5650</EventRecordID>
    <Correlation/>
    <Execution ProcessID=""3400"" ThreadID=""4208""/>
    <Channel>Microsoft-Windows-Sysmon/Operational</Channel>
    <Computer>WinDev2309Eval</Computer>
    <Security UserID=""S-1-5-18""/>
  </System>
  <EventData>
    <Data Name=""RuleName"">DLL</Data>
    <Data Name=""UtcTime"">2023-12-20 10:12:51.784</Data>
    <Data Name=""ProcessGuid"">{f57bd86a-bb60-6582-5203-000000000d00}</Data>
    <Data Name=""ProcessId"">8268</Data>
    <Data Name=""Image"">C:\Windows\system32\svchost.exe</Data>
    <Data Name=""TargetFilename"">C:\Program Files\WindowsApps\RVAppStudios.BubblePop_1.4.0.0_x86__f5kf90dqd2yjg\System.Runtime.InteropServices.WindowsRuntime.dll</Data>
    <Data Name=""CreationUtcTime"">2023-12-20 10:12:51.784</Data>
    <Data Name=""User"">NT AUTHORITY\SYSTEM</Data>
  </EventData>
</Event>
"
Microsoft-Windows-Sysmon/Operational,,,WinDev2309Eval,12:51.8,,,,,,,,,11,5649,,,,C:\Windows\system32\svchost.exe,,,0x8000000000000000,4,,,,,0,,,,,,,{f57bd86a-bb60-6582-5203-000000000d00},3400,8268.0,,,,,,DLL,,,,,,,,,,,,,2023-12-20T10:12:51.7945100Z,C:\Program Files\WindowsApps\RVAppStudios.BubblePop_1.4.0.0_x86__f5kf90dqd2yjg\System.Runtime.InteropServices.dll,,,,,,11,,4208,NT AUTHORITY\SYSTEM,S-1-5-18,12:51.8,2.0,"<Event xmlns=""http://schemas.microsoft.com/win/2004/08/events/event"">
  <System>
    <Provider Name=""Microsoft-Windows-Sysmon"" Guid=""{5770385f-c22a-43e0-bf4c-06f5698ffbd9}""/>
    <EventID>11</EventID>
    <Version>2</Version>
    <Level>4</Level>
    <Task>11</Task>
    <Opcode>0</Opcode>
    <Keywords>0x8000000000000000</Keywords>
    <TimeCreated SystemTime=""2023-12-20T10:12:51.7945100Z""/>
    <EventRecordID>5649</EventRecordID>
    <Correlation/>
    <Execution ProcessID=""3400"" ThreadID=""4208""/>
    <Channel>Microsoft-Windows-Sysmon/Operational</Channel>
    <Computer>WinDev2309Eval</Computer>
    <Security UserID=""S-1-5-18""/>
  </System>
  <EventData>
    <Data Name=""RuleName"">DLL</Data>
    <Data Name=""UtcTime"">2023-12-20 10:12:51.784</Data>
    <Data Name=""ProcessGuid"">{f57bd86a-bb60-6582-5203-000000000d00}</Data>
    <Data Name=""ProcessId"">8268</Data>
    <Data Name=""Image"">C:\Windows\system32\svchost.exe</Data>
    <Data Name=""TargetFilename"">C:\Program Files\WindowsApps\RVAppStudios.BubblePop_1.4.0.0_x86__f5kf90dqd2yjg\System.Runtime.InteropServices.dll</Data>
    <Data Name=""CreationUtcTime"">2023-12-20 10:12:51.784</Data>
    <Data Name=""User"">NT AUTHORITY\SYSTEM</Data>
  </EventData>
</Event>
"
Microsoft-Windows-Sysmon/Operational,,,WinDev2309Eval,12:51.8,,,,,,,,,11,5648,,,,C:\Windows\system32\svchost.exe,,,0x8000000000000000,4,,,,,0,,,,,,,{f57bd86a-bb60-6582-5203-000000000d00},3400,8268.0,,,,,,DLL,,,,,,,,,,,,,2023-12-20T10:12:51.7941811Z,C:\Program Files\WindowsApps\RVAppStudios.BubblePop_1.4.0.0_x86__f5kf90dqd2yjg\System.Runtime.Handles.dll,,,,,,11,,4208,NT AUTHORITY\SYSTEM,S-1-5-18,12:51.8,2.0,"<Event xmlns=""http://schemas.microsoft.com/win/2004/08/events/event"">
  <System>
    <Provider Name=""Microsoft-Windows-Sysmon"" Guid=""{5770385f-c22a-43e0-bf4c-06f5698ffbd9}""/>
    <EventID>11</EventID>
    <Version>2</Version>
    <Level>4</Level>
    <Task>11</Task>
    <Opcode>0</Opcode>
    <Keywords>0x8000000000000000</Keywords>
    <TimeCreated SystemTime=""2023-12-20T10:12:51.7941811Z""/>
    <EventRecordID>5648</EventRecordID>
    <Correlation/>
    <Execution ProcessID=""3400"" ThreadID=""4208""/>
    <Channel>Microsoft-Windows-Sysmon/Operational</Channel>
    <Computer>WinDev2309Eval</Computer>
    <Security UserID=""S-1-5-18""/>
  </System>
  <EventData>
    <Data Name=""RuleName"">DLL</Data>
    <Data Name=""UtcTime"">2023-12-20 10:12:51.784</Data>
    <Data Name=""ProcessGuid"">{f57bd86a-bb60-6582-5203-000000000d00}</Data>
    <Data Name=""ProcessId"">8268</Data>
    <Data Name=""Image"">C:\Windows\system32\svchost.exe</Data>
    <Data Name=""TargetFilename"">C:\Program Files\WindowsApps\RVAppStudios.BubblePop_1.4.0.0_x86__f5kf90dqd2yjg\System.Runtime.Handles.dll</Data>
    <Data Name=""CreationUtcTime"">2023-12-20 10:12:51.784</Data>
    <Data Name=""User"">NT AUTHORITY\SYSTEM</Data>
  </EventData>
</Event>
"
Microsoft-Windows-Sysmon/Operational,,,WinDev2309Eval,12:51.8,,,,,,,,,11,5647,,,,C:\Windows\system32\svchost.exe,,,0x8000000000000000,4,,,,,0,,,,,,,{f57bd86a-bb60-6582-5203-000000000d00},3400,8268.0,,,,,,DLL,,,,,,,,,,,,,2023-12-20T10:12:51.7938533Z,C:\Program Files\WindowsApps\RVAppStudios.BubblePop_1.4.0.0_x86__f5kf90dqd2yjg\System.Runtime.Extensions.dll,,,,,,11,,4208,NT AUTHORITY\SYSTEM,S-1-5-18,12:51.8,2.0,"<Event xmlns=""http://schemas.microsoft.com/win/2004/08/events/event"">
  <System>
    <Provider Name=""Microsoft-Windows-Sysmon"" Guid=""{5770385f-c22a-43e0-bf4c-06f5698ffbd9}""/>
    <EventID>11</EventID>
    <Version>2</Version>
    <Level>4</Level>
    <Task>11</Task>
    <Opcode>0</Opcode>
    <Keywords>0x8000000000000000</Keywords>
    <TimeCreated SystemTime=""2023-12-20T10:12:51.7938533Z""/>
    <EventRecordID>5647</EventRecordID>
    <Correlation/>
    <Execution ProcessID=""3400"" ThreadID=""4208""/>
    <Channel>Microsoft-Windows-Sysmon/Operational</Channel>
    <Computer>WinDev2309Eval</Computer>
    <Security UserID=""S-1-5-18""/>
  </System>
  <EventData>
    <Data Name=""RuleName"">DLL</Data>
    <Data Name=""UtcTime"">2023-12-20 10:12:51.784</Data>
    <Data Name=""ProcessGuid"">{f57bd86a-bb60-6582-5203-000000000d00}</Data>
    <Data Name=""ProcessId"">8268</Data>
    <Data Name=""Image"">C:\Windows\system32\svchost.exe</Data>
    <Data Name=""TargetFilename"">C:\Program Files\WindowsApps\RVAppStudios.BubblePop_1.4.0.0_x86__f5kf90dqd2yjg\System.Runtime.Extensions.dll</Data>
    <Data Name=""CreationUtcTime"">2023-12-20 10:12:51.784</Data>
    <Data Name=""User"">NT AUTHORITY\SYSTEM</Data>
  </EventData>
</Event>
"
Microsoft-Windows-Sysmon/Operational,,,WinDev2309Eval,12:51.8,,,,,,,,,11,5646,,,,C:\Windows\system32\svchost.exe,,,0x8000000000000000,4,,,,,0,,,,,,,{f57bd86a-bb60-6582-5203-000000000d00},3400,8268.0,,,,,,DLL,,,,,,,,,,,,,2023-12-20T10:12:51.7934798Z,C:\Program Files\WindowsApps\RVAppStudios.BubblePop_1.4.0.0_x86__f5kf90dqd2yjg\System.Runtime.dll,,,,,,11,,4208,NT AUTHORITY\SYSTEM,S-1-5-18,12:51.8,2.0,"<Event xmlns=""http://schemas.microsoft.com/win/2004/08/events/event"">
  <System>
    <Provider Name=""Microsoft-Windows-Sysmon"" Guid=""{5770385f-c22a-43e0-bf4c-06f5698ffbd9}""/>
    <EventID>11</EventID>
    <Version>2</Version>
    <Level>4</Level>
    <Task>11</Task>
    <Opcode>0</Opcode>
    <Keywords>0x8000000000000000</Keywords>
    <TimeCreated SystemTime=""2023-12-20T10:12:51.7934798Z""/>
    <EventRecordID>5646</EventRecordID>
    <Correlation/>
    <Execution ProcessID=""3400"" ThreadID=""4208""/>
    <Channel>Microsoft-Windows-Sysmon/Operational</Channel>
    <Computer>WinDev2309Eval</Computer>
    <Security UserID=""S-1-5-18""/>
  </System>
  <EventData>
    <Data Name=""RuleName"">DLL</Data>
    <Data Name=""UtcTime"">2023-12-20 10:12:51.784</Data>
    <Data Name=""ProcessGuid"">{f57bd86a-bb60-6582-5203-000000000d00}</Data>
    <Data Name=""ProcessId"">8268</Data>
    <Data Name=""Image"">C:\Windows\system32\svchost.exe</Data>
    <Data Name=""TargetFilename"">C:\Program Files\WindowsApps\RVAppStudios.BubblePop_1.4.0.0_x86__f5kf90dqd2yjg\System.Runtime.dll</Data>
    <Data Name=""CreationUtcTime"">2023-12-20 10:12:51.784</Data>
    <Data Name=""User"">NT AUTHORITY\SYSTEM</Data>
  </EventData>
</Event>
"
Microsoft-Windows-Sysmon/Operational,,,WinDev2309Eval,12:51.8,,,,,,,,,11,5645,,,,C:\Windows\system32\svchost.exe,,,0x8000000000000000,4,,,,,0,,,,,,,{f57bd86a-bb60-6582-5203-000000000d00},3400,8268.0,,,,,,DLL,,,,,,,,,,,,,2023-12-20T10:12:51.7931435Z,C:\Program Files\WindowsApps\RVAppStudios.BubblePop_1.4.0.0_x86__f5kf90dqd2yjg\System.Resources.ResourceManager.dll,,,,,,11,,4208,NT AUTHORITY\SYSTEM,S-1-5-18,12:51.8,2.0,"<Event xmlns=""http://schemas.microsoft.com/win/2004/08/events/event"">
  <System>
    <Provider Name=""Microsoft-Windows-Sysmon"" Guid=""{5770385f-c22a-43e0-bf4c-06f5698ffbd9}""/>
    <EventID>11</EventID>
    <Version>2</Version>
    <Level>4</Level>
    <Task>11</Task>
    <Opcode>0</Opcode>
    <Keywords>0x8000000000000000</Keywords>
    <TimeCreated SystemTime=""2023-12-20T10:12:51.7931435Z""/>
    <EventRecordID>5645</EventRecordID>
    <Correlation/>
    <Execution ProcessID=""3400"" ThreadID=""4208""/>
    <Channel>Microsoft-Windows-Sysmon/Operational</Channel>
    <Computer>WinDev2309Eval</Computer>
    <Security UserID=""S-1-5-18""/>
  </System>
  <EventData>
    <Data Name=""RuleName"">DLL</Data>
    <Data Name=""UtcTime"">2023-12-20 10:12:51.784</Data>
    <Data Name=""ProcessGuid"">{f57bd86a-bb60-6582-5203-000000000d00}</Data>
    <Data Name=""ProcessId"">8268</Data>
    <Data Name=""Image"">C:\Windows\system32\svchost.exe</Data>
    <Data Name=""TargetFilename"">C:\Program Files\WindowsApps\RVAppStudios.BubblePop_1.4.0.0_x86__f5kf90dqd2yjg\System.Resources.ResourceManager.dll</Data>
    <Data Name=""CreationUtcTime"">2023-12-20 10:12:51.784</Data>
    <Data Name=""User"">NT AUTHORITY\SYSTEM</Data>
  </EventData>
</Event>
"
Microsoft-Windows-Sysmon/Operational,,,WinDev2309Eval,12:51.8,,,,,,,,,11,5644,,,,C:\Windows\system32\svchost.exe,,,0x8000000000000000,4,,,,,0,,,,,,,{f57bd86a-bb60-6582-5203-000000000d00},3400,8268.0,,,,,,DLL,,,,,,,,,,,,,2023-12-20T10:12:51.7924925Z,C:\Program Files\WindowsApps\RVAppStudios.BubblePop_1.4.0.0_x86__f5kf90dqd2yjg\System.Reflection.TypeExtensions.dll,,,,,,11,,4208,NT AUTHORITY\SYSTEM,S-1-5-18,12:51.8,2.0,"<Event xmlns=""http://schemas.microsoft.com/win/2004/08/events/event"">
  <System>
    <Provider Name=""Microsoft-Windows-Sysmon"" Guid=""{5770385f-c22a-43e0-bf4c-06f5698ffbd9}""/>
    <EventID>11</EventID>
    <Version>2</Version>
    <Level>4</Level>
    <Task>11</Task>
    <Opcode>0</Opcode>
    <Keywords>0x8000000000000000</Keywords>
    <TimeCreated SystemTime=""2023-12-20T10:12:51.7924925Z""/>
    <EventRecordID>5644</EventRecordID>
    <Correlation/>
    <Execution ProcessID=""3400"" ThreadID=""4208""/>
    <Channel>Microsoft-Windows-Sysmon/Operational</Channel>
    <Computer>WinDev2309Eval</Computer>
    <Security UserID=""S-1-5-18""/>
  </System>
  <EventData>
    <Data Name=""RuleName"">DLL</Data>
    <Data Name=""UtcTime"">2023-12-20 10:12:51.784</Data>
    <Data Name=""ProcessGuid"">{f57bd86a-bb60-6582-5203-000000000d00}</Data>
    <Data Name=""ProcessId"">8268</Data>
    <Data Name=""Image"">C:\Windows\system32\svchost.exe</Data>
    <Data Name=""TargetFilename"">C:\Program Files\WindowsApps\RVAppStudios.BubblePop_1.4.0.0_x86__f5kf90dqd2yjg\System.Reflection.TypeExtensions.dll</Data>
    <Data Name=""CreationUtcTime"">2023-12-20 10:12:51.784</Data>
    <Data Name=""User"">NT AUTHORITY\SYSTEM</Data>
  </EventData>
</Event>
"
Microsoft-Windows-Sysmon/Operational,,,WinDev2309Eval,12:51.8,,,,,,,,,11,5643,,,,C:\Windows\system32\svchost.exe,,,0x8000000000000000,4,,,,,0,,,,,,,{f57bd86a-bb60-6582-5203-000000000d00},3400,8268.0,,,,,,DLL,,,,,,,,,,,,,2023-12-20T10:12:51.7921806Z,C:\Program Files\WindowsApps\RVAppStudios.BubblePop_1.4.0.0_x86__f5kf90dqd2yjg\System.Reflection.Primitives.dll,,,,,,11,,4208,NT AUTHORITY\SYSTEM,S-1-5-18,12:51.8,2.0,"<Event xmlns=""http://schemas.microsoft.com/win/2004/08/events/event"">
  <System>
    <Provider Name=""Microsoft-Windows-Sysmon"" Guid=""{5770385f-c22a-43e0-bf4c-06f5698ffbd9}""/>
    <EventID>11</EventID>
    <Version>2</Version>
    <Level>4</Level>
    <Task>11</Task>
    <Opcode>0</Opcode>
    <Keywords>0x8000000000000000</Keywords>
    <TimeCreated SystemTime=""2023-12-20T10:12:51.7921806Z""/>
    <EventRecordID>5643</EventRecordID>
    <Correlation/>
    <Execution ProcessID=""3400"" ThreadID=""4208""/>
    <Channel>Microsoft-Windows-Sysmon/Operational</Channel>
    <Computer>WinDev2309Eval</Computer>
    <Security UserID=""S-1-5-18""/>
  </System>
  <EventData>
    <Data Name=""RuleName"">DLL</Data>
    <Data Name=""UtcTime"">2023-12-20 10:12:51.784</Data>
    <Data Name=""ProcessGuid"">{f57bd86a-bb60-6582-5203-000000000d00}</Data>
    <Data Name=""ProcessId"">8268</Data>
    <Data Name=""Image"">C:\Windows\system32\svchost.exe</Data>
    <Data Name=""TargetFilename"">C:\Program Files\WindowsApps\RVAppStudios.BubblePop_1.4.0.0_x86__f5kf90dqd2yjg\System.Reflection.Primitives.dll</Data>
    <Data Name=""CreationUtcTime"">2023-12-20 10:12:51.784</Data>
    <Data Name=""User"">NT AUTHORITY\SYSTEM</Data>
  </EventData>
</Event>
"
Microsoft-Windows-Sysmon/Operational,,,WinDev2309Eval,12:51.8,,,,,,,,,11,5642,,,,C:\Windows\system32\svchost.exe,,,0x8000000000000000,4,,,,,0,,,,,,,{f57bd86a-bb60-6582-5203-000000000d00},3400,8268.0,,,,,,DLL,,,,,,,,,,,,,2023-12-20T10:12:51.7918673Z,C:\Program Files\WindowsApps\RVAppStudios.BubblePop_1.4.0.0_x86__f5kf90dqd2yjg\System.Reflection.Metadata.dll,,,,,,11,,4208,NT AUTHORITY\SYSTEM,S-1-5-18,12:51.8,2.0,"<Event xmlns=""http://schemas.microsoft.com/win/2004/08/events/event"">
  <System>
    <Provider Name=""Microsoft-Windows-Sysmon"" Guid=""{5770385f-c22a-43e0-bf4c-06f5698ffbd9}""/>
    <EventID>11</EventID>
    <Version>2</Version>
    <Level>4</Level>
    <Task>11</Task>
    <Opcode>0</Opcode>
    <Keywords>0x8000000000000000</Keywords>
    <TimeCreated SystemTime=""2023-12-20T10:12:51.7918673Z""/>
    <EventRecordID>5642</EventRecordID>
    <Correlation/>
    <Execution ProcessID=""3400"" ThreadID=""4208""/>
    <Channel>Microsoft-Windows-Sysmon/Operational</Channel>
    <Computer>WinDev2309Eval</Computer>
    <Security UserID=""S-1-5-18""/>
  </System>
  <EventData>
    <Data Name=""RuleName"">DLL</Data>
    <Data Name=""UtcTime"">2023-12-20 10:12:51.784</Data>
    <Data Name=""ProcessGuid"">{f57bd86a-bb60-6582-5203-000000000d00}</Data>
    <Data Name=""ProcessId"">8268</Data>
    <Data Name=""Image"">C:\Windows\system32\svchost.exe</Data>
    <Data Name=""TargetFilename"">C:\Program Files\WindowsApps\RVAppStudios.BubblePop_1.4.0.0_x86__f5kf90dqd2yjg\System.Reflection.Metadata.dll</Data>
    <Data Name=""CreationUtcTime"">2023-12-20 10:12:51.784</Data>
    <Data Name=""User"">NT AUTHORITY\SYSTEM</Data>
  </EventData>
</Event>
"
Microsoft-Windows-Sysmon/Operational,,,WinDev2309Eval,12:51.8,,,,,,,,,11,5641,,,,C:\Windows\system32\svchost.exe,,,0x8000000000000000,4,,,,,0,,,,,,,{f57bd86a-bb60-6582-5203-000000000d00},3400,8268.0,,,,,,DLL,,,,,,,,,,,,,2023-12-20T10:12:51.7915363Z,C:\Program Files\WindowsApps\RVAppStudios.BubblePop_1.4.0.0_x86__f5kf90dqd2yjg\System.Reflection.Extensions.dll,,,,,,11,,4208,NT AUTHORITY\SYSTEM,S-1-5-18,12:51.8,2.0,"<Event xmlns=""http://schemas.microsoft.com/win/2004/08/events/event"">
  <System>
    <Provider Name=""Microsoft-Windows-Sysmon"" Guid=""{5770385f-c22a-43e0-bf4c-06f5698ffbd9}""/>
    <EventID>11</EventID>
    <Version>2</Version>
    <Level>4</Level>
    <Task>11</Task>
    <Opcode>0</Opcode>
    <Keywords>0x8000000000000000</Keywords>
    <TimeCreated SystemTime=""2023-12-20T10:12:51.7915363Z""/>
    <EventRecordID>5641</EventRecordID>
    <Correlation/>
    <Execution ProcessID=""3400"" ThreadID=""4208""/>
    <Channel>Microsoft-Windows-Sysmon/Operational</Channel>
    <Computer>WinDev2309Eval</Computer>
    <Security UserID=""S-1-5-18""/>
  </System>
  <EventData>
    <Data Name=""RuleName"">DLL</Data>
    <Data Name=""UtcTime"">2023-12-20 10:12:51.784</Data>
    <Data Name=""ProcessGuid"">{f57bd86a-bb60-6582-5203-000000000d00}</Data>
    <Data Name=""ProcessId"">8268</Data>
    <Data Name=""Image"">C:\Windows\system32\svchost.exe</Data>
    <Data Name=""TargetFilename"">C:\Program Files\WindowsApps\RVAppStudios.BubblePop_1.4.0.0_x86__f5kf90dqd2yjg\System.Reflection.Extensions.dll</Data>
    <Data Name=""CreationUtcTime"">2023-12-20 10:12:51.784</Data>
    <Data Name=""User"">NT AUTHORITY\SYSTEM</Data>
  </EventData>
</Event>
"
Microsoft-Windows-Sysmon/Operational,,,WinDev2309Eval,12:51.8,,,,,,,,,11,5640,,,,C:\Windows\system32\svchost.exe,,,0x8000000000000000,4,,,,,0,,,,,,,{f57bd86a-bb60-6582-5203-000000000d00},3400,8268.0,,,,,,DLL,,,,,,,,,,,,,2023-12-20T10:12:51.7911505Z,C:\Program Files\WindowsApps\RVAppStudios.BubblePop_1.4.0.0_x86__f5kf90dqd2yjg\System.Reflection.Emit.Lightweight.dll,,,,,,11,,4208,NT AUTHORITY\SYSTEM,S-1-5-18,12:51.8,2.0,"<Event xmlns=""http://schemas.microsoft.com/win/2004/08/events/event"">
  <System>
    <Provider Name=""Microsoft-Windows-Sysmon"" Guid=""{5770385f-c22a-43e0-bf4c-06f5698ffbd9}""/>
    <EventID>11</EventID>
    <Version>2</Version>
    <Level>4</Level>
    <Task>11</Task>
    <Opcode>0</Opcode>
    <Keywords>0x8000000000000000</Keywords>
    <TimeCreated SystemTime=""2023-12-20T10:12:51.7911505Z""/>
    <EventRecordID>5640</EventRecordID>
    <Correlation/>
    <Execution ProcessID=""3400"" ThreadID=""4208""/>
    <Channel>Microsoft-Windows-Sysmon/Operational</Channel>
    <Computer>WinDev2309Eval</Computer>
    <Security UserID=""S-1-5-18""/>
  </System>
  <EventData>
    <Data Name=""RuleName"">DLL</Data>
    <Data Name=""UtcTime"">2023-12-20 10:12:51.784</Data>
    <Data Name=""ProcessGuid"">{f57bd86a-bb60-6582-5203-000000000d00}</Data>
    <Data Name=""ProcessId"">8268</Data>
    <Data Name=""Image"">C:\Windows\system32\svchost.exe</Data>
    <Data Name=""TargetFilename"">C:\Program Files\WindowsApps\RVAppStudios.BubblePop_1.4.0.0_x86__f5kf90dqd2yjg\System.Reflection.Emit.Lightweight.dll</Data>
    <Data Name=""CreationUtcTime"">2023-12-20 10:12:51.784</Data>
    <Data Name=""User"">NT AUTHORITY\SYSTEM</Data>
  </EventData>
</Event>
"
