Channel,CommandLine,Company,Computer,CreationUtcTime,CurrentDirectory,Description,DestinationHostname,DestinationIp,DestinationIsIpv6,DestinationPort,DestinationPortName,Details,EventID,EventRecordID,EventType,FileVersion,Hashes,Image,Initiated,IntegrityLevel,Keywords,Level,LogonGuid,LogonId,Message,NewThreadId,Opcode,OriginalFileName,ParentCommandLine,ParentImage,ParentProcessGuid,ParentProcessId,ParentUser,ProcessGuid,ProcessID,ProcessId,Product,Protocol,QueryName,QueryResults,QueryStatus,RuleName,SourceHostname,SourceImage,SourceIp,SourceIsIpv6,SourcePort,SourcePortName,SourceProcessGuid,SourceProcessId,SourceUser,StartAddress,StartFunction,StartModule,SystemTime,TargetFilename,TargetImage,TargetObject,TargetProcessGuid,TargetProcessId,TargetUser,Task,TerminalSessionId,ThreadID,User,UserID,UtcTime,Version,raw
Microsoft-Windows-Sysmon/Operational,,,WinDev2309Eval,40:13.9,,,,,,,,,11,6497,,,,C:\Windows\Microsoft.NET\Framework\v4.0.30319\mscorsvw.exe,,,0x8000000000000000,4,,,,,0,,,,,,,{f57bd86a-241c-6584-5607-000000000d00},3400,5136.0,,,,,,DLL,,,,,,,,,,,,,2023-12-21T11:40:13.9144903Z,C:\Windows\assembly\NativeImages_v4.0.30319_32\Temp\1410-0\OmniSharp.Extensions.JsonRpc.dll,,,,,,11,,4208,NT AUTHORITY\SYSTEM,S-1-5-18,40:13.9,2.0,"<Event xmlns=""http://schemas.microsoft.com/win/2004/08/events/event"">
  <System>
    <Provider Name=""Microsoft-Windows-Sysmon"" Guid=""{5770385f-c22a-43e0-bf4c-06f5698ffbd9}""/>
    <EventID>11</EventID>
    <Version>2</Version>
    <Level>4</Level>
    <Task>11</Task>
    <Opcode>0</Opcode>
    <Keywords>0x8000000000000000</Keywords>
    <TimeCreated SystemTime=""2023-12-21T11:40:13.9144903Z""/>
    <EventRecordID>6497</EventRecordID>
    <Correlation/>
    <Execution ProcessID=""3400"" ThreadID=""4208""/>
    <Channel>Microsoft-Windows-Sysmon/Operational</Channel>
    <Computer>WinDev2309Eval</Computer>
    <Security UserID=""S-1-5-18""/>
  </System>
  <EventData>
    <Data Name=""RuleName"">DLL</Data>
    <Data Name=""UtcTime"">2023-12-21 11:40:13.905</Data>
    <Data Name=""ProcessGuid"">{f57bd86a-241c-6584-5607-000000000d00}</Data>
    <Data Name=""ProcessId"">5136</Data>
    <Data Name=""Image"">C:\Windows\Microsoft.NET\Framework\v4.0.30319\mscorsvw.exe</Data>
    <Data Name=""TargetFilename"">C:\Windows\assembly\NativeImages_v4.0.30319_32\Temp\1410-0\OmniSharp.Extensions.JsonRpc.dll</Data>
    <Data Name=""CreationUtcTime"">2023-12-21 11:40:13.905</Data>
    <Data Name=""User"">NT AUTHORITY\SYSTEM</Data>
  </EventData>
</Event>
"
Microsoft-Windows-Sysmon/Operational,,,WinDev2309Eval,40:11.9,,,,,,,,,11,6496,,,,C:\Windows\Microsoft.NET\Framework\v4.0.30319\mscorsvw.exe,,,0x8000000000000000,4,,,,,0,,,,,,,{f57bd86a-241a-6584-5407-000000000d00},3400,6116.0,,,,,,DLL,,,,,,,,,,,,,2023-12-21T11:40:11.8876539Z,C:\Windows\assembly\NativeImages_v4.0.30319_32\Temp\17e4-0\Microsoft.VisualStudio.RazorExtension.dll,,,,,,11,,4208,NT AUTHORITY\SYSTEM,S-1-5-18,40:11.9,2.0,"<Event xmlns=""http://schemas.microsoft.com/win/2004/08/events/event"">
  <System>
    <Provider Name=""Microsoft-Windows-Sysmon"" Guid=""{5770385f-c22a-43e0-bf4c-06f5698ffbd9}""/>
    <EventID>11</EventID>
    <Version>2</Version>
    <Level>4</Level>
    <Task>11</Task>
    <Opcode>0</Opcode>
    <Keywords>0x8000000000000000</Keywords>
    <TimeCreated SystemTime=""2023-12-21T11:40:11.8876539Z""/>
    <EventRecordID>6496</EventRecordID>
    <Correlation/>
    <Execution ProcessID=""3400"" ThreadID=""4208""/>
    <Channel>Microsoft-Windows-Sysmon/Operational</Channel>
    <Computer>WinDev2309Eval</Computer>
    <Security UserID=""S-1-5-18""/>
  </System>
  <EventData>
    <Data Name=""RuleName"">DLL</Data>
    <Data Name=""UtcTime"">2023-12-21 11:40:11.882</Data>
    <Data Name=""ProcessGuid"">{f57bd86a-241a-6584-5407-000000000d00}</Data>
    <Data Name=""ProcessId"">6116</Data>
    <Data Name=""Image"">C:\Windows\Microsoft.NET\Framework\v4.0.30319\mscorsvw.exe</Data>
    <Data Name=""TargetFilename"">C:\Windows\assembly\NativeImages_v4.0.30319_32\Temp\17e4-0\Microsoft.VisualStudio.RazorExtension.dll</Data>
    <Data Name=""CreationUtcTime"">2023-12-21 11:40:11.882</Data>
    <Data Name=""User"">NT AUTHORITY\SYSTEM</Data>
  </EventData>
</Event>
"
Microsoft-Windows-Sysmon/Operational,,,WinDev2309Eval,40:09.8,,,,,,,,,11,6495,,,,C:\Windows\Microsoft.NET\Framework\v4.0.30319\mscorsvw.exe,,,0x8000000000000000,4,,,,,0,,,,,,,{f57bd86a-2418-6584-5207-000000000d00},3400,12356.0,,,,,,DLL,,,,,,,,,,,,,2023-12-21T11:40:09.7746895Z,C:\Windows\assembly\NativeImages_v4.0.30319_32\Temp\3044-0\Microsoft.VisualStudio.LiveShare.Razor.dll,,,,,,11,,4208,NT AUTHORITY\SYSTEM,S-1-5-18,40:09.8,2.0,"<Event xmlns=""http://schemas.microsoft.com/win/2004/08/events/event"">
  <System>
    <Provider Name=""Microsoft-Windows-Sysmon"" Guid=""{5770385f-c22a-43e0-bf4c-06f5698ffbd9}""/>
    <EventID>11</EventID>
    <Version>2</Version>
    <Level>4</Level>
    <Task>11</Task>
    <Opcode>0</Opcode>
    <Keywords>0x8000000000000000</Keywords>
    <TimeCreated SystemTime=""2023-12-21T11:40:09.7746895Z""/>
    <EventRecordID>6495</EventRecordID>
    <Correlation/>
    <Execution ProcessID=""3400"" ThreadID=""4208""/>
    <Channel>Microsoft-Windows-Sysmon/Operational</Channel>
    <Computer>WinDev2309Eval</Computer>
    <Security UserID=""S-1-5-18""/>
  </System>
  <EventData>
    <Data Name=""RuleName"">DLL</Data>
    <Data Name=""UtcTime"">2023-12-21 11:40:09.773</Data>
    <Data Name=""ProcessGuid"">{f57bd86a-2418-6584-5207-000000000d00}</Data>
    <Data Name=""ProcessId"">12356</Data>
    <Data Name=""Image"">C:\Windows\Microsoft.NET\Framework\v4.0.30319\mscorsvw.exe</Data>
    <Data Name=""TargetFilename"">C:\Windows\assembly\NativeImages_v4.0.30319_32\Temp\3044-0\Microsoft.VisualStudio.LiveShare.Razor.dll</Data>
    <Data Name=""CreationUtcTime"">2023-12-21 11:40:09.773</Data>
    <Data Name=""User"">NT AUTHORITY\SYSTEM</Data>
  </EventData>
</Event>
"
Microsoft-Windows-Sysmon/Operational,,,WinDev2309Eval,40:07.8,,,,,,,,,11,6494,,,,C:\Windows\Microsoft.NET\Framework\v4.0.30319\mscorsvw.exe,,,0x8000000000000000,4,,,,,0,,,,,,,{f57bd86a-2415-6584-5007-000000000d00},3400,10528.0,,,,,,DLL,,,,,,,,,,,,,2023-12-21T11:40:07.8335734Z,C:\Windows\assembly\NativeImages_v4.0.30319_32\Temp\2920-0\Microsoft.VisualStudio.LanguageServices.Razor.dll,,,,,,11,,4208,NT AUTHORITY\SYSTEM,S-1-5-18,40:07.8,2.0,"<Event xmlns=""http://schemas.microsoft.com/win/2004/08/events/event"">
  <System>
    <Provider Name=""Microsoft-Windows-Sysmon"" Guid=""{5770385f-c22a-43e0-bf4c-06f5698ffbd9}""/>
    <EventID>11</EventID>
    <Version>2</Version>
    <Level>4</Level>
    <Task>11</Task>
    <Opcode>0</Opcode>
    <Keywords>0x8000000000000000</Keywords>
    <TimeCreated SystemTime=""2023-12-21T11:40:07.8335734Z""/>
    <EventRecordID>6494</EventRecordID>
    <Correlation/>
    <Execution ProcessID=""3400"" ThreadID=""4208""/>
    <Channel>Microsoft-Windows-Sysmon/Operational</Channel>
    <Computer>WinDev2309Eval</Computer>
    <Security UserID=""S-1-5-18""/>
  </System>
  <EventData>
    <Data Name=""RuleName"">DLL</Data>
    <Data Name=""UtcTime"">2023-12-21 11:40:07.820</Data>
    <Data Name=""ProcessGuid"">{f57bd86a-2415-6584-5007-000000000d00}</Data>
    <Data Name=""ProcessId"">10528</Data>
    <Data Name=""Image"">C:\Windows\Microsoft.NET\Framework\v4.0.30319\mscorsvw.exe</Data>
    <Data Name=""TargetFilename"">C:\Windows\assembly\NativeImages_v4.0.30319_32\Temp\2920-0\Microsoft.VisualStudio.LanguageServices.Razor.dll</Data>
    <Data Name=""CreationUtcTime"">2023-12-21 11:40:07.820</Data>
    <Data Name=""User"">NT AUTHORITY\SYSTEM</Data>
  </EventData>
</Event>
"
Microsoft-Windows-Sysmon/Operational,,,WinDev2309Eval,40:04.6,,,,,,,,,11,6493,,,,C:\Windows\Microsoft.NET\Framework\v4.0.30319\mscorsvw.exe,,,0x8000000000000000,4,,,,,0,,,,,,,{f57bd86a-2412-6584-4e07-000000000d00},3400,6924.0,,,,,,DLL,,,,,,,,,,,,,2023-12-21T11:40:04.6356792Z,C:\Windows\assembly\NativeImages_v4.0.30319_32\Temp\1b0c-0\Microsoft.VisualStudio.LanguageServerClient.Razor.dll,,,,,,11,,4208,NT AUTHORITY\SYSTEM,S-1-5-18,40:04.6,2.0,"<Event xmlns=""http://schemas.microsoft.com/win/2004/08/events/event"">
  <System>
    <Provider Name=""Microsoft-Windows-Sysmon"" Guid=""{5770385f-c22a-43e0-bf4c-06f5698ffbd9}""/>
    <EventID>11</EventID>
    <Version>2</Version>
    <Level>4</Level>
    <Task>11</Task>
    <Opcode>0</Opcode>
    <Keywords>0x8000000000000000</Keywords>
    <TimeCreated SystemTime=""2023-12-21T11:40:04.6356792Z""/>
    <EventRecordID>6493</EventRecordID>
    <Correlation/>
    <Execution ProcessID=""3400"" ThreadID=""4208""/>
    <Channel>Microsoft-Windows-Sysmon/Operational</Channel>
    <Computer>WinDev2309Eval</Computer>
    <Security UserID=""S-1-5-18""/>
  </System>
  <EventData>
    <Data Name=""RuleName"">DLL</Data>
    <Data Name=""UtcTime"">2023-12-21 11:40:04.628</Data>
    <Data Name=""ProcessGuid"">{f57bd86a-2412-6584-4e07-000000000d00}</Data>
    <Data Name=""ProcessId"">6924</Data>
    <Data Name=""Image"">C:\Windows\Microsoft.NET\Framework\v4.0.30319\mscorsvw.exe</Data>
    <Data Name=""TargetFilename"">C:\Windows\assembly\NativeImages_v4.0.30319_32\Temp\1b0c-0\Microsoft.VisualStudio.LanguageServerClient.Razor.dll</Data>
    <Data Name=""CreationUtcTime"">2023-12-21 11:40:04.628</Data>
    <Data Name=""User"">NT AUTHORITY\SYSTEM</Data>
  </EventData>
</Event>
"
Microsoft-Windows-Sysmon/Operational,,,WinDev2309Eval,40:01.0,,,,,,,,,11,6492,,,,C:\Windows\Microsoft.NET\Framework\v4.0.30319\mscorsvw.exe,,,0x8000000000000000,4,,,,,0,,,,,,,{f57bd86a-2410-6584-4c07-000000000d00},3400,5908.0,,,,,,DLL,,,,,,,,,,,,,2023-12-21T11:40:01.0498986Z,C:\Windows\assembly\NativeImages_v4.0.30319_32\Temp\1714-0\Microsoft.VisualStudio.LanguageServer.ContainedLanguage.dll,,,,,,11,,4208,NT AUTHORITY\SYSTEM,S-1-5-18,40:01.0,2.0,"<Event xmlns=""http://schemas.microsoft.com/win/2004/08/events/event"">
  <System>
    <Provider Name=""Microsoft-Windows-Sysmon"" Guid=""{5770385f-c22a-43e0-bf4c-06f5698ffbd9}""/>
    <EventID>11</EventID>
    <Version>2</Version>
    <Level>4</Level>
    <Task>11</Task>
    <Opcode>0</Opcode>
    <Keywords>0x8000000000000000</Keywords>
    <TimeCreated SystemTime=""2023-12-21T11:40:01.0498986Z""/>
    <EventRecordID>6492</EventRecordID>
    <Correlation/>
    <Execution ProcessID=""3400"" ThreadID=""4208""/>
    <Channel>Microsoft-Windows-Sysmon/Operational</Channel>
    <Computer>WinDev2309Eval</Computer>
    <Security UserID=""S-1-5-18""/>
  </System>
  <EventData>
    <Data Name=""RuleName"">DLL</Data>
    <Data Name=""UtcTime"">2023-12-21 11:40:01.046</Data>
    <Data Name=""ProcessGuid"">{f57bd86a-2410-6584-4c07-000000000d00}</Data>
    <Data Name=""ProcessId"">5908</Data>
    <Data Name=""Image"">C:\Windows\Microsoft.NET\Framework\v4.0.30319\mscorsvw.exe</Data>
    <Data Name=""TargetFilename"">C:\Windows\assembly\NativeImages_v4.0.30319_32\Temp\1714-0\Microsoft.VisualStudio.LanguageServer.ContainedLanguage.dll</Data>
    <Data Name=""CreationUtcTime"">2023-12-21 11:40:01.046</Data>
    <Data Name=""User"">NT AUTHORITY\SYSTEM</Data>
  </EventData>
</Event>
"
Microsoft-Windows-Sysmon/Operational,,,WinDev2309Eval,40:00.0,,,,,,,,,11,6491,,,,C:\Windows\Microsoft.NET\Framework\v4.0.30319\mscorsvw.exe,,,0x8000000000000000,4,,,,,0,,,,,,,{f57bd86a-240e-6584-4a07-000000000d00},3400,5552.0,,,,,,DLL,,,,,,,,,,,,,2023-12-21T11:40:00.0462252Z,C:\Windows\assembly\NativeImages_v4.0.30319_32\Temp\15b0-0\Microsoft.VisualStudio.Editor.Razor.dll,,,,,,11,,4208,NT AUTHORITY\SYSTEM,S-1-5-18,40:00.0,2.0,"<Event xmlns=""http://schemas.microsoft.com/win/2004/08/events/event"">
  <System>
    <Provider Name=""Microsoft-Windows-Sysmon"" Guid=""{5770385f-c22a-43e0-bf4c-06f5698ffbd9}""/>
    <EventID>11</EventID>
    <Version>2</Version>
    <Level>4</Level>
    <Task>11</Task>
    <Opcode>0</Opcode>
    <Keywords>0x8000000000000000</Keywords>
    <TimeCreated SystemTime=""2023-12-21T11:40:00.0462252Z""/>
    <EventRecordID>6491</EventRecordID>
    <Correlation/>
    <Execution ProcessID=""3400"" ThreadID=""4208""/>
    <Channel>Microsoft-Windows-Sysmon/Operational</Channel>
    <Computer>WinDev2309Eval</Computer>
    <Security UserID=""S-1-5-18""/>
  </System>
  <EventData>
    <Data Name=""RuleName"">DLL</Data>
    <Data Name=""UtcTime"">2023-12-21 11:40:00.045</Data>
    <Data Name=""ProcessGuid"">{f57bd86a-240e-6584-4a07-000000000d00}</Data>
    <Data Name=""ProcessId"">5552</Data>
    <Data Name=""Image"">C:\Windows\Microsoft.NET\Framework\v4.0.30319\mscorsvw.exe</Data>
    <Data Name=""TargetFilename"">C:\Windows\assembly\NativeImages_v4.0.30319_32\Temp\15b0-0\Microsoft.VisualStudio.Editor.Razor.dll</Data>
    <Data Name=""CreationUtcTime"">2023-12-21 11:40:00.045</Data>
    <Data Name=""User"">NT AUTHORITY\SYSTEM</Data>
  </EventData>
</Event>
"
Microsoft-Windows-Sysmon/Operational,,,WinDev2309Eval,39:57.6,,,,,,,,,11,6490,,,,C:\Windows\Microsoft.NET\Framework\v4.0.30319\mscorsvw.exe,,,0x8000000000000000,4,,,,,0,,,,,,,{f57bd86a-240c-6584-4807-000000000d00},3400,12988.0,,,,,,DLL,,,,,,,,,,,,,2023-12-21T11:39:57.6195934Z,C:\Windows\assembly\NativeImages_v4.0.30319_32\Temp\32bc-0\Microsoft.NET.Sdk.Razor.SourceGenerators.dll,,,,,,11,,4208,NT AUTHORITY\SYSTEM,S-1-5-18,39:57.6,2.0,"<Event xmlns=""http://schemas.microsoft.com/win/2004/08/events/event"">
  <System>
    <Provider Name=""Microsoft-Windows-Sysmon"" Guid=""{5770385f-c22a-43e0-bf4c-06f5698ffbd9}""/>
    <EventID>11</EventID>
    <Version>2</Version>
    <Level>4</Level>
    <Task>11</Task>
    <Opcode>0</Opcode>
    <Keywords>0x8000000000000000</Keywords>
    <TimeCreated SystemTime=""2023-12-21T11:39:57.6195934Z""/>
    <EventRecordID>6490</EventRecordID>
    <Correlation/>
    <Execution ProcessID=""3400"" ThreadID=""4208""/>
    <Channel>Microsoft-Windows-Sysmon/Operational</Channel>
    <Computer>WinDev2309Eval</Computer>
    <Security UserID=""S-1-5-18""/>
  </System>
  <EventData>
    <Data Name=""RuleName"">DLL</Data>
    <Data Name=""UtcTime"">2023-12-21 11:39:57.608</Data>
    <Data Name=""ProcessGuid"">{f57bd86a-240c-6584-4807-000000000d00}</Data>
    <Data Name=""ProcessId"">12988</Data>
    <Data Name=""Image"">C:\Windows\Microsoft.NET\Framework\v4.0.30319\mscorsvw.exe</Data>
    <Data Name=""TargetFilename"">C:\Windows\assembly\NativeImages_v4.0.30319_32\Temp\32bc-0\Microsoft.NET.Sdk.Razor.SourceGenerators.dll</Data>
    <Data Name=""CreationUtcTime"">2023-12-21 11:39:57.608</Data>
    <Data Name=""User"">NT AUTHORITY\SYSTEM</Data>
  </EventData>
</Event>
"
Microsoft-Windows-Sysmon/Operational,,,WinDev2309Eval,39:56.1,,,,,,,,,11,6489,,,,C:\Windows\Microsoft.NET\Framework\v4.0.30319\mscorsvw.exe,,,0x8000000000000000,4,,,,,0,,,,,,,{f57bd86a-240b-6584-4607-000000000d00},3400,2424.0,,,,,,DLL,,,,,,,,,,,,,2023-12-21T11:39:56.1084643Z,C:\Windows\assembly\NativeImages_v4.0.30319_32\Temp\978-0\Microsoft.Extensions.Primitives.dll,,,,,,11,,4208,NT AUTHORITY\SYSTEM,S-1-5-18,39:56.1,2.0,"<Event xmlns=""http://schemas.microsoft.com/win/2004/08/events/event"">
  <System>
    <Provider Name=""Microsoft-Windows-Sysmon"" Guid=""{5770385f-c22a-43e0-bf4c-06f5698ffbd9}""/>
    <EventID>11</EventID>
    <Version>2</Version>
    <Level>4</Level>
    <Task>11</Task>
    <Opcode>0</Opcode>
    <Keywords>0x8000000000000000</Keywords>
    <TimeCreated SystemTime=""2023-12-21T11:39:56.1084643Z""/>
    <EventRecordID>6489</EventRecordID>
    <Correlation/>
    <Execution ProcessID=""3400"" ThreadID=""4208""/>
    <Channel>Microsoft-Windows-Sysmon/Operational</Channel>
    <Computer>WinDev2309Eval</Computer>
    <Security UserID=""S-1-5-18""/>
  </System>
  <EventData>
    <Data Name=""RuleName"">DLL</Data>
    <Data Name=""UtcTime"">2023-12-21 11:39:56.105</Data>
    <Data Name=""ProcessGuid"">{f57bd86a-240b-6584-4607-000000000d00}</Data>
    <Data Name=""ProcessId"">2424</Data>
    <Data Name=""Image"">C:\Windows\Microsoft.NET\Framework\v4.0.30319\mscorsvw.exe</Data>
    <Data Name=""TargetFilename"">C:\Windows\assembly\NativeImages_v4.0.30319_32\Temp\978-0\Microsoft.Extensions.Primitives.dll</Data>
    <Data Name=""CreationUtcTime"">2023-12-21 11:39:56.105</Data>
    <Data Name=""User"">NT AUTHORITY\SYSTEM</Data>
  </EventData>
</Event>
"
Microsoft-Windows-Sysmon/Operational,,,WinDev2309Eval,39:55.7,,,,,,,,,11,6488,,,,C:\Windows\Microsoft.NET\Framework\v4.0.30319\mscorsvw.exe,,,0x8000000000000000,4,,,,,0,,,,,,,{f57bd86a-240b-6584-4407-000000000d00},3400,12052.0,,,,,,DLL,,,,,,,,,,,,,2023-12-21T11:39:55.7263295Z,C:\Windows\assembly\NativeImages_v4.0.30319_32\Temp\2f14-0\Microsoft.Extensions.Options.dll,,,,,,11,,4208,NT AUTHORITY\SYSTEM,S-1-5-18,39:55.7,2.0,"<Event xmlns=""http://schemas.microsoft.com/win/2004/08/events/event"">
  <System>
    <Provider Name=""Microsoft-Windows-Sysmon"" Guid=""{5770385f-c22a-43e0-bf4c-06f5698ffbd9}""/>
    <EventID>11</EventID>
    <Version>2</Version>
    <Level>4</Level>
    <Task>11</Task>
    <Opcode>0</Opcode>
    <Keywords>0x8000000000000000</Keywords>
    <TimeCreated SystemTime=""2023-12-21T11:39:55.7263295Z""/>
    <EventRecordID>6488</EventRecordID>
    <Correlation/>
    <Execution ProcessID=""3400"" ThreadID=""4208""/>
    <Channel>Microsoft-Windows-Sysmon/Operational</Channel>
    <Computer>WinDev2309Eval</Computer>
    <Security UserID=""S-1-5-18""/>
  </System>
  <EventData>
    <Data Name=""RuleName"">DLL</Data>
    <Data Name=""UtcTime"">2023-12-21 11:39:55.714</Data>
    <Data Name=""ProcessGuid"">{f57bd86a-240b-6584-4407-000000000d00}</Data>
    <Data Name=""ProcessId"">12052</Data>
    <Data Name=""Image"">C:\Windows\Microsoft.NET\Framework\v4.0.30319\mscorsvw.exe</Data>
    <Data Name=""TargetFilename"">C:\Windows\assembly\NativeImages_v4.0.30319_32\Temp\2f14-0\Microsoft.Extensions.Options.dll</Data>
    <Data Name=""CreationUtcTime"">2023-12-21 11:39:55.714</Data>
    <Data Name=""User"">NT AUTHORITY\SYSTEM</Data>
  </EventData>
</Event>
"
Microsoft-Windows-Sysmon/Operational,,,WinDev2309Eval,39:55.5,,,,,,,,,11,6487,,,,C:\Windows\Microsoft.NET\Framework\v4.0.30319\mscorsvw.exe,,,0x8000000000000000,4,,,,,0,,,,,,,{f57bd86a-240b-6584-4207-000000000d00},3400,4664.0,,,,,,DLL,,,,,,,,,,,,,2023-12-21T11:39:55.4645288Z,C:\Windows\assembly\NativeImages_v4.0.30319_32\Temp\1238-0\Microsoft.Extensions.Options.ConfigurationExtensions.dll,,,,,,11,,4208,NT AUTHORITY\SYSTEM,S-1-5-18,39:55.5,2.0,"<Event xmlns=""http://schemas.microsoft.com/win/2004/08/events/event"">
  <System>
    <Provider Name=""Microsoft-Windows-Sysmon"" Guid=""{5770385f-c22a-43e0-bf4c-06f5698ffbd9}""/>
    <EventID>11</EventID>
    <Version>2</Version>
    <Level>4</Level>
    <Task>11</Task>
    <Opcode>0</Opcode>
    <Keywords>0x8000000000000000</Keywords>
    <TimeCreated SystemTime=""2023-12-21T11:39:55.4645288Z""/>
    <EventRecordID>6487</EventRecordID>
    <Correlation/>
    <Execution ProcessID=""3400"" ThreadID=""4208""/>
    <Channel>Microsoft-Windows-Sysmon/Operational</Channel>
    <Computer>WinDev2309Eval</Computer>
    <Security UserID=""S-1-5-18""/>
  </System>
  <EventData>
    <Data Name=""RuleName"">DLL</Data>
    <Data Name=""UtcTime"">2023-12-21 11:39:55.463</Data>
    <Data Name=""ProcessGuid"">{f57bd86a-240b-6584-4207-000000000d00}</Data>
    <Data Name=""ProcessId"">4664</Data>
    <Data Name=""Image"">C:\Windows\Microsoft.NET\Framework\v4.0.30319\mscorsvw.exe</Data>
    <Data Name=""TargetFilename"">C:\Windows\assembly\NativeImages_v4.0.30319_32\Temp\1238-0\Microsoft.Extensions.Options.ConfigurationExtensions.dll</Data>
    <Data Name=""CreationUtcTime"">2023-12-21 11:39:55.463</Data>
    <Data Name=""User"">NT AUTHORITY\SYSTEM</Data>
  </EventData>
</Event>
"
Microsoft-Windows-Sysmon/Operational,,,WinDev2309Eval,39:55.2,,,,,,,,,11,6486,,,,C:\Windows\Microsoft.NET\Framework\v4.0.30319\mscorsvw.exe,,,0x8000000000000000,4,,,,,0,,,,,,,{f57bd86a-240b-6584-4007-000000000d00},3400,11344.0,,,,,,DLL,,,,,,,,,,,,,2023-12-21T11:39:55.2142942Z,C:\Windows\assembly\NativeImages_v4.0.30319_32\Temp\2c50-0\Microsoft.Extensions.ObjectPool.dll,,,,,,11,,4208,NT AUTHORITY\SYSTEM,S-1-5-18,39:55.2,2.0,"<Event xmlns=""http://schemas.microsoft.com/win/2004/08/events/event"">
  <System>
    <Provider Name=""Microsoft-Windows-Sysmon"" Guid=""{5770385f-c22a-43e0-bf4c-06f5698ffbd9}""/>
    <EventID>11</EventID>
    <Version>2</Version>
    <Level>4</Level>
    <Task>11</Task>
    <Opcode>0</Opcode>
    <Keywords>0x8000000000000000</Keywords>
    <TimeCreated SystemTime=""2023-12-21T11:39:55.2142942Z""/>
    <EventRecordID>6486</EventRecordID>
    <Correlation/>
    <Execution ProcessID=""3400"" ThreadID=""4208""/>
    <Channel>Microsoft-Windows-Sysmon/Operational</Channel>
    <Computer>WinDev2309Eval</Computer>
    <Security UserID=""S-1-5-18""/>
  </System>
  <EventData>
    <Data Name=""RuleName"">DLL</Data>
    <Data Name=""UtcTime"">2023-12-21 11:39:55.212</Data>
    <Data Name=""ProcessGuid"">{f57bd86a-240b-6584-4007-000000000d00}</Data>
    <Data Name=""ProcessId"">11344</Data>
    <Data Name=""Image"">C:\Windows\Microsoft.NET\Framework\v4.0.30319\mscorsvw.exe</Data>
    <Data Name=""TargetFilename"">C:\Windows\assembly\NativeImages_v4.0.30319_32\Temp\2c50-0\Microsoft.Extensions.ObjectPool.dll</Data>
    <Data Name=""CreationUtcTime"">2023-12-21 11:39:55.212</Data>
    <Data Name=""User"">NT AUTHORITY\SYSTEM</Data>
  </EventData>
</Event>
"
Microsoft-Windows-Sysmon/Operational,,,WinDev2309Eval,39:55.0,,,,,,,,,11,6485,,,,C:\Windows\Microsoft.NET\Framework\v4.0.30319\mscorsvw.exe,,,0x8000000000000000,4,,,,,0,,,,,,,{f57bd86a-240a-6584-3e07-000000000d00},3400,7468.0,,,,,,DLL,,,,,,,,,,,,,2023-12-21T11:39:55.0082555Z,C:\Windows\assembly\NativeImages_v4.0.30319_32\Temp\1d2c-0\Microsoft.Extensions.Logging.dll,,,,,,11,,4208,NT AUTHORITY\SYSTEM,S-1-5-18,39:55.0,2.0,"<Event xmlns=""http://schemas.microsoft.com/win/2004/08/events/event"">
  <System>
    <Provider Name=""Microsoft-Windows-Sysmon"" Guid=""{5770385f-c22a-43e0-bf4c-06f5698ffbd9}""/>
    <EventID>11</EventID>
    <Version>2</Version>
    <Level>4</Level>
    <Task>11</Task>
    <Opcode>0</Opcode>
    <Keywords>0x8000000000000000</Keywords>
    <TimeCreated SystemTime=""2023-12-21T11:39:55.0082555Z""/>
    <EventRecordID>6485</EventRecordID>
    <Correlation/>
    <Execution ProcessID=""3400"" ThreadID=""4208""/>
    <Channel>Microsoft-Windows-Sysmon/Operational</Channel>
    <Computer>WinDev2309Eval</Computer>
    <Security UserID=""S-1-5-18""/>
  </System>
  <EventData>
    <Data Name=""RuleName"">DLL</Data>
    <Data Name=""UtcTime"">2023-12-21 11:39:54.994</Data>
    <Data Name=""ProcessGuid"">{f57bd86a-240a-6584-3e07-000000000d00}</Data>
    <Data Name=""ProcessId"">7468</Data>
    <Data Name=""Image"">C:\Windows\Microsoft.NET\Framework\v4.0.30319\mscorsvw.exe</Data>
    <Data Name=""TargetFilename"">C:\Windows\assembly\NativeImages_v4.0.30319_32\Temp\1d2c-0\Microsoft.Extensions.Logging.dll</Data>
    <Data Name=""CreationUtcTime"">2023-12-21 11:39:54.994</Data>
    <Data Name=""User"">NT AUTHORITY\SYSTEM</Data>
  </EventData>
</Event>
"
Microsoft-Windows-Sysmon/Operational,,,WinDev2309Eval,39:54.5,,,,,,,,,11,6484,,,,C:\Windows\Microsoft.NET\Framework\v4.0.30319\mscorsvw.exe,,,0x8000000000000000,4,,,,,0,,,,,,,{f57bd86a-240a-6584-3c07-000000000d00},3400,12076.0,,,,,,DLL,,,,,,,,,,,,,2023-12-21T11:39:54.4640629Z,C:\Windows\assembly\NativeImages_v4.0.30319_32\Temp\2f2c-0\Microsoft.Extensions.Logging.Abstractions.dll,,,,,,11,,4208,NT AUTHORITY\SYSTEM,S-1-5-18,39:54.5,2.0,"<Event xmlns=""http://schemas.microsoft.com/win/2004/08/events/event"">
  <System>
    <Provider Name=""Microsoft-Windows-Sysmon"" Guid=""{5770385f-c22a-43e0-bf4c-06f5698ffbd9}""/>
    <EventID>11</EventID>
    <Version>2</Version>
    <Level>4</Level>
    <Task>11</Task>
    <Opcode>0</Opcode>
    <Keywords>0x8000000000000000</Keywords>
    <TimeCreated SystemTime=""2023-12-21T11:39:54.4640629Z""/>
    <EventRecordID>6484</EventRecordID>
    <Correlation/>
    <Execution ProcessID=""3400"" ThreadID=""4208""/>
    <Channel>Microsoft-Windows-Sysmon/Operational</Channel>
    <Computer>WinDev2309Eval</Computer>
    <Security UserID=""S-1-5-18""/>
  </System>
  <EventData>
    <Data Name=""RuleName"">DLL</Data>
    <Data Name=""UtcTime"">2023-12-21 11:39:54.463</Data>
    <Data Name=""ProcessGuid"">{f57bd86a-240a-6584-3c07-000000000d00}</Data>
    <Data Name=""ProcessId"">12076</Data>
    <Data Name=""Image"">C:\Windows\Microsoft.NET\Framework\v4.0.30319\mscorsvw.exe</Data>
    <Data Name=""TargetFilename"">C:\Windows\assembly\NativeImages_v4.0.30319_32\Temp\2f2c-0\Microsoft.Extensions.Logging.Abstractions.dll</Data>
    <Data Name=""CreationUtcTime"">2023-12-21 11:39:54.463</Data>
    <Data Name=""User"">NT AUTHORITY\SYSTEM</Data>
  </EventData>
</Event>
"
Microsoft-Windows-Sysmon/Operational,,,WinDev2309Eval,39:54.0,,,,,,,,,11,6483,,,,C:\Windows\Microsoft.NET\Framework\v4.0.30319\mscorsvw.exe,,,0x8000000000000000,4,,,,,0,,,,,,,{f57bd86a-2409-6584-3a07-000000000d00},3400,10640.0,,,,,,DLL,,,,,,,,,,,,,2023-12-21T11:39:54.0415478Z,C:\Windows\assembly\NativeImages_v4.0.30319_32\Temp\2990-0\Microsoft.Extensions.DependencyInjection.dll,,,,,,11,,4208,NT AUTHORITY\SYSTEM,S-1-5-18,39:54.0,2.0,"<Event xmlns=""http://schemas.microsoft.com/win/2004/08/events/event"">
  <System>
    <Provider Name=""Microsoft-Windows-Sysmon"" Guid=""{5770385f-c22a-43e0-bf4c-06f5698ffbd9}""/>
    <EventID>11</EventID>
    <Version>2</Version>
    <Level>4</Level>
    <Task>11</Task>
    <Opcode>0</Opcode>
    <Keywords>0x8000000000000000</Keywords>
    <TimeCreated SystemTime=""2023-12-21T11:39:54.0415478Z""/>
    <EventRecordID>6483</EventRecordID>
    <Correlation/>
    <Execution ProcessID=""3400"" ThreadID=""4208""/>
    <Channel>Microsoft-Windows-Sysmon/Operational</Channel>
    <Computer>WinDev2309Eval</Computer>
    <Security UserID=""S-1-5-18""/>
  </System>
  <EventData>
    <Data Name=""RuleName"">DLL</Data>
    <Data Name=""UtcTime"">2023-12-21 11:39:54.040</Data>
    <Data Name=""ProcessGuid"">{f57bd86a-2409-6584-3a07-000000000d00}</Data>
    <Data Name=""ProcessId"">10640</Data>
    <Data Name=""Image"">C:\Windows\Microsoft.NET\Framework\v4.0.30319\mscorsvw.exe</Data>
    <Data Name=""TargetFilename"">C:\Windows\assembly\NativeImages_v4.0.30319_32\Temp\2990-0\Microsoft.Extensions.DependencyInjection.dll</Data>
    <Data Name=""CreationUtcTime"">2023-12-21 11:39:54.040</Data>
    <Data Name=""User"">NT AUTHORITY\SYSTEM</Data>
  </EventData>
</Event>
"
Microsoft-Windows-Sysmon/Operational,,,WinDev2309Eval,39:53.4,,,,,,,,,11,6482,,,,C:\Windows\Microsoft.NET\Framework\v4.0.30319\mscorsvw.exe,,,0x8000000000000000,4,,,,,0,,,,,,,{f57bd86a-2409-6584-3807-000000000d00},3400,13184.0,,,,,,DLL,,,,,,,,,,,,,2023-12-21T11:39:53.4358718Z,C:\Windows\assembly\NativeImages_v4.0.30319_32\Temp\3380-0\Microsoft.Extensions.DependencyInjection.Abstractions.dll,,,,,,11,,4208,NT AUTHORITY\SYSTEM,S-1-5-18,39:53.4,2.0,"<Event xmlns=""http://schemas.microsoft.com/win/2004/08/events/event"">
  <System>
    <Provider Name=""Microsoft-Windows-Sysmon"" Guid=""{5770385f-c22a-43e0-bf4c-06f5698ffbd9}""/>
    <EventID>11</EventID>
    <Version>2</Version>
    <Level>4</Level>
    <Task>11</Task>
    <Opcode>0</Opcode>
    <Keywords>0x8000000000000000</Keywords>
    <TimeCreated SystemTime=""2023-12-21T11:39:53.4358718Z""/>
    <EventRecordID>6482</EventRecordID>
    <Correlation/>
    <Execution ProcessID=""3400"" ThreadID=""4208""/>
    <Channel>Microsoft-Windows-Sysmon/Operational</Channel>
    <Computer>WinDev2309Eval</Computer>
    <Security UserID=""S-1-5-18""/>
  </System>
  <EventData>
    <Data Name=""RuleName"">DLL</Data>
    <Data Name=""UtcTime"">2023-12-21 11:39:53.430</Data>
    <Data Name=""ProcessGuid"">{f57bd86a-2409-6584-3807-000000000d00}</Data>
    <Data Name=""ProcessId"">13184</Data>
    <Data Name=""Image"">C:\Windows\Microsoft.NET\Framework\v4.0.30319\mscorsvw.exe</Data>
    <Data Name=""TargetFilename"">C:\Windows\assembly\NativeImages_v4.0.30319_32\Temp\3380-0\Microsoft.Extensions.DependencyInjection.Abstractions.dll</Data>
    <Data Name=""CreationUtcTime"">2023-12-21 11:39:53.430</Data>
    <Data Name=""User"">NT AUTHORITY\SYSTEM</Data>
  </EventData>
</Event>
"
Microsoft-Windows-Sysmon/Operational,,,WinDev2309Eval,39:53.1,,,,,,,,,11,6481,,,,C:\Windows\Microsoft.NET\Framework\v4.0.30319\mscorsvw.exe,,,0x8000000000000000,4,,,,,0,,,,,,,{f57bd86a-2409-6584-3607-000000000d00},3400,2560.0,,,,,,DLL,,,,,,,,,,,,,2023-12-21T11:39:53.1490898Z,C:\Windows\assembly\NativeImages_v4.0.30319_32\Temp\a00-0\Microsoft.Extensions.Configuration.dll,,,,,,11,,4208,NT AUTHORITY\SYSTEM,S-1-5-18,39:53.1,2.0,"<Event xmlns=""http://schemas.microsoft.com/win/2004/08/events/event"">
  <System>
    <Provider Name=""Microsoft-Windows-Sysmon"" Guid=""{5770385f-c22a-43e0-bf4c-06f5698ffbd9}""/>
    <EventID>11</EventID>
    <Version>2</Version>
    <Level>4</Level>
    <Task>11</Task>
    <Opcode>0</Opcode>
    <Keywords>0x8000000000000000</Keywords>
    <TimeCreated SystemTime=""2023-12-21T11:39:53.1490898Z""/>
    <EventRecordID>6481</EventRecordID>
    <Correlation/>
    <Execution ProcessID=""3400"" ThreadID=""4208""/>
    <Channel>Microsoft-Windows-Sysmon/Operational</Channel>
    <Computer>WinDev2309Eval</Computer>
    <Security UserID=""S-1-5-18""/>
  </System>
  <EventData>
    <Data Name=""RuleName"">DLL</Data>
    <Data Name=""UtcTime"">2023-12-21 11:39:53.133</Data>
    <Data Name=""ProcessGuid"">{f57bd86a-2409-6584-3607-000000000d00}</Data>
    <Data Name=""ProcessId"">2560</Data>
    <Data Name=""Image"">C:\Windows\Microsoft.NET\Framework\v4.0.30319\mscorsvw.exe</Data>
    <Data Name=""TargetFilename"">C:\Windows\assembly\NativeImages_v4.0.30319_32\Temp\a00-0\Microsoft.Extensions.Configuration.dll</Data>
    <Data Name=""CreationUtcTime"">2023-12-21 11:39:53.133</Data>
    <Data Name=""User"">NT AUTHORITY\SYSTEM</Data>
  </EventData>
</Event>
"
Microsoft-Windows-Sysmon/Operational,,,WinDev2309Eval,39:52.9,,,,,,,,,11,6480,,,,C:\Windows\Microsoft.NET\Framework\v4.0.30319\mscorsvw.exe,,,0x8000000000000000,4,,,,,0,,,,,,,{f57bd86a-2408-6584-3407-000000000d00},3400,2644.0,,,,,,DLL,,,,,,,,,,,,,2023-12-21T11:39:52.8914930Z,C:\Windows\assembly\NativeImages_v4.0.30319_32\Temp\a54-0\Microsoft.Extensions.Configuration.Binder.dll,,,,,,11,,4208,NT AUTHORITY\SYSTEM,S-1-5-18,39:52.9,2.0,"<Event xmlns=""http://schemas.microsoft.com/win/2004/08/events/event"">
  <System>
    <Provider Name=""Microsoft-Windows-Sysmon"" Guid=""{5770385f-c22a-43e0-bf4c-06f5698ffbd9}""/>
    <EventID>11</EventID>
    <Version>2</Version>
    <Level>4</Level>
    <Task>11</Task>
    <Opcode>0</Opcode>
    <Keywords>0x8000000000000000</Keywords>
    <TimeCreated SystemTime=""2023-12-21T11:39:52.8914930Z""/>
    <EventRecordID>6480</EventRecordID>
    <Correlation/>
    <Execution ProcessID=""3400"" ThreadID=""4208""/>
    <Channel>Microsoft-Windows-Sysmon/Operational</Channel>
    <Computer>WinDev2309Eval</Computer>
    <Security UserID=""S-1-5-18""/>
  </System>
  <EventData>
    <Data Name=""RuleName"">DLL</Data>
    <Data Name=""UtcTime"">2023-12-21 11:39:52.882</Data>
    <Data Name=""ProcessGuid"">{f57bd86a-2408-6584-3407-000000000d00}</Data>
    <Data Name=""ProcessId"">2644</Data>
    <Data Name=""Image"">C:\Windows\Microsoft.NET\Framework\v4.0.30319\mscorsvw.exe</Data>
    <Data Name=""TargetFilename"">C:\Windows\assembly\NativeImages_v4.0.30319_32\Temp\a54-0\Microsoft.Extensions.Configuration.Binder.dll</Data>
    <Data Name=""CreationUtcTime"">2023-12-21 11:39:52.882</Data>
    <Data Name=""User"">NT AUTHORITY\SYSTEM</Data>
  </EventData>
</Event>
"
Microsoft-Windows-Sysmon/Operational,,,WinDev2309Eval,39:52.6,,,,,,,,,11,6479,,,,C:\Windows\Microsoft.NET\Framework\v4.0.30319\mscorsvw.exe,,,0x8000000000000000,4,,,,,0,,,,,,,{f57bd86a-2408-6584-3207-000000000d00},3400,7992.0,,,,,,DLL,,,,,,,,,,,,,2023-12-21T11:39:52.6219971Z,C:\Windows\assembly\NativeImages_v4.0.30319_32\Temp\1f38-0\Microsoft.Extensions.Configuration.Abstractions.dll,,,,,,11,,4208,NT AUTHORITY\SYSTEM,S-1-5-18,39:52.6,2.0,"<Event xmlns=""http://schemas.microsoft.com/win/2004/08/events/event"">
  <System>
    <Provider Name=""Microsoft-Windows-Sysmon"" Guid=""{5770385f-c22a-43e0-bf4c-06f5698ffbd9}""/>
    <EventID>11</EventID>
    <Version>2</Version>
    <Level>4</Level>
    <Task>11</Task>
    <Opcode>0</Opcode>
    <Keywords>0x8000000000000000</Keywords>
    <TimeCreated SystemTime=""2023-12-21T11:39:52.6219971Z""/>
    <EventRecordID>6479</EventRecordID>
    <Correlation/>
    <Execution ProcessID=""3400"" ThreadID=""4208""/>
    <Channel>Microsoft-Windows-Sysmon/Operational</Channel>
    <Computer>WinDev2309Eval</Computer>
    <Security UserID=""S-1-5-18""/>
  </System>
  <EventData>
    <Data Name=""RuleName"">DLL</Data>
    <Data Name=""UtcTime"">2023-12-21 11:39:52.616</Data>
    <Data Name=""ProcessGuid"">{f57bd86a-2408-6584-3207-000000000d00}</Data>
    <Data Name=""ProcessId"">7992</Data>
    <Data Name=""Image"">C:\Windows\Microsoft.NET\Framework\v4.0.30319\mscorsvw.exe</Data>
    <Data Name=""TargetFilename"">C:\Windows\assembly\NativeImages_v4.0.30319_32\Temp\1f38-0\Microsoft.Extensions.Configuration.Abstractions.dll</Data>
    <Data Name=""CreationUtcTime"">2023-12-21 11:39:52.616</Data>
    <Data Name=""User"">NT AUTHORITY\SYSTEM</Data>
  </EventData>
</Event>
"
Microsoft-Windows-Sysmon/Operational,,,WinDev2309Eval,39:52.3,,,,,,,,,11,6478,,,,C:\Windows\Microsoft.NET\Framework\v4.0.30319\mscorsvw.exe,,,0x8000000000000000,4,,,,,0,,,,,,,{f57bd86a-2407-6584-3007-000000000d00},3400,9532.0,,,,,,DLL,,,,,,,,,,,,,2023-12-21T11:39:52.3060640Z,C:\Windows\assembly\NativeImages_v4.0.30319_32\Temp\253c-0\Microsoft.CommonLanguageServerProtocol.Framework.dll,,,,,,11,,4208,NT AUTHORITY\SYSTEM,S-1-5-18,39:52.3,2.0,"<Event xmlns=""http://schemas.microsoft.com/win/2004/08/events/event"">
  <System>
    <Provider Name=""Microsoft-Windows-Sysmon"" Guid=""{5770385f-c22a-43e0-bf4c-06f5698ffbd9}""/>
    <EventID>11</EventID>
    <Version>2</Version>
    <Level>4</Level>
    <Task>11</Task>
    <Opcode>0</Opcode>
    <Keywords>0x8000000000000000</Keywords>
    <TimeCreated SystemTime=""2023-12-21T11:39:52.3060640Z""/>
    <EventRecordID>6478</EventRecordID>
    <Correlation/>
    <Execution ProcessID=""3400"" ThreadID=""4208""/>
    <Channel>Microsoft-Windows-Sysmon/Operational</Channel>
    <Computer>WinDev2309Eval</Computer>
    <Security UserID=""S-1-5-18""/>
  </System>
  <EventData>
    <Data Name=""RuleName"">DLL</Data>
    <Data Name=""UtcTime"">2023-12-21 11:39:52.303</Data>
    <Data Name=""ProcessGuid"">{f57bd86a-2407-6584-3007-000000000d00}</Data>
    <Data Name=""ProcessId"">9532</Data>
    <Data Name=""Image"">C:\Windows\Microsoft.NET\Framework\v4.0.30319\mscorsvw.exe</Data>
    <Data Name=""TargetFilename"">C:\Windows\assembly\NativeImages_v4.0.30319_32\Temp\253c-0\Microsoft.CommonLanguageServerProtocol.Framework.dll</Data>
    <Data Name=""CreationUtcTime"">2023-12-21 11:39:52.303</Data>
    <Data Name=""User"">NT AUTHORITY\SYSTEM</Data>
  </EventData>
</Event>
"
Microsoft-Windows-Sysmon/Operational,,,WinDev2309Eval,39:51.6,,,,,,,,,11,6477,,,,C:\Windows\Microsoft.NET\Framework\v4.0.30319\mscorsvw.exe,,,0x8000000000000000,4,,,,,0,,,,,,,{f57bd86a-2406-6584-2e07-000000000d00},3400,7144.0,,,,,,DLL,,,,,,,,,,,,,2023-12-21T11:39:51.6402392Z,C:\Windows\assembly\NativeImages_v4.0.30319_32\Temp\1be8-0\Microsoft.CodeAnalysis.Remote.Razor.dll,,,,,,11,,4208,NT AUTHORITY\SYSTEM,S-1-5-18,39:51.6,2.0,"<Event xmlns=""http://schemas.microsoft.com/win/2004/08/events/event"">
  <System>
    <Provider Name=""Microsoft-Windows-Sysmon"" Guid=""{5770385f-c22a-43e0-bf4c-06f5698ffbd9}""/>
    <EventID>11</EventID>
    <Version>2</Version>
    <Level>4</Level>
    <Task>11</Task>
    <Opcode>0</Opcode>
    <Keywords>0x8000000000000000</Keywords>
    <TimeCreated SystemTime=""2023-12-21T11:39:51.6402392Z""/>
    <EventRecordID>6477</EventRecordID>
    <Correlation/>
    <Execution ProcessID=""3400"" ThreadID=""4208""/>
    <Channel>Microsoft-Windows-Sysmon/Operational</Channel>
    <Computer>WinDev2309Eval</Computer>
    <Security UserID=""S-1-5-18""/>
  </System>
  <EventData>
    <Data Name=""RuleName"">DLL</Data>
    <Data Name=""UtcTime"">2023-12-21 11:39:51.631</Data>
    <Data Name=""ProcessGuid"">{f57bd86a-2406-6584-2e07-000000000d00}</Data>
    <Data Name=""ProcessId"">7144</Data>
    <Data Name=""Image"">C:\Windows\Microsoft.NET\Framework\v4.0.30319\mscorsvw.exe</Data>
    <Data Name=""TargetFilename"">C:\Windows\assembly\NativeImages_v4.0.30319_32\Temp\1be8-0\Microsoft.CodeAnalysis.Remote.Razor.dll</Data>
    <Data Name=""CreationUtcTime"">2023-12-21 11:39:51.631</Data>
    <Data Name=""User"">NT AUTHORITY\SYSTEM</Data>
  </EventData>
</Event>
"
Microsoft-Windows-Sysmon/Operational,,,WinDev2309Eval,39:50.2,,,,,,,,,11,6476,,,,C:\Windows\Microsoft.NET\Framework\v4.0.30319\mscorsvw.exe,,,0x8000000000000000,4,,,,,0,,,,,,,{f57bd86a-2404-6584-2c07-000000000d00},3400,6440.0,,,,,,DLL,,,,,,,,,,,,,2023-12-21T11:39:50.2509163Z,C:\Windows\assembly\NativeImages_v4.0.30319_32\Temp\1928-0\Microsoft.CodeAnalysis.Razor.Workspaces.dll,,,,,,11,,4208,NT AUTHORITY\SYSTEM,S-1-5-18,39:50.2,2.0,"<Event xmlns=""http://schemas.microsoft.com/win/2004/08/events/event"">
  <System>
    <Provider Name=""Microsoft-Windows-Sysmon"" Guid=""{5770385f-c22a-43e0-bf4c-06f5698ffbd9}""/>
    <EventID>11</EventID>
    <Version>2</Version>
    <Level>4</Level>
    <Task>11</Task>
    <Opcode>0</Opcode>
    <Keywords>0x8000000000000000</Keywords>
    <TimeCreated SystemTime=""2023-12-21T11:39:50.2509163Z""/>
    <EventRecordID>6476</EventRecordID>
    <Correlation/>
    <Execution ProcessID=""3400"" ThreadID=""4208""/>
    <Channel>Microsoft-Windows-Sysmon/Operational</Channel>
    <Computer>WinDev2309Eval</Computer>
    <Security UserID=""S-1-5-18""/>
  </System>
  <EventData>
    <Data Name=""RuleName"">DLL</Data>
    <Data Name=""UtcTime"">2023-12-21 11:39:50.236</Data>
    <Data Name=""ProcessGuid"">{f57bd86a-2404-6584-2c07-000000000d00}</Data>
    <Data Name=""ProcessId"">6440</Data>
    <Data Name=""Image"">C:\Windows\Microsoft.NET\Framework\v4.0.30319\mscorsvw.exe</Data>
    <Data Name=""TargetFilename"">C:\Windows\assembly\NativeImages_v4.0.30319_32\Temp\1928-0\Microsoft.CodeAnalysis.Razor.Workspaces.dll</Data>
    <Data Name=""CreationUtcTime"">2023-12-21 11:39:50.236</Data>
    <Data Name=""User"">NT AUTHORITY\SYSTEM</Data>
  </EventData>
</Event>
"
