Channel,CommandLine,Company,Computer,CreationUtcTime,CurrentDirectory,Description,DestinationHostname,DestinationIp,DestinationIsIpv6,DestinationPort,DestinationPortName,Details,EventID,EventRecordID,EventType,FileVersion,Hashes,Image,Initiated,IntegrityLevel,Keywords,Level,LogonGuid,LogonId,Message,NewThreadId,Opcode,OriginalFileName,ParentCommandLine,ParentImage,ParentProcessGuid,ParentProcessId,ParentUser,ProcessGuid,ProcessID,ProcessId,Product,Protocol,QueryName,QueryResults,QueryStatus,RuleName,SourceHostname,SourceImage,SourceIp,SourceIsIpv6,SourcePort,SourcePortName,SourceProcessGuid,SourceProcessId,SourceUser,StartAddress,StartFunction,StartModule,SystemTime,TargetFilename,TargetImage,TargetObject,TargetProcessGuid,TargetProcessId,TargetUser,Task,TerminalSessionId,ThreadID,User,UserID,UtcTime,Version,raw
Microsoft-Windows-Sysmon/Operational,,,WinDev2309Eval,45:24.0,,,,,,,,,11,6629,,,,C:\Windows\Microsoft.NET\Framework\v4.0.30319\mscorsvw.exe,,,0x8000000000000000,4,,,,,0,,,,,,,{f57bd86a-2553-6584-d008-000000000d00},3400,13176.0,,,,,,DLL,,,,,,,,,,,,,2023-12-21T11:45:23.9664283Z,C:\Windows\assembly\NativeImages_v4.0.30319_32\Temp\3378-0\Microsoft.Security.ApplicationId.PolicyManagement.XmlHelper.dll,,,,,,11,,4208,NT AUTHORITY\SYSTEM,S-1-5-18,45:24.0,2.0,"<Event xmlns=""http://schemas.microsoft.com/win/2004/08/events/event"">
  <System>
    <Provider Name=""Microsoft-Windows-Sysmon"" Guid=""{5770385f-c22a-43e0-bf4c-06f5698ffbd9}""/>
    <EventID>11</EventID>
    <Version>2</Version>
    <Level>4</Level>
    <Task>11</Task>
    <Opcode>0</Opcode>
    <Keywords>0x8000000000000000</Keywords>
    <TimeCreated SystemTime=""2023-12-21T11:45:23.9664283Z""/>
    <EventRecordID>6629</EventRecordID>
    <Correlation/>
    <Execution ProcessID=""3400"" ThreadID=""4208""/>
    <Channel>Microsoft-Windows-Sysmon/Operational</Channel>
    <Computer>WinDev2309Eval</Computer>
    <Security UserID=""S-1-5-18""/>
  </System>
  <EventData>
    <Data Name=""RuleName"">DLL</Data>
    <Data Name=""UtcTime"">2023-12-21 11:45:23.964</Data>
    <Data Name=""ProcessGuid"">{f57bd86a-2553-6584-d008-000000000d00}</Data>
    <Data Name=""ProcessId"">13176</Data>
    <Data Name=""Image"">C:\Windows\Microsoft.NET\Framework\v4.0.30319\mscorsvw.exe</Data>
    <Data Name=""TargetFilename"">C:\Windows\assembly\NativeImages_v4.0.30319_32\Temp\3378-0\Microsoft.Security.ApplicationId.PolicyManagement.XmlHelper.dll</Data>
    <Data Name=""CreationUtcTime"">2023-12-21 11:45:23.964</Data>
    <Data Name=""User"">NT AUTHORITY\SYSTEM</Data>
  </EventData>
</Event>
"
Microsoft-Windows-Sysmon/Operational,,,WinDev2309Eval,45:23.8,,,,,,,,,11,6628,,,,C:\Windows\Microsoft.NET\Framework\v4.0.30319\mscorsvw.exe,,,0x8000000000000000,4,,,,,0,,,,,,,{f57bd86a-2553-6584-ce08-000000000d00},3400,10704.0,,,,,,DLL,,,,,,,,,,,,,2023-12-21T11:45:23.7962090Z,C:\Windows\assembly\NativeImages_v4.0.30319_32\Temp\29d0-0\Microsoft.Security.ApplicationId.PolicyManagement.PolicyManager.dll,,,,,,11,,4208,NT AUTHORITY\SYSTEM,S-1-5-18,45:23.8,2.0,"<Event xmlns=""http://schemas.microsoft.com/win/2004/08/events/event"">
  <System>
    <Provider Name=""Microsoft-Windows-Sysmon"" Guid=""{5770385f-c22a-43e0-bf4c-06f5698ffbd9}""/>
    <EventID>11</EventID>
    <Version>2</Version>
    <Level>4</Level>
    <Task>11</Task>
    <Opcode>0</Opcode>
    <Keywords>0x8000000000000000</Keywords>
    <TimeCreated SystemTime=""2023-12-21T11:45:23.7962090Z""/>
    <EventRecordID>6628</EventRecordID>
    <Correlation/>
    <Execution ProcessID=""3400"" ThreadID=""4208""/>
    <Channel>Microsoft-Windows-Sysmon/Operational</Channel>
    <Computer>WinDev2309Eval</Computer>
    <Security UserID=""S-1-5-18""/>
  </System>
  <EventData>
    <Data Name=""RuleName"">DLL</Data>
    <Data Name=""UtcTime"">2023-12-21 11:45:23.792</Data>
    <Data Name=""ProcessGuid"">{f57bd86a-2553-6584-ce08-000000000d00}</Data>
    <Data Name=""ProcessId"">10704</Data>
    <Data Name=""Image"">C:\Windows\Microsoft.NET\Framework\v4.0.30319\mscorsvw.exe</Data>
    <Data Name=""TargetFilename"">C:\Windows\assembly\NativeImages_v4.0.30319_32\Temp\29d0-0\Microsoft.Security.ApplicationId.PolicyManagement.PolicyManager.dll</Data>
    <Data Name=""CreationUtcTime"">2023-12-21 11:45:23.792</Data>
    <Data Name=""User"">NT AUTHORITY\SYSTEM</Data>
  </EventData>
</Event>
"
Microsoft-Windows-Sysmon/Operational,,,WinDev2309Eval,45:23.5,,,,,,,,,11,6627,,,,C:\Windows\Microsoft.NET\Framework\v4.0.30319\mscorsvw.exe,,,0x8000000000000000,4,,,,,0,,,,,,,{f57bd86a-2553-6584-cc08-000000000d00},3400,5508.0,,,,,,DLL,,,,,,,,,,,,,2023-12-21T11:45:23.5341424Z,C:\Windows\assembly\NativeImages_v4.0.30319_32\Temp\1584-0\Microsoft.Security.ApplicationId.PolicyManagement.PolicyEngineApi.Interop.dll,,,,,,11,,4208,NT AUTHORITY\SYSTEM,S-1-5-18,45:23.5,2.0,"<Event xmlns=""http://schemas.microsoft.com/win/2004/08/events/event"">
  <System>
    <Provider Name=""Microsoft-Windows-Sysmon"" Guid=""{5770385f-c22a-43e0-bf4c-06f5698ffbd9}""/>
    <EventID>11</EventID>
    <Version>2</Version>
    <Level>4</Level>
    <Task>11</Task>
    <Opcode>0</Opcode>
    <Keywords>0x8000000000000000</Keywords>
    <TimeCreated SystemTime=""2023-12-21T11:45:23.5341424Z""/>
    <EventRecordID>6627</EventRecordID>
    <Correlation/>
    <Execution ProcessID=""3400"" ThreadID=""4208""/>
    <Channel>Microsoft-Windows-Sysmon/Operational</Channel>
    <Computer>WinDev2309Eval</Computer>
    <Security UserID=""S-1-5-18""/>
  </System>
  <EventData>
    <Data Name=""RuleName"">DLL</Data>
    <Data Name=""UtcTime"">2023-12-21 11:45:23.526</Data>
    <Data Name=""ProcessGuid"">{f57bd86a-2553-6584-cc08-000000000d00}</Data>
    <Data Name=""ProcessId"">5508</Data>
    <Data Name=""Image"">C:\Windows\Microsoft.NET\Framework\v4.0.30319\mscorsvw.exe</Data>
    <Data Name=""TargetFilename"">C:\Windows\assembly\NativeImages_v4.0.30319_32\Temp\1584-0\Microsoft.Security.ApplicationId.PolicyManagement.PolicyEngineApi.Interop.dll</Data>
    <Data Name=""CreationUtcTime"">2023-12-21 11:45:23.526</Data>
    <Data Name=""User"">NT AUTHORITY\SYSTEM</Data>
  </EventData>
</Event>
"
Microsoft-Windows-Sysmon/Operational,,,WinDev2309Eval,45:23.4,,,,,,,,,11,6626,,,,C:\Windows\Microsoft.NET\Framework\v4.0.30319\mscorsvw.exe,,,0x8000000000000000,4,,,,,0,,,,,,,{f57bd86a-2553-6584-ca08-000000000d00},3400,12552.0,,,,,,DLL,,,,,,,,,,,,,2023-12-21T11:45:23.3789660Z,C:\Windows\assembly\NativeImages_v4.0.30319_32\Temp\3108-0\Microsoft.Security.ApplicationId.PolicyManagement.Cmdlets.dll,,,,,,11,,4208,NT AUTHORITY\SYSTEM,S-1-5-18,45:23.4,2.0,"<Event xmlns=""http://schemas.microsoft.com/win/2004/08/events/event"">
  <System>
    <Provider Name=""Microsoft-Windows-Sysmon"" Guid=""{5770385f-c22a-43e0-bf4c-06f5698ffbd9}""/>
    <EventID>11</EventID>
    <Version>2</Version>
    <Level>4</Level>
    <Task>11</Task>
    <Opcode>0</Opcode>
    <Keywords>0x8000000000000000</Keywords>
    <TimeCreated SystemTime=""2023-12-21T11:45:23.3789660Z""/>
    <EventRecordID>6626</EventRecordID>
    <Correlation/>
    <Execution ProcessID=""3400"" ThreadID=""4208""/>
    <Channel>Microsoft-Windows-Sysmon/Operational</Channel>
    <Computer>WinDev2309Eval</Computer>
    <Security UserID=""S-1-5-18""/>
  </System>
  <EventData>
    <Data Name=""RuleName"">DLL</Data>
    <Data Name=""UtcTime"">2023-12-21 11:45:23.370</Data>
    <Data Name=""ProcessGuid"">{f57bd86a-2553-6584-ca08-000000000d00}</Data>
    <Data Name=""ProcessId"">12552</Data>
    <Data Name=""Image"">C:\Windows\Microsoft.NET\Framework\v4.0.30319\mscorsvw.exe</Data>
    <Data Name=""TargetFilename"">C:\Windows\assembly\NativeImages_v4.0.30319_32\Temp\3108-0\Microsoft.Security.ApplicationId.PolicyManagement.Cmdlets.dll</Data>
    <Data Name=""CreationUtcTime"">2023-12-21 11:45:23.370</Data>
    <Data Name=""User"">NT AUTHORITY\SYSTEM</Data>
  </EventData>
</Event>
"
Microsoft-Windows-Sysmon/Operational,,,WinDev2309Eval,45:23.0,,,,,,,,,11,6625,,,,C:\Windows\Microsoft.NET\Framework\v4.0.30319\mscorsvw.exe,,,0x8000000000000000,4,,,,,0,,,,,,,{f57bd86a-2551-6584-c808-000000000d00},3400,7588.0,,,,,,DLL,,,,,,,,,,,,,2023-12-21T11:45:22.9790397Z,C:\Windows\assembly\NativeImages_v4.0.30319_32\Temp\1da4-0\Microsoft.PowerShell.Workflow.ServiceCore.dll,,,,,,11,,4208,NT AUTHORITY\SYSTEM,S-1-5-18,45:23.0,2.0,"<Event xmlns=""http://schemas.microsoft.com/win/2004/08/events/event"">
  <System>
    <Provider Name=""Microsoft-Windows-Sysmon"" Guid=""{5770385f-c22a-43e0-bf4c-06f5698ffbd9}""/>
    <EventID>11</EventID>
    <Version>2</Version>
    <Level>4</Level>
    <Task>11</Task>
    <Opcode>0</Opcode>
    <Keywords>0x8000000000000000</Keywords>
    <TimeCreated SystemTime=""2023-12-21T11:45:22.9790397Z""/>
    <EventRecordID>6625</EventRecordID>
    <Correlation/>
    <Execution ProcessID=""3400"" ThreadID=""4208""/>
    <Channel>Microsoft-Windows-Sysmon/Operational</Channel>
    <Computer>WinDev2309Eval</Computer>
    <Security UserID=""S-1-5-18""/>
  </System>
  <EventData>
    <Data Name=""RuleName"">DLL</Data>
    <Data Name=""UtcTime"">2023-12-21 11:45:22.964</Data>
    <Data Name=""ProcessGuid"">{f57bd86a-2551-6584-c808-000000000d00}</Data>
    <Data Name=""ProcessId"">7588</Data>
    <Data Name=""Image"">C:\Windows\Microsoft.NET\Framework\v4.0.30319\mscorsvw.exe</Data>
    <Data Name=""TargetFilename"">C:\Windows\assembly\NativeImages_v4.0.30319_32\Temp\1da4-0\Microsoft.PowerShell.Workflow.ServiceCore.dll</Data>
    <Data Name=""CreationUtcTime"">2023-12-21 11:45:22.964</Data>
    <Data Name=""User"">NT AUTHORITY\SYSTEM</Data>
  </EventData>
</Event>
"
Microsoft-Windows-Sysmon/Operational,,,WinDev2309Eval,45:21.8,,,,,,,,,11,6624,,,,C:\Windows\Microsoft.NET\Framework\v4.0.30319\mscorsvw.exe,,,0x8000000000000000,4,,,,,0,,,,,,,{f57bd86a-2551-6584-c608-000000000d00},3400,10672.0,,,,,,DLL,,,,,,,,,,,,,2023-12-21T11:45:21.8154846Z,C:\Windows\assembly\NativeImages_v4.0.30319_32\Temp\29b0-0\Microsoft.PowerShell.Utility.Activities.dll,,,,,,11,,4208,NT AUTHORITY\SYSTEM,S-1-5-18,45:21.8,2.0,"<Event xmlns=""http://schemas.microsoft.com/win/2004/08/events/event"">
  <System>
    <Provider Name=""Microsoft-Windows-Sysmon"" Guid=""{5770385f-c22a-43e0-bf4c-06f5698ffbd9}""/>
    <EventID>11</EventID>
    <Version>2</Version>
    <Level>4</Level>
    <Task>11</Task>
    <Opcode>0</Opcode>
    <Keywords>0x8000000000000000</Keywords>
    <TimeCreated SystemTime=""2023-12-21T11:45:21.8154846Z""/>
    <EventRecordID>6624</EventRecordID>
    <Correlation/>
    <Execution ProcessID=""3400"" ThreadID=""4208""/>
    <Channel>Microsoft-Windows-Sysmon/Operational</Channel>
    <Computer>WinDev2309Eval</Computer>
    <Security UserID=""S-1-5-18""/>
  </System>
  <EventData>
    <Data Name=""RuleName"">DLL</Data>
    <Data Name=""UtcTime"">2023-12-21 11:45:21.806</Data>
    <Data Name=""ProcessGuid"">{f57bd86a-2551-6584-c608-000000000d00}</Data>
    <Data Name=""ProcessId"">10672</Data>
    <Data Name=""Image"">C:\Windows\Microsoft.NET\Framework\v4.0.30319\mscorsvw.exe</Data>
    <Data Name=""TargetFilename"">C:\Windows\assembly\NativeImages_v4.0.30319_32\Temp\29b0-0\Microsoft.PowerShell.Utility.Activities.dll</Data>
    <Data Name=""CreationUtcTime"">2023-12-21 11:45:21.806</Data>
    <Data Name=""User"">NT AUTHORITY\SYSTEM</Data>
  </EventData>
</Event>
"
Microsoft-Windows-Sysmon/Operational,,,WinDev2309Eval,45:20.9,,,,,,,,,11,6623,,,,C:\Windows\Microsoft.NET\Framework\v4.0.30319\mscorsvw.exe,,,0x8000000000000000,4,,,,,0,,,,,,,{f57bd86a-2550-6584-c408-000000000d00},3400,12512.0,,,,,,DLL,,,,,,,,,,,,,2023-12-21T11:45:20.9171356Z,C:\Windows\assembly\NativeImages_v4.0.30319_32\Temp\30e0-0\Microsoft.PowerShell.Security.Activities.dll,,,,,,11,,4208,NT AUTHORITY\SYSTEM,S-1-5-18,45:20.9,2.0,"<Event xmlns=""http://schemas.microsoft.com/win/2004/08/events/event"">
  <System>
    <Provider Name=""Microsoft-Windows-Sysmon"" Guid=""{5770385f-c22a-43e0-bf4c-06f5698ffbd9}""/>
    <EventID>11</EventID>
    <Version>2</Version>
    <Level>4</Level>
    <Task>11</Task>
    <Opcode>0</Opcode>
    <Keywords>0x8000000000000000</Keywords>
    <TimeCreated SystemTime=""2023-12-21T11:45:20.9171356Z""/>
    <EventRecordID>6623</EventRecordID>
    <Correlation/>
    <Execution ProcessID=""3400"" ThreadID=""4208""/>
    <Channel>Microsoft-Windows-Sysmon/Operational</Channel>
    <Computer>WinDev2309Eval</Computer>
    <Security UserID=""S-1-5-18""/>
  </System>
  <EventData>
    <Data Name=""RuleName"">DLL</Data>
    <Data Name=""UtcTime"">2023-12-21 11:45:20.912</Data>
    <Data Name=""ProcessGuid"">{f57bd86a-2550-6584-c408-000000000d00}</Data>
    <Data Name=""ProcessId"">12512</Data>
    <Data Name=""Image"">C:\Windows\Microsoft.NET\Framework\v4.0.30319\mscorsvw.exe</Data>
    <Data Name=""TargetFilename"">C:\Windows\assembly\NativeImages_v4.0.30319_32\Temp\30e0-0\Microsoft.PowerShell.Security.Activities.dll</Data>
    <Data Name=""CreationUtcTime"">2023-12-21 11:45:20.912</Data>
    <Data Name=""User"">NT AUTHORITY\SYSTEM</Data>
  </EventData>
</Event>
"
Microsoft-Windows-Sysmon/Operational,,,WinDev2309Eval,45:20.6,,,,,,,,,11,6622,,,,C:\Windows\Microsoft.NET\Framework\v4.0.30319\mscorsvw.exe,,,0x8000000000000000,4,,,,,0,,,,,,,{f57bd86a-254f-6584-c208-000000000d00},3400,9880.0,,,,,,DLL,,,,,,,,,,,,,2023-12-21T11:45:20.5629459Z,C:\Windows\assembly\NativeImages_v4.0.30319_32\Temp\2698-0\Microsoft.PowerShell.Management.Activities.dll,,,,,,11,,4208,NT AUTHORITY\SYSTEM,S-1-5-18,45:20.6,2.0,"<Event xmlns=""http://schemas.microsoft.com/win/2004/08/events/event"">
  <System>
    <Provider Name=""Microsoft-Windows-Sysmon"" Guid=""{5770385f-c22a-43e0-bf4c-06f5698ffbd9}""/>
    <EventID>11</EventID>
    <Version>2</Version>
    <Level>4</Level>
    <Task>11</Task>
    <Opcode>0</Opcode>
    <Keywords>0x8000000000000000</Keywords>
    <TimeCreated SystemTime=""2023-12-21T11:45:20.5629459Z""/>
    <EventRecordID>6622</EventRecordID>
    <Correlation/>
    <Execution ProcessID=""3400"" ThreadID=""4208""/>
    <Channel>Microsoft-Windows-Sysmon/Operational</Channel>
    <Computer>WinDev2309Eval</Computer>
    <Security UserID=""S-1-5-18""/>
  </System>
  <EventData>
    <Data Name=""RuleName"">DLL</Data>
    <Data Name=""UtcTime"">2023-12-21 11:45:20.553</Data>
    <Data Name=""ProcessGuid"">{f57bd86a-254f-6584-c208-000000000d00}</Data>
    <Data Name=""ProcessId"">9880</Data>
    <Data Name=""Image"">C:\Windows\Microsoft.NET\Framework\v4.0.30319\mscorsvw.exe</Data>
    <Data Name=""TargetFilename"">C:\Windows\assembly\NativeImages_v4.0.30319_32\Temp\2698-0\Microsoft.PowerShell.Management.Activities.dll</Data>
    <Data Name=""CreationUtcTime"">2023-12-21 11:45:20.553</Data>
    <Data Name=""User"">NT AUTHORITY\SYSTEM</Data>
  </EventData>
</Event>
"
Microsoft-Windows-Sysmon/Operational,,,WinDev2309Eval,45:19.6,,,,,,,,,11,6621,,,,C:\Windows\Microsoft.NET\Framework\v4.0.30319\mscorsvw.exe,,,0x8000000000000000,4,,,,,0,,,,,,,{f57bd86a-254f-6584-c008-000000000d00},3400,11308.0,,,,,,DLL,,,,,,,,,,,,,2023-12-21T11:45:19.5843044Z,C:\Windows\assembly\NativeImages_v4.0.30319_32\Temp\2c2c-0\Microsoft.PowerShell.Diagnostics.Activities.dll,,,,,,11,,4208,NT AUTHORITY\SYSTEM,S-1-5-18,45:19.6,2.0,"<Event xmlns=""http://schemas.microsoft.com/win/2004/08/events/event"">
  <System>
    <Provider Name=""Microsoft-Windows-Sysmon"" Guid=""{5770385f-c22a-43e0-bf4c-06f5698ffbd9}""/>
    <EventID>11</EventID>
    <Version>2</Version>
    <Level>4</Level>
    <Task>11</Task>
    <Opcode>0</Opcode>
    <Keywords>0x8000000000000000</Keywords>
    <TimeCreated SystemTime=""2023-12-21T11:45:19.5843044Z""/>
    <EventRecordID>6621</EventRecordID>
    <Correlation/>
    <Execution ProcessID=""3400"" ThreadID=""4208""/>
    <Channel>Microsoft-Windows-Sysmon/Operational</Channel>
    <Computer>WinDev2309Eval</Computer>
    <Security UserID=""S-1-5-18""/>
  </System>
  <EventData>
    <Data Name=""RuleName"">DLL</Data>
    <Data Name=""UtcTime"">2023-12-21 11:45:19.568</Data>
    <Data Name=""ProcessGuid"">{f57bd86a-254f-6584-c008-000000000d00}</Data>
    <Data Name=""ProcessId"">11308</Data>
    <Data Name=""Image"">C:\Windows\Microsoft.NET\Framework\v4.0.30319\mscorsvw.exe</Data>
    <Data Name=""TargetFilename"">C:\Windows\assembly\NativeImages_v4.0.30319_32\Temp\2c2c-0\Microsoft.PowerShell.Diagnostics.Activities.dll</Data>
    <Data Name=""CreationUtcTime"">2023-12-21 11:45:19.568</Data>
    <Data Name=""User"">NT AUTHORITY\SYSTEM</Data>
  </EventData>
</Event>
"
Microsoft-Windows-Sysmon/Operational,,,WinDev2309Eval,45:19.2,,,,,,,,,11,6620,,,,C:\Windows\Microsoft.NET\Framework\v4.0.30319\mscorsvw.exe,,,0x8000000000000000,4,,,,,0,,,,,,,{f57bd86a-254e-6584-be08-000000000d00},3400,9492.0,,,,,,DLL,,,,,,,,,,,,,2023-12-21T11:45:19.1726735Z,C:\Windows\assembly\NativeImages_v4.0.30319_32\Temp\2514-0\Microsoft.PowerShell.Core.Activities.dll,,,,,,11,,4208,NT AUTHORITY\SYSTEM,S-1-5-18,45:19.2,2.0,"<Event xmlns=""http://schemas.microsoft.com/win/2004/08/events/event"">
  <System>
    <Provider Name=""Microsoft-Windows-Sysmon"" Guid=""{5770385f-c22a-43e0-bf4c-06f5698ffbd9}""/>
    <EventID>11</EventID>
    <Version>2</Version>
    <Level>4</Level>
    <Task>11</Task>
    <Opcode>0</Opcode>
    <Keywords>0x8000000000000000</Keywords>
    <TimeCreated SystemTime=""2023-12-21T11:45:19.1726735Z""/>
    <EventRecordID>6620</EventRecordID>
    <Correlation/>
    <Execution ProcessID=""3400"" ThreadID=""4208""/>
    <Channel>Microsoft-Windows-Sysmon/Operational</Channel>
    <Computer>WinDev2309Eval</Computer>
    <Security UserID=""S-1-5-18""/>
  </System>
  <EventData>
    <Data Name=""RuleName"">DLL</Data>
    <Data Name=""UtcTime"">2023-12-21 11:45:19.162</Data>
    <Data Name=""ProcessGuid"">{f57bd86a-254e-6584-be08-000000000d00}</Data>
    <Data Name=""ProcessId"">9492</Data>
    <Data Name=""Image"">C:\Windows\Microsoft.NET\Framework\v4.0.30319\mscorsvw.exe</Data>
    <Data Name=""TargetFilename"">C:\Windows\assembly\NativeImages_v4.0.30319_32\Temp\2514-0\Microsoft.PowerShell.Core.Activities.dll</Data>
    <Data Name=""CreationUtcTime"">2023-12-21 11:45:19.162</Data>
    <Data Name=""User"">NT AUTHORITY\SYSTEM</Data>
  </EventData>
</Event>
"
Microsoft-Windows-Sysmon/Operational,,,WinDev2309Eval,45:18.3,,,,,,,,,11,6619,,,,C:\Windows\Microsoft.NET\Framework\v4.0.30319\mscorsvw.exe,,,0x8000000000000000,4,,,,,0,,,,,,,{f57bd86a-254e-6584-bc08-000000000d00},3400,11968.0,,,,,,DLL,,,,,,,,,,,,,2023-12-21T11:45:18.3097454Z,C:\Windows\assembly\NativeImages_v4.0.30319_32\Temp\2ec0-0\Microsoft.PowerShell.Commands.Diagnostics.dll,,,,,,11,,4208,NT AUTHORITY\SYSTEM,S-1-5-18,45:18.3,2.0,"<Event xmlns=""http://schemas.microsoft.com/win/2004/08/events/event"">
  <System>
    <Provider Name=""Microsoft-Windows-Sysmon"" Guid=""{5770385f-c22a-43e0-bf4c-06f5698ffbd9}""/>
    <EventID>11</EventID>
    <Version>2</Version>
    <Level>4</Level>
    <Task>11</Task>
    <Opcode>0</Opcode>
    <Keywords>0x8000000000000000</Keywords>
    <TimeCreated SystemTime=""2023-12-21T11:45:18.3097454Z""/>
    <EventRecordID>6619</EventRecordID>
    <Correlation/>
    <Execution ProcessID=""3400"" ThreadID=""4208""/>
    <Channel>Microsoft-Windows-Sysmon/Operational</Channel>
    <Computer>WinDev2309Eval</Computer>
    <Security UserID=""S-1-5-18""/>
  </System>
  <EventData>
    <Data Name=""RuleName"">DLL</Data>
    <Data Name=""UtcTime"">2023-12-21 11:45:18.301</Data>
    <Data Name=""ProcessGuid"">{f57bd86a-254e-6584-bc08-000000000d00}</Data>
    <Data Name=""ProcessId"">11968</Data>
    <Data Name=""Image"">C:\Windows\Microsoft.NET\Framework\v4.0.30319\mscorsvw.exe</Data>
    <Data Name=""TargetFilename"">C:\Windows\assembly\NativeImages_v4.0.30319_32\Temp\2ec0-0\Microsoft.PowerShell.Commands.Diagnostics.dll</Data>
    <Data Name=""CreationUtcTime"">2023-12-21 11:45:18.301</Data>
    <Data Name=""User"">NT AUTHORITY\SYSTEM</Data>
  </EventData>
</Event>
"
Microsoft-Windows-Sysmon/Operational,,,WinDev2309Eval,45:18.0,,,,,,,,,11,6618,,,,C:\Windows\Microsoft.NET\Framework\v4.0.30319\mscorsvw.exe,,,0x8000000000000000,4,,,,,0,,,,,,,{f57bd86a-254d-6584-ba08-000000000d00},3400,6392.0,,,,,,DLL,,,,,,,,,,,,,2023-12-21T11:45:17.9818681Z,C:\Windows\assembly\NativeImages_v4.0.30319_32\Temp\18f8-0\Microsoft.PowerShell.Activities.dll,,,,,,11,,4208,NT AUTHORITY\SYSTEM,S-1-5-18,45:18.0,2.0,"<Event xmlns=""http://schemas.microsoft.com/win/2004/08/events/event"">
  <System>
    <Provider Name=""Microsoft-Windows-Sysmon"" Guid=""{5770385f-c22a-43e0-bf4c-06f5698ffbd9}""/>
    <EventID>11</EventID>
    <Version>2</Version>
    <Level>4</Level>
    <Task>11</Task>
    <Opcode>0</Opcode>
    <Keywords>0x8000000000000000</Keywords>
    <TimeCreated SystemTime=""2023-12-21T11:45:17.9818681Z""/>
    <EventRecordID>6618</EventRecordID>
    <Correlation/>
    <Execution ProcessID=""3400"" ThreadID=""4208""/>
    <Channel>Microsoft-Windows-Sysmon/Operational</Channel>
    <Computer>WinDev2309Eval</Computer>
    <Security UserID=""S-1-5-18""/>
  </System>
  <EventData>
    <Data Name=""RuleName"">DLL</Data>
    <Data Name=""UtcTime"">2023-12-21 11:45:17.971</Data>
    <Data Name=""ProcessGuid"">{f57bd86a-254d-6584-ba08-000000000d00}</Data>
    <Data Name=""ProcessId"">6392</Data>
    <Data Name=""Image"">C:\Windows\Microsoft.NET\Framework\v4.0.30319\mscorsvw.exe</Data>
    <Data Name=""TargetFilename"">C:\Windows\assembly\NativeImages_v4.0.30319_32\Temp\18f8-0\Microsoft.PowerShell.Activities.dll</Data>
    <Data Name=""CreationUtcTime"">2023-12-21 11:45:17.971</Data>
    <Data Name=""User"">NT AUTHORITY\SYSTEM</Data>
  </EventData>
</Event>
"
Microsoft-Windows-Sysmon/Operational,,,WinDev2309Eval,45:16.5,,,,,,,,,11,6617,,,,C:\Windows\Microsoft.NET\Framework\v4.0.30319\mscorsvw.exe,,,0x8000000000000000,4,,,,,0,,,,,,,{f57bd86a-254c-6584-b808-000000000d00},3400,5764.0,,,,,,DLL,,,,,,,,,,,,,2023-12-21T11:45:16.5586408Z,C:\Windows\assembly\NativeImages_v4.0.30319_32\Temp\1684-0\Microsoft.ManagementConsole.dll,,,,,,11,,4208,NT AUTHORITY\SYSTEM,S-1-5-18,45:16.5,2.0,"<Event xmlns=""http://schemas.microsoft.com/win/2004/08/events/event"">
  <System>
    <Provider Name=""Microsoft-Windows-Sysmon"" Guid=""{5770385f-c22a-43e0-bf4c-06f5698ffbd9}""/>
    <EventID>11</EventID>
    <Version>2</Version>
    <Level>4</Level>
    <Task>11</Task>
    <Opcode>0</Opcode>
    <Keywords>0x8000000000000000</Keywords>
    <TimeCreated SystemTime=""2023-12-21T11:45:16.5586408Z""/>
    <EventRecordID>6617</EventRecordID>
    <Correlation/>
    <Execution ProcessID=""3400"" ThreadID=""4208""/>
    <Channel>Microsoft-Windows-Sysmon/Operational</Channel>
    <Computer>WinDev2309Eval</Computer>
    <Security UserID=""S-1-5-18""/>
  </System>
  <EventData>
    <Data Name=""RuleName"">DLL</Data>
    <Data Name=""UtcTime"">2023-12-21 11:45:16.544</Data>
    <Data Name=""ProcessGuid"">{f57bd86a-254c-6584-b808-000000000d00}</Data>
    <Data Name=""ProcessId"">5764</Data>
    <Data Name=""Image"">C:\Windows\Microsoft.NET\Framework\v4.0.30319\mscorsvw.exe</Data>
    <Data Name=""TargetFilename"">C:\Windows\assembly\NativeImages_v4.0.30319_32\Temp\1684-0\Microsoft.ManagementConsole.dll</Data>
    <Data Name=""CreationUtcTime"">2023-12-21 11:45:16.544</Data>
    <Data Name=""User"">NT AUTHORITY\SYSTEM</Data>
  </EventData>
</Event>
"
Microsoft-Windows-Sysmon/Operational,,,WinDev2309Eval,45:16.1,,,,,,,,,11,6616,,,,C:\Windows\Microsoft.NET\Framework\v4.0.30319\mscorsvw.exe,,,0x8000000000000000,4,,,,,0,,,,,,,{f57bd86a-254b-6584-b608-000000000d00},3400,11688.0,,,,,,DLL,,,,,,,,,,,,,2023-12-21T11:45:16.1145285Z,C:\Windows\assembly\NativeImages_v4.0.30319_32\Temp\2da8-0\Microsoft.Management.Infrastructure.dll,,,,,,11,,4208,NT AUTHORITY\SYSTEM,S-1-5-18,45:16.1,2.0,"<Event xmlns=""http://schemas.microsoft.com/win/2004/08/events/event"">
  <System>
    <Provider Name=""Microsoft-Windows-Sysmon"" Guid=""{5770385f-c22a-43e0-bf4c-06f5698ffbd9}""/>
    <EventID>11</EventID>
    <Version>2</Version>
    <Level>4</Level>
    <Task>11</Task>
    <Opcode>0</Opcode>
    <Keywords>0x8000000000000000</Keywords>
    <TimeCreated SystemTime=""2023-12-21T11:45:16.1145285Z""/>
    <EventRecordID>6616</EventRecordID>
    <Correlation/>
    <Execution ProcessID=""3400"" ThreadID=""4208""/>
    <Channel>Microsoft-Windows-Sysmon/Operational</Channel>
    <Computer>WinDev2309Eval</Computer>
    <Security UserID=""S-1-5-18""/>
  </System>
  <EventData>
    <Data Name=""RuleName"">DLL</Data>
    <Data Name=""UtcTime"">2023-12-21 11:45:16.106</Data>
    <Data Name=""ProcessGuid"">{f57bd86a-254b-6584-b608-000000000d00}</Data>
    <Data Name=""ProcessId"">11688</Data>
    <Data Name=""Image"">C:\Windows\Microsoft.NET\Framework\v4.0.30319\mscorsvw.exe</Data>
    <Data Name=""TargetFilename"">C:\Windows\assembly\NativeImages_v4.0.30319_32\Temp\2da8-0\Microsoft.Management.Infrastructure.dll</Data>
    <Data Name=""CreationUtcTime"">2023-12-21 11:45:16.106</Data>
    <Data Name=""User"">NT AUTHORITY\SYSTEM</Data>
  </EventData>
</Event>
"
Microsoft-Windows-Sysmon/Operational,,,WinDev2309Eval,45:15.7,,,,,,,,,11,6615,,,,C:\Windows\Microsoft.NET\Framework\v4.0.30319\mscorsvw.exe,,,0x8000000000000000,4,,,,,0,,,,,,,{f57bd86a-254b-6584-b408-000000000d00},3400,9744.0,,,,,,DLL,,,,,,,,,,,,,2023-12-21T11:45:15.7200265Z,C:\Windows\assembly\NativeImages_v4.0.30319_32\Temp\2610-0\Microsoft.Isam.Esent.Interop.Wsa.dll,,,,,,11,,4208,NT AUTHORITY\SYSTEM,S-1-5-18,45:15.7,2.0,"<Event xmlns=""http://schemas.microsoft.com/win/2004/08/events/event"">
  <System>
    <Provider Name=""Microsoft-Windows-Sysmon"" Guid=""{5770385f-c22a-43e0-bf4c-06f5698ffbd9}""/>
    <EventID>11</EventID>
    <Version>2</Version>
    <Level>4</Level>
    <Task>11</Task>
    <Opcode>0</Opcode>
    <Keywords>0x8000000000000000</Keywords>
    <TimeCreated SystemTime=""2023-12-21T11:45:15.7200265Z""/>
    <EventRecordID>6615</EventRecordID>
    <Correlation/>
    <Execution ProcessID=""3400"" ThreadID=""4208""/>
    <Channel>Microsoft-Windows-Sysmon/Operational</Channel>
    <Computer>WinDev2309Eval</Computer>
    <Security UserID=""S-1-5-18""/>
  </System>
  <EventData>
    <Data Name=""RuleName"">DLL</Data>
    <Data Name=""UtcTime"">2023-12-21 11:45:15.715</Data>
    <Data Name=""ProcessGuid"">{f57bd86a-254b-6584-b408-000000000d00}</Data>
    <Data Name=""ProcessId"">9744</Data>
    <Data Name=""Image"">C:\Windows\Microsoft.NET\Framework\v4.0.30319\mscorsvw.exe</Data>
    <Data Name=""TargetFilename"">C:\Windows\assembly\NativeImages_v4.0.30319_32\Temp\2610-0\Microsoft.Isam.Esent.Interop.Wsa.dll</Data>
    <Data Name=""CreationUtcTime"">2023-12-21 11:45:15.715</Data>
    <Data Name=""User"">NT AUTHORITY\SYSTEM</Data>
  </EventData>
</Event>
"
Microsoft-Windows-Sysmon/Operational,,,WinDev2309Eval,45:15.1,,,,,,,,,11,6614,,,,C:\Windows\Microsoft.NET\Framework\v4.0.30319\mscorsvw.exe,,,0x8000000000000000,4,,,,,0,,,,,,,{f57bd86a-254a-6584-b208-000000000d00},3400,3448.0,,,,,,DLL,,,,,,,,,,,,,2023-12-21T11:45:15.1457446Z,C:\Windows\assembly\NativeImages_v4.0.30319_32\Temp\d78-0\Microsoft.Isam.Esent.Interop.dll,,,,,,11,,4208,NT AUTHORITY\SYSTEM,S-1-5-18,45:15.1,2.0,"<Event xmlns=""http://schemas.microsoft.com/win/2004/08/events/event"">
  <System>
    <Provider Name=""Microsoft-Windows-Sysmon"" Guid=""{5770385f-c22a-43e0-bf4c-06f5698ffbd9}""/>
    <EventID>11</EventID>
    <Version>2</Version>
    <Level>4</Level>
    <Task>11</Task>
    <Opcode>0</Opcode>
    <Keywords>0x8000000000000000</Keywords>
    <TimeCreated SystemTime=""2023-12-21T11:45:15.1457446Z""/>
    <EventRecordID>6614</EventRecordID>
    <Correlation/>
    <Execution ProcessID=""3400"" ThreadID=""4208""/>
    <Channel>Microsoft-Windows-Sysmon/Operational</Channel>
    <Computer>WinDev2309Eval</Computer>
    <Security UserID=""S-1-5-18""/>
  </System>
  <EventData>
    <Data Name=""RuleName"">DLL</Data>
    <Data Name=""UtcTime"">2023-12-21 11:45:15.135</Data>
    <Data Name=""ProcessGuid"">{f57bd86a-254a-6584-b208-000000000d00}</Data>
    <Data Name=""ProcessId"">3448</Data>
    <Data Name=""Image"">C:\Windows\Microsoft.NET\Framework\v4.0.30319\mscorsvw.exe</Data>
    <Data Name=""TargetFilename"">C:\Windows\assembly\NativeImages_v4.0.30319_32\Temp\d78-0\Microsoft.Isam.Esent.Interop.dll</Data>
    <Data Name=""CreationUtcTime"">2023-12-21 11:45:15.135</Data>
    <Data Name=""User"">NT AUTHORITY\SYSTEM</Data>
  </EventData>
</Event>
"
Microsoft-Windows-Sysmon/Operational,,,WinDev2309Eval,45:14.6,,,,,,,,,11,6613,,,,C:\Windows\Microsoft.NET\Framework\v4.0.30319\mscorsvw.exe,,,0x8000000000000000,4,,,,,0,,,,,,,{f57bd86a-254a-6584-b008-000000000d00},3400,11548.0,,,,,,DLL,,,,,,,,,,,,,2023-12-21T11:45:14.5761291Z,C:\Windows\assembly\NativeImages_v4.0.30319_32\Temp\2d1c-0\Microsoft.Dtc.PowerShell.dll,,,,,,11,,4208,NT AUTHORITY\SYSTEM,S-1-5-18,45:14.6,2.0,"<Event xmlns=""http://schemas.microsoft.com/win/2004/08/events/event"">
  <System>
    <Provider Name=""Microsoft-Windows-Sysmon"" Guid=""{5770385f-c22a-43e0-bf4c-06f5698ffbd9}""/>
    <EventID>11</EventID>
    <Version>2</Version>
    <Level>4</Level>
    <Task>11</Task>
    <Opcode>0</Opcode>
    <Keywords>0x8000000000000000</Keywords>
    <TimeCreated SystemTime=""2023-12-21T11:45:14.5761291Z""/>
    <EventRecordID>6613</EventRecordID>
    <Correlation/>
    <Execution ProcessID=""3400"" ThreadID=""4208""/>
    <Channel>Microsoft-Windows-Sysmon/Operational</Channel>
    <Computer>WinDev2309Eval</Computer>
    <Security UserID=""S-1-5-18""/>
  </System>
  <EventData>
    <Data Name=""RuleName"">DLL</Data>
    <Data Name=""UtcTime"">2023-12-21 11:45:14.572</Data>
    <Data Name=""ProcessGuid"">{f57bd86a-254a-6584-b008-000000000d00}</Data>
    <Data Name=""ProcessId"">11548</Data>
    <Data Name=""Image"">C:\Windows\Microsoft.NET\Framework\v4.0.30319\mscorsvw.exe</Data>
    <Data Name=""TargetFilename"">C:\Windows\assembly\NativeImages_v4.0.30319_32\Temp\2d1c-0\Microsoft.Dtc.PowerShell.dll</Data>
    <Data Name=""CreationUtcTime"">2023-12-21 11:45:14.572</Data>
    <Data Name=""User"">NT AUTHORITY\SYSTEM</Data>
  </EventData>
</Event>
"
Microsoft-Windows-Sysmon/Operational,,,WinDev2309Eval,45:14.2,,,,,,,,,11,6612,,,,C:\Windows\Microsoft.NET\Framework\v4.0.30319\mscorsvw.exe,,,0x8000000000000000,4,,,,,0,,,,,,,{f57bd86a-254a-6584-ae08-000000000d00},3400,11500.0,,,,,,DLL,,,,,,,,,,,,,2023-12-21T11:45:14.2086575Z,C:\Windows\assembly\NativeImages_v4.0.30319_32\Temp\2cec-0\Microsoft.ApplicationId.RuleWizard.dll,,,,,,11,,4208,NT AUTHORITY\SYSTEM,S-1-5-18,45:14.2,2.0,"<Event xmlns=""http://schemas.microsoft.com/win/2004/08/events/event"">
  <System>
    <Provider Name=""Microsoft-Windows-Sysmon"" Guid=""{5770385f-c22a-43e0-bf4c-06f5698ffbd9}""/>
    <EventID>11</EventID>
    <Version>2</Version>
    <Level>4</Level>
    <Task>11</Task>
    <Opcode>0</Opcode>
    <Keywords>0x8000000000000000</Keywords>
    <TimeCreated SystemTime=""2023-12-21T11:45:14.2086575Z""/>
    <EventRecordID>6612</EventRecordID>
    <Correlation/>
    <Execution ProcessID=""3400"" ThreadID=""4208""/>
    <Channel>Microsoft-Windows-Sysmon/Operational</Channel>
    <Computer>WinDev2309Eval</Computer>
    <Security UserID=""S-1-5-18""/>
  </System>
  <EventData>
    <Data Name=""RuleName"">DLL</Data>
    <Data Name=""UtcTime"">2023-12-21 11:45:14.197</Data>
    <Data Name=""ProcessGuid"">{f57bd86a-254a-6584-ae08-000000000d00}</Data>
    <Data Name=""ProcessId"">11500</Data>
    <Data Name=""Image"">C:\Windows\Microsoft.NET\Framework\v4.0.30319\mscorsvw.exe</Data>
    <Data Name=""TargetFilename"">C:\Windows\assembly\NativeImages_v4.0.30319_32\Temp\2cec-0\Microsoft.ApplicationId.RuleWizard.dll</Data>
    <Data Name=""CreationUtcTime"">2023-12-21 11:45:14.197</Data>
    <Data Name=""User"">NT AUTHORITY\SYSTEM</Data>
  </EventData>
</Event>
"
Microsoft-Windows-Sysmon/Operational,,,WinDev2309Eval,45:13.9,,,,,,,,,11,6611,,,,C:\Windows\Microsoft.NET\Framework\v4.0.30319\mscorsvw.exe,,,0x8000000000000000,4,,,,,0,,,,,,,{f57bd86a-2549-6584-ac08-000000000d00},3400,11896.0,,,,,,DLL,,,,,,,,,,,,,2023-12-21T11:45:13.8603385Z,C:\Windows\assembly\NativeImages_v4.0.30319_32\Temp\2e78-0\Microsoft.ApplicationId.Framework.dll,,,,,,11,,4208,NT AUTHORITY\SYSTEM,S-1-5-18,45:13.9,2.0,"<Event xmlns=""http://schemas.microsoft.com/win/2004/08/events/event"">
  <System>
    <Provider Name=""Microsoft-Windows-Sysmon"" Guid=""{5770385f-c22a-43e0-bf4c-06f5698ffbd9}""/>
    <EventID>11</EventID>
    <Version>2</Version>
    <Level>4</Level>
    <Task>11</Task>
    <Opcode>0</Opcode>
    <Keywords>0x8000000000000000</Keywords>
    <TimeCreated SystemTime=""2023-12-21T11:45:13.8603385Z""/>
    <EventRecordID>6611</EventRecordID>
    <Correlation/>
    <Execution ProcessID=""3400"" ThreadID=""4208""/>
    <Channel>Microsoft-Windows-Sysmon/Operational</Channel>
    <Computer>WinDev2309Eval</Computer>
    <Security UserID=""S-1-5-18""/>
  </System>
  <EventData>
    <Data Name=""RuleName"">DLL</Data>
    <Data Name=""UtcTime"">2023-12-21 11:45:13.853</Data>
    <Data Name=""ProcessGuid"">{f57bd86a-2549-6584-ac08-000000000d00}</Data>
    <Data Name=""ProcessId"">11896</Data>
    <Data Name=""Image"">C:\Windows\Microsoft.NET\Framework\v4.0.30319\mscorsvw.exe</Data>
    <Data Name=""TargetFilename"">C:\Windows\assembly\NativeImages_v4.0.30319_32\Temp\2e78-0\Microsoft.ApplicationId.Framework.dll</Data>
    <Data Name=""CreationUtcTime"">2023-12-21 11:45:13.853</Data>
    <Data Name=""User"">NT AUTHORITY\SYSTEM</Data>
  </EventData>
</Event>
"
Microsoft-Windows-Sysmon/Operational,,,WinDev2309Eval,45:13.5,,,,,,,,,11,6610,,,,C:\Windows\Microsoft.NET\Framework\v4.0.30319\mscorsvw.exe,,,0x8000000000000000,4,,,,,0,,,,,,,{f57bd86a-2549-6584-aa08-000000000d00},3400,11964.0,,,,,,DLL,,,,,,,,,,,,,2023-12-21T11:45:13.5405362Z,C:\Windows\assembly\NativeImages_v4.0.30319_32\Temp\2ebc-0\EventViewer.dll,,,,,,11,,4208,NT AUTHORITY\SYSTEM,S-1-5-18,45:13.5,2.0,"<Event xmlns=""http://schemas.microsoft.com/win/2004/08/events/event"">
  <System>
    <Provider Name=""Microsoft-Windows-Sysmon"" Guid=""{5770385f-c22a-43e0-bf4c-06f5698ffbd9}""/>
    <EventID>11</EventID>
    <Version>2</Version>
    <Level>4</Level>
    <Task>11</Task>
    <Opcode>0</Opcode>
    <Keywords>0x8000000000000000</Keywords>
    <TimeCreated SystemTime=""2023-12-21T11:45:13.5405362Z""/>
    <EventRecordID>6610</EventRecordID>
    <Correlation/>
    <Execution ProcessID=""3400"" ThreadID=""4208""/>
    <Channel>Microsoft-Windows-Sysmon/Operational</Channel>
    <Computer>WinDev2309Eval</Computer>
    <Security UserID=""S-1-5-18""/>
  </System>
  <EventData>
    <Data Name=""RuleName"">DLL</Data>
    <Data Name=""UtcTime"">2023-12-21 11:45:13.525</Data>
    <Data Name=""ProcessGuid"">{f57bd86a-2549-6584-aa08-000000000d00}</Data>
    <Data Name=""ProcessId"">11964</Data>
    <Data Name=""Image"">C:\Windows\Microsoft.NET\Framework\v4.0.30319\mscorsvw.exe</Data>
    <Data Name=""TargetFilename"">C:\Windows\assembly\NativeImages_v4.0.30319_32\Temp\2ebc-0\EventViewer.dll</Data>
    <Data Name=""CreationUtcTime"">2023-12-21 11:45:13.525</Data>
    <Data Name=""User"">NT AUTHORITY\SYSTEM</Data>
  </EventData>
</Event>
"
Microsoft-Windows-Sysmon/Operational,,,WinDev2309Eval,45:06.1,,,,,,,,,11,6609,,,,C:\Windows\Microsoft.NET\Framework\v4.0.30319\mscorsvw.exe,,,0x8000000000000000,4,,,,,0,,,,,,,{f57bd86a-2542-6584-6e08-000000000d00},3400,9740.0,,,,,,DLL,,,,,,,,,,,,,2023-12-21T11:45:06.1366571Z,C:\Windows\assembly\NativeImages_v4.0.30319_32\Temp\260c-0\Microsoft.NET.StringTools.net35.dll,,,,,,11,,4208,NT AUTHORITY\SYSTEM,S-1-5-18,45:06.1,2.0,"<Event xmlns=""http://schemas.microsoft.com/win/2004/08/events/event"">
  <System>
    <Provider Name=""Microsoft-Windows-Sysmon"" Guid=""{5770385f-c22a-43e0-bf4c-06f5698ffbd9}""/>
    <EventID>11</EventID>
    <Version>2</Version>
    <Level>4</Level>
    <Task>11</Task>
    <Opcode>0</Opcode>
    <Keywords>0x8000000000000000</Keywords>
    <TimeCreated SystemTime=""2023-12-21T11:45:06.1366571Z""/>
    <EventRecordID>6609</EventRecordID>
    <Correlation/>
    <Execution ProcessID=""3400"" ThreadID=""4208""/>
    <Channel>Microsoft-Windows-Sysmon/Operational</Channel>
    <Computer>WinDev2309Eval</Computer>
    <Security UserID=""S-1-5-18""/>
  </System>
  <EventData>
    <Data Name=""RuleName"">DLL</Data>
    <Data Name=""UtcTime"">2023-12-21 11:45:06.136</Data>
    <Data Name=""ProcessGuid"">{f57bd86a-2542-6584-6e08-000000000d00}</Data>
    <Data Name=""ProcessId"">9740</Data>
    <Data Name=""Image"">C:\Windows\Microsoft.NET\Framework\v4.0.30319\mscorsvw.exe</Data>
    <Data Name=""TargetFilename"">C:\Windows\assembly\NativeImages_v4.0.30319_32\Temp\260c-0\Microsoft.NET.StringTools.net35.dll</Data>
    <Data Name=""CreationUtcTime"">2023-12-21 11:45:06.120</Data>
    <Data Name=""User"">NT AUTHORITY\SYSTEM</Data>
  </EventData>
</Event>
"
Microsoft-Windows-Sysmon/Operational,,,WinDev2309Eval,45:05.9,,,,,,,,,11,6608,,,,C:\Windows\Microsoft.NET\Framework\v4.0.30319\mscorsvw.exe,,,0x8000000000000000,4,,,,,0,,,,,,,{f57bd86a-2541-6584-6c08-000000000d00},3400,10900.0,,,,,,DLL,,,,,,,,,,,,,2023-12-21T11:45:05.9360837Z,C:\Windows\assembly\NativeImages_v4.0.30319_32\Temp\2a94-0\Microsoft.NET.StringTools.dll,,,,,,11,,4208,NT AUTHORITY\SYSTEM,S-1-5-18,45:05.9,2.0,"<Event xmlns=""http://schemas.microsoft.com/win/2004/08/events/event"">
  <System>
    <Provider Name=""Microsoft-Windows-Sysmon"" Guid=""{5770385f-c22a-43e0-bf4c-06f5698ffbd9}""/>
    <EventID>11</EventID>
    <Version>2</Version>
    <Level>4</Level>
    <Task>11</Task>
    <Opcode>0</Opcode>
    <Keywords>0x8000000000000000</Keywords>
    <TimeCreated SystemTime=""2023-12-21T11:45:05.9360837Z""/>
    <EventRecordID>6608</EventRecordID>
    <Correlation/>
    <Execution ProcessID=""3400"" ThreadID=""4208""/>
    <Channel>Microsoft-Windows-Sysmon/Operational</Channel>
    <Computer>WinDev2309Eval</Computer>
    <Security UserID=""S-1-5-18""/>
  </System>
  <EventData>
    <Data Name=""RuleName"">DLL</Data>
    <Data Name=""UtcTime"">2023-12-21 11:45:05.931</Data>
    <Data Name=""ProcessGuid"">{f57bd86a-2541-6584-6c08-000000000d00}</Data>
    <Data Name=""ProcessId"">10900</Data>
    <Data Name=""Image"">C:\Windows\Microsoft.NET\Framework\v4.0.30319\mscorsvw.exe</Data>
    <Data Name=""TargetFilename"">C:\Windows\assembly\NativeImages_v4.0.30319_32\Temp\2a94-0\Microsoft.NET.StringTools.dll</Data>
    <Data Name=""CreationUtcTime"">2023-12-21 11:45:05.931</Data>
    <Data Name=""User"">NT AUTHORITY\SYSTEM</Data>
  </EventData>
</Event>
"
