Channel,CommandLine,Company,Computer,CreationUtcTime,CurrentDirectory,Description,DestinationHostname,DestinationIp,DestinationIsIpv6,DestinationPort,DestinationPortName,Details,EventID,EventRecordID,EventType,FileVersion,Hashes,Image,Initiated,IntegrityLevel,Keywords,Level,LogonGuid,LogonId,Message,NewThreadId,Opcode,OriginalFileName,ParentCommandLine,ParentImage,ParentProcessGuid,ParentProcessId,ParentUser,ProcessGuid,ProcessID,ProcessId,Product,Protocol,QueryName,QueryResults,QueryStatus,RuleName,SourceHostname,SourceImage,SourceIp,SourceIsIpv6,SourcePort,SourcePortName,SourceProcessGuid,SourceProcessId,SourceUser,StartAddress,StartFunction,StartModule,SystemTime,TargetFilename,TargetImage,TargetObject,TargetProcessGuid,TargetProcessId,TargetUser,Task,TerminalSessionId,ThreadID,User,UserID,UtcTime,Version,raw
Microsoft-Windows-Sysmon/Operational,,,WinDev2309Eval,37:22.5,,,,,,,,,11,6343,,,,C:\Windows\Microsoft.NET\Framework\v4.0.30319\mscorsvw.exe,,,0x8000000000000000,4,,,,,0,,,,,,,{f57bd86a-2372-6584-2206-000000000d00},3400,4476.0,,,,,,DLL,,,,,,,,,,,,,2023-12-21T11:37:22.4596186Z,C:\Windows\assembly\NativeImages_v4.0.30319_32\Temp\117c-0\System.Reflection.dll,,,,,,11,,4208,NT AUTHORITY\SYSTEM,S-1-5-18,37:22.5,2.0,"<Event xmlns=""http://schemas.microsoft.com/win/2004/08/events/event"">
  <System>
    <Provider Name=""Microsoft-Windows-Sysmon"" Guid=""{5770385f-c22a-43e0-bf4c-06f5698ffbd9}""/>
    <EventID>11</EventID>
    <Version>2</Version>
    <Level>4</Level>
    <Task>11</Task>
    <Opcode>0</Opcode>
    <Keywords>0x8000000000000000</Keywords>
    <TimeCreated SystemTime=""2023-12-21T11:37:22.4596186Z""/>
    <EventRecordID>6343</EventRecordID>
    <Correlation/>
    <Execution ProcessID=""3400"" ThreadID=""4208""/>
    <Channel>Microsoft-Windows-Sysmon/Operational</Channel>
    <Computer>WinDev2309Eval</Computer>
    <Security UserID=""S-1-5-18""/>
  </System>
  <EventData>
    <Data Name=""RuleName"">DLL</Data>
    <Data Name=""UtcTime"">2023-12-21 11:37:22.453</Data>
    <Data Name=""ProcessGuid"">{f57bd86a-2372-6584-2206-000000000d00}</Data>
    <Data Name=""ProcessId"">4476</Data>
    <Data Name=""Image"">C:\Windows\Microsoft.NET\Framework\v4.0.30319\mscorsvw.exe</Data>
    <Data Name=""TargetFilename"">C:\Windows\assembly\NativeImages_v4.0.30319_32\Temp\117c-0\System.Reflection.dll</Data>
    <Data Name=""CreationUtcTime"">2023-12-21 11:37:22.453</Data>
    <Data Name=""User"">NT AUTHORITY\SYSTEM</Data>
  </EventData>
</Event>
"
Microsoft-Windows-Sysmon/Operational,,,WinDev2309Eval,37:22.4,,,,,,,,,11,6342,,,,C:\Windows\Microsoft.NET\Framework\v4.0.30319\mscorsvw.exe,,,0x8000000000000000,4,,,,,0,,,,,,,{f57bd86a-2372-6584-2106-000000000d00},3400,6936.0,,,,,,DLL,,,,,,,,,,,,,2023-12-21T11:37:22.3897347Z,C:\Windows\assembly\NativeImages_v4.0.30319_32\Temp\1b18-0\System.Runtime.InteropServices.dll,,,,,,11,,4208,NT AUTHORITY\SYSTEM,S-1-5-18,37:22.4,2.0,"<Event xmlns=""http://schemas.microsoft.com/win/2004/08/events/event"">
  <System>
    <Provider Name=""Microsoft-Windows-Sysmon"" Guid=""{5770385f-c22a-43e0-bf4c-06f5698ffbd9}""/>
    <EventID>11</EventID>
    <Version>2</Version>
    <Level>4</Level>
    <Task>11</Task>
    <Opcode>0</Opcode>
    <Keywords>0x8000000000000000</Keywords>
    <TimeCreated SystemTime=""2023-12-21T11:37:22.3897347Z""/>
    <EventRecordID>6342</EventRecordID>
    <Correlation/>
    <Execution ProcessID=""3400"" ThreadID=""4208""/>
    <Channel>Microsoft-Windows-Sysmon/Operational</Channel>
    <Computer>WinDev2309Eval</Computer>
    <Security UserID=""S-1-5-18""/>
  </System>
  <EventData>
    <Data Name=""RuleName"">DLL</Data>
    <Data Name=""UtcTime"">2023-12-21 11:37:22.375</Data>
    <Data Name=""ProcessGuid"">{f57bd86a-2372-6584-2106-000000000d00}</Data>
    <Data Name=""ProcessId"">6936</Data>
    <Data Name=""Image"">C:\Windows\Microsoft.NET\Framework\v4.0.30319\mscorsvw.exe</Data>
    <Data Name=""TargetFilename"">C:\Windows\assembly\NativeImages_v4.0.30319_32\Temp\1b18-0\System.Runtime.InteropServices.dll</Data>
    <Data Name=""CreationUtcTime"">2023-12-21 11:37:22.375</Data>
    <Data Name=""User"">NT AUTHORITY\SYSTEM</Data>
  </EventData>
</Event>
"
Microsoft-Windows-Sysmon/Operational,,,WinDev2309Eval,37:22.3,,,,,,,,,11,6341,,,,C:\Windows\Microsoft.NET\Framework\v4.0.30319\mscorsvw.exe,,,0x8000000000000000,4,,,,,0,,,,,,,{f57bd86a-2372-6584-2006-000000000d00},3400,3516.0,,,,,,DLL,,,,,,,,,,,,,2023-12-21T11:37:22.3174213Z,C:\Windows\assembly\NativeImages_v4.0.30319_32\Temp\dbc-0\System.Collections.dll,,,,,,11,,4208,NT AUTHORITY\SYSTEM,S-1-5-18,37:22.3,2.0,"<Event xmlns=""http://schemas.microsoft.com/win/2004/08/events/event"">
  <System>
    <Provider Name=""Microsoft-Windows-Sysmon"" Guid=""{5770385f-c22a-43e0-bf4c-06f5698ffbd9}""/>
    <EventID>11</EventID>
    <Version>2</Version>
    <Level>4</Level>
    <Task>11</Task>
    <Opcode>0</Opcode>
    <Keywords>0x8000000000000000</Keywords>
    <TimeCreated SystemTime=""2023-12-21T11:37:22.3174213Z""/>
    <EventRecordID>6341</EventRecordID>
    <Correlation/>
    <Execution ProcessID=""3400"" ThreadID=""4208""/>
    <Channel>Microsoft-Windows-Sysmon/Operational</Channel>
    <Computer>WinDev2309Eval</Computer>
    <Security UserID=""S-1-5-18""/>
  </System>
  <EventData>
    <Data Name=""RuleName"">DLL</Data>
    <Data Name=""UtcTime"">2023-12-21 11:37:22.312</Data>
    <Data Name=""ProcessGuid"">{f57bd86a-2372-6584-2006-000000000d00}</Data>
    <Data Name=""ProcessId"">3516</Data>
    <Data Name=""Image"">C:\Windows\Microsoft.NET\Framework\v4.0.30319\mscorsvw.exe</Data>
    <Data Name=""TargetFilename"">C:\Windows\assembly\NativeImages_v4.0.30319_32\Temp\dbc-0\System.Collections.dll</Data>
    <Data Name=""CreationUtcTime"">2023-12-21 11:37:22.312</Data>
    <Data Name=""User"">NT AUTHORITY\SYSTEM</Data>
  </EventData>
</Event>
"
Microsoft-Windows-Sysmon/Operational,,,WinDev2309Eval,37:22.2,,,,,,,,,11,6340,,,,C:\Windows\Microsoft.NET\Framework\v4.0.30319\mscorsvw.exe,,,0x8000000000000000,4,,,,,0,,,,,,,{f57bd86a-2371-6584-1f06-000000000d00},3400,2976.0,,,,,,DLL,,,,,,,,,,,,,2023-12-21T11:37:22.2315745Z,C:\Windows\assembly\NativeImages_v4.0.30319_32\Temp\ba0-0\System.ComponentModel.Composition.dll,,,,,,11,,4208,NT AUTHORITY\SYSTEM,S-1-5-18,37:22.2,2.0,"<Event xmlns=""http://schemas.microsoft.com/win/2004/08/events/event"">
  <System>
    <Provider Name=""Microsoft-Windows-Sysmon"" Guid=""{5770385f-c22a-43e0-bf4c-06f5698ffbd9}""/>
    <EventID>11</EventID>
    <Version>2</Version>
    <Level>4</Level>
    <Task>11</Task>
    <Opcode>0</Opcode>
    <Keywords>0x8000000000000000</Keywords>
    <TimeCreated SystemTime=""2023-12-21T11:37:22.2315745Z""/>
    <EventRecordID>6340</EventRecordID>
    <Correlation/>
    <Execution ProcessID=""3400"" ThreadID=""4208""/>
    <Channel>Microsoft-Windows-Sysmon/Operational</Channel>
    <Computer>WinDev2309Eval</Computer>
    <Security UserID=""S-1-5-18""/>
  </System>
  <EventData>
    <Data Name=""RuleName"">DLL</Data>
    <Data Name=""UtcTime"">2023-12-21 11:37:22.219</Data>
    <Data Name=""ProcessGuid"">{f57bd86a-2371-6584-1f06-000000000d00}</Data>
    <Data Name=""ProcessId"">2976</Data>
    <Data Name=""Image"">C:\Windows\Microsoft.NET\Framework\v4.0.30319\mscorsvw.exe</Data>
    <Data Name=""TargetFilename"">C:\Windows\assembly\NativeImages_v4.0.30319_32\Temp\ba0-0\System.ComponentModel.Composition.dll</Data>
    <Data Name=""CreationUtcTime"">2023-12-21 11:37:22.219</Data>
    <Data Name=""User"">NT AUTHORITY\SYSTEM</Data>
  </EventData>
</Event>
"
Microsoft-Windows-Sysmon/Operational,,,WinDev2309Eval,37:21.7,,,,,,,,,11,6339,,,,C:\Windows\Microsoft.NET\Framework\v4.0.30319\mscorsvw.exe,,,0x8000000000000000,4,,,,,0,,,,,,,{f57bd86a-2371-6584-1e06-000000000d00},3400,3548.0,,,,,,DLL,,,,,,,,,,,,,2023-12-21T11:37:21.6977236Z,C:\Windows\assembly\NativeImages_v4.0.30319_32\Temp\ddc-0\System.Runtime.dll,,,,,,11,,4208,NT AUTHORITY\SYSTEM,S-1-5-18,37:21.7,2.0,"<Event xmlns=""http://schemas.microsoft.com/win/2004/08/events/event"">
  <System>
    <Provider Name=""Microsoft-Windows-Sysmon"" Guid=""{5770385f-c22a-43e0-bf4c-06f5698ffbd9}""/>
    <EventID>11</EventID>
    <Version>2</Version>
    <Level>4</Level>
    <Task>11</Task>
    <Opcode>0</Opcode>
    <Keywords>0x8000000000000000</Keywords>
    <TimeCreated SystemTime=""2023-12-21T11:37:21.6977236Z""/>
    <EventRecordID>6339</EventRecordID>
    <Correlation/>
    <Execution ProcessID=""3400"" ThreadID=""4208""/>
    <Channel>Microsoft-Windows-Sysmon/Operational</Channel>
    <Computer>WinDev2309Eval</Computer>
    <Security UserID=""S-1-5-18""/>
  </System>
  <EventData>
    <Data Name=""RuleName"">DLL</Data>
    <Data Name=""UtcTime"">2023-12-21 11:37:21.687</Data>
    <Data Name=""ProcessGuid"">{f57bd86a-2371-6584-1e06-000000000d00}</Data>
    <Data Name=""ProcessId"">3548</Data>
    <Data Name=""Image"">C:\Windows\Microsoft.NET\Framework\v4.0.30319\mscorsvw.exe</Data>
    <Data Name=""TargetFilename"">C:\Windows\assembly\NativeImages_v4.0.30319_32\Temp\ddc-0\System.Runtime.dll</Data>
    <Data Name=""CreationUtcTime"">2023-12-21 11:37:21.687</Data>
    <Data Name=""User"">NT AUTHORITY\SYSTEM</Data>
  </EventData>
</Event>
"
Microsoft-Windows-Sysmon/Operational,,,WinDev2309Eval,37:21.6,,,,,,,,,11,6338,,,,C:\Windows\Microsoft.NET\Framework\v4.0.30319\mscorsvw.exe,,,0x8000000000000000,4,,,,,0,,,,,,,{f57bd86a-2371-6584-1d06-000000000d00},3400,2896.0,,,,,,DLL,,,,,,,,,,,,,2023-12-21T11:37:21.6109551Z,C:\Windows\assembly\NativeImages_v4.0.30319_32\Temp\b50-0\Microsoft.Diagnostics.Tracing.EventSource.dll,,,,,,11,,4208,NT AUTHORITY\SYSTEM,S-1-5-18,37:21.6,2.0,"<Event xmlns=""http://schemas.microsoft.com/win/2004/08/events/event"">
  <System>
    <Provider Name=""Microsoft-Windows-Sysmon"" Guid=""{5770385f-c22a-43e0-bf4c-06f5698ffbd9}""/>
    <EventID>11</EventID>
    <Version>2</Version>
    <Level>4</Level>
    <Task>11</Task>
    <Opcode>0</Opcode>
    <Keywords>0x8000000000000000</Keywords>
    <TimeCreated SystemTime=""2023-12-21T11:37:21.6109551Z""/>
    <EventRecordID>6338</EventRecordID>
    <Correlation/>
    <Execution ProcessID=""3400"" ThreadID=""4208""/>
    <Channel>Microsoft-Windows-Sysmon/Operational</Channel>
    <Computer>WinDev2309Eval</Computer>
    <Security UserID=""S-1-5-18""/>
  </System>
  <EventData>
    <Data Name=""RuleName"">DLL</Data>
    <Data Name=""UtcTime"">2023-12-21 11:37:21.609</Data>
    <Data Name=""ProcessGuid"">{f57bd86a-2371-6584-1d06-000000000d00}</Data>
    <Data Name=""ProcessId"">2896</Data>
    <Data Name=""Image"">C:\Windows\Microsoft.NET\Framework\v4.0.30319\mscorsvw.exe</Data>
    <Data Name=""TargetFilename"">C:\Windows\assembly\NativeImages_v4.0.30319_32\Temp\b50-0\Microsoft.Diagnostics.Tracing.EventSource.dll</Data>
    <Data Name=""CreationUtcTime"">2023-12-21 11:37:21.609</Data>
    <Data Name=""User"">NT AUTHORITY\SYSTEM</Data>
  </EventData>
</Event>
"
Microsoft-Windows-Sysmon/Operational,,,WinDev2309Eval,37:21.1,,,,,,,,,11,6337,,,,C:\Windows\Microsoft.NET\Framework\v4.0.30319\mscorsvw.exe,,,0x8000000000000000,4,,,,,0,,,,,,,{f57bd86a-2370-6584-1c06-000000000d00},3400,6148.0,,,,,,DLL,,,,,,,,,,,,,2023-12-21T11:37:21.1326518Z,C:\Windows\assembly\NativeImages_v4.0.30319_32\Temp\1804-0\System.Numerics.dll,,,,,,11,,4208,NT AUTHORITY\SYSTEM,S-1-5-18,37:21.1,2.0,"<Event xmlns=""http://schemas.microsoft.com/win/2004/08/events/event"">
  <System>
    <Provider Name=""Microsoft-Windows-Sysmon"" Guid=""{5770385f-c22a-43e0-bf4c-06f5698ffbd9}""/>
    <EventID>11</EventID>
    <Version>2</Version>
    <Level>4</Level>
    <Task>11</Task>
    <Opcode>0</Opcode>
    <Keywords>0x8000000000000000</Keywords>
    <TimeCreated SystemTime=""2023-12-21T11:37:21.1326518Z""/>
    <EventRecordID>6337</EventRecordID>
    <Correlation/>
    <Execution ProcessID=""3400"" ThreadID=""4208""/>
    <Channel>Microsoft-Windows-Sysmon/Operational</Channel>
    <Computer>WinDev2309Eval</Computer>
    <Security UserID=""S-1-5-18""/>
  </System>
  <EventData>
    <Data Name=""RuleName"">DLL</Data>
    <Data Name=""UtcTime"">2023-12-21 11:37:21.125</Data>
    <Data Name=""ProcessGuid"">{f57bd86a-2370-6584-1c06-000000000d00}</Data>
    <Data Name=""ProcessId"">6148</Data>
    <Data Name=""Image"">C:\Windows\Microsoft.NET\Framework\v4.0.30319\mscorsvw.exe</Data>
    <Data Name=""TargetFilename"">C:\Windows\assembly\NativeImages_v4.0.30319_32\Temp\1804-0\System.Numerics.dll</Data>
    <Data Name=""CreationUtcTime"">2023-12-21 11:37:21.125</Data>
    <Data Name=""User"">NT AUTHORITY\SYSTEM</Data>
  </EventData>
</Event>
"
Microsoft-Windows-Sysmon/Operational,,,WinDev2309Eval,37:20.9,,,,,,,,,11,6336,,,,C:\Windows\Microsoft.NET\Framework\v4.0.30319\mscorsvw.exe,,,0x8000000000000000,4,,,,,0,,,,,,,{f57bd86a-2370-6584-1b06-000000000d00},3400,6748.0,,,,,,DLL,,,,,,,,,,,,,2023-12-21T11:37:20.8704271Z,C:\Windows\assembly\NativeImages_v4.0.30319_32\Temp\1a5c-0\System.Security.dll,,,,,,11,,4208,NT AUTHORITY\SYSTEM,S-1-5-18,37:20.9,2.0,"<Event xmlns=""http://schemas.microsoft.com/win/2004/08/events/event"">
  <System>
    <Provider Name=""Microsoft-Windows-Sysmon"" Guid=""{5770385f-c22a-43e0-bf4c-06f5698ffbd9}""/>
    <EventID>11</EventID>
    <Version>2</Version>
    <Level>4</Level>
    <Task>11</Task>
    <Opcode>0</Opcode>
    <Keywords>0x8000000000000000</Keywords>
    <TimeCreated SystemTime=""2023-12-21T11:37:20.8704271Z""/>
    <EventRecordID>6336</EventRecordID>
    <Correlation/>
    <Execution ProcessID=""3400"" ThreadID=""4208""/>
    <Channel>Microsoft-Windows-Sysmon/Operational</Channel>
    <Computer>WinDev2309Eval</Computer>
    <Security UserID=""S-1-5-18""/>
  </System>
  <EventData>
    <Data Name=""RuleName"">DLL</Data>
    <Data Name=""UtcTime"">2023-12-21 11:37:20.859</Data>
    <Data Name=""ProcessGuid"">{f57bd86a-2370-6584-1b06-000000000d00}</Data>
    <Data Name=""ProcessId"">6748</Data>
    <Data Name=""Image"">C:\Windows\Microsoft.NET\Framework\v4.0.30319\mscorsvw.exe</Data>
    <Data Name=""TargetFilename"">C:\Windows\assembly\NativeImages_v4.0.30319_32\Temp\1a5c-0\System.Security.dll</Data>
    <Data Name=""CreationUtcTime"">2023-12-21 11:37:20.859</Data>
    <Data Name=""User"">NT AUTHORITY\SYSTEM</Data>
  </EventData>
</Event>
"
Microsoft-Windows-Sysmon/Operational,,,WinDev2309Eval,37:20.5,,,,,,,,,11,6335,,,,C:\Windows\Microsoft.NET\Framework\v4.0.30319\mscorsvw.exe,,,0x8000000000000000,4,,,,,0,,,,,,,{f57bd86a-236f-6584-1a06-000000000d00},3400,2960.0,,,,,,DLL,,,,,,,,,,,,,2023-12-21T11:37:20.4738793Z,C:\Windows\assembly\NativeImages_v4.0.30319_32\Temp\b90-0\System.Data.SqlXml.dll,,,,,,11,,4208,NT AUTHORITY\SYSTEM,S-1-5-18,37:20.5,2.0,"<Event xmlns=""http://schemas.microsoft.com/win/2004/08/events/event"">
  <System>
    <Provider Name=""Microsoft-Windows-Sysmon"" Guid=""{5770385f-c22a-43e0-bf4c-06f5698ffbd9}""/>
    <EventID>11</EventID>
    <Version>2</Version>
    <Level>4</Level>
    <Task>11</Task>
    <Opcode>0</Opcode>
    <Keywords>0x8000000000000000</Keywords>
    <TimeCreated SystemTime=""2023-12-21T11:37:20.4738793Z""/>
    <EventRecordID>6335</EventRecordID>
    <Correlation/>
    <Execution ProcessID=""3400"" ThreadID=""4208""/>
    <Channel>Microsoft-Windows-Sysmon/Operational</Channel>
    <Computer>WinDev2309Eval</Computer>
    <Security UserID=""S-1-5-18""/>
  </System>
  <EventData>
    <Data Name=""RuleName"">DLL</Data>
    <Data Name=""UtcTime"">2023-12-21 11:37:20.469</Data>
    <Data Name=""ProcessGuid"">{f57bd86a-236f-6584-1a06-000000000d00}</Data>
    <Data Name=""ProcessId"">2960</Data>
    <Data Name=""Image"">C:\Windows\Microsoft.NET\Framework\v4.0.30319\mscorsvw.exe</Data>
    <Data Name=""TargetFilename"">C:\Windows\assembly\NativeImages_v4.0.30319_32\Temp\b90-0\System.Data.SqlXml.dll</Data>
    <Data Name=""CreationUtcTime"">2023-12-21 11:37:20.469</Data>
    <Data Name=""User"">NT AUTHORITY\SYSTEM</Data>
  </EventData>
</Event>
"
Microsoft-Windows-Sysmon/Operational,,,WinDev2309Eval,37:19.4,,,,,,,,,11,6334,,,,C:\Windows\Microsoft.NET\Framework\v4.0.30319\mscorsvw.exe,,,0x8000000000000000,4,,,,,0,,,,,,,{f57bd86a-236f-6584-1906-000000000d00},3400,2668.0,,,,,,DLL,,,,,,,,,,,,,2023-12-21T11:37:19.4290059Z,C:\Windows\assembly\NativeImages_v4.0.30319_32\Temp\a6c-0\Microsoft.VisualStudio.Utilities.Internal.dll,,,,,,11,,4208,NT AUTHORITY\SYSTEM,S-1-5-18,37:19.4,2.0,"<Event xmlns=""http://schemas.microsoft.com/win/2004/08/events/event"">
  <System>
    <Provider Name=""Microsoft-Windows-Sysmon"" Guid=""{5770385f-c22a-43e0-bf4c-06f5698ffbd9}""/>
    <EventID>11</EventID>
    <Version>2</Version>
    <Level>4</Level>
    <Task>11</Task>
    <Opcode>0</Opcode>
    <Keywords>0x8000000000000000</Keywords>
    <TimeCreated SystemTime=""2023-12-21T11:37:19.4290059Z""/>
    <EventRecordID>6334</EventRecordID>
    <Correlation/>
    <Execution ProcessID=""3400"" ThreadID=""4208""/>
    <Channel>Microsoft-Windows-Sysmon/Operational</Channel>
    <Computer>WinDev2309Eval</Computer>
    <Security UserID=""S-1-5-18""/>
  </System>
  <EventData>
    <Data Name=""RuleName"">DLL</Data>
    <Data Name=""UtcTime"">2023-12-21 11:37:19.420</Data>
    <Data Name=""ProcessGuid"">{f57bd86a-236f-6584-1906-000000000d00}</Data>
    <Data Name=""ProcessId"">2668</Data>
    <Data Name=""Image"">C:\Windows\Microsoft.NET\Framework\v4.0.30319\mscorsvw.exe</Data>
    <Data Name=""TargetFilename"">C:\Windows\assembly\NativeImages_v4.0.30319_32\Temp\a6c-0\Microsoft.VisualStudio.Utilities.Internal.dll</Data>
    <Data Name=""CreationUtcTime"">2023-12-21 11:37:19.420</Data>
    <Data Name=""User"">NT AUTHORITY\SYSTEM</Data>
  </EventData>
</Event>
"
Microsoft-Windows-Sysmon/Operational,,,WinDev2309Eval,37:19.3,,,,,,,,,11,6333,,,,C:\Windows\Microsoft.NET\Framework\v4.0.30319\mscorsvw.exe,,,0x8000000000000000,4,,,,,0,,,,,,,{f57bd86a-236e-6584-1806-000000000d00},3400,9448.0,,,,,,DLL,,,,,,,,,,,,,2023-12-21T11:37:19.3146337Z,C:\Windows\assembly\NativeImages_v4.0.30319_32\Temp\24e8-0\Microsoft.VisualStudio.Telemetry.dll,,,,,,11,,4208,NT AUTHORITY\SYSTEM,S-1-5-18,37:19.3,2.0,"<Event xmlns=""http://schemas.microsoft.com/win/2004/08/events/event"">
  <System>
    <Provider Name=""Microsoft-Windows-Sysmon"" Guid=""{5770385f-c22a-43e0-bf4c-06f5698ffbd9}""/>
    <EventID>11</EventID>
    <Version>2</Version>
    <Level>4</Level>
    <Task>11</Task>
    <Opcode>0</Opcode>
    <Keywords>0x8000000000000000</Keywords>
    <TimeCreated SystemTime=""2023-12-21T11:37:19.3146337Z""/>
    <EventRecordID>6333</EventRecordID>
    <Correlation/>
    <Execution ProcessID=""3400"" ThreadID=""4208""/>
    <Channel>Microsoft-Windows-Sysmon/Operational</Channel>
    <Computer>WinDev2309Eval</Computer>
    <Security UserID=""S-1-5-18""/>
  </System>
  <EventData>
    <Data Name=""RuleName"">DLL</Data>
    <Data Name=""UtcTime"">2023-12-21 11:37:19.309</Data>
    <Data Name=""ProcessGuid"">{f57bd86a-236e-6584-1806-000000000d00}</Data>
    <Data Name=""ProcessId"">9448</Data>
    <Data Name=""Image"">C:\Windows\Microsoft.NET\Framework\v4.0.30319\mscorsvw.exe</Data>
    <Data Name=""TargetFilename"">C:\Windows\assembly\NativeImages_v4.0.30319_32\Temp\24e8-0\Microsoft.VisualStudio.Telemetry.dll</Data>
    <Data Name=""CreationUtcTime"">2023-12-21 11:37:19.309</Data>
    <Data Name=""User"">NT AUTHORITY\SYSTEM</Data>
  </EventData>
</Event>
"
Microsoft-Windows-Sysmon/Operational,,,WinDev2309Eval,37:18.8,,,,,,,,,11,6332,,,,C:\Windows\Microsoft.NET\Framework\v4.0.30319\mscorsvw.exe,,,0x8000000000000000,4,,,,,0,,,,,,,{f57bd86a-236e-6584-1706-000000000d00},3400,12476.0,,,,,,EXE,,,,,,,,,,,,,2023-12-21T11:37:18.8516272Z,C:\Windows\assembly\NativeImages_v4.0.30319_32\Temp\30bc-0\ilc.exe,,,,,,11,,4208,NT AUTHORITY\SYSTEM,S-1-5-18,37:18.8,2.0,"<Event xmlns=""http://schemas.microsoft.com/win/2004/08/events/event"">
  <System>
    <Provider Name=""Microsoft-Windows-Sysmon"" Guid=""{5770385f-c22a-43e0-bf4c-06f5698ffbd9}""/>
    <EventID>11</EventID>
    <Version>2</Version>
    <Level>4</Level>
    <Task>11</Task>
    <Opcode>0</Opcode>
    <Keywords>0x8000000000000000</Keywords>
    <TimeCreated SystemTime=""2023-12-21T11:37:18.8516272Z""/>
    <EventRecordID>6332</EventRecordID>
    <Correlation/>
    <Execution ProcessID=""3400"" ThreadID=""4208""/>
    <Channel>Microsoft-Windows-Sysmon/Operational</Channel>
    <Computer>WinDev2309Eval</Computer>
    <Security UserID=""S-1-5-18""/>
  </System>
  <EventData>
    <Data Name=""RuleName"">EXE</Data>
    <Data Name=""UtcTime"">2023-12-21 11:37:18.840</Data>
    <Data Name=""ProcessGuid"">{f57bd86a-236e-6584-1706-000000000d00}</Data>
    <Data Name=""ProcessId"">12476</Data>
    <Data Name=""Image"">C:\Windows\Microsoft.NET\Framework\v4.0.30319\mscorsvw.exe</Data>
    <Data Name=""TargetFilename"">C:\Windows\assembly\NativeImages_v4.0.30319_32\Temp\30bc-0\ilc.exe</Data>
    <Data Name=""CreationUtcTime"">2023-12-21 11:37:18.840</Data>
    <Data Name=""User"">NT AUTHORITY\SYSTEM</Data>
  </EventData>
</Event>
"
Microsoft-Windows-Sysmon/Operational,,,WinDev2309Eval,37:16.7,,,,,,,,,11,6331,,,,C:\Windows\Microsoft.NET\Framework\v4.0.30319\mscorsvw.exe,,,0x8000000000000000,4,,,,,0,,,,,,,{f57bd86a-236c-6584-1506-000000000d00},3400,1352.0,,,,,,EXE,,,,,,,,,,,,,2023-12-21T11:37:16.6702321Z,C:\Windows\assembly\NativeImages_v4.0.30319_32\Temp\548-0\xsltc.exe,,,,,,11,,4208,NT AUTHORITY\SYSTEM,S-1-5-18,37:16.7,2.0,"<Event xmlns=""http://schemas.microsoft.com/win/2004/08/events/event"">
  <System>
    <Provider Name=""Microsoft-Windows-Sysmon"" Guid=""{5770385f-c22a-43e0-bf4c-06f5698ffbd9}""/>
    <EventID>11</EventID>
    <Version>2</Version>
    <Level>4</Level>
    <Task>11</Task>
    <Opcode>0</Opcode>
    <Keywords>0x8000000000000000</Keywords>
    <TimeCreated SystemTime=""2023-12-21T11:37:16.6702321Z""/>
    <EventRecordID>6331</EventRecordID>
    <Correlation/>
    <Execution ProcessID=""3400"" ThreadID=""4208""/>
    <Channel>Microsoft-Windows-Sysmon/Operational</Channel>
    <Computer>WinDev2309Eval</Computer>
    <Security UserID=""S-1-5-18""/>
  </System>
  <EventData>
    <Data Name=""RuleName"">EXE</Data>
    <Data Name=""UtcTime"">2023-12-21 11:37:16.668</Data>
    <Data Name=""ProcessGuid"">{f57bd86a-236c-6584-1506-000000000d00}</Data>
    <Data Name=""ProcessId"">1352</Data>
    <Data Name=""Image"">C:\Windows\Microsoft.NET\Framework\v4.0.30319\mscorsvw.exe</Data>
    <Data Name=""TargetFilename"">C:\Windows\assembly\NativeImages_v4.0.30319_32\Temp\548-0\xsltc.exe</Data>
    <Data Name=""CreationUtcTime"">2023-12-21 11:37:16.668</Data>
    <Data Name=""User"">NT AUTHORITY\SYSTEM</Data>
  </EventData>
</Event>
"
Microsoft-Windows-Sysmon/Operational,,,WinDev2309Eval,37:16.3,,,,,,,,,11,6330,,,,C:\Windows\Microsoft.NET\Framework\v4.0.30319\mscorsvw.exe,,,0x8000000000000000,4,,,,,0,,,,,,,{f57bd86a-236c-6584-1306-000000000d00},3400,12584.0,,,,,,EXE,,,,,,,,,,,,,2023-12-21T11:37:16.3516877Z,C:\Windows\assembly\NativeImages_v4.0.30319_32\Temp\3128-0\xsd.exe,,,,,,11,,4208,NT AUTHORITY\SYSTEM,S-1-5-18,37:16.3,2.0,"<Event xmlns=""http://schemas.microsoft.com/win/2004/08/events/event"">
  <System>
    <Provider Name=""Microsoft-Windows-Sysmon"" Guid=""{5770385f-c22a-43e0-bf4c-06f5698ffbd9}""/>
    <EventID>11</EventID>
    <Version>2</Version>
    <Level>4</Level>
    <Task>11</Task>
    <Opcode>0</Opcode>
    <Keywords>0x8000000000000000</Keywords>
    <TimeCreated SystemTime=""2023-12-21T11:37:16.3516877Z""/>
    <EventRecordID>6330</EventRecordID>
    <Correlation/>
    <Execution ProcessID=""3400"" ThreadID=""4208""/>
    <Channel>Microsoft-Windows-Sysmon/Operational</Channel>
    <Computer>WinDev2309Eval</Computer>
    <Security UserID=""S-1-5-18""/>
  </System>
  <EventData>
    <Data Name=""RuleName"">EXE</Data>
    <Data Name=""UtcTime"">2023-12-21 11:37:16.338</Data>
    <Data Name=""ProcessGuid"">{f57bd86a-236c-6584-1306-000000000d00}</Data>
    <Data Name=""ProcessId"">12584</Data>
    <Data Name=""Image"">C:\Windows\Microsoft.NET\Framework\v4.0.30319\mscorsvw.exe</Data>
    <Data Name=""TargetFilename"">C:\Windows\assembly\NativeImages_v4.0.30319_32\Temp\3128-0\xsd.exe</Data>
    <Data Name=""CreationUtcTime"">2023-12-21 11:37:16.338</Data>
    <Data Name=""User"">NT AUTHORITY\SYSTEM</Data>
  </EventData>
</Event>
"
Microsoft-Windows-Sysmon/Operational,,,WinDev2309Eval,37:16.0,,,,,,,,,11,6329,,,,C:\Windows\Microsoft.NET\Framework\v4.0.30319\mscorsvw.exe,,,0x8000000000000000,4,,,,,0,,,,,,,{f57bd86a-236b-6584-1106-000000000d00},3400,12252.0,,,,,,EXE,,,,,,,,,,,,,2023-12-21T11:37:15.9893191Z,C:\Windows\assembly\NativeImages_v4.0.30319_32\Temp\2fdc-0\wsdl.exe,,,,,,11,,4208,NT AUTHORITY\SYSTEM,S-1-5-18,37:16.0,2.0,"<Event xmlns=""http://schemas.microsoft.com/win/2004/08/events/event"">
  <System>
    <Provider Name=""Microsoft-Windows-Sysmon"" Guid=""{5770385f-c22a-43e0-bf4c-06f5698ffbd9}""/>
    <EventID>11</EventID>
    <Version>2</Version>
    <Level>4</Level>
    <Task>11</Task>
    <Opcode>0</Opcode>
    <Keywords>0x8000000000000000</Keywords>
    <TimeCreated SystemTime=""2023-12-21T11:37:15.9893191Z""/>
    <EventRecordID>6329</EventRecordID>
    <Correlation/>
    <Execution ProcessID=""3400"" ThreadID=""4208""/>
    <Channel>Microsoft-Windows-Sysmon/Operational</Channel>
    <Computer>WinDev2309Eval</Computer>
    <Security UserID=""S-1-5-18""/>
  </System>
  <EventData>
    <Data Name=""RuleName"">EXE</Data>
    <Data Name=""UtcTime"">2023-12-21 11:37:15.979</Data>
    <Data Name=""ProcessGuid"">{f57bd86a-236b-6584-1106-000000000d00}</Data>
    <Data Name=""ProcessId"">12252</Data>
    <Data Name=""Image"">C:\Windows\Microsoft.NET\Framework\v4.0.30319\mscorsvw.exe</Data>
    <Data Name=""TargetFilename"">C:\Windows\assembly\NativeImages_v4.0.30319_32\Temp\2fdc-0\wsdl.exe</Data>
    <Data Name=""CreationUtcTime"">2023-12-21 11:37:15.979</Data>
    <Data Name=""User"">NT AUTHORITY\SYSTEM</Data>
  </EventData>
</Event>
"
Microsoft-Windows-Sysmon/Operational,,,WinDev2309Eval,37:15.2,,,,,,,,,11,6328,,,,C:\Windows\Microsoft.NET\Framework\v4.0.30319\mscorsvw.exe,,,0x8000000000000000,4,,,,,0,,,,,,,{f57bd86a-2368-6584-0f06-000000000d00},3400,12040.0,,,,,,EXE,,,,,,,,,,,,,2023-12-21T11:37:15.2433605Z,C:\Windows\assembly\NativeImages_v4.0.30319_32\Temp\2f08-0\WinMDExp.exe,,,,,,11,,4208,NT AUTHORITY\SYSTEM,S-1-5-18,37:15.2,2.0,"<Event xmlns=""http://schemas.microsoft.com/win/2004/08/events/event"">
  <System>
    <Provider Name=""Microsoft-Windows-Sysmon"" Guid=""{5770385f-c22a-43e0-bf4c-06f5698ffbd9}""/>
    <EventID>11</EventID>
    <Version>2</Version>
    <Level>4</Level>
    <Task>11</Task>
    <Opcode>0</Opcode>
    <Keywords>0x8000000000000000</Keywords>
    <TimeCreated SystemTime=""2023-12-21T11:37:15.2433605Z""/>
    <EventRecordID>6328</EventRecordID>
    <Correlation/>
    <Execution ProcessID=""3400"" ThreadID=""4208""/>
    <Channel>Microsoft-Windows-Sysmon/Operational</Channel>
    <Computer>WinDev2309Eval</Computer>
    <Security UserID=""S-1-5-18""/>
  </System>
  <EventData>
    <Data Name=""RuleName"">EXE</Data>
    <Data Name=""UtcTime"">2023-12-21 11:37:15.243</Data>
    <Data Name=""ProcessGuid"">{f57bd86a-2368-6584-0f06-000000000d00}</Data>
    <Data Name=""ProcessId"">12040</Data>
    <Data Name=""Image"">C:\Windows\Microsoft.NET\Framework\v4.0.30319\mscorsvw.exe</Data>
    <Data Name=""TargetFilename"">C:\Windows\assembly\NativeImages_v4.0.30319_32\Temp\2f08-0\WinMDExp.exe</Data>
    <Data Name=""CreationUtcTime"">2023-12-21 11:37:15.227</Data>
    <Data Name=""User"">NT AUTHORITY\SYSTEM</Data>
  </EventData>
</Event>
"
Microsoft-Windows-Sysmon/Operational,,,WinDev2309Eval,37:12.3,,,,,,,,,11,6327,,,,C:\Windows\Microsoft.NET\Framework\v4.0.30319\mscorsvw.exe,,,0x8000000000000000,4,,,,,0,,,,,,,{f57bd86a-2367-6584-0d06-000000000d00},3400,5640.0,,,,,,EXE,,,,,,,,,,,,,2023-12-21T11:37:12.2691612Z,C:\Windows\assembly\NativeImages_v4.0.30319_32\Temp\1608-0\TlbImp.exe,,,,,,11,,4208,NT AUTHORITY\SYSTEM,S-1-5-18,37:12.3,2.0,"<Event xmlns=""http://schemas.microsoft.com/win/2004/08/events/event"">
  <System>
    <Provider Name=""Microsoft-Windows-Sysmon"" Guid=""{5770385f-c22a-43e0-bf4c-06f5698ffbd9}""/>
    <EventID>11</EventID>
    <Version>2</Version>
    <Level>4</Level>
    <Task>11</Task>
    <Opcode>0</Opcode>
    <Keywords>0x8000000000000000</Keywords>
    <TimeCreated SystemTime=""2023-12-21T11:37:12.2691612Z""/>
    <EventRecordID>6327</EventRecordID>
    <Correlation/>
    <Execution ProcessID=""3400"" ThreadID=""4208""/>
    <Channel>Microsoft-Windows-Sysmon/Operational</Channel>
    <Computer>WinDev2309Eval</Computer>
    <Security UserID=""S-1-5-18""/>
  </System>
  <EventData>
    <Data Name=""RuleName"">EXE</Data>
    <Data Name=""UtcTime"">2023-12-21 11:37:12.253</Data>
    <Data Name=""ProcessGuid"">{f57bd86a-2367-6584-0d06-000000000d00}</Data>
    <Data Name=""ProcessId"">5640</Data>
    <Data Name=""Image"">C:\Windows\Microsoft.NET\Framework\v4.0.30319\mscorsvw.exe</Data>
    <Data Name=""TargetFilename"">C:\Windows\assembly\NativeImages_v4.0.30319_32\Temp\1608-0\TlbImp.exe</Data>
    <Data Name=""CreationUtcTime"">2023-12-21 11:37:12.253</Data>
    <Data Name=""User"">NT AUTHORITY\SYSTEM</Data>
  </EventData>
</Event>
"
Microsoft-Windows-Sysmon/Operational,,,WinDev2309Eval,37:11.7,,,,,,,,,11,6326,,,,C:\Windows\Microsoft.NET\Framework\v4.0.30319\mscorsvw.exe,,,0x8000000000000000,4,,,,,0,,,,,,,{f57bd86a-2367-6584-0b06-000000000d00},3400,5632.0,,,,,,EXE,,,,,,,,,,,,,2023-12-21T11:37:11.6712296Z,C:\Windows\assembly\NativeImages_v4.0.30319_32\Temp\1600-0\TlbExp.exe,,,,,,11,,4208,NT AUTHORITY\SYSTEM,S-1-5-18,37:11.7,2.0,"<Event xmlns=""http://schemas.microsoft.com/win/2004/08/events/event"">
  <System>
    <Provider Name=""Microsoft-Windows-Sysmon"" Guid=""{5770385f-c22a-43e0-bf4c-06f5698ffbd9}""/>
    <EventID>11</EventID>
    <Version>2</Version>
    <Level>4</Level>
    <Task>11</Task>
    <Opcode>0</Opcode>
    <Keywords>0x8000000000000000</Keywords>
    <TimeCreated SystemTime=""2023-12-21T11:37:11.6712296Z""/>
    <EventRecordID>6326</EventRecordID>
    <Correlation/>
    <Execution ProcessID=""3400"" ThreadID=""4208""/>
    <Channel>Microsoft-Windows-Sysmon/Operational</Channel>
    <Computer>WinDev2309Eval</Computer>
    <Security UserID=""S-1-5-18""/>
  </System>
  <EventData>
    <Data Name=""RuleName"">EXE</Data>
    <Data Name=""UtcTime"">2023-12-21 11:37:11.659</Data>
    <Data Name=""ProcessGuid"">{f57bd86a-2367-6584-0b06-000000000d00}</Data>
    <Data Name=""ProcessId"">5632</Data>
    <Data Name=""Image"">C:\Windows\Microsoft.NET\Framework\v4.0.30319\mscorsvw.exe</Data>
    <Data Name=""TargetFilename"">C:\Windows\assembly\NativeImages_v4.0.30319_32\Temp\1600-0\TlbExp.exe</Data>
    <Data Name=""CreationUtcTime"">2023-12-21 11:37:11.659</Data>
    <Data Name=""User"">NT AUTHORITY\SYSTEM</Data>
  </EventData>
</Event>
"
Microsoft-Windows-Sysmon/Operational,,,WinDev2309Eval,37:11.4,,,,,,,,,11,6325,,,,C:\Windows\Microsoft.NET\Framework\v4.0.30319\mscorsvw.exe,,,0x8000000000000000,4,,,,,0,,,,,,,{f57bd86a-2367-6584-0906-000000000d00},3400,8180.0,,,,,,EXE,,,,,,,,,,,,,2023-12-21T11:37:11.3880220Z,C:\Windows\assembly\NativeImages_v4.0.30319_32\Temp\1ff4-0\svcutil.exe,,,,,,11,,4208,NT AUTHORITY\SYSTEM,S-1-5-18,37:11.4,2.0,"<Event xmlns=""http://schemas.microsoft.com/win/2004/08/events/event"">
  <System>
    <Provider Name=""Microsoft-Windows-Sysmon"" Guid=""{5770385f-c22a-43e0-bf4c-06f5698ffbd9}""/>
    <EventID>11</EventID>
    <Version>2</Version>
    <Level>4</Level>
    <Task>11</Task>
    <Opcode>0</Opcode>
    <Keywords>0x8000000000000000</Keywords>
    <TimeCreated SystemTime=""2023-12-21T11:37:11.3880220Z""/>
    <EventRecordID>6325</EventRecordID>
    <Correlation/>
    <Execution ProcessID=""3400"" ThreadID=""4208""/>
    <Channel>Microsoft-Windows-Sysmon/Operational</Channel>
    <Computer>WinDev2309Eval</Computer>
    <Security UserID=""S-1-5-18""/>
  </System>
  <EventData>
    <Data Name=""RuleName"">EXE</Data>
    <Data Name=""UtcTime"">2023-12-21 11:37:11.378</Data>
    <Data Name=""ProcessGuid"">{f57bd86a-2367-6584-0906-000000000d00}</Data>
    <Data Name=""ProcessId"">8180</Data>
    <Data Name=""Image"">C:\Windows\Microsoft.NET\Framework\v4.0.30319\mscorsvw.exe</Data>
    <Data Name=""TargetFilename"">C:\Windows\assembly\NativeImages_v4.0.30319_32\Temp\1ff4-0\svcutil.exe</Data>
    <Data Name=""CreationUtcTime"">2023-12-21 11:37:11.378</Data>
    <Data Name=""User"">NT AUTHORITY\SYSTEM</Data>
  </EventData>
</Event>
"
Microsoft-Windows-Sysmon/Operational,,,WinDev2309Eval,37:10.7,,,,,,,,,11,6324,,,,C:\Windows\Microsoft.NET\Framework\v4.0.30319\mscorsvw.exe,,,0x8000000000000000,4,,,,,0,,,,,,,{f57bd86a-2366-6584-0706-000000000d00},3400,11020.0,,,,,,EXE,,,,,,,,,,,,,2023-12-21T11:37:10.6865747Z,C:\Windows\assembly\NativeImages_v4.0.30319_32\Temp\2b0c-0\SqlMetal.exe,,,,,,11,,4208,NT AUTHORITY\SYSTEM,S-1-5-18,37:10.7,2.0,"<Event xmlns=""http://schemas.microsoft.com/win/2004/08/events/event"">
  <System>
    <Provider Name=""Microsoft-Windows-Sysmon"" Guid=""{5770385f-c22a-43e0-bf4c-06f5698ffbd9}""/>
    <EventID>11</EventID>
    <Version>2</Version>
    <Level>4</Level>
    <Task>11</Task>
    <Opcode>0</Opcode>
    <Keywords>0x8000000000000000</Keywords>
    <TimeCreated SystemTime=""2023-12-21T11:37:10.6865747Z""/>
    <EventRecordID>6324</EventRecordID>
    <Correlation/>
    <Execution ProcessID=""3400"" ThreadID=""4208""/>
    <Channel>Microsoft-Windows-Sysmon/Operational</Channel>
    <Computer>WinDev2309Eval</Computer>
    <Security UserID=""S-1-5-18""/>
  </System>
  <EventData>
    <Data Name=""RuleName"">EXE</Data>
    <Data Name=""UtcTime"">2023-12-21 11:37:10.672</Data>
    <Data Name=""ProcessGuid"">{f57bd86a-2366-6584-0706-000000000d00}</Data>
    <Data Name=""ProcessId"">11020</Data>
    <Data Name=""Image"">C:\Windows\Microsoft.NET\Framework\v4.0.30319\mscorsvw.exe</Data>
    <Data Name=""TargetFilename"">C:\Windows\assembly\NativeImages_v4.0.30319_32\Temp\2b0c-0\SqlMetal.exe</Data>
    <Data Name=""CreationUtcTime"">2023-12-21 11:37:10.672</Data>
    <Data Name=""User"">NT AUTHORITY\SYSTEM</Data>
  </EventData>
</Event>
"
Microsoft-Windows-Sysmon/Operational,,,WinDev2309Eval,37:09.8,,,,,,,,,11,6323,,,,C:\Windows\Microsoft.NET\Framework\v4.0.30319\mscorsvw.exe,,,0x8000000000000000,4,,,,,0,,,,,,,{f57bd86a-2365-6584-0506-000000000d00},3400,12796.0,,,,,,EXE,,,,,,,,,,,,,2023-12-21T11:37:09.8477571Z,C:\Windows\assembly\NativeImages_v4.0.30319_32\Temp\31fc-0\sgen.exe,,,,,,11,,4208,NT AUTHORITY\SYSTEM,S-1-5-18,37:09.8,2.0,"<Event xmlns=""http://schemas.microsoft.com/win/2004/08/events/event"">
  <System>
    <Provider Name=""Microsoft-Windows-Sysmon"" Guid=""{5770385f-c22a-43e0-bf4c-06f5698ffbd9}""/>
    <EventID>11</EventID>
    <Version>2</Version>
    <Level>4</Level>
    <Task>11</Task>
    <Opcode>0</Opcode>
    <Keywords>0x8000000000000000</Keywords>
    <TimeCreated SystemTime=""2023-12-21T11:37:09.8477571Z""/>
    <EventRecordID>6323</EventRecordID>
    <Correlation/>
    <Execution ProcessID=""3400"" ThreadID=""4208""/>
    <Channel>Microsoft-Windows-Sysmon/Operational</Channel>
    <Computer>WinDev2309Eval</Computer>
    <Security UserID=""S-1-5-18""/>
  </System>
  <EventData>
    <Data Name=""RuleName"">EXE</Data>
    <Data Name=""UtcTime"">2023-12-21 11:37:09.844</Data>
    <Data Name=""ProcessGuid"">{f57bd86a-2365-6584-0506-000000000d00}</Data>
    <Data Name=""ProcessId"">12796</Data>
    <Data Name=""Image"">C:\Windows\Microsoft.NET\Framework\v4.0.30319\mscorsvw.exe</Data>
    <Data Name=""TargetFilename"">C:\Windows\assembly\NativeImages_v4.0.30319_32\Temp\31fc-0\sgen.exe</Data>
    <Data Name=""CreationUtcTime"">2023-12-21 11:37:09.844</Data>
    <Data Name=""User"">NT AUTHORITY\SYSTEM</Data>
  </EventData>
</Event>
"
Microsoft-Windows-Sysmon/Operational,,,WinDev2309Eval,37:09.4,,,,,,,,,11,6322,,,,C:\Windows\Microsoft.NET\Framework\v4.0.30319\mscorsvw.exe,,,0x8000000000000000,4,,,,,0,,,,,,,{f57bd86a-2364-6584-0306-000000000d00},3400,10572.0,,,,,,EXE,,,,,,,,,,,,,2023-12-21T11:37:09.4328044Z,C:\Windows\assembly\NativeImages_v4.0.30319_32\Temp\294c-0\SecAnnotate.exe,,,,,,11,,4208,NT AUTHORITY\SYSTEM,S-1-5-18,37:09.4,2.0,"<Event xmlns=""http://schemas.microsoft.com/win/2004/08/events/event"">
  <System>
    <Provider Name=""Microsoft-Windows-Sysmon"" Guid=""{5770385f-c22a-43e0-bf4c-06f5698ffbd9}""/>
    <EventID>11</EventID>
    <Version>2</Version>
    <Level>4</Level>
    <Task>11</Task>
    <Opcode>0</Opcode>
    <Keywords>0x8000000000000000</Keywords>
    <TimeCreated SystemTime=""2023-12-21T11:37:09.4328044Z""/>
    <EventRecordID>6322</EventRecordID>
    <Correlation/>
    <Execution ProcessID=""3400"" ThreadID=""4208""/>
    <Channel>Microsoft-Windows-Sysmon/Operational</Channel>
    <Computer>WinDev2309Eval</Computer>
    <Security UserID=""S-1-5-18""/>
  </System>
  <EventData>
    <Data Name=""RuleName"">EXE</Data>
    <Data Name=""UtcTime"">2023-12-21 11:37:09.424</Data>
    <Data Name=""ProcessGuid"">{f57bd86a-2364-6584-0306-000000000d00}</Data>
    <Data Name=""ProcessId"">10572</Data>
    <Data Name=""Image"">C:\Windows\Microsoft.NET\Framework\v4.0.30319\mscorsvw.exe</Data>
    <Data Name=""TargetFilename"">C:\Windows\assembly\NativeImages_v4.0.30319_32\Temp\294c-0\SecAnnotate.exe</Data>
    <Data Name=""CreationUtcTime"">2023-12-21 11:37:09.424</Data>
    <Data Name=""User"">NT AUTHORITY\SYSTEM</Data>
  </EventData>
</Event>
"
