Channel,CommandLine,Company,Computer,CreationUtcTime,CurrentDirectory,Description,DestinationHostname,DestinationIp,DestinationIsIpv6,DestinationPort,DestinationPortName,Details,EventID,EventRecordID,EventType,FileVersion,Hashes,Image,Initiated,IntegrityLevel,Keywords,Level,LogonGuid,LogonId,Message,NewThreadId,Opcode,OriginalFileName,ParentCommandLine,ParentImage,ParentProcessGuid,ParentProcessId,ParentUser,ProcessGuid,ProcessID,ProcessId,Product,Protocol,QueryName,QueryResults,QueryStatus,RuleName,SourceHostname,SourceImage,SourceIp,SourceIsIpv6,SourcePort,SourcePortName,SourceProcessGuid,SourceProcessId,SourceUser,StartAddress,StartFunction,StartModule,SystemTime,TargetFilename,TargetImage,TargetObject,TargetProcessGuid,TargetProcessId,TargetUser,Task,TerminalSessionId,ThreadID,User,UserID,UtcTime,Version,raw
Microsoft-Windows-Sysmon/Operational,,,WinDev2309Eval,,,,,,,,,,22,5177,,,,C:\Program Files (x86)\Microsoft\Edge\Application\msedge.exe,,,0x8000000000000000,4,,,,,0,,,,,,,{f57bd86a-1d66-6582-df00-000000000d00},3400,8844.0,,,ecn.dev.virtualearth.net,type: 5 ssl2.tiles.virtualearth.net.edgekey.net;type: 5 e4113.dscd.akamaiedge.net;::ffff:23.37.0.153;,0.0,-,,,,,,,,,,,,,2023-12-20T08:59:09.2572400Z,,,,,,,22,,4220,WINDEV2309EVAL\User,S-1-5-18,59:08.1,5.0,"<Event xmlns=""http://schemas.microsoft.com/win/2004/08/events/event"">
  <System>
    <Provider Name=""Microsoft-Windows-Sysmon"" Guid=""{5770385f-c22a-43e0-bf4c-06f5698ffbd9}""/>
    <EventID>22</EventID>
    <Version>5</Version>
    <Level>4</Level>
    <Task>22</Task>
    <Opcode>0</Opcode>
    <Keywords>0x8000000000000000</Keywords>
    <TimeCreated SystemTime=""2023-12-20T08:59:09.2572400Z""/>
    <EventRecordID>5177</EventRecordID>
    <Correlation/>
    <Execution ProcessID=""3400"" ThreadID=""4220""/>
    <Channel>Microsoft-Windows-Sysmon/Operational</Channel>
    <Computer>WinDev2309Eval</Computer>
    <Security UserID=""S-1-5-18""/>
  </System>
  <EventData>
    <Data Name=""RuleName"">-</Data>
    <Data Name=""UtcTime"">2023-12-20 08:59:08.142</Data>
    <Data Name=""ProcessGuid"">{f57bd86a-1d66-6582-df00-000000000d00}</Data>
    <Data Name=""ProcessId"">8844</Data>
    <Data Name=""QueryName"">ecn.dev.virtualearth.net</Data>
    <Data Name=""QueryStatus"">0</Data>
    <Data Name=""QueryResults"">type: 5 ssl2.tiles.virtualearth.net.edgekey.net;type: 5 e4113.dscd.akamaiedge.net;::ffff:23.37.0.153;</Data>
    <Data Name=""Image"">C:\Program Files (x86)\Microsoft\Edge\Application\msedge.exe</Data>
    <Data Name=""User"">WINDEV2309EVAL\User</Data>
  </EventData>
</Event>
"
Microsoft-Windows-Sysmon/Operational,,,WinDev2309Eval,,,,,,,,,,22,5176,,,,C:\Program Files (x86)\Microsoft\Edge\Application\msedge.exe,,,0x8000000000000000,4,,,,,0,,,,,,,{f57bd86a-1d66-6582-df00-000000000d00},3400,8844.0,,,www.youtube.com,type: 5 youtube-ui.l.google.com;::ffff:142.250.203.110;,0.0,-,,,,,,,,,,,,,2023-12-20T08:59:05.2371258Z,,,,,,,22,,4220,WINDEV2309EVAL\User,S-1-5-18,59:04.7,5.0,"<Event xmlns=""http://schemas.microsoft.com/win/2004/08/events/event"">
  <System>
    <Provider Name=""Microsoft-Windows-Sysmon"" Guid=""{5770385f-c22a-43e0-bf4c-06f5698ffbd9}""/>
    <EventID>22</EventID>
    <Version>5</Version>
    <Level>4</Level>
    <Task>22</Task>
    <Opcode>0</Opcode>
    <Keywords>0x8000000000000000</Keywords>
    <TimeCreated SystemTime=""2023-12-20T08:59:05.2371258Z""/>
    <EventRecordID>5176</EventRecordID>
    <Correlation/>
    <Execution ProcessID=""3400"" ThreadID=""4220""/>
    <Channel>Microsoft-Windows-Sysmon/Operational</Channel>
    <Computer>WinDev2309Eval</Computer>
    <Security UserID=""S-1-5-18""/>
  </System>
  <EventData>
    <Data Name=""RuleName"">-</Data>
    <Data Name=""UtcTime"">2023-12-20 08:59:04.687</Data>
    <Data Name=""ProcessGuid"">{f57bd86a-1d66-6582-df00-000000000d00}</Data>
    <Data Name=""ProcessId"">8844</Data>
    <Data Name=""QueryName"">www.youtube.com</Data>
    <Data Name=""QueryStatus"">0</Data>
    <Data Name=""QueryResults"">type: 5 youtube-ui.l.google.com;::ffff:142.250.203.110;</Data>
    <Data Name=""Image"">C:\Program Files (x86)\Microsoft\Edge\Application\msedge.exe</Data>
    <Data Name=""User"">WINDEV2309EVAL\User</Data>
  </EventData>
</Event>
"
Microsoft-Windows-Sysmon/Operational,,,WinDev2309Eval,,,,,,,,,,22,5175,,,,C:\Program Files (x86)\Microsoft\Edge\Application\msedge.exe,,,0x8000000000000000,4,,,,,0,,,,,,,{f57bd86a-1d66-6582-df00-000000000d00},3400,8844.0,,,api.github.com,::ffff:140.82.121.5;,0.0,-,,,,,,,,,,,,,2023-12-20T08:59:05.2368397Z,,,,,,,22,,4220,WINDEV2309EVAL\User,S-1-5-18,59:03.8,5.0,"<Event xmlns=""http://schemas.microsoft.com/win/2004/08/events/event"">
  <System>
    <Provider Name=""Microsoft-Windows-Sysmon"" Guid=""{5770385f-c22a-43e0-bf4c-06f5698ffbd9}""/>
    <EventID>22</EventID>
    <Version>5</Version>
    <Level>4</Level>
    <Task>22</Task>
    <Opcode>0</Opcode>
    <Keywords>0x8000000000000000</Keywords>
    <TimeCreated SystemTime=""2023-12-20T08:59:05.2368397Z""/>
    <EventRecordID>5175</EventRecordID>
    <Correlation/>
    <Execution ProcessID=""3400"" ThreadID=""4220""/>
    <Channel>Microsoft-Windows-Sysmon/Operational</Channel>
    <Computer>WinDev2309Eval</Computer>
    <Security UserID=""S-1-5-18""/>
  </System>
  <EventData>
    <Data Name=""RuleName"">-</Data>
    <Data Name=""UtcTime"">2023-12-20 08:59:03.835</Data>
    <Data Name=""ProcessGuid"">{f57bd86a-1d66-6582-df00-000000000d00}</Data>
    <Data Name=""ProcessId"">8844</Data>
    <Data Name=""QueryName"">api.github.com</Data>
    <Data Name=""QueryStatus"">0</Data>
    <Data Name=""QueryResults"">::ffff:140.82.121.5;</Data>
    <Data Name=""Image"">C:\Program Files (x86)\Microsoft\Edge\Application\msedge.exe</Data>
    <Data Name=""User"">WINDEV2309EVAL\User</Data>
  </EventData>
</Event>
"
Microsoft-Windows-Sysmon/Operational,,,WinDev2309Eval,,,,,,,,,,22,5174,,,,C:\Program Files (x86)\Microsoft\Edge\Application\msedge.exe,,,0x8000000000000000,4,,,,,0,,,,,,,{f57bd86a-1d66-6582-df00-000000000d00},3400,8844.0,,,collector.github.com,type: 5 glb-db52c2cf8be544.github.com;::ffff:140.82.112.21;,0.0,-,,,,,,,,,,,,,2023-12-20T08:59:05.2367565Z,,,,,,,22,,4220,WINDEV2309EVAL\User,S-1-5-18,59:03.7,5.0,"<Event xmlns=""http://schemas.microsoft.com/win/2004/08/events/event"">
  <System>
    <Provider Name=""Microsoft-Windows-Sysmon"" Guid=""{5770385f-c22a-43e0-bf4c-06f5698ffbd9}""/>
    <EventID>22</EventID>
    <Version>5</Version>
    <Level>4</Level>
    <Task>22</Task>
    <Opcode>0</Opcode>
    <Keywords>0x8000000000000000</Keywords>
    <TimeCreated SystemTime=""2023-12-20T08:59:05.2367565Z""/>
    <EventRecordID>5174</EventRecordID>
    <Correlation/>
    <Execution ProcessID=""3400"" ThreadID=""4220""/>
    <Channel>Microsoft-Windows-Sysmon/Operational</Channel>
    <Computer>WinDev2309Eval</Computer>
    <Security UserID=""S-1-5-18""/>
  </System>
  <EventData>
    <Data Name=""RuleName"">-</Data>
    <Data Name=""UtcTime"">2023-12-20 08:59:03.665</Data>
    <Data Name=""ProcessGuid"">{f57bd86a-1d66-6582-df00-000000000d00}</Data>
    <Data Name=""ProcessId"">8844</Data>
    <Data Name=""QueryName"">collector.github.com</Data>
    <Data Name=""QueryStatus"">0</Data>
    <Data Name=""QueryResults"">type: 5 glb-db52c2cf8be544.github.com;::ffff:140.82.112.21;</Data>
    <Data Name=""Image"">C:\Program Files (x86)\Microsoft\Edge\Application\msedge.exe</Data>
    <Data Name=""User"">WINDEV2309EVAL\User</Data>
  </EventData>
</Event>
"
Microsoft-Windows-Sysmon/Operational,,,WinDev2309Eval,,,,,,,,,,22,5173,,,,C:\Program Files (x86)\Microsoft\Edge\Application\msedge.exe,,,0x8000000000000000,4,,,,,0,,,,,,,{f57bd86a-1d66-6582-df00-000000000d00},3400,8844.0,,,github-cloud.s3.amazonaws.com,type: 5 s3-1-w.amazonaws.com;type: 5 s3-w.us-east-1.amazonaws.com;::ffff:3.5.25.92;::ffff:54.231.164.97;::ffff:3.5.27.118;::ffff:52.216.62.73;::ffff:3.5.25.136;::ffff:52.216.217.97;::ffff:52.217.171.129;::ffff:54.231.168.201;,0.0,-,,,,,,,,,,,,,2023-12-20T08:59:04.2351403Z,,,,,,,22,,4220,WINDEV2309EVAL\User,S-1-5-18,59:03.3,5.0,"<Event xmlns=""http://schemas.microsoft.com/win/2004/08/events/event"">
  <System>
    <Provider Name=""Microsoft-Windows-Sysmon"" Guid=""{5770385f-c22a-43e0-bf4c-06f5698ffbd9}""/>
    <EventID>22</EventID>
    <Version>5</Version>
    <Level>4</Level>
    <Task>22</Task>
    <Opcode>0</Opcode>
    <Keywords>0x8000000000000000</Keywords>
    <TimeCreated SystemTime=""2023-12-20T08:59:04.2351403Z""/>
    <EventRecordID>5173</EventRecordID>
    <Correlation/>
    <Execution ProcessID=""3400"" ThreadID=""4220""/>
    <Channel>Microsoft-Windows-Sysmon/Operational</Channel>
    <Computer>WinDev2309Eval</Computer>
    <Security UserID=""S-1-5-18""/>
  </System>
  <EventData>
    <Data Name=""RuleName"">-</Data>
    <Data Name=""UtcTime"">2023-12-20 08:59:03.279</Data>
    <Data Name=""ProcessGuid"">{f57bd86a-1d66-6582-df00-000000000d00}</Data>
    <Data Name=""ProcessId"">8844</Data>
    <Data Name=""QueryName"">github-cloud.s3.amazonaws.com</Data>
    <Data Name=""QueryStatus"">0</Data>
    <Data Name=""QueryResults"">type: 5 s3-1-w.amazonaws.com;type: 5 s3-w.us-east-1.amazonaws.com;::ffff:3.5.25.92;::ffff:54.231.164.97;::ffff:3.5.27.118;::ffff:52.216.62.73;::ffff:3.5.25.136;::ffff:52.216.217.97;::ffff:52.217.171.129;::ffff:54.231.168.201;</Data>
    <Data Name=""Image"">C:\Program Files (x86)\Microsoft\Edge\Application\msedge.exe</Data>
    <Data Name=""User"">WINDEV2309EVAL\User</Data>
  </EventData>
</Event>
"
Microsoft-Windows-Sysmon/Operational,,,WinDev2309Eval,,,,,,,,,,22,5172,,,,C:\Program Files (x86)\Microsoft\Edge\Application\msedge.exe,,,0x8000000000000000,4,,,,,0,,,,,,,{f57bd86a-1d66-6582-df00-000000000d00},3400,8844.0,,,user-images.githubusercontent.com,::ffff:185.199.108.133;::ffff:185.199.109.133;::ffff:185.199.110.133;::ffff:185.199.111.133;,0.0,-,,,,,,,,,,,,,2023-12-20T08:59:04.2351140Z,,,,,,,22,,4220,WINDEV2309EVAL\User,S-1-5-18,59:03.3,5.0,"<Event xmlns=""http://schemas.microsoft.com/win/2004/08/events/event"">
  <System>
    <Provider Name=""Microsoft-Windows-Sysmon"" Guid=""{5770385f-c22a-43e0-bf4c-06f5698ffbd9}""/>
    <EventID>22</EventID>
    <Version>5</Version>
    <Level>4</Level>
    <Task>22</Task>
    <Opcode>0</Opcode>
    <Keywords>0x8000000000000000</Keywords>
    <TimeCreated SystemTime=""2023-12-20T08:59:04.2351140Z""/>
    <EventRecordID>5172</EventRecordID>
    <Correlation/>
    <Execution ProcessID=""3400"" ThreadID=""4220""/>
    <Channel>Microsoft-Windows-Sysmon/Operational</Channel>
    <Computer>WinDev2309Eval</Computer>
    <Security UserID=""S-1-5-18""/>
  </System>
  <EventData>
    <Data Name=""RuleName"">-</Data>
    <Data Name=""UtcTime"">2023-12-20 08:59:03.264</Data>
    <Data Name=""ProcessGuid"">{f57bd86a-1d66-6582-df00-000000000d00}</Data>
    <Data Name=""ProcessId"">8844</Data>
    <Data Name=""QueryName"">user-images.githubusercontent.com</Data>
    <Data Name=""QueryStatus"">0</Data>
    <Data Name=""QueryResults"">::ffff:185.199.108.133;::ffff:185.199.109.133;::ffff:185.199.110.133;::ffff:185.199.111.133;</Data>
    <Data Name=""Image"">C:\Program Files (x86)\Microsoft\Edge\Application\msedge.exe</Data>
    <Data Name=""User"">WINDEV2309EVAL\User</Data>
  </EventData>
</Event>
"
Microsoft-Windows-Sysmon/Operational,,,WinDev2309Eval,,,,,,,,,,22,5171,,,,C:\Program Files (x86)\Microsoft\Edge\Application\msedge.exe,,,0x8000000000000000,4,,,,,0,,,,,,,{f57bd86a-1d66-6582-df00-000000000d00},3400,8844.0,,,avatars.githubusercontent.com,::ffff:185.199.109.133;::ffff:185.199.108.133;::ffff:185.199.111.133;::ffff:185.199.110.133;,0.0,-,,,,,,,,,,,,,2023-12-20T08:59:03.2199933Z,,,,,,,22,,4220,WINDEV2309EVAL\User,S-1-5-18,59:03.2,5.0,"<Event xmlns=""http://schemas.microsoft.com/win/2004/08/events/event"">
  <System>
    <Provider Name=""Microsoft-Windows-Sysmon"" Guid=""{5770385f-c22a-43e0-bf4c-06f5698ffbd9}""/>
    <EventID>22</EventID>
    <Version>5</Version>
    <Level>4</Level>
    <Task>22</Task>
    <Opcode>0</Opcode>
    <Keywords>0x8000000000000000</Keywords>
    <TimeCreated SystemTime=""2023-12-20T08:59:03.2199933Z""/>
    <EventRecordID>5171</EventRecordID>
    <Correlation/>
    <Execution ProcessID=""3400"" ThreadID=""4220""/>
    <Channel>Microsoft-Windows-Sysmon/Operational</Channel>
    <Computer>WinDev2309Eval</Computer>
    <Security UserID=""S-1-5-18""/>
  </System>
  <EventData>
    <Data Name=""RuleName"">-</Data>
    <Data Name=""UtcTime"">2023-12-20 08:59:03.226</Data>
    <Data Name=""ProcessGuid"">{f57bd86a-1d66-6582-df00-000000000d00}</Data>
    <Data Name=""ProcessId"">8844</Data>
    <Data Name=""QueryName"">avatars.githubusercontent.com</Data>
    <Data Name=""QueryStatus"">0</Data>
    <Data Name=""QueryResults"">::ffff:185.199.109.133;::ffff:185.199.108.133;::ffff:185.199.111.133;::ffff:185.199.110.133;</Data>
    <Data Name=""Image"">C:\Program Files (x86)\Microsoft\Edge\Application\msedge.exe</Data>
    <Data Name=""User"">WINDEV2309EVAL\User</Data>
  </EventData>
</Event>
"
Microsoft-Windows-Sysmon/Operational,,,WinDev2309Eval,,,,,,,,,,22,5170,,,,C:\Program Files (x86)\Microsoft\Edge\Application\msedge.exe,,,0x8000000000000000,4,,,,,0,,,,,,,{f57bd86a-1d66-6582-df00-000000000d00},3400,8844.0,,,github.githubassets.com,::ffff:185.199.109.154;::ffff:185.199.108.154;::ffff:185.199.111.154;::ffff:185.199.110.154;,0.0,-,,,,,,,,,,,,,2023-12-20T08:59:03.2199753Z,,,,,,,22,,4220,WINDEV2309EVAL\User,S-1-5-18,59:03.2,5.0,"<Event xmlns=""http://schemas.microsoft.com/win/2004/08/events/event"">
  <System>
    <Provider Name=""Microsoft-Windows-Sysmon"" Guid=""{5770385f-c22a-43e0-bf4c-06f5698ffbd9}""/>
    <EventID>22</EventID>
    <Version>5</Version>
    <Level>4</Level>
    <Task>22</Task>
    <Opcode>0</Opcode>
    <Keywords>0x8000000000000000</Keywords>
    <TimeCreated SystemTime=""2023-12-20T08:59:03.2199753Z""/>
    <EventRecordID>5170</EventRecordID>
    <Correlation/>
    <Execution ProcessID=""3400"" ThreadID=""4220""/>
    <Channel>Microsoft-Windows-Sysmon/Operational</Channel>
    <Computer>WinDev2309Eval</Computer>
    <Security UserID=""S-1-5-18""/>
  </System>
  <EventData>
    <Data Name=""RuleName"">-</Data>
    <Data Name=""UtcTime"">2023-12-20 08:59:03.213</Data>
    <Data Name=""ProcessGuid"">{f57bd86a-1d66-6582-df00-000000000d00}</Data>
    <Data Name=""ProcessId"">8844</Data>
    <Data Name=""QueryName"">github.githubassets.com</Data>
    <Data Name=""QueryStatus"">0</Data>
    <Data Name=""QueryResults"">::ffff:185.199.109.154;::ffff:185.199.108.154;::ffff:185.199.111.154;::ffff:185.199.110.154;</Data>
    <Data Name=""Image"">C:\Program Files (x86)\Microsoft\Edge\Application\msedge.exe</Data>
    <Data Name=""User"">WINDEV2309EVAL\User</Data>
  </EventData>
</Event>
"
Microsoft-Windows-Sysmon/Operational,,,WinDev2309Eval,,,,,,,,,,22,5169,,,,C:\Program Files (x86)\Microsoft\Edge\Application\msedge.exe,,,0x8000000000000000,4,,,,,0,,,,,,,{f57bd86a-1d66-6582-df00-000000000d00},3400,8844.0,,,github.com,::ffff:140.82.121.4;,0.0,-,,,,,,,,,,,,,2023-12-20T08:59:03.2199355Z,,,,,,,22,,4220,WINDEV2309EVAL\User,S-1-5-18,59:03.0,5.0,"<Event xmlns=""http://schemas.microsoft.com/win/2004/08/events/event"">
  <System>
    <Provider Name=""Microsoft-Windows-Sysmon"" Guid=""{5770385f-c22a-43e0-bf4c-06f5698ffbd9}""/>
    <EventID>22</EventID>
    <Version>5</Version>
    <Level>4</Level>
    <Task>22</Task>
    <Opcode>0</Opcode>
    <Keywords>0x8000000000000000</Keywords>
    <TimeCreated SystemTime=""2023-12-20T08:59:03.2199355Z""/>
    <EventRecordID>5169</EventRecordID>
    <Correlation/>
    <Execution ProcessID=""3400"" ThreadID=""4220""/>
    <Channel>Microsoft-Windows-Sysmon/Operational</Channel>
    <Computer>WinDev2309Eval</Computer>
    <Security UserID=""S-1-5-18""/>
  </System>
  <EventData>
    <Data Name=""RuleName"">-</Data>
    <Data Name=""UtcTime"">2023-12-20 08:59:03.004</Data>
    <Data Name=""ProcessGuid"">{f57bd86a-1d66-6582-df00-000000000d00}</Data>
    <Data Name=""ProcessId"">8844</Data>
    <Data Name=""QueryName"">github.com</Data>
    <Data Name=""QueryStatus"">0</Data>
    <Data Name=""QueryResults"">::ffff:140.82.121.4;</Data>
    <Data Name=""Image"">C:\Program Files (x86)\Microsoft\Edge\Application\msedge.exe</Data>
    <Data Name=""User"">WINDEV2309EVAL\User</Data>
  </EventData>
</Event>
"
Microsoft-Windows-Sysmon/Operational,,,WinDev2309Eval,,,,,,,,,,22,5168,,,,C:\Program Files (x86)\Microsoft\Edge\Application\msedge.exe,,,0x8000000000000000,4,,,,,0,,,,,,,{f57bd86a-1d66-6582-df00-000000000d00},3400,8844.0,,,ditrizna.medium.com,::ffff:162.159.152.4;::ffff:162.159.153.4;,0.0,-,,,,,,,,,,,,,2023-12-20T08:59:03.2199188Z,,,,,,,22,,4220,WINDEV2309EVAL\User,S-1-5-18,59:03.0,5.0,"<Event xmlns=""http://schemas.microsoft.com/win/2004/08/events/event"">
  <System>
    <Provider Name=""Microsoft-Windows-Sysmon"" Guid=""{5770385f-c22a-43e0-bf4c-06f5698ffbd9}""/>
    <EventID>22</EventID>
    <Version>5</Version>
    <Level>4</Level>
    <Task>22</Task>
    <Opcode>0</Opcode>
    <Keywords>0x8000000000000000</Keywords>
    <TimeCreated SystemTime=""2023-12-20T08:59:03.2199188Z""/>
    <EventRecordID>5168</EventRecordID>
    <Correlation/>
    <Execution ProcessID=""3400"" ThreadID=""4220""/>
    <Channel>Microsoft-Windows-Sysmon/Operational</Channel>
    <Computer>WinDev2309Eval</Computer>
    <Security UserID=""S-1-5-18""/>
  </System>
  <EventData>
    <Data Name=""RuleName"">-</Data>
    <Data Name=""UtcTime"">2023-12-20 08:59:03.004</Data>
    <Data Name=""ProcessGuid"">{f57bd86a-1d66-6582-df00-000000000d00}</Data>
    <Data Name=""ProcessId"">8844</Data>
    <Data Name=""QueryName"">ditrizna.medium.com</Data>
    <Data Name=""QueryStatus"">0</Data>
    <Data Name=""QueryResults"">::ffff:162.159.152.4;::ffff:162.159.153.4;</Data>
    <Data Name=""Image"">C:\Program Files (x86)\Microsoft\Edge\Application\msedge.exe</Data>
    <Data Name=""User"">WINDEV2309EVAL\User</Data>
  </EventData>
</Event>
"
Microsoft-Windows-Sysmon/Operational,,,WinDev2309Eval,,,,,,,,,,22,5167,,,,C:\Program Files (x86)\Microsoft\Edge\Application\msedge.exe,,,0x8000000000000000,4,,,,,0,,,,,,,{f57bd86a-1d66-6582-df00-000000000d00},3400,8844.0,,,gist.github.com,type: 5 github.com;::ffff:140.82.121.4;,0.0,-,,,,,,,,,,,,,2023-12-20T08:59:03.2198936Z,,,,,,,22,,4220,WINDEV2309EVAL\User,S-1-5-18,59:03.0,5.0,"<Event xmlns=""http://schemas.microsoft.com/win/2004/08/events/event"">
  <System>
    <Provider Name=""Microsoft-Windows-Sysmon"" Guid=""{5770385f-c22a-43e0-bf4c-06f5698ffbd9}""/>
    <EventID>22</EventID>
    <Version>5</Version>
    <Level>4</Level>
    <Task>22</Task>
    <Opcode>0</Opcode>
    <Keywords>0x8000000000000000</Keywords>
    <TimeCreated SystemTime=""2023-12-20T08:59:03.2198936Z""/>
    <EventRecordID>5167</EventRecordID>
    <Correlation/>
    <Execution ProcessID=""3400"" ThreadID=""4220""/>
    <Channel>Microsoft-Windows-Sysmon/Operational</Channel>
    <Computer>WinDev2309Eval</Computer>
    <Security UserID=""S-1-5-18""/>
  </System>
  <EventData>
    <Data Name=""RuleName"">-</Data>
    <Data Name=""UtcTime"">2023-12-20 08:59:02.986</Data>
    <Data Name=""ProcessGuid"">{f57bd86a-1d66-6582-df00-000000000d00}</Data>
    <Data Name=""ProcessId"">8844</Data>
    <Data Name=""QueryName"">gist.github.com</Data>
    <Data Name=""QueryStatus"">0</Data>
    <Data Name=""QueryResults"">type: 5 github.com;::ffff:140.82.121.4;</Data>
    <Data Name=""Image"">C:\Program Files (x86)\Microsoft\Edge\Application\msedge.exe</Data>
    <Data Name=""User"">WINDEV2309EVAL\User</Data>
  </EventData>
</Event>
"
Microsoft-Windows-Sysmon/Operational,,,WinDev2309Eval,,,,,,,,,"""C:\Program Files (x86)\Microsoft\Edge\Application\msedge.exe"" --no-startup-window --win-session-start",13,5166,SetValue,,,C:\Program Files (x86)\Microsoft\Edge\Application\msedge.exe,,,0x8000000000000000,4,,,,,0,,,,,,,{f57bd86a-1d66-6582-dc00-000000000d00},3400,8616.0,,,,,,"T1060,RunKey",,,,,,,,,,,,,2023-12-20T08:59:02.6258233Z,,,HKU\S-1-5-21-2835251196-2691927458-378326815-1000\Software\Microsoft\Windows\CurrentVersion\Run\MicrosoftEdgeAutoLaunch_C46CFC0629905CC775E70B50EA8A519C,,,,13,,4208,WINDEV2309EVAL\User,S-1-5-18,59:02.6,2.0,"<Event xmlns=""http://schemas.microsoft.com/win/2004/08/events/event"">
  <System>
    <Provider Name=""Microsoft-Windows-Sysmon"" Guid=""{5770385f-c22a-43e0-bf4c-06f5698ffbd9}""/>
    <EventID>13</EventID>
    <Version>2</Version>
    <Level>4</Level>
    <Task>13</Task>
    <Opcode>0</Opcode>
    <Keywords>0x8000000000000000</Keywords>
    <TimeCreated SystemTime=""2023-12-20T08:59:02.6258233Z""/>
    <EventRecordID>5166</EventRecordID>
    <Correlation/>
    <Execution ProcessID=""3400"" ThreadID=""4208""/>
    <Channel>Microsoft-Windows-Sysmon/Operational</Channel>
    <Computer>WinDev2309Eval</Computer>
    <Security UserID=""S-1-5-18""/>
  </System>
  <EventData>
    <Data Name=""RuleName"">T1060,RunKey</Data>
    <Data Name=""EventType"">SetValue</Data>
    <Data Name=""UtcTime"">2023-12-20 08:59:02.625</Data>
    <Data Name=""ProcessGuid"">{f57bd86a-1d66-6582-dc00-000000000d00}</Data>
    <Data Name=""ProcessId"">8616</Data>
    <Data Name=""Image"">C:\Program Files (x86)\Microsoft\Edge\Application\msedge.exe</Data>
    <Data Name=""TargetObject"">HKU\S-1-5-21-2835251196-2691927458-378326815-1000\Software\Microsoft\Windows\CurrentVersion\Run\MicrosoftEdgeAutoLaunch_C46CFC0629905CC775E70B50EA8A519C</Data>
    <Data Name=""Details"">""C:\Program Files (x86)\Microsoft\Edge\Application\msedge.exe"" --no-startup-window --win-session-start</Data>
    <Data Name=""User"">WINDEV2309EVAL\User</Data>
  </EventData>
</Event>
"
Microsoft-Windows-Sysmon/Operational,,,WinDev2309Eval,,,,,,,,,,22,5165,,,,C:\Program Files (x86)\Microsoft\Edge\Application\msedge.exe,,,0x8000000000000000,4,,,,,0,,,,,,,{f57bd86a-1d66-6582-df00-000000000d00},3400,8844.0,,,api2.branch.io,::ffff:52.84.45.5;::ffff:52.84.45.127;::ffff:52.84.45.33;::ffff:52.84.45.47;,0.0,-,,,,,,,,,,,,,2023-12-20T08:59:01.2051484Z,,,,,,,22,,4220,WINDEV2309EVAL\User,S-1-5-18,59:01.1,5.0,"<Event xmlns=""http://schemas.microsoft.com/win/2004/08/events/event"">
  <System>
    <Provider Name=""Microsoft-Windows-Sysmon"" Guid=""{5770385f-c22a-43e0-bf4c-06f5698ffbd9}""/>
    <EventID>22</EventID>
    <Version>5</Version>
    <Level>4</Level>
    <Task>22</Task>
    <Opcode>0</Opcode>
    <Keywords>0x8000000000000000</Keywords>
    <TimeCreated SystemTime=""2023-12-20T08:59:01.2051484Z""/>
    <EventRecordID>5165</EventRecordID>
    <Correlation/>
    <Execution ProcessID=""3400"" ThreadID=""4220""/>
    <Channel>Microsoft-Windows-Sysmon/Operational</Channel>
    <Computer>WinDev2309Eval</Computer>
    <Security UserID=""S-1-5-18""/>
  </System>
  <EventData>
    <Data Name=""RuleName"">-</Data>
    <Data Name=""UtcTime"">2023-12-20 08:59:01.102</Data>
    <Data Name=""ProcessGuid"">{f57bd86a-1d66-6582-df00-000000000d00}</Data>
    <Data Name=""ProcessId"">8844</Data>
    <Data Name=""QueryName"">api2.branch.io</Data>
    <Data Name=""QueryStatus"">0</Data>
    <Data Name=""QueryResults"">::ffff:52.84.45.5;::ffff:52.84.45.127;::ffff:52.84.45.33;::ffff:52.84.45.47;</Data>
    <Data Name=""Image"">C:\Program Files (x86)\Microsoft\Edge\Application\msedge.exe</Data>
    <Data Name=""User"">WINDEV2309EVAL\User</Data>
  </EventData>
</Event>
"
Microsoft-Windows-Sysmon/Operational,,,WinDev2309Eval,,,,,,,,,,22,5164,,,,C:\Program Files (x86)\Microsoft\Edge\Application\msedge.exe,,,0x8000000000000000,4,,,,,0,,,,,,,{f57bd86a-1d66-6582-df00-000000000d00},3400,8844.0,,,app.link,::ffff:18.161.111.126;::ffff:18.161.111.108;::ffff:18.161.111.116;::ffff:18.161.111.68;,0.0,-,,,,,,,,,,,,,2023-12-20T08:59:01.2051216Z,,,,,,,22,,4220,WINDEV2309EVAL\User,S-1-5-18,59:00.6,5.0,"<Event xmlns=""http://schemas.microsoft.com/win/2004/08/events/event"">
  <System>
    <Provider Name=""Microsoft-Windows-Sysmon"" Guid=""{5770385f-c22a-43e0-bf4c-06f5698ffbd9}""/>
    <EventID>22</EventID>
    <Version>5</Version>
    <Level>4</Level>
    <Task>22</Task>
    <Opcode>0</Opcode>
    <Keywords>0x8000000000000000</Keywords>
    <TimeCreated SystemTime=""2023-12-20T08:59:01.2051216Z""/>
    <EventRecordID>5164</EventRecordID>
    <Correlation/>
    <Execution ProcessID=""3400"" ThreadID=""4220""/>
    <Channel>Microsoft-Windows-Sysmon/Operational</Channel>
    <Computer>WinDev2309Eval</Computer>
    <Security UserID=""S-1-5-18""/>
  </System>
  <EventData>
    <Data Name=""RuleName"">-</Data>
    <Data Name=""UtcTime"">2023-12-20 08:59:00.641</Data>
    <Data Name=""ProcessGuid"">{f57bd86a-1d66-6582-df00-000000000d00}</Data>
    <Data Name=""ProcessId"">8844</Data>
    <Data Name=""QueryName"">app.link</Data>
    <Data Name=""QueryStatus"">0</Data>
    <Data Name=""QueryResults"">::ffff:18.161.111.126;::ffff:18.161.111.108;::ffff:18.161.111.116;::ffff:18.161.111.68;</Data>
    <Data Name=""Image"">C:\Program Files (x86)\Microsoft\Edge\Application\msedge.exe</Data>
    <Data Name=""User"">WINDEV2309EVAL\User</Data>
  </EventData>
</Event>
"
Microsoft-Windows-Sysmon/Operational,,,WinDev2309Eval,,,,,,,,,,22,5163,,,,C:\Program Files (x86)\Microsoft\Edge\Application\msedge.exe,,,0x8000000000000000,4,,,,,0,,,,,,,{f57bd86a-1d66-6582-df00-000000000d00},3400,8844.0,,,cdn.branch.io,::ffff:18.161.111.68;::ffff:18.161.111.73;::ffff:18.161.111.82;::ffff:18.161.111.58;,0.0,-,,,,,,,,,,,,,2023-12-20T08:59:01.2050535Z,,,,,,,22,,4220,WINDEV2309EVAL\User,S-1-5-18,59:00.3,5.0,"<Event xmlns=""http://schemas.microsoft.com/win/2004/08/events/event"">
  <System>
    <Provider Name=""Microsoft-Windows-Sysmon"" Guid=""{5770385f-c22a-43e0-bf4c-06f5698ffbd9}""/>
    <EventID>22</EventID>
    <Version>5</Version>
    <Level>4</Level>
    <Task>22</Task>
    <Opcode>0</Opcode>
    <Keywords>0x8000000000000000</Keywords>
    <TimeCreated SystemTime=""2023-12-20T08:59:01.2050535Z""/>
    <EventRecordID>5163</EventRecordID>
    <Correlation/>
    <Execution ProcessID=""3400"" ThreadID=""4220""/>
    <Channel>Microsoft-Windows-Sysmon/Operational</Channel>
    <Computer>WinDev2309Eval</Computer>
    <Security UserID=""S-1-5-18""/>
  </System>
  <EventData>
    <Data Name=""RuleName"">-</Data>
    <Data Name=""UtcTime"">2023-12-20 08:59:00.309</Data>
    <Data Name=""ProcessGuid"">{f57bd86a-1d66-6582-df00-000000000d00}</Data>
    <Data Name=""ProcessId"">8844</Data>
    <Data Name=""QueryName"">cdn.branch.io</Data>
    <Data Name=""QueryStatus"">0</Data>
    <Data Name=""QueryResults"">::ffff:18.161.111.68;::ffff:18.161.111.73;::ffff:18.161.111.82;::ffff:18.161.111.58;</Data>
    <Data Name=""Image"">C:\Program Files (x86)\Microsoft\Edge\Application\msedge.exe</Data>
    <Data Name=""User"">WINDEV2309EVAL\User</Data>
  </EventData>
</Event>
"
Microsoft-Windows-Sysmon/Operational,,,WinDev2309Eval,,,,,,,,,,22,5162,,,,C:\Program Files (x86)\Microsoft\Edge\Application\msedge.exe,,,0x8000000000000000,4,,,,,0,,,,,,,{f57bd86a-1d66-6582-df00-000000000d00},3400,8844.0,,,glyph.medium.com,::ffff:162.159.153.4;::ffff:162.159.152.4;,0.0,-,,,,,,,,,,,,,2023-12-20T08:58:58.1712840Z,,,,,,,22,,4220,WINDEV2309EVAL\User,S-1-5-18,58:57.3,5.0,"<Event xmlns=""http://schemas.microsoft.com/win/2004/08/events/event"">
  <System>
    <Provider Name=""Microsoft-Windows-Sysmon"" Guid=""{5770385f-c22a-43e0-bf4c-06f5698ffbd9}""/>
    <EventID>22</EventID>
    <Version>5</Version>
    <Level>4</Level>
    <Task>22</Task>
    <Opcode>0</Opcode>
    <Keywords>0x8000000000000000</Keywords>
    <TimeCreated SystemTime=""2023-12-20T08:58:58.1712840Z""/>
    <EventRecordID>5162</EventRecordID>
    <Correlation/>
    <Execution ProcessID=""3400"" ThreadID=""4220""/>
    <Channel>Microsoft-Windows-Sysmon/Operational</Channel>
    <Computer>WinDev2309Eval</Computer>
    <Security UserID=""S-1-5-18""/>
  </System>
  <EventData>
    <Data Name=""RuleName"">-</Data>
    <Data Name=""UtcTime"">2023-12-20 08:58:57.318</Data>
    <Data Name=""ProcessGuid"">{f57bd86a-1d66-6582-df00-000000000d00}</Data>
    <Data Name=""ProcessId"">8844</Data>
    <Data Name=""QueryName"">glyph.medium.com</Data>
    <Data Name=""QueryStatus"">0</Data>
    <Data Name=""QueryResults"">::ffff:162.159.153.4;::ffff:162.159.152.4;</Data>
    <Data Name=""Image"">C:\Program Files (x86)\Microsoft\Edge\Application\msedge.exe</Data>
    <Data Name=""User"">WINDEV2309EVAL\User</Data>
  </EventData>
</Event>
"
Microsoft-Windows-Sysmon/Operational,,,WinDev2309Eval,,,,,,,,,,22,5161,,,,C:\Program Files (x86)\Microsoft\Edge\Application\msedge.exe,,,0x8000000000000000,4,,,,,0,,,,,,,{f57bd86a-1d66-6582-df00-000000000d00},3400,8844.0,,,ditrizna.medium.com,::ffff:162.159.153.4;::ffff:162.159.152.4;,0.0,-,,,,,,,,,,,,,2023-12-20T08:58:57.1606712Z,,,,,,,22,,4220,WINDEV2309EVAL\User,S-1-5-18,58:56.9,5.0,"<Event xmlns=""http://schemas.microsoft.com/win/2004/08/events/event"">
  <System>
    <Provider Name=""Microsoft-Windows-Sysmon"" Guid=""{5770385f-c22a-43e0-bf4c-06f5698ffbd9}""/>
    <EventID>22</EventID>
    <Version>5</Version>
    <Level>4</Level>
    <Task>22</Task>
    <Opcode>0</Opcode>
    <Keywords>0x8000000000000000</Keywords>
    <TimeCreated SystemTime=""2023-12-20T08:58:57.1606712Z""/>
    <EventRecordID>5161</EventRecordID>
    <Correlation/>
    <Execution ProcessID=""3400"" ThreadID=""4220""/>
    <Channel>Microsoft-Windows-Sysmon/Operational</Channel>
    <Computer>WinDev2309Eval</Computer>
    <Security UserID=""S-1-5-18""/>
  </System>
  <EventData>
    <Data Name=""RuleName"">-</Data>
    <Data Name=""UtcTime"">2023-12-20 08:58:56.922</Data>
    <Data Name=""ProcessGuid"">{f57bd86a-1d66-6582-df00-000000000d00}</Data>
    <Data Name=""ProcessId"">8844</Data>
    <Data Name=""QueryName"">ditrizna.medium.com</Data>
    <Data Name=""QueryStatus"">0</Data>
    <Data Name=""QueryResults"">::ffff:162.159.153.4;::ffff:162.159.152.4;</Data>
    <Data Name=""Image"">C:\Program Files (x86)\Microsoft\Edge\Application\msedge.exe</Data>
    <Data Name=""User"">WINDEV2309EVAL\User</Data>
  </EventData>
</Event>
"
Microsoft-Windows-Sysmon/Operational,,,WinDev2309Eval,,,,,,,,,,22,5160,,,,C:\Program Files (x86)\Microsoft\Edge\Application\msedge.exe,,,0x8000000000000000,4,,,,,0,,,,,,,{f57bd86a-1d66-6582-df00-000000000d00},3400,8844.0,,,bzib.nelreports.net,type: 5 bzib.nelreports.net.akamaized.net;type: 5 a416.dscd.akamai.net;::ffff:104.91.71.140;::ffff:104.91.71.133;,0.0,-,,,,,,,,,,,,,2023-12-20T08:58:56.1567489Z,,,,,,,22,,4220,WINDEV2309EVAL\User,S-1-5-18,58:55.1,5.0,"<Event xmlns=""http://schemas.microsoft.com/win/2004/08/events/event"">
  <System>
    <Provider Name=""Microsoft-Windows-Sysmon"" Guid=""{5770385f-c22a-43e0-bf4c-06f5698ffbd9}""/>
    <EventID>22</EventID>
    <Version>5</Version>
    <Level>4</Level>
    <Task>22</Task>
    <Opcode>0</Opcode>
    <Keywords>0x8000000000000000</Keywords>
    <TimeCreated SystemTime=""2023-12-20T08:58:56.1567489Z""/>
    <EventRecordID>5160</EventRecordID>
    <Correlation/>
    <Execution ProcessID=""3400"" ThreadID=""4220""/>
    <Channel>Microsoft-Windows-Sysmon/Operational</Channel>
    <Computer>WinDev2309Eval</Computer>
    <Security UserID=""S-1-5-18""/>
  </System>
  <EventData>
    <Data Name=""RuleName"">-</Data>
    <Data Name=""UtcTime"">2023-12-20 08:58:55.108</Data>
    <Data Name=""ProcessGuid"">{f57bd86a-1d66-6582-df00-000000000d00}</Data>
    <Data Name=""ProcessId"">8844</Data>
    <Data Name=""QueryName"">bzib.nelreports.net</Data>
    <Data Name=""QueryStatus"">0</Data>
    <Data Name=""QueryResults"">type: 5 bzib.nelreports.net.akamaized.net;type: 5 a416.dscd.akamai.net;::ffff:104.91.71.140;::ffff:104.91.71.133;</Data>
    <Data Name=""Image"">C:\Program Files (x86)\Microsoft\Edge\Application\msedge.exe</Data>
    <Data Name=""User"">WINDEV2309EVAL\User</Data>
  </EventData>
</Event>
"
Microsoft-Windows-Sysmon/Operational,,,WinDev2309Eval,,,,,,,,,,22,5159,,,,C:\Program Files (x86)\Microsoft\Edge\Application\msedge.exe,,,0x8000000000000000,4,,,,,0,,,,,,,{f57bd86a-1d66-6582-df00-000000000d00},3400,8844.0,,,r.msftstatic.com,type: 5 r-msftstatic-com.a-0016.a-msedge.net;type: 5 a-0016.a-msedge.net;::ffff:204.79.197.219;,0.0,-,,,,,,,,,,,,,2023-12-20T08:58:56.1567256Z,,,,,,,22,,4220,WINDEV2309EVAL\User,S-1-5-18,58:55.1,5.0,"<Event xmlns=""http://schemas.microsoft.com/win/2004/08/events/event"">
  <System>
    <Provider Name=""Microsoft-Windows-Sysmon"" Guid=""{5770385f-c22a-43e0-bf4c-06f5698ffbd9}""/>
    <EventID>22</EventID>
    <Version>5</Version>
    <Level>4</Level>
    <Task>22</Task>
    <Opcode>0</Opcode>
    <Keywords>0x8000000000000000</Keywords>
    <TimeCreated SystemTime=""2023-12-20T08:58:56.1567256Z""/>
    <EventRecordID>5159</EventRecordID>
    <Correlation/>
    <Execution ProcessID=""3400"" ThreadID=""4220""/>
    <Channel>Microsoft-Windows-Sysmon/Operational</Channel>
    <Computer>WinDev2309Eval</Computer>
    <Security UserID=""S-1-5-18""/>
  </System>
  <EventData>
    <Data Name=""RuleName"">-</Data>
    <Data Name=""UtcTime"">2023-12-20 08:58:55.106</Data>
    <Data Name=""ProcessGuid"">{f57bd86a-1d66-6582-df00-000000000d00}</Data>
    <Data Name=""ProcessId"">8844</Data>
    <Data Name=""QueryName"">r.msftstatic.com</Data>
    <Data Name=""QueryStatus"">0</Data>
    <Data Name=""QueryResults"">type: 5 r-msftstatic-com.a-0016.a-msedge.net;type: 5 a-0016.a-msedge.net;::ffff:204.79.197.219;</Data>
    <Data Name=""Image"">C:\Program Files (x86)\Microsoft\Edge\Application\msedge.exe</Data>
    <Data Name=""User"">WINDEV2309EVAL\User</Data>
  </EventData>
</Event>
"
Microsoft-Windows-Sysmon/Operational,"""C:\Program Files (x86)\Microsoft\Edge\Application\msedge.exe"" --type=utility --utility-sub-type=data_decoder.mojom.DataDecoderService --lang=en-US --service-sandbox-type=service --mojo-platform-channel-handle=4784 --field-trial-handle=2156,i,16945776307217893774,16308656450962906077,262144 --variations-seed-version /prefetch:8",Microsoft Corporation,WinDev2309Eval,,C:\Program Files (x86)\Microsoft\Edge\Application\120.0.2210.77\,Microsoft Edge,,,,,,,1,5158,,120.0.2210.77,"MD5=D15351223DB85EF35A5B12B7CF8B0167,SHA256=58AF814EA8E7D7BFE20C2E55F3DAA6DDBE8DB2E8C34C264677A05A79F93BBDE7,IMPHASH=EA4CA1F8E3B3D9373D39C13FD1348A63",C:\Program Files (x86)\Microsoft\Edge\Application\msedge.exe,,Low,0x8000000000000000,4,{f57bd86a-1d4d-6582-671c-160000000000},0x161c67,,,0,msedge.exe,"""C:\Program Files (x86)\Microsoft\Edge\Application\msedge.exe"" --no-startup-window --win-session-start",C:\Program Files (x86)\Microsoft\Edge\Application\msedge.exe,{f57bd86a-1d66-6582-dc00-000000000d00},8616.0,WINDEV2309EVAL\User,{f57bd86a-acce-6582-9502-000000000d00},3400,5588.0,Microsoft Edge,,,,,-,,,,,,,,,,,,,2023-12-20T08:58:54.6555241Z,,,,,,,1,1.0,4208,WINDEV2309EVAL\User,S-1-5-18,58:54.7,5.0,"<Event xmlns=""http://schemas.microsoft.com/win/2004/08/events/event"">
  <System>
    <Provider Name=""Microsoft-Windows-Sysmon"" Guid=""{5770385f-c22a-43e0-bf4c-06f5698ffbd9}""/>
    <EventID>1</EventID>
    <Version>5</Version>
    <Level>4</Level>
    <Task>1</Task>
    <Opcode>0</Opcode>
    <Keywords>0x8000000000000000</Keywords>
    <TimeCreated SystemTime=""2023-12-20T08:58:54.6555241Z""/>
    <EventRecordID>5158</EventRecordID>
    <Correlation/>
    <Execution ProcessID=""3400"" ThreadID=""4208""/>
    <Channel>Microsoft-Windows-Sysmon/Operational</Channel>
    <Computer>WinDev2309Eval</Computer>
    <Security UserID=""S-1-5-18""/>
  </System>
  <EventData>
    <Data Name=""RuleName"">-</Data>
    <Data Name=""UtcTime"">2023-12-20 08:58:54.652</Data>
    <Data Name=""ProcessGuid"">{f57bd86a-acce-6582-9502-000000000d00}</Data>
    <Data Name=""ProcessId"">5588</Data>
    <Data Name=""Image"">C:\Program Files (x86)\Microsoft\Edge\Application\msedge.exe</Data>
    <Data Name=""FileVersion"">120.0.2210.77</Data>
    <Data Name=""Description"">Microsoft Edge</Data>
    <Data Name=""Product"">Microsoft Edge</Data>
    <Data Name=""Company"">Microsoft Corporation</Data>
    <Data Name=""OriginalFileName"">msedge.exe</Data>
    <Data Name=""CommandLine"">""C:\Program Files (x86)\Microsoft\Edge\Application\msedge.exe"" --type=utility --utility-sub-type=data_decoder.mojom.DataDecoderService --lang=en-US --service-sandbox-type=service --mojo-platform-channel-handle=4784 --field-trial-handle=2156,i,16945776307217893774,16308656450962906077,262144 --variations-seed-version /prefetch:8</Data>
    <Data Name=""CurrentDirectory"">C:\Program Files (x86)\Microsoft\Edge\Application\120.0.2210.77\</Data>
    <Data Name=""User"">WINDEV2309EVAL\User</Data>
    <Data Name=""LogonGuid"">{f57bd86a-1d4d-6582-671c-160000000000}</Data>
    <Data Name=""LogonId"">0x161c67</Data>
    <Data Name=""TerminalSessionId"">1</Data>
    <Data Name=""IntegrityLevel"">Low</Data>
    <Data Name=""Hashes"">MD5=D15351223DB85EF35A5B12B7CF8B0167,SHA256=58AF814EA8E7D7BFE20C2E55F3DAA6DDBE8DB2E8C34C264677A05A79F93BBDE7,IMPHASH=EA4CA1F8E3B3D9373D39C13FD1348A63</Data>
    <Data Name=""ParentProcessGuid"">{f57bd86a-1d66-6582-dc00-000000000d00}</Data>
    <Data Name=""ParentProcessId"">8616</Data>
    <Data Name=""ParentImage"">C:\Program Files (x86)\Microsoft\Edge\Application\msedge.exe</Data>
    <Data Name=""ParentCommandLine"">""C:\Program Files (x86)\Microsoft\Edge\Application\msedge.exe"" --no-startup-window --win-session-start</Data>
    <Data Name=""ParentUser"">WINDEV2309EVAL\User</Data>
  </EventData>
</Event>
"
Microsoft-Windows-Sysmon/Operational,"""C:\Program Files (x86)\Microsoft\Edge\Application\msedge.exe"" --type=utility --utility-sub-type=asset_store.mojom.AssetStoreService --lang=en-US --service-sandbox-type=asset_store_service --mojo-platform-channel-handle=1700 --field-trial-handle=2156,i,16945776307217893774,16308656450962906077,262144 --variations-seed-version /prefetch:8",Microsoft Corporation,WinDev2309Eval,,C:\Program Files (x86)\Microsoft\Edge\Application\120.0.2210.77\,Microsoft Edge,,,,,,,1,5157,,120.0.2210.77,"MD5=D15351223DB85EF35A5B12B7CF8B0167,SHA256=58AF814EA8E7D7BFE20C2E55F3DAA6DDBE8DB2E8C34C264677A05A79F93BBDE7,IMPHASH=EA4CA1F8E3B3D9373D39C13FD1348A63",C:\Program Files (x86)\Microsoft\Edge\Application\msedge.exe,,Low,0x8000000000000000,4,{f57bd86a-1d4d-6582-671c-160000000000},0x161c67,,,0,msedge.exe,"""C:\Program Files (x86)\Microsoft\Edge\Application\msedge.exe"" --no-startup-window --win-session-start",C:\Program Files (x86)\Microsoft\Edge\Application\msedge.exe,{f57bd86a-1d66-6582-dc00-000000000d00},8616.0,WINDEV2309EVAL\User,{f57bd86a-acce-6582-9402-000000000d00},3400,9324.0,Microsoft Edge,,,,,-,,,,,,,,,,,,,2023-12-20T08:58:54.3196064Z,,,,,,,1,1.0,4208,WINDEV2309EVAL\User,S-1-5-18,58:54.3,5.0,"<Event xmlns=""http://schemas.microsoft.com/win/2004/08/events/event"">
  <System>
    <Provider Name=""Microsoft-Windows-Sysmon"" Guid=""{5770385f-c22a-43e0-bf4c-06f5698ffbd9}""/>
    <EventID>1</EventID>
    <Version>5</Version>
    <Level>4</Level>
    <Task>1</Task>
    <Opcode>0</Opcode>
    <Keywords>0x8000000000000000</Keywords>
    <TimeCreated SystemTime=""2023-12-20T08:58:54.3196064Z""/>
    <EventRecordID>5157</EventRecordID>
    <Correlation/>
    <Execution ProcessID=""3400"" ThreadID=""4208""/>
    <Channel>Microsoft-Windows-Sysmon/Operational</Channel>
    <Computer>WinDev2309Eval</Computer>
    <Security UserID=""S-1-5-18""/>
  </System>
  <EventData>
    <Data Name=""RuleName"">-</Data>
    <Data Name=""UtcTime"">2023-12-20 08:58:54.306</Data>
    <Data Name=""ProcessGuid"">{f57bd86a-acce-6582-9402-000000000d00}</Data>
    <Data Name=""ProcessId"">9324</Data>
    <Data Name=""Image"">C:\Program Files (x86)\Microsoft\Edge\Application\msedge.exe</Data>
    <Data Name=""FileVersion"">120.0.2210.77</Data>
    <Data Name=""Description"">Microsoft Edge</Data>
    <Data Name=""Product"">Microsoft Edge</Data>
    <Data Name=""Company"">Microsoft Corporation</Data>
    <Data Name=""OriginalFileName"">msedge.exe</Data>
    <Data Name=""CommandLine"">""C:\Program Files (x86)\Microsoft\Edge\Application\msedge.exe"" --type=utility --utility-sub-type=asset_store.mojom.AssetStoreService --lang=en-US --service-sandbox-type=asset_store_service --mojo-platform-channel-handle=1700 --field-trial-handle=2156,i,16945776307217893774,16308656450962906077,262144 --variations-seed-version /prefetch:8</Data>
    <Data Name=""CurrentDirectory"">C:\Program Files (x86)\Microsoft\Edge\Application\120.0.2210.77\</Data>
    <Data Name=""User"">WINDEV2309EVAL\User</Data>
    <Data Name=""LogonGuid"">{f57bd86a-1d4d-6582-671c-160000000000}</Data>
    <Data Name=""LogonId"">0x161c67</Data>
    <Data Name=""TerminalSessionId"">1</Data>
    <Data Name=""IntegrityLevel"">Low</Data>
    <Data Name=""Hashes"">MD5=D15351223DB85EF35A5B12B7CF8B0167,SHA256=58AF814EA8E7D7BFE20C2E55F3DAA6DDBE8DB2E8C34C264677A05A79F93BBDE7,IMPHASH=EA4CA1F8E3B3D9373D39C13FD1348A63</Data>
    <Data Name=""ParentProcessGuid"">{f57bd86a-1d66-6582-dc00-000000000d00}</Data>
    <Data Name=""ParentProcessId"">8616</Data>
    <Data Name=""ParentImage"">C:\Program Files (x86)\Microsoft\Edge\Application\msedge.exe</Data>
    <Data Name=""ParentCommandLine"">""C:\Program Files (x86)\Microsoft\Edge\Application\msedge.exe"" --no-startup-window --win-session-start</Data>
    <Data Name=""ParentUser"">WINDEV2309EVAL\User</Data>
  </EventData>
</Event>
"
Microsoft-Windows-Sysmon/Operational,"""C:\Program Files (x86)\Microsoft\Edge\Application\msedge.exe"" --profile-directory=Default",Microsoft Corporation,WinDev2309Eval,,C:\Program Files (x86)\Microsoft\Edge\Application\,Microsoft Edge,,,,,,,1,5156,,120.0.2210.77,"MD5=D15351223DB85EF35A5B12B7CF8B0167,SHA256=58AF814EA8E7D7BFE20C2E55F3DAA6DDBE8DB2E8C34C264677A05A79F93BBDE7,IMPHASH=EA4CA1F8E3B3D9373D39C13FD1348A63",C:\Program Files (x86)\Microsoft\Edge\Application\msedge.exe,,Medium,0x8000000000000000,4,{f57bd86a-1d4d-6582-671c-160000000000},0x161c67,,,0,msedge.exe,C:\Windows\Explorer.EXE,C:\Windows\explorer.exe,{f57bd86a-1d4e-6582-ad00-000000000d00},5008.0,WINDEV2309EVAL\User,{f57bd86a-acce-6582-9302-000000000d00},3400,5888.0,Microsoft Edge,,,,,-,,,,,,,,,,,,,2023-12-20T08:58:54.0248461Z,,,,,,,1,1.0,4208,WINDEV2309EVAL\User,S-1-5-18,58:54.0,5.0,"<Event xmlns=""http://schemas.microsoft.com/win/2004/08/events/event"">
  <System>
    <Provider Name=""Microsoft-Windows-Sysmon"" Guid=""{5770385f-c22a-43e0-bf4c-06f5698ffbd9}""/>
    <EventID>1</EventID>
    <Version>5</Version>
    <Level>4</Level>
    <Task>1</Task>
    <Opcode>0</Opcode>
    <Keywords>0x8000000000000000</Keywords>
    <TimeCreated SystemTime=""2023-12-20T08:58:54.0248461Z""/>
    <EventRecordID>5156</EventRecordID>
    <Correlation/>
    <Execution ProcessID=""3400"" ThreadID=""4208""/>
    <Channel>Microsoft-Windows-Sysmon/Operational</Channel>
    <Computer>WinDev2309Eval</Computer>
    <Security UserID=""S-1-5-18""/>
  </System>
  <EventData>
    <Data Name=""RuleName"">-</Data>
    <Data Name=""UtcTime"">2023-12-20 08:58:54.022</Data>
    <Data Name=""ProcessGuid"">{f57bd86a-acce-6582-9302-000000000d00}</Data>
    <Data Name=""ProcessId"">5888</Data>
    <Data Name=""Image"">C:\Program Files (x86)\Microsoft\Edge\Application\msedge.exe</Data>
    <Data Name=""FileVersion"">120.0.2210.77</Data>
    <Data Name=""Description"">Microsoft Edge</Data>
    <Data Name=""Product"">Microsoft Edge</Data>
    <Data Name=""Company"">Microsoft Corporation</Data>
    <Data Name=""OriginalFileName"">msedge.exe</Data>
    <Data Name=""CommandLine"">""C:\Program Files (x86)\Microsoft\Edge\Application\msedge.exe"" --profile-directory=Default</Data>
    <Data Name=""CurrentDirectory"">C:\Program Files (x86)\Microsoft\Edge\Application\</Data>
    <Data Name=""User"">WINDEV2309EVAL\User</Data>
    <Data Name=""LogonGuid"">{f57bd86a-1d4d-6582-671c-160000000000}</Data>
    <Data Name=""LogonId"">0x161c67</Data>
    <Data Name=""TerminalSessionId"">1</Data>
    <Data Name=""IntegrityLevel"">Medium</Data>
    <Data Name=""Hashes"">MD5=D15351223DB85EF35A5B12B7CF8B0167,SHA256=58AF814EA8E7D7BFE20C2E55F3DAA6DDBE8DB2E8C34C264677A05A79F93BBDE7,IMPHASH=EA4CA1F8E3B3D9373D39C13FD1348A63</Data>
    <Data Name=""ParentProcessGuid"">{f57bd86a-1d4e-6582-ad00-000000000d00}</Data>
    <Data Name=""ParentProcessId"">5008</Data>
    <Data Name=""ParentImage"">C:\Windows\explorer.exe</Data>
    <Data Name=""ParentCommandLine"">C:\Windows\Explorer.EXE</Data>
    <Data Name=""ParentUser"">WINDEV2309EVAL\User</Data>
  </EventData>
</Event>
"
