Channel,CommandLine,Company,Computer,CreationUtcTime,CurrentDirectory,Description,DestinationHostname,DestinationIp,DestinationIsIpv6,DestinationPort,DestinationPortName,Details,EventID,EventRecordID,EventType,FileVersion,Hashes,Image,Initiated,IntegrityLevel,Keywords,Level,LogonGuid,LogonId,Message,NewThreadId,Opcode,OriginalFileName,ParentCommandLine,ParentImage,ParentProcessGuid,ParentProcessId,ParentUser,ProcessGuid,ProcessID,ProcessId,Product,Protocol,QueryName,QueryResults,QueryStatus,RuleName,SourceHostname,SourceImage,SourceIp,SourceIsIpv6,SourcePort,SourcePortName,SourceProcessGuid,SourceProcessId,SourceUser,StartAddress,StartFunction,StartModule,SystemTime,TargetFilename,TargetImage,TargetObject,TargetProcessGuid,TargetProcessId,TargetUser,Task,TerminalSessionId,ThreadID,User,UserID,UtcTime,Version,raw
Microsoft-Windows-Sysmon/Operational,,,WinDev2309Eval,,,,,,,,,microsoft corporation,13,2295,SetValue,,,C:\Windows\system32\compattelrunner.exe,,,0x8000000000000000,4,,,,,0,,,,,,,{f57bd86a-0db8-6582-d405-000000000b00},10484,3276.0,,,,,,InvDB-Pub,,,,,,,,,,,,,2023-12-19T21:40:10.8305160Z,,,\REGISTRY\A\{bd75d637-a777-f887-435f-6fd9b1f1f54b}\Root\InventoryApplicationFile\testhost.net471.|71735a54926ac552\Publisher,,,,13,,10592,NT AUTHORITY\SYSTEM,S-1-5-18,40:10.8,2.0,"<Event xmlns=""http://schemas.microsoft.com/win/2004/08/events/event"">
  <System>
    <Provider Name=""Microsoft-Windows-Sysmon"" Guid=""{5770385f-c22a-43e0-bf4c-06f5698ffbd9}""/>
    <EventID>13</EventID>
    <Version>2</Version>
    <Level>4</Level>
    <Task>13</Task>
    <Opcode>0</Opcode>
    <Keywords>0x8000000000000000</Keywords>
    <TimeCreated SystemTime=""2023-12-19T21:40:10.8305160Z""/>
    <EventRecordID>2295</EventRecordID>
    <Correlation/>
    <Execution ProcessID=""10484"" ThreadID=""10592""/>
    <Channel>Microsoft-Windows-Sysmon/Operational</Channel>
    <Computer>WinDev2309Eval</Computer>
    <Security UserID=""S-1-5-18""/>
  </System>
  <EventData>
    <Data Name=""RuleName"">InvDB-Pub</Data>
    <Data Name=""EventType"">SetValue</Data>
    <Data Name=""UtcTime"">2023-12-19 21:40:10.826</Data>
    <Data Name=""ProcessGuid"">{f57bd86a-0db8-6582-d405-000000000b00}</Data>
    <Data Name=""ProcessId"">3276</Data>
    <Data Name=""Image"">C:\Windows\system32\compattelrunner.exe</Data>
    <Data Name=""TargetObject"">\REGISTRY\A\{bd75d637-a777-f887-435f-6fd9b1f1f54b}\Root\InventoryApplicationFile\testhost.net471.|71735a54926ac552\Publisher</Data>
    <Data Name=""Details"">microsoft corporation</Data>
    <Data Name=""User"">NT AUTHORITY\SYSTEM</Data>
  </EventData>
</Event>
"
Microsoft-Windows-Sysmon/Operational,,,WinDev2309Eval,,,,,,,,,c:\program files\dotnet\sdk\7.0.401\testhostnetframework\testhost.net471.exe,13,2294,SetValue,,,C:\Windows\system32\compattelrunner.exe,,,0x8000000000000000,4,,,,,0,,,,,,,{f57bd86a-0db8-6582-d405-000000000b00},10484,3276.0,,,,,,InvDB-Path,,,,,,,,,,,,,2023-12-19T21:40:10.8303549Z,,,\REGISTRY\A\{bd75d637-a777-f887-435f-6fd9b1f1f54b}\Root\InventoryApplicationFile\testhost.net471.|71735a54926ac552\LowerCaseLongPath,,,,13,,10592,NT AUTHORITY\SYSTEM,S-1-5-18,40:10.8,2.0,"<Event xmlns=""http://schemas.microsoft.com/win/2004/08/events/event"">
  <System>
    <Provider Name=""Microsoft-Windows-Sysmon"" Guid=""{5770385f-c22a-43e0-bf4c-06f5698ffbd9}""/>
    <EventID>13</EventID>
    <Version>2</Version>
    <Level>4</Level>
    <Task>13</Task>
    <Opcode>0</Opcode>
    <Keywords>0x8000000000000000</Keywords>
    <TimeCreated SystemTime=""2023-12-19T21:40:10.8303549Z""/>
    <EventRecordID>2294</EventRecordID>
    <Correlation/>
    <Execution ProcessID=""10484"" ThreadID=""10592""/>
    <Channel>Microsoft-Windows-Sysmon/Operational</Channel>
    <Computer>WinDev2309Eval</Computer>
    <Security UserID=""S-1-5-18""/>
  </System>
  <EventData>
    <Data Name=""RuleName"">InvDB-Path</Data>
    <Data Name=""EventType"">SetValue</Data>
    <Data Name=""UtcTime"">2023-12-19 21:40:10.826</Data>
    <Data Name=""ProcessGuid"">{f57bd86a-0db8-6582-d405-000000000b00}</Data>
    <Data Name=""ProcessId"">3276</Data>
    <Data Name=""Image"">C:\Windows\system32\compattelrunner.exe</Data>
    <Data Name=""TargetObject"">\REGISTRY\A\{bd75d637-a777-f887-435f-6fd9b1f1f54b}\Root\InventoryApplicationFile\testhost.net471.|71735a54926ac552\LowerCaseLongPath</Data>
    <Data Name=""Details"">c:\program files\dotnet\sdk\7.0.401\testhostnetframework\testhost.net471.exe</Data>
    <Data Name=""User"">NT AUTHORITY\SYSTEM</Data>
  </EventData>
</Event>
"
Microsoft-Windows-Sysmon/Operational,,,WinDev2309Eval,,,,,,,,,17.7.1.0,13,2293,SetValue,,,C:\Windows\system32\compattelrunner.exe,,,0x8000000000000000,4,,,,,0,,,,,,,{f57bd86a-0db8-6582-d405-000000000b00},10484,3276.0,,,,,,InvDB-Ver,,,,,,,,,,,,,2023-12-19T21:40:10.8294983Z,,,\REGISTRY\A\{bd75d637-a777-f887-435f-6fd9b1f1f54b}\Root\InventoryApplicationFile\testhost.net471.|5ee0aeca8f6d4fb7\BinProductVersion,,,,13,,10592,NT AUTHORITY\SYSTEM,S-1-5-18,40:10.8,2.0,"<Event xmlns=""http://schemas.microsoft.com/win/2004/08/events/event"">
  <System>
    <Provider Name=""Microsoft-Windows-Sysmon"" Guid=""{5770385f-c22a-43e0-bf4c-06f5698ffbd9}""/>
    <EventID>13</EventID>
    <Version>2</Version>
    <Level>4</Level>
    <Task>13</Task>
    <Opcode>0</Opcode>
    <Keywords>0x8000000000000000</Keywords>
    <TimeCreated SystemTime=""2023-12-19T21:40:10.8294983Z""/>
    <EventRecordID>2293</EventRecordID>
    <Correlation/>
    <Execution ProcessID=""10484"" ThreadID=""10592""/>
    <Channel>Microsoft-Windows-Sysmon/Operational</Channel>
    <Computer>WinDev2309Eval</Computer>
    <Security UserID=""S-1-5-18""/>
  </System>
  <EventData>
    <Data Name=""RuleName"">InvDB-Ver</Data>
    <Data Name=""EventType"">SetValue</Data>
    <Data Name=""UtcTime"">2023-12-19 21:40:10.826</Data>
    <Data Name=""ProcessGuid"">{f57bd86a-0db8-6582-d405-000000000b00}</Data>
    <Data Name=""ProcessId"">3276</Data>
    <Data Name=""Image"">C:\Windows\system32\compattelrunner.exe</Data>
    <Data Name=""TargetObject"">\REGISTRY\A\{bd75d637-a777-f887-435f-6fd9b1f1f54b}\Root\InventoryApplicationFile\testhost.net471.|5ee0aeca8f6d4fb7\BinProductVersion</Data>
    <Data Name=""Details"">17.7.1.0</Data>
    <Data Name=""User"">NT AUTHORITY\SYSTEM</Data>
  </EventData>
</Event>
"
Microsoft-Windows-Sysmon/Operational,,,WinDev2309Eval,,,,,,,,,2/4/2068 11:49,13,2292,SetValue,,,C:\Windows\system32\compattelrunner.exe,,,0x8000000000000000,4,,,,,0,,,,,,,{f57bd86a-0db8-6582-d405-000000000b00},10484,3276.0,,,,,,InvDB-CompileTimeClaim,,,,,,,,,,,,,2023-12-19T21:40:10.8293774Z,,,\REGISTRY\A\{bd75d637-a777-f887-435f-6fd9b1f1f54b}\Root\InventoryApplicationFile\testhost.net471.|5ee0aeca8f6d4fb7\LinkDate,,,,13,,10592,NT AUTHORITY\SYSTEM,S-1-5-18,40:10.8,2.0,"<Event xmlns=""http://schemas.microsoft.com/win/2004/08/events/event"">
  <System>
    <Provider Name=""Microsoft-Windows-Sysmon"" Guid=""{5770385f-c22a-43e0-bf4c-06f5698ffbd9}""/>
    <EventID>13</EventID>
    <Version>2</Version>
    <Level>4</Level>
    <Task>13</Task>
    <Opcode>0</Opcode>
    <Keywords>0x8000000000000000</Keywords>
    <TimeCreated SystemTime=""2023-12-19T21:40:10.8293774Z""/>
    <EventRecordID>2292</EventRecordID>
    <Correlation/>
    <Execution ProcessID=""10484"" ThreadID=""10592""/>
    <Channel>Microsoft-Windows-Sysmon/Operational</Channel>
    <Computer>WinDev2309Eval</Computer>
    <Security UserID=""S-1-5-18""/>
  </System>
  <EventData>
    <Data Name=""RuleName"">InvDB-CompileTimeClaim</Data>
    <Data Name=""EventType"">SetValue</Data>
    <Data Name=""UtcTime"">2023-12-19 21:40:10.826</Data>
    <Data Name=""ProcessGuid"">{f57bd86a-0db8-6582-d405-000000000b00}</Data>
    <Data Name=""ProcessId"">3276</Data>
    <Data Name=""Image"">C:\Windows\system32\compattelrunner.exe</Data>
    <Data Name=""TargetObject"">\REGISTRY\A\{bd75d637-a777-f887-435f-6fd9b1f1f54b}\Root\InventoryApplicationFile\testhost.net471.|5ee0aeca8f6d4fb7\LinkDate</Data>
    <Data Name=""Details"">02/04/2068 11:49:02</Data>
    <Data Name=""User"">NT AUTHORITY\SYSTEM</Data>
  </EventData>
</Event>
"
Microsoft-Windows-Sysmon/Operational,,,WinDev2309Eval,,,,,,,,,microsoft corporation,13,2291,SetValue,,,C:\Windows\system32\compattelrunner.exe,,,0x8000000000000000,4,,,,,0,,,,,,,{f57bd86a-0db8-6582-d405-000000000b00},10484,3276.0,,,,,,InvDB-Pub,,,,,,,,,,,,,2023-12-19T21:40:10.8290555Z,,,\REGISTRY\A\{bd75d637-a777-f887-435f-6fd9b1f1f54b}\Root\InventoryApplicationFile\testhost.net471.|5ee0aeca8f6d4fb7\Publisher,,,,13,,10592,NT AUTHORITY\SYSTEM,S-1-5-18,40:10.8,2.0,"<Event xmlns=""http://schemas.microsoft.com/win/2004/08/events/event"">
  <System>
    <Provider Name=""Microsoft-Windows-Sysmon"" Guid=""{5770385f-c22a-43e0-bf4c-06f5698ffbd9}""/>
    <EventID>13</EventID>
    <Version>2</Version>
    <Level>4</Level>
    <Task>13</Task>
    <Opcode>0</Opcode>
    <Keywords>0x8000000000000000</Keywords>
    <TimeCreated SystemTime=""2023-12-19T21:40:10.8290555Z""/>
    <EventRecordID>2291</EventRecordID>
    <Correlation/>
    <Execution ProcessID=""10484"" ThreadID=""10592""/>
    <Channel>Microsoft-Windows-Sysmon/Operational</Channel>
    <Computer>WinDev2309Eval</Computer>
    <Security UserID=""S-1-5-18""/>
  </System>
  <EventData>
    <Data Name=""RuleName"">InvDB-Pub</Data>
    <Data Name=""EventType"">SetValue</Data>
    <Data Name=""UtcTime"">2023-12-19 21:40:10.826</Data>
    <Data Name=""ProcessGuid"">{f57bd86a-0db8-6582-d405-000000000b00}</Data>
    <Data Name=""ProcessId"">3276</Data>
    <Data Name=""Image"">C:\Windows\system32\compattelrunner.exe</Data>
    <Data Name=""TargetObject"">\REGISTRY\A\{bd75d637-a777-f887-435f-6fd9b1f1f54b}\Root\InventoryApplicationFile\testhost.net471.|5ee0aeca8f6d4fb7\Publisher</Data>
    <Data Name=""Details"">microsoft corporation</Data>
    <Data Name=""User"">NT AUTHORITY\SYSTEM</Data>
  </EventData>
</Event>
"
Microsoft-Windows-Sysmon/Operational,,,WinDev2309Eval,,,,,,,,,c:\program files\dotnet\sdk\7.0.401\testhostnetframework\testhost.net471.arm64.exe,13,2290,SetValue,,,C:\Windows\system32\compattelrunner.exe,,,0x8000000000000000,4,,,,,0,,,,,,,{f57bd86a-0db8-6582-d405-000000000b00},10484,3276.0,,,,,,InvDB-Path,,,,,,,,,,,,,2023-12-19T21:40:10.8287678Z,,,\REGISTRY\A\{bd75d637-a777-f887-435f-6fd9b1f1f54b}\Root\InventoryApplicationFile\testhost.net471.|5ee0aeca8f6d4fb7\LowerCaseLongPath,,,,13,,10592,NT AUTHORITY\SYSTEM,S-1-5-18,40:10.8,2.0,"<Event xmlns=""http://schemas.microsoft.com/win/2004/08/events/event"">
  <System>
    <Provider Name=""Microsoft-Windows-Sysmon"" Guid=""{5770385f-c22a-43e0-bf4c-06f5698ffbd9}""/>
    <EventID>13</EventID>
    <Version>2</Version>
    <Level>4</Level>
    <Task>13</Task>
    <Opcode>0</Opcode>
    <Keywords>0x8000000000000000</Keywords>
    <TimeCreated SystemTime=""2023-12-19T21:40:10.8287678Z""/>
    <EventRecordID>2290</EventRecordID>
    <Correlation/>
    <Execution ProcessID=""10484"" ThreadID=""10592""/>
    <Channel>Microsoft-Windows-Sysmon/Operational</Channel>
    <Computer>WinDev2309Eval</Computer>
    <Security UserID=""S-1-5-18""/>
  </System>
  <EventData>
    <Data Name=""RuleName"">InvDB-Path</Data>
    <Data Name=""EventType"">SetValue</Data>
    <Data Name=""UtcTime"">2023-12-19 21:40:10.826</Data>
    <Data Name=""ProcessGuid"">{f57bd86a-0db8-6582-d405-000000000b00}</Data>
    <Data Name=""ProcessId"">3276</Data>
    <Data Name=""Image"">C:\Windows\system32\compattelrunner.exe</Data>
    <Data Name=""TargetObject"">\REGISTRY\A\{bd75d637-a777-f887-435f-6fd9b1f1f54b}\Root\InventoryApplicationFile\testhost.net471.|5ee0aeca8f6d4fb7\LowerCaseLongPath</Data>
    <Data Name=""Details"">c:\program files\dotnet\sdk\7.0.401\testhostnetframework\testhost.net471.arm64.exe</Data>
    <Data Name=""User"">NT AUTHORITY\SYSTEM</Data>
  </EventData>
</Event>
"
Microsoft-Windows-Sysmon/Operational,,,WinDev2309Eval,,,,,,,,,17.7.1.0,13,2289,SetValue,,,C:\Windows\system32\compattelrunner.exe,,,0x8000000000000000,4,,,,,0,,,,,,,{f57bd86a-0db8-6582-d405-000000000b00},10484,3276.0,,,,,,InvDB-Ver,,,,,,,,,,,,,2023-12-19T21:40:10.8280898Z,,,\REGISTRY\A\{bd75d637-a777-f887-435f-6fd9b1f1f54b}\Root\InventoryApplicationFile\testhost.net471.|1e99db9dcd792c41\BinProductVersion,,,,13,,10592,NT AUTHORITY\SYSTEM,S-1-5-18,40:10.8,2.0,"<Event xmlns=""http://schemas.microsoft.com/win/2004/08/events/event"">
  <System>
    <Provider Name=""Microsoft-Windows-Sysmon"" Guid=""{5770385f-c22a-43e0-bf4c-06f5698ffbd9}""/>
    <EventID>13</EventID>
    <Version>2</Version>
    <Level>4</Level>
    <Task>13</Task>
    <Opcode>0</Opcode>
    <Keywords>0x8000000000000000</Keywords>
    <TimeCreated SystemTime=""2023-12-19T21:40:10.8280898Z""/>
    <EventRecordID>2289</EventRecordID>
    <Correlation/>
    <Execution ProcessID=""10484"" ThreadID=""10592""/>
    <Channel>Microsoft-Windows-Sysmon/Operational</Channel>
    <Computer>WinDev2309Eval</Computer>
    <Security UserID=""S-1-5-18""/>
  </System>
  <EventData>
    <Data Name=""RuleName"">InvDB-Ver</Data>
    <Data Name=""EventType"">SetValue</Data>
    <Data Name=""UtcTime"">2023-12-19 21:40:10.826</Data>
    <Data Name=""ProcessGuid"">{f57bd86a-0db8-6582-d405-000000000b00}</Data>
    <Data Name=""ProcessId"">3276</Data>
    <Data Name=""Image"">C:\Windows\system32\compattelrunner.exe</Data>
    <Data Name=""TargetObject"">\REGISTRY\A\{bd75d637-a777-f887-435f-6fd9b1f1f54b}\Root\InventoryApplicationFile\testhost.net471.|1e99db9dcd792c41\BinProductVersion</Data>
    <Data Name=""Details"">17.7.1.0</Data>
    <Data Name=""User"">NT AUTHORITY\SYSTEM</Data>
  </EventData>
</Event>
"
Microsoft-Windows-Sysmon/Operational,,,WinDev2309Eval,,,,,,,,,10/15/2040 10:02,13,2288,SetValue,,,C:\Windows\system32\compattelrunner.exe,,,0x8000000000000000,4,,,,,0,,,,,,,{f57bd86a-0db8-6582-d405-000000000b00},10484,3276.0,,,,,,InvDB-CompileTimeClaim,,,,,,,,,,,,,2023-12-19T21:40:10.8280129Z,,,\REGISTRY\A\{bd75d637-a777-f887-435f-6fd9b1f1f54b}\Root\InventoryApplicationFile\testhost.net471.|1e99db9dcd792c41\LinkDate,,,,13,,10592,NT AUTHORITY\SYSTEM,S-1-5-18,40:10.8,2.0,"<Event xmlns=""http://schemas.microsoft.com/win/2004/08/events/event"">
  <System>
    <Provider Name=""Microsoft-Windows-Sysmon"" Guid=""{5770385f-c22a-43e0-bf4c-06f5698ffbd9}""/>
    <EventID>13</EventID>
    <Version>2</Version>
    <Level>4</Level>
    <Task>13</Task>
    <Opcode>0</Opcode>
    <Keywords>0x8000000000000000</Keywords>
    <TimeCreated SystemTime=""2023-12-19T21:40:10.8280129Z""/>
    <EventRecordID>2288</EventRecordID>
    <Correlation/>
    <Execution ProcessID=""10484"" ThreadID=""10592""/>
    <Channel>Microsoft-Windows-Sysmon/Operational</Channel>
    <Computer>WinDev2309Eval</Computer>
    <Security UserID=""S-1-5-18""/>
  </System>
  <EventData>
    <Data Name=""RuleName"">InvDB-CompileTimeClaim</Data>
    <Data Name=""EventType"">SetValue</Data>
    <Data Name=""UtcTime"">2023-12-19 21:40:10.826</Data>
    <Data Name=""ProcessGuid"">{f57bd86a-0db8-6582-d405-000000000b00}</Data>
    <Data Name=""ProcessId"">3276</Data>
    <Data Name=""Image"">C:\Windows\system32\compattelrunner.exe</Data>
    <Data Name=""TargetObject"">\REGISTRY\A\{bd75d637-a777-f887-435f-6fd9b1f1f54b}\Root\InventoryApplicationFile\testhost.net471.|1e99db9dcd792c41\LinkDate</Data>
    <Data Name=""Details"">10/15/2040 10:02:45</Data>
    <Data Name=""User"">NT AUTHORITY\SYSTEM</Data>
  </EventData>
</Event>
"
Microsoft-Windows-Sysmon/Operational,,,WinDev2309Eval,,,,,,,,,microsoft corporation,13,2287,SetValue,,,C:\Windows\system32\compattelrunner.exe,,,0x8000000000000000,4,,,,,0,,,,,,,{f57bd86a-0db8-6582-d405-000000000b00},10484,3276.0,,,,,,InvDB-Pub,,,,,,,,,,,,,2023-12-19T21:40:10.8276237Z,,,\REGISTRY\A\{bd75d637-a777-f887-435f-6fd9b1f1f54b}\Root\InventoryApplicationFile\testhost.net471.|1e99db9dcd792c41\Publisher,,,,13,,10592,NT AUTHORITY\SYSTEM,S-1-5-18,40:10.8,2.0,"<Event xmlns=""http://schemas.microsoft.com/win/2004/08/events/event"">
  <System>
    <Provider Name=""Microsoft-Windows-Sysmon"" Guid=""{5770385f-c22a-43e0-bf4c-06f5698ffbd9}""/>
    <EventID>13</EventID>
    <Version>2</Version>
    <Level>4</Level>
    <Task>13</Task>
    <Opcode>0</Opcode>
    <Keywords>0x8000000000000000</Keywords>
    <TimeCreated SystemTime=""2023-12-19T21:40:10.8276237Z""/>
    <EventRecordID>2287</EventRecordID>
    <Correlation/>
    <Execution ProcessID=""10484"" ThreadID=""10592""/>
    <Channel>Microsoft-Windows-Sysmon/Operational</Channel>
    <Computer>WinDev2309Eval</Computer>
    <Security UserID=""S-1-5-18""/>
  </System>
  <EventData>
    <Data Name=""RuleName"">InvDB-Pub</Data>
    <Data Name=""EventType"">SetValue</Data>
    <Data Name=""UtcTime"">2023-12-19 21:40:10.826</Data>
    <Data Name=""ProcessGuid"">{f57bd86a-0db8-6582-d405-000000000b00}</Data>
    <Data Name=""ProcessId"">3276</Data>
    <Data Name=""Image"">C:\Windows\system32\compattelrunner.exe</Data>
    <Data Name=""TargetObject"">\REGISTRY\A\{bd75d637-a777-f887-435f-6fd9b1f1f54b}\Root\InventoryApplicationFile\testhost.net471.|1e99db9dcd792c41\Publisher</Data>
    <Data Name=""Details"">microsoft corporation</Data>
    <Data Name=""User"">NT AUTHORITY\SYSTEM</Data>
  </EventData>
</Event>
"
Microsoft-Windows-Sysmon/Operational,,,WinDev2309Eval,,,,,,,,,c:\program files\dotnet\sdk\7.0.401\testhostnetframework\testhost.net471.x86.exe,13,2286,SetValue,,,C:\Windows\system32\compattelrunner.exe,,,0x8000000000000000,4,,,,,0,,,,,,,{f57bd86a-0db8-6582-d405-000000000b00},10484,3276.0,,,,,,InvDB-Path,,,,,,,,,,,,,2023-12-19T21:40:10.8274640Z,,,\REGISTRY\A\{bd75d637-a777-f887-435f-6fd9b1f1f54b}\Root\InventoryApplicationFile\testhost.net471.|1e99db9dcd792c41\LowerCaseLongPath,,,,13,,10592,NT AUTHORITY\SYSTEM,S-1-5-18,40:10.8,2.0,"<Event xmlns=""http://schemas.microsoft.com/win/2004/08/events/event"">
  <System>
    <Provider Name=""Microsoft-Windows-Sysmon"" Guid=""{5770385f-c22a-43e0-bf4c-06f5698ffbd9}""/>
    <EventID>13</EventID>
    <Version>2</Version>
    <Level>4</Level>
    <Task>13</Task>
    <Opcode>0</Opcode>
    <Keywords>0x8000000000000000</Keywords>
    <TimeCreated SystemTime=""2023-12-19T21:40:10.8274640Z""/>
    <EventRecordID>2286</EventRecordID>
    <Correlation/>
    <Execution ProcessID=""10484"" ThreadID=""10592""/>
    <Channel>Microsoft-Windows-Sysmon/Operational</Channel>
    <Computer>WinDev2309Eval</Computer>
    <Security UserID=""S-1-5-18""/>
  </System>
  <EventData>
    <Data Name=""RuleName"">InvDB-Path</Data>
    <Data Name=""EventType"">SetValue</Data>
    <Data Name=""UtcTime"">2023-12-19 21:40:10.826</Data>
    <Data Name=""ProcessGuid"">{f57bd86a-0db8-6582-d405-000000000b00}</Data>
    <Data Name=""ProcessId"">3276</Data>
    <Data Name=""Image"">C:\Windows\system32\compattelrunner.exe</Data>
    <Data Name=""TargetObject"">\REGISTRY\A\{bd75d637-a777-f887-435f-6fd9b1f1f54b}\Root\InventoryApplicationFile\testhost.net471.|1e99db9dcd792c41\LowerCaseLongPath</Data>
    <Data Name=""Details"">c:\program files\dotnet\sdk\7.0.401\testhostnetframework\testhost.net471.x86.exe</Data>
    <Data Name=""User"">NT AUTHORITY\SYSTEM</Data>
  </EventData>
</Event>
"
Microsoft-Windows-Sysmon/Operational,,,WinDev2309Eval,,,,,,,,,17.7.1.0,13,2285,SetValue,,,C:\Windows\system32\compattelrunner.exe,,,0x8000000000000000,4,,,,,0,,,,,,,{f57bd86a-0db8-6582-d405-000000000b00},10484,3276.0,,,,,,InvDB-Ver,,,,,,,,,,,,,2023-12-19T21:40:10.8264823Z,,,\REGISTRY\A\{bd75d637-a777-f887-435f-6fd9b1f1f54b}\Root\InventoryApplicationFile\testhost.net47.x|a115a0a310d12650\BinProductVersion,,,,13,,10592,NT AUTHORITY\SYSTEM,S-1-5-18,40:10.8,2.0,"<Event xmlns=""http://schemas.microsoft.com/win/2004/08/events/event"">
  <System>
    <Provider Name=""Microsoft-Windows-Sysmon"" Guid=""{5770385f-c22a-43e0-bf4c-06f5698ffbd9}""/>
    <EventID>13</EventID>
    <Version>2</Version>
    <Level>4</Level>
    <Task>13</Task>
    <Opcode>0</Opcode>
    <Keywords>0x8000000000000000</Keywords>
    <TimeCreated SystemTime=""2023-12-19T21:40:10.8264823Z""/>
    <EventRecordID>2285</EventRecordID>
    <Correlation/>
    <Execution ProcessID=""10484"" ThreadID=""10592""/>
    <Channel>Microsoft-Windows-Sysmon/Operational</Channel>
    <Computer>WinDev2309Eval</Computer>
    <Security UserID=""S-1-5-18""/>
  </System>
  <EventData>
    <Data Name=""RuleName"">InvDB-Ver</Data>
    <Data Name=""EventType"">SetValue</Data>
    <Data Name=""UtcTime"">2023-12-19 21:40:10.810</Data>
    <Data Name=""ProcessGuid"">{f57bd86a-0db8-6582-d405-000000000b00}</Data>
    <Data Name=""ProcessId"">3276</Data>
    <Data Name=""Image"">C:\Windows\system32\compattelrunner.exe</Data>
    <Data Name=""TargetObject"">\REGISTRY\A\{bd75d637-a777-f887-435f-6fd9b1f1f54b}\Root\InventoryApplicationFile\testhost.net47.x|a115a0a310d12650\BinProductVersion</Data>
    <Data Name=""Details"">17.7.1.0</Data>
    <Data Name=""User"">NT AUTHORITY\SYSTEM</Data>
  </EventData>
</Event>
"
Microsoft-Windows-Sysmon/Operational,,,WinDev2309Eval,,,,,,,,,8/30/2069 13:57,13,2284,SetValue,,,C:\Windows\system32\compattelrunner.exe,,,0x8000000000000000,4,,,,,0,,,,,,,{f57bd86a-0db8-6582-d405-000000000b00},10484,3276.0,,,,,,InvDB-CompileTimeClaim,,,,,,,,,,,,,2023-12-19T21:40:10.8264114Z,,,\REGISTRY\A\{bd75d637-a777-f887-435f-6fd9b1f1f54b}\Root\InventoryApplicationFile\testhost.net47.x|a115a0a310d12650\LinkDate,,,,13,,10592,NT AUTHORITY\SYSTEM,S-1-5-18,40:10.8,2.0,"<Event xmlns=""http://schemas.microsoft.com/win/2004/08/events/event"">
  <System>
    <Provider Name=""Microsoft-Windows-Sysmon"" Guid=""{5770385f-c22a-43e0-bf4c-06f5698ffbd9}""/>
    <EventID>13</EventID>
    <Version>2</Version>
    <Level>4</Level>
    <Task>13</Task>
    <Opcode>0</Opcode>
    <Keywords>0x8000000000000000</Keywords>
    <TimeCreated SystemTime=""2023-12-19T21:40:10.8264114Z""/>
    <EventRecordID>2284</EventRecordID>
    <Correlation/>
    <Execution ProcessID=""10484"" ThreadID=""10592""/>
    <Channel>Microsoft-Windows-Sysmon/Operational</Channel>
    <Computer>WinDev2309Eval</Computer>
    <Security UserID=""S-1-5-18""/>
  </System>
  <EventData>
    <Data Name=""RuleName"">InvDB-CompileTimeClaim</Data>
    <Data Name=""EventType"">SetValue</Data>
    <Data Name=""UtcTime"">2023-12-19 21:40:10.810</Data>
    <Data Name=""ProcessGuid"">{f57bd86a-0db8-6582-d405-000000000b00}</Data>
    <Data Name=""ProcessId"">3276</Data>
    <Data Name=""Image"">C:\Windows\system32\compattelrunner.exe</Data>
    <Data Name=""TargetObject"">\REGISTRY\A\{bd75d637-a777-f887-435f-6fd9b1f1f54b}\Root\InventoryApplicationFile\testhost.net47.x|a115a0a310d12650\LinkDate</Data>
    <Data Name=""Details"">08/30/2069 13:57:47</Data>
    <Data Name=""User"">NT AUTHORITY\SYSTEM</Data>
  </EventData>
</Event>
"
Microsoft-Windows-Sysmon/Operational,,,WinDev2309Eval,,,,,,,,,microsoft corporation,13,2283,SetValue,,,C:\Windows\system32\compattelrunner.exe,,,0x8000000000000000,4,,,,,0,,,,,,,{f57bd86a-0db8-6582-d405-000000000b00},10484,3276.0,,,,,,InvDB-Pub,,,,,,,,,,,,,2023-12-19T21:40:10.8260328Z,,,\REGISTRY\A\{bd75d637-a777-f887-435f-6fd9b1f1f54b}\Root\InventoryApplicationFile\testhost.net47.x|a115a0a310d12650\Publisher,,,,13,,10592,NT AUTHORITY\SYSTEM,S-1-5-18,40:10.8,2.0,"<Event xmlns=""http://schemas.microsoft.com/win/2004/08/events/event"">
  <System>
    <Provider Name=""Microsoft-Windows-Sysmon"" Guid=""{5770385f-c22a-43e0-bf4c-06f5698ffbd9}""/>
    <EventID>13</EventID>
    <Version>2</Version>
    <Level>4</Level>
    <Task>13</Task>
    <Opcode>0</Opcode>
    <Keywords>0x8000000000000000</Keywords>
    <TimeCreated SystemTime=""2023-12-19T21:40:10.8260328Z""/>
    <EventRecordID>2283</EventRecordID>
    <Correlation/>
    <Execution ProcessID=""10484"" ThreadID=""10592""/>
    <Channel>Microsoft-Windows-Sysmon/Operational</Channel>
    <Computer>WinDev2309Eval</Computer>
    <Security UserID=""S-1-5-18""/>
  </System>
  <EventData>
    <Data Name=""RuleName"">InvDB-Pub</Data>
    <Data Name=""EventType"">SetValue</Data>
    <Data Name=""UtcTime"">2023-12-19 21:40:10.810</Data>
    <Data Name=""ProcessGuid"">{f57bd86a-0db8-6582-d405-000000000b00}</Data>
    <Data Name=""ProcessId"">3276</Data>
    <Data Name=""Image"">C:\Windows\system32\compattelrunner.exe</Data>
    <Data Name=""TargetObject"">\REGISTRY\A\{bd75d637-a777-f887-435f-6fd9b1f1f54b}\Root\InventoryApplicationFile\testhost.net47.x|a115a0a310d12650\Publisher</Data>
    <Data Name=""Details"">microsoft corporation</Data>
    <Data Name=""User"">NT AUTHORITY\SYSTEM</Data>
  </EventData>
</Event>
"
Microsoft-Windows-Sysmon/Operational,,,WinDev2309Eval,,,,,,,,,c:\program files\dotnet\sdk\7.0.401\testhostnetframework\testhost.net47.x86.exe,13,2282,SetValue,,,C:\Windows\system32\compattelrunner.exe,,,0x8000000000000000,4,,,,,0,,,,,,,{f57bd86a-0db8-6582-d405-000000000b00},10484,3276.0,,,,,,InvDB-Path,,,,,,,,,,,,,2023-12-19T21:40:10.8258589Z,,,\REGISTRY\A\{bd75d637-a777-f887-435f-6fd9b1f1f54b}\Root\InventoryApplicationFile\testhost.net47.x|a115a0a310d12650\LowerCaseLongPath,,,,13,,10592,NT AUTHORITY\SYSTEM,S-1-5-18,40:10.8,2.0,"<Event xmlns=""http://schemas.microsoft.com/win/2004/08/events/event"">
  <System>
    <Provider Name=""Microsoft-Windows-Sysmon"" Guid=""{5770385f-c22a-43e0-bf4c-06f5698ffbd9}""/>
    <EventID>13</EventID>
    <Version>2</Version>
    <Level>4</Level>
    <Task>13</Task>
    <Opcode>0</Opcode>
    <Keywords>0x8000000000000000</Keywords>
    <TimeCreated SystemTime=""2023-12-19T21:40:10.8258589Z""/>
    <EventRecordID>2282</EventRecordID>
    <Correlation/>
    <Execution ProcessID=""10484"" ThreadID=""10592""/>
    <Channel>Microsoft-Windows-Sysmon/Operational</Channel>
    <Computer>WinDev2309Eval</Computer>
    <Security UserID=""S-1-5-18""/>
  </System>
  <EventData>
    <Data Name=""RuleName"">InvDB-Path</Data>
    <Data Name=""EventType"">SetValue</Data>
    <Data Name=""UtcTime"">2023-12-19 21:40:10.810</Data>
    <Data Name=""ProcessGuid"">{f57bd86a-0db8-6582-d405-000000000b00}</Data>
    <Data Name=""ProcessId"">3276</Data>
    <Data Name=""Image"">C:\Windows\system32\compattelrunner.exe</Data>
    <Data Name=""TargetObject"">\REGISTRY\A\{bd75d637-a777-f887-435f-6fd9b1f1f54b}\Root\InventoryApplicationFile\testhost.net47.x|a115a0a310d12650\LowerCaseLongPath</Data>
    <Data Name=""Details"">c:\program files\dotnet\sdk\7.0.401\testhostnetframework\testhost.net47.x86.exe</Data>
    <Data Name=""User"">NT AUTHORITY\SYSTEM</Data>
  </EventData>
</Event>
"
Microsoft-Windows-Sysmon/Operational,,,WinDev2309Eval,,,,,,,,,17.7.1.0,13,2281,SetValue,,,C:\Windows\system32\compattelrunner.exe,,,0x8000000000000000,4,,,,,0,,,,,,,{f57bd86a-0db8-6582-d405-000000000b00},10484,3276.0,,,,,,InvDB-Ver,,,,,,,,,,,,,2023-12-19T21:40:10.8250538Z,,,\REGISTRY\A\{bd75d637-a777-f887-435f-6fd9b1f1f54b}\Root\InventoryApplicationFile\testhost.net47.e|84d23ec558b5d197\BinProductVersion,,,,13,,10592,NT AUTHORITY\SYSTEM,S-1-5-18,40:10.8,2.0,"<Event xmlns=""http://schemas.microsoft.com/win/2004/08/events/event"">
  <System>
    <Provider Name=""Microsoft-Windows-Sysmon"" Guid=""{5770385f-c22a-43e0-bf4c-06f5698ffbd9}""/>
    <EventID>13</EventID>
    <Version>2</Version>
    <Level>4</Level>
    <Task>13</Task>
    <Opcode>0</Opcode>
    <Keywords>0x8000000000000000</Keywords>
    <TimeCreated SystemTime=""2023-12-19T21:40:10.8250538Z""/>
    <EventRecordID>2281</EventRecordID>
    <Correlation/>
    <Execution ProcessID=""10484"" ThreadID=""10592""/>
    <Channel>Microsoft-Windows-Sysmon/Operational</Channel>
    <Computer>WinDev2309Eval</Computer>
    <Security UserID=""S-1-5-18""/>
  </System>
  <EventData>
    <Data Name=""RuleName"">InvDB-Ver</Data>
    <Data Name=""EventType"">SetValue</Data>
    <Data Name=""UtcTime"">2023-12-19 21:40:10.810</Data>
    <Data Name=""ProcessGuid"">{f57bd86a-0db8-6582-d405-000000000b00}</Data>
    <Data Name=""ProcessId"">3276</Data>
    <Data Name=""Image"">C:\Windows\system32\compattelrunner.exe</Data>
    <Data Name=""TargetObject"">\REGISTRY\A\{bd75d637-a777-f887-435f-6fd9b1f1f54b}\Root\InventoryApplicationFile\testhost.net47.e|84d23ec558b5d197\BinProductVersion</Data>
    <Data Name=""Details"">17.7.1.0</Data>
    <Data Name=""User"">NT AUTHORITY\SYSTEM</Data>
  </EventData>
</Event>
"
Microsoft-Windows-Sysmon/Operational,,,WinDev2309Eval,,,,,,,,,12/28/2074 14:15,13,2280,SetValue,,,C:\Windows\system32\compattelrunner.exe,,,0x8000000000000000,4,,,,,0,,,,,,,{f57bd86a-0db8-6582-d405-000000000b00},10484,3276.0,,,,,,InvDB-CompileTimeClaim,,,,,,,,,,,,,2023-12-19T21:40:10.8249279Z,,,\REGISTRY\A\{bd75d637-a777-f887-435f-6fd9b1f1f54b}\Root\InventoryApplicationFile\testhost.net47.e|84d23ec558b5d197\LinkDate,,,,13,,10592,NT AUTHORITY\SYSTEM,S-1-5-18,40:10.8,2.0,"<Event xmlns=""http://schemas.microsoft.com/win/2004/08/events/event"">
  <System>
    <Provider Name=""Microsoft-Windows-Sysmon"" Guid=""{5770385f-c22a-43e0-bf4c-06f5698ffbd9}""/>
    <EventID>13</EventID>
    <Version>2</Version>
    <Level>4</Level>
    <Task>13</Task>
    <Opcode>0</Opcode>
    <Keywords>0x8000000000000000</Keywords>
    <TimeCreated SystemTime=""2023-12-19T21:40:10.8249279Z""/>
    <EventRecordID>2280</EventRecordID>
    <Correlation/>
    <Execution ProcessID=""10484"" ThreadID=""10592""/>
    <Channel>Microsoft-Windows-Sysmon/Operational</Channel>
    <Computer>WinDev2309Eval</Computer>
    <Security UserID=""S-1-5-18""/>
  </System>
  <EventData>
    <Data Name=""RuleName"">InvDB-CompileTimeClaim</Data>
    <Data Name=""EventType"">SetValue</Data>
    <Data Name=""UtcTime"">2023-12-19 21:40:10.810</Data>
    <Data Name=""ProcessGuid"">{f57bd86a-0db8-6582-d405-000000000b00}</Data>
    <Data Name=""ProcessId"">3276</Data>
    <Data Name=""Image"">C:\Windows\system32\compattelrunner.exe</Data>
    <Data Name=""TargetObject"">\REGISTRY\A\{bd75d637-a777-f887-435f-6fd9b1f1f54b}\Root\InventoryApplicationFile\testhost.net47.e|84d23ec558b5d197\LinkDate</Data>
    <Data Name=""Details"">12/28/2074 14:15:12</Data>
    <Data Name=""User"">NT AUTHORITY\SYSTEM</Data>
  </EventData>
</Event>
"
Microsoft-Windows-Sysmon/Operational,,,WinDev2309Eval,,,,,,,,,microsoft corporation,13,2279,SetValue,,,C:\Windows\system32\compattelrunner.exe,,,0x8000000000000000,4,,,,,0,,,,,,,{f57bd86a-0db8-6582-d405-000000000b00},10484,3276.0,,,,,,InvDB-Pub,,,,,,,,,,,,,2023-12-19T21:40:10.8246093Z,,,\REGISTRY\A\{bd75d637-a777-f887-435f-6fd9b1f1f54b}\Root\InventoryApplicationFile\testhost.net47.e|84d23ec558b5d197\Publisher,,,,13,,10592,NT AUTHORITY\SYSTEM,S-1-5-18,40:10.8,2.0,"<Event xmlns=""http://schemas.microsoft.com/win/2004/08/events/event"">
  <System>
    <Provider Name=""Microsoft-Windows-Sysmon"" Guid=""{5770385f-c22a-43e0-bf4c-06f5698ffbd9}""/>
    <EventID>13</EventID>
    <Version>2</Version>
    <Level>4</Level>
    <Task>13</Task>
    <Opcode>0</Opcode>
    <Keywords>0x8000000000000000</Keywords>
    <TimeCreated SystemTime=""2023-12-19T21:40:10.8246093Z""/>
    <EventRecordID>2279</EventRecordID>
    <Correlation/>
    <Execution ProcessID=""10484"" ThreadID=""10592""/>
    <Channel>Microsoft-Windows-Sysmon/Operational</Channel>
    <Computer>WinDev2309Eval</Computer>
    <Security UserID=""S-1-5-18""/>
  </System>
  <EventData>
    <Data Name=""RuleName"">InvDB-Pub</Data>
    <Data Name=""EventType"">SetValue</Data>
    <Data Name=""UtcTime"">2023-12-19 21:40:10.810</Data>
    <Data Name=""ProcessGuid"">{f57bd86a-0db8-6582-d405-000000000b00}</Data>
    <Data Name=""ProcessId"">3276</Data>
    <Data Name=""Image"">C:\Windows\system32\compattelrunner.exe</Data>
    <Data Name=""TargetObject"">\REGISTRY\A\{bd75d637-a777-f887-435f-6fd9b1f1f54b}\Root\InventoryApplicationFile\testhost.net47.e|84d23ec558b5d197\Publisher</Data>
    <Data Name=""Details"">microsoft corporation</Data>
    <Data Name=""User"">NT AUTHORITY\SYSTEM</Data>
  </EventData>
</Event>
"
Microsoft-Windows-Sysmon/Operational,,,WinDev2309Eval,,,,,,,,,c:\program files\dotnet\sdk\7.0.401\testhostnetframework\testhost.net47.exe,13,2278,SetValue,,,C:\Windows\system32\compattelrunner.exe,,,0x8000000000000000,4,,,,,0,,,,,,,{f57bd86a-0db8-6582-d405-000000000b00},10484,3276.0,,,,,,InvDB-Path,,,,,,,,,,,,,2023-12-19T21:40:10.8244487Z,,,\REGISTRY\A\{bd75d637-a777-f887-435f-6fd9b1f1f54b}\Root\InventoryApplicationFile\testhost.net47.e|84d23ec558b5d197\LowerCaseLongPath,,,,13,,10592,NT AUTHORITY\SYSTEM,S-1-5-18,40:10.8,2.0,"<Event xmlns=""http://schemas.microsoft.com/win/2004/08/events/event"">
  <System>
    <Provider Name=""Microsoft-Windows-Sysmon"" Guid=""{5770385f-c22a-43e0-bf4c-06f5698ffbd9}""/>
    <EventID>13</EventID>
    <Version>2</Version>
    <Level>4</Level>
    <Task>13</Task>
    <Opcode>0</Opcode>
    <Keywords>0x8000000000000000</Keywords>
    <TimeCreated SystemTime=""2023-12-19T21:40:10.8244487Z""/>
    <EventRecordID>2278</EventRecordID>
    <Correlation/>
    <Execution ProcessID=""10484"" ThreadID=""10592""/>
    <Channel>Microsoft-Windows-Sysmon/Operational</Channel>
    <Computer>WinDev2309Eval</Computer>
    <Security UserID=""S-1-5-18""/>
  </System>
  <EventData>
    <Data Name=""RuleName"">InvDB-Path</Data>
    <Data Name=""EventType"">SetValue</Data>
    <Data Name=""UtcTime"">2023-12-19 21:40:10.810</Data>
    <Data Name=""ProcessGuid"">{f57bd86a-0db8-6582-d405-000000000b00}</Data>
    <Data Name=""ProcessId"">3276</Data>
    <Data Name=""Image"">C:\Windows\system32\compattelrunner.exe</Data>
    <Data Name=""TargetObject"">\REGISTRY\A\{bd75d637-a777-f887-435f-6fd9b1f1f54b}\Root\InventoryApplicationFile\testhost.net47.e|84d23ec558b5d197\LowerCaseLongPath</Data>
    <Data Name=""Details"">c:\program files\dotnet\sdk\7.0.401\testhostnetframework\testhost.net47.exe</Data>
    <Data Name=""User"">NT AUTHORITY\SYSTEM</Data>
  </EventData>
</Event>
"
Microsoft-Windows-Sysmon/Operational,,,WinDev2309Eval,,,,,,,,,17.7.1.0,13,2277,SetValue,,,C:\Windows\system32\compattelrunner.exe,,,0x8000000000000000,4,,,,,0,,,,,,,{f57bd86a-0db8-6582-d405-000000000b00},10484,3276.0,,,,,,InvDB-Ver,,,,,,,,,,,,,2023-12-19T21:40:10.8236576Z,,,\REGISTRY\A\{bd75d637-a777-f887-435f-6fd9b1f1f54b}\Root\InventoryApplicationFile\testhost.net47.a|f48c6218313031e3\BinProductVersion,,,,13,,10592,NT AUTHORITY\SYSTEM,S-1-5-18,40:10.8,2.0,"<Event xmlns=""http://schemas.microsoft.com/win/2004/08/events/event"">
  <System>
    <Provider Name=""Microsoft-Windows-Sysmon"" Guid=""{5770385f-c22a-43e0-bf4c-06f5698ffbd9}""/>
    <EventID>13</EventID>
    <Version>2</Version>
    <Level>4</Level>
    <Task>13</Task>
    <Opcode>0</Opcode>
    <Keywords>0x8000000000000000</Keywords>
    <TimeCreated SystemTime=""2023-12-19T21:40:10.8236576Z""/>
    <EventRecordID>2277</EventRecordID>
    <Correlation/>
    <Execution ProcessID=""10484"" ThreadID=""10592""/>
    <Channel>Microsoft-Windows-Sysmon/Operational</Channel>
    <Computer>WinDev2309Eval</Computer>
    <Security UserID=""S-1-5-18""/>
  </System>
  <EventData>
    <Data Name=""RuleName"">InvDB-Ver</Data>
    <Data Name=""EventType"">SetValue</Data>
    <Data Name=""UtcTime"">2023-12-19 21:40:10.810</Data>
    <Data Name=""ProcessGuid"">{f57bd86a-0db8-6582-d405-000000000b00}</Data>
    <Data Name=""ProcessId"">3276</Data>
    <Data Name=""Image"">C:\Windows\system32\compattelrunner.exe</Data>
    <Data Name=""TargetObject"">\REGISTRY\A\{bd75d637-a777-f887-435f-6fd9b1f1f54b}\Root\InventoryApplicationFile\testhost.net47.a|f48c6218313031e3\BinProductVersion</Data>
    <Data Name=""Details"">17.7.1.0</Data>
    <Data Name=""User"">NT AUTHORITY\SYSTEM</Data>
  </EventData>
</Event>
"
Microsoft-Windows-Sysmon/Operational,,,WinDev2309Eval,,,,,,,,,5/31/2059 8:09,13,2276,SetValue,,,C:\Windows\system32\compattelrunner.exe,,,0x8000000000000000,4,,,,,0,,,,,,,{f57bd86a-0db8-6582-d405-000000000b00},10484,3276.0,,,,,,InvDB-CompileTimeClaim,,,,,,,,,,,,,2023-12-19T21:40:10.8235978Z,,,\REGISTRY\A\{bd75d637-a777-f887-435f-6fd9b1f1f54b}\Root\InventoryApplicationFile\testhost.net47.a|f48c6218313031e3\LinkDate,,,,13,,10592,NT AUTHORITY\SYSTEM,S-1-5-18,40:10.8,2.0,"<Event xmlns=""http://schemas.microsoft.com/win/2004/08/events/event"">
  <System>
    <Provider Name=""Microsoft-Windows-Sysmon"" Guid=""{5770385f-c22a-43e0-bf4c-06f5698ffbd9}""/>
    <EventID>13</EventID>
    <Version>2</Version>
    <Level>4</Level>
    <Task>13</Task>
    <Opcode>0</Opcode>
    <Keywords>0x8000000000000000</Keywords>
    <TimeCreated SystemTime=""2023-12-19T21:40:10.8235978Z""/>
    <EventRecordID>2276</EventRecordID>
    <Correlation/>
    <Execution ProcessID=""10484"" ThreadID=""10592""/>
    <Channel>Microsoft-Windows-Sysmon/Operational</Channel>
    <Computer>WinDev2309Eval</Computer>
    <Security UserID=""S-1-5-18""/>
  </System>
  <EventData>
    <Data Name=""RuleName"">InvDB-CompileTimeClaim</Data>
    <Data Name=""EventType"">SetValue</Data>
    <Data Name=""UtcTime"">2023-12-19 21:40:10.810</Data>
    <Data Name=""ProcessGuid"">{f57bd86a-0db8-6582-d405-000000000b00}</Data>
    <Data Name=""ProcessId"">3276</Data>
    <Data Name=""Image"">C:\Windows\system32\compattelrunner.exe</Data>
    <Data Name=""TargetObject"">\REGISTRY\A\{bd75d637-a777-f887-435f-6fd9b1f1f54b}\Root\InventoryApplicationFile\testhost.net47.a|f48c6218313031e3\LinkDate</Data>
    <Data Name=""Details"">05/31/2059 08:09:26</Data>
    <Data Name=""User"">NT AUTHORITY\SYSTEM</Data>
  </EventData>
</Event>
"
Microsoft-Windows-Sysmon/Operational,,,WinDev2309Eval,,,,,,,,,microsoft corporation,13,2275,SetValue,,,C:\Windows\system32\compattelrunner.exe,,,0x8000000000000000,4,,,,,0,,,,,,,{f57bd86a-0db8-6582-d405-000000000b00},10484,3276.0,,,,,,InvDB-Pub,,,,,,,,,,,,,2023-12-19T21:40:10.8232082Z,,,\REGISTRY\A\{bd75d637-a777-f887-435f-6fd9b1f1f54b}\Root\InventoryApplicationFile\testhost.net47.a|f48c6218313031e3\Publisher,,,,13,,10592,NT AUTHORITY\SYSTEM,S-1-5-18,40:10.8,2.0,"<Event xmlns=""http://schemas.microsoft.com/win/2004/08/events/event"">
  <System>
    <Provider Name=""Microsoft-Windows-Sysmon"" Guid=""{5770385f-c22a-43e0-bf4c-06f5698ffbd9}""/>
    <EventID>13</EventID>
    <Version>2</Version>
    <Level>4</Level>
    <Task>13</Task>
    <Opcode>0</Opcode>
    <Keywords>0x8000000000000000</Keywords>
    <TimeCreated SystemTime=""2023-12-19T21:40:10.8232082Z""/>
    <EventRecordID>2275</EventRecordID>
    <Correlation/>
    <Execution ProcessID=""10484"" ThreadID=""10592""/>
    <Channel>Microsoft-Windows-Sysmon/Operational</Channel>
    <Computer>WinDev2309Eval</Computer>
    <Security UserID=""S-1-5-18""/>
  </System>
  <EventData>
    <Data Name=""RuleName"">InvDB-Pub</Data>
    <Data Name=""EventType"">SetValue</Data>
    <Data Name=""UtcTime"">2023-12-19 21:40:10.810</Data>
    <Data Name=""ProcessGuid"">{f57bd86a-0db8-6582-d405-000000000b00}</Data>
    <Data Name=""ProcessId"">3276</Data>
    <Data Name=""Image"">C:\Windows\system32\compattelrunner.exe</Data>
    <Data Name=""TargetObject"">\REGISTRY\A\{bd75d637-a777-f887-435f-6fd9b1f1f54b}\Root\InventoryApplicationFile\testhost.net47.a|f48c6218313031e3\Publisher</Data>
    <Data Name=""Details"">microsoft corporation</Data>
    <Data Name=""User"">NT AUTHORITY\SYSTEM</Data>
  </EventData>
</Event>
"
Microsoft-Windows-Sysmon/Operational,,,WinDev2309Eval,,,,,,,,,c:\program files\dotnet\sdk\7.0.401\testhostnetframework\testhost.net47.arm64.exe,13,2274,SetValue,,,C:\Windows\system32\compattelrunner.exe,,,0x8000000000000000,4,,,,,0,,,,,,,{f57bd86a-0db8-6582-d405-000000000b00},10484,3276.0,,,,,,InvDB-Path,,,,,,,,,,,,,2023-12-19T21:40:10.8230477Z,,,\REGISTRY\A\{bd75d637-a777-f887-435f-6fd9b1f1f54b}\Root\InventoryApplicationFile\testhost.net47.a|f48c6218313031e3\LowerCaseLongPath,,,,13,,10592,NT AUTHORITY\SYSTEM,S-1-5-18,40:10.8,2.0,"<Event xmlns=""http://schemas.microsoft.com/win/2004/08/events/event"">
  <System>
    <Provider Name=""Microsoft-Windows-Sysmon"" Guid=""{5770385f-c22a-43e0-bf4c-06f5698ffbd9}""/>
    <EventID>13</EventID>
    <Version>2</Version>
    <Level>4</Level>
    <Task>13</Task>
    <Opcode>0</Opcode>
    <Keywords>0x8000000000000000</Keywords>
    <TimeCreated SystemTime=""2023-12-19T21:40:10.8230477Z""/>
    <EventRecordID>2274</EventRecordID>
    <Correlation/>
    <Execution ProcessID=""10484"" ThreadID=""10592""/>
    <Channel>Microsoft-Windows-Sysmon/Operational</Channel>
    <Computer>WinDev2309Eval</Computer>
    <Security UserID=""S-1-5-18""/>
  </System>
  <EventData>
    <Data Name=""RuleName"">InvDB-Path</Data>
    <Data Name=""EventType"">SetValue</Data>
    <Data Name=""UtcTime"">2023-12-19 21:40:10.810</Data>
    <Data Name=""ProcessGuid"">{f57bd86a-0db8-6582-d405-000000000b00}</Data>
    <Data Name=""ProcessId"">3276</Data>
    <Data Name=""Image"">C:\Windows\system32\compattelrunner.exe</Data>
    <Data Name=""TargetObject"">\REGISTRY\A\{bd75d637-a777-f887-435f-6fd9b1f1f54b}\Root\InventoryApplicationFile\testhost.net47.a|f48c6218313031e3\LowerCaseLongPath</Data>
    <Data Name=""Details"">c:\program files\dotnet\sdk\7.0.401\testhostnetframework\testhost.net47.arm64.exe</Data>
    <Data Name=""User"">NT AUTHORITY\SYSTEM</Data>
  </EventData>
</Event>
"
