Microsoft-Windows-Sysmon/Operational,C:\Windows\uus\packages\preview\AMD64\MoNotificationUx.exe /ClearActiveNotifications Passive /CV xmQe6GPU8kO9Dsdg.1.0.0,Microsoft Corporation,WinDev2309Eval,,C:\Windows\system32\,Notifications host process,,,,,,,1,4766,,1213.2310.20012.0,"MD5=933812706BED93F0AD4BB0ABB166C63D,SHA256=BA67D9EBA4A13A02CCBA4405104691E1D15ADE2332C21348FF5EE64A5FE841F7,IMPHASH=1F142745B4B4DDC8794D78AA95ADC986",C:\Windows\UUS\Packages\Preview\amd64\MoNotificationUx.exe,,Medium,0x8000000000000000,4,{f57bd86a-1d4d-6582-671c-160000000000},0x161c67,,,0,MoNotificationUx.exe,"""C:\Windows\uus\packages\preview\AMD64\MoUsoCoreWorker.exe"" useprivatenamespaces",C:\Windows\UUS\Packages\Preview\amd64\MoUsoCoreWorker.exe,{f57bd86a-1d6e-6582-0c01-000000000d00},9996.0,NT AUTHORITY\SYSTEM,{f57bd86a-1d7a-6582-1101-000000000d00},3400,6996.0,Microsoft® Windows® Operating System,,,,,-,,,,,,,,,,,,,2023-12-19T22:47:22.8901549Z,,,,,,,1,1.0,4208,WINDEV2309EVAL\User,S-1-5-18,47:22.9,5.0,"<Event xmlns=""http://schemas.microsoft.com/win/2004/08/events/event"">
  <System>
    <Provider Name=""Microsoft-Windows-Sysmon"" Guid=""{5770385f-c22a-43e0-bf4c-06f5698ffbd9}""/>
    <EventID>1</EventID>
    <Version>5</Version>
    <Level>4</Level>
    <Task>1</Task>
    <Opcode>0</Opcode>
    <Keywords>0x8000000000000000</Keywords>
    <TimeCreated SystemTime=""2023-12-19T22:47:22.8901549Z""/>
    <EventRecordID>4766</EventRecordID>
    <Correlation/>
    <Execution ProcessID=""3400"" ThreadID=""4208""/>
    <Channel>Microsoft-Windows-Sysmon/Operational</Channel>
    <Computer>WinDev2309Eval</Computer>
    <Security UserID=""S-1-5-18""/>
  </System>
  <EventData>
    <Data Name=""RuleName"">-</Data>
    <Data Name=""UtcTime"">2023-12-19 22:47:22.888</Data>
    <Data Name=""ProcessGuid"">{f57bd86a-1d7a-6582-1101-000000000d00}</Data>
    <Data Name=""ProcessId"">6996</Data>
    <Data Name=""Image"">C:\Windows\UUS\Packages\Preview\amd64\MoNotificationUx.exe</Data>
    <Data Name=""FileVersion"">1213.2310.20012.0</Data>
    <Data Name=""Description"">Notifications host process</Data>
    <Data Name=""Product"">Microsoft&#174; Windows&#174; Operating System</Data>
    <Data Name=""Company"">Microsoft Corporation</Data>
    <Data Name=""OriginalFileName"">MoNotificationUx.exe</Data>
    <Data Name=""CommandLine"">C:\Windows\uus\packages\preview\AMD64\MoNotificationUx.exe /ClearActiveNotifications Passive /CV xmQe6GPU8kO9Dsdg.1.0.0</Data>
    <Data Name=""CurrentDirectory"">C:\Windows\system32\</Data>
    <Data Name=""User"">WINDEV2309EVAL\User</Data>
    <Data Name=""LogonGuid"">{f57bd86a-1d4d-6582-671c-160000000000}</Data>
    <Data Name=""LogonId"">0x161c67</Data>
    <Data Name=""TerminalSessionId"">1</Data>
    <Data Name=""IntegrityLevel"">Medium</Data>
    <Data Name=""Hashes"">MD5=933812706BED93F0AD4BB0ABB166C63D,SHA256=BA67D9EBA4A13A02CCBA4405104691E1D15ADE2332C21348FF5EE64A5FE841F7,IMPHASH=1F142745B4B4DDC8794D78AA95ADC986</Data>
    <Data Name=""ParentProcessGuid"">{f57bd86a-1d6e-6582-0c01-000000000d00}</Data>
    <Data Name=""ParentProcessId"">9996</Data>
    <Data Name=""ParentImage"">C:\Windows\UUS\Packages\Preview\amd64\MoUsoCoreWorker.exe</Data>
    <Data Name=""ParentCommandLine"">""C:\Windows\uus\packages\preview\AMD64\MoUsoCoreWorker.exe"" useprivatenamespaces</Data>
    <Data Name=""ParentUser"">NT AUTHORITY\SYSTEM</Data>
  </EventData>
</Event>
"
Microsoft-Windows-Sysmon/Operational,C:\Windows\uus\packages\preview\AMD64\MoNotificationUx.exe /ClearActiveNotifications /CV xmQe6GPU8kO9Dsdg.1.0.0,Microsoft Corporation,WinDev2309Eval,,C:\Windows\system32\,Notifications host process,,,,,,,1,4765,,1213.2310.20012.0,"MD5=933812706BED93F0AD4BB0ABB166C63D,SHA256=BA67D9EBA4A13A02CCBA4405104691E1D15ADE2332C21348FF5EE64A5FE841F7,IMPHASH=1F142745B4B4DDC8794D78AA95ADC986",C:\Windows\UUS\Packages\Preview\amd64\MoNotificationUx.exe,,Medium,0x8000000000000000,4,{f57bd86a-1d4d-6582-671c-160000000000},0x161c67,,,0,MoNotificationUx.exe,"""C:\Windows\uus\packages\preview\AMD64\MoUsoCoreWorker.exe"" useprivatenamespaces",C:\Windows\UUS\Packages\Preview\amd64\MoUsoCoreWorker.exe,{f57bd86a-1d6e-6582-0c01-000000000d00},9996.0,NT AUTHORITY\SYSTEM,{f57bd86a-1d7a-6582-1001-000000000d00},3400,10236.0,Microsoft® Windows® Operating System,,,,,-,,,,,,,,,,,,,2023-12-19T22:47:22.8471512Z,,,,,,,1,1.0,4208,WINDEV2309EVAL\User,S-1-5-18,47:22.8,5.0,"<Event xmlns=""http://schemas.microsoft.com/win/2004/08/events/event"">
  <System>
    <Provider Name=""Microsoft-Windows-Sysmon"" Guid=""{5770385f-c22a-43e0-bf4c-06f5698ffbd9}""/>
    <EventID>1</EventID>
    <Version>5</Version>
    <Level>4</Level>
    <Task>1</Task>
    <Opcode>0</Opcode>
    <Keywords>0x8000000000000000</Keywords>
    <TimeCreated SystemTime=""2023-12-19T22:47:22.8471512Z""/>
    <EventRecordID>4765</EventRecordID>
    <Correlation/>
    <Execution ProcessID=""3400"" ThreadID=""4208""/>
    <Channel>Microsoft-Windows-Sysmon/Operational</Channel>
    <Computer>WinDev2309Eval</Computer>
    <Security UserID=""S-1-5-18""/>
  </System>
  <EventData>
    <Data Name=""RuleName"">-</Data>
    <Data Name=""UtcTime"">2023-12-19 22:47:22.837</Data>
    <Data Name=""ProcessGuid"">{f57bd86a-1d7a-6582-1001-000000000d00}</Data>
    <Data Name=""ProcessId"">10236</Data>
    <Data Name=""Image"">C:\Windows\UUS\Packages\Preview\amd64\MoNotificationUx.exe</Data>
    <Data Name=""FileVersion"">1213.2310.20012.0</Data>
    <Data Name=""Description"">Notifications host process</Data>
    <Data Name=""Product"">Microsoft&#174; Windows&#174; Operating System</Data>
    <Data Name=""Company"">Microsoft Corporation</Data>
    <Data Name=""OriginalFileName"">MoNotificationUx.exe</Data>
    <Data Name=""CommandLine"">C:\Windows\uus\packages\preview\AMD64\MoNotificationUx.exe /ClearActiveNotifications /CV xmQe6GPU8kO9Dsdg.1.0.0</Data>
    <Data Name=""CurrentDirectory"">C:\Windows\system32\</Data>
    <Data Name=""User"">WINDEV2309EVAL\User</Data>
    <Data Name=""LogonGuid"">{f57bd86a-1d4d-6582-671c-160000000000}</Data>
    <Data Name=""LogonId"">0x161c67</Data>
    <Data Name=""TerminalSessionId"">1</Data>
    <Data Name=""IntegrityLevel"">Medium</Data>
    <Data Name=""Hashes"">MD5=933812706BED93F0AD4BB0ABB166C63D,SHA256=BA67D9EBA4A13A02CCBA4405104691E1D15ADE2332C21348FF5EE64A5FE841F7,IMPHASH=1F142745B4B4DDC8794D78AA95ADC986</Data>
    <Data Name=""ParentProcessGuid"">{f57bd86a-1d6e-6582-0c01-000000000d00}</Data>
    <Data Name=""ParentProcessId"">9996</Data>
    <Data Name=""ParentImage"">C:\Windows\UUS\Packages\Preview\amd64\MoUsoCoreWorker.exe</Data>
    <Data Name=""ParentCommandLine"">""C:\Windows\uus\packages\preview\AMD64\MoUsoCoreWorker.exe"" useprivatenamespaces</Data>
    <Data Name=""ParentUser"">NT AUTHORITY\SYSTEM</Data>
  </EventData>
</Event>
"
Microsoft-Windows-Sysmon/Operational,,,WinDev2309Eval,47:22.5,,,,,,,,,11,4764,,,,C:\Windows\uus\packages\preview\AMD64\MoUsoCoreWorker.exe,,,0x8000000000000000,4,,,,,0,,,,,,,{f57bd86a-1d6e-6582-0c01-000000000d00},3400,9996.0,,,,,,DLL,,,,,,,,,,,,,2023-12-19T22:47:22.5211289Z,C:\Windows\SystemTemp\{C946094C-33AA-45BC-8972-64D03780F916}\ssshim.dll,,,,,,11,,4208,NT AUTHORITY\SYSTEM,S-1-5-18,47:22.5,2.0,"<Event xmlns=""http://schemas.microsoft.com/win/2004/08/events/event"">
  <System>
    <Provider Name=""Microsoft-Windows-Sysmon"" Guid=""{5770385f-c22a-43e0-bf4c-06f5698ffbd9}""/>
    <EventID>11</EventID>
    <Version>2</Version>
    <Level>4</Level>
    <Task>11</Task>
    <Opcode>0</Opcode>
    <Keywords>0x8000000000000000</Keywords>
    <TimeCreated SystemTime=""2023-12-19T22:47:22.5211289Z""/>
    <EventRecordID>4764</EventRecordID>
    <Correlation/>
    <Execution ProcessID=""3400"" ThreadID=""4208""/>
    <Channel>Microsoft-Windows-Sysmon/Operational</Channel>
    <Computer>WinDev2309Eval</Computer>
    <Security UserID=""S-1-5-18""/>
  </System>
  <EventData>
    <Data Name=""RuleName"">DLL</Data>
    <Data Name=""UtcTime"">2023-12-19 22:47:22.514</Data>
    <Data Name=""ProcessGuid"">{f57bd86a-1d6e-6582-0c01-000000000d00}</Data>
    <Data Name=""ProcessId"">9996</Data>
    <Data Name=""Image"">C:\Windows\uus\packages\preview\AMD64\MoUsoCoreWorker.exe</Data>
    <Data Name=""TargetFilename"">C:\Windows\SystemTemp\{C946094C-33AA-45BC-8972-64D03780F916}\ssshim.dll</Data>
    <Data Name=""CreationUtcTime"">2023-12-19 22:47:22.514</Data>
    <Data Name=""User"">NT AUTHORITY\SYSTEM</Data>
  </EventData>
</Event>
"
Microsoft-Windows-Sysmon/Operational,,,WinDev2309Eval,35:48.0,,,,,,,,,11,4763,,,,C:\Windows\system32\svchost.exe,,,0x8000000000000000,4,,,,,0,,,,,,,{f57bd86a-1d6e-6582-0e01-000000000d00},3400,9988.0,,,,,,DLL,,,,,,,,,,,,,2023-12-19T22:47:14.6036969Z,C:\Windows\SoftwareDistribution\Download\7bd97cc524ebd8114e77ca1991fbf2f3\Metadata\AppxDeviceInventory.dll,,,,,,11,,4208,NT AUTHORITY\SYSTEM,S-1-5-18,47:14.6,2.0,"<Event xmlns=""http://schemas.microsoft.com/win/2004/08/events/event"">
  <System>
    <Provider Name=""Microsoft-Windows-Sysmon"" Guid=""{5770385f-c22a-43e0-bf4c-06f5698ffbd9}""/>
    <EventID>11</EventID>
    <Version>2</Version>
    <Level>4</Level>
    <Task>11</Task>
    <Opcode>0</Opcode>
    <Keywords>0x8000000000000000</Keywords>
    <TimeCreated SystemTime=""2023-12-19T22:47:14.6036969Z""/>
    <EventRecordID>4763</EventRecordID>
    <Correlation/>
    <Execution ProcessID=""3400"" ThreadID=""4208""/>
    <Channel>Microsoft-Windows-Sysmon/Operational</Channel>
    <Computer>WinDev2309Eval</Computer>
    <Security UserID=""S-1-5-18""/>
  </System>
  <EventData>
    <Data Name=""RuleName"">DLL</Data>
    <Data Name=""UtcTime"">2023-12-19 22:47:14.589</Data>
    <Data Name=""ProcessGuid"">{f57bd86a-1d6e-6582-0e01-000000000d00}</Data>
    <Data Name=""ProcessId"">9988</Data>
    <Data Name=""Image"">C:\Windows\system32\svchost.exe</Data>
    <Data Name=""TargetFilename"">C:\Windows\SoftwareDistribution\Download\7bd97cc524ebd8114e77ca1991fbf2f3\Metadata\AppxDeviceInventory.dll</Data>
    <Data Name=""CreationUtcTime"">2023-12-02 04:35:48.000</Data>
    <Data Name=""User"">NT AUTHORITY\SYSTEM</Data>
  </EventData>
</Event>
"
Microsoft-Windows-Sysmon/Operational,,,WinDev2309Eval,13:16.0,,,,,,,,,11,4762,,,,C:\Windows\system32\svchost.exe,,,0x8000000000000000,4,,,,,0,,,,,,,{f57bd86a-1d6e-6582-0e01-000000000d00},3400,9988.0,,,,,,DLL,,,,,,,,,,,,,2023-12-19T22:47:14.5985104Z,C:\Windows\SoftwareDistribution\Download\7bd97cc524ebd8114e77ca1991fbf2f3\Metadata\UpdateDeploy.dll,,,,,,11,,4208,NT AUTHORITY\SYSTEM,S-1-5-18,47:14.6,2.0,"<Event xmlns=""http://schemas.microsoft.com/win/2004/08/events/event"">
  <System>
    <Provider Name=""Microsoft-Windows-Sysmon"" Guid=""{5770385f-c22a-43e0-bf4c-06f5698ffbd9}""/>
    <EventID>11</EventID>
    <Version>2</Version>
    <Level>4</Level>
    <Task>11</Task>
    <Opcode>0</Opcode>
    <Keywords>0x8000000000000000</Keywords>
    <TimeCreated SystemTime=""2023-12-19T22:47:14.5985104Z""/>
    <EventRecordID>4762</EventRecordID>
    <Correlation/>
    <Execution ProcessID=""3400"" ThreadID=""4208""/>
    <Channel>Microsoft-Windows-Sysmon/Operational</Channel>
    <Computer>WinDev2309Eval</Computer>
    <Security UserID=""S-1-5-18""/>
  </System>
  <EventData>
    <Data Name=""RuleName"">DLL</Data>
    <Data Name=""UtcTime"">2023-12-19 22:47:14.589</Data>
    <Data Name=""ProcessGuid"">{f57bd86a-1d6e-6582-0e01-000000000d00}</Data>
    <Data Name=""ProcessId"">9988</Data>
    <Data Name=""Image"">C:\Windows\system32\svchost.exe</Data>
    <Data Name=""TargetFilename"">C:\Windows\SoftwareDistribution\Download\7bd97cc524ebd8114e77ca1991fbf2f3\Metadata\UpdateDeploy.dll</Data>
    <Data Name=""CreationUtcTime"">2023-12-02 04:13:16.000</Data>
    <Data Name=""User"">NT AUTHORITY\SYSTEM</Data>
  </EventData>
</Event>
"
Microsoft-Windows-Sysmon/Operational,,,WinDev2309Eval,56:52.0,,,,,,,,,11,4761,,,,C:\Windows\system32\svchost.exe,,,0x8000000000000000,4,,,,,0,,,,,,,{f57bd86a-1d6e-6582-0e01-000000000d00},3400,9988.0,,,,,,DLL,,,,,,,,,,,,,2023-12-19T22:47:14.5935258Z,C:\Windows\SoftwareDistribution\Download\7bd97cc524ebd8114e77ca1991fbf2f3\Metadata\WinREAgent.dll,,,,,,11,,4208,NT AUTHORITY\SYSTEM,S-1-5-18,47:14.6,2.0,"<Event xmlns=""http://schemas.microsoft.com/win/2004/08/events/event"">
  <System>
    <Provider Name=""Microsoft-Windows-Sysmon"" Guid=""{5770385f-c22a-43e0-bf4c-06f5698ffbd9}""/>
    <EventID>11</EventID>
    <Version>2</Version>
    <Level>4</Level>
    <Task>11</Task>
    <Opcode>0</Opcode>
    <Keywords>0x8000000000000000</Keywords>
    <TimeCreated SystemTime=""2023-12-19T22:47:14.5935258Z""/>
    <EventRecordID>4761</EventRecordID>
    <Correlation/>
    <Execution ProcessID=""3400"" ThreadID=""4208""/>
    <Channel>Microsoft-Windows-Sysmon/Operational</Channel>
    <Computer>WinDev2309Eval</Computer>
    <Security UserID=""S-1-5-18""/>
  </System>
  <EventData>
    <Data Name=""RuleName"">DLL</Data>
    <Data Name=""UtcTime"">2023-12-19 22:47:14.589</Data>
    <Data Name=""ProcessGuid"">{f57bd86a-1d6e-6582-0e01-000000000d00}</Data>
    <Data Name=""ProcessId"">9988</Data>
    <Data Name=""Image"">C:\Windows\system32\svchost.exe</Data>
    <Data Name=""TargetFilename"">C:\Windows\SoftwareDistribution\Download\7bd97cc524ebd8114e77ca1991fbf2f3\Metadata\WinREAgent.dll</Data>
    <Data Name=""CreationUtcTime"">2023-12-02 09:56:52.000</Data>
    <Data Name=""User"">NT AUTHORITY\SYSTEM</Data>
  </EventData>
</Event>
"
Microsoft-Windows-Sysmon/Operational,,,WinDev2309Eval,14:20.0,,,,,,,,,11,4760,,,,C:\Windows\system32\svchost.exe,,,0x8000000000000000,4,,,,,0,,,,,,,{f57bd86a-1d6e-6582-0e01-000000000d00},3400,9988.0,,,,,,DLL,,,,,,,,,,,,,2023-12-19T22:47:14.5903835Z,C:\Windows\SoftwareDistribution\Download\7bd97cc524ebd8114e77ca1991fbf2f3\Metadata\ReserveManager.dll,,,,,,11,,4208,NT AUTHORITY\SYSTEM,S-1-5-18,47:14.6,2.0,"<Event xmlns=""http://schemas.microsoft.com/win/2004/08/events/event"">
  <System>
    <Provider Name=""Microsoft-Windows-Sysmon"" Guid=""{5770385f-c22a-43e0-bf4c-06f5698ffbd9}""/>
    <EventID>11</EventID>
    <Version>2</Version>
    <Level>4</Level>
    <Task>11</Task>
    <Opcode>0</Opcode>
    <Keywords>0x8000000000000000</Keywords>
    <TimeCreated SystemTime=""2023-12-19T22:47:14.5903835Z""/>
    <EventRecordID>4760</EventRecordID>
    <Correlation/>
    <Execution ProcessID=""3400"" ThreadID=""4208""/>
    <Channel>Microsoft-Windows-Sysmon/Operational</Channel>
    <Computer>WinDev2309Eval</Computer>
    <Security UserID=""S-1-5-18""/>
  </System>
  <EventData>
    <Data Name=""RuleName"">DLL</Data>
    <Data Name=""UtcTime"">2023-12-19 22:47:14.589</Data>
    <Data Name=""ProcessGuid"">{f57bd86a-1d6e-6582-0e01-000000000d00}</Data>
    <Data Name=""ProcessId"">9988</Data>
    <Data Name=""Image"">C:\Windows\system32\svchost.exe</Data>
    <Data Name=""TargetFilename"">C:\Windows\SoftwareDistribution\Download\7bd97cc524ebd8114e77ca1991fbf2f3\Metadata\ReserveManager.dll</Data>
    <Data Name=""CreationUtcTime"">2023-12-02 04:14:20.000</Data>
    <Data Name=""User"">NT AUTHORITY\SYSTEM</Data>
  </EventData>
</Event>
"
