Channel,CommandLine,Company,Computer,CreationUtcTime,CurrentDirectory,Description,DestinationHostname,DestinationIp,DestinationIsIpv6,DestinationPort,DestinationPortName,Details,EventID,EventRecordID,EventType,FileVersion,Hashes,Image,Initiated,IntegrityLevel,Keywords,Level,LogonGuid,LogonId,Message,NewThreadId,Opcode,OriginalFileName,ParentCommandLine,ParentImage,ParentProcessGuid,ParentProcessId,ParentUser,ProcessGuid,ProcessID,ProcessId,Product,Protocol,QueryName,QueryResults,QueryStatus,RuleName,SourceHostname,SourceImage,SourceIp,SourceIsIpv6,SourcePort,SourcePortName,SourceProcessGuid,SourceProcessId,SourceUser,StartAddress,StartFunction,StartModule,SystemTime,TargetFilename,TargetImage,TargetObject,TargetProcessGuid,TargetProcessId,TargetUser,Task,TerminalSessionId,ThreadID,User,UserID,UtcTime,Version,raw
Microsoft-Windows-Sysmon/Operational,,,WinDev2309Eval,,,,,,,,,microsoft corporation,13,6079,SetValue,,,C:\Windows\System32\svchost.exe,,,0x8000000000000000,4,,,,,0,,,,,,,{f57bd86a-1cf4-6582-3f00-000000000d00},3400,2996.0,,,,,,InvDB-Pub,,,,,,,,,,,,,2023-12-21T08:39:02.2816399Z,,,\REGISTRY\A\{b04f0fcd-4760-ab9f-95ce-9b12c47065d5}\Root\InventoryApplicationFile\am_delta_patch_1|33587993a29a3274\Publisher,,,,13,,4208,NT AUTHORITY\SYSTEM,S-1-5-18,39:02.3,2.0,"<Event xmlns=""http://schemas.microsoft.com/win/2004/08/events/event"">
  <System>
    <Provider Name=""Microsoft-Windows-Sysmon"" Guid=""{5770385f-c22a-43e0-bf4c-06f5698ffbd9}""/>
    <EventID>13</EventID>
    <Version>2</Version>
    <Level>4</Level>
    <Task>13</Task>
    <Opcode>0</Opcode>
    <Keywords>0x8000000000000000</Keywords>
    <TimeCreated SystemTime=""2023-12-21T08:39:02.2816399Z""/>
    <EventRecordID>6079</EventRecordID>
    <Correlation/>
    <Execution ProcessID=""3400"" ThreadID=""4208""/>
    <Channel>Microsoft-Windows-Sysmon/Operational</Channel>
    <Computer>WinDev2309Eval</Computer>
    <Security UserID=""S-1-5-18""/>
  </System>
  <EventData>
    <Data Name=""RuleName"">InvDB-Pub</Data>
    <Data Name=""EventType"">SetValue</Data>
    <Data Name=""UtcTime"">2023-12-21 08:39:02.275</Data>
    <Data Name=""ProcessGuid"">{f57bd86a-1cf4-6582-3f00-000000000d00}</Data>
    <Data Name=""ProcessId"">2996</Data>
    <Data Name=""Image"">C:\Windows\System32\svchost.exe</Data>
    <Data Name=""TargetObject"">\REGISTRY\A\{b04f0fcd-4760-ab9f-95ce-9b12c47065d5}\Root\InventoryApplicationFile\am_delta_patch_1|33587993a29a3274\Publisher</Data>
    <Data Name=""Details"">microsoft corporation</Data>
    <Data Name=""User"">NT AUTHORITY\SYSTEM</Data>
  </EventData>
</Event>
"
Microsoft-Windows-Sysmon/Operational,,,WinDev2309Eval,,,,,,,,,c:\windows\softwaredistribution\download\install\am_delta_patch_1.403.808.0.exe,13,6078,SetValue,,,C:\Windows\System32\svchost.exe,,,0x8000000000000000,4,,,,,0,,,,,,,{f57bd86a-1cf4-6582-3f00-000000000d00},3400,2996.0,,,,,,InvDB-Path,,,,,,,,,,,,,2023-12-21T08:39:02.2811805Z,,,\REGISTRY\A\{b04f0fcd-4760-ab9f-95ce-9b12c47065d5}\Root\InventoryApplicationFile\am_delta_patch_1|33587993a29a3274\LowerCaseLongPath,,,,13,,4208,NT AUTHORITY\SYSTEM,S-1-5-18,39:02.3,2.0,"<Event xmlns=""http://schemas.microsoft.com/win/2004/08/events/event"">
  <System>
    <Provider Name=""Microsoft-Windows-Sysmon"" Guid=""{5770385f-c22a-43e0-bf4c-06f5698ffbd9}""/>
    <EventID>13</EventID>
    <Version>2</Version>
    <Level>4</Level>
    <Task>13</Task>
    <Opcode>0</Opcode>
    <Keywords>0x8000000000000000</Keywords>
    <TimeCreated SystemTime=""2023-12-21T08:39:02.2811805Z""/>
    <EventRecordID>6078</EventRecordID>
    <Correlation/>
    <Execution ProcessID=""3400"" ThreadID=""4208""/>
    <Channel>Microsoft-Windows-Sysmon/Operational</Channel>
    <Computer>WinDev2309Eval</Computer>
    <Security UserID=""S-1-5-18""/>
  </System>
  <EventData>
    <Data Name=""RuleName"">InvDB-Path</Data>
    <Data Name=""EventType"">SetValue</Data>
    <Data Name=""UtcTime"">2023-12-21 08:39:02.275</Data>
    <Data Name=""ProcessGuid"">{f57bd86a-1cf4-6582-3f00-000000000d00}</Data>
    <Data Name=""ProcessId"">2996</Data>
    <Data Name=""Image"">C:\Windows\System32\svchost.exe</Data>
    <Data Name=""TargetObject"">\REGISTRY\A\{b04f0fcd-4760-ab9f-95ce-9b12c47065d5}\Root\InventoryApplicationFile\am_delta_patch_1|33587993a29a3274\LowerCaseLongPath</Data>
    <Data Name=""Details"">c:\windows\softwaredistribution\download\install\am_delta_patch_1.403.808.0.exe</Data>
    <Data Name=""User"">NT AUTHORITY\SYSTEM</Data>
  </EventData>
</Event>
"
Microsoft-Windows-Sysmon/Operational,C:\Windows\system32\MpSigStub.exe /stub 1.1.23080.1001 /payload 1.403.855.0 /MpWUStub /program C:\Windows\SoftwareDistribution\Download\Install\AM_Delta_Patch_1.403.808.0.exe WD /q,Microsoft Corporation,WinDev2309Eval,,C:\Windows\system32\,Microsoft Malware Protection Signature Update Stub,,,,,,,1,6077,,1.1.23080.1001 (3160dd13d0f6a295f1d64f8fb862141832f637bb),"MD5=5598A4C4A5F166060BDE5F6983522F44,SHA256=896F1793CA8BDA909A71217F41A93AF5A06354C1EA9EA81C975D429224B28E19,IMPHASH=61A67B5C850CC035A3E3016768298329",C:\Windows\System32\MpSigStub.exe,,System,0x8000000000000000,4,{f57bd86a-1cf1-6582-e703-000000000000},0x3e7,,,0,MpSigStub.exe,"""C:\Windows\uus\packages\preview\AMD64\wuaucltcore.exe"" /DeploymentHandlerFullPath \\?\C:\Windows\UUS\Packages\Preview\AMD64\UpdateDeploy.dll /ClassId 6c1bbfa4-7d2a-49cd-9ff6-94b89526a4e8 /RunHandlerComServer",C:\Windows\UUS\Packages\Preview\amd64\wuaucltcore.exe,{f57bd86a-f9a5-6583-b004-000000000d00},12796.0,NT AUTHORITY\SYSTEM,{f57bd86a-f9a5-6583-b204-000000000d00},3400,12724.0,Microsoft Malware Protection,,,,,-,,,,,,,,,,,,,2023-12-21T08:39:01.6213899Z,,,,,,,1,0.0,4208,NT AUTHORITY\SYSTEM,S-1-5-18,39:01.6,5.0,"<Event xmlns=""http://schemas.microsoft.com/win/2004/08/events/event"">
  <System>
    <Provider Name=""Microsoft-Windows-Sysmon"" Guid=""{5770385f-c22a-43e0-bf4c-06f5698ffbd9}""/>
    <EventID>1</EventID>
    <Version>5</Version>
    <Level>4</Level>
    <Task>1</Task>
    <Opcode>0</Opcode>
    <Keywords>0x8000000000000000</Keywords>
    <TimeCreated SystemTime=""2023-12-21T08:39:01.6213899Z""/>
    <EventRecordID>6077</EventRecordID>
    <Correlation/>
    <Execution ProcessID=""3400"" ThreadID=""4208""/>
    <Channel>Microsoft-Windows-Sysmon/Operational</Channel>
    <Computer>WinDev2309Eval</Computer>
    <Security UserID=""S-1-5-18""/>
  </System>
  <EventData>
    <Data Name=""RuleName"">-</Data>
    <Data Name=""UtcTime"">2023-12-21 08:39:01.617</Data>
    <Data Name=""ProcessGuid"">{f57bd86a-f9a5-6583-b204-000000000d00}</Data>
    <Data Name=""ProcessId"">12724</Data>
    <Data Name=""Image"">C:\Windows\System32\MpSigStub.exe</Data>
    <Data Name=""FileVersion"">1.1.23080.1001 (3160dd13d0f6a295f1d64f8fb862141832f637bb)</Data>
    <Data Name=""Description"">Microsoft Malware Protection Signature Update Stub</Data>
    <Data Name=""Product"">Microsoft Malware Protection</Data>
    <Data Name=""Company"">Microsoft Corporation</Data>
    <Data Name=""OriginalFileName"">MpSigStub.exe</Data>
    <Data Name=""CommandLine"">C:\Windows\system32\MpSigStub.exe /stub 1.1.23080.1001 /payload 1.403.855.0 /MpWUStub /program C:\Windows\SoftwareDistribution\Download\Install\AM_Delta_Patch_1.403.808.0.exe WD /q</Data>
    <Data Name=""CurrentDirectory"">C:\Windows\system32\</Data>
    <Data Name=""User"">NT AUTHORITY\SYSTEM</Data>
    <Data Name=""LogonGuid"">{f57bd86a-1cf1-6582-e703-000000000000}</Data>
    <Data Name=""LogonId"">0x3e7</Data>
    <Data Name=""TerminalSessionId"">0</Data>
    <Data Name=""IntegrityLevel"">System</Data>
    <Data Name=""Hashes"">MD5=5598A4C4A5F166060BDE5F6983522F44,SHA256=896F1793CA8BDA909A71217F41A93AF5A06354C1EA9EA81C975D429224B28E19,IMPHASH=61A67B5C850CC035A3E3016768298329</Data>
    <Data Name=""ParentProcessGuid"">{f57bd86a-f9a5-6583-b004-000000000d00}</Data>
    <Data Name=""ParentProcessId"">12796</Data>
    <Data Name=""ParentImage"">C:\Windows\UUS\Packages\Preview\amd64\wuaucltcore.exe</Data>
    <Data Name=""ParentCommandLine"">""C:\Windows\uus\packages\preview\AMD64\wuaucltcore.exe"" /DeploymentHandlerFullPath \\?\C:\Windows\UUS\Packages\Preview\AMD64\UpdateDeploy.dll /ClassId 6c1bbfa4-7d2a-49cd-9ff6-94b89526a4e8 /RunHandlerComServer</Data>
    <Data Name=""ParentUser"">NT AUTHORITY\SYSTEM</Data>
  </EventData>
</Event>
"
Microsoft-Windows-Sysmon/Operational,"""C:\Windows\SoftwareDistribution\Download\Install\AM_Delta_Patch_1.403.808.0.exe"" WD /q",Microsoft Corporation,WinDev2309Eval,,C:\Windows\SoftwareDistribution\Download\Install\,Microsoft Antimalware WU Stub,,,,,,,1,6076,,1.403.855.0,"MD5=8804A8633417517B05047C2BAD2DC243,SHA256=F34EA74361B78AFF357545A06EB949F3A0E045C4C3B02863BA77E261D2DEEFEE,IMPHASH=E4FAD3D8447A7CE2C7526A030D0BF6B3",C:\Windows\SoftwareDistribution\Download\Install\AM_Delta_Patch_1.403.808.0.exe,,System,0x8000000000000000,4,{f57bd86a-1cf1-6582-e703-000000000000},0x3e7,,,0,AM_Delta_Patch_1.403.808.0.exe,"""C:\Windows\uus\packages\preview\AMD64\wuaucltcore.exe"" /DeploymentHandlerFullPath \\?\C:\Windows\UUS\Packages\Preview\AMD64\UpdateDeploy.dll /ClassId 6c1bbfa4-7d2a-49cd-9ff6-94b89526a4e8 /RunHandlerComServer",C:\Windows\UUS\Packages\Preview\amd64\wuaucltcore.exe,{f57bd86a-f9a5-6583-b004-000000000d00},12796.0,NT AUTHORITY\SYSTEM,{f57bd86a-f9a5-6583-b104-000000000d00},3400,10340.0,Microsoft Malware Protection,,,,,-,,,,,,,,,,,,,2023-12-21T08:39:01.5796995Z,,,,,,,1,0.0,4208,NT AUTHORITY\SYSTEM,S-1-5-18,39:01.6,5.0,"<Event xmlns=""http://schemas.microsoft.com/win/2004/08/events/event"">
  <System>
    <Provider Name=""Microsoft-Windows-Sysmon"" Guid=""{5770385f-c22a-43e0-bf4c-06f5698ffbd9}""/>
    <EventID>1</EventID>
    <Version>5</Version>
    <Level>4</Level>
    <Task>1</Task>
    <Opcode>0</Opcode>
    <Keywords>0x8000000000000000</Keywords>
    <TimeCreated SystemTime=""2023-12-21T08:39:01.5796995Z""/>
    <EventRecordID>6076</EventRecordID>
    <Correlation/>
    <Execution ProcessID=""3400"" ThreadID=""4208""/>
    <Channel>Microsoft-Windows-Sysmon/Operational</Channel>
    <Computer>WinDev2309Eval</Computer>
    <Security UserID=""S-1-5-18""/>
  </System>
  <EventData>
    <Data Name=""RuleName"">-</Data>
    <Data Name=""UtcTime"">2023-12-21 08:39:01.565</Data>
    <Data Name=""ProcessGuid"">{f57bd86a-f9a5-6583-b104-000000000d00}</Data>
    <Data Name=""ProcessId"">10340</Data>
    <Data Name=""Image"">C:\Windows\SoftwareDistribution\Download\Install\AM_Delta_Patch_1.403.808.0.exe</Data>
    <Data Name=""FileVersion"">1.403.855.0</Data>
    <Data Name=""Description"">Microsoft Antimalware WU Stub</Data>
    <Data Name=""Product"">Microsoft Malware Protection</Data>
    <Data Name=""Company"">Microsoft Corporation</Data>
    <Data Name=""OriginalFileName"">AM_Delta_Patch_1.403.808.0.exe</Data>
    <Data Name=""CommandLine"">""C:\Windows\SoftwareDistribution\Download\Install\AM_Delta_Patch_1.403.808.0.exe"" WD /q</Data>
    <Data Name=""CurrentDirectory"">C:\Windows\SoftwareDistribution\Download\Install\</Data>
    <Data Name=""User"">NT AUTHORITY\SYSTEM</Data>
    <Data Name=""LogonGuid"">{f57bd86a-1cf1-6582-e703-000000000000}</Data>
    <Data Name=""LogonId"">0x3e7</Data>
    <Data Name=""TerminalSessionId"">0</Data>
    <Data Name=""IntegrityLevel"">System</Data>
    <Data Name=""Hashes"">MD5=8804A8633417517B05047C2BAD2DC243,SHA256=F34EA74361B78AFF357545A06EB949F3A0E045C4C3B02863BA77E261D2DEEFEE,IMPHASH=E4FAD3D8447A7CE2C7526A030D0BF6B3</Data>
    <Data Name=""ParentProcessGuid"">{f57bd86a-f9a5-6583-b004-000000000d00}</Data>
    <Data Name=""ParentProcessId"">12796</Data>
    <Data Name=""ParentImage"">C:\Windows\UUS\Packages\Preview\amd64\wuaucltcore.exe</Data>
    <Data Name=""ParentCommandLine"">""C:\Windows\uus\packages\preview\AMD64\wuaucltcore.exe"" /DeploymentHandlerFullPath \\?\C:\Windows\UUS\Packages\Preview\AMD64\UpdateDeploy.dll /ClassId 6c1bbfa4-7d2a-49cd-9ff6-94b89526a4e8 /RunHandlerComServer</Data>
    <Data Name=""ParentUser"">NT AUTHORITY\SYSTEM</Data>
  </EventData>
</Event>
"
Microsoft-Windows-Sysmon/Operational,,,WinDev2309Eval,39:01.4,,,,,,,,,11,6075,,,,C:\Windows\system32\svchost.exe,,,0x8000000000000000,4,,,,,0,,,,,,,{f57bd86a-f97e-6583-9d04-000000000d00},3400,9412.0,,,,,,EXE,,,,,,,,,,,,,2023-12-21T08:39:01.3967366Z,C:\Windows\SoftwareDistribution\Download\Install\AM_Delta_Patch_1.403.808.0.exe,,,,,,11,,4208,NT AUTHORITY\SYSTEM,S-1-5-18,39:01.4,2.0,"<Event xmlns=""http://schemas.microsoft.com/win/2004/08/events/event"">
  <System>
    <Provider Name=""Microsoft-Windows-Sysmon"" Guid=""{5770385f-c22a-43e0-bf4c-06f5698ffbd9}""/>
    <EventID>11</EventID>
    <Version>2</Version>
    <Level>4</Level>
    <Task>11</Task>
    <Opcode>0</Opcode>
    <Keywords>0x8000000000000000</Keywords>
    <TimeCreated SystemTime=""2023-12-21T08:39:01.3967366Z""/>
    <EventRecordID>6075</EventRecordID>
    <Correlation/>
    <Execution ProcessID=""3400"" ThreadID=""4208""/>
    <Channel>Microsoft-Windows-Sysmon/Operational</Channel>
    <Computer>WinDev2309Eval</Computer>
    <Security UserID=""S-1-5-18""/>
  </System>
  <EventData>
    <Data Name=""RuleName"">EXE</Data>
    <Data Name=""UtcTime"">2023-12-21 08:39:01.383</Data>
    <Data Name=""ProcessGuid"">{f57bd86a-f97e-6583-9d04-000000000d00}</Data>
    <Data Name=""ProcessId"">9412</Data>
    <Data Name=""Image"">C:\Windows\system32\svchost.exe</Data>
    <Data Name=""TargetFilename"">C:\Windows\SoftwareDistribution\Download\Install\AM_Delta_Patch_1.403.808.0.exe</Data>
    <Data Name=""CreationUtcTime"">2023-12-21 08:39:01.383</Data>
    <Data Name=""User"">NT AUTHORITY\SYSTEM</Data>
  </EventData>
</Event>
"
Microsoft-Windows-Sysmon/Operational,"""C:\Windows\uus\packages\preview\AMD64\wuaucltcore.exe"" /DeploymentHandlerFullPath \\?\C:\Windows\UUS\Packages\Preview\AMD64\UpdateDeploy.dll /ClassId 6c1bbfa4-7d2a-49cd-9ff6-94b89526a4e8 /RunHandlerComServer",Microsoft Corporation,WinDev2309Eval,,C:\Windows\system32\,Windows Update,,,,,,,1,6074,,1212.2309.20012.0,"MD5=B2C868E97CCA8BA1CCD744A2A94DF00F,SHA256=F6319EC9D549BB0DB96A0B4BBA3D29D2E74C48A888C02E0569DC3E6EE82C4B0A,IMPHASH=DD2FCC350B4D10E72C58408414AA6BD3",C:\Windows\UUS\Packages\Preview\amd64\wuaucltcore.exe,,System,0x8000000000000000,4,{f57bd86a-1cf1-6582-e703-000000000000},0x3e7,,,0,wuaucltcore.exe,C:\Windows\system32\svchost.exe -k netsvcs -p -s wuauserv,C:\Windows\System32\svchost.exe,{f57bd86a-f97e-6583-9d04-000000000d00},9412.0,NT AUTHORITY\SYSTEM,{f57bd86a-f9a5-6583-b004-000000000d00},3400,12796.0,Microsoft® Windows® Operating System,,,,,-,,,,,,,,,,,,,2023-12-21T08:39:01.3295109Z,,,,,,,1,0.0,4208,NT AUTHORITY\SYSTEM,S-1-5-18,39:01.3,5.0,"<Event xmlns=""http://schemas.microsoft.com/win/2004/08/events/event"">
  <System>
    <Provider Name=""Microsoft-Windows-Sysmon"" Guid=""{5770385f-c22a-43e0-bf4c-06f5698ffbd9}""/>
    <EventID>1</EventID>
    <Version>5</Version>
    <Level>4</Level>
    <Task>1</Task>
    <Opcode>0</Opcode>
    <Keywords>0x8000000000000000</Keywords>
    <TimeCreated SystemTime=""2023-12-21T08:39:01.3295109Z""/>
    <EventRecordID>6074</EventRecordID>
    <Correlation/>
    <Execution ProcessID=""3400"" ThreadID=""4208""/>
    <Channel>Microsoft-Windows-Sysmon/Operational</Channel>
    <Computer>WinDev2309Eval</Computer>
    <Security UserID=""S-1-5-18""/>
  </System>
  <EventData>
    <Data Name=""RuleName"">-</Data>
    <Data Name=""UtcTime"">2023-12-21 08:39:01.325</Data>
    <Data Name=""ProcessGuid"">{f57bd86a-f9a5-6583-b004-000000000d00}</Data>
    <Data Name=""ProcessId"">12796</Data>
    <Data Name=""Image"">C:\Windows\UUS\Packages\Preview\amd64\wuaucltcore.exe</Data>
    <Data Name=""FileVersion"">1212.2309.20012.0</Data>
    <Data Name=""Description"">Windows Update</Data>
    <Data Name=""Product"">Microsoft&#174; Windows&#174; Operating System</Data>
    <Data Name=""Company"">Microsoft Corporation</Data>
    <Data Name=""OriginalFileName"">wuaucltcore.exe</Data>
    <Data Name=""CommandLine"">""C:\Windows\uus\packages\preview\AMD64\wuaucltcore.exe"" /DeploymentHandlerFullPath \\?\C:\Windows\UUS\Packages\Preview\AMD64\UpdateDeploy.dll /ClassId 6c1bbfa4-7d2a-49cd-9ff6-94b89526a4e8 /RunHandlerComServer</Data>
    <Data Name=""CurrentDirectory"">C:\Windows\system32\</Data>
    <Data Name=""User"">NT AUTHORITY\SYSTEM</Data>
    <Data Name=""LogonGuid"">{f57bd86a-1cf1-6582-e703-000000000000}</Data>
    <Data Name=""LogonId"">0x3e7</Data>
    <Data Name=""TerminalSessionId"">0</Data>
    <Data Name=""IntegrityLevel"">System</Data>
    <Data Name=""Hashes"">MD5=B2C868E97CCA8BA1CCD744A2A94DF00F,SHA256=F6319EC9D549BB0DB96A0B4BBA3D29D2E74C48A888C02E0569DC3E6EE82C4B0A,IMPHASH=DD2FCC350B4D10E72C58408414AA6BD3</Data>
    <Data Name=""ParentProcessGuid"">{f57bd86a-f97e-6583-9d04-000000000d00}</Data>
    <Data Name=""ParentProcessId"">9412</Data>
    <Data Name=""ParentImage"">C:\Windows\System32\svchost.exe</Data>
    <Data Name=""ParentCommandLine"">C:\Windows\system32\svchost.exe -k netsvcs -p -s wuauserv</Data>
    <Data Name=""ParentUser"">NT AUTHORITY\SYSTEM</Data>
  </EventData>
</Event>
"
Microsoft-Windows-Sysmon/Operational,C:\Windows\System32\svchost.exe -k netsvcs -p -s NetSetupSvc,Microsoft Corporation,WinDev2309Eval,,C:\Windows\system32\,Host Process for Windows Services,,,,,,,1,6073,,10.0.22621.1 (WinBuild.160101.0800),"MD5=8EC922C7A58A8701AB481B7BE9644536,SHA256=949BFB5B4C7D58D92F3F9C5F8EC7CA4CEAFFD10EC5F0020F0A987C472D61C54B,IMPHASH=76B4BAE80D2C3B08BB062D97BF9CA791",C:\Windows\System32\svchost.exe,,System,0x8000000000000000,4,{f57bd86a-1cf1-6582-e703-000000000000},0x3e7,,,0,svchost.exe,C:\Windows\system32\services.exe,C:\Windows\System32\services.exe,{f57bd86a-1cf1-6582-0b00-000000000d00},760.0,NT AUTHORITY\SYSTEM,{f57bd86a-f9a4-6583-af04-000000000d00},3400,10308.0,Microsoft® Windows® Operating System,,,,,-,,,,,,,,,,,,,2023-12-21T08:39:00.0111453Z,,,,,,,1,0.0,4208,NT AUTHORITY\SYSTEM,S-1-5-18,39:00.0,5.0,"<Event xmlns=""http://schemas.microsoft.com/win/2004/08/events/event"">
  <System>
    <Provider Name=""Microsoft-Windows-Sysmon"" Guid=""{5770385f-c22a-43e0-bf4c-06f5698ffbd9}""/>
    <EventID>1</EventID>
    <Version>5</Version>
    <Level>4</Level>
    <Task>1</Task>
    <Opcode>0</Opcode>
    <Keywords>0x8000000000000000</Keywords>
    <TimeCreated SystemTime=""2023-12-21T08:39:00.0111453Z""/>
    <EventRecordID>6073</EventRecordID>
    <Correlation/>
    <Execution ProcessID=""3400"" ThreadID=""4208""/>
    <Channel>Microsoft-Windows-Sysmon/Operational</Channel>
    <Computer>WinDev2309Eval</Computer>
    <Security UserID=""S-1-5-18""/>
  </System>
  <EventData>
    <Data Name=""RuleName"">-</Data>
    <Data Name=""UtcTime"">2023-12-21 08:39:00.001</Data>
    <Data Name=""ProcessGuid"">{f57bd86a-f9a4-6583-af04-000000000d00}</Data>
    <Data Name=""ProcessId"">10308</Data>
    <Data Name=""Image"">C:\Windows\System32\svchost.exe</Data>
    <Data Name=""FileVersion"">10.0.22621.1 (WinBuild.160101.0800)</Data>
    <Data Name=""Description"">Host Process for Windows Services</Data>
    <Data Name=""Product"">Microsoft&#174; Windows&#174; Operating System</Data>
    <Data Name=""Company"">Microsoft Corporation</Data>
    <Data Name=""OriginalFileName"">svchost.exe</Data>
    <Data Name=""CommandLine"">C:\Windows\System32\svchost.exe -k netsvcs -p -s NetSetupSvc</Data>
    <Data Name=""CurrentDirectory"">C:\Windows\system32\</Data>
    <Data Name=""User"">NT AUTHORITY\SYSTEM</Data>
    <Data Name=""LogonGuid"">{f57bd86a-1cf1-6582-e703-000000000000}</Data>
    <Data Name=""LogonId"">0x3e7</Data>
    <Data Name=""TerminalSessionId"">0</Data>
    <Data Name=""IntegrityLevel"">System</Data>
    <Data Name=""Hashes"">MD5=8EC922C7A58A8701AB481B7BE9644536,SHA256=949BFB5B4C7D58D92F3F9C5F8EC7CA4CEAFFD10EC5F0020F0A987C472D61C54B,IMPHASH=76B4BAE80D2C3B08BB062D97BF9CA791</Data>
    <Data Name=""ParentProcessGuid"">{f57bd86a-1cf1-6582-0b00-000000000d00}</Data>
    <Data Name=""ParentProcessId"">760</Data>
    <Data Name=""ParentImage"">C:\Windows\System32\services.exe</Data>
    <Data Name=""ParentCommandLine"">C:\Windows\system32\services.exe</Data>
    <Data Name=""ParentUser"">NT AUTHORITY\SYSTEM</Data>
  </EventData>
</Event>
"
Microsoft-Windows-Sysmon/Operational,,,WinDev2309Eval,,,,,,,,,,22,6072,,,,C:\Program Files (x86)\Microsoft\Edge\Application\msedge.exe,,,0x8000000000000000,4,,,,,0,,,,,,,{f57bd86a-1d66-6582-df00-000000000d00},3400,8844.0,,,dit.whatsapp.net,type: 5 scontent.whatsapp.net;type: 5 mmx-ds.cdn.whatsapp.net;::ffff:102.132.97.54;,0.0,-,,,,,,,,,,,,,2023-12-21T08:38:50.5199738Z,,,,,,,22,,4220,WINDEV2309EVAL\User,S-1-5-18,07:17.6,5.0,"<Event xmlns=""http://schemas.microsoft.com/win/2004/08/events/event"">
  <System>
    <Provider Name=""Microsoft-Windows-Sysmon"" Guid=""{5770385f-c22a-43e0-bf4c-06f5698ffbd9}""/>
    <EventID>22</EventID>
    <Version>5</Version>
    <Level>4</Level>
    <Task>22</Task>
    <Opcode>0</Opcode>
    <Keywords>0x8000000000000000</Keywords>
    <TimeCreated SystemTime=""2023-12-21T08:38:50.5199738Z""/>
    <EventRecordID>6072</EventRecordID>
    <Correlation/>
    <Execution ProcessID=""3400"" ThreadID=""4220""/>
    <Channel>Microsoft-Windows-Sysmon/Operational</Channel>
    <Computer>WinDev2309Eval</Computer>
    <Security UserID=""S-1-5-18""/>
  </System>
  <EventData>
    <Data Name=""RuleName"">-</Data>
    <Data Name=""UtcTime"">2023-12-20 17:07:17.636</Data>
    <Data Name=""ProcessGuid"">{f57bd86a-1d66-6582-df00-000000000d00}</Data>
    <Data Name=""ProcessId"">8844</Data>
    <Data Name=""QueryName"">dit.whatsapp.net</Data>
    <Data Name=""QueryStatus"">0</Data>
    <Data Name=""QueryResults"">type: 5 scontent.whatsapp.net;type: 5 mmx-ds.cdn.whatsapp.net;::ffff:102.132.97.54;</Data>
    <Data Name=""Image"">C:\Program Files (x86)\Microsoft\Edge\Application\msedge.exe</Data>
    <Data Name=""User"">WINDEV2309EVAL\User</Data>
  </EventData>
</Event>
"
Microsoft-Windows-Sysmon/Operational,,,WinDev2309Eval,,,,,,,,,,22,6071,,,,C:\Program Files (x86)\Microsoft\EdgeWebView\Application\120.0.2210.77\msedgewebview2.exe,,,0x8000000000000000,4,,,,,0,,,,,,,{f57bd86a-1e89-6582-3701-000000000d00},3400,3736.0,,,ecn-us.dev.virtualearth.net,type: 5 ecn-us.dev.virtualearth.net.edgekey.net;type: 5 e4113.dscd.akamaiedge.net;::ffff:23.44.233.157;,0.0,-,,,,,,,,,,,,,2023-12-21T08:38:48.5194246Z,,,,,,,22,,4220,WINDEV2309EVAL\User,S-1-5-18,07:16.7,5.0,"<Event xmlns=""http://schemas.microsoft.com/win/2004/08/events/event"">
  <System>
    <Provider Name=""Microsoft-Windows-Sysmon"" Guid=""{5770385f-c22a-43e0-bf4c-06f5698ffbd9}""/>
    <EventID>22</EventID>
    <Version>5</Version>
    <Level>4</Level>
    <Task>22</Task>
    <Opcode>0</Opcode>
    <Keywords>0x8000000000000000</Keywords>
    <TimeCreated SystemTime=""2023-12-21T08:38:48.5194246Z""/>
    <EventRecordID>6071</EventRecordID>
    <Correlation/>
    <Execution ProcessID=""3400"" ThreadID=""4220""/>
    <Channel>Microsoft-Windows-Sysmon/Operational</Channel>
    <Computer>WinDev2309Eval</Computer>
    <Security UserID=""S-1-5-18""/>
  </System>
  <EventData>
    <Data Name=""RuleName"">-</Data>
    <Data Name=""UtcTime"">2023-12-20 17:07:16.718</Data>
    <Data Name=""ProcessGuid"">{f57bd86a-1e89-6582-3701-000000000d00}</Data>
    <Data Name=""ProcessId"">3736</Data>
    <Data Name=""QueryName"">ecn-us.dev.virtualearth.net</Data>
    <Data Name=""QueryStatus"">0</Data>
    <Data Name=""QueryResults"">type: 5 ecn-us.dev.virtualearth.net.edgekey.net;type: 5 e4113.dscd.akamaiedge.net;::ffff:23.44.233.157;</Data>
    <Data Name=""Image"">C:\Program Files (x86)\Microsoft\EdgeWebView\Application\120.0.2210.77\msedgewebview2.exe</Data>
    <Data Name=""User"">WINDEV2309EVAL\User</Data>
  </EventData>
</Event>
"
Microsoft-Windows-Sysmon/Operational,,,WinDev2309Eval,,,,,,,,,,22,6070,,,,C:\Program Files (x86)\Microsoft\EdgeWebView\Application\120.0.2210.77\msedgewebview2.exe,,,0x8000000000000000,4,,,,,0,,,,,,,{f57bd86a-1e89-6582-3701-000000000d00},3400,3736.0,,,deff.nelreports.net,type: 5 deff.nelreports.net.akamaized.net;type: 5 a1858.dscd.akamai.net;::ffff:104.91.71.141;::ffff:104.91.71.138;,0.0,-,,,,,,,,,,,,,2023-12-21T08:38:43.4670099Z,,,,,,,22,,4220,WINDEV2309EVAL\User,S-1-5-18,07:11.5,5.0,"<Event xmlns=""http://schemas.microsoft.com/win/2004/08/events/event"">
  <System>
    <Provider Name=""Microsoft-Windows-Sysmon"" Guid=""{5770385f-c22a-43e0-bf4c-06f5698ffbd9}""/>
    <EventID>22</EventID>
    <Version>5</Version>
    <Level>4</Level>
    <Task>22</Task>
    <Opcode>0</Opcode>
    <Keywords>0x8000000000000000</Keywords>
    <TimeCreated SystemTime=""2023-12-21T08:38:43.4670099Z""/>
    <EventRecordID>6070</EventRecordID>
    <Correlation/>
    <Execution ProcessID=""3400"" ThreadID=""4220""/>
    <Channel>Microsoft-Windows-Sysmon/Operational</Channel>
    <Computer>WinDev2309Eval</Computer>
    <Security UserID=""S-1-5-18""/>
  </System>
  <EventData>
    <Data Name=""RuleName"">-</Data>
    <Data Name=""UtcTime"">2023-12-20 17:07:11.488</Data>
    <Data Name=""ProcessGuid"">{f57bd86a-1e89-6582-3701-000000000d00}</Data>
    <Data Name=""ProcessId"">3736</Data>
    <Data Name=""QueryName"">deff.nelreports.net</Data>
    <Data Name=""QueryStatus"">0</Data>
    <Data Name=""QueryResults"">type: 5 deff.nelreports.net.akamaized.net;type: 5 a1858.dscd.akamai.net;::ffff:104.91.71.141;::ffff:104.91.71.138;</Data>
    <Data Name=""Image"">C:\Program Files (x86)\Microsoft\EdgeWebView\Application\120.0.2210.77\msedgewebview2.exe</Data>
    <Data Name=""User"">WINDEV2309EVAL\User</Data>
  </EventData>
</Event>
"
Microsoft-Windows-Sysmon/Operational,,,WinDev2309Eval,,,,,,,,,,22,6069,,,,C:\Program Files (x86)\Microsoft\Edge\Application\msedge.exe,,,0x8000000000000000,4,,,,,0,,,,,,,{f57bd86a-1d66-6582-df00-000000000d00},3400,8844.0,,,pps.whatsapp.net,type: 5 mmx-ds.cdn.whatsapp.net;::ffff:102.132.97.54;,0.0,-,,,,,,,,,,,,,2023-12-21T08:38:43.4669453Z,,,,,,,22,,4220,WINDEV2309EVAL\User,S-1-5-18,07:11.5,5.0,"<Event xmlns=""http://schemas.microsoft.com/win/2004/08/events/event"">
  <System>
    <Provider Name=""Microsoft-Windows-Sysmon"" Guid=""{5770385f-c22a-43e0-bf4c-06f5698ffbd9}""/>
    <EventID>22</EventID>
    <Version>5</Version>
    <Level>4</Level>
    <Task>22</Task>
    <Opcode>0</Opcode>
    <Keywords>0x8000000000000000</Keywords>
    <TimeCreated SystemTime=""2023-12-21T08:38:43.4669453Z""/>
    <EventRecordID>6069</EventRecordID>
    <Correlation/>
    <Execution ProcessID=""3400"" ThreadID=""4220""/>
    <Channel>Microsoft-Windows-Sysmon/Operational</Channel>
    <Computer>WinDev2309Eval</Computer>
    <Security UserID=""S-1-5-18""/>
  </System>
  <EventData>
    <Data Name=""RuleName"">-</Data>
    <Data Name=""UtcTime"">2023-12-20 17:07:11.474</Data>
    <Data Name=""ProcessGuid"">{f57bd86a-1d66-6582-df00-000000000d00}</Data>
    <Data Name=""ProcessId"">8844</Data>
    <Data Name=""QueryName"">pps.whatsapp.net</Data>
    <Data Name=""QueryStatus"">0</Data>
    <Data Name=""QueryResults"">type: 5 mmx-ds.cdn.whatsapp.net;::ffff:102.132.97.54;</Data>
    <Data Name=""Image"">C:\Program Files (x86)\Microsoft\Edge\Application\msedge.exe</Data>
    <Data Name=""User"">WINDEV2309EVAL\User</Data>
  </EventData>
</Event>
"
Microsoft-Windows-Sysmon/Operational,"""C:\Windows\system32\appidcertstorecheck.exe""",Microsoft Corporation,WinDev2309Eval,,C:\Windows\system32\,AppID Certificate Store Verification Task,,,,,,,1,6068,,10.0.22621.2506 (WinBuild.160101.0800),"MD5=A3D3C1CF254BF1B45F5950EFAD6621AF,SHA256=82906ECB6EE934ED28839F127F7994A517B9D9C83746187246D6F226FB6A65E6,IMPHASH=7168353EDBE3AB24A184BB681FD55AE6",C:\Windows\System32\appidcertstorecheck.exe,,System,0x8000000000000000,4,{f57bd86a-1cf2-6582-e503-000000000000},0x3e5,,,0,AppIDCertstoreCheck.exe,C:\Windows\system32\svchost.exe -k netsvcs -p -s Schedule,C:\Windows\System32\svchost.exe,{f57bd86a-1cf3-6582-2a00-000000000d00},1940.0,NT AUTHORITY\SYSTEM,{f57bd86a-f992-6583-ac04-000000000d00},3400,13164.0,Microsoft® Windows® Operating System,,,,,-,,,,,,,,,,,,,2023-12-21T08:38:42.7286515Z,,,,,,,1,0.0,4208,NT AUTHORITY\LOCAL SERVICE,S-1-5-18,38:42.7,5.0,"<Event xmlns=""http://schemas.microsoft.com/win/2004/08/events/event"">
  <System>
    <Provider Name=""Microsoft-Windows-Sysmon"" Guid=""{5770385f-c22a-43e0-bf4c-06f5698ffbd9}""/>
    <EventID>1</EventID>
    <Version>5</Version>
    <Level>4</Level>
    <Task>1</Task>
    <Opcode>0</Opcode>
    <Keywords>0x8000000000000000</Keywords>
    <TimeCreated SystemTime=""2023-12-21T08:38:42.7286515Z""/>
    <EventRecordID>6068</EventRecordID>
    <Correlation/>
    <Execution ProcessID=""3400"" ThreadID=""4208""/>
    <Channel>Microsoft-Windows-Sysmon/Operational</Channel>
    <Computer>WinDev2309Eval</Computer>
    <Security UserID=""S-1-5-18""/>
  </System>
  <EventData>
    <Data Name=""RuleName"">-</Data>
    <Data Name=""UtcTime"">2023-12-21 08:38:42.724</Data>
    <Data Name=""ProcessGuid"">{f57bd86a-f992-6583-ac04-000000000d00}</Data>
    <Data Name=""ProcessId"">13164</Data>
    <Data Name=""Image"">C:\Windows\System32\appidcertstorecheck.exe</Data>
    <Data Name=""FileVersion"">10.0.22621.2506 (WinBuild.160101.0800)</Data>
    <Data Name=""Description"">AppID Certificate Store Verification Task</Data>
    <Data Name=""Product"">Microsoft&#174; Windows&#174; Operating System</Data>
    <Data Name=""Company"">Microsoft Corporation</Data>
    <Data Name=""OriginalFileName"">AppIDCertstoreCheck.exe</Data>
    <Data Name=""CommandLine"">""C:\Windows\system32\appidcertstorecheck.exe""</Data>
    <Data Name=""CurrentDirectory"">C:\Windows\system32\</Data>
    <Data Name=""User"">NT AUTHORITY\LOCAL SERVICE</Data>
    <Data Name=""LogonGuid"">{f57bd86a-1cf2-6582-e503-000000000000}</Data>
    <Data Name=""LogonId"">0x3e5</Data>
    <Data Name=""TerminalSessionId"">0</Data>
    <Data Name=""IntegrityLevel"">System</Data>
    <Data Name=""Hashes"">MD5=A3D3C1CF254BF1B45F5950EFAD6621AF,SHA256=82906ECB6EE934ED28839F127F7994A517B9D9C83746187246D6F226FB6A65E6,IMPHASH=7168353EDBE3AB24A184BB681FD55AE6</Data>
    <Data Name=""ParentProcessGuid"">{f57bd86a-1cf3-6582-2a00-000000000d00}</Data>
    <Data Name=""ParentProcessId"">1940</Data>
    <Data Name=""ParentImage"">C:\Windows\System32\svchost.exe</Data>
    <Data Name=""ParentCommandLine"">C:\Windows\system32\svchost.exe -k netsvcs -p -s Schedule</Data>
    <Data Name=""ParentUser"">NT AUTHORITY\SYSTEM</Data>
  </EventData>
</Event>
"
Microsoft-Windows-Sysmon/Operational,"""C:\Program Files (x86)\Microsoft\EdgeUpdate\MicrosoftEdgeUpdate.exe"" /ping PD94bWwgdmVyc2lvbj0iMS4wIiBlbmNvZGluZz0iVVRGLTgiPz48cmVxdWVzdCBwcm90b2NvbD0iMy4wIiB1cGRhdGVyPSJPbWFoYSIgdXBkYXRlcnZlcnNpb249IjEuMy4xODEuNSIgc2hlbGxfdmVyc2lvbj0iMS4zLjE1NS44NSIgaXNtYWNoaW5lPSIxIiBzZXNzaW9uaWQ9IntCQzAyNUY2NC0xNzJELTREREEtOUI5Qi0wMDA1Njk0QTA3MDh9IiB1c2VyaWQ9IntCQzRFOEM4OC1EMTc0LTRGMTItODA2OC00RjY3MDI4ODBCNjJ9IiBpbnN0YWxsc291cmNlPSJzY2hlZHVsZXIiIHJlcXVlc3RpZD0ie0NCMEJEMkJGLTdFNTUtNEY4Qy05NDNCLTYxQUJCQTJCREU1Nn0iIGRlZHVwPSJjciIgZG9tYWluam9pbmVkPSIwIj48aHcgbG9naWNhbF9jcHVzPSI0IiBwaHlzbWVtb3J5PSI4IiBkaXNrX3R5cGU9IjIiIHNzZT0iMSIgc3NlMj0iMSIgc3NlMz0iMSIgc3NzZTM9IjEiIHNzZTQxPSIxIiBzc2U0Mj0iMSIgYXZ4PSIxIi8-PG9zIHBsYXRmb3JtPSJ3aW4iIHZlcnNpb249IjEwLjAuMjI2MjEuMjg2MSIgc3A9IiIgYXJjaD0ieDY0IiBwcm9kdWN0X3R5cGU9IjcyIiBvc19yZWdpb25fbmFtZT0iVVMiIG9zX3JlZ2lvbl9uYXRpb249IjI0NCIgb3NfcmVnaW9uX2RtYT0iMCIgaXNfd2lwPSIwIiBpc19pbl9sb2NrZG93bl9tb2RlPSIwIi8-PG9lbSBwcm9kdWN0X21hbnVmYWN0dXJlcj0iVk13YXJlLCBJbmMuIiBwcm9kdWN0X25hbWU9IlZNd2FyZTcsMSIvPjxleHAgZXRhZz0iJnF1b3Q7cjQ1MnQxK2syVGdxL0hYemp2Rk5CUmhvcEJXUjlzYmpYeHFlVURIOXVYMD0mcXVvdDsiLz48YXBwIGFwcGlkPSJ7RjNDNEZFMDAtRUZENS00MDNCLTk1NjktMzk4QTIwRjFCQTRBfSIgdmVyc2lvbj0iMS4zLjE4MS41IiBuZXh0dmVyc2lvbj0iIiBsYW5nPSIiIGJyYW5kPSJJTkJYIiBjbGllbnQ9IiIgaW5zdGFsbGFnZT0iOTIiIGNvaG9ydD0icnJmQDAuMTIiPjx1cGRhdGVjaGVjay8-PHBpbmcgcj0iMSIgcmQ9IjYxOTciIHBpbmdfZnJlc2huZXNzPSJ7Q0IyQTQ2OTEtNzk2Qi00NkNCLTlCRjMtOTJEQzI0Q0U3NENCfSIvPjwvYXBwPjxhcHAgYXBwaWQ9Ins1NkVCMThGOC1CMDA4LTRDQkQtQjZEMi04Qzk3RkU3RTkwNjJ9IiB2ZXJzaW9uPSIxMjAuMC4yMjEwLjc3IiBuZXh0dmVyc2lvbj0iIiBsYW5nPSIiIGJyYW5kPSJJTkJYIiBjbGllbnQ9IiIgZXhwZXJpbWVudHM9ImNvbnNlbnQ9ZmFsc2UiIGNvaG9ydD0icnJmQDAuNDgiIG9vYmVfaW5zdGFsbF90aW1lPSIxODQ0Njc0NDA3MzcwOTU1MTYwNiIgdXBkYXRlX2NvdW50PSIzIiBpc19waW5uZWRfc3lzdGVtPSJ0cnVlIiBsYXN0X2xhdW5jaF9jb3VudD0iMSIgbGFzdF9sYXVuY2hfdGltZT0iMTMzNDc1MzYzMzQyMzI5NTIwIiBmaXJzdF9mcmVfc2Vlbl90aW1lPSIxMzM0NzQ5MjA0MjUxNjIzMDAiIGZpcnN0X2ZyZV9zZWVuX3ZlcnNpb249IjEyMC4wLjIyMTAuNzciPjx1cGRhdGVjaGVjay8-PHBpbmcgYWN0aXZlPSIxIiBhPSIxIiByPSIxIiBhZD0iNjE5NyIgcmQ9IjYxOTciIHBpbmdfZnJlc2huZXNzPSJ7RkY3RUI0REItMzQ2MS00MkZCLUFGMkYtNkVDOUI3M0MwRTUwfSIvPjwvYXBwPjxhcHAgYXBwaWQ9IntGMzAxNzIyNi1GRTJBLTQyOTUtOEJERi0wMEMzQTlBN0U0QzV9IiB2ZXJzaW9uPSIxMjAuMC4yMjEwLjc3IiBuZXh0dmVyc2lvbj0iIiBsYW5nPSIiIGJyYW5kPSJJTkJYIiBjbGllbnQ9IiIgZXhwZXJpbWVudHM9ImNvbnNlbnQ9ZmFsc2UiIGNvaG9ydD0icnJmQDAuODUiIHVwZGF0ZV9jb3VudD0iMiIgbGFzdF9sYXVuY2hfY291bnQ9IjEiIGxhc3RfbGF1bmNoX3RpbWU9IjEzMzQ3NDk5NjIxMDU5OTg5MCI-PHVwZGF0ZWNoZWNrLz48cGluZyBhY3RpdmU9IjAiIHI9IjEiIHJkPSI2MTk3IiBwaW5nX2ZyZXNobmVzcz0ie0U0NzZCQURGLUJGRDUtNDA0MS1BNDFFLURGOTQ4MUY3OEUxN30iLz48L2FwcD48L3JlcXVlc3Q-",Microsoft Corporation,WinDev2309Eval,,C:\Program Files (x86)\Microsoft\EdgeUpdate\1.3.181.5\,Microsoft Edge Update,,,,,,,1,6067,,1.3.155.85,"MD5=A4FC8EC5BC41C41918B0C1541E4E4BE6,SHA256=54545F352215A9C0F370A01980AADCD5749A93589931662D89A974D7BD60F476,IMPHASH=E00D60405A249A05D3B09AA7FE924B17",C:\Program Files (x86)\Microsoft\EdgeUpdate\MicrosoftEdgeUpdate.exe,,System,0x8000000000000000,4,{f57bd86a-1cf1-6582-e703-000000000000},0x3e7,,,0,msedgeupdate.dll,"""C:\Program Files (x86)\Microsoft\EdgeUpdate\MicrosoftEdgeUpdate.exe"" /svc",C:\Program Files (x86)\Microsoft\EdgeUpdate\MicrosoftEdgeUpdate.exe,{f57bd86a-f97f-6583-9f04-000000000d00},1156.0,NT AUTHORITY\SYSTEM,{f57bd86a-f991-6583-ab04-000000000d00},3400,13120.0,Microsoft Edge Update,,,,,-,,,,,,,,,,,,,2023-12-21T08:38:41.1385774Z,,,,,,,1,0.0,4208,NT AUTHORITY\SYSTEM,S-1-5-18,38:41.1,5.0,"<Event xmlns=""http://schemas.microsoft.com/win/2004/08/events/event"">
  <System>
    <Provider Name=""Microsoft-Windows-Sysmon"" Guid=""{5770385f-c22a-43e0-bf4c-06f5698ffbd9}""/>
    <EventID>1</EventID>
    <Version>5</Version>
    <Level>4</Level>
    <Task>1</Task>
    <Opcode>0</Opcode>
    <Keywords>0x8000000000000000</Keywords>
    <TimeCreated SystemTime=""2023-12-21T08:38:41.1385774Z""/>
    <EventRecordID>6067</EventRecordID>
    <Correlation/>
    <Execution ProcessID=""3400"" ThreadID=""4208""/>
    <Channel>Microsoft-Windows-Sysmon/Operational</Channel>
    <Computer>WinDev2309Eval</Computer>
    <Security UserID=""S-1-5-18""/>
  </System>
  <EventData>
    <Data Name=""RuleName"">-</Data>
    <Data Name=""UtcTime"">2023-12-21 08:38:41.130</Data>
    <Data Name=""ProcessGuid"">{f57bd86a-f991-6583-ab04-000000000d00}</Data>
    <Data Name=""ProcessId"">13120</Data>
    <Data Name=""Image"">C:\Program Files (x86)\Microsoft\EdgeUpdate\MicrosoftEdgeUpdate.exe</Data>
    <Data Name=""FileVersion"">1.3.155.85</Data>
    <Data Name=""Description"">Microsoft Edge Update</Data>
    <Data Name=""Product"">Microsoft Edge Update</Data>
    <Data Name=""Company"">Microsoft Corporation</Data>
    <Data Name=""OriginalFileName"">msedgeupdate.dll</Data>
    <Data Name=""CommandLine"">""C:\Program Files (x86)\Microsoft\EdgeUpdate\MicrosoftEdgeUpdate.exe"" /ping PD94bWwgdmVyc2lvbj0iMS4wIiBlbmNvZGluZz0iVVRGLTgiPz48cmVxdWVzdCBwcm90b2NvbD0iMy4wIiB1cGRhdGVyPSJPbWFoYSIgdXBkYXRlcnZlcnNpb249IjEuMy4xODEuNSIgc2hlbGxfdmVyc2lvbj0iMS4zLjE1NS44NSIgaXNtYWNoaW5lPSIxIiBzZXNzaW9uaWQ9IntCQzAyNUY2NC0xNzJELTREREEtOUI5Qi0wMDA1Njk0QTA3MDh9IiB1c2VyaWQ9IntCQzRFOEM4OC1EMTc0LTRGMTItODA2OC00RjY3MDI4ODBCNjJ9IiBpbnN0YWxsc291cmNlPSJzY2hlZHVsZXIiIHJlcXVlc3RpZD0ie0NCMEJEMkJGLTdFNTUtNEY4Qy05NDNCLTYxQUJCQTJCREU1Nn0iIGRlZHVwPSJjciIgZG9tYWluam9pbmVkPSIwIj48aHcgbG9naWNhbF9jcHVzPSI0IiBwaHlzbWVtb3J5PSI4IiBkaXNrX3R5cGU9IjIiIHNzZT0iMSIgc3NlMj0iMSIgc3NlMz0iMSIgc3NzZTM9IjEiIHNzZTQxPSIxIiBzc2U0Mj0iMSIgYXZ4PSIxIi8-PG9zIHBsYXRmb3JtPSJ3aW4iIHZlcnNpb249IjEwLjAuMjI2MjEuMjg2MSIgc3A9IiIgYXJjaD0ieDY0IiBwcm9kdWN0X3R5cGU9IjcyIiBvc19yZWdpb25fbmFtZT0iVVMiIG9zX3JlZ2lvbl9uYXRpb249IjI0NCIgb3NfcmVnaW9uX2RtYT0iMCIgaXNfd2lwPSIwIiBpc19pbl9sb2NrZG93bl9tb2RlPSIwIi8-PG9lbSBwcm9kdWN0X21hbnVmYWN0dXJlcj0iVk13YXJlLCBJbmMuIiBwcm9kdWN0X25hbWU9IlZNd2FyZTcsMSIvPjxleHAgZXRhZz0iJnF1b3Q7cjQ1MnQxK2syVGdxL0hYemp2Rk5CUmhvcEJXUjlzYmpYeHFlVURIOXVYMD0mcXVvdDsiLz48YXBwIGFwcGlkPSJ7RjNDNEZFMDAtRUZENS00MDNCLTk1NjktMzk4QTIwRjFCQTRBfSIgdmVyc2lvbj0iMS4zLjE4MS41IiBuZXh0dmVyc2lvbj0iIiBsYW5nPSIiIGJyYW5kPSJJTkJYIiBjbGllbnQ9IiIgaW5zdGFsbGFnZT0iOTIiIGNvaG9ydD0icnJmQDAuMTIiPjx1cGRhdGVjaGVjay8-PHBpbmcgcj0iMSIgcmQ9IjYxOTciIHBpbmdfZnJlc2huZXNzPSJ7Q0IyQTQ2OTEtNzk2Qi00NkNCLTlCRjMtOTJEQzI0Q0U3NENCfSIvPjwvYXBwPjxhcHAgYXBwaWQ9Ins1NkVCMThGOC1CMDA4LTRDQkQtQjZEMi04Qzk3RkU3RTkwNjJ9IiB2ZXJzaW9uPSIxMjAuMC4yMjEwLjc3IiBuZXh0dmVyc2lvbj0iIiBsYW5nPSIiIGJyYW5kPSJJTkJYIiBjbGllbnQ9IiIgZXhwZXJpbWVudHM9ImNvbnNlbnQ9ZmFsc2UiIGNvaG9ydD0icnJmQDAuNDgiIG9vYmVfaW5zdGFsbF90aW1lPSIxODQ0Njc0NDA3MzcwOTU1MTYwNiIgdXBkYXRlX2NvdW50PSIzIiBpc19waW5uZWRfc3lzdGVtPSJ0cnVlIiBsYXN0X2xhdW5jaF9jb3VudD0iMSIgbGFzdF9sYXVuY2hfdGltZT0iMTMzNDc1MzYzMzQyMzI5NTIwIiBmaXJzdF9mcmVfc2Vlbl90aW1lPSIxMzM0NzQ5MjA0MjUxNjIzMDAiIGZpcnN0X2ZyZV9zZWVuX3ZlcnNpb249IjEyMC4wLjIyMTAuNzciPjx1cGRhdGVjaGVjay8-PHBpbmcgYWN0aXZlPSIxIiBhPSIxIiByPSIxIiBhZD0iNjE5NyIgcmQ9IjYxOTciIHBpbmdfZnJlc2huZXNzPSJ7RkY3RUI0REItMzQ2MS00MkZCLUFGMkYtNkVDOUI3M0MwRTUwfSIvPjwvYXBwPjxhcHAgYXBwaWQ9IntGMzAxNzIyNi1GRTJBLTQyOTUtOEJERi0wMEMzQTlBN0U0QzV9IiB2ZXJzaW9uPSIxMjAuMC4yMjEwLjc3IiBuZXh0dmVyc2lvbj0iIiBsYW5nPSIiIGJyYW5kPSJJTkJYIiBjbGllbnQ9IiIgZXhwZXJpbWVudHM9ImNvbnNlbnQ9ZmFsc2UiIGNvaG9ydD0icnJmQDAuODUiIHVwZGF0ZV9jb3VudD0iMiIgbGFzdF9sYXVuY2hfY291bnQ9IjEiIGxhc3RfbGF1bmNoX3RpbWU9IjEzMzQ3NDk5NjIxMDU5OTg5MCI-PHVwZGF0ZWNoZWNrLz48cGluZyBhY3RpdmU9IjAiIHI9IjEiIHJkPSI2MTk3IiBwaW5nX2ZyZXNobmVzcz0ie0U0NzZCQURGLUJGRDUtNDA0MS1BNDFFLURGOTQ4MUY3OEUxN30iLz48L2FwcD48L3JlcXVlc3Q-</Data>
    <Data Name=""CurrentDirectory"">C:\Program Files (x86)\Microsoft\EdgeUpdate\1.3.181.5\</Data>
    <Data Name=""User"">NT AUTHORITY\SYSTEM</Data>
    <Data Name=""LogonGuid"">{f57bd86a-1cf1-6582-e703-000000000000}</Data>
    <Data Name=""LogonId"">0x3e7</Data>
    <Data Name=""TerminalSessionId"">0</Data>
    <Data Name=""IntegrityLevel"">System</Data>
    <Data Name=""Hashes"">MD5=A4FC8EC5BC41C41918B0C1541E4E4BE6,SHA256=54545F352215A9C0F370A01980AADCD5749A93589931662D89A974D7BD60F476,IMPHASH=E00D60405A249A05D3B09AA7FE924B17</Data>
    <Data Name=""ParentProcessGuid"">{f57bd86a-f97f-6583-9f04-000000000d00}</Data>
    <Data Name=""ParentProcessId"">1156</Data>
    <Data Name=""ParentImage"">C:\Program Files (x86)\Microsoft\EdgeUpdate\MicrosoftEdgeUpdate.exe</Data>
    <Data Name=""ParentCommandLine"">""C:\Program Files (x86)\Microsoft\EdgeUpdate\MicrosoftEdgeUpdate.exe"" /svc</Data>
    <Data Name=""ParentUser"">NT AUTHORITY\SYSTEM</Data>
  </EventData>
</Event>
"
Microsoft-Windows-Sysmon/Operational,,,WinDev2309Eval,,,,,,,,,,22,6066,,,,C:\Windows\System32\svchost.exe,,,0x8000000000000000,4,,,,,0,,,,,,,{f57bd86a-1cf2-6582-1b00-000000000d00},3400,1392.0,,,www.msftconnecttest.com,type: 5 ncsi-geo.trafficmanager.net;type: 5 www.msftncsi.com.edgesuite.net;type: 5 a1961.g2.akamai.net;::ffff:96.17.178.209;::ffff:96.17.178.184;,0.0,-,,,,,,,,,,,,,2023-12-21T08:38:33.3989770Z,,,,,,,22,,4220,NT AUTHORITY\NETWORK SERVICE,S-1-5-18,07:01.8,5.0,"<Event xmlns=""http://schemas.microsoft.com/win/2004/08/events/event"">
  <System>
    <Provider Name=""Microsoft-Windows-Sysmon"" Guid=""{5770385f-c22a-43e0-bf4c-06f5698ffbd9}""/>
    <EventID>22</EventID>
    <Version>5</Version>
    <Level>4</Level>
    <Task>22</Task>
    <Opcode>0</Opcode>
    <Keywords>0x8000000000000000</Keywords>
    <TimeCreated SystemTime=""2023-12-21T08:38:33.3989770Z""/>
    <EventRecordID>6066</EventRecordID>
    <Correlation/>
    <Execution ProcessID=""3400"" ThreadID=""4220""/>
    <Channel>Microsoft-Windows-Sysmon/Operational</Channel>
    <Computer>WinDev2309Eval</Computer>
    <Security UserID=""S-1-5-18""/>
  </System>
  <EventData>
    <Data Name=""RuleName"">-</Data>
    <Data Name=""UtcTime"">2023-12-20 17:07:01.831</Data>
    <Data Name=""ProcessGuid"">{f57bd86a-1cf2-6582-1b00-000000000d00}</Data>
    <Data Name=""ProcessId"">1392</Data>
    <Data Name=""QueryName"">www.msftconnecttest.com</Data>
    <Data Name=""QueryStatus"">0</Data>
    <Data Name=""QueryResults"">type: 5 ncsi-geo.trafficmanager.net;type: 5 www.msftncsi.com.edgesuite.net;type: 5 a1961.g2.akamai.net;::ffff:96.17.178.209;::ffff:96.17.178.184;</Data>
    <Data Name=""Image"">C:\Windows\System32\svchost.exe</Data>
    <Data Name=""User"">NT AUTHORITY\NETWORK SERVICE</Data>
  </EventData>
</Event>
"
Microsoft-Windows-Sysmon/Operational,,,WinDev2309Eval,,,,,,,,,Binary Data,13,6065,SetValue,,,C:\Windows\System32\svchost.exe,,,0x8000000000000000,4,,,,,0,,,,,,,{f57bd86a-1cf2-6582-1b00-000000000d00},3400,1392.0,,,,,,-,,,,,,,,,,,,,2023-12-21T08:38:27.1292589Z,,,HKLM\SOFTWARE\Microsoft\Windows NT\CurrentVersion\NetworkList\Profiles\{63AD045B-5D34-4DF6-AD34-C4628478C1AC}\DateLastConnected,,,,13,,4208,NT AUTHORITY\NETWORK SERVICE,S-1-5-18,38:27.1,2.0,"<Event xmlns=""http://schemas.microsoft.com/win/2004/08/events/event"">
  <System>
    <Provider Name=""Microsoft-Windows-Sysmon"" Guid=""{5770385f-c22a-43e0-bf4c-06f5698ffbd9}""/>
    <EventID>13</EventID>
    <Version>2</Version>
    <Level>4</Level>
    <Task>13</Task>
    <Opcode>0</Opcode>
    <Keywords>0x8000000000000000</Keywords>
    <TimeCreated SystemTime=""2023-12-21T08:38:27.1292589Z""/>
    <EventRecordID>6065</EventRecordID>
    <Correlation/>
    <Execution ProcessID=""3400"" ThreadID=""4208""/>
    <Channel>Microsoft-Windows-Sysmon/Operational</Channel>
    <Computer>WinDev2309Eval</Computer>
    <Security UserID=""S-1-5-18""/>
  </System>
  <EventData>
    <Data Name=""RuleName"">-</Data>
    <Data Name=""EventType"">SetValue</Data>
    <Data Name=""UtcTime"">2023-12-21 08:38:27.117</Data>
    <Data Name=""ProcessGuid"">{f57bd86a-1cf2-6582-1b00-000000000d00}</Data>
    <Data Name=""ProcessId"">1392</Data>
    <Data Name=""Image"">C:\Windows\System32\svchost.exe</Data>
    <Data Name=""TargetObject"">HKLM\SOFTWARE\Microsoft\Windows NT\CurrentVersion\NetworkList\Profiles\{63AD045B-5D34-4DF6-AD34-C4628478C1AC}\DateLastConnected</Data>
    <Data Name=""Details"">Binary Data</Data>
    <Data Name=""User"">NT AUTHORITY\NETWORK SERVICE</Data>
  </EventData>
</Event>
"
Microsoft-Windows-Sysmon/Operational,,,WinDev2309Eval,,,,,,,,,,22,6064,,,,C:\Windows\System32\spoolsv.exe,,,0x8000000000000000,4,,,,,0,,,,,,,{f57bd86a-1cf4-6582-3900-000000000d00},3400,2660.0,,,WINDEV2309EVAL,192.168.126.163;,0.0,-,,,,,,,,,,,,,2023-12-21T08:38:26.1239886Z,,,,,,,22,,4220,NT AUTHORITY\SYSTEM,S-1-5-18,06:54.6,5.0,"<Event xmlns=""http://schemas.microsoft.com/win/2004/08/events/event"">
  <System>
    <Provider Name=""Microsoft-Windows-Sysmon"" Guid=""{5770385f-c22a-43e0-bf4c-06f5698ffbd9}""/>
    <EventID>22</EventID>
    <Version>5</Version>
    <Level>4</Level>
    <Task>22</Task>
    <Opcode>0</Opcode>
    <Keywords>0x8000000000000000</Keywords>
    <TimeCreated SystemTime=""2023-12-21T08:38:26.1239886Z""/>
    <EventRecordID>6064</EventRecordID>
    <Correlation/>
    <Execution ProcessID=""3400"" ThreadID=""4220""/>
    <Channel>Microsoft-Windows-Sysmon/Operational</Channel>
    <Computer>WinDev2309Eval</Computer>
    <Security UserID=""S-1-5-18""/>
  </System>
  <EventData>
    <Data Name=""RuleName"">-</Data>
    <Data Name=""UtcTime"">2023-12-20 17:06:54.611</Data>
    <Data Name=""ProcessGuid"">{f57bd86a-1cf4-6582-3900-000000000d00}</Data>
    <Data Name=""ProcessId"">2660</Data>
    <Data Name=""QueryName"">WINDEV2309EVAL</Data>
    <Data Name=""QueryStatus"">0</Data>
    <Data Name=""QueryResults"">192.168.126.163;</Data>
    <Data Name=""Image"">C:\Windows\System32\spoolsv.exe</Data>
    <Data Name=""User"">NT AUTHORITY\SYSTEM</Data>
  </EventData>
</Event>
"
Microsoft-Windows-Sysmon/Operational,"""C:\Windows\system32\wermgr.exe"" -upload",Microsoft Corporation,WinDev2309Eval,,C:\Windows\system32\,Windows Problem Reporting,,,,,,,1,6063,,10.0.22621.2506 (WinBuild.160101.0800),"MD5=A1C7BEA33F4F2BC239C3C87D50278A10,SHA256=E76398B7C480D370E31659CA58276BB471590A7E78286D4AE7BDC18B410A1C73,IMPHASH=B3E2F8838B99D9BA62ED159B31C03AA3",C:\Windows\System32\wermgr.exe,,System,0x8000000000000000,4,{f57bd86a-1cf1-6582-e703-000000000000},0x3e7,,,0,WerMgr,C:\Windows\system32\svchost.exe -k netsvcs -p -s Schedule,C:\Windows\System32\svchost.exe,{f57bd86a-1cf3-6582-2a00-000000000d00},1940.0,NT AUTHORITY\SYSTEM,{f57bd86a-f981-6583-a004-000000000d00},3400,2296.0,Microsoft® Windows® Operating System,,,,,-,,,,,,,,,,,,,2023-12-21T08:38:26.0191200Z,,,,,,,1,0.0,4208,NT AUTHORITY\SYSTEM,S-1-5-18,38:26.0,5.0,"<Event xmlns=""http://schemas.microsoft.com/win/2004/08/events/event"">
  <System>
    <Provider Name=""Microsoft-Windows-Sysmon"" Guid=""{5770385f-c22a-43e0-bf4c-06f5698ffbd9}""/>
    <EventID>1</EventID>
    <Version>5</Version>
    <Level>4</Level>
    <Task>1</Task>
    <Opcode>0</Opcode>
    <Keywords>0x8000000000000000</Keywords>
    <TimeCreated SystemTime=""2023-12-21T08:38:26.0191200Z""/>
    <EventRecordID>6063</EventRecordID>
    <Correlation/>
    <Execution ProcessID=""3400"" ThreadID=""4208""/>
    <Channel>Microsoft-Windows-Sysmon/Operational</Channel>
    <Computer>WinDev2309Eval</Computer>
    <Security UserID=""S-1-5-18""/>
  </System>
  <EventData>
    <Data Name=""RuleName"">-</Data>
    <Data Name=""UtcTime"">2023-12-21 08:38:25.979</Data>
    <Data Name=""ProcessGuid"">{f57bd86a-f981-6583-a004-000000000d00}</Data>
    <Data Name=""ProcessId"">2296</Data>
    <Data Name=""Image"">C:\Windows\System32\wermgr.exe</Data>
    <Data Name=""FileVersion"">10.0.22621.2506 (WinBuild.160101.0800)</Data>
    <Data Name=""Description"">Windows Problem Reporting</Data>
    <Data Name=""Product"">Microsoft&#174; Windows&#174; Operating System</Data>
    <Data Name=""Company"">Microsoft Corporation</Data>
    <Data Name=""OriginalFileName"">WerMgr</Data>
    <Data Name=""CommandLine"">""C:\Windows\system32\wermgr.exe"" -upload</Data>
    <Data Name=""CurrentDirectory"">C:\Windows\system32\</Data>
    <Data Name=""User"">NT AUTHORITY\SYSTEM</Data>
    <Data Name=""LogonGuid"">{f57bd86a-1cf1-6582-e703-000000000000}</Data>
    <Data Name=""LogonId"">0x3e7</Data>
    <Data Name=""TerminalSessionId"">0</Data>
    <Data Name=""IntegrityLevel"">System</Data>
    <Data Name=""Hashes"">MD5=A1C7BEA33F4F2BC239C3C87D50278A10,SHA256=E76398B7C480D370E31659CA58276BB471590A7E78286D4AE7BDC18B410A1C73,IMPHASH=B3E2F8838B99D9BA62ED159B31C03AA3</Data>
    <Data Name=""ParentProcessGuid"">{f57bd86a-1cf3-6582-2a00-000000000d00}</Data>
    <Data Name=""ParentProcessId"">1940</Data>
    <Data Name=""ParentImage"">C:\Windows\System32\svchost.exe</Data>
    <Data Name=""ParentCommandLine"">C:\Windows\system32\svchost.exe -k netsvcs -p -s Schedule</Data>
    <Data Name=""ParentUser"">NT AUTHORITY\SYSTEM</Data>
  </EventData>
</Event>
"
Microsoft-Windows-Sysmon/Operational,"""C:\Program Files (x86)\Microsoft\EdgeUpdate\MicrosoftEdgeUpdate.exe"" /svc",Microsoft Corporation,WinDev2309Eval,,C:\Windows\system32\,Microsoft Edge Update,,,,,,,1,6062,,1.3.155.85,"MD5=A4FC8EC5BC41C41918B0C1541E4E4BE6,SHA256=54545F352215A9C0F370A01980AADCD5749A93589931662D89A974D7BD60F476,IMPHASH=E00D60405A249A05D3B09AA7FE924B17",C:\Program Files (x86)\Microsoft\EdgeUpdate\MicrosoftEdgeUpdate.exe,,System,0x8000000000000000,4,{f57bd86a-1cf1-6582-e703-000000000000},0x3e7,,,0,msedgeupdate.dll,C:\Windows\system32\services.exe,C:\Windows\System32\services.exe,{f57bd86a-1cf1-6582-0b00-000000000d00},760.0,NT AUTHORITY\SYSTEM,{f57bd86a-f97f-6583-9f04-000000000d00},3400,1156.0,Microsoft Edge Update,,,,,-,,,,,,,,,,,,,2023-12-21T08:38:23.6398048Z,,,,,,,1,0.0,4208,NT AUTHORITY\SYSTEM,S-1-5-18,38:23.6,5.0,"<Event xmlns=""http://schemas.microsoft.com/win/2004/08/events/event"">
  <System>
    <Provider Name=""Microsoft-Windows-Sysmon"" Guid=""{5770385f-c22a-43e0-bf4c-06f5698ffbd9}""/>
    <EventID>1</EventID>
    <Version>5</Version>
    <Level>4</Level>
    <Task>1</Task>
    <Opcode>0</Opcode>
    <Keywords>0x8000000000000000</Keywords>
    <TimeCreated SystemTime=""2023-12-21T08:38:23.6398048Z""/>
    <EventRecordID>6062</EventRecordID>
    <Correlation/>
    <Execution ProcessID=""3400"" ThreadID=""4208""/>
    <Channel>Microsoft-Windows-Sysmon/Operational</Channel>
    <Computer>WinDev2309Eval</Computer>
    <Security UserID=""S-1-5-18""/>
  </System>
  <EventData>
    <Data Name=""RuleName"">-</Data>
    <Data Name=""UtcTime"">2023-12-21 08:38:23.629</Data>
    <Data Name=""ProcessGuid"">{f57bd86a-f97f-6583-9f04-000000000d00}</Data>
    <Data Name=""ProcessId"">1156</Data>
    <Data Name=""Image"">C:\Program Files (x86)\Microsoft\EdgeUpdate\MicrosoftEdgeUpdate.exe</Data>
    <Data Name=""FileVersion"">1.3.155.85</Data>
    <Data Name=""Description"">Microsoft Edge Update</Data>
    <Data Name=""Product"">Microsoft Edge Update</Data>
    <Data Name=""Company"">Microsoft Corporation</Data>
    <Data Name=""OriginalFileName"">msedgeupdate.dll</Data>
    <Data Name=""CommandLine"">""C:\Program Files (x86)\Microsoft\EdgeUpdate\MicrosoftEdgeUpdate.exe"" /svc</Data>
    <Data Name=""CurrentDirectory"">C:\Windows\system32\</Data>
    <Data Name=""User"">NT AUTHORITY\SYSTEM</Data>
    <Data Name=""LogonGuid"">{f57bd86a-1cf1-6582-e703-000000000000}</Data>
    <Data Name=""LogonId"">0x3e7</Data>
    <Data Name=""TerminalSessionId"">0</Data>
    <Data Name=""IntegrityLevel"">System</Data>
    <Data Name=""Hashes"">MD5=A4FC8EC5BC41C41918B0C1541E4E4BE6,SHA256=54545F352215A9C0F370A01980AADCD5749A93589931662D89A974D7BD60F476,IMPHASH=E00D60405A249A05D3B09AA7FE924B17</Data>
    <Data Name=""ParentProcessGuid"">{f57bd86a-1cf1-6582-0b00-000000000d00}</Data>
    <Data Name=""ParentProcessId"">760</Data>
    <Data Name=""ParentImage"">C:\Windows\System32\services.exe</Data>
    <Data Name=""ParentCommandLine"">C:\Windows\system32\services.exe</Data>
    <Data Name=""ParentUser"">NT AUTHORITY\SYSTEM</Data>
  </EventData>
</Event>
"
