Channel,CommandLine,Company,Computer,CreationUtcTime,CurrentDirectory,Description,DestinationHostname,DestinationIp,DestinationIsIpv6,DestinationPort,DestinationPortName,Details,EventID,EventRecordID,EventType,FileVersion,Hashes,Image,Initiated,IntegrityLevel,Keywords,Level,LogonGuid,LogonId,Message,NewThreadId,Opcode,OriginalFileName,ParentCommandLine,ParentImage,ParentProcessGuid,ParentProcessId,ParentUser,ProcessGuid,ProcessID,ProcessId,Product,Protocol,QueryName,QueryResults,QueryStatus,RuleName,SourceHostname,SourceImage,SourceIp,SourceIsIpv6,SourcePort,SourcePortName,SourceProcessGuid,SourceProcessId,SourceUser,StartAddress,StartFunction,StartModule,SystemTime,TargetFilename,TargetImage,TargetObject,TargetProcessGuid,TargetProcessId,TargetUser,Task,TerminalSessionId,ThreadID,User,UserID,UtcTime,Version,raw
Microsoft-Windows-Sysmon/Operational,,,WinDev2309Eval,09:17.1,,,,,,,,,11,733,,,,C:\Windows\SoftwareDistribution\Download\Install\UpdatePlatform.amd64fre.exe,,,0x8000000000000000,4,,,,,0,,,,,,,{f57bd86a-067c-6582-3003-000000000b00},10484,8404.0,,,,,,DLL,,,,,,,,,,,,,2023-12-19T21:09:17.1269975Z,C:\Windows\SystemTemp\42E80775-383B-4719-ABBF-A1334765F2D8\MpUpdate.dll,,,,,,11,,10592,NT AUTHORITY\SYSTEM,S-1-5-18,09:17.1,2.0,"<Event xmlns=""http://schemas.microsoft.com/win/2004/08/events/event"">
  <System>
    <Provider Name=""Microsoft-Windows-Sysmon"" Guid=""{5770385f-c22a-43e0-bf4c-06f5698ffbd9}""/>
    <EventID>11</EventID>
    <Version>2</Version>
    <Level>4</Level>
    <Task>11</Task>
    <Opcode>0</Opcode>
    <Keywords>0x8000000000000000</Keywords>
    <TimeCreated SystemTime=""2023-12-19T21:09:17.1269975Z""/>
    <EventRecordID>733</EventRecordID>
    <Correlation/>
    <Execution ProcessID=""10484"" ThreadID=""10592""/>
    <Channel>Microsoft-Windows-Sysmon/Operational</Channel>
    <Computer>WinDev2309Eval</Computer>
    <Security UserID=""S-1-5-18""/>
  </System>
  <EventData>
    <Data Name=""RuleName"">DLL</Data>
    <Data Name=""UtcTime"">2023-12-19 21:09:17.120</Data>
    <Data Name=""ProcessGuid"">{f57bd86a-067c-6582-3003-000000000b00}</Data>
    <Data Name=""ProcessId"">8404</Data>
    <Data Name=""Image"">C:\Windows\SoftwareDistribution\Download\Install\UpdatePlatform.amd64fre.exe</Data>
    <Data Name=""TargetFilename"">C:\Windows\SystemTemp\42E80775-383B-4719-ABBF-A1334765F2D8\MpUpdate.dll</Data>
    <Data Name=""CreationUtcTime"">2023-12-19 21:09:17.120</Data>
    <Data Name=""User"">NT AUTHORITY\SYSTEM</Data>
  </EventData>
</Event>
"
Microsoft-Windows-Sysmon/Operational,,,WinDev2309Eval,09:17.0,,,,,,,,,11,732,,,,C:\Windows\SoftwareDistribution\Download\Install\UpdatePlatform.amd64fre.exe,,,0x8000000000000000,4,,,,,0,,,,,,,{f57bd86a-067c-6582-3003-000000000b00},10484,8404.0,,,,,,DLL,,,,,,,,,,,,,2023-12-19T21:09:17.0022350Z,C:\Windows\SystemTemp\42E80775-383B-4719-ABBF-A1334765F2D8\MpSvc.dll,,,,,,11,,10592,NT AUTHORITY\SYSTEM,S-1-5-18,09:17.0,2.0,"<Event xmlns=""http://schemas.microsoft.com/win/2004/08/events/event"">
  <System>
    <Provider Name=""Microsoft-Windows-Sysmon"" Guid=""{5770385f-c22a-43e0-bf4c-06f5698ffbd9}""/>
    <EventID>11</EventID>
    <Version>2</Version>
    <Level>4</Level>
    <Task>11</Task>
    <Opcode>0</Opcode>
    <Keywords>0x8000000000000000</Keywords>
    <TimeCreated SystemTime=""2023-12-19T21:09:17.0022350Z""/>
    <EventRecordID>732</EventRecordID>
    <Correlation/>
    <Execution ProcessID=""10484"" ThreadID=""10592""/>
    <Channel>Microsoft-Windows-Sysmon/Operational</Channel>
    <Computer>WinDev2309Eval</Computer>
    <Security UserID=""S-1-5-18""/>
  </System>
  <EventData>
    <Data Name=""RuleName"">DLL</Data>
    <Data Name=""UtcTime"">2023-12-19 21:09:16.995</Data>
    <Data Name=""ProcessGuid"">{f57bd86a-067c-6582-3003-000000000b00}</Data>
    <Data Name=""ProcessId"">8404</Data>
    <Data Name=""Image"">C:\Windows\SoftwareDistribution\Download\Install\UpdatePlatform.amd64fre.exe</Data>
    <Data Name=""TargetFilename"">C:\Windows\SystemTemp\42E80775-383B-4719-ABBF-A1334765F2D8\MpSvc.dll</Data>
    <Data Name=""CreationUtcTime"">2023-12-19 21:09:16.995</Data>
    <Data Name=""User"">NT AUTHORITY\SYSTEM</Data>
  </EventData>
</Event>
"
Microsoft-Windows-Sysmon/Operational,,,WinDev2309Eval,09:17.0,,,,,,,,,11,731,,,,C:\Windows\SoftwareDistribution\Download\Install\UpdatePlatform.amd64fre.exe,,,0x8000000000000000,4,,,,,0,,,,,,,{f57bd86a-067c-6582-3003-000000000b00},10484,8404.0,,,,,,DLL,,,,,,,,,,,,,2023-12-19T21:09:16.9725797Z,C:\Windows\SystemTemp\42E80775-383B-4719-ABBF-A1334765F2D8\MpSenseComm.dll,,,,,,11,,10592,NT AUTHORITY\SYSTEM,S-1-5-18,09:17.0,2.0,"<Event xmlns=""http://schemas.microsoft.com/win/2004/08/events/event"">
  <System>
    <Provider Name=""Microsoft-Windows-Sysmon"" Guid=""{5770385f-c22a-43e0-bf4c-06f5698ffbd9}""/>
    <EventID>11</EventID>
    <Version>2</Version>
    <Level>4</Level>
    <Task>11</Task>
    <Opcode>0</Opcode>
    <Keywords>0x8000000000000000</Keywords>
    <TimeCreated SystemTime=""2023-12-19T21:09:16.9725797Z""/>
    <EventRecordID>731</EventRecordID>
    <Correlation/>
    <Execution ProcessID=""10484"" ThreadID=""10592""/>
    <Channel>Microsoft-Windows-Sysmon/Operational</Channel>
    <Computer>WinDev2309Eval</Computer>
    <Security UserID=""S-1-5-18""/>
  </System>
  <EventData>
    <Data Name=""RuleName"">DLL</Data>
    <Data Name=""UtcTime"">2023-12-19 21:09:16.963</Data>
    <Data Name=""ProcessGuid"">{f57bd86a-067c-6582-3003-000000000b00}</Data>
    <Data Name=""ProcessId"">8404</Data>
    <Data Name=""Image"">C:\Windows\SoftwareDistribution\Download\Install\UpdatePlatform.amd64fre.exe</Data>
    <Data Name=""TargetFilename"">C:\Windows\SystemTemp\42E80775-383B-4719-ABBF-A1334765F2D8\MpSenseComm.dll</Data>
    <Data Name=""CreationUtcTime"">2023-12-19 21:09:16.963</Data>
    <Data Name=""User"">NT AUTHORITY\SYSTEM</Data>
  </EventData>
</Event>
"
Microsoft-Windows-Sysmon/Operational,,,WinDev2309Eval,09:16.9,,,,,,,,,11,730,,,,C:\Windows\SoftwareDistribution\Download\Install\UpdatePlatform.amd64fre.exe,,,0x8000000000000000,4,,,,,0,,,,,,,{f57bd86a-067c-6582-3003-000000000b00},10484,8404.0,,,,,,DLL,,,,,,,,,,,,,2023-12-19T21:09:16.8975896Z,C:\Windows\SystemTemp\42E80775-383B-4719-ABBF-A1334765F2D8\MpRtp.dll,,,,,,11,,10592,NT AUTHORITY\SYSTEM,S-1-5-18,09:16.9,2.0,"<Event xmlns=""http://schemas.microsoft.com/win/2004/08/events/event"">
  <System>
    <Provider Name=""Microsoft-Windows-Sysmon"" Guid=""{5770385f-c22a-43e0-bf4c-06f5698ffbd9}""/>
    <EventID>11</EventID>
    <Version>2</Version>
    <Level>4</Level>
    <Task>11</Task>
    <Opcode>0</Opcode>
    <Keywords>0x8000000000000000</Keywords>
    <TimeCreated SystemTime=""2023-12-19T21:09:16.8975896Z""/>
    <EventRecordID>730</EventRecordID>
    <Correlation/>
    <Execution ProcessID=""10484"" ThreadID=""10592""/>
    <Channel>Microsoft-Windows-Sysmon/Operational</Channel>
    <Computer>WinDev2309Eval</Computer>
    <Security UserID=""S-1-5-18""/>
  </System>
  <EventData>
    <Data Name=""RuleName"">DLL</Data>
    <Data Name=""UtcTime"">2023-12-19 21:09:16.885</Data>
    <Data Name=""ProcessGuid"">{f57bd86a-067c-6582-3003-000000000b00}</Data>
    <Data Name=""ProcessId"">8404</Data>
    <Data Name=""Image"">C:\Windows\SoftwareDistribution\Download\Install\UpdatePlatform.amd64fre.exe</Data>
    <Data Name=""TargetFilename"">C:\Windows\SystemTemp\42E80775-383B-4719-ABBF-A1334765F2D8\MpRtp.dll</Data>
    <Data Name=""CreationUtcTime"">2023-12-19 21:09:16.885</Data>
    <Data Name=""User"">NT AUTHORITY\SYSTEM</Data>
  </EventData>
</Event>
"
Microsoft-Windows-Sysmon/Operational,,,WinDev2309Eval,09:16.9,,,,,,,,,11,729,,,,C:\Windows\SoftwareDistribution\Download\Install\UpdatePlatform.amd64fre.exe,,,0x8000000000000000,4,,,,,0,,,,,,,{f57bd86a-067c-6582-3003-000000000b00},10484,8404.0,,,,,,DLL,,,,,,,,,,,,,2023-12-19T21:09:16.8777905Z,C:\Windows\SystemTemp\42E80775-383B-4719-ABBF-A1334765F2D8\MpOAV.dll,,,,,,11,,10592,NT AUTHORITY\SYSTEM,S-1-5-18,09:16.9,2.0,"<Event xmlns=""http://schemas.microsoft.com/win/2004/08/events/event"">
  <System>
    <Provider Name=""Microsoft-Windows-Sysmon"" Guid=""{5770385f-c22a-43e0-bf4c-06f5698ffbd9}""/>
    <EventID>11</EventID>
    <Version>2</Version>
    <Level>4</Level>
    <Task>11</Task>
    <Opcode>0</Opcode>
    <Keywords>0x8000000000000000</Keywords>
    <TimeCreated SystemTime=""2023-12-19T21:09:16.8777905Z""/>
    <EventRecordID>729</EventRecordID>
    <Correlation/>
    <Execution ProcessID=""10484"" ThreadID=""10592""/>
    <Channel>Microsoft-Windows-Sysmon/Operational</Channel>
    <Computer>WinDev2309Eval</Computer>
    <Security UserID=""S-1-5-18""/>
  </System>
  <EventData>
    <Data Name=""RuleName"">DLL</Data>
    <Data Name=""UtcTime"">2023-12-19 21:09:16.870</Data>
    <Data Name=""ProcessGuid"">{f57bd86a-067c-6582-3003-000000000b00}</Data>
    <Data Name=""ProcessId"">8404</Data>
    <Data Name=""Image"">C:\Windows\SoftwareDistribution\Download\Install\UpdatePlatform.amd64fre.exe</Data>
    <Data Name=""TargetFilename"">C:\Windows\SystemTemp\42E80775-383B-4719-ABBF-A1334765F2D8\MpOAV.dll</Data>
    <Data Name=""CreationUtcTime"">2023-12-19 21:09:16.870</Data>
    <Data Name=""User"">NT AUTHORITY\SYSTEM</Data>
  </EventData>
</Event>
"
Microsoft-Windows-Sysmon/Operational,,,WinDev2309Eval,09:16.9,,,,,,,,,11,728,,,,C:\Windows\SoftwareDistribution\Download\Install\UpdatePlatform.amd64fre.exe,,,0x8000000000000000,4,,,,,0,,,,,,,{f57bd86a-067c-6582-3003-000000000b00},10484,8404.0,,,,,,DLL,,,,,,,,,,,,,2023-12-19T21:09:16.8672756Z,C:\Windows\SystemTemp\42E80775-383B-4719-ABBF-A1334765F2D8\MpEvMsg.dll,,,,,,11,,10592,NT AUTHORITY\SYSTEM,S-1-5-18,09:16.9,2.0,"<Event xmlns=""http://schemas.microsoft.com/win/2004/08/events/event"">
  <System>
    <Provider Name=""Microsoft-Windows-Sysmon"" Guid=""{5770385f-c22a-43e0-bf4c-06f5698ffbd9}""/>
    <EventID>11</EventID>
    <Version>2</Version>
    <Level>4</Level>
    <Task>11</Task>
    <Opcode>0</Opcode>
    <Keywords>0x8000000000000000</Keywords>
    <TimeCreated SystemTime=""2023-12-19T21:09:16.8672756Z""/>
    <EventRecordID>728</EventRecordID>
    <Correlation/>
    <Execution ProcessID=""10484"" ThreadID=""10592""/>
    <Channel>Microsoft-Windows-Sysmon/Operational</Channel>
    <Computer>WinDev2309Eval</Computer>
    <Security UserID=""S-1-5-18""/>
  </System>
  <EventData>
    <Data Name=""RuleName"">DLL</Data>
    <Data Name=""UtcTime"">2023-12-19 21:09:16.854</Data>
    <Data Name=""ProcessGuid"">{f57bd86a-067c-6582-3003-000000000b00}</Data>
    <Data Name=""ProcessId"">8404</Data>
    <Data Name=""Image"">C:\Windows\SoftwareDistribution\Download\Install\UpdatePlatform.amd64fre.exe</Data>
    <Data Name=""TargetFilename"">C:\Windows\SystemTemp\42E80775-383B-4719-ABBF-A1334765F2D8\MpEvMsg.dll</Data>
    <Data Name=""CreationUtcTime"">2023-12-19 21:09:16.854</Data>
    <Data Name=""User"">NT AUTHORITY\SYSTEM</Data>
  </EventData>
</Event>
"
Microsoft-Windows-Sysmon/Operational,,,WinDev2309Eval,09:16.8,,,,,,,,,11,727,,,,C:\Windows\SoftwareDistribution\Download\Install\UpdatePlatform.amd64fre.exe,,,0x8000000000000000,4,,,,,0,,,,,,,{f57bd86a-067c-6582-3003-000000000b00},10484,8404.0,,,,,,DLL,,,,,,,,,,,,,2023-12-19T21:09:16.8070876Z,C:\Windows\SystemTemp\42E80775-383B-4719-ABBF-A1334765F2D8\MpDlp.dll,,,,,,11,,10592,NT AUTHORITY\SYSTEM,S-1-5-18,09:16.8,2.0,"<Event xmlns=""http://schemas.microsoft.com/win/2004/08/events/event"">
  <System>
    <Provider Name=""Microsoft-Windows-Sysmon"" Guid=""{5770385f-c22a-43e0-bf4c-06f5698ffbd9}""/>
    <EventID>11</EventID>
    <Version>2</Version>
    <Level>4</Level>
    <Task>11</Task>
    <Opcode>0</Opcode>
    <Keywords>0x8000000000000000</Keywords>
    <TimeCreated SystemTime=""2023-12-19T21:09:16.8070876Z""/>
    <EventRecordID>727</EventRecordID>
    <Correlation/>
    <Execution ProcessID=""10484"" ThreadID=""10592""/>
    <Channel>Microsoft-Windows-Sysmon/Operational</Channel>
    <Computer>WinDev2309Eval</Computer>
    <Security UserID=""S-1-5-18""/>
  </System>
  <EventData>
    <Data Name=""RuleName"">DLL</Data>
    <Data Name=""UtcTime"">2023-12-19 21:09:16.792</Data>
    <Data Name=""ProcessGuid"">{f57bd86a-067c-6582-3003-000000000b00}</Data>
    <Data Name=""ProcessId"">8404</Data>
    <Data Name=""Image"">C:\Windows\SoftwareDistribution\Download\Install\UpdatePlatform.amd64fre.exe</Data>
    <Data Name=""TargetFilename"">C:\Windows\SystemTemp\42E80775-383B-4719-ABBF-A1334765F2D8\MpDlp.dll</Data>
    <Data Name=""CreationUtcTime"">2023-12-19 21:09:16.792</Data>
    <Data Name=""User"">NT AUTHORITY\SYSTEM</Data>
  </EventData>
</Event>
"
Microsoft-Windows-Sysmon/Operational,,,WinDev2309Eval,09:16.8,,,,,,,,,11,726,,,,C:\Windows\SoftwareDistribution\Download\Install\UpdatePlatform.amd64fre.exe,,,0x8000000000000000,4,,,,,0,,,,,,,{f57bd86a-067c-6582-3003-000000000b00},10484,8404.0,,,,,,DLL,,,,,,,,,,,,,2023-12-19T21:09:16.7975585Z,C:\Windows\SystemTemp\42E80775-383B-4719-ABBF-A1334765F2D8\MpDetoursCopyAccelerator.dll,,,,,,11,,10592,NT AUTHORITY\SYSTEM,S-1-5-18,09:16.8,2.0,"<Event xmlns=""http://schemas.microsoft.com/win/2004/08/events/event"">
  <System>
    <Provider Name=""Microsoft-Windows-Sysmon"" Guid=""{5770385f-c22a-43e0-bf4c-06f5698ffbd9}""/>
    <EventID>11</EventID>
    <Version>2</Version>
    <Level>4</Level>
    <Task>11</Task>
    <Opcode>0</Opcode>
    <Keywords>0x8000000000000000</Keywords>
    <TimeCreated SystemTime=""2023-12-19T21:09:16.7975585Z""/>
    <EventRecordID>726</EventRecordID>
    <Correlation/>
    <Execution ProcessID=""10484"" ThreadID=""10592""/>
    <Channel>Microsoft-Windows-Sysmon/Operational</Channel>
    <Computer>WinDev2309Eval</Computer>
    <Security UserID=""S-1-5-18""/>
  </System>
  <EventData>
    <Data Name=""RuleName"">DLL</Data>
    <Data Name=""UtcTime"">2023-12-19 21:09:16.792</Data>
    <Data Name=""ProcessGuid"">{f57bd86a-067c-6582-3003-000000000b00}</Data>
    <Data Name=""ProcessId"">8404</Data>
    <Data Name=""Image"">C:\Windows\SoftwareDistribution\Download\Install\UpdatePlatform.amd64fre.exe</Data>
    <Data Name=""TargetFilename"">C:\Windows\SystemTemp\42E80775-383B-4719-ABBF-A1334765F2D8\MpDetoursCopyAccelerator.dll</Data>
    <Data Name=""CreationUtcTime"">2023-12-19 21:09:16.792</Data>
    <Data Name=""User"">NT AUTHORITY\SYSTEM</Data>
  </EventData>
</Event>
"
Microsoft-Windows-Sysmon/Operational,,,WinDev2309Eval,09:16.8,,,,,,,,,11,725,,,,C:\Windows\SoftwareDistribution\Download\Install\UpdatePlatform.amd64fre.exe,,,0x8000000000000000,4,,,,,0,,,,,,,{f57bd86a-067c-6582-3003-000000000b00},10484,8404.0,,,,,,DLL,,,,,,,,,,,,,2023-12-19T21:09:16.7853680Z,C:\Windows\SystemTemp\42E80775-383B-4719-ABBF-A1334765F2D8\MpDetours.dll,,,,,,11,,10592,NT AUTHORITY\SYSTEM,S-1-5-18,09:16.8,2.0,"<Event xmlns=""http://schemas.microsoft.com/win/2004/08/events/event"">
  <System>
    <Provider Name=""Microsoft-Windows-Sysmon"" Guid=""{5770385f-c22a-43e0-bf4c-06f5698ffbd9}""/>
    <EventID>11</EventID>
    <Version>2</Version>
    <Level>4</Level>
    <Task>11</Task>
    <Opcode>0</Opcode>
    <Keywords>0x8000000000000000</Keywords>
    <TimeCreated SystemTime=""2023-12-19T21:09:16.7853680Z""/>
    <EventRecordID>725</EventRecordID>
    <Correlation/>
    <Execution ProcessID=""10484"" ThreadID=""10592""/>
    <Channel>Microsoft-Windows-Sysmon/Operational</Channel>
    <Computer>WinDev2309Eval</Computer>
    <Security UserID=""S-1-5-18""/>
  </System>
  <EventData>
    <Data Name=""RuleName"">DLL</Data>
    <Data Name=""UtcTime"">2023-12-19 21:09:16.776</Data>
    <Data Name=""ProcessGuid"">{f57bd86a-067c-6582-3003-000000000b00}</Data>
    <Data Name=""ProcessId"">8404</Data>
    <Data Name=""Image"">C:\Windows\SoftwareDistribution\Download\Install\UpdatePlatform.amd64fre.exe</Data>
    <Data Name=""TargetFilename"">C:\Windows\SystemTemp\42E80775-383B-4719-ABBF-A1334765F2D8\MpDetours.dll</Data>
    <Data Name=""CreationUtcTime"">2023-12-19 21:09:16.776</Data>
    <Data Name=""User"">NT AUTHORITY\SYSTEM</Data>
  </EventData>
</Event>
"
Microsoft-Windows-Sysmon/Operational,,,WinDev2309Eval,09:16.8,,,,,,,,,11,724,,,,C:\Windows\SoftwareDistribution\Download\Install\UpdatePlatform.amd64fre.exe,,,0x8000000000000000,4,,,,,0,,,,,,,{f57bd86a-067c-6582-3003-000000000b00},10484,8404.0,,,,,,DLL,,,,,,,,,,,,,2023-12-19T21:09:16.7689192Z,C:\Windows\SystemTemp\42E80775-383B-4719-ABBF-A1334765F2D8\MpCommu.dll,,,,,,11,,10592,NT AUTHORITY\SYSTEM,S-1-5-18,09:16.8,2.0,"<Event xmlns=""http://schemas.microsoft.com/win/2004/08/events/event"">
  <System>
    <Provider Name=""Microsoft-Windows-Sysmon"" Guid=""{5770385f-c22a-43e0-bf4c-06f5698ffbd9}""/>
    <EventID>11</EventID>
    <Version>2</Version>
    <Level>4</Level>
    <Task>11</Task>
    <Opcode>0</Opcode>
    <Keywords>0x8000000000000000</Keywords>
    <TimeCreated SystemTime=""2023-12-19T21:09:16.7689192Z""/>
    <EventRecordID>724</EventRecordID>
    <Correlation/>
    <Execution ProcessID=""10484"" ThreadID=""10592""/>
    <Channel>Microsoft-Windows-Sysmon/Operational</Channel>
    <Computer>WinDev2309Eval</Computer>
    <Security UserID=""S-1-5-18""/>
  </System>
  <EventData>
    <Data Name=""RuleName"">DLL</Data>
    <Data Name=""UtcTime"">2023-12-19 21:09:16.760</Data>
    <Data Name=""ProcessGuid"">{f57bd86a-067c-6582-3003-000000000b00}</Data>
    <Data Name=""ProcessId"">8404</Data>
    <Data Name=""Image"">C:\Windows\SoftwareDistribution\Download\Install\UpdatePlatform.amd64fre.exe</Data>
    <Data Name=""TargetFilename"">C:\Windows\SystemTemp\42E80775-383B-4719-ABBF-A1334765F2D8\MpCommu.dll</Data>
    <Data Name=""CreationUtcTime"">2023-12-19 21:09:16.760</Data>
    <Data Name=""User"">NT AUTHORITY\SYSTEM</Data>
  </EventData>
</Event>
"
Microsoft-Windows-Sysmon/Operational,,,WinDev2309Eval,09:16.7,,,,,,,,,11,723,,,,C:\Windows\SoftwareDistribution\Download\Install\UpdatePlatform.amd64fre.exe,,,0x8000000000000000,4,,,,,0,,,,,,,{f57bd86a-067c-6582-3003-000000000b00},10484,8404.0,,,,,,DLL,,,,,,,,,,,,,2023-12-19T21:09:16.7267794Z,C:\Windows\SystemTemp\42E80775-383B-4719-ABBF-A1334765F2D8\MpClient.dll,,,,,,11,,10592,NT AUTHORITY\SYSTEM,S-1-5-18,09:16.7,2.0,"<Event xmlns=""http://schemas.microsoft.com/win/2004/08/events/event"">
  <System>
    <Provider Name=""Microsoft-Windows-Sysmon"" Guid=""{5770385f-c22a-43e0-bf4c-06f5698ffbd9}""/>
    <EventID>11</EventID>
    <Version>2</Version>
    <Level>4</Level>
    <Task>11</Task>
    <Opcode>0</Opcode>
    <Keywords>0x8000000000000000</Keywords>
    <TimeCreated SystemTime=""2023-12-19T21:09:16.7267794Z""/>
    <EventRecordID>723</EventRecordID>
    <Correlation/>
    <Execution ProcessID=""10484"" ThreadID=""10592""/>
    <Channel>Microsoft-Windows-Sysmon/Operational</Channel>
    <Computer>WinDev2309Eval</Computer>
    <Security UserID=""S-1-5-18""/>
  </System>
  <EventData>
    <Data Name=""RuleName"">DLL</Data>
    <Data Name=""UtcTime"">2023-12-19 21:09:16.713</Data>
    <Data Name=""ProcessGuid"">{f57bd86a-067c-6582-3003-000000000b00}</Data>
    <Data Name=""ProcessId"">8404</Data>
    <Data Name=""Image"">C:\Windows\SoftwareDistribution\Download\Install\UpdatePlatform.amd64fre.exe</Data>
    <Data Name=""TargetFilename"">C:\Windows\SystemTemp\42E80775-383B-4719-ABBF-A1334765F2D8\MpClient.dll</Data>
    <Data Name=""CreationUtcTime"">2023-12-19 21:09:16.713</Data>
    <Data Name=""User"">NT AUTHORITY\SYSTEM</Data>
  </EventData>
</Event>
"
Microsoft-Windows-Sysmon/Operational,,,WinDev2309Eval,09:16.7,,,,,,,,,11,722,,,,C:\Windows\SoftwareDistribution\Download\Install\UpdatePlatform.amd64fre.exe,,,0x8000000000000000,4,,,,,0,,,,,,,{f57bd86a-067c-6582-3003-000000000b00},10484,8404.0,,,,,,DLL,,,,,,,,,,,,,2023-12-19T21:09:16.6814964Z,C:\Windows\SystemTemp\42E80775-383B-4719-ABBF-A1334765F2D8\MpAzSubmit.dll,,,,,,11,,10592,NT AUTHORITY\SYSTEM,S-1-5-18,09:16.7,2.0,"<Event xmlns=""http://schemas.microsoft.com/win/2004/08/events/event"">
  <System>
    <Provider Name=""Microsoft-Windows-Sysmon"" Guid=""{5770385f-c22a-43e0-bf4c-06f5698ffbd9}""/>
    <EventID>11</EventID>
    <Version>2</Version>
    <Level>4</Level>
    <Task>11</Task>
    <Opcode>0</Opcode>
    <Keywords>0x8000000000000000</Keywords>
    <TimeCreated SystemTime=""2023-12-19T21:09:16.6814964Z""/>
    <EventRecordID>722</EventRecordID>
    <Correlation/>
    <Execution ProcessID=""10484"" ThreadID=""10592""/>
    <Channel>Microsoft-Windows-Sysmon/Operational</Channel>
    <Computer>WinDev2309Eval</Computer>
    <Security UserID=""S-1-5-18""/>
  </System>
  <EventData>
    <Data Name=""RuleName"">DLL</Data>
    <Data Name=""UtcTime"">2023-12-19 21:09:16.666</Data>
    <Data Name=""ProcessGuid"">{f57bd86a-067c-6582-3003-000000000b00}</Data>
    <Data Name=""ProcessId"">8404</Data>
    <Data Name=""Image"">C:\Windows\SoftwareDistribution\Download\Install\UpdatePlatform.amd64fre.exe</Data>
    <Data Name=""TargetFilename"">C:\Windows\SystemTemp\42E80775-383B-4719-ABBF-A1334765F2D8\MpAzSubmit.dll</Data>
    <Data Name=""CreationUtcTime"">2023-12-19 21:09:16.666</Data>
    <Data Name=""User"">NT AUTHORITY\SYSTEM</Data>
  </EventData>
</Event>
"
Microsoft-Windows-Sysmon/Operational,,,WinDev2309Eval,09:16.7,,,,,,,,,11,721,,,,C:\Windows\SoftwareDistribution\Download\Install\UpdatePlatform.amd64fre.exe,,,0x8000000000000000,4,,,,,0,,,,,,,{f57bd86a-067c-6582-3003-000000000b00},10484,8404.0,,,,,,DLL,,,,,,,,,,,,,2023-12-19T21:09:16.6706577Z,C:\Windows\SystemTemp\42E80775-383B-4719-ABBF-A1334765F2D8\MpAsDesc.dll,,,,,,11,,10592,NT AUTHORITY\SYSTEM,S-1-5-18,09:16.7,2.0,"<Event xmlns=""http://schemas.microsoft.com/win/2004/08/events/event"">
  <System>
    <Provider Name=""Microsoft-Windows-Sysmon"" Guid=""{5770385f-c22a-43e0-bf4c-06f5698ffbd9}""/>
    <EventID>11</EventID>
    <Version>2</Version>
    <Level>4</Level>
    <Task>11</Task>
    <Opcode>0</Opcode>
    <Keywords>0x8000000000000000</Keywords>
    <TimeCreated SystemTime=""2023-12-19T21:09:16.6706577Z""/>
    <EventRecordID>721</EventRecordID>
    <Correlation/>
    <Execution ProcessID=""10484"" ThreadID=""10592""/>
    <Channel>Microsoft-Windows-Sysmon/Operational</Channel>
    <Computer>WinDev2309Eval</Computer>
    <Security UserID=""S-1-5-18""/>
  </System>
  <EventData>
    <Data Name=""RuleName"">DLL</Data>
    <Data Name=""UtcTime"">2023-12-19 21:09:16.666</Data>
    <Data Name=""ProcessGuid"">{f57bd86a-067c-6582-3003-000000000b00}</Data>
    <Data Name=""ProcessId"">8404</Data>
    <Data Name=""Image"">C:\Windows\SoftwareDistribution\Download\Install\UpdatePlatform.amd64fre.exe</Data>
    <Data Name=""TargetFilename"">C:\Windows\SystemTemp\42E80775-383B-4719-ABBF-A1334765F2D8\MpAsDesc.dll</Data>
    <Data Name=""CreationUtcTime"">2023-12-19 21:09:16.666</Data>
    <Data Name=""User"">NT AUTHORITY\SYSTEM</Data>
  </EventData>
</Event>
"
Microsoft-Windows-Sysmon/Operational,,,WinDev2309Eval,09:16.6,,,,,,,,,11,720,,,,C:\Windows\SoftwareDistribution\Download\Install\UpdatePlatform.amd64fre.exe,,,0x8000000000000000,4,,,,,0,,,,,,,{f57bd86a-067c-6582-3003-000000000b00},10484,8404.0,,,,,,DLL,,,,,,,,,,,,,2023-12-19T21:09:16.6511039Z,C:\Windows\SystemTemp\42E80775-383B-4719-ABBF-A1334765F2D8\DefenderCSP.dll,,,,,,11,,10592,NT AUTHORITY\SYSTEM,S-1-5-18,09:16.6,2.0,"<Event xmlns=""http://schemas.microsoft.com/win/2004/08/events/event"">
  <System>
    <Provider Name=""Microsoft-Windows-Sysmon"" Guid=""{5770385f-c22a-43e0-bf4c-06f5698ffbd9}""/>
    <EventID>11</EventID>
    <Version>2</Version>
    <Level>4</Level>
    <Task>11</Task>
    <Opcode>0</Opcode>
    <Keywords>0x8000000000000000</Keywords>
    <TimeCreated SystemTime=""2023-12-19T21:09:16.6511039Z""/>
    <EventRecordID>720</EventRecordID>
    <Correlation/>
    <Execution ProcessID=""10484"" ThreadID=""10592""/>
    <Channel>Microsoft-Windows-Sysmon/Operational</Channel>
    <Computer>WinDev2309Eval</Computer>
    <Security UserID=""S-1-5-18""/>
  </System>
  <EventData>
    <Data Name=""RuleName"">DLL</Data>
    <Data Name=""UtcTime"">2023-12-19 21:09:16.635</Data>
    <Data Name=""ProcessGuid"">{f57bd86a-067c-6582-3003-000000000b00}</Data>
    <Data Name=""ProcessId"">8404</Data>
    <Data Name=""Image"">C:\Windows\SoftwareDistribution\Download\Install\UpdatePlatform.amd64fre.exe</Data>
    <Data Name=""TargetFilename"">C:\Windows\SystemTemp\42E80775-383B-4719-ABBF-A1334765F2D8\DefenderCSP.dll</Data>
    <Data Name=""CreationUtcTime"">2023-12-19 21:09:16.635</Data>
    <Data Name=""User"">NT AUTHORITY\SYSTEM</Data>
  </EventData>
</Event>
"
Microsoft-Windows-Sysmon/Operational,"""C:\Windows\SoftwareDistribution\Download\Install\UpdatePlatform.amd64fre.exe"" ",Microsoft Corporation,WinDev2309Eval,,C:\Windows\SoftwareDistribution\Download\Install\,AntiMalware Platform Update (amd64fre),,,,,,,1,719,,4.18.23110.3,"MD5=CDB9814237DA888A3E6C4706A453AF43,SHA256=179E21112C2CB2BFA5F1C5CD8343808BEDB0A51C15FA7933F0871C9614F59E5A,IMPHASH=7FD12D3D4F1C0DD94AF7B58621733A5C",C:\Windows\SoftwareDistribution\Download\Install\UpdatePlatform.amd64fre.exe,,System,0x8000000000000000,4,{f57bd86a-db68-6581-e703-000000000000},0x3e7,,,0,UpdatePlatform.exe,"""C:\Windows\uus\packages\preview\AMD64\wuaucltcore.exe"" /DeploymentHandlerFullPath \\?\C:\Windows\UUS\Packages\Preview\AMD64\UpdateDeploy.dll /ClassId 6a030354-3d58-42b4-9025-e476136d0a15 /RunHandlerComServer",C:\Windows\UUS\Packages\Preview\amd64\wuaucltcore.exe,{f57bd86a-067c-6582-2f03-000000000b00},2468.0,NT AUTHORITY\SYSTEM,{f57bd86a-067c-6582-3003-000000000b00},10484,8404.0,Microsoft Malware Protection,,,,,-,,,,,,,,,,,,,2023-12-19T21:09:16.4861929Z,,,,,,,1,0.0,10592,NT AUTHORITY\SYSTEM,S-1-5-18,09:16.4,5.0,"<Event xmlns=""http://schemas.microsoft.com/win/2004/08/events/event"">
  <System>
    <Provider Name=""Microsoft-Windows-Sysmon"" Guid=""{5770385f-c22a-43e0-bf4c-06f5698ffbd9}""/>
    <EventID>1</EventID>
    <Version>5</Version>
    <Level>4</Level>
    <Task>1</Task>
    <Opcode>0</Opcode>
    <Keywords>0x8000000000000000</Keywords>
    <TimeCreated SystemTime=""2023-12-19T21:09:16.4861929Z""/>
    <EventRecordID>719</EventRecordID>
    <Correlation/>
    <Execution ProcessID=""10484"" ThreadID=""10592""/>
    <Channel>Microsoft-Windows-Sysmon/Operational</Channel>
    <Computer>WinDev2309Eval</Computer>
    <Security UserID=""S-1-5-18""/>
  </System>
  <EventData>
    <Data Name=""RuleName"">-</Data>
    <Data Name=""UtcTime"">2023-12-19 21:09:16.408</Data>
    <Data Name=""ProcessGuid"">{f57bd86a-067c-6582-3003-000000000b00}</Data>
    <Data Name=""ProcessId"">8404</Data>
    <Data Name=""Image"">C:\Windows\SoftwareDistribution\Download\Install\UpdatePlatform.amd64fre.exe</Data>
    <Data Name=""FileVersion"">4.18.23110.3</Data>
    <Data Name=""Description"">AntiMalware Platform Update (amd64fre)</Data>
    <Data Name=""Product"">Microsoft Malware Protection</Data>
    <Data Name=""Company"">Microsoft Corporation</Data>
    <Data Name=""OriginalFileName"">UpdatePlatform.exe</Data>
    <Data Name=""CommandLine"">""C:\Windows\SoftwareDistribution\Download\Install\UpdatePlatform.amd64fre.exe"" </Data>
    <Data Name=""CurrentDirectory"">C:\Windows\SoftwareDistribution\Download\Install\</Data>
    <Data Name=""User"">NT AUTHORITY\SYSTEM</Data>
    <Data Name=""LogonGuid"">{f57bd86a-db68-6581-e703-000000000000}</Data>
    <Data Name=""LogonId"">0x3e7</Data>
    <Data Name=""TerminalSessionId"">0</Data>
    <Data Name=""IntegrityLevel"">System</Data>
    <Data Name=""Hashes"">MD5=CDB9814237DA888A3E6C4706A453AF43,SHA256=179E21112C2CB2BFA5F1C5CD8343808BEDB0A51C15FA7933F0871C9614F59E5A,IMPHASH=7FD12D3D4F1C0DD94AF7B58621733A5C</Data>
    <Data Name=""ParentProcessGuid"">{f57bd86a-067c-6582-2f03-000000000b00}</Data>
    <Data Name=""ParentProcessId"">2468</Data>
    <Data Name=""ParentImage"">C:\Windows\UUS\Packages\Preview\amd64\wuaucltcore.exe</Data>
    <Data Name=""ParentCommandLine"">""C:\Windows\uus\packages\preview\AMD64\wuaucltcore.exe"" /DeploymentHandlerFullPath \\?\C:\Windows\UUS\Packages\Preview\AMD64\UpdateDeploy.dll /ClassId 6a030354-3d58-42b4-9025-e476136d0a15 /RunHandlerComServer</Data>
    <Data Name=""ParentUser"">NT AUTHORITY\SYSTEM</Data>
  </EventData>
</Event>
"
Microsoft-Windows-Sysmon/Operational,,,WinDev2309Eval,09:16.1,,,,,,,,,11,718,,,,C:\Windows\system32\svchost.exe,,,0x8000000000000000,4,,,,,0,,,,,,,{f57bd86a-0663-6582-2303-000000000b00},10484,7528.0,,,,,,EXE,,,,,,,,,,,,,2023-12-19T21:09:16.1442230Z,C:\Windows\SoftwareDistribution\Download\Install\UpdatePlatform.amd64fre.exe,,,,,,11,,10592,NT AUTHORITY\SYSTEM,S-1-5-18,09:16.1,2.0,"<Event xmlns=""http://schemas.microsoft.com/win/2004/08/events/event"">
  <System>
    <Provider Name=""Microsoft-Windows-Sysmon"" Guid=""{5770385f-c22a-43e0-bf4c-06f5698ffbd9}""/>
    <EventID>11</EventID>
    <Version>2</Version>
    <Level>4</Level>
    <Task>11</Task>
    <Opcode>0</Opcode>
    <Keywords>0x8000000000000000</Keywords>
    <TimeCreated SystemTime=""2023-12-19T21:09:16.1442230Z""/>
    <EventRecordID>718</EventRecordID>
    <Correlation/>
    <Execution ProcessID=""10484"" ThreadID=""10592""/>
    <Channel>Microsoft-Windows-Sysmon/Operational</Channel>
    <Computer>WinDev2309Eval</Computer>
    <Security UserID=""S-1-5-18""/>
  </System>
  <EventData>
    <Data Name=""RuleName"">EXE</Data>
    <Data Name=""UtcTime"">2023-12-19 21:09:16.135</Data>
    <Data Name=""ProcessGuid"">{f57bd86a-0663-6582-2303-000000000b00}</Data>
    <Data Name=""ProcessId"">7528</Data>
    <Data Name=""Image"">C:\Windows\system32\svchost.exe</Data>
    <Data Name=""TargetFilename"">C:\Windows\SoftwareDistribution\Download\Install\UpdatePlatform.amd64fre.exe</Data>
    <Data Name=""CreationUtcTime"">2023-12-19 21:09:16.135</Data>
    <Data Name=""User"">NT AUTHORITY\SYSTEM</Data>
  </EventData>
</Event>
"
Microsoft-Windows-Sysmon/Operational,"""C:\Windows\uus\packages\preview\AMD64\wuaucltcore.exe"" /DeploymentHandlerFullPath \\?\C:\Windows\UUS\Packages\Preview\AMD64\UpdateDeploy.dll /ClassId 6a030354-3d58-42b4-9025-e476136d0a15 /RunHandlerComServer",Microsoft Corporation,WinDev2309Eval,,C:\Windows\system32\,Windows Update,,,,,,,1,717,,1023.725.1162.0,"MD5=EB06A9AD6AD66EFD1EAF091C4AD397F7,SHA256=EBF254B4693A434352FD007F0C8500BC23289359D33636AC6368557168266866,IMPHASH=845CA6BDBFDF5E968B7F65B5F77265E1",C:\Windows\UUS\Packages\Preview\amd64\wuaucltcore.exe,,System,0x8000000000000000,4,{f57bd86a-db68-6581-e703-000000000000},0x3e7,,,0,wuaucltcore.exe,C:\Windows\system32\svchost.exe -k netsvcs -p -s wuauserv,C:\Windows\System32\svchost.exe,{f57bd86a-0663-6582-2303-000000000b00},7528.0,NT AUTHORITY\SYSTEM,{f57bd86a-067c-6582-2f03-000000000b00},10484,2468.0,Microsoft® Windows® Operating System,,,,,-,,,,,,,,,,,,,2023-12-19T21:09:16.0281519Z,,,,,,,1,0.0,10592,NT AUTHORITY\SYSTEM,S-1-5-18,09:16.0,5.0,"<Event xmlns=""http://schemas.microsoft.com/win/2004/08/events/event"">
  <System>
    <Provider Name=""Microsoft-Windows-Sysmon"" Guid=""{5770385f-c22a-43e0-bf4c-06f5698ffbd9}""/>
    <EventID>1</EventID>
    <Version>5</Version>
    <Level>4</Level>
    <Task>1</Task>
    <Opcode>0</Opcode>
    <Keywords>0x8000000000000000</Keywords>
    <TimeCreated SystemTime=""2023-12-19T21:09:16.0281519Z""/>
    <EventRecordID>717</EventRecordID>
    <Correlation/>
    <Execution ProcessID=""10484"" ThreadID=""10592""/>
    <Channel>Microsoft-Windows-Sysmon/Operational</Channel>
    <Computer>WinDev2309Eval</Computer>
    <Security UserID=""S-1-5-18""/>
  </System>
  <EventData>
    <Data Name=""RuleName"">-</Data>
    <Data Name=""UtcTime"">2023-12-19 21:09:16.024</Data>
    <Data Name=""ProcessGuid"">{f57bd86a-067c-6582-2f03-000000000b00}</Data>
    <Data Name=""ProcessId"">2468</Data>
    <Data Name=""Image"">C:\Windows\UUS\Packages\Preview\amd64\wuaucltcore.exe</Data>
    <Data Name=""FileVersion"">1023.725.1162.0</Data>
    <Data Name=""Description"">Windows Update</Data>
    <Data Name=""Product"">Microsoft&#174; Windows&#174; Operating System</Data>
    <Data Name=""Company"">Microsoft Corporation</Data>
    <Data Name=""OriginalFileName"">wuaucltcore.exe</Data>
    <Data Name=""CommandLine"">""C:\Windows\uus\packages\preview\AMD64\wuaucltcore.exe"" /DeploymentHandlerFullPath \\?\C:\Windows\UUS\Packages\Preview\AMD64\UpdateDeploy.dll /ClassId 6a030354-3d58-42b4-9025-e476136d0a15 /RunHandlerComServer</Data>
    <Data Name=""CurrentDirectory"">C:\Windows\system32\</Data>
    <Data Name=""User"">NT AUTHORITY\SYSTEM</Data>
    <Data Name=""LogonGuid"">{f57bd86a-db68-6581-e703-000000000000}</Data>
    <Data Name=""LogonId"">0x3e7</Data>
    <Data Name=""TerminalSessionId"">0</Data>
    <Data Name=""IntegrityLevel"">System</Data>
    <Data Name=""Hashes"">MD5=EB06A9AD6AD66EFD1EAF091C4AD397F7,SHA256=EBF254B4693A434352FD007F0C8500BC23289359D33636AC6368557168266866,IMPHASH=845CA6BDBFDF5E968B7F65B5F77265E1</Data>
    <Data Name=""ParentProcessGuid"">{f57bd86a-0663-6582-2303-000000000b00}</Data>
    <Data Name=""ParentProcessId"">7528</Data>
    <Data Name=""ParentImage"">C:\Windows\System32\svchost.exe</Data>
    <Data Name=""ParentCommandLine"">C:\Windows\system32\svchost.exe -k netsvcs -p -s wuauserv</Data>
    <Data Name=""ParentUser"">NT AUTHORITY\SYSTEM</Data>
  </EventData>
</Event>
"
Microsoft-Windows-Sysmon/Operational,,,WinDev2309Eval,35:48.0,,,,,,,,,11,716,,,,C:\Windows\system32\svchost.exe,,,0x8000000000000000,4,,,,,0,,,,,,,{f57bd86a-0663-6582-2303-000000000b00},10484,7528.0,,,,,,DLL,,,,,,,,,,,,,2023-12-19T21:09:15.7534086Z,C:\Windows\SoftwareDistribution\Download\7bd97cc524ebd8114e77ca1991fbf2f3\Metadata\AppxDeviceInventory.dll,,,,,,11,,10592,NT AUTHORITY\SYSTEM,S-1-5-18,09:15.7,2.0,"<Event xmlns=""http://schemas.microsoft.com/win/2004/08/events/event"">
  <System>
    <Provider Name=""Microsoft-Windows-Sysmon"" Guid=""{5770385f-c22a-43e0-bf4c-06f5698ffbd9}""/>
    <EventID>11</EventID>
    <Version>2</Version>
    <Level>4</Level>
    <Task>11</Task>
    <Opcode>0</Opcode>
    <Keywords>0x8000000000000000</Keywords>
    <TimeCreated SystemTime=""2023-12-19T21:09:15.7534086Z""/>
    <EventRecordID>716</EventRecordID>
    <Correlation/>
    <Execution ProcessID=""10484"" ThreadID=""10592""/>
    <Channel>Microsoft-Windows-Sysmon/Operational</Channel>
    <Computer>WinDev2309Eval</Computer>
    <Security UserID=""S-1-5-18""/>
  </System>
  <EventData>
    <Data Name=""RuleName"">DLL</Data>
    <Data Name=""UtcTime"">2023-12-19 21:09:15.743</Data>
    <Data Name=""ProcessGuid"">{f57bd86a-0663-6582-2303-000000000b00}</Data>
    <Data Name=""ProcessId"">7528</Data>
    <Data Name=""Image"">C:\Windows\system32\svchost.exe</Data>
    <Data Name=""TargetFilename"">C:\Windows\SoftwareDistribution\Download\7bd97cc524ebd8114e77ca1991fbf2f3\Metadata\AppxDeviceInventory.dll</Data>
    <Data Name=""CreationUtcTime"">2023-12-02 04:35:48.000</Data>
    <Data Name=""User"">NT AUTHORITY\SYSTEM</Data>
  </EventData>
</Event>
"
Microsoft-Windows-Sysmon/Operational,,,WinDev2309Eval,13:16.0,,,,,,,,,11,715,,,,C:\Windows\system32\svchost.exe,,,0x8000000000000000,4,,,,,0,,,,,,,{f57bd86a-0663-6582-2303-000000000b00},10484,7528.0,,,,,,DLL,,,,,,,,,,,,,2023-12-19T21:09:15.7478075Z,C:\Windows\SoftwareDistribution\Download\7bd97cc524ebd8114e77ca1991fbf2f3\Metadata\UpdateDeploy.dll,,,,,,11,,10592,NT AUTHORITY\SYSTEM,S-1-5-18,09:15.7,2.0,"<Event xmlns=""http://schemas.microsoft.com/win/2004/08/events/event"">
  <System>
    <Provider Name=""Microsoft-Windows-Sysmon"" Guid=""{5770385f-c22a-43e0-bf4c-06f5698ffbd9}""/>
    <EventID>11</EventID>
    <Version>2</Version>
    <Level>4</Level>
    <Task>11</Task>
    <Opcode>0</Opcode>
    <Keywords>0x8000000000000000</Keywords>
    <TimeCreated SystemTime=""2023-12-19T21:09:15.7478075Z""/>
    <EventRecordID>715</EventRecordID>
    <Correlation/>
    <Execution ProcessID=""10484"" ThreadID=""10592""/>
    <Channel>Microsoft-Windows-Sysmon/Operational</Channel>
    <Computer>WinDev2309Eval</Computer>
    <Security UserID=""S-1-5-18""/>
  </System>
  <EventData>
    <Data Name=""RuleName"">DLL</Data>
    <Data Name=""UtcTime"">2023-12-19 21:09:15.743</Data>
    <Data Name=""ProcessGuid"">{f57bd86a-0663-6582-2303-000000000b00}</Data>
    <Data Name=""ProcessId"">7528</Data>
    <Data Name=""Image"">C:\Windows\system32\svchost.exe</Data>
    <Data Name=""TargetFilename"">C:\Windows\SoftwareDistribution\Download\7bd97cc524ebd8114e77ca1991fbf2f3\Metadata\UpdateDeploy.dll</Data>
    <Data Name=""CreationUtcTime"">2023-12-02 04:13:16.000</Data>
    <Data Name=""User"">NT AUTHORITY\SYSTEM</Data>
  </EventData>
</Event>
"
Microsoft-Windows-Sysmon/Operational,,,WinDev2309Eval,56:52.0,,,,,,,,,11,714,,,,C:\Windows\system32\svchost.exe,,,0x8000000000000000,4,,,,,0,,,,,,,{f57bd86a-0663-6582-2303-000000000b00},10484,7528.0,,,,,,DLL,,,,,,,,,,,,,2023-12-19T21:09:15.7424103Z,C:\Windows\SoftwareDistribution\Download\7bd97cc524ebd8114e77ca1991fbf2f3\Metadata\WinREAgent.dll,,,,,,11,,10592,NT AUTHORITY\SYSTEM,S-1-5-18,09:15.7,2.0,"<Event xmlns=""http://schemas.microsoft.com/win/2004/08/events/event"">
  <System>
    <Provider Name=""Microsoft-Windows-Sysmon"" Guid=""{5770385f-c22a-43e0-bf4c-06f5698ffbd9}""/>
    <EventID>11</EventID>
    <Version>2</Version>
    <Level>4</Level>
    <Task>11</Task>
    <Opcode>0</Opcode>
    <Keywords>0x8000000000000000</Keywords>
    <TimeCreated SystemTime=""2023-12-19T21:09:15.7424103Z""/>
    <EventRecordID>714</EventRecordID>
    <Correlation/>
    <Execution ProcessID=""10484"" ThreadID=""10592""/>
    <Channel>Microsoft-Windows-Sysmon/Operational</Channel>
    <Computer>WinDev2309Eval</Computer>
    <Security UserID=""S-1-5-18""/>
  </System>
  <EventData>
    <Data Name=""RuleName"">DLL</Data>
    <Data Name=""UtcTime"">2023-12-19 21:09:15.728</Data>
    <Data Name=""ProcessGuid"">{f57bd86a-0663-6582-2303-000000000b00}</Data>
    <Data Name=""ProcessId"">7528</Data>
    <Data Name=""Image"">C:\Windows\system32\svchost.exe</Data>
    <Data Name=""TargetFilename"">C:\Windows\SoftwareDistribution\Download\7bd97cc524ebd8114e77ca1991fbf2f3\Metadata\WinREAgent.dll</Data>
    <Data Name=""CreationUtcTime"">2023-12-02 09:56:52.000</Data>
    <Data Name=""User"">NT AUTHORITY\SYSTEM</Data>
  </EventData>
</Event>
"
Microsoft-Windows-Sysmon/Operational,,,WinDev2309Eval,14:20.0,,,,,,,,,11,713,,,,C:\Windows\system32\svchost.exe,,,0x8000000000000000,4,,,,,0,,,,,,,{f57bd86a-0663-6582-2303-000000000b00},10484,7528.0,,,,,,DLL,,,,,,,,,,,,,2023-12-19T21:09:15.7389615Z,C:\Windows\SoftwareDistribution\Download\7bd97cc524ebd8114e77ca1991fbf2f3\Metadata\ReserveManager.dll,,,,,,11,,10592,NT AUTHORITY\SYSTEM,S-1-5-18,09:15.7,2.0,"<Event xmlns=""http://schemas.microsoft.com/win/2004/08/events/event"">
  <System>
    <Provider Name=""Microsoft-Windows-Sysmon"" Guid=""{5770385f-c22a-43e0-bf4c-06f5698ffbd9}""/>
    <EventID>11</EventID>
    <Version>2</Version>
    <Level>4</Level>
    <Task>11</Task>
    <Opcode>0</Opcode>
    <Keywords>0x8000000000000000</Keywords>
    <TimeCreated SystemTime=""2023-12-19T21:09:15.7389615Z""/>
    <EventRecordID>713</EventRecordID>
    <Correlation/>
    <Execution ProcessID=""10484"" ThreadID=""10592""/>
    <Channel>Microsoft-Windows-Sysmon/Operational</Channel>
    <Computer>WinDev2309Eval</Computer>
    <Security UserID=""S-1-5-18""/>
  </System>
  <EventData>
    <Data Name=""RuleName"">DLL</Data>
    <Data Name=""UtcTime"">2023-12-19 21:09:15.728</Data>
    <Data Name=""ProcessGuid"">{f57bd86a-0663-6582-2303-000000000b00}</Data>
    <Data Name=""ProcessId"">7528</Data>
    <Data Name=""Image"">C:\Windows\system32\svchost.exe</Data>
    <Data Name=""TargetFilename"">C:\Windows\SoftwareDistribution\Download\7bd97cc524ebd8114e77ca1991fbf2f3\Metadata\ReserveManager.dll</Data>
    <Data Name=""CreationUtcTime"">2023-12-02 04:14:20.000</Data>
    <Data Name=""User"">NT AUTHORITY\SYSTEM</Data>
  </EventData>
</Event>
"
Microsoft-Windows-Sysmon/Operational,,,WinDev2309Eval,14:10.0,,,,,,,,,11,712,,,,C:\Windows\system32\svchost.exe,,,0x8000000000000000,4,,,,,0,,,,,,,{f57bd86a-0663-6582-2303-000000000b00},10484,7528.0,,,,,,DLL,,,,,,,,,,,,,2023-12-19T21:09:15.7269207Z,C:\Windows\SoftwareDistribution\Download\7bd97cc524ebd8114e77ca1991fbf2f3\Metadata\TurboStack.dll,,,,,,11,,10592,NT AUTHORITY\SYSTEM,S-1-5-18,09:15.7,2.0,"<Event xmlns=""http://schemas.microsoft.com/win/2004/08/events/event"">
  <System>
    <Provider Name=""Microsoft-Windows-Sysmon"" Guid=""{5770385f-c22a-43e0-bf4c-06f5698ffbd9}""/>
    <EventID>11</EventID>
    <Version>2</Version>
    <Level>4</Level>
    <Task>11</Task>
    <Opcode>0</Opcode>
    <Keywords>0x8000000000000000</Keywords>
    <TimeCreated SystemTime=""2023-12-19T21:09:15.7269207Z""/>
    <EventRecordID>712</EventRecordID>
    <Correlation/>
    <Execution ProcessID=""10484"" ThreadID=""10592""/>
    <Channel>Microsoft-Windows-Sysmon/Operational</Channel>
    <Computer>WinDev2309Eval</Computer>
    <Security UserID=""S-1-5-18""/>
  </System>
  <EventData>
    <Data Name=""RuleName"">DLL</Data>
    <Data Name=""UtcTime"">2023-12-19 21:09:15.712</Data>
    <Data Name=""ProcessGuid"">{f57bd86a-0663-6582-2303-000000000b00}</Data>
    <Data Name=""ProcessId"">7528</Data>
    <Data Name=""Image"">C:\Windows\system32\svchost.exe</Data>
    <Data Name=""TargetFilename"">C:\Windows\SoftwareDistribution\Download\7bd97cc524ebd8114e77ca1991fbf2f3\Metadata\TurboStack.dll</Data>
    <Data Name=""CreationUtcTime"">2023-12-02 04:14:10.000</Data>
    <Data Name=""User"">NT AUTHORITY\SYSTEM</Data>
  </EventData>
</Event>
"
