Channel,CommandLine,Company,Computer,CreationUtcTime,CurrentDirectory,Description,DestinationHostname,DestinationIp,DestinationIsIpv6,DestinationPort,DestinationPortName,Details,EventID,EventRecordID,EventType,FileVersion,Hashes,Image,Initiated,IntegrityLevel,Keywords,Level,LogonGuid,LogonId,Message,NewThreadId,Opcode,OriginalFileName,ParentCommandLine,ParentImage,ParentProcessGuid,ParentProcessId,ParentUser,ProcessGuid,ProcessID,ProcessId,Product,Protocol,QueryName,QueryResults,QueryStatus,RuleName,SourceHostname,SourceImage,SourceIp,SourceIsIpv6,SourcePort,SourcePortName,SourceProcessGuid,SourceProcessId,SourceUser,StartAddress,StartFunction,StartModule,SystemTime,TargetFilename,TargetImage,TargetObject,TargetProcessGuid,TargetProcessId,TargetUser,Task,TerminalSessionId,ThreadID,User,UserID,UtcTime,Version,raw
Microsoft-Windows-Sysmon/Operational,,,WinDev2309Eval,46:41.7,,,,,,,,,11,6695,,,,C:\Windows\Microsoft.NET\Framework64\v4.0.30319\mscorsvw.exe,,,0x8000000000000000,4,,,,,0,,,,,,,{f57bd86a-25a1-6584-b309-000000000d00},3400,11524.0,,,,,,DLL,,,,,,,,,,,,,2023-12-21T11:46:41.7226793Z,C:\Windows\assembly\NativeImages_v4.0.30319_64\Temp\2d04-0\Microsoft.VisualStudio.Workspace.Extensions.dll,,,,,,11,,4208,NT AUTHORITY\SYSTEM,S-1-5-18,46:41.7,2.0,"<Event xmlns=""http://schemas.microsoft.com/win/2004/08/events/event"">
  <System>
    <Provider Name=""Microsoft-Windows-Sysmon"" Guid=""{5770385f-c22a-43e0-bf4c-06f5698ffbd9}""/>
    <EventID>11</EventID>
    <Version>2</Version>
    <Level>4</Level>
    <Task>11</Task>
    <Opcode>0</Opcode>
    <Keywords>0x8000000000000000</Keywords>
    <TimeCreated SystemTime=""2023-12-21T11:46:41.7226793Z""/>
    <EventRecordID>6695</EventRecordID>
    <Correlation/>
    <Execution ProcessID=""3400"" ThreadID=""4208""/>
    <Channel>Microsoft-Windows-Sysmon/Operational</Channel>
    <Computer>WinDev2309Eval</Computer>
    <Security UserID=""S-1-5-18""/>
  </System>
  <EventData>
    <Data Name=""RuleName"">DLL</Data>
    <Data Name=""UtcTime"">2023-12-21 11:46:41.711</Data>
    <Data Name=""ProcessGuid"">{f57bd86a-25a1-6584-b309-000000000d00}</Data>
    <Data Name=""ProcessId"">11524</Data>
    <Data Name=""Image"">C:\Windows\Microsoft.NET\Framework64\v4.0.30319\mscorsvw.exe</Data>
    <Data Name=""TargetFilename"">C:\Windows\assembly\NativeImages_v4.0.30319_64\Temp\2d04-0\Microsoft.VisualStudio.Workspace.Extensions.dll</Data>
    <Data Name=""CreationUtcTime"">2023-12-21 11:46:41.711</Data>
    <Data Name=""User"">NT AUTHORITY\SYSTEM</Data>
  </EventData>
</Event>
"
Microsoft-Windows-Sysmon/Operational,,,WinDev2309Eval,46:41.3,,,,,,,,,11,6694,,,,C:\Windows\Microsoft.NET\Framework64\v4.0.30319\mscorsvw.exe,,,0x8000000000000000,4,,,,,0,,,,,,,{f57bd86a-25a0-6584-b109-000000000d00},3400,7280.0,,,,,,DLL,,,,,,,,,,,,,2023-12-21T11:46:41.3145712Z,C:\Windows\assembly\NativeImages_v4.0.30319_64\Temp\1c70-0\Microsoft.VisualStudio.Workspace.dll,,,,,,11,,4208,NT AUTHORITY\SYSTEM,S-1-5-18,46:41.3,2.0,"<Event xmlns=""http://schemas.microsoft.com/win/2004/08/events/event"">
  <System>
    <Provider Name=""Microsoft-Windows-Sysmon"" Guid=""{5770385f-c22a-43e0-bf4c-06f5698ffbd9}""/>
    <EventID>11</EventID>
    <Version>2</Version>
    <Level>4</Level>
    <Task>11</Task>
    <Opcode>0</Opcode>
    <Keywords>0x8000000000000000</Keywords>
    <TimeCreated SystemTime=""2023-12-21T11:46:41.3145712Z""/>
    <EventRecordID>6694</EventRecordID>
    <Correlation/>
    <Execution ProcessID=""3400"" ThreadID=""4208""/>
    <Channel>Microsoft-Windows-Sysmon/Operational</Channel>
    <Computer>WinDev2309Eval</Computer>
    <Security UserID=""S-1-5-18""/>
  </System>
  <EventData>
    <Data Name=""RuleName"">DLL</Data>
    <Data Name=""UtcTime"">2023-12-21 11:46:41.304</Data>
    <Data Name=""ProcessGuid"">{f57bd86a-25a0-6584-b109-000000000d00}</Data>
    <Data Name=""ProcessId"">7280</Data>
    <Data Name=""Image"">C:\Windows\Microsoft.NET\Framework64\v4.0.30319\mscorsvw.exe</Data>
    <Data Name=""TargetFilename"">C:\Windows\assembly\NativeImages_v4.0.30319_64\Temp\1c70-0\Microsoft.VisualStudio.Workspace.dll</Data>
    <Data Name=""CreationUtcTime"">2023-12-21 11:46:41.304</Data>
    <Data Name=""User"">NT AUTHORITY\SYSTEM</Data>
  </EventData>
</Event>
"
Microsoft-Windows-Sysmon/Operational,,,WinDev2309Eval,46:40.8,,,,,,,,,11,6693,,,,C:\Windows\Microsoft.NET\Framework64\v4.0.30319\mscorsvw.exe,,,0x8000000000000000,4,,,,,0,,,,,,,{f57bd86a-259e-6584-af09-000000000d00},3400,3952.0,,,,,,DLL,,,,,,,,,,,,,2023-12-21T11:46:40.7614620Z,C:\Windows\assembly\NativeImages_v4.0.30319_64\Temp\f70-0\NuGet.VisualStudio.Implementation.dll,,,,,,11,,4208,NT AUTHORITY\SYSTEM,S-1-5-18,46:40.8,2.0,"<Event xmlns=""http://schemas.microsoft.com/win/2004/08/events/event"">
  <System>
    <Provider Name=""Microsoft-Windows-Sysmon"" Guid=""{5770385f-c22a-43e0-bf4c-06f5698ffbd9}""/>
    <EventID>11</EventID>
    <Version>2</Version>
    <Level>4</Level>
    <Task>11</Task>
    <Opcode>0</Opcode>
    <Keywords>0x8000000000000000</Keywords>
    <TimeCreated SystemTime=""2023-12-21T11:46:40.7614620Z""/>
    <EventRecordID>6693</EventRecordID>
    <Correlation/>
    <Execution ProcessID=""3400"" ThreadID=""4208""/>
    <Channel>Microsoft-Windows-Sysmon/Operational</Channel>
    <Computer>WinDev2309Eval</Computer>
    <Security UserID=""S-1-5-18""/>
  </System>
  <EventData>
    <Data Name=""RuleName"">DLL</Data>
    <Data Name=""UtcTime"">2023-12-21 11:46:40.757</Data>
    <Data Name=""ProcessGuid"">{f57bd86a-259e-6584-af09-000000000d00}</Data>
    <Data Name=""ProcessId"">3952</Data>
    <Data Name=""Image"">C:\Windows\Microsoft.NET\Framework64\v4.0.30319\mscorsvw.exe</Data>
    <Data Name=""TargetFilename"">C:\Windows\assembly\NativeImages_v4.0.30319_64\Temp\f70-0\NuGet.VisualStudio.Implementation.dll</Data>
    <Data Name=""CreationUtcTime"">2023-12-21 11:46:40.757</Data>
    <Data Name=""User"">NT AUTHORITY\SYSTEM</Data>
  </EventData>
</Event>
"
Microsoft-Windows-Sysmon/Operational,,,WinDev2309Eval,46:37.8,,,,,,,,,11,6692,,,,C:\Windows\Microsoft.NET\Framework64\v4.0.30319\mscorsvw.exe,,,0x8000000000000000,4,,,,,0,,,,,,,{f57bd86a-259d-6584-ad09-000000000d00},3400,8468.0,,,,,,DLL,,,,,,,,,,,,,2023-12-21T11:46:37.7889128Z,C:\Windows\assembly\NativeImages_v4.0.30319_64\Temp\2114-0\NuGet.VisualStudio.dll,,,,,,11,,4208,NT AUTHORITY\SYSTEM,S-1-5-18,46:37.8,2.0,"<Event xmlns=""http://schemas.microsoft.com/win/2004/08/events/event"">
  <System>
    <Provider Name=""Microsoft-Windows-Sysmon"" Guid=""{5770385f-c22a-43e0-bf4c-06f5698ffbd9}""/>
    <EventID>11</EventID>
    <Version>2</Version>
    <Level>4</Level>
    <Task>11</Task>
    <Opcode>0</Opcode>
    <Keywords>0x8000000000000000</Keywords>
    <TimeCreated SystemTime=""2023-12-21T11:46:37.7889128Z""/>
    <EventRecordID>6692</EventRecordID>
    <Correlation/>
    <Execution ProcessID=""3400"" ThreadID=""4208""/>
    <Channel>Microsoft-Windows-Sysmon/Operational</Channel>
    <Computer>WinDev2309Eval</Computer>
    <Security UserID=""S-1-5-18""/>
  </System>
  <EventData>
    <Data Name=""RuleName"">DLL</Data>
    <Data Name=""UtcTime"">2023-12-21 11:46:37.781</Data>
    <Data Name=""ProcessGuid"">{f57bd86a-259d-6584-ad09-000000000d00}</Data>
    <Data Name=""ProcessId"">8468</Data>
    <Data Name=""Image"">C:\Windows\Microsoft.NET\Framework64\v4.0.30319\mscorsvw.exe</Data>
    <Data Name=""TargetFilename"">C:\Windows\assembly\NativeImages_v4.0.30319_64\Temp\2114-0\NuGet.VisualStudio.dll</Data>
    <Data Name=""CreationUtcTime"">2023-12-21 11:46:37.781</Data>
    <Data Name=""User"">NT AUTHORITY\SYSTEM</Data>
  </EventData>
</Event>
"
Microsoft-Windows-Sysmon/Operational,,,WinDev2309Eval,46:37.4,,,,,,,,,11,6691,,,,C:\Windows\Microsoft.NET\Framework64\v4.0.30319\mscorsvw.exe,,,0x8000000000000000,4,,,,,0,,,,,,,{f57bd86a-259b-6584-ab09-000000000d00},3400,4688.0,,,,,,DLL,,,,,,,,,,,,,2023-12-21T11:46:37.4521585Z,C:\Windows\assembly\NativeImages_v4.0.30319_64\Temp\1250-0\NuGet.VisualStudio.Common.dll,,,,,,11,,4208,NT AUTHORITY\SYSTEM,S-1-5-18,46:37.4,2.0,"<Event xmlns=""http://schemas.microsoft.com/win/2004/08/events/event"">
  <System>
    <Provider Name=""Microsoft-Windows-Sysmon"" Guid=""{5770385f-c22a-43e0-bf4c-06f5698ffbd9}""/>
    <EventID>11</EventID>
    <Version>2</Version>
    <Level>4</Level>
    <Task>11</Task>
    <Opcode>0</Opcode>
    <Keywords>0x8000000000000000</Keywords>
    <TimeCreated SystemTime=""2023-12-21T11:46:37.4521585Z""/>
    <EventRecordID>6691</EventRecordID>
    <Correlation/>
    <Execution ProcessID=""3400"" ThreadID=""4208""/>
    <Channel>Microsoft-Windows-Sysmon/Operational</Channel>
    <Computer>WinDev2309Eval</Computer>
    <Security UserID=""S-1-5-18""/>
  </System>
  <EventData>
    <Data Name=""RuleName"">DLL</Data>
    <Data Name=""UtcTime"">2023-12-21 11:46:37.437</Data>
    <Data Name=""ProcessGuid"">{f57bd86a-259b-6584-ab09-000000000d00}</Data>
    <Data Name=""ProcessId"">4688</Data>
    <Data Name=""Image"">C:\Windows\Microsoft.NET\Framework64\v4.0.30319\mscorsvw.exe</Data>
    <Data Name=""TargetFilename"">C:\Windows\assembly\NativeImages_v4.0.30319_64\Temp\1250-0\NuGet.VisualStudio.Common.dll</Data>
    <Data Name=""CreationUtcTime"">2023-12-21 11:46:37.437</Data>
    <Data Name=""User"">NT AUTHORITY\SYSTEM</Data>
  </EventData>
</Event>
"
Microsoft-Windows-Sysmon/Operational,,,WinDev2309Eval,46:35.0,,,,,,,,,11,6690,,,,C:\Windows\Microsoft.NET\Framework64\v4.0.30319\mscorsvw.exe,,,0x8000000000000000,4,,,,,0,,,,,,,{f57bd86a-259a-6584-a909-000000000d00},3400,10424.0,,,,,,DLL,,,,,,,,,,,,,2023-12-21T11:46:35.0451365Z,C:\Windows\assembly\NativeImages_v4.0.30319_64\Temp\28b8-0\NuGet.Versioning.dll,,,,,,11,,4208,NT AUTHORITY\SYSTEM,S-1-5-18,46:35.0,2.0,"<Event xmlns=""http://schemas.microsoft.com/win/2004/08/events/event"">
  <System>
    <Provider Name=""Microsoft-Windows-Sysmon"" Guid=""{5770385f-c22a-43e0-bf4c-06f5698ffbd9}""/>
    <EventID>11</EventID>
    <Version>2</Version>
    <Level>4</Level>
    <Task>11</Task>
    <Opcode>0</Opcode>
    <Keywords>0x8000000000000000</Keywords>
    <TimeCreated SystemTime=""2023-12-21T11:46:35.0451365Z""/>
    <EventRecordID>6690</EventRecordID>
    <Correlation/>
    <Execution ProcessID=""3400"" ThreadID=""4208""/>
    <Channel>Microsoft-Windows-Sysmon/Operational</Channel>
    <Computer>WinDev2309Eval</Computer>
    <Security UserID=""S-1-5-18""/>
  </System>
  <EventData>
    <Data Name=""RuleName"">DLL</Data>
    <Data Name=""UtcTime"">2023-12-21 11:46:35.031</Data>
    <Data Name=""ProcessGuid"">{f57bd86a-259a-6584-a909-000000000d00}</Data>
    <Data Name=""ProcessId"">10424</Data>
    <Data Name=""Image"">C:\Windows\Microsoft.NET\Framework64\v4.0.30319\mscorsvw.exe</Data>
    <Data Name=""TargetFilename"">C:\Windows\assembly\NativeImages_v4.0.30319_64\Temp\28b8-0\NuGet.Versioning.dll</Data>
    <Data Name=""CreationUtcTime"">2023-12-21 11:46:35.031</Data>
    <Data Name=""User"">NT AUTHORITY\SYSTEM</Data>
  </EventData>
</Event>
"
Microsoft-Windows-Sysmon/Operational,,,WinDev2309Eval,46:34.7,,,,,,,,,11,6689,,,,C:\Windows\Microsoft.NET\Framework64\v4.0.30319\mscorsvw.exe,,,0x8000000000000000,4,,,,,0,,,,,,,{f57bd86a-2599-6584-a709-000000000d00},3400,6368.0,,,,,,DLL,,,,,,,,,,,,,2023-12-21T11:46:34.7226950Z,C:\Windows\assembly\NativeImages_v4.0.30319_64\Temp\18e0-0\NuGet.SolutionRestoreManager.dll,,,,,,11,,4208,NT AUTHORITY\SYSTEM,S-1-5-18,46:34.7,2.0,"<Event xmlns=""http://schemas.microsoft.com/win/2004/08/events/event"">
  <System>
    <Provider Name=""Microsoft-Windows-Sysmon"" Guid=""{5770385f-c22a-43e0-bf4c-06f5698ffbd9}""/>
    <EventID>11</EventID>
    <Version>2</Version>
    <Level>4</Level>
    <Task>11</Task>
    <Opcode>0</Opcode>
    <Keywords>0x8000000000000000</Keywords>
    <TimeCreated SystemTime=""2023-12-21T11:46:34.7226950Z""/>
    <EventRecordID>6689</EventRecordID>
    <Correlation/>
    <Execution ProcessID=""3400"" ThreadID=""4208""/>
    <Channel>Microsoft-Windows-Sysmon/Operational</Channel>
    <Computer>WinDev2309Eval</Computer>
    <Security UserID=""S-1-5-18""/>
  </System>
  <EventData>
    <Data Name=""RuleName"">DLL</Data>
    <Data Name=""UtcTime"">2023-12-21 11:46:34.718</Data>
    <Data Name=""ProcessGuid"">{f57bd86a-2599-6584-a709-000000000d00}</Data>
    <Data Name=""ProcessId"">6368</Data>
    <Data Name=""Image"">C:\Windows\Microsoft.NET\Framework64\v4.0.30319\mscorsvw.exe</Data>
    <Data Name=""TargetFilename"">C:\Windows\assembly\NativeImages_v4.0.30319_64\Temp\18e0-0\NuGet.SolutionRestoreManager.dll</Data>
    <Data Name=""CreationUtcTime"">2023-12-21 11:46:34.718</Data>
    <Data Name=""User"">NT AUTHORITY\SYSTEM</Data>
  </EventData>
</Event>
"
Microsoft-Windows-Sysmon/Operational,,,WinDev2309Eval,46:32.5,,,,,,,,,11,6688,,,,C:\Windows\Microsoft.NET\Framework64\v4.0.30319\mscorsvw.exe,,,0x8000000000000000,4,,,,,0,,,,,,,{f57bd86a-2595-6584-a509-000000000d00},3400,12052.0,,,,,,DLL,,,,,,,,,,,,,2023-12-21T11:46:32.4675911Z,C:\Windows\assembly\NativeImages_v4.0.30319_64\Temp\2f14-0\NuGet.Protocol.dll,,,,,,11,,4208,NT AUTHORITY\SYSTEM,S-1-5-18,46:32.5,2.0,"<Event xmlns=""http://schemas.microsoft.com/win/2004/08/events/event"">
  <System>
    <Provider Name=""Microsoft-Windows-Sysmon"" Guid=""{5770385f-c22a-43e0-bf4c-06f5698ffbd9}""/>
    <EventID>11</EventID>
    <Version>2</Version>
    <Level>4</Level>
    <Task>11</Task>
    <Opcode>0</Opcode>
    <Keywords>0x8000000000000000</Keywords>
    <TimeCreated SystemTime=""2023-12-21T11:46:32.4675911Z""/>
    <EventRecordID>6688</EventRecordID>
    <Correlation/>
    <Execution ProcessID=""3400"" ThreadID=""4208""/>
    <Channel>Microsoft-Windows-Sysmon/Operational</Channel>
    <Computer>WinDev2309Eval</Computer>
    <Security UserID=""S-1-5-18""/>
  </System>
  <EventData>
    <Data Name=""RuleName"">DLL</Data>
    <Data Name=""UtcTime"">2023-12-21 11:46:32.462</Data>
    <Data Name=""ProcessGuid"">{f57bd86a-2595-6584-a509-000000000d00}</Data>
    <Data Name=""ProcessId"">12052</Data>
    <Data Name=""Image"">C:\Windows\Microsoft.NET\Framework64\v4.0.30319\mscorsvw.exe</Data>
    <Data Name=""TargetFilename"">C:\Windows\assembly\NativeImages_v4.0.30319_64\Temp\2f14-0\NuGet.Protocol.dll</Data>
    <Data Name=""CreationUtcTime"">2023-12-21 11:46:32.462</Data>
    <Data Name=""User"">NT AUTHORITY\SYSTEM</Data>
  </EventData>
</Event>
"
Microsoft-Windows-Sysmon/Operational,,,WinDev2309Eval,46:29.7,,,,,,,,,11,6687,,,,C:\Windows\Microsoft.NET\Framework64\v4.0.30319\mscorsvw.exe,,,0x8000000000000000,4,,,,,0,,,,,,,{f57bd86a-2594-6584-a309-000000000d00},3400,12656.0,,,,,,DLL,,,,,,,,,,,,,2023-12-21T11:46:29.7338216Z,C:\Windows\assembly\NativeImages_v4.0.30319_64\Temp\3170-0\NuGet.ProjectModel.dll,,,,,,11,,4208,NT AUTHORITY\SYSTEM,S-1-5-18,46:29.7,2.0,"<Event xmlns=""http://schemas.microsoft.com/win/2004/08/events/event"">
  <System>
    <Provider Name=""Microsoft-Windows-Sysmon"" Guid=""{5770385f-c22a-43e0-bf4c-06f5698ffbd9}""/>
    <EventID>11</EventID>
    <Version>2</Version>
    <Level>4</Level>
    <Task>11</Task>
    <Opcode>0</Opcode>
    <Keywords>0x8000000000000000</Keywords>
    <TimeCreated SystemTime=""2023-12-21T11:46:29.7338216Z""/>
    <EventRecordID>6687</EventRecordID>
    <Correlation/>
    <Execution ProcessID=""3400"" ThreadID=""4208""/>
    <Channel>Microsoft-Windows-Sysmon/Operational</Channel>
    <Computer>WinDev2309Eval</Computer>
    <Security UserID=""S-1-5-18""/>
  </System>
  <EventData>
    <Data Name=""RuleName"">DLL</Data>
    <Data Name=""UtcTime"">2023-12-21 11:46:29.726</Data>
    <Data Name=""ProcessGuid"">{f57bd86a-2594-6584-a309-000000000d00}</Data>
    <Data Name=""ProcessId"">12656</Data>
    <Data Name=""Image"">C:\Windows\Microsoft.NET\Framework64\v4.0.30319\mscorsvw.exe</Data>
    <Data Name=""TargetFilename"">C:\Windows\assembly\NativeImages_v4.0.30319_64\Temp\3170-0\NuGet.ProjectModel.dll</Data>
    <Data Name=""CreationUtcTime"">2023-12-21 11:46:29.726</Data>
    <Data Name=""User"">NT AUTHORITY\SYSTEM</Data>
  </EventData>
</Event>
"
Microsoft-Windows-Sysmon/Operational,,,WinDev2309Eval,46:28.4,,,,,,,,,11,6686,,,,C:\Windows\Microsoft.NET\Framework64\v4.0.30319\mscorsvw.exe,,,0x8000000000000000,4,,,,,0,,,,,,,{f57bd86a-2592-6584-a109-000000000d00},3400,11924.0,,,,,,DLL,,,,,,,,,,,,,2023-12-21T11:46:28.4573446Z,C:\Windows\assembly\NativeImages_v4.0.30319_64\Temp\2e94-0\NuGet.Packaging.dll,,,,,,11,,4208,NT AUTHORITY\SYSTEM,S-1-5-18,46:28.4,2.0,"<Event xmlns=""http://schemas.microsoft.com/win/2004/08/events/event"">
  <System>
    <Provider Name=""Microsoft-Windows-Sysmon"" Guid=""{5770385f-c22a-43e0-bf4c-06f5698ffbd9}""/>
    <EventID>11</EventID>
    <Version>2</Version>
    <Level>4</Level>
    <Task>11</Task>
    <Opcode>0</Opcode>
    <Keywords>0x8000000000000000</Keywords>
    <TimeCreated SystemTime=""2023-12-21T11:46:28.4573446Z""/>
    <EventRecordID>6686</EventRecordID>
    <Correlation/>
    <Execution ProcessID=""3400"" ThreadID=""4208""/>
    <Channel>Microsoft-Windows-Sysmon/Operational</Channel>
    <Computer>WinDev2309Eval</Computer>
    <Security UserID=""S-1-5-18""/>
  </System>
  <EventData>
    <Data Name=""RuleName"">DLL</Data>
    <Data Name=""UtcTime"">2023-12-21 11:46:28.443</Data>
    <Data Name=""ProcessGuid"">{f57bd86a-2592-6584-a109-000000000d00}</Data>
    <Data Name=""ProcessId"">11924</Data>
    <Data Name=""Image"">C:\Windows\Microsoft.NET\Framework64\v4.0.30319\mscorsvw.exe</Data>
    <Data Name=""TargetFilename"">C:\Windows\assembly\NativeImages_v4.0.30319_64\Temp\2e94-0\NuGet.Packaging.dll</Data>
    <Data Name=""CreationUtcTime"">2023-12-21 11:46:28.443</Data>
    <Data Name=""User"">NT AUTHORITY\SYSTEM</Data>
  </EventData>
</Event>
"
Microsoft-Windows-Sysmon/Operational,,,WinDev2309Eval,46:26.3,,,,,,,,,11,6685,,,,C:\Windows\Microsoft.NET\Framework64\v4.0.30319\mscorsvw.exe,,,0x8000000000000000,4,,,,,0,,,,,,,{f57bd86a-258e-6584-9f09-000000000d00},3400,7828.0,,,,,,DLL,,,,,,,,,,,,,2023-12-21T11:46:26.3281447Z,C:\Windows\assembly\NativeImages_v4.0.30319_64\Temp\1e94-0\NuGet.PackageManagement.VisualStudio.dll,,,,,,11,,4208,NT AUTHORITY\SYSTEM,S-1-5-18,46:26.3,2.0,"<Event xmlns=""http://schemas.microsoft.com/win/2004/08/events/event"">
  <System>
    <Provider Name=""Microsoft-Windows-Sysmon"" Guid=""{5770385f-c22a-43e0-bf4c-06f5698ffbd9}""/>
    <EventID>11</EventID>
    <Version>2</Version>
    <Level>4</Level>
    <Task>11</Task>
    <Opcode>0</Opcode>
    <Keywords>0x8000000000000000</Keywords>
    <TimeCreated SystemTime=""2023-12-21T11:46:26.3281447Z""/>
    <EventRecordID>6685</EventRecordID>
    <Correlation/>
    <Execution ProcessID=""3400"" ThreadID=""4208""/>
    <Channel>Microsoft-Windows-Sysmon/Operational</Channel>
    <Computer>WinDev2309Eval</Computer>
    <Security UserID=""S-1-5-18""/>
  </System>
  <EventData>
    <Data Name=""RuleName"">DLL</Data>
    <Data Name=""UtcTime"">2023-12-21 11:46:26.315</Data>
    <Data Name=""ProcessGuid"">{f57bd86a-258e-6584-9f09-000000000d00}</Data>
    <Data Name=""ProcessId"">7828</Data>
    <Data Name=""Image"">C:\Windows\Microsoft.NET\Framework64\v4.0.30319\mscorsvw.exe</Data>
    <Data Name=""TargetFilename"">C:\Windows\assembly\NativeImages_v4.0.30319_64\Temp\1e94-0\NuGet.PackageManagement.VisualStudio.dll</Data>
    <Data Name=""CreationUtcTime"">2023-12-21 11:46:26.315</Data>
    <Data Name=""User"">NT AUTHORITY\SYSTEM</Data>
  </EventData>
</Event>
"
Microsoft-Windows-Sysmon/Operational,,,WinDev2309Eval,46:22.0,,,,,,,,,11,6684,,,,C:\Windows\Microsoft.NET\Framework64\v4.0.30319\mscorsvw.exe,,,0x8000000000000000,4,,,,,0,,,,,,,{f57bd86a-258c-6584-9d09-000000000d00},3400,13304.0,,,,,,DLL,,,,,,,,,,,,,2023-12-21T11:46:21.9991915Z,C:\Windows\assembly\NativeImages_v4.0.30319_64\Temp\33f8-0\NuGet.PackageManagement.dll,,,,,,11,,4208,NT AUTHORITY\SYSTEM,S-1-5-18,46:22.0,2.0,"<Event xmlns=""http://schemas.microsoft.com/win/2004/08/events/event"">
  <System>
    <Provider Name=""Microsoft-Windows-Sysmon"" Guid=""{5770385f-c22a-43e0-bf4c-06f5698ffbd9}""/>
    <EventID>11</EventID>
    <Version>2</Version>
    <Level>4</Level>
    <Task>11</Task>
    <Opcode>0</Opcode>
    <Keywords>0x8000000000000000</Keywords>
    <TimeCreated SystemTime=""2023-12-21T11:46:21.9991915Z""/>
    <EventRecordID>6684</EventRecordID>
    <Correlation/>
    <Execution ProcessID=""3400"" ThreadID=""4208""/>
    <Channel>Microsoft-Windows-Sysmon/Operational</Channel>
    <Computer>WinDev2309Eval</Computer>
    <Security UserID=""S-1-5-18""/>
  </System>
  <EventData>
    <Data Name=""RuleName"">DLL</Data>
    <Data Name=""UtcTime"">2023-12-21 11:46:21.983</Data>
    <Data Name=""ProcessGuid"">{f57bd86a-258c-6584-9d09-000000000d00}</Data>
    <Data Name=""ProcessId"">13304</Data>
    <Data Name=""Image"">C:\Windows\Microsoft.NET\Framework64\v4.0.30319\mscorsvw.exe</Data>
    <Data Name=""TargetFilename"">C:\Windows\assembly\NativeImages_v4.0.30319_64\Temp\33f8-0\NuGet.PackageManagement.dll</Data>
    <Data Name=""CreationUtcTime"">2023-12-21 11:46:21.983</Data>
    <Data Name=""User"">NT AUTHORITY\SYSTEM</Data>
  </EventData>
</Event>
"
Microsoft-Windows-Sysmon/Operational,,,WinDev2309Eval,46:20.3,,,,,,,,,11,6683,,,,C:\Windows\Microsoft.NET\Framework64\v4.0.30319\mscorsvw.exe,,,0x8000000000000000,4,,,,,0,,,,,,,{f57bd86a-258b-6584-9b09-000000000d00},3400,7192.0,,,,,,DLL,,,,,,,,,,,,,2023-12-21T11:46:20.3024548Z,C:\Windows\assembly\NativeImages_v4.0.30319_64\Temp\1c18-0\NuGet.LibraryModel.dll,,,,,,11,,4208,NT AUTHORITY\SYSTEM,S-1-5-18,46:20.3,2.0,"<Event xmlns=""http://schemas.microsoft.com/win/2004/08/events/event"">
  <System>
    <Provider Name=""Microsoft-Windows-Sysmon"" Guid=""{5770385f-c22a-43e0-bf4c-06f5698ffbd9}""/>
    <EventID>11</EventID>
    <Version>2</Version>
    <Level>4</Level>
    <Task>11</Task>
    <Opcode>0</Opcode>
    <Keywords>0x8000000000000000</Keywords>
    <TimeCreated SystemTime=""2023-12-21T11:46:20.3024548Z""/>
    <EventRecordID>6683</EventRecordID>
    <Correlation/>
    <Execution ProcessID=""3400"" ThreadID=""4208""/>
    <Channel>Microsoft-Windows-Sysmon/Operational</Channel>
    <Computer>WinDev2309Eval</Computer>
    <Security UserID=""S-1-5-18""/>
  </System>
  <EventData>
    <Data Name=""RuleName"">DLL</Data>
    <Data Name=""UtcTime"">2023-12-21 11:46:20.293</Data>
    <Data Name=""ProcessGuid"">{f57bd86a-258b-6584-9b09-000000000d00}</Data>
    <Data Name=""ProcessId"">7192</Data>
    <Data Name=""Image"">C:\Windows\Microsoft.NET\Framework64\v4.0.30319\mscorsvw.exe</Data>
    <Data Name=""TargetFilename"">C:\Windows\assembly\NativeImages_v4.0.30319_64\Temp\1c18-0\NuGet.LibraryModel.dll</Data>
    <Data Name=""CreationUtcTime"">2023-12-21 11:46:20.293</Data>
    <Data Name=""User"">NT AUTHORITY\SYSTEM</Data>
  </EventData>
</Event>
"
Microsoft-Windows-Sysmon/Operational,,,WinDev2309Eval,46:19.6,,,,,,,,,11,6682,,,,C:\Windows\Microsoft.NET\Framework64\v4.0.30319\mscorsvw.exe,,,0x8000000000000000,4,,,,,0,,,,,,,{f57bd86a-258b-6584-9909-000000000d00},3400,5928.0,,,,,,DLL,,,,,,,,,,,,,2023-12-21T11:46:19.5920526Z,C:\Windows\assembly\NativeImages_v4.0.30319_64\Temp\1728-0\NuGet.Frameworks.dll,,,,,,11,,4208,NT AUTHORITY\SYSTEM,S-1-5-18,46:19.6,2.0,"<Event xmlns=""http://schemas.microsoft.com/win/2004/08/events/event"">
  <System>
    <Provider Name=""Microsoft-Windows-Sysmon"" Guid=""{5770385f-c22a-43e0-bf4c-06f5698ffbd9}""/>
    <EventID>11</EventID>
    <Version>2</Version>
    <Level>4</Level>
    <Task>11</Task>
    <Opcode>0</Opcode>
    <Keywords>0x8000000000000000</Keywords>
    <TimeCreated SystemTime=""2023-12-21T11:46:19.5920526Z""/>
    <EventRecordID>6682</EventRecordID>
    <Correlation/>
    <Execution ProcessID=""3400"" ThreadID=""4208""/>
    <Channel>Microsoft-Windows-Sysmon/Operational</Channel>
    <Computer>WinDev2309Eval</Computer>
    <Security UserID=""S-1-5-18""/>
  </System>
  <EventData>
    <Data Name=""RuleName"">DLL</Data>
    <Data Name=""UtcTime"">2023-12-21 11:46:19.590</Data>
    <Data Name=""ProcessGuid"">{f57bd86a-258b-6584-9909-000000000d00}</Data>
    <Data Name=""ProcessId"">5928</Data>
    <Data Name=""Image"">C:\Windows\Microsoft.NET\Framework64\v4.0.30319\mscorsvw.exe</Data>
    <Data Name=""TargetFilename"">C:\Windows\assembly\NativeImages_v4.0.30319_64\Temp\1728-0\NuGet.Frameworks.dll</Data>
    <Data Name=""CreationUtcTime"">2023-12-21 11:46:19.590</Data>
    <Data Name=""User"">NT AUTHORITY\SYSTEM</Data>
  </EventData>
</Event>
"
Microsoft-Windows-Sysmon/Operational,,,WinDev2309Eval,46:19.0,,,,,,,,,11,6681,,,,C:\Windows\Microsoft.NET\Framework64\v4.0.30319\mscorsvw.exe,,,0x8000000000000000,4,,,,,0,,,,,,,{f57bd86a-258a-6584-9709-000000000d00},3400,11068.0,,,,,,DLL,,,,,,,,,,,,,2023-12-21T11:46:19.0248195Z,C:\Windows\assembly\NativeImages_v4.0.30319_64\Temp\2b3c-0\NuGet.DependencyResolver.Core.dll,,,,,,11,,4208,NT AUTHORITY\SYSTEM,S-1-5-18,46:19.0,2.0,"<Event xmlns=""http://schemas.microsoft.com/win/2004/08/events/event"">
  <System>
    <Provider Name=""Microsoft-Windows-Sysmon"" Guid=""{5770385f-c22a-43e0-bf4c-06f5698ffbd9}""/>
    <EventID>11</EventID>
    <Version>2</Version>
    <Level>4</Level>
    <Task>11</Task>
    <Opcode>0</Opcode>
    <Keywords>0x8000000000000000</Keywords>
    <TimeCreated SystemTime=""2023-12-21T11:46:19.0248195Z""/>
    <EventRecordID>6681</EventRecordID>
    <Correlation/>
    <Execution ProcessID=""3400"" ThreadID=""4208""/>
    <Channel>Microsoft-Windows-Sysmon/Operational</Channel>
    <Computer>WinDev2309Eval</Computer>
    <Security UserID=""S-1-5-18""/>
  </System>
  <EventData>
    <Data Name=""RuleName"">DLL</Data>
    <Data Name=""UtcTime"">2023-12-21 11:46:19.012</Data>
    <Data Name=""ProcessGuid"">{f57bd86a-258a-6584-9709-000000000d00}</Data>
    <Data Name=""ProcessId"">11068</Data>
    <Data Name=""Image"">C:\Windows\Microsoft.NET\Framework64\v4.0.30319\mscorsvw.exe</Data>
    <Data Name=""TargetFilename"">C:\Windows\assembly\NativeImages_v4.0.30319_64\Temp\2b3c-0\NuGet.DependencyResolver.Core.dll</Data>
    <Data Name=""CreationUtcTime"">2023-12-21 11:46:19.012</Data>
    <Data Name=""User"">NT AUTHORITY\SYSTEM</Data>
  </EventData>
</Event>
"
Microsoft-Windows-Sysmon/Operational,,,WinDev2309Eval,46:18.2,,,,,,,,,11,6680,,,,C:\Windows\Microsoft.NET\Framework64\v4.0.30319\mscorsvw.exe,,,0x8000000000000000,4,,,,,0,,,,,,,{f57bd86a-2589-6584-9509-000000000d00},3400,7564.0,,,,,,DLL,,,,,,,,,,,,,2023-12-21T11:46:18.2058788Z,C:\Windows\assembly\NativeImages_v4.0.30319_64\Temp\1d8c-0\NuGet.Configuration.dll,,,,,,11,,4208,NT AUTHORITY\SYSTEM,S-1-5-18,46:18.2,2.0,"<Event xmlns=""http://schemas.microsoft.com/win/2004/08/events/event"">
  <System>
    <Provider Name=""Microsoft-Windows-Sysmon"" Guid=""{5770385f-c22a-43e0-bf4c-06f5698ffbd9}""/>
    <EventID>11</EventID>
    <Version>2</Version>
    <Level>4</Level>
    <Task>11</Task>
    <Opcode>0</Opcode>
    <Keywords>0x8000000000000000</Keywords>
    <TimeCreated SystemTime=""2023-12-21T11:46:18.2058788Z""/>
    <EventRecordID>6680</EventRecordID>
    <Correlation/>
    <Execution ProcessID=""3400"" ThreadID=""4208""/>
    <Channel>Microsoft-Windows-Sysmon/Operational</Channel>
    <Computer>WinDev2309Eval</Computer>
    <Security UserID=""S-1-5-18""/>
  </System>
  <EventData>
    <Data Name=""RuleName"">DLL</Data>
    <Data Name=""UtcTime"">2023-12-21 11:46:18.198</Data>
    <Data Name=""ProcessGuid"">{f57bd86a-2589-6584-9509-000000000d00}</Data>
    <Data Name=""ProcessId"">7564</Data>
    <Data Name=""Image"">C:\Windows\Microsoft.NET\Framework64\v4.0.30319\mscorsvw.exe</Data>
    <Data Name=""TargetFilename"">C:\Windows\assembly\NativeImages_v4.0.30319_64\Temp\1d8c-0\NuGet.Configuration.dll</Data>
    <Data Name=""CreationUtcTime"">2023-12-21 11:46:18.198</Data>
    <Data Name=""User"">NT AUTHORITY\SYSTEM</Data>
  </EventData>
</Event>
"
Microsoft-Windows-Sysmon/Operational,,,WinDev2309Eval,46:17.5,,,,,,,,,11,6679,,,,C:\Windows\Microsoft.NET\Framework64\v4.0.30319\mscorsvw.exe,,,0x8000000000000000,4,,,,,0,,,,,,,{f57bd86a-2588-6584-9309-000000000d00},3400,12932.0,,,,,,DLL,,,,,,,,,,,,,2023-12-21T11:46:17.5337076Z,C:\Windows\assembly\NativeImages_v4.0.30319_64\Temp\3284-0\NuGet.Common.dll,,,,,,11,,4208,NT AUTHORITY\SYSTEM,S-1-5-18,46:17.5,2.0,"<Event xmlns=""http://schemas.microsoft.com/win/2004/08/events/event"">
  <System>
    <Provider Name=""Microsoft-Windows-Sysmon"" Guid=""{5770385f-c22a-43e0-bf4c-06f5698ffbd9}""/>
    <EventID>11</EventID>
    <Version>2</Version>
    <Level>4</Level>
    <Task>11</Task>
    <Opcode>0</Opcode>
    <Keywords>0x8000000000000000</Keywords>
    <TimeCreated SystemTime=""2023-12-21T11:46:17.5337076Z""/>
    <EventRecordID>6679</EventRecordID>
    <Correlation/>
    <Execution ProcessID=""3400"" ThreadID=""4208""/>
    <Channel>Microsoft-Windows-Sysmon/Operational</Channel>
    <Computer>WinDev2309Eval</Computer>
    <Security UserID=""S-1-5-18""/>
  </System>
  <EventData>
    <Data Name=""RuleName"">DLL</Data>
    <Data Name=""UtcTime"">2023-12-21 11:46:17.524</Data>
    <Data Name=""ProcessGuid"">{f57bd86a-2588-6584-9309-000000000d00}</Data>
    <Data Name=""ProcessId"">12932</Data>
    <Data Name=""Image"">C:\Windows\Microsoft.NET\Framework64\v4.0.30319\mscorsvw.exe</Data>
    <Data Name=""TargetFilename"">C:\Windows\assembly\NativeImages_v4.0.30319_64\Temp\3284-0\NuGet.Common.dll</Data>
    <Data Name=""CreationUtcTime"">2023-12-21 11:46:17.524</Data>
    <Data Name=""User"">NT AUTHORITY\SYSTEM</Data>
  </EventData>
</Event>
"
Microsoft-Windows-Sysmon/Operational,,,WinDev2309Eval,46:16.6,,,,,,,,,11,6678,,,,C:\Windows\Microsoft.NET\Framework64\v4.0.30319\mscorsvw.exe,,,0x8000000000000000,4,,,,,0,,,,,,,{f57bd86a-2586-6584-9109-000000000d00},3400,11760.0,,,,,,DLL,,,,,,,,,,,,,2023-12-21T11:46:16.5743295Z,C:\Windows\assembly\NativeImages_v4.0.30319_64\Temp\2df0-0\NuGet.Commands.dll,,,,,,11,,4208,NT AUTHORITY\SYSTEM,S-1-5-18,46:16.6,2.0,"<Event xmlns=""http://schemas.microsoft.com/win/2004/08/events/event"">
  <System>
    <Provider Name=""Microsoft-Windows-Sysmon"" Guid=""{5770385f-c22a-43e0-bf4c-06f5698ffbd9}""/>
    <EventID>11</EventID>
    <Version>2</Version>
    <Level>4</Level>
    <Task>11</Task>
    <Opcode>0</Opcode>
    <Keywords>0x8000000000000000</Keywords>
    <TimeCreated SystemTime=""2023-12-21T11:46:16.5743295Z""/>
    <EventRecordID>6678</EventRecordID>
    <Correlation/>
    <Execution ProcessID=""3400"" ThreadID=""4208""/>
    <Channel>Microsoft-Windows-Sysmon/Operational</Channel>
    <Computer>WinDev2309Eval</Computer>
    <Security UserID=""S-1-5-18""/>
  </System>
  <EventData>
    <Data Name=""RuleName"">DLL</Data>
    <Data Name=""UtcTime"">2023-12-21 11:46:16.569</Data>
    <Data Name=""ProcessGuid"">{f57bd86a-2586-6584-9109-000000000d00}</Data>
    <Data Name=""ProcessId"">11760</Data>
    <Data Name=""Image"">C:\Windows\Microsoft.NET\Framework64\v4.0.30319\mscorsvw.exe</Data>
    <Data Name=""TargetFilename"">C:\Windows\assembly\NativeImages_v4.0.30319_64\Temp\2df0-0\NuGet.Commands.dll</Data>
    <Data Name=""CreationUtcTime"">2023-12-21 11:46:16.569</Data>
    <Data Name=""User"">NT AUTHORITY\SYSTEM</Data>
  </EventData>
</Event>
"
Microsoft-Windows-Sysmon/Operational,,,WinDev2309Eval,46:12.8,,,,,,,,,11,6677,,,,C:\Windows\Microsoft.NET\Framework64\v4.0.30319\mscorsvw.exe,,,0x8000000000000000,4,,,,,0,,,,,,,{f57bd86a-2584-6584-8709-000000000d00},3400,1660.0,,,,,,DLL,,,,,,,,,,,,,2023-12-21T11:46:12.7887069Z,C:\Windows\assembly\NativeImages_v4.0.30319_64\Temp\67c-0\Microsoft.VisualStudio.VsInteractiveWindow.dll,,,,,,11,,4208,NT AUTHORITY\SYSTEM,S-1-5-18,46:12.8,2.0,"<Event xmlns=""http://schemas.microsoft.com/win/2004/08/events/event"">
  <System>
    <Provider Name=""Microsoft-Windows-Sysmon"" Guid=""{5770385f-c22a-43e0-bf4c-06f5698ffbd9}""/>
    <EventID>11</EventID>
    <Version>2</Version>
    <Level>4</Level>
    <Task>11</Task>
    <Opcode>0</Opcode>
    <Keywords>0x8000000000000000</Keywords>
    <TimeCreated SystemTime=""2023-12-21T11:46:12.7887069Z""/>
    <EventRecordID>6677</EventRecordID>
    <Correlation/>
    <Execution ProcessID=""3400"" ThreadID=""4208""/>
    <Channel>Microsoft-Windows-Sysmon/Operational</Channel>
    <Computer>WinDev2309Eval</Computer>
    <Security UserID=""S-1-5-18""/>
  </System>
  <EventData>
    <Data Name=""RuleName"">DLL</Data>
    <Data Name=""UtcTime"">2023-12-21 11:46:12.784</Data>
    <Data Name=""ProcessGuid"">{f57bd86a-2584-6584-8709-000000000d00}</Data>
    <Data Name=""ProcessId"">1660</Data>
    <Data Name=""Image"">C:\Windows\Microsoft.NET\Framework64\v4.0.30319\mscorsvw.exe</Data>
    <Data Name=""TargetFilename"">C:\Windows\assembly\NativeImages_v4.0.30319_64\Temp\67c-0\Microsoft.VisualStudio.VsInteractiveWindow.dll</Data>
    <Data Name=""CreationUtcTime"">2023-12-21 11:46:12.784</Data>
    <Data Name=""User"">NT AUTHORITY\SYSTEM</Data>
  </EventData>
</Event>
"
Microsoft-Windows-Sysmon/Operational,,,WinDev2309Eval,46:11.8,,,,,,,,,11,6676,,,,C:\Windows\Microsoft.NET\Framework64\v4.0.30319\mscorsvw.exe,,,0x8000000000000000,4,,,,,0,,,,,,,{f57bd86a-2582-6584-8509-000000000d00},3400,9592.0,,,,,,DLL,,,,,,,,,,,,,2023-12-21T11:46:11.7746711Z,C:\Windows\assembly\NativeImages_v4.0.30319_64\Temp\2578-0\Microsoft.VisualStudio.InteractiveWindow.dll,,,,,,11,,4208,NT AUTHORITY\SYSTEM,S-1-5-18,46:11.8,2.0,"<Event xmlns=""http://schemas.microsoft.com/win/2004/08/events/event"">
  <System>
    <Provider Name=""Microsoft-Windows-Sysmon"" Guid=""{5770385f-c22a-43e0-bf4c-06f5698ffbd9}""/>
    <EventID>11</EventID>
    <Version>2</Version>
    <Level>4</Level>
    <Task>11</Task>
    <Opcode>0</Opcode>
    <Keywords>0x8000000000000000</Keywords>
    <TimeCreated SystemTime=""2023-12-21T11:46:11.7746711Z""/>
    <EventRecordID>6676</EventRecordID>
    <Correlation/>
    <Execution ProcessID=""3400"" ThreadID=""4208""/>
    <Channel>Microsoft-Windows-Sysmon/Operational</Channel>
    <Computer>WinDev2309Eval</Computer>
    <Security UserID=""S-1-5-18""/>
  </System>
  <EventData>
    <Data Name=""RuleName"">DLL</Data>
    <Data Name=""UtcTime"">2023-12-21 11:46:11.768</Data>
    <Data Name=""ProcessGuid"">{f57bd86a-2582-6584-8509-000000000d00}</Data>
    <Data Name=""ProcessId"">9592</Data>
    <Data Name=""Image"">C:\Windows\Microsoft.NET\Framework64\v4.0.30319\mscorsvw.exe</Data>
    <Data Name=""TargetFilename"">C:\Windows\assembly\NativeImages_v4.0.30319_64\Temp\2578-0\Microsoft.VisualStudio.InteractiveWindow.dll</Data>
    <Data Name=""CreationUtcTime"">2023-12-21 11:46:11.768</Data>
    <Data Name=""User"">NT AUTHORITY\SYSTEM</Data>
  </EventData>
</Event>
"
Microsoft-Windows-Sysmon/Operational,,,WinDev2309Eval,46:10.6,,,,,,,,,11,6675,,,,C:\Windows\Microsoft.NET\Framework64\v4.0.30319\mscorsvw.exe,,,0x8000000000000000,4,,,,,0,,,,,,,{f57bd86a-2582-6584-8309-000000000d00},3400,9764.0,,,,,,DLL,,,,,,,,,,,,,2023-12-21T11:46:10.6288405Z,C:\Windows\assembly\NativeImages_v4.0.30319_64\Temp\2624-0\Microsoft.VisualStudio.Interactive.Setup.dll,,,,,,11,,4208,NT AUTHORITY\SYSTEM,S-1-5-18,46:10.6,2.0,"<Event xmlns=""http://schemas.microsoft.com/win/2004/08/events/event"">
  <System>
    <Provider Name=""Microsoft-Windows-Sysmon"" Guid=""{5770385f-c22a-43e0-bf4c-06f5698ffbd9}""/>
    <EventID>11</EventID>
    <Version>2</Version>
    <Level>4</Level>
    <Task>11</Task>
    <Opcode>0</Opcode>
    <Keywords>0x8000000000000000</Keywords>
    <TimeCreated SystemTime=""2023-12-21T11:46:10.6288405Z""/>
    <EventRecordID>6675</EventRecordID>
    <Correlation/>
    <Execution ProcessID=""3400"" ThreadID=""4208""/>
    <Channel>Microsoft-Windows-Sysmon/Operational</Channel>
    <Computer>WinDev2309Eval</Computer>
    <Security UserID=""S-1-5-18""/>
  </System>
  <EventData>
    <Data Name=""RuleName"">DLL</Data>
    <Data Name=""UtcTime"">2023-12-21 11:46:10.626</Data>
    <Data Name=""ProcessGuid"">{f57bd86a-2582-6584-8309-000000000d00}</Data>
    <Data Name=""ProcessId"">9764</Data>
    <Data Name=""Image"">C:\Windows\Microsoft.NET\Framework64\v4.0.30319\mscorsvw.exe</Data>
    <Data Name=""TargetFilename"">C:\Windows\assembly\NativeImages_v4.0.30319_64\Temp\2624-0\Microsoft.VisualStudio.Interactive.Setup.dll</Data>
    <Data Name=""CreationUtcTime"">2023-12-21 11:46:10.626</Data>
    <Data Name=""User"">NT AUTHORITY\SYSTEM</Data>
  </EventData>
</Event>
"
Microsoft-Windows-Sysmon/Operational,,,WinDev2309Eval,46:10.1,,,,,,,,,11,6674,,,,C:\Windows\Microsoft.NET\Framework64\v4.0.30319\mscorsvw.exe,,,0x8000000000000000,4,,,,,0,,,,,,,{f57bd86a-2581-6584-8109-000000000d00},3400,12844.0,,,,,,DLL,,,,,,,,,,,,,2023-12-21T11:46:10.0909417Z,C:\Windows\assembly\NativeImages_v4.0.30319_64\Temp\322c-0\Microsoft.VisualStudio.Interactive.Editor.dll,,,,,,11,,4208,NT AUTHORITY\SYSTEM,S-1-5-18,46:10.1,2.0,"<Event xmlns=""http://schemas.microsoft.com/win/2004/08/events/event"">
  <System>
    <Provider Name=""Microsoft-Windows-Sysmon"" Guid=""{5770385f-c22a-43e0-bf4c-06f5698ffbd9}""/>
    <EventID>11</EventID>
    <Version>2</Version>
    <Level>4</Level>
    <Task>11</Task>
    <Opcode>0</Opcode>
    <Keywords>0x8000000000000000</Keywords>
    <TimeCreated SystemTime=""2023-12-21T11:46:10.0909417Z""/>
    <EventRecordID>6674</EventRecordID>
    <Correlation/>
    <Execution ProcessID=""3400"" ThreadID=""4208""/>
    <Channel>Microsoft-Windows-Sysmon/Operational</Channel>
    <Computer>WinDev2309Eval</Computer>
    <Security UserID=""S-1-5-18""/>
  </System>
  <EventData>
    <Data Name=""RuleName"">DLL</Data>
    <Data Name=""UtcTime"">2023-12-21 11:46:10.078</Data>
    <Data Name=""ProcessGuid"">{f57bd86a-2581-6584-8109-000000000d00}</Data>
    <Data Name=""ProcessId"">12844</Data>
    <Data Name=""Image"">C:\Windows\Microsoft.NET\Framework64\v4.0.30319\mscorsvw.exe</Data>
    <Data Name=""TargetFilename"">C:\Windows\assembly\NativeImages_v4.0.30319_64\Temp\322c-0\Microsoft.VisualStudio.Interactive.Editor.dll</Data>
    <Data Name=""CreationUtcTime"">2023-12-21 11:46:10.078</Data>
    <Data Name=""User"">NT AUTHORITY\SYSTEM</Data>
  </EventData>
</Event>
"
