Channel,CommandLine,Company,Computer,CreationUtcTime,CurrentDirectory,Description,DestinationHostname,DestinationIp,DestinationIsIpv6,DestinationPort,DestinationPortName,Details,EventID,EventRecordID,EventType,FileVersion,Hashes,Image,Initiated,IntegrityLevel,Keywords,Level,LogonGuid,LogonId,Message,NewThreadId,Opcode,OriginalFileName,ParentCommandLine,ParentImage,ParentProcessGuid,ParentProcessId,ParentUser,ProcessGuid,ProcessID,ProcessId,Product,Protocol,QueryName,QueryResults,QueryStatus,RuleName,SourceHostname,SourceImage,SourceIp,SourceIsIpv6,SourcePort,SourcePortName,SourceProcessGuid,SourceProcessId,SourceUser,StartAddress,StartFunction,StartModule,SystemTime,TargetFilename,TargetImage,TargetObject,TargetProcessGuid,TargetProcessId,TargetUser,Task,TerminalSessionId,ThreadID,User,UserID,UtcTime,Version,raw
Microsoft-Windows-Sysmon/Operational,C:\Windows\System32\svchost.exe -k netsvcs -p -s NetSetupSvc,Microsoft Corporation,WinDev2309Eval,,C:\Windows\system32\,Host Process for Windows Services,,,,,,,1,5573,,10.0.22621.1 (WinBuild.160101.0800),"MD5=8EC922C7A58A8701AB481B7BE9644536,SHA256=949BFB5B4C7D58D92F3F9C5F8EC7CA4CEAFFD10EC5F0020F0A987C472D61C54B,IMPHASH=76B4BAE80D2C3B08BB062D97BF9CA791",C:\Windows\System32\svchost.exe,,System,0x8000000000000000,4,{f57bd86a-1cf1-6582-e703-000000000000},0x3e7,,,0,svchost.exe,C:\Windows\system32\services.exe,C:\Windows\System32\services.exe,{f57bd86a-1cf1-6582-0b00-000000000d00},760.0,NT AUTHORITY\SYSTEM,{f57bd86a-be21-6582-7503-000000000d00},3400,5184.0,Microsoft® Windows® Operating System,,,,,-,,,,,,,,,,,,,2023-12-20T10:12:49.2419998Z,,,,,,,1,0.0,4208,NT AUTHORITY\SYSTEM,S-1-5-18,12:49.2,5.0,"<Event xmlns=""http://schemas.microsoft.com/win/2004/08/events/event"">
  <System>
    <Provider Name=""Microsoft-Windows-Sysmon"" Guid=""{5770385f-c22a-43e0-bf4c-06f5698ffbd9}""/>
    <EventID>1</EventID>
    <Version>5</Version>
    <Level>4</Level>
    <Task>1</Task>
    <Opcode>0</Opcode>
    <Keywords>0x8000000000000000</Keywords>
    <TimeCreated SystemTime=""2023-12-20T10:12:49.2419998Z""/>
    <EventRecordID>5573</EventRecordID>
    <Correlation/>
    <Execution ProcessID=""3400"" ThreadID=""4208""/>
    <Channel>Microsoft-Windows-Sysmon/Operational</Channel>
    <Computer>WinDev2309Eval</Computer>
    <Security UserID=""S-1-5-18""/>
  </System>
  <EventData>
    <Data Name=""RuleName"">-</Data>
    <Data Name=""UtcTime"">2023-12-20 10:12:49.238</Data>
    <Data Name=""ProcessGuid"">{f57bd86a-be21-6582-7503-000000000d00}</Data>
    <Data Name=""ProcessId"">5184</Data>
    <Data Name=""Image"">C:\Windows\System32\svchost.exe</Data>
    <Data Name=""FileVersion"">10.0.22621.1 (WinBuild.160101.0800)</Data>
    <Data Name=""Description"">Host Process for Windows Services</Data>
    <Data Name=""Product"">Microsoft&#174; Windows&#174; Operating System</Data>
    <Data Name=""Company"">Microsoft Corporation</Data>
    <Data Name=""OriginalFileName"">svchost.exe</Data>
    <Data Name=""CommandLine"">C:\Windows\System32\svchost.exe -k netsvcs -p -s NetSetupSvc</Data>
    <Data Name=""CurrentDirectory"">C:\Windows\system32\</Data>
    <Data Name=""User"">NT AUTHORITY\SYSTEM</Data>
    <Data Name=""LogonGuid"">{f57bd86a-1cf1-6582-e703-000000000000}</Data>
    <Data Name=""LogonId"">0x3e7</Data>
    <Data Name=""TerminalSessionId"">0</Data>
    <Data Name=""IntegrityLevel"">System</Data>
    <Data Name=""Hashes"">MD5=8EC922C7A58A8701AB481B7BE9644536,SHA256=949BFB5B4C7D58D92F3F9C5F8EC7CA4CEAFFD10EC5F0020F0A987C472D61C54B,IMPHASH=76B4BAE80D2C3B08BB062D97BF9CA791</Data>
    <Data Name=""ParentProcessGuid"">{f57bd86a-1cf1-6582-0b00-000000000d00}</Data>
    <Data Name=""ParentProcessId"">760</Data>
    <Data Name=""ParentImage"">C:\Windows\System32\services.exe</Data>
    <Data Name=""ParentCommandLine"">C:\Windows\system32\services.exe</Data>
    <Data Name=""ParentUser"">NT AUTHORITY\SYSTEM</Data>
  </EventData>
</Event>
"
Microsoft-Windows-Sysmon/Operational,,,WinDev2309Eval,,,,,,,,,,5,5572,,,,C:\Users\User\AppData\Local\Microsoft\OneDrive\OneDriveStandaloneUpdater.exe,,,0x8000000000000000,4,,,,,0,,,,,,,{f57bd86a-bd54-6582-6f03-000000000d00},3400,10920.0,,,,,,-,,,,,,,,,,,,,2023-12-20T10:12:35.6304155Z,,,,,,,5,,4208,WINDEV2309EVAL\User,S-1-5-18,12:35.6,3.0,"<Event xmlns=""http://schemas.microsoft.com/win/2004/08/events/event"">
  <System>
    <Provider Name=""Microsoft-Windows-Sysmon"" Guid=""{5770385f-c22a-43e0-bf4c-06f5698ffbd9}""/>
    <EventID>5</EventID>
    <Version>3</Version>
    <Level>4</Level>
    <Task>5</Task>
    <Opcode>0</Opcode>
    <Keywords>0x8000000000000000</Keywords>
    <TimeCreated SystemTime=""2023-12-20T10:12:35.6304155Z""/>
    <EventRecordID>5572</EventRecordID>
    <Correlation/>
    <Execution ProcessID=""3400"" ThreadID=""4208""/>
    <Channel>Microsoft-Windows-Sysmon/Operational</Channel>
    <Computer>WinDev2309Eval</Computer>
    <Security UserID=""S-1-5-18""/>
  </System>
  <EventData>
    <Data Name=""RuleName"">-</Data>
    <Data Name=""UtcTime"">2023-12-20 10:12:35.616</Data>
    <Data Name=""ProcessGuid"">{f57bd86a-bd54-6582-6f03-000000000d00}</Data>
    <Data Name=""ProcessId"">10920</Data>
    <Data Name=""Image"">C:\Users\User\AppData\Local\Microsoft\OneDrive\OneDriveStandaloneUpdater.exe</Data>
    <Data Name=""User"">WINDEV2309EVAL\User</Data>
  </EventData>
</Event>
"
Microsoft-Windows-Sysmon/Operational,"""C:\Program Files (x86)\Microsoft\EdgeUpdate\MicrosoftEdgeUpdate.exe"" /ua /installsource scheduler",Microsoft Corporation,WinDev2309Eval,,C:\Windows\system32\,Microsoft Edge Update,,,,,,,1,5571,,1.3.155.85,"MD5=A4FC8EC5BC41C41918B0C1541E4E4BE6,SHA256=54545F352215A9C0F370A01980AADCD5749A93589931662D89A974D7BD60F476,IMPHASH=E00D60405A249A05D3B09AA7FE924B17",C:\Program Files (x86)\Microsoft\EdgeUpdate\MicrosoftEdgeUpdate.exe,,System,0x8000000000000000,4,{f57bd86a-1cf1-6582-e703-000000000000},0x3e7,,,0,msedgeupdate.dll,C:\Windows\system32\svchost.exe -k netsvcs -p -s Schedule,C:\Windows\System32\svchost.exe,{f57bd86a-1cf3-6582-2a00-000000000d00},1940.0,NT AUTHORITY\SYSTEM,{f57bd86a-bdda-6582-7103-000000000d00},3400,10752.0,Microsoft Edge Update,,,,,-,,,,,,,,,,,,,2023-12-20T10:11:38.5225546Z,,,,,,,1,0.0,4208,NT AUTHORITY\SYSTEM,S-1-5-18,11:38.5,5.0,"<Event xmlns=""http://schemas.microsoft.com/win/2004/08/events/event"">
  <System>
    <Provider Name=""Microsoft-Windows-Sysmon"" Guid=""{5770385f-c22a-43e0-bf4c-06f5698ffbd9}""/>
    <EventID>1</EventID>
    <Version>5</Version>
    <Level>4</Level>
    <Task>1</Task>
    <Opcode>0</Opcode>
    <Keywords>0x8000000000000000</Keywords>
    <TimeCreated SystemTime=""2023-12-20T10:11:38.5225546Z""/>
    <EventRecordID>5571</EventRecordID>
    <Correlation/>
    <Execution ProcessID=""3400"" ThreadID=""4208""/>
    <Channel>Microsoft-Windows-Sysmon/Operational</Channel>
    <Computer>WinDev2309Eval</Computer>
    <Security UserID=""S-1-5-18""/>
  </System>
  <EventData>
    <Data Name=""RuleName"">-</Data>
    <Data Name=""UtcTime"">2023-12-20 10:11:38.518</Data>
    <Data Name=""ProcessGuid"">{f57bd86a-bdda-6582-7103-000000000d00}</Data>
    <Data Name=""ProcessId"">10752</Data>
    <Data Name=""Image"">C:\Program Files (x86)\Microsoft\EdgeUpdate\MicrosoftEdgeUpdate.exe</Data>
    <Data Name=""FileVersion"">1.3.155.85</Data>
    <Data Name=""Description"">Microsoft Edge Update</Data>
    <Data Name=""Product"">Microsoft Edge Update</Data>
    <Data Name=""Company"">Microsoft Corporation</Data>
    <Data Name=""OriginalFileName"">msedgeupdate.dll</Data>
    <Data Name=""CommandLine"">""C:\Program Files (x86)\Microsoft\EdgeUpdate\MicrosoftEdgeUpdate.exe"" /ua /installsource scheduler</Data>
    <Data Name=""CurrentDirectory"">C:\Windows\system32\</Data>
    <Data Name=""User"">NT AUTHORITY\SYSTEM</Data>
    <Data Name=""LogonGuid"">{f57bd86a-1cf1-6582-e703-000000000000}</Data>
    <Data Name=""LogonId"">0x3e7</Data>
    <Data Name=""TerminalSessionId"">0</Data>
    <Data Name=""IntegrityLevel"">System</Data>
    <Data Name=""Hashes"">MD5=A4FC8EC5BC41C41918B0C1541E4E4BE6,SHA256=54545F352215A9C0F370A01980AADCD5749A93589931662D89A974D7BD60F476,IMPHASH=E00D60405A249A05D3B09AA7FE924B17</Data>
    <Data Name=""ParentProcessGuid"">{f57bd86a-1cf3-6582-2a00-000000000d00}</Data>
    <Data Name=""ParentProcessId"">1940</Data>
    <Data Name=""ParentImage"">C:\Windows\System32\svchost.exe</Data>
    <Data Name=""ParentCommandLine"">C:\Windows\system32\svchost.exe -k netsvcs -p -s Schedule</Data>
    <Data Name=""ParentUser"">NT AUTHORITY\SYSTEM</Data>
  </EventData>
</Event>
"
Microsoft-Windows-Sysmon/Operational,,,WinDev2309Eval,,,,,,,,,,22,5570,,,,C:\Windows\System32\svchost.exe,,,0x8000000000000000,4,,,,,0,,,,,,,{f57bd86a-bd55-6582-7003-000000000d00},3400,11000.0,,,oneclient.sfx.ms,type: 5 oneclient.sfx.ms.edgekey.net;type: 5 e9659.dspg.akamaiedge.net;::ffff:23.37.1.84;,0.0,-,,,,,,,,,,,,,2023-12-20T10:11:27.1515324Z,,,,,,,22,,4220,NT AUTHORITY\SYSTEM,S-1-5-18,11:24.9,5.0,"<Event xmlns=""http://schemas.microsoft.com/win/2004/08/events/event"">
  <System>
    <Provider Name=""Microsoft-Windows-Sysmon"" Guid=""{5770385f-c22a-43e0-bf4c-06f5698ffbd9}""/>
    <EventID>22</EventID>
    <Version>5</Version>
    <Level>4</Level>
    <Task>22</Task>
    <Opcode>0</Opcode>
    <Keywords>0x8000000000000000</Keywords>
    <TimeCreated SystemTime=""2023-12-20T10:11:27.1515324Z""/>
    <EventRecordID>5570</EventRecordID>
    <Correlation/>
    <Execution ProcessID=""3400"" ThreadID=""4220""/>
    <Channel>Microsoft-Windows-Sysmon/Operational</Channel>
    <Computer>WinDev2309Eval</Computer>
    <Security UserID=""S-1-5-18""/>
  </System>
  <EventData>
    <Data Name=""RuleName"">-</Data>
    <Data Name=""UtcTime"">2023-12-20 10:11:24.884</Data>
    <Data Name=""ProcessGuid"">{f57bd86a-bd55-6582-7003-000000000d00}</Data>
    <Data Name=""ProcessId"">11000</Data>
    <Data Name=""QueryName"">oneclient.sfx.ms</Data>
    <Data Name=""QueryStatus"">0</Data>
    <Data Name=""QueryResults"">type: 5 oneclient.sfx.ms.edgekey.net;type: 5 e9659.dspg.akamaiedge.net;::ffff:23.37.1.84;</Data>
    <Data Name=""Image"">C:\Windows\System32\svchost.exe</Data>
    <Data Name=""User"">NT AUTHORITY\SYSTEM</Data>
  </EventData>
</Event>
"
Microsoft-Windows-Sysmon/Operational,,,WinDev2309Eval,,,,-,52.113.194.132,False,443.0,https,,3,5569,,,,C:\Users\User\AppData\Local\Microsoft\OneDrive\OneDriveStandaloneUpdater.exe,True,,0x8000000000000000,4,,,,,0,,,,,,,{f57bd86a-bd54-6582-6f03-000000000d00},3400,10920.0,,tcp,,,,Usermode,WinDev2309Eval.localdomain,,192.168.126.163,False,51757.0,-,,,,,,,2023-12-20T10:11:26.3318544Z,,,,,,,3,,4200,WINDEV2309EVAL\User,S-1-5-18,11:25.6,5.0,"<Event xmlns=""http://schemas.microsoft.com/win/2004/08/events/event"">
  <System>
    <Provider Name=""Microsoft-Windows-Sysmon"" Guid=""{5770385f-c22a-43e0-bf4c-06f5698ffbd9}""/>
    <EventID>3</EventID>
    <Version>5</Version>
    <Level>4</Level>
    <Task>3</Task>
    <Opcode>0</Opcode>
    <Keywords>0x8000000000000000</Keywords>
    <TimeCreated SystemTime=""2023-12-20T10:11:26.3318544Z""/>
    <EventRecordID>5569</EventRecordID>
    <Correlation/>
    <Execution ProcessID=""3400"" ThreadID=""4200""/>
    <Channel>Microsoft-Windows-Sysmon/Operational</Channel>
    <Computer>WinDev2309Eval</Computer>
    <Security UserID=""S-1-5-18""/>
  </System>
  <EventData>
    <Data Name=""RuleName"">Usermode</Data>
    <Data Name=""UtcTime"">2023-12-20 10:11:25.608</Data>
    <Data Name=""ProcessGuid"">{f57bd86a-bd54-6582-6f03-000000000d00}</Data>
    <Data Name=""ProcessId"">10920</Data>
    <Data Name=""Image"">C:\Users\User\AppData\Local\Microsoft\OneDrive\OneDriveStandaloneUpdater.exe</Data>
    <Data Name=""User"">WINDEV2309EVAL\User</Data>
    <Data Name=""Protocol"">tcp</Data>
    <Data Name=""Initiated"">true</Data>
    <Data Name=""SourceIsIpv6"">false</Data>
    <Data Name=""SourceIp"">192.168.126.163</Data>
    <Data Name=""SourceHostname"">WinDev2309Eval.localdomain</Data>
    <Data Name=""SourcePort"">51757</Data>
    <Data Name=""SourcePortName"">-</Data>
    <Data Name=""DestinationIsIpv6"">false</Data>
    <Data Name=""DestinationIp"">52.113.194.132</Data>
    <Data Name=""DestinationHostname"">-</Data>
    <Data Name=""DestinationPort"">443</Data>
    <Data Name=""DestinationPortName"">https</Data>
  </EventData>
</Event>
"
Microsoft-Windows-Sysmon/Operational,,,WinDev2309Eval,,,,,,,,,,22,5568,,,,C:\Program Files\WindowsApps\PLRWorldwideSales.FishdomPlayrix_7.7.3.0_x64__1feq88045d2v2\Fishdom.exe,,,0x8000000000000000,4,,,,,0,,,,,,,{f57bd86a-bd3b-6582-6603-000000000d00},3400,6444.0,,,impression.appsflyer.com,::ffff:3.160.196.51;::ffff:3.160.196.105;::ffff:3.160.196.75;::ffff:3.160.196.9;,0.0,-,,,,,,,,,,,,,2023-12-20T10:11:20.1954798Z,,,,,,,22,,4220,WINDEV2309EVAL\User,S-1-5-18,11:18.6,5.0,"<Event xmlns=""http://schemas.microsoft.com/win/2004/08/events/event"">
  <System>
    <Provider Name=""Microsoft-Windows-Sysmon"" Guid=""{5770385f-c22a-43e0-bf4c-06f5698ffbd9}""/>
    <EventID>22</EventID>
    <Version>5</Version>
    <Level>4</Level>
    <Task>22</Task>
    <Opcode>0</Opcode>
    <Keywords>0x8000000000000000</Keywords>
    <TimeCreated SystemTime=""2023-12-20T10:11:20.1954798Z""/>
    <EventRecordID>5568</EventRecordID>
    <Correlation/>
    <Execution ProcessID=""3400"" ThreadID=""4220""/>
    <Channel>Microsoft-Windows-Sysmon/Operational</Channel>
    <Computer>WinDev2309Eval</Computer>
    <Security UserID=""S-1-5-18""/>
  </System>
  <EventData>
    <Data Name=""RuleName"">-</Data>
    <Data Name=""UtcTime"">2023-12-20 10:11:18.571</Data>
    <Data Name=""ProcessGuid"">{f57bd86a-bd3b-6582-6603-000000000d00}</Data>
    <Data Name=""ProcessId"">6444</Data>
    <Data Name=""QueryName"">impression.appsflyer.com</Data>
    <Data Name=""QueryStatus"">0</Data>
    <Data Name=""QueryResults"">::ffff:3.160.196.51;::ffff:3.160.196.105;::ffff:3.160.196.75;::ffff:3.160.196.9;</Data>
    <Data Name=""Image"">C:\Program Files\WindowsApps\PLRWorldwideSales.FishdomPlayrix_7.7.3.0_x64__1feq88045d2v2\Fishdom.exe</Data>
    <Data Name=""User"">WINDEV2309EVAL\User</Data>
  </EventData>
</Event>
"
Microsoft-Windows-Sysmon/Operational,"""C:\Users\User\AppData\Local\Microsoft\OneDrive\OneDriveStandaloneUpdater.exe"" /reporting",Microsoft Corporation,WinDev2309Eval,,C:\Windows\system32\,Standalone Updater,,,,,,,1,5567,,23.246.1127.0002,"MD5=F92469567CB73C2131CD37607C7DA592,SHA256=5CE8B71FAD1EF9896FAFBA8C809D482570D3554F5836AE2E9CF50649B4CEF8E2,IMPHASH=BA5F5A4D956B24C6AA1C2C23D5ACF0A9",C:\Users\User\AppData\Local\Microsoft\OneDrive\OneDriveStandaloneUpdater.exe,,Medium,0x8000000000000000,4,{f57bd86a-1d4d-6582-671c-160000000000},0x161c67,,,0,OneDriveStandaloneUpdater.exe,C:\Windows\system32\svchost.exe -k netsvcs -p -s Schedule,C:\Windows\System32\svchost.exe,{f57bd86a-1cf3-6582-2a00-000000000d00},1940.0,NT AUTHORITY\SYSTEM,{f57bd86a-bd54-6582-6f03-000000000d00},3400,10920.0,Microsoft OneDrive,,,,,-,,,,,,,,,,,,,2023-12-20T10:09:24.2078256Z,,,,,,,1,1.0,4208,WINDEV2309EVAL\User,S-1-5-18,09:24.1,5.0,"<Event xmlns=""http://schemas.microsoft.com/win/2004/08/events/event"">
  <System>
    <Provider Name=""Microsoft-Windows-Sysmon"" Guid=""{5770385f-c22a-43e0-bf4c-06f5698ffbd9}""/>
    <EventID>1</EventID>
    <Version>5</Version>
    <Level>4</Level>
    <Task>1</Task>
    <Opcode>0</Opcode>
    <Keywords>0x8000000000000000</Keywords>
    <TimeCreated SystemTime=""2023-12-20T10:09:24.2078256Z""/>
    <EventRecordID>5567</EventRecordID>
    <Correlation/>
    <Execution ProcessID=""3400"" ThreadID=""4208""/>
    <Channel>Microsoft-Windows-Sysmon/Operational</Channel>
    <Computer>WinDev2309Eval</Computer>
    <Security UserID=""S-1-5-18""/>
  </System>
  <EventData>
    <Data Name=""RuleName"">-</Data>
    <Data Name=""UtcTime"">2023-12-20 10:09:24.129</Data>
    <Data Name=""ProcessGuid"">{f57bd86a-bd54-6582-6f03-000000000d00}</Data>
    <Data Name=""ProcessId"">10920</Data>
    <Data Name=""Image"">C:\Users\User\AppData\Local\Microsoft\OneDrive\OneDriveStandaloneUpdater.exe</Data>
    <Data Name=""FileVersion"">23.246.1127.0002</Data>
    <Data Name=""Description"">Standalone Updater</Data>
    <Data Name=""Product"">Microsoft OneDrive</Data>
    <Data Name=""Company"">Microsoft Corporation</Data>
    <Data Name=""OriginalFileName"">OneDriveStandaloneUpdater.exe</Data>
    <Data Name=""CommandLine"">""C:\Users\User\AppData\Local\Microsoft\OneDrive\OneDriveStandaloneUpdater.exe"" /reporting</Data>
    <Data Name=""CurrentDirectory"">C:\Windows\system32\</Data>
    <Data Name=""User"">WINDEV2309EVAL\User</Data>
    <Data Name=""LogonGuid"">{f57bd86a-1d4d-6582-671c-160000000000}</Data>
    <Data Name=""LogonId"">0x161c67</Data>
    <Data Name=""TerminalSessionId"">1</Data>
    <Data Name=""IntegrityLevel"">Medium</Data>
    <Data Name=""Hashes"">MD5=F92469567CB73C2131CD37607C7DA592,SHA256=5CE8B71FAD1EF9896FAFBA8C809D482570D3554F5836AE2E9CF50649B4CEF8E2,IMPHASH=BA5F5A4D956B24C6AA1C2C23D5ACF0A9</Data>
    <Data Name=""ParentProcessGuid"">{f57bd86a-1cf3-6582-2a00-000000000d00}</Data>
    <Data Name=""ParentProcessId"">1940</Data>
    <Data Name=""ParentImage"">C:\Windows\System32\svchost.exe</Data>
    <Data Name=""ParentCommandLine"">C:\Windows\system32\svchost.exe -k netsvcs -p -s Schedule</Data>
    <Data Name=""ParentUser"">NT AUTHORITY\SYSTEM</Data>
  </EventData>
</Event>
"
Microsoft-Windows-Sysmon/Operational,,,WinDev2309Eval,,,,,,,,,,22,5566,,,,C:\Program Files\WindowsApps\PLRWorldwideSales.FishdomPlayrix_7.7.3.0_x64__1feq88045d2v2\Fishdom.exe,,,0x8000000000000000,4,,,,,0,,,,,,,{f57bd86a-bd3b-6582-6603-000000000d00},3400,6444.0,,,31833.content.swrve.com,::ffff:54.230.112.110;::ffff:54.230.112.17;::ffff:54.230.112.100;::ffff:54.230.112.20;,0.0,-,,,,,,,,,,,,,2023-12-20T10:09:10.6714004Z,,,,,,,22,,4220,WINDEV2309EVAL\User,S-1-5-18,09:09.4,5.0,"<Event xmlns=""http://schemas.microsoft.com/win/2004/08/events/event"">
  <System>
    <Provider Name=""Microsoft-Windows-Sysmon"" Guid=""{5770385f-c22a-43e0-bf4c-06f5698ffbd9}""/>
    <EventID>22</EventID>
    <Version>5</Version>
    <Level>4</Level>
    <Task>22</Task>
    <Opcode>0</Opcode>
    <Keywords>0x8000000000000000</Keywords>
    <TimeCreated SystemTime=""2023-12-20T10:09:10.6714004Z""/>
    <EventRecordID>5566</EventRecordID>
    <Correlation/>
    <Execution ProcessID=""3400"" ThreadID=""4220""/>
    <Channel>Microsoft-Windows-Sysmon/Operational</Channel>
    <Computer>WinDev2309Eval</Computer>
    <Security UserID=""S-1-5-18""/>
  </System>
  <EventData>
    <Data Name=""RuleName"">-</Data>
    <Data Name=""UtcTime"">2023-12-20 10:09:09.405</Data>
    <Data Name=""ProcessGuid"">{f57bd86a-bd3b-6582-6603-000000000d00}</Data>
    <Data Name=""ProcessId"">6444</Data>
    <Data Name=""QueryName"">31833.content.swrve.com</Data>
    <Data Name=""QueryStatus"">0</Data>
    <Data Name=""QueryResults"">::ffff:54.230.112.110;::ffff:54.230.112.17;::ffff:54.230.112.100;::ffff:54.230.112.20;</Data>
    <Data Name=""Image"">C:\Program Files\WindowsApps\PLRWorldwideSales.FishdomPlayrix_7.7.3.0_x64__1feq88045d2v2\Fishdom.exe</Data>
    <Data Name=""User"">WINDEV2309EVAL\User</Data>
  </EventData>
</Event>
"
Microsoft-Windows-Sysmon/Operational,,,WinDev2309Eval,,,,,,,,,,22,5565,,,,C:\Program Files\WindowsApps\PLRWorldwideSales.FishdomPlayrix_7.7.3.0_x64__1feq88045d2v2\Fishdom.exe,,,0x8000000000000000,4,,,,,0,,,,,,,{f57bd86a-bd3b-6582-6603-000000000d00},3400,6444.0,,,o.ss2.us,::ffff:18.161.94.163;::ffff:18.161.94.32;::ffff:18.161.94.197;::ffff:18.161.94.147;,0.0,-,,,,,,,,,,,,,2023-12-20T10:09:08.6406100Z,,,,,,,22,,4220,WINDEV2309EVAL\User,S-1-5-18,09:08.4,5.0,"<Event xmlns=""http://schemas.microsoft.com/win/2004/08/events/event"">
  <System>
    <Provider Name=""Microsoft-Windows-Sysmon"" Guid=""{5770385f-c22a-43e0-bf4c-06f5698ffbd9}""/>
    <EventID>22</EventID>
    <Version>5</Version>
    <Level>4</Level>
    <Task>22</Task>
    <Opcode>0</Opcode>
    <Keywords>0x8000000000000000</Keywords>
    <TimeCreated SystemTime=""2023-12-20T10:09:08.6406100Z""/>
    <EventRecordID>5565</EventRecordID>
    <Correlation/>
    <Execution ProcessID=""3400"" ThreadID=""4220""/>
    <Channel>Microsoft-Windows-Sysmon/Operational</Channel>
    <Computer>WinDev2309Eval</Computer>
    <Security UserID=""S-1-5-18""/>
  </System>
  <EventData>
    <Data Name=""RuleName"">-</Data>
    <Data Name=""UtcTime"">2023-12-20 10:09:08.404</Data>
    <Data Name=""ProcessGuid"">{f57bd86a-bd3b-6582-6603-000000000d00}</Data>
    <Data Name=""ProcessId"">6444</Data>
    <Data Name=""QueryName"">o.ss2.us</Data>
    <Data Name=""QueryStatus"">0</Data>
    <Data Name=""QueryResults"">::ffff:18.161.94.163;::ffff:18.161.94.32;::ffff:18.161.94.197;::ffff:18.161.94.147;</Data>
    <Data Name=""Image"">C:\Program Files\WindowsApps\PLRWorldwideSales.FishdomPlayrix_7.7.3.0_x64__1feq88045d2v2\Fishdom.exe</Data>
    <Data Name=""User"">WINDEV2309EVAL\User</Data>
  </EventData>
</Event>
"
Microsoft-Windows-Sysmon/Operational,,,WinDev2309Eval,,,,,,,,,,22,5564,,,,C:\Program Files\WindowsApps\PLRWorldwideSales.FishdomPlayrix_7.7.3.0_x64__1feq88045d2v2\Fishdom.exe,,,0x8000000000000000,4,,,,,0,,,,,,,{f57bd86a-bd3b-6582-6603-000000000d00},3400,6444.0,,,t.appsflyer.com,type: 5 conversions.appsflyer.com;::ffff:216.137.52.88;::ffff:216.137.52.29;::ffff:216.137.52.87;::ffff:216.137.52.33;,0.0,-,,,,,,,,,,,,,2023-12-20T10:09:08.6405690Z,,,,,,,22,,4220,WINDEV2309EVAL\User,S-1-5-18,09:08.1,5.0,"<Event xmlns=""http://schemas.microsoft.com/win/2004/08/events/event"">
  <System>
    <Provider Name=""Microsoft-Windows-Sysmon"" Guid=""{5770385f-c22a-43e0-bf4c-06f5698ffbd9}""/>
    <EventID>22</EventID>
    <Version>5</Version>
    <Level>4</Level>
    <Task>22</Task>
    <Opcode>0</Opcode>
    <Keywords>0x8000000000000000</Keywords>
    <TimeCreated SystemTime=""2023-12-20T10:09:08.6405690Z""/>
    <EventRecordID>5564</EventRecordID>
    <Correlation/>
    <Execution ProcessID=""3400"" ThreadID=""4220""/>
    <Channel>Microsoft-Windows-Sysmon/Operational</Channel>
    <Computer>WinDev2309Eval</Computer>
    <Security UserID=""S-1-5-18""/>
  </System>
  <EventData>
    <Data Name=""RuleName"">-</Data>
    <Data Name=""UtcTime"">2023-12-20 10:09:08.128</Data>
    <Data Name=""ProcessGuid"">{f57bd86a-bd3b-6582-6603-000000000d00}</Data>
    <Data Name=""ProcessId"">6444</Data>
    <Data Name=""QueryName"">t.appsflyer.com</Data>
    <Data Name=""QueryStatus"">0</Data>
    <Data Name=""QueryResults"">type: 5 conversions.appsflyer.com;::ffff:216.137.52.88;::ffff:216.137.52.29;::ffff:216.137.52.87;::ffff:216.137.52.33;</Data>
    <Data Name=""Image"">C:\Program Files\WindowsApps\PLRWorldwideSales.FishdomPlayrix_7.7.3.0_x64__1feq88045d2v2\Fishdom.exe</Data>
    <Data Name=""User"">WINDEV2309EVAL\User</Data>
  </EventData>
</Event>
"
Microsoft-Windows-Sysmon/Operational,,,WinDev2309Eval,,,,,,,,,,22,5563,,,,C:\Program Files\WindowsApps\PLRWorldwideSales.FishdomPlayrix_7.7.3.0_x64__1feq88045d2v2\Fishdom.exe,,,0x8000000000000000,4,,,,,0,,,,,,,{f57bd86a-bd3b-6582-6603-000000000d00},3400,6444.0,,,sdk.appsflyer.com,::ffff:52.84.45.54;::ffff:52.84.45.66;::ffff:52.84.45.21;::ffff:52.84.45.56;,0.0,-,,,,,,,,,,,,,2023-12-20T10:09:08.6405148Z,,,,,,,22,,4220,WINDEV2309EVAL\User,S-1-5-18,09:08.1,5.0,"<Event xmlns=""http://schemas.microsoft.com/win/2004/08/events/event"">
  <System>
    <Provider Name=""Microsoft-Windows-Sysmon"" Guid=""{5770385f-c22a-43e0-bf4c-06f5698ffbd9}""/>
    <EventID>22</EventID>
    <Version>5</Version>
    <Level>4</Level>
    <Task>22</Task>
    <Opcode>0</Opcode>
    <Keywords>0x8000000000000000</Keywords>
    <TimeCreated SystemTime=""2023-12-20T10:09:08.6405148Z""/>
    <EventRecordID>5563</EventRecordID>
    <Correlation/>
    <Execution ProcessID=""3400"" ThreadID=""4220""/>
    <Channel>Microsoft-Windows-Sysmon/Operational</Channel>
    <Computer>WinDev2309Eval</Computer>
    <Security UserID=""S-1-5-18""/>
  </System>
  <EventData>
    <Data Name=""RuleName"">-</Data>
    <Data Name=""UtcTime"">2023-12-20 10:09:08.066</Data>
    <Data Name=""ProcessGuid"">{f57bd86a-bd3b-6582-6603-000000000d00}</Data>
    <Data Name=""ProcessId"">6444</Data>
    <Data Name=""QueryName"">sdk.appsflyer.com</Data>
    <Data Name=""QueryStatus"">0</Data>
    <Data Name=""QueryResults"">::ffff:52.84.45.54;::ffff:52.84.45.66;::ffff:52.84.45.21;::ffff:52.84.45.56;</Data>
    <Data Name=""Image"">C:\Program Files\WindowsApps\PLRWorldwideSales.FishdomPlayrix_7.7.3.0_x64__1feq88045d2v2\Fishdom.exe</Data>
    <Data Name=""User"">WINDEV2309EVAL\User</Data>
  </EventData>
</Event>
"
Microsoft-Windows-Sysmon/Operational,,,WinDev2309Eval,,,,,,,,,,22,5562,,,,C:\Program Files\WindowsApps\PLRWorldwideSales.FishdomPlayrix_7.7.3.0_x64__1feq88045d2v2\Fishdom.exe,,,0x8000000000000000,4,,,,,0,,,,,,,{f57bd86a-bd3b-6582-6603-000000000d00},3400,6444.0,,,31833.api.swrve.com,::ffff:216.137.52.85;::ffff:216.137.52.37;::ffff:216.137.52.66;::ffff:216.137.52.121;,0.0,-,,,,,,,,,,,,,2023-12-20T10:09:08.6404924Z,,,,,,,22,,4220,WINDEV2309EVAL\User,S-1-5-18,09:08.0,5.0,"<Event xmlns=""http://schemas.microsoft.com/win/2004/08/events/event"">
  <System>
    <Provider Name=""Microsoft-Windows-Sysmon"" Guid=""{5770385f-c22a-43e0-bf4c-06f5698ffbd9}""/>
    <EventID>22</EventID>
    <Version>5</Version>
    <Level>4</Level>
    <Task>22</Task>
    <Opcode>0</Opcode>
    <Keywords>0x8000000000000000</Keywords>
    <TimeCreated SystemTime=""2023-12-20T10:09:08.6404924Z""/>
    <EventRecordID>5562</EventRecordID>
    <Correlation/>
    <Execution ProcessID=""3400"" ThreadID=""4220""/>
    <Channel>Microsoft-Windows-Sysmon/Operational</Channel>
    <Computer>WinDev2309Eval</Computer>
    <Security UserID=""S-1-5-18""/>
  </System>
  <EventData>
    <Data Name=""RuleName"">-</Data>
    <Data Name=""UtcTime"">2023-12-20 10:09:08.046</Data>
    <Data Name=""ProcessGuid"">{f57bd86a-bd3b-6582-6603-000000000d00}</Data>
    <Data Name=""ProcessId"">6444</Data>
    <Data Name=""QueryName"">31833.api.swrve.com</Data>
    <Data Name=""QueryStatus"">0</Data>
    <Data Name=""QueryResults"">::ffff:216.137.52.85;::ffff:216.137.52.37;::ffff:216.137.52.66;::ffff:216.137.52.121;</Data>
    <Data Name=""Image"">C:\Program Files\WindowsApps\PLRWorldwideSales.FishdomPlayrix_7.7.3.0_x64__1feq88045d2v2\Fishdom.exe</Data>
    <Data Name=""User"">WINDEV2309EVAL\User</Data>
  </EventData>
</Event>
"
Microsoft-Windows-Sysmon/Operational,C:\Windows\System32\svchost.exe -k GraphicsPerfSvcGroup -s GraphicsPerfSvc,Microsoft Corporation,WinDev2309Eval,,C:\Windows\system32\,Host Process for Windows Services,,,,,,,1,5561,,10.0.22621.1 (WinBuild.160101.0800),"MD5=8EC922C7A58A8701AB481B7BE9644536,SHA256=949BFB5B4C7D58D92F3F9C5F8EC7CA4CEAFFD10EC5F0020F0A987C472D61C54B,IMPHASH=76B4BAE80D2C3B08BB062D97BF9CA791",C:\Windows\System32\svchost.exe,,System,0x8000000000000000,4,{f57bd86a-1cf1-6582-e703-000000000000},0x3e7,,,0,svchost.exe,C:\Windows\system32\services.exe,C:\Windows\System32\services.exe,{f57bd86a-1cf1-6582-0b00-000000000d00},760.0,NT AUTHORITY\SYSTEM,{f57bd86a-bd3f-6582-6e03-000000000d00},3400,10608.0,Microsoft® Windows® Operating System,,,,,-,,,,,,,,,,,,,2023-12-20T10:09:03.5640559Z,,,,,,,1,0.0,4208,NT AUTHORITY\SYSTEM,S-1-5-18,09:03.6,5.0,"<Event xmlns=""http://schemas.microsoft.com/win/2004/08/events/event"">
  <System>
    <Provider Name=""Microsoft-Windows-Sysmon"" Guid=""{5770385f-c22a-43e0-bf4c-06f5698ffbd9}""/>
    <EventID>1</EventID>
    <Version>5</Version>
    <Level>4</Level>
    <Task>1</Task>
    <Opcode>0</Opcode>
    <Keywords>0x8000000000000000</Keywords>
    <TimeCreated SystemTime=""2023-12-20T10:09:03.5640559Z""/>
    <EventRecordID>5561</EventRecordID>
    <Correlation/>
    <Execution ProcessID=""3400"" ThreadID=""4208""/>
    <Channel>Microsoft-Windows-Sysmon/Operational</Channel>
    <Computer>WinDev2309Eval</Computer>
    <Security UserID=""S-1-5-18""/>
  </System>
  <EventData>
    <Data Name=""RuleName"">-</Data>
    <Data Name=""UtcTime"">2023-12-20 10:09:03.557</Data>
    <Data Name=""ProcessGuid"">{f57bd86a-bd3f-6582-6e03-000000000d00}</Data>
    <Data Name=""ProcessId"">10608</Data>
    <Data Name=""Image"">C:\Windows\System32\svchost.exe</Data>
    <Data Name=""FileVersion"">10.0.22621.1 (WinBuild.160101.0800)</Data>
    <Data Name=""Description"">Host Process for Windows Services</Data>
    <Data Name=""Product"">Microsoft&#174; Windows&#174; Operating System</Data>
    <Data Name=""Company"">Microsoft Corporation</Data>
    <Data Name=""OriginalFileName"">svchost.exe</Data>
    <Data Name=""CommandLine"">C:\Windows\System32\svchost.exe -k GraphicsPerfSvcGroup -s GraphicsPerfSvc</Data>
    <Data Name=""CurrentDirectory"">C:\Windows\system32\</Data>
    <Data Name=""User"">NT AUTHORITY\SYSTEM</Data>
    <Data Name=""LogonGuid"">{f57bd86a-1cf1-6582-e703-000000000000}</Data>
    <Data Name=""LogonId"">0x3e7</Data>
    <Data Name=""TerminalSessionId"">0</Data>
    <Data Name=""IntegrityLevel"">System</Data>
    <Data Name=""Hashes"">MD5=8EC922C7A58A8701AB481B7BE9644536,SHA256=949BFB5B4C7D58D92F3F9C5F8EC7CA4CEAFFD10EC5F0020F0A987C472D61C54B,IMPHASH=76B4BAE80D2C3B08BB062D97BF9CA791</Data>
    <Data Name=""ParentProcessGuid"">{f57bd86a-1cf1-6582-0b00-000000000d00}</Data>
    <Data Name=""ParentProcessId"">760</Data>
    <Data Name=""ParentImage"">C:\Windows\System32\services.exe</Data>
    <Data Name=""ParentCommandLine"">C:\Windows\system32\services.exe</Data>
    <Data Name=""ParentUser"">NT AUTHORITY\SYSTEM</Data>
  </EventData>
</Event>
"
Microsoft-Windows-Sysmon/Operational,,,WinDev2309Eval,,,,,,,,,,22,5560,,,,C:\Program Files\WindowsApps\PLRWorldwideSales.FishdomPlayrix_7.7.3.0_x64__1feq88045d2v2\Fishdom.exe,,,0x8000000000000000,4,,,,,0,,,,,,,{f57bd86a-bd3b-6582-6603-000000000d00},3400,6444.0,,,cdn.playrix.com,type: 5 cdn.playrix.com.edgekey.net;type: 5 e11967.d.akamaiedge.net;::ffff:104.103.203.57;,0.0,-,,,,,,,,,,,,,2023-12-20T10:09:03.4158472Z,,,,,,,22,,4220,WINDEV2309EVAL\User,S-1-5-18,09:02.5,5.0,"<Event xmlns=""http://schemas.microsoft.com/win/2004/08/events/event"">
  <System>
    <Provider Name=""Microsoft-Windows-Sysmon"" Guid=""{5770385f-c22a-43e0-bf4c-06f5698ffbd9}""/>
    <EventID>22</EventID>
    <Version>5</Version>
    <Level>4</Level>
    <Task>22</Task>
    <Opcode>0</Opcode>
    <Keywords>0x8000000000000000</Keywords>
    <TimeCreated SystemTime=""2023-12-20T10:09:03.4158472Z""/>
    <EventRecordID>5560</EventRecordID>
    <Correlation/>
    <Execution ProcessID=""3400"" ThreadID=""4220""/>
    <Channel>Microsoft-Windows-Sysmon/Operational</Channel>
    <Computer>WinDev2309Eval</Computer>
    <Security UserID=""S-1-5-18""/>
  </System>
  <EventData>
    <Data Name=""RuleName"">-</Data>
    <Data Name=""UtcTime"">2023-12-20 10:09:02.498</Data>
    <Data Name=""ProcessGuid"">{f57bd86a-bd3b-6582-6603-000000000d00}</Data>
    <Data Name=""ProcessId"">6444</Data>
    <Data Name=""QueryName"">cdn.playrix.com</Data>
    <Data Name=""QueryStatus"">0</Data>
    <Data Name=""QueryResults"">type: 5 cdn.playrix.com.edgekey.net;type: 5 e11967.d.akamaiedge.net;::ffff:104.103.203.57;</Data>
    <Data Name=""Image"">C:\Program Files\WindowsApps\PLRWorldwideSales.FishdomPlayrix_7.7.3.0_x64__1feq88045d2v2\Fishdom.exe</Data>
    <Data Name=""User"">WINDEV2309EVAL\User</Data>
  </EventData>
</Event>
"
Microsoft-Windows-Sysmon/Operational,,,WinDev2309Eval,,,,,,,,,,22,5559,,,,C:\Program Files\WindowsApps\PLRWorldwideSales.FishdomPlayrix_7.7.3.0_x64__1feq88045d2v2\Fishdom.exe,,,0x8000000000000000,4,,,,,0,,,,,,,{f57bd86a-bd3b-6582-6603-000000000d00},3400,6444.0,,,404.playrix.com,type: 5 404.playrix.com.edgekey.net;type: 5 e11967.d.akamaiedge.net;::ffff:104.103.203.57;,0.0,-,,,,,,,,,,,,,2023-12-20T10:09:02.4077619Z,,,,,,,22,,4220,WINDEV2309EVAL\User,S-1-5-18,09:02.2,5.0,"<Event xmlns=""http://schemas.microsoft.com/win/2004/08/events/event"">
  <System>
    <Provider Name=""Microsoft-Windows-Sysmon"" Guid=""{5770385f-c22a-43e0-bf4c-06f5698ffbd9}""/>
    <EventID>22</EventID>
    <Version>5</Version>
    <Level>4</Level>
    <Task>22</Task>
    <Opcode>0</Opcode>
    <Keywords>0x8000000000000000</Keywords>
    <TimeCreated SystemTime=""2023-12-20T10:09:02.4077619Z""/>
    <EventRecordID>5559</EventRecordID>
    <Correlation/>
    <Execution ProcessID=""3400"" ThreadID=""4220""/>
    <Channel>Microsoft-Windows-Sysmon/Operational</Channel>
    <Computer>WinDev2309Eval</Computer>
    <Security UserID=""S-1-5-18""/>
  </System>
  <EventData>
    <Data Name=""RuleName"">-</Data>
    <Data Name=""UtcTime"">2023-12-20 10:09:02.202</Data>
    <Data Name=""ProcessGuid"">{f57bd86a-bd3b-6582-6603-000000000d00}</Data>
    <Data Name=""ProcessId"">6444</Data>
    <Data Name=""QueryName"">404.playrix.com</Data>
    <Data Name=""QueryStatus"">0</Data>
    <Data Name=""QueryResults"">type: 5 404.playrix.com.edgekey.net;type: 5 e11967.d.akamaiedge.net;::ffff:104.103.203.57;</Data>
    <Data Name=""Image"">C:\Program Files\WindowsApps\PLRWorldwideSales.FishdomPlayrix_7.7.3.0_x64__1feq88045d2v2\Fishdom.exe</Data>
    <Data Name=""User"">WINDEV2309EVAL\User</Data>
  </EventData>
</Event>
"
Microsoft-Windows-Sysmon/Operational,,,WinDev2309Eval,,,,,,,,,,22,5558,,,,C:\Program Files\WindowsApps\PLRWorldwideSales.FishdomPlayrix_7.7.3.0_x64__1feq88045d2v2\Fishdom.exe,,,0x8000000000000000,4,,,,,0,,,,,,,{f57bd86a-bd3b-6582-6603-000000000d00},3400,6444.0,,,stats.playrix.com,::ffff:44.198.113.84;::ffff:52.203.208.193;::ffff:107.23.178.34;::ffff:54.88.149.249;::ffff:3.216.184.174;::ffff:3.85.151.160;,0.0,-,,,,,,,,,,,,,2023-12-20T10:09:02.4077447Z,,,,,,,22,,4220,WINDEV2309EVAL\User,S-1-5-18,09:02.2,5.0,"<Event xmlns=""http://schemas.microsoft.com/win/2004/08/events/event"">
  <System>
    <Provider Name=""Microsoft-Windows-Sysmon"" Guid=""{5770385f-c22a-43e0-bf4c-06f5698ffbd9}""/>
    <EventID>22</EventID>
    <Version>5</Version>
    <Level>4</Level>
    <Task>22</Task>
    <Opcode>0</Opcode>
    <Keywords>0x8000000000000000</Keywords>
    <TimeCreated SystemTime=""2023-12-20T10:09:02.4077447Z""/>
    <EventRecordID>5558</EventRecordID>
    <Correlation/>
    <Execution ProcessID=""3400"" ThreadID=""4220""/>
    <Channel>Microsoft-Windows-Sysmon/Operational</Channel>
    <Computer>WinDev2309Eval</Computer>
    <Security UserID=""S-1-5-18""/>
  </System>
  <EventData>
    <Data Name=""RuleName"">-</Data>
    <Data Name=""UtcTime"">2023-12-20 10:09:02.174</Data>
    <Data Name=""ProcessGuid"">{f57bd86a-bd3b-6582-6603-000000000d00}</Data>
    <Data Name=""ProcessId"">6444</Data>
    <Data Name=""QueryName"">stats.playrix.com</Data>
    <Data Name=""QueryStatus"">0</Data>
    <Data Name=""QueryResults"">::ffff:44.198.113.84;::ffff:52.203.208.193;::ffff:107.23.178.34;::ffff:54.88.149.249;::ffff:3.216.184.174;::ffff:3.85.151.160;</Data>
    <Data Name=""Image"">C:\Program Files\WindowsApps\PLRWorldwideSales.FishdomPlayrix_7.7.3.0_x64__1feq88045d2v2\Fishdom.exe</Data>
    <Data Name=""User"">WINDEV2309EVAL\User</Data>
  </EventData>
</Event>
"
Microsoft-Windows-Sysmon/Operational,,,WinDev2309Eval,,,,,,,,,,22,5557,,,,C:\Program Files\WindowsApps\PLRWorldwideSales.FishdomPlayrix_7.7.3.0_x64__1feq88045d2v2\Fishdom.exe,,,0x8000000000000000,4,,,,,0,,,,,,,{f57bd86a-bd3b-6582-6603-000000000d00},3400,6444.0,,,fishdom.playrix.com,::ffff:52.71.9.168;::ffff:52.205.28.246;::ffff:54.145.214.78;::ffff:52.22.206.228;::ffff:54.175.155.127;::ffff:52.72.183.151;::ffff:54.145.46.177;::ffff:54.166.228.2;,0.0,-,,,,,,,,,,,,,2023-12-20T10:09:02.4075962Z,,,,,,,22,,4220,WINDEV2309EVAL\User,S-1-5-18,09:01.2,5.0,"<Event xmlns=""http://schemas.microsoft.com/win/2004/08/events/event"">
  <System>
    <Provider Name=""Microsoft-Windows-Sysmon"" Guid=""{5770385f-c22a-43e0-bf4c-06f5698ffbd9}""/>
    <EventID>22</EventID>
    <Version>5</Version>
    <Level>4</Level>
    <Task>22</Task>
    <Opcode>0</Opcode>
    <Keywords>0x8000000000000000</Keywords>
    <TimeCreated SystemTime=""2023-12-20T10:09:02.4075962Z""/>
    <EventRecordID>5557</EventRecordID>
    <Correlation/>
    <Execution ProcessID=""3400"" ThreadID=""4220""/>
    <Channel>Microsoft-Windows-Sysmon/Operational</Channel>
    <Computer>WinDev2309Eval</Computer>
    <Security UserID=""S-1-5-18""/>
  </System>
  <EventData>
    <Data Name=""RuleName"">-</Data>
    <Data Name=""UtcTime"">2023-12-20 10:09:01.243</Data>
    <Data Name=""ProcessGuid"">{f57bd86a-bd3b-6582-6603-000000000d00}</Data>
    <Data Name=""ProcessId"">6444</Data>
    <Data Name=""QueryName"">fishdom.playrix.com</Data>
    <Data Name=""QueryStatus"">0</Data>
    <Data Name=""QueryResults"">::ffff:52.71.9.168;::ffff:52.205.28.246;::ffff:54.145.214.78;::ffff:52.22.206.228;::ffff:54.175.155.127;::ffff:52.72.183.151;::ffff:54.145.46.177;::ffff:54.166.228.2;</Data>
    <Data Name=""Image"">C:\Program Files\WindowsApps\PLRWorldwideSales.FishdomPlayrix_7.7.3.0_x64__1feq88045d2v2\Fishdom.exe</Data>
    <Data Name=""User"">WINDEV2309EVAL\User</Data>
  </EventData>
</Event>
"
Microsoft-Windows-Sysmon/Operational,,,WinDev2309Eval,,,,,,,,,,22,5556,,,,C:\Program Files\WindowsApps\PLRWorldwideSales.FishdomPlayrix_7.7.3.0_x64__1feq88045d2v2\Fishdom.exe,,,0x8000000000000000,4,,,,,0,,,,,,,{f57bd86a-bd3b-6582-6603-000000000d00},3400,6444.0,,,uinfo6.playrix.com,-,9501.0,-,,,,,,,,,,,,,2023-12-20T10:09:01.3903849Z,,,,,,,22,,4220,WINDEV2309EVAL\User,S-1-5-18,09:01.2,5.0,"<Event xmlns=""http://schemas.microsoft.com/win/2004/08/events/event"">
  <System>
    <Provider Name=""Microsoft-Windows-Sysmon"" Guid=""{5770385f-c22a-43e0-bf4c-06f5698ffbd9}""/>
    <EventID>22</EventID>
    <Version>5</Version>
    <Level>4</Level>
    <Task>22</Task>
    <Opcode>0</Opcode>
    <Keywords>0x8000000000000000</Keywords>
    <TimeCreated SystemTime=""2023-12-20T10:09:01.3903849Z""/>
    <EventRecordID>5556</EventRecordID>
    <Correlation/>
    <Execution ProcessID=""3400"" ThreadID=""4220""/>
    <Channel>Microsoft-Windows-Sysmon/Operational</Channel>
    <Computer>WinDev2309Eval</Computer>
    <Security UserID=""S-1-5-18""/>
  </System>
  <EventData>
    <Data Name=""RuleName"">-</Data>
    <Data Name=""UtcTime"">2023-12-20 10:09:01.232</Data>
    <Data Name=""ProcessGuid"">{f57bd86a-bd3b-6582-6603-000000000d00}</Data>
    <Data Name=""ProcessId"">6444</Data>
    <Data Name=""QueryName"">uinfo6.playrix.com</Data>
    <Data Name=""QueryStatus"">9501</Data>
    <Data Name=""QueryResults"">-</Data>
    <Data Name=""Image"">C:\Program Files\WindowsApps\PLRWorldwideSales.FishdomPlayrix_7.7.3.0_x64__1feq88045d2v2\Fishdom.exe</Data>
    <Data Name=""User"">WINDEV2309EVAL\User</Data>
  </EventData>
</Event>
"
Microsoft-Windows-Sysmon/Operational,,,WinDev2309Eval,,,,,,,,,,22,5555,,,,C:\Program Files\WindowsApps\PLRWorldwideSales.FishdomPlayrix_7.7.3.0_x64__1feq88045d2v2\Fishdom.exe,,,0x8000000000000000,4,,,,,0,,,,,,,{f57bd86a-bd3b-6582-6603-000000000d00},3400,6444.0,,,msgserver.fishdom.playrix.com,::ffff:34.203.9.248;::ffff:174.129.145.205;::ffff:54.87.248.95;,0.0,-,,,,,,,,,,,,,2023-12-20T10:09:01.3903459Z,,,,,,,22,,4220,WINDEV2309EVAL\User,S-1-5-18,09:01.1,5.0,"<Event xmlns=""http://schemas.microsoft.com/win/2004/08/events/event"">
  <System>
    <Provider Name=""Microsoft-Windows-Sysmon"" Guid=""{5770385f-c22a-43e0-bf4c-06f5698ffbd9}""/>
    <EventID>22</EventID>
    <Version>5</Version>
    <Level>4</Level>
    <Task>22</Task>
    <Opcode>0</Opcode>
    <Keywords>0x8000000000000000</Keywords>
    <TimeCreated SystemTime=""2023-12-20T10:09:01.3903459Z""/>
    <EventRecordID>5555</EventRecordID>
    <Correlation/>
    <Execution ProcessID=""3400"" ThreadID=""4220""/>
    <Channel>Microsoft-Windows-Sysmon/Operational</Channel>
    <Computer>WinDev2309Eval</Computer>
    <Security UserID=""S-1-5-18""/>
  </System>
  <EventData>
    <Data Name=""RuleName"">-</Data>
    <Data Name=""UtcTime"">2023-12-20 10:09:01.060</Data>
    <Data Name=""ProcessGuid"">{f57bd86a-bd3b-6582-6603-000000000d00}</Data>
    <Data Name=""ProcessId"">6444</Data>
    <Data Name=""QueryName"">msgserver.fishdom.playrix.com</Data>
    <Data Name=""QueryStatus"">0</Data>
    <Data Name=""QueryResults"">::ffff:34.203.9.248;::ffff:174.129.145.205;::ffff:54.87.248.95;</Data>
    <Data Name=""Image"">C:\Program Files\WindowsApps\PLRWorldwideSales.FishdomPlayrix_7.7.3.0_x64__1feq88045d2v2\Fishdom.exe</Data>
    <Data Name=""User"">WINDEV2309EVAL\User</Data>
  </EventData>
</Event>
"
Microsoft-Windows-Sysmon/Operational,,,WinDev2309Eval,,,,,,,,,,22,5554,,,,C:\Program Files\WindowsApps\PLRWorldwideSales.FishdomPlayrix_7.7.3.0_x64__1feq88045d2v2\Fishdom.exe,,,0x8000000000000000,4,,,,,0,,,,,,,{f57bd86a-bd3b-6582-6603-000000000d00},3400,6444.0,,,fishdom-cdn.playrix.com,type: 5 fishdom-cdn.playrix.com.edgekey.net;type: 5 e11967.d.akamaiedge.net;::ffff:104.103.203.57;,0.0,-,,,,,,,,,,,,,2023-12-20T10:09:01.3902448Z,,,,,,,22,,4220,WINDEV2309EVAL\User,S-1-5-18,09:00.9,5.0,"<Event xmlns=""http://schemas.microsoft.com/win/2004/08/events/event"">
  <System>
    <Provider Name=""Microsoft-Windows-Sysmon"" Guid=""{5770385f-c22a-43e0-bf4c-06f5698ffbd9}""/>
    <EventID>22</EventID>
    <Version>5</Version>
    <Level>4</Level>
    <Task>22</Task>
    <Opcode>0</Opcode>
    <Keywords>0x8000000000000000</Keywords>
    <TimeCreated SystemTime=""2023-12-20T10:09:01.3902448Z""/>
    <EventRecordID>5554</EventRecordID>
    <Correlation/>
    <Execution ProcessID=""3400"" ThreadID=""4220""/>
    <Channel>Microsoft-Windows-Sysmon/Operational</Channel>
    <Computer>WinDev2309Eval</Computer>
    <Security UserID=""S-1-5-18""/>
  </System>
  <EventData>
    <Data Name=""RuleName"">-</Data>
    <Data Name=""UtcTime"">2023-12-20 10:09:00.885</Data>
    <Data Name=""ProcessGuid"">{f57bd86a-bd3b-6582-6603-000000000d00}</Data>
    <Data Name=""ProcessId"">6444</Data>
    <Data Name=""QueryName"">fishdom-cdn.playrix.com</Data>
    <Data Name=""QueryStatus"">0</Data>
    <Data Name=""QueryResults"">type: 5 fishdom-cdn.playrix.com.edgekey.net;type: 5 e11967.d.akamaiedge.net;::ffff:104.103.203.57;</Data>
    <Data Name=""Image"">C:\Program Files\WindowsApps\PLRWorldwideSales.FishdomPlayrix_7.7.3.0_x64__1feq88045d2v2\Fishdom.exe</Data>
    <Data Name=""User"">WINDEV2309EVAL\User</Data>
  </EventData>
</Event>
"
Microsoft-Windows-Sysmon/Operational,"""C:\Program Files\WindowsApps\Microsoft.XboxGamingOverlay_6.123.11012.0_x64__8wekyb3d8bbwe\GameBarFTServer.exe"" -Embedding",Microsoft Corporation,WinDev2309Eval,,C:\Windows\system32\,Game Bar Full Trust COM Server,,,,,,,1,5553,,6.123.11012.0,"MD5=6B84A74348091036CCA4AD402A63299B,SHA256=EC0C3AB548348910683CBB02A181BAF0D5960C214DA5A2B132489B24D3116095,IMPHASH=D0B9FDF7FA11DC6031FE7A868AEDFEBE",C:\Program Files\WindowsApps\Microsoft.XboxGamingOverlay_6.123.11012.0_x64__8wekyb3d8bbwe\GameBarFTServer.exe,,Medium,0x8000000000000000,4,{f57bd86a-1d4d-6582-671c-160000000000},0x161c67,,,0,GameBarFTServer.exe,C:\Windows\system32\svchost.exe -k DcomLaunch -p,C:\Windows\System32\svchost.exe,{f57bd86a-1cf1-6582-0d00-000000000d00},928.0,NT AUTHORITY\SYSTEM,{f57bd86a-bd3c-6582-6c03-000000000d00},3400,5292.0,Game Bar,,,,,-,,,,,,,,,,,,,2023-12-20T10:09:00.9058538Z,,,,,,,1,1.0,4208,WINDEV2309EVAL\User,S-1-5-18,09:00.9,5.0,"<Event xmlns=""http://schemas.microsoft.com/win/2004/08/events/event"">
  <System>
    <Provider Name=""Microsoft-Windows-Sysmon"" Guid=""{5770385f-c22a-43e0-bf4c-06f5698ffbd9}""/>
    <EventID>1</EventID>
    <Version>5</Version>
    <Level>4</Level>
    <Task>1</Task>
    <Opcode>0</Opcode>
    <Keywords>0x8000000000000000</Keywords>
    <TimeCreated SystemTime=""2023-12-20T10:09:00.9058538Z""/>
    <EventRecordID>5553</EventRecordID>
    <Correlation/>
    <Execution ProcessID=""3400"" ThreadID=""4208""/>
    <Channel>Microsoft-Windows-Sysmon/Operational</Channel>
    <Computer>WinDev2309Eval</Computer>
    <Security UserID=""S-1-5-18""/>
  </System>
  <EventData>
    <Data Name=""RuleName"">-</Data>
    <Data Name=""UtcTime"">2023-12-20 10:09:00.889</Data>
    <Data Name=""ProcessGuid"">{f57bd86a-bd3c-6582-6c03-000000000d00}</Data>
    <Data Name=""ProcessId"">5292</Data>
    <Data Name=""Image"">C:\Program Files\WindowsApps\Microsoft.XboxGamingOverlay_6.123.11012.0_x64__8wekyb3d8bbwe\GameBarFTServer.exe</Data>
    <Data Name=""FileVersion"">6.123.11012.0</Data>
    <Data Name=""Description"">Game Bar Full Trust COM Server</Data>
    <Data Name=""Product"">Game Bar</Data>
    <Data Name=""Company"">Microsoft Corporation</Data>
    <Data Name=""OriginalFileName"">GameBarFTServer.exe</Data>
    <Data Name=""CommandLine"">""C:\Program Files\WindowsApps\Microsoft.XboxGamingOverlay_6.123.11012.0_x64__8wekyb3d8bbwe\GameBarFTServer.exe"" -Embedding</Data>
    <Data Name=""CurrentDirectory"">C:\Windows\system32\</Data>
    <Data Name=""User"">WINDEV2309EVAL\User</Data>
    <Data Name=""LogonGuid"">{f57bd86a-1d4d-6582-671c-160000000000}</Data>
    <Data Name=""LogonId"">0x161c67</Data>
    <Data Name=""TerminalSessionId"">1</Data>
    <Data Name=""IntegrityLevel"">Medium</Data>
    <Data Name=""Hashes"">MD5=6B84A74348091036CCA4AD402A63299B,SHA256=EC0C3AB548348910683CBB02A181BAF0D5960C214DA5A2B132489B24D3116095,IMPHASH=D0B9FDF7FA11DC6031FE7A868AEDFEBE</Data>
    <Data Name=""ParentProcessGuid"">{f57bd86a-1cf1-6582-0d00-000000000d00}</Data>
    <Data Name=""ParentProcessId"">928</Data>
    <Data Name=""ParentImage"">C:\Windows\System32\svchost.exe</Data>
    <Data Name=""ParentCommandLine"">C:\Windows\system32\svchost.exe -k DcomLaunch -p</Data>
    <Data Name=""ParentUser"">NT AUTHORITY\SYSTEM</Data>
  </EventData>
</Event>
"
Microsoft-Windows-Sysmon/Operational,C:\Windows\system32\svchost.exe -k BcastDVRUserService -s BcastDVRUserService,Microsoft Corporation,WinDev2309Eval,,C:\Windows\system32\,Host Process for Windows Services,,,,,,,1,5552,,10.0.22621.1 (WinBuild.160101.0800),"MD5=8EC922C7A58A8701AB481B7BE9644536,SHA256=949BFB5B4C7D58D92F3F9C5F8EC7CA4CEAFFD10EC5F0020F0A987C472D61C54B,IMPHASH=76B4BAE80D2C3B08BB062D97BF9CA791",C:\Windows\System32\svchost.exe,,Medium,0x8000000000000000,4,{f57bd86a-1d4d-6582-671c-160000000000},0x161c67,,,0,svchost.exe,C:\Windows\system32\services.exe,C:\Windows\System32\services.exe,{f57bd86a-1cf1-6582-0b00-000000000d00},760.0,NT AUTHORITY\SYSTEM,{f57bd86a-bd3c-6582-6b03-000000000d00},3400,9452.0,Microsoft® Windows® Operating System,,,,,-,,,,,,,,,,,,,2023-12-20T10:09:00.8939722Z,,,,,,,1,1.0,4208,WINDEV2309EVAL\User,S-1-5-18,09:00.9,5.0,"<Event xmlns=""http://schemas.microsoft.com/win/2004/08/events/event"">
  <System>
    <Provider Name=""Microsoft-Windows-Sysmon"" Guid=""{5770385f-c22a-43e0-bf4c-06f5698ffbd9}""/>
    <EventID>1</EventID>
    <Version>5</Version>
    <Level>4</Level>
    <Task>1</Task>
    <Opcode>0</Opcode>
    <Keywords>0x8000000000000000</Keywords>
    <TimeCreated SystemTime=""2023-12-20T10:09:00.8939722Z""/>
    <EventRecordID>5552</EventRecordID>
    <Correlation/>
    <Execution ProcessID=""3400"" ThreadID=""4208""/>
    <Channel>Microsoft-Windows-Sysmon/Operational</Channel>
    <Computer>WinDev2309Eval</Computer>
    <Security UserID=""S-1-5-18""/>
  </System>
  <EventData>
    <Data Name=""RuleName"">-</Data>
    <Data Name=""UtcTime"">2023-12-20 10:09:00.878</Data>
    <Data Name=""ProcessGuid"">{f57bd86a-bd3c-6582-6b03-000000000d00}</Data>
    <Data Name=""ProcessId"">9452</Data>
    <Data Name=""Image"">C:\Windows\System32\svchost.exe</Data>
    <Data Name=""FileVersion"">10.0.22621.1 (WinBuild.160101.0800)</Data>
    <Data Name=""Description"">Host Process for Windows Services</Data>
    <Data Name=""Product"">Microsoft&#174; Windows&#174; Operating System</Data>
    <Data Name=""Company"">Microsoft Corporation</Data>
    <Data Name=""OriginalFileName"">svchost.exe</Data>
    <Data Name=""CommandLine"">C:\Windows\system32\svchost.exe -k BcastDVRUserService -s BcastDVRUserService</Data>
    <Data Name=""CurrentDirectory"">C:\Windows\system32\</Data>
    <Data Name=""User"">WINDEV2309EVAL\User</Data>
    <Data Name=""LogonGuid"">{f57bd86a-1d4d-6582-671c-160000000000}</Data>
    <Data Name=""LogonId"">0x161c67</Data>
    <Data Name=""TerminalSessionId"">1</Data>
    <Data Name=""IntegrityLevel"">Medium</Data>
    <Data Name=""Hashes"">MD5=8EC922C7A58A8701AB481B7BE9644536,SHA256=949BFB5B4C7D58D92F3F9C5F8EC7CA4CEAFFD10EC5F0020F0A987C472D61C54B,IMPHASH=76B4BAE80D2C3B08BB062D97BF9CA791</Data>
    <Data Name=""ParentProcessGuid"">{f57bd86a-1cf1-6582-0b00-000000000d00}</Data>
    <Data Name=""ParentProcessId"">760</Data>
    <Data Name=""ParentImage"">C:\Windows\System32\services.exe</Data>
    <Data Name=""ParentCommandLine"">C:\Windows\system32\services.exe</Data>
    <Data Name=""ParentUser"">NT AUTHORITY\SYSTEM</Data>
  </EventData>
</Event>
"
