Channel,CommandLine,Company,Computer,CreationUtcTime,CurrentDirectory,Description,DestinationHostname,DestinationIp,DestinationIsIpv6,DestinationPort,DestinationPortName,Details,EventID,EventRecordID,EventType,FileVersion,Hashes,Image,Initiated,IntegrityLevel,Keywords,Level,LogonGuid,LogonId,Message,NewThreadId,Opcode,OriginalFileName,ParentCommandLine,ParentImage,ParentProcessGuid,ParentProcessId,ParentUser,ProcessGuid,ProcessID,ProcessId,Product,Protocol,QueryName,QueryResults,QueryStatus,RuleName,SourceHostname,SourceImage,SourceIp,SourceIsIpv6,SourcePort,SourcePortName,SourceProcessGuid,SourceProcessId,SourceUser,StartAddress,StartFunction,StartModule,SystemTime,TargetFilename,TargetImage,TargetObject,TargetProcessGuid,TargetProcessId,TargetUser,Task,TerminalSessionId,ThreadID,User,UserID,UtcTime,Version,raw
Microsoft-Windows-Sysmon/Operational,,,WinDev2309Eval,09:17.7,,,,,,,,,11,755,,,,C:\Windows\SoftwareDistribution\Download\Install\UpdatePlatform.amd64fre.exe,,,0x8000000000000000,4,,,,,0,,,,,,,{f57bd86a-067c-6582-3003-000000000b00},10484,8404.0,,,,,,EXE,,,,,,,,,,,,,2023-12-19T21:09:17.7180330Z,C:\Windows\SystemTemp\42E80775-383B-4719-ABBF-A1334765F2D8\MpDlpService.exe,,,,,,11,,10592,NT AUTHORITY\SYSTEM,S-1-5-18,09:17.7,2.0,"<Event xmlns=""http://schemas.microsoft.com/win/2004/08/events/event"">
  <System>
    <Provider Name=""Microsoft-Windows-Sysmon"" Guid=""{5770385f-c22a-43e0-bf4c-06f5698ffbd9}""/>
    <EventID>11</EventID>
    <Version>2</Version>
    <Level>4</Level>
    <Task>11</Task>
    <Opcode>0</Opcode>
    <Keywords>0x8000000000000000</Keywords>
    <TimeCreated SystemTime=""2023-12-19T21:09:17.7180330Z""/>
    <EventRecordID>755</EventRecordID>
    <Correlation/>
    <Execution ProcessID=""10484"" ThreadID=""10592""/>
    <Channel>Microsoft-Windows-Sysmon/Operational</Channel>
    <Computer>WinDev2309Eval</Computer>
    <Security UserID=""S-1-5-18""/>
  </System>
  <EventData>
    <Data Name=""RuleName"">EXE</Data>
    <Data Name=""UtcTime"">2023-12-19 21:09:17.714</Data>
    <Data Name=""ProcessGuid"">{f57bd86a-067c-6582-3003-000000000b00}</Data>
    <Data Name=""ProcessId"">8404</Data>
    <Data Name=""Image"">C:\Windows\SoftwareDistribution\Download\Install\UpdatePlatform.amd64fre.exe</Data>
    <Data Name=""TargetFilename"">C:\Windows\SystemTemp\42E80775-383B-4719-ABBF-A1334765F2D8\MpDlpService.exe</Data>
    <Data Name=""CreationUtcTime"">2023-12-19 21:09:17.714</Data>
    <Data Name=""User"">NT AUTHORITY\SYSTEM</Data>
  </EventData>
</Event>
"
Microsoft-Windows-Sysmon/Operational,,,WinDev2309Eval,09:17.7,,,,,,,,,11,754,,,,C:\Windows\SoftwareDistribution\Download\Install\UpdatePlatform.amd64fre.exe,,,0x8000000000000000,4,,,,,0,,,,,,,{f57bd86a-067c-6582-3003-000000000b00},10484,8404.0,,,,,,EXE,,,,,,,,,,,,,2023-12-19T21:09:17.7044756Z,C:\Windows\SystemTemp\42E80775-383B-4719-ABBF-A1334765F2D8\MpDlpCmd.exe,,,,,,11,,10592,NT AUTHORITY\SYSTEM,S-1-5-18,09:17.7,2.0,"<Event xmlns=""http://schemas.microsoft.com/win/2004/08/events/event"">
  <System>
    <Provider Name=""Microsoft-Windows-Sysmon"" Guid=""{5770385f-c22a-43e0-bf4c-06f5698ffbd9}""/>
    <EventID>11</EventID>
    <Version>2</Version>
    <Level>4</Level>
    <Task>11</Task>
    <Opcode>0</Opcode>
    <Keywords>0x8000000000000000</Keywords>
    <TimeCreated SystemTime=""2023-12-19T21:09:17.7044756Z""/>
    <EventRecordID>754</EventRecordID>
    <Correlation/>
    <Execution ProcessID=""10484"" ThreadID=""10592""/>
    <Channel>Microsoft-Windows-Sysmon/Operational</Channel>
    <Computer>WinDev2309Eval</Computer>
    <Security UserID=""S-1-5-18""/>
  </System>
  <EventData>
    <Data Name=""RuleName"">EXE</Data>
    <Data Name=""UtcTime"">2023-12-19 21:09:17.698</Data>
    <Data Name=""ProcessGuid"">{f57bd86a-067c-6582-3003-000000000b00}</Data>
    <Data Name=""ProcessId"">8404</Data>
    <Data Name=""Image"">C:\Windows\SoftwareDistribution\Download\Install\UpdatePlatform.amd64fre.exe</Data>
    <Data Name=""TargetFilename"">C:\Windows\SystemTemp\42E80775-383B-4719-ABBF-A1334765F2D8\MpDlpCmd.exe</Data>
    <Data Name=""CreationUtcTime"">2023-12-19 21:09:17.698</Data>
    <Data Name=""User"">NT AUTHORITY\SYSTEM</Data>
  </EventData>
</Event>
"
Microsoft-Windows-Sysmon/Operational,,,WinDev2309Eval,09:17.7,,,,,,,,,11,753,,,,C:\Windows\SoftwareDistribution\Download\Install\UpdatePlatform.amd64fre.exe,,,0x8000000000000000,4,,,,,0,,,,,,,{f57bd86a-067c-6582-3003-000000000b00},10484,8404.0,,,,,,EXE,,,,,,,,,,,,,2023-12-19T21:09:17.6634407Z,C:\Windows\SystemTemp\42E80775-383B-4719-ABBF-A1334765F2D8\MpDefenderCoreService.exe,,,,,,11,,10592,NT AUTHORITY\SYSTEM,S-1-5-18,09:17.7,2.0,"<Event xmlns=""http://schemas.microsoft.com/win/2004/08/events/event"">
  <System>
    <Provider Name=""Microsoft-Windows-Sysmon"" Guid=""{5770385f-c22a-43e0-bf4c-06f5698ffbd9}""/>
    <EventID>11</EventID>
    <Version>2</Version>
    <Level>4</Level>
    <Task>11</Task>
    <Opcode>0</Opcode>
    <Keywords>0x8000000000000000</Keywords>
    <TimeCreated SystemTime=""2023-12-19T21:09:17.6634407Z""/>
    <EventRecordID>753</EventRecordID>
    <Correlation/>
    <Execution ProcessID=""10484"" ThreadID=""10592""/>
    <Channel>Microsoft-Windows-Sysmon/Operational</Channel>
    <Computer>WinDev2309Eval</Computer>
    <Security UserID=""S-1-5-18""/>
  </System>
  <EventData>
    <Data Name=""RuleName"">EXE</Data>
    <Data Name=""UtcTime"">2023-12-19 21:09:17.651</Data>
    <Data Name=""ProcessGuid"">{f57bd86a-067c-6582-3003-000000000b00}</Data>
    <Data Name=""ProcessId"">8404</Data>
    <Data Name=""Image"">C:\Windows\SoftwareDistribution\Download\Install\UpdatePlatform.amd64fre.exe</Data>
    <Data Name=""TargetFilename"">C:\Windows\SystemTemp\42E80775-383B-4719-ABBF-A1334765F2D8\MpDefenderCoreService.exe</Data>
    <Data Name=""CreationUtcTime"">2023-12-19 21:09:17.651</Data>
    <Data Name=""User"">NT AUTHORITY\SYSTEM</Data>
  </EventData>
</Event>
"
Microsoft-Windows-Sysmon/Operational,,,WinDev2309Eval,09:17.7,,,,,,,,,11,752,,,,C:\Windows\SoftwareDistribution\Download\Install\UpdatePlatform.amd64fre.exe,,,0x8000000000000000,4,,,,,0,,,,,,,{f57bd86a-067c-6582-3003-000000000b00},10484,8404.0,,,,,,EXE,,,,,,,,,,,,,2023-12-19T21:09:17.6547859Z,C:\Windows\SystemTemp\42E80775-383B-4719-ABBF-A1334765F2D8\MpCopyAccelerator.exe,,,,,,11,,10592,NT AUTHORITY\SYSTEM,S-1-5-18,09:17.7,2.0,"<Event xmlns=""http://schemas.microsoft.com/win/2004/08/events/event"">
  <System>
    <Provider Name=""Microsoft-Windows-Sysmon"" Guid=""{5770385f-c22a-43e0-bf4c-06f5698ffbd9}""/>
    <EventID>11</EventID>
    <Version>2</Version>
    <Level>4</Level>
    <Task>11</Task>
    <Opcode>0</Opcode>
    <Keywords>0x8000000000000000</Keywords>
    <TimeCreated SystemTime=""2023-12-19T21:09:17.6547859Z""/>
    <EventRecordID>752</EventRecordID>
    <Correlation/>
    <Execution ProcessID=""10484"" ThreadID=""10592""/>
    <Channel>Microsoft-Windows-Sysmon/Operational</Channel>
    <Computer>WinDev2309Eval</Computer>
    <Security UserID=""S-1-5-18""/>
  </System>
  <EventData>
    <Data Name=""RuleName"">EXE</Data>
    <Data Name=""UtcTime"">2023-12-19 21:09:17.651</Data>
    <Data Name=""ProcessGuid"">{f57bd86a-067c-6582-3003-000000000b00}</Data>
    <Data Name=""ProcessId"">8404</Data>
    <Data Name=""Image"">C:\Windows\SoftwareDistribution\Download\Install\UpdatePlatform.amd64fre.exe</Data>
    <Data Name=""TargetFilename"">C:\Windows\SystemTemp\42E80775-383B-4719-ABBF-A1334765F2D8\MpCopyAccelerator.exe</Data>
    <Data Name=""CreationUtcTime"">2023-12-19 21:09:17.651</Data>
    <Data Name=""User"">NT AUTHORITY\SYSTEM</Data>
  </EventData>
</Event>
"
Microsoft-Windows-Sysmon/Operational,,,WinDev2309Eval,09:17.6,,,,,,,,,11,751,,,,C:\Windows\SoftwareDistribution\Download\Install\UpdatePlatform.amd64fre.exe,,,0x8000000000000000,4,,,,,0,,,,,,,{f57bd86a-067c-6582-3003-000000000b00},10484,8404.0,,,,,,EXE,,,,,,,,,,,,,2023-12-19T21:09:17.6100763Z,C:\Windows\SystemTemp\42E80775-383B-4719-ABBF-A1334765F2D8\MpCmdRun.exe,,,,,,11,,10592,NT AUTHORITY\SYSTEM,S-1-5-18,09:17.6,2.0,"<Event xmlns=""http://schemas.microsoft.com/win/2004/08/events/event"">
  <System>
    <Provider Name=""Microsoft-Windows-Sysmon"" Guid=""{5770385f-c22a-43e0-bf4c-06f5698ffbd9}""/>
    <EventID>11</EventID>
    <Version>2</Version>
    <Level>4</Level>
    <Task>11</Task>
    <Opcode>0</Opcode>
    <Keywords>0x8000000000000000</Keywords>
    <TimeCreated SystemTime=""2023-12-19T21:09:17.6100763Z""/>
    <EventRecordID>751</EventRecordID>
    <Correlation/>
    <Execution ProcessID=""10484"" ThreadID=""10592""/>
    <Channel>Microsoft-Windows-Sysmon/Operational</Channel>
    <Computer>WinDev2309Eval</Computer>
    <Security UserID=""S-1-5-18""/>
  </System>
  <EventData>
    <Data Name=""RuleName"">EXE</Data>
    <Data Name=""UtcTime"">2023-12-19 21:09:17.604</Data>
    <Data Name=""ProcessGuid"">{f57bd86a-067c-6582-3003-000000000b00}</Data>
    <Data Name=""ProcessId"">8404</Data>
    <Data Name=""Image"">C:\Windows\SoftwareDistribution\Download\Install\UpdatePlatform.amd64fre.exe</Data>
    <Data Name=""TargetFilename"">C:\Windows\SystemTemp\42E80775-383B-4719-ABBF-A1334765F2D8\MpCmdRun.exe</Data>
    <Data Name=""CreationUtcTime"">2023-12-19 21:09:17.604</Data>
    <Data Name=""User"">NT AUTHORITY\SYSTEM</Data>
  </EventData>
</Event>
"
Microsoft-Windows-Sysmon/Operational,,,WinDev2309Eval,09:17.6,,,,,,,,,11,750,,,,C:\Windows\SoftwareDistribution\Download\Install\UpdatePlatform.amd64fre.exe,,,0x8000000000000000,4,,,,,0,,,,,,,{f57bd86a-067c-6582-3003-000000000b00},10484,8404.0,,,,,,EXE,,,,,,,,,,,,,2023-12-19T21:09:17.5998917Z,C:\Windows\SystemTemp\42E80775-383B-4719-ABBF-A1334765F2D8\DlpUserAgent.exe,,,,,,11,,10592,NT AUTHORITY\SYSTEM,S-1-5-18,09:17.6,2.0,"<Event xmlns=""http://schemas.microsoft.com/win/2004/08/events/event"">
  <System>
    <Provider Name=""Microsoft-Windows-Sysmon"" Guid=""{5770385f-c22a-43e0-bf4c-06f5698ffbd9}""/>
    <EventID>11</EventID>
    <Version>2</Version>
    <Level>4</Level>
    <Task>11</Task>
    <Opcode>0</Opcode>
    <Keywords>0x8000000000000000</Keywords>
    <TimeCreated SystemTime=""2023-12-19T21:09:17.5998917Z""/>
    <EventRecordID>750</EventRecordID>
    <Correlation/>
    <Execution ProcessID=""10484"" ThreadID=""10592""/>
    <Channel>Microsoft-Windows-Sysmon/Operational</Channel>
    <Computer>WinDev2309Eval</Computer>
    <Security UserID=""S-1-5-18""/>
  </System>
  <EventData>
    <Data Name=""RuleName"">EXE</Data>
    <Data Name=""UtcTime"">2023-12-19 21:09:17.588</Data>
    <Data Name=""ProcessGuid"">{f57bd86a-067c-6582-3003-000000000b00}</Data>
    <Data Name=""ProcessId"">8404</Data>
    <Data Name=""Image"">C:\Windows\SoftwareDistribution\Download\Install\UpdatePlatform.amd64fre.exe</Data>
    <Data Name=""TargetFilename"">C:\Windows\SystemTemp\42E80775-383B-4719-ABBF-A1334765F2D8\DlpUserAgent.exe</Data>
    <Data Name=""CreationUtcTime"">2023-12-19 21:09:17.588</Data>
    <Data Name=""User"">NT AUTHORITY\SYSTEM</Data>
  </EventData>
</Event>
"
Microsoft-Windows-Sysmon/Operational,,,WinDev2309Eval,09:17.5,,,,,,,,,11,749,,,,C:\Windows\SoftwareDistribution\Download\Install\UpdatePlatform.amd64fre.exe,,,0x8000000000000000,4,,,,,0,,,,,,,{f57bd86a-067c-6582-3003-000000000b00},10484,8404.0,,,,,,EXE,,,,,,,,,,,,,2023-12-19T21:09:17.5522088Z,C:\Windows\SystemTemp\42E80775-383B-4719-ABBF-A1334765F2D8\ConfigSecurityPolicy.exe,,,,,,11,,10592,NT AUTHORITY\SYSTEM,S-1-5-18,09:17.5,2.0,"<Event xmlns=""http://schemas.microsoft.com/win/2004/08/events/event"">
  <System>
    <Provider Name=""Microsoft-Windows-Sysmon"" Guid=""{5770385f-c22a-43e0-bf4c-06f5698ffbd9}""/>
    <EventID>11</EventID>
    <Version>2</Version>
    <Level>4</Level>
    <Task>11</Task>
    <Opcode>0</Opcode>
    <Keywords>0x8000000000000000</Keywords>
    <TimeCreated SystemTime=""2023-12-19T21:09:17.5522088Z""/>
    <EventRecordID>749</EventRecordID>
    <Correlation/>
    <Execution ProcessID=""10484"" ThreadID=""10592""/>
    <Channel>Microsoft-Windows-Sysmon/Operational</Channel>
    <Computer>WinDev2309Eval</Computer>
    <Security UserID=""S-1-5-18""/>
  </System>
  <EventData>
    <Data Name=""RuleName"">EXE</Data>
    <Data Name=""UtcTime"">2023-12-19 21:09:17.541</Data>
    <Data Name=""ProcessGuid"">{f57bd86a-067c-6582-3003-000000000b00}</Data>
    <Data Name=""ProcessId"">8404</Data>
    <Data Name=""Image"">C:\Windows\SoftwareDistribution\Download\Install\UpdatePlatform.amd64fre.exe</Data>
    <Data Name=""TargetFilename"">C:\Windows\SystemTemp\42E80775-383B-4719-ABBF-A1334765F2D8\ConfigSecurityPolicy.exe</Data>
    <Data Name=""CreationUtcTime"">2023-12-19 21:09:17.541</Data>
    <Data Name=""User"">NT AUTHORITY\SYSTEM</Data>
  </EventData>
</Event>
"
Microsoft-Windows-Sysmon/Operational,,,WinDev2309Eval,09:17.5,,,,,,,,,11,748,,,,C:\Windows\SoftwareDistribution\Download\Install\UpdatePlatform.amd64fre.exe,,,0x8000000000000000,4,,,,,0,,,,,,,{f57bd86a-067c-6582-3003-000000000b00},10484,8404.0,,,,,,DLL,,,,,,,,,,,,,2023-12-19T21:09:17.5226599Z,C:\Windows\SystemTemp\42E80775-383B-4719-ABBF-A1334765F2D8\x86\endpointdlp.dll,,,,,,11,,10592,NT AUTHORITY\SYSTEM,S-1-5-18,09:17.5,2.0,"<Event xmlns=""http://schemas.microsoft.com/win/2004/08/events/event"">
  <System>
    <Provider Name=""Microsoft-Windows-Sysmon"" Guid=""{5770385f-c22a-43e0-bf4c-06f5698ffbd9}""/>
    <EventID>11</EventID>
    <Version>2</Version>
    <Level>4</Level>
    <Task>11</Task>
    <Opcode>0</Opcode>
    <Keywords>0x8000000000000000</Keywords>
    <TimeCreated SystemTime=""2023-12-19T21:09:17.5226599Z""/>
    <EventRecordID>748</EventRecordID>
    <Correlation/>
    <Execution ProcessID=""10484"" ThreadID=""10592""/>
    <Channel>Microsoft-Windows-Sysmon/Operational</Channel>
    <Computer>WinDev2309Eval</Computer>
    <Security UserID=""S-1-5-18""/>
  </System>
  <EventData>
    <Data Name=""RuleName"">DLL</Data>
    <Data Name=""UtcTime"">2023-12-19 21:09:17.510</Data>
    <Data Name=""ProcessGuid"">{f57bd86a-067c-6582-3003-000000000b00}</Data>
    <Data Name=""ProcessId"">8404</Data>
    <Data Name=""Image"">C:\Windows\SoftwareDistribution\Download\Install\UpdatePlatform.amd64fre.exe</Data>
    <Data Name=""TargetFilename"">C:\Windows\SystemTemp\42E80775-383B-4719-ABBF-A1334765F2D8\x86\endpointdlp.dll</Data>
    <Data Name=""CreationUtcTime"">2023-12-19 21:09:17.510</Data>
    <Data Name=""User"">NT AUTHORITY\SYSTEM</Data>
  </EventData>
</Event>
"
Microsoft-Windows-Sysmon/Operational,,,WinDev2309Eval,09:17.5,,,,,,,,,11,747,,,,C:\Windows\SoftwareDistribution\Download\Install\UpdatePlatform.amd64fre.exe,,,0x8000000000000000,4,,,,,0,,,,,,,{f57bd86a-067c-6582-3003-000000000b00},10484,8404.0,,,,,,DLL,,,,,,,,,,,,,2023-12-19T21:09:17.5168842Z,C:\Windows\SystemTemp\42E80775-383B-4719-ABBF-A1334765F2D8\x86\MsMpLics.dll,,,,,,11,,10592,NT AUTHORITY\SYSTEM,S-1-5-18,09:17.5,2.0,"<Event xmlns=""http://schemas.microsoft.com/win/2004/08/events/event"">
  <System>
    <Provider Name=""Microsoft-Windows-Sysmon"" Guid=""{5770385f-c22a-43e0-bf4c-06f5698ffbd9}""/>
    <EventID>11</EventID>
    <Version>2</Version>
    <Level>4</Level>
    <Task>11</Task>
    <Opcode>0</Opcode>
    <Keywords>0x8000000000000000</Keywords>
    <TimeCreated SystemTime=""2023-12-19T21:09:17.5168842Z""/>
    <EventRecordID>747</EventRecordID>
    <Correlation/>
    <Execution ProcessID=""10484"" ThreadID=""10592""/>
    <Channel>Microsoft-Windows-Sysmon/Operational</Channel>
    <Computer>WinDev2309Eval</Computer>
    <Security UserID=""S-1-5-18""/>
  </System>
  <EventData>
    <Data Name=""RuleName"">DLL</Data>
    <Data Name=""UtcTime"">2023-12-19 21:09:17.510</Data>
    <Data Name=""ProcessGuid"">{f57bd86a-067c-6582-3003-000000000b00}</Data>
    <Data Name=""ProcessId"">8404</Data>
    <Data Name=""Image"">C:\Windows\SoftwareDistribution\Download\Install\UpdatePlatform.amd64fre.exe</Data>
    <Data Name=""TargetFilename"">C:\Windows\SystemTemp\42E80775-383B-4719-ABBF-A1334765F2D8\x86\MsMpLics.dll</Data>
    <Data Name=""CreationUtcTime"">2023-12-19 21:09:17.510</Data>
    <Data Name=""User"">NT AUTHORITY\SYSTEM</Data>
  </EventData>
</Event>
"
Microsoft-Windows-Sysmon/Operational,,,WinDev2309Eval,09:17.5,,,,,,,,,11,746,,,,C:\Windows\SoftwareDistribution\Download\Install\UpdatePlatform.amd64fre.exe,,,0x8000000000000000,4,,,,,0,,,,,,,{f57bd86a-067c-6582-3003-000000000b00},10484,8404.0,,,,,,DLL,,,,,,,,,,,,,2023-12-19T21:09:17.4967720Z,C:\Windows\SystemTemp\42E80775-383B-4719-ABBF-A1334765F2D8\x86\MpOAV.dll,,,,,,11,,10592,NT AUTHORITY\SYSTEM,S-1-5-18,09:17.5,2.0,"<Event xmlns=""http://schemas.microsoft.com/win/2004/08/events/event"">
  <System>
    <Provider Name=""Microsoft-Windows-Sysmon"" Guid=""{5770385f-c22a-43e0-bf4c-06f5698ffbd9}""/>
    <EventID>11</EventID>
    <Version>2</Version>
    <Level>4</Level>
    <Task>11</Task>
    <Opcode>0</Opcode>
    <Keywords>0x8000000000000000</Keywords>
    <TimeCreated SystemTime=""2023-12-19T21:09:17.4967720Z""/>
    <EventRecordID>746</EventRecordID>
    <Correlation/>
    <Execution ProcessID=""10484"" ThreadID=""10592""/>
    <Channel>Microsoft-Windows-Sysmon/Operational</Channel>
    <Computer>WinDev2309Eval</Computer>
    <Security UserID=""S-1-5-18""/>
  </System>
  <EventData>
    <Data Name=""RuleName"">DLL</Data>
    <Data Name=""UtcTime"">2023-12-19 21:09:17.494</Data>
    <Data Name=""ProcessGuid"">{f57bd86a-067c-6582-3003-000000000b00}</Data>
    <Data Name=""ProcessId"">8404</Data>
    <Data Name=""Image"">C:\Windows\SoftwareDistribution\Download\Install\UpdatePlatform.amd64fre.exe</Data>
    <Data Name=""TargetFilename"">C:\Windows\SystemTemp\42E80775-383B-4719-ABBF-A1334765F2D8\x86\MpOAV.dll</Data>
    <Data Name=""CreationUtcTime"">2023-12-19 21:09:17.494</Data>
    <Data Name=""User"">NT AUTHORITY\SYSTEM</Data>
  </EventData>
</Event>
"
Microsoft-Windows-Sysmon/Operational,,,WinDev2309Eval,09:17.5,,,,,,,,,11,745,,,,C:\Windows\SoftwareDistribution\Download\Install\UpdatePlatform.amd64fre.exe,,,0x8000000000000000,4,,,,,0,,,,,,,{f57bd86a-067c-6582-3003-000000000b00},10484,8404.0,,,,,,DLL,,,,,,,,,,,,,2023-12-19T21:09:17.4885739Z,C:\Windows\SystemTemp\42E80775-383B-4719-ABBF-A1334765F2D8\x86\MpDetoursCopyAccelerator.dll,,,,,,11,,10592,NT AUTHORITY\SYSTEM,S-1-5-18,09:17.5,2.0,"<Event xmlns=""http://schemas.microsoft.com/win/2004/08/events/event"">
  <System>
    <Provider Name=""Microsoft-Windows-Sysmon"" Guid=""{5770385f-c22a-43e0-bf4c-06f5698ffbd9}""/>
    <EventID>11</EventID>
    <Version>2</Version>
    <Level>4</Level>
    <Task>11</Task>
    <Opcode>0</Opcode>
    <Keywords>0x8000000000000000</Keywords>
    <TimeCreated SystemTime=""2023-12-19T21:09:17.4885739Z""/>
    <EventRecordID>745</EventRecordID>
    <Correlation/>
    <Execution ProcessID=""10484"" ThreadID=""10592""/>
    <Channel>Microsoft-Windows-Sysmon/Operational</Channel>
    <Computer>WinDev2309Eval</Computer>
    <Security UserID=""S-1-5-18""/>
  </System>
  <EventData>
    <Data Name=""RuleName"">DLL</Data>
    <Data Name=""UtcTime"">2023-12-19 21:09:17.479</Data>
    <Data Name=""ProcessGuid"">{f57bd86a-067c-6582-3003-000000000b00}</Data>
    <Data Name=""ProcessId"">8404</Data>
    <Data Name=""Image"">C:\Windows\SoftwareDistribution\Download\Install\UpdatePlatform.amd64fre.exe</Data>
    <Data Name=""TargetFilename"">C:\Windows\SystemTemp\42E80775-383B-4719-ABBF-A1334765F2D8\x86\MpDetoursCopyAccelerator.dll</Data>
    <Data Name=""CreationUtcTime"">2023-12-19 21:09:17.479</Data>
    <Data Name=""User"">NT AUTHORITY\SYSTEM</Data>
  </EventData>
</Event>
"
Microsoft-Windows-Sysmon/Operational,,,WinDev2309Eval,09:17.5,,,,,,,,,11,744,,,,C:\Windows\SoftwareDistribution\Download\Install\UpdatePlatform.amd64fre.exe,,,0x8000000000000000,4,,,,,0,,,,,,,{f57bd86a-067c-6582-3003-000000000b00},10484,8404.0,,,,,,DLL,,,,,,,,,,,,,2023-12-19T21:09:17.4676942Z,C:\Windows\SystemTemp\42E80775-383B-4719-ABBF-A1334765F2D8\x86\MpDetours.dll,,,,,,11,,10592,NT AUTHORITY\SYSTEM,S-1-5-18,09:17.5,2.0,"<Event xmlns=""http://schemas.microsoft.com/win/2004/08/events/event"">
  <System>
    <Provider Name=""Microsoft-Windows-Sysmon"" Guid=""{5770385f-c22a-43e0-bf4c-06f5698ffbd9}""/>
    <EventID>11</EventID>
    <Version>2</Version>
    <Level>4</Level>
    <Task>11</Task>
    <Opcode>0</Opcode>
    <Keywords>0x8000000000000000</Keywords>
    <TimeCreated SystemTime=""2023-12-19T21:09:17.4676942Z""/>
    <EventRecordID>744</EventRecordID>
    <Correlation/>
    <Execution ProcessID=""10484"" ThreadID=""10592""/>
    <Channel>Microsoft-Windows-Sysmon/Operational</Channel>
    <Computer>WinDev2309Eval</Computer>
    <Security UserID=""S-1-5-18""/>
  </System>
  <EventData>
    <Data Name=""RuleName"">DLL</Data>
    <Data Name=""UtcTime"">2023-12-19 21:09:17.463</Data>
    <Data Name=""ProcessGuid"">{f57bd86a-067c-6582-3003-000000000b00}</Data>
    <Data Name=""ProcessId"">8404</Data>
    <Data Name=""Image"">C:\Windows\SoftwareDistribution\Download\Install\UpdatePlatform.amd64fre.exe</Data>
    <Data Name=""TargetFilename"">C:\Windows\SystemTemp\42E80775-383B-4719-ABBF-A1334765F2D8\x86\MpDetours.dll</Data>
    <Data Name=""CreationUtcTime"">2023-12-19 21:09:17.463</Data>
    <Data Name=""User"">NT AUTHORITY\SYSTEM</Data>
  </EventData>
</Event>
"
Microsoft-Windows-Sysmon/Operational,C:\Windows\System32\smartscreen.exe -Embedding,Microsoft Corporation,WinDev2309Eval,,C:\Windows\system32\,Windows Defender SmartScreen,,,,,,,1,743,,10.0.22621.2070 (WinBuild.160101.0800),"MD5=4388275AA897DD3FC9718E6EDB4162FB,SHA256=3546ECAD099603DD115DE72FE0163B84541E0B3FCED221C3477555C3ECEBB6E9,IMPHASH=F4AAAB1255C014F6B6E87E40C3441096",C:\Windows\System32\smartscreen.exe,,Medium,0x8000000000000000,4,{f57bd86a-db7f-6581-2a63-080000000000},0x8632a,,,0,smartscreen.exe,C:\Windows\system32\svchost.exe -k DcomLaunch -p,C:\Windows\System32\svchost.exe,{f57bd86a-db69-6581-0d00-000000000b00},936.0,NT AUTHORITY\SYSTEM,{f57bd86a-067d-6582-3203-000000000b00},10484,9236.0,Microsoft速 Windows速 Operating System,,,,,-,,,,,,,,,,,,,2023-12-19T21:09:17.4404529Z,,,,,,,1,1.0,10592,WINDEV2309EVAL\User,S-1-5-18,09:17.4,5.0,"<Event xmlns=""http://schemas.microsoft.com/win/2004/08/events/event"">
  <System>
    <Provider Name=""Microsoft-Windows-Sysmon"" Guid=""{5770385f-c22a-43e0-bf4c-06f5698ffbd9}""/>
    <EventID>1</EventID>
    <Version>5</Version>
    <Level>4</Level>
    <Task>1</Task>
    <Opcode>0</Opcode>
    <Keywords>0x8000000000000000</Keywords>
    <TimeCreated SystemTime=""2023-12-19T21:09:17.4404529Z""/>
    <EventRecordID>743</EventRecordID>
    <Correlation/>
    <Execution ProcessID=""10484"" ThreadID=""10592""/>
    <Channel>Microsoft-Windows-Sysmon/Operational</Channel>
    <Computer>WinDev2309Eval</Computer>
    <Security UserID=""S-1-5-18""/>
  </System>
  <EventData>
    <Data Name=""RuleName"">-</Data>
    <Data Name=""UtcTime"">2023-12-19 21:09:17.436</Data>
    <Data Name=""ProcessGuid"">{f57bd86a-067d-6582-3203-000000000b00}</Data>
    <Data Name=""ProcessId"">9236</Data>
    <Data Name=""Image"">C:\Windows\System32\smartscreen.exe</Data>
    <Data Name=""FileVersion"">10.0.22621.2070 (WinBuild.160101.0800)</Data>
    <Data Name=""Description"">Windows Defender SmartScreen</Data>
    <Data Name=""Product"">Microsoft&#174; Windows&#174; Operating System</Data>
    <Data Name=""Company"">Microsoft Corporation</Data>
    <Data Name=""OriginalFileName"">smartscreen.exe</Data>
    <Data Name=""CommandLine"">C:\Windows\System32\smartscreen.exe -Embedding</Data>
    <Data Name=""CurrentDirectory"">C:\Windows\system32\</Data>
    <Data Name=""User"">WINDEV2309EVAL\User</Data>
    <Data Name=""LogonGuid"">{f57bd86a-db7f-6581-2a63-080000000000}</Data>
    <Data Name=""LogonId"">0x8632a</Data>
    <Data Name=""TerminalSessionId"">1</Data>
    <Data Name=""IntegrityLevel"">Medium</Data>
    <Data Name=""Hashes"">MD5=4388275AA897DD3FC9718E6EDB4162FB,SHA256=3546ECAD099603DD115DE72FE0163B84541E0B3FCED221C3477555C3ECEBB6E9,IMPHASH=F4AAAB1255C014F6B6E87E40C3441096</Data>
    <Data Name=""ParentProcessGuid"">{f57bd86a-db69-6581-0d00-000000000b00}</Data>
    <Data Name=""ParentProcessId"">936</Data>
    <Data Name=""ParentImage"">C:\Windows\System32\svchost.exe</Data>
    <Data Name=""ParentCommandLine"">C:\Windows\system32\svchost.exe -k DcomLaunch -p</Data>
    <Data Name=""ParentUser"">NT AUTHORITY\SYSTEM</Data>
  </EventData>
</Event>
"
Microsoft-Windows-Sysmon/Operational,,,WinDev2309Eval,09:17.4,,,,,,,,,11,742,,,,C:\Windows\SoftwareDistribution\Download\Install\UpdatePlatform.amd64fre.exe,,,0x8000000000000000,4,,,,,0,,,,,,,{f57bd86a-067c-6582-3003-000000000b00},10484,8404.0,,,,,,DLL,,,,,,,,,,,,,2023-12-19T21:09:17.4081174Z,C:\Windows\SystemTemp\42E80775-383B-4719-ABBF-A1334765F2D8\x86\MpClient.dll,,,,,,11,,10592,NT AUTHORITY\SYSTEM,S-1-5-18,09:17.4,2.0,"<Event xmlns=""http://schemas.microsoft.com/win/2004/08/events/event"">
  <System>
    <Provider Name=""Microsoft-Windows-Sysmon"" Guid=""{5770385f-c22a-43e0-bf4c-06f5698ffbd9}""/>
    <EventID>11</EventID>
    <Version>2</Version>
    <Level>4</Level>
    <Task>11</Task>
    <Opcode>0</Opcode>
    <Keywords>0x8000000000000000</Keywords>
    <TimeCreated SystemTime=""2023-12-19T21:09:17.4081174Z""/>
    <EventRecordID>742</EventRecordID>
    <Correlation/>
    <Execution ProcessID=""10484"" ThreadID=""10592""/>
    <Channel>Microsoft-Windows-Sysmon/Operational</Channel>
    <Computer>WinDev2309Eval</Computer>
    <Security UserID=""S-1-5-18""/>
  </System>
  <EventData>
    <Data Name=""RuleName"">DLL</Data>
    <Data Name=""UtcTime"">2023-12-19 21:09:17.401</Data>
    <Data Name=""ProcessGuid"">{f57bd86a-067c-6582-3003-000000000b00}</Data>
    <Data Name=""ProcessId"">8404</Data>
    <Data Name=""Image"">C:\Windows\SoftwareDistribution\Download\Install\UpdatePlatform.amd64fre.exe</Data>
    <Data Name=""TargetFilename"">C:\Windows\SystemTemp\42E80775-383B-4719-ABBF-A1334765F2D8\x86\MpClient.dll</Data>
    <Data Name=""CreationUtcTime"">2023-12-19 21:09:17.401</Data>
    <Data Name=""User"">NT AUTHORITY\SYSTEM</Data>
  </EventData>
</Event>
"
Microsoft-Windows-Sysmon/Operational,,,WinDev2309Eval,,,,,,,,,Microsoft Windows,13,741,SetValue,,,C:\Windows\Explorer.EXE,,,0x8000000000000000,4,,,,,0,,,,,,,{f57bd86a-db82-6581-a700-000000000b00},10484,6464.0,,,,,,InvDB-Pub,,,,,,,,,,,,,2023-12-19T21:09:17.4072719Z,,,HKU\S-1-5-21-2835251196-2691927458-378326815-1000\Control Panel\NotifyIconSettings\9427533322018058120\Publisher,,,,13,,10592,WINDEV2309EVAL\User,S-1-5-18,09:17.4,2.0,"<Event xmlns=""http://schemas.microsoft.com/win/2004/08/events/event"">
  <System>
    <Provider Name=""Microsoft-Windows-Sysmon"" Guid=""{5770385f-c22a-43e0-bf4c-06f5698ffbd9}""/>
    <EventID>13</EventID>
    <Version>2</Version>
    <Level>4</Level>
    <Task>13</Task>
    <Opcode>0</Opcode>
    <Keywords>0x8000000000000000</Keywords>
    <TimeCreated SystemTime=""2023-12-19T21:09:17.4072719Z""/>
    <EventRecordID>741</EventRecordID>
    <Correlation/>
    <Execution ProcessID=""10484"" ThreadID=""10592""/>
    <Channel>Microsoft-Windows-Sysmon/Operational</Channel>
    <Computer>WinDev2309Eval</Computer>
    <Security UserID=""S-1-5-18""/>
  </System>
  <EventData>
    <Data Name=""RuleName"">InvDB-Pub</Data>
    <Data Name=""EventType"">SetValue</Data>
    <Data Name=""UtcTime"">2023-12-19 21:09:17.401</Data>
    <Data Name=""ProcessGuid"">{f57bd86a-db82-6581-a700-000000000b00}</Data>
    <Data Name=""ProcessId"">6464</Data>
    <Data Name=""Image"">C:\Windows\Explorer.EXE</Data>
    <Data Name=""TargetObject"">HKU\S-1-5-21-2835251196-2691927458-378326815-1000\Control Panel\NotifyIconSettings\9427533322018058120\Publisher</Data>
    <Data Name=""Details"">Microsoft Windows</Data>
    <Data Name=""User"">WINDEV2309EVAL\User</Data>
  </EventData>
</Event>
"
Microsoft-Windows-Sysmon/Operational,,,WinDev2309Eval,09:17.3,,,,,,,,,11,740,,,,C:\Windows\SoftwareDistribution\Download\Install\UpdatePlatform.amd64fre.exe,,,0x8000000000000000,4,,,,,0,,,,,,,{f57bd86a-067c-6582-3003-000000000b00},10484,8404.0,,,,,,DLL,,,,,,,,,,,,,2023-12-19T21:09:17.3229248Z,C:\Windows\SystemTemp\42E80775-383B-4719-ABBF-A1334765F2D8\x86\MpAsDesc.dll,,,,,,11,,10592,NT AUTHORITY\SYSTEM,S-1-5-18,09:17.3,2.0,"<Event xmlns=""http://schemas.microsoft.com/win/2004/08/events/event"">
  <System>
    <Provider Name=""Microsoft-Windows-Sysmon"" Guid=""{5770385f-c22a-43e0-bf4c-06f5698ffbd9}""/>
    <EventID>11</EventID>
    <Version>2</Version>
    <Level>4</Level>
    <Task>11</Task>
    <Opcode>0</Opcode>
    <Keywords>0x8000000000000000</Keywords>
    <TimeCreated SystemTime=""2023-12-19T21:09:17.3229248Z""/>
    <EventRecordID>740</EventRecordID>
    <Correlation/>
    <Execution ProcessID=""10484"" ThreadID=""10592""/>
    <Channel>Microsoft-Windows-Sysmon/Operational</Channel>
    <Computer>WinDev2309Eval</Computer>
    <Security UserID=""S-1-5-18""/>
  </System>
  <EventData>
    <Data Name=""RuleName"">DLL</Data>
    <Data Name=""UtcTime"">2023-12-19 21:09:17.307</Data>
    <Data Name=""ProcessGuid"">{f57bd86a-067c-6582-3003-000000000b00}</Data>
    <Data Name=""ProcessId"">8404</Data>
    <Data Name=""Image"">C:\Windows\SoftwareDistribution\Download\Install\UpdatePlatform.amd64fre.exe</Data>
    <Data Name=""TargetFilename"">C:\Windows\SystemTemp\42E80775-383B-4719-ABBF-A1334765F2D8\x86\MpAsDesc.dll</Data>
    <Data Name=""CreationUtcTime"">2023-12-19 21:09:17.307</Data>
    <Data Name=""User"">NT AUTHORITY\SYSTEM</Data>
  </EventData>
</Event>
"
Microsoft-Windows-Sysmon/Operational,C:\Windows\uus\packages\preview\AMD64\MoNotificationUx.exe /NotificationType Reboot_Engaged_Important /FormFactor Passive /CV 2Tv15JYV/UGlCTEv.26,Microsoft Corporation,WinDev2309Eval,,C:\Windows\system32\,Notifications host process,,,,,,,1,739,,1023.725.1162.0,"MD5=39361FA3C67FB8867584C9980ACBAF48,SHA256=ADEA84D1623AFBE8FA11619573AC9C2363238138C2B3B0C000F2EBB5CBCCD6C0,IMPHASH=3B3B9CC86C446A8ADA86CF4C397FB6DB",C:\Windows\UUS\Packages\Preview\amd64\MoNotificationUx.exe,,Medium,0x8000000000000000,4,{f57bd86a-db7f-6581-2a63-080000000000},0x8632a,,,0,MoNotificationUx.exe,C:\Windows\uus\packages\preview\AMD64\MoUsoCoreWorker.exe,C:\Windows\UUS\Packages\Preview\amd64\MoUsoCoreWorker.exe,{f57bd86a-db77-6581-8900-000000000b00},5420.0,NT AUTHORITY\SYSTEM,{f57bd86a-067d-6582-3103-000000000b00},10484,7364.0,Microsoft速 Windows速 Operating System,,,,,-,,,,,,,,,,,,,2023-12-19T21:09:17.3195374Z,,,,,,,1,1.0,10592,WINDEV2309EVAL\User,S-1-5-18,09:17.3,5.0,"<Event xmlns=""http://schemas.microsoft.com/win/2004/08/events/event"">
  <System>
    <Provider Name=""Microsoft-Windows-Sysmon"" Guid=""{5770385f-c22a-43e0-bf4c-06f5698ffbd9}""/>
    <EventID>1</EventID>
    <Version>5</Version>
    <Level>4</Level>
    <Task>1</Task>
    <Opcode>0</Opcode>
    <Keywords>0x8000000000000000</Keywords>
    <TimeCreated SystemTime=""2023-12-19T21:09:17.3195374Z""/>
    <EventRecordID>739</EventRecordID>
    <Correlation/>
    <Execution ProcessID=""10484"" ThreadID=""10592""/>
    <Channel>Microsoft-Windows-Sysmon/Operational</Channel>
    <Computer>WinDev2309Eval</Computer>
    <Security UserID=""S-1-5-18""/>
  </System>
  <EventData>
    <Data Name=""RuleName"">-</Data>
    <Data Name=""UtcTime"">2023-12-19 21:09:17.317</Data>
    <Data Name=""ProcessGuid"">{f57bd86a-067d-6582-3103-000000000b00}</Data>
    <Data Name=""ProcessId"">7364</Data>
    <Data Name=""Image"">C:\Windows\UUS\Packages\Preview\amd64\MoNotificationUx.exe</Data>
    <Data Name=""FileVersion"">1023.725.1162.0</Data>
    <Data Name=""Description"">Notifications host process</Data>
    <Data Name=""Product"">Microsoft&#174; Windows&#174; Operating System</Data>
    <Data Name=""Company"">Microsoft Corporation</Data>
    <Data Name=""OriginalFileName"">MoNotificationUx.exe</Data>
    <Data Name=""CommandLine"">C:\Windows\uus\packages\preview\AMD64\MoNotificationUx.exe /NotificationType Reboot_Engaged_Important /FormFactor Passive /CV 2Tv15JYV/UGlCTEv.26</Data>
    <Data Name=""CurrentDirectory"">C:\Windows\system32\</Data>
    <Data Name=""User"">WINDEV2309EVAL\User</Data>
    <Data Name=""LogonGuid"">{f57bd86a-db7f-6581-2a63-080000000000}</Data>
    <Data Name=""LogonId"">0x8632a</Data>
    <Data Name=""TerminalSessionId"">1</Data>
    <Data Name=""IntegrityLevel"">Medium</Data>
    <Data Name=""Hashes"">MD5=39361FA3C67FB8867584C9980ACBAF48,SHA256=ADEA84D1623AFBE8FA11619573AC9C2363238138C2B3B0C000F2EBB5CBCCD6C0,IMPHASH=3B3B9CC86C446A8ADA86CF4C397FB6DB</Data>
    <Data Name=""ParentProcessGuid"">{f57bd86a-db77-6581-8900-000000000b00}</Data>
    <Data Name=""ParentProcessId"">5420</Data>
    <Data Name=""ParentImage"">C:\Windows\UUS\Packages\Preview\amd64\MoUsoCoreWorker.exe</Data>
    <Data Name=""ParentCommandLine"">C:\Windows\uus\packages\preview\AMD64\MoUsoCoreWorker.exe</Data>
    <Data Name=""ParentUser"">NT AUTHORITY\SYSTEM</Data>
  </EventData>
</Event>
"
Microsoft-Windows-Sysmon/Operational,,,WinDev2309Eval,09:17.3,,,,,,,,,11,738,,,,C:\Windows\SoftwareDistribution\Download\Install\UpdatePlatform.amd64fre.exe,,,0x8000000000000000,4,,,,,0,,,,,,,{f57bd86a-067c-6582-3003-000000000b00},10484,8404.0,,,,,,DLL,,,,,,,,,,,,,2023-12-19T21:09:17.2852219Z,C:\Windows\SystemTemp\42E80775-383B-4719-ABBF-A1334765F2D8\endpointdlp.dll,,,,,,11,,10592,NT AUTHORITY\SYSTEM,S-1-5-18,09:17.3,2.0,"<Event xmlns=""http://schemas.microsoft.com/win/2004/08/events/event"">
  <System>
    <Provider Name=""Microsoft-Windows-Sysmon"" Guid=""{5770385f-c22a-43e0-bf4c-06f5698ffbd9}""/>
    <EventID>11</EventID>
    <Version>2</Version>
    <Level>4</Level>
    <Task>11</Task>
    <Opcode>0</Opcode>
    <Keywords>0x8000000000000000</Keywords>
    <TimeCreated SystemTime=""2023-12-19T21:09:17.2852219Z""/>
    <EventRecordID>738</EventRecordID>
    <Correlation/>
    <Execution ProcessID=""10484"" ThreadID=""10592""/>
    <Channel>Microsoft-Windows-Sysmon/Operational</Channel>
    <Computer>WinDev2309Eval</Computer>
    <Security UserID=""S-1-5-18""/>
  </System>
  <EventData>
    <Data Name=""RuleName"">DLL</Data>
    <Data Name=""UtcTime"">2023-12-19 21:09:17.276</Data>
    <Data Name=""ProcessGuid"">{f57bd86a-067c-6582-3003-000000000b00}</Data>
    <Data Name=""ProcessId"">8404</Data>
    <Data Name=""Image"">C:\Windows\SoftwareDistribution\Download\Install\UpdatePlatform.amd64fre.exe</Data>
    <Data Name=""TargetFilename"">C:\Windows\SystemTemp\42E80775-383B-4719-ABBF-A1334765F2D8\endpointdlp.dll</Data>
    <Data Name=""CreationUtcTime"">2023-12-19 21:09:17.276</Data>
    <Data Name=""User"">NT AUTHORITY\SYSTEM</Data>
  </EventData>
</Event>
"
Microsoft-Windows-Sysmon/Operational,,,WinDev2309Eval,09:17.2,,,,,,,,,11,737,,,,C:\Windows\SoftwareDistribution\Download\Install\UpdatePlatform.amd64fre.exe,,,0x8000000000000000,4,,,,,0,,,,,,,{f57bd86a-067c-6582-3003-000000000b00},10484,8404.0,,,,,,DLL,,,,,,,,,,,,,2023-12-19T21:09:17.2607549Z,C:\Windows\SystemTemp\42E80775-383B-4719-ABBF-A1334765F2D8\ProtectionManagement.dll,,,,,,11,,10592,NT AUTHORITY\SYSTEM,S-1-5-18,09:17.2,2.0,"<Event xmlns=""http://schemas.microsoft.com/win/2004/08/events/event"">
  <System>
    <Provider Name=""Microsoft-Windows-Sysmon"" Guid=""{5770385f-c22a-43e0-bf4c-06f5698ffbd9}""/>
    <EventID>11</EventID>
    <Version>2</Version>
    <Level>4</Level>
    <Task>11</Task>
    <Opcode>0</Opcode>
    <Keywords>0x8000000000000000</Keywords>
    <TimeCreated SystemTime=""2023-12-19T21:09:17.2607549Z""/>
    <EventRecordID>737</EventRecordID>
    <Correlation/>
    <Execution ProcessID=""10484"" ThreadID=""10592""/>
    <Channel>Microsoft-Windows-Sysmon/Operational</Channel>
    <Computer>WinDev2309Eval</Computer>
    <Security UserID=""S-1-5-18""/>
  </System>
  <EventData>
    <Data Name=""RuleName"">DLL</Data>
    <Data Name=""UtcTime"">2023-12-19 21:09:17.245</Data>
    <Data Name=""ProcessGuid"">{f57bd86a-067c-6582-3003-000000000b00}</Data>
    <Data Name=""ProcessId"">8404</Data>
    <Data Name=""Image"">C:\Windows\SoftwareDistribution\Download\Install\UpdatePlatform.amd64fre.exe</Data>
    <Data Name=""TargetFilename"">C:\Windows\SystemTemp\42E80775-383B-4719-ABBF-A1334765F2D8\ProtectionManagement.dll</Data>
    <Data Name=""CreationUtcTime"">2023-12-19 21:09:17.245</Data>
    <Data Name=""User"">NT AUTHORITY\SYSTEM</Data>
  </EventData>
</Event>
"
Microsoft-Windows-Sysmon/Operational,,,WinDev2309Eval,09:17.2,,,,,,,,,11,736,,,,C:\Windows\SoftwareDistribution\Download\Install\UpdatePlatform.amd64fre.exe,,,0x8000000000000000,4,,,,,0,,,,,,,{f57bd86a-067c-6582-3003-000000000b00},10484,8404.0,,,,,,DLL,,,,,,,,,,,,,2023-12-19T21:09:17.1678533Z,C:\Windows\SystemTemp\42E80775-383B-4719-ABBF-A1334765F2D8\NpRep.dll,,,,,,11,,10592,NT AUTHORITY\SYSTEM,S-1-5-18,09:17.2,2.0,"<Event xmlns=""http://schemas.microsoft.com/win/2004/08/events/event"">
  <System>
    <Provider Name=""Microsoft-Windows-Sysmon"" Guid=""{5770385f-c22a-43e0-bf4c-06f5698ffbd9}""/>
    <EventID>11</EventID>
    <Version>2</Version>
    <Level>4</Level>
    <Task>11</Task>
    <Opcode>0</Opcode>
    <Keywords>0x8000000000000000</Keywords>
    <TimeCreated SystemTime=""2023-12-19T21:09:17.1678533Z""/>
    <EventRecordID>736</EventRecordID>
    <Correlation/>
    <Execution ProcessID=""10484"" ThreadID=""10592""/>
    <Channel>Microsoft-Windows-Sysmon/Operational</Channel>
    <Computer>WinDev2309Eval</Computer>
    <Security UserID=""S-1-5-18""/>
  </System>
  <EventData>
    <Data Name=""RuleName"">DLL</Data>
    <Data Name=""UtcTime"">2023-12-19 21:09:17.167</Data>
    <Data Name=""ProcessGuid"">{f57bd86a-067c-6582-3003-000000000b00}</Data>
    <Data Name=""ProcessId"">8404</Data>
    <Data Name=""Image"">C:\Windows\SoftwareDistribution\Download\Install\UpdatePlatform.amd64fre.exe</Data>
    <Data Name=""TargetFilename"">C:\Windows\SystemTemp\42E80775-383B-4719-ABBF-A1334765F2D8\NpRep.dll</Data>
    <Data Name=""CreationUtcTime"">2023-12-19 21:09:17.167</Data>
    <Data Name=""User"">NT AUTHORITY\SYSTEM</Data>
  </EventData>
</Event>
"
Microsoft-Windows-Sysmon/Operational,,,WinDev2309Eval,09:17.2,,,,,,,,,11,735,,,,C:\Windows\SoftwareDistribution\Download\Install\UpdatePlatform.amd64fre.exe,,,0x8000000000000000,4,,,,,0,,,,,,,{f57bd86a-067c-6582-3003-000000000b00},10484,8404.0,,,,,,DLL,,,,,,,,,,,,,2023-12-19T21:09:17.1616657Z,C:\Windows\SystemTemp\42E80775-383B-4719-ABBF-A1334765F2D8\MsMpLics.dll,,,,,,11,,10592,NT AUTHORITY\SYSTEM,S-1-5-18,09:17.2,2.0,"<Event xmlns=""http://schemas.microsoft.com/win/2004/08/events/event"">
  <System>
    <Provider Name=""Microsoft-Windows-Sysmon"" Guid=""{5770385f-c22a-43e0-bf4c-06f5698ffbd9}""/>
    <EventID>11</EventID>
    <Version>2</Version>
    <Level>4</Level>
    <Task>11</Task>
    <Opcode>0</Opcode>
    <Keywords>0x8000000000000000</Keywords>
    <TimeCreated SystemTime=""2023-12-19T21:09:17.1616657Z""/>
    <EventRecordID>735</EventRecordID>
    <Correlation/>
    <Execution ProcessID=""10484"" ThreadID=""10592""/>
    <Channel>Microsoft-Windows-Sysmon/Operational</Channel>
    <Computer>WinDev2309Eval</Computer>
    <Security UserID=""S-1-5-18""/>
  </System>
  <EventData>
    <Data Name=""RuleName"">DLL</Data>
    <Data Name=""UtcTime"">2023-12-19 21:09:17.151</Data>
    <Data Name=""ProcessGuid"">{f57bd86a-067c-6582-3003-000000000b00}</Data>
    <Data Name=""ProcessId"">8404</Data>
    <Data Name=""Image"">C:\Windows\SoftwareDistribution\Download\Install\UpdatePlatform.amd64fre.exe</Data>
    <Data Name=""TargetFilename"">C:\Windows\SystemTemp\42E80775-383B-4719-ABBF-A1334765F2D8\MsMpLics.dll</Data>
    <Data Name=""CreationUtcTime"">2023-12-19 21:09:17.151</Data>
    <Data Name=""User"">NT AUTHORITY\SYSTEM</Data>
  </EventData>
</Event>
"
Microsoft-Windows-Sysmon/Operational,,,WinDev2309Eval,09:17.1,,,,,,,,,11,734,,,,C:\Windows\SoftwareDistribution\Download\Install\UpdatePlatform.amd64fre.exe,,,0x8000000000000000,4,,,,,0,,,,,,,{f57bd86a-067c-6582-3003-000000000b00},10484,8404.0,,,,,,DLL,,,,,,,,,,,,,2023-12-19T21:09:17.1386810Z,C:\Windows\SystemTemp\42E80775-383B-4719-ABBF-A1334765F2D8\MpUxAgent.dll,,,,,,11,,10592,NT AUTHORITY\SYSTEM,S-1-5-18,09:17.1,2.0,"<Event xmlns=""http://schemas.microsoft.com/win/2004/08/events/event"">
  <System>
    <Provider Name=""Microsoft-Windows-Sysmon"" Guid=""{5770385f-c22a-43e0-bf4c-06f5698ffbd9}""/>
    <EventID>11</EventID>
    <Version>2</Version>
    <Level>4</Level>
    <Task>11</Task>
    <Opcode>0</Opcode>
    <Keywords>0x8000000000000000</Keywords>
    <TimeCreated SystemTime=""2023-12-19T21:09:17.1386810Z""/>
    <EventRecordID>734</EventRecordID>
    <Correlation/>
    <Execution ProcessID=""10484"" ThreadID=""10592""/>
    <Channel>Microsoft-Windows-Sysmon/Operational</Channel>
    <Computer>WinDev2309Eval</Computer>
    <Security UserID=""S-1-5-18""/>
  </System>
  <EventData>
    <Data Name=""RuleName"">DLL</Data>
    <Data Name=""UtcTime"">2023-12-19 21:09:17.136</Data>
    <Data Name=""ProcessGuid"">{f57bd86a-067c-6582-3003-000000000b00}</Data>
    <Data Name=""ProcessId"">8404</Data>
    <Data Name=""Image"">C:\Windows\SoftwareDistribution\Download\Install\UpdatePlatform.amd64fre.exe</Data>
    <Data Name=""TargetFilename"">C:\Windows\SystemTemp\42E80775-383B-4719-ABBF-A1334765F2D8\MpUxAgent.dll</Data>
    <Data Name=""CreationUtcTime"">2023-12-19 21:09:17.136</Data>
    <Data Name=""User"">NT AUTHORITY\SYSTEM</Data>
  </EventData>
</Event>
"
