Microsoft-Windows-Sysmon/Operational,,,WinDev2309Eval,,,,,,,,,10.0.22621.2215,13,112,SetValue,,,C:\Windows\system32\compattelrunner.exe,,,0x8000000000000000,4,,,,,0,,,,,,,{f57bd86a-01ad-6582-b102-000000000b00},10484,9832.0,,,,,,InvDB-DriverVer,,,,,,,,,,,,,2023-12-19T20:48:47.7640773Z,,,\REGISTRY\A\{bd75d637-a777-f887-435f-6fd9b1f1f54b}\Root\InventoryDevicePnp\pci/ven_15ad&dev_07a0&subsys_07a015ad&rev_01/3&61aaa01&0&be\DriverVerVersion,,,,13,,10592,NT AUTHORITY\SYSTEM,S-1-5-18,48:47.7,2.0,"<Event xmlns=""http://schemas.microsoft.com/win/2004/08/events/event"">
  <System>
    <Provider Name=""Microsoft-Windows-Sysmon"" Guid=""{5770385f-c22a-43e0-bf4c-06f5698ffbd9}""/>
    <EventID>13</EventID>
    <Version>2</Version>
    <Level>4</Level>
    <Task>13</Task>
    <Opcode>0</Opcode>
    <Keywords>0x8000000000000000</Keywords>
    <TimeCreated SystemTime=""2023-12-19T20:48:47.7640773Z""/>
    <EventRecordID>112</EventRecordID>
    <Correlation/>
    <Execution ProcessID=""10484"" ThreadID=""10592""/>
    <Channel>Microsoft-Windows-Sysmon/Operational</Channel>
    <Computer>WinDev2309Eval</Computer>
    <Security UserID=""S-1-5-18""/>
  </System>
  <EventData>
    <Data Name=""RuleName"">InvDB-DriverVer</Data>
    <Data Name=""EventType"">SetValue</Data>
    <Data Name=""UtcTime"">2023-12-19 20:48:47.750</Data>
    <Data Name=""ProcessGuid"">{f57bd86a-01ad-6582-b102-000000000b00}</Data>
    <Data Name=""ProcessId"">9832</Data>
    <Data Name=""Image"">C:\Windows\system32\compattelrunner.exe</Data>
    <Data Name=""TargetObject"">\REGISTRY\A\{bd75d637-a777-f887-435f-6fd9b1f1f54b}\Root\InventoryDevicePnp\pci/ven_15ad&amp;dev_07a0&amp;subsys_07a015ad&amp;rev_01/3&amp;61aaa01&amp;0&amp;be\DriverVerVersion</Data>
    <Data Name=""Details"">10.0.22621.2215</Data>
    <Data Name=""User"">NT AUTHORITY\SYSTEM</Data>
  </EventData>
</Event>
"
Microsoft-Windows-Sysmon/Operational,,,WinDev2309Eval,,,,,,,,,10.0.22621.2215,13,111,SetValue,,,C:\Windows\system32\compattelrunner.exe,,,0x8000000000000000,4,,,,,0,,,,,,,{f57bd86a-01ad-6582-b102-000000000b00},10484,9832.0,,,,,,InvDB-DriverVer,,,,,,,,,,,,,2023-12-19T20:48:47.7621310Z,,,\REGISTRY\A\{bd75d637-a777-f887-435f-6fd9b1f1f54b}\Root\InventoryDevicePnp\pci/ven_15ad&dev_07a0&subsys_07a015ad&rev_01/3&61aaa01&0&bd\DriverVerVersion,,,,13,,10592,NT AUTHORITY\SYSTEM,S-1-5-18,48:47.7,2.0,"<Event xmlns=""http://schemas.microsoft.com/win/2004/08/events/event"">
  <System>
    <Provider Name=""Microsoft-Windows-Sysmon"" Guid=""{5770385f-c22a-43e0-bf4c-06f5698ffbd9}""/>
    <EventID>13</EventID>
    <Version>2</Version>
    <Level>4</Level>
    <Task>13</Task>
    <Opcode>0</Opcode>
    <Keywords>0x8000000000000000</Keywords>
    <TimeCreated SystemTime=""2023-12-19T20:48:47.7621310Z""/>
    <EventRecordID>111</EventRecordID>
    <Correlation/>
    <Execution ProcessID=""10484"" ThreadID=""10592""/>
    <Channel>Microsoft-Windows-Sysmon/Operational</Channel>
    <Computer>WinDev2309Eval</Computer>
    <Security UserID=""S-1-5-18""/>
  </System>
  <EventData>
    <Data Name=""RuleName"">InvDB-DriverVer</Data>
    <Data Name=""EventType"">SetValue</Data>
    <Data Name=""UtcTime"">2023-12-19 20:48:47.750</Data>
    <Data Name=""ProcessGuid"">{f57bd86a-01ad-6582-b102-000000000b00}</Data>
    <Data Name=""ProcessId"">9832</Data>
    <Data Name=""Image"">C:\Windows\system32\compattelrunner.exe</Data>
    <Data Name=""TargetObject"">\REGISTRY\A\{bd75d637-a777-f887-435f-6fd9b1f1f54b}\Root\InventoryDevicePnp\pci/ven_15ad&amp;dev_07a0&amp;subsys_07a015ad&amp;rev_01/3&amp;61aaa01&amp;0&amp;bd\DriverVerVersion</Data>
    <Data Name=""Details"">10.0.22621.2215</Data>
    <Data Name=""User"">NT AUTHORITY\SYSTEM</Data>
  </EventData>
</Event>
"
Microsoft-Windows-Sysmon/Operational,,,WinDev2309Eval,,,,,,,,,10.0.22621.2215,13,110,SetValue,,,C:\Windows\system32\compattelrunner.exe,,,0x8000000000000000,4,,,,,0,,,,,,,{f57bd86a-01ad-6582-b102-000000000b00},10484,9832.0,,,,,,InvDB-DriverVer,,,,,,,,,,,,,2023-12-19T20:48:47.7600413Z,,,\REGISTRY\A\{bd75d637-a777-f887-435f-6fd9b1f1f54b}\Root\InventoryDevicePnp\pci/ven_15ad&dev_07a0&subsys_07a015ad&rev_01/3&61aaa01&0&bc\DriverVerVersion,,,,13,,10592,NT AUTHORITY\SYSTEM,S-1-5-18,48:47.7,2.0,"<Event xmlns=""http://schemas.microsoft.com/win/2004/08/events/event"">
  <System>
    <Provider Name=""Microsoft-Windows-Sysmon"" Guid=""{5770385f-c22a-43e0-bf4c-06f5698ffbd9}""/>
    <EventID>13</EventID>
    <Version>2</Version>
    <Level>4</Level>
    <Task>13</Task>
    <Opcode>0</Opcode>
    <Keywords>0x8000000000000000</Keywords>
    <TimeCreated SystemTime=""2023-12-19T20:48:47.7600413Z""/>
    <EventRecordID>110</EventRecordID>
    <Correlation/>
    <Execution ProcessID=""10484"" ThreadID=""10592""/>
    <Channel>Microsoft-Windows-Sysmon/Operational</Channel>
    <Computer>WinDev2309Eval</Computer>
    <Security UserID=""S-1-5-18""/>
  </System>
  <EventData>
    <Data Name=""RuleName"">InvDB-DriverVer</Data>
    <Data Name=""EventType"">SetValue</Data>
    <Data Name=""UtcTime"">2023-12-19 20:48:47.750</Data>
    <Data Name=""ProcessGuid"">{f57bd86a-01ad-6582-b102-000000000b00}</Data>
    <Data Name=""ProcessId"">9832</Data>
    <Data Name=""Image"">C:\Windows\system32\compattelrunner.exe</Data>
    <Data Name=""TargetObject"">\REGISTRY\A\{bd75d637-a777-f887-435f-6fd9b1f1f54b}\Root\InventoryDevicePnp\pci/ven_15ad&amp;dev_07a0&amp;subsys_07a015ad&amp;rev_01/3&amp;61aaa01&amp;0&amp;bc\DriverVerVersion</Data>
    <Data Name=""Details"">10.0.22621.2215</Data>
    <Data Name=""User"">NT AUTHORITY\SYSTEM</Data>
  </EventData>
</Event>
"
Microsoft-Windows-Sysmon/Operational,,,WinDev2309Eval,,,,,,,,,10.0.22621.2215,13,109,SetValue,,,C:\Windows\system32\compattelrunner.exe,,,0x8000000000000000,4,,,,,0,,,,,,,{f57bd86a-01ad-6582-b102-000000000b00},10484,9832.0,,,,,,InvDB-DriverVer,,,,,,,,,,,,,2023-12-19T20:48:47.7576887Z,,,\REGISTRY\A\{bd75d637-a777-f887-435f-6fd9b1f1f54b}\Root\InventoryDevicePnp\pci/ven_15ad&dev_07a0&subsys_07a015ad&rev_01/3&61aaa01&0&bb\DriverVerVersion,,,,13,,10592,NT AUTHORITY\SYSTEM,S-1-5-18,48:47.7,2.0,"<Event xmlns=""http://schemas.microsoft.com/win/2004/08/events/event"">
  <System>
    <Provider Name=""Microsoft-Windows-Sysmon"" Guid=""{5770385f-c22a-43e0-bf4c-06f5698ffbd9}""/>
    <EventID>13</EventID>
    <Version>2</Version>
    <Level>4</Level>
    <Task>13</Task>
    <Opcode>0</Opcode>
    <Keywords>0x8000000000000000</Keywords>
    <TimeCreated SystemTime=""2023-12-19T20:48:47.7576887Z""/>
    <EventRecordID>109</EventRecordID>
    <Correlation/>
    <Execution ProcessID=""10484"" ThreadID=""10592""/>
    <Channel>Microsoft-Windows-Sysmon/Operational</Channel>
    <Computer>WinDev2309Eval</Computer>
    <Security UserID=""S-1-5-18""/>
  </System>
  <EventData>
    <Data Name=""RuleName"">InvDB-DriverVer</Data>
    <Data Name=""EventType"">SetValue</Data>
    <Data Name=""UtcTime"">2023-12-19 20:48:47.734</Data>
    <Data Name=""ProcessGuid"">{f57bd86a-01ad-6582-b102-000000000b00}</Data>
    <Data Name=""ProcessId"">9832</Data>
    <Data Name=""Image"">C:\Windows\system32\compattelrunner.exe</Data>
    <Data Name=""TargetObject"">\REGISTRY\A\{bd75d637-a777-f887-435f-6fd9b1f1f54b}\Root\InventoryDevicePnp\pci/ven_15ad&amp;dev_07a0&amp;subsys_07a015ad&amp;rev_01/3&amp;61aaa01&amp;0&amp;bb\DriverVerVersion</Data>
    <Data Name=""Details"">10.0.22621.2215</Data>
    <Data Name=""User"">NT AUTHORITY\SYSTEM</Data>
  </EventData>
</Event>
"
Microsoft-Windows-Sysmon/Operational,,,WinDev2309Eval,,,,,,,,,10.0.22621.2215,13,108,SetValue,,,C:\Windows\system32\compattelrunner.exe,,,0x8000000000000000,4,,,,,0,,,,,,,{f57bd86a-01ad-6582-b102-000000000b00},10484,9832.0,,,,,,InvDB-DriverVer,,,,,,,,,,,,,2023-12-19T20:48:47.7556786Z,,,\REGISTRY\A\{bd75d637-a777-f887-435f-6fd9b1f1f54b}\Root\InventoryDevicePnp\pci/ven_15ad&dev_07a0&subsys_07a015ad&rev_01/3&61aaa01&0&ba\DriverVerVersion,,,,13,,10592,NT AUTHORITY\SYSTEM,S-1-5-18,48:47.7,2.0,"<Event xmlns=""http://schemas.microsoft.com/win/2004/08/events/event"">
  <System>
    <Provider Name=""Microsoft-Windows-Sysmon"" Guid=""{5770385f-c22a-43e0-bf4c-06f5698ffbd9}""/>
    <EventID>13</EventID>
    <Version>2</Version>
    <Level>4</Level>
    <Task>13</Task>
    <Opcode>0</Opcode>
    <Keywords>0x8000000000000000</Keywords>
    <TimeCreated SystemTime=""2023-12-19T20:48:47.7556786Z""/>
    <EventRecordID>108</EventRecordID>
    <Correlation/>
    <Execution ProcessID=""10484"" ThreadID=""10592""/>
    <Channel>Microsoft-Windows-Sysmon/Operational</Channel>
    <Computer>WinDev2309Eval</Computer>
    <Security UserID=""S-1-5-18""/>
  </System>
  <EventData>
    <Data Name=""RuleName"">InvDB-DriverVer</Data>
    <Data Name=""EventType"">SetValue</Data>
    <Data Name=""UtcTime"">2023-12-19 20:48:47.734</Data>
    <Data Name=""ProcessGuid"">{f57bd86a-01ad-6582-b102-000000000b00}</Data>
    <Data Name=""ProcessId"">9832</Data>
    <Data Name=""Image"">C:\Windows\system32\compattelrunner.exe</Data>
    <Data Name=""TargetObject"">\REGISTRY\A\{bd75d637-a777-f887-435f-6fd9b1f1f54b}\Root\InventoryDevicePnp\pci/ven_15ad&amp;dev_07a0&amp;subsys_07a015ad&amp;rev_01/3&amp;61aaa01&amp;0&amp;ba\DriverVerVersion</Data>
    <Data Name=""Details"">10.0.22621.2215</Data>
    <Data Name=""User"">NT AUTHORITY\SYSTEM</Data>
  </EventData>
</Event>
"
Microsoft-Windows-Sysmon/Operational,,,WinDev2309Eval,,,,,,,,,10.0.22621.2215,13,107,SetValue,,,C:\Windows\system32\compattelrunner.exe,,,0x8000000000000000,4,,,,,0,,,,,,,{f57bd86a-01ad-6582-b102-000000000b00},10484,9832.0,,,,,,InvDB-DriverVer,,,,,,,,,,,,,2023-12-19T20:48:47.7537243Z,,,\REGISTRY\A\{bd75d637-a777-f887-435f-6fd9b1f1f54b}\Root\InventoryDevicePnp\pci/ven_15ad&dev_07a0&subsys_07a015ad&rev_01/3&61aaa01&0&b9\DriverVerVersion,,,,13,,10592,NT AUTHORITY\SYSTEM,S-1-5-18,48:47.7,2.0,"<Event xmlns=""http://schemas.microsoft.com/win/2004/08/events/event"">
  <System>
    <Provider Name=""Microsoft-Windows-Sysmon"" Guid=""{5770385f-c22a-43e0-bf4c-06f5698ffbd9}""/>
    <EventID>13</EventID>
    <Version>2</Version>
    <Level>4</Level>
    <Task>13</Task>
    <Opcode>0</Opcode>
    <Keywords>0x8000000000000000</Keywords>
    <TimeCreated SystemTime=""2023-12-19T20:48:47.7537243Z""/>
    <EventRecordID>107</EventRecordID>
    <Correlation/>
    <Execution ProcessID=""10484"" ThreadID=""10592""/>
    <Channel>Microsoft-Windows-Sysmon/Operational</Channel>
    <Computer>WinDev2309Eval</Computer>
    <Security UserID=""S-1-5-18""/>
  </System>
  <EventData>
    <Data Name=""RuleName"">InvDB-DriverVer</Data>
    <Data Name=""EventType"">SetValue</Data>
    <Data Name=""UtcTime"">2023-12-19 20:48:47.734</Data>
    <Data Name=""ProcessGuid"">{f57bd86a-01ad-6582-b102-000000000b00}</Data>
    <Data Name=""ProcessId"">9832</Data>
    <Data Name=""Image"">C:\Windows\system32\compattelrunner.exe</Data>
    <Data Name=""TargetObject"">\REGISTRY\A\{bd75d637-a777-f887-435f-6fd9b1f1f54b}\Root\InventoryDevicePnp\pci/ven_15ad&amp;dev_07a0&amp;subsys_07a015ad&amp;rev_01/3&amp;61aaa01&amp;0&amp;b9\DriverVerVersion</Data>
    <Data Name=""Details"">10.0.22621.2215</Data>
    <Data Name=""User"">NT AUTHORITY\SYSTEM</Data>
  </EventData>
</Event>
"
Microsoft-Windows-Sysmon/Operational,,,WinDev2309Eval,,,,,,,,,10.0.22621.2215,13,106,SetValue,,,C:\Windows\system32\compattelrunner.exe,,,0x8000000000000000,4,,,,,0,,,,,,,{f57bd86a-01ad-6582-b102-000000000b00},10484,9832.0,,,,,,InvDB-DriverVer,,,,,,,,,,,,,2023-12-19T20:48:47.7516860Z,,,\REGISTRY\A\{bd75d637-a777-f887-435f-6fd9b1f1f54b}\Root\InventoryDevicePnp\pci/ven_15ad&dev_07a0&subsys_07a015ad&rev_01/3&61aaa01&0&b8\DriverVerVersion,,,,13,,10592,NT AUTHORITY\SYSTEM,S-1-5-18,48:47.7,2.0,"<Event xmlns=""http://schemas.microsoft.com/win/2004/08/events/event"">
  <System>
    <Provider Name=""Microsoft-Windows-Sysmon"" Guid=""{5770385f-c22a-43e0-bf4c-06f5698ffbd9}""/>
    <EventID>13</EventID>
    <Version>2</Version>
    <Level>4</Level>
    <Task>13</Task>
    <Opcode>0</Opcode>
    <Keywords>0x8000000000000000</Keywords>
    <TimeCreated SystemTime=""2023-12-19T20:48:47.7516860Z""/>
    <EventRecordID>106</EventRecordID>
    <Correlation/>
    <Execution ProcessID=""10484"" ThreadID=""10592""/>
    <Channel>Microsoft-Windows-Sysmon/Operational</Channel>
    <Computer>WinDev2309Eval</Computer>
    <Security UserID=""S-1-5-18""/>
  </System>
  <EventData>
    <Data Name=""RuleName"">InvDB-DriverVer</Data>
    <Data Name=""EventType"">SetValue</Data>
    <Data Name=""UtcTime"">2023-12-19 20:48:47.734</Data>
    <Data Name=""ProcessGuid"">{f57bd86a-01ad-6582-b102-000000000b00}</Data>
    <Data Name=""ProcessId"">9832</Data>
    <Data Name=""Image"">C:\Windows\system32\compattelrunner.exe</Data>
    <Data Name=""TargetObject"">\REGISTRY\A\{bd75d637-a777-f887-435f-6fd9b1f1f54b}\Root\InventoryDevicePnp\pci/ven_15ad&amp;dev_07a0&amp;subsys_07a015ad&amp;rev_01/3&amp;61aaa01&amp;0&amp;b8\DriverVerVersion</Data>
    <Data Name=""Details"">10.0.22621.2215</Data>
    <Data Name=""User"">NT AUTHORITY\SYSTEM</Data>
  </EventData>
</Event>
"
Microsoft-Windows-Sysmon/Operational,,,WinDev2309Eval,,,,,,,,,10.0.22621.2215,13,105,SetValue,,,C:\Windows\system32\compattelrunner.exe,,,0x8000000000000000,4,,,,,0,,,,,,,{f57bd86a-01ad-6582-b102-000000000b00},10484,9832.0,,,,,,InvDB-DriverVer,,,,,,,,,,,,,2023-12-19T20:48:47.7492080Z,,,\REGISTRY\A\{bd75d637-a777-f887-435f-6fd9b1f1f54b}\Root\InventoryDevicePnp\pci/ven_15ad&dev_07a0&subsys_07a015ad&rev_01/3&61aaa01&0&b7\DriverVerVersion,,,,13,,10592,NT AUTHORITY\SYSTEM,S-1-5-18,48:47.7,2.0,"<Event xmlns=""http://schemas.microsoft.com/win/2004/08/events/event"">
  <System>
    <Provider Name=""Microsoft-Windows-Sysmon"" Guid=""{5770385f-c22a-43e0-bf4c-06f5698ffbd9}""/>
    <EventID>13</EventID>
    <Version>2</Version>
    <Level>4</Level>
    <Task>13</Task>
    <Opcode>0</Opcode>
    <Keywords>0x8000000000000000</Keywords>
    <TimeCreated SystemTime=""2023-12-19T20:48:47.7492080Z""/>
    <EventRecordID>105</EventRecordID>
    <Correlation/>
    <Execution ProcessID=""10484"" ThreadID=""10592""/>
    <Channel>Microsoft-Windows-Sysmon/Operational</Channel>
    <Computer>WinDev2309Eval</Computer>
    <Security UserID=""S-1-5-18""/>
  </System>
  <EventData>
    <Data Name=""RuleName"">InvDB-DriverVer</Data>
    <Data Name=""EventType"">SetValue</Data>
    <Data Name=""UtcTime"">2023-12-19 20:48:47.734</Data>
    <Data Name=""ProcessGuid"">{f57bd86a-01ad-6582-b102-000000000b00}</Data>
    <Data Name=""ProcessId"">9832</Data>
    <Data Name=""Image"">C:\Windows\system32\compattelrunner.exe</Data>
    <Data Name=""TargetObject"">\REGISTRY\A\{bd75d637-a777-f887-435f-6fd9b1f1f54b}\Root\InventoryDevicePnp\pci/ven_15ad&amp;dev_07a0&amp;subsys_07a015ad&amp;rev_01/3&amp;61aaa01&amp;0&amp;b7\DriverVerVersion</Data>
    <Data Name=""Details"">10.0.22621.2215</Data>
    <Data Name=""User"">NT AUTHORITY\SYSTEM</Data>
  </EventData>
</Event>
"
Microsoft-Windows-Sysmon/Operational,,,WinDev2309Eval,,,,,,,,,10.0.22621.2215,13,104,SetValue,,,C:\Windows\system32\compattelrunner.exe,,,0x8000000000000000,4,,,,,0,,,,,,,{f57bd86a-01ad-6582-b102-000000000b00},10484,9832.0,,,,,,InvDB-DriverVer,,,,,,,,,,,,,2023-12-19T20:48:47.7472746Z,,,\REGISTRY\A\{bd75d637-a777-f887-435f-6fd9b1f1f54b}\Root\InventoryDevicePnp\pci/ven_15ad&dev_07a0&subsys_07a015ad&rev_01/3&61aaa01&0&b6\DriverVerVersion,,,,13,,10592,NT AUTHORITY\SYSTEM,S-1-5-18,48:47.7,2.0,"<Event xmlns=""http://schemas.microsoft.com/win/2004/08/events/event"">
  <System>
    <Provider Name=""Microsoft-Windows-Sysmon"" Guid=""{5770385f-c22a-43e0-bf4c-06f5698ffbd9}""/>
    <EventID>13</EventID>
    <Version>2</Version>
    <Level>4</Level>
    <Task>13</Task>
    <Opcode>0</Opcode>
    <Keywords>0x8000000000000000</Keywords>
    <TimeCreated SystemTime=""2023-12-19T20:48:47.7472746Z""/>
    <EventRecordID>104</EventRecordID>
    <Correlation/>
    <Execution ProcessID=""10484"" ThreadID=""10592""/>
    <Channel>Microsoft-Windows-Sysmon/Operational</Channel>
    <Computer>WinDev2309Eval</Computer>
    <Security UserID=""S-1-5-18""/>
  </System>
  <EventData>
    <Data Name=""RuleName"">InvDB-DriverVer</Data>
    <Data Name=""EventType"">SetValue</Data>
    <Data Name=""UtcTime"">2023-12-19 20:48:47.734</Data>
    <Data Name=""ProcessGuid"">{f57bd86a-01ad-6582-b102-000000000b00}</Data>
    <Data Name=""ProcessId"">9832</Data>
    <Data Name=""Image"">C:\Windows\system32\compattelrunner.exe</Data>
    <Data Name=""TargetObject"">\REGISTRY\A\{bd75d637-a777-f887-435f-6fd9b1f1f54b}\Root\InventoryDevicePnp\pci/ven_15ad&amp;dev_07a0&amp;subsys_07a015ad&amp;rev_01/3&amp;61aaa01&amp;0&amp;b6\DriverVerVersion</Data>
    <Data Name=""Details"">10.0.22621.2215</Data>
    <Data Name=""User"">NT AUTHORITY\SYSTEM</Data>
  </EventData>
</Event>
"
Microsoft-Windows-Sysmon/Operational,,,WinDev2309Eval,,,,,,,,,10.0.22621.2215,13,103,SetValue,,,C:\Windows\system32\compattelrunner.exe,,,0x8000000000000000,4,,,,,0,,,,,,,{f57bd86a-01ad-6582-b102-000000000b00},10484,9832.0,,,,,,InvDB-DriverVer,,,,,,,,,,,,,2023-12-19T20:48:47.7452018Z,,,\REGISTRY\A\{bd75d637-a777-f887-435f-6fd9b1f1f54b}\Root\InventoryDevicePnp\pci/ven_15ad&dev_07a0&subsys_07a015ad&rev_01/3&61aaa01&0&b5\DriverVerVersion,,,,13,,10592,NT AUTHORITY\SYSTEM,S-1-5-18,48:47.7,2.0,"<Event xmlns=""http://schemas.microsoft.com/win/2004/08/events/event"">
  <System>
    <Provider Name=""Microsoft-Windows-Sysmon"" Guid=""{5770385f-c22a-43e0-bf4c-06f5698ffbd9}""/>
    <EventID>13</EventID>
    <Version>2</Version>
    <Level>4</Level>
    <Task>13</Task>
    <Opcode>0</Opcode>
    <Keywords>0x8000000000000000</Keywords>
    <TimeCreated SystemTime=""2023-12-19T20:48:47.7452018Z""/>
    <EventRecordID>103</EventRecordID>
    <Correlation/>
    <Execution ProcessID=""10484"" ThreadID=""10592""/>
    <Channel>Microsoft-Windows-Sysmon/Operational</Channel>
    <Computer>WinDev2309Eval</Computer>
    <Security UserID=""S-1-5-18""/>
  </System>
  <EventData>
    <Data Name=""RuleName"">InvDB-DriverVer</Data>
    <Data Name=""EventType"">SetValue</Data>
    <Data Name=""UtcTime"">2023-12-19 20:48:47.734</Data>
    <Data Name=""ProcessGuid"">{f57bd86a-01ad-6582-b102-000000000b00}</Data>
    <Data Name=""ProcessId"">9832</Data>
    <Data Name=""Image"">C:\Windows\system32\compattelrunner.exe</Data>
    <Data Name=""TargetObject"">\REGISTRY\A\{bd75d637-a777-f887-435f-6fd9b1f1f54b}\Root\InventoryDevicePnp\pci/ven_15ad&amp;dev_07a0&amp;subsys_07a015ad&amp;rev_01/3&amp;61aaa01&amp;0&amp;b5\DriverVerVersion</Data>
    <Data Name=""Details"">10.0.22621.2215</Data>
    <Data Name=""User"">NT AUTHORITY\SYSTEM</Data>
  </EventData>
</Event>
"
Microsoft-Windows-Sysmon/Operational,,,WinDev2309Eval,,,,,,,,,10.0.22621.2215,13,102,SetValue,,,C:\Windows\system32\compattelrunner.exe,,,0x8000000000000000,4,,,,,0,,,,,,,{f57bd86a-01ad-6582-b102-000000000b00},10484,9832.0,,,,,,InvDB-DriverVer,,,,,,,,,,,,,2023-12-19T20:48:47.7387347Z,,,\REGISTRY\A\{bd75d637-a777-f887-435f-6fd9b1f1f54b}\Root\InventoryDevicePnp\pci/ven_15ad&dev_07a0&subsys_07a015ad&rev_01/3&61aaa01&0&b4\DriverVerVersion,,,,13,,10592,NT AUTHORITY\SYSTEM,S-1-5-18,48:47.7,2.0,"<Event xmlns=""http://schemas.microsoft.com/win/2004/08/events/event"">
  <System>
    <Provider Name=""Microsoft-Windows-Sysmon"" Guid=""{5770385f-c22a-43e0-bf4c-06f5698ffbd9}""/>
    <EventID>13</EventID>
    <Version>2</Version>
    <Level>4</Level>
    <Task>13</Task>
    <Opcode>0</Opcode>
    <Keywords>0x8000000000000000</Keywords>
    <TimeCreated SystemTime=""2023-12-19T20:48:47.7387347Z""/>
    <EventRecordID>102</EventRecordID>
    <Correlation/>
    <Execution ProcessID=""10484"" ThreadID=""10592""/>
    <Channel>Microsoft-Windows-Sysmon/Operational</Channel>
    <Computer>WinDev2309Eval</Computer>
    <Security UserID=""S-1-5-18""/>
  </System>
  <EventData>
    <Data Name=""RuleName"">InvDB-DriverVer</Data>
    <Data Name=""EventType"">SetValue</Data>
    <Data Name=""UtcTime"">2023-12-19 20:48:47.734</Data>
    <Data Name=""ProcessGuid"">{f57bd86a-01ad-6582-b102-000000000b00}</Data>
    <Data Name=""ProcessId"">9832</Data>
    <Data Name=""Image"">C:\Windows\system32\compattelrunner.exe</Data>
    <Data Name=""TargetObject"">\REGISTRY\A\{bd75d637-a777-f887-435f-6fd9b1f1f54b}\Root\InventoryDevicePnp\pci/ven_15ad&amp;dev_07a0&amp;subsys_07a015ad&amp;rev_01/3&amp;61aaa01&amp;0&amp;b4\DriverVerVersion</Data>
    <Data Name=""Details"">10.0.22621.2215</Data>
    <Data Name=""User"">NT AUTHORITY\SYSTEM</Data>
  </EventData>
</Event>
"
Microsoft-Windows-Sysmon/Operational,,,WinDev2309Eval,,,,,,,,,10.0.22621.2215,13,101,SetValue,,,C:\Windows\system32\compattelrunner.exe,,,0x8000000000000000,4,,,,,0,,,,,,,{f57bd86a-01ad-6582-b102-000000000b00},10484,9832.0,,,,,,InvDB-DriverVer,,,,,,,,,,,,,2023-12-19T20:48:46.8091249Z,,,\REGISTRY\A\{bd75d637-a777-f887-435f-6fd9b1f1f54b}\Root\InventoryDevicePnp\pci/ven_15ad&dev_07a0&subsys_07a015ad&rev_01/3&61aaa01&0&b3\DriverVerVersion,,,,13,,10592,NT AUTHORITY\SYSTEM,S-1-5-18,48:46.8,2.0,"<Event xmlns=""http://schemas.microsoft.com/win/2004/08/events/event"">
  <System>
    <Provider Name=""Microsoft-Windows-Sysmon"" Guid=""{5770385f-c22a-43e0-bf4c-06f5698ffbd9}""/>
    <EventID>13</EventID>
    <Version>2</Version>
    <Level>4</Level>
    <Task>13</Task>
    <Opcode>0</Opcode>
    <Keywords>0x8000000000000000</Keywords>
    <TimeCreated SystemTime=""2023-12-19T20:48:46.8091249Z""/>
    <EventRecordID>101</EventRecordID>
    <Correlation/>
    <Execution ProcessID=""10484"" ThreadID=""10592""/>
    <Channel>Microsoft-Windows-Sysmon/Operational</Channel>
    <Computer>WinDev2309Eval</Computer>
    <Security UserID=""S-1-5-18""/>
  </System>
  <EventData>
    <Data Name=""RuleName"">InvDB-DriverVer</Data>
    <Data Name=""EventType"">SetValue</Data>
    <Data Name=""UtcTime"">2023-12-19 20:48:46.785</Data>
    <Data Name=""ProcessGuid"">{f57bd86a-01ad-6582-b102-000000000b00}</Data>
    <Data Name=""ProcessId"">9832</Data>
    <Data Name=""Image"">C:\Windows\system32\compattelrunner.exe</Data>
    <Data Name=""TargetObject"">\REGISTRY\A\{bd75d637-a777-f887-435f-6fd9b1f1f54b}\Root\InventoryDevicePnp\pci/ven_15ad&amp;dev_07a0&amp;subsys_07a015ad&amp;rev_01/3&amp;61aaa01&amp;0&amp;b3\DriverVerVersion</Data>
    <Data Name=""Details"">10.0.22621.2215</Data>
    <Data Name=""User"">NT AUTHORITY\SYSTEM</Data>
  </EventData>
</Event>
"
Microsoft-Windows-Sysmon/Operational,,,WinDev2309Eval,,,,,,,,,10.0.22621.2215,13,100,SetValue,,,C:\Windows\system32\compattelrunner.exe,,,0x8000000000000000,4,,,,,0,,,,,,,{f57bd86a-01ad-6582-b102-000000000b00},10484,9832.0,,,,,,InvDB-DriverVer,,,,,,,,,,,,,2023-12-19T20:48:46.8071626Z,,,\REGISTRY\A\{bd75d637-a777-f887-435f-6fd9b1f1f54b}\Root\InventoryDevicePnp\pci/ven_15ad&dev_07a0&subsys_07a015ad&rev_01/3&61aaa01&0&b2\DriverVerVersion,,,,13,,10592,NT AUTHORITY\SYSTEM,S-1-5-18,48:46.8,2.0,"<Event xmlns=""http://schemas.microsoft.com/win/2004/08/events/event"">
  <System>
    <Provider Name=""Microsoft-Windows-Sysmon"" Guid=""{5770385f-c22a-43e0-bf4c-06f5698ffbd9}""/>
    <EventID>13</EventID>
    <Version>2</Version>
    <Level>4</Level>
    <Task>13</Task>
    <Opcode>0</Opcode>
    <Keywords>0x8000000000000000</Keywords>
    <TimeCreated SystemTime=""2023-12-19T20:48:46.8071626Z""/>
    <EventRecordID>100</EventRecordID>
    <Correlation/>
    <Execution ProcessID=""10484"" ThreadID=""10592""/>
    <Channel>Microsoft-Windows-Sysmon/Operational</Channel>
    <Computer>WinDev2309Eval</Computer>
    <Security UserID=""S-1-5-18""/>
  </System>
  <EventData>
    <Data Name=""RuleName"">InvDB-DriverVer</Data>
    <Data Name=""EventType"">SetValue</Data>
    <Data Name=""UtcTime"">2023-12-19 20:48:46.785</Data>
    <Data Name=""ProcessGuid"">{f57bd86a-01ad-6582-b102-000000000b00}</Data>
    <Data Name=""ProcessId"">9832</Data>
    <Data Name=""Image"">C:\Windows\system32\compattelrunner.exe</Data>
    <Data Name=""TargetObject"">\REGISTRY\A\{bd75d637-a777-f887-435f-6fd9b1f1f54b}\Root\InventoryDevicePnp\pci/ven_15ad&amp;dev_07a0&amp;subsys_07a015ad&amp;rev_01/3&amp;61aaa01&amp;0&amp;b2\DriverVerVersion</Data>
    <Data Name=""Details"">10.0.22621.2215</Data>
    <Data Name=""User"">NT AUTHORITY\SYSTEM</Data>
  </EventData>
</Event>
"
Microsoft-Windows-Sysmon/Operational,,,WinDev2309Eval,,,,,,,,,10.0.22621.2215,13,99,SetValue,,,C:\Windows\system32\compattelrunner.exe,,,0x8000000000000000,4,,,,,0,,,,,,,{f57bd86a-01ad-6582-b102-000000000b00},10484,9832.0,,,,,,InvDB-DriverVer,,,,,,,,,,,,,2023-12-19T20:48:46.8050969Z,,,\REGISTRY\A\{bd75d637-a777-f887-435f-6fd9b1f1f54b}\Root\InventoryDevicePnp\pci/ven_15ad&dev_07a0&subsys_07a015ad&rev_01/3&61aaa01&0&b1\DriverVerVersion,,,,13,,10592,NT AUTHORITY\SYSTEM,S-1-5-18,48:46.8,2.0,"<Event xmlns=""http://schemas.microsoft.com/win/2004/08/events/event"">
  <System>
    <Provider Name=""Microsoft-Windows-Sysmon"" Guid=""{5770385f-c22a-43e0-bf4c-06f5698ffbd9}""/>
    <EventID>13</EventID>
    <Version>2</Version>
    <Level>4</Level>
    <Task>13</Task>
    <Opcode>0</Opcode>
    <Keywords>0x8000000000000000</Keywords>
    <TimeCreated SystemTime=""2023-12-19T20:48:46.8050969Z""/>
    <EventRecordID>99</EventRecordID>
    <Correlation/>
    <Execution ProcessID=""10484"" ThreadID=""10592""/>
    <Channel>Microsoft-Windows-Sysmon/Operational</Channel>
    <Computer>WinDev2309Eval</Computer>
    <Security UserID=""S-1-5-18""/>
  </System>
  <EventData>
    <Data Name=""RuleName"">InvDB-DriverVer</Data>
    <Data Name=""EventType"">SetValue</Data>
    <Data Name=""UtcTime"">2023-12-19 20:48:46.785</Data>
    <Data Name=""ProcessGuid"">{f57bd86a-01ad-6582-b102-000000000b00}</Data>
    <Data Name=""ProcessId"">9832</Data>
    <Data Name=""Image"">C:\Windows\system32\compattelrunner.exe</Data>
    <Data Name=""TargetObject"">\REGISTRY\A\{bd75d637-a777-f887-435f-6fd9b1f1f54b}\Root\InventoryDevicePnp\pci/ven_15ad&amp;dev_07a0&amp;subsys_07a015ad&amp;rev_01/3&amp;61aaa01&amp;0&amp;b1\DriverVerVersion</Data>
    <Data Name=""Details"">10.0.22621.2215</Data>
    <Data Name=""User"">NT AUTHORITY\SYSTEM</Data>
  </EventData>
</Event>
"
Microsoft-Windows-Sysmon/Operational,,,WinDev2309Eval,,,,,,,,,10.0.22621.2215,13,98,SetValue,,,C:\Windows\system32\compattelrunner.exe,,,0x8000000000000000,4,,,,,0,,,,,,,{f57bd86a-01ad-6582-b102-000000000b00},10484,9832.0,,,,,,InvDB-DriverVer,,,,,,,,,,,,,2023-12-19T20:48:46.8030566Z,,,\REGISTRY\A\{bd75d637-a777-f887-435f-6fd9b1f1f54b}\Root\InventoryDevicePnp\pci/ven_15ad&dev_07a0&subsys_07a015ad&rev_01/3&61aaa01&0&b0\DriverVerVersion,,,,13,,10592,NT AUTHORITY\SYSTEM,S-1-5-18,48:46.8,2.0,"<Event xmlns=""http://schemas.microsoft.com/win/2004/08/events/event"">
  <System>
    <Provider Name=""Microsoft-Windows-Sysmon"" Guid=""{5770385f-c22a-43e0-bf4c-06f5698ffbd9}""/>
    <EventID>13</EventID>
    <Version>2</Version>
    <Level>4</Level>
    <Task>13</Task>
    <Opcode>0</Opcode>
    <Keywords>0x8000000000000000</Keywords>
    <TimeCreated SystemTime=""2023-12-19T20:48:46.8030566Z""/>
    <EventRecordID>98</EventRecordID>
    <Correlation/>
    <Execution ProcessID=""10484"" ThreadID=""10592""/>
    <Channel>Microsoft-Windows-Sysmon/Operational</Channel>
    <Computer>WinDev2309Eval</Computer>
    <Security UserID=""S-1-5-18""/>
  </System>
  <EventData>
    <Data Name=""RuleName"">InvDB-DriverVer</Data>
    <Data Name=""EventType"">SetValue</Data>
    <Data Name=""UtcTime"">2023-12-19 20:48:46.785</Data>
    <Data Name=""ProcessGuid"">{f57bd86a-01ad-6582-b102-000000000b00}</Data>
    <Data Name=""ProcessId"">9832</Data>
    <Data Name=""Image"">C:\Windows\system32\compattelrunner.exe</Data>
    <Data Name=""TargetObject"">\REGISTRY\A\{bd75d637-a777-f887-435f-6fd9b1f1f54b}\Root\InventoryDevicePnp\pci/ven_15ad&amp;dev_07a0&amp;subsys_07a015ad&amp;rev_01/3&amp;61aaa01&amp;0&amp;b0\DriverVerVersion</Data>
    <Data Name=""Details"">10.0.22621.2215</Data>
    <Data Name=""User"">NT AUTHORITY\SYSTEM</Data>
  </EventData>
</Event>
"
Microsoft-Windows-Sysmon/Operational,,,WinDev2309Eval,,,,,,,,,10.0.22621.2215,13,97,SetValue,,,C:\Windows\system32\compattelrunner.exe,,,0x8000000000000000,4,,,,,0,,,,,,,{f57bd86a-01ad-6582-b102-000000000b00},10484,9832.0,,,,,,InvDB-DriverVer,,,,,,,,,,,,,2023-12-19T20:48:46.8009093Z,,,\REGISTRY\A\{bd75d637-a777-f887-435f-6fd9b1f1f54b}\Root\InventoryDevicePnp\pci/ven_15ad&dev_07a0&subsys_07a015ad&rev_01/3&61aaa01&0&af\DriverVerVersion,,,,13,,10592,NT AUTHORITY\SYSTEM,S-1-5-18,48:46.8,2.0,"<Event xmlns=""http://schemas.microsoft.com/win/2004/08/events/event"">
  <System>
    <Provider Name=""Microsoft-Windows-Sysmon"" Guid=""{5770385f-c22a-43e0-bf4c-06f5698ffbd9}""/>
    <EventID>13</EventID>
    <Version>2</Version>
    <Level>4</Level>
    <Task>13</Task>
    <Opcode>0</Opcode>
    <Keywords>0x8000000000000000</Keywords>
    <TimeCreated SystemTime=""2023-12-19T20:48:46.8009093Z""/>
    <EventRecordID>97</EventRecordID>
    <Correlation/>
    <Execution ProcessID=""10484"" ThreadID=""10592""/>
    <Channel>Microsoft-Windows-Sysmon/Operational</Channel>
    <Computer>WinDev2309Eval</Computer>
    <Security UserID=""S-1-5-18""/>
  </System>
  <EventData>
    <Data Name=""RuleName"">InvDB-DriverVer</Data>
    <Data Name=""EventType"">SetValue</Data>
    <Data Name=""UtcTime"">2023-12-19 20:48:46.785</Data>
    <Data Name=""ProcessGuid"">{f57bd86a-01ad-6582-b102-000000000b00}</Data>
    <Data Name=""ProcessId"">9832</Data>
    <Data Name=""Image"">C:\Windows\system32\compattelrunner.exe</Data>
    <Data Name=""TargetObject"">\REGISTRY\A\{bd75d637-a777-f887-435f-6fd9b1f1f54b}\Root\InventoryDevicePnp\pci/ven_15ad&amp;dev_07a0&amp;subsys_07a015ad&amp;rev_01/3&amp;61aaa01&amp;0&amp;af\DriverVerVersion</Data>
    <Data Name=""Details"">10.0.22621.2215</Data>
    <Data Name=""User"">NT AUTHORITY\SYSTEM</Data>
  </EventData>
</Event>
"
Microsoft-Windows-Sysmon/Operational,,,WinDev2309Eval,,,,,,,,,10.0.22621.2215,13,96,SetValue,,,C:\Windows\system32\compattelrunner.exe,,,0x8000000000000000,4,,,,,0,,,,,,,{f57bd86a-01ad-6582-b102-000000000b00},10484,9832.0,,,,,,InvDB-DriverVer,,,,,,,,,,,,,2023-12-19T20:48:46.7988846Z,,,\REGISTRY\A\{bd75d637-a777-f887-435f-6fd9b1f1f54b}\Root\InventoryDevicePnp\pci/ven_15ad&dev_07a0&subsys_07a015ad&rev_01/3&61aaa01&0&ae\DriverVerVersion,,,,13,,10592,NT AUTHORITY\SYSTEM,S-1-5-18,48:46.8,2.0,"<Event xmlns=""http://schemas.microsoft.com/win/2004/08/events/event"">
  <System>
    <Provider Name=""Microsoft-Windows-Sysmon"" Guid=""{5770385f-c22a-43e0-bf4c-06f5698ffbd9}""/>
    <EventID>13</EventID>
    <Version>2</Version>
    <Level>4</Level>
    <Task>13</Task>
    <Opcode>0</Opcode>
    <Keywords>0x8000000000000000</Keywords>
    <TimeCreated SystemTime=""2023-12-19T20:48:46.7988846Z""/>
    <EventRecordID>96</EventRecordID>
    <Correlation/>
    <Execution ProcessID=""10484"" ThreadID=""10592""/>
    <Channel>Microsoft-Windows-Sysmon/Operational</Channel>
    <Computer>WinDev2309Eval</Computer>
    <Security UserID=""S-1-5-18""/>
  </System>
  <EventData>
    <Data Name=""RuleName"">InvDB-DriverVer</Data>
    <Data Name=""EventType"">SetValue</Data>
    <Data Name=""UtcTime"">2023-12-19 20:48:46.785</Data>
    <Data Name=""ProcessGuid"">{f57bd86a-01ad-6582-b102-000000000b00}</Data>
    <Data Name=""ProcessId"">9832</Data>
    <Data Name=""Image"">C:\Windows\system32\compattelrunner.exe</Data>
    <Data Name=""TargetObject"">\REGISTRY\A\{bd75d637-a777-f887-435f-6fd9b1f1f54b}\Root\InventoryDevicePnp\pci/ven_15ad&amp;dev_07a0&amp;subsys_07a015ad&amp;rev_01/3&amp;61aaa01&amp;0&amp;ae\DriverVerVersion</Data>
    <Data Name=""Details"">10.0.22621.2215</Data>
    <Data Name=""User"">NT AUTHORITY\SYSTEM</Data>
  </EventData>
</Event>
"
Microsoft-Windows-Sysmon/Operational,,,WinDev2309Eval,,,,,,,,,10.0.22621.2215,13,95,SetValue,,,C:\Windows\system32\compattelrunner.exe,,,0x8000000000000000,4,,,,,0,,,,,,,{f57bd86a-01ad-6582-b102-000000000b00},10484,9832.0,,,,,,InvDB-DriverVer,,,,,,,,,,,,,2023-12-19T20:48:46.7969414Z,,,\REGISTRY\A\{bd75d637-a777-f887-435f-6fd9b1f1f54b}\Root\InventoryDevicePnp\pci/ven_15ad&dev_07a0&subsys_07a015ad&rev_01/3&61aaa01&0&ad\DriverVerVersion,,,,13,,10592,NT AUTHORITY\SYSTEM,S-1-5-18,48:46.8,2.0,"<Event xmlns=""http://schemas.microsoft.com/win/2004/08/events/event"">
  <System>
    <Provider Name=""Microsoft-Windows-Sysmon"" Guid=""{5770385f-c22a-43e0-bf4c-06f5698ffbd9}""/>
    <EventID>13</EventID>
    <Version>2</Version>
    <Level>4</Level>
    <Task>13</Task>
    <Opcode>0</Opcode>
    <Keywords>0x8000000000000000</Keywords>
    <TimeCreated SystemTime=""2023-12-19T20:48:46.7969414Z""/>
    <EventRecordID>95</EventRecordID>
    <Correlation/>
    <Execution ProcessID=""10484"" ThreadID=""10592""/>
    <Channel>Microsoft-Windows-Sysmon/Operational</Channel>
    <Computer>WinDev2309Eval</Computer>
    <Security UserID=""S-1-5-18""/>
  </System>
  <EventData>
    <Data Name=""RuleName"">InvDB-DriverVer</Data>
    <Data Name=""EventType"">SetValue</Data>
    <Data Name=""UtcTime"">2023-12-19 20:48:46.785</Data>
    <Data Name=""ProcessGuid"">{f57bd86a-01ad-6582-b102-000000000b00}</Data>
    <Data Name=""ProcessId"">9832</Data>
    <Data Name=""Image"">C:\Windows\system32\compattelrunner.exe</Data>
    <Data Name=""TargetObject"">\REGISTRY\A\{bd75d637-a777-f887-435f-6fd9b1f1f54b}\Root\InventoryDevicePnp\pci/ven_15ad&amp;dev_07a0&amp;subsys_07a015ad&amp;rev_01/3&amp;61aaa01&amp;0&amp;ad\DriverVerVersion</Data>
    <Data Name=""Details"">10.0.22621.2215</Data>
    <Data Name=""User"">NT AUTHORITY\SYSTEM</Data>
  </EventData>
</Event>
"
Microsoft-Windows-Sysmon/Operational,,,WinDev2309Eval,,,,,,,,,10.0.22621.2215,13,94,SetValue,,,C:\Windows\system32\compattelrunner.exe,,,0x8000000000000000,4,,,,,0,,,,,,,{f57bd86a-01ad-6582-b102-000000000b00},10484,9832.0,,,,,,InvDB-DriverVer,,,,,,,,,,,,,2023-12-19T20:48:46.7949831Z,,,\REGISTRY\A\{bd75d637-a777-f887-435f-6fd9b1f1f54b}\Root\InventoryDevicePnp\pci/ven_15ad&dev_07a0&subsys_07a015ad&rev_01/3&61aaa01&0&ac\DriverVerVersion,,,,13,,10592,NT AUTHORITY\SYSTEM,S-1-5-18,48:46.8,2.0,"<Event xmlns=""http://schemas.microsoft.com/win/2004/08/events/event"">
  <System>
    <Provider Name=""Microsoft-Windows-Sysmon"" Guid=""{5770385f-c22a-43e0-bf4c-06f5698ffbd9}""/>
    <EventID>13</EventID>
    <Version>2</Version>
    <Level>4</Level>
    <Task>13</Task>
    <Opcode>0</Opcode>
    <Keywords>0x8000000000000000</Keywords>
    <TimeCreated SystemTime=""2023-12-19T20:48:46.7949831Z""/>
    <EventRecordID>94</EventRecordID>
    <Correlation/>
    <Execution ProcessID=""10484"" ThreadID=""10592""/>
    <Channel>Microsoft-Windows-Sysmon/Operational</Channel>
    <Computer>WinDev2309Eval</Computer>
    <Security UserID=""S-1-5-18""/>
  </System>
  <EventData>
    <Data Name=""RuleName"">InvDB-DriverVer</Data>
    <Data Name=""EventType"">SetValue</Data>
    <Data Name=""UtcTime"">2023-12-19 20:48:46.785</Data>
    <Data Name=""ProcessGuid"">{f57bd86a-01ad-6582-b102-000000000b00}</Data>
    <Data Name=""ProcessId"">9832</Data>
    <Data Name=""Image"">C:\Windows\system32\compattelrunner.exe</Data>
    <Data Name=""TargetObject"">\REGISTRY\A\{bd75d637-a777-f887-435f-6fd9b1f1f54b}\Root\InventoryDevicePnp\pci/ven_15ad&amp;dev_07a0&amp;subsys_07a015ad&amp;rev_01/3&amp;61aaa01&amp;0&amp;ac\DriverVerVersion</Data>
    <Data Name=""Details"">10.0.22621.2215</Data>
    <Data Name=""User"">NT AUTHORITY\SYSTEM</Data>
  </EventData>
</Event>
"
Microsoft-Windows-Sysmon/Operational,,,WinDev2309Eval,,,,,,,,,10.0.22621.2215,13,93,SetValue,,,C:\Windows\system32\compattelrunner.exe,,,0x8000000000000000,4,,,,,0,,,,,,,{f57bd86a-01ad-6582-b102-000000000b00},10484,9832.0,,,,,,InvDB-DriverVer,,,,,,,,,,,,,2023-12-19T20:48:46.7930178Z,,,\REGISTRY\A\{bd75d637-a777-f887-435f-6fd9b1f1f54b}\Root\InventoryDevicePnp\pci/ven_15ad&dev_07a0&subsys_07a015ad&rev_01/3&61aaa01&0&ab\DriverVerVersion,,,,13,,10592,NT AUTHORITY\SYSTEM,S-1-5-18,48:46.8,2.0,"<Event xmlns=""http://schemas.microsoft.com/win/2004/08/events/event"">
  <System>
    <Provider Name=""Microsoft-Windows-Sysmon"" Guid=""{5770385f-c22a-43e0-bf4c-06f5698ffbd9}""/>
    <EventID>13</EventID>
    <Version>2</Version>
    <Level>4</Level>
    <Task>13</Task>
    <Opcode>0</Opcode>
    <Keywords>0x8000000000000000</Keywords>
    <TimeCreated SystemTime=""2023-12-19T20:48:46.7930178Z""/>
    <EventRecordID>93</EventRecordID>
    <Correlation/>
    <Execution ProcessID=""10484"" ThreadID=""10592""/>
    <Channel>Microsoft-Windows-Sysmon/Operational</Channel>
    <Computer>WinDev2309Eval</Computer>
    <Security UserID=""S-1-5-18""/>
  </System>
  <EventData>
    <Data Name=""RuleName"">InvDB-DriverVer</Data>
    <Data Name=""EventType"">SetValue</Data>
    <Data Name=""UtcTime"">2023-12-19 20:48:46.769</Data>
    <Data Name=""ProcessGuid"">{f57bd86a-01ad-6582-b102-000000000b00}</Data>
    <Data Name=""ProcessId"">9832</Data>
    <Data Name=""Image"">C:\Windows\system32\compattelrunner.exe</Data>
    <Data Name=""TargetObject"">\REGISTRY\A\{bd75d637-a777-f887-435f-6fd9b1f1f54b}\Root\InventoryDevicePnp\pci/ven_15ad&amp;dev_07a0&amp;subsys_07a015ad&amp;rev_01/3&amp;61aaa01&amp;0&amp;ab\DriverVerVersion</Data>
    <Data Name=""Details"">10.0.22621.2215</Data>
    <Data Name=""User"">NT AUTHORITY\SYSTEM</Data>
  </EventData>
</Event>
"
Microsoft-Windows-Sysmon/Operational,,,WinDev2309Eval,,,,,,,,,10.0.22621.2215,13,92,SetValue,,,C:\Windows\system32\compattelrunner.exe,,,0x8000000000000000,4,,,,,0,,,,,,,{f57bd86a-01ad-6582-b102-000000000b00},10484,9832.0,,,,,,InvDB-DriverVer,,,,,,,,,,,,,2023-12-19T20:48:46.7908869Z,,,\REGISTRY\A\{bd75d637-a777-f887-435f-6fd9b1f1f54b}\Root\InventoryDevicePnp\pci/ven_15ad&dev_07a0&subsys_07a015ad&rev_01/3&61aaa01&0&aa\DriverVerVersion,,,,13,,10592,NT AUTHORITY\SYSTEM,S-1-5-18,48:46.8,2.0,"<Event xmlns=""http://schemas.microsoft.com/win/2004/08/events/event"">
  <System>
    <Provider Name=""Microsoft-Windows-Sysmon"" Guid=""{5770385f-c22a-43e0-bf4c-06f5698ffbd9}""/>
    <EventID>13</EventID>
    <Version>2</Version>
    <Level>4</Level>
    <Task>13</Task>
    <Opcode>0</Opcode>
    <Keywords>0x8000000000000000</Keywords>
    <TimeCreated SystemTime=""2023-12-19T20:48:46.7908869Z""/>
    <EventRecordID>92</EventRecordID>
    <Correlation/>
    <Execution ProcessID=""10484"" ThreadID=""10592""/>
    <Channel>Microsoft-Windows-Sysmon/Operational</Channel>
    <Computer>WinDev2309Eval</Computer>
    <Security UserID=""S-1-5-18""/>
  </System>
  <EventData>
    <Data Name=""RuleName"">InvDB-DriverVer</Data>
    <Data Name=""EventType"">SetValue</Data>
    <Data Name=""UtcTime"">2023-12-19 20:48:46.769</Data>
    <Data Name=""ProcessGuid"">{f57bd86a-01ad-6582-b102-000000000b00}</Data>
    <Data Name=""ProcessId"">9832</Data>
    <Data Name=""Image"">C:\Windows\system32\compattelrunner.exe</Data>
    <Data Name=""TargetObject"">\REGISTRY\A\{bd75d637-a777-f887-435f-6fd9b1f1f54b}\Root\InventoryDevicePnp\pci/ven_15ad&amp;dev_07a0&amp;subsys_07a015ad&amp;rev_01/3&amp;61aaa01&amp;0&amp;aa\DriverVerVersion</Data>
    <Data Name=""Details"">10.0.22621.2215</Data>
    <Data Name=""User"">NT AUTHORITY\SYSTEM</Data>
  </EventData>
</Event>
"
Microsoft-Windows-Sysmon/Operational,,,WinDev2309Eval,,,,,,,,,10.0.22621.2215,13,91,SetValue,,,C:\Windows\system32\compattelrunner.exe,,,0x8000000000000000,4,,,,,0,,,,,,,{f57bd86a-01ad-6582-b102-000000000b00},10484,9832.0,,,,,,InvDB-DriverVer,,,,,,,,,,,,,2023-12-19T20:48:46.7888949Z,,,\REGISTRY\A\{bd75d637-a777-f887-435f-6fd9b1f1f54b}\Root\InventoryDevicePnp\pci/ven_15ad&dev_07a0&subsys_07a015ad&rev_01/3&61aaa01&0&a9\DriverVerVersion,,,,13,,10592,NT AUTHORITY\SYSTEM,S-1-5-18,48:46.8,2.0,"<Event xmlns=""http://schemas.microsoft.com/win/2004/08/events/event"">
  <System>
    <Provider Name=""Microsoft-Windows-Sysmon"" Guid=""{5770385f-c22a-43e0-bf4c-06f5698ffbd9}""/>
    <EventID>13</EventID>
    <Version>2</Version>
    <Level>4</Level>
    <Task>13</Task>
    <Opcode>0</Opcode>
    <Keywords>0x8000000000000000</Keywords>
    <TimeCreated SystemTime=""2023-12-19T20:48:46.7888949Z""/>
    <EventRecordID>91</EventRecordID>
    <Correlation/>
    <Execution ProcessID=""10484"" ThreadID=""10592""/>
    <Channel>Microsoft-Windows-Sysmon/Operational</Channel>
    <Computer>WinDev2309Eval</Computer>
    <Security UserID=""S-1-5-18""/>
  </System>
  <EventData>
    <Data Name=""RuleName"">InvDB-DriverVer</Data>
    <Data Name=""EventType"">SetValue</Data>
    <Data Name=""UtcTime"">2023-12-19 20:48:46.769</Data>
    <Data Name=""ProcessGuid"">{f57bd86a-01ad-6582-b102-000000000b00}</Data>
    <Data Name=""ProcessId"">9832</Data>
    <Data Name=""Image"">C:\Windows\system32\compattelrunner.exe</Data>
    <Data Name=""TargetObject"">\REGISTRY\A\{bd75d637-a777-f887-435f-6fd9b1f1f54b}\Root\InventoryDevicePnp\pci/ven_15ad&amp;dev_07a0&amp;subsys_07a015ad&amp;rev_01/3&amp;61aaa01&amp;0&amp;a9\DriverVerVersion</Data>
    <Data Name=""Details"">10.0.22621.2215</Data>
    <Data Name=""User"">NT AUTHORITY\SYSTEM</Data>
  </EventData>
</Event>
"
Microsoft-Windows-Sysmon/Operational,,,WinDev2309Eval,,,,,,,,,10.0.22621.2215,13,90,SetValue,,,C:\Windows\system32\compattelrunner.exe,,,0x8000000000000000,4,,,,,0,,,,,,,{f57bd86a-01ad-6582-b102-000000000b00},10484,9832.0,,,,,,InvDB-DriverVer,,,,,,,,,,,,,2023-12-19T20:48:46.7868721Z,,,\REGISTRY\A\{bd75d637-a777-f887-435f-6fd9b1f1f54b}\Root\InventoryDevicePnp\pci/ven_15ad&dev_07a0&subsys_07a015ad&rev_01/3&61aaa01&0&a8\DriverVerVersion,,,,13,,10592,NT AUTHORITY\SYSTEM,S-1-5-18,48:46.8,2.0,"<Event xmlns=""http://schemas.microsoft.com/win/2004/08/events/event"">
  <System>
    <Provider Name=""Microsoft-Windows-Sysmon"" Guid=""{5770385f-c22a-43e0-bf4c-06f5698ffbd9}""/>
    <EventID>13</EventID>
    <Version>2</Version>
    <Level>4</Level>
    <Task>13</Task>
    <Opcode>0</Opcode>
    <Keywords>0x8000000000000000</Keywords>
    <TimeCreated SystemTime=""2023-12-19T20:48:46.7868721Z""/>
    <EventRecordID>90</EventRecordID>
    <Correlation/>
    <Execution ProcessID=""10484"" ThreadID=""10592""/>
    <Channel>Microsoft-Windows-Sysmon/Operational</Channel>
    <Computer>WinDev2309Eval</Computer>
    <Security UserID=""S-1-5-18""/>
  </System>
  <EventData>
    <Data Name=""RuleName"">InvDB-DriverVer</Data>
    <Data Name=""EventType"">SetValue</Data>
    <Data Name=""UtcTime"">2023-12-19 20:48:46.769</Data>
    <Data Name=""ProcessGuid"">{f57bd86a-01ad-6582-b102-000000000b00}</Data>
    <Data Name=""ProcessId"">9832</Data>
    <Data Name=""Image"">C:\Windows\system32\compattelrunner.exe</Data>
    <Data Name=""TargetObject"">\REGISTRY\A\{bd75d637-a777-f887-435f-6fd9b1f1f54b}\Root\InventoryDevicePnp\pci/ven_15ad&amp;dev_07a0&amp;subsys_07a015ad&amp;rev_01/3&amp;61aaa01&amp;0&amp;a8\DriverVerVersion</Data>
    <Data Name=""Details"">10.0.22621.2215</Data>
    <Data Name=""User"">NT AUTHORITY\SYSTEM</Data>
  </EventData>
</Event>
"
Microsoft-Windows-Sysmon/Operational,,,WinDev2309Eval,,,,,,,,,10.0.22621.2215,13,89,SetValue,,,C:\Windows\system32\compattelrunner.exe,,,0x8000000000000000,4,,,,,0,,,,,,,{f57bd86a-01ad-6582-b102-000000000b00},10484,9832.0,,,,,,InvDB-DriverVer,,,,,,,,,,,,,2023-12-19T20:48:46.7845759Z,,,\REGISTRY\A\{bd75d637-a777-f887-435f-6fd9b1f1f54b}\Root\InventoryDevicePnp\acpi/genuineintel_-_intel64_family_6_model_158_-_intel(r)_core(tm)_i5-9500_cpu_@_3.00ghz/_3\DriverVerVersion,,,,13,,10592,NT AUTHORITY\SYSTEM,S-1-5-18,48:46.8,2.0,"<Event xmlns=""http://schemas.microsoft.com/win/2004/08/events/event"">
  <System>
    <Provider Name=""Microsoft-Windows-Sysmon"" Guid=""{5770385f-c22a-43e0-bf4c-06f5698ffbd9}""/>
    <EventID>13</EventID>
    <Version>2</Version>
    <Level>4</Level>
    <Task>13</Task>
    <Opcode>0</Opcode>
    <Keywords>0x8000000000000000</Keywords>
    <TimeCreated SystemTime=""2023-12-19T20:48:46.7845759Z""/>
    <EventRecordID>89</EventRecordID>
    <Correlation/>
    <Execution ProcessID=""10484"" ThreadID=""10592""/>
    <Channel>Microsoft-Windows-Sysmon/Operational</Channel>
    <Computer>WinDev2309Eval</Computer>
    <Security UserID=""S-1-5-18""/>
  </System>
  <EventData>
    <Data Name=""RuleName"">InvDB-DriverVer</Data>
    <Data Name=""EventType"">SetValue</Data>
    <Data Name=""UtcTime"">2023-12-19 20:48:46.769</Data>
    <Data Name=""ProcessGuid"">{f57bd86a-01ad-6582-b102-000000000b00}</Data>
    <Data Name=""ProcessId"">9832</Data>
    <Data Name=""Image"">C:\Windows\system32\compattelrunner.exe</Data>
    <Data Name=""TargetObject"">\REGISTRY\A\{bd75d637-a777-f887-435f-6fd9b1f1f54b}\Root\InventoryDevicePnp\acpi/genuineintel_-_intel64_family_6_model_158_-_intel(r)_core(tm)_i5-9500_cpu_@_3.00ghz/_3\DriverVerVersion</Data>
    <Data Name=""Details"">10.0.22621.2215</Data>
    <Data Name=""User"">NT AUTHORITY\SYSTEM</Data>
  </EventData>
</Event>
"
Microsoft-Windows-Sysmon/Operational,,,WinDev2309Eval,,,,,,,,,10.0.22621.2215,13,88,SetValue,,,C:\Windows\system32\compattelrunner.exe,,,0x8000000000000000,4,,,,,0,,,,,,,{f57bd86a-01ad-6582-b102-000000000b00},10484,9832.0,,,,,,InvDB-DriverVer,,,,,,,,,,,,,2023-12-19T20:48:46.7819434Z,,,\REGISTRY\A\{bd75d637-a777-f887-435f-6fd9b1f1f54b}\Root\InventoryDevicePnp\acpi/genuineintel_-_intel64_family_6_model_158_-_intel(r)_core(tm)_i5-9500_cpu_@_3.00ghz/_2\DriverVerVersion,,,,13,,10592,NT AUTHORITY\SYSTEM,S-1-5-18,48:46.8,2.0,"<Event xmlns=""http://schemas.microsoft.com/win/2004/08/events/event"">
  <System>
    <Provider Name=""Microsoft-Windows-Sysmon"" Guid=""{5770385f-c22a-43e0-bf4c-06f5698ffbd9}""/>
    <EventID>13</EventID>
    <Version>2</Version>
    <Level>4</Level>
    <Task>13</Task>
    <Opcode>0</Opcode>
    <Keywords>0x8000000000000000</Keywords>
    <TimeCreated SystemTime=""2023-12-19T20:48:46.7819434Z""/>
    <EventRecordID>88</EventRecordID>
    <Correlation/>
    <Execution ProcessID=""10484"" ThreadID=""10592""/>
    <Channel>Microsoft-Windows-Sysmon/Operational</Channel>
    <Computer>WinDev2309Eval</Computer>
    <Security UserID=""S-1-5-18""/>
  </System>
  <EventData>
    <Data Name=""RuleName"">InvDB-DriverVer</Data>
    <Data Name=""EventType"">SetValue</Data>
    <Data Name=""UtcTime"">2023-12-19 20:48:46.769</Data>
    <Data Name=""ProcessGuid"">{f57bd86a-01ad-6582-b102-000000000b00}</Data>
    <Data Name=""ProcessId"">9832</Data>
    <Data Name=""Image"">C:\Windows\system32\compattelrunner.exe</Data>
    <Data Name=""TargetObject"">\REGISTRY\A\{bd75d637-a777-f887-435f-6fd9b1f1f54b}\Root\InventoryDevicePnp\acpi/genuineintel_-_intel64_family_6_model_158_-_intel(r)_core(tm)_i5-9500_cpu_@_3.00ghz/_2\DriverVerVersion</Data>
    <Data Name=""Details"">10.0.22621.2215</Data>
    <Data Name=""User"">NT AUTHORITY\SYSTEM</Data>
  </EventData>
</Event>
"
Microsoft-Windows-Sysmon/Operational,,,WinDev2309Eval,,,,,,,,,10.0.22621.2215,13,87,SetValue,,,C:\Windows\system32\compattelrunner.exe,,,0x8000000000000000,4,,,,,0,,,,,,,{f57bd86a-01ad-6582-b102-000000000b00},10484,9832.0,,,,,,InvDB-DriverVer,,,,,,,,,,,,,2023-12-19T20:48:46.7796498Z,,,\REGISTRY\A\{bd75d637-a777-f887-435f-6fd9b1f1f54b}\Root\InventoryDevicePnp\acpi/genuineintel_-_intel64_family_6_model_158_-_intel(r)_core(tm)_i5-9500_cpu_@_3.00ghz/_1\DriverVerVersion,,,,13,,10592,NT AUTHORITY\SYSTEM,S-1-5-18,48:46.8,2.0,"<Event xmlns=""http://schemas.microsoft.com/win/2004/08/events/event"">
  <System>
    <Provider Name=""Microsoft-Windows-Sysmon"" Guid=""{5770385f-c22a-43e0-bf4c-06f5698ffbd9}""/>
    <EventID>13</EventID>
    <Version>2</Version>
    <Level>4</Level>
    <Task>13</Task>
    <Opcode>0</Opcode>
    <Keywords>0x8000000000000000</Keywords>
    <TimeCreated SystemTime=""2023-12-19T20:48:46.7796498Z""/>
    <EventRecordID>87</EventRecordID>
    <Correlation/>
    <Execution ProcessID=""10484"" ThreadID=""10592""/>
    <Channel>Microsoft-Windows-Sysmon/Operational</Channel>
    <Computer>WinDev2309Eval</Computer>
    <Security UserID=""S-1-5-18""/>
  </System>
  <EventData>
    <Data Name=""RuleName"">InvDB-DriverVer</Data>
    <Data Name=""EventType"">SetValue</Data>
    <Data Name=""UtcTime"">2023-12-19 20:48:46.769</Data>
    <Data Name=""ProcessGuid"">{f57bd86a-01ad-6582-b102-000000000b00}</Data>
    <Data Name=""ProcessId"">9832</Data>
    <Data Name=""Image"">C:\Windows\system32\compattelrunner.exe</Data>
    <Data Name=""TargetObject"">\REGISTRY\A\{bd75d637-a777-f887-435f-6fd9b1f1f54b}\Root\InventoryDevicePnp\acpi/genuineintel_-_intel64_family_6_model_158_-_intel(r)_core(tm)_i5-9500_cpu_@_3.00ghz/_1\DriverVerVersion</Data>
    <Data Name=""Details"">10.0.22621.2215</Data>
    <Data Name=""User"">NT AUTHORITY\SYSTEM</Data>
  </EventData>
</Event>
"
