Microsoft-Windows-Sysmon/Operational,"""C:\Windows\system32\appidcertstorecheck.exe""",Microsoft Corporation,WinDev2309Eval,,C:\Windows\system32\,AppID Certificate Store Verification Task,,,,,,,1,673,,10.0.22621.2215 (WinBuild.160101.0800),"MD5=570AE15349CB318BCC7B424DAD8CD311,SHA256=57AB41C169FE75E29A8722728830C62650DB657E14FFA9B35CBDFF4DD2C66A62,IMPHASH=7168353EDBE3AB24A184BB681FD55AE6",C:\Windows\System32\appidcertstorecheck.exe,,System,0x8000000000000000,4,{f57bd86a-db69-6581-e503-000000000000},0x3e5,,,0,AppIDCertstoreCheck.exe,C:\Windows\system32\svchost.exe -k netsvcs -p -s Schedule,C:\Windows\System32\svchost.exe,{f57bd86a-db6f-6581-2800-000000000b00},1900.0,NT AUTHORITY\SYSTEM,{f57bd86a-03bb-6582-1303-000000000b00},10484,11528.0,Microsoft® Windows® Operating System,,,,,-,,,,,,,,,,,,,2023-12-19T20:57:31.8763228Z,,,,,,,1,0.0,10592,NT AUTHORITY\LOCAL SERVICE,S-1-5-18,57:31.9,5.0,"<Event xmlns=""http://schemas.microsoft.com/win/2004/08/events/event"">
  <System>
    <Provider Name=""Microsoft-Windows-Sysmon"" Guid=""{5770385f-c22a-43e0-bf4c-06f5698ffbd9}""/>
    <EventID>1</EventID>
    <Version>5</Version>
    <Level>4</Level>
    <Task>1</Task>
    <Opcode>0</Opcode>
    <Keywords>0x8000000000000000</Keywords>
    <TimeCreated SystemTime=""2023-12-19T20:57:31.8763228Z""/>
    <EventRecordID>673</EventRecordID>
    <Correlation/>
    <Execution ProcessID=""10484"" ThreadID=""10592""/>
    <Channel>Microsoft-Windows-Sysmon/Operational</Channel>
    <Computer>WinDev2309Eval</Computer>
    <Security UserID=""S-1-5-18""/>
  </System>
  <EventData>
    <Data Name=""RuleName"">-</Data>
    <Data Name=""UtcTime"">2023-12-19 20:57:31.873</Data>
    <Data Name=""ProcessGuid"">{f57bd86a-03bb-6582-1303-000000000b00}</Data>
    <Data Name=""ProcessId"">11528</Data>
    <Data Name=""Image"">C:\Windows\System32\appidcertstorecheck.exe</Data>
    <Data Name=""FileVersion"">10.0.22621.2215 (WinBuild.160101.0800)</Data>
    <Data Name=""Description"">AppID Certificate Store Verification Task</Data>
    <Data Name=""Product"">Microsoft&#174; Windows&#174; Operating System</Data>
    <Data Name=""Company"">Microsoft Corporation</Data>
    <Data Name=""OriginalFileName"">AppIDCertstoreCheck.exe</Data>
    <Data Name=""CommandLine"">""C:\Windows\system32\appidcertstorecheck.exe""</Data>
    <Data Name=""CurrentDirectory"">C:\Windows\system32\</Data>
    <Data Name=""User"">NT AUTHORITY\LOCAL SERVICE</Data>
    <Data Name=""LogonGuid"">{f57bd86a-db69-6581-e503-000000000000}</Data>
    <Data Name=""LogonId"">0x3e5</Data>
    <Data Name=""TerminalSessionId"">0</Data>
    <Data Name=""IntegrityLevel"">System</Data>
    <Data Name=""Hashes"">MD5=570AE15349CB318BCC7B424DAD8CD311,SHA256=57AB41C169FE75E29A8722728830C62650DB657E14FFA9B35CBDFF4DD2C66A62,IMPHASH=7168353EDBE3AB24A184BB681FD55AE6</Data>
    <Data Name=""ParentProcessGuid"">{f57bd86a-db6f-6581-2800-000000000b00}</Data>
    <Data Name=""ParentProcessId"">1900</Data>
    <Data Name=""ParentImage"">C:\Windows\System32\svchost.exe</Data>
    <Data Name=""ParentCommandLine"">C:\Windows\system32\svchost.exe -k netsvcs -p -s Schedule</Data>
    <Data Name=""ParentUser"">NT AUTHORITY\SYSTEM</Data>
  </EventData>
</Event>
"
Microsoft-Windows-Sysmon/Operational,,,WinDev2309Eval,,,,,,,,,,22,672,,,,C:\Program Files (x86)\Microsoft\Edge\Application\msedge.exe,,,0x8000000000000000,4,,,,,0,,,,,,,{f57bd86a-ffca-6581-1c02-000000000b00},10484,4596.0,,,connect.facebook.net,type: 5 scontent.xx.fbcdn.net;::ffff:102.132.103.7;,0.0,-,,,,,,,,,,,,,2023-12-19T20:57:23.9637378Z,,,,,,,22,,12816,WINDEV2309EVAL\User,S-1-5-18,57:22.9,5.0,"<Event xmlns=""http://schemas.microsoft.com/win/2004/08/events/event"">
  <System>
    <Provider Name=""Microsoft-Windows-Sysmon"" Guid=""{5770385f-c22a-43e0-bf4c-06f5698ffbd9}""/>
    <EventID>22</EventID>
    <Version>5</Version>
    <Level>4</Level>
    <Task>22</Task>
    <Opcode>0</Opcode>
    <Keywords>0x8000000000000000</Keywords>
    <TimeCreated SystemTime=""2023-12-19T20:57:23.9637378Z""/>
    <EventRecordID>672</EventRecordID>
    <Correlation/>
    <Execution ProcessID=""10484"" ThreadID=""12816""/>
    <Channel>Microsoft-Windows-Sysmon/Operational</Channel>
    <Computer>WinDev2309Eval</Computer>
    <Security UserID=""S-1-5-18""/>
  </System>
  <EventData>
    <Data Name=""RuleName"">-</Data>
    <Data Name=""UtcTime"">2023-12-19 20:57:22.934</Data>
    <Data Name=""ProcessGuid"">{f57bd86a-ffca-6581-1c02-000000000b00}</Data>
    <Data Name=""ProcessId"">4596</Data>
    <Data Name=""QueryName"">connect.facebook.net</Data>
    <Data Name=""QueryStatus"">0</Data>
    <Data Name=""QueryResults"">type: 5 scontent.xx.fbcdn.net;::ffff:102.132.103.7;</Data>
    <Data Name=""Image"">C:\Program Files (x86)\Microsoft\Edge\Application\msedge.exe</Data>
    <Data Name=""User"">WINDEV2309EVAL\User</Data>
  </EventData>
</Event>
"
Microsoft-Windows-Sysmon/Operational,"""C:\Program Files (x86)\Microsoft\Edge\Application\msedge.exe"" --type=utility --utility-sub-type=entity_extraction_service.mojom.Extractor --lang=en-US --service-sandbox-type=entity_extraction --onnx-enabled-for-ee --mojo-platform-channel-handle=8068 --field-trial-handle=1980,i,4414598130829798871,15435566167885274318,262144 --variations-seed-version /prefetch:8",Microsoft Corporation,WinDev2309Eval,,C:\Program Files (x86)\Microsoft\Edge\Application\120.0.2210.77\,Microsoft Edge,,,,,,,1,671,,120.0.2210.77,"MD5=D15351223DB85EF35A5B12B7CF8B0167,SHA256=58AF814EA8E7D7BFE20C2E55F3DAA6DDBE8DB2E8C34C264677A05A79F93BBDE7,IMPHASH=EA4CA1F8E3B3D9373D39C13FD1348A63",C:\Program Files (x86)\Microsoft\Edge\Application\msedge.exe,,Low,0x8000000000000000,4,{f57bd86a-db7f-6581-2a63-080000000000},0x8632a,,,0,msedge.exe,"""C:\Program Files (x86)\Microsoft\Edge\Application\msedge.exe"" ",C:\Program Files (x86)\Microsoft\Edge\Application\msedge.exe,{f57bd86a-ffc8-6581-1902-000000000b00},5348.0,WINDEV2309EVAL\User,{f57bd86a-03b3-6582-1203-000000000b00},10484,4848.0,Microsoft Edge,,,,,-,,,,,,,,,,,,,2023-12-19T20:57:23.5166766Z,,,,,,,1,1.0,10592,WINDEV2309EVAL\User,S-1-5-18,57:23.5,5.0,"<Event xmlns=""http://schemas.microsoft.com/win/2004/08/events/event"">
  <System>
    <Provider Name=""Microsoft-Windows-Sysmon"" Guid=""{5770385f-c22a-43e0-bf4c-06f5698ffbd9}""/>
    <EventID>1</EventID>
    <Version>5</Version>
    <Level>4</Level>
    <Task>1</Task>
    <Opcode>0</Opcode>
    <Keywords>0x8000000000000000</Keywords>
    <TimeCreated SystemTime=""2023-12-19T20:57:23.5166766Z""/>
    <EventRecordID>671</EventRecordID>
    <Correlation/>
    <Execution ProcessID=""10484"" ThreadID=""10592""/>
    <Channel>Microsoft-Windows-Sysmon/Operational</Channel>
    <Computer>WinDev2309Eval</Computer>
    <Security UserID=""S-1-5-18""/>
  </System>
  <EventData>
    <Data Name=""RuleName"">-</Data>
    <Data Name=""UtcTime"">2023-12-19 20:57:23.511</Data>
    <Data Name=""ProcessGuid"">{f57bd86a-03b3-6582-1203-000000000b00}</Data>
    <Data Name=""ProcessId"">4848</Data>
    <Data Name=""Image"">C:\Program Files (x86)\Microsoft\Edge\Application\msedge.exe</Data>
    <Data Name=""FileVersion"">120.0.2210.77</Data>
    <Data Name=""Description"">Microsoft Edge</Data>
    <Data Name=""Product"">Microsoft Edge</Data>
    <Data Name=""Company"">Microsoft Corporation</Data>
    <Data Name=""OriginalFileName"">msedge.exe</Data>
    <Data Name=""CommandLine"">""C:\Program Files (x86)\Microsoft\Edge\Application\msedge.exe"" --type=utility --utility-sub-type=entity_extraction_service.mojom.Extractor --lang=en-US --service-sandbox-type=entity_extraction --onnx-enabled-for-ee --mojo-platform-channel-handle=8068 --field-trial-handle=1980,i,4414598130829798871,15435566167885274318,262144 --variations-seed-version /prefetch:8</Data>
    <Data Name=""CurrentDirectory"">C:\Program Files (x86)\Microsoft\Edge\Application\120.0.2210.77\</Data>
    <Data Name=""User"">WINDEV2309EVAL\User</Data>
    <Data Name=""LogonGuid"">{f57bd86a-db7f-6581-2a63-080000000000}</Data>
    <Data Name=""LogonId"">0x8632a</Data>
    <Data Name=""TerminalSessionId"">1</Data>
    <Data Name=""IntegrityLevel"">Low</Data>
    <Data Name=""Hashes"">MD5=D15351223DB85EF35A5B12B7CF8B0167,SHA256=58AF814EA8E7D7BFE20C2E55F3DAA6DDBE8DB2E8C34C264677A05A79F93BBDE7,IMPHASH=EA4CA1F8E3B3D9373D39C13FD1348A63</Data>
    <Data Name=""ParentProcessGuid"">{f57bd86a-ffc8-6581-1902-000000000b00}</Data>
    <Data Name=""ParentProcessId"">5348</Data>
    <Data Name=""ParentImage"">C:\Program Files (x86)\Microsoft\Edge\Application\msedge.exe</Data>
    <Data Name=""ParentCommandLine"">""C:\Program Files (x86)\Microsoft\Edge\Application\msedge.exe"" </Data>
    <Data Name=""ParentUser"">WINDEV2309EVAL\User</Data>
  </EventData>
</Event>
"
Microsoft-Windows-Sysmon/Operational,,,WinDev2309Eval,,,,,,,,,,22,670,,,,C:\Program Files (x86)\Microsoft\Edge\Application\msedge.exe,,,0x8000000000000000,4,,,,,0,,,,,,,{f57bd86a-ffca-6581-1c02-000000000b00},10484,4596.0,,,fbsbx.com,::ffff:102.132.103.35;,0.0,-,,,,,,,,,,,,,2023-12-19T20:57:22.9627629Z,,,,,,,22,,12816,WINDEV2309EVAL\User,S-1-5-18,57:22.7,5.0,"<Event xmlns=""http://schemas.microsoft.com/win/2004/08/events/event"">
  <System>
    <Provider Name=""Microsoft-Windows-Sysmon"" Guid=""{5770385f-c22a-43e0-bf4c-06f5698ffbd9}""/>
    <EventID>22</EventID>
    <Version>5</Version>
    <Level>4</Level>
    <Task>22</Task>
    <Opcode>0</Opcode>
    <Keywords>0x8000000000000000</Keywords>
    <TimeCreated SystemTime=""2023-12-19T20:57:22.9627629Z""/>
    <EventRecordID>670</EventRecordID>
    <Correlation/>
    <Execution ProcessID=""10484"" ThreadID=""12816""/>
    <Channel>Microsoft-Windows-Sysmon/Operational</Channel>
    <Computer>WinDev2309Eval</Computer>
    <Security UserID=""S-1-5-18""/>
  </System>
  <EventData>
    <Data Name=""RuleName"">-</Data>
    <Data Name=""UtcTime"">2023-12-19 20:57:22.727</Data>
    <Data Name=""ProcessGuid"">{f57bd86a-ffca-6581-1c02-000000000b00}</Data>
    <Data Name=""ProcessId"">4596</Data>
    <Data Name=""QueryName"">fbsbx.com</Data>
    <Data Name=""QueryStatus"">0</Data>
    <Data Name=""QueryResults"">::ffff:102.132.103.35;</Data>
    <Data Name=""Image"">C:\Program Files (x86)\Microsoft\Edge\Application\msedge.exe</Data>
    <Data Name=""User"">WINDEV2309EVAL\User</Data>
  </EventData>
</Event>
"
Microsoft-Windows-Sysmon/Operational,,,WinDev2309Eval,,,,,,,,,,22,669,,,,C:\Program Files (x86)\Microsoft\Edge\Application\msedge.exe,,,0x8000000000000000,4,,,,,0,,,,,,,{f57bd86a-ffca-6581-1c02-000000000b00},10484,4596.0,,,fbcdn.net,::ffff:102.132.103.35;,0.0,-,,,,,,,,,,,,,2023-12-19T20:57:22.9627425Z,,,,,,,22,,12816,WINDEV2309EVAL\User,S-1-5-18,57:22.5,5.0,"<Event xmlns=""http://schemas.microsoft.com/win/2004/08/events/event"">
  <System>
    <Provider Name=""Microsoft-Windows-Sysmon"" Guid=""{5770385f-c22a-43e0-bf4c-06f5698ffbd9}""/>
    <EventID>22</EventID>
    <Version>5</Version>
    <Level>4</Level>
    <Task>22</Task>
    <Opcode>0</Opcode>
    <Keywords>0x8000000000000000</Keywords>
    <TimeCreated SystemTime=""2023-12-19T20:57:22.9627425Z""/>
    <EventRecordID>669</EventRecordID>
    <Correlation/>
    <Execution ProcessID=""10484"" ThreadID=""12816""/>
    <Channel>Microsoft-Windows-Sysmon/Operational</Channel>
    <Computer>WinDev2309Eval</Computer>
    <Security UserID=""S-1-5-18""/>
  </System>
  <EventData>
    <Data Name=""RuleName"">-</Data>
    <Data Name=""UtcTime"">2023-12-19 20:57:22.457</Data>
    <Data Name=""ProcessGuid"">{f57bd86a-ffca-6581-1c02-000000000b00}</Data>
    <Data Name=""ProcessId"">4596</Data>
    <Data Name=""QueryName"">fbcdn.net</Data>
    <Data Name=""QueryStatus"">0</Data>
    <Data Name=""QueryResults"">::ffff:102.132.103.35;</Data>
    <Data Name=""Image"">C:\Program Files (x86)\Microsoft\Edge\Application\msedge.exe</Data>
    <Data Name=""User"">WINDEV2309EVAL\User</Data>
  </EventData>
</Event>
"
Microsoft-Windows-Sysmon/Operational,,,WinDev2309Eval,,,,,,,,,,22,668,,,,C:\Program Files (x86)\Microsoft\Edge\Application\msedge.exe,,,0x8000000000000000,4,,,,,0,,,,,,,{f57bd86a-ffca-6581-1c02-000000000b00},10484,4596.0,,,r3.i.lencr.org,type: 5 crl.root-x1.letsencrypt.org.edgekey.net;type: 5 e8652.dscx.akamaiedge.net;::ffff:104.77.33.246;,0.0,-,,,,,,,,,,,,,2023-12-19T20:57:22.9627141Z,,,,,,,22,,12816,WINDEV2309EVAL\User,S-1-5-18,57:22.4,5.0,"<Event xmlns=""http://schemas.microsoft.com/win/2004/08/events/event"">
  <System>
    <Provider Name=""Microsoft-Windows-Sysmon"" Guid=""{5770385f-c22a-43e0-bf4c-06f5698ffbd9}""/>
    <EventID>22</EventID>
    <Version>5</Version>
    <Level>4</Level>
    <Task>22</Task>
    <Opcode>0</Opcode>
    <Keywords>0x8000000000000000</Keywords>
    <TimeCreated SystemTime=""2023-12-19T20:57:22.9627141Z""/>
    <EventRecordID>668</EventRecordID>
    <Correlation/>
    <Execution ProcessID=""10484"" ThreadID=""12816""/>
    <Channel>Microsoft-Windows-Sysmon/Operational</Channel>
    <Computer>WinDev2309Eval</Computer>
    <Security UserID=""S-1-5-18""/>
  </System>
  <EventData>
    <Data Name=""RuleName"">-</Data>
    <Data Name=""UtcTime"">2023-12-19 20:57:22.402</Data>
    <Data Name=""ProcessGuid"">{f57bd86a-ffca-6581-1c02-000000000b00}</Data>
    <Data Name=""ProcessId"">4596</Data>
    <Data Name=""QueryName"">r3.i.lencr.org</Data>
    <Data Name=""QueryStatus"">0</Data>
    <Data Name=""QueryResults"">type: 5 crl.root-x1.letsencrypt.org.edgekey.net;type: 5 e8652.dscx.akamaiedge.net;::ffff:104.77.33.246;</Data>
    <Data Name=""Image"">C:\Program Files (x86)\Microsoft\Edge\Application\msedge.exe</Data>
    <Data Name=""User"">WINDEV2309EVAL\User</Data>
  </EventData>
</Event>
"
