Channel,CommandLine,Company,Computer,CreationUtcTime,CurrentDirectory,Description,DestinationHostname,DestinationIp,DestinationIsIpv6,DestinationPort,DestinationPortName,Details,EventID,EventRecordID,EventType,FileVersion,Hashes,Image,Initiated,IntegrityLevel,Keywords,Level,LogonGuid,LogonId,Message,NewThreadId,Opcode,OriginalFileName,ParentCommandLine,ParentImage,ParentProcessGuid,ParentProcessId,ParentUser,ProcessGuid,ProcessID,ProcessId,Product,Protocol,QueryName,QueryResults,QueryStatus,RuleName,SourceHostname,SourceImage,SourceIp,SourceIsIpv6,SourcePort,SourcePortName,SourceProcessGuid,SourceProcessId,SourceUser,StartAddress,StartFunction,StartModule,SystemTime,TargetFilename,TargetImage,TargetObject,TargetProcessGuid,TargetProcessId,TargetUser,Task,TerminalSessionId,ThreadID,User,UserID,UtcTime,Version,raw
Microsoft-Windows-Sysmon/Operational,,,WinDev2309Eval,39:15.3,,,,,,,,,11,1305,,,,C:\Windows\Microsoft.NET\Framework\v4.0.30319\mscorsvw.exe,,,0x8000000000000000,4,,,,,0,,,,,,,{f57bd86a-0d83-6582-a405-000000000b00},10484,10008.0,,,,,,EXE,,,,,,,,,,,,,2023-12-19T21:39:15.2982121Z,C:\Windows\assembly\NativeImages_v4.0.30319_32\Temp\2718-0\testhost.net472.x86.exe,,,,,,11,,10592,NT AUTHORITY\SYSTEM,S-1-5-18,39:15.3,2.0,"<Event xmlns=""http://schemas.microsoft.com/win/2004/08/events/event"">
  <System>
    <Provider Name=""Microsoft-Windows-Sysmon"" Guid=""{5770385f-c22a-43e0-bf4c-06f5698ffbd9}""/>
    <EventID>11</EventID>
    <Version>2</Version>
    <Level>4</Level>
    <Task>11</Task>
    <Opcode>0</Opcode>
    <Keywords>0x8000000000000000</Keywords>
    <TimeCreated SystemTime=""2023-12-19T21:39:15.2982121Z""/>
    <EventRecordID>1305</EventRecordID>
    <Correlation/>
    <Execution ProcessID=""10484"" ThreadID=""10592""/>
    <Channel>Microsoft-Windows-Sysmon/Operational</Channel>
    <Computer>WinDev2309Eval</Computer>
    <Security UserID=""S-1-5-18""/>
  </System>
  <EventData>
    <Data Name=""RuleName"">EXE</Data>
    <Data Name=""UtcTime"">2023-12-19 21:39:15.283</Data>
    <Data Name=""ProcessGuid"">{f57bd86a-0d83-6582-a405-000000000b00}</Data>
    <Data Name=""ProcessId"">10008</Data>
    <Data Name=""Image"">C:\Windows\Microsoft.NET\Framework\v4.0.30319\mscorsvw.exe</Data>
    <Data Name=""TargetFilename"">C:\Windows\assembly\NativeImages_v4.0.30319_32\Temp\2718-0\testhost.net472.x86.exe</Data>
    <Data Name=""CreationUtcTime"">2023-12-19 21:39:15.283</Data>
    <Data Name=""User"">NT AUTHORITY\SYSTEM</Data>
  </EventData>
</Event>
"
Microsoft-Windows-Sysmon/Operational,,,WinDev2309Eval,39:14.9,,,,,,,,,11,1304,,,,C:\Windows\Microsoft.NET\Framework\v4.0.30319\mscorsvw.exe,,,0x8000000000000000,4,,,,,0,,,,,,,{f57bd86a-0d82-6582-a205-000000000b00},10484,9248.0,,,,,,EXE,,,,,,,,,,,,,2023-12-19T21:39:14.9365122Z,C:\Windows\assembly\NativeImages_v4.0.30319_32\Temp\2420-0\testhost.net471.x86.exe,,,,,,11,,10592,NT AUTHORITY\SYSTEM,S-1-5-18,39:14.9,2.0,"<Event xmlns=""http://schemas.microsoft.com/win/2004/08/events/event"">
  <System>
    <Provider Name=""Microsoft-Windows-Sysmon"" Guid=""{5770385f-c22a-43e0-bf4c-06f5698ffbd9}""/>
    <EventID>11</EventID>
    <Version>2</Version>
    <Level>4</Level>
    <Task>11</Task>
    <Opcode>0</Opcode>
    <Keywords>0x8000000000000000</Keywords>
    <TimeCreated SystemTime=""2023-12-19T21:39:14.9365122Z""/>
    <EventRecordID>1304</EventRecordID>
    <Correlation/>
    <Execution ProcessID=""10484"" ThreadID=""10592""/>
    <Channel>Microsoft-Windows-Sysmon/Operational</Channel>
    <Computer>WinDev2309Eval</Computer>
    <Security UserID=""S-1-5-18""/>
  </System>
  <EventData>
    <Data Name=""RuleName"">EXE</Data>
    <Data Name=""UtcTime"">2023-12-19 21:39:14.921</Data>
    <Data Name=""ProcessGuid"">{f57bd86a-0d82-6582-a205-000000000b00}</Data>
    <Data Name=""ProcessId"">9248</Data>
    <Data Name=""Image"">C:\Windows\Microsoft.NET\Framework\v4.0.30319\mscorsvw.exe</Data>
    <Data Name=""TargetFilename"">C:\Windows\assembly\NativeImages_v4.0.30319_32\Temp\2420-0\testhost.net471.x86.exe</Data>
    <Data Name=""CreationUtcTime"">2023-12-19 21:39:14.921</Data>
    <Data Name=""User"">NT AUTHORITY\SYSTEM</Data>
  </EventData>
</Event>
"
Microsoft-Windows-Sysmon/Operational,,,WinDev2309Eval,39:14.6,,,,,,,,,11,1303,,,,C:\Windows\Microsoft.NET\Framework\v4.0.30319\mscorsvw.exe,,,0x8000000000000000,4,,,,,0,,,,,,,{f57bd86a-0d82-6582-a005-000000000b00},10484,2244.0,,,,,,EXE,,,,,,,,,,,,,2023-12-19T21:39:14.5876564Z,C:\Windows\assembly\NativeImages_v4.0.30319_32\Temp\8c4-0\testhost.net47.x86.exe,,,,,,11,,10592,NT AUTHORITY\SYSTEM,S-1-5-18,39:14.6,2.0,"<Event xmlns=""http://schemas.microsoft.com/win/2004/08/events/event"">
  <System>
    <Provider Name=""Microsoft-Windows-Sysmon"" Guid=""{5770385f-c22a-43e0-bf4c-06f5698ffbd9}""/>
    <EventID>11</EventID>
    <Version>2</Version>
    <Level>4</Level>
    <Task>11</Task>
    <Opcode>0</Opcode>
    <Keywords>0x8000000000000000</Keywords>
    <TimeCreated SystemTime=""2023-12-19T21:39:14.5876564Z""/>
    <EventRecordID>1303</EventRecordID>
    <Correlation/>
    <Execution ProcessID=""10484"" ThreadID=""10592""/>
    <Channel>Microsoft-Windows-Sysmon/Operational</Channel>
    <Computer>WinDev2309Eval</Computer>
    <Security UserID=""S-1-5-18""/>
  </System>
  <EventData>
    <Data Name=""RuleName"">EXE</Data>
    <Data Name=""UtcTime"">2023-12-19 21:39:14.577</Data>
    <Data Name=""ProcessGuid"">{f57bd86a-0d82-6582-a005-000000000b00}</Data>
    <Data Name=""ProcessId"">2244</Data>
    <Data Name=""Image"">C:\Windows\Microsoft.NET\Framework\v4.0.30319\mscorsvw.exe</Data>
    <Data Name=""TargetFilename"">C:\Windows\assembly\NativeImages_v4.0.30319_32\Temp\8c4-0\testhost.net47.x86.exe</Data>
    <Data Name=""CreationUtcTime"">2023-12-19 21:39:14.577</Data>
    <Data Name=""User"">NT AUTHORITY\SYSTEM</Data>
  </EventData>
</Event>
"
Microsoft-Windows-Sysmon/Operational,,,WinDev2309Eval,39:14.2,,,,,,,,,11,1302,,,,C:\Windows\Microsoft.NET\Framework\v4.0.30319\mscorsvw.exe,,,0x8000000000000000,4,,,,,0,,,,,,,{f57bd86a-0d7f-6582-9e05-000000000b00},10484,7280.0,,,,,,DLL,,,,,,,,,,,,,2023-12-19T21:39:14.1711177Z,C:\Windows\assembly\NativeImages_v4.0.30319_32\Temp\1c70-0\Microsoft.VisualStudio.LanguageServices.TypeScript.dll,,,,,,11,,10592,NT AUTHORITY\SYSTEM,S-1-5-18,39:14.2,2.0,"<Event xmlns=""http://schemas.microsoft.com/win/2004/08/events/event"">
  <System>
    <Provider Name=""Microsoft-Windows-Sysmon"" Guid=""{5770385f-c22a-43e0-bf4c-06f5698ffbd9}""/>
    <EventID>11</EventID>
    <Version>2</Version>
    <Level>4</Level>
    <Task>11</Task>
    <Opcode>0</Opcode>
    <Keywords>0x8000000000000000</Keywords>
    <TimeCreated SystemTime=""2023-12-19T21:39:14.1711177Z""/>
    <EventRecordID>1302</EventRecordID>
    <Correlation/>
    <Execution ProcessID=""10484"" ThreadID=""10592""/>
    <Channel>Microsoft-Windows-Sysmon/Operational</Channel>
    <Computer>WinDev2309Eval</Computer>
    <Security UserID=""S-1-5-18""/>
  </System>
  <EventData>
    <Data Name=""RuleName"">DLL</Data>
    <Data Name=""UtcTime"">2023-12-19 21:39:14.155</Data>
    <Data Name=""ProcessGuid"">{f57bd86a-0d7f-6582-9e05-000000000b00}</Data>
    <Data Name=""ProcessId"">7280</Data>
    <Data Name=""Image"">C:\Windows\Microsoft.NET\Framework\v4.0.30319\mscorsvw.exe</Data>
    <Data Name=""TargetFilename"">C:\Windows\assembly\NativeImages_v4.0.30319_32\Temp\1c70-0\Microsoft.VisualStudio.LanguageServices.TypeScript.dll</Data>
    <Data Name=""CreationUtcTime"">2023-12-19 21:39:14.155</Data>
    <Data Name=""User"">NT AUTHORITY\SYSTEM</Data>
  </EventData>
</Event>
"
Microsoft-Windows-Sysmon/Operational,,,WinDev2309Eval,39:10.9,,,,,,,,,11,1301,,,,C:\Windows\Microsoft.NET\Framework\v4.0.30319\mscorsvw.exe,,,0x8000000000000000,4,,,,,0,,,,,,,{f57bd86a-0d79-6582-9c05-000000000b00},10484,9176.0,,,,,,DLL,,,,,,,,,,,,,2023-12-19T21:39:10.9107909Z,C:\Windows\assembly\NativeImages_v4.0.30319_32\Temp\23d8-0\Microsoft.CodeAnalysis.TypeScript.EditorFeatures.dll,,,,,,11,,10592,NT AUTHORITY\SYSTEM,S-1-5-18,39:10.9,2.0,"<Event xmlns=""http://schemas.microsoft.com/win/2004/08/events/event"">
  <System>
    <Provider Name=""Microsoft-Windows-Sysmon"" Guid=""{5770385f-c22a-43e0-bf4c-06f5698ffbd9}""/>
    <EventID>11</EventID>
    <Version>2</Version>
    <Level>4</Level>
    <Task>11</Task>
    <Opcode>0</Opcode>
    <Keywords>0x8000000000000000</Keywords>
    <TimeCreated SystemTime=""2023-12-19T21:39:10.9107909Z""/>
    <EventRecordID>1301</EventRecordID>
    <Correlation/>
    <Execution ProcessID=""10484"" ThreadID=""10592""/>
    <Channel>Microsoft-Windows-Sysmon/Operational</Channel>
    <Computer>WinDev2309Eval</Computer>
    <Security UserID=""S-1-5-18""/>
  </System>
  <EventData>
    <Data Name=""RuleName"">DLL</Data>
    <Data Name=""UtcTime"">2023-12-19 21:39:10.898</Data>
    <Data Name=""ProcessGuid"">{f57bd86a-0d79-6582-9c05-000000000b00}</Data>
    <Data Name=""ProcessId"">9176</Data>
    <Data Name=""Image"">C:\Windows\Microsoft.NET\Framework\v4.0.30319\mscorsvw.exe</Data>
    <Data Name=""TargetFilename"">C:\Windows\assembly\NativeImages_v4.0.30319_32\Temp\23d8-0\Microsoft.CodeAnalysis.TypeScript.EditorFeatures.dll</Data>
    <Data Name=""CreationUtcTime"">2023-12-19 21:39:10.898</Data>
    <Data Name=""User"">NT AUTHORITY\SYSTEM</Data>
  </EventData>
</Event>
"
Microsoft-Windows-Sysmon/Operational,,,WinDev2309Eval,39:05.0,,,,,,,,,11,1300,,,,C:\Windows\Microsoft.NET\Framework\v4.0.30319\mscorsvw.exe,,,0x8000000000000000,4,,,,,0,,,,,,,{f57bd86a-0d78-6582-9a05-000000000b00},10484,12536.0,,,,,,DLL,,,,,,,,,,,,,2023-12-19T21:39:04.9968077Z,C:\Windows\assembly\NativeImages_v4.0.30319_32\Temp\30f8-0\Microsoft.CodeAnalysis.TypeScript.EditorFeatures.CodeLens.dll,,,,,,11,,10592,NT AUTHORITY\SYSTEM,S-1-5-18,39:05.0,2.0,"<Event xmlns=""http://schemas.microsoft.com/win/2004/08/events/event"">
  <System>
    <Provider Name=""Microsoft-Windows-Sysmon"" Guid=""{5770385f-c22a-43e0-bf4c-06f5698ffbd9}""/>
    <EventID>11</EventID>
    <Version>2</Version>
    <Level>4</Level>
    <Task>11</Task>
    <Opcode>0</Opcode>
    <Keywords>0x8000000000000000</Keywords>
    <TimeCreated SystemTime=""2023-12-19T21:39:04.9968077Z""/>
    <EventRecordID>1300</EventRecordID>
    <Correlation/>
    <Execution ProcessID=""10484"" ThreadID=""10592""/>
    <Channel>Microsoft-Windows-Sysmon/Operational</Channel>
    <Computer>WinDev2309Eval</Computer>
    <Security UserID=""S-1-5-18""/>
  </System>
  <EventData>
    <Data Name=""RuleName"">DLL</Data>
    <Data Name=""UtcTime"">2023-12-19 21:39:04.981</Data>
    <Data Name=""ProcessGuid"">{f57bd86a-0d78-6582-9a05-000000000b00}</Data>
    <Data Name=""ProcessId"">12536</Data>
    <Data Name=""Image"">C:\Windows\Microsoft.NET\Framework\v4.0.30319\mscorsvw.exe</Data>
    <Data Name=""TargetFilename"">C:\Windows\assembly\NativeImages_v4.0.30319_32\Temp\30f8-0\Microsoft.CodeAnalysis.TypeScript.EditorFeatures.CodeLens.dll</Data>
    <Data Name=""CreationUtcTime"">2023-12-19 21:39:04.981</Data>
    <Data Name=""User"">NT AUTHORITY\SYSTEM</Data>
  </EventData>
</Event>
"
Microsoft-Windows-Sysmon/Operational,,,WinDev2309Eval,39:04.5,,,,,,,,,11,1299,,,,C:\Windows\Microsoft.NET\Framework\v4.0.30319\mscorsvw.exe,,,0x8000000000000000,4,,,,,0,,,,,,,{f57bd86a-0d77-6582-9805-000000000b00},10484,284.0,,,,,,DLL,,,,,,,,,,,,,2023-12-19T21:39:04.5488133Z,C:\Windows\assembly\NativeImages_v4.0.30319_32\Temp\11c-0\Microsoft.ServiceHub.Client.dll,,,,,,11,,10592,NT AUTHORITY\SYSTEM,S-1-5-18,39:04.5,2.0,"<Event xmlns=""http://schemas.microsoft.com/win/2004/08/events/event"">
  <System>
    <Provider Name=""Microsoft-Windows-Sysmon"" Guid=""{5770385f-c22a-43e0-bf4c-06f5698ffbd9}""/>
    <EventID>11</EventID>
    <Version>2</Version>
    <Level>4</Level>
    <Task>11</Task>
    <Opcode>0</Opcode>
    <Keywords>0x8000000000000000</Keywords>
    <TimeCreated SystemTime=""2023-12-19T21:39:04.5488133Z""/>
    <EventRecordID>1299</EventRecordID>
    <Correlation/>
    <Execution ProcessID=""10484"" ThreadID=""10592""/>
    <Channel>Microsoft-Windows-Sysmon/Operational</Channel>
    <Computer>WinDev2309Eval</Computer>
    <Security UserID=""S-1-5-18""/>
  </System>
  <EventData>
    <Data Name=""RuleName"">DLL</Data>
    <Data Name=""UtcTime"">2023-12-19 21:39:04.544</Data>
    <Data Name=""ProcessGuid"">{f57bd86a-0d77-6582-9805-000000000b00}</Data>
    <Data Name=""ProcessId"">284</Data>
    <Data Name=""Image"">C:\Windows\Microsoft.NET\Framework\v4.0.30319\mscorsvw.exe</Data>
    <Data Name=""TargetFilename"">C:\Windows\assembly\NativeImages_v4.0.30319_32\Temp\11c-0\Microsoft.ServiceHub.Client.dll</Data>
    <Data Name=""CreationUtcTime"">2023-12-19 21:39:04.544</Data>
    <Data Name=""User"">NT AUTHORITY\SYSTEM</Data>
  </EventData>
</Event>
"
Microsoft-Windows-Sysmon/Operational,,,WinDev2309Eval,39:02.8,,,,,,,,,11,1298,,,,C:\Windows\Microsoft.NET\Framework\v4.0.30319\mscorsvw.exe,,,0x8000000000000000,4,,,,,0,,,,,,,{f57bd86a-0d76-6582-9605-000000000b00},10484,7300.0,,,,,,EXE,,,,,,,,,,,,,2023-12-19T21:39:02.7641359Z,C:\Windows\assembly\NativeImages_v4.0.30319_32\Temp\1c84-0\fsi.exe,,,,,,11,,10592,NT AUTHORITY\SYSTEM,S-1-5-18,39:02.8,2.0,"<Event xmlns=""http://schemas.microsoft.com/win/2004/08/events/event"">
  <System>
    <Provider Name=""Microsoft-Windows-Sysmon"" Guid=""{5770385f-c22a-43e0-bf4c-06f5698ffbd9}""/>
    <EventID>11</EventID>
    <Version>2</Version>
    <Level>4</Level>
    <Task>11</Task>
    <Opcode>0</Opcode>
    <Keywords>0x8000000000000000</Keywords>
    <TimeCreated SystemTime=""2023-12-19T21:39:02.7641359Z""/>
    <EventRecordID>1298</EventRecordID>
    <Correlation/>
    <Execution ProcessID=""10484"" ThreadID=""10592""/>
    <Channel>Microsoft-Windows-Sysmon/Operational</Channel>
    <Computer>WinDev2309Eval</Computer>
    <Security UserID=""S-1-5-18""/>
  </System>
  <EventData>
    <Data Name=""RuleName"">EXE</Data>
    <Data Name=""UtcTime"">2023-12-19 21:39:02.763</Data>
    <Data Name=""ProcessGuid"">{f57bd86a-0d76-6582-9605-000000000b00}</Data>
    <Data Name=""ProcessId"">7300</Data>
    <Data Name=""Image"">C:\Windows\Microsoft.NET\Framework\v4.0.30319\mscorsvw.exe</Data>
    <Data Name=""TargetFilename"">C:\Windows\assembly\NativeImages_v4.0.30319_32\Temp\1c84-0\fsi.exe</Data>
    <Data Name=""CreationUtcTime"">2023-12-19 21:39:02.763</Data>
    <Data Name=""User"">NT AUTHORITY\SYSTEM</Data>
  </EventData>
</Event>
"
Microsoft-Windows-Sysmon/Operational,,,WinDev2309Eval,39:02.2,,,,,,,,,11,1297,,,,C:\Windows\Microsoft.NET\Framework\v4.0.30319\mscorsvw.exe,,,0x8000000000000000,4,,,,,0,,,,,,,{f57bd86a-0d76-6582-9405-000000000b00},10484,11400.0,,,,,,DLL,,,,,,,,,,,,,2023-12-19T21:39:02.2434243Z,C:\Windows\assembly\NativeImages_v4.0.30319_32\Temp\2c88-0\FSharp.DependencyManager.Nuget.dll,,,,,,11,,10592,NT AUTHORITY\SYSTEM,S-1-5-18,39:02.2,2.0,"<Event xmlns=""http://schemas.microsoft.com/win/2004/08/events/event"">
  <System>
    <Provider Name=""Microsoft-Windows-Sysmon"" Guid=""{5770385f-c22a-43e0-bf4c-06f5698ffbd9}""/>
    <EventID>11</EventID>
    <Version>2</Version>
    <Level>4</Level>
    <Task>11</Task>
    <Opcode>0</Opcode>
    <Keywords>0x8000000000000000</Keywords>
    <TimeCreated SystemTime=""2023-12-19T21:39:02.2434243Z""/>
    <EventRecordID>1297</EventRecordID>
    <Correlation/>
    <Execution ProcessID=""10484"" ThreadID=""10592""/>
    <Channel>Microsoft-Windows-Sysmon/Operational</Channel>
    <Computer>WinDev2309Eval</Computer>
    <Security UserID=""S-1-5-18""/>
  </System>
  <EventData>
    <Data Name=""RuleName"">DLL</Data>
    <Data Name=""UtcTime"">2023-12-19 21:39:02.231</Data>
    <Data Name=""ProcessGuid"">{f57bd86a-0d76-6582-9405-000000000b00}</Data>
    <Data Name=""ProcessId"">11400</Data>
    <Data Name=""Image"">C:\Windows\Microsoft.NET\Framework\v4.0.30319\mscorsvw.exe</Data>
    <Data Name=""TargetFilename"">C:\Windows\assembly\NativeImages_v4.0.30319_32\Temp\2c88-0\FSharp.DependencyManager.Nuget.dll</Data>
    <Data Name=""CreationUtcTime"">2023-12-19 21:39:02.231</Data>
    <Data Name=""User"">NT AUTHORITY\SYSTEM</Data>
  </EventData>
</Event>
"
Microsoft-Windows-Sysmon/Operational,,,WinDev2309Eval,39:01.5,,,,,,,,,11,1296,,,,C:\Windows\Microsoft.NET\Framework\v4.0.30319\mscorsvw.exe,,,0x8000000000000000,4,,,,,0,,,,,,,{f57bd86a-0d75-6582-8e05-000000000b00},10484,12604.0,,,,,,EXE,,,,,,,,,,,,,2023-12-19T21:39:01.4761863Z,C:\Windows\assembly\NativeImages_v4.0.30319_32\Temp\313c-0\fsc.exe,,,,,,11,,10592,NT AUTHORITY\SYSTEM,S-1-5-18,39:01.5,2.0,"<Event xmlns=""http://schemas.microsoft.com/win/2004/08/events/event"">
  <System>
    <Provider Name=""Microsoft-Windows-Sysmon"" Guid=""{5770385f-c22a-43e0-bf4c-06f5698ffbd9}""/>
    <EventID>11</EventID>
    <Version>2</Version>
    <Level>4</Level>
    <Task>11</Task>
    <Opcode>0</Opcode>
    <Keywords>0x8000000000000000</Keywords>
    <TimeCreated SystemTime=""2023-12-19T21:39:01.4761863Z""/>
    <EventRecordID>1296</EventRecordID>
    <Correlation/>
    <Execution ProcessID=""10484"" ThreadID=""10592""/>
    <Channel>Microsoft-Windows-Sysmon/Operational</Channel>
    <Computer>WinDev2309Eval</Computer>
    <Security UserID=""S-1-5-18""/>
  </System>
  <EventData>
    <Data Name=""RuleName"">EXE</Data>
    <Data Name=""UtcTime"">2023-12-19 21:39:01.466</Data>
    <Data Name=""ProcessGuid"">{f57bd86a-0d75-6582-8e05-000000000b00}</Data>
    <Data Name=""ProcessId"">12604</Data>
    <Data Name=""Image"">C:\Windows\Microsoft.NET\Framework\v4.0.30319\mscorsvw.exe</Data>
    <Data Name=""TargetFilename"">C:\Windows\assembly\NativeImages_v4.0.30319_32\Temp\313c-0\fsc.exe</Data>
    <Data Name=""CreationUtcTime"">2023-12-19 21:39:01.466</Data>
    <Data Name=""User"">NT AUTHORITY\SYSTEM</Data>
  </EventData>
</Event>
"
Microsoft-Windows-Sysmon/Operational,,,WinDev2309Eval,39:00.8,,,,,,,,,11,1295,,,,C:\Windows\Microsoft.NET\Framework\v4.0.30319\mscorsvw.exe,,,0x8000000000000000,4,,,,,0,,,,,,,{f57bd86a-0d74-6582-8c05-000000000b00},10484,4932.0,,,,,,DLL,,,,,,,,,,,,,2023-12-19T21:39:00.8190138Z,C:\Windows\assembly\NativeImages_v4.0.30319_32\Temp\1344-0\FSharp.VS.FSI.dll,,,,,,11,,10592,NT AUTHORITY\SYSTEM,S-1-5-18,39:00.8,2.0,"<Event xmlns=""http://schemas.microsoft.com/win/2004/08/events/event"">
  <System>
    <Provider Name=""Microsoft-Windows-Sysmon"" Guid=""{5770385f-c22a-43e0-bf4c-06f5698ffbd9}""/>
    <EventID>11</EventID>
    <Version>2</Version>
    <Level>4</Level>
    <Task>11</Task>
    <Opcode>0</Opcode>
    <Keywords>0x8000000000000000</Keywords>
    <TimeCreated SystemTime=""2023-12-19T21:39:00.8190138Z""/>
    <EventRecordID>1295</EventRecordID>
    <Correlation/>
    <Execution ProcessID=""10484"" ThreadID=""10592""/>
    <Channel>Microsoft-Windows-Sysmon/Operational</Channel>
    <Computer>WinDev2309Eval</Computer>
    <Security UserID=""S-1-5-18""/>
  </System>
  <EventData>
    <Data Name=""RuleName"">DLL</Data>
    <Data Name=""UtcTime"">2023-12-19 21:39:00.808</Data>
    <Data Name=""ProcessGuid"">{f57bd86a-0d74-6582-8c05-000000000b00}</Data>
    <Data Name=""ProcessId"">4932</Data>
    <Data Name=""Image"">C:\Windows\Microsoft.NET\Framework\v4.0.30319\mscorsvw.exe</Data>
    <Data Name=""TargetFilename"">C:\Windows\assembly\NativeImages_v4.0.30319_32\Temp\1344-0\FSharp.VS.FSI.dll</Data>
    <Data Name=""CreationUtcTime"">2023-12-19 21:39:00.808</Data>
    <Data Name=""User"">NT AUTHORITY\SYSTEM</Data>
  </EventData>
</Event>
"
Microsoft-Windows-Sysmon/Operational,,,WinDev2309Eval,38:59.9,,,,,,,,,11,1294,,,,C:\Windows\Microsoft.NET\Framework\v4.0.30319\mscorsvw.exe,,,0x8000000000000000,4,,,,,0,,,,,,,{f57bd86a-0d73-6582-8a05-000000000b00},10484,7636.0,,,,,,DLL,,,,,,,,,,,,,2023-12-19T21:38:59.9105247Z,C:\Windows\assembly\NativeImages_v4.0.30319_32\Temp\1dd4-0\FSharp.ProjectSystem.PropertyPages.dll,,,,,,11,,10592,NT AUTHORITY\SYSTEM,S-1-5-18,38:59.9,2.0,"<Event xmlns=""http://schemas.microsoft.com/win/2004/08/events/event"">
  <System>
    <Provider Name=""Microsoft-Windows-Sysmon"" Guid=""{5770385f-c22a-43e0-bf4c-06f5698ffbd9}""/>
    <EventID>11</EventID>
    <Version>2</Version>
    <Level>4</Level>
    <Task>11</Task>
    <Opcode>0</Opcode>
    <Keywords>0x8000000000000000</Keywords>
    <TimeCreated SystemTime=""2023-12-19T21:38:59.9105247Z""/>
    <EventRecordID>1294</EventRecordID>
    <Correlation/>
    <Execution ProcessID=""10484"" ThreadID=""10592""/>
    <Channel>Microsoft-Windows-Sysmon/Operational</Channel>
    <Computer>WinDev2309Eval</Computer>
    <Security UserID=""S-1-5-18""/>
  </System>
  <EventData>
    <Data Name=""RuleName"">DLL</Data>
    <Data Name=""UtcTime"">2023-12-19 21:38:59.900</Data>
    <Data Name=""ProcessGuid"">{f57bd86a-0d73-6582-8a05-000000000b00}</Data>
    <Data Name=""ProcessId"">7636</Data>
    <Data Name=""Image"">C:\Windows\Microsoft.NET\Framework\v4.0.30319\mscorsvw.exe</Data>
    <Data Name=""TargetFilename"">C:\Windows\assembly\NativeImages_v4.0.30319_32\Temp\1dd4-0\FSharp.ProjectSystem.PropertyPages.dll</Data>
    <Data Name=""CreationUtcTime"">2023-12-19 21:38:59.900</Data>
    <Data Name=""User"">NT AUTHORITY\SYSTEM</Data>
  </EventData>
</Event>
"
Microsoft-Windows-Sysmon/Operational,,,WinDev2309Eval,38:59.2,,,,,,,,,11,1293,,,,C:\Windows\Microsoft.NET\Framework\v4.0.30319\mscorsvw.exe,,,0x8000000000000000,4,,,,,0,,,,,,,{f57bd86a-0d72-6582-8805-000000000b00},10484,2060.0,,,,,,DLL,,,,,,,,,,,,,2023-12-19T21:38:59.1664500Z,C:\Windows\assembly\NativeImages_v4.0.30319_32\Temp\80c-0\FSharp.ProjectSystem.FSharp.dll,,,,,,11,,10592,NT AUTHORITY\SYSTEM,S-1-5-18,38:59.2,2.0,"<Event xmlns=""http://schemas.microsoft.com/win/2004/08/events/event"">
  <System>
    <Provider Name=""Microsoft-Windows-Sysmon"" Guid=""{5770385f-c22a-43e0-bf4c-06f5698ffbd9}""/>
    <EventID>11</EventID>
    <Version>2</Version>
    <Level>4</Level>
    <Task>11</Task>
    <Opcode>0</Opcode>
    <Keywords>0x8000000000000000</Keywords>
    <TimeCreated SystemTime=""2023-12-19T21:38:59.1664500Z""/>
    <EventRecordID>1293</EventRecordID>
    <Correlation/>
    <Execution ProcessID=""10484"" ThreadID=""10592""/>
    <Channel>Microsoft-Windows-Sysmon/Operational</Channel>
    <Computer>WinDev2309Eval</Computer>
    <Security UserID=""S-1-5-18""/>
  </System>
  <EventData>
    <Data Name=""RuleName"">DLL</Data>
    <Data Name=""UtcTime"">2023-12-19 21:38:59.163</Data>
    <Data Name=""ProcessGuid"">{f57bd86a-0d72-6582-8805-000000000b00}</Data>
    <Data Name=""ProcessId"">2060</Data>
    <Data Name=""Image"">C:\Windows\Microsoft.NET\Framework\v4.0.30319\mscorsvw.exe</Data>
    <Data Name=""TargetFilename"">C:\Windows\assembly\NativeImages_v4.0.30319_32\Temp\80c-0\FSharp.ProjectSystem.FSharp.dll</Data>
    <Data Name=""CreationUtcTime"">2023-12-19 21:38:59.163</Data>
    <Data Name=""User"">NT AUTHORITY\SYSTEM</Data>
  </EventData>
</Event>
"
Microsoft-Windows-Sysmon/Operational,,,WinDev2309Eval,38:57.9,,,,,,,,,11,1292,,,,C:\Windows\Microsoft.NET\Framework\v4.0.30319\mscorsvw.exe,,,0x8000000000000000,4,,,,,0,,,,,,,{f57bd86a-0d70-6582-8605-000000000b00},10484,5552.0,,,,,,DLL,,,,,,,,,,,,,2023-12-19T21:38:57.9115389Z,C:\Windows\assembly\NativeImages_v4.0.30319_32\Temp\15b0-0\FSharp.ProjectSystem.Base.dll,,,,,,11,,10592,NT AUTHORITY\SYSTEM,S-1-5-18,38:57.9,2.0,"<Event xmlns=""http://schemas.microsoft.com/win/2004/08/events/event"">
  <System>
    <Provider Name=""Microsoft-Windows-Sysmon"" Guid=""{5770385f-c22a-43e0-bf4c-06f5698ffbd9}""/>
    <EventID>11</EventID>
    <Version>2</Version>
    <Level>4</Level>
    <Task>11</Task>
    <Opcode>0</Opcode>
    <Keywords>0x8000000000000000</Keywords>
    <TimeCreated SystemTime=""2023-12-19T21:38:57.9115389Z""/>
    <EventRecordID>1292</EventRecordID>
    <Correlation/>
    <Execution ProcessID=""10484"" ThreadID=""10592""/>
    <Channel>Microsoft-Windows-Sysmon/Operational</Channel>
    <Computer>WinDev2309Eval</Computer>
    <Security UserID=""S-1-5-18""/>
  </System>
  <EventData>
    <Data Name=""RuleName"">DLL</Data>
    <Data Name=""UtcTime"">2023-12-19 21:38:57.896</Data>
    <Data Name=""ProcessGuid"">{f57bd86a-0d70-6582-8605-000000000b00}</Data>
    <Data Name=""ProcessId"">5552</Data>
    <Data Name=""Image"">C:\Windows\Microsoft.NET\Framework\v4.0.30319\mscorsvw.exe</Data>
    <Data Name=""TargetFilename"">C:\Windows\assembly\NativeImages_v4.0.30319_32\Temp\15b0-0\FSharp.ProjectSystem.Base.dll</Data>
    <Data Name=""CreationUtcTime"">2023-12-19 21:38:57.896</Data>
    <Data Name=""User"">NT AUTHORITY\SYSTEM</Data>
  </EventData>
</Event>
"
Microsoft-Windows-Sysmon/Operational,,,WinDev2309Eval,38:55.2,,,,,,,,,11,1291,,,,C:\Windows\Microsoft.NET\Framework64\v4.0.30319\mscorsvw.exe,,,0x8000000000000000,4,,,,,0,,,,,,,{f57bd86a-0d6e-6582-6905-000000000b00},10484,6700.0,,,,,,EXE,,,,,,,,,,,,,2023-12-19T21:38:55.1864396Z,C:\Windows\assembly\NativeImages_v4.0.30319_64\Temp\1a2c-0\vbc.exe,,,,,,11,,10592,NT AUTHORITY\SYSTEM,S-1-5-18,38:55.2,2.0,"<Event xmlns=""http://schemas.microsoft.com/win/2004/08/events/event"">
  <System>
    <Provider Name=""Microsoft-Windows-Sysmon"" Guid=""{5770385f-c22a-43e0-bf4c-06f5698ffbd9}""/>
    <EventID>11</EventID>
    <Version>2</Version>
    <Level>4</Level>
    <Task>11</Task>
    <Opcode>0</Opcode>
    <Keywords>0x8000000000000000</Keywords>
    <TimeCreated SystemTime=""2023-12-19T21:38:55.1864396Z""/>
    <EventRecordID>1291</EventRecordID>
    <Correlation/>
    <Execution ProcessID=""10484"" ThreadID=""10592""/>
    <Channel>Microsoft-Windows-Sysmon/Operational</Channel>
    <Computer>WinDev2309Eval</Computer>
    <Security UserID=""S-1-5-18""/>
  </System>
  <EventData>
    <Data Name=""RuleName"">EXE</Data>
    <Data Name=""UtcTime"">2023-12-19 21:38:55.177</Data>
    <Data Name=""ProcessGuid"">{f57bd86a-0d6e-6582-6905-000000000b00}</Data>
    <Data Name=""ProcessId"">6700</Data>
    <Data Name=""Image"">C:\Windows\Microsoft.NET\Framework64\v4.0.30319\mscorsvw.exe</Data>
    <Data Name=""TargetFilename"">C:\Windows\assembly\NativeImages_v4.0.30319_64\Temp\1a2c-0\vbc.exe</Data>
    <Data Name=""CreationUtcTime"">2023-12-19 21:38:55.177</Data>
    <Data Name=""User"">NT AUTHORITY\SYSTEM</Data>
  </EventData>
</Event>
"
Microsoft-Windows-Sysmon/Operational,,,WinDev2309Eval,38:54.6,,,,,,,,,11,1290,,,,C:\Windows\Microsoft.NET\Framework64\v4.0.30319\mscorsvw.exe,,,0x8000000000000000,4,,,,,0,,,,,,,{f57bd86a-0d6e-6582-6705-000000000b00},10484,12944.0,,,,,,EXE,,,,,,,,,,,,,2023-12-19T21:38:54.5827875Z,C:\Windows\assembly\NativeImages_v4.0.30319_64\Temp\3290-0\csi.exe,,,,,,11,,10592,NT AUTHORITY\SYSTEM,S-1-5-18,38:54.6,2.0,"<Event xmlns=""http://schemas.microsoft.com/win/2004/08/events/event"">
  <System>
    <Provider Name=""Microsoft-Windows-Sysmon"" Guid=""{5770385f-c22a-43e0-bf4c-06f5698ffbd9}""/>
    <EventID>11</EventID>
    <Version>2</Version>
    <Level>4</Level>
    <Task>11</Task>
    <Opcode>0</Opcode>
    <Keywords>0x8000000000000000</Keywords>
    <TimeCreated SystemTime=""2023-12-19T21:38:54.5827875Z""/>
    <EventRecordID>1290</EventRecordID>
    <Correlation/>
    <Execution ProcessID=""10484"" ThreadID=""10592""/>
    <Channel>Microsoft-Windows-Sysmon/Operational</Channel>
    <Computer>WinDev2309Eval</Computer>
    <Security UserID=""S-1-5-18""/>
  </System>
  <EventData>
    <Data Name=""RuleName"">EXE</Data>
    <Data Name=""UtcTime"">2023-12-19 21:38:54.567</Data>
    <Data Name=""ProcessGuid"">{f57bd86a-0d6e-6582-6705-000000000b00}</Data>
    <Data Name=""ProcessId"">12944</Data>
    <Data Name=""Image"">C:\Windows\Microsoft.NET\Framework64\v4.0.30319\mscorsvw.exe</Data>
    <Data Name=""TargetFilename"">C:\Windows\assembly\NativeImages_v4.0.30319_64\Temp\3290-0\csi.exe</Data>
    <Data Name=""CreationUtcTime"">2023-12-19 21:38:54.567</Data>
    <Data Name=""User"">NT AUTHORITY\SYSTEM</Data>
  </EventData>
</Event>
"
Microsoft-Windows-Sysmon/Operational,,,WinDev2309Eval,38:54.2,,,,,,,,,11,1289,,,,C:\Windows\Microsoft.NET\Framework64\v4.0.30319\mscorsvw.exe,,,0x8000000000000000,4,,,,,0,,,,,,,{f57bd86a-0d6d-6582-6505-000000000b00},10484,11028.0,,,,,,EXE,,,,,,,,,,,,,2023-12-19T21:38:54.1857254Z,C:\Windows\assembly\NativeImages_v4.0.30319_64\Temp\2b14-0\csc.exe,,,,,,11,,10592,NT AUTHORITY\SYSTEM,S-1-5-18,38:54.2,2.0,"<Event xmlns=""http://schemas.microsoft.com/win/2004/08/events/event"">
  <System>
    <Provider Name=""Microsoft-Windows-Sysmon"" Guid=""{5770385f-c22a-43e0-bf4c-06f5698ffbd9}""/>
    <EventID>11</EventID>
    <Version>2</Version>
    <Level>4</Level>
    <Task>11</Task>
    <Opcode>0</Opcode>
    <Keywords>0x8000000000000000</Keywords>
    <TimeCreated SystemTime=""2023-12-19T21:38:54.1857254Z""/>
    <EventRecordID>1289</EventRecordID>
    <Correlation/>
    <Execution ProcessID=""10484"" ThreadID=""10592""/>
    <Channel>Microsoft-Windows-Sysmon/Operational</Channel>
    <Computer>WinDev2309Eval</Computer>
    <Security UserID=""S-1-5-18""/>
  </System>
  <EventData>
    <Data Name=""RuleName"">EXE</Data>
    <Data Name=""UtcTime"">2023-12-19 21:38:54.177</Data>
    <Data Name=""ProcessGuid"">{f57bd86a-0d6d-6582-6505-000000000b00}</Data>
    <Data Name=""ProcessId"">11028</Data>
    <Data Name=""Image"">C:\Windows\Microsoft.NET\Framework64\v4.0.30319\mscorsvw.exe</Data>
    <Data Name=""TargetFilename"">C:\Windows\assembly\NativeImages_v4.0.30319_64\Temp\2b14-0\csc.exe</Data>
    <Data Name=""CreationUtcTime"">2023-12-19 21:38:54.177</Data>
    <Data Name=""User"">NT AUTHORITY\SYSTEM</Data>
  </EventData>
</Event>
"
Microsoft-Windows-Sysmon/Operational,,,WinDev2309Eval,38:53.6,,,,,,,,,11,1288,,,,C:\Windows\Microsoft.NET\Framework64\v4.0.30319\mscorsvw.exe,,,0x8000000000000000,4,,,,,0,,,,,,,{f57bd86a-0d6d-6582-6305-000000000b00},10484,6296.0,,,,,,DLL,,,,,,,,,,,,,2023-12-19T21:38:53.5648368Z,C:\Windows\assembly\NativeImages_v4.0.30319_64\Temp\1898-0\Microsoft.VisualStudio.ThreadedWaitDialog.dll,,,,,,11,,10592,NT AUTHORITY\SYSTEM,S-1-5-18,38:53.6,2.0,"<Event xmlns=""http://schemas.microsoft.com/win/2004/08/events/event"">
  <System>
    <Provider Name=""Microsoft-Windows-Sysmon"" Guid=""{5770385f-c22a-43e0-bf4c-06f5698ffbd9}""/>
    <EventID>11</EventID>
    <Version>2</Version>
    <Level>4</Level>
    <Task>11</Task>
    <Opcode>0</Opcode>
    <Keywords>0x8000000000000000</Keywords>
    <TimeCreated SystemTime=""2023-12-19T21:38:53.5648368Z""/>
    <EventRecordID>1288</EventRecordID>
    <Correlation/>
    <Execution ProcessID=""10484"" ThreadID=""10592""/>
    <Channel>Microsoft-Windows-Sysmon/Operational</Channel>
    <Computer>WinDev2309Eval</Computer>
    <Security UserID=""S-1-5-18""/>
  </System>
  <EventData>
    <Data Name=""RuleName"">DLL</Data>
    <Data Name=""UtcTime"">2023-12-19 21:38:53.552</Data>
    <Data Name=""ProcessGuid"">{f57bd86a-0d6d-6582-6305-000000000b00}</Data>
    <Data Name=""ProcessId"">6296</Data>
    <Data Name=""Image"">C:\Windows\Microsoft.NET\Framework64\v4.0.30319\mscorsvw.exe</Data>
    <Data Name=""TargetFilename"">C:\Windows\assembly\NativeImages_v4.0.30319_64\Temp\1898-0\Microsoft.VisualStudio.ThreadedWaitDialog.dll</Data>
    <Data Name=""CreationUtcTime"">2023-12-19 21:38:53.552</Data>
    <Data Name=""User"">NT AUTHORITY\SYSTEM</Data>
  </EventData>
</Event>
"
Microsoft-Windows-Sysmon/Operational,,,WinDev2309Eval,38:52.9,,,,,,,,,11,1287,,,,C:\Windows\Microsoft.NET\Framework64\v4.0.30319\mscorsvw.exe,,,0x8000000000000000,4,,,,,0,,,,,,,{f57bd86a-0d6b-6582-6105-000000000b00},10484,3572.0,,,,,,DLL,,,,,,,,,,,,,2023-12-19T21:38:52.9410780Z,C:\Windows\assembly\NativeImages_v4.0.30319_64\Temp\df4-0\Microsoft.Developer.Settings.dll,,,,,,11,,10592,NT AUTHORITY\SYSTEM,S-1-5-18,38:52.9,2.0,"<Event xmlns=""http://schemas.microsoft.com/win/2004/08/events/event"">
  <System>
    <Provider Name=""Microsoft-Windows-Sysmon"" Guid=""{5770385f-c22a-43e0-bf4c-06f5698ffbd9}""/>
    <EventID>11</EventID>
    <Version>2</Version>
    <Level>4</Level>
    <Task>11</Task>
    <Opcode>0</Opcode>
    <Keywords>0x8000000000000000</Keywords>
    <TimeCreated SystemTime=""2023-12-19T21:38:52.9410780Z""/>
    <EventRecordID>1287</EventRecordID>
    <Correlation/>
    <Execution ProcessID=""10484"" ThreadID=""10592""/>
    <Channel>Microsoft-Windows-Sysmon/Operational</Channel>
    <Computer>WinDev2309Eval</Computer>
    <Security UserID=""S-1-5-18""/>
  </System>
  <EventData>
    <Data Name=""RuleName"">DLL</Data>
    <Data Name=""UtcTime"">2023-12-19 21:38:52.927</Data>
    <Data Name=""ProcessGuid"">{f57bd86a-0d6b-6582-6105-000000000b00}</Data>
    <Data Name=""ProcessId"">3572</Data>
    <Data Name=""Image"">C:\Windows\Microsoft.NET\Framework64\v4.0.30319\mscorsvw.exe</Data>
    <Data Name=""TargetFilename"">C:\Windows\assembly\NativeImages_v4.0.30319_64\Temp\df4-0\Microsoft.Developer.Settings.dll</Data>
    <Data Name=""CreationUtcTime"">2023-12-19 21:38:52.927</Data>
    <Data Name=""User"">NT AUTHORITY\SYSTEM</Data>
  </EventData>
</Event>
"
Microsoft-Windows-Sysmon/Operational,,,WinDev2309Eval,38:51.1,,,,,,,,,11,1286,,,,C:\Windows\Microsoft.NET\Framework64\v4.0.30319\mscorsvw.exe,,,0x8000000000000000,4,,,,,0,,,,,,,{f57bd86a-0d6a-6582-5e05-000000000b00},10484,12924.0,,,,,,DLL,,,,,,,,,,,,,2023-12-19T21:38:51.0988921Z,C:\Windows\assembly\NativeImages_v4.0.30319_64\Temp\327c-0\System.IO.Pipelines.dll,,,,,,11,,10592,NT AUTHORITY\SYSTEM,S-1-5-18,38:51.1,2.0,"<Event xmlns=""http://schemas.microsoft.com/win/2004/08/events/event"">
  <System>
    <Provider Name=""Microsoft-Windows-Sysmon"" Guid=""{5770385f-c22a-43e0-bf4c-06f5698ffbd9}""/>
    <EventID>11</EventID>
    <Version>2</Version>
    <Level>4</Level>
    <Task>11</Task>
    <Opcode>0</Opcode>
    <Keywords>0x8000000000000000</Keywords>
    <TimeCreated SystemTime=""2023-12-19T21:38:51.0988921Z""/>
    <EventRecordID>1286</EventRecordID>
    <Correlation/>
    <Execution ProcessID=""10484"" ThreadID=""10592""/>
    <Channel>Microsoft-Windows-Sysmon/Operational</Channel>
    <Computer>WinDev2309Eval</Computer>
    <Security UserID=""S-1-5-18""/>
  </System>
  <EventData>
    <Data Name=""RuleName"">DLL</Data>
    <Data Name=""UtcTime"">2023-12-19 21:38:51.098</Data>
    <Data Name=""ProcessGuid"">{f57bd86a-0d6a-6582-5e05-000000000b00}</Data>
    <Data Name=""ProcessId"">12924</Data>
    <Data Name=""Image"">C:\Windows\Microsoft.NET\Framework64\v4.0.30319\mscorsvw.exe</Data>
    <Data Name=""TargetFilename"">C:\Windows\assembly\NativeImages_v4.0.30319_64\Temp\327c-0\System.IO.Pipelines.dll</Data>
    <Data Name=""CreationUtcTime"">2023-12-19 21:38:51.098</Data>
    <Data Name=""User"">NT AUTHORITY\SYSTEM</Data>
  </EventData>
</Event>
"
Microsoft-Windows-Sysmon/Operational,,,WinDev2309Eval,38:50.5,,,,,,,,,11,1285,,,,C:\Windows\Microsoft.NET\Framework64\v4.0.30319\mscorsvw.exe,,,0x8000000000000000,4,,,,,0,,,,,,,{f57bd86a-0d68-6582-5b05-000000000b00},10484,1704.0,,,,,,DLL,,,,,,,,,,,,,2023-12-19T21:38:50.5461449Z,C:\Windows\assembly\NativeImages_v4.0.30319_64\Temp\6a8-0\StreamJsonRpc.dll,,,,,,11,,10592,NT AUTHORITY\SYSTEM,S-1-5-18,38:50.5,2.0,"<Event xmlns=""http://schemas.microsoft.com/win/2004/08/events/event"">
  <System>
    <Provider Name=""Microsoft-Windows-Sysmon"" Guid=""{5770385f-c22a-43e0-bf4c-06f5698ffbd9}""/>
    <EventID>11</EventID>
    <Version>2</Version>
    <Level>4</Level>
    <Task>11</Task>
    <Opcode>0</Opcode>
    <Keywords>0x8000000000000000</Keywords>
    <TimeCreated SystemTime=""2023-12-19T21:38:50.5461449Z""/>
    <EventRecordID>1285</EventRecordID>
    <Correlation/>
    <Execution ProcessID=""10484"" ThreadID=""10592""/>
    <Channel>Microsoft-Windows-Sysmon/Operational</Channel>
    <Computer>WinDev2309Eval</Computer>
    <Security UserID=""S-1-5-18""/>
  </System>
  <EventData>
    <Data Name=""RuleName"">DLL</Data>
    <Data Name=""UtcTime"">2023-12-19 21:38:50.534</Data>
    <Data Name=""ProcessGuid"">{f57bd86a-0d68-6582-5b05-000000000b00}</Data>
    <Data Name=""ProcessId"">1704</Data>
    <Data Name=""Image"">C:\Windows\Microsoft.NET\Framework64\v4.0.30319\mscorsvw.exe</Data>
    <Data Name=""TargetFilename"">C:\Windows\assembly\NativeImages_v4.0.30319_64\Temp\6a8-0\StreamJsonRpc.dll</Data>
    <Data Name=""CreationUtcTime"">2023-12-19 21:38:50.534</Data>
    <Data Name=""User"">NT AUTHORITY\SYSTEM</Data>
  </EventData>
</Event>
"
Microsoft-Windows-Sysmon/Operational,,,WinDev2309Eval,38:47.8,,,,,,,,,11,1284,,,,C:\Windows\Microsoft.NET\Framework64\v4.0.30319\mscorsvw.exe,,,0x8000000000000000,4,,,,,0,,,,,,,{f57bd86a-0d66-6582-5905-000000000b00},10484,12876.0,,,,,,DLL,,,,,,,,,,,,,2023-12-19T21:38:47.7690046Z,C:\Windows\assembly\NativeImages_v4.0.30319_64\Temp\324c-0\Nerdbank.Streams.dll,,,,,,11,,10592,NT AUTHORITY\SYSTEM,S-1-5-18,38:47.8,2.0,"<Event xmlns=""http://schemas.microsoft.com/win/2004/08/events/event"">
  <System>
    <Provider Name=""Microsoft-Windows-Sysmon"" Guid=""{5770385f-c22a-43e0-bf4c-06f5698ffbd9}""/>
    <EventID>11</EventID>
    <Version>2</Version>
    <Level>4</Level>
    <Task>11</Task>
    <Opcode>0</Opcode>
    <Keywords>0x8000000000000000</Keywords>
    <TimeCreated SystemTime=""2023-12-19T21:38:47.7690046Z""/>
    <EventRecordID>1284</EventRecordID>
    <Correlation/>
    <Execution ProcessID=""10484"" ThreadID=""10592""/>
    <Channel>Microsoft-Windows-Sysmon/Operational</Channel>
    <Computer>WinDev2309Eval</Computer>
    <Security UserID=""S-1-5-18""/>
  </System>
  <EventData>
    <Data Name=""RuleName"">DLL</Data>
    <Data Name=""UtcTime"">2023-12-19 21:38:47.766</Data>
    <Data Name=""ProcessGuid"">{f57bd86a-0d66-6582-5905-000000000b00}</Data>
    <Data Name=""ProcessId"">12876</Data>
    <Data Name=""Image"">C:\Windows\Microsoft.NET\Framework64\v4.0.30319\mscorsvw.exe</Data>
    <Data Name=""TargetFilename"">C:\Windows\assembly\NativeImages_v4.0.30319_64\Temp\324c-0\Nerdbank.Streams.dll</Data>
    <Data Name=""CreationUtcTime"">2023-12-19 21:38:47.766</Data>
    <Data Name=""User"">NT AUTHORITY\SYSTEM</Data>
  </EventData>
</Event>
"
