Channel,CommandLine,Company,Computer,CreationUtcTime,CurrentDirectory,Description,DestinationHostname,DestinationIp,DestinationIsIpv6,DestinationPort,DestinationPortName,Details,EventID,EventRecordID,EventType,FileVersion,Hashes,Image,Initiated,IntegrityLevel,Keywords,Level,LogonGuid,LogonId,Message,NewThreadId,Opcode,OriginalFileName,ParentCommandLine,ParentImage,ParentProcessGuid,ParentProcessId,ParentUser,ProcessGuid,ProcessID,ProcessId,Product,Protocol,QueryName,QueryResults,QueryStatus,RuleName,SourceHostname,SourceImage,SourceIp,SourceIsIpv6,SourcePort,SourcePortName,SourceProcessGuid,SourceProcessId,SourceUser,StartAddress,StartFunction,StartModule,SystemTime,TargetFilename,TargetImage,TargetObject,TargetProcessGuid,TargetProcessId,TargetUser,Task,TerminalSessionId,ThreadID,User,UserID,UtcTime,Version,raw
Microsoft-Windows-Sysmon/Operational,,,WinDev2309Eval,43:47.2,,,,,,,,,11,6563,,,,C:\Windows\Microsoft.NET\Framework\v4.0.30319\mscorsvw.exe,,,0x8000000000000000,4,,,,,0,,,,,,,{f57bd86a-24ef-6584-ef07-000000000d00},3400,9296.0,,,,,,DLL,,,,,,,,,,,,,2023-12-21T11:43:47.1796439Z,C:\Windows\assembly\NativeImages_v4.0.30319_32\Temp\2450-0\Microsoft.CodeAnalysis.VisualBasic.Workspaces.dll,,,,,,11,,4208,NT AUTHORITY\SYSTEM,S-1-5-18,43:47.2,2.0,"<Event xmlns=""http://schemas.microsoft.com/win/2004/08/events/event"">
  <System>
    <Provider Name=""Microsoft-Windows-Sysmon"" Guid=""{5770385f-c22a-43e0-bf4c-06f5698ffbd9}""/>
    <EventID>11</EventID>
    <Version>2</Version>
    <Level>4</Level>
    <Task>11</Task>
    <Opcode>0</Opcode>
    <Keywords>0x8000000000000000</Keywords>
    <TimeCreated SystemTime=""2023-12-21T11:43:47.1796439Z""/>
    <EventRecordID>6563</EventRecordID>
    <Correlation/>
    <Execution ProcessID=""3400"" ThreadID=""4208""/>
    <Channel>Microsoft-Windows-Sysmon/Operational</Channel>
    <Computer>WinDev2309Eval</Computer>
    <Security UserID=""S-1-5-18""/>
  </System>
  <EventData>
    <Data Name=""RuleName"">DLL</Data>
    <Data Name=""UtcTime"">2023-12-21 11:43:47.175</Data>
    <Data Name=""ProcessGuid"">{f57bd86a-24ef-6584-ef07-000000000d00}</Data>
    <Data Name=""ProcessId"">9296</Data>
    <Data Name=""Image"">C:\Windows\Microsoft.NET\Framework\v4.0.30319\mscorsvw.exe</Data>
    <Data Name=""TargetFilename"">C:\Windows\assembly\NativeImages_v4.0.30319_32\Temp\2450-0\Microsoft.CodeAnalysis.VisualBasic.Workspaces.dll</Data>
    <Data Name=""CreationUtcTime"">2023-12-21 11:43:47.175</Data>
    <Data Name=""User"">NT AUTHORITY\SYSTEM</Data>
  </EventData>
</Event>
"
Microsoft-Windows-Sysmon/Operational,,,WinDev2309Eval,43:42.7,,,,,,,,,11,6562,,,,C:\Windows\Microsoft.NET\Framework\v4.0.30319\mscorsvw.exe,,,0x8000000000000000,4,,,,,0,,,,,,,{f57bd86a-24e9-6584-ed07-000000000d00},3400,7324.0,,,,,,DLL,,,,,,,,,,,,,2023-12-21T11:43:42.7284201Z,C:\Windows\assembly\NativeImages_v4.0.30319_32\Temp\1c9c-0\Microsoft.CodeAnalysis.VisualBasic.Features.dll,,,,,,11,,4208,NT AUTHORITY\SYSTEM,S-1-5-18,43:42.7,2.0,"<Event xmlns=""http://schemas.microsoft.com/win/2004/08/events/event"">
  <System>
    <Provider Name=""Microsoft-Windows-Sysmon"" Guid=""{5770385f-c22a-43e0-bf4c-06f5698ffbd9}""/>
    <EventID>11</EventID>
    <Version>2</Version>
    <Level>4</Level>
    <Task>11</Task>
    <Opcode>0</Opcode>
    <Keywords>0x8000000000000000</Keywords>
    <TimeCreated SystemTime=""2023-12-21T11:43:42.7284201Z""/>
    <EventRecordID>6562</EventRecordID>
    <Correlation/>
    <Execution ProcessID=""3400"" ThreadID=""4208""/>
    <Channel>Microsoft-Windows-Sysmon/Operational</Channel>
    <Computer>WinDev2309Eval</Computer>
    <Security UserID=""S-1-5-18""/>
  </System>
  <EventData>
    <Data Name=""RuleName"">DLL</Data>
    <Data Name=""UtcTime"">2023-12-21 11:43:42.720</Data>
    <Data Name=""ProcessGuid"">{f57bd86a-24e9-6584-ed07-000000000d00}</Data>
    <Data Name=""ProcessId"">7324</Data>
    <Data Name=""Image"">C:\Windows\Microsoft.NET\Framework\v4.0.30319\mscorsvw.exe</Data>
    <Data Name=""TargetFilename"">C:\Windows\assembly\NativeImages_v4.0.30319_32\Temp\1c9c-0\Microsoft.CodeAnalysis.VisualBasic.Features.dll</Data>
    <Data Name=""CreationUtcTime"">2023-12-21 11:43:42.720</Data>
    <Data Name=""User"">NT AUTHORITY\SYSTEM</Data>
  </EventData>
</Event>
"
Microsoft-Windows-Sysmon/Operational,,,WinDev2309Eval,43:36.9,,,,,,,,,11,6561,,,,C:\Windows\Microsoft.NET\Framework\v4.0.30319\mscorsvw.exe,,,0x8000000000000000,4,,,,,0,,,,,,,{f57bd86a-24e7-6584-eb07-000000000d00},3400,11720.0,,,,,,DLL,,,,,,,,,,,,,2023-12-21T11:43:36.9389316Z,C:\Windows\assembly\NativeImages_v4.0.30319_32\Temp\2dc8-0\Microsoft.CodeAnalysis.VisualBasic.EditorFeatures.dll,,,,,,11,,4208,NT AUTHORITY\SYSTEM,S-1-5-18,43:36.9,2.0,"<Event xmlns=""http://schemas.microsoft.com/win/2004/08/events/event"">
  <System>
    <Provider Name=""Microsoft-Windows-Sysmon"" Guid=""{5770385f-c22a-43e0-bf4c-06f5698ffbd9}""/>
    <EventID>11</EventID>
    <Version>2</Version>
    <Level>4</Level>
    <Task>11</Task>
    <Opcode>0</Opcode>
    <Keywords>0x8000000000000000</Keywords>
    <TimeCreated SystemTime=""2023-12-21T11:43:36.9389316Z""/>
    <EventRecordID>6561</EventRecordID>
    <Correlation/>
    <Execution ProcessID=""3400"" ThreadID=""4208""/>
    <Channel>Microsoft-Windows-Sysmon/Operational</Channel>
    <Computer>WinDev2309Eval</Computer>
    <Security UserID=""S-1-5-18""/>
  </System>
  <EventData>
    <Data Name=""RuleName"">DLL</Data>
    <Data Name=""UtcTime"">2023-12-21 11:43:36.932</Data>
    <Data Name=""ProcessGuid"">{f57bd86a-24e7-6584-eb07-000000000d00}</Data>
    <Data Name=""ProcessId"">11720</Data>
    <Data Name=""Image"">C:\Windows\Microsoft.NET\Framework\v4.0.30319\mscorsvw.exe</Data>
    <Data Name=""TargetFilename"">C:\Windows\assembly\NativeImages_v4.0.30319_32\Temp\2dc8-0\Microsoft.CodeAnalysis.VisualBasic.EditorFeatures.dll</Data>
    <Data Name=""CreationUtcTime"">2023-12-21 11:43:36.932</Data>
    <Data Name=""User"">NT AUTHORITY\SYSTEM</Data>
  </EventData>
</Event>
"
Microsoft-Windows-Sysmon/Operational,,,WinDev2309Eval,43:34.3,,,,,,,,,11,6560,,,,C:\Windows\Microsoft.NET\Framework\v4.0.30319\mscorsvw.exe,,,0x8000000000000000,4,,,,,0,,,,,,,{f57bd86a-24d5-6584-e907-000000000d00},3400,2564.0,,,,,,DLL,,,,,,,,,,,,,2023-12-21T11:43:34.3477393Z,C:\Windows\assembly\NativeImages_v4.0.30319_32\Temp\a04-0\Microsoft.CodeAnalysis.VisualBasic.dll,,,,,,11,,4208,NT AUTHORITY\SYSTEM,S-1-5-18,43:34.3,2.0,"<Event xmlns=""http://schemas.microsoft.com/win/2004/08/events/event"">
  <System>
    <Provider Name=""Microsoft-Windows-Sysmon"" Guid=""{5770385f-c22a-43e0-bf4c-06f5698ffbd9}""/>
    <EventID>11</EventID>
    <Version>2</Version>
    <Level>4</Level>
    <Task>11</Task>
    <Opcode>0</Opcode>
    <Keywords>0x8000000000000000</Keywords>
    <TimeCreated SystemTime=""2023-12-21T11:43:34.3477393Z""/>
    <EventRecordID>6560</EventRecordID>
    <Correlation/>
    <Execution ProcessID=""3400"" ThreadID=""4208""/>
    <Channel>Microsoft-Windows-Sysmon/Operational</Channel>
    <Computer>WinDev2309Eval</Computer>
    <Security UserID=""S-1-5-18""/>
  </System>
  <EventData>
    <Data Name=""RuleName"">DLL</Data>
    <Data Name=""UtcTime"">2023-12-21 11:43:34.336</Data>
    <Data Name=""ProcessGuid"">{f57bd86a-24d5-6584-e907-000000000d00}</Data>
    <Data Name=""ProcessId"">2564</Data>
    <Data Name=""Image"">C:\Windows\Microsoft.NET\Framework\v4.0.30319\mscorsvw.exe</Data>
    <Data Name=""TargetFilename"">C:\Windows\assembly\NativeImages_v4.0.30319_32\Temp\a04-0\Microsoft.CodeAnalysis.VisualBasic.dll</Data>
    <Data Name=""CreationUtcTime"">2023-12-21 11:43:34.336</Data>
    <Data Name=""User"">NT AUTHORITY\SYSTEM</Data>
  </EventData>
</Event>
"
Microsoft-Windows-Sysmon/Operational,,,WinDev2309Eval,43:16.8,,,,,,,,,11,6559,,,,C:\Windows\Microsoft.NET\Framework\v4.0.30319\mscorsvw.exe,,,0x8000000000000000,4,,,,,0,,,,,,,{f57bd86a-24d4-6584-e707-000000000d00},3400,5388.0,,,,,,DLL,,,,,,,,,,,,,2023-12-21T11:43:16.8563308Z,C:\Windows\assembly\NativeImages_v4.0.30319_32\Temp\150c-0\Microsoft.CodeAnalysis.Scripting.dll,,,,,,11,,4208,NT AUTHORITY\SYSTEM,S-1-5-18,43:16.8,2.0,"<Event xmlns=""http://schemas.microsoft.com/win/2004/08/events/event"">
  <System>
    <Provider Name=""Microsoft-Windows-Sysmon"" Guid=""{5770385f-c22a-43e0-bf4c-06f5698ffbd9}""/>
    <EventID>11</EventID>
    <Version>2</Version>
    <Level>4</Level>
    <Task>11</Task>
    <Opcode>0</Opcode>
    <Keywords>0x8000000000000000</Keywords>
    <TimeCreated SystemTime=""2023-12-21T11:43:16.8563308Z""/>
    <EventRecordID>6559</EventRecordID>
    <Correlation/>
    <Execution ProcessID=""3400"" ThreadID=""4208""/>
    <Channel>Microsoft-Windows-Sysmon/Operational</Channel>
    <Computer>WinDev2309Eval</Computer>
    <Security UserID=""S-1-5-18""/>
  </System>
  <EventData>
    <Data Name=""RuleName"">DLL</Data>
    <Data Name=""UtcTime"">2023-12-21 11:43:16.847</Data>
    <Data Name=""ProcessGuid"">{f57bd86a-24d4-6584-e707-000000000d00}</Data>
    <Data Name=""ProcessId"">5388</Data>
    <Data Name=""Image"">C:\Windows\Microsoft.NET\Framework\v4.0.30319\mscorsvw.exe</Data>
    <Data Name=""TargetFilename"">C:\Windows\assembly\NativeImages_v4.0.30319_32\Temp\150c-0\Microsoft.CodeAnalysis.Scripting.dll</Data>
    <Data Name=""CreationUtcTime"">2023-12-21 11:43:16.847</Data>
    <Data Name=""User"">NT AUTHORITY\SYSTEM</Data>
  </EventData>
</Event>
"
Microsoft-Windows-Sysmon/Operational,,,WinDev2309Eval,43:15.8,,,,,,,,,11,6558,,,,C:\Windows\Microsoft.NET\Framework\v4.0.30319\mscorsvw.exe,,,0x8000000000000000,4,,,,,0,,,,,,,{f57bd86a-24d2-6584-e507-000000000d00},3400,5004.0,,,,,,DLL,,,,,,,,,,,,,2023-12-21T11:43:15.8425714Z,C:\Windows\assembly\NativeImages_v4.0.30319_32\Temp\138c-0\Microsoft.CodeAnalysis.Remote.Workspaces.dll,,,,,,11,,4208,NT AUTHORITY\SYSTEM,S-1-5-18,43:15.8,2.0,"<Event xmlns=""http://schemas.microsoft.com/win/2004/08/events/event"">
  <System>
    <Provider Name=""Microsoft-Windows-Sysmon"" Guid=""{5770385f-c22a-43e0-bf4c-06f5698ffbd9}""/>
    <EventID>11</EventID>
    <Version>2</Version>
    <Level>4</Level>
    <Task>11</Task>
    <Opcode>0</Opcode>
    <Keywords>0x8000000000000000</Keywords>
    <TimeCreated SystemTime=""2023-12-21T11:43:15.8425714Z""/>
    <EventRecordID>6558</EventRecordID>
    <Correlation/>
    <Execution ProcessID=""3400"" ThreadID=""4208""/>
    <Channel>Microsoft-Windows-Sysmon/Operational</Channel>
    <Computer>WinDev2309Eval</Computer>
    <Security UserID=""S-1-5-18""/>
  </System>
  <EventData>
    <Data Name=""RuleName"">DLL</Data>
    <Data Name=""UtcTime"">2023-12-21 11:43:15.832</Data>
    <Data Name=""ProcessGuid"">{f57bd86a-24d2-6584-e507-000000000d00}</Data>
    <Data Name=""ProcessId"">5004</Data>
    <Data Name=""Image"">C:\Windows\Microsoft.NET\Framework\v4.0.30319\mscorsvw.exe</Data>
    <Data Name=""TargetFilename"">C:\Windows\assembly\NativeImages_v4.0.30319_32\Temp\138c-0\Microsoft.CodeAnalysis.Remote.Workspaces.dll</Data>
    <Data Name=""CreationUtcTime"">2023-12-21 11:43:15.832</Data>
    <Data Name=""User"">NT AUTHORITY\SYSTEM</Data>
  </EventData>
</Event>
"
Microsoft-Windows-Sysmon/Operational,,,WinDev2309Eval,43:13.3,,,,,,,,,11,6557,,,,C:\Windows\Microsoft.NET\Framework\v4.0.30319\mscorsvw.exe,,,0x8000000000000000,4,,,,,0,,,,,,,{f57bd86a-24cc-6584-e007-000000000d00},3400,12456.0,,,,,,DLL,,,,,,,,,,,,,2023-12-21T11:43:13.3483800Z,C:\Windows\assembly\NativeImages_v4.0.30319_32\Temp\30a8-0\Microsoft.CodeAnalysis.LanguageServer.Protocol.dll,,,,,,11,,4208,NT AUTHORITY\SYSTEM,S-1-5-18,43:13.3,2.0,"<Event xmlns=""http://schemas.microsoft.com/win/2004/08/events/event"">
  <System>
    <Provider Name=""Microsoft-Windows-Sysmon"" Guid=""{5770385f-c22a-43e0-bf4c-06f5698ffbd9}""/>
    <EventID>11</EventID>
    <Version>2</Version>
    <Level>4</Level>
    <Task>11</Task>
    <Opcode>0</Opcode>
    <Keywords>0x8000000000000000</Keywords>
    <TimeCreated SystemTime=""2023-12-21T11:43:13.3483800Z""/>
    <EventRecordID>6557</EventRecordID>
    <Correlation/>
    <Execution ProcessID=""3400"" ThreadID=""4208""/>
    <Channel>Microsoft-Windows-Sysmon/Operational</Channel>
    <Computer>WinDev2309Eval</Computer>
    <Security UserID=""S-1-5-18""/>
  </System>
  <EventData>
    <Data Name=""RuleName"">DLL</Data>
    <Data Name=""UtcTime"">2023-12-21 11:43:13.343</Data>
    <Data Name=""ProcessGuid"">{f57bd86a-24cc-6584-e007-000000000d00}</Data>
    <Data Name=""ProcessId"">12456</Data>
    <Data Name=""Image"">C:\Windows\Microsoft.NET\Framework\v4.0.30319\mscorsvw.exe</Data>
    <Data Name=""TargetFilename"">C:\Windows\assembly\NativeImages_v4.0.30319_32\Temp\30a8-0\Microsoft.CodeAnalysis.LanguageServer.Protocol.dll</Data>
    <Data Name=""CreationUtcTime"">2023-12-21 11:43:13.343</Data>
    <Data Name=""User"">NT AUTHORITY\SYSTEM</Data>
  </EventData>
</Event>
"
Microsoft-Windows-Sysmon/Operational,C:\Windows\System32\sdbinst.exe -m -bg,Microsoft Corporation,WinDev2309Eval,,C:\Windows\system32\,Application Compatibility Database Installer,,,,,,,1,6556,,10.0.22621.2506 (WinBuild.160101.0800),"MD5=EA9E36C2829E7BCD9BFD565E699C9930,SHA256=D25D59E065F800F3BE6847BBC9BCDC6010018C3BD473A3BFC5D59CDFCBB104AB,IMPHASH=999B9DCD61DAB941B1E8D50FE6EF72CD",C:\Windows\System32\sdbinst.exe,,System,0x8000000000000000,4,{f57bd86a-1cf1-6582-e703-000000000000},0x3e7,,,0,sdbinst.exe,C:\Windows\system32\svchost.exe -k LocalSystemNetworkRestricted -p -s PcaSvc,C:\Windows\System32\svchost.exe,{f57bd86a-1d0b-6582-7e00-000000000d00},4356.0,NT AUTHORITY\SYSTEM,{f57bd86a-24ce-6584-e107-000000000d00},3400,7624.0,Microsoft® Windows® Operating System,,,,,-,,,,,,,,,,,,,2023-12-21T11:43:10.3125580Z,,,,,,,1,0.0,4208,NT AUTHORITY\SYSTEM,S-1-5-18,43:10.3,5.0,"<Event xmlns=""http://schemas.microsoft.com/win/2004/08/events/event"">
  <System>
    <Provider Name=""Microsoft-Windows-Sysmon"" Guid=""{5770385f-c22a-43e0-bf4c-06f5698ffbd9}""/>
    <EventID>1</EventID>
    <Version>5</Version>
    <Level>4</Level>
    <Task>1</Task>
    <Opcode>0</Opcode>
    <Keywords>0x8000000000000000</Keywords>
    <TimeCreated SystemTime=""2023-12-21T11:43:10.3125580Z""/>
    <EventRecordID>6556</EventRecordID>
    <Correlation/>
    <Execution ProcessID=""3400"" ThreadID=""4208""/>
    <Channel>Microsoft-Windows-Sysmon/Operational</Channel>
    <Computer>WinDev2309Eval</Computer>
    <Security UserID=""S-1-5-18""/>
  </System>
  <EventData>
    <Data Name=""RuleName"">-</Data>
    <Data Name=""UtcTime"">2023-12-21 11:43:10.310</Data>
    <Data Name=""ProcessGuid"">{f57bd86a-24ce-6584-e107-000000000d00}</Data>
    <Data Name=""ProcessId"">7624</Data>
    <Data Name=""Image"">C:\Windows\System32\sdbinst.exe</Data>
    <Data Name=""FileVersion"">10.0.22621.2506 (WinBuild.160101.0800)</Data>
    <Data Name=""Description"">Application Compatibility Database Installer</Data>
    <Data Name=""Product"">Microsoft&#174; Windows&#174; Operating System</Data>
    <Data Name=""Company"">Microsoft Corporation</Data>
    <Data Name=""OriginalFileName"">sdbinst.exe</Data>
    <Data Name=""CommandLine"">C:\Windows\System32\sdbinst.exe -m -bg</Data>
    <Data Name=""CurrentDirectory"">C:\Windows\system32\</Data>
    <Data Name=""User"">NT AUTHORITY\SYSTEM</Data>
    <Data Name=""LogonGuid"">{f57bd86a-1cf1-6582-e703-000000000000}</Data>
    <Data Name=""LogonId"">0x3e7</Data>
    <Data Name=""TerminalSessionId"">0</Data>
    <Data Name=""IntegrityLevel"">System</Data>
    <Data Name=""Hashes"">MD5=EA9E36C2829E7BCD9BFD565E699C9930,SHA256=D25D59E065F800F3BE6847BBC9BCDC6010018C3BD473A3BFC5D59CDFCBB104AB,IMPHASH=999B9DCD61DAB941B1E8D50FE6EF72CD</Data>
    <Data Name=""ParentProcessGuid"">{f57bd86a-1d0b-6582-7e00-000000000d00}</Data>
    <Data Name=""ParentProcessId"">4356</Data>
    <Data Name=""ParentImage"">C:\Windows\System32\svchost.exe</Data>
    <Data Name=""ParentCommandLine"">C:\Windows\system32\svchost.exe -k LocalSystemNetworkRestricted -p -s PcaSvc</Data>
    <Data Name=""ParentUser"">NT AUTHORITY\SYSTEM</Data>
  </EventData>
</Event>
"
Microsoft-Windows-Sysmon/Operational,,,WinDev2309Eval,43:07.6,,,,,,,,,11,6555,,,,C:\Windows\Microsoft.NET\Framework\v4.0.30319\mscorsvw.exe,,,0x8000000000000000,4,,,,,0,,,,,,,{f57bd86a-24ca-6584-de07-000000000d00},3400,11344.0,,,,,,DLL,,,,,,,,,,,,,2023-12-21T11:43:07.6476412Z,C:\Windows\assembly\NativeImages_v4.0.30319_32\Temp\2c50-0\Microsoft.CodeAnalysis.InteractiveHost.dll,,,,,,11,,4208,NT AUTHORITY\SYSTEM,S-1-5-18,43:07.6,2.0,"<Event xmlns=""http://schemas.microsoft.com/win/2004/08/events/event"">
  <System>
    <Provider Name=""Microsoft-Windows-Sysmon"" Guid=""{5770385f-c22a-43e0-bf4c-06f5698ffbd9}""/>
    <EventID>11</EventID>
    <Version>2</Version>
    <Level>4</Level>
    <Task>11</Task>
    <Opcode>0</Opcode>
    <Keywords>0x8000000000000000</Keywords>
    <TimeCreated SystemTime=""2023-12-21T11:43:07.6476412Z""/>
    <EventRecordID>6555</EventRecordID>
    <Correlation/>
    <Execution ProcessID=""3400"" ThreadID=""4208""/>
    <Channel>Microsoft-Windows-Sysmon/Operational</Channel>
    <Computer>WinDev2309Eval</Computer>
    <Security UserID=""S-1-5-18""/>
  </System>
  <EventData>
    <Data Name=""RuleName"">DLL</Data>
    <Data Name=""UtcTime"">2023-12-21 11:43:07.633</Data>
    <Data Name=""ProcessGuid"">{f57bd86a-24ca-6584-de07-000000000d00}</Data>
    <Data Name=""ProcessId"">11344</Data>
    <Data Name=""Image"">C:\Windows\Microsoft.NET\Framework\v4.0.30319\mscorsvw.exe</Data>
    <Data Name=""TargetFilename"">C:\Windows\assembly\NativeImages_v4.0.30319_32\Temp\2c50-0\Microsoft.CodeAnalysis.InteractiveHost.dll</Data>
    <Data Name=""CreationUtcTime"">2023-12-21 11:43:07.633</Data>
    <Data Name=""User"">NT AUTHORITY\SYSTEM</Data>
  </EventData>
</Event>
"
Microsoft-Windows-Sysmon/Operational,,,WinDev2309Eval,43:06.5,,,,,,,,,11,6554,,,,C:\Windows\Microsoft.NET\Framework\v4.0.30319\mscorsvw.exe,,,0x8000000000000000,4,,,,,0,,,,,,,{f57bd86a-24ca-6584-db07-000000000d00},3400,11756.0,,,,,,DLL,,,,,,,,,,,,,2023-12-21T11:43:06.5046155Z,C:\Windows\assembly\NativeImages_v4.0.30319_32\Temp\2dec-0\Microsoft.CodeAnalysis.ExternalAccess.Xamarin.Remote.dll,,,,,,11,,4208,NT AUTHORITY\SYSTEM,S-1-5-18,43:06.5,2.0,"<Event xmlns=""http://schemas.microsoft.com/win/2004/08/events/event"">
  <System>
    <Provider Name=""Microsoft-Windows-Sysmon"" Guid=""{5770385f-c22a-43e0-bf4c-06f5698ffbd9}""/>
    <EventID>11</EventID>
    <Version>2</Version>
    <Level>4</Level>
    <Task>11</Task>
    <Opcode>0</Opcode>
    <Keywords>0x8000000000000000</Keywords>
    <TimeCreated SystemTime=""2023-12-21T11:43:06.5046155Z""/>
    <EventRecordID>6554</EventRecordID>
    <Correlation/>
    <Execution ProcessID=""3400"" ThreadID=""4208""/>
    <Channel>Microsoft-Windows-Sysmon/Operational</Channel>
    <Computer>WinDev2309Eval</Computer>
    <Security UserID=""S-1-5-18""/>
  </System>
  <EventData>
    <Data Name=""RuleName"">DLL</Data>
    <Data Name=""UtcTime"">2023-12-21 11:43:06.492</Data>
    <Data Name=""ProcessGuid"">{f57bd86a-24ca-6584-db07-000000000d00}</Data>
    <Data Name=""ProcessId"">11756</Data>
    <Data Name=""Image"">C:\Windows\Microsoft.NET\Framework\v4.0.30319\mscorsvw.exe</Data>
    <Data Name=""TargetFilename"">C:\Windows\assembly\NativeImages_v4.0.30319_32\Temp\2dec-0\Microsoft.CodeAnalysis.ExternalAccess.Xamarin.Remote.dll</Data>
    <Data Name=""CreationUtcTime"">2023-12-21 11:43:06.492</Data>
    <Data Name=""User"">NT AUTHORITY\SYSTEM</Data>
  </EventData>
</Event>
"
Microsoft-Windows-Sysmon/Operational,,,WinDev2309Eval,43:06.4,,,,,,,,,11,6553,,,,C:\Windows\Microsoft.NET\Framework\v4.0.30319\mscorsvw.exe,,,0x8000000000000000,4,,,,,0,,,,,,,{f57bd86a-24ca-6584-d907-000000000d00},3400,5600.0,,,,,,DLL,,,,,,,,,,,,,2023-12-21T11:43:06.3542009Z,C:\Windows\assembly\NativeImages_v4.0.30319_32\Temp\15e0-0\Microsoft.CodeAnalysis.ExternalAccess.RazorCompiler.dll,,,,,,11,,4208,NT AUTHORITY\SYSTEM,S-1-5-18,43:06.4,2.0,"<Event xmlns=""http://schemas.microsoft.com/win/2004/08/events/event"">
  <System>
    <Provider Name=""Microsoft-Windows-Sysmon"" Guid=""{5770385f-c22a-43e0-bf4c-06f5698ffbd9}""/>
    <EventID>11</EventID>
    <Version>2</Version>
    <Level>4</Level>
    <Task>11</Task>
    <Opcode>0</Opcode>
    <Keywords>0x8000000000000000</Keywords>
    <TimeCreated SystemTime=""2023-12-21T11:43:06.3542009Z""/>
    <EventRecordID>6553</EventRecordID>
    <Correlation/>
    <Execution ProcessID=""3400"" ThreadID=""4208""/>
    <Channel>Microsoft-Windows-Sysmon/Operational</Channel>
    <Computer>WinDev2309Eval</Computer>
    <Security UserID=""S-1-5-18""/>
  </System>
  <EventData>
    <Data Name=""RuleName"">DLL</Data>
    <Data Name=""UtcTime"">2023-12-21 11:43:06.352</Data>
    <Data Name=""ProcessGuid"">{f57bd86a-24ca-6584-d907-000000000d00}</Data>
    <Data Name=""ProcessId"">5600</Data>
    <Data Name=""Image"">C:\Windows\Microsoft.NET\Framework\v4.0.30319\mscorsvw.exe</Data>
    <Data Name=""TargetFilename"">C:\Windows\assembly\NativeImages_v4.0.30319_32\Temp\15e0-0\Microsoft.CodeAnalysis.ExternalAccess.RazorCompiler.dll</Data>
    <Data Name=""CreationUtcTime"">2023-12-21 11:43:06.352</Data>
    <Data Name=""User"">NT AUTHORITY\SYSTEM</Data>
  </EventData>
</Event>
"
Microsoft-Windows-Sysmon/Operational,,,WinDev2309Eval,43:05.9,,,,,,,,,11,6552,,,,C:\Windows\Microsoft.NET\Framework\v4.0.30319\mscorsvw.exe,,,0x8000000000000000,4,,,,,0,,,,,,,{f57bd86a-24c8-6584-d707-000000000d00},3400,11532.0,,,,,,DLL,,,,,,,,,,,,,2023-12-21T11:43:05.8986315Z,C:\Windows\assembly\NativeImages_v4.0.30319_32\Temp\2d0c-0\Microsoft.CodeAnalysis.ExternalAccess.Razor.dll,,,,,,11,,4208,NT AUTHORITY\SYSTEM,S-1-5-18,43:05.9,2.0,"<Event xmlns=""http://schemas.microsoft.com/win/2004/08/events/event"">
  <System>
    <Provider Name=""Microsoft-Windows-Sysmon"" Guid=""{5770385f-c22a-43e0-bf4c-06f5698ffbd9}""/>
    <EventID>11</EventID>
    <Version>2</Version>
    <Level>4</Level>
    <Task>11</Task>
    <Opcode>0</Opcode>
    <Keywords>0x8000000000000000</Keywords>
    <TimeCreated SystemTime=""2023-12-21T11:43:05.8986315Z""/>
    <EventRecordID>6552</EventRecordID>
    <Correlation/>
    <Execution ProcessID=""3400"" ThreadID=""4208""/>
    <Channel>Microsoft-Windows-Sysmon/Operational</Channel>
    <Computer>WinDev2309Eval</Computer>
    <Security UserID=""S-1-5-18""/>
  </System>
  <EventData>
    <Data Name=""RuleName"">DLL</Data>
    <Data Name=""UtcTime"">2023-12-21 11:43:05.897</Data>
    <Data Name=""ProcessGuid"">{f57bd86a-24c8-6584-d707-000000000d00}</Data>
    <Data Name=""ProcessId"">11532</Data>
    <Data Name=""Image"">C:\Windows\Microsoft.NET\Framework\v4.0.30319\mscorsvw.exe</Data>
    <Data Name=""TargetFilename"">C:\Windows\assembly\NativeImages_v4.0.30319_32\Temp\2d0c-0\Microsoft.CodeAnalysis.ExternalAccess.Razor.dll</Data>
    <Data Name=""CreationUtcTime"">2023-12-21 11:43:05.897</Data>
    <Data Name=""User"">NT AUTHORITY\SYSTEM</Data>
  </EventData>
</Event>
"
Microsoft-Windows-Sysmon/Operational,,,WinDev2309Eval,43:04.1,,,,,,,,,11,6551,,,,C:\Windows\Microsoft.NET\Framework\v4.0.30319\mscorsvw.exe,,,0x8000000000000000,4,,,,,0,,,,,,,{f57bd86a-24c6-6584-d507-000000000d00},3400,11652.0,,,,,,DLL,,,,,,,,,,,,,2023-12-21T11:43:04.1079212Z,C:\Windows\assembly\NativeImages_v4.0.30319_32\Temp\2d84-0\Microsoft.CodeAnalysis.ExternalAccess.FSharp.dll,,,,,,11,,4208,NT AUTHORITY\SYSTEM,S-1-5-18,43:04.1,2.0,"<Event xmlns=""http://schemas.microsoft.com/win/2004/08/events/event"">
  <System>
    <Provider Name=""Microsoft-Windows-Sysmon"" Guid=""{5770385f-c22a-43e0-bf4c-06f5698ffbd9}""/>
    <EventID>11</EventID>
    <Version>2</Version>
    <Level>4</Level>
    <Task>11</Task>
    <Opcode>0</Opcode>
    <Keywords>0x8000000000000000</Keywords>
    <TimeCreated SystemTime=""2023-12-21T11:43:04.1079212Z""/>
    <EventRecordID>6551</EventRecordID>
    <Correlation/>
    <Execution ProcessID=""3400"" ThreadID=""4208""/>
    <Channel>Microsoft-Windows-Sysmon/Operational</Channel>
    <Computer>WinDev2309Eval</Computer>
    <Security UserID=""S-1-5-18""/>
  </System>
  <EventData>
    <Data Name=""RuleName"">DLL</Data>
    <Data Name=""UtcTime"">2023-12-21 11:43:04.096</Data>
    <Data Name=""ProcessGuid"">{f57bd86a-24c6-6584-d507-000000000d00}</Data>
    <Data Name=""ProcessId"">11652</Data>
    <Data Name=""Image"">C:\Windows\Microsoft.NET\Framework\v4.0.30319\mscorsvw.exe</Data>
    <Data Name=""TargetFilename"">C:\Windows\assembly\NativeImages_v4.0.30319_32\Temp\2d84-0\Microsoft.CodeAnalysis.ExternalAccess.FSharp.dll</Data>
    <Data Name=""CreationUtcTime"">2023-12-21 11:43:04.096</Data>
    <Data Name=""User"">NT AUTHORITY\SYSTEM</Data>
  </EventData>
</Event>
"
Microsoft-Windows-Sysmon/Operational,,,WinDev2309Eval,43:01.4,,,,,,,,,11,6550,,,,C:\Windows\Microsoft.NET\Framework\v4.0.30319\mscorsvw.exe,,,0x8000000000000000,4,,,,,0,,,,,,,{f57bd86a-24c4-6584-d307-000000000d00},3400,4992.0,,,,,,DLL,,,,,,,,,,,,,2023-12-21T11:43:01.4427554Z,C:\Windows\assembly\NativeImages_v4.0.30319_32\Temp\1380-0\Microsoft.CodeAnalysis.ExternalAccess.Debugger.dll,,,,,,11,,4208,NT AUTHORITY\SYSTEM,S-1-5-18,43:01.4,2.0,"<Event xmlns=""http://schemas.microsoft.com/win/2004/08/events/event"">
  <System>
    <Provider Name=""Microsoft-Windows-Sysmon"" Guid=""{5770385f-c22a-43e0-bf4c-06f5698ffbd9}""/>
    <EventID>11</EventID>
    <Version>2</Version>
    <Level>4</Level>
    <Task>11</Task>
    <Opcode>0</Opcode>
    <Keywords>0x8000000000000000</Keywords>
    <TimeCreated SystemTime=""2023-12-21T11:43:01.4427554Z""/>
    <EventRecordID>6550</EventRecordID>
    <Correlation/>
    <Execution ProcessID=""3400"" ThreadID=""4208""/>
    <Channel>Microsoft-Windows-Sysmon/Operational</Channel>
    <Computer>WinDev2309Eval</Computer>
    <Security UserID=""S-1-5-18""/>
  </System>
  <EventData>
    <Data Name=""RuleName"">DLL</Data>
    <Data Name=""UtcTime"">2023-12-21 11:43:01.435</Data>
    <Data Name=""ProcessGuid"">{f57bd86a-24c4-6584-d307-000000000d00}</Data>
    <Data Name=""ProcessId"">4992</Data>
    <Data Name=""Image"">C:\Windows\Microsoft.NET\Framework\v4.0.30319\mscorsvw.exe</Data>
    <Data Name=""TargetFilename"">C:\Windows\assembly\NativeImages_v4.0.30319_32\Temp\1380-0\Microsoft.CodeAnalysis.ExternalAccess.Debugger.dll</Data>
    <Data Name=""CreationUtcTime"">2023-12-21 11:43:01.435</Data>
    <Data Name=""User"">NT AUTHORITY\SYSTEM</Data>
  </EventData>
</Event>
"
Microsoft-Windows-Sysmon/Operational,,,WinDev2309Eval,43:00.5,,,,,,,,,11,6549,,,,C:\Windows\Microsoft.NET\Framework\v4.0.30319\mscorsvw.exe,,,0x8000000000000000,4,,,,,0,,,,,,,{f57bd86a-24c3-6584-d107-000000000d00},3400,12872.0,,,,,,DLL,,,,,,,,,,,,,2023-12-21T11:43:00.5265611Z,C:\Windows\assembly\NativeImages_v4.0.30319_32\Temp\3248-0\Microsoft.CodeAnalysis.ExternalAccess.AspNetCore.dll,,,,,,11,,4208,NT AUTHORITY\SYSTEM,S-1-5-18,43:00.5,2.0,"<Event xmlns=""http://schemas.microsoft.com/win/2004/08/events/event"">
  <System>
    <Provider Name=""Microsoft-Windows-Sysmon"" Guid=""{5770385f-c22a-43e0-bf4c-06f5698ffbd9}""/>
    <EventID>11</EventID>
    <Version>2</Version>
    <Level>4</Level>
    <Task>11</Task>
    <Opcode>0</Opcode>
    <Keywords>0x8000000000000000</Keywords>
    <TimeCreated SystemTime=""2023-12-21T11:43:00.5265611Z""/>
    <EventRecordID>6549</EventRecordID>
    <Correlation/>
    <Execution ProcessID=""3400"" ThreadID=""4208""/>
    <Channel>Microsoft-Windows-Sysmon/Operational</Channel>
    <Computer>WinDev2309Eval</Computer>
    <Security UserID=""S-1-5-18""/>
  </System>
  <EventData>
    <Data Name=""RuleName"">DLL</Data>
    <Data Name=""UtcTime"">2023-12-21 11:43:00.513</Data>
    <Data Name=""ProcessGuid"">{f57bd86a-24c3-6584-d107-000000000d00}</Data>
    <Data Name=""ProcessId"">12872</Data>
    <Data Name=""Image"">C:\Windows\Microsoft.NET\Framework\v4.0.30319\mscorsvw.exe</Data>
    <Data Name=""TargetFilename"">C:\Windows\assembly\NativeImages_v4.0.30319_32\Temp\3248-0\Microsoft.CodeAnalysis.ExternalAccess.AspNetCore.dll</Data>
    <Data Name=""CreationUtcTime"">2023-12-21 11:43:00.513</Data>
    <Data Name=""User"">NT AUTHORITY\SYSTEM</Data>
  </EventData>
</Event>
"
Microsoft-Windows-Sysmon/Operational,,,WinDev2309Eval,42:59.6,,,,,,,,,11,6548,,,,C:\Windows\Microsoft.NET\Framework\v4.0.30319\mscorsvw.exe,,,0x8000000000000000,4,,,,,0,,,,,,,{f57bd86a-24c3-6584-cf07-000000000d00},3400,11640.0,,,,,,DLL,,,,,,,,,,,,,2023-12-21T11:42:59.5683702Z,C:\Windows\assembly\NativeImages_v4.0.30319_32\Temp\2d78-0\Microsoft.CodeAnalysis.ExternalAccess.Apex.dll,,,,,,11,,4208,NT AUTHORITY\SYSTEM,S-1-5-18,42:59.6,2.0,"<Event xmlns=""http://schemas.microsoft.com/win/2004/08/events/event"">
  <System>
    <Provider Name=""Microsoft-Windows-Sysmon"" Guid=""{5770385f-c22a-43e0-bf4c-06f5698ffbd9}""/>
    <EventID>11</EventID>
    <Version>2</Version>
    <Level>4</Level>
    <Task>11</Task>
    <Opcode>0</Opcode>
    <Keywords>0x8000000000000000</Keywords>
    <TimeCreated SystemTime=""2023-12-21T11:42:59.5683702Z""/>
    <EventRecordID>6548</EventRecordID>
    <Correlation/>
    <Execution ProcessID=""3400"" ThreadID=""4208""/>
    <Channel>Microsoft-Windows-Sysmon/Operational</Channel>
    <Computer>WinDev2309Eval</Computer>
    <Security UserID=""S-1-5-18""/>
  </System>
  <EventData>
    <Data Name=""RuleName"">DLL</Data>
    <Data Name=""UtcTime"">2023-12-21 11:42:59.560</Data>
    <Data Name=""ProcessGuid"">{f57bd86a-24c3-6584-cf07-000000000d00}</Data>
    <Data Name=""ProcessId"">11640</Data>
    <Data Name=""Image"">C:\Windows\Microsoft.NET\Framework\v4.0.30319\mscorsvw.exe</Data>
    <Data Name=""TargetFilename"">C:\Windows\assembly\NativeImages_v4.0.30319_32\Temp\2d78-0\Microsoft.CodeAnalysis.ExternalAccess.Apex.dll</Data>
    <Data Name=""CreationUtcTime"">2023-12-21 11:42:59.560</Data>
    <Data Name=""User"">NT AUTHORITY\SYSTEM</Data>
  </EventData>
</Event>
"
Microsoft-Windows-Sysmon/Operational,,,WinDev2309Eval,42:58.5,,,,,,,,,11,6547,,,,C:\Windows\Microsoft.NET\Framework\v4.0.30319\mscorsvw.exe,,,0x8000000000000000,4,,,,,0,,,,,,,{f57bd86a-24bf-6584-cd07-000000000d00},3400,7864.0,,,,,,DLL,,,,,,,,,,,,,2023-12-21T11:42:58.4971304Z,C:\Windows\assembly\NativeImages_v4.0.30319_32\Temp\1eb8-0\Microsoft.CodeAnalysis.EditorFeatures.Wpf.dll,,,,,,11,,4208,NT AUTHORITY\SYSTEM,S-1-5-18,42:58.5,2.0,"<Event xmlns=""http://schemas.microsoft.com/win/2004/08/events/event"">
  <System>
    <Provider Name=""Microsoft-Windows-Sysmon"" Guid=""{5770385f-c22a-43e0-bf4c-06f5698ffbd9}""/>
    <EventID>11</EventID>
    <Version>2</Version>
    <Level>4</Level>
    <Task>11</Task>
    <Opcode>0</Opcode>
    <Keywords>0x8000000000000000</Keywords>
    <TimeCreated SystemTime=""2023-12-21T11:42:58.4971304Z""/>
    <EventRecordID>6547</EventRecordID>
    <Correlation/>
    <Execution ProcessID=""3400"" ThreadID=""4208""/>
    <Channel>Microsoft-Windows-Sysmon/Operational</Channel>
    <Computer>WinDev2309Eval</Computer>
    <Security UserID=""S-1-5-18""/>
  </System>
  <EventData>
    <Data Name=""RuleName"">DLL</Data>
    <Data Name=""UtcTime"">2023-12-21 11:42:58.482</Data>
    <Data Name=""ProcessGuid"">{f57bd86a-24bf-6584-cd07-000000000d00}</Data>
    <Data Name=""ProcessId"">7864</Data>
    <Data Name=""Image"">C:\Windows\Microsoft.NET\Framework\v4.0.30319\mscorsvw.exe</Data>
    <Data Name=""TargetFilename"">C:\Windows\assembly\NativeImages_v4.0.30319_32\Temp\1eb8-0\Microsoft.CodeAnalysis.EditorFeatures.Wpf.dll</Data>
    <Data Name=""CreationUtcTime"">2023-12-21 11:42:58.482</Data>
    <Data Name=""User"">NT AUTHORITY\SYSTEM</Data>
  </EventData>
</Event>
"
Microsoft-Windows-Sysmon/Operational,,,WinDev2309Eval,42:54.8,,,,,,,,,11,6546,,,,C:\Windows\Microsoft.NET\Framework\v4.0.30319\mscorsvw.exe,,,0x8000000000000000,4,,,,,0,,,,,,,{f57bd86a-24be-6584-cb07-000000000d00},3400,4188.0,,,,,,DLL,,,,,,,,,,,,,2023-12-21T11:42:54.8268659Z,C:\Windows\assembly\NativeImages_v4.0.30319_32\Temp\105c-0\Microsoft.CodeAnalysis.EditorFeatures.Text.dll,,,,,,11,,4208,NT AUTHORITY\SYSTEM,S-1-5-18,42:54.8,2.0,"<Event xmlns=""http://schemas.microsoft.com/win/2004/08/events/event"">
  <System>
    <Provider Name=""Microsoft-Windows-Sysmon"" Guid=""{5770385f-c22a-43e0-bf4c-06f5698ffbd9}""/>
    <EventID>11</EventID>
    <Version>2</Version>
    <Level>4</Level>
    <Task>11</Task>
    <Opcode>0</Opcode>
    <Keywords>0x8000000000000000</Keywords>
    <TimeCreated SystemTime=""2023-12-21T11:42:54.8268659Z""/>
    <EventRecordID>6546</EventRecordID>
    <Correlation/>
    <Execution ProcessID=""3400"" ThreadID=""4208""/>
    <Channel>Microsoft-Windows-Sysmon/Operational</Channel>
    <Computer>WinDev2309Eval</Computer>
    <Security UserID=""S-1-5-18""/>
  </System>
  <EventData>
    <Data Name=""RuleName"">DLL</Data>
    <Data Name=""UtcTime"">2023-12-21 11:42:54.822</Data>
    <Data Name=""ProcessGuid"">{f57bd86a-24be-6584-cb07-000000000d00}</Data>
    <Data Name=""ProcessId"">4188</Data>
    <Data Name=""Image"">C:\Windows\Microsoft.NET\Framework\v4.0.30319\mscorsvw.exe</Data>
    <Data Name=""TargetFilename"">C:\Windows\assembly\NativeImages_v4.0.30319_32\Temp\105c-0\Microsoft.CodeAnalysis.EditorFeatures.Text.dll</Data>
    <Data Name=""CreationUtcTime"">2023-12-21 11:42:54.822</Data>
    <Data Name=""User"">NT AUTHORITY\SYSTEM</Data>
  </EventData>
</Event>
"
Microsoft-Windows-Sysmon/Operational,,,WinDev2309Eval,42:53.9,,,,,,,,,11,6545,,,,C:\Windows\Microsoft.NET\Framework\v4.0.30319\mscorsvw.exe,,,0x8000000000000000,4,,,,,0,,,,,,,{f57bd86a-24b5-6584-c707-000000000d00},3400,4108.0,,,,,,DLL,,,,,,,,,,,,,2023-12-21T11:42:53.9573811Z,C:\Windows\assembly\NativeImages_v4.0.30319_32\Temp\100c-0\Microsoft.CodeAnalysis.EditorFeatures.dll,,,,,,11,,4208,NT AUTHORITY\SYSTEM,S-1-5-18,42:53.9,2.0,"<Event xmlns=""http://schemas.microsoft.com/win/2004/08/events/event"">
  <System>
    <Provider Name=""Microsoft-Windows-Sysmon"" Guid=""{5770385f-c22a-43e0-bf4c-06f5698ffbd9}""/>
    <EventID>11</EventID>
    <Version>2</Version>
    <Level>4</Level>
    <Task>11</Task>
    <Opcode>0</Opcode>
    <Keywords>0x8000000000000000</Keywords>
    <TimeCreated SystemTime=""2023-12-21T11:42:53.9573811Z""/>
    <EventRecordID>6545</EventRecordID>
    <Correlation/>
    <Execution ProcessID=""3400"" ThreadID=""4208""/>
    <Channel>Microsoft-Windows-Sysmon/Operational</Channel>
    <Computer>WinDev2309Eval</Computer>
    <Security UserID=""S-1-5-18""/>
  </System>
  <EventData>
    <Data Name=""RuleName"">DLL</Data>
    <Data Name=""UtcTime"">2023-12-21 11:42:53.945</Data>
    <Data Name=""ProcessGuid"">{f57bd86a-24b5-6584-c707-000000000d00}</Data>
    <Data Name=""ProcessId"">4108</Data>
    <Data Name=""Image"">C:\Windows\Microsoft.NET\Framework\v4.0.30319\mscorsvw.exe</Data>
    <Data Name=""TargetFilename"">C:\Windows\assembly\NativeImages_v4.0.30319_32\Temp\100c-0\Microsoft.CodeAnalysis.EditorFeatures.dll</Data>
    <Data Name=""CreationUtcTime"">2023-12-21 11:42:53.945</Data>
    <Data Name=""User"">NT AUTHORITY\SYSTEM</Data>
  </EventData>
</Event>
"
Microsoft-Windows-Sysmon/Operational,,,WinDev2309Eval,42:44.6,,,,,,,,,11,6544,,,,C:\Windows\Microsoft.NET\Framework\v4.0.30319\mscorsvw.exe,,,0x8000000000000000,4,,,,,0,,,,,,,{f57bd86a-24ad-6584-c407-000000000d00},3400,10804.0,,,,,,DLL,,,,,,,,,,,,,2023-12-21T11:42:44.5900644Z,C:\Windows\assembly\NativeImages_v4.0.30319_32\Temp\2a34-0\Microsoft.CodeAnalysis.CSharp.Workspaces.dll,,,,,,11,,4208,NT AUTHORITY\SYSTEM,S-1-5-18,42:44.6,2.0,"<Event xmlns=""http://schemas.microsoft.com/win/2004/08/events/event"">
  <System>
    <Provider Name=""Microsoft-Windows-Sysmon"" Guid=""{5770385f-c22a-43e0-bf4c-06f5698ffbd9}""/>
    <EventID>11</EventID>
    <Version>2</Version>
    <Level>4</Level>
    <Task>11</Task>
    <Opcode>0</Opcode>
    <Keywords>0x8000000000000000</Keywords>
    <TimeCreated SystemTime=""2023-12-21T11:42:44.5900644Z""/>
    <EventRecordID>6544</EventRecordID>
    <Correlation/>
    <Execution ProcessID=""3400"" ThreadID=""4208""/>
    <Channel>Microsoft-Windows-Sysmon/Operational</Channel>
    <Computer>WinDev2309Eval</Computer>
    <Security UserID=""S-1-5-18""/>
  </System>
  <EventData>
    <Data Name=""RuleName"">DLL</Data>
    <Data Name=""UtcTime"">2023-12-21 11:42:44.574</Data>
    <Data Name=""ProcessGuid"">{f57bd86a-24ad-6584-c407-000000000d00}</Data>
    <Data Name=""ProcessId"">10804</Data>
    <Data Name=""Image"">C:\Windows\Microsoft.NET\Framework\v4.0.30319\mscorsvw.exe</Data>
    <Data Name=""TargetFilename"">C:\Windows\assembly\NativeImages_v4.0.30319_32\Temp\2a34-0\Microsoft.CodeAnalysis.CSharp.Workspaces.dll</Data>
    <Data Name=""CreationUtcTime"">2023-12-21 11:42:44.574</Data>
    <Data Name=""User"">NT AUTHORITY\SYSTEM</Data>
  </EventData>
</Event>
"
Microsoft-Windows-Sysmon/Operational,,,WinDev2309Eval,42:37.5,,,,,,,,,11,6543,,,,C:\Windows\Microsoft.NET\Framework\v4.0.30319\mscorsvw.exe,,,0x8000000000000000,4,,,,,0,,,,,,,{f57bd86a-24ad-6584-c207-000000000d00},3400,5488.0,,,,,,DLL,,,,,,,,,,,,,2023-12-21T11:42:37.5142582Z,C:\Windows\assembly\NativeImages_v4.0.30319_32\Temp\1570-0\Microsoft.CodeAnalysis.CSharp.Scripting.dll,,,,,,11,,4208,NT AUTHORITY\SYSTEM,S-1-5-18,42:37.5,2.0,"<Event xmlns=""http://schemas.microsoft.com/win/2004/08/events/event"">
  <System>
    <Provider Name=""Microsoft-Windows-Sysmon"" Guid=""{5770385f-c22a-43e0-bf4c-06f5698ffbd9}""/>
    <EventID>11</EventID>
    <Version>2</Version>
    <Level>4</Level>
    <Task>11</Task>
    <Opcode>0</Opcode>
    <Keywords>0x8000000000000000</Keywords>
    <TimeCreated SystemTime=""2023-12-21T11:42:37.5142582Z""/>
    <EventRecordID>6543</EventRecordID>
    <Correlation/>
    <Execution ProcessID=""3400"" ThreadID=""4208""/>
    <Channel>Microsoft-Windows-Sysmon/Operational</Channel>
    <Computer>WinDev2309Eval</Computer>
    <Security UserID=""S-1-5-18""/>
  </System>
  <EventData>
    <Data Name=""RuleName"">DLL</Data>
    <Data Name=""UtcTime"">2023-12-21 11:42:37.513</Data>
    <Data Name=""ProcessGuid"">{f57bd86a-24ad-6584-c207-000000000d00}</Data>
    <Data Name=""ProcessId"">5488</Data>
    <Data Name=""Image"">C:\Windows\Microsoft.NET\Framework\v4.0.30319\mscorsvw.exe</Data>
    <Data Name=""TargetFilename"">C:\Windows\assembly\NativeImages_v4.0.30319_32\Temp\1570-0\Microsoft.CodeAnalysis.CSharp.Scripting.dll</Data>
    <Data Name=""CreationUtcTime"">2023-12-21 11:42:37.513</Data>
    <Data Name=""User"">NT AUTHORITY\SYSTEM</Data>
  </EventData>
</Event>
"
Microsoft-Windows-Sysmon/Operational,,,WinDev2309Eval,42:36.6,,,,,,,,,11,6542,,,,C:\Windows\Microsoft.NET\Framework\v4.0.30319\mscorsvw.exe,,,0x8000000000000000,4,,,,,0,,,,,,,{f57bd86a-24a2-6584-c007-000000000d00},3400,3580.0,,,,,,DLL,,,,,,,,,,,,,2023-12-21T11:42:36.5640712Z,C:\Windows\assembly\NativeImages_v4.0.30319_32\Temp\dfc-0\Microsoft.CodeAnalysis.CSharp.Features.dll,,,,,,11,,4208,NT AUTHORITY\SYSTEM,S-1-5-18,42:36.6,2.0,"<Event xmlns=""http://schemas.microsoft.com/win/2004/08/events/event"">
  <System>
    <Provider Name=""Microsoft-Windows-Sysmon"" Guid=""{5770385f-c22a-43e0-bf4c-06f5698ffbd9}""/>
    <EventID>11</EventID>
    <Version>2</Version>
    <Level>4</Level>
    <Task>11</Task>
    <Opcode>0</Opcode>
    <Keywords>0x8000000000000000</Keywords>
    <TimeCreated SystemTime=""2023-12-21T11:42:36.5640712Z""/>
    <EventRecordID>6542</EventRecordID>
    <Correlation/>
    <Execution ProcessID=""3400"" ThreadID=""4208""/>
    <Channel>Microsoft-Windows-Sysmon/Operational</Channel>
    <Computer>WinDev2309Eval</Computer>
    <Security UserID=""S-1-5-18""/>
  </System>
  <EventData>
    <Data Name=""RuleName"">DLL</Data>
    <Data Name=""UtcTime"">2023-12-21 11:42:36.556</Data>
    <Data Name=""ProcessGuid"">{f57bd86a-24a2-6584-c007-000000000d00}</Data>
    <Data Name=""ProcessId"">3580</Data>
    <Data Name=""Image"">C:\Windows\Microsoft.NET\Framework\v4.0.30319\mscorsvw.exe</Data>
    <Data Name=""TargetFilename"">C:\Windows\assembly\NativeImages_v4.0.30319_32\Temp\dfc-0\Microsoft.CodeAnalysis.CSharp.Features.dll</Data>
    <Data Name=""CreationUtcTime"">2023-12-21 11:42:36.556</Data>
    <Data Name=""User"">NT AUTHORITY\SYSTEM</Data>
  </EventData>
</Event>
"
