Channel,CommandLine,Company,Computer,CreationUtcTime,CurrentDirectory,Description,DestinationHostname,DestinationIp,DestinationIsIpv6,DestinationPort,DestinationPortName,Details,EventID,EventRecordID,EventType,FileVersion,Hashes,Image,Initiated,IntegrityLevel,Keywords,Level,LogonGuid,LogonId,Message,NewThreadId,Opcode,OriginalFileName,ParentCommandLine,ParentImage,ParentProcessGuid,ParentProcessId,ParentUser,ProcessGuid,ProcessID,ProcessId,Product,Protocol,QueryName,QueryResults,QueryStatus,RuleName,SourceHostname,SourceImage,SourceIp,SourceIsIpv6,SourcePort,SourcePortName,SourceProcessGuid,SourceProcessId,SourceUser,StartAddress,StartFunction,StartModule,SystemTime,TargetFilename,TargetImage,TargetObject,TargetProcessGuid,TargetProcessId,TargetUser,Task,TerminalSessionId,ThreadID,User,UserID,UtcTime,Version,raw
Microsoft-Windows-Sysmon/Operational,,,WinDev2309Eval,37:49.8,,,,,,,,,11,6387,,,,C:\Windows\Microsoft.NET\Framework\v4.0.30319\mscorsvw.exe,,,0x8000000000000000,4,,,,,0,,,,,,,{f57bd86a-238d-6584-4d06-000000000d00},3400,10844.0,,,,,,DLL,,,,,,,,,,,,,2023-12-21T11:37:49.7848966Z,C:\Windows\assembly\NativeImages_v4.0.30319_32\Temp\2a5c-0\System.Net.dll,,,,,,11,,4208,NT AUTHORITY\SYSTEM,S-1-5-18,37:49.8,2.0,"<Event xmlns=""http://schemas.microsoft.com/win/2004/08/events/event"">
  <System>
    <Provider Name=""Microsoft-Windows-Sysmon"" Guid=""{5770385f-c22a-43e0-bf4c-06f5698ffbd9}""/>
    <EventID>11</EventID>
    <Version>2</Version>
    <Level>4</Level>
    <Task>11</Task>
    <Opcode>0</Opcode>
    <Keywords>0x8000000000000000</Keywords>
    <TimeCreated SystemTime=""2023-12-21T11:37:49.7848966Z""/>
    <EventRecordID>6387</EventRecordID>
    <Correlation/>
    <Execution ProcessID=""3400"" ThreadID=""4208""/>
    <Channel>Microsoft-Windows-Sysmon/Operational</Channel>
    <Computer>WinDev2309Eval</Computer>
    <Security UserID=""S-1-5-18""/>
  </System>
  <EventData>
    <Data Name=""RuleName"">DLL</Data>
    <Data Name=""UtcTime"">2023-12-21 11:37:49.772</Data>
    <Data Name=""ProcessGuid"">{f57bd86a-238d-6584-4d06-000000000d00}</Data>
    <Data Name=""ProcessId"">10844</Data>
    <Data Name=""Image"">C:\Windows\Microsoft.NET\Framework\v4.0.30319\mscorsvw.exe</Data>
    <Data Name=""TargetFilename"">C:\Windows\assembly\NativeImages_v4.0.30319_32\Temp\2a5c-0\System.Net.dll</Data>
    <Data Name=""CreationUtcTime"">2023-12-21 11:37:49.772</Data>
    <Data Name=""User"">NT AUTHORITY\SYSTEM</Data>
  </EventData>
</Event>
"
Microsoft-Windows-Sysmon/Operational,,,WinDev2309Eval,37:49.5,,,,,,,,,11,6386,,,,C:\Windows\Microsoft.NET\Framework\v4.0.30319\mscorsvw.exe,,,0x8000000000000000,4,,,,,0,,,,,,,{f57bd86a-238d-6584-4c06-000000000d00},3400,7948.0,,,,,,DLL,,,,,,,,,,,,,2023-12-21T11:37:49.5372852Z,C:\Windows\assembly\NativeImages_v4.0.30319_32\Temp\1f0c-0\Microsoft.Threading.Tasks.Extensions.dll,,,,,,11,,4208,NT AUTHORITY\SYSTEM,S-1-5-18,37:49.5,2.0,"<Event xmlns=""http://schemas.microsoft.com/win/2004/08/events/event"">
  <System>
    <Provider Name=""Microsoft-Windows-Sysmon"" Guid=""{5770385f-c22a-43e0-bf4c-06f5698ffbd9}""/>
    <EventID>11</EventID>
    <Version>2</Version>
    <Level>4</Level>
    <Task>11</Task>
    <Opcode>0</Opcode>
    <Keywords>0x8000000000000000</Keywords>
    <TimeCreated SystemTime=""2023-12-21T11:37:49.5372852Z""/>
    <EventRecordID>6386</EventRecordID>
    <Correlation/>
    <Execution ProcessID=""3400"" ThreadID=""4208""/>
    <Channel>Microsoft-Windows-Sysmon/Operational</Channel>
    <Computer>WinDev2309Eval</Computer>
    <Security UserID=""S-1-5-18""/>
  </System>
  <EventData>
    <Data Name=""RuleName"">DLL</Data>
    <Data Name=""UtcTime"">2023-12-21 11:37:49.522</Data>
    <Data Name=""ProcessGuid"">{f57bd86a-238d-6584-4c06-000000000d00}</Data>
    <Data Name=""ProcessId"">7948</Data>
    <Data Name=""Image"">C:\Windows\Microsoft.NET\Framework\v4.0.30319\mscorsvw.exe</Data>
    <Data Name=""TargetFilename"">C:\Windows\assembly\NativeImages_v4.0.30319_32\Temp\1f0c-0\Microsoft.Threading.Tasks.Extensions.dll</Data>
    <Data Name=""CreationUtcTime"">2023-12-21 11:37:49.522</Data>
    <Data Name=""User"">NT AUTHORITY\SYSTEM</Data>
  </EventData>
</Event>
"
Microsoft-Windows-Sysmon/Operational,,,WinDev2309Eval,37:49.4,,,,,,,,,11,6385,,,,C:\Windows\Microsoft.NET\Framework\v4.0.30319\mscorsvw.exe,,,0x8000000000000000,4,,,,,0,,,,,,,{f57bd86a-238d-6584-4b06-000000000d00},3400,2528.0,,,,,,DLL,,,,,,,,,,,,,2023-12-21T11:37:49.4125045Z,C:\Windows\assembly\NativeImages_v4.0.30319_32\Temp\9e0-0\System.Threading.Tasks.dll,,,,,,11,,4208,NT AUTHORITY\SYSTEM,S-1-5-18,37:49.4,2.0,"<Event xmlns=""http://schemas.microsoft.com/win/2004/08/events/event"">
  <System>
    <Provider Name=""Microsoft-Windows-Sysmon"" Guid=""{5770385f-c22a-43e0-bf4c-06f5698ffbd9}""/>
    <EventID>11</EventID>
    <Version>2</Version>
    <Level>4</Level>
    <Task>11</Task>
    <Opcode>0</Opcode>
    <Keywords>0x8000000000000000</Keywords>
    <TimeCreated SystemTime=""2023-12-21T11:37:49.4125045Z""/>
    <EventRecordID>6385</EventRecordID>
    <Correlation/>
    <Execution ProcessID=""3400"" ThreadID=""4208""/>
    <Channel>Microsoft-Windows-Sysmon/Operational</Channel>
    <Computer>WinDev2309Eval</Computer>
    <Security UserID=""S-1-5-18""/>
  </System>
  <EventData>
    <Data Name=""RuleName"">DLL</Data>
    <Data Name=""UtcTime"">2023-12-21 11:37:49.397</Data>
    <Data Name=""ProcessGuid"">{f57bd86a-238d-6584-4b06-000000000d00}</Data>
    <Data Name=""ProcessId"">2528</Data>
    <Data Name=""Image"">C:\Windows\Microsoft.NET\Framework\v4.0.30319\mscorsvw.exe</Data>
    <Data Name=""TargetFilename"">C:\Windows\assembly\NativeImages_v4.0.30319_32\Temp\9e0-0\System.Threading.Tasks.dll</Data>
    <Data Name=""CreationUtcTime"">2023-12-21 11:37:49.397</Data>
    <Data Name=""User"">NT AUTHORITY\SYSTEM</Data>
  </EventData>
</Event>
"
Microsoft-Windows-Sysmon/Operational,,,WinDev2309Eval,37:49.3,,,,,,,,,11,6384,,,,C:\Windows\Microsoft.NET\Framework\v4.0.30319\mscorsvw.exe,,,0x8000000000000000,4,,,,,0,,,,,,,{f57bd86a-238d-6584-4a06-000000000d00},3400,1780.0,,,,,,DLL,,,,,,,,,,,,,2023-12-21T11:37:49.3393777Z,C:\Windows\assembly\NativeImages_v4.0.30319_32\Temp\6f4-0\Microsoft.Threading.Tasks.dll,,,,,,11,,4208,NT AUTHORITY\SYSTEM,S-1-5-18,37:49.3,2.0,"<Event xmlns=""http://schemas.microsoft.com/win/2004/08/events/event"">
  <System>
    <Provider Name=""Microsoft-Windows-Sysmon"" Guid=""{5770385f-c22a-43e0-bf4c-06f5698ffbd9}""/>
    <EventID>11</EventID>
    <Version>2</Version>
    <Level>4</Level>
    <Task>11</Task>
    <Opcode>0</Opcode>
    <Keywords>0x8000000000000000</Keywords>
    <TimeCreated SystemTime=""2023-12-21T11:37:49.3393777Z""/>
    <EventRecordID>6384</EventRecordID>
    <Correlation/>
    <Execution ProcessID=""3400"" ThreadID=""4208""/>
    <Channel>Microsoft-Windows-Sysmon/Operational</Channel>
    <Computer>WinDev2309Eval</Computer>
    <Security UserID=""S-1-5-18""/>
  </System>
  <EventData>
    <Data Name=""RuleName"">DLL</Data>
    <Data Name=""UtcTime"">2023-12-21 11:37:49.334</Data>
    <Data Name=""ProcessGuid"">{f57bd86a-238d-6584-4a06-000000000d00}</Data>
    <Data Name=""ProcessId"">1780</Data>
    <Data Name=""Image"">C:\Windows\Microsoft.NET\Framework\v4.0.30319\mscorsvw.exe</Data>
    <Data Name=""TargetFilename"">C:\Windows\assembly\NativeImages_v4.0.30319_32\Temp\6f4-0\Microsoft.Threading.Tasks.dll</Data>
    <Data Name=""CreationUtcTime"">2023-12-21 11:37:49.334</Data>
    <Data Name=""User"">NT AUTHORITY\SYSTEM</Data>
  </EventData>
</Event>
"
Microsoft-Windows-Sysmon/Operational,,,WinDev2309Eval,37:49.1,,,,,,,,,11,6383,,,,C:\Windows\Microsoft.NET\Framework\v4.0.30319\mscorsvw.exe,,,0x8000000000000000,4,,,,,0,,,,,,,{f57bd86a-238c-6584-4906-000000000d00},3400,11944.0,,,,,,DLL,,,,,,,,,,,,,2023-12-21T11:37:49.1368015Z,C:\Windows\assembly\NativeImages_v4.0.30319_32\Temp\2ea8-0\Microsoft.JScript.dll,,,,,,11,,4208,NT AUTHORITY\SYSTEM,S-1-5-18,37:49.1,2.0,"<Event xmlns=""http://schemas.microsoft.com/win/2004/08/events/event"">
  <System>
    <Provider Name=""Microsoft-Windows-Sysmon"" Guid=""{5770385f-c22a-43e0-bf4c-06f5698ffbd9}""/>
    <EventID>11</EventID>
    <Version>2</Version>
    <Level>4</Level>
    <Task>11</Task>
    <Opcode>0</Opcode>
    <Keywords>0x8000000000000000</Keywords>
    <TimeCreated SystemTime=""2023-12-21T11:37:49.1368015Z""/>
    <EventRecordID>6383</EventRecordID>
    <Correlation/>
    <Execution ProcessID=""3400"" ThreadID=""4208""/>
    <Channel>Microsoft-Windows-Sysmon/Operational</Channel>
    <Computer>WinDev2309Eval</Computer>
    <Security UserID=""S-1-5-18""/>
  </System>
  <EventData>
    <Data Name=""RuleName"">DLL</Data>
    <Data Name=""UtcTime"">2023-12-21 11:37:49.131</Data>
    <Data Name=""ProcessGuid"">{f57bd86a-238c-6584-4906-000000000d00}</Data>
    <Data Name=""ProcessId"">11944</Data>
    <Data Name=""Image"">C:\Windows\Microsoft.NET\Framework\v4.0.30319\mscorsvw.exe</Data>
    <Data Name=""TargetFilename"">C:\Windows\assembly\NativeImages_v4.0.30319_32\Temp\2ea8-0\Microsoft.JScript.dll</Data>
    <Data Name=""CreationUtcTime"">2023-12-21 11:37:49.131</Data>
    <Data Name=""User"">NT AUTHORITY\SYSTEM</Data>
  </EventData>
</Event>
"
Microsoft-Windows-Sysmon/Operational,,,WinDev2309Eval,37:48.3,,,,,,,,,11,6382,,,,C:\Windows\Microsoft.NET\Framework\v4.0.30319\mscorsvw.exe,,,0x8000000000000000,4,,,,,0,,,,,,,{f57bd86a-238b-6584-4806-000000000d00},3400,6464.0,,,,,,DLL,,,,,,,,,,,,,2023-12-21T11:37:48.2887620Z,C:\Windows\assembly\NativeImages_v4.0.30319_32\Temp\1940-0\System.Management.dll,,,,,,11,,4208,NT AUTHORITY\SYSTEM,S-1-5-18,37:48.3,2.0,"<Event xmlns=""http://schemas.microsoft.com/win/2004/08/events/event"">
  <System>
    <Provider Name=""Microsoft-Windows-Sysmon"" Guid=""{5770385f-c22a-43e0-bf4c-06f5698ffbd9}""/>
    <EventID>11</EventID>
    <Version>2</Version>
    <Level>4</Level>
    <Task>11</Task>
    <Opcode>0</Opcode>
    <Keywords>0x8000000000000000</Keywords>
    <TimeCreated SystemTime=""2023-12-21T11:37:48.2887620Z""/>
    <EventRecordID>6382</EventRecordID>
    <Correlation/>
    <Execution ProcessID=""3400"" ThreadID=""4208""/>
    <Channel>Microsoft-Windows-Sysmon/Operational</Channel>
    <Computer>WinDev2309Eval</Computer>
    <Security UserID=""S-1-5-18""/>
  </System>
  <EventData>
    <Data Name=""RuleName"">DLL</Data>
    <Data Name=""UtcTime"">2023-12-21 11:37:48.287</Data>
    <Data Name=""ProcessGuid"">{f57bd86a-238b-6584-4806-000000000d00}</Data>
    <Data Name=""ProcessId"">6464</Data>
    <Data Name=""Image"">C:\Windows\Microsoft.NET\Framework\v4.0.30319\mscorsvw.exe</Data>
    <Data Name=""TargetFilename"">C:\Windows\assembly\NativeImages_v4.0.30319_32\Temp\1940-0\System.Management.dll</Data>
    <Data Name=""CreationUtcTime"">2023-12-21 11:37:48.287</Data>
    <Data Name=""User"">NT AUTHORITY\SYSTEM</Data>
  </EventData>
</Event>
"
Microsoft-Windows-Sysmon/Operational,,,WinDev2309Eval,37:47.8,,,,,,,,,11,6381,,,,C:\Windows\Microsoft.NET\Framework\v4.0.30319\mscorsvw.exe,,,0x8000000000000000,4,,,,,0,,,,,,,{f57bd86a-238b-6584-4706-000000000d00},3400,11980.0,,,,,,DLL,,,,,,,,,,,,,2023-12-21T11:37:47.7937616Z,C:\Windows\assembly\NativeImages_v4.0.30319_32\Temp\2ecc-0\Microsoft.ApplicationInsights.dll,,,,,,11,,4208,NT AUTHORITY\SYSTEM,S-1-5-18,37:47.8,2.0,"<Event xmlns=""http://schemas.microsoft.com/win/2004/08/events/event"">
  <System>
    <Provider Name=""Microsoft-Windows-Sysmon"" Guid=""{5770385f-c22a-43e0-bf4c-06f5698ffbd9}""/>
    <EventID>11</EventID>
    <Version>2</Version>
    <Level>4</Level>
    <Task>11</Task>
    <Opcode>0</Opcode>
    <Keywords>0x8000000000000000</Keywords>
    <TimeCreated SystemTime=""2023-12-21T11:37:47.7937616Z""/>
    <EventRecordID>6381</EventRecordID>
    <Correlation/>
    <Execution ProcessID=""3400"" ThreadID=""4208""/>
    <Channel>Microsoft-Windows-Sysmon/Operational</Channel>
    <Computer>WinDev2309Eval</Computer>
    <Security UserID=""S-1-5-18""/>
  </System>
  <EventData>
    <Data Name=""RuleName"">DLL</Data>
    <Data Name=""UtcTime"">2023-12-21 11:37:47.787</Data>
    <Data Name=""ProcessGuid"">{f57bd86a-238b-6584-4706-000000000d00}</Data>
    <Data Name=""ProcessId"">11980</Data>
    <Data Name=""Image"">C:\Windows\Microsoft.NET\Framework\v4.0.30319\mscorsvw.exe</Data>
    <Data Name=""TargetFilename"">C:\Windows\assembly\NativeImages_v4.0.30319_32\Temp\2ecc-0\Microsoft.ApplicationInsights.dll</Data>
    <Data Name=""CreationUtcTime"">2023-12-21 11:37:47.787</Data>
    <Data Name=""User"">NT AUTHORITY\SYSTEM</Data>
  </EventData>
</Event>
"
Microsoft-Windows-Sysmon/Operational,,,WinDev2309Eval,37:47.4,,,,,,,,,11,6380,,,,C:\Windows\Microsoft.NET\Framework\v4.0.30319\mscorsvw.exe,,,0x8000000000000000,4,,,,,0,,,,,,,{f57bd86a-238a-6584-4606-000000000d00},3400,4132.0,,,,,,DLL,,,,,,,,,,,,,2023-12-21T11:37:47.3819869Z,C:\Windows\assembly\NativeImages_v4.0.30319_32\Temp\1024-0\Microsoft.Build.Tasks.v4.0.dll,,,,,,11,,4208,NT AUTHORITY\SYSTEM,S-1-5-18,37:47.4,2.0,"<Event xmlns=""http://schemas.microsoft.com/win/2004/08/events/event"">
  <System>
    <Provider Name=""Microsoft-Windows-Sysmon"" Guid=""{5770385f-c22a-43e0-bf4c-06f5698ffbd9}""/>
    <EventID>11</EventID>
    <Version>2</Version>
    <Level>4</Level>
    <Task>11</Task>
    <Opcode>0</Opcode>
    <Keywords>0x8000000000000000</Keywords>
    <TimeCreated SystemTime=""2023-12-21T11:37:47.3819869Z""/>
    <EventRecordID>6380</EventRecordID>
    <Correlation/>
    <Execution ProcessID=""3400"" ThreadID=""4208""/>
    <Channel>Microsoft-Windows-Sysmon/Operational</Channel>
    <Computer>WinDev2309Eval</Computer>
    <Security UserID=""S-1-5-18""/>
  </System>
  <EventData>
    <Data Name=""RuleName"">DLL</Data>
    <Data Name=""UtcTime"">2023-12-21 11:37:47.381</Data>
    <Data Name=""ProcessGuid"">{f57bd86a-238a-6584-4606-000000000d00}</Data>
    <Data Name=""ProcessId"">4132</Data>
    <Data Name=""Image"">C:\Windows\Microsoft.NET\Framework\v4.0.30319\mscorsvw.exe</Data>
    <Data Name=""TargetFilename"">C:\Windows\assembly\NativeImages_v4.0.30319_32\Temp\1024-0\Microsoft.Build.Tasks.v4.0.dll</Data>
    <Data Name=""CreationUtcTime"">2023-12-21 11:37:47.365</Data>
    <Data Name=""User"">NT AUTHORITY\SYSTEM</Data>
  </EventData>
</Event>
"
Microsoft-Windows-Sysmon/Operational,,,WinDev2309Eval,37:46.0,,,,,,,,,11,6379,,,,C:\Windows\Microsoft.NET\Framework\v4.0.30319\mscorsvw.exe,,,0x8000000000000000,4,,,,,0,,,,,,,{f57bd86a-2389-6584-4506-000000000d00},3400,6964.0,,,,,,DLL,,,,,,,,,,,,,2023-12-21T11:37:46.0275626Z,C:\Windows\assembly\NativeImages_v4.0.30319_32\Temp\1b34-0\System.Runtime.Caching.dll,,,,,,11,,4208,NT AUTHORITY\SYSTEM,S-1-5-18,37:46.0,2.0,"<Event xmlns=""http://schemas.microsoft.com/win/2004/08/events/event"">
  <System>
    <Provider Name=""Microsoft-Windows-Sysmon"" Guid=""{5770385f-c22a-43e0-bf4c-06f5698ffbd9}""/>
    <EventID>11</EventID>
    <Version>2</Version>
    <Level>4</Level>
    <Task>11</Task>
    <Opcode>0</Opcode>
    <Keywords>0x8000000000000000</Keywords>
    <TimeCreated SystemTime=""2023-12-21T11:37:46.0275626Z""/>
    <EventRecordID>6379</EventRecordID>
    <Correlation/>
    <Execution ProcessID=""3400"" ThreadID=""4208""/>
    <Channel>Microsoft-Windows-Sysmon/Operational</Channel>
    <Computer>WinDev2309Eval</Computer>
    <Security UserID=""S-1-5-18""/>
  </System>
  <EventData>
    <Data Name=""RuleName"">DLL</Data>
    <Data Name=""UtcTime"">2023-12-21 11:37:46.020</Data>
    <Data Name=""ProcessGuid"">{f57bd86a-2389-6584-4506-000000000d00}</Data>
    <Data Name=""ProcessId"">6964</Data>
    <Data Name=""Image"">C:\Windows\Microsoft.NET\Framework\v4.0.30319\mscorsvw.exe</Data>
    <Data Name=""TargetFilename"">C:\Windows\assembly\NativeImages_v4.0.30319_32\Temp\1b34-0\System.Runtime.Caching.dll</Data>
    <Data Name=""CreationUtcTime"">2023-12-21 11:37:46.020</Data>
    <Data Name=""User"">NT AUTHORITY\SYSTEM</Data>
  </EventData>
</Event>
"
Microsoft-Windows-Sysmon/Operational,,,WinDev2309Eval,37:45.9,,,,,,,,,11,6378,,,,C:\Windows\Microsoft.NET\Framework\v4.0.30319\mscorsvw.exe,,,0x8000000000000000,4,,,,,0,,,,,,,{f57bd86a-2389-6584-4406-000000000d00},3400,8120.0,,,,,,DLL,,,,,,,,,,,,,2023-12-21T11:37:45.8654323Z,C:\Windows\assembly\NativeImages_v4.0.30319_32\Temp\1fb8-0\Microsoft.Build.Framework.dll,,,,,,11,,4208,NT AUTHORITY\SYSTEM,S-1-5-18,37:45.9,2.0,"<Event xmlns=""http://schemas.microsoft.com/win/2004/08/events/event"">
  <System>
    <Provider Name=""Microsoft-Windows-Sysmon"" Guid=""{5770385f-c22a-43e0-bf4c-06f5698ffbd9}""/>
    <EventID>11</EventID>
    <Version>2</Version>
    <Level>4</Level>
    <Task>11</Task>
    <Opcode>0</Opcode>
    <Keywords>0x8000000000000000</Keywords>
    <TimeCreated SystemTime=""2023-12-21T11:37:45.8654323Z""/>
    <EventRecordID>6378</EventRecordID>
    <Correlation/>
    <Execution ProcessID=""3400"" ThreadID=""4208""/>
    <Channel>Microsoft-Windows-Sysmon/Operational</Channel>
    <Computer>WinDev2309Eval</Computer>
    <Security UserID=""S-1-5-18""/>
  </System>
  <EventData>
    <Data Name=""RuleName"">DLL</Data>
    <Data Name=""UtcTime"">2023-12-21 11:37:45.864</Data>
    <Data Name=""ProcessGuid"">{f57bd86a-2389-6584-4406-000000000d00}</Data>
    <Data Name=""ProcessId"">8120</Data>
    <Data Name=""Image"">C:\Windows\Microsoft.NET\Framework\v4.0.30319\mscorsvw.exe</Data>
    <Data Name=""TargetFilename"">C:\Windows\assembly\NativeImages_v4.0.30319_32\Temp\1fb8-0\Microsoft.Build.Framework.dll</Data>
    <Data Name=""CreationUtcTime"">2023-12-21 11:37:45.864</Data>
    <Data Name=""User"">NT AUTHORITY\SYSTEM</Data>
  </EventData>
</Event>
"
Microsoft-Windows-Sysmon/Operational,,,WinDev2309Eval,37:45.6,,,,,,,,,11,6377,,,,C:\Windows\Microsoft.NET\Framework\v4.0.30319\mscorsvw.exe,,,0x8000000000000000,4,,,,,0,,,,,,,{f57bd86a-2389-6584-4306-000000000d00},3400,12636.0,,,,,,DLL,,,,,,,,,,,,,2023-12-21T11:37:45.5934357Z,C:\Windows\assembly\NativeImages_v4.0.30319_32\Temp\315c-0\Microsoft.Build.Utilities.v4.0.dll,,,,,,11,,4208,NT AUTHORITY\SYSTEM,S-1-5-18,37:45.6,2.0,"<Event xmlns=""http://schemas.microsoft.com/win/2004/08/events/event"">
  <System>
    <Provider Name=""Microsoft-Windows-Sysmon"" Guid=""{5770385f-c22a-43e0-bf4c-06f5698ffbd9}""/>
    <EventID>11</EventID>
    <Version>2</Version>
    <Level>4</Level>
    <Task>11</Task>
    <Opcode>0</Opcode>
    <Keywords>0x8000000000000000</Keywords>
    <TimeCreated SystemTime=""2023-12-21T11:37:45.5934357Z""/>
    <EventRecordID>6377</EventRecordID>
    <Correlation/>
    <Execution ProcessID=""3400"" ThreadID=""4208""/>
    <Channel>Microsoft-Windows-Sysmon/Operational</Channel>
    <Computer>WinDev2309Eval</Computer>
    <Security UserID=""S-1-5-18""/>
  </System>
  <EventData>
    <Data Name=""RuleName"">DLL</Data>
    <Data Name=""UtcTime"">2023-12-21 11:37:45.583</Data>
    <Data Name=""ProcessGuid"">{f57bd86a-2389-6584-4306-000000000d00}</Data>
    <Data Name=""ProcessId"">12636</Data>
    <Data Name=""Image"">C:\Windows\Microsoft.NET\Framework\v4.0.30319\mscorsvw.exe</Data>
    <Data Name=""TargetFilename"">C:\Windows\assembly\NativeImages_v4.0.30319_32\Temp\315c-0\Microsoft.Build.Utilities.v4.0.dll</Data>
    <Data Name=""CreationUtcTime"">2023-12-21 11:37:45.583</Data>
    <Data Name=""User"">NT AUTHORITY\SYSTEM</Data>
  </EventData>
</Event>
"
Microsoft-Windows-Sysmon/Operational,,,WinDev2309Eval,37:45.2,,,,,,,,,11,6376,,,,C:\Windows\Microsoft.NET\Framework\v4.0.30319\mscorsvw.exe,,,0x8000000000000000,4,,,,,0,,,,,,,{f57bd86a-2388-6584-4206-000000000d00},3400,5868.0,,,,,,DLL,,,,,,,,,,,,,2023-12-21T11:37:45.1821197Z,C:\Windows\assembly\NativeImages_v4.0.30319_32\Temp\16ec-0\System.Web.Services.dll,,,,,,11,,4208,NT AUTHORITY\SYSTEM,S-1-5-18,37:45.2,2.0,"<Event xmlns=""http://schemas.microsoft.com/win/2004/08/events/event"">
  <System>
    <Provider Name=""Microsoft-Windows-Sysmon"" Guid=""{5770385f-c22a-43e0-bf4c-06f5698ffbd9}""/>
    <EventID>11</EventID>
    <Version>2</Version>
    <Level>4</Level>
    <Task>11</Task>
    <Opcode>0</Opcode>
    <Keywords>0x8000000000000000</Keywords>
    <TimeCreated SystemTime=""2023-12-21T11:37:45.1821197Z""/>
    <EventRecordID>6376</EventRecordID>
    <Correlation/>
    <Execution ProcessID=""3400"" ThreadID=""4208""/>
    <Channel>Microsoft-Windows-Sysmon/Operational</Channel>
    <Computer>WinDev2309Eval</Computer>
    <Security UserID=""S-1-5-18""/>
  </System>
  <EventData>
    <Data Name=""RuleName"">DLL</Data>
    <Data Name=""UtcTime"">2023-12-21 11:37:45.177</Data>
    <Data Name=""ProcessGuid"">{f57bd86a-2388-6584-4206-000000000d00}</Data>
    <Data Name=""ProcessId"">5868</Data>
    <Data Name=""Image"">C:\Windows\Microsoft.NET\Framework\v4.0.30319\mscorsvw.exe</Data>
    <Data Name=""TargetFilename"">C:\Windows\assembly\NativeImages_v4.0.30319_32\Temp\16ec-0\System.Web.Services.dll</Data>
    <Data Name=""CreationUtcTime"">2023-12-21 11:37:45.177</Data>
    <Data Name=""User"">NT AUTHORITY\SYSTEM</Data>
  </EventData>
</Event>
"
Microsoft-Windows-Sysmon/Operational,,,WinDev2309Eval,37:44.4,,,,,,,,,11,6375,,,,C:\Windows\Microsoft.NET\Framework\v4.0.30319\mscorsvw.exe,,,0x8000000000000000,4,,,,,0,,,,,,,{f57bd86a-2388-6584-4106-000000000d00},3400,11364.0,,,,,,DLL,,,,,,,,,,,,,2023-12-21T11:37:44.4413984Z,C:\Windows\assembly\NativeImages_v4.0.30319_32\Temp\2c64-0\System.Configuration.Install.dll,,,,,,11,,4208,NT AUTHORITY\SYSTEM,S-1-5-18,37:44.4,2.0,"<Event xmlns=""http://schemas.microsoft.com/win/2004/08/events/event"">
  <System>
    <Provider Name=""Microsoft-Windows-Sysmon"" Guid=""{5770385f-c22a-43e0-bf4c-06f5698ffbd9}""/>
    <EventID>11</EventID>
    <Version>2</Version>
    <Level>4</Level>
    <Task>11</Task>
    <Opcode>0</Opcode>
    <Keywords>0x8000000000000000</Keywords>
    <TimeCreated SystemTime=""2023-12-21T11:37:44.4413984Z""/>
    <EventRecordID>6375</EventRecordID>
    <Correlation/>
    <Execution ProcessID=""3400"" ThreadID=""4208""/>
    <Channel>Microsoft-Windows-Sysmon/Operational</Channel>
    <Computer>WinDev2309Eval</Computer>
    <Security UserID=""S-1-5-18""/>
  </System>
  <EventData>
    <Data Name=""RuleName"">DLL</Data>
    <Data Name=""UtcTime"">2023-12-21 11:37:44.427</Data>
    <Data Name=""ProcessGuid"">{f57bd86a-2388-6584-4106-000000000d00}</Data>
    <Data Name=""ProcessId"">11364</Data>
    <Data Name=""Image"">C:\Windows\Microsoft.NET\Framework\v4.0.30319\mscorsvw.exe</Data>
    <Data Name=""TargetFilename"">C:\Windows\assembly\NativeImages_v4.0.30319_32\Temp\2c64-0\System.Configuration.Install.dll</Data>
    <Data Name=""CreationUtcTime"">2023-12-21 11:37:44.427</Data>
    <Data Name=""User"">NT AUTHORITY\SYSTEM</Data>
  </EventData>
</Event>
"
Microsoft-Windows-Sysmon/Operational,,,WinDev2309Eval,37:44.3,,,,,,,,,11,6374,,,,C:\Windows\Microsoft.NET\Framework\v4.0.30319\mscorsvw.exe,,,0x8000000000000000,4,,,,,0,,,,,,,{f57bd86a-2388-6584-4006-000000000d00},3400,2104.0,,,,,,DLL,,,,,,,,,,,,,2023-12-21T11:37:44.2882381Z,C:\Windows\assembly\NativeImages_v4.0.30319_32\Temp\838-0\System.ServiceProcess.dll,,,,,,11,,4208,NT AUTHORITY\SYSTEM,S-1-5-18,37:44.3,2.0,"<Event xmlns=""http://schemas.microsoft.com/win/2004/08/events/event"">
  <System>
    <Provider Name=""Microsoft-Windows-Sysmon"" Guid=""{5770385f-c22a-43e0-bf4c-06f5698ffbd9}""/>
    <EventID>11</EventID>
    <Version>2</Version>
    <Level>4</Level>
    <Task>11</Task>
    <Opcode>0</Opcode>
    <Keywords>0x8000000000000000</Keywords>
    <TimeCreated SystemTime=""2023-12-21T11:37:44.2882381Z""/>
    <EventRecordID>6374</EventRecordID>
    <Correlation/>
    <Execution ProcessID=""3400"" ThreadID=""4208""/>
    <Channel>Microsoft-Windows-Sysmon/Operational</Channel>
    <Computer>WinDev2309Eval</Computer>
    <Security UserID=""S-1-5-18""/>
  </System>
  <EventData>
    <Data Name=""RuleName"">DLL</Data>
    <Data Name=""UtcTime"">2023-12-21 11:37:44.286</Data>
    <Data Name=""ProcessGuid"">{f57bd86a-2388-6584-4006-000000000d00}</Data>
    <Data Name=""ProcessId"">2104</Data>
    <Data Name=""Image"">C:\Windows\Microsoft.NET\Framework\v4.0.30319\mscorsvw.exe</Data>
    <Data Name=""TargetFilename"">C:\Windows\assembly\NativeImages_v4.0.30319_32\Temp\838-0\System.ServiceProcess.dll</Data>
    <Data Name=""CreationUtcTime"">2023-12-21 11:37:44.286</Data>
    <Data Name=""User"">NT AUTHORITY\SYSTEM</Data>
  </EventData>
</Event>
"
Microsoft-Windows-Sysmon/Operational,,,WinDev2309Eval,37:44.1,,,,,,,,,11,6373,,,,C:\Windows\Microsoft.NET\Framework\v4.0.30319\mscorsvw.exe,,,0x8000000000000000,4,,,,,0,,,,,,,{f57bd86a-2387-6584-3f06-000000000d00},3400,12824.0,,,,,,DLL,,,,,,,,,,,,,2023-12-21T11:37:44.1440961Z,C:\Windows\assembly\NativeImages_v4.0.30319_32\Temp\3218-0\System.DirectoryServices.Protocols.dll,,,,,,11,,4208,NT AUTHORITY\SYSTEM,S-1-5-18,37:44.1,2.0,"<Event xmlns=""http://schemas.microsoft.com/win/2004/08/events/event"">
  <System>
    <Provider Name=""Microsoft-Windows-Sysmon"" Guid=""{5770385f-c22a-43e0-bf4c-06f5698ffbd9}""/>
    <EventID>11</EventID>
    <Version>2</Version>
    <Level>4</Level>
    <Task>11</Task>
    <Opcode>0</Opcode>
    <Keywords>0x8000000000000000</Keywords>
    <TimeCreated SystemTime=""2023-12-21T11:37:44.1440961Z""/>
    <EventRecordID>6373</EventRecordID>
    <Correlation/>
    <Execution ProcessID=""3400"" ThreadID=""4208""/>
    <Channel>Microsoft-Windows-Sysmon/Operational</Channel>
    <Computer>WinDev2309Eval</Computer>
    <Security UserID=""S-1-5-18""/>
  </System>
  <EventData>
    <Data Name=""RuleName"">DLL</Data>
    <Data Name=""UtcTime"">2023-12-21 11:37:44.129</Data>
    <Data Name=""ProcessGuid"">{f57bd86a-2387-6584-3f06-000000000d00}</Data>
    <Data Name=""ProcessId"">12824</Data>
    <Data Name=""Image"">C:\Windows\Microsoft.NET\Framework\v4.0.30319\mscorsvw.exe</Data>
    <Data Name=""TargetFilename"">C:\Windows\assembly\NativeImages_v4.0.30319_32\Temp\3218-0\System.DirectoryServices.Protocols.dll</Data>
    <Data Name=""CreationUtcTime"">2023-12-21 11:37:44.129</Data>
    <Data Name=""User"">NT AUTHORITY\SYSTEM</Data>
  </EventData>
</Event>
"
Microsoft-Windows-Sysmon/Operational,,,WinDev2309Eval,37:43.9,,,,,,,,,11,6372,,,,C:\Windows\Microsoft.NET\Framework\v4.0.30319\mscorsvw.exe,,,0x8000000000000000,4,,,,,0,,,,,,,{f57bd86a-2387-6584-3e06-000000000d00},3400,10620.0,,,,,,DLL,,,,,,,,,,,,,2023-12-21T11:37:43.9075726Z,C:\Windows\assembly\NativeImages_v4.0.30319_32\Temp\297c-0\System.ComponentModel.DataAnnotations.dll,,,,,,11,,4208,NT AUTHORITY\SYSTEM,S-1-5-18,37:43.9,2.0,"<Event xmlns=""http://schemas.microsoft.com/win/2004/08/events/event"">
  <System>
    <Provider Name=""Microsoft-Windows-Sysmon"" Guid=""{5770385f-c22a-43e0-bf4c-06f5698ffbd9}""/>
    <EventID>11</EventID>
    <Version>2</Version>
    <Level>4</Level>
    <Task>11</Task>
    <Opcode>0</Opcode>
    <Keywords>0x8000000000000000</Keywords>
    <TimeCreated SystemTime=""2023-12-21T11:37:43.9075726Z""/>
    <EventRecordID>6372</EventRecordID>
    <Correlation/>
    <Execution ProcessID=""3400"" ThreadID=""4208""/>
    <Channel>Microsoft-Windows-Sysmon/Operational</Channel>
    <Computer>WinDev2309Eval</Computer>
    <Security UserID=""S-1-5-18""/>
  </System>
  <EventData>
    <Data Name=""RuleName"">DLL</Data>
    <Data Name=""UtcTime"">2023-12-21 11:37:43.893</Data>
    <Data Name=""ProcessGuid"">{f57bd86a-2387-6584-3e06-000000000d00}</Data>
    <Data Name=""ProcessId"">10620</Data>
    <Data Name=""Image"">C:\Windows\Microsoft.NET\Framework\v4.0.30319\mscorsvw.exe</Data>
    <Data Name=""TargetFilename"">C:\Windows\assembly\NativeImages_v4.0.30319_32\Temp\297c-0\System.ComponentModel.DataAnnotations.dll</Data>
    <Data Name=""CreationUtcTime"">2023-12-21 11:37:43.893</Data>
    <Data Name=""User"">NT AUTHORITY\SYSTEM</Data>
  </EventData>
</Event>
"
Microsoft-Windows-Sysmon/Operational,,,WinDev2309Eval,37:43.7,,,,,,,,,11,6371,,,,C:\Windows\Microsoft.NET\Framework\v4.0.30319\mscorsvw.exe,,,0x8000000000000000,4,,,,,0,,,,,,,{f57bd86a-2387-6584-3d06-000000000d00},3400,5836.0,,,,,,DLL,,,,,,,,,,,,,2023-12-21T11:37:43.7318565Z,C:\Windows\assembly\NativeImages_v4.0.30319_32\Temp\16cc-0\System.Web.ApplicationServices.dll,,,,,,11,,4208,NT AUTHORITY\SYSTEM,S-1-5-18,37:43.7,2.0,"<Event xmlns=""http://schemas.microsoft.com/win/2004/08/events/event"">
  <System>
    <Provider Name=""Microsoft-Windows-Sysmon"" Guid=""{5770385f-c22a-43e0-bf4c-06f5698ffbd9}""/>
    <EventID>11</EventID>
    <Version>2</Version>
    <Level>4</Level>
    <Task>11</Task>
    <Opcode>0</Opcode>
    <Keywords>0x8000000000000000</Keywords>
    <TimeCreated SystemTime=""2023-12-21T11:37:43.7318565Z""/>
    <EventRecordID>6371</EventRecordID>
    <Correlation/>
    <Execution ProcessID=""3400"" ThreadID=""4208""/>
    <Channel>Microsoft-Windows-Sysmon/Operational</Channel>
    <Computer>WinDev2309Eval</Computer>
    <Security UserID=""S-1-5-18""/>
  </System>
  <EventData>
    <Data Name=""RuleName"">DLL</Data>
    <Data Name=""UtcTime"">2023-12-21 11:37:43.721</Data>
    <Data Name=""ProcessGuid"">{f57bd86a-2387-6584-3d06-000000000d00}</Data>
    <Data Name=""ProcessId"">5836</Data>
    <Data Name=""Image"">C:\Windows\Microsoft.NET\Framework\v4.0.30319\mscorsvw.exe</Data>
    <Data Name=""TargetFilename"">C:\Windows\assembly\NativeImages_v4.0.30319_32\Temp\16cc-0\System.Web.ApplicationServices.dll</Data>
    <Data Name=""CreationUtcTime"">2023-12-21 11:37:43.721</Data>
    <Data Name=""User"">NT AUTHORITY\SYSTEM</Data>
  </EventData>
</Event>
"
Microsoft-Windows-Sysmon/Operational,,,WinDev2309Eval,37:43.6,,,,,,,,,11,6370,,,,C:\Windows\Microsoft.NET\Framework\v4.0.30319\mscorsvw.exe,,,0x8000000000000000,4,,,,,0,,,,,,,{f57bd86a-2387-6584-3c06-000000000d00},3400,6460.0,,,,,,DLL,,,,,,,,,,,,,2023-12-21T11:37:43.6304698Z,C:\Windows\assembly\NativeImages_v4.0.30319_32\Temp\193c-0\System.Drawing.Design.dll,,,,,,11,,4208,NT AUTHORITY\SYSTEM,S-1-5-18,37:43.6,2.0,"<Event xmlns=""http://schemas.microsoft.com/win/2004/08/events/event"">
  <System>
    <Provider Name=""Microsoft-Windows-Sysmon"" Guid=""{5770385f-c22a-43e0-bf4c-06f5698ffbd9}""/>
    <EventID>11</EventID>
    <Version>2</Version>
    <Level>4</Level>
    <Task>11</Task>
    <Opcode>0</Opcode>
    <Keywords>0x8000000000000000</Keywords>
    <TimeCreated SystemTime=""2023-12-21T11:37:43.6304698Z""/>
    <EventRecordID>6370</EventRecordID>
    <Correlation/>
    <Execution ProcessID=""3400"" ThreadID=""4208""/>
    <Channel>Microsoft-Windows-Sysmon/Operational</Channel>
    <Computer>WinDev2309Eval</Computer>
    <Security UserID=""S-1-5-18""/>
  </System>
  <EventData>
    <Data Name=""RuleName"">DLL</Data>
    <Data Name=""UtcTime"">2023-12-21 11:37:43.628</Data>
    <Data Name=""ProcessGuid"">{f57bd86a-2387-6584-3c06-000000000d00}</Data>
    <Data Name=""ProcessId"">6460</Data>
    <Data Name=""Image"">C:\Windows\Microsoft.NET\Framework\v4.0.30319\mscorsvw.exe</Data>
    <Data Name=""TargetFilename"">C:\Windows\assembly\NativeImages_v4.0.30319_32\Temp\193c-0\System.Drawing.Design.dll</Data>
    <Data Name=""CreationUtcTime"">2023-12-21 11:37:43.628</Data>
    <Data Name=""User"">NT AUTHORITY\SYSTEM</Data>
  </EventData>
</Event>
"
Microsoft-Windows-Sysmon/Operational,,,WinDev2309Eval,37:43.4,,,,,,,,,11,6369,,,,C:\Windows\Microsoft.NET\Framework\v4.0.30319\mscorsvw.exe,,,0x8000000000000000,4,,,,,0,,,,,,,{f57bd86a-2386-6584-3b06-000000000d00},3400,9300.0,,,,,,DLL,,,,,,,,,,,,,2023-12-21T11:37:43.4417898Z,C:\Windows\assembly\NativeImages_v4.0.30319_32\Temp\2454-0\System.Data.OracleClient.dll,,,,,,11,,4208,NT AUTHORITY\SYSTEM,S-1-5-18,37:43.4,2.0,"<Event xmlns=""http://schemas.microsoft.com/win/2004/08/events/event"">
  <System>
    <Provider Name=""Microsoft-Windows-Sysmon"" Guid=""{5770385f-c22a-43e0-bf4c-06f5698ffbd9}""/>
    <EventID>11</EventID>
    <Version>2</Version>
    <Level>4</Level>
    <Task>11</Task>
    <Opcode>0</Opcode>
    <Keywords>0x8000000000000000</Keywords>
    <TimeCreated SystemTime=""2023-12-21T11:37:43.4417898Z""/>
    <EventRecordID>6369</EventRecordID>
    <Correlation/>
    <Execution ProcessID=""3400"" ThreadID=""4208""/>
    <Channel>Microsoft-Windows-Sysmon/Operational</Channel>
    <Computer>WinDev2309Eval</Computer>
    <Security UserID=""S-1-5-18""/>
  </System>
  <EventData>
    <Data Name=""RuleName"">DLL</Data>
    <Data Name=""UtcTime"">2023-12-21 11:37:43.440</Data>
    <Data Name=""ProcessGuid"">{f57bd86a-2386-6584-3b06-000000000d00}</Data>
    <Data Name=""ProcessId"">9300</Data>
    <Data Name=""Image"">C:\Windows\Microsoft.NET\Framework\v4.0.30319\mscorsvw.exe</Data>
    <Data Name=""TargetFilename"">C:\Windows\assembly\NativeImages_v4.0.30319_32\Temp\2454-0\System.Data.OracleClient.dll</Data>
    <Data Name=""CreationUtcTime"">2023-12-21 11:37:43.440</Data>
    <Data Name=""User"">NT AUTHORITY\SYSTEM</Data>
  </EventData>
</Event>
"
Microsoft-Windows-Sysmon/Operational,,,WinDev2309Eval,37:42.9,,,,,,,,,11,6368,,,,C:\Windows\Microsoft.NET\Framework\v4.0.30319\mscorsvw.exe,,,0x8000000000000000,4,,,,,0,,,,,,,{f57bd86a-2386-6584-3a06-000000000d00},3400,11068.0,,,,,,DLL,,,,,,,,,,,,,2023-12-21T11:37:42.9539371Z,C:\Windows\assembly\NativeImages_v4.0.30319_32\Temp\2b3c-0\System.Runtime.Serialization.Formatters.Soap.dll,,,,,,11,,4208,NT AUTHORITY\SYSTEM,S-1-5-18,37:42.9,2.0,"<Event xmlns=""http://schemas.microsoft.com/win/2004/08/events/event"">
  <System>
    <Provider Name=""Microsoft-Windows-Sysmon"" Guid=""{5770385f-c22a-43e0-bf4c-06f5698ffbd9}""/>
    <EventID>11</EventID>
    <Version>2</Version>
    <Level>4</Level>
    <Task>11</Task>
    <Opcode>0</Opcode>
    <Keywords>0x8000000000000000</Keywords>
    <TimeCreated SystemTime=""2023-12-21T11:37:42.9539371Z""/>
    <EventRecordID>6368</EventRecordID>
    <Correlation/>
    <Execution ProcessID=""3400"" ThreadID=""4208""/>
    <Channel>Microsoft-Windows-Sysmon/Operational</Channel>
    <Computer>WinDev2309Eval</Computer>
    <Security UserID=""S-1-5-18""/>
  </System>
  <EventData>
    <Data Name=""RuleName"">DLL</Data>
    <Data Name=""UtcTime"">2023-12-21 11:37:42.940</Data>
    <Data Name=""ProcessGuid"">{f57bd86a-2386-6584-3a06-000000000d00}</Data>
    <Data Name=""ProcessId"">11068</Data>
    <Data Name=""Image"">C:\Windows\Microsoft.NET\Framework\v4.0.30319\mscorsvw.exe</Data>
    <Data Name=""TargetFilename"">C:\Windows\assembly\NativeImages_v4.0.30319_32\Temp\2b3c-0\System.Runtime.Serialization.Formatters.Soap.dll</Data>
    <Data Name=""CreationUtcTime"">2023-12-21 11:37:42.940</Data>
    <Data Name=""User"">NT AUTHORITY\SYSTEM</Data>
  </EventData>
</Event>
"
Microsoft-Windows-Sysmon/Operational,,,WinDev2309Eval,37:42.7,,,,,,,,,11,6367,,,,C:\Windows\Microsoft.NET\Framework\v4.0.30319\mscorsvw.exe,,,0x8000000000000000,4,,,,,0,,,,,,,{f57bd86a-2386-6584-3906-000000000d00},3400,11052.0,,,,,,DLL,,,,,,,,,,,,,2023-12-21T11:37:42.7363754Z,C:\Windows\assembly\NativeImages_v4.0.30319_32\Temp\2b2c-0\System.Deployment.dll,,,,,,11,,4208,NT AUTHORITY\SYSTEM,S-1-5-18,37:42.7,2.0,"<Event xmlns=""http://schemas.microsoft.com/win/2004/08/events/event"">
  <System>
    <Provider Name=""Microsoft-Windows-Sysmon"" Guid=""{5770385f-c22a-43e0-bf4c-06f5698ffbd9}""/>
    <EventID>11</EventID>
    <Version>2</Version>
    <Level>4</Level>
    <Task>11</Task>
    <Opcode>0</Opcode>
    <Keywords>0x8000000000000000</Keywords>
    <TimeCreated SystemTime=""2023-12-21T11:37:42.7363754Z""/>
    <EventRecordID>6367</EventRecordID>
    <Correlation/>
    <Execution ProcessID=""3400"" ThreadID=""4208""/>
    <Channel>Microsoft-Windows-Sysmon/Operational</Channel>
    <Computer>WinDev2309Eval</Computer>
    <Security UserID=""S-1-5-18""/>
  </System>
  <EventData>
    <Data Name=""RuleName"">DLL</Data>
    <Data Name=""UtcTime"">2023-12-21 11:37:42.721</Data>
    <Data Name=""ProcessGuid"">{f57bd86a-2386-6584-3906-000000000d00}</Data>
    <Data Name=""ProcessId"">11052</Data>
    <Data Name=""Image"">C:\Windows\Microsoft.NET\Framework\v4.0.30319\mscorsvw.exe</Data>
    <Data Name=""TargetFilename"">C:\Windows\assembly\NativeImages_v4.0.30319_32\Temp\2b2c-0\System.Deployment.dll</Data>
    <Data Name=""CreationUtcTime"">2023-12-21 11:37:42.721</Data>
    <Data Name=""User"">NT AUTHORITY\SYSTEM</Data>
  </EventData>
</Event>
"
Microsoft-Windows-Sysmon/Operational,,,WinDev2309Eval,37:42.2,,,,,,,,,11,6366,,,,C:\Windows\Microsoft.NET\Framework\v4.0.30319\mscorsvw.exe,,,0x8000000000000000,4,,,,,0,,,,,,,{f57bd86a-2386-6584-3806-000000000d00},3400,3880.0,,,,,,DLL,,,,,,,,,,,,,2023-12-21T11:37:42.1600756Z,C:\Windows\assembly\NativeImages_v4.0.30319_32\Temp\f28-0\Accessibility.dll,,,,,,11,,4208,NT AUTHORITY\SYSTEM,S-1-5-18,37:42.2,2.0,"<Event xmlns=""http://schemas.microsoft.com/win/2004/08/events/event"">
  <System>
    <Provider Name=""Microsoft-Windows-Sysmon"" Guid=""{5770385f-c22a-43e0-bf4c-06f5698ffbd9}""/>
    <EventID>11</EventID>
    <Version>2</Version>
    <Level>4</Level>
    <Task>11</Task>
    <Opcode>0</Opcode>
    <Keywords>0x8000000000000000</Keywords>
    <TimeCreated SystemTime=""2023-12-21T11:37:42.1600756Z""/>
    <EventRecordID>6366</EventRecordID>
    <Correlation/>
    <Execution ProcessID=""3400"" ThreadID=""4208""/>
    <Channel>Microsoft-Windows-Sysmon/Operational</Channel>
    <Computer>WinDev2309Eval</Computer>
    <Security UserID=""S-1-5-18""/>
  </System>
  <EventData>
    <Data Name=""RuleName"">DLL</Data>
    <Data Name=""UtcTime"">2023-12-21 11:37:42.157</Data>
    <Data Name=""ProcessGuid"">{f57bd86a-2386-6584-3806-000000000d00}</Data>
    <Data Name=""ProcessId"">3880</Data>
    <Data Name=""Image"">C:\Windows\Microsoft.NET\Framework\v4.0.30319\mscorsvw.exe</Data>
    <Data Name=""TargetFilename"">C:\Windows\assembly\NativeImages_v4.0.30319_32\Temp\f28-0\Accessibility.dll</Data>
    <Data Name=""CreationUtcTime"">2023-12-21 11:37:42.157</Data>
    <Data Name=""User"">NT AUTHORITY\SYSTEM</Data>
  </EventData>
</Event>
"
