Channel,CommandLine,Company,Computer,CreationUtcTime,CurrentDirectory,Description,DestinationHostname,DestinationIp,DestinationIsIpv6,DestinationPort,DestinationPortName,Details,EventID,EventRecordID,EventType,FileVersion,Hashes,Image,Initiated,IntegrityLevel,Keywords,Level,LogonGuid,LogonId,Message,NewThreadId,Opcode,OriginalFileName,ParentCommandLine,ParentImage,ParentProcessGuid,ParentProcessId,ParentUser,ProcessGuid,ProcessID,ProcessId,Product,Protocol,QueryName,QueryResults,QueryStatus,RuleName,SourceHostname,SourceImage,SourceIp,SourceIsIpv6,SourcePort,SourcePortName,SourceProcessGuid,SourceProcessId,SourceUser,StartAddress,StartFunction,StartModule,SystemTime,TargetFilename,TargetImage,TargetObject,TargetProcessGuid,TargetProcessId,TargetUser,Task,TerminalSessionId,ThreadID,User,UserID,UtcTime,Version,raw
Microsoft-Windows-Sysmon/Operational,,,WinDev2309Eval,38:46.5,,,,,,,,,11,1283,,,,C:\Windows\Microsoft.NET\Framework64\v4.0.30319\mscorsvw.exe,,,0x8000000000000000,4,,,,,0,,,,,,,{f57bd86a-0d64-6582-5705-000000000b00},10484,12100.0,,,,,,DLL,,,,,,,,,,,,,2023-12-19T21:38:46.5631000Z,C:\Windows\assembly\NativeImages_v4.0.30319_64\Temp\2f44-0\Microsoft.VisualStudio.Telemetry.dll,,,,,,11,,10592,NT AUTHORITY\SYSTEM,S-1-5-18,38:46.5,2.0,"<Event xmlns=""http://schemas.microsoft.com/win/2004/08/events/event"">
  <System>
    <Provider Name=""Microsoft-Windows-Sysmon"" Guid=""{5770385f-c22a-43e0-bf4c-06f5698ffbd9}""/>
    <EventID>11</EventID>
    <Version>2</Version>
    <Level>4</Level>
    <Task>11</Task>
    <Opcode>0</Opcode>
    <Keywords>0x8000000000000000</Keywords>
    <TimeCreated SystemTime=""2023-12-19T21:38:46.5631000Z""/>
    <EventRecordID>1283</EventRecordID>
    <Correlation/>
    <Execution ProcessID=""10484"" ThreadID=""10592""/>
    <Channel>Microsoft-Windows-Sysmon/Operational</Channel>
    <Computer>WinDev2309Eval</Computer>
    <Security UserID=""S-1-5-18""/>
  </System>
  <EventData>
    <Data Name=""RuleName"">DLL</Data>
    <Data Name=""UtcTime"">2023-12-19 21:38:46.547</Data>
    <Data Name=""ProcessGuid"">{f57bd86a-0d64-6582-5705-000000000b00}</Data>
    <Data Name=""ProcessId"">12100</Data>
    <Data Name=""Image"">C:\Windows\Microsoft.NET\Framework64\v4.0.30319\mscorsvw.exe</Data>
    <Data Name=""TargetFilename"">C:\Windows\assembly\NativeImages_v4.0.30319_64\Temp\2f44-0\Microsoft.VisualStudio.Telemetry.dll</Data>
    <Data Name=""CreationUtcTime"">2023-12-19 21:38:46.547</Data>
    <Data Name=""User"">NT AUTHORITY\SYSTEM</Data>
  </EventData>
</Event>
"
Microsoft-Windows-Sysmon/Operational,,,WinDev2309Eval,38:44.1,,,,,,,,,11,1282,,,,C:\Windows\Microsoft.NET\Framework64\v4.0.30319\mscorsvw.exe,,,0x8000000000000000,4,,,,,0,,,,,,,{f57bd86a-0d62-6582-5505-000000000b00},10484,2476.0,,,,,,DLL,,,,,,,,,,,,,2023-12-19T21:38:44.1167384Z,C:\Windows\assembly\NativeImages_v4.0.30319_64\Temp\9ac-0\Microsoft.ServiceHub.Framework.dll,,,,,,11,,10592,NT AUTHORITY\SYSTEM,S-1-5-18,38:44.1,2.0,"<Event xmlns=""http://schemas.microsoft.com/win/2004/08/events/event"">
  <System>
    <Provider Name=""Microsoft-Windows-Sysmon"" Guid=""{5770385f-c22a-43e0-bf4c-06f5698ffbd9}""/>
    <EventID>11</EventID>
    <Version>2</Version>
    <Level>4</Level>
    <Task>11</Task>
    <Opcode>0</Opcode>
    <Keywords>0x8000000000000000</Keywords>
    <TimeCreated SystemTime=""2023-12-19T21:38:44.1167384Z""/>
    <EventRecordID>1282</EventRecordID>
    <Correlation/>
    <Execution ProcessID=""10484"" ThreadID=""10592""/>
    <Channel>Microsoft-Windows-Sysmon/Operational</Channel>
    <Computer>WinDev2309Eval</Computer>
    <Security UserID=""S-1-5-18""/>
  </System>
  <EventData>
    <Data Name=""RuleName"">DLL</Data>
    <Data Name=""UtcTime"">2023-12-19 21:38:44.108</Data>
    <Data Name=""ProcessGuid"">{f57bd86a-0d62-6582-5505-000000000b00}</Data>
    <Data Name=""ProcessId"">2476</Data>
    <Data Name=""Image"">C:\Windows\Microsoft.NET\Framework64\v4.0.30319\mscorsvw.exe</Data>
    <Data Name=""TargetFilename"">C:\Windows\assembly\NativeImages_v4.0.30319_64\Temp\9ac-0\Microsoft.ServiceHub.Framework.dll</Data>
    <Data Name=""CreationUtcTime"">2023-12-19 21:38:44.108</Data>
    <Data Name=""User"">NT AUTHORITY\SYSTEM</Data>
  </EventData>
</Event>
"
Microsoft-Windows-Sysmon/Operational,,,WinDev2309Eval,38:41.5,,,,,,,,,11,1281,,,,C:\Windows\Microsoft.NET\Framework64\v4.0.30319\mscorsvw.exe,,,0x8000000000000000,4,,,,,0,,,,,,,{f57bd86a-0d61-6582-5305-000000000b00},10484,12052.0,,,,,,EXE,,,,,,,,,,,,,2023-12-19T21:38:41.4698235Z,C:\Windows\assembly\NativeImages_v4.0.30319_64\Temp\2f14-0\Microsoft.ServiceHub.Controller.exe,,,,,,11,,10592,NT AUTHORITY\SYSTEM,S-1-5-18,38:41.5,2.0,"<Event xmlns=""http://schemas.microsoft.com/win/2004/08/events/event"">
  <System>
    <Provider Name=""Microsoft-Windows-Sysmon"" Guid=""{5770385f-c22a-43e0-bf4c-06f5698ffbd9}""/>
    <EventID>11</EventID>
    <Version>2</Version>
    <Level>4</Level>
    <Task>11</Task>
    <Opcode>0</Opcode>
    <Keywords>0x8000000000000000</Keywords>
    <TimeCreated SystemTime=""2023-12-19T21:38:41.4698235Z""/>
    <EventRecordID>1281</EventRecordID>
    <Correlation/>
    <Execution ProcessID=""10484"" ThreadID=""10592""/>
    <Channel>Microsoft-Windows-Sysmon/Operational</Channel>
    <Computer>WinDev2309Eval</Computer>
    <Security UserID=""S-1-5-18""/>
  </System>
  <EventData>
    <Data Name=""RuleName"">EXE</Data>
    <Data Name=""UtcTime"">2023-12-19 21:38:41.466</Data>
    <Data Name=""ProcessGuid"">{f57bd86a-0d61-6582-5305-000000000b00}</Data>
    <Data Name=""ProcessId"">12052</Data>
    <Data Name=""Image"">C:\Windows\Microsoft.NET\Framework64\v4.0.30319\mscorsvw.exe</Data>
    <Data Name=""TargetFilename"">C:\Windows\assembly\NativeImages_v4.0.30319_64\Temp\2f14-0\Microsoft.ServiceHub.Controller.exe</Data>
    <Data Name=""CreationUtcTime"">2023-12-19 21:38:41.466</Data>
    <Data Name=""User"">NT AUTHORITY\SYSTEM</Data>
  </EventData>
</Event>
"
Microsoft-Windows-Sysmon/Operational,,,WinDev2309Eval,38:40.0,,,,,,,,,11,1280,,,,C:\Windows\Microsoft.NET\Framework64\v4.0.30319\mscorsvw.exe,,,0x8000000000000000,4,,,,,0,,,,,,,{f57bd86a-0d5e-6582-4f05-000000000b00},10484,2688.0,,,,,,DLL,,,,,,,,,,,,,2023-12-19T21:38:40.0295720Z,C:\Windows\assembly\NativeImages_v4.0.30319_64\Temp\a80-0\Microsoft.VisualStudio.Imaging.dll,,,,,,11,,10592,NT AUTHORITY\SYSTEM,S-1-5-18,38:40.0,2.0,"<Event xmlns=""http://schemas.microsoft.com/win/2004/08/events/event"">
  <System>
    <Provider Name=""Microsoft-Windows-Sysmon"" Guid=""{5770385f-c22a-43e0-bf4c-06f5698ffbd9}""/>
    <EventID>11</EventID>
    <Version>2</Version>
    <Level>4</Level>
    <Task>11</Task>
    <Opcode>0</Opcode>
    <Keywords>0x8000000000000000</Keywords>
    <TimeCreated SystemTime=""2023-12-19T21:38:40.0295720Z""/>
    <EventRecordID>1280</EventRecordID>
    <Correlation/>
    <Execution ProcessID=""10484"" ThreadID=""10592""/>
    <Channel>Microsoft-Windows-Sysmon/Operational</Channel>
    <Computer>WinDev2309Eval</Computer>
    <Security UserID=""S-1-5-18""/>
  </System>
  <EventData>
    <Data Name=""RuleName"">DLL</Data>
    <Data Name=""UtcTime"">2023-12-19 21:38:40.026</Data>
    <Data Name=""ProcessGuid"">{f57bd86a-0d5e-6582-4f05-000000000b00}</Data>
    <Data Name=""ProcessId"">2688</Data>
    <Data Name=""Image"">C:\Windows\Microsoft.NET\Framework64\v4.0.30319\mscorsvw.exe</Data>
    <Data Name=""TargetFilename"">C:\Windows\assembly\NativeImages_v4.0.30319_64\Temp\a80-0\Microsoft.VisualStudio.Imaging.dll</Data>
    <Data Name=""CreationUtcTime"">2023-12-19 21:38:40.026</Data>
    <Data Name=""User"">NT AUTHORITY\SYSTEM</Data>
  </EventData>
</Event>
"
Microsoft-Windows-Sysmon/Operational,,,WinDev2309Eval,38:38.4,,,,,,,,,11,1279,,,,C:\Windows\Microsoft.NET\Framework64\v4.0.30319\mscorsvw.exe,,,0x8000000000000000,4,,,,,0,,,,,,,{f57bd86a-0d5e-6582-4d05-000000000b00},10484,5676.0,,,,,,DLL,,,,,,,,,,,,,2023-12-19T21:38:38.4072047Z,C:\Windows\assembly\NativeImages_v4.0.30319_64\Temp\162c-0\Microsoft.VisualStudio.ImageCatalog.dll,,,,,,11,,10592,NT AUTHORITY\SYSTEM,S-1-5-18,38:38.4,2.0,"<Event xmlns=""http://schemas.microsoft.com/win/2004/08/events/event"">
  <System>
    <Provider Name=""Microsoft-Windows-Sysmon"" Guid=""{5770385f-c22a-43e0-bf4c-06f5698ffbd9}""/>
    <EventID>11</EventID>
    <Version>2</Version>
    <Level>4</Level>
    <Task>11</Task>
    <Opcode>0</Opcode>
    <Keywords>0x8000000000000000</Keywords>
    <TimeCreated SystemTime=""2023-12-19T21:38:38.4072047Z""/>
    <EventRecordID>1279</EventRecordID>
    <Correlation/>
    <Execution ProcessID=""10484"" ThreadID=""10592""/>
    <Channel>Microsoft-Windows-Sysmon/Operational</Channel>
    <Computer>WinDev2309Eval</Computer>
    <Security UserID=""S-1-5-18""/>
  </System>
  <EventData>
    <Data Name=""RuleName"">DLL</Data>
    <Data Name=""UtcTime"">2023-12-19 21:38:38.397</Data>
    <Data Name=""ProcessGuid"">{f57bd86a-0d5e-6582-4d05-000000000b00}</Data>
    <Data Name=""ProcessId"">5676</Data>
    <Data Name=""Image"">C:\Windows\Microsoft.NET\Framework64\v4.0.30319\mscorsvw.exe</Data>
    <Data Name=""TargetFilename"">C:\Windows\assembly\NativeImages_v4.0.30319_64\Temp\162c-0\Microsoft.VisualStudio.ImageCatalog.dll</Data>
    <Data Name=""CreationUtcTime"">2023-12-19 21:38:38.397</Data>
    <Data Name=""User"">NT AUTHORITY\SYSTEM</Data>
  </EventData>
</Event>
"
Microsoft-Windows-Sysmon/Operational,,,WinDev2309Eval,38:38.0,,,,,,,,,11,1278,,,,C:\Windows\Microsoft.NET\Framework64\v4.0.30319\mscorsvw.exe,,,0x8000000000000000,4,,,,,0,,,,,,,{f57bd86a-0d5d-6582-4b05-000000000b00},10484,13256.0,,,,,,EXE,,,,,,,,,,,,,2023-12-19T21:38:37.9813434Z,C:\Windows\assembly\NativeImages_v4.0.30319_64\Temp\33c8-0\testhost.net48.exe,,,,,,11,,10592,NT AUTHORITY\SYSTEM,S-1-5-18,38:38.0,2.0,"<Event xmlns=""http://schemas.microsoft.com/win/2004/08/events/event"">
  <System>
    <Provider Name=""Microsoft-Windows-Sysmon"" Guid=""{5770385f-c22a-43e0-bf4c-06f5698ffbd9}""/>
    <EventID>11</EventID>
    <Version>2</Version>
    <Level>4</Level>
    <Task>11</Task>
    <Opcode>0</Opcode>
    <Keywords>0x8000000000000000</Keywords>
    <TimeCreated SystemTime=""2023-12-19T21:38:37.9813434Z""/>
    <EventRecordID>1278</EventRecordID>
    <Correlation/>
    <Execution ProcessID=""10484"" ThreadID=""10592""/>
    <Channel>Microsoft-Windows-Sysmon/Operational</Channel>
    <Computer>WinDev2309Eval</Computer>
    <Security UserID=""S-1-5-18""/>
  </System>
  <EventData>
    <Data Name=""RuleName"">EXE</Data>
    <Data Name=""UtcTime"">2023-12-19 21:38:37.973</Data>
    <Data Name=""ProcessGuid"">{f57bd86a-0d5d-6582-4b05-000000000b00}</Data>
    <Data Name=""ProcessId"">13256</Data>
    <Data Name=""Image"">C:\Windows\Microsoft.NET\Framework64\v4.0.30319\mscorsvw.exe</Data>
    <Data Name=""TargetFilename"">C:\Windows\assembly\NativeImages_v4.0.30319_64\Temp\33c8-0\testhost.net48.exe</Data>
    <Data Name=""CreationUtcTime"">2023-12-19 21:38:37.973</Data>
    <Data Name=""User"">NT AUTHORITY\SYSTEM</Data>
  </EventData>
</Event>
"
Microsoft-Windows-Sysmon/Operational,,,WinDev2309Eval,38:37.7,,,,,,,,,11,1277,,,,C:\Windows\Microsoft.NET\Framework64\v4.0.30319\mscorsvw.exe,,,0x8000000000000000,4,,,,,0,,,,,,,{f57bd86a-0d5d-6582-4905-000000000b00},10484,10392.0,,,,,,EXE,,,,,,,,,,,,,2023-12-19T21:38:37.6690684Z,C:\Windows\assembly\NativeImages_v4.0.30319_64\Temp\2898-0\testhost.net472.exe,,,,,,11,,10592,NT AUTHORITY\SYSTEM,S-1-5-18,38:37.7,2.0,"<Event xmlns=""http://schemas.microsoft.com/win/2004/08/events/event"">
  <System>
    <Provider Name=""Microsoft-Windows-Sysmon"" Guid=""{5770385f-c22a-43e0-bf4c-06f5698ffbd9}""/>
    <EventID>11</EventID>
    <Version>2</Version>
    <Level>4</Level>
    <Task>11</Task>
    <Opcode>0</Opcode>
    <Keywords>0x8000000000000000</Keywords>
    <TimeCreated SystemTime=""2023-12-19T21:38:37.6690684Z""/>
    <EventRecordID>1277</EventRecordID>
    <Correlation/>
    <Execution ProcessID=""10484"" ThreadID=""10592""/>
    <Channel>Microsoft-Windows-Sysmon/Operational</Channel>
    <Computer>WinDev2309Eval</Computer>
    <Security UserID=""S-1-5-18""/>
  </System>
  <EventData>
    <Data Name=""RuleName"">EXE</Data>
    <Data Name=""UtcTime"">2023-12-19 21:38:37.660</Data>
    <Data Name=""ProcessGuid"">{f57bd86a-0d5d-6582-4905-000000000b00}</Data>
    <Data Name=""ProcessId"">10392</Data>
    <Data Name=""Image"">C:\Windows\Microsoft.NET\Framework64\v4.0.30319\mscorsvw.exe</Data>
    <Data Name=""TargetFilename"">C:\Windows\assembly\NativeImages_v4.0.30319_64\Temp\2898-0\testhost.net472.exe</Data>
    <Data Name=""CreationUtcTime"">2023-12-19 21:38:37.660</Data>
    <Data Name=""User"">NT AUTHORITY\SYSTEM</Data>
  </EventData>
</Event>
"
Microsoft-Windows-Sysmon/Operational,,,WinDev2309Eval,38:37.3,,,,,,,,,11,1276,,,,C:\Windows\Microsoft.NET\Framework64\v4.0.30319\mscorsvw.exe,,,0x8000000000000000,4,,,,,0,,,,,,,{f57bd86a-0d5d-6582-4705-000000000b00},10484,2136.0,,,,,,EXE,,,,,,,,,,,,,2023-12-19T21:38:37.3455450Z,C:\Windows\assembly\NativeImages_v4.0.30319_64\Temp\858-0\testhost.net471.exe,,,,,,11,,10592,NT AUTHORITY\SYSTEM,S-1-5-18,38:37.3,2.0,"<Event xmlns=""http://schemas.microsoft.com/win/2004/08/events/event"">
  <System>
    <Provider Name=""Microsoft-Windows-Sysmon"" Guid=""{5770385f-c22a-43e0-bf4c-06f5698ffbd9}""/>
    <EventID>11</EventID>
    <Version>2</Version>
    <Level>4</Level>
    <Task>11</Task>
    <Opcode>0</Opcode>
    <Keywords>0x8000000000000000</Keywords>
    <TimeCreated SystemTime=""2023-12-19T21:38:37.3455450Z""/>
    <EventRecordID>1276</EventRecordID>
    <Correlation/>
    <Execution ProcessID=""10484"" ThreadID=""10592""/>
    <Channel>Microsoft-Windows-Sysmon/Operational</Channel>
    <Computer>WinDev2309Eval</Computer>
    <Security UserID=""S-1-5-18""/>
  </System>
  <EventData>
    <Data Name=""RuleName"">EXE</Data>
    <Data Name=""UtcTime"">2023-12-19 21:38:37.332</Data>
    <Data Name=""ProcessGuid"">{f57bd86a-0d5d-6582-4705-000000000b00}</Data>
    <Data Name=""ProcessId"">2136</Data>
    <Data Name=""Image"">C:\Windows\Microsoft.NET\Framework64\v4.0.30319\mscorsvw.exe</Data>
    <Data Name=""TargetFilename"">C:\Windows\assembly\NativeImages_v4.0.30319_64\Temp\858-0\testhost.net471.exe</Data>
    <Data Name=""CreationUtcTime"">2023-12-19 21:38:37.332</Data>
    <Data Name=""User"">NT AUTHORITY\SYSTEM</Data>
  </EventData>
</Event>
"
Microsoft-Windows-Sysmon/Operational,,,WinDev2309Eval,38:37.0,,,,,,,,,11,1275,,,,C:\Windows\Microsoft.NET\Framework64\v4.0.30319\mscorsvw.exe,,,0x8000000000000000,4,,,,,0,,,,,,,{f57bd86a-0d5c-6582-4505-000000000b00},10484,2444.0,,,,,,EXE,,,,,,,,,,,,,2023-12-19T21:38:37.0132886Z,C:\Windows\assembly\NativeImages_v4.0.30319_64\Temp\98c-0\testhost.net47.exe,,,,,,11,,10592,NT AUTHORITY\SYSTEM,S-1-5-18,38:37.0,2.0,"<Event xmlns=""http://schemas.microsoft.com/win/2004/08/events/event"">
  <System>
    <Provider Name=""Microsoft-Windows-Sysmon"" Guid=""{5770385f-c22a-43e0-bf4c-06f5698ffbd9}""/>
    <EventID>11</EventID>
    <Version>2</Version>
    <Level>4</Level>
    <Task>11</Task>
    <Opcode>0</Opcode>
    <Keywords>0x8000000000000000</Keywords>
    <TimeCreated SystemTime=""2023-12-19T21:38:37.0132886Z""/>
    <EventRecordID>1275</EventRecordID>
    <Correlation/>
    <Execution ProcessID=""10484"" ThreadID=""10592""/>
    <Channel>Microsoft-Windows-Sysmon/Operational</Channel>
    <Computer>WinDev2309Eval</Computer>
    <Security UserID=""S-1-5-18""/>
  </System>
  <EventData>
    <Data Name=""RuleName"">EXE</Data>
    <Data Name=""UtcTime"">2023-12-19 21:38:37.004</Data>
    <Data Name=""ProcessGuid"">{f57bd86a-0d5c-6582-4505-000000000b00}</Data>
    <Data Name=""ProcessId"">2444</Data>
    <Data Name=""Image"">C:\Windows\Microsoft.NET\Framework64\v4.0.30319\mscorsvw.exe</Data>
    <Data Name=""TargetFilename"">C:\Windows\assembly\NativeImages_v4.0.30319_64\Temp\98c-0\testhost.net47.exe</Data>
    <Data Name=""CreationUtcTime"">2023-12-19 21:38:37.004</Data>
    <Data Name=""User"">NT AUTHORITY\SYSTEM</Data>
  </EventData>
</Event>
"
Microsoft-Windows-Sysmon/Operational,,,WinDev2309Eval,38:36.7,,,,,,,,,11,1274,,,,C:\Windows\Microsoft.NET\Framework64\v4.0.30319\mscorsvw.exe,,,0x8000000000000000,4,,,,,0,,,,,,,{f57bd86a-0d5c-6582-4305-000000000b00},10484,9300.0,,,,,,EXE,,,,,,,,,,,,,2023-12-19T21:38:36.6992136Z,C:\Windows\assembly\NativeImages_v4.0.30319_64\Temp\2454-0\testhost.exe,,,,,,11,,10592,NT AUTHORITY\SYSTEM,S-1-5-18,38:36.7,2.0,"<Event xmlns=""http://schemas.microsoft.com/win/2004/08/events/event"">
  <System>
    <Provider Name=""Microsoft-Windows-Sysmon"" Guid=""{5770385f-c22a-43e0-bf4c-06f5698ffbd9}""/>
    <EventID>11</EventID>
    <Version>2</Version>
    <Level>4</Level>
    <Task>11</Task>
    <Opcode>0</Opcode>
    <Keywords>0x8000000000000000</Keywords>
    <TimeCreated SystemTime=""2023-12-19T21:38:36.6992136Z""/>
    <EventRecordID>1274</EventRecordID>
    <Correlation/>
    <Execution ProcessID=""10484"" ThreadID=""10592""/>
    <Channel>Microsoft-Windows-Sysmon/Operational</Channel>
    <Computer>WinDev2309Eval</Computer>
    <Security UserID=""S-1-5-18""/>
  </System>
  <EventData>
    <Data Name=""RuleName"">EXE</Data>
    <Data Name=""UtcTime"">2023-12-19 21:38:36.691</Data>
    <Data Name=""ProcessGuid"">{f57bd86a-0d5c-6582-4305-000000000b00}</Data>
    <Data Name=""ProcessId"">9300</Data>
    <Data Name=""Image"">C:\Windows\Microsoft.NET\Framework64\v4.0.30319\mscorsvw.exe</Data>
    <Data Name=""TargetFilename"">C:\Windows\assembly\NativeImages_v4.0.30319_64\Temp\2454-0\testhost.exe</Data>
    <Data Name=""CreationUtcTime"">2023-12-19 21:38:36.691</Data>
    <Data Name=""User"">NT AUTHORITY\SYSTEM</Data>
  </EventData>
</Event>
"
Microsoft-Windows-Sysmon/Operational,,,WinDev2309Eval,38:36.0,,,,,,,,,11,1273,,,,C:\Windows\Microsoft.NET\Framework64\v4.0.30319\mscorsvw.exe,,,0x8000000000000000,4,,,,,0,,,,,,,{f57bd86a-0d59-6582-4105-000000000b00},10484,3192.0,,,,,,DLL,,,,,,,,,,,,,2023-12-19T21:38:35.9712698Z,C:\Windows\assembly\NativeImages_v4.0.30319_64\Temp\c78-0\Microsoft.VisualStudio.LanguageServices.TypeScript.dll,,,,,,11,,10592,NT AUTHORITY\SYSTEM,S-1-5-18,38:36.0,2.0,"<Event xmlns=""http://schemas.microsoft.com/win/2004/08/events/event"">
  <System>
    <Provider Name=""Microsoft-Windows-Sysmon"" Guid=""{5770385f-c22a-43e0-bf4c-06f5698ffbd9}""/>
    <EventID>11</EventID>
    <Version>2</Version>
    <Level>4</Level>
    <Task>11</Task>
    <Opcode>0</Opcode>
    <Keywords>0x8000000000000000</Keywords>
    <TimeCreated SystemTime=""2023-12-19T21:38:35.9712698Z""/>
    <EventRecordID>1273</EventRecordID>
    <Correlation/>
    <Execution ProcessID=""10484"" ThreadID=""10592""/>
    <Channel>Microsoft-Windows-Sysmon/Operational</Channel>
    <Computer>WinDev2309Eval</Computer>
    <Security UserID=""S-1-5-18""/>
  </System>
  <EventData>
    <Data Name=""RuleName"">DLL</Data>
    <Data Name=""UtcTime"">2023-12-19 21:38:35.970</Data>
    <Data Name=""ProcessGuid"">{f57bd86a-0d59-6582-4105-000000000b00}</Data>
    <Data Name=""ProcessId"">3192</Data>
    <Data Name=""Image"">C:\Windows\Microsoft.NET\Framework64\v4.0.30319\mscorsvw.exe</Data>
    <Data Name=""TargetFilename"">C:\Windows\assembly\NativeImages_v4.0.30319_64\Temp\c78-0\Microsoft.VisualStudio.LanguageServices.TypeScript.dll</Data>
    <Data Name=""CreationUtcTime"">2023-12-19 21:38:35.970</Data>
    <Data Name=""User"">NT AUTHORITY\SYSTEM</Data>
  </EventData>
</Event>
"
Microsoft-Windows-Sysmon/Operational,,,WinDev2309Eval,38:32.3,,,,,,,,,11,1272,,,,C:\Windows\Microsoft.NET\Framework64\v4.0.30319\mscorsvw.exe,,,0x8000000000000000,4,,,,,0,,,,,,,{f57bd86a-0d51-6582-3f05-000000000b00},10484,12316.0,,,,,,DLL,,,,,,,,,,,,,2023-12-19T21:38:32.3270480Z,C:\Windows\assembly\NativeImages_v4.0.30319_64\Temp\301c-0\Microsoft.CodeAnalysis.TypeScript.EditorFeatures.dll,,,,,,11,,10592,NT AUTHORITY\SYSTEM,S-1-5-18,38:32.3,2.0,"<Event xmlns=""http://schemas.microsoft.com/win/2004/08/events/event"">
  <System>
    <Provider Name=""Microsoft-Windows-Sysmon"" Guid=""{5770385f-c22a-43e0-bf4c-06f5698ffbd9}""/>
    <EventID>11</EventID>
    <Version>2</Version>
    <Level>4</Level>
    <Task>11</Task>
    <Opcode>0</Opcode>
    <Keywords>0x8000000000000000</Keywords>
    <TimeCreated SystemTime=""2023-12-19T21:38:32.3270480Z""/>
    <EventRecordID>1272</EventRecordID>
    <Correlation/>
    <Execution ProcessID=""10484"" ThreadID=""10592""/>
    <Channel>Microsoft-Windows-Sysmon/Operational</Channel>
    <Computer>WinDev2309Eval</Computer>
    <Security UserID=""S-1-5-18""/>
  </System>
  <EventData>
    <Data Name=""RuleName"">DLL</Data>
    <Data Name=""UtcTime"">2023-12-19 21:38:32.323</Data>
    <Data Name=""ProcessGuid"">{f57bd86a-0d51-6582-3f05-000000000b00}</Data>
    <Data Name=""ProcessId"">12316</Data>
    <Data Name=""Image"">C:\Windows\Microsoft.NET\Framework64\v4.0.30319\mscorsvw.exe</Data>
    <Data Name=""TargetFilename"">C:\Windows\assembly\NativeImages_v4.0.30319_64\Temp\301c-0\Microsoft.CodeAnalysis.TypeScript.EditorFeatures.dll</Data>
    <Data Name=""CreationUtcTime"">2023-12-19 21:38:32.323</Data>
    <Data Name=""User"">NT AUTHORITY\SYSTEM</Data>
  </EventData>
</Event>
"
Microsoft-Windows-Sysmon/Operational,,,WinDev2309Eval,38:24.8,,,,,,,,,11,1271,,,,C:\Windows\Microsoft.NET\Framework64\v4.0.30319\mscorsvw.exe,,,0x8000000000000000,4,,,,,0,,,,,,,{f57bd86a-0d50-6582-3d05-000000000b00},10484,3444.0,,,,,,DLL,,,,,,,,,,,,,2023-12-19T21:38:24.7830958Z,C:\Windows\assembly\NativeImages_v4.0.30319_64\Temp\d74-0\Microsoft.CodeAnalysis.TypeScript.EditorFeatures.CodeLens.dll,,,,,,11,,10592,NT AUTHORITY\SYSTEM,S-1-5-18,38:24.8,2.0,"<Event xmlns=""http://schemas.microsoft.com/win/2004/08/events/event"">
  <System>
    <Provider Name=""Microsoft-Windows-Sysmon"" Guid=""{5770385f-c22a-43e0-bf4c-06f5698ffbd9}""/>
    <EventID>11</EventID>
    <Version>2</Version>
    <Level>4</Level>
    <Task>11</Task>
    <Opcode>0</Opcode>
    <Keywords>0x8000000000000000</Keywords>
    <TimeCreated SystemTime=""2023-12-19T21:38:24.7830958Z""/>
    <EventRecordID>1271</EventRecordID>
    <Correlation/>
    <Execution ProcessID=""10484"" ThreadID=""10592""/>
    <Channel>Microsoft-Windows-Sysmon/Operational</Channel>
    <Computer>WinDev2309Eval</Computer>
    <Security UserID=""S-1-5-18""/>
  </System>
  <EventData>
    <Data Name=""RuleName"">DLL</Data>
    <Data Name=""UtcTime"">2023-12-19 21:38:24.770</Data>
    <Data Name=""ProcessGuid"">{f57bd86a-0d50-6582-3d05-000000000b00}</Data>
    <Data Name=""ProcessId"">3444</Data>
    <Data Name=""Image"">C:\Windows\Microsoft.NET\Framework64\v4.0.30319\mscorsvw.exe</Data>
    <Data Name=""TargetFilename"">C:\Windows\assembly\NativeImages_v4.0.30319_64\Temp\d74-0\Microsoft.CodeAnalysis.TypeScript.EditorFeatures.CodeLens.dll</Data>
    <Data Name=""CreationUtcTime"">2023-12-19 21:38:24.770</Data>
    <Data Name=""User"">NT AUTHORITY\SYSTEM</Data>
  </EventData>
</Event>
"
Microsoft-Windows-Sysmon/Operational,,,WinDev2309Eval,38:24.3,,,,,,,,,11,1270,,,,C:\Windows\Microsoft.NET\Framework64\v4.0.30319\mscorsvw.exe,,,0x8000000000000000,4,,,,,0,,,,,,,{f57bd86a-0d4f-6582-3b05-000000000b00},10484,7664.0,,,,,,DLL,,,,,,,,,,,,,2023-12-19T21:38:24.2962488Z,C:\Windows\assembly\NativeImages_v4.0.30319_64\Temp\1df0-0\Microsoft.VisualStudio.TextMate.VSWindows.dll,,,,,,11,,10592,NT AUTHORITY\SYSTEM,S-1-5-18,38:24.3,2.0,"<Event xmlns=""http://schemas.microsoft.com/win/2004/08/events/event"">
  <System>
    <Provider Name=""Microsoft-Windows-Sysmon"" Guid=""{5770385f-c22a-43e0-bf4c-06f5698ffbd9}""/>
    <EventID>11</EventID>
    <Version>2</Version>
    <Level>4</Level>
    <Task>11</Task>
    <Opcode>0</Opcode>
    <Keywords>0x8000000000000000</Keywords>
    <TimeCreated SystemTime=""2023-12-19T21:38:24.2962488Z""/>
    <EventRecordID>1270</EventRecordID>
    <Correlation/>
    <Execution ProcessID=""10484"" ThreadID=""10592""/>
    <Channel>Microsoft-Windows-Sysmon/Operational</Channel>
    <Computer>WinDev2309Eval</Computer>
    <Security UserID=""S-1-5-18""/>
  </System>
  <EventData>
    <Data Name=""RuleName"">DLL</Data>
    <Data Name=""UtcTime"">2023-12-19 21:38:24.285</Data>
    <Data Name=""ProcessGuid"">{f57bd86a-0d4f-6582-3b05-000000000b00}</Data>
    <Data Name=""ProcessId"">7664</Data>
    <Data Name=""Image"">C:\Windows\Microsoft.NET\Framework64\v4.0.30319\mscorsvw.exe</Data>
    <Data Name=""TargetFilename"">C:\Windows\assembly\NativeImages_v4.0.30319_64\Temp\1df0-0\Microsoft.VisualStudio.TextMate.VSWindows.dll</Data>
    <Data Name=""CreationUtcTime"">2023-12-19 21:38:24.285</Data>
    <Data Name=""User"">NT AUTHORITY\SYSTEM</Data>
  </EventData>
</Event>
"
Microsoft-Windows-Sysmon/Operational,,,WinDev2309Eval,38:23.4,,,,,,,,,11,1269,,,,C:\Windows\Microsoft.NET\Framework64\v4.0.30319\mscorsvw.exe,,,0x8000000000000000,4,,,,,0,,,,,,,{f57bd86a-0d4e-6582-3905-000000000b00},10484,4792.0,,,,,,DLL,,,,,,,,,,,,,2023-12-19T21:38:23.4240090Z,C:\Windows\assembly\NativeImages_v4.0.30319_64\Temp\12b8-0\Microsoft.VisualStudio.TextMate.Core.dll,,,,,,11,,10592,NT AUTHORITY\SYSTEM,S-1-5-18,38:23.4,2.0,"<Event xmlns=""http://schemas.microsoft.com/win/2004/08/events/event"">
  <System>
    <Provider Name=""Microsoft-Windows-Sysmon"" Guid=""{5770385f-c22a-43e0-bf4c-06f5698ffbd9}""/>
    <EventID>11</EventID>
    <Version>2</Version>
    <Level>4</Level>
    <Task>11</Task>
    <Opcode>0</Opcode>
    <Keywords>0x8000000000000000</Keywords>
    <TimeCreated SystemTime=""2023-12-19T21:38:23.4240090Z""/>
    <EventRecordID>1269</EventRecordID>
    <Correlation/>
    <Execution ProcessID=""10484"" ThreadID=""10592""/>
    <Channel>Microsoft-Windows-Sysmon/Operational</Channel>
    <Computer>WinDev2309Eval</Computer>
    <Security UserID=""S-1-5-18""/>
  </System>
  <EventData>
    <Data Name=""RuleName"">DLL</Data>
    <Data Name=""UtcTime"">2023-12-19 21:38:23.422</Data>
    <Data Name=""ProcessGuid"">{f57bd86a-0d4e-6582-3905-000000000b00}</Data>
    <Data Name=""ProcessId"">4792</Data>
    <Data Name=""Image"">C:\Windows\Microsoft.NET\Framework64\v4.0.30319\mscorsvw.exe</Data>
    <Data Name=""TargetFilename"">C:\Windows\assembly\NativeImages_v4.0.30319_64\Temp\12b8-0\Microsoft.VisualStudio.TextMate.Core.dll</Data>
    <Data Name=""CreationUtcTime"">2023-12-19 21:38:23.422</Data>
    <Data Name=""User"">NT AUTHORITY\SYSTEM</Data>
  </EventData>
</Event>
"
Microsoft-Windows-Sysmon/Operational,,,WinDev2309Eval,38:22.1,,,,,,,,,11,1268,,,,C:\Windows\Microsoft.NET\Framework64\v4.0.30319\mscorsvw.exe,,,0x8000000000000000,4,,,,,0,,,,,,,{f57bd86a-0d4d-6582-3705-000000000b00},10484,7924.0,,,,,,DLL,,,,,,,,,,,,,2023-12-19T21:38:22.0755560Z,C:\Windows\assembly\NativeImages_v4.0.30319_64\Temp\1ef4-0\Pty.Net.dll,,,,,,11,,10592,NT AUTHORITY\SYSTEM,S-1-5-18,38:22.1,2.0,"<Event xmlns=""http://schemas.microsoft.com/win/2004/08/events/event"">
  <System>
    <Provider Name=""Microsoft-Windows-Sysmon"" Guid=""{5770385f-c22a-43e0-bf4c-06f5698ffbd9}""/>
    <EventID>11</EventID>
    <Version>2</Version>
    <Level>4</Level>
    <Task>11</Task>
    <Opcode>0</Opcode>
    <Keywords>0x8000000000000000</Keywords>
    <TimeCreated SystemTime=""2023-12-19T21:38:22.0755560Z""/>
    <EventRecordID>1268</EventRecordID>
    <Correlation/>
    <Execution ProcessID=""10484"" ThreadID=""10592""/>
    <Channel>Microsoft-Windows-Sysmon/Operational</Channel>
    <Computer>WinDev2309Eval</Computer>
    <Security UserID=""S-1-5-18""/>
  </System>
  <EventData>
    <Data Name=""RuleName"">DLL</Data>
    <Data Name=""UtcTime"">2023-12-19 21:38:22.063</Data>
    <Data Name=""ProcessGuid"">{f57bd86a-0d4d-6582-3705-000000000b00}</Data>
    <Data Name=""ProcessId"">7924</Data>
    <Data Name=""Image"">C:\Windows\Microsoft.NET\Framework64\v4.0.30319\mscorsvw.exe</Data>
    <Data Name=""TargetFilename"">C:\Windows\assembly\NativeImages_v4.0.30319_64\Temp\1ef4-0\Pty.Net.dll</Data>
    <Data Name=""CreationUtcTime"">2023-12-19 21:38:22.063</Data>
    <Data Name=""User"">NT AUTHORITY\SYSTEM</Data>
  </EventData>
</Event>
"
Microsoft-Windows-Sysmon/Operational,,,WinDev2309Eval,38:21.8,,,,,,,,,11,1267,,,,C:\Windows\Microsoft.NET\Framework64\v4.0.30319\mscorsvw.exe,,,0x8000000000000000,4,,,,,0,,,,,,,{f57bd86a-0d4d-6582-3505-000000000b00},10484,10980.0,,,,,,DLL,,,,,,,,,,,,,2023-12-19T21:38:21.7687213Z,C:\Windows\assembly\NativeImages_v4.0.30319_64\Temp\2ae4-0\Microsoft.VisualStudio.Terminal.ServiceHub.dll,,,,,,11,,10592,NT AUTHORITY\SYSTEM,S-1-5-18,38:21.8,2.0,"<Event xmlns=""http://schemas.microsoft.com/win/2004/08/events/event"">
  <System>
    <Provider Name=""Microsoft-Windows-Sysmon"" Guid=""{5770385f-c22a-43e0-bf4c-06f5698ffbd9}""/>
    <EventID>11</EventID>
    <Version>2</Version>
    <Level>4</Level>
    <Task>11</Task>
    <Opcode>0</Opcode>
    <Keywords>0x8000000000000000</Keywords>
    <TimeCreated SystemTime=""2023-12-19T21:38:21.7687213Z""/>
    <EventRecordID>1267</EventRecordID>
    <Correlation/>
    <Execution ProcessID=""10484"" ThreadID=""10592""/>
    <Channel>Microsoft-Windows-Sysmon/Operational</Channel>
    <Computer>WinDev2309Eval</Computer>
    <Security UserID=""S-1-5-18""/>
  </System>
  <EventData>
    <Data Name=""RuleName"">DLL</Data>
    <Data Name=""UtcTime"">2023-12-19 21:38:21.766</Data>
    <Data Name=""ProcessGuid"">{f57bd86a-0d4d-6582-3505-000000000b00}</Data>
    <Data Name=""ProcessId"">10980</Data>
    <Data Name=""Image"">C:\Windows\Microsoft.NET\Framework64\v4.0.30319\mscorsvw.exe</Data>
    <Data Name=""TargetFilename"">C:\Windows\assembly\NativeImages_v4.0.30319_64\Temp\2ae4-0\Microsoft.VisualStudio.Terminal.ServiceHub.dll</Data>
    <Data Name=""CreationUtcTime"">2023-12-19 21:38:21.766</Data>
    <Data Name=""User"">NT AUTHORITY\SYSTEM</Data>
  </EventData>
</Event>
"
Microsoft-Windows-Sysmon/Operational,,,WinDev2309Eval,38:21.3,,,,,,,,,11,1266,,,,C:\Windows\Microsoft.NET\Framework64\v4.0.30319\mscorsvw.exe,,,0x8000000000000000,4,,,,,0,,,,,,,{f57bd86a-0d4c-6582-3305-000000000b00},10484,9548.0,,,,,,DLL,,,,,,,,,,,,,2023-12-19T21:38:21.2927408Z,C:\Windows\assembly\NativeImages_v4.0.30319_64\Temp\254c-0\Microsoft.VisualStudio.Terminal.Implementation.dll,,,,,,11,,10592,NT AUTHORITY\SYSTEM,S-1-5-18,38:21.3,2.0,"<Event xmlns=""http://schemas.microsoft.com/win/2004/08/events/event"">
  <System>
    <Provider Name=""Microsoft-Windows-Sysmon"" Guid=""{5770385f-c22a-43e0-bf4c-06f5698ffbd9}""/>
    <EventID>11</EventID>
    <Version>2</Version>
    <Level>4</Level>
    <Task>11</Task>
    <Opcode>0</Opcode>
    <Keywords>0x8000000000000000</Keywords>
    <TimeCreated SystemTime=""2023-12-19T21:38:21.2927408Z""/>
    <EventRecordID>1266</EventRecordID>
    <Correlation/>
    <Execution ProcessID=""10484"" ThreadID=""10592""/>
    <Channel>Microsoft-Windows-Sysmon/Operational</Channel>
    <Computer>WinDev2309Eval</Computer>
    <Security UserID=""S-1-5-18""/>
  </System>
  <EventData>
    <Data Name=""RuleName"">DLL</Data>
    <Data Name=""UtcTime"">2023-12-19 21:38:21.282</Data>
    <Data Name=""ProcessGuid"">{f57bd86a-0d4c-6582-3305-000000000b00}</Data>
    <Data Name=""ProcessId"">9548</Data>
    <Data Name=""Image"">C:\Windows\Microsoft.NET\Framework64\v4.0.30319\mscorsvw.exe</Data>
    <Data Name=""TargetFilename"">C:\Windows\assembly\NativeImages_v4.0.30319_64\Temp\254c-0\Microsoft.VisualStudio.Terminal.Implementation.dll</Data>
    <Data Name=""CreationUtcTime"">2023-12-19 21:38:21.282</Data>
    <Data Name=""User"">NT AUTHORITY\SYSTEM</Data>
  </EventData>
</Event>
"
Microsoft-Windows-Sysmon/Operational,,,WinDev2309Eval,38:20.1,,,,,,,,,11,1265,,,,C:\Windows\Microsoft.NET\Framework64\v4.0.30319\mscorsvw.exe,,,0x8000000000000000,4,,,,,0,,,,,,,{f57bd86a-0d4c-6582-3105-000000000b00},10484,4072.0,,,,,,DLL,,,,,,,,,,,,,2023-12-19T21:38:20.1469009Z,C:\Windows\assembly\NativeImages_v4.0.30319_64\Temp\fe8-0\Microsoft.VisualStudio.Terminal.dll,,,,,,11,,10592,NT AUTHORITY\SYSTEM,S-1-5-18,38:20.1,2.0,"<Event xmlns=""http://schemas.microsoft.com/win/2004/08/events/event"">
  <System>
    <Provider Name=""Microsoft-Windows-Sysmon"" Guid=""{5770385f-c22a-43e0-bf4c-06f5698ffbd9}""/>
    <EventID>11</EventID>
    <Version>2</Version>
    <Level>4</Level>
    <Task>11</Task>
    <Opcode>0</Opcode>
    <Keywords>0x8000000000000000</Keywords>
    <TimeCreated SystemTime=""2023-12-19T21:38:20.1469009Z""/>
    <EventRecordID>1265</EventRecordID>
    <Correlation/>
    <Execution ProcessID=""10484"" ThreadID=""10592""/>
    <Channel>Microsoft-Windows-Sysmon/Operational</Channel>
    <Computer>WinDev2309Eval</Computer>
    <Security UserID=""S-1-5-18""/>
  </System>
  <EventData>
    <Data Name=""RuleName"">DLL</Data>
    <Data Name=""UtcTime"">2023-12-19 21:38:20.141</Data>
    <Data Name=""ProcessGuid"">{f57bd86a-0d4c-6582-3105-000000000b00}</Data>
    <Data Name=""ProcessId"">4072</Data>
    <Data Name=""Image"">C:\Windows\Microsoft.NET\Framework64\v4.0.30319\mscorsvw.exe</Data>
    <Data Name=""TargetFilename"">C:\Windows\assembly\NativeImages_v4.0.30319_64\Temp\fe8-0\Microsoft.VisualStudio.Terminal.dll</Data>
    <Data Name=""CreationUtcTime"">2023-12-19 21:38:20.141</Data>
    <Data Name=""User"">NT AUTHORITY\SYSTEM</Data>
  </EventData>
</Event>
"
Microsoft-Windows-Sysmon/Operational,,,WinDev2309Eval,38:19.8,,,,,,,,,11,1264,,,,C:\Windows\Microsoft.NET\Framework64\v4.0.30319\mscorsvw.exe,,,0x8000000000000000,4,,,,,0,,,,,,,{f57bd86a-0d49-6582-2f05-000000000b00},10484,5612.0,,,,,,DLL,,,,,,,,,,,,,2023-12-19T21:38:19.8426062Z,C:\Windows\assembly\NativeImages_v4.0.30319_64\Temp\15ec-0\Microsoft.ServiceHub.Client.dll,,,,,,11,,10592,NT AUTHORITY\SYSTEM,S-1-5-18,38:19.8,2.0,"<Event xmlns=""http://schemas.microsoft.com/win/2004/08/events/event"">
  <System>
    <Provider Name=""Microsoft-Windows-Sysmon"" Guid=""{5770385f-c22a-43e0-bf4c-06f5698ffbd9}""/>
    <EventID>11</EventID>
    <Version>2</Version>
    <Level>4</Level>
    <Task>11</Task>
    <Opcode>0</Opcode>
    <Keywords>0x8000000000000000</Keywords>
    <TimeCreated SystemTime=""2023-12-19T21:38:19.8426062Z""/>
    <EventRecordID>1264</EventRecordID>
    <Correlation/>
    <Execution ProcessID=""10484"" ThreadID=""10592""/>
    <Channel>Microsoft-Windows-Sysmon/Operational</Channel>
    <Computer>WinDev2309Eval</Computer>
    <Security UserID=""S-1-5-18""/>
  </System>
  <EventData>
    <Data Name=""RuleName"">DLL</Data>
    <Data Name=""UtcTime"">2023-12-19 21:38:19.829</Data>
    <Data Name=""ProcessGuid"">{f57bd86a-0d49-6582-2f05-000000000b00}</Data>
    <Data Name=""ProcessId"">5612</Data>
    <Data Name=""Image"">C:\Windows\Microsoft.NET\Framework64\v4.0.30319\mscorsvw.exe</Data>
    <Data Name=""TargetFilename"">C:\Windows\assembly\NativeImages_v4.0.30319_64\Temp\15ec-0\Microsoft.ServiceHub.Client.dll</Data>
    <Data Name=""CreationUtcTime"">2023-12-19 21:38:19.829</Data>
    <Data Name=""User"">NT AUTHORITY\SYSTEM</Data>
  </EventData>
</Event>
"
Microsoft-Windows-Sysmon/Operational,,,WinDev2309Eval,38:17.7,,,,,,,,,11,1263,,,,C:\Windows\Microsoft.NET\Framework64\v4.0.30319\mscorsvw.exe,,,0x8000000000000000,4,,,,,0,,,,,,,{f57bd86a-0d49-6582-2d05-000000000b00},10484,12164.0,,,,,,EXE,,,,,,,,,,,,,2023-12-19T21:38:17.7201375Z,C:\Windows\assembly\NativeImages_v4.0.30319_64\Temp\2f84-0\fsiAnyCpu.exe,,,,,,11,,10592,NT AUTHORITY\SYSTEM,S-1-5-18,38:17.7,2.0,"<Event xmlns=""http://schemas.microsoft.com/win/2004/08/events/event"">
  <System>
    <Provider Name=""Microsoft-Windows-Sysmon"" Guid=""{5770385f-c22a-43e0-bf4c-06f5698ffbd9}""/>
    <EventID>11</EventID>
    <Version>2</Version>
    <Level>4</Level>
    <Task>11</Task>
    <Opcode>0</Opcode>
    <Keywords>0x8000000000000000</Keywords>
    <TimeCreated SystemTime=""2023-12-19T21:38:17.7201375Z""/>
    <EventRecordID>1263</EventRecordID>
    <Correlation/>
    <Execution ProcessID=""10484"" ThreadID=""10592""/>
    <Channel>Microsoft-Windows-Sysmon/Operational</Channel>
    <Computer>WinDev2309Eval</Computer>
    <Security UserID=""S-1-5-18""/>
  </System>
  <EventData>
    <Data Name=""RuleName"">EXE</Data>
    <Data Name=""UtcTime"">2023-12-19 21:38:17.718</Data>
    <Data Name=""ProcessGuid"">{f57bd86a-0d49-6582-2d05-000000000b00}</Data>
    <Data Name=""ProcessId"">12164</Data>
    <Data Name=""Image"">C:\Windows\Microsoft.NET\Framework64\v4.0.30319\mscorsvw.exe</Data>
    <Data Name=""TargetFilename"">C:\Windows\assembly\NativeImages_v4.0.30319_64\Temp\2f84-0\fsiAnyCpu.exe</Data>
    <Data Name=""CreationUtcTime"">2023-12-19 21:38:17.718</Data>
    <Data Name=""User"">NT AUTHORITY\SYSTEM</Data>
  </EventData>
</Event>
"
Microsoft-Windows-Sysmon/Operational,,,WinDev2309Eval,38:17.2,,,,,,,,,11,1262,,,,C:\Windows\Microsoft.NET\Framework64\v4.0.30319\mscorsvw.exe,,,0x8000000000000000,4,,,,,0,,,,,,,{f57bd86a-0d49-6582-2b05-000000000b00},10484,1132.0,,,,,,DLL,,,,,,,,,,,,,2023-12-19T21:38:17.2220967Z,C:\Windows\assembly\NativeImages_v4.0.30319_64\Temp\46c-0\FSharp.DependencyManager.Nuget.dll,,,,,,11,,10592,NT AUTHORITY\SYSTEM,S-1-5-18,38:17.2,2.0,"<Event xmlns=""http://schemas.microsoft.com/win/2004/08/events/event"">
  <System>
    <Provider Name=""Microsoft-Windows-Sysmon"" Guid=""{5770385f-c22a-43e0-bf4c-06f5698ffbd9}""/>
    <EventID>11</EventID>
    <Version>2</Version>
    <Level>4</Level>
    <Task>11</Task>
    <Opcode>0</Opcode>
    <Keywords>0x8000000000000000</Keywords>
    <TimeCreated SystemTime=""2023-12-19T21:38:17.2220967Z""/>
    <EventRecordID>1262</EventRecordID>
    <Correlation/>
    <Execution ProcessID=""10484"" ThreadID=""10592""/>
    <Channel>Microsoft-Windows-Sysmon/Operational</Channel>
    <Computer>WinDev2309Eval</Computer>
    <Security UserID=""S-1-5-18""/>
  </System>
  <EventData>
    <Data Name=""RuleName"">DLL</Data>
    <Data Name=""UtcTime"">2023-12-19 21:38:17.218</Data>
    <Data Name=""ProcessGuid"">{f57bd86a-0d49-6582-2b05-000000000b00}</Data>
    <Data Name=""ProcessId"">1132</Data>
    <Data Name=""Image"">C:\Windows\Microsoft.NET\Framework64\v4.0.30319\mscorsvw.exe</Data>
    <Data Name=""TargetFilename"">C:\Windows\assembly\NativeImages_v4.0.30319_64\Temp\46c-0\FSharp.DependencyManager.Nuget.dll</Data>
    <Data Name=""CreationUtcTime"">2023-12-19 21:38:17.218</Data>
    <Data Name=""User"">NT AUTHORITY\SYSTEM</Data>
  </EventData>
</Event>
"
