Channel,CommandLine,Company,Computer,CreationUtcTime,CurrentDirectory,Description,DestinationHostname,DestinationIp,DestinationIsIpv6,DestinationPort,DestinationPortName,Details,EventID,EventRecordID,EventType,FileVersion,Hashes,Image,Initiated,IntegrityLevel,Keywords,Level,LogonGuid,LogonId,Message,NewThreadId,Opcode,OriginalFileName,ParentCommandLine,ParentImage,ParentProcessGuid,ParentProcessId,ParentUser,ProcessGuid,ProcessID,ProcessId,Product,Protocol,QueryName,QueryResults,QueryStatus,RuleName,SourceHostname,SourceImage,SourceIp,SourceIsIpv6,SourcePort,SourcePortName,SourceProcessGuid,SourceProcessId,SourceUser,StartAddress,StartFunction,StartModule,SystemTime,TargetFilename,TargetImage,TargetObject,TargetProcessGuid,TargetProcessId,TargetUser,Task,TerminalSessionId,ThreadID,User,UserID,UtcTime,Version,raw
Microsoft-Windows-Sysmon/Operational,,,WinDev2309Eval,,,,,,,,,10.0.22621.2506,13,4429,SetValue,,,C:\Windows\System32\svchost.exe,,,0x8000000000000000,4,,,,,0,,,,,,,{f57bd86a-1cf4-6582-3f00-000000000d00},3400,2996.0,,,,,,InvDB-Ver,,,,,,,,,,,,,2023-12-19T22:45:15.0191608Z,,,\REGISTRY\A\{b04f0fcd-4760-ab9f-95ce-9b12c47065d5}\Root\InventoryApplicationFile\wermgr.exe|ae5df027a4ca83dd\BinProductVersion,,,,13,,4208,NT AUTHORITY\SYSTEM,S-1-5-18,45:15.0,2.0,"<Event xmlns=""http://schemas.microsoft.com/win/2004/08/events/event"">
  <System>
    <Provider Name=""Microsoft-Windows-Sysmon"" Guid=""{5770385f-c22a-43e0-bf4c-06f5698ffbd9}""/>
    <EventID>13</EventID>
    <Version>2</Version>
    <Level>4</Level>
    <Task>13</Task>
    <Opcode>0</Opcode>
    <Keywords>0x8000000000000000</Keywords>
    <TimeCreated SystemTime=""2023-12-19T22:45:15.0191608Z""/>
    <EventRecordID>4429</EventRecordID>
    <Correlation/>
    <Execution ProcessID=""3400"" ThreadID=""4208""/>
    <Channel>Microsoft-Windows-Sysmon/Operational</Channel>
    <Computer>WinDev2309Eval</Computer>
    <Security UserID=""S-1-5-18""/>
  </System>
  <EventData>
    <Data Name=""RuleName"">InvDB-Ver</Data>
    <Data Name=""EventType"">SetValue</Data>
    <Data Name=""UtcTime"">2023-12-19 22:45:15.001</Data>
    <Data Name=""ProcessGuid"">{f57bd86a-1cf4-6582-3f00-000000000d00}</Data>
    <Data Name=""ProcessId"">2996</Data>
    <Data Name=""Image"">C:\Windows\System32\svchost.exe</Data>
    <Data Name=""TargetObject"">\REGISTRY\A\{b04f0fcd-4760-ab9f-95ce-9b12c47065d5}\Root\InventoryApplicationFile\wermgr.exe|ae5df027a4ca83dd\BinProductVersion</Data>
    <Data Name=""Details"">10.0.22621.2506</Data>
    <Data Name=""User"">NT AUTHORITY\SYSTEM</Data>
  </EventData>
</Event>
"
Microsoft-Windows-Sysmon/Operational,,,WinDev2309Eval,,,,,,,,,2/26/2068 23:10,13,4428,SetValue,,,C:\Windows\System32\svchost.exe,,,0x8000000000000000,4,,,,,0,,,,,,,{f57bd86a-1cf4-6582-3f00-000000000d00},3400,2996.0,,,,,,InvDB-CompileTimeClaim,,,,,,,,,,,,,2023-12-19T22:45:15.0190995Z,,,\REGISTRY\A\{b04f0fcd-4760-ab9f-95ce-9b12c47065d5}\Root\InventoryApplicationFile\wermgr.exe|ae5df027a4ca83dd\LinkDate,,,,13,,4208,NT AUTHORITY\SYSTEM,S-1-5-18,45:15.0,2.0,"<Event xmlns=""http://schemas.microsoft.com/win/2004/08/events/event"">
  <System>
    <Provider Name=""Microsoft-Windows-Sysmon"" Guid=""{5770385f-c22a-43e0-bf4c-06f5698ffbd9}""/>
    <EventID>13</EventID>
    <Version>2</Version>
    <Level>4</Level>
    <Task>13</Task>
    <Opcode>0</Opcode>
    <Keywords>0x8000000000000000</Keywords>
    <TimeCreated SystemTime=""2023-12-19T22:45:15.0190995Z""/>
    <EventRecordID>4428</EventRecordID>
    <Correlation/>
    <Execution ProcessID=""3400"" ThreadID=""4208""/>
    <Channel>Microsoft-Windows-Sysmon/Operational</Channel>
    <Computer>WinDev2309Eval</Computer>
    <Security UserID=""S-1-5-18""/>
  </System>
  <EventData>
    <Data Name=""RuleName"">InvDB-CompileTimeClaim</Data>
    <Data Name=""EventType"">SetValue</Data>
    <Data Name=""UtcTime"">2023-12-19 22:45:15.001</Data>
    <Data Name=""ProcessGuid"">{f57bd86a-1cf4-6582-3f00-000000000d00}</Data>
    <Data Name=""ProcessId"">2996</Data>
    <Data Name=""Image"">C:\Windows\System32\svchost.exe</Data>
    <Data Name=""TargetObject"">\REGISTRY\A\{b04f0fcd-4760-ab9f-95ce-9b12c47065d5}\Root\InventoryApplicationFile\wermgr.exe|ae5df027a4ca83dd\LinkDate</Data>
    <Data Name=""Details"">02/26/2068 23:10:36</Data>
    <Data Name=""User"">NT AUTHORITY\SYSTEM</Data>
  </EventData>
</Event>
"
Microsoft-Windows-Sysmon/Operational,,,WinDev2309Eval,,,,,,,,,microsoft corporation,13,4427,SetValue,,,C:\Windows\System32\svchost.exe,,,0x8000000000000000,4,,,,,0,,,,,,,{f57bd86a-1cf4-6582-3f00-000000000d00},3400,2996.0,,,,,,InvDB-Pub,,,,,,,,,,,,,2023-12-19T22:45:15.0186775Z,,,\REGISTRY\A\{b04f0fcd-4760-ab9f-95ce-9b12c47065d5}\Root\InventoryApplicationFile\wermgr.exe|ae5df027a4ca83dd\Publisher,,,,13,,4208,NT AUTHORITY\SYSTEM,S-1-5-18,45:15.0,2.0,"<Event xmlns=""http://schemas.microsoft.com/win/2004/08/events/event"">
  <System>
    <Provider Name=""Microsoft-Windows-Sysmon"" Guid=""{5770385f-c22a-43e0-bf4c-06f5698ffbd9}""/>
    <EventID>13</EventID>
    <Version>2</Version>
    <Level>4</Level>
    <Task>13</Task>
    <Opcode>0</Opcode>
    <Keywords>0x8000000000000000</Keywords>
    <TimeCreated SystemTime=""2023-12-19T22:45:15.0186775Z""/>
    <EventRecordID>4427</EventRecordID>
    <Correlation/>
    <Execution ProcessID=""3400"" ThreadID=""4208""/>
    <Channel>Microsoft-Windows-Sysmon/Operational</Channel>
    <Computer>WinDev2309Eval</Computer>
    <Security UserID=""S-1-5-18""/>
  </System>
  <EventData>
    <Data Name=""RuleName"">InvDB-Pub</Data>
    <Data Name=""EventType"">SetValue</Data>
    <Data Name=""UtcTime"">2023-12-19 22:45:15.001</Data>
    <Data Name=""ProcessGuid"">{f57bd86a-1cf4-6582-3f00-000000000d00}</Data>
    <Data Name=""ProcessId"">2996</Data>
    <Data Name=""Image"">C:\Windows\System32\svchost.exe</Data>
    <Data Name=""TargetObject"">\REGISTRY\A\{b04f0fcd-4760-ab9f-95ce-9b12c47065d5}\Root\InventoryApplicationFile\wermgr.exe|ae5df027a4ca83dd\Publisher</Data>
    <Data Name=""Details"">microsoft corporation</Data>
    <Data Name=""User"">NT AUTHORITY\SYSTEM</Data>
  </EventData>
</Event>
"
Microsoft-Windows-Sysmon/Operational,,,WinDev2309Eval,,,,,,,,,c:\windows\system32\wermgr.exe,13,4426,SetValue,,,C:\Windows\System32\svchost.exe,,,0x8000000000000000,4,,,,,0,,,,,,,{f57bd86a-1cf4-6582-3f00-000000000d00},3400,2996.0,,,,,,InvDB-Path,,,,,,,,,,,,,2023-12-19T22:45:15.0184238Z,,,\REGISTRY\A\{b04f0fcd-4760-ab9f-95ce-9b12c47065d5}\Root\InventoryApplicationFile\wermgr.exe|ae5df027a4ca83dd\LowerCaseLongPath,,,,13,,4208,NT AUTHORITY\SYSTEM,S-1-5-18,45:15.0,2.0,"<Event xmlns=""http://schemas.microsoft.com/win/2004/08/events/event"">
  <System>
    <Provider Name=""Microsoft-Windows-Sysmon"" Guid=""{5770385f-c22a-43e0-bf4c-06f5698ffbd9}""/>
    <EventID>13</EventID>
    <Version>2</Version>
    <Level>4</Level>
    <Task>13</Task>
    <Opcode>0</Opcode>
    <Keywords>0x8000000000000000</Keywords>
    <TimeCreated SystemTime=""2023-12-19T22:45:15.0184238Z""/>
    <EventRecordID>4426</EventRecordID>
    <Correlation/>
    <Execution ProcessID=""3400"" ThreadID=""4208""/>
    <Channel>Microsoft-Windows-Sysmon/Operational</Channel>
    <Computer>WinDev2309Eval</Computer>
    <Security UserID=""S-1-5-18""/>
  </System>
  <EventData>
    <Data Name=""RuleName"">InvDB-Path</Data>
    <Data Name=""EventType"">SetValue</Data>
    <Data Name=""UtcTime"">2023-12-19 22:45:15.001</Data>
    <Data Name=""ProcessGuid"">{f57bd86a-1cf4-6582-3f00-000000000d00}</Data>
    <Data Name=""ProcessId"">2996</Data>
    <Data Name=""Image"">C:\Windows\System32\svchost.exe</Data>
    <Data Name=""TargetObject"">\REGISTRY\A\{b04f0fcd-4760-ab9f-95ce-9b12c47065d5}\Root\InventoryApplicationFile\wermgr.exe|ae5df027a4ca83dd\LowerCaseLongPath</Data>
    <Data Name=""Details"">c:\windows\system32\wermgr.exe</Data>
    <Data Name=""User"">NT AUTHORITY\SYSTEM</Data>
  </EventData>
</Event>
"
Microsoft-Windows-Sysmon/Operational,C:\Windows\system32\vssvc.exe,Microsoft Corporation,WinDev2309Eval,,C:\Windows\system32\,Microsoft® Volume Shadow Copy Service,,,,,,,1,4425,,10.0.22621.1 (WinBuild.160101.0800),"MD5=E41824427731D3933591BCD216674818,SHA256=321120DE419B488B6EB0D9F32E733756FE9E97689FC0FE7FD2C9BF50AFB1BCC4,IMPHASH=BC0F5315EEA41E76B544E9F6ACFE1FEE",C:\Windows\System32\VSSVC.exe,,System,0x8000000000000000,4,{f57bd86a-1cf1-6582-e703-000000000000},0x3e7,,,0,VSSVC.EXE,C:\Windows\system32\services.exe,C:\Windows\System32\services.exe,{f57bd86a-1cf1-6582-0b00-000000000d00},760.0,NT AUTHORITY\SYSTEM,{f57bd86a-1cfa-6582-7700-000000000d00},3400,4768.0,Microsoft® Windows® Operating System,,,,,-,,,,,,,,,,,,,2023-12-19T22:45:14.7057304Z,,,,,,,1,0.0,4208,NT AUTHORITY\SYSTEM,S-1-5-18,45:14.7,5.0,"<Event xmlns=""http://schemas.microsoft.com/win/2004/08/events/event"">
  <System>
    <Provider Name=""Microsoft-Windows-Sysmon"" Guid=""{5770385f-c22a-43e0-bf4c-06f5698ffbd9}""/>
    <EventID>1</EventID>
    <Version>5</Version>
    <Level>4</Level>
    <Task>1</Task>
    <Opcode>0</Opcode>
    <Keywords>0x8000000000000000</Keywords>
    <TimeCreated SystemTime=""2023-12-19T22:45:14.7057304Z""/>
    <EventRecordID>4425</EventRecordID>
    <Correlation/>
    <Execution ProcessID=""3400"" ThreadID=""4208""/>
    <Channel>Microsoft-Windows-Sysmon/Operational</Channel>
    <Computer>WinDev2309Eval</Computer>
    <Security UserID=""S-1-5-18""/>
  </System>
  <EventData>
    <Data Name=""RuleName"">-</Data>
    <Data Name=""UtcTime"">2023-12-19 22:45:14.674</Data>
    <Data Name=""ProcessGuid"">{f57bd86a-1cfa-6582-7700-000000000d00}</Data>
    <Data Name=""ProcessId"">4768</Data>
    <Data Name=""Image"">C:\Windows\System32\VSSVC.exe</Data>
    <Data Name=""FileVersion"">10.0.22621.1 (WinBuild.160101.0800)</Data>
    <Data Name=""Description"">Microsoft&#174; Volume Shadow Copy Service</Data>
    <Data Name=""Product"">Microsoft&#174; Windows&#174; Operating System</Data>
    <Data Name=""Company"">Microsoft Corporation</Data>
    <Data Name=""OriginalFileName"">VSSVC.EXE</Data>
    <Data Name=""CommandLine"">C:\Windows\system32\vssvc.exe</Data>
    <Data Name=""CurrentDirectory"">C:\Windows\system32\</Data>
    <Data Name=""User"">NT AUTHORITY\SYSTEM</Data>
    <Data Name=""LogonGuid"">{f57bd86a-1cf1-6582-e703-000000000000}</Data>
    <Data Name=""LogonId"">0x3e7</Data>
    <Data Name=""TerminalSessionId"">0</Data>
    <Data Name=""IntegrityLevel"">System</Data>
    <Data Name=""Hashes"">MD5=E41824427731D3933591BCD216674818,SHA256=321120DE419B488B6EB0D9F32E733756FE9E97689FC0FE7FD2C9BF50AFB1BCC4,IMPHASH=BC0F5315EEA41E76B544E9F6ACFE1FEE</Data>
    <Data Name=""ParentProcessGuid"">{f57bd86a-1cf1-6582-0b00-000000000d00}</Data>
    <Data Name=""ParentProcessId"">760</Data>
    <Data Name=""ParentImage"">C:\Windows\System32\services.exe</Data>
    <Data Name=""ParentCommandLine"">C:\Windows\system32\services.exe</Data>
    <Data Name=""ParentUser"">NT AUTHORITY\SYSTEM</Data>
  </EventData>
</Event>
"
Microsoft-Windows-Sysmon/Operational,,,WinDev2309Eval,,,,,,,,,,22,4424,,,,C:\Windows\System32\dllhost.exe,,,0x8000000000000000,4,,,,,0,,,,,,,{f57bd86a-1cf6-6582-5400-000000000d00},3400,4084.0,,,WINDEV2309EVAL,192.168.36.130;192.168.126.163;,0.0,-,,,,,,,,,,,,,2023-12-19T22:45:14.6573095Z,,,,,,,22,,4220,NT AUTHORITY\SYSTEM,S-1-5-18,45:12.0,5.0,"<Event xmlns=""http://schemas.microsoft.com/win/2004/08/events/event"">
  <System>
    <Provider Name=""Microsoft-Windows-Sysmon"" Guid=""{5770385f-c22a-43e0-bf4c-06f5698ffbd9}""/>
    <EventID>22</EventID>
    <Version>5</Version>
    <Level>4</Level>
    <Task>22</Task>
    <Opcode>0</Opcode>
    <Keywords>0x8000000000000000</Keywords>
    <TimeCreated SystemTime=""2023-12-19T22:45:14.6573095Z""/>
    <EventRecordID>4424</EventRecordID>
    <Correlation/>
    <Execution ProcessID=""3400"" ThreadID=""4220""/>
    <Channel>Microsoft-Windows-Sysmon/Operational</Channel>
    <Computer>WinDev2309Eval</Computer>
    <Security UserID=""S-1-5-18""/>
  </System>
  <EventData>
    <Data Name=""RuleName"">-</Data>
    <Data Name=""UtcTime"">2023-12-19 22:45:12.046</Data>
    <Data Name=""ProcessGuid"">{f57bd86a-1cf6-6582-5400-000000000d00}</Data>
    <Data Name=""ProcessId"">4084</Data>
    <Data Name=""QueryName"">WINDEV2309EVAL</Data>
    <Data Name=""QueryStatus"">0</Data>
    <Data Name=""QueryResults"">192.168.36.130;192.168.126.163;</Data>
    <Data Name=""Image"">C:\Windows\System32\dllhost.exe</Data>
    <Data Name=""User"">NT AUTHORITY\SYSTEM</Data>
  </EventData>
</Event>
"
Microsoft-Windows-Sysmon/Operational,C:\Windows\system32\svchost.exe -k netsvcs -p -s wisvc,Microsoft Corporation,WinDev2309Eval,,C:\Windows\system32\,Host Process for Windows Services,,,,,,,1,4423,,10.0.22621.1 (WinBuild.160101.0800),"MD5=8EC922C7A58A8701AB481B7BE9644536,SHA256=949BFB5B4C7D58D92F3F9C5F8EC7CA4CEAFFD10EC5F0020F0A987C472D61C54B,IMPHASH=76B4BAE80D2C3B08BB062D97BF9CA791",C:\Windows\System32\svchost.exe,,System,0x8000000000000000,4,{f57bd86a-1cf1-6582-e703-000000000000},0x3e7,,,0,svchost.exe,C:\Windows\system32\services.exe,C:\Windows\System32\services.exe,{f57bd86a-1cf1-6582-0b00-000000000d00},760.0,NT AUTHORITY\SYSTEM,{f57bd86a-1cfa-6582-7600-000000000d00},3400,4664.0,Microsoft® Windows® Operating System,,,,,-,,,,,,,,,,,,,2023-12-19T22:45:14.5026417Z,,,,,,,1,0.0,4208,NT AUTHORITY\SYSTEM,S-1-5-18,45:14.5,5.0,"<Event xmlns=""http://schemas.microsoft.com/win/2004/08/events/event"">
  <System>
    <Provider Name=""Microsoft-Windows-Sysmon"" Guid=""{5770385f-c22a-43e0-bf4c-06f5698ffbd9}""/>
    <EventID>1</EventID>
    <Version>5</Version>
    <Level>4</Level>
    <Task>1</Task>
    <Opcode>0</Opcode>
    <Keywords>0x8000000000000000</Keywords>
    <TimeCreated SystemTime=""2023-12-19T22:45:14.5026417Z""/>
    <EventRecordID>4423</EventRecordID>
    <Correlation/>
    <Execution ProcessID=""3400"" ThreadID=""4208""/>
    <Channel>Microsoft-Windows-Sysmon/Operational</Channel>
    <Computer>WinDev2309Eval</Computer>
    <Security UserID=""S-1-5-18""/>
  </System>
  <EventData>
    <Data Name=""RuleName"">-</Data>
    <Data Name=""UtcTime"">2023-12-19 22:45:14.500</Data>
    <Data Name=""ProcessGuid"">{f57bd86a-1cfa-6582-7600-000000000d00}</Data>
    <Data Name=""ProcessId"">4664</Data>
    <Data Name=""Image"">C:\Windows\System32\svchost.exe</Data>
    <Data Name=""FileVersion"">10.0.22621.1 (WinBuild.160101.0800)</Data>
    <Data Name=""Description"">Host Process for Windows Services</Data>
    <Data Name=""Product"">Microsoft&#174; Windows&#174; Operating System</Data>
    <Data Name=""Company"">Microsoft Corporation</Data>
    <Data Name=""OriginalFileName"">svchost.exe</Data>
    <Data Name=""CommandLine"">C:\Windows\system32\svchost.exe -k netsvcs -p -s wisvc</Data>
    <Data Name=""CurrentDirectory"">C:\Windows\system32\</Data>
    <Data Name=""User"">NT AUTHORITY\SYSTEM</Data>
    <Data Name=""LogonGuid"">{f57bd86a-1cf1-6582-e703-000000000000}</Data>
    <Data Name=""LogonId"">0x3e7</Data>
    <Data Name=""TerminalSessionId"">0</Data>
    <Data Name=""IntegrityLevel"">System</Data>
    <Data Name=""Hashes"">MD5=8EC922C7A58A8701AB481B7BE9644536,SHA256=949BFB5B4C7D58D92F3F9C5F8EC7CA4CEAFFD10EC5F0020F0A987C472D61C54B,IMPHASH=76B4BAE80D2C3B08BB062D97BF9CA791</Data>
    <Data Name=""ParentProcessGuid"">{f57bd86a-1cf1-6582-0b00-000000000d00}</Data>
    <Data Name=""ParentProcessId"">760</Data>
    <Data Name=""ParentImage"">C:\Windows\System32\services.exe</Data>
    <Data Name=""ParentCommandLine"">C:\Windows\system32\services.exe</Data>
    <Data Name=""ParentUser"">NT AUTHORITY\SYSTEM</Data>
  </EventData>
</Event>
"
Microsoft-Windows-Sysmon/Operational,"""C:\Windows\system32\wermgr.exe"" -upload",Microsoft Corporation,WinDev2309Eval,,C:\Windows\system32\,Windows Problem Reporting,,,,,,,1,4422,,10.0.22621.2506 (WinBuild.160101.0800),"MD5=A1C7BEA33F4F2BC239C3C87D50278A10,SHA256=E76398B7C480D370E31659CA58276BB471590A7E78286D4AE7BDC18B410A1C73,IMPHASH=B3E2F8838B99D9BA62ED159B31C03AA3",C:\Windows\System32\wermgr.exe,,System,0x8000000000000000,4,{f57bd86a-1cf1-6582-e703-000000000000},0x3e7,,,0,WerMgr,C:\Windows\system32\svchost.exe -k netsvcs -p -s Schedule,C:\Windows\System32\svchost.exe,{f57bd86a-1cf3-6582-2a00-000000000d00},1940.0,NT AUTHORITY\SYSTEM,{f57bd86a-1cfa-6582-7500-000000000d00},3400,4452.0,Microsoft® Windows® Operating System,,,,,-,,,,,,,,,,,,,2023-12-19T22:45:14.2404557Z,,,,,,,1,0.0,4208,NT AUTHORITY\SYSTEM,S-1-5-18,45:14.2,5.0,"<Event xmlns=""http://schemas.microsoft.com/win/2004/08/events/event"">
  <System>
    <Provider Name=""Microsoft-Windows-Sysmon"" Guid=""{5770385f-c22a-43e0-bf4c-06f5698ffbd9}""/>
    <EventID>1</EventID>
    <Version>5</Version>
    <Level>4</Level>
    <Task>1</Task>
    <Opcode>0</Opcode>
    <Keywords>0x8000000000000000</Keywords>
    <TimeCreated SystemTime=""2023-12-19T22:45:14.2404557Z""/>
    <EventRecordID>4422</EventRecordID>
    <Correlation/>
    <Execution ProcessID=""3400"" ThreadID=""4208""/>
    <Channel>Microsoft-Windows-Sysmon/Operational</Channel>
    <Computer>WinDev2309Eval</Computer>
    <Security UserID=""S-1-5-18""/>
  </System>
  <EventData>
    <Data Name=""RuleName"">-</Data>
    <Data Name=""UtcTime"">2023-12-19 22:45:14.234</Data>
    <Data Name=""ProcessGuid"">{f57bd86a-1cfa-6582-7500-000000000d00}</Data>
    <Data Name=""ProcessId"">4452</Data>
    <Data Name=""Image"">C:\Windows\System32\wermgr.exe</Data>
    <Data Name=""FileVersion"">10.0.22621.2506 (WinBuild.160101.0800)</Data>
    <Data Name=""Description"">Windows Problem Reporting</Data>
    <Data Name=""Product"">Microsoft&#174; Windows&#174; Operating System</Data>
    <Data Name=""Company"">Microsoft Corporation</Data>
    <Data Name=""OriginalFileName"">WerMgr</Data>
    <Data Name=""CommandLine"">""C:\Windows\system32\wermgr.exe"" -upload</Data>
    <Data Name=""CurrentDirectory"">C:\Windows\system32\</Data>
    <Data Name=""User"">NT AUTHORITY\SYSTEM</Data>
    <Data Name=""LogonGuid"">{f57bd86a-1cf1-6582-e703-000000000000}</Data>
    <Data Name=""LogonId"">0x3e7</Data>
    <Data Name=""TerminalSessionId"">0</Data>
    <Data Name=""IntegrityLevel"">System</Data>
    <Data Name=""Hashes"">MD5=A1C7BEA33F4F2BC239C3C87D50278A10,SHA256=E76398B7C480D370E31659CA58276BB471590A7E78286D4AE7BDC18B410A1C73,IMPHASH=B3E2F8838B99D9BA62ED159B31C03AA3</Data>
    <Data Name=""ParentProcessGuid"">{f57bd86a-1cf3-6582-2a00-000000000d00}</Data>
    <Data Name=""ParentProcessId"">1940</Data>
    <Data Name=""ParentImage"">C:\Windows\System32\svchost.exe</Data>
    <Data Name=""ParentCommandLine"">C:\Windows\system32\svchost.exe -k netsvcs -p -s Schedule</Data>
    <Data Name=""ParentUser"">NT AUTHORITY\SYSTEM</Data>
  </EventData>
</Event>
"
Microsoft-Windows-Sysmon/Operational,,,WinDev2309Eval,,,,,,,,,{09A47860-11B0-4DA5-AFA5-26D86198A780},13,4421,SetValue,,,C:\ProgramData\Microsoft\Windows Defender\Platform\4.18.23110.3-0\MsMpEng.exe,,,0x8000000000000000,4,,,,,0,,,,,,,{f57bd86a-1cf4-6582-4a00-000000000d00},3400,3132.0,,,,,,-,,,,,,,,,,,,,2023-12-19T22:45:14.1788018Z,,,HKCR\Directory\shellex\ContextMenuHandlers\EPP\(Default),,,,13,,4208,NT AUTHORITY\SYSTEM,S-1-5-18,45:14.2,2.0,"<Event xmlns=""http://schemas.microsoft.com/win/2004/08/events/event"">
  <System>
    <Provider Name=""Microsoft-Windows-Sysmon"" Guid=""{5770385f-c22a-43e0-bf4c-06f5698ffbd9}""/>
    <EventID>13</EventID>
    <Version>2</Version>
    <Level>4</Level>
    <Task>13</Task>
    <Opcode>0</Opcode>
    <Keywords>0x8000000000000000</Keywords>
    <TimeCreated SystemTime=""2023-12-19T22:45:14.1788018Z""/>
    <EventRecordID>4421</EventRecordID>
    <Correlation/>
    <Execution ProcessID=""3400"" ThreadID=""4208""/>
    <Channel>Microsoft-Windows-Sysmon/Operational</Channel>
    <Computer>WinDev2309Eval</Computer>
    <Security UserID=""S-1-5-18""/>
  </System>
  <EventData>
    <Data Name=""RuleName"">-</Data>
    <Data Name=""EventType"">SetValue</Data>
    <Data Name=""UtcTime"">2023-12-19 22:45:14.160</Data>
    <Data Name=""ProcessGuid"">{f57bd86a-1cf4-6582-4a00-000000000d00}</Data>
    <Data Name=""ProcessId"">3132</Data>
    <Data Name=""Image"">C:\ProgramData\Microsoft\Windows Defender\Platform\4.18.23110.3-0\MsMpEng.exe</Data>
    <Data Name=""TargetObject"">HKCR\Directory\shellex\ContextMenuHandlers\EPP\(Default)</Data>
    <Data Name=""Details"">{09A47860-11B0-4DA5-AFA5-26D86198A780}</Data>
    <Data Name=""User"">NT AUTHORITY\SYSTEM</Data>
  </EventData>
</Event>
"
Microsoft-Windows-Sysmon/Operational,,,WinDev2309Eval,,,,,,,,,{09A47860-11B0-4DA5-AFA5-26D86198A780},13,4420,SetValue,,,C:\ProgramData\Microsoft\Windows Defender\Platform\4.18.23110.3-0\MsMpEng.exe,,,0x8000000000000000,4,,,,,0,,,,,,,{f57bd86a-1cf4-6582-4a00-000000000d00},3400,3132.0,,,,,,-,,,,,,,,,,,,,2023-12-19T22:45:14.1787706Z,,,HKCR\Drive\shellex\ContextMenuHandlers\EPP\(Default),,,,13,,4208,NT AUTHORITY\SYSTEM,S-1-5-18,45:14.2,2.0,"<Event xmlns=""http://schemas.microsoft.com/win/2004/08/events/event"">
  <System>
    <Provider Name=""Microsoft-Windows-Sysmon"" Guid=""{5770385f-c22a-43e0-bf4c-06f5698ffbd9}""/>
    <EventID>13</EventID>
    <Version>2</Version>
    <Level>4</Level>
    <Task>13</Task>
    <Opcode>0</Opcode>
    <Keywords>0x8000000000000000</Keywords>
    <TimeCreated SystemTime=""2023-12-19T22:45:14.1787706Z""/>
    <EventRecordID>4420</EventRecordID>
    <Correlation/>
    <Execution ProcessID=""3400"" ThreadID=""4208""/>
    <Channel>Microsoft-Windows-Sysmon/Operational</Channel>
    <Computer>WinDev2309Eval</Computer>
    <Security UserID=""S-1-5-18""/>
  </System>
  <EventData>
    <Data Name=""RuleName"">-</Data>
    <Data Name=""EventType"">SetValue</Data>
    <Data Name=""UtcTime"">2023-12-19 22:45:14.160</Data>
    <Data Name=""ProcessGuid"">{f57bd86a-1cf4-6582-4a00-000000000d00}</Data>
    <Data Name=""ProcessId"">3132</Data>
    <Data Name=""Image"">C:\ProgramData\Microsoft\Windows Defender\Platform\4.18.23110.3-0\MsMpEng.exe</Data>
    <Data Name=""TargetObject"">HKCR\Drive\shellex\ContextMenuHandlers\EPP\(Default)</Data>
    <Data Name=""Details"">{09A47860-11B0-4DA5-AFA5-26D86198A780}</Data>
    <Data Name=""User"">NT AUTHORITY\SYSTEM</Data>
  </EventData>
</Event>
"
Microsoft-Windows-Sysmon/Operational,,,WinDev2309Eval,,,,,,,,,{09A47860-11B0-4DA5-AFA5-26D86198A780},13,4419,SetValue,,,C:\ProgramData\Microsoft\Windows Defender\Platform\4.18.23110.3-0\MsMpEng.exe,,,0x8000000000000000,4,,,,,0,,,,,,,{f57bd86a-1cf4-6582-4a00-000000000d00},3400,3132.0,,,,,,-,,,,,,,,,,,,,2023-12-19T22:45:14.1787351Z,,,HKCR\*\shellex\ContextMenuHandlers\EPP\(Default),,,,13,,4208,NT AUTHORITY\SYSTEM,S-1-5-18,45:14.2,2.0,"<Event xmlns=""http://schemas.microsoft.com/win/2004/08/events/event"">
  <System>
    <Provider Name=""Microsoft-Windows-Sysmon"" Guid=""{5770385f-c22a-43e0-bf4c-06f5698ffbd9}""/>
    <EventID>13</EventID>
    <Version>2</Version>
    <Level>4</Level>
    <Task>13</Task>
    <Opcode>0</Opcode>
    <Keywords>0x8000000000000000</Keywords>
    <TimeCreated SystemTime=""2023-12-19T22:45:14.1787351Z""/>
    <EventRecordID>4419</EventRecordID>
    <Correlation/>
    <Execution ProcessID=""3400"" ThreadID=""4208""/>
    <Channel>Microsoft-Windows-Sysmon/Operational</Channel>
    <Computer>WinDev2309Eval</Computer>
    <Security UserID=""S-1-5-18""/>
  </System>
  <EventData>
    <Data Name=""RuleName"">-</Data>
    <Data Name=""EventType"">SetValue</Data>
    <Data Name=""UtcTime"">2023-12-19 22:45:14.160</Data>
    <Data Name=""ProcessGuid"">{f57bd86a-1cf4-6582-4a00-000000000d00}</Data>
    <Data Name=""ProcessId"">3132</Data>
    <Data Name=""Image"">C:\ProgramData\Microsoft\Windows Defender\Platform\4.18.23110.3-0\MsMpEng.exe</Data>
    <Data Name=""TargetObject"">HKCR\*\shellex\ContextMenuHandlers\EPP\(Default)</Data>
    <Data Name=""Details"">{09A47860-11B0-4DA5-AFA5-26D86198A780}</Data>
    <Data Name=""User"">NT AUTHORITY\SYSTEM</Data>
  </EventData>
</Event>
"
Microsoft-Windows-Sysmon/Operational,,,WinDev2309Eval,,,,,,,,,C:\ProgramData\Microsoft\Windows Defender\Platform\4.18.23110.3-0\MPUXAGENT.DLL,13,4418,SetValue,,,C:\ProgramData\Microsoft\Windows Defender\Platform\4.18.23110.3-0\MsMpEng.exe,,,0x8000000000000000,4,,,,,0,,,,,,,{f57bd86a-1cf4-6582-4a00-000000000d00},3400,3132.0,,,,,,T1122,,,,,,,,,,,,,2023-12-19T22:45:14.1561422Z,,,HKCR\CLSID\{4DB116D1-9B24-4DFC-946B-BFE03E852002}\InProcServer32\(Default),,,,13,,4208,NT AUTHORITY\SYSTEM,S-1-5-18,45:14.1,2.0,"<Event xmlns=""http://schemas.microsoft.com/win/2004/08/events/event"">
  <System>
    <Provider Name=""Microsoft-Windows-Sysmon"" Guid=""{5770385f-c22a-43e0-bf4c-06f5698ffbd9}""/>
    <EventID>13</EventID>
    <Version>2</Version>
    <Level>4</Level>
    <Task>13</Task>
    <Opcode>0</Opcode>
    <Keywords>0x8000000000000000</Keywords>
    <TimeCreated SystemTime=""2023-12-19T22:45:14.1561422Z""/>
    <EventRecordID>4418</EventRecordID>
    <Correlation/>
    <Execution ProcessID=""3400"" ThreadID=""4208""/>
    <Channel>Microsoft-Windows-Sysmon/Operational</Channel>
    <Computer>WinDev2309Eval</Computer>
    <Security UserID=""S-1-5-18""/>
  </System>
  <EventData>
    <Data Name=""RuleName"">T1122</Data>
    <Data Name=""EventType"">SetValue</Data>
    <Data Name=""UtcTime"">2023-12-19 22:45:14.128</Data>
    <Data Name=""ProcessGuid"">{f57bd86a-1cf4-6582-4a00-000000000d00}</Data>
    <Data Name=""ProcessId"">3132</Data>
    <Data Name=""Image"">C:\ProgramData\Microsoft\Windows Defender\Platform\4.18.23110.3-0\MsMpEng.exe</Data>
    <Data Name=""TargetObject"">HKCR\CLSID\{4DB116D1-9B24-4DFC-946B-BFE03E852002}\InProcServer32\(Default)</Data>
    <Data Name=""Details"">C:\ProgramData\Microsoft\Windows Defender\Platform\4.18.23110.3-0\MPUXAGENT.DLL</Data>
    <Data Name=""User"">NT AUTHORITY\SYSTEM</Data>
  </EventData>
</Event>
"
Microsoft-Windows-Sysmon/Operational,,,WinDev2309Eval,,,,,,,,,C:\ProgramData\Microsoft\Windows Defender\Platform\4.18.23110.3-0\MPUXAGENT.DLL,13,4417,SetValue,,,C:\ProgramData\Microsoft\Windows Defender\Platform\4.18.23110.3-0\MsMpEng.exe,,,0x8000000000000000,4,,,,,0,,,,,,,{f57bd86a-1cf4-6582-4a00-000000000d00},3400,3132.0,,,,,,T1122,,,,,,,,,,,,,2023-12-19T22:45:14.1508285Z,,,HKCR\CLSID\{2DCD7FDB-8809-48E4-8E4F-3157C57CF987}\InprocServer32\(Default),,,,13,,4208,NT AUTHORITY\SYSTEM,S-1-5-18,45:14.1,2.0,"<Event xmlns=""http://schemas.microsoft.com/win/2004/08/events/event"">
  <System>
    <Provider Name=""Microsoft-Windows-Sysmon"" Guid=""{5770385f-c22a-43e0-bf4c-06f5698ffbd9}""/>
    <EventID>13</EventID>
    <Version>2</Version>
    <Level>4</Level>
    <Task>13</Task>
    <Opcode>0</Opcode>
    <Keywords>0x8000000000000000</Keywords>
    <TimeCreated SystemTime=""2023-12-19T22:45:14.1508285Z""/>
    <EventRecordID>4417</EventRecordID>
    <Correlation/>
    <Execution ProcessID=""3400"" ThreadID=""4208""/>
    <Channel>Microsoft-Windows-Sysmon/Operational</Channel>
    <Computer>WinDev2309Eval</Computer>
    <Security UserID=""S-1-5-18""/>
  </System>
  <EventData>
    <Data Name=""RuleName"">T1122</Data>
    <Data Name=""EventType"">SetValue</Data>
    <Data Name=""UtcTime"">2023-12-19 22:45:14.128</Data>
    <Data Name=""ProcessGuid"">{f57bd86a-1cf4-6582-4a00-000000000d00}</Data>
    <Data Name=""ProcessId"">3132</Data>
    <Data Name=""Image"">C:\ProgramData\Microsoft\Windows Defender\Platform\4.18.23110.3-0\MsMpEng.exe</Data>
    <Data Name=""TargetObject"">HKCR\CLSID\{2DCD7FDB-8809-48E4-8E4F-3157C57CF987}\InprocServer32\(Default)</Data>
    <Data Name=""Details"">C:\ProgramData\Microsoft\Windows Defender\Platform\4.18.23110.3-0\MPUXAGENT.DLL</Data>
    <Data Name=""User"">NT AUTHORITY\SYSTEM</Data>
  </EventData>
</Event>
"
Microsoft-Windows-Sysmon/Operational,,,WinDev2309Eval,,,,,,,,,10.0.22621.2506,13,4416,SetValue,,,C:\Windows\System32\svchost.exe,,,0x8000000000000000,4,,,,,0,,,,,,,{f57bd86a-1cf4-6582-3f00-000000000d00},3400,2996.0,,,,,,InvDB-Ver,,,,,,,,,,,,,2023-12-19T22:45:14.1368614Z,,,\REGISTRY\A\{b04f0fcd-4760-ab9f-95ce-9b12c47065d5}\Root\InventoryApplicationFile\mdmdiagnosticsto|50a6376a93e56677\BinProductVersion,,,,13,,4208,NT AUTHORITY\SYSTEM,S-1-5-18,45:14.1,2.0,"<Event xmlns=""http://schemas.microsoft.com/win/2004/08/events/event"">
  <System>
    <Provider Name=""Microsoft-Windows-Sysmon"" Guid=""{5770385f-c22a-43e0-bf4c-06f5698ffbd9}""/>
    <EventID>13</EventID>
    <Version>2</Version>
    <Level>4</Level>
    <Task>13</Task>
    <Opcode>0</Opcode>
    <Keywords>0x8000000000000000</Keywords>
    <TimeCreated SystemTime=""2023-12-19T22:45:14.1368614Z""/>
    <EventRecordID>4416</EventRecordID>
    <Correlation/>
    <Execution ProcessID=""3400"" ThreadID=""4208""/>
    <Channel>Microsoft-Windows-Sysmon/Operational</Channel>
    <Computer>WinDev2309Eval</Computer>
    <Security UserID=""S-1-5-18""/>
  </System>
  <EventData>
    <Data Name=""RuleName"">InvDB-Ver</Data>
    <Data Name=""EventType"">SetValue</Data>
    <Data Name=""UtcTime"">2023-12-19 22:45:14.113</Data>
    <Data Name=""ProcessGuid"">{f57bd86a-1cf4-6582-3f00-000000000d00}</Data>
    <Data Name=""ProcessId"">2996</Data>
    <Data Name=""Image"">C:\Windows\System32\svchost.exe</Data>
    <Data Name=""TargetObject"">\REGISTRY\A\{b04f0fcd-4760-ab9f-95ce-9b12c47065d5}\Root\InventoryApplicationFile\mdmdiagnosticsto|50a6376a93e56677\BinProductVersion</Data>
    <Data Name=""Details"">10.0.22621.2506</Data>
    <Data Name=""User"">NT AUTHORITY\SYSTEM</Data>
  </EventData>
</Event>
"
Microsoft-Windows-Sysmon/Operational,,,WinDev2309Eval,,,,,,,,,3/12/2091 3:44,13,4415,SetValue,,,C:\Windows\System32\svchost.exe,,,0x8000000000000000,4,,,,,0,,,,,,,{f57bd86a-1cf4-6582-3f00-000000000d00},3400,2996.0,,,,,,InvDB-CompileTimeClaim,,,,,,,,,,,,,2023-12-19T22:45:14.1368001Z,,,\REGISTRY\A\{b04f0fcd-4760-ab9f-95ce-9b12c47065d5}\Root\InventoryApplicationFile\mdmdiagnosticsto|50a6376a93e56677\LinkDate,,,,13,,4208,NT AUTHORITY\SYSTEM,S-1-5-18,45:14.1,2.0,"<Event xmlns=""http://schemas.microsoft.com/win/2004/08/events/event"">
  <System>
    <Provider Name=""Microsoft-Windows-Sysmon"" Guid=""{5770385f-c22a-43e0-bf4c-06f5698ffbd9}""/>
    <EventID>13</EventID>
    <Version>2</Version>
    <Level>4</Level>
    <Task>13</Task>
    <Opcode>0</Opcode>
    <Keywords>0x8000000000000000</Keywords>
    <TimeCreated SystemTime=""2023-12-19T22:45:14.1368001Z""/>
    <EventRecordID>4415</EventRecordID>
    <Correlation/>
    <Execution ProcessID=""3400"" ThreadID=""4208""/>
    <Channel>Microsoft-Windows-Sysmon/Operational</Channel>
    <Computer>WinDev2309Eval</Computer>
    <Security UserID=""S-1-5-18""/>
  </System>
  <EventData>
    <Data Name=""RuleName"">InvDB-CompileTimeClaim</Data>
    <Data Name=""EventType"">SetValue</Data>
    <Data Name=""UtcTime"">2023-12-19 22:45:14.113</Data>
    <Data Name=""ProcessGuid"">{f57bd86a-1cf4-6582-3f00-000000000d00}</Data>
    <Data Name=""ProcessId"">2996</Data>
    <Data Name=""Image"">C:\Windows\System32\svchost.exe</Data>
    <Data Name=""TargetObject"">\REGISTRY\A\{b04f0fcd-4760-ab9f-95ce-9b12c47065d5}\Root\InventoryApplicationFile\mdmdiagnosticsto|50a6376a93e56677\LinkDate</Data>
    <Data Name=""Details"">03/12/2091 03:44:02</Data>
    <Data Name=""User"">NT AUTHORITY\SYSTEM</Data>
  </EventData>
</Event>
"
Microsoft-Windows-Sysmon/Operational,,,WinDev2309Eval,,,,,,,,,microsoft corporation,13,4414,SetValue,,,C:\Windows\System32\svchost.exe,,,0x8000000000000000,4,,,,,0,,,,,,,{f57bd86a-1cf4-6582-3f00-000000000d00},3400,2996.0,,,,,,InvDB-Pub,,,,,,,,,,,,,2023-12-19T22:45:14.1364024Z,,,\REGISTRY\A\{b04f0fcd-4760-ab9f-95ce-9b12c47065d5}\Root\InventoryApplicationFile\mdmdiagnosticsto|50a6376a93e56677\Publisher,,,,13,,4208,NT AUTHORITY\SYSTEM,S-1-5-18,45:14.1,2.0,"<Event xmlns=""http://schemas.microsoft.com/win/2004/08/events/event"">
  <System>
    <Provider Name=""Microsoft-Windows-Sysmon"" Guid=""{5770385f-c22a-43e0-bf4c-06f5698ffbd9}""/>
    <EventID>13</EventID>
    <Version>2</Version>
    <Level>4</Level>
    <Task>13</Task>
    <Opcode>0</Opcode>
    <Keywords>0x8000000000000000</Keywords>
    <TimeCreated SystemTime=""2023-12-19T22:45:14.1364024Z""/>
    <EventRecordID>4414</EventRecordID>
    <Correlation/>
    <Execution ProcessID=""3400"" ThreadID=""4208""/>
    <Channel>Microsoft-Windows-Sysmon/Operational</Channel>
    <Computer>WinDev2309Eval</Computer>
    <Security UserID=""S-1-5-18""/>
  </System>
  <EventData>
    <Data Name=""RuleName"">InvDB-Pub</Data>
    <Data Name=""EventType"">SetValue</Data>
    <Data Name=""UtcTime"">2023-12-19 22:45:14.113</Data>
    <Data Name=""ProcessGuid"">{f57bd86a-1cf4-6582-3f00-000000000d00}</Data>
    <Data Name=""ProcessId"">2996</Data>
    <Data Name=""Image"">C:\Windows\System32\svchost.exe</Data>
    <Data Name=""TargetObject"">\REGISTRY\A\{b04f0fcd-4760-ab9f-95ce-9b12c47065d5}\Root\InventoryApplicationFile\mdmdiagnosticsto|50a6376a93e56677\Publisher</Data>
    <Data Name=""Details"">microsoft corporation</Data>
    <Data Name=""User"">NT AUTHORITY\SYSTEM</Data>
  </EventData>
</Event>
"
Microsoft-Windows-Sysmon/Operational,,,WinDev2309Eval,,,,,,,,,c:\windows\system32\mdmdiagnosticstool.exe,13,4413,SetValue,,,C:\Windows\System32\svchost.exe,,,0x8000000000000000,4,,,,,0,,,,,,,{f57bd86a-1cf4-6582-3f00-000000000d00},3400,2996.0,,,,,,InvDB-Path,,,,,,,,,,,,,2023-12-19T22:45:14.1297469Z,,,\REGISTRY\A\{b04f0fcd-4760-ab9f-95ce-9b12c47065d5}\Root\InventoryApplicationFile\mdmdiagnosticsto|50a6376a93e56677\LowerCaseLongPath,,,,13,,4208,NT AUTHORITY\SYSTEM,S-1-5-18,45:14.1,2.0,"<Event xmlns=""http://schemas.microsoft.com/win/2004/08/events/event"">
  <System>
    <Provider Name=""Microsoft-Windows-Sysmon"" Guid=""{5770385f-c22a-43e0-bf4c-06f5698ffbd9}""/>
    <EventID>13</EventID>
    <Version>2</Version>
    <Level>4</Level>
    <Task>13</Task>
    <Opcode>0</Opcode>
    <Keywords>0x8000000000000000</Keywords>
    <TimeCreated SystemTime=""2023-12-19T22:45:14.1297469Z""/>
    <EventRecordID>4413</EventRecordID>
    <Correlation/>
    <Execution ProcessID=""3400"" ThreadID=""4208""/>
    <Channel>Microsoft-Windows-Sysmon/Operational</Channel>
    <Computer>WinDev2309Eval</Computer>
    <Security UserID=""S-1-5-18""/>
  </System>
  <EventData>
    <Data Name=""RuleName"">InvDB-Path</Data>
    <Data Name=""EventType"">SetValue</Data>
    <Data Name=""UtcTime"">2023-12-19 22:45:14.113</Data>
    <Data Name=""ProcessGuid"">{f57bd86a-1cf4-6582-3f00-000000000d00}</Data>
    <Data Name=""ProcessId"">2996</Data>
    <Data Name=""Image"">C:\Windows\System32\svchost.exe</Data>
    <Data Name=""TargetObject"">\REGISTRY\A\{b04f0fcd-4760-ab9f-95ce-9b12c47065d5}\Root\InventoryApplicationFile\mdmdiagnosticsto|50a6376a93e56677\LowerCaseLongPath</Data>
    <Data Name=""Details"">c:\windows\system32\mdmdiagnosticstool.exe</Data>
    <Data Name=""User"">NT AUTHORITY\SYSTEM</Data>
  </EventData>
</Event>
"
Microsoft-Windows-Sysmon/Operational,"C:\Windows\system32\wevtutil.exe install-manifest ""C:\ProgramData\Microsoft\Windows Defender\Platform\4.18.23110.3-0\Microsoft-Antimalware-Protection.man"" ""/resourceFilePath:C:\ProgramData\Microsoft\Windows Defender\Platform\4.18.23110.3-0\MpClient.dll"" ""/messageFilePath:C:\ProgramData\Microsoft\Windows Defender\Platform\4.18.23110.3-0\MpClient.dll"" ""/parameterFilePath:C:\ProgramData\Microsoft\Windows Defender\Platform\4.18.23110.3-0\MpClient.dll""",Microsoft Corporation,WinDev2309Eval,,C:\Windows\system32\,Windows Event Log Utility,,,,,,,1,4412,,10.0.22621.2506 (WinBuild.160101.0800),"MD5=3331F35EC34595843187CD518B9FBA48,SHA256=0FBB4B8092E8F3B4A298A133DC30E5F80D420380BACB5D3B27D0D2BCB9103230,IMPHASH=92CA71320A49850E970004A94EA5D695",C:\Windows\System32\wevtutil.exe,,System,0x8000000000000000,4,{f57bd86a-1cf1-6582-e703-000000000000},0x3e7,,,0,wevtutil.exe,"""C:\ProgramData\Microsoft\Windows Defender\Platform\4.18.23110.3-0\MsMpEng.exe""",C:\ProgramData\Microsoft\Windows Defender\Platform\4.18.23110.3-0\MsMpEng.exe,{f57bd86a-1cf4-6582-4a00-000000000d00},3132.0,NT AUTHORITY\SYSTEM,{f57bd86a-1cf9-6582-7300-000000000d00},3400,4240.0,Microsoft® Windows® Operating System,,,,,-,,,,,,,,,,,,,2023-12-19T22:45:13.9607823Z,,,,,,,1,0.0,4208,NT AUTHORITY\SYSTEM,S-1-5-18,45:14.0,5.0,"<Event xmlns=""http://schemas.microsoft.com/win/2004/08/events/event"">
  <System>
    <Provider Name=""Microsoft-Windows-Sysmon"" Guid=""{5770385f-c22a-43e0-bf4c-06f5698ffbd9}""/>
    <EventID>1</EventID>
    <Version>5</Version>
    <Level>4</Level>
    <Task>1</Task>
    <Opcode>0</Opcode>
    <Keywords>0x8000000000000000</Keywords>
    <TimeCreated SystemTime=""2023-12-19T22:45:13.9607823Z""/>
    <EventRecordID>4412</EventRecordID>
    <Correlation/>
    <Execution ProcessID=""3400"" ThreadID=""4208""/>
    <Channel>Microsoft-Windows-Sysmon/Operational</Channel>
    <Computer>WinDev2309Eval</Computer>
    <Security UserID=""S-1-5-18""/>
  </System>
  <EventData>
    <Data Name=""RuleName"">-</Data>
    <Data Name=""UtcTime"">2023-12-19 22:45:13.958</Data>
    <Data Name=""ProcessGuid"">{f57bd86a-1cf9-6582-7300-000000000d00}</Data>
    <Data Name=""ProcessId"">4240</Data>
    <Data Name=""Image"">C:\Windows\System32\wevtutil.exe</Data>
    <Data Name=""FileVersion"">10.0.22621.2506 (WinBuild.160101.0800)</Data>
    <Data Name=""Description"">Windows Event Log Utility</Data>
    <Data Name=""Product"">Microsoft&#174; Windows&#174; Operating System</Data>
    <Data Name=""Company"">Microsoft Corporation</Data>
    <Data Name=""OriginalFileName"">wevtutil.exe</Data>
    <Data Name=""CommandLine"">C:\Windows\system32\wevtutil.exe install-manifest ""C:\ProgramData\Microsoft\Windows Defender\Platform\4.18.23110.3-0\Microsoft-Antimalware-Protection.man"" ""/resourceFilePath:C:\ProgramData\Microsoft\Windows Defender\Platform\4.18.23110.3-0\MpClient.dll"" ""/messageFilePath:C:\ProgramData\Microsoft\Windows Defender\Platform\4.18.23110.3-0\MpClient.dll"" ""/parameterFilePath:C:\ProgramData\Microsoft\Windows Defender\Platform\4.18.23110.3-0\MpClient.dll""</Data>
    <Data Name=""CurrentDirectory"">C:\Windows\system32\</Data>
    <Data Name=""User"">NT AUTHORITY\SYSTEM</Data>
    <Data Name=""LogonGuid"">{f57bd86a-1cf1-6582-e703-000000000000}</Data>
    <Data Name=""LogonId"">0x3e7</Data>
    <Data Name=""TerminalSessionId"">0</Data>
    <Data Name=""IntegrityLevel"">System</Data>
    <Data Name=""Hashes"">MD5=3331F35EC34595843187CD518B9FBA48,SHA256=0FBB4B8092E8F3B4A298A133DC30E5F80D420380BACB5D3B27D0D2BCB9103230,IMPHASH=92CA71320A49850E970004A94EA5D695</Data>
    <Data Name=""ParentProcessGuid"">{f57bd86a-1cf4-6582-4a00-000000000d00}</Data>
    <Data Name=""ParentProcessId"">3132</Data>
    <Data Name=""ParentImage"">C:\ProgramData\Microsoft\Windows Defender\Platform\4.18.23110.3-0\MsMpEng.exe</Data>
    <Data Name=""ParentCommandLine"">""C:\ProgramData\Microsoft\Windows Defender\Platform\4.18.23110.3-0\MsMpEng.exe""</Data>
    <Data Name=""ParentUser"">NT AUTHORITY\SYSTEM</Data>
  </EventData>
</Event>
"
Microsoft-Windows-Sysmon/Operational,"C:\Windows\system32\wevtutil.exe uninstall-manifest ""C:\ProgramData\Microsoft\Windows Defender\Platform\4.18.23110.3-0\Microsoft-Antimalware-Protection.man""",Microsoft Corporation,WinDev2309Eval,,C:\Windows\system32\,Windows Event Log Utility,,,,,,,1,4411,,10.0.22621.2506 (WinBuild.160101.0800),"MD5=3331F35EC34595843187CD518B9FBA48,SHA256=0FBB4B8092E8F3B4A298A133DC30E5F80D420380BACB5D3B27D0D2BCB9103230,IMPHASH=92CA71320A49850E970004A94EA5D695",C:\Windows\System32\wevtutil.exe,,System,0x8000000000000000,4,{f57bd86a-1cf1-6582-e703-000000000000},0x3e7,,,0,wevtutil.exe,"""C:\ProgramData\Microsoft\Windows Defender\Platform\4.18.23110.3-0\MsMpEng.exe""",C:\ProgramData\Microsoft\Windows Defender\Platform\4.18.23110.3-0\MsMpEng.exe,{f57bd86a-1cf4-6582-4a00-000000000d00},3132.0,NT AUTHORITY\SYSTEM,{f57bd86a-1cf9-6582-7000-000000000d00},3400,5080.0,Microsoft® Windows® Operating System,,,,,-,,,,,,,,,,,,,2023-12-19T22:45:13.7044456Z,,,,,,,1,0.0,4208,NT AUTHORITY\SYSTEM,S-1-5-18,45:13.7,5.0,"<Event xmlns=""http://schemas.microsoft.com/win/2004/08/events/event"">
  <System>
    <Provider Name=""Microsoft-Windows-Sysmon"" Guid=""{5770385f-c22a-43e0-bf4c-06f5698ffbd9}""/>
    <EventID>1</EventID>
    <Version>5</Version>
    <Level>4</Level>
    <Task>1</Task>
    <Opcode>0</Opcode>
    <Keywords>0x8000000000000000</Keywords>
    <TimeCreated SystemTime=""2023-12-19T22:45:13.7044456Z""/>
    <EventRecordID>4411</EventRecordID>
    <Correlation/>
    <Execution ProcessID=""3400"" ThreadID=""4208""/>
    <Channel>Microsoft-Windows-Sysmon/Operational</Channel>
    <Computer>WinDev2309Eval</Computer>
    <Security UserID=""S-1-5-18""/>
  </System>
  <EventData>
    <Data Name=""RuleName"">-</Data>
    <Data Name=""UtcTime"">2023-12-19 22:45:13.703</Data>
    <Data Name=""ProcessGuid"">{f57bd86a-1cf9-6582-7000-000000000d00}</Data>
    <Data Name=""ProcessId"">5080</Data>
    <Data Name=""Image"">C:\Windows\System32\wevtutil.exe</Data>
    <Data Name=""FileVersion"">10.0.22621.2506 (WinBuild.160101.0800)</Data>
    <Data Name=""Description"">Windows Event Log Utility</Data>
    <Data Name=""Product"">Microsoft&#174; Windows&#174; Operating System</Data>
    <Data Name=""Company"">Microsoft Corporation</Data>
    <Data Name=""OriginalFileName"">wevtutil.exe</Data>
    <Data Name=""CommandLine"">C:\Windows\system32\wevtutil.exe uninstall-manifest ""C:\ProgramData\Microsoft\Windows Defender\Platform\4.18.23110.3-0\Microsoft-Antimalware-Protection.man""</Data>
    <Data Name=""CurrentDirectory"">C:\Windows\system32\</Data>
    <Data Name=""User"">NT AUTHORITY\SYSTEM</Data>
    <Data Name=""LogonGuid"">{f57bd86a-1cf1-6582-e703-000000000000}</Data>
    <Data Name=""LogonId"">0x3e7</Data>
    <Data Name=""TerminalSessionId"">0</Data>
    <Data Name=""IntegrityLevel"">System</Data>
    <Data Name=""Hashes"">MD5=3331F35EC34595843187CD518B9FBA48,SHA256=0FBB4B8092E8F3B4A298A133DC30E5F80D420380BACB5D3B27D0D2BCB9103230,IMPHASH=92CA71320A49850E970004A94EA5D695</Data>
    <Data Name=""ParentProcessGuid"">{f57bd86a-1cf4-6582-4a00-000000000d00}</Data>
    <Data Name=""ParentProcessId"">3132</Data>
    <Data Name=""ParentImage"">C:\ProgramData\Microsoft\Windows Defender\Platform\4.18.23110.3-0\MsMpEng.exe</Data>
    <Data Name=""ParentCommandLine"">""C:\ProgramData\Microsoft\Windows Defender\Platform\4.18.23110.3-0\MsMpEng.exe""</Data>
    <Data Name=""ParentUser"">NT AUTHORITY\SYSTEM</Data>
  </EventData>
</Event>
"
Microsoft-Windows-Sysmon/Operational,"""C:\Windows\system32\sdbinst.exe"" -mm",Microsoft Corporation,WinDev2309Eval,,C:\Windows\system32\,Application Compatibility Database Installer,,,,,,,1,4410,,10.0.22621.2506 (WinBuild.160101.0800),"MD5=EA9E36C2829E7BCD9BFD565E699C9930,SHA256=D25D59E065F800F3BE6847BBC9BCDC6010018C3BD473A3BFC5D59CDFCBB104AB,IMPHASH=999B9DCD61DAB941B1E8D50FE6EF72CD",C:\Windows\System32\sdbinst.exe,,System,0x8000000000000000,4,{f57bd86a-1cf1-6582-e703-000000000000},0x3e7,,,0,sdbinst.exe,C:\Windows\system32\svchost.exe -k netsvcs -p -s Schedule,C:\Windows\System32\svchost.exe,{f57bd86a-1cf3-6582-2a00-000000000d00},1940.0,NT AUTHORITY\SYSTEM,{f57bd86a-1cf9-6582-6f00-000000000d00},3400,5064.0,Microsoft® Windows® Operating System,,,,,-,,,,,,,,,,,,,2023-12-19T22:45:13.6322915Z,,,,,,,1,0.0,4208,NT AUTHORITY\SYSTEM,S-1-5-18,45:13.6,5.0,"<Event xmlns=""http://schemas.microsoft.com/win/2004/08/events/event"">
  <System>
    <Provider Name=""Microsoft-Windows-Sysmon"" Guid=""{5770385f-c22a-43e0-bf4c-06f5698ffbd9}""/>
    <EventID>1</EventID>
    <Version>5</Version>
    <Level>4</Level>
    <Task>1</Task>
    <Opcode>0</Opcode>
    <Keywords>0x8000000000000000</Keywords>
    <TimeCreated SystemTime=""2023-12-19T22:45:13.6322915Z""/>
    <EventRecordID>4410</EventRecordID>
    <Correlation/>
    <Execution ProcessID=""3400"" ThreadID=""4208""/>
    <Channel>Microsoft-Windows-Sysmon/Operational</Channel>
    <Computer>WinDev2309Eval</Computer>
    <Security UserID=""S-1-5-18""/>
  </System>
  <EventData>
    <Data Name=""RuleName"">-</Data>
    <Data Name=""UtcTime"">2023-12-19 22:45:13.620</Data>
    <Data Name=""ProcessGuid"">{f57bd86a-1cf9-6582-6f00-000000000d00}</Data>
    <Data Name=""ProcessId"">5064</Data>
    <Data Name=""Image"">C:\Windows\System32\sdbinst.exe</Data>
    <Data Name=""FileVersion"">10.0.22621.2506 (WinBuild.160101.0800)</Data>
    <Data Name=""Description"">Application Compatibility Database Installer</Data>
    <Data Name=""Product"">Microsoft&#174; Windows&#174; Operating System</Data>
    <Data Name=""Company"">Microsoft Corporation</Data>
    <Data Name=""OriginalFileName"">sdbinst.exe</Data>
    <Data Name=""CommandLine"">""C:\Windows\system32\sdbinst.exe"" -mm</Data>
    <Data Name=""CurrentDirectory"">C:\Windows\system32\</Data>
    <Data Name=""User"">NT AUTHORITY\SYSTEM</Data>
    <Data Name=""LogonGuid"">{f57bd86a-1cf1-6582-e703-000000000000}</Data>
    <Data Name=""LogonId"">0x3e7</Data>
    <Data Name=""TerminalSessionId"">0</Data>
    <Data Name=""IntegrityLevel"">System</Data>
    <Data Name=""Hashes"">MD5=EA9E36C2829E7BCD9BFD565E699C9930,SHA256=D25D59E065F800F3BE6847BBC9BCDC6010018C3BD473A3BFC5D59CDFCBB104AB,IMPHASH=999B9DCD61DAB941B1E8D50FE6EF72CD</Data>
    <Data Name=""ParentProcessGuid"">{f57bd86a-1cf3-6582-2a00-000000000d00}</Data>
    <Data Name=""ParentProcessId"">1940</Data>
    <Data Name=""ParentImage"">C:\Windows\System32\svchost.exe</Data>
    <Data Name=""ParentCommandLine"">C:\Windows\system32\svchost.exe -k netsvcs -p -s Schedule</Data>
    <Data Name=""ParentUser"">NT AUTHORITY\SYSTEM</Data>
  </EventData>
</Event>
"
Microsoft-Windows-Sysmon/Operational,"C:\Windows\system32\wevtutil.exe install-manifest ""C:\ProgramData\Microsoft\Windows Defender\Platform\4.18.23110.3-0\Microsoft-Antimalware-RTP.man"" ""/resourceFilePath:C:\ProgramData\Microsoft\Windows Defender\Platform\4.18.23110.3-0\MpRtp.dll"" ""/messageFilePath:C:\ProgramData\Microsoft\Windows Defender\Platform\4.18.23110.3-0\MpRtp.dll"" ""/parameterFilePath:C:\ProgramData\Microsoft\Windows Defender\Platform\4.18.23110.3-0\MpRtp.dll""",Microsoft Corporation,WinDev2309Eval,,C:\Windows\system32\,Windows Event Log Utility,,,,,,,1,4409,,10.0.22621.2506 (WinBuild.160101.0800),"MD5=3331F35EC34595843187CD518B9FBA48,SHA256=0FBB4B8092E8F3B4A298A133DC30E5F80D420380BACB5D3B27D0D2BCB9103230,IMPHASH=92CA71320A49850E970004A94EA5D695",C:\Windows\System32\wevtutil.exe,,System,0x8000000000000000,4,{f57bd86a-1cf1-6582-e703-000000000000},0x3e7,,,0,wevtutil.exe,"""C:\ProgramData\Microsoft\Windows Defender\Platform\4.18.23110.3-0\MsMpEng.exe""",C:\ProgramData\Microsoft\Windows Defender\Platform\4.18.23110.3-0\MsMpEng.exe,{f57bd86a-1cf4-6582-4a00-000000000d00},3132.0,NT AUTHORITY\SYSTEM,{f57bd86a-1cf9-6582-6d00-000000000d00},3400,5016.0,Microsoft® Windows® Operating System,,,,,-,,,,,,,,,,,,,2023-12-19T22:45:13.5763462Z,,,,,,,1,0.0,4208,NT AUTHORITY\SYSTEM,S-1-5-18,45:13.6,5.0,"<Event xmlns=""http://schemas.microsoft.com/win/2004/08/events/event"">
  <System>
    <Provider Name=""Microsoft-Windows-Sysmon"" Guid=""{5770385f-c22a-43e0-bf4c-06f5698ffbd9}""/>
    <EventID>1</EventID>
    <Version>5</Version>
    <Level>4</Level>
    <Task>1</Task>
    <Opcode>0</Opcode>
    <Keywords>0x8000000000000000</Keywords>
    <TimeCreated SystemTime=""2023-12-19T22:45:13.5763462Z""/>
    <EventRecordID>4409</EventRecordID>
    <Correlation/>
    <Execution ProcessID=""3400"" ThreadID=""4208""/>
    <Channel>Microsoft-Windows-Sysmon/Operational</Channel>
    <Computer>WinDev2309Eval</Computer>
    <Security UserID=""S-1-5-18""/>
  </System>
  <EventData>
    <Data Name=""RuleName"">-</Data>
    <Data Name=""UtcTime"">2023-12-19 22:45:13.573</Data>
    <Data Name=""ProcessGuid"">{f57bd86a-1cf9-6582-6d00-000000000d00}</Data>
    <Data Name=""ProcessId"">5016</Data>
    <Data Name=""Image"">C:\Windows\System32\wevtutil.exe</Data>
    <Data Name=""FileVersion"">10.0.22621.2506 (WinBuild.160101.0800)</Data>
    <Data Name=""Description"">Windows Event Log Utility</Data>
    <Data Name=""Product"">Microsoft&#174; Windows&#174; Operating System</Data>
    <Data Name=""Company"">Microsoft Corporation</Data>
    <Data Name=""OriginalFileName"">wevtutil.exe</Data>
    <Data Name=""CommandLine"">C:\Windows\system32\wevtutil.exe install-manifest ""C:\ProgramData\Microsoft\Windows Defender\Platform\4.18.23110.3-0\Microsoft-Antimalware-RTP.man"" ""/resourceFilePath:C:\ProgramData\Microsoft\Windows Defender\Platform\4.18.23110.3-0\MpRtp.dll"" ""/messageFilePath:C:\ProgramData\Microsoft\Windows Defender\Platform\4.18.23110.3-0\MpRtp.dll"" ""/parameterFilePath:C:\ProgramData\Microsoft\Windows Defender\Platform\4.18.23110.3-0\MpRtp.dll""</Data>
    <Data Name=""CurrentDirectory"">C:\Windows\system32\</Data>
    <Data Name=""User"">NT AUTHORITY\SYSTEM</Data>
    <Data Name=""LogonGuid"">{f57bd86a-1cf1-6582-e703-000000000000}</Data>
    <Data Name=""LogonId"">0x3e7</Data>
    <Data Name=""TerminalSessionId"">0</Data>
    <Data Name=""IntegrityLevel"">System</Data>
    <Data Name=""Hashes"">MD5=3331F35EC34595843187CD518B9FBA48,SHA256=0FBB4B8092E8F3B4A298A133DC30E5F80D420380BACB5D3B27D0D2BCB9103230,IMPHASH=92CA71320A49850E970004A94EA5D695</Data>
    <Data Name=""ParentProcessGuid"">{f57bd86a-1cf4-6582-4a00-000000000d00}</Data>
    <Data Name=""ParentProcessId"">3132</Data>
    <Data Name=""ParentImage"">C:\ProgramData\Microsoft\Windows Defender\Platform\4.18.23110.3-0\MsMpEng.exe</Data>
    <Data Name=""ParentCommandLine"">""C:\ProgramData\Microsoft\Windows Defender\Platform\4.18.23110.3-0\MsMpEng.exe""</Data>
    <Data Name=""ParentUser"">NT AUTHORITY\SYSTEM</Data>
  </EventData>
</Event>
"
