Channel,CommandLine,Company,Computer,CreationUtcTime,CurrentDirectory,Description,DestinationHostname,DestinationIp,DestinationIsIpv6,DestinationPort,DestinationPortName,Details,EventID,EventRecordID,EventType,FileVersion,Hashes,Image,Initiated,IntegrityLevel,Keywords,Level,LogonGuid,LogonId,Message,NewThreadId,Opcode,OriginalFileName,ParentCommandLine,ParentImage,ParentProcessGuid,ParentProcessId,ParentUser,ProcessGuid,ProcessID,ProcessId,Product,Protocol,QueryName,QueryResults,QueryStatus,RuleName,SourceHostname,SourceImage,SourceIp,SourceIsIpv6,SourcePort,SourcePortName,SourceProcessGuid,SourceProcessId,SourceUser,StartAddress,StartFunction,StartModule,SystemTime,TargetFilename,TargetImage,TargetObject,TargetProcessGuid,TargetProcessId,TargetUser,Task,TerminalSessionId,ThreadID,User,UserID,UtcTime,Version,raw
Microsoft-Windows-Sysmon/Operational,,,WinDev2309Eval,02:15.5,,,,,,,,,11,4979,,,,C:\Windows\system32\svchost.exe,,,0x8000000000000000,4,,,,,0,,,,,,,{f57bd86a-20d2-6582-1902-000000000d00},3400,8056.0,,,,,,DLL,,,,,,,,,,,,,2023-12-19T23:02:15.4651734Z,C:\Program Files\WindowsApps\Microsoft.WindowsAppRuntime.1.4_4000.1049.117.0_x64__8wekyb3d8bbwe\Microsoft.WindowsAppRuntime.Insights.Resource.dll,,,,,,11,,4208,NT AUTHORITY\SYSTEM,S-1-5-18,02:15.5,2.0,"<Event xmlns=""http://schemas.microsoft.com/win/2004/08/events/event"">
  <System>
    <Provider Name=""Microsoft-Windows-Sysmon"" Guid=""{5770385f-c22a-43e0-bf4c-06f5698ffbd9}""/>
    <EventID>11</EventID>
    <Version>2</Version>
    <Level>4</Level>
    <Task>11</Task>
    <Opcode>0</Opcode>
    <Keywords>0x8000000000000000</Keywords>
    <TimeCreated SystemTime=""2023-12-19T23:02:15.4651734Z""/>
    <EventRecordID>4979</EventRecordID>
    <Correlation/>
    <Execution ProcessID=""3400"" ThreadID=""4208""/>
    <Channel>Microsoft-Windows-Sysmon/Operational</Channel>
    <Computer>WinDev2309Eval</Computer>
    <Security UserID=""S-1-5-18""/>
  </System>
  <EventData>
    <Data Name=""RuleName"">DLL</Data>
    <Data Name=""UtcTime"">2023-12-19 23:02:15.456</Data>
    <Data Name=""ProcessGuid"">{f57bd86a-20d2-6582-1902-000000000d00}</Data>
    <Data Name=""ProcessId"">8056</Data>
    <Data Name=""Image"">C:\Windows\system32\svchost.exe</Data>
    <Data Name=""TargetFilename"">C:\Program Files\WindowsApps\Microsoft.WindowsAppRuntime.1.4_4000.1049.117.0_x64__8wekyb3d8bbwe\Microsoft.WindowsAppRuntime.Insights.Resource.dll</Data>
    <Data Name=""CreationUtcTime"">2023-12-19 23:02:15.456</Data>
    <Data Name=""User"">NT AUTHORITY\SYSTEM</Data>
  </EventData>
</Event>
"
Microsoft-Windows-Sysmon/Operational,,,WinDev2309Eval,02:15.5,,,,,,,,,11,4978,,,,C:\Windows\system32\svchost.exe,,,0x8000000000000000,4,,,,,0,,,,,,,{f57bd86a-20d2-6582-1902-000000000d00},3400,8056.0,,,,,,DLL,,,,,,,,,,,,,2023-12-19T23:02:15.4649108Z,C:\Program Files\WindowsApps\Microsoft.WindowsAppRuntime.1.4_4000.1049.117.0_x64__8wekyb3d8bbwe\Microsoft.WindowsAppRuntime.dll,,,,,,11,,4208,NT AUTHORITY\SYSTEM,S-1-5-18,02:15.5,2.0,"<Event xmlns=""http://schemas.microsoft.com/win/2004/08/events/event"">
  <System>
    <Provider Name=""Microsoft-Windows-Sysmon"" Guid=""{5770385f-c22a-43e0-bf4c-06f5698ffbd9}""/>
    <EventID>11</EventID>
    <Version>2</Version>
    <Level>4</Level>
    <Task>11</Task>
    <Opcode>0</Opcode>
    <Keywords>0x8000000000000000</Keywords>
    <TimeCreated SystemTime=""2023-12-19T23:02:15.4649108Z""/>
    <EventRecordID>4978</EventRecordID>
    <Correlation/>
    <Execution ProcessID=""3400"" ThreadID=""4208""/>
    <Channel>Microsoft-Windows-Sysmon/Operational</Channel>
    <Computer>WinDev2309Eval</Computer>
    <Security UserID=""S-1-5-18""/>
  </System>
  <EventData>
    <Data Name=""RuleName"">DLL</Data>
    <Data Name=""UtcTime"">2023-12-19 23:02:15.456</Data>
    <Data Name=""ProcessGuid"">{f57bd86a-20d2-6582-1902-000000000d00}</Data>
    <Data Name=""ProcessId"">8056</Data>
    <Data Name=""Image"">C:\Windows\system32\svchost.exe</Data>
    <Data Name=""TargetFilename"">C:\Program Files\WindowsApps\Microsoft.WindowsAppRuntime.1.4_4000.1049.117.0_x64__8wekyb3d8bbwe\Microsoft.WindowsAppRuntime.dll</Data>
    <Data Name=""CreationUtcTime"">2023-12-19 23:02:15.456</Data>
    <Data Name=""User"">NT AUTHORITY\SYSTEM</Data>
  </EventData>
</Event>
"
Microsoft-Windows-Sysmon/Operational,,,WinDev2309Eval,02:15.5,,,,,,,,,11,4977,,,,C:\Windows\system32\svchost.exe,,,0x8000000000000000,4,,,,,0,,,,,,,{f57bd86a-20d2-6582-1902-000000000d00},3400,8056.0,,,,,,DLL,,,,,,,,,,,,,2023-12-19T23:02:15.4646493Z,C:\Program Files\WindowsApps\Microsoft.WindowsAppRuntime.1.4_4000.1049.117.0_x64__8wekyb3d8bbwe\Microsoft.WindowsAppRuntime.Bootstrap.dll,,,,,,11,,4208,NT AUTHORITY\SYSTEM,S-1-5-18,02:15.5,2.0,"<Event xmlns=""http://schemas.microsoft.com/win/2004/08/events/event"">
  <System>
    <Provider Name=""Microsoft-Windows-Sysmon"" Guid=""{5770385f-c22a-43e0-bf4c-06f5698ffbd9}""/>
    <EventID>11</EventID>
    <Version>2</Version>
    <Level>4</Level>
    <Task>11</Task>
    <Opcode>0</Opcode>
    <Keywords>0x8000000000000000</Keywords>
    <TimeCreated SystemTime=""2023-12-19T23:02:15.4646493Z""/>
    <EventRecordID>4977</EventRecordID>
    <Correlation/>
    <Execution ProcessID=""3400"" ThreadID=""4208""/>
    <Channel>Microsoft-Windows-Sysmon/Operational</Channel>
    <Computer>WinDev2309Eval</Computer>
    <Security UserID=""S-1-5-18""/>
  </System>
  <EventData>
    <Data Name=""RuleName"">DLL</Data>
    <Data Name=""UtcTime"">2023-12-19 23:02:15.456</Data>
    <Data Name=""ProcessGuid"">{f57bd86a-20d2-6582-1902-000000000d00}</Data>
    <Data Name=""ProcessId"">8056</Data>
    <Data Name=""Image"">C:\Windows\system32\svchost.exe</Data>
    <Data Name=""TargetFilename"">C:\Program Files\WindowsApps\Microsoft.WindowsAppRuntime.1.4_4000.1049.117.0_x64__8wekyb3d8bbwe\Microsoft.WindowsAppRuntime.Bootstrap.dll</Data>
    <Data Name=""CreationUtcTime"">2023-12-19 23:02:15.456</Data>
    <Data Name=""User"">NT AUTHORITY\SYSTEM</Data>
  </EventData>
</Event>
"
Microsoft-Windows-Sysmon/Operational,,,WinDev2309Eval,02:15.5,,,,,,,,,11,4976,,,,C:\Windows\system32\svchost.exe,,,0x8000000000000000,4,,,,,0,,,,,,,{f57bd86a-20d2-6582-1902-000000000d00},3400,8056.0,,,,,,DLL,,,,,,,,,,,,,2023-12-19T23:02:15.4643440Z,C:\Program Files\WindowsApps\Microsoft.WindowsAppRuntime.1.4_4000.1049.117.0_x64__8wekyb3d8bbwe\Microsoft.Windows.Widgets.dll,,,,,,11,,4208,NT AUTHORITY\SYSTEM,S-1-5-18,02:15.5,2.0,"<Event xmlns=""http://schemas.microsoft.com/win/2004/08/events/event"">
  <System>
    <Provider Name=""Microsoft-Windows-Sysmon"" Guid=""{5770385f-c22a-43e0-bf4c-06f5698ffbd9}""/>
    <EventID>11</EventID>
    <Version>2</Version>
    <Level>4</Level>
    <Task>11</Task>
    <Opcode>0</Opcode>
    <Keywords>0x8000000000000000</Keywords>
    <TimeCreated SystemTime=""2023-12-19T23:02:15.4643440Z""/>
    <EventRecordID>4976</EventRecordID>
    <Correlation/>
    <Execution ProcessID=""3400"" ThreadID=""4208""/>
    <Channel>Microsoft-Windows-Sysmon/Operational</Channel>
    <Computer>WinDev2309Eval</Computer>
    <Security UserID=""S-1-5-18""/>
  </System>
  <EventData>
    <Data Name=""RuleName"">DLL</Data>
    <Data Name=""UtcTime"">2023-12-19 23:02:15.456</Data>
    <Data Name=""ProcessGuid"">{f57bd86a-20d2-6582-1902-000000000d00}</Data>
    <Data Name=""ProcessId"">8056</Data>
    <Data Name=""Image"">C:\Windows\system32\svchost.exe</Data>
    <Data Name=""TargetFilename"">C:\Program Files\WindowsApps\Microsoft.WindowsAppRuntime.1.4_4000.1049.117.0_x64__8wekyb3d8bbwe\Microsoft.Windows.Widgets.dll</Data>
    <Data Name=""CreationUtcTime"">2023-12-19 23:02:15.456</Data>
    <Data Name=""User"">NT AUTHORITY\SYSTEM</Data>
  </EventData>
</Event>
"
Microsoft-Windows-Sysmon/Operational,,,WinDev2309Eval,02:15.5,,,,,,,,,11,4975,,,,C:\Windows\system32\svchost.exe,,,0x8000000000000000,4,,,,,0,,,,,,,{f57bd86a-20d2-6582-1902-000000000d00},3400,8056.0,,,,,,DLL,,,,,,,,,,,,,2023-12-19T23:02:15.4640878Z,C:\Program Files\WindowsApps\Microsoft.WindowsAppRuntime.1.4_4000.1049.117.0_x64__8wekyb3d8bbwe\Microsoft.Windows.ApplicationModel.Resources.dll,,,,,,11,,4208,NT AUTHORITY\SYSTEM,S-1-5-18,02:15.5,2.0,"<Event xmlns=""http://schemas.microsoft.com/win/2004/08/events/event"">
  <System>
    <Provider Name=""Microsoft-Windows-Sysmon"" Guid=""{5770385f-c22a-43e0-bf4c-06f5698ffbd9}""/>
    <EventID>11</EventID>
    <Version>2</Version>
    <Level>4</Level>
    <Task>11</Task>
    <Opcode>0</Opcode>
    <Keywords>0x8000000000000000</Keywords>
    <TimeCreated SystemTime=""2023-12-19T23:02:15.4640878Z""/>
    <EventRecordID>4975</EventRecordID>
    <Correlation/>
    <Execution ProcessID=""3400"" ThreadID=""4208""/>
    <Channel>Microsoft-Windows-Sysmon/Operational</Channel>
    <Computer>WinDev2309Eval</Computer>
    <Security UserID=""S-1-5-18""/>
  </System>
  <EventData>
    <Data Name=""RuleName"">DLL</Data>
    <Data Name=""UtcTime"">2023-12-19 23:02:15.456</Data>
    <Data Name=""ProcessGuid"">{f57bd86a-20d2-6582-1902-000000000d00}</Data>
    <Data Name=""ProcessId"">8056</Data>
    <Data Name=""Image"">C:\Windows\system32\svchost.exe</Data>
    <Data Name=""TargetFilename"">C:\Program Files\WindowsApps\Microsoft.WindowsAppRuntime.1.4_4000.1049.117.0_x64__8wekyb3d8bbwe\Microsoft.Windows.ApplicationModel.Resources.dll</Data>
    <Data Name=""CreationUtcTime"">2023-12-19 23:02:15.456</Data>
    <Data Name=""User"">NT AUTHORITY\SYSTEM</Data>
  </EventData>
</Event>
"
Microsoft-Windows-Sysmon/Operational,,,WinDev2309Eval,02:15.5,,,,,,,,,11,4974,,,,C:\Windows\system32\svchost.exe,,,0x8000000000000000,4,,,,,0,,,,,,,{f57bd86a-20d2-6582-1902-000000000d00},3400,8056.0,,,,,,DLL,,,,,,,,,,,,,2023-12-19T23:02:15.4638234Z,C:\Program Files\WindowsApps\Microsoft.WindowsAppRuntime.1.4_4000.1049.117.0_x64__8wekyb3d8bbwe\Microsoft.Web.WebView2.Core.dll,,,,,,11,,4208,NT AUTHORITY\SYSTEM,S-1-5-18,02:15.5,2.0,"<Event xmlns=""http://schemas.microsoft.com/win/2004/08/events/event"">
  <System>
    <Provider Name=""Microsoft-Windows-Sysmon"" Guid=""{5770385f-c22a-43e0-bf4c-06f5698ffbd9}""/>
    <EventID>11</EventID>
    <Version>2</Version>
    <Level>4</Level>
    <Task>11</Task>
    <Opcode>0</Opcode>
    <Keywords>0x8000000000000000</Keywords>
    <TimeCreated SystemTime=""2023-12-19T23:02:15.4638234Z""/>
    <EventRecordID>4974</EventRecordID>
    <Correlation/>
    <Execution ProcessID=""3400"" ThreadID=""4208""/>
    <Channel>Microsoft-Windows-Sysmon/Operational</Channel>
    <Computer>WinDev2309Eval</Computer>
    <Security UserID=""S-1-5-18""/>
  </System>
  <EventData>
    <Data Name=""RuleName"">DLL</Data>
    <Data Name=""UtcTime"">2023-12-19 23:02:15.456</Data>
    <Data Name=""ProcessGuid"">{f57bd86a-20d2-6582-1902-000000000d00}</Data>
    <Data Name=""ProcessId"">8056</Data>
    <Data Name=""Image"">C:\Windows\system32\svchost.exe</Data>
    <Data Name=""TargetFilename"">C:\Program Files\WindowsApps\Microsoft.WindowsAppRuntime.1.4_4000.1049.117.0_x64__8wekyb3d8bbwe\Microsoft.Web.WebView2.Core.dll</Data>
    <Data Name=""CreationUtcTime"">2023-12-19 23:02:15.456</Data>
    <Data Name=""User"">NT AUTHORITY\SYSTEM</Data>
  </EventData>
</Event>
"
Microsoft-Windows-Sysmon/Operational,,,WinDev2309Eval,02:15.5,,,,,,,,,11,4973,,,,C:\Windows\system32\svchost.exe,,,0x8000000000000000,4,,,,,0,,,,,,,{f57bd86a-20d2-6582-1902-000000000d00},3400,8056.0,,,,,,DLL,,,,,,,,,,,,,2023-12-19T23:02:15.4635601Z,C:\Program Files\WindowsApps\Microsoft.WindowsAppRuntime.1.4_4000.1049.117.0_x64__8wekyb3d8bbwe\Microsoft.ui.xaml.resources.common.dll,,,,,,11,,4208,NT AUTHORITY\SYSTEM,S-1-5-18,02:15.5,2.0,"<Event xmlns=""http://schemas.microsoft.com/win/2004/08/events/event"">
  <System>
    <Provider Name=""Microsoft-Windows-Sysmon"" Guid=""{5770385f-c22a-43e0-bf4c-06f5698ffbd9}""/>
    <EventID>11</EventID>
    <Version>2</Version>
    <Level>4</Level>
    <Task>11</Task>
    <Opcode>0</Opcode>
    <Keywords>0x8000000000000000</Keywords>
    <TimeCreated SystemTime=""2023-12-19T23:02:15.4635601Z""/>
    <EventRecordID>4973</EventRecordID>
    <Correlation/>
    <Execution ProcessID=""3400"" ThreadID=""4208""/>
    <Channel>Microsoft-Windows-Sysmon/Operational</Channel>
    <Computer>WinDev2309Eval</Computer>
    <Security UserID=""S-1-5-18""/>
  </System>
  <EventData>
    <Data Name=""RuleName"">DLL</Data>
    <Data Name=""UtcTime"">2023-12-19 23:02:15.456</Data>
    <Data Name=""ProcessGuid"">{f57bd86a-20d2-6582-1902-000000000d00}</Data>
    <Data Name=""ProcessId"">8056</Data>
    <Data Name=""Image"">C:\Windows\system32\svchost.exe</Data>
    <Data Name=""TargetFilename"">C:\Program Files\WindowsApps\Microsoft.WindowsAppRuntime.1.4_4000.1049.117.0_x64__8wekyb3d8bbwe\Microsoft.ui.xaml.resources.common.dll</Data>
    <Data Name=""CreationUtcTime"">2023-12-19 23:02:15.456</Data>
    <Data Name=""User"">NT AUTHORITY\SYSTEM</Data>
  </EventData>
</Event>
"
Microsoft-Windows-Sysmon/Operational,,,WinDev2309Eval,02:15.5,,,,,,,,,11,4972,,,,C:\Windows\system32\svchost.exe,,,0x8000000000000000,4,,,,,0,,,,,,,{f57bd86a-20d2-6582-1902-000000000d00},3400,8056.0,,,,,,DLL,,,,,,,,,,,,,2023-12-19T23:02:15.4632926Z,C:\Program Files\WindowsApps\Microsoft.WindowsAppRuntime.1.4_4000.1049.117.0_x64__8wekyb3d8bbwe\Microsoft.ui.xaml.resources.19h1.dll,,,,,,11,,4208,NT AUTHORITY\SYSTEM,S-1-5-18,02:15.5,2.0,"<Event xmlns=""http://schemas.microsoft.com/win/2004/08/events/event"">
  <System>
    <Provider Name=""Microsoft-Windows-Sysmon"" Guid=""{5770385f-c22a-43e0-bf4c-06f5698ffbd9}""/>
    <EventID>11</EventID>
    <Version>2</Version>
    <Level>4</Level>
    <Task>11</Task>
    <Opcode>0</Opcode>
    <Keywords>0x8000000000000000</Keywords>
    <TimeCreated SystemTime=""2023-12-19T23:02:15.4632926Z""/>
    <EventRecordID>4972</EventRecordID>
    <Correlation/>
    <Execution ProcessID=""3400"" ThreadID=""4208""/>
    <Channel>Microsoft-Windows-Sysmon/Operational</Channel>
    <Computer>WinDev2309Eval</Computer>
    <Security UserID=""S-1-5-18""/>
  </System>
  <EventData>
    <Data Name=""RuleName"">DLL</Data>
    <Data Name=""UtcTime"">2023-12-19 23:02:15.456</Data>
    <Data Name=""ProcessGuid"">{f57bd86a-20d2-6582-1902-000000000d00}</Data>
    <Data Name=""ProcessId"">8056</Data>
    <Data Name=""Image"">C:\Windows\system32\svchost.exe</Data>
    <Data Name=""TargetFilename"">C:\Program Files\WindowsApps\Microsoft.WindowsAppRuntime.1.4_4000.1049.117.0_x64__8wekyb3d8bbwe\Microsoft.ui.xaml.resources.19h1.dll</Data>
    <Data Name=""CreationUtcTime"">2023-12-19 23:02:15.456</Data>
    <Data Name=""User"">NT AUTHORITY\SYSTEM</Data>
  </EventData>
</Event>
"
Microsoft-Windows-Sysmon/Operational,,,WinDev2309Eval,02:15.5,,,,,,,,,11,4971,,,,C:\Windows\system32\svchost.exe,,,0x8000000000000000,4,,,,,0,,,,,,,{f57bd86a-20d2-6582-1902-000000000d00},3400,8056.0,,,,,,DLL,,,,,,,,,,,,,2023-12-19T23:02:15.4630171Z,C:\Program Files\WindowsApps\Microsoft.WindowsAppRuntime.1.4_4000.1049.117.0_x64__8wekyb3d8bbwe\Microsoft.UI.Xaml.Phone.dll,,,,,,11,,4208,NT AUTHORITY\SYSTEM,S-1-5-18,02:15.5,2.0,"<Event xmlns=""http://schemas.microsoft.com/win/2004/08/events/event"">
  <System>
    <Provider Name=""Microsoft-Windows-Sysmon"" Guid=""{5770385f-c22a-43e0-bf4c-06f5698ffbd9}""/>
    <EventID>11</EventID>
    <Version>2</Version>
    <Level>4</Level>
    <Task>11</Task>
    <Opcode>0</Opcode>
    <Keywords>0x8000000000000000</Keywords>
    <TimeCreated SystemTime=""2023-12-19T23:02:15.4630171Z""/>
    <EventRecordID>4971</EventRecordID>
    <Correlation/>
    <Execution ProcessID=""3400"" ThreadID=""4208""/>
    <Channel>Microsoft-Windows-Sysmon/Operational</Channel>
    <Computer>WinDev2309Eval</Computer>
    <Security UserID=""S-1-5-18""/>
  </System>
  <EventData>
    <Data Name=""RuleName"">DLL</Data>
    <Data Name=""UtcTime"">2023-12-19 23:02:15.456</Data>
    <Data Name=""ProcessGuid"">{f57bd86a-20d2-6582-1902-000000000d00}</Data>
    <Data Name=""ProcessId"">8056</Data>
    <Data Name=""Image"">C:\Windows\system32\svchost.exe</Data>
    <Data Name=""TargetFilename"">C:\Program Files\WindowsApps\Microsoft.WindowsAppRuntime.1.4_4000.1049.117.0_x64__8wekyb3d8bbwe\Microsoft.UI.Xaml.Phone.dll</Data>
    <Data Name=""CreationUtcTime"">2023-12-19 23:02:15.456</Data>
    <Data Name=""User"">NT AUTHORITY\SYSTEM</Data>
  </EventData>
</Event>
"
Microsoft-Windows-Sysmon/Operational,,,WinDev2309Eval,02:15.5,,,,,,,,,11,4970,,,,C:\Windows\system32\svchost.exe,,,0x8000000000000000,4,,,,,0,,,,,,,{f57bd86a-20d2-6582-1902-000000000d00},3400,8056.0,,,,,,DLL,,,,,,,,,,,,,2023-12-19T23:02:15.4627498Z,C:\Program Files\WindowsApps\Microsoft.WindowsAppRuntime.1.4_4000.1049.117.0_x64__8wekyb3d8bbwe\Microsoft.UI.Xaml.Internal.dll,,,,,,11,,4208,NT AUTHORITY\SYSTEM,S-1-5-18,02:15.5,2.0,"<Event xmlns=""http://schemas.microsoft.com/win/2004/08/events/event"">
  <System>
    <Provider Name=""Microsoft-Windows-Sysmon"" Guid=""{5770385f-c22a-43e0-bf4c-06f5698ffbd9}""/>
    <EventID>11</EventID>
    <Version>2</Version>
    <Level>4</Level>
    <Task>11</Task>
    <Opcode>0</Opcode>
    <Keywords>0x8000000000000000</Keywords>
    <TimeCreated SystemTime=""2023-12-19T23:02:15.4627498Z""/>
    <EventRecordID>4970</EventRecordID>
    <Correlation/>
    <Execution ProcessID=""3400"" ThreadID=""4208""/>
    <Channel>Microsoft-Windows-Sysmon/Operational</Channel>
    <Computer>WinDev2309Eval</Computer>
    <Security UserID=""S-1-5-18""/>
  </System>
  <EventData>
    <Data Name=""RuleName"">DLL</Data>
    <Data Name=""UtcTime"">2023-12-19 23:02:15.456</Data>
    <Data Name=""ProcessGuid"">{f57bd86a-20d2-6582-1902-000000000d00}</Data>
    <Data Name=""ProcessId"">8056</Data>
    <Data Name=""Image"">C:\Windows\system32\svchost.exe</Data>
    <Data Name=""TargetFilename"">C:\Program Files\WindowsApps\Microsoft.WindowsAppRuntime.1.4_4000.1049.117.0_x64__8wekyb3d8bbwe\Microsoft.UI.Xaml.Internal.dll</Data>
    <Data Name=""CreationUtcTime"">2023-12-19 23:02:15.456</Data>
    <Data Name=""User"">NT AUTHORITY\SYSTEM</Data>
  </EventData>
</Event>
"
Microsoft-Windows-Sysmon/Operational,,,WinDev2309Eval,02:15.5,,,,,,,,,11,4969,,,,C:\Windows\system32\svchost.exe,,,0x8000000000000000,4,,,,,0,,,,,,,{f57bd86a-20d2-6582-1902-000000000d00},3400,8056.0,,,,,,DLL,,,,,,,,,,,,,2023-12-19T23:02:15.4624775Z,C:\Program Files\WindowsApps\Microsoft.WindowsAppRuntime.1.4_4000.1049.117.0_x64__8wekyb3d8bbwe\Microsoft.ui.xaml.dll,,,,,,11,,4208,NT AUTHORITY\SYSTEM,S-1-5-18,02:15.5,2.0,"<Event xmlns=""http://schemas.microsoft.com/win/2004/08/events/event"">
  <System>
    <Provider Name=""Microsoft-Windows-Sysmon"" Guid=""{5770385f-c22a-43e0-bf4c-06f5698ffbd9}""/>
    <EventID>11</EventID>
    <Version>2</Version>
    <Level>4</Level>
    <Task>11</Task>
    <Opcode>0</Opcode>
    <Keywords>0x8000000000000000</Keywords>
    <TimeCreated SystemTime=""2023-12-19T23:02:15.4624775Z""/>
    <EventRecordID>4969</EventRecordID>
    <Correlation/>
    <Execution ProcessID=""3400"" ThreadID=""4208""/>
    <Channel>Microsoft-Windows-Sysmon/Operational</Channel>
    <Computer>WinDev2309Eval</Computer>
    <Security UserID=""S-1-5-18""/>
  </System>
  <EventData>
    <Data Name=""RuleName"">DLL</Data>
    <Data Name=""UtcTime"">2023-12-19 23:02:15.456</Data>
    <Data Name=""ProcessGuid"">{f57bd86a-20d2-6582-1902-000000000d00}</Data>
    <Data Name=""ProcessId"">8056</Data>
    <Data Name=""Image"">C:\Windows\system32\svchost.exe</Data>
    <Data Name=""TargetFilename"">C:\Program Files\WindowsApps\Microsoft.WindowsAppRuntime.1.4_4000.1049.117.0_x64__8wekyb3d8bbwe\Microsoft.ui.xaml.dll</Data>
    <Data Name=""CreationUtcTime"">2023-12-19 23:02:15.456</Data>
    <Data Name=""User"">NT AUTHORITY\SYSTEM</Data>
  </EventData>
</Event>
"
Microsoft-Windows-Sysmon/Operational,,,WinDev2309Eval,02:15.5,,,,,,,,,11,4968,,,,C:\Windows\system32\svchost.exe,,,0x8000000000000000,4,,,,,0,,,,,,,{f57bd86a-20d2-6582-1902-000000000d00},3400,8056.0,,,,,,DLL,,,,,,,,,,,,,2023-12-19T23:02:15.4618151Z,C:\Program Files\WindowsApps\Microsoft.WindowsAppRuntime.1.4_4000.1049.117.0_x64__8wekyb3d8bbwe\Microsoft.UI.Xaml.Controls.dll,,,,,,11,,4208,NT AUTHORITY\SYSTEM,S-1-5-18,02:15.5,2.0,"<Event xmlns=""http://schemas.microsoft.com/win/2004/08/events/event"">
  <System>
    <Provider Name=""Microsoft-Windows-Sysmon"" Guid=""{5770385f-c22a-43e0-bf4c-06f5698ffbd9}""/>
    <EventID>11</EventID>
    <Version>2</Version>
    <Level>4</Level>
    <Task>11</Task>
    <Opcode>0</Opcode>
    <Keywords>0x8000000000000000</Keywords>
    <TimeCreated SystemTime=""2023-12-19T23:02:15.4618151Z""/>
    <EventRecordID>4968</EventRecordID>
    <Correlation/>
    <Execution ProcessID=""3400"" ThreadID=""4208""/>
    <Channel>Microsoft-Windows-Sysmon/Operational</Channel>
    <Computer>WinDev2309Eval</Computer>
    <Security UserID=""S-1-5-18""/>
  </System>
  <EventData>
    <Data Name=""RuleName"">DLL</Data>
    <Data Name=""UtcTime"">2023-12-19 23:02:15.456</Data>
    <Data Name=""ProcessGuid"">{f57bd86a-20d2-6582-1902-000000000d00}</Data>
    <Data Name=""ProcessId"">8056</Data>
    <Data Name=""Image"">C:\Windows\system32\svchost.exe</Data>
    <Data Name=""TargetFilename"">C:\Program Files\WindowsApps\Microsoft.WindowsAppRuntime.1.4_4000.1049.117.0_x64__8wekyb3d8bbwe\Microsoft.UI.Xaml.Controls.dll</Data>
    <Data Name=""CreationUtcTime"">2023-12-19 23:02:15.456</Data>
    <Data Name=""User"">NT AUTHORITY\SYSTEM</Data>
  </EventData>
</Event>
"
Microsoft-Windows-Sysmon/Operational,,,WinDev2309Eval,02:15.5,,,,,,,,,11,4967,,,,C:\Windows\system32\svchost.exe,,,0x8000000000000000,4,,,,,0,,,,,,,{f57bd86a-20d2-6582-1902-000000000d00},3400,8056.0,,,,,,DLL,,,,,,,,,,,,,2023-12-19T23:02:15.4615406Z,C:\Program Files\WindowsApps\Microsoft.WindowsAppRuntime.1.4_4000.1049.117.0_x64__8wekyb3d8bbwe\Microsoft.UI.Windowing.dll,,,,,,11,,4208,NT AUTHORITY\SYSTEM,S-1-5-18,02:15.5,2.0,"<Event xmlns=""http://schemas.microsoft.com/win/2004/08/events/event"">
  <System>
    <Provider Name=""Microsoft-Windows-Sysmon"" Guid=""{5770385f-c22a-43e0-bf4c-06f5698ffbd9}""/>
    <EventID>11</EventID>
    <Version>2</Version>
    <Level>4</Level>
    <Task>11</Task>
    <Opcode>0</Opcode>
    <Keywords>0x8000000000000000</Keywords>
    <TimeCreated SystemTime=""2023-12-19T23:02:15.4615406Z""/>
    <EventRecordID>4967</EventRecordID>
    <Correlation/>
    <Execution ProcessID=""3400"" ThreadID=""4208""/>
    <Channel>Microsoft-Windows-Sysmon/Operational</Channel>
    <Computer>WinDev2309Eval</Computer>
    <Security UserID=""S-1-5-18""/>
  </System>
  <EventData>
    <Data Name=""RuleName"">DLL</Data>
    <Data Name=""UtcTime"">2023-12-19 23:02:15.456</Data>
    <Data Name=""ProcessGuid"">{f57bd86a-20d2-6582-1902-000000000d00}</Data>
    <Data Name=""ProcessId"">8056</Data>
    <Data Name=""Image"">C:\Windows\system32\svchost.exe</Data>
    <Data Name=""TargetFilename"">C:\Program Files\WindowsApps\Microsoft.WindowsAppRuntime.1.4_4000.1049.117.0_x64__8wekyb3d8bbwe\Microsoft.UI.Windowing.dll</Data>
    <Data Name=""CreationUtcTime"">2023-12-19 23:02:15.456</Data>
    <Data Name=""User"">NT AUTHORITY\SYSTEM</Data>
  </EventData>
</Event>
"
Microsoft-Windows-Sysmon/Operational,,,WinDev2309Eval,02:15.5,,,,,,,,,11,4966,,,,C:\Windows\system32\svchost.exe,,,0x8000000000000000,4,,,,,0,,,,,,,{f57bd86a-20d2-6582-1902-000000000d00},3400,8056.0,,,,,,DLL,,,,,,,,,,,,,2023-12-19T23:02:15.4612610Z,C:\Program Files\WindowsApps\Microsoft.WindowsAppRuntime.1.4_4000.1049.117.0_x64__8wekyb3d8bbwe\Microsoft.UI.Windowing.Core.dll,,,,,,11,,4208,NT AUTHORITY\SYSTEM,S-1-5-18,02:15.5,2.0,"<Event xmlns=""http://schemas.microsoft.com/win/2004/08/events/event"">
  <System>
    <Provider Name=""Microsoft-Windows-Sysmon"" Guid=""{5770385f-c22a-43e0-bf4c-06f5698ffbd9}""/>
    <EventID>11</EventID>
    <Version>2</Version>
    <Level>4</Level>
    <Task>11</Task>
    <Opcode>0</Opcode>
    <Keywords>0x8000000000000000</Keywords>
    <TimeCreated SystemTime=""2023-12-19T23:02:15.4612610Z""/>
    <EventRecordID>4966</EventRecordID>
    <Correlation/>
    <Execution ProcessID=""3400"" ThreadID=""4208""/>
    <Channel>Microsoft-Windows-Sysmon/Operational</Channel>
    <Computer>WinDev2309Eval</Computer>
    <Security UserID=""S-1-5-18""/>
  </System>
  <EventData>
    <Data Name=""RuleName"">DLL</Data>
    <Data Name=""UtcTime"">2023-12-19 23:02:15.456</Data>
    <Data Name=""ProcessGuid"">{f57bd86a-20d2-6582-1902-000000000d00}</Data>
    <Data Name=""ProcessId"">8056</Data>
    <Data Name=""Image"">C:\Windows\system32\svchost.exe</Data>
    <Data Name=""TargetFilename"">C:\Program Files\WindowsApps\Microsoft.WindowsAppRuntime.1.4_4000.1049.117.0_x64__8wekyb3d8bbwe\Microsoft.UI.Windowing.Core.dll</Data>
    <Data Name=""CreationUtcTime"">2023-12-19 23:02:15.456</Data>
    <Data Name=""User"">NT AUTHORITY\SYSTEM</Data>
  </EventData>
</Event>
"
Microsoft-Windows-Sysmon/Operational,,,WinDev2309Eval,02:15.5,,,,,,,,,11,4965,,,,C:\Windows\system32\svchost.exe,,,0x8000000000000000,4,,,,,0,,,,,,,{f57bd86a-20d2-6582-1902-000000000d00},3400,8056.0,,,,,,DLL,,,,,,,,,,,,,2023-12-19T23:02:15.4609442Z,C:\Program Files\WindowsApps\Microsoft.WindowsAppRuntime.1.4_4000.1049.117.0_x64__8wekyb3d8bbwe\Microsoft.UI.Input.dll,,,,,,11,,4208,NT AUTHORITY\SYSTEM,S-1-5-18,02:15.5,2.0,"<Event xmlns=""http://schemas.microsoft.com/win/2004/08/events/event"">
  <System>
    <Provider Name=""Microsoft-Windows-Sysmon"" Guid=""{5770385f-c22a-43e0-bf4c-06f5698ffbd9}""/>
    <EventID>11</EventID>
    <Version>2</Version>
    <Level>4</Level>
    <Task>11</Task>
    <Opcode>0</Opcode>
    <Keywords>0x8000000000000000</Keywords>
    <TimeCreated SystemTime=""2023-12-19T23:02:15.4609442Z""/>
    <EventRecordID>4965</EventRecordID>
    <Correlation/>
    <Execution ProcessID=""3400"" ThreadID=""4208""/>
    <Channel>Microsoft-Windows-Sysmon/Operational</Channel>
    <Computer>WinDev2309Eval</Computer>
    <Security UserID=""S-1-5-18""/>
  </System>
  <EventData>
    <Data Name=""RuleName"">DLL</Data>
    <Data Name=""UtcTime"">2023-12-19 23:02:15.456</Data>
    <Data Name=""ProcessGuid"">{f57bd86a-20d2-6582-1902-000000000d00}</Data>
    <Data Name=""ProcessId"">8056</Data>
    <Data Name=""Image"">C:\Windows\system32\svchost.exe</Data>
    <Data Name=""TargetFilename"">C:\Program Files\WindowsApps\Microsoft.WindowsAppRuntime.1.4_4000.1049.117.0_x64__8wekyb3d8bbwe\Microsoft.UI.Input.dll</Data>
    <Data Name=""CreationUtcTime"">2023-12-19 23:02:15.456</Data>
    <Data Name=""User"">NT AUTHORITY\SYSTEM</Data>
  </EventData>
</Event>
"
Microsoft-Windows-Sysmon/Operational,,,WinDev2309Eval,02:15.5,,,,,,,,,11,4964,,,,C:\Windows\system32\svchost.exe,,,0x8000000000000000,4,,,,,0,,,,,,,{f57bd86a-20d2-6582-1902-000000000d00},3400,8056.0,,,,,,DLL,,,,,,,,,,,,,2023-12-19T23:02:15.4606600Z,C:\Program Files\WindowsApps\Microsoft.WindowsAppRuntime.1.4_4000.1049.117.0_x64__8wekyb3d8bbwe\Microsoft.UI.dll,,,,,,11,,4208,NT AUTHORITY\SYSTEM,S-1-5-18,02:15.5,2.0,"<Event xmlns=""http://schemas.microsoft.com/win/2004/08/events/event"">
  <System>
    <Provider Name=""Microsoft-Windows-Sysmon"" Guid=""{5770385f-c22a-43e0-bf4c-06f5698ffbd9}""/>
    <EventID>11</EventID>
    <Version>2</Version>
    <Level>4</Level>
    <Task>11</Task>
    <Opcode>0</Opcode>
    <Keywords>0x8000000000000000</Keywords>
    <TimeCreated SystemTime=""2023-12-19T23:02:15.4606600Z""/>
    <EventRecordID>4964</EventRecordID>
    <Correlation/>
    <Execution ProcessID=""3400"" ThreadID=""4208""/>
    <Channel>Microsoft-Windows-Sysmon/Operational</Channel>
    <Computer>WinDev2309Eval</Computer>
    <Security UserID=""S-1-5-18""/>
  </System>
  <EventData>
    <Data Name=""RuleName"">DLL</Data>
    <Data Name=""UtcTime"">2023-12-19 23:02:15.456</Data>
    <Data Name=""ProcessGuid"">{f57bd86a-20d2-6582-1902-000000000d00}</Data>
    <Data Name=""ProcessId"">8056</Data>
    <Data Name=""Image"">C:\Windows\system32\svchost.exe</Data>
    <Data Name=""TargetFilename"">C:\Program Files\WindowsApps\Microsoft.WindowsAppRuntime.1.4_4000.1049.117.0_x64__8wekyb3d8bbwe\Microsoft.UI.dll</Data>
    <Data Name=""CreationUtcTime"">2023-12-19 23:02:15.456</Data>
    <Data Name=""User"">NT AUTHORITY\SYSTEM</Data>
  </EventData>
</Event>
"
Microsoft-Windows-Sysmon/Operational,,,WinDev2309Eval,02:15.5,,,,,,,,,11,4963,,,,C:\Windows\system32\svchost.exe,,,0x8000000000000000,4,,,,,0,,,,,,,{f57bd86a-20d2-6582-1902-000000000d00},3400,8056.0,,,,,,DLL,,,,,,,,,,,,,2023-12-19T23:02:15.4603821Z,C:\Program Files\WindowsApps\Microsoft.WindowsAppRuntime.1.4_4000.1049.117.0_x64__8wekyb3d8bbwe\Microsoft.UI.Composition.OSSupport.dll,,,,,,11,,4208,NT AUTHORITY\SYSTEM,S-1-5-18,02:15.5,2.0,"<Event xmlns=""http://schemas.microsoft.com/win/2004/08/events/event"">
  <System>
    <Provider Name=""Microsoft-Windows-Sysmon"" Guid=""{5770385f-c22a-43e0-bf4c-06f5698ffbd9}""/>
    <EventID>11</EventID>
    <Version>2</Version>
    <Level>4</Level>
    <Task>11</Task>
    <Opcode>0</Opcode>
    <Keywords>0x8000000000000000</Keywords>
    <TimeCreated SystemTime=""2023-12-19T23:02:15.4603821Z""/>
    <EventRecordID>4963</EventRecordID>
    <Correlation/>
    <Execution ProcessID=""3400"" ThreadID=""4208""/>
    <Channel>Microsoft-Windows-Sysmon/Operational</Channel>
    <Computer>WinDev2309Eval</Computer>
    <Security UserID=""S-1-5-18""/>
  </System>
  <EventData>
    <Data Name=""RuleName"">DLL</Data>
    <Data Name=""UtcTime"">2023-12-19 23:02:15.456</Data>
    <Data Name=""ProcessGuid"">{f57bd86a-20d2-6582-1902-000000000d00}</Data>
    <Data Name=""ProcessId"">8056</Data>
    <Data Name=""Image"">C:\Windows\system32\svchost.exe</Data>
    <Data Name=""TargetFilename"">C:\Program Files\WindowsApps\Microsoft.WindowsAppRuntime.1.4_4000.1049.117.0_x64__8wekyb3d8bbwe\Microsoft.UI.Composition.OSSupport.dll</Data>
    <Data Name=""CreationUtcTime"">2023-12-19 23:02:15.456</Data>
    <Data Name=""User"">NT AUTHORITY\SYSTEM</Data>
  </EventData>
</Event>
"
Microsoft-Windows-Sysmon/Operational,,,WinDev2309Eval,02:15.5,,,,,,,,,11,4962,,,,C:\Windows\system32\svchost.exe,,,0x8000000000000000,4,,,,,0,,,,,,,{f57bd86a-20d2-6582-1902-000000000d00},3400,8056.0,,,,,,DLL,,,,,,,,,,,,,2023-12-19T23:02:15.4600907Z,C:\Program Files\WindowsApps\Microsoft.WindowsAppRuntime.1.4_4000.1049.117.0_x64__8wekyb3d8bbwe\Microsoft.Internal.FrameworkUdk.dll,,,,,,11,,4208,NT AUTHORITY\SYSTEM,S-1-5-18,02:15.5,2.0,"<Event xmlns=""http://schemas.microsoft.com/win/2004/08/events/event"">
  <System>
    <Provider Name=""Microsoft-Windows-Sysmon"" Guid=""{5770385f-c22a-43e0-bf4c-06f5698ffbd9}""/>
    <EventID>11</EventID>
    <Version>2</Version>
    <Level>4</Level>
    <Task>11</Task>
    <Opcode>0</Opcode>
    <Keywords>0x8000000000000000</Keywords>
    <TimeCreated SystemTime=""2023-12-19T23:02:15.4600907Z""/>
    <EventRecordID>4962</EventRecordID>
    <Correlation/>
    <Execution ProcessID=""3400"" ThreadID=""4208""/>
    <Channel>Microsoft-Windows-Sysmon/Operational</Channel>
    <Computer>WinDev2309Eval</Computer>
    <Security UserID=""S-1-5-18""/>
  </System>
  <EventData>
    <Data Name=""RuleName"">DLL</Data>
    <Data Name=""UtcTime"">2023-12-19 23:02:15.456</Data>
    <Data Name=""ProcessGuid"">{f57bd86a-20d2-6582-1902-000000000d00}</Data>
    <Data Name=""ProcessId"">8056</Data>
    <Data Name=""Image"">C:\Windows\system32\svchost.exe</Data>
    <Data Name=""TargetFilename"">C:\Program Files\WindowsApps\Microsoft.WindowsAppRuntime.1.4_4000.1049.117.0_x64__8wekyb3d8bbwe\Microsoft.Internal.FrameworkUdk.dll</Data>
    <Data Name=""CreationUtcTime"">2023-12-19 23:02:15.456</Data>
    <Data Name=""User"">NT AUTHORITY\SYSTEM</Data>
  </EventData>
</Event>
"
Microsoft-Windows-Sysmon/Operational,,,WinDev2309Eval,02:15.5,,,,,,,,,11,4961,,,,C:\Windows\system32\svchost.exe,,,0x8000000000000000,4,,,,,0,,,,,,,{f57bd86a-20d2-6582-1902-000000000d00},3400,8056.0,,,,,,DLL,,,,,,,,,,,,,2023-12-19T23:02:15.4598067Z,C:\Program Files\WindowsApps\Microsoft.WindowsAppRuntime.1.4_4000.1049.117.0_x64__8wekyb3d8bbwe\Microsoft.InputStateManager.dll,,,,,,11,,4208,NT AUTHORITY\SYSTEM,S-1-5-18,02:15.5,2.0,"<Event xmlns=""http://schemas.microsoft.com/win/2004/08/events/event"">
  <System>
    <Provider Name=""Microsoft-Windows-Sysmon"" Guid=""{5770385f-c22a-43e0-bf4c-06f5698ffbd9}""/>
    <EventID>11</EventID>
    <Version>2</Version>
    <Level>4</Level>
    <Task>11</Task>
    <Opcode>0</Opcode>
    <Keywords>0x8000000000000000</Keywords>
    <TimeCreated SystemTime=""2023-12-19T23:02:15.4598067Z""/>
    <EventRecordID>4961</EventRecordID>
    <Correlation/>
    <Execution ProcessID=""3400"" ThreadID=""4208""/>
    <Channel>Microsoft-Windows-Sysmon/Operational</Channel>
    <Computer>WinDev2309Eval</Computer>
    <Security UserID=""S-1-5-18""/>
  </System>
  <EventData>
    <Data Name=""RuleName"">DLL</Data>
    <Data Name=""UtcTime"">2023-12-19 23:02:15.456</Data>
    <Data Name=""ProcessGuid"">{f57bd86a-20d2-6582-1902-000000000d00}</Data>
    <Data Name=""ProcessId"">8056</Data>
    <Data Name=""Image"">C:\Windows\system32\svchost.exe</Data>
    <Data Name=""TargetFilename"">C:\Program Files\WindowsApps\Microsoft.WindowsAppRuntime.1.4_4000.1049.117.0_x64__8wekyb3d8bbwe\Microsoft.InputStateManager.dll</Data>
    <Data Name=""CreationUtcTime"">2023-12-19 23:02:15.456</Data>
    <Data Name=""User"">NT AUTHORITY\SYSTEM</Data>
  </EventData>
</Event>
"
Microsoft-Windows-Sysmon/Operational,,,WinDev2309Eval,02:15.5,,,,,,,,,11,4960,,,,C:\Windows\system32\svchost.exe,,,0x8000000000000000,4,,,,,0,,,,,,,{f57bd86a-20d2-6582-1902-000000000d00},3400,8056.0,,,,,,DLL,,,,,,,,,,,,,2023-12-19T23:02:15.4595213Z,C:\Program Files\WindowsApps\Microsoft.WindowsAppRuntime.1.4_4000.1049.117.0_x64__8wekyb3d8bbwe\Microsoft.Graphics.Display.dll,,,,,,11,,4208,NT AUTHORITY\SYSTEM,S-1-5-18,02:15.5,2.0,"<Event xmlns=""http://schemas.microsoft.com/win/2004/08/events/event"">
  <System>
    <Provider Name=""Microsoft-Windows-Sysmon"" Guid=""{5770385f-c22a-43e0-bf4c-06f5698ffbd9}""/>
    <EventID>11</EventID>
    <Version>2</Version>
    <Level>4</Level>
    <Task>11</Task>
    <Opcode>0</Opcode>
    <Keywords>0x8000000000000000</Keywords>
    <TimeCreated SystemTime=""2023-12-19T23:02:15.4595213Z""/>
    <EventRecordID>4960</EventRecordID>
    <Correlation/>
    <Execution ProcessID=""3400"" ThreadID=""4208""/>
    <Channel>Microsoft-Windows-Sysmon/Operational</Channel>
    <Computer>WinDev2309Eval</Computer>
    <Security UserID=""S-1-5-18""/>
  </System>
  <EventData>
    <Data Name=""RuleName"">DLL</Data>
    <Data Name=""UtcTime"">2023-12-19 23:02:15.456</Data>
    <Data Name=""ProcessGuid"">{f57bd86a-20d2-6582-1902-000000000d00}</Data>
    <Data Name=""ProcessId"">8056</Data>
    <Data Name=""Image"">C:\Windows\system32\svchost.exe</Data>
    <Data Name=""TargetFilename"">C:\Program Files\WindowsApps\Microsoft.WindowsAppRuntime.1.4_4000.1049.117.0_x64__8wekyb3d8bbwe\Microsoft.Graphics.Display.dll</Data>
    <Data Name=""CreationUtcTime"">2023-12-19 23:02:15.456</Data>
    <Data Name=""User"">NT AUTHORITY\SYSTEM</Data>
  </EventData>
</Event>
"
Microsoft-Windows-Sysmon/Operational,,,WinDev2309Eval,02:15.5,,,,,,,,,11,4959,,,,C:\Windows\system32\svchost.exe,,,0x8000000000000000,4,,,,,0,,,,,,,{f57bd86a-20d2-6582-1902-000000000d00},3400,8056.0,,,,,,DLL,,,,,,,,,,,,,2023-12-19T23:02:15.4592221Z,C:\Program Files\WindowsApps\Microsoft.WindowsAppRuntime.1.4_4000.1049.117.0_x64__8wekyb3d8bbwe\Microsoft.DirectManipulation.dll,,,,,,11,,4208,NT AUTHORITY\SYSTEM,S-1-5-18,02:15.5,2.0,"<Event xmlns=""http://schemas.microsoft.com/win/2004/08/events/event"">
  <System>
    <Provider Name=""Microsoft-Windows-Sysmon"" Guid=""{5770385f-c22a-43e0-bf4c-06f5698ffbd9}""/>
    <EventID>11</EventID>
    <Version>2</Version>
    <Level>4</Level>
    <Task>11</Task>
    <Opcode>0</Opcode>
    <Keywords>0x8000000000000000</Keywords>
    <TimeCreated SystemTime=""2023-12-19T23:02:15.4592221Z""/>
    <EventRecordID>4959</EventRecordID>
    <Correlation/>
    <Execution ProcessID=""3400"" ThreadID=""4208""/>
    <Channel>Microsoft-Windows-Sysmon/Operational</Channel>
    <Computer>WinDev2309Eval</Computer>
    <Security UserID=""S-1-5-18""/>
  </System>
  <EventData>
    <Data Name=""RuleName"">DLL</Data>
    <Data Name=""UtcTime"">2023-12-19 23:02:15.456</Data>
    <Data Name=""ProcessGuid"">{f57bd86a-20d2-6582-1902-000000000d00}</Data>
    <Data Name=""ProcessId"">8056</Data>
    <Data Name=""Image"">C:\Windows\system32\svchost.exe</Data>
    <Data Name=""TargetFilename"">C:\Program Files\WindowsApps\Microsoft.WindowsAppRuntime.1.4_4000.1049.117.0_x64__8wekyb3d8bbwe\Microsoft.DirectManipulation.dll</Data>
    <Data Name=""CreationUtcTime"">2023-12-19 23:02:15.456</Data>
    <Data Name=""User"">NT AUTHORITY\SYSTEM</Data>
  </EventData>
</Event>
"
Microsoft-Windows-Sysmon/Operational,,,WinDev2309Eval,02:15.5,,,,,,,,,11,4958,,,,C:\Windows\system32\svchost.exe,,,0x8000000000000000,4,,,,,0,,,,,,,{f57bd86a-20d2-6582-1902-000000000d00},3400,8056.0,,,,,,DLL,,,,,,,,,,,,,2023-12-19T23:02:15.4589387Z,C:\Program Files\WindowsApps\Microsoft.WindowsAppRuntime.1.4_4000.1049.117.0_x64__8wekyb3d8bbwe\marshal.dll,,,,,,11,,4208,NT AUTHORITY\SYSTEM,S-1-5-18,02:15.5,2.0,"<Event xmlns=""http://schemas.microsoft.com/win/2004/08/events/event"">
  <System>
    <Provider Name=""Microsoft-Windows-Sysmon"" Guid=""{5770385f-c22a-43e0-bf4c-06f5698ffbd9}""/>
    <EventID>11</EventID>
    <Version>2</Version>
    <Level>4</Level>
    <Task>11</Task>
    <Opcode>0</Opcode>
    <Keywords>0x8000000000000000</Keywords>
    <TimeCreated SystemTime=""2023-12-19T23:02:15.4589387Z""/>
    <EventRecordID>4958</EventRecordID>
    <Correlation/>
    <Execution ProcessID=""3400"" ThreadID=""4208""/>
    <Channel>Microsoft-Windows-Sysmon/Operational</Channel>
    <Computer>WinDev2309Eval</Computer>
    <Security UserID=""S-1-5-18""/>
  </System>
  <EventData>
    <Data Name=""RuleName"">DLL</Data>
    <Data Name=""UtcTime"">2023-12-19 23:02:15.456</Data>
    <Data Name=""ProcessGuid"">{f57bd86a-20d2-6582-1902-000000000d00}</Data>
    <Data Name=""ProcessId"">8056</Data>
    <Data Name=""Image"">C:\Windows\system32\svchost.exe</Data>
    <Data Name=""TargetFilename"">C:\Program Files\WindowsApps\Microsoft.WindowsAppRuntime.1.4_4000.1049.117.0_x64__8wekyb3d8bbwe\marshal.dll</Data>
    <Data Name=""CreationUtcTime"">2023-12-19 23:02:15.456</Data>
    <Data Name=""User"">NT AUTHORITY\SYSTEM</Data>
  </EventData>
</Event>
"
