Channel,CommandLine,Company,Computer,CreationUtcTime,CurrentDirectory,Description,DestinationHostname,DestinationIp,DestinationIsIpv6,DestinationPort,DestinationPortName,Details,EventID,EventRecordID,EventType,FileVersion,Hashes,Image,Initiated,IntegrityLevel,Keywords,Level,LogonGuid,LogonId,Message,NewThreadId,Opcode,OriginalFileName,ParentCommandLine,ParentImage,ParentProcessGuid,ParentProcessId,ParentUser,ProcessGuid,ProcessID,ProcessId,Product,Protocol,QueryName,QueryResults,QueryStatus,RuleName,SourceHostname,SourceImage,SourceIp,SourceIsIpv6,SourcePort,SourcePortName,SourceProcessGuid,SourceProcessId,SourceUser,StartAddress,StartFunction,StartModule,SystemTime,TargetFilename,TargetImage,TargetObject,TargetProcessGuid,TargetProcessId,TargetUser,Task,TerminalSessionId,ThreadID,User,UserID,UtcTime,Version,raw
Microsoft-Windows-Sysmon/Operational,,,WinDev2309Eval,,,,,,,,,1/14/1981 14:51,13,2801,SetValue,,,C:\Windows\system32\compattelrunner.exe,,,0x8000000000000000,4,,,,,0,,,,,,,{f57bd86a-0db8-6582-d405-000000000b00},10484,3276.0,,,,,,InvDB-CompileTimeClaim,,,,,,,,,,,,,2023-12-19T21:40:12.8839695Z,,,\REGISTRY\A\{bd75d637-a777-f887-435f-6fd9b1f1f54b}\Root\InventoryApplicationFile\filetypeverifier|95953a4513baab1d\LinkDate,,,,13,,10592,NT AUTHORITY\SYSTEM,S-1-5-18,40:12.9,2.0,"<Event xmlns=""http://schemas.microsoft.com/win/2004/08/events/event"">
  <System>
    <Provider Name=""Microsoft-Windows-Sysmon"" Guid=""{5770385f-c22a-43e0-bf4c-06f5698ffbd9}""/>
    <EventID>13</EventID>
    <Version>2</Version>
    <Level>4</Level>
    <Task>13</Task>
    <Opcode>0</Opcode>
    <Keywords>0x8000000000000000</Keywords>
    <TimeCreated SystemTime=""2023-12-19T21:40:12.8839695Z""/>
    <EventRecordID>2801</EventRecordID>
    <Correlation/>
    <Execution ProcessID=""10484"" ThreadID=""10592""/>
    <Channel>Microsoft-Windows-Sysmon/Operational</Channel>
    <Computer>WinDev2309Eval</Computer>
    <Security UserID=""S-1-5-18""/>
  </System>
  <EventData>
    <Data Name=""RuleName"">InvDB-CompileTimeClaim</Data>
    <Data Name=""EventType"">SetValue</Data>
    <Data Name=""UtcTime"">2023-12-19 21:40:12.871</Data>
    <Data Name=""ProcessGuid"">{f57bd86a-0db8-6582-d405-000000000b00}</Data>
    <Data Name=""ProcessId"">3276</Data>
    <Data Name=""Image"">C:\Windows\system32\compattelrunner.exe</Data>
    <Data Name=""TargetObject"">\REGISTRY\A\{bd75d637-a777-f887-435f-6fd9b1f1f54b}\Root\InventoryApplicationFile\filetypeverifier|95953a4513baab1d\LinkDate</Data>
    <Data Name=""Details"">01/14/1981 14:51:38</Data>
    <Data Name=""User"">NT AUTHORITY\SYSTEM</Data>
  </EventData>
</Event>
"
Microsoft-Windows-Sysmon/Operational,,,WinDev2309Eval,,,,,,,,,microsoft corporation,13,2800,SetValue,,,C:\Windows\system32\compattelrunner.exe,,,0x8000000000000000,4,,,,,0,,,,,,,{f57bd86a-0db8-6582-d405-000000000b00},10484,3276.0,,,,,,InvDB-Pub,,,,,,,,,,,,,2023-12-19T21:40:12.8836421Z,,,\REGISTRY\A\{bd75d637-a777-f887-435f-6fd9b1f1f54b}\Root\InventoryApplicationFile\filetypeverifier|95953a4513baab1d\Publisher,,,,13,,10592,NT AUTHORITY\SYSTEM,S-1-5-18,40:12.9,2.0,"<Event xmlns=""http://schemas.microsoft.com/win/2004/08/events/event"">
  <System>
    <Provider Name=""Microsoft-Windows-Sysmon"" Guid=""{5770385f-c22a-43e0-bf4c-06f5698ffbd9}""/>
    <EventID>13</EventID>
    <Version>2</Version>
    <Level>4</Level>
    <Task>13</Task>
    <Opcode>0</Opcode>
    <Keywords>0x8000000000000000</Keywords>
    <TimeCreated SystemTime=""2023-12-19T21:40:12.8836421Z""/>
    <EventRecordID>2800</EventRecordID>
    <Correlation/>
    <Execution ProcessID=""10484"" ThreadID=""10592""/>
    <Channel>Microsoft-Windows-Sysmon/Operational</Channel>
    <Computer>WinDev2309Eval</Computer>
    <Security UserID=""S-1-5-18""/>
  </System>
  <EventData>
    <Data Name=""RuleName"">InvDB-Pub</Data>
    <Data Name=""EventType"">SetValue</Data>
    <Data Name=""UtcTime"">2023-12-19 21:40:12.871</Data>
    <Data Name=""ProcessGuid"">{f57bd86a-0db8-6582-d405-000000000b00}</Data>
    <Data Name=""ProcessId"">3276</Data>
    <Data Name=""Image"">C:\Windows\system32\compattelrunner.exe</Data>
    <Data Name=""TargetObject"">\REGISTRY\A\{bd75d637-a777-f887-435f-6fd9b1f1f54b}\Root\InventoryApplicationFile\filetypeverifier|95953a4513baab1d\Publisher</Data>
    <Data Name=""Details"">microsoft corporation</Data>
    <Data Name=""User"">NT AUTHORITY\SYSTEM</Data>
  </EventData>
</Event>
"
Microsoft-Windows-Sysmon/Operational,,,WinDev2309Eval,,,,,,,,,c:\program files (x86)\windows kits\10\bin\10.0.22621.0\x64\filetypeverifier.exe,13,2799,SetValue,,,C:\Windows\system32\compattelrunner.exe,,,0x8000000000000000,4,,,,,0,,,,,,,{f57bd86a-0db8-6582-d405-000000000b00},10484,3276.0,,,,,,InvDB-Path,,,,,,,,,,,,,2023-12-19T21:40:12.8834795Z,,,\REGISTRY\A\{bd75d637-a777-f887-435f-6fd9b1f1f54b}\Root\InventoryApplicationFile\filetypeverifier|95953a4513baab1d\LowerCaseLongPath,,,,13,,10592,NT AUTHORITY\SYSTEM,S-1-5-18,40:12.9,2.0,"<Event xmlns=""http://schemas.microsoft.com/win/2004/08/events/event"">
  <System>
    <Provider Name=""Microsoft-Windows-Sysmon"" Guid=""{5770385f-c22a-43e0-bf4c-06f5698ffbd9}""/>
    <EventID>13</EventID>
    <Version>2</Version>
    <Level>4</Level>
    <Task>13</Task>
    <Opcode>0</Opcode>
    <Keywords>0x8000000000000000</Keywords>
    <TimeCreated SystemTime=""2023-12-19T21:40:12.8834795Z""/>
    <EventRecordID>2799</EventRecordID>
    <Correlation/>
    <Execution ProcessID=""10484"" ThreadID=""10592""/>
    <Channel>Microsoft-Windows-Sysmon/Operational</Channel>
    <Computer>WinDev2309Eval</Computer>
    <Security UserID=""S-1-5-18""/>
  </System>
  <EventData>
    <Data Name=""RuleName"">InvDB-Path</Data>
    <Data Name=""EventType"">SetValue</Data>
    <Data Name=""UtcTime"">2023-12-19 21:40:12.871</Data>
    <Data Name=""ProcessGuid"">{f57bd86a-0db8-6582-d405-000000000b00}</Data>
    <Data Name=""ProcessId"">3276</Data>
    <Data Name=""Image"">C:\Windows\system32\compattelrunner.exe</Data>
    <Data Name=""TargetObject"">\REGISTRY\A\{bd75d637-a777-f887-435f-6fd9b1f1f54b}\Root\InventoryApplicationFile\filetypeverifier|95953a4513baab1d\LowerCaseLongPath</Data>
    <Data Name=""Details"">c:\program files (x86)\windows kits\10\bin\10.0.22621.0\x64\filetypeverifier.exe</Data>
    <Data Name=""User"">NT AUTHORITY\SYSTEM</Data>
  </EventData>
</Event>
"
Microsoft-Windows-Sysmon/Operational,,,WinDev2309Eval,,,,,,,,,1.0.0.0,13,2798,SetValue,,,C:\Windows\system32\compattelrunner.exe,,,0x8000000000000000,4,,,,,0,,,,,,,{f57bd86a-0db8-6582-d405-000000000b00},10484,3276.0,,,,,,InvDB-Ver,,,,,,,,,,,,,2023-12-19T21:40:12.8726026Z,,,\REGISTRY\A\{bd75d637-a777-f887-435f-6fd9b1f1f54b}\Root\InventoryApplicationFile\extidgen.exe|18825db710891786\BinProductVersion,,,,13,,10592,NT AUTHORITY\SYSTEM,S-1-5-18,40:12.9,2.0,"<Event xmlns=""http://schemas.microsoft.com/win/2004/08/events/event"">
  <System>
    <Provider Name=""Microsoft-Windows-Sysmon"" Guid=""{5770385f-c22a-43e0-bf4c-06f5698ffbd9}""/>
    <EventID>13</EventID>
    <Version>2</Version>
    <Level>4</Level>
    <Task>13</Task>
    <Opcode>0</Opcode>
    <Keywords>0x8000000000000000</Keywords>
    <TimeCreated SystemTime=""2023-12-19T21:40:12.8726026Z""/>
    <EventRecordID>2798</EventRecordID>
    <Correlation/>
    <Execution ProcessID=""10484"" ThreadID=""10592""/>
    <Channel>Microsoft-Windows-Sysmon/Operational</Channel>
    <Computer>WinDev2309Eval</Computer>
    <Security UserID=""S-1-5-18""/>
  </System>
  <EventData>
    <Data Name=""RuleName"">InvDB-Ver</Data>
    <Data Name=""EventType"">SetValue</Data>
    <Data Name=""UtcTime"">2023-12-19 21:40:12.871</Data>
    <Data Name=""ProcessGuid"">{f57bd86a-0db8-6582-d405-000000000b00}</Data>
    <Data Name=""ProcessId"">3276</Data>
    <Data Name=""Image"">C:\Windows\system32\compattelrunner.exe</Data>
    <Data Name=""TargetObject"">\REGISTRY\A\{bd75d637-a777-f887-435f-6fd9b1f1f54b}\Root\InventoryApplicationFile\extidgen.exe|18825db710891786\BinProductVersion</Data>
    <Data Name=""Details"">1.0.0.0</Data>
    <Data Name=""User"">NT AUTHORITY\SYSTEM</Data>
  </EventData>
</Event>
"
Microsoft-Windows-Sysmon/Operational,,,WinDev2309Eval,,,,,,,,,12/12/2104 21:36,13,2797,SetValue,,,C:\Windows\system32\compattelrunner.exe,,,0x8000000000000000,4,,,,,0,,,,,,,{f57bd86a-0db8-6582-d405-000000000b00},10484,3276.0,,,,,,InvDB-CompileTimeClaim,,,,,,,,,,,,,2023-12-19T21:40:12.8725448Z,,,\REGISTRY\A\{bd75d637-a777-f887-435f-6fd9b1f1f54b}\Root\InventoryApplicationFile\extidgen.exe|18825db710891786\LinkDate,,,,13,,10592,NT AUTHORITY\SYSTEM,S-1-5-18,40:12.9,2.0,"<Event xmlns=""http://schemas.microsoft.com/win/2004/08/events/event"">
  <System>
    <Provider Name=""Microsoft-Windows-Sysmon"" Guid=""{5770385f-c22a-43e0-bf4c-06f5698ffbd9}""/>
    <EventID>13</EventID>
    <Version>2</Version>
    <Level>4</Level>
    <Task>13</Task>
    <Opcode>0</Opcode>
    <Keywords>0x8000000000000000</Keywords>
    <TimeCreated SystemTime=""2023-12-19T21:40:12.8725448Z""/>
    <EventRecordID>2797</EventRecordID>
    <Correlation/>
    <Execution ProcessID=""10484"" ThreadID=""10592""/>
    <Channel>Microsoft-Windows-Sysmon/Operational</Channel>
    <Computer>WinDev2309Eval</Computer>
    <Security UserID=""S-1-5-18""/>
  </System>
  <EventData>
    <Data Name=""RuleName"">InvDB-CompileTimeClaim</Data>
    <Data Name=""EventType"">SetValue</Data>
    <Data Name=""UtcTime"">2023-12-19 21:40:12.871</Data>
    <Data Name=""ProcessGuid"">{f57bd86a-0db8-6582-d405-000000000b00}</Data>
    <Data Name=""ProcessId"">3276</Data>
    <Data Name=""Image"">C:\Windows\system32\compattelrunner.exe</Data>
    <Data Name=""TargetObject"">\REGISTRY\A\{bd75d637-a777-f887-435f-6fd9b1f1f54b}\Root\InventoryApplicationFile\extidgen.exe|18825db710891786\LinkDate</Data>
    <Data Name=""Details"">12/12/2104 21:36:09</Data>
    <Data Name=""User"">NT AUTHORITY\SYSTEM</Data>
  </EventData>
</Event>
"
Microsoft-Windows-Sysmon/Operational,,,WinDev2309Eval,,,,,,,,,microsoft corporation,13,2796,SetValue,,,C:\Windows\system32\compattelrunner.exe,,,0x8000000000000000,4,,,,,0,,,,,,,{f57bd86a-0db8-6582-d405-000000000b00},10484,3276.0,,,,,,InvDB-Pub,,,,,,,,,,,,,2023-12-19T21:40:12.8723168Z,,,\REGISTRY\A\{bd75d637-a777-f887-435f-6fd9b1f1f54b}\Root\InventoryApplicationFile\extidgen.exe|18825db710891786\Publisher,,,,13,,10592,NT AUTHORITY\SYSTEM,S-1-5-18,40:12.9,2.0,"<Event xmlns=""http://schemas.microsoft.com/win/2004/08/events/event"">
  <System>
    <Provider Name=""Microsoft-Windows-Sysmon"" Guid=""{5770385f-c22a-43e0-bf4c-06f5698ffbd9}""/>
    <EventID>13</EventID>
    <Version>2</Version>
    <Level>4</Level>
    <Task>13</Task>
    <Opcode>0</Opcode>
    <Keywords>0x8000000000000000</Keywords>
    <TimeCreated SystemTime=""2023-12-19T21:40:12.8723168Z""/>
    <EventRecordID>2796</EventRecordID>
    <Correlation/>
    <Execution ProcessID=""10484"" ThreadID=""10592""/>
    <Channel>Microsoft-Windows-Sysmon/Operational</Channel>
    <Computer>WinDev2309Eval</Computer>
    <Security UserID=""S-1-5-18""/>
  </System>
  <EventData>
    <Data Name=""RuleName"">InvDB-Pub</Data>
    <Data Name=""EventType"">SetValue</Data>
    <Data Name=""UtcTime"">2023-12-19 21:40:12.871</Data>
    <Data Name=""ProcessGuid"">{f57bd86a-0db8-6582-d405-000000000b00}</Data>
    <Data Name=""ProcessId"">3276</Data>
    <Data Name=""Image"">C:\Windows\system32\compattelrunner.exe</Data>
    <Data Name=""TargetObject"">\REGISTRY\A\{bd75d637-a777-f887-435f-6fd9b1f1f54b}\Root\InventoryApplicationFile\extidgen.exe|18825db710891786\Publisher</Data>
    <Data Name=""Details"">microsoft corporation</Data>
    <Data Name=""User"">NT AUTHORITY\SYSTEM</Data>
  </EventData>
</Event>
"
Microsoft-Windows-Sysmon/Operational,,,WinDev2309Eval,,,,,,,,,c:\program files (x86)\windows kits\10\bin\10.0.22621.0\x64\extidgen.exe,13,2795,SetValue,,,C:\Windows\system32\compattelrunner.exe,,,0x8000000000000000,4,,,,,0,,,,,,,{f57bd86a-0db8-6582-d405-000000000b00},10484,3276.0,,,,,,InvDB-Path,,,,,,,,,,,,,2023-12-19T21:40:12.8721991Z,,,\REGISTRY\A\{bd75d637-a777-f887-435f-6fd9b1f1f54b}\Root\InventoryApplicationFile\extidgen.exe|18825db710891786\LowerCaseLongPath,,,,13,,10592,NT AUTHORITY\SYSTEM,S-1-5-18,40:12.9,2.0,"<Event xmlns=""http://schemas.microsoft.com/win/2004/08/events/event"">
  <System>
    <Provider Name=""Microsoft-Windows-Sysmon"" Guid=""{5770385f-c22a-43e0-bf4c-06f5698ffbd9}""/>
    <EventID>13</EventID>
    <Version>2</Version>
    <Level>4</Level>
    <Task>13</Task>
    <Opcode>0</Opcode>
    <Keywords>0x8000000000000000</Keywords>
    <TimeCreated SystemTime=""2023-12-19T21:40:12.8721991Z""/>
    <EventRecordID>2795</EventRecordID>
    <Correlation/>
    <Execution ProcessID=""10484"" ThreadID=""10592""/>
    <Channel>Microsoft-Windows-Sysmon/Operational</Channel>
    <Computer>WinDev2309Eval</Computer>
    <Security UserID=""S-1-5-18""/>
  </System>
  <EventData>
    <Data Name=""RuleName"">InvDB-Path</Data>
    <Data Name=""EventType"">SetValue</Data>
    <Data Name=""UtcTime"">2023-12-19 21:40:12.871</Data>
    <Data Name=""ProcessGuid"">{f57bd86a-0db8-6582-d405-000000000b00}</Data>
    <Data Name=""ProcessId"">3276</Data>
    <Data Name=""Image"">C:\Windows\system32\compattelrunner.exe</Data>
    <Data Name=""TargetObject"">\REGISTRY\A\{bd75d637-a777-f887-435f-6fd9b1f1f54b}\Root\InventoryApplicationFile\extidgen.exe|18825db710891786\LowerCaseLongPath</Data>
    <Data Name=""Details"">c:\program files (x86)\windows kits\10\bin\10.0.22621.0\x64\extidgen.exe</Data>
    <Data Name=""User"">NT AUTHORITY\SYSTEM</Data>
  </EventData>
</Event>
"
Microsoft-Windows-Sysmon/Operational,,,WinDev2309Eval,,,,,,,,,10.0.22621.1778,13,2794,SetValue,,,C:\Windows\system32\compattelrunner.exe,,,0x8000000000000000,4,,,,,0,,,,,,,{f57bd86a-0db8-6582-d405-000000000b00},10484,3276.0,,,,,,InvDB-Ver,,,,,,,,,,,,,2023-12-19T21:40:12.8704236Z,,,\REGISTRY\A\{bd75d637-a777-f887-435f-6fd9b1f1f54b}\Root\InventoryApplicationFile\espexe.exe|f32374e830038a95\BinProductVersion,,,,13,,10592,NT AUTHORITY\SYSTEM,S-1-5-18,40:12.9,2.0,"<Event xmlns=""http://schemas.microsoft.com/win/2004/08/events/event"">
  <System>
    <Provider Name=""Microsoft-Windows-Sysmon"" Guid=""{5770385f-c22a-43e0-bf4c-06f5698ffbd9}""/>
    <EventID>13</EventID>
    <Version>2</Version>
    <Level>4</Level>
    <Task>13</Task>
    <Opcode>0</Opcode>
    <Keywords>0x8000000000000000</Keywords>
    <TimeCreated SystemTime=""2023-12-19T21:40:12.8704236Z""/>
    <EventRecordID>2794</EventRecordID>
    <Correlation/>
    <Execution ProcessID=""10484"" ThreadID=""10592""/>
    <Channel>Microsoft-Windows-Sysmon/Operational</Channel>
    <Computer>WinDev2309Eval</Computer>
    <Security UserID=""S-1-5-18""/>
  </System>
  <EventData>
    <Data Name=""RuleName"">InvDB-Ver</Data>
    <Data Name=""EventType"">SetValue</Data>
    <Data Name=""UtcTime"">2023-12-19 21:40:12.855</Data>
    <Data Name=""ProcessGuid"">{f57bd86a-0db8-6582-d405-000000000b00}</Data>
    <Data Name=""ProcessId"">3276</Data>
    <Data Name=""Image"">C:\Windows\system32\compattelrunner.exe</Data>
    <Data Name=""TargetObject"">\REGISTRY\A\{bd75d637-a777-f887-435f-6fd9b1f1f54b}\Root\InventoryApplicationFile\espexe.exe|f32374e830038a95\BinProductVersion</Data>
    <Data Name=""Details"">10.0.22621.1778</Data>
    <Data Name=""User"">NT AUTHORITY\SYSTEM</Data>
  </EventData>
</Event>
"
Microsoft-Windows-Sysmon/Operational,,,WinDev2309Eval,,,,,,,,,12/11/1982 15:30,13,2793,SetValue,,,C:\Windows\system32\compattelrunner.exe,,,0x8000000000000000,4,,,,,0,,,,,,,{f57bd86a-0db8-6582-d405-000000000b00},10484,3276.0,,,,,,InvDB-CompileTimeClaim,,,,,,,,,,,,,2023-12-19T21:40:12.8703321Z,,,\REGISTRY\A\{bd75d637-a777-f887-435f-6fd9b1f1f54b}\Root\InventoryApplicationFile\espexe.exe|f32374e830038a95\LinkDate,,,,13,,10592,NT AUTHORITY\SYSTEM,S-1-5-18,40:12.9,2.0,"<Event xmlns=""http://schemas.microsoft.com/win/2004/08/events/event"">
  <System>
    <Provider Name=""Microsoft-Windows-Sysmon"" Guid=""{5770385f-c22a-43e0-bf4c-06f5698ffbd9}""/>
    <EventID>13</EventID>
    <Version>2</Version>
    <Level>4</Level>
    <Task>13</Task>
    <Opcode>0</Opcode>
    <Keywords>0x8000000000000000</Keywords>
    <TimeCreated SystemTime=""2023-12-19T21:40:12.8703321Z""/>
    <EventRecordID>2793</EventRecordID>
    <Correlation/>
    <Execution ProcessID=""10484"" ThreadID=""10592""/>
    <Channel>Microsoft-Windows-Sysmon/Operational</Channel>
    <Computer>WinDev2309Eval</Computer>
    <Security UserID=""S-1-5-18""/>
  </System>
  <EventData>
    <Data Name=""RuleName"">InvDB-CompileTimeClaim</Data>
    <Data Name=""EventType"">SetValue</Data>
    <Data Name=""UtcTime"">2023-12-19 21:40:12.855</Data>
    <Data Name=""ProcessGuid"">{f57bd86a-0db8-6582-d405-000000000b00}</Data>
    <Data Name=""ProcessId"">3276</Data>
    <Data Name=""Image"">C:\Windows\system32\compattelrunner.exe</Data>
    <Data Name=""TargetObject"">\REGISTRY\A\{bd75d637-a777-f887-435f-6fd9b1f1f54b}\Root\InventoryApplicationFile\espexe.exe|f32374e830038a95\LinkDate</Data>
    <Data Name=""Details"">12/11/1982 15:30:35</Data>
    <Data Name=""User"">NT AUTHORITY\SYSTEM</Data>
  </EventData>
</Event>
"
Microsoft-Windows-Sysmon/Operational,,,WinDev2309Eval,,,,,,,,,microsoft corporation,13,2792,SetValue,,,C:\Windows\system32\compattelrunner.exe,,,0x8000000000000000,4,,,,,0,,,,,,,{f57bd86a-0db8-6582-d405-000000000b00},10484,3276.0,,,,,,InvDB-Pub,,,,,,,,,,,,,2023-12-19T21:40:12.8697842Z,,,\REGISTRY\A\{bd75d637-a777-f887-435f-6fd9b1f1f54b}\Root\InventoryApplicationFile\espexe.exe|f32374e830038a95\Publisher,,,,13,,10592,NT AUTHORITY\SYSTEM,S-1-5-18,40:12.9,2.0,"<Event xmlns=""http://schemas.microsoft.com/win/2004/08/events/event"">
  <System>
    <Provider Name=""Microsoft-Windows-Sysmon"" Guid=""{5770385f-c22a-43e0-bf4c-06f5698ffbd9}""/>
    <EventID>13</EventID>
    <Version>2</Version>
    <Level>4</Level>
    <Task>13</Task>
    <Opcode>0</Opcode>
    <Keywords>0x8000000000000000</Keywords>
    <TimeCreated SystemTime=""2023-12-19T21:40:12.8697842Z""/>
    <EventRecordID>2792</EventRecordID>
    <Correlation/>
    <Execution ProcessID=""10484"" ThreadID=""10592""/>
    <Channel>Microsoft-Windows-Sysmon/Operational</Channel>
    <Computer>WinDev2309Eval</Computer>
    <Security UserID=""S-1-5-18""/>
  </System>
  <EventData>
    <Data Name=""RuleName"">InvDB-Pub</Data>
    <Data Name=""EventType"">SetValue</Data>
    <Data Name=""UtcTime"">2023-12-19 21:40:12.855</Data>
    <Data Name=""ProcessGuid"">{f57bd86a-0db8-6582-d405-000000000b00}</Data>
    <Data Name=""ProcessId"">3276</Data>
    <Data Name=""Image"">C:\Windows\system32\compattelrunner.exe</Data>
    <Data Name=""TargetObject"">\REGISTRY\A\{bd75d637-a777-f887-435f-6fd9b1f1f54b}\Root\InventoryApplicationFile\espexe.exe|f32374e830038a95\Publisher</Data>
    <Data Name=""Details"">microsoft corporation</Data>
    <Data Name=""User"">NT AUTHORITY\SYSTEM</Data>
  </EventData>
</Event>
"
Microsoft-Windows-Sysmon/Operational,,,WinDev2309Eval,,,,,,,,,c:\program files (x86)\windows kits\10\bin\10.0.22621.0\x64\espexe.exe,13,2791,SetValue,,,C:\Windows\system32\compattelrunner.exe,,,0x8000000000000000,4,,,,,0,,,,,,,{f57bd86a-0db8-6582-d405-000000000b00},10484,3276.0,,,,,,InvDB-Path,,,,,,,,,,,,,2023-12-19T21:40:12.8696221Z,,,\REGISTRY\A\{bd75d637-a777-f887-435f-6fd9b1f1f54b}\Root\InventoryApplicationFile\espexe.exe|f32374e830038a95\LowerCaseLongPath,,,,13,,10592,NT AUTHORITY\SYSTEM,S-1-5-18,40:12.9,2.0,"<Event xmlns=""http://schemas.microsoft.com/win/2004/08/events/event"">
  <System>
    <Provider Name=""Microsoft-Windows-Sysmon"" Guid=""{5770385f-c22a-43e0-bf4c-06f5698ffbd9}""/>
    <EventID>13</EventID>
    <Version>2</Version>
    <Level>4</Level>
    <Task>13</Task>
    <Opcode>0</Opcode>
    <Keywords>0x8000000000000000</Keywords>
    <TimeCreated SystemTime=""2023-12-19T21:40:12.8696221Z""/>
    <EventRecordID>2791</EventRecordID>
    <Correlation/>
    <Execution ProcessID=""10484"" ThreadID=""10592""/>
    <Channel>Microsoft-Windows-Sysmon/Operational</Channel>
    <Computer>WinDev2309Eval</Computer>
    <Security UserID=""S-1-5-18""/>
  </System>
  <EventData>
    <Data Name=""RuleName"">InvDB-Path</Data>
    <Data Name=""EventType"">SetValue</Data>
    <Data Name=""UtcTime"">2023-12-19 21:40:12.855</Data>
    <Data Name=""ProcessGuid"">{f57bd86a-0db8-6582-d405-000000000b00}</Data>
    <Data Name=""ProcessId"">3276</Data>
    <Data Name=""Image"">C:\Windows\system32\compattelrunner.exe</Data>
    <Data Name=""TargetObject"">\REGISTRY\A\{bd75d637-a777-f887-435f-6fd9b1f1f54b}\Root\InventoryApplicationFile\espexe.exe|f32374e830038a95\LowerCaseLongPath</Data>
    <Data Name=""Details"">c:\program files (x86)\windows kits\10\bin\10.0.22621.0\x64\espexe.exe</Data>
    <Data Name=""User"">NT AUTHORITY\SYSTEM</Data>
  </EventData>
</Event>
"
Microsoft-Windows-Sysmon/Operational,,,WinDev2309Eval,,,,,,,,,10.0.22621.1778,13,2790,SetValue,,,C:\Windows\system32\compattelrunner.exe,,,0x8000000000000000,4,,,,,0,,,,,,,{f57bd86a-0db8-6582-d405-000000000b00},10484,3276.0,,,,,,InvDB-Ver,,,,,,,,,,,,,2023-12-19T21:40:12.8679452Z,,,\REGISTRY\A\{bd75d637-a777-f887-435f-6fd9b1f1f54b}\Root\InventoryApplicationFile\ctrpp.exe|51b700fe59badb1a\BinProductVersion,,,,13,,10592,NT AUTHORITY\SYSTEM,S-1-5-18,40:12.9,2.0,"<Event xmlns=""http://schemas.microsoft.com/win/2004/08/events/event"">
  <System>
    <Provider Name=""Microsoft-Windows-Sysmon"" Guid=""{5770385f-c22a-43e0-bf4c-06f5698ffbd9}""/>
    <EventID>13</EventID>
    <Version>2</Version>
    <Level>4</Level>
    <Task>13</Task>
    <Opcode>0</Opcode>
    <Keywords>0x8000000000000000</Keywords>
    <TimeCreated SystemTime=""2023-12-19T21:40:12.8679452Z""/>
    <EventRecordID>2790</EventRecordID>
    <Correlation/>
    <Execution ProcessID=""10484"" ThreadID=""10592""/>
    <Channel>Microsoft-Windows-Sysmon/Operational</Channel>
    <Computer>WinDev2309Eval</Computer>
    <Security UserID=""S-1-5-18""/>
  </System>
  <EventData>
    <Data Name=""RuleName"">InvDB-Ver</Data>
    <Data Name=""EventType"">SetValue</Data>
    <Data Name=""UtcTime"">2023-12-19 21:40:12.855</Data>
    <Data Name=""ProcessGuid"">{f57bd86a-0db8-6582-d405-000000000b00}</Data>
    <Data Name=""ProcessId"">3276</Data>
    <Data Name=""Image"">C:\Windows\system32\compattelrunner.exe</Data>
    <Data Name=""TargetObject"">\REGISTRY\A\{bd75d637-a777-f887-435f-6fd9b1f1f54b}\Root\InventoryApplicationFile\ctrpp.exe|51b700fe59badb1a\BinProductVersion</Data>
    <Data Name=""Details"">10.0.22621.1778</Data>
    <Data Name=""User"">NT AUTHORITY\SYSTEM</Data>
  </EventData>
</Event>
"
Microsoft-Windows-Sysmon/Operational,,,WinDev2309Eval,,,,,,,,,10/31/2073 2:34,13,2789,SetValue,,,C:\Windows\system32\compattelrunner.exe,,,0x8000000000000000,4,,,,,0,,,,,,,{f57bd86a-0db8-6582-d405-000000000b00},10484,3276.0,,,,,,InvDB-CompileTimeClaim,,,,,,,,,,,,,2023-12-19T21:40:12.8678885Z,,,\REGISTRY\A\{bd75d637-a777-f887-435f-6fd9b1f1f54b}\Root\InventoryApplicationFile\ctrpp.exe|51b700fe59badb1a\LinkDate,,,,13,,10592,NT AUTHORITY\SYSTEM,S-1-5-18,40:12.9,2.0,"<Event xmlns=""http://schemas.microsoft.com/win/2004/08/events/event"">
  <System>
    <Provider Name=""Microsoft-Windows-Sysmon"" Guid=""{5770385f-c22a-43e0-bf4c-06f5698ffbd9}""/>
    <EventID>13</EventID>
    <Version>2</Version>
    <Level>4</Level>
    <Task>13</Task>
    <Opcode>0</Opcode>
    <Keywords>0x8000000000000000</Keywords>
    <TimeCreated SystemTime=""2023-12-19T21:40:12.8678885Z""/>
    <EventRecordID>2789</EventRecordID>
    <Correlation/>
    <Execution ProcessID=""10484"" ThreadID=""10592""/>
    <Channel>Microsoft-Windows-Sysmon/Operational</Channel>
    <Computer>WinDev2309Eval</Computer>
    <Security UserID=""S-1-5-18""/>
  </System>
  <EventData>
    <Data Name=""RuleName"">InvDB-CompileTimeClaim</Data>
    <Data Name=""EventType"">SetValue</Data>
    <Data Name=""UtcTime"">2023-12-19 21:40:12.855</Data>
    <Data Name=""ProcessGuid"">{f57bd86a-0db8-6582-d405-000000000b00}</Data>
    <Data Name=""ProcessId"">3276</Data>
    <Data Name=""Image"">C:\Windows\system32\compattelrunner.exe</Data>
    <Data Name=""TargetObject"">\REGISTRY\A\{bd75d637-a777-f887-435f-6fd9b1f1f54b}\Root\InventoryApplicationFile\ctrpp.exe|51b700fe59badb1a\LinkDate</Data>
    <Data Name=""Details"">10/31/2073 02:34:35</Data>
    <Data Name=""User"">NT AUTHORITY\SYSTEM</Data>
  </EventData>
</Event>
"
Microsoft-Windows-Sysmon/Operational,,,WinDev2309Eval,,,,,,,,,microsoft corporation,13,2788,SetValue,,,C:\Windows\system32\compattelrunner.exe,,,0x8000000000000000,4,,,,,0,,,,,,,{f57bd86a-0db8-6582-d405-000000000b00},10484,3276.0,,,,,,InvDB-Pub,,,,,,,,,,,,,2023-12-19T21:40:12.8674511Z,,,\REGISTRY\A\{bd75d637-a777-f887-435f-6fd9b1f1f54b}\Root\InventoryApplicationFile\ctrpp.exe|51b700fe59badb1a\Publisher,,,,13,,10592,NT AUTHORITY\SYSTEM,S-1-5-18,40:12.9,2.0,"<Event xmlns=""http://schemas.microsoft.com/win/2004/08/events/event"">
  <System>
    <Provider Name=""Microsoft-Windows-Sysmon"" Guid=""{5770385f-c22a-43e0-bf4c-06f5698ffbd9}""/>
    <EventID>13</EventID>
    <Version>2</Version>
    <Level>4</Level>
    <Task>13</Task>
    <Opcode>0</Opcode>
    <Keywords>0x8000000000000000</Keywords>
    <TimeCreated SystemTime=""2023-12-19T21:40:12.8674511Z""/>
    <EventRecordID>2788</EventRecordID>
    <Correlation/>
    <Execution ProcessID=""10484"" ThreadID=""10592""/>
    <Channel>Microsoft-Windows-Sysmon/Operational</Channel>
    <Computer>WinDev2309Eval</Computer>
    <Security UserID=""S-1-5-18""/>
  </System>
  <EventData>
    <Data Name=""RuleName"">InvDB-Pub</Data>
    <Data Name=""EventType"">SetValue</Data>
    <Data Name=""UtcTime"">2023-12-19 21:40:12.855</Data>
    <Data Name=""ProcessGuid"">{f57bd86a-0db8-6582-d405-000000000b00}</Data>
    <Data Name=""ProcessId"">3276</Data>
    <Data Name=""Image"">C:\Windows\system32\compattelrunner.exe</Data>
    <Data Name=""TargetObject"">\REGISTRY\A\{bd75d637-a777-f887-435f-6fd9b1f1f54b}\Root\InventoryApplicationFile\ctrpp.exe|51b700fe59badb1a\Publisher</Data>
    <Data Name=""Details"">microsoft corporation</Data>
    <Data Name=""User"">NT AUTHORITY\SYSTEM</Data>
  </EventData>
</Event>
"
Microsoft-Windows-Sysmon/Operational,,,WinDev2309Eval,,,,,,,,,c:\program files (x86)\windows kits\10\bin\10.0.22621.0\x64\ctrpp.exe,13,2787,SetValue,,,C:\Windows\system32\compattelrunner.exe,,,0x8000000000000000,4,,,,,0,,,,,,,{f57bd86a-0db8-6582-d405-000000000b00},10484,3276.0,,,,,,InvDB-Path,,,,,,,,,,,,,2023-12-19T21:40:12.8672775Z,,,\REGISTRY\A\{bd75d637-a777-f887-435f-6fd9b1f1f54b}\Root\InventoryApplicationFile\ctrpp.exe|51b700fe59badb1a\LowerCaseLongPath,,,,13,,10592,NT AUTHORITY\SYSTEM,S-1-5-18,40:12.9,2.0,"<Event xmlns=""http://schemas.microsoft.com/win/2004/08/events/event"">
  <System>
    <Provider Name=""Microsoft-Windows-Sysmon"" Guid=""{5770385f-c22a-43e0-bf4c-06f5698ffbd9}""/>
    <EventID>13</EventID>
    <Version>2</Version>
    <Level>4</Level>
    <Task>13</Task>
    <Opcode>0</Opcode>
    <Keywords>0x8000000000000000</Keywords>
    <TimeCreated SystemTime=""2023-12-19T21:40:12.8672775Z""/>
    <EventRecordID>2787</EventRecordID>
    <Correlation/>
    <Execution ProcessID=""10484"" ThreadID=""10592""/>
    <Channel>Microsoft-Windows-Sysmon/Operational</Channel>
    <Computer>WinDev2309Eval</Computer>
    <Security UserID=""S-1-5-18""/>
  </System>
  <EventData>
    <Data Name=""RuleName"">InvDB-Path</Data>
    <Data Name=""EventType"">SetValue</Data>
    <Data Name=""UtcTime"">2023-12-19 21:40:12.855</Data>
    <Data Name=""ProcessGuid"">{f57bd86a-0db8-6582-d405-000000000b00}</Data>
    <Data Name=""ProcessId"">3276</Data>
    <Data Name=""Image"">C:\Windows\system32\compattelrunner.exe</Data>
    <Data Name=""TargetObject"">\REGISTRY\A\{bd75d637-a777-f887-435f-6fd9b1f1f54b}\Root\InventoryApplicationFile\ctrpp.exe|51b700fe59badb1a\LowerCaseLongPath</Data>
    <Data Name=""Details"">c:\program files (x86)\windows kits\10\bin\10.0.22621.0\x64\ctrpp.exe</Data>
    <Data Name=""User"">NT AUTHORITY\SYSTEM</Data>
  </EventData>
</Event>
"
Microsoft-Windows-Sysmon/Operational,,,WinDev2309Eval,,,,,,,,,10.0.22621.1778,13,2786,SetValue,,,C:\Windows\system32\compattelrunner.exe,,,0x8000000000000000,4,,,,,0,,,,,,,{f57bd86a-0db8-6582-d405-000000000b00},10484,3276.0,,,,,,InvDB-Ver,,,,,,,,,,,,,2023-12-19T21:40:12.8614136Z,,,\REGISTRY\A\{bd75d637-a777-f887-435f-6fd9b1f1f54b}\Root\InventoryApplicationFile\convert-moftopro|8d8b0f39ce7e86a3\BinProductVersion,,,,13,,10592,NT AUTHORITY\SYSTEM,S-1-5-18,40:12.9,2.0,"<Event xmlns=""http://schemas.microsoft.com/win/2004/08/events/event"">
  <System>
    <Provider Name=""Microsoft-Windows-Sysmon"" Guid=""{5770385f-c22a-43e0-bf4c-06f5698ffbd9}""/>
    <EventID>13</EventID>
    <Version>2</Version>
    <Level>4</Level>
    <Task>13</Task>
    <Opcode>0</Opcode>
    <Keywords>0x8000000000000000</Keywords>
    <TimeCreated SystemTime=""2023-12-19T21:40:12.8614136Z""/>
    <EventRecordID>2786</EventRecordID>
    <Correlation/>
    <Execution ProcessID=""10484"" ThreadID=""10592""/>
    <Channel>Microsoft-Windows-Sysmon/Operational</Channel>
    <Computer>WinDev2309Eval</Computer>
    <Security UserID=""S-1-5-18""/>
  </System>
  <EventData>
    <Data Name=""RuleName"">InvDB-Ver</Data>
    <Data Name=""EventType"">SetValue</Data>
    <Data Name=""UtcTime"">2023-12-19 21:40:12.855</Data>
    <Data Name=""ProcessGuid"">{f57bd86a-0db8-6582-d405-000000000b00}</Data>
    <Data Name=""ProcessId"">3276</Data>
    <Data Name=""Image"">C:\Windows\system32\compattelrunner.exe</Data>
    <Data Name=""TargetObject"">\REGISTRY\A\{bd75d637-a777-f887-435f-6fd9b1f1f54b}\Root\InventoryApplicationFile\convert-moftopro|8d8b0f39ce7e86a3\BinProductVersion</Data>
    <Data Name=""Details"">10.0.22621.1778</Data>
    <Data Name=""User"">NT AUTHORITY\SYSTEM</Data>
  </EventData>
</Event>
"
Microsoft-Windows-Sysmon/Operational,,,WinDev2309Eval,,,,,,,,,1/18/2079 7:34,13,2785,SetValue,,,C:\Windows\system32\compattelrunner.exe,,,0x8000000000000000,4,,,,,0,,,,,,,{f57bd86a-0db8-6582-d405-000000000b00},10484,3276.0,,,,,,InvDB-CompileTimeClaim,,,,,,,,,,,,,2023-12-19T21:40:12.8613558Z,,,\REGISTRY\A\{bd75d637-a777-f887-435f-6fd9b1f1f54b}\Root\InventoryApplicationFile\convert-moftopro|8d8b0f39ce7e86a3\LinkDate,,,,13,,10592,NT AUTHORITY\SYSTEM,S-1-5-18,40:12.9,2.0,"<Event xmlns=""http://schemas.microsoft.com/win/2004/08/events/event"">
  <System>
    <Provider Name=""Microsoft-Windows-Sysmon"" Guid=""{5770385f-c22a-43e0-bf4c-06f5698ffbd9}""/>
    <EventID>13</EventID>
    <Version>2</Version>
    <Level>4</Level>
    <Task>13</Task>
    <Opcode>0</Opcode>
    <Keywords>0x8000000000000000</Keywords>
    <TimeCreated SystemTime=""2023-12-19T21:40:12.8613558Z""/>
    <EventRecordID>2785</EventRecordID>
    <Correlation/>
    <Execution ProcessID=""10484"" ThreadID=""10592""/>
    <Channel>Microsoft-Windows-Sysmon/Operational</Channel>
    <Computer>WinDev2309Eval</Computer>
    <Security UserID=""S-1-5-18""/>
  </System>
  <EventData>
    <Data Name=""RuleName"">InvDB-CompileTimeClaim</Data>
    <Data Name=""EventType"">SetValue</Data>
    <Data Name=""UtcTime"">2023-12-19 21:40:12.855</Data>
    <Data Name=""ProcessGuid"">{f57bd86a-0db8-6582-d405-000000000b00}</Data>
    <Data Name=""ProcessId"">3276</Data>
    <Data Name=""Image"">C:\Windows\system32\compattelrunner.exe</Data>
    <Data Name=""TargetObject"">\REGISTRY\A\{bd75d637-a777-f887-435f-6fd9b1f1f54b}\Root\InventoryApplicationFile\convert-moftopro|8d8b0f39ce7e86a3\LinkDate</Data>
    <Data Name=""Details"">01/18/2079 07:34:18</Data>
    <Data Name=""User"">NT AUTHORITY\SYSTEM</Data>
  </EventData>
</Event>
"
Microsoft-Windows-Sysmon/Operational,,,WinDev2309Eval,,,,,,,,,microsoft corporation,13,2784,SetValue,,,C:\Windows\system32\compattelrunner.exe,,,0x8000000000000000,4,,,,,0,,,,,,,{f57bd86a-0db8-6582-d405-000000000b00},10484,3276.0,,,,,,InvDB-Pub,,,,,,,,,,,,,2023-12-19T21:40:12.8609686Z,,,\REGISTRY\A\{bd75d637-a777-f887-435f-6fd9b1f1f54b}\Root\InventoryApplicationFile\convert-moftopro|8d8b0f39ce7e86a3\Publisher,,,,13,,10592,NT AUTHORITY\SYSTEM,S-1-5-18,40:12.9,2.0,"<Event xmlns=""http://schemas.microsoft.com/win/2004/08/events/event"">
  <System>
    <Provider Name=""Microsoft-Windows-Sysmon"" Guid=""{5770385f-c22a-43e0-bf4c-06f5698ffbd9}""/>
    <EventID>13</EventID>
    <Version>2</Version>
    <Level>4</Level>
    <Task>13</Task>
    <Opcode>0</Opcode>
    <Keywords>0x8000000000000000</Keywords>
    <TimeCreated SystemTime=""2023-12-19T21:40:12.8609686Z""/>
    <EventRecordID>2784</EventRecordID>
    <Correlation/>
    <Execution ProcessID=""10484"" ThreadID=""10592""/>
    <Channel>Microsoft-Windows-Sysmon/Operational</Channel>
    <Computer>WinDev2309Eval</Computer>
    <Security UserID=""S-1-5-18""/>
  </System>
  <EventData>
    <Data Name=""RuleName"">InvDB-Pub</Data>
    <Data Name=""EventType"">SetValue</Data>
    <Data Name=""UtcTime"">2023-12-19 21:40:12.855</Data>
    <Data Name=""ProcessGuid"">{f57bd86a-0db8-6582-d405-000000000b00}</Data>
    <Data Name=""ProcessId"">3276</Data>
    <Data Name=""Image"">C:\Windows\system32\compattelrunner.exe</Data>
    <Data Name=""TargetObject"">\REGISTRY\A\{bd75d637-a777-f887-435f-6fd9b1f1f54b}\Root\InventoryApplicationFile\convert-moftopro|8d8b0f39ce7e86a3\Publisher</Data>
    <Data Name=""Details"">microsoft corporation</Data>
    <Data Name=""User"">NT AUTHORITY\SYSTEM</Data>
  </EventData>
</Event>
"
Microsoft-Windows-Sysmon/Operational,,,WinDev2309Eval,,,,,,,,,c:\program files (x86)\windows kits\10\bin\10.0.22621.0\x64\convert-moftoprovider.exe,13,2783,SetValue,,,C:\Windows\system32\compattelrunner.exe,,,0x8000000000000000,4,,,,,0,,,,,,,{f57bd86a-0db8-6582-d405-000000000b00},10484,3276.0,,,,,,InvDB-Path,,,,,,,,,,,,,2023-12-19T21:40:12.8607695Z,,,\REGISTRY\A\{bd75d637-a777-f887-435f-6fd9b1f1f54b}\Root\InventoryApplicationFile\convert-moftopro|8d8b0f39ce7e86a3\LowerCaseLongPath,,,,13,,10592,NT AUTHORITY\SYSTEM,S-1-5-18,40:12.9,2.0,"<Event xmlns=""http://schemas.microsoft.com/win/2004/08/events/event"">
  <System>
    <Provider Name=""Microsoft-Windows-Sysmon"" Guid=""{5770385f-c22a-43e0-bf4c-06f5698ffbd9}""/>
    <EventID>13</EventID>
    <Version>2</Version>
    <Level>4</Level>
    <Task>13</Task>
    <Opcode>0</Opcode>
    <Keywords>0x8000000000000000</Keywords>
    <TimeCreated SystemTime=""2023-12-19T21:40:12.8607695Z""/>
    <EventRecordID>2783</EventRecordID>
    <Correlation/>
    <Execution ProcessID=""10484"" ThreadID=""10592""/>
    <Channel>Microsoft-Windows-Sysmon/Operational</Channel>
    <Computer>WinDev2309Eval</Computer>
    <Security UserID=""S-1-5-18""/>
  </System>
  <EventData>
    <Data Name=""RuleName"">InvDB-Path</Data>
    <Data Name=""EventType"">SetValue</Data>
    <Data Name=""UtcTime"">2023-12-19 21:40:12.855</Data>
    <Data Name=""ProcessGuid"">{f57bd86a-0db8-6582-d405-000000000b00}</Data>
    <Data Name=""ProcessId"">3276</Data>
    <Data Name=""Image"">C:\Windows\system32\compattelrunner.exe</Data>
    <Data Name=""TargetObject"">\REGISTRY\A\{bd75d637-a777-f887-435f-6fd9b1f1f54b}\Root\InventoryApplicationFile\convert-moftopro|8d8b0f39ce7e86a3\LowerCaseLongPath</Data>
    <Data Name=""Details"">c:\program files (x86)\windows kits\10\bin\10.0.22621.0\x64\convert-moftoprovider.exe</Data>
    <Data Name=""User"">NT AUTHORITY\SYSTEM</Data>
  </EventData>
</Event>
"
Microsoft-Windows-Sysmon/Operational,,,WinDev2309Eval,,,,,,,,,10.0.22621.1778,13,2782,SetValue,,,C:\Windows\system32\compattelrunner.exe,,,0x8000000000000000,4,,,,,0,,,,,,,{f57bd86a-0db8-6582-d405-000000000b00},10484,3276.0,,,,,,InvDB-Ver,,,,,,,,,,,,,2023-12-19T21:40:12.8560530Z,,,\REGISTRY\A\{bd75d637-a777-f887-435f-6fd9b1f1f54b}\Root\InventoryApplicationFile\computerhardware|7b135fa4569ab133\BinProductVersion,,,,13,,10592,NT AUTHORITY\SYSTEM,S-1-5-18,40:12.8,2.0,"<Event xmlns=""http://schemas.microsoft.com/win/2004/08/events/event"">
  <System>
    <Provider Name=""Microsoft-Windows-Sysmon"" Guid=""{5770385f-c22a-43e0-bf4c-06f5698ffbd9}""/>
    <EventID>13</EventID>
    <Version>2</Version>
    <Level>4</Level>
    <Task>13</Task>
    <Opcode>0</Opcode>
    <Keywords>0x8000000000000000</Keywords>
    <TimeCreated SystemTime=""2023-12-19T21:40:12.8560530Z""/>
    <EventRecordID>2782</EventRecordID>
    <Correlation/>
    <Execution ProcessID=""10484"" ThreadID=""10592""/>
    <Channel>Microsoft-Windows-Sysmon/Operational</Channel>
    <Computer>WinDev2309Eval</Computer>
    <Security UserID=""S-1-5-18""/>
  </System>
  <EventData>
    <Data Name=""RuleName"">InvDB-Ver</Data>
    <Data Name=""EventType"">SetValue</Data>
    <Data Name=""UtcTime"">2023-12-19 21:40:12.839</Data>
    <Data Name=""ProcessGuid"">{f57bd86a-0db8-6582-d405-000000000b00}</Data>
    <Data Name=""ProcessId"">3276</Data>
    <Data Name=""Image"">C:\Windows\system32\compattelrunner.exe</Data>
    <Data Name=""TargetObject"">\REGISTRY\A\{bd75d637-a777-f887-435f-6fd9b1f1f54b}\Root\InventoryApplicationFile\computerhardware|7b135fa4569ab133\BinProductVersion</Data>
    <Data Name=""Details"">10.0.22621.1778</Data>
    <Data Name=""User"">NT AUTHORITY\SYSTEM</Data>
  </EventData>
</Event>
"
Microsoft-Windows-Sysmon/Operational,,,WinDev2309Eval,,,,,,,,,8/11/2076 13:21,13,2781,SetValue,,,C:\Windows\system32\compattelrunner.exe,,,0x8000000000000000,4,,,,,0,,,,,,,{f57bd86a-0db8-6582-d405-000000000b00},10484,3276.0,,,,,,InvDB-CompileTimeClaim,,,,,,,,,,,,,2023-12-19T21:40:12.8559784Z,,,\REGISTRY\A\{bd75d637-a777-f887-435f-6fd9b1f1f54b}\Root\InventoryApplicationFile\computerhardware|7b135fa4569ab133\LinkDate,,,,13,,10592,NT AUTHORITY\SYSTEM,S-1-5-18,40:12.8,2.0,"<Event xmlns=""http://schemas.microsoft.com/win/2004/08/events/event"">
  <System>
    <Provider Name=""Microsoft-Windows-Sysmon"" Guid=""{5770385f-c22a-43e0-bf4c-06f5698ffbd9}""/>
    <EventID>13</EventID>
    <Version>2</Version>
    <Level>4</Level>
    <Task>13</Task>
    <Opcode>0</Opcode>
    <Keywords>0x8000000000000000</Keywords>
    <TimeCreated SystemTime=""2023-12-19T21:40:12.8559784Z""/>
    <EventRecordID>2781</EventRecordID>
    <Correlation/>
    <Execution ProcessID=""10484"" ThreadID=""10592""/>
    <Channel>Microsoft-Windows-Sysmon/Operational</Channel>
    <Computer>WinDev2309Eval</Computer>
    <Security UserID=""S-1-5-18""/>
  </System>
  <EventData>
    <Data Name=""RuleName"">InvDB-CompileTimeClaim</Data>
    <Data Name=""EventType"">SetValue</Data>
    <Data Name=""UtcTime"">2023-12-19 21:40:12.839</Data>
    <Data Name=""ProcessGuid"">{f57bd86a-0db8-6582-d405-000000000b00}</Data>
    <Data Name=""ProcessId"">3276</Data>
    <Data Name=""Image"">C:\Windows\system32\compattelrunner.exe</Data>
    <Data Name=""TargetObject"">\REGISTRY\A\{bd75d637-a777-f887-435f-6fd9b1f1f54b}\Root\InventoryApplicationFile\computerhardware|7b135fa4569ab133\LinkDate</Data>
    <Data Name=""Details"">08/11/2076 13:21:02</Data>
    <Data Name=""User"">NT AUTHORITY\SYSTEM</Data>
  </EventData>
</Event>
"
Microsoft-Windows-Sysmon/Operational,,,WinDev2309Eval,,,,,,,,,microsoft corporation,13,2780,SetValue,,,C:\Windows\system32\compattelrunner.exe,,,0x8000000000000000,4,,,,,0,,,,,,,{f57bd86a-0db8-6582-d405-000000000b00},10484,3276.0,,,,,,InvDB-Pub,,,,,,,,,,,,,2023-12-19T21:40:12.8552941Z,,,\REGISTRY\A\{bd75d637-a777-f887-435f-6fd9b1f1f54b}\Root\InventoryApplicationFile\computerhardware|7b135fa4569ab133\Publisher,,,,13,,10592,NT AUTHORITY\SYSTEM,S-1-5-18,40:12.8,2.0,"<Event xmlns=""http://schemas.microsoft.com/win/2004/08/events/event"">
  <System>
    <Provider Name=""Microsoft-Windows-Sysmon"" Guid=""{5770385f-c22a-43e0-bf4c-06f5698ffbd9}""/>
    <EventID>13</EventID>
    <Version>2</Version>
    <Level>4</Level>
    <Task>13</Task>
    <Opcode>0</Opcode>
    <Keywords>0x8000000000000000</Keywords>
    <TimeCreated SystemTime=""2023-12-19T21:40:12.8552941Z""/>
    <EventRecordID>2780</EventRecordID>
    <Correlation/>
    <Execution ProcessID=""10484"" ThreadID=""10592""/>
    <Channel>Microsoft-Windows-Sysmon/Operational</Channel>
    <Computer>WinDev2309Eval</Computer>
    <Security UserID=""S-1-5-18""/>
  </System>
  <EventData>
    <Data Name=""RuleName"">InvDB-Pub</Data>
    <Data Name=""EventType"">SetValue</Data>
    <Data Name=""UtcTime"">2023-12-19 21:40:12.839</Data>
    <Data Name=""ProcessGuid"">{f57bd86a-0db8-6582-d405-000000000b00}</Data>
    <Data Name=""ProcessId"">3276</Data>
    <Data Name=""Image"">C:\Windows\system32\compattelrunner.exe</Data>
    <Data Name=""TargetObject"">\REGISTRY\A\{bd75d637-a777-f887-435f-6fd9b1f1f54b}\Root\InventoryApplicationFile\computerhardware|7b135fa4569ab133\Publisher</Data>
    <Data Name=""Details"">microsoft corporation</Data>
    <Data Name=""User"">NT AUTHORITY\SYSTEM</Data>
  </EventData>
</Event>
"
