Channel,CommandLine,Company,Computer,CreationUtcTime,CurrentDirectory,Description,DestinationHostname,DestinationIp,DestinationIsIpv6,DestinationPort,DestinationPortName,Details,EventID,EventRecordID,EventType,FileVersion,Hashes,Image,Initiated,IntegrityLevel,Keywords,Level,LogonGuid,LogonId,Message,NewThreadId,Opcode,OriginalFileName,ParentCommandLine,ParentImage,ParentProcessGuid,ParentProcessId,ParentUser,ProcessGuid,ProcessID,ProcessId,Product,Protocol,QueryName,QueryResults,QueryStatus,RuleName,SourceHostname,SourceImage,SourceIp,SourceIsIpv6,SourcePort,SourcePortName,SourceProcessGuid,SourceProcessId,SourceUser,StartAddress,StartFunction,StartModule,SystemTime,TargetFilename,TargetImage,TargetObject,TargetProcessGuid,TargetProcessId,TargetUser,Task,TerminalSessionId,ThreadID,User,UserID,UtcTime,Version,raw
Microsoft-Windows-Sysmon/Operational,,,WinDev2309Eval,38:16.3,,,,,,,,,11,1261,,,,C:\Windows\Microsoft.NET\Framework64\v4.0.30319\mscorsvw.exe,,,0x8000000000000000,4,,,,,0,,,,,,,{f57bd86a-0d48-6582-2505-000000000b00},10484,13084.0,,,,,,EXE,,,,,,,,,,,,,2023-12-19T21:38:16.3515848Z,C:\Windows\assembly\NativeImages_v4.0.30319_64\Temp\331c-0\fscAnyCpu.exe,,,,,,11,,10592,NT AUTHORITY\SYSTEM,S-1-5-18,38:16.3,2.0,"<Event xmlns=""http://schemas.microsoft.com/win/2004/08/events/event"">
  <System>
    <Provider Name=""Microsoft-Windows-Sysmon"" Guid=""{5770385f-c22a-43e0-bf4c-06f5698ffbd9}""/>
    <EventID>11</EventID>
    <Version>2</Version>
    <Level>4</Level>
    <Task>11</Task>
    <Opcode>0</Opcode>
    <Keywords>0x8000000000000000</Keywords>
    <TimeCreated SystemTime=""2023-12-19T21:38:16.3515848Z""/>
    <EventRecordID>1261</EventRecordID>
    <Correlation/>
    <Execution ProcessID=""10484"" ThreadID=""10592""/>
    <Channel>Microsoft-Windows-Sysmon/Operational</Channel>
    <Computer>WinDev2309Eval</Computer>
    <Security UserID=""S-1-5-18""/>
  </System>
  <EventData>
    <Data Name=""RuleName"">EXE</Data>
    <Data Name=""UtcTime"">2023-12-19 21:38:16.341</Data>
    <Data Name=""ProcessGuid"">{f57bd86a-0d48-6582-2505-000000000b00}</Data>
    <Data Name=""ProcessId"">13084</Data>
    <Data Name=""Image"">C:\Windows\Microsoft.NET\Framework64\v4.0.30319\mscorsvw.exe</Data>
    <Data Name=""TargetFilename"">C:\Windows\assembly\NativeImages_v4.0.30319_64\Temp\331c-0\fscAnyCpu.exe</Data>
    <Data Name=""CreationUtcTime"">2023-12-19 21:38:16.341</Data>
    <Data Name=""User"">NT AUTHORITY\SYSTEM</Data>
  </EventData>
</Event>
"
Microsoft-Windows-Sysmon/Operational,,,WinDev2309Eval,38:13.5,,,,,,,,,11,1260,,,,C:\Windows\Microsoft.NET\Framework64\v4.0.30319\mscorsvw.exe,,,0x8000000000000000,4,,,,,0,,,,,,,{f57bd86a-0d45-6582-2305-000000000b00},10484,2268.0,,,,,,DLL,,,,,,,,,,,,,2023-12-19T21:38:13.5582096Z,C:\Windows\assembly\NativeImages_v4.0.30319_64\Temp\8dc-0\FSharp.VS.FSI.dll,,,,,,11,,10592,NT AUTHORITY\SYSTEM,S-1-5-18,38:13.5,2.0,"<Event xmlns=""http://schemas.microsoft.com/win/2004/08/events/event"">
  <System>
    <Provider Name=""Microsoft-Windows-Sysmon"" Guid=""{5770385f-c22a-43e0-bf4c-06f5698ffbd9}""/>
    <EventID>11</EventID>
    <Version>2</Version>
    <Level>4</Level>
    <Task>11</Task>
    <Opcode>0</Opcode>
    <Keywords>0x8000000000000000</Keywords>
    <TimeCreated SystemTime=""2023-12-19T21:38:13.5582096Z""/>
    <EventRecordID>1260</EventRecordID>
    <Correlation/>
    <Execution ProcessID=""10484"" ThreadID=""10592""/>
    <Channel>Microsoft-Windows-Sysmon/Operational</Channel>
    <Computer>WinDev2309Eval</Computer>
    <Security UserID=""S-1-5-18""/>
  </System>
  <EventData>
    <Data Name=""RuleName"">DLL</Data>
    <Data Name=""UtcTime"">2023-12-19 21:38:13.543</Data>
    <Data Name=""ProcessGuid"">{f57bd86a-0d45-6582-2305-000000000b00}</Data>
    <Data Name=""ProcessId"">2268</Data>
    <Data Name=""Image"">C:\Windows\Microsoft.NET\Framework64\v4.0.30319\mscorsvw.exe</Data>
    <Data Name=""TargetFilename"">C:\Windows\assembly\NativeImages_v4.0.30319_64\Temp\8dc-0\FSharp.VS.FSI.dll</Data>
    <Data Name=""CreationUtcTime"">2023-12-19 21:38:13.543</Data>
    <Data Name=""User"">NT AUTHORITY\SYSTEM</Data>
  </EventData>
</Event>
"
Microsoft-Windows-Sysmon/Operational,,,WinDev2309Eval,38:12.7,,,,,,,,,11,1259,,,,C:\Windows\Microsoft.NET\Framework64\v4.0.30319\mscorsvw.exe,,,0x8000000000000000,4,,,,,0,,,,,,,{f57bd86a-0d44-6582-2105-000000000b00},10484,2248.0,,,,,,DLL,,,,,,,,,,,,,2023-12-19T21:38:12.7070285Z,C:\Windows\assembly\NativeImages_v4.0.30319_64\Temp\8c8-0\FSharp.ProjectSystem.PropertyPages.dll,,,,,,11,,10592,NT AUTHORITY\SYSTEM,S-1-5-18,38:12.7,2.0,"<Event xmlns=""http://schemas.microsoft.com/win/2004/08/events/event"">
  <System>
    <Provider Name=""Microsoft-Windows-Sysmon"" Guid=""{5770385f-c22a-43e0-bf4c-06f5698ffbd9}""/>
    <EventID>11</EventID>
    <Version>2</Version>
    <Level>4</Level>
    <Task>11</Task>
    <Opcode>0</Opcode>
    <Keywords>0x8000000000000000</Keywords>
    <TimeCreated SystemTime=""2023-12-19T21:38:12.7070285Z""/>
    <EventRecordID>1259</EventRecordID>
    <Correlation/>
    <Execution ProcessID=""10484"" ThreadID=""10592""/>
    <Channel>Microsoft-Windows-Sysmon/Operational</Channel>
    <Computer>WinDev2309Eval</Computer>
    <Security UserID=""S-1-5-18""/>
  </System>
  <EventData>
    <Data Name=""RuleName"">DLL</Data>
    <Data Name=""UtcTime"">2023-12-19 21:38:12.696</Data>
    <Data Name=""ProcessGuid"">{f57bd86a-0d44-6582-2105-000000000b00}</Data>
    <Data Name=""ProcessId"">2248</Data>
    <Data Name=""Image"">C:\Windows\Microsoft.NET\Framework64\v4.0.30319\mscorsvw.exe</Data>
    <Data Name=""TargetFilename"">C:\Windows\assembly\NativeImages_v4.0.30319_64\Temp\8c8-0\FSharp.ProjectSystem.PropertyPages.dll</Data>
    <Data Name=""CreationUtcTime"">2023-12-19 21:38:12.696</Data>
    <Data Name=""User"">NT AUTHORITY\SYSTEM</Data>
  </EventData>
</Event>
"
Microsoft-Windows-Sysmon/Operational,,,WinDev2309Eval,38:11.9,,,,,,,,,11,1258,,,,C:\Windows\Microsoft.NET\Framework64\v4.0.30319\mscorsvw.exe,,,0x8000000000000000,4,,,,,0,,,,,,,{f57bd86a-0d43-6582-1f05-000000000b00},10484,9208.0,,,,,,DLL,,,,,,,,,,,,,2023-12-19T21:38:11.9224859Z,C:\Windows\assembly\NativeImages_v4.0.30319_64\Temp\23f8-0\FSharp.ProjectSystem.FSharp.dll,,,,,,11,,10592,NT AUTHORITY\SYSTEM,S-1-5-18,38:11.9,2.0,"<Event xmlns=""http://schemas.microsoft.com/win/2004/08/events/event"">
  <System>
    <Provider Name=""Microsoft-Windows-Sysmon"" Guid=""{5770385f-c22a-43e0-bf4c-06f5698ffbd9}""/>
    <EventID>11</EventID>
    <Version>2</Version>
    <Level>4</Level>
    <Task>11</Task>
    <Opcode>0</Opcode>
    <Keywords>0x8000000000000000</Keywords>
    <TimeCreated SystemTime=""2023-12-19T21:38:11.9224859Z""/>
    <EventRecordID>1258</EventRecordID>
    <Correlation/>
    <Execution ProcessID=""10484"" ThreadID=""10592""/>
    <Channel>Microsoft-Windows-Sysmon/Operational</Channel>
    <Computer>WinDev2309Eval</Computer>
    <Security UserID=""S-1-5-18""/>
  </System>
  <EventData>
    <Data Name=""RuleName"">DLL</Data>
    <Data Name=""UtcTime"">2023-12-19 21:38:11.915</Data>
    <Data Name=""ProcessGuid"">{f57bd86a-0d43-6582-1f05-000000000b00}</Data>
    <Data Name=""ProcessId"">9208</Data>
    <Data Name=""Image"">C:\Windows\Microsoft.NET\Framework64\v4.0.30319\mscorsvw.exe</Data>
    <Data Name=""TargetFilename"">C:\Windows\assembly\NativeImages_v4.0.30319_64\Temp\23f8-0\FSharp.ProjectSystem.FSharp.dll</Data>
    <Data Name=""CreationUtcTime"">2023-12-19 21:38:11.915</Data>
    <Data Name=""User"">NT AUTHORITY\SYSTEM</Data>
  </EventData>
</Event>
"
Microsoft-Windows-Sysmon/Operational,,,WinDev2309Eval,38:10.7,,,,,,,,,11,1257,,,,C:\Windows\Microsoft.NET\Framework64\v4.0.30319\mscorsvw.exe,,,0x8000000000000000,4,,,,,0,,,,,,,{f57bd86a-0d41-6582-1d05-000000000b00},10484,11188.0,,,,,,DLL,,,,,,,,,,,,,2023-12-19T21:38:10.7393368Z,C:\Windows\assembly\NativeImages_v4.0.30319_64\Temp\2bb4-0\FSharp.ProjectSystem.Base.dll,,,,,,11,,10592,NT AUTHORITY\SYSTEM,S-1-5-18,38:10.7,2.0,"<Event xmlns=""http://schemas.microsoft.com/win/2004/08/events/event"">
  <System>
    <Provider Name=""Microsoft-Windows-Sysmon"" Guid=""{5770385f-c22a-43e0-bf4c-06f5698ffbd9}""/>
    <EventID>11</EventID>
    <Version>2</Version>
    <Level>4</Level>
    <Task>11</Task>
    <Opcode>0</Opcode>
    <Keywords>0x8000000000000000</Keywords>
    <TimeCreated SystemTime=""2023-12-19T21:38:10.7393368Z""/>
    <EventRecordID>1257</EventRecordID>
    <Correlation/>
    <Execution ProcessID=""10484"" ThreadID=""10592""/>
    <Channel>Microsoft-Windows-Sysmon/Operational</Channel>
    <Computer>WinDev2309Eval</Computer>
    <Security UserID=""S-1-5-18""/>
  </System>
  <EventData>
    <Data Name=""RuleName"">DLL</Data>
    <Data Name=""UtcTime"">2023-12-19 21:38:10.738</Data>
    <Data Name=""ProcessGuid"">{f57bd86a-0d41-6582-1d05-000000000b00}</Data>
    <Data Name=""ProcessId"">11188</Data>
    <Data Name=""Image"">C:\Windows\Microsoft.NET\Framework64\v4.0.30319\mscorsvw.exe</Data>
    <Data Name=""TargetFilename"">C:\Windows\assembly\NativeImages_v4.0.30319_64\Temp\2bb4-0\FSharp.ProjectSystem.Base.dll</Data>
    <Data Name=""CreationUtcTime"">2023-12-19 21:38:10.738</Data>
    <Data Name=""User"">NT AUTHORITY\SYSTEM</Data>
  </EventData>
</Event>
"
Microsoft-Windows-Sysmon/Operational,,,WinDev2309Eval,38:09.2,,,,,,,,,11,1256,,,,C:\Windows\Microsoft.NET\Framework64\v4.0.30319\mscorsvw.exe,,,0x8000000000000000,4,,,,,0,,,,,,,{f57bd86a-0d40-6582-1b05-000000000b00},10484,7520.0,,,,,,DLL,,,,,,,,,,,,,2023-12-19T21:38:09.2512792Z,C:\Windows\assembly\NativeImages_v4.0.30319_64\Temp\1d60-0\FSharp.LanguageService.dll,,,,,,11,,10592,NT AUTHORITY\SYSTEM,S-1-5-18,38:09.2,2.0,"<Event xmlns=""http://schemas.microsoft.com/win/2004/08/events/event"">
  <System>
    <Provider Name=""Microsoft-Windows-Sysmon"" Guid=""{5770385f-c22a-43e0-bf4c-06f5698ffbd9}""/>
    <EventID>11</EventID>
    <Version>2</Version>
    <Level>4</Level>
    <Task>11</Task>
    <Opcode>0</Opcode>
    <Keywords>0x8000000000000000</Keywords>
    <TimeCreated SystemTime=""2023-12-19T21:38:09.2512792Z""/>
    <EventRecordID>1256</EventRecordID>
    <Correlation/>
    <Execution ProcessID=""10484"" ThreadID=""10592""/>
    <Channel>Microsoft-Windows-Sysmon/Operational</Channel>
    <Computer>WinDev2309Eval</Computer>
    <Security UserID=""S-1-5-18""/>
  </System>
  <EventData>
    <Data Name=""RuleName"">DLL</Data>
    <Data Name=""UtcTime"">2023-12-19 21:38:09.237</Data>
    <Data Name=""ProcessGuid"">{f57bd86a-0d40-6582-1b05-000000000b00}</Data>
    <Data Name=""ProcessId"">7520</Data>
    <Data Name=""Image"">C:\Windows\Microsoft.NET\Framework64\v4.0.30319\mscorsvw.exe</Data>
    <Data Name=""TargetFilename"">C:\Windows\assembly\NativeImages_v4.0.30319_64\Temp\1d60-0\FSharp.LanguageService.dll</Data>
    <Data Name=""CreationUtcTime"">2023-12-19 21:38:09.237</Data>
    <Data Name=""User"">NT AUTHORITY\SYSTEM</Data>
  </EventData>
</Event>
"
Microsoft-Windows-Sysmon/Operational,,,WinDev2309Eval,38:08.3,,,,,,,,,11,1255,,,,C:\Windows\Microsoft.NET\Framework64\v4.0.30319\mscorsvw.exe,,,0x8000000000000000,4,,,,,0,,,,,,,{f57bd86a-0d3f-6582-1905-000000000b00},10484,2384.0,,,,,,DLL,,,,,,,,,,,,,2023-12-19T21:38:08.3158775Z,C:\Windows\assembly\NativeImages_v4.0.30319_64\Temp\950-0\FSharp.LanguageService.Base.dll,,,,,,11,,10592,NT AUTHORITY\SYSTEM,S-1-5-18,38:08.3,2.0,"<Event xmlns=""http://schemas.microsoft.com/win/2004/08/events/event"">
  <System>
    <Provider Name=""Microsoft-Windows-Sysmon"" Guid=""{5770385f-c22a-43e0-bf4c-06f5698ffbd9}""/>
    <EventID>11</EventID>
    <Version>2</Version>
    <Level>4</Level>
    <Task>11</Task>
    <Opcode>0</Opcode>
    <Keywords>0x8000000000000000</Keywords>
    <TimeCreated SystemTime=""2023-12-19T21:38:08.3158775Z""/>
    <EventRecordID>1255</EventRecordID>
    <Correlation/>
    <Execution ProcessID=""10484"" ThreadID=""10592""/>
    <Channel>Microsoft-Windows-Sysmon/Operational</Channel>
    <Computer>WinDev2309Eval</Computer>
    <Security UserID=""S-1-5-18""/>
  </System>
  <EventData>
    <Data Name=""RuleName"">DLL</Data>
    <Data Name=""UtcTime"">2023-12-19 21:38:08.309</Data>
    <Data Name=""ProcessGuid"">{f57bd86a-0d3f-6582-1905-000000000b00}</Data>
    <Data Name=""ProcessId"">2384</Data>
    <Data Name=""Image"">C:\Windows\Microsoft.NET\Framework64\v4.0.30319\mscorsvw.exe</Data>
    <Data Name=""TargetFilename"">C:\Windows\assembly\NativeImages_v4.0.30319_64\Temp\950-0\FSharp.LanguageService.Base.dll</Data>
    <Data Name=""CreationUtcTime"">2023-12-19 21:38:08.309</Data>
    <Data Name=""User"">NT AUTHORITY\SYSTEM</Data>
  </EventData>
</Event>
"
Microsoft-Windows-Sysmon/Operational,,,WinDev2309Eval,38:07.5,,,,,,,,,11,1254,,,,C:\Windows\Microsoft.NET\Framework64\v4.0.30319\mscorsvw.exe,,,0x8000000000000000,4,,,,,0,,,,,,,{f57bd86a-0d3b-6582-1705-000000000b00},10484,3000.0,,,,,,DLL,,,,,,,,,,,,,2023-12-19T21:38:07.5208618Z,C:\Windows\assembly\NativeImages_v4.0.30319_64\Temp\bb8-0\FSharp.Editor.dll,,,,,,11,,10592,NT AUTHORITY\SYSTEM,S-1-5-18,38:07.5,2.0,"<Event xmlns=""http://schemas.microsoft.com/win/2004/08/events/event"">
  <System>
    <Provider Name=""Microsoft-Windows-Sysmon"" Guid=""{5770385f-c22a-43e0-bf4c-06f5698ffbd9}""/>
    <EventID>11</EventID>
    <Version>2</Version>
    <Level>4</Level>
    <Task>11</Task>
    <Opcode>0</Opcode>
    <Keywords>0x8000000000000000</Keywords>
    <TimeCreated SystemTime=""2023-12-19T21:38:07.5208618Z""/>
    <EventRecordID>1254</EventRecordID>
    <Correlation/>
    <Execution ProcessID=""10484"" ThreadID=""10592""/>
    <Channel>Microsoft-Windows-Sysmon/Operational</Channel>
    <Computer>WinDev2309Eval</Computer>
    <Security UserID=""S-1-5-18""/>
  </System>
  <EventData>
    <Data Name=""RuleName"">DLL</Data>
    <Data Name=""UtcTime"">2023-12-19 21:38:07.506</Data>
    <Data Name=""ProcessGuid"">{f57bd86a-0d3b-6582-1705-000000000b00}</Data>
    <Data Name=""ProcessId"">3000</Data>
    <Data Name=""Image"">C:\Windows\Microsoft.NET\Framework64\v4.0.30319\mscorsvw.exe</Data>
    <Data Name=""TargetFilename"">C:\Windows\assembly\NativeImages_v4.0.30319_64\Temp\bb8-0\FSharp.Editor.dll</Data>
    <Data Name=""CreationUtcTime"">2023-12-19 21:38:07.506</Data>
    <Data Name=""User"">NT AUTHORITY\SYSTEM</Data>
  </EventData>
</Event>
"
Microsoft-Windows-Sysmon/Operational,,,WinDev2309Eval,38:01.7,,,,,,,,,11,1253,,,,C:\Windows\Microsoft.NET\Framework64\v4.0.30319\mscorsvw.exe,,,0x8000000000000000,4,,,,,0,,,,,,,{f57bd86a-0d1f-6582-1405-000000000b00},10484,9648.0,,,,,,DLL,,,,,,,,,,,,,2023-12-19T21:38:01.6889610Z,C:\Windows\assembly\NativeImages_v4.0.30319_64\Temp\25b0-0\FSharp.Compiler.Service.dll,,,,,,11,,10592,NT AUTHORITY\SYSTEM,S-1-5-18,38:01.7,2.0,"<Event xmlns=""http://schemas.microsoft.com/win/2004/08/events/event"">
  <System>
    <Provider Name=""Microsoft-Windows-Sysmon"" Guid=""{5770385f-c22a-43e0-bf4c-06f5698ffbd9}""/>
    <EventID>11</EventID>
    <Version>2</Version>
    <Level>4</Level>
    <Task>11</Task>
    <Opcode>0</Opcode>
    <Keywords>0x8000000000000000</Keywords>
    <TimeCreated SystemTime=""2023-12-19T21:38:01.6889610Z""/>
    <EventRecordID>1253</EventRecordID>
    <Correlation/>
    <Execution ProcessID=""10484"" ThreadID=""10592""/>
    <Channel>Microsoft-Windows-Sysmon/Operational</Channel>
    <Computer>WinDev2309Eval</Computer>
    <Security UserID=""S-1-5-18""/>
  </System>
  <EventData>
    <Data Name=""RuleName"">DLL</Data>
    <Data Name=""UtcTime"">2023-12-19 21:38:01.686</Data>
    <Data Name=""ProcessGuid"">{f57bd86a-0d1f-6582-1405-000000000b00}</Data>
    <Data Name=""ProcessId"">9648</Data>
    <Data Name=""Image"">C:\Windows\Microsoft.NET\Framework64\v4.0.30319\mscorsvw.exe</Data>
    <Data Name=""TargetFilename"">C:\Windows\assembly\NativeImages_v4.0.30319_64\Temp\25b0-0\FSharp.Compiler.Service.dll</Data>
    <Data Name=""CreationUtcTime"">2023-12-19 21:38:01.686</Data>
    <Data Name=""User"">NT AUTHORITY\SYSTEM</Data>
  </EventData>
</Event>
"
Microsoft-Windows-Sysmon/Operational,,,WinDev2309Eval,37:34.9,,,,,,,,,11,1252,,,,C:\Windows\Microsoft.NET\Framework64\v4.0.30319\mscorsvw.exe,,,0x8000000000000000,4,,,,,0,,,,,,,{f57bd86a-0d1b-6582-1305-000000000b00},10484,2148.0,,,,,,DLL,,,,,,,,,,,,,2023-12-19T21:37:34.8739822Z,C:\Windows\assembly\NativeImages_v4.0.30319_64\Temp\864-0\FSharp.Core.dll,,,,,,11,,10592,NT AUTHORITY\SYSTEM,S-1-5-18,37:34.9,2.0,"<Event xmlns=""http://schemas.microsoft.com/win/2004/08/events/event"">
  <System>
    <Provider Name=""Microsoft-Windows-Sysmon"" Guid=""{5770385f-c22a-43e0-bf4c-06f5698ffbd9}""/>
    <EventID>11</EventID>
    <Version>2</Version>
    <Level>4</Level>
    <Task>11</Task>
    <Opcode>0</Opcode>
    <Keywords>0x8000000000000000</Keywords>
    <TimeCreated SystemTime=""2023-12-19T21:37:34.8739822Z""/>
    <EventRecordID>1252</EventRecordID>
    <Correlation/>
    <Execution ProcessID=""10484"" ThreadID=""10592""/>
    <Channel>Microsoft-Windows-Sysmon/Operational</Channel>
    <Computer>WinDev2309Eval</Computer>
    <Security UserID=""S-1-5-18""/>
  </System>
  <EventData>
    <Data Name=""RuleName"">DLL</Data>
    <Data Name=""UtcTime"">2023-12-19 21:37:34.861</Data>
    <Data Name=""ProcessGuid"">{f57bd86a-0d1b-6582-1305-000000000b00}</Data>
    <Data Name=""ProcessId"">2148</Data>
    <Data Name=""Image"">C:\Windows\Microsoft.NET\Framework64\v4.0.30319\mscorsvw.exe</Data>
    <Data Name=""TargetFilename"">C:\Windows\assembly\NativeImages_v4.0.30319_64\Temp\864-0\FSharp.Core.dll</Data>
    <Data Name=""CreationUtcTime"">2023-12-19 21:37:34.861</Data>
    <Data Name=""User"">NT AUTHORITY\SYSTEM</Data>
  </EventData>
</Event>
"
Microsoft-Windows-Sysmon/Operational,,,WinDev2309Eval,37:30.9,,,,,,,,,11,1251,,,,C:\Windows\Microsoft.NET\Framework64\v4.0.30319\mscorsvw.exe,,,0x8000000000000000,4,,,,,0,,,,,,,{f57bd86a-0d1a-6582-1105-000000000b00},10484,13136.0,,,,,,DLL,,,,,,,,,,,,,2023-12-19T21:37:30.9481608Z,C:\Windows\assembly\NativeImages_v4.0.30319_64\Temp\3350-0\FSharp.Compiler.Interactive.Settings.dll,,,,,,11,,10592,NT AUTHORITY\SYSTEM,S-1-5-18,37:30.9,2.0,"<Event xmlns=""http://schemas.microsoft.com/win/2004/08/events/event"">
  <System>
    <Provider Name=""Microsoft-Windows-Sysmon"" Guid=""{5770385f-c22a-43e0-bf4c-06f5698ffbd9}""/>
    <EventID>11</EventID>
    <Version>2</Version>
    <Level>4</Level>
    <Task>11</Task>
    <Opcode>0</Opcode>
    <Keywords>0x8000000000000000</Keywords>
    <TimeCreated SystemTime=""2023-12-19T21:37:30.9481608Z""/>
    <EventRecordID>1251</EventRecordID>
    <Correlation/>
    <Execution ProcessID=""10484"" ThreadID=""10592""/>
    <Channel>Microsoft-Windows-Sysmon/Operational</Channel>
    <Computer>WinDev2309Eval</Computer>
    <Security UserID=""S-1-5-18""/>
  </System>
  <EventData>
    <Data Name=""RuleName"">DLL</Data>
    <Data Name=""UtcTime"">2023-12-19 21:37:30.933</Data>
    <Data Name=""ProcessGuid"">{f57bd86a-0d1a-6582-1105-000000000b00}</Data>
    <Data Name=""ProcessId"">13136</Data>
    <Data Name=""Image"">C:\Windows\Microsoft.NET\Framework64\v4.0.30319\mscorsvw.exe</Data>
    <Data Name=""TargetFilename"">C:\Windows\assembly\NativeImages_v4.0.30319_64\Temp\3350-0\FSharp.Compiler.Interactive.Settings.dll</Data>
    <Data Name=""CreationUtcTime"">2023-12-19 21:37:30.933</Data>
    <Data Name=""User"">NT AUTHORITY\SYSTEM</Data>
  </EventData>
</Event>
"
Microsoft-Windows-Sysmon/Operational,,,WinDev2309Eval,37:30.8,,,,,,,,,11,1250,,,,C:\Windows\Microsoft.NET\Framework64\v4.0.30319\mscorsvw.exe,,,0x8000000000000000,4,,,,,0,,,,,,,{f57bd86a-0d1a-6582-0f05-000000000b00},10484,1112.0,,,,,,DLL,,,,,,,,,,,,,2023-12-19T21:37:30.7651234Z,C:\Windows\assembly\NativeImages_v4.0.30319_64\Temp\458-0\FSharp.Build.dll,,,,,,11,,10592,NT AUTHORITY\SYSTEM,S-1-5-18,37:30.8,2.0,"<Event xmlns=""http://schemas.microsoft.com/win/2004/08/events/event"">
  <System>
    <Provider Name=""Microsoft-Windows-Sysmon"" Guid=""{5770385f-c22a-43e0-bf4c-06f5698ffbd9}""/>
    <EventID>11</EventID>
    <Version>2</Version>
    <Level>4</Level>
    <Task>11</Task>
    <Opcode>0</Opcode>
    <Keywords>0x8000000000000000</Keywords>
    <TimeCreated SystemTime=""2023-12-19T21:37:30.7651234Z""/>
    <EventRecordID>1250</EventRecordID>
    <Correlation/>
    <Execution ProcessID=""10484"" ThreadID=""10592""/>
    <Channel>Microsoft-Windows-Sysmon/Operational</Channel>
    <Computer>WinDev2309Eval</Computer>
    <Security UserID=""S-1-5-18""/>
  </System>
  <EventData>
    <Data Name=""RuleName"">DLL</Data>
    <Data Name=""UtcTime"">2023-12-19 21:37:30.760</Data>
    <Data Name=""ProcessGuid"">{f57bd86a-0d1a-6582-0f05-000000000b00}</Data>
    <Data Name=""ProcessId"">1112</Data>
    <Data Name=""Image"">C:\Windows\Microsoft.NET\Framework64\v4.0.30319\mscorsvw.exe</Data>
    <Data Name=""TargetFilename"">C:\Windows\assembly\NativeImages_v4.0.30319_64\Temp\458-0\FSharp.Build.dll</Data>
    <Data Name=""CreationUtcTime"">2023-12-19 21:37:30.760</Data>
    <Data Name=""User"">NT AUTHORITY\SYSTEM</Data>
  </EventData>
</Event>
"
Microsoft-Windows-Sysmon/Operational,,,WinDev2309Eval,37:30.3,,,,,,,,,11,1249,,,,C:\Windows\Microsoft.NET\Framework64\v4.0.30319\mscorsvw.exe,,,0x8000000000000000,4,,,,,0,,,,,,,{f57bd86a-0d19-6582-0d05-000000000b00},10484,3552.0,,,,,,DLL,,,,,,,,,,,,,2023-12-19T21:37:30.2962529Z,C:\Windows\assembly\NativeImages_v4.0.30319_64\Temp\de0-0\Microsoft.VisualStudio.CodeLens.Service.dll,,,,,,11,,10592,NT AUTHORITY\SYSTEM,S-1-5-18,37:30.3,2.0,"<Event xmlns=""http://schemas.microsoft.com/win/2004/08/events/event"">
  <System>
    <Provider Name=""Microsoft-Windows-Sysmon"" Guid=""{5770385f-c22a-43e0-bf4c-06f5698ffbd9}""/>
    <EventID>11</EventID>
    <Version>2</Version>
    <Level>4</Level>
    <Task>11</Task>
    <Opcode>0</Opcode>
    <Keywords>0x8000000000000000</Keywords>
    <TimeCreated SystemTime=""2023-12-19T21:37:30.2962529Z""/>
    <EventRecordID>1249</EventRecordID>
    <Correlation/>
    <Execution ProcessID=""10484"" ThreadID=""10592""/>
    <Channel>Microsoft-Windows-Sysmon/Operational</Channel>
    <Computer>WinDev2309Eval</Computer>
    <Security UserID=""S-1-5-18""/>
  </System>
  <EventData>
    <Data Name=""RuleName"">DLL</Data>
    <Data Name=""UtcTime"">2023-12-19 21:37:30.292</Data>
    <Data Name=""ProcessGuid"">{f57bd86a-0d19-6582-0d05-000000000b00}</Data>
    <Data Name=""ProcessId"">3552</Data>
    <Data Name=""Image"">C:\Windows\Microsoft.NET\Framework64\v4.0.30319\mscorsvw.exe</Data>
    <Data Name=""TargetFilename"">C:\Windows\assembly\NativeImages_v4.0.30319_64\Temp\de0-0\Microsoft.VisualStudio.CodeLens.Service.dll</Data>
    <Data Name=""CreationUtcTime"">2023-12-19 21:37:30.292</Data>
    <Data Name=""User"">NT AUTHORITY\SYSTEM</Data>
  </EventData>
</Event>
"
Microsoft-Windows-Sysmon/Operational,,,WinDev2309Eval,37:29.6,,,,,,,,,11,1248,,,,C:\Windows\Microsoft.NET\Framework64\v4.0.30319\mscorsvw.exe,,,0x8000000000000000,4,,,,,0,,,,,,,{f57bd86a-0d19-6582-0b05-000000000b00},10484,2084.0,,,,,,DLL,,,,,,,,,,,,,2023-12-19T21:37:29.5733858Z,C:\Windows\assembly\NativeImages_v4.0.30319_64\Temp\824-0\Microsoft.VisualStudio.Text.UI.Wpf.dll,,,,,,11,,10592,NT AUTHORITY\SYSTEM,S-1-5-18,37:29.6,2.0,"<Event xmlns=""http://schemas.microsoft.com/win/2004/08/events/event"">
  <System>
    <Provider Name=""Microsoft-Windows-Sysmon"" Guid=""{5770385f-c22a-43e0-bf4c-06f5698ffbd9}""/>
    <EventID>11</EventID>
    <Version>2</Version>
    <Level>4</Level>
    <Task>11</Task>
    <Opcode>0</Opcode>
    <Keywords>0x8000000000000000</Keywords>
    <TimeCreated SystemTime=""2023-12-19T21:37:29.5733858Z""/>
    <EventRecordID>1248</EventRecordID>
    <Correlation/>
    <Execution ProcessID=""10484"" ThreadID=""10592""/>
    <Channel>Microsoft-Windows-Sysmon/Operational</Channel>
    <Computer>WinDev2309Eval</Computer>
    <Security UserID=""S-1-5-18""/>
  </System>
  <EventData>
    <Data Name=""RuleName"">DLL</Data>
    <Data Name=""UtcTime"">2023-12-19 21:37:29.558</Data>
    <Data Name=""ProcessGuid"">{f57bd86a-0d19-6582-0b05-000000000b00}</Data>
    <Data Name=""ProcessId"">2084</Data>
    <Data Name=""Image"">C:\Windows\Microsoft.NET\Framework64\v4.0.30319\mscorsvw.exe</Data>
    <Data Name=""TargetFilename"">C:\Windows\assembly\NativeImages_v4.0.30319_64\Temp\824-0\Microsoft.VisualStudio.Text.UI.Wpf.dll</Data>
    <Data Name=""CreationUtcTime"">2023-12-19 21:37:29.558</Data>
    <Data Name=""User"">NT AUTHORITY\SYSTEM</Data>
  </EventData>
</Event>
"
Microsoft-Windows-Sysmon/Operational,,,WinDev2309Eval,37:29.1,,,,,,,,,11,1247,,,,C:\Windows\Microsoft.NET\Framework64\v4.0.30319\mscorsvw.exe,,,0x8000000000000000,4,,,,,0,,,,,,,{f57bd86a-0d17-6582-0905-000000000b00},10484,12248.0,,,,,,DLL,,,,,,,,,,,,,2023-12-19T21:37:29.0787903Z,C:\Windows\assembly\NativeImages_v4.0.30319_64\Temp\2fd8-0\Microsoft.VisualStudio.Text.UI.dll,,,,,,11,,10592,NT AUTHORITY\SYSTEM,S-1-5-18,37:29.1,2.0,"<Event xmlns=""http://schemas.microsoft.com/win/2004/08/events/event"">
  <System>
    <Provider Name=""Microsoft-Windows-Sysmon"" Guid=""{5770385f-c22a-43e0-bf4c-06f5698ffbd9}""/>
    <EventID>11</EventID>
    <Version>2</Version>
    <Level>4</Level>
    <Task>11</Task>
    <Opcode>0</Opcode>
    <Keywords>0x8000000000000000</Keywords>
    <TimeCreated SystemTime=""2023-12-19T21:37:29.0787903Z""/>
    <EventRecordID>1247</EventRecordID>
    <Correlation/>
    <Execution ProcessID=""10484"" ThreadID=""10592""/>
    <Channel>Microsoft-Windows-Sysmon/Operational</Channel>
    <Computer>WinDev2309Eval</Computer>
    <Security UserID=""S-1-5-18""/>
  </System>
  <EventData>
    <Data Name=""RuleName"">DLL</Data>
    <Data Name=""UtcTime"">2023-12-19 21:37:29.073</Data>
    <Data Name=""ProcessGuid"">{f57bd86a-0d17-6582-0905-000000000b00}</Data>
    <Data Name=""ProcessId"">12248</Data>
    <Data Name=""Image"">C:\Windows\Microsoft.NET\Framework64\v4.0.30319\mscorsvw.exe</Data>
    <Data Name=""TargetFilename"">C:\Windows\assembly\NativeImages_v4.0.30319_64\Temp\2fd8-0\Microsoft.VisualStudio.Text.UI.dll</Data>
    <Data Name=""CreationUtcTime"">2023-12-19 21:37:29.073</Data>
    <Data Name=""User"">NT AUTHORITY\SYSTEM</Data>
  </EventData>
</Event>
"
Microsoft-Windows-Sysmon/Operational,,,WinDev2309Eval,37:27.7,,,,,,,,,11,1246,,,,C:\Windows\Microsoft.NET\Framework64\v4.0.30319\mscorsvw.exe,,,0x8000000000000000,4,,,,,0,,,,,,,{f57bd86a-0d16-6582-0705-000000000b00},10484,8560.0,,,,,,DLL,,,,,,,,,,,,,2023-12-19T21:37:27.6672308Z,C:\Windows\assembly\NativeImages_v4.0.30319_64\Temp\2170-0\Microsoft.VisualStudio.Text.Logic.dll,,,,,,11,,10592,NT AUTHORITY\SYSTEM,S-1-5-18,37:27.7,2.0,"<Event xmlns=""http://schemas.microsoft.com/win/2004/08/events/event"">
  <System>
    <Provider Name=""Microsoft-Windows-Sysmon"" Guid=""{5770385f-c22a-43e0-bf4c-06f5698ffbd9}""/>
    <EventID>11</EventID>
    <Version>2</Version>
    <Level>4</Level>
    <Task>11</Task>
    <Opcode>0</Opcode>
    <Keywords>0x8000000000000000</Keywords>
    <TimeCreated SystemTime=""2023-12-19T21:37:27.6672308Z""/>
    <EventRecordID>1246</EventRecordID>
    <Correlation/>
    <Execution ProcessID=""10484"" ThreadID=""10592""/>
    <Channel>Microsoft-Windows-Sysmon/Operational</Channel>
    <Computer>WinDev2309Eval</Computer>
    <Security UserID=""S-1-5-18""/>
  </System>
  <EventData>
    <Data Name=""RuleName"">DLL</Data>
    <Data Name=""UtcTime"">2023-12-19 21:37:27.651</Data>
    <Data Name=""ProcessGuid"">{f57bd86a-0d16-6582-0705-000000000b00}</Data>
    <Data Name=""ProcessId"">8560</Data>
    <Data Name=""Image"">C:\Windows\Microsoft.NET\Framework64\v4.0.30319\mscorsvw.exe</Data>
    <Data Name=""TargetFilename"">C:\Windows\assembly\NativeImages_v4.0.30319_64\Temp\2170-0\Microsoft.VisualStudio.Text.Logic.dll</Data>
    <Data Name=""CreationUtcTime"">2023-12-19 21:37:27.651</Data>
    <Data Name=""User"">NT AUTHORITY\SYSTEM</Data>
  </EventData>
</Event>
"
Microsoft-Windows-Sysmon/Operational,,,WinDev2309Eval,37:26.1,,,,,,,,,11,1245,,,,C:\Windows\Microsoft.NET\Framework64\v4.0.30319\mscorsvw.exe,,,0x8000000000000000,4,,,,,0,,,,,,,{f57bd86a-0d15-6582-0505-000000000b00},10484,11136.0,,,,,,DLL,,,,,,,,,,,,,2023-12-19T21:37:26.0734431Z,C:\Windows\assembly\NativeImages_v4.0.30319_64\Temp\2b80-0\Microsoft.VisualStudio.Text.Internal.dll,,,,,,11,,10592,NT AUTHORITY\SYSTEM,S-1-5-18,37:26.1,2.0,"<Event xmlns=""http://schemas.microsoft.com/win/2004/08/events/event"">
  <System>
    <Provider Name=""Microsoft-Windows-Sysmon"" Guid=""{5770385f-c22a-43e0-bf4c-06f5698ffbd9}""/>
    <EventID>11</EventID>
    <Version>2</Version>
    <Level>4</Level>
    <Task>11</Task>
    <Opcode>0</Opcode>
    <Keywords>0x8000000000000000</Keywords>
    <TimeCreated SystemTime=""2023-12-19T21:37:26.0734431Z""/>
    <EventRecordID>1245</EventRecordID>
    <Correlation/>
    <Execution ProcessID=""10484"" ThreadID=""10592""/>
    <Channel>Microsoft-Windows-Sysmon/Operational</Channel>
    <Computer>WinDev2309Eval</Computer>
    <Security UserID=""S-1-5-18""/>
  </System>
  <EventData>
    <Data Name=""RuleName"">DLL</Data>
    <Data Name=""UtcTime"">2023-12-19 21:37:26.057</Data>
    <Data Name=""ProcessGuid"">{f57bd86a-0d15-6582-0505-000000000b00}</Data>
    <Data Name=""ProcessId"">11136</Data>
    <Data Name=""Image"">C:\Windows\Microsoft.NET\Framework64\v4.0.30319\mscorsvw.exe</Data>
    <Data Name=""TargetFilename"">C:\Windows\assembly\NativeImages_v4.0.30319_64\Temp\2b80-0\Microsoft.VisualStudio.Text.Internal.dll</Data>
    <Data Name=""CreationUtcTime"">2023-12-19 21:37:26.057</Data>
    <Data Name=""User"">NT AUTHORITY\SYSTEM</Data>
  </EventData>
</Event>
"
Microsoft-Windows-Sysmon/Operational,,,WinDev2309Eval,37:25.1,,,,,,,,,11,1244,,,,C:\Windows\Microsoft.NET\Framework64\v4.0.30319\mscorsvw.exe,,,0x8000000000000000,4,,,,,0,,,,,,,{f57bd86a-0d13-6582-0305-000000000b00},10484,11844.0,,,,,,DLL,,,,,,,,,,,,,2023-12-19T21:37:25.0834401Z,C:\Windows\assembly\NativeImages_v4.0.30319_64\Temp\2e44-0\Microsoft.VisualStudio.Text.Data.dll,,,,,,11,,10592,NT AUTHORITY\SYSTEM,S-1-5-18,37:25.1,2.0,"<Event xmlns=""http://schemas.microsoft.com/win/2004/08/events/event"">
  <System>
    <Provider Name=""Microsoft-Windows-Sysmon"" Guid=""{5770385f-c22a-43e0-bf4c-06f5698ffbd9}""/>
    <EventID>11</EventID>
    <Version>2</Version>
    <Level>4</Level>
    <Task>11</Task>
    <Opcode>0</Opcode>
    <Keywords>0x8000000000000000</Keywords>
    <TimeCreated SystemTime=""2023-12-19T21:37:25.0834401Z""/>
    <EventRecordID>1244</EventRecordID>
    <Correlation/>
    <Execution ProcessID=""10484"" ThreadID=""10592""/>
    <Channel>Microsoft-Windows-Sysmon/Operational</Channel>
    <Computer>WinDev2309Eval</Computer>
    <Security UserID=""S-1-5-18""/>
  </System>
  <EventData>
    <Data Name=""RuleName"">DLL</Data>
    <Data Name=""UtcTime"">2023-12-19 21:37:25.070</Data>
    <Data Name=""ProcessGuid"">{f57bd86a-0d13-6582-0305-000000000b00}</Data>
    <Data Name=""ProcessId"">11844</Data>
    <Data Name=""Image"">C:\Windows\Microsoft.NET\Framework64\v4.0.30319\mscorsvw.exe</Data>
    <Data Name=""TargetFilename"">C:\Windows\assembly\NativeImages_v4.0.30319_64\Temp\2e44-0\Microsoft.VisualStudio.Text.Data.dll</Data>
    <Data Name=""CreationUtcTime"">2023-12-19 21:37:25.070</Data>
    <Data Name=""User"">NT AUTHORITY\SYSTEM</Data>
  </EventData>
</Event>
"
Microsoft-Windows-Sysmon/Operational,,,WinDev2309Eval,37:23.1,,,,,,,,,11,1243,,,,C:\Windows\Microsoft.NET\Framework64\v4.0.30319\mscorsvw.exe,,,0x8000000000000000,4,,,,,0,,,,,,,{f57bd86a-0d13-6582-0105-000000000b00},10484,11056.0,,,,,,DLL,,,,,,,,,,,,,2023-12-19T21:37:23.0825339Z,C:\Windows\assembly\NativeImages_v4.0.30319_64\Temp\2b30-0\Microsoft.VisualStudio.Language.StandardClassification.dll,,,,,,11,,10592,NT AUTHORITY\SYSTEM,S-1-5-18,37:23.1,2.0,"<Event xmlns=""http://schemas.microsoft.com/win/2004/08/events/event"">
  <System>
    <Provider Name=""Microsoft-Windows-Sysmon"" Guid=""{5770385f-c22a-43e0-bf4c-06f5698ffbd9}""/>
    <EventID>11</EventID>
    <Version>2</Version>
    <Level>4</Level>
    <Task>11</Task>
    <Opcode>0</Opcode>
    <Keywords>0x8000000000000000</Keywords>
    <TimeCreated SystemTime=""2023-12-19T21:37:23.0825339Z""/>
    <EventRecordID>1243</EventRecordID>
    <Correlation/>
    <Execution ProcessID=""10484"" ThreadID=""10592""/>
    <Channel>Microsoft-Windows-Sysmon/Operational</Channel>
    <Computer>WinDev2309Eval</Computer>
    <Security UserID=""S-1-5-18""/>
  </System>
  <EventData>
    <Data Name=""RuleName"">DLL</Data>
    <Data Name=""UtcTime"">2023-12-19 21:37:23.067</Data>
    <Data Name=""ProcessGuid"">{f57bd86a-0d13-6582-0105-000000000b00}</Data>
    <Data Name=""ProcessId"">11056</Data>
    <Data Name=""Image"">C:\Windows\Microsoft.NET\Framework64\v4.0.30319\mscorsvw.exe</Data>
    <Data Name=""TargetFilename"">C:\Windows\assembly\NativeImages_v4.0.30319_64\Temp\2b30-0\Microsoft.VisualStudio.Language.StandardClassification.dll</Data>
    <Data Name=""CreationUtcTime"">2023-12-19 21:37:23.067</Data>
    <Data Name=""User"">NT AUTHORITY\SYSTEM</Data>
  </EventData>
</Event>
"
Microsoft-Windows-Sysmon/Operational,,,WinDev2309Eval,37:22.9,,,,,,,,,11,1242,,,,C:\Windows\Microsoft.NET\Framework64\v4.0.30319\mscorsvw.exe,,,0x8000000000000000,4,,,,,0,,,,,,,{f57bd86a-0d12-6582-ff04-000000000b00},10484,13304.0,,,,,,DLL,,,,,,,,,,,,,2023-12-19T21:37:22.9207075Z,C:\Windows\assembly\NativeImages_v4.0.30319_64\Temp\33f8-0\Microsoft.VisualStudio.Language.Intellisense.dll,,,,,,11,,10592,NT AUTHORITY\SYSTEM,S-1-5-18,37:22.9,2.0,"<Event xmlns=""http://schemas.microsoft.com/win/2004/08/events/event"">
  <System>
    <Provider Name=""Microsoft-Windows-Sysmon"" Guid=""{5770385f-c22a-43e0-bf4c-06f5698ffbd9}""/>
    <EventID>11</EventID>
    <Version>2</Version>
    <Level>4</Level>
    <Task>11</Task>
    <Opcode>0</Opcode>
    <Keywords>0x8000000000000000</Keywords>
    <TimeCreated SystemTime=""2023-12-19T21:37:22.9207075Z""/>
    <EventRecordID>1242</EventRecordID>
    <Correlation/>
    <Execution ProcessID=""10484"" ThreadID=""10592""/>
    <Channel>Microsoft-Windows-Sysmon/Operational</Channel>
    <Computer>WinDev2309Eval</Computer>
    <Security UserID=""S-1-5-18""/>
  </System>
  <EventData>
    <Data Name=""RuleName"">DLL</Data>
    <Data Name=""UtcTime"">2023-12-19 21:37:22.910</Data>
    <Data Name=""ProcessGuid"">{f57bd86a-0d12-6582-ff04-000000000b00}</Data>
    <Data Name=""ProcessId"">13304</Data>
    <Data Name=""Image"">C:\Windows\Microsoft.NET\Framework64\v4.0.30319\mscorsvw.exe</Data>
    <Data Name=""TargetFilename"">C:\Windows\assembly\NativeImages_v4.0.30319_64\Temp\33f8-0\Microsoft.VisualStudio.Language.Intellisense.dll</Data>
    <Data Name=""CreationUtcTime"">2023-12-19 21:37:22.910</Data>
    <Data Name=""User"">NT AUTHORITY\SYSTEM</Data>
  </EventData>
</Event>
"
Microsoft-Windows-Sysmon/Operational,,,WinDev2309Eval,37:22.3,,,,,,,,,11,1241,,,,C:\Windows\Microsoft.NET\Framework64\v4.0.30319\mscorsvw.exe,,,0x8000000000000000,4,,,,,0,,,,,,,{f57bd86a-0d10-6582-fd04-000000000b00},10484,10724.0,,,,,,DLL,,,,,,,,,,,,,2023-12-19T21:37:22.2772634Z,C:\Windows\assembly\NativeImages_v4.0.30319_64\Temp\29e4-0\Microsoft.VisualStudio.Language.dll,,,,,,11,,10592,NT AUTHORITY\SYSTEM,S-1-5-18,37:22.3,2.0,"<Event xmlns=""http://schemas.microsoft.com/win/2004/08/events/event"">
  <System>
    <Provider Name=""Microsoft-Windows-Sysmon"" Guid=""{5770385f-c22a-43e0-bf4c-06f5698ffbd9}""/>
    <EventID>11</EventID>
    <Version>2</Version>
    <Level>4</Level>
    <Task>11</Task>
    <Opcode>0</Opcode>
    <Keywords>0x8000000000000000</Keywords>
    <TimeCreated SystemTime=""2023-12-19T21:37:22.2772634Z""/>
    <EventRecordID>1241</EventRecordID>
    <Correlation/>
    <Execution ProcessID=""10484"" ThreadID=""10592""/>
    <Channel>Microsoft-Windows-Sysmon/Operational</Channel>
    <Computer>WinDev2309Eval</Computer>
    <Security UserID=""S-1-5-18""/>
  </System>
  <EventData>
    <Data Name=""RuleName"">DLL</Data>
    <Data Name=""UtcTime"">2023-12-19 21:37:22.269</Data>
    <Data Name=""ProcessGuid"">{f57bd86a-0d10-6582-fd04-000000000b00}</Data>
    <Data Name=""ProcessId"">10724</Data>
    <Data Name=""Image"">C:\Windows\Microsoft.NET\Framework64\v4.0.30319\mscorsvw.exe</Data>
    <Data Name=""TargetFilename"">C:\Windows\assembly\NativeImages_v4.0.30319_64\Temp\29e4-0\Microsoft.VisualStudio.Language.dll</Data>
    <Data Name=""CreationUtcTime"">2023-12-19 21:37:22.269</Data>
    <Data Name=""User"">NT AUTHORITY\SYSTEM</Data>
  </EventData>
</Event>
"
Microsoft-Windows-Sysmon/Operational,,,WinDev2309Eval,37:20.6,,,,,,,,,11,1240,,,,C:\Windows\Microsoft.NET\Framework64\v4.0.30319\mscorsvw.exe,,,0x8000000000000000,4,,,,,0,,,,,,,{f57bd86a-0d10-6582-fb04-000000000b00},10484,7376.0,,,,,,DLL,,,,,,,,,,,,,2023-12-19T21:37:20.6574723Z,C:\Windows\assembly\NativeImages_v4.0.30319_64\Temp\1cd0-0\Microsoft.VisualStudio.Editor.dll,,,,,,11,,10592,NT AUTHORITY\SYSTEM,S-1-5-18,37:20.6,2.0,"<Event xmlns=""http://schemas.microsoft.com/win/2004/08/events/event"">
  <System>
    <Provider Name=""Microsoft-Windows-Sysmon"" Guid=""{5770385f-c22a-43e0-bf4c-06f5698ffbd9}""/>
    <EventID>11</EventID>
    <Version>2</Version>
    <Level>4</Level>
    <Task>11</Task>
    <Opcode>0</Opcode>
    <Keywords>0x8000000000000000</Keywords>
    <TimeCreated SystemTime=""2023-12-19T21:37:20.6574723Z""/>
    <EventRecordID>1240</EventRecordID>
    <Correlation/>
    <Execution ProcessID=""10484"" ThreadID=""10592""/>
    <Channel>Microsoft-Windows-Sysmon/Operational</Channel>
    <Computer>WinDev2309Eval</Computer>
    <Security UserID=""S-1-5-18""/>
  </System>
  <EventData>
    <Data Name=""RuleName"">DLL</Data>
    <Data Name=""UtcTime"">2023-12-19 21:37:20.644</Data>
    <Data Name=""ProcessGuid"">{f57bd86a-0d10-6582-fb04-000000000b00}</Data>
    <Data Name=""ProcessId"">7376</Data>
    <Data Name=""Image"">C:\Windows\Microsoft.NET\Framework64\v4.0.30319\mscorsvw.exe</Data>
    <Data Name=""TargetFilename"">C:\Windows\assembly\NativeImages_v4.0.30319_64\Temp\1cd0-0\Microsoft.VisualStudio.Editor.dll</Data>
    <Data Name=""CreationUtcTime"">2023-12-19 21:37:20.644</Data>
    <Data Name=""User"">NT AUTHORITY\SYSTEM</Data>
  </EventData>
</Event>
"
