Channel,CommandLine,Company,Computer,CreationUtcTime,CurrentDirectory,Description,DestinationHostname,DestinationIp,DestinationIsIpv6,DestinationPort,DestinationPortName,Details,EventID,EventRecordID,EventType,FileVersion,Hashes,Image,Initiated,IntegrityLevel,Keywords,Level,LogonGuid,LogonId,Message,NewThreadId,Opcode,OriginalFileName,ParentCommandLine,ParentImage,ParentProcessGuid,ParentProcessId,ParentUser,ProcessGuid,ProcessID,ProcessId,Product,Protocol,QueryName,QueryResults,QueryStatus,RuleName,SourceHostname,SourceImage,SourceIp,SourceIsIpv6,SourcePort,SourcePortName,SourceProcessGuid,SourceProcessId,SourceUser,StartAddress,StartFunction,StartModule,SystemTime,TargetFilename,TargetImage,TargetObject,TargetProcessGuid,TargetProcessId,TargetUser,Task,TerminalSessionId,ThreadID,User,UserID,UtcTime,Version,raw
Microsoft-Windows-Sysmon/Operational,,,WinDev2309Eval,45:05.0,,,,,,,,,11,6607,,,,C:\Windows\Microsoft.NET\Framework\v4.0.30319\mscorsvw.exe,,,0x8000000000000000,4,,,,,0,,,,,,,{f57bd86a-253f-6584-6708-000000000d00},3400,10672.0,,,,,,DLL,,,,,,,,,,,,,2023-12-21T11:45:05.0331498Z,C:\Windows\assembly\NativeImages_v4.0.30319_32\Temp\29b0-0\Microsoft.Build.Framework.dll,,,,,,11,,4208,NT AUTHORITY\SYSTEM,S-1-5-18,45:05.0,2.0,"<Event xmlns=""http://schemas.microsoft.com/win/2004/08/events/event"">
  <System>
    <Provider Name=""Microsoft-Windows-Sysmon"" Guid=""{5770385f-c22a-43e0-bf4c-06f5698ffbd9}""/>
    <EventID>11</EventID>
    <Version>2</Version>
    <Level>4</Level>
    <Task>11</Task>
    <Opcode>0</Opcode>
    <Keywords>0x8000000000000000</Keywords>
    <TimeCreated SystemTime=""2023-12-21T11:45:05.0331498Z""/>
    <EventRecordID>6607</EventRecordID>
    <Correlation/>
    <Execution ProcessID=""3400"" ThreadID=""4208""/>
    <Channel>Microsoft-Windows-Sysmon/Operational</Channel>
    <Computer>WinDev2309Eval</Computer>
    <Security UserID=""S-1-5-18""/>
  </System>
  <EventData>
    <Data Name=""RuleName"">DLL</Data>
    <Data Name=""UtcTime"">2023-12-21 11:45:05.025</Data>
    <Data Name=""ProcessGuid"">{f57bd86a-253f-6584-6708-000000000d00}</Data>
    <Data Name=""ProcessId"">10672</Data>
    <Data Name=""Image"">C:\Windows\Microsoft.NET\Framework\v4.0.30319\mscorsvw.exe</Data>
    <Data Name=""TargetFilename"">C:\Windows\assembly\NativeImages_v4.0.30319_32\Temp\29b0-0\Microsoft.Build.Framework.dll</Data>
    <Data Name=""CreationUtcTime"">2023-12-21 11:45:05.025</Data>
    <Data Name=""User"">NT AUTHORITY\SYSTEM</Data>
  </EventData>
</Event>
"
Microsoft-Windows-Sysmon/Operational,,,WinDev2309Eval,45:03.5,,,,,,,,,11,6606,,,,C:\Windows\Microsoft.NET\Framework\v4.0.30319\mscorsvw.exe,,,0x8000000000000000,4,,,,,0,,,,,,,{f57bd86a-253e-6584-6508-000000000d00},3400,12512.0,,,,,,DLL,,,,,,,,,,,,,2023-12-21T11:45:03.5543826Z,C:\Windows\assembly\NativeImages_v4.0.30319_32\Temp\30e0-0\Microsoft.Build.Engine.dll,,,,,,11,,4208,NT AUTHORITY\SYSTEM,S-1-5-18,45:03.5,2.0,"<Event xmlns=""http://schemas.microsoft.com/win/2004/08/events/event"">
  <System>
    <Provider Name=""Microsoft-Windows-Sysmon"" Guid=""{5770385f-c22a-43e0-bf4c-06f5698ffbd9}""/>
    <EventID>11</EventID>
    <Version>2</Version>
    <Level>4</Level>
    <Task>11</Task>
    <Opcode>0</Opcode>
    <Keywords>0x8000000000000000</Keywords>
    <TimeCreated SystemTime=""2023-12-21T11:45:03.5543826Z""/>
    <EventRecordID>6606</EventRecordID>
    <Correlation/>
    <Execution ProcessID=""3400"" ThreadID=""4208""/>
    <Channel>Microsoft-Windows-Sysmon/Operational</Channel>
    <Computer>WinDev2309Eval</Computer>
    <Security UserID=""S-1-5-18""/>
  </System>
  <EventData>
    <Data Name=""RuleName"">DLL</Data>
    <Data Name=""UtcTime"">2023-12-21 11:45:03.540</Data>
    <Data Name=""ProcessGuid"">{f57bd86a-253e-6584-6508-000000000d00}</Data>
    <Data Name=""ProcessId"">12512</Data>
    <Data Name=""Image"">C:\Windows\Microsoft.NET\Framework\v4.0.30319\mscorsvw.exe</Data>
    <Data Name=""TargetFilename"">C:\Windows\assembly\NativeImages_v4.0.30319_32\Temp\30e0-0\Microsoft.Build.Engine.dll</Data>
    <Data Name=""CreationUtcTime"">2023-12-21 11:45:03.540</Data>
    <Data Name=""User"">NT AUTHORITY\SYSTEM</Data>
  </EventData>
</Event>
"
Microsoft-Windows-Sysmon/Operational,,,WinDev2309Eval,45:02.4,,,,,,,,,11,6605,,,,C:\Windows\Microsoft.NET\Framework\v4.0.30319\mscorsvw.exe,,,0x8000000000000000,4,,,,,0,,,,,,,{f57bd86a-253e-6584-6208-000000000d00},3400,11728.0,,,,,,DLL,,,,,,,,,,,,,2023-12-21T11:45:02.3762083Z,C:\Windows\assembly\NativeImages_v4.0.30319_32\Temp\2dd0-0\Microsoft.Build.Conversion.Core.dll,,,,,,11,,4208,NT AUTHORITY\SYSTEM,S-1-5-18,45:02.4,2.0,"<Event xmlns=""http://schemas.microsoft.com/win/2004/08/events/event"">
  <System>
    <Provider Name=""Microsoft-Windows-Sysmon"" Guid=""{5770385f-c22a-43e0-bf4c-06f5698ffbd9}""/>
    <EventID>11</EventID>
    <Version>2</Version>
    <Level>4</Level>
    <Task>11</Task>
    <Opcode>0</Opcode>
    <Keywords>0x8000000000000000</Keywords>
    <TimeCreated SystemTime=""2023-12-21T11:45:02.3762083Z""/>
    <EventRecordID>6605</EventRecordID>
    <Correlation/>
    <Execution ProcessID=""3400"" ThreadID=""4208""/>
    <Channel>Microsoft-Windows-Sysmon/Operational</Channel>
    <Computer>WinDev2309Eval</Computer>
    <Security UserID=""S-1-5-18""/>
  </System>
  <EventData>
    <Data Name=""RuleName"">DLL</Data>
    <Data Name=""UtcTime"">2023-12-21 11:45:02.363</Data>
    <Data Name=""ProcessGuid"">{f57bd86a-253e-6584-6208-000000000d00}</Data>
    <Data Name=""ProcessId"">11728</Data>
    <Data Name=""Image"">C:\Windows\Microsoft.NET\Framework\v4.0.30319\mscorsvw.exe</Data>
    <Data Name=""TargetFilename"">C:\Windows\assembly\NativeImages_v4.0.30319_32\Temp\2dd0-0\Microsoft.Build.Conversion.Core.dll</Data>
    <Data Name=""CreationUtcTime"">2023-12-21 11:45:02.363</Data>
    <Data Name=""User"">NT AUTHORITY\SYSTEM</Data>
  </EventData>
</Event>
"
Microsoft-Windows-Sysmon/Operational,,,WinDev2309Eval,45:01.8,,,,,,,,,11,6604,,,,C:\Windows\Microsoft.NET\Framework\v4.0.30319\mscorsvw.exe,,,0x8000000000000000,4,,,,,0,,,,,,,{f57bd86a-253c-6584-5f08-000000000d00},3400,11072.0,,,,,,DLL,,,,,,,,,,,,,2023-12-21T11:45:01.8493174Z,C:\Windows\assembly\NativeImages_v4.0.30319_32\Temp\2b40-0\System.Reflection.Metadata.dll,,,,,,11,,4208,NT AUTHORITY\SYSTEM,S-1-5-18,45:01.8,2.0,"<Event xmlns=""http://schemas.microsoft.com/win/2004/08/events/event"">
  <System>
    <Provider Name=""Microsoft-Windows-Sysmon"" Guid=""{5770385f-c22a-43e0-bf4c-06f5698ffbd9}""/>
    <EventID>11</EventID>
    <Version>2</Version>
    <Level>4</Level>
    <Task>11</Task>
    <Opcode>0</Opcode>
    <Keywords>0x8000000000000000</Keywords>
    <TimeCreated SystemTime=""2023-12-21T11:45:01.8493174Z""/>
    <EventRecordID>6604</EventRecordID>
    <Correlation/>
    <Execution ProcessID=""3400"" ThreadID=""4208""/>
    <Channel>Microsoft-Windows-Sysmon/Operational</Channel>
    <Computer>WinDev2309Eval</Computer>
    <Security UserID=""S-1-5-18""/>
  </System>
  <EventData>
    <Data Name=""RuleName"">DLL</Data>
    <Data Name=""UtcTime"">2023-12-21 11:45:01.846</Data>
    <Data Name=""ProcessGuid"">{f57bd86a-253c-6584-5f08-000000000d00}</Data>
    <Data Name=""ProcessId"">11072</Data>
    <Data Name=""Image"">C:\Windows\Microsoft.NET\Framework\v4.0.30319\mscorsvw.exe</Data>
    <Data Name=""TargetFilename"">C:\Windows\assembly\NativeImages_v4.0.30319_32\Temp\2b40-0\System.Reflection.Metadata.dll</Data>
    <Data Name=""CreationUtcTime"">2023-12-21 11:45:01.846</Data>
    <Data Name=""User"">NT AUTHORITY\SYSTEM</Data>
  </EventData>
</Event>
"
Microsoft-Windows-Sysmon/Operational,,,WinDev2309Eval,45:00.7,,,,,,,,,11,6603,,,,C:\Windows\Microsoft.NET\Framework\v4.0.30319\mscorsvw.exe,,,0x8000000000000000,4,,,,,0,,,,,,,{f57bd86a-253b-6584-5d08-000000000d00},3400,8392.0,,,,,,DLL,,,,,,,,,,,,,2023-12-21T11:45:00.6776908Z,C:\Windows\assembly\NativeImages_v4.0.30319_32\Temp\20c8-0\Newtonsoft.Json.dll,,,,,,11,,4208,NT AUTHORITY\SYSTEM,S-1-5-18,45:00.7,2.0,"<Event xmlns=""http://schemas.microsoft.com/win/2004/08/events/event"">
  <System>
    <Provider Name=""Microsoft-Windows-Sysmon"" Guid=""{5770385f-c22a-43e0-bf4c-06f5698ffbd9}""/>
    <EventID>11</EventID>
    <Version>2</Version>
    <Level>4</Level>
    <Task>11</Task>
    <Opcode>0</Opcode>
    <Keywords>0x8000000000000000</Keywords>
    <TimeCreated SystemTime=""2023-12-21T11:45:00.6776908Z""/>
    <EventRecordID>6603</EventRecordID>
    <Correlation/>
    <Execution ProcessID=""3400"" ThreadID=""4208""/>
    <Channel>Microsoft-Windows-Sysmon/Operational</Channel>
    <Computer>WinDev2309Eval</Computer>
    <Security UserID=""S-1-5-18""/>
  </System>
  <EventData>
    <Data Name=""RuleName"">DLL</Data>
    <Data Name=""UtcTime"">2023-12-21 11:45:00.670</Data>
    <Data Name=""ProcessGuid"">{f57bd86a-253b-6584-5d08-000000000d00}</Data>
    <Data Name=""ProcessId"">8392</Data>
    <Data Name=""Image"">C:\Windows\Microsoft.NET\Framework\v4.0.30319\mscorsvw.exe</Data>
    <Data Name=""TargetFilename"">C:\Windows\assembly\NativeImages_v4.0.30319_32\Temp\20c8-0\Newtonsoft.Json.dll</Data>
    <Data Name=""CreationUtcTime"">2023-12-21 11:45:00.670</Data>
    <Data Name=""User"">NT AUTHORITY\SYSTEM</Data>
  </EventData>
</Event>
"
Microsoft-Windows-Sysmon/Operational,,,WinDev2309Eval,44:59.2,,,,,,,,,11,6602,,,,C:\Windows\Microsoft.NET\Framework\v4.0.30319\mscorsvw.exe,,,0x8000000000000000,4,,,,,0,,,,,,,{f57bd86a-2539-6584-5b08-000000000d00},3400,11692.0,,,,,,DLL,,,,,,,,,,,,,2023-12-21T11:44:59.2309100Z,C:\Windows\assembly\NativeImages_v4.0.30319_32\Temp\2dac-0\Microsoft.Identity.Client.dll,,,,,,11,,4208,NT AUTHORITY\SYSTEM,S-1-5-18,44:59.2,2.0,"<Event xmlns=""http://schemas.microsoft.com/win/2004/08/events/event"">
  <System>
    <Provider Name=""Microsoft-Windows-Sysmon"" Guid=""{5770385f-c22a-43e0-bf4c-06f5698ffbd9}""/>
    <EventID>11</EventID>
    <Version>2</Version>
    <Level>4</Level>
    <Task>11</Task>
    <Opcode>0</Opcode>
    <Keywords>0x8000000000000000</Keywords>
    <TimeCreated SystemTime=""2023-12-21T11:44:59.2309100Z""/>
    <EventRecordID>6602</EventRecordID>
    <Correlation/>
    <Execution ProcessID=""3400"" ThreadID=""4208""/>
    <Channel>Microsoft-Windows-Sysmon/Operational</Channel>
    <Computer>WinDev2309Eval</Computer>
    <Security UserID=""S-1-5-18""/>
  </System>
  <EventData>
    <Data Name=""RuleName"">DLL</Data>
    <Data Name=""UtcTime"">2023-12-21 11:44:59.217</Data>
    <Data Name=""ProcessGuid"">{f57bd86a-2539-6584-5b08-000000000d00}</Data>
    <Data Name=""ProcessId"">11692</Data>
    <Data Name=""Image"">C:\Windows\Microsoft.NET\Framework\v4.0.30319\mscorsvw.exe</Data>
    <Data Name=""TargetFilename"">C:\Windows\assembly\NativeImages_v4.0.30319_32\Temp\2dac-0\Microsoft.Identity.Client.dll</Data>
    <Data Name=""CreationUtcTime"">2023-12-21 11:44:59.217</Data>
    <Data Name=""User"">NT AUTHORITY\SYSTEM</Data>
  </EventData>
</Event>
"
Microsoft-Windows-Sysmon/Operational,,,WinDev2309Eval,44:56.9,,,,,,,,,11,6601,,,,C:\Windows\Microsoft.NET\Framework\v4.0.30319\mscorsvw.exe,,,0x8000000000000000,4,,,,,0,,,,,,,{f57bd86a-2537-6584-5908-000000000d00},3400,12756.0,,,,,,EXE,,,,,,,,,,,,,2023-12-21T11:44:56.9138367Z,C:\Windows\assembly\NativeImages_v4.0.30319_32\Temp\31d4-0\Microsoft.Developer.IdentityService.exe,,,,,,11,,4208,NT AUTHORITY\SYSTEM,S-1-5-18,44:56.9,2.0,"<Event xmlns=""http://schemas.microsoft.com/win/2004/08/events/event"">
  <System>
    <Provider Name=""Microsoft-Windows-Sysmon"" Guid=""{5770385f-c22a-43e0-bf4c-06f5698ffbd9}""/>
    <EventID>11</EventID>
    <Version>2</Version>
    <Level>4</Level>
    <Task>11</Task>
    <Opcode>0</Opcode>
    <Keywords>0x8000000000000000</Keywords>
    <TimeCreated SystemTime=""2023-12-21T11:44:56.9138367Z""/>
    <EventRecordID>6601</EventRecordID>
    <Correlation/>
    <Execution ProcessID=""3400"" ThreadID=""4208""/>
    <Channel>Microsoft-Windows-Sysmon/Operational</Channel>
    <Computer>WinDev2309Eval</Computer>
    <Security UserID=""S-1-5-18""/>
  </System>
  <EventData>
    <Data Name=""RuleName"">EXE</Data>
    <Data Name=""UtcTime"">2023-12-21 11:44:56.899</Data>
    <Data Name=""ProcessGuid"">{f57bd86a-2537-6584-5908-000000000d00}</Data>
    <Data Name=""ProcessId"">12756</Data>
    <Data Name=""Image"">C:\Windows\Microsoft.NET\Framework\v4.0.30319\mscorsvw.exe</Data>
    <Data Name=""TargetFilename"">C:\Windows\assembly\NativeImages_v4.0.30319_32\Temp\31d4-0\Microsoft.Developer.IdentityService.exe</Data>
    <Data Name=""CreationUtcTime"">2023-12-21 11:44:56.899</Data>
    <Data Name=""User"">NT AUTHORITY\SYSTEM</Data>
  </EventData>
</Event>
"
Microsoft-Windows-Sysmon/Operational,,,WinDev2309Eval,,,,-,40.79.141.152,False,443.0,https,,3,6600,,,,C:\Users\User\AppData\Local\Microsoft\OneDrive\OneDrive.exe,True,,0x8000000000000000,4,,,,,0,,,,,,,{f57bd86a-1d61-6582-d500-000000000d00},3400,7048.0,,tcp,,,,Usermode,WinDev2309Eval.localdomain,,192.168.126.163,False,53077.0,-,,,,,,,2023-12-21T11:44:56.4141439Z,,,,,,,3,,4200,WINDEV2309EVAL\User,S-1-5-18,36:43.7,5.0,"<Event xmlns=""http://schemas.microsoft.com/win/2004/08/events/event"">
  <System>
    <Provider Name=""Microsoft-Windows-Sysmon"" Guid=""{5770385f-c22a-43e0-bf4c-06f5698ffbd9}""/>
    <EventID>3</EventID>
    <Version>5</Version>
    <Level>4</Level>
    <Task>3</Task>
    <Opcode>0</Opcode>
    <Keywords>0x8000000000000000</Keywords>
    <TimeCreated SystemTime=""2023-12-21T11:44:56.4141439Z""/>
    <EventRecordID>6600</EventRecordID>
    <Correlation/>
    <Execution ProcessID=""3400"" ThreadID=""4200""/>
    <Channel>Microsoft-Windows-Sysmon/Operational</Channel>
    <Computer>WinDev2309Eval</Computer>
    <Security UserID=""S-1-5-18""/>
  </System>
  <EventData>
    <Data Name=""RuleName"">Usermode</Data>
    <Data Name=""UtcTime"">2023-12-20 17:36:43.664</Data>
    <Data Name=""ProcessGuid"">{f57bd86a-1d61-6582-d500-000000000d00}</Data>
    <Data Name=""ProcessId"">7048</Data>
    <Data Name=""Image"">C:\Users\User\AppData\Local\Microsoft\OneDrive\OneDrive.exe</Data>
    <Data Name=""User"">WINDEV2309EVAL\User</Data>
    <Data Name=""Protocol"">tcp</Data>
    <Data Name=""Initiated"">true</Data>
    <Data Name=""SourceIsIpv6"">false</Data>
    <Data Name=""SourceIp"">192.168.126.163</Data>
    <Data Name=""SourceHostname"">WinDev2309Eval.localdomain</Data>
    <Data Name=""SourcePort"">53077</Data>
    <Data Name=""SourcePortName"">-</Data>
    <Data Name=""DestinationIsIpv6"">false</Data>
    <Data Name=""DestinationIp"">40.79.141.152</Data>
    <Data Name=""DestinationHostname"">-</Data>
    <Data Name=""DestinationPort"">443</Data>
    <Data Name=""DestinationPortName"">https</Data>
  </EventData>
</Event>
"
Microsoft-Windows-Sysmon/Operational,,,WinDev2309Eval,44:54.9,,,,,,,,,11,6599,,,,C:\Windows\Microsoft.NET\Framework\v4.0.30319\mscorsvw.exe,,,0x8000000000000000,4,,,,,0,,,,,,,{f57bd86a-2536-6584-5708-000000000d00},3400,11448.0,,,,,,DLL,,,,,,,,,,,,,2023-12-21T11:44:54.9070960Z,C:\Windows\assembly\NativeImages_v4.0.30319_32\Temp\2cb8-0\Microsoft.Developer.IdentityService.Core.dll,,,,,,11,,4208,NT AUTHORITY\SYSTEM,S-1-5-18,44:54.9,2.0,"<Event xmlns=""http://schemas.microsoft.com/win/2004/08/events/event"">
  <System>
    <Provider Name=""Microsoft-Windows-Sysmon"" Guid=""{5770385f-c22a-43e0-bf4c-06f5698ffbd9}""/>
    <EventID>11</EventID>
    <Version>2</Version>
    <Level>4</Level>
    <Task>11</Task>
    <Opcode>0</Opcode>
    <Keywords>0x8000000000000000</Keywords>
    <TimeCreated SystemTime=""2023-12-21T11:44:54.9070960Z""/>
    <EventRecordID>6599</EventRecordID>
    <Correlation/>
    <Execution ProcessID=""3400"" ThreadID=""4208""/>
    <Channel>Microsoft-Windows-Sysmon/Operational</Channel>
    <Computer>WinDev2309Eval</Computer>
    <Security UserID=""S-1-5-18""/>
  </System>
  <EventData>
    <Data Name=""RuleName"">DLL</Data>
    <Data Name=""UtcTime"">2023-12-21 11:44:54.894</Data>
    <Data Name=""ProcessGuid"">{f57bd86a-2536-6584-5708-000000000d00}</Data>
    <Data Name=""ProcessId"">11448</Data>
    <Data Name=""Image"">C:\Windows\Microsoft.NET\Framework\v4.0.30319\mscorsvw.exe</Data>
    <Data Name=""TargetFilename"">C:\Windows\assembly\NativeImages_v4.0.30319_32\Temp\2cb8-0\Microsoft.Developer.IdentityService.Core.dll</Data>
    <Data Name=""CreationUtcTime"">2023-12-21 11:44:54.894</Data>
    <Data Name=""User"">NT AUTHORITY\SYSTEM</Data>
  </EventData>
</Event>
"
Microsoft-Windows-Sysmon/Operational,,,WinDev2309Eval,44:54.5,,,,,,,,,11,6598,,,,C:\Windows\Microsoft.NET\Framework\v4.0.30319\mscorsvw.exe,,,0x8000000000000000,4,,,,,0,,,,,,,{f57bd86a-2536-6584-5508-000000000d00},3400,10752.0,,,,,,DLL,,,,,,,,,,,,,2023-12-21T11:44:54.4756976Z,C:\Windows\assembly\NativeImages_v4.0.30319_32\Temp\2a00-0\Ben.Demystifier.dll,,,,,,11,,4208,NT AUTHORITY\SYSTEM,S-1-5-18,44:54.5,2.0,"<Event xmlns=""http://schemas.microsoft.com/win/2004/08/events/event"">
  <System>
    <Provider Name=""Microsoft-Windows-Sysmon"" Guid=""{5770385f-c22a-43e0-bf4c-06f5698ffbd9}""/>
    <EventID>11</EventID>
    <Version>2</Version>
    <Level>4</Level>
    <Task>11</Task>
    <Opcode>0</Opcode>
    <Keywords>0x8000000000000000</Keywords>
    <TimeCreated SystemTime=""2023-12-21T11:44:54.4756976Z""/>
    <EventRecordID>6598</EventRecordID>
    <Correlation/>
    <Execution ProcessID=""3400"" ThreadID=""4208""/>
    <Channel>Microsoft-Windows-Sysmon/Operational</Channel>
    <Computer>WinDev2309Eval</Computer>
    <Security UserID=""S-1-5-18""/>
  </System>
  <EventData>
    <Data Name=""RuleName"">DLL</Data>
    <Data Name=""UtcTime"">2023-12-21 11:44:54.473</Data>
    <Data Name=""ProcessGuid"">{f57bd86a-2536-6584-5508-000000000d00}</Data>
    <Data Name=""ProcessId"">10752</Data>
    <Data Name=""Image"">C:\Windows\Microsoft.NET\Framework\v4.0.30319\mscorsvw.exe</Data>
    <Data Name=""TargetFilename"">C:\Windows\assembly\NativeImages_v4.0.30319_32\Temp\2a00-0\Ben.Demystifier.dll</Data>
    <Data Name=""CreationUtcTime"">2023-12-21 11:44:54.473</Data>
    <Data Name=""User"">NT AUTHORITY\SYSTEM</Data>
  </EventData>
</Event>
"
Microsoft-Windows-Sysmon/Operational,,,WinDev2309Eval,44:52.1,,,,,,,,,11,6597,,,,C:\Windows\Microsoft.NET\Framework\v4.0.30319\mscorsvw.exe,,,0x8000000000000000,4,,,,,0,,,,,,,{f57bd86a-2533-6584-4608-000000000d00},3400,13228.0,,,,,,EXE,,,,,,,,,,,,,2023-12-21T11:44:52.1430669Z,C:\Windows\assembly\NativeImages_v4.0.30319_32\Temp\33ac-0\QTDCAgent32.exe,,,,,,11,,4208,NT AUTHORITY\SYSTEM,S-1-5-18,44:52.1,2.0,"<Event xmlns=""http://schemas.microsoft.com/win/2004/08/events/event"">
  <System>
    <Provider Name=""Microsoft-Windows-Sysmon"" Guid=""{5770385f-c22a-43e0-bf4c-06f5698ffbd9}""/>
    <EventID>11</EventID>
    <Version>2</Version>
    <Level>4</Level>
    <Task>11</Task>
    <Opcode>0</Opcode>
    <Keywords>0x8000000000000000</Keywords>
    <TimeCreated SystemTime=""2023-12-21T11:44:52.1430669Z""/>
    <EventRecordID>6597</EventRecordID>
    <Correlation/>
    <Execution ProcessID=""3400"" ThreadID=""4208""/>
    <Channel>Microsoft-Windows-Sysmon/Operational</Channel>
    <Computer>WinDev2309Eval</Computer>
    <Security UserID=""S-1-5-18""/>
  </System>
  <EventData>
    <Data Name=""RuleName"">EXE</Data>
    <Data Name=""UtcTime"">2023-12-21 11:44:52.129</Data>
    <Data Name=""ProcessGuid"">{f57bd86a-2533-6584-4608-000000000d00}</Data>
    <Data Name=""ProcessId"">13228</Data>
    <Data Name=""Image"">C:\Windows\Microsoft.NET\Framework\v4.0.30319\mscorsvw.exe</Data>
    <Data Name=""TargetFilename"">C:\Windows\assembly\NativeImages_v4.0.30319_32\Temp\33ac-0\QTDCAgent32.exe</Data>
    <Data Name=""CreationUtcTime"">2023-12-21 11:44:52.129</Data>
    <Data Name=""User"">NT AUTHORITY\SYSTEM</Data>
  </EventData>
</Event>
"
Microsoft-Windows-Sysmon/Operational,,,WinDev2309Eval,44:51.7,,,,,,,,,11,6596,,,,C:\Windows\Microsoft.NET\Framework\v4.0.30319\mscorsvw.exe,,,0x8000000000000000,4,,,,,0,,,,,,,{f57bd86a-2533-6584-4408-000000000d00},3400,3316.0,,,,,,EXE,,,,,,,,,,,,,2023-12-21T11:44:51.6771690Z,C:\Windows\assembly\NativeImages_v4.0.30319_32\Temp\cf4-0\QTAgent32_40.exe,,,,,,11,,4208,NT AUTHORITY\SYSTEM,S-1-5-18,44:51.7,2.0,"<Event xmlns=""http://schemas.microsoft.com/win/2004/08/events/event"">
  <System>
    <Provider Name=""Microsoft-Windows-Sysmon"" Guid=""{5770385f-c22a-43e0-bf4c-06f5698ffbd9}""/>
    <EventID>11</EventID>
    <Version>2</Version>
    <Level>4</Level>
    <Task>11</Task>
    <Opcode>0</Opcode>
    <Keywords>0x8000000000000000</Keywords>
    <TimeCreated SystemTime=""2023-12-21T11:44:51.6771690Z""/>
    <EventRecordID>6596</EventRecordID>
    <Correlation/>
    <Execution ProcessID=""3400"" ThreadID=""4208""/>
    <Channel>Microsoft-Windows-Sysmon/Operational</Channel>
    <Computer>WinDev2309Eval</Computer>
    <Security UserID=""S-1-5-18""/>
  </System>
  <EventData>
    <Data Name=""RuleName"">EXE</Data>
    <Data Name=""UtcTime"">2023-12-21 11:44:51.676</Data>
    <Data Name=""ProcessGuid"">{f57bd86a-2533-6584-4408-000000000d00}</Data>
    <Data Name=""ProcessId"">3316</Data>
    <Data Name=""Image"">C:\Windows\Microsoft.NET\Framework\v4.0.30319\mscorsvw.exe</Data>
    <Data Name=""TargetFilename"">C:\Windows\assembly\NativeImages_v4.0.30319_32\Temp\cf4-0\QTAgent32_40.exe</Data>
    <Data Name=""CreationUtcTime"">2023-12-21 11:44:51.676</Data>
    <Data Name=""User"">NT AUTHORITY\SYSTEM</Data>
  </EventData>
</Event>
"
Microsoft-Windows-Sysmon/Operational,,,WinDev2309Eval,44:51.2,,,,,,,,,11,6595,,,,C:\Windows\Microsoft.NET\Framework\v4.0.30319\mscorsvw.exe,,,0x8000000000000000,4,,,,,0,,,,,,,{f57bd86a-2532-6584-4208-000000000d00},3400,4536.0,,,,,,EXE,,,,,,,,,,,,,2023-12-21T11:44:51.2180485Z,C:\Windows\assembly\NativeImages_v4.0.30319_32\Temp\11b8-0\QTAgent32_35.exe,,,,,,11,,4208,NT AUTHORITY\SYSTEM,S-1-5-18,44:51.2,2.0,"<Event xmlns=""http://schemas.microsoft.com/win/2004/08/events/event"">
  <System>
    <Provider Name=""Microsoft-Windows-Sysmon"" Guid=""{5770385f-c22a-43e0-bf4c-06f5698ffbd9}""/>
    <EventID>11</EventID>
    <Version>2</Version>
    <Level>4</Level>
    <Task>11</Task>
    <Opcode>0</Opcode>
    <Keywords>0x8000000000000000</Keywords>
    <TimeCreated SystemTime=""2023-12-21T11:44:51.2180485Z""/>
    <EventRecordID>6595</EventRecordID>
    <Correlation/>
    <Execution ProcessID=""3400"" ThreadID=""4208""/>
    <Channel>Microsoft-Windows-Sysmon/Operational</Channel>
    <Computer>WinDev2309Eval</Computer>
    <Security UserID=""S-1-5-18""/>
  </System>
  <EventData>
    <Data Name=""RuleName"">EXE</Data>
    <Data Name=""UtcTime"">2023-12-21 11:44:51.206</Data>
    <Data Name=""ProcessGuid"">{f57bd86a-2532-6584-4208-000000000d00}</Data>
    <Data Name=""ProcessId"">4536</Data>
    <Data Name=""Image"">C:\Windows\Microsoft.NET\Framework\v4.0.30319\mscorsvw.exe</Data>
    <Data Name=""TargetFilename"">C:\Windows\assembly\NativeImages_v4.0.30319_32\Temp\11b8-0\QTAgent32_35.exe</Data>
    <Data Name=""CreationUtcTime"">2023-12-21 11:44:51.206</Data>
    <Data Name=""User"">NT AUTHORITY\SYSTEM</Data>
  </EventData>
</Event>
"
Microsoft-Windows-Sysmon/Operational,,,WinDev2309Eval,44:50.7,,,,,,,,,11,6594,,,,C:\Windows\Microsoft.NET\Framework\v4.0.30319\mscorsvw.exe,,,0x8000000000000000,4,,,,,0,,,,,,,{f57bd86a-2532-6584-4008-000000000d00},3400,12548.0,,,,,,EXE,,,,,,,,,,,,,2023-12-21T11:44:50.7252958Z,C:\Windows\assembly\NativeImages_v4.0.30319_32\Temp\3104-0\QTAgent32.exe,,,,,,11,,4208,NT AUTHORITY\SYSTEM,S-1-5-18,44:50.7,2.0,"<Event xmlns=""http://schemas.microsoft.com/win/2004/08/events/event"">
  <System>
    <Provider Name=""Microsoft-Windows-Sysmon"" Guid=""{5770385f-c22a-43e0-bf4c-06f5698ffbd9}""/>
    <EventID>11</EventID>
    <Version>2</Version>
    <Level>4</Level>
    <Task>11</Task>
    <Opcode>0</Opcode>
    <Keywords>0x8000000000000000</Keywords>
    <TimeCreated SystemTime=""2023-12-21T11:44:50.7252958Z""/>
    <EventRecordID>6594</EventRecordID>
    <Correlation/>
    <Execution ProcessID=""3400"" ThreadID=""4208""/>
    <Channel>Microsoft-Windows-Sysmon/Operational</Channel>
    <Computer>WinDev2309Eval</Computer>
    <Security UserID=""S-1-5-18""/>
  </System>
  <EventData>
    <Data Name=""RuleName"">EXE</Data>
    <Data Name=""UtcTime"">2023-12-21 11:44:50.721</Data>
    <Data Name=""ProcessGuid"">{f57bd86a-2532-6584-4008-000000000d00}</Data>
    <Data Name=""ProcessId"">12548</Data>
    <Data Name=""Image"">C:\Windows\Microsoft.NET\Framework\v4.0.30319\mscorsvw.exe</Data>
    <Data Name=""TargetFilename"">C:\Windows\assembly\NativeImages_v4.0.30319_32\Temp\3104-0\QTAgent32.exe</Data>
    <Data Name=""CreationUtcTime"">2023-12-21 11:44:50.721</Data>
    <Data Name=""User"">NT AUTHORITY\SYSTEM</Data>
  </EventData>
</Event>
"
Microsoft-Windows-Sysmon/Operational,,,WinDev2309Eval,44:49.0,,,,,,,,,11,6593,,,,C:\Windows\Microsoft.NET\Framework\v4.0.30319\mscorsvw.exe,,,0x8000000000000000,4,,,,,0,,,,,,,{f57bd86a-2530-6584-3308-000000000d00},3400,6648.0,,,,,,DLL,,,,,,,,,,,,,2023-12-21T11:44:48.9728501Z,C:\Windows\assembly\NativeImages_v4.0.30319_32\Temp\19f8-0\Nerdbank.Streams.dll,,,,,,11,,4208,NT AUTHORITY\SYSTEM,S-1-5-18,44:49.0,2.0,"<Event xmlns=""http://schemas.microsoft.com/win/2004/08/events/event"">
  <System>
    <Provider Name=""Microsoft-Windows-Sysmon"" Guid=""{5770385f-c22a-43e0-bf4c-06f5698ffbd9}""/>
    <EventID>11</EventID>
    <Version>2</Version>
    <Level>4</Level>
    <Task>11</Task>
    <Opcode>0</Opcode>
    <Keywords>0x8000000000000000</Keywords>
    <TimeCreated SystemTime=""2023-12-21T11:44:48.9728501Z""/>
    <EventRecordID>6593</EventRecordID>
    <Correlation/>
    <Execution ProcessID=""3400"" ThreadID=""4208""/>
    <Channel>Microsoft-Windows-Sysmon/Operational</Channel>
    <Computer>WinDev2309Eval</Computer>
    <Security UserID=""S-1-5-18""/>
  </System>
  <EventData>
    <Data Name=""RuleName"">DLL</Data>
    <Data Name=""UtcTime"">2023-12-21 11:44:48.966</Data>
    <Data Name=""ProcessGuid"">{f57bd86a-2530-6584-3308-000000000d00}</Data>
    <Data Name=""ProcessId"">6648</Data>
    <Data Name=""Image"">C:\Windows\Microsoft.NET\Framework\v4.0.30319\mscorsvw.exe</Data>
    <Data Name=""TargetFilename"">C:\Windows\assembly\NativeImages_v4.0.30319_32\Temp\19f8-0\Nerdbank.Streams.dll</Data>
    <Data Name=""CreationUtcTime"">2023-12-21 11:44:48.966</Data>
    <Data Name=""User"">NT AUTHORITY\SYSTEM</Data>
  </EventData>
</Event>
"
Microsoft-Windows-Sysmon/Operational,,,WinDev2309Eval,,,,-,40.79.141.152,False,443.0,https,,3,6592,,,,C:\Users\User\AppData\Local\Microsoft\OneDrive\OneDrive.exe,True,,0x8000000000000000,4,,,,,0,,,,,,,{f57bd86a-1d61-6582-d500-000000000d00},3400,7048.0,,tcp,,,,Usermode,WinDev2309Eval.localdomain,,192.168.126.163,False,53076.0,-,,,,,,,2023-12-21T11:44:48.7011746Z,,,,,,,3,,4200,WINDEV2309EVAL\User,S-1-5-18,36:36.0,5.0,"<Event xmlns=""http://schemas.microsoft.com/win/2004/08/events/event"">
  <System>
    <Provider Name=""Microsoft-Windows-Sysmon"" Guid=""{5770385f-c22a-43e0-bf4c-06f5698ffbd9}""/>
    <EventID>3</EventID>
    <Version>5</Version>
    <Level>4</Level>
    <Task>3</Task>
    <Opcode>0</Opcode>
    <Keywords>0x8000000000000000</Keywords>
    <TimeCreated SystemTime=""2023-12-21T11:44:48.7011746Z""/>
    <EventRecordID>6592</EventRecordID>
    <Correlation/>
    <Execution ProcessID=""3400"" ThreadID=""4200""/>
    <Channel>Microsoft-Windows-Sysmon/Operational</Channel>
    <Computer>WinDev2309Eval</Computer>
    <Security UserID=""S-1-5-18""/>
  </System>
  <EventData>
    <Data Name=""RuleName"">Usermode</Data>
    <Data Name=""UtcTime"">2023-12-20 17:36:36.030</Data>
    <Data Name=""ProcessGuid"">{f57bd86a-1d61-6582-d500-000000000d00}</Data>
    <Data Name=""ProcessId"">7048</Data>
    <Data Name=""Image"">C:\Users\User\AppData\Local\Microsoft\OneDrive\OneDrive.exe</Data>
    <Data Name=""User"">WINDEV2309EVAL\User</Data>
    <Data Name=""Protocol"">tcp</Data>
    <Data Name=""Initiated"">true</Data>
    <Data Name=""SourceIsIpv6"">false</Data>
    <Data Name=""SourceIp"">192.168.126.163</Data>
    <Data Name=""SourceHostname"">WinDev2309Eval.localdomain</Data>
    <Data Name=""SourcePort"">53076</Data>
    <Data Name=""SourcePortName"">-</Data>
    <Data Name=""DestinationIsIpv6"">false</Data>
    <Data Name=""DestinationIp"">40.79.141.152</Data>
    <Data Name=""DestinationHostname"">-</Data>
    <Data Name=""DestinationPort"">443</Data>
    <Data Name=""DestinationPortName"">https</Data>
  </EventData>
</Event>
"
Microsoft-Windows-Sysmon/Operational,,,WinDev2309Eval,44:47.6,,,,,,,,,11,6591,,,,C:\Windows\Microsoft.NET\Framework\v4.0.30319\mscorsvw.exe,,,0x8000000000000000,4,,,,,0,,,,,,,{f57bd86a-252d-6584-3008-000000000d00},3400,8780.0,,,,,,DLL,,,,,,,,,,,,,2023-12-21T11:44:47.6286339Z,C:\Windows\assembly\NativeImages_v4.0.30319_32\Temp\224c-0\MessagePack.dll,,,,,,11,,4208,NT AUTHORITY\SYSTEM,S-1-5-18,44:47.6,2.0,"<Event xmlns=""http://schemas.microsoft.com/win/2004/08/events/event"">
  <System>
    <Provider Name=""Microsoft-Windows-Sysmon"" Guid=""{5770385f-c22a-43e0-bf4c-06f5698ffbd9}""/>
    <EventID>11</EventID>
    <Version>2</Version>
    <Level>4</Level>
    <Task>11</Task>
    <Opcode>0</Opcode>
    <Keywords>0x8000000000000000</Keywords>
    <TimeCreated SystemTime=""2023-12-21T11:44:47.6286339Z""/>
    <EventRecordID>6591</EventRecordID>
    <Correlation/>
    <Execution ProcessID=""3400"" ThreadID=""4208""/>
    <Channel>Microsoft-Windows-Sysmon/Operational</Channel>
    <Computer>WinDev2309Eval</Computer>
    <Security UserID=""S-1-5-18""/>
  </System>
  <EventData>
    <Data Name=""RuleName"">DLL</Data>
    <Data Name=""UtcTime"">2023-12-21 11:44:47.621</Data>
    <Data Name=""ProcessGuid"">{f57bd86a-252d-6584-3008-000000000d00}</Data>
    <Data Name=""ProcessId"">8780</Data>
    <Data Name=""Image"">C:\Windows\Microsoft.NET\Framework\v4.0.30319\mscorsvw.exe</Data>
    <Data Name=""TargetFilename"">C:\Windows\assembly\NativeImages_v4.0.30319_32\Temp\224c-0\MessagePack.dll</Data>
    <Data Name=""CreationUtcTime"">2023-12-21 11:44:47.621</Data>
    <Data Name=""User"">NT AUTHORITY\SYSTEM</Data>
  </EventData>
</Event>
"
Microsoft-Windows-Sysmon/Operational,,,WinDev2309Eval,44:45.5,,,,,,,,,11,6590,,,,C:\Windows\Microsoft.NET\Framework\v4.0.30319\mscorsvw.exe,,,0x8000000000000000,4,,,,,0,,,,,,,{f57bd86a-252c-6584-2c08-000000000d00},3400,12160.0,,,,,,DLL,,,,,,,,,,,,,2023-12-21T11:44:45.4936169Z,C:\Windows\assembly\NativeImages_v4.0.30319_32\Temp\2f80-0\Microsoft.VisualStudio.Composition.dll,,,,,,11,,4208,NT AUTHORITY\SYSTEM,S-1-5-18,44:45.5,2.0,"<Event xmlns=""http://schemas.microsoft.com/win/2004/08/events/event"">
  <System>
    <Provider Name=""Microsoft-Windows-Sysmon"" Guid=""{5770385f-c22a-43e0-bf4c-06f5698ffbd9}""/>
    <EventID>11</EventID>
    <Version>2</Version>
    <Level>4</Level>
    <Task>11</Task>
    <Opcode>0</Opcode>
    <Keywords>0x8000000000000000</Keywords>
    <TimeCreated SystemTime=""2023-12-21T11:44:45.4936169Z""/>
    <EventRecordID>6590</EventRecordID>
    <Correlation/>
    <Execution ProcessID=""3400"" ThreadID=""4208""/>
    <Channel>Microsoft-Windows-Sysmon/Operational</Channel>
    <Computer>WinDev2309Eval</Computer>
    <Security UserID=""S-1-5-18""/>
  </System>
  <EventData>
    <Data Name=""RuleName"">DLL</Data>
    <Data Name=""UtcTime"">2023-12-21 11:44:45.490</Data>
    <Data Name=""ProcessGuid"">{f57bd86a-252c-6584-2c08-000000000d00}</Data>
    <Data Name=""ProcessId"">12160</Data>
    <Data Name=""Image"">C:\Windows\Microsoft.NET\Framework\v4.0.30319\mscorsvw.exe</Data>
    <Data Name=""TargetFilename"">C:\Windows\assembly\NativeImages_v4.0.30319_32\Temp\2f80-0\Microsoft.VisualStudio.Composition.dll</Data>
    <Data Name=""CreationUtcTime"">2023-12-21 11:44:45.490</Data>
    <Data Name=""User"">NT AUTHORITY\SYSTEM</Data>
  </EventData>
</Event>
"
Microsoft-Windows-Sysmon/Operational,,,WinDev2309Eval,44:44.5,,,,,,,,,11,6589,,,,C:\Windows\Microsoft.NET\Framework\v4.0.30319\mscorsvw.exe,,,0x8000000000000000,4,,,,,0,,,,,,,{f57bd86a-252a-6584-2a08-000000000d00},3400,10416.0,,,,,,DLL,,,,,,,,,,,,,2023-12-21T11:44:44.5480726Z,C:\Windows\assembly\NativeImages_v4.0.30319_32\Temp\28b0-0\Microsoft.ServiceHub.Framework.dll,,,,,,11,,4208,NT AUTHORITY\SYSTEM,S-1-5-18,44:44.5,2.0,"<Event xmlns=""http://schemas.microsoft.com/win/2004/08/events/event"">
  <System>
    <Provider Name=""Microsoft-Windows-Sysmon"" Guid=""{5770385f-c22a-43e0-bf4c-06f5698ffbd9}""/>
    <EventID>11</EventID>
    <Version>2</Version>
    <Level>4</Level>
    <Task>11</Task>
    <Opcode>0</Opcode>
    <Keywords>0x8000000000000000</Keywords>
    <TimeCreated SystemTime=""2023-12-21T11:44:44.5480726Z""/>
    <EventRecordID>6589</EventRecordID>
    <Correlation/>
    <Execution ProcessID=""3400"" ThreadID=""4208""/>
    <Channel>Microsoft-Windows-Sysmon/Operational</Channel>
    <Computer>WinDev2309Eval</Computer>
    <Security UserID=""S-1-5-18""/>
  </System>
  <EventData>
    <Data Name=""RuleName"">DLL</Data>
    <Data Name=""UtcTime"">2023-12-21 11:44:44.535</Data>
    <Data Name=""ProcessGuid"">{f57bd86a-252a-6584-2a08-000000000d00}</Data>
    <Data Name=""ProcessId"">10416</Data>
    <Data Name=""Image"">C:\Windows\Microsoft.NET\Framework\v4.0.30319\mscorsvw.exe</Data>
    <Data Name=""TargetFilename"">C:\Windows\assembly\NativeImages_v4.0.30319_32\Temp\28b0-0\Microsoft.ServiceHub.Framework.dll</Data>
    <Data Name=""CreationUtcTime"">2023-12-21 11:44:44.535</Data>
    <Data Name=""User"">NT AUTHORITY\SYSTEM</Data>
  </EventData>
</Event>
"
Microsoft-Windows-Sysmon/Operational,,,WinDev2309Eval,44:42.5,,,,,,,,,11,6588,,,,C:\Windows\Microsoft.NET\Framework\v4.0.30319\mscorsvw.exe,,,0x8000000000000000,4,,,,,0,,,,,,,{f57bd86a-252a-6584-2808-000000000d00},3400,2424.0,,,,,,EXE,,,,,,,,,,,,,2023-12-21T11:44:42.4734410Z,C:\Windows\assembly\NativeImages_v4.0.30319_32\Temp\978-0\MSTest.exe,,,,,,11,,4208,NT AUTHORITY\SYSTEM,S-1-5-18,44:42.5,2.0,"<Event xmlns=""http://schemas.microsoft.com/win/2004/08/events/event"">
  <System>
    <Provider Name=""Microsoft-Windows-Sysmon"" Guid=""{5770385f-c22a-43e0-bf4c-06f5698ffbd9}""/>
    <EventID>11</EventID>
    <Version>2</Version>
    <Level>4</Level>
    <Task>11</Task>
    <Opcode>0</Opcode>
    <Keywords>0x8000000000000000</Keywords>
    <TimeCreated SystemTime=""2023-12-21T11:44:42.4734410Z""/>
    <EventRecordID>6588</EventRecordID>
    <Correlation/>
    <Execution ProcessID=""3400"" ThreadID=""4208""/>
    <Channel>Microsoft-Windows-Sysmon/Operational</Channel>
    <Computer>WinDev2309Eval</Computer>
    <Security UserID=""S-1-5-18""/>
  </System>
  <EventData>
    <Data Name=""RuleName"">EXE</Data>
    <Data Name=""UtcTime"">2023-12-21 11:44:42.471</Data>
    <Data Name=""ProcessGuid"">{f57bd86a-252a-6584-2808-000000000d00}</Data>
    <Data Name=""ProcessId"">2424</Data>
    <Data Name=""Image"">C:\Windows\Microsoft.NET\Framework\v4.0.30319\mscorsvw.exe</Data>
    <Data Name=""TargetFilename"">C:\Windows\assembly\NativeImages_v4.0.30319_32\Temp\978-0\MSTest.exe</Data>
    <Data Name=""CreationUtcTime"">2023-12-21 11:44:42.471</Data>
    <Data Name=""User"">NT AUTHORITY\SYSTEM</Data>
  </EventData>
</Event>
"
Microsoft-Windows-Sysmon/Operational,,,WinDev2309Eval,44:41.2,,,,,,,,,11,6587,,,,C:\Windows\Microsoft.NET\Framework\v4.0.30319\mscorsvw.exe,,,0x8000000000000000,4,,,,,0,,,,,,,{f57bd86a-2528-6584-2108-000000000d00},3400,10640.0,,,,,,DLL,,,,,,,,,,,,,2023-12-21T11:44:41.2228283Z,C:\Windows\assembly\NativeImages_v4.0.30319_32\Temp\2990-0\Microsoft.VisualStudio.Debugger.Shared.dll,,,,,,11,,4208,NT AUTHORITY\SYSTEM,S-1-5-18,44:41.2,2.0,"<Event xmlns=""http://schemas.microsoft.com/win/2004/08/events/event"">
  <System>
    <Provider Name=""Microsoft-Windows-Sysmon"" Guid=""{5770385f-c22a-43e0-bf4c-06f5698ffbd9}""/>
    <EventID>11</EventID>
    <Version>2</Version>
    <Level>4</Level>
    <Task>11</Task>
    <Opcode>0</Opcode>
    <Keywords>0x8000000000000000</Keywords>
    <TimeCreated SystemTime=""2023-12-21T11:44:41.2228283Z""/>
    <EventRecordID>6587</EventRecordID>
    <Correlation/>
    <Execution ProcessID=""3400"" ThreadID=""4208""/>
    <Channel>Microsoft-Windows-Sysmon/Operational</Channel>
    <Computer>WinDev2309Eval</Computer>
    <Security UserID=""S-1-5-18""/>
  </System>
  <EventData>
    <Data Name=""RuleName"">DLL</Data>
    <Data Name=""UtcTime"">2023-12-21 11:44:41.219</Data>
    <Data Name=""ProcessGuid"">{f57bd86a-2528-6584-2108-000000000d00}</Data>
    <Data Name=""ProcessId"">10640</Data>
    <Data Name=""Image"">C:\Windows\Microsoft.NET\Framework\v4.0.30319\mscorsvw.exe</Data>
    <Data Name=""TargetFilename"">C:\Windows\assembly\NativeImages_v4.0.30319_32\Temp\2990-0\Microsoft.VisualStudio.Debugger.Shared.dll</Data>
    <Data Name=""CreationUtcTime"">2023-12-21 11:44:41.219</Data>
    <Data Name=""User"">NT AUTHORITY\SYSTEM</Data>
  </EventData>
</Event>
"
Microsoft-Windows-Sysmon/Operational,,,WinDev2309Eval,44:40.1,,,,,,,,,11,6586,,,,C:\Windows\Microsoft.NET\Framework\v4.0.30319\mscorsvw.exe,,,0x8000000000000000,4,,,,,0,,,,,,,{f57bd86a-2528-6584-1f08-000000000d00},3400,7628.0,,,,,,DLL,,,,,,,,,,,,,2023-12-21T11:44:40.1165883Z,C:\Windows\assembly\NativeImages_v4.0.30319_32\Temp\1dcc-0\MSTestv2UnitTestExtension.dll,,,,,,11,,4208,NT AUTHORITY\SYSTEM,S-1-5-18,44:40.1,2.0,"<Event xmlns=""http://schemas.microsoft.com/win/2004/08/events/event"">
  <System>
    <Provider Name=""Microsoft-Windows-Sysmon"" Guid=""{5770385f-c22a-43e0-bf4c-06f5698ffbd9}""/>
    <EventID>11</EventID>
    <Version>2</Version>
    <Level>4</Level>
    <Task>11</Task>
    <Opcode>0</Opcode>
    <Keywords>0x8000000000000000</Keywords>
    <TimeCreated SystemTime=""2023-12-21T11:44:40.1165883Z""/>
    <EventRecordID>6586</EventRecordID>
    <Correlation/>
    <Execution ProcessID=""3400"" ThreadID=""4208""/>
    <Channel>Microsoft-Windows-Sysmon/Operational</Channel>
    <Computer>WinDev2309Eval</Computer>
    <Security UserID=""S-1-5-18""/>
  </System>
  <EventData>
    <Data Name=""RuleName"">DLL</Data>
    <Data Name=""UtcTime"">2023-12-21 11:44:40.110</Data>
    <Data Name=""ProcessGuid"">{f57bd86a-2528-6584-1f08-000000000d00}</Data>
    <Data Name=""ProcessId"">7628</Data>
    <Data Name=""Image"">C:\Windows\Microsoft.NET\Framework\v4.0.30319\mscorsvw.exe</Data>
    <Data Name=""TargetFilename"">C:\Windows\assembly\NativeImages_v4.0.30319_32\Temp\1dcc-0\MSTestv2UnitTestExtension.dll</Data>
    <Data Name=""CreationUtcTime"">2023-12-21 11:44:40.110</Data>
    <Data Name=""User"">NT AUTHORITY\SYSTEM</Data>
  </EventData>
</Event>
"
