Microsoft-Windows-Sysmon/Operational,,,WinDev2309Eval,,,,,,,,,1.0.0.0,13,4828,SetValue,,,C:\Windows\System32\svchost.exe,,,0x8000000000000000,4,,,,,0,,,,,,,{f57bd86a-1cf4-6582-3f00-000000000d00},3400,2996.0,,,,,,InvDB-Ver,,,,,,,,,,,,,2023-12-19T22:56:01.0192497Z,,,\REGISTRY\A\{b04f0fcd-4760-ab9f-95ce-9b12c47065d5}\Root\InventoryApplicationFile\ucpdmgr.exe|cf023fa141a0ffe7\BinProductVersion,,,,13,,4208,NT AUTHORITY\SYSTEM,S-1-5-18,56:01.0,2.0,"<Event xmlns=""http://schemas.microsoft.com/win/2004/08/events/event"">
  <System>
    <Provider Name=""Microsoft-Windows-Sysmon"" Guid=""{5770385f-c22a-43e0-bf4c-06f5698ffbd9}""/>
    <EventID>13</EventID>
    <Version>2</Version>
    <Level>4</Level>
    <Task>13</Task>
    <Opcode>0</Opcode>
    <Keywords>0x8000000000000000</Keywords>
    <TimeCreated SystemTime=""2023-12-19T22:56:01.0192497Z""/>
    <EventRecordID>4828</EventRecordID>
    <Correlation/>
    <Execution ProcessID=""3400"" ThreadID=""4208""/>
    <Channel>Microsoft-Windows-Sysmon/Operational</Channel>
    <Computer>WinDev2309Eval</Computer>
    <Security UserID=""S-1-5-18""/>
  </System>
  <EventData>
    <Data Name=""RuleName"">InvDB-Ver</Data>
    <Data Name=""EventType"">SetValue</Data>
    <Data Name=""UtcTime"">2023-12-19 22:56:01.006</Data>
    <Data Name=""ProcessGuid"">{f57bd86a-1cf4-6582-3f00-000000000d00}</Data>
    <Data Name=""ProcessId"">2996</Data>
    <Data Name=""Image"">C:\Windows\System32\svchost.exe</Data>
    <Data Name=""TargetObject"">\REGISTRY\A\{b04f0fcd-4760-ab9f-95ce-9b12c47065d5}\Root\InventoryApplicationFile\ucpdmgr.exe|cf023fa141a0ffe7\BinProductVersion</Data>
    <Data Name=""Details"">1.0.0.0</Data>
    <Data Name=""User"">NT AUTHORITY\SYSTEM</Data>
  </EventData>
</Event>
"
Microsoft-Windows-Sysmon/Operational,,,WinDev2309Eval,,,,,,,,,6/12/2036 7:33,13,4827,SetValue,,,C:\Windows\System32\svchost.exe,,,0x8000000000000000,4,,,,,0,,,,,,,{f57bd86a-1cf4-6582-3f00-000000000d00},3400,2996.0,,,,,,InvDB-CompileTimeClaim,,,,,,,,,,,,,2023-12-19T22:56:01.0191874Z,,,\REGISTRY\A\{b04f0fcd-4760-ab9f-95ce-9b12c47065d5}\Root\InventoryApplicationFile\ucpdmgr.exe|cf023fa141a0ffe7\LinkDate,,,,13,,4208,NT AUTHORITY\SYSTEM,S-1-5-18,56:01.0,2.0,"<Event xmlns=""http://schemas.microsoft.com/win/2004/08/events/event"">
  <System>
    <Provider Name=""Microsoft-Windows-Sysmon"" Guid=""{5770385f-c22a-43e0-bf4c-06f5698ffbd9}""/>
    <EventID>13</EventID>
    <Version>2</Version>
    <Level>4</Level>
    <Task>13</Task>
    <Opcode>0</Opcode>
    <Keywords>0x8000000000000000</Keywords>
    <TimeCreated SystemTime=""2023-12-19T22:56:01.0191874Z""/>
    <EventRecordID>4827</EventRecordID>
    <Correlation/>
    <Execution ProcessID=""3400"" ThreadID=""4208""/>
    <Channel>Microsoft-Windows-Sysmon/Operational</Channel>
    <Computer>WinDev2309Eval</Computer>
    <Security UserID=""S-1-5-18""/>
  </System>
  <EventData>
    <Data Name=""RuleName"">InvDB-CompileTimeClaim</Data>
    <Data Name=""EventType"">SetValue</Data>
    <Data Name=""UtcTime"">2023-12-19 22:56:01.006</Data>
    <Data Name=""ProcessGuid"">{f57bd86a-1cf4-6582-3f00-000000000d00}</Data>
    <Data Name=""ProcessId"">2996</Data>
    <Data Name=""Image"">C:\Windows\System32\svchost.exe</Data>
    <Data Name=""TargetObject"">\REGISTRY\A\{b04f0fcd-4760-ab9f-95ce-9b12c47065d5}\Root\InventoryApplicationFile\ucpdmgr.exe|cf023fa141a0ffe7\LinkDate</Data>
    <Data Name=""Details"">06/12/2036 07:33:04</Data>
    <Data Name=""User"">NT AUTHORITY\SYSTEM</Data>
  </EventData>
</Event>
"
Microsoft-Windows-Sysmon/Operational,,,WinDev2309Eval,,,,,,,,,microsoft corporation,13,4826,SetValue,,,C:\Windows\System32\svchost.exe,,,0x8000000000000000,4,,,,,0,,,,,,,{f57bd86a-1cf4-6582-3f00-000000000d00},3400,2996.0,,,,,,InvDB-Pub,,,,,,,,,,,,,2023-12-19T22:56:01.0188373Z,,,\REGISTRY\A\{b04f0fcd-4760-ab9f-95ce-9b12c47065d5}\Root\InventoryApplicationFile\ucpdmgr.exe|cf023fa141a0ffe7\Publisher,,,,13,,4208,NT AUTHORITY\SYSTEM,S-1-5-18,56:01.0,2.0,"<Event xmlns=""http://schemas.microsoft.com/win/2004/08/events/event"">
  <System>
    <Provider Name=""Microsoft-Windows-Sysmon"" Guid=""{5770385f-c22a-43e0-bf4c-06f5698ffbd9}""/>
    <EventID>13</EventID>
    <Version>2</Version>
    <Level>4</Level>
    <Task>13</Task>
    <Opcode>0</Opcode>
    <Keywords>0x8000000000000000</Keywords>
    <TimeCreated SystemTime=""2023-12-19T22:56:01.0188373Z""/>
    <EventRecordID>4826</EventRecordID>
    <Correlation/>
    <Execution ProcessID=""3400"" ThreadID=""4208""/>
    <Channel>Microsoft-Windows-Sysmon/Operational</Channel>
    <Computer>WinDev2309Eval</Computer>
    <Security UserID=""S-1-5-18""/>
  </System>
  <EventData>
    <Data Name=""RuleName"">InvDB-Pub</Data>
    <Data Name=""EventType"">SetValue</Data>
    <Data Name=""UtcTime"">2023-12-19 22:56:01.006</Data>
    <Data Name=""ProcessGuid"">{f57bd86a-1cf4-6582-3f00-000000000d00}</Data>
    <Data Name=""ProcessId"">2996</Data>
    <Data Name=""Image"">C:\Windows\System32\svchost.exe</Data>
    <Data Name=""TargetObject"">\REGISTRY\A\{b04f0fcd-4760-ab9f-95ce-9b12c47065d5}\Root\InventoryApplicationFile\ucpdmgr.exe|cf023fa141a0ffe7\Publisher</Data>
    <Data Name=""Details"">microsoft corporation</Data>
    <Data Name=""User"">NT AUTHORITY\SYSTEM</Data>
  </EventData>
</Event>
"
