Microsoft-Windows-Sysmon/Operational,taskhostw.exe,Microsoft Corporation,WinDev2309Eval,,C:\Windows\system32\,Host Process for Windows Tasks,,,,,,,1,5884,,10.0.22621.2792 (WinBuild.160101.0800),"MD5=AAA6BA42398B2D70F12F00A110701041,SHA256=58CC5757BB129557652797EA92AEE701DE5C574B22FDCD5DCDDF141CAEEA3C02,IMPHASH=1C4E2D9936E4D9F2490B08AAB4D24260",C:\Windows\System32\taskhostw.exe,,System,0x8000000000000000,4,{f57bd86a-1cf1-6582-e703-000000000000},0x3e7,,,0,taskhostw.exe,C:\Windows\system32\svchost.exe -k netsvcs -p -s Schedule,C:\Windows\System32\svchost.exe,{f57bd86a-1cf3-6582-2a00-000000000d00},1940.0,NT AUTHORITY\SYSTEM,{f57bd86a-d050-6582-e403-000000000d00},3400,1516.0,Microsoft® Windows® Operating System,,,,,-,,,,,,,,,,,,,2023-12-20T11:30:24.8163224Z,,,,,,,1,0.0,4208,NT AUTHORITY\SYSTEM,S-1-5-18,30:24.8,5.0,"<Event xmlns=""http://schemas.microsoft.com/win/2004/08/events/event"">
  <System>
    <Provider Name=""Microsoft-Windows-Sysmon"" Guid=""{5770385f-c22a-43e0-bf4c-06f5698ffbd9}""/>
    <EventID>1</EventID>
    <Version>5</Version>
    <Level>4</Level>
    <Task>1</Task>
    <Opcode>0</Opcode>
    <Keywords>0x8000000000000000</Keywords>
    <TimeCreated SystemTime=""2023-12-20T11:30:24.8163224Z""/>
    <EventRecordID>5884</EventRecordID>
    <Correlation/>
    <Execution ProcessID=""3400"" ThreadID=""4208""/>
    <Channel>Microsoft-Windows-Sysmon/Operational</Channel>
    <Computer>WinDev2309Eval</Computer>
    <Security UserID=""S-1-5-18""/>
  </System>
  <EventData>
    <Data Name=""RuleName"">-</Data>
    <Data Name=""UtcTime"">2023-12-20 11:30:24.814</Data>
    <Data Name=""ProcessGuid"">{f57bd86a-d050-6582-e403-000000000d00}</Data>
    <Data Name=""ProcessId"">1516</Data>
    <Data Name=""Image"">C:\Windows\System32\taskhostw.exe</Data>
    <Data Name=""FileVersion"">10.0.22621.2792 (WinBuild.160101.0800)</Data>
    <Data Name=""Description"">Host Process for Windows Tasks</Data>
    <Data Name=""Product"">Microsoft&#174; Windows&#174; Operating System</Data>
    <Data Name=""Company"">Microsoft Corporation</Data>
    <Data Name=""OriginalFileName"">taskhostw.exe</Data>
    <Data Name=""CommandLine"">taskhostw.exe</Data>
    <Data Name=""CurrentDirectory"">C:\Windows\system32\</Data>
    <Data Name=""User"">NT AUTHORITY\SYSTEM</Data>
    <Data Name=""LogonGuid"">{f57bd86a-1cf1-6582-e703-000000000000}</Data>
    <Data Name=""LogonId"">0x3e7</Data>
    <Data Name=""TerminalSessionId"">0</Data>
    <Data Name=""IntegrityLevel"">System</Data>
    <Data Name=""Hashes"">MD5=AAA6BA42398B2D70F12F00A110701041,SHA256=58CC5757BB129557652797EA92AEE701DE5C574B22FDCD5DCDDF141CAEEA3C02,IMPHASH=1C4E2D9936E4D9F2490B08AAB4D24260</Data>
    <Data Name=""ParentProcessGuid"">{f57bd86a-1cf3-6582-2a00-000000000d00}</Data>
    <Data Name=""ParentProcessId"">1940</Data>
    <Data Name=""ParentImage"">C:\Windows\System32\svchost.exe</Data>
    <Data Name=""ParentCommandLine"">C:\Windows\system32\svchost.exe -k netsvcs -p -s Schedule</Data>
    <Data Name=""ParentUser"">NT AUTHORITY\SYSTEM</Data>
  </EventData>
</Event>
"
Microsoft-Windows-Sysmon/Operational,,,WinDev2309Eval,,,,-,20.50.201.204,False,443.0,https,,3,5883,,,,C:\Users\User\AppData\Local\Microsoft\OneDrive\OneDrive.exe,True,,0x8000000000000000,4,,,,,0,,,,,,,{f57bd86a-1d61-6582-d500-000000000d00},3400,7048.0,,tcp,,,,Usermode,WinDev2309Eval.localdomain,,192.168.126.163,False,52410.0,-,,,,,,,2023-12-20T11:29:13.4408915Z,,,,,,,3,,4200,WINDEV2309EVAL\User,S-1-5-18,29:11.7,5.0,"<Event xmlns=""http://schemas.microsoft.com/win/2004/08/events/event"">
  <System>
    <Provider Name=""Microsoft-Windows-Sysmon"" Guid=""{5770385f-c22a-43e0-bf4c-06f5698ffbd9}""/>
    <EventID>3</EventID>
    <Version>5</Version>
    <Level>4</Level>
    <Task>3</Task>
    <Opcode>0</Opcode>
    <Keywords>0x8000000000000000</Keywords>
    <TimeCreated SystemTime=""2023-12-20T11:29:13.4408915Z""/>
    <EventRecordID>5883</EventRecordID>
    <Correlation/>
    <Execution ProcessID=""3400"" ThreadID=""4200""/>
    <Channel>Microsoft-Windows-Sysmon/Operational</Channel>
    <Computer>WinDev2309Eval</Computer>
    <Security UserID=""S-1-5-18""/>
  </System>
  <EventData>
    <Data Name=""RuleName"">Usermode</Data>
    <Data Name=""UtcTime"">2023-12-20 11:29:11.658</Data>
    <Data Name=""ProcessGuid"">{f57bd86a-1d61-6582-d500-000000000d00}</Data>
    <Data Name=""ProcessId"">7048</Data>
    <Data Name=""Image"">C:\Users\User\AppData\Local\Microsoft\OneDrive\OneDrive.exe</Data>
    <Data Name=""User"">WINDEV2309EVAL\User</Data>
    <Data Name=""Protocol"">tcp</Data>
    <Data Name=""Initiated"">true</Data>
    <Data Name=""SourceIsIpv6"">false</Data>
    <Data Name=""SourceIp"">192.168.126.163</Data>
    <Data Name=""SourceHostname"">WinDev2309Eval.localdomain</Data>
    <Data Name=""SourcePort"">52410</Data>
    <Data Name=""SourcePortName"">-</Data>
    <Data Name=""DestinationIsIpv6"">false</Data>
    <Data Name=""DestinationIp"">20.50.201.204</Data>
    <Data Name=""DestinationHostname"">-</Data>
    <Data Name=""DestinationPort"">443</Data>
    <Data Name=""DestinationPortName"">https</Data>
  </EventData>
</Event>
"
Microsoft-Windows-Sysmon/Operational,C:\Windows\System32\sdbinst.exe -m -bg,Microsoft Corporation,WinDev2309Eval,,C:\Windows\system32\,Application Compatibility Database Installer,,,,,,,1,5882,,10.0.22621.2506 (WinBuild.160101.0800),"MD5=EA9E36C2829E7BCD9BFD565E699C9930,SHA256=D25D59E065F800F3BE6847BBC9BCDC6010018C3BD473A3BFC5D59CDFCBB104AB,IMPHASH=999B9DCD61DAB941B1E8D50FE6EF72CD",C:\Windows\System32\sdbinst.exe,,System,0x8000000000000000,4,{f57bd86a-1cf1-6582-e703-000000000000},0x3e7,,,0,sdbinst.exe,C:\Windows\system32\svchost.exe -k LocalSystemNetworkRestricted -p -s PcaSvc,C:\Windows\System32\svchost.exe,{f57bd86a-1d0b-6582-7e00-000000000d00},4356.0,NT AUTHORITY\SYSTEM,{f57bd86a-cfa6-6582-e203-000000000d00},3400,3180.0,Microsoft® Windows® Operating System,,,,,-,,,,,,,,,,,,,2023-12-20T11:27:35.0058491Z,,,,,,,1,0.0,4208,NT AUTHORITY\SYSTEM,S-1-5-18,27:35.0,5.0,"<Event xmlns=""http://schemas.microsoft.com/win/2004/08/events/event"">
  <System>
    <Provider Name=""Microsoft-Windows-Sysmon"" Guid=""{5770385f-c22a-43e0-bf4c-06f5698ffbd9}""/>
    <EventID>1</EventID>
    <Version>5</Version>
    <Level>4</Level>
    <Task>1</Task>
    <Opcode>0</Opcode>
    <Keywords>0x8000000000000000</Keywords>
    <TimeCreated SystemTime=""2023-12-20T11:27:35.0058491Z""/>
    <EventRecordID>5882</EventRecordID>
    <Correlation/>
    <Execution ProcessID=""3400"" ThreadID=""4208""/>
    <Channel>Microsoft-Windows-Sysmon/Operational</Channel>
    <Computer>WinDev2309Eval</Computer>
    <Security UserID=""S-1-5-18""/>
  </System>
  <EventData>
    <Data Name=""RuleName"">-</Data>
    <Data Name=""UtcTime"">2023-12-20 11:27:34.998</Data>
    <Data Name=""ProcessGuid"">{f57bd86a-cfa6-6582-e203-000000000d00}</Data>
    <Data Name=""ProcessId"">3180</Data>
    <Data Name=""Image"">C:\Windows\System32\sdbinst.exe</Data>
    <Data Name=""FileVersion"">10.0.22621.2506 (WinBuild.160101.0800)</Data>
    <Data Name=""Description"">Application Compatibility Database Installer</Data>
    <Data Name=""Product"">Microsoft&#174; Windows&#174; Operating System</Data>
    <Data Name=""Company"">Microsoft Corporation</Data>
    <Data Name=""OriginalFileName"">sdbinst.exe</Data>
    <Data Name=""CommandLine"">C:\Windows\System32\sdbinst.exe -m -bg</Data>
    <Data Name=""CurrentDirectory"">C:\Windows\system32\</Data>
    <Data Name=""User"">NT AUTHORITY\SYSTEM</Data>
    <Data Name=""LogonGuid"">{f57bd86a-1cf1-6582-e703-000000000000}</Data>
    <Data Name=""LogonId"">0x3e7</Data>
    <Data Name=""TerminalSessionId"">0</Data>
    <Data Name=""IntegrityLevel"">System</Data>
    <Data Name=""Hashes"">MD5=EA9E36C2829E7BCD9BFD565E699C9930,SHA256=D25D59E065F800F3BE6847BBC9BCDC6010018C3BD473A3BFC5D59CDFCBB104AB,IMPHASH=999B9DCD61DAB941B1E8D50FE6EF72CD</Data>
    <Data Name=""ParentProcessGuid"">{f57bd86a-1d0b-6582-7e00-000000000d00}</Data>
    <Data Name=""ParentProcessId"">4356</Data>
    <Data Name=""ParentImage"">C:\Windows\System32\svchost.exe</Data>
    <Data Name=""ParentCommandLine"">C:\Windows\system32\svchost.exe -k LocalSystemNetworkRestricted -p -s PcaSvc</Data>
    <Data Name=""ParentUser"">NT AUTHORITY\SYSTEM</Data>
  </EventData>
</Event>
"
