Channel,CommandLine,Company,Computer,CreationUtcTime,CurrentDirectory,Description,DestinationHostname,DestinationIp,DestinationIsIpv6,DestinationPort,DestinationPortName,Details,EventID,EventRecordID,EventType,FileVersion,Hashes,Image,Initiated,IntegrityLevel,Keywords,Level,LogonGuid,LogonId,Message,NewThreadId,Opcode,OriginalFileName,ParentCommandLine,ParentImage,ParentProcessGuid,ParentProcessId,ParentUser,ProcessGuid,ProcessID,ProcessId,Product,Protocol,QueryName,QueryResults,QueryStatus,RuleName,SourceHostname,SourceImage,SourceIp,SourceIsIpv6,SourcePort,SourcePortName,SourceProcessGuid,SourceProcessId,SourceUser,StartAddress,StartFunction,StartModule,SystemTime,TargetFilename,TargetImage,TargetObject,TargetProcessGuid,TargetProcessId,TargetUser,Task,TerminalSessionId,ThreadID,User,UserID,UtcTime,Version,raw
Microsoft-Windows-Sysmon/Operational,,,WinDev2309Eval,35:59.2,,,,,,,,,11,1195,,,,C:\Windows\Microsoft.NET\Framework64\v4.0.30319\mscorsvw.exe,,,0x8000000000000000,4,,,,,0,,,,,,,{f57bd86a-0cbf-6582-9604-000000000b00},10484,4224.0,,,,,,DLL,,,,,,,,,,,,,2023-12-19T21:35:59.1682033Z,C:\Windows\assembly\NativeImages_v4.0.30319_64\Temp\1080-0\Microsoft.Bcl.AsyncInterfaces.dll,,,,,,11,,10592,NT AUTHORITY\SYSTEM,S-1-5-18,35:59.2,2.0,"<Event xmlns=""http://schemas.microsoft.com/win/2004/08/events/event"">
  <System>
    <Provider Name=""Microsoft-Windows-Sysmon"" Guid=""{5770385f-c22a-43e0-bf4c-06f5698ffbd9}""/>
    <EventID>11</EventID>
    <Version>2</Version>
    <Level>4</Level>
    <Task>11</Task>
    <Opcode>0</Opcode>
    <Keywords>0x8000000000000000</Keywords>
    <TimeCreated SystemTime=""2023-12-19T21:35:59.1682033Z""/>
    <EventRecordID>1195</EventRecordID>
    <Correlation/>
    <Execution ProcessID=""10484"" ThreadID=""10592""/>
    <Channel>Microsoft-Windows-Sysmon/Operational</Channel>
    <Computer>WinDev2309Eval</Computer>
    <Security UserID=""S-1-5-18""/>
  </System>
  <EventData>
    <Data Name=""RuleName"">DLL</Data>
    <Data Name=""UtcTime"">2023-12-19 21:35:59.160</Data>
    <Data Name=""ProcessGuid"">{f57bd86a-0cbf-6582-9604-000000000b00}</Data>
    <Data Name=""ProcessId"">4224</Data>
    <Data Name=""Image"">C:\Windows\Microsoft.NET\Framework64\v4.0.30319\mscorsvw.exe</Data>
    <Data Name=""TargetFilename"">C:\Windows\assembly\NativeImages_v4.0.30319_64\Temp\1080-0\Microsoft.Bcl.AsyncInterfaces.dll</Data>
    <Data Name=""CreationUtcTime"">2023-12-19 21:35:59.160</Data>
    <Data Name=""User"">NT AUTHORITY\SYSTEM</Data>
  </EventData>
</Event>
"
Microsoft-Windows-Sysmon/Operational,,,WinDev2309Eval,35:58.9,,,,,,,,,11,1194,,,,C:\Windows\Microsoft.NET\Framework64\v4.0.30319\mscorsvw.exe,,,0x8000000000000000,4,,,,,0,,,,,,,{f57bd86a-0cba-6582-9404-000000000b00},10484,10488.0,,,,,,DLL,,,,,,,,,,,,,2023-12-19T21:35:58.9473253Z,C:\Windows\assembly\NativeImages_v4.0.30319_64\Temp\28f8-0\System.Reflection.Metadata.dll,,,,,,11,,10592,NT AUTHORITY\SYSTEM,S-1-5-18,35:58.9,2.0,"<Event xmlns=""http://schemas.microsoft.com/win/2004/08/events/event"">
  <System>
    <Provider Name=""Microsoft-Windows-Sysmon"" Guid=""{5770385f-c22a-43e0-bf4c-06f5698ffbd9}""/>
    <EventID>11</EventID>
    <Version>2</Version>
    <Level>4</Level>
    <Task>11</Task>
    <Opcode>0</Opcode>
    <Keywords>0x8000000000000000</Keywords>
    <TimeCreated SystemTime=""2023-12-19T21:35:58.9473253Z""/>
    <EventRecordID>1194</EventRecordID>
    <Correlation/>
    <Execution ProcessID=""10484"" ThreadID=""10592""/>
    <Channel>Microsoft-Windows-Sysmon/Operational</Channel>
    <Computer>WinDev2309Eval</Computer>
    <Security UserID=""S-1-5-18""/>
  </System>
  <EventData>
    <Data Name=""RuleName"">DLL</Data>
    <Data Name=""UtcTime"">2023-12-19 21:35:58.941</Data>
    <Data Name=""ProcessGuid"">{f57bd86a-0cba-6582-9404-000000000b00}</Data>
    <Data Name=""ProcessId"">10488</Data>
    <Data Name=""Image"">C:\Windows\Microsoft.NET\Framework64\v4.0.30319\mscorsvw.exe</Data>
    <Data Name=""TargetFilename"">C:\Windows\assembly\NativeImages_v4.0.30319_64\Temp\28f8-0\System.Reflection.Metadata.dll</Data>
    <Data Name=""CreationUtcTime"">2023-12-19 21:35:58.941</Data>
    <Data Name=""User"">NT AUTHORITY\SYSTEM</Data>
  </EventData>
</Event>
"
Microsoft-Windows-Sysmon/Operational,,,WinDev2309Eval,35:54.7,,,,,,,,,11,1193,,,,C:\Windows\Microsoft.NET\Framework64\v4.0.30319\mscorsvw.exe,,,0x8000000000000000,4,,,,,0,,,,,,,{f57bd86a-0cba-6582-9204-000000000b00},10484,11660.0,,,,,,DLL,,,,,,,,,,,,,2023-12-19T21:35:54.7568495Z,C:\Windows\assembly\NativeImages_v4.0.30319_64\Temp\2d8c-0\System.Memory.dll,,,,,,11,,10592,NT AUTHORITY\SYSTEM,S-1-5-18,35:54.7,2.0,"<Event xmlns=""http://schemas.microsoft.com/win/2004/08/events/event"">
  <System>
    <Provider Name=""Microsoft-Windows-Sysmon"" Guid=""{5770385f-c22a-43e0-bf4c-06f5698ffbd9}""/>
    <EventID>11</EventID>
    <Version>2</Version>
    <Level>4</Level>
    <Task>11</Task>
    <Opcode>0</Opcode>
    <Keywords>0x8000000000000000</Keywords>
    <TimeCreated SystemTime=""2023-12-19T21:35:54.7568495Z""/>
    <EventRecordID>1193</EventRecordID>
    <Correlation/>
    <Execution ProcessID=""10484"" ThreadID=""10592""/>
    <Channel>Microsoft-Windows-Sysmon/Operational</Channel>
    <Computer>WinDev2309Eval</Computer>
    <Security UserID=""S-1-5-18""/>
  </System>
  <EventData>
    <Data Name=""RuleName"">DLL</Data>
    <Data Name=""UtcTime"">2023-12-19 21:35:54.749</Data>
    <Data Name=""ProcessGuid"">{f57bd86a-0cba-6582-9204-000000000b00}</Data>
    <Data Name=""ProcessId"">11660</Data>
    <Data Name=""Image"">C:\Windows\Microsoft.NET\Framework64\v4.0.30319\mscorsvw.exe</Data>
    <Data Name=""TargetFilename"">C:\Windows\assembly\NativeImages_v4.0.30319_64\Temp\2d8c-0\System.Memory.dll</Data>
    <Data Name=""CreationUtcTime"">2023-12-19 21:35:54.749</Data>
    <Data Name=""User"">NT AUTHORITY\SYSTEM</Data>
  </EventData>
</Event>
"
Microsoft-Windows-Sysmon/Operational,,,WinDev2309Eval,35:54.2,,,,,,,,,11,1192,,,,C:\Windows\Microsoft.NET\Framework64\v4.0.30319\mscorsvw.exe,,,0x8000000000000000,4,,,,,0,,,,,,,{f57bd86a-0cb9-6582-9004-000000000b00},10484,9268.0,,,,,,DLL,,,,,,,,,,,,,2023-12-19T21:35:54.1542409Z,C:\Windows\assembly\NativeImages_v4.0.30319_64\Temp\2434-0\System.Collections.Immutable.dll,,,,,,11,,10592,NT AUTHORITY\SYSTEM,S-1-5-18,35:54.2,2.0,"<Event xmlns=""http://schemas.microsoft.com/win/2004/08/events/event"">
  <System>
    <Provider Name=""Microsoft-Windows-Sysmon"" Guid=""{5770385f-c22a-43e0-bf4c-06f5698ffbd9}""/>
    <EventID>11</EventID>
    <Version>2</Version>
    <Level>4</Level>
    <Task>11</Task>
    <Opcode>0</Opcode>
    <Keywords>0x8000000000000000</Keywords>
    <TimeCreated SystemTime=""2023-12-19T21:35:54.1542409Z""/>
    <EventRecordID>1192</EventRecordID>
    <Correlation/>
    <Execution ProcessID=""10484"" ThreadID=""10592""/>
    <Channel>Microsoft-Windows-Sysmon/Operational</Channel>
    <Computer>WinDev2309Eval</Computer>
    <Security UserID=""S-1-5-18""/>
  </System>
  <EventData>
    <Data Name=""RuleName"">DLL</Data>
    <Data Name=""UtcTime"">2023-12-19 21:35:54.153</Data>
    <Data Name=""ProcessGuid"">{f57bd86a-0cb9-6582-9004-000000000b00}</Data>
    <Data Name=""ProcessId"">9268</Data>
    <Data Name=""Image"">C:\Windows\Microsoft.NET\Framework64\v4.0.30319\mscorsvw.exe</Data>
    <Data Name=""TargetFilename"">C:\Windows\assembly\NativeImages_v4.0.30319_64\Temp\2434-0\System.Collections.Immutable.dll</Data>
    <Data Name=""CreationUtcTime"">2023-12-19 21:35:54.153</Data>
    <Data Name=""User"">NT AUTHORITY\SYSTEM</Data>
  </EventData>
</Event>
"
Microsoft-Windows-Sysmon/Operational,,,WinDev2309Eval,35:53.3,,,,,,,,,11,1191,,,,C:\Windows\Microsoft.NET\Framework64\v4.0.30319\mscorsvw.exe,,,0x8000000000000000,4,,,,,0,,,,,,,{f57bd86a-0cb6-6582-8e04-000000000b00},10484,10088.0,,,,,,DLL,,,,,,,,,,,,,2023-12-19T21:35:53.3286437Z,C:\Windows\assembly\NativeImages_v4.0.30319_64\Temp\2768-0\StreamJsonRpc.dll,,,,,,11,,10592,NT AUTHORITY\SYSTEM,S-1-5-18,35:53.3,2.0,"<Event xmlns=""http://schemas.microsoft.com/win/2004/08/events/event"">
  <System>
    <Provider Name=""Microsoft-Windows-Sysmon"" Guid=""{5770385f-c22a-43e0-bf4c-06f5698ffbd9}""/>
    <EventID>11</EventID>
    <Version>2</Version>
    <Level>4</Level>
    <Task>11</Task>
    <Opcode>0</Opcode>
    <Keywords>0x8000000000000000</Keywords>
    <TimeCreated SystemTime=""2023-12-19T21:35:53.3286437Z""/>
    <EventRecordID>1191</EventRecordID>
    <Correlation/>
    <Execution ProcessID=""10484"" ThreadID=""10592""/>
    <Channel>Microsoft-Windows-Sysmon/Operational</Channel>
    <Computer>WinDev2309Eval</Computer>
    <Security UserID=""S-1-5-18""/>
  </System>
  <EventData>
    <Data Name=""RuleName"">DLL</Data>
    <Data Name=""UtcTime"">2023-12-19 21:35:53.322</Data>
    <Data Name=""ProcessGuid"">{f57bd86a-0cb6-6582-8e04-000000000b00}</Data>
    <Data Name=""ProcessId"">10088</Data>
    <Data Name=""Image"">C:\Windows\Microsoft.NET\Framework64\v4.0.30319\mscorsvw.exe</Data>
    <Data Name=""TargetFilename"">C:\Windows\assembly\NativeImages_v4.0.30319_64\Temp\2768-0\StreamJsonRpc.dll</Data>
    <Data Name=""CreationUtcTime"">2023-12-19 21:35:53.322</Data>
    <Data Name=""User"">NT AUTHORITY\SYSTEM</Data>
  </EventData>
</Event>
"
Microsoft-Windows-Sysmon/Operational,,,WinDev2309Eval,35:50.5,,,,,,,,,11,1190,,,,C:\Windows\Microsoft.NET\Framework64\v4.0.30319\mscorsvw.exe,,,0x8000000000000000,4,,,,,0,,,,,,,{f57bd86a-0cb5-6582-8c04-000000000b00},10484,5404.0,,,,,,DLL,,,,,,,,,,,,,2023-12-19T21:35:50.4714946Z,C:\Windows\assembly\NativeImages_v4.0.30319_64\Temp\151c-0\Microsoft.VisualStudio.Threading.dll,,,,,,11,,10592,NT AUTHORITY\SYSTEM,S-1-5-18,35:50.5,2.0,"<Event xmlns=""http://schemas.microsoft.com/win/2004/08/events/event"">
  <System>
    <Provider Name=""Microsoft-Windows-Sysmon"" Guid=""{5770385f-c22a-43e0-bf4c-06f5698ffbd9}""/>
    <EventID>11</EventID>
    <Version>2</Version>
    <Level>4</Level>
    <Task>11</Task>
    <Opcode>0</Opcode>
    <Keywords>0x8000000000000000</Keywords>
    <TimeCreated SystemTime=""2023-12-19T21:35:50.4714946Z""/>
    <EventRecordID>1190</EventRecordID>
    <Correlation/>
    <Execution ProcessID=""10484"" ThreadID=""10592""/>
    <Channel>Microsoft-Windows-Sysmon/Operational</Channel>
    <Computer>WinDev2309Eval</Computer>
    <Security UserID=""S-1-5-18""/>
  </System>
  <EventData>
    <Data Name=""RuleName"">DLL</Data>
    <Data Name=""UtcTime"">2023-12-19 21:35:50.457</Data>
    <Data Name=""ProcessGuid"">{f57bd86a-0cb5-6582-8c04-000000000b00}</Data>
    <Data Name=""ProcessId"">5404</Data>
    <Data Name=""Image"">C:\Windows\Microsoft.NET\Framework64\v4.0.30319\mscorsvw.exe</Data>
    <Data Name=""TargetFilename"">C:\Windows\assembly\NativeImages_v4.0.30319_64\Temp\151c-0\Microsoft.VisualStudio.Threading.dll</Data>
    <Data Name=""CreationUtcTime"">2023-12-19 21:35:50.457</Data>
    <Data Name=""User"">NT AUTHORITY\SYSTEM</Data>
  </EventData>
</Event>
"
Microsoft-Windows-Sysmon/Operational,,,WinDev2309Eval,35:48.8,,,,,,,,,11,1189,,,,C:\Windows\Microsoft.NET\Framework64\v4.0.30319\mscorsvw.exe,,,0x8000000000000000,4,,,,,0,,,,,,,{f57bd86a-0caf-6582-8a04-000000000b00},10484,7600.0,,,,,,DLL,,,,,,,,,,,,,2023-12-19T21:35:48.8154235Z,C:\Windows\assembly\NativeImages_v4.0.30319_64\Temp\1db0-0\Microsoft.VisualStudio.Shell.15.0.dll,,,,,,11,,10592,NT AUTHORITY\SYSTEM,S-1-5-18,35:48.8,2.0,"<Event xmlns=""http://schemas.microsoft.com/win/2004/08/events/event"">
  <System>
    <Provider Name=""Microsoft-Windows-Sysmon"" Guid=""{5770385f-c22a-43e0-bf4c-06f5698ffbd9}""/>
    <EventID>11</EventID>
    <Version>2</Version>
    <Level>4</Level>
    <Task>11</Task>
    <Opcode>0</Opcode>
    <Keywords>0x8000000000000000</Keywords>
    <TimeCreated SystemTime=""2023-12-19T21:35:48.8154235Z""/>
    <EventRecordID>1189</EventRecordID>
    <Correlation/>
    <Execution ProcessID=""10484"" ThreadID=""10592""/>
    <Channel>Microsoft-Windows-Sysmon/Operational</Channel>
    <Computer>WinDev2309Eval</Computer>
    <Security UserID=""S-1-5-18""/>
  </System>
  <EventData>
    <Data Name=""RuleName"">DLL</Data>
    <Data Name=""UtcTime"">2023-12-19 21:35:48.799</Data>
    <Data Name=""ProcessGuid"">{f57bd86a-0caf-6582-8a04-000000000b00}</Data>
    <Data Name=""ProcessId"">7600</Data>
    <Data Name=""Image"">C:\Windows\Microsoft.NET\Framework64\v4.0.30319\mscorsvw.exe</Data>
    <Data Name=""TargetFilename"">C:\Windows\assembly\NativeImages_v4.0.30319_64\Temp\1db0-0\Microsoft.VisualStudio.Shell.15.0.dll</Data>
    <Data Name=""CreationUtcTime"">2023-12-19 21:35:48.799</Data>
    <Data Name=""User"">NT AUTHORITY\SYSTEM</Data>
  </EventData>
</Event>
"
Microsoft-Windows-Sysmon/Operational,,,WinDev2309Eval,35:43.1,,,,,,,,,11,1188,,,,C:\Windows\Microsoft.NET\Framework64\v4.0.30319\mscorsvw.exe,,,0x8000000000000000,4,,,,,0,,,,,,,{f57bd86a-0cae-6582-8804-000000000b00},10484,8376.0,,,,,,DLL,,,,,,,,,,,,,2023-12-19T21:35:43.1433218Z,C:\Windows\assembly\NativeImages_v4.0.30319_64\Temp\20b8-0\Microsoft.VisualStudio.GraphModel.dll,,,,,,11,,10592,NT AUTHORITY\SYSTEM,S-1-5-18,35:43.1,2.0,"<Event xmlns=""http://schemas.microsoft.com/win/2004/08/events/event"">
  <System>
    <Provider Name=""Microsoft-Windows-Sysmon"" Guid=""{5770385f-c22a-43e0-bf4c-06f5698ffbd9}""/>
    <EventID>11</EventID>
    <Version>2</Version>
    <Level>4</Level>
    <Task>11</Task>
    <Opcode>0</Opcode>
    <Keywords>0x8000000000000000</Keywords>
    <TimeCreated SystemTime=""2023-12-19T21:35:43.1433218Z""/>
    <EventRecordID>1188</EventRecordID>
    <Correlation/>
    <Execution ProcessID=""10484"" ThreadID=""10592""/>
    <Channel>Microsoft-Windows-Sysmon/Operational</Channel>
    <Computer>WinDev2309Eval</Computer>
    <Security UserID=""S-1-5-18""/>
  </System>
  <EventData>
    <Data Name=""RuleName"">DLL</Data>
    <Data Name=""UtcTime"">2023-12-19 21:35:43.128</Data>
    <Data Name=""ProcessGuid"">{f57bd86a-0cae-6582-8804-000000000b00}</Data>
    <Data Name=""ProcessId"">8376</Data>
    <Data Name=""Image"">C:\Windows\Microsoft.NET\Framework64\v4.0.30319\mscorsvw.exe</Data>
    <Data Name=""TargetFilename"">C:\Windows\assembly\NativeImages_v4.0.30319_64\Temp\20b8-0\Microsoft.VisualStudio.GraphModel.dll</Data>
    <Data Name=""CreationUtcTime"">2023-12-19 21:35:43.128</Data>
    <Data Name=""User"">NT AUTHORITY\SYSTEM</Data>
  </EventData>
</Event>
"
Microsoft-Windows-Sysmon/Operational,,,WinDev2309Eval,35:42.0,,,,,,,,,11,1187,,,,C:\Windows\Microsoft.NET\Framework64\v4.0.30319\mscorsvw.exe,,,0x8000000000000000,4,,,,,0,,,,,,,{f57bd86a-0cab-6582-8604-000000000b00},10484,1272.0,,,,,,DLL,,,,,,,,,,,,,2023-12-19T21:35:42.0007555Z,C:\Windows\assembly\NativeImages_v4.0.30319_64\Temp\4f8-0\Microsoft.VisualStudio.Telemetry.dll,,,,,,11,,10592,NT AUTHORITY\SYSTEM,S-1-5-18,35:42.0,2.0,"<Event xmlns=""http://schemas.microsoft.com/win/2004/08/events/event"">
  <System>
    <Provider Name=""Microsoft-Windows-Sysmon"" Guid=""{5770385f-c22a-43e0-bf4c-06f5698ffbd9}""/>
    <EventID>11</EventID>
    <Version>2</Version>
    <Level>4</Level>
    <Task>11</Task>
    <Opcode>0</Opcode>
    <Keywords>0x8000000000000000</Keywords>
    <TimeCreated SystemTime=""2023-12-19T21:35:42.0007555Z""/>
    <EventRecordID>1187</EventRecordID>
    <Correlation/>
    <Execution ProcessID=""10484"" ThreadID=""10592""/>
    <Channel>Microsoft-Windows-Sysmon/Operational</Channel>
    <Computer>WinDev2309Eval</Computer>
    <Security UserID=""S-1-5-18""/>
  </System>
  <EventData>
    <Data Name=""RuleName"">DLL</Data>
    <Data Name=""UtcTime"">2023-12-19 21:35:41.986</Data>
    <Data Name=""ProcessGuid"">{f57bd86a-0cab-6582-8604-000000000b00}</Data>
    <Data Name=""ProcessId"">1272</Data>
    <Data Name=""Image"">C:\Windows\Microsoft.NET\Framework64\v4.0.30319\mscorsvw.exe</Data>
    <Data Name=""TargetFilename"">C:\Windows\assembly\NativeImages_v4.0.30319_64\Temp\4f8-0\Microsoft.VisualStudio.Telemetry.dll</Data>
    <Data Name=""CreationUtcTime"">2023-12-19 21:35:41.986</Data>
    <Data Name=""User"">NT AUTHORITY\SYSTEM</Data>
  </EventData>
</Event>
"
Microsoft-Windows-Sysmon/Operational,,,WinDev2309Eval,35:39.7,,,,,,,,,11,1186,,,,C:\Windows\Microsoft.NET\Framework64\v4.0.30319\mscorsvw.exe,,,0x8000000000000000,4,,,,,0,,,,,,,{f57bd86a-0ca7-6582-8404-000000000b00},10484,7508.0,,,,,,DLL,,,,,,,,,,,,,2023-12-19T21:35:39.6668289Z,C:\Windows\assembly\NativeImages_v4.0.30319_64\Temp\1d54-0\Microsoft.VisualStudio.Shell.Connected.dll,,,,,,11,,10592,NT AUTHORITY\SYSTEM,S-1-5-18,35:39.7,2.0,"<Event xmlns=""http://schemas.microsoft.com/win/2004/08/events/event"">
  <System>
    <Provider Name=""Microsoft-Windows-Sysmon"" Guid=""{5770385f-c22a-43e0-bf4c-06f5698ffbd9}""/>
    <EventID>11</EventID>
    <Version>2</Version>
    <Level>4</Level>
    <Task>11</Task>
    <Opcode>0</Opcode>
    <Keywords>0x8000000000000000</Keywords>
    <TimeCreated SystemTime=""2023-12-19T21:35:39.6668289Z""/>
    <EventRecordID>1186</EventRecordID>
    <Correlation/>
    <Execution ProcessID=""10484"" ThreadID=""10592""/>
    <Channel>Microsoft-Windows-Sysmon/Operational</Channel>
    <Computer>WinDev2309Eval</Computer>
    <Security UserID=""S-1-5-18""/>
  </System>
  <EventData>
    <Data Name=""RuleName"">DLL</Data>
    <Data Name=""UtcTime"">2023-12-19 21:35:39.658</Data>
    <Data Name=""ProcessGuid"">{f57bd86a-0ca7-6582-8404-000000000b00}</Data>
    <Data Name=""ProcessId"">7508</Data>
    <Data Name=""Image"">C:\Windows\Microsoft.NET\Framework64\v4.0.30319\mscorsvw.exe</Data>
    <Data Name=""TargetFilename"">C:\Windows\assembly\NativeImages_v4.0.30319_64\Temp\1d54-0\Microsoft.VisualStudio.Shell.Connected.dll</Data>
    <Data Name=""CreationUtcTime"">2023-12-19 21:35:39.658</Data>
    <Data Name=""User"">NT AUTHORITY\SYSTEM</Data>
  </EventData>
</Event>
"
Microsoft-Windows-Sysmon/Operational,,,WinDev2309Eval,35:35.2,,,,,,,,,11,1185,,,,C:\Windows\Microsoft.NET\Framework64\v4.0.30319\mscorsvw.exe,,,0x8000000000000000,4,,,,,0,,,,,,,{f57bd86a-0ca4-6582-8204-000000000b00},10484,6556.0,,,,,,DLL,,,,,,,,,,,,,2023-12-19T21:35:35.2642032Z,C:\Windows\assembly\NativeImages_v4.0.30319_64\Temp\199c-0\Microsoft.VisualStudio.ExtensionManager.Implementation.dll,,,,,,11,,10592,NT AUTHORITY\SYSTEM,S-1-5-18,35:35.2,2.0,"<Event xmlns=""http://schemas.microsoft.com/win/2004/08/events/event"">
  <System>
    <Provider Name=""Microsoft-Windows-Sysmon"" Guid=""{5770385f-c22a-43e0-bf4c-06f5698ffbd9}""/>
    <EventID>11</EventID>
    <Version>2</Version>
    <Level>4</Level>
    <Task>11</Task>
    <Opcode>0</Opcode>
    <Keywords>0x8000000000000000</Keywords>
    <TimeCreated SystemTime=""2023-12-19T21:35:35.2642032Z""/>
    <EventRecordID>1185</EventRecordID>
    <Correlation/>
    <Execution ProcessID=""10484"" ThreadID=""10592""/>
    <Channel>Microsoft-Windows-Sysmon/Operational</Channel>
    <Computer>WinDev2309Eval</Computer>
    <Security UserID=""S-1-5-18""/>
  </System>
  <EventData>
    <Data Name=""RuleName"">DLL</Data>
    <Data Name=""UtcTime"">2023-12-19 21:35:35.250</Data>
    <Data Name=""ProcessGuid"">{f57bd86a-0ca4-6582-8204-000000000b00}</Data>
    <Data Name=""ProcessId"">6556</Data>
    <Data Name=""Image"">C:\Windows\Microsoft.NET\Framework64\v4.0.30319\mscorsvw.exe</Data>
    <Data Name=""TargetFilename"">C:\Windows\assembly\NativeImages_v4.0.30319_64\Temp\199c-0\Microsoft.VisualStudio.ExtensionManager.Implementation.dll</Data>
    <Data Name=""CreationUtcTime"">2023-12-19 21:35:35.250</Data>
    <Data Name=""User"">NT AUTHORITY\SYSTEM</Data>
  </EventData>
</Event>
"
Microsoft-Windows-Sysmon/Operational,,,WinDev2309Eval,35:32.1,,,,,,,,,11,1184,,,,C:\Windows\Microsoft.NET\Framework64\v4.0.30319\mscorsvw.exe,,,0x8000000000000000,4,,,,,0,,,,,,,{f57bd86a-0c9d-6582-8004-000000000b00},10484,6764.0,,,,,,DLL,,,,,,,,,,,,,2023-12-19T21:35:32.1032968Z,C:\Windows\assembly\NativeImages_v4.0.30319_64\Temp\1a6c-0\Microsoft.VisualStudio.CommonIDE.dll,,,,,,11,,10592,NT AUTHORITY\SYSTEM,S-1-5-18,35:32.1,2.0,"<Event xmlns=""http://schemas.microsoft.com/win/2004/08/events/event"">
  <System>
    <Provider Name=""Microsoft-Windows-Sysmon"" Guid=""{5770385f-c22a-43e0-bf4c-06f5698ffbd9}""/>
    <EventID>11</EventID>
    <Version>2</Version>
    <Level>4</Level>
    <Task>11</Task>
    <Opcode>0</Opcode>
    <Keywords>0x8000000000000000</Keywords>
    <TimeCreated SystemTime=""2023-12-19T21:35:32.1032968Z""/>
    <EventRecordID>1184</EventRecordID>
    <Correlation/>
    <Execution ProcessID=""10484"" ThreadID=""10592""/>
    <Channel>Microsoft-Windows-Sysmon/Operational</Channel>
    <Computer>WinDev2309Eval</Computer>
    <Security UserID=""S-1-5-18""/>
  </System>
  <EventData>
    <Data Name=""RuleName"">DLL</Data>
    <Data Name=""UtcTime"">2023-12-19 21:35:32.099</Data>
    <Data Name=""ProcessGuid"">{f57bd86a-0c9d-6582-8004-000000000b00}</Data>
    <Data Name=""ProcessId"">6764</Data>
    <Data Name=""Image"">C:\Windows\Microsoft.NET\Framework64\v4.0.30319\mscorsvw.exe</Data>
    <Data Name=""TargetFilename"">C:\Windows\assembly\NativeImages_v4.0.30319_64\Temp\1a6c-0\Microsoft.VisualStudio.CommonIDE.dll</Data>
    <Data Name=""CreationUtcTime"">2023-12-19 21:35:32.099</Data>
    <Data Name=""User"">NT AUTHORITY\SYSTEM</Data>
  </EventData>
</Event>
"
Microsoft-Windows-Sysmon/Operational,,,WinDev2309Eval,35:25.0,,,,,,,,,11,1183,,,,C:\Windows\Microsoft.NET\Framework64\v4.0.30319\mscorsvw.exe,,,0x8000000000000000,4,,,,,0,,,,,,,{f57bd86a-0c9c-6582-7e04-000000000b00},10484,8280.0,,,,,,EXE,,,,,,,,,,,,,2023-12-19T21:35:25.0408675Z,C:\Windows\assembly\NativeImages_v4.0.30319_64\Temp\2058-0\PerfWatson2.exe,,,,,,11,,10592,NT AUTHORITY\SYSTEM,S-1-5-18,35:25.0,2.0,"<Event xmlns=""http://schemas.microsoft.com/win/2004/08/events/event"">
  <System>
    <Provider Name=""Microsoft-Windows-Sysmon"" Guid=""{5770385f-c22a-43e0-bf4c-06f5698ffbd9}""/>
    <EventID>11</EventID>
    <Version>2</Version>
    <Level>4</Level>
    <Task>11</Task>
    <Opcode>0</Opcode>
    <Keywords>0x8000000000000000</Keywords>
    <TimeCreated SystemTime=""2023-12-19T21:35:25.0408675Z""/>
    <EventRecordID>1183</EventRecordID>
    <Correlation/>
    <Execution ProcessID=""10484"" ThreadID=""10592""/>
    <Channel>Microsoft-Windows-Sysmon/Operational</Channel>
    <Computer>WinDev2309Eval</Computer>
    <Security UserID=""S-1-5-18""/>
  </System>
  <EventData>
    <Data Name=""RuleName"">EXE</Data>
    <Data Name=""UtcTime"">2023-12-19 21:35:25.031</Data>
    <Data Name=""ProcessGuid"">{f57bd86a-0c9c-6582-7e04-000000000b00}</Data>
    <Data Name=""ProcessId"">8280</Data>
    <Data Name=""Image"">C:\Windows\Microsoft.NET\Framework64\v4.0.30319\mscorsvw.exe</Data>
    <Data Name=""TargetFilename"">C:\Windows\assembly\NativeImages_v4.0.30319_64\Temp\2058-0\PerfWatson2.exe</Data>
    <Data Name=""CreationUtcTime"">2023-12-19 21:35:25.031</Data>
    <Data Name=""User"">NT AUTHORITY\SYSTEM</Data>
  </EventData>
</Event>
"
Microsoft-Windows-Sysmon/Operational,,,WinDev2309Eval,35:24.6,,,,,,,,,11,1182,,,,C:\Windows\Microsoft.NET\Framework64\v4.0.30319\mscorsvw.exe,,,0x8000000000000000,4,,,,,0,,,,,,,{f57bd86a-0c9c-6582-7c04-000000000b00},10484,12612.0,,,,,,DLL,,,,,,,,,,,,,2023-12-19T21:35:24.6498558Z,C:\Windows\assembly\NativeImages_v4.0.30319_64\Temp\3144-0\Microsoft.VisualStudio.VCProjectUI.dll,,,,,,11,,10592,NT AUTHORITY\SYSTEM,S-1-5-18,35:24.6,2.0,"<Event xmlns=""http://schemas.microsoft.com/win/2004/08/events/event"">
  <System>
    <Provider Name=""Microsoft-Windows-Sysmon"" Guid=""{5770385f-c22a-43e0-bf4c-06f5698ffbd9}""/>
    <EventID>11</EventID>
    <Version>2</Version>
    <Level>4</Level>
    <Task>11</Task>
    <Opcode>0</Opcode>
    <Keywords>0x8000000000000000</Keywords>
    <TimeCreated SystemTime=""2023-12-19T21:35:24.6498558Z""/>
    <EventRecordID>1182</EventRecordID>
    <Correlation/>
    <Execution ProcessID=""10484"" ThreadID=""10592""/>
    <Channel>Microsoft-Windows-Sysmon/Operational</Channel>
    <Computer>WinDev2309Eval</Computer>
    <Security UserID=""S-1-5-18""/>
  </System>
  <EventData>
    <Data Name=""RuleName"">DLL</Data>
    <Data Name=""UtcTime"">2023-12-19 21:35:24.639</Data>
    <Data Name=""ProcessGuid"">{f57bd86a-0c9c-6582-7c04-000000000b00}</Data>
    <Data Name=""ProcessId"">12612</Data>
    <Data Name=""Image"">C:\Windows\Microsoft.NET\Framework64\v4.0.30319\mscorsvw.exe</Data>
    <Data Name=""TargetFilename"">C:\Windows\assembly\NativeImages_v4.0.30319_64\Temp\3144-0\Microsoft.VisualStudio.VCProjectUI.dll</Data>
    <Data Name=""CreationUtcTime"">2023-12-19 21:35:24.639</Data>
    <Data Name=""User"">NT AUTHORITY\SYSTEM</Data>
  </EventData>
</Event>
"
Microsoft-Windows-Sysmon/Operational,,,WinDev2309Eval,35:24.3,,,,,,,,,11,1181,,,,C:\Windows\Microsoft.NET\Framework64\v4.0.30319\mscorsvw.exe,,,0x8000000000000000,4,,,,,0,,,,,,,{f57bd86a-0c98-6582-7a04-000000000b00},10484,12324.0,,,,,,DLL,,,,,,,,,,,,,2023-12-19T21:35:24.2926025Z,C:\Windows\assembly\NativeImages_v4.0.30319_64\Temp\3024-0\Microsoft.VisualStudio.Utilities.dll,,,,,,11,,10592,NT AUTHORITY\SYSTEM,S-1-5-18,35:24.3,2.0,"<Event xmlns=""http://schemas.microsoft.com/win/2004/08/events/event"">
  <System>
    <Provider Name=""Microsoft-Windows-Sysmon"" Guid=""{5770385f-c22a-43e0-bf4c-06f5698ffbd9}""/>
    <EventID>11</EventID>
    <Version>2</Version>
    <Level>4</Level>
    <Task>11</Task>
    <Opcode>0</Opcode>
    <Keywords>0x8000000000000000</Keywords>
    <TimeCreated SystemTime=""2023-12-19T21:35:24.2926025Z""/>
    <EventRecordID>1181</EventRecordID>
    <Correlation/>
    <Execution ProcessID=""10484"" ThreadID=""10592""/>
    <Channel>Microsoft-Windows-Sysmon/Operational</Channel>
    <Computer>WinDev2309Eval</Computer>
    <Security UserID=""S-1-5-18""/>
  </System>
  <EventData>
    <Data Name=""RuleName"">DLL</Data>
    <Data Name=""UtcTime"">2023-12-19 21:35:24.279</Data>
    <Data Name=""ProcessGuid"">{f57bd86a-0c98-6582-7a04-000000000b00}</Data>
    <Data Name=""ProcessId"">12324</Data>
    <Data Name=""Image"">C:\Windows\Microsoft.NET\Framework64\v4.0.30319\mscorsvw.exe</Data>
    <Data Name=""TargetFilename"">C:\Windows\assembly\NativeImages_v4.0.30319_64\Temp\3024-0\Microsoft.VisualStudio.Utilities.dll</Data>
    <Data Name=""CreationUtcTime"">2023-12-19 21:35:24.279</Data>
    <Data Name=""User"">NT AUTHORITY\SYSTEM</Data>
  </EventData>
</Event>
"
Microsoft-Windows-Sysmon/Operational,,,WinDev2309Eval,35:20.3,,,,,,,,,11,1180,,,,C:\Windows\Microsoft.NET\Framework64\v4.0.30319\mscorsvw.exe,,,0x8000000000000000,4,,,,,0,,,,,,,{f57bd86a-0c97-6582-7804-000000000b00},10484,11236.0,,,,,,DLL,,,,,,,,,,,,,2023-12-19T21:35:20.2937709Z,C:\Windows\assembly\NativeImages_v4.0.30319_64\Temp\2be4-0\Microsoft.VisualStudio.Shell.ViewManager.dll,,,,,,11,,10592,NT AUTHORITY\SYSTEM,S-1-5-18,35:20.3,2.0,"<Event xmlns=""http://schemas.microsoft.com/win/2004/08/events/event"">
  <System>
    <Provider Name=""Microsoft-Windows-Sysmon"" Guid=""{5770385f-c22a-43e0-bf4c-06f5698ffbd9}""/>
    <EventID>11</EventID>
    <Version>2</Version>
    <Level>4</Level>
    <Task>11</Task>
    <Opcode>0</Opcode>
    <Keywords>0x8000000000000000</Keywords>
    <TimeCreated SystemTime=""2023-12-19T21:35:20.2937709Z""/>
    <EventRecordID>1180</EventRecordID>
    <Correlation/>
    <Execution ProcessID=""10484"" ThreadID=""10592""/>
    <Channel>Microsoft-Windows-Sysmon/Operational</Channel>
    <Computer>WinDev2309Eval</Computer>
    <Security UserID=""S-1-5-18""/>
  </System>
  <EventData>
    <Data Name=""RuleName"">DLL</Data>
    <Data Name=""UtcTime"">2023-12-19 21:35:20.283</Data>
    <Data Name=""ProcessGuid"">{f57bd86a-0c97-6582-7804-000000000b00}</Data>
    <Data Name=""ProcessId"">11236</Data>
    <Data Name=""Image"">C:\Windows\Microsoft.NET\Framework64\v4.0.30319\mscorsvw.exe</Data>
    <Data Name=""TargetFilename"">C:\Windows\assembly\NativeImages_v4.0.30319_64\Temp\2be4-0\Microsoft.VisualStudio.Shell.ViewManager.dll</Data>
    <Data Name=""CreationUtcTime"">2023-12-19 21:35:20.283</Data>
    <Data Name=""User"">NT AUTHORITY\SYSTEM</Data>
  </EventData>
</Event>
"
Microsoft-Windows-Sysmon/Operational,,,WinDev2309Eval,35:18.5,,,,,,,,,11,1179,,,,C:\Windows\Microsoft.NET\Framework64\v4.0.30319\mscorsvw.exe,,,0x8000000000000000,4,,,,,0,,,,,,,{f57bd86a-0c81-6582-7604-000000000b00},10484,7504.0,,,,,,DLL,,,,,,,,,,,,,2023-12-19T21:35:18.5447490Z,C:\Windows\assembly\NativeImages_v4.0.30319_64\Temp\1d50-0\Microsoft.VisualStudio.Shell.UI.Internal.dll,,,,,,11,,10592,NT AUTHORITY\SYSTEM,S-1-5-18,35:18.5,2.0,"<Event xmlns=""http://schemas.microsoft.com/win/2004/08/events/event"">
  <System>
    <Provider Name=""Microsoft-Windows-Sysmon"" Guid=""{5770385f-c22a-43e0-bf4c-06f5698ffbd9}""/>
    <EventID>11</EventID>
    <Version>2</Version>
    <Level>4</Level>
    <Task>11</Task>
    <Opcode>0</Opcode>
    <Keywords>0x8000000000000000</Keywords>
    <TimeCreated SystemTime=""2023-12-19T21:35:18.5447490Z""/>
    <EventRecordID>1179</EventRecordID>
    <Correlation/>
    <Execution ProcessID=""10484"" ThreadID=""10592""/>
    <Channel>Microsoft-Windows-Sysmon/Operational</Channel>
    <Computer>WinDev2309Eval</Computer>
    <Security UserID=""S-1-5-18""/>
  </System>
  <EventData>
    <Data Name=""RuleName"">DLL</Data>
    <Data Name=""UtcTime"">2023-12-19 21:35:18.531</Data>
    <Data Name=""ProcessGuid"">{f57bd86a-0c81-6582-7604-000000000b00}</Data>
    <Data Name=""ProcessId"">7504</Data>
    <Data Name=""Image"">C:\Windows\Microsoft.NET\Framework64\v4.0.30319\mscorsvw.exe</Data>
    <Data Name=""TargetFilename"">C:\Windows\assembly\NativeImages_v4.0.30319_64\Temp\1d50-0\Microsoft.VisualStudio.Shell.UI.Internal.dll</Data>
    <Data Name=""CreationUtcTime"">2023-12-19 21:35:18.531</Data>
    <Data Name=""User"">NT AUTHORITY\SYSTEM</Data>
  </EventData>
</Event>
"
Microsoft-Windows-Sysmon/Operational,,,WinDev2309Eval,34:56.4,,,,,,,,,11,1178,,,,C:\Windows\Microsoft.NET\Framework64\v4.0.30319\mscorsvw.exe,,,0x8000000000000000,4,,,,,0,,,,,,,{f57bd86a-0c80-6582-7404-000000000b00},10484,10620.0,,,,,,DLL,,,,,,,,,,,,,2023-12-19T21:34:56.4432803Z,C:\Windows\assembly\NativeImages_v4.0.30319_64\Temp\297c-0\Microsoft.VisualStudio.RegDetour.dll,,,,,,11,,10592,NT AUTHORITY\SYSTEM,S-1-5-18,34:56.4,2.0,"<Event xmlns=""http://schemas.microsoft.com/win/2004/08/events/event"">
  <System>
    <Provider Name=""Microsoft-Windows-Sysmon"" Guid=""{5770385f-c22a-43e0-bf4c-06f5698ffbd9}""/>
    <EventID>11</EventID>
    <Version>2</Version>
    <Level>4</Level>
    <Task>11</Task>
    <Opcode>0</Opcode>
    <Keywords>0x8000000000000000</Keywords>
    <TimeCreated SystemTime=""2023-12-19T21:34:56.4432803Z""/>
    <EventRecordID>1178</EventRecordID>
    <Correlation/>
    <Execution ProcessID=""10484"" ThreadID=""10592""/>
    <Channel>Microsoft-Windows-Sysmon/Operational</Channel>
    <Computer>WinDev2309Eval</Computer>
    <Security UserID=""S-1-5-18""/>
  </System>
  <EventData>
    <Data Name=""RuleName"">DLL</Data>
    <Data Name=""UtcTime"">2023-12-19 21:34:56.436</Data>
    <Data Name=""ProcessGuid"">{f57bd86a-0c80-6582-7404-000000000b00}</Data>
    <Data Name=""ProcessId"">10620</Data>
    <Data Name=""Image"">C:\Windows\Microsoft.NET\Framework64\v4.0.30319\mscorsvw.exe</Data>
    <Data Name=""TargetFilename"">C:\Windows\assembly\NativeImages_v4.0.30319_64\Temp\297c-0\Microsoft.VisualStudio.RegDetour.dll</Data>
    <Data Name=""CreationUtcTime"">2023-12-19 21:34:56.436</Data>
    <Data Name=""User"">NT AUTHORITY\SYSTEM</Data>
  </EventData>
</Event>
"
Microsoft-Windows-Sysmon/Operational,,,WinDev2309Eval,34:56.1,,,,,,,,,11,1177,,,,C:\Windows\Microsoft.NET\Framework64\v4.0.30319\mscorsvw.exe,,,0x8000000000000000,4,,,,,0,,,,,,,{f57bd86a-0c7d-6582-7204-000000000b00},10484,12740.0,,,,,,DLL,,,,,,,,,,,,,2023-12-19T21:34:56.0827922Z,C:\Windows\assembly\NativeImages_v4.0.30319_64\Temp\31c4-0\Microsoft.VisualStudio.Platform.WindowManagement.dll,,,,,,11,,10592,NT AUTHORITY\SYSTEM,S-1-5-18,34:56.1,2.0,"<Event xmlns=""http://schemas.microsoft.com/win/2004/08/events/event"">
  <System>
    <Provider Name=""Microsoft-Windows-Sysmon"" Guid=""{5770385f-c22a-43e0-bf4c-06f5698ffbd9}""/>
    <EventID>11</EventID>
    <Version>2</Version>
    <Level>4</Level>
    <Task>11</Task>
    <Opcode>0</Opcode>
    <Keywords>0x8000000000000000</Keywords>
    <TimeCreated SystemTime=""2023-12-19T21:34:56.0827922Z""/>
    <EventRecordID>1177</EventRecordID>
    <Correlation/>
    <Execution ProcessID=""10484"" ThreadID=""10592""/>
    <Channel>Microsoft-Windows-Sysmon/Operational</Channel>
    <Computer>WinDev2309Eval</Computer>
    <Security UserID=""S-1-5-18""/>
  </System>
  <EventData>
    <Data Name=""RuleName"">DLL</Data>
    <Data Name=""UtcTime"">2023-12-19 21:34:56.077</Data>
    <Data Name=""ProcessGuid"">{f57bd86a-0c7d-6582-7204-000000000b00}</Data>
    <Data Name=""ProcessId"">12740</Data>
    <Data Name=""Image"">C:\Windows\Microsoft.NET\Framework64\v4.0.30319\mscorsvw.exe</Data>
    <Data Name=""TargetFilename"">C:\Windows\assembly\NativeImages_v4.0.30319_64\Temp\31c4-0\Microsoft.VisualStudio.Platform.WindowManagement.dll</Data>
    <Data Name=""CreationUtcTime"">2023-12-19 21:34:56.077</Data>
    <Data Name=""User"">NT AUTHORITY\SYSTEM</Data>
  </EventData>
</Event>
"
Microsoft-Windows-Sysmon/Operational,,,WinDev2309Eval,34:52.4,,,,,,,,,11,1176,,,,C:\Windows\Microsoft.NET\Framework64\v4.0.30319\mscorsvw.exe,,,0x8000000000000000,4,,,,,0,,,,,,,{f57bd86a-0c7a-6582-7004-000000000b00},10484,3408.0,,,,,,DLL,,,,,,,,,,,,,2023-12-19T21:34:52.4169075Z,C:\Windows\assembly\NativeImages_v4.0.30319_64\Temp\d50-0\Microsoft.VisualStudio.PerfWatson.dll,,,,,,11,,10592,NT AUTHORITY\SYSTEM,S-1-5-18,34:52.4,2.0,"<Event xmlns=""http://schemas.microsoft.com/win/2004/08/events/event"">
  <System>
    <Provider Name=""Microsoft-Windows-Sysmon"" Guid=""{5770385f-c22a-43e0-bf4c-06f5698ffbd9}""/>
    <EventID>11</EventID>
    <Version>2</Version>
    <Level>4</Level>
    <Task>11</Task>
    <Opcode>0</Opcode>
    <Keywords>0x8000000000000000</Keywords>
    <TimeCreated SystemTime=""2023-12-19T21:34:52.4169075Z""/>
    <EventRecordID>1176</EventRecordID>
    <Correlation/>
    <Execution ProcessID=""10484"" ThreadID=""10592""/>
    <Channel>Microsoft-Windows-Sysmon/Operational</Channel>
    <Computer>WinDev2309Eval</Computer>
    <Security UserID=""S-1-5-18""/>
  </System>
  <EventData>
    <Data Name=""RuleName"">DLL</Data>
    <Data Name=""UtcTime"">2023-12-19 21:34:52.401</Data>
    <Data Name=""ProcessGuid"">{f57bd86a-0c7a-6582-7004-000000000b00}</Data>
    <Data Name=""ProcessId"">3408</Data>
    <Data Name=""Image"">C:\Windows\Microsoft.NET\Framework64\v4.0.30319\mscorsvw.exe</Data>
    <Data Name=""TargetFilename"">C:\Windows\assembly\NativeImages_v4.0.30319_64\Temp\d50-0\Microsoft.VisualStudio.PerfWatson.dll</Data>
    <Data Name=""CreationUtcTime"">2023-12-19 21:34:52.401</Data>
    <Data Name=""User"">NT AUTHORITY\SYSTEM</Data>
  </EventData>
</Event>
"
Microsoft-Windows-Sysmon/Operational,,,WinDev2309Eval,34:49.5,,,,,,,,,11,1175,,,,C:\Windows\Microsoft.NET\Framework64\v4.0.30319\mscorsvw.exe,,,0x8000000000000000,4,,,,,0,,,,,,,{f57bd86a-0c78-6582-6d04-000000000b00},10484,664.0,,,,,,DLL,,,,,,,,,,,,,2023-12-19T21:34:49.5132229Z,C:\Windows\assembly\NativeImages_v4.0.30319_64\Temp\298-0\Microsoft.VisualStudio.ExtensionEngine.dll,,,,,,11,,10592,NT AUTHORITY\SYSTEM,S-1-5-18,34:49.5,2.0,"<Event xmlns=""http://schemas.microsoft.com/win/2004/08/events/event"">
  <System>
    <Provider Name=""Microsoft-Windows-Sysmon"" Guid=""{5770385f-c22a-43e0-bf4c-06f5698ffbd9}""/>
    <EventID>11</EventID>
    <Version>2</Version>
    <Level>4</Level>
    <Task>11</Task>
    <Opcode>0</Opcode>
    <Keywords>0x8000000000000000</Keywords>
    <TimeCreated SystemTime=""2023-12-19T21:34:49.5132229Z""/>
    <EventRecordID>1175</EventRecordID>
    <Correlation/>
    <Execution ProcessID=""10484"" ThreadID=""10592""/>
    <Channel>Microsoft-Windows-Sysmon/Operational</Channel>
    <Computer>WinDev2309Eval</Computer>
    <Security UserID=""S-1-5-18""/>
  </System>
  <EventData>
    <Data Name=""RuleName"">DLL</Data>
    <Data Name=""UtcTime"">2023-12-19 21:34:49.503</Data>
    <Data Name=""ProcessGuid"">{f57bd86a-0c78-6582-6d04-000000000b00}</Data>
    <Data Name=""ProcessId"">664</Data>
    <Data Name=""Image"">C:\Windows\Microsoft.NET\Framework64\v4.0.30319\mscorsvw.exe</Data>
    <Data Name=""TargetFilename"">C:\Windows\assembly\NativeImages_v4.0.30319_64\Temp\298-0\Microsoft.VisualStudio.ExtensionEngine.dll</Data>
    <Data Name=""CreationUtcTime"">2023-12-19 21:34:49.503</Data>
    <Data Name=""User"">NT AUTHORITY\SYSTEM</Data>
  </EventData>
</Event>
"
Microsoft-Windows-Sysmon/Operational,,,WinDev2309Eval,34:48.6,,,,,,,,,11,1174,,,,C:\Windows\Microsoft.NET\Framework64\v4.0.30319\mscorsvw.exe,,,0x8000000000000000,4,,,,,0,,,,,,,{f57bd86a-0c76-6582-6b04-000000000b00},10484,7716.0,,,,,,DLL,,,,,,,,,,,,,2023-12-19T21:34:48.6474763Z,C:\Windows\assembly\NativeImages_v4.0.30319_64\Temp\1e24-0\Microsoft.WebTools.Publish.dll,,,,,,11,,10592,NT AUTHORITY\SYSTEM,S-1-5-18,34:48.6,2.0,"<Event xmlns=""http://schemas.microsoft.com/win/2004/08/events/event"">
  <System>
    <Provider Name=""Microsoft-Windows-Sysmon"" Guid=""{5770385f-c22a-43e0-bf4c-06f5698ffbd9}""/>
    <EventID>11</EventID>
    <Version>2</Version>
    <Level>4</Level>
    <Task>11</Task>
    <Opcode>0</Opcode>
    <Keywords>0x8000000000000000</Keywords>
    <TimeCreated SystemTime=""2023-12-19T21:34:48.6474763Z""/>
    <EventRecordID>1174</EventRecordID>
    <Correlation/>
    <Execution ProcessID=""10484"" ThreadID=""10592""/>
    <Channel>Microsoft-Windows-Sysmon/Operational</Channel>
    <Computer>WinDev2309Eval</Computer>
    <Security UserID=""S-1-5-18""/>
  </System>
  <EventData>
    <Data Name=""RuleName"">DLL</Data>
    <Data Name=""UtcTime"">2023-12-19 21:34:48.640</Data>
    <Data Name=""ProcessGuid"">{f57bd86a-0c76-6582-6b04-000000000b00}</Data>
    <Data Name=""ProcessId"">7716</Data>
    <Data Name=""Image"">C:\Windows\Microsoft.NET\Framework64\v4.0.30319\mscorsvw.exe</Data>
    <Data Name=""TargetFilename"">C:\Windows\assembly\NativeImages_v4.0.30319_64\Temp\1e24-0\Microsoft.WebTools.Publish.dll</Data>
    <Data Name=""CreationUtcTime"">2023-12-19 21:34:48.640</Data>
    <Data Name=""User"">NT AUTHORITY\SYSTEM</Data>
  </EventData>
</Event>
"
