Microsoft-Windows-Sysmon/Operational,,,WinDev2309Eval,46:44.0,,,,,,,,,11,4609,,,,C:\Windows\system32\svchost.exe,,,0x8000000000000000,4,,,,,0,,,,,,,{f57bd86a-1d09-6582-7b00-000000000d00},3400,4120.0,,,,,,EXE,,,,,,,,,,,,,2023-12-19T22:46:44.0293851Z,C:\Users\User\AppData\Local\Microsoft\WindowsApps\Backup\MicrosoftEdge.exe,,,,,,11,,4208,NT AUTHORITY\SYSTEM,S-1-5-18,46:44.0,2.0,"<Event xmlns=""http://schemas.microsoft.com/win/2004/08/events/event"">
  <System>
    <Provider Name=""Microsoft-Windows-Sysmon"" Guid=""{5770385f-c22a-43e0-bf4c-06f5698ffbd9}""/>
    <EventID>11</EventID>
    <Version>2</Version>
    <Level>4</Level>
    <Task>11</Task>
    <Opcode>0</Opcode>
    <Keywords>0x8000000000000000</Keywords>
    <TimeCreated SystemTime=""2023-12-19T22:46:44.0293851Z""/>
    <EventRecordID>4609</EventRecordID>
    <Correlation/>
    <Execution ProcessID=""3400"" ThreadID=""4208""/>
    <Channel>Microsoft-Windows-Sysmon/Operational</Channel>
    <Computer>WinDev2309Eval</Computer>
    <Security UserID=""S-1-5-18""/>
  </System>
  <EventData>
    <Data Name=""RuleName"">EXE</Data>
    <Data Name=""UtcTime"">2023-12-19 22:46:44.028</Data>
    <Data Name=""ProcessGuid"">{f57bd86a-1d09-6582-7b00-000000000d00}</Data>
    <Data Name=""ProcessId"">4120</Data>
    <Data Name=""Image"">C:\Windows\system32\svchost.exe</Data>
    <Data Name=""TargetFilename"">C:\Users\User\AppData\Local\Microsoft\WindowsApps\Backup\MicrosoftEdge.exe</Data>
    <Data Name=""CreationUtcTime"">2023-12-19 22:46:44.012</Data>
    <Data Name=""User"">NT AUTHORITY\SYSTEM</Data>
  </EventData>
</Event>
"
Microsoft-Windows-Sysmon/Operational,,,WinDev2309Eval,,,,,,,,,DWORD (0x00000000),13,4608,SetValue,,,C:\Windows\System32\ie4uinit.exe,,,0x8000000000000000,4,,,,,0,,,,,,,{f57bd86a-1d53-6582-b400-000000000d00},3400,1444.0,,,,,,-,,,,,,,,,,,,,2023-12-19T22:46:43.9806860Z,,,HKU\S-1-5-21-2835251196-2691927458-378326815-1000\Software\Microsoft\Windows\CurrentVersion\Internet Settings\Zones\3\1809,,,,13,,4208,WINDEV2309EVAL\User,S-1-5-18,46:44.0,2.0,"<Event xmlns=""http://schemas.microsoft.com/win/2004/08/events/event"">
  <System>
    <Provider Name=""Microsoft-Windows-Sysmon"" Guid=""{5770385f-c22a-43e0-bf4c-06f5698ffbd9}""/>
    <EventID>13</EventID>
    <Version>2</Version>
    <Level>4</Level>
    <Task>13</Task>
    <Opcode>0</Opcode>
    <Keywords>0x8000000000000000</Keywords>
    <TimeCreated SystemTime=""2023-12-19T22:46:43.9806860Z""/>
    <EventRecordID>4608</EventRecordID>
    <Correlation/>
    <Execution ProcessID=""3400"" ThreadID=""4208""/>
    <Channel>Microsoft-Windows-Sysmon/Operational</Channel>
    <Computer>WinDev2309Eval</Computer>
    <Security UserID=""S-1-5-18""/>
  </System>
  <EventData>
    <Data Name=""RuleName"">-</Data>
    <Data Name=""EventType"">SetValue</Data>
    <Data Name=""UtcTime"">2023-12-19 22:46:43.965</Data>
    <Data Name=""ProcessGuid"">{f57bd86a-1d53-6582-b400-000000000d00}</Data>
    <Data Name=""ProcessId"">1444</Data>
    <Data Name=""Image"">C:\Windows\System32\ie4uinit.exe</Data>
    <Data Name=""TargetObject"">HKU\S-1-5-21-2835251196-2691927458-378326815-1000\Software\Microsoft\Windows\CurrentVersion\Internet Settings\Zones\3\1809</Data>
    <Data Name=""Details"">DWORD (0x00000000)</Data>
    <Data Name=""User"">WINDEV2309EVAL\User</Data>
  </EventData>
</Event>
"
Microsoft-Windows-Sysmon/Operational,,,WinDev2309Eval,,,,,,,,,DWORD (0x00000003),13,4607,SetValue,,,C:\Windows\System32\ie4uinit.exe,,,0x8000000000000000,4,,,,,0,,,,,,,{f57bd86a-1d53-6582-b400-000000000d00},3400,1444.0,,,,,,-,,,,,,,,,,,,,2023-12-19T22:46:43.9783286Z,,,HKU\S-1-5-21-2835251196-2691927458-378326815-1000\Software\Microsoft\Windows\CurrentVersion\Internet Settings\Zones\3\1206,,,,13,,4208,WINDEV2309EVAL\User,S-1-5-18,46:44.0,2.0,"<Event xmlns=""http://schemas.microsoft.com/win/2004/08/events/event"">
  <System>
    <Provider Name=""Microsoft-Windows-Sysmon"" Guid=""{5770385f-c22a-43e0-bf4c-06f5698ffbd9}""/>
    <EventID>13</EventID>
    <Version>2</Version>
    <Level>4</Level>
    <Task>13</Task>
    <Opcode>0</Opcode>
    <Keywords>0x8000000000000000</Keywords>
    <TimeCreated SystemTime=""2023-12-19T22:46:43.9783286Z""/>
    <EventRecordID>4607</EventRecordID>
    <Correlation/>
    <Execution ProcessID=""3400"" ThreadID=""4208""/>
    <Channel>Microsoft-Windows-Sysmon/Operational</Channel>
    <Computer>WinDev2309Eval</Computer>
    <Security UserID=""S-1-5-18""/>
  </System>
  <EventData>
    <Data Name=""RuleName"">-</Data>
    <Data Name=""EventType"">SetValue</Data>
    <Data Name=""UtcTime"">2023-12-19 22:46:43.965</Data>
    <Data Name=""ProcessGuid"">{f57bd86a-1d53-6582-b400-000000000d00}</Data>
    <Data Name=""ProcessId"">1444</Data>
    <Data Name=""Image"">C:\Windows\System32\ie4uinit.exe</Data>
    <Data Name=""TargetObject"">HKU\S-1-5-21-2835251196-2691927458-378326815-1000\Software\Microsoft\Windows\CurrentVersion\Internet Settings\Zones\3\1206</Data>
    <Data Name=""Details"">DWORD (0x00000003)</Data>
    <Data Name=""User"">WINDEV2309EVAL\User</Data>
  </EventData>
</Event>
"
Microsoft-Windows-Sysmon/Operational,C:\Windows\System32\ie4uinit.exe -ClearIconCache,Microsoft Corporation,WinDev2309Eval,,C:\Windows\system32\,IE Per-User Initialization Utility,,,,,,,1,4606,,11.00.22621.2506 (WinBuild.160101.0800),"MD5=3A388102CF8E844BF8A3817DDEA54668,SHA256=FCC158BEAAD763E120A1EACE214D4A6BAB419C1496A6A5F510202B050AF0E4F3,IMPHASH=65D99E4356D5139D31C3A6E8825C5F66",C:\Windows\System32\ie4uinit.exe,,Medium,0x8000000000000000,4,{f57bd86a-1d4d-6582-671c-160000000000},0x161c67,,,0,IE4UINIT.EXE,"""C:\Windows\System32\ie4uinit.exe"" -UserConfig",C:\Windows\System32\ie4uinit.exe,{f57bd86a-1d53-6582-b400-000000000d00},1444.0,WINDEV2309EVAL\User,{f57bd86a-1d53-6582-b500-000000000d00},3400,1972.0,Internet Explorer,,,,,-,,,,,,,,,,,,,2023-12-19T22:46:43.8069463Z,,,,,,,1,1.0,4208,WINDEV2309EVAL\User,S-1-5-18,46:43.8,5.0,"<Event xmlns=""http://schemas.microsoft.com/win/2004/08/events/event"">
  <System>
    <Provider Name=""Microsoft-Windows-Sysmon"" Guid=""{5770385f-c22a-43e0-bf4c-06f5698ffbd9}""/>
    <EventID>1</EventID>
    <Version>5</Version>
    <Level>4</Level>
    <Task>1</Task>
    <Opcode>0</Opcode>
    <Keywords>0x8000000000000000</Keywords>
    <TimeCreated SystemTime=""2023-12-19T22:46:43.8069463Z""/>
    <EventRecordID>4606</EventRecordID>
    <Correlation/>
    <Execution ProcessID=""3400"" ThreadID=""4208""/>
    <Channel>Microsoft-Windows-Sysmon/Operational</Channel>
    <Computer>WinDev2309Eval</Computer>
    <Security UserID=""S-1-5-18""/>
  </System>
  <EventData>
    <Data Name=""RuleName"">-</Data>
    <Data Name=""UtcTime"">2023-12-19 22:46:43.804</Data>
    <Data Name=""ProcessGuid"">{f57bd86a-1d53-6582-b500-000000000d00}</Data>
    <Data Name=""ProcessId"">1972</Data>
    <Data Name=""Image"">C:\Windows\System32\ie4uinit.exe</Data>
    <Data Name=""FileVersion"">11.00.22621.2506 (WinBuild.160101.0800)</Data>
    <Data Name=""Description"">IE Per-User Initialization Utility</Data>
    <Data Name=""Product"">Internet Explorer</Data>
    <Data Name=""Company"">Microsoft Corporation</Data>
    <Data Name=""OriginalFileName"">IE4UINIT.EXE</Data>
    <Data Name=""CommandLine"">C:\Windows\System32\ie4uinit.exe -ClearIconCache</Data>
    <Data Name=""CurrentDirectory"">C:\Windows\system32\</Data>
    <Data Name=""User"">WINDEV2309EVAL\User</Data>
    <Data Name=""LogonGuid"">{f57bd86a-1d4d-6582-671c-160000000000}</Data>
    <Data Name=""LogonId"">0x161c67</Data>
    <Data Name=""TerminalSessionId"">1</Data>
    <Data Name=""IntegrityLevel"">Medium</Data>
    <Data Name=""Hashes"">MD5=3A388102CF8E844BF8A3817DDEA54668,SHA256=FCC158BEAAD763E120A1EACE214D4A6BAB419C1496A6A5F510202B050AF0E4F3,IMPHASH=65D99E4356D5139D31C3A6E8825C5F66</Data>
    <Data Name=""ParentProcessGuid"">{f57bd86a-1d53-6582-b400-000000000d00}</Data>
    <Data Name=""ParentProcessId"">1444</Data>
    <Data Name=""ParentImage"">C:\Windows\System32\ie4uinit.exe</Data>
    <Data Name=""ParentCommandLine"">""C:\Windows\System32\ie4uinit.exe"" -UserConfig</Data>
    <Data Name=""ParentUser"">WINDEV2309EVAL\User</Data>
  </EventData>
</Event>
"
