Channel,CommandLine,Company,Computer,CreationUtcTime,CurrentDirectory,Description,DestinationHostname,DestinationIp,DestinationIsIpv6,DestinationPort,DestinationPortName,Details,EventID,EventRecordID,EventType,FileVersion,Hashes,Image,Initiated,IntegrityLevel,Keywords,Level,LogonGuid,LogonId,Message,NewThreadId,Opcode,OriginalFileName,ParentCommandLine,ParentImage,ParentProcessGuid,ParentProcessId,ParentUser,ProcessGuid,ProcessID,ProcessId,Product,Protocol,QueryName,QueryResults,QueryStatus,RuleName,SourceHostname,SourceImage,SourceIp,SourceIsIpv6,SourcePort,SourcePortName,SourceProcessGuid,SourceProcessId,SourceUser,StartAddress,StartFunction,StartModule,SystemTime,TargetFilename,TargetImage,TargetObject,TargetProcessGuid,TargetProcessId,TargetUser,Task,TerminalSessionId,ThreadID,User,UserID,UtcTime,Version,raw
Microsoft-Windows-Sysmon/Operational,,,WinDev2309Eval,12:51.8,,,,,,,,,11,5683,,,,C:\Windows\system32\svchost.exe,,,0x8000000000000000,4,,,,,0,,,,,,,{f57bd86a-bb60-6582-5203-000000000d00},3400,8268.0,,,,,,DLL,,,,,,,,,,,,,2023-12-20T10:12:51.8054525Z,C:\Program Files\WindowsApps\RVAppStudios.BubblePop_1.4.0.0_x86__f5kf90dqd2yjg\System.Windows.dll,,,,,,11,,4208,NT AUTHORITY\SYSTEM,S-1-5-18,12:51.8,2.0,"<Event xmlns=""http://schemas.microsoft.com/win/2004/08/events/event"">
  <System>
    <Provider Name=""Microsoft-Windows-Sysmon"" Guid=""{5770385f-c22a-43e0-bf4c-06f5698ffbd9}""/>
    <EventID>11</EventID>
    <Version>2</Version>
    <Level>4</Level>
    <Task>11</Task>
    <Opcode>0</Opcode>
    <Keywords>0x8000000000000000</Keywords>
    <TimeCreated SystemTime=""2023-12-20T10:12:51.8054525Z""/>
    <EventRecordID>5683</EventRecordID>
    <Correlation/>
    <Execution ProcessID=""3400"" ThreadID=""4208""/>
    <Channel>Microsoft-Windows-Sysmon/Operational</Channel>
    <Computer>WinDev2309Eval</Computer>
    <Security UserID=""S-1-5-18""/>
  </System>
  <EventData>
    <Data Name=""RuleName"">DLL</Data>
    <Data Name=""UtcTime"">2023-12-20 10:12:51.799</Data>
    <Data Name=""ProcessGuid"">{f57bd86a-bb60-6582-5203-000000000d00}</Data>
    <Data Name=""ProcessId"">8268</Data>
    <Data Name=""Image"">C:\Windows\system32\svchost.exe</Data>
    <Data Name=""TargetFilename"">C:\Program Files\WindowsApps\RVAppStudios.BubblePop_1.4.0.0_x86__f5kf90dqd2yjg\System.Windows.dll</Data>
    <Data Name=""CreationUtcTime"">2023-12-20 10:12:51.799</Data>
    <Data Name=""User"">NT AUTHORITY\SYSTEM</Data>
  </EventData>
</Event>
"
Microsoft-Windows-Sysmon/Operational,,,WinDev2309Eval,12:51.8,,,,,,,,,11,5682,,,,C:\Windows\system32\svchost.exe,,,0x8000000000000000,4,,,,,0,,,,,,,{f57bd86a-bb60-6582-5203-000000000d00},3400,8268.0,,,,,,DLL,,,,,,,,,,,,,2023-12-20T10:12:51.8051937Z,C:\Program Files\WindowsApps\RVAppStudios.BubblePop_1.4.0.0_x86__f5kf90dqd2yjg\System.Threading.Timer.dll,,,,,,11,,4208,NT AUTHORITY\SYSTEM,S-1-5-18,12:51.8,2.0,"<Event xmlns=""http://schemas.microsoft.com/win/2004/08/events/event"">
  <System>
    <Provider Name=""Microsoft-Windows-Sysmon"" Guid=""{5770385f-c22a-43e0-bf4c-06f5698ffbd9}""/>
    <EventID>11</EventID>
    <Version>2</Version>
    <Level>4</Level>
    <Task>11</Task>
    <Opcode>0</Opcode>
    <Keywords>0x8000000000000000</Keywords>
    <TimeCreated SystemTime=""2023-12-20T10:12:51.8051937Z""/>
    <EventRecordID>5682</EventRecordID>
    <Correlation/>
    <Execution ProcessID=""3400"" ThreadID=""4208""/>
    <Channel>Microsoft-Windows-Sysmon/Operational</Channel>
    <Computer>WinDev2309Eval</Computer>
    <Security UserID=""S-1-5-18""/>
  </System>
  <EventData>
    <Data Name=""RuleName"">DLL</Data>
    <Data Name=""UtcTime"">2023-12-20 10:12:51.799</Data>
    <Data Name=""ProcessGuid"">{f57bd86a-bb60-6582-5203-000000000d00}</Data>
    <Data Name=""ProcessId"">8268</Data>
    <Data Name=""Image"">C:\Windows\system32\svchost.exe</Data>
    <Data Name=""TargetFilename"">C:\Program Files\WindowsApps\RVAppStudios.BubblePop_1.4.0.0_x86__f5kf90dqd2yjg\System.Threading.Timer.dll</Data>
    <Data Name=""CreationUtcTime"">2023-12-20 10:12:51.799</Data>
    <Data Name=""User"">NT AUTHORITY\SYSTEM</Data>
  </EventData>
</Event>
"
Microsoft-Windows-Sysmon/Operational,,,WinDev2309Eval,12:51.8,,,,,,,,,11,5681,,,,C:\Windows\system32\svchost.exe,,,0x8000000000000000,4,,,,,0,,,,,,,{f57bd86a-bb60-6582-5203-000000000d00},3400,8268.0,,,,,,DLL,,,,,,,,,,,,,2023-12-20T10:12:51.8049311Z,C:\Program Files\WindowsApps\RVAppStudios.BubblePop_1.4.0.0_x86__f5kf90dqd2yjg\System.Threading.Tasks.Parallel.dll,,,,,,11,,4208,NT AUTHORITY\SYSTEM,S-1-5-18,12:51.8,2.0,"<Event xmlns=""http://schemas.microsoft.com/win/2004/08/events/event"">
  <System>
    <Provider Name=""Microsoft-Windows-Sysmon"" Guid=""{5770385f-c22a-43e0-bf4c-06f5698ffbd9}""/>
    <EventID>11</EventID>
    <Version>2</Version>
    <Level>4</Level>
    <Task>11</Task>
    <Opcode>0</Opcode>
    <Keywords>0x8000000000000000</Keywords>
    <TimeCreated SystemTime=""2023-12-20T10:12:51.8049311Z""/>
    <EventRecordID>5681</EventRecordID>
    <Correlation/>
    <Execution ProcessID=""3400"" ThreadID=""4208""/>
    <Channel>Microsoft-Windows-Sysmon/Operational</Channel>
    <Computer>WinDev2309Eval</Computer>
    <Security UserID=""S-1-5-18""/>
  </System>
  <EventData>
    <Data Name=""RuleName"">DLL</Data>
    <Data Name=""UtcTime"">2023-12-20 10:12:51.799</Data>
    <Data Name=""ProcessGuid"">{f57bd86a-bb60-6582-5203-000000000d00}</Data>
    <Data Name=""ProcessId"">8268</Data>
    <Data Name=""Image"">C:\Windows\system32\svchost.exe</Data>
    <Data Name=""TargetFilename"">C:\Program Files\WindowsApps\RVAppStudios.BubblePop_1.4.0.0_x86__f5kf90dqd2yjg\System.Threading.Tasks.Parallel.dll</Data>
    <Data Name=""CreationUtcTime"">2023-12-20 10:12:51.799</Data>
    <Data Name=""User"">NT AUTHORITY\SYSTEM</Data>
  </EventData>
</Event>
"
Microsoft-Windows-Sysmon/Operational,,,WinDev2309Eval,12:51.8,,,,,,,,,11,5680,,,,C:\Windows\system32\svchost.exe,,,0x8000000000000000,4,,,,,0,,,,,,,{f57bd86a-bb60-6582-5203-000000000d00},3400,8268.0,,,,,,DLL,,,,,,,,,,,,,2023-12-20T10:12:51.8046709Z,C:\Program Files\WindowsApps\RVAppStudios.BubblePop_1.4.0.0_x86__f5kf90dqd2yjg\System.Threading.Tasks.Extensions.dll,,,,,,11,,4208,NT AUTHORITY\SYSTEM,S-1-5-18,12:51.8,2.0,"<Event xmlns=""http://schemas.microsoft.com/win/2004/08/events/event"">
  <System>
    <Provider Name=""Microsoft-Windows-Sysmon"" Guid=""{5770385f-c22a-43e0-bf4c-06f5698ffbd9}""/>
    <EventID>11</EventID>
    <Version>2</Version>
    <Level>4</Level>
    <Task>11</Task>
    <Opcode>0</Opcode>
    <Keywords>0x8000000000000000</Keywords>
    <TimeCreated SystemTime=""2023-12-20T10:12:51.8046709Z""/>
    <EventRecordID>5680</EventRecordID>
    <Correlation/>
    <Execution ProcessID=""3400"" ThreadID=""4208""/>
    <Channel>Microsoft-Windows-Sysmon/Operational</Channel>
    <Computer>WinDev2309Eval</Computer>
    <Security UserID=""S-1-5-18""/>
  </System>
  <EventData>
    <Data Name=""RuleName"">DLL</Data>
    <Data Name=""UtcTime"">2023-12-20 10:12:51.799</Data>
    <Data Name=""ProcessGuid"">{f57bd86a-bb60-6582-5203-000000000d00}</Data>
    <Data Name=""ProcessId"">8268</Data>
    <Data Name=""Image"">C:\Windows\system32\svchost.exe</Data>
    <Data Name=""TargetFilename"">C:\Program Files\WindowsApps\RVAppStudios.BubblePop_1.4.0.0_x86__f5kf90dqd2yjg\System.Threading.Tasks.Extensions.dll</Data>
    <Data Name=""CreationUtcTime"">2023-12-20 10:12:51.799</Data>
    <Data Name=""User"">NT AUTHORITY\SYSTEM</Data>
  </EventData>
</Event>
"
Microsoft-Windows-Sysmon/Operational,,,WinDev2309Eval,12:51.8,,,,,,,,,11,5679,,,,C:\Windows\system32\svchost.exe,,,0x8000000000000000,4,,,,,0,,,,,,,{f57bd86a-bb60-6582-5203-000000000d00},3400,8268.0,,,,,,DLL,,,,,,,,,,,,,2023-12-20T10:12:51.8044097Z,C:\Program Files\WindowsApps\RVAppStudios.BubblePop_1.4.0.0_x86__f5kf90dqd2yjg\System.Threading.Tasks.dll,,,,,,11,,4208,NT AUTHORITY\SYSTEM,S-1-5-18,12:51.8,2.0,"<Event xmlns=""http://schemas.microsoft.com/win/2004/08/events/event"">
  <System>
    <Provider Name=""Microsoft-Windows-Sysmon"" Guid=""{5770385f-c22a-43e0-bf4c-06f5698ffbd9}""/>
    <EventID>11</EventID>
    <Version>2</Version>
    <Level>4</Level>
    <Task>11</Task>
    <Opcode>0</Opcode>
    <Keywords>0x8000000000000000</Keywords>
    <TimeCreated SystemTime=""2023-12-20T10:12:51.8044097Z""/>
    <EventRecordID>5679</EventRecordID>
    <Correlation/>
    <Execution ProcessID=""3400"" ThreadID=""4208""/>
    <Channel>Microsoft-Windows-Sysmon/Operational</Channel>
    <Computer>WinDev2309Eval</Computer>
    <Security UserID=""S-1-5-18""/>
  </System>
  <EventData>
    <Data Name=""RuleName"">DLL</Data>
    <Data Name=""UtcTime"">2023-12-20 10:12:51.799</Data>
    <Data Name=""ProcessGuid"">{f57bd86a-bb60-6582-5203-000000000d00}</Data>
    <Data Name=""ProcessId"">8268</Data>
    <Data Name=""Image"">C:\Windows\system32\svchost.exe</Data>
    <Data Name=""TargetFilename"">C:\Program Files\WindowsApps\RVAppStudios.BubblePop_1.4.0.0_x86__f5kf90dqd2yjg\System.Threading.Tasks.dll</Data>
    <Data Name=""CreationUtcTime"">2023-12-20 10:12:51.799</Data>
    <Data Name=""User"">NT AUTHORITY\SYSTEM</Data>
  </EventData>
</Event>
"
Microsoft-Windows-Sysmon/Operational,,,WinDev2309Eval,12:51.8,,,,,,,,,11,5678,,,,C:\Windows\system32\svchost.exe,,,0x8000000000000000,4,,,,,0,,,,,,,{f57bd86a-bb60-6582-5203-000000000d00},3400,8268.0,,,,,,DLL,,,,,,,,,,,,,2023-12-20T10:12:51.8041409Z,C:\Program Files\WindowsApps\RVAppStudios.BubblePop_1.4.0.0_x86__f5kf90dqd2yjg\System.Threading.Tasks.Dataflow.dll,,,,,,11,,4208,NT AUTHORITY\SYSTEM,S-1-5-18,12:51.8,2.0,"<Event xmlns=""http://schemas.microsoft.com/win/2004/08/events/event"">
  <System>
    <Provider Name=""Microsoft-Windows-Sysmon"" Guid=""{5770385f-c22a-43e0-bf4c-06f5698ffbd9}""/>
    <EventID>11</EventID>
    <Version>2</Version>
    <Level>4</Level>
    <Task>11</Task>
    <Opcode>0</Opcode>
    <Keywords>0x8000000000000000</Keywords>
    <TimeCreated SystemTime=""2023-12-20T10:12:51.8041409Z""/>
    <EventRecordID>5678</EventRecordID>
    <Correlation/>
    <Execution ProcessID=""3400"" ThreadID=""4208""/>
    <Channel>Microsoft-Windows-Sysmon/Operational</Channel>
    <Computer>WinDev2309Eval</Computer>
    <Security UserID=""S-1-5-18""/>
  </System>
  <EventData>
    <Data Name=""RuleName"">DLL</Data>
    <Data Name=""UtcTime"">2023-12-20 10:12:51.799</Data>
    <Data Name=""ProcessGuid"">{f57bd86a-bb60-6582-5203-000000000d00}</Data>
    <Data Name=""ProcessId"">8268</Data>
    <Data Name=""Image"">C:\Windows\system32\svchost.exe</Data>
    <Data Name=""TargetFilename"">C:\Program Files\WindowsApps\RVAppStudios.BubblePop_1.4.0.0_x86__f5kf90dqd2yjg\System.Threading.Tasks.Dataflow.dll</Data>
    <Data Name=""CreationUtcTime"">2023-12-20 10:12:51.799</Data>
    <Data Name=""User"">NT AUTHORITY\SYSTEM</Data>
  </EventData>
</Event>
"
Microsoft-Windows-Sysmon/Operational,,,WinDev2309Eval,12:51.8,,,,,,,,,11,5677,,,,C:\Windows\system32\svchost.exe,,,0x8000000000000000,4,,,,,0,,,,,,,{f57bd86a-bb60-6582-5203-000000000d00},3400,8268.0,,,,,,DLL,,,,,,,,,,,,,2023-12-20T10:12:51.8039028Z,C:\Program Files\WindowsApps\RVAppStudios.BubblePop_1.4.0.0_x86__f5kf90dqd2yjg\System.Threading.Overlapped.dll,,,,,,11,,4208,NT AUTHORITY\SYSTEM,S-1-5-18,12:51.8,2.0,"<Event xmlns=""http://schemas.microsoft.com/win/2004/08/events/event"">
  <System>
    <Provider Name=""Microsoft-Windows-Sysmon"" Guid=""{5770385f-c22a-43e0-bf4c-06f5698ffbd9}""/>
    <EventID>11</EventID>
    <Version>2</Version>
    <Level>4</Level>
    <Task>11</Task>
    <Opcode>0</Opcode>
    <Keywords>0x8000000000000000</Keywords>
    <TimeCreated SystemTime=""2023-12-20T10:12:51.8039028Z""/>
    <EventRecordID>5677</EventRecordID>
    <Correlation/>
    <Execution ProcessID=""3400"" ThreadID=""4208""/>
    <Channel>Microsoft-Windows-Sysmon/Operational</Channel>
    <Computer>WinDev2309Eval</Computer>
    <Security UserID=""S-1-5-18""/>
  </System>
  <EventData>
    <Data Name=""RuleName"">DLL</Data>
    <Data Name=""UtcTime"">2023-12-20 10:12:51.799</Data>
    <Data Name=""ProcessGuid"">{f57bd86a-bb60-6582-5203-000000000d00}</Data>
    <Data Name=""ProcessId"">8268</Data>
    <Data Name=""Image"">C:\Windows\system32\svchost.exe</Data>
    <Data Name=""TargetFilename"">C:\Program Files\WindowsApps\RVAppStudios.BubblePop_1.4.0.0_x86__f5kf90dqd2yjg\System.Threading.Overlapped.dll</Data>
    <Data Name=""CreationUtcTime"">2023-12-20 10:12:51.799</Data>
    <Data Name=""User"">NT AUTHORITY\SYSTEM</Data>
  </EventData>
</Event>
"
Microsoft-Windows-Sysmon/Operational,,,WinDev2309Eval,12:51.8,,,,,,,,,11,5676,,,,C:\Windows\system32\svchost.exe,,,0x8000000000000000,4,,,,,0,,,,,,,{f57bd86a-bb60-6582-5203-000000000d00},3400,8268.0,,,,,,DLL,,,,,,,,,,,,,2023-12-20T10:12:51.8036259Z,C:\Program Files\WindowsApps\RVAppStudios.BubblePop_1.4.0.0_x86__f5kf90dqd2yjg\System.Threading.dll,,,,,,11,,4208,NT AUTHORITY\SYSTEM,S-1-5-18,12:51.8,2.0,"<Event xmlns=""http://schemas.microsoft.com/win/2004/08/events/event"">
  <System>
    <Provider Name=""Microsoft-Windows-Sysmon"" Guid=""{5770385f-c22a-43e0-bf4c-06f5698ffbd9}""/>
    <EventID>11</EventID>
    <Version>2</Version>
    <Level>4</Level>
    <Task>11</Task>
    <Opcode>0</Opcode>
    <Keywords>0x8000000000000000</Keywords>
    <TimeCreated SystemTime=""2023-12-20T10:12:51.8036259Z""/>
    <EventRecordID>5676</EventRecordID>
    <Correlation/>
    <Execution ProcessID=""3400"" ThreadID=""4208""/>
    <Channel>Microsoft-Windows-Sysmon/Operational</Channel>
    <Computer>WinDev2309Eval</Computer>
    <Security UserID=""S-1-5-18""/>
  </System>
  <EventData>
    <Data Name=""RuleName"">DLL</Data>
    <Data Name=""UtcTime"">2023-12-20 10:12:51.799</Data>
    <Data Name=""ProcessGuid"">{f57bd86a-bb60-6582-5203-000000000d00}</Data>
    <Data Name=""ProcessId"">8268</Data>
    <Data Name=""Image"">C:\Windows\system32\svchost.exe</Data>
    <Data Name=""TargetFilename"">C:\Program Files\WindowsApps\RVAppStudios.BubblePop_1.4.0.0_x86__f5kf90dqd2yjg\System.Threading.dll</Data>
    <Data Name=""CreationUtcTime"">2023-12-20 10:12:51.799</Data>
    <Data Name=""User"">NT AUTHORITY\SYSTEM</Data>
  </EventData>
</Event>
"
Microsoft-Windows-Sysmon/Operational,,,WinDev2309Eval,12:51.8,,,,,,,,,11,5675,,,,C:\Windows\system32\svchost.exe,,,0x8000000000000000,4,,,,,0,,,,,,,{f57bd86a-bb60-6582-5203-000000000d00},3400,8268.0,,,,,,DLL,,,,,,,,,,,,,2023-12-20T10:12:51.8033622Z,C:\Program Files\WindowsApps\RVAppStudios.BubblePop_1.4.0.0_x86__f5kf90dqd2yjg\System.Text.RegularExpressions.dll,,,,,,11,,4208,NT AUTHORITY\SYSTEM,S-1-5-18,12:51.8,2.0,"<Event xmlns=""http://schemas.microsoft.com/win/2004/08/events/event"">
  <System>
    <Provider Name=""Microsoft-Windows-Sysmon"" Guid=""{5770385f-c22a-43e0-bf4c-06f5698ffbd9}""/>
    <EventID>11</EventID>
    <Version>2</Version>
    <Level>4</Level>
    <Task>11</Task>
    <Opcode>0</Opcode>
    <Keywords>0x8000000000000000</Keywords>
    <TimeCreated SystemTime=""2023-12-20T10:12:51.8033622Z""/>
    <EventRecordID>5675</EventRecordID>
    <Correlation/>
    <Execution ProcessID=""3400"" ThreadID=""4208""/>
    <Channel>Microsoft-Windows-Sysmon/Operational</Channel>
    <Computer>WinDev2309Eval</Computer>
    <Security UserID=""S-1-5-18""/>
  </System>
  <EventData>
    <Data Name=""RuleName"">DLL</Data>
    <Data Name=""UtcTime"">2023-12-20 10:12:51.799</Data>
    <Data Name=""ProcessGuid"">{f57bd86a-bb60-6582-5203-000000000d00}</Data>
    <Data Name=""ProcessId"">8268</Data>
    <Data Name=""Image"">C:\Windows\system32\svchost.exe</Data>
    <Data Name=""TargetFilename"">C:\Program Files\WindowsApps\RVAppStudios.BubblePop_1.4.0.0_x86__f5kf90dqd2yjg\System.Text.RegularExpressions.dll</Data>
    <Data Name=""CreationUtcTime"">2023-12-20 10:12:51.799</Data>
    <Data Name=""User"">NT AUTHORITY\SYSTEM</Data>
  </EventData>
</Event>
"
Microsoft-Windows-Sysmon/Operational,,,WinDev2309Eval,12:51.8,,,,,,,,,11,5674,,,,C:\Windows\system32\svchost.exe,,,0x8000000000000000,4,,,,,0,,,,,,,{f57bd86a-bb60-6582-5203-000000000d00},3400,8268.0,,,,,,DLL,,,,,,,,,,,,,2023-12-20T10:12:51.8030480Z,C:\Program Files\WindowsApps\RVAppStudios.BubblePop_1.4.0.0_x86__f5kf90dqd2yjg\System.Text.Encoding.Extensions.dll,,,,,,11,,4208,NT AUTHORITY\SYSTEM,S-1-5-18,12:51.8,2.0,"<Event xmlns=""http://schemas.microsoft.com/win/2004/08/events/event"">
  <System>
    <Provider Name=""Microsoft-Windows-Sysmon"" Guid=""{5770385f-c22a-43e0-bf4c-06f5698ffbd9}""/>
    <EventID>11</EventID>
    <Version>2</Version>
    <Level>4</Level>
    <Task>11</Task>
    <Opcode>0</Opcode>
    <Keywords>0x8000000000000000</Keywords>
    <TimeCreated SystemTime=""2023-12-20T10:12:51.8030480Z""/>
    <EventRecordID>5674</EventRecordID>
    <Correlation/>
    <Execution ProcessID=""3400"" ThreadID=""4208""/>
    <Channel>Microsoft-Windows-Sysmon/Operational</Channel>
    <Computer>WinDev2309Eval</Computer>
    <Security UserID=""S-1-5-18""/>
  </System>
  <EventData>
    <Data Name=""RuleName"">DLL</Data>
    <Data Name=""UtcTime"">2023-12-20 10:12:51.799</Data>
    <Data Name=""ProcessGuid"">{f57bd86a-bb60-6582-5203-000000000d00}</Data>
    <Data Name=""ProcessId"">8268</Data>
    <Data Name=""Image"">C:\Windows\system32\svchost.exe</Data>
    <Data Name=""TargetFilename"">C:\Program Files\WindowsApps\RVAppStudios.BubblePop_1.4.0.0_x86__f5kf90dqd2yjg\System.Text.Encoding.Extensions.dll</Data>
    <Data Name=""CreationUtcTime"">2023-12-20 10:12:51.799</Data>
    <Data Name=""User"">NT AUTHORITY\SYSTEM</Data>
  </EventData>
</Event>
"
Microsoft-Windows-Sysmon/Operational,,,WinDev2309Eval,12:51.8,,,,,,,,,11,5673,,,,C:\Windows\system32\svchost.exe,,,0x8000000000000000,4,,,,,0,,,,,,,{f57bd86a-bb60-6582-5203-000000000d00},3400,8268.0,,,,,,DLL,,,,,,,,,,,,,2023-12-20T10:12:51.8027772Z,C:\Program Files\WindowsApps\RVAppStudios.BubblePop_1.4.0.0_x86__f5kf90dqd2yjg\System.Text.Encoding.dll,,,,,,11,,4208,NT AUTHORITY\SYSTEM,S-1-5-18,12:51.8,2.0,"<Event xmlns=""http://schemas.microsoft.com/win/2004/08/events/event"">
  <System>
    <Provider Name=""Microsoft-Windows-Sysmon"" Guid=""{5770385f-c22a-43e0-bf4c-06f5698ffbd9}""/>
    <EventID>11</EventID>
    <Version>2</Version>
    <Level>4</Level>
    <Task>11</Task>
    <Opcode>0</Opcode>
    <Keywords>0x8000000000000000</Keywords>
    <TimeCreated SystemTime=""2023-12-20T10:12:51.8027772Z""/>
    <EventRecordID>5673</EventRecordID>
    <Correlation/>
    <Execution ProcessID=""3400"" ThreadID=""4208""/>
    <Channel>Microsoft-Windows-Sysmon/Operational</Channel>
    <Computer>WinDev2309Eval</Computer>
    <Security UserID=""S-1-5-18""/>
  </System>
  <EventData>
    <Data Name=""RuleName"">DLL</Data>
    <Data Name=""UtcTime"">2023-12-20 10:12:51.799</Data>
    <Data Name=""ProcessGuid"">{f57bd86a-bb60-6582-5203-000000000d00}</Data>
    <Data Name=""ProcessId"">8268</Data>
    <Data Name=""Image"">C:\Windows\system32\svchost.exe</Data>
    <Data Name=""TargetFilename"">C:\Program Files\WindowsApps\RVAppStudios.BubblePop_1.4.0.0_x86__f5kf90dqd2yjg\System.Text.Encoding.dll</Data>
    <Data Name=""CreationUtcTime"">2023-12-20 10:12:51.799</Data>
    <Data Name=""User"">NT AUTHORITY\SYSTEM</Data>
  </EventData>
</Event>
"
Microsoft-Windows-Sysmon/Operational,,,WinDev2309Eval,12:51.8,,,,,,,,,11,5672,,,,C:\Windows\system32\svchost.exe,,,0x8000000000000000,4,,,,,0,,,,,,,{f57bd86a-bb60-6582-5203-000000000d00},3400,8268.0,,,,,,DLL,,,,,,,,,,,,,2023-12-20T10:12:51.8024519Z,C:\Program Files\WindowsApps\RVAppStudios.BubblePop_1.4.0.0_x86__f5kf90dqd2yjg\System.Text.Encoding.CodePages.dll,,,,,,11,,4208,NT AUTHORITY\SYSTEM,S-1-5-18,12:51.8,2.0,"<Event xmlns=""http://schemas.microsoft.com/win/2004/08/events/event"">
  <System>
    <Provider Name=""Microsoft-Windows-Sysmon"" Guid=""{5770385f-c22a-43e0-bf4c-06f5698ffbd9}""/>
    <EventID>11</EventID>
    <Version>2</Version>
    <Level>4</Level>
    <Task>11</Task>
    <Opcode>0</Opcode>
    <Keywords>0x8000000000000000</Keywords>
    <TimeCreated SystemTime=""2023-12-20T10:12:51.8024519Z""/>
    <EventRecordID>5672</EventRecordID>
    <Correlation/>
    <Execution ProcessID=""3400"" ThreadID=""4208""/>
    <Channel>Microsoft-Windows-Sysmon/Operational</Channel>
    <Computer>WinDev2309Eval</Computer>
    <Security UserID=""S-1-5-18""/>
  </System>
  <EventData>
    <Data Name=""RuleName"">DLL</Data>
    <Data Name=""UtcTime"">2023-12-20 10:12:51.799</Data>
    <Data Name=""ProcessGuid"">{f57bd86a-bb60-6582-5203-000000000d00}</Data>
    <Data Name=""ProcessId"">8268</Data>
    <Data Name=""Image"">C:\Windows\system32\svchost.exe</Data>
    <Data Name=""TargetFilename"">C:\Program Files\WindowsApps\RVAppStudios.BubblePop_1.4.0.0_x86__f5kf90dqd2yjg\System.Text.Encoding.CodePages.dll</Data>
    <Data Name=""CreationUtcTime"">2023-12-20 10:12:51.799</Data>
    <Data Name=""User"">NT AUTHORITY\SYSTEM</Data>
  </EventData>
</Event>
"
Microsoft-Windows-Sysmon/Operational,,,WinDev2309Eval,12:51.8,,,,,,,,,11,5671,,,,C:\Windows\system32\svchost.exe,,,0x8000000000000000,4,,,,,0,,,,,,,{f57bd86a-bb60-6582-5203-000000000d00},3400,8268.0,,,,,,DLL,,,,,,,,,,,,,2023-12-20T10:12:51.8017924Z,C:\Program Files\WindowsApps\RVAppStudios.BubblePop_1.4.0.0_x86__f5kf90dqd2yjg\System.ServiceModel.Web.dll,,,,,,11,,4208,NT AUTHORITY\SYSTEM,S-1-5-18,12:51.8,2.0,"<Event xmlns=""http://schemas.microsoft.com/win/2004/08/events/event"">
  <System>
    <Provider Name=""Microsoft-Windows-Sysmon"" Guid=""{5770385f-c22a-43e0-bf4c-06f5698ffbd9}""/>
    <EventID>11</EventID>
    <Version>2</Version>
    <Level>4</Level>
    <Task>11</Task>
    <Opcode>0</Opcode>
    <Keywords>0x8000000000000000</Keywords>
    <TimeCreated SystemTime=""2023-12-20T10:12:51.8017924Z""/>
    <EventRecordID>5671</EventRecordID>
    <Correlation/>
    <Execution ProcessID=""3400"" ThreadID=""4208""/>
    <Channel>Microsoft-Windows-Sysmon/Operational</Channel>
    <Computer>WinDev2309Eval</Computer>
    <Security UserID=""S-1-5-18""/>
  </System>
  <EventData>
    <Data Name=""RuleName"">DLL</Data>
    <Data Name=""UtcTime"">2023-12-20 10:12:51.799</Data>
    <Data Name=""ProcessGuid"">{f57bd86a-bb60-6582-5203-000000000d00}</Data>
    <Data Name=""ProcessId"">8268</Data>
    <Data Name=""Image"">C:\Windows\system32\svchost.exe</Data>
    <Data Name=""TargetFilename"">C:\Program Files\WindowsApps\RVAppStudios.BubblePop_1.4.0.0_x86__f5kf90dqd2yjg\System.ServiceModel.Web.dll</Data>
    <Data Name=""CreationUtcTime"">2023-12-20 10:12:51.799</Data>
    <Data Name=""User"">NT AUTHORITY\SYSTEM</Data>
  </EventData>
</Event>
"
Microsoft-Windows-Sysmon/Operational,,,WinDev2309Eval,12:51.8,,,,,,,,,11,5670,,,,C:\Windows\system32\svchost.exe,,,0x8000000000000000,4,,,,,0,,,,,,,{f57bd86a-bb60-6582-5203-000000000d00},3400,8268.0,,,,,,DLL,,,,,,,,,,,,,2023-12-20T10:12:51.8015243Z,C:\Program Files\WindowsApps\RVAppStudios.BubblePop_1.4.0.0_x86__f5kf90dqd2yjg\System.ServiceModel.Security.dll,,,,,,11,,4208,NT AUTHORITY\SYSTEM,S-1-5-18,12:51.8,2.0,"<Event xmlns=""http://schemas.microsoft.com/win/2004/08/events/event"">
  <System>
    <Provider Name=""Microsoft-Windows-Sysmon"" Guid=""{5770385f-c22a-43e0-bf4c-06f5698ffbd9}""/>
    <EventID>11</EventID>
    <Version>2</Version>
    <Level>4</Level>
    <Task>11</Task>
    <Opcode>0</Opcode>
    <Keywords>0x8000000000000000</Keywords>
    <TimeCreated SystemTime=""2023-12-20T10:12:51.8015243Z""/>
    <EventRecordID>5670</EventRecordID>
    <Correlation/>
    <Execution ProcessID=""3400"" ThreadID=""4208""/>
    <Channel>Microsoft-Windows-Sysmon/Operational</Channel>
    <Computer>WinDev2309Eval</Computer>
    <Security UserID=""S-1-5-18""/>
  </System>
  <EventData>
    <Data Name=""RuleName"">DLL</Data>
    <Data Name=""UtcTime"">2023-12-20 10:12:51.799</Data>
    <Data Name=""ProcessGuid"">{f57bd86a-bb60-6582-5203-000000000d00}</Data>
    <Data Name=""ProcessId"">8268</Data>
    <Data Name=""Image"">C:\Windows\system32\svchost.exe</Data>
    <Data Name=""TargetFilename"">C:\Program Files\WindowsApps\RVAppStudios.BubblePop_1.4.0.0_x86__f5kf90dqd2yjg\System.ServiceModel.Security.dll</Data>
    <Data Name=""CreationUtcTime"">2023-12-20 10:12:51.799</Data>
    <Data Name=""User"">NT AUTHORITY\SYSTEM</Data>
  </EventData>
</Event>
"
Microsoft-Windows-Sysmon/Operational,,,WinDev2309Eval,12:51.8,,,,,,,,,11,5669,,,,C:\Windows\system32\svchost.exe,,,0x8000000000000000,4,,,,,0,,,,,,,{f57bd86a-bb60-6582-5203-000000000d00},3400,8268.0,,,,,,DLL,,,,,,,,,,,,,2023-12-20T10:12:51.8011784Z,C:\Program Files\WindowsApps\RVAppStudios.BubblePop_1.4.0.0_x86__f5kf90dqd2yjg\System.ServiceModel.Primitives.dll,,,,,,11,,4208,NT AUTHORITY\SYSTEM,S-1-5-18,12:51.8,2.0,"<Event xmlns=""http://schemas.microsoft.com/win/2004/08/events/event"">
  <System>
    <Provider Name=""Microsoft-Windows-Sysmon"" Guid=""{5770385f-c22a-43e0-bf4c-06f5698ffbd9}""/>
    <EventID>11</EventID>
    <Version>2</Version>
    <Level>4</Level>
    <Task>11</Task>
    <Opcode>0</Opcode>
    <Keywords>0x8000000000000000</Keywords>
    <TimeCreated SystemTime=""2023-12-20T10:12:51.8011784Z""/>
    <EventRecordID>5669</EventRecordID>
    <Correlation/>
    <Execution ProcessID=""3400"" ThreadID=""4208""/>
    <Channel>Microsoft-Windows-Sysmon/Operational</Channel>
    <Computer>WinDev2309Eval</Computer>
    <Security UserID=""S-1-5-18""/>
  </System>
  <EventData>
    <Data Name=""RuleName"">DLL</Data>
    <Data Name=""UtcTime"">2023-12-20 10:12:51.799</Data>
    <Data Name=""ProcessGuid"">{f57bd86a-bb60-6582-5203-000000000d00}</Data>
    <Data Name=""ProcessId"">8268</Data>
    <Data Name=""Image"">C:\Windows\system32\svchost.exe</Data>
    <Data Name=""TargetFilename"">C:\Program Files\WindowsApps\RVAppStudios.BubblePop_1.4.0.0_x86__f5kf90dqd2yjg\System.ServiceModel.Primitives.dll</Data>
    <Data Name=""CreationUtcTime"">2023-12-20 10:12:51.799</Data>
    <Data Name=""User"">NT AUTHORITY\SYSTEM</Data>
  </EventData>
</Event>
"
Microsoft-Windows-Sysmon/Operational,,,WinDev2309Eval,12:51.8,,,,,,,,,11,5668,,,,C:\Windows\system32\svchost.exe,,,0x8000000000000000,4,,,,,0,,,,,,,{f57bd86a-bb60-6582-5203-000000000d00},3400,8268.0,,,,,,DLL,,,,,,,,,,,,,2023-12-20T10:12:51.8008114Z,C:\Program Files\WindowsApps\RVAppStudios.BubblePop_1.4.0.0_x86__f5kf90dqd2yjg\System.ServiceModel.NetTcp.dll,,,,,,11,,4208,NT AUTHORITY\SYSTEM,S-1-5-18,12:51.8,2.0,"<Event xmlns=""http://schemas.microsoft.com/win/2004/08/events/event"">
  <System>
    <Provider Name=""Microsoft-Windows-Sysmon"" Guid=""{5770385f-c22a-43e0-bf4c-06f5698ffbd9}""/>
    <EventID>11</EventID>
    <Version>2</Version>
    <Level>4</Level>
    <Task>11</Task>
    <Opcode>0</Opcode>
    <Keywords>0x8000000000000000</Keywords>
    <TimeCreated SystemTime=""2023-12-20T10:12:51.8008114Z""/>
    <EventRecordID>5668</EventRecordID>
    <Correlation/>
    <Execution ProcessID=""3400"" ThreadID=""4208""/>
    <Channel>Microsoft-Windows-Sysmon/Operational</Channel>
    <Computer>WinDev2309Eval</Computer>
    <Security UserID=""S-1-5-18""/>
  </System>
  <EventData>
    <Data Name=""RuleName"">DLL</Data>
    <Data Name=""UtcTime"">2023-12-20 10:12:51.799</Data>
    <Data Name=""ProcessGuid"">{f57bd86a-bb60-6582-5203-000000000d00}</Data>
    <Data Name=""ProcessId"">8268</Data>
    <Data Name=""Image"">C:\Windows\system32\svchost.exe</Data>
    <Data Name=""TargetFilename"">C:\Program Files\WindowsApps\RVAppStudios.BubblePop_1.4.0.0_x86__f5kf90dqd2yjg\System.ServiceModel.NetTcp.dll</Data>
    <Data Name=""CreationUtcTime"">2023-12-20 10:12:51.799</Data>
    <Data Name=""User"">NT AUTHORITY\SYSTEM</Data>
  </EventData>
</Event>
"
Microsoft-Windows-Sysmon/Operational,,,WinDev2309Eval,12:51.8,,,,,,,,,11,5667,,,,C:\Windows\system32\svchost.exe,,,0x8000000000000000,4,,,,,0,,,,,,,{f57bd86a-bb60-6582-5203-000000000d00},3400,8268.0,,,,,,DLL,,,,,,,,,,,,,2023-12-20T10:12:51.8002529Z,C:\Program Files\WindowsApps\RVAppStudios.BubblePop_1.4.0.0_x86__f5kf90dqd2yjg\System.ServiceModel.Http.dll,,,,,,11,,4208,NT AUTHORITY\SYSTEM,S-1-5-18,12:51.8,2.0,"<Event xmlns=""http://schemas.microsoft.com/win/2004/08/events/event"">
  <System>
    <Provider Name=""Microsoft-Windows-Sysmon"" Guid=""{5770385f-c22a-43e0-bf4c-06f5698ffbd9}""/>
    <EventID>11</EventID>
    <Version>2</Version>
    <Level>4</Level>
    <Task>11</Task>
    <Opcode>0</Opcode>
    <Keywords>0x8000000000000000</Keywords>
    <TimeCreated SystemTime=""2023-12-20T10:12:51.8002529Z""/>
    <EventRecordID>5667</EventRecordID>
    <Correlation/>
    <Execution ProcessID=""3400"" ThreadID=""4208""/>
    <Channel>Microsoft-Windows-Sysmon/Operational</Channel>
    <Computer>WinDev2309Eval</Computer>
    <Security UserID=""S-1-5-18""/>
  </System>
  <EventData>
    <Data Name=""RuleName"">DLL</Data>
    <Data Name=""UtcTime"">2023-12-20 10:12:51.799</Data>
    <Data Name=""ProcessGuid"">{f57bd86a-bb60-6582-5203-000000000d00}</Data>
    <Data Name=""ProcessId"">8268</Data>
    <Data Name=""Image"">C:\Windows\system32\svchost.exe</Data>
    <Data Name=""TargetFilename"">C:\Program Files\WindowsApps\RVAppStudios.BubblePop_1.4.0.0_x86__f5kf90dqd2yjg\System.ServiceModel.Http.dll</Data>
    <Data Name=""CreationUtcTime"">2023-12-20 10:12:51.799</Data>
    <Data Name=""User"">NT AUTHORITY\SYSTEM</Data>
  </EventData>
</Event>
"
Microsoft-Windows-Sysmon/Operational,,,WinDev2309Eval,12:51.8,,,,,,,,,11,5666,,,,C:\Windows\system32\svchost.exe,,,0x8000000000000000,4,,,,,0,,,,,,,{f57bd86a-bb60-6582-5203-000000000d00},3400,8268.0,,,,,,DLL,,,,,,,,,,,,,2023-12-20T10:12:51.7998221Z,C:\Program Files\WindowsApps\RVAppStudios.BubblePop_1.4.0.0_x86__f5kf90dqd2yjg\System.ServiceModel.Duplex.dll,,,,,,11,,4208,NT AUTHORITY\SYSTEM,S-1-5-18,12:51.8,2.0,"<Event xmlns=""http://schemas.microsoft.com/win/2004/08/events/event"">
  <System>
    <Provider Name=""Microsoft-Windows-Sysmon"" Guid=""{5770385f-c22a-43e0-bf4c-06f5698ffbd9}""/>
    <EventID>11</EventID>
    <Version>2</Version>
    <Level>4</Level>
    <Task>11</Task>
    <Opcode>0</Opcode>
    <Keywords>0x8000000000000000</Keywords>
    <TimeCreated SystemTime=""2023-12-20T10:12:51.7998221Z""/>
    <EventRecordID>5666</EventRecordID>
    <Correlation/>
    <Execution ProcessID=""3400"" ThreadID=""4208""/>
    <Channel>Microsoft-Windows-Sysmon/Operational</Channel>
    <Computer>WinDev2309Eval</Computer>
    <Security UserID=""S-1-5-18""/>
  </System>
  <EventData>
    <Data Name=""RuleName"">DLL</Data>
    <Data Name=""UtcTime"">2023-12-20 10:12:51.799</Data>
    <Data Name=""ProcessGuid"">{f57bd86a-bb60-6582-5203-000000000d00}</Data>
    <Data Name=""ProcessId"">8268</Data>
    <Data Name=""Image"">C:\Windows\system32\svchost.exe</Data>
    <Data Name=""TargetFilename"">C:\Program Files\WindowsApps\RVAppStudios.BubblePop_1.4.0.0_x86__f5kf90dqd2yjg\System.ServiceModel.Duplex.dll</Data>
    <Data Name=""CreationUtcTime"">2023-12-20 10:12:51.784</Data>
    <Data Name=""User"">NT AUTHORITY\SYSTEM</Data>
  </EventData>
</Event>
"
Microsoft-Windows-Sysmon/Operational,,,WinDev2309Eval,12:51.8,,,,,,,,,11,5665,,,,C:\Windows\system32\svchost.exe,,,0x8000000000000000,4,,,,,0,,,,,,,{f57bd86a-bb60-6582-5203-000000000d00},3400,8268.0,,,,,,DLL,,,,,,,,,,,,,2023-12-20T10:12:51.7994300Z,C:\Program Files\WindowsApps\RVAppStudios.BubblePop_1.4.0.0_x86__f5kf90dqd2yjg\System.ServiceModel.dll,,,,,,11,,4208,NT AUTHORITY\SYSTEM,S-1-5-18,12:51.8,2.0,"<Event xmlns=""http://schemas.microsoft.com/win/2004/08/events/event"">
  <System>
    <Provider Name=""Microsoft-Windows-Sysmon"" Guid=""{5770385f-c22a-43e0-bf4c-06f5698ffbd9}""/>
    <EventID>11</EventID>
    <Version>2</Version>
    <Level>4</Level>
    <Task>11</Task>
    <Opcode>0</Opcode>
    <Keywords>0x8000000000000000</Keywords>
    <TimeCreated SystemTime=""2023-12-20T10:12:51.7994300Z""/>
    <EventRecordID>5665</EventRecordID>
    <Correlation/>
    <Execution ProcessID=""3400"" ThreadID=""4208""/>
    <Channel>Microsoft-Windows-Sysmon/Operational</Channel>
    <Computer>WinDev2309Eval</Computer>
    <Security UserID=""S-1-5-18""/>
  </System>
  <EventData>
    <Data Name=""RuleName"">DLL</Data>
    <Data Name=""UtcTime"">2023-12-20 10:12:51.784</Data>
    <Data Name=""ProcessGuid"">{f57bd86a-bb60-6582-5203-000000000d00}</Data>
    <Data Name=""ProcessId"">8268</Data>
    <Data Name=""Image"">C:\Windows\system32\svchost.exe</Data>
    <Data Name=""TargetFilename"">C:\Program Files\WindowsApps\RVAppStudios.BubblePop_1.4.0.0_x86__f5kf90dqd2yjg\System.ServiceModel.dll</Data>
    <Data Name=""CreationUtcTime"">2023-12-20 10:12:51.784</Data>
    <Data Name=""User"">NT AUTHORITY\SYSTEM</Data>
  </EventData>
</Event>
"
Microsoft-Windows-Sysmon/Operational,,,WinDev2309Eval,12:51.8,,,,,,,,,11,5664,,,,C:\Windows\system32\svchost.exe,,,0x8000000000000000,4,,,,,0,,,,,,,{f57bd86a-bb60-6582-5203-000000000d00},3400,8268.0,,,,,,DLL,,,,,,,,,,,,,2023-12-20T10:12:51.7991566Z,C:\Program Files\WindowsApps\RVAppStudios.BubblePop_1.4.0.0_x86__f5kf90dqd2yjg\System.Security.Principal.dll,,,,,,11,,4208,NT AUTHORITY\SYSTEM,S-1-5-18,12:51.8,2.0,"<Event xmlns=""http://schemas.microsoft.com/win/2004/08/events/event"">
  <System>
    <Provider Name=""Microsoft-Windows-Sysmon"" Guid=""{5770385f-c22a-43e0-bf4c-06f5698ffbd9}""/>
    <EventID>11</EventID>
    <Version>2</Version>
    <Level>4</Level>
    <Task>11</Task>
    <Opcode>0</Opcode>
    <Keywords>0x8000000000000000</Keywords>
    <TimeCreated SystemTime=""2023-12-20T10:12:51.7991566Z""/>
    <EventRecordID>5664</EventRecordID>
    <Correlation/>
    <Execution ProcessID=""3400"" ThreadID=""4208""/>
    <Channel>Microsoft-Windows-Sysmon/Operational</Channel>
    <Computer>WinDev2309Eval</Computer>
    <Security UserID=""S-1-5-18""/>
  </System>
  <EventData>
    <Data Name=""RuleName"">DLL</Data>
    <Data Name=""UtcTime"">2023-12-20 10:12:51.784</Data>
    <Data Name=""ProcessGuid"">{f57bd86a-bb60-6582-5203-000000000d00}</Data>
    <Data Name=""ProcessId"">8268</Data>
    <Data Name=""Image"">C:\Windows\system32\svchost.exe</Data>
    <Data Name=""TargetFilename"">C:\Program Files\WindowsApps\RVAppStudios.BubblePop_1.4.0.0_x86__f5kf90dqd2yjg\System.Security.Principal.dll</Data>
    <Data Name=""CreationUtcTime"">2023-12-20 10:12:51.784</Data>
    <Data Name=""User"">NT AUTHORITY\SYSTEM</Data>
  </EventData>
</Event>
"
Microsoft-Windows-Sysmon/Operational,,,WinDev2309Eval,12:51.8,,,,,,,,,11,5663,,,,C:\Windows\system32\svchost.exe,,,0x8000000000000000,4,,,,,0,,,,,,,{f57bd86a-bb60-6582-5203-000000000d00},3400,8268.0,,,,,,DLL,,,,,,,,,,,,,2023-12-20T10:12:51.7988763Z,C:\Program Files\WindowsApps\RVAppStudios.BubblePop_1.4.0.0_x86__f5kf90dqd2yjg\System.Security.Cryptography.X509Certificates.dll,,,,,,11,,4208,NT AUTHORITY\SYSTEM,S-1-5-18,12:51.8,2.0,"<Event xmlns=""http://schemas.microsoft.com/win/2004/08/events/event"">
  <System>
    <Provider Name=""Microsoft-Windows-Sysmon"" Guid=""{5770385f-c22a-43e0-bf4c-06f5698ffbd9}""/>
    <EventID>11</EventID>
    <Version>2</Version>
    <Level>4</Level>
    <Task>11</Task>
    <Opcode>0</Opcode>
    <Keywords>0x8000000000000000</Keywords>
    <TimeCreated SystemTime=""2023-12-20T10:12:51.7988763Z""/>
    <EventRecordID>5663</EventRecordID>
    <Correlation/>
    <Execution ProcessID=""3400"" ThreadID=""4208""/>
    <Channel>Microsoft-Windows-Sysmon/Operational</Channel>
    <Computer>WinDev2309Eval</Computer>
    <Security UserID=""S-1-5-18""/>
  </System>
  <EventData>
    <Data Name=""RuleName"">DLL</Data>
    <Data Name=""UtcTime"">2023-12-20 10:12:51.784</Data>
    <Data Name=""ProcessGuid"">{f57bd86a-bb60-6582-5203-000000000d00}</Data>
    <Data Name=""ProcessId"">8268</Data>
    <Data Name=""Image"">C:\Windows\system32\svchost.exe</Data>
    <Data Name=""TargetFilename"">C:\Program Files\WindowsApps\RVAppStudios.BubblePop_1.4.0.0_x86__f5kf90dqd2yjg\System.Security.Cryptography.X509Certificates.dll</Data>
    <Data Name=""CreationUtcTime"">2023-12-20 10:12:51.784</Data>
    <Data Name=""User"">NT AUTHORITY\SYSTEM</Data>
  </EventData>
</Event>
"
Microsoft-Windows-Sysmon/Operational,,,WinDev2309Eval,12:51.8,,,,,,,,,11,5662,,,,C:\Windows\system32\svchost.exe,,,0x8000000000000000,4,,,,,0,,,,,,,{f57bd86a-bb60-6582-5203-000000000d00},3400,8268.0,,,,,,DLL,,,,,,,,,,,,,2023-12-20T10:12:51.7986119Z,C:\Program Files\WindowsApps\RVAppStudios.BubblePop_1.4.0.0_x86__f5kf90dqd2yjg\System.Security.Cryptography.Primitives.dll,,,,,,11,,4208,NT AUTHORITY\SYSTEM,S-1-5-18,12:51.8,2.0,"<Event xmlns=""http://schemas.microsoft.com/win/2004/08/events/event"">
  <System>
    <Provider Name=""Microsoft-Windows-Sysmon"" Guid=""{5770385f-c22a-43e0-bf4c-06f5698ffbd9}""/>
    <EventID>11</EventID>
    <Version>2</Version>
    <Level>4</Level>
    <Task>11</Task>
    <Opcode>0</Opcode>
    <Keywords>0x8000000000000000</Keywords>
    <TimeCreated SystemTime=""2023-12-20T10:12:51.7986119Z""/>
    <EventRecordID>5662</EventRecordID>
    <Correlation/>
    <Execution ProcessID=""3400"" ThreadID=""4208""/>
    <Channel>Microsoft-Windows-Sysmon/Operational</Channel>
    <Computer>WinDev2309Eval</Computer>
    <Security UserID=""S-1-5-18""/>
  </System>
  <EventData>
    <Data Name=""RuleName"">DLL</Data>
    <Data Name=""UtcTime"">2023-12-20 10:12:51.784</Data>
    <Data Name=""ProcessGuid"">{f57bd86a-bb60-6582-5203-000000000d00}</Data>
    <Data Name=""ProcessId"">8268</Data>
    <Data Name=""Image"">C:\Windows\system32\svchost.exe</Data>
    <Data Name=""TargetFilename"">C:\Program Files\WindowsApps\RVAppStudios.BubblePop_1.4.0.0_x86__f5kf90dqd2yjg\System.Security.Cryptography.Primitives.dll</Data>
    <Data Name=""CreationUtcTime"">2023-12-20 10:12:51.784</Data>
    <Data Name=""User"">NT AUTHORITY\SYSTEM</Data>
  </EventData>
</Event>
"
