Channel,CommandLine,Company,Computer,CurrentDirectory,Description,EventID,EventRecordID,FileVersion,Hashes,Image,IntegrityLevel,Keywords,Level,LogonGuid,LogonId,Opcode,OriginalFileName,ParentCommandLine,ParentImage,ParentProcessGuid,ParentProcessId,ParentUser,ProcessGuid,ProcessID,ProcessId,Product,RuleName,SystemTime,Task,TerminalSessionId,ThreadID,User,UserID,UtcTime,Version,raw
Microsoft-Windows-Sysmon/Operational,"""C:\Program Files (x86)\Microsoft\Edge\Application\msedge.exe"" --type=utility --utility-sub-type=data_decoder.mojom.DataDecoderService --lang=en-US --service-sandbox-type=service --mojo-platform-channel-handle=6420 --field-trial-handle=2304,i,1900658936507977673,6802071488772569175,262144 --variations-seed-version /prefetch:8",Microsoft Corporation,WinDev2309Eval,C:\Program Files (x86)\Microsoft\Edge\Application\120.0.2210.91\,Microsoft Edge,1,19556,120.0.2210.91,"MD5=F6E7A024CC79AC12294D0DA6072C5073,SHA256=628792B5B5A4D71B8D66B1A1C6B775B84E3A5E64C0C05B8D7138164FBAD5C21A,IMPHASH=EA4CA1F8E3B3D9373D39C13FD1348A63",C:\Program Files (x86)\Microsoft\Edge\Application\msedge.exe,Low,0x8000000000000000,4,{f57bd86a-36f9-658c-7bf8-020000000000},0x2f87b,0,msedge.exe,"""C:\Program Files (x86)\Microsoft\Edge\Application\msedge.exe"" --no-startup-window --win-session-start",C:\Program Files (x86)\Microsoft\Edge\Application\msedge.exe,{f57bd86a-3714-658c-a600-000000000f00},7316,WINDEV2309EVAL\User,{f57bd86a-4908-658c-b201-000000000f00},3588,1280,Microsoft Edge,-,2023-12-27T15:55:52.4497759Z,1,1,5124,WINDEV2309EVAL\User,S-1-5-18,2023-12-27 15:55:52.448,5,"<Event xmlns=""http://schemas.microsoft.com/win/2004/08/events/event"">
    
        
    <System>
      
            
      <Provider Name=""Microsoft-Windows-Sysmon"" Guid=""{5770385f-c22a-43e0-bf4c-06f5698ffbd9}""/>
      
            
      <EventID>1</EventID>
      
            
      <Version>5</Version>
      
            
      <Level>4</Level>
      
            
      <Task>1</Task>
      
            
      <Opcode>0</Opcode>
      
            
      <Keywords>0x8000000000000000</Keywords>
      
            
      <TimeCreated SystemTime=""2023-12-27T15:55:52.4497759Z""/>
      
            
      <EventRecordID>19556</EventRecordID>
      
            
      <Correlation/>
      
            
      <Execution ProcessID=""3588"" ThreadID=""5124""/>
      
            
      <Channel>Microsoft-Windows-Sysmon/Operational</Channel>
      
            
      <Computer>WinDev2309Eval</Computer>
      
            
      <Security UserID=""S-1-5-18""/>
      
        
    </System>
    
        
    <EventData>
      
            
      <Data Name=""RuleName"">-</Data>
      
            
      <Data Name=""UtcTime"">2023-12-27 15:55:52.448</Data>
      
            
      <Data Name=""ProcessGuid"">{f57bd86a-4908-658c-b201-000000000f00}</Data>
      
            
      <Data Name=""ProcessId"">1280</Data>
      
            
      <Data Name=""Image"">C:\Program Files (x86)\Microsoft\Edge\Application\msedge.exe</Data>
      
            
      <Data Name=""FileVersion"">120.0.2210.91</Data>
      
            
      <Data Name=""Description"">Microsoft Edge</Data>
      
            
      <Data Name=""Product"">Microsoft Edge</Data>
      
            
      <Data Name=""Company"">Microsoft Corporation</Data>
      
            
      <Data Name=""OriginalFileName"">msedge.exe</Data>
      
            
      <Data Name=""CommandLine"">""C:\Program Files (x86)\Microsoft\Edge\Application\msedge.exe"" --type=utility --utility-sub-type=data_decoder.mojom.DataDecoderService --lang=en-US --service-sandbox-type=service --mojo-platform-channel-handle=6420 --field-trial-handle=2304,i,1900658936507977673,6802071488772569175,262144 --variations-seed-version /prefetch:8</Data>
      
            
      <Data Name=""CurrentDirectory"">C:\Program Files (x86)\Microsoft\Edge\Application\120.0.2210.91\</Data>
      
            
      <Data Name=""User"">WINDEV2309EVAL\User</Data>
      
            
      <Data Name=""LogonGuid"">{f57bd86a-36f9-658c-7bf8-020000000000}</Data>
      
            
      <Data Name=""LogonId"">0x2f87b</Data>
      
            
      <Data Name=""TerminalSessionId"">1</Data>
      
            
      <Data Name=""IntegrityLevel"">Low</Data>
      
            
      <Data Name=""Hashes"">MD5=F6E7A024CC79AC12294D0DA6072C5073,SHA256=628792B5B5A4D71B8D66B1A1C6B775B84E3A5E64C0C05B8D7138164FBAD5C21A,IMPHASH=EA4CA1F8E3B3D9373D39C13FD1348A63</Data>
      
            
      <Data Name=""ParentProcessGuid"">{f57bd86a-3714-658c-a600-000000000f00}</Data>
      
            
      <Data Name=""ParentProcessId"">7316</Data>
      
            
      <Data Name=""ParentImage"">C:\Program Files (x86)\Microsoft\Edge\Application\msedge.exe</Data>
      
            
      <Data Name=""ParentCommandLine"">""C:\Program Files (x86)\Microsoft\Edge\Application\msedge.exe"" --no-startup-window --win-session-start</Data>
      
            
      <Data Name=""ParentUser"">WINDEV2309EVAL\User</Data>
      
        
    </EventData>
    
    
  </Event>
  
    
  
"
Microsoft-Windows-Sysmon/Operational,"""C:\Program Files (x86)\Microsoft\Edge\Application\msedge.exe"" --type=utility --utility-sub-type=data_decoder.mojom.DataDecoderService --lang=en-US --service-sandbox-type=service --mojo-platform-channel-handle=8416 --field-trial-handle=2304,i,1900658936507977673,6802071488772569175,262144 --variations-seed-version /prefetch:8",Microsoft Corporation,WinDev2309Eval,C:\Program Files (x86)\Microsoft\Edge\Application\120.0.2210.91\,Microsoft Edge,1,19555,120.0.2210.91,"MD5=F6E7A024CC79AC12294D0DA6072C5073,SHA256=628792B5B5A4D71B8D66B1A1C6B775B84E3A5E64C0C05B8D7138164FBAD5C21A,IMPHASH=EA4CA1F8E3B3D9373D39C13FD1348A63",C:\Program Files (x86)\Microsoft\Edge\Application\msedge.exe,Low,0x8000000000000000,4,{f57bd86a-36f9-658c-7bf8-020000000000},0x2f87b,0,msedge.exe,"""C:\Program Files (x86)\Microsoft\Edge\Application\msedge.exe"" --no-startup-window --win-session-start",C:\Program Files (x86)\Microsoft\Edge\Application\msedge.exe,{f57bd86a-3714-658c-a600-000000000f00},7316,WINDEV2309EVAL\User,{f57bd86a-4908-658c-b101-000000000f00},3588,10436,Microsoft Edge,-,2023-12-27T15:55:52.2790127Z,1,1,5124,WINDEV2309EVAL\User,S-1-5-18,2023-12-27 15:55:52.277,5,"<Event xmlns=""http://schemas.microsoft.com/win/2004/08/events/event"">
    
        
    <System>
      
            
      <Provider Name=""Microsoft-Windows-Sysmon"" Guid=""{5770385f-c22a-43e0-bf4c-06f5698ffbd9}""/>
      
            
      <EventID>1</EventID>
      
            
      <Version>5</Version>
      
            
      <Level>4</Level>
      
            
      <Task>1</Task>
      
            
      <Opcode>0</Opcode>
      
            
      <Keywords>0x8000000000000000</Keywords>
      
            
      <TimeCreated SystemTime=""2023-12-27T15:55:52.2790127Z""/>
      
            
      <EventRecordID>19555</EventRecordID>
      
            
      <Correlation/>
      
            
      <Execution ProcessID=""3588"" ThreadID=""5124""/>
      
            
      <Channel>Microsoft-Windows-Sysmon/Operational</Channel>
      
            
      <Computer>WinDev2309Eval</Computer>
      
            
      <Security UserID=""S-1-5-18""/>
      
        
    </System>
    
        
    <EventData>
      
            
      <Data Name=""RuleName"">-</Data>
      
            
      <Data Name=""UtcTime"">2023-12-27 15:55:52.277</Data>
      
            
      <Data Name=""ProcessGuid"">{f57bd86a-4908-658c-b101-000000000f00}</Data>
      
            
      <Data Name=""ProcessId"">10436</Data>
      
            
      <Data Name=""Image"">C:\Program Files (x86)\Microsoft\Edge\Application\msedge.exe</Data>
      
            
      <Data Name=""FileVersion"">120.0.2210.91</Data>
      
            
      <Data Name=""Description"">Microsoft Edge</Data>
      
            
      <Data Name=""Product"">Microsoft Edge</Data>
      
            
      <Data Name=""Company"">Microsoft Corporation</Data>
      
            
      <Data Name=""OriginalFileName"">msedge.exe</Data>
      
            
      <Data Name=""CommandLine"">""C:\Program Files (x86)\Microsoft\Edge\Application\msedge.exe"" --type=utility --utility-sub-type=data_decoder.mojom.DataDecoderService --lang=en-US --service-sandbox-type=service --mojo-platform-channel-handle=8416 --field-trial-handle=2304,i,1900658936507977673,6802071488772569175,262144 --variations-seed-version /prefetch:8</Data>
      
            
      <Data Name=""CurrentDirectory"">C:\Program Files (x86)\Microsoft\Edge\Application\120.0.2210.91\</Data>
      
            
      <Data Name=""User"">WINDEV2309EVAL\User</Data>
      
            
      <Data Name=""LogonGuid"">{f57bd86a-36f9-658c-7bf8-020000000000}</Data>
      
            
      <Data Name=""LogonId"">0x2f87b</Data>
      
            
      <Data Name=""TerminalSessionId"">1</Data>
      
            
      <Data Name=""IntegrityLevel"">Low</Data>
      
            
      <Data Name=""Hashes"">MD5=F6E7A024CC79AC12294D0DA6072C5073,SHA256=628792B5B5A4D71B8D66B1A1C6B775B84E3A5E64C0C05B8D7138164FBAD5C21A,IMPHASH=EA4CA1F8E3B3D9373D39C13FD1348A63</Data>
      
            
      <Data Name=""ParentProcessGuid"">{f57bd86a-3714-658c-a600-000000000f00}</Data>
      
            
      <Data Name=""ParentProcessId"">7316</Data>
      
            
      <Data Name=""ParentImage"">C:\Program Files (x86)\Microsoft\Edge\Application\msedge.exe</Data>
      
            
      <Data Name=""ParentCommandLine"">""C:\Program Files (x86)\Microsoft\Edge\Application\msedge.exe"" --no-startup-window --win-session-start</Data>
      
            
      <Data Name=""ParentUser"">WINDEV2309EVAL\User</Data>
      
        
    </EventData>
    
    
  </Event>
  
    
  
"
Microsoft-Windows-Sysmon/Operational,"""cmd.exe"" /c ""C:\AtomicRedTeam\atomics\..\ExternalPayloads\T1003.004\bin\PsExec.exe"" -accepteula -s reg save HKLM\security\policy\secrets %%temp%%\secrets /y",Microsoft Corporation,WinDev2309Eval,C:\Users\User\AppData\Local\Temp\,Windows Command Processor,1,19554,10.0.22621.2506 (WinBuild.160101.0800),"MD5=133D568ECCB557E37BEA1459521CBAC2,SHA256=05A30592D2C3421C41121145C6EEFA7C81FEA6B42D6233A522240A8468326B9C,IMPHASH=D73E39DAB3C8B57AA408073D01254964",C:\Windows\System32\cmd.exe,Medium,0x8000000000000000,4,{f57bd86a-36f9-658c-7bf8-020000000000},0x2f87b,0,Cmd.Exe,-,-,{00000000-0000-0000-0000-000000000000},1688,-,{f57bd86a-4903-658c-af01-000000000f00},3588,10832,Microsoft® Windows® Operating System,-,2023-12-27T15:55:47.0853495Z,1,1,5124,WINDEV2309EVAL\User,S-1-5-18,2023-12-27 15:55:47.084,5,"<Event xmlns=""http://schemas.microsoft.com/win/2004/08/events/event"">
    
        
    <System>
      
            
      <Provider Name=""Microsoft-Windows-Sysmon"" Guid=""{5770385f-c22a-43e0-bf4c-06f5698ffbd9}""/>
      
            
      <EventID>1</EventID>
      
            
      <Version>5</Version>
      
            
      <Level>4</Level>
      
            
      <Task>1</Task>
      
            
      <Opcode>0</Opcode>
      
            
      <Keywords>0x8000000000000000</Keywords>
      
            
      <TimeCreated SystemTime=""2023-12-27T15:55:47.0853495Z""/>
      
            
      <EventRecordID>19554</EventRecordID>
      
            
      <Correlation/>
      
            
      <Execution ProcessID=""3588"" ThreadID=""5124""/>
      
            
      <Channel>Microsoft-Windows-Sysmon/Operational</Channel>
      
            
      <Computer>WinDev2309Eval</Computer>
      
            
      <Security UserID=""S-1-5-18""/>
      
        
    </System>
    
        
    <EventData>
      
            
      <Data Name=""RuleName"">-</Data>
      
            
      <Data Name=""UtcTime"">2023-12-27 15:55:47.084</Data>
      
            
      <Data Name=""ProcessGuid"">{f57bd86a-4903-658c-af01-000000000f00}</Data>
      
            
      <Data Name=""ProcessId"">10832</Data>
      
            
      <Data Name=""Image"">C:\Windows\System32\cmd.exe</Data>
      
            
      <Data Name=""FileVersion"">10.0.22621.2506 (WinBuild.160101.0800)</Data>
      
            
      <Data Name=""Description"">Windows Command Processor</Data>
      
            
      <Data Name=""Product"">Microsoft&#174; Windows&#174; Operating System</Data>
      
            
      <Data Name=""Company"">Microsoft Corporation</Data>
      
            
      <Data Name=""OriginalFileName"">Cmd.Exe</Data>
      
            
      <Data Name=""CommandLine"">""cmd.exe"" /c ""C:\AtomicRedTeam\atomics\..\ExternalPayloads\T1003.004\bin\PsExec.exe"" -accepteula -s reg save HKLM\security\policy\secrets %%temp%%\secrets /y</Data>
      
            
      <Data Name=""CurrentDirectory"">C:\Users\User\AppData\Local\Temp\</Data>
      
            
      <Data Name=""User"">WINDEV2309EVAL\User</Data>
      
            
      <Data Name=""LogonGuid"">{f57bd86a-36f9-658c-7bf8-020000000000}</Data>
      
            
      <Data Name=""LogonId"">0x2f87b</Data>
      
            
      <Data Name=""TerminalSessionId"">1</Data>
      
            
      <Data Name=""IntegrityLevel"">Medium</Data>
      
            
      <Data Name=""Hashes"">MD5=133D568ECCB557E37BEA1459521CBAC2,SHA256=05A30592D2C3421C41121145C6EEFA7C81FEA6B42D6233A522240A8468326B9C,IMPHASH=D73E39DAB3C8B57AA408073D01254964</Data>
      
            
      <Data Name=""ParentProcessGuid"">{00000000-0000-0000-0000-000000000000}</Data>
      
            
      <Data Name=""ParentProcessId"">1688</Data>
      
            
      <Data Name=""ParentImage"">-</Data>
      
            
      <Data Name=""ParentCommandLine"">-</Data>
      
            
      <Data Name=""ParentUser"">-</Data>
      
        
    </EventData>
    
    
  </Event>
  
    
  
"
Microsoft-Windows-Sysmon/Operational,"""C:\Windows\system32\whoami.exe""",Microsoft Corporation,WinDev2309Eval,C:\Users\User\,whoami - displays logged on user information,1,19553,10.0.22621.1 (WinBuild.160101.0800),"MD5=E0F37DB23E4F3163159A815610DF8CF2,SHA256=574BC2A2995FE2B1F732CCD39F2D99460ACE980AF29EFDF1EB0D3E888BE7D6F0,IMPHASH=62935820E434AF643547B7F5F5BD0292",C:\Windows\System32\whoami.exe,Medium,0x8000000000000000,4,{f57bd86a-36f9-658c-7bf8-020000000000},0x2f87b,0,whoami.exe,-,-,{00000000-0000-0000-0000-000000000000},1688,-,{f57bd86a-4902-658c-ae01-000000000f00},3588,10508,Microsoft® Windows® Operating System,-,2023-12-27T15:55:46.9394663Z,1,1,5124,WINDEV2309EVAL\User,S-1-5-18,2023-12-27 15:55:46.938,5,"<Event xmlns=""http://schemas.microsoft.com/win/2004/08/events/event"">
    
        
    <System>
      
            
      <Provider Name=""Microsoft-Windows-Sysmon"" Guid=""{5770385f-c22a-43e0-bf4c-06f5698ffbd9}""/>
      
            
      <EventID>1</EventID>
      
            
      <Version>5</Version>
      
            
      <Level>4</Level>
      
            
      <Task>1</Task>
      
            
      <Opcode>0</Opcode>
      
            
      <Keywords>0x8000000000000000</Keywords>
      
            
      <TimeCreated SystemTime=""2023-12-27T15:55:46.9394663Z""/>
      
            
      <EventRecordID>19553</EventRecordID>
      
            
      <Correlation/>
      
            
      <Execution ProcessID=""3588"" ThreadID=""5124""/>
      
            
      <Channel>Microsoft-Windows-Sysmon/Operational</Channel>
      
            
      <Computer>WinDev2309Eval</Computer>
      
            
      <Security UserID=""S-1-5-18""/>
      
        
    </System>
    
        
    <EventData>
      
            
      <Data Name=""RuleName"">-</Data>
      
            
      <Data Name=""UtcTime"">2023-12-27 15:55:46.938</Data>
      
            
      <Data Name=""ProcessGuid"">{f57bd86a-4902-658c-ae01-000000000f00}</Data>
      
            
      <Data Name=""ProcessId"">10508</Data>
      
            
      <Data Name=""Image"">C:\Windows\System32\whoami.exe</Data>
      
            
      <Data Name=""FileVersion"">10.0.22621.1 (WinBuild.160101.0800)</Data>
      
            
      <Data Name=""Description"">whoami - displays logged on user information</Data>
      
            
      <Data Name=""Product"">Microsoft&#174; Windows&#174; Operating System</Data>
      
            
      <Data Name=""Company"">Microsoft Corporation</Data>
      
            
      <Data Name=""OriginalFileName"">whoami.exe</Data>
      
            
      <Data Name=""CommandLine"">""C:\Windows\system32\whoami.exe""</Data>
      
            
      <Data Name=""CurrentDirectory"">C:\Users\User\</Data>
      
            
      <Data Name=""User"">WINDEV2309EVAL\User</Data>
      
            
      <Data Name=""LogonGuid"">{f57bd86a-36f9-658c-7bf8-020000000000}</Data>
      
            
      <Data Name=""LogonId"">0x2f87b</Data>
      
            
      <Data Name=""TerminalSessionId"">1</Data>
      
            
      <Data Name=""IntegrityLevel"">Medium</Data>
      
            
      <Data Name=""Hashes"">MD5=E0F37DB23E4F3163159A815610DF8CF2,SHA256=574BC2A2995FE2B1F732CCD39F2D99460ACE980AF29EFDF1EB0D3E888BE7D6F0,IMPHASH=62935820E434AF643547B7F5F5BD0292</Data>
      
            
      <Data Name=""ParentProcessGuid"">{00000000-0000-0000-0000-000000000000}</Data>
      
            
      <Data Name=""ParentProcessId"">1688</Data>
      
            
      <Data Name=""ParentImage"">-</Data>
      
            
      <Data Name=""ParentCommandLine"">-</Data>
      
            
      <Data Name=""ParentUser"">-</Data>
      
        
    </EventData>
    
    
  </Event>
  
    
  
"
Microsoft-Windows-Sysmon/Operational,"""C:\Windows\system32\HOSTNAME.EXE""",Microsoft Corporation,WinDev2309Eval,C:\Users\User\,Hostname APP,1,19552,10.0.22621.2506 (WinBuild.160101.0800),"MD5=E1EA6EFF1F45AA136A2A2E18EACC1F73,SHA256=4634E6685E402CC3CC8843589F4E8D8AC515F5F05D319E835A262B69B32BDB45,IMPHASH=23013EDF627646AB5226D15AC880BAD8",C:\Windows\System32\HOSTNAME.EXE,Medium,0x8000000000000000,4,{f57bd86a-36f9-658c-7bf8-020000000000},0x2f87b,0,hostname.exe,-,-,{00000000-0000-0000-0000-000000000000},1688,-,{f57bd86a-4902-658c-ad01-000000000f00},3588,2720,Microsoft® Windows® Operating System,-,2023-12-27T15:55:46.9211539Z,1,1,5124,WINDEV2309EVAL\User,S-1-5-18,2023-12-27 15:55:46.920,5,"<Event xmlns=""http://schemas.microsoft.com/win/2004/08/events/event"">
    
        
    <System>
      
            
      <Provider Name=""Microsoft-Windows-Sysmon"" Guid=""{5770385f-c22a-43e0-bf4c-06f5698ffbd9}""/>
      
            
      <EventID>1</EventID>
      
            
      <Version>5</Version>
      
            
      <Level>4</Level>
      
            
      <Task>1</Task>
      
            
      <Opcode>0</Opcode>
      
            
      <Keywords>0x8000000000000000</Keywords>
      
            
      <TimeCreated SystemTime=""2023-12-27T15:55:46.9211539Z""/>
      
            
      <EventRecordID>19552</EventRecordID>
      
            
      <Correlation/>
      
            
      <Execution ProcessID=""3588"" ThreadID=""5124""/>
      
            
      <Channel>Microsoft-Windows-Sysmon/Operational</Channel>
      
            
      <Computer>WinDev2309Eval</Computer>
      
            
      <Security UserID=""S-1-5-18""/>
      
        
    </System>
    
        
    <EventData>
      
            
      <Data Name=""RuleName"">-</Data>
      
            
      <Data Name=""UtcTime"">2023-12-27 15:55:46.920</Data>
      
            
      <Data Name=""ProcessGuid"">{f57bd86a-4902-658c-ad01-000000000f00}</Data>
      
            
      <Data Name=""ProcessId"">2720</Data>
      
            
      <Data Name=""Image"">C:\Windows\System32\HOSTNAME.EXE</Data>
      
            
      <Data Name=""FileVersion"">10.0.22621.2506 (WinBuild.160101.0800)</Data>
      
            
      <Data Name=""Description"">Hostname APP</Data>
      
            
      <Data Name=""Product"">Microsoft&#174; Windows&#174; Operating System</Data>
      
            
      <Data Name=""Company"">Microsoft Corporation</Data>
      
            
      <Data Name=""OriginalFileName"">hostname.exe</Data>
      
            
      <Data Name=""CommandLine"">""C:\Windows\system32\HOSTNAME.EXE""</Data>
      
            
      <Data Name=""CurrentDirectory"">C:\Users\User\</Data>
      
            
      <Data Name=""User"">WINDEV2309EVAL\User</Data>
      
            
      <Data Name=""LogonGuid"">{f57bd86a-36f9-658c-7bf8-020000000000}</Data>
      
            
      <Data Name=""LogonId"">0x2f87b</Data>
      
            
      <Data Name=""TerminalSessionId"">1</Data>
      
            
      <Data Name=""IntegrityLevel"">Medium</Data>
      
            
      <Data Name=""Hashes"">MD5=E1EA6EFF1F45AA136A2A2E18EACC1F73,SHA256=4634E6685E402CC3CC8843589F4E8D8AC515F5F05D319E835A262B69B32BDB45,IMPHASH=23013EDF627646AB5226D15AC880BAD8</Data>
      
            
      <Data Name=""ParentProcessGuid"">{00000000-0000-0000-0000-000000000000}</Data>
      
            
      <Data Name=""ParentProcessId"">1688</Data>
      
            
      <Data Name=""ParentImage"">-</Data>
      
            
      <Data Name=""ParentCommandLine"">-</Data>
      
            
      <Data Name=""ParentUser"">-</Data>
      
        
    </EventData>
    
    
  </Event>
  
    
  
"
Microsoft-Windows-Sysmon/Operational,taskhostw.exe,Microsoft Corporation,WinDev2309Eval,C:\Windows\system32\,Host Process for Windows Tasks,1,19551,10.0.22621.2792 (WinBuild.160101.0800),"MD5=AAA6BA42398B2D70F12F00A110701041,SHA256=58CC5757BB129557652797EA92AEE701DE5C574B22FDCD5DCDDF141CAEEA3C02,IMPHASH=1C4E2D9936E4D9F2490B08AAB4D24260",C:\Windows\System32\taskhostw.exe,System,0x8000000000000000,4,{f57bd86a-36f5-658c-e703-000000000000},0x3e7,0,taskhostw.exe,C:\Windows\system32\svchost.exe -k netsvcs -p -s Schedule,C:\Windows\System32\svchost.exe,{f57bd86a-36f6-658c-1d00-000000000f00},1496,NT AUTHORITY\SYSTEM,{f57bd86a-48fe-658c-ab01-000000000f00},3588,5976,Microsoft® Windows® Operating System,-,2023-12-27T15:55:42.4606430Z,1,0,5124,NT AUTHORITY\SYSTEM,S-1-5-18,2023-12-27 15:55:42.456,5,"<Event xmlns=""http://schemas.microsoft.com/win/2004/08/events/event"">
    
        
    <System>
      
            
      <Provider Name=""Microsoft-Windows-Sysmon"" Guid=""{5770385f-c22a-43e0-bf4c-06f5698ffbd9}""/>
      
            
      <EventID>1</EventID>
      
            
      <Version>5</Version>
      
            
      <Level>4</Level>
      
            
      <Task>1</Task>
      
            
      <Opcode>0</Opcode>
      
            
      <Keywords>0x8000000000000000</Keywords>
      
            
      <TimeCreated SystemTime=""2023-12-27T15:55:42.4606430Z""/>
      
            
      <EventRecordID>19551</EventRecordID>
      
            
      <Correlation/>
      
            
      <Execution ProcessID=""3588"" ThreadID=""5124""/>
      
            
      <Channel>Microsoft-Windows-Sysmon/Operational</Channel>
      
            
      <Computer>WinDev2309Eval</Computer>
      
            
      <Security UserID=""S-1-5-18""/>
      
        
    </System>
    
        
    <EventData>
      
            
      <Data Name=""RuleName"">-</Data>
      
            
      <Data Name=""UtcTime"">2023-12-27 15:55:42.456</Data>
      
            
      <Data Name=""ProcessGuid"">{f57bd86a-48fe-658c-ab01-000000000f00}</Data>
      
            
      <Data Name=""ProcessId"">5976</Data>
      
            
      <Data Name=""Image"">C:\Windows\System32\taskhostw.exe</Data>
      
            
      <Data Name=""FileVersion"">10.0.22621.2792 (WinBuild.160101.0800)</Data>
      
            
      <Data Name=""Description"">Host Process for Windows Tasks</Data>
      
            
      <Data Name=""Product"">Microsoft&#174; Windows&#174; Operating System</Data>
      
            
      <Data Name=""Company"">Microsoft Corporation</Data>
      
            
      <Data Name=""OriginalFileName"">taskhostw.exe</Data>
      
            
      <Data Name=""CommandLine"">taskhostw.exe</Data>
      
            
      <Data Name=""CurrentDirectory"">C:\Windows\system32\</Data>
      
            
      <Data Name=""User"">NT AUTHORITY\SYSTEM</Data>
      
            
      <Data Name=""LogonGuid"">{f57bd86a-36f5-658c-e703-000000000000}</Data>
      
            
      <Data Name=""LogonId"">0x3e7</Data>
      
            
      <Data Name=""TerminalSessionId"">0</Data>
      
            
      <Data Name=""IntegrityLevel"">System</Data>
      
            
      <Data Name=""Hashes"">MD5=AAA6BA42398B2D70F12F00A110701041,SHA256=58CC5757BB129557652797EA92AEE701DE5C574B22FDCD5DCDDF141CAEEA3C02,IMPHASH=1C4E2D9936E4D9F2490B08AAB4D24260</Data>
      
            
      <Data Name=""ParentProcessGuid"">{f57bd86a-36f6-658c-1d00-000000000f00}</Data>
      
            
      <Data Name=""ParentProcessId"">1496</Data>
      
            
      <Data Name=""ParentImage"">C:\Windows\System32\svchost.exe</Data>
      
            
      <Data Name=""ParentCommandLine"">C:\Windows\system32\svchost.exe -k netsvcs -p -s Schedule</Data>
      
            
      <Data Name=""ParentUser"">NT AUTHORITY\SYSTEM</Data>
      
        
    </EventData>
    
    
  </Event>
  


"
