Microsoft-Windows-Sysmon/Operational,"""C:\Windows\system32\HOSTNAME.EXE""",Microsoft Corporation,WinDev2309Eval,,C:\Users\User\,Hostname APP,,,,,,1,19540,10.0.22621.2506 (WinBuild.160101.0800),"MD5=E1EA6EFF1F45AA136A2A2E18EACC1F73,SHA256=4634E6685E402CC3CC8843589F4E8D8AC515F5F05D319E835A262B69B32BDB45,IMPHASH=23013EDF627646AB5226D15AC880BAD8",C:\Windows\System32\HOSTNAME.EXE,,Medium,0x8000000000000000,4,{f57bd86a-36f9-658c-7bf8-020000000000},0x2f87b,0,hostname.exe,-,-,{00000000-0000-0000-0000-000000000000},1688,-,{f57bd86a-4684-658c-9b01-000000000f00},3588,1528,Microsoft® Windows® Operating System,,,,,-,,,,,,2023-12-27T15:45:08.1453595Z,,1,1,5124,WINDEV2309EVAL\User,S-1-5-18,2023-12-27 15:45:08.144,5,"<Event xmlns=""http://schemas.microsoft.com/win/2004/08/events/event"">
    
        
    <System>
      
            
      <Provider Name=""Microsoft-Windows-Sysmon"" Guid=""{5770385f-c22a-43e0-bf4c-06f5698ffbd9}""/>
      
            
      <EventID>1</EventID>
      
            
      <Version>5</Version>
      
            
      <Level>4</Level>
      
            
      <Task>1</Task>
      
            
      <Opcode>0</Opcode>
      
            
      <Keywords>0x8000000000000000</Keywords>
      
            
      <TimeCreated SystemTime=""2023-12-27T15:45:08.1453595Z""/>
      
            
      <EventRecordID>19540</EventRecordID>
      
            
      <Correlation/>
      
            
      <Execution ProcessID=""3588"" ThreadID=""5124""/>
      
            
      <Channel>Microsoft-Windows-Sysmon/Operational</Channel>
      
            
      <Computer>WinDev2309Eval</Computer>
      
            
      <Security UserID=""S-1-5-18""/>
      
        
    </System>
    
        
    <EventData>
      
            
      <Data Name=""RuleName"">-</Data>
      
            
      <Data Name=""UtcTime"">2023-12-27 15:45:08.144</Data>
      
            
      <Data Name=""ProcessGuid"">{f57bd86a-4684-658c-9b01-000000000f00}</Data>
      
            
      <Data Name=""ProcessId"">1528</Data>
      
            
      <Data Name=""Image"">C:\Windows\System32\HOSTNAME.EXE</Data>
      
            
      <Data Name=""FileVersion"">10.0.22621.2506 (WinBuild.160101.0800)</Data>
      
            
      <Data Name=""Description"">Hostname APP</Data>
      
            
      <Data Name=""Product"">Microsoft&#174; Windows&#174; Operating System</Data>
      
            
      <Data Name=""Company"">Microsoft Corporation</Data>
      
            
      <Data Name=""OriginalFileName"">hostname.exe</Data>
      
            
      <Data Name=""CommandLine"">""C:\Windows\system32\HOSTNAME.EXE""</Data>
      
            
      <Data Name=""CurrentDirectory"">C:\Users\User\</Data>
      
            
      <Data Name=""User"">WINDEV2309EVAL\User</Data>
      
            
      <Data Name=""LogonGuid"">{f57bd86a-36f9-658c-7bf8-020000000000}</Data>
      
            
      <Data Name=""LogonId"">0x2f87b</Data>
      
            
      <Data Name=""TerminalSessionId"">1</Data>
      
            
      <Data Name=""IntegrityLevel"">Medium</Data>
      
            
      <Data Name=""Hashes"">MD5=E1EA6EFF1F45AA136A2A2E18EACC1F73,SHA256=4634E6685E402CC3CC8843589F4E8D8AC515F5F05D319E835A262B69B32BDB45,IMPHASH=23013EDF627646AB5226D15AC880BAD8</Data>
      
            
      <Data Name=""ParentProcessGuid"">{00000000-0000-0000-0000-000000000000}</Data>
      
            
      <Data Name=""ParentProcessId"">1688</Data>
      
            
      <Data Name=""ParentImage"">-</Data>
      
            
      <Data Name=""ParentCommandLine"">-</Data>
      
            
      <Data Name=""ParentUser"">-</Data>
      
        
    </EventData>
    
    
  </Event>
  
    
  
"
Microsoft-Windows-Sysmon/Operational,"""C:\Program Files (x86)\Microsoft\Edge\Application\msedge.exe"" --type=utility --utility-sub-type=asset_store.mojom.AssetStoreService --lang=en-US --service-sandbox-type=asset_store_service --mojo-platform-channel-handle=7836 --field-trial-handle=2304,i,1900658936507977673,6802071488772569175,262144 --variations-seed-version /prefetch:8",Microsoft Corporation,WinDev2309Eval,,C:\Program Files (x86)\Microsoft\Edge\Application\120.0.2210.91\,Microsoft Edge,,,,,,1,19539,120.0.2210.91,"MD5=F6E7A024CC79AC12294D0DA6072C5073,SHA256=628792B5B5A4D71B8D66B1A1C6B775B84E3A5E64C0C05B8D7138164FBAD5C21A,IMPHASH=EA4CA1F8E3B3D9373D39C13FD1348A63",C:\Program Files (x86)\Microsoft\Edge\Application\msedge.exe,,Low,0x8000000000000000,4,{f57bd86a-36f9-658c-7bf8-020000000000},0x2f87b,0,msedge.exe,"""C:\Program Files (x86)\Microsoft\Edge\Application\msedge.exe"" --no-startup-window --win-session-start",C:\Program Files (x86)\Microsoft\Edge\Application\msedge.exe,{f57bd86a-3714-658c-a600-000000000f00},7316,WINDEV2309EVAL\User,{f57bd86a-4680-658c-9a01-000000000f00},3588,9184,Microsoft Edge,,,,,-,,,,,,2023-12-27T15:45:04.6297490Z,,1,1,5124,WINDEV2309EVAL\User,S-1-5-18,2023-12-27 15:45:04.626,5,"<Event xmlns=""http://schemas.microsoft.com/win/2004/08/events/event"">
    
        
    <System>
      
            
      <Provider Name=""Microsoft-Windows-Sysmon"" Guid=""{5770385f-c22a-43e0-bf4c-06f5698ffbd9}""/>
      
            
      <EventID>1</EventID>
      
            
      <Version>5</Version>
      
            
      <Level>4</Level>
      
            
      <Task>1</Task>
      
            
      <Opcode>0</Opcode>
      
            
      <Keywords>0x8000000000000000</Keywords>
      
            
      <TimeCreated SystemTime=""2023-12-27T15:45:04.6297490Z""/>
      
            
      <EventRecordID>19539</EventRecordID>
      
            
      <Correlation/>
      
            
      <Execution ProcessID=""3588"" ThreadID=""5124""/>
      
            
      <Channel>Microsoft-Windows-Sysmon/Operational</Channel>
      
            
      <Computer>WinDev2309Eval</Computer>
      
            
      <Security UserID=""S-1-5-18""/>
      
        
    </System>
    
        
    <EventData>
      
            
      <Data Name=""RuleName"">-</Data>
      
            
      <Data Name=""UtcTime"">2023-12-27 15:45:04.626</Data>
      
            
      <Data Name=""ProcessGuid"">{f57bd86a-4680-658c-9a01-000000000f00}</Data>
      
            
      <Data Name=""ProcessId"">9184</Data>
      
            
      <Data Name=""Image"">C:\Program Files (x86)\Microsoft\Edge\Application\msedge.exe</Data>
      
            
      <Data Name=""FileVersion"">120.0.2210.91</Data>
      
            
      <Data Name=""Description"">Microsoft Edge</Data>
      
            
      <Data Name=""Product"">Microsoft Edge</Data>
      
            
      <Data Name=""Company"">Microsoft Corporation</Data>
      
            
      <Data Name=""OriginalFileName"">msedge.exe</Data>
      
            
      <Data Name=""CommandLine"">""C:\Program Files (x86)\Microsoft\Edge\Application\msedge.exe"" --type=utility --utility-sub-type=asset_store.mojom.AssetStoreService --lang=en-US --service-sandbox-type=asset_store_service --mojo-platform-channel-handle=7836 --field-trial-handle=2304,i,1900658936507977673,6802071488772569175,262144 --variations-seed-version /prefetch:8</Data>
      
            
      <Data Name=""CurrentDirectory"">C:\Program Files (x86)\Microsoft\Edge\Application\120.0.2210.91\</Data>
      
            
      <Data Name=""User"">WINDEV2309EVAL\User</Data>
      
            
      <Data Name=""LogonGuid"">{f57bd86a-36f9-658c-7bf8-020000000000}</Data>
      
            
      <Data Name=""LogonId"">0x2f87b</Data>
      
            
      <Data Name=""TerminalSessionId"">1</Data>
      
            
      <Data Name=""IntegrityLevel"">Low</Data>
      
            
      <Data Name=""Hashes"">MD5=F6E7A024CC79AC12294D0DA6072C5073,SHA256=628792B5B5A4D71B8D66B1A1C6B775B84E3A5E64C0C05B8D7138164FBAD5C21A,IMPHASH=EA4CA1F8E3B3D9373D39C13FD1348A63</Data>
      
            
      <Data Name=""ParentProcessGuid"">{f57bd86a-3714-658c-a600-000000000f00}</Data>
      
            
      <Data Name=""ParentProcessId"">7316</Data>
      
            
      <Data Name=""ParentImage"">C:\Program Files (x86)\Microsoft\Edge\Application\msedge.exe</Data>
      
            
      <Data Name=""ParentCommandLine"">""C:\Program Files (x86)\Microsoft\Edge\Application\msedge.exe"" --no-startup-window --win-session-start</Data>
      
            
      <Data Name=""ParentUser"">WINDEV2309EVAL\User</Data>
      
        
    </EventData>
    
    
  </Event>
  
    
  
"
Microsoft-Windows-Sysmon/Operational,C:\Windows\system32\svchost.exe -k netsvcs -p -s gpsvc,Microsoft Corporation,WinDev2309Eval,,C:\Windows\system32\,Host Process for Windows Services,,,,,,1,19538,10.0.22621.1 (WinBuild.160101.0800),"MD5=8EC922C7A58A8701AB481B7BE9644536,SHA256=949BFB5B4C7D58D92F3F9C5F8EC7CA4CEAFFD10EC5F0020F0A987C472D61C54B,IMPHASH=76B4BAE80D2C3B08BB062D97BF9CA791",C:\Windows\System32\svchost.exe,,System,0x8000000000000000,4,{f57bd86a-36f5-658c-e703-000000000000},0x3e7,0,svchost.exe,C:\Windows\system32\services.exe,C:\Windows\System32\services.exe,{f57bd86a-36f5-658c-0b00-000000000f00},780,NT AUTHORITY\SYSTEM,{f57bd86a-4674-658c-9901-000000000f00},3588,10392,Microsoft® Windows® Operating System,,,,,-,,,,,,2023-12-27T15:44:52.9203801Z,,1,0,5124,NT AUTHORITY\SYSTEM,S-1-5-18,2023-12-27 15:44:52.919,5,"<Event xmlns=""http://schemas.microsoft.com/win/2004/08/events/event"">
    
        
    <System>
      
            
      <Provider Name=""Microsoft-Windows-Sysmon"" Guid=""{5770385f-c22a-43e0-bf4c-06f5698ffbd9}""/>
      
            
      <EventID>1</EventID>
      
            
      <Version>5</Version>
      
            
      <Level>4</Level>
      
            
      <Task>1</Task>
      
            
      <Opcode>0</Opcode>
      
            
      <Keywords>0x8000000000000000</Keywords>
      
            
      <TimeCreated SystemTime=""2023-12-27T15:44:52.9203801Z""/>
      
            
      <EventRecordID>19538</EventRecordID>
      
            
      <Correlation/>
      
            
      <Execution ProcessID=""3588"" ThreadID=""5124""/>
      
            
      <Channel>Microsoft-Windows-Sysmon/Operational</Channel>
      
            
      <Computer>WinDev2309Eval</Computer>
      
            
      <Security UserID=""S-1-5-18""/>
      
        
    </System>
    
        
    <EventData>
      
            
      <Data Name=""RuleName"">-</Data>
      
            
      <Data Name=""UtcTime"">2023-12-27 15:44:52.919</Data>
      
            
      <Data Name=""ProcessGuid"">{f57bd86a-4674-658c-9901-000000000f00}</Data>
      
            
      <Data Name=""ProcessId"">10392</Data>
      
            
      <Data Name=""Image"">C:\Windows\System32\svchost.exe</Data>
      
            
      <Data Name=""FileVersion"">10.0.22621.1 (WinBuild.160101.0800)</Data>
      
            
      <Data Name=""Description"">Host Process for Windows Services</Data>
      
            
      <Data Name=""Product"">Microsoft&#174; Windows&#174; Operating System</Data>
      
            
      <Data Name=""Company"">Microsoft Corporation</Data>
      
            
      <Data Name=""OriginalFileName"">svchost.exe</Data>
      
            
      <Data Name=""CommandLine"">C:\Windows\system32\svchost.exe -k netsvcs -p -s gpsvc</Data>
      
            
      <Data Name=""CurrentDirectory"">C:\Windows\system32\</Data>
      
            
      <Data Name=""User"">NT AUTHORITY\SYSTEM</Data>
      
            
      <Data Name=""LogonGuid"">{f57bd86a-36f5-658c-e703-000000000000}</Data>
      
            
      <Data Name=""LogonId"">0x3e7</Data>
      
            
      <Data Name=""TerminalSessionId"">0</Data>
      
            
      <Data Name=""IntegrityLevel"">System</Data>
      
            
      <Data Name=""Hashes"">MD5=8EC922C7A58A8701AB481B7BE9644536,SHA256=949BFB5B4C7D58D92F3F9C5F8EC7CA4CEAFFD10EC5F0020F0A987C472D61C54B,IMPHASH=76B4BAE80D2C3B08BB062D97BF9CA791</Data>
      
            
      <Data Name=""ParentProcessGuid"">{f57bd86a-36f5-658c-0b00-000000000f00}</Data>
      
            
      <Data Name=""ParentProcessId"">780</Data>
      
            
      <Data Name=""ParentImage"">C:\Windows\System32\services.exe</Data>
      
            
      <Data Name=""ParentCommandLine"">C:\Windows\system32\services.exe</Data>
      
            
      <Data Name=""ParentUser"">NT AUTHORITY\SYSTEM</Data>
      
        
    </EventData>
    
    
  </Event>
  
    
  
"
Microsoft-Windows-Sysmon/Operational,\\?\C:\Windows\System32\SecurityHealth\1.0.2306.10002-0\SecurityHealthHost.exe {08728914-3F57-4D52-9E31-49DAECA5A80A} -Embedding,Microsoft Corporation,WinDev2309Eval,,C:\Windows\system32\,Windows Security Health Host,,,,,,1,19537,10.0.25873.1001 (WinBuild.160101.0800),"MD5=193DC58240D8AC4EC1618FFAE14CAE71,SHA256=8D771C8A91614B85416B3EB328460E80183B38F2DC35C7A26578206AF145F419,IMPHASH=FBC9E5DE00516A75FFF7C4A11857FB1D",C:\Windows\System32\SecurityHealth\1.0.2306.10002-0\SecurityHealthHost.exe,,Medium,0x8000000000000000,4,{f57bd86a-36f9-658c-7bf8-020000000000},0x2f87b,0,SecurityHealthHost.exe,C:\Windows\system32\svchost.exe -k DcomLaunch -p,C:\Windows\System32\svchost.exe,{f57bd86a-36f5-658c-0d00-000000000f00},932,NT AUTHORITY\SYSTEM,{f57bd86a-4674-658c-9701-000000000f00},3588,6380,Microsoft® Windows® Operating System,,,,,-,,,,,,2023-12-27T15:44:52.5763685Z,,1,1,5124,WINDEV2309EVAL\User,S-1-5-18,2023-12-27 15:44:52.574,5,"<Event xmlns=""http://schemas.microsoft.com/win/2004/08/events/event"">
    
        
    <System>
      
            
      <Provider Name=""Microsoft-Windows-Sysmon"" Guid=""{5770385f-c22a-43e0-bf4c-06f5698ffbd9}""/>
      
            
      <EventID>1</EventID>
      
            
      <Version>5</Version>
      
            
      <Level>4</Level>
      
            
      <Task>1</Task>
      
            
      <Opcode>0</Opcode>
      
            
      <Keywords>0x8000000000000000</Keywords>
      
            
      <TimeCreated SystemTime=""2023-12-27T15:44:52.5763685Z""/>
      
            
      <EventRecordID>19537</EventRecordID>
      
            
      <Correlation/>
      
            
      <Execution ProcessID=""3588"" ThreadID=""5124""/>
      
            
      <Channel>Microsoft-Windows-Sysmon/Operational</Channel>
      
            
      <Computer>WinDev2309Eval</Computer>
      
            
      <Security UserID=""S-1-5-18""/>
      
        
    </System>
    
        
    <EventData>
      
            
      <Data Name=""RuleName"">-</Data>
      
            
      <Data Name=""UtcTime"">2023-12-27 15:44:52.574</Data>
      
            
      <Data Name=""ProcessGuid"">{f57bd86a-4674-658c-9701-000000000f00}</Data>
      
            
      <Data Name=""ProcessId"">6380</Data>
      
            
      <Data Name=""Image"">C:\Windows\System32\SecurityHealth\1.0.2306.10002-0\SecurityHealthHost.exe</Data>
      
            
      <Data Name=""FileVersion"">10.0.25873.1001 (WinBuild.160101.0800)</Data>
      
            
      <Data Name=""Description"">Windows Security Health Host</Data>
      
            
      <Data Name=""Product"">Microsoft&#174; Windows&#174; Operating System</Data>
      
            
      <Data Name=""Company"">Microsoft Corporation</Data>
      
            
      <Data Name=""OriginalFileName"">SecurityHealthHost.exe</Data>
      
            
      <Data Name=""CommandLine"">\\?\C:\Windows\System32\SecurityHealth\1.0.2306.10002-0\SecurityHealthHost.exe {08728914-3F57-4D52-9E31-49DAECA5A80A} -Embedding</Data>
      
            
      <Data Name=""CurrentDirectory"">C:\Windows\system32\</Data>
      
            
      <Data Name=""User"">WINDEV2309EVAL\User</Data>
      
            
      <Data Name=""LogonGuid"">{f57bd86a-36f9-658c-7bf8-020000000000}</Data>
      
            
      <Data Name=""LogonId"">0x2f87b</Data>
      
            
      <Data Name=""TerminalSessionId"">1</Data>
      
            
      <Data Name=""IntegrityLevel"">Medium</Data>
      
            
      <Data Name=""Hashes"">MD5=193DC58240D8AC4EC1618FFAE14CAE71,SHA256=8D771C8A91614B85416B3EB328460E80183B38F2DC35C7A26578206AF145F419,IMPHASH=FBC9E5DE00516A75FFF7C4A11857FB1D</Data>
      
            
      <Data Name=""ParentProcessGuid"">{f57bd86a-36f5-658c-0d00-000000000f00}</Data>
      
            
      <Data Name=""ParentProcessId"">932</Data>
      
            
      <Data Name=""ParentImage"">C:\Windows\System32\svchost.exe</Data>
      
            
      <Data Name=""ParentCommandLine"">C:\Windows\system32\svchost.exe -k DcomLaunch -p</Data>
      
            
      <Data Name=""ParentUser"">NT AUTHORITY\SYSTEM</Data>
      
        
    </EventData>
    
    
  </Event>
  
    
  
"
Microsoft-Windows-Sysmon/Operational,taskhostw.exe -RegisterDevice -ProtectionStateChanged -FreeNetworkOnly,Microsoft Corporation,WinDev2309Eval,,C:\Windows\system32\,Host Process for Windows Tasks,,,,,,1,19536,10.0.22621.2792 (WinBuild.160101.0800),"MD5=AAA6BA42398B2D70F12F00A110701041,SHA256=58CC5757BB129557652797EA92AEE701DE5C574B22FDCD5DCDDF141CAEEA3C02,IMPHASH=1C4E2D9936E4D9F2490B08AAB4D24260",C:\Windows\System32\taskhostw.exe,,System,0x8000000000000000,4,{f57bd86a-36f5-658c-e703-000000000000},0x3e7,0,taskhostw.exe,C:\Windows\system32\svchost.exe -k netsvcs -p -s Schedule,C:\Windows\System32\svchost.exe,{f57bd86a-36f6-658c-1d00-000000000f00},1496,NT AUTHORITY\SYSTEM,{f57bd86a-4674-658c-9601-000000000f00},3588,10636,Microsoft® Windows® Operating System,,,,,-,,,,,,2023-12-27T15:44:52.5470872Z,,1,0,5124,NT AUTHORITY\SYSTEM,S-1-5-18,2023-12-27 15:44:52.545,5,"<Event xmlns=""http://schemas.microsoft.com/win/2004/08/events/event"">
    
        
    <System>
      
            
      <Provider Name=""Microsoft-Windows-Sysmon"" Guid=""{5770385f-c22a-43e0-bf4c-06f5698ffbd9}""/>
      
            
      <EventID>1</EventID>
      
            
      <Version>5</Version>
      
            
      <Level>4</Level>
      
            
      <Task>1</Task>
      
            
      <Opcode>0</Opcode>
      
            
      <Keywords>0x8000000000000000</Keywords>
      
            
      <TimeCreated SystemTime=""2023-12-27T15:44:52.5470872Z""/>
      
            
      <EventRecordID>19536</EventRecordID>
      
            
      <Correlation/>
      
            
      <Execution ProcessID=""3588"" ThreadID=""5124""/>
      
            
      <Channel>Microsoft-Windows-Sysmon/Operational</Channel>
      
            
      <Computer>WinDev2309Eval</Computer>
      
            
      <Security UserID=""S-1-5-18""/>
      
        
    </System>
    
        
    <EventData>
      
            
      <Data Name=""RuleName"">-</Data>
      
            
      <Data Name=""UtcTime"">2023-12-27 15:44:52.545</Data>
      
            
      <Data Name=""ProcessGuid"">{f57bd86a-4674-658c-9601-000000000f00}</Data>
      
            
      <Data Name=""ProcessId"">10636</Data>
      
            
      <Data Name=""Image"">C:\Windows\System32\taskhostw.exe</Data>
      
            
      <Data Name=""FileVersion"">10.0.22621.2792 (WinBuild.160101.0800)</Data>
      
            
      <Data Name=""Description"">Host Process for Windows Tasks</Data>
      
            
      <Data Name=""Product"">Microsoft&#174; Windows&#174; Operating System</Data>
      
            
      <Data Name=""Company"">Microsoft Corporation</Data>
      
            
      <Data Name=""OriginalFileName"">taskhostw.exe</Data>
      
            
      <Data Name=""CommandLine"">taskhostw.exe -RegisterDevice -ProtectionStateChanged -FreeNetworkOnly</Data>
      
            
      <Data Name=""CurrentDirectory"">C:\Windows\system32\</Data>
      
            
      <Data Name=""User"">NT AUTHORITY\SYSTEM</Data>
      
            
      <Data Name=""LogonGuid"">{f57bd86a-36f5-658c-e703-000000000000}</Data>
      
            
      <Data Name=""LogonId"">0x3e7</Data>
      
            
      <Data Name=""TerminalSessionId"">0</Data>
      
            
      <Data Name=""IntegrityLevel"">System</Data>
      
            
      <Data Name=""Hashes"">MD5=AAA6BA42398B2D70F12F00A110701041,SHA256=58CC5757BB129557652797EA92AEE701DE5C574B22FDCD5DCDDF141CAEEA3C02,IMPHASH=1C4E2D9936E4D9F2490B08AAB4D24260</Data>
      
            
      <Data Name=""ParentProcessGuid"">{f57bd86a-36f6-658c-1d00-000000000f00}</Data>
      
            
      <Data Name=""ParentProcessId"">1496</Data>
      
            
      <Data Name=""ParentImage"">C:\Windows\System32\svchost.exe</Data>
      
            
      <Data Name=""ParentCommandLine"">C:\Windows\system32\svchost.exe -k netsvcs -p -s Schedule</Data>
      
            
      <Data Name=""ParentUser"">NT AUTHORITY\SYSTEM</Data>
      
        
    </EventData>
    
    
  </Event>
  


"
