Microsoft-Windows-Sysmon/Operational,"""C:\Program
                Files\WindowsApps\Microsoft.Paint_11.2310.42.0_x64__8wekyb3d8bbwe\PaintApp\mspaint.exe""
                -Embedding",-,WinDev2309Eval,,C:\Windows\system32\,-,,1,19602,,-,"
                MD5=D2AE9592F55599EBB243D74DDEAF4BA6,SHA256=7F415B6277846DBF4F28AC5CCA4DE7E7A2D9A62DC35EF828960B9A03421D38CC,IMPHASH=86300FD3C14CE8C9876E18319BC9BB34","
                C:\Program
                Files\WindowsApps\Microsoft.Paint_11.2310.42.0_x64__8wekyb3d8bbwe\PaintApp\mspaint.exe",Medium,0x8000000000000000,4,{f57bd86a-36f9-658c-7bf8-020000000000},0x2f87b,0,-,C:\Windows\system32\svchost.exe -k DcomLaunch -p,C:\Windows\System32\svchost.exe,{f57bd86a-36f5-658c-0d00-000000000f00},932,NT AUTHORITY\SYSTEM,{f57bd86a-5031-658c-da01-000000000f00},3588,10348,-,,,,-,2023-12-27T16:26:25.2268861Z,,,1,1,5124,WINDEV2309EVAL\User,S-1-5-18,2023-12-27 16:26:25.193,5,"<Event xmlns=""http://schemas.microsoft.com/win/2004/08/events/event"">
    
        
    <System>
      
            
      <Provider Name=""Microsoft-Windows-Sysmon"" Guid=""{5770385f-c22a-43e0-bf4c-06f5698ffbd9}""/>
      
            
      <EventID>1</EventID>
      
            
      <Version>5</Version>
      
            
      <Level>4</Level>
      
            
      <Task>1</Task>
      
            
      <Opcode>0</Opcode>
      
            
      <Keywords>0x8000000000000000</Keywords>
      
            
      <TimeCreated SystemTime=""2023-12-27T16:26:25.2268861Z""/>
      
            
      <EventRecordID>19602</EventRecordID>
      
            
      <Correlation/>
      
            
      <Execution ProcessID=""3588"" ThreadID=""5124""/>
      
            
      <Channel>Microsoft-Windows-Sysmon/Operational</Channel>
      
            
      <Computer>WinDev2309Eval</Computer>
      
            
      <Security UserID=""S-1-5-18""/>
      
        
    </System>
    
        
    <EventData>
      
            
      <Data Name=""RuleName"">-</Data>
      
            
      <Data Name=""UtcTime"">2023-12-27 16:26:25.193</Data>
      
            
      <Data Name=""ProcessGuid"">{f57bd86a-5031-658c-da01-000000000f00}</Data>
      
            
      <Data Name=""ProcessId"">10348</Data>
      
            
      <Data Name=""Image"">
                C:\Program
                Files\WindowsApps\Microsoft.Paint_11.2310.42.0_x64__8wekyb3d8bbwe\PaintApp\mspaint.exe</Data>
      
            
      <Data Name=""FileVersion"">-</Data>
      
            
      <Data Name=""Description"">-</Data>
      
            
      <Data Name=""Product"">-</Data>
      
            
      <Data Name=""Company"">-</Data>
      
            
      <Data Name=""OriginalFileName"">-</Data>
      
            
      <Data Name=""CommandLine"">""C:\Program
                Files\WindowsApps\Microsoft.Paint_11.2310.42.0_x64__8wekyb3d8bbwe\PaintApp\mspaint.exe""
                -Embedding</Data>
      
            
      <Data Name=""CurrentDirectory"">C:\Windows\system32\</Data>
      
            
      <Data Name=""User"">WINDEV2309EVAL\User</Data>
      
            
      <Data Name=""LogonGuid"">{f57bd86a-36f9-658c-7bf8-020000000000}</Data>
      
            
      <Data Name=""LogonId"">0x2f87b</Data>
      
            
      <Data Name=""TerminalSessionId"">1</Data>
      
            
      <Data Name=""IntegrityLevel"">Medium</Data>
      
            
      <Data Name=""Hashes"">
                MD5=D2AE9592F55599EBB243D74DDEAF4BA6,SHA256=7F415B6277846DBF4F28AC5CCA4DE7E7A2D9A62DC35EF828960B9A03421D38CC,IMPHASH=86300FD3C14CE8C9876E18319BC9BB34</Data>
      
            
      <Data Name=""ParentProcessGuid"">{f57bd86a-36f5-658c-0d00-000000000f00}</Data>
      
            
      <Data Name=""ParentProcessId"">932</Data>
      
            
      <Data Name=""ParentImage"">C:\Windows\System32\svchost.exe</Data>
      
            
      <Data Name=""ParentCommandLine"">C:\Windows\system32\svchost.exe -k DcomLaunch -p</Data>
      
            
      <Data Name=""ParentUser"">NT AUTHORITY\SYSTEM</Data>
      
        
    </EventData>
    
    
  </Event>
  
    
  
"
Microsoft-Windows-Sysmon/Operational,,,WinDev2309Eval,2023-12-27 16:26:22.389,,,,11,19601,,,,C:\Windows\system32\WerFault.exe,,0x8000000000000000,4,,,0,,,,,,,{f57bd86a-502e-658c-d701-000000000f00},3588,3756,,,,,-,2023-12-27T16:26:22.3945201Z,"
                C:\ProgramData\Microsoft\Windows\WER\Temp\WER.58d140df-8aa1-403b-a6d9-529eea4a4cdf.tmp.dmp",,11,,5124,WINDEV2309EVAL\User,S-1-5-18,2023-12-27 16:26:22.389,2,"<Event xmlns=""http://schemas.microsoft.com/win/2004/08/events/event"">
    
        
    <System>
      
            
      <Provider Name=""Microsoft-Windows-Sysmon"" Guid=""{5770385f-c22a-43e0-bf4c-06f5698ffbd9}""/>
      
            
      <EventID>11</EventID>
      
            
      <Version>2</Version>
      
            
      <Level>4</Level>
      
            
      <Task>11</Task>
      
            
      <Opcode>0</Opcode>
      
            
      <Keywords>0x8000000000000000</Keywords>
      
            
      <TimeCreated SystemTime=""2023-12-27T16:26:22.3945201Z""/>
      
            
      <EventRecordID>19601</EventRecordID>
      
            
      <Correlation/>
      
            
      <Execution ProcessID=""3588"" ThreadID=""5124""/>
      
            
      <Channel>Microsoft-Windows-Sysmon/Operational</Channel>
      
            
      <Computer>WinDev2309Eval</Computer>
      
            
      <Security UserID=""S-1-5-18""/>
      
        
    </System>
    
        
    <EventData>
      
            
      <Data Name=""RuleName"">-</Data>
      
            
      <Data Name=""UtcTime"">2023-12-27 16:26:22.389</Data>
      
            
      <Data Name=""ProcessGuid"">{f57bd86a-502e-658c-d701-000000000f00}</Data>
      
            
      <Data Name=""ProcessId"">3756</Data>
      
            
      <Data Name=""Image"">C:\Windows\system32\WerFault.exe</Data>
      
            
      <Data Name=""TargetFilename"">
                C:\ProgramData\Microsoft\Windows\WER\Temp\WER.58d140df-8aa1-403b-a6d9-529eea4a4cdf.tmp.dmp</Data>
      
            
      <Data Name=""CreationUtcTime"">2023-12-27 16:26:22.389</Data>
      
            
      <Data Name=""User"">WINDEV2309EVAL\User</Data>
      
        
    </EventData>
    
    
  </Event>
  
    
  
"
Microsoft-Windows-Sysmon/Operational,C:\Windows\system32\WerFault.exe -u -p 8024 -s 532,Microsoft Corporation,WinDev2309Eval,,C:\Windows\system32\,Windows Problem Reporting,,1,19600,,10.0.22621.2506 (WinBuild.160101.0800),"
                MD5=2E8B6EEDA1D82904717092AEEDBCFED4,SHA256=EC9D2023F691A6936E2E91EE0FDAF2583A62458BD2C1E75A31D5350B6F25DC0B,IMPHASH=1A3B057EA98DD9C8D80F5748F75EE936",C:\Windows\System32\WerFault.exe,Medium,0x8000000000000000,4,{f57bd86a-36f9-658c-7bf8-020000000000},0x2f87b,0,WerFault.exe,C:\Windows\system32\browser_broker.exe -Embedding,C:\Windows\System32\browser_broker.exe,{f57bd86a-502d-658c-d301-000000000f00},8024,WINDEV2309EVAL\User,{f57bd86a-502e-658c-d701-000000000f00},3588,3756,Microsoft® Windows® Operating System,,,,-,2023-12-27T16:26:22.1623210Z,,,1,1,5124,WINDEV2309EVAL\User,S-1-5-18,2023-12-27 16:26:22.161,5,"<Event xmlns=""http://schemas.microsoft.com/win/2004/08/events/event"">
    
        
    <System>
      
            
      <Provider Name=""Microsoft-Windows-Sysmon"" Guid=""{5770385f-c22a-43e0-bf4c-06f5698ffbd9}""/>
      
            
      <EventID>1</EventID>
      
            
      <Version>5</Version>
      
            
      <Level>4</Level>
      
            
      <Task>1</Task>
      
            
      <Opcode>0</Opcode>
      
            
      <Keywords>0x8000000000000000</Keywords>
      
            
      <TimeCreated SystemTime=""2023-12-27T16:26:22.1623210Z""/>
      
            
      <EventRecordID>19600</EventRecordID>
      
            
      <Correlation/>
      
            
      <Execution ProcessID=""3588"" ThreadID=""5124""/>
      
            
      <Channel>Microsoft-Windows-Sysmon/Operational</Channel>
      
            
      <Computer>WinDev2309Eval</Computer>
      
            
      <Security UserID=""S-1-5-18""/>
      
        
    </System>
    
        
    <EventData>
      
            
      <Data Name=""RuleName"">-</Data>
      
            
      <Data Name=""UtcTime"">2023-12-27 16:26:22.161</Data>
      
            
      <Data Name=""ProcessGuid"">{f57bd86a-502e-658c-d701-000000000f00}</Data>
      
            
      <Data Name=""ProcessId"">3756</Data>
      
            
      <Data Name=""Image"">C:\Windows\System32\WerFault.exe</Data>
      
            
      <Data Name=""FileVersion"">10.0.22621.2506 (WinBuild.160101.0800)</Data>
      
            
      <Data Name=""Description"">Windows Problem Reporting</Data>
      
            
      <Data Name=""Product"">Microsoft&#174; Windows&#174; Operating System</Data>
      
            
      <Data Name=""Company"">Microsoft Corporation</Data>
      
            
      <Data Name=""OriginalFileName"">WerFault.exe</Data>
      
            
      <Data Name=""CommandLine"">C:\Windows\system32\WerFault.exe -u -p 8024 -s 532</Data>
      
            
      <Data Name=""CurrentDirectory"">C:\Windows\system32\</Data>
      
            
      <Data Name=""User"">WINDEV2309EVAL\User</Data>
      
            
      <Data Name=""LogonGuid"">{f57bd86a-36f9-658c-7bf8-020000000000}</Data>
      
            
      <Data Name=""LogonId"">0x2f87b</Data>
      
            
      <Data Name=""TerminalSessionId"">1</Data>
      
            
      <Data Name=""IntegrityLevel"">Medium</Data>
      
            
      <Data Name=""Hashes"">
                MD5=2E8B6EEDA1D82904717092AEEDBCFED4,SHA256=EC9D2023F691A6936E2E91EE0FDAF2583A62458BD2C1E75A31D5350B6F25DC0B,IMPHASH=1A3B057EA98DD9C8D80F5748F75EE936</Data>
      
            
      <Data Name=""ParentProcessGuid"">{f57bd86a-502d-658c-d301-000000000f00}</Data>
      
            
      <Data Name=""ParentProcessId"">8024</Data>
      
            
      <Data Name=""ParentImage"">C:\Windows\System32\browser_broker.exe</Data>
      
            
      <Data Name=""ParentCommandLine"">C:\Windows\system32\browser_broker.exe -Embedding</Data>
      
            
      <Data Name=""ParentUser"">WINDEV2309EVAL\User</Data>
      
        
    </EventData>
    
    
  </Event>
  
    
  
"
Microsoft-Windows-Sysmon/Operational,C:\Windows\system32\WerFault.exe -pss -s 436 -p 8024 -ip 8024,Microsoft Corporation,WinDev2309Eval,,C:\Windows\system32\,Windows Problem Reporting,,1,19599,,10.0.22621.2506 (WinBuild.160101.0800),"
                MD5=2E8B6EEDA1D82904717092AEEDBCFED4,SHA256=EC9D2023F691A6936E2E91EE0FDAF2583A62458BD2C1E75A31D5350B6F25DC0B,IMPHASH=1A3B057EA98DD9C8D80F5748F75EE936",C:\Windows\System32\WerFault.exe,System,0x8000000000000000,4,{f57bd86a-36f5-658c-e703-000000000000},0x3e7,0,WerFault.exe,C:\Windows\System32\svchost.exe -k WerSvcGroup,C:\Windows\System32\svchost.exe,{f57bd86a-502e-658c-d401-000000000f00},10288,NT AUTHORITY\SYSTEM,{f57bd86a-502e-658c-d501-000000000f00},3588,3260,Microsoft® Windows® Operating System,,,,-,2023-12-27T16:26:22.0740611Z,,,1,0,5124,NT AUTHORITY\SYSTEM,S-1-5-18,2023-12-27 16:26:22.064,5,"<Event xmlns=""http://schemas.microsoft.com/win/2004/08/events/event"">
    
        
    <System>
      
            
      <Provider Name=""Microsoft-Windows-Sysmon"" Guid=""{5770385f-c22a-43e0-bf4c-06f5698ffbd9}""/>
      
            
      <EventID>1</EventID>
      
            
      <Version>5</Version>
      
            
      <Level>4</Level>
      
            
      <Task>1</Task>
      
            
      <Opcode>0</Opcode>
      
            
      <Keywords>0x8000000000000000</Keywords>
      
            
      <TimeCreated SystemTime=""2023-12-27T16:26:22.0740611Z""/>
      
            
      <EventRecordID>19599</EventRecordID>
      
            
      <Correlation/>
      
            
      <Execution ProcessID=""3588"" ThreadID=""5124""/>
      
            
      <Channel>Microsoft-Windows-Sysmon/Operational</Channel>
      
            
      <Computer>WinDev2309Eval</Computer>
      
            
      <Security UserID=""S-1-5-18""/>
      
        
    </System>
    
        
    <EventData>
      
            
      <Data Name=""RuleName"">-</Data>
      
            
      <Data Name=""UtcTime"">2023-12-27 16:26:22.064</Data>
      
            
      <Data Name=""ProcessGuid"">{f57bd86a-502e-658c-d501-000000000f00}</Data>
      
            
      <Data Name=""ProcessId"">3260</Data>
      
            
      <Data Name=""Image"">C:\Windows\System32\WerFault.exe</Data>
      
            
      <Data Name=""FileVersion"">10.0.22621.2506 (WinBuild.160101.0800)</Data>
      
            
      <Data Name=""Description"">Windows Problem Reporting</Data>
      
            
      <Data Name=""Product"">Microsoft&#174; Windows&#174; Operating System</Data>
      
            
      <Data Name=""Company"">Microsoft Corporation</Data>
      
            
      <Data Name=""OriginalFileName"">WerFault.exe</Data>
      
            
      <Data Name=""CommandLine"">C:\Windows\system32\WerFault.exe -pss -s 436 -p 8024 -ip 8024</Data>
      
            
      <Data Name=""CurrentDirectory"">C:\Windows\system32\</Data>
      
            
      <Data Name=""User"">NT AUTHORITY\SYSTEM</Data>
      
            
      <Data Name=""LogonGuid"">{f57bd86a-36f5-658c-e703-000000000000}</Data>
      
            
      <Data Name=""LogonId"">0x3e7</Data>
      
            
      <Data Name=""TerminalSessionId"">0</Data>
      
            
      <Data Name=""IntegrityLevel"">System</Data>
      
            
      <Data Name=""Hashes"">
                MD5=2E8B6EEDA1D82904717092AEEDBCFED4,SHA256=EC9D2023F691A6936E2E91EE0FDAF2583A62458BD2C1E75A31D5350B6F25DC0B,IMPHASH=1A3B057EA98DD9C8D80F5748F75EE936</Data>
      
            
      <Data Name=""ParentProcessGuid"">{f57bd86a-502e-658c-d401-000000000f00}</Data>
      
            
      <Data Name=""ParentProcessId"">10288</Data>
      
            
      <Data Name=""ParentImage"">C:\Windows\System32\svchost.exe</Data>
      
            
      <Data Name=""ParentCommandLine"">C:\Windows\System32\svchost.exe -k WerSvcGroup</Data>
      
            
      <Data Name=""ParentUser"">NT AUTHORITY\SYSTEM</Data>
      
        
    </EventData>
    
    
  </Event>
  
    
  
"
Microsoft-Windows-Sysmon/Operational,C:\Windows\system32\browser_broker.exe -Embedding,Microsoft Corporation,WinDev2309Eval,,C:\Windows\system32\,Browser_Broker,,1,19598,,11.00.22621.1 (WinBuild.160101.0800),"
                MD5=BEF87B7AB5D00AE631D0CDE57FEB4FF2,SHA256=7E0ACDB8219C4CCE7ED2377CA4CDD89670C345335E240023C26621332EA162CE,IMPHASH=A701C00271CC8F17A1C302C292918E0E",C:\Windows\System32\browser_broker.exe,Medium,0x8000000000000000,4,{f57bd86a-36f9-658c-7bf8-020000000000},0x2f87b,0,browser_broker.EXE,C:\Windows\system32\svchost.exe -k DcomLaunch -p,C:\Windows\System32\svchost.exe,{f57bd86a-36f5-658c-0d00-000000000f00},932,NT AUTHORITY\SYSTEM,{f57bd86a-502d-658c-d301-000000000f00},3588,8024,Microsoft® Windows® Operating System,,,,-,2023-12-27T16:26:21.9697247Z,,,1,1,5124,WINDEV2309EVAL\User,S-1-5-18,2023-12-27 16:26:21.967,5,"<Event xmlns=""http://schemas.microsoft.com/win/2004/08/events/event"">
    
        
    <System>
      
            
      <Provider Name=""Microsoft-Windows-Sysmon"" Guid=""{5770385f-c22a-43e0-bf4c-06f5698ffbd9}""/>
      
            
      <EventID>1</EventID>
      
            
      <Version>5</Version>
      
            
      <Level>4</Level>
      
            
      <Task>1</Task>
      
            
      <Opcode>0</Opcode>
      
            
      <Keywords>0x8000000000000000</Keywords>
      
            
      <TimeCreated SystemTime=""2023-12-27T16:26:21.9697247Z""/>
      
            
      <EventRecordID>19598</EventRecordID>
      
            
      <Correlation/>
      
            
      <Execution ProcessID=""3588"" ThreadID=""5124""/>
      
            
      <Channel>Microsoft-Windows-Sysmon/Operational</Channel>
      
            
      <Computer>WinDev2309Eval</Computer>
      
            
      <Security UserID=""S-1-5-18""/>
      
        
    </System>
    
        
    <EventData>
      
            
      <Data Name=""RuleName"">-</Data>
      
            
      <Data Name=""UtcTime"">2023-12-27 16:26:21.967</Data>
      
            
      <Data Name=""ProcessGuid"">{f57bd86a-502d-658c-d301-000000000f00}</Data>
      
            
      <Data Name=""ProcessId"">8024</Data>
      
            
      <Data Name=""Image"">C:\Windows\System32\browser_broker.exe</Data>
      
            
      <Data Name=""FileVersion"">11.00.22621.1 (WinBuild.160101.0800)</Data>
      
            
      <Data Name=""Description"">Browser_Broker</Data>
      
            
      <Data Name=""Product"">Microsoft&#174; Windows&#174; Operating System</Data>
      
            
      <Data Name=""Company"">Microsoft Corporation</Data>
      
            
      <Data Name=""OriginalFileName"">browser_broker.EXE</Data>
      
            
      <Data Name=""CommandLine"">C:\Windows\system32\browser_broker.exe -Embedding</Data>
      
            
      <Data Name=""CurrentDirectory"">C:\Windows\system32\</Data>
      
            
      <Data Name=""User"">WINDEV2309EVAL\User</Data>
      
            
      <Data Name=""LogonGuid"">{f57bd86a-36f9-658c-7bf8-020000000000}</Data>
      
            
      <Data Name=""LogonId"">0x2f87b</Data>
      
            
      <Data Name=""TerminalSessionId"">1</Data>
      
            
      <Data Name=""IntegrityLevel"">Medium</Data>
      
            
      <Data Name=""Hashes"">
                MD5=BEF87B7AB5D00AE631D0CDE57FEB4FF2,SHA256=7E0ACDB8219C4CCE7ED2377CA4CDD89670C345335E240023C26621332EA162CE,IMPHASH=A701C00271CC8F17A1C302C292918E0E</Data>
      
            
      <Data Name=""ParentProcessGuid"">{f57bd86a-36f5-658c-0d00-000000000f00}</Data>
      
            
      <Data Name=""ParentProcessId"">932</Data>
      
            
      <Data Name=""ParentImage"">C:\Windows\System32\svchost.exe</Data>
      
            
      <Data Name=""ParentCommandLine"">C:\Windows\system32\svchost.exe -k DcomLaunch -p</Data>
      
            
      <Data Name=""ParentUser"">NT AUTHORITY\SYSTEM</Data>
      
        
    </EventData>
    
    
  </Event>
  
    
  
"
Microsoft-Windows-Sysmon/Operational,,,WinDev2309Eval,,,,11.0.22621.1,13,19597,SetValue,,,C:\Windows\System32\svchost.exe,,0x8000000000000000,4,,,0,,,,,,,{f57bd86a-36f8-658c-3e00-000000000f00},3588,3212,,,,,InvDB-Ver,2023-12-27T16:26:21.6992454Z,,"
                \REGISTRY\A\{b3b14332-edc6-625a-c682-62677f6d06d4}\Root\InventoryApplicationFile\iexplore.exe|4bb0745287b452cb\BinProductVersion",13,,5124,NT AUTHORITY\SYSTEM,S-1-5-18,2023-12-27 16:26:21.685,2,"<Event xmlns=""http://schemas.microsoft.com/win/2004/08/events/event"">
    
        
    <System>
      
            
      <Provider Name=""Microsoft-Windows-Sysmon"" Guid=""{5770385f-c22a-43e0-bf4c-06f5698ffbd9}""/>
      
            
      <EventID>13</EventID>
      
            
      <Version>2</Version>
      
            
      <Level>4</Level>
      
            
      <Task>13</Task>
      
            
      <Opcode>0</Opcode>
      
            
      <Keywords>0x8000000000000000</Keywords>
      
            
      <TimeCreated SystemTime=""2023-12-27T16:26:21.6992454Z""/>
      
            
      <EventRecordID>19597</EventRecordID>
      
            
      <Correlation/>
      
            
      <Execution ProcessID=""3588"" ThreadID=""5124""/>
      
            
      <Channel>Microsoft-Windows-Sysmon/Operational</Channel>
      
            
      <Computer>WinDev2309Eval</Computer>
      
            
      <Security UserID=""S-1-5-18""/>
      
        
    </System>
    
        
    <EventData>
      
            
      <Data Name=""RuleName"">InvDB-Ver</Data>
      
            
      <Data Name=""EventType"">SetValue</Data>
      
            
      <Data Name=""UtcTime"">2023-12-27 16:26:21.685</Data>
      
            
      <Data Name=""ProcessGuid"">{f57bd86a-36f8-658c-3e00-000000000f00}</Data>
      
            
      <Data Name=""ProcessId"">3212</Data>
      
            
      <Data Name=""Image"">C:\Windows\System32\svchost.exe</Data>
      
            
      <Data Name=""TargetObject"">
                \REGISTRY\A\{b3b14332-edc6-625a-c682-62677f6d06d4}\Root\InventoryApplicationFile\iexplore.exe|4bb0745287b452cb\BinProductVersion</Data>
      
            
      <Data Name=""Details"">11.0.22621.1</Data>
      
            
      <Data Name=""User"">NT AUTHORITY\SYSTEM</Data>
      
        
    </EventData>
    
    
  </Event>
  
    
  
"
Microsoft-Windows-Sysmon/Operational,,,WinDev2309Eval,,,,08/05/2031 13:30:02,13,19596,SetValue,,,C:\Windows\System32\svchost.exe,,0x8000000000000000,4,,,0,,,,,,,{f57bd86a-36f8-658c-3e00-000000000f00},3588,3212,,,,,InvDB-CompileTimeClaim,2023-12-27T16:26:21.6991826Z,,"
                \REGISTRY\A\{b3b14332-edc6-625a-c682-62677f6d06d4}\Root\InventoryApplicationFile\iexplore.exe|4bb0745287b452cb\LinkDate",13,,5124,NT AUTHORITY\SYSTEM,S-1-5-18,2023-12-27 16:26:21.685,2,"<Event xmlns=""http://schemas.microsoft.com/win/2004/08/events/event"">
    
        
    <System>
      
            
      <Provider Name=""Microsoft-Windows-Sysmon"" Guid=""{5770385f-c22a-43e0-bf4c-06f5698ffbd9}""/>
      
            
      <EventID>13</EventID>
      
            
      <Version>2</Version>
      
            
      <Level>4</Level>
      
            
      <Task>13</Task>
      
            
      <Opcode>0</Opcode>
      
            
      <Keywords>0x8000000000000000</Keywords>
      
            
      <TimeCreated SystemTime=""2023-12-27T16:26:21.6991826Z""/>
      
            
      <EventRecordID>19596</EventRecordID>
      
            
      <Correlation/>
      
            
      <Execution ProcessID=""3588"" ThreadID=""5124""/>
      
            
      <Channel>Microsoft-Windows-Sysmon/Operational</Channel>
      
            
      <Computer>WinDev2309Eval</Computer>
      
            
      <Security UserID=""S-1-5-18""/>
      
        
    </System>
    
        
    <EventData>
      
            
      <Data Name=""RuleName"">InvDB-CompileTimeClaim</Data>
      
            
      <Data Name=""EventType"">SetValue</Data>
      
            
      <Data Name=""UtcTime"">2023-12-27 16:26:21.685</Data>
      
            
      <Data Name=""ProcessGuid"">{f57bd86a-36f8-658c-3e00-000000000f00}</Data>
      
            
      <Data Name=""ProcessId"">3212</Data>
      
            
      <Data Name=""Image"">C:\Windows\System32\svchost.exe</Data>
      
            
      <Data Name=""TargetObject"">
                \REGISTRY\A\{b3b14332-edc6-625a-c682-62677f6d06d4}\Root\InventoryApplicationFile\iexplore.exe|4bb0745287b452cb\LinkDate</Data>
      
            
      <Data Name=""Details"">08/05/2031 13:30:02</Data>
      
            
      <Data Name=""User"">NT AUTHORITY\SYSTEM</Data>
      
        
    </EventData>
    
    
  </Event>
  
    
  
"
Microsoft-Windows-Sysmon/Operational,,,WinDev2309Eval,,,,microsoft corporation,13,19595,SetValue,,,C:\Windows\System32\svchost.exe,,0x8000000000000000,4,,,0,,,,,,,{f57bd86a-36f8-658c-3e00-000000000f00},3588,3212,,,,,InvDB-Pub,2023-12-27T16:26:21.6987948Z,,"
                \REGISTRY\A\{b3b14332-edc6-625a-c682-62677f6d06d4}\Root\InventoryApplicationFile\iexplore.exe|4bb0745287b452cb\Publisher",13,,5124,NT AUTHORITY\SYSTEM,S-1-5-18,2023-12-27 16:26:21.685,2,"<Event xmlns=""http://schemas.microsoft.com/win/2004/08/events/event"">
    
        
    <System>
      
            
      <Provider Name=""Microsoft-Windows-Sysmon"" Guid=""{5770385f-c22a-43e0-bf4c-06f5698ffbd9}""/>
      
            
      <EventID>13</EventID>
      
            
      <Version>2</Version>
      
            
      <Level>4</Level>
      
            
      <Task>13</Task>
      
            
      <Opcode>0</Opcode>
      
            
      <Keywords>0x8000000000000000</Keywords>
      
            
      <TimeCreated SystemTime=""2023-12-27T16:26:21.6987948Z""/>
      
            
      <EventRecordID>19595</EventRecordID>
      
            
      <Correlation/>
      
            
      <Execution ProcessID=""3588"" ThreadID=""5124""/>
      
            
      <Channel>Microsoft-Windows-Sysmon/Operational</Channel>
      
            
      <Computer>WinDev2309Eval</Computer>
      
            
      <Security UserID=""S-1-5-18""/>
      
        
    </System>
    
        
    <EventData>
      
            
      <Data Name=""RuleName"">InvDB-Pub</Data>
      
            
      <Data Name=""EventType"">SetValue</Data>
      
            
      <Data Name=""UtcTime"">2023-12-27 16:26:21.685</Data>
      
            
      <Data Name=""ProcessGuid"">{f57bd86a-36f8-658c-3e00-000000000f00}</Data>
      
            
      <Data Name=""ProcessId"">3212</Data>
      
            
      <Data Name=""Image"">C:\Windows\System32\svchost.exe</Data>
      
            
      <Data Name=""TargetObject"">
                \REGISTRY\A\{b3b14332-edc6-625a-c682-62677f6d06d4}\Root\InventoryApplicationFile\iexplore.exe|4bb0745287b452cb\Publisher</Data>
      
            
      <Data Name=""Details"">microsoft corporation</Data>
      
            
      <Data Name=""User"">NT AUTHORITY\SYSTEM</Data>
      
        
    </EventData>
    
    
  </Event>
  
    
  
"
Microsoft-Windows-Sysmon/Operational,,,WinDev2309Eval,,,,c:\program files\internet explorer\iexplore.exe,13,19594,SetValue,,,C:\Windows\System32\svchost.exe,,0x8000000000000000,4,,,0,,,,,,,{f57bd86a-36f8-658c-3e00-000000000f00},3588,3212,,,,,InvDB-Path,2023-12-27T16:26:21.6985456Z,,"
                \REGISTRY\A\{b3b14332-edc6-625a-c682-62677f6d06d4}\Root\InventoryApplicationFile\iexplore.exe|4bb0745287b452cb\LowerCaseLongPath",13,,5124,NT AUTHORITY\SYSTEM,S-1-5-18,2023-12-27 16:26:21.685,2,"<Event xmlns=""http://schemas.microsoft.com/win/2004/08/events/event"">
    
        
    <System>
      
            
      <Provider Name=""Microsoft-Windows-Sysmon"" Guid=""{5770385f-c22a-43e0-bf4c-06f5698ffbd9}""/>
      
            
      <EventID>13</EventID>
      
            
      <Version>2</Version>
      
            
      <Level>4</Level>
      
            
      <Task>13</Task>
      
            
      <Opcode>0</Opcode>
      
            
      <Keywords>0x8000000000000000</Keywords>
      
            
      <TimeCreated SystemTime=""2023-12-27T16:26:21.6985456Z""/>
      
            
      <EventRecordID>19594</EventRecordID>
      
            
      <Correlation/>
      
            
      <Execution ProcessID=""3588"" ThreadID=""5124""/>
      
            
      <Channel>Microsoft-Windows-Sysmon/Operational</Channel>
      
            
      <Computer>WinDev2309Eval</Computer>
      
            
      <Security UserID=""S-1-5-18""/>
      
        
    </System>
    
        
    <EventData>
      
            
      <Data Name=""RuleName"">InvDB-Path</Data>
      
            
      <Data Name=""EventType"">SetValue</Data>
      
            
      <Data Name=""UtcTime"">2023-12-27 16:26:21.685</Data>
      
            
      <Data Name=""ProcessGuid"">{f57bd86a-36f8-658c-3e00-000000000f00}</Data>
      
            
      <Data Name=""ProcessId"">3212</Data>
      
            
      <Data Name=""Image"">C:\Windows\System32\svchost.exe</Data>
      
            
      <Data Name=""TargetObject"">
                \REGISTRY\A\{b3b14332-edc6-625a-c682-62677f6d06d4}\Root\InventoryApplicationFile\iexplore.exe|4bb0745287b452cb\LowerCaseLongPath</Data>
      
            
      <Data Name=""Details"">c:\program files\internet explorer\iexplore.exe</Data>
      
            
      <Data Name=""User"">NT AUTHORITY\SYSTEM</Data>
      
        
    </EventData>
    
    
  </Event>
  
    
  
"
Microsoft-Windows-Sysmon/Operational,"""C:\Program Files (x86)\Internet Explorer\IEXPLORE.EXE""
                SCODEF:5692 CREDAT:9474 /prefetch:2",Microsoft Corporation,WinDev2309Eval,,C:\Users\User\Desktop\,Internet Explorer,,1,19593,,11.00.22621.1 (WinBuild.160101.0800),"
                MD5=E6AEDEE43D6D582FEF630C2C2E0F39CF,SHA256=E613013CB4701A605EE070D219A7D6091E700BB41D2DE486D7C4BF42D53E55F5,IMPHASH=739BFBDC12CE8C778629672A4C525464",C:\Program Files (x86)\Internet Explorer\iexplore.exe,Low,0x8000000000000000,4,{f57bd86a-36f9-658c-7bf8-020000000000},0x2f87b,0,IEXPLORE.EXE,"""C:\Program Files\Internet Explorer\iexplore.exe""
                -Embedding",C:\Program Files\Internet Explorer\iexplore.exe,{f57bd86a-502c-658c-ce01-000000000f00},5692,WINDEV2309EVAL\User,{f57bd86a-502d-658c-cf01-000000000f00},3588,11188,Internet Explorer,,,,-,2023-12-27T16:26:21.0448677Z,,,1,1,5124,WINDEV2309EVAL\User,S-1-5-18,2023-12-27 16:26:21.038,5,"<Event xmlns=""http://schemas.microsoft.com/win/2004/08/events/event"">
    
        
    <System>
      
            
      <Provider Name=""Microsoft-Windows-Sysmon"" Guid=""{5770385f-c22a-43e0-bf4c-06f5698ffbd9}""/>
      
            
      <EventID>1</EventID>
      
            
      <Version>5</Version>
      
            
      <Level>4</Level>
      
            
      <Task>1</Task>
      
            
      <Opcode>0</Opcode>
      
            
      <Keywords>0x8000000000000000</Keywords>
      
            
      <TimeCreated SystemTime=""2023-12-27T16:26:21.0448677Z""/>
      
            
      <EventRecordID>19593</EventRecordID>
      
            
      <Correlation/>
      
            
      <Execution ProcessID=""3588"" ThreadID=""5124""/>
      
            
      <Channel>Microsoft-Windows-Sysmon/Operational</Channel>
      
            
      <Computer>WinDev2309Eval</Computer>
      
            
      <Security UserID=""S-1-5-18""/>
      
        
    </System>
    
        
    <EventData>
      
            
      <Data Name=""RuleName"">-</Data>
      
            
      <Data Name=""UtcTime"">2023-12-27 16:26:21.038</Data>
      
            
      <Data Name=""ProcessGuid"">{f57bd86a-502d-658c-cf01-000000000f00}</Data>
      
            
      <Data Name=""ProcessId"">11188</Data>
      
            
      <Data Name=""Image"">C:\Program Files (x86)\Internet Explorer\iexplore.exe</Data>
      
            
      <Data Name=""FileVersion"">11.00.22621.1 (WinBuild.160101.0800)</Data>
      
            
      <Data Name=""Description"">Internet Explorer</Data>
      
            
      <Data Name=""Product"">Internet Explorer</Data>
      
            
      <Data Name=""Company"">Microsoft Corporation</Data>
      
            
      <Data Name=""OriginalFileName"">IEXPLORE.EXE</Data>
      
            
      <Data Name=""CommandLine"">""C:\Program Files (x86)\Internet Explorer\IEXPLORE.EXE""
                SCODEF:5692 CREDAT:9474 /prefetch:2</Data>
      
            
      <Data Name=""CurrentDirectory"">C:\Users\User\Desktop\</Data>
      
            
      <Data Name=""User"">WINDEV2309EVAL\User</Data>
      
            
      <Data Name=""LogonGuid"">{f57bd86a-36f9-658c-7bf8-020000000000}</Data>
      
            
      <Data Name=""LogonId"">0x2f87b</Data>
      
            
      <Data Name=""TerminalSessionId"">1</Data>
      
            
      <Data Name=""IntegrityLevel"">Low</Data>
      
            
      <Data Name=""Hashes"">
                MD5=E6AEDEE43D6D582FEF630C2C2E0F39CF,SHA256=E613013CB4701A605EE070D219A7D6091E700BB41D2DE486D7C4BF42D53E55F5,IMPHASH=739BFBDC12CE8C778629672A4C525464</Data>
      
            
      <Data Name=""ParentProcessGuid"">{f57bd86a-502c-658c-ce01-000000000f00}</Data>
      
            
      <Data Name=""ParentProcessId"">5692</Data>
      
            
      <Data Name=""ParentImage"">C:\Program Files\Internet Explorer\iexplore.exe</Data>
      
            
      <Data Name=""ParentCommandLine"">""C:\Program Files\Internet Explorer\iexplore.exe""
                -Embedding</Data>
      
            
      <Data Name=""ParentUser"">WINDEV2309EVAL\User</Data>
      
        
    </EventData>
    
    
  </Event>
  
    
  
"
Microsoft-Windows-Sysmon/Operational,"""C:\Program Files\Internet Explorer\iexplore.exe"" -Embedding",Microsoft Corporation,WinDev2309Eval,,C:\Windows\system32\,Internet Explorer,,1,19592,,11.00.22621.1 (WinBuild.160101.0800),"
                MD5=38DB285C10EFF53A83B862A714C748BC,SHA256=2551F9B7FF95785386C2AC58A033DBCC0537B84A05ACEFB0D4EF3AD5A955A281,IMPHASH=02738E38346837AF1FB5D756FD4FA9BA",C:\Program Files\Internet Explorer\iexplore.exe,Medium,0x8000000000000000,4,{f57bd86a-36f9-658c-7bf8-020000000000},0x2f87b,0,IEXPLORE.EXE,C:\Windows\system32\svchost.exe -k DcomLaunch -p,C:\Windows\System32\svchost.exe,{f57bd86a-36f5-658c-0d00-000000000f00},932,NT AUTHORITY\SYSTEM,{f57bd86a-502c-658c-ce01-000000000f00},3588,5692,Internet Explorer,,,,-,2023-12-27T16:26:20.7578925Z,,,1,1,5124,WINDEV2309EVAL\User,S-1-5-18,2023-12-27 16:26:20.752,5,"<Event xmlns=""http://schemas.microsoft.com/win/2004/08/events/event"">
    
        
    <System>
      
            
      <Provider Name=""Microsoft-Windows-Sysmon"" Guid=""{5770385f-c22a-43e0-bf4c-06f5698ffbd9}""/>
      
            
      <EventID>1</EventID>
      
            
      <Version>5</Version>
      
            
      <Level>4</Level>
      
            
      <Task>1</Task>
      
            
      <Opcode>0</Opcode>
      
            
      <Keywords>0x8000000000000000</Keywords>
      
            
      <TimeCreated SystemTime=""2023-12-27T16:26:20.7578925Z""/>
      
            
      <EventRecordID>19592</EventRecordID>
      
            
      <Correlation/>
      
            
      <Execution ProcessID=""3588"" ThreadID=""5124""/>
      
            
      <Channel>Microsoft-Windows-Sysmon/Operational</Channel>
      
            
      <Computer>WinDev2309Eval</Computer>
      
            
      <Security UserID=""S-1-5-18""/>
      
        
    </System>
    
        
    <EventData>
      
            
      <Data Name=""RuleName"">-</Data>
      
            
      <Data Name=""UtcTime"">2023-12-27 16:26:20.752</Data>
      
            
      <Data Name=""ProcessGuid"">{f57bd86a-502c-658c-ce01-000000000f00}</Data>
      
            
      <Data Name=""ProcessId"">5692</Data>
      
            
      <Data Name=""Image"">C:\Program Files\Internet Explorer\iexplore.exe</Data>
      
            
      <Data Name=""FileVersion"">11.00.22621.1 (WinBuild.160101.0800)</Data>
      
            
      <Data Name=""Description"">Internet Explorer</Data>
      
            
      <Data Name=""Product"">Internet Explorer</Data>
      
            
      <Data Name=""Company"">Microsoft Corporation</Data>
      
            
      <Data Name=""OriginalFileName"">IEXPLORE.EXE</Data>
      
            
      <Data Name=""CommandLine"">""C:\Program Files\Internet Explorer\iexplore.exe"" -Embedding</Data>
      
            
      <Data Name=""CurrentDirectory"">C:\Windows\system32\</Data>
      
            
      <Data Name=""User"">WINDEV2309EVAL\User</Data>
      
            
      <Data Name=""LogonGuid"">{f57bd86a-36f9-658c-7bf8-020000000000}</Data>
      
            
      <Data Name=""LogonId"">0x2f87b</Data>
      
            
      <Data Name=""TerminalSessionId"">1</Data>
      
            
      <Data Name=""IntegrityLevel"">Medium</Data>
      
            
      <Data Name=""Hashes"">
                MD5=38DB285C10EFF53A83B862A714C748BC,SHA256=2551F9B7FF95785386C2AC58A033DBCC0537B84A05ACEFB0D4EF3AD5A955A281,IMPHASH=02738E38346837AF1FB5D756FD4FA9BA</Data>
      
            
      <Data Name=""ParentProcessGuid"">{f57bd86a-36f5-658c-0d00-000000000f00}</Data>
      
            
      <Data Name=""ParentProcessId"">932</Data>
      
            
      <Data Name=""ParentImage"">C:\Windows\System32\svchost.exe</Data>
      
            
      <Data Name=""ParentCommandLine"">C:\Windows\system32\svchost.exe -k DcomLaunch -p</Data>
      
            
      <Data Name=""ParentUser"">NT AUTHORITY\SYSTEM</Data>
      
        
    </EventData>
    
    
  </Event>
  
    
  
"
Microsoft-Windows-Sysmon/Operational,"""C:\Program Files (x86)\Internet Explorer\ielowutil.exe""
                -CLSID:{0002DF01-0000-0000-C000-000000000046} -Embedding",Microsoft Corporation,WinDev2309Eval,,C:\Windows\system32\,Internet Low-Mic Utility Tool,,1,19591,,11.00.22621.1 (WinBuild.160101.0800),"
                MD5=51044B9B1660200B4C9FD424E39860CD,SHA256=229E780F009C6B900D0B193D1AE9FCAA6F821E10964552663FD163D37718D561,IMPHASH=B1273C7C9CEBBF26F823E0EA4F0E7827",C:\Program Files (x86)\Internet Explorer\ielowutil.exe,Medium,0x8000000000000000,4,{f57bd86a-36f9-658c-7bf8-020000000000},0x2f87b,0,ielowutil.exe,C:\Windows\system32\svchost.exe -k DcomLaunch -p,C:\Windows\System32\svchost.exe,{f57bd86a-36f5-658c-0d00-000000000f00},932,NT AUTHORITY\SYSTEM,{f57bd86a-502c-658c-cd01-000000000f00},3588,9660,Internet Explorer,,,,-,2023-12-27T16:26:20.4308270Z,,,1,1,5124,WINDEV2309EVAL\User,S-1-5-18,2023-12-27 16:26:20.425,5,"<Event xmlns=""http://schemas.microsoft.com/win/2004/08/events/event"">
    
        
    <System>
      
            
      <Provider Name=""Microsoft-Windows-Sysmon"" Guid=""{5770385f-c22a-43e0-bf4c-06f5698ffbd9}""/>
      
            
      <EventID>1</EventID>
      
            
      <Version>5</Version>
      
            
      <Level>4</Level>
      
            
      <Task>1</Task>
      
            
      <Opcode>0</Opcode>
      
            
      <Keywords>0x8000000000000000</Keywords>
      
            
      <TimeCreated SystemTime=""2023-12-27T16:26:20.4308270Z""/>
      
            
      <EventRecordID>19591</EventRecordID>
      
            
      <Correlation/>
      
            
      <Execution ProcessID=""3588"" ThreadID=""5124""/>
      
            
      <Channel>Microsoft-Windows-Sysmon/Operational</Channel>
      
            
      <Computer>WinDev2309Eval</Computer>
      
            
      <Security UserID=""S-1-5-18""/>
      
        
    </System>
    
        
    <EventData>
      
            
      <Data Name=""RuleName"">-</Data>
      
            
      <Data Name=""UtcTime"">2023-12-27 16:26:20.425</Data>
      
            
      <Data Name=""ProcessGuid"">{f57bd86a-502c-658c-cd01-000000000f00}</Data>
      
            
      <Data Name=""ProcessId"">9660</Data>
      
            
      <Data Name=""Image"">C:\Program Files (x86)\Internet Explorer\ielowutil.exe</Data>
      
            
      <Data Name=""FileVersion"">11.00.22621.1 (WinBuild.160101.0800)</Data>
      
            
      <Data Name=""Description"">Internet Low-Mic Utility Tool</Data>
      
            
      <Data Name=""Product"">Internet Explorer</Data>
      
            
      <Data Name=""Company"">Microsoft Corporation</Data>
      
            
      <Data Name=""OriginalFileName"">ielowutil.exe</Data>
      
            
      <Data Name=""CommandLine"">""C:\Program Files (x86)\Internet Explorer\ielowutil.exe""
                -CLSID:{0002DF01-0000-0000-C000-000000000046} -Embedding</Data>
      
            
      <Data Name=""CurrentDirectory"">C:\Windows\system32\</Data>
      
            
      <Data Name=""User"">WINDEV2309EVAL\User</Data>
      
            
      <Data Name=""LogonGuid"">{f57bd86a-36f9-658c-7bf8-020000000000}</Data>
      
            
      <Data Name=""LogonId"">0x2f87b</Data>
      
            
      <Data Name=""TerminalSessionId"">1</Data>
      
            
      <Data Name=""IntegrityLevel"">Medium</Data>
      
            
      <Data Name=""Hashes"">
                MD5=51044B9B1660200B4C9FD424E39860CD,SHA256=229E780F009C6B900D0B193D1AE9FCAA6F821E10964552663FD163D37718D561,IMPHASH=B1273C7C9CEBBF26F823E0EA4F0E7827</Data>
      
            
      <Data Name=""ParentProcessGuid"">{f57bd86a-36f5-658c-0d00-000000000f00}</Data>
      
            
      <Data Name=""ParentProcessId"">932</Data>
      
            
      <Data Name=""ParentImage"">C:\Windows\System32\svchost.exe</Data>
      
            
      <Data Name=""ParentCommandLine"">C:\Windows\system32\svchost.exe -k DcomLaunch -p</Data>
      
            
      <Data Name=""ParentUser"">NT AUTHORITY\SYSTEM</Data>
      
        
    </EventData>
    
    
  </Event>
  
    
  
"
Microsoft-Windows-Sysmon/Operational,,,WinDev2309Eval,2023-12-27 16:26:16.971,,,,11,19590,,,,C:\Windows\System32\WindowsPowerShell\v1.0\powershell.exe,,0x8000000000000000,4,,,0,,,,,,,{f57bd86a-5028-658c-cb01-000000000f00},3588,7528,,,,,-,2023-12-27T16:26:16.9823763Z,"
                C:\Users\User\AppData\Local\Temp\__PSScriptPolicyTest_vvdq20fi.li2.ps1",,11,,5124,WINDEV2309EVAL\User,S-1-5-18,2023-12-27 16:26:16.971,2,"<Event xmlns=""http://schemas.microsoft.com/win/2004/08/events/event"">
    
        
    <System>
      
            
      <Provider Name=""Microsoft-Windows-Sysmon"" Guid=""{5770385f-c22a-43e0-bf4c-06f5698ffbd9}""/>
      
            
      <EventID>11</EventID>
      
            
      <Version>2</Version>
      
            
      <Level>4</Level>
      
            
      <Task>11</Task>
      
            
      <Opcode>0</Opcode>
      
            
      <Keywords>0x8000000000000000</Keywords>
      
            
      <TimeCreated SystemTime=""2023-12-27T16:26:16.9823763Z""/>
      
            
      <EventRecordID>19590</EventRecordID>
      
            
      <Correlation/>
      
            
      <Execution ProcessID=""3588"" ThreadID=""5124""/>
      
            
      <Channel>Microsoft-Windows-Sysmon/Operational</Channel>
      
            
      <Computer>WinDev2309Eval</Computer>
      
            
      <Security UserID=""S-1-5-18""/>
      
        
    </System>
    
        
    <EventData>
      
            
      <Data Name=""RuleName"">-</Data>
      
            
      <Data Name=""UtcTime"">2023-12-27 16:26:16.971</Data>
      
            
      <Data Name=""ProcessGuid"">{f57bd86a-5028-658c-cb01-000000000f00}</Data>
      
            
      <Data Name=""ProcessId"">7528</Data>
      
            
      <Data Name=""Image"">C:\Windows\System32\WindowsPowerShell\v1.0\powershell.exe</Data>
      
            
      <Data Name=""TargetFilename"">
                C:\Users\User\AppData\Local\Temp\__PSScriptPolicyTest_vvdq20fi.li2.ps1</Data>
      
            
      <Data Name=""CreationUtcTime"">2023-12-27 16:26:16.971</Data>
      
            
      <Data Name=""User"">WINDEV2309EVAL\User</Data>
      
        
    </EventData>
    
    
  </Event>
  
    
  
"
Microsoft-Windows-Sysmon/Operational,"""powershell.exe"" & {New-PSDrive -PSProvider registry -Root
                HKEY_CLASSES_ROOT -Name HKCR
                Get-ChildItem -Path HKCR:\CLSID -Name | Select -Skip 1 > $env:temp\clsids.txt
                ForEach($CLSID in Get-Content \""""$env:temp\clsids.txt\"""")
                {try{write-output \""""$($Position)-$($CLSID)\""""
                write-output \""""------------\""""| out-file $env:temp\T1592.002Test1.txt -append
                write-output $($CLSID)| out-file $env:temp\T1592.002Test1.txt -append
                $handle=[activator]::CreateInstance([type]::GetTypeFromCLSID($CLSID))
                $handle | get-member -erroraction silentlycontinue | out-file
                $env:temp\T1592.002Test1.txt -append
                $position += 1} catch{}}}",Microsoft Corporation,WinDev2309Eval,,C:\Users\User\AppData\Local\Temp\,Windows PowerShell,,1,19589,,10.0.22621.2506 (WinBuild.160101.0800),"
                MD5=2D1D70C92A419D9079B047954C611886,SHA256=C50057756CDB25D481CF2502ABCEF124F864C27618C5057468BFC6B82B2C4EDD,IMPHASH=E09C4F82A1DA13A09F4FF2E625FEBA20",C:\Windows\System32\WindowsPowerShell\v1.0\powershell.exe,Medium,0x8000000000000000,4,{f57bd86a-36f9-658c-7bf8-020000000000},0x2f87b,0,PowerShell.EXE,-,-,{00000000-0000-0000-0000-000000000000},1688,-,{f57bd86a-5028-658c-cb01-000000000f00},3588,7528,Microsoft® Windows® Operating System,,,,-,2023-12-27T16:26:16.8788588Z,,,1,1,5124,WINDEV2309EVAL\User,S-1-5-18,2023-12-27 16:26:16.877,5,"<Event xmlns=""http://schemas.microsoft.com/win/2004/08/events/event"">
    
        
    <System>
      
            
      <Provider Name=""Microsoft-Windows-Sysmon"" Guid=""{5770385f-c22a-43e0-bf4c-06f5698ffbd9}""/>
      
            
      <EventID>1</EventID>
      
            
      <Version>5</Version>
      
            
      <Level>4</Level>
      
            
      <Task>1</Task>
      
            
      <Opcode>0</Opcode>
      
            
      <Keywords>0x8000000000000000</Keywords>
      
            
      <TimeCreated SystemTime=""2023-12-27T16:26:16.8788588Z""/>
      
            
      <EventRecordID>19589</EventRecordID>
      
            
      <Correlation/>
      
            
      <Execution ProcessID=""3588"" ThreadID=""5124""/>
      
            
      <Channel>Microsoft-Windows-Sysmon/Operational</Channel>
      
            
      <Computer>WinDev2309Eval</Computer>
      
            
      <Security UserID=""S-1-5-18""/>
      
        
    </System>
    
        
    <EventData>
      
            
      <Data Name=""RuleName"">-</Data>
      
            
      <Data Name=""UtcTime"">2023-12-27 16:26:16.877</Data>
      
            
      <Data Name=""ProcessGuid"">{f57bd86a-5028-658c-cb01-000000000f00}</Data>
      
            
      <Data Name=""ProcessId"">7528</Data>
      
            
      <Data Name=""Image"">C:\Windows\System32\WindowsPowerShell\v1.0\powershell.exe</Data>
      
            
      <Data Name=""FileVersion"">10.0.22621.2506 (WinBuild.160101.0800)</Data>
      
            
      <Data Name=""Description"">Windows PowerShell</Data>
      
            
      <Data Name=""Product"">Microsoft&#174; Windows&#174; Operating System</Data>
      
            
      <Data Name=""Company"">Microsoft Corporation</Data>
      
            
      <Data Name=""OriginalFileName"">PowerShell.EXE</Data>
      
            
      <Data Name=""CommandLine"">""powershell.exe"" &amp; {New-PSDrive -PSProvider registry -Root
                HKEY_CLASSES_ROOT -Name HKCR
                Get-ChildItem -Path HKCR:\CLSID -Name | Select -Skip 1 &gt; $env:temp\clsids.txt
                ForEach($CLSID in Get-Content \""""$env:temp\clsids.txt\"""")
                {try{write-output \""""$($Position)-$($CLSID)\""""
                write-output \""""------------\""""| out-file $env:temp\T1592.002Test1.txt -append
                write-output $($CLSID)| out-file $env:temp\T1592.002Test1.txt -append
                $handle=[activator]::CreateInstance([type]::GetTypeFromCLSID($CLSID))
                $handle | get-member -erroraction silentlycontinue | out-file
                $env:temp\T1592.002Test1.txt -append
                $position += 1} catch{}}}</Data>
      
            
      <Data Name=""CurrentDirectory"">C:\Users\User\AppData\Local\Temp\</Data>
      
            
      <Data Name=""User"">WINDEV2309EVAL\User</Data>
      
            
      <Data Name=""LogonGuid"">{f57bd86a-36f9-658c-7bf8-020000000000}</Data>
      
            
      <Data Name=""LogonId"">0x2f87b</Data>
      
            
      <Data Name=""TerminalSessionId"">1</Data>
      
            
      <Data Name=""IntegrityLevel"">Medium</Data>
      
            
      <Data Name=""Hashes"">
                MD5=2D1D70C92A419D9079B047954C611886,SHA256=C50057756CDB25D481CF2502ABCEF124F864C27618C5057468BFC6B82B2C4EDD,IMPHASH=E09C4F82A1DA13A09F4FF2E625FEBA20</Data>
      
            
      <Data Name=""ParentProcessGuid"">{00000000-0000-0000-0000-000000000000}</Data>
      
            
      <Data Name=""ParentProcessId"">1688</Data>
      
            
      <Data Name=""ParentImage"">-</Data>
      
            
      <Data Name=""ParentCommandLine"">-</Data>
      
            
      <Data Name=""ParentUser"">-</Data>
      
        
    </EventData>
    
    
  </Event>
  
    
  
"
