Microsoft-Windows-Sysmon/Operational,"""C:\Program Files\Windows Media Player\wmprph.exe"" -Embedding",Microsoft Corporation,WinDev2309Eval,,C:\Windows\system32\,Windows Media Player Rich Preview Handler,,1,19614,,12.0.22621.1 (WinBuild.160101.0800),"
                MD5=EECAD7174AFE434BEC3FE4E67B54FBF5,SHA256=D05F66A2AA4A82D7932494EBF54DB41EA16666FED3E83A1A36A6766B8441BB49,IMPHASH=C2FEAB1F7B285F193B030CE2AC98250E",C:\Program Files\Windows Media Player\wmprph.exe,Medium,0x8000000000000000,4,{f57bd86a-36f9-658c-7bf8-020000000000},0x2f87b,0,wmprph.exe,C:\Windows\system32\svchost.exe -k DcomLaunch -p,C:\Windows\System32\svchost.exe,{f57bd86a-36f5-658c-0d00-000000000f00},932,NT AUTHORITY\SYSTEM,{f57bd86a-5033-658c-e601-000000000f00},3588,9752,Microsoft® Windows® Operating System,,,,-,2023-12-27T16:26:27.9140771Z,,,1,1,5124,WINDEV2309EVAL\User,S-1-5-18,2023-12-27 16:26:27.911,5,"<Event xmlns=""http://schemas.microsoft.com/win/2004/08/events/event"">
    
        
    <System>
      
            
      <Provider Name=""Microsoft-Windows-Sysmon"" Guid=""{5770385f-c22a-43e0-bf4c-06f5698ffbd9}""/>
      
            
      <EventID>1</EventID>
      
            
      <Version>5</Version>
      
            
      <Level>4</Level>
      
            
      <Task>1</Task>
      
            
      <Opcode>0</Opcode>
      
            
      <Keywords>0x8000000000000000</Keywords>
      
            
      <TimeCreated SystemTime=""2023-12-27T16:26:27.9140771Z""/>
      
            
      <EventRecordID>19614</EventRecordID>
      
            
      <Correlation/>
      
            
      <Execution ProcessID=""3588"" ThreadID=""5124""/>
      
            
      <Channel>Microsoft-Windows-Sysmon/Operational</Channel>
      
            
      <Computer>WinDev2309Eval</Computer>
      
            
      <Security UserID=""S-1-5-18""/>
      
        
    </System>
    
        
    <EventData>
      
            
      <Data Name=""RuleName"">-</Data>
      
            
      <Data Name=""UtcTime"">2023-12-27 16:26:27.911</Data>
      
            
      <Data Name=""ProcessGuid"">{f57bd86a-5033-658c-e601-000000000f00}</Data>
      
            
      <Data Name=""ProcessId"">9752</Data>
      
            
      <Data Name=""Image"">C:\Program Files\Windows Media Player\wmprph.exe</Data>
      
            
      <Data Name=""FileVersion"">12.0.22621.1 (WinBuild.160101.0800)</Data>
      
            
      <Data Name=""Description"">Windows Media Player Rich Preview Handler</Data>
      
            
      <Data Name=""Product"">Microsoft&#174; Windows&#174; Operating System</Data>
      
            
      <Data Name=""Company"">Microsoft Corporation</Data>
      
            
      <Data Name=""OriginalFileName"">wmprph.exe</Data>
      
            
      <Data Name=""CommandLine"">""C:\Program Files\Windows Media Player\wmprph.exe"" -Embedding</Data>
      
            
      <Data Name=""CurrentDirectory"">C:\Windows\system32\</Data>
      
            
      <Data Name=""User"">WINDEV2309EVAL\User</Data>
      
            
      <Data Name=""LogonGuid"">{f57bd86a-36f9-658c-7bf8-020000000000}</Data>
      
            
      <Data Name=""LogonId"">0x2f87b</Data>
      
            
      <Data Name=""TerminalSessionId"">1</Data>
      
            
      <Data Name=""IntegrityLevel"">Medium</Data>
      
            
      <Data Name=""Hashes"">
                MD5=EECAD7174AFE434BEC3FE4E67B54FBF5,SHA256=D05F66A2AA4A82D7932494EBF54DB41EA16666FED3E83A1A36A6766B8441BB49,IMPHASH=C2FEAB1F7B285F193B030CE2AC98250E</Data>
      
            
      <Data Name=""ParentProcessGuid"">{f57bd86a-36f5-658c-0d00-000000000f00}</Data>
      
            
      <Data Name=""ParentProcessId"">932</Data>
      
            
      <Data Name=""ParentImage"">C:\Windows\System32\svchost.exe</Data>
      
            
      <Data Name=""ParentCommandLine"">C:\Windows\system32\svchost.exe -k DcomLaunch -p</Data>
      
            
      <Data Name=""ParentUser"">NT AUTHORITY\SYSTEM</Data>
      
        
    </EventData>
    
    
  </Event>
  
    
  
"
Microsoft-Windows-Sysmon/Operational,"C:\Windows\System32\svchost.exe -k LocalSystemNetworkRestricted
                -p -s Netman",Microsoft Corporation,WinDev2309Eval,,C:\Windows\system32\,Host Process for Windows Services,,1,19613,,10.0.22621.1 (WinBuild.160101.0800),"
                MD5=8EC922C7A58A8701AB481B7BE9644536,SHA256=949BFB5B4C7D58D92F3F9C5F8EC7CA4CEAFFD10EC5F0020F0A987C472D61C54B,IMPHASH=76B4BAE80D2C3B08BB062D97BF9CA791",C:\Windows\System32\svchost.exe,System,0x8000000000000000,4,{f57bd86a-36f5-658c-e703-000000000000},0x3e7,0,svchost.exe,C:\Windows\system32\services.exe,C:\Windows\System32\services.exe,{f57bd86a-36f5-658c-0b00-000000000f00},780,NT AUTHORITY\SYSTEM,{f57bd86a-5033-658c-e501-000000000f00},3588,10636,Microsoft® Windows® Operating System,,,,-,2023-12-27T16:26:27.8412674Z,,,1,0,5124,NT AUTHORITY\SYSTEM,S-1-5-18,2023-12-27 16:26:27.840,5,"<Event xmlns=""http://schemas.microsoft.com/win/2004/08/events/event"">
    
        
    <System>
      
            
      <Provider Name=""Microsoft-Windows-Sysmon"" Guid=""{5770385f-c22a-43e0-bf4c-06f5698ffbd9}""/>
      
            
      <EventID>1</EventID>
      
            
      <Version>5</Version>
      
            
      <Level>4</Level>
      
            
      <Task>1</Task>
      
            
      <Opcode>0</Opcode>
      
            
      <Keywords>0x8000000000000000</Keywords>
      
            
      <TimeCreated SystemTime=""2023-12-27T16:26:27.8412674Z""/>
      
            
      <EventRecordID>19613</EventRecordID>
      
            
      <Correlation/>
      
            
      <Execution ProcessID=""3588"" ThreadID=""5124""/>
      
            
      <Channel>Microsoft-Windows-Sysmon/Operational</Channel>
      
            
      <Computer>WinDev2309Eval</Computer>
      
            
      <Security UserID=""S-1-5-18""/>
      
        
    </System>
    
        
    <EventData>
      
            
      <Data Name=""RuleName"">-</Data>
      
            
      <Data Name=""UtcTime"">2023-12-27 16:26:27.840</Data>
      
            
      <Data Name=""ProcessGuid"">{f57bd86a-5033-658c-e501-000000000f00}</Data>
      
            
      <Data Name=""ProcessId"">10636</Data>
      
            
      <Data Name=""Image"">C:\Windows\System32\svchost.exe</Data>
      
            
      <Data Name=""FileVersion"">10.0.22621.1 (WinBuild.160101.0800)</Data>
      
            
      <Data Name=""Description"">Host Process for Windows Services</Data>
      
            
      <Data Name=""Product"">Microsoft&#174; Windows&#174; Operating System</Data>
      
            
      <Data Name=""Company"">Microsoft Corporation</Data>
      
            
      <Data Name=""OriginalFileName"">svchost.exe</Data>
      
            
      <Data Name=""CommandLine"">C:\Windows\System32\svchost.exe -k LocalSystemNetworkRestricted
                -p -s Netman</Data>
      
            
      <Data Name=""CurrentDirectory"">C:\Windows\system32\</Data>
      
            
      <Data Name=""User"">NT AUTHORITY\SYSTEM</Data>
      
            
      <Data Name=""LogonGuid"">{f57bd86a-36f5-658c-e703-000000000000}</Data>
      
            
      <Data Name=""LogonId"">0x3e7</Data>
      
            
      <Data Name=""TerminalSessionId"">0</Data>
      
            
      <Data Name=""IntegrityLevel"">System</Data>
      
            
      <Data Name=""Hashes"">
                MD5=8EC922C7A58A8701AB481B7BE9644536,SHA256=949BFB5B4C7D58D92F3F9C5F8EC7CA4CEAFFD10EC5F0020F0A987C472D61C54B,IMPHASH=76B4BAE80D2C3B08BB062D97BF9CA791</Data>
      
            
      <Data Name=""ParentProcessGuid"">{f57bd86a-36f5-658c-0b00-000000000f00}</Data>
      
            
      <Data Name=""ParentProcessId"">780</Data>
      
            
      <Data Name=""ParentImage"">C:\Windows\System32\services.exe</Data>
      
            
      <Data Name=""ParentCommandLine"">C:\Windows\system32\services.exe</Data>
      
            
      <Data Name=""ParentUser"">NT AUTHORITY\SYSTEM</Data>
      
        
    </EventData>
    
    
  </Event>
  
    
  
"
Microsoft-Windows-Sysmon/Operational,,,WinDev2309Eval,,,,Binary Data,13,19612,SetValue,,,C:\Windows\System32\WindowsPowerShell\v1.0\powershell.exe,,0x8000000000000000,4,,,0,,,,,,,{f57bd86a-5028-658c-cb01-000000000f00},3588,7528,,,,,-,2023-12-27T16:26:27.8224272Z,,"HKU\S-1-5-21-2835251196-2691927458-378326815-1000\Software\Microsoft\Windows\CurrentVersion\Shell
                Extensions\Cached\{AF9F2C0D-6B9F-4E32-A94D-A3E235A31BF7}
                {00000000-0000-0000-C000-000000000046} 0x1",13,,5124,WINDEV2309EVAL\User,S-1-5-18,2023-12-27 16:26:27.812,2,"<Event xmlns=""http://schemas.microsoft.com/win/2004/08/events/event"">
    
        
    <System>
      
            
      <Provider Name=""Microsoft-Windows-Sysmon"" Guid=""{5770385f-c22a-43e0-bf4c-06f5698ffbd9}""/>
      
            
      <EventID>13</EventID>
      
            
      <Version>2</Version>
      
            
      <Level>4</Level>
      
            
      <Task>13</Task>
      
            
      <Opcode>0</Opcode>
      
            
      <Keywords>0x8000000000000000</Keywords>
      
            
      <TimeCreated SystemTime=""2023-12-27T16:26:27.8224272Z""/>
      
            
      <EventRecordID>19612</EventRecordID>
      
            
      <Correlation/>
      
            
      <Execution ProcessID=""3588"" ThreadID=""5124""/>
      
            
      <Channel>Microsoft-Windows-Sysmon/Operational</Channel>
      
            
      <Computer>WinDev2309Eval</Computer>
      
            
      <Security UserID=""S-1-5-18""/>
      
        
    </System>
    
        
    <EventData>
      
            
      <Data Name=""RuleName"">-</Data>
      
            
      <Data Name=""EventType"">SetValue</Data>
      
            
      <Data Name=""UtcTime"">2023-12-27 16:26:27.812</Data>
      
            
      <Data Name=""ProcessGuid"">{f57bd86a-5028-658c-cb01-000000000f00}</Data>
      
            
      <Data Name=""ProcessId"">7528</Data>
      
            
      <Data Name=""Image"">C:\Windows\System32\WindowsPowerShell\v1.0\powershell.exe</Data>
      
            
      <Data Name=""TargetObject"">HKU\S-1-5-21-2835251196-2691927458-378326815-1000\Software\Microsoft\Windows\CurrentVersion\Shell
                Extensions\Cached\{AF9F2C0D-6B9F-4E32-A94D-A3E235A31BF7}
                {00000000-0000-0000-C000-000000000046} 0x1</Data>
      
            
      <Data Name=""Details"">Binary Data</Data>
      
            
      <Data Name=""User"">WINDEV2309EVAL\User</Data>
      
        
    </EventData>
    
    
  </Event>
  
    
  
"
Microsoft-Windows-Sysmon/Operational,"""C:\Windows\system32\verclsid.exe"" /S /C
                {AF9F2C0D-6B9F-4E32-A94D-A3E235A31BF7} /I {00000000-0000-0000-C000-000000000046} /X
                0x1",Microsoft Corporation,WinDev2309Eval,,C:\Users\User\AppData\Local\Temp\,Extension CLSID Verification Host,,1,19611,,10.0.22621.1 (WinBuild.160101.0800),"
                MD5=8323F5A0973B5715A7132A2121676642,SHA256=4DFEE721FF49F16696CE2C9A4BA066C4C7ACAFD8D3CE7609E417B0A0CFEAA72E,IMPHASH=FA65D753209C7382631265744DE49154",C:\Windows\System32\verclsid.exe,Medium,0x8000000000000000,4,{f57bd86a-36f9-658c-7bf8-020000000000},0x2f87b,0,verclsid.exe,"""powershell.exe"" & {New-PSDrive -PSProvider registry
                -Root HKEY_CLASSES_ROOT -Name HKCR
                Get-ChildItem -Path HKCR:\CLSID -Name | Select -Skip 1 > $env:temp\clsids.txt
                ForEach($CLSID in Get-Content \""""$env:temp\clsids.txt\"""")
                {try{write-output \""""$($Position)-$($CLSID)\""""
                write-output \""""------------\""""| out-file $env:temp\T1592.002Test1.txt -append
                write-output $($CLSID)| out-file $env:temp\T1592.002Test1.txt -append
                $handle=[activator]::CreateInstance([type]::GetTypeFromCLSID($CLSID))
                $handle | get-member -erroraction silentlycontinue | out-file
                $env:temp\T1592.002Test1.txt -append
                $position += 1} catch{}}}",C:\Windows\System32\WindowsPowerShell\v1.0\powershell.exe,{f57bd86a-5028-658c-cb01-000000000f00},7528,WINDEV2309EVAL\User,{f57bd86a-5033-658c-e401-000000000f00},3588,7936,Microsoft® Windows® Operating System,,,,-,2023-12-27T16:26:27.8028949Z,,,1,1,5124,WINDEV2309EVAL\User,S-1-5-18,2023-12-27 16:26:27.801,5,"<Event xmlns=""http://schemas.microsoft.com/win/2004/08/events/event"">
    
        
    <System>
      
            
      <Provider Name=""Microsoft-Windows-Sysmon"" Guid=""{5770385f-c22a-43e0-bf4c-06f5698ffbd9}""/>
      
            
      <EventID>1</EventID>
      
            
      <Version>5</Version>
      
            
      <Level>4</Level>
      
            
      <Task>1</Task>
      
            
      <Opcode>0</Opcode>
      
            
      <Keywords>0x8000000000000000</Keywords>
      
            
      <TimeCreated SystemTime=""2023-12-27T16:26:27.8028949Z""/>
      
            
      <EventRecordID>19611</EventRecordID>
      
            
      <Correlation/>
      
            
      <Execution ProcessID=""3588"" ThreadID=""5124""/>
      
            
      <Channel>Microsoft-Windows-Sysmon/Operational</Channel>
      
            
      <Computer>WinDev2309Eval</Computer>
      
            
      <Security UserID=""S-1-5-18""/>
      
        
    </System>
    
        
    <EventData>
      
            
      <Data Name=""RuleName"">-</Data>
      
            
      <Data Name=""UtcTime"">2023-12-27 16:26:27.801</Data>
      
            
      <Data Name=""ProcessGuid"">{f57bd86a-5033-658c-e401-000000000f00}</Data>
      
            
      <Data Name=""ProcessId"">7936</Data>
      
            
      <Data Name=""Image"">C:\Windows\System32\verclsid.exe</Data>
      
            
      <Data Name=""FileVersion"">10.0.22621.1 (WinBuild.160101.0800)</Data>
      
            
      <Data Name=""Description"">Extension CLSID Verification Host</Data>
      
            
      <Data Name=""Product"">Microsoft&#174; Windows&#174; Operating System</Data>
      
            
      <Data Name=""Company"">Microsoft Corporation</Data>
      
            
      <Data Name=""OriginalFileName"">verclsid.exe</Data>
      
            
      <Data Name=""CommandLine"">""C:\Windows\system32\verclsid.exe"" /S /C
                {AF9F2C0D-6B9F-4E32-A94D-A3E235A31BF7} /I {00000000-0000-0000-C000-000000000046} /X
                0x1</Data>
      
            
      <Data Name=""CurrentDirectory"">C:\Users\User\AppData\Local\Temp\</Data>
      
            
      <Data Name=""User"">WINDEV2309EVAL\User</Data>
      
            
      <Data Name=""LogonGuid"">{f57bd86a-36f9-658c-7bf8-020000000000}</Data>
      
            
      <Data Name=""LogonId"">0x2f87b</Data>
      
            
      <Data Name=""TerminalSessionId"">1</Data>
      
            
      <Data Name=""IntegrityLevel"">Medium</Data>
      
            
      <Data Name=""Hashes"">
                MD5=8323F5A0973B5715A7132A2121676642,SHA256=4DFEE721FF49F16696CE2C9A4BA066C4C7ACAFD8D3CE7609E417B0A0CFEAA72E,IMPHASH=FA65D753209C7382631265744DE49154</Data>
      
            
      <Data Name=""ParentProcessGuid"">{f57bd86a-5028-658c-cb01-000000000f00}</Data>
      
            
      <Data Name=""ParentProcessId"">7528</Data>
      
            
      <Data Name=""ParentImage"">C:\Windows\System32\WindowsPowerShell\v1.0\powershell.exe</Data>
      
            
      <Data Name=""ParentCommandLine"">""powershell.exe"" &amp; {New-PSDrive -PSProvider registry
                -Root HKEY_CLASSES_ROOT -Name HKCR
                Get-ChildItem -Path HKCR:\CLSID -Name | Select -Skip 1 &gt; $env:temp\clsids.txt
                ForEach($CLSID in Get-Content \""""$env:temp\clsids.txt\"""")
                {try{write-output \""""$($Position)-$($CLSID)\""""
                write-output \""""------------\""""| out-file $env:temp\T1592.002Test1.txt -append
                write-output $($CLSID)| out-file $env:temp\T1592.002Test1.txt -append
                $handle=[activator]::CreateInstance([type]::GetTypeFromCLSID($CLSID))
                $handle | get-member -erroraction silentlycontinue | out-file
                $env:temp\T1592.002Test1.txt -append
                $position += 1} catch{}}}</Data>
      
            
      <Data Name=""ParentUser"">WINDEV2309EVAL\User</Data>
      
        
    </EventData>
    
    
  </Event>
  
    
  
"
Microsoft-Windows-Sysmon/Operational,C:\Windows\system32\WinrsHost.exe -Embedding,Microsoft Corporation,WinDev2309Eval,,C:\Windows\system32\,Host Process for WinRM's Remote Shell plugin,,1,19610,,10.0.22621.1 (WinBuild.160101.0800),"
                MD5=82B7D0239F6240CB0163AA37AD15D2F6,SHA256=92797B305F231CCFF2A969854AE78AEC660FDAD3770FBA1C0496B705FF61B523,IMPHASH=F4493EAE4A8FB993B9A0B1F77FB558E2",C:\Windows\System32\winrshost.exe,Medium,0x8000000000000000,4,{f57bd86a-36f9-658c-7bf8-020000000000},0x2f87b,0,winrshost.exe,C:\Windows\system32\svchost.exe -k DcomLaunch -p,C:\Windows\System32\svchost.exe,{f57bd86a-36f5-658c-0d00-000000000f00},932,NT AUTHORITY\SYSTEM,{f57bd86a-5033-658c-e201-000000000f00},3588,8332,Microsoft® Windows® Operating System,,,,-,2023-12-27T16:26:27.5842066Z,,,1,1,5124,WINDEV2309EVAL\User,S-1-5-18,2023-12-27 16:26:27.581,5,"<Event xmlns=""http://schemas.microsoft.com/win/2004/08/events/event"">
    
        
    <System>
      
            
      <Provider Name=""Microsoft-Windows-Sysmon"" Guid=""{5770385f-c22a-43e0-bf4c-06f5698ffbd9}""/>
      
            
      <EventID>1</EventID>
      
            
      <Version>5</Version>
      
            
      <Level>4</Level>
      
            
      <Task>1</Task>
      
            
      <Opcode>0</Opcode>
      
            
      <Keywords>0x8000000000000000</Keywords>
      
            
      <TimeCreated SystemTime=""2023-12-27T16:26:27.5842066Z""/>
      
            
      <EventRecordID>19610</EventRecordID>
      
            
      <Correlation/>
      
            
      <Execution ProcessID=""3588"" ThreadID=""5124""/>
      
            
      <Channel>Microsoft-Windows-Sysmon/Operational</Channel>
      
            
      <Computer>WinDev2309Eval</Computer>
      
            
      <Security UserID=""S-1-5-18""/>
      
        
    </System>
    
        
    <EventData>
      
            
      <Data Name=""RuleName"">-</Data>
      
            
      <Data Name=""UtcTime"">2023-12-27 16:26:27.581</Data>
      
            
      <Data Name=""ProcessGuid"">{f57bd86a-5033-658c-e201-000000000f00}</Data>
      
            
      <Data Name=""ProcessId"">8332</Data>
      
            
      <Data Name=""Image"">C:\Windows\System32\winrshost.exe</Data>
      
            
      <Data Name=""FileVersion"">10.0.22621.1 (WinBuild.160101.0800)</Data>
      
            
      <Data Name=""Description"">Host Process for WinRM's Remote Shell plugin</Data>
      
            
      <Data Name=""Product"">Microsoft&#174; Windows&#174; Operating System</Data>
      
            
      <Data Name=""Company"">Microsoft Corporation</Data>
      
            
      <Data Name=""OriginalFileName"">winrshost.exe</Data>
      
            
      <Data Name=""CommandLine"">C:\Windows\system32\WinrsHost.exe -Embedding</Data>
      
            
      <Data Name=""CurrentDirectory"">C:\Windows\system32\</Data>
      
            
      <Data Name=""User"">WINDEV2309EVAL\User</Data>
      
            
      <Data Name=""LogonGuid"">{f57bd86a-36f9-658c-7bf8-020000000000}</Data>
      
            
      <Data Name=""LogonId"">0x2f87b</Data>
      
            
      <Data Name=""TerminalSessionId"">1</Data>
      
            
      <Data Name=""IntegrityLevel"">Medium</Data>
      
            
      <Data Name=""Hashes"">
                MD5=82B7D0239F6240CB0163AA37AD15D2F6,SHA256=92797B305F231CCFF2A969854AE78AEC660FDAD3770FBA1C0496B705FF61B523,IMPHASH=F4493EAE4A8FB993B9A0B1F77FB558E2</Data>
      
            
      <Data Name=""ParentProcessGuid"">{f57bd86a-36f5-658c-0d00-000000000f00}</Data>
      
            
      <Data Name=""ParentProcessId"">932</Data>
      
            
      <Data Name=""ParentImage"">C:\Windows\System32\svchost.exe</Data>
      
            
      <Data Name=""ParentCommandLine"">C:\Windows\system32\svchost.exe -k DcomLaunch -p</Data>
      
            
      <Data Name=""ParentUser"">NT AUTHORITY\SYSTEM</Data>
      
        
    </EventData>
    
    
  </Event>
  
    
  
"
Microsoft-Windows-Sysmon/Operational,C:\Windows\System32\EdpNotify.exe -Embedding,Microsoft Corporation,WinDev2309Eval,,C:\Windows\system32\,Microsoft Enterpise Data Protection,,1,19609,,10.0.22621.2506 (WinBuild.160101.0800),"
                MD5=4320C88DFE7D3DAD7CDA43CDD41CDFC9,SHA256=8547D62C8AADA28D508D283EA8AA0AB8B367A42398459F610ADFEF4D6694816B,IMPHASH=6B247CAD47B5CE87E83BBD3F31052DE4",C:\Windows\System32\edpnotify.exe,Medium,0x8000000000000000,4,{f57bd86a-36f9-658c-7bf8-020000000000},0x2f87b,0,EdpNotify.exe,C:\Windows\system32\svchost.exe -k DcomLaunch -p,C:\Windows\System32\svchost.exe,{f57bd86a-36f5-658c-0d00-000000000f00},932,NT AUTHORITY\SYSTEM,{f57bd86a-5033-658c-e101-000000000f00},3588,1900,Microsoft® Windows® Operating System,,,,-,2023-12-27T16:26:27.3699550Z,,,1,1,5124,WINDEV2309EVAL\User,S-1-5-18,2023-12-27 16:26:27.367,5,"<Event xmlns=""http://schemas.microsoft.com/win/2004/08/events/event"">
    
        
    <System>
      
            
      <Provider Name=""Microsoft-Windows-Sysmon"" Guid=""{5770385f-c22a-43e0-bf4c-06f5698ffbd9}""/>
      
            
      <EventID>1</EventID>
      
            
      <Version>5</Version>
      
            
      <Level>4</Level>
      
            
      <Task>1</Task>
      
            
      <Opcode>0</Opcode>
      
            
      <Keywords>0x8000000000000000</Keywords>
      
            
      <TimeCreated SystemTime=""2023-12-27T16:26:27.3699550Z""/>
      
            
      <EventRecordID>19609</EventRecordID>
      
            
      <Correlation/>
      
            
      <Execution ProcessID=""3588"" ThreadID=""5124""/>
      
            
      <Channel>Microsoft-Windows-Sysmon/Operational</Channel>
      
            
      <Computer>WinDev2309Eval</Computer>
      
            
      <Security UserID=""S-1-5-18""/>
      
        
    </System>
    
        
    <EventData>
      
            
      <Data Name=""RuleName"">-</Data>
      
            
      <Data Name=""UtcTime"">2023-12-27 16:26:27.367</Data>
      
            
      <Data Name=""ProcessGuid"">{f57bd86a-5033-658c-e101-000000000f00}</Data>
      
            
      <Data Name=""ProcessId"">1900</Data>
      
            
      <Data Name=""Image"">C:\Windows\System32\edpnotify.exe</Data>
      
            
      <Data Name=""FileVersion"">10.0.22621.2506 (WinBuild.160101.0800)</Data>
      
            
      <Data Name=""Description"">Microsoft Enterpise Data Protection</Data>
      
            
      <Data Name=""Product"">Microsoft&#174; Windows&#174; Operating System</Data>
      
            
      <Data Name=""Company"">Microsoft Corporation</Data>
      
            
      <Data Name=""OriginalFileName"">EdpNotify.exe</Data>
      
            
      <Data Name=""CommandLine"">C:\Windows\System32\EdpNotify.exe -Embedding</Data>
      
            
      <Data Name=""CurrentDirectory"">C:\Windows\system32\</Data>
      
            
      <Data Name=""User"">WINDEV2309EVAL\User</Data>
      
            
      <Data Name=""LogonGuid"">{f57bd86a-36f9-658c-7bf8-020000000000}</Data>
      
            
      <Data Name=""LogonId"">0x2f87b</Data>
      
            
      <Data Name=""TerminalSessionId"">1</Data>
      
            
      <Data Name=""IntegrityLevel"">Medium</Data>
      
            
      <Data Name=""Hashes"">
                MD5=4320C88DFE7D3DAD7CDA43CDD41CDFC9,SHA256=8547D62C8AADA28D508D283EA8AA0AB8B367A42398459F610ADFEF4D6694816B,IMPHASH=6B247CAD47B5CE87E83BBD3F31052DE4</Data>
      
            
      <Data Name=""ParentProcessGuid"">{f57bd86a-36f5-658c-0d00-000000000f00}</Data>
      
            
      <Data Name=""ParentProcessId"">932</Data>
      
            
      <Data Name=""ParentImage"">C:\Windows\System32\svchost.exe</Data>
      
            
      <Data Name=""ParentCommandLine"">C:\Windows\system32\svchost.exe -k DcomLaunch -p</Data>
      
            
      <Data Name=""ParentUser"">NT AUTHORITY\SYSTEM</Data>
      
        
    </EventData>
    
    
  </Event>
  
    
  
"
Microsoft-Windows-Sysmon/Operational,,,WinDev2309Eval,,,,Binary Data,13,19608,SetValue,,,C:\Windows\System32\WindowsPowerShell\v1.0\powershell.exe,,0x8000000000000000,4,,,0,,,,,,,{f57bd86a-5028-658c-cb01-000000000f00},3588,7528,,,,,-,2023-12-27T16:26:27.0746945Z,,"HKU\S-1-5-21-2835251196-2691927458-378326815-1000\Software\Microsoft\Windows\CurrentVersion\Shell
                Extensions\Cached\{0E5AAE11-A475-4C5B-AB00-C66DE400274E}
                {00000000-0000-0000-C000-000000000046} 0x1",13,,5124,WINDEV2309EVAL\User,S-1-5-18,2023-12-27 16:26:27.072,2,"<Event xmlns=""http://schemas.microsoft.com/win/2004/08/events/event"">
    
        
    <System>
      
            
      <Provider Name=""Microsoft-Windows-Sysmon"" Guid=""{5770385f-c22a-43e0-bf4c-06f5698ffbd9}""/>
      
            
      <EventID>13</EventID>
      
            
      <Version>2</Version>
      
            
      <Level>4</Level>
      
            
      <Task>13</Task>
      
            
      <Opcode>0</Opcode>
      
            
      <Keywords>0x8000000000000000</Keywords>
      
            
      <TimeCreated SystemTime=""2023-12-27T16:26:27.0746945Z""/>
      
            
      <EventRecordID>19608</EventRecordID>
      
            
      <Correlation/>
      
            
      <Execution ProcessID=""3588"" ThreadID=""5124""/>
      
            
      <Channel>Microsoft-Windows-Sysmon/Operational</Channel>
      
            
      <Computer>WinDev2309Eval</Computer>
      
            
      <Security UserID=""S-1-5-18""/>
      
        
    </System>
    
        
    <EventData>
      
            
      <Data Name=""RuleName"">-</Data>
      
            
      <Data Name=""EventType"">SetValue</Data>
      
            
      <Data Name=""UtcTime"">2023-12-27 16:26:27.072</Data>
      
            
      <Data Name=""ProcessGuid"">{f57bd86a-5028-658c-cb01-000000000f00}</Data>
      
            
      <Data Name=""ProcessId"">7528</Data>
      
            
      <Data Name=""Image"">C:\Windows\System32\WindowsPowerShell\v1.0\powershell.exe</Data>
      
            
      <Data Name=""TargetObject"">HKU\S-1-5-21-2835251196-2691927458-378326815-1000\Software\Microsoft\Windows\CurrentVersion\Shell
                Extensions\Cached\{0E5AAE11-A475-4C5B-AB00-C66DE400274E}
                {00000000-0000-0000-C000-000000000046} 0x1</Data>
      
            
      <Data Name=""Details"">Binary Data</Data>
      
            
      <Data Name=""User"">WINDEV2309EVAL\User</Data>
      
        
    </EventData>
    
    
  </Event>
  
    
  
"
Microsoft-Windows-Sysmon/Operational,"""C:\Windows\system32\verclsid.exe"" /S /C
                {0E5AAE11-A475-4C5B-AB00-C66DE400274E} /I {00000000-0000-0000-C000-000000000046} /X
                0x1",Microsoft Corporation,WinDev2309Eval,,C:\Users\User\AppData\Local\Temp\,Extension CLSID Verification Host,,1,19607,,10.0.22621.1 (WinBuild.160101.0800),"
                MD5=8323F5A0973B5715A7132A2121676642,SHA256=4DFEE721FF49F16696CE2C9A4BA066C4C7ACAFD8D3CE7609E417B0A0CFEAA72E,IMPHASH=FA65D753209C7382631265744DE49154",C:\Windows\System32\verclsid.exe,Medium,0x8000000000000000,4,{f57bd86a-36f9-658c-7bf8-020000000000},0x2f87b,0,verclsid.exe,"""powershell.exe"" & {New-PSDrive -PSProvider registry
                -Root HKEY_CLASSES_ROOT -Name HKCR
                Get-ChildItem -Path HKCR:\CLSID -Name | Select -Skip 1 > $env:temp\clsids.txt
                ForEach($CLSID in Get-Content \""""$env:temp\clsids.txt\"""")
                {try{write-output \""""$($Position)-$($CLSID)\""""
                write-output \""""------------\""""| out-file $env:temp\T1592.002Test1.txt -append
                write-output $($CLSID)| out-file $env:temp\T1592.002Test1.txt -append
                $handle=[activator]::CreateInstance([type]::GetTypeFromCLSID($CLSID))
                $handle | get-member -erroraction silentlycontinue | out-file
                $env:temp\T1592.002Test1.txt -append
                $position += 1} catch{}}}",C:\Windows\System32\WindowsPowerShell\v1.0\powershell.exe,{f57bd86a-5028-658c-cb01-000000000f00},7528,WINDEV2309EVAL\User,{f57bd86a-5033-658c-e001-000000000f00},3588,9960,Microsoft® Windows® Operating System,,,,-,2023-12-27T16:26:27.0460015Z,,,1,1,5124,WINDEV2309EVAL\User,S-1-5-18,2023-12-27 16:26:27.043,5,"<Event xmlns=""http://schemas.microsoft.com/win/2004/08/events/event"">
    
        
    <System>
      
            
      <Provider Name=""Microsoft-Windows-Sysmon"" Guid=""{5770385f-c22a-43e0-bf4c-06f5698ffbd9}""/>
      
            
      <EventID>1</EventID>
      
            
      <Version>5</Version>
      
            
      <Level>4</Level>
      
            
      <Task>1</Task>
      
            
      <Opcode>0</Opcode>
      
            
      <Keywords>0x8000000000000000</Keywords>
      
            
      <TimeCreated SystemTime=""2023-12-27T16:26:27.0460015Z""/>
      
            
      <EventRecordID>19607</EventRecordID>
      
            
      <Correlation/>
      
            
      <Execution ProcessID=""3588"" ThreadID=""5124""/>
      
            
      <Channel>Microsoft-Windows-Sysmon/Operational</Channel>
      
            
      <Computer>WinDev2309Eval</Computer>
      
            
      <Security UserID=""S-1-5-18""/>
      
        
    </System>
    
        
    <EventData>
      
            
      <Data Name=""RuleName"">-</Data>
      
            
      <Data Name=""UtcTime"">2023-12-27 16:26:27.043</Data>
      
            
      <Data Name=""ProcessGuid"">{f57bd86a-5033-658c-e001-000000000f00}</Data>
      
            
      <Data Name=""ProcessId"">9960</Data>
      
            
      <Data Name=""Image"">C:\Windows\System32\verclsid.exe</Data>
      
            
      <Data Name=""FileVersion"">10.0.22621.1 (WinBuild.160101.0800)</Data>
      
            
      <Data Name=""Description"">Extension CLSID Verification Host</Data>
      
            
      <Data Name=""Product"">Microsoft&#174; Windows&#174; Operating System</Data>
      
            
      <Data Name=""Company"">Microsoft Corporation</Data>
      
            
      <Data Name=""OriginalFileName"">verclsid.exe</Data>
      
            
      <Data Name=""CommandLine"">""C:\Windows\system32\verclsid.exe"" /S /C
                {0E5AAE11-A475-4C5B-AB00-C66DE400274E} /I {00000000-0000-0000-C000-000000000046} /X
                0x1</Data>
      
            
      <Data Name=""CurrentDirectory"">C:\Users\User\AppData\Local\Temp\</Data>
      
            
      <Data Name=""User"">WINDEV2309EVAL\User</Data>
      
            
      <Data Name=""LogonGuid"">{f57bd86a-36f9-658c-7bf8-020000000000}</Data>
      
            
      <Data Name=""LogonId"">0x2f87b</Data>
      
            
      <Data Name=""TerminalSessionId"">1</Data>
      
            
      <Data Name=""IntegrityLevel"">Medium</Data>
      
            
      <Data Name=""Hashes"">
                MD5=8323F5A0973B5715A7132A2121676642,SHA256=4DFEE721FF49F16696CE2C9A4BA066C4C7ACAFD8D3CE7609E417B0A0CFEAA72E,IMPHASH=FA65D753209C7382631265744DE49154</Data>
      
            
      <Data Name=""ParentProcessGuid"">{f57bd86a-5028-658c-cb01-000000000f00}</Data>
      
            
      <Data Name=""ParentProcessId"">7528</Data>
      
            
      <Data Name=""ParentImage"">C:\Windows\System32\WindowsPowerShell\v1.0\powershell.exe</Data>
      
            
      <Data Name=""ParentCommandLine"">""powershell.exe"" &amp; {New-PSDrive -PSProvider registry
                -Root HKEY_CLASSES_ROOT -Name HKCR
                Get-ChildItem -Path HKCR:\CLSID -Name | Select -Skip 1 &gt; $env:temp\clsids.txt
                ForEach($CLSID in Get-Content \""""$env:temp\clsids.txt\"""")
                {try{write-output \""""$($Position)-$($CLSID)\""""
                write-output \""""------------\""""| out-file $env:temp\T1592.002Test1.txt -append
                write-output $($CLSID)| out-file $env:temp\T1592.002Test1.txt -append
                $handle=[activator]::CreateInstance([type]::GetTypeFromCLSID($CLSID))
                $handle | get-member -erroraction silentlycontinue | out-file
                $env:temp\T1592.002Test1.txt -append
                $position += 1} catch{}}}</Data>
      
            
      <Data Name=""ParentUser"">WINDEV2309EVAL\User</Data>
      
        
    </EventData>
    
    
  </Event>
  
    
  
"
Microsoft-Windows-Sysmon/Operational,C:\Windows\system32\svchost.exe -k netsvcs -p -s XblAuthManager,Microsoft Corporation,WinDev2309Eval,,C:\Windows\system32\,Host Process for Windows Services,,1,19606,,10.0.22621.1 (WinBuild.160101.0800),"
                MD5=8EC922C7A58A8701AB481B7BE9644536,SHA256=949BFB5B4C7D58D92F3F9C5F8EC7CA4CEAFFD10EC5F0020F0A987C472D61C54B,IMPHASH=76B4BAE80D2C3B08BB062D97BF9CA791",C:\Windows\System32\svchost.exe,System,0x8000000000000000,4,{f57bd86a-36f5-658c-e703-000000000000},0x3e7,0,svchost.exe,C:\Windows\system32\services.exe,C:\Windows\System32\services.exe,{f57bd86a-36f5-658c-0b00-000000000f00},780,NT AUTHORITY\SYSTEM,{f57bd86a-5032-658c-df01-000000000f00},3588,2608,Microsoft® Windows® Operating System,,,,-,2023-12-27T16:26:26.8475158Z,,,1,0,5124,NT AUTHORITY\SYSTEM,S-1-5-18,2023-12-27 16:26:26.846,5,"<Event xmlns=""http://schemas.microsoft.com/win/2004/08/events/event"">
    
        
    <System>
      
            
      <Provider Name=""Microsoft-Windows-Sysmon"" Guid=""{5770385f-c22a-43e0-bf4c-06f5698ffbd9}""/>
      
            
      <EventID>1</EventID>
      
            
      <Version>5</Version>
      
            
      <Level>4</Level>
      
            
      <Task>1</Task>
      
            
      <Opcode>0</Opcode>
      
            
      <Keywords>0x8000000000000000</Keywords>
      
            
      <TimeCreated SystemTime=""2023-12-27T16:26:26.8475158Z""/>
      
            
      <EventRecordID>19606</EventRecordID>
      
            
      <Correlation/>
      
            
      <Execution ProcessID=""3588"" ThreadID=""5124""/>
      
            
      <Channel>Microsoft-Windows-Sysmon/Operational</Channel>
      
            
      <Computer>WinDev2309Eval</Computer>
      
            
      <Security UserID=""S-1-5-18""/>
      
        
    </System>
    
        
    <EventData>
      
            
      <Data Name=""RuleName"">-</Data>
      
            
      <Data Name=""UtcTime"">2023-12-27 16:26:26.846</Data>
      
            
      <Data Name=""ProcessGuid"">{f57bd86a-5032-658c-df01-000000000f00}</Data>
      
            
      <Data Name=""ProcessId"">2608</Data>
      
            
      <Data Name=""Image"">C:\Windows\System32\svchost.exe</Data>
      
            
      <Data Name=""FileVersion"">10.0.22621.1 (WinBuild.160101.0800)</Data>
      
            
      <Data Name=""Description"">Host Process for Windows Services</Data>
      
            
      <Data Name=""Product"">Microsoft&#174; Windows&#174; Operating System</Data>
      
            
      <Data Name=""Company"">Microsoft Corporation</Data>
      
            
      <Data Name=""OriginalFileName"">svchost.exe</Data>
      
            
      <Data Name=""CommandLine"">C:\Windows\system32\svchost.exe -k netsvcs -p -s XblAuthManager</Data>
      
            
      <Data Name=""CurrentDirectory"">C:\Windows\system32\</Data>
      
            
      <Data Name=""User"">NT AUTHORITY\SYSTEM</Data>
      
            
      <Data Name=""LogonGuid"">{f57bd86a-36f5-658c-e703-000000000000}</Data>
      
            
      <Data Name=""LogonId"">0x3e7</Data>
      
            
      <Data Name=""TerminalSessionId"">0</Data>
      
            
      <Data Name=""IntegrityLevel"">System</Data>
      
            
      <Data Name=""Hashes"">
                MD5=8EC922C7A58A8701AB481B7BE9644536,SHA256=949BFB5B4C7D58D92F3F9C5F8EC7CA4CEAFFD10EC5F0020F0A987C472D61C54B,IMPHASH=76B4BAE80D2C3B08BB062D97BF9CA791</Data>
      
            
      <Data Name=""ParentProcessGuid"">{f57bd86a-36f5-658c-0b00-000000000f00}</Data>
      
            
      <Data Name=""ParentProcessId"">780</Data>
      
            
      <Data Name=""ParentImage"">C:\Windows\System32\services.exe</Data>
      
            
      <Data Name=""ParentCommandLine"">C:\Windows\system32\services.exe</Data>
      
            
      <Data Name=""ParentUser"">NT AUTHORITY\SYSTEM</Data>
      
        
    </EventData>
    
    
  </Event>
  
    
  
"
Microsoft-Windows-Sysmon/Operational,"""C:\Windows\System32\rundll32.exe"" ""C:\Program Files\Windows
                Photo Viewer\PhotoAcq.dll"",AutoplayComServerW {00f2b433-44e4-4d88-b2b0-2698a0a91dba}
                -Embedding",Microsoft Corporation,WinDev2309Eval,,C:\Windows\system32\,Windows host process (Rundll32),,1,19605,,10.0.22621.1 (WinBuild.160101.0800),"
                MD5=57A6B4BDF247C1A6CA08AC09A8F9B742,SHA256=98D37EFF504A7ADB864131EA4A042AAF4D79C4356960A8AB2FA656CC59AEC014,IMPHASH=5C68DE198B5D2DD5C1129782AD19676C",C:\Windows\System32\rundll32.exe,Medium,0x8000000000000000,4,{f57bd86a-36f9-658c-7bf8-020000000000},0x2f87b,0,RUNDLL32.EXE,C:\Windows\system32\svchost.exe -k DcomLaunch -p,C:\Windows\System32\svchost.exe,{f57bd86a-36f5-658c-0d00-000000000f00},932,NT AUTHORITY\SYSTEM,{f57bd86a-5032-658c-de01-000000000f00},3588,10820,Microsoft® Windows® Operating System,,,,-,2023-12-27T16:26:26.6184980Z,,,1,1,5124,WINDEV2309EVAL\User,S-1-5-18,2023-12-27 16:26:26.617,5,"<Event xmlns=""http://schemas.microsoft.com/win/2004/08/events/event"">
    
        
    <System>
      
            
      <Provider Name=""Microsoft-Windows-Sysmon"" Guid=""{5770385f-c22a-43e0-bf4c-06f5698ffbd9}""/>
      
            
      <EventID>1</EventID>
      
            
      <Version>5</Version>
      
            
      <Level>4</Level>
      
            
      <Task>1</Task>
      
            
      <Opcode>0</Opcode>
      
            
      <Keywords>0x8000000000000000</Keywords>
      
            
      <TimeCreated SystemTime=""2023-12-27T16:26:26.6184980Z""/>
      
            
      <EventRecordID>19605</EventRecordID>
      
            
      <Correlation/>
      
            
      <Execution ProcessID=""3588"" ThreadID=""5124""/>
      
            
      <Channel>Microsoft-Windows-Sysmon/Operational</Channel>
      
            
      <Computer>WinDev2309Eval</Computer>
      
            
      <Security UserID=""S-1-5-18""/>
      
        
    </System>
    
        
    <EventData>
      
            
      <Data Name=""RuleName"">-</Data>
      
            
      <Data Name=""UtcTime"">2023-12-27 16:26:26.617</Data>
      
            
      <Data Name=""ProcessGuid"">{f57bd86a-5032-658c-de01-000000000f00}</Data>
      
            
      <Data Name=""ProcessId"">10820</Data>
      
            
      <Data Name=""Image"">C:\Windows\System32\rundll32.exe</Data>
      
            
      <Data Name=""FileVersion"">10.0.22621.1 (WinBuild.160101.0800)</Data>
      
            
      <Data Name=""Description"">Windows host process (Rundll32)</Data>
      
            
      <Data Name=""Product"">Microsoft&#174; Windows&#174; Operating System</Data>
      
            
      <Data Name=""Company"">Microsoft Corporation</Data>
      
            
      <Data Name=""OriginalFileName"">RUNDLL32.EXE</Data>
      
            
      <Data Name=""CommandLine"">""C:\Windows\System32\rundll32.exe"" ""C:\Program Files\Windows
                Photo Viewer\PhotoAcq.dll"",AutoplayComServerW {00f2b433-44e4-4d88-b2b0-2698a0a91dba}
                -Embedding</Data>
      
            
      <Data Name=""CurrentDirectory"">C:\Windows\system32\</Data>
      
            
      <Data Name=""User"">WINDEV2309EVAL\User</Data>
      
            
      <Data Name=""LogonGuid"">{f57bd86a-36f9-658c-7bf8-020000000000}</Data>
      
            
      <Data Name=""LogonId"">0x2f87b</Data>
      
            
      <Data Name=""TerminalSessionId"">1</Data>
      
            
      <Data Name=""IntegrityLevel"">Medium</Data>
      
            
      <Data Name=""Hashes"">
                MD5=57A6B4BDF247C1A6CA08AC09A8F9B742,SHA256=98D37EFF504A7ADB864131EA4A042AAF4D79C4356960A8AB2FA656CC59AEC014,IMPHASH=5C68DE198B5D2DD5C1129782AD19676C</Data>
      
            
      <Data Name=""ParentProcessGuid"">{f57bd86a-36f5-658c-0d00-000000000f00}</Data>
      
            
      <Data Name=""ParentProcessId"">932</Data>
      
            
      <Data Name=""ParentImage"">C:\Windows\System32\svchost.exe</Data>
      
            
      <Data Name=""ParentCommandLine"">C:\Windows\system32\svchost.exe -k DcomLaunch -p</Data>
      
            
      <Data Name=""ParentUser"">NT AUTHORITY\SYSTEM</Data>
      
        
    </EventData>
    
    
  </Event>
  
    
  
"
Microsoft-Windows-Sysmon/Operational,C:\Windows\system32\msiexec.exe /V,Microsoft Corporation,WinDev2309Eval,,C:\Windows\system32\,Windows® installer,,1,19604,,5.0.22621.1 (WinBuild.160101.0800),"
                MD5=302BE4B7434E679769029C8570825CC0,SHA256=5A31EA6A517A065166FAFA01A0AC6A350D0E2DCBA1B6DD4FDB41AE59109568E1,IMPHASH=0990A9500FF8DF93E0E059EE13E7C796",C:\Windows\System32\msiexec.exe,System,0x8000000000000000,4,{f57bd86a-36f5-658c-e703-000000000000},0x3e7,0,msiexec.exe,C:\Windows\system32\services.exe,C:\Windows\System32\services.exe,{f57bd86a-36f5-658c-0b00-000000000f00},780,NT AUTHORITY\SYSTEM,{f57bd86a-5032-658c-dd01-000000000f00},3588,2736,Windows Installer - Unicode,,,,-,2023-12-27T16:26:26.2083605Z,,,1,0,5124,NT AUTHORITY\SYSTEM,S-1-5-18,2023-12-27 16:26:26.203,5,"<Event xmlns=""http://schemas.microsoft.com/win/2004/08/events/event"">
    
        
    <System>
      
            
      <Provider Name=""Microsoft-Windows-Sysmon"" Guid=""{5770385f-c22a-43e0-bf4c-06f5698ffbd9}""/>
      
            
      <EventID>1</EventID>
      
            
      <Version>5</Version>
      
            
      <Level>4</Level>
      
            
      <Task>1</Task>
      
            
      <Opcode>0</Opcode>
      
            
      <Keywords>0x8000000000000000</Keywords>
      
            
      <TimeCreated SystemTime=""2023-12-27T16:26:26.2083605Z""/>
      
            
      <EventRecordID>19604</EventRecordID>
      
            
      <Correlation/>
      
            
      <Execution ProcessID=""3588"" ThreadID=""5124""/>
      
            
      <Channel>Microsoft-Windows-Sysmon/Operational</Channel>
      
            
      <Computer>WinDev2309Eval</Computer>
      
            
      <Security UserID=""S-1-5-18""/>
      
        
    </System>
    
        
    <EventData>
      
            
      <Data Name=""RuleName"">-</Data>
      
            
      <Data Name=""UtcTime"">2023-12-27 16:26:26.203</Data>
      
            
      <Data Name=""ProcessGuid"">{f57bd86a-5032-658c-dd01-000000000f00}</Data>
      
            
      <Data Name=""ProcessId"">2736</Data>
      
            
      <Data Name=""Image"">C:\Windows\System32\msiexec.exe</Data>
      
            
      <Data Name=""FileVersion"">5.0.22621.1 (WinBuild.160101.0800)</Data>
      
            
      <Data Name=""Description"">Windows&#174; installer</Data>
      
            
      <Data Name=""Product"">Windows Installer - Unicode</Data>
      
            
      <Data Name=""Company"">Microsoft Corporation</Data>
      
            
      <Data Name=""OriginalFileName"">msiexec.exe</Data>
      
            
      <Data Name=""CommandLine"">C:\Windows\system32\msiexec.exe /V</Data>
      
            
      <Data Name=""CurrentDirectory"">C:\Windows\system32\</Data>
      
            
      <Data Name=""User"">NT AUTHORITY\SYSTEM</Data>
      
            
      <Data Name=""LogonGuid"">{f57bd86a-36f5-658c-e703-000000000000}</Data>
      
            
      <Data Name=""LogonId"">0x3e7</Data>
      
            
      <Data Name=""TerminalSessionId"">0</Data>
      
            
      <Data Name=""IntegrityLevel"">System</Data>
      
            
      <Data Name=""Hashes"">
                MD5=302BE4B7434E679769029C8570825CC0,SHA256=5A31EA6A517A065166FAFA01A0AC6A350D0E2DCBA1B6DD4FDB41AE59109568E1,IMPHASH=0990A9500FF8DF93E0E059EE13E7C796</Data>
      
            
      <Data Name=""ParentProcessGuid"">{f57bd86a-36f5-658c-0b00-000000000f00}</Data>
      
            
      <Data Name=""ParentProcessId"">780</Data>
      
            
      <Data Name=""ParentImage"">C:\Windows\System32\services.exe</Data>
      
            
      <Data Name=""ParentCommandLine"">C:\Windows\system32\services.exe</Data>
      
            
      <Data Name=""ParentUser"">NT AUTHORITY\SYSTEM</Data>
      
        
    </EventData>
    
    
  </Event>
  
    
  
"
Microsoft-Windows-Sysmon/Operational,"C:\Windows\system32\svchost.exe -k LocalSystemNetworkRestricted
                -p -s DeviceAssociationService",Microsoft Corporation,WinDev2309Eval,,C:\Windows\system32\,Host Process for Windows Services,,1,19603,,10.0.22621.1 (WinBuild.160101.0800),"
                MD5=8EC922C7A58A8701AB481B7BE9644536,SHA256=949BFB5B4C7D58D92F3F9C5F8EC7CA4CEAFFD10EC5F0020F0A987C472D61C54B,IMPHASH=76B4BAE80D2C3B08BB062D97BF9CA791",C:\Windows\System32\svchost.exe,System,0x8000000000000000,4,{f57bd86a-36f5-658c-e703-000000000000},0x3e7,0,svchost.exe,C:\Windows\system32\services.exe,C:\Windows\System32\services.exe,{f57bd86a-36f5-658c-0b00-000000000f00},780,NT AUTHORITY\SYSTEM,{f57bd86a-5031-658c-dc01-000000000f00},3588,8512,Microsoft® Windows® Operating System,,,,-,2023-12-27T16:26:25.6024062Z,,,1,0,5124,NT AUTHORITY\SYSTEM,S-1-5-18,2023-12-27 16:26:25.600,5,"<Event xmlns=""http://schemas.microsoft.com/win/2004/08/events/event"">
    
        
    <System>
      
            
      <Provider Name=""Microsoft-Windows-Sysmon"" Guid=""{5770385f-c22a-43e0-bf4c-06f5698ffbd9}""/>
      
            
      <EventID>1</EventID>
      
            
      <Version>5</Version>
      
            
      <Level>4</Level>
      
            
      <Task>1</Task>
      
            
      <Opcode>0</Opcode>
      
            
      <Keywords>0x8000000000000000</Keywords>
      
            
      <TimeCreated SystemTime=""2023-12-27T16:26:25.6024062Z""/>
      
            
      <EventRecordID>19603</EventRecordID>
      
            
      <Correlation/>
      
            
      <Execution ProcessID=""3588"" ThreadID=""5124""/>
      
            
      <Channel>Microsoft-Windows-Sysmon/Operational</Channel>
      
            
      <Computer>WinDev2309Eval</Computer>
      
            
      <Security UserID=""S-1-5-18""/>
      
        
    </System>
    
        
    <EventData>
      
            
      <Data Name=""RuleName"">-</Data>
      
            
      <Data Name=""UtcTime"">2023-12-27 16:26:25.600</Data>
      
            
      <Data Name=""ProcessGuid"">{f57bd86a-5031-658c-dc01-000000000f00}</Data>
      
            
      <Data Name=""ProcessId"">8512</Data>
      
            
      <Data Name=""Image"">C:\Windows\System32\svchost.exe</Data>
      
            
      <Data Name=""FileVersion"">10.0.22621.1 (WinBuild.160101.0800)</Data>
      
            
      <Data Name=""Description"">Host Process for Windows Services</Data>
      
            
      <Data Name=""Product"">Microsoft&#174; Windows&#174; Operating System</Data>
      
            
      <Data Name=""Company"">Microsoft Corporation</Data>
      
            
      <Data Name=""OriginalFileName"">svchost.exe</Data>
      
            
      <Data Name=""CommandLine"">C:\Windows\system32\svchost.exe -k LocalSystemNetworkRestricted
                -p -s DeviceAssociationService</Data>
      
            
      <Data Name=""CurrentDirectory"">C:\Windows\system32\</Data>
      
            
      <Data Name=""User"">NT AUTHORITY\SYSTEM</Data>
      
            
      <Data Name=""LogonGuid"">{f57bd86a-36f5-658c-e703-000000000000}</Data>
      
            
      <Data Name=""LogonId"">0x3e7</Data>
      
            
      <Data Name=""TerminalSessionId"">0</Data>
      
            
      <Data Name=""IntegrityLevel"">System</Data>
      
            
      <Data Name=""Hashes"">
                MD5=8EC922C7A58A8701AB481B7BE9644536,SHA256=949BFB5B4C7D58D92F3F9C5F8EC7CA4CEAFFD10EC5F0020F0A987C472D61C54B,IMPHASH=76B4BAE80D2C3B08BB062D97BF9CA791</Data>
      
            
      <Data Name=""ParentProcessGuid"">{f57bd86a-36f5-658c-0b00-000000000f00}</Data>
      
            
      <Data Name=""ParentProcessId"">780</Data>
      
            
      <Data Name=""ParentImage"">C:\Windows\System32\services.exe</Data>
      
            
      <Data Name=""ParentCommandLine"">C:\Windows\system32\services.exe</Data>
      
            
      <Data Name=""ParentUser"">NT AUTHORITY\SYSTEM</Data>
      
        
    </EventData>
    
    
  </Event>
  
    
  
"
