Microsoft-Windows-Sysmon/Operational,taskhostw.exe,Microsoft Corporation,WinDev2309Eval,,C:\Windows\system32\,Host Process for Windows Tasks,,,,,,,1,20372,,10.0.22621.2792 (WinBuild.160101.0800),"
                MD5=AAA6BA42398B2D70F12F00A110701041,SHA256=58CC5757BB129557652797EA92AEE701DE5C574B22FDCD5DCDDF141CAEEA3C02,IMPHASH=1C4E2D9936E4D9F2490B08AAB4D24260",C:\Windows\System32\taskhostw.exe,,System,0x8000000000000000,4,{f57bd86a-36f5-658c-e703-000000000000},0x3e7,0,taskhostw.exe,C:\Windows\system32\svchost.exe -k netsvcs -p -s Schedule,C:\Windows\System32\svchost.exe,{f57bd86a-36f6-658c-1d00-000000000f00},1496,NT AUTHORITY\SYSTEM,{f57bd86a-531c-658c-de04-000000000f00},3588,1840,Microsoft® Windows® Operating System,,,,,-,,,,,,2023-12-27T16:38:52.1630907Z,,,1,0,5124,NT AUTHORITY\SYSTEM,S-1-5-18,2023-12-27 16:38:52.161,5,"<Event xmlns=""http://schemas.microsoft.com/win/2004/08/events/event"">
    
        
    <System>
      
            
      <Provider Name=""Microsoft-Windows-Sysmon"" Guid=""{5770385f-c22a-43e0-bf4c-06f5698ffbd9}""/>
      
            
      <EventID>1</EventID>
      
            
      <Version>5</Version>
      
            
      <Level>4</Level>
      
            
      <Task>1</Task>
      
            
      <Opcode>0</Opcode>
      
            
      <Keywords>0x8000000000000000</Keywords>
      
            
      <TimeCreated SystemTime=""2023-12-27T16:38:52.1630907Z""/>
      
            
      <EventRecordID>20372</EventRecordID>
      
            
      <Correlation/>
      
            
      <Execution ProcessID=""3588"" ThreadID=""5124""/>
      
            
      <Channel>Microsoft-Windows-Sysmon/Operational</Channel>
      
            
      <Computer>WinDev2309Eval</Computer>
      
            
      <Security UserID=""S-1-5-18""/>
      
        
    </System>
    
        
    <EventData>
      
            
      <Data Name=""RuleName"">-</Data>
      
            
      <Data Name=""UtcTime"">2023-12-27 16:38:52.161</Data>
      
            
      <Data Name=""ProcessGuid"">{f57bd86a-531c-658c-de04-000000000f00}</Data>
      
            
      <Data Name=""ProcessId"">1840</Data>
      
            
      <Data Name=""Image"">C:\Windows\System32\taskhostw.exe</Data>
      
            
      <Data Name=""FileVersion"">10.0.22621.2792 (WinBuild.160101.0800)</Data>
      
            
      <Data Name=""Description"">Host Process for Windows Tasks</Data>
      
            
      <Data Name=""Product"">Microsoft&#174; Windows&#174; Operating System</Data>
      
            
      <Data Name=""Company"">Microsoft Corporation</Data>
      
            
      <Data Name=""OriginalFileName"">taskhostw.exe</Data>
      
            
      <Data Name=""CommandLine"">taskhostw.exe</Data>
      
            
      <Data Name=""CurrentDirectory"">C:\Windows\system32\</Data>
      
            
      <Data Name=""User"">NT AUTHORITY\SYSTEM</Data>
      
            
      <Data Name=""LogonGuid"">{f57bd86a-36f5-658c-e703-000000000000}</Data>
      
            
      <Data Name=""LogonId"">0x3e7</Data>
      
            
      <Data Name=""TerminalSessionId"">0</Data>
      
            
      <Data Name=""IntegrityLevel"">System</Data>
      
            
      <Data Name=""Hashes"">
                MD5=AAA6BA42398B2D70F12F00A110701041,SHA256=58CC5757BB129557652797EA92AEE701DE5C574B22FDCD5DCDDF141CAEEA3C02,IMPHASH=1C4E2D9936E4D9F2490B08AAB4D24260</Data>
      
            
      <Data Name=""ParentProcessGuid"">{f57bd86a-36f6-658c-1d00-000000000f00}</Data>
      
            
      <Data Name=""ParentProcessId"">1496</Data>
      
            
      <Data Name=""ParentImage"">C:\Windows\System32\svchost.exe</Data>
      
            
      <Data Name=""ParentCommandLine"">C:\Windows\system32\svchost.exe -k netsvcs -p -s Schedule</Data>
      
            
      <Data Name=""ParentUser"">NT AUTHORITY\SYSTEM</Data>
      
        
    </EventData>
    
    
  </Event>
  
    
  
"
Microsoft-Windows-Sysmon/Operational,"C:\Windows\winsxs\amd64_microsoft-windows-servicingstack_31bf3856ad364e35_10.0.22621.2567_none_e93fb1d442e4b410\TiWorker.exe
                -Embedding",Microsoft Corporation,WinDev2309Eval,,C:\Windows\system32\,Windows Modules Installer Worker,,,,,,,1,20371,,10.0.22621.2567 (WinBuild.160101.0800),"
                MD5=634797EF0CAB160A1ACFB6C14F96EB64,SHA256=1AF43EF17CC0C6C21D2A1FEC5E692BEC94E51D1EE0EF3CCC7F8DB253E6C1C885,IMPHASH=AB094FE9205855C660B3CC04E5BA912E","
                C:\Windows\WinSxS\amd64_microsoft-windows-servicingstack_31bf3856ad364e35_10.0.22621.2567_none_e93fb1d442e4b410\TiWorker.exe",,System,0x8000000000000000,4,{f57bd86a-36f5-658c-e703-000000000000},0x3e7,0,TiWorker.exe,C:\Windows\system32\svchost.exe -k DcomLaunch -p,C:\Windows\System32\svchost.exe,{f57bd86a-36f5-658c-0d00-000000000f00},932,NT AUTHORITY\SYSTEM,{f57bd86a-531a-658c-dd04-000000000f00},3588,5096,Microsoft® Windows® Operating System,,,,,-,,,,,,2023-12-27T16:38:50.7233358Z,,,1,0,5124,NT AUTHORITY\SYSTEM,S-1-5-18,2023-12-27 16:38:50.719,5,"<Event xmlns=""http://schemas.microsoft.com/win/2004/08/events/event"">
    
        
    <System>
      
            
      <Provider Name=""Microsoft-Windows-Sysmon"" Guid=""{5770385f-c22a-43e0-bf4c-06f5698ffbd9}""/>
      
            
      <EventID>1</EventID>
      
            
      <Version>5</Version>
      
            
      <Level>4</Level>
      
            
      <Task>1</Task>
      
            
      <Opcode>0</Opcode>
      
            
      <Keywords>0x8000000000000000</Keywords>
      
            
      <TimeCreated SystemTime=""2023-12-27T16:38:50.7233358Z""/>
      
            
      <EventRecordID>20371</EventRecordID>
      
            
      <Correlation/>
      
            
      <Execution ProcessID=""3588"" ThreadID=""5124""/>
      
            
      <Channel>Microsoft-Windows-Sysmon/Operational</Channel>
      
            
      <Computer>WinDev2309Eval</Computer>
      
            
      <Security UserID=""S-1-5-18""/>
      
        
    </System>
    
        
    <EventData>
      
            
      <Data Name=""RuleName"">-</Data>
      
            
      <Data Name=""UtcTime"">2023-12-27 16:38:50.719</Data>
      
            
      <Data Name=""ProcessGuid"">{f57bd86a-531a-658c-dd04-000000000f00}</Data>
      
            
      <Data Name=""ProcessId"">5096</Data>
      
            
      <Data Name=""Image"">
                C:\Windows\WinSxS\amd64_microsoft-windows-servicingstack_31bf3856ad364e35_10.0.22621.2567_none_e93fb1d442e4b410\TiWorker.exe</Data>
      
            
      <Data Name=""FileVersion"">10.0.22621.2567 (WinBuild.160101.0800)</Data>
      
            
      <Data Name=""Description"">Windows Modules Installer Worker</Data>
      
            
      <Data Name=""Product"">Microsoft&#174; Windows&#174; Operating System</Data>
      
            
      <Data Name=""Company"">Microsoft Corporation</Data>
      
            
      <Data Name=""OriginalFileName"">TiWorker.exe</Data>
      
            
      <Data Name=""CommandLine"">C:\Windows\winsxs\amd64_microsoft-windows-servicingstack_31bf3856ad364e35_10.0.22621.2567_none_e93fb1d442e4b410\TiWorker.exe
                -Embedding</Data>
      
            
      <Data Name=""CurrentDirectory"">C:\Windows\system32\</Data>
      
            
      <Data Name=""User"">NT AUTHORITY\SYSTEM</Data>
      
            
      <Data Name=""LogonGuid"">{f57bd86a-36f5-658c-e703-000000000000}</Data>
      
            
      <Data Name=""LogonId"">0x3e7</Data>
      
            
      <Data Name=""TerminalSessionId"">0</Data>
      
            
      <Data Name=""IntegrityLevel"">System</Data>
      
            
      <Data Name=""Hashes"">
                MD5=634797EF0CAB160A1ACFB6C14F96EB64,SHA256=1AF43EF17CC0C6C21D2A1FEC5E692BEC94E51D1EE0EF3CCC7F8DB253E6C1C885,IMPHASH=AB094FE9205855C660B3CC04E5BA912E</Data>
      
            
      <Data Name=""ParentProcessGuid"">{f57bd86a-36f5-658c-0d00-000000000f00}</Data>
      
            
      <Data Name=""ParentProcessId"">932</Data>
      
            
      <Data Name=""ParentImage"">C:\Windows\System32\svchost.exe</Data>
      
            
      <Data Name=""ParentCommandLine"">C:\Windows\system32\svchost.exe -k DcomLaunch -p</Data>
      
            
      <Data Name=""ParentUser"">NT AUTHORITY\SYSTEM</Data>
      
        
    </EventData>
    
    
  </Event>
  
    
  
"
Microsoft-Windows-Sysmon/Operational,C:\Windows\servicing\TrustedInstaller.exe,Microsoft Corporation,WinDev2309Eval,,C:\Windows\system32\,Windows Modules Installer,,,,,,,1,20370,,10.0.22621.2506 (WinBuild.160101.0800),"
                MD5=97BF1028C57D72BA748CD92A23B991AD,SHA256=A285EE62274F46DEF4DA38D2B0FAD9E86DC320FFED388F3EB9A2F40B97265BE5,IMPHASH=34D0AC011537DB517EC24EC6B7510B93",C:\Windows\servicing\TrustedInstaller.exe,,System,0x8000000000000000,4,{f57bd86a-36f5-658c-e703-000000000000},0x3e7,0,TrustedInstaller.exe,C:\Windows\system32\services.exe,C:\Windows\System32\services.exe,{f57bd86a-36f5-658c-0b00-000000000f00},780,NT AUTHORITY\SYSTEM,{f57bd86a-531a-658c-dc04-000000000f00},3588,6696,Microsoft® Windows® Operating System,,,,,-,,,,,,2023-12-27T16:38:50.6839000Z,,,1,0,5124,NT AUTHORITY\SYSTEM,S-1-5-18,2023-12-27 16:38:50.678,5,"<Event xmlns=""http://schemas.microsoft.com/win/2004/08/events/event"">
    
        
    <System>
      
            
      <Provider Name=""Microsoft-Windows-Sysmon"" Guid=""{5770385f-c22a-43e0-bf4c-06f5698ffbd9}""/>
      
            
      <EventID>1</EventID>
      
            
      <Version>5</Version>
      
            
      <Level>4</Level>
      
            
      <Task>1</Task>
      
            
      <Opcode>0</Opcode>
      
            
      <Keywords>0x8000000000000000</Keywords>
      
            
      <TimeCreated SystemTime=""2023-12-27T16:38:50.6839000Z""/>
      
            
      <EventRecordID>20370</EventRecordID>
      
            
      <Correlation/>
      
            
      <Execution ProcessID=""3588"" ThreadID=""5124""/>
      
            
      <Channel>Microsoft-Windows-Sysmon/Operational</Channel>
      
            
      <Computer>WinDev2309Eval</Computer>
      
            
      <Security UserID=""S-1-5-18""/>
      
        
    </System>
    
        
    <EventData>
      
            
      <Data Name=""RuleName"">-</Data>
      
            
      <Data Name=""UtcTime"">2023-12-27 16:38:50.678</Data>
      
            
      <Data Name=""ProcessGuid"">{f57bd86a-531a-658c-dc04-000000000f00}</Data>
      
            
      <Data Name=""ProcessId"">6696</Data>
      
            
      <Data Name=""Image"">C:\Windows\servicing\TrustedInstaller.exe</Data>
      
            
      <Data Name=""FileVersion"">10.0.22621.2506 (WinBuild.160101.0800)</Data>
      
            
      <Data Name=""Description"">Windows Modules Installer</Data>
      
            
      <Data Name=""Product"">Microsoft&#174; Windows&#174; Operating System</Data>
      
            
      <Data Name=""Company"">Microsoft Corporation</Data>
      
            
      <Data Name=""OriginalFileName"">TrustedInstaller.exe</Data>
      
            
      <Data Name=""CommandLine"">C:\Windows\servicing\TrustedInstaller.exe</Data>
      
            
      <Data Name=""CurrentDirectory"">C:\Windows\system32\</Data>
      
            
      <Data Name=""User"">NT AUTHORITY\SYSTEM</Data>
      
            
      <Data Name=""LogonGuid"">{f57bd86a-36f5-658c-e703-000000000000}</Data>
      
            
      <Data Name=""LogonId"">0x3e7</Data>
      
            
      <Data Name=""TerminalSessionId"">0</Data>
      
            
      <Data Name=""IntegrityLevel"">System</Data>
      
            
      <Data Name=""Hashes"">
                MD5=97BF1028C57D72BA748CD92A23B991AD,SHA256=A285EE62274F46DEF4DA38D2B0FAD9E86DC320FFED388F3EB9A2F40B97265BE5,IMPHASH=34D0AC011537DB517EC24EC6B7510B93</Data>
      
            
      <Data Name=""ParentProcessGuid"">{f57bd86a-36f5-658c-0b00-000000000f00}</Data>
      
            
      <Data Name=""ParentProcessId"">780</Data>
      
            
      <Data Name=""ParentImage"">C:\Windows\System32\services.exe</Data>
      
            
      <Data Name=""ParentCommandLine"">C:\Windows\system32\services.exe</Data>
      
            
      <Data Name=""ParentUser"">NT AUTHORITY\SYSTEM</Data>
      
        
    </EventData>
    
    
  </Event>
  
    
  
"
Microsoft-Windows-Sysmon/Operational,C:\Windows\system32\svchost.exe -k netsvcs -s LxpSvc,Microsoft Corporation,WinDev2309Eval,,C:\Windows\system32\,Host Process for Windows Services,,,,,,,1,20369,,10.0.22621.1 (WinBuild.160101.0800),"
                MD5=8EC922C7A58A8701AB481B7BE9644536,SHA256=949BFB5B4C7D58D92F3F9C5F8EC7CA4CEAFFD10EC5F0020F0A987C472D61C54B,IMPHASH=76B4BAE80D2C3B08BB062D97BF9CA791",C:\Windows\System32\svchost.exe,,System,0x8000000000000000,4,{f57bd86a-36f5-658c-e703-000000000000},0x3e7,0,svchost.exe,C:\Windows\system32\services.exe,C:\Windows\System32\services.exe,{f57bd86a-36f5-658c-0b00-000000000f00},780,NT AUTHORITY\SYSTEM,{f57bd86a-531a-658c-db04-000000000f00},3588,6232,Microsoft® Windows® Operating System,,,,,-,,,,,,2023-12-27T16:38:50.6053804Z,,,1,0,5124,NT AUTHORITY\SYSTEM,S-1-5-18,2023-12-27 16:38:50.604,5,"<Event xmlns=""http://schemas.microsoft.com/win/2004/08/events/event"">
    
        
    <System>
      
            
      <Provider Name=""Microsoft-Windows-Sysmon"" Guid=""{5770385f-c22a-43e0-bf4c-06f5698ffbd9}""/>
      
            
      <EventID>1</EventID>
      
            
      <Version>5</Version>
      
            
      <Level>4</Level>
      
            
      <Task>1</Task>
      
            
      <Opcode>0</Opcode>
      
            
      <Keywords>0x8000000000000000</Keywords>
      
            
      <TimeCreated SystemTime=""2023-12-27T16:38:50.6053804Z""/>
      
            
      <EventRecordID>20369</EventRecordID>
      
            
      <Correlation/>
      
            
      <Execution ProcessID=""3588"" ThreadID=""5124""/>
      
            
      <Channel>Microsoft-Windows-Sysmon/Operational</Channel>
      
            
      <Computer>WinDev2309Eval</Computer>
      
            
      <Security UserID=""S-1-5-18""/>
      
        
    </System>
    
        
    <EventData>
      
            
      <Data Name=""RuleName"">-</Data>
      
            
      <Data Name=""UtcTime"">2023-12-27 16:38:50.604</Data>
      
            
      <Data Name=""ProcessGuid"">{f57bd86a-531a-658c-db04-000000000f00}</Data>
      
            
      <Data Name=""ProcessId"">6232</Data>
      
            
      <Data Name=""Image"">C:\Windows\System32\svchost.exe</Data>
      
            
      <Data Name=""FileVersion"">10.0.22621.1 (WinBuild.160101.0800)</Data>
      
            
      <Data Name=""Description"">Host Process for Windows Services</Data>
      
            
      <Data Name=""Product"">Microsoft&#174; Windows&#174; Operating System</Data>
      
            
      <Data Name=""Company"">Microsoft Corporation</Data>
      
            
      <Data Name=""OriginalFileName"">svchost.exe</Data>
      
            
      <Data Name=""CommandLine"">C:\Windows\system32\svchost.exe -k netsvcs -s LxpSvc</Data>
      
            
      <Data Name=""CurrentDirectory"">C:\Windows\system32\</Data>
      
            
      <Data Name=""User"">NT AUTHORITY\SYSTEM</Data>
      
            
      <Data Name=""LogonGuid"">{f57bd86a-36f5-658c-e703-000000000000}</Data>
      
            
      <Data Name=""LogonId"">0x3e7</Data>
      
            
      <Data Name=""TerminalSessionId"">0</Data>
      
            
      <Data Name=""IntegrityLevel"">System</Data>
      
            
      <Data Name=""Hashes"">
                MD5=8EC922C7A58A8701AB481B7BE9644536,SHA256=949BFB5B4C7D58D92F3F9C5F8EC7CA4CEAFFD10EC5F0020F0A987C472D61C54B,IMPHASH=76B4BAE80D2C3B08BB062D97BF9CA791</Data>
      
            
      <Data Name=""ParentProcessGuid"">{f57bd86a-36f5-658c-0b00-000000000f00}</Data>
      
            
      <Data Name=""ParentProcessId"">780</Data>
      
            
      <Data Name=""ParentImage"">C:\Windows\System32\services.exe</Data>
      
            
      <Data Name=""ParentCommandLine"">C:\Windows\system32\services.exe</Data>
      
            
      <Data Name=""ParentUser"">NT AUTHORITY\SYSTEM</Data>
      
        
    </EventData>
    
    
  </Event>
  
    
  
"
Microsoft-Windows-Sysmon/Operational,taskhostw.exe,Microsoft Corporation,WinDev2309Eval,,C:\Windows\system32\,Host Process for Windows Tasks,,,,,,,1,20368,,10.0.22621.2792 (WinBuild.160101.0800),"
                MD5=AAA6BA42398B2D70F12F00A110701041,SHA256=58CC5757BB129557652797EA92AEE701DE5C574B22FDCD5DCDDF141CAEEA3C02,IMPHASH=1C4E2D9936E4D9F2490B08AAB4D24260",C:\Windows\System32\taskhostw.exe,,Medium,0x8000000000000000,4,{f57bd86a-36f9-658c-7bf8-020000000000},0x2f87b,0,taskhostw.exe,C:\Windows\system32\svchost.exe -k netsvcs -p -s Schedule,C:\Windows\System32\svchost.exe,{f57bd86a-36f6-658c-1d00-000000000f00},1496,NT AUTHORITY\SYSTEM,{f57bd86a-531a-658c-da04-000000000f00},3588,10156,Microsoft® Windows® Operating System,,,,,-,,,,,,2023-12-27T16:38:50.5811259Z,,,1,1,5124,WINDEV2309EVAL\User,S-1-5-18,2023-12-27 16:38:50.580,5,"<Event xmlns=""http://schemas.microsoft.com/win/2004/08/events/event"">
    
        
    <System>
      
            
      <Provider Name=""Microsoft-Windows-Sysmon"" Guid=""{5770385f-c22a-43e0-bf4c-06f5698ffbd9}""/>
      
            
      <EventID>1</EventID>
      
            
      <Version>5</Version>
      
            
      <Level>4</Level>
      
            
      <Task>1</Task>
      
            
      <Opcode>0</Opcode>
      
            
      <Keywords>0x8000000000000000</Keywords>
      
            
      <TimeCreated SystemTime=""2023-12-27T16:38:50.5811259Z""/>
      
            
      <EventRecordID>20368</EventRecordID>
      
            
      <Correlation/>
      
            
      <Execution ProcessID=""3588"" ThreadID=""5124""/>
      
            
      <Channel>Microsoft-Windows-Sysmon/Operational</Channel>
      
            
      <Computer>WinDev2309Eval</Computer>
      
            
      <Security UserID=""S-1-5-18""/>
      
        
    </System>
    
        
    <EventData>
      
            
      <Data Name=""RuleName"">-</Data>
      
            
      <Data Name=""UtcTime"">2023-12-27 16:38:50.580</Data>
      
            
      <Data Name=""ProcessGuid"">{f57bd86a-531a-658c-da04-000000000f00}</Data>
      
            
      <Data Name=""ProcessId"">10156</Data>
      
            
      <Data Name=""Image"">C:\Windows\System32\taskhostw.exe</Data>
      
            
      <Data Name=""FileVersion"">10.0.22621.2792 (WinBuild.160101.0800)</Data>
      
            
      <Data Name=""Description"">Host Process for Windows Tasks</Data>
      
            
      <Data Name=""Product"">Microsoft&#174; Windows&#174; Operating System</Data>
      
            
      <Data Name=""Company"">Microsoft Corporation</Data>
      
            
      <Data Name=""OriginalFileName"">taskhostw.exe</Data>
      
            
      <Data Name=""CommandLine"">taskhostw.exe</Data>
      
            
      <Data Name=""CurrentDirectory"">C:\Windows\system32\</Data>
      
            
      <Data Name=""User"">WINDEV2309EVAL\User</Data>
      
            
      <Data Name=""LogonGuid"">{f57bd86a-36f9-658c-7bf8-020000000000}</Data>
      
            
      <Data Name=""LogonId"">0x2f87b</Data>
      
            
      <Data Name=""TerminalSessionId"">1</Data>
      
            
      <Data Name=""IntegrityLevel"">Medium</Data>
      
            
      <Data Name=""Hashes"">
                MD5=AAA6BA42398B2D70F12F00A110701041,SHA256=58CC5757BB129557652797EA92AEE701DE5C574B22FDCD5DCDDF141CAEEA3C02,IMPHASH=1C4E2D9936E4D9F2490B08AAB4D24260</Data>
      
            
      <Data Name=""ParentProcessGuid"">{f57bd86a-36f6-658c-1d00-000000000f00}</Data>
      
            
      <Data Name=""ParentProcessId"">1496</Data>
      
            
      <Data Name=""ParentImage"">C:\Windows\System32\svchost.exe</Data>
      
            
      <Data Name=""ParentCommandLine"">C:\Windows\system32\svchost.exe -k netsvcs -p -s Schedule</Data>
      
            
      <Data Name=""ParentUser"">NT AUTHORITY\SYSTEM</Data>
      
        
    </EventData>
    
    
  </Event>
  
    
  
"
Microsoft-Windows-Sysmon/Operational,,,WinDev2309Eval,,,,,,,,,,22,20367,,,,C:\Windows\System32\WindowsPowerShell\v1.0\powershell.exe,,,0x8000000000000000,4,,,0,,,,,,,{f57bd86a-530a-658c-d804-000000000f00},3588,10544,,,_ldap._tcp.dc._msdcs.WINDEV2309EVAL,-,9003,-,,,,,,2023-12-27T16:38:48.6317275Z,,,22,,5164,WINDEV2309EVAL\User,S-1-5-18,2023-12-27 14:56:41.760,5,"<Event xmlns=""http://schemas.microsoft.com/win/2004/08/events/event"">
    
        
    <System>
      
            
      <Provider Name=""Microsoft-Windows-Sysmon"" Guid=""{5770385f-c22a-43e0-bf4c-06f5698ffbd9}""/>
      
            
      <EventID>22</EventID>
      
            
      <Version>5</Version>
      
            
      <Level>4</Level>
      
            
      <Task>22</Task>
      
            
      <Opcode>0</Opcode>
      
            
      <Keywords>0x8000000000000000</Keywords>
      
            
      <TimeCreated SystemTime=""2023-12-27T16:38:48.6317275Z""/>
      
            
      <EventRecordID>20367</EventRecordID>
      
            
      <Correlation/>
      
            
      <Execution ProcessID=""3588"" ThreadID=""5164""/>
      
            
      <Channel>Microsoft-Windows-Sysmon/Operational</Channel>
      
            
      <Computer>WinDev2309Eval</Computer>
      
            
      <Security UserID=""S-1-5-18""/>
      
        
    </System>
    
        
    <EventData>
      
            
      <Data Name=""RuleName"">-</Data>
      
            
      <Data Name=""UtcTime"">2023-12-27 14:56:41.760</Data>
      
            
      <Data Name=""ProcessGuid"">{f57bd86a-530a-658c-d804-000000000f00}</Data>
      
            
      <Data Name=""ProcessId"">10544</Data>
      
            
      <Data Name=""QueryName"">_ldap._tcp.dc._msdcs.WINDEV2309EVAL</Data>
      
            
      <Data Name=""QueryStatus"">9003</Data>
      
            
      <Data Name=""QueryResults"">-</Data>
      
            
      <Data Name=""Image"">C:\Windows\System32\WindowsPowerShell\v1.0\powershell.exe</Data>
      
            
      <Data Name=""User"">WINDEV2309EVAL\User</Data>
      
        
    </EventData>
    
    
  </Event>
  
    
  
"
Microsoft-Windows-Sysmon/Operational,,,WinDev2309Eval,,,,,,,,,,22,20366,,,,C:\Windows\System32\WindowsPowerShell\v1.0\powershell.exe,,,0x8000000000000000,4,,,0,,,,,,,{f57bd86a-530a-658c-d804-000000000f00},3588,10544,,,_ldap._tcp.dc._msdcs.WINDEV2309EVAL,-,9003,-,,,,,,2023-12-27T16:38:43.7949321Z,,,22,,5164,WINDEV2309EVAL\User,S-1-5-18,2023-12-27 14:56:36.915,5,"<Event xmlns=""http://schemas.microsoft.com/win/2004/08/events/event"">
    
        
    <System>
      
            
      <Provider Name=""Microsoft-Windows-Sysmon"" Guid=""{5770385f-c22a-43e0-bf4c-06f5698ffbd9}""/>
      
            
      <EventID>22</EventID>
      
            
      <Version>5</Version>
      
            
      <Level>4</Level>
      
            
      <Task>22</Task>
      
            
      <Opcode>0</Opcode>
      
            
      <Keywords>0x8000000000000000</Keywords>
      
            
      <TimeCreated SystemTime=""2023-12-27T16:38:43.7949321Z""/>
      
            
      <EventRecordID>20366</EventRecordID>
      
            
      <Correlation/>
      
            
      <Execution ProcessID=""3588"" ThreadID=""5164""/>
      
            
      <Channel>Microsoft-Windows-Sysmon/Operational</Channel>
      
            
      <Computer>WinDev2309Eval</Computer>
      
            
      <Security UserID=""S-1-5-18""/>
      
        
    </System>
    
        
    <EventData>
      
            
      <Data Name=""RuleName"">-</Data>
      
            
      <Data Name=""UtcTime"">2023-12-27 14:56:36.915</Data>
      
            
      <Data Name=""ProcessGuid"">{f57bd86a-530a-658c-d804-000000000f00}</Data>
      
            
      <Data Name=""ProcessId"">10544</Data>
      
            
      <Data Name=""QueryName"">_ldap._tcp.dc._msdcs.WINDEV2309EVAL</Data>
      
            
      <Data Name=""QueryStatus"">9003</Data>
      
            
      <Data Name=""QueryResults"">-</Data>
      
            
      <Data Name=""Image"">C:\Windows\System32\WindowsPowerShell\v1.0\powershell.exe</Data>
      
            
      <Data Name=""User"">WINDEV2309EVAL\User</Data>
      
        
    </EventData>
    
    
  </Event>
  
    
  
"
Microsoft-Windows-Sysmon/Operational,,,WinDev2309Eval,2023-12-27 16:38:35.060,,,,,,,,,11,20365,,,,C:\Windows\System32\WindowsPowerShell\v1.0\powershell.exe,,,0x8000000000000000,4,,,0,,,,,,,{f57bd86a-530a-658c-d804-000000000f00},3588,10544,,,,,,-,,,,,,2023-12-27T16:38:35.0758397Z,"
                C:\Users\User\AppData\Local\Temp\__PSScriptPolicyTest_oyar0n5l.4x1.ps1",,11,,5124,WINDEV2309EVAL\User,S-1-5-18,2023-12-27 16:38:35.060,2,"<Event xmlns=""http://schemas.microsoft.com/win/2004/08/events/event"">
    
        
    <System>
      
            
      <Provider Name=""Microsoft-Windows-Sysmon"" Guid=""{5770385f-c22a-43e0-bf4c-06f5698ffbd9}""/>
      
            
      <EventID>11</EventID>
      
            
      <Version>2</Version>
      
            
      <Level>4</Level>
      
            
      <Task>11</Task>
      
            
      <Opcode>0</Opcode>
      
            
      <Keywords>0x8000000000000000</Keywords>
      
            
      <TimeCreated SystemTime=""2023-12-27T16:38:35.0758397Z""/>
      
            
      <EventRecordID>20365</EventRecordID>
      
            
      <Correlation/>
      
            
      <Execution ProcessID=""3588"" ThreadID=""5124""/>
      
            
      <Channel>Microsoft-Windows-Sysmon/Operational</Channel>
      
            
      <Computer>WinDev2309Eval</Computer>
      
            
      <Security UserID=""S-1-5-18""/>
      
        
    </System>
    
        
    <EventData>
      
            
      <Data Name=""RuleName"">-</Data>
      
            
      <Data Name=""UtcTime"">2023-12-27 16:38:35.060</Data>
      
            
      <Data Name=""ProcessGuid"">{f57bd86a-530a-658c-d804-000000000f00}</Data>
      
            
      <Data Name=""ProcessId"">10544</Data>
      
            
      <Data Name=""Image"">C:\Windows\System32\WindowsPowerShell\v1.0\powershell.exe</Data>
      
            
      <Data Name=""TargetFilename"">
                C:\Users\User\AppData\Local\Temp\__PSScriptPolicyTest_oyar0n5l.4x1.ps1</Data>
      
            
      <Data Name=""CreationUtcTime"">2023-12-27 16:38:35.060</Data>
      
            
      <Data Name=""User"">WINDEV2309EVAL\User</Data>
      
        
    </EventData>
    
    
  </Event>
  
    
  
"
Microsoft-Windows-Sysmon/Operational,"""powershell.exe"" &
                {([adsisearcher]\""""objectcategory=computer\"""").FindAll();
                ([adsisearcher]\""""objectcategory=computer\"""").FindOne()}",Microsoft Corporation,WinDev2309Eval,,C:\Users\User\AppData\Local\Temp\,Windows PowerShell,,,,,,,1,20364,,10.0.22621.2506 (WinBuild.160101.0800),"
                MD5=2D1D70C92A419D9079B047954C611886,SHA256=C50057756CDB25D481CF2502ABCEF124F864C27618C5057468BFC6B82B2C4EDD,IMPHASH=E09C4F82A1DA13A09F4FF2E625FEBA20",C:\Windows\System32\WindowsPowerShell\v1.0\powershell.exe,,Medium,0x8000000000000000,4,{f57bd86a-36f9-658c-7bf8-020000000000},0x2f87b,0,PowerShell.EXE,-,-,{00000000-0000-0000-0000-000000000000},1688,-,{f57bd86a-530a-658c-d804-000000000f00},3588,10544,Microsoft® Windows® Operating System,,,,,-,,,,,,2023-12-27T16:38:34.9728027Z,,,1,1,5124,WINDEV2309EVAL\User,S-1-5-18,2023-12-27 16:38:34.971,5,"<Event xmlns=""http://schemas.microsoft.com/win/2004/08/events/event"">
    
        
    <System>
      
            
      <Provider Name=""Microsoft-Windows-Sysmon"" Guid=""{5770385f-c22a-43e0-bf4c-06f5698ffbd9}""/>
      
            
      <EventID>1</EventID>
      
            
      <Version>5</Version>
      
            
      <Level>4</Level>
      
            
      <Task>1</Task>
      
            
      <Opcode>0</Opcode>
      
            
      <Keywords>0x8000000000000000</Keywords>
      
            
      <TimeCreated SystemTime=""2023-12-27T16:38:34.9728027Z""/>
      
            
      <EventRecordID>20364</EventRecordID>
      
            
      <Correlation/>
      
            
      <Execution ProcessID=""3588"" ThreadID=""5124""/>
      
            
      <Channel>Microsoft-Windows-Sysmon/Operational</Channel>
      
            
      <Computer>WinDev2309Eval</Computer>
      
            
      <Security UserID=""S-1-5-18""/>
      
        
    </System>
    
        
    <EventData>
      
            
      <Data Name=""RuleName"">-</Data>
      
            
      <Data Name=""UtcTime"">2023-12-27 16:38:34.971</Data>
      
            
      <Data Name=""ProcessGuid"">{f57bd86a-530a-658c-d804-000000000f00}</Data>
      
            
      <Data Name=""ProcessId"">10544</Data>
      
            
      <Data Name=""Image"">C:\Windows\System32\WindowsPowerShell\v1.0\powershell.exe</Data>
      
            
      <Data Name=""FileVersion"">10.0.22621.2506 (WinBuild.160101.0800)</Data>
      
            
      <Data Name=""Description"">Windows PowerShell</Data>
      
            
      <Data Name=""Product"">Microsoft&#174; Windows&#174; Operating System</Data>
      
            
      <Data Name=""Company"">Microsoft Corporation</Data>
      
            
      <Data Name=""OriginalFileName"">PowerShell.EXE</Data>
      
            
      <Data Name=""CommandLine"">""powershell.exe"" &amp;
                {([adsisearcher]\""""objectcategory=computer\"""").FindAll();
                ([adsisearcher]\""""objectcategory=computer\"""").FindOne()}</Data>
      
            
      <Data Name=""CurrentDirectory"">C:\Users\User\AppData\Local\Temp\</Data>
      
            
      <Data Name=""User"">WINDEV2309EVAL\User</Data>
      
            
      <Data Name=""LogonGuid"">{f57bd86a-36f9-658c-7bf8-020000000000}</Data>
      
            
      <Data Name=""LogonId"">0x2f87b</Data>
      
            
      <Data Name=""TerminalSessionId"">1</Data>
      
            
      <Data Name=""IntegrityLevel"">Medium</Data>
      
            
      <Data Name=""Hashes"">
                MD5=2D1D70C92A419D9079B047954C611886,SHA256=C50057756CDB25D481CF2502ABCEF124F864C27618C5057468BFC6B82B2C4EDD,IMPHASH=E09C4F82A1DA13A09F4FF2E625FEBA20</Data>
      
            
      <Data Name=""ParentProcessGuid"">{00000000-0000-0000-0000-000000000000}</Data>
      
            
      <Data Name=""ParentProcessId"">1688</Data>
      
            
      <Data Name=""ParentImage"">-</Data>
      
            
      <Data Name=""ParentCommandLine"">-</Data>
      
            
      <Data Name=""ParentUser"">-</Data>
      
        
    </EventData>
    
    
  </Event>
  
    
  
"
Microsoft-Windows-Sysmon/Operational,,,WinDev2309Eval,2023-12-27 16:38:33.791,,,,,,,,,11,20363,,,,C:\Windows\System32\WindowsPowerShell\v1.0\powershell.exe,,,0x8000000000000000,4,,,0,,,,,,,{f57bd86a-5309-658c-d604-000000000f00},3588,10576,,,,,,-,,,,,,2023-12-27T16:38:33.7971863Z,"
                C:\Users\User\AppData\Local\Temp\__PSScriptPolicyTest_ifekuaag.25c.ps1",,11,,5124,WINDEV2309EVAL\User,S-1-5-18,2023-12-27 16:38:33.791,2,"<Event xmlns=""http://schemas.microsoft.com/win/2004/08/events/event"">
    
        
    <System>
      
            
      <Provider Name=""Microsoft-Windows-Sysmon"" Guid=""{5770385f-c22a-43e0-bf4c-06f5698ffbd9}""/>
      
            
      <EventID>11</EventID>
      
            
      <Version>2</Version>
      
            
      <Level>4</Level>
      
            
      <Task>11</Task>
      
            
      <Opcode>0</Opcode>
      
            
      <Keywords>0x8000000000000000</Keywords>
      
            
      <TimeCreated SystemTime=""2023-12-27T16:38:33.7971863Z""/>
      
            
      <EventRecordID>20363</EventRecordID>
      
            
      <Correlation/>
      
            
      <Execution ProcessID=""3588"" ThreadID=""5124""/>
      
            
      <Channel>Microsoft-Windows-Sysmon/Operational</Channel>
      
            
      <Computer>WinDev2309Eval</Computer>
      
            
      <Security UserID=""S-1-5-18""/>
      
        
    </System>
    
        
    <EventData>
      
            
      <Data Name=""RuleName"">-</Data>
      
            
      <Data Name=""UtcTime"">2023-12-27 16:38:33.791</Data>
      
            
      <Data Name=""ProcessGuid"">{f57bd86a-5309-658c-d604-000000000f00}</Data>
      
            
      <Data Name=""ProcessId"">10576</Data>
      
            
      <Data Name=""Image"">C:\Windows\System32\WindowsPowerShell\v1.0\powershell.exe</Data>
      
            
      <Data Name=""TargetFilename"">
                C:\Users\User\AppData\Local\Temp\__PSScriptPolicyTest_ifekuaag.25c.ps1</Data>
      
            
      <Data Name=""CreationUtcTime"">2023-12-27 16:38:33.791</Data>
      
            
      <Data Name=""User"">WINDEV2309EVAL\User</Data>
      
        
    </EventData>
    
    
  </Event>
  


"
