Channel,CommandLine,Company,Computer,CreationUtcTime,CurrentDirectory,Description,Details,EventID,EventRecordID,EventType,FileVersion,Hashes,Image,IntegrityLevel,Keywords,Level,LogonGuid,LogonId,Opcode,OriginalFileName,ParentCommandLine,ParentImage,ParentProcessGuid,ParentProcessId,ParentUser,ProcessGuid,ProcessID,ProcessId,Product,QueryName,QueryResults,QueryStatus,RuleName,SystemTime,TargetFilename,TargetObject,Task,TerminalSessionId,ThreadID,User,UserID,UtcTime,Version,raw
Microsoft-Windows-Sysmon/Operational,C:\Windows\System32\svchost.exe -k netsvcs -p -s EapHost,Microsoft Corporation,WinDev2309Eval,,C:\Windows\system32\,Host Process for Windows Services,,1,19627,,10.0.22621.1 (WinBuild.160101.0800),"
                MD5=8EC922C7A58A8701AB481B7BE9644536,SHA256=949BFB5B4C7D58D92F3F9C5F8EC7CA4CEAFFD10EC5F0020F0A987C472D61C54B,IMPHASH=76B4BAE80D2C3B08BB062D97BF9CA791",C:\Windows\System32\svchost.exe,System,0x8000000000000000,4,{f57bd86a-36f5-658c-e703-000000000000},0x3e7,0,svchost.exe,C:\Windows\system32\services.exe,C:\Windows\System32\services.exe,{f57bd86a-36f5-658c-0b00-000000000f00},780,NT AUTHORITY\SYSTEM,{f57bd86a-505a-658c-f201-000000000f00},3588,8656,Microsoft® Windows® Operating System,,,,-,2023-12-27T16:27:06.6200706Z,,,1,0,5124,NT AUTHORITY\SYSTEM,S-1-5-18,2023-12-27 16:27:06.619,5,"<Event xmlns=""http://schemas.microsoft.com/win/2004/08/events/event"">
    
        
    <System>
      
            
      <Provider Name=""Microsoft-Windows-Sysmon"" Guid=""{5770385f-c22a-43e0-bf4c-06f5698ffbd9}""/>
      
            
      <EventID>1</EventID>
      
            
      <Version>5</Version>
      
            
      <Level>4</Level>
      
            
      <Task>1</Task>
      
            
      <Opcode>0</Opcode>
      
            
      <Keywords>0x8000000000000000</Keywords>
      
            
      <TimeCreated SystemTime=""2023-12-27T16:27:06.6200706Z""/>
      
            
      <EventRecordID>19627</EventRecordID>
      
            
      <Correlation/>
      
            
      <Execution ProcessID=""3588"" ThreadID=""5124""/>
      
            
      <Channel>Microsoft-Windows-Sysmon/Operational</Channel>
      
            
      <Computer>WinDev2309Eval</Computer>
      
            
      <Security UserID=""S-1-5-18""/>
      
        
    </System>
    
        
    <EventData>
      
            
      <Data Name=""RuleName"">-</Data>
      
            
      <Data Name=""UtcTime"">2023-12-27 16:27:06.619</Data>
      
            
      <Data Name=""ProcessGuid"">{f57bd86a-505a-658c-f201-000000000f00}</Data>
      
            
      <Data Name=""ProcessId"">8656</Data>
      
            
      <Data Name=""Image"">C:\Windows\System32\svchost.exe</Data>
      
            
      <Data Name=""FileVersion"">10.0.22621.1 (WinBuild.160101.0800)</Data>
      
            
      <Data Name=""Description"">Host Process for Windows Services</Data>
      
            
      <Data Name=""Product"">Microsoft&#174; Windows&#174; Operating System</Data>
      
            
      <Data Name=""Company"">Microsoft Corporation</Data>
      
            
      <Data Name=""OriginalFileName"">svchost.exe</Data>
      
            
      <Data Name=""CommandLine"">C:\Windows\System32\svchost.exe -k netsvcs -p -s EapHost</Data>
      
            
      <Data Name=""CurrentDirectory"">C:\Windows\system32\</Data>
      
            
      <Data Name=""User"">NT AUTHORITY\SYSTEM</Data>
      
            
      <Data Name=""LogonGuid"">{f57bd86a-36f5-658c-e703-000000000000}</Data>
      
            
      <Data Name=""LogonId"">0x3e7</Data>
      
            
      <Data Name=""TerminalSessionId"">0</Data>
      
            
      <Data Name=""IntegrityLevel"">System</Data>
      
            
      <Data Name=""Hashes"">
                MD5=8EC922C7A58A8701AB481B7BE9644536,SHA256=949BFB5B4C7D58D92F3F9C5F8EC7CA4CEAFFD10EC5F0020F0A987C472D61C54B,IMPHASH=76B4BAE80D2C3B08BB062D97BF9CA791</Data>
      
            
      <Data Name=""ParentProcessGuid"">{f57bd86a-36f5-658c-0b00-000000000f00}</Data>
      
            
      <Data Name=""ParentProcessId"">780</Data>
      
            
      <Data Name=""ParentImage"">C:\Windows\System32\services.exe</Data>
      
            
      <Data Name=""ParentCommandLine"">C:\Windows\system32\services.exe</Data>
      
            
      <Data Name=""ParentUser"">NT AUTHORITY\SYSTEM</Data>
      
        
    </EventData>
    
    
  </Event>
  
    
  
"
Microsoft-Windows-Sysmon/Operational,C:\Windows\System32\ProximityUxHost.exe -Embedding,Microsoft Corporation,WinDev2309Eval,,C:\Windows\system32\,Proximity UX Host,,1,19626,,10.0.22621.1 (WinBuild.160101.0800),"
                MD5=A4E8356A94A867D99BFF5526675D4F3E,SHA256=01CCD839E2BDAC3E1240C0FCE88D774AD61D9300E77620F76F1428D8AAD992C3,IMPHASH=12EFA0B6AB4AC41A85E8F25950D0CBE8",C:\Windows\System32\ProximityUxHost.exe,Medium,0x8000000000000000,4,{f57bd86a-36f9-658c-7bf8-020000000000},0x2f87b,0,ProximityUxHost.exe,C:\Windows\system32\svchost.exe -k DcomLaunch -p,C:\Windows\System32\svchost.exe,{f57bd86a-36f5-658c-0d00-000000000f00},932,NT AUTHORITY\SYSTEM,{f57bd86a-5059-658c-ef01-000000000f00},3588,7080,Microsoft® Windows® Operating System,,,,-,2023-12-27T16:27:05.4292103Z,,,1,1,5124,WINDEV2309EVAL\User,S-1-5-18,2023-12-27 16:27:05.423,5,"<Event xmlns=""http://schemas.microsoft.com/win/2004/08/events/event"">
    
        
    <System>
      
            
      <Provider Name=""Microsoft-Windows-Sysmon"" Guid=""{5770385f-c22a-43e0-bf4c-06f5698ffbd9}""/>
      
            
      <EventID>1</EventID>
      
            
      <Version>5</Version>
      
            
      <Level>4</Level>
      
            
      <Task>1</Task>
      
            
      <Opcode>0</Opcode>
      
            
      <Keywords>0x8000000000000000</Keywords>
      
            
      <TimeCreated SystemTime=""2023-12-27T16:27:05.4292103Z""/>
      
            
      <EventRecordID>19626</EventRecordID>
      
            
      <Correlation/>
      
            
      <Execution ProcessID=""3588"" ThreadID=""5124""/>
      
            
      <Channel>Microsoft-Windows-Sysmon/Operational</Channel>
      
            
      <Computer>WinDev2309Eval</Computer>
      
            
      <Security UserID=""S-1-5-18""/>
      
        
    </System>
    
        
    <EventData>
      
            
      <Data Name=""RuleName"">-</Data>
      
            
      <Data Name=""UtcTime"">2023-12-27 16:27:05.423</Data>
      
            
      <Data Name=""ProcessGuid"">{f57bd86a-5059-658c-ef01-000000000f00}</Data>
      
            
      <Data Name=""ProcessId"">7080</Data>
      
            
      <Data Name=""Image"">C:\Windows\System32\ProximityUxHost.exe</Data>
      
            
      <Data Name=""FileVersion"">10.0.22621.1 (WinBuild.160101.0800)</Data>
      
            
      <Data Name=""Description"">Proximity UX Host</Data>
      
            
      <Data Name=""Product"">Microsoft&#174; Windows&#174; Operating System</Data>
      
            
      <Data Name=""Company"">Microsoft Corporation</Data>
      
            
      <Data Name=""OriginalFileName"">ProximityUxHost.exe</Data>
      
            
      <Data Name=""CommandLine"">C:\Windows\System32\ProximityUxHost.exe -Embedding</Data>
      
            
      <Data Name=""CurrentDirectory"">C:\Windows\system32\</Data>
      
            
      <Data Name=""User"">WINDEV2309EVAL\User</Data>
      
            
      <Data Name=""LogonGuid"">{f57bd86a-36f9-658c-7bf8-020000000000}</Data>
      
            
      <Data Name=""LogonId"">0x2f87b</Data>
      
            
      <Data Name=""TerminalSessionId"">1</Data>
      
            
      <Data Name=""IntegrityLevel"">Medium</Data>
      
            
      <Data Name=""Hashes"">
                MD5=A4E8356A94A867D99BFF5526675D4F3E,SHA256=01CCD839E2BDAC3E1240C0FCE88D774AD61D9300E77620F76F1428D8AAD992C3,IMPHASH=12EFA0B6AB4AC41A85E8F25950D0CBE8</Data>
      
            
      <Data Name=""ParentProcessGuid"">{f57bd86a-36f5-658c-0d00-000000000f00}</Data>
      
            
      <Data Name=""ParentProcessId"">932</Data>
      
            
      <Data Name=""ParentImage"">C:\Windows\System32\svchost.exe</Data>
      
            
      <Data Name=""ParentCommandLine"">C:\Windows\system32\svchost.exe -k DcomLaunch -p</Data>
      
            
      <Data Name=""ParentUser"">NT AUTHORITY\SYSTEM</Data>
      
        
    </EventData>
    
    
  </Event>
  
    
  
"
Microsoft-Windows-Sysmon/Operational,"C:\Windows\winsxs\amd64_microsoft-windows-servicingstack_31bf3856ad364e35_10.0.22621.2567_none_e93fb1d442e4b410\TiWorker.exe
                -Embedding",Microsoft Corporation,WinDev2309Eval,,C:\Windows\system32\,Windows Modules Installer Worker,,1,19625,,10.0.22621.2567 (WinBuild.160101.0800),"
                MD5=634797EF0CAB160A1ACFB6C14F96EB64,SHA256=1AF43EF17CC0C6C21D2A1FEC5E692BEC94E51D1EE0EF3CCC7F8DB253E6C1C885,IMPHASH=AB094FE9205855C660B3CC04E5BA912E","
                C:\Windows\WinSxS\amd64_microsoft-windows-servicingstack_31bf3856ad364e35_10.0.22621.2567_none_e93fb1d442e4b410\TiWorker.exe",Medium,0x8000000000000000,4,{f57bd86a-36f9-658c-7bf8-020000000000},0x2f87b,0,TiWorker.exe,C:\Windows\system32\svchost.exe -k DcomLaunch -p,C:\Windows\System32\svchost.exe,{f57bd86a-36f5-658c-0d00-000000000f00},932,NT AUTHORITY\SYSTEM,{f57bd86a-503b-658c-ee01-000000000f00},3588,3584,Microsoft® Windows® Operating System,,,,-,2023-12-27T16:26:35.0678906Z,,,1,1,5124,WINDEV2309EVAL\User,S-1-5-18,2023-12-27 16:26:35.060,5,"<Event xmlns=""http://schemas.microsoft.com/win/2004/08/events/event"">
    
        
    <System>
      
            
      <Provider Name=""Microsoft-Windows-Sysmon"" Guid=""{5770385f-c22a-43e0-bf4c-06f5698ffbd9}""/>
      
            
      <EventID>1</EventID>
      
            
      <Version>5</Version>
      
            
      <Level>4</Level>
      
            
      <Task>1</Task>
      
            
      <Opcode>0</Opcode>
      
            
      <Keywords>0x8000000000000000</Keywords>
      
            
      <TimeCreated SystemTime=""2023-12-27T16:26:35.0678906Z""/>
      
            
      <EventRecordID>19625</EventRecordID>
      
            
      <Correlation/>
      
            
      <Execution ProcessID=""3588"" ThreadID=""5124""/>
      
            
      <Channel>Microsoft-Windows-Sysmon/Operational</Channel>
      
            
      <Computer>WinDev2309Eval</Computer>
      
            
      <Security UserID=""S-1-5-18""/>
      
        
    </System>
    
        
    <EventData>
      
            
      <Data Name=""RuleName"">-</Data>
      
            
      <Data Name=""UtcTime"">2023-12-27 16:26:35.060</Data>
      
            
      <Data Name=""ProcessGuid"">{f57bd86a-503b-658c-ee01-000000000f00}</Data>
      
            
      <Data Name=""ProcessId"">3584</Data>
      
            
      <Data Name=""Image"">
                C:\Windows\WinSxS\amd64_microsoft-windows-servicingstack_31bf3856ad364e35_10.0.22621.2567_none_e93fb1d442e4b410\TiWorker.exe</Data>
      
            
      <Data Name=""FileVersion"">10.0.22621.2567 (WinBuild.160101.0800)</Data>
      
            
      <Data Name=""Description"">Windows Modules Installer Worker</Data>
      
            
      <Data Name=""Product"">Microsoft&#174; Windows&#174; Operating System</Data>
      
            
      <Data Name=""Company"">Microsoft Corporation</Data>
      
            
      <Data Name=""OriginalFileName"">TiWorker.exe</Data>
      
            
      <Data Name=""CommandLine"">C:\Windows\winsxs\amd64_microsoft-windows-servicingstack_31bf3856ad364e35_10.0.22621.2567_none_e93fb1d442e4b410\TiWorker.exe
                -Embedding</Data>
      
            
      <Data Name=""CurrentDirectory"">C:\Windows\system32\</Data>
      
            
      <Data Name=""User"">WINDEV2309EVAL\User</Data>
      
            
      <Data Name=""LogonGuid"">{f57bd86a-36f9-658c-7bf8-020000000000}</Data>
      
            
      <Data Name=""LogonId"">0x2f87b</Data>
      
            
      <Data Name=""TerminalSessionId"">1</Data>
      
            
      <Data Name=""IntegrityLevel"">Medium</Data>
      
            
      <Data Name=""Hashes"">
                MD5=634797EF0CAB160A1ACFB6C14F96EB64,SHA256=1AF43EF17CC0C6C21D2A1FEC5E692BEC94E51D1EE0EF3CCC7F8DB253E6C1C885,IMPHASH=AB094FE9205855C660B3CC04E5BA912E</Data>
      
            
      <Data Name=""ParentProcessGuid"">{f57bd86a-36f5-658c-0d00-000000000f00}</Data>
      
            
      <Data Name=""ParentProcessId"">932</Data>
      
            
      <Data Name=""ParentImage"">C:\Windows\System32\svchost.exe</Data>
      
            
      <Data Name=""ParentCommandLine"">C:\Windows\system32\svchost.exe -k DcomLaunch -p</Data>
      
            
      <Data Name=""ParentUser"">NT AUTHORITY\SYSTEM</Data>
      
        
    </EventData>
    
    
  </Event>
  
    
  
"
Microsoft-Windows-Sysmon/Operational,C:\Windows\System32\Logagent.exe -Embedding,Microsoft Corporation,WinDev2309Eval,,C:\Windows\system32\,Windows Media Player Logagent,,1,19624,,12.0.22621.1,"
                MD5=7F44836FC5C4D53D9431A6E1584F57E1,SHA256=E1CC7A194FD4F14CFE6B15BD16E08AF2EEE89D2741A4B6973AAD41C2033F6FB5,IMPHASH=B444F839D6BAA9CFFD50DE43E20AF8FE",C:\Windows\System32\logagent.exe,Medium,0x8000000000000000,4,{f57bd86a-36f9-658c-7bf8-020000000000},0x2f87b,0,logagent.exe,C:\Windows\system32\svchost.exe -k DcomLaunch -p,C:\Windows\System32\svchost.exe,{f57bd86a-36f5-658c-0d00-000000000f00},932,NT AUTHORITY\SYSTEM,{f57bd86a-503a-658c-ed01-000000000f00},3588,9796,Microsoft® Windows® Operating System,,,,-,2023-12-27T16:26:34.8085848Z,,,1,1,5124,WINDEV2309EVAL\User,S-1-5-18,2023-12-27 16:26:34.806,5,"<Event xmlns=""http://schemas.microsoft.com/win/2004/08/events/event"">
    
        
    <System>
      
            
      <Provider Name=""Microsoft-Windows-Sysmon"" Guid=""{5770385f-c22a-43e0-bf4c-06f5698ffbd9}""/>
      
            
      <EventID>1</EventID>
      
            
      <Version>5</Version>
      
            
      <Level>4</Level>
      
            
      <Task>1</Task>
      
            
      <Opcode>0</Opcode>
      
            
      <Keywords>0x8000000000000000</Keywords>
      
            
      <TimeCreated SystemTime=""2023-12-27T16:26:34.8085848Z""/>
      
            
      <EventRecordID>19624</EventRecordID>
      
            
      <Correlation/>
      
            
      <Execution ProcessID=""3588"" ThreadID=""5124""/>
      
            
      <Channel>Microsoft-Windows-Sysmon/Operational</Channel>
      
            
      <Computer>WinDev2309Eval</Computer>
      
            
      <Security UserID=""S-1-5-18""/>
      
        
    </System>
    
        
    <EventData>
      
            
      <Data Name=""RuleName"">-</Data>
      
            
      <Data Name=""UtcTime"">2023-12-27 16:26:34.806</Data>
      
            
      <Data Name=""ProcessGuid"">{f57bd86a-503a-658c-ed01-000000000f00}</Data>
      
            
      <Data Name=""ProcessId"">9796</Data>
      
            
      <Data Name=""Image"">C:\Windows\System32\logagent.exe</Data>
      
            
      <Data Name=""FileVersion"">12.0.22621.1</Data>
      
            
      <Data Name=""Description"">Windows Media Player Logagent</Data>
      
            
      <Data Name=""Product"">Microsoft&#174; Windows&#174; Operating System</Data>
      
            
      <Data Name=""Company"">Microsoft Corporation</Data>
      
            
      <Data Name=""OriginalFileName"">logagent.exe</Data>
      
            
      <Data Name=""CommandLine"">C:\Windows\System32\Logagent.exe -Embedding</Data>
      
            
      <Data Name=""CurrentDirectory"">C:\Windows\system32\</Data>
      
            
      <Data Name=""User"">WINDEV2309EVAL\User</Data>
      
            
      <Data Name=""LogonGuid"">{f57bd86a-36f9-658c-7bf8-020000000000}</Data>
      
            
      <Data Name=""LogonId"">0x2f87b</Data>
      
            
      <Data Name=""TerminalSessionId"">1</Data>
      
            
      <Data Name=""IntegrityLevel"">Medium</Data>
      
            
      <Data Name=""Hashes"">
                MD5=7F44836FC5C4D53D9431A6E1584F57E1,SHA256=E1CC7A194FD4F14CFE6B15BD16E08AF2EEE89D2741A4B6973AAD41C2033F6FB5,IMPHASH=B444F839D6BAA9CFFD50DE43E20AF8FE</Data>
      
            
      <Data Name=""ParentProcessGuid"">{f57bd86a-36f5-658c-0d00-000000000f00}</Data>
      
            
      <Data Name=""ParentProcessId"">932</Data>
      
            
      <Data Name=""ParentImage"">C:\Windows\System32\svchost.exe</Data>
      
            
      <Data Name=""ParentCommandLine"">C:\Windows\system32\svchost.exe -k DcomLaunch -p</Data>
      
            
      <Data Name=""ParentUser"">NT AUTHORITY\SYSTEM</Data>
      
        
    </EventData>
    
    
  </Event>
  
    
  
"
Microsoft-Windows-Sysmon/Operational,"""C:\Program Files\Common Files\microsoft shared\ink\TabTip.exe""
                -Embedding",Microsoft Corporation,WinDev2309Eval,,C:\Windows\system32\,Touch Keyboard and Handwriting Panel,,1,19623,,10.0.22621.2792 (WinBuild.160101.0800),"
                MD5=6A10BF0836D903558F8362E02114C4A4,SHA256=5F0E0A21AD01542FBD946DBD3415B3C190D9CFED99B730E0D6B01AFA7C408894,IMPHASH=DF293D3B0659F25FE8260FF35B4D0B25",C:\Program Files\Common Files\microsoft shared\ink\TabTip.exe,Medium,0x8000000000000000,4,{f57bd86a-36f9-658c-7bf8-020000000000},0x2f87b,0,TabTip.exe,C:\Windows\system32\svchost.exe -k DcomLaunch -p,C:\Windows\System32\svchost.exe,{f57bd86a-36f5-658c-0d00-000000000f00},932,NT AUTHORITY\SYSTEM,{f57bd86a-5039-658c-ec01-000000000f00},3588,7776,Microsoft® Windows® Operating System,,,,-,2023-12-27T16:26:33.9056320Z,,,1,1,5124,WINDEV2309EVAL\User,S-1-5-18,2023-12-27 16:26:33.885,5,"<Event xmlns=""http://schemas.microsoft.com/win/2004/08/events/event"">
    
        
    <System>
      
            
      <Provider Name=""Microsoft-Windows-Sysmon"" Guid=""{5770385f-c22a-43e0-bf4c-06f5698ffbd9}""/>
      
            
      <EventID>1</EventID>
      
            
      <Version>5</Version>
      
            
      <Level>4</Level>
      
            
      <Task>1</Task>
      
            
      <Opcode>0</Opcode>
      
            
      <Keywords>0x8000000000000000</Keywords>
      
            
      <TimeCreated SystemTime=""2023-12-27T16:26:33.9056320Z""/>
      
            
      <EventRecordID>19623</EventRecordID>
      
            
      <Correlation/>
      
            
      <Execution ProcessID=""3588"" ThreadID=""5124""/>
      
            
      <Channel>Microsoft-Windows-Sysmon/Operational</Channel>
      
            
      <Computer>WinDev2309Eval</Computer>
      
            
      <Security UserID=""S-1-5-18""/>
      
        
    </System>
    
        
    <EventData>
      
            
      <Data Name=""RuleName"">-</Data>
      
            
      <Data Name=""UtcTime"">2023-12-27 16:26:33.885</Data>
      
            
      <Data Name=""ProcessGuid"">{f57bd86a-5039-658c-ec01-000000000f00}</Data>
      
            
      <Data Name=""ProcessId"">7776</Data>
      
            
      <Data Name=""Image"">C:\Program Files\Common Files\microsoft shared\ink\TabTip.exe</Data>
      
            
      <Data Name=""FileVersion"">10.0.22621.2792 (WinBuild.160101.0800)</Data>
      
            
      <Data Name=""Description"">Touch Keyboard and Handwriting Panel</Data>
      
            
      <Data Name=""Product"">Microsoft&#174; Windows&#174; Operating System</Data>
      
            
      <Data Name=""Company"">Microsoft Corporation</Data>
      
            
      <Data Name=""OriginalFileName"">TabTip.exe</Data>
      
            
      <Data Name=""CommandLine"">""C:\Program Files\Common Files\microsoft shared\ink\TabTip.exe""
                -Embedding</Data>
      
            
      <Data Name=""CurrentDirectory"">C:\Windows\system32\</Data>
      
            
      <Data Name=""User"">WINDEV2309EVAL\User</Data>
      
            
      <Data Name=""LogonGuid"">{f57bd86a-36f9-658c-7bf8-020000000000}</Data>
      
            
      <Data Name=""LogonId"">0x2f87b</Data>
      
            
      <Data Name=""TerminalSessionId"">1</Data>
      
            
      <Data Name=""IntegrityLevel"">Medium</Data>
      
            
      <Data Name=""Hashes"">
                MD5=6A10BF0836D903558F8362E02114C4A4,SHA256=5F0E0A21AD01542FBD946DBD3415B3C190D9CFED99B730E0D6B01AFA7C408894,IMPHASH=DF293D3B0659F25FE8260FF35B4D0B25</Data>
      
            
      <Data Name=""ParentProcessGuid"">{f57bd86a-36f5-658c-0d00-000000000f00}</Data>
      
            
      <Data Name=""ParentProcessId"">932</Data>
      
            
      <Data Name=""ParentImage"">C:\Windows\System32\svchost.exe</Data>
      
            
      <Data Name=""ParentCommandLine"">C:\Windows\system32\svchost.exe -k DcomLaunch -p</Data>
      
            
      <Data Name=""ParentUser"">NT AUTHORITY\SYSTEM</Data>
      
        
    </EventData>
    
    
  </Event>
  
    
  
"
Microsoft-Windows-Sysmon/Operational,C:\Windows\System32\fsquirt.exe -Embedding,Microsoft Corporation,WinDev2309Eval,,C:\Windows\system32\,-,,1,19622,,10.0.22621.2506 (WinBuild.160101.0800),"
                MD5=2A691EA1F065F1755D23F16BD1F540F7,SHA256=069C0947CCF8F6E70B08A69449934C5BD335F1E36B0444FE0C83EF3BFDA64320,IMPHASH=CF9F329811EC0BB29FADA59B7F004646",C:\Windows\System32\fsquirt.exe,Medium,0x8000000000000000,4,{f57bd86a-36f9-658c-7bf8-020000000000},0x2f87b,0,fsquirt.exe,C:\Windows\system32\svchost.exe -k DcomLaunch -p,C:\Windows\System32\svchost.exe,{f57bd86a-36f5-658c-0d00-000000000f00},932,NT AUTHORITY\SYSTEM,{f57bd86a-5039-658c-eb01-000000000f00},3588,6608,Microsoft® Windows® Operating System,,,,-,2023-12-27T16:26:33.4033437Z,,,1,1,5124,WINDEV2309EVAL\User,S-1-5-18,2023-12-27 16:26:33.397,5,"<Event xmlns=""http://schemas.microsoft.com/win/2004/08/events/event"">
    
        
    <System>
      
            
      <Provider Name=""Microsoft-Windows-Sysmon"" Guid=""{5770385f-c22a-43e0-bf4c-06f5698ffbd9}""/>
      
            
      <EventID>1</EventID>
      
            
      <Version>5</Version>
      
            
      <Level>4</Level>
      
            
      <Task>1</Task>
      
            
      <Opcode>0</Opcode>
      
            
      <Keywords>0x8000000000000000</Keywords>
      
            
      <TimeCreated SystemTime=""2023-12-27T16:26:33.4033437Z""/>
      
            
      <EventRecordID>19622</EventRecordID>
      
            
      <Correlation/>
      
            
      <Execution ProcessID=""3588"" ThreadID=""5124""/>
      
            
      <Channel>Microsoft-Windows-Sysmon/Operational</Channel>
      
            
      <Computer>WinDev2309Eval</Computer>
      
            
      <Security UserID=""S-1-5-18""/>
      
        
    </System>
    
        
    <EventData>
      
            
      <Data Name=""RuleName"">-</Data>
      
            
      <Data Name=""UtcTime"">2023-12-27 16:26:33.397</Data>
      
            
      <Data Name=""ProcessGuid"">{f57bd86a-5039-658c-eb01-000000000f00}</Data>
      
            
      <Data Name=""ProcessId"">6608</Data>
      
            
      <Data Name=""Image"">C:\Windows\System32\fsquirt.exe</Data>
      
            
      <Data Name=""FileVersion"">10.0.22621.2506 (WinBuild.160101.0800)</Data>
      
            
      <Data Name=""Description"">-</Data>
      
            
      <Data Name=""Product"">Microsoft&#174; Windows&#174; Operating System</Data>
      
            
      <Data Name=""Company"">Microsoft Corporation</Data>
      
            
      <Data Name=""OriginalFileName"">fsquirt.exe</Data>
      
            
      <Data Name=""CommandLine"">C:\Windows\System32\fsquirt.exe -Embedding</Data>
      
            
      <Data Name=""CurrentDirectory"">C:\Windows\system32\</Data>
      
            
      <Data Name=""User"">WINDEV2309EVAL\User</Data>
      
            
      <Data Name=""LogonGuid"">{f57bd86a-36f9-658c-7bf8-020000000000}</Data>
      
            
      <Data Name=""LogonId"">0x2f87b</Data>
      
            
      <Data Name=""TerminalSessionId"">1</Data>
      
            
      <Data Name=""IntegrityLevel"">Medium</Data>
      
            
      <Data Name=""Hashes"">
                MD5=2A691EA1F065F1755D23F16BD1F540F7,SHA256=069C0947CCF8F6E70B08A69449934C5BD335F1E36B0444FE0C83EF3BFDA64320,IMPHASH=CF9F329811EC0BB29FADA59B7F004646</Data>
      
            
      <Data Name=""ParentProcessGuid"">{f57bd86a-36f5-658c-0d00-000000000f00}</Data>
      
            
      <Data Name=""ParentProcessId"">932</Data>
      
            
      <Data Name=""ParentImage"">C:\Windows\System32\svchost.exe</Data>
      
            
      <Data Name=""ParentCommandLine"">C:\Windows\system32\svchost.exe -k DcomLaunch -p</Data>
      
            
      <Data Name=""ParentUser"">NT AUTHORITY\SYSTEM</Data>
      
        
    </EventData>
    
    
  </Event>
  
    
  
"
Microsoft-Windows-Sysmon/Operational,"C:\Windows\System32\rundll32.exe
                shell32.dll,SHCreateLocalServerRunDll {046AEAD9-5A27-4D3C-8A67-F82552E0A91B}
                -Embedding",Microsoft Corporation,WinDev2309Eval,,C:\Windows\system32\,Windows host process (Rundll32),,1,19621,,10.0.22621.1 (WinBuild.160101.0800),"
                MD5=57A6B4BDF247C1A6CA08AC09A8F9B742,SHA256=98D37EFF504A7ADB864131EA4A042AAF4D79C4356960A8AB2FA656CC59AEC014,IMPHASH=5C68DE198B5D2DD5C1129782AD19676C",C:\Windows\System32\rundll32.exe,Medium,0x8000000000000000,4,{f57bd86a-36f9-658c-7bf8-020000000000},0x2f87b,0,RUNDLL32.EXE,C:\Windows\system32\svchost.exe -k DcomLaunch -p,C:\Windows\System32\svchost.exe,{f57bd86a-36f5-658c-0d00-000000000f00},932,NT AUTHORITY\SYSTEM,{f57bd86a-5039-658c-ea01-000000000f00},3588,1280,Microsoft® Windows® Operating System,,,,-,2023-12-27T16:26:33.3058315Z,,,1,1,5124,WINDEV2309EVAL\User,S-1-5-18,2023-12-27 16:26:33.304,5,"<Event xmlns=""http://schemas.microsoft.com/win/2004/08/events/event"">
    
        
    <System>
      
            
      <Provider Name=""Microsoft-Windows-Sysmon"" Guid=""{5770385f-c22a-43e0-bf4c-06f5698ffbd9}""/>
      
            
      <EventID>1</EventID>
      
            
      <Version>5</Version>
      
            
      <Level>4</Level>
      
            
      <Task>1</Task>
      
            
      <Opcode>0</Opcode>
      
            
      <Keywords>0x8000000000000000</Keywords>
      
            
      <TimeCreated SystemTime=""2023-12-27T16:26:33.3058315Z""/>
      
            
      <EventRecordID>19621</EventRecordID>
      
            
      <Correlation/>
      
            
      <Execution ProcessID=""3588"" ThreadID=""5124""/>
      
            
      <Channel>Microsoft-Windows-Sysmon/Operational</Channel>
      
            
      <Computer>WinDev2309Eval</Computer>
      
            
      <Security UserID=""S-1-5-18""/>
      
        
    </System>
    
        
    <EventData>
      
            
      <Data Name=""RuleName"">-</Data>
      
            
      <Data Name=""UtcTime"">2023-12-27 16:26:33.304</Data>
      
            
      <Data Name=""ProcessGuid"">{f57bd86a-5039-658c-ea01-000000000f00}</Data>
      
            
      <Data Name=""ProcessId"">1280</Data>
      
            
      <Data Name=""Image"">C:\Windows\System32\rundll32.exe</Data>
      
            
      <Data Name=""FileVersion"">10.0.22621.1 (WinBuild.160101.0800)</Data>
      
            
      <Data Name=""Description"">Windows host process (Rundll32)</Data>
      
            
      <Data Name=""Product"">Microsoft&#174; Windows&#174; Operating System</Data>
      
            
      <Data Name=""Company"">Microsoft Corporation</Data>
      
            
      <Data Name=""OriginalFileName"">RUNDLL32.EXE</Data>
      
            
      <Data Name=""CommandLine"">C:\Windows\System32\rundll32.exe
                shell32.dll,SHCreateLocalServerRunDll {046AEAD9-5A27-4D3C-8A67-F82552E0A91B}
                -Embedding</Data>
      
            
      <Data Name=""CurrentDirectory"">C:\Windows\system32\</Data>
      
            
      <Data Name=""User"">WINDEV2309EVAL\User</Data>
      
            
      <Data Name=""LogonGuid"">{f57bd86a-36f9-658c-7bf8-020000000000}</Data>
      
            
      <Data Name=""LogonId"">0x2f87b</Data>
      
            
      <Data Name=""TerminalSessionId"">1</Data>
      
            
      <Data Name=""IntegrityLevel"">Medium</Data>
      
            
      <Data Name=""Hashes"">
                MD5=57A6B4BDF247C1A6CA08AC09A8F9B742,SHA256=98D37EFF504A7ADB864131EA4A042AAF4D79C4356960A8AB2FA656CC59AEC014,IMPHASH=5C68DE198B5D2DD5C1129782AD19676C</Data>
      
            
      <Data Name=""ParentProcessGuid"">{f57bd86a-36f5-658c-0d00-000000000f00}</Data>
      
            
      <Data Name=""ParentProcessId"">932</Data>
      
            
      <Data Name=""ParentImage"">C:\Windows\System32\svchost.exe</Data>
      
            
      <Data Name=""ParentCommandLine"">C:\Windows\system32\svchost.exe -k DcomLaunch -p</Data>
      
            
      <Data Name=""ParentUser"">NT AUTHORITY\SYSTEM</Data>
      
        
    </EventData>
    
    
  </Event>
  
    
  
"
Microsoft-Windows-Sysmon/Operational,C:\Windows\system32\svchost.exe -k WbioSvcGroup -s WbioSrvc,Microsoft Corporation,WinDev2309Eval,,C:\Windows\system32\,Host Process for Windows Services,,1,19620,,10.0.22621.1 (WinBuild.160101.0800),"
                MD5=8EC922C7A58A8701AB481B7BE9644536,SHA256=949BFB5B4C7D58D92F3F9C5F8EC7CA4CEAFFD10EC5F0020F0A987C472D61C54B,IMPHASH=76B4BAE80D2C3B08BB062D97BF9CA791",C:\Windows\System32\svchost.exe,System,0x8000000000000000,4,{f57bd86a-36f5-658c-e703-000000000000},0x3e7,0,svchost.exe,C:\Windows\system32\services.exe,C:\Windows\System32\services.exe,{f57bd86a-36f5-658c-0b00-000000000f00},780,NT AUTHORITY\SYSTEM,{f57bd86a-5038-658c-e901-000000000f00},3588,10572,Microsoft® Windows® Operating System,,,,-,2023-12-27T16:26:32.9711246Z,,,1,0,5124,NT AUTHORITY\SYSTEM,S-1-5-18,2023-12-27 16:26:32.969,5,"<Event xmlns=""http://schemas.microsoft.com/win/2004/08/events/event"">
    
        
    <System>
      
            
      <Provider Name=""Microsoft-Windows-Sysmon"" Guid=""{5770385f-c22a-43e0-bf4c-06f5698ffbd9}""/>
      
            
      <EventID>1</EventID>
      
            
      <Version>5</Version>
      
            
      <Level>4</Level>
      
            
      <Task>1</Task>
      
            
      <Opcode>0</Opcode>
      
            
      <Keywords>0x8000000000000000</Keywords>
      
            
      <TimeCreated SystemTime=""2023-12-27T16:26:32.9711246Z""/>
      
            
      <EventRecordID>19620</EventRecordID>
      
            
      <Correlation/>
      
            
      <Execution ProcessID=""3588"" ThreadID=""5124""/>
      
            
      <Channel>Microsoft-Windows-Sysmon/Operational</Channel>
      
            
      <Computer>WinDev2309Eval</Computer>
      
            
      <Security UserID=""S-1-5-18""/>
      
        
    </System>
    
        
    <EventData>
      
            
      <Data Name=""RuleName"">-</Data>
      
            
      <Data Name=""UtcTime"">2023-12-27 16:26:32.969</Data>
      
            
      <Data Name=""ProcessGuid"">{f57bd86a-5038-658c-e901-000000000f00}</Data>
      
            
      <Data Name=""ProcessId"">10572</Data>
      
            
      <Data Name=""Image"">C:\Windows\System32\svchost.exe</Data>
      
            
      <Data Name=""FileVersion"">10.0.22621.1 (WinBuild.160101.0800)</Data>
      
            
      <Data Name=""Description"">Host Process for Windows Services</Data>
      
            
      <Data Name=""Product"">Microsoft&#174; Windows&#174; Operating System</Data>
      
            
      <Data Name=""Company"">Microsoft Corporation</Data>
      
            
      <Data Name=""OriginalFileName"">svchost.exe</Data>
      
            
      <Data Name=""CommandLine"">C:\Windows\system32\svchost.exe -k WbioSvcGroup -s WbioSrvc</Data>
      
            
      <Data Name=""CurrentDirectory"">C:\Windows\system32\</Data>
      
            
      <Data Name=""User"">NT AUTHORITY\SYSTEM</Data>
      
            
      <Data Name=""LogonGuid"">{f57bd86a-36f5-658c-e703-000000000000}</Data>
      
            
      <Data Name=""LogonId"">0x3e7</Data>
      
            
      <Data Name=""TerminalSessionId"">0</Data>
      
            
      <Data Name=""IntegrityLevel"">System</Data>
      
            
      <Data Name=""Hashes"">
                MD5=8EC922C7A58A8701AB481B7BE9644536,SHA256=949BFB5B4C7D58D92F3F9C5F8EC7CA4CEAFFD10EC5F0020F0A987C472D61C54B,IMPHASH=76B4BAE80D2C3B08BB062D97BF9CA791</Data>
      
            
      <Data Name=""ParentProcessGuid"">{f57bd86a-36f5-658c-0b00-000000000f00}</Data>
      
            
      <Data Name=""ParentProcessId"">780</Data>
      
            
      <Data Name=""ParentImage"">C:\Windows\System32\services.exe</Data>
      
            
      <Data Name=""ParentCommandLine"">C:\Windows\system32\services.exe</Data>
      
            
      <Data Name=""ParentUser"">NT AUTHORITY\SYSTEM</Data>
      
        
    </EventData>
    
    
  </Event>
  
    
  
"
Microsoft-Windows-Sysmon/Operational,"C:\Windows\System32\Speech_OneCore\Common\SpeechRuntime.exe
                -Embedding",Microsoft Corporation,WinDev2309Eval,,C:\Windows\system32\,Speech Runtime Executable,,1,19619,,10.0.22621.2506 (WinBuild.160101.0800),"
                MD5=F07AC690911ED9AA56C03BD9D051119D,SHA256=2A97D8A6E28BCDCC8D0B779D5AB0EAB08CFC3836E1D9ECCE618378A80C919E63,IMPHASH=CF7B6E86D37A90F7F64F42C74906E200",C:\Windows\System32\Speech_OneCore\common\SpeechRuntime.exe,Medium,0x8000000000000000,4,{f57bd86a-36f9-658c-7bf8-020000000000},0x2f87b,0,SpeechRuntime.exe,C:\Windows\system32\svchost.exe -k DcomLaunch -p,C:\Windows\System32\svchost.exe,{f57bd86a-36f5-658c-0d00-000000000f00},932,NT AUTHORITY\SYSTEM,{f57bd86a-5038-658c-e801-000000000f00},3588,2676,Microsoft® Windows® Operating System,,,,-,2023-12-27T16:26:32.8198246Z,,,1,1,5124,WINDEV2309EVAL\User,S-1-5-18,2023-12-27 16:26:32.811,5,"<Event xmlns=""http://schemas.microsoft.com/win/2004/08/events/event"">
    
        
    <System>
      
            
      <Provider Name=""Microsoft-Windows-Sysmon"" Guid=""{5770385f-c22a-43e0-bf4c-06f5698ffbd9}""/>
      
            
      <EventID>1</EventID>
      
            
      <Version>5</Version>
      
            
      <Level>4</Level>
      
            
      <Task>1</Task>
      
            
      <Opcode>0</Opcode>
      
            
      <Keywords>0x8000000000000000</Keywords>
      
            
      <TimeCreated SystemTime=""2023-12-27T16:26:32.8198246Z""/>
      
            
      <EventRecordID>19619</EventRecordID>
      
            
      <Correlation/>
      
            
      <Execution ProcessID=""3588"" ThreadID=""5124""/>
      
            
      <Channel>Microsoft-Windows-Sysmon/Operational</Channel>
      
            
      <Computer>WinDev2309Eval</Computer>
      
            
      <Security UserID=""S-1-5-18""/>
      
        
    </System>
    
        
    <EventData>
      
            
      <Data Name=""RuleName"">-</Data>
      
            
      <Data Name=""UtcTime"">2023-12-27 16:26:32.811</Data>
      
            
      <Data Name=""ProcessGuid"">{f57bd86a-5038-658c-e801-000000000f00}</Data>
      
            
      <Data Name=""ProcessId"">2676</Data>
      
            
      <Data Name=""Image"">C:\Windows\System32\Speech_OneCore\common\SpeechRuntime.exe</Data>
      
            
      <Data Name=""FileVersion"">10.0.22621.2506 (WinBuild.160101.0800)</Data>
      
            
      <Data Name=""Description"">Speech Runtime Executable</Data>
      
            
      <Data Name=""Product"">Microsoft&#174; Windows&#174; Operating System</Data>
      
            
      <Data Name=""Company"">Microsoft Corporation</Data>
      
            
      <Data Name=""OriginalFileName"">SpeechRuntime.exe</Data>
      
            
      <Data Name=""CommandLine"">C:\Windows\System32\Speech_OneCore\Common\SpeechRuntime.exe
                -Embedding</Data>
      
            
      <Data Name=""CurrentDirectory"">C:\Windows\system32\</Data>
      
            
      <Data Name=""User"">WINDEV2309EVAL\User</Data>
      
            
      <Data Name=""LogonGuid"">{f57bd86a-36f9-658c-7bf8-020000000000}</Data>
      
            
      <Data Name=""LogonId"">0x2f87b</Data>
      
            
      <Data Name=""TerminalSessionId"">1</Data>
      
            
      <Data Name=""IntegrityLevel"">Medium</Data>
      
            
      <Data Name=""Hashes"">
                MD5=F07AC690911ED9AA56C03BD9D051119D,SHA256=2A97D8A6E28BCDCC8D0B779D5AB0EAB08CFC3836E1D9ECCE618378A80C919E63,IMPHASH=CF7B6E86D37A90F7F64F42C74906E200</Data>
      
            
      <Data Name=""ParentProcessGuid"">{f57bd86a-36f5-658c-0d00-000000000f00}</Data>
      
            
      <Data Name=""ParentProcessId"">932</Data>
      
            
      <Data Name=""ParentImage"">C:\Windows\System32\svchost.exe</Data>
      
            
      <Data Name=""ParentCommandLine"">C:\Windows\system32\svchost.exe -k DcomLaunch -p</Data>
      
            
      <Data Name=""ParentUser"">NT AUTHORITY\SYSTEM</Data>
      
        
    </EventData>
    
    
  </Event>
  
    
  
"
Microsoft-Windows-Sysmon/Operational,,,WinDev2309Eval,,,,10.0.22621.1,13,19618,SetValue,,,C:\Windows\System32\svchost.exe,,0x8000000000000000,4,,,0,,,,,,,{f57bd86a-36f8-658c-3e00-000000000f00},3588,3212,,,,,InvDB-Ver,2023-12-27T16:26:28.0637114Z,,"
                \REGISTRY\A\{b3b14332-edc6-625a-c682-62677f6d06d4}\Root\InventoryApplicationFile\winrshost.exe|ba63ae4880dfd0e6\BinProductVersion",13,,5124,NT AUTHORITY\SYSTEM,S-1-5-18,2023-12-27 16:26:28.061,2,"<Event xmlns=""http://schemas.microsoft.com/win/2004/08/events/event"">
    
        
    <System>
      
            
      <Provider Name=""Microsoft-Windows-Sysmon"" Guid=""{5770385f-c22a-43e0-bf4c-06f5698ffbd9}""/>
      
            
      <EventID>13</EventID>
      
            
      <Version>2</Version>
      
            
      <Level>4</Level>
      
            
      <Task>13</Task>
      
            
      <Opcode>0</Opcode>
      
            
      <Keywords>0x8000000000000000</Keywords>
      
            
      <TimeCreated SystemTime=""2023-12-27T16:26:28.0637114Z""/>
      
            
      <EventRecordID>19618</EventRecordID>
      
            
      <Correlation/>
      
            
      <Execution ProcessID=""3588"" ThreadID=""5124""/>
      
            
      <Channel>Microsoft-Windows-Sysmon/Operational</Channel>
      
            
      <Computer>WinDev2309Eval</Computer>
      
            
      <Security UserID=""S-1-5-18""/>
      
        
    </System>
    
        
    <EventData>
      
            
      <Data Name=""RuleName"">InvDB-Ver</Data>
      
            
      <Data Name=""EventType"">SetValue</Data>
      
            
      <Data Name=""UtcTime"">2023-12-27 16:26:28.061</Data>
      
            
      <Data Name=""ProcessGuid"">{f57bd86a-36f8-658c-3e00-000000000f00}</Data>
      
            
      <Data Name=""ProcessId"">3212</Data>
      
            
      <Data Name=""Image"">C:\Windows\System32\svchost.exe</Data>
      
            
      <Data Name=""TargetObject"">
                \REGISTRY\A\{b3b14332-edc6-625a-c682-62677f6d06d4}\Root\InventoryApplicationFile\winrshost.exe|ba63ae4880dfd0e6\BinProductVersion</Data>
      
            
      <Data Name=""Details"">10.0.22621.1</Data>
      
            
      <Data Name=""User"">NT AUTHORITY\SYSTEM</Data>
      
        
    </EventData>
    
    
  </Event>
  
    
  
"
Microsoft-Windows-Sysmon/Operational,,,WinDev2309Eval,,,,05/16/2043 19:44:22,13,19617,SetValue,,,C:\Windows\System32\svchost.exe,,0x8000000000000000,4,,,0,,,,,,,{f57bd86a-36f8-658c-3e00-000000000f00},3588,3212,,,,,InvDB-CompileTimeClaim,2023-12-27T16:26:28.0636560Z,,"
                \REGISTRY\A\{b3b14332-edc6-625a-c682-62677f6d06d4}\Root\InventoryApplicationFile\winrshost.exe|ba63ae4880dfd0e6\LinkDate",13,,5124,NT AUTHORITY\SYSTEM,S-1-5-18,2023-12-27 16:26:28.061,2,"<Event xmlns=""http://schemas.microsoft.com/win/2004/08/events/event"">
    
        
    <System>
      
            
      <Provider Name=""Microsoft-Windows-Sysmon"" Guid=""{5770385f-c22a-43e0-bf4c-06f5698ffbd9}""/>
      
            
      <EventID>13</EventID>
      
            
      <Version>2</Version>
      
            
      <Level>4</Level>
      
            
      <Task>13</Task>
      
            
      <Opcode>0</Opcode>
      
            
      <Keywords>0x8000000000000000</Keywords>
      
            
      <TimeCreated SystemTime=""2023-12-27T16:26:28.0636560Z""/>
      
            
      <EventRecordID>19617</EventRecordID>
      
            
      <Correlation/>
      
            
      <Execution ProcessID=""3588"" ThreadID=""5124""/>
      
            
      <Channel>Microsoft-Windows-Sysmon/Operational</Channel>
      
            
      <Computer>WinDev2309Eval</Computer>
      
            
      <Security UserID=""S-1-5-18""/>
      
        
    </System>
    
        
    <EventData>
      
            
      <Data Name=""RuleName"">InvDB-CompileTimeClaim</Data>
      
            
      <Data Name=""EventType"">SetValue</Data>
      
            
      <Data Name=""UtcTime"">2023-12-27 16:26:28.061</Data>
      
            
      <Data Name=""ProcessGuid"">{f57bd86a-36f8-658c-3e00-000000000f00}</Data>
      
            
      <Data Name=""ProcessId"">3212</Data>
      
            
      <Data Name=""Image"">C:\Windows\System32\svchost.exe</Data>
      
            
      <Data Name=""TargetObject"">
                \REGISTRY\A\{b3b14332-edc6-625a-c682-62677f6d06d4}\Root\InventoryApplicationFile\winrshost.exe|ba63ae4880dfd0e6\LinkDate</Data>
      
            
      <Data Name=""Details"">05/16/2043 19:44:22</Data>
      
            
      <Data Name=""User"">NT AUTHORITY\SYSTEM</Data>
      
        
    </EventData>
    
    
  </Event>
  
    
  
"
Microsoft-Windows-Sysmon/Operational,,,WinDev2309Eval,,,,microsoft corporation,13,19616,SetValue,,,C:\Windows\System32\svchost.exe,,0x8000000000000000,4,,,0,,,,,,,{f57bd86a-36f8-658c-3e00-000000000f00},3588,3212,,,,,InvDB-Pub,2023-12-27T16:26:28.0633385Z,,"
                \REGISTRY\A\{b3b14332-edc6-625a-c682-62677f6d06d4}\Root\InventoryApplicationFile\winrshost.exe|ba63ae4880dfd0e6\Publisher",13,,5124,NT AUTHORITY\SYSTEM,S-1-5-18,2023-12-27 16:26:28.061,2,"<Event xmlns=""http://schemas.microsoft.com/win/2004/08/events/event"">
    
        
    <System>
      
            
      <Provider Name=""Microsoft-Windows-Sysmon"" Guid=""{5770385f-c22a-43e0-bf4c-06f5698ffbd9}""/>
      
            
      <EventID>13</EventID>
      
            
      <Version>2</Version>
      
            
      <Level>4</Level>
      
            
      <Task>13</Task>
      
            
      <Opcode>0</Opcode>
      
            
      <Keywords>0x8000000000000000</Keywords>
      
            
      <TimeCreated SystemTime=""2023-12-27T16:26:28.0633385Z""/>
      
            
      <EventRecordID>19616</EventRecordID>
      
            
      <Correlation/>
      
            
      <Execution ProcessID=""3588"" ThreadID=""5124""/>
      
            
      <Channel>Microsoft-Windows-Sysmon/Operational</Channel>
      
            
      <Computer>WinDev2309Eval</Computer>
      
            
      <Security UserID=""S-1-5-18""/>
      
        
    </System>
    
        
    <EventData>
      
            
      <Data Name=""RuleName"">InvDB-Pub</Data>
      
            
      <Data Name=""EventType"">SetValue</Data>
      
            
      <Data Name=""UtcTime"">2023-12-27 16:26:28.061</Data>
      
            
      <Data Name=""ProcessGuid"">{f57bd86a-36f8-658c-3e00-000000000f00}</Data>
      
            
      <Data Name=""ProcessId"">3212</Data>
      
            
      <Data Name=""Image"">C:\Windows\System32\svchost.exe</Data>
      
            
      <Data Name=""TargetObject"">
                \REGISTRY\A\{b3b14332-edc6-625a-c682-62677f6d06d4}\Root\InventoryApplicationFile\winrshost.exe|ba63ae4880dfd0e6\Publisher</Data>
      
            
      <Data Name=""Details"">microsoft corporation</Data>
      
            
      <Data Name=""User"">NT AUTHORITY\SYSTEM</Data>
      
        
    </EventData>
    
    
  </Event>
  
    
  
"
Microsoft-Windows-Sysmon/Operational,,,WinDev2309Eval,,,,c:\windows\system32\winrshost.exe,13,19615,SetValue,,,C:\Windows\System32\svchost.exe,,0x8000000000000000,4,,,0,,,,,,,{f57bd86a-36f8-658c-3e00-000000000f00},3588,3212,,,,,InvDB-Path,2023-12-27T16:26:28.0631793Z,,"
                \REGISTRY\A\{b3b14332-edc6-625a-c682-62677f6d06d4}\Root\InventoryApplicationFile\winrshost.exe|ba63ae4880dfd0e6\LowerCaseLongPath",13,,5124,NT AUTHORITY\SYSTEM,S-1-5-18,2023-12-27 16:26:28.061,2,"<Event xmlns=""http://schemas.microsoft.com/win/2004/08/events/event"">
    
        
    <System>
      
            
      <Provider Name=""Microsoft-Windows-Sysmon"" Guid=""{5770385f-c22a-43e0-bf4c-06f5698ffbd9}""/>
      
            
      <EventID>13</EventID>
      
            
      <Version>2</Version>
      
            
      <Level>4</Level>
      
            
      <Task>13</Task>
      
            
      <Opcode>0</Opcode>
      
            
      <Keywords>0x8000000000000000</Keywords>
      
            
      <TimeCreated SystemTime=""2023-12-27T16:26:28.0631793Z""/>
      
            
      <EventRecordID>19615</EventRecordID>
      
            
      <Correlation/>
      
            
      <Execution ProcessID=""3588"" ThreadID=""5124""/>
      
            
      <Channel>Microsoft-Windows-Sysmon/Operational</Channel>
      
            
      <Computer>WinDev2309Eval</Computer>
      
            
      <Security UserID=""S-1-5-18""/>
      
        
    </System>
    
        
    <EventData>
      
            
      <Data Name=""RuleName"">InvDB-Path</Data>
      
            
      <Data Name=""EventType"">SetValue</Data>
      
            
      <Data Name=""UtcTime"">2023-12-27 16:26:28.061</Data>
      
            
      <Data Name=""ProcessGuid"">{f57bd86a-36f8-658c-3e00-000000000f00}</Data>
      
            
      <Data Name=""ProcessId"">3212</Data>
      
            
      <Data Name=""Image"">C:\Windows\System32\svchost.exe</Data>
      
            
      <Data Name=""TargetObject"">
                \REGISTRY\A\{b3b14332-edc6-625a-c682-62677f6d06d4}\Root\InventoryApplicationFile\winrshost.exe|ba63ae4880dfd0e6\LowerCaseLongPath</Data>
      
            
      <Data Name=""Details"">c:\windows\system32\winrshost.exe</Data>
      
            
      <Data Name=""User"">NT AUTHORITY\SYSTEM</Data>
      
        
    </EventData>
    
    
  </Event>
  
    
  
"
