Microsoft-Windows-Sysmon/Operational,C:\Windows\System32\smartscreen.exe -Embedding,Microsoft Corporation,WinDev2309Eval,,C:\Windows\system32\,Windows Defender SmartScreen,,,,,,,1,20398,,10.0.22621.2506 (WinBuild.160101.0800),"
                MD5=428B629A92397F8AE122C96F1AA64307,SHA256=A239C6A0C9754025160F4E52FD1D8C155F82F2E8DC159C643FDA75AAEAE7468E,IMPHASH=2CD979428F6A7D556A8BFFD60C64AD9B",C:\Windows\System32\smartscreen.exe,,Medium,0x8000000000000000,4,{f57bd86a-36f9-658c-7bf8-020000000000},0x2f87b,0,smartscreen.exe,C:\Windows\system32\svchost.exe -k DcomLaunch -p,C:\Windows\System32\svchost.exe,{f57bd86a-36f5-658c-0d00-000000000f00},932,NT AUTHORITY\SYSTEM,{f57bd86a-531e-658c-fd04-000000000f00},3588,1928,Microsoft® Windows® Operating System,,,,,-,,,,,,2023-12-27T16:38:54.7439926Z,,,1,1,5124,WINDEV2309EVAL\User,S-1-5-18,2023-12-27 16:38:54.742,5,"<Event xmlns=""http://schemas.microsoft.com/win/2004/08/events/event"">
    
        
    <System>
      
            
      <Provider Name=""Microsoft-Windows-Sysmon"" Guid=""{5770385f-c22a-43e0-bf4c-06f5698ffbd9}""/>
      
            
      <EventID>1</EventID>
      
            
      <Version>5</Version>
      
            
      <Level>4</Level>
      
            
      <Task>1</Task>
      
            
      <Opcode>0</Opcode>
      
            
      <Keywords>0x8000000000000000</Keywords>
      
            
      <TimeCreated SystemTime=""2023-12-27T16:38:54.7439926Z""/>
      
            
      <EventRecordID>20398</EventRecordID>
      
            
      <Correlation/>
      
            
      <Execution ProcessID=""3588"" ThreadID=""5124""/>
      
            
      <Channel>Microsoft-Windows-Sysmon/Operational</Channel>
      
            
      <Computer>WinDev2309Eval</Computer>
      
            
      <Security UserID=""S-1-5-18""/>
      
        
    </System>
    
        
    <EventData>
      
            
      <Data Name=""RuleName"">-</Data>
      
            
      <Data Name=""UtcTime"">2023-12-27 16:38:54.742</Data>
      
            
      <Data Name=""ProcessGuid"">{f57bd86a-531e-658c-fd04-000000000f00}</Data>
      
            
      <Data Name=""ProcessId"">1928</Data>
      
            
      <Data Name=""Image"">C:\Windows\System32\smartscreen.exe</Data>
      
            
      <Data Name=""FileVersion"">10.0.22621.2506 (WinBuild.160101.0800)</Data>
      
            
      <Data Name=""Description"">Windows Defender SmartScreen</Data>
      
            
      <Data Name=""Product"">Microsoft&#174; Windows&#174; Operating System</Data>
      
            
      <Data Name=""Company"">Microsoft Corporation</Data>
      
            
      <Data Name=""OriginalFileName"">smartscreen.exe</Data>
      
            
      <Data Name=""CommandLine"">C:\Windows\System32\smartscreen.exe -Embedding</Data>
      
            
      <Data Name=""CurrentDirectory"">C:\Windows\system32\</Data>
      
            
      <Data Name=""User"">WINDEV2309EVAL\User</Data>
      
            
      <Data Name=""LogonGuid"">{f57bd86a-36f9-658c-7bf8-020000000000}</Data>
      
            
      <Data Name=""LogonId"">0x2f87b</Data>
      
            
      <Data Name=""TerminalSessionId"">1</Data>
      
            
      <Data Name=""IntegrityLevel"">Medium</Data>
      
            
      <Data Name=""Hashes"">
                MD5=428B629A92397F8AE122C96F1AA64307,SHA256=A239C6A0C9754025160F4E52FD1D8C155F82F2E8DC159C643FDA75AAEAE7468E,IMPHASH=2CD979428F6A7D556A8BFFD60C64AD9B</Data>
      
            
      <Data Name=""ParentProcessGuid"">{f57bd86a-36f5-658c-0d00-000000000f00}</Data>
      
            
      <Data Name=""ParentProcessId"">932</Data>
      
            
      <Data Name=""ParentImage"">C:\Windows\System32\svchost.exe</Data>
      
            
      <Data Name=""ParentCommandLine"">C:\Windows\system32\svchost.exe -k DcomLaunch -p</Data>
      
            
      <Data Name=""ParentUser"">NT AUTHORITY\SYSTEM</Data>
      
        
    </EventData>
    
    
  </Event>
  
    
  
"
Microsoft-Windows-Sysmon/Operational,"C:\Windows\System32\Dism\dismhost.exe
                {EE87E0ED-8338-4CF0-8389-7D7DC5E97E38}",Microsoft Corporation,WinDev2309Eval,,C:\Windows\system32\,Dism Host Servicing Process,,,,,,,1,20397,,10.0.22621.1 (WinBuild.160101.0800),"
                MD5=ADE7AD33DA7822EB781E0E80CA81C14D,SHA256=7E48FDDCA1227FC511CEFA2EE473DC9C7887270C1BB0ECDDC4A56F01B6C490E4,IMPHASH=DF7F3ABA990731185355E5ABEB273359",C:\Windows\System32\Dism\DismHost.exe,,High,0x8000000000000000,4,{f57bd86a-36f9-658c-bff7-020000000000},0x2f7bf,0,DismHost.exe,"""C:\Windows\system32\cleanmgr.exe"" /autocleanstoragesense
                /d C:",C:\Windows\System32\cleanmgr.exe,{f57bd86a-531c-658c-f004-000000000f00},4160,WINDEV2309EVAL\User,{f57bd86a-531e-658c-fb04-000000000f00},3588,5408,Microsoft® Windows® Operating System,,,,,-,,,,,,2023-12-27T16:38:54.4344137Z,,,1,1,5124,WINDEV2309EVAL\User,S-1-5-18,2023-12-27 16:38:54.428,5,"<Event xmlns=""http://schemas.microsoft.com/win/2004/08/events/event"">
    
        
    <System>
      
            
      <Provider Name=""Microsoft-Windows-Sysmon"" Guid=""{5770385f-c22a-43e0-bf4c-06f5698ffbd9}""/>
      
            
      <EventID>1</EventID>
      
            
      <Version>5</Version>
      
            
      <Level>4</Level>
      
            
      <Task>1</Task>
      
            
      <Opcode>0</Opcode>
      
            
      <Keywords>0x8000000000000000</Keywords>
      
            
      <TimeCreated SystemTime=""2023-12-27T16:38:54.4344137Z""/>
      
            
      <EventRecordID>20397</EventRecordID>
      
            
      <Correlation/>
      
            
      <Execution ProcessID=""3588"" ThreadID=""5124""/>
      
            
      <Channel>Microsoft-Windows-Sysmon/Operational</Channel>
      
            
      <Computer>WinDev2309Eval</Computer>
      
            
      <Security UserID=""S-1-5-18""/>
      
        
    </System>
    
        
    <EventData>
      
            
      <Data Name=""RuleName"">-</Data>
      
            
      <Data Name=""UtcTime"">2023-12-27 16:38:54.428</Data>
      
            
      <Data Name=""ProcessGuid"">{f57bd86a-531e-658c-fb04-000000000f00}</Data>
      
            
      <Data Name=""ProcessId"">5408</Data>
      
            
      <Data Name=""Image"">C:\Windows\System32\Dism\DismHost.exe</Data>
      
            
      <Data Name=""FileVersion"">10.0.22621.1 (WinBuild.160101.0800)</Data>
      
            
      <Data Name=""Description"">Dism Host Servicing Process</Data>
      
            
      <Data Name=""Product"">Microsoft&#174; Windows&#174; Operating System</Data>
      
            
      <Data Name=""Company"">Microsoft Corporation</Data>
      
            
      <Data Name=""OriginalFileName"">DismHost.exe</Data>
      
            
      <Data Name=""CommandLine"">C:\Windows\System32\Dism\dismhost.exe
                {EE87E0ED-8338-4CF0-8389-7D7DC5E97E38}</Data>
      
            
      <Data Name=""CurrentDirectory"">C:\Windows\system32\</Data>
      
            
      <Data Name=""User"">WINDEV2309EVAL\User</Data>
      
            
      <Data Name=""LogonGuid"">{f57bd86a-36f9-658c-bff7-020000000000}</Data>
      
            
      <Data Name=""LogonId"">0x2f7bf</Data>
      
            
      <Data Name=""TerminalSessionId"">1</Data>
      
            
      <Data Name=""IntegrityLevel"">High</Data>
      
            
      <Data Name=""Hashes"">
                MD5=ADE7AD33DA7822EB781E0E80CA81C14D,SHA256=7E48FDDCA1227FC511CEFA2EE473DC9C7887270C1BB0ECDDC4A56F01B6C490E4,IMPHASH=DF7F3ABA990731185355E5ABEB273359</Data>
      
            
      <Data Name=""ParentProcessGuid"">{f57bd86a-531c-658c-f004-000000000f00}</Data>
      
            
      <Data Name=""ParentProcessId"">4160</Data>
      
            
      <Data Name=""ParentImage"">C:\Windows\System32\cleanmgr.exe</Data>
      
            
      <Data Name=""ParentCommandLine"">""C:\Windows\system32\cleanmgr.exe"" /autocleanstoragesense
                /d C:</Data>
      
            
      <Data Name=""ParentUser"">WINDEV2309EVAL\User</Data>
      
        
    </EventData>
    
    
  </Event>
  
    
  
"
Microsoft-Windows-Sysmon/Operational,taskhostw.exe,Microsoft Corporation,WinDev2309Eval,,C:\Windows\system32\,Host Process for Windows Tasks,,,,,,,1,20396,,10.0.22621.2792 (WinBuild.160101.0800),"
                MD5=AAA6BA42398B2D70F12F00A110701041,SHA256=58CC5757BB129557652797EA92AEE701DE5C574B22FDCD5DCDDF141CAEEA3C02,IMPHASH=1C4E2D9936E4D9F2490B08AAB4D24260",C:\Windows\System32\taskhostw.exe,,System,0x8000000000000000,4,{f57bd86a-36f5-658c-e703-000000000000},0x3e7,0,taskhostw.exe,C:\Windows\system32\svchost.exe -k netsvcs -p -s Schedule,C:\Windows\System32\svchost.exe,{f57bd86a-36f6-658c-1d00-000000000f00},1496,NT AUTHORITY\SYSTEM,{f57bd86a-531d-658c-fa04-000000000f00},3588,10256,Microsoft® Windows® Operating System,,,,,-,,,,,,2023-12-27T16:38:53.2905155Z,,,1,0,5124,NT AUTHORITY\SYSTEM,S-1-5-18,2023-12-27 16:38:53.288,5,"<Event xmlns=""http://schemas.microsoft.com/win/2004/08/events/event"">
    
        
    <System>
      
            
      <Provider Name=""Microsoft-Windows-Sysmon"" Guid=""{5770385f-c22a-43e0-bf4c-06f5698ffbd9}""/>
      
            
      <EventID>1</EventID>
      
            
      <Version>5</Version>
      
            
      <Level>4</Level>
      
            
      <Task>1</Task>
      
            
      <Opcode>0</Opcode>
      
            
      <Keywords>0x8000000000000000</Keywords>
      
            
      <TimeCreated SystemTime=""2023-12-27T16:38:53.2905155Z""/>
      
            
      <EventRecordID>20396</EventRecordID>
      
            
      <Correlation/>
      
            
      <Execution ProcessID=""3588"" ThreadID=""5124""/>
      
            
      <Channel>Microsoft-Windows-Sysmon/Operational</Channel>
      
            
      <Computer>WinDev2309Eval</Computer>
      
            
      <Security UserID=""S-1-5-18""/>
      
        
    </System>
    
        
    <EventData>
      
            
      <Data Name=""RuleName"">-</Data>
      
            
      <Data Name=""UtcTime"">2023-12-27 16:38:53.288</Data>
      
            
      <Data Name=""ProcessGuid"">{f57bd86a-531d-658c-fa04-000000000f00}</Data>
      
            
      <Data Name=""ProcessId"">10256</Data>
      
            
      <Data Name=""Image"">C:\Windows\System32\taskhostw.exe</Data>
      
            
      <Data Name=""FileVersion"">10.0.22621.2792 (WinBuild.160101.0800)</Data>
      
            
      <Data Name=""Description"">Host Process for Windows Tasks</Data>
      
            
      <Data Name=""Product"">Microsoft&#174; Windows&#174; Operating System</Data>
      
            
      <Data Name=""Company"">Microsoft Corporation</Data>
      
            
      <Data Name=""OriginalFileName"">taskhostw.exe</Data>
      
            
      <Data Name=""CommandLine"">taskhostw.exe</Data>
      
            
      <Data Name=""CurrentDirectory"">C:\Windows\system32\</Data>
      
            
      <Data Name=""User"">NT AUTHORITY\SYSTEM</Data>
      
            
      <Data Name=""LogonGuid"">{f57bd86a-36f5-658c-e703-000000000000}</Data>
      
            
      <Data Name=""LogonId"">0x3e7</Data>
      
            
      <Data Name=""TerminalSessionId"">0</Data>
      
            
      <Data Name=""IntegrityLevel"">System</Data>
      
            
      <Data Name=""Hashes"">
                MD5=AAA6BA42398B2D70F12F00A110701041,SHA256=58CC5757BB129557652797EA92AEE701DE5C574B22FDCD5DCDDF141CAEEA3C02,IMPHASH=1C4E2D9936E4D9F2490B08AAB4D24260</Data>
      
            
      <Data Name=""ParentProcessGuid"">{f57bd86a-36f6-658c-1d00-000000000f00}</Data>
      
            
      <Data Name=""ParentProcessId"">1496</Data>
      
            
      <Data Name=""ParentImage"">C:\Windows\System32\svchost.exe</Data>
      
            
      <Data Name=""ParentCommandLine"">C:\Windows\system32\svchost.exe -k netsvcs -p -s Schedule</Data>
      
            
      <Data Name=""ParentUser"">NT AUTHORITY\SYSTEM</Data>
      
        
    </EventData>
    
    
  </Event>
  
    
  
"
Microsoft-Windows-Sysmon/Operational,,,WinDev2309Eval,,,,,,,,,DWORD (0x00000003),13,20395,SetValue,,,C:\Windows\system32\services.exe,,,0x8000000000000000,4,,,0,,,,,,,{f57bd86a-36f5-658c-0b00-000000000f00},3588,780,,,,,,"T1031,T1050",,,,,,2023-12-27T16:38:53.2345141Z,,HKLM\System\CurrentControlSet\Services\WdNisDrv\Start,13,,5124,NT AUTHORITY\SYSTEM,S-1-5-18,2023-12-27 16:38:53.224,2,"<Event xmlns=""http://schemas.microsoft.com/win/2004/08/events/event"">
    
        
    <System>
      
            
      <Provider Name=""Microsoft-Windows-Sysmon"" Guid=""{5770385f-c22a-43e0-bf4c-06f5698ffbd9}""/>
      
            
      <EventID>13</EventID>
      
            
      <Version>2</Version>
      
            
      <Level>4</Level>
      
            
      <Task>13</Task>
      
            
      <Opcode>0</Opcode>
      
            
      <Keywords>0x8000000000000000</Keywords>
      
            
      <TimeCreated SystemTime=""2023-12-27T16:38:53.2345141Z""/>
      
            
      <EventRecordID>20395</EventRecordID>
      
            
      <Correlation/>
      
            
      <Execution ProcessID=""3588"" ThreadID=""5124""/>
      
            
      <Channel>Microsoft-Windows-Sysmon/Operational</Channel>
      
            
      <Computer>WinDev2309Eval</Computer>
      
            
      <Security UserID=""S-1-5-18""/>
      
        
    </System>
    
        
    <EventData>
      
            
      <Data Name=""RuleName"">T1031,T1050</Data>
      
            
      <Data Name=""EventType"">SetValue</Data>
      
            
      <Data Name=""UtcTime"">2023-12-27 16:38:53.224</Data>
      
            
      <Data Name=""ProcessGuid"">{f57bd86a-36f5-658c-0b00-000000000f00}</Data>
      
            
      <Data Name=""ProcessId"">780</Data>
      
            
      <Data Name=""Image"">C:\Windows\system32\services.exe</Data>
      
            
      <Data Name=""TargetObject"">HKLM\System\CurrentControlSet\Services\WdNisDrv\Start</Data>
      
            
      <Data Name=""Details"">DWORD (0x00000003)</Data>
      
            
      <Data Name=""User"">NT AUTHORITY\SYSTEM</Data>
      
        
    </EventData>
    
    
  </Event>
  
    
  
"
Microsoft-Windows-Sysmon/Operational,,,WinDev2309Eval,,,,,,,,,DWORD (0x00000003),13,20394,SetValue,,,C:\Windows\system32\services.exe,,,0x8000000000000000,4,,,0,,,,,,,{f57bd86a-36f5-658c-0b00-000000000f00},3588,780,,,,,,"T1031,T1050",,,,,,2023-12-27T16:38:53.2332259Z,,HKLM\System\CurrentControlSet\Services\WdNisDrv\Start,13,,5124,NT AUTHORITY\SYSTEM,S-1-5-18,2023-12-27 16:38:53.224,2,"<Event xmlns=""http://schemas.microsoft.com/win/2004/08/events/event"">
    
        
    <System>
      
            
      <Provider Name=""Microsoft-Windows-Sysmon"" Guid=""{5770385f-c22a-43e0-bf4c-06f5698ffbd9}""/>
      
            
      <EventID>13</EventID>
      
            
      <Version>2</Version>
      
            
      <Level>4</Level>
      
            
      <Task>13</Task>
      
            
      <Opcode>0</Opcode>
      
            
      <Keywords>0x8000000000000000</Keywords>
      
            
      <TimeCreated SystemTime=""2023-12-27T16:38:53.2332259Z""/>
      
            
      <EventRecordID>20394</EventRecordID>
      
            
      <Correlation/>
      
            
      <Execution ProcessID=""3588"" ThreadID=""5124""/>
      
            
      <Channel>Microsoft-Windows-Sysmon/Operational</Channel>
      
            
      <Computer>WinDev2309Eval</Computer>
      
            
      <Security UserID=""S-1-5-18""/>
      
        
    </System>
    
        
    <EventData>
      
            
      <Data Name=""RuleName"">T1031,T1050</Data>
      
            
      <Data Name=""EventType"">SetValue</Data>
      
            
      <Data Name=""UtcTime"">2023-12-27 16:38:53.224</Data>
      
            
      <Data Name=""ProcessGuid"">{f57bd86a-36f5-658c-0b00-000000000f00}</Data>
      
            
      <Data Name=""ProcessId"">780</Data>
      
            
      <Data Name=""Image"">C:\Windows\system32\services.exe</Data>
      
            
      <Data Name=""TargetObject"">HKLM\System\CurrentControlSet\Services\WdNisDrv\Start</Data>
      
            
      <Data Name=""Details"">DWORD (0x00000003)</Data>
      
            
      <Data Name=""User"">NT AUTHORITY\SYSTEM</Data>
      
        
    </EventData>
    
    
  </Event>
  
    
  
"
Microsoft-Windows-Sysmon/Operational,,,WinDev2309Eval,,,,,,,,,DWORD (0x00000003),13,20393,SetValue,,,C:\Windows\system32\services.exe,,,0x8000000000000000,4,,,0,,,,,,,{f57bd86a-36f5-658c-0b00-000000000f00},3588,780,,,,,,"T1031,T1050",,,,,,2023-12-27T16:38:53.2321500Z,,HKLM\System\CurrentControlSet\Services\WdNisDrv\Start,13,,5124,NT AUTHORITY\SYSTEM,S-1-5-18,2023-12-27 16:38:53.224,2,"<Event xmlns=""http://schemas.microsoft.com/win/2004/08/events/event"">
    
        
    <System>
      
            
      <Provider Name=""Microsoft-Windows-Sysmon"" Guid=""{5770385f-c22a-43e0-bf4c-06f5698ffbd9}""/>
      
            
      <EventID>13</EventID>
      
            
      <Version>2</Version>
      
            
      <Level>4</Level>
      
            
      <Task>13</Task>
      
            
      <Opcode>0</Opcode>
      
            
      <Keywords>0x8000000000000000</Keywords>
      
            
      <TimeCreated SystemTime=""2023-12-27T16:38:53.2321500Z""/>
      
            
      <EventRecordID>20393</EventRecordID>
      
            
      <Correlation/>
      
            
      <Execution ProcessID=""3588"" ThreadID=""5124""/>
      
            
      <Channel>Microsoft-Windows-Sysmon/Operational</Channel>
      
            
      <Computer>WinDev2309Eval</Computer>
      
            
      <Security UserID=""S-1-5-18""/>
      
        
    </System>
    
        
    <EventData>
      
            
      <Data Name=""RuleName"">T1031,T1050</Data>
      
            
      <Data Name=""EventType"">SetValue</Data>
      
            
      <Data Name=""UtcTime"">2023-12-27 16:38:53.224</Data>
      
            
      <Data Name=""ProcessGuid"">{f57bd86a-36f5-658c-0b00-000000000f00}</Data>
      
            
      <Data Name=""ProcessId"">780</Data>
      
            
      <Data Name=""Image"">C:\Windows\system32\services.exe</Data>
      
            
      <Data Name=""TargetObject"">HKLM\System\CurrentControlSet\Services\WdNisDrv\Start</Data>
      
            
      <Data Name=""Details"">DWORD (0x00000003)</Data>
      
            
      <Data Name=""User"">NT AUTHORITY\SYSTEM</Data>
      
        
    </EventData>
    
    
  </Event>
  
    
  
"
Microsoft-Windows-Sysmon/Operational,,,WinDev2309Eval,,,,,,,,,DWORD (0x00000003),13,20392,SetValue,,,C:\Windows\system32\services.exe,,,0x8000000000000000,4,,,0,,,,,,,{f57bd86a-36f5-658c-0b00-000000000f00},3588,780,,,,,,"T1031,T1050",,,,,,2023-12-27T16:38:53.2301327Z,,HKLM\System\CurrentControlSet\Services\WdNisDrv\Start,13,,5124,NT AUTHORITY\SYSTEM,S-1-5-18,2023-12-27 16:38:53.224,2,"<Event xmlns=""http://schemas.microsoft.com/win/2004/08/events/event"">
    
        
    <System>
      
            
      <Provider Name=""Microsoft-Windows-Sysmon"" Guid=""{5770385f-c22a-43e0-bf4c-06f5698ffbd9}""/>
      
            
      <EventID>13</EventID>
      
            
      <Version>2</Version>
      
            
      <Level>4</Level>
      
            
      <Task>13</Task>
      
            
      <Opcode>0</Opcode>
      
            
      <Keywords>0x8000000000000000</Keywords>
      
            
      <TimeCreated SystemTime=""2023-12-27T16:38:53.2301327Z""/>
      
            
      <EventRecordID>20392</EventRecordID>
      
            
      <Correlation/>
      
            
      <Execution ProcessID=""3588"" ThreadID=""5124""/>
      
            
      <Channel>Microsoft-Windows-Sysmon/Operational</Channel>
      
            
      <Computer>WinDev2309Eval</Computer>
      
            
      <Security UserID=""S-1-5-18""/>
      
        
    </System>
    
        
    <EventData>
      
            
      <Data Name=""RuleName"">T1031,T1050</Data>
      
            
      <Data Name=""EventType"">SetValue</Data>
      
            
      <Data Name=""UtcTime"">2023-12-27 16:38:53.224</Data>
      
            
      <Data Name=""ProcessGuid"">{f57bd86a-36f5-658c-0b00-000000000f00}</Data>
      
            
      <Data Name=""ProcessId"">780</Data>
      
            
      <Data Name=""Image"">C:\Windows\system32\services.exe</Data>
      
            
      <Data Name=""TargetObject"">HKLM\System\CurrentControlSet\Services\WdNisDrv\Start</Data>
      
            
      <Data Name=""Details"">DWORD (0x00000003)</Data>
      
            
      <Data Name=""User"">NT AUTHORITY\SYSTEM</Data>
      
        
    </EventData>
    
    
  </Event>
  
    
  
"
Microsoft-Windows-Sysmon/Operational,,,WinDev2309Eval,,,,,,,,,DWORD (0x00000003),13,20391,SetValue,,,C:\Windows\system32\services.exe,,,0x8000000000000000,4,,,0,,,,,,,{f57bd86a-36f5-658c-0b00-000000000f00},3588,780,,,,,,"T1031,T1050",,,,,,2023-12-27T16:38:53.2282923Z,,HKLM\System\CurrentControlSet\Services\WdNisDrv\Start,13,,5124,NT AUTHORITY\SYSTEM,S-1-5-18,2023-12-27 16:38:53.224,2,"<Event xmlns=""http://schemas.microsoft.com/win/2004/08/events/event"">
    
        
    <System>
      
            
      <Provider Name=""Microsoft-Windows-Sysmon"" Guid=""{5770385f-c22a-43e0-bf4c-06f5698ffbd9}""/>
      
            
      <EventID>13</EventID>
      
            
      <Version>2</Version>
      
            
      <Level>4</Level>
      
            
      <Task>13</Task>
      
            
      <Opcode>0</Opcode>
      
            
      <Keywords>0x8000000000000000</Keywords>
      
            
      <TimeCreated SystemTime=""2023-12-27T16:38:53.2282923Z""/>
      
            
      <EventRecordID>20391</EventRecordID>
      
            
      <Correlation/>
      
            
      <Execution ProcessID=""3588"" ThreadID=""5124""/>
      
            
      <Channel>Microsoft-Windows-Sysmon/Operational</Channel>
      
            
      <Computer>WinDev2309Eval</Computer>
      
            
      <Security UserID=""S-1-5-18""/>
      
        
    </System>
    
        
    <EventData>
      
            
      <Data Name=""RuleName"">T1031,T1050</Data>
      
            
      <Data Name=""EventType"">SetValue</Data>
      
            
      <Data Name=""UtcTime"">2023-12-27 16:38:53.224</Data>
      
            
      <Data Name=""ProcessGuid"">{f57bd86a-36f5-658c-0b00-000000000f00}</Data>
      
            
      <Data Name=""ProcessId"">780</Data>
      
            
      <Data Name=""Image"">C:\Windows\system32\services.exe</Data>
      
            
      <Data Name=""TargetObject"">HKLM\System\CurrentControlSet\Services\WdNisDrv\Start</Data>
      
            
      <Data Name=""Details"">DWORD (0x00000003)</Data>
      
            
      <Data Name=""User"">NT AUTHORITY\SYSTEM</Data>
      
        
    </EventData>
    
    
  </Event>
  
    
  
"
Microsoft-Windows-Sysmon/Operational,,,WinDev2309Eval,,,,,,,,,Binary Data,13,20390,SetValue,,,"
                \\?\C:\Windows\System32\SecurityHealth\1.0.2306.10002-0\SecurityHealthHost.exe",,,0x8000000000000000,4,,,0,,,,,,,{f57bd86a-531c-658c-f704-000000000f00},3588,10952,,,,,,"Suspicious,ImageBeginWithBackslash",,,,,,2023-12-27T16:38:52.6867170Z,,"HKLM\SOFTWARE\Microsoft\Windows
                NT\CurrentVersion\Notifications\Data\418A073AA3BC1C75",13,,5124,WINDEV2309EVAL\User,S-1-5-18,2023-12-27 16:38:52.675,2,"<Event xmlns=""http://schemas.microsoft.com/win/2004/08/events/event"">
    
        
    <System>
      
            
      <Provider Name=""Microsoft-Windows-Sysmon"" Guid=""{5770385f-c22a-43e0-bf4c-06f5698ffbd9}""/>
      
            
      <EventID>13</EventID>
      
            
      <Version>2</Version>
      
            
      <Level>4</Level>
      
            
      <Task>13</Task>
      
            
      <Opcode>0</Opcode>
      
            
      <Keywords>0x8000000000000000</Keywords>
      
            
      <TimeCreated SystemTime=""2023-12-27T16:38:52.6867170Z""/>
      
            
      <EventRecordID>20390</EventRecordID>
      
            
      <Correlation/>
      
            
      <Execution ProcessID=""3588"" ThreadID=""5124""/>
      
            
      <Channel>Microsoft-Windows-Sysmon/Operational</Channel>
      
            
      <Computer>WinDev2309Eval</Computer>
      
            
      <Security UserID=""S-1-5-18""/>
      
        
    </System>
    
        
    <EventData>
      
            
      <Data Name=""RuleName"">Suspicious,ImageBeginWithBackslash</Data>
      
            
      <Data Name=""EventType"">SetValue</Data>
      
            
      <Data Name=""UtcTime"">2023-12-27 16:38:52.675</Data>
      
            
      <Data Name=""ProcessGuid"">{f57bd86a-531c-658c-f704-000000000f00}</Data>
      
            
      <Data Name=""ProcessId"">10952</Data>
      
            
      <Data Name=""Image"">
                \\?\C:\Windows\System32\SecurityHealth\1.0.2306.10002-0\SecurityHealthHost.exe</Data>
      
            
      <Data Name=""TargetObject"">HKLM\SOFTWARE\Microsoft\Windows
                NT\CurrentVersion\Notifications\Data\418A073AA3BC1C75</Data>
      
            
      <Data Name=""Details"">Binary Data</Data>
      
            
      <Data Name=""User"">WINDEV2309EVAL\User</Data>
      
        
    </EventData>
    
    
  </Event>
  
    
  
"
Microsoft-Windows-Sysmon/Operational,"C:\Windows\System32\svchost.exe -k LocalSystemNetworkRestricted
                -p -s DsSvc",Microsoft Corporation,WinDev2309Eval,,C:\Windows\system32\,Host Process for Windows Services,,,,,,,1,20389,,10.0.22621.1 (WinBuild.160101.0800),"
                MD5=8EC922C7A58A8701AB481B7BE9644536,SHA256=949BFB5B4C7D58D92F3F9C5F8EC7CA4CEAFFD10EC5F0020F0A987C472D61C54B,IMPHASH=76B4BAE80D2C3B08BB062D97BF9CA791",C:\Windows\System32\svchost.exe,,System,0x8000000000000000,4,{f57bd86a-36f5-658c-e703-000000000000},0x3e7,0,svchost.exe,C:\Windows\system32\services.exe,C:\Windows\System32\services.exe,{f57bd86a-36f5-658c-0b00-000000000f00},780,NT AUTHORITY\SYSTEM,{f57bd86a-531c-658c-f904-000000000f00},3588,9976,Microsoft® Windows® Operating System,,,,,-,,,,,,2023-12-27T16:38:52.5703760Z,,,1,0,5124,NT AUTHORITY\SYSTEM,S-1-5-18,2023-12-27 16:38:52.569,5,"<Event xmlns=""http://schemas.microsoft.com/win/2004/08/events/event"">
    
        
    <System>
      
            
      <Provider Name=""Microsoft-Windows-Sysmon"" Guid=""{5770385f-c22a-43e0-bf4c-06f5698ffbd9}""/>
      
            
      <EventID>1</EventID>
      
            
      <Version>5</Version>
      
            
      <Level>4</Level>
      
            
      <Task>1</Task>
      
            
      <Opcode>0</Opcode>
      
            
      <Keywords>0x8000000000000000</Keywords>
      
            
      <TimeCreated SystemTime=""2023-12-27T16:38:52.5703760Z""/>
      
            
      <EventRecordID>20389</EventRecordID>
      
            
      <Correlation/>
      
            
      <Execution ProcessID=""3588"" ThreadID=""5124""/>
      
            
      <Channel>Microsoft-Windows-Sysmon/Operational</Channel>
      
            
      <Computer>WinDev2309Eval</Computer>
      
            
      <Security UserID=""S-1-5-18""/>
      
        
    </System>
    
        
    <EventData>
      
            
      <Data Name=""RuleName"">-</Data>
      
            
      <Data Name=""UtcTime"">2023-12-27 16:38:52.569</Data>
      
            
      <Data Name=""ProcessGuid"">{f57bd86a-531c-658c-f904-000000000f00}</Data>
      
            
      <Data Name=""ProcessId"">9976</Data>
      
            
      <Data Name=""Image"">C:\Windows\System32\svchost.exe</Data>
      
            
      <Data Name=""FileVersion"">10.0.22621.1 (WinBuild.160101.0800)</Data>
      
            
      <Data Name=""Description"">Host Process for Windows Services</Data>
      
            
      <Data Name=""Product"">Microsoft&#174; Windows&#174; Operating System</Data>
      
            
      <Data Name=""Company"">Microsoft Corporation</Data>
      
            
      <Data Name=""OriginalFileName"">svchost.exe</Data>
      
            
      <Data Name=""CommandLine"">C:\Windows\System32\svchost.exe -k LocalSystemNetworkRestricted
                -p -s DsSvc</Data>
      
            
      <Data Name=""CurrentDirectory"">C:\Windows\system32\</Data>
      
            
      <Data Name=""User"">NT AUTHORITY\SYSTEM</Data>
      
            
      <Data Name=""LogonGuid"">{f57bd86a-36f5-658c-e703-000000000000}</Data>
      
            
      <Data Name=""LogonId"">0x3e7</Data>
      
            
      <Data Name=""TerminalSessionId"">0</Data>
      
            
      <Data Name=""IntegrityLevel"">System</Data>
      
            
      <Data Name=""Hashes"">
                MD5=8EC922C7A58A8701AB481B7BE9644536,SHA256=949BFB5B4C7D58D92F3F9C5F8EC7CA4CEAFFD10EC5F0020F0A987C472D61C54B,IMPHASH=76B4BAE80D2C3B08BB062D97BF9CA791</Data>
      
            
      <Data Name=""ParentProcessGuid"">{f57bd86a-36f5-658c-0b00-000000000f00}</Data>
      
            
      <Data Name=""ParentProcessId"">780</Data>
      
            
      <Data Name=""ParentImage"">C:\Windows\System32\services.exe</Data>
      
            
      <Data Name=""ParentCommandLine"">C:\Windows\system32\services.exe</Data>
      
            
      <Data Name=""ParentUser"">NT AUTHORITY\SYSTEM</Data>
      
        
    </EventData>
    
    
  </Event>
  
    
  
"
Microsoft-Windows-Sysmon/Operational,"\\?\C:\Windows\System32\SecurityHealth\1.0.2306.10002-0\SecurityHealthHost.exe
                {08728914-3F57-4D52-9E31-49DAECA5A80A} -Embedding",Microsoft Corporation,WinDev2309Eval,,C:\Windows\system32\,Windows Security Health Host,,,,,,,1,20388,,10.0.25873.1001 (WinBuild.160101.0800),"
                MD5=193DC58240D8AC4EC1618FFAE14CAE71,SHA256=8D771C8A91614B85416B3EB328460E80183B38F2DC35C7A26578206AF145F419,IMPHASH=FBC9E5DE00516A75FFF7C4A11857FB1D","
                C:\Windows\System32\SecurityHealth\1.0.2306.10002-0\SecurityHealthHost.exe",,Medium,0x8000000000000000,4,{f57bd86a-36f9-658c-7bf8-020000000000},0x2f87b,0,SecurityHealthHost.exe,C:\Windows\system32\svchost.exe -k DcomLaunch -p,C:\Windows\System32\svchost.exe,{f57bd86a-36f5-658c-0d00-000000000f00},932,NT AUTHORITY\SYSTEM,{f57bd86a-531c-658c-f704-000000000f00},3588,10952,Microsoft® Windows® Operating System,,,,,-,,,,,,2023-12-27T16:38:52.5646388Z,,,1,1,5124,WINDEV2309EVAL\User,S-1-5-18,2023-12-27 16:38:52.563,5,"<Event xmlns=""http://schemas.microsoft.com/win/2004/08/events/event"">
    
        
    <System>
      
            
      <Provider Name=""Microsoft-Windows-Sysmon"" Guid=""{5770385f-c22a-43e0-bf4c-06f5698ffbd9}""/>
      
            
      <EventID>1</EventID>
      
            
      <Version>5</Version>
      
            
      <Level>4</Level>
      
            
      <Task>1</Task>
      
            
      <Opcode>0</Opcode>
      
            
      <Keywords>0x8000000000000000</Keywords>
      
            
      <TimeCreated SystemTime=""2023-12-27T16:38:52.5646388Z""/>
      
            
      <EventRecordID>20388</EventRecordID>
      
            
      <Correlation/>
      
            
      <Execution ProcessID=""3588"" ThreadID=""5124""/>
      
            
      <Channel>Microsoft-Windows-Sysmon/Operational</Channel>
      
            
      <Computer>WinDev2309Eval</Computer>
      
            
      <Security UserID=""S-1-5-18""/>
      
        
    </System>
    
        
    <EventData>
      
            
      <Data Name=""RuleName"">-</Data>
      
            
      <Data Name=""UtcTime"">2023-12-27 16:38:52.563</Data>
      
            
      <Data Name=""ProcessGuid"">{f57bd86a-531c-658c-f704-000000000f00}</Data>
      
            
      <Data Name=""ProcessId"">10952</Data>
      
            
      <Data Name=""Image"">
                C:\Windows\System32\SecurityHealth\1.0.2306.10002-0\SecurityHealthHost.exe</Data>
      
            
      <Data Name=""FileVersion"">10.0.25873.1001 (WinBuild.160101.0800)</Data>
      
            
      <Data Name=""Description"">Windows Security Health Host</Data>
      
            
      <Data Name=""Product"">Microsoft&#174; Windows&#174; Operating System</Data>
      
            
      <Data Name=""Company"">Microsoft Corporation</Data>
      
            
      <Data Name=""OriginalFileName"">SecurityHealthHost.exe</Data>
      
            
      <Data Name=""CommandLine"">\\?\C:\Windows\System32\SecurityHealth\1.0.2306.10002-0\SecurityHealthHost.exe
                {08728914-3F57-4D52-9E31-49DAECA5A80A} -Embedding</Data>
      
            
      <Data Name=""CurrentDirectory"">C:\Windows\system32\</Data>
      
            
      <Data Name=""User"">WINDEV2309EVAL\User</Data>
      
            
      <Data Name=""LogonGuid"">{f57bd86a-36f9-658c-7bf8-020000000000}</Data>
      
            
      <Data Name=""LogonId"">0x2f87b</Data>
      
            
      <Data Name=""TerminalSessionId"">1</Data>
      
            
      <Data Name=""IntegrityLevel"">Medium</Data>
      
            
      <Data Name=""Hashes"">
                MD5=193DC58240D8AC4EC1618FFAE14CAE71,SHA256=8D771C8A91614B85416B3EB328460E80183B38F2DC35C7A26578206AF145F419,IMPHASH=FBC9E5DE00516A75FFF7C4A11857FB1D</Data>
      
            
      <Data Name=""ParentProcessGuid"">{f57bd86a-36f5-658c-0d00-000000000f00}</Data>
      
            
      <Data Name=""ParentProcessId"">932</Data>
      
            
      <Data Name=""ParentImage"">C:\Windows\System32\svchost.exe</Data>
      
            
      <Data Name=""ParentCommandLine"">C:\Windows\system32\svchost.exe -k DcomLaunch -p</Data>
      
            
      <Data Name=""ParentUser"">NT AUTHORITY\SYSTEM</Data>
      
        
    </EventData>
    
    
  </Event>
  
    
  
"
Microsoft-Windows-Sysmon/Operational,"""C:\Windows\system32\cleanmgr.exe"" /autocleanstoragesense /d C:",Microsoft Corporation,WinDev2309Eval,,C:\Windows\system32\,Disk Space Cleanup Manager for Windows,,,,,,,1,20387,,10.0.22621.1 (WinBuild.160101.0800),"
                MD5=4273ED5ECEE9A1E7BAA0262EBF6334FA,SHA256=BC22D1AC7A12DDB061F5CD25DD61DECD10C0E4F422B5721CA6B85BE2785DAFF7,IMPHASH=EA41BEFF168CAE33C5AF261BC77E40B5",C:\Windows\System32\cleanmgr.exe,,High,0x8000000000000000,4,{f57bd86a-36f9-658c-bff7-020000000000},0x2f7bf,0,CLEANMGR.DLL,C:\Windows\system32\svchost.exe -k netsvcs -p -s Schedule,C:\Windows\System32\svchost.exe,{f57bd86a-36f6-658c-1d00-000000000f00},1496,NT AUTHORITY\SYSTEM,{f57bd86a-531c-658c-f004-000000000f00},3588,4160,Microsoft® Windows® Operating System,,,,,-,,,,,,2023-12-27T16:38:52.2618119Z,,,1,1,5124,WINDEV2309EVAL\User,S-1-5-18,2023-12-27 16:38:52.252,5,"<Event xmlns=""http://schemas.microsoft.com/win/2004/08/events/event"">
    
        
    <System>
      
            
      <Provider Name=""Microsoft-Windows-Sysmon"" Guid=""{5770385f-c22a-43e0-bf4c-06f5698ffbd9}""/>
      
            
      <EventID>1</EventID>
      
            
      <Version>5</Version>
      
            
      <Level>4</Level>
      
            
      <Task>1</Task>
      
            
      <Opcode>0</Opcode>
      
            
      <Keywords>0x8000000000000000</Keywords>
      
            
      <TimeCreated SystemTime=""2023-12-27T16:38:52.2618119Z""/>
      
            
      <EventRecordID>20387</EventRecordID>
      
            
      <Correlation/>
      
            
      <Execution ProcessID=""3588"" ThreadID=""5124""/>
      
            
      <Channel>Microsoft-Windows-Sysmon/Operational</Channel>
      
            
      <Computer>WinDev2309Eval</Computer>
      
            
      <Security UserID=""S-1-5-18""/>
      
        
    </System>
    
        
    <EventData>
      
            
      <Data Name=""RuleName"">-</Data>
      
            
      <Data Name=""UtcTime"">2023-12-27 16:38:52.252</Data>
      
            
      <Data Name=""ProcessGuid"">{f57bd86a-531c-658c-f004-000000000f00}</Data>
      
            
      <Data Name=""ProcessId"">4160</Data>
      
            
      <Data Name=""Image"">C:\Windows\System32\cleanmgr.exe</Data>
      
            
      <Data Name=""FileVersion"">10.0.22621.1 (WinBuild.160101.0800)</Data>
      
            
      <Data Name=""Description"">Disk Space Cleanup Manager for Windows</Data>
      
            
      <Data Name=""Product"">Microsoft&#174; Windows&#174; Operating System</Data>
      
            
      <Data Name=""Company"">Microsoft Corporation</Data>
      
            
      <Data Name=""OriginalFileName"">CLEANMGR.DLL</Data>
      
            
      <Data Name=""CommandLine"">""C:\Windows\system32\cleanmgr.exe"" /autocleanstoragesense /d C:</Data>
      
            
      <Data Name=""CurrentDirectory"">C:\Windows\system32\</Data>
      
            
      <Data Name=""User"">WINDEV2309EVAL\User</Data>
      
            
      <Data Name=""LogonGuid"">{f57bd86a-36f9-658c-bff7-020000000000}</Data>
      
            
      <Data Name=""LogonId"">0x2f7bf</Data>
      
            
      <Data Name=""TerminalSessionId"">1</Data>
      
            
      <Data Name=""IntegrityLevel"">High</Data>
      
            
      <Data Name=""Hashes"">
                MD5=4273ED5ECEE9A1E7BAA0262EBF6334FA,SHA256=BC22D1AC7A12DDB061F5CD25DD61DECD10C0E4F422B5721CA6B85BE2785DAFF7,IMPHASH=EA41BEFF168CAE33C5AF261BC77E40B5</Data>
      
            
      <Data Name=""ParentProcessGuid"">{f57bd86a-36f6-658c-1d00-000000000f00}</Data>
      
            
      <Data Name=""ParentProcessId"">1496</Data>
      
            
      <Data Name=""ParentImage"">C:\Windows\System32\svchost.exe</Data>
      
            
      <Data Name=""ParentCommandLine"">C:\Windows\system32\svchost.exe -k netsvcs -p -s Schedule</Data>
      
            
      <Data Name=""ParentUser"">NT AUTHORITY\SYSTEM</Data>
      
        
    </EventData>
    
    
  </Event>
  
    
  
"
Microsoft-Windows-Sysmon/Operational,"""C:\Windows\system32\AppHostRegistrationVerifier.exe""",Microsoft Corporation,WinDev2309Eval,,C:\Windows\system32\,App Uri Handlers Registration Verifier,,,,,,,1,20386,,10.0.22621.2506 (WinBuild.160101.0800),"
                MD5=A2DD0A667C4062A3AF9A93D62A59E3D4,SHA256=DF7D0B8B930ACFED524277F65B3752A6A1E2178EAD29CA89B6C3A2ED23A1F58B,IMPHASH=A8F95CE93866AA2F9FF35899A0271872",C:\Windows\System32\AppHostRegistrationVerifier.exe,,Medium,0x8000000000000000,4,{f57bd86a-36f9-658c-7bf8-020000000000},0x2f87b,0,AppHostNameRegistrationVerifier.exe,C:\Windows\system32\svchost.exe -k netsvcs -p -s Schedule,C:\Windows\System32\svchost.exe,{f57bd86a-36f6-658c-1d00-000000000f00},1496,NT AUTHORITY\SYSTEM,{f57bd86a-531c-658c-ef04-000000000f00},3588,7776,Microsoft® Windows® Operating System,,,,,-,,,,,,2023-12-27T16:38:52.2469982Z,,,1,1,5124,WINDEV2309EVAL\User,S-1-5-18,2023-12-27 16:38:52.242,5,"<Event xmlns=""http://schemas.microsoft.com/win/2004/08/events/event"">
    
        
    <System>
      
            
      <Provider Name=""Microsoft-Windows-Sysmon"" Guid=""{5770385f-c22a-43e0-bf4c-06f5698ffbd9}""/>
      
            
      <EventID>1</EventID>
      
            
      <Version>5</Version>
      
            
      <Level>4</Level>
      
            
      <Task>1</Task>
      
            
      <Opcode>0</Opcode>
      
            
      <Keywords>0x8000000000000000</Keywords>
      
            
      <TimeCreated SystemTime=""2023-12-27T16:38:52.2469982Z""/>
      
            
      <EventRecordID>20386</EventRecordID>
      
            
      <Correlation/>
      
            
      <Execution ProcessID=""3588"" ThreadID=""5124""/>
      
            
      <Channel>Microsoft-Windows-Sysmon/Operational</Channel>
      
            
      <Computer>WinDev2309Eval</Computer>
      
            
      <Security UserID=""S-1-5-18""/>
      
        
    </System>
    
        
    <EventData>
      
            
      <Data Name=""RuleName"">-</Data>
      
            
      <Data Name=""UtcTime"">2023-12-27 16:38:52.242</Data>
      
            
      <Data Name=""ProcessGuid"">{f57bd86a-531c-658c-ef04-000000000f00}</Data>
      
            
      <Data Name=""ProcessId"">7776</Data>
      
            
      <Data Name=""Image"">C:\Windows\System32\AppHostRegistrationVerifier.exe</Data>
      
            
      <Data Name=""FileVersion"">10.0.22621.2506 (WinBuild.160101.0800)</Data>
      
            
      <Data Name=""Description"">App Uri Handlers Registration Verifier</Data>
      
            
      <Data Name=""Product"">Microsoft&#174; Windows&#174; Operating System</Data>
      
            
      <Data Name=""Company"">Microsoft Corporation</Data>
      
            
      <Data Name=""OriginalFileName"">AppHostNameRegistrationVerifier.exe</Data>
      
            
      <Data Name=""CommandLine"">""C:\Windows\system32\AppHostRegistrationVerifier.exe""</Data>
      
            
      <Data Name=""CurrentDirectory"">C:\Windows\system32\</Data>
      
            
      <Data Name=""User"">WINDEV2309EVAL\User</Data>
      
            
      <Data Name=""LogonGuid"">{f57bd86a-36f9-658c-7bf8-020000000000}</Data>
      
            
      <Data Name=""LogonId"">0x2f87b</Data>
      
            
      <Data Name=""TerminalSessionId"">1</Data>
      
            
      <Data Name=""IntegrityLevel"">Medium</Data>
      
            
      <Data Name=""Hashes"">
                MD5=A2DD0A667C4062A3AF9A93D62A59E3D4,SHA256=DF7D0B8B930ACFED524277F65B3752A6A1E2178EAD29CA89B6C3A2ED23A1F58B,IMPHASH=A8F95CE93866AA2F9FF35899A0271872</Data>
      
            
      <Data Name=""ParentProcessGuid"">{f57bd86a-36f6-658c-1d00-000000000f00}</Data>
      
            
      <Data Name=""ParentProcessId"">1496</Data>
      
            
      <Data Name=""ParentImage"">C:\Windows\System32\svchost.exe</Data>
      
            
      <Data Name=""ParentCommandLine"">C:\Windows\system32\svchost.exe -k netsvcs -p -s Schedule</Data>
      
            
      <Data Name=""ParentUser"">NT AUTHORITY\SYSTEM</Data>
      
        
    </EventData>
    
    
  </Event>
  
    
  
"
Microsoft-Windows-Sysmon/Operational,"""C:\ProgramData\Microsoft\Windows
                Defender\Platform\4.18.23110.3-0\MpCmdRun.exe"" -IdleTask -TaskName WdCleanup",Microsoft Corporation,WinDev2309Eval,,C:\Windows\system32\,Microsoft Malware Protection Command Line Utility,,,,,,,1,20385,,4.18.23110.3 (9ebb3643d539a6fc4659898b1df3124d5da4c0a9),"
                MD5=33115BE2DAB574E80DC0F222FDC178F3,SHA256=F631D140F2C30D22EF3D868753F3504CDA015025FFEDC3A9CFBB317564C52510,IMPHASH=6BCFD652564CEB86AF66C4B376A620D8","C:\ProgramData\Microsoft\Windows
                Defender\Platform\4.18.23110.3-0\MpCmdRun.exe",,System,0x8000000000000000,4,{f57bd86a-36f5-658c-e703-000000000000},0x3e7,0,MpCmdRun.exe,C:\Windows\system32\svchost.exe -k netsvcs -p -s Schedule,C:\Windows\System32\svchost.exe,{f57bd86a-36f6-658c-1d00-000000000f00},1496,NT AUTHORITY\SYSTEM,{f57bd86a-531c-658c-ed04-000000000f00},3588,8664,Microsoft® Windows® Operating System,,,,,-,,,,,,2023-12-27T16:38:52.2354142Z,,,1,0,5124,NT AUTHORITY\SYSTEM,S-1-5-18,2023-12-27 16:38:52.234,5,"<Event xmlns=""http://schemas.microsoft.com/win/2004/08/events/event"">
    
        
    <System>
      
            
      <Provider Name=""Microsoft-Windows-Sysmon"" Guid=""{5770385f-c22a-43e0-bf4c-06f5698ffbd9}""/>
      
            
      <EventID>1</EventID>
      
            
      <Version>5</Version>
      
            
      <Level>4</Level>
      
            
      <Task>1</Task>
      
            
      <Opcode>0</Opcode>
      
            
      <Keywords>0x8000000000000000</Keywords>
      
            
      <TimeCreated SystemTime=""2023-12-27T16:38:52.2354142Z""/>
      
            
      <EventRecordID>20385</EventRecordID>
      
            
      <Correlation/>
      
            
      <Execution ProcessID=""3588"" ThreadID=""5124""/>
      
            
      <Channel>Microsoft-Windows-Sysmon/Operational</Channel>
      
            
      <Computer>WinDev2309Eval</Computer>
      
            
      <Security UserID=""S-1-5-18""/>
      
        
    </System>
    
        
    <EventData>
      
            
      <Data Name=""RuleName"">-</Data>
      
            
      <Data Name=""UtcTime"">2023-12-27 16:38:52.234</Data>
      
            
      <Data Name=""ProcessGuid"">{f57bd86a-531c-658c-ed04-000000000f00}</Data>
      
            
      <Data Name=""ProcessId"">8664</Data>
      
            
      <Data Name=""Image"">C:\ProgramData\Microsoft\Windows
                Defender\Platform\4.18.23110.3-0\MpCmdRun.exe</Data>
      
            
      <Data Name=""FileVersion"">4.18.23110.3 (9ebb3643d539a6fc4659898b1df3124d5da4c0a9)</Data>
      
            
      <Data Name=""Description"">Microsoft Malware Protection Command Line Utility</Data>
      
            
      <Data Name=""Product"">Microsoft&#174; Windows&#174; Operating System</Data>
      
            
      <Data Name=""Company"">Microsoft Corporation</Data>
      
            
      <Data Name=""OriginalFileName"">MpCmdRun.exe</Data>
      
            
      <Data Name=""CommandLine"">""C:\ProgramData\Microsoft\Windows
                Defender\Platform\4.18.23110.3-0\MpCmdRun.exe"" -IdleTask -TaskName WdCleanup</Data>
      
            
      <Data Name=""CurrentDirectory"">C:\Windows\system32\</Data>
      
            
      <Data Name=""User"">NT AUTHORITY\SYSTEM</Data>
      
            
      <Data Name=""LogonGuid"">{f57bd86a-36f5-658c-e703-000000000000}</Data>
      
            
      <Data Name=""LogonId"">0x3e7</Data>
      
            
      <Data Name=""TerminalSessionId"">0</Data>
      
            
      <Data Name=""IntegrityLevel"">System</Data>
      
            
      <Data Name=""Hashes"">
                MD5=33115BE2DAB574E80DC0F222FDC178F3,SHA256=F631D140F2C30D22EF3D868753F3504CDA015025FFEDC3A9CFBB317564C52510,IMPHASH=6BCFD652564CEB86AF66C4B376A620D8</Data>
      
            
      <Data Name=""ParentProcessGuid"">{f57bd86a-36f6-658c-1d00-000000000f00}</Data>
      
            
      <Data Name=""ParentProcessId"">1496</Data>
      
            
      <Data Name=""ParentImage"">C:\Windows\System32\svchost.exe</Data>
      
            
      <Data Name=""ParentCommandLine"">C:\Windows\system32\svchost.exe -k netsvcs -p -s Schedule</Data>
      
            
      <Data Name=""ParentUser"">NT AUTHORITY\SYSTEM</Data>
      
        
    </EventData>
    
    
  </Event>
  
    
  
"
