Microsoft-Windows-Sysmon/Operational,"""C:\Windows\system32\wermgr.exe"" -upload",Microsoft Corporation,WinDev2309Eval,C:\Windows\system32\,Windows Problem Reporting,,,,,,1,19647,10.0.22621.2506 (WinBuild.160101.0800),"
                MD5=A1C7BEA33F4F2BC239C3C87D50278A10,SHA256=E76398B7C480D370E31659CA58276BB471590A7E78286D4AE7BDC18B410A1C73,IMPHASH=B3E2F8838B99D9BA62ED159B31C03AA3",C:\Windows\System32\wermgr.exe,,System,0x8000000000000000,4,{f57bd86a-36f5-658c-e703-000000000000},0x3e7,0,WerMgr,C:\Windows\system32\svchost.exe -k netsvcs -p -s Schedule,C:\Windows\System32\svchost.exe,{f57bd86a-36f6-658c-1d00-000000000f00},1496,NT AUTHORITY\SYSTEM,{f57bd86a-51b2-658c-d201-000000000f00},3588,2476,Microsoft® Windows® Operating System,,,,,-,,,,,,2023-12-27T16:32:50.4398203Z,1,0,5124,NT AUTHORITY\SYSTEM,S-1-5-18,2023-12-27 16:32:50.437,5,"<Event xmlns=""http://schemas.microsoft.com/win/2004/08/events/event"">
    
        
    <System>
      
            
      <Provider Name=""Microsoft-Windows-Sysmon"" Guid=""{5770385f-c22a-43e0-bf4c-06f5698ffbd9}""/>
      
            
      <EventID>1</EventID>
      
            
      <Version>5</Version>
      
            
      <Level>4</Level>
      
            
      <Task>1</Task>
      
            
      <Opcode>0</Opcode>
      
            
      <Keywords>0x8000000000000000</Keywords>
      
            
      <TimeCreated SystemTime=""2023-12-27T16:32:50.4398203Z""/>
      
            
      <EventRecordID>19647</EventRecordID>
      
            
      <Correlation/>
      
            
      <Execution ProcessID=""3588"" ThreadID=""5124""/>
      
            
      <Channel>Microsoft-Windows-Sysmon/Operational</Channel>
      
            
      <Computer>WinDev2309Eval</Computer>
      
            
      <Security UserID=""S-1-5-18""/>
      
        
    </System>
    
        
    <EventData>
      
            
      <Data Name=""RuleName"">-</Data>
      
            
      <Data Name=""UtcTime"">2023-12-27 16:32:50.437</Data>
      
            
      <Data Name=""ProcessGuid"">{f57bd86a-51b2-658c-d201-000000000f00}</Data>
      
            
      <Data Name=""ProcessId"">2476</Data>
      
            
      <Data Name=""Image"">C:\Windows\System32\wermgr.exe</Data>
      
            
      <Data Name=""FileVersion"">10.0.22621.2506 (WinBuild.160101.0800)</Data>
      
            
      <Data Name=""Description"">Windows Problem Reporting</Data>
      
            
      <Data Name=""Product"">Microsoft&#174; Windows&#174; Operating System</Data>
      
            
      <Data Name=""Company"">Microsoft Corporation</Data>
      
            
      <Data Name=""OriginalFileName"">WerMgr</Data>
      
            
      <Data Name=""CommandLine"">""C:\Windows\system32\wermgr.exe"" -upload</Data>
      
            
      <Data Name=""CurrentDirectory"">C:\Windows\system32\</Data>
      
            
      <Data Name=""User"">NT AUTHORITY\SYSTEM</Data>
      
            
      <Data Name=""LogonGuid"">{f57bd86a-36f5-658c-e703-000000000000}</Data>
      
            
      <Data Name=""LogonId"">0x3e7</Data>
      
            
      <Data Name=""TerminalSessionId"">0</Data>
      
            
      <Data Name=""IntegrityLevel"">System</Data>
      
            
      <Data Name=""Hashes"">
                MD5=A1C7BEA33F4F2BC239C3C87D50278A10,SHA256=E76398B7C480D370E31659CA58276BB471590A7E78286D4AE7BDC18B410A1C73,IMPHASH=B3E2F8838B99D9BA62ED159B31C03AA3</Data>
      
            
      <Data Name=""ParentProcessGuid"">{f57bd86a-36f6-658c-1d00-000000000f00}</Data>
      
            
      <Data Name=""ParentProcessId"">1496</Data>
      
            
      <Data Name=""ParentImage"">C:\Windows\System32\svchost.exe</Data>
      
            
      <Data Name=""ParentCommandLine"">C:\Windows\system32\svchost.exe -k netsvcs -p -s Schedule</Data>
      
            
      <Data Name=""ParentUser"">NT AUTHORITY\SYSTEM</Data>
      
        
    </EventData>
    
    
  </Event>
  
    
  
"
Microsoft-Windows-Sysmon/Operational,,,WinDev2309Eval,,,-,192.168.126.2,false,53,domain,3,19646,,,C:\Windows\system32\nslookup.exe,true,,0x8000000000000000,4,,,0,,,,,,,{f57bd86a-51a6-658c-d101-000000000f00},3588,7424,,udp,,,,-,WinDev2309Eval.localdomain,192.168.126.163,false,53097,-,2023-12-27T16:32:40.1755896Z,3,,5136,WINDEV2309EVAL\User,S-1-5-18,2023-12-27 14:53:58.646,5,"<Event xmlns=""http://schemas.microsoft.com/win/2004/08/events/event"">
    
        
    <System>
      
            
      <Provider Name=""Microsoft-Windows-Sysmon"" Guid=""{5770385f-c22a-43e0-bf4c-06f5698ffbd9}""/>
      
            
      <EventID>3</EventID>
      
            
      <Version>5</Version>
      
            
      <Level>4</Level>
      
            
      <Task>3</Task>
      
            
      <Opcode>0</Opcode>
      
            
      <Keywords>0x8000000000000000</Keywords>
      
            
      <TimeCreated SystemTime=""2023-12-27T16:32:40.1755896Z""/>
      
            
      <EventRecordID>19646</EventRecordID>
      
            
      <Correlation/>
      
            
      <Execution ProcessID=""3588"" ThreadID=""5136""/>
      
            
      <Channel>Microsoft-Windows-Sysmon/Operational</Channel>
      
            
      <Computer>WinDev2309Eval</Computer>
      
            
      <Security UserID=""S-1-5-18""/>
      
        
    </System>
    
        
    <EventData>
      
            
      <Data Name=""RuleName"">-</Data>
      
            
      <Data Name=""UtcTime"">2023-12-27 14:53:58.646</Data>
      
            
      <Data Name=""ProcessGuid"">{f57bd86a-51a6-658c-d101-000000000f00}</Data>
      
            
      <Data Name=""ProcessId"">7424</Data>
      
            
      <Data Name=""Image"">C:\Windows\system32\nslookup.exe</Data>
      
            
      <Data Name=""User"">WINDEV2309EVAL\User</Data>
      
            
      <Data Name=""Protocol"">udp</Data>
      
            
      <Data Name=""Initiated"">true</Data>
      
            
      <Data Name=""SourceIsIpv6"">false</Data>
      
            
      <Data Name=""SourceIp"">192.168.126.163</Data>
      
            
      <Data Name=""SourceHostname"">WinDev2309Eval.localdomain</Data>
      
            
      <Data Name=""SourcePort"">53097</Data>
      
            
      <Data Name=""SourcePortName"">-</Data>
      
            
      <Data Name=""DestinationIsIpv6"">false</Data>
      
            
      <Data Name=""DestinationIp"">192.168.126.2</Data>
      
            
      <Data Name=""DestinationHostname"">-</Data>
      
            
      <Data Name=""DestinationPort"">53</Data>
      
            
      <Data Name=""DestinationPortName"">domain</Data>
      
        
    </EventData>
    
    
  </Event>
  
    
  
"
Microsoft-Windows-Sysmon/Operational,"nslookup -querytype=ALL -timeout=10
                _ldap._tcp.dc._msdcs.DomainName",Microsoft Corporation,WinDev2309Eval,C:\Users\User\AppData\Local\Temp\,nslookup,,,,,,1,19645,10.0.22621.1 (WinBuild.160101.0800),"
                MD5=E1AD42845D19FC9CBFA7D6167D2EC709,SHA256=ED7C553EF847D0E6B42969D56D84ECDA77D4770131F70661FD430C34D2BCCB94,IMPHASH=EC3E3C718C086FAB4F7F35008A5E9116",C:\Windows\System32\nslookup.exe,,Medium,0x8000000000000000,4,{f57bd86a-36f9-658c-7bf8-020000000000},0x2f87b,0,nslookup.exe,"""cmd.exe"" /c
                ""C:\AtomicRedTeam\atomics\T1016\src\qakbot.bat""",C:\Windows\System32\cmd.exe,{f57bd86a-516b-658c-c901-000000000f00},10732,WINDEV2309EVAL\User,{f57bd86a-51a6-658c-d101-000000000f00},3588,7424,Microsoft® Windows® Operating System,,,,,-,,,,,,2023-12-27T16:32:38.6254261Z,1,1,5124,WINDEV2309EVAL\User,S-1-5-18,2023-12-27 16:32:38.623,5,"<Event xmlns=""http://schemas.microsoft.com/win/2004/08/events/event"">
    
        
    <System>
      
            
      <Provider Name=""Microsoft-Windows-Sysmon"" Guid=""{5770385f-c22a-43e0-bf4c-06f5698ffbd9}""/>
      
            
      <EventID>1</EventID>
      
            
      <Version>5</Version>
      
            
      <Level>4</Level>
      
            
      <Task>1</Task>
      
            
      <Opcode>0</Opcode>
      
            
      <Keywords>0x8000000000000000</Keywords>
      
            
      <TimeCreated SystemTime=""2023-12-27T16:32:38.6254261Z""/>
      
            
      <EventRecordID>19645</EventRecordID>
      
            
      <Correlation/>
      
            
      <Execution ProcessID=""3588"" ThreadID=""5124""/>
      
            
      <Channel>Microsoft-Windows-Sysmon/Operational</Channel>
      
            
      <Computer>WinDev2309Eval</Computer>
      
            
      <Security UserID=""S-1-5-18""/>
      
        
    </System>
    
        
    <EventData>
      
            
      <Data Name=""RuleName"">-</Data>
      
            
      <Data Name=""UtcTime"">2023-12-27 16:32:38.623</Data>
      
            
      <Data Name=""ProcessGuid"">{f57bd86a-51a6-658c-d101-000000000f00}</Data>
      
            
      <Data Name=""ProcessId"">7424</Data>
      
            
      <Data Name=""Image"">C:\Windows\System32\nslookup.exe</Data>
      
            
      <Data Name=""FileVersion"">10.0.22621.1 (WinBuild.160101.0800)</Data>
      
            
      <Data Name=""Description"">nslookup</Data>
      
            
      <Data Name=""Product"">Microsoft&#174; Windows&#174; Operating System</Data>
      
            
      <Data Name=""Company"">Microsoft Corporation</Data>
      
            
      <Data Name=""OriginalFileName"">nslookup.exe</Data>
      
            
      <Data Name=""CommandLine"">nslookup -querytype=ALL -timeout=10
                _ldap._tcp.dc._msdcs.DomainName</Data>
      
            
      <Data Name=""CurrentDirectory"">C:\Users\User\AppData\Local\Temp\</Data>
      
            
      <Data Name=""User"">WINDEV2309EVAL\User</Data>
      
            
      <Data Name=""LogonGuid"">{f57bd86a-36f9-658c-7bf8-020000000000}</Data>
      
            
      <Data Name=""LogonId"">0x2f87b</Data>
      
            
      <Data Name=""TerminalSessionId"">1</Data>
      
            
      <Data Name=""IntegrityLevel"">Medium</Data>
      
            
      <Data Name=""Hashes"">
                MD5=E1AD42845D19FC9CBFA7D6167D2EC709,SHA256=ED7C553EF847D0E6B42969D56D84ECDA77D4770131F70661FD430C34D2BCCB94,IMPHASH=EC3E3C718C086FAB4F7F35008A5E9116</Data>
      
            
      <Data Name=""ParentProcessGuid"">{f57bd86a-516b-658c-c901-000000000f00}</Data>
      
            
      <Data Name=""ParentProcessId"">10732</Data>
      
            
      <Data Name=""ParentImage"">C:\Windows\System32\cmd.exe</Data>
      
            
      <Data Name=""ParentCommandLine"">""cmd.exe"" /c
                ""C:\AtomicRedTeam\atomics\T1016\src\qakbot.bat""</Data>
      
            
      <Data Name=""ParentUser"">WINDEV2309EVAL\User</Data>
      
        
    </EventData>
    
    
  </Event>
  
    
  
"
Microsoft-Windows-Sysmon/Operational,,,WinDev2309Eval,,,-,192.168.126.2,false,53,domain,3,19644,,,C:\Windows\system32\nslookup.exe,true,,0x8000000000000000,4,,,0,,,,,,,{f57bd86a-5188-658c-d001-000000000f00},3588,1864,,udp,,,,-,WinDev2309Eval.localdomain,192.168.126.163,false,62665,-,2023-12-27T16:32:29.9546121Z,3,,5136,WINDEV2309EVAL\User,S-1-5-18,2023-12-27 14:53:48.596,5,"<Event xmlns=""http://schemas.microsoft.com/win/2004/08/events/event"">
    
        
    <System>
      
            
      <Provider Name=""Microsoft-Windows-Sysmon"" Guid=""{5770385f-c22a-43e0-bf4c-06f5698ffbd9}""/>
      
            
      <EventID>3</EventID>
      
            
      <Version>5</Version>
      
            
      <Level>4</Level>
      
            
      <Task>3</Task>
      
            
      <Opcode>0</Opcode>
      
            
      <Keywords>0x8000000000000000</Keywords>
      
            
      <TimeCreated SystemTime=""2023-12-27T16:32:29.9546121Z""/>
      
            
      <EventRecordID>19644</EventRecordID>
      
            
      <Correlation/>
      
            
      <Execution ProcessID=""3588"" ThreadID=""5136""/>
      
            
      <Channel>Microsoft-Windows-Sysmon/Operational</Channel>
      
            
      <Computer>WinDev2309Eval</Computer>
      
            
      <Security UserID=""S-1-5-18""/>
      
        
    </System>
    
        
    <EventData>
      
            
      <Data Name=""RuleName"">-</Data>
      
            
      <Data Name=""UtcTime"">2023-12-27 14:53:48.596</Data>
      
            
      <Data Name=""ProcessGuid"">{f57bd86a-5188-658c-d001-000000000f00}</Data>
      
            
      <Data Name=""ProcessId"">1864</Data>
      
            
      <Data Name=""Image"">C:\Windows\system32\nslookup.exe</Data>
      
            
      <Data Name=""User"">WINDEV2309EVAL\User</Data>
      
            
      <Data Name=""Protocol"">udp</Data>
      
            
      <Data Name=""Initiated"">true</Data>
      
            
      <Data Name=""SourceIsIpv6"">false</Data>
      
            
      <Data Name=""SourceIp"">192.168.126.163</Data>
      
            
      <Data Name=""SourceHostname"">WinDev2309Eval.localdomain</Data>
      
            
      <Data Name=""SourcePort"">62665</Data>
      
            
      <Data Name=""SourcePortName"">-</Data>
      
            
      <Data Name=""DestinationIsIpv6"">false</Data>
      
            
      <Data Name=""DestinationIp"">192.168.126.2</Data>
      
            
      <Data Name=""DestinationHostname"">-</Data>
      
            
      <Data Name=""DestinationPort"">53</Data>
      
            
      <Data Name=""DestinationPortName"">domain</Data>
      
        
    </EventData>
    
    
  </Event>
  
    
  
"
Microsoft-Windows-Sysmon/Operational,,,WinDev2309Eval,,,-,192.168.126.2,false,53,domain,3,19643,,,C:\Windows\system32\nslookup.exe,true,,0x8000000000000000,4,,,0,,,,,,,{f57bd86a-5188-658c-d001-000000000f00},3588,1864,,udp,,,,-,WinDev2309Eval.localdomain,192.168.126.163,false,52887,-,2023-12-27T16:32:21.7854454Z,3,,5136,WINDEV2309EVAL\User,S-1-5-18,2023-12-27 14:53:38.594,5,"<Event xmlns=""http://schemas.microsoft.com/win/2004/08/events/event"">
    
        
    <System>
      
            
      <Provider Name=""Microsoft-Windows-Sysmon"" Guid=""{5770385f-c22a-43e0-bf4c-06f5698ffbd9}""/>
      
            
      <EventID>3</EventID>
      
            
      <Version>5</Version>
      
            
      <Level>4</Level>
      
            
      <Task>3</Task>
      
            
      <Opcode>0</Opcode>
      
            
      <Keywords>0x8000000000000000</Keywords>
      
            
      <TimeCreated SystemTime=""2023-12-27T16:32:21.7854454Z""/>
      
            
      <EventRecordID>19643</EventRecordID>
      
            
      <Correlation/>
      
            
      <Execution ProcessID=""3588"" ThreadID=""5136""/>
      
            
      <Channel>Microsoft-Windows-Sysmon/Operational</Channel>
      
            
      <Computer>WinDev2309Eval</Computer>
      
            
      <Security UserID=""S-1-5-18""/>
      
        
    </System>
    
        
    <EventData>
      
            
      <Data Name=""RuleName"">-</Data>
      
            
      <Data Name=""UtcTime"">2023-12-27 14:53:38.594</Data>
      
            
      <Data Name=""ProcessGuid"">{f57bd86a-5188-658c-d001-000000000f00}</Data>
      
            
      <Data Name=""ProcessId"">1864</Data>
      
            
      <Data Name=""Image"">C:\Windows\system32\nslookup.exe</Data>
      
            
      <Data Name=""User"">WINDEV2309EVAL\User</Data>
      
            
      <Data Name=""Protocol"">udp</Data>
      
            
      <Data Name=""Initiated"">true</Data>
      
            
      <Data Name=""SourceIsIpv6"">false</Data>
      
            
      <Data Name=""SourceIp"">192.168.126.163</Data>
      
            
      <Data Name=""SourceHostname"">WinDev2309Eval.localdomain</Data>
      
            
      <Data Name=""SourcePort"">52887</Data>
      
            
      <Data Name=""SourcePortName"">-</Data>
      
            
      <Data Name=""DestinationIsIpv6"">false</Data>
      
            
      <Data Name=""DestinationIp"">192.168.126.2</Data>
      
            
      <Data Name=""DestinationHostname"">-</Data>
      
            
      <Data Name=""DestinationPort"">53</Data>
      
            
      <Data Name=""DestinationPortName"">domain</Data>
      
        
    </EventData>
    
    
  </Event>
  
    
  
"
Microsoft-Windows-Sysmon/Operational,,,WinDev2309Eval,,,-,192.168.126.2,false,53,domain,3,19642,,,C:\Windows\system32\nslookup.exe,true,,0x8000000000000000,4,,,0,,,,,,,{f57bd86a-5188-658c-d001-000000000f00},3588,1864,,udp,,,,-,WinDev2309Eval.localdomain,192.168.126.163,false,60069,-,2023-12-27T16:32:11.0683783Z,3,,5136,WINDEV2309EVAL\User,S-1-5-18,2023-12-27 14:53:28.589,5,"<Event xmlns=""http://schemas.microsoft.com/win/2004/08/events/event"">
    
        
    <System>
      
            
      <Provider Name=""Microsoft-Windows-Sysmon"" Guid=""{5770385f-c22a-43e0-bf4c-06f5698ffbd9}""/>
      
            
      <EventID>3</EventID>
      
            
      <Version>5</Version>
      
            
      <Level>4</Level>
      
            
      <Task>3</Task>
      
            
      <Opcode>0</Opcode>
      
            
      <Keywords>0x8000000000000000</Keywords>
      
            
      <TimeCreated SystemTime=""2023-12-27T16:32:11.0683783Z""/>
      
            
      <EventRecordID>19642</EventRecordID>
      
            
      <Correlation/>
      
            
      <Execution ProcessID=""3588"" ThreadID=""5136""/>
      
            
      <Channel>Microsoft-Windows-Sysmon/Operational</Channel>
      
            
      <Computer>WinDev2309Eval</Computer>
      
            
      <Security UserID=""S-1-5-18""/>
      
        
    </System>
    
        
    <EventData>
      
            
      <Data Name=""RuleName"">-</Data>
      
            
      <Data Name=""UtcTime"">2023-12-27 14:53:28.589</Data>
      
            
      <Data Name=""ProcessGuid"">{f57bd86a-5188-658c-d001-000000000f00}</Data>
      
            
      <Data Name=""ProcessId"">1864</Data>
      
            
      <Data Name=""Image"">C:\Windows\system32\nslookup.exe</Data>
      
            
      <Data Name=""User"">WINDEV2309EVAL\User</Data>
      
            
      <Data Name=""Protocol"">udp</Data>
      
            
      <Data Name=""Initiated"">true</Data>
      
            
      <Data Name=""SourceIsIpv6"">false</Data>
      
            
      <Data Name=""SourceIp"">192.168.126.163</Data>
      
            
      <Data Name=""SourceHostname"">WinDev2309Eval.localdomain</Data>
      
            
      <Data Name=""SourcePort"">60069</Data>
      
            
      <Data Name=""SourcePortName"">-</Data>
      
            
      <Data Name=""DestinationIsIpv6"">false</Data>
      
            
      <Data Name=""DestinationIp"">192.168.126.2</Data>
      
            
      <Data Name=""DestinationHostname"">-</Data>
      
            
      <Data Name=""DestinationPort"">53</Data>
      
            
      <Data Name=""DestinationPortName"">domain</Data>
      
        
    </EventData>
    
    
  </Event>
  
    
  
"
Microsoft-Windows-Sysmon/Operational,"nslookup -querytype=ALL -timeout=10
                _ldap._tcp.dc._msdcs.WORKGROUP",Microsoft Corporation,WinDev2309Eval,C:\Users\User\AppData\Local\Temp\,nslookup,,,,,,1,19641,10.0.22621.1 (WinBuild.160101.0800),"
                MD5=E1AD42845D19FC9CBFA7D6167D2EC709,SHA256=ED7C553EF847D0E6B42969D56D84ECDA77D4770131F70661FD430C34D2BCCB94,IMPHASH=EC3E3C718C086FAB4F7F35008A5E9116",C:\Windows\System32\nslookup.exe,,Medium,0x8000000000000000,4,{f57bd86a-36f9-658c-7bf8-020000000000},0x2f87b,0,nslookup.exe,"""cmd.exe"" /c
                ""C:\AtomicRedTeam\atomics\T1016\src\qakbot.bat""",C:\Windows\System32\cmd.exe,{f57bd86a-516b-658c-c901-000000000f00},10732,WINDEV2309EVAL\User,{f57bd86a-5188-658c-d001-000000000f00},3588,1864,Microsoft® Windows® Operating System,,,,,-,,,,,,2023-12-27T16:32:08.5632105Z,1,1,5124,WINDEV2309EVAL\User,S-1-5-18,2023-12-27 16:32:08.558,5,"<Event xmlns=""http://schemas.microsoft.com/win/2004/08/events/event"">
    
        
    <System>
      
            
      <Provider Name=""Microsoft-Windows-Sysmon"" Guid=""{5770385f-c22a-43e0-bf4c-06f5698ffbd9}""/>
      
            
      <EventID>1</EventID>
      
            
      <Version>5</Version>
      
            
      <Level>4</Level>
      
            
      <Task>1</Task>
      
            
      <Opcode>0</Opcode>
      
            
      <Keywords>0x8000000000000000</Keywords>
      
            
      <TimeCreated SystemTime=""2023-12-27T16:32:08.5632105Z""/>
      
            
      <EventRecordID>19641</EventRecordID>
      
            
      <Correlation/>
      
            
      <Execution ProcessID=""3588"" ThreadID=""5124""/>
      
            
      <Channel>Microsoft-Windows-Sysmon/Operational</Channel>
      
            
      <Computer>WinDev2309Eval</Computer>
      
            
      <Security UserID=""S-1-5-18""/>
      
        
    </System>
    
        
    <EventData>
      
            
      <Data Name=""RuleName"">-</Data>
      
            
      <Data Name=""UtcTime"">2023-12-27 16:32:08.558</Data>
      
            
      <Data Name=""ProcessGuid"">{f57bd86a-5188-658c-d001-000000000f00}</Data>
      
            
      <Data Name=""ProcessId"">1864</Data>
      
            
      <Data Name=""Image"">C:\Windows\System32\nslookup.exe</Data>
      
            
      <Data Name=""FileVersion"">10.0.22621.1 (WinBuild.160101.0800)</Data>
      
            
      <Data Name=""Description"">nslookup</Data>
      
            
      <Data Name=""Product"">Microsoft&#174; Windows&#174; Operating System</Data>
      
            
      <Data Name=""Company"">Microsoft Corporation</Data>
      
            
      <Data Name=""OriginalFileName"">nslookup.exe</Data>
      
            
      <Data Name=""CommandLine"">nslookup -querytype=ALL -timeout=10
                _ldap._tcp.dc._msdcs.WORKGROUP</Data>
      
            
      <Data Name=""CurrentDirectory"">C:\Users\User\AppData\Local\Temp\</Data>
      
            
      <Data Name=""User"">WINDEV2309EVAL\User</Data>
      
            
      <Data Name=""LogonGuid"">{f57bd86a-36f9-658c-7bf8-020000000000}</Data>
      
            
      <Data Name=""LogonId"">0x2f87b</Data>
      
            
      <Data Name=""TerminalSessionId"">1</Data>
      
            
      <Data Name=""IntegrityLevel"">Medium</Data>
      
            
      <Data Name=""Hashes"">
                MD5=E1AD42845D19FC9CBFA7D6167D2EC709,SHA256=ED7C553EF847D0E6B42969D56D84ECDA77D4770131F70661FD430C34D2BCCB94,IMPHASH=EC3E3C718C086FAB4F7F35008A5E9116</Data>
      
            
      <Data Name=""ParentProcessGuid"">{f57bd86a-516b-658c-c901-000000000f00}</Data>
      
            
      <Data Name=""ParentProcessId"">10732</Data>
      
            
      <Data Name=""ParentImage"">C:\Windows\System32\cmd.exe</Data>
      
            
      <Data Name=""ParentCommandLine"">""cmd.exe"" /c
                ""C:\AtomicRedTeam\atomics\T1016\src\qakbot.bat""</Data>
      
            
      <Data Name=""ParentUser"">WINDEV2309EVAL\User</Data>
      
        
    </EventData>
    
    
  </Event>
  
    
  
"
Microsoft-Windows-Sysmon/Operational,,,WinDev2309Eval,,,,,,,,22,19640,,,C:\Windows\System32\svchost.exe,,,0x8000000000000000,4,,,0,,,,,,,{f57bd86a-36f6-658c-1e00-000000000f00},3588,1536,,,www.msftconnecttest.com,-,1460,-,,,,,,2023-12-27T16:31:49.4158319Z,22,,5164,NT AUTHORITY\NETWORK SERVICE,S-1-5-18,2023-12-27 14:53:07.415,5,"<Event xmlns=""http://schemas.microsoft.com/win/2004/08/events/event"">
    
        
    <System>
      
            
      <Provider Name=""Microsoft-Windows-Sysmon"" Guid=""{5770385f-c22a-43e0-bf4c-06f5698ffbd9}""/>
      
            
      <EventID>22</EventID>
      
            
      <Version>5</Version>
      
            
      <Level>4</Level>
      
            
      <Task>22</Task>
      
            
      <Opcode>0</Opcode>
      
            
      <Keywords>0x8000000000000000</Keywords>
      
            
      <TimeCreated SystemTime=""2023-12-27T16:31:49.4158319Z""/>
      
            
      <EventRecordID>19640</EventRecordID>
      
            
      <Correlation/>
      
            
      <Execution ProcessID=""3588"" ThreadID=""5164""/>
      
            
      <Channel>Microsoft-Windows-Sysmon/Operational</Channel>
      
            
      <Computer>WinDev2309Eval</Computer>
      
            
      <Security UserID=""S-1-5-18""/>
      
        
    </System>
    
        
    <EventData>
      
            
      <Data Name=""RuleName"">-</Data>
      
            
      <Data Name=""UtcTime"">2023-12-27 14:53:07.415</Data>
      
            
      <Data Name=""ProcessGuid"">{f57bd86a-36f6-658c-1e00-000000000f00}</Data>
      
            
      <Data Name=""ProcessId"">1536</Data>
      
            
      <Data Name=""QueryName"">www.msftconnecttest.com</Data>
      
            
      <Data Name=""QueryStatus"">1460</Data>
      
            
      <Data Name=""QueryResults"">-</Data>
      
            
      <Data Name=""Image"">C:\Windows\System32\svchost.exe</Data>
      
            
      <Data Name=""User"">NT AUTHORITY\NETWORK SERVICE</Data>
      
        
    </EventData>
    
    
  </Event>
  
    
  
"
Microsoft-Windows-Sysmon/Operational,net view /all,Microsoft Corporation,WinDev2309Eval,C:\Users\User\AppData\Local\Temp\,Net Command,,,,,,1,19639,10.0.22621.1 (WinBuild.160101.0800),"
                MD5=BB1AE49B6B7C53499E94613761A6AC56,SHA256=AFBE51517092256504F797F6A5ABC02515A09D603E8C046AE31D7D7855568E91,IMPHASH=D45C37A5C97135204AD6E116C34946C3",C:\Windows\System32\net.exe,,Medium,0x8000000000000000,4,{f57bd86a-36f9-658c-7bf8-020000000000},0x2f87b,0,net.exe,"""cmd.exe"" /c
                ""C:\AtomicRedTeam\atomics\T1016\src\qakbot.bat""",C:\Windows\System32\cmd.exe,{f57bd86a-516b-658c-c901-000000000f00},10732,WINDEV2309EVAL\User,{f57bd86a-516b-658c-cf01-000000000f00},3588,4888,Microsoft® Windows® Operating System,,,,,-,,,,,,2023-12-27T16:31:39.7357574Z,1,1,5124,WINDEV2309EVAL\User,S-1-5-18,2023-12-27 16:31:39.734,5,"<Event xmlns=""http://schemas.microsoft.com/win/2004/08/events/event"">
    
        
    <System>
      
            
      <Provider Name=""Microsoft-Windows-Sysmon"" Guid=""{5770385f-c22a-43e0-bf4c-06f5698ffbd9}""/>
      
            
      <EventID>1</EventID>
      
            
      <Version>5</Version>
      
            
      <Level>4</Level>
      
            
      <Task>1</Task>
      
            
      <Opcode>0</Opcode>
      
            
      <Keywords>0x8000000000000000</Keywords>
      
            
      <TimeCreated SystemTime=""2023-12-27T16:31:39.7357574Z""/>
      
            
      <EventRecordID>19639</EventRecordID>
      
            
      <Correlation/>
      
            
      <Execution ProcessID=""3588"" ThreadID=""5124""/>
      
            
      <Channel>Microsoft-Windows-Sysmon/Operational</Channel>
      
            
      <Computer>WinDev2309Eval</Computer>
      
            
      <Security UserID=""S-1-5-18""/>
      
        
    </System>
    
        
    <EventData>
      
            
      <Data Name=""RuleName"">-</Data>
      
            
      <Data Name=""UtcTime"">2023-12-27 16:31:39.734</Data>
      
            
      <Data Name=""ProcessGuid"">{f57bd86a-516b-658c-cf01-000000000f00}</Data>
      
            
      <Data Name=""ProcessId"">4888</Data>
      
            
      <Data Name=""Image"">C:\Windows\System32\net.exe</Data>
      
            
      <Data Name=""FileVersion"">10.0.22621.1 (WinBuild.160101.0800)</Data>
      
            
      <Data Name=""Description"">Net Command</Data>
      
            
      <Data Name=""Product"">Microsoft&#174; Windows&#174; Operating System</Data>
      
            
      <Data Name=""Company"">Microsoft Corporation</Data>
      
            
      <Data Name=""OriginalFileName"">net.exe</Data>
      
            
      <Data Name=""CommandLine"">net view /all</Data>
      
            
      <Data Name=""CurrentDirectory"">C:\Users\User\AppData\Local\Temp\</Data>
      
            
      <Data Name=""User"">WINDEV2309EVAL\User</Data>
      
            
      <Data Name=""LogonGuid"">{f57bd86a-36f9-658c-7bf8-020000000000}</Data>
      
            
      <Data Name=""LogonId"">0x2f87b</Data>
      
            
      <Data Name=""TerminalSessionId"">1</Data>
      
            
      <Data Name=""IntegrityLevel"">Medium</Data>
      
            
      <Data Name=""Hashes"">
                MD5=BB1AE49B6B7C53499E94613761A6AC56,SHA256=AFBE51517092256504F797F6A5ABC02515A09D603E8C046AE31D7D7855568E91,IMPHASH=D45C37A5C97135204AD6E116C34946C3</Data>
      
            
      <Data Name=""ParentProcessGuid"">{f57bd86a-516b-658c-c901-000000000f00}</Data>
      
            
      <Data Name=""ParentProcessId"">10732</Data>
      
            
      <Data Name=""ParentImage"">C:\Windows\System32\cmd.exe</Data>
      
            
      <Data Name=""ParentCommandLine"">""cmd.exe"" /c
                ""C:\AtomicRedTeam\atomics\T1016\src\qakbot.bat""</Data>
      
            
      <Data Name=""ParentUser"">WINDEV2309EVAL\User</Data>
      
        
    </EventData>
    
    
  </Event>
  
    
  
"
Microsoft-Windows-Sysmon/Operational,ipconfig /all,Microsoft Corporation,WinDev2309Eval,C:\Users\User\AppData\Local\Temp\,IP Configuration Utility,,,,,,1,19638,10.0.22621.2506 (WinBuild.160101.0800),"
                MD5=A36BF72288EB26A359F4DFD01BEA9E6C,SHA256=83450F06AC0316E7ADA56927923B560E053BFA6F9110FAA6574C191C0E286D01,IMPHASH=BA5EDB59433034A4D1690CA812976586",C:\Windows\System32\ipconfig.exe,,Medium,0x8000000000000000,4,{f57bd86a-36f9-658c-7bf8-020000000000},0x2f87b,0,ipconfig.exe,"""cmd.exe"" /c
                ""C:\AtomicRedTeam\atomics\T1016\src\qakbot.bat""",C:\Windows\System32\cmd.exe,{f57bd86a-516b-658c-c901-000000000f00},10732,WINDEV2309EVAL\User,{f57bd86a-516b-658c-ce01-000000000f00},3588,8648,Microsoft® Windows® Operating System,,,,,-,,,,,,2023-12-27T16:31:39.7111015Z,1,1,5124,WINDEV2309EVAL\User,S-1-5-18,2023-12-27 16:31:39.710,5,"<Event xmlns=""http://schemas.microsoft.com/win/2004/08/events/event"">
    
        
    <System>
      
            
      <Provider Name=""Microsoft-Windows-Sysmon"" Guid=""{5770385f-c22a-43e0-bf4c-06f5698ffbd9}""/>
      
            
      <EventID>1</EventID>
      
            
      <Version>5</Version>
      
            
      <Level>4</Level>
      
            
      <Task>1</Task>
      
            
      <Opcode>0</Opcode>
      
            
      <Keywords>0x8000000000000000</Keywords>
      
            
      <TimeCreated SystemTime=""2023-12-27T16:31:39.7111015Z""/>
      
            
      <EventRecordID>19638</EventRecordID>
      
            
      <Correlation/>
      
            
      <Execution ProcessID=""3588"" ThreadID=""5124""/>
      
            
      <Channel>Microsoft-Windows-Sysmon/Operational</Channel>
      
            
      <Computer>WinDev2309Eval</Computer>
      
            
      <Security UserID=""S-1-5-18""/>
      
        
    </System>
    
        
    <EventData>
      
            
      <Data Name=""RuleName"">-</Data>
      
            
      <Data Name=""UtcTime"">2023-12-27 16:31:39.710</Data>
      
            
      <Data Name=""ProcessGuid"">{f57bd86a-516b-658c-ce01-000000000f00}</Data>
      
            
      <Data Name=""ProcessId"">8648</Data>
      
            
      <Data Name=""Image"">C:\Windows\System32\ipconfig.exe</Data>
      
            
      <Data Name=""FileVersion"">10.0.22621.2506 (WinBuild.160101.0800)</Data>
      
            
      <Data Name=""Description"">IP Configuration Utility</Data>
      
            
      <Data Name=""Product"">Microsoft&#174; Windows&#174; Operating System</Data>
      
            
      <Data Name=""Company"">Microsoft Corporation</Data>
      
            
      <Data Name=""OriginalFileName"">ipconfig.exe</Data>
      
            
      <Data Name=""CommandLine"">ipconfig /all</Data>
      
            
      <Data Name=""CurrentDirectory"">C:\Users\User\AppData\Local\Temp\</Data>
      
            
      <Data Name=""User"">WINDEV2309EVAL\User</Data>
      
            
      <Data Name=""LogonGuid"">{f57bd86a-36f9-658c-7bf8-020000000000}</Data>
      
            
      <Data Name=""LogonId"">0x2f87b</Data>
      
            
      <Data Name=""TerminalSessionId"">1</Data>
      
            
      <Data Name=""IntegrityLevel"">Medium</Data>
      
            
      <Data Name=""Hashes"">
                MD5=A36BF72288EB26A359F4DFD01BEA9E6C,SHA256=83450F06AC0316E7ADA56927923B560E053BFA6F9110FAA6574C191C0E286D01,IMPHASH=BA5EDB59433034A4D1690CA812976586</Data>
      
            
      <Data Name=""ParentProcessGuid"">{f57bd86a-516b-658c-c901-000000000f00}</Data>
      
            
      <Data Name=""ParentProcessId"">10732</Data>
      
            
      <Data Name=""ParentImage"">C:\Windows\System32\cmd.exe</Data>
      
            
      <Data Name=""ParentCommandLine"">""cmd.exe"" /c
                ""C:\AtomicRedTeam\atomics\T1016\src\qakbot.bat""</Data>
      
            
      <Data Name=""ParentUser"">WINDEV2309EVAL\User</Data>
      
        
    </EventData>
    
    
  </Event>
  
    
  
"
Microsoft-Windows-Sysmon/Operational,arp -a,Microsoft Corporation,WinDev2309Eval,C:\Users\User\AppData\Local\Temp\,TCP/IP Arp Command,,,,,,1,19637,10.0.22621.1 (WinBuild.160101.0800),"
                MD5=05ED92AC05830BA09526D6231D4E8B1A,SHA256=733A75B43EC066455CD1DB33C77F7A18DC4BA45686D20FBA1B750E7F5856CAA7,IMPHASH=48A4D83E58F21E6758C9F94526FBB940",C:\Windows\System32\ARP.EXE,,Medium,0x8000000000000000,4,{f57bd86a-36f9-658c-7bf8-020000000000},0x2f87b,0,arp.exe,"""cmd.exe"" /c
                ""C:\AtomicRedTeam\atomics\T1016\src\qakbot.bat""",C:\Windows\System32\cmd.exe,{f57bd86a-516b-658c-c901-000000000f00},10732,WINDEV2309EVAL\User,{f57bd86a-516b-658c-cd01-000000000f00},3588,5604,Microsoft® Windows® Operating System,,,,,-,,,,,,2023-12-27T16:31:39.6880327Z,1,1,5124,WINDEV2309EVAL\User,S-1-5-18,2023-12-27 16:31:39.687,5,"<Event xmlns=""http://schemas.microsoft.com/win/2004/08/events/event"">
    
        
    <System>
      
            
      <Provider Name=""Microsoft-Windows-Sysmon"" Guid=""{5770385f-c22a-43e0-bf4c-06f5698ffbd9}""/>
      
            
      <EventID>1</EventID>
      
            
      <Version>5</Version>
      
            
      <Level>4</Level>
      
            
      <Task>1</Task>
      
            
      <Opcode>0</Opcode>
      
            
      <Keywords>0x8000000000000000</Keywords>
      
            
      <TimeCreated SystemTime=""2023-12-27T16:31:39.6880327Z""/>
      
            
      <EventRecordID>19637</EventRecordID>
      
            
      <Correlation/>
      
            
      <Execution ProcessID=""3588"" ThreadID=""5124""/>
      
            
      <Channel>Microsoft-Windows-Sysmon/Operational</Channel>
      
            
      <Computer>WinDev2309Eval</Computer>
      
            
      <Security UserID=""S-1-5-18""/>
      
        
    </System>
    
        
    <EventData>
      
            
      <Data Name=""RuleName"">-</Data>
      
            
      <Data Name=""UtcTime"">2023-12-27 16:31:39.687</Data>
      
            
      <Data Name=""ProcessGuid"">{f57bd86a-516b-658c-cd01-000000000f00}</Data>
      
            
      <Data Name=""ProcessId"">5604</Data>
      
            
      <Data Name=""Image"">C:\Windows\System32\ARP.EXE</Data>
      
            
      <Data Name=""FileVersion"">10.0.22621.1 (WinBuild.160101.0800)</Data>
      
            
      <Data Name=""Description"">TCP/IP Arp Command</Data>
      
            
      <Data Name=""Product"">Microsoft&#174; Windows&#174; Operating System</Data>
      
            
      <Data Name=""Company"">Microsoft Corporation</Data>
      
            
      <Data Name=""OriginalFileName"">arp.exe</Data>
      
            
      <Data Name=""CommandLine"">arp -a</Data>
      
            
      <Data Name=""CurrentDirectory"">C:\Users\User\AppData\Local\Temp\</Data>
      
            
      <Data Name=""User"">WINDEV2309EVAL\User</Data>
      
            
      <Data Name=""LogonGuid"">{f57bd86a-36f9-658c-7bf8-020000000000}</Data>
      
            
      <Data Name=""LogonId"">0x2f87b</Data>
      
            
      <Data Name=""TerminalSessionId"">1</Data>
      
            
      <Data Name=""IntegrityLevel"">Medium</Data>
      
            
      <Data Name=""Hashes"">
                MD5=05ED92AC05830BA09526D6231D4E8B1A,SHA256=733A75B43EC066455CD1DB33C77F7A18DC4BA45686D20FBA1B750E7F5856CAA7,IMPHASH=48A4D83E58F21E6758C9F94526FBB940</Data>
      
            
      <Data Name=""ParentProcessGuid"">{f57bd86a-516b-658c-c901-000000000f00}</Data>
      
            
      <Data Name=""ParentProcessId"">10732</Data>
      
            
      <Data Name=""ParentImage"">C:\Windows\System32\cmd.exe</Data>
      
            
      <Data Name=""ParentCommandLine"">""cmd.exe"" /c
                ""C:\AtomicRedTeam\atomics\T1016\src\qakbot.bat""</Data>
      
            
      <Data Name=""ParentUser"">WINDEV2309EVAL\User</Data>
      
        
    </EventData>
    
    
  </Event>
  
    
  
"
Microsoft-Windows-Sysmon/Operational,cmd /c set,Microsoft Corporation,WinDev2309Eval,C:\Users\User\AppData\Local\Temp\,Windows Command Processor,,,,,,1,19636,10.0.22621.2506 (WinBuild.160101.0800),"
                MD5=133D568ECCB557E37BEA1459521CBAC2,SHA256=05A30592D2C3421C41121145C6EEFA7C81FEA6B42D6233A522240A8468326B9C,IMPHASH=D73E39DAB3C8B57AA408073D01254964",C:\Windows\System32\cmd.exe,,Medium,0x8000000000000000,4,{f57bd86a-36f9-658c-7bf8-020000000000},0x2f87b,0,Cmd.Exe,"""cmd.exe"" /c
                ""C:\AtomicRedTeam\atomics\T1016\src\qakbot.bat""",C:\Windows\System32\cmd.exe,{f57bd86a-516b-658c-c901-000000000f00},10732,WINDEV2309EVAL\User,{f57bd86a-516b-658c-cc01-000000000f00},3588,2860,Microsoft® Windows® Operating System,,,,,-,,,,,,2023-12-27T16:31:39.6770982Z,1,1,5124,WINDEV2309EVAL\User,S-1-5-18,2023-12-27 16:31:39.675,5,"<Event xmlns=""http://schemas.microsoft.com/win/2004/08/events/event"">
    
        
    <System>
      
            
      <Provider Name=""Microsoft-Windows-Sysmon"" Guid=""{5770385f-c22a-43e0-bf4c-06f5698ffbd9}""/>
      
            
      <EventID>1</EventID>
      
            
      <Version>5</Version>
      
            
      <Level>4</Level>
      
            
      <Task>1</Task>
      
            
      <Opcode>0</Opcode>
      
            
      <Keywords>0x8000000000000000</Keywords>
      
            
      <TimeCreated SystemTime=""2023-12-27T16:31:39.6770982Z""/>
      
            
      <EventRecordID>19636</EventRecordID>
      
            
      <Correlation/>
      
            
      <Execution ProcessID=""3588"" ThreadID=""5124""/>
      
            
      <Channel>Microsoft-Windows-Sysmon/Operational</Channel>
      
            
      <Computer>WinDev2309Eval</Computer>
      
            
      <Security UserID=""S-1-5-18""/>
      
        
    </System>
    
        
    <EventData>
      
            
      <Data Name=""RuleName"">-</Data>
      
            
      <Data Name=""UtcTime"">2023-12-27 16:31:39.675</Data>
      
            
      <Data Name=""ProcessGuid"">{f57bd86a-516b-658c-cc01-000000000f00}</Data>
      
            
      <Data Name=""ProcessId"">2860</Data>
      
            
      <Data Name=""Image"">C:\Windows\System32\cmd.exe</Data>
      
            
      <Data Name=""FileVersion"">10.0.22621.2506 (WinBuild.160101.0800)</Data>
      
            
      <Data Name=""Description"">Windows Command Processor</Data>
      
            
      <Data Name=""Product"">Microsoft&#174; Windows&#174; Operating System</Data>
      
            
      <Data Name=""Company"">Microsoft Corporation</Data>
      
            
      <Data Name=""OriginalFileName"">Cmd.Exe</Data>
      
            
      <Data Name=""CommandLine"">cmd /c set</Data>
      
            
      <Data Name=""CurrentDirectory"">C:\Users\User\AppData\Local\Temp\</Data>
      
            
      <Data Name=""User"">WINDEV2309EVAL\User</Data>
      
            
      <Data Name=""LogonGuid"">{f57bd86a-36f9-658c-7bf8-020000000000}</Data>
      
            
      <Data Name=""LogonId"">0x2f87b</Data>
      
            
      <Data Name=""TerminalSessionId"">1</Data>
      
            
      <Data Name=""IntegrityLevel"">Medium</Data>
      
            
      <Data Name=""Hashes"">
                MD5=133D568ECCB557E37BEA1459521CBAC2,SHA256=05A30592D2C3421C41121145C6EEFA7C81FEA6B42D6233A522240A8468326B9C,IMPHASH=D73E39DAB3C8B57AA408073D01254964</Data>
      
            
      <Data Name=""ParentProcessGuid"">{f57bd86a-516b-658c-c901-000000000f00}</Data>
      
            
      <Data Name=""ParentProcessId"">10732</Data>
      
            
      <Data Name=""ParentImage"">C:\Windows\System32\cmd.exe</Data>
      
            
      <Data Name=""ParentCommandLine"">""cmd.exe"" /c
                ""C:\AtomicRedTeam\atomics\T1016\src\qakbot.bat""</Data>
      
            
      <Data Name=""ParentUser"">WINDEV2309EVAL\User</Data>
      
        
    </EventData>
    
    
  </Event>
  
    
  
"
Microsoft-Windows-Sysmon/Operational,whoami /all,Microsoft Corporation,WinDev2309Eval,C:\Users\User\AppData\Local\Temp\,whoami - displays logged on user information,,,,,,1,19635,10.0.22621.1 (WinBuild.160101.0800),"
                MD5=E0F37DB23E4F3163159A815610DF8CF2,SHA256=574BC2A2995FE2B1F732CCD39F2D99460ACE980AF29EFDF1EB0D3E888BE7D6F0,IMPHASH=62935820E434AF643547B7F5F5BD0292",C:\Windows\System32\whoami.exe,,Medium,0x8000000000000000,4,{f57bd86a-36f9-658c-7bf8-020000000000},0x2f87b,0,whoami.exe,"""cmd.exe"" /c
                ""C:\AtomicRedTeam\atomics\T1016\src\qakbot.bat""",C:\Windows\System32\cmd.exe,{f57bd86a-516b-658c-c901-000000000f00},10732,WINDEV2309EVAL\User,{f57bd86a-516b-658c-cb01-000000000f00},3588,5632,Microsoft® Windows® Operating System,,,,,-,,,,,,2023-12-27T16:31:39.6131642Z,1,1,5124,WINDEV2309EVAL\User,S-1-5-18,2023-12-27 16:31:39.611,5,"<Event xmlns=""http://schemas.microsoft.com/win/2004/08/events/event"">
    
        
    <System>
      
            
      <Provider Name=""Microsoft-Windows-Sysmon"" Guid=""{5770385f-c22a-43e0-bf4c-06f5698ffbd9}""/>
      
            
      <EventID>1</EventID>
      
            
      <Version>5</Version>
      
            
      <Level>4</Level>
      
            
      <Task>1</Task>
      
            
      <Opcode>0</Opcode>
      
            
      <Keywords>0x8000000000000000</Keywords>
      
            
      <TimeCreated SystemTime=""2023-12-27T16:31:39.6131642Z""/>
      
            
      <EventRecordID>19635</EventRecordID>
      
            
      <Correlation/>
      
            
      <Execution ProcessID=""3588"" ThreadID=""5124""/>
      
            
      <Channel>Microsoft-Windows-Sysmon/Operational</Channel>
      
            
      <Computer>WinDev2309Eval</Computer>
      
            
      <Security UserID=""S-1-5-18""/>
      
        
    </System>
    
        
    <EventData>
      
            
      <Data Name=""RuleName"">-</Data>
      
            
      <Data Name=""UtcTime"">2023-12-27 16:31:39.611</Data>
      
            
      <Data Name=""ProcessGuid"">{f57bd86a-516b-658c-cb01-000000000f00}</Data>
      
            
      <Data Name=""ProcessId"">5632</Data>
      
            
      <Data Name=""Image"">C:\Windows\System32\whoami.exe</Data>
      
            
      <Data Name=""FileVersion"">10.0.22621.1 (WinBuild.160101.0800)</Data>
      
            
      <Data Name=""Description"">whoami - displays logged on user information</Data>
      
            
      <Data Name=""Product"">Microsoft&#174; Windows&#174; Operating System</Data>
      
            
      <Data Name=""Company"">Microsoft Corporation</Data>
      
            
      <Data Name=""OriginalFileName"">whoami.exe</Data>
      
            
      <Data Name=""CommandLine"">whoami /all</Data>
      
            
      <Data Name=""CurrentDirectory"">C:\Users\User\AppData\Local\Temp\</Data>
      
            
      <Data Name=""User"">WINDEV2309EVAL\User</Data>
      
            
      <Data Name=""LogonGuid"">{f57bd86a-36f9-658c-7bf8-020000000000}</Data>
      
            
      <Data Name=""LogonId"">0x2f87b</Data>
      
            
      <Data Name=""TerminalSessionId"">1</Data>
      
            
      <Data Name=""IntegrityLevel"">Medium</Data>
      
            
      <Data Name=""Hashes"">
                MD5=E0F37DB23E4F3163159A815610DF8CF2,SHA256=574BC2A2995FE2B1F732CCD39F2D99460ACE980AF29EFDF1EB0D3E888BE7D6F0,IMPHASH=62935820E434AF643547B7F5F5BD0292</Data>
      
            
      <Data Name=""ParentProcessGuid"">{f57bd86a-516b-658c-c901-000000000f00}</Data>
      
            
      <Data Name=""ParentProcessId"">10732</Data>
      
            
      <Data Name=""ParentImage"">C:\Windows\System32\cmd.exe</Data>
      
            
      <Data Name=""ParentCommandLine"">""cmd.exe"" /c
                ""C:\AtomicRedTeam\atomics\T1016\src\qakbot.bat""</Data>
      
            
      <Data Name=""ParentUser"">WINDEV2309EVAL\User</Data>
      
        
    </EventData>
    
    
  </Event>
  
    
  
"
Microsoft-Windows-Sysmon/Operational,"""cmd.exe"" /c ""C:\AtomicRedTeam\atomics\T1016\src\qakbot.bat""",Microsoft Corporation,WinDev2309Eval,C:\Users\User\AppData\Local\Temp\,Windows Command Processor,,,,,,1,19634,10.0.22621.2506 (WinBuild.160101.0800),"
                MD5=133D568ECCB557E37BEA1459521CBAC2,SHA256=05A30592D2C3421C41121145C6EEFA7C81FEA6B42D6233A522240A8468326B9C,IMPHASH=D73E39DAB3C8B57AA408073D01254964",C:\Windows\System32\cmd.exe,,Medium,0x8000000000000000,4,{f57bd86a-36f9-658c-7bf8-020000000000},0x2f87b,0,Cmd.Exe,-,-,{00000000-0000-0000-0000-000000000000},1688,-,{f57bd86a-516b-658c-c901-000000000f00},3588,10732,Microsoft® Windows® Operating System,,,,,-,,,,,,2023-12-27T16:31:39.5750918Z,1,1,5124,WINDEV2309EVAL\User,S-1-5-18,2023-12-27 16:31:39.574,5,"<Event xmlns=""http://schemas.microsoft.com/win/2004/08/events/event"">
    
        
    <System>
      
            
      <Provider Name=""Microsoft-Windows-Sysmon"" Guid=""{5770385f-c22a-43e0-bf4c-06f5698ffbd9}""/>
      
            
      <EventID>1</EventID>
      
            
      <Version>5</Version>
      
            
      <Level>4</Level>
      
            
      <Task>1</Task>
      
            
      <Opcode>0</Opcode>
      
            
      <Keywords>0x8000000000000000</Keywords>
      
            
      <TimeCreated SystemTime=""2023-12-27T16:31:39.5750918Z""/>
      
            
      <EventRecordID>19634</EventRecordID>
      
            
      <Correlation/>
      
            
      <Execution ProcessID=""3588"" ThreadID=""5124""/>
      
            
      <Channel>Microsoft-Windows-Sysmon/Operational</Channel>
      
            
      <Computer>WinDev2309Eval</Computer>
      
            
      <Security UserID=""S-1-5-18""/>
      
        
    </System>
    
        
    <EventData>
      
            
      <Data Name=""RuleName"">-</Data>
      
            
      <Data Name=""UtcTime"">2023-12-27 16:31:39.574</Data>
      
            
      <Data Name=""ProcessGuid"">{f57bd86a-516b-658c-c901-000000000f00}</Data>
      
            
      <Data Name=""ProcessId"">10732</Data>
      
            
      <Data Name=""Image"">C:\Windows\System32\cmd.exe</Data>
      
            
      <Data Name=""FileVersion"">10.0.22621.2506 (WinBuild.160101.0800)</Data>
      
            
      <Data Name=""Description"">Windows Command Processor</Data>
      
            
      <Data Name=""Product"">Microsoft&#174; Windows&#174; Operating System</Data>
      
            
      <Data Name=""Company"">Microsoft Corporation</Data>
      
            
      <Data Name=""OriginalFileName"">Cmd.Exe</Data>
      
            
      <Data Name=""CommandLine"">""cmd.exe"" /c ""C:\AtomicRedTeam\atomics\T1016\src\qakbot.bat""</Data>
      
            
      <Data Name=""CurrentDirectory"">C:\Users\User\AppData\Local\Temp\</Data>
      
            
      <Data Name=""User"">WINDEV2309EVAL\User</Data>
      
            
      <Data Name=""LogonGuid"">{f57bd86a-36f9-658c-7bf8-020000000000}</Data>
      
            
      <Data Name=""LogonId"">0x2f87b</Data>
      
            
      <Data Name=""TerminalSessionId"">1</Data>
      
            
      <Data Name=""IntegrityLevel"">Medium</Data>
      
            
      <Data Name=""Hashes"">
                MD5=133D568ECCB557E37BEA1459521CBAC2,SHA256=05A30592D2C3421C41121145C6EEFA7C81FEA6B42D6233A522240A8468326B9C,IMPHASH=D73E39DAB3C8B57AA408073D01254964</Data>
      
            
      <Data Name=""ParentProcessGuid"">{00000000-0000-0000-0000-000000000000}</Data>
      
            
      <Data Name=""ParentProcessId"">1688</Data>
      
            
      <Data Name=""ParentImage"">-</Data>
      
            
      <Data Name=""ParentCommandLine"">-</Data>
      
            
      <Data Name=""ParentUser"">-</Data>
      
        
    </EventData>
    
    
  </Event>
  
    
  
"
