Channel,CommandLine,Company,Computer,CurrentDirectory,Description,DestinationHostname,DestinationIp,DestinationIsIpv6,DestinationPort,DestinationPortName,EventID,EventRecordID,FileVersion,Hashes,Image,Initiated,IntegrityLevel,Keywords,Level,LogonGuid,LogonId,Opcode,OriginalFileName,ParentCommandLine,ParentImage,ParentProcessGuid,ParentProcessId,ParentUser,ProcessGuid,ProcessID,ProcessId,Product,Protocol,QueryName,QueryResults,QueryStatus,RuleName,SourceHostname,SourceIp,SourceIsIpv6,SourcePort,SourcePortName,SystemTime,Task,TerminalSessionId,ThreadID,User,UserID,UtcTime,Version,raw
Microsoft-Windows-Sysmon/Operational,,,WinDev2309Eval,,,-,192.168.126.2,false,53,domain,3,19660,,,C:\Windows\system32\nslookup.exe,true,,0x8000000000000000,4,,,0,,,,,,,{f57bd86a-51bb-658c-dd01-000000000f00},3588,3584,,udp,,,,-,WinDev2309Eval.localdomain,192.168.126.163,false,57536,-,2023-12-27T16:33:00.9472325Z,3,,5136,WINDEV2309EVAL\User,S-1-5-18,2023-12-27 14:54:19.231,5,"<Event xmlns=""http://schemas.microsoft.com/win/2004/08/events/event"">
    
        
    <System>
      
            
      <Provider Name=""Microsoft-Windows-Sysmon"" Guid=""{5770385f-c22a-43e0-bf4c-06f5698ffbd9}""/>
      
            
      <EventID>3</EventID>
      
            
      <Version>5</Version>
      
            
      <Level>4</Level>
      
            
      <Task>3</Task>
      
            
      <Opcode>0</Opcode>
      
            
      <Keywords>0x8000000000000000</Keywords>
      
            
      <TimeCreated SystemTime=""2023-12-27T16:33:00.9472325Z""/>
      
            
      <EventRecordID>19660</EventRecordID>
      
            
      <Correlation/>
      
            
      <Execution ProcessID=""3588"" ThreadID=""5136""/>
      
            
      <Channel>Microsoft-Windows-Sysmon/Operational</Channel>
      
            
      <Computer>WinDev2309Eval</Computer>
      
            
      <Security UserID=""S-1-5-18""/>
      
        
    </System>
    
        
    <EventData>
      
            
      <Data Name=""RuleName"">-</Data>
      
            
      <Data Name=""UtcTime"">2023-12-27 14:54:19.231</Data>
      
            
      <Data Name=""ProcessGuid"">{f57bd86a-51bb-658c-dd01-000000000f00}</Data>
      
            
      <Data Name=""ProcessId"">3584</Data>
      
            
      <Data Name=""Image"">C:\Windows\system32\nslookup.exe</Data>
      
            
      <Data Name=""User"">WINDEV2309EVAL\User</Data>
      
            
      <Data Name=""Protocol"">udp</Data>
      
            
      <Data Name=""Initiated"">true</Data>
      
            
      <Data Name=""SourceIsIpv6"">false</Data>
      
            
      <Data Name=""SourceIp"">192.168.126.163</Data>
      
            
      <Data Name=""SourceHostname"">WinDev2309Eval.localdomain</Data>
      
            
      <Data Name=""SourcePort"">57536</Data>
      
            
      <Data Name=""SourcePortName"">-</Data>
      
            
      <Data Name=""DestinationIsIpv6"">false</Data>
      
            
      <Data Name=""DestinationIp"">192.168.126.2</Data>
      
            
      <Data Name=""DestinationHostname"">-</Data>
      
            
      <Data Name=""DestinationPort"">53</Data>
      
            
      <Data Name=""DestinationPortName"">domain</Data>
      
        
    </EventData>
    
    
  </Event>
  
    
  
"
Microsoft-Windows-Sysmon/Operational,,,WinDev2309Eval,,,-,192.168.126.2,false,53,domain,3,19659,,,C:\Windows\system32\nslookup.exe,true,,0x8000000000000000,4,,,0,,,,,,,{f57bd86a-51bb-658c-dd01-000000000f00},3588,3584,,udp,,,,-,WinDev2309Eval.localdomain,192.168.126.163,false,57535,-,2023-12-27T16:33:00.9469734Z,3,,5136,WINDEV2309EVAL\User,S-1-5-18,2023-12-27 14:54:19.188,5,"<Event xmlns=""http://schemas.microsoft.com/win/2004/08/events/event"">
    
        
    <System>
      
            
      <Provider Name=""Microsoft-Windows-Sysmon"" Guid=""{5770385f-c22a-43e0-bf4c-06f5698ffbd9}""/>
      
            
      <EventID>3</EventID>
      
            
      <Version>5</Version>
      
            
      <Level>4</Level>
      
            
      <Task>3</Task>
      
            
      <Opcode>0</Opcode>
      
            
      <Keywords>0x8000000000000000</Keywords>
      
            
      <TimeCreated SystemTime=""2023-12-27T16:33:00.9469734Z""/>
      
            
      <EventRecordID>19659</EventRecordID>
      
            
      <Correlation/>
      
            
      <Execution ProcessID=""3588"" ThreadID=""5136""/>
      
            
      <Channel>Microsoft-Windows-Sysmon/Operational</Channel>
      
            
      <Computer>WinDev2309Eval</Computer>
      
            
      <Security UserID=""S-1-5-18""/>
      
        
    </System>
    
        
    <EventData>
      
            
      <Data Name=""RuleName"">-</Data>
      
            
      <Data Name=""UtcTime"">2023-12-27 14:54:19.188</Data>
      
            
      <Data Name=""ProcessGuid"">{f57bd86a-51bb-658c-dd01-000000000f00}</Data>
      
            
      <Data Name=""ProcessId"">3584</Data>
      
            
      <Data Name=""Image"">C:\Windows\system32\nslookup.exe</Data>
      
            
      <Data Name=""User"">WINDEV2309EVAL\User</Data>
      
            
      <Data Name=""Protocol"">udp</Data>
      
            
      <Data Name=""Initiated"">true</Data>
      
            
      <Data Name=""SourceIsIpv6"">false</Data>
      
            
      <Data Name=""SourceIp"">192.168.126.163</Data>
      
            
      <Data Name=""SourceHostname"">WinDev2309Eval.localdomain</Data>
      
            
      <Data Name=""SourcePort"">57535</Data>
      
            
      <Data Name=""SourcePortName"">-</Data>
      
            
      <Data Name=""DestinationIsIpv6"">false</Data>
      
            
      <Data Name=""DestinationIp"">192.168.126.2</Data>
      
            
      <Data Name=""DestinationHostname"">-</Data>
      
            
      <Data Name=""DestinationPort"">53</Data>
      
            
      <Data Name=""DestinationPortName"">domain</Data>
      
        
    </EventData>
    
    
  </Event>
  
    
  
"
Microsoft-Windows-Sysmon/Operational,"nslookup -querytype=ALL -timeout=12
                _ldap._tcp.dc._msdcs.%%USERDNSDOMAIN%%",Microsoft Corporation,WinDev2309Eval,C:\Users\User\AppData\Local\Temp\,nslookup,,,,,,1,19658,10.0.22621.1 (WinBuild.160101.0800),"
                MD5=E1AD42845D19FC9CBFA7D6167D2EC709,SHA256=ED7C553EF847D0E6B42969D56D84ECDA77D4770131F70661FD430C34D2BCCB94,IMPHASH=EC3E3C718C086FAB4F7F35008A5E9116",C:\Windows\System32\nslookup.exe,,Medium,0x8000000000000000,4,{f57bd86a-36f9-658c-7bf8-020000000000},0x2f87b,0,nslookup.exe,"""cmd.exe"" /c nslookup -querytype=ALL -timeout=12
                _ldap._tcp.dc._msdcs.%USERDNSDOMAIN%",C:\Windows\System32\cmd.exe,{f57bd86a-51bb-658c-db01-000000000f00},9972,WINDEV2309EVAL\User,{f57bd86a-51bb-658c-dd01-000000000f00},3588,3584,Microsoft® Windows® Operating System,,,,,-,,,,,,2023-12-27T16:32:59.1682588Z,1,1,5124,WINDEV2309EVAL\User,S-1-5-18,2023-12-27 16:32:59.167,5,"<Event xmlns=""http://schemas.microsoft.com/win/2004/08/events/event"">
    
        
    <System>
      
            
      <Provider Name=""Microsoft-Windows-Sysmon"" Guid=""{5770385f-c22a-43e0-bf4c-06f5698ffbd9}""/>
      
            
      <EventID>1</EventID>
      
            
      <Version>5</Version>
      
            
      <Level>4</Level>
      
            
      <Task>1</Task>
      
            
      <Opcode>0</Opcode>
      
            
      <Keywords>0x8000000000000000</Keywords>
      
            
      <TimeCreated SystemTime=""2023-12-27T16:32:59.1682588Z""/>
      
            
      <EventRecordID>19658</EventRecordID>
      
            
      <Correlation/>
      
            
      <Execution ProcessID=""3588"" ThreadID=""5124""/>
      
            
      <Channel>Microsoft-Windows-Sysmon/Operational</Channel>
      
            
      <Computer>WinDev2309Eval</Computer>
      
            
      <Security UserID=""S-1-5-18""/>
      
        
    </System>
    
        
    <EventData>
      
            
      <Data Name=""RuleName"">-</Data>
      
            
      <Data Name=""UtcTime"">2023-12-27 16:32:59.167</Data>
      
            
      <Data Name=""ProcessGuid"">{f57bd86a-51bb-658c-dd01-000000000f00}</Data>
      
            
      <Data Name=""ProcessId"">3584</Data>
      
            
      <Data Name=""Image"">C:\Windows\System32\nslookup.exe</Data>
      
            
      <Data Name=""FileVersion"">10.0.22621.1 (WinBuild.160101.0800)</Data>
      
            
      <Data Name=""Description"">nslookup</Data>
      
            
      <Data Name=""Product"">Microsoft&#174; Windows&#174; Operating System</Data>
      
            
      <Data Name=""Company"">Microsoft Corporation</Data>
      
            
      <Data Name=""OriginalFileName"">nslookup.exe</Data>
      
            
      <Data Name=""CommandLine"">nslookup -querytype=ALL -timeout=12
                _ldap._tcp.dc._msdcs.%%USERDNSDOMAIN%%</Data>
      
            
      <Data Name=""CurrentDirectory"">C:\Users\User\AppData\Local\Temp\</Data>
      
            
      <Data Name=""User"">WINDEV2309EVAL\User</Data>
      
            
      <Data Name=""LogonGuid"">{f57bd86a-36f9-658c-7bf8-020000000000}</Data>
      
            
      <Data Name=""LogonId"">0x2f87b</Data>
      
            
      <Data Name=""TerminalSessionId"">1</Data>
      
            
      <Data Name=""IntegrityLevel"">Medium</Data>
      
            
      <Data Name=""Hashes"">
                MD5=E1AD42845D19FC9CBFA7D6167D2EC709,SHA256=ED7C553EF847D0E6B42969D56D84ECDA77D4770131F70661FD430C34D2BCCB94,IMPHASH=EC3E3C718C086FAB4F7F35008A5E9116</Data>
      
            
      <Data Name=""ParentProcessGuid"">{f57bd86a-51bb-658c-db01-000000000f00}</Data>
      
            
      <Data Name=""ParentProcessId"">9972</Data>
      
            
      <Data Name=""ParentImage"">C:\Windows\System32\cmd.exe</Data>
      
            
      <Data Name=""ParentCommandLine"">""cmd.exe"" /c nslookup -querytype=ALL -timeout=12
                _ldap._tcp.dc._msdcs.%USERDNSDOMAIN%</Data>
      
            
      <Data Name=""ParentUser"">WINDEV2309EVAL\User</Data>
      
        
    </EventData>
    
    
  </Event>
  
    
  
"
Microsoft-Windows-Sysmon/Operational,"""cmd.exe"" /c nslookup -querytype=ALL -timeout=12
                _ldap._tcp.dc._msdcs.%%USERDNSDOMAIN%%",Microsoft Corporation,WinDev2309Eval,C:\Users\User\AppData\Local\Temp\,Windows Command Processor,,,,,,1,19657,10.0.22621.2506 (WinBuild.160101.0800),"
                MD5=133D568ECCB557E37BEA1459521CBAC2,SHA256=05A30592D2C3421C41121145C6EEFA7C81FEA6B42D6233A522240A8468326B9C,IMPHASH=D73E39DAB3C8B57AA408073D01254964",C:\Windows\System32\cmd.exe,,Medium,0x8000000000000000,4,{f57bd86a-36f9-658c-7bf8-020000000000},0x2f87b,0,Cmd.Exe,-,-,{00000000-0000-0000-0000-000000000000},1688,-,{f57bd86a-51bb-658c-db01-000000000f00},3588,9972,Microsoft® Windows® Operating System,,,,,-,,,,,,2023-12-27T16:32:59.1431618Z,1,1,5124,WINDEV2309EVAL\User,S-1-5-18,2023-12-27 16:32:59.142,5,"<Event xmlns=""http://schemas.microsoft.com/win/2004/08/events/event"">
    
        
    <System>
      
            
      <Provider Name=""Microsoft-Windows-Sysmon"" Guid=""{5770385f-c22a-43e0-bf4c-06f5698ffbd9}""/>
      
            
      <EventID>1</EventID>
      
            
      <Version>5</Version>
      
            
      <Level>4</Level>
      
            
      <Task>1</Task>
      
            
      <Opcode>0</Opcode>
      
            
      <Keywords>0x8000000000000000</Keywords>
      
            
      <TimeCreated SystemTime=""2023-12-27T16:32:59.1431618Z""/>
      
            
      <EventRecordID>19657</EventRecordID>
      
            
      <Correlation/>
      
            
      <Execution ProcessID=""3588"" ThreadID=""5124""/>
      
            
      <Channel>Microsoft-Windows-Sysmon/Operational</Channel>
      
            
      <Computer>WinDev2309Eval</Computer>
      
            
      <Security UserID=""S-1-5-18""/>
      
        
    </System>
    
        
    <EventData>
      
            
      <Data Name=""RuleName"">-</Data>
      
            
      <Data Name=""UtcTime"">2023-12-27 16:32:59.142</Data>
      
            
      <Data Name=""ProcessGuid"">{f57bd86a-51bb-658c-db01-000000000f00}</Data>
      
            
      <Data Name=""ProcessId"">9972</Data>
      
            
      <Data Name=""Image"">C:\Windows\System32\cmd.exe</Data>
      
            
      <Data Name=""FileVersion"">10.0.22621.2506 (WinBuild.160101.0800)</Data>
      
            
      <Data Name=""Description"">Windows Command Processor</Data>
      
            
      <Data Name=""Product"">Microsoft&#174; Windows&#174; Operating System</Data>
      
            
      <Data Name=""Company"">Microsoft Corporation</Data>
      
            
      <Data Name=""OriginalFileName"">Cmd.Exe</Data>
      
            
      <Data Name=""CommandLine"">""cmd.exe"" /c nslookup -querytype=ALL -timeout=12
                _ldap._tcp.dc._msdcs.%%USERDNSDOMAIN%%</Data>
      
            
      <Data Name=""CurrentDirectory"">C:\Users\User\AppData\Local\Temp\</Data>
      
            
      <Data Name=""User"">WINDEV2309EVAL\User</Data>
      
            
      <Data Name=""LogonGuid"">{f57bd86a-36f9-658c-7bf8-020000000000}</Data>
      
            
      <Data Name=""LogonId"">0x2f87b</Data>
      
            
      <Data Name=""TerminalSessionId"">1</Data>
      
            
      <Data Name=""IntegrityLevel"">Medium</Data>
      
            
      <Data Name=""Hashes"">
                MD5=133D568ECCB557E37BEA1459521CBAC2,SHA256=05A30592D2C3421C41121145C6EEFA7C81FEA6B42D6233A522240A8468326B9C,IMPHASH=D73E39DAB3C8B57AA408073D01254964</Data>
      
            
      <Data Name=""ParentProcessGuid"">{00000000-0000-0000-0000-000000000000}</Data>
      
            
      <Data Name=""ParentProcessId"">1688</Data>
      
            
      <Data Name=""ParentImage"">-</Data>
      
            
      <Data Name=""ParentCommandLine"">-</Data>
      
            
      <Data Name=""ParentUser"">-</Data>
      
        
    </EventData>
    
    
  </Event>
  
    
  
"
Microsoft-Windows-Sysmon/Operational,C:\Windows\system32\net1 localgroup,Microsoft Corporation,WinDev2309Eval,C:\Users\User\AppData\Local\Temp\,Net Command,,,,,,1,19656,10.0.22621.2506 (WinBuild.160101.0800),"
                MD5=7CBB1DF40115C7D3CF0FE6CCFF82708E,SHA256=50E8AB76E511A917FD8CCF149DDAC1447FD817FF703AA9FDCC51DC77AC0237BE,IMPHASH=76EE66A0F294EAB08DCAEF5E64FBF02F",C:\Windows\System32\net1.exe,,Medium,0x8000000000000000,4,{f57bd86a-36f9-658c-7bf8-020000000000},0x2f87b,0,net1.exe,net localgroup,C:\Windows\System32\net.exe,{f57bd86a-51ba-658c-d901-000000000f00},1292,WINDEV2309EVAL\User,{f57bd86a-51ba-658c-da01-000000000f00},3588,10656,Microsoft® Windows® Operating System,,,,,-,,,,,,2023-12-27T16:32:58.8852807Z,1,1,5124,WINDEV2309EVAL\User,S-1-5-18,2023-12-27 16:32:58.884,5,"<Event xmlns=""http://schemas.microsoft.com/win/2004/08/events/event"">
    
        
    <System>
      
            
      <Provider Name=""Microsoft-Windows-Sysmon"" Guid=""{5770385f-c22a-43e0-bf4c-06f5698ffbd9}""/>
      
            
      <EventID>1</EventID>
      
            
      <Version>5</Version>
      
            
      <Level>4</Level>
      
            
      <Task>1</Task>
      
            
      <Opcode>0</Opcode>
      
            
      <Keywords>0x8000000000000000</Keywords>
      
            
      <TimeCreated SystemTime=""2023-12-27T16:32:58.8852807Z""/>
      
            
      <EventRecordID>19656</EventRecordID>
      
            
      <Correlation/>
      
            
      <Execution ProcessID=""3588"" ThreadID=""5124""/>
      
            
      <Channel>Microsoft-Windows-Sysmon/Operational</Channel>
      
            
      <Computer>WinDev2309Eval</Computer>
      
            
      <Security UserID=""S-1-5-18""/>
      
        
    </System>
    
        
    <EventData>
      
            
      <Data Name=""RuleName"">-</Data>
      
            
      <Data Name=""UtcTime"">2023-12-27 16:32:58.884</Data>
      
            
      <Data Name=""ProcessGuid"">{f57bd86a-51ba-658c-da01-000000000f00}</Data>
      
            
      <Data Name=""ProcessId"">10656</Data>
      
            
      <Data Name=""Image"">C:\Windows\System32\net1.exe</Data>
      
            
      <Data Name=""FileVersion"">10.0.22621.2506 (WinBuild.160101.0800)</Data>
      
            
      <Data Name=""Description"">Net Command</Data>
      
            
      <Data Name=""Product"">Microsoft&#174; Windows&#174; Operating System</Data>
      
            
      <Data Name=""Company"">Microsoft Corporation</Data>
      
            
      <Data Name=""OriginalFileName"">net1.exe</Data>
      
            
      <Data Name=""CommandLine"">C:\Windows\system32\net1 localgroup</Data>
      
            
      <Data Name=""CurrentDirectory"">C:\Users\User\AppData\Local\Temp\</Data>
      
            
      <Data Name=""User"">WINDEV2309EVAL\User</Data>
      
            
      <Data Name=""LogonGuid"">{f57bd86a-36f9-658c-7bf8-020000000000}</Data>
      
            
      <Data Name=""LogonId"">0x2f87b</Data>
      
            
      <Data Name=""TerminalSessionId"">1</Data>
      
            
      <Data Name=""IntegrityLevel"">Medium</Data>
      
            
      <Data Name=""Hashes"">
                MD5=7CBB1DF40115C7D3CF0FE6CCFF82708E,SHA256=50E8AB76E511A917FD8CCF149DDAC1447FD817FF703AA9FDCC51DC77AC0237BE,IMPHASH=76EE66A0F294EAB08DCAEF5E64FBF02F</Data>
      
            
      <Data Name=""ParentProcessGuid"">{f57bd86a-51ba-658c-d901-000000000f00}</Data>
      
            
      <Data Name=""ParentProcessId"">1292</Data>
      
            
      <Data Name=""ParentImage"">C:\Windows\System32\net.exe</Data>
      
            
      <Data Name=""ParentCommandLine"">net localgroup</Data>
      
            
      <Data Name=""ParentUser"">WINDEV2309EVAL\User</Data>
      
        
    </EventData>
    
    
  </Event>
  
    
  
"
Microsoft-Windows-Sysmon/Operational,net localgroup,Microsoft Corporation,WinDev2309Eval,C:\Users\User\AppData\Local\Temp\,Net Command,,,,,,1,19655,10.0.22621.1 (WinBuild.160101.0800),"
                MD5=BB1AE49B6B7C53499E94613761A6AC56,SHA256=AFBE51517092256504F797F6A5ABC02515A09D603E8C046AE31D7D7855568E91,IMPHASH=D45C37A5C97135204AD6E116C34946C3",C:\Windows\System32\net.exe,,Medium,0x8000000000000000,4,{f57bd86a-36f9-658c-7bf8-020000000000},0x2f87b,0,net.exe,"""cmd.exe"" /c
                ""C:\AtomicRedTeam\atomics\T1016\src\qakbot.bat""",C:\Windows\System32\cmd.exe,{f57bd86a-516b-658c-c901-000000000f00},10732,WINDEV2309EVAL\User,{f57bd86a-51ba-658c-d901-000000000f00},3588,1292,Microsoft® Windows® Operating System,,,,,-,,,,,,2023-12-27T16:32:58.8765164Z,1,1,5124,WINDEV2309EVAL\User,S-1-5-18,2023-12-27 16:32:58.875,5,"<Event xmlns=""http://schemas.microsoft.com/win/2004/08/events/event"">
    
        
    <System>
      
            
      <Provider Name=""Microsoft-Windows-Sysmon"" Guid=""{5770385f-c22a-43e0-bf4c-06f5698ffbd9}""/>
      
            
      <EventID>1</EventID>
      
            
      <Version>5</Version>
      
            
      <Level>4</Level>
      
            
      <Task>1</Task>
      
            
      <Opcode>0</Opcode>
      
            
      <Keywords>0x8000000000000000</Keywords>
      
            
      <TimeCreated SystemTime=""2023-12-27T16:32:58.8765164Z""/>
      
            
      <EventRecordID>19655</EventRecordID>
      
            
      <Correlation/>
      
            
      <Execution ProcessID=""3588"" ThreadID=""5124""/>
      
            
      <Channel>Microsoft-Windows-Sysmon/Operational</Channel>
      
            
      <Computer>WinDev2309Eval</Computer>
      
            
      <Security UserID=""S-1-5-18""/>
      
        
    </System>
    
        
    <EventData>
      
            
      <Data Name=""RuleName"">-</Data>
      
            
      <Data Name=""UtcTime"">2023-12-27 16:32:58.875</Data>
      
            
      <Data Name=""ProcessGuid"">{f57bd86a-51ba-658c-d901-000000000f00}</Data>
      
            
      <Data Name=""ProcessId"">1292</Data>
      
            
      <Data Name=""Image"">C:\Windows\System32\net.exe</Data>
      
            
      <Data Name=""FileVersion"">10.0.22621.1 (WinBuild.160101.0800)</Data>
      
            
      <Data Name=""Description"">Net Command</Data>
      
            
      <Data Name=""Product"">Microsoft&#174; Windows&#174; Operating System</Data>
      
            
      <Data Name=""Company"">Microsoft Corporation</Data>
      
            
      <Data Name=""OriginalFileName"">net.exe</Data>
      
            
      <Data Name=""CommandLine"">net localgroup</Data>
      
            
      <Data Name=""CurrentDirectory"">C:\Users\User\AppData\Local\Temp\</Data>
      
            
      <Data Name=""User"">WINDEV2309EVAL\User</Data>
      
            
      <Data Name=""LogonGuid"">{f57bd86a-36f9-658c-7bf8-020000000000}</Data>
      
            
      <Data Name=""LogonId"">0x2f87b</Data>
      
            
      <Data Name=""TerminalSessionId"">1</Data>
      
            
      <Data Name=""IntegrityLevel"">Medium</Data>
      
            
      <Data Name=""Hashes"">
                MD5=BB1AE49B6B7C53499E94613761A6AC56,SHA256=AFBE51517092256504F797F6A5ABC02515A09D603E8C046AE31D7D7855568E91,IMPHASH=D45C37A5C97135204AD6E116C34946C3</Data>
      
            
      <Data Name=""ParentProcessGuid"">{f57bd86a-516b-658c-c901-000000000f00}</Data>
      
            
      <Data Name=""ParentProcessId"">10732</Data>
      
            
      <Data Name=""ParentImage"">C:\Windows\System32\cmd.exe</Data>
      
            
      <Data Name=""ParentCommandLine"">""cmd.exe"" /c
                ""C:\AtomicRedTeam\atomics\T1016\src\qakbot.bat""</Data>
      
            
      <Data Name=""ParentUser"">WINDEV2309EVAL\User</Data>
      
        
    </EventData>
    
    
  </Event>
  
    
  
"
Microsoft-Windows-Sysmon/Operational,netstat -nao,Microsoft Corporation,WinDev2309Eval,C:\Users\User\AppData\Local\Temp\,TCP/IP Netstat Command,,,,,,1,19654,10.0.22621.2506 (WinBuild.160101.0800),"
                MD5=796C1FC61BA6682A4BEB108AC2863BA0,SHA256=61CC767F01EFE52C7A9AA974B5B332C746C82119F3221AEEF38DF18B40661BB7,IMPHASH=7BC97222AE8ACC1CB446BEF791613694",C:\Windows\System32\NETSTAT.EXE,,Medium,0x8000000000000000,4,{f57bd86a-36f9-658c-7bf8-020000000000},0x2f87b,0,netstat.exe,"""cmd.exe"" /c
                ""C:\AtomicRedTeam\atomics\T1016\src\qakbot.bat""",C:\Windows\System32\cmd.exe,{f57bd86a-516b-658c-c901-000000000f00},10732,WINDEV2309EVAL\User,{f57bd86a-51ba-658c-d801-000000000f00},3588,204,Microsoft® Windows® Operating System,,,,,-,,,,,,2023-12-27T16:32:58.8556500Z,1,1,5124,WINDEV2309EVAL\User,S-1-5-18,2023-12-27 16:32:58.853,5,"<Event xmlns=""http://schemas.microsoft.com/win/2004/08/events/event"">
    
        
    <System>
      
            
      <Provider Name=""Microsoft-Windows-Sysmon"" Guid=""{5770385f-c22a-43e0-bf4c-06f5698ffbd9}""/>
      
            
      <EventID>1</EventID>
      
            
      <Version>5</Version>
      
            
      <Level>4</Level>
      
            
      <Task>1</Task>
      
            
      <Opcode>0</Opcode>
      
            
      <Keywords>0x8000000000000000</Keywords>
      
            
      <TimeCreated SystemTime=""2023-12-27T16:32:58.8556500Z""/>
      
            
      <EventRecordID>19654</EventRecordID>
      
            
      <Correlation/>
      
            
      <Execution ProcessID=""3588"" ThreadID=""5124""/>
      
            
      <Channel>Microsoft-Windows-Sysmon/Operational</Channel>
      
            
      <Computer>WinDev2309Eval</Computer>
      
            
      <Security UserID=""S-1-5-18""/>
      
        
    </System>
    
        
    <EventData>
      
            
      <Data Name=""RuleName"">-</Data>
      
            
      <Data Name=""UtcTime"">2023-12-27 16:32:58.853</Data>
      
            
      <Data Name=""ProcessGuid"">{f57bd86a-51ba-658c-d801-000000000f00}</Data>
      
            
      <Data Name=""ProcessId"">204</Data>
      
            
      <Data Name=""Image"">C:\Windows\System32\NETSTAT.EXE</Data>
      
            
      <Data Name=""FileVersion"">10.0.22621.2506 (WinBuild.160101.0800)</Data>
      
            
      <Data Name=""Description"">TCP/IP Netstat Command</Data>
      
            
      <Data Name=""Product"">Microsoft&#174; Windows&#174; Operating System</Data>
      
            
      <Data Name=""Company"">Microsoft Corporation</Data>
      
            
      <Data Name=""OriginalFileName"">netstat.exe</Data>
      
            
      <Data Name=""CommandLine"">netstat -nao</Data>
      
            
      <Data Name=""CurrentDirectory"">C:\Users\User\AppData\Local\Temp\</Data>
      
            
      <Data Name=""User"">WINDEV2309EVAL\User</Data>
      
            
      <Data Name=""LogonGuid"">{f57bd86a-36f9-658c-7bf8-020000000000}</Data>
      
            
      <Data Name=""LogonId"">0x2f87b</Data>
      
            
      <Data Name=""TerminalSessionId"">1</Data>
      
            
      <Data Name=""IntegrityLevel"">Medium</Data>
      
            
      <Data Name=""Hashes"">
                MD5=796C1FC61BA6682A4BEB108AC2863BA0,SHA256=61CC767F01EFE52C7A9AA974B5B332C746C82119F3221AEEF38DF18B40661BB7,IMPHASH=7BC97222AE8ACC1CB446BEF791613694</Data>
      
            
      <Data Name=""ParentProcessGuid"">{f57bd86a-516b-658c-c901-000000000f00}</Data>
      
            
      <Data Name=""ParentProcessId"">10732</Data>
      
            
      <Data Name=""ParentImage"">C:\Windows\System32\cmd.exe</Data>
      
            
      <Data Name=""ParentCommandLine"">""cmd.exe"" /c
                ""C:\AtomicRedTeam\atomics\T1016\src\qakbot.bat""</Data>
      
            
      <Data Name=""ParentUser"">WINDEV2309EVAL\User</Data>
      
        
    </EventData>
    
    
  </Event>
  
    
  
"
Microsoft-Windows-Sysmon/Operational,route print,Microsoft Corporation,WinDev2309Eval,C:\Users\User\AppData\Local\Temp\,TCP/IP Route Command,,,,,,1,19653,10.0.22621.1 (WinBuild.160101.0800),"
                MD5=51342D08AEAFBBCB11CC02F5C37B6566,SHA256=877ABA90B702B1D05920906AED1CB337F23AD173E5A4D73FF8A01FDC38A1059D,IMPHASH=95110DF86CE2E63EB457CE5860C12E57",C:\Windows\System32\ROUTE.EXE,,Medium,0x8000000000000000,4,{f57bd86a-36f9-658c-7bf8-020000000000},0x2f87b,0,route.exe,"""cmd.exe"" /c
                ""C:\AtomicRedTeam\atomics\T1016\src\qakbot.bat""",C:\Windows\System32\cmd.exe,{f57bd86a-516b-658c-c901-000000000f00},10732,WINDEV2309EVAL\User,{f57bd86a-51ba-658c-d701-000000000f00},3588,4256,Microsoft® Windows® Operating System,,,,,-,,,,,,2023-12-27T16:32:58.7879137Z,1,1,5124,WINDEV2309EVAL\User,S-1-5-18,2023-12-27 16:32:58.782,5,"<Event xmlns=""http://schemas.microsoft.com/win/2004/08/events/event"">
    
        
    <System>
      
            
      <Provider Name=""Microsoft-Windows-Sysmon"" Guid=""{5770385f-c22a-43e0-bf4c-06f5698ffbd9}""/>
      
            
      <EventID>1</EventID>
      
            
      <Version>5</Version>
      
            
      <Level>4</Level>
      
            
      <Task>1</Task>
      
            
      <Opcode>0</Opcode>
      
            
      <Keywords>0x8000000000000000</Keywords>
      
            
      <TimeCreated SystemTime=""2023-12-27T16:32:58.7879137Z""/>
      
            
      <EventRecordID>19653</EventRecordID>
      
            
      <Correlation/>
      
            
      <Execution ProcessID=""3588"" ThreadID=""5124""/>
      
            
      <Channel>Microsoft-Windows-Sysmon/Operational</Channel>
      
            
      <Computer>WinDev2309Eval</Computer>
      
            
      <Security UserID=""S-1-5-18""/>
      
        
    </System>
    
        
    <EventData>
      
            
      <Data Name=""RuleName"">-</Data>
      
            
      <Data Name=""UtcTime"">2023-12-27 16:32:58.782</Data>
      
            
      <Data Name=""ProcessGuid"">{f57bd86a-51ba-658c-d701-000000000f00}</Data>
      
            
      <Data Name=""ProcessId"">4256</Data>
      
            
      <Data Name=""Image"">C:\Windows\System32\ROUTE.EXE</Data>
      
            
      <Data Name=""FileVersion"">10.0.22621.1 (WinBuild.160101.0800)</Data>
      
            
      <Data Name=""Description"">TCP/IP Route Command</Data>
      
            
      <Data Name=""Product"">Microsoft&#174; Windows&#174; Operating System</Data>
      
            
      <Data Name=""Company"">Microsoft Corporation</Data>
      
            
      <Data Name=""OriginalFileName"">route.exe</Data>
      
            
      <Data Name=""CommandLine"">route print</Data>
      
            
      <Data Name=""CurrentDirectory"">C:\Users\User\AppData\Local\Temp\</Data>
      
            
      <Data Name=""User"">WINDEV2309EVAL\User</Data>
      
            
      <Data Name=""LogonGuid"">{f57bd86a-36f9-658c-7bf8-020000000000}</Data>
      
            
      <Data Name=""LogonId"">0x2f87b</Data>
      
            
      <Data Name=""TerminalSessionId"">1</Data>
      
            
      <Data Name=""IntegrityLevel"">Medium</Data>
      
            
      <Data Name=""Hashes"">
                MD5=51342D08AEAFBBCB11CC02F5C37B6566,SHA256=877ABA90B702B1D05920906AED1CB337F23AD173E5A4D73FF8A01FDC38A1059D,IMPHASH=95110DF86CE2E63EB457CE5860C12E57</Data>
      
            
      <Data Name=""ParentProcessGuid"">{f57bd86a-516b-658c-c901-000000000f00}</Data>
      
            
      <Data Name=""ParentProcessId"">10732</Data>
      
            
      <Data Name=""ParentImage"">C:\Windows\System32\cmd.exe</Data>
      
            
      <Data Name=""ParentCommandLine"">""cmd.exe"" /c
                ""C:\AtomicRedTeam\atomics\T1016\src\qakbot.bat""</Data>
      
            
      <Data Name=""ParentUser"">WINDEV2309EVAL\User</Data>
      
        
    </EventData>
    
    
  </Event>
  
    
  
"
Microsoft-Windows-Sysmon/Operational,C:\Windows\system32\net1 share,Microsoft Corporation,WinDev2309Eval,C:\Users\User\AppData\Local\Temp\,Net Command,,,,,,1,19652,10.0.22621.2506 (WinBuild.160101.0800),"
                MD5=7CBB1DF40115C7D3CF0FE6CCFF82708E,SHA256=50E8AB76E511A917FD8CCF149DDAC1447FD817FF703AA9FDCC51DC77AC0237BE,IMPHASH=76EE66A0F294EAB08DCAEF5E64FBF02F",C:\Windows\System32\net1.exe,,Medium,0x8000000000000000,4,{f57bd86a-36f9-658c-7bf8-020000000000},0x2f87b,0,net1.exe,net share,C:\Windows\System32\net.exe,{f57bd86a-51ba-658c-d501-000000000f00},8860,WINDEV2309EVAL\User,{f57bd86a-51ba-658c-d601-000000000f00},3588,2876,Microsoft® Windows® Operating System,,,,,-,,,,,,2023-12-27T16:32:58.7405745Z,1,1,5124,WINDEV2309EVAL\User,S-1-5-18,2023-12-27 16:32:58.739,5,"<Event xmlns=""http://schemas.microsoft.com/win/2004/08/events/event"">
    
        
    <System>
      
            
      <Provider Name=""Microsoft-Windows-Sysmon"" Guid=""{5770385f-c22a-43e0-bf4c-06f5698ffbd9}""/>
      
            
      <EventID>1</EventID>
      
            
      <Version>5</Version>
      
            
      <Level>4</Level>
      
            
      <Task>1</Task>
      
            
      <Opcode>0</Opcode>
      
            
      <Keywords>0x8000000000000000</Keywords>
      
            
      <TimeCreated SystemTime=""2023-12-27T16:32:58.7405745Z""/>
      
            
      <EventRecordID>19652</EventRecordID>
      
            
      <Correlation/>
      
            
      <Execution ProcessID=""3588"" ThreadID=""5124""/>
      
            
      <Channel>Microsoft-Windows-Sysmon/Operational</Channel>
      
            
      <Computer>WinDev2309Eval</Computer>
      
            
      <Security UserID=""S-1-5-18""/>
      
        
    </System>
    
        
    <EventData>
      
            
      <Data Name=""RuleName"">-</Data>
      
            
      <Data Name=""UtcTime"">2023-12-27 16:32:58.739</Data>
      
            
      <Data Name=""ProcessGuid"">{f57bd86a-51ba-658c-d601-000000000f00}</Data>
      
            
      <Data Name=""ProcessId"">2876</Data>
      
            
      <Data Name=""Image"">C:\Windows\System32\net1.exe</Data>
      
            
      <Data Name=""FileVersion"">10.0.22621.2506 (WinBuild.160101.0800)</Data>
      
            
      <Data Name=""Description"">Net Command</Data>
      
            
      <Data Name=""Product"">Microsoft&#174; Windows&#174; Operating System</Data>
      
            
      <Data Name=""Company"">Microsoft Corporation</Data>
      
            
      <Data Name=""OriginalFileName"">net1.exe</Data>
      
            
      <Data Name=""CommandLine"">C:\Windows\system32\net1 share</Data>
      
            
      <Data Name=""CurrentDirectory"">C:\Users\User\AppData\Local\Temp\</Data>
      
            
      <Data Name=""User"">WINDEV2309EVAL\User</Data>
      
            
      <Data Name=""LogonGuid"">{f57bd86a-36f9-658c-7bf8-020000000000}</Data>
      
            
      <Data Name=""LogonId"">0x2f87b</Data>
      
            
      <Data Name=""TerminalSessionId"">1</Data>
      
            
      <Data Name=""IntegrityLevel"">Medium</Data>
      
            
      <Data Name=""Hashes"">
                MD5=7CBB1DF40115C7D3CF0FE6CCFF82708E,SHA256=50E8AB76E511A917FD8CCF149DDAC1447FD817FF703AA9FDCC51DC77AC0237BE,IMPHASH=76EE66A0F294EAB08DCAEF5E64FBF02F</Data>
      
            
      <Data Name=""ParentProcessGuid"">{f57bd86a-51ba-658c-d501-000000000f00}</Data>
      
            
      <Data Name=""ParentProcessId"">8860</Data>
      
            
      <Data Name=""ParentImage"">C:\Windows\System32\net.exe</Data>
      
            
      <Data Name=""ParentCommandLine"">net share</Data>
      
            
      <Data Name=""ParentUser"">WINDEV2309EVAL\User</Data>
      
        
    </EventData>
    
    
  </Event>
  
    
  
"
Microsoft-Windows-Sysmon/Operational,net share,Microsoft Corporation,WinDev2309Eval,C:\Users\User\AppData\Local\Temp\,Net Command,,,,,,1,19651,10.0.22621.1 (WinBuild.160101.0800),"
                MD5=BB1AE49B6B7C53499E94613761A6AC56,SHA256=AFBE51517092256504F797F6A5ABC02515A09D603E8C046AE31D7D7855568E91,IMPHASH=D45C37A5C97135204AD6E116C34946C3",C:\Windows\System32\net.exe,,Medium,0x8000000000000000,4,{f57bd86a-36f9-658c-7bf8-020000000000},0x2f87b,0,net.exe,"""cmd.exe"" /c
                ""C:\AtomicRedTeam\atomics\T1016\src\qakbot.bat""",C:\Windows\System32\cmd.exe,{f57bd86a-516b-658c-c901-000000000f00},10732,WINDEV2309EVAL\User,{f57bd86a-51ba-658c-d501-000000000f00},3588,8860,Microsoft® Windows® Operating System,,,,,-,,,,,,2023-12-27T16:32:58.7321685Z,1,1,5124,WINDEV2309EVAL\User,S-1-5-18,2023-12-27 16:32:58.731,5,"<Event xmlns=""http://schemas.microsoft.com/win/2004/08/events/event"">
    
        
    <System>
      
            
      <Provider Name=""Microsoft-Windows-Sysmon"" Guid=""{5770385f-c22a-43e0-bf4c-06f5698ffbd9}""/>
      
            
      <EventID>1</EventID>
      
            
      <Version>5</Version>
      
            
      <Level>4</Level>
      
            
      <Task>1</Task>
      
            
      <Opcode>0</Opcode>
      
            
      <Keywords>0x8000000000000000</Keywords>
      
            
      <TimeCreated SystemTime=""2023-12-27T16:32:58.7321685Z""/>
      
            
      <EventRecordID>19651</EventRecordID>
      
            
      <Correlation/>
      
            
      <Execution ProcessID=""3588"" ThreadID=""5124""/>
      
            
      <Channel>Microsoft-Windows-Sysmon/Operational</Channel>
      
            
      <Computer>WinDev2309Eval</Computer>
      
            
      <Security UserID=""S-1-5-18""/>
      
        
    </System>
    
        
    <EventData>
      
            
      <Data Name=""RuleName"">-</Data>
      
            
      <Data Name=""UtcTime"">2023-12-27 16:32:58.731</Data>
      
            
      <Data Name=""ProcessGuid"">{f57bd86a-51ba-658c-d501-000000000f00}</Data>
      
            
      <Data Name=""ProcessId"">8860</Data>
      
            
      <Data Name=""Image"">C:\Windows\System32\net.exe</Data>
      
            
      <Data Name=""FileVersion"">10.0.22621.1 (WinBuild.160101.0800)</Data>
      
            
      <Data Name=""Description"">Net Command</Data>
      
            
      <Data Name=""Product"">Microsoft&#174; Windows&#174; Operating System</Data>
      
            
      <Data Name=""Company"">Microsoft Corporation</Data>
      
            
      <Data Name=""OriginalFileName"">net.exe</Data>
      
            
      <Data Name=""CommandLine"">net share</Data>
      
            
      <Data Name=""CurrentDirectory"">C:\Users\User\AppData\Local\Temp\</Data>
      
            
      <Data Name=""User"">WINDEV2309EVAL\User</Data>
      
            
      <Data Name=""LogonGuid"">{f57bd86a-36f9-658c-7bf8-020000000000}</Data>
      
            
      <Data Name=""LogonId"">0x2f87b</Data>
      
            
      <Data Name=""TerminalSessionId"">1</Data>
      
            
      <Data Name=""IntegrityLevel"">Medium</Data>
      
            
      <Data Name=""Hashes"">
                MD5=BB1AE49B6B7C53499E94613761A6AC56,SHA256=AFBE51517092256504F797F6A5ABC02515A09D603E8C046AE31D7D7855568E91,IMPHASH=D45C37A5C97135204AD6E116C34946C3</Data>
      
            
      <Data Name=""ParentProcessGuid"">{f57bd86a-516b-658c-c901-000000000f00}</Data>
      
            
      <Data Name=""ParentProcessId"">10732</Data>
      
            
      <Data Name=""ParentImage"">C:\Windows\System32\cmd.exe</Data>
      
            
      <Data Name=""ParentCommandLine"">""cmd.exe"" /c
                ""C:\AtomicRedTeam\atomics\T1016\src\qakbot.bat""</Data>
      
            
      <Data Name=""ParentUser"">WINDEV2309EVAL\User</Data>
      
        
    </EventData>
    
    
  </Event>
  
    
  
"
Microsoft-Windows-Sysmon/Operational,,,WinDev2309Eval,,,,,,,,22,19650,,,C:\Windows\System32\svchost.exe,,,0x8000000000000000,4,,,0,,,,,,,{f57bd86a-36f6-658c-1e00-000000000f00},3588,1536,,,www.msftconnecttest.com,"type: 5 ncsi-geo.trafficmanager.net;type: 5
                www.msftncsi.com.edgesuite.net;type: 5
                a1961.g2.akamai.net;::ffff:88.221.134.96;::ffff:88.221.134.129;",0,-,,,,,,2023-12-27T16:32:51.2643278Z,22,,5164,NT AUTHORITY\NETWORK SERVICE,S-1-5-18,2023-12-27 14:54:10.297,5,"<Event xmlns=""http://schemas.microsoft.com/win/2004/08/events/event"">
    
        
    <System>
      
            
      <Provider Name=""Microsoft-Windows-Sysmon"" Guid=""{5770385f-c22a-43e0-bf4c-06f5698ffbd9}""/>
      
            
      <EventID>22</EventID>
      
            
      <Version>5</Version>
      
            
      <Level>4</Level>
      
            
      <Task>22</Task>
      
            
      <Opcode>0</Opcode>
      
            
      <Keywords>0x8000000000000000</Keywords>
      
            
      <TimeCreated SystemTime=""2023-12-27T16:32:51.2643278Z""/>
      
            
      <EventRecordID>19650</EventRecordID>
      
            
      <Correlation/>
      
            
      <Execution ProcessID=""3588"" ThreadID=""5164""/>
      
            
      <Channel>Microsoft-Windows-Sysmon/Operational</Channel>
      
            
      <Computer>WinDev2309Eval</Computer>
      
            
      <Security UserID=""S-1-5-18""/>
      
        
    </System>
    
        
    <EventData>
      
            
      <Data Name=""RuleName"">-</Data>
      
            
      <Data Name=""UtcTime"">2023-12-27 14:54:10.297</Data>
      
            
      <Data Name=""ProcessGuid"">{f57bd86a-36f6-658c-1e00-000000000f00}</Data>
      
            
      <Data Name=""ProcessId"">1536</Data>
      
            
      <Data Name=""QueryName"">www.msftconnecttest.com</Data>
      
            
      <Data Name=""QueryStatus"">0</Data>
      
            
      <Data Name=""QueryResults"">type: 5 ncsi-geo.trafficmanager.net;type: 5
                www.msftncsi.com.edgesuite.net;type: 5
                a1961.g2.akamai.net;::ffff:88.221.134.96;::ffff:88.221.134.129;</Data>
      
            
      <Data Name=""Image"">C:\Windows\System32\svchost.exe</Data>
      
            
      <Data Name=""User"">NT AUTHORITY\NETWORK SERVICE</Data>
      
        
    </EventData>
    
    
  </Event>
  
    
  
"
Microsoft-Windows-Sysmon/Operational,,,WinDev2309Eval,,,-,192.168.126.2,false,53,domain,3,19649,,,C:\Windows\system32\nslookup.exe,true,,0x8000000000000000,4,,,0,,,,,,,{f57bd86a-51a6-658c-d101-000000000f00},3588,7424,,udp,,,,-,WinDev2309Eval.localdomain,192.168.126.163,false,53098,-,2023-12-27T16:32:50.7254295Z,3,,5136,WINDEV2309EVAL\User,S-1-5-18,2023-12-27 14:54:08.650,5,"<Event xmlns=""http://schemas.microsoft.com/win/2004/08/events/event"">
    
        
    <System>
      
            
      <Provider Name=""Microsoft-Windows-Sysmon"" Guid=""{5770385f-c22a-43e0-bf4c-06f5698ffbd9}""/>
      
            
      <EventID>3</EventID>
      
            
      <Version>5</Version>
      
            
      <Level>4</Level>
      
            
      <Task>3</Task>
      
            
      <Opcode>0</Opcode>
      
            
      <Keywords>0x8000000000000000</Keywords>
      
            
      <TimeCreated SystemTime=""2023-12-27T16:32:50.7254295Z""/>
      
            
      <EventRecordID>19649</EventRecordID>
      
            
      <Correlation/>
      
            
      <Execution ProcessID=""3588"" ThreadID=""5136""/>
      
            
      <Channel>Microsoft-Windows-Sysmon/Operational</Channel>
      
            
      <Computer>WinDev2309Eval</Computer>
      
            
      <Security UserID=""S-1-5-18""/>
      
        
    </System>
    
        
    <EventData>
      
            
      <Data Name=""RuleName"">-</Data>
      
            
      <Data Name=""UtcTime"">2023-12-27 14:54:08.650</Data>
      
            
      <Data Name=""ProcessGuid"">{f57bd86a-51a6-658c-d101-000000000f00}</Data>
      
            
      <Data Name=""ProcessId"">7424</Data>
      
            
      <Data Name=""Image"">C:\Windows\system32\nslookup.exe</Data>
      
            
      <Data Name=""User"">WINDEV2309EVAL\User</Data>
      
            
      <Data Name=""Protocol"">udp</Data>
      
            
      <Data Name=""Initiated"">true</Data>
      
            
      <Data Name=""SourceIsIpv6"">false</Data>
      
            
      <Data Name=""SourceIp"">192.168.126.163</Data>
      
            
      <Data Name=""SourceHostname"">WinDev2309Eval.localdomain</Data>
      
            
      <Data Name=""SourcePort"">53098</Data>
      
            
      <Data Name=""SourcePortName"">-</Data>
      
            
      <Data Name=""DestinationIsIpv6"">false</Data>
      
            
      <Data Name=""DestinationIp"">192.168.126.2</Data>
      
            
      <Data Name=""DestinationHostname"">-</Data>
      
            
      <Data Name=""DestinationPort"">53</Data>
      
            
      <Data Name=""DestinationPortName"">domain</Data>
      
        
    </EventData>
    
    
  </Event>
  
    
  
"
Microsoft-Windows-Sysmon/Operational,"""C:\Windows\uus\packages\preview\AMD64\MoUsoCoreWorker.exe""
                useprivatenamespaces",Microsoft Corporation,WinDev2309Eval,C:\Windows\system32\,MoUSO Core Worker Process,,,,,,1,19648,1213.2310.20012.0,"
                MD5=6A45C56259A1488CDE18F4FAC8F3F47E,SHA256=20A7A2B0A0D132478073F91513587FED48AE5FB0D05CBA68048C0EB6274005DA,IMPHASH=0E8628CF41D4E25C6B8CB9C2961DBE8B",C:\Windows\UUS\Packages\Preview\amd64\MoUsoCoreWorker.exe,,System,0x8000000000000000,4,{f57bd86a-36f5-658c-e703-000000000000},0x3e7,0,MoUSOCoreWorker.exe,C:\Windows\system32\svchost.exe -k netsvcs -p -s UsoSvc,C:\Windows\System32\svchost.exe,{f57bd86a-3772-658c-f100-000000000f00},8816,NT AUTHORITY\SYSTEM,{f57bd86a-51b2-658c-d301-000000000f00},3588,8068,Microsoft® Windows® Operating System,,,,,-,,,,,,2023-12-27T16:32:50.4408303Z,1,0,5124,NT AUTHORITY\SYSTEM,S-1-5-18,2023-12-27 16:32:50.439,5,"<Event xmlns=""http://schemas.microsoft.com/win/2004/08/events/event"">
    
        
    <System>
      
            
      <Provider Name=""Microsoft-Windows-Sysmon"" Guid=""{5770385f-c22a-43e0-bf4c-06f5698ffbd9}""/>
      
            
      <EventID>1</EventID>
      
            
      <Version>5</Version>
      
            
      <Level>4</Level>
      
            
      <Task>1</Task>
      
            
      <Opcode>0</Opcode>
      
            
      <Keywords>0x8000000000000000</Keywords>
      
            
      <TimeCreated SystemTime=""2023-12-27T16:32:50.4408303Z""/>
      
            
      <EventRecordID>19648</EventRecordID>
      
            
      <Correlation/>
      
            
      <Execution ProcessID=""3588"" ThreadID=""5124""/>
      
            
      <Channel>Microsoft-Windows-Sysmon/Operational</Channel>
      
            
      <Computer>WinDev2309Eval</Computer>
      
            
      <Security UserID=""S-1-5-18""/>
      
        
    </System>
    
        
    <EventData>
      
            
      <Data Name=""RuleName"">-</Data>
      
            
      <Data Name=""UtcTime"">2023-12-27 16:32:50.439</Data>
      
            
      <Data Name=""ProcessGuid"">{f57bd86a-51b2-658c-d301-000000000f00}</Data>
      
            
      <Data Name=""ProcessId"">8068</Data>
      
            
      <Data Name=""Image"">C:\Windows\UUS\Packages\Preview\amd64\MoUsoCoreWorker.exe</Data>
      
            
      <Data Name=""FileVersion"">1213.2310.20012.0</Data>
      
            
      <Data Name=""Description"">MoUSO Core Worker Process</Data>
      
            
      <Data Name=""Product"">Microsoft&#174; Windows&#174; Operating System</Data>
      
            
      <Data Name=""Company"">Microsoft Corporation</Data>
      
            
      <Data Name=""OriginalFileName"">MoUSOCoreWorker.exe</Data>
      
            
      <Data Name=""CommandLine"">""C:\Windows\uus\packages\preview\AMD64\MoUsoCoreWorker.exe""
                useprivatenamespaces</Data>
      
            
      <Data Name=""CurrentDirectory"">C:\Windows\system32\</Data>
      
            
      <Data Name=""User"">NT AUTHORITY\SYSTEM</Data>
      
            
      <Data Name=""LogonGuid"">{f57bd86a-36f5-658c-e703-000000000000}</Data>
      
            
      <Data Name=""LogonId"">0x3e7</Data>
      
            
      <Data Name=""TerminalSessionId"">0</Data>
      
            
      <Data Name=""IntegrityLevel"">System</Data>
      
            
      <Data Name=""Hashes"">
                MD5=6A45C56259A1488CDE18F4FAC8F3F47E,SHA256=20A7A2B0A0D132478073F91513587FED48AE5FB0D05CBA68048C0EB6274005DA,IMPHASH=0E8628CF41D4E25C6B8CB9C2961DBE8B</Data>
      
            
      <Data Name=""ParentProcessGuid"">{f57bd86a-3772-658c-f100-000000000f00}</Data>
      
            
      <Data Name=""ParentProcessId"">8816</Data>
      
            
      <Data Name=""ParentImage"">C:\Windows\System32\svchost.exe</Data>
      
            
      <Data Name=""ParentCommandLine"">C:\Windows\system32\svchost.exe -k netsvcs -p -s UsoSvc</Data>
      
            
      <Data Name=""ParentUser"">NT AUTHORITY\SYSTEM</Data>
      
        
    </EventData>
    
    
  </Event>
  
    
  
"
