Channel,CommandLine,Company,Computer,Contents,CreationUtcTime,CurrentDirectory,Description,EventID,EventRecordID,FileVersion,Hash,Hashes,Image,IntegrityLevel,Keywords,Level,LogonGuid,LogonId,Opcode,OriginalFileName,ParentCommandLine,ParentImage,ParentProcessGuid,ParentProcessId,ParentUser,ProcessGuid,ProcessID,ProcessId,Product,RuleName,SystemTime,TargetFilename,Task,TerminalSessionId,ThreadID,User,UserID,UtcTime,Version,raw
Microsoft-Windows-Sysmon/Operational,"""C:\Windows\system32\appidcertstorecheck.exe""",Microsoft Corporation,WinDev2309Eval,,,C:\Windows\system32\,AppID Certificate Store Verification Task,1,19578,10.0.22621.2506 (WinBuild.160101.0800),,"
                MD5=A3D3C1CF254BF1B45F5950EFAD6621AF,SHA256=82906ECB6EE934ED28839F127F7994A517B9D9C83746187246D6F226FB6A65E6,IMPHASH=7168353EDBE3AB24A184BB681FD55AE6",C:\Windows\System32\appidcertstorecheck.exe,System,0x8000000000000000,4,{f57bd86a-36f6-658c-e503-000000000000},0x3e5,0,AppIDCertstoreCheck.exe,C:\Windows\system32\svchost.exe -k netsvcs -p -s Schedule,C:\Windows\System32\svchost.exe,{f57bd86a-36f6-658c-1d00-000000000f00},1496,NT AUTHORITY\SYSTEM,{f57bd86a-5b6e-658c-c101-000000000f00},3588,1724,Microsoft® Windows® Operating System,-,2023-12-27T17:14:22.1427895Z,,1,0,5124,NT AUTHORITY\LOCAL SERVICE,S-1-5-18,2023-12-27 17:14:22.139,5,"<Event xmlns=""http://schemas.microsoft.com/win/2004/08/events/event"">
    
        
    <System>
      
            
      <Provider Name=""Microsoft-Windows-Sysmon"" Guid=""{5770385f-c22a-43e0-bf4c-06f5698ffbd9}""/>
      
            
      <EventID>1</EventID>
      
            
      <Version>5</Version>
      
            
      <Level>4</Level>
      
            
      <Task>1</Task>
      
            
      <Opcode>0</Opcode>
      
            
      <Keywords>0x8000000000000000</Keywords>
      
            
      <TimeCreated SystemTime=""2023-12-27T17:14:22.1427895Z""/>
      
            
      <EventRecordID>19578</EventRecordID>
      
            
      <Correlation/>
      
            
      <Execution ProcessID=""3588"" ThreadID=""5124""/>
      
            
      <Channel>Microsoft-Windows-Sysmon/Operational</Channel>
      
            
      <Computer>WinDev2309Eval</Computer>
      
            
      <Security UserID=""S-1-5-18""/>
      
        
    </System>
    
        
    <EventData>
      
            
      <Data Name=""RuleName"">-</Data>
      
            
      <Data Name=""UtcTime"">2023-12-27 17:14:22.139</Data>
      
            
      <Data Name=""ProcessGuid"">{f57bd86a-5b6e-658c-c101-000000000f00}</Data>
      
            
      <Data Name=""ProcessId"">1724</Data>
      
            
      <Data Name=""Image"">C:\Windows\System32\appidcertstorecheck.exe</Data>
      
            
      <Data Name=""FileVersion"">10.0.22621.2506 (WinBuild.160101.0800)</Data>
      
            
      <Data Name=""Description"">AppID Certificate Store Verification Task</Data>
      
            
      <Data Name=""Product"">Microsoft&#174; Windows&#174; Operating System</Data>
      
            
      <Data Name=""Company"">Microsoft Corporation</Data>
      
            
      <Data Name=""OriginalFileName"">AppIDCertstoreCheck.exe</Data>
      
            
      <Data Name=""CommandLine"">""C:\Windows\system32\appidcertstorecheck.exe""</Data>
      
            
      <Data Name=""CurrentDirectory"">C:\Windows\system32\</Data>
      
            
      <Data Name=""User"">NT AUTHORITY\LOCAL SERVICE</Data>
      
            
      <Data Name=""LogonGuid"">{f57bd86a-36f6-658c-e503-000000000000}</Data>
      
            
      <Data Name=""LogonId"">0x3e5</Data>
      
            
      <Data Name=""TerminalSessionId"">0</Data>
      
            
      <Data Name=""IntegrityLevel"">System</Data>
      
            
      <Data Name=""Hashes"">
                MD5=A3D3C1CF254BF1B45F5950EFAD6621AF,SHA256=82906ECB6EE934ED28839F127F7994A517B9D9C83746187246D6F226FB6A65E6,IMPHASH=7168353EDBE3AB24A184BB681FD55AE6</Data>
      
            
      <Data Name=""ParentProcessGuid"">{f57bd86a-36f6-658c-1d00-000000000f00}</Data>
      
            
      <Data Name=""ParentProcessId"">1496</Data>
      
            
      <Data Name=""ParentImage"">C:\Windows\System32\svchost.exe</Data>
      
            
      <Data Name=""ParentCommandLine"">C:\Windows\system32\svchost.exe -k netsvcs -p -s Schedule</Data>
      
            
      <Data Name=""ParentUser"">NT AUTHORITY\SYSTEM</Data>
      
        
    </EventData>
    
    
  </Event>
  
    
  
"
Microsoft-Windows-Sysmon/Operational,,,WinDev2309Eval,[ZoneTransfer] ZoneId=3 HostUrl=about:internet ,2023-12-27 17:13:57.398,,,15,19577,,"
                MD5=DCE5191790621B5E424478CA69C47F55,SHA256=86A3E68762720ABE870D1396794850220935115D3CCC8BB134FFA521244E3EF8,IMPHASH=00000000000000000000000000000000",,C:\Program Files (x86)\Microsoft\Edge\Application\msedge.exe,,0x8000000000000000,4,,,0,,,,,,,{f57bd86a-5b58-658c-bf01-000000000f00},3588,10392,,-,2023-12-27T17:14:00.2601614Z,C:\Users\User\Downloads\FeelTheBurn.iso:Zone.Identifier,15,,5124,WINDEV2309EVAL\User,S-1-5-18,2023-12-27 17:14:00.254,2,"<Event xmlns=""http://schemas.microsoft.com/win/2004/08/events/event"">
    
        
    <System>
      
            
      <Provider Name=""Microsoft-Windows-Sysmon"" Guid=""{5770385f-c22a-43e0-bf4c-06f5698ffbd9}""/>
      
            
      <EventID>15</EventID>
      
            
      <Version>2</Version>
      
            
      <Level>4</Level>
      
            
      <Task>15</Task>
      
            
      <Opcode>0</Opcode>
      
            
      <Keywords>0x8000000000000000</Keywords>
      
            
      <TimeCreated SystemTime=""2023-12-27T17:14:00.2601614Z""/>
      
            
      <EventRecordID>19577</EventRecordID>
      
            
      <Correlation/>
      
            
      <Execution ProcessID=""3588"" ThreadID=""5124""/>
      
            
      <Channel>Microsoft-Windows-Sysmon/Operational</Channel>
      
            
      <Computer>WinDev2309Eval</Computer>
      
            
      <Security UserID=""S-1-5-18""/>
      
        
    </System>
    
        
    <EventData>
      
            
      <Data Name=""RuleName"">-</Data>
      
            
      <Data Name=""UtcTime"">2023-12-27 17:14:00.254</Data>
      
            
      <Data Name=""ProcessGuid"">{f57bd86a-5b58-658c-bf01-000000000f00}</Data>
      
            
      <Data Name=""ProcessId"">10392</Data>
      
            
      <Data Name=""Image"">C:\Program Files (x86)\Microsoft\Edge\Application\msedge.exe</Data>
      
            
      <Data Name=""TargetFilename"">C:\Users\User\Downloads\FeelTheBurn.iso:Zone.Identifier</Data>
      
            
      <Data Name=""CreationUtcTime"">2023-12-27 17:13:57.398</Data>
      
            
      <Data Name=""Hash"">
                MD5=DCE5191790621B5E424478CA69C47F55,SHA256=86A3E68762720ABE870D1396794850220935115D3CCC8BB134FFA521244E3EF8,IMPHASH=00000000000000000000000000000000</Data>
      
            
      <Data Name=""Contents"">[ZoneTransfer] ZoneId=3 HostUrl=about:internet </Data>
      
            
      <Data Name=""User"">WINDEV2309EVAL\User</Data>
      
        
    </EventData>
    
    
  </Event>
  
    
  
"
Microsoft-Windows-Sysmon/Operational,,,WinDev2309Eval,"
                https://github.com/redcanaryco/atomic-red-team/blob/d0dad62dbcae9c60c519368e82c196a3db577055/atomics/T1553.005/bin/FeelTheBurn.iso?raw=true",2023-12-27 17:13:57.398,,,15,19576,,"
                MD5=9F1BFCC53A6F18669E7023B0F848F671,SHA256=3AC594CC5A7E19D54E3874DF5ED5B31F0380201AE98A314D8C7B8287CAF7FD70,IMPHASH=00000000000000000000000000000000",,C:\Program Files (x86)\Microsoft\Edge\Application\msedge.exe,,0x8000000000000000,4,,,0,,,,,,,{f57bd86a-5b58-658c-bf01-000000000f00},3588,10392,,-,2023-12-27T17:14:00.2598780Z,C:\Users\User\Downloads\FeelTheBurn.iso,15,,5124,WINDEV2309EVAL\User,S-1-5-18,2023-12-27 17:14:00.254,2,"<Event xmlns=""http://schemas.microsoft.com/win/2004/08/events/event"">
    
        
    <System>
      
            
      <Provider Name=""Microsoft-Windows-Sysmon"" Guid=""{5770385f-c22a-43e0-bf4c-06f5698ffbd9}""/>
      
            
      <EventID>15</EventID>
      
            
      <Version>2</Version>
      
            
      <Level>4</Level>
      
            
      <Task>15</Task>
      
            
      <Opcode>0</Opcode>
      
            
      <Keywords>0x8000000000000000</Keywords>
      
            
      <TimeCreated SystemTime=""2023-12-27T17:14:00.2598780Z""/>
      
            
      <EventRecordID>19576</EventRecordID>
      
            
      <Correlation/>
      
            
      <Execution ProcessID=""3588"" ThreadID=""5124""/>
      
            
      <Channel>Microsoft-Windows-Sysmon/Operational</Channel>
      
            
      <Computer>WinDev2309Eval</Computer>
      
            
      <Security UserID=""S-1-5-18""/>
      
        
    </System>
    
        
    <EventData>
      
            
      <Data Name=""RuleName"">-</Data>
      
            
      <Data Name=""UtcTime"">2023-12-27 17:14:00.254</Data>
      
            
      <Data Name=""ProcessGuid"">{f57bd86a-5b58-658c-bf01-000000000f00}</Data>
      
            
      <Data Name=""ProcessId"">10392</Data>
      
            
      <Data Name=""Image"">C:\Program Files (x86)\Microsoft\Edge\Application\msedge.exe</Data>
      
            
      <Data Name=""TargetFilename"">C:\Users\User\Downloads\FeelTheBurn.iso</Data>
      
            
      <Data Name=""CreationUtcTime"">2023-12-27 17:13:57.398</Data>
      
            
      <Data Name=""Hash"">
                MD5=9F1BFCC53A6F18669E7023B0F848F671,SHA256=3AC594CC5A7E19D54E3874DF5ED5B31F0380201AE98A314D8C7B8287CAF7FD70,IMPHASH=00000000000000000000000000000000</Data>
      
            
      <Data Name=""Contents"">
                https://github.com/redcanaryco/atomic-red-team/blob/d0dad62dbcae9c60c519368e82c196a3db577055/atomics/T1553.005/bin/FeelTheBurn.iso?raw=true</Data>
      
            
      <Data Name=""User"">WINDEV2309EVAL\User</Data>
      
        
    </EventData>
    
    
  </Event>
  
    
  
"
Microsoft-Windows-Sysmon/Operational,,,WinDev2309Eval,[ZoneTransfer] ZoneId=3 ,2023-12-27 17:13:57.398,,,15,19575,,"
                MD5=FBCCF14D504B7B2DBCB5A5BDA75BD93B,SHA256=EACD09517CE90D34BA562171D15AC40D302F0E691B439F91BE1B6406E25F5913,IMPHASH=00000000000000000000000000000000",,C:\Program Files (x86)\Microsoft\Edge\Application\msedge.exe,,0x8000000000000000,4,,,0,,,,,,,{f57bd86a-5b58-658c-bf01-000000000f00},3588,10392,,-,2023-12-27T17:14:00.2596084Z,C:\Users\User\Downloads\FeelTheBurn.iso:Zone.Identifier,15,,5124,WINDEV2309EVAL\User,S-1-5-18,2023-12-27 17:14:00.254,2,"<Event xmlns=""http://schemas.microsoft.com/win/2004/08/events/event"">
    
        
    <System>
      
            
      <Provider Name=""Microsoft-Windows-Sysmon"" Guid=""{5770385f-c22a-43e0-bf4c-06f5698ffbd9}""/>
      
            
      <EventID>15</EventID>
      
            
      <Version>2</Version>
      
            
      <Level>4</Level>
      
            
      <Task>15</Task>
      
            
      <Opcode>0</Opcode>
      
            
      <Keywords>0x8000000000000000</Keywords>
      
            
      <TimeCreated SystemTime=""2023-12-27T17:14:00.2596084Z""/>
      
            
      <EventRecordID>19575</EventRecordID>
      
            
      <Correlation/>
      
            
      <Execution ProcessID=""3588"" ThreadID=""5124""/>
      
            
      <Channel>Microsoft-Windows-Sysmon/Operational</Channel>
      
            
      <Computer>WinDev2309Eval</Computer>
      
            
      <Security UserID=""S-1-5-18""/>
      
        
    </System>
    
        
    <EventData>
      
            
      <Data Name=""RuleName"">-</Data>
      
            
      <Data Name=""UtcTime"">2023-12-27 17:14:00.254</Data>
      
            
      <Data Name=""ProcessGuid"">{f57bd86a-5b58-658c-bf01-000000000f00}</Data>
      
            
      <Data Name=""ProcessId"">10392</Data>
      
            
      <Data Name=""Image"">C:\Program Files (x86)\Microsoft\Edge\Application\msedge.exe</Data>
      
            
      <Data Name=""TargetFilename"">C:\Users\User\Downloads\FeelTheBurn.iso:Zone.Identifier</Data>
      
            
      <Data Name=""CreationUtcTime"">2023-12-27 17:13:57.398</Data>
      
            
      <Data Name=""Hash"">
                MD5=FBCCF14D504B7B2DBCB5A5BDA75BD93B,SHA256=EACD09517CE90D34BA562171D15AC40D302F0E691B439F91BE1B6406E25F5913,IMPHASH=00000000000000000000000000000000</Data>
      
            
      <Data Name=""Contents"">[ZoneTransfer] ZoneId=3 </Data>
      
            
      <Data Name=""User"">WINDEV2309EVAL\User</Data>
      
        
    </EventData>
    
    
  </Event>
  
    
  
"
Microsoft-Windows-Sysmon/Operational,,,WinDev2309Eval,,2023-12-27 17:13:57.398,,,11,19574,,,,C:\Program Files (x86)\Microsoft\Edge\Application\msedge.exe,,0x8000000000000000,4,,,0,,,,,,,{f57bd86a-5b58-658c-bf01-000000000f00},3588,10392,,Downloads,2023-12-27T17:14:00.2593343Z,C:\Users\User\Downloads\FeelTheBurn.iso:Zone.Identifier,11,,5124,WINDEV2309EVAL\User,S-1-5-18,2023-12-27 17:14:00.254,2,"<Event xmlns=""http://schemas.microsoft.com/win/2004/08/events/event"">
    
        
    <System>
      
            
      <Provider Name=""Microsoft-Windows-Sysmon"" Guid=""{5770385f-c22a-43e0-bf4c-06f5698ffbd9}""/>
      
            
      <EventID>11</EventID>
      
            
      <Version>2</Version>
      
            
      <Level>4</Level>
      
            
      <Task>11</Task>
      
            
      <Opcode>0</Opcode>
      
            
      <Keywords>0x8000000000000000</Keywords>
      
            
      <TimeCreated SystemTime=""2023-12-27T17:14:00.2593343Z""/>
      
            
      <EventRecordID>19574</EventRecordID>
      
            
      <Correlation/>
      
            
      <Execution ProcessID=""3588"" ThreadID=""5124""/>
      
            
      <Channel>Microsoft-Windows-Sysmon/Operational</Channel>
      
            
      <Computer>WinDev2309Eval</Computer>
      
            
      <Security UserID=""S-1-5-18""/>
      
        
    </System>
    
        
    <EventData>
      
            
      <Data Name=""RuleName"">Downloads</Data>
      
            
      <Data Name=""UtcTime"">2023-12-27 17:14:00.254</Data>
      
            
      <Data Name=""ProcessGuid"">{f57bd86a-5b58-658c-bf01-000000000f00}</Data>
      
            
      <Data Name=""ProcessId"">10392</Data>
      
            
      <Data Name=""Image"">C:\Program Files (x86)\Microsoft\Edge\Application\msedge.exe</Data>
      
            
      <Data Name=""TargetFilename"">C:\Users\User\Downloads\FeelTheBurn.iso:Zone.Identifier</Data>
      
            
      <Data Name=""CreationUtcTime"">2023-12-27 17:13:57.398</Data>
      
            
      <Data Name=""User"">WINDEV2309EVAL\User</Data>
      
        
    </EventData>
    
    
  </Event>
  
    
  
"
Microsoft-Windows-Sysmon/Operational,,,WinDev2309Eval,"
                https://github.com/redcanaryco/atomic-red-team/blob/d0dad62dbcae9c60c519368e82c196a3db577055/atomics/T1553.005/bin/FeelTheBurn.iso?raw=true",2023-12-27 17:13:57.398,,,15,19573,,"
                MD5=9F1BFCC53A6F18669E7023B0F848F671,SHA256=3AC594CC5A7E19D54E3874DF5ED5B31F0380201AE98A314D8C7B8287CAF7FD70,IMPHASH=00000000000000000000000000000000",,C:\Program Files (x86)\Microsoft\Edge\Application\msedge.exe,,0x8000000000000000,4,,,0,,,,,,,{f57bd86a-5b58-658c-bf01-000000000f00},3588,10392,,-,2023-12-27T17:14:00.2593023Z,C:\Users\User\Downloads\FeelTheBurn.iso,15,,5124,WINDEV2309EVAL\User,S-1-5-18,2023-12-27 17:14:00.254,2,"<Event xmlns=""http://schemas.microsoft.com/win/2004/08/events/event"">
    
        
    <System>
      
            
      <Provider Name=""Microsoft-Windows-Sysmon"" Guid=""{5770385f-c22a-43e0-bf4c-06f5698ffbd9}""/>
      
            
      <EventID>15</EventID>
      
            
      <Version>2</Version>
      
            
      <Level>4</Level>
      
            
      <Task>15</Task>
      
            
      <Opcode>0</Opcode>
      
            
      <Keywords>0x8000000000000000</Keywords>
      
            
      <TimeCreated SystemTime=""2023-12-27T17:14:00.2593023Z""/>
      
            
      <EventRecordID>19573</EventRecordID>
      
            
      <Correlation/>
      
            
      <Execution ProcessID=""3588"" ThreadID=""5124""/>
      
            
      <Channel>Microsoft-Windows-Sysmon/Operational</Channel>
      
            
      <Computer>WinDev2309Eval</Computer>
      
            
      <Security UserID=""S-1-5-18""/>
      
        
    </System>
    
        
    <EventData>
      
            
      <Data Name=""RuleName"">-</Data>
      
            
      <Data Name=""UtcTime"">2023-12-27 17:14:00.254</Data>
      
            
      <Data Name=""ProcessGuid"">{f57bd86a-5b58-658c-bf01-000000000f00}</Data>
      
            
      <Data Name=""ProcessId"">10392</Data>
      
            
      <Data Name=""Image"">C:\Program Files (x86)\Microsoft\Edge\Application\msedge.exe</Data>
      
            
      <Data Name=""TargetFilename"">C:\Users\User\Downloads\FeelTheBurn.iso</Data>
      
            
      <Data Name=""CreationUtcTime"">2023-12-27 17:13:57.398</Data>
      
            
      <Data Name=""Hash"">
                MD5=9F1BFCC53A6F18669E7023B0F848F671,SHA256=3AC594CC5A7E19D54E3874DF5ED5B31F0380201AE98A314D8C7B8287CAF7FD70,IMPHASH=00000000000000000000000000000000</Data>
      
            
      <Data Name=""Contents"">
                https://github.com/redcanaryco/atomic-red-team/blob/d0dad62dbcae9c60c519368e82c196a3db577055/atomics/T1553.005/bin/FeelTheBurn.iso?raw=true</Data>
      
            
      <Data Name=""User"">WINDEV2309EVAL\User</Data>
      
        
    </EventData>
    
    
  </Event>
  
    
  
"
Microsoft-Windows-Sysmon/Operational,"""C:\Program Files (x86)\Microsoft\Edge\Application\msedge.exe""
                --type=utility --utility-sub-type=quarantine.mojom.Quarantine --lang=en-US
                --service-sandbox-type=none --mojo-platform-channel-handle=6816
                --field-trial-handle=2304,i,1900658936507977673,6802071488772569175,262144
                --variations-seed-version /prefetch:8",Microsoft Corporation,WinDev2309Eval,,,"C:\Program Files
                (x86)\Microsoft\Edge\Application\120.0.2210.91\",Microsoft Edge,1,19572,120.0.2210.91,,"
                MD5=F6E7A024CC79AC12294D0DA6072C5073,SHA256=628792B5B5A4D71B8D66B1A1C6B775B84E3A5E64C0C05B8D7138164FBAD5C21A,IMPHASH=EA4CA1F8E3B3D9373D39C13FD1348A63",C:\Program Files (x86)\Microsoft\Edge\Application\msedge.exe,Medium,0x8000000000000000,4,{f57bd86a-36f9-658c-7bf8-020000000000},0x2f87b,0,msedge.exe,"""C:\Program Files
                (x86)\Microsoft\Edge\Application\msedge.exe"" --no-startup-window --win-session-start",C:\Program Files (x86)\Microsoft\Edge\Application\msedge.exe,{f57bd86a-3714-658c-a600-000000000f00},7316,WINDEV2309EVAL\User,{f57bd86a-5b58-658c-bf01-000000000f00},3588,10392,Microsoft Edge,-,2023-12-27T17:14:00.1326066Z,,1,1,5124,WINDEV2309EVAL\User,S-1-5-18,2023-12-27 17:14:00.129,5,"<Event xmlns=""http://schemas.microsoft.com/win/2004/08/events/event"">
    
        
    <System>
      
            
      <Provider Name=""Microsoft-Windows-Sysmon"" Guid=""{5770385f-c22a-43e0-bf4c-06f5698ffbd9}""/>
      
            
      <EventID>1</EventID>
      
            
      <Version>5</Version>
      
            
      <Level>4</Level>
      
            
      <Task>1</Task>
      
            
      <Opcode>0</Opcode>
      
            
      <Keywords>0x8000000000000000</Keywords>
      
            
      <TimeCreated SystemTime=""2023-12-27T17:14:00.1326066Z""/>
      
            
      <EventRecordID>19572</EventRecordID>
      
            
      <Correlation/>
      
            
      <Execution ProcessID=""3588"" ThreadID=""5124""/>
      
            
      <Channel>Microsoft-Windows-Sysmon/Operational</Channel>
      
            
      <Computer>WinDev2309Eval</Computer>
      
            
      <Security UserID=""S-1-5-18""/>
      
        
    </System>
    
        
    <EventData>
      
            
      <Data Name=""RuleName"">-</Data>
      
            
      <Data Name=""UtcTime"">2023-12-27 17:14:00.129</Data>
      
            
      <Data Name=""ProcessGuid"">{f57bd86a-5b58-658c-bf01-000000000f00}</Data>
      
            
      <Data Name=""ProcessId"">10392</Data>
      
            
      <Data Name=""Image"">C:\Program Files (x86)\Microsoft\Edge\Application\msedge.exe</Data>
      
            
      <Data Name=""FileVersion"">120.0.2210.91</Data>
      
            
      <Data Name=""Description"">Microsoft Edge</Data>
      
            
      <Data Name=""Product"">Microsoft Edge</Data>
      
            
      <Data Name=""Company"">Microsoft Corporation</Data>
      
            
      <Data Name=""OriginalFileName"">msedge.exe</Data>
      
            
      <Data Name=""CommandLine"">""C:\Program Files (x86)\Microsoft\Edge\Application\msedge.exe""
                --type=utility --utility-sub-type=quarantine.mojom.Quarantine --lang=en-US
                --service-sandbox-type=none --mojo-platform-channel-handle=6816
                --field-trial-handle=2304,i,1900658936507977673,6802071488772569175,262144
                --variations-seed-version /prefetch:8</Data>
      
            
      <Data Name=""CurrentDirectory"">C:\Program Files
                (x86)\Microsoft\Edge\Application\120.0.2210.91\</Data>
      
            
      <Data Name=""User"">WINDEV2309EVAL\User</Data>
      
            
      <Data Name=""LogonGuid"">{f57bd86a-36f9-658c-7bf8-020000000000}</Data>
      
            
      <Data Name=""LogonId"">0x2f87b</Data>
      
            
      <Data Name=""TerminalSessionId"">1</Data>
      
            
      <Data Name=""IntegrityLevel"">Medium</Data>
      
            
      <Data Name=""Hashes"">
                MD5=F6E7A024CC79AC12294D0DA6072C5073,SHA256=628792B5B5A4D71B8D66B1A1C6B775B84E3A5E64C0C05B8D7138164FBAD5C21A,IMPHASH=EA4CA1F8E3B3D9373D39C13FD1348A63</Data>
      
            
      <Data Name=""ParentProcessGuid"">{f57bd86a-3714-658c-a600-000000000f00}</Data>
      
            
      <Data Name=""ParentProcessId"">7316</Data>
      
            
      <Data Name=""ParentImage"">C:\Program Files (x86)\Microsoft\Edge\Application\msedge.exe</Data>
      
            
      <Data Name=""ParentCommandLine"">""C:\Program Files
                (x86)\Microsoft\Edge\Application\msedge.exe"" --no-startup-window --win-session-start</Data>
      
            
      <Data Name=""ParentUser"">WINDEV2309EVAL\User</Data>
      
        
    </EventData>
    
    
  </Event>
  
    
  
"
Microsoft-Windows-Sysmon/Operational,,,WinDev2309Eval,,2023-12-27 17:13:57.398,,,11,19571,,,,C:\Program Files (x86)\Microsoft\Edge\Application\msedge.exe,,0x8000000000000000,4,,,0,,,,,,,{f57bd86a-3714-658c-a600-000000000f00},3588,7316,,Downloads,2023-12-27T17:13:57.4256876Z,"
                C:\Users\User\Downloads\60be460c-44ab-4ce3-a677-25cc2699b0e1.tmp",11,,5124,WINDEV2309EVAL\User,S-1-5-18,2023-12-27 17:13:57.398,2,"<Event xmlns=""http://schemas.microsoft.com/win/2004/08/events/event"">
    
        
    <System>
      
            
      <Provider Name=""Microsoft-Windows-Sysmon"" Guid=""{5770385f-c22a-43e0-bf4c-06f5698ffbd9}""/>
      
            
      <EventID>11</EventID>
      
            
      <Version>2</Version>
      
            
      <Level>4</Level>
      
            
      <Task>11</Task>
      
            
      <Opcode>0</Opcode>
      
            
      <Keywords>0x8000000000000000</Keywords>
      
            
      <TimeCreated SystemTime=""2023-12-27T17:13:57.4256876Z""/>
      
            
      <EventRecordID>19571</EventRecordID>
      
            
      <Correlation/>
      
            
      <Execution ProcessID=""3588"" ThreadID=""5124""/>
      
            
      <Channel>Microsoft-Windows-Sysmon/Operational</Channel>
      
            
      <Computer>WinDev2309Eval</Computer>
      
            
      <Security UserID=""S-1-5-18""/>
      
        
    </System>
    
        
    <EventData>
      
            
      <Data Name=""RuleName"">Downloads</Data>
      
            
      <Data Name=""UtcTime"">2023-12-27 17:13:57.398</Data>
      
            
      <Data Name=""ProcessGuid"">{f57bd86a-3714-658c-a600-000000000f00}</Data>
      
            
      <Data Name=""ProcessId"">7316</Data>
      
            
      <Data Name=""Image"">C:\Program Files (x86)\Microsoft\Edge\Application\msedge.exe</Data>
      
            
      <Data Name=""TargetFilename"">
                C:\Users\User\Downloads\60be460c-44ab-4ce3-a677-25cc2699b0e1.tmp</Data>
      
            
      <Data Name=""CreationUtcTime"">2023-12-27 17:13:57.398</Data>
      
            
      <Data Name=""User"">WINDEV2309EVAL\User</Data>
      
        
    </EventData>
    
    
  </Event>
  
    
  
"
Microsoft-Windows-Sysmon/Operational,"""C:\Program Files (x86)\Microsoft\Edge\Application\msedge.exe""
                --single-argument C:\AtomicRedTeam\atomics\T1027.006\bin\T1027_006_remote.html",Microsoft Corporation,WinDev2309Eval,,,C:\Users\User\AppData\Local\Temp\,Microsoft Edge,1,19570,120.0.2210.91,,"
                MD5=F6E7A024CC79AC12294D0DA6072C5073,SHA256=628792B5B5A4D71B8D66B1A1C6B775B84E3A5E64C0C05B8D7138164FBAD5C21A,IMPHASH=EA4CA1F8E3B3D9373D39C13FD1348A63",C:\Program Files (x86)\Microsoft\Edge\Application\msedge.exe,Medium,0x8000000000000000,4,{f57bd86a-36f9-658c-7bf8-020000000000},0x2f87b,0,msedge.exe,"""powershell.exe"" & {&
                \""""C:\AtomicRedTeam\atomics\T1027.006\bin\T1027_006_remote.html\""""}",C:\Windows\System32\WindowsPowerShell\v1.0\powershell.exe,{f57bd86a-5b54-658c-b901-000000000f00},5172,WINDEV2309EVAL\User,{f57bd86a-5b55-658c-bb01-000000000f00},3588,2912,Microsoft Edge,-,2023-12-27T17:13:57.1782090Z,,1,1,5124,WINDEV2309EVAL\User,S-1-5-18,2023-12-27 17:13:57.177,5,"<Event xmlns=""http://schemas.microsoft.com/win/2004/08/events/event"">
    
        
    <System>
      
            
      <Provider Name=""Microsoft-Windows-Sysmon"" Guid=""{5770385f-c22a-43e0-bf4c-06f5698ffbd9}""/>
      
            
      <EventID>1</EventID>
      
            
      <Version>5</Version>
      
            
      <Level>4</Level>
      
            
      <Task>1</Task>
      
            
      <Opcode>0</Opcode>
      
            
      <Keywords>0x8000000000000000</Keywords>
      
            
      <TimeCreated SystemTime=""2023-12-27T17:13:57.1782090Z""/>
      
            
      <EventRecordID>19570</EventRecordID>
      
            
      <Correlation/>
      
            
      <Execution ProcessID=""3588"" ThreadID=""5124""/>
      
            
      <Channel>Microsoft-Windows-Sysmon/Operational</Channel>
      
            
      <Computer>WinDev2309Eval</Computer>
      
            
      <Security UserID=""S-1-5-18""/>
      
        
    </System>
    
        
    <EventData>
      
            
      <Data Name=""RuleName"">-</Data>
      
            
      <Data Name=""UtcTime"">2023-12-27 17:13:57.177</Data>
      
            
      <Data Name=""ProcessGuid"">{f57bd86a-5b55-658c-bb01-000000000f00}</Data>
      
            
      <Data Name=""ProcessId"">2912</Data>
      
            
      <Data Name=""Image"">C:\Program Files (x86)\Microsoft\Edge\Application\msedge.exe</Data>
      
            
      <Data Name=""FileVersion"">120.0.2210.91</Data>
      
            
      <Data Name=""Description"">Microsoft Edge</Data>
      
            
      <Data Name=""Product"">Microsoft Edge</Data>
      
            
      <Data Name=""Company"">Microsoft Corporation</Data>
      
            
      <Data Name=""OriginalFileName"">msedge.exe</Data>
      
            
      <Data Name=""CommandLine"">""C:\Program Files (x86)\Microsoft\Edge\Application\msedge.exe""
                --single-argument C:\AtomicRedTeam\atomics\T1027.006\bin\T1027_006_remote.html</Data>
      
            
      <Data Name=""CurrentDirectory"">C:\Users\User\AppData\Local\Temp\</Data>
      
            
      <Data Name=""User"">WINDEV2309EVAL\User</Data>
      
            
      <Data Name=""LogonGuid"">{f57bd86a-36f9-658c-7bf8-020000000000}</Data>
      
            
      <Data Name=""LogonId"">0x2f87b</Data>
      
            
      <Data Name=""TerminalSessionId"">1</Data>
      
            
      <Data Name=""IntegrityLevel"">Medium</Data>
      
            
      <Data Name=""Hashes"">
                MD5=F6E7A024CC79AC12294D0DA6072C5073,SHA256=628792B5B5A4D71B8D66B1A1C6B775B84E3A5E64C0C05B8D7138164FBAD5C21A,IMPHASH=EA4CA1F8E3B3D9373D39C13FD1348A63</Data>
      
            
      <Data Name=""ParentProcessGuid"">{f57bd86a-5b54-658c-b901-000000000f00}</Data>
      
            
      <Data Name=""ParentProcessId"">5172</Data>
      
            
      <Data Name=""ParentImage"">C:\Windows\System32\WindowsPowerShell\v1.0\powershell.exe</Data>
      
            
      <Data Name=""ParentCommandLine"">""powershell.exe"" &amp; {&amp;
                \""""C:\AtomicRedTeam\atomics\T1027.006\bin\T1027_006_remote.html\""""}</Data>
      
            
      <Data Name=""ParentUser"">WINDEV2309EVAL\User</Data>
      
        
    </EventData>
    
    
  </Event>
  
    
  
"
Microsoft-Windows-Sysmon/Operational,,,WinDev2309Eval,,2023-12-27 17:13:56.235,,,11,19569,,,,C:\Windows\System32\WindowsPowerShell\v1.0\powershell.exe,,0x8000000000000000,4,,,0,,,,,,,{f57bd86a-5b54-658c-b901-000000000f00},3588,5172,,-,2023-12-27T17:13:56.2453135Z,"
                C:\Users\User\AppData\Local\Temp\__PSScriptPolicyTest_sbwogeuf.rce.ps1",11,,5124,WINDEV2309EVAL\User,S-1-5-18,2023-12-27 17:13:56.235,2,"<Event xmlns=""http://schemas.microsoft.com/win/2004/08/events/event"">
    
        
    <System>
      
            
      <Provider Name=""Microsoft-Windows-Sysmon"" Guid=""{5770385f-c22a-43e0-bf4c-06f5698ffbd9}""/>
      
            
      <EventID>11</EventID>
      
            
      <Version>2</Version>
      
            
      <Level>4</Level>
      
            
      <Task>11</Task>
      
            
      <Opcode>0</Opcode>
      
            
      <Keywords>0x8000000000000000</Keywords>
      
            
      <TimeCreated SystemTime=""2023-12-27T17:13:56.2453135Z""/>
      
            
      <EventRecordID>19569</EventRecordID>
      
            
      <Correlation/>
      
            
      <Execution ProcessID=""3588"" ThreadID=""5124""/>
      
            
      <Channel>Microsoft-Windows-Sysmon/Operational</Channel>
      
            
      <Computer>WinDev2309Eval</Computer>
      
            
      <Security UserID=""S-1-5-18""/>
      
        
    </System>
    
        
    <EventData>
      
            
      <Data Name=""RuleName"">-</Data>
      
            
      <Data Name=""UtcTime"">2023-12-27 17:13:56.235</Data>
      
            
      <Data Name=""ProcessGuid"">{f57bd86a-5b54-658c-b901-000000000f00}</Data>
      
            
      <Data Name=""ProcessId"">5172</Data>
      
            
      <Data Name=""Image"">C:\Windows\System32\WindowsPowerShell\v1.0\powershell.exe</Data>
      
            
      <Data Name=""TargetFilename"">
                C:\Users\User\AppData\Local\Temp\__PSScriptPolicyTest_sbwogeuf.rce.ps1</Data>
      
            
      <Data Name=""CreationUtcTime"">2023-12-27 17:13:56.235</Data>
      
            
      <Data Name=""User"">WINDEV2309EVAL\User</Data>
      
        
    </EventData>
    
    
  </Event>
  
    
  
"
Microsoft-Windows-Sysmon/Operational,"""powershell.exe"" & {&
                \""""C:\AtomicRedTeam\atomics\T1027.006\bin\T1027_006_remote.html\""""}",Microsoft Corporation,WinDev2309Eval,,,C:\Users\User\AppData\Local\Temp\,Windows PowerShell,1,19568,10.0.22621.2506 (WinBuild.160101.0800),,"
                MD5=2D1D70C92A419D9079B047954C611886,SHA256=C50057756CDB25D481CF2502ABCEF124F864C27618C5057468BFC6B82B2C4EDD,IMPHASH=E09C4F82A1DA13A09F4FF2E625FEBA20",C:\Windows\System32\WindowsPowerShell\v1.0\powershell.exe,Medium,0x8000000000000000,4,{f57bd86a-36f9-658c-7bf8-020000000000},0x2f87b,0,PowerShell.EXE,-,-,{00000000-0000-0000-0000-000000000000},1688,-,{f57bd86a-5b54-658c-b901-000000000f00},3588,5172,Microsoft® Windows® Operating System,-,2023-12-27T17:13:56.1100566Z,,1,1,5124,WINDEV2309EVAL\User,S-1-5-18,2023-12-27 17:13:56.108,5,"<Event xmlns=""http://schemas.microsoft.com/win/2004/08/events/event"">
    
        
    <System>
      
            
      <Provider Name=""Microsoft-Windows-Sysmon"" Guid=""{5770385f-c22a-43e0-bf4c-06f5698ffbd9}""/>
      
            
      <EventID>1</EventID>
      
            
      <Version>5</Version>
      
            
      <Level>4</Level>
      
            
      <Task>1</Task>
      
            
      <Opcode>0</Opcode>
      
            
      <Keywords>0x8000000000000000</Keywords>
      
            
      <TimeCreated SystemTime=""2023-12-27T17:13:56.1100566Z""/>
      
            
      <EventRecordID>19568</EventRecordID>
      
            
      <Correlation/>
      
            
      <Execution ProcessID=""3588"" ThreadID=""5124""/>
      
            
      <Channel>Microsoft-Windows-Sysmon/Operational</Channel>
      
            
      <Computer>WinDev2309Eval</Computer>
      
            
      <Security UserID=""S-1-5-18""/>
      
        
    </System>
    
        
    <EventData>
      
            
      <Data Name=""RuleName"">-</Data>
      
            
      <Data Name=""UtcTime"">2023-12-27 17:13:56.108</Data>
      
            
      <Data Name=""ProcessGuid"">{f57bd86a-5b54-658c-b901-000000000f00}</Data>
      
            
      <Data Name=""ProcessId"">5172</Data>
      
            
      <Data Name=""Image"">C:\Windows\System32\WindowsPowerShell\v1.0\powershell.exe</Data>
      
            
      <Data Name=""FileVersion"">10.0.22621.2506 (WinBuild.160101.0800)</Data>
      
            
      <Data Name=""Description"">Windows PowerShell</Data>
      
            
      <Data Name=""Product"">Microsoft&#174; Windows&#174; Operating System</Data>
      
            
      <Data Name=""Company"">Microsoft Corporation</Data>
      
            
      <Data Name=""OriginalFileName"">PowerShell.EXE</Data>
      
            
      <Data Name=""CommandLine"">""powershell.exe"" &amp; {&amp;
                \""""C:\AtomicRedTeam\atomics\T1027.006\bin\T1027_006_remote.html\""""}</Data>
      
            
      <Data Name=""CurrentDirectory"">C:\Users\User\AppData\Local\Temp\</Data>
      
            
      <Data Name=""User"">WINDEV2309EVAL\User</Data>
      
            
      <Data Name=""LogonGuid"">{f57bd86a-36f9-658c-7bf8-020000000000}</Data>
      
            
      <Data Name=""LogonId"">0x2f87b</Data>
      
            
      <Data Name=""TerminalSessionId"">1</Data>
      
            
      <Data Name=""IntegrityLevel"">Medium</Data>
      
            
      <Data Name=""Hashes"">
                MD5=2D1D70C92A419D9079B047954C611886,SHA256=C50057756CDB25D481CF2502ABCEF124F864C27618C5057468BFC6B82B2C4EDD,IMPHASH=E09C4F82A1DA13A09F4FF2E625FEBA20</Data>
      
            
      <Data Name=""ParentProcessGuid"">{00000000-0000-0000-0000-000000000000}</Data>
      
            
      <Data Name=""ParentProcessId"">1688</Data>
      
            
      <Data Name=""ParentImage"">-</Data>
      
            
      <Data Name=""ParentCommandLine"">-</Data>
      
            
      <Data Name=""ParentUser"">-</Data>
      
        
    </EventData>
    
    
  </Event>
  
    
  
"
Microsoft-Windows-Sysmon/Operational,"""C:\Windows\system32\whoami.exe""",Microsoft Corporation,WinDev2309Eval,,,C:\Users\User\,whoami - displays logged on user information,1,19567,10.0.22621.1 (WinBuild.160101.0800),,"
                MD5=E0F37DB23E4F3163159A815610DF8CF2,SHA256=574BC2A2995FE2B1F732CCD39F2D99460ACE980AF29EFDF1EB0D3E888BE7D6F0,IMPHASH=62935820E434AF643547B7F5F5BD0292",C:\Windows\System32\whoami.exe,Medium,0x8000000000000000,4,{f57bd86a-36f9-658c-7bf8-020000000000},0x2f87b,0,whoami.exe,-,-,{00000000-0000-0000-0000-000000000000},1688,-,{f57bd86a-5b53-658c-b801-000000000f00},3588,8732,Microsoft® Windows® Operating System,-,2023-12-27T17:13:55.0833538Z,,1,1,5124,WINDEV2309EVAL\User,S-1-5-18,2023-12-27 17:13:55.080,5,"<Event xmlns=""http://schemas.microsoft.com/win/2004/08/events/event"">
    
        
    <System>
      
            
      <Provider Name=""Microsoft-Windows-Sysmon"" Guid=""{5770385f-c22a-43e0-bf4c-06f5698ffbd9}""/>
      
            
      <EventID>1</EventID>
      
            
      <Version>5</Version>
      
            
      <Level>4</Level>
      
            
      <Task>1</Task>
      
            
      <Opcode>0</Opcode>
      
            
      <Keywords>0x8000000000000000</Keywords>
      
            
      <TimeCreated SystemTime=""2023-12-27T17:13:55.0833538Z""/>
      
            
      <EventRecordID>19567</EventRecordID>
      
            
      <Correlation/>
      
            
      <Execution ProcessID=""3588"" ThreadID=""5124""/>
      
            
      <Channel>Microsoft-Windows-Sysmon/Operational</Channel>
      
            
      <Computer>WinDev2309Eval</Computer>
      
            
      <Security UserID=""S-1-5-18""/>
      
        
    </System>
    
        
    <EventData>
      
            
      <Data Name=""RuleName"">-</Data>
      
            
      <Data Name=""UtcTime"">2023-12-27 17:13:55.080</Data>
      
            
      <Data Name=""ProcessGuid"">{f57bd86a-5b53-658c-b801-000000000f00}</Data>
      
            
      <Data Name=""ProcessId"">8732</Data>
      
            
      <Data Name=""Image"">C:\Windows\System32\whoami.exe</Data>
      
            
      <Data Name=""FileVersion"">10.0.22621.1 (WinBuild.160101.0800)</Data>
      
            
      <Data Name=""Description"">whoami - displays logged on user information</Data>
      
            
      <Data Name=""Product"">Microsoft&#174; Windows&#174; Operating System</Data>
      
            
      <Data Name=""Company"">Microsoft Corporation</Data>
      
            
      <Data Name=""OriginalFileName"">whoami.exe</Data>
      
            
      <Data Name=""CommandLine"">""C:\Windows\system32\whoami.exe""</Data>
      
            
      <Data Name=""CurrentDirectory"">C:\Users\User\</Data>
      
            
      <Data Name=""User"">WINDEV2309EVAL\User</Data>
      
            
      <Data Name=""LogonGuid"">{f57bd86a-36f9-658c-7bf8-020000000000}</Data>
      
            
      <Data Name=""LogonId"">0x2f87b</Data>
      
            
      <Data Name=""TerminalSessionId"">1</Data>
      
            
      <Data Name=""IntegrityLevel"">Medium</Data>
      
            
      <Data Name=""Hashes"">
                MD5=E0F37DB23E4F3163159A815610DF8CF2,SHA256=574BC2A2995FE2B1F732CCD39F2D99460ACE980AF29EFDF1EB0D3E888BE7D6F0,IMPHASH=62935820E434AF643547B7F5F5BD0292</Data>
      
            
      <Data Name=""ParentProcessGuid"">{00000000-0000-0000-0000-000000000000}</Data>
      
            
      <Data Name=""ParentProcessId"">1688</Data>
      
            
      <Data Name=""ParentImage"">-</Data>
      
            
      <Data Name=""ParentCommandLine"">-</Data>
      
            
      <Data Name=""ParentUser"">-</Data>
      
        
    </EventData>
    
    
  </Event>
  
    
  
"
Microsoft-Windows-Sysmon/Operational,"""C:\Windows\system32\HOSTNAME.EXE""",Microsoft Corporation,WinDev2309Eval,,,C:\Users\User\,Hostname APP,1,19566,10.0.22621.2506 (WinBuild.160101.0800),,"
                MD5=E1EA6EFF1F45AA136A2A2E18EACC1F73,SHA256=4634E6685E402CC3CC8843589F4E8D8AC515F5F05D319E835A262B69B32BDB45,IMPHASH=23013EDF627646AB5226D15AC880BAD8",C:\Windows\System32\HOSTNAME.EXE,Medium,0x8000000000000000,4,{f57bd86a-36f9-658c-7bf8-020000000000},0x2f87b,0,hostname.exe,-,-,{00000000-0000-0000-0000-000000000000},1688,-,{f57bd86a-5b53-658c-b701-000000000f00},3588,800,Microsoft® Windows® Operating System,-,2023-12-27T17:13:55.0538392Z,,1,1,5124,WINDEV2309EVAL\User,S-1-5-18,2023-12-27 17:13:55.052,5,"<Event xmlns=""http://schemas.microsoft.com/win/2004/08/events/event"">
    
        
    <System>
      
            
      <Provider Name=""Microsoft-Windows-Sysmon"" Guid=""{5770385f-c22a-43e0-bf4c-06f5698ffbd9}""/>
      
            
      <EventID>1</EventID>
      
            
      <Version>5</Version>
      
            
      <Level>4</Level>
      
            
      <Task>1</Task>
      
            
      <Opcode>0</Opcode>
      
            
      <Keywords>0x8000000000000000</Keywords>
      
            
      <TimeCreated SystemTime=""2023-12-27T17:13:55.0538392Z""/>
      
            
      <EventRecordID>19566</EventRecordID>
      
            
      <Correlation/>
      
            
      <Execution ProcessID=""3588"" ThreadID=""5124""/>
      
            
      <Channel>Microsoft-Windows-Sysmon/Operational</Channel>
      
            
      <Computer>WinDev2309Eval</Computer>
      
            
      <Security UserID=""S-1-5-18""/>
      
        
    </System>
    
        
    <EventData>
      
            
      <Data Name=""RuleName"">-</Data>
      
            
      <Data Name=""UtcTime"">2023-12-27 17:13:55.052</Data>
      
            
      <Data Name=""ProcessGuid"">{f57bd86a-5b53-658c-b701-000000000f00}</Data>
      
            
      <Data Name=""ProcessId"">800</Data>
      
            
      <Data Name=""Image"">C:\Windows\System32\HOSTNAME.EXE</Data>
      
            
      <Data Name=""FileVersion"">10.0.22621.2506 (WinBuild.160101.0800)</Data>
      
            
      <Data Name=""Description"">Hostname APP</Data>
      
            
      <Data Name=""Product"">Microsoft&#174; Windows&#174; Operating System</Data>
      
            
      <Data Name=""Company"">Microsoft Corporation</Data>
      
            
      <Data Name=""OriginalFileName"">hostname.exe</Data>
      
            
      <Data Name=""CommandLine"">""C:\Windows\system32\HOSTNAME.EXE""</Data>
      
            
      <Data Name=""CurrentDirectory"">C:\Users\User\</Data>
      
            
      <Data Name=""User"">WINDEV2309EVAL\User</Data>
      
            
      <Data Name=""LogonGuid"">{f57bd86a-36f9-658c-7bf8-020000000000}</Data>
      
            
      <Data Name=""LogonId"">0x2f87b</Data>
      
            
      <Data Name=""TerminalSessionId"">1</Data>
      
            
      <Data Name=""IntegrityLevel"">Medium</Data>
      
            
      <Data Name=""Hashes"">
                MD5=E1EA6EFF1F45AA136A2A2E18EACC1F73,SHA256=4634E6685E402CC3CC8843589F4E8D8AC515F5F05D319E835A262B69B32BDB45,IMPHASH=23013EDF627646AB5226D15AC880BAD8</Data>
      
            
      <Data Name=""ParentProcessGuid"">{00000000-0000-0000-0000-000000000000}</Data>
      
            
      <Data Name=""ParentProcessId"">1688</Data>
      
            
      <Data Name=""ParentImage"">-</Data>
      
            
      <Data Name=""ParentCommandLine"">-</Data>
      
            
      <Data Name=""ParentUser"">-</Data>
      
        
    </EventData>
    
    
  </Event>
  


"
