Channel,CommandLine,Company,Computer,CreationUtcTime,CurrentDirectory,Description,Details,EventID,EventRecordID,EventType,FileVersion,Hashes,Image,IntegrityLevel,Keywords,Level,LogonGuid,LogonId,Opcode,OriginalFileName,ParentCommandLine,ParentImage,ParentProcessGuid,ParentProcessId,ParentUser,ProcessGuid,ProcessID,ProcessId,Product,QueryName,QueryResults,QueryStatus,RuleName,SystemTime,TargetFilename,TargetObject,Task,TerminalSessionId,ThreadID,User,UserID,UtcTime,Version,raw
Microsoft-Windows-Sysmon/Operational,,,WinDev2309Eval,,,,,22,19595,,,,C:\Windows\explorer.exe,,0x8000000000000000,4,,,0,,,,,,,{f57bd86a-36fc-658c-7900-000000000f00},3588,5828,,weathermapdata.blob.core.windows.net,"type: 5
                blob.mwh02prdstf02a.store.core.windows.net;::ffff:20.150.78.196;",0,-,2023-12-27T17:12:18.9665588Z,,,22,,5164,WINDEV2309EVAL\User,S-1-5-18,2023-12-27 14:53:48.330,5,"<Event xmlns=""http://schemas.microsoft.com/win/2004/08/events/event"">
    
        
    <System>
      
            
      <Provider Name=""Microsoft-Windows-Sysmon"" Guid=""{5770385f-c22a-43e0-bf4c-06f5698ffbd9}""/>
      
            
      <EventID>22</EventID>
      
            
      <Version>5</Version>
      
            
      <Level>4</Level>
      
            
      <Task>22</Task>
      
            
      <Opcode>0</Opcode>
      
            
      <Keywords>0x8000000000000000</Keywords>
      
            
      <TimeCreated SystemTime=""2023-12-27T17:12:18.9665588Z""/>
      
            
      <EventRecordID>19595</EventRecordID>
      
            
      <Correlation/>
      
            
      <Execution ProcessID=""3588"" ThreadID=""5164""/>
      
            
      <Channel>Microsoft-Windows-Sysmon/Operational</Channel>
      
            
      <Computer>WinDev2309Eval</Computer>
      
            
      <Security UserID=""S-1-5-18""/>
      
        
    </System>
    
        
    <EventData>
      
            
      <Data Name=""RuleName"">-</Data>
      
            
      <Data Name=""UtcTime"">2023-12-27 14:53:48.330</Data>
      
            
      <Data Name=""ProcessGuid"">{f57bd86a-36fc-658c-7900-000000000f00}</Data>
      
            
      <Data Name=""ProcessId"">5828</Data>
      
            
      <Data Name=""QueryName"">weathermapdata.blob.core.windows.net</Data>
      
            
      <Data Name=""QueryStatus"">0</Data>
      
            
      <Data Name=""QueryResults"">type: 5
                blob.mwh02prdstf02a.store.core.windows.net;::ffff:20.150.78.196;</Data>
      
            
      <Data Name=""Image"">C:\Windows\explorer.exe</Data>
      
            
      <Data Name=""User"">WINDEV2309EVAL\User</Data>
      
        
    </EventData>
    
    
  </Event>
  
    
  
"
Microsoft-Windows-Sysmon/Operational,"""C:\Program Files
                (x86)\Microsoft\EdgeUpdate\MicrosoftEdgeUpdate.exe"" /ua /installsource scheduler",Microsoft Corporation,WinDev2309Eval,,C:\Windows\system32\,Microsoft Edge Update,,1,19594,,1.3.155.85,"
                MD5=A4FC8EC5BC41C41918B0C1541E4E4BE6,SHA256=54545F352215A9C0F370A01980AADCD5749A93589931662D89A974D7BD60F476,IMPHASH=E00D60405A249A05D3B09AA7FE924B17",C:\Program Files (x86)\Microsoft\EdgeUpdate\MicrosoftEdgeUpdate.exe,System,0x8000000000000000,4,{f57bd86a-36f5-658c-e703-000000000000},0x3e7,0,msedgeupdate.dll,C:\Windows\system32\svchost.exe -k netsvcs -p -s Schedule,C:\Windows\System32\svchost.exe,{f57bd86a-36f6-658c-1d00-000000000f00},1496,NT AUTHORITY\SYSTEM,{f57bd86a-5aca-658c-c901-000000000f00},3588,10252,Microsoft Edge Update,,,,-,2023-12-27T17:11:38.5162825Z,,,1,0,5124,NT AUTHORITY\SYSTEM,S-1-5-18,2023-12-27 17:11:38.515,5,"<Event xmlns=""http://schemas.microsoft.com/win/2004/08/events/event"">
    
        
    <System>
      
            
      <Provider Name=""Microsoft-Windows-Sysmon"" Guid=""{5770385f-c22a-43e0-bf4c-06f5698ffbd9}""/>
      
            
      <EventID>1</EventID>
      
            
      <Version>5</Version>
      
            
      <Level>4</Level>
      
            
      <Task>1</Task>
      
            
      <Opcode>0</Opcode>
      
            
      <Keywords>0x8000000000000000</Keywords>
      
            
      <TimeCreated SystemTime=""2023-12-27T17:11:38.5162825Z""/>
      
            
      <EventRecordID>19594</EventRecordID>
      
            
      <Correlation/>
      
            
      <Execution ProcessID=""3588"" ThreadID=""5124""/>
      
            
      <Channel>Microsoft-Windows-Sysmon/Operational</Channel>
      
            
      <Computer>WinDev2309Eval</Computer>
      
            
      <Security UserID=""S-1-5-18""/>
      
        
    </System>
    
        
    <EventData>
      
            
      <Data Name=""RuleName"">-</Data>
      
            
      <Data Name=""UtcTime"">2023-12-27 17:11:38.515</Data>
      
            
      <Data Name=""ProcessGuid"">{f57bd86a-5aca-658c-c901-000000000f00}</Data>
      
            
      <Data Name=""ProcessId"">10252</Data>
      
            
      <Data Name=""Image"">C:\Program Files (x86)\Microsoft\EdgeUpdate\MicrosoftEdgeUpdate.exe</Data>
      
            
      <Data Name=""FileVersion"">1.3.155.85</Data>
      
            
      <Data Name=""Description"">Microsoft Edge Update</Data>
      
            
      <Data Name=""Product"">Microsoft Edge Update</Data>
      
            
      <Data Name=""Company"">Microsoft Corporation</Data>
      
            
      <Data Name=""OriginalFileName"">msedgeupdate.dll</Data>
      
            
      <Data Name=""CommandLine"">""C:\Program Files
                (x86)\Microsoft\EdgeUpdate\MicrosoftEdgeUpdate.exe"" /ua /installsource scheduler</Data>
      
            
      <Data Name=""CurrentDirectory"">C:\Windows\system32\</Data>
      
            
      <Data Name=""User"">NT AUTHORITY\SYSTEM</Data>
      
            
      <Data Name=""LogonGuid"">{f57bd86a-36f5-658c-e703-000000000000}</Data>
      
            
      <Data Name=""LogonId"">0x3e7</Data>
      
            
      <Data Name=""TerminalSessionId"">0</Data>
      
            
      <Data Name=""IntegrityLevel"">System</Data>
      
            
      <Data Name=""Hashes"">
                MD5=A4FC8EC5BC41C41918B0C1541E4E4BE6,SHA256=54545F352215A9C0F370A01980AADCD5749A93589931662D89A974D7BD60F476,IMPHASH=E00D60405A249A05D3B09AA7FE924B17</Data>
      
            
      <Data Name=""ParentProcessGuid"">{f57bd86a-36f6-658c-1d00-000000000f00}</Data>
      
            
      <Data Name=""ParentProcessId"">1496</Data>
      
            
      <Data Name=""ParentImage"">C:\Windows\System32\svchost.exe</Data>
      
            
      <Data Name=""ParentCommandLine"">C:\Windows\system32\svchost.exe -k netsvcs -p -s Schedule</Data>
      
            
      <Data Name=""ParentUser"">NT AUTHORITY\SYSTEM</Data>
      
        
    </EventData>
    
    
  </Event>
  
    
  
"
Microsoft-Windows-Sysmon/Operational,"""C:\Windows\system32\appidcertstorecheck.exe""",Microsoft Corporation,WinDev2309Eval,,C:\Windows\system32\,AppID Certificate Store Verification Task,,1,19593,,10.0.22621.2506 (WinBuild.160101.0800),"
                MD5=A3D3C1CF254BF1B45F5950EFAD6621AF,SHA256=82906ECB6EE934ED28839F127F7994A517B9D9C83746187246D6F226FB6A65E6,IMPHASH=7168353EDBE3AB24A184BB681FD55AE6",C:\Windows\System32\appidcertstorecheck.exe,System,0x8000000000000000,4,{f57bd86a-36f6-658c-e503-000000000000},0x3e5,0,AppIDCertstoreCheck.exe,C:\Windows\system32\svchost.exe -k netsvcs -p -s Schedule,C:\Windows\System32\svchost.exe,{f57bd86a-36f6-658c-1d00-000000000f00},1496,NT AUTHORITY\SYSTEM,{f57bd86a-5abe-658c-c701-000000000f00},3588,6884,Microsoft® Windows® Operating System,,,,-,2023-12-27T17:11:26.8518522Z,,,1,0,5124,NT AUTHORITY\LOCAL SERVICE,S-1-5-18,2023-12-27 17:11:26.850,5,"<Event xmlns=""http://schemas.microsoft.com/win/2004/08/events/event"">
    
        
    <System>
      
            
      <Provider Name=""Microsoft-Windows-Sysmon"" Guid=""{5770385f-c22a-43e0-bf4c-06f5698ffbd9}""/>
      
            
      <EventID>1</EventID>
      
            
      <Version>5</Version>
      
            
      <Level>4</Level>
      
            
      <Task>1</Task>
      
            
      <Opcode>0</Opcode>
      
            
      <Keywords>0x8000000000000000</Keywords>
      
            
      <TimeCreated SystemTime=""2023-12-27T17:11:26.8518522Z""/>
      
            
      <EventRecordID>19593</EventRecordID>
      
            
      <Correlation/>
      
            
      <Execution ProcessID=""3588"" ThreadID=""5124""/>
      
            
      <Channel>Microsoft-Windows-Sysmon/Operational</Channel>
      
            
      <Computer>WinDev2309Eval</Computer>
      
            
      <Security UserID=""S-1-5-18""/>
      
        
    </System>
    
        
    <EventData>
      
            
      <Data Name=""RuleName"">-</Data>
      
            
      <Data Name=""UtcTime"">2023-12-27 17:11:26.850</Data>
      
            
      <Data Name=""ProcessGuid"">{f57bd86a-5abe-658c-c701-000000000f00}</Data>
      
            
      <Data Name=""ProcessId"">6884</Data>
      
            
      <Data Name=""Image"">C:\Windows\System32\appidcertstorecheck.exe</Data>
      
            
      <Data Name=""FileVersion"">10.0.22621.2506 (WinBuild.160101.0800)</Data>
      
            
      <Data Name=""Description"">AppID Certificate Store Verification Task</Data>
      
            
      <Data Name=""Product"">Microsoft&#174; Windows&#174; Operating System</Data>
      
            
      <Data Name=""Company"">Microsoft Corporation</Data>
      
            
      <Data Name=""OriginalFileName"">AppIDCertstoreCheck.exe</Data>
      
            
      <Data Name=""CommandLine"">""C:\Windows\system32\appidcertstorecheck.exe""</Data>
      
            
      <Data Name=""CurrentDirectory"">C:\Windows\system32\</Data>
      
            
      <Data Name=""User"">NT AUTHORITY\LOCAL SERVICE</Data>
      
            
      <Data Name=""LogonGuid"">{f57bd86a-36f6-658c-e503-000000000000}</Data>
      
            
      <Data Name=""LogonId"">0x3e5</Data>
      
            
      <Data Name=""TerminalSessionId"">0</Data>
      
            
      <Data Name=""IntegrityLevel"">System</Data>
      
            
      <Data Name=""Hashes"">
                MD5=A3D3C1CF254BF1B45F5950EFAD6621AF,SHA256=82906ECB6EE934ED28839F127F7994A517B9D9C83746187246D6F226FB6A65E6,IMPHASH=7168353EDBE3AB24A184BB681FD55AE6</Data>
      
            
      <Data Name=""ParentProcessGuid"">{f57bd86a-36f6-658c-1d00-000000000f00}</Data>
      
            
      <Data Name=""ParentProcessId"">1496</Data>
      
            
      <Data Name=""ParentImage"">C:\Windows\System32\svchost.exe</Data>
      
            
      <Data Name=""ParentCommandLine"">C:\Windows\system32\svchost.exe -k netsvcs -p -s Schedule</Data>
      
            
      <Data Name=""ParentUser"">NT AUTHORITY\SYSTEM</Data>
      
        
    </EventData>
    
    
  </Event>
  
    
  
"
Microsoft-Windows-Sysmon/Operational,C:\Windows\System32\svchost.exe -k netsvcs -p -s NetSetupSvc,Microsoft Corporation,WinDev2309Eval,,C:\Windows\system32\,Host Process for Windows Services,,1,19592,,10.0.22621.1 (WinBuild.160101.0800),"
                MD5=8EC922C7A58A8701AB481B7BE9644536,SHA256=949BFB5B4C7D58D92F3F9C5F8EC7CA4CEAFFD10EC5F0020F0A987C472D61C54B,IMPHASH=76B4BAE80D2C3B08BB062D97BF9CA791",C:\Windows\System32\svchost.exe,System,0x8000000000000000,4,{f57bd86a-36f5-658c-e703-000000000000},0x3e7,0,svchost.exe,C:\Windows\system32\services.exe,C:\Windows\System32\services.exe,{f57bd86a-36f5-658c-0b00-000000000f00},780,NT AUTHORITY\SYSTEM,{f57bd86a-5aa9-658c-c601-000000000f00},3588,1296,Microsoft® Windows® Operating System,,,,-,2023-12-27T17:11:05.0706853Z,,,1,0,5124,NT AUTHORITY\SYSTEM,S-1-5-18,2023-12-27 17:11:05.069,5,"<Event xmlns=""http://schemas.microsoft.com/win/2004/08/events/event"">
    
        
    <System>
      
            
      <Provider Name=""Microsoft-Windows-Sysmon"" Guid=""{5770385f-c22a-43e0-bf4c-06f5698ffbd9}""/>
      
            
      <EventID>1</EventID>
      
            
      <Version>5</Version>
      
            
      <Level>4</Level>
      
            
      <Task>1</Task>
      
            
      <Opcode>0</Opcode>
      
            
      <Keywords>0x8000000000000000</Keywords>
      
            
      <TimeCreated SystemTime=""2023-12-27T17:11:05.0706853Z""/>
      
            
      <EventRecordID>19592</EventRecordID>
      
            
      <Correlation/>
      
            
      <Execution ProcessID=""3588"" ThreadID=""5124""/>
      
            
      <Channel>Microsoft-Windows-Sysmon/Operational</Channel>
      
            
      <Computer>WinDev2309Eval</Computer>
      
            
      <Security UserID=""S-1-5-18""/>
      
        
    </System>
    
        
    <EventData>
      
            
      <Data Name=""RuleName"">-</Data>
      
            
      <Data Name=""UtcTime"">2023-12-27 17:11:05.069</Data>
      
            
      <Data Name=""ProcessGuid"">{f57bd86a-5aa9-658c-c601-000000000f00}</Data>
      
            
      <Data Name=""ProcessId"">1296</Data>
      
            
      <Data Name=""Image"">C:\Windows\System32\svchost.exe</Data>
      
            
      <Data Name=""FileVersion"">10.0.22621.1 (WinBuild.160101.0800)</Data>
      
            
      <Data Name=""Description"">Host Process for Windows Services</Data>
      
            
      <Data Name=""Product"">Microsoft&#174; Windows&#174; Operating System</Data>
      
            
      <Data Name=""Company"">Microsoft Corporation</Data>
      
            
      <Data Name=""OriginalFileName"">svchost.exe</Data>
      
            
      <Data Name=""CommandLine"">C:\Windows\System32\svchost.exe -k netsvcs -p -s NetSetupSvc</Data>
      
            
      <Data Name=""CurrentDirectory"">C:\Windows\system32\</Data>
      
            
      <Data Name=""User"">NT AUTHORITY\SYSTEM</Data>
      
            
      <Data Name=""LogonGuid"">{f57bd86a-36f5-658c-e703-000000000000}</Data>
      
            
      <Data Name=""LogonId"">0x3e7</Data>
      
            
      <Data Name=""TerminalSessionId"">0</Data>
      
            
      <Data Name=""IntegrityLevel"">System</Data>
      
            
      <Data Name=""Hashes"">
                MD5=8EC922C7A58A8701AB481B7BE9644536,SHA256=949BFB5B4C7D58D92F3F9C5F8EC7CA4CEAFFD10EC5F0020F0A987C472D61C54B,IMPHASH=76B4BAE80D2C3B08BB062D97BF9CA791</Data>
      
            
      <Data Name=""ParentProcessGuid"">{f57bd86a-36f5-658c-0b00-000000000f00}</Data>
      
            
      <Data Name=""ParentProcessId"">780</Data>
      
            
      <Data Name=""ParentImage"">C:\Windows\System32\services.exe</Data>
      
            
      <Data Name=""ParentCommandLine"">C:\Windows\system32\services.exe</Data>
      
            
      <Data Name=""ParentUser"">NT AUTHORITY\SYSTEM</Data>
      
        
    </EventData>
    
    
  </Event>
  
    
  
"
Microsoft-Windows-Sysmon/Operational,,,WinDev2309Eval,2023-09-14 04:05:00.000,,,,11,19591,,,,C:\Windows\system32\svchost.exe,,0x8000000000000000,4,,,0,,,,,,,{f57bd86a-3716-658c-b600-000000000f00},3588,8748,,,,,DLL,2023-12-27T17:11:00.4954503Z,"
                C:\Windows\SoftwareDistribution\Download\e779458ace83df69a330bacfe58b8d36\Metadata\UAOneSettings.dll",,11,,5124,NT AUTHORITY\SYSTEM,S-1-5-18,2023-12-27 17:11:00.484,2,"<Event xmlns=""http://schemas.microsoft.com/win/2004/08/events/event"">
    
        
    <System>
      
            
      <Provider Name=""Microsoft-Windows-Sysmon"" Guid=""{5770385f-c22a-43e0-bf4c-06f5698ffbd9}""/>
      
            
      <EventID>11</EventID>
      
            
      <Version>2</Version>
      
            
      <Level>4</Level>
      
            
      <Task>11</Task>
      
            
      <Opcode>0</Opcode>
      
            
      <Keywords>0x8000000000000000</Keywords>
      
            
      <TimeCreated SystemTime=""2023-12-27T17:11:00.4954503Z""/>
      
            
      <EventRecordID>19591</EventRecordID>
      
            
      <Correlation/>
      
            
      <Execution ProcessID=""3588"" ThreadID=""5124""/>
      
            
      <Channel>Microsoft-Windows-Sysmon/Operational</Channel>
      
            
      <Computer>WinDev2309Eval</Computer>
      
            
      <Security UserID=""S-1-5-18""/>
      
        
    </System>
    
        
    <EventData>
      
            
      <Data Name=""RuleName"">DLL</Data>
      
            
      <Data Name=""UtcTime"">2023-12-27 17:11:00.484</Data>
      
            
      <Data Name=""ProcessGuid"">{f57bd86a-3716-658c-b600-000000000f00}</Data>
      
            
      <Data Name=""ProcessId"">8748</Data>
      
            
      <Data Name=""Image"">C:\Windows\system32\svchost.exe</Data>
      
            
      <Data Name=""TargetFilename"">
                C:\Windows\SoftwareDistribution\Download\e779458ace83df69a330bacfe58b8d36\Metadata\UAOneSettings.dll</Data>
      
            
      <Data Name=""CreationUtcTime"">2023-09-14 04:05:00.000</Data>
      
            
      <Data Name=""User"">NT AUTHORITY\SYSTEM</Data>
      
        
    </EventData>
    
    
  </Event>
  
    
  
"
Microsoft-Windows-Sysmon/Operational,,,WinDev2309Eval,2023-09-14 09:43:48.000,,,,11,19590,,,,C:\Windows\system32\svchost.exe,,0x8000000000000000,4,,,0,,,,,,,{f57bd86a-3716-658c-b600-000000000f00},3588,8748,,,,,DLL,2023-12-27T17:11:00.4913448Z,"
                C:\Windows\SoftwareDistribution\Download\e779458ace83df69a330bacfe58b8d36\Metadata\Mitigation.dll",,11,,5124,NT AUTHORITY\SYSTEM,S-1-5-18,2023-12-27 17:11:00.484,2,"<Event xmlns=""http://schemas.microsoft.com/win/2004/08/events/event"">
    
        
    <System>
      
            
      <Provider Name=""Microsoft-Windows-Sysmon"" Guid=""{5770385f-c22a-43e0-bf4c-06f5698ffbd9}""/>
      
            
      <EventID>11</EventID>
      
            
      <Version>2</Version>
      
            
      <Level>4</Level>
      
            
      <Task>11</Task>
      
            
      <Opcode>0</Opcode>
      
            
      <Keywords>0x8000000000000000</Keywords>
      
            
      <TimeCreated SystemTime=""2023-12-27T17:11:00.4913448Z""/>
      
            
      <EventRecordID>19590</EventRecordID>
      
            
      <Correlation/>
      
            
      <Execution ProcessID=""3588"" ThreadID=""5124""/>
      
            
      <Channel>Microsoft-Windows-Sysmon/Operational</Channel>
      
            
      <Computer>WinDev2309Eval</Computer>
      
            
      <Security UserID=""S-1-5-18""/>
      
        
    </System>
    
        
    <EventData>
      
            
      <Data Name=""RuleName"">DLL</Data>
      
            
      <Data Name=""UtcTime"">2023-12-27 17:11:00.484</Data>
      
            
      <Data Name=""ProcessGuid"">{f57bd86a-3716-658c-b600-000000000f00}</Data>
      
            
      <Data Name=""ProcessId"">8748</Data>
      
            
      <Data Name=""Image"">C:\Windows\system32\svchost.exe</Data>
      
            
      <Data Name=""TargetFilename"">
                C:\Windows\SoftwareDistribution\Download\e779458ace83df69a330bacfe58b8d36\Metadata\Mitigation.dll</Data>
      
            
      <Data Name=""CreationUtcTime"">2023-09-14 09:43:48.000</Data>
      
            
      <Data Name=""User"">NT AUTHORITY\SYSTEM</Data>
      
        
    </EventData>
    
    
  </Event>
  
    
  
"
Microsoft-Windows-Sysmon/Operational,,,WinDev2309Eval,2023-09-14 03:21:32.000,,,,11,19589,,,,C:\Windows\system32\svchost.exe,,0x8000000000000000,4,,,0,,,,,,,{f57bd86a-3716-658c-b600-000000000f00},3588,8748,,,,,DLL,2023-12-27T17:11:00.4837310Z,"
                C:\Windows\SoftwareDistribution\Download\e779458ace83df69a330bacfe58b8d36\Metadata\Dpx.dll",,11,,5124,NT AUTHORITY\SYSTEM,S-1-5-18,2023-12-27 17:11:00.468,2,"<Event xmlns=""http://schemas.microsoft.com/win/2004/08/events/event"">
    
        
    <System>
      
            
      <Provider Name=""Microsoft-Windows-Sysmon"" Guid=""{5770385f-c22a-43e0-bf4c-06f5698ffbd9}""/>
      
            
      <EventID>11</EventID>
      
            
      <Version>2</Version>
      
            
      <Level>4</Level>
      
            
      <Task>11</Task>
      
            
      <Opcode>0</Opcode>
      
            
      <Keywords>0x8000000000000000</Keywords>
      
            
      <TimeCreated SystemTime=""2023-12-27T17:11:00.4837310Z""/>
      
            
      <EventRecordID>19589</EventRecordID>
      
            
      <Correlation/>
      
            
      <Execution ProcessID=""3588"" ThreadID=""5124""/>
      
            
      <Channel>Microsoft-Windows-Sysmon/Operational</Channel>
      
            
      <Computer>WinDev2309Eval</Computer>
      
            
      <Security UserID=""S-1-5-18""/>
      
        
    </System>
    
        
    <EventData>
      
            
      <Data Name=""RuleName"">DLL</Data>
      
            
      <Data Name=""UtcTime"">2023-12-27 17:11:00.468</Data>
      
            
      <Data Name=""ProcessGuid"">{f57bd86a-3716-658c-b600-000000000f00}</Data>
      
            
      <Data Name=""ProcessId"">8748</Data>
      
            
      <Data Name=""Image"">C:\Windows\system32\svchost.exe</Data>
      
            
      <Data Name=""TargetFilename"">
                C:\Windows\SoftwareDistribution\Download\e779458ace83df69a330bacfe58b8d36\Metadata\Dpx.dll</Data>
      
            
      <Data Name=""CreationUtcTime"">2023-09-14 03:21:32.000</Data>
      
            
      <Data Name=""User"">NT AUTHORITY\SYSTEM</Data>
      
        
    </EventData>
    
    
  </Event>
  
    
  
"
Microsoft-Windows-Sysmon/Operational,,,WinDev2309Eval,2023-09-14 04:17:52.000,,,,11,19588,,,,C:\Windows\system32\svchost.exe,,0x8000000000000000,4,,,0,,,,,,,{f57bd86a-3716-658c-b600-000000000f00},3588,8748,,,,,DLL,2023-12-27T17:11:00.4729817Z,"
                C:\Windows\SoftwareDistribution\Download\e779458ace83df69a330bacfe58b8d36\Metadata\ExeUpdateAgent.dll",,11,,5124,NT AUTHORITY\SYSTEM,S-1-5-18,2023-12-27 17:11:00.468,2,"<Event xmlns=""http://schemas.microsoft.com/win/2004/08/events/event"">
    
        
    <System>
      
            
      <Provider Name=""Microsoft-Windows-Sysmon"" Guid=""{5770385f-c22a-43e0-bf4c-06f5698ffbd9}""/>
      
            
      <EventID>11</EventID>
      
            
      <Version>2</Version>
      
            
      <Level>4</Level>
      
            
      <Task>11</Task>
      
            
      <Opcode>0</Opcode>
      
            
      <Keywords>0x8000000000000000</Keywords>
      
            
      <TimeCreated SystemTime=""2023-12-27T17:11:00.4729817Z""/>
      
            
      <EventRecordID>19588</EventRecordID>
      
            
      <Correlation/>
      
            
      <Execution ProcessID=""3588"" ThreadID=""5124""/>
      
            
      <Channel>Microsoft-Windows-Sysmon/Operational</Channel>
      
            
      <Computer>WinDev2309Eval</Computer>
      
            
      <Security UserID=""S-1-5-18""/>
      
        
    </System>
    
        
    <EventData>
      
            
      <Data Name=""RuleName"">DLL</Data>
      
            
      <Data Name=""UtcTime"">2023-12-27 17:11:00.468</Data>
      
            
      <Data Name=""ProcessGuid"">{f57bd86a-3716-658c-b600-000000000f00}</Data>
      
            
      <Data Name=""ProcessId"">8748</Data>
      
            
      <Data Name=""Image"">C:\Windows\system32\svchost.exe</Data>
      
            
      <Data Name=""TargetFilename"">
                C:\Windows\SoftwareDistribution\Download\e779458ace83df69a330bacfe58b8d36\Metadata\ExeUpdateAgent.dll</Data>
      
            
      <Data Name=""CreationUtcTime"">2023-09-14 04:17:52.000</Data>
      
            
      <Data Name=""User"">NT AUTHORITY\SYSTEM</Data>
      
        
    </EventData>
    
    
  </Event>
  
    
  
"
Microsoft-Windows-Sysmon/Operational,,,WinDev2309Eval,2023-09-14 03:57:14.000,,,,11,19587,,,,C:\Windows\system32\svchost.exe,,0x8000000000000000,4,,,0,,,,,,,{f57bd86a-3716-658c-b600-000000000f00},3588,8748,,,,,DLL,2023-12-27T17:11:00.4416598Z,"
                C:\Windows\SoftwareDistribution\Download\e779458ace83df69a330bacfe58b8d36\Metadata\UpdateAgent.dll",,11,,5124,NT AUTHORITY\SYSTEM,S-1-5-18,2023-12-27 17:11:00.437,2,"<Event xmlns=""http://schemas.microsoft.com/win/2004/08/events/event"">
    
        
    <System>
      
            
      <Provider Name=""Microsoft-Windows-Sysmon"" Guid=""{5770385f-c22a-43e0-bf4c-06f5698ffbd9}""/>
      
            
      <EventID>11</EventID>
      
            
      <Version>2</Version>
      
            
      <Level>4</Level>
      
            
      <Task>11</Task>
      
            
      <Opcode>0</Opcode>
      
            
      <Keywords>0x8000000000000000</Keywords>
      
            
      <TimeCreated SystemTime=""2023-12-27T17:11:00.4416598Z""/>
      
            
      <EventRecordID>19587</EventRecordID>
      
            
      <Correlation/>
      
            
      <Execution ProcessID=""3588"" ThreadID=""5124""/>
      
            
      <Channel>Microsoft-Windows-Sysmon/Operational</Channel>
      
            
      <Computer>WinDev2309Eval</Computer>
      
            
      <Security UserID=""S-1-5-18""/>
      
        
    </System>
    
        
    <EventData>
      
            
      <Data Name=""RuleName"">DLL</Data>
      
            
      <Data Name=""UtcTime"">2023-12-27 17:11:00.437</Data>
      
            
      <Data Name=""ProcessGuid"">{f57bd86a-3716-658c-b600-000000000f00}</Data>
      
            
      <Data Name=""ProcessId"">8748</Data>
      
            
      <Data Name=""Image"">C:\Windows\system32\svchost.exe</Data>
      
            
      <Data Name=""TargetFilename"">
                C:\Windows\SoftwareDistribution\Download\e779458ace83df69a330bacfe58b8d36\Metadata\UpdateAgent.dll</Data>
      
            
      <Data Name=""CreationUtcTime"">2023-09-14 03:57:14.000</Data>
      
            
      <Data Name=""User"">NT AUTHORITY\SYSTEM</Data>
      
        
    </EventData>
    
    
  </Event>
  
    
  
"
Microsoft-Windows-Sysmon/Operational,,,WinDev2309Eval,,,,CreateSession,13,19586,SetValue,,,C:\Windows\servicing\TrustedInstaller.exe,,0x8000000000000000,4,,,0,,,,,,,{f57bd86a-5a77-658c-b001-000000000f00},3588,8520,,,,,Tamper-Winlogon,2023-12-27T17:10:58.4616970Z,,"
                HKLM\System\CurrentControlSet\Control\Winlogon\Notifications\Components\TrustedInstaller\Events",13,,5124,NT AUTHORITY\SYSTEM,S-1-5-18,2023-12-27 17:10:58.455,2,"<Event xmlns=""http://schemas.microsoft.com/win/2004/08/events/event"">
    
        
    <System>
      
            
      <Provider Name=""Microsoft-Windows-Sysmon"" Guid=""{5770385f-c22a-43e0-bf4c-06f5698ffbd9}""/>
      
            
      <EventID>13</EventID>
      
            
      <Version>2</Version>
      
            
      <Level>4</Level>
      
            
      <Task>13</Task>
      
            
      <Opcode>0</Opcode>
      
            
      <Keywords>0x8000000000000000</Keywords>
      
            
      <TimeCreated SystemTime=""2023-12-27T17:10:58.4616970Z""/>
      
            
      <EventRecordID>19586</EventRecordID>
      
            
      <Correlation/>
      
            
      <Execution ProcessID=""3588"" ThreadID=""5124""/>
      
            
      <Channel>Microsoft-Windows-Sysmon/Operational</Channel>
      
            
      <Computer>WinDev2309Eval</Computer>
      
            
      <Security UserID=""S-1-5-18""/>
      
        
    </System>
    
        
    <EventData>
      
            
      <Data Name=""RuleName"">Tamper-Winlogon</Data>
      
            
      <Data Name=""EventType"">SetValue</Data>
      
            
      <Data Name=""UtcTime"">2023-12-27 17:10:58.455</Data>
      
            
      <Data Name=""ProcessGuid"">{f57bd86a-5a77-658c-b001-000000000f00}</Data>
      
            
      <Data Name=""ProcessId"">8520</Data>
      
            
      <Data Name=""Image"">C:\Windows\servicing\TrustedInstaller.exe</Data>
      
            
      <Data Name=""TargetObject"">
                HKLM\System\CurrentControlSet\Control\Winlogon\Notifications\Components\TrustedInstaller\Events</Data>
      
            
      <Data Name=""Details"">CreateSession</Data>
      
            
      <Data Name=""User"">NT AUTHORITY\SYSTEM</Data>
      
        
    </EventData>
    
    
  </Event>
  
    
  
"
Microsoft-Windows-Sysmon/Operational,,,WinDev2309Eval,,,,10.0.22621.1,13,19585,SetValue,,,C:\Windows\System32\svchost.exe,,0x8000000000000000,4,,,0,,,,,,,{f57bd86a-36f8-658c-3e00-000000000f00},3588,3212,,,,,InvDB-Ver,2023-12-27T17:10:58.2956940Z,,"
                \REGISTRY\A\{b3b14332-edc6-625a-c682-62677f6d06d4}\Root\InventoryApplicationFile\fondue.exe|15f6ba3fe929c4d9\BinProductVersion",13,,5124,NT AUTHORITY\SYSTEM,S-1-5-18,2023-12-27 17:10:58.281,2,"<Event xmlns=""http://schemas.microsoft.com/win/2004/08/events/event"">
    
        
    <System>
      
            
      <Provider Name=""Microsoft-Windows-Sysmon"" Guid=""{5770385f-c22a-43e0-bf4c-06f5698ffbd9}""/>
      
            
      <EventID>13</EventID>
      
            
      <Version>2</Version>
      
            
      <Level>4</Level>
      
            
      <Task>13</Task>
      
            
      <Opcode>0</Opcode>
      
            
      <Keywords>0x8000000000000000</Keywords>
      
            
      <TimeCreated SystemTime=""2023-12-27T17:10:58.2956940Z""/>
      
            
      <EventRecordID>19585</EventRecordID>
      
            
      <Correlation/>
      
            
      <Execution ProcessID=""3588"" ThreadID=""5124""/>
      
            
      <Channel>Microsoft-Windows-Sysmon/Operational</Channel>
      
            
      <Computer>WinDev2309Eval</Computer>
      
            
      <Security UserID=""S-1-5-18""/>
      
        
    </System>
    
        
    <EventData>
      
            
      <Data Name=""RuleName"">InvDB-Ver</Data>
      
            
      <Data Name=""EventType"">SetValue</Data>
      
            
      <Data Name=""UtcTime"">2023-12-27 17:10:58.281</Data>
      
            
      <Data Name=""ProcessGuid"">{f57bd86a-36f8-658c-3e00-000000000f00}</Data>
      
            
      <Data Name=""ProcessId"">3212</Data>
      
            
      <Data Name=""Image"">C:\Windows\System32\svchost.exe</Data>
      
            
      <Data Name=""TargetObject"">
                \REGISTRY\A\{b3b14332-edc6-625a-c682-62677f6d06d4}\Root\InventoryApplicationFile\fondue.exe|15f6ba3fe929c4d9\BinProductVersion</Data>
      
            
      <Data Name=""Details"">10.0.22621.1</Data>
      
            
      <Data Name=""User"">NT AUTHORITY\SYSTEM</Data>
      
        
    </EventData>
    
    
  </Event>
  
    
  
"
Microsoft-Windows-Sysmon/Operational,,,WinDev2309Eval,,,,09/25/2003 18:27:32,13,19584,SetValue,,,C:\Windows\System32\svchost.exe,,0x8000000000000000,4,,,0,,,,,,,{f57bd86a-36f8-658c-3e00-000000000f00},3588,3212,,,,,InvDB-CompileTimeClaim,2023-12-27T17:10:58.2956369Z,,"
                \REGISTRY\A\{b3b14332-edc6-625a-c682-62677f6d06d4}\Root\InventoryApplicationFile\fondue.exe|15f6ba3fe929c4d9\LinkDate",13,,5124,NT AUTHORITY\SYSTEM,S-1-5-18,2023-12-27 17:10:58.281,2,"<Event xmlns=""http://schemas.microsoft.com/win/2004/08/events/event"">
    
        
    <System>
      
            
      <Provider Name=""Microsoft-Windows-Sysmon"" Guid=""{5770385f-c22a-43e0-bf4c-06f5698ffbd9}""/>
      
            
      <EventID>13</EventID>
      
            
      <Version>2</Version>
      
            
      <Level>4</Level>
      
            
      <Task>13</Task>
      
            
      <Opcode>0</Opcode>
      
            
      <Keywords>0x8000000000000000</Keywords>
      
            
      <TimeCreated SystemTime=""2023-12-27T17:10:58.2956369Z""/>
      
            
      <EventRecordID>19584</EventRecordID>
      
            
      <Correlation/>
      
            
      <Execution ProcessID=""3588"" ThreadID=""5124""/>
      
            
      <Channel>Microsoft-Windows-Sysmon/Operational</Channel>
      
            
      <Computer>WinDev2309Eval</Computer>
      
            
      <Security UserID=""S-1-5-18""/>
      
        
    </System>
    
        
    <EventData>
      
            
      <Data Name=""RuleName"">InvDB-CompileTimeClaim</Data>
      
            
      <Data Name=""EventType"">SetValue</Data>
      
            
      <Data Name=""UtcTime"">2023-12-27 17:10:58.281</Data>
      
            
      <Data Name=""ProcessGuid"">{f57bd86a-36f8-658c-3e00-000000000f00}</Data>
      
            
      <Data Name=""ProcessId"">3212</Data>
      
            
      <Data Name=""Image"">C:\Windows\System32\svchost.exe</Data>
      
            
      <Data Name=""TargetObject"">
                \REGISTRY\A\{b3b14332-edc6-625a-c682-62677f6d06d4}\Root\InventoryApplicationFile\fondue.exe|15f6ba3fe929c4d9\LinkDate</Data>
      
            
      <Data Name=""Details"">09/25/2003 18:27:32</Data>
      
            
      <Data Name=""User"">NT AUTHORITY\SYSTEM</Data>
      
        
    </EventData>
    
    
  </Event>
  
    
  
"
Microsoft-Windows-Sysmon/Operational,,,WinDev2309Eval,,,,microsoft corporation,13,19583,SetValue,,,C:\Windows\System32\svchost.exe,,0x8000000000000000,4,,,0,,,,,,,{f57bd86a-36f8-658c-3e00-000000000f00},3588,3212,,,,,InvDB-Pub,2023-12-27T17:10:58.2953151Z,,"
                \REGISTRY\A\{b3b14332-edc6-625a-c682-62677f6d06d4}\Root\InventoryApplicationFile\fondue.exe|15f6ba3fe929c4d9\Publisher",13,,5124,NT AUTHORITY\SYSTEM,S-1-5-18,2023-12-27 17:10:58.281,2,"<Event xmlns=""http://schemas.microsoft.com/win/2004/08/events/event"">
    
        
    <System>
      
            
      <Provider Name=""Microsoft-Windows-Sysmon"" Guid=""{5770385f-c22a-43e0-bf4c-06f5698ffbd9}""/>
      
            
      <EventID>13</EventID>
      
            
      <Version>2</Version>
      
            
      <Level>4</Level>
      
            
      <Task>13</Task>
      
            
      <Opcode>0</Opcode>
      
            
      <Keywords>0x8000000000000000</Keywords>
      
            
      <TimeCreated SystemTime=""2023-12-27T17:10:58.2953151Z""/>
      
            
      <EventRecordID>19583</EventRecordID>
      
            
      <Correlation/>
      
            
      <Execution ProcessID=""3588"" ThreadID=""5124""/>
      
            
      <Channel>Microsoft-Windows-Sysmon/Operational</Channel>
      
            
      <Computer>WinDev2309Eval</Computer>
      
            
      <Security UserID=""S-1-5-18""/>
      
        
    </System>
    
        
    <EventData>
      
            
      <Data Name=""RuleName"">InvDB-Pub</Data>
      
            
      <Data Name=""EventType"">SetValue</Data>
      
            
      <Data Name=""UtcTime"">2023-12-27 17:10:58.281</Data>
      
            
      <Data Name=""ProcessGuid"">{f57bd86a-36f8-658c-3e00-000000000f00}</Data>
      
            
      <Data Name=""ProcessId"">3212</Data>
      
            
      <Data Name=""Image"">C:\Windows\System32\svchost.exe</Data>
      
            
      <Data Name=""TargetObject"">
                \REGISTRY\A\{b3b14332-edc6-625a-c682-62677f6d06d4}\Root\InventoryApplicationFile\fondue.exe|15f6ba3fe929c4d9\Publisher</Data>
      
            
      <Data Name=""Details"">microsoft corporation</Data>
      
            
      <Data Name=""User"">NT AUTHORITY\SYSTEM</Data>
      
        
    </EventData>
    
    
  </Event>
  
    
  
"
Microsoft-Windows-Sysmon/Operational,,,WinDev2309Eval,,,,c:\windows\system32\fondue.exe,13,19582,SetValue,,,C:\Windows\System32\svchost.exe,,0x8000000000000000,4,,,0,,,,,,,{f57bd86a-36f8-658c-3e00-000000000f00},3588,3212,,,,,InvDB-Path,2023-12-27T17:10:58.2951015Z,,"
                \REGISTRY\A\{b3b14332-edc6-625a-c682-62677f6d06d4}\Root\InventoryApplicationFile\fondue.exe|15f6ba3fe929c4d9\LowerCaseLongPath",13,,5124,NT AUTHORITY\SYSTEM,S-1-5-18,2023-12-27 17:10:58.281,2,"<Event xmlns=""http://schemas.microsoft.com/win/2004/08/events/event"">
    
        
    <System>
      
            
      <Provider Name=""Microsoft-Windows-Sysmon"" Guid=""{5770385f-c22a-43e0-bf4c-06f5698ffbd9}""/>
      
            
      <EventID>13</EventID>
      
            
      <Version>2</Version>
      
            
      <Level>4</Level>
      
            
      <Task>13</Task>
      
            
      <Opcode>0</Opcode>
      
            
      <Keywords>0x8000000000000000</Keywords>
      
            
      <TimeCreated SystemTime=""2023-12-27T17:10:58.2951015Z""/>
      
            
      <EventRecordID>19582</EventRecordID>
      
            
      <Correlation/>
      
            
      <Execution ProcessID=""3588"" ThreadID=""5124""/>
      
            
      <Channel>Microsoft-Windows-Sysmon/Operational</Channel>
      
            
      <Computer>WinDev2309Eval</Computer>
      
            
      <Security UserID=""S-1-5-18""/>
      
        
    </System>
    
        
    <EventData>
      
            
      <Data Name=""RuleName"">InvDB-Path</Data>
      
            
      <Data Name=""EventType"">SetValue</Data>
      
            
      <Data Name=""UtcTime"">2023-12-27 17:10:58.281</Data>
      
            
      <Data Name=""ProcessGuid"">{f57bd86a-36f8-658c-3e00-000000000f00}</Data>
      
            
      <Data Name=""ProcessId"">3212</Data>
      
            
      <Data Name=""Image"">C:\Windows\System32\svchost.exe</Data>
      
            
      <Data Name=""TargetObject"">
                \REGISTRY\A\{b3b14332-edc6-625a-c682-62677f6d06d4}\Root\InventoryApplicationFile\fondue.exe|15f6ba3fe929c4d9\LowerCaseLongPath</Data>
      
            
      <Data Name=""Details"">c:\windows\system32\fondue.exe</Data>
      
            
      <Data Name=""User"">NT AUTHORITY\SYSTEM</Data>
      
        
    </EventData>
    
    
  </Event>
  
    
  
"
Microsoft-Windows-Sysmon/Operational,"""C:\Windows\system32\OptionalFeatures.EXE""
                /enable-feature:NetFx3 /caller-name:mscoreei.dll",Microsoft Corporation,WinDev2309Eval,,C:\Windows\system32\,Windows Features,,1,19581,,10.0.22621.1 (WinBuild.160101.0800),"
                MD5=A63450B73D5D9CA4FD80F2BA5D60FAD2,SHA256=7E268E84BE367E28D1D97637CC1E024E7740B04C61A21B76021A315D60B535A9,IMPHASH=B1DA23E5BF146552E38FA70DEE47601E",C:\Windows\System32\OptionalFeatures.exe,High,0x8000000000000000,4,{f57bd86a-36f9-658c-bff7-020000000000},0x2f7bf,0,OptionalFeatures.EXE,"""C:\Windows\system32\fondue.exe"" /enable-feature:NetFx3
                /caller-name:mscoreei.dll",C:\Windows\System32\Fondue.exe,{f57bd86a-5a99-658c-c001-000000000f00},10712,WINDEV2309EVAL\User,{f57bd86a-5aa1-658c-c301-000000000f00},3588,2744,Microsoft® Windows® Operating System,,,,-,2023-12-27T17:10:57.8317602Z,,,1,1,5124,WINDEV2309EVAL\User,S-1-5-18,2023-12-27 17:10:57.830,5,"<Event xmlns=""http://schemas.microsoft.com/win/2004/08/events/event"">
    
        
    <System>
      
            
      <Provider Name=""Microsoft-Windows-Sysmon"" Guid=""{5770385f-c22a-43e0-bf4c-06f5698ffbd9}""/>
      
            
      <EventID>1</EventID>
      
            
      <Version>5</Version>
      
            
      <Level>4</Level>
      
            
      <Task>1</Task>
      
            
      <Opcode>0</Opcode>
      
            
      <Keywords>0x8000000000000000</Keywords>
      
            
      <TimeCreated SystemTime=""2023-12-27T17:10:57.8317602Z""/>
      
            
      <EventRecordID>19581</EventRecordID>
      
            
      <Correlation/>
      
            
      <Execution ProcessID=""3588"" ThreadID=""5124""/>
      
            
      <Channel>Microsoft-Windows-Sysmon/Operational</Channel>
      
            
      <Computer>WinDev2309Eval</Computer>
      
            
      <Security UserID=""S-1-5-18""/>
      
        
    </System>
    
        
    <EventData>
      
            
      <Data Name=""RuleName"">-</Data>
      
            
      <Data Name=""UtcTime"">2023-12-27 17:10:57.830</Data>
      
            
      <Data Name=""ProcessGuid"">{f57bd86a-5aa1-658c-c301-000000000f00}</Data>
      
            
      <Data Name=""ProcessId"">2744</Data>
      
            
      <Data Name=""Image"">C:\Windows\System32\OptionalFeatures.exe</Data>
      
            
      <Data Name=""FileVersion"">10.0.22621.1 (WinBuild.160101.0800)</Data>
      
            
      <Data Name=""Description"">Windows Features</Data>
      
            
      <Data Name=""Product"">Microsoft&#174; Windows&#174; Operating System</Data>
      
            
      <Data Name=""Company"">Microsoft Corporation</Data>
      
            
      <Data Name=""OriginalFileName"">OptionalFeatures.EXE</Data>
      
            
      <Data Name=""CommandLine"">""C:\Windows\system32\OptionalFeatures.EXE""
                /enable-feature:NetFx3 /caller-name:mscoreei.dll</Data>
      
            
      <Data Name=""CurrentDirectory"">C:\Windows\system32\</Data>
      
            
      <Data Name=""User"">WINDEV2309EVAL\User</Data>
      
            
      <Data Name=""LogonGuid"">{f57bd86a-36f9-658c-bff7-020000000000}</Data>
      
            
      <Data Name=""LogonId"">0x2f7bf</Data>
      
            
      <Data Name=""TerminalSessionId"">1</Data>
      
            
      <Data Name=""IntegrityLevel"">High</Data>
      
            
      <Data Name=""Hashes"">
                MD5=A63450B73D5D9CA4FD80F2BA5D60FAD2,SHA256=7E268E84BE367E28D1D97637CC1E024E7740B04C61A21B76021A315D60B535A9,IMPHASH=B1DA23E5BF146552E38FA70DEE47601E</Data>
      
            
      <Data Name=""ParentProcessGuid"">{f57bd86a-5a99-658c-c001-000000000f00}</Data>
      
            
      <Data Name=""ParentProcessId"">10712</Data>
      
            
      <Data Name=""ParentImage"">C:\Windows\System32\Fondue.exe</Data>
      
            
      <Data Name=""ParentCommandLine"">""C:\Windows\system32\fondue.exe"" /enable-feature:NetFx3
                /caller-name:mscoreei.dll</Data>
      
            
      <Data Name=""ParentUser"">WINDEV2309EVAL\User</Data>
      
        
    </EventData>
    
    
  </Event>
  
    
  
"
Microsoft-Windows-Sysmon/Operational,consent.exe 6032 462 000001B71E653C70,Microsoft Corporation,WinDev2309Eval,,C:\Windows\system32\,Consent UI for administrative applications,,1,19580,,10.0.22621.2506 (WinBuild.160101.0800),"
                MD5=8F81A5DDAA613AE681DA25B86F727E6B,SHA256=8191FB83695F7B60B9D2D137B571EA6FFE34ED6DFAE48866BFBDC934806D5229,IMPHASH=5D0C875DBD930A73D5A983016E384930",C:\Windows\System32\consent.exe,System,0x8000000000000000,4,{f57bd86a-36f5-658c-e703-000000000000},0x3e7,0,consent.exe,C:\Windows\system32\svchost.exe -k netsvcs -p -s Appinfo,C:\Windows\System32\svchost.exe,{f57bd86a-36fc-658c-7f00-000000000f00},6032,NT AUTHORITY\SYSTEM,{f57bd86a-5aa1-658c-c201-000000000f00},3588,3836,Microsoft® Windows® Operating System,,,,-,2023-12-27T17:10:57.7087096Z,,,1,1,5124,NT AUTHORITY\SYSTEM,S-1-5-18,2023-12-27 17:10:57.707,5,"<Event xmlns=""http://schemas.microsoft.com/win/2004/08/events/event"">
    
        
    <System>
      
            
      <Provider Name=""Microsoft-Windows-Sysmon"" Guid=""{5770385f-c22a-43e0-bf4c-06f5698ffbd9}""/>
      
            
      <EventID>1</EventID>
      
            
      <Version>5</Version>
      
            
      <Level>4</Level>
      
            
      <Task>1</Task>
      
            
      <Opcode>0</Opcode>
      
            
      <Keywords>0x8000000000000000</Keywords>
      
            
      <TimeCreated SystemTime=""2023-12-27T17:10:57.7087096Z""/>
      
            
      <EventRecordID>19580</EventRecordID>
      
            
      <Correlation/>
      
            
      <Execution ProcessID=""3588"" ThreadID=""5124""/>
      
            
      <Channel>Microsoft-Windows-Sysmon/Operational</Channel>
      
            
      <Computer>WinDev2309Eval</Computer>
      
            
      <Security UserID=""S-1-5-18""/>
      
        
    </System>
    
        
    <EventData>
      
            
      <Data Name=""RuleName"">-</Data>
      
            
      <Data Name=""UtcTime"">2023-12-27 17:10:57.707</Data>
      
            
      <Data Name=""ProcessGuid"">{f57bd86a-5aa1-658c-c201-000000000f00}</Data>
      
            
      <Data Name=""ProcessId"">3836</Data>
      
            
      <Data Name=""Image"">C:\Windows\System32\consent.exe</Data>
      
            
      <Data Name=""FileVersion"">10.0.22621.2506 (WinBuild.160101.0800)</Data>
      
            
      <Data Name=""Description"">Consent UI for administrative applications</Data>
      
            
      <Data Name=""Product"">Microsoft&#174; Windows&#174; Operating System</Data>
      
            
      <Data Name=""Company"">Microsoft Corporation</Data>
      
            
      <Data Name=""OriginalFileName"">consent.exe</Data>
      
            
      <Data Name=""CommandLine"">consent.exe 6032 462 000001B71E653C70</Data>
      
            
      <Data Name=""CurrentDirectory"">C:\Windows\system32\</Data>
      
            
      <Data Name=""User"">NT AUTHORITY\SYSTEM</Data>
      
            
      <Data Name=""LogonGuid"">{f57bd86a-36f5-658c-e703-000000000000}</Data>
      
            
      <Data Name=""LogonId"">0x3e7</Data>
      
            
      <Data Name=""TerminalSessionId"">1</Data>
      
            
      <Data Name=""IntegrityLevel"">System</Data>
      
            
      <Data Name=""Hashes"">
                MD5=8F81A5DDAA613AE681DA25B86F727E6B,SHA256=8191FB83695F7B60B9D2D137B571EA6FFE34ED6DFAE48866BFBDC934806D5229,IMPHASH=5D0C875DBD930A73D5A983016E384930</Data>
      
            
      <Data Name=""ParentProcessGuid"">{f57bd86a-36fc-658c-7f00-000000000f00}</Data>
      
            
      <Data Name=""ParentProcessId"">6032</Data>
      
            
      <Data Name=""ParentImage"">C:\Windows\System32\svchost.exe</Data>
      
            
      <Data Name=""ParentCommandLine"">C:\Windows\system32\svchost.exe -k netsvcs -p -s Appinfo</Data>
      
            
      <Data Name=""ParentUser"">NT AUTHORITY\SYSTEM</Data>
      
        
    </EventData>
    
    
  </Event>
  
    
  
"
