Microsoft-Windows-Sysmon/Operational,"""C:\Windows\System32\WScript.exe""
                ""C:\Users\User\AppData\Local\Temp\T1036.003_masquerading.xls.vbs"" ",Microsoft Corporation,WinDev2309Eval,,,C:\Users\User\AppData\Local\Temp\,Microsoft ® Windows Based Script Host,1,19628,5.812.10240.16384,,"
                MD5=CD3C1773CEF2611325FA884926090538,SHA256=7478B567C9EC9A1E1061F9C6DB2993FCDC2EC4E8FB5CA6DA80FA307B54116E69,IMPHASH=ACD7356FA52D4E2866A873BF9AB94256",C:\Windows\System32\wscript.exe,Medium,0x8000000000000000,4,{f57bd86a-36f9-658c-7bf8-020000000000},0x2f87b,0,wscript.exe,"""cmd.exe"" /c copy ""C:\Windows\System32\calc.exe""
                %temp%\T1036.003_masquerading.docx.exe /Y & copy ""C:\Windows\System32\calc.exe""
                %temp%\T1036.003_masquerading.pdf.exe /Y & copy ""C:\Windows\System32\calc.exe""
                %temp%\T1036.003_masquerading.ps1.exe /Y & copy
                ""C:\AtomicRedTeam\atomics\T1036.003\src\T1036.003_masquerading.vbs""
                %temp%\T1036.003_masquerading.xls.vbs /Y & copy
                ""C:\AtomicRedTeam\atomics\T1036.003\src\T1036.003_masquerading.vbs""
                %temp%\T1036.003_masquerading.xlsx.vbs /Y & copy
                ""C:\AtomicRedTeam\atomics\T1036.003\src\T1036.003_masquerading.vbs""
                %temp%\T1036.003_masquerading.png.vbs /Y & copy
                ""C:\AtomicRedTeam\atomics\T1036.003\src\T1036.003_masquerading.ps1""
                %temp%\T1036.003_masquerading.doc.ps1 /Y & copy
                ""C:\AtomicRedTeam\atomics\T1036.003\src\T1036.003_masquerading.ps1""
                %temp%\T1036.003_masquerading.pdf.ps1 /Y & copy
                ""C:\AtomicRedTeam\atomics\T1036.003\src\T1036.003_masquerading.ps1""
                %temp%\T1036.003_masquerading.rtf.ps1 /Y &
                %temp%\T1036.003_masquerading.docx.exe & %temp%\T1036.003_masquerading.pdf.exe
                & %temp%\T1036.003_masquerading.ps1.exe &
                %temp%\T1036.003_masquerading.xls.vbs & %temp%\T1036.003_masquerading.xlsx.vbs
                & %temp%\T1036.003_masquerading.png.vbs &
                C:\Windows\System32\WindowsPowerShell\v1.0\powershell.exe -File
                %temp%\T1036.003_masquerading.doc.ps1 &
                C:\Windows\System32\WindowsPowerShell\v1.0\powershell.exe -File
                %temp%\T1036.003_masquerading.pdf.ps1 &
                C:\Windows\System32\WindowsPowerShell\v1.0\powershell.exe -File
                %temp%\T1036.003_masquerading.rtf.ps1",C:\Windows\System32\cmd.exe,{f57bd86a-6332-658c-da01-000000000f00},7492,WINDEV2309EVAL\User,{f57bd86a-6335-658c-e201-000000000f00},3588,7652,Microsoft ® Windows Script Host,,,,-,2023-12-27T17:47:33.5355503Z,,1,1,5124,WINDEV2309EVAL\User,S-1-5-18,2023-12-27 17:47:33.533,5,"<Event xmlns=""http://schemas.microsoft.com/win/2004/08/events/event"">
    
        
    <System>
      
            
      <Provider Name=""Microsoft-Windows-Sysmon"" Guid=""{5770385f-c22a-43e0-bf4c-06f5698ffbd9}""/>
      
            
      <EventID>1</EventID>
      
            
      <Version>5</Version>
      
            
      <Level>4</Level>
      
            
      <Task>1</Task>
      
            
      <Opcode>0</Opcode>
      
            
      <Keywords>0x8000000000000000</Keywords>
      
            
      <TimeCreated SystemTime=""2023-12-27T17:47:33.5355503Z""/>
      
            
      <EventRecordID>19628</EventRecordID>
      
            
      <Correlation/>
      
            
      <Execution ProcessID=""3588"" ThreadID=""5124""/>
      
            
      <Channel>Microsoft-Windows-Sysmon/Operational</Channel>
      
            
      <Computer>WinDev2309Eval</Computer>
      
            
      <Security UserID=""S-1-5-18""/>
      
        
    </System>
    
        
    <EventData>
      
            
      <Data Name=""RuleName"">-</Data>
      
            
      <Data Name=""UtcTime"">2023-12-27 17:47:33.533</Data>
      
            
      <Data Name=""ProcessGuid"">{f57bd86a-6335-658c-e201-000000000f00}</Data>
      
            
      <Data Name=""ProcessId"">7652</Data>
      
            
      <Data Name=""Image"">C:\Windows\System32\wscript.exe</Data>
      
            
      <Data Name=""FileVersion"">5.812.10240.16384</Data>
      
            
      <Data Name=""Description"">Microsoft &#174; Windows Based Script Host</Data>
      
            
      <Data Name=""Product"">Microsoft &#174; Windows Script Host</Data>
      
            
      <Data Name=""Company"">Microsoft Corporation</Data>
      
            
      <Data Name=""OriginalFileName"">wscript.exe</Data>
      
            
      <Data Name=""CommandLine"">""C:\Windows\System32\WScript.exe""
                ""C:\Users\User\AppData\Local\Temp\T1036.003_masquerading.xls.vbs"" </Data>
      
            
      <Data Name=""CurrentDirectory"">C:\Users\User\AppData\Local\Temp\</Data>
      
            
      <Data Name=""User"">WINDEV2309EVAL\User</Data>
      
            
      <Data Name=""LogonGuid"">{f57bd86a-36f9-658c-7bf8-020000000000}</Data>
      
            
      <Data Name=""LogonId"">0x2f87b</Data>
      
            
      <Data Name=""TerminalSessionId"">1</Data>
      
            
      <Data Name=""IntegrityLevel"">Medium</Data>
      
            
      <Data Name=""Hashes"">
                MD5=CD3C1773CEF2611325FA884926090538,SHA256=7478B567C9EC9A1E1061F9C6DB2993FCDC2EC4E8FB5CA6DA80FA307B54116E69,IMPHASH=ACD7356FA52D4E2866A873BF9AB94256</Data>
      
            
      <Data Name=""ParentProcessGuid"">{f57bd86a-6332-658c-da01-000000000f00}</Data>
      
            
      <Data Name=""ParentProcessId"">7492</Data>
      
            
      <Data Name=""ParentImage"">C:\Windows\System32\cmd.exe</Data>
      
            
      <Data Name=""ParentCommandLine"">""cmd.exe"" /c copy ""C:\Windows\System32\calc.exe""
                %temp%\T1036.003_masquerading.docx.exe /Y &amp; copy ""C:\Windows\System32\calc.exe""
                %temp%\T1036.003_masquerading.pdf.exe /Y &amp; copy ""C:\Windows\System32\calc.exe""
                %temp%\T1036.003_masquerading.ps1.exe /Y &amp; copy
                ""C:\AtomicRedTeam\atomics\T1036.003\src\T1036.003_masquerading.vbs""
                %temp%\T1036.003_masquerading.xls.vbs /Y &amp; copy
                ""C:\AtomicRedTeam\atomics\T1036.003\src\T1036.003_masquerading.vbs""
                %temp%\T1036.003_masquerading.xlsx.vbs /Y &amp; copy
                ""C:\AtomicRedTeam\atomics\T1036.003\src\T1036.003_masquerading.vbs""
                %temp%\T1036.003_masquerading.png.vbs /Y &amp; copy
                ""C:\AtomicRedTeam\atomics\T1036.003\src\T1036.003_masquerading.ps1""
                %temp%\T1036.003_masquerading.doc.ps1 /Y &amp; copy
                ""C:\AtomicRedTeam\atomics\T1036.003\src\T1036.003_masquerading.ps1""
                %temp%\T1036.003_masquerading.pdf.ps1 /Y &amp; copy
                ""C:\AtomicRedTeam\atomics\T1036.003\src\T1036.003_masquerading.ps1""
                %temp%\T1036.003_masquerading.rtf.ps1 /Y &amp;
                %temp%\T1036.003_masquerading.docx.exe &amp; %temp%\T1036.003_masquerading.pdf.exe
                &amp; %temp%\T1036.003_masquerading.ps1.exe &amp;
                %temp%\T1036.003_masquerading.xls.vbs &amp; %temp%\T1036.003_masquerading.xlsx.vbs
                &amp; %temp%\T1036.003_masquerading.png.vbs &amp;
                C:\Windows\System32\WindowsPowerShell\v1.0\powershell.exe -File
                %temp%\T1036.003_masquerading.doc.ps1 &amp;
                C:\Windows\System32\WindowsPowerShell\v1.0\powershell.exe -File
                %temp%\T1036.003_masquerading.pdf.ps1 &amp;
                C:\Windows\System32\WindowsPowerShell\v1.0\powershell.exe -File
                %temp%\T1036.003_masquerading.rtf.ps1</Data>
      
            
      <Data Name=""ParentUser"">WINDEV2309EVAL\User</Data>
      
        
    </EventData>
    
    
  </Event>
  
    
  
"
Microsoft-Windows-Sysmon/Operational,,,WinDev2309Eval,,,,,5,19627,,,,C:\Users\User\AppData\Local\Temp\T1036.003_masquerading.ps1.exe,,0x8000000000000000,4,,,0,,,,,,,{f57bd86a-6333-658c-e001-000000000f00},3588,10432,,,,,-,2023-12-27T17:47:32.0383425Z,,5,,5124,WINDEV2309EVAL\User,S-1-5-18,2023-12-27 17:47:32.026,3,"<Event xmlns=""http://schemas.microsoft.com/win/2004/08/events/event"">
    
        
    <System>
      
            
      <Provider Name=""Microsoft-Windows-Sysmon"" Guid=""{5770385f-c22a-43e0-bf4c-06f5698ffbd9}""/>
      
            
      <EventID>5</EventID>
      
            
      <Version>3</Version>
      
            
      <Level>4</Level>
      
            
      <Task>5</Task>
      
            
      <Opcode>0</Opcode>
      
            
      <Keywords>0x8000000000000000</Keywords>
      
            
      <TimeCreated SystemTime=""2023-12-27T17:47:32.0383425Z""/>
      
            
      <EventRecordID>19627</EventRecordID>
      
            
      <Correlation/>
      
            
      <Execution ProcessID=""3588"" ThreadID=""5124""/>
      
            
      <Channel>Microsoft-Windows-Sysmon/Operational</Channel>
      
            
      <Computer>WinDev2309Eval</Computer>
      
            
      <Security UserID=""S-1-5-18""/>
      
        
    </System>
    
        
    <EventData>
      
            
      <Data Name=""RuleName"">-</Data>
      
            
      <Data Name=""UtcTime"">2023-12-27 17:47:32.026</Data>
      
            
      <Data Name=""ProcessGuid"">{f57bd86a-6333-658c-e001-000000000f00}</Data>
      
            
      <Data Name=""ProcessId"">10432</Data>
      
            
      <Data Name=""Image"">C:\Users\User\AppData\Local\Temp\T1036.003_masquerading.ps1.exe</Data>
      
            
      <Data Name=""User"">WINDEV2309EVAL\User</Data>
      
        
    </EventData>
    
    
  </Event>
  
    
  
"
Microsoft-Windows-Sysmon/Operational,C:\Users\User\AppData\Local\Temp\T1036.003_masquerading.ps1.exe ,Microsoft Corporation,WinDev2309Eval,,,C:\Users\User\AppData\Local\Temp\,Windows Calculator,1,19626,10.0.22621.1 (WinBuild.160101.0800),,"
                MD5=2F82623F9523C0D167862CAD0EFF6806,SHA256=9C2C8A8588FE6DB09C09337E78437CB056CD557DB1BCF5240112CBFB7B600EFB,IMPHASH=8EEAA9499666119D13B3F44ECD77A729",C:\Users\User\AppData\Local\Temp\T1036.003_masquerading.ps1.exe,Medium,0x8000000000000000,4,{f57bd86a-36f9-658c-7bf8-020000000000},0x2f87b,0,CALC.EXE,"""cmd.exe"" /c copy ""C:\Windows\System32\calc.exe""
                %temp%\T1036.003_masquerading.docx.exe /Y & copy ""C:\Windows\System32\calc.exe""
                %temp%\T1036.003_masquerading.pdf.exe /Y & copy ""C:\Windows\System32\calc.exe""
                %temp%\T1036.003_masquerading.ps1.exe /Y & copy
                ""C:\AtomicRedTeam\atomics\T1036.003\src\T1036.003_masquerading.vbs""
                %temp%\T1036.003_masquerading.xls.vbs /Y & copy
                ""C:\AtomicRedTeam\atomics\T1036.003\src\T1036.003_masquerading.vbs""
                %temp%\T1036.003_masquerading.xlsx.vbs /Y & copy
                ""C:\AtomicRedTeam\atomics\T1036.003\src\T1036.003_masquerading.vbs""
                %temp%\T1036.003_masquerading.png.vbs /Y & copy
                ""C:\AtomicRedTeam\atomics\T1036.003\src\T1036.003_masquerading.ps1""
                %temp%\T1036.003_masquerading.doc.ps1 /Y & copy
                ""C:\AtomicRedTeam\atomics\T1036.003\src\T1036.003_masquerading.ps1""
                %temp%\T1036.003_masquerading.pdf.ps1 /Y & copy
                ""C:\AtomicRedTeam\atomics\T1036.003\src\T1036.003_masquerading.ps1""
                %temp%\T1036.003_masquerading.rtf.ps1 /Y &
                %temp%\T1036.003_masquerading.docx.exe & %temp%\T1036.003_masquerading.pdf.exe
                & %temp%\T1036.003_masquerading.ps1.exe &
                %temp%\T1036.003_masquerading.xls.vbs & %temp%\T1036.003_masquerading.xlsx.vbs
                & %temp%\T1036.003_masquerading.png.vbs &
                C:\Windows\System32\WindowsPowerShell\v1.0\powershell.exe -File
                %temp%\T1036.003_masquerading.doc.ps1 &
                C:\Windows\System32\WindowsPowerShell\v1.0\powershell.exe -File
                %temp%\T1036.003_masquerading.pdf.ps1 &
                C:\Windows\System32\WindowsPowerShell\v1.0\powershell.exe -File
                %temp%\T1036.003_masquerading.rtf.ps1",C:\Windows\System32\cmd.exe,{f57bd86a-6332-658c-da01-000000000f00},7492,WINDEV2309EVAL\User,{f57bd86a-6333-658c-e001-000000000f00},3588,10432,Microsoft® Windows® Operating System,,,,-,2023-12-27T17:47:31.6877487Z,,1,1,5124,WINDEV2309EVAL\User,S-1-5-18,2023-12-27 17:47:31.686,5,"<Event xmlns=""http://schemas.microsoft.com/win/2004/08/events/event"">
    
        
    <System>
      
            
      <Provider Name=""Microsoft-Windows-Sysmon"" Guid=""{5770385f-c22a-43e0-bf4c-06f5698ffbd9}""/>
      
            
      <EventID>1</EventID>
      
            
      <Version>5</Version>
      
            
      <Level>4</Level>
      
            
      <Task>1</Task>
      
            
      <Opcode>0</Opcode>
      
            
      <Keywords>0x8000000000000000</Keywords>
      
            
      <TimeCreated SystemTime=""2023-12-27T17:47:31.6877487Z""/>
      
            
      <EventRecordID>19626</EventRecordID>
      
            
      <Correlation/>
      
            
      <Execution ProcessID=""3588"" ThreadID=""5124""/>
      
            
      <Channel>Microsoft-Windows-Sysmon/Operational</Channel>
      
            
      <Computer>WinDev2309Eval</Computer>
      
            
      <Security UserID=""S-1-5-18""/>
      
        
    </System>
    
        
    <EventData>
      
            
      <Data Name=""RuleName"">-</Data>
      
            
      <Data Name=""UtcTime"">2023-12-27 17:47:31.686</Data>
      
            
      <Data Name=""ProcessGuid"">{f57bd86a-6333-658c-e001-000000000f00}</Data>
      
            
      <Data Name=""ProcessId"">10432</Data>
      
            
      <Data Name=""Image"">C:\Users\User\AppData\Local\Temp\T1036.003_masquerading.ps1.exe</Data>
      
            
      <Data Name=""FileVersion"">10.0.22621.1 (WinBuild.160101.0800)</Data>
      
            
      <Data Name=""Description"">Windows Calculator</Data>
      
            
      <Data Name=""Product"">Microsoft&#174; Windows&#174; Operating System</Data>
      
            
      <Data Name=""Company"">Microsoft Corporation</Data>
      
            
      <Data Name=""OriginalFileName"">CALC.EXE</Data>
      
            
      <Data Name=""CommandLine"">C:\Users\User\AppData\Local\Temp\T1036.003_masquerading.ps1.exe </Data>
      
            
      <Data Name=""CurrentDirectory"">C:\Users\User\AppData\Local\Temp\</Data>
      
            
      <Data Name=""User"">WINDEV2309EVAL\User</Data>
      
            
      <Data Name=""LogonGuid"">{f57bd86a-36f9-658c-7bf8-020000000000}</Data>
      
            
      <Data Name=""LogonId"">0x2f87b</Data>
      
            
      <Data Name=""TerminalSessionId"">1</Data>
      
            
      <Data Name=""IntegrityLevel"">Medium</Data>
      
            
      <Data Name=""Hashes"">
                MD5=2F82623F9523C0D167862CAD0EFF6806,SHA256=9C2C8A8588FE6DB09C09337E78437CB056CD557DB1BCF5240112CBFB7B600EFB,IMPHASH=8EEAA9499666119D13B3F44ECD77A729</Data>
      
            
      <Data Name=""ParentProcessGuid"">{f57bd86a-6332-658c-da01-000000000f00}</Data>
      
            
      <Data Name=""ParentProcessId"">7492</Data>
      
            
      <Data Name=""ParentImage"">C:\Windows\System32\cmd.exe</Data>
      
            
      <Data Name=""ParentCommandLine"">""cmd.exe"" /c copy ""C:\Windows\System32\calc.exe""
                %temp%\T1036.003_masquerading.docx.exe /Y &amp; copy ""C:\Windows\System32\calc.exe""
                %temp%\T1036.003_masquerading.pdf.exe /Y &amp; copy ""C:\Windows\System32\calc.exe""
                %temp%\T1036.003_masquerading.ps1.exe /Y &amp; copy
                ""C:\AtomicRedTeam\atomics\T1036.003\src\T1036.003_masquerading.vbs""
                %temp%\T1036.003_masquerading.xls.vbs /Y &amp; copy
                ""C:\AtomicRedTeam\atomics\T1036.003\src\T1036.003_masquerading.vbs""
                %temp%\T1036.003_masquerading.xlsx.vbs /Y &amp; copy
                ""C:\AtomicRedTeam\atomics\T1036.003\src\T1036.003_masquerading.vbs""
                %temp%\T1036.003_masquerading.png.vbs /Y &amp; copy
                ""C:\AtomicRedTeam\atomics\T1036.003\src\T1036.003_masquerading.ps1""
                %temp%\T1036.003_masquerading.doc.ps1 /Y &amp; copy
                ""C:\AtomicRedTeam\atomics\T1036.003\src\T1036.003_masquerading.ps1""
                %temp%\T1036.003_masquerading.pdf.ps1 /Y &amp; copy
                ""C:\AtomicRedTeam\atomics\T1036.003\src\T1036.003_masquerading.ps1""
                %temp%\T1036.003_masquerading.rtf.ps1 /Y &amp;
                %temp%\T1036.003_masquerading.docx.exe &amp; %temp%\T1036.003_masquerading.pdf.exe
                &amp; %temp%\T1036.003_masquerading.ps1.exe &amp;
                %temp%\T1036.003_masquerading.xls.vbs &amp; %temp%\T1036.003_masquerading.xlsx.vbs
                &amp; %temp%\T1036.003_masquerading.png.vbs &amp;
                C:\Windows\System32\WindowsPowerShell\v1.0\powershell.exe -File
                %temp%\T1036.003_masquerading.doc.ps1 &amp;
                C:\Windows\System32\WindowsPowerShell\v1.0\powershell.exe -File
                %temp%\T1036.003_masquerading.pdf.ps1 &amp;
                C:\Windows\System32\WindowsPowerShell\v1.0\powershell.exe -File
                %temp%\T1036.003_masquerading.rtf.ps1</Data>
      
            
      <Data Name=""ParentUser"">WINDEV2309EVAL\User</Data>
      
        
    </EventData>
    
    
  </Event>
  
    
  
"
Microsoft-Windows-Sysmon/Operational,,,WinDev2309Eval,,,,,5,19625,,,,C:\Users\User\AppData\Local\Temp\T1036.003_masquerading.pdf.exe,,0x8000000000000000,4,,,0,,,,,,,{f57bd86a-6333-658c-df01-000000000f00},3588,10600,,,,,-,2023-12-27T17:47:31.6728316Z,,5,,5124,WINDEV2309EVAL\User,S-1-5-18,2023-12-27 17:47:31.667,3,"<Event xmlns=""http://schemas.microsoft.com/win/2004/08/events/event"">
    
        
    <System>
      
            
      <Provider Name=""Microsoft-Windows-Sysmon"" Guid=""{5770385f-c22a-43e0-bf4c-06f5698ffbd9}""/>
      
            
      <EventID>5</EventID>
      
            
      <Version>3</Version>
      
            
      <Level>4</Level>
      
            
      <Task>5</Task>
      
            
      <Opcode>0</Opcode>
      
            
      <Keywords>0x8000000000000000</Keywords>
      
            
      <TimeCreated SystemTime=""2023-12-27T17:47:31.6728316Z""/>
      
            
      <EventRecordID>19625</EventRecordID>
      
            
      <Correlation/>
      
            
      <Execution ProcessID=""3588"" ThreadID=""5124""/>
      
            
      <Channel>Microsoft-Windows-Sysmon/Operational</Channel>
      
            
      <Computer>WinDev2309Eval</Computer>
      
            
      <Security UserID=""S-1-5-18""/>
      
        
    </System>
    
        
    <EventData>
      
            
      <Data Name=""RuleName"">-</Data>
      
            
      <Data Name=""UtcTime"">2023-12-27 17:47:31.667</Data>
      
            
      <Data Name=""ProcessGuid"">{f57bd86a-6333-658c-df01-000000000f00}</Data>
      
            
      <Data Name=""ProcessId"">10600</Data>
      
            
      <Data Name=""Image"">C:\Users\User\AppData\Local\Temp\T1036.003_masquerading.pdf.exe</Data>
      
            
      <Data Name=""User"">WINDEV2309EVAL\User</Data>
      
        
    </EventData>
    
    
  </Event>
  
    
  
"
Microsoft-Windows-Sysmon/Operational,C:\Users\User\AppData\Local\Temp\T1036.003_masquerading.pdf.exe ,Microsoft Corporation,WinDev2309Eval,,,C:\Users\User\AppData\Local\Temp\,Windows Calculator,1,19624,10.0.22621.1 (WinBuild.160101.0800),,"
                MD5=2F82623F9523C0D167862CAD0EFF6806,SHA256=9C2C8A8588FE6DB09C09337E78437CB056CD557DB1BCF5240112CBFB7B600EFB,IMPHASH=8EEAA9499666119D13B3F44ECD77A729",C:\Users\User\AppData\Local\Temp\T1036.003_masquerading.pdf.exe,Medium,0x8000000000000000,4,{f57bd86a-36f9-658c-7bf8-020000000000},0x2f87b,0,CALC.EXE,"""cmd.exe"" /c copy ""C:\Windows\System32\calc.exe""
                %temp%\T1036.003_masquerading.docx.exe /Y & copy ""C:\Windows\System32\calc.exe""
                %temp%\T1036.003_masquerading.pdf.exe /Y & copy ""C:\Windows\System32\calc.exe""
                %temp%\T1036.003_masquerading.ps1.exe /Y & copy
                ""C:\AtomicRedTeam\atomics\T1036.003\src\T1036.003_masquerading.vbs""
                %temp%\T1036.003_masquerading.xls.vbs /Y & copy
                ""C:\AtomicRedTeam\atomics\T1036.003\src\T1036.003_masquerading.vbs""
                %temp%\T1036.003_masquerading.xlsx.vbs /Y & copy
                ""C:\AtomicRedTeam\atomics\T1036.003\src\T1036.003_masquerading.vbs""
                %temp%\T1036.003_masquerading.png.vbs /Y & copy
                ""C:\AtomicRedTeam\atomics\T1036.003\src\T1036.003_masquerading.ps1""
                %temp%\T1036.003_masquerading.doc.ps1 /Y & copy
                ""C:\AtomicRedTeam\atomics\T1036.003\src\T1036.003_masquerading.ps1""
                %temp%\T1036.003_masquerading.pdf.ps1 /Y & copy
                ""C:\AtomicRedTeam\atomics\T1036.003\src\T1036.003_masquerading.ps1""
                %temp%\T1036.003_masquerading.rtf.ps1 /Y &
                %temp%\T1036.003_masquerading.docx.exe & %temp%\T1036.003_masquerading.pdf.exe
                & %temp%\T1036.003_masquerading.ps1.exe &
                %temp%\T1036.003_masquerading.xls.vbs & %temp%\T1036.003_masquerading.xlsx.vbs
                & %temp%\T1036.003_masquerading.png.vbs &
                C:\Windows\System32\WindowsPowerShell\v1.0\powershell.exe -File
                %temp%\T1036.003_masquerading.doc.ps1 &
                C:\Windows\System32\WindowsPowerShell\v1.0\powershell.exe -File
                %temp%\T1036.003_masquerading.pdf.ps1 &
                C:\Windows\System32\WindowsPowerShell\v1.0\powershell.exe -File
                %temp%\T1036.003_masquerading.rtf.ps1",C:\Windows\System32\cmd.exe,{f57bd86a-6332-658c-da01-000000000f00},7492,WINDEV2309EVAL\User,{f57bd86a-6333-658c-df01-000000000f00},3588,10600,Microsoft® Windows® Operating System,,,,-,2023-12-27T17:47:31.3542602Z,,1,1,5124,WINDEV2309EVAL\User,S-1-5-18,2023-12-27 17:47:31.353,5,"<Event xmlns=""http://schemas.microsoft.com/win/2004/08/events/event"">
    
        
    <System>
      
            
      <Provider Name=""Microsoft-Windows-Sysmon"" Guid=""{5770385f-c22a-43e0-bf4c-06f5698ffbd9}""/>
      
            
      <EventID>1</EventID>
      
            
      <Version>5</Version>
      
            
      <Level>4</Level>
      
            
      <Task>1</Task>
      
            
      <Opcode>0</Opcode>
      
            
      <Keywords>0x8000000000000000</Keywords>
      
            
      <TimeCreated SystemTime=""2023-12-27T17:47:31.3542602Z""/>
      
            
      <EventRecordID>19624</EventRecordID>
      
            
      <Correlation/>
      
            
      <Execution ProcessID=""3588"" ThreadID=""5124""/>
      
            
      <Channel>Microsoft-Windows-Sysmon/Operational</Channel>
      
            
      <Computer>WinDev2309Eval</Computer>
      
            
      <Security UserID=""S-1-5-18""/>
      
        
    </System>
    
        
    <EventData>
      
            
      <Data Name=""RuleName"">-</Data>
      
            
      <Data Name=""UtcTime"">2023-12-27 17:47:31.353</Data>
      
            
      <Data Name=""ProcessGuid"">{f57bd86a-6333-658c-df01-000000000f00}</Data>
      
            
      <Data Name=""ProcessId"">10600</Data>
      
            
      <Data Name=""Image"">C:\Users\User\AppData\Local\Temp\T1036.003_masquerading.pdf.exe</Data>
      
            
      <Data Name=""FileVersion"">10.0.22621.1 (WinBuild.160101.0800)</Data>
      
            
      <Data Name=""Description"">Windows Calculator</Data>
      
            
      <Data Name=""Product"">Microsoft&#174; Windows&#174; Operating System</Data>
      
            
      <Data Name=""Company"">Microsoft Corporation</Data>
      
            
      <Data Name=""OriginalFileName"">CALC.EXE</Data>
      
            
      <Data Name=""CommandLine"">C:\Users\User\AppData\Local\Temp\T1036.003_masquerading.pdf.exe </Data>
      
            
      <Data Name=""CurrentDirectory"">C:\Users\User\AppData\Local\Temp\</Data>
      
            
      <Data Name=""User"">WINDEV2309EVAL\User</Data>
      
            
      <Data Name=""LogonGuid"">{f57bd86a-36f9-658c-7bf8-020000000000}</Data>
      
            
      <Data Name=""LogonId"">0x2f87b</Data>
      
            
      <Data Name=""TerminalSessionId"">1</Data>
      
            
      <Data Name=""IntegrityLevel"">Medium</Data>
      
            
      <Data Name=""Hashes"">
                MD5=2F82623F9523C0D167862CAD0EFF6806,SHA256=9C2C8A8588FE6DB09C09337E78437CB056CD557DB1BCF5240112CBFB7B600EFB,IMPHASH=8EEAA9499666119D13B3F44ECD77A729</Data>
      
            
      <Data Name=""ParentProcessGuid"">{f57bd86a-6332-658c-da01-000000000f00}</Data>
      
            
      <Data Name=""ParentProcessId"">7492</Data>
      
            
      <Data Name=""ParentImage"">C:\Windows\System32\cmd.exe</Data>
      
            
      <Data Name=""ParentCommandLine"">""cmd.exe"" /c copy ""C:\Windows\System32\calc.exe""
                %temp%\T1036.003_masquerading.docx.exe /Y &amp; copy ""C:\Windows\System32\calc.exe""
                %temp%\T1036.003_masquerading.pdf.exe /Y &amp; copy ""C:\Windows\System32\calc.exe""
                %temp%\T1036.003_masquerading.ps1.exe /Y &amp; copy
                ""C:\AtomicRedTeam\atomics\T1036.003\src\T1036.003_masquerading.vbs""
                %temp%\T1036.003_masquerading.xls.vbs /Y &amp; copy
                ""C:\AtomicRedTeam\atomics\T1036.003\src\T1036.003_masquerading.vbs""
                %temp%\T1036.003_masquerading.xlsx.vbs /Y &amp; copy
                ""C:\AtomicRedTeam\atomics\T1036.003\src\T1036.003_masquerading.vbs""
                %temp%\T1036.003_masquerading.png.vbs /Y &amp; copy
                ""C:\AtomicRedTeam\atomics\T1036.003\src\T1036.003_masquerading.ps1""
                %temp%\T1036.003_masquerading.doc.ps1 /Y &amp; copy
                ""C:\AtomicRedTeam\atomics\T1036.003\src\T1036.003_masquerading.ps1""
                %temp%\T1036.003_masquerading.pdf.ps1 /Y &amp; copy
                ""C:\AtomicRedTeam\atomics\T1036.003\src\T1036.003_masquerading.ps1""
                %temp%\T1036.003_masquerading.rtf.ps1 /Y &amp;
                %temp%\T1036.003_masquerading.docx.exe &amp; %temp%\T1036.003_masquerading.pdf.exe
                &amp; %temp%\T1036.003_masquerading.ps1.exe &amp;
                %temp%\T1036.003_masquerading.xls.vbs &amp; %temp%\T1036.003_masquerading.xlsx.vbs
                &amp; %temp%\T1036.003_masquerading.png.vbs &amp;
                C:\Windows\System32\WindowsPowerShell\v1.0\powershell.exe -File
                %temp%\T1036.003_masquerading.doc.ps1 &amp;
                C:\Windows\System32\WindowsPowerShell\v1.0\powershell.exe -File
                %temp%\T1036.003_masquerading.pdf.ps1 &amp;
                C:\Windows\System32\WindowsPowerShell\v1.0\powershell.exe -File
                %temp%\T1036.003_masquerading.rtf.ps1</Data>
      
            
      <Data Name=""ParentUser"">WINDEV2309EVAL\User</Data>
      
        
    </EventData>
    
    
  </Event>
  
    
  
"
Microsoft-Windows-Sysmon/Operational,,,WinDev2309Eval,,,,,5,19623,,,,C:\Users\User\AppData\Local\Temp\T1036.003_masquerading.docx.exe,,0x8000000000000000,4,,,0,,,,,,,{f57bd86a-6332-658c-dc01-000000000f00},3588,1456,,,,,-,2023-12-27T17:47:31.3479935Z,,5,,5124,WINDEV2309EVAL\User,S-1-5-18,2023-12-27 17:47:31.338,3,"<Event xmlns=""http://schemas.microsoft.com/win/2004/08/events/event"">
    
        
    <System>
      
            
      <Provider Name=""Microsoft-Windows-Sysmon"" Guid=""{5770385f-c22a-43e0-bf4c-06f5698ffbd9}""/>
      
            
      <EventID>5</EventID>
      
            
      <Version>3</Version>
      
            
      <Level>4</Level>
      
            
      <Task>5</Task>
      
            
      <Opcode>0</Opcode>
      
            
      <Keywords>0x8000000000000000</Keywords>
      
            
      <TimeCreated SystemTime=""2023-12-27T17:47:31.3479935Z""/>
      
            
      <EventRecordID>19623</EventRecordID>
      
            
      <Correlation/>
      
            
      <Execution ProcessID=""3588"" ThreadID=""5124""/>
      
            
      <Channel>Microsoft-Windows-Sysmon/Operational</Channel>
      
            
      <Computer>WinDev2309Eval</Computer>
      
            
      <Security UserID=""S-1-5-18""/>
      
        
    </System>
    
        
    <EventData>
      
            
      <Data Name=""RuleName"">-</Data>
      
            
      <Data Name=""UtcTime"">2023-12-27 17:47:31.338</Data>
      
            
      <Data Name=""ProcessGuid"">{f57bd86a-6332-658c-dc01-000000000f00}</Data>
      
            
      <Data Name=""ProcessId"">1456</Data>
      
            
      <Data Name=""Image"">C:\Users\User\AppData\Local\Temp\T1036.003_masquerading.docx.exe</Data>
      
            
      <Data Name=""User"">WINDEV2309EVAL\User</Data>
      
        
    </EventData>
    
    
  </Event>
  
    
  
"
Microsoft-Windows-Sysmon/Operational,,,WinDev2309Eval,,,,,22,19622,,,,C:\Windows\System32\wbem\WmiPrvSE.exe,,0x8000000000000000,4,,,0,,,,,,,{f57bd86a-36fa-658c-6a00-000000000f00},3588,4444,,WINDEV2309EVAL,"
                fe80::3c85:6ac4:1ab8:5e25;fe80::c03b:b06a:788e:58d4;::ffff:192.168.36.130;::ffff:192.168.126.163;",0,-,2023-12-27T17:47:31.2923780Z,,22,,5164,NT AUTHORITY\NETWORK SERVICE,S-1-5-18,2023-12-27 14:56:58.114,5,"<Event xmlns=""http://schemas.microsoft.com/win/2004/08/events/event"">
    
        
    <System>
      
            
      <Provider Name=""Microsoft-Windows-Sysmon"" Guid=""{5770385f-c22a-43e0-bf4c-06f5698ffbd9}""/>
      
            
      <EventID>22</EventID>
      
            
      <Version>5</Version>
      
            
      <Level>4</Level>
      
            
      <Task>22</Task>
      
            
      <Opcode>0</Opcode>
      
            
      <Keywords>0x8000000000000000</Keywords>
      
            
      <TimeCreated SystemTime=""2023-12-27T17:47:31.2923780Z""/>
      
            
      <EventRecordID>19622</EventRecordID>
      
            
      <Correlation/>
      
            
      <Execution ProcessID=""3588"" ThreadID=""5164""/>
      
            
      <Channel>Microsoft-Windows-Sysmon/Operational</Channel>
      
            
      <Computer>WinDev2309Eval</Computer>
      
            
      <Security UserID=""S-1-5-18""/>
      
        
    </System>
    
        
    <EventData>
      
            
      <Data Name=""RuleName"">-</Data>
      
            
      <Data Name=""UtcTime"">2023-12-27 14:56:58.114</Data>
      
            
      <Data Name=""ProcessGuid"">{f57bd86a-36fa-658c-6a00-000000000f00}</Data>
      
            
      <Data Name=""ProcessId"">4444</Data>
      
            
      <Data Name=""QueryName"">WINDEV2309EVAL</Data>
      
            
      <Data Name=""QueryStatus"">0</Data>
      
            
      <Data Name=""QueryResults"">
                fe80::3c85:6ac4:1ab8:5e25;fe80::c03b:b06a:788e:58d4;::ffff:192.168.36.130;::ffff:192.168.126.163;</Data>
      
            
      <Data Name=""Image"">C:\Windows\System32\wbem\WmiPrvSE.exe</Data>
      
            
      <Data Name=""User"">NT AUTHORITY\NETWORK SERVICE</Data>
      
        
    </EventData>
    
    
  </Event>
  
    
  
"
Microsoft-Windows-Sysmon/Operational,"
                C:\Users\User\AppData\Local\Temp\T1036.003_masquerading.docx.exe  ",Microsoft Corporation,WinDev2309Eval,,,C:\Users\User\AppData\Local\Temp\,Windows Calculator,1,19621,10.0.22621.1 (WinBuild.160101.0800),,"
                MD5=2F82623F9523C0D167862CAD0EFF6806,SHA256=9C2C8A8588FE6DB09C09337E78437CB056CD557DB1BCF5240112CBFB7B600EFB,IMPHASH=8EEAA9499666119D13B3F44ECD77A729",C:\Users\User\AppData\Local\Temp\T1036.003_masquerading.docx.exe,Medium,0x8000000000000000,4,{f57bd86a-36f9-658c-7bf8-020000000000},0x2f87b,0,CALC.EXE,"""cmd.exe"" /c copy ""C:\Windows\System32\calc.exe""
                %temp%\T1036.003_masquerading.docx.exe /Y & copy ""C:\Windows\System32\calc.exe""
                %temp%\T1036.003_masquerading.pdf.exe /Y & copy ""C:\Windows\System32\calc.exe""
                %temp%\T1036.003_masquerading.ps1.exe /Y & copy
                ""C:\AtomicRedTeam\atomics\T1036.003\src\T1036.003_masquerading.vbs""
                %temp%\T1036.003_masquerading.xls.vbs /Y & copy
                ""C:\AtomicRedTeam\atomics\T1036.003\src\T1036.003_masquerading.vbs""
                %temp%\T1036.003_masquerading.xlsx.vbs /Y & copy
                ""C:\AtomicRedTeam\atomics\T1036.003\src\T1036.003_masquerading.vbs""
                %temp%\T1036.003_masquerading.png.vbs /Y & copy
                ""C:\AtomicRedTeam\atomics\T1036.003\src\T1036.003_masquerading.ps1""
                %temp%\T1036.003_masquerading.doc.ps1 /Y & copy
                ""C:\AtomicRedTeam\atomics\T1036.003\src\T1036.003_masquerading.ps1""
                %temp%\T1036.003_masquerading.pdf.ps1 /Y & copy
                ""C:\AtomicRedTeam\atomics\T1036.003\src\T1036.003_masquerading.ps1""
                %temp%\T1036.003_masquerading.rtf.ps1 /Y &
                %temp%\T1036.003_masquerading.docx.exe & %temp%\T1036.003_masquerading.pdf.exe
                & %temp%\T1036.003_masquerading.ps1.exe &
                %temp%\T1036.003_masquerading.xls.vbs & %temp%\T1036.003_masquerading.xlsx.vbs
                & %temp%\T1036.003_masquerading.png.vbs &
                C:\Windows\System32\WindowsPowerShell\v1.0\powershell.exe -File
                %temp%\T1036.003_masquerading.doc.ps1 &
                C:\Windows\System32\WindowsPowerShell\v1.0\powershell.exe -File
                %temp%\T1036.003_masquerading.pdf.ps1 &
                C:\Windows\System32\WindowsPowerShell\v1.0\powershell.exe -File
                %temp%\T1036.003_masquerading.rtf.ps1",C:\Windows\System32\cmd.exe,{f57bd86a-6332-658c-da01-000000000f00},7492,WINDEV2309EVAL\User,{f57bd86a-6332-658c-dc01-000000000f00},3588,1456,Microsoft® Windows® Operating System,,,,-,2023-12-27T17:47:30.8342321Z,,1,1,5124,WINDEV2309EVAL\User,S-1-5-18,2023-12-27 17:47:30.832,5,"<Event xmlns=""http://schemas.microsoft.com/win/2004/08/events/event"">
    
        
    <System>
      
            
      <Provider Name=""Microsoft-Windows-Sysmon"" Guid=""{5770385f-c22a-43e0-bf4c-06f5698ffbd9}""/>
      
            
      <EventID>1</EventID>
      
            
      <Version>5</Version>
      
            
      <Level>4</Level>
      
            
      <Task>1</Task>
      
            
      <Opcode>0</Opcode>
      
            
      <Keywords>0x8000000000000000</Keywords>
      
            
      <TimeCreated SystemTime=""2023-12-27T17:47:30.8342321Z""/>
      
            
      <EventRecordID>19621</EventRecordID>
      
            
      <Correlation/>
      
            
      <Execution ProcessID=""3588"" ThreadID=""5124""/>
      
            
      <Channel>Microsoft-Windows-Sysmon/Operational</Channel>
      
            
      <Computer>WinDev2309Eval</Computer>
      
            
      <Security UserID=""S-1-5-18""/>
      
        
    </System>
    
        
    <EventData>
      
            
      <Data Name=""RuleName"">-</Data>
      
            
      <Data Name=""UtcTime"">2023-12-27 17:47:30.832</Data>
      
            
      <Data Name=""ProcessGuid"">{f57bd86a-6332-658c-dc01-000000000f00}</Data>
      
            
      <Data Name=""ProcessId"">1456</Data>
      
            
      <Data Name=""Image"">C:\Users\User\AppData\Local\Temp\T1036.003_masquerading.docx.exe</Data>
      
            
      <Data Name=""FileVersion"">10.0.22621.1 (WinBuild.160101.0800)</Data>
      
            
      <Data Name=""Description"">Windows Calculator</Data>
      
            
      <Data Name=""Product"">Microsoft&#174; Windows&#174; Operating System</Data>
      
            
      <Data Name=""Company"">Microsoft Corporation</Data>
      
            
      <Data Name=""OriginalFileName"">CALC.EXE</Data>
      
            
      <Data Name=""CommandLine"">
                C:\Users\User\AppData\Local\Temp\T1036.003_masquerading.docx.exe  </Data>
      
            
      <Data Name=""CurrentDirectory"">C:\Users\User\AppData\Local\Temp\</Data>
      
            
      <Data Name=""User"">WINDEV2309EVAL\User</Data>
      
            
      <Data Name=""LogonGuid"">{f57bd86a-36f9-658c-7bf8-020000000000}</Data>
      
            
      <Data Name=""LogonId"">0x2f87b</Data>
      
            
      <Data Name=""TerminalSessionId"">1</Data>
      
            
      <Data Name=""IntegrityLevel"">Medium</Data>
      
            
      <Data Name=""Hashes"">
                MD5=2F82623F9523C0D167862CAD0EFF6806,SHA256=9C2C8A8588FE6DB09C09337E78437CB056CD557DB1BCF5240112CBFB7B600EFB,IMPHASH=8EEAA9499666119D13B3F44ECD77A729</Data>
      
            
      <Data Name=""ParentProcessGuid"">{f57bd86a-6332-658c-da01-000000000f00}</Data>
      
            
      <Data Name=""ParentProcessId"">7492</Data>
      
            
      <Data Name=""ParentImage"">C:\Windows\System32\cmd.exe</Data>
      
            
      <Data Name=""ParentCommandLine"">""cmd.exe"" /c copy ""C:\Windows\System32\calc.exe""
                %temp%\T1036.003_masquerading.docx.exe /Y &amp; copy ""C:\Windows\System32\calc.exe""
                %temp%\T1036.003_masquerading.pdf.exe /Y &amp; copy ""C:\Windows\System32\calc.exe""
                %temp%\T1036.003_masquerading.ps1.exe /Y &amp; copy
                ""C:\AtomicRedTeam\atomics\T1036.003\src\T1036.003_masquerading.vbs""
                %temp%\T1036.003_masquerading.xls.vbs /Y &amp; copy
                ""C:\AtomicRedTeam\atomics\T1036.003\src\T1036.003_masquerading.vbs""
                %temp%\T1036.003_masquerading.xlsx.vbs /Y &amp; copy
                ""C:\AtomicRedTeam\atomics\T1036.003\src\T1036.003_masquerading.vbs""
                %temp%\T1036.003_masquerading.png.vbs /Y &amp; copy
                ""C:\AtomicRedTeam\atomics\T1036.003\src\T1036.003_masquerading.ps1""
                %temp%\T1036.003_masquerading.doc.ps1 /Y &amp; copy
                ""C:\AtomicRedTeam\atomics\T1036.003\src\T1036.003_masquerading.ps1""
                %temp%\T1036.003_masquerading.pdf.ps1 /Y &amp; copy
                ""C:\AtomicRedTeam\atomics\T1036.003\src\T1036.003_masquerading.ps1""
                %temp%\T1036.003_masquerading.rtf.ps1 /Y &amp;
                %temp%\T1036.003_masquerading.docx.exe &amp; %temp%\T1036.003_masquerading.pdf.exe
                &amp; %temp%\T1036.003_masquerading.ps1.exe &amp;
                %temp%\T1036.003_masquerading.xls.vbs &amp; %temp%\T1036.003_masquerading.xlsx.vbs
                &amp; %temp%\T1036.003_masquerading.png.vbs &amp;
                C:\Windows\System32\WindowsPowerShell\v1.0\powershell.exe -File
                %temp%\T1036.003_masquerading.doc.ps1 &amp;
                C:\Windows\System32\WindowsPowerShell\v1.0\powershell.exe -File
                %temp%\T1036.003_masquerading.pdf.ps1 &amp;
                C:\Windows\System32\WindowsPowerShell\v1.0\powershell.exe -File
                %temp%\T1036.003_masquerading.rtf.ps1</Data>
      
            
      <Data Name=""ParentUser"">WINDEV2309EVAL\User</Data>
      
        
    </EventData>
    
    
  </Event>
  
    
  
"
Microsoft-Windows-Sysmon/Operational,,,WinDev2309Eval,硅瑩倭卓獥楳湯,2023-12-27 17:47:30.822,,,15,19620,,"
                MD5=107417694FE308B4C31E2F1A45B6A737,SHA256=DE37F1F2D3E156694E58DC81143983C1084302F5CA837A6EA4F29A98F839FBDF,IMPHASH=00000000000000000000000000000000",,C:\Windows\SYSTEM32\cmd.exe,,0x8000000000000000,4,,,0,,,,,,,{f57bd86a-6332-658c-da01-000000000f00},3588,7492,,,,,-,2023-12-27T17:47:30.8247823Z,"
                C:\Users\User\AppData\Local\Temp\T1036.003_masquerading.rtf.ps1",15,,5124,WINDEV2309EVAL\User,S-1-5-18,2023-12-27 17:47:30.822,2,"<Event xmlns=""http://schemas.microsoft.com/win/2004/08/events/event"">
    
        
    <System>
      
            
      <Provider Name=""Microsoft-Windows-Sysmon"" Guid=""{5770385f-c22a-43e0-bf4c-06f5698ffbd9}""/>
      
            
      <EventID>15</EventID>
      
            
      <Version>2</Version>
      
            
      <Level>4</Level>
      
            
      <Task>15</Task>
      
            
      <Opcode>0</Opcode>
      
            
      <Keywords>0x8000000000000000</Keywords>
      
            
      <TimeCreated SystemTime=""2023-12-27T17:47:30.8247823Z""/>
      
            
      <EventRecordID>19620</EventRecordID>
      
            
      <Correlation/>
      
            
      <Execution ProcessID=""3588"" ThreadID=""5124""/>
      
            
      <Channel>Microsoft-Windows-Sysmon/Operational</Channel>
      
            
      <Computer>WinDev2309Eval</Computer>
      
            
      <Security UserID=""S-1-5-18""/>
      
        
    </System>
    
        
    <EventData>
      
            
      <Data Name=""RuleName"">-</Data>
      
            
      <Data Name=""UtcTime"">2023-12-27 17:47:30.822</Data>
      
            
      <Data Name=""ProcessGuid"">{f57bd86a-6332-658c-da01-000000000f00}</Data>
      
            
      <Data Name=""ProcessId"">7492</Data>
      
            
      <Data Name=""Image"">C:\Windows\SYSTEM32\cmd.exe</Data>
      
            
      <Data Name=""TargetFilename"">
                C:\Users\User\AppData\Local\Temp\T1036.003_masquerading.rtf.ps1</Data>
      
            
      <Data Name=""CreationUtcTime"">2023-12-27 17:47:30.822</Data>
      
            
      <Data Name=""Hash"">
                MD5=107417694FE308B4C31E2F1A45B6A737,SHA256=DE37F1F2D3E156694E58DC81143983C1084302F5CA837A6EA4F29A98F839FBDF,IMPHASH=00000000000000000000000000000000</Data>
      
            
      <Data Name=""Contents"">&#30789;&#29801;&#20525;&#21331;&#29541;&#26995;&#28271;</Data>
      
            
      <Data Name=""User"">WINDEV2309EVAL\User</Data>
      
        
    </EventData>
    
    
  </Event>
  
    
  
"
Microsoft-Windows-Sysmon/Operational,,,WinDev2309Eval,,2023-12-27 17:47:30.822,,,11,19619,,,,C:\Windows\SYSTEM32\cmd.exe,,0x8000000000000000,4,,,0,,,,,,,{f57bd86a-6332-658c-da01-000000000f00},3588,7492,,,,,-,2023-12-27T17:47:30.8234478Z,"
                C:\Users\User\AppData\Local\Temp\T1036.003_masquerading.rtf.ps1",11,,5124,WINDEV2309EVAL\User,S-1-5-18,2023-12-27 17:47:30.822,2,"<Event xmlns=""http://schemas.microsoft.com/win/2004/08/events/event"">
    
        
    <System>
      
            
      <Provider Name=""Microsoft-Windows-Sysmon"" Guid=""{5770385f-c22a-43e0-bf4c-06f5698ffbd9}""/>
      
            
      <EventID>11</EventID>
      
            
      <Version>2</Version>
      
            
      <Level>4</Level>
      
            
      <Task>11</Task>
      
            
      <Opcode>0</Opcode>
      
            
      <Keywords>0x8000000000000000</Keywords>
      
            
      <TimeCreated SystemTime=""2023-12-27T17:47:30.8234478Z""/>
      
            
      <EventRecordID>19619</EventRecordID>
      
            
      <Correlation/>
      
            
      <Execution ProcessID=""3588"" ThreadID=""5124""/>
      
            
      <Channel>Microsoft-Windows-Sysmon/Operational</Channel>
      
            
      <Computer>WinDev2309Eval</Computer>
      
            
      <Security UserID=""S-1-5-18""/>
      
        
    </System>
    
        
    <EventData>
      
            
      <Data Name=""RuleName"">-</Data>
      
            
      <Data Name=""UtcTime"">2023-12-27 17:47:30.822</Data>
      
            
      <Data Name=""ProcessGuid"">{f57bd86a-6332-658c-da01-000000000f00}</Data>
      
            
      <Data Name=""ProcessId"">7492</Data>
      
            
      <Data Name=""Image"">C:\Windows\SYSTEM32\cmd.exe</Data>
      
            
      <Data Name=""TargetFilename"">
                C:\Users\User\AppData\Local\Temp\T1036.003_masquerading.rtf.ps1</Data>
      
            
      <Data Name=""CreationUtcTime"">2023-12-27 17:47:30.822</Data>
      
            
      <Data Name=""User"">WINDEV2309EVAL\User</Data>
      
        
    </EventData>
    
    
  </Event>
  
    
  
"
Microsoft-Windows-Sysmon/Operational,,,WinDev2309Eval,硅瑩倭卓獥楳湯,2023-12-27 17:47:30.807,,,15,19618,,"
                MD5=107417694FE308B4C31E2F1A45B6A737,SHA256=DE37F1F2D3E156694E58DC81143983C1084302F5CA837A6EA4F29A98F839FBDF,IMPHASH=00000000000000000000000000000000",,C:\Windows\SYSTEM32\cmd.exe,,0x8000000000000000,4,,,0,,,,,,,{f57bd86a-6332-658c-da01-000000000f00},3588,7492,,,,,-,2023-12-27T17:47:30.8205563Z,"
                C:\Users\User\AppData\Local\Temp\T1036.003_masquerading.pdf.ps1",15,,5124,WINDEV2309EVAL\User,S-1-5-18,2023-12-27 17:47:30.807,2,"<Event xmlns=""http://schemas.microsoft.com/win/2004/08/events/event"">
    
        
    <System>
      
            
      <Provider Name=""Microsoft-Windows-Sysmon"" Guid=""{5770385f-c22a-43e0-bf4c-06f5698ffbd9}""/>
      
            
      <EventID>15</EventID>
      
            
      <Version>2</Version>
      
            
      <Level>4</Level>
      
            
      <Task>15</Task>
      
            
      <Opcode>0</Opcode>
      
            
      <Keywords>0x8000000000000000</Keywords>
      
            
      <TimeCreated SystemTime=""2023-12-27T17:47:30.8205563Z""/>
      
            
      <EventRecordID>19618</EventRecordID>
      
            
      <Correlation/>
      
            
      <Execution ProcessID=""3588"" ThreadID=""5124""/>
      
            
      <Channel>Microsoft-Windows-Sysmon/Operational</Channel>
      
            
      <Computer>WinDev2309Eval</Computer>
      
            
      <Security UserID=""S-1-5-18""/>
      
        
    </System>
    
        
    <EventData>
      
            
      <Data Name=""RuleName"">-</Data>
      
            
      <Data Name=""UtcTime"">2023-12-27 17:47:30.807</Data>
      
            
      <Data Name=""ProcessGuid"">{f57bd86a-6332-658c-da01-000000000f00}</Data>
      
            
      <Data Name=""ProcessId"">7492</Data>
      
            
      <Data Name=""Image"">C:\Windows\SYSTEM32\cmd.exe</Data>
      
            
      <Data Name=""TargetFilename"">
                C:\Users\User\AppData\Local\Temp\T1036.003_masquerading.pdf.ps1</Data>
      
            
      <Data Name=""CreationUtcTime"">2023-12-27 17:47:30.807</Data>
      
            
      <Data Name=""Hash"">
                MD5=107417694FE308B4C31E2F1A45B6A737,SHA256=DE37F1F2D3E156694E58DC81143983C1084302F5CA837A6EA4F29A98F839FBDF,IMPHASH=00000000000000000000000000000000</Data>
      
            
      <Data Name=""Contents"">&#30789;&#29801;&#20525;&#21331;&#29541;&#26995;&#28271;</Data>
      
            
      <Data Name=""User"">WINDEV2309EVAL\User</Data>
      
        
    </EventData>
    
    
  </Event>
  
    
  
"
Microsoft-Windows-Sysmon/Operational,,,WinDev2309Eval,,2023-12-27 17:47:30.807,,,11,19617,,,,C:\Windows\SYSTEM32\cmd.exe,,0x8000000000000000,4,,,0,,,,,,,{f57bd86a-6332-658c-da01-000000000f00},3588,7492,,,,,-,2023-12-27T17:47:30.8194176Z,"
                C:\Users\User\AppData\Local\Temp\T1036.003_masquerading.pdf.ps1",11,,5124,WINDEV2309EVAL\User,S-1-5-18,2023-12-27 17:47:30.807,2,"<Event xmlns=""http://schemas.microsoft.com/win/2004/08/events/event"">
    
        
    <System>
      
            
      <Provider Name=""Microsoft-Windows-Sysmon"" Guid=""{5770385f-c22a-43e0-bf4c-06f5698ffbd9}""/>
      
            
      <EventID>11</EventID>
      
            
      <Version>2</Version>
      
            
      <Level>4</Level>
      
            
      <Task>11</Task>
      
            
      <Opcode>0</Opcode>
      
            
      <Keywords>0x8000000000000000</Keywords>
      
            
      <TimeCreated SystemTime=""2023-12-27T17:47:30.8194176Z""/>
      
            
      <EventRecordID>19617</EventRecordID>
      
            
      <Correlation/>
      
            
      <Execution ProcessID=""3588"" ThreadID=""5124""/>
      
            
      <Channel>Microsoft-Windows-Sysmon/Operational</Channel>
      
            
      <Computer>WinDev2309Eval</Computer>
      
            
      <Security UserID=""S-1-5-18""/>
      
        
    </System>
    
        
    <EventData>
      
            
      <Data Name=""RuleName"">-</Data>
      
            
      <Data Name=""UtcTime"">2023-12-27 17:47:30.807</Data>
      
            
      <Data Name=""ProcessGuid"">{f57bd86a-6332-658c-da01-000000000f00}</Data>
      
            
      <Data Name=""ProcessId"">7492</Data>
      
            
      <Data Name=""Image"">C:\Windows\SYSTEM32\cmd.exe</Data>
      
            
      <Data Name=""TargetFilename"">
                C:\Users\User\AppData\Local\Temp\T1036.003_masquerading.pdf.ps1</Data>
      
            
      <Data Name=""CreationUtcTime"">2023-12-27 17:47:30.807</Data>
      
            
      <Data Name=""User"">WINDEV2309EVAL\User</Data>
      
        
    </EventData>
    
    
  </Event>
  
    
  
"
