Channel,CommandLine,Company,Computer,Contents,CreationUtcTime,CurrentDirectory,Description,EventID,EventRecordID,FileVersion,Hash,Hashes,Image,IntegrityLevel,Keywords,Level,LogonGuid,LogonId,Opcode,OriginalFileName,ParentCommandLine,ParentImage,ParentProcessGuid,ParentProcessId,ParentUser,ProcessGuid,ProcessID,ProcessId,Product,QueryName,QueryResults,QueryStatus,RuleName,SystemTime,TargetFilename,Task,TerminalSessionId,ThreadID,User,UserID,UtcTime,Version,raw
Microsoft-Windows-Sysmon/Operational,,,WinDev2309Eval,,2023-12-27 17:47:37.471,,,11,19636,,,,C:\Windows\System32\WindowsPowerShell\v1.0\powershell.exe,,0x8000000000000000,4,,,0,,,,,,,{f57bd86a-6339-658c-e701-000000000f00},3588,4160,,,,,-,2023-12-27T17:47:37.4786273Z,"
                C:\Users\User\AppData\Local\Temp\__PSScriptPolicyTest_mrivi0vw.gx5.ps1",11,,5124,WINDEV2309EVAL\User,S-1-5-18,2023-12-27 17:47:37.471,2,"<Event xmlns=""http://schemas.microsoft.com/win/2004/08/events/event"">
    
        
    <System>
      
            
      <Provider Name=""Microsoft-Windows-Sysmon"" Guid=""{5770385f-c22a-43e0-bf4c-06f5698ffbd9}""/>
      
            
      <EventID>11</EventID>
      
            
      <Version>2</Version>
      
            
      <Level>4</Level>
      
            
      <Task>11</Task>
      
            
      <Opcode>0</Opcode>
      
            
      <Keywords>0x8000000000000000</Keywords>
      
            
      <TimeCreated SystemTime=""2023-12-27T17:47:37.4786273Z""/>
      
            
      <EventRecordID>19636</EventRecordID>
      
            
      <Correlation/>
      
            
      <Execution ProcessID=""3588"" ThreadID=""5124""/>
      
            
      <Channel>Microsoft-Windows-Sysmon/Operational</Channel>
      
            
      <Computer>WinDev2309Eval</Computer>
      
            
      <Security UserID=""S-1-5-18""/>
      
        
    </System>
    
        
    <EventData>
      
            
      <Data Name=""RuleName"">-</Data>
      
            
      <Data Name=""UtcTime"">2023-12-27 17:47:37.471</Data>
      
            
      <Data Name=""ProcessGuid"">{f57bd86a-6339-658c-e701-000000000f00}</Data>
      
            
      <Data Name=""ProcessId"">4160</Data>
      
            
      <Data Name=""Image"">C:\Windows\System32\WindowsPowerShell\v1.0\powershell.exe</Data>
      
            
      <Data Name=""TargetFilename"">
                C:\Users\User\AppData\Local\Temp\__PSScriptPolicyTest_mrivi0vw.gx5.ps1</Data>
      
            
      <Data Name=""CreationUtcTime"">2023-12-27 17:47:37.471</Data>
      
            
      <Data Name=""User"">WINDEV2309EVAL\User</Data>
      
        
    </EventData>
    
    
  </Event>
  
    
  
"
Microsoft-Windows-Sysmon/Operational,"C:\Windows\System32\WindowsPowerShell\v1.0\powershell.exe -File
                C:\Users\User\AppData\Local\Temp\T1036.003_masquerading.rtf.ps1",Microsoft Corporation,WinDev2309Eval,,,C:\Users\User\AppData\Local\Temp\,Windows PowerShell,1,19635,10.0.22621.2506 (WinBuild.160101.0800),,"
                MD5=2D1D70C92A419D9079B047954C611886,SHA256=C50057756CDB25D481CF2502ABCEF124F864C27618C5057468BFC6B82B2C4EDD,IMPHASH=E09C4F82A1DA13A09F4FF2E625FEBA20",C:\Windows\System32\WindowsPowerShell\v1.0\powershell.exe,Medium,0x8000000000000000,4,{f57bd86a-36f9-658c-7bf8-020000000000},0x2f87b,0,PowerShell.EXE,"""cmd.exe"" /c copy ""C:\Windows\System32\calc.exe""
                %temp%\T1036.003_masquerading.docx.exe /Y & copy ""C:\Windows\System32\calc.exe""
                %temp%\T1036.003_masquerading.pdf.exe /Y & copy ""C:\Windows\System32\calc.exe""
                %temp%\T1036.003_masquerading.ps1.exe /Y & copy
                ""C:\AtomicRedTeam\atomics\T1036.003\src\T1036.003_masquerading.vbs""
                %temp%\T1036.003_masquerading.xls.vbs /Y & copy
                ""C:\AtomicRedTeam\atomics\T1036.003\src\T1036.003_masquerading.vbs""
                %temp%\T1036.003_masquerading.xlsx.vbs /Y & copy
                ""C:\AtomicRedTeam\atomics\T1036.003\src\T1036.003_masquerading.vbs""
                %temp%\T1036.003_masquerading.png.vbs /Y & copy
                ""C:\AtomicRedTeam\atomics\T1036.003\src\T1036.003_masquerading.ps1""
                %temp%\T1036.003_masquerading.doc.ps1 /Y & copy
                ""C:\AtomicRedTeam\atomics\T1036.003\src\T1036.003_masquerading.ps1""
                %temp%\T1036.003_masquerading.pdf.ps1 /Y & copy
                ""C:\AtomicRedTeam\atomics\T1036.003\src\T1036.003_masquerading.ps1""
                %temp%\T1036.003_masquerading.rtf.ps1 /Y &
                %temp%\T1036.003_masquerading.docx.exe & %temp%\T1036.003_masquerading.pdf.exe
                & %temp%\T1036.003_masquerading.ps1.exe &
                %temp%\T1036.003_masquerading.xls.vbs & %temp%\T1036.003_masquerading.xlsx.vbs
                & %temp%\T1036.003_masquerading.png.vbs &
                C:\Windows\System32\WindowsPowerShell\v1.0\powershell.exe -File
                %temp%\T1036.003_masquerading.doc.ps1 &
                C:\Windows\System32\WindowsPowerShell\v1.0\powershell.exe -File
                %temp%\T1036.003_masquerading.pdf.ps1 &
                C:\Windows\System32\WindowsPowerShell\v1.0\powershell.exe -File
                %temp%\T1036.003_masquerading.rtf.ps1",C:\Windows\System32\cmd.exe,{f57bd86a-6332-658c-da01-000000000f00},7492,WINDEV2309EVAL\User,{f57bd86a-6339-658c-e701-000000000f00},3588,4160,Microsoft® Windows® Operating System,,,,-,2023-12-27T17:47:37.3948448Z,,1,1,5124,WINDEV2309EVAL\User,S-1-5-18,2023-12-27 17:47:37.393,5,"<Event xmlns=""http://schemas.microsoft.com/win/2004/08/events/event"">
    
        
    <System>
      
            
      <Provider Name=""Microsoft-Windows-Sysmon"" Guid=""{5770385f-c22a-43e0-bf4c-06f5698ffbd9}""/>
      
            
      <EventID>1</EventID>
      
            
      <Version>5</Version>
      
            
      <Level>4</Level>
      
            
      <Task>1</Task>
      
            
      <Opcode>0</Opcode>
      
            
      <Keywords>0x8000000000000000</Keywords>
      
            
      <TimeCreated SystemTime=""2023-12-27T17:47:37.3948448Z""/>
      
            
      <EventRecordID>19635</EventRecordID>
      
            
      <Correlation/>
      
            
      <Execution ProcessID=""3588"" ThreadID=""5124""/>
      
            
      <Channel>Microsoft-Windows-Sysmon/Operational</Channel>
      
            
      <Computer>WinDev2309Eval</Computer>
      
            
      <Security UserID=""S-1-5-18""/>
      
        
    </System>
    
        
    <EventData>
      
            
      <Data Name=""RuleName"">-</Data>
      
            
      <Data Name=""UtcTime"">2023-12-27 17:47:37.393</Data>
      
            
      <Data Name=""ProcessGuid"">{f57bd86a-6339-658c-e701-000000000f00}</Data>
      
            
      <Data Name=""ProcessId"">4160</Data>
      
            
      <Data Name=""Image"">C:\Windows\System32\WindowsPowerShell\v1.0\powershell.exe</Data>
      
            
      <Data Name=""FileVersion"">10.0.22621.2506 (WinBuild.160101.0800)</Data>
      
            
      <Data Name=""Description"">Windows PowerShell</Data>
      
            
      <Data Name=""Product"">Microsoft&#174; Windows&#174; Operating System</Data>
      
            
      <Data Name=""Company"">Microsoft Corporation</Data>
      
            
      <Data Name=""OriginalFileName"">PowerShell.EXE</Data>
      
            
      <Data Name=""CommandLine"">C:\Windows\System32\WindowsPowerShell\v1.0\powershell.exe -File
                C:\Users\User\AppData\Local\Temp\T1036.003_masquerading.rtf.ps1</Data>
      
            
      <Data Name=""CurrentDirectory"">C:\Users\User\AppData\Local\Temp\</Data>
      
            
      <Data Name=""User"">WINDEV2309EVAL\User</Data>
      
            
      <Data Name=""LogonGuid"">{f57bd86a-36f9-658c-7bf8-020000000000}</Data>
      
            
      <Data Name=""LogonId"">0x2f87b</Data>
      
            
      <Data Name=""TerminalSessionId"">1</Data>
      
            
      <Data Name=""IntegrityLevel"">Medium</Data>
      
            
      <Data Name=""Hashes"">
                MD5=2D1D70C92A419D9079B047954C611886,SHA256=C50057756CDB25D481CF2502ABCEF124F864C27618C5057468BFC6B82B2C4EDD,IMPHASH=E09C4F82A1DA13A09F4FF2E625FEBA20</Data>
      
            
      <Data Name=""ParentProcessGuid"">{f57bd86a-6332-658c-da01-000000000f00}</Data>
      
            
      <Data Name=""ParentProcessId"">7492</Data>
      
            
      <Data Name=""ParentImage"">C:\Windows\System32\cmd.exe</Data>
      
            
      <Data Name=""ParentCommandLine"">""cmd.exe"" /c copy ""C:\Windows\System32\calc.exe""
                %temp%\T1036.003_masquerading.docx.exe /Y &amp; copy ""C:\Windows\System32\calc.exe""
                %temp%\T1036.003_masquerading.pdf.exe /Y &amp; copy ""C:\Windows\System32\calc.exe""
                %temp%\T1036.003_masquerading.ps1.exe /Y &amp; copy
                ""C:\AtomicRedTeam\atomics\T1036.003\src\T1036.003_masquerading.vbs""
                %temp%\T1036.003_masquerading.xls.vbs /Y &amp; copy
                ""C:\AtomicRedTeam\atomics\T1036.003\src\T1036.003_masquerading.vbs""
                %temp%\T1036.003_masquerading.xlsx.vbs /Y &amp; copy
                ""C:\AtomicRedTeam\atomics\T1036.003\src\T1036.003_masquerading.vbs""
                %temp%\T1036.003_masquerading.png.vbs /Y &amp; copy
                ""C:\AtomicRedTeam\atomics\T1036.003\src\T1036.003_masquerading.ps1""
                %temp%\T1036.003_masquerading.doc.ps1 /Y &amp; copy
                ""C:\AtomicRedTeam\atomics\T1036.003\src\T1036.003_masquerading.ps1""
                %temp%\T1036.003_masquerading.pdf.ps1 /Y &amp; copy
                ""C:\AtomicRedTeam\atomics\T1036.003\src\T1036.003_masquerading.ps1""
                %temp%\T1036.003_masquerading.rtf.ps1 /Y &amp;
                %temp%\T1036.003_masquerading.docx.exe &amp; %temp%\T1036.003_masquerading.pdf.exe
                &amp; %temp%\T1036.003_masquerading.ps1.exe &amp;
                %temp%\T1036.003_masquerading.xls.vbs &amp; %temp%\T1036.003_masquerading.xlsx.vbs
                &amp; %temp%\T1036.003_masquerading.png.vbs &amp;
                C:\Windows\System32\WindowsPowerShell\v1.0\powershell.exe -File
                %temp%\T1036.003_masquerading.doc.ps1 &amp;
                C:\Windows\System32\WindowsPowerShell\v1.0\powershell.exe -File
                %temp%\T1036.003_masquerading.pdf.ps1 &amp;
                C:\Windows\System32\WindowsPowerShell\v1.0\powershell.exe -File
                %temp%\T1036.003_masquerading.rtf.ps1</Data>
      
            
      <Data Name=""ParentUser"">WINDEV2309EVAL\User</Data>
      
        
    </EventData>
    
    
  </Event>
  
    
  
"
Microsoft-Windows-Sysmon/Operational,,,WinDev2309Eval,,2023-12-27 17:47:36.798,,,11,19634,,,,C:\Windows\System32\WindowsPowerShell\v1.0\powershell.exe,,0x8000000000000000,4,,,0,,,,,,,{f57bd86a-6338-658c-e601-000000000f00},3588,9944,,,,,-,2023-12-27T17:47:36.8020647Z,"
                C:\Users\User\AppData\Local\Temp\__PSScriptPolicyTest_n5daia41.y2o.ps1",11,,5124,WINDEV2309EVAL\User,S-1-5-18,2023-12-27 17:47:36.798,2,"<Event xmlns=""http://schemas.microsoft.com/win/2004/08/events/event"">
    
        
    <System>
      
            
      <Provider Name=""Microsoft-Windows-Sysmon"" Guid=""{5770385f-c22a-43e0-bf4c-06f5698ffbd9}""/>
      
            
      <EventID>11</EventID>
      
            
      <Version>2</Version>
      
            
      <Level>4</Level>
      
            
      <Task>11</Task>
      
            
      <Opcode>0</Opcode>
      
            
      <Keywords>0x8000000000000000</Keywords>
      
            
      <TimeCreated SystemTime=""2023-12-27T17:47:36.8020647Z""/>
      
            
      <EventRecordID>19634</EventRecordID>
      
            
      <Correlation/>
      
            
      <Execution ProcessID=""3588"" ThreadID=""5124""/>
      
            
      <Channel>Microsoft-Windows-Sysmon/Operational</Channel>
      
            
      <Computer>WinDev2309Eval</Computer>
      
            
      <Security UserID=""S-1-5-18""/>
      
        
    </System>
    
        
    <EventData>
      
            
      <Data Name=""RuleName"">-</Data>
      
            
      <Data Name=""UtcTime"">2023-12-27 17:47:36.798</Data>
      
            
      <Data Name=""ProcessGuid"">{f57bd86a-6338-658c-e601-000000000f00}</Data>
      
            
      <Data Name=""ProcessId"">9944</Data>
      
            
      <Data Name=""Image"">C:\Windows\System32\WindowsPowerShell\v1.0\powershell.exe</Data>
      
            
      <Data Name=""TargetFilename"">
                C:\Users\User\AppData\Local\Temp\__PSScriptPolicyTest_n5daia41.y2o.ps1</Data>
      
            
      <Data Name=""CreationUtcTime"">2023-12-27 17:47:36.798</Data>
      
            
      <Data Name=""User"">WINDEV2309EVAL\User</Data>
      
        
    </EventData>
    
    
  </Event>
  
    
  
"
Microsoft-Windows-Sysmon/Operational,"C:\Windows\System32\WindowsPowerShell\v1.0\powershell.exe -File
                C:\Users\User\AppData\Local\Temp\T1036.003_masquerading.pdf.ps1 ",Microsoft Corporation,WinDev2309Eval,,,C:\Users\User\AppData\Local\Temp\,Windows PowerShell,1,19633,10.0.22621.2506 (WinBuild.160101.0800),,"
                MD5=2D1D70C92A419D9079B047954C611886,SHA256=C50057756CDB25D481CF2502ABCEF124F864C27618C5057468BFC6B82B2C4EDD,IMPHASH=E09C4F82A1DA13A09F4FF2E625FEBA20",C:\Windows\System32\WindowsPowerShell\v1.0\powershell.exe,Medium,0x8000000000000000,4,{f57bd86a-36f9-658c-7bf8-020000000000},0x2f87b,0,PowerShell.EXE,"""cmd.exe"" /c copy ""C:\Windows\System32\calc.exe""
                %temp%\T1036.003_masquerading.docx.exe /Y & copy ""C:\Windows\System32\calc.exe""
                %temp%\T1036.003_masquerading.pdf.exe /Y & copy ""C:\Windows\System32\calc.exe""
                %temp%\T1036.003_masquerading.ps1.exe /Y & copy
                ""C:\AtomicRedTeam\atomics\T1036.003\src\T1036.003_masquerading.vbs""
                %temp%\T1036.003_masquerading.xls.vbs /Y & copy
                ""C:\AtomicRedTeam\atomics\T1036.003\src\T1036.003_masquerading.vbs""
                %temp%\T1036.003_masquerading.xlsx.vbs /Y & copy
                ""C:\AtomicRedTeam\atomics\T1036.003\src\T1036.003_masquerading.vbs""
                %temp%\T1036.003_masquerading.png.vbs /Y & copy
                ""C:\AtomicRedTeam\atomics\T1036.003\src\T1036.003_masquerading.ps1""
                %temp%\T1036.003_masquerading.doc.ps1 /Y & copy
                ""C:\AtomicRedTeam\atomics\T1036.003\src\T1036.003_masquerading.ps1""
                %temp%\T1036.003_masquerading.pdf.ps1 /Y & copy
                ""C:\AtomicRedTeam\atomics\T1036.003\src\T1036.003_masquerading.ps1""
                %temp%\T1036.003_masquerading.rtf.ps1 /Y &
                %temp%\T1036.003_masquerading.docx.exe & %temp%\T1036.003_masquerading.pdf.exe
                & %temp%\T1036.003_masquerading.ps1.exe &
                %temp%\T1036.003_masquerading.xls.vbs & %temp%\T1036.003_masquerading.xlsx.vbs
                & %temp%\T1036.003_masquerading.png.vbs &
                C:\Windows\System32\WindowsPowerShell\v1.0\powershell.exe -File
                %temp%\T1036.003_masquerading.doc.ps1 &
                C:\Windows\System32\WindowsPowerShell\v1.0\powershell.exe -File
                %temp%\T1036.003_masquerading.pdf.ps1 &
                C:\Windows\System32\WindowsPowerShell\v1.0\powershell.exe -File
                %temp%\T1036.003_masquerading.rtf.ps1",C:\Windows\System32\cmd.exe,{f57bd86a-6332-658c-da01-000000000f00},7492,WINDEV2309EVAL\User,{f57bd86a-6338-658c-e601-000000000f00},3588,9944,Microsoft® Windows® Operating System,,,,-,2023-12-27T17:47:36.7171601Z,,1,1,5124,WINDEV2309EVAL\User,S-1-5-18,2023-12-27 17:47:36.716,5,"<Event xmlns=""http://schemas.microsoft.com/win/2004/08/events/event"">
    
        
    <System>
      
            
      <Provider Name=""Microsoft-Windows-Sysmon"" Guid=""{5770385f-c22a-43e0-bf4c-06f5698ffbd9}""/>
      
            
      <EventID>1</EventID>
      
            
      <Version>5</Version>
      
            
      <Level>4</Level>
      
            
      <Task>1</Task>
      
            
      <Opcode>0</Opcode>
      
            
      <Keywords>0x8000000000000000</Keywords>
      
            
      <TimeCreated SystemTime=""2023-12-27T17:47:36.7171601Z""/>
      
            
      <EventRecordID>19633</EventRecordID>
      
            
      <Correlation/>
      
            
      <Execution ProcessID=""3588"" ThreadID=""5124""/>
      
            
      <Channel>Microsoft-Windows-Sysmon/Operational</Channel>
      
            
      <Computer>WinDev2309Eval</Computer>
      
            
      <Security UserID=""S-1-5-18""/>
      
        
    </System>
    
        
    <EventData>
      
            
      <Data Name=""RuleName"">-</Data>
      
            
      <Data Name=""UtcTime"">2023-12-27 17:47:36.716</Data>
      
            
      <Data Name=""ProcessGuid"">{f57bd86a-6338-658c-e601-000000000f00}</Data>
      
            
      <Data Name=""ProcessId"">9944</Data>
      
            
      <Data Name=""Image"">C:\Windows\System32\WindowsPowerShell\v1.0\powershell.exe</Data>
      
            
      <Data Name=""FileVersion"">10.0.22621.2506 (WinBuild.160101.0800)</Data>
      
            
      <Data Name=""Description"">Windows PowerShell</Data>
      
            
      <Data Name=""Product"">Microsoft&#174; Windows&#174; Operating System</Data>
      
            
      <Data Name=""Company"">Microsoft Corporation</Data>
      
            
      <Data Name=""OriginalFileName"">PowerShell.EXE</Data>
      
            
      <Data Name=""CommandLine"">C:\Windows\System32\WindowsPowerShell\v1.0\powershell.exe -File
                C:\Users\User\AppData\Local\Temp\T1036.003_masquerading.pdf.ps1 </Data>
      
            
      <Data Name=""CurrentDirectory"">C:\Users\User\AppData\Local\Temp\</Data>
      
            
      <Data Name=""User"">WINDEV2309EVAL\User</Data>
      
            
      <Data Name=""LogonGuid"">{f57bd86a-36f9-658c-7bf8-020000000000}</Data>
      
            
      <Data Name=""LogonId"">0x2f87b</Data>
      
            
      <Data Name=""TerminalSessionId"">1</Data>
      
            
      <Data Name=""IntegrityLevel"">Medium</Data>
      
            
      <Data Name=""Hashes"">
                MD5=2D1D70C92A419D9079B047954C611886,SHA256=C50057756CDB25D481CF2502ABCEF124F864C27618C5057468BFC6B82B2C4EDD,IMPHASH=E09C4F82A1DA13A09F4FF2E625FEBA20</Data>
      
            
      <Data Name=""ParentProcessGuid"">{f57bd86a-6332-658c-da01-000000000f00}</Data>
      
            
      <Data Name=""ParentProcessId"">7492</Data>
      
            
      <Data Name=""ParentImage"">C:\Windows\System32\cmd.exe</Data>
      
            
      <Data Name=""ParentCommandLine"">""cmd.exe"" /c copy ""C:\Windows\System32\calc.exe""
                %temp%\T1036.003_masquerading.docx.exe /Y &amp; copy ""C:\Windows\System32\calc.exe""
                %temp%\T1036.003_masquerading.pdf.exe /Y &amp; copy ""C:\Windows\System32\calc.exe""
                %temp%\T1036.003_masquerading.ps1.exe /Y &amp; copy
                ""C:\AtomicRedTeam\atomics\T1036.003\src\T1036.003_masquerading.vbs""
                %temp%\T1036.003_masquerading.xls.vbs /Y &amp; copy
                ""C:\AtomicRedTeam\atomics\T1036.003\src\T1036.003_masquerading.vbs""
                %temp%\T1036.003_masquerading.xlsx.vbs /Y &amp; copy
                ""C:\AtomicRedTeam\atomics\T1036.003\src\T1036.003_masquerading.vbs""
                %temp%\T1036.003_masquerading.png.vbs /Y &amp; copy
                ""C:\AtomicRedTeam\atomics\T1036.003\src\T1036.003_masquerading.ps1""
                %temp%\T1036.003_masquerading.doc.ps1 /Y &amp; copy
                ""C:\AtomicRedTeam\atomics\T1036.003\src\T1036.003_masquerading.ps1""
                %temp%\T1036.003_masquerading.pdf.ps1 /Y &amp; copy
                ""C:\AtomicRedTeam\atomics\T1036.003\src\T1036.003_masquerading.ps1""
                %temp%\T1036.003_masquerading.rtf.ps1 /Y &amp;
                %temp%\T1036.003_masquerading.docx.exe &amp; %temp%\T1036.003_masquerading.pdf.exe
                &amp; %temp%\T1036.003_masquerading.ps1.exe &amp;
                %temp%\T1036.003_masquerading.xls.vbs &amp; %temp%\T1036.003_masquerading.xlsx.vbs
                &amp; %temp%\T1036.003_masquerading.png.vbs &amp;
                C:\Windows\System32\WindowsPowerShell\v1.0\powershell.exe -File
                %temp%\T1036.003_masquerading.doc.ps1 &amp;
                C:\Windows\System32\WindowsPowerShell\v1.0\powershell.exe -File
                %temp%\T1036.003_masquerading.pdf.ps1 &amp;
                C:\Windows\System32\WindowsPowerShell\v1.0\powershell.exe -File
                %temp%\T1036.003_masquerading.rtf.ps1</Data>
      
            
      <Data Name=""ParentUser"">WINDEV2309EVAL\User</Data>
      
        
    </EventData>
    
    
  </Event>
  
    
  
"
Microsoft-Windows-Sysmon/Operational,,,WinDev2309Eval,,2023-12-27 17:47:36.032,,,11,19632,,,,C:\Windows\System32\WindowsPowerShell\v1.0\powershell.exe,,0x8000000000000000,4,,,0,,,,,,,{f57bd86a-6337-658c-e501-000000000f00},3588,7060,,,,,-,2023-12-27T17:47:36.0364251Z,"
                C:\Users\User\AppData\Local\Temp\__PSScriptPolicyTest_hpxam0gn.5n5.ps1",11,,5124,WINDEV2309EVAL\User,S-1-5-18,2023-12-27 17:47:36.032,2,"<Event xmlns=""http://schemas.microsoft.com/win/2004/08/events/event"">
    
        
    <System>
      
            
      <Provider Name=""Microsoft-Windows-Sysmon"" Guid=""{5770385f-c22a-43e0-bf4c-06f5698ffbd9}""/>
      
            
      <EventID>11</EventID>
      
            
      <Version>2</Version>
      
            
      <Level>4</Level>
      
            
      <Task>11</Task>
      
            
      <Opcode>0</Opcode>
      
            
      <Keywords>0x8000000000000000</Keywords>
      
            
      <TimeCreated SystemTime=""2023-12-27T17:47:36.0364251Z""/>
      
            
      <EventRecordID>19632</EventRecordID>
      
            
      <Correlation/>
      
            
      <Execution ProcessID=""3588"" ThreadID=""5124""/>
      
            
      <Channel>Microsoft-Windows-Sysmon/Operational</Channel>
      
            
      <Computer>WinDev2309Eval</Computer>
      
            
      <Security UserID=""S-1-5-18""/>
      
        
    </System>
    
        
    <EventData>
      
            
      <Data Name=""RuleName"">-</Data>
      
            
      <Data Name=""UtcTime"">2023-12-27 17:47:36.032</Data>
      
            
      <Data Name=""ProcessGuid"">{f57bd86a-6337-658c-e501-000000000f00}</Data>
      
            
      <Data Name=""ProcessId"">7060</Data>
      
            
      <Data Name=""Image"">C:\Windows\System32\WindowsPowerShell\v1.0\powershell.exe</Data>
      
            
      <Data Name=""TargetFilename"">
                C:\Users\User\AppData\Local\Temp\__PSScriptPolicyTest_hpxam0gn.5n5.ps1</Data>
      
            
      <Data Name=""CreationUtcTime"">2023-12-27 17:47:36.032</Data>
      
            
      <Data Name=""User"">WINDEV2309EVAL\User</Data>
      
        
    </EventData>
    
    
  </Event>
  
    
  
"
Microsoft-Windows-Sysmon/Operational,"C:\Windows\System32\WindowsPowerShell\v1.0\powershell.exe -File
                C:\Users\User\AppData\Local\Temp\T1036.003_masquerading.doc.ps1 ",Microsoft Corporation,WinDev2309Eval,,,C:\Users\User\AppData\Local\Temp\,Windows PowerShell,1,19631,10.0.22621.2506 (WinBuild.160101.0800),,"
                MD5=2D1D70C92A419D9079B047954C611886,SHA256=C50057756CDB25D481CF2502ABCEF124F864C27618C5057468BFC6B82B2C4EDD,IMPHASH=E09C4F82A1DA13A09F4FF2E625FEBA20",C:\Windows\System32\WindowsPowerShell\v1.0\powershell.exe,Medium,0x8000000000000000,4,{f57bd86a-36f9-658c-7bf8-020000000000},0x2f87b,0,PowerShell.EXE,"""cmd.exe"" /c copy ""C:\Windows\System32\calc.exe""
                %temp%\T1036.003_masquerading.docx.exe /Y & copy ""C:\Windows\System32\calc.exe""
                %temp%\T1036.003_masquerading.pdf.exe /Y & copy ""C:\Windows\System32\calc.exe""
                %temp%\T1036.003_masquerading.ps1.exe /Y & copy
                ""C:\AtomicRedTeam\atomics\T1036.003\src\T1036.003_masquerading.vbs""
                %temp%\T1036.003_masquerading.xls.vbs /Y & copy
                ""C:\AtomicRedTeam\atomics\T1036.003\src\T1036.003_masquerading.vbs""
                %temp%\T1036.003_masquerading.xlsx.vbs /Y & copy
                ""C:\AtomicRedTeam\atomics\T1036.003\src\T1036.003_masquerading.vbs""
                %temp%\T1036.003_masquerading.png.vbs /Y & copy
                ""C:\AtomicRedTeam\atomics\T1036.003\src\T1036.003_masquerading.ps1""
                %temp%\T1036.003_masquerading.doc.ps1 /Y & copy
                ""C:\AtomicRedTeam\atomics\T1036.003\src\T1036.003_masquerading.ps1""
                %temp%\T1036.003_masquerading.pdf.ps1 /Y & copy
                ""C:\AtomicRedTeam\atomics\T1036.003\src\T1036.003_masquerading.ps1""
                %temp%\T1036.003_masquerading.rtf.ps1 /Y &
                %temp%\T1036.003_masquerading.docx.exe & %temp%\T1036.003_masquerading.pdf.exe
                & %temp%\T1036.003_masquerading.ps1.exe &
                %temp%\T1036.003_masquerading.xls.vbs & %temp%\T1036.003_masquerading.xlsx.vbs
                & %temp%\T1036.003_masquerading.png.vbs &
                C:\Windows\System32\WindowsPowerShell\v1.0\powershell.exe -File
                %temp%\T1036.003_masquerading.doc.ps1 &
                C:\Windows\System32\WindowsPowerShell\v1.0\powershell.exe -File
                %temp%\T1036.003_masquerading.pdf.ps1 &
                C:\Windows\System32\WindowsPowerShell\v1.0\powershell.exe -File
                %temp%\T1036.003_masquerading.rtf.ps1",C:\Windows\System32\cmd.exe,{f57bd86a-6332-658c-da01-000000000f00},7492,WINDEV2309EVAL\User,{f57bd86a-6337-658c-e501-000000000f00},3588,7060,Microsoft® Windows® Operating System,,,,-,2023-12-27T17:47:35.9464226Z,,1,1,5124,WINDEV2309EVAL\User,S-1-5-18,2023-12-27 17:47:35.944,5,"<Event xmlns=""http://schemas.microsoft.com/win/2004/08/events/event"">
    
        
    <System>
      
            
      <Provider Name=""Microsoft-Windows-Sysmon"" Guid=""{5770385f-c22a-43e0-bf4c-06f5698ffbd9}""/>
      
            
      <EventID>1</EventID>
      
            
      <Version>5</Version>
      
            
      <Level>4</Level>
      
            
      <Task>1</Task>
      
            
      <Opcode>0</Opcode>
      
            
      <Keywords>0x8000000000000000</Keywords>
      
            
      <TimeCreated SystemTime=""2023-12-27T17:47:35.9464226Z""/>
      
            
      <EventRecordID>19631</EventRecordID>
      
            
      <Correlation/>
      
            
      <Execution ProcessID=""3588"" ThreadID=""5124""/>
      
            
      <Channel>Microsoft-Windows-Sysmon/Operational</Channel>
      
            
      <Computer>WinDev2309Eval</Computer>
      
            
      <Security UserID=""S-1-5-18""/>
      
        
    </System>
    
        
    <EventData>
      
            
      <Data Name=""RuleName"">-</Data>
      
            
      <Data Name=""UtcTime"">2023-12-27 17:47:35.944</Data>
      
            
      <Data Name=""ProcessGuid"">{f57bd86a-6337-658c-e501-000000000f00}</Data>
      
            
      <Data Name=""ProcessId"">7060</Data>
      
            
      <Data Name=""Image"">C:\Windows\System32\WindowsPowerShell\v1.0\powershell.exe</Data>
      
            
      <Data Name=""FileVersion"">10.0.22621.2506 (WinBuild.160101.0800)</Data>
      
            
      <Data Name=""Description"">Windows PowerShell</Data>
      
            
      <Data Name=""Product"">Microsoft&#174; Windows&#174; Operating System</Data>
      
            
      <Data Name=""Company"">Microsoft Corporation</Data>
      
            
      <Data Name=""OriginalFileName"">PowerShell.EXE</Data>
      
            
      <Data Name=""CommandLine"">C:\Windows\System32\WindowsPowerShell\v1.0\powershell.exe -File
                C:\Users\User\AppData\Local\Temp\T1036.003_masquerading.doc.ps1 </Data>
      
            
      <Data Name=""CurrentDirectory"">C:\Users\User\AppData\Local\Temp\</Data>
      
            
      <Data Name=""User"">WINDEV2309EVAL\User</Data>
      
            
      <Data Name=""LogonGuid"">{f57bd86a-36f9-658c-7bf8-020000000000}</Data>
      
            
      <Data Name=""LogonId"">0x2f87b</Data>
      
            
      <Data Name=""TerminalSessionId"">1</Data>
      
            
      <Data Name=""IntegrityLevel"">Medium</Data>
      
            
      <Data Name=""Hashes"">
                MD5=2D1D70C92A419D9079B047954C611886,SHA256=C50057756CDB25D481CF2502ABCEF124F864C27618C5057468BFC6B82B2C4EDD,IMPHASH=E09C4F82A1DA13A09F4FF2E625FEBA20</Data>
      
            
      <Data Name=""ParentProcessGuid"">{f57bd86a-6332-658c-da01-000000000f00}</Data>
      
            
      <Data Name=""ParentProcessId"">7492</Data>
      
            
      <Data Name=""ParentImage"">C:\Windows\System32\cmd.exe</Data>
      
            
      <Data Name=""ParentCommandLine"">""cmd.exe"" /c copy ""C:\Windows\System32\calc.exe""
                %temp%\T1036.003_masquerading.docx.exe /Y &amp; copy ""C:\Windows\System32\calc.exe""
                %temp%\T1036.003_masquerading.pdf.exe /Y &amp; copy ""C:\Windows\System32\calc.exe""
                %temp%\T1036.003_masquerading.ps1.exe /Y &amp; copy
                ""C:\AtomicRedTeam\atomics\T1036.003\src\T1036.003_masquerading.vbs""
                %temp%\T1036.003_masquerading.xls.vbs /Y &amp; copy
                ""C:\AtomicRedTeam\atomics\T1036.003\src\T1036.003_masquerading.vbs""
                %temp%\T1036.003_masquerading.xlsx.vbs /Y &amp; copy
                ""C:\AtomicRedTeam\atomics\T1036.003\src\T1036.003_masquerading.vbs""
                %temp%\T1036.003_masquerading.png.vbs /Y &amp; copy
                ""C:\AtomicRedTeam\atomics\T1036.003\src\T1036.003_masquerading.ps1""
                %temp%\T1036.003_masquerading.doc.ps1 /Y &amp; copy
                ""C:\AtomicRedTeam\atomics\T1036.003\src\T1036.003_masquerading.ps1""
                %temp%\T1036.003_masquerading.pdf.ps1 /Y &amp; copy
                ""C:\AtomicRedTeam\atomics\T1036.003\src\T1036.003_masquerading.ps1""
                %temp%\T1036.003_masquerading.rtf.ps1 /Y &amp;
                %temp%\T1036.003_masquerading.docx.exe &amp; %temp%\T1036.003_masquerading.pdf.exe
                &amp; %temp%\T1036.003_masquerading.ps1.exe &amp;
                %temp%\T1036.003_masquerading.xls.vbs &amp; %temp%\T1036.003_masquerading.xlsx.vbs
                &amp; %temp%\T1036.003_masquerading.png.vbs &amp;
                C:\Windows\System32\WindowsPowerShell\v1.0\powershell.exe -File
                %temp%\T1036.003_masquerading.doc.ps1 &amp;
                C:\Windows\System32\WindowsPowerShell\v1.0\powershell.exe -File
                %temp%\T1036.003_masquerading.pdf.ps1 &amp;
                C:\Windows\System32\WindowsPowerShell\v1.0\powershell.exe -File
                %temp%\T1036.003_masquerading.rtf.ps1</Data>
      
            
      <Data Name=""ParentUser"">WINDEV2309EVAL\User</Data>
      
        
    </EventData>
    
    
  </Event>
  
    
  
"
Microsoft-Windows-Sysmon/Operational,"""C:\Windows\System32\WScript.exe""
                ""C:\Users\User\AppData\Local\Temp\T1036.003_masquerading.png.vbs"" ",Microsoft Corporation,WinDev2309Eval,,,C:\Users\User\AppData\Local\Temp\,Microsoft ® Windows Based Script Host,1,19630,5.812.10240.16384,,"
                MD5=CD3C1773CEF2611325FA884926090538,SHA256=7478B567C9EC9A1E1061F9C6DB2993FCDC2EC4E8FB5CA6DA80FA307B54116E69,IMPHASH=ACD7356FA52D4E2866A873BF9AB94256",C:\Windows\System32\wscript.exe,Medium,0x8000000000000000,4,{f57bd86a-36f9-658c-7bf8-020000000000},0x2f87b,0,wscript.exe,"""cmd.exe"" /c copy ""C:\Windows\System32\calc.exe""
                %temp%\T1036.003_masquerading.docx.exe /Y & copy ""C:\Windows\System32\calc.exe""
                %temp%\T1036.003_masquerading.pdf.exe /Y & copy ""C:\Windows\System32\calc.exe""
                %temp%\T1036.003_masquerading.ps1.exe /Y & copy
                ""C:\AtomicRedTeam\atomics\T1036.003\src\T1036.003_masquerading.vbs""
                %temp%\T1036.003_masquerading.xls.vbs /Y & copy
                ""C:\AtomicRedTeam\atomics\T1036.003\src\T1036.003_masquerading.vbs""
                %temp%\T1036.003_masquerading.xlsx.vbs /Y & copy
                ""C:\AtomicRedTeam\atomics\T1036.003\src\T1036.003_masquerading.vbs""
                %temp%\T1036.003_masquerading.png.vbs /Y & copy
                ""C:\AtomicRedTeam\atomics\T1036.003\src\T1036.003_masquerading.ps1""
                %temp%\T1036.003_masquerading.doc.ps1 /Y & copy
                ""C:\AtomicRedTeam\atomics\T1036.003\src\T1036.003_masquerading.ps1""
                %temp%\T1036.003_masquerading.pdf.ps1 /Y & copy
                ""C:\AtomicRedTeam\atomics\T1036.003\src\T1036.003_masquerading.ps1""
                %temp%\T1036.003_masquerading.rtf.ps1 /Y &
                %temp%\T1036.003_masquerading.docx.exe & %temp%\T1036.003_masquerading.pdf.exe
                & %temp%\T1036.003_masquerading.ps1.exe &
                %temp%\T1036.003_masquerading.xls.vbs & %temp%\T1036.003_masquerading.xlsx.vbs
                & %temp%\T1036.003_masquerading.png.vbs &
                C:\Windows\System32\WindowsPowerShell\v1.0\powershell.exe -File
                %temp%\T1036.003_masquerading.doc.ps1 &
                C:\Windows\System32\WindowsPowerShell\v1.0\powershell.exe -File
                %temp%\T1036.003_masquerading.pdf.ps1 &
                C:\Windows\System32\WindowsPowerShell\v1.0\powershell.exe -File
                %temp%\T1036.003_masquerading.rtf.ps1",C:\Windows\System32\cmd.exe,{f57bd86a-6332-658c-da01-000000000f00},7492,WINDEV2309EVAL\User,{f57bd86a-6337-658c-e401-000000000f00},3588,7776,Microsoft ® Windows Script Host,,,,-,2023-12-27T17:47:35.9023595Z,,1,1,5124,WINDEV2309EVAL\User,S-1-5-18,2023-12-27 17:47:35.901,5,"<Event xmlns=""http://schemas.microsoft.com/win/2004/08/events/event"">
    
        
    <System>
      
            
      <Provider Name=""Microsoft-Windows-Sysmon"" Guid=""{5770385f-c22a-43e0-bf4c-06f5698ffbd9}""/>
      
            
      <EventID>1</EventID>
      
            
      <Version>5</Version>
      
            
      <Level>4</Level>
      
            
      <Task>1</Task>
      
            
      <Opcode>0</Opcode>
      
            
      <Keywords>0x8000000000000000</Keywords>
      
            
      <TimeCreated SystemTime=""2023-12-27T17:47:35.9023595Z""/>
      
            
      <EventRecordID>19630</EventRecordID>
      
            
      <Correlation/>
      
            
      <Execution ProcessID=""3588"" ThreadID=""5124""/>
      
            
      <Channel>Microsoft-Windows-Sysmon/Operational</Channel>
      
            
      <Computer>WinDev2309Eval</Computer>
      
            
      <Security UserID=""S-1-5-18""/>
      
        
    </System>
    
        
    <EventData>
      
            
      <Data Name=""RuleName"">-</Data>
      
            
      <Data Name=""UtcTime"">2023-12-27 17:47:35.901</Data>
      
            
      <Data Name=""ProcessGuid"">{f57bd86a-6337-658c-e401-000000000f00}</Data>
      
            
      <Data Name=""ProcessId"">7776</Data>
      
            
      <Data Name=""Image"">C:\Windows\System32\wscript.exe</Data>
      
            
      <Data Name=""FileVersion"">5.812.10240.16384</Data>
      
            
      <Data Name=""Description"">Microsoft &#174; Windows Based Script Host</Data>
      
            
      <Data Name=""Product"">Microsoft &#174; Windows Script Host</Data>
      
            
      <Data Name=""Company"">Microsoft Corporation</Data>
      
            
      <Data Name=""OriginalFileName"">wscript.exe</Data>
      
            
      <Data Name=""CommandLine"">""C:\Windows\System32\WScript.exe""
                ""C:\Users\User\AppData\Local\Temp\T1036.003_masquerading.png.vbs"" </Data>
      
            
      <Data Name=""CurrentDirectory"">C:\Users\User\AppData\Local\Temp\</Data>
      
            
      <Data Name=""User"">WINDEV2309EVAL\User</Data>
      
            
      <Data Name=""LogonGuid"">{f57bd86a-36f9-658c-7bf8-020000000000}</Data>
      
            
      <Data Name=""LogonId"">0x2f87b</Data>
      
            
      <Data Name=""TerminalSessionId"">1</Data>
      
            
      <Data Name=""IntegrityLevel"">Medium</Data>
      
            
      <Data Name=""Hashes"">
                MD5=CD3C1773CEF2611325FA884926090538,SHA256=7478B567C9EC9A1E1061F9C6DB2993FCDC2EC4E8FB5CA6DA80FA307B54116E69,IMPHASH=ACD7356FA52D4E2866A873BF9AB94256</Data>
      
            
      <Data Name=""ParentProcessGuid"">{f57bd86a-6332-658c-da01-000000000f00}</Data>
      
            
      <Data Name=""ParentProcessId"">7492</Data>
      
            
      <Data Name=""ParentImage"">C:\Windows\System32\cmd.exe</Data>
      
            
      <Data Name=""ParentCommandLine"">""cmd.exe"" /c copy ""C:\Windows\System32\calc.exe""
                %temp%\T1036.003_masquerading.docx.exe /Y &amp; copy ""C:\Windows\System32\calc.exe""
                %temp%\T1036.003_masquerading.pdf.exe /Y &amp; copy ""C:\Windows\System32\calc.exe""
                %temp%\T1036.003_masquerading.ps1.exe /Y &amp; copy
                ""C:\AtomicRedTeam\atomics\T1036.003\src\T1036.003_masquerading.vbs""
                %temp%\T1036.003_masquerading.xls.vbs /Y &amp; copy
                ""C:\AtomicRedTeam\atomics\T1036.003\src\T1036.003_masquerading.vbs""
                %temp%\T1036.003_masquerading.xlsx.vbs /Y &amp; copy
                ""C:\AtomicRedTeam\atomics\T1036.003\src\T1036.003_masquerading.vbs""
                %temp%\T1036.003_masquerading.png.vbs /Y &amp; copy
                ""C:\AtomicRedTeam\atomics\T1036.003\src\T1036.003_masquerading.ps1""
                %temp%\T1036.003_masquerading.doc.ps1 /Y &amp; copy
                ""C:\AtomicRedTeam\atomics\T1036.003\src\T1036.003_masquerading.ps1""
                %temp%\T1036.003_masquerading.pdf.ps1 /Y &amp; copy
                ""C:\AtomicRedTeam\atomics\T1036.003\src\T1036.003_masquerading.ps1""
                %temp%\T1036.003_masquerading.rtf.ps1 /Y &amp;
                %temp%\T1036.003_masquerading.docx.exe &amp; %temp%\T1036.003_masquerading.pdf.exe
                &amp; %temp%\T1036.003_masquerading.ps1.exe &amp;
                %temp%\T1036.003_masquerading.xls.vbs &amp; %temp%\T1036.003_masquerading.xlsx.vbs
                &amp; %temp%\T1036.003_masquerading.png.vbs &amp;
                C:\Windows\System32\WindowsPowerShell\v1.0\powershell.exe -File
                %temp%\T1036.003_masquerading.doc.ps1 &amp;
                C:\Windows\System32\WindowsPowerShell\v1.0\powershell.exe -File
                %temp%\T1036.003_masquerading.pdf.ps1 &amp;
                C:\Windows\System32\WindowsPowerShell\v1.0\powershell.exe -File
                %temp%\T1036.003_masquerading.rtf.ps1</Data>
      
            
      <Data Name=""ParentUser"">WINDEV2309EVAL\User</Data>
      
        
    </EventData>
    
    
  </Event>
  
    
  
"
Microsoft-Windows-Sysmon/Operational,"""C:\Windows\System32\WScript.exe""
                ""C:\Users\User\AppData\Local\Temp\T1036.003_masquerading.xlsx.vbs"" ",Microsoft Corporation,WinDev2309Eval,,,C:\Users\User\AppData\Local\Temp\,Microsoft ® Windows Based Script Host,1,19629,5.812.10240.16384,,"
                MD5=CD3C1773CEF2611325FA884926090538,SHA256=7478B567C9EC9A1E1061F9C6DB2993FCDC2EC4E8FB5CA6DA80FA307B54116E69,IMPHASH=ACD7356FA52D4E2866A873BF9AB94256",C:\Windows\System32\wscript.exe,Medium,0x8000000000000000,4,{f57bd86a-36f9-658c-7bf8-020000000000},0x2f87b,0,wscript.exe,"""cmd.exe"" /c copy ""C:\Windows\System32\calc.exe""
                %temp%\T1036.003_masquerading.docx.exe /Y & copy ""C:\Windows\System32\calc.exe""
                %temp%\T1036.003_masquerading.pdf.exe /Y & copy ""C:\Windows\System32\calc.exe""
                %temp%\T1036.003_masquerading.ps1.exe /Y & copy
                ""C:\AtomicRedTeam\atomics\T1036.003\src\T1036.003_masquerading.vbs""
                %temp%\T1036.003_masquerading.xls.vbs /Y & copy
                ""C:\AtomicRedTeam\atomics\T1036.003\src\T1036.003_masquerading.vbs""
                %temp%\T1036.003_masquerading.xlsx.vbs /Y & copy
                ""C:\AtomicRedTeam\atomics\T1036.003\src\T1036.003_masquerading.vbs""
                %temp%\T1036.003_masquerading.png.vbs /Y & copy
                ""C:\AtomicRedTeam\atomics\T1036.003\src\T1036.003_masquerading.ps1""
                %temp%\T1036.003_masquerading.doc.ps1 /Y & copy
                ""C:\AtomicRedTeam\atomics\T1036.003\src\T1036.003_masquerading.ps1""
                %temp%\T1036.003_masquerading.pdf.ps1 /Y & copy
                ""C:\AtomicRedTeam\atomics\T1036.003\src\T1036.003_masquerading.ps1""
                %temp%\T1036.003_masquerading.rtf.ps1 /Y &
                %temp%\T1036.003_masquerading.docx.exe & %temp%\T1036.003_masquerading.pdf.exe
                & %temp%\T1036.003_masquerading.ps1.exe &
                %temp%\T1036.003_masquerading.xls.vbs & %temp%\T1036.003_masquerading.xlsx.vbs
                & %temp%\T1036.003_masquerading.png.vbs &
                C:\Windows\System32\WindowsPowerShell\v1.0\powershell.exe -File
                %temp%\T1036.003_masquerading.doc.ps1 &
                C:\Windows\System32\WindowsPowerShell\v1.0\powershell.exe -File
                %temp%\T1036.003_masquerading.pdf.ps1 &
                C:\Windows\System32\WindowsPowerShell\v1.0\powershell.exe -File
                %temp%\T1036.003_masquerading.rtf.ps1",C:\Windows\System32\cmd.exe,{f57bd86a-6332-658c-da01-000000000f00},7492,WINDEV2309EVAL\User,{f57bd86a-6336-658c-e301-000000000f00},3588,5008,Microsoft ® Windows Script Host,,,,-,2023-12-27T17:47:34.7179061Z,,1,1,5124,WINDEV2309EVAL\User,S-1-5-18,2023-12-27 17:47:34.716,5,"<Event xmlns=""http://schemas.microsoft.com/win/2004/08/events/event"">
    
        
    <System>
      
            
      <Provider Name=""Microsoft-Windows-Sysmon"" Guid=""{5770385f-c22a-43e0-bf4c-06f5698ffbd9}""/>
      
            
      <EventID>1</EventID>
      
            
      <Version>5</Version>
      
            
      <Level>4</Level>
      
            
      <Task>1</Task>
      
            
      <Opcode>0</Opcode>
      
            
      <Keywords>0x8000000000000000</Keywords>
      
            
      <TimeCreated SystemTime=""2023-12-27T17:47:34.7179061Z""/>
      
            
      <EventRecordID>19629</EventRecordID>
      
            
      <Correlation/>
      
            
      <Execution ProcessID=""3588"" ThreadID=""5124""/>
      
            
      <Channel>Microsoft-Windows-Sysmon/Operational</Channel>
      
            
      <Computer>WinDev2309Eval</Computer>
      
            
      <Security UserID=""S-1-5-18""/>
      
        
    </System>
    
        
    <EventData>
      
            
      <Data Name=""RuleName"">-</Data>
      
            
      <Data Name=""UtcTime"">2023-12-27 17:47:34.716</Data>
      
            
      <Data Name=""ProcessGuid"">{f57bd86a-6336-658c-e301-000000000f00}</Data>
      
            
      <Data Name=""ProcessId"">5008</Data>
      
            
      <Data Name=""Image"">C:\Windows\System32\wscript.exe</Data>
      
            
      <Data Name=""FileVersion"">5.812.10240.16384</Data>
      
            
      <Data Name=""Description"">Microsoft &#174; Windows Based Script Host</Data>
      
            
      <Data Name=""Product"">Microsoft &#174; Windows Script Host</Data>
      
            
      <Data Name=""Company"">Microsoft Corporation</Data>
      
            
      <Data Name=""OriginalFileName"">wscript.exe</Data>
      
            
      <Data Name=""CommandLine"">""C:\Windows\System32\WScript.exe""
                ""C:\Users\User\AppData\Local\Temp\T1036.003_masquerading.xlsx.vbs"" </Data>
      
            
      <Data Name=""CurrentDirectory"">C:\Users\User\AppData\Local\Temp\</Data>
      
            
      <Data Name=""User"">WINDEV2309EVAL\User</Data>
      
            
      <Data Name=""LogonGuid"">{f57bd86a-36f9-658c-7bf8-020000000000}</Data>
      
            
      <Data Name=""LogonId"">0x2f87b</Data>
      
            
      <Data Name=""TerminalSessionId"">1</Data>
      
            
      <Data Name=""IntegrityLevel"">Medium</Data>
      
            
      <Data Name=""Hashes"">
                MD5=CD3C1773CEF2611325FA884926090538,SHA256=7478B567C9EC9A1E1061F9C6DB2993FCDC2EC4E8FB5CA6DA80FA307B54116E69,IMPHASH=ACD7356FA52D4E2866A873BF9AB94256</Data>
      
            
      <Data Name=""ParentProcessGuid"">{f57bd86a-6332-658c-da01-000000000f00}</Data>
      
            
      <Data Name=""ParentProcessId"">7492</Data>
      
            
      <Data Name=""ParentImage"">C:\Windows\System32\cmd.exe</Data>
      
            
      <Data Name=""ParentCommandLine"">""cmd.exe"" /c copy ""C:\Windows\System32\calc.exe""
                %temp%\T1036.003_masquerading.docx.exe /Y &amp; copy ""C:\Windows\System32\calc.exe""
                %temp%\T1036.003_masquerading.pdf.exe /Y &amp; copy ""C:\Windows\System32\calc.exe""
                %temp%\T1036.003_masquerading.ps1.exe /Y &amp; copy
                ""C:\AtomicRedTeam\atomics\T1036.003\src\T1036.003_masquerading.vbs""
                %temp%\T1036.003_masquerading.xls.vbs /Y &amp; copy
                ""C:\AtomicRedTeam\atomics\T1036.003\src\T1036.003_masquerading.vbs""
                %temp%\T1036.003_masquerading.xlsx.vbs /Y &amp; copy
                ""C:\AtomicRedTeam\atomics\T1036.003\src\T1036.003_masquerading.vbs""
                %temp%\T1036.003_masquerading.png.vbs /Y &amp; copy
                ""C:\AtomicRedTeam\atomics\T1036.003\src\T1036.003_masquerading.ps1""
                %temp%\T1036.003_masquerading.doc.ps1 /Y &amp; copy
                ""C:\AtomicRedTeam\atomics\T1036.003\src\T1036.003_masquerading.ps1""
                %temp%\T1036.003_masquerading.pdf.ps1 /Y &amp; copy
                ""C:\AtomicRedTeam\atomics\T1036.003\src\T1036.003_masquerading.ps1""
                %temp%\T1036.003_masquerading.rtf.ps1 /Y &amp;
                %temp%\T1036.003_masquerading.docx.exe &amp; %temp%\T1036.003_masquerading.pdf.exe
                &amp; %temp%\T1036.003_masquerading.ps1.exe &amp;
                %temp%\T1036.003_masquerading.xls.vbs &amp; %temp%\T1036.003_masquerading.xlsx.vbs
                &amp; %temp%\T1036.003_masquerading.png.vbs &amp;
                C:\Windows\System32\WindowsPowerShell\v1.0\powershell.exe -File
                %temp%\T1036.003_masquerading.doc.ps1 &amp;
                C:\Windows\System32\WindowsPowerShell\v1.0\powershell.exe -File
                %temp%\T1036.003_masquerading.pdf.ps1 &amp;
                C:\Windows\System32\WindowsPowerShell\v1.0\powershell.exe -File
                %temp%\T1036.003_masquerading.rtf.ps1</Data>
      
            
      <Data Name=""ParentUser"">WINDEV2309EVAL\User</Data>
      
        
    </EventData>
    
    
  </Event>
  
    
  
"
