Microsoft-Windows-Sysmon/Operational,"""C:\Users\User\AppData\Local\Temp\svchost.exe"" ",Microsoft Corporation,WinDev2309Eval,,,C:\Users\User\AppData\Local\Temp\,Windows Command Processor,1,19600,10.0.22621.2506 (WinBuild.160101.0800),,"
                MD5=133D568ECCB557E37BEA1459521CBAC2,SHA256=05A30592D2C3421C41121145C6EEFA7C81FEA6B42D6233A522240A8468326B9C,IMPHASH=D73E39DAB3C8B57AA408073D01254964",C:\Users\User\AppData\Local\Temp\svchost.exe,Medium,0x8000000000000000,4,{f57bd86a-36f9-658c-7bf8-020000000000},0x2f87b,0,Cmd.Exe,"""powershell.exe"" & {copy \""""$env:ComSpec\""""
                ($env:TEMP + \""""\svchost.exe\"""")
                $myT1036_003 = (Start-Process -PassThru -FilePath ($env:TEMP +
                \""""\svchost.exe\"""")).Id
                Stop-Process -ID $myT1036_003}",C:\Windows\System32\WindowsPowerShell\v1.0\powershell.exe,{f57bd86a-6330-658c-d201-000000000f00},8092,WINDEV2309EVAL\User,{f57bd86a-6331-658c-d401-000000000f00},3588,7388,Microsoft® Windows® Operating System,,,,-,2023-12-27T17:47:29.4035980Z,,1,1,5124,WINDEV2309EVAL\User,S-1-5-18,2023-12-27 17:47:29.394,5,"<Event xmlns=""http://schemas.microsoft.com/win/2004/08/events/event"">
    
        
    <System>
      
            
      <Provider Name=""Microsoft-Windows-Sysmon"" Guid=""{5770385f-c22a-43e0-bf4c-06f5698ffbd9}""/>
      
            
      <EventID>1</EventID>
      
            
      <Version>5</Version>
      
            
      <Level>4</Level>
      
            
      <Task>1</Task>
      
            
      <Opcode>0</Opcode>
      
            
      <Keywords>0x8000000000000000</Keywords>
      
            
      <TimeCreated SystemTime=""2023-12-27T17:47:29.4035980Z""/>
      
            
      <EventRecordID>19600</EventRecordID>
      
            
      <Correlation/>
      
            
      <Execution ProcessID=""3588"" ThreadID=""5124""/>
      
            
      <Channel>Microsoft-Windows-Sysmon/Operational</Channel>
      
            
      <Computer>WinDev2309Eval</Computer>
      
            
      <Security UserID=""S-1-5-18""/>
      
        
    </System>
    
        
    <EventData>
      
            
      <Data Name=""RuleName"">-</Data>
      
            
      <Data Name=""UtcTime"">2023-12-27 17:47:29.394</Data>
      
            
      <Data Name=""ProcessGuid"">{f57bd86a-6331-658c-d401-000000000f00}</Data>
      
            
      <Data Name=""ProcessId"">7388</Data>
      
            
      <Data Name=""Image"">C:\Users\User\AppData\Local\Temp\svchost.exe</Data>
      
            
      <Data Name=""FileVersion"">10.0.22621.2506 (WinBuild.160101.0800)</Data>
      
            
      <Data Name=""Description"">Windows Command Processor</Data>
      
            
      <Data Name=""Product"">Microsoft&#174; Windows&#174; Operating System</Data>
      
            
      <Data Name=""Company"">Microsoft Corporation</Data>
      
            
      <Data Name=""OriginalFileName"">Cmd.Exe</Data>
      
            
      <Data Name=""CommandLine"">""C:\Users\User\AppData\Local\Temp\svchost.exe"" </Data>
      
            
      <Data Name=""CurrentDirectory"">C:\Users\User\AppData\Local\Temp\</Data>
      
            
      <Data Name=""User"">WINDEV2309EVAL\User</Data>
      
            
      <Data Name=""LogonGuid"">{f57bd86a-36f9-658c-7bf8-020000000000}</Data>
      
            
      <Data Name=""LogonId"">0x2f87b</Data>
      
            
      <Data Name=""TerminalSessionId"">1</Data>
      
            
      <Data Name=""IntegrityLevel"">Medium</Data>
      
            
      <Data Name=""Hashes"">
                MD5=133D568ECCB557E37BEA1459521CBAC2,SHA256=05A30592D2C3421C41121145C6EEFA7C81FEA6B42D6233A522240A8468326B9C,IMPHASH=D73E39DAB3C8B57AA408073D01254964</Data>
      
            
      <Data Name=""ParentProcessGuid"">{f57bd86a-6330-658c-d201-000000000f00}</Data>
      
            
      <Data Name=""ParentProcessId"">8092</Data>
      
            
      <Data Name=""ParentImage"">C:\Windows\System32\WindowsPowerShell\v1.0\powershell.exe</Data>
      
            
      <Data Name=""ParentCommandLine"">""powershell.exe"" &amp; {copy \""""$env:ComSpec\""""
                ($env:TEMP + \""""\svchost.exe\"""")
                $myT1036_003 = (Start-Process -PassThru -FilePath ($env:TEMP +
                \""""\svchost.exe\"""")).Id
                Stop-Process -ID $myT1036_003}</Data>
      
            
      <Data Name=""ParentUser"">WINDEV2309EVAL\User</Data>
      
        
    </EventData>
    
    
  </Event>
  
    
  
"
Microsoft-Windows-Sysmon/Operational,,,WinDev2309Eval,,2023-12-27 17:47:26.060,,,11,19599,,,,C:\Windows\System32\WindowsPowerShell\v1.0\powershell.exe,,0x8000000000000000,4,,,0,,,,,,,{f57bd86a-6330-658c-d201-000000000f00},3588,8092,,,,,EXE,2023-12-27T17:47:29.2780998Z,C:\Users\User\AppData\Local\Temp\svchost.exe,11,,5124,WINDEV2309EVAL\User,S-1-5-18,2023-12-27 17:47:29.275,2,"<Event xmlns=""http://schemas.microsoft.com/win/2004/08/events/event"">
    
        
    <System>
      
            
      <Provider Name=""Microsoft-Windows-Sysmon"" Guid=""{5770385f-c22a-43e0-bf4c-06f5698ffbd9}""/>
      
            
      <EventID>11</EventID>
      
            
      <Version>2</Version>
      
            
      <Level>4</Level>
      
            
      <Task>11</Task>
      
            
      <Opcode>0</Opcode>
      
            
      <Keywords>0x8000000000000000</Keywords>
      
            
      <TimeCreated SystemTime=""2023-12-27T17:47:29.2780998Z""/>
      
            
      <EventRecordID>19599</EventRecordID>
      
            
      <Correlation/>
      
            
      <Execution ProcessID=""3588"" ThreadID=""5124""/>
      
            
      <Channel>Microsoft-Windows-Sysmon/Operational</Channel>
      
            
      <Computer>WinDev2309Eval</Computer>
      
            
      <Security UserID=""S-1-5-18""/>
      
        
    </System>
    
        
    <EventData>
      
            
      <Data Name=""RuleName"">EXE</Data>
      
            
      <Data Name=""UtcTime"">2023-12-27 17:47:29.275</Data>
      
            
      <Data Name=""ProcessGuid"">{f57bd86a-6330-658c-d201-000000000f00}</Data>
      
            
      <Data Name=""ProcessId"">8092</Data>
      
            
      <Data Name=""Image"">C:\Windows\System32\WindowsPowerShell\v1.0\powershell.exe</Data>
      
            
      <Data Name=""TargetFilename"">C:\Users\User\AppData\Local\Temp\svchost.exe</Data>
      
            
      <Data Name=""CreationUtcTime"">2023-12-27 17:47:26.060</Data>
      
            
      <Data Name=""User"">WINDEV2309EVAL\User</Data>
      
        
    </EventData>
    
    
  </Event>
  
    
  
"
Microsoft-Windows-Sysmon/Operational,,,WinDev2309Eval,,2023-12-27 17:47:28.428,,,11,19598,,,,C:\Windows\System32\WindowsPowerShell\v1.0\powershell.exe,,0x8000000000000000,4,,,0,,,,,,,{f57bd86a-6330-658c-d201-000000000f00},3588,8092,,,,,-,2023-12-27T17:47:28.4297916Z,"
                C:\Users\User\AppData\Local\Temp\__PSScriptPolicyTest_dd3do3yu.c4e.ps1",11,,5124,WINDEV2309EVAL\User,S-1-5-18,2023-12-27 17:47:28.428,2,"<Event xmlns=""http://schemas.microsoft.com/win/2004/08/events/event"">
    
        
    <System>
      
            
      <Provider Name=""Microsoft-Windows-Sysmon"" Guid=""{5770385f-c22a-43e0-bf4c-06f5698ffbd9}""/>
      
            
      <EventID>11</EventID>
      
            
      <Version>2</Version>
      
            
      <Level>4</Level>
      
            
      <Task>11</Task>
      
            
      <Opcode>0</Opcode>
      
            
      <Keywords>0x8000000000000000</Keywords>
      
            
      <TimeCreated SystemTime=""2023-12-27T17:47:28.4297916Z""/>
      
            
      <EventRecordID>19598</EventRecordID>
      
            
      <Correlation/>
      
            
      <Execution ProcessID=""3588"" ThreadID=""5124""/>
      
            
      <Channel>Microsoft-Windows-Sysmon/Operational</Channel>
      
            
      <Computer>WinDev2309Eval</Computer>
      
            
      <Security UserID=""S-1-5-18""/>
      
        
    </System>
    
        
    <EventData>
      
            
      <Data Name=""RuleName"">-</Data>
      
            
      <Data Name=""UtcTime"">2023-12-27 17:47:28.428</Data>
      
            
      <Data Name=""ProcessGuid"">{f57bd86a-6330-658c-d201-000000000f00}</Data>
      
            
      <Data Name=""ProcessId"">8092</Data>
      
            
      <Data Name=""Image"">C:\Windows\System32\WindowsPowerShell\v1.0\powershell.exe</Data>
      
            
      <Data Name=""TargetFilename"">
                C:\Users\User\AppData\Local\Temp\__PSScriptPolicyTest_dd3do3yu.c4e.ps1</Data>
      
            
      <Data Name=""CreationUtcTime"">2023-12-27 17:47:28.428</Data>
      
            
      <Data Name=""User"">WINDEV2309EVAL\User</Data>
      
        
    </EventData>
    
    
  </Event>
  
    
  
"
Microsoft-Windows-Sysmon/Operational,"""powershell.exe"" & {copy \""""$env:ComSpec\"""" ($env:TEMP +
                \""""\svchost.exe\"""")
                $myT1036_003 = (Start-Process -PassThru -FilePath ($env:TEMP +
                \""""\svchost.exe\"""")).Id
                Stop-Process -ID $myT1036_003}",Microsoft Corporation,WinDev2309Eval,,,C:\Users\User\AppData\Local\Temp\,Windows PowerShell,1,19597,10.0.22621.2506 (WinBuild.160101.0800),,"
                MD5=2D1D70C92A419D9079B047954C611886,SHA256=C50057756CDB25D481CF2502ABCEF124F864C27618C5057468BFC6B82B2C4EDD,IMPHASH=E09C4F82A1DA13A09F4FF2E625FEBA20",C:\Windows\System32\WindowsPowerShell\v1.0\powershell.exe,Medium,0x8000000000000000,4,{f57bd86a-36f9-658c-7bf8-020000000000},0x2f87b,0,PowerShell.EXE,-,-,{00000000-0000-0000-0000-000000000000},1688,-,{f57bd86a-6330-658c-d201-000000000f00},3588,8092,Microsoft® Windows® Operating System,,,,-,2023-12-27T17:47:28.3194757Z,,1,1,5124,WINDEV2309EVAL\User,S-1-5-18,2023-12-27 17:47:28.318,5,"<Event xmlns=""http://schemas.microsoft.com/win/2004/08/events/event"">
    
        
    <System>
      
            
      <Provider Name=""Microsoft-Windows-Sysmon"" Guid=""{5770385f-c22a-43e0-bf4c-06f5698ffbd9}""/>
      
            
      <EventID>1</EventID>
      
            
      <Version>5</Version>
      
            
      <Level>4</Level>
      
            
      <Task>1</Task>
      
            
      <Opcode>0</Opcode>
      
            
      <Keywords>0x8000000000000000</Keywords>
      
            
      <TimeCreated SystemTime=""2023-12-27T17:47:28.3194757Z""/>
      
            
      <EventRecordID>19597</EventRecordID>
      
            
      <Correlation/>
      
            
      <Execution ProcessID=""3588"" ThreadID=""5124""/>
      
            
      <Channel>Microsoft-Windows-Sysmon/Operational</Channel>
      
            
      <Computer>WinDev2309Eval</Computer>
      
            
      <Security UserID=""S-1-5-18""/>
      
        
    </System>
    
        
    <EventData>
      
            
      <Data Name=""RuleName"">-</Data>
      
            
      <Data Name=""UtcTime"">2023-12-27 17:47:28.318</Data>
      
            
      <Data Name=""ProcessGuid"">{f57bd86a-6330-658c-d201-000000000f00}</Data>
      
            
      <Data Name=""ProcessId"">8092</Data>
      
            
      <Data Name=""Image"">C:\Windows\System32\WindowsPowerShell\v1.0\powershell.exe</Data>
      
            
      <Data Name=""FileVersion"">10.0.22621.2506 (WinBuild.160101.0800)</Data>
      
            
      <Data Name=""Description"">Windows PowerShell</Data>
      
            
      <Data Name=""Product"">Microsoft&#174; Windows&#174; Operating System</Data>
      
            
      <Data Name=""Company"">Microsoft Corporation</Data>
      
            
      <Data Name=""OriginalFileName"">PowerShell.EXE</Data>
      
            
      <Data Name=""CommandLine"">""powershell.exe"" &amp; {copy \""""$env:ComSpec\"""" ($env:TEMP +
                \""""\svchost.exe\"""")
                $myT1036_003 = (Start-Process -PassThru -FilePath ($env:TEMP +
                \""""\svchost.exe\"""")).Id
                Stop-Process -ID $myT1036_003}</Data>
      
            
      <Data Name=""CurrentDirectory"">C:\Users\User\AppData\Local\Temp\</Data>
      
            
      <Data Name=""User"">WINDEV2309EVAL\User</Data>
      
            
      <Data Name=""LogonGuid"">{f57bd86a-36f9-658c-7bf8-020000000000}</Data>
      
            
      <Data Name=""LogonId"">0x2f87b</Data>
      
            
      <Data Name=""TerminalSessionId"">1</Data>
      
            
      <Data Name=""IntegrityLevel"">Medium</Data>
      
            
      <Data Name=""Hashes"">
                MD5=2D1D70C92A419D9079B047954C611886,SHA256=C50057756CDB25D481CF2502ABCEF124F864C27618C5057468BFC6B82B2C4EDD,IMPHASH=E09C4F82A1DA13A09F4FF2E625FEBA20</Data>
      
            
      <Data Name=""ParentProcessGuid"">{00000000-0000-0000-0000-000000000000}</Data>
      
            
      <Data Name=""ParentProcessId"">1688</Data>
      
            
      <Data Name=""ParentImage"">-</Data>
      
            
      <Data Name=""ParentCommandLine"">-</Data>
      
            
      <Data Name=""ParentUser"">-</Data>
      
        
    </EventData>
    
    
  </Event>
  
    
  
"
Microsoft-Windows-Sysmon/Operational,"""C:\Windows\system32\sc.exe"" start InventorySvc",Microsoft Corporation,WinDev2309Eval,,,C:\Windows\system32\,Service Control Manager Configuration Tool,1,19596,10.0.22621.1 (WinBuild.160101.0800),,"
                MD5=FF2A4319FA5531F0D7B98DBBA9ABBD4A,SHA256=67CBE3A7B9C9B7A2E9FB10A33C1A9A3FD297B6F1598AEA374BD9B5D2DEE352EC,IMPHASH=42DADBD60BBC453DD1773FDC089E19B7",C:\Windows\System32\sc.exe,System,0x8000000000000000,4,{f57bd86a-36f5-658c-e703-000000000000},0x3e7,0,sc.exe,C:\Windows\system32\svchost.exe -k netsvcs -p -s Schedule,C:\Windows\System32\svchost.exe,{f57bd86a-36f6-658c-1d00-000000000f00},1496,NT AUTHORITY\SYSTEM,{f57bd86a-632e-658c-d001-000000000f00},3588,10448,Microsoft® Windows® Operating System,,,,-,2023-12-27T17:47:26.7951760Z,,1,0,5124,NT AUTHORITY\SYSTEM,S-1-5-18,2023-12-27 17:47:26.790,5,"<Event xmlns=""http://schemas.microsoft.com/win/2004/08/events/event"">
    
        
    <System>
      
            
      <Provider Name=""Microsoft-Windows-Sysmon"" Guid=""{5770385f-c22a-43e0-bf4c-06f5698ffbd9}""/>
      
            
      <EventID>1</EventID>
      
            
      <Version>5</Version>
      
            
      <Level>4</Level>
      
            
      <Task>1</Task>
      
            
      <Opcode>0</Opcode>
      
            
      <Keywords>0x8000000000000000</Keywords>
      
            
      <TimeCreated SystemTime=""2023-12-27T17:47:26.7951760Z""/>
      
            
      <EventRecordID>19596</EventRecordID>
      
            
      <Correlation/>
      
            
      <Execution ProcessID=""3588"" ThreadID=""5124""/>
      
            
      <Channel>Microsoft-Windows-Sysmon/Operational</Channel>
      
            
      <Computer>WinDev2309Eval</Computer>
      
            
      <Security UserID=""S-1-5-18""/>
      
        
    </System>
    
        
    <EventData>
      
            
      <Data Name=""RuleName"">-</Data>
      
            
      <Data Name=""UtcTime"">2023-12-27 17:47:26.790</Data>
      
            
      <Data Name=""ProcessGuid"">{f57bd86a-632e-658c-d001-000000000f00}</Data>
      
            
      <Data Name=""ProcessId"">10448</Data>
      
            
      <Data Name=""Image"">C:\Windows\System32\sc.exe</Data>
      
            
      <Data Name=""FileVersion"">10.0.22621.1 (WinBuild.160101.0800)</Data>
      
            
      <Data Name=""Description"">Service Control Manager Configuration Tool</Data>
      
            
      <Data Name=""Product"">Microsoft&#174; Windows&#174; Operating System</Data>
      
            
      <Data Name=""Company"">Microsoft Corporation</Data>
      
            
      <Data Name=""OriginalFileName"">sc.exe</Data>
      
            
      <Data Name=""CommandLine"">""C:\Windows\system32\sc.exe"" start InventorySvc</Data>
      
            
      <Data Name=""CurrentDirectory"">C:\Windows\system32\</Data>
      
            
      <Data Name=""User"">NT AUTHORITY\SYSTEM</Data>
      
            
      <Data Name=""LogonGuid"">{f57bd86a-36f5-658c-e703-000000000000}</Data>
      
            
      <Data Name=""LogonId"">0x3e7</Data>
      
            
      <Data Name=""TerminalSessionId"">0</Data>
      
            
      <Data Name=""IntegrityLevel"">System</Data>
      
            
      <Data Name=""Hashes"">
                MD5=FF2A4319FA5531F0D7B98DBBA9ABBD4A,SHA256=67CBE3A7B9C9B7A2E9FB10A33C1A9A3FD297B6F1598AEA374BD9B5D2DEE352EC,IMPHASH=42DADBD60BBC453DD1773FDC089E19B7</Data>
      
            
      <Data Name=""ParentProcessGuid"">{f57bd86a-36f6-658c-1d00-000000000f00}</Data>
      
            
      <Data Name=""ParentProcessId"">1496</Data>
      
            
      <Data Name=""ParentImage"">C:\Windows\System32\svchost.exe</Data>
      
            
      <Data Name=""ParentCommandLine"">C:\Windows\system32\svchost.exe -k netsvcs -p -s Schedule</Data>
      
            
      <Data Name=""ParentUser"">NT AUTHORITY\SYSTEM</Data>
      
        
    </EventData>
    
    
  </Event>
  
    
  
"
Microsoft-Windows-Sysmon/Operational,C:\Windows\System32\smartscreen.exe -Embedding,Microsoft Corporation,WinDev2309Eval,,,C:\Windows\system32\,Windows Defender SmartScreen,1,19595,10.0.22621.2506 (WinBuild.160101.0800),,"
                MD5=428B629A92397F8AE122C96F1AA64307,SHA256=A239C6A0C9754025160F4E52FD1D8C155F82F2E8DC159C643FDA75AAEAE7468E,IMPHASH=2CD979428F6A7D556A8BFFD60C64AD9B",C:\Windows\System32\smartscreen.exe,Medium,0x8000000000000000,4,{f57bd86a-36f9-658c-7bf8-020000000000},0x2f87b,0,smartscreen.exe,C:\Windows\system32\svchost.exe -k DcomLaunch -p,C:\Windows\System32\svchost.exe,{f57bd86a-36f5-658c-0d00-000000000f00},932,NT AUTHORITY\SYSTEM,{f57bd86a-632e-658c-cf01-000000000f00},3588,1192,Microsoft® Windows® Operating System,,,,-,2023-12-27T17:47:26.1562725Z,,1,1,5124,WINDEV2309EVAL\User,S-1-5-18,2023-12-27 17:47:26.155,5,"<Event xmlns=""http://schemas.microsoft.com/win/2004/08/events/event"">
    
        
    <System>
      
            
      <Provider Name=""Microsoft-Windows-Sysmon"" Guid=""{5770385f-c22a-43e0-bf4c-06f5698ffbd9}""/>
      
            
      <EventID>1</EventID>
      
            
      <Version>5</Version>
      
            
      <Level>4</Level>
      
            
      <Task>1</Task>
      
            
      <Opcode>0</Opcode>
      
            
      <Keywords>0x8000000000000000</Keywords>
      
            
      <TimeCreated SystemTime=""2023-12-27T17:47:26.1562725Z""/>
      
            
      <EventRecordID>19595</EventRecordID>
      
            
      <Correlation/>
      
            
      <Execution ProcessID=""3588"" ThreadID=""5124""/>
      
            
      <Channel>Microsoft-Windows-Sysmon/Operational</Channel>
      
            
      <Computer>WinDev2309Eval</Computer>
      
            
      <Security UserID=""S-1-5-18""/>
      
        
    </System>
    
        
    <EventData>
      
            
      <Data Name=""RuleName"">-</Data>
      
            
      <Data Name=""UtcTime"">2023-12-27 17:47:26.155</Data>
      
            
      <Data Name=""ProcessGuid"">{f57bd86a-632e-658c-cf01-000000000f00}</Data>
      
            
      <Data Name=""ProcessId"">1192</Data>
      
            
      <Data Name=""Image"">C:\Windows\System32\smartscreen.exe</Data>
      
            
      <Data Name=""FileVersion"">10.0.22621.2506 (WinBuild.160101.0800)</Data>
      
            
      <Data Name=""Description"">Windows Defender SmartScreen</Data>
      
            
      <Data Name=""Product"">Microsoft&#174; Windows&#174; Operating System</Data>
      
            
      <Data Name=""Company"">Microsoft Corporation</Data>
      
            
      <Data Name=""OriginalFileName"">smartscreen.exe</Data>
      
            
      <Data Name=""CommandLine"">C:\Windows\System32\smartscreen.exe -Embedding</Data>
      
            
      <Data Name=""CurrentDirectory"">C:\Windows\system32\</Data>
      
            
      <Data Name=""User"">WINDEV2309EVAL\User</Data>
      
            
      <Data Name=""LogonGuid"">{f57bd86a-36f9-658c-7bf8-020000000000}</Data>
      
            
      <Data Name=""LogonId"">0x2f87b</Data>
      
            
      <Data Name=""TerminalSessionId"">1</Data>
      
            
      <Data Name=""IntegrityLevel"">Medium</Data>
      
            
      <Data Name=""Hashes"">
                MD5=428B629A92397F8AE122C96F1AA64307,SHA256=A239C6A0C9754025160F4E52FD1D8C155F82F2E8DC159C643FDA75AAEAE7468E,IMPHASH=2CD979428F6A7D556A8BFFD60C64AD9B</Data>
      
            
      <Data Name=""ParentProcessGuid"">{f57bd86a-36f5-658c-0d00-000000000f00}</Data>
      
            
      <Data Name=""ParentProcessId"">932</Data>
      
            
      <Data Name=""ParentImage"">C:\Windows\System32\svchost.exe</Data>
      
            
      <Data Name=""ParentCommandLine"">C:\Windows\system32\svchost.exe -k DcomLaunch -p</Data>
      
            
      <Data Name=""ParentUser"">NT AUTHORITY\SYSTEM</Data>
      
        
    </EventData>
    
    
  </Event>
  
    
  
"
Microsoft-Windows-Sysmon/Operational,,,WinDev2309Eval,,2023-12-27 17:47:26.060,,,11,19594,,,,C:\Windows\System32\WindowsPowerShell\v1.0\powershell.exe,,0x8000000000000000,4,,,0,,,,,,,{f57bd86a-632c-658c-cd01-000000000f00},3588,2848,,,,,EXE,2023-12-27T17:47:26.0623258Z,C:\Users\User\AppData\Local\Temp\svchost.exe,11,,5124,WINDEV2309EVAL\User,S-1-5-18,2023-12-27 17:47:26.060,2,"<Event xmlns=""http://schemas.microsoft.com/win/2004/08/events/event"">
    
        
    <System>
      
            
      <Provider Name=""Microsoft-Windows-Sysmon"" Guid=""{5770385f-c22a-43e0-bf4c-06f5698ffbd9}""/>
      
            
      <EventID>11</EventID>
      
            
      <Version>2</Version>
      
            
      <Level>4</Level>
      
            
      <Task>11</Task>
      
            
      <Opcode>0</Opcode>
      
            
      <Keywords>0x8000000000000000</Keywords>
      
            
      <TimeCreated SystemTime=""2023-12-27T17:47:26.0623258Z""/>
      
            
      <EventRecordID>19594</EventRecordID>
      
            
      <Correlation/>
      
            
      <Execution ProcessID=""3588"" ThreadID=""5124""/>
      
            
      <Channel>Microsoft-Windows-Sysmon/Operational</Channel>
      
            
      <Computer>WinDev2309Eval</Computer>
      
            
      <Security UserID=""S-1-5-18""/>
      
        
    </System>
    
        
    <EventData>
      
            
      <Data Name=""RuleName"">EXE</Data>
      
            
      <Data Name=""UtcTime"">2023-12-27 17:47:26.060</Data>
      
            
      <Data Name=""ProcessGuid"">{f57bd86a-632c-658c-cd01-000000000f00}</Data>
      
            
      <Data Name=""ProcessId"">2848</Data>
      
            
      <Data Name=""Image"">C:\Windows\System32\WindowsPowerShell\v1.0\powershell.exe</Data>
      
            
      <Data Name=""TargetFilename"">C:\Users\User\AppData\Local\Temp\svchost.exe</Data>
      
            
      <Data Name=""CreationUtcTime"">2023-12-27 17:47:26.060</Data>
      
            
      <Data Name=""User"">WINDEV2309EVAL\User</Data>
      
        
    </EventData>
    
    
  </Event>
  
    
  
"
Microsoft-Windows-Sysmon/Operational,,,WinDev2309Eval,,2023-12-27 17:47:24.840,,,11,19593,,,,C:\Windows\System32\WindowsPowerShell\v1.0\powershell.exe,,0x8000000000000000,4,,,0,,,,,,,{f57bd86a-632c-658c-cd01-000000000f00},3588,2848,,,,,-,2023-12-27T17:47:24.8443092Z,"
                C:\Users\User\AppData\Local\Temp\__PSScriptPolicyTest_fxsjjcpa.44d.ps1",11,,5124,WINDEV2309EVAL\User,S-1-5-18,2023-12-27 17:47:24.840,2,"<Event xmlns=""http://schemas.microsoft.com/win/2004/08/events/event"">
    
        
    <System>
      
            
      <Provider Name=""Microsoft-Windows-Sysmon"" Guid=""{5770385f-c22a-43e0-bf4c-06f5698ffbd9}""/>
      
            
      <EventID>11</EventID>
      
            
      <Version>2</Version>
      
            
      <Level>4</Level>
      
            
      <Task>11</Task>
      
            
      <Opcode>0</Opcode>
      
            
      <Keywords>0x8000000000000000</Keywords>
      
            
      <TimeCreated SystemTime=""2023-12-27T17:47:24.8443092Z""/>
      
            
      <EventRecordID>19593</EventRecordID>
      
            
      <Correlation/>
      
            
      <Execution ProcessID=""3588"" ThreadID=""5124""/>
      
            
      <Channel>Microsoft-Windows-Sysmon/Operational</Channel>
      
            
      <Computer>WinDev2309Eval</Computer>
      
            
      <Security UserID=""S-1-5-18""/>
      
        
    </System>
    
        
    <EventData>
      
            
      <Data Name=""RuleName"">-</Data>
      
            
      <Data Name=""UtcTime"">2023-12-27 17:47:24.840</Data>
      
            
      <Data Name=""ProcessGuid"">{f57bd86a-632c-658c-cd01-000000000f00}</Data>
      
            
      <Data Name=""ProcessId"">2848</Data>
      
            
      <Data Name=""Image"">C:\Windows\System32\WindowsPowerShell\v1.0\powershell.exe</Data>
      
            
      <Data Name=""TargetFilename"">
                C:\Users\User\AppData\Local\Temp\__PSScriptPolicyTest_fxsjjcpa.44d.ps1</Data>
      
            
      <Data Name=""CreationUtcTime"">2023-12-27 17:47:24.840</Data>
      
            
      <Data Name=""User"">WINDEV2309EVAL\User</Data>
      
        
    </EventData>
    
    
  </Event>
  
    
  
"
Microsoft-Windows-Sysmon/Operational,"""powershell.exe"" & {copy
                \""""C:\AtomicRedTeam\atomics\T1036.003\bin\T1036.003.exe\"""" ($env:TEMP +
                \""""\svchost.exe\"""")
                try { $myT1036_003 = (Start-Process -PassThru -FilePath ($env:TEMP +
                \""""\svchost.exe\"""")).Id }
                catch { $_; exit $_.Exception.HResult}
                Stop-Process -ID $myT1036_003}",Microsoft Corporation,WinDev2309Eval,,,C:\Users\User\AppData\Local\Temp\,Windows PowerShell,1,19592,10.0.22621.2506 (WinBuild.160101.0800),,"
                MD5=2D1D70C92A419D9079B047954C611886,SHA256=C50057756CDB25D481CF2502ABCEF124F864C27618C5057468BFC6B82B2C4EDD,IMPHASH=E09C4F82A1DA13A09F4FF2E625FEBA20",C:\Windows\System32\WindowsPowerShell\v1.0\powershell.exe,Medium,0x8000000000000000,4,{f57bd86a-36f9-658c-7bf8-020000000000},0x2f87b,0,PowerShell.EXE,-,-,{00000000-0000-0000-0000-000000000000},1688,-,{f57bd86a-632c-658c-cd01-000000000f00},3588,2848,Microsoft® Windows® Operating System,,,,-,2023-12-27T17:47:24.7369393Z,,1,1,5124,WINDEV2309EVAL\User,S-1-5-18,2023-12-27 17:47:24.735,5,"<Event xmlns=""http://schemas.microsoft.com/win/2004/08/events/event"">
    
        
    <System>
      
            
      <Provider Name=""Microsoft-Windows-Sysmon"" Guid=""{5770385f-c22a-43e0-bf4c-06f5698ffbd9}""/>
      
            
      <EventID>1</EventID>
      
            
      <Version>5</Version>
      
            
      <Level>4</Level>
      
            
      <Task>1</Task>
      
            
      <Opcode>0</Opcode>
      
            
      <Keywords>0x8000000000000000</Keywords>
      
            
      <TimeCreated SystemTime=""2023-12-27T17:47:24.7369393Z""/>
      
            
      <EventRecordID>19592</EventRecordID>
      
            
      <Correlation/>
      
            
      <Execution ProcessID=""3588"" ThreadID=""5124""/>
      
            
      <Channel>Microsoft-Windows-Sysmon/Operational</Channel>
      
            
      <Computer>WinDev2309Eval</Computer>
      
            
      <Security UserID=""S-1-5-18""/>
      
        
    </System>
    
        
    <EventData>
      
            
      <Data Name=""RuleName"">-</Data>
      
            
      <Data Name=""UtcTime"">2023-12-27 17:47:24.735</Data>
      
            
      <Data Name=""ProcessGuid"">{f57bd86a-632c-658c-cd01-000000000f00}</Data>
      
            
      <Data Name=""ProcessId"">2848</Data>
      
            
      <Data Name=""Image"">C:\Windows\System32\WindowsPowerShell\v1.0\powershell.exe</Data>
      
            
      <Data Name=""FileVersion"">10.0.22621.2506 (WinBuild.160101.0800)</Data>
      
            
      <Data Name=""Description"">Windows PowerShell</Data>
      
            
      <Data Name=""Product"">Microsoft&#174; Windows&#174; Operating System</Data>
      
            
      <Data Name=""Company"">Microsoft Corporation</Data>
      
            
      <Data Name=""OriginalFileName"">PowerShell.EXE</Data>
      
            
      <Data Name=""CommandLine"">""powershell.exe"" &amp; {copy
                \""""C:\AtomicRedTeam\atomics\T1036.003\bin\T1036.003.exe\"""" ($env:TEMP +
                \""""\svchost.exe\"""")
                try { $myT1036_003 = (Start-Process -PassThru -FilePath ($env:TEMP +
                \""""\svchost.exe\"""")).Id }
                catch { $_; exit $_.Exception.HResult}
                Stop-Process -ID $myT1036_003}</Data>
      
            
      <Data Name=""CurrentDirectory"">C:\Users\User\AppData\Local\Temp\</Data>
      
            
      <Data Name=""User"">WINDEV2309EVAL\User</Data>
      
            
      <Data Name=""LogonGuid"">{f57bd86a-36f9-658c-7bf8-020000000000}</Data>
      
            
      <Data Name=""LogonId"">0x2f87b</Data>
      
            
      <Data Name=""TerminalSessionId"">1</Data>
      
            
      <Data Name=""IntegrityLevel"">Medium</Data>
      
            
      <Data Name=""Hashes"">
                MD5=2D1D70C92A419D9079B047954C611886,SHA256=C50057756CDB25D481CF2502ABCEF124F864C27618C5057468BFC6B82B2C4EDD,IMPHASH=E09C4F82A1DA13A09F4FF2E625FEBA20</Data>
      
            
      <Data Name=""ParentProcessGuid"">{00000000-0000-0000-0000-000000000000}</Data>
      
            
      <Data Name=""ParentProcessId"">1688</Data>
      
            
      <Data Name=""ParentImage"">-</Data>
      
            
      <Data Name=""ParentCommandLine"">-</Data>
      
            
      <Data Name=""ParentUser"">-</Data>
      
        
    </EventData>
    
    
  </Event>
  
    
  
"
Microsoft-Windows-Sysmon/Operational,,,WinDev2309Eval,,,,,5,19591,,,,C:\Users\User\AppData\Roaming\taskhostw.exe,,0x8000000000000000,4,,,0,,,,,,,{f57bd86a-62b4-658c-cb01-000000000f00},3588,10384,,,,,-,2023-12-27T17:47:24.4378953Z,,5,,5124,WINDEV2309EVAL\User,S-1-5-18,2023-12-27 17:47:24.434,3,"<Event xmlns=""http://schemas.microsoft.com/win/2004/08/events/event"">
    
        
    <System>
      
            
      <Provider Name=""Microsoft-Windows-Sysmon"" Guid=""{5770385f-c22a-43e0-bf4c-06f5698ffbd9}""/>
      
            
      <EventID>5</EventID>
      
            
      <Version>3</Version>
      
            
      <Level>4</Level>
      
            
      <Task>5</Task>
      
            
      <Opcode>0</Opcode>
      
            
      <Keywords>0x8000000000000000</Keywords>
      
            
      <TimeCreated SystemTime=""2023-12-27T17:47:24.4378953Z""/>
      
            
      <EventRecordID>19591</EventRecordID>
      
            
      <Correlation/>
      
            
      <Execution ProcessID=""3588"" ThreadID=""5124""/>
      
            
      <Channel>Microsoft-Windows-Sysmon/Operational</Channel>
      
            
      <Computer>WinDev2309Eval</Computer>
      
            
      <Security UserID=""S-1-5-18""/>
      
        
    </System>
    
        
    <EventData>
      
            
      <Data Name=""RuleName"">-</Data>
      
            
      <Data Name=""UtcTime"">2023-12-27 17:47:24.434</Data>
      
            
      <Data Name=""ProcessGuid"">{f57bd86a-62b4-658c-cb01-000000000f00}</Data>
      
            
      <Data Name=""ProcessId"">10384</Data>
      
            
      <Data Name=""Image"">C:\Users\User\AppData\Roaming\taskhostw.exe</Data>
      
            
      <Data Name=""User"">WINDEV2309EVAL\User</Data>
      
        
    </EventData>
    
    
  </Event>
  
    
  
"
Microsoft-Windows-Sysmon/Operational,,,WinDev2309Eval,,2023-12-27 17:45:24.408,,,11,19590,,,,C:\Users\User\AppData\Roaming\taskhostw.exe,,0x8000000000000000,4,,,0,,,,,,,{f57bd86a-62b4-658c-cb01-000000000f00},3588,10384,,,,,-,2023-12-27T17:45:24.4166990Z,"
                C:\Users\User\AppData\Local\Temp\__PSScriptPolicyTest_0fn1wpyg.p31.ps1",11,,5124,WINDEV2309EVAL\User,S-1-5-18,2023-12-27 17:45:24.408,2,"<Event xmlns=""http://schemas.microsoft.com/win/2004/08/events/event"">
    
        
    <System>
      
            
      <Provider Name=""Microsoft-Windows-Sysmon"" Guid=""{5770385f-c22a-43e0-bf4c-06f5698ffbd9}""/>
      
            
      <EventID>11</EventID>
      
            
      <Version>2</Version>
      
            
      <Level>4</Level>
      
            
      <Task>11</Task>
      
            
      <Opcode>0</Opcode>
      
            
      <Keywords>0x8000000000000000</Keywords>
      
            
      <TimeCreated SystemTime=""2023-12-27T17:45:24.4166990Z""/>
      
            
      <EventRecordID>19590</EventRecordID>
      
            
      <Correlation/>
      
            
      <Execution ProcessID=""3588"" ThreadID=""5124""/>
      
            
      <Channel>Microsoft-Windows-Sysmon/Operational</Channel>
      
            
      <Computer>WinDev2309Eval</Computer>
      
            
      <Security UserID=""S-1-5-18""/>
      
        
    </System>
    
        
    <EventData>
      
            
      <Data Name=""RuleName"">-</Data>
      
            
      <Data Name=""UtcTime"">2023-12-27 17:45:24.408</Data>
      
            
      <Data Name=""ProcessGuid"">{f57bd86a-62b4-658c-cb01-000000000f00}</Data>
      
            
      <Data Name=""ProcessId"">10384</Data>
      
            
      <Data Name=""Image"">C:\Users\User\AppData\Roaming\taskhostw.exe</Data>
      
            
      <Data Name=""TargetFilename"">
                C:\Users\User\AppData\Local\Temp\__PSScriptPolicyTest_0fn1wpyg.p31.ps1</Data>
      
            
      <Data Name=""CreationUtcTime"">2023-12-27 17:45:24.408</Data>
      
            
      <Data Name=""User"">WINDEV2309EVAL\User</Data>
      
        
    </EventData>
    
    
  </Event>
  
    
  
"
Microsoft-Windows-Sysmon/Operational,C:\Users\User\AppData\Roaming\taskhostw.exe,Microsoft Corporation,WinDev2309Eval,,,C:\Users\User\AppData\Local\Temp\,Windows PowerShell,1,19589,10.0.22621.2506 (WinBuild.160101.0800),,"
                MD5=2D1D70C92A419D9079B047954C611886,SHA256=C50057756CDB25D481CF2502ABCEF124F864C27618C5057468BFC6B82B2C4EDD,IMPHASH=E09C4F82A1DA13A09F4FF2E625FEBA20",C:\Users\User\AppData\Roaming\taskhostw.exe,Medium,0x8000000000000000,4,{f57bd86a-36f9-658c-7bf8-020000000000},0x2f87b,0,PowerShell.EXE,cmd.exe /K C:\Users\User\AppData\Roaming\taskhostw.exe,C:\Windows\System32\cmd.exe,{f57bd86a-62b4-658c-ca01-000000000f00},6604,WINDEV2309EVAL\User,{f57bd86a-62b4-658c-cb01-000000000f00},3588,10384,Microsoft® Windows® Operating System,,,,-,2023-12-27T17:45:24.2958652Z,,1,1,5124,WINDEV2309EVAL\User,S-1-5-18,2023-12-27 17:45:24.291,5,"<Event xmlns=""http://schemas.microsoft.com/win/2004/08/events/event"">
    
        
    <System>
      
            
      <Provider Name=""Microsoft-Windows-Sysmon"" Guid=""{5770385f-c22a-43e0-bf4c-06f5698ffbd9}""/>
      
            
      <EventID>1</EventID>
      
            
      <Version>5</Version>
      
            
      <Level>4</Level>
      
            
      <Task>1</Task>
      
            
      <Opcode>0</Opcode>
      
            
      <Keywords>0x8000000000000000</Keywords>
      
            
      <TimeCreated SystemTime=""2023-12-27T17:45:24.2958652Z""/>
      
            
      <EventRecordID>19589</EventRecordID>
      
            
      <Correlation/>
      
            
      <Execution ProcessID=""3588"" ThreadID=""5124""/>
      
            
      <Channel>Microsoft-Windows-Sysmon/Operational</Channel>
      
            
      <Computer>WinDev2309Eval</Computer>
      
            
      <Security UserID=""S-1-5-18""/>
      
        
    </System>
    
        
    <EventData>
      
            
      <Data Name=""RuleName"">-</Data>
      
            
      <Data Name=""UtcTime"">2023-12-27 17:45:24.291</Data>
      
            
      <Data Name=""ProcessGuid"">{f57bd86a-62b4-658c-cb01-000000000f00}</Data>
      
            
      <Data Name=""ProcessId"">10384</Data>
      
            
      <Data Name=""Image"">C:\Users\User\AppData\Roaming\taskhostw.exe</Data>
      
            
      <Data Name=""FileVersion"">10.0.22621.2506 (WinBuild.160101.0800)</Data>
      
            
      <Data Name=""Description"">Windows PowerShell</Data>
      
            
      <Data Name=""Product"">Microsoft&#174; Windows&#174; Operating System</Data>
      
            
      <Data Name=""Company"">Microsoft Corporation</Data>
      
            
      <Data Name=""OriginalFileName"">PowerShell.EXE</Data>
      
            
      <Data Name=""CommandLine"">C:\Users\User\AppData\Roaming\taskhostw.exe</Data>
      
            
      <Data Name=""CurrentDirectory"">C:\Users\User\AppData\Local\Temp\</Data>
      
            
      <Data Name=""User"">WINDEV2309EVAL\User</Data>
      
            
      <Data Name=""LogonGuid"">{f57bd86a-36f9-658c-7bf8-020000000000}</Data>
      
            
      <Data Name=""LogonId"">0x2f87b</Data>
      
            
      <Data Name=""TerminalSessionId"">1</Data>
      
            
      <Data Name=""IntegrityLevel"">Medium</Data>
      
            
      <Data Name=""Hashes"">
                MD5=2D1D70C92A419D9079B047954C611886,SHA256=C50057756CDB25D481CF2502ABCEF124F864C27618C5057468BFC6B82B2C4EDD,IMPHASH=E09C4F82A1DA13A09F4FF2E625FEBA20</Data>
      
            
      <Data Name=""ParentProcessGuid"">{f57bd86a-62b4-658c-ca01-000000000f00}</Data>
      
            
      <Data Name=""ParentProcessId"">6604</Data>
      
            
      <Data Name=""ParentImage"">C:\Windows\System32\cmd.exe</Data>
      
            
      <Data Name=""ParentCommandLine"">cmd.exe /K C:\Users\User\AppData\Roaming\taskhostw.exe</Data>
      
            
      <Data Name=""ParentUser"">WINDEV2309EVAL\User</Data>
      
        
    </EventData>
    
    
  </Event>
  
    
  
"
Microsoft-Windows-Sysmon/Operational,cmd.exe /K C:\Users\User\AppData\Roaming\taskhostw.exe,Microsoft Corporation,WinDev2309Eval,,,C:\Users\User\AppData\Local\Temp\,Windows Command Processor,1,19588,10.0.22621.2506 (WinBuild.160101.0800),,"
                MD5=133D568ECCB557E37BEA1459521CBAC2,SHA256=05A30592D2C3421C41121145C6EEFA7C81FEA6B42D6233A522240A8468326B9C,IMPHASH=D73E39DAB3C8B57AA408073D01254964",C:\Windows\System32\cmd.exe,Medium,0x8000000000000000,4,{f57bd86a-36f9-658c-7bf8-020000000000},0x2f87b,0,Cmd.Exe,"""cmd.exe"" /c copy
                %windir%\System32\windowspowershell\v1.0\powershell.exe %APPDATA%\taskhostw.exe /Y
                & cmd.exe /K %APPDATA%\taskhostw.exe",C:\Windows\System32\cmd.exe,{f57bd86a-62b4-658c-c801-000000000f00},9516,WINDEV2309EVAL\User,{f57bd86a-62b4-658c-ca01-000000000f00},3588,6604,Microsoft® Windows® Operating System,,,,-,2023-12-27T17:45:24.2751128Z,,1,1,5124,WINDEV2309EVAL\User,S-1-5-18,2023-12-27 17:45:24.274,5,"<Event xmlns=""http://schemas.microsoft.com/win/2004/08/events/event"">
    
        
    <System>
      
            
      <Provider Name=""Microsoft-Windows-Sysmon"" Guid=""{5770385f-c22a-43e0-bf4c-06f5698ffbd9}""/>
      
            
      <EventID>1</EventID>
      
            
      <Version>5</Version>
      
            
      <Level>4</Level>
      
            
      <Task>1</Task>
      
            
      <Opcode>0</Opcode>
      
            
      <Keywords>0x8000000000000000</Keywords>
      
            
      <TimeCreated SystemTime=""2023-12-27T17:45:24.2751128Z""/>
      
            
      <EventRecordID>19588</EventRecordID>
      
            
      <Correlation/>
      
            
      <Execution ProcessID=""3588"" ThreadID=""5124""/>
      
            
      <Channel>Microsoft-Windows-Sysmon/Operational</Channel>
      
            
      <Computer>WinDev2309Eval</Computer>
      
            
      <Security UserID=""S-1-5-18""/>
      
        
    </System>
    
        
    <EventData>
      
            
      <Data Name=""RuleName"">-</Data>
      
            
      <Data Name=""UtcTime"">2023-12-27 17:45:24.274</Data>
      
            
      <Data Name=""ProcessGuid"">{f57bd86a-62b4-658c-ca01-000000000f00}</Data>
      
            
      <Data Name=""ProcessId"">6604</Data>
      
            
      <Data Name=""Image"">C:\Windows\System32\cmd.exe</Data>
      
            
      <Data Name=""FileVersion"">10.0.22621.2506 (WinBuild.160101.0800)</Data>
      
            
      <Data Name=""Description"">Windows Command Processor</Data>
      
            
      <Data Name=""Product"">Microsoft&#174; Windows&#174; Operating System</Data>
      
            
      <Data Name=""Company"">Microsoft Corporation</Data>
      
            
      <Data Name=""OriginalFileName"">Cmd.Exe</Data>
      
            
      <Data Name=""CommandLine"">cmd.exe /K C:\Users\User\AppData\Roaming\taskhostw.exe</Data>
      
            
      <Data Name=""CurrentDirectory"">C:\Users\User\AppData\Local\Temp\</Data>
      
            
      <Data Name=""User"">WINDEV2309EVAL\User</Data>
      
            
      <Data Name=""LogonGuid"">{f57bd86a-36f9-658c-7bf8-020000000000}</Data>
      
            
      <Data Name=""LogonId"">0x2f87b</Data>
      
            
      <Data Name=""TerminalSessionId"">1</Data>
      
            
      <Data Name=""IntegrityLevel"">Medium</Data>
      
            
      <Data Name=""Hashes"">
                MD5=133D568ECCB557E37BEA1459521CBAC2,SHA256=05A30592D2C3421C41121145C6EEFA7C81FEA6B42D6233A522240A8468326B9C,IMPHASH=D73E39DAB3C8B57AA408073D01254964</Data>
      
            
      <Data Name=""ParentProcessGuid"">{f57bd86a-62b4-658c-c801-000000000f00}</Data>
      
            
      <Data Name=""ParentProcessId"">9516</Data>
      
            
      <Data Name=""ParentImage"">C:\Windows\System32\cmd.exe</Data>
      
            
      <Data Name=""ParentCommandLine"">""cmd.exe"" /c copy
                %windir%\System32\windowspowershell\v1.0\powershell.exe %APPDATA%\taskhostw.exe /Y
                &amp; cmd.exe /K %APPDATA%\taskhostw.exe</Data>
      
            
      <Data Name=""ParentUser"">WINDEV2309EVAL\User</Data>
      
        
    </EventData>
    
    
  </Event>
  
    
  
"
Microsoft-Windows-Sysmon/Operational,,,WinDev2309Eval,,2023-12-27 17:45:24.267,,,11,19587,,,,C:\Windows\SYSTEM32\cmd.exe,,0x8000000000000000,4,,,0,,,,,,,{f57bd86a-62b4-658c-c801-000000000f00},3588,9516,,,,,EXE,2023-12-27T17:45:24.2685620Z,C:\Users\User\AppData\Roaming\taskhostw.exe,11,,5124,WINDEV2309EVAL\User,S-1-5-18,2023-12-27 17:45:24.267,2,"<Event xmlns=""http://schemas.microsoft.com/win/2004/08/events/event"">
    
        
    <System>
      
            
      <Provider Name=""Microsoft-Windows-Sysmon"" Guid=""{5770385f-c22a-43e0-bf4c-06f5698ffbd9}""/>
      
            
      <EventID>11</EventID>
      
            
      <Version>2</Version>
      
            
      <Level>4</Level>
      
            
      <Task>11</Task>
      
            
      <Opcode>0</Opcode>
      
            
      <Keywords>0x8000000000000000</Keywords>
      
            
      <TimeCreated SystemTime=""2023-12-27T17:45:24.2685620Z""/>
      
            
      <EventRecordID>19587</EventRecordID>
      
            
      <Correlation/>
      
            
      <Execution ProcessID=""3588"" ThreadID=""5124""/>
      
            
      <Channel>Microsoft-Windows-Sysmon/Operational</Channel>
      
            
      <Computer>WinDev2309Eval</Computer>
      
            
      <Security UserID=""S-1-5-18""/>
      
        
    </System>
    
        
    <EventData>
      
            
      <Data Name=""RuleName"">EXE</Data>
      
            
      <Data Name=""UtcTime"">2023-12-27 17:45:24.267</Data>
      
            
      <Data Name=""ProcessGuid"">{f57bd86a-62b4-658c-c801-000000000f00}</Data>
      
            
      <Data Name=""ProcessId"">9516</Data>
      
            
      <Data Name=""Image"">C:\Windows\SYSTEM32\cmd.exe</Data>
      
            
      <Data Name=""TargetFilename"">C:\Users\User\AppData\Roaming\taskhostw.exe</Data>
      
            
      <Data Name=""CreationUtcTime"">2023-12-27 17:45:24.267</Data>
      
            
      <Data Name=""User"">WINDEV2309EVAL\User</Data>
      
        
    </EventData>
    
    
  </Event>
  


"
