Microsoft-Windows-Sysmon/Operational,,,WinDev2309Eval,硅瑩倭卓獥楳湯,2023-12-27 17:47:30.807,,,15,19616,,"
                MD5=107417694FE308B4C31E2F1A45B6A737,SHA256=DE37F1F2D3E156694E58DC81143983C1084302F5CA837A6EA4F29A98F839FBDF,IMPHASH=00000000000000000000000000000000",,C:\Windows\SYSTEM32\cmd.exe,,0x8000000000000000,4,,,0,,,,,,,{f57bd86a-6332-658c-da01-000000000f00},3588,7492,,,,,-,2023-12-27T17:47:30.8166663Z,"
                C:\Users\User\AppData\Local\Temp\T1036.003_masquerading.doc.ps1",15,,5124,WINDEV2309EVAL\User,S-1-5-18,2023-12-27 17:47:30.807,2,"<Event xmlns=""http://schemas.microsoft.com/win/2004/08/events/event"">
    
        
    <System>
      
            
      <Provider Name=""Microsoft-Windows-Sysmon"" Guid=""{5770385f-c22a-43e0-bf4c-06f5698ffbd9}""/>
      
            
      <EventID>15</EventID>
      
            
      <Version>2</Version>
      
            
      <Level>4</Level>
      
            
      <Task>15</Task>
      
            
      <Opcode>0</Opcode>
      
            
      <Keywords>0x8000000000000000</Keywords>
      
            
      <TimeCreated SystemTime=""2023-12-27T17:47:30.8166663Z""/>
      
            
      <EventRecordID>19616</EventRecordID>
      
            
      <Correlation/>
      
            
      <Execution ProcessID=""3588"" ThreadID=""5124""/>
      
            
      <Channel>Microsoft-Windows-Sysmon/Operational</Channel>
      
            
      <Computer>WinDev2309Eval</Computer>
      
            
      <Security UserID=""S-1-5-18""/>
      
        
    </System>
    
        
    <EventData>
      
            
      <Data Name=""RuleName"">-</Data>
      
            
      <Data Name=""UtcTime"">2023-12-27 17:47:30.807</Data>
      
            
      <Data Name=""ProcessGuid"">{f57bd86a-6332-658c-da01-000000000f00}</Data>
      
            
      <Data Name=""ProcessId"">7492</Data>
      
            
      <Data Name=""Image"">C:\Windows\SYSTEM32\cmd.exe</Data>
      
            
      <Data Name=""TargetFilename"">
                C:\Users\User\AppData\Local\Temp\T1036.003_masquerading.doc.ps1</Data>
      
            
      <Data Name=""CreationUtcTime"">2023-12-27 17:47:30.807</Data>
      
            
      <Data Name=""Hash"">
                MD5=107417694FE308B4C31E2F1A45B6A737,SHA256=DE37F1F2D3E156694E58DC81143983C1084302F5CA837A6EA4F29A98F839FBDF,IMPHASH=00000000000000000000000000000000</Data>
      
            
      <Data Name=""Contents"">&#30789;&#29801;&#20525;&#21331;&#29541;&#26995;&#28271;</Data>
      
            
      <Data Name=""User"">WINDEV2309EVAL\User</Data>
      
        
    </EventData>
    
    
  </Event>
  
    
  
"
Microsoft-Windows-Sysmon/Operational,,,WinDev2309Eval,,2023-12-27 17:47:30.807,,,11,19615,,,,C:\Windows\SYSTEM32\cmd.exe,,0x8000000000000000,4,,,0,,,,,,,{f57bd86a-6332-658c-da01-000000000f00},3588,7492,,,,,-,2023-12-27T17:47:30.8152348Z,"
                C:\Users\User\AppData\Local\Temp\T1036.003_masquerading.doc.ps1",11,,5124,WINDEV2309EVAL\User,S-1-5-18,2023-12-27 17:47:30.807,2,"<Event xmlns=""http://schemas.microsoft.com/win/2004/08/events/event"">
    
        
    <System>
      
            
      <Provider Name=""Microsoft-Windows-Sysmon"" Guid=""{5770385f-c22a-43e0-bf4c-06f5698ffbd9}""/>
      
            
      <EventID>11</EventID>
      
            
      <Version>2</Version>
      
            
      <Level>4</Level>
      
            
      <Task>11</Task>
      
            
      <Opcode>0</Opcode>
      
            
      <Keywords>0x8000000000000000</Keywords>
      
            
      <TimeCreated SystemTime=""2023-12-27T17:47:30.8152348Z""/>
      
            
      <EventRecordID>19615</EventRecordID>
      
            
      <Correlation/>
      
            
      <Execution ProcessID=""3588"" ThreadID=""5124""/>
      
            
      <Channel>Microsoft-Windows-Sysmon/Operational</Channel>
      
            
      <Computer>WinDev2309Eval</Computer>
      
            
      <Security UserID=""S-1-5-18""/>
      
        
    </System>
    
        
    <EventData>
      
            
      <Data Name=""RuleName"">-</Data>
      
            
      <Data Name=""UtcTime"">2023-12-27 17:47:30.807</Data>
      
            
      <Data Name=""ProcessGuid"">{f57bd86a-6332-658c-da01-000000000f00}</Data>
      
            
      <Data Name=""ProcessId"">7492</Data>
      
            
      <Data Name=""Image"">C:\Windows\SYSTEM32\cmd.exe</Data>
      
            
      <Data Name=""TargetFilename"">
                C:\Users\User\AppData\Local\Temp\T1036.003_masquerading.doc.ps1</Data>
      
            
      <Data Name=""CreationUtcTime"">2023-12-27 17:47:30.807</Data>
      
            
      <Data Name=""User"">WINDEV2309EVAL\User</Data>
      
        
    </EventData>
    
    
  </Event>
  
    
  
"
Microsoft-Windows-Sysmon/Operational,,,WinDev2309Eval,Wscript.Quit,2023-12-27 17:47:30.791,,,15,19614,,"
                MD5=4BD14527FB63E9354C43EBE497EBFE85,SHA256=D6B5317D1E536F43C3FEE98CD4CDC7D5C3A842C97CB4B9F2514CE817C2C42B17,IMPHASH=00000000000000000000000000000000",,C:\Windows\SYSTEM32\cmd.exe,,0x8000000000000000,4,,,0,,,,,,,{f57bd86a-6332-658c-da01-000000000f00},3588,7492,,,,,-,2023-12-27T17:47:30.8103239Z,"
                C:\Users\User\AppData\Local\Temp\T1036.003_masquerading.png.vbs",15,,5124,WINDEV2309EVAL\User,S-1-5-18,2023-12-27 17:47:30.807,2,"<Event xmlns=""http://schemas.microsoft.com/win/2004/08/events/event"">
    
        
    <System>
      
            
      <Provider Name=""Microsoft-Windows-Sysmon"" Guid=""{5770385f-c22a-43e0-bf4c-06f5698ffbd9}""/>
      
            
      <EventID>15</EventID>
      
            
      <Version>2</Version>
      
            
      <Level>4</Level>
      
            
      <Task>15</Task>
      
            
      <Opcode>0</Opcode>
      
            
      <Keywords>0x8000000000000000</Keywords>
      
            
      <TimeCreated SystemTime=""2023-12-27T17:47:30.8103239Z""/>
      
            
      <EventRecordID>19614</EventRecordID>
      
            
      <Correlation/>
      
            
      <Execution ProcessID=""3588"" ThreadID=""5124""/>
      
            
      <Channel>Microsoft-Windows-Sysmon/Operational</Channel>
      
            
      <Computer>WinDev2309Eval</Computer>
      
            
      <Security UserID=""S-1-5-18""/>
      
        
    </System>
    
        
    <EventData>
      
            
      <Data Name=""RuleName"">-</Data>
      
            
      <Data Name=""UtcTime"">2023-12-27 17:47:30.807</Data>
      
            
      <Data Name=""ProcessGuid"">{f57bd86a-6332-658c-da01-000000000f00}</Data>
      
            
      <Data Name=""ProcessId"">7492</Data>
      
            
      <Data Name=""Image"">C:\Windows\SYSTEM32\cmd.exe</Data>
      
            
      <Data Name=""TargetFilename"">
                C:\Users\User\AppData\Local\Temp\T1036.003_masquerading.png.vbs</Data>
      
            
      <Data Name=""CreationUtcTime"">2023-12-27 17:47:30.791</Data>
      
            
      <Data Name=""Hash"">
                MD5=4BD14527FB63E9354C43EBE497EBFE85,SHA256=D6B5317D1E536F43C3FEE98CD4CDC7D5C3A842C97CB4B9F2514CE817C2C42B17,IMPHASH=00000000000000000000000000000000</Data>
      
            
      <Data Name=""Contents"">Wscript.Quit</Data>
      
            
      <Data Name=""User"">WINDEV2309EVAL\User</Data>
      
        
    </EventData>
    
    
  </Event>
  
    
  
"
Microsoft-Windows-Sysmon/Operational,,,WinDev2309Eval,,2023-12-27 17:47:30.791,,,11,19613,,,,C:\Windows\SYSTEM32\cmd.exe,,0x8000000000000000,4,,,0,,,,,,,{f57bd86a-6332-658c-da01-000000000f00},3588,7492,,,,,-,2023-12-27T17:47:30.8100923Z,"
                C:\Users\User\AppData\Local\Temp\T1036.003_masquerading.png.vbs",11,,5124,WINDEV2309EVAL\User,S-1-5-18,2023-12-27 17:47:30.807,2,"<Event xmlns=""http://schemas.microsoft.com/win/2004/08/events/event"">
    
        
    <System>
      
            
      <Provider Name=""Microsoft-Windows-Sysmon"" Guid=""{5770385f-c22a-43e0-bf4c-06f5698ffbd9}""/>
      
            
      <EventID>11</EventID>
      
            
      <Version>2</Version>
      
            
      <Level>4</Level>
      
            
      <Task>11</Task>
      
            
      <Opcode>0</Opcode>
      
            
      <Keywords>0x8000000000000000</Keywords>
      
            
      <TimeCreated SystemTime=""2023-12-27T17:47:30.8100923Z""/>
      
            
      <EventRecordID>19613</EventRecordID>
      
            
      <Correlation/>
      
            
      <Execution ProcessID=""3588"" ThreadID=""5124""/>
      
            
      <Channel>Microsoft-Windows-Sysmon/Operational</Channel>
      
            
      <Computer>WinDev2309Eval</Computer>
      
            
      <Security UserID=""S-1-5-18""/>
      
        
    </System>
    
        
    <EventData>
      
            
      <Data Name=""RuleName"">-</Data>
      
            
      <Data Name=""UtcTime"">2023-12-27 17:47:30.807</Data>
      
            
      <Data Name=""ProcessGuid"">{f57bd86a-6332-658c-da01-000000000f00}</Data>
      
            
      <Data Name=""ProcessId"">7492</Data>
      
            
      <Data Name=""Image"">C:\Windows\SYSTEM32\cmd.exe</Data>
      
            
      <Data Name=""TargetFilename"">
                C:\Users\User\AppData\Local\Temp\T1036.003_masquerading.png.vbs</Data>
      
            
      <Data Name=""CreationUtcTime"">2023-12-27 17:47:30.791</Data>
      
            
      <Data Name=""User"">WINDEV2309EVAL\User</Data>
      
        
    </EventData>
    
    
  </Event>
  
    
  
"
Microsoft-Windows-Sysmon/Operational,,,WinDev2309Eval,Wscript.Quit,2023-12-27 17:47:30.791,,,15,19612,,"
                MD5=4BD14527FB63E9354C43EBE497EBFE85,SHA256=D6B5317D1E536F43C3FEE98CD4CDC7D5C3A842C97CB4B9F2514CE817C2C42B17,IMPHASH=00000000000000000000000000000000",,C:\Windows\SYSTEM32\cmd.exe,,0x8000000000000000,4,,,0,,,,,,,{f57bd86a-6332-658c-da01-000000000f00},3588,7492,,,,,-,2023-12-27T17:47:30.8050794Z,"
                C:\Users\User\AppData\Local\Temp\T1036.003_masquerading.xlsx.vbs",15,,5124,WINDEV2309EVAL\User,S-1-5-18,2023-12-27 17:47:30.791,2,"<Event xmlns=""http://schemas.microsoft.com/win/2004/08/events/event"">
    
        
    <System>
      
            
      <Provider Name=""Microsoft-Windows-Sysmon"" Guid=""{5770385f-c22a-43e0-bf4c-06f5698ffbd9}""/>
      
            
      <EventID>15</EventID>
      
            
      <Version>2</Version>
      
            
      <Level>4</Level>
      
            
      <Task>15</Task>
      
            
      <Opcode>0</Opcode>
      
            
      <Keywords>0x8000000000000000</Keywords>
      
            
      <TimeCreated SystemTime=""2023-12-27T17:47:30.8050794Z""/>
      
            
      <EventRecordID>19612</EventRecordID>
      
            
      <Correlation/>
      
            
      <Execution ProcessID=""3588"" ThreadID=""5124""/>
      
            
      <Channel>Microsoft-Windows-Sysmon/Operational</Channel>
      
            
      <Computer>WinDev2309Eval</Computer>
      
            
      <Security UserID=""S-1-5-18""/>
      
        
    </System>
    
        
    <EventData>
      
            
      <Data Name=""RuleName"">-</Data>
      
            
      <Data Name=""UtcTime"">2023-12-27 17:47:30.791</Data>
      
            
      <Data Name=""ProcessGuid"">{f57bd86a-6332-658c-da01-000000000f00}</Data>
      
            
      <Data Name=""ProcessId"">7492</Data>
      
            
      <Data Name=""Image"">C:\Windows\SYSTEM32\cmd.exe</Data>
      
            
      <Data Name=""TargetFilename"">
                C:\Users\User\AppData\Local\Temp\T1036.003_masquerading.xlsx.vbs</Data>
      
            
      <Data Name=""CreationUtcTime"">2023-12-27 17:47:30.791</Data>
      
            
      <Data Name=""Hash"">
                MD5=4BD14527FB63E9354C43EBE497EBFE85,SHA256=D6B5317D1E536F43C3FEE98CD4CDC7D5C3A842C97CB4B9F2514CE817C2C42B17,IMPHASH=00000000000000000000000000000000</Data>
      
            
      <Data Name=""Contents"">Wscript.Quit</Data>
      
            
      <Data Name=""User"">WINDEV2309EVAL\User</Data>
      
        
    </EventData>
    
    
  </Event>
  
    
  
"
Microsoft-Windows-Sysmon/Operational,,,WinDev2309Eval,,2023-12-27 17:47:30.791,,,11,19611,,,,C:\Windows\SYSTEM32\cmd.exe,,0x8000000000000000,4,,,0,,,,,,,{f57bd86a-6332-658c-da01-000000000f00},3588,7492,,,,,-,2023-12-27T17:47:30.8034677Z,"
                C:\Users\User\AppData\Local\Temp\T1036.003_masquerading.xlsx.vbs",11,,5124,WINDEV2309EVAL\User,S-1-5-18,2023-12-27 17:47:30.791,2,"<Event xmlns=""http://schemas.microsoft.com/win/2004/08/events/event"">
    
        
    <System>
      
            
      <Provider Name=""Microsoft-Windows-Sysmon"" Guid=""{5770385f-c22a-43e0-bf4c-06f5698ffbd9}""/>
      
            
      <EventID>11</EventID>
      
            
      <Version>2</Version>
      
            
      <Level>4</Level>
      
            
      <Task>11</Task>
      
            
      <Opcode>0</Opcode>
      
            
      <Keywords>0x8000000000000000</Keywords>
      
            
      <TimeCreated SystemTime=""2023-12-27T17:47:30.8034677Z""/>
      
            
      <EventRecordID>19611</EventRecordID>
      
            
      <Correlation/>
      
            
      <Execution ProcessID=""3588"" ThreadID=""5124""/>
      
            
      <Channel>Microsoft-Windows-Sysmon/Operational</Channel>
      
            
      <Computer>WinDev2309Eval</Computer>
      
            
      <Security UserID=""S-1-5-18""/>
      
        
    </System>
    
        
    <EventData>
      
            
      <Data Name=""RuleName"">-</Data>
      
            
      <Data Name=""UtcTime"">2023-12-27 17:47:30.791</Data>
      
            
      <Data Name=""ProcessGuid"">{f57bd86a-6332-658c-da01-000000000f00}</Data>
      
            
      <Data Name=""ProcessId"">7492</Data>
      
            
      <Data Name=""Image"">C:\Windows\SYSTEM32\cmd.exe</Data>
      
            
      <Data Name=""TargetFilename"">
                C:\Users\User\AppData\Local\Temp\T1036.003_masquerading.xlsx.vbs</Data>
      
            
      <Data Name=""CreationUtcTime"">2023-12-27 17:47:30.791</Data>
      
            
      <Data Name=""User"">WINDEV2309EVAL\User</Data>
      
        
    </EventData>
    
    
  </Event>
  
    
  
"
Microsoft-Windows-Sysmon/Operational,,,WinDev2309Eval,Wscript.Quit,2023-12-27 17:47:30.791,,,15,19610,,"
                MD5=4BD14527FB63E9354C43EBE497EBFE85,SHA256=D6B5317D1E536F43C3FEE98CD4CDC7D5C3A842C97CB4B9F2514CE817C2C42B17,IMPHASH=00000000000000000000000000000000",,C:\Windows\SYSTEM32\cmd.exe,,0x8000000000000000,4,,,0,,,,,,,{f57bd86a-6332-658c-da01-000000000f00},3588,7492,,,,,-,2023-12-27T17:47:30.8007083Z,"
                C:\Users\User\AppData\Local\Temp\T1036.003_masquerading.xls.vbs",15,,5124,WINDEV2309EVAL\User,S-1-5-18,2023-12-27 17:47:30.791,2,"<Event xmlns=""http://schemas.microsoft.com/win/2004/08/events/event"">
    
        
    <System>
      
            
      <Provider Name=""Microsoft-Windows-Sysmon"" Guid=""{5770385f-c22a-43e0-bf4c-06f5698ffbd9}""/>
      
            
      <EventID>15</EventID>
      
            
      <Version>2</Version>
      
            
      <Level>4</Level>
      
            
      <Task>15</Task>
      
            
      <Opcode>0</Opcode>
      
            
      <Keywords>0x8000000000000000</Keywords>
      
            
      <TimeCreated SystemTime=""2023-12-27T17:47:30.8007083Z""/>
      
            
      <EventRecordID>19610</EventRecordID>
      
            
      <Correlation/>
      
            
      <Execution ProcessID=""3588"" ThreadID=""5124""/>
      
            
      <Channel>Microsoft-Windows-Sysmon/Operational</Channel>
      
            
      <Computer>WinDev2309Eval</Computer>
      
            
      <Security UserID=""S-1-5-18""/>
      
        
    </System>
    
        
    <EventData>
      
            
      <Data Name=""RuleName"">-</Data>
      
            
      <Data Name=""UtcTime"">2023-12-27 17:47:30.791</Data>
      
            
      <Data Name=""ProcessGuid"">{f57bd86a-6332-658c-da01-000000000f00}</Data>
      
            
      <Data Name=""ProcessId"">7492</Data>
      
            
      <Data Name=""Image"">C:\Windows\SYSTEM32\cmd.exe</Data>
      
            
      <Data Name=""TargetFilename"">
                C:\Users\User\AppData\Local\Temp\T1036.003_masquerading.xls.vbs</Data>
      
            
      <Data Name=""CreationUtcTime"">2023-12-27 17:47:30.791</Data>
      
            
      <Data Name=""Hash"">
                MD5=4BD14527FB63E9354C43EBE497EBFE85,SHA256=D6B5317D1E536F43C3FEE98CD4CDC7D5C3A842C97CB4B9F2514CE817C2C42B17,IMPHASH=00000000000000000000000000000000</Data>
      
            
      <Data Name=""Contents"">Wscript.Quit</Data>
      
            
      <Data Name=""User"">WINDEV2309EVAL\User</Data>
      
        
    </EventData>
    
    
  </Event>
  
    
  
"
Microsoft-Windows-Sysmon/Operational,,,WinDev2309Eval,,2023-12-27 17:47:30.791,,,11,19609,,,,C:\Windows\SYSTEM32\cmd.exe,,0x8000000000000000,4,,,0,,,,,,,{f57bd86a-6332-658c-da01-000000000f00},3588,7492,,,,,-,2023-12-27T17:47:30.7992144Z,"
                C:\Users\User\AppData\Local\Temp\T1036.003_masquerading.xls.vbs",11,,5124,WINDEV2309EVAL\User,S-1-5-18,2023-12-27 17:47:30.791,2,"<Event xmlns=""http://schemas.microsoft.com/win/2004/08/events/event"">
    
        
    <System>
      
            
      <Provider Name=""Microsoft-Windows-Sysmon"" Guid=""{5770385f-c22a-43e0-bf4c-06f5698ffbd9}""/>
      
            
      <EventID>11</EventID>
      
            
      <Version>2</Version>
      
            
      <Level>4</Level>
      
            
      <Task>11</Task>
      
            
      <Opcode>0</Opcode>
      
            
      <Keywords>0x8000000000000000</Keywords>
      
            
      <TimeCreated SystemTime=""2023-12-27T17:47:30.7992144Z""/>
      
            
      <EventRecordID>19609</EventRecordID>
      
            
      <Correlation/>
      
            
      <Execution ProcessID=""3588"" ThreadID=""5124""/>
      
            
      <Channel>Microsoft-Windows-Sysmon/Operational</Channel>
      
            
      <Computer>WinDev2309Eval</Computer>
      
            
      <Security UserID=""S-1-5-18""/>
      
        
    </System>
    
        
    <EventData>
      
            
      <Data Name=""RuleName"">-</Data>
      
            
      <Data Name=""UtcTime"">2023-12-27 17:47:30.791</Data>
      
            
      <Data Name=""ProcessGuid"">{f57bd86a-6332-658c-da01-000000000f00}</Data>
      
            
      <Data Name=""ProcessId"">7492</Data>
      
            
      <Data Name=""Image"">C:\Windows\SYSTEM32\cmd.exe</Data>
      
            
      <Data Name=""TargetFilename"">
                C:\Users\User\AppData\Local\Temp\T1036.003_masquerading.xls.vbs</Data>
      
            
      <Data Name=""CreationUtcTime"">2023-12-27 17:47:30.791</Data>
      
            
      <Data Name=""User"">WINDEV2309EVAL\User</Data>
      
        
    </EventData>
    
    
  </Event>
  
    
  
"
Microsoft-Windows-Sysmon/Operational,,,WinDev2309Eval,,2023-12-27 17:47:30.791,,,11,19608,,,,C:\Windows\SYSTEM32\cmd.exe,,0x8000000000000000,4,,,0,,,,,,,{f57bd86a-6332-658c-da01-000000000f00},3588,7492,,,,,EXE,2023-12-27T17:47:30.7958045Z,"
                C:\Users\User\AppData\Local\Temp\T1036.003_masquerading.ps1.exe",11,,5124,WINDEV2309EVAL\User,S-1-5-18,2023-12-27 17:47:30.791,2,"<Event xmlns=""http://schemas.microsoft.com/win/2004/08/events/event"">
    
        
    <System>
      
            
      <Provider Name=""Microsoft-Windows-Sysmon"" Guid=""{5770385f-c22a-43e0-bf4c-06f5698ffbd9}""/>
      
            
      <EventID>11</EventID>
      
            
      <Version>2</Version>
      
            
      <Level>4</Level>
      
            
      <Task>11</Task>
      
            
      <Opcode>0</Opcode>
      
            
      <Keywords>0x8000000000000000</Keywords>
      
            
      <TimeCreated SystemTime=""2023-12-27T17:47:30.7958045Z""/>
      
            
      <EventRecordID>19608</EventRecordID>
      
            
      <Correlation/>
      
            
      <Execution ProcessID=""3588"" ThreadID=""5124""/>
      
            
      <Channel>Microsoft-Windows-Sysmon/Operational</Channel>
      
            
      <Computer>WinDev2309Eval</Computer>
      
            
      <Security UserID=""S-1-5-18""/>
      
        
    </System>
    
        
    <EventData>
      
            
      <Data Name=""RuleName"">EXE</Data>
      
            
      <Data Name=""UtcTime"">2023-12-27 17:47:30.791</Data>
      
            
      <Data Name=""ProcessGuid"">{f57bd86a-6332-658c-da01-000000000f00}</Data>
      
            
      <Data Name=""ProcessId"">7492</Data>
      
            
      <Data Name=""Image"">C:\Windows\SYSTEM32\cmd.exe</Data>
      
            
      <Data Name=""TargetFilename"">
                C:\Users\User\AppData\Local\Temp\T1036.003_masquerading.ps1.exe</Data>
      
            
      <Data Name=""CreationUtcTime"">2023-12-27 17:47:30.791</Data>
      
            
      <Data Name=""User"">WINDEV2309EVAL\User</Data>
      
        
    </EventData>
    
    
  </Event>
  
    
  
"
Microsoft-Windows-Sysmon/Operational,,,WinDev2309Eval,,2023-12-27 17:47:30.791,,,11,19607,,,,C:\Windows\SYSTEM32\cmd.exe,,0x8000000000000000,4,,,0,,,,,,,{f57bd86a-6332-658c-da01-000000000f00},3588,7492,,,,,EXE,2023-12-27T17:47:30.7930543Z,"
                C:\Users\User\AppData\Local\Temp\T1036.003_masquerading.pdf.exe",11,,5124,WINDEV2309EVAL\User,S-1-5-18,2023-12-27 17:47:30.791,2,"<Event xmlns=""http://schemas.microsoft.com/win/2004/08/events/event"">
    
        
    <System>
      
            
      <Provider Name=""Microsoft-Windows-Sysmon"" Guid=""{5770385f-c22a-43e0-bf4c-06f5698ffbd9}""/>
      
            
      <EventID>11</EventID>
      
            
      <Version>2</Version>
      
            
      <Level>4</Level>
      
            
      <Task>11</Task>
      
            
      <Opcode>0</Opcode>
      
            
      <Keywords>0x8000000000000000</Keywords>
      
            
      <TimeCreated SystemTime=""2023-12-27T17:47:30.7930543Z""/>
      
            
      <EventRecordID>19607</EventRecordID>
      
            
      <Correlation/>
      
            
      <Execution ProcessID=""3588"" ThreadID=""5124""/>
      
            
      <Channel>Microsoft-Windows-Sysmon/Operational</Channel>
      
            
      <Computer>WinDev2309Eval</Computer>
      
            
      <Security UserID=""S-1-5-18""/>
      
        
    </System>
    
        
    <EventData>
      
            
      <Data Name=""RuleName"">EXE</Data>
      
            
      <Data Name=""UtcTime"">2023-12-27 17:47:30.791</Data>
      
            
      <Data Name=""ProcessGuid"">{f57bd86a-6332-658c-da01-000000000f00}</Data>
      
            
      <Data Name=""ProcessId"">7492</Data>
      
            
      <Data Name=""Image"">C:\Windows\SYSTEM32\cmd.exe</Data>
      
            
      <Data Name=""TargetFilename"">
                C:\Users\User\AppData\Local\Temp\T1036.003_masquerading.pdf.exe</Data>
      
            
      <Data Name=""CreationUtcTime"">2023-12-27 17:47:30.791</Data>
      
            
      <Data Name=""User"">WINDEV2309EVAL\User</Data>
      
        
    </EventData>
    
    
  </Event>
  
    
  
"
Microsoft-Windows-Sysmon/Operational,,,WinDev2309Eval,,2023-12-27 17:47:30.776,,,11,19606,,,,C:\Windows\SYSTEM32\cmd.exe,,0x8000000000000000,4,,,0,,,,,,,{f57bd86a-6332-658c-da01-000000000f00},3588,7492,,,,,EXE,2023-12-27T17:47:30.7858991Z,"
                C:\Users\User\AppData\Local\Temp\T1036.003_masquerading.docx.exe",11,,5124,WINDEV2309EVAL\User,S-1-5-18,2023-12-27 17:47:30.776,2,"<Event xmlns=""http://schemas.microsoft.com/win/2004/08/events/event"">
    
        
    <System>
      
            
      <Provider Name=""Microsoft-Windows-Sysmon"" Guid=""{5770385f-c22a-43e0-bf4c-06f5698ffbd9}""/>
      
            
      <EventID>11</EventID>
      
            
      <Version>2</Version>
      
            
      <Level>4</Level>
      
            
      <Task>11</Task>
      
            
      <Opcode>0</Opcode>
      
            
      <Keywords>0x8000000000000000</Keywords>
      
            
      <TimeCreated SystemTime=""2023-12-27T17:47:30.7858991Z""/>
      
            
      <EventRecordID>19606</EventRecordID>
      
            
      <Correlation/>
      
            
      <Execution ProcessID=""3588"" ThreadID=""5124""/>
      
            
      <Channel>Microsoft-Windows-Sysmon/Operational</Channel>
      
            
      <Computer>WinDev2309Eval</Computer>
      
            
      <Security UserID=""S-1-5-18""/>
      
        
    </System>
    
        
    <EventData>
      
            
      <Data Name=""RuleName"">EXE</Data>
      
            
      <Data Name=""UtcTime"">2023-12-27 17:47:30.776</Data>
      
            
      <Data Name=""ProcessGuid"">{f57bd86a-6332-658c-da01-000000000f00}</Data>
      
            
      <Data Name=""ProcessId"">7492</Data>
      
            
      <Data Name=""Image"">C:\Windows\SYSTEM32\cmd.exe</Data>
      
            
      <Data Name=""TargetFilename"">
                C:\Users\User\AppData\Local\Temp\T1036.003_masquerading.docx.exe</Data>
      
            
      <Data Name=""CreationUtcTime"">2023-12-27 17:47:30.776</Data>
      
            
      <Data Name=""User"">WINDEV2309EVAL\User</Data>
      
        
    </EventData>
    
    
  </Event>
  
    
  
"
Microsoft-Windows-Sysmon/Operational,"""cmd.exe"" /c copy ""C:\Windows\System32\calc.exe""
                %%temp%%\T1036.003_masquerading.docx.exe /Y & copy
                ""C:\Windows\System32\calc.exe"" %%temp%%\T1036.003_masquerading.pdf.exe /Y & copy
                ""C:\Windows\System32\calc.exe"" %%temp%%\T1036.003_masquerading.ps1.exe /Y & copy
                ""C:\AtomicRedTeam\atomics\T1036.003\src\T1036.003_masquerading.vbs""
                %%temp%%\T1036.003_masquerading.xls.vbs /Y & copy
                ""C:\AtomicRedTeam\atomics\T1036.003\src\T1036.003_masquerading.vbs""
                %%temp%%\T1036.003_masquerading.xlsx.vbs /Y & copy
                ""C:\AtomicRedTeam\atomics\T1036.003\src\T1036.003_masquerading.vbs""
                %%temp%%\T1036.003_masquerading.png.vbs /Y & copy
                ""C:\AtomicRedTeam\atomics\T1036.003\src\T1036.003_masquerading.ps1""
                %%temp%%\T1036.003_masquerading.doc.ps1 /Y & copy
                ""C:\AtomicRedTeam\atomics\T1036.003\src\T1036.003_masquerading.ps1""
                %%temp%%\T1036.003_masquerading.pdf.ps1 /Y & copy
                ""C:\AtomicRedTeam\atomics\T1036.003\src\T1036.003_masquerading.ps1""
                %%temp%%\T1036.003_masquerading.rtf.ps1 /Y &
                %%temp%%\T1036.003_masquerading.docx.exe &
                %%temp%%\T1036.003_masquerading.pdf.exe &
                %%temp%%\T1036.003_masquerading.ps1.exe &
                %%temp%%\T1036.003_masquerading.xls.vbs &
                %%temp%%\T1036.003_masquerading.xlsx.vbs &
                %%temp%%\T1036.003_masquerading.png.vbs &
                C:\Windows\System32\WindowsPowerShell\v1.0\powershell.exe -File
                %%temp%%\T1036.003_masquerading.doc.ps1 &
                C:\Windows\System32\WindowsPowerShell\v1.0\powershell.exe -File
                %%temp%%\T1036.003_masquerading.pdf.ps1 &
                C:\Windows\System32\WindowsPowerShell\v1.0\powershell.exe -File
                %%temp%%\T1036.003_masquerading.rtf.ps1",Microsoft Corporation,WinDev2309Eval,,,C:\Users\User\AppData\Local\Temp\,Windows Command Processor,1,19605,10.0.22621.2506 (WinBuild.160101.0800),,"
                MD5=133D568ECCB557E37BEA1459521CBAC2,SHA256=05A30592D2C3421C41121145C6EEFA7C81FEA6B42D6233A522240A8468326B9C,IMPHASH=D73E39DAB3C8B57AA408073D01254964",C:\Windows\System32\cmd.exe,Medium,0x8000000000000000,4,{f57bd86a-36f9-658c-7bf8-020000000000},0x2f87b,0,Cmd.Exe,-,-,{00000000-0000-0000-0000-000000000000},1688,-,{f57bd86a-6332-658c-da01-000000000f00},3588,7492,Microsoft® Windows® Operating System,,,,-,2023-12-27T17:47:30.7572447Z,,1,1,5124,WINDEV2309EVAL\User,S-1-5-18,2023-12-27 17:47:30.756,5,"<Event xmlns=""http://schemas.microsoft.com/win/2004/08/events/event"">
    
        
    <System>
      
            
      <Provider Name=""Microsoft-Windows-Sysmon"" Guid=""{5770385f-c22a-43e0-bf4c-06f5698ffbd9}""/>
      
            
      <EventID>1</EventID>
      
            
      <Version>5</Version>
      
            
      <Level>4</Level>
      
            
      <Task>1</Task>
      
            
      <Opcode>0</Opcode>
      
            
      <Keywords>0x8000000000000000</Keywords>
      
            
      <TimeCreated SystemTime=""2023-12-27T17:47:30.7572447Z""/>
      
            
      <EventRecordID>19605</EventRecordID>
      
            
      <Correlation/>
      
            
      <Execution ProcessID=""3588"" ThreadID=""5124""/>
      
            
      <Channel>Microsoft-Windows-Sysmon/Operational</Channel>
      
            
      <Computer>WinDev2309Eval</Computer>
      
            
      <Security UserID=""S-1-5-18""/>
      
        
    </System>
    
        
    <EventData>
      
            
      <Data Name=""RuleName"">-</Data>
      
            
      <Data Name=""UtcTime"">2023-12-27 17:47:30.756</Data>
      
            
      <Data Name=""ProcessGuid"">{f57bd86a-6332-658c-da01-000000000f00}</Data>
      
            
      <Data Name=""ProcessId"">7492</Data>
      
            
      <Data Name=""Image"">C:\Windows\System32\cmd.exe</Data>
      
            
      <Data Name=""FileVersion"">10.0.22621.2506 (WinBuild.160101.0800)</Data>
      
            
      <Data Name=""Description"">Windows Command Processor</Data>
      
            
      <Data Name=""Product"">Microsoft&#174; Windows&#174; Operating System</Data>
      
            
      <Data Name=""Company"">Microsoft Corporation</Data>
      
            
      <Data Name=""OriginalFileName"">Cmd.Exe</Data>
      
            
      <Data Name=""CommandLine"">""cmd.exe"" /c copy ""C:\Windows\System32\calc.exe""
                %%temp%%\T1036.003_masquerading.docx.exe /Y &amp; copy
                ""C:\Windows\System32\calc.exe"" %%temp%%\T1036.003_masquerading.pdf.exe /Y &amp; copy
                ""C:\Windows\System32\calc.exe"" %%temp%%\T1036.003_masquerading.ps1.exe /Y &amp; copy
                ""C:\AtomicRedTeam\atomics\T1036.003\src\T1036.003_masquerading.vbs""
                %%temp%%\T1036.003_masquerading.xls.vbs /Y &amp; copy
                ""C:\AtomicRedTeam\atomics\T1036.003\src\T1036.003_masquerading.vbs""
                %%temp%%\T1036.003_masquerading.xlsx.vbs /Y &amp; copy
                ""C:\AtomicRedTeam\atomics\T1036.003\src\T1036.003_masquerading.vbs""
                %%temp%%\T1036.003_masquerading.png.vbs /Y &amp; copy
                ""C:\AtomicRedTeam\atomics\T1036.003\src\T1036.003_masquerading.ps1""
                %%temp%%\T1036.003_masquerading.doc.ps1 /Y &amp; copy
                ""C:\AtomicRedTeam\atomics\T1036.003\src\T1036.003_masquerading.ps1""
                %%temp%%\T1036.003_masquerading.pdf.ps1 /Y &amp; copy
                ""C:\AtomicRedTeam\atomics\T1036.003\src\T1036.003_masquerading.ps1""
                %%temp%%\T1036.003_masquerading.rtf.ps1 /Y &amp;
                %%temp%%\T1036.003_masquerading.docx.exe &amp;
                %%temp%%\T1036.003_masquerading.pdf.exe &amp;
                %%temp%%\T1036.003_masquerading.ps1.exe &amp;
                %%temp%%\T1036.003_masquerading.xls.vbs &amp;
                %%temp%%\T1036.003_masquerading.xlsx.vbs &amp;
                %%temp%%\T1036.003_masquerading.png.vbs &amp;
                C:\Windows\System32\WindowsPowerShell\v1.0\powershell.exe -File
                %%temp%%\T1036.003_masquerading.doc.ps1 &amp;
                C:\Windows\System32\WindowsPowerShell\v1.0\powershell.exe -File
                %%temp%%\T1036.003_masquerading.pdf.ps1 &amp;
                C:\Windows\System32\WindowsPowerShell\v1.0\powershell.exe -File
                %%temp%%\T1036.003_masquerading.rtf.ps1</Data>
      
            
      <Data Name=""CurrentDirectory"">C:\Users\User\AppData\Local\Temp\</Data>
      
            
      <Data Name=""User"">WINDEV2309EVAL\User</Data>
      
            
      <Data Name=""LogonGuid"">{f57bd86a-36f9-658c-7bf8-020000000000}</Data>
      
            
      <Data Name=""LogonId"">0x2f87b</Data>
      
            
      <Data Name=""TerminalSessionId"">1</Data>
      
            
      <Data Name=""IntegrityLevel"">Medium</Data>
      
            
      <Data Name=""Hashes"">
                MD5=133D568ECCB557E37BEA1459521CBAC2,SHA256=05A30592D2C3421C41121145C6EEFA7C81FEA6B42D6233A522240A8468326B9C,IMPHASH=D73E39DAB3C8B57AA408073D01254964</Data>
      
            
      <Data Name=""ParentProcessGuid"">{00000000-0000-0000-0000-000000000000}</Data>
      
            
      <Data Name=""ParentProcessId"">1688</Data>
      
            
      <Data Name=""ParentImage"">-</Data>
      
            
      <Data Name=""ParentCommandLine"">-</Data>
      
            
      <Data Name=""ParentUser"">-</Data>
      
        
    </EventData>
    
    
  </Event>
  
    
  
"
Microsoft-Windows-Sysmon/Operational,"""cmd.exe"" /c copy C:\Windows\System32\cmd.exe C:\lsm.exe &
                C:\lsm.exe /c echo T1036.003 > C:\T1036.003.txt",Microsoft Corporation,WinDev2309Eval,,,C:\Users\User\AppData\Local\Temp\,Windows Command Processor,1,19604,10.0.22621.2506 (WinBuild.160101.0800),,"
                MD5=133D568ECCB557E37BEA1459521CBAC2,SHA256=05A30592D2C3421C41121145C6EEFA7C81FEA6B42D6233A522240A8468326B9C,IMPHASH=D73E39DAB3C8B57AA408073D01254964",C:\Windows\System32\cmd.exe,Medium,0x8000000000000000,4,{f57bd86a-36f9-658c-7bf8-020000000000},0x2f87b,0,Cmd.Exe,-,-,{00000000-0000-0000-0000-000000000000},1688,-,{f57bd86a-6332-658c-d801-000000000f00},3588,1872,Microsoft® Windows® Operating System,,,,-,2023-12-27T17:47:30.5389745Z,,1,1,5124,WINDEV2309EVAL\User,S-1-5-18,2023-12-27 17:47:30.537,5,"<Event xmlns=""http://schemas.microsoft.com/win/2004/08/events/event"">
    
        
    <System>
      
            
      <Provider Name=""Microsoft-Windows-Sysmon"" Guid=""{5770385f-c22a-43e0-bf4c-06f5698ffbd9}""/>
      
            
      <EventID>1</EventID>
      
            
      <Version>5</Version>
      
            
      <Level>4</Level>
      
            
      <Task>1</Task>
      
            
      <Opcode>0</Opcode>
      
            
      <Keywords>0x8000000000000000</Keywords>
      
            
      <TimeCreated SystemTime=""2023-12-27T17:47:30.5389745Z""/>
      
            
      <EventRecordID>19604</EventRecordID>
      
            
      <Correlation/>
      
            
      <Execution ProcessID=""3588"" ThreadID=""5124""/>
      
            
      <Channel>Microsoft-Windows-Sysmon/Operational</Channel>
      
            
      <Computer>WinDev2309Eval</Computer>
      
            
      <Security UserID=""S-1-5-18""/>
      
        
    </System>
    
        
    <EventData>
      
            
      <Data Name=""RuleName"">-</Data>
      
            
      <Data Name=""UtcTime"">2023-12-27 17:47:30.537</Data>
      
            
      <Data Name=""ProcessGuid"">{f57bd86a-6332-658c-d801-000000000f00}</Data>
      
            
      <Data Name=""ProcessId"">1872</Data>
      
            
      <Data Name=""Image"">C:\Windows\System32\cmd.exe</Data>
      
            
      <Data Name=""FileVersion"">10.0.22621.2506 (WinBuild.160101.0800)</Data>
      
            
      <Data Name=""Description"">Windows Command Processor</Data>
      
            
      <Data Name=""Product"">Microsoft&#174; Windows&#174; Operating System</Data>
      
            
      <Data Name=""Company"">Microsoft Corporation</Data>
      
            
      <Data Name=""OriginalFileName"">Cmd.Exe</Data>
      
            
      <Data Name=""CommandLine"">""cmd.exe"" /c copy C:\Windows\System32\cmd.exe C:\lsm.exe &amp;
                C:\lsm.exe /c echo T1036.003 &gt; C:\T1036.003.txt</Data>
      
            
      <Data Name=""CurrentDirectory"">C:\Users\User\AppData\Local\Temp\</Data>
      
            
      <Data Name=""User"">WINDEV2309EVAL\User</Data>
      
            
      <Data Name=""LogonGuid"">{f57bd86a-36f9-658c-7bf8-020000000000}</Data>
      
            
      <Data Name=""LogonId"">0x2f87b</Data>
      
            
      <Data Name=""TerminalSessionId"">1</Data>
      
            
      <Data Name=""IntegrityLevel"">Medium</Data>
      
            
      <Data Name=""Hashes"">
                MD5=133D568ECCB557E37BEA1459521CBAC2,SHA256=05A30592D2C3421C41121145C6EEFA7C81FEA6B42D6233A522240A8468326B9C,IMPHASH=D73E39DAB3C8B57AA408073D01254964</Data>
      
            
      <Data Name=""ParentProcessGuid"">{00000000-0000-0000-0000-000000000000}</Data>
      
            
      <Data Name=""ParentProcessId"">1688</Data>
      
            
      <Data Name=""ParentImage"">-</Data>
      
            
      <Data Name=""ParentCommandLine"">-</Data>
      
            
      <Data Name=""ParentUser"">-</Data>
      
        
    </EventData>
    
    
  </Event>
  
    
  
"
Microsoft-Windows-Sysmon/Operational,,,WinDev2309Eval,,,,,5,19603,,,,C:\Users\User\AppData\Local\Temp\svchost.exe,,0x8000000000000000,4,,,0,,,,,,,{f57bd86a-6331-658c-d401-000000000f00},3588,7388,,,,,-,2023-12-27T17:47:30.2840539Z,,5,,5124,WINDEV2309EVAL\User,S-1-5-18,2023-12-27 17:47:30.276,3,"<Event xmlns=""http://schemas.microsoft.com/win/2004/08/events/event"">
    
        
    <System>
      
            
      <Provider Name=""Microsoft-Windows-Sysmon"" Guid=""{5770385f-c22a-43e0-bf4c-06f5698ffbd9}""/>
      
            
      <EventID>5</EventID>
      
            
      <Version>3</Version>
      
            
      <Level>4</Level>
      
            
      <Task>5</Task>
      
            
      <Opcode>0</Opcode>
      
            
      <Keywords>0x8000000000000000</Keywords>
      
            
      <TimeCreated SystemTime=""2023-12-27T17:47:30.2840539Z""/>
      
            
      <EventRecordID>19603</EventRecordID>
      
            
      <Correlation/>
      
            
      <Execution ProcessID=""3588"" ThreadID=""5124""/>
      
            
      <Channel>Microsoft-Windows-Sysmon/Operational</Channel>
      
            
      <Computer>WinDev2309Eval</Computer>
      
            
      <Security UserID=""S-1-5-18""/>
      
        
    </System>
    
        
    <EventData>
      
            
      <Data Name=""RuleName"">-</Data>
      
            
      <Data Name=""UtcTime"">2023-12-27 17:47:30.276</Data>
      
            
      <Data Name=""ProcessGuid"">{f57bd86a-6331-658c-d401-000000000f00}</Data>
      
            
      <Data Name=""ProcessId"">7388</Data>
      
            
      <Data Name=""Image"">C:\Users\User\AppData\Local\Temp\svchost.exe</Data>
      
            
      <Data Name=""User"">WINDEV2309EVAL\User</Data>
      
        
    </EventData>
    
    
  </Event>
  
    
  
"
Microsoft-Windows-Sysmon/Operational,"""C:\Program
                Files\WindowsApps\Microsoft.WindowsTerminal_1.18.3181.0_x64__8wekyb3d8bbwe\WindowsTerminal.exe""
                -Embedding",-,WinDev2309Eval,,,C:\Windows\system32\,-,1,19602,-,,"
                MD5=69D536A57E2CA570BD305FC17A72FBA4,SHA256=DF554DF7C1611574C9B7D1B783FE851D19A6868FBE035D460EF8D0E0E27151DA,IMPHASH=89539BECC118C763F2798F0B697FEEC1","
                C:\Program
                Files\WindowsApps\Microsoft.WindowsTerminal_1.18.3181.0_x64__8wekyb3d8bbwe\WindowsTerminal.exe",Medium,0x8000000000000000,4,{f57bd86a-36f9-658c-7bf8-020000000000},0x2f87b,0,-,C:\Windows\system32\svchost.exe -k DcomLaunch -p,C:\Windows\System32\svchost.exe,{f57bd86a-36f5-658c-0d00-000000000f00},932,NT AUTHORITY\SYSTEM,{f57bd86a-6331-658c-d701-000000000f00},3588,5412,-,,,,-,2023-12-27T17:47:29.5058076Z,,1,1,5124,WINDEV2309EVAL\User,S-1-5-18,2023-12-27 17:47:29.504,5,"<Event xmlns=""http://schemas.microsoft.com/win/2004/08/events/event"">
    
        
    <System>
      
            
      <Provider Name=""Microsoft-Windows-Sysmon"" Guid=""{5770385f-c22a-43e0-bf4c-06f5698ffbd9}""/>
      
            
      <EventID>1</EventID>
      
            
      <Version>5</Version>
      
            
      <Level>4</Level>
      
            
      <Task>1</Task>
      
            
      <Opcode>0</Opcode>
      
            
      <Keywords>0x8000000000000000</Keywords>
      
            
      <TimeCreated SystemTime=""2023-12-27T17:47:29.5058076Z""/>
      
            
      <EventRecordID>19602</EventRecordID>
      
            
      <Correlation/>
      
            
      <Execution ProcessID=""3588"" ThreadID=""5124""/>
      
            
      <Channel>Microsoft-Windows-Sysmon/Operational</Channel>
      
            
      <Computer>WinDev2309Eval</Computer>
      
            
      <Security UserID=""S-1-5-18""/>
      
        
    </System>
    
        
    <EventData>
      
            
      <Data Name=""RuleName"">-</Data>
      
            
      <Data Name=""UtcTime"">2023-12-27 17:47:29.504</Data>
      
            
      <Data Name=""ProcessGuid"">{f57bd86a-6331-658c-d701-000000000f00}</Data>
      
            
      <Data Name=""ProcessId"">5412</Data>
      
            
      <Data Name=""Image"">
                C:\Program
                Files\WindowsApps\Microsoft.WindowsTerminal_1.18.3181.0_x64__8wekyb3d8bbwe\WindowsTerminal.exe</Data>
      
            
      <Data Name=""FileVersion"">-</Data>
      
            
      <Data Name=""Description"">-</Data>
      
            
      <Data Name=""Product"">-</Data>
      
            
      <Data Name=""Company"">-</Data>
      
            
      <Data Name=""OriginalFileName"">-</Data>
      
            
      <Data Name=""CommandLine"">""C:\Program
                Files\WindowsApps\Microsoft.WindowsTerminal_1.18.3181.0_x64__8wekyb3d8bbwe\WindowsTerminal.exe""
                -Embedding</Data>
      
            
      <Data Name=""CurrentDirectory"">C:\Windows\system32\</Data>
      
            
      <Data Name=""User"">WINDEV2309EVAL\User</Data>
      
            
      <Data Name=""LogonGuid"">{f57bd86a-36f9-658c-7bf8-020000000000}</Data>
      
            
      <Data Name=""LogonId"">0x2f87b</Data>
      
            
      <Data Name=""TerminalSessionId"">1</Data>
      
            
      <Data Name=""IntegrityLevel"">Medium</Data>
      
            
      <Data Name=""Hashes"">
                MD5=69D536A57E2CA570BD305FC17A72FBA4,SHA256=DF554DF7C1611574C9B7D1B783FE851D19A6868FBE035D460EF8D0E0E27151DA,IMPHASH=89539BECC118C763F2798F0B697FEEC1</Data>
      
            
      <Data Name=""ParentProcessGuid"">{f57bd86a-36f5-658c-0d00-000000000f00}</Data>
      
            
      <Data Name=""ParentProcessId"">932</Data>
      
            
      <Data Name=""ParentImage"">C:\Windows\System32\svchost.exe</Data>
      
            
      <Data Name=""ParentCommandLine"">C:\Windows\system32\svchost.exe -k DcomLaunch -p</Data>
      
            
      <Data Name=""ParentUser"">NT AUTHORITY\SYSTEM</Data>
      
        
    </EventData>
    
    
  </Event>
  
    
  
"
Microsoft-Windows-Sysmon/Operational,"""C:\Program
                Files\WindowsApps\Microsoft.WindowsTerminal_1.18.3181.0_x64__8wekyb3d8bbwe\OpenConsole.exe""
                -Embedding",-,WinDev2309Eval,,,C:\Windows\system32\,-,1,19601,-,,"
                MD5=3E8BF6C2578C0E26CBD699A9E1A48A32,SHA256=34E13A88400216D70CC4BF03DC91AB7911F8A9354A735E4DCB090E73AEB0CE56,IMPHASH=8AEDC24AD9CD564AA66BAB6D1F8D2FDB","
                C:\Program
                Files\WindowsApps\Microsoft.WindowsTerminal_1.18.3181.0_x64__8wekyb3d8bbwe\OpenConsole.exe",Medium,0x8000000000000000,4,{f57bd86a-36f9-658c-7bf8-020000000000},0x2f87b,0,-,C:\Windows\system32\svchost.exe -k DcomLaunch -p,C:\Windows\System32\svchost.exe,{f57bd86a-36f5-658c-0d00-000000000f00},932,NT AUTHORITY\SYSTEM,{f57bd86a-6331-658c-d601-000000000f00},3588,4116,-,,,,-,2023-12-27T17:47:29.4407840Z,,1,1,5124,WINDEV2309EVAL\User,S-1-5-18,2023-12-27 17:47:29.439,5,"<Event xmlns=""http://schemas.microsoft.com/win/2004/08/events/event"">
    
        
    <System>
      
            
      <Provider Name=""Microsoft-Windows-Sysmon"" Guid=""{5770385f-c22a-43e0-bf4c-06f5698ffbd9}""/>
      
            
      <EventID>1</EventID>
      
            
      <Version>5</Version>
      
            
      <Level>4</Level>
      
            
      <Task>1</Task>
      
            
      <Opcode>0</Opcode>
      
            
      <Keywords>0x8000000000000000</Keywords>
      
            
      <TimeCreated SystemTime=""2023-12-27T17:47:29.4407840Z""/>
      
            
      <EventRecordID>19601</EventRecordID>
      
            
      <Correlation/>
      
            
      <Execution ProcessID=""3588"" ThreadID=""5124""/>
      
            
      <Channel>Microsoft-Windows-Sysmon/Operational</Channel>
      
            
      <Computer>WinDev2309Eval</Computer>
      
            
      <Security UserID=""S-1-5-18""/>
      
        
    </System>
    
        
    <EventData>
      
            
      <Data Name=""RuleName"">-</Data>
      
            
      <Data Name=""UtcTime"">2023-12-27 17:47:29.439</Data>
      
            
      <Data Name=""ProcessGuid"">{f57bd86a-6331-658c-d601-000000000f00}</Data>
      
            
      <Data Name=""ProcessId"">4116</Data>
      
            
      <Data Name=""Image"">
                C:\Program
                Files\WindowsApps\Microsoft.WindowsTerminal_1.18.3181.0_x64__8wekyb3d8bbwe\OpenConsole.exe</Data>
      
            
      <Data Name=""FileVersion"">-</Data>
      
            
      <Data Name=""Description"">-</Data>
      
            
      <Data Name=""Product"">-</Data>
      
            
      <Data Name=""Company"">-</Data>
      
            
      <Data Name=""OriginalFileName"">-</Data>
      
            
      <Data Name=""CommandLine"">""C:\Program
                Files\WindowsApps\Microsoft.WindowsTerminal_1.18.3181.0_x64__8wekyb3d8bbwe\OpenConsole.exe""
                -Embedding</Data>
      
            
      <Data Name=""CurrentDirectory"">C:\Windows\system32\</Data>
      
            
      <Data Name=""User"">WINDEV2309EVAL\User</Data>
      
            
      <Data Name=""LogonGuid"">{f57bd86a-36f9-658c-7bf8-020000000000}</Data>
      
            
      <Data Name=""LogonId"">0x2f87b</Data>
      
            
      <Data Name=""TerminalSessionId"">1</Data>
      
            
      <Data Name=""IntegrityLevel"">Medium</Data>
      
            
      <Data Name=""Hashes"">
                MD5=3E8BF6C2578C0E26CBD699A9E1A48A32,SHA256=34E13A88400216D70CC4BF03DC91AB7911F8A9354A735E4DCB090E73AEB0CE56,IMPHASH=8AEDC24AD9CD564AA66BAB6D1F8D2FDB</Data>
      
            
      <Data Name=""ParentProcessGuid"">{f57bd86a-36f5-658c-0d00-000000000f00}</Data>
      
            
      <Data Name=""ParentProcessId"">932</Data>
      
            
      <Data Name=""ParentImage"">C:\Windows\System32\svchost.exe</Data>
      
            
      <Data Name=""ParentCommandLine"">C:\Windows\system32\svchost.exe -k DcomLaunch -p</Data>
      
            
      <Data Name=""ParentUser"">NT AUTHORITY\SYSTEM</Data>
      
        
    </EventData>
    
    
  </Event>
  
    
  
"
