Microsoft-Windows-Sysmon/Operational,"""C:\Windows\system32\HOSTNAME.EXE""",Microsoft Corporation,WinDev2309Eval,,C:\Users\User\,Hostname APP,,,,,,1,19648,10.0.22621.2506 (WinBuild.160101.0800),"
        MD5=E1EA6EFF1F45AA136A2A2E18EACC1F73,SHA256=4634E6685E402CC3CC8843589F4E8D8AC515F5F05D319E835A262B69B32BDB45,IMPHASH=23013EDF627646AB5226D15AC880BAD8",C:\Windows\System32\HOSTNAME.EXE,,Medium,0x8000000000000000,4,{f57bd86a-36f9-658c-7bf8-020000000000},0x2f87b,0,hostname.exe,-,-,{00000000-0000-0000-0000-000000000000},1688,-,{f57bd86a-6128-658c-4e02-000000000f00},3588,11228,Microsoft® Windows® Operating System,,,,,-,,,,,,2023-12-27T17:38:48.7158730Z,,1,1,5124,WINDEV2309EVAL\User,S-1-5-18,2023-12-27 17:38:48.713,5,"<Event xmlns=""http://schemas.microsoft.com/win/2004/08/events/event"">
    
    
    <System>
      
      
      <Provider Name=""Microsoft-Windows-Sysmon"" Guid=""{5770385f-c22a-43e0-bf4c-06f5698ffbd9}""/>
      
      
      <EventID>1</EventID>
      
      
      <Version>5</Version>
      
      
      <Level>4</Level>
      
      
      <Task>1</Task>
      
      
      <Opcode>0</Opcode>
      
      
      <Keywords>0x8000000000000000</Keywords>
      
      
      <TimeCreated SystemTime=""2023-12-27T17:38:48.7158730Z""/>
      
      
      <EventRecordID>19648</EventRecordID>
      
      
      <Correlation/>
      
      
      <Execution ProcessID=""3588"" ThreadID=""5124""/>
      
      
      <Channel>Microsoft-Windows-Sysmon/Operational</Channel>
      
      
      <Computer>WinDev2309Eval</Computer>
      
      
      <Security UserID=""S-1-5-18""/>
      
    
    </System>
    
    
    <EventData>
      
      
      <Data Name=""RuleName"">-</Data>
      
      
      <Data Name=""UtcTime"">2023-12-27 17:38:48.713</Data>
      
      
      <Data Name=""ProcessGuid"">{f57bd86a-6128-658c-4e02-000000000f00}</Data>
      
      
      <Data Name=""ProcessId"">11228</Data>
      
      
      <Data Name=""Image"">C:\Windows\System32\HOSTNAME.EXE</Data>
      
      
      <Data Name=""FileVersion"">10.0.22621.2506 (WinBuild.160101.0800)</Data>
      
      
      <Data Name=""Description"">Hostname APP</Data>
      
      
      <Data Name=""Product"">Microsoft&#174; Windows&#174; Operating System</Data>
      
      
      <Data Name=""Company"">Microsoft Corporation</Data>
      
      
      <Data Name=""OriginalFileName"">hostname.exe</Data>
      
      
      <Data Name=""CommandLine"">""C:\Windows\system32\HOSTNAME.EXE""</Data>
      
      
      <Data Name=""CurrentDirectory"">C:\Users\User\</Data>
      
      
      <Data Name=""User"">WINDEV2309EVAL\User</Data>
      
      
      <Data Name=""LogonGuid"">{f57bd86a-36f9-658c-7bf8-020000000000}</Data>
      
      
      <Data Name=""LogonId"">0x2f87b</Data>
      
      
      <Data Name=""TerminalSessionId"">1</Data>
      
      
      <Data Name=""IntegrityLevel"">Medium</Data>
      
      
      <Data Name=""Hashes"">
        MD5=E1EA6EFF1F45AA136A2A2E18EACC1F73,SHA256=4634E6685E402CC3CC8843589F4E8D8AC515F5F05D319E835A262B69B32BDB45,IMPHASH=23013EDF627646AB5226D15AC880BAD8</Data>
      
      
      <Data Name=""ParentProcessGuid"">{00000000-0000-0000-0000-000000000000}</Data>
      
      
      <Data Name=""ParentProcessId"">1688</Data>
      
      
      <Data Name=""ParentImage"">-</Data>
      
      
      <Data Name=""ParentCommandLine"">-</Data>
      
      
      <Data Name=""ParentUser"">-</Data>
      
    
    </EventData>
    
  
  </Event>
  
  
  
"
Microsoft-Windows-Sysmon/Operational,"\\?\C:\Windows\System32\SecurityHealth\1.0.2306.10002-0\SecurityHealthHost.exe
        {08728914-3F57-4D52-9E31-49DAECA5A80A} -Embedding",Microsoft Corporation,WinDev2309Eval,,C:\Windows\system32\,Windows Security Health Host,,,,,,1,19647,10.0.25873.1001 (WinBuild.160101.0800),"
        MD5=193DC58240D8AC4EC1618FFAE14CAE71,SHA256=8D771C8A91614B85416B3EB328460E80183B38F2DC35C7A26578206AF145F419,IMPHASH=FBC9E5DE00516A75FFF7C4A11857FB1D",C:\Windows\System32\SecurityHealth\1.0.2306.10002-0\SecurityHealthHost.exe,,Medium,0x8000000000000000,4,{f57bd86a-36f9-658c-7bf8-020000000000},0x2f87b,0,SecurityHealthHost.exe,C:\Windows\system32\svchost.exe -k DcomLaunch -p,C:\Windows\System32\svchost.exe,{f57bd86a-36f5-658c-0d00-000000000f00},932,NT AUTHORITY\SYSTEM,{f57bd86a-6128-658c-4d02-000000000f00},3588,7528,Microsoft® Windows® Operating System,,,,,-,,,,,,2023-12-27T17:38:48.4899064Z,,1,1,5124,WINDEV2309EVAL\User,S-1-5-18,2023-12-27 17:38:48.488,5,"<Event xmlns=""http://schemas.microsoft.com/win/2004/08/events/event"">
    
    
    <System>
      
      
      <Provider Name=""Microsoft-Windows-Sysmon"" Guid=""{5770385f-c22a-43e0-bf4c-06f5698ffbd9}""/>
      
      
      <EventID>1</EventID>
      
      
      <Version>5</Version>
      
      
      <Level>4</Level>
      
      
      <Task>1</Task>
      
      
      <Opcode>0</Opcode>
      
      
      <Keywords>0x8000000000000000</Keywords>
      
      
      <TimeCreated SystemTime=""2023-12-27T17:38:48.4899064Z""/>
      
      
      <EventRecordID>19647</EventRecordID>
      
      
      <Correlation/>
      
      
      <Execution ProcessID=""3588"" ThreadID=""5124""/>
      
      
      <Channel>Microsoft-Windows-Sysmon/Operational</Channel>
      
      
      <Computer>WinDev2309Eval</Computer>
      
      
      <Security UserID=""S-1-5-18""/>
      
    
    </System>
    
    
    <EventData>
      
      
      <Data Name=""RuleName"">-</Data>
      
      
      <Data Name=""UtcTime"">2023-12-27 17:38:48.488</Data>
      
      
      <Data Name=""ProcessGuid"">{f57bd86a-6128-658c-4d02-000000000f00}</Data>
      
      
      <Data Name=""ProcessId"">7528</Data>
      
      
      <Data Name=""Image"">C:\Windows\System32\SecurityHealth\1.0.2306.10002-0\SecurityHealthHost.exe</Data>
      
      
      <Data Name=""FileVersion"">10.0.25873.1001 (WinBuild.160101.0800)</Data>
      
      
      <Data Name=""Description"">Windows Security Health Host</Data>
      
      
      <Data Name=""Product"">Microsoft&#174; Windows&#174; Operating System</Data>
      
      
      <Data Name=""Company"">Microsoft Corporation</Data>
      
      
      <Data Name=""OriginalFileName"">SecurityHealthHost.exe</Data>
      
      
      <Data Name=""CommandLine"">\\?\C:\Windows\System32\SecurityHealth\1.0.2306.10002-0\SecurityHealthHost.exe
        {08728914-3F57-4D52-9E31-49DAECA5A80A} -Embedding</Data>
      
      
      <Data Name=""CurrentDirectory"">C:\Windows\system32\</Data>
      
      
      <Data Name=""User"">WINDEV2309EVAL\User</Data>
      
      
      <Data Name=""LogonGuid"">{f57bd86a-36f9-658c-7bf8-020000000000}</Data>
      
      
      <Data Name=""LogonId"">0x2f87b</Data>
      
      
      <Data Name=""TerminalSessionId"">1</Data>
      
      
      <Data Name=""IntegrityLevel"">Medium</Data>
      
      
      <Data Name=""Hashes"">
        MD5=193DC58240D8AC4EC1618FFAE14CAE71,SHA256=8D771C8A91614B85416B3EB328460E80183B38F2DC35C7A26578206AF145F419,IMPHASH=FBC9E5DE00516A75FFF7C4A11857FB1D</Data>
      
      
      <Data Name=""ParentProcessGuid"">{f57bd86a-36f5-658c-0d00-000000000f00}</Data>
      
      
      <Data Name=""ParentProcessId"">932</Data>
      
      
      <Data Name=""ParentImage"">C:\Windows\System32\svchost.exe</Data>
      
      
      <Data Name=""ParentCommandLine"">C:\Windows\system32\svchost.exe -k DcomLaunch -p</Data>
      
      
      <Data Name=""ParentUser"">NT AUTHORITY\SYSTEM</Data>
      
    
    </EventData>
    
  
  </Event>
  
  
  
"
Microsoft-Windows-Sysmon/Operational,"taskhostw.exe -RegisterDevice -ProtectionStateChanged
        -FreeNetworkOnly",Microsoft Corporation,WinDev2309Eval,,C:\Windows\system32\,Host Process for Windows Tasks,,,,,,1,19646,10.0.22621.2792 (WinBuild.160101.0800),"
        MD5=AAA6BA42398B2D70F12F00A110701041,SHA256=58CC5757BB129557652797EA92AEE701DE5C574B22FDCD5DCDDF141CAEEA3C02,IMPHASH=1C4E2D9936E4D9F2490B08AAB4D24260",C:\Windows\System32\taskhostw.exe,,System,0x8000000000000000,4,{f57bd86a-36f5-658c-e703-000000000000},0x3e7,0,taskhostw.exe,C:\Windows\system32\svchost.exe -k netsvcs -p -s Schedule,C:\Windows\System32\svchost.exe,{f57bd86a-36f6-658c-1d00-000000000f00},1496,NT AUTHORITY\SYSTEM,{f57bd86a-6128-658c-4c02-000000000f00},3588,10788,Microsoft® Windows® Operating System,,,,,-,,,,,,2023-12-27T17:38:48.4728358Z,,1,0,5124,NT AUTHORITY\SYSTEM,S-1-5-18,2023-12-27 17:38:48.469,5,"<Event xmlns=""http://schemas.microsoft.com/win/2004/08/events/event"">
    
    
    <System>
      
      
      <Provider Name=""Microsoft-Windows-Sysmon"" Guid=""{5770385f-c22a-43e0-bf4c-06f5698ffbd9}""/>
      
      
      <EventID>1</EventID>
      
      
      <Version>5</Version>
      
      
      <Level>4</Level>
      
      
      <Task>1</Task>
      
      
      <Opcode>0</Opcode>
      
      
      <Keywords>0x8000000000000000</Keywords>
      
      
      <TimeCreated SystemTime=""2023-12-27T17:38:48.4728358Z""/>
      
      
      <EventRecordID>19646</EventRecordID>
      
      
      <Correlation/>
      
      
      <Execution ProcessID=""3588"" ThreadID=""5124""/>
      
      
      <Channel>Microsoft-Windows-Sysmon/Operational</Channel>
      
      
      <Computer>WinDev2309Eval</Computer>
      
      
      <Security UserID=""S-1-5-18""/>
      
    
    </System>
    
    
    <EventData>
      
      
      <Data Name=""RuleName"">-</Data>
      
      
      <Data Name=""UtcTime"">2023-12-27 17:38:48.469</Data>
      
      
      <Data Name=""ProcessGuid"">{f57bd86a-6128-658c-4c02-000000000f00}</Data>
      
      
      <Data Name=""ProcessId"">10788</Data>
      
      
      <Data Name=""Image"">C:\Windows\System32\taskhostw.exe</Data>
      
      
      <Data Name=""FileVersion"">10.0.22621.2792 (WinBuild.160101.0800)</Data>
      
      
      <Data Name=""Description"">Host Process for Windows Tasks</Data>
      
      
      <Data Name=""Product"">Microsoft&#174; Windows&#174; Operating System</Data>
      
      
      <Data Name=""Company"">Microsoft Corporation</Data>
      
      
      <Data Name=""OriginalFileName"">taskhostw.exe</Data>
      
      
      <Data Name=""CommandLine"">taskhostw.exe -RegisterDevice -ProtectionStateChanged
        -FreeNetworkOnly</Data>
      
      
      <Data Name=""CurrentDirectory"">C:\Windows\system32\</Data>
      
      
      <Data Name=""User"">NT AUTHORITY\SYSTEM</Data>
      
      
      <Data Name=""LogonGuid"">{f57bd86a-36f5-658c-e703-000000000000}</Data>
      
      
      <Data Name=""LogonId"">0x3e7</Data>
      
      
      <Data Name=""TerminalSessionId"">0</Data>
      
      
      <Data Name=""IntegrityLevel"">System</Data>
      
      
      <Data Name=""Hashes"">
        MD5=AAA6BA42398B2D70F12F00A110701041,SHA256=58CC5757BB129557652797EA92AEE701DE5C574B22FDCD5DCDDF141CAEEA3C02,IMPHASH=1C4E2D9936E4D9F2490B08AAB4D24260</Data>
      
      
      <Data Name=""ParentProcessGuid"">{f57bd86a-36f6-658c-1d00-000000000f00}</Data>
      
      
      <Data Name=""ParentProcessId"">1496</Data>
      
      
      <Data Name=""ParentImage"">C:\Windows\System32\svchost.exe</Data>
      
      
      <Data Name=""ParentCommandLine"">C:\Windows\system32\svchost.exe -k netsvcs -p -s Schedule</Data>
      
      
      <Data Name=""ParentUser"">NT AUTHORITY\SYSTEM</Data>
      
    
    </EventData>
    
  
  </Event>
  


"
