Microsoft-Windows-Sysmon/Operational,qwinsta /server:localhost ,Microsoft Corporation,WinDev2309Eval,,C:\Users\User\AppData\Local\Temp\,Query Session Utility,,,,,,1,19659,10.0.22621.1 (WinBuild.160101.0800),"
        MD5=DD92B9CFA6BC25CACE1B10558FB52838,SHA256=5946174AA0FC611A261A12F4FE2E9116500FAC670C037C81B8D5E434B0F3709C,IMPHASH=D1DB32AE474C00FB7315E2D610E6A740",C:\Windows\System32\qwinsta.exe,,Medium,0x8000000000000000,4,{f57bd86a-36f9-658c-7bf8-020000000000},0x2f87b,0,qwinsta.exe,"C:\Windows\system32\cmd.exe /c qwinsta /server:localhost |
        findstr ""Active Disc""",C:\Windows\System32\cmd.exe,{f57bd86a-6129-658c-5902-000000000f00},7496,WINDEV2309EVAL\User,{f57bd86a-6129-658c-5a02-000000000f00},3588,1532,Microsoft® Windows® Operating System,,,,,-,,,,,,2023-12-27T17:38:49.8863353Z,,1,1,5124,WINDEV2309EVAL\User,S-1-5-18,2023-12-27 17:38:49.885,5,"<Event xmlns=""http://schemas.microsoft.com/win/2004/08/events/event"">
    
    
    <System>
      
      
      <Provider Name=""Microsoft-Windows-Sysmon"" Guid=""{5770385f-c22a-43e0-bf4c-06f5698ffbd9}""/>
      
      
      <EventID>1</EventID>
      
      
      <Version>5</Version>
      
      
      <Level>4</Level>
      
      
      <Task>1</Task>
      
      
      <Opcode>0</Opcode>
      
      
      <Keywords>0x8000000000000000</Keywords>
      
      
      <TimeCreated SystemTime=""2023-12-27T17:38:49.8863353Z""/>
      
      
      <EventRecordID>19659</EventRecordID>
      
      
      <Correlation/>
      
      
      <Execution ProcessID=""3588"" ThreadID=""5124""/>
      
      
      <Channel>Microsoft-Windows-Sysmon/Operational</Channel>
      
      
      <Computer>WinDev2309Eval</Computer>
      
      
      <Security UserID=""S-1-5-18""/>
      
    
    </System>
    
    
    <EventData>
      
      
      <Data Name=""RuleName"">-</Data>
      
      
      <Data Name=""UtcTime"">2023-12-27 17:38:49.885</Data>
      
      
      <Data Name=""ProcessGuid"">{f57bd86a-6129-658c-5a02-000000000f00}</Data>
      
      
      <Data Name=""ProcessId"">1532</Data>
      
      
      <Data Name=""Image"">C:\Windows\System32\qwinsta.exe</Data>
      
      
      <Data Name=""FileVersion"">10.0.22621.1 (WinBuild.160101.0800)</Data>
      
      
      <Data Name=""Description"">Query Session Utility</Data>
      
      
      <Data Name=""Product"">Microsoft&#174; Windows&#174; Operating System</Data>
      
      
      <Data Name=""Company"">Microsoft Corporation</Data>
      
      
      <Data Name=""OriginalFileName"">qwinsta.exe</Data>
      
      
      <Data Name=""CommandLine"">qwinsta /server:localhost </Data>
      
      
      <Data Name=""CurrentDirectory"">C:\Users\User\AppData\Local\Temp\</Data>
      
      
      <Data Name=""User"">WINDEV2309EVAL\User</Data>
      
      
      <Data Name=""LogonGuid"">{f57bd86a-36f9-658c-7bf8-020000000000}</Data>
      
      
      <Data Name=""LogonId"">0x2f87b</Data>
      
      
      <Data Name=""TerminalSessionId"">1</Data>
      
      
      <Data Name=""IntegrityLevel"">Medium</Data>
      
      
      <Data Name=""Hashes"">
        MD5=DD92B9CFA6BC25CACE1B10558FB52838,SHA256=5946174AA0FC611A261A12F4FE2E9116500FAC670C037C81B8D5E434B0F3709C,IMPHASH=D1DB32AE474C00FB7315E2D610E6A740</Data>
      
      
      <Data Name=""ParentProcessGuid"">{f57bd86a-6129-658c-5902-000000000f00}</Data>
      
      
      <Data Name=""ParentProcessId"">7496</Data>
      
      
      <Data Name=""ParentImage"">C:\Windows\System32\cmd.exe</Data>
      
      
      <Data Name=""ParentCommandLine"">C:\Windows\system32\cmd.exe /c qwinsta /server:localhost |
        findstr ""Active Disc""</Data>
      
      
      <Data Name=""ParentUser"">WINDEV2309EVAL\User</Data>
      
    
    </EventData>
    
  
  </Event>
  
  
  
"
Microsoft-Windows-Sysmon/Operational,"C:\Windows\system32\cmd.exe /c qwinsta /server:localhost | findstr
        ""Active Disc""",Microsoft Corporation,WinDev2309Eval,,C:\Users\User\AppData\Local\Temp\,Windows Command Processor,,,,,,1,19658,10.0.22621.2506 (WinBuild.160101.0800),"
        MD5=133D568ECCB557E37BEA1459521CBAC2,SHA256=05A30592D2C3421C41121145C6EEFA7C81FEA6B42D6233A522240A8468326B9C,IMPHASH=D73E39DAB3C8B57AA408073D01254964",C:\Windows\System32\cmd.exe,,Medium,0x8000000000000000,4,{f57bd86a-36f9-658c-7bf8-020000000000},0x2f87b,0,Cmd.Exe,"""cmd.exe"" /c cmd.exe /C whoami & wmic useraccount get /ALL
        & quser /SERVER:""localhost"" & quser & qwinsta.exe /server:localhost &
        qwinsta.exe & for /F ""tokens=1,2"" %i in ('qwinsta /server:localhost ^| findstr ""Active
        Disc""') do @echo %i | find /v ""#"" | find /v ""console"" || echo %j > computers.txt &
        @FOR /F %n in (computers.txt) DO @FOR /F ""tokens=1,2"" %i in ('qwinsta /server:%n ^| findstr
        ""Active Disc""') do @echo %i | find /v ""#"" | find /v ""console"" || echo %j > usernames.txt",C:\Windows\System32\cmd.exe,{f57bd86a-6129-658c-5002-000000000f00},3664,WINDEV2309EVAL\User,{f57bd86a-6129-658c-5902-000000000f00},3588,7496,Microsoft® Windows® Operating System,,,,,-,,,,,,2023-12-27T17:38:49.8775182Z,,1,1,5124,WINDEV2309EVAL\User,S-1-5-18,2023-12-27 17:38:49.876,5,"<Event xmlns=""http://schemas.microsoft.com/win/2004/08/events/event"">
    
    
    <System>
      
      
      <Provider Name=""Microsoft-Windows-Sysmon"" Guid=""{5770385f-c22a-43e0-bf4c-06f5698ffbd9}""/>
      
      
      <EventID>1</EventID>
      
      
      <Version>5</Version>
      
      
      <Level>4</Level>
      
      
      <Task>1</Task>
      
      
      <Opcode>0</Opcode>
      
      
      <Keywords>0x8000000000000000</Keywords>
      
      
      <TimeCreated SystemTime=""2023-12-27T17:38:49.8775182Z""/>
      
      
      <EventRecordID>19658</EventRecordID>
      
      
      <Correlation/>
      
      
      <Execution ProcessID=""3588"" ThreadID=""5124""/>
      
      
      <Channel>Microsoft-Windows-Sysmon/Operational</Channel>
      
      
      <Computer>WinDev2309Eval</Computer>
      
      
      <Security UserID=""S-1-5-18""/>
      
    
    </System>
    
    
    <EventData>
      
      
      <Data Name=""RuleName"">-</Data>
      
      
      <Data Name=""UtcTime"">2023-12-27 17:38:49.876</Data>
      
      
      <Data Name=""ProcessGuid"">{f57bd86a-6129-658c-5902-000000000f00}</Data>
      
      
      <Data Name=""ProcessId"">7496</Data>
      
      
      <Data Name=""Image"">C:\Windows\System32\cmd.exe</Data>
      
      
      <Data Name=""FileVersion"">10.0.22621.2506 (WinBuild.160101.0800)</Data>
      
      
      <Data Name=""Description"">Windows Command Processor</Data>
      
      
      <Data Name=""Product"">Microsoft&#174; Windows&#174; Operating System</Data>
      
      
      <Data Name=""Company"">Microsoft Corporation</Data>
      
      
      <Data Name=""OriginalFileName"">Cmd.Exe</Data>
      
      
      <Data Name=""CommandLine"">C:\Windows\system32\cmd.exe /c qwinsta /server:localhost | findstr
        ""Active Disc""</Data>
      
      
      <Data Name=""CurrentDirectory"">C:\Users\User\AppData\Local\Temp\</Data>
      
      
      <Data Name=""User"">WINDEV2309EVAL\User</Data>
      
      
      <Data Name=""LogonGuid"">{f57bd86a-36f9-658c-7bf8-020000000000}</Data>
      
      
      <Data Name=""LogonId"">0x2f87b</Data>
      
      
      <Data Name=""TerminalSessionId"">1</Data>
      
      
      <Data Name=""IntegrityLevel"">Medium</Data>
      
      
      <Data Name=""Hashes"">
        MD5=133D568ECCB557E37BEA1459521CBAC2,SHA256=05A30592D2C3421C41121145C6EEFA7C81FEA6B42D6233A522240A8468326B9C,IMPHASH=D73E39DAB3C8B57AA408073D01254964</Data>
      
      
      <Data Name=""ParentProcessGuid"">{f57bd86a-6129-658c-5002-000000000f00}</Data>
      
      
      <Data Name=""ParentProcessId"">3664</Data>
      
      
      <Data Name=""ParentImage"">C:\Windows\System32\cmd.exe</Data>
      
      
      <Data Name=""ParentCommandLine"">""cmd.exe"" /c cmd.exe /C whoami &amp; wmic useraccount get /ALL
        &amp; quser /SERVER:""localhost"" &amp; quser &amp; qwinsta.exe /server:localhost &amp;
        qwinsta.exe &amp; for /F ""tokens=1,2"" %i in ('qwinsta /server:localhost ^| findstr ""Active
        Disc""') do @echo %i | find /v ""#"" | find /v ""console"" || echo %j &gt; computers.txt &amp;
        @FOR /F %n in (computers.txt) DO @FOR /F ""tokens=1,2"" %i in ('qwinsta /server:%n ^| findstr
        ""Active Disc""') do @echo %i | find /v ""#"" | find /v ""console"" || echo %j &gt; usernames.txt</Data>
      
      
      <Data Name=""ParentUser"">WINDEV2309EVAL\User</Data>
      
    
    </EventData>
    
  
  </Event>
  
  
  
"
Microsoft-Windows-Sysmon/Operational,qwinsta.exe ,Microsoft Corporation,WinDev2309Eval,,C:\Users\User\AppData\Local\Temp\,Query Session Utility,,,,,,1,19657,10.0.22621.1 (WinBuild.160101.0800),"
        MD5=DD92B9CFA6BC25CACE1B10558FB52838,SHA256=5946174AA0FC611A261A12F4FE2E9116500FAC670C037C81B8D5E434B0F3709C,IMPHASH=D1DB32AE474C00FB7315E2D610E6A740",C:\Windows\System32\qwinsta.exe,,Medium,0x8000000000000000,4,{f57bd86a-36f9-658c-7bf8-020000000000},0x2f87b,0,qwinsta.exe,"""cmd.exe"" /c cmd.exe /C whoami & wmic useraccount get /ALL
        & quser /SERVER:""localhost"" & quser & qwinsta.exe /server:localhost &
        qwinsta.exe & for /F ""tokens=1,2"" %i in ('qwinsta /server:localhost ^| findstr ""Active
        Disc""') do @echo %i | find /v ""#"" | find /v ""console"" || echo %j > computers.txt &
        @FOR /F %n in (computers.txt) DO @FOR /F ""tokens=1,2"" %i in ('qwinsta /server:%n ^| findstr
        ""Active Disc""') do @echo %i | find /v ""#"" | find /v ""console"" || echo %j > usernames.txt",C:\Windows\System32\cmd.exe,{f57bd86a-6129-658c-5002-000000000f00},3664,WINDEV2309EVAL\User,{f57bd86a-6129-658c-5802-000000000f00},3588,2036,Microsoft® Windows® Operating System,,,,,-,,,,,,2023-12-27T17:38:49.8641262Z,,1,1,5124,WINDEV2309EVAL\User,S-1-5-18,2023-12-27 17:38:49.863,5,"<Event xmlns=""http://schemas.microsoft.com/win/2004/08/events/event"">
    
    
    <System>
      
      
      <Provider Name=""Microsoft-Windows-Sysmon"" Guid=""{5770385f-c22a-43e0-bf4c-06f5698ffbd9}""/>
      
      
      <EventID>1</EventID>
      
      
      <Version>5</Version>
      
      
      <Level>4</Level>
      
      
      <Task>1</Task>
      
      
      <Opcode>0</Opcode>
      
      
      <Keywords>0x8000000000000000</Keywords>
      
      
      <TimeCreated SystemTime=""2023-12-27T17:38:49.8641262Z""/>
      
      
      <EventRecordID>19657</EventRecordID>
      
      
      <Correlation/>
      
      
      <Execution ProcessID=""3588"" ThreadID=""5124""/>
      
      
      <Channel>Microsoft-Windows-Sysmon/Operational</Channel>
      
      
      <Computer>WinDev2309Eval</Computer>
      
      
      <Security UserID=""S-1-5-18""/>
      
    
    </System>
    
    
    <EventData>
      
      
      <Data Name=""RuleName"">-</Data>
      
      
      <Data Name=""UtcTime"">2023-12-27 17:38:49.863</Data>
      
      
      <Data Name=""ProcessGuid"">{f57bd86a-6129-658c-5802-000000000f00}</Data>
      
      
      <Data Name=""ProcessId"">2036</Data>
      
      
      <Data Name=""Image"">C:\Windows\System32\qwinsta.exe</Data>
      
      
      <Data Name=""FileVersion"">10.0.22621.1 (WinBuild.160101.0800)</Data>
      
      
      <Data Name=""Description"">Query Session Utility</Data>
      
      
      <Data Name=""Product"">Microsoft&#174; Windows&#174; Operating System</Data>
      
      
      <Data Name=""Company"">Microsoft Corporation</Data>
      
      
      <Data Name=""OriginalFileName"">qwinsta.exe</Data>
      
      
      <Data Name=""CommandLine"">qwinsta.exe </Data>
      
      
      <Data Name=""CurrentDirectory"">C:\Users\User\AppData\Local\Temp\</Data>
      
      
      <Data Name=""User"">WINDEV2309EVAL\User</Data>
      
      
      <Data Name=""LogonGuid"">{f57bd86a-36f9-658c-7bf8-020000000000}</Data>
      
      
      <Data Name=""LogonId"">0x2f87b</Data>
      
      
      <Data Name=""TerminalSessionId"">1</Data>
      
      
      <Data Name=""IntegrityLevel"">Medium</Data>
      
      
      <Data Name=""Hashes"">
        MD5=DD92B9CFA6BC25CACE1B10558FB52838,SHA256=5946174AA0FC611A261A12F4FE2E9116500FAC670C037C81B8D5E434B0F3709C,IMPHASH=D1DB32AE474C00FB7315E2D610E6A740</Data>
      
      
      <Data Name=""ParentProcessGuid"">{f57bd86a-6129-658c-5002-000000000f00}</Data>
      
      
      <Data Name=""ParentProcessId"">3664</Data>
      
      
      <Data Name=""ParentImage"">C:\Windows\System32\cmd.exe</Data>
      
      
      <Data Name=""ParentCommandLine"">""cmd.exe"" /c cmd.exe /C whoami &amp; wmic useraccount get /ALL
        &amp; quser /SERVER:""localhost"" &amp; quser &amp; qwinsta.exe /server:localhost &amp;
        qwinsta.exe &amp; for /F ""tokens=1,2"" %i in ('qwinsta /server:localhost ^| findstr ""Active
        Disc""') do @echo %i | find /v ""#"" | find /v ""console"" || echo %j &gt; computers.txt &amp;
        @FOR /F %n in (computers.txt) DO @FOR /F ""tokens=1,2"" %i in ('qwinsta /server:%n ^| findstr
        ""Active Disc""') do @echo %i | find /v ""#"" | find /v ""console"" || echo %j &gt; usernames.txt</Data>
      
      
      <Data Name=""ParentUser"">WINDEV2309EVAL\User</Data>
      
    
    </EventData>
    
  
  </Event>
  
  
  
"
Microsoft-Windows-Sysmon/Operational,qwinsta.exe /server:localhost ,Microsoft Corporation,WinDev2309Eval,,C:\Users\User\AppData\Local\Temp\,Query Session Utility,,,,,,1,19656,10.0.22621.1 (WinBuild.160101.0800),"
        MD5=DD92B9CFA6BC25CACE1B10558FB52838,SHA256=5946174AA0FC611A261A12F4FE2E9116500FAC670C037C81B8D5E434B0F3709C,IMPHASH=D1DB32AE474C00FB7315E2D610E6A740",C:\Windows\System32\qwinsta.exe,,Medium,0x8000000000000000,4,{f57bd86a-36f9-658c-7bf8-020000000000},0x2f87b,0,qwinsta.exe,"""cmd.exe"" /c cmd.exe /C whoami & wmic useraccount get /ALL
        & quser /SERVER:""localhost"" & quser & qwinsta.exe /server:localhost &
        qwinsta.exe & for /F ""tokens=1,2"" %i in ('qwinsta /server:localhost ^| findstr ""Active
        Disc""') do @echo %i | find /v ""#"" | find /v ""console"" || echo %j > computers.txt &
        @FOR /F %n in (computers.txt) DO @FOR /F ""tokens=1,2"" %i in ('qwinsta /server:%n ^| findstr
        ""Active Disc""') do @echo %i | find /v ""#"" | find /v ""console"" || echo %j > usernames.txt",C:\Windows\System32\cmd.exe,{f57bd86a-6129-658c-5002-000000000f00},3664,WINDEV2309EVAL\User,{f57bd86a-6129-658c-5702-000000000f00},3588,5268,Microsoft® Windows® Operating System,,,,,-,,,,,,2023-12-27T17:38:49.8365802Z,,1,1,5124,WINDEV2309EVAL\User,S-1-5-18,2023-12-27 17:38:49.835,5,"<Event xmlns=""http://schemas.microsoft.com/win/2004/08/events/event"">
    
    
    <System>
      
      
      <Provider Name=""Microsoft-Windows-Sysmon"" Guid=""{5770385f-c22a-43e0-bf4c-06f5698ffbd9}""/>
      
      
      <EventID>1</EventID>
      
      
      <Version>5</Version>
      
      
      <Level>4</Level>
      
      
      <Task>1</Task>
      
      
      <Opcode>0</Opcode>
      
      
      <Keywords>0x8000000000000000</Keywords>
      
      
      <TimeCreated SystemTime=""2023-12-27T17:38:49.8365802Z""/>
      
      
      <EventRecordID>19656</EventRecordID>
      
      
      <Correlation/>
      
      
      <Execution ProcessID=""3588"" ThreadID=""5124""/>
      
      
      <Channel>Microsoft-Windows-Sysmon/Operational</Channel>
      
      
      <Computer>WinDev2309Eval</Computer>
      
      
      <Security UserID=""S-1-5-18""/>
      
    
    </System>
    
    
    <EventData>
      
      
      <Data Name=""RuleName"">-</Data>
      
      
      <Data Name=""UtcTime"">2023-12-27 17:38:49.835</Data>
      
      
      <Data Name=""ProcessGuid"">{f57bd86a-6129-658c-5702-000000000f00}</Data>
      
      
      <Data Name=""ProcessId"">5268</Data>
      
      
      <Data Name=""Image"">C:\Windows\System32\qwinsta.exe</Data>
      
      
      <Data Name=""FileVersion"">10.0.22621.1 (WinBuild.160101.0800)</Data>
      
      
      <Data Name=""Description"">Query Session Utility</Data>
      
      
      <Data Name=""Product"">Microsoft&#174; Windows&#174; Operating System</Data>
      
      
      <Data Name=""Company"">Microsoft Corporation</Data>
      
      
      <Data Name=""OriginalFileName"">qwinsta.exe</Data>
      
      
      <Data Name=""CommandLine"">qwinsta.exe /server:localhost </Data>
      
      
      <Data Name=""CurrentDirectory"">C:\Users\User\AppData\Local\Temp\</Data>
      
      
      <Data Name=""User"">WINDEV2309EVAL\User</Data>
      
      
      <Data Name=""LogonGuid"">{f57bd86a-36f9-658c-7bf8-020000000000}</Data>
      
      
      <Data Name=""LogonId"">0x2f87b</Data>
      
      
      <Data Name=""TerminalSessionId"">1</Data>
      
      
      <Data Name=""IntegrityLevel"">Medium</Data>
      
      
      <Data Name=""Hashes"">
        MD5=DD92B9CFA6BC25CACE1B10558FB52838,SHA256=5946174AA0FC611A261A12F4FE2E9116500FAC670C037C81B8D5E434B0F3709C,IMPHASH=D1DB32AE474C00FB7315E2D610E6A740</Data>
      
      
      <Data Name=""ParentProcessGuid"">{f57bd86a-6129-658c-5002-000000000f00}</Data>
      
      
      <Data Name=""ParentProcessId"">3664</Data>
      
      
      <Data Name=""ParentImage"">C:\Windows\System32\cmd.exe</Data>
      
      
      <Data Name=""ParentCommandLine"">""cmd.exe"" /c cmd.exe /C whoami &amp; wmic useraccount get /ALL
        &amp; quser /SERVER:""localhost"" &amp; quser &amp; qwinsta.exe /server:localhost &amp;
        qwinsta.exe &amp; for /F ""tokens=1,2"" %i in ('qwinsta /server:localhost ^| findstr ""Active
        Disc""') do @echo %i | find /v ""#"" | find /v ""console"" || echo %j &gt; computers.txt &amp;
        @FOR /F %n in (computers.txt) DO @FOR /F ""tokens=1,2"" %i in ('qwinsta /server:%n ^| findstr
        ""Active Disc""') do @echo %i | find /v ""#"" | find /v ""console"" || echo %j &gt; usernames.txt</Data>
      
      
      <Data Name=""ParentUser"">WINDEV2309EVAL\User</Data>
      
    
    </EventData>
    
  
  </Event>
  
  
  
"
Microsoft-Windows-Sysmon/Operational,quser ,Microsoft Corporation,WinDev2309Eval,,C:\Users\User\AppData\Local\Temp\,Query User Utility,,,,,,1,19655,10.0.22621.1 (WinBuild.160101.0800),"
        MD5=B5A9F5F8AB4E5DC892363C7A2998864E,SHA256=F1A3370893C7B1123DBC013155B39108571CC2ACA7F07D48B92C98398F9C94B1,IMPHASH=B72F14292FAC033099AD1A08D6867486",C:\Windows\System32\quser.exe,,Medium,0x8000000000000000,4,{f57bd86a-36f9-658c-7bf8-020000000000},0x2f87b,0,quser.exe,"""cmd.exe"" /c cmd.exe /C whoami & wmic useraccount get /ALL
        & quser /SERVER:""localhost"" & quser & qwinsta.exe /server:localhost &
        qwinsta.exe & for /F ""tokens=1,2"" %i in ('qwinsta /server:localhost ^| findstr ""Active
        Disc""') do @echo %i | find /v ""#"" | find /v ""console"" || echo %j > computers.txt &
        @FOR /F %n in (computers.txt) DO @FOR /F ""tokens=1,2"" %i in ('qwinsta /server:%n ^| findstr
        ""Active Disc""') do @echo %i | find /v ""#"" | find /v ""console"" || echo %j > usernames.txt",C:\Windows\System32\cmd.exe,{f57bd86a-6129-658c-5002-000000000f00},3664,WINDEV2309EVAL\User,{f57bd86a-6129-658c-5602-000000000f00},3588,9056,Microsoft® Windows® Operating System,,,,,-,,,,,,2023-12-27T17:38:49.8209370Z,,1,1,5124,WINDEV2309EVAL\User,S-1-5-18,2023-12-27 17:38:49.820,5,"<Event xmlns=""http://schemas.microsoft.com/win/2004/08/events/event"">
    
    
    <System>
      
      
      <Provider Name=""Microsoft-Windows-Sysmon"" Guid=""{5770385f-c22a-43e0-bf4c-06f5698ffbd9}""/>
      
      
      <EventID>1</EventID>
      
      
      <Version>5</Version>
      
      
      <Level>4</Level>
      
      
      <Task>1</Task>
      
      
      <Opcode>0</Opcode>
      
      
      <Keywords>0x8000000000000000</Keywords>
      
      
      <TimeCreated SystemTime=""2023-12-27T17:38:49.8209370Z""/>
      
      
      <EventRecordID>19655</EventRecordID>
      
      
      <Correlation/>
      
      
      <Execution ProcessID=""3588"" ThreadID=""5124""/>
      
      
      <Channel>Microsoft-Windows-Sysmon/Operational</Channel>
      
      
      <Computer>WinDev2309Eval</Computer>
      
      
      <Security UserID=""S-1-5-18""/>
      
    
    </System>
    
    
    <EventData>
      
      
      <Data Name=""RuleName"">-</Data>
      
      
      <Data Name=""UtcTime"">2023-12-27 17:38:49.820</Data>
      
      
      <Data Name=""ProcessGuid"">{f57bd86a-6129-658c-5602-000000000f00}</Data>
      
      
      <Data Name=""ProcessId"">9056</Data>
      
      
      <Data Name=""Image"">C:\Windows\System32\quser.exe</Data>
      
      
      <Data Name=""FileVersion"">10.0.22621.1 (WinBuild.160101.0800)</Data>
      
      
      <Data Name=""Description"">Query User Utility</Data>
      
      
      <Data Name=""Product"">Microsoft&#174; Windows&#174; Operating System</Data>
      
      
      <Data Name=""Company"">Microsoft Corporation</Data>
      
      
      <Data Name=""OriginalFileName"">quser.exe</Data>
      
      
      <Data Name=""CommandLine"">quser </Data>
      
      
      <Data Name=""CurrentDirectory"">C:\Users\User\AppData\Local\Temp\</Data>
      
      
      <Data Name=""User"">WINDEV2309EVAL\User</Data>
      
      
      <Data Name=""LogonGuid"">{f57bd86a-36f9-658c-7bf8-020000000000}</Data>
      
      
      <Data Name=""LogonId"">0x2f87b</Data>
      
      
      <Data Name=""TerminalSessionId"">1</Data>
      
      
      <Data Name=""IntegrityLevel"">Medium</Data>
      
      
      <Data Name=""Hashes"">
        MD5=B5A9F5F8AB4E5DC892363C7A2998864E,SHA256=F1A3370893C7B1123DBC013155B39108571CC2ACA7F07D48B92C98398F9C94B1,IMPHASH=B72F14292FAC033099AD1A08D6867486</Data>
      
      
      <Data Name=""ParentProcessGuid"">{f57bd86a-6129-658c-5002-000000000f00}</Data>
      
      
      <Data Name=""ParentProcessId"">3664</Data>
      
      
      <Data Name=""ParentImage"">C:\Windows\System32\cmd.exe</Data>
      
      
      <Data Name=""ParentCommandLine"">""cmd.exe"" /c cmd.exe /C whoami &amp; wmic useraccount get /ALL
        &amp; quser /SERVER:""localhost"" &amp; quser &amp; qwinsta.exe /server:localhost &amp;
        qwinsta.exe &amp; for /F ""tokens=1,2"" %i in ('qwinsta /server:localhost ^| findstr ""Active
        Disc""') do @echo %i | find /v ""#"" | find /v ""console"" || echo %j &gt; computers.txt &amp;
        @FOR /F %n in (computers.txt) DO @FOR /F ""tokens=1,2"" %i in ('qwinsta /server:%n ^| findstr
        ""Active Disc""') do @echo %i | find /v ""#"" | find /v ""console"" || echo %j &gt; usernames.txt</Data>
      
      
      <Data Name=""ParentUser"">WINDEV2309EVAL\User</Data>
      
    
    </EventData>
    
  
  </Event>
  
  
  
"
Microsoft-Windows-Sysmon/Operational,"quser /SERVER:""localhost"" ",Microsoft Corporation,WinDev2309Eval,,C:\Users\User\AppData\Local\Temp\,Query User Utility,,,,,,1,19654,10.0.22621.1 (WinBuild.160101.0800),"
        MD5=B5A9F5F8AB4E5DC892363C7A2998864E,SHA256=F1A3370893C7B1123DBC013155B39108571CC2ACA7F07D48B92C98398F9C94B1,IMPHASH=B72F14292FAC033099AD1A08D6867486",C:\Windows\System32\quser.exe,,Medium,0x8000000000000000,4,{f57bd86a-36f9-658c-7bf8-020000000000},0x2f87b,0,quser.exe,"""cmd.exe"" /c cmd.exe /C whoami & wmic useraccount get /ALL
        & quser /SERVER:""localhost"" & quser & qwinsta.exe /server:localhost &
        qwinsta.exe & for /F ""tokens=1,2"" %i in ('qwinsta /server:localhost ^| findstr ""Active
        Disc""') do @echo %i | find /v ""#"" | find /v ""console"" || echo %j > computers.txt &
        @FOR /F %n in (computers.txt) DO @FOR /F ""tokens=1,2"" %i in ('qwinsta /server:%n ^| findstr
        ""Active Disc""') do @echo %i | find /v ""#"" | find /v ""console"" || echo %j > usernames.txt",C:\Windows\System32\cmd.exe,{f57bd86a-6129-658c-5002-000000000f00},3664,WINDEV2309EVAL\User,{f57bd86a-6129-658c-5502-000000000f00},3588,1176,Microsoft® Windows® Operating System,,,,,-,,,,,,2023-12-27T17:38:49.7911900Z,,1,1,5124,WINDEV2309EVAL\User,S-1-5-18,2023-12-27 17:38:49.790,5,"<Event xmlns=""http://schemas.microsoft.com/win/2004/08/events/event"">
    
    
    <System>
      
      
      <Provider Name=""Microsoft-Windows-Sysmon"" Guid=""{5770385f-c22a-43e0-bf4c-06f5698ffbd9}""/>
      
      
      <EventID>1</EventID>
      
      
      <Version>5</Version>
      
      
      <Level>4</Level>
      
      
      <Task>1</Task>
      
      
      <Opcode>0</Opcode>
      
      
      <Keywords>0x8000000000000000</Keywords>
      
      
      <TimeCreated SystemTime=""2023-12-27T17:38:49.7911900Z""/>
      
      
      <EventRecordID>19654</EventRecordID>
      
      
      <Correlation/>
      
      
      <Execution ProcessID=""3588"" ThreadID=""5124""/>
      
      
      <Channel>Microsoft-Windows-Sysmon/Operational</Channel>
      
      
      <Computer>WinDev2309Eval</Computer>
      
      
      <Security UserID=""S-1-5-18""/>
      
    
    </System>
    
    
    <EventData>
      
      
      <Data Name=""RuleName"">-</Data>
      
      
      <Data Name=""UtcTime"">2023-12-27 17:38:49.790</Data>
      
      
      <Data Name=""ProcessGuid"">{f57bd86a-6129-658c-5502-000000000f00}</Data>
      
      
      <Data Name=""ProcessId"">1176</Data>
      
      
      <Data Name=""Image"">C:\Windows\System32\quser.exe</Data>
      
      
      <Data Name=""FileVersion"">10.0.22621.1 (WinBuild.160101.0800)</Data>
      
      
      <Data Name=""Description"">Query User Utility</Data>
      
      
      <Data Name=""Product"">Microsoft&#174; Windows&#174; Operating System</Data>
      
      
      <Data Name=""Company"">Microsoft Corporation</Data>
      
      
      <Data Name=""OriginalFileName"">quser.exe</Data>
      
      
      <Data Name=""CommandLine"">quser /SERVER:""localhost"" </Data>
      
      
      <Data Name=""CurrentDirectory"">C:\Users\User\AppData\Local\Temp\</Data>
      
      
      <Data Name=""User"">WINDEV2309EVAL\User</Data>
      
      
      <Data Name=""LogonGuid"">{f57bd86a-36f9-658c-7bf8-020000000000}</Data>
      
      
      <Data Name=""LogonId"">0x2f87b</Data>
      
      
      <Data Name=""TerminalSessionId"">1</Data>
      
      
      <Data Name=""IntegrityLevel"">Medium</Data>
      
      
      <Data Name=""Hashes"">
        MD5=B5A9F5F8AB4E5DC892363C7A2998864E,SHA256=F1A3370893C7B1123DBC013155B39108571CC2ACA7F07D48B92C98398F9C94B1,IMPHASH=B72F14292FAC033099AD1A08D6867486</Data>
      
      
      <Data Name=""ParentProcessGuid"">{f57bd86a-6129-658c-5002-000000000f00}</Data>
      
      
      <Data Name=""ParentProcessId"">3664</Data>
      
      
      <Data Name=""ParentImage"">C:\Windows\System32\cmd.exe</Data>
      
      
      <Data Name=""ParentCommandLine"">""cmd.exe"" /c cmd.exe /C whoami &amp; wmic useraccount get /ALL
        &amp; quser /SERVER:""localhost"" &amp; quser &amp; qwinsta.exe /server:localhost &amp;
        qwinsta.exe &amp; for /F ""tokens=1,2"" %i in ('qwinsta /server:localhost ^| findstr ""Active
        Disc""') do @echo %i | find /v ""#"" | find /v ""console"" || echo %j &gt; computers.txt &amp;
        @FOR /F %n in (computers.txt) DO @FOR /F ""tokens=1,2"" %i in ('qwinsta /server:%n ^| findstr
        ""Active Disc""') do @echo %i | find /v ""#"" | find /v ""console"" || echo %j &gt; usernames.txt</Data>
      
      
      <Data Name=""ParentUser"">WINDEV2309EVAL\User</Data>
      
    
    </EventData>
    
  
  </Event>
  
  
  
"
Microsoft-Windows-Sysmon/Operational,wmic useraccount get /ALL ,Microsoft Corporation,WinDev2309Eval,,C:\Users\User\AppData\Local\Temp\,WMI Commandline Utility,,,,,,1,19653,10.0.22621.2792 (WinBuild.160101.0800),"
        MD5=B2ACB4DE13896683796A6B6635C40A15,SHA256=FBCDF1DB7D385AE5556F76D1F388F6E7AF08A545C0D797C4B3CD2F0CC739A9AE,IMPHASH=43C6BE584D77B658A53A9A5C606724DD",C:\Windows\System32\wbem\WMIC.exe,,Medium,0x8000000000000000,4,{f57bd86a-36f9-658c-7bf8-020000000000},0x2f87b,0,wmic.exe,"""cmd.exe"" /c cmd.exe /C whoami & wmic useraccount get /ALL
        & quser /SERVER:""localhost"" & quser & qwinsta.exe /server:localhost &
        qwinsta.exe & for /F ""tokens=1,2"" %i in ('qwinsta /server:localhost ^| findstr ""Active
        Disc""') do @echo %i | find /v ""#"" | find /v ""console"" || echo %j > computers.txt &
        @FOR /F %n in (computers.txt) DO @FOR /F ""tokens=1,2"" %i in ('qwinsta /server:%n ^| findstr
        ""Active Disc""') do @echo %i | find /v ""#"" | find /v ""console"" || echo %j > usernames.txt",C:\Windows\System32\cmd.exe,{f57bd86a-6129-658c-5002-000000000f00},3664,WINDEV2309EVAL\User,{f57bd86a-6129-658c-5402-000000000f00},3588,4824,Microsoft® Windows® Operating System,,,,,-,,,,,,2023-12-27T17:38:49.6937469Z,,1,1,5124,WINDEV2309EVAL\User,S-1-5-18,2023-12-27 17:38:49.690,5,"<Event xmlns=""http://schemas.microsoft.com/win/2004/08/events/event"">
    
    
    <System>
      
      
      <Provider Name=""Microsoft-Windows-Sysmon"" Guid=""{5770385f-c22a-43e0-bf4c-06f5698ffbd9}""/>
      
      
      <EventID>1</EventID>
      
      
      <Version>5</Version>
      
      
      <Level>4</Level>
      
      
      <Task>1</Task>
      
      
      <Opcode>0</Opcode>
      
      
      <Keywords>0x8000000000000000</Keywords>
      
      
      <TimeCreated SystemTime=""2023-12-27T17:38:49.6937469Z""/>
      
      
      <EventRecordID>19653</EventRecordID>
      
      
      <Correlation/>
      
      
      <Execution ProcessID=""3588"" ThreadID=""5124""/>
      
      
      <Channel>Microsoft-Windows-Sysmon/Operational</Channel>
      
      
      <Computer>WinDev2309Eval</Computer>
      
      
      <Security UserID=""S-1-5-18""/>
      
    
    </System>
    
    
    <EventData>
      
      
      <Data Name=""RuleName"">-</Data>
      
      
      <Data Name=""UtcTime"">2023-12-27 17:38:49.690</Data>
      
      
      <Data Name=""ProcessGuid"">{f57bd86a-6129-658c-5402-000000000f00}</Data>
      
      
      <Data Name=""ProcessId"">4824</Data>
      
      
      <Data Name=""Image"">C:\Windows\System32\wbem\WMIC.exe</Data>
      
      
      <Data Name=""FileVersion"">10.0.22621.2792 (WinBuild.160101.0800)</Data>
      
      
      <Data Name=""Description"">WMI Commandline Utility</Data>
      
      
      <Data Name=""Product"">Microsoft&#174; Windows&#174; Operating System</Data>
      
      
      <Data Name=""Company"">Microsoft Corporation</Data>
      
      
      <Data Name=""OriginalFileName"">wmic.exe</Data>
      
      
      <Data Name=""CommandLine"">wmic useraccount get /ALL </Data>
      
      
      <Data Name=""CurrentDirectory"">C:\Users\User\AppData\Local\Temp\</Data>
      
      
      <Data Name=""User"">WINDEV2309EVAL\User</Data>
      
      
      <Data Name=""LogonGuid"">{f57bd86a-36f9-658c-7bf8-020000000000}</Data>
      
      
      <Data Name=""LogonId"">0x2f87b</Data>
      
      
      <Data Name=""TerminalSessionId"">1</Data>
      
      
      <Data Name=""IntegrityLevel"">Medium</Data>
      
      
      <Data Name=""Hashes"">
        MD5=B2ACB4DE13896683796A6B6635C40A15,SHA256=FBCDF1DB7D385AE5556F76D1F388F6E7AF08A545C0D797C4B3CD2F0CC739A9AE,IMPHASH=43C6BE584D77B658A53A9A5C606724DD</Data>
      
      
      <Data Name=""ParentProcessGuid"">{f57bd86a-6129-658c-5002-000000000f00}</Data>
      
      
      <Data Name=""ParentProcessId"">3664</Data>
      
      
      <Data Name=""ParentImage"">C:\Windows\System32\cmd.exe</Data>
      
      
      <Data Name=""ParentCommandLine"">""cmd.exe"" /c cmd.exe /C whoami &amp; wmic useraccount get /ALL
        &amp; quser /SERVER:""localhost"" &amp; quser &amp; qwinsta.exe /server:localhost &amp;
        qwinsta.exe &amp; for /F ""tokens=1,2"" %i in ('qwinsta /server:localhost ^| findstr ""Active
        Disc""') do @echo %i | find /v ""#"" | find /v ""console"" || echo %j &gt; computers.txt &amp;
        @FOR /F %n in (computers.txt) DO @FOR /F ""tokens=1,2"" %i in ('qwinsta /server:%n ^| findstr
        ""Active Disc""') do @echo %i | find /v ""#"" | find /v ""console"" || echo %j &gt; usernames.txt</Data>
      
      
      <Data Name=""ParentUser"">WINDEV2309EVAL\User</Data>
      
    
    </EventData>
    
  
  </Event>
  
  
  
"
Microsoft-Windows-Sysmon/Operational,whoami ,Microsoft Corporation,WinDev2309Eval,,C:\Users\User\AppData\Local\Temp\,whoami - displays logged on user information,,,,,,1,19652,10.0.22621.1 (WinBuild.160101.0800),"
        MD5=E0F37DB23E4F3163159A815610DF8CF2,SHA256=574BC2A2995FE2B1F732CCD39F2D99460ACE980AF29EFDF1EB0D3E888BE7D6F0,IMPHASH=62935820E434AF643547B7F5F5BD0292",C:\Windows\System32\whoami.exe,,Medium,0x8000000000000000,4,{f57bd86a-36f9-658c-7bf8-020000000000},0x2f87b,0,whoami.exe,cmd.exe /C whoami ,C:\Windows\System32\cmd.exe,{f57bd86a-6129-658c-5202-000000000f00},5568,WINDEV2309EVAL\User,{f57bd86a-6129-658c-5302-000000000f00},3588,11096,Microsoft® Windows® Operating System,,,,,-,,,,,,2023-12-27T17:38:49.6718327Z,,1,1,5124,WINDEV2309EVAL\User,S-1-5-18,2023-12-27 17:38:49.671,5,"<Event xmlns=""http://schemas.microsoft.com/win/2004/08/events/event"">
    
    
    <System>
      
      
      <Provider Name=""Microsoft-Windows-Sysmon"" Guid=""{5770385f-c22a-43e0-bf4c-06f5698ffbd9}""/>
      
      
      <EventID>1</EventID>
      
      
      <Version>5</Version>
      
      
      <Level>4</Level>
      
      
      <Task>1</Task>
      
      
      <Opcode>0</Opcode>
      
      
      <Keywords>0x8000000000000000</Keywords>
      
      
      <TimeCreated SystemTime=""2023-12-27T17:38:49.6718327Z""/>
      
      
      <EventRecordID>19652</EventRecordID>
      
      
      <Correlation/>
      
      
      <Execution ProcessID=""3588"" ThreadID=""5124""/>
      
      
      <Channel>Microsoft-Windows-Sysmon/Operational</Channel>
      
      
      <Computer>WinDev2309Eval</Computer>
      
      
      <Security UserID=""S-1-5-18""/>
      
    
    </System>
    
    
    <EventData>
      
      
      <Data Name=""RuleName"">-</Data>
      
      
      <Data Name=""UtcTime"">2023-12-27 17:38:49.671</Data>
      
      
      <Data Name=""ProcessGuid"">{f57bd86a-6129-658c-5302-000000000f00}</Data>
      
      
      <Data Name=""ProcessId"">11096</Data>
      
      
      <Data Name=""Image"">C:\Windows\System32\whoami.exe</Data>
      
      
      <Data Name=""FileVersion"">10.0.22621.1 (WinBuild.160101.0800)</Data>
      
      
      <Data Name=""Description"">whoami - displays logged on user information</Data>
      
      
      <Data Name=""Product"">Microsoft&#174; Windows&#174; Operating System</Data>
      
      
      <Data Name=""Company"">Microsoft Corporation</Data>
      
      
      <Data Name=""OriginalFileName"">whoami.exe</Data>
      
      
      <Data Name=""CommandLine"">whoami </Data>
      
      
      <Data Name=""CurrentDirectory"">C:\Users\User\AppData\Local\Temp\</Data>
      
      
      <Data Name=""User"">WINDEV2309EVAL\User</Data>
      
      
      <Data Name=""LogonGuid"">{f57bd86a-36f9-658c-7bf8-020000000000}</Data>
      
      
      <Data Name=""LogonId"">0x2f87b</Data>
      
      
      <Data Name=""TerminalSessionId"">1</Data>
      
      
      <Data Name=""IntegrityLevel"">Medium</Data>
      
      
      <Data Name=""Hashes"">
        MD5=E0F37DB23E4F3163159A815610DF8CF2,SHA256=574BC2A2995FE2B1F732CCD39F2D99460ACE980AF29EFDF1EB0D3E888BE7D6F0,IMPHASH=62935820E434AF643547B7F5F5BD0292</Data>
      
      
      <Data Name=""ParentProcessGuid"">{f57bd86a-6129-658c-5202-000000000f00}</Data>
      
      
      <Data Name=""ParentProcessId"">5568</Data>
      
      
      <Data Name=""ParentImage"">C:\Windows\System32\cmd.exe</Data>
      
      
      <Data Name=""ParentCommandLine"">cmd.exe /C whoami </Data>
      
      
      <Data Name=""ParentUser"">WINDEV2309EVAL\User</Data>
      
    
    </EventData>
    
  
  </Event>
  
  
  
"
Microsoft-Windows-Sysmon/Operational,cmd.exe /C whoami ,Microsoft Corporation,WinDev2309Eval,,C:\Users\User\AppData\Local\Temp\,Windows Command Processor,,,,,,1,19651,10.0.22621.2506 (WinBuild.160101.0800),"
        MD5=133D568ECCB557E37BEA1459521CBAC2,SHA256=05A30592D2C3421C41121145C6EEFA7C81FEA6B42D6233A522240A8468326B9C,IMPHASH=D73E39DAB3C8B57AA408073D01254964",C:\Windows\System32\cmd.exe,,Medium,0x8000000000000000,4,{f57bd86a-36f9-658c-7bf8-020000000000},0x2f87b,0,Cmd.Exe,"""cmd.exe"" /c cmd.exe /C whoami & wmic useraccount get /ALL
        & quser /SERVER:""localhost"" & quser & qwinsta.exe /server:localhost &
        qwinsta.exe & for /F ""tokens=1,2"" %i in ('qwinsta /server:localhost ^| findstr ""Active
        Disc""') do @echo %i | find /v ""#"" | find /v ""console"" || echo %j > computers.txt &
        @FOR /F %n in (computers.txt) DO @FOR /F ""tokens=1,2"" %i in ('qwinsta /server:%n ^| findstr
        ""Active Disc""') do @echo %i | find /v ""#"" | find /v ""console"" || echo %j > usernames.txt",C:\Windows\System32\cmd.exe,{f57bd86a-6129-658c-5002-000000000f00},3664,WINDEV2309EVAL\User,{f57bd86a-6129-658c-5202-000000000f00},3588,5568,Microsoft® Windows® Operating System,,,,,-,,,,,,2023-12-27T17:38:49.6637168Z,,1,1,5124,WINDEV2309EVAL\User,S-1-5-18,2023-12-27 17:38:49.662,5,"<Event xmlns=""http://schemas.microsoft.com/win/2004/08/events/event"">
    
    
    <System>
      
      
      <Provider Name=""Microsoft-Windows-Sysmon"" Guid=""{5770385f-c22a-43e0-bf4c-06f5698ffbd9}""/>
      
      
      <EventID>1</EventID>
      
      
      <Version>5</Version>
      
      
      <Level>4</Level>
      
      
      <Task>1</Task>
      
      
      <Opcode>0</Opcode>
      
      
      <Keywords>0x8000000000000000</Keywords>
      
      
      <TimeCreated SystemTime=""2023-12-27T17:38:49.6637168Z""/>
      
      
      <EventRecordID>19651</EventRecordID>
      
      
      <Correlation/>
      
      
      <Execution ProcessID=""3588"" ThreadID=""5124""/>
      
      
      <Channel>Microsoft-Windows-Sysmon/Operational</Channel>
      
      
      <Computer>WinDev2309Eval</Computer>
      
      
      <Security UserID=""S-1-5-18""/>
      
    
    </System>
    
    
    <EventData>
      
      
      <Data Name=""RuleName"">-</Data>
      
      
      <Data Name=""UtcTime"">2023-12-27 17:38:49.662</Data>
      
      
      <Data Name=""ProcessGuid"">{f57bd86a-6129-658c-5202-000000000f00}</Data>
      
      
      <Data Name=""ProcessId"">5568</Data>
      
      
      <Data Name=""Image"">C:\Windows\System32\cmd.exe</Data>
      
      
      <Data Name=""FileVersion"">10.0.22621.2506 (WinBuild.160101.0800)</Data>
      
      
      <Data Name=""Description"">Windows Command Processor</Data>
      
      
      <Data Name=""Product"">Microsoft&#174; Windows&#174; Operating System</Data>
      
      
      <Data Name=""Company"">Microsoft Corporation</Data>
      
      
      <Data Name=""OriginalFileName"">Cmd.Exe</Data>
      
      
      <Data Name=""CommandLine"">cmd.exe /C whoami </Data>
      
      
      <Data Name=""CurrentDirectory"">C:\Users\User\AppData\Local\Temp\</Data>
      
      
      <Data Name=""User"">WINDEV2309EVAL\User</Data>
      
      
      <Data Name=""LogonGuid"">{f57bd86a-36f9-658c-7bf8-020000000000}</Data>
      
      
      <Data Name=""LogonId"">0x2f87b</Data>
      
      
      <Data Name=""TerminalSessionId"">1</Data>
      
      
      <Data Name=""IntegrityLevel"">Medium</Data>
      
      
      <Data Name=""Hashes"">
        MD5=133D568ECCB557E37BEA1459521CBAC2,SHA256=05A30592D2C3421C41121145C6EEFA7C81FEA6B42D6233A522240A8468326B9C,IMPHASH=D73E39DAB3C8B57AA408073D01254964</Data>
      
      
      <Data Name=""ParentProcessGuid"">{f57bd86a-6129-658c-5002-000000000f00}</Data>
      
      
      <Data Name=""ParentProcessId"">3664</Data>
      
      
      <Data Name=""ParentImage"">C:\Windows\System32\cmd.exe</Data>
      
      
      <Data Name=""ParentCommandLine"">""cmd.exe"" /c cmd.exe /C whoami &amp; wmic useraccount get /ALL
        &amp; quser /SERVER:""localhost"" &amp; quser &amp; qwinsta.exe /server:localhost &amp;
        qwinsta.exe &amp; for /F ""tokens=1,2"" %i in ('qwinsta /server:localhost ^| findstr ""Active
        Disc""') do @echo %i | find /v ""#"" | find /v ""console"" || echo %j &gt; computers.txt &amp;
        @FOR /F %n in (computers.txt) DO @FOR /F ""tokens=1,2"" %i in ('qwinsta /server:%n ^| findstr
        ""Active Disc""') do @echo %i | find /v ""#"" | find /v ""console"" || echo %j &gt; usernames.txt</Data>
      
      
      <Data Name=""ParentUser"">WINDEV2309EVAL\User</Data>
      
    
    </EventData>
    
  
  </Event>
  
  
  
"
Microsoft-Windows-Sysmon/Operational,"""cmd.exe"" /c cmd.exe /C whoami & wmic useraccount get /ALL &
        quser /SERVER:""localhost"" & quser & qwinsta.exe /server:localhost & qwinsta.exe
        & for /F ""tokens=1,2"" %%i in ('qwinsta /server:localhost ^| findstr ""Active Disc""') do
        @echo %%i | find /v ""#"" | find /v ""console"" || echo %%j > computers.txt & @FOR /F %%n
        in (computers.txt) DO @FOR /F ""tokens=1,2"" %%i in ('qwinsta /server:%%n ^| findstr ""Active
        Disc""') do @echo %%i | find /v ""#"" | find /v ""console"" || echo %%j > usernames.txt",Microsoft Corporation,WinDev2309Eval,,C:\Users\User\AppData\Local\Temp\,Windows Command Processor,,,,,,1,19650,10.0.22621.2506 (WinBuild.160101.0800),"
        MD5=133D568ECCB557E37BEA1459521CBAC2,SHA256=05A30592D2C3421C41121145C6EEFA7C81FEA6B42D6233A522240A8468326B9C,IMPHASH=D73E39DAB3C8B57AA408073D01254964",C:\Windows\System32\cmd.exe,,Medium,0x8000000000000000,4,{f57bd86a-36f9-658c-7bf8-020000000000},0x2f87b,0,Cmd.Exe,-,-,{00000000-0000-0000-0000-000000000000},1688,-,{f57bd86a-6129-658c-5002-000000000f00},3588,3664,Microsoft® Windows® Operating System,,,,,-,,,,,,2023-12-27T17:38:49.6363686Z,,1,1,5124,WINDEV2309EVAL\User,S-1-5-18,2023-12-27 17:38:49.635,5,"<Event xmlns=""http://schemas.microsoft.com/win/2004/08/events/event"">
    
    
    <System>
      
      
      <Provider Name=""Microsoft-Windows-Sysmon"" Guid=""{5770385f-c22a-43e0-bf4c-06f5698ffbd9}""/>
      
      
      <EventID>1</EventID>
      
      
      <Version>5</Version>
      
      
      <Level>4</Level>
      
      
      <Task>1</Task>
      
      
      <Opcode>0</Opcode>
      
      
      <Keywords>0x8000000000000000</Keywords>
      
      
      <TimeCreated SystemTime=""2023-12-27T17:38:49.6363686Z""/>
      
      
      <EventRecordID>19650</EventRecordID>
      
      
      <Correlation/>
      
      
      <Execution ProcessID=""3588"" ThreadID=""5124""/>
      
      
      <Channel>Microsoft-Windows-Sysmon/Operational</Channel>
      
      
      <Computer>WinDev2309Eval</Computer>
      
      
      <Security UserID=""S-1-5-18""/>
      
    
    </System>
    
    
    <EventData>
      
      
      <Data Name=""RuleName"">-</Data>
      
      
      <Data Name=""UtcTime"">2023-12-27 17:38:49.635</Data>
      
      
      <Data Name=""ProcessGuid"">{f57bd86a-6129-658c-5002-000000000f00}</Data>
      
      
      <Data Name=""ProcessId"">3664</Data>
      
      
      <Data Name=""Image"">C:\Windows\System32\cmd.exe</Data>
      
      
      <Data Name=""FileVersion"">10.0.22621.2506 (WinBuild.160101.0800)</Data>
      
      
      <Data Name=""Description"">Windows Command Processor</Data>
      
      
      <Data Name=""Product"">Microsoft&#174; Windows&#174; Operating System</Data>
      
      
      <Data Name=""Company"">Microsoft Corporation</Data>
      
      
      <Data Name=""OriginalFileName"">Cmd.Exe</Data>
      
      
      <Data Name=""CommandLine"">""cmd.exe"" /c cmd.exe /C whoami &amp; wmic useraccount get /ALL &amp;
        quser /SERVER:""localhost"" &amp; quser &amp; qwinsta.exe /server:localhost &amp; qwinsta.exe
        &amp; for /F ""tokens=1,2"" %%i in ('qwinsta /server:localhost ^| findstr ""Active Disc""') do
        @echo %%i | find /v ""#"" | find /v ""console"" || echo %%j &gt; computers.txt &amp; @FOR /F %%n
        in (computers.txt) DO @FOR /F ""tokens=1,2"" %%i in ('qwinsta /server:%%n ^| findstr ""Active
        Disc""') do @echo %%i | find /v ""#"" | find /v ""console"" || echo %%j &gt; usernames.txt</Data>
      
      
      <Data Name=""CurrentDirectory"">C:\Users\User\AppData\Local\Temp\</Data>
      
      
      <Data Name=""User"">WINDEV2309EVAL\User</Data>
      
      
      <Data Name=""LogonGuid"">{f57bd86a-36f9-658c-7bf8-020000000000}</Data>
      
      
      <Data Name=""LogonId"">0x2f87b</Data>
      
      
      <Data Name=""TerminalSessionId"">1</Data>
      
      
      <Data Name=""IntegrityLevel"">Medium</Data>
      
      
      <Data Name=""Hashes"">
        MD5=133D568ECCB557E37BEA1459521CBAC2,SHA256=05A30592D2C3421C41121145C6EEFA7C81FEA6B42D6233A522240A8468326B9C,IMPHASH=D73E39DAB3C8B57AA408073D01254964</Data>
      
      
      <Data Name=""ParentProcessGuid"">{00000000-0000-0000-0000-000000000000}</Data>
      
      
      <Data Name=""ParentProcessId"">1688</Data>
      
      
      <Data Name=""ParentImage"">-</Data>
      
      
      <Data Name=""ParentCommandLine"">-</Data>
      
      
      <Data Name=""ParentUser"">-</Data>
      
    
    </EventData>
    
  
  </Event>
  
  
  
"
Microsoft-Windows-Sysmon/Operational,"""C:\Windows\system32\whoami.exe""",Microsoft Corporation,WinDev2309Eval,,C:\Users\User\,whoami - displays logged on user information,,,,,,1,19649,10.0.22621.1 (WinBuild.160101.0800),"
        MD5=E0F37DB23E4F3163159A815610DF8CF2,SHA256=574BC2A2995FE2B1F732CCD39F2D99460ACE980AF29EFDF1EB0D3E888BE7D6F0,IMPHASH=62935820E434AF643547B7F5F5BD0292",C:\Windows\System32\whoami.exe,,Medium,0x8000000000000000,4,{f57bd86a-36f9-658c-7bf8-020000000000},0x2f87b,0,whoami.exe,-,-,{00000000-0000-0000-0000-000000000000},1688,-,{f57bd86a-6128-658c-4f02-000000000f00},3588,11232,Microsoft® Windows® Operating System,,,,,-,,,,,,2023-12-27T17:38:48.7398187Z,,1,1,5124,WINDEV2309EVAL\User,S-1-5-18,2023-12-27 17:38:48.738,5,"<Event xmlns=""http://schemas.microsoft.com/win/2004/08/events/event"">
    
    
    <System>
      
      
      <Provider Name=""Microsoft-Windows-Sysmon"" Guid=""{5770385f-c22a-43e0-bf4c-06f5698ffbd9}""/>
      
      
      <EventID>1</EventID>
      
      
      <Version>5</Version>
      
      
      <Level>4</Level>
      
      
      <Task>1</Task>
      
      
      <Opcode>0</Opcode>
      
      
      <Keywords>0x8000000000000000</Keywords>
      
      
      <TimeCreated SystemTime=""2023-12-27T17:38:48.7398187Z""/>
      
      
      <EventRecordID>19649</EventRecordID>
      
      
      <Correlation/>
      
      
      <Execution ProcessID=""3588"" ThreadID=""5124""/>
      
      
      <Channel>Microsoft-Windows-Sysmon/Operational</Channel>
      
      
      <Computer>WinDev2309Eval</Computer>
      
      
      <Security UserID=""S-1-5-18""/>
      
    
    </System>
    
    
    <EventData>
      
      
      <Data Name=""RuleName"">-</Data>
      
      
      <Data Name=""UtcTime"">2023-12-27 17:38:48.738</Data>
      
      
      <Data Name=""ProcessGuid"">{f57bd86a-6128-658c-4f02-000000000f00}</Data>
      
      
      <Data Name=""ProcessId"">11232</Data>
      
      
      <Data Name=""Image"">C:\Windows\System32\whoami.exe</Data>
      
      
      <Data Name=""FileVersion"">10.0.22621.1 (WinBuild.160101.0800)</Data>
      
      
      <Data Name=""Description"">whoami - displays logged on user information</Data>
      
      
      <Data Name=""Product"">Microsoft&#174; Windows&#174; Operating System</Data>
      
      
      <Data Name=""Company"">Microsoft Corporation</Data>
      
      
      <Data Name=""OriginalFileName"">whoami.exe</Data>
      
      
      <Data Name=""CommandLine"">""C:\Windows\system32\whoami.exe""</Data>
      
      
      <Data Name=""CurrentDirectory"">C:\Users\User\</Data>
      
      
      <Data Name=""User"">WINDEV2309EVAL\User</Data>
      
      
      <Data Name=""LogonGuid"">{f57bd86a-36f9-658c-7bf8-020000000000}</Data>
      
      
      <Data Name=""LogonId"">0x2f87b</Data>
      
      
      <Data Name=""TerminalSessionId"">1</Data>
      
      
      <Data Name=""IntegrityLevel"">Medium</Data>
      
      
      <Data Name=""Hashes"">
        MD5=E0F37DB23E4F3163159A815610DF8CF2,SHA256=574BC2A2995FE2B1F732CCD39F2D99460ACE980AF29EFDF1EB0D3E888BE7D6F0,IMPHASH=62935820E434AF643547B7F5F5BD0292</Data>
      
      
      <Data Name=""ParentProcessGuid"">{00000000-0000-0000-0000-000000000000}</Data>
      
      
      <Data Name=""ParentProcessId"">1688</Data>
      
      
      <Data Name=""ParentImage"">-</Data>
      
      
      <Data Name=""ParentCommandLine"">-</Data>
      
      
      <Data Name=""ParentUser"">-</Data>
      
    
    </EventData>
    
  
  </Event>
  
  
  
"
