Microsoft-Windows-Sysmon/Operational,taskhostw.exe,Microsoft Corporation,WinDev2309Eval,,C:\Windows\system32\,Host Process for Windows Tasks,,,,,,1,19670,10.0.22621.2792 (WinBuild.160101.0800),"
        MD5=AAA6BA42398B2D70F12F00A110701041,SHA256=58CC5757BB129557652797EA92AEE701DE5C574B22FDCD5DCDDF141CAEEA3C02,IMPHASH=1C4E2D9936E4D9F2490B08AAB4D24260",C:\Windows\System32\taskhostw.exe,,System,0x8000000000000000,4,{f57bd86a-36f5-658c-e703-000000000000},0x3e7,0,taskhostw.exe,C:\Windows\system32\svchost.exe -k netsvcs -p -s Schedule,C:\Windows\System32\svchost.exe,{f57bd86a-36f6-658c-1d00-000000000f00},1496,NT AUTHORITY\SYSTEM,{f57bd86a-612f-658c-6502-000000000f00},3588,1940,Microsoft® Windows® Operating System,,,,,-,,,,,,2023-12-27T17:38:55.7287964Z,,1,0,5124,NT AUTHORITY\SYSTEM,S-1-5-18,2023-12-27 17:38:55.727,5,"<Event xmlns=""http://schemas.microsoft.com/win/2004/08/events/event"">
    
    
    <System>
      
      
      <Provider Name=""Microsoft-Windows-Sysmon"" Guid=""{5770385f-c22a-43e0-bf4c-06f5698ffbd9}""/>
      
      
      <EventID>1</EventID>
      
      
      <Version>5</Version>
      
      
      <Level>4</Level>
      
      
      <Task>1</Task>
      
      
      <Opcode>0</Opcode>
      
      
      <Keywords>0x8000000000000000</Keywords>
      
      
      <TimeCreated SystemTime=""2023-12-27T17:38:55.7287964Z""/>
      
      
      <EventRecordID>19670</EventRecordID>
      
      
      <Correlation/>
      
      
      <Execution ProcessID=""3588"" ThreadID=""5124""/>
      
      
      <Channel>Microsoft-Windows-Sysmon/Operational</Channel>
      
      
      <Computer>WinDev2309Eval</Computer>
      
      
      <Security UserID=""S-1-5-18""/>
      
    
    </System>
    
    
    <EventData>
      
      
      <Data Name=""RuleName"">-</Data>
      
      
      <Data Name=""UtcTime"">2023-12-27 17:38:55.727</Data>
      
      
      <Data Name=""ProcessGuid"">{f57bd86a-612f-658c-6502-000000000f00}</Data>
      
      
      <Data Name=""ProcessId"">1940</Data>
      
      
      <Data Name=""Image"">C:\Windows\System32\taskhostw.exe</Data>
      
      
      <Data Name=""FileVersion"">10.0.22621.2792 (WinBuild.160101.0800)</Data>
      
      
      <Data Name=""Description"">Host Process for Windows Tasks</Data>
      
      
      <Data Name=""Product"">Microsoft&#174; Windows&#174; Operating System</Data>
      
      
      <Data Name=""Company"">Microsoft Corporation</Data>
      
      
      <Data Name=""OriginalFileName"">taskhostw.exe</Data>
      
      
      <Data Name=""CommandLine"">taskhostw.exe</Data>
      
      
      <Data Name=""CurrentDirectory"">C:\Windows\system32\</Data>
      
      
      <Data Name=""User"">NT AUTHORITY\SYSTEM</Data>
      
      
      <Data Name=""LogonGuid"">{f57bd86a-36f5-658c-e703-000000000000}</Data>
      
      
      <Data Name=""LogonId"">0x3e7</Data>
      
      
      <Data Name=""TerminalSessionId"">0</Data>
      
      
      <Data Name=""IntegrityLevel"">System</Data>
      
      
      <Data Name=""Hashes"">
        MD5=AAA6BA42398B2D70F12F00A110701041,SHA256=58CC5757BB129557652797EA92AEE701DE5C574B22FDCD5DCDDF141CAEEA3C02,IMPHASH=1C4E2D9936E4D9F2490B08AAB4D24260</Data>
      
      
      <Data Name=""ParentProcessGuid"">{f57bd86a-36f6-658c-1d00-000000000f00}</Data>
      
      
      <Data Name=""ParentProcessId"">1496</Data>
      
      
      <Data Name=""ParentImage"">C:\Windows\System32\svchost.exe</Data>
      
      
      <Data Name=""ParentCommandLine"">C:\Windows\system32\svchost.exe -k netsvcs -p -s Schedule</Data>
      
      
      <Data Name=""ParentUser"">NT AUTHORITY\SYSTEM</Data>
      
    
    </EventData>
    
  
  </Event>
  
  
  
"
Microsoft-Windows-Sysmon/Operational,"findstr ""Active Disc""",Microsoft Corporation,WinDev2309Eval,,C:\Users\User\AppData\Local\Temp\,Find String (QGREP) Utility,,,,,,1,19669,10.0.22621.1 (WinBuild.160101.0800),"
        MD5=6DB3BB45E7555B0912B668395B2AEF41,SHA256=C9541AF1D88CD6D38F1E6EBA2FD7EACCE3C1181166E50B523ED7CEDB92FEA045,IMPHASH=FAF6C2ABBD03B51B5852A294EAAFC7CE",C:\Windows\System32\findstr.exe,,Medium,0x8000000000000000,4,{f57bd86a-36f9-658c-7bf8-020000000000},0x2f87b,0,FINDSTR.EXE,"C:\Windows\system32\cmd.exe /c qwinsta /server:User | findstr
        ""Active Disc""",C:\Windows\System32\cmd.exe,{f57bd86a-6129-658c-6202-000000000f00},8468,WINDEV2309EVAL\User,{f57bd86a-6129-658c-6402-000000000f00},3588,7544,Microsoft® Windows® Operating System,,,,,-,,,,,,2023-12-27T17:38:49.9574032Z,,1,1,5124,WINDEV2309EVAL\User,S-1-5-18,2023-12-27 17:38:49.956,5,"<Event xmlns=""http://schemas.microsoft.com/win/2004/08/events/event"">
    
    
    <System>
      
      
      <Provider Name=""Microsoft-Windows-Sysmon"" Guid=""{5770385f-c22a-43e0-bf4c-06f5698ffbd9}""/>
      
      
      <EventID>1</EventID>
      
      
      <Version>5</Version>
      
      
      <Level>4</Level>
      
      
      <Task>1</Task>
      
      
      <Opcode>0</Opcode>
      
      
      <Keywords>0x8000000000000000</Keywords>
      
      
      <TimeCreated SystemTime=""2023-12-27T17:38:49.9574032Z""/>
      
      
      <EventRecordID>19669</EventRecordID>
      
      
      <Correlation/>
      
      
      <Execution ProcessID=""3588"" ThreadID=""5124""/>
      
      
      <Channel>Microsoft-Windows-Sysmon/Operational</Channel>
      
      
      <Computer>WinDev2309Eval</Computer>
      
      
      <Security UserID=""S-1-5-18""/>
      
    
    </System>
    
    
    <EventData>
      
      
      <Data Name=""RuleName"">-</Data>
      
      
      <Data Name=""UtcTime"">2023-12-27 17:38:49.956</Data>
      
      
      <Data Name=""ProcessGuid"">{f57bd86a-6129-658c-6402-000000000f00}</Data>
      
      
      <Data Name=""ProcessId"">7544</Data>
      
      
      <Data Name=""Image"">C:\Windows\System32\findstr.exe</Data>
      
      
      <Data Name=""FileVersion"">10.0.22621.1 (WinBuild.160101.0800)</Data>
      
      
      <Data Name=""Description"">Find String (QGREP) Utility</Data>
      
      
      <Data Name=""Product"">Microsoft&#174; Windows&#174; Operating System</Data>
      
      
      <Data Name=""Company"">Microsoft Corporation</Data>
      
      
      <Data Name=""OriginalFileName"">FINDSTR.EXE</Data>
      
      
      <Data Name=""CommandLine"">findstr ""Active Disc""</Data>
      
      
      <Data Name=""CurrentDirectory"">C:\Users\User\AppData\Local\Temp\</Data>
      
      
      <Data Name=""User"">WINDEV2309EVAL\User</Data>
      
      
      <Data Name=""LogonGuid"">{f57bd86a-36f9-658c-7bf8-020000000000}</Data>
      
      
      <Data Name=""LogonId"">0x2f87b</Data>
      
      
      <Data Name=""TerminalSessionId"">1</Data>
      
      
      <Data Name=""IntegrityLevel"">Medium</Data>
      
      
      <Data Name=""Hashes"">
        MD5=6DB3BB45E7555B0912B668395B2AEF41,SHA256=C9541AF1D88CD6D38F1E6EBA2FD7EACCE3C1181166E50B523ED7CEDB92FEA045,IMPHASH=FAF6C2ABBD03B51B5852A294EAAFC7CE</Data>
      
      
      <Data Name=""ParentProcessGuid"">{f57bd86a-6129-658c-6202-000000000f00}</Data>
      
      
      <Data Name=""ParentProcessId"">8468</Data>
      
      
      <Data Name=""ParentImage"">C:\Windows\System32\cmd.exe</Data>
      
      
      <Data Name=""ParentCommandLine"">C:\Windows\system32\cmd.exe /c qwinsta /server:User | findstr
        ""Active Disc""</Data>
      
      
      <Data Name=""ParentUser"">WINDEV2309EVAL\User</Data>
      
    
    </EventData>
    
  
  </Event>
  
  
  
"
Microsoft-Windows-Sysmon/Operational,qwinsta /server:User ,Microsoft Corporation,WinDev2309Eval,,C:\Users\User\AppData\Local\Temp\,Query Session Utility,,,,,,1,19668,10.0.22621.1 (WinBuild.160101.0800),"
        MD5=DD92B9CFA6BC25CACE1B10558FB52838,SHA256=5946174AA0FC611A261A12F4FE2E9116500FAC670C037C81B8D5E434B0F3709C,IMPHASH=D1DB32AE474C00FB7315E2D610E6A740",C:\Windows\System32\qwinsta.exe,,Medium,0x8000000000000000,4,{f57bd86a-36f9-658c-7bf8-020000000000},0x2f87b,0,qwinsta.exe,"C:\Windows\system32\cmd.exe /c qwinsta /server:User | findstr
        ""Active Disc""",C:\Windows\System32\cmd.exe,{f57bd86a-6129-658c-6202-000000000f00},8468,WINDEV2309EVAL\User,{f57bd86a-6129-658c-6302-000000000f00},3588,7320,Microsoft® Windows® Operating System,,,,,-,,,,,,2023-12-27T17:38:49.9549315Z,,1,1,5124,WINDEV2309EVAL\User,S-1-5-18,2023-12-27 17:38:49.954,5,"<Event xmlns=""http://schemas.microsoft.com/win/2004/08/events/event"">
    
    
    <System>
      
      
      <Provider Name=""Microsoft-Windows-Sysmon"" Guid=""{5770385f-c22a-43e0-bf4c-06f5698ffbd9}""/>
      
      
      <EventID>1</EventID>
      
      
      <Version>5</Version>
      
      
      <Level>4</Level>
      
      
      <Task>1</Task>
      
      
      <Opcode>0</Opcode>
      
      
      <Keywords>0x8000000000000000</Keywords>
      
      
      <TimeCreated SystemTime=""2023-12-27T17:38:49.9549315Z""/>
      
      
      <EventRecordID>19668</EventRecordID>
      
      
      <Correlation/>
      
      
      <Execution ProcessID=""3588"" ThreadID=""5124""/>
      
      
      <Channel>Microsoft-Windows-Sysmon/Operational</Channel>
      
      
      <Computer>WinDev2309Eval</Computer>
      
      
      <Security UserID=""S-1-5-18""/>
      
    
    </System>
    
    
    <EventData>
      
      
      <Data Name=""RuleName"">-</Data>
      
      
      <Data Name=""UtcTime"">2023-12-27 17:38:49.954</Data>
      
      
      <Data Name=""ProcessGuid"">{f57bd86a-6129-658c-6302-000000000f00}</Data>
      
      
      <Data Name=""ProcessId"">7320</Data>
      
      
      <Data Name=""Image"">C:\Windows\System32\qwinsta.exe</Data>
      
      
      <Data Name=""FileVersion"">10.0.22621.1 (WinBuild.160101.0800)</Data>
      
      
      <Data Name=""Description"">Query Session Utility</Data>
      
      
      <Data Name=""Product"">Microsoft&#174; Windows&#174; Operating System</Data>
      
      
      <Data Name=""Company"">Microsoft Corporation</Data>
      
      
      <Data Name=""OriginalFileName"">qwinsta.exe</Data>
      
      
      <Data Name=""CommandLine"">qwinsta /server:User </Data>
      
      
      <Data Name=""CurrentDirectory"">C:\Users\User\AppData\Local\Temp\</Data>
      
      
      <Data Name=""User"">WINDEV2309EVAL\User</Data>
      
      
      <Data Name=""LogonGuid"">{f57bd86a-36f9-658c-7bf8-020000000000}</Data>
      
      
      <Data Name=""LogonId"">0x2f87b</Data>
      
      
      <Data Name=""TerminalSessionId"">1</Data>
      
      
      <Data Name=""IntegrityLevel"">Medium</Data>
      
      
      <Data Name=""Hashes"">
        MD5=DD92B9CFA6BC25CACE1B10558FB52838,SHA256=5946174AA0FC611A261A12F4FE2E9116500FAC670C037C81B8D5E434B0F3709C,IMPHASH=D1DB32AE474C00FB7315E2D610E6A740</Data>
      
      
      <Data Name=""ParentProcessGuid"">{f57bd86a-6129-658c-6202-000000000f00}</Data>
      
      
      <Data Name=""ParentProcessId"">8468</Data>
      
      
      <Data Name=""ParentImage"">C:\Windows\System32\cmd.exe</Data>
      
      
      <Data Name=""ParentCommandLine"">C:\Windows\system32\cmd.exe /c qwinsta /server:User | findstr
        ""Active Disc""</Data>
      
      
      <Data Name=""ParentUser"">WINDEV2309EVAL\User</Data>
      
    
    </EventData>
    
  
  </Event>
  
  
  
"
Microsoft-Windows-Sysmon/Operational,"C:\Windows\system32\cmd.exe /c qwinsta /server:User | findstr ""Active
        Disc""",Microsoft Corporation,WinDev2309Eval,,C:\Users\User\AppData\Local\Temp\,Windows Command Processor,,,,,,1,19667,10.0.22621.2506 (WinBuild.160101.0800),"
        MD5=133D568ECCB557E37BEA1459521CBAC2,SHA256=05A30592D2C3421C41121145C6EEFA7C81FEA6B42D6233A522240A8468326B9C,IMPHASH=D73E39DAB3C8B57AA408073D01254964",C:\Windows\System32\cmd.exe,,Medium,0x8000000000000000,4,{f57bd86a-36f9-658c-7bf8-020000000000},0x2f87b,0,Cmd.Exe,"""cmd.exe"" /c cmd.exe /C whoami & wmic useraccount get /ALL
        & quser /SERVER:""localhost"" & quser & qwinsta.exe /server:localhost &
        qwinsta.exe & for /F ""tokens=1,2"" %i in ('qwinsta /server:localhost ^| findstr ""Active
        Disc""') do @echo %i | find /v ""#"" | find /v ""console"" || echo %j > computers.txt &
        @FOR /F %n in (computers.txt) DO @FOR /F ""tokens=1,2"" %i in ('qwinsta /server:%n ^| findstr
        ""Active Disc""') do @echo %i | find /v ""#"" | find /v ""console"" || echo %j > usernames.txt",C:\Windows\System32\cmd.exe,{f57bd86a-6129-658c-5002-000000000f00},3664,WINDEV2309EVAL\User,{f57bd86a-6129-658c-6202-000000000f00},3588,8468,Microsoft® Windows® Operating System,,,,,-,,,,,,2023-12-27T17:38:49.9467333Z,,1,1,5124,WINDEV2309EVAL\User,S-1-5-18,2023-12-27 17:38:49.945,5,"<Event xmlns=""http://schemas.microsoft.com/win/2004/08/events/event"">
    
    
    <System>
      
      
      <Provider Name=""Microsoft-Windows-Sysmon"" Guid=""{5770385f-c22a-43e0-bf4c-06f5698ffbd9}""/>
      
      
      <EventID>1</EventID>
      
      
      <Version>5</Version>
      
      
      <Level>4</Level>
      
      
      <Task>1</Task>
      
      
      <Opcode>0</Opcode>
      
      
      <Keywords>0x8000000000000000</Keywords>
      
      
      <TimeCreated SystemTime=""2023-12-27T17:38:49.9467333Z""/>
      
      
      <EventRecordID>19667</EventRecordID>
      
      
      <Correlation/>
      
      
      <Execution ProcessID=""3588"" ThreadID=""5124""/>
      
      
      <Channel>Microsoft-Windows-Sysmon/Operational</Channel>
      
      
      <Computer>WinDev2309Eval</Computer>
      
      
      <Security UserID=""S-1-5-18""/>
      
    
    </System>
    
    
    <EventData>
      
      
      <Data Name=""RuleName"">-</Data>
      
      
      <Data Name=""UtcTime"">2023-12-27 17:38:49.945</Data>
      
      
      <Data Name=""ProcessGuid"">{f57bd86a-6129-658c-6202-000000000f00}</Data>
      
      
      <Data Name=""ProcessId"">8468</Data>
      
      
      <Data Name=""Image"">C:\Windows\System32\cmd.exe</Data>
      
      
      <Data Name=""FileVersion"">10.0.22621.2506 (WinBuild.160101.0800)</Data>
      
      
      <Data Name=""Description"">Windows Command Processor</Data>
      
      
      <Data Name=""Product"">Microsoft&#174; Windows&#174; Operating System</Data>
      
      
      <Data Name=""Company"">Microsoft Corporation</Data>
      
      
      <Data Name=""OriginalFileName"">Cmd.Exe</Data>
      
      
      <Data Name=""CommandLine"">C:\Windows\system32\cmd.exe /c qwinsta /server:User | findstr ""Active
        Disc""</Data>
      
      
      <Data Name=""CurrentDirectory"">C:\Users\User\AppData\Local\Temp\</Data>
      
      
      <Data Name=""User"">WINDEV2309EVAL\User</Data>
      
      
      <Data Name=""LogonGuid"">{f57bd86a-36f9-658c-7bf8-020000000000}</Data>
      
      
      <Data Name=""LogonId"">0x2f87b</Data>
      
      
      <Data Name=""TerminalSessionId"">1</Data>
      
      
      <Data Name=""IntegrityLevel"">Medium</Data>
      
      
      <Data Name=""Hashes"">
        MD5=133D568ECCB557E37BEA1459521CBAC2,SHA256=05A30592D2C3421C41121145C6EEFA7C81FEA6B42D6233A522240A8468326B9C,IMPHASH=D73E39DAB3C8B57AA408073D01254964</Data>
      
      
      <Data Name=""ParentProcessGuid"">{f57bd86a-6129-658c-5002-000000000f00}</Data>
      
      
      <Data Name=""ParentProcessId"">3664</Data>
      
      
      <Data Name=""ParentImage"">C:\Windows\System32\cmd.exe</Data>
      
      
      <Data Name=""ParentCommandLine"">""cmd.exe"" /c cmd.exe /C whoami &amp; wmic useraccount get /ALL
        &amp; quser /SERVER:""localhost"" &amp; quser &amp; qwinsta.exe /server:localhost &amp;
        qwinsta.exe &amp; for /F ""tokens=1,2"" %i in ('qwinsta /server:localhost ^| findstr ""Active
        Disc""') do @echo %i | find /v ""#"" | find /v ""console"" || echo %j &gt; computers.txt &amp;
        @FOR /F %n in (computers.txt) DO @FOR /F ""tokens=1,2"" %i in ('qwinsta /server:%n ^| findstr
        ""Active Disc""') do @echo %i | find /v ""#"" | find /v ""console"" || echo %j &gt; usernames.txt</Data>
      
      
      <Data Name=""ParentUser"">WINDEV2309EVAL\User</Data>
      
    
    </EventData>
    
  
  </Event>
  
  
  
"
Microsoft-Windows-Sysmon/Operational,"find /v ""console"" ",Microsoft Corporation,WinDev2309Eval,,C:\Users\User\AppData\Local\Temp\,Find String (grep) Utility,,,,,,1,19666,10.0.22621.1 (WinBuild.160101.0800),"
        MD5=9C1BF6713581EFA9D53BFF87723488EB,SHA256=403BE24097601A89AFF97E17B4834D06957FA0E395DD9F9C329A3AFDF515875C,IMPHASH=53D01F599FA823367954405BF5F690B3",C:\Windows\System32\find.exe,,Medium,0x8000000000000000,4,{f57bd86a-36f9-658c-7bf8-020000000000},0x2f87b,0,FIND.EXE,"""cmd.exe"" /c cmd.exe /C whoami & wmic useraccount get /ALL
        & quser /SERVER:""localhost"" & quser & qwinsta.exe /server:localhost &
        qwinsta.exe & for /F ""tokens=1,2"" %i in ('qwinsta /server:localhost ^| findstr ""Active
        Disc""') do @echo %i | find /v ""#"" | find /v ""console"" || echo %j > computers.txt &
        @FOR /F %n in (computers.txt) DO @FOR /F ""tokens=1,2"" %i in ('qwinsta /server:%n ^| findstr
        ""Active Disc""') do @echo %i | find /v ""#"" | find /v ""console"" || echo %j > usernames.txt",C:\Windows\System32\cmd.exe,{f57bd86a-6129-658c-5002-000000000f00},3664,WINDEV2309EVAL\User,{f57bd86a-6129-658c-6102-000000000f00},3588,9844,Microsoft® Windows® Operating System,,,,,-,,,,,,2023-12-27T17:38:49.9376977Z,,1,1,5124,WINDEV2309EVAL\User,S-1-5-18,2023-12-27 17:38:49.936,5,"<Event xmlns=""http://schemas.microsoft.com/win/2004/08/events/event"">
    
    
    <System>
      
      
      <Provider Name=""Microsoft-Windows-Sysmon"" Guid=""{5770385f-c22a-43e0-bf4c-06f5698ffbd9}""/>
      
      
      <EventID>1</EventID>
      
      
      <Version>5</Version>
      
      
      <Level>4</Level>
      
      
      <Task>1</Task>
      
      
      <Opcode>0</Opcode>
      
      
      <Keywords>0x8000000000000000</Keywords>
      
      
      <TimeCreated SystemTime=""2023-12-27T17:38:49.9376977Z""/>
      
      
      <EventRecordID>19666</EventRecordID>
      
      
      <Correlation/>
      
      
      <Execution ProcessID=""3588"" ThreadID=""5124""/>
      
      
      <Channel>Microsoft-Windows-Sysmon/Operational</Channel>
      
      
      <Computer>WinDev2309Eval</Computer>
      
      
      <Security UserID=""S-1-5-18""/>
      
    
    </System>
    
    
    <EventData>
      
      
      <Data Name=""RuleName"">-</Data>
      
      
      <Data Name=""UtcTime"">2023-12-27 17:38:49.936</Data>
      
      
      <Data Name=""ProcessGuid"">{f57bd86a-6129-658c-6102-000000000f00}</Data>
      
      
      <Data Name=""ProcessId"">9844</Data>
      
      
      <Data Name=""Image"">C:\Windows\System32\find.exe</Data>
      
      
      <Data Name=""FileVersion"">10.0.22621.1 (WinBuild.160101.0800)</Data>
      
      
      <Data Name=""Description"">Find String (grep) Utility</Data>
      
      
      <Data Name=""Product"">Microsoft&#174; Windows&#174; Operating System</Data>
      
      
      <Data Name=""Company"">Microsoft Corporation</Data>
      
      
      <Data Name=""OriginalFileName"">FIND.EXE</Data>
      
      
      <Data Name=""CommandLine"">find /v ""console"" </Data>
      
      
      <Data Name=""CurrentDirectory"">C:\Users\User\AppData\Local\Temp\</Data>
      
      
      <Data Name=""User"">WINDEV2309EVAL\User</Data>
      
      
      <Data Name=""LogonGuid"">{f57bd86a-36f9-658c-7bf8-020000000000}</Data>
      
      
      <Data Name=""LogonId"">0x2f87b</Data>
      
      
      <Data Name=""TerminalSessionId"">1</Data>
      
      
      <Data Name=""IntegrityLevel"">Medium</Data>
      
      
      <Data Name=""Hashes"">
        MD5=9C1BF6713581EFA9D53BFF87723488EB,SHA256=403BE24097601A89AFF97E17B4834D06957FA0E395DD9F9C329A3AFDF515875C,IMPHASH=53D01F599FA823367954405BF5F690B3</Data>
      
      
      <Data Name=""ParentProcessGuid"">{f57bd86a-6129-658c-5002-000000000f00}</Data>
      
      
      <Data Name=""ParentProcessId"">3664</Data>
      
      
      <Data Name=""ParentImage"">C:\Windows\System32\cmd.exe</Data>
      
      
      <Data Name=""ParentCommandLine"">""cmd.exe"" /c cmd.exe /C whoami &amp; wmic useraccount get /ALL
        &amp; quser /SERVER:""localhost"" &amp; quser &amp; qwinsta.exe /server:localhost &amp;
        qwinsta.exe &amp; for /F ""tokens=1,2"" %i in ('qwinsta /server:localhost ^| findstr ""Active
        Disc""') do @echo %i | find /v ""#"" | find /v ""console"" || echo %j &gt; computers.txt &amp;
        @FOR /F %n in (computers.txt) DO @FOR /F ""tokens=1,2"" %i in ('qwinsta /server:%n ^| findstr
        ""Active Disc""') do @echo %i | find /v ""#"" | find /v ""console"" || echo %j &gt; usernames.txt</Data>
      
      
      <Data Name=""ParentUser"">WINDEV2309EVAL\User</Data>
      
    
    </EventData>
    
  
  </Event>
  
  
  
"
Microsoft-Windows-Sysmon/Operational,"find /v ""#"" ",Microsoft Corporation,WinDev2309Eval,,C:\Users\User\AppData\Local\Temp\,Find String (grep) Utility,,,,,,1,19665,10.0.22621.1 (WinBuild.160101.0800),"
        MD5=9C1BF6713581EFA9D53BFF87723488EB,SHA256=403BE24097601A89AFF97E17B4834D06957FA0E395DD9F9C329A3AFDF515875C,IMPHASH=53D01F599FA823367954405BF5F690B3",C:\Windows\System32\find.exe,,Medium,0x8000000000000000,4,{f57bd86a-36f9-658c-7bf8-020000000000},0x2f87b,0,FIND.EXE,"""cmd.exe"" /c cmd.exe /C whoami & wmic useraccount get /ALL
        & quser /SERVER:""localhost"" & quser & qwinsta.exe /server:localhost &
        qwinsta.exe & for /F ""tokens=1,2"" %i in ('qwinsta /server:localhost ^| findstr ""Active
        Disc""') do @echo %i | find /v ""#"" | find /v ""console"" || echo %j > computers.txt &
        @FOR /F %n in (computers.txt) DO @FOR /F ""tokens=1,2"" %i in ('qwinsta /server:%n ^| findstr
        ""Active Disc""') do @echo %i | find /v ""#"" | find /v ""console"" || echo %j > usernames.txt",C:\Windows\System32\cmd.exe,{f57bd86a-6129-658c-5002-000000000f00},3664,WINDEV2309EVAL\User,{f57bd86a-6129-658c-6002-000000000f00},3588,9620,Microsoft® Windows® Operating System,,,,,-,,,,,,2023-12-27T17:38:49.9356195Z,,1,1,5124,WINDEV2309EVAL\User,S-1-5-18,2023-12-27 17:38:49.934,5,"<Event xmlns=""http://schemas.microsoft.com/win/2004/08/events/event"">
    
    
    <System>
      
      
      <Provider Name=""Microsoft-Windows-Sysmon"" Guid=""{5770385f-c22a-43e0-bf4c-06f5698ffbd9}""/>
      
      
      <EventID>1</EventID>
      
      
      <Version>5</Version>
      
      
      <Level>4</Level>
      
      
      <Task>1</Task>
      
      
      <Opcode>0</Opcode>
      
      
      <Keywords>0x8000000000000000</Keywords>
      
      
      <TimeCreated SystemTime=""2023-12-27T17:38:49.9356195Z""/>
      
      
      <EventRecordID>19665</EventRecordID>
      
      
      <Correlation/>
      
      
      <Execution ProcessID=""3588"" ThreadID=""5124""/>
      
      
      <Channel>Microsoft-Windows-Sysmon/Operational</Channel>
      
      
      <Computer>WinDev2309Eval</Computer>
      
      
      <Security UserID=""S-1-5-18""/>
      
    
    </System>
    
    
    <EventData>
      
      
      <Data Name=""RuleName"">-</Data>
      
      
      <Data Name=""UtcTime"">2023-12-27 17:38:49.934</Data>
      
      
      <Data Name=""ProcessGuid"">{f57bd86a-6129-658c-6002-000000000f00}</Data>
      
      
      <Data Name=""ProcessId"">9620</Data>
      
      
      <Data Name=""Image"">C:\Windows\System32\find.exe</Data>
      
      
      <Data Name=""FileVersion"">10.0.22621.1 (WinBuild.160101.0800)</Data>
      
      
      <Data Name=""Description"">Find String (grep) Utility</Data>
      
      
      <Data Name=""Product"">Microsoft&#174; Windows&#174; Operating System</Data>
      
      
      <Data Name=""Company"">Microsoft Corporation</Data>
      
      
      <Data Name=""OriginalFileName"">FIND.EXE</Data>
      
      
      <Data Name=""CommandLine"">find /v ""#"" </Data>
      
      
      <Data Name=""CurrentDirectory"">C:\Users\User\AppData\Local\Temp\</Data>
      
      
      <Data Name=""User"">WINDEV2309EVAL\User</Data>
      
      
      <Data Name=""LogonGuid"">{f57bd86a-36f9-658c-7bf8-020000000000}</Data>
      
      
      <Data Name=""LogonId"">0x2f87b</Data>
      
      
      <Data Name=""TerminalSessionId"">1</Data>
      
      
      <Data Name=""IntegrityLevel"">Medium</Data>
      
      
      <Data Name=""Hashes"">
        MD5=9C1BF6713581EFA9D53BFF87723488EB,SHA256=403BE24097601A89AFF97E17B4834D06957FA0E395DD9F9C329A3AFDF515875C,IMPHASH=53D01F599FA823367954405BF5F690B3</Data>
      
      
      <Data Name=""ParentProcessGuid"">{f57bd86a-6129-658c-5002-000000000f00}</Data>
      
      
      <Data Name=""ParentProcessId"">3664</Data>
      
      
      <Data Name=""ParentImage"">C:\Windows\System32\cmd.exe</Data>
      
      
      <Data Name=""ParentCommandLine"">""cmd.exe"" /c cmd.exe /C whoami &amp; wmic useraccount get /ALL
        &amp; quser /SERVER:""localhost"" &amp; quser &amp; qwinsta.exe /server:localhost &amp;
        qwinsta.exe &amp; for /F ""tokens=1,2"" %i in ('qwinsta /server:localhost ^| findstr ""Active
        Disc""') do @echo %i | find /v ""#"" | find /v ""console"" || echo %j &gt; computers.txt &amp;
        @FOR /F %n in (computers.txt) DO @FOR /F ""tokens=1,2"" %i in ('qwinsta /server:%n ^| findstr
        ""Active Disc""') do @echo %i | find /v ""#"" | find /v ""console"" || echo %j &gt; usernames.txt</Data>
      
      
      <Data Name=""ParentUser"">WINDEV2309EVAL\User</Data>
      
    
    </EventData>
    
  
  </Event>
  
  
  
"
Microsoft-Windows-Sysmon/Operational,"C:\Windows\system32\cmd.exe /S /D /c"" echo console """,Microsoft Corporation,WinDev2309Eval,,C:\Users\User\AppData\Local\Temp\,Windows Command Processor,,,,,,1,19664,10.0.22621.2506 (WinBuild.160101.0800),"
        MD5=133D568ECCB557E37BEA1459521CBAC2,SHA256=05A30592D2C3421C41121145C6EEFA7C81FEA6B42D6233A522240A8468326B9C,IMPHASH=D73E39DAB3C8B57AA408073D01254964",C:\Windows\System32\cmd.exe,,Medium,0x8000000000000000,4,{f57bd86a-36f9-658c-7bf8-020000000000},0x2f87b,0,Cmd.Exe,"""cmd.exe"" /c cmd.exe /C whoami & wmic useraccount get /ALL
        & quser /SERVER:""localhost"" & quser & qwinsta.exe /server:localhost &
        qwinsta.exe & for /F ""tokens=1,2"" %i in ('qwinsta /server:localhost ^| findstr ""Active
        Disc""') do @echo %i | find /v ""#"" | find /v ""console"" || echo %j > computers.txt &
        @FOR /F %n in (computers.txt) DO @FOR /F ""tokens=1,2"" %i in ('qwinsta /server:%n ^| findstr
        ""Active Disc""') do @echo %i | find /v ""#"" | find /v ""console"" || echo %j > usernames.txt",C:\Windows\System32\cmd.exe,{f57bd86a-6129-658c-5002-000000000f00},3664,WINDEV2309EVAL\User,{f57bd86a-6129-658c-5f02-000000000f00},3588,4956,Microsoft® Windows® Operating System,,,,,-,,,,,,2023-12-27T17:38:49.9334426Z,,1,1,5124,WINDEV2309EVAL\User,S-1-5-18,2023-12-27 17:38:49.932,5,"<Event xmlns=""http://schemas.microsoft.com/win/2004/08/events/event"">
    
    
    <System>
      
      
      <Provider Name=""Microsoft-Windows-Sysmon"" Guid=""{5770385f-c22a-43e0-bf4c-06f5698ffbd9}""/>
      
      
      <EventID>1</EventID>
      
      
      <Version>5</Version>
      
      
      <Level>4</Level>
      
      
      <Task>1</Task>
      
      
      <Opcode>0</Opcode>
      
      
      <Keywords>0x8000000000000000</Keywords>
      
      
      <TimeCreated SystemTime=""2023-12-27T17:38:49.9334426Z""/>
      
      
      <EventRecordID>19664</EventRecordID>
      
      
      <Correlation/>
      
      
      <Execution ProcessID=""3588"" ThreadID=""5124""/>
      
      
      <Channel>Microsoft-Windows-Sysmon/Operational</Channel>
      
      
      <Computer>WinDev2309Eval</Computer>
      
      
      <Security UserID=""S-1-5-18""/>
      
    
    </System>
    
    
    <EventData>
      
      
      <Data Name=""RuleName"">-</Data>
      
      
      <Data Name=""UtcTime"">2023-12-27 17:38:49.932</Data>
      
      
      <Data Name=""ProcessGuid"">{f57bd86a-6129-658c-5f02-000000000f00}</Data>
      
      
      <Data Name=""ProcessId"">4956</Data>
      
      
      <Data Name=""Image"">C:\Windows\System32\cmd.exe</Data>
      
      
      <Data Name=""FileVersion"">10.0.22621.2506 (WinBuild.160101.0800)</Data>
      
      
      <Data Name=""Description"">Windows Command Processor</Data>
      
      
      <Data Name=""Product"">Microsoft&#174; Windows&#174; Operating System</Data>
      
      
      <Data Name=""Company"">Microsoft Corporation</Data>
      
      
      <Data Name=""OriginalFileName"">Cmd.Exe</Data>
      
      
      <Data Name=""CommandLine"">C:\Windows\system32\cmd.exe /S /D /c"" echo console ""</Data>
      
      
      <Data Name=""CurrentDirectory"">C:\Users\User\AppData\Local\Temp\</Data>
      
      
      <Data Name=""User"">WINDEV2309EVAL\User</Data>
      
      
      <Data Name=""LogonGuid"">{f57bd86a-36f9-658c-7bf8-020000000000}</Data>
      
      
      <Data Name=""LogonId"">0x2f87b</Data>
      
      
      <Data Name=""TerminalSessionId"">1</Data>
      
      
      <Data Name=""IntegrityLevel"">Medium</Data>
      
      
      <Data Name=""Hashes"">
        MD5=133D568ECCB557E37BEA1459521CBAC2,SHA256=05A30592D2C3421C41121145C6EEFA7C81FEA6B42D6233A522240A8468326B9C,IMPHASH=D73E39DAB3C8B57AA408073D01254964</Data>
      
      
      <Data Name=""ParentProcessGuid"">{f57bd86a-6129-658c-5002-000000000f00}</Data>
      
      
      <Data Name=""ParentProcessId"">3664</Data>
      
      
      <Data Name=""ParentImage"">C:\Windows\System32\cmd.exe</Data>
      
      
      <Data Name=""ParentCommandLine"">""cmd.exe"" /c cmd.exe /C whoami &amp; wmic useraccount get /ALL
        &amp; quser /SERVER:""localhost"" &amp; quser &amp; qwinsta.exe /server:localhost &amp;
        qwinsta.exe &amp; for /F ""tokens=1,2"" %i in ('qwinsta /server:localhost ^| findstr ""Active
        Disc""') do @echo %i | find /v ""#"" | find /v ""console"" || echo %j &gt; computers.txt &amp;
        @FOR /F %n in (computers.txt) DO @FOR /F ""tokens=1,2"" %i in ('qwinsta /server:%n ^| findstr
        ""Active Disc""') do @echo %i | find /v ""#"" | find /v ""console"" || echo %j &gt; usernames.txt</Data>
      
      
      <Data Name=""ParentUser"">WINDEV2309EVAL\User</Data>
      
    
    </EventData>
    
  
  </Event>
  
  
  
"
Microsoft-Windows-Sysmon/Operational,"find /v ""console"" ",Microsoft Corporation,WinDev2309Eval,,C:\Users\User\AppData\Local\Temp\,Find String (grep) Utility,,,,,,1,19663,10.0.22621.1 (WinBuild.160101.0800),"
        MD5=9C1BF6713581EFA9D53BFF87723488EB,SHA256=403BE24097601A89AFF97E17B4834D06957FA0E395DD9F9C329A3AFDF515875C,IMPHASH=53D01F599FA823367954405BF5F690B3",C:\Windows\System32\find.exe,,Medium,0x8000000000000000,4,{f57bd86a-36f9-658c-7bf8-020000000000},0x2f87b,0,FIND.EXE,"""cmd.exe"" /c cmd.exe /C whoami & wmic useraccount get /ALL
        & quser /SERVER:""localhost"" & quser & qwinsta.exe /server:localhost &
        qwinsta.exe & for /F ""tokens=1,2"" %i in ('qwinsta /server:localhost ^| findstr ""Active
        Disc""') do @echo %i | find /v ""#"" | find /v ""console"" || echo %j > computers.txt &
        @FOR /F %n in (computers.txt) DO @FOR /F ""tokens=1,2"" %i in ('qwinsta /server:%n ^| findstr
        ""Active Disc""') do @echo %i | find /v ""#"" | find /v ""console"" || echo %j > usernames.txt",C:\Windows\System32\cmd.exe,{f57bd86a-6129-658c-5002-000000000f00},3664,WINDEV2309EVAL\User,{f57bd86a-6129-658c-5e02-000000000f00},3588,4620,Microsoft® Windows® Operating System,,,,,-,,,,,,2023-12-27T17:38:49.9229241Z,,1,1,5124,WINDEV2309EVAL\User,S-1-5-18,2023-12-27 17:38:49.922,5,"<Event xmlns=""http://schemas.microsoft.com/win/2004/08/events/event"">
    
    
    <System>
      
      
      <Provider Name=""Microsoft-Windows-Sysmon"" Guid=""{5770385f-c22a-43e0-bf4c-06f5698ffbd9}""/>
      
      
      <EventID>1</EventID>
      
      
      <Version>5</Version>
      
      
      <Level>4</Level>
      
      
      <Task>1</Task>
      
      
      <Opcode>0</Opcode>
      
      
      <Keywords>0x8000000000000000</Keywords>
      
      
      <TimeCreated SystemTime=""2023-12-27T17:38:49.9229241Z""/>
      
      
      <EventRecordID>19663</EventRecordID>
      
      
      <Correlation/>
      
      
      <Execution ProcessID=""3588"" ThreadID=""5124""/>
      
      
      <Channel>Microsoft-Windows-Sysmon/Operational</Channel>
      
      
      <Computer>WinDev2309Eval</Computer>
      
      
      <Security UserID=""S-1-5-18""/>
      
    
    </System>
    
    
    <EventData>
      
      
      <Data Name=""RuleName"">-</Data>
      
      
      <Data Name=""UtcTime"">2023-12-27 17:38:49.922</Data>
      
      
      <Data Name=""ProcessGuid"">{f57bd86a-6129-658c-5e02-000000000f00}</Data>
      
      
      <Data Name=""ProcessId"">4620</Data>
      
      
      <Data Name=""Image"">C:\Windows\System32\find.exe</Data>
      
      
      <Data Name=""FileVersion"">10.0.22621.1 (WinBuild.160101.0800)</Data>
      
      
      <Data Name=""Description"">Find String (grep) Utility</Data>
      
      
      <Data Name=""Product"">Microsoft&#174; Windows&#174; Operating System</Data>
      
      
      <Data Name=""Company"">Microsoft Corporation</Data>
      
      
      <Data Name=""OriginalFileName"">FIND.EXE</Data>
      
      
      <Data Name=""CommandLine"">find /v ""console"" </Data>
      
      
      <Data Name=""CurrentDirectory"">C:\Users\User\AppData\Local\Temp\</Data>
      
      
      <Data Name=""User"">WINDEV2309EVAL\User</Data>
      
      
      <Data Name=""LogonGuid"">{f57bd86a-36f9-658c-7bf8-020000000000}</Data>
      
      
      <Data Name=""LogonId"">0x2f87b</Data>
      
      
      <Data Name=""TerminalSessionId"">1</Data>
      
      
      <Data Name=""IntegrityLevel"">Medium</Data>
      
      
      <Data Name=""Hashes"">
        MD5=9C1BF6713581EFA9D53BFF87723488EB,SHA256=403BE24097601A89AFF97E17B4834D06957FA0E395DD9F9C329A3AFDF515875C,IMPHASH=53D01F599FA823367954405BF5F690B3</Data>
      
      
      <Data Name=""ParentProcessGuid"">{f57bd86a-6129-658c-5002-000000000f00}</Data>
      
      
      <Data Name=""ParentProcessId"">3664</Data>
      
      
      <Data Name=""ParentImage"">C:\Windows\System32\cmd.exe</Data>
      
      
      <Data Name=""ParentCommandLine"">""cmd.exe"" /c cmd.exe /C whoami &amp; wmic useraccount get /ALL
        &amp; quser /SERVER:""localhost"" &amp; quser &amp; qwinsta.exe /server:localhost &amp;
        qwinsta.exe &amp; for /F ""tokens=1,2"" %i in ('qwinsta /server:localhost ^| findstr ""Active
        Disc""') do @echo %i | find /v ""#"" | find /v ""console"" || echo %j &gt; computers.txt &amp;
        @FOR /F %n in (computers.txt) DO @FOR /F ""tokens=1,2"" %i in ('qwinsta /server:%n ^| findstr
        ""Active Disc""') do @echo %i | find /v ""#"" | find /v ""console"" || echo %j &gt; usernames.txt</Data>
      
      
      <Data Name=""ParentUser"">WINDEV2309EVAL\User</Data>
      
    
    </EventData>
    
  
  </Event>
  
  
  
"
Microsoft-Windows-Sysmon/Operational,"find /v ""#"" ",Microsoft Corporation,WinDev2309Eval,,C:\Users\User\AppData\Local\Temp\,Find String (grep) Utility,,,,,,1,19662,10.0.22621.1 (WinBuild.160101.0800),"
        MD5=9C1BF6713581EFA9D53BFF87723488EB,SHA256=403BE24097601A89AFF97E17B4834D06957FA0E395DD9F9C329A3AFDF515875C,IMPHASH=53D01F599FA823367954405BF5F690B3",C:\Windows\System32\find.exe,,Medium,0x8000000000000000,4,{f57bd86a-36f9-658c-7bf8-020000000000},0x2f87b,0,FIND.EXE,"""cmd.exe"" /c cmd.exe /C whoami & wmic useraccount get /ALL
        & quser /SERVER:""localhost"" & quser & qwinsta.exe /server:localhost &
        qwinsta.exe & for /F ""tokens=1,2"" %i in ('qwinsta /server:localhost ^| findstr ""Active
        Disc""') do @echo %i | find /v ""#"" | find /v ""console"" || echo %j > computers.txt &
        @FOR /F %n in (computers.txt) DO @FOR /F ""tokens=1,2"" %i in ('qwinsta /server:%n ^| findstr
        ""Active Disc""') do @echo %i | find /v ""#"" | find /v ""console"" || echo %j > usernames.txt",C:\Windows\System32\cmd.exe,{f57bd86a-6129-658c-5002-000000000f00},3664,WINDEV2309EVAL\User,{f57bd86a-6129-658c-5d02-000000000f00},3588,3648,Microsoft® Windows® Operating System,,,,,-,,,,,,2023-12-27T17:38:49.9204742Z,,1,1,5124,WINDEV2309EVAL\User,S-1-5-18,2023-12-27 17:38:49.919,5,"<Event xmlns=""http://schemas.microsoft.com/win/2004/08/events/event"">
    
    
    <System>
      
      
      <Provider Name=""Microsoft-Windows-Sysmon"" Guid=""{5770385f-c22a-43e0-bf4c-06f5698ffbd9}""/>
      
      
      <EventID>1</EventID>
      
      
      <Version>5</Version>
      
      
      <Level>4</Level>
      
      
      <Task>1</Task>
      
      
      <Opcode>0</Opcode>
      
      
      <Keywords>0x8000000000000000</Keywords>
      
      
      <TimeCreated SystemTime=""2023-12-27T17:38:49.9204742Z""/>
      
      
      <EventRecordID>19662</EventRecordID>
      
      
      <Correlation/>
      
      
      <Execution ProcessID=""3588"" ThreadID=""5124""/>
      
      
      <Channel>Microsoft-Windows-Sysmon/Operational</Channel>
      
      
      <Computer>WinDev2309Eval</Computer>
      
      
      <Security UserID=""S-1-5-18""/>
      
    
    </System>
    
    
    <EventData>
      
      
      <Data Name=""RuleName"">-</Data>
      
      
      <Data Name=""UtcTime"">2023-12-27 17:38:49.919</Data>
      
      
      <Data Name=""ProcessGuid"">{f57bd86a-6129-658c-5d02-000000000f00}</Data>
      
      
      <Data Name=""ProcessId"">3648</Data>
      
      
      <Data Name=""Image"">C:\Windows\System32\find.exe</Data>
      
      
      <Data Name=""FileVersion"">10.0.22621.1 (WinBuild.160101.0800)</Data>
      
      
      <Data Name=""Description"">Find String (grep) Utility</Data>
      
      
      <Data Name=""Product"">Microsoft&#174; Windows&#174; Operating System</Data>
      
      
      <Data Name=""Company"">Microsoft Corporation</Data>
      
      
      <Data Name=""OriginalFileName"">FIND.EXE</Data>
      
      
      <Data Name=""CommandLine"">find /v ""#"" </Data>
      
      
      <Data Name=""CurrentDirectory"">C:\Users\User\AppData\Local\Temp\</Data>
      
      
      <Data Name=""User"">WINDEV2309EVAL\User</Data>
      
      
      <Data Name=""LogonGuid"">{f57bd86a-36f9-658c-7bf8-020000000000}</Data>
      
      
      <Data Name=""LogonId"">0x2f87b</Data>
      
      
      <Data Name=""TerminalSessionId"">1</Data>
      
      
      <Data Name=""IntegrityLevel"">Medium</Data>
      
      
      <Data Name=""Hashes"">
        MD5=9C1BF6713581EFA9D53BFF87723488EB,SHA256=403BE24097601A89AFF97E17B4834D06957FA0E395DD9F9C329A3AFDF515875C,IMPHASH=53D01F599FA823367954405BF5F690B3</Data>
      
      
      <Data Name=""ParentProcessGuid"">{f57bd86a-6129-658c-5002-000000000f00}</Data>
      
      
      <Data Name=""ParentProcessId"">3664</Data>
      
      
      <Data Name=""ParentImage"">C:\Windows\System32\cmd.exe</Data>
      
      
      <Data Name=""ParentCommandLine"">""cmd.exe"" /c cmd.exe /C whoami &amp; wmic useraccount get /ALL
        &amp; quser /SERVER:""localhost"" &amp; quser &amp; qwinsta.exe /server:localhost &amp;
        qwinsta.exe &amp; for /F ""tokens=1,2"" %i in ('qwinsta /server:localhost ^| findstr ""Active
        Disc""') do @echo %i | find /v ""#"" | find /v ""console"" || echo %j &gt; computers.txt &amp;
        @FOR /F %n in (computers.txt) DO @FOR /F ""tokens=1,2"" %i in ('qwinsta /server:%n ^| findstr
        ""Active Disc""') do @echo %i | find /v ""#"" | find /v ""console"" || echo %j &gt; usernames.txt</Data>
      
      
      <Data Name=""ParentUser"">WINDEV2309EVAL\User</Data>
      
    
    </EventData>
    
  
  </Event>
  
  
  
"
Microsoft-Windows-Sysmon/Operational,"C:\Windows\system32\cmd.exe /S /D /c"" echo services """,Microsoft Corporation,WinDev2309Eval,,C:\Users\User\AppData\Local\Temp\,Windows Command Processor,,,,,,1,19661,10.0.22621.2506 (WinBuild.160101.0800),"
        MD5=133D568ECCB557E37BEA1459521CBAC2,SHA256=05A30592D2C3421C41121145C6EEFA7C81FEA6B42D6233A522240A8468326B9C,IMPHASH=D73E39DAB3C8B57AA408073D01254964",C:\Windows\System32\cmd.exe,,Medium,0x8000000000000000,4,{f57bd86a-36f9-658c-7bf8-020000000000},0x2f87b,0,Cmd.Exe,"""cmd.exe"" /c cmd.exe /C whoami & wmic useraccount get /ALL
        & quser /SERVER:""localhost"" & quser & qwinsta.exe /server:localhost &
        qwinsta.exe & for /F ""tokens=1,2"" %i in ('qwinsta /server:localhost ^| findstr ""Active
        Disc""') do @echo %i | find /v ""#"" | find /v ""console"" || echo %j > computers.txt &
        @FOR /F %n in (computers.txt) DO @FOR /F ""tokens=1,2"" %i in ('qwinsta /server:%n ^| findstr
        ""Active Disc""') do @echo %i | find /v ""#"" | find /v ""console"" || echo %j > usernames.txt",C:\Windows\System32\cmd.exe,{f57bd86a-6129-658c-5002-000000000f00},3664,WINDEV2309EVAL\User,{f57bd86a-6129-658c-5c02-000000000f00},3588,9776,Microsoft® Windows® Operating System,,,,,-,,,,,,2023-12-27T17:38:49.9172959Z,,1,1,5124,WINDEV2309EVAL\User,S-1-5-18,2023-12-27 17:38:49.916,5,"<Event xmlns=""http://schemas.microsoft.com/win/2004/08/events/event"">
    
    
    <System>
      
      
      <Provider Name=""Microsoft-Windows-Sysmon"" Guid=""{5770385f-c22a-43e0-bf4c-06f5698ffbd9}""/>
      
      
      <EventID>1</EventID>
      
      
      <Version>5</Version>
      
      
      <Level>4</Level>
      
      
      <Task>1</Task>
      
      
      <Opcode>0</Opcode>
      
      
      <Keywords>0x8000000000000000</Keywords>
      
      
      <TimeCreated SystemTime=""2023-12-27T17:38:49.9172959Z""/>
      
      
      <EventRecordID>19661</EventRecordID>
      
      
      <Correlation/>
      
      
      <Execution ProcessID=""3588"" ThreadID=""5124""/>
      
      
      <Channel>Microsoft-Windows-Sysmon/Operational</Channel>
      
      
      <Computer>WinDev2309Eval</Computer>
      
      
      <Security UserID=""S-1-5-18""/>
      
    
    </System>
    
    
    <EventData>
      
      
      <Data Name=""RuleName"">-</Data>
      
      
      <Data Name=""UtcTime"">2023-12-27 17:38:49.916</Data>
      
      
      <Data Name=""ProcessGuid"">{f57bd86a-6129-658c-5c02-000000000f00}</Data>
      
      
      <Data Name=""ProcessId"">9776</Data>
      
      
      <Data Name=""Image"">C:\Windows\System32\cmd.exe</Data>
      
      
      <Data Name=""FileVersion"">10.0.22621.2506 (WinBuild.160101.0800)</Data>
      
      
      <Data Name=""Description"">Windows Command Processor</Data>
      
      
      <Data Name=""Product"">Microsoft&#174; Windows&#174; Operating System</Data>
      
      
      <Data Name=""Company"">Microsoft Corporation</Data>
      
      
      <Data Name=""OriginalFileName"">Cmd.Exe</Data>
      
      
      <Data Name=""CommandLine"">C:\Windows\system32\cmd.exe /S /D /c"" echo services ""</Data>
      
      
      <Data Name=""CurrentDirectory"">C:\Users\User\AppData\Local\Temp\</Data>
      
      
      <Data Name=""User"">WINDEV2309EVAL\User</Data>
      
      
      <Data Name=""LogonGuid"">{f57bd86a-36f9-658c-7bf8-020000000000}</Data>
      
      
      <Data Name=""LogonId"">0x2f87b</Data>
      
      
      <Data Name=""TerminalSessionId"">1</Data>
      
      
      <Data Name=""IntegrityLevel"">Medium</Data>
      
      
      <Data Name=""Hashes"">
        MD5=133D568ECCB557E37BEA1459521CBAC2,SHA256=05A30592D2C3421C41121145C6EEFA7C81FEA6B42D6233A522240A8468326B9C,IMPHASH=D73E39DAB3C8B57AA408073D01254964</Data>
      
      
      <Data Name=""ParentProcessGuid"">{f57bd86a-6129-658c-5002-000000000f00}</Data>
      
      
      <Data Name=""ParentProcessId"">3664</Data>
      
      
      <Data Name=""ParentImage"">C:\Windows\System32\cmd.exe</Data>
      
      
      <Data Name=""ParentCommandLine"">""cmd.exe"" /c cmd.exe /C whoami &amp; wmic useraccount get /ALL
        &amp; quser /SERVER:""localhost"" &amp; quser &amp; qwinsta.exe /server:localhost &amp;
        qwinsta.exe &amp; for /F ""tokens=1,2"" %i in ('qwinsta /server:localhost ^| findstr ""Active
        Disc""') do @echo %i | find /v ""#"" | find /v ""console"" || echo %j &gt; computers.txt &amp;
        @FOR /F %n in (computers.txt) DO @FOR /F ""tokens=1,2"" %i in ('qwinsta /server:%n ^| findstr
        ""Active Disc""') do @echo %i | find /v ""#"" | find /v ""console"" || echo %j &gt; usernames.txt</Data>
      
      
      <Data Name=""ParentUser"">WINDEV2309EVAL\User</Data>
      
    
    </EventData>
    
  
  </Event>
  
  
  
"
Microsoft-Windows-Sysmon/Operational,"findstr ""Active Disc""",Microsoft Corporation,WinDev2309Eval,,C:\Users\User\AppData\Local\Temp\,Find String (QGREP) Utility,,,,,,1,19660,10.0.22621.1 (WinBuild.160101.0800),"
        MD5=6DB3BB45E7555B0912B668395B2AEF41,SHA256=C9541AF1D88CD6D38F1E6EBA2FD7EACCE3C1181166E50B523ED7CEDB92FEA045,IMPHASH=FAF6C2ABBD03B51B5852A294EAAFC7CE",C:\Windows\System32\findstr.exe,,Medium,0x8000000000000000,4,{f57bd86a-36f9-658c-7bf8-020000000000},0x2f87b,0,FINDSTR.EXE,"C:\Windows\system32\cmd.exe /c qwinsta /server:localhost |
        findstr ""Active Disc""",C:\Windows\System32\cmd.exe,{f57bd86a-6129-658c-5902-000000000f00},7496,WINDEV2309EVAL\User,{f57bd86a-6129-658c-5b02-000000000f00},3588,5880,Microsoft® Windows® Operating System,,,,,-,,,,,,2023-12-27T17:38:49.8913339Z,,1,1,5124,WINDEV2309EVAL\User,S-1-5-18,2023-12-27 17:38:49.890,5,"<Event xmlns=""http://schemas.microsoft.com/win/2004/08/events/event"">
    
    
    <System>
      
      
      <Provider Name=""Microsoft-Windows-Sysmon"" Guid=""{5770385f-c22a-43e0-bf4c-06f5698ffbd9}""/>
      
      
      <EventID>1</EventID>
      
      
      <Version>5</Version>
      
      
      <Level>4</Level>
      
      
      <Task>1</Task>
      
      
      <Opcode>0</Opcode>
      
      
      <Keywords>0x8000000000000000</Keywords>
      
      
      <TimeCreated SystemTime=""2023-12-27T17:38:49.8913339Z""/>
      
      
      <EventRecordID>19660</EventRecordID>
      
      
      <Correlation/>
      
      
      <Execution ProcessID=""3588"" ThreadID=""5124""/>
      
      
      <Channel>Microsoft-Windows-Sysmon/Operational</Channel>
      
      
      <Computer>WinDev2309Eval</Computer>
      
      
      <Security UserID=""S-1-5-18""/>
      
    
    </System>
    
    
    <EventData>
      
      
      <Data Name=""RuleName"">-</Data>
      
      
      <Data Name=""UtcTime"">2023-12-27 17:38:49.890</Data>
      
      
      <Data Name=""ProcessGuid"">{f57bd86a-6129-658c-5b02-000000000f00}</Data>
      
      
      <Data Name=""ProcessId"">5880</Data>
      
      
      <Data Name=""Image"">C:\Windows\System32\findstr.exe</Data>
      
      
      <Data Name=""FileVersion"">10.0.22621.1 (WinBuild.160101.0800)</Data>
      
      
      <Data Name=""Description"">Find String (QGREP) Utility</Data>
      
      
      <Data Name=""Product"">Microsoft&#174; Windows&#174; Operating System</Data>
      
      
      <Data Name=""Company"">Microsoft Corporation</Data>
      
      
      <Data Name=""OriginalFileName"">FINDSTR.EXE</Data>
      
      
      <Data Name=""CommandLine"">findstr ""Active Disc""</Data>
      
      
      <Data Name=""CurrentDirectory"">C:\Users\User\AppData\Local\Temp\</Data>
      
      
      <Data Name=""User"">WINDEV2309EVAL\User</Data>
      
      
      <Data Name=""LogonGuid"">{f57bd86a-36f9-658c-7bf8-020000000000}</Data>
      
      
      <Data Name=""LogonId"">0x2f87b</Data>
      
      
      <Data Name=""TerminalSessionId"">1</Data>
      
      
      <Data Name=""IntegrityLevel"">Medium</Data>
      
      
      <Data Name=""Hashes"">
        MD5=6DB3BB45E7555B0912B668395B2AEF41,SHA256=C9541AF1D88CD6D38F1E6EBA2FD7EACCE3C1181166E50B523ED7CEDB92FEA045,IMPHASH=FAF6C2ABBD03B51B5852A294EAAFC7CE</Data>
      
      
      <Data Name=""ParentProcessGuid"">{f57bd86a-6129-658c-5902-000000000f00}</Data>
      
      
      <Data Name=""ParentProcessId"">7496</Data>
      
      
      <Data Name=""ParentImage"">C:\Windows\System32\cmd.exe</Data>
      
      
      <Data Name=""ParentCommandLine"">C:\Windows\system32\cmd.exe /c qwinsta /server:localhost |
        findstr ""Active Disc""</Data>
      
      
      <Data Name=""ParentUser"">WINDEV2309EVAL\User</Data>
      
    
    </EventData>
    
  
  </Event>
  
  
  
"
