Channel,CommandLine,Company,Computer,CreationUtcTime,CurrentDirectory,Description,EventID,EventRecordID,FileVersion,Hashes,Image,IntegrityLevel,Keywords,Level,LogonGuid,LogonId,Opcode,OriginalFileName,ParentCommandLine,ParentImage,ParentProcessGuid,ParentProcessId,ParentUser,ProcessGuid,ProcessID,ProcessId,Product,QueryName,QueryResults,QueryStatus,RuleName,SystemTime,TargetFilename,Task,TerminalSessionId,ThreadID,User,UserID,UtcTime,Version,raw
Microsoft-Windows-Sysmon/Operational,"""C:\Windows\system32\appidcertstorecheck.exe""",Microsoft Corporation,WinDev2309Eval,,C:\Windows\system32\,AppID Certificate Store Verification Task,1,19607,10.0.22621.2506 (WinBuild.160101.0800),"MD5=A3D3C1CF254BF1B45F5950EFAD6621AF,SHA256=82906ECB6EE934ED28839F127F7994A517B9D9C83746187246D6F226FB6A65E6,IMPHASH=7168353EDBE3AB24A184BB681FD55AE6",C:\Windows\System32\appidcertstorecheck.exe,System,0x8000000000000000,4,{f57bd86a-36f6-658c-e503-000000000000},0x3e5,0,AppIDCertstoreCheck.exe,C:\Windows\system32\svchost.exe -k netsvcs -p -s Schedule,C:\Windows\System32\svchost.exe,{f57bd86a-36f6-658c-1d00-000000000f00},1496,NT AUTHORITY\SYSTEM,{f57bd86a-6de2-658c-de01-000000000f00},3588,1392,Microsoft® Windows® Operating System,,,,-,2023-12-27T18:33:06.7313932Z,,1,0,5124,NT AUTHORITY\LOCAL SERVICE,S-1-5-18,2023-12-27 18:33:06.730,5,"<Event xmlns=""http://schemas.microsoft.com/win/2004/08/events/event"">
    <System>
      <Provider Name=""Microsoft-Windows-Sysmon"" Guid=""{5770385f-c22a-43e0-bf4c-06f5698ffbd9}""/>
      <EventID>1</EventID>
      <Version>5</Version>
      <Level>4</Level>
      <Task>1</Task>
      <Opcode>0</Opcode>
      <Keywords>0x8000000000000000</Keywords>
      <TimeCreated SystemTime=""2023-12-27T18:33:06.7313932Z""/>
      <EventRecordID>19607</EventRecordID>
      <Correlation/>
      <Execution ProcessID=""3588"" ThreadID=""5124""/>
      <Channel>Microsoft-Windows-Sysmon/Operational</Channel>
      <Computer>WinDev2309Eval</Computer>
      <Security UserID=""S-1-5-18""/>
    </System>
    <EventData>
      <Data Name=""RuleName"">-</Data>
      <Data Name=""UtcTime"">2023-12-27 18:33:06.730</Data>
      <Data Name=""ProcessGuid"">{f57bd86a-6de2-658c-de01-000000000f00}</Data>
      <Data Name=""ProcessId"">1392</Data>
      <Data Name=""Image"">C:\Windows\System32\appidcertstorecheck.exe</Data>
      <Data Name=""FileVersion"">10.0.22621.2506 (WinBuild.160101.0800)</Data>
      <Data Name=""Description"">AppID Certificate Store Verification Task</Data>
      <Data Name=""Product"">Microsoft&#174; Windows&#174; Operating System</Data>
      <Data Name=""Company"">Microsoft Corporation</Data>
      <Data Name=""OriginalFileName"">AppIDCertstoreCheck.exe</Data>
      <Data Name=""CommandLine"">""C:\Windows\system32\appidcertstorecheck.exe""</Data>
      <Data Name=""CurrentDirectory"">C:\Windows\system32\</Data>
      <Data Name=""User"">NT AUTHORITY\LOCAL SERVICE</Data>
      <Data Name=""LogonGuid"">{f57bd86a-36f6-658c-e503-000000000000}</Data>
      <Data Name=""LogonId"">0x3e5</Data>
      <Data Name=""TerminalSessionId"">0</Data>
      <Data Name=""IntegrityLevel"">System</Data>
      <Data Name=""Hashes"">MD5=A3D3C1CF254BF1B45F5950EFAD6621AF,SHA256=82906ECB6EE934ED28839F127F7994A517B9D9C83746187246D6F226FB6A65E6,IMPHASH=7168353EDBE3AB24A184BB681FD55AE6</Data>
      <Data Name=""ParentProcessGuid"">{f57bd86a-36f6-658c-1d00-000000000f00}</Data>
      <Data Name=""ParentProcessId"">1496</Data>
      <Data Name=""ParentImage"">C:\Windows\System32\svchost.exe</Data>
      <Data Name=""ParentCommandLine"">C:\Windows\system32\svchost.exe -k netsvcs -p -s Schedule</Data>
      <Data Name=""ParentUser"">NT AUTHORITY\SYSTEM</Data>
    </EventData>
  </Event>
  
"
Microsoft-Windows-Sysmon/Operational,,,WinDev2309Eval,,,,22,19606,,,C:\Windows\System32\Wbem\WMIC.exe,,0x8000000000000000,4,,,0,,,,,,,{f57bd86a-6daf-658c-db01-000000000f00},3588,4368,,127.0.0.1,127.0.0.1;,0,-,2023-12-27T18:32:16.9324034Z,,22,,5164,WINDEV2309EVAL\User,S-1-5-18,2023-12-27 14:52:07.661,5,"<Event xmlns=""http://schemas.microsoft.com/win/2004/08/events/event"">
    <System>
      <Provider Name=""Microsoft-Windows-Sysmon"" Guid=""{5770385f-c22a-43e0-bf4c-06f5698ffbd9}""/>
      <EventID>22</EventID>
      <Version>5</Version>
      <Level>4</Level>
      <Task>22</Task>
      <Opcode>0</Opcode>
      <Keywords>0x8000000000000000</Keywords>
      <TimeCreated SystemTime=""2023-12-27T18:32:16.9324034Z""/>
      <EventRecordID>19606</EventRecordID>
      <Correlation/>
      <Execution ProcessID=""3588"" ThreadID=""5164""/>
      <Channel>Microsoft-Windows-Sysmon/Operational</Channel>
      <Computer>WinDev2309Eval</Computer>
      <Security UserID=""S-1-5-18""/>
    </System>
    <EventData>
      <Data Name=""RuleName"">-</Data>
      <Data Name=""UtcTime"">2023-12-27 14:52:07.661</Data>
      <Data Name=""ProcessGuid"">{f57bd86a-6daf-658c-db01-000000000f00}</Data>
      <Data Name=""ProcessId"">4368</Data>
      <Data Name=""QueryName"">127.0.0.1</Data>
      <Data Name=""QueryStatus"">0</Data>
      <Data Name=""QueryResults"">127.0.0.1;</Data>
      <Data Name=""Image"">C:\Windows\System32\Wbem\WMIC.exe</Data>
      <Data Name=""User"">WINDEV2309EVAL\User</Data>
    </EventData>
  </Event>
  
"
Microsoft-Windows-Sysmon/Operational,,,WinDev2309Eval,,,,22,19605,,,C:\Windows\System32\Wbem\WMIC.exe,,0x8000000000000000,4,,,0,,,,,,,{f57bd86a-6daf-658c-db01-000000000f00},3588,4368,,WinDev2309Eval,192.168.36.130;192.168.126.163;,0,-,2023-12-27T18:32:16.9319179Z,,22,,5164,WINDEV2309EVAL\User,S-1-5-18,2023-12-27 14:52:07.659,5,"<Event xmlns=""http://schemas.microsoft.com/win/2004/08/events/event"">
    <System>
      <Provider Name=""Microsoft-Windows-Sysmon"" Guid=""{5770385f-c22a-43e0-bf4c-06f5698ffbd9}""/>
      <EventID>22</EventID>
      <Version>5</Version>
      <Level>4</Level>
      <Task>22</Task>
      <Opcode>0</Opcode>
      <Keywords>0x8000000000000000</Keywords>
      <TimeCreated SystemTime=""2023-12-27T18:32:16.9319179Z""/>
      <EventRecordID>19605</EventRecordID>
      <Correlation/>
      <Execution ProcessID=""3588"" ThreadID=""5164""/>
      <Channel>Microsoft-Windows-Sysmon/Operational</Channel>
      <Computer>WinDev2309Eval</Computer>
      <Security UserID=""S-1-5-18""/>
    </System>
    <EventData>
      <Data Name=""RuleName"">-</Data>
      <Data Name=""UtcTime"">2023-12-27 14:52:07.659</Data>
      <Data Name=""ProcessGuid"">{f57bd86a-6daf-658c-db01-000000000f00}</Data>
      <Data Name=""ProcessId"">4368</Data>
      <Data Name=""QueryName"">WinDev2309Eval</Data>
      <Data Name=""QueryStatus"">0</Data>
      <Data Name=""QueryResults"">192.168.36.130;192.168.126.163;</Data>
      <Data Name=""Image"">C:\Windows\System32\Wbem\WMIC.exe</Data>
      <Data Name=""User"">WINDEV2309EVAL\User</Data>
    </EventData>
  </Event>
  
"
Microsoft-Windows-Sysmon/Operational,C:\Windows\system32\msiexec.exe /V,Microsoft Corporation,WinDev2309Eval,,C:\Windows\system32\,Windows® installer,1,19604,5.0.22621.1 (WinBuild.160101.0800),"MD5=302BE4B7434E679769029C8570825CC0,SHA256=5A31EA6A517A065166FAFA01A0AC6A350D0E2DCBA1B6DD4FDB41AE59109568E1,IMPHASH=0990A9500FF8DF93E0E059EE13E7C796",C:\Windows\System32\msiexec.exe,System,0x8000000000000000,4,{f57bd86a-36f5-658c-e703-000000000000},0x3e7,0,msiexec.exe,C:\Windows\system32\services.exe,C:\Windows\System32\services.exe,{f57bd86a-36f5-658c-0b00-000000000f00},780,NT AUTHORITY\SYSTEM,{f57bd86a-6db0-658c-dc01-000000000f00},3588,9992,Windows Installer - Unicode,,,,-,2023-12-27T18:32:16.0117937Z,,1,0,5124,NT AUTHORITY\SYSTEM,S-1-5-18,2023-12-27 18:32:16.007,5,"<Event xmlns=""http://schemas.microsoft.com/win/2004/08/events/event"">
    <System>
      <Provider Name=""Microsoft-Windows-Sysmon"" Guid=""{5770385f-c22a-43e0-bf4c-06f5698ffbd9}""/>
      <EventID>1</EventID>
      <Version>5</Version>
      <Level>4</Level>
      <Task>1</Task>
      <Opcode>0</Opcode>
      <Keywords>0x8000000000000000</Keywords>
      <TimeCreated SystemTime=""2023-12-27T18:32:16.0117937Z""/>
      <EventRecordID>19604</EventRecordID>
      <Correlation/>
      <Execution ProcessID=""3588"" ThreadID=""5124""/>
      <Channel>Microsoft-Windows-Sysmon/Operational</Channel>
      <Computer>WinDev2309Eval</Computer>
      <Security UserID=""S-1-5-18""/>
    </System>
    <EventData>
      <Data Name=""RuleName"">-</Data>
      <Data Name=""UtcTime"">2023-12-27 18:32:16.007</Data>
      <Data Name=""ProcessGuid"">{f57bd86a-6db0-658c-dc01-000000000f00}</Data>
      <Data Name=""ProcessId"">9992</Data>
      <Data Name=""Image"">C:\Windows\System32\msiexec.exe</Data>
      <Data Name=""FileVersion"">5.0.22621.1 (WinBuild.160101.0800)</Data>
      <Data Name=""Description"">Windows&#174; installer</Data>
      <Data Name=""Product"">Windows Installer - Unicode</Data>
      <Data Name=""Company"">Microsoft Corporation</Data>
      <Data Name=""OriginalFileName"">msiexec.exe</Data>
      <Data Name=""CommandLine"">C:\Windows\system32\msiexec.exe /V</Data>
      <Data Name=""CurrentDirectory"">C:\Windows\system32\</Data>
      <Data Name=""User"">NT AUTHORITY\SYSTEM</Data>
      <Data Name=""LogonGuid"">{f57bd86a-36f5-658c-e703-000000000000}</Data>
      <Data Name=""LogonId"">0x3e7</Data>
      <Data Name=""TerminalSessionId"">0</Data>
      <Data Name=""IntegrityLevel"">System</Data>
      <Data Name=""Hashes"">MD5=302BE4B7434E679769029C8570825CC0,SHA256=5A31EA6A517A065166FAFA01A0AC6A350D0E2DCBA1B6DD4FDB41AE59109568E1,IMPHASH=0990A9500FF8DF93E0E059EE13E7C796</Data>
      <Data Name=""ParentProcessGuid"">{f57bd86a-36f5-658c-0b00-000000000f00}</Data>
      <Data Name=""ParentProcessId"">780</Data>
      <Data Name=""ParentImage"">C:\Windows\System32\services.exe</Data>
      <Data Name=""ParentCommandLine"">C:\Windows\system32\services.exe</Data>
      <Data Name=""ParentUser"">NT AUTHORITY\SYSTEM</Data>
    </EventData>
  </Event>
  
"
Microsoft-Windows-Sysmon/Operational,,,WinDev2309Eval,,,,22,19603,,,<unknown process>,,0x8000000000000000,4,,,0,,,,,,,{f57bd86a-6daf-658c-d701-000000000f00},3588,5412,,127.0.0.1,127.0.0.1;,0,-,2023-12-27T18:32:15.9290226Z,,22,,5164,WINDEV2309EVAL\User,S-1-5-18,2023-12-27 14:52:07.327,5,"<Event xmlns=""http://schemas.microsoft.com/win/2004/08/events/event"">
    <System>
      <Provider Name=""Microsoft-Windows-Sysmon"" Guid=""{5770385f-c22a-43e0-bf4c-06f5698ffbd9}""/>
      <EventID>22</EventID>
      <Version>5</Version>
      <Level>4</Level>
      <Task>22</Task>
      <Opcode>0</Opcode>
      <Keywords>0x8000000000000000</Keywords>
      <TimeCreated SystemTime=""2023-12-27T18:32:15.9290226Z""/>
      <EventRecordID>19603</EventRecordID>
      <Correlation/>
      <Execution ProcessID=""3588"" ThreadID=""5164""/>
      <Channel>Microsoft-Windows-Sysmon/Operational</Channel>
      <Computer>WinDev2309Eval</Computer>
      <Security UserID=""S-1-5-18""/>
    </System>
    <EventData>
      <Data Name=""RuleName"">-</Data>
      <Data Name=""UtcTime"">2023-12-27 14:52:07.327</Data>
      <Data Name=""ProcessGuid"">{f57bd86a-6daf-658c-d701-000000000f00}</Data>
      <Data Name=""ProcessId"">5412</Data>
      <Data Name=""QueryName"">127.0.0.1</Data>
      <Data Name=""QueryStatus"">0</Data>
      <Data Name=""QueryResults"">127.0.0.1;</Data>
      <Data Name=""Image"">&lt;unknown process&gt;</Data>
      <Data Name=""User"">WINDEV2309EVAL\User</Data>
    </EventData>
  </Event>
  
"
Microsoft-Windows-Sysmon/Operational,,,WinDev2309Eval,,,,22,19602,,,<unknown process>,,0x8000000000000000,4,,,0,,,,,,,{f57bd86a-6daf-658c-d701-000000000f00},3588,5412,,WinDev2309Eval,192.168.36.130;192.168.126.163;,0,-,2023-12-27T18:32:15.9287691Z,,22,,5164,WINDEV2309EVAL\User,S-1-5-18,2023-12-27 14:52:07.326,5,"<Event xmlns=""http://schemas.microsoft.com/win/2004/08/events/event"">
    <System>
      <Provider Name=""Microsoft-Windows-Sysmon"" Guid=""{5770385f-c22a-43e0-bf4c-06f5698ffbd9}""/>
      <EventID>22</EventID>
      <Version>5</Version>
      <Level>4</Level>
      <Task>22</Task>
      <Opcode>0</Opcode>
      <Keywords>0x8000000000000000</Keywords>
      <TimeCreated SystemTime=""2023-12-27T18:32:15.9287691Z""/>
      <EventRecordID>19602</EventRecordID>
      <Correlation/>
      <Execution ProcessID=""3588"" ThreadID=""5164""/>
      <Channel>Microsoft-Windows-Sysmon/Operational</Channel>
      <Computer>WinDev2309Eval</Computer>
      <Security UserID=""S-1-5-18""/>
    </System>
    <EventData>
      <Data Name=""RuleName"">-</Data>
      <Data Name=""UtcTime"">2023-12-27 14:52:07.326</Data>
      <Data Name=""ProcessGuid"">{f57bd86a-6daf-658c-d701-000000000f00}</Data>
      <Data Name=""ProcessId"">5412</Data>
      <Data Name=""QueryName"">WinDev2309Eval</Data>
      <Data Name=""QueryStatus"">0</Data>
      <Data Name=""QueryResults"">192.168.36.130;192.168.126.163;</Data>
      <Data Name=""Image"">&lt;unknown process&gt;</Data>
      <Data Name=""User"">WINDEV2309EVAL\User</Data>
    </EventData>
  </Event>
  
"
Microsoft-Windows-Sysmon/Operational,"wmic  /node:""127.0.0.1"" product where ""name like 'Tightvnc%%%%'"" call uninstall",Microsoft Corporation,WinDev2309Eval,,C:\Users\User\AppData\Local\Temp\,WMI Commandline Utility,1,19601,10.0.22621.2792 (WinBuild.160101.0800),"MD5=B2ACB4DE13896683796A6B6635C40A15,SHA256=FBCDF1DB7D385AE5556F76D1F388F6E7AF08A545C0D797C4B3CD2F0CC739A9AE,IMPHASH=43C6BE584D77B658A53A9A5C606724DD",C:\Windows\System32\wbem\WMIC.exe,Medium,0x8000000000000000,4,{f57bd86a-36f9-658c-7bf8-020000000000},0x2f87b,0,wmic.exe,"""cmd.exe"" /c wmic /node:""127.0.0.1"" product where ""name like 'Tightvnc%%'"" call uninstall",C:\Windows\System32\cmd.exe,{f57bd86a-6daf-658c-d901-000000000f00},10428,WINDEV2309EVAL\User,{f57bd86a-6daf-658c-db01-000000000f00},3588,4368,Microsoft® Windows® Operating System,,,,-,2023-12-27T18:32:15.7542065Z,,1,1,5124,WINDEV2309EVAL\User,S-1-5-18,2023-12-27 18:32:15.753,5,"<Event xmlns=""http://schemas.microsoft.com/win/2004/08/events/event"">
    <System>
      <Provider Name=""Microsoft-Windows-Sysmon"" Guid=""{5770385f-c22a-43e0-bf4c-06f5698ffbd9}""/>
      <EventID>1</EventID>
      <Version>5</Version>
      <Level>4</Level>
      <Task>1</Task>
      <Opcode>0</Opcode>
      <Keywords>0x8000000000000000</Keywords>
      <TimeCreated SystemTime=""2023-12-27T18:32:15.7542065Z""/>
      <EventRecordID>19601</EventRecordID>
      <Correlation/>
      <Execution ProcessID=""3588"" ThreadID=""5124""/>
      <Channel>Microsoft-Windows-Sysmon/Operational</Channel>
      <Computer>WinDev2309Eval</Computer>
      <Security UserID=""S-1-5-18""/>
    </System>
    <EventData>
      <Data Name=""RuleName"">-</Data>
      <Data Name=""UtcTime"">2023-12-27 18:32:15.753</Data>
      <Data Name=""ProcessGuid"">{f57bd86a-6daf-658c-db01-000000000f00}</Data>
      <Data Name=""ProcessId"">4368</Data>
      <Data Name=""Image"">C:\Windows\System32\wbem\WMIC.exe</Data>
      <Data Name=""FileVersion"">10.0.22621.2792 (WinBuild.160101.0800)</Data>
      <Data Name=""Description"">WMI Commandline Utility</Data>
      <Data Name=""Product"">Microsoft&#174; Windows&#174; Operating System</Data>
      <Data Name=""Company"">Microsoft Corporation</Data>
      <Data Name=""OriginalFileName"">wmic.exe</Data>
      <Data Name=""CommandLine"">wmic  /node:""127.0.0.1"" product where ""name like 'Tightvnc%%%%'"" call uninstall</Data>
      <Data Name=""CurrentDirectory"">C:\Users\User\AppData\Local\Temp\</Data>
      <Data Name=""User"">WINDEV2309EVAL\User</Data>
      <Data Name=""LogonGuid"">{f57bd86a-36f9-658c-7bf8-020000000000}</Data>
      <Data Name=""LogonId"">0x2f87b</Data>
      <Data Name=""TerminalSessionId"">1</Data>
      <Data Name=""IntegrityLevel"">Medium</Data>
      <Data Name=""Hashes"">MD5=B2ACB4DE13896683796A6B6635C40A15,SHA256=FBCDF1DB7D385AE5556F76D1F388F6E7AF08A545C0D797C4B3CD2F0CC739A9AE,IMPHASH=43C6BE584D77B658A53A9A5C606724DD</Data>
      <Data Name=""ParentProcessGuid"">{f57bd86a-6daf-658c-d901-000000000f00}</Data>
      <Data Name=""ParentProcessId"">10428</Data>
      <Data Name=""ParentImage"">C:\Windows\System32\cmd.exe</Data>
      <Data Name=""ParentCommandLine"">""cmd.exe"" /c wmic /node:""127.0.0.1"" product where ""name like 'Tightvnc%%'"" call uninstall</Data>
      <Data Name=""ParentUser"">WINDEV2309EVAL\User</Data>
    </EventData>
  </Event>
  
"
Microsoft-Windows-Sysmon/Operational,"""cmd.exe"" /c wmic /node:""127.0.0.1"" product where ""name like 'Tightvnc%%%%'"" call uninstall",Microsoft Corporation,WinDev2309Eval,,C:\Users\User\AppData\Local\Temp\,Windows Command Processor,1,19600,10.0.22621.2506 (WinBuild.160101.0800),"MD5=133D568ECCB557E37BEA1459521CBAC2,SHA256=05A30592D2C3421C41121145C6EEFA7C81FEA6B42D6233A522240A8468326B9C,IMPHASH=D73E39DAB3C8B57AA408073D01254964",C:\Windows\System32\cmd.exe,Medium,0x8000000000000000,4,{f57bd86a-36f9-658c-7bf8-020000000000},0x2f87b,0,Cmd.Exe,-,-,{00000000-0000-0000-0000-000000000000},1688,-,{f57bd86a-6daf-658c-d901-000000000f00},3588,10428,Microsoft® Windows® Operating System,,,,-,2023-12-27T18:32:15.7279464Z,,1,1,5124,WINDEV2309EVAL\User,S-1-5-18,2023-12-27 18:32:15.726,5,"<Event xmlns=""http://schemas.microsoft.com/win/2004/08/events/event"">
    <System>
      <Provider Name=""Microsoft-Windows-Sysmon"" Guid=""{5770385f-c22a-43e0-bf4c-06f5698ffbd9}""/>
      <EventID>1</EventID>
      <Version>5</Version>
      <Level>4</Level>
      <Task>1</Task>
      <Opcode>0</Opcode>
      <Keywords>0x8000000000000000</Keywords>
      <TimeCreated SystemTime=""2023-12-27T18:32:15.7279464Z""/>
      <EventRecordID>19600</EventRecordID>
      <Correlation/>
      <Execution ProcessID=""3588"" ThreadID=""5124""/>
      <Channel>Microsoft-Windows-Sysmon/Operational</Channel>
      <Computer>WinDev2309Eval</Computer>
      <Security UserID=""S-1-5-18""/>
    </System>
    <EventData>
      <Data Name=""RuleName"">-</Data>
      <Data Name=""UtcTime"">2023-12-27 18:32:15.726</Data>
      <Data Name=""ProcessGuid"">{f57bd86a-6daf-658c-d901-000000000f00}</Data>
      <Data Name=""ProcessId"">10428</Data>
      <Data Name=""Image"">C:\Windows\System32\cmd.exe</Data>
      <Data Name=""FileVersion"">10.0.22621.2506 (WinBuild.160101.0800)</Data>
      <Data Name=""Description"">Windows Command Processor</Data>
      <Data Name=""Product"">Microsoft&#174; Windows&#174; Operating System</Data>
      <Data Name=""Company"">Microsoft Corporation</Data>
      <Data Name=""OriginalFileName"">Cmd.Exe</Data>
      <Data Name=""CommandLine"">""cmd.exe"" /c wmic /node:""127.0.0.1"" product where ""name like 'Tightvnc%%%%'"" call uninstall</Data>
      <Data Name=""CurrentDirectory"">C:\Users\User\AppData\Local\Temp\</Data>
      <Data Name=""User"">WINDEV2309EVAL\User</Data>
      <Data Name=""LogonGuid"">{f57bd86a-36f9-658c-7bf8-020000000000}</Data>
      <Data Name=""LogonId"">0x2f87b</Data>
      <Data Name=""TerminalSessionId"">1</Data>
      <Data Name=""IntegrityLevel"">Medium</Data>
      <Data Name=""Hashes"">MD5=133D568ECCB557E37BEA1459521CBAC2,SHA256=05A30592D2C3421C41121145C6EEFA7C81FEA6B42D6233A522240A8468326B9C,IMPHASH=D73E39DAB3C8B57AA408073D01254964</Data>
      <Data Name=""ParentProcessGuid"">{00000000-0000-0000-0000-000000000000}</Data>
      <Data Name=""ParentProcessId"">1688</Data>
      <Data Name=""ParentImage"">-</Data>
      <Data Name=""ParentCommandLine"">-</Data>
      <Data Name=""ParentUser"">-</Data>
    </EventData>
  </Event>
  
"
Microsoft-Windows-Sysmon/Operational,"rundll32.exe ""C:\AtomicRedTeam\atomics\..\ExternalPayloads\calc.dll"" StartW",Microsoft Corporation,WinDev2309Eval,,C:\Windows\system32\,Windows host process (Rundll32),1,19599,10.0.22621.1 (WinBuild.160101.0800),"MD5=57A6B4BDF247C1A6CA08AC09A8F9B742,SHA256=98D37EFF504A7ADB864131EA4A042AAF4D79C4356960A8AB2FA656CC59AEC014,IMPHASH=5C68DE198B5D2DD5C1129782AD19676C",C:\Windows\System32\rundll32.exe,Medium,0x8000000000000000,4,{f57bd86a-36f9-658c-7bf8-020000000000},0x2f87b,0,RUNDLL32.EXE,C:\Windows\system32\wbem\wmiprvse.exe -secured -Embedding,C:\Windows\System32\wbem\WmiPrvSE.exe,{f57bd86a-36fa-658c-6a00-000000000f00},4444,NT AUTHORITY\NETWORK SERVICE,{f57bd86a-6daf-658c-d801-000000000f00},3588,8492,Microsoft® Windows® Operating System,,,,-,2023-12-27T18:32:15.5034826Z,,1,1,5124,WINDEV2309EVAL\User,S-1-5-18,2023-12-27 18:32:15.502,5,"<Event xmlns=""http://schemas.microsoft.com/win/2004/08/events/event"">
    <System>
      <Provider Name=""Microsoft-Windows-Sysmon"" Guid=""{5770385f-c22a-43e0-bf4c-06f5698ffbd9}""/>
      <EventID>1</EventID>
      <Version>5</Version>
      <Level>4</Level>
      <Task>1</Task>
      <Opcode>0</Opcode>
      <Keywords>0x8000000000000000</Keywords>
      <TimeCreated SystemTime=""2023-12-27T18:32:15.5034826Z""/>
      <EventRecordID>19599</EventRecordID>
      <Correlation/>
      <Execution ProcessID=""3588"" ThreadID=""5124""/>
      <Channel>Microsoft-Windows-Sysmon/Operational</Channel>
      <Computer>WinDev2309Eval</Computer>
      <Security UserID=""S-1-5-18""/>
    </System>
    <EventData>
      <Data Name=""RuleName"">-</Data>
      <Data Name=""UtcTime"">2023-12-27 18:32:15.502</Data>
      <Data Name=""ProcessGuid"">{f57bd86a-6daf-658c-d801-000000000f00}</Data>
      <Data Name=""ProcessId"">8492</Data>
      <Data Name=""Image"">C:\Windows\System32\rundll32.exe</Data>
      <Data Name=""FileVersion"">10.0.22621.1 (WinBuild.160101.0800)</Data>
      <Data Name=""Description"">Windows host process (Rundll32)</Data>
      <Data Name=""Product"">Microsoft&#174; Windows&#174; Operating System</Data>
      <Data Name=""Company"">Microsoft Corporation</Data>
      <Data Name=""OriginalFileName"">RUNDLL32.EXE</Data>
      <Data Name=""CommandLine"">rundll32.exe ""C:\AtomicRedTeam\atomics\..\ExternalPayloads\calc.dll"" StartW</Data>
      <Data Name=""CurrentDirectory"">C:\Windows\system32\</Data>
      <Data Name=""User"">WINDEV2309EVAL\User</Data>
      <Data Name=""LogonGuid"">{f57bd86a-36f9-658c-7bf8-020000000000}</Data>
      <Data Name=""LogonId"">0x2f87b</Data>
      <Data Name=""TerminalSessionId"">1</Data>
      <Data Name=""IntegrityLevel"">Medium</Data>
      <Data Name=""Hashes"">MD5=57A6B4BDF247C1A6CA08AC09A8F9B742,SHA256=98D37EFF504A7ADB864131EA4A042AAF4D79C4356960A8AB2FA656CC59AEC014,IMPHASH=5C68DE198B5D2DD5C1129782AD19676C</Data>
      <Data Name=""ParentProcessGuid"">{f57bd86a-36fa-658c-6a00-000000000f00}</Data>
      <Data Name=""ParentProcessId"">4444</Data>
      <Data Name=""ParentImage"">C:\Windows\System32\wbem\WmiPrvSE.exe</Data>
      <Data Name=""ParentCommandLine"">C:\Windows\system32\wbem\wmiprvse.exe -secured -Embedding</Data>
      <Data Name=""ParentUser"">NT AUTHORITY\NETWORK SERVICE</Data>
    </EventData>
  </Event>
  
"
Microsoft-Windows-Sysmon/Operational,"wmic  /node:127.0.0.1 process call create ""rundll32.exe \""C:\AtomicRedTeam\atomics\..\ExternalPayloads\calc.dll\"" StartW""",Microsoft Corporation,WinDev2309Eval,,C:\Users\User\AppData\Local\Temp\,WMI Commandline Utility,1,19598,10.0.22621.2792 (WinBuild.160101.0800),"MD5=B2ACB4DE13896683796A6B6635C40A15,SHA256=FBCDF1DB7D385AE5556F76D1F388F6E7AF08A545C0D797C4B3CD2F0CC739A9AE,IMPHASH=43C6BE584D77B658A53A9A5C606724DD",C:\Windows\System32\wbem\WMIC.exe,Medium,0x8000000000000000,4,{f57bd86a-36f9-658c-7bf8-020000000000},0x2f87b,0,wmic.exe,"""cmd.exe"" /c wmic /node:127.0.0.1 process call create ""rundll32.exe \""C:\AtomicRedTeam\atomics\..\ExternalPayloads\calc.dll\"" StartW""",C:\Windows\System32\cmd.exe,{f57bd86a-6daf-658c-d501-000000000f00},10980,WINDEV2309EVAL\User,{f57bd86a-6daf-658c-d701-000000000f00},3588,5412,Microsoft® Windows® Operating System,,,,-,2023-12-27T18:32:15.4228762Z,,1,1,5124,WINDEV2309EVAL\User,S-1-5-18,2023-12-27 18:32:15.422,5,"<Event xmlns=""http://schemas.microsoft.com/win/2004/08/events/event"">
    <System>
      <Provider Name=""Microsoft-Windows-Sysmon"" Guid=""{5770385f-c22a-43e0-bf4c-06f5698ffbd9}""/>
      <EventID>1</EventID>
      <Version>5</Version>
      <Level>4</Level>
      <Task>1</Task>
      <Opcode>0</Opcode>
      <Keywords>0x8000000000000000</Keywords>
      <TimeCreated SystemTime=""2023-12-27T18:32:15.4228762Z""/>
      <EventRecordID>19598</EventRecordID>
      <Correlation/>
      <Execution ProcessID=""3588"" ThreadID=""5124""/>
      <Channel>Microsoft-Windows-Sysmon/Operational</Channel>
      <Computer>WinDev2309Eval</Computer>
      <Security UserID=""S-1-5-18""/>
    </System>
    <EventData>
      <Data Name=""RuleName"">-</Data>
      <Data Name=""UtcTime"">2023-12-27 18:32:15.422</Data>
      <Data Name=""ProcessGuid"">{f57bd86a-6daf-658c-d701-000000000f00}</Data>
      <Data Name=""ProcessId"">5412</Data>
      <Data Name=""Image"">C:\Windows\System32\wbem\WMIC.exe</Data>
      <Data Name=""FileVersion"">10.0.22621.2792 (WinBuild.160101.0800)</Data>
      <Data Name=""Description"">WMI Commandline Utility</Data>
      <Data Name=""Product"">Microsoft&#174; Windows&#174; Operating System</Data>
      <Data Name=""Company"">Microsoft Corporation</Data>
      <Data Name=""OriginalFileName"">wmic.exe</Data>
      <Data Name=""CommandLine"">wmic  /node:127.0.0.1 process call create ""rundll32.exe \""C:\AtomicRedTeam\atomics\..\ExternalPayloads\calc.dll\"" StartW""</Data>
      <Data Name=""CurrentDirectory"">C:\Users\User\AppData\Local\Temp\</Data>
      <Data Name=""User"">WINDEV2309EVAL\User</Data>
      <Data Name=""LogonGuid"">{f57bd86a-36f9-658c-7bf8-020000000000}</Data>
      <Data Name=""LogonId"">0x2f87b</Data>
      <Data Name=""TerminalSessionId"">1</Data>
      <Data Name=""IntegrityLevel"">Medium</Data>
      <Data Name=""Hashes"">MD5=B2ACB4DE13896683796A6B6635C40A15,SHA256=FBCDF1DB7D385AE5556F76D1F388F6E7AF08A545C0D797C4B3CD2F0CC739A9AE,IMPHASH=43C6BE584D77B658A53A9A5C606724DD</Data>
      <Data Name=""ParentProcessGuid"">{f57bd86a-6daf-658c-d501-000000000f00}</Data>
      <Data Name=""ParentProcessId"">10980</Data>
      <Data Name=""ParentImage"">C:\Windows\System32\cmd.exe</Data>
      <Data Name=""ParentCommandLine"">""cmd.exe"" /c wmic /node:127.0.0.1 process call create ""rundll32.exe \""C:\AtomicRedTeam\atomics\..\ExternalPayloads\calc.dll\"" StartW""</Data>
      <Data Name=""ParentUser"">WINDEV2309EVAL\User</Data>
    </EventData>
  </Event>
  
"
Microsoft-Windows-Sysmon/Operational,"""cmd.exe"" /c wmic /node:127.0.0.1 process call create ""rundll32.exe \""C:\AtomicRedTeam\atomics\..\ExternalPayloads\calc.dll\"" StartW""",Microsoft Corporation,WinDev2309Eval,,C:\Users\User\AppData\Local\Temp\,Windows Command Processor,1,19597,10.0.22621.2506 (WinBuild.160101.0800),"MD5=133D568ECCB557E37BEA1459521CBAC2,SHA256=05A30592D2C3421C41121145C6EEFA7C81FEA6B42D6233A522240A8468326B9C,IMPHASH=D73E39DAB3C8B57AA408073D01254964",C:\Windows\System32\cmd.exe,Medium,0x8000000000000000,4,{f57bd86a-36f9-658c-7bf8-020000000000},0x2f87b,0,Cmd.Exe,-,-,{00000000-0000-0000-0000-000000000000},1688,-,{f57bd86a-6daf-658c-d501-000000000f00},3588,10980,Microsoft® Windows® Operating System,,,,-,2023-12-27T18:32:15.3992666Z,,1,1,5124,WINDEV2309EVAL\User,S-1-5-18,2023-12-27 18:32:15.398,5,"<Event xmlns=""http://schemas.microsoft.com/win/2004/08/events/event"">
    <System>
      <Provider Name=""Microsoft-Windows-Sysmon"" Guid=""{5770385f-c22a-43e0-bf4c-06f5698ffbd9}""/>
      <EventID>1</EventID>
      <Version>5</Version>
      <Level>4</Level>
      <Task>1</Task>
      <Opcode>0</Opcode>
      <Keywords>0x8000000000000000</Keywords>
      <TimeCreated SystemTime=""2023-12-27T18:32:15.3992666Z""/>
      <EventRecordID>19597</EventRecordID>
      <Correlation/>
      <Execution ProcessID=""3588"" ThreadID=""5124""/>
      <Channel>Microsoft-Windows-Sysmon/Operational</Channel>
      <Computer>WinDev2309Eval</Computer>
      <Security UserID=""S-1-5-18""/>
    </System>
    <EventData>
      <Data Name=""RuleName"">-</Data>
      <Data Name=""UtcTime"">2023-12-27 18:32:15.398</Data>
      <Data Name=""ProcessGuid"">{f57bd86a-6daf-658c-d501-000000000f00}</Data>
      <Data Name=""ProcessId"">10980</Data>
      <Data Name=""Image"">C:\Windows\System32\cmd.exe</Data>
      <Data Name=""FileVersion"">10.0.22621.2506 (WinBuild.160101.0800)</Data>
      <Data Name=""Description"">Windows Command Processor</Data>
      <Data Name=""Product"">Microsoft&#174; Windows&#174; Operating System</Data>
      <Data Name=""Company"">Microsoft Corporation</Data>
      <Data Name=""OriginalFileName"">Cmd.Exe</Data>
      <Data Name=""CommandLine"">""cmd.exe"" /c wmic /node:127.0.0.1 process call create ""rundll32.exe \""C:\AtomicRedTeam\atomics\..\ExternalPayloads\calc.dll\"" StartW""</Data>
      <Data Name=""CurrentDirectory"">C:\Users\User\AppData\Local\Temp\</Data>
      <Data Name=""User"">WINDEV2309EVAL\User</Data>
      <Data Name=""LogonGuid"">{f57bd86a-36f9-658c-7bf8-020000000000}</Data>
      <Data Name=""LogonId"">0x2f87b</Data>
      <Data Name=""TerminalSessionId"">1</Data>
      <Data Name=""IntegrityLevel"">Medium</Data>
      <Data Name=""Hashes"">MD5=133D568ECCB557E37BEA1459521CBAC2,SHA256=05A30592D2C3421C41121145C6EEFA7C81FEA6B42D6233A522240A8468326B9C,IMPHASH=D73E39DAB3C8B57AA408073D01254964</Data>
      <Data Name=""ParentProcessGuid"">{00000000-0000-0000-0000-000000000000}</Data>
      <Data Name=""ParentProcessId"">1688</Data>
      <Data Name=""ParentImage"">-</Data>
      <Data Name=""ParentCommandLine"">-</Data>
      <Data Name=""ParentUser"">-</Data>
    </EventData>
  </Event>
  
"
Microsoft-Windows-Sysmon/Operational,,,WinDev2309Eval,2023-12-27 18:32:13.800,,,11,19596,,,C:\Windows\System32\WindowsPowerShell\v1.0\powershell.exe,,0x8000000000000000,4,,,0,,,,,,,{f57bd86a-6dad-658c-d301-000000000f00},3588,9952,,,,,-,2023-12-27T18:32:13.8061027Z,C:\Users\User\AppData\Local\Temp\__PSScriptPolicyTest_kdezohcm.5ij.ps1,11,,5124,WINDEV2309EVAL\User,S-1-5-18,2023-12-27 18:32:13.800,2,"<Event xmlns=""http://schemas.microsoft.com/win/2004/08/events/event"">
    <System>
      <Provider Name=""Microsoft-Windows-Sysmon"" Guid=""{5770385f-c22a-43e0-bf4c-06f5698ffbd9}""/>
      <EventID>11</EventID>
      <Version>2</Version>
      <Level>4</Level>
      <Task>11</Task>
      <Opcode>0</Opcode>
      <Keywords>0x8000000000000000</Keywords>
      <TimeCreated SystemTime=""2023-12-27T18:32:13.8061027Z""/>
      <EventRecordID>19596</EventRecordID>
      <Correlation/>
      <Execution ProcessID=""3588"" ThreadID=""5124""/>
      <Channel>Microsoft-Windows-Sysmon/Operational</Channel>
      <Computer>WinDev2309Eval</Computer>
      <Security UserID=""S-1-5-18""/>
    </System>
    <EventData>
      <Data Name=""RuleName"">-</Data>
      <Data Name=""UtcTime"">2023-12-27 18:32:13.800</Data>
      <Data Name=""ProcessGuid"">{f57bd86a-6dad-658c-d301-000000000f00}</Data>
      <Data Name=""ProcessId"">9952</Data>
      <Data Name=""Image"">C:\Windows\System32\WindowsPowerShell\v1.0\powershell.exe</Data>
      <Data Name=""TargetFilename"">C:\Users\User\AppData\Local\Temp\__PSScriptPolicyTest_kdezohcm.5ij.ps1</Data>
      <Data Name=""CreationUtcTime"">2023-12-27 18:32:13.800</Data>
      <Data Name=""User"">WINDEV2309EVAL\User</Data>
    </EventData>
  </Event>
  
"
Microsoft-Windows-Sysmon/Operational,"""powershell.exe"" & {$Class = New-Object Management.ManagementClass(New-Object Management.ManagementPath(\""""Win32_Process\""""))
$NewClass = $Class.Derive(\""""Win32_Atomic\"""")
$NewClass.Put()
Invoke-WmiMethod -Path Win32_Atomic -Name create -ArgumentList notepad.exe}",Microsoft Corporation,WinDev2309Eval,,C:\Users\User\AppData\Local\Temp\,Windows PowerShell,1,19595,10.0.22621.2506 (WinBuild.160101.0800),"MD5=2D1D70C92A419D9079B047954C611886,SHA256=C50057756CDB25D481CF2502ABCEF124F864C27618C5057468BFC6B82B2C4EDD,IMPHASH=E09C4F82A1DA13A09F4FF2E625FEBA20",C:\Windows\System32\WindowsPowerShell\v1.0\powershell.exe,Medium,0x8000000000000000,4,{f57bd86a-36f9-658c-7bf8-020000000000},0x2f87b,0,PowerShell.EXE,-,-,{00000000-0000-0000-0000-000000000000},1688,-,{f57bd86a-6dad-658c-d301-000000000f00},3588,9952,Microsoft® Windows® Operating System,,,,-,2023-12-27T18:32:13.7039157Z,,1,1,5124,WINDEV2309EVAL\User,S-1-5-18,2023-12-27 18:32:13.702,5,"<Event xmlns=""http://schemas.microsoft.com/win/2004/08/events/event"">
    <System>
      <Provider Name=""Microsoft-Windows-Sysmon"" Guid=""{5770385f-c22a-43e0-bf4c-06f5698ffbd9}""/>
      <EventID>1</EventID>
      <Version>5</Version>
      <Level>4</Level>
      <Task>1</Task>
      <Opcode>0</Opcode>
      <Keywords>0x8000000000000000</Keywords>
      <TimeCreated SystemTime=""2023-12-27T18:32:13.7039157Z""/>
      <EventRecordID>19595</EventRecordID>
      <Correlation/>
      <Execution ProcessID=""3588"" ThreadID=""5124""/>
      <Channel>Microsoft-Windows-Sysmon/Operational</Channel>
      <Computer>WinDev2309Eval</Computer>
      <Security UserID=""S-1-5-18""/>
    </System>
    <EventData>
      <Data Name=""RuleName"">-</Data>
      <Data Name=""UtcTime"">2023-12-27 18:32:13.702</Data>
      <Data Name=""ProcessGuid"">{f57bd86a-6dad-658c-d301-000000000f00}</Data>
      <Data Name=""ProcessId"">9952</Data>
      <Data Name=""Image"">C:\Windows\System32\WindowsPowerShell\v1.0\powershell.exe</Data>
      <Data Name=""FileVersion"">10.0.22621.2506 (WinBuild.160101.0800)</Data>
      <Data Name=""Description"">Windows PowerShell</Data>
      <Data Name=""Product"">Microsoft&#174; Windows&#174; Operating System</Data>
      <Data Name=""Company"">Microsoft Corporation</Data>
      <Data Name=""OriginalFileName"">PowerShell.EXE</Data>
      <Data Name=""CommandLine"">""powershell.exe"" &amp; {$Class = New-Object Management.ManagementClass(New-Object Management.ManagementPath(\""""Win32_Process\""""))
$NewClass = $Class.Derive(\""""Win32_Atomic\"""")
$NewClass.Put()
Invoke-WmiMethod -Path Win32_Atomic -Name create -ArgumentList notepad.exe}</Data>
      <Data Name=""CurrentDirectory"">C:\Users\User\AppData\Local\Temp\</Data>
      <Data Name=""User"">WINDEV2309EVAL\User</Data>
      <Data Name=""LogonGuid"">{f57bd86a-36f9-658c-7bf8-020000000000}</Data>
      <Data Name=""LogonId"">0x2f87b</Data>
      <Data Name=""TerminalSessionId"">1</Data>
      <Data Name=""IntegrityLevel"">Medium</Data>
      <Data Name=""Hashes"">MD5=2D1D70C92A419D9079B047954C611886,SHA256=C50057756CDB25D481CF2502ABCEF124F864C27618C5057468BFC6B82B2C4EDD,IMPHASH=E09C4F82A1DA13A09F4FF2E625FEBA20</Data>
      <Data Name=""ParentProcessGuid"">{00000000-0000-0000-0000-000000000000}</Data>
      <Data Name=""ParentProcessId"">1688</Data>
      <Data Name=""ParentImage"">-</Data>
      <Data Name=""ParentCommandLine"">-</Data>
      <Data Name=""ParentUser"">-</Data>
    </EventData>
  </Event>
  
"
Microsoft-Windows-Sysmon/Operational,notepad.exe,Microsoft Corporation,WinDev2309Eval,,C:\Windows\system32\,Notepad,1,19594,10.0.22621.2506 (WinBuild.160101.0800),"MD5=6BAECEAA8AA6B3F3A29694EE8BDBADC4,SHA256=6188586345A1B370A60E43F41228EBA5746D0D17DAB8E9BE05D53FDD7ABE7061,IMPHASH=0E6BCCF88F4251909D1746DBA78CBA57",C:\Windows\System32\notepad.exe,Medium,0x8000000000000000,4,{f57bd86a-36f9-658c-7bf8-020000000000},0x2f87b,0,NOTEPAD.EXE,C:\Windows\system32\wbem\wmiprvse.exe -secured -Embedding,C:\Windows\System32\wbem\WmiPrvSE.exe,{f57bd86a-36fa-658c-6a00-000000000f00},4444,NT AUTHORITY\NETWORK SERVICE,{f57bd86a-6dad-658c-d201-000000000f00},3588,5336,Microsoft® Windows® Operating System,,,,-,2023-12-27T18:32:13.3409100Z,,1,1,5124,WINDEV2309EVAL\User,S-1-5-18,2023-12-27 18:32:13.339,5,"<Event xmlns=""http://schemas.microsoft.com/win/2004/08/events/event"">
    <System>
      <Provider Name=""Microsoft-Windows-Sysmon"" Guid=""{5770385f-c22a-43e0-bf4c-06f5698ffbd9}""/>
      <EventID>1</EventID>
      <Version>5</Version>
      <Level>4</Level>
      <Task>1</Task>
      <Opcode>0</Opcode>
      <Keywords>0x8000000000000000</Keywords>
      <TimeCreated SystemTime=""2023-12-27T18:32:13.3409100Z""/>
      <EventRecordID>19594</EventRecordID>
      <Correlation/>
      <Execution ProcessID=""3588"" ThreadID=""5124""/>
      <Channel>Microsoft-Windows-Sysmon/Operational</Channel>
      <Computer>WinDev2309Eval</Computer>
      <Security UserID=""S-1-5-18""/>
    </System>
    <EventData>
      <Data Name=""RuleName"">-</Data>
      <Data Name=""UtcTime"">2023-12-27 18:32:13.339</Data>
      <Data Name=""ProcessGuid"">{f57bd86a-6dad-658c-d201-000000000f00}</Data>
      <Data Name=""ProcessId"">5336</Data>
      <Data Name=""Image"">C:\Windows\System32\notepad.exe</Data>
      <Data Name=""FileVersion"">10.0.22621.2506 (WinBuild.160101.0800)</Data>
      <Data Name=""Description"">Notepad</Data>
      <Data Name=""Product"">Microsoft&#174; Windows&#174; Operating System</Data>
      <Data Name=""Company"">Microsoft Corporation</Data>
      <Data Name=""OriginalFileName"">NOTEPAD.EXE</Data>
      <Data Name=""CommandLine"">notepad.exe</Data>
      <Data Name=""CurrentDirectory"">C:\Windows\system32\</Data>
      <Data Name=""User"">WINDEV2309EVAL\User</Data>
      <Data Name=""LogonGuid"">{f57bd86a-36f9-658c-7bf8-020000000000}</Data>
      <Data Name=""LogonId"">0x2f87b</Data>
      <Data Name=""TerminalSessionId"">1</Data>
      <Data Name=""IntegrityLevel"">Medium</Data>
      <Data Name=""Hashes"">MD5=6BAECEAA8AA6B3F3A29694EE8BDBADC4,SHA256=6188586345A1B370A60E43F41228EBA5746D0D17DAB8E9BE05D53FDD7ABE7061,IMPHASH=0E6BCCF88F4251909D1746DBA78CBA57</Data>
      <Data Name=""ParentProcessGuid"">{f57bd86a-36fa-658c-6a00-000000000f00}</Data>
      <Data Name=""ParentProcessId"">4444</Data>
      <Data Name=""ParentImage"">C:\Windows\System32\wbem\WmiPrvSE.exe</Data>
      <Data Name=""ParentCommandLine"">C:\Windows\system32\wbem\wmiprvse.exe -secured -Embedding</Data>
      <Data Name=""ParentUser"">NT AUTHORITY\NETWORK SERVICE</Data>
    </EventData>
  </Event>
  
"
Microsoft-Windows-Sysmon/Operational,,,WinDev2309Eval,,,,22,19593,,,<unknown process>,,0x8000000000000000,4,,,0,,,,,,,{f57bd86a-6dab-658c-ce01-000000000f00},3588,2208,,127.0.0.1,127.0.0.1;,0,-,2023-12-27T18:32:13.0339057Z,,22,,5164,WINDEV2309EVAL\User,S-1-5-18,2023-12-27 14:52:03.309,5,"<Event xmlns=""http://schemas.microsoft.com/win/2004/08/events/event"">
    <System>
      <Provider Name=""Microsoft-Windows-Sysmon"" Guid=""{5770385f-c22a-43e0-bf4c-06f5698ffbd9}""/>
      <EventID>22</EventID>
      <Version>5</Version>
      <Level>4</Level>
      <Task>22</Task>
      <Opcode>0</Opcode>
      <Keywords>0x8000000000000000</Keywords>
      <TimeCreated SystemTime=""2023-12-27T18:32:13.0339057Z""/>
      <EventRecordID>19593</EventRecordID>
      <Correlation/>
      <Execution ProcessID=""3588"" ThreadID=""5164""/>
      <Channel>Microsoft-Windows-Sysmon/Operational</Channel>
      <Computer>WinDev2309Eval</Computer>
      <Security UserID=""S-1-5-18""/>
    </System>
    <EventData>
      <Data Name=""RuleName"">-</Data>
      <Data Name=""UtcTime"">2023-12-27 14:52:03.309</Data>
      <Data Name=""ProcessGuid"">{f57bd86a-6dab-658c-ce01-000000000f00}</Data>
      <Data Name=""ProcessId"">2208</Data>
      <Data Name=""QueryName"">127.0.0.1</Data>
      <Data Name=""QueryStatus"">0</Data>
      <Data Name=""QueryResults"">127.0.0.1;</Data>
      <Data Name=""Image"">&lt;unknown process&gt;</Data>
      <Data Name=""User"">WINDEV2309EVAL\User</Data>
    </EventData>
  </Event>
  
"
Microsoft-Windows-Sysmon/Operational,,,WinDev2309Eval,,,,22,19592,,,<unknown process>,,0x8000000000000000,4,,,0,,,,,,,{f57bd86a-6dab-658c-ce01-000000000f00},3588,2208,,WinDev2309Eval,192.168.36.130;192.168.126.163;,0,-,2023-12-27T18:32:13.0336772Z,,22,,5164,WINDEV2309EVAL\User,S-1-5-18,2023-12-27 14:52:03.308,5,"<Event xmlns=""http://schemas.microsoft.com/win/2004/08/events/event"">
    <System>
      <Provider Name=""Microsoft-Windows-Sysmon"" Guid=""{5770385f-c22a-43e0-bf4c-06f5698ffbd9}""/>
      <EventID>22</EventID>
      <Version>5</Version>
      <Level>4</Level>
      <Task>22</Task>
      <Opcode>0</Opcode>
      <Keywords>0x8000000000000000</Keywords>
      <TimeCreated SystemTime=""2023-12-27T18:32:13.0336772Z""/>
      <EventRecordID>19592</EventRecordID>
      <Correlation/>
      <Execution ProcessID=""3588"" ThreadID=""5164""/>
      <Channel>Microsoft-Windows-Sysmon/Operational</Channel>
      <Computer>WinDev2309Eval</Computer>
      <Security UserID=""S-1-5-18""/>
    </System>
    <EventData>
      <Data Name=""RuleName"">-</Data>
      <Data Name=""UtcTime"">2023-12-27 14:52:03.308</Data>
      <Data Name=""ProcessGuid"">{f57bd86a-6dab-658c-ce01-000000000f00}</Data>
      <Data Name=""ProcessId"">2208</Data>
      <Data Name=""QueryName"">WinDev2309Eval</Data>
      <Data Name=""QueryStatus"">0</Data>
      <Data Name=""QueryResults"">192.168.36.130;192.168.126.163;</Data>
      <Data Name=""Image"">&lt;unknown process&gt;</Data>
      <Data Name=""User"">WINDEV2309EVAL\User</Data>
    </EventData>
  </Event>
  
"
Microsoft-Windows-Sysmon/Operational,,,WinDev2309Eval,,,,22,19591,,,<unknown process>,,0x8000000000000000,4,,,0,,,,,,,{f57bd86a-6dab-658c-ce01-000000000f00},3588,2208,,127.0.0.1,127.0.0.1;,0,-,2023-12-27T18:32:13.0334450Z,,22,,5164,WINDEV2309EVAL\User,S-1-5-18,2023-12-27 14:52:03.296,5,"<Event xmlns=""http://schemas.microsoft.com/win/2004/08/events/event"">
    <System>
      <Provider Name=""Microsoft-Windows-Sysmon"" Guid=""{5770385f-c22a-43e0-bf4c-06f5698ffbd9}""/>
      <EventID>22</EventID>
      <Version>5</Version>
      <Level>4</Level>
      <Task>22</Task>
      <Opcode>0</Opcode>
      <Keywords>0x8000000000000000</Keywords>
      <TimeCreated SystemTime=""2023-12-27T18:32:13.0334450Z""/>
      <EventRecordID>19591</EventRecordID>
      <Correlation/>
      <Execution ProcessID=""3588"" ThreadID=""5164""/>
      <Channel>Microsoft-Windows-Sysmon/Operational</Channel>
      <Computer>WinDev2309Eval</Computer>
      <Security UserID=""S-1-5-18""/>
    </System>
    <EventData>
      <Data Name=""RuleName"">-</Data>
      <Data Name=""UtcTime"">2023-12-27 14:52:03.296</Data>
      <Data Name=""ProcessGuid"">{f57bd86a-6dab-658c-ce01-000000000f00}</Data>
      <Data Name=""ProcessId"">2208</Data>
      <Data Name=""QueryName"">127.0.0.1</Data>
      <Data Name=""QueryStatus"">0</Data>
      <Data Name=""QueryResults"">127.0.0.1;</Data>
      <Data Name=""Image"">&lt;unknown process&gt;</Data>
      <Data Name=""User"">WINDEV2309EVAL\User</Data>
    </EventData>
  </Event>
  
"
Microsoft-Windows-Sysmon/Operational,,,WinDev2309Eval,,,,22,19590,,,<unknown process>,,0x8000000000000000,4,,,0,,,,,,,{f57bd86a-6dab-658c-ce01-000000000f00},3588,2208,,WinDev2309Eval,192.168.36.130;192.168.126.163;,0,-,2023-12-27T18:32:13.0332028Z,,22,,5164,WINDEV2309EVAL\User,S-1-5-18,2023-12-27 14:52:03.294,5,"<Event xmlns=""http://schemas.microsoft.com/win/2004/08/events/event"">
    <System>
      <Provider Name=""Microsoft-Windows-Sysmon"" Guid=""{5770385f-c22a-43e0-bf4c-06f5698ffbd9}""/>
      <EventID>22</EventID>
      <Version>5</Version>
      <Level>4</Level>
      <Task>22</Task>
      <Opcode>0</Opcode>
      <Keywords>0x8000000000000000</Keywords>
      <TimeCreated SystemTime=""2023-12-27T18:32:13.0332028Z""/>
      <EventRecordID>19590</EventRecordID>
      <Correlation/>
      <Execution ProcessID=""3588"" ThreadID=""5164""/>
      <Channel>Microsoft-Windows-Sysmon/Operational</Channel>
      <Computer>WinDev2309Eval</Computer>
      <Security UserID=""S-1-5-18""/>
    </System>
    <EventData>
      <Data Name=""RuleName"">-</Data>
      <Data Name=""UtcTime"">2023-12-27 14:52:03.294</Data>
      <Data Name=""ProcessGuid"">{f57bd86a-6dab-658c-ce01-000000000f00}</Data>
      <Data Name=""ProcessId"">2208</Data>
      <Data Name=""QueryName"">WinDev2309Eval</Data>
      <Data Name=""QueryStatus"">0</Data>
      <Data Name=""QueryResults"">192.168.36.130;192.168.126.163;</Data>
      <Data Name=""Image"">&lt;unknown process&gt;</Data>
      <Data Name=""User"">WINDEV2309EVAL\User</Data>
    </EventData>
  </Event>
  
"
Microsoft-Windows-Sysmon/Operational,,,WinDev2309Eval,2023-12-27 18:32:11.853,,,11,19589,,,C:\Windows\System32\WindowsPowerShell\v1.0\powershell.exe,,0x8000000000000000,4,,,0,,,,,,,{f57bd86a-6dab-658c-d101-000000000f00},3588,9192,,,,,-,2023-12-27T18:32:11.8643056Z,C:\Users\User\AppData\Local\Temp\__PSScriptPolicyTest_daf52dxi.sxf.ps1,11,,5124,WINDEV2309EVAL\User,S-1-5-18,2023-12-27 18:32:11.853,2,"<Event xmlns=""http://schemas.microsoft.com/win/2004/08/events/event"">
    <System>
      <Provider Name=""Microsoft-Windows-Sysmon"" Guid=""{5770385f-c22a-43e0-bf4c-06f5698ffbd9}""/>
      <EventID>11</EventID>
      <Version>2</Version>
      <Level>4</Level>
      <Task>11</Task>
      <Opcode>0</Opcode>
      <Keywords>0x8000000000000000</Keywords>
      <TimeCreated SystemTime=""2023-12-27T18:32:11.8643056Z""/>
      <EventRecordID>19589</EventRecordID>
      <Correlation/>
      <Execution ProcessID=""3588"" ThreadID=""5124""/>
      <Channel>Microsoft-Windows-Sysmon/Operational</Channel>
      <Computer>WinDev2309Eval</Computer>
      <Security UserID=""S-1-5-18""/>
    </System>
    <EventData>
      <Data Name=""RuleName"">-</Data>
      <Data Name=""UtcTime"">2023-12-27 18:32:11.853</Data>
      <Data Name=""ProcessGuid"">{f57bd86a-6dab-658c-d101-000000000f00}</Data>
      <Data Name=""ProcessId"">9192</Data>
      <Data Name=""Image"">C:\Windows\System32\WindowsPowerShell\v1.0\powershell.exe</Data>
      <Data Name=""TargetFilename"">C:\Users\User\AppData\Local\Temp\__PSScriptPolicyTest_daf52dxi.sxf.ps1</Data>
      <Data Name=""CreationUtcTime"">2023-12-27 18:32:11.853</Data>
      <Data Name=""User"">WINDEV2309EVAL\User</Data>
    </EventData>
  </Event>
  
"
Microsoft-Windows-Sysmon/Operational,powershell  -exec bypass -e SQBuAHYAbwBrAGUALQBXAG0AaQBNAGUAdABoAG8AZAAgAC0AUABhAHQAaAAgAHcAaQBuADMAMgBfAHAAcgBvAGMAZQBzAHMAIAAtAE4AYQBtAGUAIABjAHIAZQBhAHQAZQAgAC0AQQByAGcAdQBtAGUAbgB0AEwAaQBzAHQAIABuAG8AdABlAHAAYQBkAC4AZQB4AGUA,Microsoft Corporation,WinDev2309Eval,,C:\Users\User\AppData\Local\Temp\,Windows PowerShell,1,19588,10.0.22621.2506 (WinBuild.160101.0800),"MD5=2D1D70C92A419D9079B047954C611886,SHA256=C50057756CDB25D481CF2502ABCEF124F864C27618C5057468BFC6B82B2C4EDD,IMPHASH=E09C4F82A1DA13A09F4FF2E625FEBA20",C:\Windows\System32\WindowsPowerShell\v1.0\powershell.exe,Medium,0x8000000000000000,4,{f57bd86a-36f9-658c-7bf8-020000000000},0x2f87b,0,PowerShell.EXE,"""cmd.exe"" /c powershell -exec bypass -e SQBuAHYAbwBrAGUALQBXAG0AaQBNAGUAdABoAG8AZAAgAC0AUABhAHQAaAAgAHcAaQBuADMAMgBfAHAAcgBvAGMAZQBzAHMAIAAtAE4AYQBtAGUAIABjAHIAZQBhAHQAZQAgAC0AQQByAGcAdQBtAGUAbgB0AEwAaQBzAHQAIABuAG8AdABlAHAAYQBkAC4AZQB4AGUA",C:\Windows\System32\cmd.exe,{f57bd86a-6dab-658c-cf01-000000000f00},3692,WINDEV2309EVAL\User,{f57bd86a-6dab-658c-d101-000000000f00},3588,9192,Microsoft® Windows® Operating System,,,,-,2023-12-27T18:32:11.7230796Z,,1,1,5124,WINDEV2309EVAL\User,S-1-5-18,2023-12-27 18:32:11.721,5,"<Event xmlns=""http://schemas.microsoft.com/win/2004/08/events/event"">
    <System>
      <Provider Name=""Microsoft-Windows-Sysmon"" Guid=""{5770385f-c22a-43e0-bf4c-06f5698ffbd9}""/>
      <EventID>1</EventID>
      <Version>5</Version>
      <Level>4</Level>
      <Task>1</Task>
      <Opcode>0</Opcode>
      <Keywords>0x8000000000000000</Keywords>
      <TimeCreated SystemTime=""2023-12-27T18:32:11.7230796Z""/>
      <EventRecordID>19588</EventRecordID>
      <Correlation/>
      <Execution ProcessID=""3588"" ThreadID=""5124""/>
      <Channel>Microsoft-Windows-Sysmon/Operational</Channel>
      <Computer>WinDev2309Eval</Computer>
      <Security UserID=""S-1-5-18""/>
    </System>
    <EventData>
      <Data Name=""RuleName"">-</Data>
      <Data Name=""UtcTime"">2023-12-27 18:32:11.721</Data>
      <Data Name=""ProcessGuid"">{f57bd86a-6dab-658c-d101-000000000f00}</Data>
      <Data Name=""ProcessId"">9192</Data>
      <Data Name=""Image"">C:\Windows\System32\WindowsPowerShell\v1.0\powershell.exe</Data>
      <Data Name=""FileVersion"">10.0.22621.2506 (WinBuild.160101.0800)</Data>
      <Data Name=""Description"">Windows PowerShell</Data>
      <Data Name=""Product"">Microsoft&#174; Windows&#174; Operating System</Data>
      <Data Name=""Company"">Microsoft Corporation</Data>
      <Data Name=""OriginalFileName"">PowerShell.EXE</Data>
      <Data Name=""CommandLine"">powershell  -exec bypass -e SQBuAHYAbwBrAGUALQBXAG0AaQBNAGUAdABoAG8AZAAgAC0AUABhAHQAaAAgAHcAaQBuADMAMgBfAHAAcgBvAGMAZQBzAHMAIAAtAE4AYQBtAGUAIABjAHIAZQBhAHQAZQAgAC0AQQByAGcAdQBtAGUAbgB0AEwAaQBzAHQAIABuAG8AdABlAHAAYQBkAC4AZQB4AGUA</Data>
      <Data Name=""CurrentDirectory"">C:\Users\User\AppData\Local\Temp\</Data>
      <Data Name=""User"">WINDEV2309EVAL\User</Data>
      <Data Name=""LogonGuid"">{f57bd86a-36f9-658c-7bf8-020000000000}</Data>
      <Data Name=""LogonId"">0x2f87b</Data>
      <Data Name=""TerminalSessionId"">1</Data>
      <Data Name=""IntegrityLevel"">Medium</Data>
      <Data Name=""Hashes"">MD5=2D1D70C92A419D9079B047954C611886,SHA256=C50057756CDB25D481CF2502ABCEF124F864C27618C5057468BFC6B82B2C4EDD,IMPHASH=E09C4F82A1DA13A09F4FF2E625FEBA20</Data>
      <Data Name=""ParentProcessGuid"">{f57bd86a-6dab-658c-cf01-000000000f00}</Data>
      <Data Name=""ParentProcessId"">3692</Data>
      <Data Name=""ParentImage"">C:\Windows\System32\cmd.exe</Data>
      <Data Name=""ParentCommandLine"">""cmd.exe"" /c powershell -exec bypass -e SQBuAHYAbwBrAGUALQBXAG0AaQBNAGUAdABoAG8AZAAgAC0AUABhAHQAaAAgAHcAaQBuADMAMgBfAHAAcgBvAGMAZQBzAHMAIAAtAE4AYQBtAGUAIABjAHIAZQBhAHQAZQAgAC0AQQByAGcAdQBtAGUAbgB0AEwAaQBzAHQAIABuAG8AdABlAHAAYQBkAC4AZQB4AGUA</Data>
      <Data Name=""ParentUser"">WINDEV2309EVAL\User</Data>
    </EventData>
  </Event>
  
"
