Microsoft-Windows-Sysmon/Operational,"""C:\Program Files\Windows NT\Accessories\wordpad.exe"" /p
                C:\AtomicRedTeam\atomics\..\ExternalPayloads\T1059_003note.txt",Microsoft Corporation,WinDev2309Eval,,C:\Users\User\AppData\Local\Temp\,Windows Wordpad Application,,1,19653,,10.0.22621.2861 (WinBuild.160101.0800),"
                MD5=463E4F3EF0E69443D88F8BC47670204A,SHA256=1FA4DF9D7D58695FA9930876F4E771AE500D043282A398FA3600FD6660C83E70,IMPHASH=53D023B3A55A3CC9CED17D7D122AA827",C:\Program Files\Windows NT\Accessories\wordpad.exe,Medium,0x8000000000000000,Information,{f57bd86a-36f9-658c-7bf8-020000000000},0x2f87b,"Process Create:

RuleName: -

UtcTime: 2023-12-27
                19:31:10.805

ProcessGuid:
                {f57bd86a-7b7e-658c-1002-000000000f00}

ProcessId: 12600

Image:
                C:\Program Files\Windows NT\Accessories\wordpad.exe

FileVersion:
                10.0.22621.2861 (WinBuild.160101.0800)

Description: Windows Wordpad
                Application

Product: Microsoft速 Windows速 Operating System

Company:
                Microsoft Corporation

OriginalFileName: WORDPAD.EXE

CommandLine:
                ""C:\Program Files\Windows NT\Accessories\wordpad.exe"" /p
                C:\AtomicRedTeam\atomics\..\ExternalPayloads\T1059_003note.txt

CurrentDirectory:
                C:\Users\User\AppData\Local\Temp\

User:
                WINDEV2309EVAL\User

LogonGuid:
                {f57bd86a-36f9-658c-7bf8-020000000000}

LogonId:
                0x2F87B

TerminalSessionId: 1

IntegrityLevel:
                Medium

Hashes:
                MD5=463E4F3EF0E69443D88F8BC47670204A,SHA256=1FA4DF9D7D58695FA9930876F4E771AE500D043282A398FA3600FD6660C83E70,IMPHASH=53D023B3A55A3CC9CED17D7D122AA827

ParentProcessGuid:
                {f57bd86a-7b78-658c-c601-000000000f00}

ParentProcessId:
                8316

ParentImage: C:\Windows\System32\cmd.exe

ParentCommandLine:
                ""C:\Windows\system32\cmd.exe"" /c ""for /l %x in (1,1,75) do start wordpad.exe /p
                C:\AtomicRedTeam\atomics\..\ExternalPayloads\T1059_003note.txt""

ParentUser:
                WINDEV2309EVAL\User",Info,WORDPAD.EXE,"""C:\Windows\system32\cmd.exe"" /c ""for /l %x in (1,1,75)
                do start wordpad.exe /p
                C:\AtomicRedTeam\atomics\..\ExternalPayloads\T1059_003note.txt""",C:\Windows\System32\cmd.exe,{f57bd86a-7b78-658c-c601-000000000f00},8316,WINDEV2309EVAL\User,{f57bd86a-7b7e-658c-1002-000000000f00},3588,12600,Microsoft速 Windows速 Operating System,,,,"
      
            
      ",-,2023-12-27T19:31:10.8078469Z,,,Process Create (rule: ProcessCreate),1,5124,WINDEV2309EVAL\User,S-1-5-18,2023-12-27 19:31:10.805,5,"<Event xmlns=""http://schemas.microsoft.com/win/2004/08/events/event"">
    
        
    <System>
      
            
      <Provider Name=""Microsoft-Windows-Sysmon"" Guid=""{5770385f-c22a-43e0-bf4c-06f5698ffbd9}""/>
      
            
      <EventID>1</EventID>
      
            
      <Version>5</Version>
      
            
      <Level>4</Level>
      
            
      <Task>1</Task>
      
            
      <Opcode>0</Opcode>
      
            
      <Keywords>0x8000000000000000</Keywords>
      
            
      <TimeCreated SystemTime=""2023-12-27T19:31:10.8078469Z""/>
      
            
      <EventRecordID>19653</EventRecordID>
      
            
      <Correlation/>
      
            
      <Execution ProcessID=""3588"" ThreadID=""5124""/>
      
            
      <Channel>Microsoft-Windows-Sysmon/Operational</Channel>
      
            
      <Computer>WinDev2309Eval</Computer>
      
            
      <Security UserID=""S-1-5-18""/>
      
        
    </System>
    
        
    <EventData>
      
            
      <Data Name=""RuleName"">-</Data>
      
            
      <Data Name=""UtcTime"">2023-12-27 19:31:10.805</Data>
      
            
      <Data Name=""ProcessGuid"">{f57bd86a-7b7e-658c-1002-000000000f00}</Data>
      
            
      <Data Name=""ProcessId"">12600</Data>
      
            
      <Data Name=""Image"">C:\Program Files\Windows NT\Accessories\wordpad.exe</Data>
      
            
      <Data Name=""FileVersion"">10.0.22621.2861 (WinBuild.160101.0800)</Data>
      
            
      <Data Name=""Description"">Windows Wordpad Application</Data>
      
            
      <Data Name=""Product"">Microsoft&#174; Windows&#174; Operating System</Data>
      
            
      <Data Name=""Company"">Microsoft Corporation</Data>
      
            
      <Data Name=""OriginalFileName"">WORDPAD.EXE</Data>
      
            
      <Data Name=""CommandLine"">""C:\Program Files\Windows NT\Accessories\wordpad.exe"" /p
                C:\AtomicRedTeam\atomics\..\ExternalPayloads\T1059_003note.txt</Data>
      
            
      <Data Name=""CurrentDirectory"">C:\Users\User\AppData\Local\Temp\</Data>
      
            
      <Data Name=""User"">WINDEV2309EVAL\User</Data>
      
            
      <Data Name=""LogonGuid"">{f57bd86a-36f9-658c-7bf8-020000000000}</Data>
      
            
      <Data Name=""LogonId"">0x2f87b</Data>
      
            
      <Data Name=""TerminalSessionId"">1</Data>
      
            
      <Data Name=""IntegrityLevel"">Medium</Data>
      
            
      <Data Name=""Hashes"">
                MD5=463E4F3EF0E69443D88F8BC47670204A,SHA256=1FA4DF9D7D58695FA9930876F4E771AE500D043282A398FA3600FD6660C83E70,IMPHASH=53D023B3A55A3CC9CED17D7D122AA827</Data>
      
            
      <Data Name=""ParentProcessGuid"">{f57bd86a-7b78-658c-c601-000000000f00}</Data>
      
            
      <Data Name=""ParentProcessId"">8316</Data>
      
            
      <Data Name=""ParentImage"">C:\Windows\System32\cmd.exe</Data>
      
            
      <Data Name=""ParentCommandLine"">""C:\Windows\system32\cmd.exe"" /c ""for /l %x in (1,1,75)
                do start wordpad.exe /p
                C:\AtomicRedTeam\atomics\..\ExternalPayloads\T1059_003note.txt""</Data>
      
            
      <Data Name=""ParentUser"">WINDEV2309EVAL\User</Data>
      
        
    </EventData>
    
        
    <RenderingInfo Culture=""en-US"">
      
            
      <Message>Process Create:

RuleName: -

UtcTime: 2023-12-27
                19:31:10.805

ProcessGuid:
                {f57bd86a-7b7e-658c-1002-000000000f00}

ProcessId: 12600

Image:
                C:\Program Files\Windows NT\Accessories\wordpad.exe

FileVersion:
                10.0.22621.2861 (WinBuild.160101.0800)

Description: Windows Wordpad
                Application

Product: Microsoft&#174; Windows&#174; Operating System

Company:
                Microsoft Corporation

OriginalFileName: WORDPAD.EXE

CommandLine:
                ""C:\Program Files\Windows NT\Accessories\wordpad.exe"" /p
                C:\AtomicRedTeam\atomics\..\ExternalPayloads\T1059_003note.txt

CurrentDirectory:
                C:\Users\User\AppData\Local\Temp\

User:
                WINDEV2309EVAL\User

LogonGuid:
                {f57bd86a-36f9-658c-7bf8-020000000000}

LogonId:
                0x2F87B

TerminalSessionId: 1

IntegrityLevel:
                Medium

Hashes:
                MD5=463E4F3EF0E69443D88F8BC47670204A,SHA256=1FA4DF9D7D58695FA9930876F4E771AE500D043282A398FA3600FD6660C83E70,IMPHASH=53D023B3A55A3CC9CED17D7D122AA827

ParentProcessGuid:
                {f57bd86a-7b78-658c-c601-000000000f00}

ParentProcessId:
                8316

ParentImage: C:\Windows\System32\cmd.exe

ParentCommandLine:
                ""C:\Windows\system32\cmd.exe"" /c ""for /l %x in (1,1,75) do start wordpad.exe /p
                C:\AtomicRedTeam\atomics\..\ExternalPayloads\T1059_003note.txt""

ParentUser:
                WINDEV2309EVAL\User</Message>
      
            
      <Level>Information</Level>
      
            
      <Task>Process Create (rule: ProcessCreate)</Task>
      
            
      <Opcode>Info</Opcode>
      
        
    </RenderingInfo>
    
    
  </Event>
  
    
  
"
Microsoft-Windows-Sysmon/Operational,"""C:\Program Files\Windows NT\Accessories\wordpad.exe"" /p
                C:\AtomicRedTeam\atomics\..\ExternalPayloads\T1059_003note.txt",Microsoft Corporation,WinDev2309Eval,,C:\Users\User\AppData\Local\Temp\,Windows Wordpad Application,,1,19652,,10.0.22621.2861 (WinBuild.160101.0800),"
                MD5=463E4F3EF0E69443D88F8BC47670204A,SHA256=1FA4DF9D7D58695FA9930876F4E771AE500D043282A398FA3600FD6660C83E70,IMPHASH=53D023B3A55A3CC9CED17D7D122AA827",C:\Program Files\Windows NT\Accessories\wordpad.exe,Medium,0x8000000000000000,Information,{f57bd86a-36f9-658c-7bf8-020000000000},0x2f87b,"Process Create:

RuleName: -

UtcTime: 2023-12-27
                19:31:10.568

ProcessGuid:
                {f57bd86a-7b7e-658c-0f02-000000000f00}

ProcessId: 12572

Image:
                C:\Program Files\Windows NT\Accessories\wordpad.exe

FileVersion:
                10.0.22621.2861 (WinBuild.160101.0800)

Description: Windows Wordpad
                Application

Product: Microsoft速 Windows速 Operating System

Company:
                Microsoft Corporation

OriginalFileName: WORDPAD.EXE

CommandLine:
                ""C:\Program Files\Windows NT\Accessories\wordpad.exe"" /p
                C:\AtomicRedTeam\atomics\..\ExternalPayloads\T1059_003note.txt

CurrentDirectory:
                C:\Users\User\AppData\Local\Temp\

User:
                WINDEV2309EVAL\User

LogonGuid:
                {f57bd86a-36f9-658c-7bf8-020000000000}

LogonId:
                0x2F87B

TerminalSessionId: 1

IntegrityLevel:
                Medium

Hashes:
                MD5=463E4F3EF0E69443D88F8BC47670204A,SHA256=1FA4DF9D7D58695FA9930876F4E771AE500D043282A398FA3600FD6660C83E70,IMPHASH=53D023B3A55A3CC9CED17D7D122AA827

ParentProcessGuid:
                {f57bd86a-7b78-658c-c601-000000000f00}

ParentProcessId:
                8316

ParentImage: C:\Windows\System32\cmd.exe

ParentCommandLine:
                ""C:\Windows\system32\cmd.exe"" /c ""for /l %x in (1,1,75) do start wordpad.exe /p
                C:\AtomicRedTeam\atomics\..\ExternalPayloads\T1059_003note.txt""

ParentUser:
                WINDEV2309EVAL\User",Info,WORDPAD.EXE,"""C:\Windows\system32\cmd.exe"" /c ""for /l %x in (1,1,75)
                do start wordpad.exe /p
                C:\AtomicRedTeam\atomics\..\ExternalPayloads\T1059_003note.txt""",C:\Windows\System32\cmd.exe,{f57bd86a-7b78-658c-c601-000000000f00},8316,WINDEV2309EVAL\User,{f57bd86a-7b7e-658c-0f02-000000000f00},3588,12572,Microsoft速 Windows速 Operating System,,,,"
      
            
      ",-,2023-12-27T19:31:10.5815292Z,,,Process Create (rule: ProcessCreate),1,5124,WINDEV2309EVAL\User,S-1-5-18,2023-12-27 19:31:10.568,5,"<Event xmlns=""http://schemas.microsoft.com/win/2004/08/events/event"">
    
        
    <System>
      
            
      <Provider Name=""Microsoft-Windows-Sysmon"" Guid=""{5770385f-c22a-43e0-bf4c-06f5698ffbd9}""/>
      
            
      <EventID>1</EventID>
      
            
      <Version>5</Version>
      
            
      <Level>4</Level>
      
            
      <Task>1</Task>
      
            
      <Opcode>0</Opcode>
      
            
      <Keywords>0x8000000000000000</Keywords>
      
            
      <TimeCreated SystemTime=""2023-12-27T19:31:10.5815292Z""/>
      
            
      <EventRecordID>19652</EventRecordID>
      
            
      <Correlation/>
      
            
      <Execution ProcessID=""3588"" ThreadID=""5124""/>
      
            
      <Channel>Microsoft-Windows-Sysmon/Operational</Channel>
      
            
      <Computer>WinDev2309Eval</Computer>
      
            
      <Security UserID=""S-1-5-18""/>
      
        
    </System>
    
        
    <EventData>
      
            
      <Data Name=""RuleName"">-</Data>
      
            
      <Data Name=""UtcTime"">2023-12-27 19:31:10.568</Data>
      
            
      <Data Name=""ProcessGuid"">{f57bd86a-7b7e-658c-0f02-000000000f00}</Data>
      
            
      <Data Name=""ProcessId"">12572</Data>
      
            
      <Data Name=""Image"">C:\Program Files\Windows NT\Accessories\wordpad.exe</Data>
      
            
      <Data Name=""FileVersion"">10.0.22621.2861 (WinBuild.160101.0800)</Data>
      
            
      <Data Name=""Description"">Windows Wordpad Application</Data>
      
            
      <Data Name=""Product"">Microsoft&#174; Windows&#174; Operating System</Data>
      
            
      <Data Name=""Company"">Microsoft Corporation</Data>
      
            
      <Data Name=""OriginalFileName"">WORDPAD.EXE</Data>
      
            
      <Data Name=""CommandLine"">""C:\Program Files\Windows NT\Accessories\wordpad.exe"" /p
                C:\AtomicRedTeam\atomics\..\ExternalPayloads\T1059_003note.txt</Data>
      
            
      <Data Name=""CurrentDirectory"">C:\Users\User\AppData\Local\Temp\</Data>
      
            
      <Data Name=""User"">WINDEV2309EVAL\User</Data>
      
            
      <Data Name=""LogonGuid"">{f57bd86a-36f9-658c-7bf8-020000000000}</Data>
      
            
      <Data Name=""LogonId"">0x2f87b</Data>
      
            
      <Data Name=""TerminalSessionId"">1</Data>
      
            
      <Data Name=""IntegrityLevel"">Medium</Data>
      
            
      <Data Name=""Hashes"">
                MD5=463E4F3EF0E69443D88F8BC47670204A,SHA256=1FA4DF9D7D58695FA9930876F4E771AE500D043282A398FA3600FD6660C83E70,IMPHASH=53D023B3A55A3CC9CED17D7D122AA827</Data>
      
            
      <Data Name=""ParentProcessGuid"">{f57bd86a-7b78-658c-c601-000000000f00}</Data>
      
            
      <Data Name=""ParentProcessId"">8316</Data>
      
            
      <Data Name=""ParentImage"">C:\Windows\System32\cmd.exe</Data>
      
            
      <Data Name=""ParentCommandLine"">""C:\Windows\system32\cmd.exe"" /c ""for /l %x in (1,1,75)
                do start wordpad.exe /p
                C:\AtomicRedTeam\atomics\..\ExternalPayloads\T1059_003note.txt""</Data>
      
            
      <Data Name=""ParentUser"">WINDEV2309EVAL\User</Data>
      
        
    </EventData>
    
        
    <RenderingInfo Culture=""en-US"">
      
            
      <Message>Process Create:

RuleName: -

UtcTime: 2023-12-27
                19:31:10.568

ProcessGuid:
                {f57bd86a-7b7e-658c-0f02-000000000f00}

ProcessId: 12572

Image:
                C:\Program Files\Windows NT\Accessories\wordpad.exe

FileVersion:
                10.0.22621.2861 (WinBuild.160101.0800)

Description: Windows Wordpad
                Application

Product: Microsoft&#174; Windows&#174; Operating System

Company:
                Microsoft Corporation

OriginalFileName: WORDPAD.EXE

CommandLine:
                ""C:\Program Files\Windows NT\Accessories\wordpad.exe"" /p
                C:\AtomicRedTeam\atomics\..\ExternalPayloads\T1059_003note.txt

CurrentDirectory:
                C:\Users\User\AppData\Local\Temp\

User:
                WINDEV2309EVAL\User

LogonGuid:
                {f57bd86a-36f9-658c-7bf8-020000000000}

LogonId:
                0x2F87B

TerminalSessionId: 1

IntegrityLevel:
                Medium

Hashes:
                MD5=463E4F3EF0E69443D88F8BC47670204A,SHA256=1FA4DF9D7D58695FA9930876F4E771AE500D043282A398FA3600FD6660C83E70,IMPHASH=53D023B3A55A3CC9CED17D7D122AA827

ParentProcessGuid:
                {f57bd86a-7b78-658c-c601-000000000f00}

ParentProcessId:
                8316

ParentImage: C:\Windows\System32\cmd.exe

ParentCommandLine:
                ""C:\Windows\system32\cmd.exe"" /c ""for /l %x in (1,1,75) do start wordpad.exe /p
                C:\AtomicRedTeam\atomics\..\ExternalPayloads\T1059_003note.txt""

ParentUser:
                WINDEV2309EVAL\User</Message>
      
            
      <Level>Information</Level>
      
            
      <Task>Process Create (rule: ProcessCreate)</Task>
      
            
      <Opcode>Info</Opcode>
      
        
    </RenderingInfo>
    
    
  </Event>
  
    
  
"
Microsoft-Windows-Sysmon/Operational,"""C:\Program Files\Windows NT\Accessories\wordpad.exe"" /p
                C:\AtomicRedTeam\atomics\..\ExternalPayloads\T1059_003note.txt",Microsoft Corporation,WinDev2309Eval,,C:\Users\User\AppData\Local\Temp\,Windows Wordpad Application,,1,19651,,10.0.22621.2861 (WinBuild.160101.0800),"
                MD5=463E4F3EF0E69443D88F8BC47670204A,SHA256=1FA4DF9D7D58695FA9930876F4E771AE500D043282A398FA3600FD6660C83E70,IMPHASH=53D023B3A55A3CC9CED17D7D122AA827",C:\Program Files\Windows NT\Accessories\wordpad.exe,Medium,0x8000000000000000,Information,{f57bd86a-36f9-658c-7bf8-020000000000},0x2f87b,"Process Create:

RuleName: -

UtcTime: 2023-12-27
                19:31:10.363

ProcessGuid:
                {f57bd86a-7b7e-658c-0e02-000000000f00}

ProcessId: 12548

Image:
                C:\Program Files\Windows NT\Accessories\wordpad.exe

FileVersion:
                10.0.22621.2861 (WinBuild.160101.0800)

Description: Windows Wordpad
                Application

Product: Microsoft速 Windows速 Operating System

Company:
                Microsoft Corporation

OriginalFileName: WORDPAD.EXE

CommandLine:
                ""C:\Program Files\Windows NT\Accessories\wordpad.exe"" /p
                C:\AtomicRedTeam\atomics\..\ExternalPayloads\T1059_003note.txt

CurrentDirectory:
                C:\Users\User\AppData\Local\Temp\

User:
                WINDEV2309EVAL\User

LogonGuid:
                {f57bd86a-36f9-658c-7bf8-020000000000}

LogonId:
                0x2F87B

TerminalSessionId: 1

IntegrityLevel:
                Medium

Hashes:
                MD5=463E4F3EF0E69443D88F8BC47670204A,SHA256=1FA4DF9D7D58695FA9930876F4E771AE500D043282A398FA3600FD6660C83E70,IMPHASH=53D023B3A55A3CC9CED17D7D122AA827

ParentProcessGuid:
                {f57bd86a-7b78-658c-c601-000000000f00}

ParentProcessId:
                8316

ParentImage: C:\Windows\System32\cmd.exe

ParentCommandLine:
                ""C:\Windows\system32\cmd.exe"" /c ""for /l %x in (1,1,75) do start wordpad.exe /p
                C:\AtomicRedTeam\atomics\..\ExternalPayloads\T1059_003note.txt""

ParentUser:
                WINDEV2309EVAL\User",Info,WORDPAD.EXE,"""C:\Windows\system32\cmd.exe"" /c ""for /l %x in (1,1,75)
                do start wordpad.exe /p
                C:\AtomicRedTeam\atomics\..\ExternalPayloads\T1059_003note.txt""",C:\Windows\System32\cmd.exe,{f57bd86a-7b78-658c-c601-000000000f00},8316,WINDEV2309EVAL\User,{f57bd86a-7b7e-658c-0e02-000000000f00},3588,12548,Microsoft速 Windows速 Operating System,,,,"
      
            
      ",-,2023-12-27T19:31:10.3674975Z,,,Process Create (rule: ProcessCreate),1,5124,WINDEV2309EVAL\User,S-1-5-18,2023-12-27 19:31:10.363,5,"<Event xmlns=""http://schemas.microsoft.com/win/2004/08/events/event"">
    
        
    <System>
      
            
      <Provider Name=""Microsoft-Windows-Sysmon"" Guid=""{5770385f-c22a-43e0-bf4c-06f5698ffbd9}""/>
      
            
      <EventID>1</EventID>
      
            
      <Version>5</Version>
      
            
      <Level>4</Level>
      
            
      <Task>1</Task>
      
            
      <Opcode>0</Opcode>
      
            
      <Keywords>0x8000000000000000</Keywords>
      
            
      <TimeCreated SystemTime=""2023-12-27T19:31:10.3674975Z""/>
      
            
      <EventRecordID>19651</EventRecordID>
      
            
      <Correlation/>
      
            
      <Execution ProcessID=""3588"" ThreadID=""5124""/>
      
            
      <Channel>Microsoft-Windows-Sysmon/Operational</Channel>
      
            
      <Computer>WinDev2309Eval</Computer>
      
            
      <Security UserID=""S-1-5-18""/>
      
        
    </System>
    
        
    <EventData>
      
            
      <Data Name=""RuleName"">-</Data>
      
            
      <Data Name=""UtcTime"">2023-12-27 19:31:10.363</Data>
      
            
      <Data Name=""ProcessGuid"">{f57bd86a-7b7e-658c-0e02-000000000f00}</Data>
      
            
      <Data Name=""ProcessId"">12548</Data>
      
            
      <Data Name=""Image"">C:\Program Files\Windows NT\Accessories\wordpad.exe</Data>
      
            
      <Data Name=""FileVersion"">10.0.22621.2861 (WinBuild.160101.0800)</Data>
      
            
      <Data Name=""Description"">Windows Wordpad Application</Data>
      
            
      <Data Name=""Product"">Microsoft&#174; Windows&#174; Operating System</Data>
      
            
      <Data Name=""Company"">Microsoft Corporation</Data>
      
            
      <Data Name=""OriginalFileName"">WORDPAD.EXE</Data>
      
            
      <Data Name=""CommandLine"">""C:\Program Files\Windows NT\Accessories\wordpad.exe"" /p
                C:\AtomicRedTeam\atomics\..\ExternalPayloads\T1059_003note.txt</Data>
      
            
      <Data Name=""CurrentDirectory"">C:\Users\User\AppData\Local\Temp\</Data>
      
            
      <Data Name=""User"">WINDEV2309EVAL\User</Data>
      
            
      <Data Name=""LogonGuid"">{f57bd86a-36f9-658c-7bf8-020000000000}</Data>
      
            
      <Data Name=""LogonId"">0x2f87b</Data>
      
            
      <Data Name=""TerminalSessionId"">1</Data>
      
            
      <Data Name=""IntegrityLevel"">Medium</Data>
      
            
      <Data Name=""Hashes"">
                MD5=463E4F3EF0E69443D88F8BC47670204A,SHA256=1FA4DF9D7D58695FA9930876F4E771AE500D043282A398FA3600FD6660C83E70,IMPHASH=53D023B3A55A3CC9CED17D7D122AA827</Data>
      
            
      <Data Name=""ParentProcessGuid"">{f57bd86a-7b78-658c-c601-000000000f00}</Data>
      
            
      <Data Name=""ParentProcessId"">8316</Data>
      
            
      <Data Name=""ParentImage"">C:\Windows\System32\cmd.exe</Data>
      
            
      <Data Name=""ParentCommandLine"">""C:\Windows\system32\cmd.exe"" /c ""for /l %x in (1,1,75)
                do start wordpad.exe /p
                C:\AtomicRedTeam\atomics\..\ExternalPayloads\T1059_003note.txt""</Data>
      
            
      <Data Name=""ParentUser"">WINDEV2309EVAL\User</Data>
      
        
    </EventData>
    
        
    <RenderingInfo Culture=""en-US"">
      
            
      <Message>Process Create:

RuleName: -

UtcTime: 2023-12-27
                19:31:10.363

ProcessGuid:
                {f57bd86a-7b7e-658c-0e02-000000000f00}

ProcessId: 12548

Image:
                C:\Program Files\Windows NT\Accessories\wordpad.exe

FileVersion:
                10.0.22621.2861 (WinBuild.160101.0800)

Description: Windows Wordpad
                Application

Product: Microsoft&#174; Windows&#174; Operating System

Company:
                Microsoft Corporation

OriginalFileName: WORDPAD.EXE

CommandLine:
                ""C:\Program Files\Windows NT\Accessories\wordpad.exe"" /p
                C:\AtomicRedTeam\atomics\..\ExternalPayloads\T1059_003note.txt

CurrentDirectory:
                C:\Users\User\AppData\Local\Temp\

User:
                WINDEV2309EVAL\User

LogonGuid:
                {f57bd86a-36f9-658c-7bf8-020000000000}

LogonId:
                0x2F87B

TerminalSessionId: 1

IntegrityLevel:
                Medium

Hashes:
                MD5=463E4F3EF0E69443D88F8BC47670204A,SHA256=1FA4DF9D7D58695FA9930876F4E771AE500D043282A398FA3600FD6660C83E70,IMPHASH=53D023B3A55A3CC9CED17D7D122AA827

ParentProcessGuid:
                {f57bd86a-7b78-658c-c601-000000000f00}

ParentProcessId:
                8316

ParentImage: C:\Windows\System32\cmd.exe

ParentCommandLine:
                ""C:\Windows\system32\cmd.exe"" /c ""for /l %x in (1,1,75) do start wordpad.exe /p
                C:\AtomicRedTeam\atomics\..\ExternalPayloads\T1059_003note.txt""

ParentUser:
                WINDEV2309EVAL\User</Message>
      
            
      <Level>Information</Level>
      
            
      <Task>Process Create (rule: ProcessCreate)</Task>
      
            
      <Opcode>Info</Opcode>
      
        
    </RenderingInfo>
    
    
  </Event>
  
    
  
"
Microsoft-Windows-Sysmon/Operational,"""C:\Program Files\Windows NT\Accessories\wordpad.exe"" /p
                C:\AtomicRedTeam\atomics\..\ExternalPayloads\T1059_003note.txt",Microsoft Corporation,WinDev2309Eval,,C:\Users\User\AppData\Local\Temp\,Windows Wordpad Application,,1,19650,,10.0.22621.2861 (WinBuild.160101.0800),"
                MD5=463E4F3EF0E69443D88F8BC47670204A,SHA256=1FA4DF9D7D58695FA9930876F4E771AE500D043282A398FA3600FD6660C83E70,IMPHASH=53D023B3A55A3CC9CED17D7D122AA827",C:\Program Files\Windows NT\Accessories\wordpad.exe,Medium,0x8000000000000000,Information,{f57bd86a-36f9-658c-7bf8-020000000000},0x2f87b,"Process Create:

RuleName: -

UtcTime: 2023-12-27
                19:31:10.168

ProcessGuid:
                {f57bd86a-7b7e-658c-0d02-000000000f00}

ProcessId: 12512

Image:
                C:\Program Files\Windows NT\Accessories\wordpad.exe

FileVersion:
                10.0.22621.2861 (WinBuild.160101.0800)

Description: Windows Wordpad
                Application

Product: Microsoft速 Windows速 Operating System

Company:
                Microsoft Corporation

OriginalFileName: WORDPAD.EXE

CommandLine:
                ""C:\Program Files\Windows NT\Accessories\wordpad.exe"" /p
                C:\AtomicRedTeam\atomics\..\ExternalPayloads\T1059_003note.txt

CurrentDirectory:
                C:\Users\User\AppData\Local\Temp\

User:
                WINDEV2309EVAL\User

LogonGuid:
                {f57bd86a-36f9-658c-7bf8-020000000000}

LogonId:
                0x2F87B

TerminalSessionId: 1

IntegrityLevel:
                Medium

Hashes:
                MD5=463E4F3EF0E69443D88F8BC47670204A,SHA256=1FA4DF9D7D58695FA9930876F4E771AE500D043282A398FA3600FD6660C83E70,IMPHASH=53D023B3A55A3CC9CED17D7D122AA827

ParentProcessGuid:
                {f57bd86a-7b78-658c-c601-000000000f00}

ParentProcessId:
                8316

ParentImage: C:\Windows\System32\cmd.exe

ParentCommandLine:
                ""C:\Windows\system32\cmd.exe"" /c ""for /l %x in (1,1,75) do start wordpad.exe /p
                C:\AtomicRedTeam\atomics\..\ExternalPayloads\T1059_003note.txt""

ParentUser:
                WINDEV2309EVAL\User",Info,WORDPAD.EXE,"""C:\Windows\system32\cmd.exe"" /c ""for /l %x in (1,1,75)
                do start wordpad.exe /p
                C:\AtomicRedTeam\atomics\..\ExternalPayloads\T1059_003note.txt""",C:\Windows\System32\cmd.exe,{f57bd86a-7b78-658c-c601-000000000f00},8316,WINDEV2309EVAL\User,{f57bd86a-7b7e-658c-0d02-000000000f00},3588,12512,Microsoft速 Windows速 Operating System,,,,"
      
            
      ",-,2023-12-27T19:31:10.1714232Z,,,Process Create (rule: ProcessCreate),1,5124,WINDEV2309EVAL\User,S-1-5-18,2023-12-27 19:31:10.168,5,"<Event xmlns=""http://schemas.microsoft.com/win/2004/08/events/event"">
    
        
    <System>
      
            
      <Provider Name=""Microsoft-Windows-Sysmon"" Guid=""{5770385f-c22a-43e0-bf4c-06f5698ffbd9}""/>
      
            
      <EventID>1</EventID>
      
            
      <Version>5</Version>
      
            
      <Level>4</Level>
      
            
      <Task>1</Task>
      
            
      <Opcode>0</Opcode>
      
            
      <Keywords>0x8000000000000000</Keywords>
      
            
      <TimeCreated SystemTime=""2023-12-27T19:31:10.1714232Z""/>
      
            
      <EventRecordID>19650</EventRecordID>
      
            
      <Correlation/>
      
            
      <Execution ProcessID=""3588"" ThreadID=""5124""/>
      
            
      <Channel>Microsoft-Windows-Sysmon/Operational</Channel>
      
            
      <Computer>WinDev2309Eval</Computer>
      
            
      <Security UserID=""S-1-5-18""/>
      
        
    </System>
    
        
    <EventData>
      
            
      <Data Name=""RuleName"">-</Data>
      
            
      <Data Name=""UtcTime"">2023-12-27 19:31:10.168</Data>
      
            
      <Data Name=""ProcessGuid"">{f57bd86a-7b7e-658c-0d02-000000000f00}</Data>
      
            
      <Data Name=""ProcessId"">12512</Data>
      
            
      <Data Name=""Image"">C:\Program Files\Windows NT\Accessories\wordpad.exe</Data>
      
            
      <Data Name=""FileVersion"">10.0.22621.2861 (WinBuild.160101.0800)</Data>
      
            
      <Data Name=""Description"">Windows Wordpad Application</Data>
      
            
      <Data Name=""Product"">Microsoft&#174; Windows&#174; Operating System</Data>
      
            
      <Data Name=""Company"">Microsoft Corporation</Data>
      
            
      <Data Name=""OriginalFileName"">WORDPAD.EXE</Data>
      
            
      <Data Name=""CommandLine"">""C:\Program Files\Windows NT\Accessories\wordpad.exe"" /p
                C:\AtomicRedTeam\atomics\..\ExternalPayloads\T1059_003note.txt</Data>
      
            
      <Data Name=""CurrentDirectory"">C:\Users\User\AppData\Local\Temp\</Data>
      
            
      <Data Name=""User"">WINDEV2309EVAL\User</Data>
      
            
      <Data Name=""LogonGuid"">{f57bd86a-36f9-658c-7bf8-020000000000}</Data>
      
            
      <Data Name=""LogonId"">0x2f87b</Data>
      
            
      <Data Name=""TerminalSessionId"">1</Data>
      
            
      <Data Name=""IntegrityLevel"">Medium</Data>
      
            
      <Data Name=""Hashes"">
                MD5=463E4F3EF0E69443D88F8BC47670204A,SHA256=1FA4DF9D7D58695FA9930876F4E771AE500D043282A398FA3600FD6660C83E70,IMPHASH=53D023B3A55A3CC9CED17D7D122AA827</Data>
      
            
      <Data Name=""ParentProcessGuid"">{f57bd86a-7b78-658c-c601-000000000f00}</Data>
      
            
      <Data Name=""ParentProcessId"">8316</Data>
      
            
      <Data Name=""ParentImage"">C:\Windows\System32\cmd.exe</Data>
      
            
      <Data Name=""ParentCommandLine"">""C:\Windows\system32\cmd.exe"" /c ""for /l %x in (1,1,75)
                do start wordpad.exe /p
                C:\AtomicRedTeam\atomics\..\ExternalPayloads\T1059_003note.txt""</Data>
      
            
      <Data Name=""ParentUser"">WINDEV2309EVAL\User</Data>
      
        
    </EventData>
    
        
    <RenderingInfo Culture=""en-US"">
      
            
      <Message>Process Create:

RuleName: -

UtcTime: 2023-12-27
                19:31:10.168

ProcessGuid:
                {f57bd86a-7b7e-658c-0d02-000000000f00}

ProcessId: 12512

Image:
                C:\Program Files\Windows NT\Accessories\wordpad.exe

FileVersion:
                10.0.22621.2861 (WinBuild.160101.0800)

Description: Windows Wordpad
                Application

Product: Microsoft&#174; Windows&#174; Operating System

Company:
                Microsoft Corporation

OriginalFileName: WORDPAD.EXE

CommandLine:
                ""C:\Program Files\Windows NT\Accessories\wordpad.exe"" /p
                C:\AtomicRedTeam\atomics\..\ExternalPayloads\T1059_003note.txt

CurrentDirectory:
                C:\Users\User\AppData\Local\Temp\

User:
                WINDEV2309EVAL\User

LogonGuid:
                {f57bd86a-36f9-658c-7bf8-020000000000}

LogonId:
                0x2F87B

TerminalSessionId: 1

IntegrityLevel:
                Medium

Hashes:
                MD5=463E4F3EF0E69443D88F8BC47670204A,SHA256=1FA4DF9D7D58695FA9930876F4E771AE500D043282A398FA3600FD6660C83E70,IMPHASH=53D023B3A55A3CC9CED17D7D122AA827

ParentProcessGuid:
                {f57bd86a-7b78-658c-c601-000000000f00}

ParentProcessId:
                8316

ParentImage: C:\Windows\System32\cmd.exe

ParentCommandLine:
                ""C:\Windows\system32\cmd.exe"" /c ""for /l %x in (1,1,75) do start wordpad.exe /p
                C:\AtomicRedTeam\atomics\..\ExternalPayloads\T1059_003note.txt""

ParentUser:
                WINDEV2309EVAL\User</Message>
      
            
      <Level>Information</Level>
      
            
      <Task>Process Create (rule: ProcessCreate)</Task>
      
            
      <Opcode>Info</Opcode>
      
        
    </RenderingInfo>
    
    
  </Event>
  
    
  
"
Microsoft-Windows-Sysmon/Operational,"""C:\Program Files\Windows NT\Accessories\wordpad.exe"" /p
                C:\AtomicRedTeam\atomics\..\ExternalPayloads\T1059_003note.txt",Microsoft Corporation,WinDev2309Eval,,C:\Users\User\AppData\Local\Temp\,Windows Wordpad Application,,1,19649,,10.0.22621.2861 (WinBuild.160101.0800),"
                MD5=463E4F3EF0E69443D88F8BC47670204A,SHA256=1FA4DF9D7D58695FA9930876F4E771AE500D043282A398FA3600FD6660C83E70,IMPHASH=53D023B3A55A3CC9CED17D7D122AA827",C:\Program Files\Windows NT\Accessories\wordpad.exe,Medium,0x8000000000000000,Information,{f57bd86a-36f9-658c-7bf8-020000000000},0x2f87b,"Process Create:

RuleName: -

UtcTime: 2023-12-27
                19:31:10.010

ProcessGuid:
                {f57bd86a-7b7e-658c-0c02-000000000f00}

ProcessId: 12484

Image:
                C:\Program Files\Windows NT\Accessories\wordpad.exe

FileVersion:
                10.0.22621.2861 (WinBuild.160101.0800)

Description: Windows Wordpad
                Application

Product: Microsoft速 Windows速 Operating System

Company:
                Microsoft Corporation

OriginalFileName: WORDPAD.EXE

CommandLine:
                ""C:\Program Files\Windows NT\Accessories\wordpad.exe"" /p
                C:\AtomicRedTeam\atomics\..\ExternalPayloads\T1059_003note.txt

CurrentDirectory:
                C:\Users\User\AppData\Local\Temp\

User:
                WINDEV2309EVAL\User

LogonGuid:
                {f57bd86a-36f9-658c-7bf8-020000000000}

LogonId:
                0x2F87B

TerminalSessionId: 1

IntegrityLevel:
                Medium

Hashes:
                MD5=463E4F3EF0E69443D88F8BC47670204A,SHA256=1FA4DF9D7D58695FA9930876F4E771AE500D043282A398FA3600FD6660C83E70,IMPHASH=53D023B3A55A3CC9CED17D7D122AA827

ParentProcessGuid:
                {f57bd86a-7b78-658c-c601-000000000f00}

ParentProcessId:
                8316

ParentImage: C:\Windows\System32\cmd.exe

ParentCommandLine:
                ""C:\Windows\system32\cmd.exe"" /c ""for /l %x in (1,1,75) do start wordpad.exe /p
                C:\AtomicRedTeam\atomics\..\ExternalPayloads\T1059_003note.txt""

ParentUser:
                WINDEV2309EVAL\User",Info,WORDPAD.EXE,"""C:\Windows\system32\cmd.exe"" /c ""for /l %x in (1,1,75)
                do start wordpad.exe /p
                C:\AtomicRedTeam\atomics\..\ExternalPayloads\T1059_003note.txt""",C:\Windows\System32\cmd.exe,{f57bd86a-7b78-658c-c601-000000000f00},8316,WINDEV2309EVAL\User,{f57bd86a-7b7e-658c-0c02-000000000f00},3588,12484,Microsoft速 Windows速 Operating System,,,,"
      
            
      ",-,2023-12-27T19:31:10.0135083Z,,,Process Create (rule: ProcessCreate),1,5124,WINDEV2309EVAL\User,S-1-5-18,2023-12-27 19:31:10.010,5,"<Event xmlns=""http://schemas.microsoft.com/win/2004/08/events/event"">
    
        
    <System>
      
            
      <Provider Name=""Microsoft-Windows-Sysmon"" Guid=""{5770385f-c22a-43e0-bf4c-06f5698ffbd9}""/>
      
            
      <EventID>1</EventID>
      
            
      <Version>5</Version>
      
            
      <Level>4</Level>
      
            
      <Task>1</Task>
      
            
      <Opcode>0</Opcode>
      
            
      <Keywords>0x8000000000000000</Keywords>
      
            
      <TimeCreated SystemTime=""2023-12-27T19:31:10.0135083Z""/>
      
            
      <EventRecordID>19649</EventRecordID>
      
            
      <Correlation/>
      
            
      <Execution ProcessID=""3588"" ThreadID=""5124""/>
      
            
      <Channel>Microsoft-Windows-Sysmon/Operational</Channel>
      
            
      <Computer>WinDev2309Eval</Computer>
      
            
      <Security UserID=""S-1-5-18""/>
      
        
    </System>
    
        
    <EventData>
      
            
      <Data Name=""RuleName"">-</Data>
      
            
      <Data Name=""UtcTime"">2023-12-27 19:31:10.010</Data>
      
            
      <Data Name=""ProcessGuid"">{f57bd86a-7b7e-658c-0c02-000000000f00}</Data>
      
            
      <Data Name=""ProcessId"">12484</Data>
      
            
      <Data Name=""Image"">C:\Program Files\Windows NT\Accessories\wordpad.exe</Data>
      
            
      <Data Name=""FileVersion"">10.0.22621.2861 (WinBuild.160101.0800)</Data>
      
            
      <Data Name=""Description"">Windows Wordpad Application</Data>
      
            
      <Data Name=""Product"">Microsoft&#174; Windows&#174; Operating System</Data>
      
            
      <Data Name=""Company"">Microsoft Corporation</Data>
      
            
      <Data Name=""OriginalFileName"">WORDPAD.EXE</Data>
      
            
      <Data Name=""CommandLine"">""C:\Program Files\Windows NT\Accessories\wordpad.exe"" /p
                C:\AtomicRedTeam\atomics\..\ExternalPayloads\T1059_003note.txt</Data>
      
            
      <Data Name=""CurrentDirectory"">C:\Users\User\AppData\Local\Temp\</Data>
      
            
      <Data Name=""User"">WINDEV2309EVAL\User</Data>
      
            
      <Data Name=""LogonGuid"">{f57bd86a-36f9-658c-7bf8-020000000000}</Data>
      
            
      <Data Name=""LogonId"">0x2f87b</Data>
      
            
      <Data Name=""TerminalSessionId"">1</Data>
      
            
      <Data Name=""IntegrityLevel"">Medium</Data>
      
            
      <Data Name=""Hashes"">
                MD5=463E4F3EF0E69443D88F8BC47670204A,SHA256=1FA4DF9D7D58695FA9930876F4E771AE500D043282A398FA3600FD6660C83E70,IMPHASH=53D023B3A55A3CC9CED17D7D122AA827</Data>
      
            
      <Data Name=""ParentProcessGuid"">{f57bd86a-7b78-658c-c601-000000000f00}</Data>
      
            
      <Data Name=""ParentProcessId"">8316</Data>
      
            
      <Data Name=""ParentImage"">C:\Windows\System32\cmd.exe</Data>
      
            
      <Data Name=""ParentCommandLine"">""C:\Windows\system32\cmd.exe"" /c ""for /l %x in (1,1,75)
                do start wordpad.exe /p
                C:\AtomicRedTeam\atomics\..\ExternalPayloads\T1059_003note.txt""</Data>
      
            
      <Data Name=""ParentUser"">WINDEV2309EVAL\User</Data>
      
        
    </EventData>
    
        
    <RenderingInfo Culture=""en-US"">
      
            
      <Message>Process Create:

RuleName: -

UtcTime: 2023-12-27
                19:31:10.010

ProcessGuid:
                {f57bd86a-7b7e-658c-0c02-000000000f00}

ProcessId: 12484

Image:
                C:\Program Files\Windows NT\Accessories\wordpad.exe

FileVersion:
                10.0.22621.2861 (WinBuild.160101.0800)

Description: Windows Wordpad
                Application

Product: Microsoft&#174; Windows&#174; Operating System

Company:
                Microsoft Corporation

OriginalFileName: WORDPAD.EXE

CommandLine:
                ""C:\Program Files\Windows NT\Accessories\wordpad.exe"" /p
                C:\AtomicRedTeam\atomics\..\ExternalPayloads\T1059_003note.txt

CurrentDirectory:
                C:\Users\User\AppData\Local\Temp\

User:
                WINDEV2309EVAL\User

LogonGuid:
                {f57bd86a-36f9-658c-7bf8-020000000000}

LogonId:
                0x2F87B

TerminalSessionId: 1

IntegrityLevel:
                Medium

Hashes:
                MD5=463E4F3EF0E69443D88F8BC47670204A,SHA256=1FA4DF9D7D58695FA9930876F4E771AE500D043282A398FA3600FD6660C83E70,IMPHASH=53D023B3A55A3CC9CED17D7D122AA827

ParentProcessGuid:
                {f57bd86a-7b78-658c-c601-000000000f00}

ParentProcessId:
                8316

ParentImage: C:\Windows\System32\cmd.exe

ParentCommandLine:
                ""C:\Windows\system32\cmd.exe"" /c ""for /l %x in (1,1,75) do start wordpad.exe /p
                C:\AtomicRedTeam\atomics\..\ExternalPayloads\T1059_003note.txt""

ParentUser:
                WINDEV2309EVAL\User</Message>
      
            
      <Level>Information</Level>
      
            
      <Task>Process Create (rule: ProcessCreate)</Task>
      
            
      <Opcode>Info</Opcode>
      
        
    </RenderingInfo>
    
    
  </Event>
  
    
  
"
Microsoft-Windows-Sysmon/Operational,"""C:\Program Files\Windows NT\Accessories\wordpad.exe"" /p
                C:\AtomicRedTeam\atomics\..\ExternalPayloads\T1059_003note.txt",Microsoft Corporation,WinDev2309Eval,,C:\Users\User\AppData\Local\Temp\,Windows Wordpad Application,,1,19648,,10.0.22621.2861 (WinBuild.160101.0800),"
                MD5=463E4F3EF0E69443D88F8BC47670204A,SHA256=1FA4DF9D7D58695FA9930876F4E771AE500D043282A398FA3600FD6660C83E70,IMPHASH=53D023B3A55A3CC9CED17D7D122AA827",C:\Program Files\Windows NT\Accessories\wordpad.exe,Medium,0x8000000000000000,Information,{f57bd86a-36f9-658c-7bf8-020000000000},0x2f87b,"Process Create:

RuleName: -

UtcTime: 2023-12-27
                19:31:09.869

ProcessGuid:
                {f57bd86a-7b7d-658c-0b02-000000000f00}

ProcessId: 12460

Image:
                C:\Program Files\Windows NT\Accessories\wordpad.exe

FileVersion:
                10.0.22621.2861 (WinBuild.160101.0800)

Description: Windows Wordpad
                Application

Product: Microsoft速 Windows速 Operating System

Company:
                Microsoft Corporation

OriginalFileName: WORDPAD.EXE

CommandLine:
                ""C:\Program Files\Windows NT\Accessories\wordpad.exe"" /p
                C:\AtomicRedTeam\atomics\..\ExternalPayloads\T1059_003note.txt

CurrentDirectory:
                C:\Users\User\AppData\Local\Temp\

User:
                WINDEV2309EVAL\User

LogonGuid:
                {f57bd86a-36f9-658c-7bf8-020000000000}

LogonId:
                0x2F87B

TerminalSessionId: 1

IntegrityLevel:
                Medium

Hashes:
                MD5=463E4F3EF0E69443D88F8BC47670204A,SHA256=1FA4DF9D7D58695FA9930876F4E771AE500D043282A398FA3600FD6660C83E70,IMPHASH=53D023B3A55A3CC9CED17D7D122AA827

ParentProcessGuid:
                {f57bd86a-7b78-658c-c601-000000000f00}

ParentProcessId:
                8316

ParentImage: C:\Windows\System32\cmd.exe

ParentCommandLine:
                ""C:\Windows\system32\cmd.exe"" /c ""for /l %x in (1,1,75) do start wordpad.exe /p
                C:\AtomicRedTeam\atomics\..\ExternalPayloads\T1059_003note.txt""

ParentUser:
                WINDEV2309EVAL\User",Info,WORDPAD.EXE,"""C:\Windows\system32\cmd.exe"" /c ""for /l %x in (1,1,75)
                do start wordpad.exe /p
                C:\AtomicRedTeam\atomics\..\ExternalPayloads\T1059_003note.txt""",C:\Windows\System32\cmd.exe,{f57bd86a-7b78-658c-c601-000000000f00},8316,WINDEV2309EVAL\User,{f57bd86a-7b7d-658c-0b02-000000000f00},3588,12460,Microsoft速 Windows速 Operating System,,,,"
      
            
      ",-,2023-12-27T19:31:09.8789672Z,,,Process Create (rule: ProcessCreate),1,5124,WINDEV2309EVAL\User,S-1-5-18,2023-12-27 19:31:09.869,5,"<Event xmlns=""http://schemas.microsoft.com/win/2004/08/events/event"">
    
        
    <System>
      
            
      <Provider Name=""Microsoft-Windows-Sysmon"" Guid=""{5770385f-c22a-43e0-bf4c-06f5698ffbd9}""/>
      
            
      <EventID>1</EventID>
      
            
      <Version>5</Version>
      
            
      <Level>4</Level>
      
            
      <Task>1</Task>
      
            
      <Opcode>0</Opcode>
      
            
      <Keywords>0x8000000000000000</Keywords>
      
            
      <TimeCreated SystemTime=""2023-12-27T19:31:09.8789672Z""/>
      
            
      <EventRecordID>19648</EventRecordID>
      
            
      <Correlation/>
      
            
      <Execution ProcessID=""3588"" ThreadID=""5124""/>
      
            
      <Channel>Microsoft-Windows-Sysmon/Operational</Channel>
      
            
      <Computer>WinDev2309Eval</Computer>
      
            
      <Security UserID=""S-1-5-18""/>
      
        
    </System>
    
        
    <EventData>
      
            
      <Data Name=""RuleName"">-</Data>
      
            
      <Data Name=""UtcTime"">2023-12-27 19:31:09.869</Data>
      
            
      <Data Name=""ProcessGuid"">{f57bd86a-7b7d-658c-0b02-000000000f00}</Data>
      
            
      <Data Name=""ProcessId"">12460</Data>
      
            
      <Data Name=""Image"">C:\Program Files\Windows NT\Accessories\wordpad.exe</Data>
      
            
      <Data Name=""FileVersion"">10.0.22621.2861 (WinBuild.160101.0800)</Data>
      
            
      <Data Name=""Description"">Windows Wordpad Application</Data>
      
            
      <Data Name=""Product"">Microsoft&#174; Windows&#174; Operating System</Data>
      
            
      <Data Name=""Company"">Microsoft Corporation</Data>
      
            
      <Data Name=""OriginalFileName"">WORDPAD.EXE</Data>
      
            
      <Data Name=""CommandLine"">""C:\Program Files\Windows NT\Accessories\wordpad.exe"" /p
                C:\AtomicRedTeam\atomics\..\ExternalPayloads\T1059_003note.txt</Data>
      
            
      <Data Name=""CurrentDirectory"">C:\Users\User\AppData\Local\Temp\</Data>
      
            
      <Data Name=""User"">WINDEV2309EVAL\User</Data>
      
            
      <Data Name=""LogonGuid"">{f57bd86a-36f9-658c-7bf8-020000000000}</Data>
      
            
      <Data Name=""LogonId"">0x2f87b</Data>
      
            
      <Data Name=""TerminalSessionId"">1</Data>
      
            
      <Data Name=""IntegrityLevel"">Medium</Data>
      
            
      <Data Name=""Hashes"">
                MD5=463E4F3EF0E69443D88F8BC47670204A,SHA256=1FA4DF9D7D58695FA9930876F4E771AE500D043282A398FA3600FD6660C83E70,IMPHASH=53D023B3A55A3CC9CED17D7D122AA827</Data>
      
            
      <Data Name=""ParentProcessGuid"">{f57bd86a-7b78-658c-c601-000000000f00}</Data>
      
            
      <Data Name=""ParentProcessId"">8316</Data>
      
            
      <Data Name=""ParentImage"">C:\Windows\System32\cmd.exe</Data>
      
            
      <Data Name=""ParentCommandLine"">""C:\Windows\system32\cmd.exe"" /c ""for /l %x in (1,1,75)
                do start wordpad.exe /p
                C:\AtomicRedTeam\atomics\..\ExternalPayloads\T1059_003note.txt""</Data>
      
            
      <Data Name=""ParentUser"">WINDEV2309EVAL\User</Data>
      
        
    </EventData>
    
        
    <RenderingInfo Culture=""en-US"">
      
            
      <Message>Process Create:

RuleName: -

UtcTime: 2023-12-27
                19:31:09.869

ProcessGuid:
                {f57bd86a-7b7d-658c-0b02-000000000f00}

ProcessId: 12460

Image:
                C:\Program Files\Windows NT\Accessories\wordpad.exe

FileVersion:
                10.0.22621.2861 (WinBuild.160101.0800)

Description: Windows Wordpad
                Application

Product: Microsoft&#174; Windows&#174; Operating System

Company:
                Microsoft Corporation

OriginalFileName: WORDPAD.EXE

CommandLine:
                ""C:\Program Files\Windows NT\Accessories\wordpad.exe"" /p
                C:\AtomicRedTeam\atomics\..\ExternalPayloads\T1059_003note.txt

CurrentDirectory:
                C:\Users\User\AppData\Local\Temp\

User:
                WINDEV2309EVAL\User

LogonGuid:
                {f57bd86a-36f9-658c-7bf8-020000000000}

LogonId:
                0x2F87B

TerminalSessionId: 1

IntegrityLevel:
                Medium

Hashes:
                MD5=463E4F3EF0E69443D88F8BC47670204A,SHA256=1FA4DF9D7D58695FA9930876F4E771AE500D043282A398FA3600FD6660C83E70,IMPHASH=53D023B3A55A3CC9CED17D7D122AA827

ParentProcessGuid:
                {f57bd86a-7b78-658c-c601-000000000f00}

ParentProcessId:
                8316

ParentImage: C:\Windows\System32\cmd.exe

ParentCommandLine:
                ""C:\Windows\system32\cmd.exe"" /c ""for /l %x in (1,1,75) do start wordpad.exe /p
                C:\AtomicRedTeam\atomics\..\ExternalPayloads\T1059_003note.txt""

ParentUser:
                WINDEV2309EVAL\User</Message>
      
            
      <Level>Information</Level>
      
            
      <Task>Process Create (rule: ProcessCreate)</Task>
      
            
      <Opcode>Info</Opcode>
      
        
    </RenderingInfo>
    
    
  </Event>
  
    
  
"
