Microsoft-Windows-Sysmon/Operational,"""C:\Program Files\Windows NT\Accessories\wordpad.exe"" /p
                C:\AtomicRedTeam\atomics\..\ExternalPayloads\T1059_003note.txt",Microsoft Corporation,WinDev2309Eval,,C:\Users\User\AppData\Local\Temp\,Windows Wordpad Application,,1,19641,,10.0.22621.2861 (WinBuild.160101.0800),"
                MD5=463E4F3EF0E69443D88F8BC47670204A,SHA256=1FA4DF9D7D58695FA9930876F4E771AE500D043282A398FA3600FD6660C83E70,IMPHASH=53D023B3A55A3CC9CED17D7D122AA827",C:\Program Files\Windows NT\Accessories\wordpad.exe,Medium,0x8000000000000000,Information,{f57bd86a-36f9-658c-7bf8-020000000000},0x2f87b,"Process Create:

RuleName: -

UtcTime: 2023-12-27
                19:31:08.517

ProcessGuid:
                {f57bd86a-7b7c-658c-0402-000000000f00}

ProcessId: 12044

Image:
                C:\Program Files\Windows NT\Accessories\wordpad.exe

FileVersion:
                10.0.22621.2861 (WinBuild.160101.0800)

Description: Windows Wordpad
                Application

Product: Microsoft速 Windows速 Operating System

Company:
                Microsoft Corporation

OriginalFileName: WORDPAD.EXE

CommandLine:
                ""C:\Program Files\Windows NT\Accessories\wordpad.exe"" /p
                C:\AtomicRedTeam\atomics\..\ExternalPayloads\T1059_003note.txt

CurrentDirectory:
                C:\Users\User\AppData\Local\Temp\

User:
                WINDEV2309EVAL\User

LogonGuid:
                {f57bd86a-36f9-658c-7bf8-020000000000}

LogonId:
                0x2F87B

TerminalSessionId: 1

IntegrityLevel:
                Medium

Hashes:
                MD5=463E4F3EF0E69443D88F8BC47670204A,SHA256=1FA4DF9D7D58695FA9930876F4E771AE500D043282A398FA3600FD6660C83E70,IMPHASH=53D023B3A55A3CC9CED17D7D122AA827

ParentProcessGuid:
                {f57bd86a-7b78-658c-c601-000000000f00}

ParentProcessId:
                8316

ParentImage: C:\Windows\System32\cmd.exe

ParentCommandLine:
                ""C:\Windows\system32\cmd.exe"" /c ""for /l %x in (1,1,75) do start wordpad.exe /p
                C:\AtomicRedTeam\atomics\..\ExternalPayloads\T1059_003note.txt""

ParentUser:
                WINDEV2309EVAL\User",Info,WORDPAD.EXE,"""C:\Windows\system32\cmd.exe"" /c ""for /l %x in (1,1,75)
                do start wordpad.exe /p
                C:\AtomicRedTeam\atomics\..\ExternalPayloads\T1059_003note.txt""",C:\Windows\System32\cmd.exe,{f57bd86a-7b78-658c-c601-000000000f00},8316,WINDEV2309EVAL\User,{f57bd86a-7b7c-658c-0402-000000000f00},3588,12044,Microsoft速 Windows速 Operating System,,,,"
      
            
      ",-,2023-12-27T19:31:08.5192559Z,,,Process Create (rule: ProcessCreate),1,5124,WINDEV2309EVAL\User,S-1-5-18,2023-12-27 19:31:08.517,5,"<Event xmlns=""http://schemas.microsoft.com/win/2004/08/events/event"">
    
        
    <System>
      
            
      <Provider Name=""Microsoft-Windows-Sysmon"" Guid=""{5770385f-c22a-43e0-bf4c-06f5698ffbd9}""/>
      
            
      <EventID>1</EventID>
      
            
      <Version>5</Version>
      
            
      <Level>4</Level>
      
            
      <Task>1</Task>
      
            
      <Opcode>0</Opcode>
      
            
      <Keywords>0x8000000000000000</Keywords>
      
            
      <TimeCreated SystemTime=""2023-12-27T19:31:08.5192559Z""/>
      
            
      <EventRecordID>19641</EventRecordID>
      
            
      <Correlation/>
      
            
      <Execution ProcessID=""3588"" ThreadID=""5124""/>
      
            
      <Channel>Microsoft-Windows-Sysmon/Operational</Channel>
      
            
      <Computer>WinDev2309Eval</Computer>
      
            
      <Security UserID=""S-1-5-18""/>
      
        
    </System>
    
        
    <EventData>
      
            
      <Data Name=""RuleName"">-</Data>
      
            
      <Data Name=""UtcTime"">2023-12-27 19:31:08.517</Data>
      
            
      <Data Name=""ProcessGuid"">{f57bd86a-7b7c-658c-0402-000000000f00}</Data>
      
            
      <Data Name=""ProcessId"">12044</Data>
      
            
      <Data Name=""Image"">C:\Program Files\Windows NT\Accessories\wordpad.exe</Data>
      
            
      <Data Name=""FileVersion"">10.0.22621.2861 (WinBuild.160101.0800)</Data>
      
            
      <Data Name=""Description"">Windows Wordpad Application</Data>
      
            
      <Data Name=""Product"">Microsoft&#174; Windows&#174; Operating System</Data>
      
            
      <Data Name=""Company"">Microsoft Corporation</Data>
      
            
      <Data Name=""OriginalFileName"">WORDPAD.EXE</Data>
      
            
      <Data Name=""CommandLine"">""C:\Program Files\Windows NT\Accessories\wordpad.exe"" /p
                C:\AtomicRedTeam\atomics\..\ExternalPayloads\T1059_003note.txt</Data>
      
            
      <Data Name=""CurrentDirectory"">C:\Users\User\AppData\Local\Temp\</Data>
      
            
      <Data Name=""User"">WINDEV2309EVAL\User</Data>
      
            
      <Data Name=""LogonGuid"">{f57bd86a-36f9-658c-7bf8-020000000000}</Data>
      
            
      <Data Name=""LogonId"">0x2f87b</Data>
      
            
      <Data Name=""TerminalSessionId"">1</Data>
      
            
      <Data Name=""IntegrityLevel"">Medium</Data>
      
            
      <Data Name=""Hashes"">
                MD5=463E4F3EF0E69443D88F8BC47670204A,SHA256=1FA4DF9D7D58695FA9930876F4E771AE500D043282A398FA3600FD6660C83E70,IMPHASH=53D023B3A55A3CC9CED17D7D122AA827</Data>
      
            
      <Data Name=""ParentProcessGuid"">{f57bd86a-7b78-658c-c601-000000000f00}</Data>
      
            
      <Data Name=""ParentProcessId"">8316</Data>
      
            
      <Data Name=""ParentImage"">C:\Windows\System32\cmd.exe</Data>
      
            
      <Data Name=""ParentCommandLine"">""C:\Windows\system32\cmd.exe"" /c ""for /l %x in (1,1,75)
                do start wordpad.exe /p
                C:\AtomicRedTeam\atomics\..\ExternalPayloads\T1059_003note.txt""</Data>
      
            
      <Data Name=""ParentUser"">WINDEV2309EVAL\User</Data>
      
        
    </EventData>
    
        
    <RenderingInfo Culture=""en-US"">
      
            
      <Message>Process Create:

RuleName: -

UtcTime: 2023-12-27
                19:31:08.517

ProcessGuid:
                {f57bd86a-7b7c-658c-0402-000000000f00}

ProcessId: 12044

Image:
                C:\Program Files\Windows NT\Accessories\wordpad.exe

FileVersion:
                10.0.22621.2861 (WinBuild.160101.0800)

Description: Windows Wordpad
                Application

Product: Microsoft&#174; Windows&#174; Operating System

Company:
                Microsoft Corporation

OriginalFileName: WORDPAD.EXE

CommandLine:
                ""C:\Program Files\Windows NT\Accessories\wordpad.exe"" /p
                C:\AtomicRedTeam\atomics\..\ExternalPayloads\T1059_003note.txt

CurrentDirectory:
                C:\Users\User\AppData\Local\Temp\

User:
                WINDEV2309EVAL\User

LogonGuid:
                {f57bd86a-36f9-658c-7bf8-020000000000}

LogonId:
                0x2F87B

TerminalSessionId: 1

IntegrityLevel:
                Medium

Hashes:
                MD5=463E4F3EF0E69443D88F8BC47670204A,SHA256=1FA4DF9D7D58695FA9930876F4E771AE500D043282A398FA3600FD6660C83E70,IMPHASH=53D023B3A55A3CC9CED17D7D122AA827

ParentProcessGuid:
                {f57bd86a-7b78-658c-c601-000000000f00}

ParentProcessId:
                8316

ParentImage: C:\Windows\System32\cmd.exe

ParentCommandLine:
                ""C:\Windows\system32\cmd.exe"" /c ""for /l %x in (1,1,75) do start wordpad.exe /p
                C:\AtomicRedTeam\atomics\..\ExternalPayloads\T1059_003note.txt""

ParentUser:
                WINDEV2309EVAL\User</Message>
      
            
      <Level>Information</Level>
      
            
      <Task>Process Create (rule: ProcessCreate)</Task>
      
            
      <Opcode>Info</Opcode>
      
        
    </RenderingInfo>
    
    
  </Event>
  
    
  
"
Microsoft-Windows-Sysmon/Operational,"""C:\Program Files\Windows NT\Accessories\wordpad.exe"" /p
                C:\AtomicRedTeam\atomics\..\ExternalPayloads\T1059_003note.txt",Microsoft Corporation,WinDev2309Eval,,C:\Users\User\AppData\Local\Temp\,Windows Wordpad Application,,1,19640,,10.0.22621.2861 (WinBuild.160101.0800),"
                MD5=463E4F3EF0E69443D88F8BC47670204A,SHA256=1FA4DF9D7D58695FA9930876F4E771AE500D043282A398FA3600FD6660C83E70,IMPHASH=53D023B3A55A3CC9CED17D7D122AA827",C:\Program Files\Windows NT\Accessories\wordpad.exe,Medium,0x8000000000000000,Information,{f57bd86a-36f9-658c-7bf8-020000000000},0x2f87b,"Process Create:

RuleName: -

UtcTime: 2023-12-27
                19:31:08.321

ProcessGuid:
                {f57bd86a-7b7c-658c-0302-000000000f00}

ProcessId: 11996

Image:
                C:\Program Files\Windows NT\Accessories\wordpad.exe

FileVersion:
                10.0.22621.2861 (WinBuild.160101.0800)

Description: Windows Wordpad
                Application

Product: Microsoft速 Windows速 Operating System

Company:
                Microsoft Corporation

OriginalFileName: WORDPAD.EXE

CommandLine:
                ""C:\Program Files\Windows NT\Accessories\wordpad.exe"" /p
                C:\AtomicRedTeam\atomics\..\ExternalPayloads\T1059_003note.txt

CurrentDirectory:
                C:\Users\User\AppData\Local\Temp\

User:
                WINDEV2309EVAL\User

LogonGuid:
                {f57bd86a-36f9-658c-7bf8-020000000000}

LogonId:
                0x2F87B

TerminalSessionId: 1

IntegrityLevel:
                Medium

Hashes:
                MD5=463E4F3EF0E69443D88F8BC47670204A,SHA256=1FA4DF9D7D58695FA9930876F4E771AE500D043282A398FA3600FD6660C83E70,IMPHASH=53D023B3A55A3CC9CED17D7D122AA827

ParentProcessGuid:
                {f57bd86a-7b78-658c-c601-000000000f00}

ParentProcessId:
                8316

ParentImage: C:\Windows\System32\cmd.exe

ParentCommandLine:
                ""C:\Windows\system32\cmd.exe"" /c ""for /l %x in (1,1,75) do start wordpad.exe /p
                C:\AtomicRedTeam\atomics\..\ExternalPayloads\T1059_003note.txt""

ParentUser:
                WINDEV2309EVAL\User",Info,WORDPAD.EXE,"""C:\Windows\system32\cmd.exe"" /c ""for /l %x in (1,1,75)
                do start wordpad.exe /p
                C:\AtomicRedTeam\atomics\..\ExternalPayloads\T1059_003note.txt""",C:\Windows\System32\cmd.exe,{f57bd86a-7b78-658c-c601-000000000f00},8316,WINDEV2309EVAL\User,{f57bd86a-7b7c-658c-0302-000000000f00},3588,11996,Microsoft速 Windows速 Operating System,,,,"
      
            
      ",-,2023-12-27T19:31:08.3260142Z,,,Process Create (rule: ProcessCreate),1,5124,WINDEV2309EVAL\User,S-1-5-18,2023-12-27 19:31:08.321,5,"<Event xmlns=""http://schemas.microsoft.com/win/2004/08/events/event"">
    
        
    <System>
      
            
      <Provider Name=""Microsoft-Windows-Sysmon"" Guid=""{5770385f-c22a-43e0-bf4c-06f5698ffbd9}""/>
      
            
      <EventID>1</EventID>
      
            
      <Version>5</Version>
      
            
      <Level>4</Level>
      
            
      <Task>1</Task>
      
            
      <Opcode>0</Opcode>
      
            
      <Keywords>0x8000000000000000</Keywords>
      
            
      <TimeCreated SystemTime=""2023-12-27T19:31:08.3260142Z""/>
      
            
      <EventRecordID>19640</EventRecordID>
      
            
      <Correlation/>
      
            
      <Execution ProcessID=""3588"" ThreadID=""5124""/>
      
            
      <Channel>Microsoft-Windows-Sysmon/Operational</Channel>
      
            
      <Computer>WinDev2309Eval</Computer>
      
            
      <Security UserID=""S-1-5-18""/>
      
        
    </System>
    
        
    <EventData>
      
            
      <Data Name=""RuleName"">-</Data>
      
            
      <Data Name=""UtcTime"">2023-12-27 19:31:08.321</Data>
      
            
      <Data Name=""ProcessGuid"">{f57bd86a-7b7c-658c-0302-000000000f00}</Data>
      
            
      <Data Name=""ProcessId"">11996</Data>
      
            
      <Data Name=""Image"">C:\Program Files\Windows NT\Accessories\wordpad.exe</Data>
      
            
      <Data Name=""FileVersion"">10.0.22621.2861 (WinBuild.160101.0800)</Data>
      
            
      <Data Name=""Description"">Windows Wordpad Application</Data>
      
            
      <Data Name=""Product"">Microsoft&#174; Windows&#174; Operating System</Data>
      
            
      <Data Name=""Company"">Microsoft Corporation</Data>
      
            
      <Data Name=""OriginalFileName"">WORDPAD.EXE</Data>
      
            
      <Data Name=""CommandLine"">""C:\Program Files\Windows NT\Accessories\wordpad.exe"" /p
                C:\AtomicRedTeam\atomics\..\ExternalPayloads\T1059_003note.txt</Data>
      
            
      <Data Name=""CurrentDirectory"">C:\Users\User\AppData\Local\Temp\</Data>
      
            
      <Data Name=""User"">WINDEV2309EVAL\User</Data>
      
            
      <Data Name=""LogonGuid"">{f57bd86a-36f9-658c-7bf8-020000000000}</Data>
      
            
      <Data Name=""LogonId"">0x2f87b</Data>
      
            
      <Data Name=""TerminalSessionId"">1</Data>
      
            
      <Data Name=""IntegrityLevel"">Medium</Data>
      
            
      <Data Name=""Hashes"">
                MD5=463E4F3EF0E69443D88F8BC47670204A,SHA256=1FA4DF9D7D58695FA9930876F4E771AE500D043282A398FA3600FD6660C83E70,IMPHASH=53D023B3A55A3CC9CED17D7D122AA827</Data>
      
            
      <Data Name=""ParentProcessGuid"">{f57bd86a-7b78-658c-c601-000000000f00}</Data>
      
            
      <Data Name=""ParentProcessId"">8316</Data>
      
            
      <Data Name=""ParentImage"">C:\Windows\System32\cmd.exe</Data>
      
            
      <Data Name=""ParentCommandLine"">""C:\Windows\system32\cmd.exe"" /c ""for /l %x in (1,1,75)
                do start wordpad.exe /p
                C:\AtomicRedTeam\atomics\..\ExternalPayloads\T1059_003note.txt""</Data>
      
            
      <Data Name=""ParentUser"">WINDEV2309EVAL\User</Data>
      
        
    </EventData>
    
        
    <RenderingInfo Culture=""en-US"">
      
            
      <Message>Process Create:

RuleName: -

UtcTime: 2023-12-27
                19:31:08.321

ProcessGuid:
                {f57bd86a-7b7c-658c-0302-000000000f00}

ProcessId: 11996

Image:
                C:\Program Files\Windows NT\Accessories\wordpad.exe

FileVersion:
                10.0.22621.2861 (WinBuild.160101.0800)

Description: Windows Wordpad
                Application

Product: Microsoft&#174; Windows&#174; Operating System

Company:
                Microsoft Corporation

OriginalFileName: WORDPAD.EXE

CommandLine:
                ""C:\Program Files\Windows NT\Accessories\wordpad.exe"" /p
                C:\AtomicRedTeam\atomics\..\ExternalPayloads\T1059_003note.txt

CurrentDirectory:
                C:\Users\User\AppData\Local\Temp\

User:
                WINDEV2309EVAL\User

LogonGuid:
                {f57bd86a-36f9-658c-7bf8-020000000000}

LogonId:
                0x2F87B

TerminalSessionId: 1

IntegrityLevel:
                Medium

Hashes:
                MD5=463E4F3EF0E69443D88F8BC47670204A,SHA256=1FA4DF9D7D58695FA9930876F4E771AE500D043282A398FA3600FD6660C83E70,IMPHASH=53D023B3A55A3CC9CED17D7D122AA827

ParentProcessGuid:
                {f57bd86a-7b78-658c-c601-000000000f00}

ParentProcessId:
                8316

ParentImage: C:\Windows\System32\cmd.exe

ParentCommandLine:
                ""C:\Windows\system32\cmd.exe"" /c ""for /l %x in (1,1,75) do start wordpad.exe /p
                C:\AtomicRedTeam\atomics\..\ExternalPayloads\T1059_003note.txt""

ParentUser:
                WINDEV2309EVAL\User</Message>
      
            
      <Level>Information</Level>
      
            
      <Task>Process Create (rule: ProcessCreate)</Task>
      
            
      <Opcode>Info</Opcode>
      
        
    </RenderingInfo>
    
    
  </Event>
  
    
  
"
Microsoft-Windows-Sysmon/Operational,"""C:\Program Files\Windows NT\Accessories\wordpad.exe"" /p
                C:\AtomicRedTeam\atomics\..\ExternalPayloads\T1059_003note.txt",Microsoft Corporation,WinDev2309Eval,,C:\Users\User\AppData\Local\Temp\,Windows Wordpad Application,,1,19639,,10.0.22621.2861 (WinBuild.160101.0800),"
                MD5=463E4F3EF0E69443D88F8BC47670204A,SHA256=1FA4DF9D7D58695FA9930876F4E771AE500D043282A398FA3600FD6660C83E70,IMPHASH=53D023B3A55A3CC9CED17D7D122AA827",C:\Program Files\Windows NT\Accessories\wordpad.exe,Medium,0x8000000000000000,Information,{f57bd86a-36f9-658c-7bf8-020000000000},0x2f87b,"Process Create:

RuleName: -

UtcTime: 2023-12-27
                19:31:08.153

ProcessGuid:
                {f57bd86a-7b7c-658c-0202-000000000f00}

ProcessId: 11948

Image:
                C:\Program Files\Windows NT\Accessories\wordpad.exe

FileVersion:
                10.0.22621.2861 (WinBuild.160101.0800)

Description: Windows Wordpad
                Application

Product: Microsoft速 Windows速 Operating System

Company:
                Microsoft Corporation

OriginalFileName: WORDPAD.EXE

CommandLine:
                ""C:\Program Files\Windows NT\Accessories\wordpad.exe"" /p
                C:\AtomicRedTeam\atomics\..\ExternalPayloads\T1059_003note.txt

CurrentDirectory:
                C:\Users\User\AppData\Local\Temp\

User:
                WINDEV2309EVAL\User

LogonGuid:
                {f57bd86a-36f9-658c-7bf8-020000000000}

LogonId:
                0x2F87B

TerminalSessionId: 1

IntegrityLevel:
                Medium

Hashes:
                MD5=463E4F3EF0E69443D88F8BC47670204A,SHA256=1FA4DF9D7D58695FA9930876F4E771AE500D043282A398FA3600FD6660C83E70,IMPHASH=53D023B3A55A3CC9CED17D7D122AA827

ParentProcessGuid:
                {f57bd86a-7b78-658c-c601-000000000f00}

ParentProcessId:
                8316

ParentImage: C:\Windows\System32\cmd.exe

ParentCommandLine:
                ""C:\Windows\system32\cmd.exe"" /c ""for /l %x in (1,1,75) do start wordpad.exe /p
                C:\AtomicRedTeam\atomics\..\ExternalPayloads\T1059_003note.txt""

ParentUser:
                WINDEV2309EVAL\User",Info,WORDPAD.EXE,"""C:\Windows\system32\cmd.exe"" /c ""for /l %x in (1,1,75)
                do start wordpad.exe /p
                C:\AtomicRedTeam\atomics\..\ExternalPayloads\T1059_003note.txt""",C:\Windows\System32\cmd.exe,{f57bd86a-7b78-658c-c601-000000000f00},8316,WINDEV2309EVAL\User,{f57bd86a-7b7c-658c-0202-000000000f00},3588,11948,Microsoft速 Windows速 Operating System,,,,"
      
            
      ",-,2023-12-27T19:31:08.1582699Z,,,Process Create (rule: ProcessCreate),1,5124,WINDEV2309EVAL\User,S-1-5-18,2023-12-27 19:31:08.153,5,"<Event xmlns=""http://schemas.microsoft.com/win/2004/08/events/event"">
    
        
    <System>
      
            
      <Provider Name=""Microsoft-Windows-Sysmon"" Guid=""{5770385f-c22a-43e0-bf4c-06f5698ffbd9}""/>
      
            
      <EventID>1</EventID>
      
            
      <Version>5</Version>
      
            
      <Level>4</Level>
      
            
      <Task>1</Task>
      
            
      <Opcode>0</Opcode>
      
            
      <Keywords>0x8000000000000000</Keywords>
      
            
      <TimeCreated SystemTime=""2023-12-27T19:31:08.1582699Z""/>
      
            
      <EventRecordID>19639</EventRecordID>
      
            
      <Correlation/>
      
            
      <Execution ProcessID=""3588"" ThreadID=""5124""/>
      
            
      <Channel>Microsoft-Windows-Sysmon/Operational</Channel>
      
            
      <Computer>WinDev2309Eval</Computer>
      
            
      <Security UserID=""S-1-5-18""/>
      
        
    </System>
    
        
    <EventData>
      
            
      <Data Name=""RuleName"">-</Data>
      
            
      <Data Name=""UtcTime"">2023-12-27 19:31:08.153</Data>
      
            
      <Data Name=""ProcessGuid"">{f57bd86a-7b7c-658c-0202-000000000f00}</Data>
      
            
      <Data Name=""ProcessId"">11948</Data>
      
            
      <Data Name=""Image"">C:\Program Files\Windows NT\Accessories\wordpad.exe</Data>
      
            
      <Data Name=""FileVersion"">10.0.22621.2861 (WinBuild.160101.0800)</Data>
      
            
      <Data Name=""Description"">Windows Wordpad Application</Data>
      
            
      <Data Name=""Product"">Microsoft&#174; Windows&#174; Operating System</Data>
      
            
      <Data Name=""Company"">Microsoft Corporation</Data>
      
            
      <Data Name=""OriginalFileName"">WORDPAD.EXE</Data>
      
            
      <Data Name=""CommandLine"">""C:\Program Files\Windows NT\Accessories\wordpad.exe"" /p
                C:\AtomicRedTeam\atomics\..\ExternalPayloads\T1059_003note.txt</Data>
      
            
      <Data Name=""CurrentDirectory"">C:\Users\User\AppData\Local\Temp\</Data>
      
            
      <Data Name=""User"">WINDEV2309EVAL\User</Data>
      
            
      <Data Name=""LogonGuid"">{f57bd86a-36f9-658c-7bf8-020000000000}</Data>
      
            
      <Data Name=""LogonId"">0x2f87b</Data>
      
            
      <Data Name=""TerminalSessionId"">1</Data>
      
            
      <Data Name=""IntegrityLevel"">Medium</Data>
      
            
      <Data Name=""Hashes"">
                MD5=463E4F3EF0E69443D88F8BC47670204A,SHA256=1FA4DF9D7D58695FA9930876F4E771AE500D043282A398FA3600FD6660C83E70,IMPHASH=53D023B3A55A3CC9CED17D7D122AA827</Data>
      
            
      <Data Name=""ParentProcessGuid"">{f57bd86a-7b78-658c-c601-000000000f00}</Data>
      
            
      <Data Name=""ParentProcessId"">8316</Data>
      
            
      <Data Name=""ParentImage"">C:\Windows\System32\cmd.exe</Data>
      
            
      <Data Name=""ParentCommandLine"">""C:\Windows\system32\cmd.exe"" /c ""for /l %x in (1,1,75)
                do start wordpad.exe /p
                C:\AtomicRedTeam\atomics\..\ExternalPayloads\T1059_003note.txt""</Data>
      
            
      <Data Name=""ParentUser"">WINDEV2309EVAL\User</Data>
      
        
    </EventData>
    
        
    <RenderingInfo Culture=""en-US"">
      
            
      <Message>Process Create:

RuleName: -

UtcTime: 2023-12-27
                19:31:08.153

ProcessGuid:
                {f57bd86a-7b7c-658c-0202-000000000f00}

ProcessId: 11948

Image:
                C:\Program Files\Windows NT\Accessories\wordpad.exe

FileVersion:
                10.0.22621.2861 (WinBuild.160101.0800)

Description: Windows Wordpad
                Application

Product: Microsoft&#174; Windows&#174; Operating System

Company:
                Microsoft Corporation

OriginalFileName: WORDPAD.EXE

CommandLine:
                ""C:\Program Files\Windows NT\Accessories\wordpad.exe"" /p
                C:\AtomicRedTeam\atomics\..\ExternalPayloads\T1059_003note.txt

CurrentDirectory:
                C:\Users\User\AppData\Local\Temp\

User:
                WINDEV2309EVAL\User

LogonGuid:
                {f57bd86a-36f9-658c-7bf8-020000000000}

LogonId:
                0x2F87B

TerminalSessionId: 1

IntegrityLevel:
                Medium

Hashes:
                MD5=463E4F3EF0E69443D88F8BC47670204A,SHA256=1FA4DF9D7D58695FA9930876F4E771AE500D043282A398FA3600FD6660C83E70,IMPHASH=53D023B3A55A3CC9CED17D7D122AA827

ParentProcessGuid:
                {f57bd86a-7b78-658c-c601-000000000f00}

ParentProcessId:
                8316

ParentImage: C:\Windows\System32\cmd.exe

ParentCommandLine:
                ""C:\Windows\system32\cmd.exe"" /c ""for /l %x in (1,1,75) do start wordpad.exe /p
                C:\AtomicRedTeam\atomics\..\ExternalPayloads\T1059_003note.txt""

ParentUser:
                WINDEV2309EVAL\User</Message>
      
            
      <Level>Information</Level>
      
            
      <Task>Process Create (rule: ProcessCreate)</Task>
      
            
      <Opcode>Info</Opcode>
      
        
    </RenderingInfo>
    
    
  </Event>
  
    
  
"
Microsoft-Windows-Sysmon/Operational,"""C:\Program Files\Windows NT\Accessories\wordpad.exe"" /p
                C:\AtomicRedTeam\atomics\..\ExternalPayloads\T1059_003note.txt",Microsoft Corporation,WinDev2309Eval,,C:\Users\User\AppData\Local\Temp\,Windows Wordpad Application,,1,19638,,10.0.22621.2861 (WinBuild.160101.0800),"
                MD5=463E4F3EF0E69443D88F8BC47670204A,SHA256=1FA4DF9D7D58695FA9930876F4E771AE500D043282A398FA3600FD6660C83E70,IMPHASH=53D023B3A55A3CC9CED17D7D122AA827",C:\Program Files\Windows NT\Accessories\wordpad.exe,Medium,0x8000000000000000,Information,{f57bd86a-36f9-658c-7bf8-020000000000},0x2f87b,"Process Create:

RuleName: -

UtcTime: 2023-12-27
                19:31:07.970

ProcessGuid:
                {f57bd86a-7b7b-658c-0102-000000000f00}

ProcessId: 11848

Image:
                C:\Program Files\Windows NT\Accessories\wordpad.exe

FileVersion:
                10.0.22621.2861 (WinBuild.160101.0800)

Description: Windows Wordpad
                Application

Product: Microsoft速 Windows速 Operating System

Company:
                Microsoft Corporation

OriginalFileName: WORDPAD.EXE

CommandLine:
                ""C:\Program Files\Windows NT\Accessories\wordpad.exe"" /p
                C:\AtomicRedTeam\atomics\..\ExternalPayloads\T1059_003note.txt

CurrentDirectory:
                C:\Users\User\AppData\Local\Temp\

User:
                WINDEV2309EVAL\User

LogonGuid:
                {f57bd86a-36f9-658c-7bf8-020000000000}

LogonId:
                0x2F87B

TerminalSessionId: 1

IntegrityLevel:
                Medium

Hashes:
                MD5=463E4F3EF0E69443D88F8BC47670204A,SHA256=1FA4DF9D7D58695FA9930876F4E771AE500D043282A398FA3600FD6660C83E70,IMPHASH=53D023B3A55A3CC9CED17D7D122AA827

ParentProcessGuid:
                {f57bd86a-7b78-658c-c601-000000000f00}

ParentProcessId:
                8316

ParentImage: C:\Windows\System32\cmd.exe

ParentCommandLine:
                ""C:\Windows\system32\cmd.exe"" /c ""for /l %x in (1,1,75) do start wordpad.exe /p
                C:\AtomicRedTeam\atomics\..\ExternalPayloads\T1059_003note.txt""

ParentUser:
                WINDEV2309EVAL\User",Info,WORDPAD.EXE,"""C:\Windows\system32\cmd.exe"" /c ""for /l %x in (1,1,75)
                do start wordpad.exe /p
                C:\AtomicRedTeam\atomics\..\ExternalPayloads\T1059_003note.txt""",C:\Windows\System32\cmd.exe,{f57bd86a-7b78-658c-c601-000000000f00},8316,WINDEV2309EVAL\User,{f57bd86a-7b7b-658c-0102-000000000f00},3588,11848,Microsoft速 Windows速 Operating System,,,,"
      
            
      ",-,2023-12-27T19:31:07.9746360Z,,,Process Create (rule: ProcessCreate),1,5124,WINDEV2309EVAL\User,S-1-5-18,2023-12-27 19:31:07.970,5,"<Event xmlns=""http://schemas.microsoft.com/win/2004/08/events/event"">
    
        
    <System>
      
            
      <Provider Name=""Microsoft-Windows-Sysmon"" Guid=""{5770385f-c22a-43e0-bf4c-06f5698ffbd9}""/>
      
            
      <EventID>1</EventID>
      
            
      <Version>5</Version>
      
            
      <Level>4</Level>
      
            
      <Task>1</Task>
      
            
      <Opcode>0</Opcode>
      
            
      <Keywords>0x8000000000000000</Keywords>
      
            
      <TimeCreated SystemTime=""2023-12-27T19:31:07.9746360Z""/>
      
            
      <EventRecordID>19638</EventRecordID>
      
            
      <Correlation/>
      
            
      <Execution ProcessID=""3588"" ThreadID=""5124""/>
      
            
      <Channel>Microsoft-Windows-Sysmon/Operational</Channel>
      
            
      <Computer>WinDev2309Eval</Computer>
      
            
      <Security UserID=""S-1-5-18""/>
      
        
    </System>
    
        
    <EventData>
      
            
      <Data Name=""RuleName"">-</Data>
      
            
      <Data Name=""UtcTime"">2023-12-27 19:31:07.970</Data>
      
            
      <Data Name=""ProcessGuid"">{f57bd86a-7b7b-658c-0102-000000000f00}</Data>
      
            
      <Data Name=""ProcessId"">11848</Data>
      
            
      <Data Name=""Image"">C:\Program Files\Windows NT\Accessories\wordpad.exe</Data>
      
            
      <Data Name=""FileVersion"">10.0.22621.2861 (WinBuild.160101.0800)</Data>
      
            
      <Data Name=""Description"">Windows Wordpad Application</Data>
      
            
      <Data Name=""Product"">Microsoft&#174; Windows&#174; Operating System</Data>
      
            
      <Data Name=""Company"">Microsoft Corporation</Data>
      
            
      <Data Name=""OriginalFileName"">WORDPAD.EXE</Data>
      
            
      <Data Name=""CommandLine"">""C:\Program Files\Windows NT\Accessories\wordpad.exe"" /p
                C:\AtomicRedTeam\atomics\..\ExternalPayloads\T1059_003note.txt</Data>
      
            
      <Data Name=""CurrentDirectory"">C:\Users\User\AppData\Local\Temp\</Data>
      
            
      <Data Name=""User"">WINDEV2309EVAL\User</Data>
      
            
      <Data Name=""LogonGuid"">{f57bd86a-36f9-658c-7bf8-020000000000}</Data>
      
            
      <Data Name=""LogonId"">0x2f87b</Data>
      
            
      <Data Name=""TerminalSessionId"">1</Data>
      
            
      <Data Name=""IntegrityLevel"">Medium</Data>
      
            
      <Data Name=""Hashes"">
                MD5=463E4F3EF0E69443D88F8BC47670204A,SHA256=1FA4DF9D7D58695FA9930876F4E771AE500D043282A398FA3600FD6660C83E70,IMPHASH=53D023B3A55A3CC9CED17D7D122AA827</Data>
      
            
      <Data Name=""ParentProcessGuid"">{f57bd86a-7b78-658c-c601-000000000f00}</Data>
      
            
      <Data Name=""ParentProcessId"">8316</Data>
      
            
      <Data Name=""ParentImage"">C:\Windows\System32\cmd.exe</Data>
      
            
      <Data Name=""ParentCommandLine"">""C:\Windows\system32\cmd.exe"" /c ""for /l %x in (1,1,75)
                do start wordpad.exe /p
                C:\AtomicRedTeam\atomics\..\ExternalPayloads\T1059_003note.txt""</Data>
      
            
      <Data Name=""ParentUser"">WINDEV2309EVAL\User</Data>
      
        
    </EventData>
    
        
    <RenderingInfo Culture=""en-US"">
      
            
      <Message>Process Create:

RuleName: -

UtcTime: 2023-12-27
                19:31:07.970

ProcessGuid:
                {f57bd86a-7b7b-658c-0102-000000000f00}

ProcessId: 11848

Image:
                C:\Program Files\Windows NT\Accessories\wordpad.exe

FileVersion:
                10.0.22621.2861 (WinBuild.160101.0800)

Description: Windows Wordpad
                Application

Product: Microsoft&#174; Windows&#174; Operating System

Company:
                Microsoft Corporation

OriginalFileName: WORDPAD.EXE

CommandLine:
                ""C:\Program Files\Windows NT\Accessories\wordpad.exe"" /p
                C:\AtomicRedTeam\atomics\..\ExternalPayloads\T1059_003note.txt

CurrentDirectory:
                C:\Users\User\AppData\Local\Temp\

User:
                WINDEV2309EVAL\User

LogonGuid:
                {f57bd86a-36f9-658c-7bf8-020000000000}

LogonId:
                0x2F87B

TerminalSessionId: 1

IntegrityLevel:
                Medium

Hashes:
                MD5=463E4F3EF0E69443D88F8BC47670204A,SHA256=1FA4DF9D7D58695FA9930876F4E771AE500D043282A398FA3600FD6660C83E70,IMPHASH=53D023B3A55A3CC9CED17D7D122AA827

ParentProcessGuid:
                {f57bd86a-7b78-658c-c601-000000000f00}

ParentProcessId:
                8316

ParentImage: C:\Windows\System32\cmd.exe

ParentCommandLine:
                ""C:\Windows\system32\cmd.exe"" /c ""for /l %x in (1,1,75) do start wordpad.exe /p
                C:\AtomicRedTeam\atomics\..\ExternalPayloads\T1059_003note.txt""

ParentUser:
                WINDEV2309EVAL\User</Message>
      
            
      <Level>Information</Level>
      
            
      <Task>Process Create (rule: ProcessCreate)</Task>
      
            
      <Opcode>Info</Opcode>
      
        
    </RenderingInfo>
    
    
  </Event>
  
    
  
"
Microsoft-Windows-Sysmon/Operational,"""C:\Program Files\Windows NT\Accessories\wordpad.exe"" /p
                C:\AtomicRedTeam\atomics\..\ExternalPayloads\T1059_003note.txt",Microsoft Corporation,WinDev2309Eval,,C:\Users\User\AppData\Local\Temp\,Windows Wordpad Application,,1,19637,,10.0.22621.2861 (WinBuild.160101.0800),"
                MD5=463E4F3EF0E69443D88F8BC47670204A,SHA256=1FA4DF9D7D58695FA9930876F4E771AE500D043282A398FA3600FD6660C83E70,IMPHASH=53D023B3A55A3CC9CED17D7D122AA827",C:\Program Files\Windows NT\Accessories\wordpad.exe,Medium,0x8000000000000000,Information,{f57bd86a-36f9-658c-7bf8-020000000000},0x2f87b,"Process Create:

RuleName: -

UtcTime: 2023-12-27
                19:31:07.732

ProcessGuid:
                {f57bd86a-7b7b-658c-0002-000000000f00}

ProcessId: 11780

Image:
                C:\Program Files\Windows NT\Accessories\wordpad.exe

FileVersion:
                10.0.22621.2861 (WinBuild.160101.0800)

Description: Windows Wordpad
                Application

Product: Microsoft速 Windows速 Operating System

Company:
                Microsoft Corporation

OriginalFileName: WORDPAD.EXE

CommandLine:
                ""C:\Program Files\Windows NT\Accessories\wordpad.exe"" /p
                C:\AtomicRedTeam\atomics\..\ExternalPayloads\T1059_003note.txt

CurrentDirectory:
                C:\Users\User\AppData\Local\Temp\

User:
                WINDEV2309EVAL\User

LogonGuid:
                {f57bd86a-36f9-658c-7bf8-020000000000}

LogonId:
                0x2F87B

TerminalSessionId: 1

IntegrityLevel:
                Medium

Hashes:
                MD5=463E4F3EF0E69443D88F8BC47670204A,SHA256=1FA4DF9D7D58695FA9930876F4E771AE500D043282A398FA3600FD6660C83E70,IMPHASH=53D023B3A55A3CC9CED17D7D122AA827

ParentProcessGuid:
                {f57bd86a-7b78-658c-c601-000000000f00}

ParentProcessId:
                8316

ParentImage: C:\Windows\System32\cmd.exe

ParentCommandLine:
                ""C:\Windows\system32\cmd.exe"" /c ""for /l %x in (1,1,75) do start wordpad.exe /p
                C:\AtomicRedTeam\atomics\..\ExternalPayloads\T1059_003note.txt""

ParentUser:
                WINDEV2309EVAL\User",Info,WORDPAD.EXE,"""C:\Windows\system32\cmd.exe"" /c ""for /l %x in (1,1,75)
                do start wordpad.exe /p
                C:\AtomicRedTeam\atomics\..\ExternalPayloads\T1059_003note.txt""",C:\Windows\System32\cmd.exe,{f57bd86a-7b78-658c-c601-000000000f00},8316,WINDEV2309EVAL\User,{f57bd86a-7b7b-658c-0002-000000000f00},3588,11780,Microsoft速 Windows速 Operating System,,,,"
      
            
      ",-,2023-12-27T19:31:07.7377638Z,,,Process Create (rule: ProcessCreate),1,5124,WINDEV2309EVAL\User,S-1-5-18,2023-12-27 19:31:07.732,5,"<Event xmlns=""http://schemas.microsoft.com/win/2004/08/events/event"">
    
        
    <System>
      
            
      <Provider Name=""Microsoft-Windows-Sysmon"" Guid=""{5770385f-c22a-43e0-bf4c-06f5698ffbd9}""/>
      
            
      <EventID>1</EventID>
      
            
      <Version>5</Version>
      
            
      <Level>4</Level>
      
            
      <Task>1</Task>
      
            
      <Opcode>0</Opcode>
      
            
      <Keywords>0x8000000000000000</Keywords>
      
            
      <TimeCreated SystemTime=""2023-12-27T19:31:07.7377638Z""/>
      
            
      <EventRecordID>19637</EventRecordID>
      
            
      <Correlation/>
      
            
      <Execution ProcessID=""3588"" ThreadID=""5124""/>
      
            
      <Channel>Microsoft-Windows-Sysmon/Operational</Channel>
      
            
      <Computer>WinDev2309Eval</Computer>
      
            
      <Security UserID=""S-1-5-18""/>
      
        
    </System>
    
        
    <EventData>
      
            
      <Data Name=""RuleName"">-</Data>
      
            
      <Data Name=""UtcTime"">2023-12-27 19:31:07.732</Data>
      
            
      <Data Name=""ProcessGuid"">{f57bd86a-7b7b-658c-0002-000000000f00}</Data>
      
            
      <Data Name=""ProcessId"">11780</Data>
      
            
      <Data Name=""Image"">C:\Program Files\Windows NT\Accessories\wordpad.exe</Data>
      
            
      <Data Name=""FileVersion"">10.0.22621.2861 (WinBuild.160101.0800)</Data>
      
            
      <Data Name=""Description"">Windows Wordpad Application</Data>
      
            
      <Data Name=""Product"">Microsoft&#174; Windows&#174; Operating System</Data>
      
            
      <Data Name=""Company"">Microsoft Corporation</Data>
      
            
      <Data Name=""OriginalFileName"">WORDPAD.EXE</Data>
      
            
      <Data Name=""CommandLine"">""C:\Program Files\Windows NT\Accessories\wordpad.exe"" /p
                C:\AtomicRedTeam\atomics\..\ExternalPayloads\T1059_003note.txt</Data>
      
            
      <Data Name=""CurrentDirectory"">C:\Users\User\AppData\Local\Temp\</Data>
      
            
      <Data Name=""User"">WINDEV2309EVAL\User</Data>
      
            
      <Data Name=""LogonGuid"">{f57bd86a-36f9-658c-7bf8-020000000000}</Data>
      
            
      <Data Name=""LogonId"">0x2f87b</Data>
      
            
      <Data Name=""TerminalSessionId"">1</Data>
      
            
      <Data Name=""IntegrityLevel"">Medium</Data>
      
            
      <Data Name=""Hashes"">
                MD5=463E4F3EF0E69443D88F8BC47670204A,SHA256=1FA4DF9D7D58695FA9930876F4E771AE500D043282A398FA3600FD6660C83E70,IMPHASH=53D023B3A55A3CC9CED17D7D122AA827</Data>
      
            
      <Data Name=""ParentProcessGuid"">{f57bd86a-7b78-658c-c601-000000000f00}</Data>
      
            
      <Data Name=""ParentProcessId"">8316</Data>
      
            
      <Data Name=""ParentImage"">C:\Windows\System32\cmd.exe</Data>
      
            
      <Data Name=""ParentCommandLine"">""C:\Windows\system32\cmd.exe"" /c ""for /l %x in (1,1,75)
                do start wordpad.exe /p
                C:\AtomicRedTeam\atomics\..\ExternalPayloads\T1059_003note.txt""</Data>
      
            
      <Data Name=""ParentUser"">WINDEV2309EVAL\User</Data>
      
        
    </EventData>
    
        
    <RenderingInfo Culture=""en-US"">
      
            
      <Message>Process Create:

RuleName: -

UtcTime: 2023-12-27
                19:31:07.732

ProcessGuid:
                {f57bd86a-7b7b-658c-0002-000000000f00}

ProcessId: 11780

Image:
                C:\Program Files\Windows NT\Accessories\wordpad.exe

FileVersion:
                10.0.22621.2861 (WinBuild.160101.0800)

Description: Windows Wordpad
                Application

Product: Microsoft&#174; Windows&#174; Operating System

Company:
                Microsoft Corporation

OriginalFileName: WORDPAD.EXE

CommandLine:
                ""C:\Program Files\Windows NT\Accessories\wordpad.exe"" /p
                C:\AtomicRedTeam\atomics\..\ExternalPayloads\T1059_003note.txt

CurrentDirectory:
                C:\Users\User\AppData\Local\Temp\

User:
                WINDEV2309EVAL\User

LogonGuid:
                {f57bd86a-36f9-658c-7bf8-020000000000}

LogonId:
                0x2F87B

TerminalSessionId: 1

IntegrityLevel:
                Medium

Hashes:
                MD5=463E4F3EF0E69443D88F8BC47670204A,SHA256=1FA4DF9D7D58695FA9930876F4E771AE500D043282A398FA3600FD6660C83E70,IMPHASH=53D023B3A55A3CC9CED17D7D122AA827

ParentProcessGuid:
                {f57bd86a-7b78-658c-c601-000000000f00}

ParentProcessId:
                8316

ParentImage: C:\Windows\System32\cmd.exe

ParentCommandLine:
                ""C:\Windows\system32\cmd.exe"" /c ""for /l %x in (1,1,75) do start wordpad.exe /p
                C:\AtomicRedTeam\atomics\..\ExternalPayloads\T1059_003note.txt""

ParentUser:
                WINDEV2309EVAL\User</Message>
      
            
      <Level>Information</Level>
      
            
      <Task>Process Create (rule: ProcessCreate)</Task>
      
            
      <Opcode>Info</Opcode>
      
        
    </RenderingInfo>
    
    
  </Event>
  
    
  
"
Microsoft-Windows-Sysmon/Operational,"""C:\Program Files\Windows NT\Accessories\wordpad.exe"" /p
                C:\AtomicRedTeam\atomics\..\ExternalPayloads\T1059_003note.txt",Microsoft Corporation,WinDev2309Eval,,C:\Users\User\AppData\Local\Temp\,Windows Wordpad Application,,1,19636,,10.0.22621.2861 (WinBuild.160101.0800),"
                MD5=463E4F3EF0E69443D88F8BC47670204A,SHA256=1FA4DF9D7D58695FA9930876F4E771AE500D043282A398FA3600FD6660C83E70,IMPHASH=53D023B3A55A3CC9CED17D7D122AA827",C:\Program Files\Windows NT\Accessories\wordpad.exe,Medium,0x8000000000000000,Information,{f57bd86a-36f9-658c-7bf8-020000000000},0x2f87b,"Process Create:

RuleName: -

UtcTime: 2023-12-27
                19:31:07.620

ProcessGuid:
                {f57bd86a-7b7b-658c-ff01-000000000f00}

ProcessId: 11752

Image:
                C:\Program Files\Windows NT\Accessories\wordpad.exe

FileVersion:
                10.0.22621.2861 (WinBuild.160101.0800)

Description: Windows Wordpad
                Application

Product: Microsoft速 Windows速 Operating System

Company:
                Microsoft Corporation

OriginalFileName: WORDPAD.EXE

CommandLine:
                ""C:\Program Files\Windows NT\Accessories\wordpad.exe"" /p
                C:\AtomicRedTeam\atomics\..\ExternalPayloads\T1059_003note.txt

CurrentDirectory:
                C:\Users\User\AppData\Local\Temp\

User:
                WINDEV2309EVAL\User

LogonGuid:
                {f57bd86a-36f9-658c-7bf8-020000000000}

LogonId:
                0x2F87B

TerminalSessionId: 1

IntegrityLevel:
                Medium

Hashes:
                MD5=463E4F3EF0E69443D88F8BC47670204A,SHA256=1FA4DF9D7D58695FA9930876F4E771AE500D043282A398FA3600FD6660C83E70,IMPHASH=53D023B3A55A3CC9CED17D7D122AA827

ParentProcessGuid:
                {f57bd86a-7b78-658c-c601-000000000f00}

ParentProcessId:
                8316

ParentImage: C:\Windows\System32\cmd.exe

ParentCommandLine:
                ""C:\Windows\system32\cmd.exe"" /c ""for /l %x in (1,1,75) do start wordpad.exe /p
                C:\AtomicRedTeam\atomics\..\ExternalPayloads\T1059_003note.txt""

ParentUser:
                WINDEV2309EVAL\User",Info,WORDPAD.EXE,"""C:\Windows\system32\cmd.exe"" /c ""for /l %x in (1,1,75)
                do start wordpad.exe /p
                C:\AtomicRedTeam\atomics\..\ExternalPayloads\T1059_003note.txt""",C:\Windows\System32\cmd.exe,{f57bd86a-7b78-658c-c601-000000000f00},8316,WINDEV2309EVAL\User,{f57bd86a-7b7b-658c-ff01-000000000f00},3588,11752,Microsoft速 Windows速 Operating System,,,,"
      
            
      ",-,2023-12-27T19:31:07.6244357Z,,,Process Create (rule: ProcessCreate),1,5124,WINDEV2309EVAL\User,S-1-5-18,2023-12-27 19:31:07.620,5,"<Event xmlns=""http://schemas.microsoft.com/win/2004/08/events/event"">
    
        
    <System>
      
            
      <Provider Name=""Microsoft-Windows-Sysmon"" Guid=""{5770385f-c22a-43e0-bf4c-06f5698ffbd9}""/>
      
            
      <EventID>1</EventID>
      
            
      <Version>5</Version>
      
            
      <Level>4</Level>
      
            
      <Task>1</Task>
      
            
      <Opcode>0</Opcode>
      
            
      <Keywords>0x8000000000000000</Keywords>
      
            
      <TimeCreated SystemTime=""2023-12-27T19:31:07.6244357Z""/>
      
            
      <EventRecordID>19636</EventRecordID>
      
            
      <Correlation/>
      
            
      <Execution ProcessID=""3588"" ThreadID=""5124""/>
      
            
      <Channel>Microsoft-Windows-Sysmon/Operational</Channel>
      
            
      <Computer>WinDev2309Eval</Computer>
      
            
      <Security UserID=""S-1-5-18""/>
      
        
    </System>
    
        
    <EventData>
      
            
      <Data Name=""RuleName"">-</Data>
      
            
      <Data Name=""UtcTime"">2023-12-27 19:31:07.620</Data>
      
            
      <Data Name=""ProcessGuid"">{f57bd86a-7b7b-658c-ff01-000000000f00}</Data>
      
            
      <Data Name=""ProcessId"">11752</Data>
      
            
      <Data Name=""Image"">C:\Program Files\Windows NT\Accessories\wordpad.exe</Data>
      
            
      <Data Name=""FileVersion"">10.0.22621.2861 (WinBuild.160101.0800)</Data>
      
            
      <Data Name=""Description"">Windows Wordpad Application</Data>
      
            
      <Data Name=""Product"">Microsoft&#174; Windows&#174; Operating System</Data>
      
            
      <Data Name=""Company"">Microsoft Corporation</Data>
      
            
      <Data Name=""OriginalFileName"">WORDPAD.EXE</Data>
      
            
      <Data Name=""CommandLine"">""C:\Program Files\Windows NT\Accessories\wordpad.exe"" /p
                C:\AtomicRedTeam\atomics\..\ExternalPayloads\T1059_003note.txt</Data>
      
            
      <Data Name=""CurrentDirectory"">C:\Users\User\AppData\Local\Temp\</Data>
      
            
      <Data Name=""User"">WINDEV2309EVAL\User</Data>
      
            
      <Data Name=""LogonGuid"">{f57bd86a-36f9-658c-7bf8-020000000000}</Data>
      
            
      <Data Name=""LogonId"">0x2f87b</Data>
      
            
      <Data Name=""TerminalSessionId"">1</Data>
      
            
      <Data Name=""IntegrityLevel"">Medium</Data>
      
            
      <Data Name=""Hashes"">
                MD5=463E4F3EF0E69443D88F8BC47670204A,SHA256=1FA4DF9D7D58695FA9930876F4E771AE500D043282A398FA3600FD6660C83E70,IMPHASH=53D023B3A55A3CC9CED17D7D122AA827</Data>
      
            
      <Data Name=""ParentProcessGuid"">{f57bd86a-7b78-658c-c601-000000000f00}</Data>
      
            
      <Data Name=""ParentProcessId"">8316</Data>
      
            
      <Data Name=""ParentImage"">C:\Windows\System32\cmd.exe</Data>
      
            
      <Data Name=""ParentCommandLine"">""C:\Windows\system32\cmd.exe"" /c ""for /l %x in (1,1,75)
                do start wordpad.exe /p
                C:\AtomicRedTeam\atomics\..\ExternalPayloads\T1059_003note.txt""</Data>
      
            
      <Data Name=""ParentUser"">WINDEV2309EVAL\User</Data>
      
        
    </EventData>
    
        
    <RenderingInfo Culture=""en-US"">
      
            
      <Message>Process Create:

RuleName: -

UtcTime: 2023-12-27
                19:31:07.620

ProcessGuid:
                {f57bd86a-7b7b-658c-ff01-000000000f00}

ProcessId: 11752

Image:
                C:\Program Files\Windows NT\Accessories\wordpad.exe

FileVersion:
                10.0.22621.2861 (WinBuild.160101.0800)

Description: Windows Wordpad
                Application

Product: Microsoft&#174; Windows&#174; Operating System

Company:
                Microsoft Corporation

OriginalFileName: WORDPAD.EXE

CommandLine:
                ""C:\Program Files\Windows NT\Accessories\wordpad.exe"" /p
                C:\AtomicRedTeam\atomics\..\ExternalPayloads\T1059_003note.txt

CurrentDirectory:
                C:\Users\User\AppData\Local\Temp\

User:
                WINDEV2309EVAL\User

LogonGuid:
                {f57bd86a-36f9-658c-7bf8-020000000000}

LogonId:
                0x2F87B

TerminalSessionId: 1

IntegrityLevel:
                Medium

Hashes:
                MD5=463E4F3EF0E69443D88F8BC47670204A,SHA256=1FA4DF9D7D58695FA9930876F4E771AE500D043282A398FA3600FD6660C83E70,IMPHASH=53D023B3A55A3CC9CED17D7D122AA827

ParentProcessGuid:
                {f57bd86a-7b78-658c-c601-000000000f00}

ParentProcessId:
                8316

ParentImage: C:\Windows\System32\cmd.exe

ParentCommandLine:
                ""C:\Windows\system32\cmd.exe"" /c ""for /l %x in (1,1,75) do start wordpad.exe /p
                C:\AtomicRedTeam\atomics\..\ExternalPayloads\T1059_003note.txt""

ParentUser:
                WINDEV2309EVAL\User</Message>
      
            
      <Level>Information</Level>
      
            
      <Task>Process Create (rule: ProcessCreate)</Task>
      
            
      <Opcode>Info</Opcode>
      
        
    </RenderingInfo>
    
    
  </Event>
  
    
  
"
