Channel,CommandLine,Company,Computer,CreationUtcTime,CurrentDirectory,Description,Details,EventID,EventRecordID,EventType,FileVersion,Hashes,Image,IntegrityLevel,Keywords,Level,LogonGuid,LogonId,Message,Opcode,OriginalFileName,ParentCommandLine,ParentImage,ParentProcessGuid,ParentProcessId,ParentUser,ProcessGuid,ProcessID,ProcessId,Product,QueryName,QueryResults,QueryStatus,RenderingInfo,RuleName,SystemTime,TargetFilename,TargetObject,Task,TerminalSessionId,ThreadID,User,UserID,UtcTime,Version,raw
Microsoft-Windows-Sysmon/Operational,"""C:\Windows\system32\appidcertstorecheck.exe""",Microsoft Corporation,WinDev2309Eval,,C:\Windows\system32\,AppID Certificate Store Verification Task,,1,19676,,10.0.22621.2506 (WinBuild.160101.0800),"
                MD5=A3D3C1CF254BF1B45F5950EFAD6621AF,SHA256=82906ECB6EE934ED28839F127F7994A517B9D9C83746187246D6F226FB6A65E6,IMPHASH=7168353EDBE3AB24A184BB681FD55AE6",C:\Windows\System32\appidcertstorecheck.exe,System,0x8000000000000000,Information,{f57bd86a-36f6-658c-e503-000000000000},0x3e5,"Process Create:

RuleName: -

UtcTime: 2023-12-27
                19:31:54.496

ProcessGuid:
                {f57bd86a-7baa-658c-2502-000000000f00}

ProcessId: 13848

Image:
                C:\Windows\System32\appidcertstorecheck.exe

FileVersion: 10.0.22621.2506
                (WinBuild.160101.0800)

Description: AppID Certificate Store Verification
                Task

Product: Microsoft速 Windows速 Operating System

Company:
                Microsoft Corporation

OriginalFileName:
                AppIDCertstoreCheck.exe

CommandLine:
                ""C:\Windows\system32\appidcertstorecheck.exe""

CurrentDirectory:
                C:\Windows\system32\

User: NT AUTHORITY\LOCAL SERVICE

LogonGuid:
                {f57bd86a-36f6-658c-e503-000000000000}

LogonId:
                0x3E5

TerminalSessionId: 0

IntegrityLevel: System

Hashes:
                MD5=A3D3C1CF254BF1B45F5950EFAD6621AF,SHA256=82906ECB6EE934ED28839F127F7994A517B9D9C83746187246D6F226FB6A65E6,IMPHASH=7168353EDBE3AB24A184BB681FD55AE6

ParentProcessGuid:
                {f57bd86a-36f6-658c-1d00-000000000f00}

ParentProcessId:
                1496

ParentImage:
                C:\Windows\System32\svchost.exe

ParentCommandLine:
                C:\Windows\system32\svchost.exe -k netsvcs -p -s Schedule

ParentUser: NT
                AUTHORITY\SYSTEM",Info,AppIDCertstoreCheck.exe,C:\Windows\system32\svchost.exe -k netsvcs -p -s Schedule,C:\Windows\System32\svchost.exe,{f57bd86a-36f6-658c-1d00-000000000f00},1496,NT AUTHORITY\SYSTEM,{f57bd86a-7baa-658c-2502-000000000f00},3588,13848,Microsoft速 Windows速 Operating System,,,,"
      
            
      ",-,2023-12-27T19:31:54.5110858Z,,,Process Create (rule: ProcessCreate),0,5124,NT AUTHORITY\LOCAL SERVICE,S-1-5-18,2023-12-27 19:31:54.496,5,"<Event xmlns=""http://schemas.microsoft.com/win/2004/08/events/event"">
    
        
    <System>
      
            
      <Provider Name=""Microsoft-Windows-Sysmon"" Guid=""{5770385f-c22a-43e0-bf4c-06f5698ffbd9}""/>
      
            
      <EventID>1</EventID>
      
            
      <Version>5</Version>
      
            
      <Level>4</Level>
      
            
      <Task>1</Task>
      
            
      <Opcode>0</Opcode>
      
            
      <Keywords>0x8000000000000000</Keywords>
      
            
      <TimeCreated SystemTime=""2023-12-27T19:31:54.5110858Z""/>
      
            
      <EventRecordID>19676</EventRecordID>
      
            
      <Correlation/>
      
            
      <Execution ProcessID=""3588"" ThreadID=""5124""/>
      
            
      <Channel>Microsoft-Windows-Sysmon/Operational</Channel>
      
            
      <Computer>WinDev2309Eval</Computer>
      
            
      <Security UserID=""S-1-5-18""/>
      
        
    </System>
    
        
    <EventData>
      
            
      <Data Name=""RuleName"">-</Data>
      
            
      <Data Name=""UtcTime"">2023-12-27 19:31:54.496</Data>
      
            
      <Data Name=""ProcessGuid"">{f57bd86a-7baa-658c-2502-000000000f00}</Data>
      
            
      <Data Name=""ProcessId"">13848</Data>
      
            
      <Data Name=""Image"">C:\Windows\System32\appidcertstorecheck.exe</Data>
      
            
      <Data Name=""FileVersion"">10.0.22621.2506 (WinBuild.160101.0800)</Data>
      
            
      <Data Name=""Description"">AppID Certificate Store Verification Task</Data>
      
            
      <Data Name=""Product"">Microsoft&#174; Windows&#174; Operating System</Data>
      
            
      <Data Name=""Company"">Microsoft Corporation</Data>
      
            
      <Data Name=""OriginalFileName"">AppIDCertstoreCheck.exe</Data>
      
            
      <Data Name=""CommandLine"">""C:\Windows\system32\appidcertstorecheck.exe""</Data>
      
            
      <Data Name=""CurrentDirectory"">C:\Windows\system32\</Data>
      
            
      <Data Name=""User"">NT AUTHORITY\LOCAL SERVICE</Data>
      
            
      <Data Name=""LogonGuid"">{f57bd86a-36f6-658c-e503-000000000000}</Data>
      
            
      <Data Name=""LogonId"">0x3e5</Data>
      
            
      <Data Name=""TerminalSessionId"">0</Data>
      
            
      <Data Name=""IntegrityLevel"">System</Data>
      
            
      <Data Name=""Hashes"">
                MD5=A3D3C1CF254BF1B45F5950EFAD6621AF,SHA256=82906ECB6EE934ED28839F127F7994A517B9D9C83746187246D6F226FB6A65E6,IMPHASH=7168353EDBE3AB24A184BB681FD55AE6</Data>
      
            
      <Data Name=""ParentProcessGuid"">{f57bd86a-36f6-658c-1d00-000000000f00}</Data>
      
            
      <Data Name=""ParentProcessId"">1496</Data>
      
            
      <Data Name=""ParentImage"">C:\Windows\System32\svchost.exe</Data>
      
            
      <Data Name=""ParentCommandLine"">C:\Windows\system32\svchost.exe -k netsvcs -p -s Schedule</Data>
      
            
      <Data Name=""ParentUser"">NT AUTHORITY\SYSTEM</Data>
      
        
    </EventData>
    
        
    <RenderingInfo Culture=""en-US"">
      
            
      <Message>Process Create:

RuleName: -

UtcTime: 2023-12-27
                19:31:54.496

ProcessGuid:
                {f57bd86a-7baa-658c-2502-000000000f00}

ProcessId: 13848

Image:
                C:\Windows\System32\appidcertstorecheck.exe

FileVersion: 10.0.22621.2506
                (WinBuild.160101.0800)

Description: AppID Certificate Store Verification
                Task

Product: Microsoft&#174; Windows&#174; Operating System

Company:
                Microsoft Corporation

OriginalFileName:
                AppIDCertstoreCheck.exe

CommandLine:
                ""C:\Windows\system32\appidcertstorecheck.exe""

CurrentDirectory:
                C:\Windows\system32\

User: NT AUTHORITY\LOCAL SERVICE

LogonGuid:
                {f57bd86a-36f6-658c-e503-000000000000}

LogonId:
                0x3E5

TerminalSessionId: 0

IntegrityLevel: System

Hashes:
                MD5=A3D3C1CF254BF1B45F5950EFAD6621AF,SHA256=82906ECB6EE934ED28839F127F7994A517B9D9C83746187246D6F226FB6A65E6,IMPHASH=7168353EDBE3AB24A184BB681FD55AE6

ParentProcessGuid:
                {f57bd86a-36f6-658c-1d00-000000000f00}

ParentProcessId:
                1496

ParentImage:
                C:\Windows\System32\svchost.exe

ParentCommandLine:
                C:\Windows\system32\svchost.exe -k netsvcs -p -s Schedule

ParentUser: NT
                AUTHORITY\SYSTEM</Message>
      
            
      <Level>Information</Level>
      
            
      <Task>Process Create (rule: ProcessCreate)</Task>
      
            
      <Opcode>Info</Opcode>
      
        
    </RenderingInfo>
    
    
  </Event>
  
    
  
"
Microsoft-Windows-Sysmon/Operational,,,WinDev2309Eval,,,,10.0.22621.1,13,19675,SetValue,,,C:\Windows\System32\svchost.exe,,0x8000000000000000,Information,,,"Registry value set:

RuleName: InvDB-Ver

EventType:
                SetValue

UtcTime: 2023-12-27 19:31:31.460

ProcessGuid:
                {f57bd86a-36f8-658c-3e00-000000000f00}

ProcessId: 3212

Image:
                C:\Windows\System32\svchost.exe

TargetObject:
                \REGISTRY\A\{b3b14332-edc6-625a-c682-62677f6d06d4}\Root\InventoryApplicationFile\whoami.exe|7380676a876ce9b1\BinProductVersion

Details:
                10.0.22621.1

User: NT AUTHORITY\SYSTEM",Info,,,,,,,{f57bd86a-36f8-658c-3e00-000000000f00},3588,3212,,,,,"
      
            
      ",InvDB-Ver,2023-12-27T19:31:31.4689173Z,,"
                \REGISTRY\A\{b3b14332-edc6-625a-c682-62677f6d06d4}\Root\InventoryApplicationFile\whoami.exe|7380676a876ce9b1\BinProductVersion",Registry value set (rule: RegistryEvent),,5124,NT AUTHORITY\SYSTEM,S-1-5-18,2023-12-27 19:31:31.460,2,"<Event xmlns=""http://schemas.microsoft.com/win/2004/08/events/event"">
    
        
    <System>
      
            
      <Provider Name=""Microsoft-Windows-Sysmon"" Guid=""{5770385f-c22a-43e0-bf4c-06f5698ffbd9}""/>
      
            
      <EventID>13</EventID>
      
            
      <Version>2</Version>
      
            
      <Level>4</Level>
      
            
      <Task>13</Task>
      
            
      <Opcode>0</Opcode>
      
            
      <Keywords>0x8000000000000000</Keywords>
      
            
      <TimeCreated SystemTime=""2023-12-27T19:31:31.4689173Z""/>
      
            
      <EventRecordID>19675</EventRecordID>
      
            
      <Correlation/>
      
            
      <Execution ProcessID=""3588"" ThreadID=""5124""/>
      
            
      <Channel>Microsoft-Windows-Sysmon/Operational</Channel>
      
            
      <Computer>WinDev2309Eval</Computer>
      
            
      <Security UserID=""S-1-5-18""/>
      
        
    </System>
    
        
    <EventData>
      
            
      <Data Name=""RuleName"">InvDB-Ver</Data>
      
            
      <Data Name=""EventType"">SetValue</Data>
      
            
      <Data Name=""UtcTime"">2023-12-27 19:31:31.460</Data>
      
            
      <Data Name=""ProcessGuid"">{f57bd86a-36f8-658c-3e00-000000000f00}</Data>
      
            
      <Data Name=""ProcessId"">3212</Data>
      
            
      <Data Name=""Image"">C:\Windows\System32\svchost.exe</Data>
      
            
      <Data Name=""TargetObject"">
                \REGISTRY\A\{b3b14332-edc6-625a-c682-62677f6d06d4}\Root\InventoryApplicationFile\whoami.exe|7380676a876ce9b1\BinProductVersion</Data>
      
            
      <Data Name=""Details"">10.0.22621.1</Data>
      
            
      <Data Name=""User"">NT AUTHORITY\SYSTEM</Data>
      
        
    </EventData>
    
        
    <RenderingInfo Culture=""en-US"">
      
            
      <Message>Registry value set:

RuleName: InvDB-Ver

EventType:
                SetValue

UtcTime: 2023-12-27 19:31:31.460

ProcessGuid:
                {f57bd86a-36f8-658c-3e00-000000000f00}

ProcessId: 3212

Image:
                C:\Windows\System32\svchost.exe

TargetObject:
                \REGISTRY\A\{b3b14332-edc6-625a-c682-62677f6d06d4}\Root\InventoryApplicationFile\whoami.exe|7380676a876ce9b1\BinProductVersion

Details:
                10.0.22621.1

User: NT AUTHORITY\SYSTEM</Message>
      
            
      <Level>Information</Level>
      
            
      <Task>Registry value set (rule: RegistryEvent)</Task>
      
            
      <Opcode>Info</Opcode>
      
        
    </RenderingInfo>
    
    
  </Event>
  
    
  
"
Microsoft-Windows-Sysmon/Operational,,,WinDev2309Eval,,,,11/29/1990 22:46:48,13,19674,SetValue,,,C:\Windows\System32\svchost.exe,,0x8000000000000000,Information,,,"Registry value set:

RuleName:
                InvDB-CompileTimeClaim

EventType: SetValue

UtcTime: 2023-12-27
                19:31:31.460

ProcessGuid:
                {f57bd86a-36f8-658c-3e00-000000000f00}

ProcessId: 3212

Image:
                C:\Windows\System32\svchost.exe

TargetObject:
                \REGISTRY\A\{b3b14332-edc6-625a-c682-62677f6d06d4}\Root\InventoryApplicationFile\whoami.exe|7380676a876ce9b1\LinkDate

Details:
                11/29/1990 22:46:48

User: NT AUTHORITY\SYSTEM",Info,,,,,,,{f57bd86a-36f8-658c-3e00-000000000f00},3588,3212,,,,,"
      
            
      ",InvDB-CompileTimeClaim,2023-12-27T19:31:31.4688533Z,,"
                \REGISTRY\A\{b3b14332-edc6-625a-c682-62677f6d06d4}\Root\InventoryApplicationFile\whoami.exe|7380676a876ce9b1\LinkDate",Registry value set (rule: RegistryEvent),,5124,NT AUTHORITY\SYSTEM,S-1-5-18,2023-12-27 19:31:31.460,2,"<Event xmlns=""http://schemas.microsoft.com/win/2004/08/events/event"">
    
        
    <System>
      
            
      <Provider Name=""Microsoft-Windows-Sysmon"" Guid=""{5770385f-c22a-43e0-bf4c-06f5698ffbd9}""/>
      
            
      <EventID>13</EventID>
      
            
      <Version>2</Version>
      
            
      <Level>4</Level>
      
            
      <Task>13</Task>
      
            
      <Opcode>0</Opcode>
      
            
      <Keywords>0x8000000000000000</Keywords>
      
            
      <TimeCreated SystemTime=""2023-12-27T19:31:31.4688533Z""/>
      
            
      <EventRecordID>19674</EventRecordID>
      
            
      <Correlation/>
      
            
      <Execution ProcessID=""3588"" ThreadID=""5124""/>
      
            
      <Channel>Microsoft-Windows-Sysmon/Operational</Channel>
      
            
      <Computer>WinDev2309Eval</Computer>
      
            
      <Security UserID=""S-1-5-18""/>
      
        
    </System>
    
        
    <EventData>
      
            
      <Data Name=""RuleName"">InvDB-CompileTimeClaim</Data>
      
            
      <Data Name=""EventType"">SetValue</Data>
      
            
      <Data Name=""UtcTime"">2023-12-27 19:31:31.460</Data>
      
            
      <Data Name=""ProcessGuid"">{f57bd86a-36f8-658c-3e00-000000000f00}</Data>
      
            
      <Data Name=""ProcessId"">3212</Data>
      
            
      <Data Name=""Image"">C:\Windows\System32\svchost.exe</Data>
      
            
      <Data Name=""TargetObject"">
                \REGISTRY\A\{b3b14332-edc6-625a-c682-62677f6d06d4}\Root\InventoryApplicationFile\whoami.exe|7380676a876ce9b1\LinkDate</Data>
      
            
      <Data Name=""Details"">11/29/1990 22:46:48</Data>
      
            
      <Data Name=""User"">NT AUTHORITY\SYSTEM</Data>
      
        
    </EventData>
    
        
    <RenderingInfo Culture=""en-US"">
      
            
      <Message>Registry value set:

RuleName:
                InvDB-CompileTimeClaim

EventType: SetValue

UtcTime: 2023-12-27
                19:31:31.460

ProcessGuid:
                {f57bd86a-36f8-658c-3e00-000000000f00}

ProcessId: 3212

Image:
                C:\Windows\System32\svchost.exe

TargetObject:
                \REGISTRY\A\{b3b14332-edc6-625a-c682-62677f6d06d4}\Root\InventoryApplicationFile\whoami.exe|7380676a876ce9b1\LinkDate

Details:
                11/29/1990 22:46:48

User: NT AUTHORITY\SYSTEM</Message>
      
            
      <Level>Information</Level>
      
            
      <Task>Registry value set (rule: RegistryEvent)</Task>
      
            
      <Opcode>Info</Opcode>
      
        
    </RenderingInfo>
    
    
  </Event>
  
    
  
"
Microsoft-Windows-Sysmon/Operational,,,WinDev2309Eval,,,,microsoft corporation,13,19673,SetValue,,,C:\Windows\System32\svchost.exe,,0x8000000000000000,Information,,,"Registry value set:

RuleName: InvDB-Pub

EventType:
                SetValue

UtcTime: 2023-12-27 19:31:31.460

ProcessGuid:
                {f57bd86a-36f8-658c-3e00-000000000f00}

ProcessId: 3212

Image:
                C:\Windows\System32\svchost.exe

TargetObject:
                \REGISTRY\A\{b3b14332-edc6-625a-c682-62677f6d06d4}\Root\InventoryApplicationFile\whoami.exe|7380676a876ce9b1\Publisher

Details:
                microsoft corporation

User: NT AUTHORITY\SYSTEM",Info,,,,,,,{f57bd86a-36f8-658c-3e00-000000000f00},3588,3212,,,,,"
      
            
      ",InvDB-Pub,2023-12-27T19:31:31.4684302Z,,"
                \REGISTRY\A\{b3b14332-edc6-625a-c682-62677f6d06d4}\Root\InventoryApplicationFile\whoami.exe|7380676a876ce9b1\Publisher",Registry value set (rule: RegistryEvent),,5124,NT AUTHORITY\SYSTEM,S-1-5-18,2023-12-27 19:31:31.460,2,"<Event xmlns=""http://schemas.microsoft.com/win/2004/08/events/event"">
    
        
    <System>
      
            
      <Provider Name=""Microsoft-Windows-Sysmon"" Guid=""{5770385f-c22a-43e0-bf4c-06f5698ffbd9}""/>
      
            
      <EventID>13</EventID>
      
            
      <Version>2</Version>
      
            
      <Level>4</Level>
      
            
      <Task>13</Task>
      
            
      <Opcode>0</Opcode>
      
            
      <Keywords>0x8000000000000000</Keywords>
      
            
      <TimeCreated SystemTime=""2023-12-27T19:31:31.4684302Z""/>
      
            
      <EventRecordID>19673</EventRecordID>
      
            
      <Correlation/>
      
            
      <Execution ProcessID=""3588"" ThreadID=""5124""/>
      
            
      <Channel>Microsoft-Windows-Sysmon/Operational</Channel>
      
            
      <Computer>WinDev2309Eval</Computer>
      
            
      <Security UserID=""S-1-5-18""/>
      
        
    </System>
    
        
    <EventData>
      
            
      <Data Name=""RuleName"">InvDB-Pub</Data>
      
            
      <Data Name=""EventType"">SetValue</Data>
      
            
      <Data Name=""UtcTime"">2023-12-27 19:31:31.460</Data>
      
            
      <Data Name=""ProcessGuid"">{f57bd86a-36f8-658c-3e00-000000000f00}</Data>
      
            
      <Data Name=""ProcessId"">3212</Data>
      
            
      <Data Name=""Image"">C:\Windows\System32\svchost.exe</Data>
      
            
      <Data Name=""TargetObject"">
                \REGISTRY\A\{b3b14332-edc6-625a-c682-62677f6d06d4}\Root\InventoryApplicationFile\whoami.exe|7380676a876ce9b1\Publisher</Data>
      
            
      <Data Name=""Details"">microsoft corporation</Data>
      
            
      <Data Name=""User"">NT AUTHORITY\SYSTEM</Data>
      
        
    </EventData>
    
        
    <RenderingInfo Culture=""en-US"">
      
            
      <Message>Registry value set:

RuleName: InvDB-Pub

EventType:
                SetValue

UtcTime: 2023-12-27 19:31:31.460

ProcessGuid:
                {f57bd86a-36f8-658c-3e00-000000000f00}

ProcessId: 3212

Image:
                C:\Windows\System32\svchost.exe

TargetObject:
                \REGISTRY\A\{b3b14332-edc6-625a-c682-62677f6d06d4}\Root\InventoryApplicationFile\whoami.exe|7380676a876ce9b1\Publisher

Details:
                microsoft corporation

User: NT AUTHORITY\SYSTEM</Message>
      
            
      <Level>Information</Level>
      
            
      <Task>Registry value set (rule: RegistryEvent)</Task>
      
            
      <Opcode>Info</Opcode>
      
        
    </RenderingInfo>
    
    
  </Event>
  
    
  
"
Microsoft-Windows-Sysmon/Operational,,,WinDev2309Eval,,,,c:\windows\system32\whoami.exe,13,19672,SetValue,,,C:\Windows\System32\svchost.exe,,0x8000000000000000,Information,,,"Registry value set:

RuleName: InvDB-Path

EventType:
                SetValue

UtcTime: 2023-12-27 19:31:31.460

ProcessGuid:
                {f57bd86a-36f8-658c-3e00-000000000f00}

ProcessId: 3212

Image:
                C:\Windows\System32\svchost.exe

TargetObject:
                \REGISTRY\A\{b3b14332-edc6-625a-c682-62677f6d06d4}\Root\InventoryApplicationFile\whoami.exe|7380676a876ce9b1\LowerCaseLongPath

Details:
                c:\windows\system32\whoami.exe

User: NT AUTHORITY\SYSTEM",Info,,,,,,,{f57bd86a-36f8-658c-3e00-000000000f00},3588,3212,,,,,"
      
            
      ",InvDB-Path,2023-12-27T19:31:31.4682601Z,,"
                \REGISTRY\A\{b3b14332-edc6-625a-c682-62677f6d06d4}\Root\InventoryApplicationFile\whoami.exe|7380676a876ce9b1\LowerCaseLongPath",Registry value set (rule: RegistryEvent),,5124,NT AUTHORITY\SYSTEM,S-1-5-18,2023-12-27 19:31:31.460,2,"<Event xmlns=""http://schemas.microsoft.com/win/2004/08/events/event"">
    
        
    <System>
      
            
      <Provider Name=""Microsoft-Windows-Sysmon"" Guid=""{5770385f-c22a-43e0-bf4c-06f5698ffbd9}""/>
      
            
      <EventID>13</EventID>
      
            
      <Version>2</Version>
      
            
      <Level>4</Level>
      
            
      <Task>13</Task>
      
            
      <Opcode>0</Opcode>
      
            
      <Keywords>0x8000000000000000</Keywords>
      
            
      <TimeCreated SystemTime=""2023-12-27T19:31:31.4682601Z""/>
      
            
      <EventRecordID>19672</EventRecordID>
      
            
      <Correlation/>
      
            
      <Execution ProcessID=""3588"" ThreadID=""5124""/>
      
            
      <Channel>Microsoft-Windows-Sysmon/Operational</Channel>
      
            
      <Computer>WinDev2309Eval</Computer>
      
            
      <Security UserID=""S-1-5-18""/>
      
        
    </System>
    
        
    <EventData>
      
            
      <Data Name=""RuleName"">InvDB-Path</Data>
      
            
      <Data Name=""EventType"">SetValue</Data>
      
            
      <Data Name=""UtcTime"">2023-12-27 19:31:31.460</Data>
      
            
      <Data Name=""ProcessGuid"">{f57bd86a-36f8-658c-3e00-000000000f00}</Data>
      
            
      <Data Name=""ProcessId"">3212</Data>
      
            
      <Data Name=""Image"">C:\Windows\System32\svchost.exe</Data>
      
            
      <Data Name=""TargetObject"">
                \REGISTRY\A\{b3b14332-edc6-625a-c682-62677f6d06d4}\Root\InventoryApplicationFile\whoami.exe|7380676a876ce9b1\LowerCaseLongPath</Data>
      
            
      <Data Name=""Details"">c:\windows\system32\whoami.exe</Data>
      
            
      <Data Name=""User"">NT AUTHORITY\SYSTEM</Data>
      
        
    </EventData>
    
        
    <RenderingInfo Culture=""en-US"">
      
            
      <Message>Registry value set:

RuleName: InvDB-Path

EventType:
                SetValue

UtcTime: 2023-12-27 19:31:31.460

ProcessGuid:
                {f57bd86a-36f8-658c-3e00-000000000f00}

ProcessId: 3212

Image:
                C:\Windows\System32\svchost.exe

TargetObject:
                \REGISTRY\A\{b3b14332-edc6-625a-c682-62677f6d06d4}\Root\InventoryApplicationFile\whoami.exe|7380676a876ce9b1\LowerCaseLongPath

Details:
                c:\windows\system32\whoami.exe

User: NT AUTHORITY\SYSTEM</Message>
      
            
      <Level>Information</Level>
      
            
      <Task>Registry value set (rule: RegistryEvent)</Task>
      
            
      <Opcode>Info</Opcode>
      
        
    </RenderingInfo>
    
    
  </Event>
  
    
  
"
Microsoft-Windows-Sysmon/Operational,"""C:\Program
                Files\WindowsApps\Microsoft.WindowsTerminal_1.18.3181.0_x64__8wekyb3d8bbwe\WindowsTerminal.exe""
                -Embedding",-,WinDev2309Eval,,C:\Windows\system32\,-,,1,19671,,-,"
                MD5=69D536A57E2CA570BD305FC17A72FBA4,SHA256=DF554DF7C1611574C9B7D1B783FE851D19A6868FBE035D460EF8D0E0E27151DA,IMPHASH=89539BECC118C763F2798F0B697FEEC1","
                C:\Program
                Files\WindowsApps\Microsoft.WindowsTerminal_1.18.3181.0_x64__8wekyb3d8bbwe\WindowsTerminal.exe",Medium,0x8000000000000000,Information,{f57bd86a-36f9-658c-7bf8-020000000000},0x2f87b,"Process Create:

RuleName: -

UtcTime: 2023-12-27
                19:31:31.295

ProcessGuid:
                {f57bd86a-7b93-658c-2302-000000000f00}

ProcessId: 13640

Image:
                C:\Program
                Files\WindowsApps\Microsoft.WindowsTerminal_1.18.3181.0_x64__8wekyb3d8bbwe\WindowsTerminal.exe

FileVersion:
                -

Description: -

Product: -

Company:
                -

OriginalFileName: -

CommandLine: ""C:\Program
                Files\WindowsApps\Microsoft.WindowsTerminal_1.18.3181.0_x64__8wekyb3d8bbwe\WindowsTerminal.exe""
                -Embedding

CurrentDirectory: C:\Windows\system32\

User:
                WINDEV2309EVAL\User

LogonGuid:
                {f57bd86a-36f9-658c-7bf8-020000000000}

LogonId:
                0x2F87B

TerminalSessionId: 1

IntegrityLevel:
                Medium

Hashes:
                MD5=69D536A57E2CA570BD305FC17A72FBA4,SHA256=DF554DF7C1611574C9B7D1B783FE851D19A6868FBE035D460EF8D0E0E27151DA,IMPHASH=89539BECC118C763F2798F0B697FEEC1

ParentProcessGuid:
                {f57bd86a-36f5-658c-0d00-000000000f00}

ParentProcessId:
                932

ParentImage:
                C:\Windows\System32\svchost.exe

ParentCommandLine:
                C:\Windows\system32\svchost.exe -k DcomLaunch -p

ParentUser: NT
                AUTHORITY\SYSTEM",Info,-,C:\Windows\system32\svchost.exe -k DcomLaunch -p,C:\Windows\System32\svchost.exe,{f57bd86a-36f5-658c-0d00-000000000f00},932,NT AUTHORITY\SYSTEM,{f57bd86a-7b93-658c-2302-000000000f00},3588,13640,-,,,,"
      
            
      ",-,2023-12-27T19:31:31.3015068Z,,,Process Create (rule: ProcessCreate),1,5124,WINDEV2309EVAL\User,S-1-5-18,2023-12-27 19:31:31.295,5,"<Event xmlns=""http://schemas.microsoft.com/win/2004/08/events/event"">
    
        
    <System>
      
            
      <Provider Name=""Microsoft-Windows-Sysmon"" Guid=""{5770385f-c22a-43e0-bf4c-06f5698ffbd9}""/>
      
            
      <EventID>1</EventID>
      
            
      <Version>5</Version>
      
            
      <Level>4</Level>
      
            
      <Task>1</Task>
      
            
      <Opcode>0</Opcode>
      
            
      <Keywords>0x8000000000000000</Keywords>
      
            
      <TimeCreated SystemTime=""2023-12-27T19:31:31.3015068Z""/>
      
            
      <EventRecordID>19671</EventRecordID>
      
            
      <Correlation/>
      
            
      <Execution ProcessID=""3588"" ThreadID=""5124""/>
      
            
      <Channel>Microsoft-Windows-Sysmon/Operational</Channel>
      
            
      <Computer>WinDev2309Eval</Computer>
      
            
      <Security UserID=""S-1-5-18""/>
      
        
    </System>
    
        
    <EventData>
      
            
      <Data Name=""RuleName"">-</Data>
      
            
      <Data Name=""UtcTime"">2023-12-27 19:31:31.295</Data>
      
            
      <Data Name=""ProcessGuid"">{f57bd86a-7b93-658c-2302-000000000f00}</Data>
      
            
      <Data Name=""ProcessId"">13640</Data>
      
            
      <Data Name=""Image"">
                C:\Program
                Files\WindowsApps\Microsoft.WindowsTerminal_1.18.3181.0_x64__8wekyb3d8bbwe\WindowsTerminal.exe</Data>
      
            
      <Data Name=""FileVersion"">-</Data>
      
            
      <Data Name=""Description"">-</Data>
      
            
      <Data Name=""Product"">-</Data>
      
            
      <Data Name=""Company"">-</Data>
      
            
      <Data Name=""OriginalFileName"">-</Data>
      
            
      <Data Name=""CommandLine"">""C:\Program
                Files\WindowsApps\Microsoft.WindowsTerminal_1.18.3181.0_x64__8wekyb3d8bbwe\WindowsTerminal.exe""
                -Embedding</Data>
      
            
      <Data Name=""CurrentDirectory"">C:\Windows\system32\</Data>
      
            
      <Data Name=""User"">WINDEV2309EVAL\User</Data>
      
            
      <Data Name=""LogonGuid"">{f57bd86a-36f9-658c-7bf8-020000000000}</Data>
      
            
      <Data Name=""LogonId"">0x2f87b</Data>
      
            
      <Data Name=""TerminalSessionId"">1</Data>
      
            
      <Data Name=""IntegrityLevel"">Medium</Data>
      
            
      <Data Name=""Hashes"">
                MD5=69D536A57E2CA570BD305FC17A72FBA4,SHA256=DF554DF7C1611574C9B7D1B783FE851D19A6868FBE035D460EF8D0E0E27151DA,IMPHASH=89539BECC118C763F2798F0B697FEEC1</Data>
      
            
      <Data Name=""ParentProcessGuid"">{f57bd86a-36f5-658c-0d00-000000000f00}</Data>
      
            
      <Data Name=""ParentProcessId"">932</Data>
      
            
      <Data Name=""ParentImage"">C:\Windows\System32\svchost.exe</Data>
      
            
      <Data Name=""ParentCommandLine"">C:\Windows\system32\svchost.exe -k DcomLaunch -p</Data>
      
            
      <Data Name=""ParentUser"">NT AUTHORITY\SYSTEM</Data>
      
        
    </EventData>
    
        
    <RenderingInfo Culture=""en-US"">
      
            
      <Message>Process Create:

RuleName: -

UtcTime: 2023-12-27
                19:31:31.295

ProcessGuid:
                {f57bd86a-7b93-658c-2302-000000000f00}

ProcessId: 13640

Image:
                C:\Program
                Files\WindowsApps\Microsoft.WindowsTerminal_1.18.3181.0_x64__8wekyb3d8bbwe\WindowsTerminal.exe

FileVersion:
                -

Description: -

Product: -

Company:
                -

OriginalFileName: -

CommandLine: ""C:\Program
                Files\WindowsApps\Microsoft.WindowsTerminal_1.18.3181.0_x64__8wekyb3d8bbwe\WindowsTerminal.exe""
                -Embedding

CurrentDirectory: C:\Windows\system32\

User:
                WINDEV2309EVAL\User

LogonGuid:
                {f57bd86a-36f9-658c-7bf8-020000000000}

LogonId:
                0x2F87B

TerminalSessionId: 1

IntegrityLevel:
                Medium

Hashes:
                MD5=69D536A57E2CA570BD305FC17A72FBA4,SHA256=DF554DF7C1611574C9B7D1B783FE851D19A6868FBE035D460EF8D0E0E27151DA,IMPHASH=89539BECC118C763F2798F0B697FEEC1

ParentProcessGuid:
                {f57bd86a-36f5-658c-0d00-000000000f00}

ParentProcessId:
                932

ParentImage:
                C:\Windows\System32\svchost.exe

ParentCommandLine:
                C:\Windows\system32\svchost.exe -k DcomLaunch -p

ParentUser: NT
                AUTHORITY\SYSTEM</Message>
      
            
      <Level>Information</Level>
      
            
      <Task>Process Create (rule: ProcessCreate)</Task>
      
            
      <Opcode>Info</Opcode>
      
        
    </RenderingInfo>
    
    
  </Event>
  
    
  
"
Microsoft-Windows-Sysmon/Operational,,,WinDev2309Eval,,,,5.812.10240.16384,13,19670,SetValue,,,C:\Windows\System32\svchost.exe,,0x8000000000000000,Information,,,"Registry value set:

RuleName: InvDB-Ver

EventType:
                SetValue

UtcTime: 2023-12-27 19:31:31.241

ProcessGuid:
                {f57bd86a-36f8-658c-3e00-000000000f00}

ProcessId: 3212

Image:
                C:\Windows\System32\svchost.exe

TargetObject:
                \REGISTRY\A\{b3b14332-edc6-625a-c682-62677f6d06d4}\Root\InventoryApplicationFile\wscript.exe|36d6af2c37a39d11\BinProductVersion

Details:
                5.812.10240.16384

User: NT AUTHORITY\SYSTEM",Info,,,,,,,{f57bd86a-36f8-658c-3e00-000000000f00},3588,3212,,,,,"
      
            
      ",InvDB-Ver,2023-12-27T19:31:31.2664641Z,,"
                \REGISTRY\A\{b3b14332-edc6-625a-c682-62677f6d06d4}\Root\InventoryApplicationFile\wscript.exe|36d6af2c37a39d11\BinProductVersion",Registry value set (rule: RegistryEvent),,5124,NT AUTHORITY\SYSTEM,S-1-5-18,2023-12-27 19:31:31.241,2,"<Event xmlns=""http://schemas.microsoft.com/win/2004/08/events/event"">
    
        
    <System>
      
            
      <Provider Name=""Microsoft-Windows-Sysmon"" Guid=""{5770385f-c22a-43e0-bf4c-06f5698ffbd9}""/>
      
            
      <EventID>13</EventID>
      
            
      <Version>2</Version>
      
            
      <Level>4</Level>
      
            
      <Task>13</Task>
      
            
      <Opcode>0</Opcode>
      
            
      <Keywords>0x8000000000000000</Keywords>
      
            
      <TimeCreated SystemTime=""2023-12-27T19:31:31.2664641Z""/>
      
            
      <EventRecordID>19670</EventRecordID>
      
            
      <Correlation/>
      
            
      <Execution ProcessID=""3588"" ThreadID=""5124""/>
      
            
      <Channel>Microsoft-Windows-Sysmon/Operational</Channel>
      
            
      <Computer>WinDev2309Eval</Computer>
      
            
      <Security UserID=""S-1-5-18""/>
      
        
    </System>
    
        
    <EventData>
      
            
      <Data Name=""RuleName"">InvDB-Ver</Data>
      
            
      <Data Name=""EventType"">SetValue</Data>
      
            
      <Data Name=""UtcTime"">2023-12-27 19:31:31.241</Data>
      
            
      <Data Name=""ProcessGuid"">{f57bd86a-36f8-658c-3e00-000000000f00}</Data>
      
            
      <Data Name=""ProcessId"">3212</Data>
      
            
      <Data Name=""Image"">C:\Windows\System32\svchost.exe</Data>
      
            
      <Data Name=""TargetObject"">
                \REGISTRY\A\{b3b14332-edc6-625a-c682-62677f6d06d4}\Root\InventoryApplicationFile\wscript.exe|36d6af2c37a39d11\BinProductVersion</Data>
      
            
      <Data Name=""Details"">5.812.10240.16384</Data>
      
            
      <Data Name=""User"">NT AUTHORITY\SYSTEM</Data>
      
        
    </EventData>
    
        
    <RenderingInfo Culture=""en-US"">
      
            
      <Message>Registry value set:

RuleName: InvDB-Ver

EventType:
                SetValue

UtcTime: 2023-12-27 19:31:31.241

ProcessGuid:
                {f57bd86a-36f8-658c-3e00-000000000f00}

ProcessId: 3212

Image:
                C:\Windows\System32\svchost.exe

TargetObject:
                \REGISTRY\A\{b3b14332-edc6-625a-c682-62677f6d06d4}\Root\InventoryApplicationFile\wscript.exe|36d6af2c37a39d11\BinProductVersion

Details:
                5.812.10240.16384

User: NT AUTHORITY\SYSTEM</Message>
      
            
      <Level>Information</Level>
      
            
      <Task>Registry value set (rule: RegistryEvent)</Task>
      
            
      <Opcode>Info</Opcode>
      
        
    </RenderingInfo>
    
    
  </Event>
  
    
  
"
Microsoft-Windows-Sysmon/Operational,,,WinDev2309Eval,,,,11/17/2003 08:31:16,13,19669,SetValue,,,C:\Windows\System32\svchost.exe,,0x8000000000000000,Information,,,"Registry value set:

RuleName:
                InvDB-CompileTimeClaim

EventType: SetValue

UtcTime: 2023-12-27
                19:31:31.241

ProcessGuid:
                {f57bd86a-36f8-658c-3e00-000000000f00}

ProcessId: 3212

Image:
                C:\Windows\System32\svchost.exe

TargetObject:
                \REGISTRY\A\{b3b14332-edc6-625a-c682-62677f6d06d4}\Root\InventoryApplicationFile\wscript.exe|36d6af2c37a39d11\LinkDate

Details:
                11/17/2003 08:31:16

User: NT AUTHORITY\SYSTEM",Info,,,,,,,{f57bd86a-36f8-658c-3e00-000000000f00},3588,3212,,,,,"
      
            
      ",InvDB-CompileTimeClaim,2023-12-27T19:31:31.2663612Z,,"
                \REGISTRY\A\{b3b14332-edc6-625a-c682-62677f6d06d4}\Root\InventoryApplicationFile\wscript.exe|36d6af2c37a39d11\LinkDate",Registry value set (rule: RegistryEvent),,5124,NT AUTHORITY\SYSTEM,S-1-5-18,2023-12-27 19:31:31.241,2,"<Event xmlns=""http://schemas.microsoft.com/win/2004/08/events/event"">
    
        
    <System>
      
            
      <Provider Name=""Microsoft-Windows-Sysmon"" Guid=""{5770385f-c22a-43e0-bf4c-06f5698ffbd9}""/>
      
            
      <EventID>13</EventID>
      
            
      <Version>2</Version>
      
            
      <Level>4</Level>
      
            
      <Task>13</Task>
      
            
      <Opcode>0</Opcode>
      
            
      <Keywords>0x8000000000000000</Keywords>
      
            
      <TimeCreated SystemTime=""2023-12-27T19:31:31.2663612Z""/>
      
            
      <EventRecordID>19669</EventRecordID>
      
            
      <Correlation/>
      
            
      <Execution ProcessID=""3588"" ThreadID=""5124""/>
      
            
      <Channel>Microsoft-Windows-Sysmon/Operational</Channel>
      
            
      <Computer>WinDev2309Eval</Computer>
      
            
      <Security UserID=""S-1-5-18""/>
      
        
    </System>
    
        
    <EventData>
      
            
      <Data Name=""RuleName"">InvDB-CompileTimeClaim</Data>
      
            
      <Data Name=""EventType"">SetValue</Data>
      
            
      <Data Name=""UtcTime"">2023-12-27 19:31:31.241</Data>
      
            
      <Data Name=""ProcessGuid"">{f57bd86a-36f8-658c-3e00-000000000f00}</Data>
      
            
      <Data Name=""ProcessId"">3212</Data>
      
            
      <Data Name=""Image"">C:\Windows\System32\svchost.exe</Data>
      
            
      <Data Name=""TargetObject"">
                \REGISTRY\A\{b3b14332-edc6-625a-c682-62677f6d06d4}\Root\InventoryApplicationFile\wscript.exe|36d6af2c37a39d11\LinkDate</Data>
      
            
      <Data Name=""Details"">11/17/2003 08:31:16</Data>
      
            
      <Data Name=""User"">NT AUTHORITY\SYSTEM</Data>
      
        
    </EventData>
    
        
    <RenderingInfo Culture=""en-US"">
      
            
      <Message>Registry value set:

RuleName:
                InvDB-CompileTimeClaim

EventType: SetValue

UtcTime: 2023-12-27
                19:31:31.241

ProcessGuid:
                {f57bd86a-36f8-658c-3e00-000000000f00}

ProcessId: 3212

Image:
                C:\Windows\System32\svchost.exe

TargetObject:
                \REGISTRY\A\{b3b14332-edc6-625a-c682-62677f6d06d4}\Root\InventoryApplicationFile\wscript.exe|36d6af2c37a39d11\LinkDate

Details:
                11/17/2003 08:31:16

User: NT AUTHORITY\SYSTEM</Message>
      
            
      <Level>Information</Level>
      
            
      <Task>Registry value set (rule: RegistryEvent)</Task>
      
            
      <Opcode>Info</Opcode>
      
        
    </RenderingInfo>
    
    
  </Event>
  
    
  
"
Microsoft-Windows-Sysmon/Operational,,,WinDev2309Eval,,,,microsoft corporation,13,19668,SetValue,,,C:\Windows\System32\svchost.exe,,0x8000000000000000,Information,,,"Registry value set:

RuleName: InvDB-Pub

EventType:
                SetValue

UtcTime: 2023-12-27 19:31:31.241

ProcessGuid:
                {f57bd86a-36f8-658c-3e00-000000000f00}

ProcessId: 3212

Image:
                C:\Windows\System32\svchost.exe

TargetObject:
                \REGISTRY\A\{b3b14332-edc6-625a-c682-62677f6d06d4}\Root\InventoryApplicationFile\wscript.exe|36d6af2c37a39d11\Publisher

Details:
                microsoft corporation

User: NT AUTHORITY\SYSTEM",Info,,,,,,,{f57bd86a-36f8-658c-3e00-000000000f00},3588,3212,,,,,"
      
            
      ",InvDB-Pub,2023-12-27T19:31:31.2655772Z,,"
                \REGISTRY\A\{b3b14332-edc6-625a-c682-62677f6d06d4}\Root\InventoryApplicationFile\wscript.exe|36d6af2c37a39d11\Publisher",Registry value set (rule: RegistryEvent),,5124,NT AUTHORITY\SYSTEM,S-1-5-18,2023-12-27 19:31:31.241,2,"<Event xmlns=""http://schemas.microsoft.com/win/2004/08/events/event"">
    
        
    <System>
      
            
      <Provider Name=""Microsoft-Windows-Sysmon"" Guid=""{5770385f-c22a-43e0-bf4c-06f5698ffbd9}""/>
      
            
      <EventID>13</EventID>
      
            
      <Version>2</Version>
      
            
      <Level>4</Level>
      
            
      <Task>13</Task>
      
            
      <Opcode>0</Opcode>
      
            
      <Keywords>0x8000000000000000</Keywords>
      
            
      <TimeCreated SystemTime=""2023-12-27T19:31:31.2655772Z""/>
      
            
      <EventRecordID>19668</EventRecordID>
      
            
      <Correlation/>
      
            
      <Execution ProcessID=""3588"" ThreadID=""5124""/>
      
            
      <Channel>Microsoft-Windows-Sysmon/Operational</Channel>
      
            
      <Computer>WinDev2309Eval</Computer>
      
            
      <Security UserID=""S-1-5-18""/>
      
        
    </System>
    
        
    <EventData>
      
            
      <Data Name=""RuleName"">InvDB-Pub</Data>
      
            
      <Data Name=""EventType"">SetValue</Data>
      
            
      <Data Name=""UtcTime"">2023-12-27 19:31:31.241</Data>
      
            
      <Data Name=""ProcessGuid"">{f57bd86a-36f8-658c-3e00-000000000f00}</Data>
      
            
      <Data Name=""ProcessId"">3212</Data>
      
            
      <Data Name=""Image"">C:\Windows\System32\svchost.exe</Data>
      
            
      <Data Name=""TargetObject"">
                \REGISTRY\A\{b3b14332-edc6-625a-c682-62677f6d06d4}\Root\InventoryApplicationFile\wscript.exe|36d6af2c37a39d11\Publisher</Data>
      
            
      <Data Name=""Details"">microsoft corporation</Data>
      
            
      <Data Name=""User"">NT AUTHORITY\SYSTEM</Data>
      
        
    </EventData>
    
        
    <RenderingInfo Culture=""en-US"">
      
            
      <Message>Registry value set:

RuleName: InvDB-Pub

EventType:
                SetValue

UtcTime: 2023-12-27 19:31:31.241

ProcessGuid:
                {f57bd86a-36f8-658c-3e00-000000000f00}

ProcessId: 3212

Image:
                C:\Windows\System32\svchost.exe

TargetObject:
                \REGISTRY\A\{b3b14332-edc6-625a-c682-62677f6d06d4}\Root\InventoryApplicationFile\wscript.exe|36d6af2c37a39d11\Publisher

Details:
                microsoft corporation

User: NT AUTHORITY\SYSTEM</Message>
      
            
      <Level>Information</Level>
      
            
      <Task>Registry value set (rule: RegistryEvent)</Task>
      
            
      <Opcode>Info</Opcode>
      
        
    </RenderingInfo>
    
    
  </Event>
  
    
  
"
Microsoft-Windows-Sysmon/Operational,,,WinDev2309Eval,,,,c:\windows\system32\wscript.exe,13,19667,SetValue,,,C:\Windows\System32\svchost.exe,,0x8000000000000000,Information,,,"Registry value set:

RuleName: InvDB-Path

EventType:
                SetValue

UtcTime: 2023-12-27 19:31:31.241

ProcessGuid:
                {f57bd86a-36f8-658c-3e00-000000000f00}

ProcessId: 3212

Image:
                C:\Windows\System32\svchost.exe

TargetObject:
                \REGISTRY\A\{b3b14332-edc6-625a-c682-62677f6d06d4}\Root\InventoryApplicationFile\wscript.exe|36d6af2c37a39d11\LowerCaseLongPath

Details:
                c:\windows\system32\wscript.exe

User: NT AUTHORITY\SYSTEM",Info,,,,,,,{f57bd86a-36f8-658c-3e00-000000000f00},3588,3212,,,,,"
      
            
      ",InvDB-Path,2023-12-27T19:31:31.2606076Z,,"
                \REGISTRY\A\{b3b14332-edc6-625a-c682-62677f6d06d4}\Root\InventoryApplicationFile\wscript.exe|36d6af2c37a39d11\LowerCaseLongPath",Registry value set (rule: RegistryEvent),,5124,NT AUTHORITY\SYSTEM,S-1-5-18,2023-12-27 19:31:31.241,2,"<Event xmlns=""http://schemas.microsoft.com/win/2004/08/events/event"">
    
        
    <System>
      
            
      <Provider Name=""Microsoft-Windows-Sysmon"" Guid=""{5770385f-c22a-43e0-bf4c-06f5698ffbd9}""/>
      
            
      <EventID>13</EventID>
      
            
      <Version>2</Version>
      
            
      <Level>4</Level>
      
            
      <Task>13</Task>
      
            
      <Opcode>0</Opcode>
      
            
      <Keywords>0x8000000000000000</Keywords>
      
            
      <TimeCreated SystemTime=""2023-12-27T19:31:31.2606076Z""/>
      
            
      <EventRecordID>19667</EventRecordID>
      
            
      <Correlation/>
      
            
      <Execution ProcessID=""3588"" ThreadID=""5124""/>
      
            
      <Channel>Microsoft-Windows-Sysmon/Operational</Channel>
      
            
      <Computer>WinDev2309Eval</Computer>
      
            
      <Security UserID=""S-1-5-18""/>
      
        
    </System>
    
        
    <EventData>
      
            
      <Data Name=""RuleName"">InvDB-Path</Data>
      
            
      <Data Name=""EventType"">SetValue</Data>
      
            
      <Data Name=""UtcTime"">2023-12-27 19:31:31.241</Data>
      
            
      <Data Name=""ProcessGuid"">{f57bd86a-36f8-658c-3e00-000000000f00}</Data>
      
            
      <Data Name=""ProcessId"">3212</Data>
      
            
      <Data Name=""Image"">C:\Windows\System32\svchost.exe</Data>
      
            
      <Data Name=""TargetObject"">
                \REGISTRY\A\{b3b14332-edc6-625a-c682-62677f6d06d4}\Root\InventoryApplicationFile\wscript.exe|36d6af2c37a39d11\LowerCaseLongPath</Data>
      
            
      <Data Name=""Details"">c:\windows\system32\wscript.exe</Data>
      
            
      <Data Name=""User"">NT AUTHORITY\SYSTEM</Data>
      
        
    </EventData>
    
        
    <RenderingInfo Culture=""en-US"">
      
            
      <Message>Registry value set:

RuleName: InvDB-Path

EventType:
                SetValue

UtcTime: 2023-12-27 19:31:31.241

ProcessGuid:
                {f57bd86a-36f8-658c-3e00-000000000f00}

ProcessId: 3212

Image:
                C:\Windows\System32\svchost.exe

TargetObject:
                \REGISTRY\A\{b3b14332-edc6-625a-c682-62677f6d06d4}\Root\InventoryApplicationFile\wscript.exe|36d6af2c37a39d11\LowerCaseLongPath

Details:
                c:\windows\system32\wscript.exe

User: NT AUTHORITY\SYSTEM</Message>
      
            
      <Level>Information</Level>
      
            
      <Task>Registry value set (rule: RegistryEvent)</Task>
      
            
      <Opcode>Info</Opcode>
      
        
    </RenderingInfo>
    
    
  </Event>
  
    
  
"
