Microsoft-Windows-Sysmon/Operational,"""C:\Program Files\Windows NT\Accessories\wordpad.exe"" /p
                C:\AtomicRedTeam\atomics\..\ExternalPayloads\T1059_003note.txt",Microsoft Corporation,WinDev2309Eval,,C:\Users\User\AppData\Local\Temp\,Windows Wordpad Application,,1,19635,,10.0.22621.2861 (WinBuild.160101.0800),"
                MD5=463E4F3EF0E69443D88F8BC47670204A,SHA256=1FA4DF9D7D58695FA9930876F4E771AE500D043282A398FA3600FD6660C83E70,IMPHASH=53D023B3A55A3CC9CED17D7D122AA827",C:\Program Files\Windows NT\Accessories\wordpad.exe,Medium,0x8000000000000000,Information,{f57bd86a-36f9-658c-7bf8-020000000000},0x2f87b,"Process Create:

RuleName: -

UtcTime: 2023-12-27
                19:31:07.451

ProcessGuid:
                {f57bd86a-7b7b-658c-fe01-000000000f00}

ProcessId: 11728

Image:
                C:\Program Files\Windows NT\Accessories\wordpad.exe

FileVersion:
                10.0.22621.2861 (WinBuild.160101.0800)

Description: Windows Wordpad
                Application

Product: Microsoft速 Windows速 Operating System

Company:
                Microsoft Corporation

OriginalFileName: WORDPAD.EXE

CommandLine:
                ""C:\Program Files\Windows NT\Accessories\wordpad.exe"" /p
                C:\AtomicRedTeam\atomics\..\ExternalPayloads\T1059_003note.txt

CurrentDirectory:
                C:\Users\User\AppData\Local\Temp\

User:
                WINDEV2309EVAL\User

LogonGuid:
                {f57bd86a-36f9-658c-7bf8-020000000000}

LogonId:
                0x2F87B

TerminalSessionId: 1

IntegrityLevel:
                Medium

Hashes:
                MD5=463E4F3EF0E69443D88F8BC47670204A,SHA256=1FA4DF9D7D58695FA9930876F4E771AE500D043282A398FA3600FD6660C83E70,IMPHASH=53D023B3A55A3CC9CED17D7D122AA827

ParentProcessGuid:
                {f57bd86a-7b78-658c-c601-000000000f00}

ParentProcessId:
                8316

ParentImage: C:\Windows\System32\cmd.exe

ParentCommandLine:
                ""C:\Windows\system32\cmd.exe"" /c ""for /l %x in (1,1,75) do start wordpad.exe /p
                C:\AtomicRedTeam\atomics\..\ExternalPayloads\T1059_003note.txt""

ParentUser:
                WINDEV2309EVAL\User",Info,WORDPAD.EXE,"""C:\Windows\system32\cmd.exe"" /c ""for /l %x in (1,1,75)
                do start wordpad.exe /p
                C:\AtomicRedTeam\atomics\..\ExternalPayloads\T1059_003note.txt""",C:\Windows\System32\cmd.exe,{f57bd86a-7b78-658c-c601-000000000f00},8316,WINDEV2309EVAL\User,{f57bd86a-7b7b-658c-fe01-000000000f00},3588,11728,Microsoft速 Windows速 Operating System,,,,"
      
            
      ",-,2023-12-27T19:31:07.4599526Z,,,Process Create (rule: ProcessCreate),1,5124,WINDEV2309EVAL\User,S-1-5-18,2023-12-27 19:31:07.451,5,"<Event xmlns=""http://schemas.microsoft.com/win/2004/08/events/event"">
    
        
    <System>
      
            
      <Provider Name=""Microsoft-Windows-Sysmon"" Guid=""{5770385f-c22a-43e0-bf4c-06f5698ffbd9}""/>
      
            
      <EventID>1</EventID>
      
            
      <Version>5</Version>
      
            
      <Level>4</Level>
      
            
      <Task>1</Task>
      
            
      <Opcode>0</Opcode>
      
            
      <Keywords>0x8000000000000000</Keywords>
      
            
      <TimeCreated SystemTime=""2023-12-27T19:31:07.4599526Z""/>
      
            
      <EventRecordID>19635</EventRecordID>
      
            
      <Correlation/>
      
            
      <Execution ProcessID=""3588"" ThreadID=""5124""/>
      
            
      <Channel>Microsoft-Windows-Sysmon/Operational</Channel>
      
            
      <Computer>WinDev2309Eval</Computer>
      
            
      <Security UserID=""S-1-5-18""/>
      
        
    </System>
    
        
    <EventData>
      
            
      <Data Name=""RuleName"">-</Data>
      
            
      <Data Name=""UtcTime"">2023-12-27 19:31:07.451</Data>
      
            
      <Data Name=""ProcessGuid"">{f57bd86a-7b7b-658c-fe01-000000000f00}</Data>
      
            
      <Data Name=""ProcessId"">11728</Data>
      
            
      <Data Name=""Image"">C:\Program Files\Windows NT\Accessories\wordpad.exe</Data>
      
            
      <Data Name=""FileVersion"">10.0.22621.2861 (WinBuild.160101.0800)</Data>
      
            
      <Data Name=""Description"">Windows Wordpad Application</Data>
      
            
      <Data Name=""Product"">Microsoft&#174; Windows&#174; Operating System</Data>
      
            
      <Data Name=""Company"">Microsoft Corporation</Data>
      
            
      <Data Name=""OriginalFileName"">WORDPAD.EXE</Data>
      
            
      <Data Name=""CommandLine"">""C:\Program Files\Windows NT\Accessories\wordpad.exe"" /p
                C:\AtomicRedTeam\atomics\..\ExternalPayloads\T1059_003note.txt</Data>
      
            
      <Data Name=""CurrentDirectory"">C:\Users\User\AppData\Local\Temp\</Data>
      
            
      <Data Name=""User"">WINDEV2309EVAL\User</Data>
      
            
      <Data Name=""LogonGuid"">{f57bd86a-36f9-658c-7bf8-020000000000}</Data>
      
            
      <Data Name=""LogonId"">0x2f87b</Data>
      
            
      <Data Name=""TerminalSessionId"">1</Data>
      
            
      <Data Name=""IntegrityLevel"">Medium</Data>
      
            
      <Data Name=""Hashes"">
                MD5=463E4F3EF0E69443D88F8BC47670204A,SHA256=1FA4DF9D7D58695FA9930876F4E771AE500D043282A398FA3600FD6660C83E70,IMPHASH=53D023B3A55A3CC9CED17D7D122AA827</Data>
      
            
      <Data Name=""ParentProcessGuid"">{f57bd86a-7b78-658c-c601-000000000f00}</Data>
      
            
      <Data Name=""ParentProcessId"">8316</Data>
      
            
      <Data Name=""ParentImage"">C:\Windows\System32\cmd.exe</Data>
      
            
      <Data Name=""ParentCommandLine"">""C:\Windows\system32\cmd.exe"" /c ""for /l %x in (1,1,75)
                do start wordpad.exe /p
                C:\AtomicRedTeam\atomics\..\ExternalPayloads\T1059_003note.txt""</Data>
      
            
      <Data Name=""ParentUser"">WINDEV2309EVAL\User</Data>
      
        
    </EventData>
    
        
    <RenderingInfo Culture=""en-US"">
      
            
      <Message>Process Create:

RuleName: -

UtcTime: 2023-12-27
                19:31:07.451

ProcessGuid:
                {f57bd86a-7b7b-658c-fe01-000000000f00}

ProcessId: 11728

Image:
                C:\Program Files\Windows NT\Accessories\wordpad.exe

FileVersion:
                10.0.22621.2861 (WinBuild.160101.0800)

Description: Windows Wordpad
                Application

Product: Microsoft&#174; Windows&#174; Operating System

Company:
                Microsoft Corporation

OriginalFileName: WORDPAD.EXE

CommandLine:
                ""C:\Program Files\Windows NT\Accessories\wordpad.exe"" /p
                C:\AtomicRedTeam\atomics\..\ExternalPayloads\T1059_003note.txt

CurrentDirectory:
                C:\Users\User\AppData\Local\Temp\

User:
                WINDEV2309EVAL\User

LogonGuid:
                {f57bd86a-36f9-658c-7bf8-020000000000}

LogonId:
                0x2F87B

TerminalSessionId: 1

IntegrityLevel:
                Medium

Hashes:
                MD5=463E4F3EF0E69443D88F8BC47670204A,SHA256=1FA4DF9D7D58695FA9930876F4E771AE500D043282A398FA3600FD6660C83E70,IMPHASH=53D023B3A55A3CC9CED17D7D122AA827

ParentProcessGuid:
                {f57bd86a-7b78-658c-c601-000000000f00}

ParentProcessId:
                8316

ParentImage: C:\Windows\System32\cmd.exe

ParentCommandLine:
                ""C:\Windows\system32\cmd.exe"" /c ""for /l %x in (1,1,75) do start wordpad.exe /p
                C:\AtomicRedTeam\atomics\..\ExternalPayloads\T1059_003note.txt""

ParentUser:
                WINDEV2309EVAL\User</Message>
      
            
      <Level>Information</Level>
      
            
      <Task>Process Create (rule: ProcessCreate)</Task>
      
            
      <Opcode>Info</Opcode>
      
        
    </RenderingInfo>
    
    
  </Event>
  
    
  
"
Microsoft-Windows-Sysmon/Operational,"""C:\Program Files\Windows NT\Accessories\wordpad.exe"" /p
                C:\AtomicRedTeam\atomics\..\ExternalPayloads\T1059_003note.txt",Microsoft Corporation,WinDev2309Eval,,C:\Users\User\AppData\Local\Temp\,Windows Wordpad Application,,1,19634,,10.0.22621.2861 (WinBuild.160101.0800),"
                MD5=463E4F3EF0E69443D88F8BC47670204A,SHA256=1FA4DF9D7D58695FA9930876F4E771AE500D043282A398FA3600FD6660C83E70,IMPHASH=53D023B3A55A3CC9CED17D7D122AA827",C:\Program Files\Windows NT\Accessories\wordpad.exe,Medium,0x8000000000000000,Information,{f57bd86a-36f9-658c-7bf8-020000000000},0x2f87b,"Process Create:

RuleName: -

UtcTime: 2023-12-27
                19:31:07.316

ProcessGuid:
                {f57bd86a-7b7b-658c-fd01-000000000f00}

ProcessId: 11700

Image:
                C:\Program Files\Windows NT\Accessories\wordpad.exe

FileVersion:
                10.0.22621.2861 (WinBuild.160101.0800)

Description: Windows Wordpad
                Application

Product: Microsoft速 Windows速 Operating System

Company:
                Microsoft Corporation

OriginalFileName: WORDPAD.EXE

CommandLine:
                ""C:\Program Files\Windows NT\Accessories\wordpad.exe"" /p
                C:\AtomicRedTeam\atomics\..\ExternalPayloads\T1059_003note.txt

CurrentDirectory:
                C:\Users\User\AppData\Local\Temp\

User:
                WINDEV2309EVAL\User

LogonGuid:
                {f57bd86a-36f9-658c-7bf8-020000000000}

LogonId:
                0x2F87B

TerminalSessionId: 1

IntegrityLevel:
                Medium

Hashes:
                MD5=463E4F3EF0E69443D88F8BC47670204A,SHA256=1FA4DF9D7D58695FA9930876F4E771AE500D043282A398FA3600FD6660C83E70,IMPHASH=53D023B3A55A3CC9CED17D7D122AA827

ParentProcessGuid:
                {f57bd86a-7b78-658c-c601-000000000f00}

ParentProcessId:
                8316

ParentImage: C:\Windows\System32\cmd.exe

ParentCommandLine:
                ""C:\Windows\system32\cmd.exe"" /c ""for /l %x in (1,1,75) do start wordpad.exe /p
                C:\AtomicRedTeam\atomics\..\ExternalPayloads\T1059_003note.txt""

ParentUser:
                WINDEV2309EVAL\User",Info,WORDPAD.EXE,"""C:\Windows\system32\cmd.exe"" /c ""for /l %x in (1,1,75)
                do start wordpad.exe /p
                C:\AtomicRedTeam\atomics\..\ExternalPayloads\T1059_003note.txt""",C:\Windows\System32\cmd.exe,{f57bd86a-7b78-658c-c601-000000000f00},8316,WINDEV2309EVAL\User,{f57bd86a-7b7b-658c-fd01-000000000f00},3588,11700,Microsoft速 Windows速 Operating System,,,,"
      
            
      ",-,2023-12-27T19:31:07.3231434Z,,,Process Create (rule: ProcessCreate),1,5124,WINDEV2309EVAL\User,S-1-5-18,2023-12-27 19:31:07.316,5,"<Event xmlns=""http://schemas.microsoft.com/win/2004/08/events/event"">
    
        
    <System>
      
            
      <Provider Name=""Microsoft-Windows-Sysmon"" Guid=""{5770385f-c22a-43e0-bf4c-06f5698ffbd9}""/>
      
            
      <EventID>1</EventID>
      
            
      <Version>5</Version>
      
            
      <Level>4</Level>
      
            
      <Task>1</Task>
      
            
      <Opcode>0</Opcode>
      
            
      <Keywords>0x8000000000000000</Keywords>
      
            
      <TimeCreated SystemTime=""2023-12-27T19:31:07.3231434Z""/>
      
            
      <EventRecordID>19634</EventRecordID>
      
            
      <Correlation/>
      
            
      <Execution ProcessID=""3588"" ThreadID=""5124""/>
      
            
      <Channel>Microsoft-Windows-Sysmon/Operational</Channel>
      
            
      <Computer>WinDev2309Eval</Computer>
      
            
      <Security UserID=""S-1-5-18""/>
      
        
    </System>
    
        
    <EventData>
      
            
      <Data Name=""RuleName"">-</Data>
      
            
      <Data Name=""UtcTime"">2023-12-27 19:31:07.316</Data>
      
            
      <Data Name=""ProcessGuid"">{f57bd86a-7b7b-658c-fd01-000000000f00}</Data>
      
            
      <Data Name=""ProcessId"">11700</Data>
      
            
      <Data Name=""Image"">C:\Program Files\Windows NT\Accessories\wordpad.exe</Data>
      
            
      <Data Name=""FileVersion"">10.0.22621.2861 (WinBuild.160101.0800)</Data>
      
            
      <Data Name=""Description"">Windows Wordpad Application</Data>
      
            
      <Data Name=""Product"">Microsoft&#174; Windows&#174; Operating System</Data>
      
            
      <Data Name=""Company"">Microsoft Corporation</Data>
      
            
      <Data Name=""OriginalFileName"">WORDPAD.EXE</Data>
      
            
      <Data Name=""CommandLine"">""C:\Program Files\Windows NT\Accessories\wordpad.exe"" /p
                C:\AtomicRedTeam\atomics\..\ExternalPayloads\T1059_003note.txt</Data>
      
            
      <Data Name=""CurrentDirectory"">C:\Users\User\AppData\Local\Temp\</Data>
      
            
      <Data Name=""User"">WINDEV2309EVAL\User</Data>
      
            
      <Data Name=""LogonGuid"">{f57bd86a-36f9-658c-7bf8-020000000000}</Data>
      
            
      <Data Name=""LogonId"">0x2f87b</Data>
      
            
      <Data Name=""TerminalSessionId"">1</Data>
      
            
      <Data Name=""IntegrityLevel"">Medium</Data>
      
            
      <Data Name=""Hashes"">
                MD5=463E4F3EF0E69443D88F8BC47670204A,SHA256=1FA4DF9D7D58695FA9930876F4E771AE500D043282A398FA3600FD6660C83E70,IMPHASH=53D023B3A55A3CC9CED17D7D122AA827</Data>
      
            
      <Data Name=""ParentProcessGuid"">{f57bd86a-7b78-658c-c601-000000000f00}</Data>
      
            
      <Data Name=""ParentProcessId"">8316</Data>
      
            
      <Data Name=""ParentImage"">C:\Windows\System32\cmd.exe</Data>
      
            
      <Data Name=""ParentCommandLine"">""C:\Windows\system32\cmd.exe"" /c ""for /l %x in (1,1,75)
                do start wordpad.exe /p
                C:\AtomicRedTeam\atomics\..\ExternalPayloads\T1059_003note.txt""</Data>
      
            
      <Data Name=""ParentUser"">WINDEV2309EVAL\User</Data>
      
        
    </EventData>
    
        
    <RenderingInfo Culture=""en-US"">
      
            
      <Message>Process Create:

RuleName: -

UtcTime: 2023-12-27
                19:31:07.316

ProcessGuid:
                {f57bd86a-7b7b-658c-fd01-000000000f00}

ProcessId: 11700

Image:
                C:\Program Files\Windows NT\Accessories\wordpad.exe

FileVersion:
                10.0.22621.2861 (WinBuild.160101.0800)

Description: Windows Wordpad
                Application

Product: Microsoft&#174; Windows&#174; Operating System

Company:
                Microsoft Corporation

OriginalFileName: WORDPAD.EXE

CommandLine:
                ""C:\Program Files\Windows NT\Accessories\wordpad.exe"" /p
                C:\AtomicRedTeam\atomics\..\ExternalPayloads\T1059_003note.txt

CurrentDirectory:
                C:\Users\User\AppData\Local\Temp\

User:
                WINDEV2309EVAL\User

LogonGuid:
                {f57bd86a-36f9-658c-7bf8-020000000000}

LogonId:
                0x2F87B

TerminalSessionId: 1

IntegrityLevel:
                Medium

Hashes:
                MD5=463E4F3EF0E69443D88F8BC47670204A,SHA256=1FA4DF9D7D58695FA9930876F4E771AE500D043282A398FA3600FD6660C83E70,IMPHASH=53D023B3A55A3CC9CED17D7D122AA827

ParentProcessGuid:
                {f57bd86a-7b78-658c-c601-000000000f00}

ParentProcessId:
                8316

ParentImage: C:\Windows\System32\cmd.exe

ParentCommandLine:
                ""C:\Windows\system32\cmd.exe"" /c ""for /l %x in (1,1,75) do start wordpad.exe /p
                C:\AtomicRedTeam\atomics\..\ExternalPayloads\T1059_003note.txt""

ParentUser:
                WINDEV2309EVAL\User</Message>
      
            
      <Level>Information</Level>
      
            
      <Task>Process Create (rule: ProcessCreate)</Task>
      
            
      <Opcode>Info</Opcode>
      
        
    </RenderingInfo>
    
    
  </Event>
  
    
  
"
Microsoft-Windows-Sysmon/Operational,"""C:\Program Files\Windows NT\Accessories\wordpad.exe"" /p
                C:\AtomicRedTeam\atomics\..\ExternalPayloads\T1059_003note.txt",Microsoft Corporation,WinDev2309Eval,,C:\Users\User\AppData\Local\Temp\,Windows Wordpad Application,,1,19633,,10.0.22621.2861 (WinBuild.160101.0800),"
                MD5=463E4F3EF0E69443D88F8BC47670204A,SHA256=1FA4DF9D7D58695FA9930876F4E771AE500D043282A398FA3600FD6660C83E70,IMPHASH=53D023B3A55A3CC9CED17D7D122AA827",C:\Program Files\Windows NT\Accessories\wordpad.exe,Medium,0x8000000000000000,Information,{f57bd86a-36f9-658c-7bf8-020000000000},0x2f87b,"Process Create:

RuleName: -

UtcTime: 2023-12-27
                19:31:07.039

ProcessGuid:
                {f57bd86a-7b7b-658c-fc01-000000000f00}

ProcessId: 11456

Image:
                C:\Program Files\Windows NT\Accessories\wordpad.exe

FileVersion:
                10.0.22621.2861 (WinBuild.160101.0800)

Description: Windows Wordpad
                Application

Product: Microsoft速 Windows速 Operating System

Company:
                Microsoft Corporation

OriginalFileName: WORDPAD.EXE

CommandLine:
                ""C:\Program Files\Windows NT\Accessories\wordpad.exe"" /p
                C:\AtomicRedTeam\atomics\..\ExternalPayloads\T1059_003note.txt

CurrentDirectory:
                C:\Users\User\AppData\Local\Temp\

User:
                WINDEV2309EVAL\User

LogonGuid:
                {f57bd86a-36f9-658c-7bf8-020000000000}

LogonId:
                0x2F87B

TerminalSessionId: 1

IntegrityLevel:
                Medium

Hashes:
                MD5=463E4F3EF0E69443D88F8BC47670204A,SHA256=1FA4DF9D7D58695FA9930876F4E771AE500D043282A398FA3600FD6660C83E70,IMPHASH=53D023B3A55A3CC9CED17D7D122AA827

ParentProcessGuid:
                {f57bd86a-7b78-658c-c601-000000000f00}

ParentProcessId:
                8316

ParentImage: C:\Windows\System32\cmd.exe

ParentCommandLine:
                ""C:\Windows\system32\cmd.exe"" /c ""for /l %x in (1,1,75) do start wordpad.exe /p
                C:\AtomicRedTeam\atomics\..\ExternalPayloads\T1059_003note.txt""

ParentUser:
                WINDEV2309EVAL\User",Info,WORDPAD.EXE,"""C:\Windows\system32\cmd.exe"" /c ""for /l %x in (1,1,75)
                do start wordpad.exe /p
                C:\AtomicRedTeam\atomics\..\ExternalPayloads\T1059_003note.txt""",C:\Windows\System32\cmd.exe,{f57bd86a-7b78-658c-c601-000000000f00},8316,WINDEV2309EVAL\User,{f57bd86a-7b7b-658c-fc01-000000000f00},3588,11456,Microsoft速 Windows速 Operating System,,,,"
      
            
      ",-,2023-12-27T19:31:07.0419909Z,,,Process Create (rule: ProcessCreate),1,5124,WINDEV2309EVAL\User,S-1-5-18,2023-12-27 19:31:07.039,5,"<Event xmlns=""http://schemas.microsoft.com/win/2004/08/events/event"">
    
        
    <System>
      
            
      <Provider Name=""Microsoft-Windows-Sysmon"" Guid=""{5770385f-c22a-43e0-bf4c-06f5698ffbd9}""/>
      
            
      <EventID>1</EventID>
      
            
      <Version>5</Version>
      
            
      <Level>4</Level>
      
            
      <Task>1</Task>
      
            
      <Opcode>0</Opcode>
      
            
      <Keywords>0x8000000000000000</Keywords>
      
            
      <TimeCreated SystemTime=""2023-12-27T19:31:07.0419909Z""/>
      
            
      <EventRecordID>19633</EventRecordID>
      
            
      <Correlation/>
      
            
      <Execution ProcessID=""3588"" ThreadID=""5124""/>
      
            
      <Channel>Microsoft-Windows-Sysmon/Operational</Channel>
      
            
      <Computer>WinDev2309Eval</Computer>
      
            
      <Security UserID=""S-1-5-18""/>
      
        
    </System>
    
        
    <EventData>
      
            
      <Data Name=""RuleName"">-</Data>
      
            
      <Data Name=""UtcTime"">2023-12-27 19:31:07.039</Data>
      
            
      <Data Name=""ProcessGuid"">{f57bd86a-7b7b-658c-fc01-000000000f00}</Data>
      
            
      <Data Name=""ProcessId"">11456</Data>
      
            
      <Data Name=""Image"">C:\Program Files\Windows NT\Accessories\wordpad.exe</Data>
      
            
      <Data Name=""FileVersion"">10.0.22621.2861 (WinBuild.160101.0800)</Data>
      
            
      <Data Name=""Description"">Windows Wordpad Application</Data>
      
            
      <Data Name=""Product"">Microsoft&#174; Windows&#174; Operating System</Data>
      
            
      <Data Name=""Company"">Microsoft Corporation</Data>
      
            
      <Data Name=""OriginalFileName"">WORDPAD.EXE</Data>
      
            
      <Data Name=""CommandLine"">""C:\Program Files\Windows NT\Accessories\wordpad.exe"" /p
                C:\AtomicRedTeam\atomics\..\ExternalPayloads\T1059_003note.txt</Data>
      
            
      <Data Name=""CurrentDirectory"">C:\Users\User\AppData\Local\Temp\</Data>
      
            
      <Data Name=""User"">WINDEV2309EVAL\User</Data>
      
            
      <Data Name=""LogonGuid"">{f57bd86a-36f9-658c-7bf8-020000000000}</Data>
      
            
      <Data Name=""LogonId"">0x2f87b</Data>
      
            
      <Data Name=""TerminalSessionId"">1</Data>
      
            
      <Data Name=""IntegrityLevel"">Medium</Data>
      
            
      <Data Name=""Hashes"">
                MD5=463E4F3EF0E69443D88F8BC47670204A,SHA256=1FA4DF9D7D58695FA9930876F4E771AE500D043282A398FA3600FD6660C83E70,IMPHASH=53D023B3A55A3CC9CED17D7D122AA827</Data>
      
            
      <Data Name=""ParentProcessGuid"">{f57bd86a-7b78-658c-c601-000000000f00}</Data>
      
            
      <Data Name=""ParentProcessId"">8316</Data>
      
            
      <Data Name=""ParentImage"">C:\Windows\System32\cmd.exe</Data>
      
            
      <Data Name=""ParentCommandLine"">""C:\Windows\system32\cmd.exe"" /c ""for /l %x in (1,1,75)
                do start wordpad.exe /p
                C:\AtomicRedTeam\atomics\..\ExternalPayloads\T1059_003note.txt""</Data>
      
            
      <Data Name=""ParentUser"">WINDEV2309EVAL\User</Data>
      
        
    </EventData>
    
        
    <RenderingInfo Culture=""en-US"">
      
            
      <Message>Process Create:

RuleName: -

UtcTime: 2023-12-27
                19:31:07.039

ProcessGuid:
                {f57bd86a-7b7b-658c-fc01-000000000f00}

ProcessId: 11456

Image:
                C:\Program Files\Windows NT\Accessories\wordpad.exe

FileVersion:
                10.0.22621.2861 (WinBuild.160101.0800)

Description: Windows Wordpad
                Application

Product: Microsoft&#174; Windows&#174; Operating System

Company:
                Microsoft Corporation

OriginalFileName: WORDPAD.EXE

CommandLine:
                ""C:\Program Files\Windows NT\Accessories\wordpad.exe"" /p
                C:\AtomicRedTeam\atomics\..\ExternalPayloads\T1059_003note.txt

CurrentDirectory:
                C:\Users\User\AppData\Local\Temp\

User:
                WINDEV2309EVAL\User

LogonGuid:
                {f57bd86a-36f9-658c-7bf8-020000000000}

LogonId:
                0x2F87B

TerminalSessionId: 1

IntegrityLevel:
                Medium

Hashes:
                MD5=463E4F3EF0E69443D88F8BC47670204A,SHA256=1FA4DF9D7D58695FA9930876F4E771AE500D043282A398FA3600FD6660C83E70,IMPHASH=53D023B3A55A3CC9CED17D7D122AA827

ParentProcessGuid:
                {f57bd86a-7b78-658c-c601-000000000f00}

ParentProcessId:
                8316

ParentImage: C:\Windows\System32\cmd.exe

ParentCommandLine:
                ""C:\Windows\system32\cmd.exe"" /c ""for /l %x in (1,1,75) do start wordpad.exe /p
                C:\AtomicRedTeam\atomics\..\ExternalPayloads\T1059_003note.txt""

ParentUser:
                WINDEV2309EVAL\User</Message>
      
            
      <Level>Information</Level>
      
            
      <Task>Process Create (rule: ProcessCreate)</Task>
      
            
      <Opcode>Info</Opcode>
      
        
    </RenderingInfo>
    
    
  </Event>
  
    
  
"
Microsoft-Windows-Sysmon/Operational,"C:\Windows\system32\svchost.exe -k PrintWorkflow -s
                PrintWorkflowUserSvc",Microsoft Corporation,WinDev2309Eval,,C:\Windows\system32\,Host Process for Windows Services,,1,19632,,10.0.22621.1 (WinBuild.160101.0800),"
                MD5=8EC922C7A58A8701AB481B7BE9644536,SHA256=949BFB5B4C7D58D92F3F9C5F8EC7CA4CEAFFD10EC5F0020F0A987C472D61C54B,IMPHASH=76B4BAE80D2C3B08BB062D97BF9CA791",C:\Windows\System32\svchost.exe,Medium,0x8000000000000000,Information,{f57bd86a-36f9-658c-7bf8-020000000000},0x2f87b,"Process Create:

RuleName: -

UtcTime: 2023-12-27
                19:31:07.025

ProcessGuid:
                {f57bd86a-7b7b-658c-fb01-000000000f00}

ProcessId: 11448

Image:
                C:\Windows\System32\svchost.exe

FileVersion: 10.0.22621.1
                (WinBuild.160101.0800)

Description: Host Process for Windows
                Services

Product: Microsoft速 Windows速 Operating System

Company:
                Microsoft Corporation

OriginalFileName: svchost.exe

CommandLine:
                C:\Windows\system32\svchost.exe -k PrintWorkflow -s
                PrintWorkflowUserSvc

CurrentDirectory: C:\Windows\system32\

User:
                WINDEV2309EVAL\User

LogonGuid:
                {f57bd86a-36f9-658c-7bf8-020000000000}

LogonId:
                0x2F87B

TerminalSessionId: 1

IntegrityLevel:
                Medium

Hashes:
                MD5=8EC922C7A58A8701AB481B7BE9644536,SHA256=949BFB5B4C7D58D92F3F9C5F8EC7CA4CEAFFD10EC5F0020F0A987C472D61C54B,IMPHASH=76B4BAE80D2C3B08BB062D97BF9CA791

ParentProcessGuid:
                {f57bd86a-36f5-658c-0b00-000000000f00}

ParentProcessId:
                780

ParentImage:
                C:\Windows\System32\services.exe

ParentCommandLine:
                C:\Windows\system32\services.exe

ParentUser: NT AUTHORITY\SYSTEM",Info,svchost.exe,C:\Windows\system32\services.exe,C:\Windows\System32\services.exe,{f57bd86a-36f5-658c-0b00-000000000f00},780,NT AUTHORITY\SYSTEM,{f57bd86a-7b7b-658c-fb01-000000000f00},3588,11448,Microsoft速 Windows速 Operating System,,,,"
      
            
      ",-,2023-12-27T19:31:07.0275400Z,,,Process Create (rule: ProcessCreate),1,5124,WINDEV2309EVAL\User,S-1-5-18,2023-12-27 19:31:07.025,5,"<Event xmlns=""http://schemas.microsoft.com/win/2004/08/events/event"">
    
        
    <System>
      
            
      <Provider Name=""Microsoft-Windows-Sysmon"" Guid=""{5770385f-c22a-43e0-bf4c-06f5698ffbd9}""/>
      
            
      <EventID>1</EventID>
      
            
      <Version>5</Version>
      
            
      <Level>4</Level>
      
            
      <Task>1</Task>
      
            
      <Opcode>0</Opcode>
      
            
      <Keywords>0x8000000000000000</Keywords>
      
            
      <TimeCreated SystemTime=""2023-12-27T19:31:07.0275400Z""/>
      
            
      <EventRecordID>19632</EventRecordID>
      
            
      <Correlation/>
      
            
      <Execution ProcessID=""3588"" ThreadID=""5124""/>
      
            
      <Channel>Microsoft-Windows-Sysmon/Operational</Channel>
      
            
      <Computer>WinDev2309Eval</Computer>
      
            
      <Security UserID=""S-1-5-18""/>
      
        
    </System>
    
        
    <EventData>
      
            
      <Data Name=""RuleName"">-</Data>
      
            
      <Data Name=""UtcTime"">2023-12-27 19:31:07.025</Data>
      
            
      <Data Name=""ProcessGuid"">{f57bd86a-7b7b-658c-fb01-000000000f00}</Data>
      
            
      <Data Name=""ProcessId"">11448</Data>
      
            
      <Data Name=""Image"">C:\Windows\System32\svchost.exe</Data>
      
            
      <Data Name=""FileVersion"">10.0.22621.1 (WinBuild.160101.0800)</Data>
      
            
      <Data Name=""Description"">Host Process for Windows Services</Data>
      
            
      <Data Name=""Product"">Microsoft&#174; Windows&#174; Operating System</Data>
      
            
      <Data Name=""Company"">Microsoft Corporation</Data>
      
            
      <Data Name=""OriginalFileName"">svchost.exe</Data>
      
            
      <Data Name=""CommandLine"">C:\Windows\system32\svchost.exe -k PrintWorkflow -s
                PrintWorkflowUserSvc</Data>
      
            
      <Data Name=""CurrentDirectory"">C:\Windows\system32\</Data>
      
            
      <Data Name=""User"">WINDEV2309EVAL\User</Data>
      
            
      <Data Name=""LogonGuid"">{f57bd86a-36f9-658c-7bf8-020000000000}</Data>
      
            
      <Data Name=""LogonId"">0x2f87b</Data>
      
            
      <Data Name=""TerminalSessionId"">1</Data>
      
            
      <Data Name=""IntegrityLevel"">Medium</Data>
      
            
      <Data Name=""Hashes"">
                MD5=8EC922C7A58A8701AB481B7BE9644536,SHA256=949BFB5B4C7D58D92F3F9C5F8EC7CA4CEAFFD10EC5F0020F0A987C472D61C54B,IMPHASH=76B4BAE80D2C3B08BB062D97BF9CA791</Data>
      
            
      <Data Name=""ParentProcessGuid"">{f57bd86a-36f5-658c-0b00-000000000f00}</Data>
      
            
      <Data Name=""ParentProcessId"">780</Data>
      
            
      <Data Name=""ParentImage"">C:\Windows\System32\services.exe</Data>
      
            
      <Data Name=""ParentCommandLine"">C:\Windows\system32\services.exe</Data>
      
            
      <Data Name=""ParentUser"">NT AUTHORITY\SYSTEM</Data>
      
        
    </EventData>
    
        
    <RenderingInfo Culture=""en-US"">
      
            
      <Message>Process Create:

RuleName: -

UtcTime: 2023-12-27
                19:31:07.025

ProcessGuid:
                {f57bd86a-7b7b-658c-fb01-000000000f00}

ProcessId: 11448

Image:
                C:\Windows\System32\svchost.exe

FileVersion: 10.0.22621.1
                (WinBuild.160101.0800)

Description: Host Process for Windows
                Services

Product: Microsoft&#174; Windows&#174; Operating System

Company:
                Microsoft Corporation

OriginalFileName: svchost.exe

CommandLine:
                C:\Windows\system32\svchost.exe -k PrintWorkflow -s
                PrintWorkflowUserSvc

CurrentDirectory: C:\Windows\system32\

User:
                WINDEV2309EVAL\User

LogonGuid:
                {f57bd86a-36f9-658c-7bf8-020000000000}

LogonId:
                0x2F87B

TerminalSessionId: 1

IntegrityLevel:
                Medium

Hashes:
                MD5=8EC922C7A58A8701AB481B7BE9644536,SHA256=949BFB5B4C7D58D92F3F9C5F8EC7CA4CEAFFD10EC5F0020F0A987C472D61C54B,IMPHASH=76B4BAE80D2C3B08BB062D97BF9CA791

ParentProcessGuid:
                {f57bd86a-36f5-658c-0b00-000000000f00}

ParentProcessId:
                780

ParentImage:
                C:\Windows\System32\services.exe

ParentCommandLine:
                C:\Windows\system32\services.exe

ParentUser: NT AUTHORITY\SYSTEM</Message>
      
            
      <Level>Information</Level>
      
            
      <Task>Process Create (rule: ProcessCreate)</Task>
      
            
      <Opcode>Info</Opcode>
      
        
    </RenderingInfo>
    
    
  </Event>
  
    
  
"
Microsoft-Windows-Sysmon/Operational,"""C:\Program Files\Windows NT\Accessories\wordpad.exe"" /p
                C:\AtomicRedTeam\atomics\..\ExternalPayloads\T1059_003note.txt",Microsoft Corporation,WinDev2309Eval,,C:\Users\User\AppData\Local\Temp\,Windows Wordpad Application,,1,19631,,10.0.22621.2861 (WinBuild.160101.0800),"
                MD5=463E4F3EF0E69443D88F8BC47670204A,SHA256=1FA4DF9D7D58695FA9930876F4E771AE500D043282A398FA3600FD6660C83E70,IMPHASH=53D023B3A55A3CC9CED17D7D122AA827",C:\Program Files\Windows NT\Accessories\wordpad.exe,Medium,0x8000000000000000,Information,{f57bd86a-36f9-658c-7bf8-020000000000},0x2f87b,"Process Create:

RuleName: -

UtcTime: 2023-12-27
                19:31:06.988

ProcessGuid:
                {f57bd86a-7b7a-658c-fa01-000000000f00}

ProcessId: 11432

Image:
                C:\Program Files\Windows NT\Accessories\wordpad.exe

FileVersion:
                10.0.22621.2861 (WinBuild.160101.0800)

Description: Windows Wordpad
                Application

Product: Microsoft速 Windows速 Operating System

Company:
                Microsoft Corporation

OriginalFileName: WORDPAD.EXE

CommandLine:
                ""C:\Program Files\Windows NT\Accessories\wordpad.exe"" /p
                C:\AtomicRedTeam\atomics\..\ExternalPayloads\T1059_003note.txt

CurrentDirectory:
                C:\Users\User\AppData\Local\Temp\

User:
                WINDEV2309EVAL\User

LogonGuid:
                {f57bd86a-36f9-658c-7bf8-020000000000}

LogonId:
                0x2F87B

TerminalSessionId: 1

IntegrityLevel:
                Medium

Hashes:
                MD5=463E4F3EF0E69443D88F8BC47670204A,SHA256=1FA4DF9D7D58695FA9930876F4E771AE500D043282A398FA3600FD6660C83E70,IMPHASH=53D023B3A55A3CC9CED17D7D122AA827

ParentProcessGuid:
                {f57bd86a-7b78-658c-c601-000000000f00}

ParentProcessId:
                8316

ParentImage: C:\Windows\System32\cmd.exe

ParentCommandLine:
                ""C:\Windows\system32\cmd.exe"" /c ""for /l %x in (1,1,75) do start wordpad.exe /p
                C:\AtomicRedTeam\atomics\..\ExternalPayloads\T1059_003note.txt""

ParentUser:
                WINDEV2309EVAL\User",Info,WORDPAD.EXE,"""C:\Windows\system32\cmd.exe"" /c ""for /l %x in (1,1,75)
                do start wordpad.exe /p
                C:\AtomicRedTeam\atomics\..\ExternalPayloads\T1059_003note.txt""",C:\Windows\System32\cmd.exe,{f57bd86a-7b78-658c-c601-000000000f00},8316,WINDEV2309EVAL\User,{f57bd86a-7b7a-658c-fa01-000000000f00},3588,11432,Microsoft速 Windows速 Operating System,,,,"
      
            
      ",-,2023-12-27T19:31:06.9964475Z,,,Process Create (rule: ProcessCreate),1,5124,WINDEV2309EVAL\User,S-1-5-18,2023-12-27 19:31:06.988,5,"<Event xmlns=""http://schemas.microsoft.com/win/2004/08/events/event"">
    
        
    <System>
      
            
      <Provider Name=""Microsoft-Windows-Sysmon"" Guid=""{5770385f-c22a-43e0-bf4c-06f5698ffbd9}""/>
      
            
      <EventID>1</EventID>
      
            
      <Version>5</Version>
      
            
      <Level>4</Level>
      
            
      <Task>1</Task>
      
            
      <Opcode>0</Opcode>
      
            
      <Keywords>0x8000000000000000</Keywords>
      
            
      <TimeCreated SystemTime=""2023-12-27T19:31:06.9964475Z""/>
      
            
      <EventRecordID>19631</EventRecordID>
      
            
      <Correlation/>
      
            
      <Execution ProcessID=""3588"" ThreadID=""5124""/>
      
            
      <Channel>Microsoft-Windows-Sysmon/Operational</Channel>
      
            
      <Computer>WinDev2309Eval</Computer>
      
            
      <Security UserID=""S-1-5-18""/>
      
        
    </System>
    
        
    <EventData>
      
            
      <Data Name=""RuleName"">-</Data>
      
            
      <Data Name=""UtcTime"">2023-12-27 19:31:06.988</Data>
      
            
      <Data Name=""ProcessGuid"">{f57bd86a-7b7a-658c-fa01-000000000f00}</Data>
      
            
      <Data Name=""ProcessId"">11432</Data>
      
            
      <Data Name=""Image"">C:\Program Files\Windows NT\Accessories\wordpad.exe</Data>
      
            
      <Data Name=""FileVersion"">10.0.22621.2861 (WinBuild.160101.0800)</Data>
      
            
      <Data Name=""Description"">Windows Wordpad Application</Data>
      
            
      <Data Name=""Product"">Microsoft&#174; Windows&#174; Operating System</Data>
      
            
      <Data Name=""Company"">Microsoft Corporation</Data>
      
            
      <Data Name=""OriginalFileName"">WORDPAD.EXE</Data>
      
            
      <Data Name=""CommandLine"">""C:\Program Files\Windows NT\Accessories\wordpad.exe"" /p
                C:\AtomicRedTeam\atomics\..\ExternalPayloads\T1059_003note.txt</Data>
      
            
      <Data Name=""CurrentDirectory"">C:\Users\User\AppData\Local\Temp\</Data>
      
            
      <Data Name=""User"">WINDEV2309EVAL\User</Data>
      
            
      <Data Name=""LogonGuid"">{f57bd86a-36f9-658c-7bf8-020000000000}</Data>
      
            
      <Data Name=""LogonId"">0x2f87b</Data>
      
            
      <Data Name=""TerminalSessionId"">1</Data>
      
            
      <Data Name=""IntegrityLevel"">Medium</Data>
      
            
      <Data Name=""Hashes"">
                MD5=463E4F3EF0E69443D88F8BC47670204A,SHA256=1FA4DF9D7D58695FA9930876F4E771AE500D043282A398FA3600FD6660C83E70,IMPHASH=53D023B3A55A3CC9CED17D7D122AA827</Data>
      
            
      <Data Name=""ParentProcessGuid"">{f57bd86a-7b78-658c-c601-000000000f00}</Data>
      
            
      <Data Name=""ParentProcessId"">8316</Data>
      
            
      <Data Name=""ParentImage"">C:\Windows\System32\cmd.exe</Data>
      
            
      <Data Name=""ParentCommandLine"">""C:\Windows\system32\cmd.exe"" /c ""for /l %x in (1,1,75)
                do start wordpad.exe /p
                C:\AtomicRedTeam\atomics\..\ExternalPayloads\T1059_003note.txt""</Data>
      
            
      <Data Name=""ParentUser"">WINDEV2309EVAL\User</Data>
      
        
    </EventData>
    
        
    <RenderingInfo Culture=""en-US"">
      
            
      <Message>Process Create:

RuleName: -

UtcTime: 2023-12-27
                19:31:06.988

ProcessGuid:
                {f57bd86a-7b7a-658c-fa01-000000000f00}

ProcessId: 11432

Image:
                C:\Program Files\Windows NT\Accessories\wordpad.exe

FileVersion:
                10.0.22621.2861 (WinBuild.160101.0800)

Description: Windows Wordpad
                Application

Product: Microsoft&#174; Windows&#174; Operating System

Company:
                Microsoft Corporation

OriginalFileName: WORDPAD.EXE

CommandLine:
                ""C:\Program Files\Windows NT\Accessories\wordpad.exe"" /p
                C:\AtomicRedTeam\atomics\..\ExternalPayloads\T1059_003note.txt

CurrentDirectory:
                C:\Users\User\AppData\Local\Temp\

User:
                WINDEV2309EVAL\User

LogonGuid:
                {f57bd86a-36f9-658c-7bf8-020000000000}

LogonId:
                0x2F87B

TerminalSessionId: 1

IntegrityLevel:
                Medium

Hashes:
                MD5=463E4F3EF0E69443D88F8BC47670204A,SHA256=1FA4DF9D7D58695FA9930876F4E771AE500D043282A398FA3600FD6660C83E70,IMPHASH=53D023B3A55A3CC9CED17D7D122AA827

ParentProcessGuid:
                {f57bd86a-7b78-658c-c601-000000000f00}

ParentProcessId:
                8316

ParentImage: C:\Windows\System32\cmd.exe

ParentCommandLine:
                ""C:\Windows\system32\cmd.exe"" /c ""for /l %x in (1,1,75) do start wordpad.exe /p
                C:\AtomicRedTeam\atomics\..\ExternalPayloads\T1059_003note.txt""

ParentUser:
                WINDEV2309EVAL\User</Message>
      
            
      <Level>Information</Level>
      
            
      <Task>Process Create (rule: ProcessCreate)</Task>
      
            
      <Opcode>Info</Opcode>
      
        
    </RenderingInfo>
    
    
  </Event>
  
    
  
"
Microsoft-Windows-Sysmon/Operational,"""C:\Program Files\Windows NT\Accessories\wordpad.exe"" /p
                C:\AtomicRedTeam\atomics\..\ExternalPayloads\T1059_003note.txt",Microsoft Corporation,WinDev2309Eval,,C:\Users\User\AppData\Local\Temp\,Windows Wordpad Application,,1,19630,,10.0.22621.2861 (WinBuild.160101.0800),"
                MD5=463E4F3EF0E69443D88F8BC47670204A,SHA256=1FA4DF9D7D58695FA9930876F4E771AE500D043282A398FA3600FD6660C83E70,IMPHASH=53D023B3A55A3CC9CED17D7D122AA827",C:\Program Files\Windows NT\Accessories\wordpad.exe,Medium,0x8000000000000000,Information,{f57bd86a-36f9-658c-7bf8-020000000000},0x2f87b,"Process Create:

RuleName: -

UtcTime: 2023-12-27
                19:31:06.854

ProcessGuid:
                {f57bd86a-7b7a-658c-f901-000000000f00}

ProcessId: 11380

Image:
                C:\Program Files\Windows NT\Accessories\wordpad.exe

FileVersion:
                10.0.22621.2861 (WinBuild.160101.0800)

Description: Windows Wordpad
                Application

Product: Microsoft速 Windows速 Operating System

Company:
                Microsoft Corporation

OriginalFileName: WORDPAD.EXE

CommandLine:
                ""C:\Program Files\Windows NT\Accessories\wordpad.exe"" /p
                C:\AtomicRedTeam\atomics\..\ExternalPayloads\T1059_003note.txt

CurrentDirectory:
                C:\Users\User\AppData\Local\Temp\

User:
                WINDEV2309EVAL\User

LogonGuid:
                {f57bd86a-36f9-658c-7bf8-020000000000}

LogonId:
                0x2F87B

TerminalSessionId: 1

IntegrityLevel:
                Medium

Hashes:
                MD5=463E4F3EF0E69443D88F8BC47670204A,SHA256=1FA4DF9D7D58695FA9930876F4E771AE500D043282A398FA3600FD6660C83E70,IMPHASH=53D023B3A55A3CC9CED17D7D122AA827

ParentProcessGuid:
                {f57bd86a-7b78-658c-c601-000000000f00}

ParentProcessId:
                8316

ParentImage: C:\Windows\System32\cmd.exe

ParentCommandLine:
                ""C:\Windows\system32\cmd.exe"" /c ""for /l %x in (1,1,75) do start wordpad.exe /p
                C:\AtomicRedTeam\atomics\..\ExternalPayloads\T1059_003note.txt""

ParentUser:
                WINDEV2309EVAL\User",Info,WORDPAD.EXE,"""C:\Windows\system32\cmd.exe"" /c ""for /l %x in (1,1,75)
                do start wordpad.exe /p
                C:\AtomicRedTeam\atomics\..\ExternalPayloads\T1059_003note.txt""",C:\Windows\System32\cmd.exe,{f57bd86a-7b78-658c-c601-000000000f00},8316,WINDEV2309EVAL\User,{f57bd86a-7b7a-658c-f901-000000000f00},3588,11380,Microsoft速 Windows速 Operating System,,,,"
      
            
      ",-,2023-12-27T19:31:06.8630863Z,,,Process Create (rule: ProcessCreate),1,5124,WINDEV2309EVAL\User,S-1-5-18,2023-12-27 19:31:06.854,5,"<Event xmlns=""http://schemas.microsoft.com/win/2004/08/events/event"">
    
        
    <System>
      
            
      <Provider Name=""Microsoft-Windows-Sysmon"" Guid=""{5770385f-c22a-43e0-bf4c-06f5698ffbd9}""/>
      
            
      <EventID>1</EventID>
      
            
      <Version>5</Version>
      
            
      <Level>4</Level>
      
            
      <Task>1</Task>
      
            
      <Opcode>0</Opcode>
      
            
      <Keywords>0x8000000000000000</Keywords>
      
            
      <TimeCreated SystemTime=""2023-12-27T19:31:06.8630863Z""/>
      
            
      <EventRecordID>19630</EventRecordID>
      
            
      <Correlation/>
      
            
      <Execution ProcessID=""3588"" ThreadID=""5124""/>
      
            
      <Channel>Microsoft-Windows-Sysmon/Operational</Channel>
      
            
      <Computer>WinDev2309Eval</Computer>
      
            
      <Security UserID=""S-1-5-18""/>
      
        
    </System>
    
        
    <EventData>
      
            
      <Data Name=""RuleName"">-</Data>
      
            
      <Data Name=""UtcTime"">2023-12-27 19:31:06.854</Data>
      
            
      <Data Name=""ProcessGuid"">{f57bd86a-7b7a-658c-f901-000000000f00}</Data>
      
            
      <Data Name=""ProcessId"">11380</Data>
      
            
      <Data Name=""Image"">C:\Program Files\Windows NT\Accessories\wordpad.exe</Data>
      
            
      <Data Name=""FileVersion"">10.0.22621.2861 (WinBuild.160101.0800)</Data>
      
            
      <Data Name=""Description"">Windows Wordpad Application</Data>
      
            
      <Data Name=""Product"">Microsoft&#174; Windows&#174; Operating System</Data>
      
            
      <Data Name=""Company"">Microsoft Corporation</Data>
      
            
      <Data Name=""OriginalFileName"">WORDPAD.EXE</Data>
      
            
      <Data Name=""CommandLine"">""C:\Program Files\Windows NT\Accessories\wordpad.exe"" /p
                C:\AtomicRedTeam\atomics\..\ExternalPayloads\T1059_003note.txt</Data>
      
            
      <Data Name=""CurrentDirectory"">C:\Users\User\AppData\Local\Temp\</Data>
      
            
      <Data Name=""User"">WINDEV2309EVAL\User</Data>
      
            
      <Data Name=""LogonGuid"">{f57bd86a-36f9-658c-7bf8-020000000000}</Data>
      
            
      <Data Name=""LogonId"">0x2f87b</Data>
      
            
      <Data Name=""TerminalSessionId"">1</Data>
      
            
      <Data Name=""IntegrityLevel"">Medium</Data>
      
            
      <Data Name=""Hashes"">
                MD5=463E4F3EF0E69443D88F8BC47670204A,SHA256=1FA4DF9D7D58695FA9930876F4E771AE500D043282A398FA3600FD6660C83E70,IMPHASH=53D023B3A55A3CC9CED17D7D122AA827</Data>
      
            
      <Data Name=""ParentProcessGuid"">{f57bd86a-7b78-658c-c601-000000000f00}</Data>
      
            
      <Data Name=""ParentProcessId"">8316</Data>
      
            
      <Data Name=""ParentImage"">C:\Windows\System32\cmd.exe</Data>
      
            
      <Data Name=""ParentCommandLine"">""C:\Windows\system32\cmd.exe"" /c ""for /l %x in (1,1,75)
                do start wordpad.exe /p
                C:\AtomicRedTeam\atomics\..\ExternalPayloads\T1059_003note.txt""</Data>
      
            
      <Data Name=""ParentUser"">WINDEV2309EVAL\User</Data>
      
        
    </EventData>
    
        
    <RenderingInfo Culture=""en-US"">
      
            
      <Message>Process Create:

RuleName: -

UtcTime: 2023-12-27
                19:31:06.854

ProcessGuid:
                {f57bd86a-7b7a-658c-f901-000000000f00}

ProcessId: 11380

Image:
                C:\Program Files\Windows NT\Accessories\wordpad.exe

FileVersion:
                10.0.22621.2861 (WinBuild.160101.0800)

Description: Windows Wordpad
                Application

Product: Microsoft&#174; Windows&#174; Operating System

Company:
                Microsoft Corporation

OriginalFileName: WORDPAD.EXE

CommandLine:
                ""C:\Program Files\Windows NT\Accessories\wordpad.exe"" /p
                C:\AtomicRedTeam\atomics\..\ExternalPayloads\T1059_003note.txt

CurrentDirectory:
                C:\Users\User\AppData\Local\Temp\

User:
                WINDEV2309EVAL\User

LogonGuid:
                {f57bd86a-36f9-658c-7bf8-020000000000}

LogonId:
                0x2F87B

TerminalSessionId: 1

IntegrityLevel:
                Medium

Hashes:
                MD5=463E4F3EF0E69443D88F8BC47670204A,SHA256=1FA4DF9D7D58695FA9930876F4E771AE500D043282A398FA3600FD6660C83E70,IMPHASH=53D023B3A55A3CC9CED17D7D122AA827

ParentProcessGuid:
                {f57bd86a-7b78-658c-c601-000000000f00}

ParentProcessId:
                8316

ParentImage: C:\Windows\System32\cmd.exe

ParentCommandLine:
                ""C:\Windows\system32\cmd.exe"" /c ""for /l %x in (1,1,75) do start wordpad.exe /p
                C:\AtomicRedTeam\atomics\..\ExternalPayloads\T1059_003note.txt""

ParentUser:
                WINDEV2309EVAL\User</Message>
      
            
      <Level>Information</Level>
      
            
      <Task>Process Create (rule: ProcessCreate)</Task>
      
            
      <Opcode>Info</Opcode>
      
        
    </RenderingInfo>
    
    
  </Event>
  
    
  
"
