Channel,CommandLine,Company,Computer,CreationUtcTime,CurrentDirectory,Description,Details,EventID,EventRecordID,EventType,FileVersion,Hashes,Image,IntegrityLevel,Keywords,Level,LogonGuid,LogonId,Opcode,OriginalFileName,ParentCommandLine,ParentImage,ParentProcessGuid,ParentProcessId,ParentUser,ProcessGuid,ProcessID,ProcessId,Product,QueryName,QueryResults,QueryStatus,RuleName,SystemTime,TargetFilename,TargetObject,Task,TerminalSessionId,ThreadID,User,UserID,UtcTime,Version,raw
Microsoft-Windows-Sysmon/Operational,,,WinDev2309Eval,,,,01/01/1970 00:00:00,13,19593,SetValue,,,C:\Windows\System32\svchost.exe,,0x8000000000000000,4,,,0,,,,,,,{f57bd86a-36f8-658c-3e00-000000000f00},3588,3212,,,,,InvDB-CompileTimeClaim,2023-12-27T19:02:10.1596987Z,,\REGISTRY\A\{b3b14332-edc6-625a-c682-62677f6d06d4}\Root\InventoryApplicationFile\createprocesswit|76f060533f05dc00\LinkDate,13,,5124,NT AUTHORITY\SYSTEM,S-1-5-18,2023-12-27 19:02:10.144,2,"<Event xmlns=""http://schemas.microsoft.com/win/2004/08/events/event"">
    
        
    <System>
      
            
      <Provider Name=""Microsoft-Windows-Sysmon"" Guid=""{5770385f-c22a-43e0-bf4c-06f5698ffbd9}""/>
      
            
      <EventID>13</EventID>
      
            
      <Version>2</Version>
      
            
      <Level>4</Level>
      
            
      <Task>13</Task>
      
            
      <Opcode>0</Opcode>
      
            
      <Keywords>0x8000000000000000</Keywords>
      
            
      <TimeCreated SystemTime=""2023-12-27T19:02:10.1596987Z""/>
      
            
      <EventRecordID>19593</EventRecordID>
      
            
      <Correlation/>
      
            
      <Execution ProcessID=""3588"" ThreadID=""5124""/>
      
            
      <Channel>Microsoft-Windows-Sysmon/Operational</Channel>
      
            
      <Computer>WinDev2309Eval</Computer>
      
            
      <Security UserID=""S-1-5-18""/>
      
        
    </System>
    
        
    <EventData>
      
            
      <Data Name=""RuleName"">InvDB-CompileTimeClaim</Data>
      
            
      <Data Name=""EventType"">SetValue</Data>
      
            
      <Data Name=""UtcTime"">2023-12-27 19:02:10.144</Data>
      
            
      <Data Name=""ProcessGuid"">{f57bd86a-36f8-658c-3e00-000000000f00}</Data>
      
            
      <Data Name=""ProcessId"">3212</Data>
      
            
      <Data Name=""Image"">C:\Windows\System32\svchost.exe</Data>
      
            
      <Data Name=""TargetObject"">\REGISTRY\A\{b3b14332-edc6-625a-c682-62677f6d06d4}\Root\InventoryApplicationFile\createprocesswit|76f060533f05dc00\LinkDate</Data>
      
            
      <Data Name=""Details"">01/01/1970 00:00:00</Data>
      
            
      <Data Name=""User"">NT AUTHORITY\SYSTEM</Data>
      
        
    </EventData>
    
    
  </Event>
  
    
  
"
Microsoft-Windows-Sysmon/Operational,,,WinDev2309Eval,,,,c:\atomicredteam\atomics\t1055.012\bin\x64\createprocesswithpipe.exe,13,19592,SetValue,,,C:\Windows\System32\svchost.exe,,0x8000000000000000,4,,,0,,,,,,,{f57bd86a-36f8-658c-3e00-000000000f00},3588,3212,,,,,InvDB-Path,2023-12-27T19:02:10.1595167Z,,\REGISTRY\A\{b3b14332-edc6-625a-c682-62677f6d06d4}\Root\InventoryApplicationFile\createprocesswit|76f060533f05dc00\LowerCaseLongPath,13,,5124,NT AUTHORITY\SYSTEM,S-1-5-18,2023-12-27 19:02:10.144,2,"<Event xmlns=""http://schemas.microsoft.com/win/2004/08/events/event"">
    
        
    <System>
      
            
      <Provider Name=""Microsoft-Windows-Sysmon"" Guid=""{5770385f-c22a-43e0-bf4c-06f5698ffbd9}""/>
      
            
      <EventID>13</EventID>
      
            
      <Version>2</Version>
      
            
      <Level>4</Level>
      
            
      <Task>13</Task>
      
            
      <Opcode>0</Opcode>
      
            
      <Keywords>0x8000000000000000</Keywords>
      
            
      <TimeCreated SystemTime=""2023-12-27T19:02:10.1595167Z""/>
      
            
      <EventRecordID>19592</EventRecordID>
      
            
      <Correlation/>
      
            
      <Execution ProcessID=""3588"" ThreadID=""5124""/>
      
            
      <Channel>Microsoft-Windows-Sysmon/Operational</Channel>
      
            
      <Computer>WinDev2309Eval</Computer>
      
            
      <Security UserID=""S-1-5-18""/>
      
        
    </System>
    
        
    <EventData>
      
            
      <Data Name=""RuleName"">InvDB-Path</Data>
      
            
      <Data Name=""EventType"">SetValue</Data>
      
            
      <Data Name=""UtcTime"">2023-12-27 19:02:10.144</Data>
      
            
      <Data Name=""ProcessGuid"">{f57bd86a-36f8-658c-3e00-000000000f00}</Data>
      
            
      <Data Name=""ProcessId"">3212</Data>
      
            
      <Data Name=""Image"">C:\Windows\System32\svchost.exe</Data>
      
            
      <Data Name=""TargetObject"">\REGISTRY\A\{b3b14332-edc6-625a-c682-62677f6d06d4}\Root\InventoryApplicationFile\createprocesswit|76f060533f05dc00\LowerCaseLongPath</Data>
      
            
      <Data Name=""Details"">c:\atomicredteam\atomics\t1055.012\bin\x64\createprocesswithpipe.exe</Data>
      
            
      <Data Name=""User"">NT AUTHORITY\SYSTEM</Data>
      
        
    </EventData>
    
    
  </Event>
  
    
  
"
Microsoft-Windows-Sysmon/Operational,calc,Microsoft Corporation,WinDev2309Eval,,C:\Users\User\AppData\Local\Temp\,Windows Calculator,,1,19591,,10.0.22621.1 (WinBuild.160101.0800),"MD5=2F82623F9523C0D167862CAD0EFF6806,SHA256=9C2C8A8588FE6DB09C09337E78437CB056CD557DB1BCF5240112CBFB7B600EFB,IMPHASH=8EEAA9499666119D13B3F44ECD77A729",C:\Windows\System32\calc.exe,Medium,0x8000000000000000,4,{f57bd86a-36f9-658c-7bf8-020000000000},0x2f87b,0,CALC.EXE,"""C:\Windows\System32\werfault.exe""",C:\Windows\System32\WerFault.exe,{f57bd86a-74b1-658c-cf01-000000000f00},6100,WINDEV2309EVAL\User,{f57bd86a-74b1-658c-d001-000000000f00},3588,9576,Microsoft® Windows® Operating System,,,,-,2023-12-27T19:02:09.6993128Z,,,1,1,5124,WINDEV2309EVAL\User,S-1-5-18,2023-12-27 19:02:09.698,5,"<Event xmlns=""http://schemas.microsoft.com/win/2004/08/events/event"">
    
        
    <System>
      
            
      <Provider Name=""Microsoft-Windows-Sysmon"" Guid=""{5770385f-c22a-43e0-bf4c-06f5698ffbd9}""/>
      
            
      <EventID>1</EventID>
      
            
      <Version>5</Version>
      
            
      <Level>4</Level>
      
            
      <Task>1</Task>
      
            
      <Opcode>0</Opcode>
      
            
      <Keywords>0x8000000000000000</Keywords>
      
            
      <TimeCreated SystemTime=""2023-12-27T19:02:09.6993128Z""/>
      
            
      <EventRecordID>19591</EventRecordID>
      
            
      <Correlation/>
      
            
      <Execution ProcessID=""3588"" ThreadID=""5124""/>
      
            
      <Channel>Microsoft-Windows-Sysmon/Operational</Channel>
      
            
      <Computer>WinDev2309Eval</Computer>
      
            
      <Security UserID=""S-1-5-18""/>
      
        
    </System>
    
        
    <EventData>
      
            
      <Data Name=""RuleName"">-</Data>
      
            
      <Data Name=""UtcTime"">2023-12-27 19:02:09.698</Data>
      
            
      <Data Name=""ProcessGuid"">{f57bd86a-74b1-658c-d001-000000000f00}</Data>
      
            
      <Data Name=""ProcessId"">9576</Data>
      
            
      <Data Name=""Image"">C:\Windows\System32\calc.exe</Data>
      
            
      <Data Name=""FileVersion"">10.0.22621.1 (WinBuild.160101.0800)</Data>
      
            
      <Data Name=""Description"">Windows Calculator</Data>
      
            
      <Data Name=""Product"">Microsoft&#174; Windows&#174; Operating System</Data>
      
            
      <Data Name=""Company"">Microsoft Corporation</Data>
      
            
      <Data Name=""OriginalFileName"">CALC.EXE</Data>
      
            
      <Data Name=""CommandLine"">calc</Data>
      
            
      <Data Name=""CurrentDirectory"">C:\Users\User\AppData\Local\Temp\</Data>
      
            
      <Data Name=""User"">WINDEV2309EVAL\User</Data>
      
            
      <Data Name=""LogonGuid"">{f57bd86a-36f9-658c-7bf8-020000000000}</Data>
      
            
      <Data Name=""LogonId"">0x2f87b</Data>
      
            
      <Data Name=""TerminalSessionId"">1</Data>
      
            
      <Data Name=""IntegrityLevel"">Medium</Data>
      
            
      <Data Name=""Hashes"">MD5=2F82623F9523C0D167862CAD0EFF6806,SHA256=9C2C8A8588FE6DB09C09337E78437CB056CD557DB1BCF5240112CBFB7B600EFB,IMPHASH=8EEAA9499666119D13B3F44ECD77A729</Data>
      
            
      <Data Name=""ParentProcessGuid"">{f57bd86a-74b1-658c-cf01-000000000f00}</Data>
      
            
      <Data Name=""ParentProcessId"">6100</Data>
      
            
      <Data Name=""ParentImage"">C:\Windows\System32\WerFault.exe</Data>
      
            
      <Data Name=""ParentCommandLine"">""C:\Windows\System32\werfault.exe""</Data>
      
            
      <Data Name=""ParentUser"">WINDEV2309EVAL\User</Data>
      
        
    </EventData>
    
    
  </Event>
  
    
  
"
Microsoft-Windows-Sysmon/Operational,"""C:\Windows\System32\werfault.exe""",Microsoft Corporation,WinDev2309Eval,,C:\Users\User\AppData\Local\Temp\,Windows Problem Reporting,,1,19590,,10.0.22621.2506 (WinBuild.160101.0800),"MD5=2E8B6EEDA1D82904717092AEEDBCFED4,SHA256=EC9D2023F691A6936E2E91EE0FDAF2583A62458BD2C1E75A31D5350B6F25DC0B,IMPHASH=1A3B057EA98DD9C8D80F5748F75EE936",C:\Windows\System32\WerFault.exe,Medium,0x8000000000000000,4,{f57bd86a-36f9-658c-7bf8-020000000000},0x2f87b,0,WerFault.exe,"""C:\AtomicRedTeam\atomics\T1055.012\bin\x64\CreateProcessWithPipe.exe"" -program C:\Windows\System32\werfault.exe -debug",C:\AtomicRedTeam\atomics\T1055.012\bin\x64\CreateProcessWithPipe.exe,{f57bd86a-74b1-658c-ce01-000000000f00},10428,WINDEV2309EVAL\User,{f57bd86a-74b1-658c-cf01-000000000f00},3588,6100,Microsoft® Windows® Operating System,,,,-,2023-12-27T19:02:09.6849595Z,,,1,1,5124,WINDEV2309EVAL\User,S-1-5-18,2023-12-27 19:02:09.683,5,"<Event xmlns=""http://schemas.microsoft.com/win/2004/08/events/event"">
    
        
    <System>
      
            
      <Provider Name=""Microsoft-Windows-Sysmon"" Guid=""{5770385f-c22a-43e0-bf4c-06f5698ffbd9}""/>
      
            
      <EventID>1</EventID>
      
            
      <Version>5</Version>
      
            
      <Level>4</Level>
      
            
      <Task>1</Task>
      
            
      <Opcode>0</Opcode>
      
            
      <Keywords>0x8000000000000000</Keywords>
      
            
      <TimeCreated SystemTime=""2023-12-27T19:02:09.6849595Z""/>
      
            
      <EventRecordID>19590</EventRecordID>
      
            
      <Correlation/>
      
            
      <Execution ProcessID=""3588"" ThreadID=""5124""/>
      
            
      <Channel>Microsoft-Windows-Sysmon/Operational</Channel>
      
            
      <Computer>WinDev2309Eval</Computer>
      
            
      <Security UserID=""S-1-5-18""/>
      
        
    </System>
    
        
    <EventData>
      
            
      <Data Name=""RuleName"">-</Data>
      
            
      <Data Name=""UtcTime"">2023-12-27 19:02:09.683</Data>
      
            
      <Data Name=""ProcessGuid"">{f57bd86a-74b1-658c-cf01-000000000f00}</Data>
      
            
      <Data Name=""ProcessId"">6100</Data>
      
            
      <Data Name=""Image"">C:\Windows\System32\WerFault.exe</Data>
      
            
      <Data Name=""FileVersion"">10.0.22621.2506 (WinBuild.160101.0800)</Data>
      
            
      <Data Name=""Description"">Windows Problem Reporting</Data>
      
            
      <Data Name=""Product"">Microsoft&#174; Windows&#174; Operating System</Data>
      
            
      <Data Name=""Company"">Microsoft Corporation</Data>
      
            
      <Data Name=""OriginalFileName"">WerFault.exe</Data>
      
            
      <Data Name=""CommandLine"">""C:\Windows\System32\werfault.exe""</Data>
      
            
      <Data Name=""CurrentDirectory"">C:\Users\User\AppData\Local\Temp\</Data>
      
            
      <Data Name=""User"">WINDEV2309EVAL\User</Data>
      
            
      <Data Name=""LogonGuid"">{f57bd86a-36f9-658c-7bf8-020000000000}</Data>
      
            
      <Data Name=""LogonId"">0x2f87b</Data>
      
            
      <Data Name=""TerminalSessionId"">1</Data>
      
            
      <Data Name=""IntegrityLevel"">Medium</Data>
      
            
      <Data Name=""Hashes"">MD5=2E8B6EEDA1D82904717092AEEDBCFED4,SHA256=EC9D2023F691A6936E2E91EE0FDAF2583A62458BD2C1E75A31D5350B6F25DC0B,IMPHASH=1A3B057EA98DD9C8D80F5748F75EE936</Data>
      
            
      <Data Name=""ParentProcessGuid"">{f57bd86a-74b1-658c-ce01-000000000f00}</Data>
      
            
      <Data Name=""ParentProcessId"">10428</Data>
      
            
      <Data Name=""ParentImage"">C:\AtomicRedTeam\atomics\T1055.012\bin\x64\CreateProcessWithPipe.exe</Data>
      
            
      <Data Name=""ParentCommandLine"">""C:\AtomicRedTeam\atomics\T1055.012\bin\x64\CreateProcessWithPipe.exe"" -program C:\Windows\System32\werfault.exe -debug</Data>
      
            
      <Data Name=""ParentUser"">WINDEV2309EVAL\User</Data>
      
        
    </EventData>
    
    
  </Event>
  
    
  
"
Microsoft-Windows-Sysmon/Operational,"""C:\AtomicRedTeam\atomics\T1055.012\bin\x64\CreateProcessWithPipe.exe"" -program C:\Windows\System32\werfault.exe -debug",-,WinDev2309Eval,,C:\Users\User\AppData\Local\Temp\,-,,1,19589,,-,"MD5=A6956DDA985B7423635F75CF52986771,SHA256=6B21770B42B2071BDB72043FDA50BF94B70011D9CFC8BA1696EA979360610B69,IMPHASH=4F2F006E2ECF7172AD368F8289DC96C1",C:\AtomicRedTeam\atomics\T1055.012\bin\x64\CreateProcessWithPipe.exe,Medium,0x8000000000000000,4,{f57bd86a-36f9-658c-7bf8-020000000000},0x2f87b,0,-,"""powershell.exe"" & {C:\AtomicRedTeam\atomics\T1055.012\bin\x64\CreateProcessWithPipe.exe -program \""""C:\Windows\System32\werfault.exe\"""" -debug}",C:\Windows\System32\WindowsPowerShell\v1.0\powershell.exe,{f57bd86a-74b0-658c-cb01-000000000f00},9972,WINDEV2309EVAL\User,{f57bd86a-74b1-658c-ce01-000000000f00},3588,10428,-,,,,-,2023-12-27T19:02:09.6642530Z,,,1,1,5124,WINDEV2309EVAL\User,S-1-5-18,2023-12-27 19:02:09.648,5,"<Event xmlns=""http://schemas.microsoft.com/win/2004/08/events/event"">
    
        
    <System>
      
            
      <Provider Name=""Microsoft-Windows-Sysmon"" Guid=""{5770385f-c22a-43e0-bf4c-06f5698ffbd9}""/>
      
            
      <EventID>1</EventID>
      
            
      <Version>5</Version>
      
            
      <Level>4</Level>
      
            
      <Task>1</Task>
      
            
      <Opcode>0</Opcode>
      
            
      <Keywords>0x8000000000000000</Keywords>
      
            
      <TimeCreated SystemTime=""2023-12-27T19:02:09.6642530Z""/>
      
            
      <EventRecordID>19589</EventRecordID>
      
            
      <Correlation/>
      
            
      <Execution ProcessID=""3588"" ThreadID=""5124""/>
      
            
      <Channel>Microsoft-Windows-Sysmon/Operational</Channel>
      
            
      <Computer>WinDev2309Eval</Computer>
      
            
      <Security UserID=""S-1-5-18""/>
      
        
    </System>
    
        
    <EventData>
      
            
      <Data Name=""RuleName"">-</Data>
      
            
      <Data Name=""UtcTime"">2023-12-27 19:02:09.648</Data>
      
            
      <Data Name=""ProcessGuid"">{f57bd86a-74b1-658c-ce01-000000000f00}</Data>
      
            
      <Data Name=""ProcessId"">10428</Data>
      
            
      <Data Name=""Image"">C:\AtomicRedTeam\atomics\T1055.012\bin\x64\CreateProcessWithPipe.exe</Data>
      
            
      <Data Name=""FileVersion"">-</Data>
      
            
      <Data Name=""Description"">-</Data>
      
            
      <Data Name=""Product"">-</Data>
      
            
      <Data Name=""Company"">-</Data>
      
            
      <Data Name=""OriginalFileName"">-</Data>
      
            
      <Data Name=""CommandLine"">""C:\AtomicRedTeam\atomics\T1055.012\bin\x64\CreateProcessWithPipe.exe"" -program C:\Windows\System32\werfault.exe -debug</Data>
      
            
      <Data Name=""CurrentDirectory"">C:\Users\User\AppData\Local\Temp\</Data>
      
            
      <Data Name=""User"">WINDEV2309EVAL\User</Data>
      
            
      <Data Name=""LogonGuid"">{f57bd86a-36f9-658c-7bf8-020000000000}</Data>
      
            
      <Data Name=""LogonId"">0x2f87b</Data>
      
            
      <Data Name=""TerminalSessionId"">1</Data>
      
            
      <Data Name=""IntegrityLevel"">Medium</Data>
      
            
      <Data Name=""Hashes"">MD5=A6956DDA985B7423635F75CF52986771,SHA256=6B21770B42B2071BDB72043FDA50BF94B70011D9CFC8BA1696EA979360610B69,IMPHASH=4F2F006E2ECF7172AD368F8289DC96C1</Data>
      
            
      <Data Name=""ParentProcessGuid"">{f57bd86a-74b0-658c-cb01-000000000f00}</Data>
      
            
      <Data Name=""ParentProcessId"">9972</Data>
      
            
      <Data Name=""ParentImage"">C:\Windows\System32\WindowsPowerShell\v1.0\powershell.exe</Data>
      
            
      <Data Name=""ParentCommandLine"">""powershell.exe"" &amp; {C:\AtomicRedTeam\atomics\T1055.012\bin\x64\CreateProcessWithPipe.exe -program \""""C:\Windows\System32\werfault.exe\"""" -debug}</Data>
      
            
      <Data Name=""ParentUser"">WINDEV2309EVAL\User</Data>
      
        
    </EventData>
    
    
  </Event>
  
    
  
"
Microsoft-Windows-Sysmon/Operational,,,WinDev2309Eval,,,,01/01/1970 00:00:00,13,19588,SetValue,,,C:\Windows\System32\svchost.exe,,0x8000000000000000,4,,,0,,,,,,,{f57bd86a-36f8-658c-3e00-000000000f00},3588,3212,,,,,InvDB-CompileTimeClaim,2023-12-27T19:02:08.7924158Z,,\REGISTRY\A\{b3b14332-edc6-625a-c682-62677f6d06d4}\Root\InventoryApplicationFile\createprocess.ex|d9affd2db5aa3040\LinkDate,13,,5124,NT AUTHORITY\SYSTEM,S-1-5-18,2023-12-27 19:02:08.775,2,"<Event xmlns=""http://schemas.microsoft.com/win/2004/08/events/event"">
    
        
    <System>
      
            
      <Provider Name=""Microsoft-Windows-Sysmon"" Guid=""{5770385f-c22a-43e0-bf4c-06f5698ffbd9}""/>
      
            
      <EventID>13</EventID>
      
            
      <Version>2</Version>
      
            
      <Level>4</Level>
      
            
      <Task>13</Task>
      
            
      <Opcode>0</Opcode>
      
            
      <Keywords>0x8000000000000000</Keywords>
      
            
      <TimeCreated SystemTime=""2023-12-27T19:02:08.7924158Z""/>
      
            
      <EventRecordID>19588</EventRecordID>
      
            
      <Correlation/>
      
            
      <Execution ProcessID=""3588"" ThreadID=""5124""/>
      
            
      <Channel>Microsoft-Windows-Sysmon/Operational</Channel>
      
            
      <Computer>WinDev2309Eval</Computer>
      
            
      <Security UserID=""S-1-5-18""/>
      
        
    </System>
    
        
    <EventData>
      
            
      <Data Name=""RuleName"">InvDB-CompileTimeClaim</Data>
      
            
      <Data Name=""EventType"">SetValue</Data>
      
            
      <Data Name=""UtcTime"">2023-12-27 19:02:08.775</Data>
      
            
      <Data Name=""ProcessGuid"">{f57bd86a-36f8-658c-3e00-000000000f00}</Data>
      
            
      <Data Name=""ProcessId"">3212</Data>
      
            
      <Data Name=""Image"">C:\Windows\System32\svchost.exe</Data>
      
            
      <Data Name=""TargetObject"">\REGISTRY\A\{b3b14332-edc6-625a-c682-62677f6d06d4}\Root\InventoryApplicationFile\createprocess.ex|d9affd2db5aa3040\LinkDate</Data>
      
            
      <Data Name=""Details"">01/01/1970 00:00:00</Data>
      
            
      <Data Name=""User"">NT AUTHORITY\SYSTEM</Data>
      
        
    </EventData>
    
    
  </Event>
  
    
  
"
Microsoft-Windows-Sysmon/Operational,,,WinDev2309Eval,,,,c:\atomicredteam\atomics\t1055.012\bin\x64\createprocess.exe,13,19587,SetValue,,,C:\Windows\System32\svchost.exe,,0x8000000000000000,4,,,0,,,,,,,{f57bd86a-36f8-658c-3e00-000000000f00},3588,3212,,,,,InvDB-Path,2023-12-27T19:02:08.7922354Z,,\REGISTRY\A\{b3b14332-edc6-625a-c682-62677f6d06d4}\Root\InventoryApplicationFile\createprocess.ex|d9affd2db5aa3040\LowerCaseLongPath,13,,5124,NT AUTHORITY\SYSTEM,S-1-5-18,2023-12-27 19:02:08.775,2,"<Event xmlns=""http://schemas.microsoft.com/win/2004/08/events/event"">
    
        
    <System>
      
            
      <Provider Name=""Microsoft-Windows-Sysmon"" Guid=""{5770385f-c22a-43e0-bf4c-06f5698ffbd9}""/>
      
            
      <EventID>13</EventID>
      
            
      <Version>2</Version>
      
            
      <Level>4</Level>
      
            
      <Task>13</Task>
      
            
      <Opcode>0</Opcode>
      
            
      <Keywords>0x8000000000000000</Keywords>
      
            
      <TimeCreated SystemTime=""2023-12-27T19:02:08.7922354Z""/>
      
            
      <EventRecordID>19587</EventRecordID>
      
            
      <Correlation/>
      
            
      <Execution ProcessID=""3588"" ThreadID=""5124""/>
      
            
      <Channel>Microsoft-Windows-Sysmon/Operational</Channel>
      
            
      <Computer>WinDev2309Eval</Computer>
      
            
      <Security UserID=""S-1-5-18""/>
      
        
    </System>
    
        
    <EventData>
      
            
      <Data Name=""RuleName"">InvDB-Path</Data>
      
            
      <Data Name=""EventType"">SetValue</Data>
      
            
      <Data Name=""UtcTime"">2023-12-27 19:02:08.775</Data>
      
            
      <Data Name=""ProcessGuid"">{f57bd86a-36f8-658c-3e00-000000000f00}</Data>
      
            
      <Data Name=""ProcessId"">3212</Data>
      
            
      <Data Name=""Image"">C:\Windows\System32\svchost.exe</Data>
      
            
      <Data Name=""TargetObject"">\REGISTRY\A\{b3b14332-edc6-625a-c682-62677f6d06d4}\Root\InventoryApplicationFile\createprocess.ex|d9affd2db5aa3040\LowerCaseLongPath</Data>
      
            
      <Data Name=""Details"">c:\atomicredteam\atomics\t1055.012\bin\x64\createprocess.exe</Data>
      
            
      <Data Name=""User"">NT AUTHORITY\SYSTEM</Data>
      
        
    </EventData>
    
    
  </Event>
  
    
  
"
Microsoft-Windows-Sysmon/Operational,,,WinDev2309Eval,2023-12-27 19:02:08.619,,,,11,19586,,,,C:\Windows\System32\WindowsPowerShell\v1.0\powershell.exe,,0x8000000000000000,4,,,0,,,,,,,{f57bd86a-74b0-658c-cb01-000000000f00},3588,9972,,,,,-,2023-12-27T19:02:08.6255019Z,C:\Users\User\AppData\Local\Temp\__PSScriptPolicyTest_w3typt5q.kjk.ps1,,11,,5124,WINDEV2309EVAL\User,S-1-5-18,2023-12-27 19:02:08.619,2,"<Event xmlns=""http://schemas.microsoft.com/win/2004/08/events/event"">
    
        
    <System>
      
            
      <Provider Name=""Microsoft-Windows-Sysmon"" Guid=""{5770385f-c22a-43e0-bf4c-06f5698ffbd9}""/>
      
            
      <EventID>11</EventID>
      
            
      <Version>2</Version>
      
            
      <Level>4</Level>
      
            
      <Task>11</Task>
      
            
      <Opcode>0</Opcode>
      
            
      <Keywords>0x8000000000000000</Keywords>
      
            
      <TimeCreated SystemTime=""2023-12-27T19:02:08.6255019Z""/>
      
            
      <EventRecordID>19586</EventRecordID>
      
            
      <Correlation/>
      
            
      <Execution ProcessID=""3588"" ThreadID=""5124""/>
      
            
      <Channel>Microsoft-Windows-Sysmon/Operational</Channel>
      
            
      <Computer>WinDev2309Eval</Computer>
      
            
      <Security UserID=""S-1-5-18""/>
      
        
    </System>
    
        
    <EventData>
      
            
      <Data Name=""RuleName"">-</Data>
      
            
      <Data Name=""UtcTime"">2023-12-27 19:02:08.619</Data>
      
            
      <Data Name=""ProcessGuid"">{f57bd86a-74b0-658c-cb01-000000000f00}</Data>
      
            
      <Data Name=""ProcessId"">9972</Data>
      
            
      <Data Name=""Image"">C:\Windows\System32\WindowsPowerShell\v1.0\powershell.exe</Data>
      
            
      <Data Name=""TargetFilename"">C:\Users\User\AppData\Local\Temp\__PSScriptPolicyTest_w3typt5q.kjk.ps1</Data>
      
            
      <Data Name=""CreationUtcTime"">2023-12-27 19:02:08.619</Data>
      
            
      <Data Name=""User"">WINDEV2309EVAL\User</Data>
      
        
    </EventData>
    
    
  </Event>
  
    
  
"
Microsoft-Windows-Sysmon/Operational,"""powershell.exe"" & {C:\AtomicRedTeam\atomics\T1055.012\bin\x64\CreateProcessWithPipe.exe -program \""""C:\Windows\System32\werfault.exe\"""" -debug}",Microsoft Corporation,WinDev2309Eval,,C:\Users\User\AppData\Local\Temp\,Windows PowerShell,,1,19585,,10.0.22621.2506 (WinBuild.160101.0800),"MD5=2D1D70C92A419D9079B047954C611886,SHA256=C50057756CDB25D481CF2502ABCEF124F864C27618C5057468BFC6B82B2C4EDD,IMPHASH=E09C4F82A1DA13A09F4FF2E625FEBA20",C:\Windows\System32\WindowsPowerShell\v1.0\powershell.exe,Medium,0x8000000000000000,4,{f57bd86a-36f9-658c-7bf8-020000000000},0x2f87b,0,PowerShell.EXE,-,-,{00000000-0000-0000-0000-000000000000},1688,-,{f57bd86a-74b0-658c-cb01-000000000f00},3588,9972,Microsoft® Windows® Operating System,,,,-,2023-12-27T19:02:08.4415505Z,,,1,1,5124,WINDEV2309EVAL\User,S-1-5-18,2023-12-27 19:02:08.438,5,"<Event xmlns=""http://schemas.microsoft.com/win/2004/08/events/event"">
    
        
    <System>
      
            
      <Provider Name=""Microsoft-Windows-Sysmon"" Guid=""{5770385f-c22a-43e0-bf4c-06f5698ffbd9}""/>
      
            
      <EventID>1</EventID>
      
            
      <Version>5</Version>
      
            
      <Level>4</Level>
      
            
      <Task>1</Task>
      
            
      <Opcode>0</Opcode>
      
            
      <Keywords>0x8000000000000000</Keywords>
      
            
      <TimeCreated SystemTime=""2023-12-27T19:02:08.4415505Z""/>
      
            
      <EventRecordID>19585</EventRecordID>
      
            
      <Correlation/>
      
            
      <Execution ProcessID=""3588"" ThreadID=""5124""/>
      
            
      <Channel>Microsoft-Windows-Sysmon/Operational</Channel>
      
            
      <Computer>WinDev2309Eval</Computer>
      
            
      <Security UserID=""S-1-5-18""/>
      
        
    </System>
    
        
    <EventData>
      
            
      <Data Name=""RuleName"">-</Data>
      
            
      <Data Name=""UtcTime"">2023-12-27 19:02:08.438</Data>
      
            
      <Data Name=""ProcessGuid"">{f57bd86a-74b0-658c-cb01-000000000f00}</Data>
      
            
      <Data Name=""ProcessId"">9972</Data>
      
            
      <Data Name=""Image"">C:\Windows\System32\WindowsPowerShell\v1.0\powershell.exe</Data>
      
            
      <Data Name=""FileVersion"">10.0.22621.2506 (WinBuild.160101.0800)</Data>
      
            
      <Data Name=""Description"">Windows PowerShell</Data>
      
            
      <Data Name=""Product"">Microsoft&#174; Windows&#174; Operating System</Data>
      
            
      <Data Name=""Company"">Microsoft Corporation</Data>
      
            
      <Data Name=""OriginalFileName"">PowerShell.EXE</Data>
      
            
      <Data Name=""CommandLine"">""powershell.exe"" &amp; {C:\AtomicRedTeam\atomics\T1055.012\bin\x64\CreateProcessWithPipe.exe -program \""""C:\Windows\System32\werfault.exe\"""" -debug}</Data>
      
            
      <Data Name=""CurrentDirectory"">C:\Users\User\AppData\Local\Temp\</Data>
      
            
      <Data Name=""User"">WINDEV2309EVAL\User</Data>
      
            
      <Data Name=""LogonGuid"">{f57bd86a-36f9-658c-7bf8-020000000000}</Data>
      
            
      <Data Name=""LogonId"">0x2f87b</Data>
      
            
      <Data Name=""TerminalSessionId"">1</Data>
      
            
      <Data Name=""IntegrityLevel"">Medium</Data>
      
            
      <Data Name=""Hashes"">MD5=2D1D70C92A419D9079B047954C611886,SHA256=C50057756CDB25D481CF2502ABCEF124F864C27618C5057468BFC6B82B2C4EDD,IMPHASH=E09C4F82A1DA13A09F4FF2E625FEBA20</Data>
      
            
      <Data Name=""ParentProcessGuid"">{00000000-0000-0000-0000-000000000000}</Data>
      
            
      <Data Name=""ParentProcessId"">1688</Data>
      
            
      <Data Name=""ParentImage"">-</Data>
      
            
      <Data Name=""ParentCommandLine"">-</Data>
      
            
      <Data Name=""ParentUser"">-</Data>
      
        
    </EventData>
    
    
  </Event>
  
    
  
"
Microsoft-Windows-Sysmon/Operational,calc,Microsoft Corporation,WinDev2309Eval,,C:\Users\User\AppData\Local\Temp\,Windows Calculator,,1,19584,,10.0.22621.1 (WinBuild.160101.0800),"MD5=2F82623F9523C0D167862CAD0EFF6806,SHA256=9C2C8A8588FE6DB09C09337E78437CB056CD557DB1BCF5240112CBFB7B600EFB,IMPHASH=8EEAA9499666119D13B3F44ECD77A729",C:\Windows\System32\calc.exe,Medium,0x8000000000000000,4,{f57bd86a-36f9-658c-7bf8-020000000000},0x2f87b,0,CALC.EXE,"""C:\Windows\System32\werfault.exe""",C:\Windows\System32\WerFault.exe,{f57bd86a-74b0-658c-c801-000000000f00},9616,WINDEV2309EVAL\User,{f57bd86a-74b0-658c-c901-000000000f00},3588,4032,Microsoft® Windows® Operating System,,,,-,2023-12-27T19:02:08.2103576Z,,,1,1,5124,WINDEV2309EVAL\User,S-1-5-18,2023-12-27 19:02:08.208,5,"<Event xmlns=""http://schemas.microsoft.com/win/2004/08/events/event"">
    
        
    <System>
      
            
      <Provider Name=""Microsoft-Windows-Sysmon"" Guid=""{5770385f-c22a-43e0-bf4c-06f5698ffbd9}""/>
      
            
      <EventID>1</EventID>
      
            
      <Version>5</Version>
      
            
      <Level>4</Level>
      
            
      <Task>1</Task>
      
            
      <Opcode>0</Opcode>
      
            
      <Keywords>0x8000000000000000</Keywords>
      
            
      <TimeCreated SystemTime=""2023-12-27T19:02:08.2103576Z""/>
      
            
      <EventRecordID>19584</EventRecordID>
      
            
      <Correlation/>
      
            
      <Execution ProcessID=""3588"" ThreadID=""5124""/>
      
            
      <Channel>Microsoft-Windows-Sysmon/Operational</Channel>
      
            
      <Computer>WinDev2309Eval</Computer>
      
            
      <Security UserID=""S-1-5-18""/>
      
        
    </System>
    
        
    <EventData>
      
            
      <Data Name=""RuleName"">-</Data>
      
            
      <Data Name=""UtcTime"">2023-12-27 19:02:08.208</Data>
      
            
      <Data Name=""ProcessGuid"">{f57bd86a-74b0-658c-c901-000000000f00}</Data>
      
            
      <Data Name=""ProcessId"">4032</Data>
      
            
      <Data Name=""Image"">C:\Windows\System32\calc.exe</Data>
      
            
      <Data Name=""FileVersion"">10.0.22621.1 (WinBuild.160101.0800)</Data>
      
            
      <Data Name=""Description"">Windows Calculator</Data>
      
            
      <Data Name=""Product"">Microsoft&#174; Windows&#174; Operating System</Data>
      
            
      <Data Name=""Company"">Microsoft Corporation</Data>
      
            
      <Data Name=""OriginalFileName"">CALC.EXE</Data>
      
            
      <Data Name=""CommandLine"">calc</Data>
      
            
      <Data Name=""CurrentDirectory"">C:\Users\User\AppData\Local\Temp\</Data>
      
            
      <Data Name=""User"">WINDEV2309EVAL\User</Data>
      
            
      <Data Name=""LogonGuid"">{f57bd86a-36f9-658c-7bf8-020000000000}</Data>
      
            
      <Data Name=""LogonId"">0x2f87b</Data>
      
            
      <Data Name=""TerminalSessionId"">1</Data>
      
            
      <Data Name=""IntegrityLevel"">Medium</Data>
      
            
      <Data Name=""Hashes"">MD5=2F82623F9523C0D167862CAD0EFF6806,SHA256=9C2C8A8588FE6DB09C09337E78437CB056CD557DB1BCF5240112CBFB7B600EFB,IMPHASH=8EEAA9499666119D13B3F44ECD77A729</Data>
      
            
      <Data Name=""ParentProcessGuid"">{f57bd86a-74b0-658c-c801-000000000f00}</Data>
      
            
      <Data Name=""ParentProcessId"">9616</Data>
      
            
      <Data Name=""ParentImage"">C:\Windows\System32\WerFault.exe</Data>
      
            
      <Data Name=""ParentCommandLine"">""C:\Windows\System32\werfault.exe""</Data>
      
            
      <Data Name=""ParentUser"">WINDEV2309EVAL\User</Data>
      
        
    </EventData>
    
    
  </Event>
  
    
  
"
Microsoft-Windows-Sysmon/Operational,"""C:\Windows\System32\werfault.exe""",Microsoft Corporation,WinDev2309Eval,,C:\Users\User\AppData\Local\Temp\,Windows Problem Reporting,,1,19583,,10.0.22621.2506 (WinBuild.160101.0800),"MD5=2E8B6EEDA1D82904717092AEEDBCFED4,SHA256=EC9D2023F691A6936E2E91EE0FDAF2583A62458BD2C1E75A31D5350B6F25DC0B,IMPHASH=1A3B057EA98DD9C8D80F5748F75EE936",C:\Windows\System32\WerFault.exe,Medium,0x8000000000000000,4,{f57bd86a-36f9-658c-7bf8-020000000000},0x2f87b,0,WerFault.exe,"""C:\AtomicRedTeam\atomics\T1055.012\bin\x64\CreateProcess.exe"" -program C:\Windows\System32\werfault.exe -debug",C:\AtomicRedTeam\atomics\T1055.012\bin\x64\CreateProcess.exe,{f57bd86a-74b0-658c-c701-000000000f00},10048,WINDEV2309EVAL\User,{f57bd86a-74b0-658c-c801-000000000f00},3588,9616,Microsoft® Windows® Operating System,,,,-,2023-12-27T19:02:08.1868516Z,,,1,1,5124,WINDEV2309EVAL\User,S-1-5-18,2023-12-27 19:02:08.178,5,"<Event xmlns=""http://schemas.microsoft.com/win/2004/08/events/event"">
    
        
    <System>
      
            
      <Provider Name=""Microsoft-Windows-Sysmon"" Guid=""{5770385f-c22a-43e0-bf4c-06f5698ffbd9}""/>
      
            
      <EventID>1</EventID>
      
            
      <Version>5</Version>
      
            
      <Level>4</Level>
      
            
      <Task>1</Task>
      
            
      <Opcode>0</Opcode>
      
            
      <Keywords>0x8000000000000000</Keywords>
      
            
      <TimeCreated SystemTime=""2023-12-27T19:02:08.1868516Z""/>
      
            
      <EventRecordID>19583</EventRecordID>
      
            
      <Correlation/>
      
            
      <Execution ProcessID=""3588"" ThreadID=""5124""/>
      
            
      <Channel>Microsoft-Windows-Sysmon/Operational</Channel>
      
            
      <Computer>WinDev2309Eval</Computer>
      
            
      <Security UserID=""S-1-5-18""/>
      
        
    </System>
    
        
    <EventData>
      
            
      <Data Name=""RuleName"">-</Data>
      
            
      <Data Name=""UtcTime"">2023-12-27 19:02:08.178</Data>
      
            
      <Data Name=""ProcessGuid"">{f57bd86a-74b0-658c-c801-000000000f00}</Data>
      
            
      <Data Name=""ProcessId"">9616</Data>
      
            
      <Data Name=""Image"">C:\Windows\System32\WerFault.exe</Data>
      
            
      <Data Name=""FileVersion"">10.0.22621.2506 (WinBuild.160101.0800)</Data>
      
            
      <Data Name=""Description"">Windows Problem Reporting</Data>
      
            
      <Data Name=""Product"">Microsoft&#174; Windows&#174; Operating System</Data>
      
            
      <Data Name=""Company"">Microsoft Corporation</Data>
      
            
      <Data Name=""OriginalFileName"">WerFault.exe</Data>
      
            
      <Data Name=""CommandLine"">""C:\Windows\System32\werfault.exe""</Data>
      
            
      <Data Name=""CurrentDirectory"">C:\Users\User\AppData\Local\Temp\</Data>
      
            
      <Data Name=""User"">WINDEV2309EVAL\User</Data>
      
            
      <Data Name=""LogonGuid"">{f57bd86a-36f9-658c-7bf8-020000000000}</Data>
      
            
      <Data Name=""LogonId"">0x2f87b</Data>
      
            
      <Data Name=""TerminalSessionId"">1</Data>
      
            
      <Data Name=""IntegrityLevel"">Medium</Data>
      
            
      <Data Name=""Hashes"">MD5=2E8B6EEDA1D82904717092AEEDBCFED4,SHA256=EC9D2023F691A6936E2E91EE0FDAF2583A62458BD2C1E75A31D5350B6F25DC0B,IMPHASH=1A3B057EA98DD9C8D80F5748F75EE936</Data>
      
            
      <Data Name=""ParentProcessGuid"">{f57bd86a-74b0-658c-c701-000000000f00}</Data>
      
            
      <Data Name=""ParentProcessId"">10048</Data>
      
            
      <Data Name=""ParentImage"">C:\AtomicRedTeam\atomics\T1055.012\bin\x64\CreateProcess.exe</Data>
      
            
      <Data Name=""ParentCommandLine"">""C:\AtomicRedTeam\atomics\T1055.012\bin\x64\CreateProcess.exe"" -program C:\Windows\System32\werfault.exe -debug</Data>
      
            
      <Data Name=""ParentUser"">WINDEV2309EVAL\User</Data>
      
        
    </EventData>
    
    
  </Event>
  
    
  
"
Microsoft-Windows-Sysmon/Operational,"""C:\AtomicRedTeam\atomics\T1055.012\bin\x64\CreateProcess.exe"" -program C:\Windows\System32\werfault.exe -debug",-,WinDev2309Eval,,C:\Users\User\AppData\Local\Temp\,-,,1,19582,,-,"MD5=38C326844D3DAEC69CE059D225B50243,SHA256=0527815730C76A7FBF5F109199E24F1215E59275581861D3EE904A5A6ECF1B65,IMPHASH=4F2F006E2ECF7172AD368F8289DC96C1",C:\AtomicRedTeam\atomics\T1055.012\bin\x64\CreateProcess.exe,Medium,0x8000000000000000,4,{f57bd86a-36f9-658c-7bf8-020000000000},0x2f87b,0,-,"""powershell.exe"" & {C:\AtomicRedTeam\atomics\T1055.012\bin\x64\CreateProcess.exe -program \""""C:\Windows\System32\werfault.exe\"""" -debug}",C:\Windows\System32\WindowsPowerShell\v1.0\powershell.exe,{f57bd86a-74ae-658c-c501-000000000f00},10524,WINDEV2309EVAL\User,{f57bd86a-74b0-658c-c701-000000000f00},3588,10048,-,,,,-,2023-12-27T19:02:08.1506790Z,,,1,1,5124,WINDEV2309EVAL\User,S-1-5-18,2023-12-27 19:02:08.135,5,"<Event xmlns=""http://schemas.microsoft.com/win/2004/08/events/event"">
    
        
    <System>
      
            
      <Provider Name=""Microsoft-Windows-Sysmon"" Guid=""{5770385f-c22a-43e0-bf4c-06f5698ffbd9}""/>
      
            
      <EventID>1</EventID>
      
            
      <Version>5</Version>
      
            
      <Level>4</Level>
      
            
      <Task>1</Task>
      
            
      <Opcode>0</Opcode>
      
            
      <Keywords>0x8000000000000000</Keywords>
      
            
      <TimeCreated SystemTime=""2023-12-27T19:02:08.1506790Z""/>
      
            
      <EventRecordID>19582</EventRecordID>
      
            
      <Correlation/>
      
            
      <Execution ProcessID=""3588"" ThreadID=""5124""/>
      
            
      <Channel>Microsoft-Windows-Sysmon/Operational</Channel>
      
            
      <Computer>WinDev2309Eval</Computer>
      
            
      <Security UserID=""S-1-5-18""/>
      
        
    </System>
    
        
    <EventData>
      
            
      <Data Name=""RuleName"">-</Data>
      
            
      <Data Name=""UtcTime"">2023-12-27 19:02:08.135</Data>
      
            
      <Data Name=""ProcessGuid"">{f57bd86a-74b0-658c-c701-000000000f00}</Data>
      
            
      <Data Name=""ProcessId"">10048</Data>
      
            
      <Data Name=""Image"">C:\AtomicRedTeam\atomics\T1055.012\bin\x64\CreateProcess.exe</Data>
      
            
      <Data Name=""FileVersion"">-</Data>
      
            
      <Data Name=""Description"">-</Data>
      
            
      <Data Name=""Product"">-</Data>
      
            
      <Data Name=""Company"">-</Data>
      
            
      <Data Name=""OriginalFileName"">-</Data>
      
            
      <Data Name=""CommandLine"">""C:\AtomicRedTeam\atomics\T1055.012\bin\x64\CreateProcess.exe"" -program C:\Windows\System32\werfault.exe -debug</Data>
      
            
      <Data Name=""CurrentDirectory"">C:\Users\User\AppData\Local\Temp\</Data>
      
            
      <Data Name=""User"">WINDEV2309EVAL\User</Data>
      
            
      <Data Name=""LogonGuid"">{f57bd86a-36f9-658c-7bf8-020000000000}</Data>
      
            
      <Data Name=""LogonId"">0x2f87b</Data>
      
            
      <Data Name=""TerminalSessionId"">1</Data>
      
            
      <Data Name=""IntegrityLevel"">Medium</Data>
      
            
      <Data Name=""Hashes"">MD5=38C326844D3DAEC69CE059D225B50243,SHA256=0527815730C76A7FBF5F109199E24F1215E59275581861D3EE904A5A6ECF1B65,IMPHASH=4F2F006E2ECF7172AD368F8289DC96C1</Data>
      
            
      <Data Name=""ParentProcessGuid"">{f57bd86a-74ae-658c-c501-000000000f00}</Data>
      
            
      <Data Name=""ParentProcessId"">10524</Data>
      
            
      <Data Name=""ParentImage"">C:\Windows\System32\WindowsPowerShell\v1.0\powershell.exe</Data>
      
            
      <Data Name=""ParentCommandLine"">""powershell.exe"" &amp; {C:\AtomicRedTeam\atomics\T1055.012\bin\x64\CreateProcess.exe -program \""""C:\Windows\System32\werfault.exe\"""" -debug}</Data>
      
            
      <Data Name=""ParentUser"">WINDEV2309EVAL\User</Data>
      
        
    </EventData>
    
    
  </Event>
  
    
  
"
Microsoft-Windows-Sysmon/Operational,,,WinDev2309Eval,2023-12-27 19:02:07.093,,,,11,19581,,,,C:\Windows\System32\WindowsPowerShell\v1.0\powershell.exe,,0x8000000000000000,4,,,0,,,,,,,{f57bd86a-74ae-658c-c501-000000000f00},3588,10524,,,,,-,2023-12-27T19:02:07.0961316Z,C:\Users\User\AppData\Local\Temp\__PSScriptPolicyTest_z41gzaq2.i4r.ps1,,11,,5124,WINDEV2309EVAL\User,S-1-5-18,2023-12-27 19:02:07.093,2,"<Event xmlns=""http://schemas.microsoft.com/win/2004/08/events/event"">
    
        
    <System>
      
            
      <Provider Name=""Microsoft-Windows-Sysmon"" Guid=""{5770385f-c22a-43e0-bf4c-06f5698ffbd9}""/>
      
            
      <EventID>11</EventID>
      
            
      <Version>2</Version>
      
            
      <Level>4</Level>
      
            
      <Task>11</Task>
      
            
      <Opcode>0</Opcode>
      
            
      <Keywords>0x8000000000000000</Keywords>
      
            
      <TimeCreated SystemTime=""2023-12-27T19:02:07.0961316Z""/>
      
            
      <EventRecordID>19581</EventRecordID>
      
            
      <Correlation/>
      
            
      <Execution ProcessID=""3588"" ThreadID=""5124""/>
      
            
      <Channel>Microsoft-Windows-Sysmon/Operational</Channel>
      
            
      <Computer>WinDev2309Eval</Computer>
      
            
      <Security UserID=""S-1-5-18""/>
      
        
    </System>
    
        
    <EventData>
      
            
      <Data Name=""RuleName"">-</Data>
      
            
      <Data Name=""UtcTime"">2023-12-27 19:02:07.093</Data>
      
            
      <Data Name=""ProcessGuid"">{f57bd86a-74ae-658c-c501-000000000f00}</Data>
      
            
      <Data Name=""ProcessId"">10524</Data>
      
            
      <Data Name=""Image"">C:\Windows\System32\WindowsPowerShell\v1.0\powershell.exe</Data>
      
            
      <Data Name=""TargetFilename"">C:\Users\User\AppData\Local\Temp\__PSScriptPolicyTest_z41gzaq2.i4r.ps1</Data>
      
            
      <Data Name=""CreationUtcTime"">2023-12-27 19:02:07.093</Data>
      
            
      <Data Name=""User"">WINDEV2309EVAL\User</Data>
      
        
    </EventData>
    
    
  </Event>
  
    
  
"
Microsoft-Windows-Sysmon/Operational,"""powershell.exe"" & {C:\AtomicRedTeam\atomics\T1055.012\bin\x64\CreateProcess.exe -program \""""C:\Windows\System32\werfault.exe\"""" -debug}",Microsoft Corporation,WinDev2309Eval,,C:\Users\User\AppData\Local\Temp\,Windows PowerShell,,1,19580,,10.0.22621.2506 (WinBuild.160101.0800),"MD5=2D1D70C92A419D9079B047954C611886,SHA256=C50057756CDB25D481CF2502ABCEF124F864C27618C5057468BFC6B82B2C4EDD,IMPHASH=E09C4F82A1DA13A09F4FF2E625FEBA20",C:\Windows\System32\WindowsPowerShell\v1.0\powershell.exe,Medium,0x8000000000000000,4,{f57bd86a-36f9-658c-7bf8-020000000000},0x2f87b,0,PowerShell.EXE,-,-,{00000000-0000-0000-0000-000000000000},1688,-,{f57bd86a-74ae-658c-c501-000000000f00},3588,10524,Microsoft® Windows® Operating System,,,,-,2023-12-27T19:02:06.9892301Z,,,1,1,5124,WINDEV2309EVAL\User,S-1-5-18,2023-12-27 19:02:06.988,5,"<Event xmlns=""http://schemas.microsoft.com/win/2004/08/events/event"">
    
        
    <System>
      
            
      <Provider Name=""Microsoft-Windows-Sysmon"" Guid=""{5770385f-c22a-43e0-bf4c-06f5698ffbd9}""/>
      
            
      <EventID>1</EventID>
      
            
      <Version>5</Version>
      
            
      <Level>4</Level>
      
            
      <Task>1</Task>
      
            
      <Opcode>0</Opcode>
      
            
      <Keywords>0x8000000000000000</Keywords>
      
            
      <TimeCreated SystemTime=""2023-12-27T19:02:06.9892301Z""/>
      
            
      <EventRecordID>19580</EventRecordID>
      
            
      <Correlation/>
      
            
      <Execution ProcessID=""3588"" ThreadID=""5124""/>
      
            
      <Channel>Microsoft-Windows-Sysmon/Operational</Channel>
      
            
      <Computer>WinDev2309Eval</Computer>
      
            
      <Security UserID=""S-1-5-18""/>
      
        
    </System>
    
        
    <EventData>
      
            
      <Data Name=""RuleName"">-</Data>
      
            
      <Data Name=""UtcTime"">2023-12-27 19:02:06.988</Data>
      
            
      <Data Name=""ProcessGuid"">{f57bd86a-74ae-658c-c501-000000000f00}</Data>
      
            
      <Data Name=""ProcessId"">10524</Data>
      
            
      <Data Name=""Image"">C:\Windows\System32\WindowsPowerShell\v1.0\powershell.exe</Data>
      
            
      <Data Name=""FileVersion"">10.0.22621.2506 (WinBuild.160101.0800)</Data>
      
            
      <Data Name=""Description"">Windows PowerShell</Data>
      
            
      <Data Name=""Product"">Microsoft&#174; Windows&#174; Operating System</Data>
      
            
      <Data Name=""Company"">Microsoft Corporation</Data>
      
            
      <Data Name=""OriginalFileName"">PowerShell.EXE</Data>
      
            
      <Data Name=""CommandLine"">""powershell.exe"" &amp; {C:\AtomicRedTeam\atomics\T1055.012\bin\x64\CreateProcess.exe -program \""""C:\Windows\System32\werfault.exe\"""" -debug}</Data>
      
            
      <Data Name=""CurrentDirectory"">C:\Users\User\AppData\Local\Temp\</Data>
      
            
      <Data Name=""User"">WINDEV2309EVAL\User</Data>
      
            
      <Data Name=""LogonGuid"">{f57bd86a-36f9-658c-7bf8-020000000000}</Data>
      
            
      <Data Name=""LogonId"">0x2f87b</Data>
      
            
      <Data Name=""TerminalSessionId"">1</Data>
      
            
      <Data Name=""IntegrityLevel"">Medium</Data>
      
            
      <Data Name=""Hashes"">MD5=2D1D70C92A419D9079B047954C611886,SHA256=C50057756CDB25D481CF2502ABCEF124F864C27618C5057468BFC6B82B2C4EDD,IMPHASH=E09C4F82A1DA13A09F4FF2E625FEBA20</Data>
      
            
      <Data Name=""ParentProcessGuid"">{00000000-0000-0000-0000-000000000000}</Data>
      
            
      <Data Name=""ParentProcessId"">1688</Data>
      
            
      <Data Name=""ParentImage"">-</Data>
      
            
      <Data Name=""ParentCommandLine"">-</Data>
      
            
      <Data Name=""ParentUser"">-</Data>
      
        
    </EventData>
    
    
  </Event>
  
    
  
"
Microsoft-Windows-Sysmon/Operational,,,WinDev2309Eval,,,,,22,19579,,,,C:\Windows\System32\WindowsPowerShell\v1.0\powershell.exe,,0x8000000000000000,4,,,0,,,,,,,{f57bd86a-74ac-658c-c301-000000000f00},3588,10972,,raw.githubusercontent.com,::ffff:185.199.108.133;::ffff:185.199.111.133;::ffff:185.199.110.133;::ffff:185.199.109.133;,0,-,2023-12-27T19:02:06.6418609Z,,,22,,5164,WINDEV2309EVAL\User,S-1-5-18,2023-12-27 14:52:05.641,5,"<Event xmlns=""http://schemas.microsoft.com/win/2004/08/events/event"">
    
        
    <System>
      
            
      <Provider Name=""Microsoft-Windows-Sysmon"" Guid=""{5770385f-c22a-43e0-bf4c-06f5698ffbd9}""/>
      
            
      <EventID>22</EventID>
      
            
      <Version>5</Version>
      
            
      <Level>4</Level>
      
            
      <Task>22</Task>
      
            
      <Opcode>0</Opcode>
      
            
      <Keywords>0x8000000000000000</Keywords>
      
            
      <TimeCreated SystemTime=""2023-12-27T19:02:06.6418609Z""/>
      
            
      <EventRecordID>19579</EventRecordID>
      
            
      <Correlation/>
      
            
      <Execution ProcessID=""3588"" ThreadID=""5164""/>
      
            
      <Channel>Microsoft-Windows-Sysmon/Operational</Channel>
      
            
      <Computer>WinDev2309Eval</Computer>
      
            
      <Security UserID=""S-1-5-18""/>
      
        
    </System>
    
        
    <EventData>
      
            
      <Data Name=""RuleName"">-</Data>
      
            
      <Data Name=""UtcTime"">2023-12-27 14:52:05.641</Data>
      
            
      <Data Name=""ProcessGuid"">{f57bd86a-74ac-658c-c301-000000000f00}</Data>
      
            
      <Data Name=""ProcessId"">10972</Data>
      
            
      <Data Name=""QueryName"">raw.githubusercontent.com</Data>
      
            
      <Data Name=""QueryStatus"">0</Data>
      
            
      <Data Name=""QueryResults"">::ffff:185.199.108.133;::ffff:185.199.111.133;::ffff:185.199.110.133;::ffff:185.199.109.133;</Data>
      
            
      <Data Name=""Image"">C:\Windows\System32\WindowsPowerShell\v1.0\powershell.exe</Data>
      
            
      <Data Name=""User"">WINDEV2309EVAL\User</Data>
      
        
    </EventData>
    
    
  </Event>
  
    
  
"
