Microsoft-Windows-Sysmon/Operational,"""C:\Program Files\Windows NT\Accessories\wordpad.exe"" /p
                C:\AtomicRedTeam\atomics\..\ExternalPayloads\T1059_003note.txt",Microsoft Corporation,WinDev2309Eval,,C:\Users\User\AppData\Local\Temp\,Windows Wordpad Application,,1,19587,,10.0.22621.2861 (WinBuild.160101.0800),"
                MD5=463E4F3EF0E69443D88F8BC47670204A,SHA256=1FA4DF9D7D58695FA9930876F4E771AE500D043282A398FA3600FD6660C83E70,IMPHASH=53D023B3A55A3CC9CED17D7D122AA827",C:\Program Files\Windows NT\Accessories\wordpad.exe,Medium,0x8000000000000000,Information,{f57bd86a-36f9-658c-7bf8-020000000000},0x2f87b,"Process Create:

RuleName: -

UtcTime: 2023-12-27
                19:31:05.137

ProcessGuid:
                {f57bd86a-7b79-658c-ce01-000000000f00}

ProcessId: 3692

Image:
                C:\Program Files\Windows NT\Accessories\wordpad.exe

FileVersion:
                10.0.22621.2861 (WinBuild.160101.0800)

Description: Windows Wordpad
                Application

Product: Microsoft速 Windows速 Operating System

Company:
                Microsoft Corporation

OriginalFileName: WORDPAD.EXE

CommandLine:
                ""C:\Program Files\Windows NT\Accessories\wordpad.exe"" /p
                C:\AtomicRedTeam\atomics\..\ExternalPayloads\T1059_003note.txt

CurrentDirectory:
                C:\Users\User\AppData\Local\Temp\

User:
                WINDEV2309EVAL\User

LogonGuid:
                {f57bd86a-36f9-658c-7bf8-020000000000}

LogonId:
                0x2F87B

TerminalSessionId: 1

IntegrityLevel:
                Medium

Hashes:
                MD5=463E4F3EF0E69443D88F8BC47670204A,SHA256=1FA4DF9D7D58695FA9930876F4E771AE500D043282A398FA3600FD6660C83E70,IMPHASH=53D023B3A55A3CC9CED17D7D122AA827

ParentProcessGuid:
                {f57bd86a-7b78-658c-c601-000000000f00}

ParentProcessId:
                8316

ParentImage: C:\Windows\System32\cmd.exe

ParentCommandLine:
                ""C:\Windows\system32\cmd.exe"" /c ""for /l %x in (1,1,75) do start wordpad.exe /p
                C:\AtomicRedTeam\atomics\..\ExternalPayloads\T1059_003note.txt""

ParentUser:
                WINDEV2309EVAL\User",Info,WORDPAD.EXE,"""C:\Windows\system32\cmd.exe"" /c ""for /l %x in (1,1,75)
                do start wordpad.exe /p
                C:\AtomicRedTeam\atomics\..\ExternalPayloads\T1059_003note.txt""",C:\Windows\System32\cmd.exe,{f57bd86a-7b78-658c-c601-000000000f00},8316,WINDEV2309EVAL\User,{f57bd86a-7b79-658c-ce01-000000000f00},3588,3692,Microsoft速 Windows速 Operating System,,,,"
      
            
      ",-,2023-12-27T19:31:05.1385671Z,,,Process Create (rule: ProcessCreate),1,5124,WINDEV2309EVAL\User,S-1-5-18,2023-12-27 19:31:05.137,5,"<Event xmlns=""http://schemas.microsoft.com/win/2004/08/events/event"">
    
        
    <System>
      
            
      <Provider Name=""Microsoft-Windows-Sysmon"" Guid=""{5770385f-c22a-43e0-bf4c-06f5698ffbd9}""/>
      
            
      <EventID>1</EventID>
      
            
      <Version>5</Version>
      
            
      <Level>4</Level>
      
            
      <Task>1</Task>
      
            
      <Opcode>0</Opcode>
      
            
      <Keywords>0x8000000000000000</Keywords>
      
            
      <TimeCreated SystemTime=""2023-12-27T19:31:05.1385671Z""/>
      
            
      <EventRecordID>19587</EventRecordID>
      
            
      <Correlation/>
      
            
      <Execution ProcessID=""3588"" ThreadID=""5124""/>
      
            
      <Channel>Microsoft-Windows-Sysmon/Operational</Channel>
      
            
      <Computer>WinDev2309Eval</Computer>
      
            
      <Security UserID=""S-1-5-18""/>
      
        
    </System>
    
        
    <EventData>
      
            
      <Data Name=""RuleName"">-</Data>
      
            
      <Data Name=""UtcTime"">2023-12-27 19:31:05.137</Data>
      
            
      <Data Name=""ProcessGuid"">{f57bd86a-7b79-658c-ce01-000000000f00}</Data>
      
            
      <Data Name=""ProcessId"">3692</Data>
      
            
      <Data Name=""Image"">C:\Program Files\Windows NT\Accessories\wordpad.exe</Data>
      
            
      <Data Name=""FileVersion"">10.0.22621.2861 (WinBuild.160101.0800)</Data>
      
            
      <Data Name=""Description"">Windows Wordpad Application</Data>
      
            
      <Data Name=""Product"">Microsoft&#174; Windows&#174; Operating System</Data>
      
            
      <Data Name=""Company"">Microsoft Corporation</Data>
      
            
      <Data Name=""OriginalFileName"">WORDPAD.EXE</Data>
      
            
      <Data Name=""CommandLine"">""C:\Program Files\Windows NT\Accessories\wordpad.exe"" /p
                C:\AtomicRedTeam\atomics\..\ExternalPayloads\T1059_003note.txt</Data>
      
            
      <Data Name=""CurrentDirectory"">C:\Users\User\AppData\Local\Temp\</Data>
      
            
      <Data Name=""User"">WINDEV2309EVAL\User</Data>
      
            
      <Data Name=""LogonGuid"">{f57bd86a-36f9-658c-7bf8-020000000000}</Data>
      
            
      <Data Name=""LogonId"">0x2f87b</Data>
      
            
      <Data Name=""TerminalSessionId"">1</Data>
      
            
      <Data Name=""IntegrityLevel"">Medium</Data>
      
            
      <Data Name=""Hashes"">
                MD5=463E4F3EF0E69443D88F8BC47670204A,SHA256=1FA4DF9D7D58695FA9930876F4E771AE500D043282A398FA3600FD6660C83E70,IMPHASH=53D023B3A55A3CC9CED17D7D122AA827</Data>
      
            
      <Data Name=""ParentProcessGuid"">{f57bd86a-7b78-658c-c601-000000000f00}</Data>
      
            
      <Data Name=""ParentProcessId"">8316</Data>
      
            
      <Data Name=""ParentImage"">C:\Windows\System32\cmd.exe</Data>
      
            
      <Data Name=""ParentCommandLine"">""C:\Windows\system32\cmd.exe"" /c ""for /l %x in (1,1,75)
                do start wordpad.exe /p
                C:\AtomicRedTeam\atomics\..\ExternalPayloads\T1059_003note.txt""</Data>
      
            
      <Data Name=""ParentUser"">WINDEV2309EVAL\User</Data>
      
        
    </EventData>
    
        
    <RenderingInfo Culture=""en-US"">
      
            
      <Message>Process Create:

RuleName: -

UtcTime: 2023-12-27
                19:31:05.137

ProcessGuid:
                {f57bd86a-7b79-658c-ce01-000000000f00}

ProcessId: 3692

Image:
                C:\Program Files\Windows NT\Accessories\wordpad.exe

FileVersion:
                10.0.22621.2861 (WinBuild.160101.0800)

Description: Windows Wordpad
                Application

Product: Microsoft&#174; Windows&#174; Operating System

Company:
                Microsoft Corporation

OriginalFileName: WORDPAD.EXE

CommandLine:
                ""C:\Program Files\Windows NT\Accessories\wordpad.exe"" /p
                C:\AtomicRedTeam\atomics\..\ExternalPayloads\T1059_003note.txt

CurrentDirectory:
                C:\Users\User\AppData\Local\Temp\

User:
                WINDEV2309EVAL\User

LogonGuid:
                {f57bd86a-36f9-658c-7bf8-020000000000}

LogonId:
                0x2F87B

TerminalSessionId: 1

IntegrityLevel:
                Medium

Hashes:
                MD5=463E4F3EF0E69443D88F8BC47670204A,SHA256=1FA4DF9D7D58695FA9930876F4E771AE500D043282A398FA3600FD6660C83E70,IMPHASH=53D023B3A55A3CC9CED17D7D122AA827

ParentProcessGuid:
                {f57bd86a-7b78-658c-c601-000000000f00}

ParentProcessId:
                8316

ParentImage: C:\Windows\System32\cmd.exe

ParentCommandLine:
                ""C:\Windows\system32\cmd.exe"" /c ""for /l %x in (1,1,75) do start wordpad.exe /p
                C:\AtomicRedTeam\atomics\..\ExternalPayloads\T1059_003note.txt""

ParentUser:
                WINDEV2309EVAL\User</Message>
      
            
      <Level>Information</Level>
      
            
      <Task>Process Create (rule: ProcessCreate)</Task>
      
            
      <Opcode>Info</Opcode>
      
        
    </RenderingInfo>
    
    
  </Event>
  
    
  
"
Microsoft-Windows-Sysmon/Operational,"""C:\Program Files\Windows NT\Accessories\wordpad.exe"" /p
                C:\AtomicRedTeam\atomics\..\ExternalPayloads\T1059_003note.txt",Microsoft Corporation,WinDev2309Eval,,C:\Users\User\AppData\Local\Temp\,Windows Wordpad Application,,1,19586,,10.0.22621.2861 (WinBuild.160101.0800),"
                MD5=463E4F3EF0E69443D88F8BC47670204A,SHA256=1FA4DF9D7D58695FA9930876F4E771AE500D043282A398FA3600FD6660C83E70,IMPHASH=53D023B3A55A3CC9CED17D7D122AA827",C:\Program Files\Windows NT\Accessories\wordpad.exe,Medium,0x8000000000000000,Information,{f57bd86a-36f9-658c-7bf8-020000000000},0x2f87b,"Process Create:

RuleName: -

UtcTime: 2023-12-27
                19:31:05.109

ProcessGuid:
                {f57bd86a-7b79-658c-cd01-000000000f00}

ProcessId: 10652

Image:
                C:\Program Files\Windows NT\Accessories\wordpad.exe

FileVersion:
                10.0.22621.2861 (WinBuild.160101.0800)

Description: Windows Wordpad
                Application

Product: Microsoft速 Windows速 Operating System

Company:
                Microsoft Corporation

OriginalFileName: WORDPAD.EXE

CommandLine:
                ""C:\Program Files\Windows NT\Accessories\wordpad.exe"" /p
                C:\AtomicRedTeam\atomics\..\ExternalPayloads\T1059_003note.txt

CurrentDirectory:
                C:\Users\User\AppData\Local\Temp\

User:
                WINDEV2309EVAL\User

LogonGuid:
                {f57bd86a-36f9-658c-7bf8-020000000000}

LogonId:
                0x2F87B

TerminalSessionId: 1

IntegrityLevel:
                Medium

Hashes:
                MD5=463E4F3EF0E69443D88F8BC47670204A,SHA256=1FA4DF9D7D58695FA9930876F4E771AE500D043282A398FA3600FD6660C83E70,IMPHASH=53D023B3A55A3CC9CED17D7D122AA827

ParentProcessGuid:
                {f57bd86a-7b78-658c-c601-000000000f00}

ParentProcessId:
                8316

ParentImage: C:\Windows\System32\cmd.exe

ParentCommandLine:
                ""C:\Windows\system32\cmd.exe"" /c ""for /l %x in (1,1,75) do start wordpad.exe /p
                C:\AtomicRedTeam\atomics\..\ExternalPayloads\T1059_003note.txt""

ParentUser:
                WINDEV2309EVAL\User",Info,WORDPAD.EXE,"""C:\Windows\system32\cmd.exe"" /c ""for /l %x in (1,1,75)
                do start wordpad.exe /p
                C:\AtomicRedTeam\atomics\..\ExternalPayloads\T1059_003note.txt""",C:\Windows\System32\cmd.exe,{f57bd86a-7b78-658c-c601-000000000f00},8316,WINDEV2309EVAL\User,{f57bd86a-7b79-658c-cd01-000000000f00},3588,10652,Microsoft速 Windows速 Operating System,,,,"
      
            
      ",-,2023-12-27T19:31:05.1134600Z,,,Process Create (rule: ProcessCreate),1,5124,WINDEV2309EVAL\User,S-1-5-18,2023-12-27 19:31:05.109,5,"<Event xmlns=""http://schemas.microsoft.com/win/2004/08/events/event"">
    
        
    <System>
      
            
      <Provider Name=""Microsoft-Windows-Sysmon"" Guid=""{5770385f-c22a-43e0-bf4c-06f5698ffbd9}""/>
      
            
      <EventID>1</EventID>
      
            
      <Version>5</Version>
      
            
      <Level>4</Level>
      
            
      <Task>1</Task>
      
            
      <Opcode>0</Opcode>
      
            
      <Keywords>0x8000000000000000</Keywords>
      
            
      <TimeCreated SystemTime=""2023-12-27T19:31:05.1134600Z""/>
      
            
      <EventRecordID>19586</EventRecordID>
      
            
      <Correlation/>
      
            
      <Execution ProcessID=""3588"" ThreadID=""5124""/>
      
            
      <Channel>Microsoft-Windows-Sysmon/Operational</Channel>
      
            
      <Computer>WinDev2309Eval</Computer>
      
            
      <Security UserID=""S-1-5-18""/>
      
        
    </System>
    
        
    <EventData>
      
            
      <Data Name=""RuleName"">-</Data>
      
            
      <Data Name=""UtcTime"">2023-12-27 19:31:05.109</Data>
      
            
      <Data Name=""ProcessGuid"">{f57bd86a-7b79-658c-cd01-000000000f00}</Data>
      
            
      <Data Name=""ProcessId"">10652</Data>
      
            
      <Data Name=""Image"">C:\Program Files\Windows NT\Accessories\wordpad.exe</Data>
      
            
      <Data Name=""FileVersion"">10.0.22621.2861 (WinBuild.160101.0800)</Data>
      
            
      <Data Name=""Description"">Windows Wordpad Application</Data>
      
            
      <Data Name=""Product"">Microsoft&#174; Windows&#174; Operating System</Data>
      
            
      <Data Name=""Company"">Microsoft Corporation</Data>
      
            
      <Data Name=""OriginalFileName"">WORDPAD.EXE</Data>
      
            
      <Data Name=""CommandLine"">""C:\Program Files\Windows NT\Accessories\wordpad.exe"" /p
                C:\AtomicRedTeam\atomics\..\ExternalPayloads\T1059_003note.txt</Data>
      
            
      <Data Name=""CurrentDirectory"">C:\Users\User\AppData\Local\Temp\</Data>
      
            
      <Data Name=""User"">WINDEV2309EVAL\User</Data>
      
            
      <Data Name=""LogonGuid"">{f57bd86a-36f9-658c-7bf8-020000000000}</Data>
      
            
      <Data Name=""LogonId"">0x2f87b</Data>
      
            
      <Data Name=""TerminalSessionId"">1</Data>
      
            
      <Data Name=""IntegrityLevel"">Medium</Data>
      
            
      <Data Name=""Hashes"">
                MD5=463E4F3EF0E69443D88F8BC47670204A,SHA256=1FA4DF9D7D58695FA9930876F4E771AE500D043282A398FA3600FD6660C83E70,IMPHASH=53D023B3A55A3CC9CED17D7D122AA827</Data>
      
            
      <Data Name=""ParentProcessGuid"">{f57bd86a-7b78-658c-c601-000000000f00}</Data>
      
            
      <Data Name=""ParentProcessId"">8316</Data>
      
            
      <Data Name=""ParentImage"">C:\Windows\System32\cmd.exe</Data>
      
            
      <Data Name=""ParentCommandLine"">""C:\Windows\system32\cmd.exe"" /c ""for /l %x in (1,1,75)
                do start wordpad.exe /p
                C:\AtomicRedTeam\atomics\..\ExternalPayloads\T1059_003note.txt""</Data>
      
            
      <Data Name=""ParentUser"">WINDEV2309EVAL\User</Data>
      
        
    </EventData>
    
        
    <RenderingInfo Culture=""en-US"">
      
            
      <Message>Process Create:

RuleName: -

UtcTime: 2023-12-27
                19:31:05.109

ProcessGuid:
                {f57bd86a-7b79-658c-cd01-000000000f00}

ProcessId: 10652

Image:
                C:\Program Files\Windows NT\Accessories\wordpad.exe

FileVersion:
                10.0.22621.2861 (WinBuild.160101.0800)

Description: Windows Wordpad
                Application

Product: Microsoft&#174; Windows&#174; Operating System

Company:
                Microsoft Corporation

OriginalFileName: WORDPAD.EXE

CommandLine:
                ""C:\Program Files\Windows NT\Accessories\wordpad.exe"" /p
                C:\AtomicRedTeam\atomics\..\ExternalPayloads\T1059_003note.txt

CurrentDirectory:
                C:\Users\User\AppData\Local\Temp\

User:
                WINDEV2309EVAL\User

LogonGuid:
                {f57bd86a-36f9-658c-7bf8-020000000000}

LogonId:
                0x2F87B

TerminalSessionId: 1

IntegrityLevel:
                Medium

Hashes:
                MD5=463E4F3EF0E69443D88F8BC47670204A,SHA256=1FA4DF9D7D58695FA9930876F4E771AE500D043282A398FA3600FD6660C83E70,IMPHASH=53D023B3A55A3CC9CED17D7D122AA827

ParentProcessGuid:
                {f57bd86a-7b78-658c-c601-000000000f00}

ParentProcessId:
                8316

ParentImage: C:\Windows\System32\cmd.exe

ParentCommandLine:
                ""C:\Windows\system32\cmd.exe"" /c ""for /l %x in (1,1,75) do start wordpad.exe /p
                C:\AtomicRedTeam\atomics\..\ExternalPayloads\T1059_003note.txt""

ParentUser:
                WINDEV2309EVAL\User</Message>
      
            
      <Level>Information</Level>
      
            
      <Task>Process Create (rule: ProcessCreate)</Task>
      
            
      <Opcode>Info</Opcode>
      
        
    </RenderingInfo>
    
    
  </Event>
  
    
  
"
Microsoft-Windows-Sysmon/Operational,"""C:\Program Files\Windows NT\Accessories\wordpad.exe"" /p
                C:\AtomicRedTeam\atomics\..\ExternalPayloads\T1059_003note.txt",Microsoft Corporation,WinDev2309Eval,,C:\Users\User\AppData\Local\Temp\,Windows Wordpad Application,,1,19585,,10.0.22621.2861 (WinBuild.160101.0800),"
                MD5=463E4F3EF0E69443D88F8BC47670204A,SHA256=1FA4DF9D7D58695FA9930876F4E771AE500D043282A398FA3600FD6660C83E70,IMPHASH=53D023B3A55A3CC9CED17D7D122AA827",C:\Program Files\Windows NT\Accessories\wordpad.exe,Medium,0x8000000000000000,Information,{f57bd86a-36f9-658c-7bf8-020000000000},0x2f87b,"Process Create:

RuleName: -

UtcTime: 2023-12-27
                19:31:05.059

ProcessGuid:
                {f57bd86a-7b79-658c-cc01-000000000f00}

ProcessId: 11232

Image:
                C:\Program Files\Windows NT\Accessories\wordpad.exe

FileVersion:
                10.0.22621.2861 (WinBuild.160101.0800)

Description: Windows Wordpad
                Application

Product: Microsoft速 Windows速 Operating System

Company:
                Microsoft Corporation

OriginalFileName: WORDPAD.EXE

CommandLine:
                ""C:\Program Files\Windows NT\Accessories\wordpad.exe"" /p
                C:\AtomicRedTeam\atomics\..\ExternalPayloads\T1059_003note.txt

CurrentDirectory:
                C:\Users\User\AppData\Local\Temp\

User:
                WINDEV2309EVAL\User

LogonGuid:
                {f57bd86a-36f9-658c-7bf8-020000000000}

LogonId:
                0x2F87B

TerminalSessionId: 1

IntegrityLevel:
                Medium

Hashes:
                MD5=463E4F3EF0E69443D88F8BC47670204A,SHA256=1FA4DF9D7D58695FA9930876F4E771AE500D043282A398FA3600FD6660C83E70,IMPHASH=53D023B3A55A3CC9CED17D7D122AA827

ParentProcessGuid:
                {f57bd86a-7b78-658c-c601-000000000f00}

ParentProcessId:
                8316

ParentImage: C:\Windows\System32\cmd.exe

ParentCommandLine:
                ""C:\Windows\system32\cmd.exe"" /c ""for /l %x in (1,1,75) do start wordpad.exe /p
                C:\AtomicRedTeam\atomics\..\ExternalPayloads\T1059_003note.txt""

ParentUser:
                WINDEV2309EVAL\User",Info,WORDPAD.EXE,"""C:\Windows\system32\cmd.exe"" /c ""for /l %x in (1,1,75)
                do start wordpad.exe /p
                C:\AtomicRedTeam\atomics\..\ExternalPayloads\T1059_003note.txt""",C:\Windows\System32\cmd.exe,{f57bd86a-7b78-658c-c601-000000000f00},8316,WINDEV2309EVAL\User,{f57bd86a-7b79-658c-cc01-000000000f00},3588,11232,Microsoft速 Windows速 Operating System,,,,"
      
            
      ",-,2023-12-27T19:31:05.0605111Z,,,Process Create (rule: ProcessCreate),1,5124,WINDEV2309EVAL\User,S-1-5-18,2023-12-27 19:31:05.059,5,"<Event xmlns=""http://schemas.microsoft.com/win/2004/08/events/event"">
    
        
    <System>
      
            
      <Provider Name=""Microsoft-Windows-Sysmon"" Guid=""{5770385f-c22a-43e0-bf4c-06f5698ffbd9}""/>
      
            
      <EventID>1</EventID>
      
            
      <Version>5</Version>
      
            
      <Level>4</Level>
      
            
      <Task>1</Task>
      
            
      <Opcode>0</Opcode>
      
            
      <Keywords>0x8000000000000000</Keywords>
      
            
      <TimeCreated SystemTime=""2023-12-27T19:31:05.0605111Z""/>
      
            
      <EventRecordID>19585</EventRecordID>
      
            
      <Correlation/>
      
            
      <Execution ProcessID=""3588"" ThreadID=""5124""/>
      
            
      <Channel>Microsoft-Windows-Sysmon/Operational</Channel>
      
            
      <Computer>WinDev2309Eval</Computer>
      
            
      <Security UserID=""S-1-5-18""/>
      
        
    </System>
    
        
    <EventData>
      
            
      <Data Name=""RuleName"">-</Data>
      
            
      <Data Name=""UtcTime"">2023-12-27 19:31:05.059</Data>
      
            
      <Data Name=""ProcessGuid"">{f57bd86a-7b79-658c-cc01-000000000f00}</Data>
      
            
      <Data Name=""ProcessId"">11232</Data>
      
            
      <Data Name=""Image"">C:\Program Files\Windows NT\Accessories\wordpad.exe</Data>
      
            
      <Data Name=""FileVersion"">10.0.22621.2861 (WinBuild.160101.0800)</Data>
      
            
      <Data Name=""Description"">Windows Wordpad Application</Data>
      
            
      <Data Name=""Product"">Microsoft&#174; Windows&#174; Operating System</Data>
      
            
      <Data Name=""Company"">Microsoft Corporation</Data>
      
            
      <Data Name=""OriginalFileName"">WORDPAD.EXE</Data>
      
            
      <Data Name=""CommandLine"">""C:\Program Files\Windows NT\Accessories\wordpad.exe"" /p
                C:\AtomicRedTeam\atomics\..\ExternalPayloads\T1059_003note.txt</Data>
      
            
      <Data Name=""CurrentDirectory"">C:\Users\User\AppData\Local\Temp\</Data>
      
            
      <Data Name=""User"">WINDEV2309EVAL\User</Data>
      
            
      <Data Name=""LogonGuid"">{f57bd86a-36f9-658c-7bf8-020000000000}</Data>
      
            
      <Data Name=""LogonId"">0x2f87b</Data>
      
            
      <Data Name=""TerminalSessionId"">1</Data>
      
            
      <Data Name=""IntegrityLevel"">Medium</Data>
      
            
      <Data Name=""Hashes"">
                MD5=463E4F3EF0E69443D88F8BC47670204A,SHA256=1FA4DF9D7D58695FA9930876F4E771AE500D043282A398FA3600FD6660C83E70,IMPHASH=53D023B3A55A3CC9CED17D7D122AA827</Data>
      
            
      <Data Name=""ParentProcessGuid"">{f57bd86a-7b78-658c-c601-000000000f00}</Data>
      
            
      <Data Name=""ParentProcessId"">8316</Data>
      
            
      <Data Name=""ParentImage"">C:\Windows\System32\cmd.exe</Data>
      
            
      <Data Name=""ParentCommandLine"">""C:\Windows\system32\cmd.exe"" /c ""for /l %x in (1,1,75)
                do start wordpad.exe /p
                C:\AtomicRedTeam\atomics\..\ExternalPayloads\T1059_003note.txt""</Data>
      
            
      <Data Name=""ParentUser"">WINDEV2309EVAL\User</Data>
      
        
    </EventData>
    
        
    <RenderingInfo Culture=""en-US"">
      
            
      <Message>Process Create:

RuleName: -

UtcTime: 2023-12-27
                19:31:05.059

ProcessGuid:
                {f57bd86a-7b79-658c-cc01-000000000f00}

ProcessId: 11232

Image:
                C:\Program Files\Windows NT\Accessories\wordpad.exe

FileVersion:
                10.0.22621.2861 (WinBuild.160101.0800)

Description: Windows Wordpad
                Application

Product: Microsoft&#174; Windows&#174; Operating System

Company:
                Microsoft Corporation

OriginalFileName: WORDPAD.EXE

CommandLine:
                ""C:\Program Files\Windows NT\Accessories\wordpad.exe"" /p
                C:\AtomicRedTeam\atomics\..\ExternalPayloads\T1059_003note.txt

CurrentDirectory:
                C:\Users\User\AppData\Local\Temp\

User:
                WINDEV2309EVAL\User

LogonGuid:
                {f57bd86a-36f9-658c-7bf8-020000000000}

LogonId:
                0x2F87B

TerminalSessionId: 1

IntegrityLevel:
                Medium

Hashes:
                MD5=463E4F3EF0E69443D88F8BC47670204A,SHA256=1FA4DF9D7D58695FA9930876F4E771AE500D043282A398FA3600FD6660C83E70,IMPHASH=53D023B3A55A3CC9CED17D7D122AA827

ParentProcessGuid:
                {f57bd86a-7b78-658c-c601-000000000f00}

ParentProcessId:
                8316

ParentImage: C:\Windows\System32\cmd.exe

ParentCommandLine:
                ""C:\Windows\system32\cmd.exe"" /c ""for /l %x in (1,1,75) do start wordpad.exe /p
                C:\AtomicRedTeam\atomics\..\ExternalPayloads\T1059_003note.txt""

ParentUser:
                WINDEV2309EVAL\User</Message>
      
            
      <Level>Information</Level>
      
            
      <Task>Process Create (rule: ProcessCreate)</Task>
      
            
      <Opcode>Info</Opcode>
      
        
    </RenderingInfo>
    
    
  </Event>
  
    
  
"
Microsoft-Windows-Sysmon/Operational,"""C:\Program Files\Windows NT\Accessories\wordpad.exe"" /p
                C:\AtomicRedTeam\atomics\..\ExternalPayloads\T1059_003note.txt",Microsoft Corporation,WinDev2309Eval,,C:\Users\User\AppData\Local\Temp\,Windows Wordpad Application,,1,19584,,10.0.22621.2861 (WinBuild.160101.0800),"
                MD5=463E4F3EF0E69443D88F8BC47670204A,SHA256=1FA4DF9D7D58695FA9930876F4E771AE500D043282A398FA3600FD6660C83E70,IMPHASH=53D023B3A55A3CC9CED17D7D122AA827",C:\Program Files\Windows NT\Accessories\wordpad.exe,Medium,0x8000000000000000,Information,{f57bd86a-36f9-658c-7bf8-020000000000},0x2f87b,"Process Create:

RuleName: -

UtcTime: 2023-12-27
                19:31:05.028

ProcessGuid:
                {f57bd86a-7b79-658c-cb01-000000000f00}

ProcessId: 8468

Image:
                C:\Program Files\Windows NT\Accessories\wordpad.exe

FileVersion:
                10.0.22621.2861 (WinBuild.160101.0800)

Description: Windows Wordpad
                Application

Product: Microsoft速 Windows速 Operating System

Company:
                Microsoft Corporation

OriginalFileName: WORDPAD.EXE

CommandLine:
                ""C:\Program Files\Windows NT\Accessories\wordpad.exe"" /p
                C:\AtomicRedTeam\atomics\..\ExternalPayloads\T1059_003note.txt

CurrentDirectory:
                C:\Users\User\AppData\Local\Temp\

User:
                WINDEV2309EVAL\User

LogonGuid:
                {f57bd86a-36f9-658c-7bf8-020000000000}

LogonId:
                0x2F87B

TerminalSessionId: 1

IntegrityLevel:
                Medium

Hashes:
                MD5=463E4F3EF0E69443D88F8BC47670204A,SHA256=1FA4DF9D7D58695FA9930876F4E771AE500D043282A398FA3600FD6660C83E70,IMPHASH=53D023B3A55A3CC9CED17D7D122AA827

ParentProcessGuid:
                {f57bd86a-7b78-658c-c601-000000000f00}

ParentProcessId:
                8316

ParentImage: C:\Windows\System32\cmd.exe

ParentCommandLine:
                ""C:\Windows\system32\cmd.exe"" /c ""for /l %x in (1,1,75) do start wordpad.exe /p
                C:\AtomicRedTeam\atomics\..\ExternalPayloads\T1059_003note.txt""

ParentUser:
                WINDEV2309EVAL\User",Info,WORDPAD.EXE,"""C:\Windows\system32\cmd.exe"" /c ""for /l %x in (1,1,75)
                do start wordpad.exe /p
                C:\AtomicRedTeam\atomics\..\ExternalPayloads\T1059_003note.txt""",C:\Windows\System32\cmd.exe,{f57bd86a-7b78-658c-c601-000000000f00},8316,WINDEV2309EVAL\User,{f57bd86a-7b79-658c-cb01-000000000f00},3588,8468,Microsoft速 Windows速 Operating System,,,,"
      
            
      ",-,2023-12-27T19:31:05.0369531Z,,,Process Create (rule: ProcessCreate),1,5124,WINDEV2309EVAL\User,S-1-5-18,2023-12-27 19:31:05.028,5,"<Event xmlns=""http://schemas.microsoft.com/win/2004/08/events/event"">
    
        
    <System>
      
            
      <Provider Name=""Microsoft-Windows-Sysmon"" Guid=""{5770385f-c22a-43e0-bf4c-06f5698ffbd9}""/>
      
            
      <EventID>1</EventID>
      
            
      <Version>5</Version>
      
            
      <Level>4</Level>
      
            
      <Task>1</Task>
      
            
      <Opcode>0</Opcode>
      
            
      <Keywords>0x8000000000000000</Keywords>
      
            
      <TimeCreated SystemTime=""2023-12-27T19:31:05.0369531Z""/>
      
            
      <EventRecordID>19584</EventRecordID>
      
            
      <Correlation/>
      
            
      <Execution ProcessID=""3588"" ThreadID=""5124""/>
      
            
      <Channel>Microsoft-Windows-Sysmon/Operational</Channel>
      
            
      <Computer>WinDev2309Eval</Computer>
      
            
      <Security UserID=""S-1-5-18""/>
      
        
    </System>
    
        
    <EventData>
      
            
      <Data Name=""RuleName"">-</Data>
      
            
      <Data Name=""UtcTime"">2023-12-27 19:31:05.028</Data>
      
            
      <Data Name=""ProcessGuid"">{f57bd86a-7b79-658c-cb01-000000000f00}</Data>
      
            
      <Data Name=""ProcessId"">8468</Data>
      
            
      <Data Name=""Image"">C:\Program Files\Windows NT\Accessories\wordpad.exe</Data>
      
            
      <Data Name=""FileVersion"">10.0.22621.2861 (WinBuild.160101.0800)</Data>
      
            
      <Data Name=""Description"">Windows Wordpad Application</Data>
      
            
      <Data Name=""Product"">Microsoft&#174; Windows&#174; Operating System</Data>
      
            
      <Data Name=""Company"">Microsoft Corporation</Data>
      
            
      <Data Name=""OriginalFileName"">WORDPAD.EXE</Data>
      
            
      <Data Name=""CommandLine"">""C:\Program Files\Windows NT\Accessories\wordpad.exe"" /p
                C:\AtomicRedTeam\atomics\..\ExternalPayloads\T1059_003note.txt</Data>
      
            
      <Data Name=""CurrentDirectory"">C:\Users\User\AppData\Local\Temp\</Data>
      
            
      <Data Name=""User"">WINDEV2309EVAL\User</Data>
      
            
      <Data Name=""LogonGuid"">{f57bd86a-36f9-658c-7bf8-020000000000}</Data>
      
            
      <Data Name=""LogonId"">0x2f87b</Data>
      
            
      <Data Name=""TerminalSessionId"">1</Data>
      
            
      <Data Name=""IntegrityLevel"">Medium</Data>
      
            
      <Data Name=""Hashes"">
                MD5=463E4F3EF0E69443D88F8BC47670204A,SHA256=1FA4DF9D7D58695FA9930876F4E771AE500D043282A398FA3600FD6660C83E70,IMPHASH=53D023B3A55A3CC9CED17D7D122AA827</Data>
      
            
      <Data Name=""ParentProcessGuid"">{f57bd86a-7b78-658c-c601-000000000f00}</Data>
      
            
      <Data Name=""ParentProcessId"">8316</Data>
      
            
      <Data Name=""ParentImage"">C:\Windows\System32\cmd.exe</Data>
      
            
      <Data Name=""ParentCommandLine"">""C:\Windows\system32\cmd.exe"" /c ""for /l %x in (1,1,75)
                do start wordpad.exe /p
                C:\AtomicRedTeam\atomics\..\ExternalPayloads\T1059_003note.txt""</Data>
      
            
      <Data Name=""ParentUser"">WINDEV2309EVAL\User</Data>
      
        
    </EventData>
    
        
    <RenderingInfo Culture=""en-US"">
      
            
      <Message>Process Create:

RuleName: -

UtcTime: 2023-12-27
                19:31:05.028

ProcessGuid:
                {f57bd86a-7b79-658c-cb01-000000000f00}

ProcessId: 8468

Image:
                C:\Program Files\Windows NT\Accessories\wordpad.exe

FileVersion:
                10.0.22621.2861 (WinBuild.160101.0800)

Description: Windows Wordpad
                Application

Product: Microsoft&#174; Windows&#174; Operating System

Company:
                Microsoft Corporation

OriginalFileName: WORDPAD.EXE

CommandLine:
                ""C:\Program Files\Windows NT\Accessories\wordpad.exe"" /p
                C:\AtomicRedTeam\atomics\..\ExternalPayloads\T1059_003note.txt

CurrentDirectory:
                C:\Users\User\AppData\Local\Temp\

User:
                WINDEV2309EVAL\User

LogonGuid:
                {f57bd86a-36f9-658c-7bf8-020000000000}

LogonId:
                0x2F87B

TerminalSessionId: 1

IntegrityLevel:
                Medium

Hashes:
                MD5=463E4F3EF0E69443D88F8BC47670204A,SHA256=1FA4DF9D7D58695FA9930876F4E771AE500D043282A398FA3600FD6660C83E70,IMPHASH=53D023B3A55A3CC9CED17D7D122AA827

ParentProcessGuid:
                {f57bd86a-7b78-658c-c601-000000000f00}

ParentProcessId:
                8316

ParentImage: C:\Windows\System32\cmd.exe

ParentCommandLine:
                ""C:\Windows\system32\cmd.exe"" /c ""for /l %x in (1,1,75) do start wordpad.exe /p
                C:\AtomicRedTeam\atomics\..\ExternalPayloads\T1059_003note.txt""

ParentUser:
                WINDEV2309EVAL\User</Message>
      
            
      <Level>Information</Level>
      
            
      <Task>Process Create (rule: ProcessCreate)</Task>
      
            
      <Opcode>Info</Opcode>
      
        
    </RenderingInfo>
    
    
  </Event>
  
    
  
"
Microsoft-Windows-Sysmon/Operational,"""C:\Program Files\Windows NT\Accessories\wordpad.exe"" /p
                C:\AtomicRedTeam\atomics\..\ExternalPayloads\T1059_003note.txt",Microsoft Corporation,WinDev2309Eval,,C:\Users\User\AppData\Local\Temp\,Windows Wordpad Application,,1,19583,,10.0.22621.2861 (WinBuild.160101.0800),"
                MD5=463E4F3EF0E69443D88F8BC47670204A,SHA256=1FA4DF9D7D58695FA9930876F4E771AE500D043282A398FA3600FD6660C83E70,IMPHASH=53D023B3A55A3CC9CED17D7D122AA827",C:\Program Files\Windows NT\Accessories\wordpad.exe,Medium,0x8000000000000000,Information,{f57bd86a-36f9-658c-7bf8-020000000000},0x2f87b,"Process Create:

RuleName: -

UtcTime: 2023-12-27
                19:31:05.001

ProcessGuid:
                {f57bd86a-7b79-658c-ca01-000000000f00}

ProcessId: 11216

Image:
                C:\Program Files\Windows NT\Accessories\wordpad.exe

FileVersion:
                10.0.22621.2861 (WinBuild.160101.0800)

Description: Windows Wordpad
                Application

Product: Microsoft速 Windows速 Operating System

Company:
                Microsoft Corporation

OriginalFileName: WORDPAD.EXE

CommandLine:
                ""C:\Program Files\Windows NT\Accessories\wordpad.exe"" /p
                C:\AtomicRedTeam\atomics\..\ExternalPayloads\T1059_003note.txt

CurrentDirectory:
                C:\Users\User\AppData\Local\Temp\

User:
                WINDEV2309EVAL\User

LogonGuid:
                {f57bd86a-36f9-658c-7bf8-020000000000}

LogonId:
                0x2F87B

TerminalSessionId: 1

IntegrityLevel:
                Medium

Hashes:
                MD5=463E4F3EF0E69443D88F8BC47670204A,SHA256=1FA4DF9D7D58695FA9930876F4E771AE500D043282A398FA3600FD6660C83E70,IMPHASH=53D023B3A55A3CC9CED17D7D122AA827

ParentProcessGuid:
                {f57bd86a-7b78-658c-c601-000000000f00}

ParentProcessId:
                8316

ParentImage: C:\Windows\System32\cmd.exe

ParentCommandLine:
                ""C:\Windows\system32\cmd.exe"" /c ""for /l %x in (1,1,75) do start wordpad.exe /p
                C:\AtomicRedTeam\atomics\..\ExternalPayloads\T1059_003note.txt""

ParentUser:
                WINDEV2309EVAL\User",Info,WORDPAD.EXE,"""C:\Windows\system32\cmd.exe"" /c ""for /l %x in (1,1,75)
                do start wordpad.exe /p
                C:\AtomicRedTeam\atomics\..\ExternalPayloads\T1059_003note.txt""",C:\Windows\System32\cmd.exe,{f57bd86a-7b78-658c-c601-000000000f00},8316,WINDEV2309EVAL\User,{f57bd86a-7b79-658c-ca01-000000000f00},3588,11216,Microsoft速 Windows速 Operating System,,,,"
      
            
      ",-,2023-12-27T19:31:05.0022555Z,,,Process Create (rule: ProcessCreate),1,5124,WINDEV2309EVAL\User,S-1-5-18,2023-12-27 19:31:05.001,5,"<Event xmlns=""http://schemas.microsoft.com/win/2004/08/events/event"">
    
        
    <System>
      
            
      <Provider Name=""Microsoft-Windows-Sysmon"" Guid=""{5770385f-c22a-43e0-bf4c-06f5698ffbd9}""/>
      
            
      <EventID>1</EventID>
      
            
      <Version>5</Version>
      
            
      <Level>4</Level>
      
            
      <Task>1</Task>
      
            
      <Opcode>0</Opcode>
      
            
      <Keywords>0x8000000000000000</Keywords>
      
            
      <TimeCreated SystemTime=""2023-12-27T19:31:05.0022555Z""/>
      
            
      <EventRecordID>19583</EventRecordID>
      
            
      <Correlation/>
      
            
      <Execution ProcessID=""3588"" ThreadID=""5124""/>
      
            
      <Channel>Microsoft-Windows-Sysmon/Operational</Channel>
      
            
      <Computer>WinDev2309Eval</Computer>
      
            
      <Security UserID=""S-1-5-18""/>
      
        
    </System>
    
        
    <EventData>
      
            
      <Data Name=""RuleName"">-</Data>
      
            
      <Data Name=""UtcTime"">2023-12-27 19:31:05.001</Data>
      
            
      <Data Name=""ProcessGuid"">{f57bd86a-7b79-658c-ca01-000000000f00}</Data>
      
            
      <Data Name=""ProcessId"">11216</Data>
      
            
      <Data Name=""Image"">C:\Program Files\Windows NT\Accessories\wordpad.exe</Data>
      
            
      <Data Name=""FileVersion"">10.0.22621.2861 (WinBuild.160101.0800)</Data>
      
            
      <Data Name=""Description"">Windows Wordpad Application</Data>
      
            
      <Data Name=""Product"">Microsoft&#174; Windows&#174; Operating System</Data>
      
            
      <Data Name=""Company"">Microsoft Corporation</Data>
      
            
      <Data Name=""OriginalFileName"">WORDPAD.EXE</Data>
      
            
      <Data Name=""CommandLine"">""C:\Program Files\Windows NT\Accessories\wordpad.exe"" /p
                C:\AtomicRedTeam\atomics\..\ExternalPayloads\T1059_003note.txt</Data>
      
            
      <Data Name=""CurrentDirectory"">C:\Users\User\AppData\Local\Temp\</Data>
      
            
      <Data Name=""User"">WINDEV2309EVAL\User</Data>
      
            
      <Data Name=""LogonGuid"">{f57bd86a-36f9-658c-7bf8-020000000000}</Data>
      
            
      <Data Name=""LogonId"">0x2f87b</Data>
      
            
      <Data Name=""TerminalSessionId"">1</Data>
      
            
      <Data Name=""IntegrityLevel"">Medium</Data>
      
            
      <Data Name=""Hashes"">
                MD5=463E4F3EF0E69443D88F8BC47670204A,SHA256=1FA4DF9D7D58695FA9930876F4E771AE500D043282A398FA3600FD6660C83E70,IMPHASH=53D023B3A55A3CC9CED17D7D122AA827</Data>
      
            
      <Data Name=""ParentProcessGuid"">{f57bd86a-7b78-658c-c601-000000000f00}</Data>
      
            
      <Data Name=""ParentProcessId"">8316</Data>
      
            
      <Data Name=""ParentImage"">C:\Windows\System32\cmd.exe</Data>
      
            
      <Data Name=""ParentCommandLine"">""C:\Windows\system32\cmd.exe"" /c ""for /l %x in (1,1,75)
                do start wordpad.exe /p
                C:\AtomicRedTeam\atomics\..\ExternalPayloads\T1059_003note.txt""</Data>
      
            
      <Data Name=""ParentUser"">WINDEV2309EVAL\User</Data>
      
        
    </EventData>
    
        
    <RenderingInfo Culture=""en-US"">
      
            
      <Message>Process Create:

RuleName: -

UtcTime: 2023-12-27
                19:31:05.001

ProcessGuid:
                {f57bd86a-7b79-658c-ca01-000000000f00}

ProcessId: 11216

Image:
                C:\Program Files\Windows NT\Accessories\wordpad.exe

FileVersion:
                10.0.22621.2861 (WinBuild.160101.0800)

Description: Windows Wordpad
                Application

Product: Microsoft&#174; Windows&#174; Operating System

Company:
                Microsoft Corporation

OriginalFileName: WORDPAD.EXE

CommandLine:
                ""C:\Program Files\Windows NT\Accessories\wordpad.exe"" /p
                C:\AtomicRedTeam\atomics\..\ExternalPayloads\T1059_003note.txt

CurrentDirectory:
                C:\Users\User\AppData\Local\Temp\

User:
                WINDEV2309EVAL\User

LogonGuid:
                {f57bd86a-36f9-658c-7bf8-020000000000}

LogonId:
                0x2F87B

TerminalSessionId: 1

IntegrityLevel:
                Medium

Hashes:
                MD5=463E4F3EF0E69443D88F8BC47670204A,SHA256=1FA4DF9D7D58695FA9930876F4E771AE500D043282A398FA3600FD6660C83E70,IMPHASH=53D023B3A55A3CC9CED17D7D122AA827

ParentProcessGuid:
                {f57bd86a-7b78-658c-c601-000000000f00}

ParentProcessId:
                8316

ParentImage: C:\Windows\System32\cmd.exe

ParentCommandLine:
                ""C:\Windows\system32\cmd.exe"" /c ""for /l %x in (1,1,75) do start wordpad.exe /p
                C:\AtomicRedTeam\atomics\..\ExternalPayloads\T1059_003note.txt""

ParentUser:
                WINDEV2309EVAL\User</Message>
      
            
      <Level>Information</Level>
      
            
      <Task>Process Create (rule: ProcessCreate)</Task>
      
            
      <Opcode>Info</Opcode>
      
        
    </RenderingInfo>
    
    
  </Event>
  
    
  
"
Microsoft-Windows-Sysmon/Operational,"""C:\Program Files\Windows NT\Accessories\wordpad.exe"" /p
                C:\AtomicRedTeam\atomics\..\ExternalPayloads\T1059_003note.txt",Microsoft Corporation,WinDev2309Eval,,C:\Users\User\AppData\Local\Temp\,Windows Wordpad Application,,1,19582,,10.0.22621.2861 (WinBuild.160101.0800),"
                MD5=463E4F3EF0E69443D88F8BC47670204A,SHA256=1FA4DF9D7D58695FA9930876F4E771AE500D043282A398FA3600FD6660C83E70,IMPHASH=53D023B3A55A3CC9CED17D7D122AA827",C:\Program Files\Windows NT\Accessories\wordpad.exe,Medium,0x8000000000000000,Information,{f57bd86a-36f9-658c-7bf8-020000000000},0x2f87b,"Process Create:

RuleName: -

UtcTime: 2023-12-27
                19:31:04.974

ProcessGuid:
                {f57bd86a-7b78-658c-c901-000000000f00}

ProcessId: 6664

Image:
                C:\Program Files\Windows NT\Accessories\wordpad.exe

FileVersion:
                10.0.22621.2861 (WinBuild.160101.0800)

Description: Windows Wordpad
                Application

Product: Microsoft速 Windows速 Operating System

Company:
                Microsoft Corporation

OriginalFileName: WORDPAD.EXE

CommandLine:
                ""C:\Program Files\Windows NT\Accessories\wordpad.exe"" /p
                C:\AtomicRedTeam\atomics\..\ExternalPayloads\T1059_003note.txt

CurrentDirectory:
                C:\Users\User\AppData\Local\Temp\

User:
                WINDEV2309EVAL\User

LogonGuid:
                {f57bd86a-36f9-658c-7bf8-020000000000}

LogonId:
                0x2F87B

TerminalSessionId: 1

IntegrityLevel:
                Medium

Hashes:
                MD5=463E4F3EF0E69443D88F8BC47670204A,SHA256=1FA4DF9D7D58695FA9930876F4E771AE500D043282A398FA3600FD6660C83E70,IMPHASH=53D023B3A55A3CC9CED17D7D122AA827

ParentProcessGuid:
                {f57bd86a-7b78-658c-c601-000000000f00}

ParentProcessId:
                8316

ParentImage: C:\Windows\System32\cmd.exe

ParentCommandLine:
                ""C:\Windows\system32\cmd.exe"" /c ""for /l %x in (1,1,75) do start wordpad.exe /p
                C:\AtomicRedTeam\atomics\..\ExternalPayloads\T1059_003note.txt""

ParentUser:
                WINDEV2309EVAL\User",Info,WORDPAD.EXE,"""C:\Windows\system32\cmd.exe"" /c ""for /l %x in (1,1,75)
                do start wordpad.exe /p
                C:\AtomicRedTeam\atomics\..\ExternalPayloads\T1059_003note.txt""",C:\Windows\System32\cmd.exe,{f57bd86a-7b78-658c-c601-000000000f00},8316,WINDEV2309EVAL\User,{f57bd86a-7b78-658c-c901-000000000f00},3588,6664,Microsoft速 Windows速 Operating System,,,,"
      
            
      ",-,2023-12-27T19:31:04.9770312Z,,,Process Create (rule: ProcessCreate),1,5124,WINDEV2309EVAL\User,S-1-5-18,2023-12-27 19:31:04.974,5,"<Event xmlns=""http://schemas.microsoft.com/win/2004/08/events/event"">
    
        
    <System>
      
            
      <Provider Name=""Microsoft-Windows-Sysmon"" Guid=""{5770385f-c22a-43e0-bf4c-06f5698ffbd9}""/>
      
            
      <EventID>1</EventID>
      
            
      <Version>5</Version>
      
            
      <Level>4</Level>
      
            
      <Task>1</Task>
      
            
      <Opcode>0</Opcode>
      
            
      <Keywords>0x8000000000000000</Keywords>
      
            
      <TimeCreated SystemTime=""2023-12-27T19:31:04.9770312Z""/>
      
            
      <EventRecordID>19582</EventRecordID>
      
            
      <Correlation/>
      
            
      <Execution ProcessID=""3588"" ThreadID=""5124""/>
      
            
      <Channel>Microsoft-Windows-Sysmon/Operational</Channel>
      
            
      <Computer>WinDev2309Eval</Computer>
      
            
      <Security UserID=""S-1-5-18""/>
      
        
    </System>
    
        
    <EventData>
      
            
      <Data Name=""RuleName"">-</Data>
      
            
      <Data Name=""UtcTime"">2023-12-27 19:31:04.974</Data>
      
            
      <Data Name=""ProcessGuid"">{f57bd86a-7b78-658c-c901-000000000f00}</Data>
      
            
      <Data Name=""ProcessId"">6664</Data>
      
            
      <Data Name=""Image"">C:\Program Files\Windows NT\Accessories\wordpad.exe</Data>
      
            
      <Data Name=""FileVersion"">10.0.22621.2861 (WinBuild.160101.0800)</Data>
      
            
      <Data Name=""Description"">Windows Wordpad Application</Data>
      
            
      <Data Name=""Product"">Microsoft&#174; Windows&#174; Operating System</Data>
      
            
      <Data Name=""Company"">Microsoft Corporation</Data>
      
            
      <Data Name=""OriginalFileName"">WORDPAD.EXE</Data>
      
            
      <Data Name=""CommandLine"">""C:\Program Files\Windows NT\Accessories\wordpad.exe"" /p
                C:\AtomicRedTeam\atomics\..\ExternalPayloads\T1059_003note.txt</Data>
      
            
      <Data Name=""CurrentDirectory"">C:\Users\User\AppData\Local\Temp\</Data>
      
            
      <Data Name=""User"">WINDEV2309EVAL\User</Data>
      
            
      <Data Name=""LogonGuid"">{f57bd86a-36f9-658c-7bf8-020000000000}</Data>
      
            
      <Data Name=""LogonId"">0x2f87b</Data>
      
            
      <Data Name=""TerminalSessionId"">1</Data>
      
            
      <Data Name=""IntegrityLevel"">Medium</Data>
      
            
      <Data Name=""Hashes"">
                MD5=463E4F3EF0E69443D88F8BC47670204A,SHA256=1FA4DF9D7D58695FA9930876F4E771AE500D043282A398FA3600FD6660C83E70,IMPHASH=53D023B3A55A3CC9CED17D7D122AA827</Data>
      
            
      <Data Name=""ParentProcessGuid"">{f57bd86a-7b78-658c-c601-000000000f00}</Data>
      
            
      <Data Name=""ParentProcessId"">8316</Data>
      
            
      <Data Name=""ParentImage"">C:\Windows\System32\cmd.exe</Data>
      
            
      <Data Name=""ParentCommandLine"">""C:\Windows\system32\cmd.exe"" /c ""for /l %x in (1,1,75)
                do start wordpad.exe /p
                C:\AtomicRedTeam\atomics\..\ExternalPayloads\T1059_003note.txt""</Data>
      
            
      <Data Name=""ParentUser"">WINDEV2309EVAL\User</Data>
      
        
    </EventData>
    
        
    <RenderingInfo Culture=""en-US"">
      
            
      <Message>Process Create:

RuleName: -

UtcTime: 2023-12-27
                19:31:04.974

ProcessGuid:
                {f57bd86a-7b78-658c-c901-000000000f00}

ProcessId: 6664

Image:
                C:\Program Files\Windows NT\Accessories\wordpad.exe

FileVersion:
                10.0.22621.2861 (WinBuild.160101.0800)

Description: Windows Wordpad
                Application

Product: Microsoft&#174; Windows&#174; Operating System

Company:
                Microsoft Corporation

OriginalFileName: WORDPAD.EXE

CommandLine:
                ""C:\Program Files\Windows NT\Accessories\wordpad.exe"" /p
                C:\AtomicRedTeam\atomics\..\ExternalPayloads\T1059_003note.txt

CurrentDirectory:
                C:\Users\User\AppData\Local\Temp\

User:
                WINDEV2309EVAL\User

LogonGuid:
                {f57bd86a-36f9-658c-7bf8-020000000000}

LogonId:
                0x2F87B

TerminalSessionId: 1

IntegrityLevel:
                Medium

Hashes:
                MD5=463E4F3EF0E69443D88F8BC47670204A,SHA256=1FA4DF9D7D58695FA9930876F4E771AE500D043282A398FA3600FD6660C83E70,IMPHASH=53D023B3A55A3CC9CED17D7D122AA827

ParentProcessGuid:
                {f57bd86a-7b78-658c-c601-000000000f00}

ParentProcessId:
                8316

ParentImage: C:\Windows\System32\cmd.exe

ParentCommandLine:
                ""C:\Windows\system32\cmd.exe"" /c ""for /l %x in (1,1,75) do start wordpad.exe /p
                C:\AtomicRedTeam\atomics\..\ExternalPayloads\T1059_003note.txt""

ParentUser:
                WINDEV2309EVAL\User</Message>
      
            
      <Level>Information</Level>
      
            
      <Task>Process Create (rule: ProcessCreate)</Task>
      
            
      <Opcode>Info</Opcode>
      
        
    </RenderingInfo>
    
    
  </Event>
  
    
  
"
