Microsoft-Windows-Sysmon/Operational,,,WinDev2309Eval,2023-12-27 18:51:10.092,,,,11,19597,,,,C:\Windows\System32\WindowsPowerShell\v1.0\powershell.exe,,0x8000000000000000,4,,,0,,,,,,,{f57bd86a-721d-658c-d901-000000000f00},3588,7448,,-,2023-12-27T18:51:10.0981322Z,C:\Users\User\AppData\Local\Temp\__PSScriptPolicyTest_sfkgm2vg.21f.ps1,,11,,5124,WINDEV2309EVAL\User,S-1-5-18,2023-12-27 18:51:10.092,2,"<Event xmlns=""http://schemas.microsoft.com/win/2004/08/events/event"">
    <System>
      <Provider Name=""Microsoft-Windows-Sysmon"" Guid=""{5770385f-c22a-43e0-bf4c-06f5698ffbd9}""/>
      <EventID>11</EventID>
      <Version>2</Version>
      <Level>4</Level>
      <Task>11</Task>
      <Opcode>0</Opcode>
      <Keywords>0x8000000000000000</Keywords>
      <TimeCreated SystemTime=""2023-12-27T18:51:10.0981322Z""/>
      <EventRecordID>19597</EventRecordID>
      <Correlation/>
      <Execution ProcessID=""3588"" ThreadID=""5124""/>
      <Channel>Microsoft-Windows-Sysmon/Operational</Channel>
      <Computer>WinDev2309Eval</Computer>
      <Security UserID=""S-1-5-18""/>
    </System>
    <EventData>
      <Data Name=""RuleName"">-</Data>
      <Data Name=""UtcTime"">2023-12-27 18:51:10.092</Data>
      <Data Name=""ProcessGuid"">{f57bd86a-721d-658c-d901-000000000f00}</Data>
      <Data Name=""ProcessId"">7448</Data>
      <Data Name=""Image"">C:\Windows\System32\WindowsPowerShell\v1.0\powershell.exe</Data>
      <Data Name=""TargetFilename"">C:\Users\User\AppData\Local\Temp\__PSScriptPolicyTest_sfkgm2vg.21f.ps1</Data>
      <Data Name=""CreationUtcTime"">2023-12-27 18:51:10.092</Data>
      <Data Name=""User"">WINDEV2309EVAL\User</Data>
    </EventData>
  </Event>
  
"
Microsoft-Windows-Sysmon/Operational,"""powershell.exe"" & {C:\AtomicRedTeam\atomics\T1055\bin\x64\UuidFromStringA.exe -debug}",Microsoft Corporation,WinDev2309Eval,,C:\Users\User\AppData\Local\Temp\,Windows PowerShell,,1,19596,,10.0.22621.2506 (WinBuild.160101.0800),"MD5=2D1D70C92A419D9079B047954C611886,SHA256=C50057756CDB25D481CF2502ABCEF124F864C27618C5057468BFC6B82B2C4EDD,IMPHASH=E09C4F82A1DA13A09F4FF2E625FEBA20",C:\Windows\System32\WindowsPowerShell\v1.0\powershell.exe,Medium,0x8000000000000000,4,{f57bd86a-36f9-658c-7bf8-020000000000},0x2f87b,0,PowerShell.EXE,-,-,{00000000-0000-0000-0000-000000000000},1688,-,{f57bd86a-721d-658c-d901-000000000f00},3588,7448,Microsoft® Windows® Operating System,-,2023-12-27T18:51:09.9941620Z,,,1,1,5124,WINDEV2309EVAL\User,S-1-5-18,2023-12-27 18:51:09.993,5,"<Event xmlns=""http://schemas.microsoft.com/win/2004/08/events/event"">
    <System>
      <Provider Name=""Microsoft-Windows-Sysmon"" Guid=""{5770385f-c22a-43e0-bf4c-06f5698ffbd9}""/>
      <EventID>1</EventID>
      <Version>5</Version>
      <Level>4</Level>
      <Task>1</Task>
      <Opcode>0</Opcode>
      <Keywords>0x8000000000000000</Keywords>
      <TimeCreated SystemTime=""2023-12-27T18:51:09.9941620Z""/>
      <EventRecordID>19596</EventRecordID>
      <Correlation/>
      <Execution ProcessID=""3588"" ThreadID=""5124""/>
      <Channel>Microsoft-Windows-Sysmon/Operational</Channel>
      <Computer>WinDev2309Eval</Computer>
      <Security UserID=""S-1-5-18""/>
    </System>
    <EventData>
      <Data Name=""RuleName"">-</Data>
      <Data Name=""UtcTime"">2023-12-27 18:51:09.993</Data>
      <Data Name=""ProcessGuid"">{f57bd86a-721d-658c-d901-000000000f00}</Data>
      <Data Name=""ProcessId"">7448</Data>
      <Data Name=""Image"">C:\Windows\System32\WindowsPowerShell\v1.0\powershell.exe</Data>
      <Data Name=""FileVersion"">10.0.22621.2506 (WinBuild.160101.0800)</Data>
      <Data Name=""Description"">Windows PowerShell</Data>
      <Data Name=""Product"">Microsoft&#174; Windows&#174; Operating System</Data>
      <Data Name=""Company"">Microsoft Corporation</Data>
      <Data Name=""OriginalFileName"">PowerShell.EXE</Data>
      <Data Name=""CommandLine"">""powershell.exe"" &amp; {C:\AtomicRedTeam\atomics\T1055\bin\x64\UuidFromStringA.exe -debug}</Data>
      <Data Name=""CurrentDirectory"">C:\Users\User\AppData\Local\Temp\</Data>
      <Data Name=""User"">WINDEV2309EVAL\User</Data>
      <Data Name=""LogonGuid"">{f57bd86a-36f9-658c-7bf8-020000000000}</Data>
      <Data Name=""LogonId"">0x2f87b</Data>
      <Data Name=""TerminalSessionId"">1</Data>
      <Data Name=""IntegrityLevel"">Medium</Data>
      <Data Name=""Hashes"">MD5=2D1D70C92A419D9079B047954C611886,SHA256=C50057756CDB25D481CF2502ABCEF124F864C27618C5057468BFC6B82B2C4EDD,IMPHASH=E09C4F82A1DA13A09F4FF2E625FEBA20</Data>
      <Data Name=""ParentProcessGuid"">{00000000-0000-0000-0000-000000000000}</Data>
      <Data Name=""ParentProcessId"">1688</Data>
      <Data Name=""ParentImage"">-</Data>
      <Data Name=""ParentCommandLine"">-</Data>
      <Data Name=""ParentUser"">-</Data>
    </EventData>
  </Event>
  
"
Microsoft-Windows-Sysmon/Operational,,,WinDev2309Eval,2023-12-27 18:51:05.302,,,,11,19595,,,,C:\Windows\System32\WindowsPowerShell\v1.0\powershell.exe,,0x8000000000000000,4,,,0,,,,,,,{f57bd86a-7218-658c-d501-000000000f00},3588,5612,,-,2023-12-27T18:51:05.3063460Z,C:\Users\User\AppData\Local\Temp\__PSScriptPolicyTest_vmwobfb2.13m.ps1,,11,,5124,WINDEV2309EVAL\User,S-1-5-18,2023-12-27 18:51:05.302,2,"<Event xmlns=""http://schemas.microsoft.com/win/2004/08/events/event"">
    <System>
      <Provider Name=""Microsoft-Windows-Sysmon"" Guid=""{5770385f-c22a-43e0-bf4c-06f5698ffbd9}""/>
      <EventID>11</EventID>
      <Version>2</Version>
      <Level>4</Level>
      <Task>11</Task>
      <Opcode>0</Opcode>
      <Keywords>0x8000000000000000</Keywords>
      <TimeCreated SystemTime=""2023-12-27T18:51:05.3063460Z""/>
      <EventRecordID>19595</EventRecordID>
      <Correlation/>
      <Execution ProcessID=""3588"" ThreadID=""5124""/>
      <Channel>Microsoft-Windows-Sysmon/Operational</Channel>
      <Computer>WinDev2309Eval</Computer>
      <Security UserID=""S-1-5-18""/>
    </System>
    <EventData>
      <Data Name=""RuleName"">-</Data>
      <Data Name=""UtcTime"">2023-12-27 18:51:05.302</Data>
      <Data Name=""ProcessGuid"">{f57bd86a-7218-658c-d501-000000000f00}</Data>
      <Data Name=""ProcessId"">5612</Data>
      <Data Name=""Image"">C:\Windows\System32\WindowsPowerShell\v1.0\powershell.exe</Data>
      <Data Name=""TargetFilename"">C:\Users\User\AppData\Local\Temp\__PSScriptPolicyTest_vmwobfb2.13m.ps1</Data>
      <Data Name=""CreationUtcTime"">2023-12-27 18:51:05.302</Data>
      <Data Name=""User"">WINDEV2309EVAL\User</Data>
    </EventData>
  </Event>
  
"
Microsoft-Windows-Sysmon/Operational,,,WinDev2309Eval,,,,11/04/2023 10:26:52,13,19594,SetValue,,,C:\Windows\System32\svchost.exe,,0x8000000000000000,4,,,0,,,,,,,{f57bd86a-36f8-658c-3e00-000000000f00},3588,3212,,InvDB-CompileTimeClaim,2023-12-27T18:51:05.2496946Z,,\REGISTRY\A\{b3b14332-edc6-625a-c682-62677f6d06d4}\Root\InventoryApplicationFile\rwxinjectionloca|a98a85251740e3e\LinkDate,13,,5124,NT AUTHORITY\SYSTEM,S-1-5-18,2023-12-27 18:51:05.239,2,"<Event xmlns=""http://schemas.microsoft.com/win/2004/08/events/event"">
    <System>
      <Provider Name=""Microsoft-Windows-Sysmon"" Guid=""{5770385f-c22a-43e0-bf4c-06f5698ffbd9}""/>
      <EventID>13</EventID>
      <Version>2</Version>
      <Level>4</Level>
      <Task>13</Task>
      <Opcode>0</Opcode>
      <Keywords>0x8000000000000000</Keywords>
      <TimeCreated SystemTime=""2023-12-27T18:51:05.2496946Z""/>
      <EventRecordID>19594</EventRecordID>
      <Correlation/>
      <Execution ProcessID=""3588"" ThreadID=""5124""/>
      <Channel>Microsoft-Windows-Sysmon/Operational</Channel>
      <Computer>WinDev2309Eval</Computer>
      <Security UserID=""S-1-5-18""/>
    </System>
    <EventData>
      <Data Name=""RuleName"">InvDB-CompileTimeClaim</Data>
      <Data Name=""EventType"">SetValue</Data>
      <Data Name=""UtcTime"">2023-12-27 18:51:05.239</Data>
      <Data Name=""ProcessGuid"">{f57bd86a-36f8-658c-3e00-000000000f00}</Data>
      <Data Name=""ProcessId"">3212</Data>
      <Data Name=""Image"">C:\Windows\System32\svchost.exe</Data>
      <Data Name=""TargetObject"">\REGISTRY\A\{b3b14332-edc6-625a-c682-62677f6d06d4}\Root\InventoryApplicationFile\rwxinjectionloca|a98a85251740e3e\LinkDate</Data>
      <Data Name=""Details"">11/04/2023 10:26:52</Data>
      <Data Name=""User"">NT AUTHORITY\SYSTEM</Data>
    </EventData>
  </Event>
  
"
Microsoft-Windows-Sysmon/Operational,,,WinDev2309Eval,,,,c:\atomicredteam\atomics\t1055\bin\x64\rwxinjectionlocal.exe,13,19593,SetValue,,,C:\Windows\System32\svchost.exe,,0x8000000000000000,4,,,0,,,,,,,{f57bd86a-36f8-658c-3e00-000000000f00},3588,3212,,InvDB-Path,2023-12-27T18:51:05.2495244Z,,\REGISTRY\A\{b3b14332-edc6-625a-c682-62677f6d06d4}\Root\InventoryApplicationFile\rwxinjectionloca|a98a85251740e3e\LowerCaseLongPath,13,,5124,NT AUTHORITY\SYSTEM,S-1-5-18,2023-12-27 18:51:05.239,2,"<Event xmlns=""http://schemas.microsoft.com/win/2004/08/events/event"">
    <System>
      <Provider Name=""Microsoft-Windows-Sysmon"" Guid=""{5770385f-c22a-43e0-bf4c-06f5698ffbd9}""/>
      <EventID>13</EventID>
      <Version>2</Version>
      <Level>4</Level>
      <Task>13</Task>
      <Opcode>0</Opcode>
      <Keywords>0x8000000000000000</Keywords>
      <TimeCreated SystemTime=""2023-12-27T18:51:05.2495244Z""/>
      <EventRecordID>19593</EventRecordID>
      <Correlation/>
      <Execution ProcessID=""3588"" ThreadID=""5124""/>
      <Channel>Microsoft-Windows-Sysmon/Operational</Channel>
      <Computer>WinDev2309Eval</Computer>
      <Security UserID=""S-1-5-18""/>
    </System>
    <EventData>
      <Data Name=""RuleName"">InvDB-Path</Data>
      <Data Name=""EventType"">SetValue</Data>
      <Data Name=""UtcTime"">2023-12-27 18:51:05.239</Data>
      <Data Name=""ProcessGuid"">{f57bd86a-36f8-658c-3e00-000000000f00}</Data>
      <Data Name=""ProcessId"">3212</Data>
      <Data Name=""Image"">C:\Windows\System32\svchost.exe</Data>
      <Data Name=""TargetObject"">\REGISTRY\A\{b3b14332-edc6-625a-c682-62677f6d06d4}\Root\InventoryApplicationFile\rwxinjectionloca|a98a85251740e3e\LowerCaseLongPath</Data>
      <Data Name=""Details"">c:\atomicredteam\atomics\t1055\bin\x64\rwxinjectionlocal.exe</Data>
      <Data Name=""User"">NT AUTHORITY\SYSTEM</Data>
    </EventData>
  </Event>
  
"
Microsoft-Windows-Sysmon/Operational,"""C:\Program Files\WindowsApps\Microsoft.WindowsTerminal_1.18.3181.0_x64__8wekyb3d8bbwe\WindowsTerminal.exe"" -Embedding",-,WinDev2309Eval,,C:\Windows\system32\,-,,1,19592,,-,"MD5=69D536A57E2CA570BD305FC17A72FBA4,SHA256=DF554DF7C1611574C9B7D1B783FE851D19A6868FBE035D460EF8D0E0E27151DA,IMPHASH=89539BECC118C763F2798F0B697FEEC1",C:\Program Files\WindowsApps\Microsoft.WindowsTerminal_1.18.3181.0_x64__8wekyb3d8bbwe\WindowsTerminal.exe,Medium,0x8000000000000000,4,{f57bd86a-36f9-658c-7bf8-020000000000},0x2f87b,0,-,C:\Windows\system32\svchost.exe -k DcomLaunch -p,C:\Windows\System32\svchost.exe,{f57bd86a-36f5-658c-0d00-000000000f00},932,NT AUTHORITY\SYSTEM,{f57bd86a-7218-658c-d801-000000000f00},3588,4328,-,-,2023-12-27T18:51:04.8232184Z,,,1,1,5124,WINDEV2309EVAL\User,S-1-5-18,2023-12-27 18:51:04.822,5,"<Event xmlns=""http://schemas.microsoft.com/win/2004/08/events/event"">
    <System>
      <Provider Name=""Microsoft-Windows-Sysmon"" Guid=""{5770385f-c22a-43e0-bf4c-06f5698ffbd9}""/>
      <EventID>1</EventID>
      <Version>5</Version>
      <Level>4</Level>
      <Task>1</Task>
      <Opcode>0</Opcode>
      <Keywords>0x8000000000000000</Keywords>
      <TimeCreated SystemTime=""2023-12-27T18:51:04.8232184Z""/>
      <EventRecordID>19592</EventRecordID>
      <Correlation/>
      <Execution ProcessID=""3588"" ThreadID=""5124""/>
      <Channel>Microsoft-Windows-Sysmon/Operational</Channel>
      <Computer>WinDev2309Eval</Computer>
      <Security UserID=""S-1-5-18""/>
    </System>
    <EventData>
      <Data Name=""RuleName"">-</Data>
      <Data Name=""UtcTime"">2023-12-27 18:51:04.822</Data>
      <Data Name=""ProcessGuid"">{f57bd86a-7218-658c-d801-000000000f00}</Data>
      <Data Name=""ProcessId"">4328</Data>
      <Data Name=""Image"">C:\Program Files\WindowsApps\Microsoft.WindowsTerminal_1.18.3181.0_x64__8wekyb3d8bbwe\WindowsTerminal.exe</Data>
      <Data Name=""FileVersion"">-</Data>
      <Data Name=""Description"">-</Data>
      <Data Name=""Product"">-</Data>
      <Data Name=""Company"">-</Data>
      <Data Name=""OriginalFileName"">-</Data>
      <Data Name=""CommandLine"">""C:\Program Files\WindowsApps\Microsoft.WindowsTerminal_1.18.3181.0_x64__8wekyb3d8bbwe\WindowsTerminal.exe"" -Embedding</Data>
      <Data Name=""CurrentDirectory"">C:\Windows\system32\</Data>
      <Data Name=""User"">WINDEV2309EVAL\User</Data>
      <Data Name=""LogonGuid"">{f57bd86a-36f9-658c-7bf8-020000000000}</Data>
      <Data Name=""LogonId"">0x2f87b</Data>
      <Data Name=""TerminalSessionId"">1</Data>
      <Data Name=""IntegrityLevel"">Medium</Data>
      <Data Name=""Hashes"">MD5=69D536A57E2CA570BD305FC17A72FBA4,SHA256=DF554DF7C1611574C9B7D1B783FE851D19A6868FBE035D460EF8D0E0E27151DA,IMPHASH=89539BECC118C763F2798F0B697FEEC1</Data>
      <Data Name=""ParentProcessGuid"">{f57bd86a-36f5-658c-0d00-000000000f00}</Data>
      <Data Name=""ParentProcessId"">932</Data>
      <Data Name=""ParentImage"">C:\Windows\System32\svchost.exe</Data>
      <Data Name=""ParentCommandLine"">C:\Windows\system32\svchost.exe -k DcomLaunch -p</Data>
      <Data Name=""ParentUser"">NT AUTHORITY\SYSTEM</Data>
    </EventData>
  </Event>
  
"
Microsoft-Windows-Sysmon/Operational,"""C:\Program Files\WindowsApps\Microsoft.WindowsTerminal_1.18.3181.0_x64__8wekyb3d8bbwe\OpenConsole.exe"" -Embedding",-,WinDev2309Eval,,C:\Windows\system32\,-,,1,19591,,-,"MD5=3E8BF6C2578C0E26CBD699A9E1A48A32,SHA256=34E13A88400216D70CC4BF03DC91AB7911F8A9354A735E4DCB090E73AEB0CE56,IMPHASH=8AEDC24AD9CD564AA66BAB6D1F8D2FDB",C:\Program Files\WindowsApps\Microsoft.WindowsTerminal_1.18.3181.0_x64__8wekyb3d8bbwe\OpenConsole.exe,Medium,0x8000000000000000,4,{f57bd86a-36f9-658c-7bf8-020000000000},0x2f87b,0,-,C:\Windows\system32\svchost.exe -k DcomLaunch -p,C:\Windows\System32\svchost.exe,{f57bd86a-36f5-658c-0d00-000000000f00},932,NT AUTHORITY\SYSTEM,{f57bd86a-7218-658c-d701-000000000f00},3588,668,-,-,2023-12-27T18:51:04.7728844Z,,,1,1,5124,WINDEV2309EVAL\User,S-1-5-18,2023-12-27 18:51:04.771,5,"<Event xmlns=""http://schemas.microsoft.com/win/2004/08/events/event"">
    <System>
      <Provider Name=""Microsoft-Windows-Sysmon"" Guid=""{5770385f-c22a-43e0-bf4c-06f5698ffbd9}""/>
      <EventID>1</EventID>
      <Version>5</Version>
      <Level>4</Level>
      <Task>1</Task>
      <Opcode>0</Opcode>
      <Keywords>0x8000000000000000</Keywords>
      <TimeCreated SystemTime=""2023-12-27T18:51:04.7728844Z""/>
      <EventRecordID>19591</EventRecordID>
      <Correlation/>
      <Execution ProcessID=""3588"" ThreadID=""5124""/>
      <Channel>Microsoft-Windows-Sysmon/Operational</Channel>
      <Computer>WinDev2309Eval</Computer>
      <Security UserID=""S-1-5-18""/>
    </System>
    <EventData>
      <Data Name=""RuleName"">-</Data>
      <Data Name=""UtcTime"">2023-12-27 18:51:04.771</Data>
      <Data Name=""ProcessGuid"">{f57bd86a-7218-658c-d701-000000000f00}</Data>
      <Data Name=""ProcessId"">668</Data>
      <Data Name=""Image"">C:\Program Files\WindowsApps\Microsoft.WindowsTerminal_1.18.3181.0_x64__8wekyb3d8bbwe\OpenConsole.exe</Data>
      <Data Name=""FileVersion"">-</Data>
      <Data Name=""Description"">-</Data>
      <Data Name=""Product"">-</Data>
      <Data Name=""Company"">-</Data>
      <Data Name=""OriginalFileName"">-</Data>
      <Data Name=""CommandLine"">""C:\Program Files\WindowsApps\Microsoft.WindowsTerminal_1.18.3181.0_x64__8wekyb3d8bbwe\OpenConsole.exe"" -Embedding</Data>
      <Data Name=""CurrentDirectory"">C:\Windows\system32\</Data>
      <Data Name=""User"">WINDEV2309EVAL\User</Data>
      <Data Name=""LogonGuid"">{f57bd86a-36f9-658c-7bf8-020000000000}</Data>
      <Data Name=""LogonId"">0x2f87b</Data>
      <Data Name=""TerminalSessionId"">1</Data>
      <Data Name=""IntegrityLevel"">Medium</Data>
      <Data Name=""Hashes"">MD5=3E8BF6C2578C0E26CBD699A9E1A48A32,SHA256=34E13A88400216D70CC4BF03DC91AB7911F8A9354A735E4DCB090E73AEB0CE56,IMPHASH=8AEDC24AD9CD564AA66BAB6D1F8D2FDB</Data>
      <Data Name=""ParentProcessGuid"">{f57bd86a-36f5-658c-0d00-000000000f00}</Data>
      <Data Name=""ParentProcessId"">932</Data>
      <Data Name=""ParentImage"">C:\Windows\System32\svchost.exe</Data>
      <Data Name=""ParentCommandLine"">C:\Windows\system32\svchost.exe -k DcomLaunch -p</Data>
      <Data Name=""ParentUser"">NT AUTHORITY\SYSTEM</Data>
    </EventData>
  </Event>
  
"
Microsoft-Windows-Sysmon/Operational,"\??\C:\Windows\System32\WindowsPowerShell\v1.0\powershell.exe -Command ""Add-Type -AssemblyName PresentationFramework; [System.Windows.MessageBox]::Show('Atomic Red Team', 'Warning', 'OK', 'Warning'); Start-Process 'notepad.exe'""",Microsoft Corporation,WinDev2309Eval,,C:\Users\User\AppData\Local\Temp\,Windows PowerShell,,1,19590,,10.0.22621.2506 (WinBuild.160101.0800),"MD5=2D1D70C92A419D9079B047954C611886,SHA256=C50057756CDB25D481CF2502ABCEF124F864C27618C5057468BFC6B82B2C4EDD,IMPHASH=E09C4F82A1DA13A09F4FF2E625FEBA20",C:\Windows\System32\WindowsPowerShell\v1.0\powershell.exe,Medium,0x8000000000000000,4,{f57bd86a-36f9-658c-7bf8-020000000000},0x2f87b,0,PowerShell.EXE,"""C:\AtomicRedTeam\atomics\T1055\bin\x64\RWXinjectionLocal.exe"" C:\AtomicRedTeam\atomics\T1055\bin\x64\vuln_dll\msys-2.0.dll 0x1EC000",C:\AtomicRedTeam\atomics\T1055\bin\x64\RWXinjectionLocal.exe,{f57bd86a-7218-658c-d401-000000000f00},10092,WINDEV2309EVAL\User,{f57bd86a-7218-658c-d501-000000000f00},3588,5612,Microsoft® Windows® Operating System,-,2023-12-27T18:51:04.7466062Z,,,1,1,5124,WINDEV2309EVAL\User,S-1-5-18,2023-12-27 18:51:04.744,5,"<Event xmlns=""http://schemas.microsoft.com/win/2004/08/events/event"">
    <System>
      <Provider Name=""Microsoft-Windows-Sysmon"" Guid=""{5770385f-c22a-43e0-bf4c-06f5698ffbd9}""/>
      <EventID>1</EventID>
      <Version>5</Version>
      <Level>4</Level>
      <Task>1</Task>
      <Opcode>0</Opcode>
      <Keywords>0x8000000000000000</Keywords>
      <TimeCreated SystemTime=""2023-12-27T18:51:04.7466062Z""/>
      <EventRecordID>19590</EventRecordID>
      <Correlation/>
      <Execution ProcessID=""3588"" ThreadID=""5124""/>
      <Channel>Microsoft-Windows-Sysmon/Operational</Channel>
      <Computer>WinDev2309Eval</Computer>
      <Security UserID=""S-1-5-18""/>
    </System>
    <EventData>
      <Data Name=""RuleName"">-</Data>
      <Data Name=""UtcTime"">2023-12-27 18:51:04.744</Data>
      <Data Name=""ProcessGuid"">{f57bd86a-7218-658c-d501-000000000f00}</Data>
      <Data Name=""ProcessId"">5612</Data>
      <Data Name=""Image"">C:\Windows\System32\WindowsPowerShell\v1.0\powershell.exe</Data>
      <Data Name=""FileVersion"">10.0.22621.2506 (WinBuild.160101.0800)</Data>
      <Data Name=""Description"">Windows PowerShell</Data>
      <Data Name=""Product"">Microsoft&#174; Windows&#174; Operating System</Data>
      <Data Name=""Company"">Microsoft Corporation</Data>
      <Data Name=""OriginalFileName"">PowerShell.EXE</Data>
      <Data Name=""CommandLine"">\??\C:\Windows\System32\WindowsPowerShell\v1.0\powershell.exe -Command ""Add-Type -AssemblyName PresentationFramework; [System.Windows.MessageBox]::Show('Atomic Red Team', 'Warning', 'OK', 'Warning'); Start-Process 'notepad.exe'""</Data>
      <Data Name=""CurrentDirectory"">C:\Users\User\AppData\Local\Temp\</Data>
      <Data Name=""User"">WINDEV2309EVAL\User</Data>
      <Data Name=""LogonGuid"">{f57bd86a-36f9-658c-7bf8-020000000000}</Data>
      <Data Name=""LogonId"">0x2f87b</Data>
      <Data Name=""TerminalSessionId"">1</Data>
      <Data Name=""IntegrityLevel"">Medium</Data>
      <Data Name=""Hashes"">MD5=2D1D70C92A419D9079B047954C611886,SHA256=C50057756CDB25D481CF2502ABCEF124F864C27618C5057468BFC6B82B2C4EDD,IMPHASH=E09C4F82A1DA13A09F4FF2E625FEBA20</Data>
      <Data Name=""ParentProcessGuid"">{f57bd86a-7218-658c-d401-000000000f00}</Data>
      <Data Name=""ParentProcessId"">10092</Data>
      <Data Name=""ParentImage"">C:\AtomicRedTeam\atomics\T1055\bin\x64\RWXinjectionLocal.exe</Data>
      <Data Name=""ParentCommandLine"">""C:\AtomicRedTeam\atomics\T1055\bin\x64\RWXinjectionLocal.exe"" C:\AtomicRedTeam\atomics\T1055\bin\x64\vuln_dll\msys-2.0.dll 0x1EC000</Data>
      <Data Name=""ParentUser"">WINDEV2309EVAL\User</Data>
    </EventData>
  </Event>
  
"
Microsoft-Windows-Sysmon/Operational,"""C:\AtomicRedTeam\atomics\T1055\bin\x64\RWXinjectionLocal.exe"" C:\AtomicRedTeam\atomics\T1055\bin\x64\vuln_dll\msys-2.0.dll 0x1EC000",-,WinDev2309Eval,,C:\Users\User\AppData\Local\Temp\,-,,1,19589,,-,"MD5=9DD0E4898DD2172ED591857B78EB8655,SHA256=80427D66932BD8B6C49741EB68D2FB6CDA729B33F01DA96ED25D5CB61A7A58F9,IMPHASH=7A0BADBBB7244FEA0A698C486F004FC8",C:\AtomicRedTeam\atomics\T1055\bin\x64\RWXinjectionLocal.exe,Medium,0x8000000000000000,4,{f57bd86a-36f9-658c-7bf8-020000000000},0x2f87b,0,-,"""powershell.exe"" & {$address = (& \""""C:\AtomicRedTeam\atomics\T1055\bin\x64\searchVuln.exe\"""" \""""C:\AtomicRedTeam\atomics\T1055\bin\x64\vuln_dll\\"""" | Out-String | Select-String -Pattern \""""VirtualAddress: (\w+)\"""").Matches.Groups[1].Value
& \""""C:\AtomicRedTeam\atomics\T1055\bin\x64\RWXinjectionLocal.exe\"""" \""""C:\AtomicRedTeam\atomics\T1055\bin\x64\vuln_dll\msys-2.0.dll\"""" $address}",C:\Windows\System32\WindowsPowerShell\v1.0\powershell.exe,{f57bd86a-7216-658c-d101-000000000f00},6780,WINDEV2309EVAL\User,{f57bd86a-7218-658c-d401-000000000f00},3588,10092,-,-,2023-12-27T18:51:04.6209565Z,,,1,1,5124,WINDEV2309EVAL\User,S-1-5-18,2023-12-27 18:51:04.618,5,"<Event xmlns=""http://schemas.microsoft.com/win/2004/08/events/event"">
    <System>
      <Provider Name=""Microsoft-Windows-Sysmon"" Guid=""{5770385f-c22a-43e0-bf4c-06f5698ffbd9}""/>
      <EventID>1</EventID>
      <Version>5</Version>
      <Level>4</Level>
      <Task>1</Task>
      <Opcode>0</Opcode>
      <Keywords>0x8000000000000000</Keywords>
      <TimeCreated SystemTime=""2023-12-27T18:51:04.6209565Z""/>
      <EventRecordID>19589</EventRecordID>
      <Correlation/>
      <Execution ProcessID=""3588"" ThreadID=""5124""/>
      <Channel>Microsoft-Windows-Sysmon/Operational</Channel>
      <Computer>WinDev2309Eval</Computer>
      <Security UserID=""S-1-5-18""/>
    </System>
    <EventData>
      <Data Name=""RuleName"">-</Data>
      <Data Name=""UtcTime"">2023-12-27 18:51:04.618</Data>
      <Data Name=""ProcessGuid"">{f57bd86a-7218-658c-d401-000000000f00}</Data>
      <Data Name=""ProcessId"">10092</Data>
      <Data Name=""Image"">C:\AtomicRedTeam\atomics\T1055\bin\x64\RWXinjectionLocal.exe</Data>
      <Data Name=""FileVersion"">-</Data>
      <Data Name=""Description"">-</Data>
      <Data Name=""Product"">-</Data>
      <Data Name=""Company"">-</Data>
      <Data Name=""OriginalFileName"">-</Data>
      <Data Name=""CommandLine"">""C:\AtomicRedTeam\atomics\T1055\bin\x64\RWXinjectionLocal.exe"" C:\AtomicRedTeam\atomics\T1055\bin\x64\vuln_dll\msys-2.0.dll 0x1EC000</Data>
      <Data Name=""CurrentDirectory"">C:\Users\User\AppData\Local\Temp\</Data>
      <Data Name=""User"">WINDEV2309EVAL\User</Data>
      <Data Name=""LogonGuid"">{f57bd86a-36f9-658c-7bf8-020000000000}</Data>
      <Data Name=""LogonId"">0x2f87b</Data>
      <Data Name=""TerminalSessionId"">1</Data>
      <Data Name=""IntegrityLevel"">Medium</Data>
      <Data Name=""Hashes"">MD5=9DD0E4898DD2172ED591857B78EB8655,SHA256=80427D66932BD8B6C49741EB68D2FB6CDA729B33F01DA96ED25D5CB61A7A58F9,IMPHASH=7A0BADBBB7244FEA0A698C486F004FC8</Data>
      <Data Name=""ParentProcessGuid"">{f57bd86a-7216-658c-d101-000000000f00}</Data>
      <Data Name=""ParentProcessId"">6780</Data>
      <Data Name=""ParentImage"">C:\Windows\System32\WindowsPowerShell\v1.0\powershell.exe</Data>
      <Data Name=""ParentCommandLine"">""powershell.exe"" &amp; {$address = (&amp; \""""C:\AtomicRedTeam\atomics\T1055\bin\x64\searchVuln.exe\"""" \""""C:\AtomicRedTeam\atomics\T1055\bin\x64\vuln_dll\\"""" | Out-String | Select-String -Pattern \""""VirtualAddress: (\w+)\"""").Matches.Groups[1].Value
&amp; \""""C:\AtomicRedTeam\atomics\T1055\bin\x64\RWXinjectionLocal.exe\"""" \""""C:\AtomicRedTeam\atomics\T1055\bin\x64\vuln_dll\msys-2.0.dll\"""" $address}</Data>
      <Data Name=""ParentUser"">WINDEV2309EVAL\User</Data>
    </EventData>
  </Event>
  
"
Microsoft-Windows-Sysmon/Operational,"""C:\AtomicRedTeam\atomics\T1055\bin\x64\searchVuln.exe"" C:\AtomicRedTeam\atomics\T1055\bin\x64\vuln_dll\",-,WinDev2309Eval,,C:\Users\User\AppData\Local\Temp\,-,,1,19588,,-,"MD5=158307832E90DEDAC7F36F08BC6A9E51,SHA256=CCC35F62AC59A13E5FFB7DBB8AB048A254BFFB860CACBF5D50DF8F456FF1B27B,IMPHASH=7057B1ACF0C8BB5D6A10483DB89E4D8B",C:\AtomicRedTeam\atomics\T1055\bin\x64\searchVuln.exe,Medium,0x8000000000000000,4,{f57bd86a-36f9-658c-7bf8-020000000000},0x2f87b,0,-,"""powershell.exe"" & {$address = (& \""""C:\AtomicRedTeam\atomics\T1055\bin\x64\searchVuln.exe\"""" \""""C:\AtomicRedTeam\atomics\T1055\bin\x64\vuln_dll\\"""" | Out-String | Select-String -Pattern \""""VirtualAddress: (\w+)\"""").Matches.Groups[1].Value
& \""""C:\AtomicRedTeam\atomics\T1055\bin\x64\RWXinjectionLocal.exe\"""" \""""C:\AtomicRedTeam\atomics\T1055\bin\x64\vuln_dll\msys-2.0.dll\"""" $address}",C:\Windows\System32\WindowsPowerShell\v1.0\powershell.exe,{f57bd86a-7216-658c-d101-000000000f00},6780,WINDEV2309EVAL\User,{f57bd86a-7217-658c-d301-000000000f00},3588,5912,-,-,2023-12-27T18:51:03.6335607Z,,,1,1,5124,WINDEV2309EVAL\User,S-1-5-18,2023-12-27 18:51:03.631,5,"<Event xmlns=""http://schemas.microsoft.com/win/2004/08/events/event"">
    <System>
      <Provider Name=""Microsoft-Windows-Sysmon"" Guid=""{5770385f-c22a-43e0-bf4c-06f5698ffbd9}""/>
      <EventID>1</EventID>
      <Version>5</Version>
      <Level>4</Level>
      <Task>1</Task>
      <Opcode>0</Opcode>
      <Keywords>0x8000000000000000</Keywords>
      <TimeCreated SystemTime=""2023-12-27T18:51:03.6335607Z""/>
      <EventRecordID>19588</EventRecordID>
      <Correlation/>
      <Execution ProcessID=""3588"" ThreadID=""5124""/>
      <Channel>Microsoft-Windows-Sysmon/Operational</Channel>
      <Computer>WinDev2309Eval</Computer>
      <Security UserID=""S-1-5-18""/>
    </System>
    <EventData>
      <Data Name=""RuleName"">-</Data>
      <Data Name=""UtcTime"">2023-12-27 18:51:03.631</Data>
      <Data Name=""ProcessGuid"">{f57bd86a-7217-658c-d301-000000000f00}</Data>
      <Data Name=""ProcessId"">5912</Data>
      <Data Name=""Image"">C:\AtomicRedTeam\atomics\T1055\bin\x64\searchVuln.exe</Data>
      <Data Name=""FileVersion"">-</Data>
      <Data Name=""Description"">-</Data>
      <Data Name=""Product"">-</Data>
      <Data Name=""Company"">-</Data>
      <Data Name=""OriginalFileName"">-</Data>
      <Data Name=""CommandLine"">""C:\AtomicRedTeam\atomics\T1055\bin\x64\searchVuln.exe"" C:\AtomicRedTeam\atomics\T1055\bin\x64\vuln_dll\</Data>
      <Data Name=""CurrentDirectory"">C:\Users\User\AppData\Local\Temp\</Data>
      <Data Name=""User"">WINDEV2309EVAL\User</Data>
      <Data Name=""LogonGuid"">{f57bd86a-36f9-658c-7bf8-020000000000}</Data>
      <Data Name=""LogonId"">0x2f87b</Data>
      <Data Name=""TerminalSessionId"">1</Data>
      <Data Name=""IntegrityLevel"">Medium</Data>
      <Data Name=""Hashes"">MD5=158307832E90DEDAC7F36F08BC6A9E51,SHA256=CCC35F62AC59A13E5FFB7DBB8AB048A254BFFB860CACBF5D50DF8F456FF1B27B,IMPHASH=7057B1ACF0C8BB5D6A10483DB89E4D8B</Data>
      <Data Name=""ParentProcessGuid"">{f57bd86a-7216-658c-d101-000000000f00}</Data>
      <Data Name=""ParentProcessId"">6780</Data>
      <Data Name=""ParentImage"">C:\Windows\System32\WindowsPowerShell\v1.0\powershell.exe</Data>
      <Data Name=""ParentCommandLine"">""powershell.exe"" &amp; {$address = (&amp; \""""C:\AtomicRedTeam\atomics\T1055\bin\x64\searchVuln.exe\"""" \""""C:\AtomicRedTeam\atomics\T1055\bin\x64\vuln_dll\\"""" | Out-String | Select-String -Pattern \""""VirtualAddress: (\w+)\"""").Matches.Groups[1].Value
&amp; \""""C:\AtomicRedTeam\atomics\T1055\bin\x64\RWXinjectionLocal.exe\"""" \""""C:\AtomicRedTeam\atomics\T1055\bin\x64\vuln_dll\msys-2.0.dll\"""" $address}</Data>
      <Data Name=""ParentUser"">WINDEV2309EVAL\User</Data>
    </EventData>
  </Event>
  
"
Microsoft-Windows-Sysmon/Operational,,,WinDev2309Eval,,,,09/03/2023 09:34:04,13,19587,SetValue,,,C:\Windows\System32\svchost.exe,,0x8000000000000000,4,,,0,,,,,,,{f57bd86a-36f8-658c-3e00-000000000f00},3588,3212,,InvDB-CompileTimeClaim,2023-12-27T18:51:02.7416410Z,,\REGISTRY\A\{b3b14332-edc6-625a-c682-62677f6d06d4}\Root\InventoryApplicationFile\redvanity.exe|5c4d0b7a35711080\LinkDate,13,,5124,NT AUTHORITY\SYSTEM,S-1-5-18,2023-12-27 18:51:02.734,2,"<Event xmlns=""http://schemas.microsoft.com/win/2004/08/events/event"">
    <System>
      <Provider Name=""Microsoft-Windows-Sysmon"" Guid=""{5770385f-c22a-43e0-bf4c-06f5698ffbd9}""/>
      <EventID>13</EventID>
      <Version>2</Version>
      <Level>4</Level>
      <Task>13</Task>
      <Opcode>0</Opcode>
      <Keywords>0x8000000000000000</Keywords>
      <TimeCreated SystemTime=""2023-12-27T18:51:02.7416410Z""/>
      <EventRecordID>19587</EventRecordID>
      <Correlation/>
      <Execution ProcessID=""3588"" ThreadID=""5124""/>
      <Channel>Microsoft-Windows-Sysmon/Operational</Channel>
      <Computer>WinDev2309Eval</Computer>
      <Security UserID=""S-1-5-18""/>
    </System>
    <EventData>
      <Data Name=""RuleName"">InvDB-CompileTimeClaim</Data>
      <Data Name=""EventType"">SetValue</Data>
      <Data Name=""UtcTime"">2023-12-27 18:51:02.734</Data>
      <Data Name=""ProcessGuid"">{f57bd86a-36f8-658c-3e00-000000000f00}</Data>
      <Data Name=""ProcessId"">3212</Data>
      <Data Name=""Image"">C:\Windows\System32\svchost.exe</Data>
      <Data Name=""TargetObject"">\REGISTRY\A\{b3b14332-edc6-625a-c682-62677f6d06d4}\Root\InventoryApplicationFile\redvanity.exe|5c4d0b7a35711080\LinkDate</Data>
      <Data Name=""Details"">09/03/2023 09:34:04</Data>
      <Data Name=""User"">NT AUTHORITY\SYSTEM</Data>
    </EventData>
  </Event>
  
"
Microsoft-Windows-Sysmon/Operational,,,WinDev2309Eval,,,,c:\atomicredteam\atomics\t1055\bin\x64\redvanity.exe,13,19586,SetValue,,,C:\Windows\System32\svchost.exe,,0x8000000000000000,4,,,0,,,,,,,{f57bd86a-36f8-658c-3e00-000000000f00},3588,3212,,InvDB-Path,2023-12-27T18:51:02.7414661Z,,\REGISTRY\A\{b3b14332-edc6-625a-c682-62677f6d06d4}\Root\InventoryApplicationFile\redvanity.exe|5c4d0b7a35711080\LowerCaseLongPath,13,,5124,NT AUTHORITY\SYSTEM,S-1-5-18,2023-12-27 18:51:02.734,2,"<Event xmlns=""http://schemas.microsoft.com/win/2004/08/events/event"">
    <System>
      <Provider Name=""Microsoft-Windows-Sysmon"" Guid=""{5770385f-c22a-43e0-bf4c-06f5698ffbd9}""/>
      <EventID>13</EventID>
      <Version>2</Version>
      <Level>4</Level>
      <Task>13</Task>
      <Opcode>0</Opcode>
      <Keywords>0x8000000000000000</Keywords>
      <TimeCreated SystemTime=""2023-12-27T18:51:02.7414661Z""/>
      <EventRecordID>19586</EventRecordID>
      <Correlation/>
      <Execution ProcessID=""3588"" ThreadID=""5124""/>
      <Channel>Microsoft-Windows-Sysmon/Operational</Channel>
      <Computer>WinDev2309Eval</Computer>
      <Security UserID=""S-1-5-18""/>
    </System>
    <EventData>
      <Data Name=""RuleName"">InvDB-Path</Data>
      <Data Name=""EventType"">SetValue</Data>
      <Data Name=""UtcTime"">2023-12-27 18:51:02.734</Data>
      <Data Name=""ProcessGuid"">{f57bd86a-36f8-658c-3e00-000000000f00}</Data>
      <Data Name=""ProcessId"">3212</Data>
      <Data Name=""Image"">C:\Windows\System32\svchost.exe</Data>
      <Data Name=""TargetObject"">\REGISTRY\A\{b3b14332-edc6-625a-c682-62677f6d06d4}\Root\InventoryApplicationFile\redvanity.exe|5c4d0b7a35711080\LowerCaseLongPath</Data>
      <Data Name=""Details"">c:\atomicredteam\atomics\t1055\bin\x64\redvanity.exe</Data>
      <Data Name=""User"">NT AUTHORITY\SYSTEM</Data>
    </EventData>
  </Event>
  
"
Microsoft-Windows-Sysmon/Operational,,,WinDev2309Eval,2023-12-27 18:51:02.406,,,,11,19585,,,,C:\Windows\System32\WindowsPowerShell\v1.0\powershell.exe,,0x8000000000000000,4,,,0,,,,,,,{f57bd86a-7216-658c-d101-000000000f00},3588,6780,,-,2023-12-27T18:51:02.4116625Z,C:\Users\User\AppData\Local\Temp\__PSScriptPolicyTest_os4ev2ub.jur.ps1,,11,,5124,WINDEV2309EVAL\User,S-1-5-18,2023-12-27 18:51:02.406,2,"<Event xmlns=""http://schemas.microsoft.com/win/2004/08/events/event"">
    <System>
      <Provider Name=""Microsoft-Windows-Sysmon"" Guid=""{5770385f-c22a-43e0-bf4c-06f5698ffbd9}""/>
      <EventID>11</EventID>
      <Version>2</Version>
      <Level>4</Level>
      <Task>11</Task>
      <Opcode>0</Opcode>
      <Keywords>0x8000000000000000</Keywords>
      <TimeCreated SystemTime=""2023-12-27T18:51:02.4116625Z""/>
      <EventRecordID>19585</EventRecordID>
      <Correlation/>
      <Execution ProcessID=""3588"" ThreadID=""5124""/>
      <Channel>Microsoft-Windows-Sysmon/Operational</Channel>
      <Computer>WinDev2309Eval</Computer>
      <Security UserID=""S-1-5-18""/>
    </System>
    <EventData>
      <Data Name=""RuleName"">-</Data>
      <Data Name=""UtcTime"">2023-12-27 18:51:02.406</Data>
      <Data Name=""ProcessGuid"">{f57bd86a-7216-658c-d101-000000000f00}</Data>
      <Data Name=""ProcessId"">6780</Data>
      <Data Name=""Image"">C:\Windows\System32\WindowsPowerShell\v1.0\powershell.exe</Data>
      <Data Name=""TargetFilename"">C:\Users\User\AppData\Local\Temp\__PSScriptPolicyTest_os4ev2ub.jur.ps1</Data>
      <Data Name=""CreationUtcTime"">2023-12-27 18:51:02.406</Data>
      <Data Name=""User"">WINDEV2309EVAL\User</Data>
    </EventData>
  </Event>
  
"
Microsoft-Windows-Sysmon/Operational,"""powershell.exe"" & {$address = (& \""""C:\AtomicRedTeam\atomics\T1055\bin\x64\searchVuln.exe\"""" \""""C:\AtomicRedTeam\atomics\T1055\bin\x64\vuln_dll\\"""" | Out-String | Select-String -Pattern \""""VirtualAddress: (\w+)\"""").Matches.Groups[1].Value
& \""""C:\AtomicRedTeam\atomics\T1055\bin\x64\RWXinjectionLocal.exe\"""" \""""C:\AtomicRedTeam\atomics\T1055\bin\x64\vuln_dll\msys-2.0.dll\"""" $address}",Microsoft Corporation,WinDev2309Eval,,C:\Users\User\AppData\Local\Temp\,Windows PowerShell,,1,19584,,10.0.22621.2506 (WinBuild.160101.0800),"MD5=2D1D70C92A419D9079B047954C611886,SHA256=C50057756CDB25D481CF2502ABCEF124F864C27618C5057468BFC6B82B2C4EDD,IMPHASH=E09C4F82A1DA13A09F4FF2E625FEBA20",C:\Windows\System32\WindowsPowerShell\v1.0\powershell.exe,Medium,0x8000000000000000,4,{f57bd86a-36f9-658c-7bf8-020000000000},0x2f87b,0,PowerShell.EXE,-,-,{00000000-0000-0000-0000-000000000000},1688,-,{f57bd86a-7216-658c-d101-000000000f00},3588,6780,Microsoft® Windows® Operating System,-,2023-12-27T18:51:02.2893107Z,,,1,1,5124,WINDEV2309EVAL\User,S-1-5-18,2023-12-27 18:51:02.288,5,"<Event xmlns=""http://schemas.microsoft.com/win/2004/08/events/event"">
    <System>
      <Provider Name=""Microsoft-Windows-Sysmon"" Guid=""{5770385f-c22a-43e0-bf4c-06f5698ffbd9}""/>
      <EventID>1</EventID>
      <Version>5</Version>
      <Level>4</Level>
      <Task>1</Task>
      <Opcode>0</Opcode>
      <Keywords>0x8000000000000000</Keywords>
      <TimeCreated SystemTime=""2023-12-27T18:51:02.2893107Z""/>
      <EventRecordID>19584</EventRecordID>
      <Correlation/>
      <Execution ProcessID=""3588"" ThreadID=""5124""/>
      <Channel>Microsoft-Windows-Sysmon/Operational</Channel>
      <Computer>WinDev2309Eval</Computer>
      <Security UserID=""S-1-5-18""/>
    </System>
    <EventData>
      <Data Name=""RuleName"">-</Data>
      <Data Name=""UtcTime"">2023-12-27 18:51:02.288</Data>
      <Data Name=""ProcessGuid"">{f57bd86a-7216-658c-d101-000000000f00}</Data>
      <Data Name=""ProcessId"">6780</Data>
      <Data Name=""Image"">C:\Windows\System32\WindowsPowerShell\v1.0\powershell.exe</Data>
      <Data Name=""FileVersion"">10.0.22621.2506 (WinBuild.160101.0800)</Data>
      <Data Name=""Description"">Windows PowerShell</Data>
      <Data Name=""Product"">Microsoft&#174; Windows&#174; Operating System</Data>
      <Data Name=""Company"">Microsoft Corporation</Data>
      <Data Name=""OriginalFileName"">PowerShell.EXE</Data>
      <Data Name=""CommandLine"">""powershell.exe"" &amp; {$address = (&amp; \""""C:\AtomicRedTeam\atomics\T1055\bin\x64\searchVuln.exe\"""" \""""C:\AtomicRedTeam\atomics\T1055\bin\x64\vuln_dll\\"""" | Out-String | Select-String -Pattern \""""VirtualAddress: (\w+)\"""").Matches.Groups[1].Value
&amp; \""""C:\AtomicRedTeam\atomics\T1055\bin\x64\RWXinjectionLocal.exe\"""" \""""C:\AtomicRedTeam\atomics\T1055\bin\x64\vuln_dll\msys-2.0.dll\"""" $address}</Data>
      <Data Name=""CurrentDirectory"">C:\Users\User\AppData\Local\Temp\</Data>
      <Data Name=""User"">WINDEV2309EVAL\User</Data>
      <Data Name=""LogonGuid"">{f57bd86a-36f9-658c-7bf8-020000000000}</Data>
      <Data Name=""LogonId"">0x2f87b</Data>
      <Data Name=""TerminalSessionId"">1</Data>
      <Data Name=""IntegrityLevel"">Medium</Data>
      <Data Name=""Hashes"">MD5=2D1D70C92A419D9079B047954C611886,SHA256=C50057756CDB25D481CF2502ABCEF124F864C27618C5057468BFC6B82B2C4EDD,IMPHASH=E09C4F82A1DA13A09F4FF2E625FEBA20</Data>
      <Data Name=""ParentProcessGuid"">{00000000-0000-0000-0000-000000000000}</Data>
      <Data Name=""ParentProcessId"">1688</Data>
      <Data Name=""ParentImage"">-</Data>
      <Data Name=""ParentCommandLine"">-</Data>
      <Data Name=""ParentUser"">-</Data>
    </EventData>
  </Event>

"
