Microsoft-Windows-Sysmon/Operational,"""C:\Program
                Files\WindowsApps\Microsoft.WindowsTerminal_1.18.3181.0_x64__8wekyb3d8bbwe\OpenConsole.exe""
                -Embedding",-,WinDev2309Eval,,C:\Windows\system32\,-,,1,19666,,-,"
                MD5=3E8BF6C2578C0E26CBD699A9E1A48A32,SHA256=34E13A88400216D70CC4BF03DC91AB7911F8A9354A735E4DCB090E73AEB0CE56,IMPHASH=8AEDC24AD9CD564AA66BAB6D1F8D2FDB","
                C:\Program
                Files\WindowsApps\Microsoft.WindowsTerminal_1.18.3181.0_x64__8wekyb3d8bbwe\OpenConsole.exe",Medium,0x8000000000000000,Information,{f57bd86a-36f9-658c-7bf8-020000000000},0x2f87b,"Process Create:

RuleName: -

UtcTime: 2023-12-27
                19:31:30.960

ProcessGuid:
                {f57bd86a-7b92-658c-2202-000000000f00}

ProcessId: 13580

Image:
                C:\Program
                Files\WindowsApps\Microsoft.WindowsTerminal_1.18.3181.0_x64__8wekyb3d8bbwe\OpenConsole.exe

FileVersion:
                -

Description: -

Product: -

Company:
                -

OriginalFileName: -

CommandLine: ""C:\Program
                Files\WindowsApps\Microsoft.WindowsTerminal_1.18.3181.0_x64__8wekyb3d8bbwe\OpenConsole.exe""
                -Embedding

CurrentDirectory: C:\Windows\system32\

User:
                WINDEV2309EVAL\User

LogonGuid:
                {f57bd86a-36f9-658c-7bf8-020000000000}

LogonId:
                0x2F87B

TerminalSessionId: 1

IntegrityLevel:
                Medium

Hashes:
                MD5=3E8BF6C2578C0E26CBD699A9E1A48A32,SHA256=34E13A88400216D70CC4BF03DC91AB7911F8A9354A735E4DCB090E73AEB0CE56,IMPHASH=8AEDC24AD9CD564AA66BAB6D1F8D2FDB

ParentProcessGuid:
                {f57bd86a-36f5-658c-0d00-000000000f00}

ParentProcessId:
                932

ParentImage:
                C:\Windows\System32\svchost.exe

ParentCommandLine:
                C:\Windows\system32\svchost.exe -k DcomLaunch -p

ParentUser: NT
                AUTHORITY\SYSTEM",Info,-,C:\Windows\system32\svchost.exe -k DcomLaunch -p,C:\Windows\System32\svchost.exe,{f57bd86a-36f5-658c-0d00-000000000f00},932,NT AUTHORITY\SYSTEM,{f57bd86a-7b92-658c-2202-000000000f00},3588,13580,-,,,,"
      
            
      ",-,2023-12-27T19:31:30.9644361Z,,,Process Create (rule: ProcessCreate),1,5124,WINDEV2309EVAL\User,S-1-5-18,2023-12-27 19:31:30.960,5,"<Event xmlns=""http://schemas.microsoft.com/win/2004/08/events/event"">
    
        
    <System>
      
            
      <Provider Name=""Microsoft-Windows-Sysmon"" Guid=""{5770385f-c22a-43e0-bf4c-06f5698ffbd9}""/>
      
            
      <EventID>1</EventID>
      
            
      <Version>5</Version>
      
            
      <Level>4</Level>
      
            
      <Task>1</Task>
      
            
      <Opcode>0</Opcode>
      
            
      <Keywords>0x8000000000000000</Keywords>
      
            
      <TimeCreated SystemTime=""2023-12-27T19:31:30.9644361Z""/>
      
            
      <EventRecordID>19666</EventRecordID>
      
            
      <Correlation/>
      
            
      <Execution ProcessID=""3588"" ThreadID=""5124""/>
      
            
      <Channel>Microsoft-Windows-Sysmon/Operational</Channel>
      
            
      <Computer>WinDev2309Eval</Computer>
      
            
      <Security UserID=""S-1-5-18""/>
      
        
    </System>
    
        
    <EventData>
      
            
      <Data Name=""RuleName"">-</Data>
      
            
      <Data Name=""UtcTime"">2023-12-27 19:31:30.960</Data>
      
            
      <Data Name=""ProcessGuid"">{f57bd86a-7b92-658c-2202-000000000f00}</Data>
      
            
      <Data Name=""ProcessId"">13580</Data>
      
            
      <Data Name=""Image"">
                C:\Program
                Files\WindowsApps\Microsoft.WindowsTerminal_1.18.3181.0_x64__8wekyb3d8bbwe\OpenConsole.exe</Data>
      
            
      <Data Name=""FileVersion"">-</Data>
      
            
      <Data Name=""Description"">-</Data>
      
            
      <Data Name=""Product"">-</Data>
      
            
      <Data Name=""Company"">-</Data>
      
            
      <Data Name=""OriginalFileName"">-</Data>
      
            
      <Data Name=""CommandLine"">""C:\Program
                Files\WindowsApps\Microsoft.WindowsTerminal_1.18.3181.0_x64__8wekyb3d8bbwe\OpenConsole.exe""
                -Embedding</Data>
      
            
      <Data Name=""CurrentDirectory"">C:\Windows\system32\</Data>
      
            
      <Data Name=""User"">WINDEV2309EVAL\User</Data>
      
            
      <Data Name=""LogonGuid"">{f57bd86a-36f9-658c-7bf8-020000000000}</Data>
      
            
      <Data Name=""LogonId"">0x2f87b</Data>
      
            
      <Data Name=""TerminalSessionId"">1</Data>
      
            
      <Data Name=""IntegrityLevel"">Medium</Data>
      
            
      <Data Name=""Hashes"">
                MD5=3E8BF6C2578C0E26CBD699A9E1A48A32,SHA256=34E13A88400216D70CC4BF03DC91AB7911F8A9354A735E4DCB090E73AEB0CE56,IMPHASH=8AEDC24AD9CD564AA66BAB6D1F8D2FDB</Data>
      
            
      <Data Name=""ParentProcessGuid"">{f57bd86a-36f5-658c-0d00-000000000f00}</Data>
      
            
      <Data Name=""ParentProcessId"">932</Data>
      
            
      <Data Name=""ParentImage"">C:\Windows\System32\svchost.exe</Data>
      
            
      <Data Name=""ParentCommandLine"">C:\Windows\system32\svchost.exe -k DcomLaunch -p</Data>
      
            
      <Data Name=""ParentUser"">NT AUTHORITY\SYSTEM</Data>
      
        
    </EventData>
    
        
    <RenderingInfo Culture=""en-US"">
      
            
      <Message>Process Create:

RuleName: -

UtcTime: 2023-12-27
                19:31:30.960

ProcessGuid:
                {f57bd86a-7b92-658c-2202-000000000f00}

ProcessId: 13580

Image:
                C:\Program
                Files\WindowsApps\Microsoft.WindowsTerminal_1.18.3181.0_x64__8wekyb3d8bbwe\OpenConsole.exe

FileVersion:
                -

Description: -

Product: -

Company:
                -

OriginalFileName: -

CommandLine: ""C:\Program
                Files\WindowsApps\Microsoft.WindowsTerminal_1.18.3181.0_x64__8wekyb3d8bbwe\OpenConsole.exe""
                -Embedding

CurrentDirectory: C:\Windows\system32\

User:
                WINDEV2309EVAL\User

LogonGuid:
                {f57bd86a-36f9-658c-7bf8-020000000000}

LogonId:
                0x2F87B

TerminalSessionId: 1

IntegrityLevel:
                Medium

Hashes:
                MD5=3E8BF6C2578C0E26CBD699A9E1A48A32,SHA256=34E13A88400216D70CC4BF03DC91AB7911F8A9354A735E4DCB090E73AEB0CE56,IMPHASH=8AEDC24AD9CD564AA66BAB6D1F8D2FDB

ParentProcessGuid:
                {f57bd86a-36f5-658c-0d00-000000000f00}

ParentProcessId:
                932

ParentImage:
                C:\Windows\System32\svchost.exe

ParentCommandLine:
                C:\Windows\system32\svchost.exe -k DcomLaunch -p

ParentUser: NT
                AUTHORITY\SYSTEM</Message>
      
            
      <Level>Information</Level>
      
            
      <Task>Process Create (rule: ProcessCreate)</Task>
      
            
      <Opcode>Info</Opcode>
      
        
    </RenderingInfo>
    
    
  </Event>
  
    
  
"
Microsoft-Windows-Sysmon/Operational,whoami,Microsoft Corporation,WinDev2309Eval,,C:\Users\User\AppData\Local\Temp\,whoami - displays logged on user information,,1,19665,,10.0.22621.1 (WinBuild.160101.0800),"
                MD5=E0F37DB23E4F3163159A815610DF8CF2,SHA256=574BC2A2995FE2B1F732CCD39F2D99460ACE980AF29EFDF1EB0D3E888BE7D6F0,IMPHASH=62935820E434AF643547B7F5F5BD0292",C:\Windows\System32\whoami.exe,Medium,0x8000000000000000,Information,{f57bd86a-36f9-658c-7bf8-020000000000},0x2f87b,"Process Create:

RuleName: -

UtcTime: 2023-12-27
                19:31:30.777

ProcessGuid:
                {f57bd86a-7b92-658c-2002-000000000f00}

ProcessId: 13516

Image:
                C:\Windows\System32\whoami.exe

FileVersion: 10.0.22621.1
                (WinBuild.160101.0800)

Description: whoami - displays logged on user
                information

Product: Microsoft速 Windows速 Operating System

Company:
                Microsoft Corporation

OriginalFileName: whoami.exe

CommandLine:
                whoami

CurrentDirectory: C:\Users\User\AppData\Local\Temp\

User:
                WINDEV2309EVAL\User

LogonGuid:
                {f57bd86a-36f9-658c-7bf8-020000000000}

LogonId:
                0x2F87B

TerminalSessionId: 1

IntegrityLevel:
                Medium

Hashes:
                MD5=E0F37DB23E4F3163159A815610DF8CF2,SHA256=574BC2A2995FE2B1F732CCD39F2D99460ACE980AF29EFDF1EB0D3E888BE7D6F0,IMPHASH=62935820E434AF643547B7F5F5BD0292

ParentProcessGuid:
                {f57bd86a-7b92-658c-1f02-000000000f00}

ParentProcessId:
                13472

ParentImage:
                C:\Windows\System32\wscript.exe

ParentCommandLine:
                ""C:\Windows\System32\WScript.exe"" ""C:\Users\User\AppData\Local\Temp\AtomicTest.vbs""
                

ParentUser: WINDEV2309EVAL\User",Info,whoami.exe,"""C:\Windows\System32\WScript.exe""
                ""C:\Users\User\AppData\Local\Temp\AtomicTest.vbs"" ",C:\Windows\System32\wscript.exe,{f57bd86a-7b92-658c-1f02-000000000f00},13472,WINDEV2309EVAL\User,{f57bd86a-7b92-658c-2002-000000000f00},3588,13516,Microsoft速 Windows速 Operating System,,,,"
      
            
      ",-,2023-12-27T19:31:30.7826434Z,,,Process Create (rule: ProcessCreate),1,5124,WINDEV2309EVAL\User,S-1-5-18,2023-12-27 19:31:30.777,5,"<Event xmlns=""http://schemas.microsoft.com/win/2004/08/events/event"">
    
        
    <System>
      
            
      <Provider Name=""Microsoft-Windows-Sysmon"" Guid=""{5770385f-c22a-43e0-bf4c-06f5698ffbd9}""/>
      
            
      <EventID>1</EventID>
      
            
      <Version>5</Version>
      
            
      <Level>4</Level>
      
            
      <Task>1</Task>
      
            
      <Opcode>0</Opcode>
      
            
      <Keywords>0x8000000000000000</Keywords>
      
            
      <TimeCreated SystemTime=""2023-12-27T19:31:30.7826434Z""/>
      
            
      <EventRecordID>19665</EventRecordID>
      
            
      <Correlation/>
      
            
      <Execution ProcessID=""3588"" ThreadID=""5124""/>
      
            
      <Channel>Microsoft-Windows-Sysmon/Operational</Channel>
      
            
      <Computer>WinDev2309Eval</Computer>
      
            
      <Security UserID=""S-1-5-18""/>
      
        
    </System>
    
        
    <EventData>
      
            
      <Data Name=""RuleName"">-</Data>
      
            
      <Data Name=""UtcTime"">2023-12-27 19:31:30.777</Data>
      
            
      <Data Name=""ProcessGuid"">{f57bd86a-7b92-658c-2002-000000000f00}</Data>
      
            
      <Data Name=""ProcessId"">13516</Data>
      
            
      <Data Name=""Image"">C:\Windows\System32\whoami.exe</Data>
      
            
      <Data Name=""FileVersion"">10.0.22621.1 (WinBuild.160101.0800)</Data>
      
            
      <Data Name=""Description"">whoami - displays logged on user information</Data>
      
            
      <Data Name=""Product"">Microsoft&#174; Windows&#174; Operating System</Data>
      
            
      <Data Name=""Company"">Microsoft Corporation</Data>
      
            
      <Data Name=""OriginalFileName"">whoami.exe</Data>
      
            
      <Data Name=""CommandLine"">whoami</Data>
      
            
      <Data Name=""CurrentDirectory"">C:\Users\User\AppData\Local\Temp\</Data>
      
            
      <Data Name=""User"">WINDEV2309EVAL\User</Data>
      
            
      <Data Name=""LogonGuid"">{f57bd86a-36f9-658c-7bf8-020000000000}</Data>
      
            
      <Data Name=""LogonId"">0x2f87b</Data>
      
            
      <Data Name=""TerminalSessionId"">1</Data>
      
            
      <Data Name=""IntegrityLevel"">Medium</Data>
      
            
      <Data Name=""Hashes"">
                MD5=E0F37DB23E4F3163159A815610DF8CF2,SHA256=574BC2A2995FE2B1F732CCD39F2D99460ACE980AF29EFDF1EB0D3E888BE7D6F0,IMPHASH=62935820E434AF643547B7F5F5BD0292</Data>
      
            
      <Data Name=""ParentProcessGuid"">{f57bd86a-7b92-658c-1f02-000000000f00}</Data>
      
            
      <Data Name=""ParentProcessId"">13472</Data>
      
            
      <Data Name=""ParentImage"">C:\Windows\System32\wscript.exe</Data>
      
            
      <Data Name=""ParentCommandLine"">""C:\Windows\System32\WScript.exe""
                ""C:\Users\User\AppData\Local\Temp\AtomicTest.vbs"" </Data>
      
            
      <Data Name=""ParentUser"">WINDEV2309EVAL\User</Data>
      
        
    </EventData>
    
        
    <RenderingInfo Culture=""en-US"">
      
            
      <Message>Process Create:

RuleName: -

UtcTime: 2023-12-27
                19:31:30.777

ProcessGuid:
                {f57bd86a-7b92-658c-2002-000000000f00}

ProcessId: 13516

Image:
                C:\Windows\System32\whoami.exe

FileVersion: 10.0.22621.1
                (WinBuild.160101.0800)

Description: whoami - displays logged on user
                information

Product: Microsoft&#174; Windows&#174; Operating System

Company:
                Microsoft Corporation

OriginalFileName: whoami.exe

CommandLine:
                whoami

CurrentDirectory: C:\Users\User\AppData\Local\Temp\

User:
                WINDEV2309EVAL\User

LogonGuid:
                {f57bd86a-36f9-658c-7bf8-020000000000}

LogonId:
                0x2F87B

TerminalSessionId: 1

IntegrityLevel:
                Medium

Hashes:
                MD5=E0F37DB23E4F3163159A815610DF8CF2,SHA256=574BC2A2995FE2B1F732CCD39F2D99460ACE980AF29EFDF1EB0D3E888BE7D6F0,IMPHASH=62935820E434AF643547B7F5F5BD0292

ParentProcessGuid:
                {f57bd86a-7b92-658c-1f02-000000000f00}

ParentProcessId:
                13472

ParentImage:
                C:\Windows\System32\wscript.exe

ParentCommandLine:
                ""C:\Windows\System32\WScript.exe"" ""C:\Users\User\AppData\Local\Temp\AtomicTest.vbs""
                

ParentUser: WINDEV2309EVAL\User</Message>
      
            
      <Level>Information</Level>
      
            
      <Task>Process Create (rule: ProcessCreate)</Task>
      
            
      <Opcode>Info</Opcode>
      
        
    </RenderingInfo>
    
    
  </Event>
  
    
  
"
Microsoft-Windows-Sysmon/Operational,"""C:\Windows\System32\WScript.exe""
                ""C:\Users\User\AppData\Local\Temp\AtomicTest.vbs"" ",Microsoft Corporation,WinDev2309Eval,,C:\Users\User\AppData\Local\Temp\,Microsoft 速 Windows Based Script Host,,1,19664,,5.812.10240.16384,"
                MD5=CD3C1773CEF2611325FA884926090538,SHA256=7478B567C9EC9A1E1061F9C6DB2993FCDC2EC4E8FB5CA6DA80FA307B54116E69,IMPHASH=ACD7356FA52D4E2866A873BF9AB94256",C:\Windows\System32\wscript.exe,Medium,0x8000000000000000,Information,{f57bd86a-36f9-658c-7bf8-020000000000},0x2f87b,"Process Create:

RuleName: -

UtcTime: 2023-12-27
                19:31:30.498

ProcessGuid:
                {f57bd86a-7b92-658c-1f02-000000000f00}

ProcessId: 13472

Image:
                C:\Windows\System32\wscript.exe

FileVersion:
                5.812.10240.16384

Description: Microsoft 速 Windows Based Script
                Host

Product: Microsoft 速 Windows Script Host

Company: Microsoft
                Corporation

OriginalFileName: wscript.exe

CommandLine:
                ""C:\Windows\System32\WScript.exe"" ""C:\Users\User\AppData\Local\Temp\AtomicTest.vbs""
                

CurrentDirectory: C:\Users\User\AppData\Local\Temp\

User:
                WINDEV2309EVAL\User

LogonGuid:
                {f57bd86a-36f9-658c-7bf8-020000000000}

LogonId:
                0x2F87B

TerminalSessionId: 1

IntegrityLevel:
                Medium

Hashes:
                MD5=CD3C1773CEF2611325FA884926090538,SHA256=7478B567C9EC9A1E1061F9C6DB2993FCDC2EC4E8FB5CA6DA80FA307B54116E69,IMPHASH=ACD7356FA52D4E2866A873BF9AB94256

ParentProcessGuid:
                {f57bd86a-7b91-658c-1c02-000000000f00}

ParentProcessId:
                13328

ParentImage: C:\Windows\System32\cmd.exe

ParentCommandLine:
                ""cmd.exe"" /c c:\windows\system32\cmd.exe /c cd /d %TEMP%\ & echo Set objShell =
                CreateObject(""WScript.Shell""):Set objExec = objShell.Exec(""whoami""):Set objExec =
                Nothing:Set objShell = Nothing > AtomicTest.vbs &
                AtomicTest.vbs

ParentUser: WINDEV2309EVAL\User",Info,wscript.exe,"""cmd.exe"" /c c:\windows\system32\cmd.exe /c cd /d %TEMP%\
                & echo Set objShell = CreateObject(""WScript.Shell""):Set objExec =
                objShell.Exec(""whoami""):Set objExec = Nothing:Set objShell = Nothing >
                AtomicTest.vbs & AtomicTest.vbs",C:\Windows\System32\cmd.exe,{f57bd86a-7b91-658c-1c02-000000000f00},13328,WINDEV2309EVAL\User,{f57bd86a-7b92-658c-1f02-000000000f00},3588,13472,Microsoft 速 Windows Script Host,,,,"
      
            
      ",-,2023-12-27T19:31:30.5125939Z,,,Process Create (rule: ProcessCreate),1,5124,WINDEV2309EVAL\User,S-1-5-18,2023-12-27 19:31:30.498,5,"<Event xmlns=""http://schemas.microsoft.com/win/2004/08/events/event"">
    
        
    <System>
      
            
      <Provider Name=""Microsoft-Windows-Sysmon"" Guid=""{5770385f-c22a-43e0-bf4c-06f5698ffbd9}""/>
      
            
      <EventID>1</EventID>
      
            
      <Version>5</Version>
      
            
      <Level>4</Level>
      
            
      <Task>1</Task>
      
            
      <Opcode>0</Opcode>
      
            
      <Keywords>0x8000000000000000</Keywords>
      
            
      <TimeCreated SystemTime=""2023-12-27T19:31:30.5125939Z""/>
      
            
      <EventRecordID>19664</EventRecordID>
      
            
      <Correlation/>
      
            
      <Execution ProcessID=""3588"" ThreadID=""5124""/>
      
            
      <Channel>Microsoft-Windows-Sysmon/Operational</Channel>
      
            
      <Computer>WinDev2309Eval</Computer>
      
            
      <Security UserID=""S-1-5-18""/>
      
        
    </System>
    
        
    <EventData>
      
            
      <Data Name=""RuleName"">-</Data>
      
            
      <Data Name=""UtcTime"">2023-12-27 19:31:30.498</Data>
      
            
      <Data Name=""ProcessGuid"">{f57bd86a-7b92-658c-1f02-000000000f00}</Data>
      
            
      <Data Name=""ProcessId"">13472</Data>
      
            
      <Data Name=""Image"">C:\Windows\System32\wscript.exe</Data>
      
            
      <Data Name=""FileVersion"">5.812.10240.16384</Data>
      
            
      <Data Name=""Description"">Microsoft &#174; Windows Based Script Host</Data>
      
            
      <Data Name=""Product"">Microsoft &#174; Windows Script Host</Data>
      
            
      <Data Name=""Company"">Microsoft Corporation</Data>
      
            
      <Data Name=""OriginalFileName"">wscript.exe</Data>
      
            
      <Data Name=""CommandLine"">""C:\Windows\System32\WScript.exe""
                ""C:\Users\User\AppData\Local\Temp\AtomicTest.vbs"" </Data>
      
            
      <Data Name=""CurrentDirectory"">C:\Users\User\AppData\Local\Temp\</Data>
      
            
      <Data Name=""User"">WINDEV2309EVAL\User</Data>
      
            
      <Data Name=""LogonGuid"">{f57bd86a-36f9-658c-7bf8-020000000000}</Data>
      
            
      <Data Name=""LogonId"">0x2f87b</Data>
      
            
      <Data Name=""TerminalSessionId"">1</Data>
      
            
      <Data Name=""IntegrityLevel"">Medium</Data>
      
            
      <Data Name=""Hashes"">
                MD5=CD3C1773CEF2611325FA884926090538,SHA256=7478B567C9EC9A1E1061F9C6DB2993FCDC2EC4E8FB5CA6DA80FA307B54116E69,IMPHASH=ACD7356FA52D4E2866A873BF9AB94256</Data>
      
            
      <Data Name=""ParentProcessGuid"">{f57bd86a-7b91-658c-1c02-000000000f00}</Data>
      
            
      <Data Name=""ParentProcessId"">13328</Data>
      
            
      <Data Name=""ParentImage"">C:\Windows\System32\cmd.exe</Data>
      
            
      <Data Name=""ParentCommandLine"">""cmd.exe"" /c c:\windows\system32\cmd.exe /c cd /d %TEMP%\
                &amp; echo Set objShell = CreateObject(""WScript.Shell""):Set objExec =
                objShell.Exec(""whoami""):Set objExec = Nothing:Set objShell = Nothing &gt;
                AtomicTest.vbs &amp; AtomicTest.vbs</Data>
      
            
      <Data Name=""ParentUser"">WINDEV2309EVAL\User</Data>
      
        
    </EventData>
    
        
    <RenderingInfo Culture=""en-US"">
      
            
      <Message>Process Create:

RuleName: -

UtcTime: 2023-12-27
                19:31:30.498

ProcessGuid:
                {f57bd86a-7b92-658c-1f02-000000000f00}

ProcessId: 13472

Image:
                C:\Windows\System32\wscript.exe

FileVersion:
                5.812.10240.16384

Description: Microsoft &#174; Windows Based Script
                Host

Product: Microsoft &#174; Windows Script Host

Company: Microsoft
                Corporation

OriginalFileName: wscript.exe

CommandLine:
                ""C:\Windows\System32\WScript.exe"" ""C:\Users\User\AppData\Local\Temp\AtomicTest.vbs""
                

CurrentDirectory: C:\Users\User\AppData\Local\Temp\

User:
                WINDEV2309EVAL\User

LogonGuid:
                {f57bd86a-36f9-658c-7bf8-020000000000}

LogonId:
                0x2F87B

TerminalSessionId: 1

IntegrityLevel:
                Medium

Hashes:
                MD5=CD3C1773CEF2611325FA884926090538,SHA256=7478B567C9EC9A1E1061F9C6DB2993FCDC2EC4E8FB5CA6DA80FA307B54116E69,IMPHASH=ACD7356FA52D4E2866A873BF9AB94256

ParentProcessGuid:
                {f57bd86a-7b91-658c-1c02-000000000f00}

ParentProcessId:
                13328

ParentImage: C:\Windows\System32\cmd.exe

ParentCommandLine:
                ""cmd.exe"" /c c:\windows\system32\cmd.exe /c cd /d %TEMP%\ &amp; echo Set objShell =
                CreateObject(""WScript.Shell""):Set objExec = objShell.Exec(""whoami""):Set objExec =
                Nothing:Set objShell = Nothing &gt; AtomicTest.vbs &amp;
                AtomicTest.vbs

ParentUser: WINDEV2309EVAL\User</Message>
      
            
      <Level>Information</Level>
      
            
      <Task>Process Create (rule: ProcessCreate)</Task>
      
            
      <Opcode>Info</Opcode>
      
        
    </RenderingInfo>
    
    
  </Event>
  
    
  
"
Microsoft-Windows-Sysmon/Operational,,,WinDev2309Eval,2023-12-27 19:31:29.944,,,,11,19663,,,,C:\Windows\SYSTEM32\cmd.exe,,0x8000000000000000,Information,,,"File created:

RuleName: -

UtcTime: 2023-12-27
                19:31:29.944

ProcessGuid:
                {f57bd86a-7b91-658c-1c02-000000000f00}

ProcessId: 13328

Image:
                C:\Windows\SYSTEM32\cmd.exe

TargetFilename:
                C:\Users\User\AppData\Local\Temp\AtomicTest.vbs

CreationUtcTime: 2023-12-27
                19:31:29.944

User: WINDEV2309EVAL\User",Info,,,,,,,{f57bd86a-7b91-658c-1c02-000000000f00},3588,13328,,,,,"
      
            
      ",-,2023-12-27T19:31:29.9540606Z,C:\Users\User\AppData\Local\Temp\AtomicTest.vbs,,File created (rule: FileCreate),,5124,WINDEV2309EVAL\User,S-1-5-18,2023-12-27 19:31:29.944,2,"<Event xmlns=""http://schemas.microsoft.com/win/2004/08/events/event"">
    
        
    <System>
      
            
      <Provider Name=""Microsoft-Windows-Sysmon"" Guid=""{5770385f-c22a-43e0-bf4c-06f5698ffbd9}""/>
      
            
      <EventID>11</EventID>
      
            
      <Version>2</Version>
      
            
      <Level>4</Level>
      
            
      <Task>11</Task>
      
            
      <Opcode>0</Opcode>
      
            
      <Keywords>0x8000000000000000</Keywords>
      
            
      <TimeCreated SystemTime=""2023-12-27T19:31:29.9540606Z""/>
      
            
      <EventRecordID>19663</EventRecordID>
      
            
      <Correlation/>
      
            
      <Execution ProcessID=""3588"" ThreadID=""5124""/>
      
            
      <Channel>Microsoft-Windows-Sysmon/Operational</Channel>
      
            
      <Computer>WinDev2309Eval</Computer>
      
            
      <Security UserID=""S-1-5-18""/>
      
        
    </System>
    
        
    <EventData>
      
            
      <Data Name=""RuleName"">-</Data>
      
            
      <Data Name=""UtcTime"">2023-12-27 19:31:29.944</Data>
      
            
      <Data Name=""ProcessGuid"">{f57bd86a-7b91-658c-1c02-000000000f00}</Data>
      
            
      <Data Name=""ProcessId"">13328</Data>
      
            
      <Data Name=""Image"">C:\Windows\SYSTEM32\cmd.exe</Data>
      
            
      <Data Name=""TargetFilename"">C:\Users\User\AppData\Local\Temp\AtomicTest.vbs</Data>
      
            
      <Data Name=""CreationUtcTime"">2023-12-27 19:31:29.944</Data>
      
            
      <Data Name=""User"">WINDEV2309EVAL\User</Data>
      
        
    </EventData>
    
        
    <RenderingInfo Culture=""en-US"">
      
            
      <Message>File created:

RuleName: -

UtcTime: 2023-12-27
                19:31:29.944

ProcessGuid:
                {f57bd86a-7b91-658c-1c02-000000000f00}

ProcessId: 13328

Image:
                C:\Windows\SYSTEM32\cmd.exe

TargetFilename:
                C:\Users\User\AppData\Local\Temp\AtomicTest.vbs

CreationUtcTime: 2023-12-27
                19:31:29.944

User: WINDEV2309EVAL\User</Message>
      
            
      <Level>Information</Level>
      
            
      <Task>File created (rule: FileCreate)</Task>
      
            
      <Opcode>Info</Opcode>
      
        
    </RenderingInfo>
    
    
  </Event>
  
    
  
"
Microsoft-Windows-Sysmon/Operational,"c:\windows\system32\cmd.exe /c cd /d
                C:\Users\User\AppData\Local\Temp\ ",Microsoft Corporation,WinDev2309Eval,,C:\Users\User\AppData\Local\Temp\,Windows Command Processor,,1,19662,,10.0.22621.2506 (WinBuild.160101.0800),"
                MD5=133D568ECCB557E37BEA1459521CBAC2,SHA256=05A30592D2C3421C41121145C6EEFA7C81FEA6B42D6233A522240A8468326B9C,IMPHASH=D73E39DAB3C8B57AA408073D01254964",C:\Windows\System32\cmd.exe,Medium,0x8000000000000000,Information,{f57bd86a-36f9-658c-7bf8-020000000000},0x2f87b,"Process Create:

RuleName: -

UtcTime: 2023-12-27
                19:31:29.894

ProcessGuid:
                {f57bd86a-7b91-658c-1e02-000000000f00}

ProcessId: 13388

Image:
                C:\Windows\System32\cmd.exe

FileVersion: 10.0.22621.2506
                (WinBuild.160101.0800)

Description: Windows Command
                Processor

Product: Microsoft速 Windows速 Operating System

Company:
                Microsoft Corporation

OriginalFileName: Cmd.Exe

CommandLine:
                c:\windows\system32\cmd.exe /c cd /d C:\Users\User\AppData\Local\Temp\
                

CurrentDirectory: C:\Users\User\AppData\Local\Temp\

User:
                WINDEV2309EVAL\User

LogonGuid:
                {f57bd86a-36f9-658c-7bf8-020000000000}

LogonId:
                0x2F87B

TerminalSessionId: 1

IntegrityLevel:
                Medium

Hashes:
                MD5=133D568ECCB557E37BEA1459521CBAC2,SHA256=05A30592D2C3421C41121145C6EEFA7C81FEA6B42D6233A522240A8468326B9C,IMPHASH=D73E39DAB3C8B57AA408073D01254964

ParentProcessGuid:
                {f57bd86a-7b91-658c-1c02-000000000f00}

ParentProcessId:
                13328

ParentImage: C:\Windows\System32\cmd.exe

ParentCommandLine:
                ""cmd.exe"" /c c:\windows\system32\cmd.exe /c cd /d %TEMP%\ & echo Set objShell =
                CreateObject(""WScript.Shell""):Set objExec = objShell.Exec(""whoami""):Set objExec =
                Nothing:Set objShell = Nothing > AtomicTest.vbs &
                AtomicTest.vbs

ParentUser: WINDEV2309EVAL\User",Info,Cmd.Exe,"""cmd.exe"" /c c:\windows\system32\cmd.exe /c cd /d %TEMP%\
                & echo Set objShell = CreateObject(""WScript.Shell""):Set objExec =
                objShell.Exec(""whoami""):Set objExec = Nothing:Set objShell = Nothing >
                AtomicTest.vbs & AtomicTest.vbs",C:\Windows\System32\cmd.exe,{f57bd86a-7b91-658c-1c02-000000000f00},13328,WINDEV2309EVAL\User,{f57bd86a-7b91-658c-1e02-000000000f00},3588,13388,Microsoft速 Windows速 Operating System,,,,"
      
            
      ",-,2023-12-27T19:31:29.8967457Z,,,Process Create (rule: ProcessCreate),1,5124,WINDEV2309EVAL\User,S-1-5-18,2023-12-27 19:31:29.894,5,"<Event xmlns=""http://schemas.microsoft.com/win/2004/08/events/event"">
    
        
    <System>
      
            
      <Provider Name=""Microsoft-Windows-Sysmon"" Guid=""{5770385f-c22a-43e0-bf4c-06f5698ffbd9}""/>
      
            
      <EventID>1</EventID>
      
            
      <Version>5</Version>
      
            
      <Level>4</Level>
      
            
      <Task>1</Task>
      
            
      <Opcode>0</Opcode>
      
            
      <Keywords>0x8000000000000000</Keywords>
      
            
      <TimeCreated SystemTime=""2023-12-27T19:31:29.8967457Z""/>
      
            
      <EventRecordID>19662</EventRecordID>
      
            
      <Correlation/>
      
            
      <Execution ProcessID=""3588"" ThreadID=""5124""/>
      
            
      <Channel>Microsoft-Windows-Sysmon/Operational</Channel>
      
            
      <Computer>WinDev2309Eval</Computer>
      
            
      <Security UserID=""S-1-5-18""/>
      
        
    </System>
    
        
    <EventData>
      
            
      <Data Name=""RuleName"">-</Data>
      
            
      <Data Name=""UtcTime"">2023-12-27 19:31:29.894</Data>
      
            
      <Data Name=""ProcessGuid"">{f57bd86a-7b91-658c-1e02-000000000f00}</Data>
      
            
      <Data Name=""ProcessId"">13388</Data>
      
            
      <Data Name=""Image"">C:\Windows\System32\cmd.exe</Data>
      
            
      <Data Name=""FileVersion"">10.0.22621.2506 (WinBuild.160101.0800)</Data>
      
            
      <Data Name=""Description"">Windows Command Processor</Data>
      
            
      <Data Name=""Product"">Microsoft&#174; Windows&#174; Operating System</Data>
      
            
      <Data Name=""Company"">Microsoft Corporation</Data>
      
            
      <Data Name=""OriginalFileName"">Cmd.Exe</Data>
      
            
      <Data Name=""CommandLine"">c:\windows\system32\cmd.exe /c cd /d
                C:\Users\User\AppData\Local\Temp\ </Data>
      
            
      <Data Name=""CurrentDirectory"">C:\Users\User\AppData\Local\Temp\</Data>
      
            
      <Data Name=""User"">WINDEV2309EVAL\User</Data>
      
            
      <Data Name=""LogonGuid"">{f57bd86a-36f9-658c-7bf8-020000000000}</Data>
      
            
      <Data Name=""LogonId"">0x2f87b</Data>
      
            
      <Data Name=""TerminalSessionId"">1</Data>
      
            
      <Data Name=""IntegrityLevel"">Medium</Data>
      
            
      <Data Name=""Hashes"">
                MD5=133D568ECCB557E37BEA1459521CBAC2,SHA256=05A30592D2C3421C41121145C6EEFA7C81FEA6B42D6233A522240A8468326B9C,IMPHASH=D73E39DAB3C8B57AA408073D01254964</Data>
      
            
      <Data Name=""ParentProcessGuid"">{f57bd86a-7b91-658c-1c02-000000000f00}</Data>
      
            
      <Data Name=""ParentProcessId"">13328</Data>
      
            
      <Data Name=""ParentImage"">C:\Windows\System32\cmd.exe</Data>
      
            
      <Data Name=""ParentCommandLine"">""cmd.exe"" /c c:\windows\system32\cmd.exe /c cd /d %TEMP%\
                &amp; echo Set objShell = CreateObject(""WScript.Shell""):Set objExec =
                objShell.Exec(""whoami""):Set objExec = Nothing:Set objShell = Nothing &gt;
                AtomicTest.vbs &amp; AtomicTest.vbs</Data>
      
            
      <Data Name=""ParentUser"">WINDEV2309EVAL\User</Data>
      
        
    </EventData>
    
        
    <RenderingInfo Culture=""en-US"">
      
            
      <Message>Process Create:

RuleName: -

UtcTime: 2023-12-27
                19:31:29.894

ProcessGuid:
                {f57bd86a-7b91-658c-1e02-000000000f00}

ProcessId: 13388

Image:
                C:\Windows\System32\cmd.exe

FileVersion: 10.0.22621.2506
                (WinBuild.160101.0800)

Description: Windows Command
                Processor

Product: Microsoft&#174; Windows&#174; Operating System

Company:
                Microsoft Corporation

OriginalFileName: Cmd.Exe

CommandLine:
                c:\windows\system32\cmd.exe /c cd /d C:\Users\User\AppData\Local\Temp\
                

CurrentDirectory: C:\Users\User\AppData\Local\Temp\

User:
                WINDEV2309EVAL\User

LogonGuid:
                {f57bd86a-36f9-658c-7bf8-020000000000}

LogonId:
                0x2F87B

TerminalSessionId: 1

IntegrityLevel:
                Medium

Hashes:
                MD5=133D568ECCB557E37BEA1459521CBAC2,SHA256=05A30592D2C3421C41121145C6EEFA7C81FEA6B42D6233A522240A8468326B9C,IMPHASH=D73E39DAB3C8B57AA408073D01254964

ParentProcessGuid:
                {f57bd86a-7b91-658c-1c02-000000000f00}

ParentProcessId:
                13328

ParentImage: C:\Windows\System32\cmd.exe

ParentCommandLine:
                ""cmd.exe"" /c c:\windows\system32\cmd.exe /c cd /d %TEMP%\ &amp; echo Set objShell =
                CreateObject(""WScript.Shell""):Set objExec = objShell.Exec(""whoami""):Set objExec =
                Nothing:Set objShell = Nothing &gt; AtomicTest.vbs &amp;
                AtomicTest.vbs

ParentUser: WINDEV2309EVAL\User</Message>
      
            
      <Level>Information</Level>
      
            
      <Task>Process Create (rule: ProcessCreate)</Task>
      
            
      <Opcode>Info</Opcode>
      
        
    </RenderingInfo>
    
    
  </Event>
  
    
  
"
Microsoft-Windows-Sysmon/Operational,"""cmd.exe"" /c c:\windows\system32\cmd.exe /c cd /d %%TEMP%%\
                & echo Set objShell = CreateObject(""WScript.Shell""):Set objExec =
                objShell.Exec(""whoami""):Set objExec = Nothing:Set objShell = Nothing >
                AtomicTest.vbs & AtomicTest.vbs",Microsoft Corporation,WinDev2309Eval,,C:\Users\User\AppData\Local\Temp\,Windows Command Processor,,1,19661,,10.0.22621.2506 (WinBuild.160101.0800),"
                MD5=133D568ECCB557E37BEA1459521CBAC2,SHA256=05A30592D2C3421C41121145C6EEFA7C81FEA6B42D6233A522240A8468326B9C,IMPHASH=D73E39DAB3C8B57AA408073D01254964",C:\Windows\System32\cmd.exe,Medium,0x8000000000000000,Information,{f57bd86a-36f9-658c-7bf8-020000000000},0x2f87b,"Process Create:

RuleName: -

UtcTime: 2023-12-27
                19:31:29.685

ProcessGuid:
                {f57bd86a-7b91-658c-1c02-000000000f00}

ProcessId: 13328

Image:
                C:\Windows\System32\cmd.exe

FileVersion: 10.0.22621.2506
                (WinBuild.160101.0800)

Description: Windows Command
                Processor

Product: Microsoft速 Windows速 Operating System

Company:
                Microsoft Corporation

OriginalFileName: Cmd.Exe

CommandLine:
                ""cmd.exe"" /c c:\windows\system32\cmd.exe /c cd /d %%TEMP%%\ & echo Set objShell
                = CreateObject(""WScript.Shell""):Set objExec = objShell.Exec(""whoami""):Set objExec =
                Nothing:Set objShell = Nothing > AtomicTest.vbs &
                AtomicTest.vbs

CurrentDirectory:
                C:\Users\User\AppData\Local\Temp\

User:
                WINDEV2309EVAL\User

LogonGuid:
                {f57bd86a-36f9-658c-7bf8-020000000000}

LogonId:
                0x2F87B

TerminalSessionId: 1

IntegrityLevel:
                Medium

Hashes:
                MD5=133D568ECCB557E37BEA1459521CBAC2,SHA256=05A30592D2C3421C41121145C6EEFA7C81FEA6B42D6233A522240A8468326B9C,IMPHASH=D73E39DAB3C8B57AA408073D01254964

ParentProcessGuid:
                {00000000-0000-0000-0000-000000000000}

ParentProcessId:
                1688

ParentImage: -

ParentCommandLine: -

ParentUser: -",Info,Cmd.Exe,-,-,{00000000-0000-0000-0000-000000000000},1688,-,{f57bd86a-7b91-658c-1c02-000000000f00},3588,13328,Microsoft速 Windows速 Operating System,,,,"
      
            
      ",-,2023-12-27T19:31:29.6892221Z,,,Process Create (rule: ProcessCreate),1,5124,WINDEV2309EVAL\User,S-1-5-18,2023-12-27 19:31:29.685,5,"<Event xmlns=""http://schemas.microsoft.com/win/2004/08/events/event"">
    
        
    <System>
      
            
      <Provider Name=""Microsoft-Windows-Sysmon"" Guid=""{5770385f-c22a-43e0-bf4c-06f5698ffbd9}""/>
      
            
      <EventID>1</EventID>
      
            
      <Version>5</Version>
      
            
      <Level>4</Level>
      
            
      <Task>1</Task>
      
            
      <Opcode>0</Opcode>
      
            
      <Keywords>0x8000000000000000</Keywords>
      
            
      <TimeCreated SystemTime=""2023-12-27T19:31:29.6892221Z""/>
      
            
      <EventRecordID>19661</EventRecordID>
      
            
      <Correlation/>
      
            
      <Execution ProcessID=""3588"" ThreadID=""5124""/>
      
            
      <Channel>Microsoft-Windows-Sysmon/Operational</Channel>
      
            
      <Computer>WinDev2309Eval</Computer>
      
            
      <Security UserID=""S-1-5-18""/>
      
        
    </System>
    
        
    <EventData>
      
            
      <Data Name=""RuleName"">-</Data>
      
            
      <Data Name=""UtcTime"">2023-12-27 19:31:29.685</Data>
      
            
      <Data Name=""ProcessGuid"">{f57bd86a-7b91-658c-1c02-000000000f00}</Data>
      
            
      <Data Name=""ProcessId"">13328</Data>
      
            
      <Data Name=""Image"">C:\Windows\System32\cmd.exe</Data>
      
            
      <Data Name=""FileVersion"">10.0.22621.2506 (WinBuild.160101.0800)</Data>
      
            
      <Data Name=""Description"">Windows Command Processor</Data>
      
            
      <Data Name=""Product"">Microsoft&#174; Windows&#174; Operating System</Data>
      
            
      <Data Name=""Company"">Microsoft Corporation</Data>
      
            
      <Data Name=""OriginalFileName"">Cmd.Exe</Data>
      
            
      <Data Name=""CommandLine"">""cmd.exe"" /c c:\windows\system32\cmd.exe /c cd /d %%TEMP%%\
                &amp; echo Set objShell = CreateObject(""WScript.Shell""):Set objExec =
                objShell.Exec(""whoami""):Set objExec = Nothing:Set objShell = Nothing &gt;
                AtomicTest.vbs &amp; AtomicTest.vbs</Data>
      
            
      <Data Name=""CurrentDirectory"">C:\Users\User\AppData\Local\Temp\</Data>
      
            
      <Data Name=""User"">WINDEV2309EVAL\User</Data>
      
            
      <Data Name=""LogonGuid"">{f57bd86a-36f9-658c-7bf8-020000000000}</Data>
      
            
      <Data Name=""LogonId"">0x2f87b</Data>
      
            
      <Data Name=""TerminalSessionId"">1</Data>
      
            
      <Data Name=""IntegrityLevel"">Medium</Data>
      
            
      <Data Name=""Hashes"">
                MD5=133D568ECCB557E37BEA1459521CBAC2,SHA256=05A30592D2C3421C41121145C6EEFA7C81FEA6B42D6233A522240A8468326B9C,IMPHASH=D73E39DAB3C8B57AA408073D01254964</Data>
      
            
      <Data Name=""ParentProcessGuid"">{00000000-0000-0000-0000-000000000000}</Data>
      
            
      <Data Name=""ParentProcessId"">1688</Data>
      
            
      <Data Name=""ParentImage"">-</Data>
      
            
      <Data Name=""ParentCommandLine"">-</Data>
      
            
      <Data Name=""ParentUser"">-</Data>
      
        
    </EventData>
    
        
    <RenderingInfo Culture=""en-US"">
      
            
      <Message>Process Create:

RuleName: -

UtcTime: 2023-12-27
                19:31:29.685

ProcessGuid:
                {f57bd86a-7b91-658c-1c02-000000000f00}

ProcessId: 13328

Image:
                C:\Windows\System32\cmd.exe

FileVersion: 10.0.22621.2506
                (WinBuild.160101.0800)

Description: Windows Command
                Processor

Product: Microsoft&#174; Windows&#174; Operating System

Company:
                Microsoft Corporation

OriginalFileName: Cmd.Exe

CommandLine:
                ""cmd.exe"" /c c:\windows\system32\cmd.exe /c cd /d %%TEMP%%\ &amp; echo Set objShell
                = CreateObject(""WScript.Shell""):Set objExec = objShell.Exec(""whoami""):Set objExec =
                Nothing:Set objShell = Nothing &gt; AtomicTest.vbs &amp;
                AtomicTest.vbs

CurrentDirectory:
                C:\Users\User\AppData\Local\Temp\

User:
                WINDEV2309EVAL\User

LogonGuid:
                {f57bd86a-36f9-658c-7bf8-020000000000}

LogonId:
                0x2F87B

TerminalSessionId: 1

IntegrityLevel:
                Medium

Hashes:
                MD5=133D568ECCB557E37BEA1459521CBAC2,SHA256=05A30592D2C3421C41121145C6EEFA7C81FEA6B42D6233A522240A8468326B9C,IMPHASH=D73E39DAB3C8B57AA408073D01254964

ParentProcessGuid:
                {00000000-0000-0000-0000-000000000000}

ParentProcessId:
                1688

ParentImage: -

ParentCommandLine: -

ParentUser: -</Message>
      
            
      <Level>Information</Level>
      
            
      <Task>Process Create (rule: ProcessCreate)</Task>
      
            
      <Opcode>Info</Opcode>
      
        
    </RenderingInfo>
    
    
  </Event>
  
    
  
"
Microsoft-Windows-Sysmon/Operational,c:\windows\system32\calc.exe,Microsoft Corporation,WinDev2309Eval,,C:\Users\User\AppData\Local\Temp\,Windows Calculator,,1,19660,,10.0.22621.1 (WinBuild.160101.0800),"
                MD5=2F82623F9523C0D167862CAD0EFF6806,SHA256=9C2C8A8588FE6DB09C09337E78437CB056CD557DB1BCF5240112CBFB7B600EFB,IMPHASH=8EEAA9499666119D13B3F44ECD77A729",C:\Windows\System32\calc.exe,Medium,0x8000000000000000,Information,{f57bd86a-36f9-658c-7bf8-020000000000},0x2f87b,"Process Create:

RuleName: -

UtcTime: 2023-12-27
                19:31:16.186

ProcessGuid:
                {f57bd86a-7b84-658c-1802-000000000f00}

ProcessId: 12980

Image:
                C:\Windows\System32\calc.exe

FileVersion: 10.0.22621.1
                (WinBuild.160101.0800)

Description: Windows Calculator

Product:
                Microsoft速 Windows速 Operating System

Company: Microsoft
                Corporation

OriginalFileName: CALC.EXE

CommandLine:
                c:\windows\system32\calc.exe

CurrentDirectory:
                C:\Users\User\AppData\Local\Temp\

User:
                WINDEV2309EVAL\User

LogonGuid:
                {f57bd86a-36f9-658c-7bf8-020000000000}

LogonId:
                0x2F87B

TerminalSessionId: 1

IntegrityLevel:
                Medium

Hashes:
                MD5=2F82623F9523C0D167862CAD0EFF6806,SHA256=9C2C8A8588FE6DB09C09337E78437CB056CD557DB1BCF5240112CBFB7B600EFB,IMPHASH=8EEAA9499666119D13B3F44ECD77A729

ParentProcessGuid:
                {f57bd86a-7b84-658c-1702-000000000f00}

ParentProcessId:
                12968

ParentImage: C:\Windows\System32\cmd.exe

ParentCommandLine:
                cmd.exe /c c:\windows\system32\calc.exe

ParentUser: WINDEV2309EVAL\User",Info,CALC.EXE,cmd.exe /c c:\windows\system32\calc.exe,C:\Windows\System32\cmd.exe,{f57bd86a-7b84-658c-1702-000000000f00},12968,WINDEV2309EVAL\User,{f57bd86a-7b84-658c-1802-000000000f00},3588,12980,Microsoft速 Windows速 Operating System,,,,"
      
            
      ",-,2023-12-27T19:31:16.2009147Z,,,Process Create (rule: ProcessCreate),1,5124,WINDEV2309EVAL\User,S-1-5-18,2023-12-27 19:31:16.186,5,"<Event xmlns=""http://schemas.microsoft.com/win/2004/08/events/event"">
    
        
    <System>
      
            
      <Provider Name=""Microsoft-Windows-Sysmon"" Guid=""{5770385f-c22a-43e0-bf4c-06f5698ffbd9}""/>
      
            
      <EventID>1</EventID>
      
            
      <Version>5</Version>
      
            
      <Level>4</Level>
      
            
      <Task>1</Task>
      
            
      <Opcode>0</Opcode>
      
            
      <Keywords>0x8000000000000000</Keywords>
      
            
      <TimeCreated SystemTime=""2023-12-27T19:31:16.2009147Z""/>
      
            
      <EventRecordID>19660</EventRecordID>
      
            
      <Correlation/>
      
            
      <Execution ProcessID=""3588"" ThreadID=""5124""/>
      
            
      <Channel>Microsoft-Windows-Sysmon/Operational</Channel>
      
            
      <Computer>WinDev2309Eval</Computer>
      
            
      <Security UserID=""S-1-5-18""/>
      
        
    </System>
    
        
    <EventData>
      
            
      <Data Name=""RuleName"">-</Data>
      
            
      <Data Name=""UtcTime"">2023-12-27 19:31:16.186</Data>
      
            
      <Data Name=""ProcessGuid"">{f57bd86a-7b84-658c-1802-000000000f00}</Data>
      
            
      <Data Name=""ProcessId"">12980</Data>
      
            
      <Data Name=""Image"">C:\Windows\System32\calc.exe</Data>
      
            
      <Data Name=""FileVersion"">10.0.22621.1 (WinBuild.160101.0800)</Data>
      
            
      <Data Name=""Description"">Windows Calculator</Data>
      
            
      <Data Name=""Product"">Microsoft&#174; Windows&#174; Operating System</Data>
      
            
      <Data Name=""Company"">Microsoft Corporation</Data>
      
            
      <Data Name=""OriginalFileName"">CALC.EXE</Data>
      
            
      <Data Name=""CommandLine"">c:\windows\system32\calc.exe</Data>
      
            
      <Data Name=""CurrentDirectory"">C:\Users\User\AppData\Local\Temp\</Data>
      
            
      <Data Name=""User"">WINDEV2309EVAL\User</Data>
      
            
      <Data Name=""LogonGuid"">{f57bd86a-36f9-658c-7bf8-020000000000}</Data>
      
            
      <Data Name=""LogonId"">0x2f87b</Data>
      
            
      <Data Name=""TerminalSessionId"">1</Data>
      
            
      <Data Name=""IntegrityLevel"">Medium</Data>
      
            
      <Data Name=""Hashes"">
                MD5=2F82623F9523C0D167862CAD0EFF6806,SHA256=9C2C8A8588FE6DB09C09337E78437CB056CD557DB1BCF5240112CBFB7B600EFB,IMPHASH=8EEAA9499666119D13B3F44ECD77A729</Data>
      
            
      <Data Name=""ParentProcessGuid"">{f57bd86a-7b84-658c-1702-000000000f00}</Data>
      
            
      <Data Name=""ParentProcessId"">12968</Data>
      
            
      <Data Name=""ParentImage"">C:\Windows\System32\cmd.exe</Data>
      
            
      <Data Name=""ParentCommandLine"">cmd.exe /c c:\windows\system32\calc.exe</Data>
      
            
      <Data Name=""ParentUser"">WINDEV2309EVAL\User</Data>
      
        
    </EventData>
    
        
    <RenderingInfo Culture=""en-US"">
      
            
      <Message>Process Create:

RuleName: -

UtcTime: 2023-12-27
                19:31:16.186

ProcessGuid:
                {f57bd86a-7b84-658c-1802-000000000f00}

ProcessId: 12980

Image:
                C:\Windows\System32\calc.exe

FileVersion: 10.0.22621.1
                (WinBuild.160101.0800)

Description: Windows Calculator

Product:
                Microsoft&#174; Windows&#174; Operating System

Company: Microsoft
                Corporation

OriginalFileName: CALC.EXE

CommandLine:
                c:\windows\system32\calc.exe

CurrentDirectory:
                C:\Users\User\AppData\Local\Temp\

User:
                WINDEV2309EVAL\User

LogonGuid:
                {f57bd86a-36f9-658c-7bf8-020000000000}

LogonId:
                0x2F87B

TerminalSessionId: 1

IntegrityLevel:
                Medium

Hashes:
                MD5=2F82623F9523C0D167862CAD0EFF6806,SHA256=9C2C8A8588FE6DB09C09337E78437CB056CD557DB1BCF5240112CBFB7B600EFB,IMPHASH=8EEAA9499666119D13B3F44ECD77A729

ParentProcessGuid:
                {f57bd86a-7b84-658c-1702-000000000f00}

ParentProcessId:
                12968

ParentImage: C:\Windows\System32\cmd.exe

ParentCommandLine:
                cmd.exe /c c:\windows\system32\calc.exe

ParentUser: WINDEV2309EVAL\User</Message>
      
            
      <Level>Information</Level>
      
            
      <Task>Process Create (rule: ProcessCreate)</Task>
      
            
      <Opcode>Info</Opcode>
      
        
    </RenderingInfo>
    
    
  </Event>
  
    
  
"
