Microsoft-Windows-Sysmon/Operational,cmd.exe /c c:\windows\system32\calc.exe,Microsoft Corporation,WinDev2309Eval,,C:\Users\User\AppData\Local\Temp\,Windows Command Processor,,1,19659,,10.0.22621.2506 (WinBuild.160101.0800),"
                MD5=133D568ECCB557E37BEA1459521CBAC2,SHA256=05A30592D2C3421C41121145C6EEFA7C81FEA6B42D6233A522240A8468326B9C,IMPHASH=D73E39DAB3C8B57AA408073D01254964",C:\Windows\System32\cmd.exe,Medium,0x8000000000000000,Information,{f57bd86a-36f9-658c-7bf8-020000000000},0x2f87b,"Process Create:

RuleName: -

UtcTime: 2023-12-27
                19:31:16.130

ProcessGuid:
                {f57bd86a-7b84-658c-1702-000000000f00}

ProcessId: 12968

Image:
                C:\Windows\System32\cmd.exe

FileVersion: 10.0.22621.2506
                (WinBuild.160101.0800)

Description: Windows Command
                Processor

Product: Microsoft速 Windows速 Operating System

Company:
                Microsoft Corporation

OriginalFileName: Cmd.Exe

CommandLine:
                cmd.exe /c c:\windows\system32\calc.exe

CurrentDirectory:
                C:\Users\User\AppData\Local\Temp\

User:
                WINDEV2309EVAL\User

LogonGuid:
                {f57bd86a-36f9-658c-7bf8-020000000000}

LogonId:
                0x2F87B

TerminalSessionId: 1

IntegrityLevel:
                Medium

Hashes:
                MD5=133D568ECCB557E37BEA1459521CBAC2,SHA256=05A30592D2C3421C41121145C6EEFA7C81FEA6B42D6233A522240A8468326B9C,IMPHASH=D73E39DAB3C8B57AA408073D01254964

ParentProcessGuid:
                {f57bd86a-7b84-658c-1602-000000000f00}

ParentProcessId:
                12932

ParentImage: C:\Windows\System32\cmd.exe

ParentCommandLine:
                cmd

ParentUser: WINDEV2309EVAL\User",Info,Cmd.Exe,cmd,C:\Windows\System32\cmd.exe,{f57bd86a-7b84-658c-1602-000000000f00},12932,WINDEV2309EVAL\User,{f57bd86a-7b84-658c-1702-000000000f00},3588,12968,Microsoft速 Windows速 Operating System,,,,"
      
            
      ",-,2023-12-27T19:31:16.1364754Z,,,Process Create (rule: ProcessCreate),1,5124,WINDEV2309EVAL\User,S-1-5-18,2023-12-27 19:31:16.130,5,"<Event xmlns=""http://schemas.microsoft.com/win/2004/08/events/event"">
    
        
    <System>
      
            
      <Provider Name=""Microsoft-Windows-Sysmon"" Guid=""{5770385f-c22a-43e0-bf4c-06f5698ffbd9}""/>
      
            
      <EventID>1</EventID>
      
            
      <Version>5</Version>
      
            
      <Level>4</Level>
      
            
      <Task>1</Task>
      
            
      <Opcode>0</Opcode>
      
            
      <Keywords>0x8000000000000000</Keywords>
      
            
      <TimeCreated SystemTime=""2023-12-27T19:31:16.1364754Z""/>
      
            
      <EventRecordID>19659</EventRecordID>
      
            
      <Correlation/>
      
            
      <Execution ProcessID=""3588"" ThreadID=""5124""/>
      
            
      <Channel>Microsoft-Windows-Sysmon/Operational</Channel>
      
            
      <Computer>WinDev2309Eval</Computer>
      
            
      <Security UserID=""S-1-5-18""/>
      
        
    </System>
    
        
    <EventData>
      
            
      <Data Name=""RuleName"">-</Data>
      
            
      <Data Name=""UtcTime"">2023-12-27 19:31:16.130</Data>
      
            
      <Data Name=""ProcessGuid"">{f57bd86a-7b84-658c-1702-000000000f00}</Data>
      
            
      <Data Name=""ProcessId"">12968</Data>
      
            
      <Data Name=""Image"">C:\Windows\System32\cmd.exe</Data>
      
            
      <Data Name=""FileVersion"">10.0.22621.2506 (WinBuild.160101.0800)</Data>
      
            
      <Data Name=""Description"">Windows Command Processor</Data>
      
            
      <Data Name=""Product"">Microsoft&#174; Windows&#174; Operating System</Data>
      
            
      <Data Name=""Company"">Microsoft Corporation</Data>
      
            
      <Data Name=""OriginalFileName"">Cmd.Exe</Data>
      
            
      <Data Name=""CommandLine"">cmd.exe /c c:\windows\system32\calc.exe</Data>
      
            
      <Data Name=""CurrentDirectory"">C:\Users\User\AppData\Local\Temp\</Data>
      
            
      <Data Name=""User"">WINDEV2309EVAL\User</Data>
      
            
      <Data Name=""LogonGuid"">{f57bd86a-36f9-658c-7bf8-020000000000}</Data>
      
            
      <Data Name=""LogonId"">0x2f87b</Data>
      
            
      <Data Name=""TerminalSessionId"">1</Data>
      
            
      <Data Name=""IntegrityLevel"">Medium</Data>
      
            
      <Data Name=""Hashes"">
                MD5=133D568ECCB557E37BEA1459521CBAC2,SHA256=05A30592D2C3421C41121145C6EEFA7C81FEA6B42D6233A522240A8468326B9C,IMPHASH=D73E39DAB3C8B57AA408073D01254964</Data>
      
            
      <Data Name=""ParentProcessGuid"">{f57bd86a-7b84-658c-1602-000000000f00}</Data>
      
            
      <Data Name=""ParentProcessId"">12932</Data>
      
            
      <Data Name=""ParentImage"">C:\Windows\System32\cmd.exe</Data>
      
            
      <Data Name=""ParentCommandLine"">cmd</Data>
      
            
      <Data Name=""ParentUser"">WINDEV2309EVAL\User</Data>
      
        
    </EventData>
    
        
    <RenderingInfo Culture=""en-US"">
      
            
      <Message>Process Create:

RuleName: -

UtcTime: 2023-12-27
                19:31:16.130

ProcessGuid:
                {f57bd86a-7b84-658c-1702-000000000f00}

ProcessId: 12968

Image:
                C:\Windows\System32\cmd.exe

FileVersion: 10.0.22621.2506
                (WinBuild.160101.0800)

Description: Windows Command
                Processor

Product: Microsoft&#174; Windows&#174; Operating System

Company:
                Microsoft Corporation

OriginalFileName: Cmd.Exe

CommandLine:
                cmd.exe /c c:\windows\system32\calc.exe

CurrentDirectory:
                C:\Users\User\AppData\Local\Temp\

User:
                WINDEV2309EVAL\User

LogonGuid:
                {f57bd86a-36f9-658c-7bf8-020000000000}

LogonId:
                0x2F87B

TerminalSessionId: 1

IntegrityLevel:
                Medium

Hashes:
                MD5=133D568ECCB557E37BEA1459521CBAC2,SHA256=05A30592D2C3421C41121145C6EEFA7C81FEA6B42D6233A522240A8468326B9C,IMPHASH=D73E39DAB3C8B57AA408073D01254964

ParentProcessGuid:
                {f57bd86a-7b84-658c-1602-000000000f00}

ParentProcessId:
                12932

ParentImage: C:\Windows\System32\cmd.exe

ParentCommandLine:
                cmd

ParentUser: WINDEV2309EVAL\User</Message>
      
            
      <Level>Information</Level>
      
            
      <Task>Process Create (rule: ProcessCreate)</Task>
      
            
      <Opcode>Info</Opcode>
      
        
    </RenderingInfo>
    
    
  </Event>
  
    
  
"
Microsoft-Windows-Sysmon/Operational,cmd,Microsoft Corporation,WinDev2309Eval,,C:\Users\User\AppData\Local\Temp\,Windows Command Processor,,1,19658,,10.0.22621.2506 (WinBuild.160101.0800),"
                MD5=133D568ECCB557E37BEA1459521CBAC2,SHA256=05A30592D2C3421C41121145C6EEFA7C81FEA6B42D6233A522240A8468326B9C,IMPHASH=D73E39DAB3C8B57AA408073D01254964",C:\Windows\System32\cmd.exe,Medium,0x8000000000000000,Information,{f57bd86a-36f9-658c-7bf8-020000000000},0x2f87b,"Process Create:

RuleName: -

UtcTime: 2023-12-27
                19:31:16.073

ProcessGuid:
                {f57bd86a-7b84-658c-1602-000000000f00}

ProcessId: 12932

Image:
                C:\Windows\System32\cmd.exe

FileVersion: 10.0.22621.2506
                (WinBuild.160101.0800)

Description: Windows Command
                Processor

Product: Microsoft速 Windows速 Operating System

Company:
                Microsoft Corporation

OriginalFileName: Cmd.Exe

CommandLine:
                cmd

CurrentDirectory: C:\Users\User\AppData\Local\Temp\

User:
                WINDEV2309EVAL\User

LogonGuid:
                {f57bd86a-36f9-658c-7bf8-020000000000}

LogonId:
                0x2F87B

TerminalSessionId: 1

IntegrityLevel:
                Medium

Hashes:
                MD5=133D568ECCB557E37BEA1459521CBAC2,SHA256=05A30592D2C3421C41121145C6EEFA7C81FEA6B42D6233A522240A8468326B9C,IMPHASH=D73E39DAB3C8B57AA408073D01254964

ParentProcessGuid:
                {f57bd86a-7b84-658c-1502-000000000f00}

ParentProcessId:
                12908

ParentImage: C:\Windows\System32\cmd.exe

ParentCommandLine:
                cmd /r cmd

ParentUser: WINDEV2309EVAL\User",Info,Cmd.Exe,cmd /r cmd,C:\Windows\System32\cmd.exe,{f57bd86a-7b84-658c-1502-000000000f00},12908,WINDEV2309EVAL\User,{f57bd86a-7b84-658c-1602-000000000f00},3588,12932,Microsoft速 Windows速 Operating System,,,,"
      
            
      ",-,2023-12-27T19:31:16.0766452Z,,,Process Create (rule: ProcessCreate),1,5124,WINDEV2309EVAL\User,S-1-5-18,2023-12-27 19:31:16.073,5,"<Event xmlns=""http://schemas.microsoft.com/win/2004/08/events/event"">
    
        
    <System>
      
            
      <Provider Name=""Microsoft-Windows-Sysmon"" Guid=""{5770385f-c22a-43e0-bf4c-06f5698ffbd9}""/>
      
            
      <EventID>1</EventID>
      
            
      <Version>5</Version>
      
            
      <Level>4</Level>
      
            
      <Task>1</Task>
      
            
      <Opcode>0</Opcode>
      
            
      <Keywords>0x8000000000000000</Keywords>
      
            
      <TimeCreated SystemTime=""2023-12-27T19:31:16.0766452Z""/>
      
            
      <EventRecordID>19658</EventRecordID>
      
            
      <Correlation/>
      
            
      <Execution ProcessID=""3588"" ThreadID=""5124""/>
      
            
      <Channel>Microsoft-Windows-Sysmon/Operational</Channel>
      
            
      <Computer>WinDev2309Eval</Computer>
      
            
      <Security UserID=""S-1-5-18""/>
      
        
    </System>
    
        
    <EventData>
      
            
      <Data Name=""RuleName"">-</Data>
      
            
      <Data Name=""UtcTime"">2023-12-27 19:31:16.073</Data>
      
            
      <Data Name=""ProcessGuid"">{f57bd86a-7b84-658c-1602-000000000f00}</Data>
      
            
      <Data Name=""ProcessId"">12932</Data>
      
            
      <Data Name=""Image"">C:\Windows\System32\cmd.exe</Data>
      
            
      <Data Name=""FileVersion"">10.0.22621.2506 (WinBuild.160101.0800)</Data>
      
            
      <Data Name=""Description"">Windows Command Processor</Data>
      
            
      <Data Name=""Product"">Microsoft&#174; Windows&#174; Operating System</Data>
      
            
      <Data Name=""Company"">Microsoft Corporation</Data>
      
            
      <Data Name=""OriginalFileName"">Cmd.Exe</Data>
      
            
      <Data Name=""CommandLine"">cmd</Data>
      
            
      <Data Name=""CurrentDirectory"">C:\Users\User\AppData\Local\Temp\</Data>
      
            
      <Data Name=""User"">WINDEV2309EVAL\User</Data>
      
            
      <Data Name=""LogonGuid"">{f57bd86a-36f9-658c-7bf8-020000000000}</Data>
      
            
      <Data Name=""LogonId"">0x2f87b</Data>
      
            
      <Data Name=""TerminalSessionId"">1</Data>
      
            
      <Data Name=""IntegrityLevel"">Medium</Data>
      
            
      <Data Name=""Hashes"">
                MD5=133D568ECCB557E37BEA1459521CBAC2,SHA256=05A30592D2C3421C41121145C6EEFA7C81FEA6B42D6233A522240A8468326B9C,IMPHASH=D73E39DAB3C8B57AA408073D01254964</Data>
      
            
      <Data Name=""ParentProcessGuid"">{f57bd86a-7b84-658c-1502-000000000f00}</Data>
      
            
      <Data Name=""ParentProcessId"">12908</Data>
      
            
      <Data Name=""ParentImage"">C:\Windows\System32\cmd.exe</Data>
      
            
      <Data Name=""ParentCommandLine"">cmd /r cmd</Data>
      
            
      <Data Name=""ParentUser"">WINDEV2309EVAL\User</Data>
      
        
    </EventData>
    
        
    <RenderingInfo Culture=""en-US"">
      
            
      <Message>Process Create:

RuleName: -

UtcTime: 2023-12-27
                19:31:16.073

ProcessGuid:
                {f57bd86a-7b84-658c-1602-000000000f00}

ProcessId: 12932

Image:
                C:\Windows\System32\cmd.exe

FileVersion: 10.0.22621.2506
                (WinBuild.160101.0800)

Description: Windows Command
                Processor

Product: Microsoft&#174; Windows&#174; Operating System

Company:
                Microsoft Corporation

OriginalFileName: Cmd.Exe

CommandLine:
                cmd

CurrentDirectory: C:\Users\User\AppData\Local\Temp\

User:
                WINDEV2309EVAL\User

LogonGuid:
                {f57bd86a-36f9-658c-7bf8-020000000000}

LogonId:
                0x2F87B

TerminalSessionId: 1

IntegrityLevel:
                Medium

Hashes:
                MD5=133D568ECCB557E37BEA1459521CBAC2,SHA256=05A30592D2C3421C41121145C6EEFA7C81FEA6B42D6233A522240A8468326B9C,IMPHASH=D73E39DAB3C8B57AA408073D01254964

ParentProcessGuid:
                {f57bd86a-7b84-658c-1502-000000000f00}

ParentProcessId:
                12908

ParentImage: C:\Windows\System32\cmd.exe

ParentCommandLine:
                cmd /r cmd

ParentUser: WINDEV2309EVAL\User</Message>
      
            
      <Level>Information</Level>
      
            
      <Task>Process Create (rule: ProcessCreate)</Task>
      
            
      <Opcode>Info</Opcode>
      
        
    </RenderingInfo>
    
    
  </Event>
  
    
  
"
Microsoft-Windows-Sysmon/Operational,cmd /r cmd,Microsoft Corporation,WinDev2309Eval,,C:\Users\User\AppData\Local\Temp\,Windows Command Processor,,1,19657,,10.0.22621.2506 (WinBuild.160101.0800),"
                MD5=133D568ECCB557E37BEA1459521CBAC2,SHA256=05A30592D2C3421C41121145C6EEFA7C81FEA6B42D6233A522240A8468326B9C,IMPHASH=D73E39DAB3C8B57AA408073D01254964",C:\Windows\System32\cmd.exe,Medium,0x8000000000000000,Information,{f57bd86a-36f9-658c-7bf8-020000000000},0x2f87b,"Process Create:

RuleName: -

UtcTime: 2023-12-27
                19:31:16.026

ProcessGuid:
                {f57bd86a-7b84-658c-1502-000000000f00}

ProcessId: 12908

Image:
                C:\Windows\System32\cmd.exe

FileVersion: 10.0.22621.2506
                (WinBuild.160101.0800)

Description: Windows Command
                Processor

Product: Microsoft速 Windows速 Operating System

Company:
                Microsoft Corporation

OriginalFileName: Cmd.Exe

CommandLine: cmd
                /r cmd

CurrentDirectory: C:\Users\User\AppData\Local\Temp\

User:
                WINDEV2309EVAL\User

LogonGuid:
                {f57bd86a-36f9-658c-7bf8-020000000000}

LogonId:
                0x2F87B

TerminalSessionId: 1

IntegrityLevel:
                Medium

Hashes:
                MD5=133D568ECCB557E37BEA1459521CBAC2,SHA256=05A30592D2C3421C41121145C6EEFA7C81FEA6B42D6233A522240A8468326B9C,IMPHASH=D73E39DAB3C8B57AA408073D01254964

ParentProcessGuid:
                {f57bd86a-7b83-658c-1302-000000000f00}

ParentProcessId:
                12848

ParentImage: C:\Windows\System32\cmd.exe

ParentCommandLine:
                ""cmd.exe"" /c cmd /r
                cmd<""C:\AtomicRedTeam\atomics\T1059.003\src\t1059.003_cmd.cmd""

ParentUser:
                WINDEV2309EVAL\User",Info,Cmd.Exe,"""cmd.exe"" /c cmd /r
                cmd<""C:\AtomicRedTeam\atomics\T1059.003\src\t1059.003_cmd.cmd""",C:\Windows\System32\cmd.exe,{f57bd86a-7b83-658c-1302-000000000f00},12848,WINDEV2309EVAL\User,{f57bd86a-7b84-658c-1502-000000000f00},3588,12908,Microsoft速 Windows速 Operating System,,,,"
      
            
      ",-,2023-12-27T19:31:16.0333678Z,,,Process Create (rule: ProcessCreate),1,5124,WINDEV2309EVAL\User,S-1-5-18,2023-12-27 19:31:16.026,5,"<Event xmlns=""http://schemas.microsoft.com/win/2004/08/events/event"">
    
        
    <System>
      
            
      <Provider Name=""Microsoft-Windows-Sysmon"" Guid=""{5770385f-c22a-43e0-bf4c-06f5698ffbd9}""/>
      
            
      <EventID>1</EventID>
      
            
      <Version>5</Version>
      
            
      <Level>4</Level>
      
            
      <Task>1</Task>
      
            
      <Opcode>0</Opcode>
      
            
      <Keywords>0x8000000000000000</Keywords>
      
            
      <TimeCreated SystemTime=""2023-12-27T19:31:16.0333678Z""/>
      
            
      <EventRecordID>19657</EventRecordID>
      
            
      <Correlation/>
      
            
      <Execution ProcessID=""3588"" ThreadID=""5124""/>
      
            
      <Channel>Microsoft-Windows-Sysmon/Operational</Channel>
      
            
      <Computer>WinDev2309Eval</Computer>
      
            
      <Security UserID=""S-1-5-18""/>
      
        
    </System>
    
        
    <EventData>
      
            
      <Data Name=""RuleName"">-</Data>
      
            
      <Data Name=""UtcTime"">2023-12-27 19:31:16.026</Data>
      
            
      <Data Name=""ProcessGuid"">{f57bd86a-7b84-658c-1502-000000000f00}</Data>
      
            
      <Data Name=""ProcessId"">12908</Data>
      
            
      <Data Name=""Image"">C:\Windows\System32\cmd.exe</Data>
      
            
      <Data Name=""FileVersion"">10.0.22621.2506 (WinBuild.160101.0800)</Data>
      
            
      <Data Name=""Description"">Windows Command Processor</Data>
      
            
      <Data Name=""Product"">Microsoft&#174; Windows&#174; Operating System</Data>
      
            
      <Data Name=""Company"">Microsoft Corporation</Data>
      
            
      <Data Name=""OriginalFileName"">Cmd.Exe</Data>
      
            
      <Data Name=""CommandLine"">cmd /r cmd</Data>
      
            
      <Data Name=""CurrentDirectory"">C:\Users\User\AppData\Local\Temp\</Data>
      
            
      <Data Name=""User"">WINDEV2309EVAL\User</Data>
      
            
      <Data Name=""LogonGuid"">{f57bd86a-36f9-658c-7bf8-020000000000}</Data>
      
            
      <Data Name=""LogonId"">0x2f87b</Data>
      
            
      <Data Name=""TerminalSessionId"">1</Data>
      
            
      <Data Name=""IntegrityLevel"">Medium</Data>
      
            
      <Data Name=""Hashes"">
                MD5=133D568ECCB557E37BEA1459521CBAC2,SHA256=05A30592D2C3421C41121145C6EEFA7C81FEA6B42D6233A522240A8468326B9C,IMPHASH=D73E39DAB3C8B57AA408073D01254964</Data>
      
            
      <Data Name=""ParentProcessGuid"">{f57bd86a-7b83-658c-1302-000000000f00}</Data>
      
            
      <Data Name=""ParentProcessId"">12848</Data>
      
            
      <Data Name=""ParentImage"">C:\Windows\System32\cmd.exe</Data>
      
            
      <Data Name=""ParentCommandLine"">""cmd.exe"" /c cmd /r
                cmd&lt;""C:\AtomicRedTeam\atomics\T1059.003\src\t1059.003_cmd.cmd""</Data>
      
            
      <Data Name=""ParentUser"">WINDEV2309EVAL\User</Data>
      
        
    </EventData>
    
        
    <RenderingInfo Culture=""en-US"">
      
            
      <Message>Process Create:

RuleName: -

UtcTime: 2023-12-27
                19:31:16.026

ProcessGuid:
                {f57bd86a-7b84-658c-1502-000000000f00}

ProcessId: 12908

Image:
                C:\Windows\System32\cmd.exe

FileVersion: 10.0.22621.2506
                (WinBuild.160101.0800)

Description: Windows Command
                Processor

Product: Microsoft&#174; Windows&#174; Operating System

Company:
                Microsoft Corporation

OriginalFileName: Cmd.Exe

CommandLine: cmd
                /r cmd

CurrentDirectory: C:\Users\User\AppData\Local\Temp\

User:
                WINDEV2309EVAL\User

LogonGuid:
                {f57bd86a-36f9-658c-7bf8-020000000000}

LogonId:
                0x2F87B

TerminalSessionId: 1

IntegrityLevel:
                Medium

Hashes:
                MD5=133D568ECCB557E37BEA1459521CBAC2,SHA256=05A30592D2C3421C41121145C6EEFA7C81FEA6B42D6233A522240A8468326B9C,IMPHASH=D73E39DAB3C8B57AA408073D01254964

ParentProcessGuid:
                {f57bd86a-7b83-658c-1302-000000000f00}

ParentProcessId:
                12848

ParentImage: C:\Windows\System32\cmd.exe

ParentCommandLine:
                ""cmd.exe"" /c cmd /r
                cmd&lt;""C:\AtomicRedTeam\atomics\T1059.003\src\t1059.003_cmd.cmd""

ParentUser:
                WINDEV2309EVAL\User</Message>
      
            
      <Level>Information</Level>
      
            
      <Task>Process Create (rule: ProcessCreate)</Task>
      
            
      <Opcode>Info</Opcode>
      
        
    </RenderingInfo>
    
    
  </Event>
  
    
  
"
Microsoft-Windows-Sysmon/Operational,"""cmd.exe"" /c cmd /r
                cmd<""C:\AtomicRedTeam\atomics\T1059.003\src\t1059.003_cmd.cmd""",Microsoft Corporation,WinDev2309Eval,,C:\Users\User\AppData\Local\Temp\,Windows Command Processor,,1,19656,,10.0.22621.2506 (WinBuild.160101.0800),"
                MD5=133D568ECCB557E37BEA1459521CBAC2,SHA256=05A30592D2C3421C41121145C6EEFA7C81FEA6B42D6233A522240A8468326B9C,IMPHASH=D73E39DAB3C8B57AA408073D01254964",C:\Windows\System32\cmd.exe,Medium,0x8000000000000000,Information,{f57bd86a-36f9-658c-7bf8-020000000000},0x2f87b,"Process Create:

RuleName: -

UtcTime: 2023-12-27
                19:31:15.733

ProcessGuid:
                {f57bd86a-7b83-658c-1302-000000000f00}

ProcessId: 12848

Image:
                C:\Windows\System32\cmd.exe

FileVersion: 10.0.22621.2506
                (WinBuild.160101.0800)

Description: Windows Command
                Processor

Product: Microsoft速 Windows速 Operating System

Company:
                Microsoft Corporation

OriginalFileName: Cmd.Exe

CommandLine:
                ""cmd.exe"" /c cmd /r
                cmd<""C:\AtomicRedTeam\atomics\T1059.003\src\t1059.003_cmd.cmd""

CurrentDirectory:
                C:\Users\User\AppData\Local\Temp\

User:
                WINDEV2309EVAL\User

LogonGuid:
                {f57bd86a-36f9-658c-7bf8-020000000000}

LogonId:
                0x2F87B

TerminalSessionId: 1

IntegrityLevel:
                Medium

Hashes:
                MD5=133D568ECCB557E37BEA1459521CBAC2,SHA256=05A30592D2C3421C41121145C6EEFA7C81FEA6B42D6233A522240A8468326B9C,IMPHASH=D73E39DAB3C8B57AA408073D01254964

ParentProcessGuid:
                {00000000-0000-0000-0000-000000000000}

ParentProcessId:
                1688

ParentImage: -

ParentCommandLine: -

ParentUser: -",Info,Cmd.Exe,-,-,{00000000-0000-0000-0000-000000000000},1688,-,{f57bd86a-7b83-658c-1302-000000000f00},3588,12848,Microsoft速 Windows速 Operating System,,,,"
      
            
      ",-,2023-12-27T19:31:15.7366911Z,,,Process Create (rule: ProcessCreate),1,5124,WINDEV2309EVAL\User,S-1-5-18,2023-12-27 19:31:15.733,5,"<Event xmlns=""http://schemas.microsoft.com/win/2004/08/events/event"">
    
        
    <System>
      
            
      <Provider Name=""Microsoft-Windows-Sysmon"" Guid=""{5770385f-c22a-43e0-bf4c-06f5698ffbd9}""/>
      
            
      <EventID>1</EventID>
      
            
      <Version>5</Version>
      
            
      <Level>4</Level>
      
            
      <Task>1</Task>
      
            
      <Opcode>0</Opcode>
      
            
      <Keywords>0x8000000000000000</Keywords>
      
            
      <TimeCreated SystemTime=""2023-12-27T19:31:15.7366911Z""/>
      
            
      <EventRecordID>19656</EventRecordID>
      
            
      <Correlation/>
      
            
      <Execution ProcessID=""3588"" ThreadID=""5124""/>
      
            
      <Channel>Microsoft-Windows-Sysmon/Operational</Channel>
      
            
      <Computer>WinDev2309Eval</Computer>
      
            
      <Security UserID=""S-1-5-18""/>
      
        
    </System>
    
        
    <EventData>
      
            
      <Data Name=""RuleName"">-</Data>
      
            
      <Data Name=""UtcTime"">2023-12-27 19:31:15.733</Data>
      
            
      <Data Name=""ProcessGuid"">{f57bd86a-7b83-658c-1302-000000000f00}</Data>
      
            
      <Data Name=""ProcessId"">12848</Data>
      
            
      <Data Name=""Image"">C:\Windows\System32\cmd.exe</Data>
      
            
      <Data Name=""FileVersion"">10.0.22621.2506 (WinBuild.160101.0800)</Data>
      
            
      <Data Name=""Description"">Windows Command Processor</Data>
      
            
      <Data Name=""Product"">Microsoft&#174; Windows&#174; Operating System</Data>
      
            
      <Data Name=""Company"">Microsoft Corporation</Data>
      
            
      <Data Name=""OriginalFileName"">Cmd.Exe</Data>
      
            
      <Data Name=""CommandLine"">""cmd.exe"" /c cmd /r
                cmd&lt;""C:\AtomicRedTeam\atomics\T1059.003\src\t1059.003_cmd.cmd""</Data>
      
            
      <Data Name=""CurrentDirectory"">C:\Users\User\AppData\Local\Temp\</Data>
      
            
      <Data Name=""User"">WINDEV2309EVAL\User</Data>
      
            
      <Data Name=""LogonGuid"">{f57bd86a-36f9-658c-7bf8-020000000000}</Data>
      
            
      <Data Name=""LogonId"">0x2f87b</Data>
      
            
      <Data Name=""TerminalSessionId"">1</Data>
      
            
      <Data Name=""IntegrityLevel"">Medium</Data>
      
            
      <Data Name=""Hashes"">
                MD5=133D568ECCB557E37BEA1459521CBAC2,SHA256=05A30592D2C3421C41121145C6EEFA7C81FEA6B42D6233A522240A8468326B9C,IMPHASH=D73E39DAB3C8B57AA408073D01254964</Data>
      
            
      <Data Name=""ParentProcessGuid"">{00000000-0000-0000-0000-000000000000}</Data>
      
            
      <Data Name=""ParentProcessId"">1688</Data>
      
            
      <Data Name=""ParentImage"">-</Data>
      
            
      <Data Name=""ParentCommandLine"">-</Data>
      
            
      <Data Name=""ParentUser"">-</Data>
      
        
    </EventData>
    
        
    <RenderingInfo Culture=""en-US"">
      
            
      <Message>Process Create:

RuleName: -

UtcTime: 2023-12-27
                19:31:15.733

ProcessGuid:
                {f57bd86a-7b83-658c-1302-000000000f00}

ProcessId: 12848

Image:
                C:\Windows\System32\cmd.exe

FileVersion: 10.0.22621.2506
                (WinBuild.160101.0800)

Description: Windows Command
                Processor

Product: Microsoft&#174; Windows&#174; Operating System

Company:
                Microsoft Corporation

OriginalFileName: Cmd.Exe

CommandLine:
                ""cmd.exe"" /c cmd /r
                cmd&lt;""C:\AtomicRedTeam\atomics\T1059.003\src\t1059.003_cmd.cmd""

CurrentDirectory:
                C:\Users\User\AppData\Local\Temp\

User:
                WINDEV2309EVAL\User

LogonGuid:
                {f57bd86a-36f9-658c-7bf8-020000000000}

LogonId:
                0x2F87B

TerminalSessionId: 1

IntegrityLevel:
                Medium

Hashes:
                MD5=133D568ECCB557E37BEA1459521CBAC2,SHA256=05A30592D2C3421C41121145C6EEFA7C81FEA6B42D6233A522240A8468326B9C,IMPHASH=D73E39DAB3C8B57AA408073D01254964

ParentProcessGuid:
                {00000000-0000-0000-0000-000000000000}

ParentProcessId:
                1688

ParentImage: -

ParentCommandLine: -

ParentUser: -</Message>
      
            
      <Level>Information</Level>
      
            
      <Task>Process Create (rule: ProcessCreate)</Task>
      
            
      <Opcode>Info</Opcode>
      
        
    </RenderingInfo>
    
    
  </Event>
  
    
  
"
Microsoft-Windows-Sysmon/Operational,"""C:\Program Files\Windows NT\Accessories\wordpad.exe"" /p
                C:\AtomicRedTeam\atomics\..\ExternalPayloads\T1059_003note.txt",Microsoft Corporation,WinDev2309Eval,,C:\Users\User\AppData\Local\Temp\,Windows Wordpad Application,,1,19655,,10.0.22621.2861 (WinBuild.160101.0800),"
                MD5=463E4F3EF0E69443D88F8BC47670204A,SHA256=1FA4DF9D7D58695FA9930876F4E771AE500D043282A398FA3600FD6660C83E70,IMPHASH=53D023B3A55A3CC9CED17D7D122AA827",C:\Program Files\Windows NT\Accessories\wordpad.exe,Medium,0x8000000000000000,Information,{f57bd86a-36f9-658c-7bf8-020000000000},0x2f87b,"Process Create:

RuleName: -

UtcTime: 2023-12-27
                19:31:11.491

ProcessGuid:
                {f57bd86a-7b7f-658c-1202-000000000f00}

ProcessId: 12692

Image:
                C:\Program Files\Windows NT\Accessories\wordpad.exe

FileVersion:
                10.0.22621.2861 (WinBuild.160101.0800)

Description: Windows Wordpad
                Application

Product: Microsoft速 Windows速 Operating System

Company:
                Microsoft Corporation

OriginalFileName: WORDPAD.EXE

CommandLine:
                ""C:\Program Files\Windows NT\Accessories\wordpad.exe"" /p
                C:\AtomicRedTeam\atomics\..\ExternalPayloads\T1059_003note.txt

CurrentDirectory:
                C:\Users\User\AppData\Local\Temp\

User:
                WINDEV2309EVAL\User

LogonGuid:
                {f57bd86a-36f9-658c-7bf8-020000000000}

LogonId:
                0x2F87B

TerminalSessionId: 1

IntegrityLevel:
                Medium

Hashes:
                MD5=463E4F3EF0E69443D88F8BC47670204A,SHA256=1FA4DF9D7D58695FA9930876F4E771AE500D043282A398FA3600FD6660C83E70,IMPHASH=53D023B3A55A3CC9CED17D7D122AA827

ParentProcessGuid:
                {f57bd86a-7b78-658c-c601-000000000f00}

ParentProcessId:
                8316

ParentImage: C:\Windows\System32\cmd.exe

ParentCommandLine:
                ""C:\Windows\system32\cmd.exe"" /c ""for /l %x in (1,1,75) do start wordpad.exe /p
                C:\AtomicRedTeam\atomics\..\ExternalPayloads\T1059_003note.txt""

ParentUser:
                WINDEV2309EVAL\User",Info,WORDPAD.EXE,"""C:\Windows\system32\cmd.exe"" /c ""for /l %x in (1,1,75)
                do start wordpad.exe /p
                C:\AtomicRedTeam\atomics\..\ExternalPayloads\T1059_003note.txt""",C:\Windows\System32\cmd.exe,{f57bd86a-7b78-658c-c601-000000000f00},8316,WINDEV2309EVAL\User,{f57bd86a-7b7f-658c-1202-000000000f00},3588,12692,Microsoft速 Windows速 Operating System,,,,"
      
            
      ",-,2023-12-27T19:31:11.4939052Z,,,Process Create (rule: ProcessCreate),1,5124,WINDEV2309EVAL\User,S-1-5-18,2023-12-27 19:31:11.491,5,"<Event xmlns=""http://schemas.microsoft.com/win/2004/08/events/event"">
    
        
    <System>
      
            
      <Provider Name=""Microsoft-Windows-Sysmon"" Guid=""{5770385f-c22a-43e0-bf4c-06f5698ffbd9}""/>
      
            
      <EventID>1</EventID>
      
            
      <Version>5</Version>
      
            
      <Level>4</Level>
      
            
      <Task>1</Task>
      
            
      <Opcode>0</Opcode>
      
            
      <Keywords>0x8000000000000000</Keywords>
      
            
      <TimeCreated SystemTime=""2023-12-27T19:31:11.4939052Z""/>
      
            
      <EventRecordID>19655</EventRecordID>
      
            
      <Correlation/>
      
            
      <Execution ProcessID=""3588"" ThreadID=""5124""/>
      
            
      <Channel>Microsoft-Windows-Sysmon/Operational</Channel>
      
            
      <Computer>WinDev2309Eval</Computer>
      
            
      <Security UserID=""S-1-5-18""/>
      
        
    </System>
    
        
    <EventData>
      
            
      <Data Name=""RuleName"">-</Data>
      
            
      <Data Name=""UtcTime"">2023-12-27 19:31:11.491</Data>
      
            
      <Data Name=""ProcessGuid"">{f57bd86a-7b7f-658c-1202-000000000f00}</Data>
      
            
      <Data Name=""ProcessId"">12692</Data>
      
            
      <Data Name=""Image"">C:\Program Files\Windows NT\Accessories\wordpad.exe</Data>
      
            
      <Data Name=""FileVersion"">10.0.22621.2861 (WinBuild.160101.0800)</Data>
      
            
      <Data Name=""Description"">Windows Wordpad Application</Data>
      
            
      <Data Name=""Product"">Microsoft&#174; Windows&#174; Operating System</Data>
      
            
      <Data Name=""Company"">Microsoft Corporation</Data>
      
            
      <Data Name=""OriginalFileName"">WORDPAD.EXE</Data>
      
            
      <Data Name=""CommandLine"">""C:\Program Files\Windows NT\Accessories\wordpad.exe"" /p
                C:\AtomicRedTeam\atomics\..\ExternalPayloads\T1059_003note.txt</Data>
      
            
      <Data Name=""CurrentDirectory"">C:\Users\User\AppData\Local\Temp\</Data>
      
            
      <Data Name=""User"">WINDEV2309EVAL\User</Data>
      
            
      <Data Name=""LogonGuid"">{f57bd86a-36f9-658c-7bf8-020000000000}</Data>
      
            
      <Data Name=""LogonId"">0x2f87b</Data>
      
            
      <Data Name=""TerminalSessionId"">1</Data>
      
            
      <Data Name=""IntegrityLevel"">Medium</Data>
      
            
      <Data Name=""Hashes"">
                MD5=463E4F3EF0E69443D88F8BC47670204A,SHA256=1FA4DF9D7D58695FA9930876F4E771AE500D043282A398FA3600FD6660C83E70,IMPHASH=53D023B3A55A3CC9CED17D7D122AA827</Data>
      
            
      <Data Name=""ParentProcessGuid"">{f57bd86a-7b78-658c-c601-000000000f00}</Data>
      
            
      <Data Name=""ParentProcessId"">8316</Data>
      
            
      <Data Name=""ParentImage"">C:\Windows\System32\cmd.exe</Data>
      
            
      <Data Name=""ParentCommandLine"">""C:\Windows\system32\cmd.exe"" /c ""for /l %x in (1,1,75)
                do start wordpad.exe /p
                C:\AtomicRedTeam\atomics\..\ExternalPayloads\T1059_003note.txt""</Data>
      
            
      <Data Name=""ParentUser"">WINDEV2309EVAL\User</Data>
      
        
    </EventData>
    
        
    <RenderingInfo Culture=""en-US"">
      
            
      <Message>Process Create:

RuleName: -

UtcTime: 2023-12-27
                19:31:11.491

ProcessGuid:
                {f57bd86a-7b7f-658c-1202-000000000f00}

ProcessId: 12692

Image:
                C:\Program Files\Windows NT\Accessories\wordpad.exe

FileVersion:
                10.0.22621.2861 (WinBuild.160101.0800)

Description: Windows Wordpad
                Application

Product: Microsoft&#174; Windows&#174; Operating System

Company:
                Microsoft Corporation

OriginalFileName: WORDPAD.EXE

CommandLine:
                ""C:\Program Files\Windows NT\Accessories\wordpad.exe"" /p
                C:\AtomicRedTeam\atomics\..\ExternalPayloads\T1059_003note.txt

CurrentDirectory:
                C:\Users\User\AppData\Local\Temp\

User:
                WINDEV2309EVAL\User

LogonGuid:
                {f57bd86a-36f9-658c-7bf8-020000000000}

LogonId:
                0x2F87B

TerminalSessionId: 1

IntegrityLevel:
                Medium

Hashes:
                MD5=463E4F3EF0E69443D88F8BC47670204A,SHA256=1FA4DF9D7D58695FA9930876F4E771AE500D043282A398FA3600FD6660C83E70,IMPHASH=53D023B3A55A3CC9CED17D7D122AA827

ParentProcessGuid:
                {f57bd86a-7b78-658c-c601-000000000f00}

ParentProcessId:
                8316

ParentImage: C:\Windows\System32\cmd.exe

ParentCommandLine:
                ""C:\Windows\system32\cmd.exe"" /c ""for /l %x in (1,1,75) do start wordpad.exe /p
                C:\AtomicRedTeam\atomics\..\ExternalPayloads\T1059_003note.txt""

ParentUser:
                WINDEV2309EVAL\User</Message>
      
            
      <Level>Information</Level>
      
            
      <Task>Process Create (rule: ProcessCreate)</Task>
      
            
      <Opcode>Info</Opcode>
      
        
    </RenderingInfo>
    
    
  </Event>
  
    
  
"
Microsoft-Windows-Sysmon/Operational,"""C:\Program Files\Windows NT\Accessories\wordpad.exe"" /p
                C:\AtomicRedTeam\atomics\..\ExternalPayloads\T1059_003note.txt",Microsoft Corporation,WinDev2309Eval,,C:\Users\User\AppData\Local\Temp\,Windows Wordpad Application,,1,19654,,10.0.22621.2861 (WinBuild.160101.0800),"
                MD5=463E4F3EF0E69443D88F8BC47670204A,SHA256=1FA4DF9D7D58695FA9930876F4E771AE500D043282A398FA3600FD6660C83E70,IMPHASH=53D023B3A55A3CC9CED17D7D122AA827",C:\Program Files\Windows NT\Accessories\wordpad.exe,Medium,0x8000000000000000,Information,{f57bd86a-36f9-658c-7bf8-020000000000},0x2f87b,"Process Create:

RuleName: -

UtcTime: 2023-12-27
                19:31:11.134

ProcessGuid:
                {f57bd86a-7b7f-658c-1102-000000000f00}

ProcessId: 12636

Image:
                C:\Program Files\Windows NT\Accessories\wordpad.exe

FileVersion:
                10.0.22621.2861 (WinBuild.160101.0800)

Description: Windows Wordpad
                Application

Product: Microsoft速 Windows速 Operating System

Company:
                Microsoft Corporation

OriginalFileName: WORDPAD.EXE

CommandLine:
                ""C:\Program Files\Windows NT\Accessories\wordpad.exe"" /p
                C:\AtomicRedTeam\atomics\..\ExternalPayloads\T1059_003note.txt

CurrentDirectory:
                C:\Users\User\AppData\Local\Temp\

User:
                WINDEV2309EVAL\User

LogonGuid:
                {f57bd86a-36f9-658c-7bf8-020000000000}

LogonId:
                0x2F87B

TerminalSessionId: 1

IntegrityLevel:
                Medium

Hashes:
                MD5=463E4F3EF0E69443D88F8BC47670204A,SHA256=1FA4DF9D7D58695FA9930876F4E771AE500D043282A398FA3600FD6660C83E70,IMPHASH=53D023B3A55A3CC9CED17D7D122AA827

ParentProcessGuid:
                {f57bd86a-7b78-658c-c601-000000000f00}

ParentProcessId:
                8316

ParentImage: C:\Windows\System32\cmd.exe

ParentCommandLine:
                ""C:\Windows\system32\cmd.exe"" /c ""for /l %x in (1,1,75) do start wordpad.exe /p
                C:\AtomicRedTeam\atomics\..\ExternalPayloads\T1059_003note.txt""

ParentUser:
                WINDEV2309EVAL\User",Info,WORDPAD.EXE,"""C:\Windows\system32\cmd.exe"" /c ""for /l %x in (1,1,75)
                do start wordpad.exe /p
                C:\AtomicRedTeam\atomics\..\ExternalPayloads\T1059_003note.txt""",C:\Windows\System32\cmd.exe,{f57bd86a-7b78-658c-c601-000000000f00},8316,WINDEV2309EVAL\User,{f57bd86a-7b7f-658c-1102-000000000f00},3588,12636,Microsoft速 Windows速 Operating System,,,,"
      
            
      ",-,2023-12-27T19:31:11.1367151Z,,,Process Create (rule: ProcessCreate),1,5124,WINDEV2309EVAL\User,S-1-5-18,2023-12-27 19:31:11.134,5,"<Event xmlns=""http://schemas.microsoft.com/win/2004/08/events/event"">
    
        
    <System>
      
            
      <Provider Name=""Microsoft-Windows-Sysmon"" Guid=""{5770385f-c22a-43e0-bf4c-06f5698ffbd9}""/>
      
            
      <EventID>1</EventID>
      
            
      <Version>5</Version>
      
            
      <Level>4</Level>
      
            
      <Task>1</Task>
      
            
      <Opcode>0</Opcode>
      
            
      <Keywords>0x8000000000000000</Keywords>
      
            
      <TimeCreated SystemTime=""2023-12-27T19:31:11.1367151Z""/>
      
            
      <EventRecordID>19654</EventRecordID>
      
            
      <Correlation/>
      
            
      <Execution ProcessID=""3588"" ThreadID=""5124""/>
      
            
      <Channel>Microsoft-Windows-Sysmon/Operational</Channel>
      
            
      <Computer>WinDev2309Eval</Computer>
      
            
      <Security UserID=""S-1-5-18""/>
      
        
    </System>
    
        
    <EventData>
      
            
      <Data Name=""RuleName"">-</Data>
      
            
      <Data Name=""UtcTime"">2023-12-27 19:31:11.134</Data>
      
            
      <Data Name=""ProcessGuid"">{f57bd86a-7b7f-658c-1102-000000000f00}</Data>
      
            
      <Data Name=""ProcessId"">12636</Data>
      
            
      <Data Name=""Image"">C:\Program Files\Windows NT\Accessories\wordpad.exe</Data>
      
            
      <Data Name=""FileVersion"">10.0.22621.2861 (WinBuild.160101.0800)</Data>
      
            
      <Data Name=""Description"">Windows Wordpad Application</Data>
      
            
      <Data Name=""Product"">Microsoft&#174; Windows&#174; Operating System</Data>
      
            
      <Data Name=""Company"">Microsoft Corporation</Data>
      
            
      <Data Name=""OriginalFileName"">WORDPAD.EXE</Data>
      
            
      <Data Name=""CommandLine"">""C:\Program Files\Windows NT\Accessories\wordpad.exe"" /p
                C:\AtomicRedTeam\atomics\..\ExternalPayloads\T1059_003note.txt</Data>
      
            
      <Data Name=""CurrentDirectory"">C:\Users\User\AppData\Local\Temp\</Data>
      
            
      <Data Name=""User"">WINDEV2309EVAL\User</Data>
      
            
      <Data Name=""LogonGuid"">{f57bd86a-36f9-658c-7bf8-020000000000}</Data>
      
            
      <Data Name=""LogonId"">0x2f87b</Data>
      
            
      <Data Name=""TerminalSessionId"">1</Data>
      
            
      <Data Name=""IntegrityLevel"">Medium</Data>
      
            
      <Data Name=""Hashes"">
                MD5=463E4F3EF0E69443D88F8BC47670204A,SHA256=1FA4DF9D7D58695FA9930876F4E771AE500D043282A398FA3600FD6660C83E70,IMPHASH=53D023B3A55A3CC9CED17D7D122AA827</Data>
      
            
      <Data Name=""ParentProcessGuid"">{f57bd86a-7b78-658c-c601-000000000f00}</Data>
      
            
      <Data Name=""ParentProcessId"">8316</Data>
      
            
      <Data Name=""ParentImage"">C:\Windows\System32\cmd.exe</Data>
      
            
      <Data Name=""ParentCommandLine"">""C:\Windows\system32\cmd.exe"" /c ""for /l %x in (1,1,75)
                do start wordpad.exe /p
                C:\AtomicRedTeam\atomics\..\ExternalPayloads\T1059_003note.txt""</Data>
      
            
      <Data Name=""ParentUser"">WINDEV2309EVAL\User</Data>
      
        
    </EventData>
    
        
    <RenderingInfo Culture=""en-US"">
      
            
      <Message>Process Create:

RuleName: -

UtcTime: 2023-12-27
                19:31:11.134

ProcessGuid:
                {f57bd86a-7b7f-658c-1102-000000000f00}

ProcessId: 12636

Image:
                C:\Program Files\Windows NT\Accessories\wordpad.exe

FileVersion:
                10.0.22621.2861 (WinBuild.160101.0800)

Description: Windows Wordpad
                Application

Product: Microsoft&#174; Windows&#174; Operating System

Company:
                Microsoft Corporation

OriginalFileName: WORDPAD.EXE

CommandLine:
                ""C:\Program Files\Windows NT\Accessories\wordpad.exe"" /p
                C:\AtomicRedTeam\atomics\..\ExternalPayloads\T1059_003note.txt

CurrentDirectory:
                C:\Users\User\AppData\Local\Temp\

User:
                WINDEV2309EVAL\User

LogonGuid:
                {f57bd86a-36f9-658c-7bf8-020000000000}

LogonId:
                0x2F87B

TerminalSessionId: 1

IntegrityLevel:
                Medium

Hashes:
                MD5=463E4F3EF0E69443D88F8BC47670204A,SHA256=1FA4DF9D7D58695FA9930876F4E771AE500D043282A398FA3600FD6660C83E70,IMPHASH=53D023B3A55A3CC9CED17D7D122AA827

ParentProcessGuid:
                {f57bd86a-7b78-658c-c601-000000000f00}

ParentProcessId:
                8316

ParentImage: C:\Windows\System32\cmd.exe

ParentCommandLine:
                ""C:\Windows\system32\cmd.exe"" /c ""for /l %x in (1,1,75) do start wordpad.exe /p
                C:\AtomicRedTeam\atomics\..\ExternalPayloads\T1059_003note.txt""

ParentUser:
                WINDEV2309EVAL\User</Message>
      
            
      <Level>Information</Level>
      
            
      <Task>Process Create (rule: ProcessCreate)</Task>
      
            
      <Opcode>Info</Opcode>
      
        
    </RenderingInfo>
    
    
  </Event>
  
    
  
"
