Microsoft-Windows-Sysmon/Operational,"""cmd.exe"" /c SCHTASKS /Create /S localhost /RU DOMAIN\user /RP At0micStrong /TN ""Atomic task"" /TR ""C:\windows\system32\cmd.exe"" /SC daily /ST 20:10",Microsoft Corporation,WinDev2309Eval,,C:\Users\User\AppData\Local\Temp\,Windows Command Processor,1,19576,10.0.22621.2506 (WinBuild.160101.0800),"MD5=133D568ECCB557E37BEA1459521CBAC2,SHA256=05A30592D2C3421C41121145C6EEFA7C81FEA6B42D6233A522240A8468326B9C,IMPHASH=D73E39DAB3C8B57AA408073D01254964",C:\Windows\System32\cmd.exe,Medium,0x8000000000000000,4,{f57bd86a-36f9-658c-7bf8-020000000000},0x2f87b,0,Cmd.Exe,-,-,{00000000-0000-0000-0000-000000000000},1688,-,{f57bd86a-7135-658c-c601-000000000f00},3588,5472,Microsoft® Windows® Operating System,,,,-,2023-12-27T18:47:17.4582702Z,,1,1,5124,WINDEV2309EVAL\User,S-1-5-18,2023-12-27 18:47:17.457,5,"<Event xmlns=""http://schemas.microsoft.com/win/2004/08/events/event"">
    <System>
      <Provider Name=""Microsoft-Windows-Sysmon"" Guid=""{5770385f-c22a-43e0-bf4c-06f5698ffbd9}""/>
      <EventID>1</EventID>
      <Version>5</Version>
      <Level>4</Level>
      <Task>1</Task>
      <Opcode>0</Opcode>
      <Keywords>0x8000000000000000</Keywords>
      <TimeCreated SystemTime=""2023-12-27T18:47:17.4582702Z""/>
      <EventRecordID>19576</EventRecordID>
      <Correlation/>
      <Execution ProcessID=""3588"" ThreadID=""5124""/>
      <Channel>Microsoft-Windows-Sysmon/Operational</Channel>
      <Computer>WinDev2309Eval</Computer>
      <Security UserID=""S-1-5-18""/>
    </System>
    <EventData>
      <Data Name=""RuleName"">-</Data>
      <Data Name=""UtcTime"">2023-12-27 18:47:17.457</Data>
      <Data Name=""ProcessGuid"">{f57bd86a-7135-658c-c601-000000000f00}</Data>
      <Data Name=""ProcessId"">5472</Data>
      <Data Name=""Image"">C:\Windows\System32\cmd.exe</Data>
      <Data Name=""FileVersion"">10.0.22621.2506 (WinBuild.160101.0800)</Data>
      <Data Name=""Description"">Windows Command Processor</Data>
      <Data Name=""Product"">Microsoft&#174; Windows&#174; Operating System</Data>
      <Data Name=""Company"">Microsoft Corporation</Data>
      <Data Name=""OriginalFileName"">Cmd.Exe</Data>
      <Data Name=""CommandLine"">""cmd.exe"" /c SCHTASKS /Create /S localhost /RU DOMAIN\user /RP At0micStrong /TN ""Atomic task"" /TR ""C:\windows\system32\cmd.exe"" /SC daily /ST 20:10</Data>
      <Data Name=""CurrentDirectory"">C:\Users\User\AppData\Local\Temp\</Data>
      <Data Name=""User"">WINDEV2309EVAL\User</Data>
      <Data Name=""LogonGuid"">{f57bd86a-36f9-658c-7bf8-020000000000}</Data>
      <Data Name=""LogonId"">0x2f87b</Data>
      <Data Name=""TerminalSessionId"">1</Data>
      <Data Name=""IntegrityLevel"">Medium</Data>
      <Data Name=""Hashes"">MD5=133D568ECCB557E37BEA1459521CBAC2,SHA256=05A30592D2C3421C41121145C6EEFA7C81FEA6B42D6233A522240A8468326B9C,IMPHASH=D73E39DAB3C8B57AA408073D01254964</Data>
      <Data Name=""ParentProcessGuid"">{00000000-0000-0000-0000-000000000000}</Data>
      <Data Name=""ParentProcessId"">1688</Data>
      <Data Name=""ParentImage"">-</Data>
      <Data Name=""ParentCommandLine"">-</Data>
      <Data Name=""ParentUser"">-</Data>
    </EventData>
  </Event>
  
"
Microsoft-Windows-Sysmon/Operational,,,WinDev2309Eval,2023-12-27 18:47:17.227,,,11,19575,,,C:\Windows\system32\svchost.exe,,0x8000000000000000,4,,,0,,,,,,,{f57bd86a-36f6-658c-1d00-000000000f00},3588,1496,,,,,T1053,2023-12-27T18:47:17.2420844Z,C:\Windows\System32\Tasks\spawn,11,,5124,NT AUTHORITY\SYSTEM,S-1-5-18,2023-12-27 18:47:17.227,2,"<Event xmlns=""http://schemas.microsoft.com/win/2004/08/events/event"">
    <System>
      <Provider Name=""Microsoft-Windows-Sysmon"" Guid=""{5770385f-c22a-43e0-bf4c-06f5698ffbd9}""/>
      <EventID>11</EventID>
      <Version>2</Version>
      <Level>4</Level>
      <Task>11</Task>
      <Opcode>0</Opcode>
      <Keywords>0x8000000000000000</Keywords>
      <TimeCreated SystemTime=""2023-12-27T18:47:17.2420844Z""/>
      <EventRecordID>19575</EventRecordID>
      <Correlation/>
      <Execution ProcessID=""3588"" ThreadID=""5124""/>
      <Channel>Microsoft-Windows-Sysmon/Operational</Channel>
      <Computer>WinDev2309Eval</Computer>
      <Security UserID=""S-1-5-18""/>
    </System>
    <EventData>
      <Data Name=""RuleName"">T1053</Data>
      <Data Name=""UtcTime"">2023-12-27 18:47:17.227</Data>
      <Data Name=""ProcessGuid"">{f57bd86a-36f6-658c-1d00-000000000f00}</Data>
      <Data Name=""ProcessId"">1496</Data>
      <Data Name=""Image"">C:\Windows\system32\svchost.exe</Data>
      <Data Name=""TargetFilename"">C:\Windows\System32\Tasks\spawn</Data>
      <Data Name=""CreationUtcTime"">2023-12-27 18:47:17.227</Data>
      <Data Name=""User"">NT AUTHORITY\SYSTEM</Data>
    </EventData>
  </Event>
  
"
Microsoft-Windows-Sysmon/Operational,SCHTASKS  /Create /SC ONCE /TN spawn /TR C:\windows\system32\cmd.exe /ST 20:10,Microsoft Corporation,WinDev2309Eval,,C:\Users\User\AppData\Local\Temp\,Task Scheduler Configuration Tool,1,19574,10.0.22621.1 (WinBuild.160101.0800),"MD5=D857FA7279E2861199583474C17A1C6C,SHA256=DDDE64F0F55751763C1BCD53DE9CDFFC0D725D45A8476464A2A0422661813004,IMPHASH=44E70F20C235C150D75F6FC8B1E29CD1",C:\Windows\System32\schtasks.exe,Medium,0x8000000000000000,4,{f57bd86a-36f9-658c-7bf8-020000000000},0x2f87b,0,schtasks.exe,"""cmd.exe"" /c SCHTASKS /Create /SC ONCE /TN spawn /TR C:\windows\system32\cmd.exe /ST 20:10",C:\Windows\System32\cmd.exe,{f57bd86a-7135-658c-c301-000000000f00},8676,WINDEV2309EVAL\User,{f57bd86a-7135-658c-c501-000000000f00},3588,5604,Microsoft® Windows® Operating System,,,,-,2023-12-27T18:47:17.2207650Z,,1,1,5124,WINDEV2309EVAL\User,S-1-5-18,2023-12-27 18:47:17.219,5,"<Event xmlns=""http://schemas.microsoft.com/win/2004/08/events/event"">
    <System>
      <Provider Name=""Microsoft-Windows-Sysmon"" Guid=""{5770385f-c22a-43e0-bf4c-06f5698ffbd9}""/>
      <EventID>1</EventID>
      <Version>5</Version>
      <Level>4</Level>
      <Task>1</Task>
      <Opcode>0</Opcode>
      <Keywords>0x8000000000000000</Keywords>
      <TimeCreated SystemTime=""2023-12-27T18:47:17.2207650Z""/>
      <EventRecordID>19574</EventRecordID>
      <Correlation/>
      <Execution ProcessID=""3588"" ThreadID=""5124""/>
      <Channel>Microsoft-Windows-Sysmon/Operational</Channel>
      <Computer>WinDev2309Eval</Computer>
      <Security UserID=""S-1-5-18""/>
    </System>
    <EventData>
      <Data Name=""RuleName"">-</Data>
      <Data Name=""UtcTime"">2023-12-27 18:47:17.219</Data>
      <Data Name=""ProcessGuid"">{f57bd86a-7135-658c-c501-000000000f00}</Data>
      <Data Name=""ProcessId"">5604</Data>
      <Data Name=""Image"">C:\Windows\System32\schtasks.exe</Data>
      <Data Name=""FileVersion"">10.0.22621.1 (WinBuild.160101.0800)</Data>
      <Data Name=""Description"">Task Scheduler Configuration Tool</Data>
      <Data Name=""Product"">Microsoft&#174; Windows&#174; Operating System</Data>
      <Data Name=""Company"">Microsoft Corporation</Data>
      <Data Name=""OriginalFileName"">schtasks.exe</Data>
      <Data Name=""CommandLine"">SCHTASKS  /Create /SC ONCE /TN spawn /TR C:\windows\system32\cmd.exe /ST 20:10</Data>
      <Data Name=""CurrentDirectory"">C:\Users\User\AppData\Local\Temp\</Data>
      <Data Name=""User"">WINDEV2309EVAL\User</Data>
      <Data Name=""LogonGuid"">{f57bd86a-36f9-658c-7bf8-020000000000}</Data>
      <Data Name=""LogonId"">0x2f87b</Data>
      <Data Name=""TerminalSessionId"">1</Data>
      <Data Name=""IntegrityLevel"">Medium</Data>
      <Data Name=""Hashes"">MD5=D857FA7279E2861199583474C17A1C6C,SHA256=DDDE64F0F55751763C1BCD53DE9CDFFC0D725D45A8476464A2A0422661813004,IMPHASH=44E70F20C235C150D75F6FC8B1E29CD1</Data>
      <Data Name=""ParentProcessGuid"">{f57bd86a-7135-658c-c301-000000000f00}</Data>
      <Data Name=""ParentProcessId"">8676</Data>
      <Data Name=""ParentImage"">C:\Windows\System32\cmd.exe</Data>
      <Data Name=""ParentCommandLine"">""cmd.exe"" /c SCHTASKS /Create /SC ONCE /TN spawn /TR C:\windows\system32\cmd.exe /ST 20:10</Data>
      <Data Name=""ParentUser"">WINDEV2309EVAL\User</Data>
    </EventData>
  </Event>
  
"
Microsoft-Windows-Sysmon/Operational,"""cmd.exe"" /c SCHTASKS /Create /SC ONCE /TN spawn /TR C:\windows\system32\cmd.exe /ST 20:10",Microsoft Corporation,WinDev2309Eval,,C:\Users\User\AppData\Local\Temp\,Windows Command Processor,1,19573,10.0.22621.2506 (WinBuild.160101.0800),"MD5=133D568ECCB557E37BEA1459521CBAC2,SHA256=05A30592D2C3421C41121145C6EEFA7C81FEA6B42D6233A522240A8468326B9C,IMPHASH=D73E39DAB3C8B57AA408073D01254964",C:\Windows\System32\cmd.exe,Medium,0x8000000000000000,4,{f57bd86a-36f9-658c-7bf8-020000000000},0x2f87b,0,Cmd.Exe,-,-,{00000000-0000-0000-0000-000000000000},1688,-,{f57bd86a-7135-658c-c301-000000000f00},3588,8676,Microsoft® Windows® Operating System,,,,-,2023-12-27T18:47:17.1959264Z,,1,1,5124,WINDEV2309EVAL\User,S-1-5-18,2023-12-27 18:47:17.194,5,"<Event xmlns=""http://schemas.microsoft.com/win/2004/08/events/event"">
    <System>
      <Provider Name=""Microsoft-Windows-Sysmon"" Guid=""{5770385f-c22a-43e0-bf4c-06f5698ffbd9}""/>
      <EventID>1</EventID>
      <Version>5</Version>
      <Level>4</Level>
      <Task>1</Task>
      <Opcode>0</Opcode>
      <Keywords>0x8000000000000000</Keywords>
      <TimeCreated SystemTime=""2023-12-27T18:47:17.1959264Z""/>
      <EventRecordID>19573</EventRecordID>
      <Correlation/>
      <Execution ProcessID=""3588"" ThreadID=""5124""/>
      <Channel>Microsoft-Windows-Sysmon/Operational</Channel>
      <Computer>WinDev2309Eval</Computer>
      <Security UserID=""S-1-5-18""/>
    </System>
    <EventData>
      <Data Name=""RuleName"">-</Data>
      <Data Name=""UtcTime"">2023-12-27 18:47:17.194</Data>
      <Data Name=""ProcessGuid"">{f57bd86a-7135-658c-c301-000000000f00}</Data>
      <Data Name=""ProcessId"">8676</Data>
      <Data Name=""Image"">C:\Windows\System32\cmd.exe</Data>
      <Data Name=""FileVersion"">10.0.22621.2506 (WinBuild.160101.0800)</Data>
      <Data Name=""Description"">Windows Command Processor</Data>
      <Data Name=""Product"">Microsoft&#174; Windows&#174; Operating System</Data>
      <Data Name=""Company"">Microsoft Corporation</Data>
      <Data Name=""OriginalFileName"">Cmd.Exe</Data>
      <Data Name=""CommandLine"">""cmd.exe"" /c SCHTASKS /Create /SC ONCE /TN spawn /TR C:\windows\system32\cmd.exe /ST 20:10</Data>
      <Data Name=""CurrentDirectory"">C:\Users\User\AppData\Local\Temp\</Data>
      <Data Name=""User"">WINDEV2309EVAL\User</Data>
      <Data Name=""LogonGuid"">{f57bd86a-36f9-658c-7bf8-020000000000}</Data>
      <Data Name=""LogonId"">0x2f87b</Data>
      <Data Name=""TerminalSessionId"">1</Data>
      <Data Name=""IntegrityLevel"">Medium</Data>
      <Data Name=""Hashes"">MD5=133D568ECCB557E37BEA1459521CBAC2,SHA256=05A30592D2C3421C41121145C6EEFA7C81FEA6B42D6233A522240A8468326B9C,IMPHASH=D73E39DAB3C8B57AA408073D01254964</Data>
      <Data Name=""ParentProcessGuid"">{00000000-0000-0000-0000-000000000000}</Data>
      <Data Name=""ParentProcessId"">1688</Data>
      <Data Name=""ParentImage"">-</Data>
      <Data Name=""ParentCommandLine"">-</Data>
      <Data Name=""ParentUser"">-</Data>
    </EventData>
  </Event>
  
"
Microsoft-Windows-Sysmon/Operational,"schtasks  /create /tn ""T1053_005_OnStartup"" /sc onstart /ru system /tr ""cmd.exe /c calc.exe""",Microsoft Corporation,WinDev2309Eval,,C:\Users\User\AppData\Local\Temp\,Task Scheduler Configuration Tool,1,19572,10.0.22621.1 (WinBuild.160101.0800),"MD5=D857FA7279E2861199583474C17A1C6C,SHA256=DDDE64F0F55751763C1BCD53DE9CDFFC0D725D45A8476464A2A0422661813004,IMPHASH=44E70F20C235C150D75F6FC8B1E29CD1",C:\Windows\System32\schtasks.exe,Medium,0x8000000000000000,4,{f57bd86a-36f9-658c-7bf8-020000000000},0x2f87b,0,schtasks.exe,"""cmd.exe"" /c schtasks /create /tn ""T1053_005_OnLogon"" /sc onlogon /tr ""cmd.exe /c calc.exe"" & schtasks /create /tn ""T1053_005_OnStartup"" /sc onstart /ru system /tr ""cmd.exe /c calc.exe""",C:\Windows\System32\cmd.exe,{f57bd86a-7133-658c-bf01-000000000f00},9400,WINDEV2309EVAL\User,{f57bd86a-7133-658c-c201-000000000f00},3588,1072,Microsoft® Windows® Operating System,,,,-,2023-12-27T18:47:15.8544074Z,,1,1,5124,WINDEV2309EVAL\User,S-1-5-18,2023-12-27 18:47:15.853,5,"<Event xmlns=""http://schemas.microsoft.com/win/2004/08/events/event"">
    <System>
      <Provider Name=""Microsoft-Windows-Sysmon"" Guid=""{5770385f-c22a-43e0-bf4c-06f5698ffbd9}""/>
      <EventID>1</EventID>
      <Version>5</Version>
      <Level>4</Level>
      <Task>1</Task>
      <Opcode>0</Opcode>
      <Keywords>0x8000000000000000</Keywords>
      <TimeCreated SystemTime=""2023-12-27T18:47:15.8544074Z""/>
      <EventRecordID>19572</EventRecordID>
      <Correlation/>
      <Execution ProcessID=""3588"" ThreadID=""5124""/>
      <Channel>Microsoft-Windows-Sysmon/Operational</Channel>
      <Computer>WinDev2309Eval</Computer>
      <Security UserID=""S-1-5-18""/>
    </System>
    <EventData>
      <Data Name=""RuleName"">-</Data>
      <Data Name=""UtcTime"">2023-12-27 18:47:15.853</Data>
      <Data Name=""ProcessGuid"">{f57bd86a-7133-658c-c201-000000000f00}</Data>
      <Data Name=""ProcessId"">1072</Data>
      <Data Name=""Image"">C:\Windows\System32\schtasks.exe</Data>
      <Data Name=""FileVersion"">10.0.22621.1 (WinBuild.160101.0800)</Data>
      <Data Name=""Description"">Task Scheduler Configuration Tool</Data>
      <Data Name=""Product"">Microsoft&#174; Windows&#174; Operating System</Data>
      <Data Name=""Company"">Microsoft Corporation</Data>
      <Data Name=""OriginalFileName"">schtasks.exe</Data>
      <Data Name=""CommandLine"">schtasks  /create /tn ""T1053_005_OnStartup"" /sc onstart /ru system /tr ""cmd.exe /c calc.exe""</Data>
      <Data Name=""CurrentDirectory"">C:\Users\User\AppData\Local\Temp\</Data>
      <Data Name=""User"">WINDEV2309EVAL\User</Data>
      <Data Name=""LogonGuid"">{f57bd86a-36f9-658c-7bf8-020000000000}</Data>
      <Data Name=""LogonId"">0x2f87b</Data>
      <Data Name=""TerminalSessionId"">1</Data>
      <Data Name=""IntegrityLevel"">Medium</Data>
      <Data Name=""Hashes"">MD5=D857FA7279E2861199583474C17A1C6C,SHA256=DDDE64F0F55751763C1BCD53DE9CDFFC0D725D45A8476464A2A0422661813004,IMPHASH=44E70F20C235C150D75F6FC8B1E29CD1</Data>
      <Data Name=""ParentProcessGuid"">{f57bd86a-7133-658c-bf01-000000000f00}</Data>
      <Data Name=""ParentProcessId"">9400</Data>
      <Data Name=""ParentImage"">C:\Windows\System32\cmd.exe</Data>
      <Data Name=""ParentCommandLine"">""cmd.exe"" /c schtasks /create /tn ""T1053_005_OnLogon"" /sc onlogon /tr ""cmd.exe /c calc.exe"" &amp; schtasks /create /tn ""T1053_005_OnStartup"" /sc onstart /ru system /tr ""cmd.exe /c calc.exe""</Data>
      <Data Name=""ParentUser"">WINDEV2309EVAL\User</Data>
    </EventData>
  </Event>
  
"
Microsoft-Windows-Sysmon/Operational,"schtasks  /create /tn ""T1053_005_OnLogon"" /sc onlogon /tr ""cmd.exe /c calc.exe"" ",Microsoft Corporation,WinDev2309Eval,,C:\Users\User\AppData\Local\Temp\,Task Scheduler Configuration Tool,1,19571,10.0.22621.1 (WinBuild.160101.0800),"MD5=D857FA7279E2861199583474C17A1C6C,SHA256=DDDE64F0F55751763C1BCD53DE9CDFFC0D725D45A8476464A2A0422661813004,IMPHASH=44E70F20C235C150D75F6FC8B1E29CD1",C:\Windows\System32\schtasks.exe,Medium,0x8000000000000000,4,{f57bd86a-36f9-658c-7bf8-020000000000},0x2f87b,0,schtasks.exe,"""cmd.exe"" /c schtasks /create /tn ""T1053_005_OnLogon"" /sc onlogon /tr ""cmd.exe /c calc.exe"" & schtasks /create /tn ""T1053_005_OnStartup"" /sc onstart /ru system /tr ""cmd.exe /c calc.exe""",C:\Windows\System32\cmd.exe,{f57bd86a-7133-658c-bf01-000000000f00},9400,WINDEV2309EVAL\User,{f57bd86a-7133-658c-c101-000000000f00},3588,10432,Microsoft® Windows® Operating System,,,,-,2023-12-27T18:47:15.8328835Z,,1,1,5124,WINDEV2309EVAL\User,S-1-5-18,2023-12-27 18:47:15.828,5,"<Event xmlns=""http://schemas.microsoft.com/win/2004/08/events/event"">
    <System>
      <Provider Name=""Microsoft-Windows-Sysmon"" Guid=""{5770385f-c22a-43e0-bf4c-06f5698ffbd9}""/>
      <EventID>1</EventID>
      <Version>5</Version>
      <Level>4</Level>
      <Task>1</Task>
      <Opcode>0</Opcode>
      <Keywords>0x8000000000000000</Keywords>
      <TimeCreated SystemTime=""2023-12-27T18:47:15.8328835Z""/>
      <EventRecordID>19571</EventRecordID>
      <Correlation/>
      <Execution ProcessID=""3588"" ThreadID=""5124""/>
      <Channel>Microsoft-Windows-Sysmon/Operational</Channel>
      <Computer>WinDev2309Eval</Computer>
      <Security UserID=""S-1-5-18""/>
    </System>
    <EventData>
      <Data Name=""RuleName"">-</Data>
      <Data Name=""UtcTime"">2023-12-27 18:47:15.828</Data>
      <Data Name=""ProcessGuid"">{f57bd86a-7133-658c-c101-000000000f00}</Data>
      <Data Name=""ProcessId"">10432</Data>
      <Data Name=""Image"">C:\Windows\System32\schtasks.exe</Data>
      <Data Name=""FileVersion"">10.0.22621.1 (WinBuild.160101.0800)</Data>
      <Data Name=""Description"">Task Scheduler Configuration Tool</Data>
      <Data Name=""Product"">Microsoft&#174; Windows&#174; Operating System</Data>
      <Data Name=""Company"">Microsoft Corporation</Data>
      <Data Name=""OriginalFileName"">schtasks.exe</Data>
      <Data Name=""CommandLine"">schtasks  /create /tn ""T1053_005_OnLogon"" /sc onlogon /tr ""cmd.exe /c calc.exe"" </Data>
      <Data Name=""CurrentDirectory"">C:\Users\User\AppData\Local\Temp\</Data>
      <Data Name=""User"">WINDEV2309EVAL\User</Data>
      <Data Name=""LogonGuid"">{f57bd86a-36f9-658c-7bf8-020000000000}</Data>
      <Data Name=""LogonId"">0x2f87b</Data>
      <Data Name=""TerminalSessionId"">1</Data>
      <Data Name=""IntegrityLevel"">Medium</Data>
      <Data Name=""Hashes"">MD5=D857FA7279E2861199583474C17A1C6C,SHA256=DDDE64F0F55751763C1BCD53DE9CDFFC0D725D45A8476464A2A0422661813004,IMPHASH=44E70F20C235C150D75F6FC8B1E29CD1</Data>
      <Data Name=""ParentProcessGuid"">{f57bd86a-7133-658c-bf01-000000000f00}</Data>
      <Data Name=""ParentProcessId"">9400</Data>
      <Data Name=""ParentImage"">C:\Windows\System32\cmd.exe</Data>
      <Data Name=""ParentCommandLine"">""cmd.exe"" /c schtasks /create /tn ""T1053_005_OnLogon"" /sc onlogon /tr ""cmd.exe /c calc.exe"" &amp; schtasks /create /tn ""T1053_005_OnStartup"" /sc onstart /ru system /tr ""cmd.exe /c calc.exe""</Data>
      <Data Name=""ParentUser"">WINDEV2309EVAL\User</Data>
    </EventData>
  </Event>
  
"
Microsoft-Windows-Sysmon/Operational,"""cmd.exe"" /c schtasks /create /tn ""T1053_005_OnLogon"" /sc onlogon /tr ""cmd.exe /c calc.exe"" & schtasks /create /tn ""T1053_005_OnStartup"" /sc onstart /ru system /tr ""cmd.exe /c calc.exe""",Microsoft Corporation,WinDev2309Eval,,C:\Users\User\AppData\Local\Temp\,Windows Command Processor,1,19570,10.0.22621.2506 (WinBuild.160101.0800),"MD5=133D568ECCB557E37BEA1459521CBAC2,SHA256=05A30592D2C3421C41121145C6EEFA7C81FEA6B42D6233A522240A8468326B9C,IMPHASH=D73E39DAB3C8B57AA408073D01254964",C:\Windows\System32\cmd.exe,Medium,0x8000000000000000,4,{f57bd86a-36f9-658c-7bf8-020000000000},0x2f87b,0,Cmd.Exe,-,-,{00000000-0000-0000-0000-000000000000},1688,-,{f57bd86a-7133-658c-bf01-000000000f00},3588,9400,Microsoft® Windows® Operating System,,,,-,2023-12-27T18:47:15.7964795Z,,1,1,5124,WINDEV2309EVAL\User,S-1-5-18,2023-12-27 18:47:15.795,5,"<Event xmlns=""http://schemas.microsoft.com/win/2004/08/events/event"">
    <System>
      <Provider Name=""Microsoft-Windows-Sysmon"" Guid=""{5770385f-c22a-43e0-bf4c-06f5698ffbd9}""/>
      <EventID>1</EventID>
      <Version>5</Version>
      <Level>4</Level>
      <Task>1</Task>
      <Opcode>0</Opcode>
      <Keywords>0x8000000000000000</Keywords>
      <TimeCreated SystemTime=""2023-12-27T18:47:15.7964795Z""/>
      <EventRecordID>19570</EventRecordID>
      <Correlation/>
      <Execution ProcessID=""3588"" ThreadID=""5124""/>
      <Channel>Microsoft-Windows-Sysmon/Operational</Channel>
      <Computer>WinDev2309Eval</Computer>
      <Security UserID=""S-1-5-18""/>
    </System>
    <EventData>
      <Data Name=""RuleName"">-</Data>
      <Data Name=""UtcTime"">2023-12-27 18:47:15.795</Data>
      <Data Name=""ProcessGuid"">{f57bd86a-7133-658c-bf01-000000000f00}</Data>
      <Data Name=""ProcessId"">9400</Data>
      <Data Name=""Image"">C:\Windows\System32\cmd.exe</Data>
      <Data Name=""FileVersion"">10.0.22621.2506 (WinBuild.160101.0800)</Data>
      <Data Name=""Description"">Windows Command Processor</Data>
      <Data Name=""Product"">Microsoft&#174; Windows&#174; Operating System</Data>
      <Data Name=""Company"">Microsoft Corporation</Data>
      <Data Name=""OriginalFileName"">Cmd.Exe</Data>
      <Data Name=""CommandLine"">""cmd.exe"" /c schtasks /create /tn ""T1053_005_OnLogon"" /sc onlogon /tr ""cmd.exe /c calc.exe"" &amp; schtasks /create /tn ""T1053_005_OnStartup"" /sc onstart /ru system /tr ""cmd.exe /c calc.exe""</Data>
      <Data Name=""CurrentDirectory"">C:\Users\User\AppData\Local\Temp\</Data>
      <Data Name=""User"">WINDEV2309EVAL\User</Data>
      <Data Name=""LogonGuid"">{f57bd86a-36f9-658c-7bf8-020000000000}</Data>
      <Data Name=""LogonId"">0x2f87b</Data>
      <Data Name=""TerminalSessionId"">1</Data>
      <Data Name=""IntegrityLevel"">Medium</Data>
      <Data Name=""Hashes"">MD5=133D568ECCB557E37BEA1459521CBAC2,SHA256=05A30592D2C3421C41121145C6EEFA7C81FEA6B42D6233A522240A8468326B9C,IMPHASH=D73E39DAB3C8B57AA408073D01254964</Data>
      <Data Name=""ParentProcessGuid"">{00000000-0000-0000-0000-000000000000}</Data>
      <Data Name=""ParentProcessId"">1688</Data>
      <Data Name=""ParentImage"">-</Data>
      <Data Name=""ParentCommandLine"">-</Data>
      <Data Name=""ParentUser"">-</Data>
    </EventData>
  </Event>
  
"
Microsoft-Windows-Sysmon/Operational,"""C:\Windows\system32\whoami.exe""",Microsoft Corporation,WinDev2309Eval,,C:\Users\User\,whoami - displays logged on user information,1,19569,10.0.22621.1 (WinBuild.160101.0800),"MD5=E0F37DB23E4F3163159A815610DF8CF2,SHA256=574BC2A2995FE2B1F732CCD39F2D99460ACE980AF29EFDF1EB0D3E888BE7D6F0,IMPHASH=62935820E434AF643547B7F5F5BD0292",C:\Windows\System32\whoami.exe,Medium,0x8000000000000000,4,{f57bd86a-36f9-658c-7bf8-020000000000},0x2f87b,0,whoami.exe,-,-,{00000000-0000-0000-0000-000000000000},1688,-,{f57bd86a-7132-658c-be01-000000000f00},3588,3144,Microsoft® Windows® Operating System,,,,-,2023-12-27T18:47:14.6718447Z,,1,1,5124,WINDEV2309EVAL\User,S-1-5-18,2023-12-27 18:47:14.669,5,"<Event xmlns=""http://schemas.microsoft.com/win/2004/08/events/event"">
    <System>
      <Provider Name=""Microsoft-Windows-Sysmon"" Guid=""{5770385f-c22a-43e0-bf4c-06f5698ffbd9}""/>
      <EventID>1</EventID>
      <Version>5</Version>
      <Level>4</Level>
      <Task>1</Task>
      <Opcode>0</Opcode>
      <Keywords>0x8000000000000000</Keywords>
      <TimeCreated SystemTime=""2023-12-27T18:47:14.6718447Z""/>
      <EventRecordID>19569</EventRecordID>
      <Correlation/>
      <Execution ProcessID=""3588"" ThreadID=""5124""/>
      <Channel>Microsoft-Windows-Sysmon/Operational</Channel>
      <Computer>WinDev2309Eval</Computer>
      <Security UserID=""S-1-5-18""/>
    </System>
    <EventData>
      <Data Name=""RuleName"">-</Data>
      <Data Name=""UtcTime"">2023-12-27 18:47:14.669</Data>
      <Data Name=""ProcessGuid"">{f57bd86a-7132-658c-be01-000000000f00}</Data>
      <Data Name=""ProcessId"">3144</Data>
      <Data Name=""Image"">C:\Windows\System32\whoami.exe</Data>
      <Data Name=""FileVersion"">10.0.22621.1 (WinBuild.160101.0800)</Data>
      <Data Name=""Description"">whoami - displays logged on user information</Data>
      <Data Name=""Product"">Microsoft&#174; Windows&#174; Operating System</Data>
      <Data Name=""Company"">Microsoft Corporation</Data>
      <Data Name=""OriginalFileName"">whoami.exe</Data>
      <Data Name=""CommandLine"">""C:\Windows\system32\whoami.exe""</Data>
      <Data Name=""CurrentDirectory"">C:\Users\User\</Data>
      <Data Name=""User"">WINDEV2309EVAL\User</Data>
      <Data Name=""LogonGuid"">{f57bd86a-36f9-658c-7bf8-020000000000}</Data>
      <Data Name=""LogonId"">0x2f87b</Data>
      <Data Name=""TerminalSessionId"">1</Data>
      <Data Name=""IntegrityLevel"">Medium</Data>
      <Data Name=""Hashes"">MD5=E0F37DB23E4F3163159A815610DF8CF2,SHA256=574BC2A2995FE2B1F732CCD39F2D99460ACE980AF29EFDF1EB0D3E888BE7D6F0,IMPHASH=62935820E434AF643547B7F5F5BD0292</Data>
      <Data Name=""ParentProcessGuid"">{00000000-0000-0000-0000-000000000000}</Data>
      <Data Name=""ParentProcessId"">1688</Data>
      <Data Name=""ParentImage"">-</Data>
      <Data Name=""ParentCommandLine"">-</Data>
      <Data Name=""ParentUser"">-</Data>
    </EventData>
  </Event>
  
"
Microsoft-Windows-Sysmon/Operational,"""C:\Windows\system32\HOSTNAME.EXE""",Microsoft Corporation,WinDev2309Eval,,C:\Users\User\,Hostname APP,1,19568,10.0.22621.2506 (WinBuild.160101.0800),"MD5=E1EA6EFF1F45AA136A2A2E18EACC1F73,SHA256=4634E6685E402CC3CC8843589F4E8D8AC515F5F05D319E835A262B69B32BDB45,IMPHASH=23013EDF627646AB5226D15AC880BAD8",C:\Windows\System32\HOSTNAME.EXE,Medium,0x8000000000000000,4,{f57bd86a-36f9-658c-7bf8-020000000000},0x2f87b,0,hostname.exe,-,-,{00000000-0000-0000-0000-000000000000},1688,-,{f57bd86a-7132-658c-bd01-000000000f00},3588,1164,Microsoft® Windows® Operating System,,,,-,2023-12-27T18:47:14.6438120Z,,1,1,5124,WINDEV2309EVAL\User,S-1-5-18,2023-12-27 18:47:14.642,5,"<Event xmlns=""http://schemas.microsoft.com/win/2004/08/events/event"">
    <System>
      <Provider Name=""Microsoft-Windows-Sysmon"" Guid=""{5770385f-c22a-43e0-bf4c-06f5698ffbd9}""/>
      <EventID>1</EventID>
      <Version>5</Version>
      <Level>4</Level>
      <Task>1</Task>
      <Opcode>0</Opcode>
      <Keywords>0x8000000000000000</Keywords>
      <TimeCreated SystemTime=""2023-12-27T18:47:14.6438120Z""/>
      <EventRecordID>19568</EventRecordID>
      <Correlation/>
      <Execution ProcessID=""3588"" ThreadID=""5124""/>
      <Channel>Microsoft-Windows-Sysmon/Operational</Channel>
      <Computer>WinDev2309Eval</Computer>
      <Security UserID=""S-1-5-18""/>
    </System>
    <EventData>
      <Data Name=""RuleName"">-</Data>
      <Data Name=""UtcTime"">2023-12-27 18:47:14.642</Data>
      <Data Name=""ProcessGuid"">{f57bd86a-7132-658c-bd01-000000000f00}</Data>
      <Data Name=""ProcessId"">1164</Data>
      <Data Name=""Image"">C:\Windows\System32\HOSTNAME.EXE</Data>
      <Data Name=""FileVersion"">10.0.22621.2506 (WinBuild.160101.0800)</Data>
      <Data Name=""Description"">Hostname APP</Data>
      <Data Name=""Product"">Microsoft&#174; Windows&#174; Operating System</Data>
      <Data Name=""Company"">Microsoft Corporation</Data>
      <Data Name=""OriginalFileName"">hostname.exe</Data>
      <Data Name=""CommandLine"">""C:\Windows\system32\HOSTNAME.EXE""</Data>
      <Data Name=""CurrentDirectory"">C:\Users\User\</Data>
      <Data Name=""User"">WINDEV2309EVAL\User</Data>
      <Data Name=""LogonGuid"">{f57bd86a-36f9-658c-7bf8-020000000000}</Data>
      <Data Name=""LogonId"">0x2f87b</Data>
      <Data Name=""TerminalSessionId"">1</Data>
      <Data Name=""IntegrityLevel"">Medium</Data>
      <Data Name=""Hashes"">MD5=E1EA6EFF1F45AA136A2A2E18EACC1F73,SHA256=4634E6685E402CC3CC8843589F4E8D8AC515F5F05D319E835A262B69B32BDB45,IMPHASH=23013EDF627646AB5226D15AC880BAD8</Data>
      <Data Name=""ParentProcessGuid"">{00000000-0000-0000-0000-000000000000}</Data>
      <Data Name=""ParentProcessId"">1688</Data>
      <Data Name=""ParentImage"">-</Data>
      <Data Name=""ParentCommandLine"">-</Data>
      <Data Name=""ParentUser"">-</Data>
    </EventData>
  </Event>

"
