Microsoft-Windows-Sysmon/Operational,"""C:\Windows\system32\disksnapshot.exe"" -z",Microsoft Corporation,WinDev2309Eval,,C:\Windows\system32\,DiskSnapshot.exe,,,,,,,1,19619,,10.0.22621.1 (WinBuild.160101.0800),"MD5=D2AE980905D6F4DA5095FDC4FBD04BC9,SHA256=FA7C499B2EEF78D5C931AF65BF0F273F7B03848641F057C0CBEFAF6444354BA9,IMPHASH=9BE1E8D7C5D5B113AF20C778EF464358",C:\Windows\System32\DiskSnapshot.exe,,System,0x8000000000000000,Information,{f57bd86a-36f5-658c-e703-000000000000},0x3e7,"Process Create:

RuleName: -

UtcTime: 2023-12-27 20:02:56.590

ProcessGuid: {f57bd86a-82f0-658c-df01-000000000f00}

ProcessId: 4120

Image: C:\Windows\System32\DiskSnapshot.exe

FileVersion: 10.0.22621.1 (WinBuild.160101.0800)

Description: DiskSnapshot.exe

Product: Microsoft® Windows® Operating System

Company: Microsoft Corporation

OriginalFileName: DiskSnapshot.exe

CommandLine: ""C:\Windows\system32\disksnapshot.exe"" -z

CurrentDirectory: C:\Windows\system32\

User: NT AUTHORITY\SYSTEM

LogonGuid: {f57bd86a-36f5-658c-e703-000000000000}

LogonId: 0x3E7

TerminalSessionId: 0

IntegrityLevel: System

Hashes: MD5=D2AE980905D6F4DA5095FDC4FBD04BC9,SHA256=FA7C499B2EEF78D5C931AF65BF0F273F7B03848641F057C0CBEFAF6444354BA9,IMPHASH=9BE1E8D7C5D5B113AF20C778EF464358

ParentProcessGuid: {f57bd86a-36f6-658c-1d00-000000000f00}

ParentProcessId: 1496

ParentImage: C:\Windows\System32\svchost.exe

ParentCommandLine: C:\Windows\system32\svchost.exe -k netsvcs -p -s Schedule

ParentUser: NT AUTHORITY\SYSTEM",Info,DiskSnapshot.exe,C:\Windows\system32\svchost.exe -k netsvcs -p -s Schedule,C:\Windows\System32\svchost.exe,{f57bd86a-36f6-658c-1d00-000000000f00},1496,NT AUTHORITY\SYSTEM,{f57bd86a-82f0-658c-df01-000000000f00},3588,4120,Microsoft® Windows® Operating System,,,,,"
      ",-,,,,,,2023-12-27T20:02:56.5938789Z,,,Process Create (rule: ProcessCreate),0,5124,NT AUTHORITY\SYSTEM,S-1-5-18,2023-12-27 20:02:56.590,5,"<Event xmlns=""http://schemas.microsoft.com/win/2004/08/events/event"">
    <System>
      <Provider Name=""Microsoft-Windows-Sysmon"" Guid=""{5770385f-c22a-43e0-bf4c-06f5698ffbd9}""/>
      <EventID>1</EventID>
      <Version>5</Version>
      <Level>4</Level>
      <Task>1</Task>
      <Opcode>0</Opcode>
      <Keywords>0x8000000000000000</Keywords>
      <TimeCreated SystemTime=""2023-12-27T20:02:56.5938789Z""/>
      <EventRecordID>19619</EventRecordID>
      <Correlation/>
      <Execution ProcessID=""3588"" ThreadID=""5124""/>
      <Channel>Microsoft-Windows-Sysmon/Operational</Channel>
      <Computer>WinDev2309Eval</Computer>
      <Security UserID=""S-1-5-18""/>
    </System>
    <EventData>
      <Data Name=""RuleName"">-</Data>
      <Data Name=""UtcTime"">2023-12-27 20:02:56.590</Data>
      <Data Name=""ProcessGuid"">{f57bd86a-82f0-658c-df01-000000000f00}</Data>
      <Data Name=""ProcessId"">4120</Data>
      <Data Name=""Image"">C:\Windows\System32\DiskSnapshot.exe</Data>
      <Data Name=""FileVersion"">10.0.22621.1 (WinBuild.160101.0800)</Data>
      <Data Name=""Description"">DiskSnapshot.exe</Data>
      <Data Name=""Product"">Microsoft&#174; Windows&#174; Operating System</Data>
      <Data Name=""Company"">Microsoft Corporation</Data>
      <Data Name=""OriginalFileName"">DiskSnapshot.exe</Data>
      <Data Name=""CommandLine"">""C:\Windows\system32\disksnapshot.exe"" -z</Data>
      <Data Name=""CurrentDirectory"">C:\Windows\system32\</Data>
      <Data Name=""User"">NT AUTHORITY\SYSTEM</Data>
      <Data Name=""LogonGuid"">{f57bd86a-36f5-658c-e703-000000000000}</Data>
      <Data Name=""LogonId"">0x3e7</Data>
      <Data Name=""TerminalSessionId"">0</Data>
      <Data Name=""IntegrityLevel"">System</Data>
      <Data Name=""Hashes"">MD5=D2AE980905D6F4DA5095FDC4FBD04BC9,SHA256=FA7C499B2EEF78D5C931AF65BF0F273F7B03848641F057C0CBEFAF6444354BA9,IMPHASH=9BE1E8D7C5D5B113AF20C778EF464358</Data>
      <Data Name=""ParentProcessGuid"">{f57bd86a-36f6-658c-1d00-000000000f00}</Data>
      <Data Name=""ParentProcessId"">1496</Data>
      <Data Name=""ParentImage"">C:\Windows\System32\svchost.exe</Data>
      <Data Name=""ParentCommandLine"">C:\Windows\system32\svchost.exe -k netsvcs -p -s Schedule</Data>
      <Data Name=""ParentUser"">NT AUTHORITY\SYSTEM</Data>
    </EventData>
    <RenderingInfo Culture=""en-US"">
      <Message>Process Create:

RuleName: -

UtcTime: 2023-12-27 20:02:56.590

ProcessGuid: {f57bd86a-82f0-658c-df01-000000000f00}

ProcessId: 4120

Image: C:\Windows\System32\DiskSnapshot.exe

FileVersion: 10.0.22621.1 (WinBuild.160101.0800)

Description: DiskSnapshot.exe

Product: Microsoft&#174; Windows&#174; Operating System

Company: Microsoft Corporation

OriginalFileName: DiskSnapshot.exe

CommandLine: ""C:\Windows\system32\disksnapshot.exe"" -z

CurrentDirectory: C:\Windows\system32\

User: NT AUTHORITY\SYSTEM

LogonGuid: {f57bd86a-36f5-658c-e703-000000000000}

LogonId: 0x3E7

TerminalSessionId: 0

IntegrityLevel: System

Hashes: MD5=D2AE980905D6F4DA5095FDC4FBD04BC9,SHA256=FA7C499B2EEF78D5C931AF65BF0F273F7B03848641F057C0CBEFAF6444354BA9,IMPHASH=9BE1E8D7C5D5B113AF20C778EF464358

ParentProcessGuid: {f57bd86a-36f6-658c-1d00-000000000f00}

ParentProcessId: 1496

ParentImage: C:\Windows\System32\svchost.exe

ParentCommandLine: C:\Windows\system32\svchost.exe -k netsvcs -p -s Schedule

ParentUser: NT AUTHORITY\SYSTEM</Message>
      <Level>Information</Level>
      <Task>Process Create (rule: ProcessCreate)</Task>
      <Opcode>Info</Opcode>
    </RenderingInfo>
  </Event>
  
"
Microsoft-Windows-Sysmon/Operational,"""C:\Windows\system32\sc.exe"" start w32time task_started",Microsoft Corporation,WinDev2309Eval,,C:\Windows\system32\,Service Control Manager Configuration Tool,,,,,,,1,19618,,10.0.22621.1 (WinBuild.160101.0800),"MD5=FF2A4319FA5531F0D7B98DBBA9ABBD4A,SHA256=67CBE3A7B9C9B7A2E9FB10A33C1A9A3FD297B6F1598AEA374BD9B5D2DEE352EC,IMPHASH=42DADBD60BBC453DD1773FDC089E19B7",C:\Windows\System32\sc.exe,,System,0x8000000000000000,Information,{f57bd86a-36f6-658c-e503-000000000000},0x3e5,"Process Create:

RuleName: -

UtcTime: 2023-12-27 20:02:56.584

ProcessGuid: {f57bd86a-82f0-658c-de01-000000000f00}

ProcessId: 9568

Image: C:\Windows\System32\sc.exe

FileVersion: 10.0.22621.1 (WinBuild.160101.0800)

Description: Service Control Manager Configuration Tool

Product: Microsoft® Windows® Operating System

Company: Microsoft Corporation

OriginalFileName: sc.exe

CommandLine: ""C:\Windows\system32\sc.exe"" start w32time task_started

CurrentDirectory: C:\Windows\system32\

User: NT AUTHORITY\LOCAL SERVICE

LogonGuid: {f57bd86a-36f6-658c-e503-000000000000}

LogonId: 0x3E5

TerminalSessionId: 0

IntegrityLevel: System

Hashes: MD5=FF2A4319FA5531F0D7B98DBBA9ABBD4A,SHA256=67CBE3A7B9C9B7A2E9FB10A33C1A9A3FD297B6F1598AEA374BD9B5D2DEE352EC,IMPHASH=42DADBD60BBC453DD1773FDC089E19B7

ParentProcessGuid: {f57bd86a-36f6-658c-1d00-000000000f00}

ParentProcessId: 1496

ParentImage: C:\Windows\System32\svchost.exe

ParentCommandLine: C:\Windows\system32\svchost.exe -k netsvcs -p -s Schedule

ParentUser: NT AUTHORITY\SYSTEM",Info,sc.exe,C:\Windows\system32\svchost.exe -k netsvcs -p -s Schedule,C:\Windows\System32\svchost.exe,{f57bd86a-36f6-658c-1d00-000000000f00},1496,NT AUTHORITY\SYSTEM,{f57bd86a-82f0-658c-de01-000000000f00},3588,9568,Microsoft® Windows® Operating System,,,,,"
      ",-,,,,,,2023-12-27T20:02:56.5857707Z,,,Process Create (rule: ProcessCreate),0,5124,NT AUTHORITY\LOCAL SERVICE,S-1-5-18,2023-12-27 20:02:56.584,5,"<Event xmlns=""http://schemas.microsoft.com/win/2004/08/events/event"">
    <System>
      <Provider Name=""Microsoft-Windows-Sysmon"" Guid=""{5770385f-c22a-43e0-bf4c-06f5698ffbd9}""/>
      <EventID>1</EventID>
      <Version>5</Version>
      <Level>4</Level>
      <Task>1</Task>
      <Opcode>0</Opcode>
      <Keywords>0x8000000000000000</Keywords>
      <TimeCreated SystemTime=""2023-12-27T20:02:56.5857707Z""/>
      <EventRecordID>19618</EventRecordID>
      <Correlation/>
      <Execution ProcessID=""3588"" ThreadID=""5124""/>
      <Channel>Microsoft-Windows-Sysmon/Operational</Channel>
      <Computer>WinDev2309Eval</Computer>
      <Security UserID=""S-1-5-18""/>
    </System>
    <EventData>
      <Data Name=""RuleName"">-</Data>
      <Data Name=""UtcTime"">2023-12-27 20:02:56.584</Data>
      <Data Name=""ProcessGuid"">{f57bd86a-82f0-658c-de01-000000000f00}</Data>
      <Data Name=""ProcessId"">9568</Data>
      <Data Name=""Image"">C:\Windows\System32\sc.exe</Data>
      <Data Name=""FileVersion"">10.0.22621.1 (WinBuild.160101.0800)</Data>
      <Data Name=""Description"">Service Control Manager Configuration Tool</Data>
      <Data Name=""Product"">Microsoft&#174; Windows&#174; Operating System</Data>
      <Data Name=""Company"">Microsoft Corporation</Data>
      <Data Name=""OriginalFileName"">sc.exe</Data>
      <Data Name=""CommandLine"">""C:\Windows\system32\sc.exe"" start w32time task_started</Data>
      <Data Name=""CurrentDirectory"">C:\Windows\system32\</Data>
      <Data Name=""User"">NT AUTHORITY\LOCAL SERVICE</Data>
      <Data Name=""LogonGuid"">{f57bd86a-36f6-658c-e503-000000000000}</Data>
      <Data Name=""LogonId"">0x3e5</Data>
      <Data Name=""TerminalSessionId"">0</Data>
      <Data Name=""IntegrityLevel"">System</Data>
      <Data Name=""Hashes"">MD5=FF2A4319FA5531F0D7B98DBBA9ABBD4A,SHA256=67CBE3A7B9C9B7A2E9FB10A33C1A9A3FD297B6F1598AEA374BD9B5D2DEE352EC,IMPHASH=42DADBD60BBC453DD1773FDC089E19B7</Data>
      <Data Name=""ParentProcessGuid"">{f57bd86a-36f6-658c-1d00-000000000f00}</Data>
      <Data Name=""ParentProcessId"">1496</Data>
      <Data Name=""ParentImage"">C:\Windows\System32\svchost.exe</Data>
      <Data Name=""ParentCommandLine"">C:\Windows\system32\svchost.exe -k netsvcs -p -s Schedule</Data>
      <Data Name=""ParentUser"">NT AUTHORITY\SYSTEM</Data>
    </EventData>
    <RenderingInfo Culture=""en-US"">
      <Message>Process Create:

RuleName: -

UtcTime: 2023-12-27 20:02:56.584

ProcessGuid: {f57bd86a-82f0-658c-de01-000000000f00}

ProcessId: 9568

Image: C:\Windows\System32\sc.exe

FileVersion: 10.0.22621.1 (WinBuild.160101.0800)

Description: Service Control Manager Configuration Tool

Product: Microsoft&#174; Windows&#174; Operating System

Company: Microsoft Corporation

OriginalFileName: sc.exe

CommandLine: ""C:\Windows\system32\sc.exe"" start w32time task_started

CurrentDirectory: C:\Windows\system32\

User: NT AUTHORITY\LOCAL SERVICE

LogonGuid: {f57bd86a-36f6-658c-e503-000000000000}

LogonId: 0x3E5

TerminalSessionId: 0

IntegrityLevel: System

Hashes: MD5=FF2A4319FA5531F0D7B98DBBA9ABBD4A,SHA256=67CBE3A7B9C9B7A2E9FB10A33C1A9A3FD297B6F1598AEA374BD9B5D2DEE352EC,IMPHASH=42DADBD60BBC453DD1773FDC089E19B7

ParentProcessGuid: {f57bd86a-36f6-658c-1d00-000000000f00}

ParentProcessId: 1496

ParentImage: C:\Windows\System32\svchost.exe

ParentCommandLine: C:\Windows\system32\svchost.exe -k netsvcs -p -s Schedule

ParentUser: NT AUTHORITY\SYSTEM</Message>
      <Level>Information</Level>
      <Task>Process Create (rule: ProcessCreate)</Task>
      <Opcode>Info</Opcode>
    </RenderingInfo>
  </Event>
  
"
Microsoft-Windows-Sysmon/Operational,"""C:\Windows\system32\dmclient.exe""",Microsoft Corporation,WinDev2309Eval,,C:\Windows\system32\,Microsoft Feedback SIUF Deployment Manager Client,,,,,,,1,19617,,10.0.22621.2792 (WinBuild.160101.0800),"MD5=75BED58B066E6CF809C771CC8C52490B,SHA256=E5A3A18729F325F8A15E516C2B70FB9E3A460209B7DB86E2F511D420FCEBDC3B,IMPHASH=24FE1092BA4708A7B9FE972D3915A0F0",C:\Windows\System32\dmclient.exe,,System,0x8000000000000000,Information,{f57bd86a-36f5-658c-e703-000000000000},0x3e7,"Process Create:

RuleName: -

UtcTime: 2023-12-27 20:02:56.575

ProcessGuid: {f57bd86a-82f0-658c-dd01-000000000f00}

ProcessId: 10672

Image: C:\Windows\System32\dmclient.exe

FileVersion: 10.0.22621.2792 (WinBuild.160101.0800)

Description: Microsoft Feedback SIUF Deployment Manager Client

Product: Microsoft® Windows® Operating System

Company: Microsoft Corporation

OriginalFileName: dmclient.exe

CommandLine: ""C:\Windows\system32\dmclient.exe""

CurrentDirectory: C:\Windows\system32\

User: NT AUTHORITY\SYSTEM

LogonGuid: {f57bd86a-36f5-658c-e703-000000000000}

LogonId: 0x3E7

TerminalSessionId: 0

IntegrityLevel: System

Hashes: MD5=75BED58B066E6CF809C771CC8C52490B,SHA256=E5A3A18729F325F8A15E516C2B70FB9E3A460209B7DB86E2F511D420FCEBDC3B,IMPHASH=24FE1092BA4708A7B9FE972D3915A0F0

ParentProcessGuid: {f57bd86a-36f6-658c-1d00-000000000f00}

ParentProcessId: 1496

ParentImage: C:\Windows\System32\svchost.exe

ParentCommandLine: C:\Windows\system32\svchost.exe -k netsvcs -p -s Schedule

ParentUser: NT AUTHORITY\SYSTEM",Info,dmclient.exe,C:\Windows\system32\svchost.exe -k netsvcs -p -s Schedule,C:\Windows\System32\svchost.exe,{f57bd86a-36f6-658c-1d00-000000000f00},1496,NT AUTHORITY\SYSTEM,{f57bd86a-82f0-658c-dd01-000000000f00},3588,10672,Microsoft® Windows® Operating System,,,,,"
      ",-,,,,,,2023-12-27T20:02:56.5790452Z,,,Process Create (rule: ProcessCreate),0,5124,NT AUTHORITY\SYSTEM,S-1-5-18,2023-12-27 20:02:56.575,5,"<Event xmlns=""http://schemas.microsoft.com/win/2004/08/events/event"">
    <System>
      <Provider Name=""Microsoft-Windows-Sysmon"" Guid=""{5770385f-c22a-43e0-bf4c-06f5698ffbd9}""/>
      <EventID>1</EventID>
      <Version>5</Version>
      <Level>4</Level>
      <Task>1</Task>
      <Opcode>0</Opcode>
      <Keywords>0x8000000000000000</Keywords>
      <TimeCreated SystemTime=""2023-12-27T20:02:56.5790452Z""/>
      <EventRecordID>19617</EventRecordID>
      <Correlation/>
      <Execution ProcessID=""3588"" ThreadID=""5124""/>
      <Channel>Microsoft-Windows-Sysmon/Operational</Channel>
      <Computer>WinDev2309Eval</Computer>
      <Security UserID=""S-1-5-18""/>
    </System>
    <EventData>
      <Data Name=""RuleName"">-</Data>
      <Data Name=""UtcTime"">2023-12-27 20:02:56.575</Data>
      <Data Name=""ProcessGuid"">{f57bd86a-82f0-658c-dd01-000000000f00}</Data>
      <Data Name=""ProcessId"">10672</Data>
      <Data Name=""Image"">C:\Windows\System32\dmclient.exe</Data>
      <Data Name=""FileVersion"">10.0.22621.2792 (WinBuild.160101.0800)</Data>
      <Data Name=""Description"">Microsoft Feedback SIUF Deployment Manager Client</Data>
      <Data Name=""Product"">Microsoft&#174; Windows&#174; Operating System</Data>
      <Data Name=""Company"">Microsoft Corporation</Data>
      <Data Name=""OriginalFileName"">dmclient.exe</Data>
      <Data Name=""CommandLine"">""C:\Windows\system32\dmclient.exe""</Data>
      <Data Name=""CurrentDirectory"">C:\Windows\system32\</Data>
      <Data Name=""User"">NT AUTHORITY\SYSTEM</Data>
      <Data Name=""LogonGuid"">{f57bd86a-36f5-658c-e703-000000000000}</Data>
      <Data Name=""LogonId"">0x3e7</Data>
      <Data Name=""TerminalSessionId"">0</Data>
      <Data Name=""IntegrityLevel"">System</Data>
      <Data Name=""Hashes"">MD5=75BED58B066E6CF809C771CC8C52490B,SHA256=E5A3A18729F325F8A15E516C2B70FB9E3A460209B7DB86E2F511D420FCEBDC3B,IMPHASH=24FE1092BA4708A7B9FE972D3915A0F0</Data>
      <Data Name=""ParentProcessGuid"">{f57bd86a-36f6-658c-1d00-000000000f00}</Data>
      <Data Name=""ParentProcessId"">1496</Data>
      <Data Name=""ParentImage"">C:\Windows\System32\svchost.exe</Data>
      <Data Name=""ParentCommandLine"">C:\Windows\system32\svchost.exe -k netsvcs -p -s Schedule</Data>
      <Data Name=""ParentUser"">NT AUTHORITY\SYSTEM</Data>
    </EventData>
    <RenderingInfo Culture=""en-US"">
      <Message>Process Create:

RuleName: -

UtcTime: 2023-12-27 20:02:56.575

ProcessGuid: {f57bd86a-82f0-658c-dd01-000000000f00}

ProcessId: 10672

Image: C:\Windows\System32\dmclient.exe

FileVersion: 10.0.22621.2792 (WinBuild.160101.0800)

Description: Microsoft Feedback SIUF Deployment Manager Client

Product: Microsoft&#174; Windows&#174; Operating System

Company: Microsoft Corporation

OriginalFileName: dmclient.exe

CommandLine: ""C:\Windows\system32\dmclient.exe""

CurrentDirectory: C:\Windows\system32\

User: NT AUTHORITY\SYSTEM

LogonGuid: {f57bd86a-36f5-658c-e703-000000000000}

LogonId: 0x3E7

TerminalSessionId: 0

IntegrityLevel: System

Hashes: MD5=75BED58B066E6CF809C771CC8C52490B,SHA256=E5A3A18729F325F8A15E516C2B70FB9E3A460209B7DB86E2F511D420FCEBDC3B,IMPHASH=24FE1092BA4708A7B9FE972D3915A0F0

ParentProcessGuid: {f57bd86a-36f6-658c-1d00-000000000f00}

ParentProcessId: 1496

ParentImage: C:\Windows\System32\svchost.exe

ParentCommandLine: C:\Windows\system32\svchost.exe -k netsvcs -p -s Schedule

ParentUser: NT AUTHORITY\SYSTEM</Message>
      <Level>Information</Level>
      <Task>Process Create (rule: ProcessCreate)</Task>
      <Opcode>Info</Opcode>
    </RenderingInfo>
  </Event>
  
"
Microsoft-Windows-Sysmon/Operational,taskhostw.exe,Microsoft Corporation,WinDev2309Eval,,C:\Windows\system32\,Host Process for Windows Tasks,,,,,,,1,19616,,10.0.22621.2792 (WinBuild.160101.0800),"MD5=AAA6BA42398B2D70F12F00A110701041,SHA256=58CC5757BB129557652797EA92AEE701DE5C574B22FDCD5DCDDF141CAEEA3C02,IMPHASH=1C4E2D9936E4D9F2490B08AAB4D24260",C:\Windows\System32\taskhostw.exe,,High,0x8000000000000000,Information,{f57bd86a-36f9-658c-bff7-020000000000},0x2f7bf,"Process Create:

RuleName: -

UtcTime: 2023-12-27 20:02:56.569

ProcessGuid: {f57bd86a-82f0-658c-dc01-000000000f00}

ProcessId: 10108

Image: C:\Windows\System32\taskhostw.exe

FileVersion: 10.0.22621.2792 (WinBuild.160101.0800)

Description: Host Process for Windows Tasks

Product: Microsoft® Windows® Operating System

Company: Microsoft Corporation

OriginalFileName: taskhostw.exe

CommandLine: taskhostw.exe

CurrentDirectory: C:\Windows\system32\

User: WINDEV2309EVAL\User

LogonGuid: {f57bd86a-36f9-658c-bff7-020000000000}

LogonId: 0x2F7BF

TerminalSessionId: 1

IntegrityLevel: High

Hashes: MD5=AAA6BA42398B2D70F12F00A110701041,SHA256=58CC5757BB129557652797EA92AEE701DE5C574B22FDCD5DCDDF141CAEEA3C02,IMPHASH=1C4E2D9936E4D9F2490B08AAB4D24260

ParentProcessGuid: {f57bd86a-36f6-658c-1d00-000000000f00}

ParentProcessId: 1496

ParentImage: C:\Windows\System32\svchost.exe

ParentCommandLine: C:\Windows\system32\svchost.exe -k netsvcs -p -s Schedule

ParentUser: NT AUTHORITY\SYSTEM",Info,taskhostw.exe,C:\Windows\system32\svchost.exe -k netsvcs -p -s Schedule,C:\Windows\System32\svchost.exe,{f57bd86a-36f6-658c-1d00-000000000f00},1496,NT AUTHORITY\SYSTEM,{f57bd86a-82f0-658c-dc01-000000000f00},3588,10108,Microsoft® Windows® Operating System,,,,,"
      ",-,,,,,,2023-12-27T20:02:56.5711451Z,,,Process Create (rule: ProcessCreate),1,5124,WINDEV2309EVAL\User,S-1-5-18,2023-12-27 20:02:56.569,5,"<Event xmlns=""http://schemas.microsoft.com/win/2004/08/events/event"">
    <System>
      <Provider Name=""Microsoft-Windows-Sysmon"" Guid=""{5770385f-c22a-43e0-bf4c-06f5698ffbd9}""/>
      <EventID>1</EventID>
      <Version>5</Version>
      <Level>4</Level>
      <Task>1</Task>
      <Opcode>0</Opcode>
      <Keywords>0x8000000000000000</Keywords>
      <TimeCreated SystemTime=""2023-12-27T20:02:56.5711451Z""/>
      <EventRecordID>19616</EventRecordID>
      <Correlation/>
      <Execution ProcessID=""3588"" ThreadID=""5124""/>
      <Channel>Microsoft-Windows-Sysmon/Operational</Channel>
      <Computer>WinDev2309Eval</Computer>
      <Security UserID=""S-1-5-18""/>
    </System>
    <EventData>
      <Data Name=""RuleName"">-</Data>
      <Data Name=""UtcTime"">2023-12-27 20:02:56.569</Data>
      <Data Name=""ProcessGuid"">{f57bd86a-82f0-658c-dc01-000000000f00}</Data>
      <Data Name=""ProcessId"">10108</Data>
      <Data Name=""Image"">C:\Windows\System32\taskhostw.exe</Data>
      <Data Name=""FileVersion"">10.0.22621.2792 (WinBuild.160101.0800)</Data>
      <Data Name=""Description"">Host Process for Windows Tasks</Data>
      <Data Name=""Product"">Microsoft&#174; Windows&#174; Operating System</Data>
      <Data Name=""Company"">Microsoft Corporation</Data>
      <Data Name=""OriginalFileName"">taskhostw.exe</Data>
      <Data Name=""CommandLine"">taskhostw.exe</Data>
      <Data Name=""CurrentDirectory"">C:\Windows\system32\</Data>
      <Data Name=""User"">WINDEV2309EVAL\User</Data>
      <Data Name=""LogonGuid"">{f57bd86a-36f9-658c-bff7-020000000000}</Data>
      <Data Name=""LogonId"">0x2f7bf</Data>
      <Data Name=""TerminalSessionId"">1</Data>
      <Data Name=""IntegrityLevel"">High</Data>
      <Data Name=""Hashes"">MD5=AAA6BA42398B2D70F12F00A110701041,SHA256=58CC5757BB129557652797EA92AEE701DE5C574B22FDCD5DCDDF141CAEEA3C02,IMPHASH=1C4E2D9936E4D9F2490B08AAB4D24260</Data>
      <Data Name=""ParentProcessGuid"">{f57bd86a-36f6-658c-1d00-000000000f00}</Data>
      <Data Name=""ParentProcessId"">1496</Data>
      <Data Name=""ParentImage"">C:\Windows\System32\svchost.exe</Data>
      <Data Name=""ParentCommandLine"">C:\Windows\system32\svchost.exe -k netsvcs -p -s Schedule</Data>
      <Data Name=""ParentUser"">NT AUTHORITY\SYSTEM</Data>
    </EventData>
    <RenderingInfo Culture=""en-US"">
      <Message>Process Create:

RuleName: -

UtcTime: 2023-12-27 20:02:56.569

ProcessGuid: {f57bd86a-82f0-658c-dc01-000000000f00}

ProcessId: 10108

Image: C:\Windows\System32\taskhostw.exe

FileVersion: 10.0.22621.2792 (WinBuild.160101.0800)

Description: Host Process for Windows Tasks

Product: Microsoft&#174; Windows&#174; Operating System

Company: Microsoft Corporation

OriginalFileName: taskhostw.exe

CommandLine: taskhostw.exe

CurrentDirectory: C:\Windows\system32\

User: WINDEV2309EVAL\User

LogonGuid: {f57bd86a-36f9-658c-bff7-020000000000}

LogonId: 0x2F7BF

TerminalSessionId: 1

IntegrityLevel: High

Hashes: MD5=AAA6BA42398B2D70F12F00A110701041,SHA256=58CC5757BB129557652797EA92AEE701DE5C574B22FDCD5DCDDF141CAEEA3C02,IMPHASH=1C4E2D9936E4D9F2490B08AAB4D24260

ParentProcessGuid: {f57bd86a-36f6-658c-1d00-000000000f00}

ParentProcessId: 1496

ParentImage: C:\Windows\System32\svchost.exe

ParentCommandLine: C:\Windows\system32\svchost.exe -k netsvcs -p -s Schedule

ParentUser: NT AUTHORITY\SYSTEM</Message>
      <Level>Information</Level>
      <Task>Process Create (rule: ProcessCreate)</Task>
      <Opcode>Info</Opcode>
    </RenderingInfo>
  </Event>
  
"
Microsoft-Windows-Sysmon/Operational,"""C:\Windows\system32\rundll32.exe"" C:\Windows\system32\Windows.StateRepositoryClient.dll,StateRepositoryDoMaintenanceTasks",Microsoft Corporation,WinDev2309Eval,,C:\Windows\system32\,Windows host process (Rundll32),,,,,,,1,19615,,10.0.22621.1 (WinBuild.160101.0800),"MD5=57A6B4BDF247C1A6CA08AC09A8F9B742,SHA256=98D37EFF504A7ADB864131EA4A042AAF4D79C4356960A8AB2FA656CC59AEC014,IMPHASH=5C68DE198B5D2DD5C1129782AD19676C",C:\Windows\System32\rundll32.exe,,System,0x8000000000000000,Information,{f57bd86a-36f5-658c-e703-000000000000},0x3e7,"Process Create:

RuleName: -

UtcTime: 2023-12-27 20:02:56.565

ProcessGuid: {f57bd86a-82f0-658c-db01-000000000f00}

ProcessId: 5684

Image: C:\Windows\System32\rundll32.exe

FileVersion: 10.0.22621.1 (WinBuild.160101.0800)

Description: Windows host process (Rundll32)

Product: Microsoft® Windows® Operating System

Company: Microsoft Corporation

OriginalFileName: RUNDLL32.EXE

CommandLine: ""C:\Windows\system32\rundll32.exe"" C:\Windows\system32\Windows.StateRepositoryClient.dll,StateRepositoryDoMaintenanceTasks

CurrentDirectory: C:\Windows\system32\

User: NT AUTHORITY\SYSTEM

LogonGuid: {f57bd86a-36f5-658c-e703-000000000000}

LogonId: 0x3E7

TerminalSessionId: 0

IntegrityLevel: System

Hashes: MD5=57A6B4BDF247C1A6CA08AC09A8F9B742,SHA256=98D37EFF504A7ADB864131EA4A042AAF4D79C4356960A8AB2FA656CC59AEC014,IMPHASH=5C68DE198B5D2DD5C1129782AD19676C

ParentProcessGuid: {f57bd86a-36f6-658c-1d00-000000000f00}

ParentProcessId: 1496

ParentImage: C:\Windows\System32\svchost.exe

ParentCommandLine: C:\Windows\system32\svchost.exe -k netsvcs -p -s Schedule

ParentUser: NT AUTHORITY\SYSTEM",Info,RUNDLL32.EXE,C:\Windows\system32\svchost.exe -k netsvcs -p -s Schedule,C:\Windows\System32\svchost.exe,{f57bd86a-36f6-658c-1d00-000000000f00},1496,NT AUTHORITY\SYSTEM,{f57bd86a-82f0-658c-db01-000000000f00},3588,5684,Microsoft® Windows® Operating System,,,,,"
      ",-,,,,,,2023-12-27T20:02:56.5669722Z,,,Process Create (rule: ProcessCreate),0,5124,NT AUTHORITY\SYSTEM,S-1-5-18,2023-12-27 20:02:56.565,5,"<Event xmlns=""http://schemas.microsoft.com/win/2004/08/events/event"">
    <System>
      <Provider Name=""Microsoft-Windows-Sysmon"" Guid=""{5770385f-c22a-43e0-bf4c-06f5698ffbd9}""/>
      <EventID>1</EventID>
      <Version>5</Version>
      <Level>4</Level>
      <Task>1</Task>
      <Opcode>0</Opcode>
      <Keywords>0x8000000000000000</Keywords>
      <TimeCreated SystemTime=""2023-12-27T20:02:56.5669722Z""/>
      <EventRecordID>19615</EventRecordID>
      <Correlation/>
      <Execution ProcessID=""3588"" ThreadID=""5124""/>
      <Channel>Microsoft-Windows-Sysmon/Operational</Channel>
      <Computer>WinDev2309Eval</Computer>
      <Security UserID=""S-1-5-18""/>
    </System>
    <EventData>
      <Data Name=""RuleName"">-</Data>
      <Data Name=""UtcTime"">2023-12-27 20:02:56.565</Data>
      <Data Name=""ProcessGuid"">{f57bd86a-82f0-658c-db01-000000000f00}</Data>
      <Data Name=""ProcessId"">5684</Data>
      <Data Name=""Image"">C:\Windows\System32\rundll32.exe</Data>
      <Data Name=""FileVersion"">10.0.22621.1 (WinBuild.160101.0800)</Data>
      <Data Name=""Description"">Windows host process (Rundll32)</Data>
      <Data Name=""Product"">Microsoft&#174; Windows&#174; Operating System</Data>
      <Data Name=""Company"">Microsoft Corporation</Data>
      <Data Name=""OriginalFileName"">RUNDLL32.EXE</Data>
      <Data Name=""CommandLine"">""C:\Windows\system32\rundll32.exe"" C:\Windows\system32\Windows.StateRepositoryClient.dll,StateRepositoryDoMaintenanceTasks</Data>
      <Data Name=""CurrentDirectory"">C:\Windows\system32\</Data>
      <Data Name=""User"">NT AUTHORITY\SYSTEM</Data>
      <Data Name=""LogonGuid"">{f57bd86a-36f5-658c-e703-000000000000}</Data>
      <Data Name=""LogonId"">0x3e7</Data>
      <Data Name=""TerminalSessionId"">0</Data>
      <Data Name=""IntegrityLevel"">System</Data>
      <Data Name=""Hashes"">MD5=57A6B4BDF247C1A6CA08AC09A8F9B742,SHA256=98D37EFF504A7ADB864131EA4A042AAF4D79C4356960A8AB2FA656CC59AEC014,IMPHASH=5C68DE198B5D2DD5C1129782AD19676C</Data>
      <Data Name=""ParentProcessGuid"">{f57bd86a-36f6-658c-1d00-000000000f00}</Data>
      <Data Name=""ParentProcessId"">1496</Data>
      <Data Name=""ParentImage"">C:\Windows\System32\svchost.exe</Data>
      <Data Name=""ParentCommandLine"">C:\Windows\system32\svchost.exe -k netsvcs -p -s Schedule</Data>
      <Data Name=""ParentUser"">NT AUTHORITY\SYSTEM</Data>
    </EventData>
    <RenderingInfo Culture=""en-US"">
      <Message>Process Create:

RuleName: -

UtcTime: 2023-12-27 20:02:56.565

ProcessGuid: {f57bd86a-82f0-658c-db01-000000000f00}

ProcessId: 5684

Image: C:\Windows\System32\rundll32.exe

FileVersion: 10.0.22621.1 (WinBuild.160101.0800)

Description: Windows host process (Rundll32)

Product: Microsoft&#174; Windows&#174; Operating System

Company: Microsoft Corporation

OriginalFileName: RUNDLL32.EXE

CommandLine: ""C:\Windows\system32\rundll32.exe"" C:\Windows\system32\Windows.StateRepositoryClient.dll,StateRepositoryDoMaintenanceTasks

CurrentDirectory: C:\Windows\system32\

User: NT AUTHORITY\SYSTEM

LogonGuid: {f57bd86a-36f5-658c-e703-000000000000}

LogonId: 0x3E7

TerminalSessionId: 0

IntegrityLevel: System

Hashes: MD5=57A6B4BDF247C1A6CA08AC09A8F9B742,SHA256=98D37EFF504A7ADB864131EA4A042AAF4D79C4356960A8AB2FA656CC59AEC014,IMPHASH=5C68DE198B5D2DD5C1129782AD19676C

ParentProcessGuid: {f57bd86a-36f6-658c-1d00-000000000f00}

ParentProcessId: 1496

ParentImage: C:\Windows\System32\svchost.exe

ParentCommandLine: C:\Windows\system32\svchost.exe -k netsvcs -p -s Schedule

ParentUser: NT AUTHORITY\SYSTEM</Message>
      <Level>Information</Level>
      <Task>Process Create (rule: ProcessCreate)</Task>
      <Opcode>Info</Opcode>
    </RenderingInfo>
  </Event>
  
"
Microsoft-Windows-Sysmon/Operational,taskhostw.exe,Microsoft Corporation,WinDev2309Eval,,C:\Windows\system32\,Host Process for Windows Tasks,,,,,,,1,19614,,10.0.22621.2792 (WinBuild.160101.0800),"MD5=AAA6BA42398B2D70F12F00A110701041,SHA256=58CC5757BB129557652797EA92AEE701DE5C574B22FDCD5DCDDF141CAEEA3C02,IMPHASH=1C4E2D9936E4D9F2490B08AAB4D24260",C:\Windows\System32\taskhostw.exe,,Medium,0x8000000000000000,Information,{f57bd86a-36f9-658c-7bf8-020000000000},0x2f87b,"Process Create:

RuleName: -

UtcTime: 2023-12-27 20:02:56.562

ProcessGuid: {f57bd86a-82f0-658c-da01-000000000f00}

ProcessId: 10732

Image: C:\Windows\System32\taskhostw.exe

FileVersion: 10.0.22621.2792 (WinBuild.160101.0800)

Description: Host Process for Windows Tasks

Product: Microsoft® Windows® Operating System

Company: Microsoft Corporation

OriginalFileName: taskhostw.exe

CommandLine: taskhostw.exe

CurrentDirectory: C:\Windows\system32\

User: WINDEV2309EVAL\User

LogonGuid: {f57bd86a-36f9-658c-7bf8-020000000000}

LogonId: 0x2F87B

TerminalSessionId: 1

IntegrityLevel: Medium

Hashes: MD5=AAA6BA42398B2D70F12F00A110701041,SHA256=58CC5757BB129557652797EA92AEE701DE5C574B22FDCD5DCDDF141CAEEA3C02,IMPHASH=1C4E2D9936E4D9F2490B08AAB4D24260

ParentProcessGuid: {f57bd86a-36f6-658c-1d00-000000000f00}

ParentProcessId: 1496

ParentImage: C:\Windows\System32\svchost.exe

ParentCommandLine: C:\Windows\system32\svchost.exe -k netsvcs -p -s Schedule

ParentUser: NT AUTHORITY\SYSTEM",Info,taskhostw.exe,C:\Windows\system32\svchost.exe -k netsvcs -p -s Schedule,C:\Windows\System32\svchost.exe,{f57bd86a-36f6-658c-1d00-000000000f00},1496,NT AUTHORITY\SYSTEM,{f57bd86a-82f0-658c-da01-000000000f00},3588,10732,Microsoft® Windows® Operating System,,,,,"
      ",-,,,,,,2023-12-27T20:02:56.5636261Z,,,Process Create (rule: ProcessCreate),1,5124,WINDEV2309EVAL\User,S-1-5-18,2023-12-27 20:02:56.562,5,"<Event xmlns=""http://schemas.microsoft.com/win/2004/08/events/event"">
    <System>
      <Provider Name=""Microsoft-Windows-Sysmon"" Guid=""{5770385f-c22a-43e0-bf4c-06f5698ffbd9}""/>
      <EventID>1</EventID>
      <Version>5</Version>
      <Level>4</Level>
      <Task>1</Task>
      <Opcode>0</Opcode>
      <Keywords>0x8000000000000000</Keywords>
      <TimeCreated SystemTime=""2023-12-27T20:02:56.5636261Z""/>
      <EventRecordID>19614</EventRecordID>
      <Correlation/>
      <Execution ProcessID=""3588"" ThreadID=""5124""/>
      <Channel>Microsoft-Windows-Sysmon/Operational</Channel>
      <Computer>WinDev2309Eval</Computer>
      <Security UserID=""S-1-5-18""/>
    </System>
    <EventData>
      <Data Name=""RuleName"">-</Data>
      <Data Name=""UtcTime"">2023-12-27 20:02:56.562</Data>
      <Data Name=""ProcessGuid"">{f57bd86a-82f0-658c-da01-000000000f00}</Data>
      <Data Name=""ProcessId"">10732</Data>
      <Data Name=""Image"">C:\Windows\System32\taskhostw.exe</Data>
      <Data Name=""FileVersion"">10.0.22621.2792 (WinBuild.160101.0800)</Data>
      <Data Name=""Description"">Host Process for Windows Tasks</Data>
      <Data Name=""Product"">Microsoft&#174; Windows&#174; Operating System</Data>
      <Data Name=""Company"">Microsoft Corporation</Data>
      <Data Name=""OriginalFileName"">taskhostw.exe</Data>
      <Data Name=""CommandLine"">taskhostw.exe</Data>
      <Data Name=""CurrentDirectory"">C:\Windows\system32\</Data>
      <Data Name=""User"">WINDEV2309EVAL\User</Data>
      <Data Name=""LogonGuid"">{f57bd86a-36f9-658c-7bf8-020000000000}</Data>
      <Data Name=""LogonId"">0x2f87b</Data>
      <Data Name=""TerminalSessionId"">1</Data>
      <Data Name=""IntegrityLevel"">Medium</Data>
      <Data Name=""Hashes"">MD5=AAA6BA42398B2D70F12F00A110701041,SHA256=58CC5757BB129557652797EA92AEE701DE5C574B22FDCD5DCDDF141CAEEA3C02,IMPHASH=1C4E2D9936E4D9F2490B08AAB4D24260</Data>
      <Data Name=""ParentProcessGuid"">{f57bd86a-36f6-658c-1d00-000000000f00}</Data>
      <Data Name=""ParentProcessId"">1496</Data>
      <Data Name=""ParentImage"">C:\Windows\System32\svchost.exe</Data>
      <Data Name=""ParentCommandLine"">C:\Windows\system32\svchost.exe -k netsvcs -p -s Schedule</Data>
      <Data Name=""ParentUser"">NT AUTHORITY\SYSTEM</Data>
    </EventData>
    <RenderingInfo Culture=""en-US"">
      <Message>Process Create:

RuleName: -

UtcTime: 2023-12-27 20:02:56.562

ProcessGuid: {f57bd86a-82f0-658c-da01-000000000f00}

ProcessId: 10732

Image: C:\Windows\System32\taskhostw.exe

FileVersion: 10.0.22621.2792 (WinBuild.160101.0800)

Description: Host Process for Windows Tasks

Product: Microsoft&#174; Windows&#174; Operating System

Company: Microsoft Corporation

OriginalFileName: taskhostw.exe

CommandLine: taskhostw.exe

CurrentDirectory: C:\Windows\system32\

User: WINDEV2309EVAL\User

LogonGuid: {f57bd86a-36f9-658c-7bf8-020000000000}

LogonId: 0x2F87B

TerminalSessionId: 1

IntegrityLevel: Medium

Hashes: MD5=AAA6BA42398B2D70F12F00A110701041,SHA256=58CC5757BB129557652797EA92AEE701DE5C574B22FDCD5DCDDF141CAEEA3C02,IMPHASH=1C4E2D9936E4D9F2490B08AAB4D24260

ParentProcessGuid: {f57bd86a-36f6-658c-1d00-000000000f00}

ParentProcessId: 1496

ParentImage: C:\Windows\System32\svchost.exe

ParentCommandLine: C:\Windows\system32\svchost.exe -k netsvcs -p -s Schedule

ParentUser: NT AUTHORITY\SYSTEM</Message>
      <Level>Information</Level>
      <Task>Process Create (rule: ProcessCreate)</Task>
      <Opcode>Info</Opcode>
    </RenderingInfo>
  </Event>
  
"
Microsoft-Windows-Sysmon/Operational,"""C:\Windows\system32\dstokenclean.exe""",Microsoft Corporation,WinDev2309Eval,,C:\Windows\system32\,Data Sharing Service Maintenance Driver,,,,,,,1,19613,,10.0.22621.1 (WinBuild.160101.0800),"MD5=3F882EBB068B8FC6F24913FA399B84C1,SHA256=073E9922D84CAAA744F5CF99638306BAB74980CA7DD8513D91E072AA2C9692EC,IMPHASH=F1D06B8C52F369E9C51A17B21E2BD700",C:\Windows\System32\dstokenclean.exe,,System,0x8000000000000000,Information,{f57bd86a-36f5-658c-e703-000000000000},0x3e7,"Process Create:

RuleName: -

UtcTime: 2023-12-27 20:02:56.558

ProcessGuid: {f57bd86a-82f0-658c-d701-000000000f00}

ProcessId: 8360

Image: C:\Windows\System32\dstokenclean.exe

FileVersion: 10.0.22621.1 (WinBuild.160101.0800)

Description: Data Sharing Service Maintenance Driver

Product: Microsoft® Windows® Operating System

Company: Microsoft Corporation

OriginalFileName: dstokenclean.exe

CommandLine: ""C:\Windows\system32\dstokenclean.exe""

CurrentDirectory: C:\Windows\system32\

User: NT AUTHORITY\SYSTEM

LogonGuid: {f57bd86a-36f5-658c-e703-000000000000}

LogonId: 0x3E7

TerminalSessionId: 0

IntegrityLevel: System

Hashes: MD5=3F882EBB068B8FC6F24913FA399B84C1,SHA256=073E9922D84CAAA744F5CF99638306BAB74980CA7DD8513D91E072AA2C9692EC,IMPHASH=F1D06B8C52F369E9C51A17B21E2BD700

ParentProcessGuid: {f57bd86a-36f6-658c-1d00-000000000f00}

ParentProcessId: 1496

ParentImage: C:\Windows\System32\svchost.exe

ParentCommandLine: C:\Windows\system32\svchost.exe -k netsvcs -p -s Schedule

ParentUser: NT AUTHORITY\SYSTEM",Info,dstokenclean.exe,C:\Windows\system32\svchost.exe -k netsvcs -p -s Schedule,C:\Windows\System32\svchost.exe,{f57bd86a-36f6-658c-1d00-000000000f00},1496,NT AUTHORITY\SYSTEM,{f57bd86a-82f0-658c-d701-000000000f00},3588,8360,Microsoft® Windows® Operating System,,,,,"
      ",-,,,,,,2023-12-27T20:02:56.5602694Z,,,Process Create (rule: ProcessCreate),0,5124,NT AUTHORITY\SYSTEM,S-1-5-18,2023-12-27 20:02:56.558,5,"<Event xmlns=""http://schemas.microsoft.com/win/2004/08/events/event"">
    <System>
      <Provider Name=""Microsoft-Windows-Sysmon"" Guid=""{5770385f-c22a-43e0-bf4c-06f5698ffbd9}""/>
      <EventID>1</EventID>
      <Version>5</Version>
      <Level>4</Level>
      <Task>1</Task>
      <Opcode>0</Opcode>
      <Keywords>0x8000000000000000</Keywords>
      <TimeCreated SystemTime=""2023-12-27T20:02:56.5602694Z""/>
      <EventRecordID>19613</EventRecordID>
      <Correlation/>
      <Execution ProcessID=""3588"" ThreadID=""5124""/>
      <Channel>Microsoft-Windows-Sysmon/Operational</Channel>
      <Computer>WinDev2309Eval</Computer>
      <Security UserID=""S-1-5-18""/>
    </System>
    <EventData>
      <Data Name=""RuleName"">-</Data>
      <Data Name=""UtcTime"">2023-12-27 20:02:56.558</Data>
      <Data Name=""ProcessGuid"">{f57bd86a-82f0-658c-d701-000000000f00}</Data>
      <Data Name=""ProcessId"">8360</Data>
      <Data Name=""Image"">C:\Windows\System32\dstokenclean.exe</Data>
      <Data Name=""FileVersion"">10.0.22621.1 (WinBuild.160101.0800)</Data>
      <Data Name=""Description"">Data Sharing Service Maintenance Driver</Data>
      <Data Name=""Product"">Microsoft&#174; Windows&#174; Operating System</Data>
      <Data Name=""Company"">Microsoft Corporation</Data>
      <Data Name=""OriginalFileName"">dstokenclean.exe</Data>
      <Data Name=""CommandLine"">""C:\Windows\system32\dstokenclean.exe""</Data>
      <Data Name=""CurrentDirectory"">C:\Windows\system32\</Data>
      <Data Name=""User"">NT AUTHORITY\SYSTEM</Data>
      <Data Name=""LogonGuid"">{f57bd86a-36f5-658c-e703-000000000000}</Data>
      <Data Name=""LogonId"">0x3e7</Data>
      <Data Name=""TerminalSessionId"">0</Data>
      <Data Name=""IntegrityLevel"">System</Data>
      <Data Name=""Hashes"">MD5=3F882EBB068B8FC6F24913FA399B84C1,SHA256=073E9922D84CAAA744F5CF99638306BAB74980CA7DD8513D91E072AA2C9692EC,IMPHASH=F1D06B8C52F369E9C51A17B21E2BD700</Data>
      <Data Name=""ParentProcessGuid"">{f57bd86a-36f6-658c-1d00-000000000f00}</Data>
      <Data Name=""ParentProcessId"">1496</Data>
      <Data Name=""ParentImage"">C:\Windows\System32\svchost.exe</Data>
      <Data Name=""ParentCommandLine"">C:\Windows\system32\svchost.exe -k netsvcs -p -s Schedule</Data>
      <Data Name=""ParentUser"">NT AUTHORITY\SYSTEM</Data>
    </EventData>
    <RenderingInfo Culture=""en-US"">
      <Message>Process Create:

RuleName: -

UtcTime: 2023-12-27 20:02:56.558

ProcessGuid: {f57bd86a-82f0-658c-d701-000000000f00}

ProcessId: 8360

Image: C:\Windows\System32\dstokenclean.exe

FileVersion: 10.0.22621.1 (WinBuild.160101.0800)

Description: Data Sharing Service Maintenance Driver

Product: Microsoft&#174; Windows&#174; Operating System

Company: Microsoft Corporation

OriginalFileName: dstokenclean.exe

CommandLine: ""C:\Windows\system32\dstokenclean.exe""

CurrentDirectory: C:\Windows\system32\

User: NT AUTHORITY\SYSTEM

LogonGuid: {f57bd86a-36f5-658c-e703-000000000000}

LogonId: 0x3E7

TerminalSessionId: 0

IntegrityLevel: System

Hashes: MD5=3F882EBB068B8FC6F24913FA399B84C1,SHA256=073E9922D84CAAA744F5CF99638306BAB74980CA7DD8513D91E072AA2C9692EC,IMPHASH=F1D06B8C52F369E9C51A17B21E2BD700

ParentProcessGuid: {f57bd86a-36f6-658c-1d00-000000000f00}

ParentProcessId: 1496

ParentImage: C:\Windows\System32\svchost.exe

ParentCommandLine: C:\Windows\system32\svchost.exe -k netsvcs -p -s Schedule

ParentUser: NT AUTHORITY\SYSTEM</Message>
      <Level>Information</Level>
      <Task>Process Create (rule: ProcessCreate)</Task>
      <Opcode>Info</Opcode>
    </RenderingInfo>
  </Event>
  
"
Microsoft-Windows-Sysmon/Operational,"""C:\ProgramData\Microsoft\Windows Defender\Platform\4.18.23110.3-0\MpCmdRun.exe"" -IdleTask -TaskName WdVerification",Microsoft Corporation,WinDev2309Eval,,C:\Windows\system32\,Microsoft Malware Protection Command Line Utility,,,,,,,1,19612,,4.18.23110.3 (9ebb3643d539a6fc4659898b1df3124d5da4c0a9),"MD5=33115BE2DAB574E80DC0F222FDC178F3,SHA256=F631D140F2C30D22EF3D868753F3504CDA015025FFEDC3A9CFBB317564C52510,IMPHASH=6BCFD652564CEB86AF66C4B376A620D8",C:\ProgramData\Microsoft\Windows Defender\Platform\4.18.23110.3-0\MpCmdRun.exe,,System,0x8000000000000000,Information,{f57bd86a-36f5-658c-e703-000000000000},0x3e7,"Process Create:

RuleName: -

UtcTime: 2023-12-27 20:02:56.554

ProcessGuid: {f57bd86a-82f0-658c-d601-000000000f00}

ProcessId: 10696

Image: C:\ProgramData\Microsoft\Windows Defender\Platform\4.18.23110.3-0\MpCmdRun.exe

FileVersion: 4.18.23110.3 (9ebb3643d539a6fc4659898b1df3124d5da4c0a9)

Description: Microsoft Malware Protection Command Line Utility

Product: Microsoft® Windows® Operating System

Company: Microsoft Corporation

OriginalFileName: MpCmdRun.exe

CommandLine: ""C:\ProgramData\Microsoft\Windows Defender\Platform\4.18.23110.3-0\MpCmdRun.exe"" -IdleTask -TaskName WdVerification

CurrentDirectory: C:\Windows\system32\

User: NT AUTHORITY\SYSTEM

LogonGuid: {f57bd86a-36f5-658c-e703-000000000000}

LogonId: 0x3E7

TerminalSessionId: 0

IntegrityLevel: System

Hashes: MD5=33115BE2DAB574E80DC0F222FDC178F3,SHA256=F631D140F2C30D22EF3D868753F3504CDA015025FFEDC3A9CFBB317564C52510,IMPHASH=6BCFD652564CEB86AF66C4B376A620D8

ParentProcessGuid: {f57bd86a-36f6-658c-1d00-000000000f00}

ParentProcessId: 1496

ParentImage: C:\Windows\System32\svchost.exe

ParentCommandLine: C:\Windows\system32\svchost.exe -k netsvcs -p -s Schedule

ParentUser: NT AUTHORITY\SYSTEM",Info,MpCmdRun.exe,C:\Windows\system32\svchost.exe -k netsvcs -p -s Schedule,C:\Windows\System32\svchost.exe,{f57bd86a-36f6-658c-1d00-000000000f00},1496,NT AUTHORITY\SYSTEM,{f57bd86a-82f0-658c-d601-000000000f00},3588,10696,Microsoft® Windows® Operating System,,,,,"
      ",-,,,,,,2023-12-27T20:02:56.5556946Z,,,Process Create (rule: ProcessCreate),0,5124,NT AUTHORITY\SYSTEM,S-1-5-18,2023-12-27 20:02:56.554,5,"<Event xmlns=""http://schemas.microsoft.com/win/2004/08/events/event"">
    <System>
      <Provider Name=""Microsoft-Windows-Sysmon"" Guid=""{5770385f-c22a-43e0-bf4c-06f5698ffbd9}""/>
      <EventID>1</EventID>
      <Version>5</Version>
      <Level>4</Level>
      <Task>1</Task>
      <Opcode>0</Opcode>
      <Keywords>0x8000000000000000</Keywords>
      <TimeCreated SystemTime=""2023-12-27T20:02:56.5556946Z""/>
      <EventRecordID>19612</EventRecordID>
      <Correlation/>
      <Execution ProcessID=""3588"" ThreadID=""5124""/>
      <Channel>Microsoft-Windows-Sysmon/Operational</Channel>
      <Computer>WinDev2309Eval</Computer>
      <Security UserID=""S-1-5-18""/>
    </System>
    <EventData>
      <Data Name=""RuleName"">-</Data>
      <Data Name=""UtcTime"">2023-12-27 20:02:56.554</Data>
      <Data Name=""ProcessGuid"">{f57bd86a-82f0-658c-d601-000000000f00}</Data>
      <Data Name=""ProcessId"">10696</Data>
      <Data Name=""Image"">C:\ProgramData\Microsoft\Windows Defender\Platform\4.18.23110.3-0\MpCmdRun.exe</Data>
      <Data Name=""FileVersion"">4.18.23110.3 (9ebb3643d539a6fc4659898b1df3124d5da4c0a9)</Data>
      <Data Name=""Description"">Microsoft Malware Protection Command Line Utility</Data>
      <Data Name=""Product"">Microsoft&#174; Windows&#174; Operating System</Data>
      <Data Name=""Company"">Microsoft Corporation</Data>
      <Data Name=""OriginalFileName"">MpCmdRun.exe</Data>
      <Data Name=""CommandLine"">""C:\ProgramData\Microsoft\Windows Defender\Platform\4.18.23110.3-0\MpCmdRun.exe"" -IdleTask -TaskName WdVerification</Data>
      <Data Name=""CurrentDirectory"">C:\Windows\system32\</Data>
      <Data Name=""User"">NT AUTHORITY\SYSTEM</Data>
      <Data Name=""LogonGuid"">{f57bd86a-36f5-658c-e703-000000000000}</Data>
      <Data Name=""LogonId"">0x3e7</Data>
      <Data Name=""TerminalSessionId"">0</Data>
      <Data Name=""IntegrityLevel"">System</Data>
      <Data Name=""Hashes"">MD5=33115BE2DAB574E80DC0F222FDC178F3,SHA256=F631D140F2C30D22EF3D868753F3504CDA015025FFEDC3A9CFBB317564C52510,IMPHASH=6BCFD652564CEB86AF66C4B376A620D8</Data>
      <Data Name=""ParentProcessGuid"">{f57bd86a-36f6-658c-1d00-000000000f00}</Data>
      <Data Name=""ParentProcessId"">1496</Data>
      <Data Name=""ParentImage"">C:\Windows\System32\svchost.exe</Data>
      <Data Name=""ParentCommandLine"">C:\Windows\system32\svchost.exe -k netsvcs -p -s Schedule</Data>
      <Data Name=""ParentUser"">NT AUTHORITY\SYSTEM</Data>
    </EventData>
    <RenderingInfo Culture=""en-US"">
      <Message>Process Create:

RuleName: -

UtcTime: 2023-12-27 20:02:56.554

ProcessGuid: {f57bd86a-82f0-658c-d601-000000000f00}

ProcessId: 10696

Image: C:\ProgramData\Microsoft\Windows Defender\Platform\4.18.23110.3-0\MpCmdRun.exe

FileVersion: 4.18.23110.3 (9ebb3643d539a6fc4659898b1df3124d5da4c0a9)

Description: Microsoft Malware Protection Command Line Utility

Product: Microsoft&#174; Windows&#174; Operating System

Company: Microsoft Corporation

OriginalFileName: MpCmdRun.exe

CommandLine: ""C:\ProgramData\Microsoft\Windows Defender\Platform\4.18.23110.3-0\MpCmdRun.exe"" -IdleTask -TaskName WdVerification

CurrentDirectory: C:\Windows\system32\

User: NT AUTHORITY\SYSTEM

LogonGuid: {f57bd86a-36f5-658c-e703-000000000000}

LogonId: 0x3E7

TerminalSessionId: 0

IntegrityLevel: System

Hashes: MD5=33115BE2DAB574E80DC0F222FDC178F3,SHA256=F631D140F2C30D22EF3D868753F3504CDA015025FFEDC3A9CFBB317564C52510,IMPHASH=6BCFD652564CEB86AF66C4B376A620D8

ParentProcessGuid: {f57bd86a-36f6-658c-1d00-000000000f00}

ParentProcessId: 1496

ParentImage: C:\Windows\System32\svchost.exe

ParentCommandLine: C:\Windows\system32\svchost.exe -k netsvcs -p -s Schedule

ParentUser: NT AUTHORITY\SYSTEM</Message>
      <Level>Information</Level>
      <Task>Process Create (rule: ProcessCreate)</Task>
      <Opcode>Info</Opcode>
    </RenderingInfo>
  </Event>
  
"
