Microsoft-Windows-Sysmon/Operational,taskhostw.exe,Microsoft Corporation,WinDev2309Eval,,C:\Windows\system32\,Host Process for Windows Tasks,,,,,,,1,19611,,10.0.22621.2792 (WinBuild.160101.0800),"MD5=AAA6BA42398B2D70F12F00A110701041,SHA256=58CC5757BB129557652797EA92AEE701DE5C574B22FDCD5DCDDF141CAEEA3C02,IMPHASH=1C4E2D9936E4D9F2490B08AAB4D24260",C:\Windows\System32\taskhostw.exe,,System,0x8000000000000000,Information,{f57bd86a-36f5-658c-e703-000000000000},0x3e7,"Process Create:

RuleName: -

UtcTime: 2023-12-27 20:02:56.550

ProcessGuid: {f57bd86a-82f0-658c-d501-000000000f00}

ProcessId: 7788

Image: C:\Windows\System32\taskhostw.exe

FileVersion: 10.0.22621.2792 (WinBuild.160101.0800)

Description: Host Process for Windows Tasks

Product: Microsoft® Windows® Operating System

Company: Microsoft Corporation

OriginalFileName: taskhostw.exe

CommandLine: taskhostw.exe

CurrentDirectory: C:\Windows\system32\

User: NT AUTHORITY\SYSTEM

LogonGuid: {f57bd86a-36f5-658c-e703-000000000000}

LogonId: 0x3E7

TerminalSessionId: 0

IntegrityLevel: System

Hashes: MD5=AAA6BA42398B2D70F12F00A110701041,SHA256=58CC5757BB129557652797EA92AEE701DE5C574B22FDCD5DCDDF141CAEEA3C02,IMPHASH=1C4E2D9936E4D9F2490B08AAB4D24260

ParentProcessGuid: {f57bd86a-36f6-658c-1d00-000000000f00}

ParentProcessId: 1496

ParentImage: C:\Windows\System32\svchost.exe

ParentCommandLine: C:\Windows\system32\svchost.exe -k netsvcs -p -s Schedule

ParentUser: NT AUTHORITY\SYSTEM",Info,taskhostw.exe,C:\Windows\system32\svchost.exe -k netsvcs -p -s Schedule,C:\Windows\System32\svchost.exe,{f57bd86a-36f6-658c-1d00-000000000f00},1496,NT AUTHORITY\SYSTEM,{f57bd86a-82f0-658c-d501-000000000f00},3588,7788,Microsoft® Windows® Operating System,,,,,"
      ",-,,,,,,2023-12-27T20:02:56.5516506Z,,,Process Create (rule: ProcessCreate),0,5124,NT AUTHORITY\SYSTEM,S-1-5-18,2023-12-27 20:02:56.550,5,"<Event xmlns=""http://schemas.microsoft.com/win/2004/08/events/event"">
    <System>
      <Provider Name=""Microsoft-Windows-Sysmon"" Guid=""{5770385f-c22a-43e0-bf4c-06f5698ffbd9}""/>
      <EventID>1</EventID>
      <Version>5</Version>
      <Level>4</Level>
      <Task>1</Task>
      <Opcode>0</Opcode>
      <Keywords>0x8000000000000000</Keywords>
      <TimeCreated SystemTime=""2023-12-27T20:02:56.5516506Z""/>
      <EventRecordID>19611</EventRecordID>
      <Correlation/>
      <Execution ProcessID=""3588"" ThreadID=""5124""/>
      <Channel>Microsoft-Windows-Sysmon/Operational</Channel>
      <Computer>WinDev2309Eval</Computer>
      <Security UserID=""S-1-5-18""/>
    </System>
    <EventData>
      <Data Name=""RuleName"">-</Data>
      <Data Name=""UtcTime"">2023-12-27 20:02:56.550</Data>
      <Data Name=""ProcessGuid"">{f57bd86a-82f0-658c-d501-000000000f00}</Data>
      <Data Name=""ProcessId"">7788</Data>
      <Data Name=""Image"">C:\Windows\System32\taskhostw.exe</Data>
      <Data Name=""FileVersion"">10.0.22621.2792 (WinBuild.160101.0800)</Data>
      <Data Name=""Description"">Host Process for Windows Tasks</Data>
      <Data Name=""Product"">Microsoft&#174; Windows&#174; Operating System</Data>
      <Data Name=""Company"">Microsoft Corporation</Data>
      <Data Name=""OriginalFileName"">taskhostw.exe</Data>
      <Data Name=""CommandLine"">taskhostw.exe</Data>
      <Data Name=""CurrentDirectory"">C:\Windows\system32\</Data>
      <Data Name=""User"">NT AUTHORITY\SYSTEM</Data>
      <Data Name=""LogonGuid"">{f57bd86a-36f5-658c-e703-000000000000}</Data>
      <Data Name=""LogonId"">0x3e7</Data>
      <Data Name=""TerminalSessionId"">0</Data>
      <Data Name=""IntegrityLevel"">System</Data>
      <Data Name=""Hashes"">MD5=AAA6BA42398B2D70F12F00A110701041,SHA256=58CC5757BB129557652797EA92AEE701DE5C574B22FDCD5DCDDF141CAEEA3C02,IMPHASH=1C4E2D9936E4D9F2490B08AAB4D24260</Data>
      <Data Name=""ParentProcessGuid"">{f57bd86a-36f6-658c-1d00-000000000f00}</Data>
      <Data Name=""ParentProcessId"">1496</Data>
      <Data Name=""ParentImage"">C:\Windows\System32\svchost.exe</Data>
      <Data Name=""ParentCommandLine"">C:\Windows\system32\svchost.exe -k netsvcs -p -s Schedule</Data>
      <Data Name=""ParentUser"">NT AUTHORITY\SYSTEM</Data>
    </EventData>
    <RenderingInfo Culture=""en-US"">
      <Message>Process Create:

RuleName: -

UtcTime: 2023-12-27 20:02:56.550

ProcessGuid: {f57bd86a-82f0-658c-d501-000000000f00}

ProcessId: 7788

Image: C:\Windows\System32\taskhostw.exe

FileVersion: 10.0.22621.2792 (WinBuild.160101.0800)

Description: Host Process for Windows Tasks

Product: Microsoft&#174; Windows&#174; Operating System

Company: Microsoft Corporation

OriginalFileName: taskhostw.exe

CommandLine: taskhostw.exe

CurrentDirectory: C:\Windows\system32\

User: NT AUTHORITY\SYSTEM

LogonGuid: {f57bd86a-36f5-658c-e703-000000000000}

LogonId: 0x3E7

TerminalSessionId: 0

IntegrityLevel: System

Hashes: MD5=AAA6BA42398B2D70F12F00A110701041,SHA256=58CC5757BB129557652797EA92AEE701DE5C574B22FDCD5DCDDF141CAEEA3C02,IMPHASH=1C4E2D9936E4D9F2490B08AAB4D24260

ParentProcessGuid: {f57bd86a-36f6-658c-1d00-000000000f00}

ParentProcessId: 1496

ParentImage: C:\Windows\System32\svchost.exe

ParentCommandLine: C:\Windows\system32\svchost.exe -k netsvcs -p -s Schedule

ParentUser: NT AUTHORITY\SYSTEM</Message>
      <Level>Information</Level>
      <Task>Process Create (rule: ProcessCreate)</Task>
      <Opcode>Info</Opcode>
    </RenderingInfo>
  </Event>
  
"
Microsoft-Windows-Sysmon/Operational,,,WinDev2309Eval,,,,,,,,,,22,19610,,,,C:\Windows\System32\WindowsPowerShell\v1.0\powershell.exe,,,0x8000000000000000,Information,,,"Dns query:

RuleName: -

UtcTime: 2023-12-27 14:56:45.604

ProcessGuid: {f57bd86a-82e3-658c-d301-000000000f00}

ProcessId: 10332

QueryName: 028.a.a.a.a.127.0.0.1.nip.io

QueryStatus: 9501

QueryResults: type: 6 ns1.nip.io;

Image: C:\Windows\System32\WindowsPowerShell\v1.0\powershell.exe

User: WINDEV2309EVAL\User",Info,,,,,,,{f57bd86a-82e3-658c-d301-000000000f00},3588,10332,,,028.a.a.a.a.127.0.0.1.nip.io,type: 6 ns1.nip.io;,9501,"
      ",-,,,,,,2023-12-27T20:02:54.8630643Z,,,Dns query (rule: DnsQuery),,5164,WINDEV2309EVAL\User,S-1-5-18,2023-12-27 14:56:45.604,5,"<Event xmlns=""http://schemas.microsoft.com/win/2004/08/events/event"">
    <System>
      <Provider Name=""Microsoft-Windows-Sysmon"" Guid=""{5770385f-c22a-43e0-bf4c-06f5698ffbd9}""/>
      <EventID>22</EventID>
      <Version>5</Version>
      <Level>4</Level>
      <Task>22</Task>
      <Opcode>0</Opcode>
      <Keywords>0x8000000000000000</Keywords>
      <TimeCreated SystemTime=""2023-12-27T20:02:54.8630643Z""/>
      <EventRecordID>19610</EventRecordID>
      <Correlation/>
      <Execution ProcessID=""3588"" ThreadID=""5164""/>
      <Channel>Microsoft-Windows-Sysmon/Operational</Channel>
      <Computer>WinDev2309Eval</Computer>
      <Security UserID=""S-1-5-18""/>
    </System>
    <EventData>
      <Data Name=""RuleName"">-</Data>
      <Data Name=""UtcTime"">2023-12-27 14:56:45.604</Data>
      <Data Name=""ProcessGuid"">{f57bd86a-82e3-658c-d301-000000000f00}</Data>
      <Data Name=""ProcessId"">10332</Data>
      <Data Name=""QueryName"">028.a.a.a.a.127.0.0.1.nip.io</Data>
      <Data Name=""QueryStatus"">9501</Data>
      <Data Name=""QueryResults"">type: 6 ns1.nip.io;</Data>
      <Data Name=""Image"">C:\Windows\System32\WindowsPowerShell\v1.0\powershell.exe</Data>
      <Data Name=""User"">WINDEV2309EVAL\User</Data>
    </EventData>
    <RenderingInfo Culture=""en-US"">
      <Message>Dns query:

RuleName: -

UtcTime: 2023-12-27 14:56:45.604

ProcessGuid: {f57bd86a-82e3-658c-d301-000000000f00}

ProcessId: 10332

QueryName: 028.a.a.a.a.127.0.0.1.nip.io

QueryStatus: 9501

QueryResults: type: 6 ns1.nip.io;

Image: C:\Windows\System32\WindowsPowerShell\v1.0\powershell.exe

User: WINDEV2309EVAL\User</Message>
      <Level>Information</Level>
      <Task>Dns query (rule: DnsQuery)</Task>
      <Opcode>Info</Opcode>
    </RenderingInfo>
  </Event>
  
"
Microsoft-Windows-Sysmon/Operational,,,WinDev2309Eval,2023-12-27 20:02:44.066,,,,,,,,,11,19609,,,,C:\Windows\System32\WindowsPowerShell\v1.0\powershell.exe,,,0x8000000000000000,Information,,,"File created:

RuleName: -

UtcTime: 2023-12-27 20:02:44.066

ProcessGuid: {f57bd86a-82e3-658c-d301-000000000f00}

ProcessId: 10332

Image: C:\Windows\System32\WindowsPowerShell\v1.0\powershell.exe

TargetFilename: C:\Users\User\AppData\Local\Temp\__PSScriptPolicyTest_0mguljcu.0dk.ps1

CreationUtcTime: 2023-12-27 20:02:44.066

User: WINDEV2309EVAL\User",Info,,,,,,,{f57bd86a-82e3-658c-d301-000000000f00},3588,10332,,,,,,"
      ",-,,,,,,2023-12-27T20:02:44.0713136Z,C:\Users\User\AppData\Local\Temp\__PSScriptPolicyTest_0mguljcu.0dk.ps1,,File created (rule: FileCreate),,5124,WINDEV2309EVAL\User,S-1-5-18,2023-12-27 20:02:44.066,2,"<Event xmlns=""http://schemas.microsoft.com/win/2004/08/events/event"">
    <System>
      <Provider Name=""Microsoft-Windows-Sysmon"" Guid=""{5770385f-c22a-43e0-bf4c-06f5698ffbd9}""/>
      <EventID>11</EventID>
      <Version>2</Version>
      <Level>4</Level>
      <Task>11</Task>
      <Opcode>0</Opcode>
      <Keywords>0x8000000000000000</Keywords>
      <TimeCreated SystemTime=""2023-12-27T20:02:44.0713136Z""/>
      <EventRecordID>19609</EventRecordID>
      <Correlation/>
      <Execution ProcessID=""3588"" ThreadID=""5124""/>
      <Channel>Microsoft-Windows-Sysmon/Operational</Channel>
      <Computer>WinDev2309Eval</Computer>
      <Security UserID=""S-1-5-18""/>
    </System>
    <EventData>
      <Data Name=""RuleName"">-</Data>
      <Data Name=""UtcTime"">2023-12-27 20:02:44.066</Data>
      <Data Name=""ProcessGuid"">{f57bd86a-82e3-658c-d301-000000000f00}</Data>
      <Data Name=""ProcessId"">10332</Data>
      <Data Name=""Image"">C:\Windows\System32\WindowsPowerShell\v1.0\powershell.exe</Data>
      <Data Name=""TargetFilename"">C:\Users\User\AppData\Local\Temp\__PSScriptPolicyTest_0mguljcu.0dk.ps1</Data>
      <Data Name=""CreationUtcTime"">2023-12-27 20:02:44.066</Data>
      <Data Name=""User"">WINDEV2309EVAL\User</Data>
    </EventData>
    <RenderingInfo Culture=""en-US"">
      <Message>File created:

RuleName: -

UtcTime: 2023-12-27 20:02:44.066

ProcessGuid: {f57bd86a-82e3-658c-d301-000000000f00}

ProcessId: 10332

Image: C:\Windows\System32\WindowsPowerShell\v1.0\powershell.exe

TargetFilename: C:\Users\User\AppData\Local\Temp\__PSScriptPolicyTest_0mguljcu.0dk.ps1

CreationUtcTime: 2023-12-27 20:02:44.066

User: WINDEV2309EVAL\User</Message>
      <Level>Information</Level>
      <Task>File created (rule: FileCreate)</Task>
      <Opcode>Info</Opcode>
    </RenderingInfo>
  </Event>
  
"
Microsoft-Windows-Sysmon/Operational,"""powershell.exe"" & {Set-Location \""""C:\AtomicRedTeam\atomics\""""
.\T1071.004\src\T1071-dns-domain-length.ps1 -Domain 127.0.0.1.nip.io -Subdomain atomicredteamatomicredteamatomicredteamatomicredteamatomicredte -QueryType TXT}",Microsoft Corporation,WinDev2309Eval,,C:\Users\User\AppData\Local\Temp\,Windows PowerShell,,,,,,,1,19608,,10.0.22621.2506 (WinBuild.160101.0800),"MD5=2D1D70C92A419D9079B047954C611886,SHA256=C50057756CDB25D481CF2502ABCEF124F864C27618C5057468BFC6B82B2C4EDD,IMPHASH=E09C4F82A1DA13A09F4FF2E625FEBA20",C:\Windows\System32\WindowsPowerShell\v1.0\powershell.exe,,Medium,0x8000000000000000,Information,{f57bd86a-36f9-658c-7bf8-020000000000},0x2f87b,"Process Create:

RuleName: -

UtcTime: 2023-12-27 20:02:43.953

ProcessGuid: {f57bd86a-82e3-658c-d301-000000000f00}

ProcessId: 10332

Image: C:\Windows\System32\WindowsPowerShell\v1.0\powershell.exe

FileVersion: 10.0.22621.2506 (WinBuild.160101.0800)

Description: Windows PowerShell

Product: Microsoft® Windows® Operating System

Company: Microsoft Corporation

OriginalFileName: PowerShell.EXE

CommandLine: ""powershell.exe"" & {Set-Location \""""C:\AtomicRedTeam\atomics\""""
.\T1071.004\src\T1071-dns-domain-length.ps1 -Domain 127.0.0.1.nip.io -Subdomain atomicredteamatomicredteamatomicredteamatomicredteamatomicredte -QueryType TXT}

CurrentDirectory: C:\Users\User\AppData\Local\Temp\

User: WINDEV2309EVAL\User

LogonGuid: {f57bd86a-36f9-658c-7bf8-020000000000}

LogonId: 0x2F87B

TerminalSessionId: 1

IntegrityLevel: Medium

Hashes: MD5=2D1D70C92A419D9079B047954C611886,SHA256=C50057756CDB25D481CF2502ABCEF124F864C27618C5057468BFC6B82B2C4EDD,IMPHASH=E09C4F82A1DA13A09F4FF2E625FEBA20

ParentProcessGuid: {00000000-0000-0000-0000-000000000000}

ParentProcessId: 1688

ParentImage: -

ParentCommandLine: -

ParentUser: -",Info,PowerShell.EXE,-,-,{00000000-0000-0000-0000-000000000000},1688,-,{f57bd86a-82e3-658c-d301-000000000f00},3588,10332,Microsoft® Windows® Operating System,,,,,"
      ",-,,,,,,2023-12-27T20:02:43.9549809Z,,,Process Create (rule: ProcessCreate),1,5124,WINDEV2309EVAL\User,S-1-5-18,2023-12-27 20:02:43.953,5,"<Event xmlns=""http://schemas.microsoft.com/win/2004/08/events/event"">
    <System>
      <Provider Name=""Microsoft-Windows-Sysmon"" Guid=""{5770385f-c22a-43e0-bf4c-06f5698ffbd9}""/>
      <EventID>1</EventID>
      <Version>5</Version>
      <Level>4</Level>
      <Task>1</Task>
      <Opcode>0</Opcode>
      <Keywords>0x8000000000000000</Keywords>
      <TimeCreated SystemTime=""2023-12-27T20:02:43.9549809Z""/>
      <EventRecordID>19608</EventRecordID>
      <Correlation/>
      <Execution ProcessID=""3588"" ThreadID=""5124""/>
      <Channel>Microsoft-Windows-Sysmon/Operational</Channel>
      <Computer>WinDev2309Eval</Computer>
      <Security UserID=""S-1-5-18""/>
    </System>
    <EventData>
      <Data Name=""RuleName"">-</Data>
      <Data Name=""UtcTime"">2023-12-27 20:02:43.953</Data>
      <Data Name=""ProcessGuid"">{f57bd86a-82e3-658c-d301-000000000f00}</Data>
      <Data Name=""ProcessId"">10332</Data>
      <Data Name=""Image"">C:\Windows\System32\WindowsPowerShell\v1.0\powershell.exe</Data>
      <Data Name=""FileVersion"">10.0.22621.2506 (WinBuild.160101.0800)</Data>
      <Data Name=""Description"">Windows PowerShell</Data>
      <Data Name=""Product"">Microsoft&#174; Windows&#174; Operating System</Data>
      <Data Name=""Company"">Microsoft Corporation</Data>
      <Data Name=""OriginalFileName"">PowerShell.EXE</Data>
      <Data Name=""CommandLine"">""powershell.exe"" &amp; {Set-Location \""""C:\AtomicRedTeam\atomics\""""
.\T1071.004\src\T1071-dns-domain-length.ps1 -Domain 127.0.0.1.nip.io -Subdomain atomicredteamatomicredteamatomicredteamatomicredteamatomicredte -QueryType TXT}</Data>
      <Data Name=""CurrentDirectory"">C:\Users\User\AppData\Local\Temp\</Data>
      <Data Name=""User"">WINDEV2309EVAL\User</Data>
      <Data Name=""LogonGuid"">{f57bd86a-36f9-658c-7bf8-020000000000}</Data>
      <Data Name=""LogonId"">0x2f87b</Data>
      <Data Name=""TerminalSessionId"">1</Data>
      <Data Name=""IntegrityLevel"">Medium</Data>
      <Data Name=""Hashes"">MD5=2D1D70C92A419D9079B047954C611886,SHA256=C50057756CDB25D481CF2502ABCEF124F864C27618C5057468BFC6B82B2C4EDD,IMPHASH=E09C4F82A1DA13A09F4FF2E625FEBA20</Data>
      <Data Name=""ParentProcessGuid"">{00000000-0000-0000-0000-000000000000}</Data>
      <Data Name=""ParentProcessId"">1688</Data>
      <Data Name=""ParentImage"">-</Data>
      <Data Name=""ParentCommandLine"">-</Data>
      <Data Name=""ParentUser"">-</Data>
    </EventData>
    <RenderingInfo Culture=""en-US"">
      <Message>Process Create:

RuleName: -

UtcTime: 2023-12-27 20:02:43.953

ProcessGuid: {f57bd86a-82e3-658c-d301-000000000f00}

ProcessId: 10332

Image: C:\Windows\System32\WindowsPowerShell\v1.0\powershell.exe

FileVersion: 10.0.22621.2506 (WinBuild.160101.0800)

Description: Windows PowerShell

Product: Microsoft&#174; Windows&#174; Operating System

Company: Microsoft Corporation

OriginalFileName: PowerShell.EXE

CommandLine: ""powershell.exe"" &amp; {Set-Location \""""C:\AtomicRedTeam\atomics\""""
.\T1071.004\src\T1071-dns-domain-length.ps1 -Domain 127.0.0.1.nip.io -Subdomain atomicredteamatomicredteamatomicredteamatomicredteamatomicredte -QueryType TXT}

CurrentDirectory: C:\Users\User\AppData\Local\Temp\

User: WINDEV2309EVAL\User

LogonGuid: {f57bd86a-36f9-658c-7bf8-020000000000}

LogonId: 0x2F87B

TerminalSessionId: 1

IntegrityLevel: Medium

Hashes: MD5=2D1D70C92A419D9079B047954C611886,SHA256=C50057756CDB25D481CF2502ABCEF124F864C27618C5057468BFC6B82B2C4EDD,IMPHASH=E09C4F82A1DA13A09F4FF2E625FEBA20

ParentProcessGuid: {00000000-0000-0000-0000-000000000000}

ParentProcessId: 1688

ParentImage: -

ParentCommandLine: -

ParentUser: -</Message>
      <Level>Information</Level>
      <Task>Process Create (rule: ProcessCreate)</Task>
      <Opcode>Info</Opcode>
    </RenderingInfo>
  </Event>
  
"
Microsoft-Windows-Sysmon/Operational,,,WinDev2309Eval,,,,,,,,,,22,19607,,,,C:\Windows\System32\WindowsPowerShell\v1.0\powershell.exe,,,0x8000000000000000,Information,,,"Dns query:

RuleName: -

UtcTime: 2023-12-27 14:56:32.785

ProcessGuid: {f57bd86a-826b-658c-c801-000000000f00}

ProcessId: 10568

QueryName: atomicredteam.760030.127.0.0.1.nip.io

QueryStatus: 9501

QueryResults: type: 6 ns1.nip.io;

Image: C:\Windows\System32\WindowsPowerShell\v1.0\powershell.exe

User: WINDEV2309EVAL\User",Info,,,,,,,{f57bd86a-826b-658c-c801-000000000f00},3588,10568,,,atomicredteam.760030.127.0.0.1.nip.io,type: 6 ns1.nip.io;,9501,"
      ",-,,,,,,2023-12-27T20:02:42.0482158Z,,,Dns query (rule: DnsQuery),,5164,WINDEV2309EVAL\User,S-1-5-18,2023-12-27 14:56:32.785,5,"<Event xmlns=""http://schemas.microsoft.com/win/2004/08/events/event"">
    <System>
      <Provider Name=""Microsoft-Windows-Sysmon"" Guid=""{5770385f-c22a-43e0-bf4c-06f5698ffbd9}""/>
      <EventID>22</EventID>
      <Version>5</Version>
      <Level>4</Level>
      <Task>22</Task>
      <Opcode>0</Opcode>
      <Keywords>0x8000000000000000</Keywords>
      <TimeCreated SystemTime=""2023-12-27T20:02:42.0482158Z""/>
      <EventRecordID>19607</EventRecordID>
      <Correlation/>
      <Execution ProcessID=""3588"" ThreadID=""5164""/>
      <Channel>Microsoft-Windows-Sysmon/Operational</Channel>
      <Computer>WinDev2309Eval</Computer>
      <Security UserID=""S-1-5-18""/>
    </System>
    <EventData>
      <Data Name=""RuleName"">-</Data>
      <Data Name=""UtcTime"">2023-12-27 14:56:32.785</Data>
      <Data Name=""ProcessGuid"">{f57bd86a-826b-658c-c801-000000000f00}</Data>
      <Data Name=""ProcessId"">10568</Data>
      <Data Name=""QueryName"">atomicredteam.760030.127.0.0.1.nip.io</Data>
      <Data Name=""QueryStatus"">9501</Data>
      <Data Name=""QueryResults"">type: 6 ns1.nip.io;</Data>
      <Data Name=""Image"">C:\Windows\System32\WindowsPowerShell\v1.0\powershell.exe</Data>
      <Data Name=""User"">WINDEV2309EVAL\User</Data>
    </EventData>
    <RenderingInfo Culture=""en-US"">
      <Message>Dns query:

RuleName: -

UtcTime: 2023-12-27 14:56:32.785

ProcessGuid: {f57bd86a-826b-658c-c801-000000000f00}

ProcessId: 10568

QueryName: atomicredteam.760030.127.0.0.1.nip.io

QueryStatus: 9501

QueryResults: type: 6 ns1.nip.io;

Image: C:\Windows\System32\WindowsPowerShell\v1.0\powershell.exe

User: WINDEV2309EVAL\User</Message>
      <Level>Information</Level>
      <Task>Dns query (rule: DnsQuery)</Task>
      <Opcode>Info</Opcode>
    </RenderingInfo>
  </Event>
  
"
Microsoft-Windows-Sysmon/Operational,C:\Windows\system32\svchost.exe -k netsvcs -p,Microsoft Corporation,WinDev2309Eval,,C:\Windows\system32\,Host Process for Windows Services,,,,,,,1,19606,,10.0.22621.1 (WinBuild.160101.0800),"MD5=8EC922C7A58A8701AB481B7BE9644536,SHA256=949BFB5B4C7D58D92F3F9C5F8EC7CA4CEAFFD10EC5F0020F0A987C472D61C54B,IMPHASH=76B4BAE80D2C3B08BB062D97BF9CA791",C:\Windows\System32\svchost.exe,,System,0x8000000000000000,Information,{f57bd86a-36f5-658c-e703-000000000000},0x3e7,"Process Create:

RuleName: -

UtcTime: 2023-12-27 20:02:41.971

ProcessGuid: {f57bd86a-82e1-658c-d101-000000000f00}

ProcessId: 5936

Image: C:\Windows\System32\svchost.exe

FileVersion: 10.0.22621.1 (WinBuild.160101.0800)

Description: Host Process for Windows Services

Product: Microsoft® Windows® Operating System

Company: Microsoft Corporation

OriginalFileName: svchost.exe

CommandLine: C:\Windows\system32\svchost.exe -k netsvcs -p

CurrentDirectory: C:\Windows\system32\

User: NT AUTHORITY\SYSTEM

LogonGuid: {f57bd86a-36f5-658c-e703-000000000000}

LogonId: 0x3E7

TerminalSessionId: 0

IntegrityLevel: System

Hashes: MD5=8EC922C7A58A8701AB481B7BE9644536,SHA256=949BFB5B4C7D58D92F3F9C5F8EC7CA4CEAFFD10EC5F0020F0A987C472D61C54B,IMPHASH=76B4BAE80D2C3B08BB062D97BF9CA791

ParentProcessGuid: {f57bd86a-36f5-658c-0b00-000000000f00}

ParentProcessId: 780

ParentImage: C:\Windows\System32\services.exe

ParentCommandLine: C:\Windows\system32\services.exe

ParentUser: NT AUTHORITY\SYSTEM",Info,svchost.exe,C:\Windows\system32\services.exe,C:\Windows\System32\services.exe,{f57bd86a-36f5-658c-0b00-000000000f00},780,NT AUTHORITY\SYSTEM,{f57bd86a-82e1-658c-d101-000000000f00},3588,5936,Microsoft® Windows® Operating System,,,,,"
      ",-,,,,,,2023-12-27T20:02:41.9727636Z,,,Process Create (rule: ProcessCreate),0,5124,NT AUTHORITY\SYSTEM,S-1-5-18,2023-12-27 20:02:41.971,5,"<Event xmlns=""http://schemas.microsoft.com/win/2004/08/events/event"">
    <System>
      <Provider Name=""Microsoft-Windows-Sysmon"" Guid=""{5770385f-c22a-43e0-bf4c-06f5698ffbd9}""/>
      <EventID>1</EventID>
      <Version>5</Version>
      <Level>4</Level>
      <Task>1</Task>
      <Opcode>0</Opcode>
      <Keywords>0x8000000000000000</Keywords>
      <TimeCreated SystemTime=""2023-12-27T20:02:41.9727636Z""/>
      <EventRecordID>19606</EventRecordID>
      <Correlation/>
      <Execution ProcessID=""3588"" ThreadID=""5124""/>
      <Channel>Microsoft-Windows-Sysmon/Operational</Channel>
      <Computer>WinDev2309Eval</Computer>
      <Security UserID=""S-1-5-18""/>
    </System>
    <EventData>
      <Data Name=""RuleName"">-</Data>
      <Data Name=""UtcTime"">2023-12-27 20:02:41.971</Data>
      <Data Name=""ProcessGuid"">{f57bd86a-82e1-658c-d101-000000000f00}</Data>
      <Data Name=""ProcessId"">5936</Data>
      <Data Name=""Image"">C:\Windows\System32\svchost.exe</Data>
      <Data Name=""FileVersion"">10.0.22621.1 (WinBuild.160101.0800)</Data>
      <Data Name=""Description"">Host Process for Windows Services</Data>
      <Data Name=""Product"">Microsoft&#174; Windows&#174; Operating System</Data>
      <Data Name=""Company"">Microsoft Corporation</Data>
      <Data Name=""OriginalFileName"">svchost.exe</Data>
      <Data Name=""CommandLine"">C:\Windows\system32\svchost.exe -k netsvcs -p</Data>
      <Data Name=""CurrentDirectory"">C:\Windows\system32\</Data>
      <Data Name=""User"">NT AUTHORITY\SYSTEM</Data>
      <Data Name=""LogonGuid"">{f57bd86a-36f5-658c-e703-000000000000}</Data>
      <Data Name=""LogonId"">0x3e7</Data>
      <Data Name=""TerminalSessionId"">0</Data>
      <Data Name=""IntegrityLevel"">System</Data>
      <Data Name=""Hashes"">MD5=8EC922C7A58A8701AB481B7BE9644536,SHA256=949BFB5B4C7D58D92F3F9C5F8EC7CA4CEAFFD10EC5F0020F0A987C472D61C54B,IMPHASH=76B4BAE80D2C3B08BB062D97BF9CA791</Data>
      <Data Name=""ParentProcessGuid"">{f57bd86a-36f5-658c-0b00-000000000f00}</Data>
      <Data Name=""ParentProcessId"">780</Data>
      <Data Name=""ParentImage"">C:\Windows\System32\services.exe</Data>
      <Data Name=""ParentCommandLine"">C:\Windows\system32\services.exe</Data>
      <Data Name=""ParentUser"">NT AUTHORITY\SYSTEM</Data>
    </EventData>
    <RenderingInfo Culture=""en-US"">
      <Message>Process Create:

RuleName: -

UtcTime: 2023-12-27 20:02:41.971

ProcessGuid: {f57bd86a-82e1-658c-d101-000000000f00}

ProcessId: 5936

Image: C:\Windows\System32\svchost.exe

FileVersion: 10.0.22621.1 (WinBuild.160101.0800)

Description: Host Process for Windows Services

Product: Microsoft&#174; Windows&#174; Operating System

Company: Microsoft Corporation

OriginalFileName: svchost.exe

CommandLine: C:\Windows\system32\svchost.exe -k netsvcs -p

CurrentDirectory: C:\Windows\system32\

User: NT AUTHORITY\SYSTEM

LogonGuid: {f57bd86a-36f5-658c-e703-000000000000}

LogonId: 0x3E7

TerminalSessionId: 0

IntegrityLevel: System

Hashes: MD5=8EC922C7A58A8701AB481B7BE9644536,SHA256=949BFB5B4C7D58D92F3F9C5F8EC7CA4CEAFFD10EC5F0020F0A987C472D61C54B,IMPHASH=76B4BAE80D2C3B08BB062D97BF9CA791

ParentProcessGuid: {f57bd86a-36f5-658c-0b00-000000000f00}

ParentProcessId: 780

ParentImage: C:\Windows\System32\services.exe

ParentCommandLine: C:\Windows\system32\services.exe

ParentUser: NT AUTHORITY\SYSTEM</Message>
      <Level>Information</Level>
      <Task>Process Create (rule: ProcessCreate)</Task>
      <Opcode>Info</Opcode>
    </RenderingInfo>
  </Event>
  
"
Microsoft-Windows-Sysmon/Operational,"""C:\Windows\system32\defrag.exe"" -p 7b8 -s 00000000000002CC -b -OnlyPreferred C:",Microsoft Corp.,WinDev2309Eval,,C:\Windows\system32\,Disk Defragmenter Module,,,,,,,1,19605,,10.0.22621.1 (WinBuild.160101.0800),"MD5=662BA4DB4D348D5152EBC73F12A7AB49,SHA256=EDF1FBB7770D5D8E4DAAF40AC72A4FAC4CB5983D076CFE413E29786E59123953,IMPHASH=98B596156D97A7EA63632CFC56D4C734",C:\Windows\System32\Defrag.exe,,System,0x8000000000000000,Information,{f57bd86a-36f5-658c-e703-000000000000},0x3e7,"Process Create:

RuleName: -

UtcTime: 2023-12-27 20:02:41.935

ProcessGuid: {f57bd86a-82e1-658c-cf01-000000000f00}

ProcessId: 8076

Image: C:\Windows\System32\Defrag.exe

FileVersion: 10.0.22621.1 (WinBuild.160101.0800)

Description: Disk Defragmenter Module

Product: Windows Drive Optimizer

Company: Microsoft Corp.

OriginalFileName: Defrag.EXE

CommandLine: ""C:\Windows\system32\defrag.exe"" -p 7b8 -s 00000000000002CC -b -OnlyPreferred C:

CurrentDirectory: C:\Windows\system32\

User: NT AUTHORITY\SYSTEM

LogonGuid: {f57bd86a-36f5-658c-e703-000000000000}

LogonId: 0x3E7

TerminalSessionId: 0

IntegrityLevel: System

Hashes: MD5=662BA4DB4D348D5152EBC73F12A7AB49,SHA256=EDF1FBB7770D5D8E4DAAF40AC72A4FAC4CB5983D076CFE413E29786E59123953,IMPHASH=98B596156D97A7EA63632CFC56D4C734

ParentProcessGuid: {f57bd86a-36f7-658c-2700-000000000f00}

ParentProcessId: 1976

ParentImage: C:\Windows\System32\svchost.exe

ParentCommandLine: C:\Windows\system32\svchost.exe -k LocalSystemNetworkRestricted -p -s SysMain

ParentUser: NT AUTHORITY\SYSTEM",Info,Defrag.EXE,C:\Windows\system32\svchost.exe -k LocalSystemNetworkRestricted -p -s SysMain,C:\Windows\System32\svchost.exe,{f57bd86a-36f7-658c-2700-000000000f00},1976,NT AUTHORITY\SYSTEM,{f57bd86a-82e1-658c-cf01-000000000f00},3588,8076,Windows Drive Optimizer,,,,,"
      ",-,,,,,,2023-12-27T20:02:41.9417229Z,,,Process Create (rule: ProcessCreate),0,5124,NT AUTHORITY\SYSTEM,S-1-5-18,2023-12-27 20:02:41.935,5,"<Event xmlns=""http://schemas.microsoft.com/win/2004/08/events/event"">
    <System>
      <Provider Name=""Microsoft-Windows-Sysmon"" Guid=""{5770385f-c22a-43e0-bf4c-06f5698ffbd9}""/>
      <EventID>1</EventID>
      <Version>5</Version>
      <Level>4</Level>
      <Task>1</Task>
      <Opcode>0</Opcode>
      <Keywords>0x8000000000000000</Keywords>
      <TimeCreated SystemTime=""2023-12-27T20:02:41.9417229Z""/>
      <EventRecordID>19605</EventRecordID>
      <Correlation/>
      <Execution ProcessID=""3588"" ThreadID=""5124""/>
      <Channel>Microsoft-Windows-Sysmon/Operational</Channel>
      <Computer>WinDev2309Eval</Computer>
      <Security UserID=""S-1-5-18""/>
    </System>
    <EventData>
      <Data Name=""RuleName"">-</Data>
      <Data Name=""UtcTime"">2023-12-27 20:02:41.935</Data>
      <Data Name=""ProcessGuid"">{f57bd86a-82e1-658c-cf01-000000000f00}</Data>
      <Data Name=""ProcessId"">8076</Data>
      <Data Name=""Image"">C:\Windows\System32\Defrag.exe</Data>
      <Data Name=""FileVersion"">10.0.22621.1 (WinBuild.160101.0800)</Data>
      <Data Name=""Description"">Disk Defragmenter Module</Data>
      <Data Name=""Product"">Windows Drive Optimizer</Data>
      <Data Name=""Company"">Microsoft Corp.</Data>
      <Data Name=""OriginalFileName"">Defrag.EXE</Data>
      <Data Name=""CommandLine"">""C:\Windows\system32\defrag.exe"" -p 7b8 -s 00000000000002CC -b -OnlyPreferred C:</Data>
      <Data Name=""CurrentDirectory"">C:\Windows\system32\</Data>
      <Data Name=""User"">NT AUTHORITY\SYSTEM</Data>
      <Data Name=""LogonGuid"">{f57bd86a-36f5-658c-e703-000000000000}</Data>
      <Data Name=""LogonId"">0x3e7</Data>
      <Data Name=""TerminalSessionId"">0</Data>
      <Data Name=""IntegrityLevel"">System</Data>
      <Data Name=""Hashes"">MD5=662BA4DB4D348D5152EBC73F12A7AB49,SHA256=EDF1FBB7770D5D8E4DAAF40AC72A4FAC4CB5983D076CFE413E29786E59123953,IMPHASH=98B596156D97A7EA63632CFC56D4C734</Data>
      <Data Name=""ParentProcessGuid"">{f57bd86a-36f7-658c-2700-000000000f00}</Data>
      <Data Name=""ParentProcessId"">1976</Data>
      <Data Name=""ParentImage"">C:\Windows\System32\svchost.exe</Data>
      <Data Name=""ParentCommandLine"">C:\Windows\system32\svchost.exe -k LocalSystemNetworkRestricted -p -s SysMain</Data>
      <Data Name=""ParentUser"">NT AUTHORITY\SYSTEM</Data>
    </EventData>
    <RenderingInfo Culture=""en-US"">
      <Message>Process Create:

RuleName: -

UtcTime: 2023-12-27 20:02:41.935

ProcessGuid: {f57bd86a-82e1-658c-cf01-000000000f00}

ProcessId: 8076

Image: C:\Windows\System32\Defrag.exe

FileVersion: 10.0.22621.1 (WinBuild.160101.0800)

Description: Disk Defragmenter Module

Product: Windows Drive Optimizer

Company: Microsoft Corp.

OriginalFileName: Defrag.EXE

CommandLine: ""C:\Windows\system32\defrag.exe"" -p 7b8 -s 00000000000002CC -b -OnlyPreferred C:

CurrentDirectory: C:\Windows\system32\

User: NT AUTHORITY\SYSTEM

LogonGuid: {f57bd86a-36f5-658c-e703-000000000000}

LogonId: 0x3E7

TerminalSessionId: 0

IntegrityLevel: System

Hashes: MD5=662BA4DB4D348D5152EBC73F12A7AB49,SHA256=EDF1FBB7770D5D8E4DAAF40AC72A4FAC4CB5983D076CFE413E29786E59123953,IMPHASH=98B596156D97A7EA63632CFC56D4C734

ParentProcessGuid: {f57bd86a-36f7-658c-2700-000000000f00}

ParentProcessId: 1976

ParentImage: C:\Windows\System32\svchost.exe

ParentCommandLine: C:\Windows\system32\svchost.exe -k LocalSystemNetworkRestricted -p -s SysMain

ParentUser: NT AUTHORITY\SYSTEM</Message>
      <Level>Information</Level>
      <Task>Process Create (rule: ProcessCreate)</Task>
      <Opcode>Info</Opcode>
    </RenderingInfo>
  </Event>
  
"
Microsoft-Windows-Sysmon/Operational,"""C:\Windows\system32\speech_onecore\common\SpeechModelDownload.exe""",Microsoft Corporation,WinDev2309Eval,,C:\Windows\system32\,Speech Model Download Executable,,,,,,,1,19604,,10.0.22621.2506 (WinBuild.160101.0800),"MD5=548846E42757FC0048A4A99446BD6835,SHA256=653A4E4BEFA28D7C6B527AC107136B335977DA620F38A90DECE64614339D5BB9,IMPHASH=1D38C260B7444575F0238293E2E78DF2",C:\Windows\System32\Speech_OneCore\common\SpeechModelDownload.exe,,System,0x8000000000000000,Information,{f57bd86a-36f6-658c-e403-000000000000},0x3e4,"Process Create:

RuleName: -

UtcTime: 2023-12-27 20:02:41.678

ProcessGuid: {f57bd86a-82e1-658c-ce01-000000000f00}

ProcessId: 2636

Image: C:\Windows\System32\Speech_OneCore\common\SpeechModelDownload.exe

FileVersion: 10.0.22621.2506 (WinBuild.160101.0800)

Description: Speech Model Download Executable

Product: Microsoft® Windows® Operating System

Company: Microsoft Corporation

OriginalFileName: SpeechModelDownload.exe

CommandLine: ""C:\Windows\system32\speech_onecore\common\SpeechModelDownload.exe""

CurrentDirectory: C:\Windows\system32\

User: NT AUTHORITY\NETWORK SERVICE

LogonGuid: {f57bd86a-36f6-658c-e403-000000000000}

LogonId: 0x3E4

TerminalSessionId: 0

IntegrityLevel: System

Hashes: MD5=548846E42757FC0048A4A99446BD6835,SHA256=653A4E4BEFA28D7C6B527AC107136B335977DA620F38A90DECE64614339D5BB9,IMPHASH=1D38C260B7444575F0238293E2E78DF2

ParentProcessGuid: {f57bd86a-36f6-658c-1d00-000000000f00}

ParentProcessId: 1496

ParentImage: C:\Windows\System32\svchost.exe

ParentCommandLine: C:\Windows\system32\svchost.exe -k netsvcs -p -s Schedule

ParentUser: NT AUTHORITY\SYSTEM",Info,SpeechModelDownload.exe,C:\Windows\system32\svchost.exe -k netsvcs -p -s Schedule,C:\Windows\System32\svchost.exe,{f57bd86a-36f6-658c-1d00-000000000f00},1496,NT AUTHORITY\SYSTEM,{f57bd86a-82e1-658c-ce01-000000000f00},3588,2636,Microsoft® Windows® Operating System,,,,,"
      ",-,,,,,,2023-12-27T20:02:41.6817582Z,,,Process Create (rule: ProcessCreate),0,5124,NT AUTHORITY\NETWORK SERVICE,S-1-5-18,2023-12-27 20:02:41.678,5,"<Event xmlns=""http://schemas.microsoft.com/win/2004/08/events/event"">
    <System>
      <Provider Name=""Microsoft-Windows-Sysmon"" Guid=""{5770385f-c22a-43e0-bf4c-06f5698ffbd9}""/>
      <EventID>1</EventID>
      <Version>5</Version>
      <Level>4</Level>
      <Task>1</Task>
      <Opcode>0</Opcode>
      <Keywords>0x8000000000000000</Keywords>
      <TimeCreated SystemTime=""2023-12-27T20:02:41.6817582Z""/>
      <EventRecordID>19604</EventRecordID>
      <Correlation/>
      <Execution ProcessID=""3588"" ThreadID=""5124""/>
      <Channel>Microsoft-Windows-Sysmon/Operational</Channel>
      <Computer>WinDev2309Eval</Computer>
      <Security UserID=""S-1-5-18""/>
    </System>
    <EventData>
      <Data Name=""RuleName"">-</Data>
      <Data Name=""UtcTime"">2023-12-27 20:02:41.678</Data>
      <Data Name=""ProcessGuid"">{f57bd86a-82e1-658c-ce01-000000000f00}</Data>
      <Data Name=""ProcessId"">2636</Data>
      <Data Name=""Image"">C:\Windows\System32\Speech_OneCore\common\SpeechModelDownload.exe</Data>
      <Data Name=""FileVersion"">10.0.22621.2506 (WinBuild.160101.0800)</Data>
      <Data Name=""Description"">Speech Model Download Executable</Data>
      <Data Name=""Product"">Microsoft&#174; Windows&#174; Operating System</Data>
      <Data Name=""Company"">Microsoft Corporation</Data>
      <Data Name=""OriginalFileName"">SpeechModelDownload.exe</Data>
      <Data Name=""CommandLine"">""C:\Windows\system32\speech_onecore\common\SpeechModelDownload.exe""</Data>
      <Data Name=""CurrentDirectory"">C:\Windows\system32\</Data>
      <Data Name=""User"">NT AUTHORITY\NETWORK SERVICE</Data>
      <Data Name=""LogonGuid"">{f57bd86a-36f6-658c-e403-000000000000}</Data>
      <Data Name=""LogonId"">0x3e4</Data>
      <Data Name=""TerminalSessionId"">0</Data>
      <Data Name=""IntegrityLevel"">System</Data>
      <Data Name=""Hashes"">MD5=548846E42757FC0048A4A99446BD6835,SHA256=653A4E4BEFA28D7C6B527AC107136B335977DA620F38A90DECE64614339D5BB9,IMPHASH=1D38C260B7444575F0238293E2E78DF2</Data>
      <Data Name=""ParentProcessGuid"">{f57bd86a-36f6-658c-1d00-000000000f00}</Data>
      <Data Name=""ParentProcessId"">1496</Data>
      <Data Name=""ParentImage"">C:\Windows\System32\svchost.exe</Data>
      <Data Name=""ParentCommandLine"">C:\Windows\system32\svchost.exe -k netsvcs -p -s Schedule</Data>
      <Data Name=""ParentUser"">NT AUTHORITY\SYSTEM</Data>
    </EventData>
    <RenderingInfo Culture=""en-US"">
      <Message>Process Create:

RuleName: -

UtcTime: 2023-12-27 20:02:41.678

ProcessGuid: {f57bd86a-82e1-658c-ce01-000000000f00}

ProcessId: 2636

Image: C:\Windows\System32\Speech_OneCore\common\SpeechModelDownload.exe

FileVersion: 10.0.22621.2506 (WinBuild.160101.0800)

Description: Speech Model Download Executable

Product: Microsoft&#174; Windows&#174; Operating System

Company: Microsoft Corporation

OriginalFileName: SpeechModelDownload.exe

CommandLine: ""C:\Windows\system32\speech_onecore\common\SpeechModelDownload.exe""

CurrentDirectory: C:\Windows\system32\

User: NT AUTHORITY\NETWORK SERVICE

LogonGuid: {f57bd86a-36f6-658c-e403-000000000000}

LogonId: 0x3E4

TerminalSessionId: 0

IntegrityLevel: System

Hashes: MD5=548846E42757FC0048A4A99446BD6835,SHA256=653A4E4BEFA28D7C6B527AC107136B335977DA620F38A90DECE64614339D5BB9,IMPHASH=1D38C260B7444575F0238293E2E78DF2

ParentProcessGuid: {f57bd86a-36f6-658c-1d00-000000000f00}

ParentProcessId: 1496

ParentImage: C:\Windows\System32\svchost.exe

ParentCommandLine: C:\Windows\system32\svchost.exe -k netsvcs -p -s Schedule

ParentUser: NT AUTHORITY\SYSTEM</Message>
      <Level>Information</Level>
      <Task>Process Create (rule: ProcessCreate)</Task>
      <Opcode>Info</Opcode>
    </RenderingInfo>
  </Event>
  
"
Microsoft-Windows-Sysmon/Operational,"""C:\Windows\system32\UCPDMgr.exe""",Microsoft Corporation,WinDev2309Eval,,C:\Windows\system32\,User Choice Protection Manager,,,,,,,1,19603,,1.0.0.414301,"MD5=D8DAAC63C7D260E96D8AC127B2E1F9E0,SHA256=D6D3634733CF1E1D5E8BA1DA2FF280FAE4AB24A37EED79138C77B5A86F181935,IMPHASH=A5CD3D4F8CEAC1D73EAF7B1F0AB62D25",C:\Windows\System32\UCPDMgr.exe,,System,0x8000000000000000,Information,{f57bd86a-36f5-658c-e703-000000000000},0x3e7,"Process Create:

RuleName: -

UtcTime: 2023-12-27 20:02:41.668

ProcessGuid: {f57bd86a-82e1-658c-cc01-000000000f00}

ProcessId: 2144

Image: C:\Windows\System32\UCPDMgr.exe

FileVersion: 1.0.0.414301

Description: User Choice Protection Manager

Product: Microsoft® Windows® Operating System

Company: Microsoft Corporation

OriginalFileName: UCPDMgr.exe

CommandLine: ""C:\Windows\system32\UCPDMgr.exe""

CurrentDirectory: C:\Windows\system32\

User: NT AUTHORITY\SYSTEM

LogonGuid: {f57bd86a-36f5-658c-e703-000000000000}

LogonId: 0x3E7

TerminalSessionId: 0

IntegrityLevel: System

Hashes: MD5=D8DAAC63C7D260E96D8AC127B2E1F9E0,SHA256=D6D3634733CF1E1D5E8BA1DA2FF280FAE4AB24A37EED79138C77B5A86F181935,IMPHASH=A5CD3D4F8CEAC1D73EAF7B1F0AB62D25

ParentProcessGuid: {f57bd86a-36f6-658c-1d00-000000000f00}

ParentProcessId: 1496

ParentImage: C:\Windows\System32\svchost.exe

ParentCommandLine: C:\Windows\system32\svchost.exe -k netsvcs -p -s Schedule

ParentUser: NT AUTHORITY\SYSTEM",Info,UCPDMgr.exe,C:\Windows\system32\svchost.exe -k netsvcs -p -s Schedule,C:\Windows\System32\svchost.exe,{f57bd86a-36f6-658c-1d00-000000000f00},1496,NT AUTHORITY\SYSTEM,{f57bd86a-82e1-658c-cc01-000000000f00},3588,2144,Microsoft® Windows® Operating System,,,,,"
      ",-,,,,,,2023-12-27T20:02:41.6705845Z,,,Process Create (rule: ProcessCreate),0,5124,NT AUTHORITY\SYSTEM,S-1-5-18,2023-12-27 20:02:41.668,5,"<Event xmlns=""http://schemas.microsoft.com/win/2004/08/events/event"">
    <System>
      <Provider Name=""Microsoft-Windows-Sysmon"" Guid=""{5770385f-c22a-43e0-bf4c-06f5698ffbd9}""/>
      <EventID>1</EventID>
      <Version>5</Version>
      <Level>4</Level>
      <Task>1</Task>
      <Opcode>0</Opcode>
      <Keywords>0x8000000000000000</Keywords>
      <TimeCreated SystemTime=""2023-12-27T20:02:41.6705845Z""/>
      <EventRecordID>19603</EventRecordID>
      <Correlation/>
      <Execution ProcessID=""3588"" ThreadID=""5124""/>
      <Channel>Microsoft-Windows-Sysmon/Operational</Channel>
      <Computer>WinDev2309Eval</Computer>
      <Security UserID=""S-1-5-18""/>
    </System>
    <EventData>
      <Data Name=""RuleName"">-</Data>
      <Data Name=""UtcTime"">2023-12-27 20:02:41.668</Data>
      <Data Name=""ProcessGuid"">{f57bd86a-82e1-658c-cc01-000000000f00}</Data>
      <Data Name=""ProcessId"">2144</Data>
      <Data Name=""Image"">C:\Windows\System32\UCPDMgr.exe</Data>
      <Data Name=""FileVersion"">1.0.0.414301</Data>
      <Data Name=""Description"">User Choice Protection Manager</Data>
      <Data Name=""Product"">Microsoft&#174; Windows&#174; Operating System</Data>
      <Data Name=""Company"">Microsoft Corporation</Data>
      <Data Name=""OriginalFileName"">UCPDMgr.exe</Data>
      <Data Name=""CommandLine"">""C:\Windows\system32\UCPDMgr.exe""</Data>
      <Data Name=""CurrentDirectory"">C:\Windows\system32\</Data>
      <Data Name=""User"">NT AUTHORITY\SYSTEM</Data>
      <Data Name=""LogonGuid"">{f57bd86a-36f5-658c-e703-000000000000}</Data>
      <Data Name=""LogonId"">0x3e7</Data>
      <Data Name=""TerminalSessionId"">0</Data>
      <Data Name=""IntegrityLevel"">System</Data>
      <Data Name=""Hashes"">MD5=D8DAAC63C7D260E96D8AC127B2E1F9E0,SHA256=D6D3634733CF1E1D5E8BA1DA2FF280FAE4AB24A37EED79138C77B5A86F181935,IMPHASH=A5CD3D4F8CEAC1D73EAF7B1F0AB62D25</Data>
      <Data Name=""ParentProcessGuid"">{f57bd86a-36f6-658c-1d00-000000000f00}</Data>
      <Data Name=""ParentProcessId"">1496</Data>
      <Data Name=""ParentImage"">C:\Windows\System32\svchost.exe</Data>
      <Data Name=""ParentCommandLine"">C:\Windows\system32\svchost.exe -k netsvcs -p -s Schedule</Data>
      <Data Name=""ParentUser"">NT AUTHORITY\SYSTEM</Data>
    </EventData>
    <RenderingInfo Culture=""en-US"">
      <Message>Process Create:

RuleName: -

UtcTime: 2023-12-27 20:02:41.668

ProcessGuid: {f57bd86a-82e1-658c-cc01-000000000f00}

ProcessId: 2144

Image: C:\Windows\System32\UCPDMgr.exe

FileVersion: 1.0.0.414301

Description: User Choice Protection Manager

Product: Microsoft&#174; Windows&#174; Operating System

Company: Microsoft Corporation

OriginalFileName: UCPDMgr.exe

CommandLine: ""C:\Windows\system32\UCPDMgr.exe""

CurrentDirectory: C:\Windows\system32\

User: NT AUTHORITY\SYSTEM

LogonGuid: {f57bd86a-36f5-658c-e703-000000000000}

LogonId: 0x3E7

TerminalSessionId: 0

IntegrityLevel: System

Hashes: MD5=D8DAAC63C7D260E96D8AC127B2E1F9E0,SHA256=D6D3634733CF1E1D5E8BA1DA2FF280FAE4AB24A37EED79138C77B5A86F181935,IMPHASH=A5CD3D4F8CEAC1D73EAF7B1F0AB62D25

ParentProcessGuid: {f57bd86a-36f6-658c-1d00-000000000f00}

ParentProcessId: 1496

ParentImage: C:\Windows\System32\svchost.exe

ParentCommandLine: C:\Windows\system32\svchost.exe -k netsvcs -p -s Schedule

ParentUser: NT AUTHORITY\SYSTEM</Message>
      <Level>Information</Level>
      <Task>Process Create (rule: ProcessCreate)</Task>
      <Opcode>Info</Opcode>
    </RenderingInfo>
  </Event>
  
"
Microsoft-Windows-Sysmon/Operational,"""C:\Windows\system32\ProvTool.exe"" /turn 5 /source LogonIdleTask",Microsoft Corporation,WinDev2309Eval,,C:\Windows\system32\,Provisioning package runtime processing tool,,,,,,,1,19602,,10.0.22621.2506 (WinBuild.160101.0800),"MD5=5BADA9E122DA86D6DE003DADA430579B,SHA256=83EE51DC05B7304C922CA76AD47FA72CDA9B24156AE273CD5ED97E90E0F1C458,IMPHASH=32A66F804CDBF1298DD7E3BAE661D502",C:\Windows\System32\provtool.exe,,System,0x8000000000000000,Information,{f57bd86a-36f5-658c-e703-000000000000},0x3e7,"Process Create:

RuleName: -

UtcTime: 2023-12-27 20:02:41.660

ProcessGuid: {f57bd86a-82e1-658c-cb01-000000000f00}

ProcessId: 1736

Image: C:\Windows\System32\provtool.exe

FileVersion: 10.0.22621.2506 (WinBuild.160101.0800)

Description: Provisioning package runtime processing tool

Product: Microsoft® Windows® Operating System

Company: Microsoft Corporation

OriginalFileName: provtool

CommandLine: ""C:\Windows\system32\ProvTool.exe"" /turn 5 /source LogonIdleTask

CurrentDirectory: C:\Windows\system32\

User: NT AUTHORITY\SYSTEM

LogonGuid: {f57bd86a-36f5-658c-e703-000000000000}

LogonId: 0x3E7

TerminalSessionId: 0

IntegrityLevel: System

Hashes: MD5=5BADA9E122DA86D6DE003DADA430579B,SHA256=83EE51DC05B7304C922CA76AD47FA72CDA9B24156AE273CD5ED97E90E0F1C458,IMPHASH=32A66F804CDBF1298DD7E3BAE661D502

ParentProcessGuid: {f57bd86a-36f6-658c-1d00-000000000f00}

ParentProcessId: 1496

ParentImage: C:\Windows\System32\svchost.exe

ParentCommandLine: C:\Windows\system32\svchost.exe -k netsvcs -p -s Schedule

ParentUser: NT AUTHORITY\SYSTEM",Info,provtool,C:\Windows\system32\svchost.exe -k netsvcs -p -s Schedule,C:\Windows\System32\svchost.exe,{f57bd86a-36f6-658c-1d00-000000000f00},1496,NT AUTHORITY\SYSTEM,{f57bd86a-82e1-658c-cb01-000000000f00},3588,1736,Microsoft® Windows® Operating System,,,,,"
      ",-,,,,,,2023-12-27T20:02:41.6634336Z,,,Process Create (rule: ProcessCreate),0,5124,NT AUTHORITY\SYSTEM,S-1-5-18,2023-12-27 20:02:41.660,5,"<Event xmlns=""http://schemas.microsoft.com/win/2004/08/events/event"">
    <System>
      <Provider Name=""Microsoft-Windows-Sysmon"" Guid=""{5770385f-c22a-43e0-bf4c-06f5698ffbd9}""/>
      <EventID>1</EventID>
      <Version>5</Version>
      <Level>4</Level>
      <Task>1</Task>
      <Opcode>0</Opcode>
      <Keywords>0x8000000000000000</Keywords>
      <TimeCreated SystemTime=""2023-12-27T20:02:41.6634336Z""/>
      <EventRecordID>19602</EventRecordID>
      <Correlation/>
      <Execution ProcessID=""3588"" ThreadID=""5124""/>
      <Channel>Microsoft-Windows-Sysmon/Operational</Channel>
      <Computer>WinDev2309Eval</Computer>
      <Security UserID=""S-1-5-18""/>
    </System>
    <EventData>
      <Data Name=""RuleName"">-</Data>
      <Data Name=""UtcTime"">2023-12-27 20:02:41.660</Data>
      <Data Name=""ProcessGuid"">{f57bd86a-82e1-658c-cb01-000000000f00}</Data>
      <Data Name=""ProcessId"">1736</Data>
      <Data Name=""Image"">C:\Windows\System32\provtool.exe</Data>
      <Data Name=""FileVersion"">10.0.22621.2506 (WinBuild.160101.0800)</Data>
      <Data Name=""Description"">Provisioning package runtime processing tool</Data>
      <Data Name=""Product"">Microsoft&#174; Windows&#174; Operating System</Data>
      <Data Name=""Company"">Microsoft Corporation</Data>
      <Data Name=""OriginalFileName"">provtool</Data>
      <Data Name=""CommandLine"">""C:\Windows\system32\ProvTool.exe"" /turn 5 /source LogonIdleTask</Data>
      <Data Name=""CurrentDirectory"">C:\Windows\system32\</Data>
      <Data Name=""User"">NT AUTHORITY\SYSTEM</Data>
      <Data Name=""LogonGuid"">{f57bd86a-36f5-658c-e703-000000000000}</Data>
      <Data Name=""LogonId"">0x3e7</Data>
      <Data Name=""TerminalSessionId"">0</Data>
      <Data Name=""IntegrityLevel"">System</Data>
      <Data Name=""Hashes"">MD5=5BADA9E122DA86D6DE003DADA430579B,SHA256=83EE51DC05B7304C922CA76AD47FA72CDA9B24156AE273CD5ED97E90E0F1C458,IMPHASH=32A66F804CDBF1298DD7E3BAE661D502</Data>
      <Data Name=""ParentProcessGuid"">{f57bd86a-36f6-658c-1d00-000000000f00}</Data>
      <Data Name=""ParentProcessId"">1496</Data>
      <Data Name=""ParentImage"">C:\Windows\System32\svchost.exe</Data>
      <Data Name=""ParentCommandLine"">C:\Windows\system32\svchost.exe -k netsvcs -p -s Schedule</Data>
      <Data Name=""ParentUser"">NT AUTHORITY\SYSTEM</Data>
    </EventData>
    <RenderingInfo Culture=""en-US"">
      <Message>Process Create:

RuleName: -

UtcTime: 2023-12-27 20:02:41.660

ProcessGuid: {f57bd86a-82e1-658c-cb01-000000000f00}

ProcessId: 1736

Image: C:\Windows\System32\provtool.exe

FileVersion: 10.0.22621.2506 (WinBuild.160101.0800)

Description: Provisioning package runtime processing tool

Product: Microsoft&#174; Windows&#174; Operating System

Company: Microsoft Corporation

OriginalFileName: provtool

CommandLine: ""C:\Windows\system32\ProvTool.exe"" /turn 5 /source LogonIdleTask

CurrentDirectory: C:\Windows\system32\

User: NT AUTHORITY\SYSTEM

LogonGuid: {f57bd86a-36f5-658c-e703-000000000000}

LogonId: 0x3E7

TerminalSessionId: 0

IntegrityLevel: System

Hashes: MD5=5BADA9E122DA86D6DE003DADA430579B,SHA256=83EE51DC05B7304C922CA76AD47FA72CDA9B24156AE273CD5ED97E90E0F1C458,IMPHASH=32A66F804CDBF1298DD7E3BAE661D502

ParentProcessGuid: {f57bd86a-36f6-658c-1d00-000000000f00}

ParentProcessId: 1496

ParentImage: C:\Windows\System32\svchost.exe

ParentCommandLine: C:\Windows\system32\svchost.exe -k netsvcs -p -s Schedule

ParentUser: NT AUTHORITY\SYSTEM</Message>
      <Level>Information</Level>
      <Task>Process Create (rule: ProcessCreate)</Task>
      <Opcode>Info</Opcode>
    </RenderingInfo>
  </Event>
  
"
