Channel,CommandLine,Company,Computer,CreationUtcTime,CurrentDirectory,Description,DestinationHostname,DestinationIp,DestinationIsIpv6,DestinationPort,DestinationPortName,Details,EventID,EventRecordID,EventType,FileVersion,Hashes,Image,Initiated,IntegrityLevel,Keywords,Level,LogonGuid,LogonId,Message,Opcode,OriginalFileName,ParentCommandLine,ParentImage,ParentProcessGuid,ParentProcessId,ParentUser,ProcessGuid,ProcessID,ProcessId,Product,Protocol,QueryName,QueryResults,QueryStatus,RenderingInfo,RuleName,SourceHostname,SourceIp,SourceIsIpv6,SourcePort,SourcePortName,SystemTime,TargetFilename,TargetObject,Task,TerminalSessionId,ThreadID,User,UserID,UtcTime,Version,raw
Microsoft-Windows-Sysmon/Operational,C:\Windows\uus\packages\preview\AMD64\MoNotificationUx.exe /ClearActiveNotifications /CV Qzwjsz4au0+Ju4V0.11,Microsoft Corporation,WinDev2309Eval,,C:\Windows\system32\,Notifications host process,,,,,,,1,9711,,1023.725.1162.0,"MD5=39361FA3C67FB8867584C9980ACBAF48,SHA256=ADEA84D1623AFBE8FA11619573AC9C2363238138C2B3B0C000F2EBB5CBCCD6C0,IMPHASH=3B3B9CC86C446A8ADA86CF4C397FB6DB",C:\Windows\UUS\Packages\Preview\amd64\MoNotificationUx.exe,,Medium,0x8000000000000000,Information,{fda94052-3502-658d-b367-080000000000},0x867b3,"Process Create:

RuleName: -

UtcTime: 2023-12-28 12:20:56.573

ProcessGuid: {fda94052-6828-658d-bd02-000000000b00}

ProcessId: 6788

Image: C:\Windows\UUS\Packages\Preview\amd64\MoNotificationUx.exe

FileVersion: 1023.725.1162.0

Description: Notifications host process

Product: Microsoft® Windows® Operating System

Company: Microsoft Corporation

OriginalFileName: MoNotificationUx.exe

CommandLine: C:\Windows\uus\packages\preview\AMD64\MoNotificationUx.exe /ClearActiveNotifications /CV Qzwjsz4au0+Ju4V0.11

CurrentDirectory: C:\Windows\system32\

User: WINDEV2309EVAL\User

LogonGuid: {fda94052-3502-658d-b367-080000000000}

LogonId: 0x867B3

TerminalSessionId: 1

IntegrityLevel: Medium

Hashes: MD5=39361FA3C67FB8867584C9980ACBAF48,SHA256=ADEA84D1623AFBE8FA11619573AC9C2363238138C2B3B0C000F2EBB5CBCCD6C0,IMPHASH=3B3B9CC86C446A8ADA86CF4C397FB6DB

ParentProcessGuid: {fda94052-34fa-658d-8900-000000000b00}

ParentProcessId: 5812

ParentImage: C:\Windows\UUS\Packages\Preview\amd64\MoUsoCoreWorker.exe

ParentCommandLine: C:\Windows\uus\packages\preview\AMD64\MoUsoCoreWorker.exe

ParentUser: NT AUTHORITY\SYSTEM",Info,MoNotificationUx.exe,C:\Windows\uus\packages\preview\AMD64\MoUsoCoreWorker.exe,C:\Windows\UUS\Packages\Preview\amd64\MoUsoCoreWorker.exe,{fda94052-34fa-658d-8900-000000000b00},5812,NT AUTHORITY\SYSTEM,{fda94052-6828-658d-bd02-000000000b00},7044,6788,Microsoft® Windows® Operating System,,,,,"
      ",-,,,,,,2023-12-28T12:20:56.5743978Z,,,Process Create (rule: ProcessCreate),1,6672,WINDEV2309EVAL\User,S-1-5-18,2023-12-28 12:20:56.573,5,"<Event xmlns=""http://schemas.microsoft.com/win/2004/08/events/event"">
    <System>
      <Provider Name=""Microsoft-Windows-Sysmon"" Guid=""{5770385f-c22a-43e0-bf4c-06f5698ffbd9}""/>
      <EventID>1</EventID>
      <Version>5</Version>
      <Level>4</Level>
      <Task>1</Task>
      <Opcode>0</Opcode>
      <Keywords>0x8000000000000000</Keywords>
      <TimeCreated SystemTime=""2023-12-28T12:20:56.5743978Z""/>
      <EventRecordID>9711</EventRecordID>
      <Correlation/>
      <Execution ProcessID=""7044"" ThreadID=""6672""/>
      <Channel>Microsoft-Windows-Sysmon/Operational</Channel>
      <Computer>WinDev2309Eval</Computer>
      <Security UserID=""S-1-5-18""/>
    </System>
    <EventData>
      <Data Name=""RuleName"">-</Data>
      <Data Name=""UtcTime"">2023-12-28 12:20:56.573</Data>
      <Data Name=""ProcessGuid"">{fda94052-6828-658d-bd02-000000000b00}</Data>
      <Data Name=""ProcessId"">6788</Data>
      <Data Name=""Image"">C:\Windows\UUS\Packages\Preview\amd64\MoNotificationUx.exe</Data>
      <Data Name=""FileVersion"">1023.725.1162.0</Data>
      <Data Name=""Description"">Notifications host process</Data>
      <Data Name=""Product"">Microsoft&#174; Windows&#174; Operating System</Data>
      <Data Name=""Company"">Microsoft Corporation</Data>
      <Data Name=""OriginalFileName"">MoNotificationUx.exe</Data>
      <Data Name=""CommandLine"">C:\Windows\uus\packages\preview\AMD64\MoNotificationUx.exe /ClearActiveNotifications /CV Qzwjsz4au0+Ju4V0.11</Data>
      <Data Name=""CurrentDirectory"">C:\Windows\system32\</Data>
      <Data Name=""User"">WINDEV2309EVAL\User</Data>
      <Data Name=""LogonGuid"">{fda94052-3502-658d-b367-080000000000}</Data>
      <Data Name=""LogonId"">0x867b3</Data>
      <Data Name=""TerminalSessionId"">1</Data>
      <Data Name=""IntegrityLevel"">Medium</Data>
      <Data Name=""Hashes"">MD5=39361FA3C67FB8867584C9980ACBAF48,SHA256=ADEA84D1623AFBE8FA11619573AC9C2363238138C2B3B0C000F2EBB5CBCCD6C0,IMPHASH=3B3B9CC86C446A8ADA86CF4C397FB6DB</Data>
      <Data Name=""ParentProcessGuid"">{fda94052-34fa-658d-8900-000000000b00}</Data>
      <Data Name=""ParentProcessId"">5812</Data>
      <Data Name=""ParentImage"">C:\Windows\UUS\Packages\Preview\amd64\MoUsoCoreWorker.exe</Data>
      <Data Name=""ParentCommandLine"">C:\Windows\uus\packages\preview\AMD64\MoUsoCoreWorker.exe</Data>
      <Data Name=""ParentUser"">NT AUTHORITY\SYSTEM</Data>
    </EventData>
    <RenderingInfo Culture=""en-US"">
      <Message>Process Create:

RuleName: -

UtcTime: 2023-12-28 12:20:56.573

ProcessGuid: {fda94052-6828-658d-bd02-000000000b00}

ProcessId: 6788

Image: C:\Windows\UUS\Packages\Preview\amd64\MoNotificationUx.exe

FileVersion: 1023.725.1162.0

Description: Notifications host process

Product: Microsoft&#174; Windows&#174; Operating System

Company: Microsoft Corporation

OriginalFileName: MoNotificationUx.exe

CommandLine: C:\Windows\uus\packages\preview\AMD64\MoNotificationUx.exe /ClearActiveNotifications /CV Qzwjsz4au0+Ju4V0.11

CurrentDirectory: C:\Windows\system32\

User: WINDEV2309EVAL\User

LogonGuid: {fda94052-3502-658d-b367-080000000000}

LogonId: 0x867B3

TerminalSessionId: 1

IntegrityLevel: Medium

Hashes: MD5=39361FA3C67FB8867584C9980ACBAF48,SHA256=ADEA84D1623AFBE8FA11619573AC9C2363238138C2B3B0C000F2EBB5CBCCD6C0,IMPHASH=3B3B9CC86C446A8ADA86CF4C397FB6DB

ParentProcessGuid: {fda94052-34fa-658d-8900-000000000b00}

ParentProcessId: 5812

ParentImage: C:\Windows\UUS\Packages\Preview\amd64\MoUsoCoreWorker.exe

ParentCommandLine: C:\Windows\uus\packages\preview\AMD64\MoUsoCoreWorker.exe

ParentUser: NT AUTHORITY\SYSTEM</Message>
      <Level>Information</Level>
      <Task>Process Create (rule: ProcessCreate)</Task>
      <Opcode>Info</Opcode>
    </RenderingInfo>
  </Event>
  
"
Microsoft-Windows-Sysmon/Operational,taskhostw.exe -RegisterDevice -ProtectionStateChanged -FreeNetworkOnly,Microsoft Corporation,WinDev2309Eval,,C:\Windows\system32\,Host Process for Windows Tasks,,,,,,,1,9710,,10.0.22621.1635 (WinBuild.160101.0800),"MD5=4887A65FD4F6598AF4986CBC1C0E5488,SHA256=82472A84BCBB4009ADD338200F8E853FE4C5EAFE2E2C3A2D711B85BF29B72D54,IMPHASH=1C4E2D9936E4D9F2490B08AAB4D24260",C:\Windows\System32\taskhostw.exe,,System,0x8000000000000000,Information,{fda94052-34eb-658d-e703-000000000000},0x3e7,"Process Create:

RuleName: -

UtcTime: 2023-12-28 12:20:55.999

ProcessGuid: {fda94052-6827-658d-bc02-000000000b00}

ProcessId: 4116

Image: C:\Windows\System32\taskhostw.exe

FileVersion: 10.0.22621.1635 (WinBuild.160101.0800)

Description: Host Process for Windows Tasks

Product: Microsoft® Windows® Operating System

Company: Microsoft Corporation

OriginalFileName: taskhostw.exe

CommandLine: taskhostw.exe -RegisterDevice -ProtectionStateChanged -FreeNetworkOnly

CurrentDirectory: C:\Windows\system32\

User: NT AUTHORITY\SYSTEM

LogonGuid: {fda94052-34eb-658d-e703-000000000000}

LogonId: 0x3E7

TerminalSessionId: 0

IntegrityLevel: System

Hashes: MD5=4887A65FD4F6598AF4986CBC1C0E5488,SHA256=82472A84BCBB4009ADD338200F8E853FE4C5EAFE2E2C3A2D711B85BF29B72D54,IMPHASH=1C4E2D9936E4D9F2490B08AAB4D24260

ParentProcessGuid: {00000000-0000-0000-0000-000000000000}

ParentProcessId: 1900

ParentImage: -

ParentCommandLine: -

ParentUser: -",Info,taskhostw.exe,-,-,{00000000-0000-0000-0000-000000000000},1900,-,{fda94052-6827-658d-bc02-000000000b00},7044,4116,Microsoft® Windows® Operating System,,,,,"
      ",-,,,,,,2023-12-28T12:20:56.0011281Z,,,Process Create (rule: ProcessCreate),0,6672,NT AUTHORITY\SYSTEM,S-1-5-18,2023-12-28 12:20:55.999,5,"<Event xmlns=""http://schemas.microsoft.com/win/2004/08/events/event"">
    <System>
      <Provider Name=""Microsoft-Windows-Sysmon"" Guid=""{5770385f-c22a-43e0-bf4c-06f5698ffbd9}""/>
      <EventID>1</EventID>
      <Version>5</Version>
      <Level>4</Level>
      <Task>1</Task>
      <Opcode>0</Opcode>
      <Keywords>0x8000000000000000</Keywords>
      <TimeCreated SystemTime=""2023-12-28T12:20:56.0011281Z""/>
      <EventRecordID>9710</EventRecordID>
      <Correlation/>
      <Execution ProcessID=""7044"" ThreadID=""6672""/>
      <Channel>Microsoft-Windows-Sysmon/Operational</Channel>
      <Computer>WinDev2309Eval</Computer>
      <Security UserID=""S-1-5-18""/>
    </System>
    <EventData>
      <Data Name=""RuleName"">-</Data>
      <Data Name=""UtcTime"">2023-12-28 12:20:55.999</Data>
      <Data Name=""ProcessGuid"">{fda94052-6827-658d-bc02-000000000b00}</Data>
      <Data Name=""ProcessId"">4116</Data>
      <Data Name=""Image"">C:\Windows\System32\taskhostw.exe</Data>
      <Data Name=""FileVersion"">10.0.22621.1635 (WinBuild.160101.0800)</Data>
      <Data Name=""Description"">Host Process for Windows Tasks</Data>
      <Data Name=""Product"">Microsoft&#174; Windows&#174; Operating System</Data>
      <Data Name=""Company"">Microsoft Corporation</Data>
      <Data Name=""OriginalFileName"">taskhostw.exe</Data>
      <Data Name=""CommandLine"">taskhostw.exe -RegisterDevice -ProtectionStateChanged -FreeNetworkOnly</Data>
      <Data Name=""CurrentDirectory"">C:\Windows\system32\</Data>
      <Data Name=""User"">NT AUTHORITY\SYSTEM</Data>
      <Data Name=""LogonGuid"">{fda94052-34eb-658d-e703-000000000000}</Data>
      <Data Name=""LogonId"">0x3e7</Data>
      <Data Name=""TerminalSessionId"">0</Data>
      <Data Name=""IntegrityLevel"">System</Data>
      <Data Name=""Hashes"">MD5=4887A65FD4F6598AF4986CBC1C0E5488,SHA256=82472A84BCBB4009ADD338200F8E853FE4C5EAFE2E2C3A2D711B85BF29B72D54,IMPHASH=1C4E2D9936E4D9F2490B08AAB4D24260</Data>
      <Data Name=""ParentProcessGuid"">{00000000-0000-0000-0000-000000000000}</Data>
      <Data Name=""ParentProcessId"">1900</Data>
      <Data Name=""ParentImage"">-</Data>
      <Data Name=""ParentCommandLine"">-</Data>
      <Data Name=""ParentUser"">-</Data>
    </EventData>
    <RenderingInfo Culture=""en-US"">
      <Message>Process Create:

RuleName: -

UtcTime: 2023-12-28 12:20:55.999

ProcessGuid: {fda94052-6827-658d-bc02-000000000b00}

ProcessId: 4116

Image: C:\Windows\System32\taskhostw.exe

FileVersion: 10.0.22621.1635 (WinBuild.160101.0800)

Description: Host Process for Windows Tasks

Product: Microsoft&#174; Windows&#174; Operating System

Company: Microsoft Corporation

OriginalFileName: taskhostw.exe

CommandLine: taskhostw.exe -RegisterDevice -ProtectionStateChanged -FreeNetworkOnly

CurrentDirectory: C:\Windows\system32\

User: NT AUTHORITY\SYSTEM

LogonGuid: {fda94052-34eb-658d-e703-000000000000}

LogonId: 0x3E7

TerminalSessionId: 0

IntegrityLevel: System

Hashes: MD5=4887A65FD4F6598AF4986CBC1C0E5488,SHA256=82472A84BCBB4009ADD338200F8E853FE4C5EAFE2E2C3A2D711B85BF29B72D54,IMPHASH=1C4E2D9936E4D9F2490B08AAB4D24260

ParentProcessGuid: {00000000-0000-0000-0000-000000000000}

ParentProcessId: 1900

ParentImage: -

ParentCommandLine: -

ParentUser: -</Message>
      <Level>Information</Level>
      <Task>Process Create (rule: ProcessCreate)</Task>
      <Opcode>Info</Opcode>
    </RenderingInfo>
  </Event>
  
"
Microsoft-Windows-Sysmon/Operational,,,WinDev2309Eval,,,,,,,,,DWORD (0x00000002),13,9709,SetValue,,,C:\Windows\system32\services.exe,,,0x8000000000000000,Information,,,"Registry value set:

RuleName: T1031,T1050

EventType: SetValue

UtcTime: 2023-12-28 12:20:54.093

ProcessGuid: {fda94052-34eb-658d-0b00-000000000b00}

ProcessId: 788

Image: C:\Windows\system32\services.exe

TargetObject: HKLM\System\CurrentControlSet\Services\WinDefend\Start

Details: DWORD (0x00000002)

User: NT AUTHORITY\SYSTEM",Info,,,,,,,{fda94052-34eb-658d-0b00-000000000b00},7044,788,,,,,,"
      ","T1031,T1050",,,,,,2023-12-28T12:20:54.0952989Z,,HKLM\System\CurrentControlSet\Services\WinDefend\Start,Registry value set (rule: RegistryEvent),,6672,NT AUTHORITY\SYSTEM,S-1-5-18,2023-12-28 12:20:54.093,2,"<Event xmlns=""http://schemas.microsoft.com/win/2004/08/events/event"">
    <System>
      <Provider Name=""Microsoft-Windows-Sysmon"" Guid=""{5770385f-c22a-43e0-bf4c-06f5698ffbd9}""/>
      <EventID>13</EventID>
      <Version>2</Version>
      <Level>4</Level>
      <Task>13</Task>
      <Opcode>0</Opcode>
      <Keywords>0x8000000000000000</Keywords>
      <TimeCreated SystemTime=""2023-12-28T12:20:54.0952989Z""/>
      <EventRecordID>9709</EventRecordID>
      <Correlation/>
      <Execution ProcessID=""7044"" ThreadID=""6672""/>
      <Channel>Microsoft-Windows-Sysmon/Operational</Channel>
      <Computer>WinDev2309Eval</Computer>
      <Security UserID=""S-1-5-18""/>
    </System>
    <EventData>
      <Data Name=""RuleName"">T1031,T1050</Data>
      <Data Name=""EventType"">SetValue</Data>
      <Data Name=""UtcTime"">2023-12-28 12:20:54.093</Data>
      <Data Name=""ProcessGuid"">{fda94052-34eb-658d-0b00-000000000b00}</Data>
      <Data Name=""ProcessId"">788</Data>
      <Data Name=""Image"">C:\Windows\system32\services.exe</Data>
      <Data Name=""TargetObject"">HKLM\System\CurrentControlSet\Services\WinDefend\Start</Data>
      <Data Name=""Details"">DWORD (0x00000002)</Data>
      <Data Name=""User"">NT AUTHORITY\SYSTEM</Data>
    </EventData>
    <RenderingInfo Culture=""en-US"">
      <Message>Registry value set:

RuleName: T1031,T1050

EventType: SetValue

UtcTime: 2023-12-28 12:20:54.093

ProcessGuid: {fda94052-34eb-658d-0b00-000000000b00}

ProcessId: 788

Image: C:\Windows\system32\services.exe

TargetObject: HKLM\System\CurrentControlSet\Services\WinDefend\Start

Details: DWORD (0x00000002)

User: NT AUTHORITY\SYSTEM</Message>
      <Level>Information</Level>
      <Task>Registry value set (rule: RegistryEvent)</Task>
      <Opcode>Info</Opcode>
    </RenderingInfo>
  </Event>
  
"
Microsoft-Windows-Sysmon/Operational,,,WinDev2309Eval,,,,,,,,,DWORD (0x00000000),13,9708,SetValue,,,C:\Windows\system32\services.exe,,,0x8000000000000000,Information,,,"Registry value set:

RuleName: T1031,T1050

EventType: SetValue

UtcTime: 2023-12-28 12:20:54.093

ProcessGuid: {fda94052-34eb-658d-0b00-000000000b00}

ProcessId: 788

Image: C:\Windows\system32\services.exe

TargetObject: HKLM\System\CurrentControlSet\Services\WdBoot\Start

Details: DWORD (0x00000000)

User: NT AUTHORITY\SYSTEM",Info,,,,,,,{fda94052-34eb-658d-0b00-000000000b00},7044,788,,,,,,"
      ","T1031,T1050",,,,,,2023-12-28T12:20:54.0946119Z,,HKLM\System\CurrentControlSet\Services\WdBoot\Start,Registry value set (rule: RegistryEvent),,6672,NT AUTHORITY\SYSTEM,S-1-5-18,2023-12-28 12:20:54.093,2,"<Event xmlns=""http://schemas.microsoft.com/win/2004/08/events/event"">
    <System>
      <Provider Name=""Microsoft-Windows-Sysmon"" Guid=""{5770385f-c22a-43e0-bf4c-06f5698ffbd9}""/>
      <EventID>13</EventID>
      <Version>2</Version>
      <Level>4</Level>
      <Task>13</Task>
      <Opcode>0</Opcode>
      <Keywords>0x8000000000000000</Keywords>
      <TimeCreated SystemTime=""2023-12-28T12:20:54.0946119Z""/>
      <EventRecordID>9708</EventRecordID>
      <Correlation/>
      <Execution ProcessID=""7044"" ThreadID=""6672""/>
      <Channel>Microsoft-Windows-Sysmon/Operational</Channel>
      <Computer>WinDev2309Eval</Computer>
      <Security UserID=""S-1-5-18""/>
    </System>
    <EventData>
      <Data Name=""RuleName"">T1031,T1050</Data>
      <Data Name=""EventType"">SetValue</Data>
      <Data Name=""UtcTime"">2023-12-28 12:20:54.093</Data>
      <Data Name=""ProcessGuid"">{fda94052-34eb-658d-0b00-000000000b00}</Data>
      <Data Name=""ProcessId"">788</Data>
      <Data Name=""Image"">C:\Windows\system32\services.exe</Data>
      <Data Name=""TargetObject"">HKLM\System\CurrentControlSet\Services\WdBoot\Start</Data>
      <Data Name=""Details"">DWORD (0x00000000)</Data>
      <Data Name=""User"">NT AUTHORITY\SYSTEM</Data>
    </EventData>
    <RenderingInfo Culture=""en-US"">
      <Message>Registry value set:

RuleName: T1031,T1050

EventType: SetValue

UtcTime: 2023-12-28 12:20:54.093

ProcessGuid: {fda94052-34eb-658d-0b00-000000000b00}

ProcessId: 788

Image: C:\Windows\system32\services.exe

TargetObject: HKLM\System\CurrentControlSet\Services\WdBoot\Start

Details: DWORD (0x00000000)

User: NT AUTHORITY\SYSTEM</Message>
      <Level>Information</Level>
      <Task>Registry value set (rule: RegistryEvent)</Task>
      <Opcode>Info</Opcode>
    </RenderingInfo>
  </Event>
  
"
Microsoft-Windows-Sysmon/Operational,,,WinDev2309Eval,,,,,,,,,DWORD (0x00000000),13,9707,SetValue,,,C:\Windows\system32\services.exe,,,0x8000000000000000,Information,,,"Registry value set:

RuleName: T1031,T1050

EventType: SetValue

UtcTime: 2023-12-28 12:20:54.093

ProcessGuid: {fda94052-34eb-658d-0b00-000000000b00}

ProcessId: 788

Image: C:\Windows\system32\services.exe

TargetObject: HKLM\System\CurrentControlSet\Services\WdFilter\Start

Details: DWORD (0x00000000)

User: NT AUTHORITY\SYSTEM",Info,,,,,,,{fda94052-34eb-658d-0b00-000000000b00},7044,788,,,,,,"
      ","T1031,T1050",,,,,,2023-12-28T12:20:54.0940095Z,,HKLM\System\CurrentControlSet\Services\WdFilter\Start,Registry value set (rule: RegistryEvent),,6672,NT AUTHORITY\SYSTEM,S-1-5-18,2023-12-28 12:20:54.093,2,"<Event xmlns=""http://schemas.microsoft.com/win/2004/08/events/event"">
    <System>
      <Provider Name=""Microsoft-Windows-Sysmon"" Guid=""{5770385f-c22a-43e0-bf4c-06f5698ffbd9}""/>
      <EventID>13</EventID>
      <Version>2</Version>
      <Level>4</Level>
      <Task>13</Task>
      <Opcode>0</Opcode>
      <Keywords>0x8000000000000000</Keywords>
      <TimeCreated SystemTime=""2023-12-28T12:20:54.0940095Z""/>
      <EventRecordID>9707</EventRecordID>
      <Correlation/>
      <Execution ProcessID=""7044"" ThreadID=""6672""/>
      <Channel>Microsoft-Windows-Sysmon/Operational</Channel>
      <Computer>WinDev2309Eval</Computer>
      <Security UserID=""S-1-5-18""/>
    </System>
    <EventData>
      <Data Name=""RuleName"">T1031,T1050</Data>
      <Data Name=""EventType"">SetValue</Data>
      <Data Name=""UtcTime"">2023-12-28 12:20:54.093</Data>
      <Data Name=""ProcessGuid"">{fda94052-34eb-658d-0b00-000000000b00}</Data>
      <Data Name=""ProcessId"">788</Data>
      <Data Name=""Image"">C:\Windows\system32\services.exe</Data>
      <Data Name=""TargetObject"">HKLM\System\CurrentControlSet\Services\WdFilter\Start</Data>
      <Data Name=""Details"">DWORD (0x00000000)</Data>
      <Data Name=""User"">NT AUTHORITY\SYSTEM</Data>
    </EventData>
    <RenderingInfo Culture=""en-US"">
      <Message>Registry value set:

RuleName: T1031,T1050

EventType: SetValue

UtcTime: 2023-12-28 12:20:54.093

ProcessGuid: {fda94052-34eb-658d-0b00-000000000b00}

ProcessId: 788

Image: C:\Windows\system32\services.exe

TargetObject: HKLM\System\CurrentControlSet\Services\WdFilter\Start

Details: DWORD (0x00000000)

User: NT AUTHORITY\SYSTEM</Message>
      <Level>Information</Level>
      <Task>Registry value set (rule: RegistryEvent)</Task>
      <Opcode>Info</Opcode>
    </RenderingInfo>
  </Event>
  
"
Microsoft-Windows-Sysmon/Operational,,,WinDev2309Eval,,,,,,,,,{09A47860-11B0-4DA5-AFA5-26D86198A780},13,9706,SetValue,,,C:\ProgramData\Microsoft\Windows Defender\Platform\4.18.23110.3-0\MsMpEng.exe,,,0x8000000000000000,Information,,,"Registry value set:

RuleName: -

EventType: SetValue

UtcTime: 2023-12-28 12:20:54.046

ProcessGuid: {fda94052-6824-658d-a002-000000000b00}

ProcessId: 1472

Image: C:\ProgramData\Microsoft\Windows Defender\Platform\4.18.23110.3-0\MsMpEng.exe

TargetObject: HKCR\Directory\shellex\ContextMenuHandlers\EPP\(Default)

Details: {09A47860-11B0-4DA5-AFA5-26D86198A780}

User: NT AUTHORITY\SYSTEM",Info,,,,,,,{fda94052-6824-658d-a002-000000000b00},7044,1472,,,,,,"
      ",-,,,,,,2023-12-28T12:20:54.0509476Z,,HKCR\Directory\shellex\ContextMenuHandlers\EPP\(Default),Registry value set (rule: RegistryEvent),,6672,NT AUTHORITY\SYSTEM,S-1-5-18,2023-12-28 12:20:54.046,2,"<Event xmlns=""http://schemas.microsoft.com/win/2004/08/events/event"">
    <System>
      <Provider Name=""Microsoft-Windows-Sysmon"" Guid=""{5770385f-c22a-43e0-bf4c-06f5698ffbd9}""/>
      <EventID>13</EventID>
      <Version>2</Version>
      <Level>4</Level>
      <Task>13</Task>
      <Opcode>0</Opcode>
      <Keywords>0x8000000000000000</Keywords>
      <TimeCreated SystemTime=""2023-12-28T12:20:54.0509476Z""/>
      <EventRecordID>9706</EventRecordID>
      <Correlation/>
      <Execution ProcessID=""7044"" ThreadID=""6672""/>
      <Channel>Microsoft-Windows-Sysmon/Operational</Channel>
      <Computer>WinDev2309Eval</Computer>
      <Security UserID=""S-1-5-18""/>
    </System>
    <EventData>
      <Data Name=""RuleName"">-</Data>
      <Data Name=""EventType"">SetValue</Data>
      <Data Name=""UtcTime"">2023-12-28 12:20:54.046</Data>
      <Data Name=""ProcessGuid"">{fda94052-6824-658d-a002-000000000b00}</Data>
      <Data Name=""ProcessId"">1472</Data>
      <Data Name=""Image"">C:\ProgramData\Microsoft\Windows Defender\Platform\4.18.23110.3-0\MsMpEng.exe</Data>
      <Data Name=""TargetObject"">HKCR\Directory\shellex\ContextMenuHandlers\EPP\(Default)</Data>
      <Data Name=""Details"">{09A47860-11B0-4DA5-AFA5-26D86198A780}</Data>
      <Data Name=""User"">NT AUTHORITY\SYSTEM</Data>
    </EventData>
    <RenderingInfo Culture=""en-US"">
      <Message>Registry value set:

RuleName: -

EventType: SetValue

UtcTime: 2023-12-28 12:20:54.046

ProcessGuid: {fda94052-6824-658d-a002-000000000b00}

ProcessId: 1472

Image: C:\ProgramData\Microsoft\Windows Defender\Platform\4.18.23110.3-0\MsMpEng.exe

TargetObject: HKCR\Directory\shellex\ContextMenuHandlers\EPP\(Default)

Details: {09A47860-11B0-4DA5-AFA5-26D86198A780}

User: NT AUTHORITY\SYSTEM</Message>
      <Level>Information</Level>
      <Task>Registry value set (rule: RegistryEvent)</Task>
      <Opcode>Info</Opcode>
    </RenderingInfo>
  </Event>
  
"
Microsoft-Windows-Sysmon/Operational,,,WinDev2309Eval,,,,,,,,,{09A47860-11B0-4DA5-AFA5-26D86198A780},13,9705,SetValue,,,C:\ProgramData\Microsoft\Windows Defender\Platform\4.18.23110.3-0\MsMpEng.exe,,,0x8000000000000000,Information,,,"Registry value set:

RuleName: -

EventType: SetValue

UtcTime: 2023-12-28 12:20:54.046

ProcessGuid: {fda94052-6824-658d-a002-000000000b00}

ProcessId: 1472

Image: C:\ProgramData\Microsoft\Windows Defender\Platform\4.18.23110.3-0\MsMpEng.exe

TargetObject: HKCR\Drive\shellex\ContextMenuHandlers\EPP\(Default)

Details: {09A47860-11B0-4DA5-AFA5-26D86198A780}

User: NT AUTHORITY\SYSTEM",Info,,,,,,,{fda94052-6824-658d-a002-000000000b00},7044,1472,,,,,,"
      ",-,,,,,,2023-12-28T12:20:54.0509167Z,,HKCR\Drive\shellex\ContextMenuHandlers\EPP\(Default),Registry value set (rule: RegistryEvent),,6672,NT AUTHORITY\SYSTEM,S-1-5-18,2023-12-28 12:20:54.046,2,"<Event xmlns=""http://schemas.microsoft.com/win/2004/08/events/event"">
    <System>
      <Provider Name=""Microsoft-Windows-Sysmon"" Guid=""{5770385f-c22a-43e0-bf4c-06f5698ffbd9}""/>
      <EventID>13</EventID>
      <Version>2</Version>
      <Level>4</Level>
      <Task>13</Task>
      <Opcode>0</Opcode>
      <Keywords>0x8000000000000000</Keywords>
      <TimeCreated SystemTime=""2023-12-28T12:20:54.0509167Z""/>
      <EventRecordID>9705</EventRecordID>
      <Correlation/>
      <Execution ProcessID=""7044"" ThreadID=""6672""/>
      <Channel>Microsoft-Windows-Sysmon/Operational</Channel>
      <Computer>WinDev2309Eval</Computer>
      <Security UserID=""S-1-5-18""/>
    </System>
    <EventData>
      <Data Name=""RuleName"">-</Data>
      <Data Name=""EventType"">SetValue</Data>
      <Data Name=""UtcTime"">2023-12-28 12:20:54.046</Data>
      <Data Name=""ProcessGuid"">{fda94052-6824-658d-a002-000000000b00}</Data>
      <Data Name=""ProcessId"">1472</Data>
      <Data Name=""Image"">C:\ProgramData\Microsoft\Windows Defender\Platform\4.18.23110.3-0\MsMpEng.exe</Data>
      <Data Name=""TargetObject"">HKCR\Drive\shellex\ContextMenuHandlers\EPP\(Default)</Data>
      <Data Name=""Details"">{09A47860-11B0-4DA5-AFA5-26D86198A780}</Data>
      <Data Name=""User"">NT AUTHORITY\SYSTEM</Data>
    </EventData>
    <RenderingInfo Culture=""en-US"">
      <Message>Registry value set:

RuleName: -

EventType: SetValue

UtcTime: 2023-12-28 12:20:54.046

ProcessGuid: {fda94052-6824-658d-a002-000000000b00}

ProcessId: 1472

Image: C:\ProgramData\Microsoft\Windows Defender\Platform\4.18.23110.3-0\MsMpEng.exe

TargetObject: HKCR\Drive\shellex\ContextMenuHandlers\EPP\(Default)

Details: {09A47860-11B0-4DA5-AFA5-26D86198A780}

User: NT AUTHORITY\SYSTEM</Message>
      <Level>Information</Level>
      <Task>Registry value set (rule: RegistryEvent)</Task>
      <Opcode>Info</Opcode>
    </RenderingInfo>
  </Event>
  
"
Microsoft-Windows-Sysmon/Operational,,,WinDev2309Eval,,,,,,,,,{09A47860-11B0-4DA5-AFA5-26D86198A780},13,9704,SetValue,,,C:\ProgramData\Microsoft\Windows Defender\Platform\4.18.23110.3-0\MsMpEng.exe,,,0x8000000000000000,Information,,,"Registry value set:

RuleName: -

EventType: SetValue

UtcTime: 2023-12-28 12:20:54.046

ProcessGuid: {fda94052-6824-658d-a002-000000000b00}

ProcessId: 1472

Image: C:\ProgramData\Microsoft\Windows Defender\Platform\4.18.23110.3-0\MsMpEng.exe

TargetObject: HKCR\*\shellex\ContextMenuHandlers\EPP\(Default)

Details: {09A47860-11B0-4DA5-AFA5-26D86198A780}

User: NT AUTHORITY\SYSTEM",Info,,,,,,,{fda94052-6824-658d-a002-000000000b00},7044,1472,,,,,,"
      ",-,,,,,,2023-12-28T12:20:54.0508784Z,,HKCR\*\shellex\ContextMenuHandlers\EPP\(Default),Registry value set (rule: RegistryEvent),,6672,NT AUTHORITY\SYSTEM,S-1-5-18,2023-12-28 12:20:54.046,2,"<Event xmlns=""http://schemas.microsoft.com/win/2004/08/events/event"">
    <System>
      <Provider Name=""Microsoft-Windows-Sysmon"" Guid=""{5770385f-c22a-43e0-bf4c-06f5698ffbd9}""/>
      <EventID>13</EventID>
      <Version>2</Version>
      <Level>4</Level>
      <Task>13</Task>
      <Opcode>0</Opcode>
      <Keywords>0x8000000000000000</Keywords>
      <TimeCreated SystemTime=""2023-12-28T12:20:54.0508784Z""/>
      <EventRecordID>9704</EventRecordID>
      <Correlation/>
      <Execution ProcessID=""7044"" ThreadID=""6672""/>
      <Channel>Microsoft-Windows-Sysmon/Operational</Channel>
      <Computer>WinDev2309Eval</Computer>
      <Security UserID=""S-1-5-18""/>
    </System>
    <EventData>
      <Data Name=""RuleName"">-</Data>
      <Data Name=""EventType"">SetValue</Data>
      <Data Name=""UtcTime"">2023-12-28 12:20:54.046</Data>
      <Data Name=""ProcessGuid"">{fda94052-6824-658d-a002-000000000b00}</Data>
      <Data Name=""ProcessId"">1472</Data>
      <Data Name=""Image"">C:\ProgramData\Microsoft\Windows Defender\Platform\4.18.23110.3-0\MsMpEng.exe</Data>
      <Data Name=""TargetObject"">HKCR\*\shellex\ContextMenuHandlers\EPP\(Default)</Data>
      <Data Name=""Details"">{09A47860-11B0-4DA5-AFA5-26D86198A780}</Data>
      <Data Name=""User"">NT AUTHORITY\SYSTEM</Data>
    </EventData>
    <RenderingInfo Culture=""en-US"">
      <Message>Registry value set:

RuleName: -

EventType: SetValue

UtcTime: 2023-12-28 12:20:54.046

ProcessGuid: {fda94052-6824-658d-a002-000000000b00}

ProcessId: 1472

Image: C:\ProgramData\Microsoft\Windows Defender\Platform\4.18.23110.3-0\MsMpEng.exe

TargetObject: HKCR\*\shellex\ContextMenuHandlers\EPP\(Default)

Details: {09A47860-11B0-4DA5-AFA5-26D86198A780}

User: NT AUTHORITY\SYSTEM</Message>
      <Level>Information</Level>
      <Task>Registry value set (rule: RegistryEvent)</Task>
      <Opcode>Info</Opcode>
    </RenderingInfo>
  </Event>
  
"
Microsoft-Windows-Sysmon/Operational,"""C:\ProgramData\Microsoft\Windows Defender\Platform\4.18.23080.2006-0\MpCmdRun.exe"" -EnableService",Microsoft Corporation,WinDev2309Eval,,C:\Windows\system32\,Microsoft Malware Protection Command Line Utility,,,,,,,1,9703,,4.18.23080.2006 (04d8e871ffe7ba6b2204046883e1ad9b7a5989ce),"MD5=4DBD7A0D3DF01128C9966DE2072EFAC5,SHA256=04AA184A37C0C30DB3EBE16626364414E836C240FA2AC059E04407037E9B080F,IMPHASH=8AA0C0E61F2EE1898A0D0A413C238D40",C:\ProgramData\Microsoft\Windows Defender\Platform\4.18.23080.2006-0\MpCmdRun.exe,,System,0x8000000000000000,Information,{fda94052-34eb-658d-e703-000000000000},0x3e7,"Process Create:

RuleName: -

UtcTime: 2023-12-28 12:20:54.048

ProcessGuid: {fda94052-6826-658d-b902-000000000b00}

ProcessId: 6376

Image: C:\ProgramData\Microsoft\Windows Defender\Platform\4.18.23080.2006-0\MpCmdRun.exe

FileVersion: 4.18.23080.2006 (04d8e871ffe7ba6b2204046883e1ad9b7a5989ce)

Description: Microsoft Malware Protection Command Line Utility

Product: Microsoft® Windows® Operating System

Company: Microsoft Corporation

OriginalFileName: MpCmdRun.exe

CommandLine: ""C:\ProgramData\Microsoft\Windows Defender\Platform\4.18.23080.2006-0\MpCmdRun.exe"" -EnableService

CurrentDirectory: C:\Windows\system32\

User: NT AUTHORITY\SYSTEM

LogonGuid: {fda94052-34eb-658d-e703-000000000000}

LogonId: 0x3E7

TerminalSessionId: 0

IntegrityLevel: System

Hashes: MD5=4DBD7A0D3DF01128C9966DE2072EFAC5,SHA256=04AA184A37C0C30DB3EBE16626364414E836C240FA2AC059E04407037E9B080F,IMPHASH=8AA0C0E61F2EE1898A0D0A413C238D40

ParentProcessGuid: {fda94052-6824-658d-a002-000000000b00}

ParentProcessId: 1472

ParentImage: C:\ProgramData\Microsoft\Windows Defender\Platform\4.18.23110.3-0\MsMpEng.exe

ParentCommandLine: ""C:\ProgramData\Microsoft\Windows Defender\Platform\4.18.23110.3-0\MsMpEng.exe""

ParentUser: NT AUTHORITY\SYSTEM",Info,MpCmdRun.exe,"""C:\ProgramData\Microsoft\Windows Defender\Platform\4.18.23110.3-0\MsMpEng.exe""",C:\ProgramData\Microsoft\Windows Defender\Platform\4.18.23110.3-0\MsMpEng.exe,{fda94052-6824-658d-a002-000000000b00},1472,NT AUTHORITY\SYSTEM,{fda94052-6826-658d-b902-000000000b00},7044,6376,Microsoft® Windows® Operating System,,,,,"
      ",-,,,,,,2023-12-28T12:20:54.0492408Z,,,Process Create (rule: ProcessCreate),0,6672,NT AUTHORITY\SYSTEM,S-1-5-18,2023-12-28 12:20:54.048,5,"<Event xmlns=""http://schemas.microsoft.com/win/2004/08/events/event"">
    <System>
      <Provider Name=""Microsoft-Windows-Sysmon"" Guid=""{5770385f-c22a-43e0-bf4c-06f5698ffbd9}""/>
      <EventID>1</EventID>
      <Version>5</Version>
      <Level>4</Level>
      <Task>1</Task>
      <Opcode>0</Opcode>
      <Keywords>0x8000000000000000</Keywords>
      <TimeCreated SystemTime=""2023-12-28T12:20:54.0492408Z""/>
      <EventRecordID>9703</EventRecordID>
      <Correlation/>
      <Execution ProcessID=""7044"" ThreadID=""6672""/>
      <Channel>Microsoft-Windows-Sysmon/Operational</Channel>
      <Computer>WinDev2309Eval</Computer>
      <Security UserID=""S-1-5-18""/>
    </System>
    <EventData>
      <Data Name=""RuleName"">-</Data>
      <Data Name=""UtcTime"">2023-12-28 12:20:54.048</Data>
      <Data Name=""ProcessGuid"">{fda94052-6826-658d-b902-000000000b00}</Data>
      <Data Name=""ProcessId"">6376</Data>
      <Data Name=""Image"">C:\ProgramData\Microsoft\Windows Defender\Platform\4.18.23080.2006-0\MpCmdRun.exe</Data>
      <Data Name=""FileVersion"">4.18.23080.2006 (04d8e871ffe7ba6b2204046883e1ad9b7a5989ce)</Data>
      <Data Name=""Description"">Microsoft Malware Protection Command Line Utility</Data>
      <Data Name=""Product"">Microsoft&#174; Windows&#174; Operating System</Data>
      <Data Name=""Company"">Microsoft Corporation</Data>
      <Data Name=""OriginalFileName"">MpCmdRun.exe</Data>
      <Data Name=""CommandLine"">""C:\ProgramData\Microsoft\Windows Defender\Platform\4.18.23080.2006-0\MpCmdRun.exe"" -EnableService</Data>
      <Data Name=""CurrentDirectory"">C:\Windows\system32\</Data>
      <Data Name=""User"">NT AUTHORITY\SYSTEM</Data>
      <Data Name=""LogonGuid"">{fda94052-34eb-658d-e703-000000000000}</Data>
      <Data Name=""LogonId"">0x3e7</Data>
      <Data Name=""TerminalSessionId"">0</Data>
      <Data Name=""IntegrityLevel"">System</Data>
      <Data Name=""Hashes"">MD5=4DBD7A0D3DF01128C9966DE2072EFAC5,SHA256=04AA184A37C0C30DB3EBE16626364414E836C240FA2AC059E04407037E9B080F,IMPHASH=8AA0C0E61F2EE1898A0D0A413C238D40</Data>
      <Data Name=""ParentProcessGuid"">{fda94052-6824-658d-a002-000000000b00}</Data>
      <Data Name=""ParentProcessId"">1472</Data>
      <Data Name=""ParentImage"">C:\ProgramData\Microsoft\Windows Defender\Platform\4.18.23110.3-0\MsMpEng.exe</Data>
      <Data Name=""ParentCommandLine"">""C:\ProgramData\Microsoft\Windows Defender\Platform\4.18.23110.3-0\MsMpEng.exe""</Data>
      <Data Name=""ParentUser"">NT AUTHORITY\SYSTEM</Data>
    </EventData>
    <RenderingInfo Culture=""en-US"">
      <Message>Process Create:

RuleName: -

UtcTime: 2023-12-28 12:20:54.048

ProcessGuid: {fda94052-6826-658d-b902-000000000b00}

ProcessId: 6376

Image: C:\ProgramData\Microsoft\Windows Defender\Platform\4.18.23080.2006-0\MpCmdRun.exe

FileVersion: 4.18.23080.2006 (04d8e871ffe7ba6b2204046883e1ad9b7a5989ce)

Description: Microsoft Malware Protection Command Line Utility

Product: Microsoft&#174; Windows&#174; Operating System

Company: Microsoft Corporation

OriginalFileName: MpCmdRun.exe

CommandLine: ""C:\ProgramData\Microsoft\Windows Defender\Platform\4.18.23080.2006-0\MpCmdRun.exe"" -EnableService

CurrentDirectory: C:\Windows\system32\

User: NT AUTHORITY\SYSTEM

LogonGuid: {fda94052-34eb-658d-e703-000000000000}

LogonId: 0x3E7

TerminalSessionId: 0

IntegrityLevel: System

Hashes: MD5=4DBD7A0D3DF01128C9966DE2072EFAC5,SHA256=04AA184A37C0C30DB3EBE16626364414E836C240FA2AC059E04407037E9B080F,IMPHASH=8AA0C0E61F2EE1898A0D0A413C238D40

ParentProcessGuid: {fda94052-6824-658d-a002-000000000b00}

ParentProcessId: 1472

ParentImage: C:\ProgramData\Microsoft\Windows Defender\Platform\4.18.23110.3-0\MsMpEng.exe

ParentCommandLine: ""C:\ProgramData\Microsoft\Windows Defender\Platform\4.18.23110.3-0\MsMpEng.exe""

ParentUser: NT AUTHORITY\SYSTEM</Message>
      <Level>Information</Level>
      <Task>Process Create (rule: ProcessCreate)</Task>
      <Opcode>Info</Opcode>
    </RenderingInfo>
  </Event>
  
"
Microsoft-Windows-Sysmon/Operational,,,WinDev2309Eval,,,,,,,,,DWORD (0x00000000),13,9702,SetValue,,,C:\ProgramData\Microsoft\Windows Defender\Platform\4.18.23110.3-0\MsMpEng.exe,,,0x8000000000000000,Information,,,"Registry value set:

RuleName: T1089,Tamper-Defender

EventType: SetValue

UtcTime: 2023-12-28 12:20:54.046

ProcessGuid: {fda94052-6824-658d-a002-000000000b00}

ProcessId: 1472

Image: C:\ProgramData\Microsoft\Windows Defender\Platform\4.18.23110.3-0\MsMpEng.exe

TargetObject: HKLM\SOFTWARE\Microsoft\Windows Defender\DisableAntiVirus

Details: DWORD (0x00000000)

User: NT AUTHORITY\SYSTEM",Info,,,,,,,{fda94052-6824-658d-a002-000000000b00},7044,1472,,,,,,"
      ","T1089,Tamper-Defender",,,,,,2023-12-28T12:20:54.0474017Z,,HKLM\SOFTWARE\Microsoft\Windows Defender\DisableAntiVirus,Registry value set (rule: RegistryEvent),,6672,NT AUTHORITY\SYSTEM,S-1-5-18,2023-12-28 12:20:54.046,2,"<Event xmlns=""http://schemas.microsoft.com/win/2004/08/events/event"">
    <System>
      <Provider Name=""Microsoft-Windows-Sysmon"" Guid=""{5770385f-c22a-43e0-bf4c-06f5698ffbd9}""/>
      <EventID>13</EventID>
      <Version>2</Version>
      <Level>4</Level>
      <Task>13</Task>
      <Opcode>0</Opcode>
      <Keywords>0x8000000000000000</Keywords>
      <TimeCreated SystemTime=""2023-12-28T12:20:54.0474017Z""/>
      <EventRecordID>9702</EventRecordID>
      <Correlation/>
      <Execution ProcessID=""7044"" ThreadID=""6672""/>
      <Channel>Microsoft-Windows-Sysmon/Operational</Channel>
      <Computer>WinDev2309Eval</Computer>
      <Security UserID=""S-1-5-18""/>
    </System>
    <EventData>
      <Data Name=""RuleName"">T1089,Tamper-Defender</Data>
      <Data Name=""EventType"">SetValue</Data>
      <Data Name=""UtcTime"">2023-12-28 12:20:54.046</Data>
      <Data Name=""ProcessGuid"">{fda94052-6824-658d-a002-000000000b00}</Data>
      <Data Name=""ProcessId"">1472</Data>
      <Data Name=""Image"">C:\ProgramData\Microsoft\Windows Defender\Platform\4.18.23110.3-0\MsMpEng.exe</Data>
      <Data Name=""TargetObject"">HKLM\SOFTWARE\Microsoft\Windows Defender\DisableAntiVirus</Data>
      <Data Name=""Details"">DWORD (0x00000000)</Data>
      <Data Name=""User"">NT AUTHORITY\SYSTEM</Data>
    </EventData>
    <RenderingInfo Culture=""en-US"">
      <Message>Registry value set:

RuleName: T1089,Tamper-Defender

EventType: SetValue

UtcTime: 2023-12-28 12:20:54.046

ProcessGuid: {fda94052-6824-658d-a002-000000000b00}

ProcessId: 1472

Image: C:\ProgramData\Microsoft\Windows Defender\Platform\4.18.23110.3-0\MsMpEng.exe

TargetObject: HKLM\SOFTWARE\Microsoft\Windows Defender\DisableAntiVirus

Details: DWORD (0x00000000)

User: NT AUTHORITY\SYSTEM</Message>
      <Level>Information</Level>
      <Task>Registry value set (rule: RegistryEvent)</Task>
      <Opcode>Info</Opcode>
    </RenderingInfo>
  </Event>
  
"
Microsoft-Windows-Sysmon/Operational,,,WinDev2309Eval,,,,,,,,,DWORD (0x00000000),13,9701,SetValue,,,C:\ProgramData\Microsoft\Windows Defender\Platform\4.18.23110.3-0\MsMpEng.exe,,,0x8000000000000000,Information,,,"Registry value set:

RuleName: T1089,Tamper-Defender

EventType: SetValue

UtcTime: 2023-12-28 12:20:54.046

ProcessGuid: {fda94052-6824-658d-a002-000000000b00}

ProcessId: 1472

Image: C:\ProgramData\Microsoft\Windows Defender\Platform\4.18.23110.3-0\MsMpEng.exe

TargetObject: HKLM\SOFTWARE\Microsoft\Windows Defender\DisableAntiSpyware

Details: DWORD (0x00000000)

User: NT AUTHORITY\SYSTEM",Info,,,,,,,{fda94052-6824-658d-a002-000000000b00},7044,1472,,,,,,"
      ","T1089,Tamper-Defender",,,,,,2023-12-28T12:20:54.0473514Z,,HKLM\SOFTWARE\Microsoft\Windows Defender\DisableAntiSpyware,Registry value set (rule: RegistryEvent),,6672,NT AUTHORITY\SYSTEM,S-1-5-18,2023-12-28 12:20:54.046,2,"<Event xmlns=""http://schemas.microsoft.com/win/2004/08/events/event"">
    <System>
      <Provider Name=""Microsoft-Windows-Sysmon"" Guid=""{5770385f-c22a-43e0-bf4c-06f5698ffbd9}""/>
      <EventID>13</EventID>
      <Version>2</Version>
      <Level>4</Level>
      <Task>13</Task>
      <Opcode>0</Opcode>
      <Keywords>0x8000000000000000</Keywords>
      <TimeCreated SystemTime=""2023-12-28T12:20:54.0473514Z""/>
      <EventRecordID>9701</EventRecordID>
      <Correlation/>
      <Execution ProcessID=""7044"" ThreadID=""6672""/>
      <Channel>Microsoft-Windows-Sysmon/Operational</Channel>
      <Computer>WinDev2309Eval</Computer>
      <Security UserID=""S-1-5-18""/>
    </System>
    <EventData>
      <Data Name=""RuleName"">T1089,Tamper-Defender</Data>
      <Data Name=""EventType"">SetValue</Data>
      <Data Name=""UtcTime"">2023-12-28 12:20:54.046</Data>
      <Data Name=""ProcessGuid"">{fda94052-6824-658d-a002-000000000b00}</Data>
      <Data Name=""ProcessId"">1472</Data>
      <Data Name=""Image"">C:\ProgramData\Microsoft\Windows Defender\Platform\4.18.23110.3-0\MsMpEng.exe</Data>
      <Data Name=""TargetObject"">HKLM\SOFTWARE\Microsoft\Windows Defender\DisableAntiSpyware</Data>
      <Data Name=""Details"">DWORD (0x00000000)</Data>
      <Data Name=""User"">NT AUTHORITY\SYSTEM</Data>
    </EventData>
    <RenderingInfo Culture=""en-US"">
      <Message>Registry value set:

RuleName: T1089,Tamper-Defender

EventType: SetValue

UtcTime: 2023-12-28 12:20:54.046

ProcessGuid: {fda94052-6824-658d-a002-000000000b00}

ProcessId: 1472

Image: C:\ProgramData\Microsoft\Windows Defender\Platform\4.18.23110.3-0\MsMpEng.exe

TargetObject: HKLM\SOFTWARE\Microsoft\Windows Defender\DisableAntiSpyware

Details: DWORD (0x00000000)

User: NT AUTHORITY\SYSTEM</Message>
      <Level>Information</Level>
      <Task>Registry value set (rule: RegistryEvent)</Task>
      <Opcode>Info</Opcode>
    </RenderingInfo>
  </Event>
  
"
Microsoft-Windows-Sysmon/Operational,,,WinDev2309Eval,,,,,,,,,C:\ProgramData\Microsoft\Windows Defender\Platform\4.18.23110.3-0\MPUXAGENT.DLL,13,9700,SetValue,,,C:\ProgramData\Microsoft\Windows Defender\Platform\4.18.23110.3-0\MsMpEng.exe,,,0x8000000000000000,Information,,,"Registry value set:

RuleName: T1122

EventType: SetValue

UtcTime: 2023-12-28 12:20:54.015

ProcessGuid: {fda94052-6824-658d-a002-000000000b00}

ProcessId: 1472

Image: C:\ProgramData\Microsoft\Windows Defender\Platform\4.18.23110.3-0\MsMpEng.exe

TargetObject: HKCR\CLSID\{4DB116D1-9B24-4DFC-946B-BFE03E852002}\InProcServer32\(Default)

Details: C:\ProgramData\Microsoft\Windows Defender\Platform\4.18.23110.3-0\MPUXAGENT.DLL

User: NT AUTHORITY\SYSTEM",Info,,,,,,,{fda94052-6824-658d-a002-000000000b00},7044,1472,,,,,,"
      ",T1122,,,,,,2023-12-28T12:20:54.0307612Z,,HKCR\CLSID\{4DB116D1-9B24-4DFC-946B-BFE03E852002}\InProcServer32\(Default),Registry value set (rule: RegistryEvent),,6672,NT AUTHORITY\SYSTEM,S-1-5-18,2023-12-28 12:20:54.015,2,"<Event xmlns=""http://schemas.microsoft.com/win/2004/08/events/event"">
    <System>
      <Provider Name=""Microsoft-Windows-Sysmon"" Guid=""{5770385f-c22a-43e0-bf4c-06f5698ffbd9}""/>
      <EventID>13</EventID>
      <Version>2</Version>
      <Level>4</Level>
      <Task>13</Task>
      <Opcode>0</Opcode>
      <Keywords>0x8000000000000000</Keywords>
      <TimeCreated SystemTime=""2023-12-28T12:20:54.0307612Z""/>
      <EventRecordID>9700</EventRecordID>
      <Correlation/>
      <Execution ProcessID=""7044"" ThreadID=""6672""/>
      <Channel>Microsoft-Windows-Sysmon/Operational</Channel>
      <Computer>WinDev2309Eval</Computer>
      <Security UserID=""S-1-5-18""/>
    </System>
    <EventData>
      <Data Name=""RuleName"">T1122</Data>
      <Data Name=""EventType"">SetValue</Data>
      <Data Name=""UtcTime"">2023-12-28 12:20:54.015</Data>
      <Data Name=""ProcessGuid"">{fda94052-6824-658d-a002-000000000b00}</Data>
      <Data Name=""ProcessId"">1472</Data>
      <Data Name=""Image"">C:\ProgramData\Microsoft\Windows Defender\Platform\4.18.23110.3-0\MsMpEng.exe</Data>
      <Data Name=""TargetObject"">HKCR\CLSID\{4DB116D1-9B24-4DFC-946B-BFE03E852002}\InProcServer32\(Default)</Data>
      <Data Name=""Details"">C:\ProgramData\Microsoft\Windows Defender\Platform\4.18.23110.3-0\MPUXAGENT.DLL</Data>
      <Data Name=""User"">NT AUTHORITY\SYSTEM</Data>
    </EventData>
    <RenderingInfo Culture=""en-US"">
      <Message>Registry value set:

RuleName: T1122

EventType: SetValue

UtcTime: 2023-12-28 12:20:54.015

ProcessGuid: {fda94052-6824-658d-a002-000000000b00}

ProcessId: 1472

Image: C:\ProgramData\Microsoft\Windows Defender\Platform\4.18.23110.3-0\MsMpEng.exe

TargetObject: HKCR\CLSID\{4DB116D1-9B24-4DFC-946B-BFE03E852002}\InProcServer32\(Default)

Details: C:\ProgramData\Microsoft\Windows Defender\Platform\4.18.23110.3-0\MPUXAGENT.DLL

User: NT AUTHORITY\SYSTEM</Message>
      <Level>Information</Level>
      <Task>Registry value set (rule: RegistryEvent)</Task>
      <Opcode>Info</Opcode>
    </RenderingInfo>
  </Event>
  
"
Microsoft-Windows-Sysmon/Operational,,,WinDev2309Eval,,,,,,,,,C:\ProgramData\Microsoft\Windows Defender\Platform\4.18.23110.3-0\MPUXAGENT.DLL,13,9699,SetValue,,,C:\ProgramData\Microsoft\Windows Defender\Platform\4.18.23110.3-0\MsMpEng.exe,,,0x8000000000000000,Information,,,"Registry value set:

RuleName: T1122

EventType: SetValue

UtcTime: 2023-12-28 12:20:54.015

ProcessGuid: {fda94052-6824-658d-a002-000000000b00}

ProcessId: 1472

Image: C:\ProgramData\Microsoft\Windows Defender\Platform\4.18.23110.3-0\MsMpEng.exe

TargetObject: HKCR\CLSID\{2DCD7FDB-8809-48E4-8E4F-3157C57CF987}\InprocServer32\(Default)

Details: C:\ProgramData\Microsoft\Windows Defender\Platform\4.18.23110.3-0\MPUXAGENT.DLL

User: NT AUTHORITY\SYSTEM",Info,,,,,,,{fda94052-6824-658d-a002-000000000b00},7044,1472,,,,,,"
      ",T1122,,,,,,2023-12-28T12:20:54.0293001Z,,HKCR\CLSID\{2DCD7FDB-8809-48E4-8E4F-3157C57CF987}\InprocServer32\(Default),Registry value set (rule: RegistryEvent),,6672,NT AUTHORITY\SYSTEM,S-1-5-18,2023-12-28 12:20:54.015,2,"<Event xmlns=""http://schemas.microsoft.com/win/2004/08/events/event"">
    <System>
      <Provider Name=""Microsoft-Windows-Sysmon"" Guid=""{5770385f-c22a-43e0-bf4c-06f5698ffbd9}""/>
      <EventID>13</EventID>
      <Version>2</Version>
      <Level>4</Level>
      <Task>13</Task>
      <Opcode>0</Opcode>
      <Keywords>0x8000000000000000</Keywords>
      <TimeCreated SystemTime=""2023-12-28T12:20:54.0293001Z""/>
      <EventRecordID>9699</EventRecordID>
      <Correlation/>
      <Execution ProcessID=""7044"" ThreadID=""6672""/>
      <Channel>Microsoft-Windows-Sysmon/Operational</Channel>
      <Computer>WinDev2309Eval</Computer>
      <Security UserID=""S-1-5-18""/>
    </System>
    <EventData>
      <Data Name=""RuleName"">T1122</Data>
      <Data Name=""EventType"">SetValue</Data>
      <Data Name=""UtcTime"">2023-12-28 12:20:54.015</Data>
      <Data Name=""ProcessGuid"">{fda94052-6824-658d-a002-000000000b00}</Data>
      <Data Name=""ProcessId"">1472</Data>
      <Data Name=""Image"">C:\ProgramData\Microsoft\Windows Defender\Platform\4.18.23110.3-0\MsMpEng.exe</Data>
      <Data Name=""TargetObject"">HKCR\CLSID\{2DCD7FDB-8809-48E4-8E4F-3157C57CF987}\InprocServer32\(Default)</Data>
      <Data Name=""Details"">C:\ProgramData\Microsoft\Windows Defender\Platform\4.18.23110.3-0\MPUXAGENT.DLL</Data>
      <Data Name=""User"">NT AUTHORITY\SYSTEM</Data>
    </EventData>
    <RenderingInfo Culture=""en-US"">
      <Message>Registry value set:

RuleName: T1122

EventType: SetValue

UtcTime: 2023-12-28 12:20:54.015

ProcessGuid: {fda94052-6824-658d-a002-000000000b00}

ProcessId: 1472

Image: C:\ProgramData\Microsoft\Windows Defender\Platform\4.18.23110.3-0\MsMpEng.exe

TargetObject: HKCR\CLSID\{2DCD7FDB-8809-48E4-8E4F-3157C57CF987}\InprocServer32\(Default)

Details: C:\ProgramData\Microsoft\Windows Defender\Platform\4.18.23110.3-0\MPUXAGENT.DLL

User: NT AUTHORITY\SYSTEM</Message>
      <Level>Information</Level>
      <Task>Registry value set (rule: RegistryEvent)</Task>
      <Opcode>Info</Opcode>
    </RenderingInfo>
  </Event>
  
"
