Microsoft-Windows-Sysmon/Operational,,,WinDev2309Eval,2023-12-28 12:20:43.798,,,,,,,,,11,9540,,,,C:\Windows\SoftwareDistribution\Download\Install\UpdatePlatform.amd64fre.exe,,,0x8000000000000000,Information,,,"File created:

RuleName: EXE

UtcTime: 2023-12-28 12:20:43.798

ProcessGuid: {fda94052-681a-658d-7a02-000000000b00}

ProcessId: 3520

Image: C:\Windows\SoftwareDistribution\Download\Install\UpdatePlatform.amd64fre.exe

TargetFilename: C:\Windows\SystemTemp\EB4BBE84-AFC4-40E1-B9FF-DD868CABC612\mpextms.exe

CreationUtcTime: 2023-12-28 12:20:43.798

User: NT AUTHORITY\SYSTEM",Info,,,,,,,{fda94052-681a-658d-7a02-000000000b00},7044,3520,,,,,,"
      ",EXE,,,,,,2023-12-28T12:20:43.8070423Z,C:\Windows\SystemTemp\EB4BBE84-AFC4-40E1-B9FF-DD868CABC612\mpextms.exe,,File created (rule: FileCreate),,6672,NT AUTHORITY\SYSTEM,S-1-5-18,2023-12-28 12:20:43.798,2,"<Event xmlns=""http://schemas.microsoft.com/win/2004/08/events/event"">
    <System>
      <Provider Name=""Microsoft-Windows-Sysmon"" Guid=""{5770385f-c22a-43e0-bf4c-06f5698ffbd9}""/>
      <EventID>11</EventID>
      <Version>2</Version>
      <Level>4</Level>
      <Task>11</Task>
      <Opcode>0</Opcode>
      <Keywords>0x8000000000000000</Keywords>
      <TimeCreated SystemTime=""2023-12-28T12:20:43.8070423Z""/>
      <EventRecordID>9540</EventRecordID>
      <Correlation/>
      <Execution ProcessID=""7044"" ThreadID=""6672""/>
      <Channel>Microsoft-Windows-Sysmon/Operational</Channel>
      <Computer>WinDev2309Eval</Computer>
      <Security UserID=""S-1-5-18""/>
    </System>
    <EventData>
      <Data Name=""RuleName"">EXE</Data>
      <Data Name=""UtcTime"">2023-12-28 12:20:43.798</Data>
      <Data Name=""ProcessGuid"">{fda94052-681a-658d-7a02-000000000b00}</Data>
      <Data Name=""ProcessId"">3520</Data>
      <Data Name=""Image"">C:\Windows\SoftwareDistribution\Download\Install\UpdatePlatform.amd64fre.exe</Data>
      <Data Name=""TargetFilename"">C:\Windows\SystemTemp\EB4BBE84-AFC4-40E1-B9FF-DD868CABC612\mpextms.exe</Data>
      <Data Name=""CreationUtcTime"">2023-12-28 12:20:43.798</Data>
      <Data Name=""User"">NT AUTHORITY\SYSTEM</Data>
    </EventData>
    <RenderingInfo Culture=""en-US"">
      <Message>File created:

RuleName: EXE

UtcTime: 2023-12-28 12:20:43.798

ProcessGuid: {fda94052-681a-658d-7a02-000000000b00}

ProcessId: 3520

Image: C:\Windows\SoftwareDistribution\Download\Install\UpdatePlatform.amd64fre.exe

TargetFilename: C:\Windows\SystemTemp\EB4BBE84-AFC4-40E1-B9FF-DD868CABC612\mpextms.exe

CreationUtcTime: 2023-12-28 12:20:43.798

User: NT AUTHORITY\SYSTEM</Message>
      <Level>Information</Level>
      <Task>File created (rule: FileCreate)</Task>
      <Opcode>Info</Opcode>
    </RenderingInfo>
  </Event>
  
"
Microsoft-Windows-Sysmon/Operational,,,WinDev2309Eval,2023-12-28 12:20:43.705,,,,,,,,,11,9539,,,,C:\Windows\SoftwareDistribution\Download\Install\UpdatePlatform.amd64fre.exe,,,0x8000000000000000,Information,,,"File created:

RuleName: EXE

UtcTime: 2023-12-28 12:20:43.705

ProcessGuid: {fda94052-681a-658d-7a02-000000000b00}

ProcessId: 3520

Image: C:\Windows\SoftwareDistribution\Download\Install\UpdatePlatform.amd64fre.exe

TargetFilename: C:\Windows\SystemTemp\EB4BBE84-AFC4-40E1-B9FF-DD868CABC612\NisSrv.exe

CreationUtcTime: 2023-12-28 12:20:43.705

User: NT AUTHORITY\SYSTEM",Info,,,,,,,{fda94052-681a-658d-7a02-000000000b00},7044,3520,,,,,,"
      ",EXE,,,,,,2023-12-28T12:20:43.7135482Z,C:\Windows\SystemTemp\EB4BBE84-AFC4-40E1-B9FF-DD868CABC612\NisSrv.exe,,File created (rule: FileCreate),,6672,NT AUTHORITY\SYSTEM,S-1-5-18,2023-12-28 12:20:43.705,2,"<Event xmlns=""http://schemas.microsoft.com/win/2004/08/events/event"">
    <System>
      <Provider Name=""Microsoft-Windows-Sysmon"" Guid=""{5770385f-c22a-43e0-bf4c-06f5698ffbd9}""/>
      <EventID>11</EventID>
      <Version>2</Version>
      <Level>4</Level>
      <Task>11</Task>
      <Opcode>0</Opcode>
      <Keywords>0x8000000000000000</Keywords>
      <TimeCreated SystemTime=""2023-12-28T12:20:43.7135482Z""/>
      <EventRecordID>9539</EventRecordID>
      <Correlation/>
      <Execution ProcessID=""7044"" ThreadID=""6672""/>
      <Channel>Microsoft-Windows-Sysmon/Operational</Channel>
      <Computer>WinDev2309Eval</Computer>
      <Security UserID=""S-1-5-18""/>
    </System>
    <EventData>
      <Data Name=""RuleName"">EXE</Data>
      <Data Name=""UtcTime"">2023-12-28 12:20:43.705</Data>
      <Data Name=""ProcessGuid"">{fda94052-681a-658d-7a02-000000000b00}</Data>
      <Data Name=""ProcessId"">3520</Data>
      <Data Name=""Image"">C:\Windows\SoftwareDistribution\Download\Install\UpdatePlatform.amd64fre.exe</Data>
      <Data Name=""TargetFilename"">C:\Windows\SystemTemp\EB4BBE84-AFC4-40E1-B9FF-DD868CABC612\NisSrv.exe</Data>
      <Data Name=""CreationUtcTime"">2023-12-28 12:20:43.705</Data>
      <Data Name=""User"">NT AUTHORITY\SYSTEM</Data>
    </EventData>
    <RenderingInfo Culture=""en-US"">
      <Message>File created:

RuleName: EXE

UtcTime: 2023-12-28 12:20:43.705

ProcessGuid: {fda94052-681a-658d-7a02-000000000b00}

ProcessId: 3520

Image: C:\Windows\SoftwareDistribution\Download\Install\UpdatePlatform.amd64fre.exe

TargetFilename: C:\Windows\SystemTemp\EB4BBE84-AFC4-40E1-B9FF-DD868CABC612\NisSrv.exe

CreationUtcTime: 2023-12-28 12:20:43.705

User: NT AUTHORITY\SYSTEM</Message>
      <Level>Information</Level>
      <Task>File created (rule: FileCreate)</Task>
      <Opcode>Info</Opcode>
    </RenderingInfo>
  </Event>
  
"
Microsoft-Windows-Sysmon/Operational,,,WinDev2309Eval,2023-12-28 12:20:43.705,,,,,,,,,11,9538,,,,C:\Windows\SoftwareDistribution\Download\Install\UpdatePlatform.amd64fre.exe,,,0x8000000000000000,Information,,,"File created:

RuleName: EXE

UtcTime: 2023-12-28 12:20:43.705

ProcessGuid: {fda94052-681a-658d-7a02-000000000b00}

ProcessId: 3520

Image: C:\Windows\SoftwareDistribution\Download\Install\UpdatePlatform.amd64fre.exe

TargetFilename: C:\Windows\SystemTemp\EB4BBE84-AFC4-40E1-B9FF-DD868CABC612\MsMpEng.exe

CreationUtcTime: 2023-12-28 12:20:43.705

User: NT AUTHORITY\SYSTEM",Info,,,,,,,{fda94052-681a-658d-7a02-000000000b00},7044,3520,,,,,,"
      ",EXE,,,,,,2023-12-28T12:20:43.7076122Z,C:\Windows\SystemTemp\EB4BBE84-AFC4-40E1-B9FF-DD868CABC612\MsMpEng.exe,,File created (rule: FileCreate),,6672,NT AUTHORITY\SYSTEM,S-1-5-18,2023-12-28 12:20:43.705,2,"<Event xmlns=""http://schemas.microsoft.com/win/2004/08/events/event"">
    <System>
      <Provider Name=""Microsoft-Windows-Sysmon"" Guid=""{5770385f-c22a-43e0-bf4c-06f5698ffbd9}""/>
      <EventID>11</EventID>
      <Version>2</Version>
      <Level>4</Level>
      <Task>11</Task>
      <Opcode>0</Opcode>
      <Keywords>0x8000000000000000</Keywords>
      <TimeCreated SystemTime=""2023-12-28T12:20:43.7076122Z""/>
      <EventRecordID>9538</EventRecordID>
      <Correlation/>
      <Execution ProcessID=""7044"" ThreadID=""6672""/>
      <Channel>Microsoft-Windows-Sysmon/Operational</Channel>
      <Computer>WinDev2309Eval</Computer>
      <Security UserID=""S-1-5-18""/>
    </System>
    <EventData>
      <Data Name=""RuleName"">EXE</Data>
      <Data Name=""UtcTime"">2023-12-28 12:20:43.705</Data>
      <Data Name=""ProcessGuid"">{fda94052-681a-658d-7a02-000000000b00}</Data>
      <Data Name=""ProcessId"">3520</Data>
      <Data Name=""Image"">C:\Windows\SoftwareDistribution\Download\Install\UpdatePlatform.amd64fre.exe</Data>
      <Data Name=""TargetFilename"">C:\Windows\SystemTemp\EB4BBE84-AFC4-40E1-B9FF-DD868CABC612\MsMpEng.exe</Data>
      <Data Name=""CreationUtcTime"">2023-12-28 12:20:43.705</Data>
      <Data Name=""User"">NT AUTHORITY\SYSTEM</Data>
    </EventData>
    <RenderingInfo Culture=""en-US"">
      <Message>File created:

RuleName: EXE

UtcTime: 2023-12-28 12:20:43.705

ProcessGuid: {fda94052-681a-658d-7a02-000000000b00}

ProcessId: 3520

Image: C:\Windows\SoftwareDistribution\Download\Install\UpdatePlatform.amd64fre.exe

TargetFilename: C:\Windows\SystemTemp\EB4BBE84-AFC4-40E1-B9FF-DD868CABC612\MsMpEng.exe

CreationUtcTime: 2023-12-28 12:20:43.705

User: NT AUTHORITY\SYSTEM</Message>
      <Level>Information</Level>
      <Task>File created (rule: FileCreate)</Task>
      <Opcode>Info</Opcode>
    </RenderingInfo>
  </Event>
  
"
Microsoft-Windows-Sysmon/Operational,,,WinDev2309Eval,2023-12-28 12:20:43.674,,,,,,,,,11,9537,,,,C:\Windows\SoftwareDistribution\Download\Install\UpdatePlatform.amd64fre.exe,,,0x8000000000000000,Information,,,"File created:

RuleName: EXE

UtcTime: 2023-12-28 12:20:43.674

ProcessGuid: {fda94052-681a-658d-7a02-000000000b00}

ProcessId: 3520

Image: C:\Windows\SoftwareDistribution\Download\Install\UpdatePlatform.amd64fre.exe

TargetFilename: C:\Windows\SystemTemp\EB4BBE84-AFC4-40E1-B9FF-DD868CABC612\MpSigStub.exe

CreationUtcTime: 2023-12-28 12:20:43.674

User: NT AUTHORITY\SYSTEM",Info,,,,,,,{fda94052-681a-658d-7a02-000000000b00},7044,3520,,,,,,"
      ",EXE,,,,,,2023-12-28T12:20:43.6821947Z,C:\Windows\SystemTemp\EB4BBE84-AFC4-40E1-B9FF-DD868CABC612\MpSigStub.exe,,File created (rule: FileCreate),,6672,NT AUTHORITY\SYSTEM,S-1-5-18,2023-12-28 12:20:43.674,2,"<Event xmlns=""http://schemas.microsoft.com/win/2004/08/events/event"">
    <System>
      <Provider Name=""Microsoft-Windows-Sysmon"" Guid=""{5770385f-c22a-43e0-bf4c-06f5698ffbd9}""/>
      <EventID>11</EventID>
      <Version>2</Version>
      <Level>4</Level>
      <Task>11</Task>
      <Opcode>0</Opcode>
      <Keywords>0x8000000000000000</Keywords>
      <TimeCreated SystemTime=""2023-12-28T12:20:43.6821947Z""/>
      <EventRecordID>9537</EventRecordID>
      <Correlation/>
      <Execution ProcessID=""7044"" ThreadID=""6672""/>
      <Channel>Microsoft-Windows-Sysmon/Operational</Channel>
      <Computer>WinDev2309Eval</Computer>
      <Security UserID=""S-1-5-18""/>
    </System>
    <EventData>
      <Data Name=""RuleName"">EXE</Data>
      <Data Name=""UtcTime"">2023-12-28 12:20:43.674</Data>
      <Data Name=""ProcessGuid"">{fda94052-681a-658d-7a02-000000000b00}</Data>
      <Data Name=""ProcessId"">3520</Data>
      <Data Name=""Image"">C:\Windows\SoftwareDistribution\Download\Install\UpdatePlatform.amd64fre.exe</Data>
      <Data Name=""TargetFilename"">C:\Windows\SystemTemp\EB4BBE84-AFC4-40E1-B9FF-DD868CABC612\MpSigStub.exe</Data>
      <Data Name=""CreationUtcTime"">2023-12-28 12:20:43.674</Data>
      <Data Name=""User"">NT AUTHORITY\SYSTEM</Data>
    </EventData>
    <RenderingInfo Culture=""en-US"">
      <Message>File created:

RuleName: EXE

UtcTime: 2023-12-28 12:20:43.674

ProcessGuid: {fda94052-681a-658d-7a02-000000000b00}

ProcessId: 3520

Image: C:\Windows\SoftwareDistribution\Download\Install\UpdatePlatform.amd64fre.exe

TargetFilename: C:\Windows\SystemTemp\EB4BBE84-AFC4-40E1-B9FF-DD868CABC612\MpSigStub.exe

CreationUtcTime: 2023-12-28 12:20:43.674

User: NT AUTHORITY\SYSTEM</Message>
      <Level>Information</Level>
      <Task>File created (rule: FileCreate)</Task>
      <Opcode>Info</Opcode>
    </RenderingInfo>
  </Event>
  
"
Microsoft-Windows-Sysmon/Operational,,,WinDev2309Eval,2023-12-28 12:20:43.658,,,,,,,,,11,9536,,,,C:\Windows\SoftwareDistribution\Download\Install\UpdatePlatform.amd64fre.exe,,,0x8000000000000000,Information,,,"File created:

RuleName: EXE

UtcTime: 2023-12-28 12:20:43.658

ProcessGuid: {fda94052-681a-658d-7a02-000000000b00}

ProcessId: 3520

Image: C:\Windows\SoftwareDistribution\Download\Install\UpdatePlatform.amd64fre.exe

TargetFilename: C:\Windows\SystemTemp\EB4BBE84-AFC4-40E1-B9FF-DD868CABC612\MpRecovery.exe

CreationUtcTime: 2023-12-28 12:20:43.658

User: NT AUTHORITY\SYSTEM",Info,,,,,,,{fda94052-681a-658d-7a02-000000000b00},7044,3520,,,,,,"
      ",EXE,,,,,,2023-12-28T12:20:43.6736439Z,C:\Windows\SystemTemp\EB4BBE84-AFC4-40E1-B9FF-DD868CABC612\MpRecovery.exe,,File created (rule: FileCreate),,6672,NT AUTHORITY\SYSTEM,S-1-5-18,2023-12-28 12:20:43.658,2,"<Event xmlns=""http://schemas.microsoft.com/win/2004/08/events/event"">
    <System>
      <Provider Name=""Microsoft-Windows-Sysmon"" Guid=""{5770385f-c22a-43e0-bf4c-06f5698ffbd9}""/>
      <EventID>11</EventID>
      <Version>2</Version>
      <Level>4</Level>
      <Task>11</Task>
      <Opcode>0</Opcode>
      <Keywords>0x8000000000000000</Keywords>
      <TimeCreated SystemTime=""2023-12-28T12:20:43.6736439Z""/>
      <EventRecordID>9536</EventRecordID>
      <Correlation/>
      <Execution ProcessID=""7044"" ThreadID=""6672""/>
      <Channel>Microsoft-Windows-Sysmon/Operational</Channel>
      <Computer>WinDev2309Eval</Computer>
      <Security UserID=""S-1-5-18""/>
    </System>
    <EventData>
      <Data Name=""RuleName"">EXE</Data>
      <Data Name=""UtcTime"">2023-12-28 12:20:43.658</Data>
      <Data Name=""ProcessGuid"">{fda94052-681a-658d-7a02-000000000b00}</Data>
      <Data Name=""ProcessId"">3520</Data>
      <Data Name=""Image"">C:\Windows\SoftwareDistribution\Download\Install\UpdatePlatform.amd64fre.exe</Data>
      <Data Name=""TargetFilename"">C:\Windows\SystemTemp\EB4BBE84-AFC4-40E1-B9FF-DD868CABC612\MpRecovery.exe</Data>
      <Data Name=""CreationUtcTime"">2023-12-28 12:20:43.658</Data>
      <Data Name=""User"">NT AUTHORITY\SYSTEM</Data>
    </EventData>
    <RenderingInfo Culture=""en-US"">
      <Message>File created:

RuleName: EXE

UtcTime: 2023-12-28 12:20:43.658

ProcessGuid: {fda94052-681a-658d-7a02-000000000b00}

ProcessId: 3520

Image: C:\Windows\SoftwareDistribution\Download\Install\UpdatePlatform.amd64fre.exe

TargetFilename: C:\Windows\SystemTemp\EB4BBE84-AFC4-40E1-B9FF-DD868CABC612\MpRecovery.exe

CreationUtcTime: 2023-12-28 12:20:43.658

User: NT AUTHORITY\SYSTEM</Message>
      <Level>Information</Level>
      <Task>File created (rule: FileCreate)</Task>
      <Opcode>Info</Opcode>
    </RenderingInfo>
  </Event>
  
"
Microsoft-Windows-Sysmon/Operational,,,WinDev2309Eval,2023-12-28 12:20:43.642,,,,,,,,,11,9535,,,,C:\Windows\SoftwareDistribution\Download\Install\UpdatePlatform.amd64fre.exe,,,0x8000000000000000,Information,,,"File created:

RuleName: EXE

UtcTime: 2023-12-28 12:20:43.642

ProcessGuid: {fda94052-681a-658d-7a02-000000000b00}

ProcessId: 3520

Image: C:\Windows\SoftwareDistribution\Download\Install\UpdatePlatform.amd64fre.exe

TargetFilename: C:\Windows\SystemTemp\EB4BBE84-AFC4-40E1-B9FF-DD868CABC612\MpDlpService.exe

CreationUtcTime: 2023-12-28 12:20:43.642

User: NT AUTHORITY\SYSTEM",Info,,,,,,,{fda94052-681a-658d-7a02-000000000b00},7044,3520,,,,,,"
      ",EXE,,,,,,2023-12-28T12:20:43.6525698Z,C:\Windows\SystemTemp\EB4BBE84-AFC4-40E1-B9FF-DD868CABC612\MpDlpService.exe,,File created (rule: FileCreate),,6672,NT AUTHORITY\SYSTEM,S-1-5-18,2023-12-28 12:20:43.642,2,"<Event xmlns=""http://schemas.microsoft.com/win/2004/08/events/event"">
    <System>
      <Provider Name=""Microsoft-Windows-Sysmon"" Guid=""{5770385f-c22a-43e0-bf4c-06f5698ffbd9}""/>
      <EventID>11</EventID>
      <Version>2</Version>
      <Level>4</Level>
      <Task>11</Task>
      <Opcode>0</Opcode>
      <Keywords>0x8000000000000000</Keywords>
      <TimeCreated SystemTime=""2023-12-28T12:20:43.6525698Z""/>
      <EventRecordID>9535</EventRecordID>
      <Correlation/>
      <Execution ProcessID=""7044"" ThreadID=""6672""/>
      <Channel>Microsoft-Windows-Sysmon/Operational</Channel>
      <Computer>WinDev2309Eval</Computer>
      <Security UserID=""S-1-5-18""/>
    </System>
    <EventData>
      <Data Name=""RuleName"">EXE</Data>
      <Data Name=""UtcTime"">2023-12-28 12:20:43.642</Data>
      <Data Name=""ProcessGuid"">{fda94052-681a-658d-7a02-000000000b00}</Data>
      <Data Name=""ProcessId"">3520</Data>
      <Data Name=""Image"">C:\Windows\SoftwareDistribution\Download\Install\UpdatePlatform.amd64fre.exe</Data>
      <Data Name=""TargetFilename"">C:\Windows\SystemTemp\EB4BBE84-AFC4-40E1-B9FF-DD868CABC612\MpDlpService.exe</Data>
      <Data Name=""CreationUtcTime"">2023-12-28 12:20:43.642</Data>
      <Data Name=""User"">NT AUTHORITY\SYSTEM</Data>
    </EventData>
    <RenderingInfo Culture=""en-US"">
      <Message>File created:

RuleName: EXE

UtcTime: 2023-12-28 12:20:43.642

ProcessGuid: {fda94052-681a-658d-7a02-000000000b00}

ProcessId: 3520

Image: C:\Windows\SoftwareDistribution\Download\Install\UpdatePlatform.amd64fre.exe

TargetFilename: C:\Windows\SystemTemp\EB4BBE84-AFC4-40E1-B9FF-DD868CABC612\MpDlpService.exe

CreationUtcTime: 2023-12-28 12:20:43.642

User: NT AUTHORITY\SYSTEM</Message>
      <Level>Information</Level>
      <Task>File created (rule: FileCreate)</Task>
      <Opcode>Info</Opcode>
    </RenderingInfo>
  </Event>
  
"
Microsoft-Windows-Sysmon/Operational,,,WinDev2309Eval,2023-12-28 12:20:43.626,,,,,,,,,11,9534,,,,C:\Windows\SoftwareDistribution\Download\Install\UpdatePlatform.amd64fre.exe,,,0x8000000000000000,Information,,,"File created:

RuleName: EXE

UtcTime: 2023-12-28 12:20:43.626

ProcessGuid: {fda94052-681a-658d-7a02-000000000b00}

ProcessId: 3520

Image: C:\Windows\SoftwareDistribution\Download\Install\UpdatePlatform.amd64fre.exe

TargetFilename: C:\Windows\SystemTemp\EB4BBE84-AFC4-40E1-B9FF-DD868CABC612\MpDlpCmd.exe

CreationUtcTime: 2023-12-28 12:20:43.626

User: NT AUTHORITY\SYSTEM",Info,,,,,,,{fda94052-681a-658d-7a02-000000000b00},7044,3520,,,,,,"
      ",EXE,,,,,,2023-12-28T12:20:43.6395422Z,C:\Windows\SystemTemp\EB4BBE84-AFC4-40E1-B9FF-DD868CABC612\MpDlpCmd.exe,,File created (rule: FileCreate),,6672,NT AUTHORITY\SYSTEM,S-1-5-18,2023-12-28 12:20:43.626,2,"<Event xmlns=""http://schemas.microsoft.com/win/2004/08/events/event"">
    <System>
      <Provider Name=""Microsoft-Windows-Sysmon"" Guid=""{5770385f-c22a-43e0-bf4c-06f5698ffbd9}""/>
      <EventID>11</EventID>
      <Version>2</Version>
      <Level>4</Level>
      <Task>11</Task>
      <Opcode>0</Opcode>
      <Keywords>0x8000000000000000</Keywords>
      <TimeCreated SystemTime=""2023-12-28T12:20:43.6395422Z""/>
      <EventRecordID>9534</EventRecordID>
      <Correlation/>
      <Execution ProcessID=""7044"" ThreadID=""6672""/>
      <Channel>Microsoft-Windows-Sysmon/Operational</Channel>
      <Computer>WinDev2309Eval</Computer>
      <Security UserID=""S-1-5-18""/>
    </System>
    <EventData>
      <Data Name=""RuleName"">EXE</Data>
      <Data Name=""UtcTime"">2023-12-28 12:20:43.626</Data>
      <Data Name=""ProcessGuid"">{fda94052-681a-658d-7a02-000000000b00}</Data>
      <Data Name=""ProcessId"">3520</Data>
      <Data Name=""Image"">C:\Windows\SoftwareDistribution\Download\Install\UpdatePlatform.amd64fre.exe</Data>
      <Data Name=""TargetFilename"">C:\Windows\SystemTemp\EB4BBE84-AFC4-40E1-B9FF-DD868CABC612\MpDlpCmd.exe</Data>
      <Data Name=""CreationUtcTime"">2023-12-28 12:20:43.626</Data>
      <Data Name=""User"">NT AUTHORITY\SYSTEM</Data>
    </EventData>
    <RenderingInfo Culture=""en-US"">
      <Message>File created:

RuleName: EXE

UtcTime: 2023-12-28 12:20:43.626

ProcessGuid: {fda94052-681a-658d-7a02-000000000b00}

ProcessId: 3520

Image: C:\Windows\SoftwareDistribution\Download\Install\UpdatePlatform.amd64fre.exe

TargetFilename: C:\Windows\SystemTemp\EB4BBE84-AFC4-40E1-B9FF-DD868CABC612\MpDlpCmd.exe

CreationUtcTime: 2023-12-28 12:20:43.626

User: NT AUTHORITY\SYSTEM</Message>
      <Level>Information</Level>
      <Task>File created (rule: FileCreate)</Task>
      <Opcode>Info</Opcode>
    </RenderingInfo>
  </Event>
  
"
Microsoft-Windows-Sysmon/Operational,,,WinDev2309Eval,2023-12-28 12:20:43.595,,,,,,,,,11,9533,,,,C:\Windows\SoftwareDistribution\Download\Install\UpdatePlatform.amd64fre.exe,,,0x8000000000000000,Information,,,"File created:

RuleName: EXE

UtcTime: 2023-12-28 12:20:43.595

ProcessGuid: {fda94052-681a-658d-7a02-000000000b00}

ProcessId: 3520

Image: C:\Windows\SoftwareDistribution\Download\Install\UpdatePlatform.amd64fre.exe

TargetFilename: C:\Windows\SystemTemp\EB4BBE84-AFC4-40E1-B9FF-DD868CABC612\MpDefenderCoreService.exe

CreationUtcTime: 2023-12-28 12:20:43.595

User: NT AUTHORITY\SYSTEM",Info,,,,,,,{fda94052-681a-658d-7a02-000000000b00},7044,3520,,,,,,"
      ",EXE,,,,,,2023-12-28T12:20:43.6034419Z,C:\Windows\SystemTemp\EB4BBE84-AFC4-40E1-B9FF-DD868CABC612\MpDefenderCoreService.exe,,File created (rule: FileCreate),,6672,NT AUTHORITY\SYSTEM,S-1-5-18,2023-12-28 12:20:43.595,2,"<Event xmlns=""http://schemas.microsoft.com/win/2004/08/events/event"">
    <System>
      <Provider Name=""Microsoft-Windows-Sysmon"" Guid=""{5770385f-c22a-43e0-bf4c-06f5698ffbd9}""/>
      <EventID>11</EventID>
      <Version>2</Version>
      <Level>4</Level>
      <Task>11</Task>
      <Opcode>0</Opcode>
      <Keywords>0x8000000000000000</Keywords>
      <TimeCreated SystemTime=""2023-12-28T12:20:43.6034419Z""/>
      <EventRecordID>9533</EventRecordID>
      <Correlation/>
      <Execution ProcessID=""7044"" ThreadID=""6672""/>
      <Channel>Microsoft-Windows-Sysmon/Operational</Channel>
      <Computer>WinDev2309Eval</Computer>
      <Security UserID=""S-1-5-18""/>
    </System>
    <EventData>
      <Data Name=""RuleName"">EXE</Data>
      <Data Name=""UtcTime"">2023-12-28 12:20:43.595</Data>
      <Data Name=""ProcessGuid"">{fda94052-681a-658d-7a02-000000000b00}</Data>
      <Data Name=""ProcessId"">3520</Data>
      <Data Name=""Image"">C:\Windows\SoftwareDistribution\Download\Install\UpdatePlatform.amd64fre.exe</Data>
      <Data Name=""TargetFilename"">C:\Windows\SystemTemp\EB4BBE84-AFC4-40E1-B9FF-DD868CABC612\MpDefenderCoreService.exe</Data>
      <Data Name=""CreationUtcTime"">2023-12-28 12:20:43.595</Data>
      <Data Name=""User"">NT AUTHORITY\SYSTEM</Data>
    </EventData>
    <RenderingInfo Culture=""en-US"">
      <Message>File created:

RuleName: EXE

UtcTime: 2023-12-28 12:20:43.595

ProcessGuid: {fda94052-681a-658d-7a02-000000000b00}

ProcessId: 3520

Image: C:\Windows\SoftwareDistribution\Download\Install\UpdatePlatform.amd64fre.exe

TargetFilename: C:\Windows\SystemTemp\EB4BBE84-AFC4-40E1-B9FF-DD868CABC612\MpDefenderCoreService.exe

CreationUtcTime: 2023-12-28 12:20:43.595

User: NT AUTHORITY\SYSTEM</Message>
      <Level>Information</Level>
      <Task>File created (rule: FileCreate)</Task>
      <Opcode>Info</Opcode>
    </RenderingInfo>
  </Event>
  
"
Microsoft-Windows-Sysmon/Operational,,,WinDev2309Eval,2023-12-28 12:20:43.595,,,,,,,,,11,9532,,,,C:\Windows\SoftwareDistribution\Download\Install\UpdatePlatform.amd64fre.exe,,,0x8000000000000000,Information,,,"File created:

RuleName: EXE

UtcTime: 2023-12-28 12:20:43.595

ProcessGuid: {fda94052-681a-658d-7a02-000000000b00}

ProcessId: 3520

Image: C:\Windows\SoftwareDistribution\Download\Install\UpdatePlatform.amd64fre.exe

TargetFilename: C:\Windows\SystemTemp\EB4BBE84-AFC4-40E1-B9FF-DD868CABC612\MpCopyAccelerator.exe

CreationUtcTime: 2023-12-28 12:20:43.595

User: NT AUTHORITY\SYSTEM",Info,,,,,,,{fda94052-681a-658d-7a02-000000000b00},7044,3520,,,,,,"
      ",EXE,,,,,,2023-12-28T12:20:43.5969950Z,C:\Windows\SystemTemp\EB4BBE84-AFC4-40E1-B9FF-DD868CABC612\MpCopyAccelerator.exe,,File created (rule: FileCreate),,6672,NT AUTHORITY\SYSTEM,S-1-5-18,2023-12-28 12:20:43.595,2,"<Event xmlns=""http://schemas.microsoft.com/win/2004/08/events/event"">
    <System>
      <Provider Name=""Microsoft-Windows-Sysmon"" Guid=""{5770385f-c22a-43e0-bf4c-06f5698ffbd9}""/>
      <EventID>11</EventID>
      <Version>2</Version>
      <Level>4</Level>
      <Task>11</Task>
      <Opcode>0</Opcode>
      <Keywords>0x8000000000000000</Keywords>
      <TimeCreated SystemTime=""2023-12-28T12:20:43.5969950Z""/>
      <EventRecordID>9532</EventRecordID>
      <Correlation/>
      <Execution ProcessID=""7044"" ThreadID=""6672""/>
      <Channel>Microsoft-Windows-Sysmon/Operational</Channel>
      <Computer>WinDev2309Eval</Computer>
      <Security UserID=""S-1-5-18""/>
    </System>
    <EventData>
      <Data Name=""RuleName"">EXE</Data>
      <Data Name=""UtcTime"">2023-12-28 12:20:43.595</Data>
      <Data Name=""ProcessGuid"">{fda94052-681a-658d-7a02-000000000b00}</Data>
      <Data Name=""ProcessId"">3520</Data>
      <Data Name=""Image"">C:\Windows\SoftwareDistribution\Download\Install\UpdatePlatform.amd64fre.exe</Data>
      <Data Name=""TargetFilename"">C:\Windows\SystemTemp\EB4BBE84-AFC4-40E1-B9FF-DD868CABC612\MpCopyAccelerator.exe</Data>
      <Data Name=""CreationUtcTime"">2023-12-28 12:20:43.595</Data>
      <Data Name=""User"">NT AUTHORITY\SYSTEM</Data>
    </EventData>
    <RenderingInfo Culture=""en-US"">
      <Message>File created:

RuleName: EXE

UtcTime: 2023-12-28 12:20:43.595

ProcessGuid: {fda94052-681a-658d-7a02-000000000b00}

ProcessId: 3520

Image: C:\Windows\SoftwareDistribution\Download\Install\UpdatePlatform.amd64fre.exe

TargetFilename: C:\Windows\SystemTemp\EB4BBE84-AFC4-40E1-B9FF-DD868CABC612\MpCopyAccelerator.exe

CreationUtcTime: 2023-12-28 12:20:43.595

User: NT AUTHORITY\SYSTEM</Message>
      <Level>Information</Level>
      <Task>File created (rule: FileCreate)</Task>
      <Opcode>Info</Opcode>
    </RenderingInfo>
  </Event>
  
"
Microsoft-Windows-Sysmon/Operational,,,WinDev2309Eval,2023-12-28 12:20:43.533,,,,,,,,,11,9531,,,,C:\Windows\SoftwareDistribution\Download\Install\UpdatePlatform.amd64fre.exe,,,0x8000000000000000,Information,,,"File created:

RuleName: EXE

UtcTime: 2023-12-28 12:20:43.533

ProcessGuid: {fda94052-681a-658d-7a02-000000000b00}

ProcessId: 3520

Image: C:\Windows\SoftwareDistribution\Download\Install\UpdatePlatform.amd64fre.exe

TargetFilename: C:\Windows\SystemTemp\EB4BBE84-AFC4-40E1-B9FF-DD868CABC612\MpCmdRun.exe

CreationUtcTime: 2023-12-28 12:20:43.533

User: NT AUTHORITY\SYSTEM",Info,,,,,,,{fda94052-681a-658d-7a02-000000000b00},7044,3520,,,,,,"
      ",EXE,,,,,,2023-12-28T12:20:43.5488781Z,C:\Windows\SystemTemp\EB4BBE84-AFC4-40E1-B9FF-DD868CABC612\MpCmdRun.exe,,File created (rule: FileCreate),,6672,NT AUTHORITY\SYSTEM,S-1-5-18,2023-12-28 12:20:43.533,2,"<Event xmlns=""http://schemas.microsoft.com/win/2004/08/events/event"">
    <System>
      <Provider Name=""Microsoft-Windows-Sysmon"" Guid=""{5770385f-c22a-43e0-bf4c-06f5698ffbd9}""/>
      <EventID>11</EventID>
      <Version>2</Version>
      <Level>4</Level>
      <Task>11</Task>
      <Opcode>0</Opcode>
      <Keywords>0x8000000000000000</Keywords>
      <TimeCreated SystemTime=""2023-12-28T12:20:43.5488781Z""/>
      <EventRecordID>9531</EventRecordID>
      <Correlation/>
      <Execution ProcessID=""7044"" ThreadID=""6672""/>
      <Channel>Microsoft-Windows-Sysmon/Operational</Channel>
      <Computer>WinDev2309Eval</Computer>
      <Security UserID=""S-1-5-18""/>
    </System>
    <EventData>
      <Data Name=""RuleName"">EXE</Data>
      <Data Name=""UtcTime"">2023-12-28 12:20:43.533</Data>
      <Data Name=""ProcessGuid"">{fda94052-681a-658d-7a02-000000000b00}</Data>
      <Data Name=""ProcessId"">3520</Data>
      <Data Name=""Image"">C:\Windows\SoftwareDistribution\Download\Install\UpdatePlatform.amd64fre.exe</Data>
      <Data Name=""TargetFilename"">C:\Windows\SystemTemp\EB4BBE84-AFC4-40E1-B9FF-DD868CABC612\MpCmdRun.exe</Data>
      <Data Name=""CreationUtcTime"">2023-12-28 12:20:43.533</Data>
      <Data Name=""User"">NT AUTHORITY\SYSTEM</Data>
    </EventData>
    <RenderingInfo Culture=""en-US"">
      <Message>File created:

RuleName: EXE

UtcTime: 2023-12-28 12:20:43.533

ProcessGuid: {fda94052-681a-658d-7a02-000000000b00}

ProcessId: 3520

Image: C:\Windows\SoftwareDistribution\Download\Install\UpdatePlatform.amd64fre.exe

TargetFilename: C:\Windows\SystemTemp\EB4BBE84-AFC4-40E1-B9FF-DD868CABC612\MpCmdRun.exe

CreationUtcTime: 2023-12-28 12:20:43.533

User: NT AUTHORITY\SYSTEM</Message>
      <Level>Information</Level>
      <Task>File created (rule: FileCreate)</Task>
      <Opcode>Info</Opcode>
    </RenderingInfo>
  </Event>
  
"
Microsoft-Windows-Sysmon/Operational,,,WinDev2309Eval,2023-12-28 12:20:43.533,,,,,,,,,11,9530,,,,C:\Windows\SoftwareDistribution\Download\Install\UpdatePlatform.amd64fre.exe,,,0x8000000000000000,Information,,,"File created:

RuleName: EXE

UtcTime: 2023-12-28 12:20:43.533

ProcessGuid: {fda94052-681a-658d-7a02-000000000b00}

ProcessId: 3520

Image: C:\Windows\SoftwareDistribution\Download\Install\UpdatePlatform.amd64fre.exe

TargetFilename: C:\Windows\SystemTemp\EB4BBE84-AFC4-40E1-B9FF-DD868CABC612\DlpUserAgent.exe

CreationUtcTime: 2023-12-28 12:20:43.533

User: NT AUTHORITY\SYSTEM",Info,,,,,,,{fda94052-681a-658d-7a02-000000000b00},7044,3520,,,,,,"
      ",EXE,,,,,,2023-12-28T12:20:43.5404829Z,C:\Windows\SystemTemp\EB4BBE84-AFC4-40E1-B9FF-DD868CABC612\DlpUserAgent.exe,,File created (rule: FileCreate),,6672,NT AUTHORITY\SYSTEM,S-1-5-18,2023-12-28 12:20:43.533,2,"<Event xmlns=""http://schemas.microsoft.com/win/2004/08/events/event"">
    <System>
      <Provider Name=""Microsoft-Windows-Sysmon"" Guid=""{5770385f-c22a-43e0-bf4c-06f5698ffbd9}""/>
      <EventID>11</EventID>
      <Version>2</Version>
      <Level>4</Level>
      <Task>11</Task>
      <Opcode>0</Opcode>
      <Keywords>0x8000000000000000</Keywords>
      <TimeCreated SystemTime=""2023-12-28T12:20:43.5404829Z""/>
      <EventRecordID>9530</EventRecordID>
      <Correlation/>
      <Execution ProcessID=""7044"" ThreadID=""6672""/>
      <Channel>Microsoft-Windows-Sysmon/Operational</Channel>
      <Computer>WinDev2309Eval</Computer>
      <Security UserID=""S-1-5-18""/>
    </System>
    <EventData>
      <Data Name=""RuleName"">EXE</Data>
      <Data Name=""UtcTime"">2023-12-28 12:20:43.533</Data>
      <Data Name=""ProcessGuid"">{fda94052-681a-658d-7a02-000000000b00}</Data>
      <Data Name=""ProcessId"">3520</Data>
      <Data Name=""Image"">C:\Windows\SoftwareDistribution\Download\Install\UpdatePlatform.amd64fre.exe</Data>
      <Data Name=""TargetFilename"">C:\Windows\SystemTemp\EB4BBE84-AFC4-40E1-B9FF-DD868CABC612\DlpUserAgent.exe</Data>
      <Data Name=""CreationUtcTime"">2023-12-28 12:20:43.533</Data>
      <Data Name=""User"">NT AUTHORITY\SYSTEM</Data>
    </EventData>
    <RenderingInfo Culture=""en-US"">
      <Message>File created:

RuleName: EXE

UtcTime: 2023-12-28 12:20:43.533

ProcessGuid: {fda94052-681a-658d-7a02-000000000b00}

ProcessId: 3520

Image: C:\Windows\SoftwareDistribution\Download\Install\UpdatePlatform.amd64fre.exe

TargetFilename: C:\Windows\SystemTemp\EB4BBE84-AFC4-40E1-B9FF-DD868CABC612\DlpUserAgent.exe

CreationUtcTime: 2023-12-28 12:20:43.533

User: NT AUTHORITY\SYSTEM</Message>
      <Level>Information</Level>
      <Task>File created (rule: FileCreate)</Task>
      <Opcode>Info</Opcode>
    </RenderingInfo>
  </Event>
  
"
Microsoft-Windows-Sysmon/Operational,,,WinDev2309Eval,2023-12-28 12:20:43.517,,,,,,,,,11,9529,,,,C:\Windows\SoftwareDistribution\Download\Install\UpdatePlatform.amd64fre.exe,,,0x8000000000000000,Information,,,"File created:

RuleName: EXE

UtcTime: 2023-12-28 12:20:43.517

ProcessGuid: {fda94052-681a-658d-7a02-000000000b00}

ProcessId: 3520

Image: C:\Windows\SoftwareDistribution\Download\Install\UpdatePlatform.amd64fre.exe

TargetFilename: C:\Windows\SystemTemp\EB4BBE84-AFC4-40E1-B9FF-DD868CABC612\ConfigSecurityPolicy.exe

CreationUtcTime: 2023-12-28 12:20:43.517

User: NT AUTHORITY\SYSTEM",Info,,,,,,,{fda94052-681a-658d-7a02-000000000b00},7044,3520,,,,,,"
      ",EXE,,,,,,2023-12-28T12:20:43.5248465Z,C:\Windows\SystemTemp\EB4BBE84-AFC4-40E1-B9FF-DD868CABC612\ConfigSecurityPolicy.exe,,File created (rule: FileCreate),,6672,NT AUTHORITY\SYSTEM,S-1-5-18,2023-12-28 12:20:43.517,2,"<Event xmlns=""http://schemas.microsoft.com/win/2004/08/events/event"">
    <System>
      <Provider Name=""Microsoft-Windows-Sysmon"" Guid=""{5770385f-c22a-43e0-bf4c-06f5698ffbd9}""/>
      <EventID>11</EventID>
      <Version>2</Version>
      <Level>4</Level>
      <Task>11</Task>
      <Opcode>0</Opcode>
      <Keywords>0x8000000000000000</Keywords>
      <TimeCreated SystemTime=""2023-12-28T12:20:43.5248465Z""/>
      <EventRecordID>9529</EventRecordID>
      <Correlation/>
      <Execution ProcessID=""7044"" ThreadID=""6672""/>
      <Channel>Microsoft-Windows-Sysmon/Operational</Channel>
      <Computer>WinDev2309Eval</Computer>
      <Security UserID=""S-1-5-18""/>
    </System>
    <EventData>
      <Data Name=""RuleName"">EXE</Data>
      <Data Name=""UtcTime"">2023-12-28 12:20:43.517</Data>
      <Data Name=""ProcessGuid"">{fda94052-681a-658d-7a02-000000000b00}</Data>
      <Data Name=""ProcessId"">3520</Data>
      <Data Name=""Image"">C:\Windows\SoftwareDistribution\Download\Install\UpdatePlatform.amd64fre.exe</Data>
      <Data Name=""TargetFilename"">C:\Windows\SystemTemp\EB4BBE84-AFC4-40E1-B9FF-DD868CABC612\ConfigSecurityPolicy.exe</Data>
      <Data Name=""CreationUtcTime"">2023-12-28 12:20:43.517</Data>
      <Data Name=""User"">NT AUTHORITY\SYSTEM</Data>
    </EventData>
    <RenderingInfo Culture=""en-US"">
      <Message>File created:

RuleName: EXE

UtcTime: 2023-12-28 12:20:43.517

ProcessGuid: {fda94052-681a-658d-7a02-000000000b00}

ProcessId: 3520

Image: C:\Windows\SoftwareDistribution\Download\Install\UpdatePlatform.amd64fre.exe

TargetFilename: C:\Windows\SystemTemp\EB4BBE84-AFC4-40E1-B9FF-DD868CABC612\ConfigSecurityPolicy.exe

CreationUtcTime: 2023-12-28 12:20:43.517

User: NT AUTHORITY\SYSTEM</Message>
      <Level>Information</Level>
      <Task>File created (rule: FileCreate)</Task>
      <Opcode>Info</Opcode>
    </RenderingInfo>
  </Event>
  
"
Microsoft-Windows-Sysmon/Operational,,,WinDev2309Eval,2023-12-28 12:20:43.470,,,,,,,,,11,9528,,,,C:\Windows\SoftwareDistribution\Download\Install\UpdatePlatform.amd64fre.exe,,,0x8000000000000000,Information,,,"File created:

RuleName: DLL

UtcTime: 2023-12-28 12:20:43.470

ProcessGuid: {fda94052-681a-658d-7a02-000000000b00}

ProcessId: 3520

Image: C:\Windows\SoftwareDistribution\Download\Install\UpdatePlatform.amd64fre.exe

TargetFilename: C:\Windows\SystemTemp\EB4BBE84-AFC4-40E1-B9FF-DD868CABC612\x86\endpointdlp.dll

CreationUtcTime: 2023-12-28 12:20:43.470

User: NT AUTHORITY\SYSTEM",Info,,,,,,,{fda94052-681a-658d-7a02-000000000b00},7044,3520,,,,,,"
      ",DLL,,,,,,2023-12-28T12:20:43.4847310Z,C:\Windows\SystemTemp\EB4BBE84-AFC4-40E1-B9FF-DD868CABC612\x86\endpointdlp.dll,,File created (rule: FileCreate),,6672,NT AUTHORITY\SYSTEM,S-1-5-18,2023-12-28 12:20:43.470,2,"<Event xmlns=""http://schemas.microsoft.com/win/2004/08/events/event"">
    <System>
      <Provider Name=""Microsoft-Windows-Sysmon"" Guid=""{5770385f-c22a-43e0-bf4c-06f5698ffbd9}""/>
      <EventID>11</EventID>
      <Version>2</Version>
      <Level>4</Level>
      <Task>11</Task>
      <Opcode>0</Opcode>
      <Keywords>0x8000000000000000</Keywords>
      <TimeCreated SystemTime=""2023-12-28T12:20:43.4847310Z""/>
      <EventRecordID>9528</EventRecordID>
      <Correlation/>
      <Execution ProcessID=""7044"" ThreadID=""6672""/>
      <Channel>Microsoft-Windows-Sysmon/Operational</Channel>
      <Computer>WinDev2309Eval</Computer>
      <Security UserID=""S-1-5-18""/>
    </System>
    <EventData>
      <Data Name=""RuleName"">DLL</Data>
      <Data Name=""UtcTime"">2023-12-28 12:20:43.470</Data>
      <Data Name=""ProcessGuid"">{fda94052-681a-658d-7a02-000000000b00}</Data>
      <Data Name=""ProcessId"">3520</Data>
      <Data Name=""Image"">C:\Windows\SoftwareDistribution\Download\Install\UpdatePlatform.amd64fre.exe</Data>
      <Data Name=""TargetFilename"">C:\Windows\SystemTemp\EB4BBE84-AFC4-40E1-B9FF-DD868CABC612\x86\endpointdlp.dll</Data>
      <Data Name=""CreationUtcTime"">2023-12-28 12:20:43.470</Data>
      <Data Name=""User"">NT AUTHORITY\SYSTEM</Data>
    </EventData>
    <RenderingInfo Culture=""en-US"">
      <Message>File created:

RuleName: DLL

UtcTime: 2023-12-28 12:20:43.470

ProcessGuid: {fda94052-681a-658d-7a02-000000000b00}

ProcessId: 3520

Image: C:\Windows\SoftwareDistribution\Download\Install\UpdatePlatform.amd64fre.exe

TargetFilename: C:\Windows\SystemTemp\EB4BBE84-AFC4-40E1-B9FF-DD868CABC612\x86\endpointdlp.dll

CreationUtcTime: 2023-12-28 12:20:43.470

User: NT AUTHORITY\SYSTEM</Message>
      <Level>Information</Level>
      <Task>File created (rule: FileCreate)</Task>
      <Opcode>Info</Opcode>
    </RenderingInfo>
  </Event>
  
"
Microsoft-Windows-Sysmon/Operational,,,WinDev2309Eval,2023-12-28 12:20:43.470,,,,,,,,,11,9527,,,,C:\Windows\SoftwareDistribution\Download\Install\UpdatePlatform.amd64fre.exe,,,0x8000000000000000,Information,,,"File created:

RuleName: DLL

UtcTime: 2023-12-28 12:20:43.470

ProcessGuid: {fda94052-681a-658d-7a02-000000000b00}

ProcessId: 3520

Image: C:\Windows\SoftwareDistribution\Download\Install\UpdatePlatform.amd64fre.exe

TargetFilename: C:\Windows\SystemTemp\EB4BBE84-AFC4-40E1-B9FF-DD868CABC612\x86\MsMpLics.dll

CreationUtcTime: 2023-12-28 12:20:43.470

User: NT AUTHORITY\SYSTEM",Info,,,,,,,{fda94052-681a-658d-7a02-000000000b00},7044,3520,,,,,,"
      ",DLL,,,,,,2023-12-28T12:20:43.4834661Z,C:\Windows\SystemTemp\EB4BBE84-AFC4-40E1-B9FF-DD868CABC612\x86\MsMpLics.dll,,File created (rule: FileCreate),,6672,NT AUTHORITY\SYSTEM,S-1-5-18,2023-12-28 12:20:43.470,2,"<Event xmlns=""http://schemas.microsoft.com/win/2004/08/events/event"">
    <System>
      <Provider Name=""Microsoft-Windows-Sysmon"" Guid=""{5770385f-c22a-43e0-bf4c-06f5698ffbd9}""/>
      <EventID>11</EventID>
      <Version>2</Version>
      <Level>4</Level>
      <Task>11</Task>
      <Opcode>0</Opcode>
      <Keywords>0x8000000000000000</Keywords>
      <TimeCreated SystemTime=""2023-12-28T12:20:43.4834661Z""/>
      <EventRecordID>9527</EventRecordID>
      <Correlation/>
      <Execution ProcessID=""7044"" ThreadID=""6672""/>
      <Channel>Microsoft-Windows-Sysmon/Operational</Channel>
      <Computer>WinDev2309Eval</Computer>
      <Security UserID=""S-1-5-18""/>
    </System>
    <EventData>
      <Data Name=""RuleName"">DLL</Data>
      <Data Name=""UtcTime"">2023-12-28 12:20:43.470</Data>
      <Data Name=""ProcessGuid"">{fda94052-681a-658d-7a02-000000000b00}</Data>
      <Data Name=""ProcessId"">3520</Data>
      <Data Name=""Image"">C:\Windows\SoftwareDistribution\Download\Install\UpdatePlatform.amd64fre.exe</Data>
      <Data Name=""TargetFilename"">C:\Windows\SystemTemp\EB4BBE84-AFC4-40E1-B9FF-DD868CABC612\x86\MsMpLics.dll</Data>
      <Data Name=""CreationUtcTime"">2023-12-28 12:20:43.470</Data>
      <Data Name=""User"">NT AUTHORITY\SYSTEM</Data>
    </EventData>
    <RenderingInfo Culture=""en-US"">
      <Message>File created:

RuleName: DLL

UtcTime: 2023-12-28 12:20:43.470

ProcessGuid: {fda94052-681a-658d-7a02-000000000b00}

ProcessId: 3520

Image: C:\Windows\SoftwareDistribution\Download\Install\UpdatePlatform.amd64fre.exe

TargetFilename: C:\Windows\SystemTemp\EB4BBE84-AFC4-40E1-B9FF-DD868CABC612\x86\MsMpLics.dll

CreationUtcTime: 2023-12-28 12:20:43.470

User: NT AUTHORITY\SYSTEM</Message>
      <Level>Information</Level>
      <Task>File created (rule: FileCreate)</Task>
      <Opcode>Info</Opcode>
    </RenderingInfo>
  </Event>
  
"
Microsoft-Windows-Sysmon/Operational,,,WinDev2309Eval,2023-12-28 12:20:43.470,,,,,,,,,11,9526,,,,C:\Windows\SoftwareDistribution\Download\Install\UpdatePlatform.amd64fre.exe,,,0x8000000000000000,Information,,,"File created:

RuleName: DLL

UtcTime: 2023-12-28 12:20:43.470

ProcessGuid: {fda94052-681a-658d-7a02-000000000b00}

ProcessId: 3520

Image: C:\Windows\SoftwareDistribution\Download\Install\UpdatePlatform.amd64fre.exe

TargetFilename: C:\Windows\SystemTemp\EB4BBE84-AFC4-40E1-B9FF-DD868CABC612\x86\MpOAV.dll

CreationUtcTime: 2023-12-28 12:20:43.470

User: NT AUTHORITY\SYSTEM",Info,,,,,,,{fda94052-681a-658d-7a02-000000000b00},7044,3520,,,,,,"
      ",DLL,,,,,,2023-12-28T12:20:43.4717784Z,C:\Windows\SystemTemp\EB4BBE84-AFC4-40E1-B9FF-DD868CABC612\x86\MpOAV.dll,,File created (rule: FileCreate),,6672,NT AUTHORITY\SYSTEM,S-1-5-18,2023-12-28 12:20:43.470,2,"<Event xmlns=""http://schemas.microsoft.com/win/2004/08/events/event"">
    <System>
      <Provider Name=""Microsoft-Windows-Sysmon"" Guid=""{5770385f-c22a-43e0-bf4c-06f5698ffbd9}""/>
      <EventID>11</EventID>
      <Version>2</Version>
      <Level>4</Level>
      <Task>11</Task>
      <Opcode>0</Opcode>
      <Keywords>0x8000000000000000</Keywords>
      <TimeCreated SystemTime=""2023-12-28T12:20:43.4717784Z""/>
      <EventRecordID>9526</EventRecordID>
      <Correlation/>
      <Execution ProcessID=""7044"" ThreadID=""6672""/>
      <Channel>Microsoft-Windows-Sysmon/Operational</Channel>
      <Computer>WinDev2309Eval</Computer>
      <Security UserID=""S-1-5-18""/>
    </System>
    <EventData>
      <Data Name=""RuleName"">DLL</Data>
      <Data Name=""UtcTime"">2023-12-28 12:20:43.470</Data>
      <Data Name=""ProcessGuid"">{fda94052-681a-658d-7a02-000000000b00}</Data>
      <Data Name=""ProcessId"">3520</Data>
      <Data Name=""Image"">C:\Windows\SoftwareDistribution\Download\Install\UpdatePlatform.amd64fre.exe</Data>
      <Data Name=""TargetFilename"">C:\Windows\SystemTemp\EB4BBE84-AFC4-40E1-B9FF-DD868CABC612\x86\MpOAV.dll</Data>
      <Data Name=""CreationUtcTime"">2023-12-28 12:20:43.470</Data>
      <Data Name=""User"">NT AUTHORITY\SYSTEM</Data>
    </EventData>
    <RenderingInfo Culture=""en-US"">
      <Message>File created:

RuleName: DLL

UtcTime: 2023-12-28 12:20:43.470

ProcessGuid: {fda94052-681a-658d-7a02-000000000b00}

ProcessId: 3520

Image: C:\Windows\SoftwareDistribution\Download\Install\UpdatePlatform.amd64fre.exe

TargetFilename: C:\Windows\SystemTemp\EB4BBE84-AFC4-40E1-B9FF-DD868CABC612\x86\MpOAV.dll

CreationUtcTime: 2023-12-28 12:20:43.470

User: NT AUTHORITY\SYSTEM</Message>
      <Level>Information</Level>
      <Task>File created (rule: FileCreate)</Task>
      <Opcode>Info</Opcode>
    </RenderingInfo>
  </Event>
  
"
Microsoft-Windows-Sysmon/Operational,,,WinDev2309Eval,2023-12-28 12:20:43.455,,,,,,,,,11,9525,,,,C:\Windows\SoftwareDistribution\Download\Install\UpdatePlatform.amd64fre.exe,,,0x8000000000000000,Information,,,"File created:

RuleName: DLL

UtcTime: 2023-12-28 12:20:43.455

ProcessGuid: {fda94052-681a-658d-7a02-000000000b00}

ProcessId: 3520

Image: C:\Windows\SoftwareDistribution\Download\Install\UpdatePlatform.amd64fre.exe

TargetFilename: C:\Windows\SystemTemp\EB4BBE84-AFC4-40E1-B9FF-DD868CABC612\x86\MpDetoursCopyAccelerator.dll

CreationUtcTime: 2023-12-28 12:20:43.455

User: NT AUTHORITY\SYSTEM",Info,,,,,,,{fda94052-681a-658d-7a02-000000000b00},7044,3520,,,,,,"
      ",DLL,,,,,,2023-12-28T12:20:43.4686775Z,C:\Windows\SystemTemp\EB4BBE84-AFC4-40E1-B9FF-DD868CABC612\x86\MpDetoursCopyAccelerator.dll,,File created (rule: FileCreate),,6672,NT AUTHORITY\SYSTEM,S-1-5-18,2023-12-28 12:20:43.455,2,"<Event xmlns=""http://schemas.microsoft.com/win/2004/08/events/event"">
    <System>
      <Provider Name=""Microsoft-Windows-Sysmon"" Guid=""{5770385f-c22a-43e0-bf4c-06f5698ffbd9}""/>
      <EventID>11</EventID>
      <Version>2</Version>
      <Level>4</Level>
      <Task>11</Task>
      <Opcode>0</Opcode>
      <Keywords>0x8000000000000000</Keywords>
      <TimeCreated SystemTime=""2023-12-28T12:20:43.4686775Z""/>
      <EventRecordID>9525</EventRecordID>
      <Correlation/>
      <Execution ProcessID=""7044"" ThreadID=""6672""/>
      <Channel>Microsoft-Windows-Sysmon/Operational</Channel>
      <Computer>WinDev2309Eval</Computer>
      <Security UserID=""S-1-5-18""/>
    </System>
    <EventData>
      <Data Name=""RuleName"">DLL</Data>
      <Data Name=""UtcTime"">2023-12-28 12:20:43.455</Data>
      <Data Name=""ProcessGuid"">{fda94052-681a-658d-7a02-000000000b00}</Data>
      <Data Name=""ProcessId"">3520</Data>
      <Data Name=""Image"">C:\Windows\SoftwareDistribution\Download\Install\UpdatePlatform.amd64fre.exe</Data>
      <Data Name=""TargetFilename"">C:\Windows\SystemTemp\EB4BBE84-AFC4-40E1-B9FF-DD868CABC612\x86\MpDetoursCopyAccelerator.dll</Data>
      <Data Name=""CreationUtcTime"">2023-12-28 12:20:43.455</Data>
      <Data Name=""User"">NT AUTHORITY\SYSTEM</Data>
    </EventData>
    <RenderingInfo Culture=""en-US"">
      <Message>File created:

RuleName: DLL

UtcTime: 2023-12-28 12:20:43.455

ProcessGuid: {fda94052-681a-658d-7a02-000000000b00}

ProcessId: 3520

Image: C:\Windows\SoftwareDistribution\Download\Install\UpdatePlatform.amd64fre.exe

TargetFilename: C:\Windows\SystemTemp\EB4BBE84-AFC4-40E1-B9FF-DD868CABC612\x86\MpDetoursCopyAccelerator.dll

CreationUtcTime: 2023-12-28 12:20:43.455

User: NT AUTHORITY\SYSTEM</Message>
      <Level>Information</Level>
      <Task>File created (rule: FileCreate)</Task>
      <Opcode>Info</Opcode>
    </RenderingInfo>
  </Event>
  
"
Microsoft-Windows-Sysmon/Operational,,,WinDev2309Eval,2023-12-28 12:20:43.455,,,,,,,,,11,9524,,,,C:\Windows\SoftwareDistribution\Download\Install\UpdatePlatform.amd64fre.exe,,,0x8000000000000000,Information,,,"File created:

RuleName: DLL

UtcTime: 2023-12-28 12:20:43.455

ProcessGuid: {fda94052-681a-658d-7a02-000000000b00}

ProcessId: 3520

Image: C:\Windows\SoftwareDistribution\Download\Install\UpdatePlatform.amd64fre.exe

TargetFilename: C:\Windows\SystemTemp\EB4BBE84-AFC4-40E1-B9FF-DD868CABC612\x86\MpDetours.dll

CreationUtcTime: 2023-12-28 12:20:43.455

User: NT AUTHORITY\SYSTEM",Info,,,,,,,{fda94052-681a-658d-7a02-000000000b00},7044,3520,,,,,,"
      ",DLL,,,,,,2023-12-28T12:20:43.4628560Z,C:\Windows\SystemTemp\EB4BBE84-AFC4-40E1-B9FF-DD868CABC612\x86\MpDetours.dll,,File created (rule: FileCreate),,6672,NT AUTHORITY\SYSTEM,S-1-5-18,2023-12-28 12:20:43.455,2,"<Event xmlns=""http://schemas.microsoft.com/win/2004/08/events/event"">
    <System>
      <Provider Name=""Microsoft-Windows-Sysmon"" Guid=""{5770385f-c22a-43e0-bf4c-06f5698ffbd9}""/>
      <EventID>11</EventID>
      <Version>2</Version>
      <Level>4</Level>
      <Task>11</Task>
      <Opcode>0</Opcode>
      <Keywords>0x8000000000000000</Keywords>
      <TimeCreated SystemTime=""2023-12-28T12:20:43.4628560Z""/>
      <EventRecordID>9524</EventRecordID>
      <Correlation/>
      <Execution ProcessID=""7044"" ThreadID=""6672""/>
      <Channel>Microsoft-Windows-Sysmon/Operational</Channel>
      <Computer>WinDev2309Eval</Computer>
      <Security UserID=""S-1-5-18""/>
    </System>
    <EventData>
      <Data Name=""RuleName"">DLL</Data>
      <Data Name=""UtcTime"">2023-12-28 12:20:43.455</Data>
      <Data Name=""ProcessGuid"">{fda94052-681a-658d-7a02-000000000b00}</Data>
      <Data Name=""ProcessId"">3520</Data>
      <Data Name=""Image"">C:\Windows\SoftwareDistribution\Download\Install\UpdatePlatform.amd64fre.exe</Data>
      <Data Name=""TargetFilename"">C:\Windows\SystemTemp\EB4BBE84-AFC4-40E1-B9FF-DD868CABC612\x86\MpDetours.dll</Data>
      <Data Name=""CreationUtcTime"">2023-12-28 12:20:43.455</Data>
      <Data Name=""User"">NT AUTHORITY\SYSTEM</Data>
    </EventData>
    <RenderingInfo Culture=""en-US"">
      <Message>File created:

RuleName: DLL

UtcTime: 2023-12-28 12:20:43.455

ProcessGuid: {fda94052-681a-658d-7a02-000000000b00}

ProcessId: 3520

Image: C:\Windows\SoftwareDistribution\Download\Install\UpdatePlatform.amd64fre.exe

TargetFilename: C:\Windows\SystemTemp\EB4BBE84-AFC4-40E1-B9FF-DD868CABC612\x86\MpDetours.dll

CreationUtcTime: 2023-12-28 12:20:43.455

User: NT AUTHORITY\SYSTEM</Message>
      <Level>Information</Level>
      <Task>File created (rule: FileCreate)</Task>
      <Opcode>Info</Opcode>
    </RenderingInfo>
  </Event>
  
"
Microsoft-Windows-Sysmon/Operational,,,WinDev2309Eval,2023-12-28 12:20:43.423,,,,,,,,,11,9523,,,,C:\Windows\SoftwareDistribution\Download\Install\UpdatePlatform.amd64fre.exe,,,0x8000000000000000,Information,,,"File created:

RuleName: DLL

UtcTime: 2023-12-28 12:20:43.423

ProcessGuid: {fda94052-681a-658d-7a02-000000000b00}

ProcessId: 3520

Image: C:\Windows\SoftwareDistribution\Download\Install\UpdatePlatform.amd64fre.exe

TargetFilename: C:\Windows\SystemTemp\EB4BBE84-AFC4-40E1-B9FF-DD868CABC612\x86\MpClient.dll

CreationUtcTime: 2023-12-28 12:20:43.423

User: NT AUTHORITY\SYSTEM",Info,,,,,,,{fda94052-681a-658d-7a02-000000000b00},7044,3520,,,,,,"
      ",DLL,,,,,,2023-12-28T12:20:43.4299245Z,C:\Windows\SystemTemp\EB4BBE84-AFC4-40E1-B9FF-DD868CABC612\x86\MpClient.dll,,File created (rule: FileCreate),,6672,NT AUTHORITY\SYSTEM,S-1-5-18,2023-12-28 12:20:43.423,2,"<Event xmlns=""http://schemas.microsoft.com/win/2004/08/events/event"">
    <System>
      <Provider Name=""Microsoft-Windows-Sysmon"" Guid=""{5770385f-c22a-43e0-bf4c-06f5698ffbd9}""/>
      <EventID>11</EventID>
      <Version>2</Version>
      <Level>4</Level>
      <Task>11</Task>
      <Opcode>0</Opcode>
      <Keywords>0x8000000000000000</Keywords>
      <TimeCreated SystemTime=""2023-12-28T12:20:43.4299245Z""/>
      <EventRecordID>9523</EventRecordID>
      <Correlation/>
      <Execution ProcessID=""7044"" ThreadID=""6672""/>
      <Channel>Microsoft-Windows-Sysmon/Operational</Channel>
      <Computer>WinDev2309Eval</Computer>
      <Security UserID=""S-1-5-18""/>
    </System>
    <EventData>
      <Data Name=""RuleName"">DLL</Data>
      <Data Name=""UtcTime"">2023-12-28 12:20:43.423</Data>
      <Data Name=""ProcessGuid"">{fda94052-681a-658d-7a02-000000000b00}</Data>
      <Data Name=""ProcessId"">3520</Data>
      <Data Name=""Image"">C:\Windows\SoftwareDistribution\Download\Install\UpdatePlatform.amd64fre.exe</Data>
      <Data Name=""TargetFilename"">C:\Windows\SystemTemp\EB4BBE84-AFC4-40E1-B9FF-DD868CABC612\x86\MpClient.dll</Data>
      <Data Name=""CreationUtcTime"">2023-12-28 12:20:43.423</Data>
      <Data Name=""User"">NT AUTHORITY\SYSTEM</Data>
    </EventData>
    <RenderingInfo Culture=""en-US"">
      <Message>File created:

RuleName: DLL

UtcTime: 2023-12-28 12:20:43.423

ProcessGuid: {fda94052-681a-658d-7a02-000000000b00}

ProcessId: 3520

Image: C:\Windows\SoftwareDistribution\Download\Install\UpdatePlatform.amd64fre.exe

TargetFilename: C:\Windows\SystemTemp\EB4BBE84-AFC4-40E1-B9FF-DD868CABC612\x86\MpClient.dll

CreationUtcTime: 2023-12-28 12:20:43.423

User: NT AUTHORITY\SYSTEM</Message>
      <Level>Information</Level>
      <Task>File created (rule: FileCreate)</Task>
      <Opcode>Info</Opcode>
    </RenderingInfo>
  </Event>
  
"
