Microsoft-Windows-Sysmon/Operational,,,WinDev2309Eval,2023-12-28 12:20:46.868,,,,,,,,,11,9554,,,,C:\ProgramData\Microsoft\Windows Defender\Platform\4.18.23080.2006-0\MsMpEng.exe,,,0x8000000000000000,Information,,,"File created:

RuleName: DLL

UtcTime: 2023-12-28 12:20:46.868

ProcessGuid: {fda94052-34f3-658d-5800-000000000b00}

ProcessId: 3800

Image: C:\ProgramData\Microsoft\Windows Defender\Platform\4.18.23080.2006-0\MsMpEng.exe

TargetFilename: C:\ProgramData\Microsoft\Windows Defender\Platform\4.18.23110.3-0\MpAzSubmit.dll

CreationUtcTime: 2023-12-28 12:20:46.868

User: NT AUTHORITY\SYSTEM",Info,,,,,,,{fda94052-34f3-658d-5800-000000000b00},7044,3800,,,,,,"
      ",DLL,,,,,,2023-12-28T12:20:46.8834373Z,C:\ProgramData\Microsoft\Windows Defender\Platform\4.18.23110.3-0\MpAzSubmit.dll,,File created (rule: FileCreate),,6672,NT AUTHORITY\SYSTEM,S-1-5-18,2023-12-28 12:20:46.868,2,"<Event xmlns=""http://schemas.microsoft.com/win/2004/08/events/event"">
    <System>
      <Provider Name=""Microsoft-Windows-Sysmon"" Guid=""{5770385f-c22a-43e0-bf4c-06f5698ffbd9}""/>
      <EventID>11</EventID>
      <Version>2</Version>
      <Level>4</Level>
      <Task>11</Task>
      <Opcode>0</Opcode>
      <Keywords>0x8000000000000000</Keywords>
      <TimeCreated SystemTime=""2023-12-28T12:20:46.8834373Z""/>
      <EventRecordID>9554</EventRecordID>
      <Correlation/>
      <Execution ProcessID=""7044"" ThreadID=""6672""/>
      <Channel>Microsoft-Windows-Sysmon/Operational</Channel>
      <Computer>WinDev2309Eval</Computer>
      <Security UserID=""S-1-5-18""/>
    </System>
    <EventData>
      <Data Name=""RuleName"">DLL</Data>
      <Data Name=""UtcTime"">2023-12-28 12:20:46.868</Data>
      <Data Name=""ProcessGuid"">{fda94052-34f3-658d-5800-000000000b00}</Data>
      <Data Name=""ProcessId"">3800</Data>
      <Data Name=""Image"">C:\ProgramData\Microsoft\Windows Defender\Platform\4.18.23080.2006-0\MsMpEng.exe</Data>
      <Data Name=""TargetFilename"">C:\ProgramData\Microsoft\Windows Defender\Platform\4.18.23110.3-0\MpAzSubmit.dll</Data>
      <Data Name=""CreationUtcTime"">2023-12-28 12:20:46.868</Data>
      <Data Name=""User"">NT AUTHORITY\SYSTEM</Data>
    </EventData>
    <RenderingInfo Culture=""en-US"">
      <Message>File created:

RuleName: DLL

UtcTime: 2023-12-28 12:20:46.868

ProcessGuid: {fda94052-34f3-658d-5800-000000000b00}

ProcessId: 3800

Image: C:\ProgramData\Microsoft\Windows Defender\Platform\4.18.23080.2006-0\MsMpEng.exe

TargetFilename: C:\ProgramData\Microsoft\Windows Defender\Platform\4.18.23110.3-0\MpAzSubmit.dll

CreationUtcTime: 2023-12-28 12:20:46.868

User: NT AUTHORITY\SYSTEM</Message>
      <Level>Information</Level>
      <Task>File created (rule: FileCreate)</Task>
      <Opcode>Info</Opcode>
    </RenderingInfo>
  </Event>
  
"
Microsoft-Windows-Sysmon/Operational,,,WinDev2309Eval,2023-12-28 12:20:46.868,,,,,,,,,11,9553,,,,C:\ProgramData\Microsoft\Windows Defender\Platform\4.18.23080.2006-0\MsMpEng.exe,,,0x8000000000000000,Information,,,"File created:

RuleName: EXE

UtcTime: 2023-12-28 12:20:46.868

ProcessGuid: {fda94052-34f3-658d-5800-000000000b00}

ProcessId: 3800

Image: C:\ProgramData\Microsoft\Windows Defender\Platform\4.18.23080.2006-0\MsMpEng.exe

TargetFilename: C:\ProgramData\Microsoft\Windows Defender\Platform\4.18.23110.3-0\ConfigSecurityPolicy.exe

CreationUtcTime: 2023-12-28 12:20:46.868

User: NT AUTHORITY\SYSTEM",Info,,,,,,,{fda94052-34f3-658d-5800-000000000b00},7044,3800,,,,,,"
      ",EXE,,,,,,2023-12-28T12:20:46.8768372Z,C:\ProgramData\Microsoft\Windows Defender\Platform\4.18.23110.3-0\ConfigSecurityPolicy.exe,,File created (rule: FileCreate),,6672,NT AUTHORITY\SYSTEM,S-1-5-18,2023-12-28 12:20:46.868,2,"<Event xmlns=""http://schemas.microsoft.com/win/2004/08/events/event"">
    <System>
      <Provider Name=""Microsoft-Windows-Sysmon"" Guid=""{5770385f-c22a-43e0-bf4c-06f5698ffbd9}""/>
      <EventID>11</EventID>
      <Version>2</Version>
      <Level>4</Level>
      <Task>11</Task>
      <Opcode>0</Opcode>
      <Keywords>0x8000000000000000</Keywords>
      <TimeCreated SystemTime=""2023-12-28T12:20:46.8768372Z""/>
      <EventRecordID>9553</EventRecordID>
      <Correlation/>
      <Execution ProcessID=""7044"" ThreadID=""6672""/>
      <Channel>Microsoft-Windows-Sysmon/Operational</Channel>
      <Computer>WinDev2309Eval</Computer>
      <Security UserID=""S-1-5-18""/>
    </System>
    <EventData>
      <Data Name=""RuleName"">EXE</Data>
      <Data Name=""UtcTime"">2023-12-28 12:20:46.868</Data>
      <Data Name=""ProcessGuid"">{fda94052-34f3-658d-5800-000000000b00}</Data>
      <Data Name=""ProcessId"">3800</Data>
      <Data Name=""Image"">C:\ProgramData\Microsoft\Windows Defender\Platform\4.18.23080.2006-0\MsMpEng.exe</Data>
      <Data Name=""TargetFilename"">C:\ProgramData\Microsoft\Windows Defender\Platform\4.18.23110.3-0\ConfigSecurityPolicy.exe</Data>
      <Data Name=""CreationUtcTime"">2023-12-28 12:20:46.868</Data>
      <Data Name=""User"">NT AUTHORITY\SYSTEM</Data>
    </EventData>
    <RenderingInfo Culture=""en-US"">
      <Message>File created:

RuleName: EXE

UtcTime: 2023-12-28 12:20:46.868

ProcessGuid: {fda94052-34f3-658d-5800-000000000b00}

ProcessId: 3800

Image: C:\ProgramData\Microsoft\Windows Defender\Platform\4.18.23080.2006-0\MsMpEng.exe

TargetFilename: C:\ProgramData\Microsoft\Windows Defender\Platform\4.18.23110.3-0\ConfigSecurityPolicy.exe

CreationUtcTime: 2023-12-28 12:20:46.868

User: NT AUTHORITY\SYSTEM</Message>
      <Level>Information</Level>
      <Task>File created (rule: FileCreate)</Task>
      <Opcode>Info</Opcode>
    </RenderingInfo>
  </Event>
  
"
Microsoft-Windows-Sysmon/Operational,,,WinDev2309Eval,,,,,,,,,1.1.23080.1001,13,9552,SetValue,,,C:\Windows\System32\svchost.exe,,,0x8000000000000000,Information,,,"Registry value set:

RuleName: InvDB-Ver

EventType: SetValue

UtcTime: 2023-12-28 12:20:46.572

ProcessGuid: {fda94052-34f3-658d-4e00-000000000b00}

ProcessId: 3628

Image: C:\Windows\System32\svchost.exe

TargetObject: \REGISTRY\A\{08d89634-9c6b-0ec0-e030-44e7987a6dbb}\Root\InventoryApplicationFile\mpsigstub.exe|32b840ca3c2c5739\BinProductVersion

Details: 1.1.23080.1001

User: NT AUTHORITY\SYSTEM",Info,,,,,,,{fda94052-34f3-658d-4e00-000000000b00},7044,3628,,,,,,"
      ",InvDB-Ver,,,,,,2023-12-28T12:20:46.5782035Z,,\REGISTRY\A\{08d89634-9c6b-0ec0-e030-44e7987a6dbb}\Root\InventoryApplicationFile\mpsigstub.exe|32b840ca3c2c5739\BinProductVersion,Registry value set (rule: RegistryEvent),,6672,NT AUTHORITY\SYSTEM,S-1-5-18,2023-12-28 12:20:46.572,2,"<Event xmlns=""http://schemas.microsoft.com/win/2004/08/events/event"">
    <System>
      <Provider Name=""Microsoft-Windows-Sysmon"" Guid=""{5770385f-c22a-43e0-bf4c-06f5698ffbd9}""/>
      <EventID>13</EventID>
      <Version>2</Version>
      <Level>4</Level>
      <Task>13</Task>
      <Opcode>0</Opcode>
      <Keywords>0x8000000000000000</Keywords>
      <TimeCreated SystemTime=""2023-12-28T12:20:46.5782035Z""/>
      <EventRecordID>9552</EventRecordID>
      <Correlation/>
      <Execution ProcessID=""7044"" ThreadID=""6672""/>
      <Channel>Microsoft-Windows-Sysmon/Operational</Channel>
      <Computer>WinDev2309Eval</Computer>
      <Security UserID=""S-1-5-18""/>
    </System>
    <EventData>
      <Data Name=""RuleName"">InvDB-Ver</Data>
      <Data Name=""EventType"">SetValue</Data>
      <Data Name=""UtcTime"">2023-12-28 12:20:46.572</Data>
      <Data Name=""ProcessGuid"">{fda94052-34f3-658d-4e00-000000000b00}</Data>
      <Data Name=""ProcessId"">3628</Data>
      <Data Name=""Image"">C:\Windows\System32\svchost.exe</Data>
      <Data Name=""TargetObject"">\REGISTRY\A\{08d89634-9c6b-0ec0-e030-44e7987a6dbb}\Root\InventoryApplicationFile\mpsigstub.exe|32b840ca3c2c5739\BinProductVersion</Data>
      <Data Name=""Details"">1.1.23080.1001</Data>
      <Data Name=""User"">NT AUTHORITY\SYSTEM</Data>
    </EventData>
    <RenderingInfo Culture=""en-US"">
      <Message>Registry value set:

RuleName: InvDB-Ver

EventType: SetValue

UtcTime: 2023-12-28 12:20:46.572

ProcessGuid: {fda94052-34f3-658d-4e00-000000000b00}

ProcessId: 3628

Image: C:\Windows\System32\svchost.exe

TargetObject: \REGISTRY\A\{08d89634-9c6b-0ec0-e030-44e7987a6dbb}\Root\InventoryApplicationFile\mpsigstub.exe|32b840ca3c2c5739\BinProductVersion

Details: 1.1.23080.1001

User: NT AUTHORITY\SYSTEM</Message>
      <Level>Information</Level>
      <Task>Registry value set (rule: RegistryEvent)</Task>
      <Opcode>Info</Opcode>
    </RenderingInfo>
  </Event>
  
"
Microsoft-Windows-Sysmon/Operational,,,WinDev2309Eval,,,,,,,,,09/29/2037 02:13:33,13,9551,SetValue,,,C:\Windows\System32\svchost.exe,,,0x8000000000000000,Information,,,"Registry value set:

RuleName: InvDB-CompileTimeClaim

EventType: SetValue

UtcTime: 2023-12-28 12:20:46.572

ProcessGuid: {fda94052-34f3-658d-4e00-000000000b00}

ProcessId: 3628

Image: C:\Windows\System32\svchost.exe

TargetObject: \REGISTRY\A\{08d89634-9c6b-0ec0-e030-44e7987a6dbb}\Root\InventoryApplicationFile\mpsigstub.exe|32b840ca3c2c5739\LinkDate

Details: 09/29/2037 02:13:33

User: NT AUTHORITY\SYSTEM",Info,,,,,,,{fda94052-34f3-658d-4e00-000000000b00},7044,3628,,,,,,"
      ",InvDB-CompileTimeClaim,,,,,,2023-12-28T12:20:46.5781467Z,,\REGISTRY\A\{08d89634-9c6b-0ec0-e030-44e7987a6dbb}\Root\InventoryApplicationFile\mpsigstub.exe|32b840ca3c2c5739\LinkDate,Registry value set (rule: RegistryEvent),,6672,NT AUTHORITY\SYSTEM,S-1-5-18,2023-12-28 12:20:46.572,2,"<Event xmlns=""http://schemas.microsoft.com/win/2004/08/events/event"">
    <System>
      <Provider Name=""Microsoft-Windows-Sysmon"" Guid=""{5770385f-c22a-43e0-bf4c-06f5698ffbd9}""/>
      <EventID>13</EventID>
      <Version>2</Version>
      <Level>4</Level>
      <Task>13</Task>
      <Opcode>0</Opcode>
      <Keywords>0x8000000000000000</Keywords>
      <TimeCreated SystemTime=""2023-12-28T12:20:46.5781467Z""/>
      <EventRecordID>9551</EventRecordID>
      <Correlation/>
      <Execution ProcessID=""7044"" ThreadID=""6672""/>
      <Channel>Microsoft-Windows-Sysmon/Operational</Channel>
      <Computer>WinDev2309Eval</Computer>
      <Security UserID=""S-1-5-18""/>
    </System>
    <EventData>
      <Data Name=""RuleName"">InvDB-CompileTimeClaim</Data>
      <Data Name=""EventType"">SetValue</Data>
      <Data Name=""UtcTime"">2023-12-28 12:20:46.572</Data>
      <Data Name=""ProcessGuid"">{fda94052-34f3-658d-4e00-000000000b00}</Data>
      <Data Name=""ProcessId"">3628</Data>
      <Data Name=""Image"">C:\Windows\System32\svchost.exe</Data>
      <Data Name=""TargetObject"">\REGISTRY\A\{08d89634-9c6b-0ec0-e030-44e7987a6dbb}\Root\InventoryApplicationFile\mpsigstub.exe|32b840ca3c2c5739\LinkDate</Data>
      <Data Name=""Details"">09/29/2037 02:13:33</Data>
      <Data Name=""User"">NT AUTHORITY\SYSTEM</Data>
    </EventData>
    <RenderingInfo Culture=""en-US"">
      <Message>Registry value set:

RuleName: InvDB-CompileTimeClaim

EventType: SetValue

UtcTime: 2023-12-28 12:20:46.572

ProcessGuid: {fda94052-34f3-658d-4e00-000000000b00}

ProcessId: 3628

Image: C:\Windows\System32\svchost.exe

TargetObject: \REGISTRY\A\{08d89634-9c6b-0ec0-e030-44e7987a6dbb}\Root\InventoryApplicationFile\mpsigstub.exe|32b840ca3c2c5739\LinkDate

Details: 09/29/2037 02:13:33

User: NT AUTHORITY\SYSTEM</Message>
      <Level>Information</Level>
      <Task>Registry value set (rule: RegistryEvent)</Task>
      <Opcode>Info</Opcode>
    </RenderingInfo>
  </Event>
  
"
Microsoft-Windows-Sysmon/Operational,,,WinDev2309Eval,,,,,,,,,microsoft corporation,13,9550,SetValue,,,C:\Windows\System32\svchost.exe,,,0x8000000000000000,Information,,,"Registry value set:

RuleName: InvDB-Pub

EventType: SetValue

UtcTime: 2023-12-28 12:20:46.572

ProcessGuid: {fda94052-34f3-658d-4e00-000000000b00}

ProcessId: 3628

Image: C:\Windows\System32\svchost.exe

TargetObject: \REGISTRY\A\{08d89634-9c6b-0ec0-e030-44e7987a6dbb}\Root\InventoryApplicationFile\mpsigstub.exe|32b840ca3c2c5739\Publisher

Details: microsoft corporation

User: NT AUTHORITY\SYSTEM",Info,,,,,,,{fda94052-34f3-658d-4e00-000000000b00},7044,3628,,,,,,"
      ",InvDB-Pub,,,,,,2023-12-28T12:20:46.5778189Z,,\REGISTRY\A\{08d89634-9c6b-0ec0-e030-44e7987a6dbb}\Root\InventoryApplicationFile\mpsigstub.exe|32b840ca3c2c5739\Publisher,Registry value set (rule: RegistryEvent),,6672,NT AUTHORITY\SYSTEM,S-1-5-18,2023-12-28 12:20:46.572,2,"<Event xmlns=""http://schemas.microsoft.com/win/2004/08/events/event"">
    <System>
      <Provider Name=""Microsoft-Windows-Sysmon"" Guid=""{5770385f-c22a-43e0-bf4c-06f5698ffbd9}""/>
      <EventID>13</EventID>
      <Version>2</Version>
      <Level>4</Level>
      <Task>13</Task>
      <Opcode>0</Opcode>
      <Keywords>0x8000000000000000</Keywords>
      <TimeCreated SystemTime=""2023-12-28T12:20:46.5778189Z""/>
      <EventRecordID>9550</EventRecordID>
      <Correlation/>
      <Execution ProcessID=""7044"" ThreadID=""6672""/>
      <Channel>Microsoft-Windows-Sysmon/Operational</Channel>
      <Computer>WinDev2309Eval</Computer>
      <Security UserID=""S-1-5-18""/>
    </System>
    <EventData>
      <Data Name=""RuleName"">InvDB-Pub</Data>
      <Data Name=""EventType"">SetValue</Data>
      <Data Name=""UtcTime"">2023-12-28 12:20:46.572</Data>
      <Data Name=""ProcessGuid"">{fda94052-34f3-658d-4e00-000000000b00}</Data>
      <Data Name=""ProcessId"">3628</Data>
      <Data Name=""Image"">C:\Windows\System32\svchost.exe</Data>
      <Data Name=""TargetObject"">\REGISTRY\A\{08d89634-9c6b-0ec0-e030-44e7987a6dbb}\Root\InventoryApplicationFile\mpsigstub.exe|32b840ca3c2c5739\Publisher</Data>
      <Data Name=""Details"">microsoft corporation</Data>
      <Data Name=""User"">NT AUTHORITY\SYSTEM</Data>
    </EventData>
    <RenderingInfo Culture=""en-US"">
      <Message>Registry value set:

RuleName: InvDB-Pub

EventType: SetValue

UtcTime: 2023-12-28 12:20:46.572

ProcessGuid: {fda94052-34f3-658d-4e00-000000000b00}

ProcessId: 3628

Image: C:\Windows\System32\svchost.exe

TargetObject: \REGISTRY\A\{08d89634-9c6b-0ec0-e030-44e7987a6dbb}\Root\InventoryApplicationFile\mpsigstub.exe|32b840ca3c2c5739\Publisher

Details: microsoft corporation

User: NT AUTHORITY\SYSTEM</Message>
      <Level>Information</Level>
      <Task>Registry value set (rule: RegistryEvent)</Task>
      <Opcode>Info</Opcode>
    </RenderingInfo>
  </Event>
  
"
Microsoft-Windows-Sysmon/Operational,,,WinDev2309Eval,,,,,,,,,c:\windows\systemtemp\eb4bbe84-afc4-40e1-b9ff-dd868cabc612\mpsigstub.exe,13,9549,SetValue,,,C:\Windows\System32\svchost.exe,,,0x8000000000000000,Information,,,"Registry value set:

RuleName: InvDB-Path

EventType: SetValue

UtcTime: 2023-12-28 12:20:46.572

ProcessGuid: {fda94052-34f3-658d-4e00-000000000b00}

ProcessId: 3628

Image: C:\Windows\System32\svchost.exe

TargetObject: \REGISTRY\A\{08d89634-9c6b-0ec0-e030-44e7987a6dbb}\Root\InventoryApplicationFile\mpsigstub.exe|32b840ca3c2c5739\LowerCaseLongPath

Details: c:\windows\systemtemp\eb4bbe84-afc4-40e1-b9ff-dd868cabc612\mpsigstub.exe

User: NT AUTHORITY\SYSTEM",Info,,,,,,,{fda94052-34f3-658d-4e00-000000000b00},7044,3628,,,,,,"
      ",InvDB-Path,,,,,,2023-12-28T12:20:46.5776528Z,,\REGISTRY\A\{08d89634-9c6b-0ec0-e030-44e7987a6dbb}\Root\InventoryApplicationFile\mpsigstub.exe|32b840ca3c2c5739\LowerCaseLongPath,Registry value set (rule: RegistryEvent),,6672,NT AUTHORITY\SYSTEM,S-1-5-18,2023-12-28 12:20:46.572,2,"<Event xmlns=""http://schemas.microsoft.com/win/2004/08/events/event"">
    <System>
      <Provider Name=""Microsoft-Windows-Sysmon"" Guid=""{5770385f-c22a-43e0-bf4c-06f5698ffbd9}""/>
      <EventID>13</EventID>
      <Version>2</Version>
      <Level>4</Level>
      <Task>13</Task>
      <Opcode>0</Opcode>
      <Keywords>0x8000000000000000</Keywords>
      <TimeCreated SystemTime=""2023-12-28T12:20:46.5776528Z""/>
      <EventRecordID>9549</EventRecordID>
      <Correlation/>
      <Execution ProcessID=""7044"" ThreadID=""6672""/>
      <Channel>Microsoft-Windows-Sysmon/Operational</Channel>
      <Computer>WinDev2309Eval</Computer>
      <Security UserID=""S-1-5-18""/>
    </System>
    <EventData>
      <Data Name=""RuleName"">InvDB-Path</Data>
      <Data Name=""EventType"">SetValue</Data>
      <Data Name=""UtcTime"">2023-12-28 12:20:46.572</Data>
      <Data Name=""ProcessGuid"">{fda94052-34f3-658d-4e00-000000000b00}</Data>
      <Data Name=""ProcessId"">3628</Data>
      <Data Name=""Image"">C:\Windows\System32\svchost.exe</Data>
      <Data Name=""TargetObject"">\REGISTRY\A\{08d89634-9c6b-0ec0-e030-44e7987a6dbb}\Root\InventoryApplicationFile\mpsigstub.exe|32b840ca3c2c5739\LowerCaseLongPath</Data>
      <Data Name=""Details"">c:\windows\systemtemp\eb4bbe84-afc4-40e1-b9ff-dd868cabc612\mpsigstub.exe</Data>
      <Data Name=""User"">NT AUTHORITY\SYSTEM</Data>
    </EventData>
    <RenderingInfo Culture=""en-US"">
      <Message>Registry value set:

RuleName: InvDB-Path

EventType: SetValue

UtcTime: 2023-12-28 12:20:46.572

ProcessGuid: {fda94052-34f3-658d-4e00-000000000b00}

ProcessId: 3628

Image: C:\Windows\System32\svchost.exe

TargetObject: \REGISTRY\A\{08d89634-9c6b-0ec0-e030-44e7987a6dbb}\Root\InventoryApplicationFile\mpsigstub.exe|32b840ca3c2c5739\LowerCaseLongPath

Details: c:\windows\systemtemp\eb4bbe84-afc4-40e1-b9ff-dd868cabc612\mpsigstub.exe

User: NT AUTHORITY\SYSTEM</Message>
      <Level>Information</Level>
      <Task>Registry value set (rule: RegistryEvent)</Task>
      <Opcode>Info</Opcode>
    </RenderingInfo>
  </Event>
  
"
Microsoft-Windows-Sysmon/Operational,C:\Windows\SystemTemp\EB4BBE84-AFC4-40E1-B9FF-DD868CABC612\MpRecovery.exe,Microsoft Corporation,WinDev2309Eval,,C:\Windows\SystemTemp\EB4BBE84-AFC4-40E1-B9FF-DD868CABC612\,Microsoft Malware Protection Recovery,,,,,,,1,9548,,4.18.23110.3 (9ebb3643d539a6fc4659898b1df3124d5da4c0a9),"MD5=63123D8BE1C81B35DED1725D8670D53E,SHA256=74D6DF77524D81C1F98402A6D6C4FA63641B95DD85745132210972866B4AA434,IMPHASH=F221FD365D4FA08F84870CC5E3C17462",C:\Windows\SystemTemp\EB4BBE84-AFC4-40E1-B9FF-DD868CABC612\MpRecovery.exe,,System,0x8000000000000000,Information,{fda94052-34eb-658d-e703-000000000000},0x3e7,"Process Create:

RuleName: -

UtcTime: 2023-12-28 12:20:45.951

ProcessGuid: {fda94052-681d-658d-7c02-000000000b00}

ProcessId: 6096

Image: C:\Windows\SystemTemp\EB4BBE84-AFC4-40E1-B9FF-DD868CABC612\MpRecovery.exe

FileVersion: 4.18.23110.3 (9ebb3643d539a6fc4659898b1df3124d5da4c0a9)

Description: Microsoft Malware Protection Recovery

Product: Microsoft® Windows® Operating System

Company: Microsoft Corporation

OriginalFileName: mprecovery.exe

CommandLine: C:\Windows\SystemTemp\EB4BBE84-AFC4-40E1-B9FF-DD868CABC612\MpRecovery.exe

CurrentDirectory: C:\Windows\SystemTemp\EB4BBE84-AFC4-40E1-B9FF-DD868CABC612\

User: NT AUTHORITY\SYSTEM

LogonGuid: {fda94052-34eb-658d-e703-000000000000}

LogonId: 0x3E7

TerminalSessionId: 0

IntegrityLevel: System

Hashes: MD5=63123D8BE1C81B35DED1725D8670D53E,SHA256=74D6DF77524D81C1F98402A6D6C4FA63641B95DD85745132210972866B4AA434,IMPHASH=F221FD365D4FA08F84870CC5E3C17462

ParentProcessGuid: {fda94052-681c-658d-7b02-000000000b00}

ParentProcessId: 5632

ParentImage: C:\Windows\SystemTemp\EB4BBE84-AFC4-40E1-B9FF-DD868CABC612\MpSigStub.exe

ParentCommandLine: C:\Windows\SystemTemp\EB4BBE84-AFC4-40E1-B9FF-DD868CABC612\MpSigStub.exe /stub 1.1.23080.1001 /payload 4.18.23110.3 /program C:\Windows\SoftwareDistribution\Download\Install\UpdatePlatform.amd64fre.exe

ParentUser: NT AUTHORITY\SYSTEM",Info,mprecovery.exe,C:\Windows\SystemTemp\EB4BBE84-AFC4-40E1-B9FF-DD868CABC612\MpSigStub.exe /stub 1.1.23080.1001 /payload 4.18.23110.3 /program C:\Windows\SoftwareDistribution\Download\Install\UpdatePlatform.amd64fre.exe,C:\Windows\SystemTemp\EB4BBE84-AFC4-40E1-B9FF-DD868CABC612\MpSigStub.exe,{fda94052-681c-658d-7b02-000000000b00},5632,NT AUTHORITY\SYSTEM,{fda94052-681d-658d-7c02-000000000b00},7044,6096,Microsoft® Windows® Operating System,,,,,"
      ",-,,,,,,2023-12-28T12:20:45.9539597Z,,,Process Create (rule: ProcessCreate),0,6672,NT AUTHORITY\SYSTEM,S-1-5-18,2023-12-28 12:20:45.951,5,"<Event xmlns=""http://schemas.microsoft.com/win/2004/08/events/event"">
    <System>
      <Provider Name=""Microsoft-Windows-Sysmon"" Guid=""{5770385f-c22a-43e0-bf4c-06f5698ffbd9}""/>
      <EventID>1</EventID>
      <Version>5</Version>
      <Level>4</Level>
      <Task>1</Task>
      <Opcode>0</Opcode>
      <Keywords>0x8000000000000000</Keywords>
      <TimeCreated SystemTime=""2023-12-28T12:20:45.9539597Z""/>
      <EventRecordID>9548</EventRecordID>
      <Correlation/>
      <Execution ProcessID=""7044"" ThreadID=""6672""/>
      <Channel>Microsoft-Windows-Sysmon/Operational</Channel>
      <Computer>WinDev2309Eval</Computer>
      <Security UserID=""S-1-5-18""/>
    </System>
    <EventData>
      <Data Name=""RuleName"">-</Data>
      <Data Name=""UtcTime"">2023-12-28 12:20:45.951</Data>
      <Data Name=""ProcessGuid"">{fda94052-681d-658d-7c02-000000000b00}</Data>
      <Data Name=""ProcessId"">6096</Data>
      <Data Name=""Image"">C:\Windows\SystemTemp\EB4BBE84-AFC4-40E1-B9FF-DD868CABC612\MpRecovery.exe</Data>
      <Data Name=""FileVersion"">4.18.23110.3 (9ebb3643d539a6fc4659898b1df3124d5da4c0a9)</Data>
      <Data Name=""Description"">Microsoft Malware Protection Recovery</Data>
      <Data Name=""Product"">Microsoft&#174; Windows&#174; Operating System</Data>
      <Data Name=""Company"">Microsoft Corporation</Data>
      <Data Name=""OriginalFileName"">mprecovery.exe</Data>
      <Data Name=""CommandLine"">C:\Windows\SystemTemp\EB4BBE84-AFC4-40E1-B9FF-DD868CABC612\MpRecovery.exe</Data>
      <Data Name=""CurrentDirectory"">C:\Windows\SystemTemp\EB4BBE84-AFC4-40E1-B9FF-DD868CABC612\</Data>
      <Data Name=""User"">NT AUTHORITY\SYSTEM</Data>
      <Data Name=""LogonGuid"">{fda94052-34eb-658d-e703-000000000000}</Data>
      <Data Name=""LogonId"">0x3e7</Data>
      <Data Name=""TerminalSessionId"">0</Data>
      <Data Name=""IntegrityLevel"">System</Data>
      <Data Name=""Hashes"">MD5=63123D8BE1C81B35DED1725D8670D53E,SHA256=74D6DF77524D81C1F98402A6D6C4FA63641B95DD85745132210972866B4AA434,IMPHASH=F221FD365D4FA08F84870CC5E3C17462</Data>
      <Data Name=""ParentProcessGuid"">{fda94052-681c-658d-7b02-000000000b00}</Data>
      <Data Name=""ParentProcessId"">5632</Data>
      <Data Name=""ParentImage"">C:\Windows\SystemTemp\EB4BBE84-AFC4-40E1-B9FF-DD868CABC612\MpSigStub.exe</Data>
      <Data Name=""ParentCommandLine"">C:\Windows\SystemTemp\EB4BBE84-AFC4-40E1-B9FF-DD868CABC612\MpSigStub.exe /stub 1.1.23080.1001 /payload 4.18.23110.3 /program C:\Windows\SoftwareDistribution\Download\Install\UpdatePlatform.amd64fre.exe</Data>
      <Data Name=""ParentUser"">NT AUTHORITY\SYSTEM</Data>
    </EventData>
    <RenderingInfo Culture=""en-US"">
      <Message>Process Create:

RuleName: -

UtcTime: 2023-12-28 12:20:45.951

ProcessGuid: {fda94052-681d-658d-7c02-000000000b00}

ProcessId: 6096

Image: C:\Windows\SystemTemp\EB4BBE84-AFC4-40E1-B9FF-DD868CABC612\MpRecovery.exe

FileVersion: 4.18.23110.3 (9ebb3643d539a6fc4659898b1df3124d5da4c0a9)

Description: Microsoft Malware Protection Recovery

Product: Microsoft&#174; Windows&#174; Operating System

Company: Microsoft Corporation

OriginalFileName: mprecovery.exe

CommandLine: C:\Windows\SystemTemp\EB4BBE84-AFC4-40E1-B9FF-DD868CABC612\MpRecovery.exe

CurrentDirectory: C:\Windows\SystemTemp\EB4BBE84-AFC4-40E1-B9FF-DD868CABC612\

User: NT AUTHORITY\SYSTEM

LogonGuid: {fda94052-34eb-658d-e703-000000000000}

LogonId: 0x3E7

TerminalSessionId: 0

IntegrityLevel: System

Hashes: MD5=63123D8BE1C81B35DED1725D8670D53E,SHA256=74D6DF77524D81C1F98402A6D6C4FA63641B95DD85745132210972866B4AA434,IMPHASH=F221FD365D4FA08F84870CC5E3C17462

ParentProcessGuid: {fda94052-681c-658d-7b02-000000000b00}

ParentProcessId: 5632

ParentImage: C:\Windows\SystemTemp\EB4BBE84-AFC4-40E1-B9FF-DD868CABC612\MpSigStub.exe

ParentCommandLine: C:\Windows\SystemTemp\EB4BBE84-AFC4-40E1-B9FF-DD868CABC612\MpSigStub.exe /stub 1.1.23080.1001 /payload 4.18.23110.3 /program C:\Windows\SoftwareDistribution\Download\Install\UpdatePlatform.amd64fre.exe

ParentUser: NT AUTHORITY\SYSTEM</Message>
      <Level>Information</Level>
      <Task>Process Create (rule: ProcessCreate)</Task>
      <Opcode>Info</Opcode>
    </RenderingInfo>
  </Event>
  
"
Microsoft-Windows-Sysmon/Operational,C:\Windows\SystemTemp\EB4BBE84-AFC4-40E1-B9FF-DD868CABC612\MpSigStub.exe /stub 1.1.23080.1001 /payload 4.18.23110.3 /program C:\Windows\SoftwareDistribution\Download\Install\UpdatePlatform.amd64fre.exe,Microsoft Corporation,WinDev2309Eval,,C:\Windows\SystemTemp\EB4BBE84-AFC4-40E1-B9FF-DD868CABC612\,Microsoft Malware Protection Signature Update Stub,,,,,,,1,9547,,1.1.23080.1001 (3160dd13d0f6a295f1d64f8fb862141832f637bb),"MD5=5598A4C4A5F166060BDE5F6983522F44,SHA256=896F1793CA8BDA909A71217F41A93AF5A06354C1EA9EA81C975D429224B28E19,IMPHASH=61A67B5C850CC035A3E3016768298329",C:\Windows\SystemTemp\EB4BBE84-AFC4-40E1-B9FF-DD868CABC612\MpSigStub.exe,,System,0x8000000000000000,Information,{fda94052-34eb-658d-e703-000000000000},0x3e7,"Process Create:

RuleName: -

UtcTime: 2023-12-28 12:20:44.725

ProcessGuid: {fda94052-681c-658d-7b02-000000000b00}

ProcessId: 5632

Image: C:\Windows\SystemTemp\EB4BBE84-AFC4-40E1-B9FF-DD868CABC612\MpSigStub.exe

FileVersion: 1.1.23080.1001 (3160dd13d0f6a295f1d64f8fb862141832f637bb)

Description: Microsoft Malware Protection Signature Update Stub

Product: Microsoft Malware Protection

Company: Microsoft Corporation

OriginalFileName: MpSigStub.exe

CommandLine: C:\Windows\SystemTemp\EB4BBE84-AFC4-40E1-B9FF-DD868CABC612\MpSigStub.exe /stub 1.1.23080.1001 /payload 4.18.23110.3 /program C:\Windows\SoftwareDistribution\Download\Install\UpdatePlatform.amd64fre.exe

CurrentDirectory: C:\Windows\SystemTemp\EB4BBE84-AFC4-40E1-B9FF-DD868CABC612\

User: NT AUTHORITY\SYSTEM

LogonGuid: {fda94052-34eb-658d-e703-000000000000}

LogonId: 0x3E7

TerminalSessionId: 0

IntegrityLevel: System

Hashes: MD5=5598A4C4A5F166060BDE5F6983522F44,SHA256=896F1793CA8BDA909A71217F41A93AF5A06354C1EA9EA81C975D429224B28E19,IMPHASH=61A67B5C850CC035A3E3016768298329

ParentProcessGuid: {fda94052-681a-658d-7a02-000000000b00}

ParentProcessId: 3520

ParentImage: C:\Windows\SoftwareDistribution\Download\Install\UpdatePlatform.amd64fre.exe

ParentCommandLine: ""C:\Windows\SoftwareDistribution\Download\Install\UpdatePlatform.amd64fre.exe"" 

ParentUser: NT AUTHORITY\SYSTEM",Info,MpSigStub.exe,"""C:\Windows\SoftwareDistribution\Download\Install\UpdatePlatform.amd64fre.exe"" ",C:\Windows\SoftwareDistribution\Download\Install\UpdatePlatform.amd64fre.exe,{fda94052-681a-658d-7a02-000000000b00},3520,NT AUTHORITY\SYSTEM,{fda94052-681c-658d-7b02-000000000b00},7044,5632,Microsoft Malware Protection,,,,,"
      ",-,,,,,,2023-12-28T12:20:44.7313673Z,,,Process Create (rule: ProcessCreate),0,6672,NT AUTHORITY\SYSTEM,S-1-5-18,2023-12-28 12:20:44.725,5,"<Event xmlns=""http://schemas.microsoft.com/win/2004/08/events/event"">
    <System>
      <Provider Name=""Microsoft-Windows-Sysmon"" Guid=""{5770385f-c22a-43e0-bf4c-06f5698ffbd9}""/>
      <EventID>1</EventID>
      <Version>5</Version>
      <Level>4</Level>
      <Task>1</Task>
      <Opcode>0</Opcode>
      <Keywords>0x8000000000000000</Keywords>
      <TimeCreated SystemTime=""2023-12-28T12:20:44.7313673Z""/>
      <EventRecordID>9547</EventRecordID>
      <Correlation/>
      <Execution ProcessID=""7044"" ThreadID=""6672""/>
      <Channel>Microsoft-Windows-Sysmon/Operational</Channel>
      <Computer>WinDev2309Eval</Computer>
      <Security UserID=""S-1-5-18""/>
    </System>
    <EventData>
      <Data Name=""RuleName"">-</Data>
      <Data Name=""UtcTime"">2023-12-28 12:20:44.725</Data>
      <Data Name=""ProcessGuid"">{fda94052-681c-658d-7b02-000000000b00}</Data>
      <Data Name=""ProcessId"">5632</Data>
      <Data Name=""Image"">C:\Windows\SystemTemp\EB4BBE84-AFC4-40E1-B9FF-DD868CABC612\MpSigStub.exe</Data>
      <Data Name=""FileVersion"">1.1.23080.1001 (3160dd13d0f6a295f1d64f8fb862141832f637bb)</Data>
      <Data Name=""Description"">Microsoft Malware Protection Signature Update Stub</Data>
      <Data Name=""Product"">Microsoft Malware Protection</Data>
      <Data Name=""Company"">Microsoft Corporation</Data>
      <Data Name=""OriginalFileName"">MpSigStub.exe</Data>
      <Data Name=""CommandLine"">C:\Windows\SystemTemp\EB4BBE84-AFC4-40E1-B9FF-DD868CABC612\MpSigStub.exe /stub 1.1.23080.1001 /payload 4.18.23110.3 /program C:\Windows\SoftwareDistribution\Download\Install\UpdatePlatform.amd64fre.exe</Data>
      <Data Name=""CurrentDirectory"">C:\Windows\SystemTemp\EB4BBE84-AFC4-40E1-B9FF-DD868CABC612\</Data>
      <Data Name=""User"">NT AUTHORITY\SYSTEM</Data>
      <Data Name=""LogonGuid"">{fda94052-34eb-658d-e703-000000000000}</Data>
      <Data Name=""LogonId"">0x3e7</Data>
      <Data Name=""TerminalSessionId"">0</Data>
      <Data Name=""IntegrityLevel"">System</Data>
      <Data Name=""Hashes"">MD5=5598A4C4A5F166060BDE5F6983522F44,SHA256=896F1793CA8BDA909A71217F41A93AF5A06354C1EA9EA81C975D429224B28E19,IMPHASH=61A67B5C850CC035A3E3016768298329</Data>
      <Data Name=""ParentProcessGuid"">{fda94052-681a-658d-7a02-000000000b00}</Data>
      <Data Name=""ParentProcessId"">3520</Data>
      <Data Name=""ParentImage"">C:\Windows\SoftwareDistribution\Download\Install\UpdatePlatform.amd64fre.exe</Data>
      <Data Name=""ParentCommandLine"">""C:\Windows\SoftwareDistribution\Download\Install\UpdatePlatform.amd64fre.exe"" </Data>
      <Data Name=""ParentUser"">NT AUTHORITY\SYSTEM</Data>
    </EventData>
    <RenderingInfo Culture=""en-US"">
      <Message>Process Create:

RuleName: -

UtcTime: 2023-12-28 12:20:44.725

ProcessGuid: {fda94052-681c-658d-7b02-000000000b00}

ProcessId: 5632

Image: C:\Windows\SystemTemp\EB4BBE84-AFC4-40E1-B9FF-DD868CABC612\MpSigStub.exe

FileVersion: 1.1.23080.1001 (3160dd13d0f6a295f1d64f8fb862141832f637bb)

Description: Microsoft Malware Protection Signature Update Stub

Product: Microsoft Malware Protection

Company: Microsoft Corporation

OriginalFileName: MpSigStub.exe

CommandLine: C:\Windows\SystemTemp\EB4BBE84-AFC4-40E1-B9FF-DD868CABC612\MpSigStub.exe /stub 1.1.23080.1001 /payload 4.18.23110.3 /program C:\Windows\SoftwareDistribution\Download\Install\UpdatePlatform.amd64fre.exe

CurrentDirectory: C:\Windows\SystemTemp\EB4BBE84-AFC4-40E1-B9FF-DD868CABC612\

User: NT AUTHORITY\SYSTEM

LogonGuid: {fda94052-34eb-658d-e703-000000000000}

LogonId: 0x3E7

TerminalSessionId: 0

IntegrityLevel: System

Hashes: MD5=5598A4C4A5F166060BDE5F6983522F44,SHA256=896F1793CA8BDA909A71217F41A93AF5A06354C1EA9EA81C975D429224B28E19,IMPHASH=61A67B5C850CC035A3E3016768298329

ParentProcessGuid: {fda94052-681a-658d-7a02-000000000b00}

ParentProcessId: 3520

ParentImage: C:\Windows\SoftwareDistribution\Download\Install\UpdatePlatform.amd64fre.exe

ParentCommandLine: ""C:\Windows\SoftwareDistribution\Download\Install\UpdatePlatform.amd64fre.exe"" 

ParentUser: NT AUTHORITY\SYSTEM</Message>
      <Level>Information</Level>
      <Task>Process Create (rule: ProcessCreate)</Task>
      <Opcode>Info</Opcode>
    </RenderingInfo>
  </Event>
  
"
Microsoft-Windows-Sysmon/Operational,,,WinDev2309Eval,2023-12-28 12:20:44.565,,,,,,,,,11,9546,,,,C:\Windows\SoftwareDistribution\Download\Install\UpdatePlatform.amd64fre.exe,,,0x8000000000000000,Information,,,"File created:

RuleName: -

UtcTime: 2023-12-28 12:20:44.565

ProcessGuid: {fda94052-681a-658d-7a02-000000000b00}

ProcessId: 3520

Image: C:\Windows\SoftwareDistribution\Download\Install\UpdatePlatform.amd64fre.exe

TargetFilename: C:\Windows\SystemTemp\EB4BBE84-AFC4-40E1-B9FF-DD868CABC612\Drivers\WdNisDrv.sys

CreationUtcTime: 2023-12-28 12:20:44.565

User: NT AUTHORITY\SYSTEM",Info,,,,,,,{fda94052-681a-658d-7a02-000000000b00},7044,3520,,,,,,"
      ",-,,,,,,2023-12-28T12:20:44.5802887Z,C:\Windows\SystemTemp\EB4BBE84-AFC4-40E1-B9FF-DD868CABC612\Drivers\WdNisDrv.sys,,File created (rule: FileCreate),,6672,NT AUTHORITY\SYSTEM,S-1-5-18,2023-12-28 12:20:44.565,2,"<Event xmlns=""http://schemas.microsoft.com/win/2004/08/events/event"">
    <System>
      <Provider Name=""Microsoft-Windows-Sysmon"" Guid=""{5770385f-c22a-43e0-bf4c-06f5698ffbd9}""/>
      <EventID>11</EventID>
      <Version>2</Version>
      <Level>4</Level>
      <Task>11</Task>
      <Opcode>0</Opcode>
      <Keywords>0x8000000000000000</Keywords>
      <TimeCreated SystemTime=""2023-12-28T12:20:44.5802887Z""/>
      <EventRecordID>9546</EventRecordID>
      <Correlation/>
      <Execution ProcessID=""7044"" ThreadID=""6672""/>
      <Channel>Microsoft-Windows-Sysmon/Operational</Channel>
      <Computer>WinDev2309Eval</Computer>
      <Security UserID=""S-1-5-18""/>
    </System>
    <EventData>
      <Data Name=""RuleName"">-</Data>
      <Data Name=""UtcTime"">2023-12-28 12:20:44.565</Data>
      <Data Name=""ProcessGuid"">{fda94052-681a-658d-7a02-000000000b00}</Data>
      <Data Name=""ProcessId"">3520</Data>
      <Data Name=""Image"">C:\Windows\SoftwareDistribution\Download\Install\UpdatePlatform.amd64fre.exe</Data>
      <Data Name=""TargetFilename"">C:\Windows\SystemTemp\EB4BBE84-AFC4-40E1-B9FF-DD868CABC612\Drivers\WdNisDrv.sys</Data>
      <Data Name=""CreationUtcTime"">2023-12-28 12:20:44.565</Data>
      <Data Name=""User"">NT AUTHORITY\SYSTEM</Data>
    </EventData>
    <RenderingInfo Culture=""en-US"">
      <Message>File created:

RuleName: -

UtcTime: 2023-12-28 12:20:44.565

ProcessGuid: {fda94052-681a-658d-7a02-000000000b00}

ProcessId: 3520

Image: C:\Windows\SoftwareDistribution\Download\Install\UpdatePlatform.amd64fre.exe

TargetFilename: C:\Windows\SystemTemp\EB4BBE84-AFC4-40E1-B9FF-DD868CABC612\Drivers\WdNisDrv.sys

CreationUtcTime: 2023-12-28 12:20:44.565

User: NT AUTHORITY\SYSTEM</Message>
      <Level>Information</Level>
      <Task>File created (rule: FileCreate)</Task>
      <Opcode>Info</Opcode>
    </RenderingInfo>
  </Event>
  
"
Microsoft-Windows-Sysmon/Operational,,,WinDev2309Eval,2023-12-28 12:20:44.550,,,,,,,,,11,9545,,,,C:\Windows\SoftwareDistribution\Download\Install\UpdatePlatform.amd64fre.exe,,,0x8000000000000000,Information,,,"File created:

RuleName: -

UtcTime: 2023-12-28 12:20:44.550

ProcessGuid: {fda94052-681a-658d-7a02-000000000b00}

ProcessId: 3520

Image: C:\Windows\SoftwareDistribution\Download\Install\UpdatePlatform.amd64fre.exe

TargetFilename: C:\Windows\SystemTemp\EB4BBE84-AFC4-40E1-B9FF-DD868CABC612\Drivers\WdFilter.sys

CreationUtcTime: 2023-12-28 12:20:44.550

User: NT AUTHORITY\SYSTEM",Info,,,,,,,{fda94052-681a-658d-7a02-000000000b00},7044,3520,,,,,,"
      ",-,,,,,,2023-12-28T12:20:44.5606921Z,C:\Windows\SystemTemp\EB4BBE84-AFC4-40E1-B9FF-DD868CABC612\Drivers\WdFilter.sys,,File created (rule: FileCreate),,6672,NT AUTHORITY\SYSTEM,S-1-5-18,2023-12-28 12:20:44.550,2,"<Event xmlns=""http://schemas.microsoft.com/win/2004/08/events/event"">
    <System>
      <Provider Name=""Microsoft-Windows-Sysmon"" Guid=""{5770385f-c22a-43e0-bf4c-06f5698ffbd9}""/>
      <EventID>11</EventID>
      <Version>2</Version>
      <Level>4</Level>
      <Task>11</Task>
      <Opcode>0</Opcode>
      <Keywords>0x8000000000000000</Keywords>
      <TimeCreated SystemTime=""2023-12-28T12:20:44.5606921Z""/>
      <EventRecordID>9545</EventRecordID>
      <Correlation/>
      <Execution ProcessID=""7044"" ThreadID=""6672""/>
      <Channel>Microsoft-Windows-Sysmon/Operational</Channel>
      <Computer>WinDev2309Eval</Computer>
      <Security UserID=""S-1-5-18""/>
    </System>
    <EventData>
      <Data Name=""RuleName"">-</Data>
      <Data Name=""UtcTime"">2023-12-28 12:20:44.550</Data>
      <Data Name=""ProcessGuid"">{fda94052-681a-658d-7a02-000000000b00}</Data>
      <Data Name=""ProcessId"">3520</Data>
      <Data Name=""Image"">C:\Windows\SoftwareDistribution\Download\Install\UpdatePlatform.amd64fre.exe</Data>
      <Data Name=""TargetFilename"">C:\Windows\SystemTemp\EB4BBE84-AFC4-40E1-B9FF-DD868CABC612\Drivers\WdFilter.sys</Data>
      <Data Name=""CreationUtcTime"">2023-12-28 12:20:44.550</Data>
      <Data Name=""User"">NT AUTHORITY\SYSTEM</Data>
    </EventData>
    <RenderingInfo Culture=""en-US"">
      <Message>File created:

RuleName: -

UtcTime: 2023-12-28 12:20:44.550

ProcessGuid: {fda94052-681a-658d-7a02-000000000b00}

ProcessId: 3520

Image: C:\Windows\SoftwareDistribution\Download\Install\UpdatePlatform.amd64fre.exe

TargetFilename: C:\Windows\SystemTemp\EB4BBE84-AFC4-40E1-B9FF-DD868CABC612\Drivers\WdFilter.sys

CreationUtcTime: 2023-12-28 12:20:44.550

User: NT AUTHORITY\SYSTEM</Message>
      <Level>Information</Level>
      <Task>File created (rule: FileCreate)</Task>
      <Opcode>Info</Opcode>
    </RenderingInfo>
  </Event>
  
"
Microsoft-Windows-Sysmon/Operational,,,WinDev2309Eval,2023-12-28 12:20:44.550,,,,,,,,,11,9544,,,,C:\Windows\SoftwareDistribution\Download\Install\UpdatePlatform.amd64fre.exe,,,0x8000000000000000,Information,,,"File created:

RuleName: -

UtcTime: 2023-12-28 12:20:44.550

ProcessGuid: {fda94052-681a-658d-7a02-000000000b00}

ProcessId: 3520

Image: C:\Windows\SoftwareDistribution\Download\Install\UpdatePlatform.amd64fre.exe

TargetFilename: C:\Windows\SystemTemp\EB4BBE84-AFC4-40E1-B9FF-DD868CABC612\Drivers\WdDevFlt.sys

CreationUtcTime: 2023-12-28 12:20:44.550

User: NT AUTHORITY\SYSTEM",Info,,,,,,,{fda94052-681a-658d-7a02-000000000b00},7044,3520,,,,,,"
      ",-,,,,,,2023-12-28T12:20:44.5508060Z,C:\Windows\SystemTemp\EB4BBE84-AFC4-40E1-B9FF-DD868CABC612\Drivers\WdDevFlt.sys,,File created (rule: FileCreate),,6672,NT AUTHORITY\SYSTEM,S-1-5-18,2023-12-28 12:20:44.550,2,"<Event xmlns=""http://schemas.microsoft.com/win/2004/08/events/event"">
    <System>
      <Provider Name=""Microsoft-Windows-Sysmon"" Guid=""{5770385f-c22a-43e0-bf4c-06f5698ffbd9}""/>
      <EventID>11</EventID>
      <Version>2</Version>
      <Level>4</Level>
      <Task>11</Task>
      <Opcode>0</Opcode>
      <Keywords>0x8000000000000000</Keywords>
      <TimeCreated SystemTime=""2023-12-28T12:20:44.5508060Z""/>
      <EventRecordID>9544</EventRecordID>
      <Correlation/>
      <Execution ProcessID=""7044"" ThreadID=""6672""/>
      <Channel>Microsoft-Windows-Sysmon/Operational</Channel>
      <Computer>WinDev2309Eval</Computer>
      <Security UserID=""S-1-5-18""/>
    </System>
    <EventData>
      <Data Name=""RuleName"">-</Data>
      <Data Name=""UtcTime"">2023-12-28 12:20:44.550</Data>
      <Data Name=""ProcessGuid"">{fda94052-681a-658d-7a02-000000000b00}</Data>
      <Data Name=""ProcessId"">3520</Data>
      <Data Name=""Image"">C:\Windows\SoftwareDistribution\Download\Install\UpdatePlatform.amd64fre.exe</Data>
      <Data Name=""TargetFilename"">C:\Windows\SystemTemp\EB4BBE84-AFC4-40E1-B9FF-DD868CABC612\Drivers\WdDevFlt.sys</Data>
      <Data Name=""CreationUtcTime"">2023-12-28 12:20:44.550</Data>
      <Data Name=""User"">NT AUTHORITY\SYSTEM</Data>
    </EventData>
    <RenderingInfo Culture=""en-US"">
      <Message>File created:

RuleName: -

UtcTime: 2023-12-28 12:20:44.550

ProcessGuid: {fda94052-681a-658d-7a02-000000000b00}

ProcessId: 3520

Image: C:\Windows\SoftwareDistribution\Download\Install\UpdatePlatform.amd64fre.exe

TargetFilename: C:\Windows\SystemTemp\EB4BBE84-AFC4-40E1-B9FF-DD868CABC612\Drivers\WdDevFlt.sys

CreationUtcTime: 2023-12-28 12:20:44.550

User: NT AUTHORITY\SYSTEM</Message>
      <Level>Information</Level>
      <Task>File created (rule: FileCreate)</Task>
      <Opcode>Info</Opcode>
    </RenderingInfo>
  </Event>
  
"
Microsoft-Windows-Sysmon/Operational,,,WinDev2309Eval,2023-12-28 12:20:44.534,,,,,,,,,11,9543,,,,C:\Windows\SoftwareDistribution\Download\Install\UpdatePlatform.amd64fre.exe,,,0x8000000000000000,Information,,,"File created:

RuleName: -

UtcTime: 2023-12-28 12:20:44.534

ProcessGuid: {fda94052-681a-658d-7a02-000000000b00}

ProcessId: 3520

Image: C:\Windows\SoftwareDistribution\Download\Install\UpdatePlatform.amd64fre.exe

TargetFilename: C:\Windows\SystemTemp\EB4BBE84-AFC4-40E1-B9FF-DD868CABC612\Drivers\WdBoot.sys

CreationUtcTime: 2023-12-28 12:20:44.534

User: NT AUTHORITY\SYSTEM",Info,,,,,,,{fda94052-681a-658d-7a02-000000000b00},7044,3520,,,,,,"
      ",-,,,,,,2023-12-28T12:20:44.5477121Z,C:\Windows\SystemTemp\EB4BBE84-AFC4-40E1-B9FF-DD868CABC612\Drivers\WdBoot.sys,,File created (rule: FileCreate),,6672,NT AUTHORITY\SYSTEM,S-1-5-18,2023-12-28 12:20:44.534,2,"<Event xmlns=""http://schemas.microsoft.com/win/2004/08/events/event"">
    <System>
      <Provider Name=""Microsoft-Windows-Sysmon"" Guid=""{5770385f-c22a-43e0-bf4c-06f5698ffbd9}""/>
      <EventID>11</EventID>
      <Version>2</Version>
      <Level>4</Level>
      <Task>11</Task>
      <Opcode>0</Opcode>
      <Keywords>0x8000000000000000</Keywords>
      <TimeCreated SystemTime=""2023-12-28T12:20:44.5477121Z""/>
      <EventRecordID>9543</EventRecordID>
      <Correlation/>
      <Execution ProcessID=""7044"" ThreadID=""6672""/>
      <Channel>Microsoft-Windows-Sysmon/Operational</Channel>
      <Computer>WinDev2309Eval</Computer>
      <Security UserID=""S-1-5-18""/>
    </System>
    <EventData>
      <Data Name=""RuleName"">-</Data>
      <Data Name=""UtcTime"">2023-12-28 12:20:44.534</Data>
      <Data Name=""ProcessGuid"">{fda94052-681a-658d-7a02-000000000b00}</Data>
      <Data Name=""ProcessId"">3520</Data>
      <Data Name=""Image"">C:\Windows\SoftwareDistribution\Download\Install\UpdatePlatform.amd64fre.exe</Data>
      <Data Name=""TargetFilename"">C:\Windows\SystemTemp\EB4BBE84-AFC4-40E1-B9FF-DD868CABC612\Drivers\WdBoot.sys</Data>
      <Data Name=""CreationUtcTime"">2023-12-28 12:20:44.534</Data>
      <Data Name=""User"">NT AUTHORITY\SYSTEM</Data>
    </EventData>
    <RenderingInfo Culture=""en-US"">
      <Message>File created:

RuleName: -

UtcTime: 2023-12-28 12:20:44.534

ProcessGuid: {fda94052-681a-658d-7a02-000000000b00}

ProcessId: 3520

Image: C:\Windows\SoftwareDistribution\Download\Install\UpdatePlatform.amd64fre.exe

TargetFilename: C:\Windows\SystemTemp\EB4BBE84-AFC4-40E1-B9FF-DD868CABC612\Drivers\WdBoot.sys

CreationUtcTime: 2023-12-28 12:20:44.534

User: NT AUTHORITY\SYSTEM</Message>
      <Level>Information</Level>
      <Task>File created (rule: FileCreate)</Task>
      <Opcode>Info</Opcode>
    </RenderingInfo>
  </Event>
  
"
Microsoft-Windows-Sysmon/Operational,,,WinDev2309Eval,2023-12-28 12:20:43.861,,,,,,,,,11,9542,,,,C:\Windows\SoftwareDistribution\Download\Install\UpdatePlatform.amd64fre.exe,,,0x8000000000000000,Information,,,"File created:

RuleName: EXE

UtcTime: 2023-12-28 12:20:43.861

ProcessGuid: {fda94052-681a-658d-7a02-000000000b00}

ProcessId: 3520

Image: C:\Windows\SoftwareDistribution\Download\Install\UpdatePlatform.amd64fre.exe

TargetFilename: C:\Windows\SystemTemp\EB4BBE84-AFC4-40E1-B9FF-DD868CABC612\x86\MpCopyAccelerator.exe

CreationUtcTime: 2023-12-28 12:20:43.861

User: NT AUTHORITY\SYSTEM",Info,,,,,,,{fda94052-681a-658d-7a02-000000000b00},7044,3520,,,,,,"
      ",EXE,,,,,,2023-12-28T12:20:43.8686247Z,C:\Windows\SystemTemp\EB4BBE84-AFC4-40E1-B9FF-DD868CABC612\x86\MpCopyAccelerator.exe,,File created (rule: FileCreate),,6672,NT AUTHORITY\SYSTEM,S-1-5-18,2023-12-28 12:20:43.861,2,"<Event xmlns=""http://schemas.microsoft.com/win/2004/08/events/event"">
    <System>
      <Provider Name=""Microsoft-Windows-Sysmon"" Guid=""{5770385f-c22a-43e0-bf4c-06f5698ffbd9}""/>
      <EventID>11</EventID>
      <Version>2</Version>
      <Level>4</Level>
      <Task>11</Task>
      <Opcode>0</Opcode>
      <Keywords>0x8000000000000000</Keywords>
      <TimeCreated SystemTime=""2023-12-28T12:20:43.8686247Z""/>
      <EventRecordID>9542</EventRecordID>
      <Correlation/>
      <Execution ProcessID=""7044"" ThreadID=""6672""/>
      <Channel>Microsoft-Windows-Sysmon/Operational</Channel>
      <Computer>WinDev2309Eval</Computer>
      <Security UserID=""S-1-5-18""/>
    </System>
    <EventData>
      <Data Name=""RuleName"">EXE</Data>
      <Data Name=""UtcTime"">2023-12-28 12:20:43.861</Data>
      <Data Name=""ProcessGuid"">{fda94052-681a-658d-7a02-000000000b00}</Data>
      <Data Name=""ProcessId"">3520</Data>
      <Data Name=""Image"">C:\Windows\SoftwareDistribution\Download\Install\UpdatePlatform.amd64fre.exe</Data>
      <Data Name=""TargetFilename"">C:\Windows\SystemTemp\EB4BBE84-AFC4-40E1-B9FF-DD868CABC612\x86\MpCopyAccelerator.exe</Data>
      <Data Name=""CreationUtcTime"">2023-12-28 12:20:43.861</Data>
      <Data Name=""User"">NT AUTHORITY\SYSTEM</Data>
    </EventData>
    <RenderingInfo Culture=""en-US"">
      <Message>File created:

RuleName: EXE

UtcTime: 2023-12-28 12:20:43.861

ProcessGuid: {fda94052-681a-658d-7a02-000000000b00}

ProcessId: 3520

Image: C:\Windows\SoftwareDistribution\Download\Install\UpdatePlatform.amd64fre.exe

TargetFilename: C:\Windows\SystemTemp\EB4BBE84-AFC4-40E1-B9FF-DD868CABC612\x86\MpCopyAccelerator.exe

CreationUtcTime: 2023-12-28 12:20:43.861

User: NT AUTHORITY\SYSTEM</Message>
      <Level>Information</Level>
      <Task>File created (rule: FileCreate)</Task>
      <Opcode>Info</Opcode>
    </RenderingInfo>
  </Event>
  
"
Microsoft-Windows-Sysmon/Operational,,,WinDev2309Eval,2023-12-28 12:20:43.830,,,,,,,,,11,9541,,,,C:\Windows\SoftwareDistribution\Download\Install\UpdatePlatform.amd64fre.exe,,,0x8000000000000000,Information,,,"File created:

RuleName: EXE

UtcTime: 2023-12-28 12:20:43.830

ProcessGuid: {fda94052-681a-658d-7a02-000000000b00}

ProcessId: 3520

Image: C:\Windows\SoftwareDistribution\Download\Install\UpdatePlatform.amd64fre.exe

TargetFilename: C:\Windows\SystemTemp\EB4BBE84-AFC4-40E1-B9FF-DD868CABC612\x86\MpCmdRun.exe

CreationUtcTime: 2023-12-28 12:20:43.830

User: NT AUTHORITY\SYSTEM",Info,,,,,,,{fda94052-681a-658d-7a02-000000000b00},7044,3520,,,,,,"
      ",EXE,,,,,,2023-12-28T12:20:43.8337258Z,C:\Windows\SystemTemp\EB4BBE84-AFC4-40E1-B9FF-DD868CABC612\x86\MpCmdRun.exe,,File created (rule: FileCreate),,6672,NT AUTHORITY\SYSTEM,S-1-5-18,2023-12-28 12:20:43.830,2,"<Event xmlns=""http://schemas.microsoft.com/win/2004/08/events/event"">
    <System>
      <Provider Name=""Microsoft-Windows-Sysmon"" Guid=""{5770385f-c22a-43e0-bf4c-06f5698ffbd9}""/>
      <EventID>11</EventID>
      <Version>2</Version>
      <Level>4</Level>
      <Task>11</Task>
      <Opcode>0</Opcode>
      <Keywords>0x8000000000000000</Keywords>
      <TimeCreated SystemTime=""2023-12-28T12:20:43.8337258Z""/>
      <EventRecordID>9541</EventRecordID>
      <Correlation/>
      <Execution ProcessID=""7044"" ThreadID=""6672""/>
      <Channel>Microsoft-Windows-Sysmon/Operational</Channel>
      <Computer>WinDev2309Eval</Computer>
      <Security UserID=""S-1-5-18""/>
    </System>
    <EventData>
      <Data Name=""RuleName"">EXE</Data>
      <Data Name=""UtcTime"">2023-12-28 12:20:43.830</Data>
      <Data Name=""ProcessGuid"">{fda94052-681a-658d-7a02-000000000b00}</Data>
      <Data Name=""ProcessId"">3520</Data>
      <Data Name=""Image"">C:\Windows\SoftwareDistribution\Download\Install\UpdatePlatform.amd64fre.exe</Data>
      <Data Name=""TargetFilename"">C:\Windows\SystemTemp\EB4BBE84-AFC4-40E1-B9FF-DD868CABC612\x86\MpCmdRun.exe</Data>
      <Data Name=""CreationUtcTime"">2023-12-28 12:20:43.830</Data>
      <Data Name=""User"">NT AUTHORITY\SYSTEM</Data>
    </EventData>
    <RenderingInfo Culture=""en-US"">
      <Message>File created:

RuleName: EXE

UtcTime: 2023-12-28 12:20:43.830

ProcessGuid: {fda94052-681a-658d-7a02-000000000b00}

ProcessId: 3520

Image: C:\Windows\SoftwareDistribution\Download\Install\UpdatePlatform.amd64fre.exe

TargetFilename: C:\Windows\SystemTemp\EB4BBE84-AFC4-40E1-B9FF-DD868CABC612\x86\MpCmdRun.exe

CreationUtcTime: 2023-12-28 12:20:43.830

User: NT AUTHORITY\SYSTEM</Message>
      <Level>Information</Level>
      <Task>File created (rule: FileCreate)</Task>
      <Opcode>Info</Opcode>
    </RenderingInfo>
  </Event>
  
"
