Microsoft-Windows-Sysmon/Operational,"C:\Windows\system32\wevtutil.exe install-manifest ""C:\ProgramData\Microsoft\Windows Defender\Platform\4.18.23110.3-0\Microsoft-Antimalware-Protection.man"" ""/resourceFilePath:C:\ProgramData\Microsoft\Windows Defender\Platform\4.18.23110.3-0\MpClient.dll"" ""/messageFilePath:C:\ProgramData\Microsoft\Windows Defender\Platform\4.18.23110.3-0\MpClient.dll"" ""/parameterFilePath:C:\ProgramData\Microsoft\Windows Defender\Platform\4.18.23110.3-0\MpClient.dll""",Microsoft Corporation,WinDev2309Eval,,C:\Windows\system32\,Windows Event Log Utility,,,,,,,1,9698,,10.0.22621.1778 (WinBuild.160101.0800),"MD5=DFE4A9613993ECAFE6B38DEFE8D495F2,SHA256=3635324AA002EBB7FD99D50E63ACDAC0C34E831A7F35E7B33F37854557538588,IMPHASH=92CA71320A49850E970004A94EA5D695",C:\Windows\System32\wevtutil.exe,,System,0x8000000000000000,Information,{fda94052-34eb-658d-e703-000000000000},0x3e7,"Process Create:

RuleName: -

UtcTime: 2023-12-28 12:20:53.941

ProcessGuid: {fda94052-6825-658d-b702-000000000b00}

ProcessId: 7276

Image: C:\Windows\System32\wevtutil.exe

FileVersion: 10.0.22621.1778 (WinBuild.160101.0800)

Description: Windows Event Log Utility

Product: Microsoft® Windows® Operating System

Company: Microsoft Corporation

OriginalFileName: wevtutil.exe

CommandLine: C:\Windows\system32\wevtutil.exe install-manifest ""C:\ProgramData\Microsoft\Windows Defender\Platform\4.18.23110.3-0\Microsoft-Antimalware-Protection.man"" ""/resourceFilePath:C:\ProgramData\Microsoft\Windows Defender\Platform\4.18.23110.3-0\MpClient.dll"" ""/messageFilePath:C:\ProgramData\Microsoft\Windows Defender\Platform\4.18.23110.3-0\MpClient.dll"" ""/parameterFilePath:C:\ProgramData\Microsoft\Windows Defender\Platform\4.18.23110.3-0\MpClient.dll""

CurrentDirectory: C:\Windows\system32\

User: NT AUTHORITY\SYSTEM

LogonGuid: {fda94052-34eb-658d-e703-000000000000}

LogonId: 0x3E7

TerminalSessionId: 0

IntegrityLevel: System

Hashes: MD5=DFE4A9613993ECAFE6B38DEFE8D495F2,SHA256=3635324AA002EBB7FD99D50E63ACDAC0C34E831A7F35E7B33F37854557538588,IMPHASH=92CA71320A49850E970004A94EA5D695

ParentProcessGuid: {fda94052-6824-658d-a002-000000000b00}

ParentProcessId: 1472

ParentImage: C:\ProgramData\Microsoft\Windows Defender\Platform\4.18.23110.3-0\MsMpEng.exe

ParentCommandLine: ""C:\ProgramData\Microsoft\Windows Defender\Platform\4.18.23110.3-0\MsMpEng.exe""

ParentUser: NT AUTHORITY\SYSTEM",Info,wevtutil.exe,"""C:\ProgramData\Microsoft\Windows Defender\Platform\4.18.23110.3-0\MsMpEng.exe""",C:\ProgramData\Microsoft\Windows Defender\Platform\4.18.23110.3-0\MsMpEng.exe,{fda94052-6824-658d-a002-000000000b00},1472,NT AUTHORITY\SYSTEM,{fda94052-6825-658d-b702-000000000b00},7044,7276,Microsoft® Windows® Operating System,,,,,"
      ",-,,,,,,2023-12-28T12:20:53.9420484Z,,,Process Create (rule: ProcessCreate),0,6672,NT AUTHORITY\SYSTEM,S-1-5-18,2023-12-28 12:20:53.941,5,"<Event xmlns=""http://schemas.microsoft.com/win/2004/08/events/event"">
    <System>
      <Provider Name=""Microsoft-Windows-Sysmon"" Guid=""{5770385f-c22a-43e0-bf4c-06f5698ffbd9}""/>
      <EventID>1</EventID>
      <Version>5</Version>
      <Level>4</Level>
      <Task>1</Task>
      <Opcode>0</Opcode>
      <Keywords>0x8000000000000000</Keywords>
      <TimeCreated SystemTime=""2023-12-28T12:20:53.9420484Z""/>
      <EventRecordID>9698</EventRecordID>
      <Correlation/>
      <Execution ProcessID=""7044"" ThreadID=""6672""/>
      <Channel>Microsoft-Windows-Sysmon/Operational</Channel>
      <Computer>WinDev2309Eval</Computer>
      <Security UserID=""S-1-5-18""/>
    </System>
    <EventData>
      <Data Name=""RuleName"">-</Data>
      <Data Name=""UtcTime"">2023-12-28 12:20:53.941</Data>
      <Data Name=""ProcessGuid"">{fda94052-6825-658d-b702-000000000b00}</Data>
      <Data Name=""ProcessId"">7276</Data>
      <Data Name=""Image"">C:\Windows\System32\wevtutil.exe</Data>
      <Data Name=""FileVersion"">10.0.22621.1778 (WinBuild.160101.0800)</Data>
      <Data Name=""Description"">Windows Event Log Utility</Data>
      <Data Name=""Product"">Microsoft&#174; Windows&#174; Operating System</Data>
      <Data Name=""Company"">Microsoft Corporation</Data>
      <Data Name=""OriginalFileName"">wevtutil.exe</Data>
      <Data Name=""CommandLine"">C:\Windows\system32\wevtutil.exe install-manifest ""C:\ProgramData\Microsoft\Windows Defender\Platform\4.18.23110.3-0\Microsoft-Antimalware-Protection.man"" ""/resourceFilePath:C:\ProgramData\Microsoft\Windows Defender\Platform\4.18.23110.3-0\MpClient.dll"" ""/messageFilePath:C:\ProgramData\Microsoft\Windows Defender\Platform\4.18.23110.3-0\MpClient.dll"" ""/parameterFilePath:C:\ProgramData\Microsoft\Windows Defender\Platform\4.18.23110.3-0\MpClient.dll""</Data>
      <Data Name=""CurrentDirectory"">C:\Windows\system32\</Data>
      <Data Name=""User"">NT AUTHORITY\SYSTEM</Data>
      <Data Name=""LogonGuid"">{fda94052-34eb-658d-e703-000000000000}</Data>
      <Data Name=""LogonId"">0x3e7</Data>
      <Data Name=""TerminalSessionId"">0</Data>
      <Data Name=""IntegrityLevel"">System</Data>
      <Data Name=""Hashes"">MD5=DFE4A9613993ECAFE6B38DEFE8D495F2,SHA256=3635324AA002EBB7FD99D50E63ACDAC0C34E831A7F35E7B33F37854557538588,IMPHASH=92CA71320A49850E970004A94EA5D695</Data>
      <Data Name=""ParentProcessGuid"">{fda94052-6824-658d-a002-000000000b00}</Data>
      <Data Name=""ParentProcessId"">1472</Data>
      <Data Name=""ParentImage"">C:\ProgramData\Microsoft\Windows Defender\Platform\4.18.23110.3-0\MsMpEng.exe</Data>
      <Data Name=""ParentCommandLine"">""C:\ProgramData\Microsoft\Windows Defender\Platform\4.18.23110.3-0\MsMpEng.exe""</Data>
      <Data Name=""ParentUser"">NT AUTHORITY\SYSTEM</Data>
    </EventData>
    <RenderingInfo Culture=""en-US"">
      <Message>Process Create:

RuleName: -

UtcTime: 2023-12-28 12:20:53.941

ProcessGuid: {fda94052-6825-658d-b702-000000000b00}

ProcessId: 7276

Image: C:\Windows\System32\wevtutil.exe

FileVersion: 10.0.22621.1778 (WinBuild.160101.0800)

Description: Windows Event Log Utility

Product: Microsoft&#174; Windows&#174; Operating System

Company: Microsoft Corporation

OriginalFileName: wevtutil.exe

CommandLine: C:\Windows\system32\wevtutil.exe install-manifest ""C:\ProgramData\Microsoft\Windows Defender\Platform\4.18.23110.3-0\Microsoft-Antimalware-Protection.man"" ""/resourceFilePath:C:\ProgramData\Microsoft\Windows Defender\Platform\4.18.23110.3-0\MpClient.dll"" ""/messageFilePath:C:\ProgramData\Microsoft\Windows Defender\Platform\4.18.23110.3-0\MpClient.dll"" ""/parameterFilePath:C:\ProgramData\Microsoft\Windows Defender\Platform\4.18.23110.3-0\MpClient.dll""

CurrentDirectory: C:\Windows\system32\

User: NT AUTHORITY\SYSTEM

LogonGuid: {fda94052-34eb-658d-e703-000000000000}

LogonId: 0x3E7

TerminalSessionId: 0

IntegrityLevel: System

Hashes: MD5=DFE4A9613993ECAFE6B38DEFE8D495F2,SHA256=3635324AA002EBB7FD99D50E63ACDAC0C34E831A7F35E7B33F37854557538588,IMPHASH=92CA71320A49850E970004A94EA5D695

ParentProcessGuid: {fda94052-6824-658d-a002-000000000b00}

ParentProcessId: 1472

ParentImage: C:\ProgramData\Microsoft\Windows Defender\Platform\4.18.23110.3-0\MsMpEng.exe

ParentCommandLine: ""C:\ProgramData\Microsoft\Windows Defender\Platform\4.18.23110.3-0\MsMpEng.exe""

ParentUser: NT AUTHORITY\SYSTEM</Message>
      <Level>Information</Level>
      <Task>Process Create (rule: ProcessCreate)</Task>
      <Opcode>Info</Opcode>
    </RenderingInfo>
  </Event>
  
"
Microsoft-Windows-Sysmon/Operational,"C:\Windows\system32\wevtutil.exe uninstall-manifest ""C:\ProgramData\Microsoft\Windows Defender\Platform\4.18.23110.3-0\Microsoft-Antimalware-Protection.man""",Microsoft Corporation,WinDev2309Eval,,C:\Windows\system32\,Windows Event Log Utility,,,,,,,1,9697,,10.0.22621.1778 (WinBuild.160101.0800),"MD5=DFE4A9613993ECAFE6B38DEFE8D495F2,SHA256=3635324AA002EBB7FD99D50E63ACDAC0C34E831A7F35E7B33F37854557538588,IMPHASH=92CA71320A49850E970004A94EA5D695",C:\Windows\System32\wevtutil.exe,,System,0x8000000000000000,Information,{fda94052-34eb-658d-e703-000000000000},0x3e7,"Process Create:

RuleName: -

UtcTime: 2023-12-28 12:20:53.723

ProcessGuid: {fda94052-6825-658d-b502-000000000b00}

ProcessId: 10888

Image: C:\Windows\System32\wevtutil.exe

FileVersion: 10.0.22621.1778 (WinBuild.160101.0800)

Description: Windows Event Log Utility

Product: Microsoft® Windows® Operating System

Company: Microsoft Corporation

OriginalFileName: wevtutil.exe

CommandLine: C:\Windows\system32\wevtutil.exe uninstall-manifest ""C:\ProgramData\Microsoft\Windows Defender\Platform\4.18.23110.3-0\Microsoft-Antimalware-Protection.man""

CurrentDirectory: C:\Windows\system32\

User: NT AUTHORITY\SYSTEM

LogonGuid: {fda94052-34eb-658d-e703-000000000000}

LogonId: 0x3E7

TerminalSessionId: 0

IntegrityLevel: System

Hashes: MD5=DFE4A9613993ECAFE6B38DEFE8D495F2,SHA256=3635324AA002EBB7FD99D50E63ACDAC0C34E831A7F35E7B33F37854557538588,IMPHASH=92CA71320A49850E970004A94EA5D695

ParentProcessGuid: {fda94052-6824-658d-a002-000000000b00}

ParentProcessId: 1472

ParentImage: C:\ProgramData\Microsoft\Windows Defender\Platform\4.18.23110.3-0\MsMpEng.exe

ParentCommandLine: ""C:\ProgramData\Microsoft\Windows Defender\Platform\4.18.23110.3-0\MsMpEng.exe""

ParentUser: NT AUTHORITY\SYSTEM",Info,wevtutil.exe,"""C:\ProgramData\Microsoft\Windows Defender\Platform\4.18.23110.3-0\MsMpEng.exe""",C:\ProgramData\Microsoft\Windows Defender\Platform\4.18.23110.3-0\MsMpEng.exe,{fda94052-6824-658d-a002-000000000b00},1472,NT AUTHORITY\SYSTEM,{fda94052-6825-658d-b502-000000000b00},7044,10888,Microsoft® Windows® Operating System,,,,,"
      ",-,,,,,,2023-12-28T12:20:53.7245010Z,,,Process Create (rule: ProcessCreate),0,6672,NT AUTHORITY\SYSTEM,S-1-5-18,2023-12-28 12:20:53.723,5,"<Event xmlns=""http://schemas.microsoft.com/win/2004/08/events/event"">
    <System>
      <Provider Name=""Microsoft-Windows-Sysmon"" Guid=""{5770385f-c22a-43e0-bf4c-06f5698ffbd9}""/>
      <EventID>1</EventID>
      <Version>5</Version>
      <Level>4</Level>
      <Task>1</Task>
      <Opcode>0</Opcode>
      <Keywords>0x8000000000000000</Keywords>
      <TimeCreated SystemTime=""2023-12-28T12:20:53.7245010Z""/>
      <EventRecordID>9697</EventRecordID>
      <Correlation/>
      <Execution ProcessID=""7044"" ThreadID=""6672""/>
      <Channel>Microsoft-Windows-Sysmon/Operational</Channel>
      <Computer>WinDev2309Eval</Computer>
      <Security UserID=""S-1-5-18""/>
    </System>
    <EventData>
      <Data Name=""RuleName"">-</Data>
      <Data Name=""UtcTime"">2023-12-28 12:20:53.723</Data>
      <Data Name=""ProcessGuid"">{fda94052-6825-658d-b502-000000000b00}</Data>
      <Data Name=""ProcessId"">10888</Data>
      <Data Name=""Image"">C:\Windows\System32\wevtutil.exe</Data>
      <Data Name=""FileVersion"">10.0.22621.1778 (WinBuild.160101.0800)</Data>
      <Data Name=""Description"">Windows Event Log Utility</Data>
      <Data Name=""Product"">Microsoft&#174; Windows&#174; Operating System</Data>
      <Data Name=""Company"">Microsoft Corporation</Data>
      <Data Name=""OriginalFileName"">wevtutil.exe</Data>
      <Data Name=""CommandLine"">C:\Windows\system32\wevtutil.exe uninstall-manifest ""C:\ProgramData\Microsoft\Windows Defender\Platform\4.18.23110.3-0\Microsoft-Antimalware-Protection.man""</Data>
      <Data Name=""CurrentDirectory"">C:\Windows\system32\</Data>
      <Data Name=""User"">NT AUTHORITY\SYSTEM</Data>
      <Data Name=""LogonGuid"">{fda94052-34eb-658d-e703-000000000000}</Data>
      <Data Name=""LogonId"">0x3e7</Data>
      <Data Name=""TerminalSessionId"">0</Data>
      <Data Name=""IntegrityLevel"">System</Data>
      <Data Name=""Hashes"">MD5=DFE4A9613993ECAFE6B38DEFE8D495F2,SHA256=3635324AA002EBB7FD99D50E63ACDAC0C34E831A7F35E7B33F37854557538588,IMPHASH=92CA71320A49850E970004A94EA5D695</Data>
      <Data Name=""ParentProcessGuid"">{fda94052-6824-658d-a002-000000000b00}</Data>
      <Data Name=""ParentProcessId"">1472</Data>
      <Data Name=""ParentImage"">C:\ProgramData\Microsoft\Windows Defender\Platform\4.18.23110.3-0\MsMpEng.exe</Data>
      <Data Name=""ParentCommandLine"">""C:\ProgramData\Microsoft\Windows Defender\Platform\4.18.23110.3-0\MsMpEng.exe""</Data>
      <Data Name=""ParentUser"">NT AUTHORITY\SYSTEM</Data>
    </EventData>
    <RenderingInfo Culture=""en-US"">
      <Message>Process Create:

RuleName: -

UtcTime: 2023-12-28 12:20:53.723

ProcessGuid: {fda94052-6825-658d-b502-000000000b00}

ProcessId: 10888

Image: C:\Windows\System32\wevtutil.exe

FileVersion: 10.0.22621.1778 (WinBuild.160101.0800)

Description: Windows Event Log Utility

Product: Microsoft&#174; Windows&#174; Operating System

Company: Microsoft Corporation

OriginalFileName: wevtutil.exe

CommandLine: C:\Windows\system32\wevtutil.exe uninstall-manifest ""C:\ProgramData\Microsoft\Windows Defender\Platform\4.18.23110.3-0\Microsoft-Antimalware-Protection.man""

CurrentDirectory: C:\Windows\system32\

User: NT AUTHORITY\SYSTEM

LogonGuid: {fda94052-34eb-658d-e703-000000000000}

LogonId: 0x3E7

TerminalSessionId: 0

IntegrityLevel: System

Hashes: MD5=DFE4A9613993ECAFE6B38DEFE8D495F2,SHA256=3635324AA002EBB7FD99D50E63ACDAC0C34E831A7F35E7B33F37854557538588,IMPHASH=92CA71320A49850E970004A94EA5D695

ParentProcessGuid: {fda94052-6824-658d-a002-000000000b00}

ParentProcessId: 1472

ParentImage: C:\ProgramData\Microsoft\Windows Defender\Platform\4.18.23110.3-0\MsMpEng.exe

ParentCommandLine: ""C:\ProgramData\Microsoft\Windows Defender\Platform\4.18.23110.3-0\MsMpEng.exe""

ParentUser: NT AUTHORITY\SYSTEM</Message>
      <Level>Information</Level>
      <Task>Process Create (rule: ProcessCreate)</Task>
      <Opcode>Info</Opcode>
    </RenderingInfo>
  </Event>
  
"
Microsoft-Windows-Sysmon/Operational,"C:\Windows\system32\wevtutil.exe install-manifest ""C:\ProgramData\Microsoft\Windows Defender\Platform\4.18.23110.3-0\Microsoft-Antimalware-RTP.man"" ""/resourceFilePath:C:\ProgramData\Microsoft\Windows Defender\Platform\4.18.23110.3-0\MpRtp.dll"" ""/messageFilePath:C:\ProgramData\Microsoft\Windows Defender\Platform\4.18.23110.3-0\MpRtp.dll"" ""/parameterFilePath:C:\ProgramData\Microsoft\Windows Defender\Platform\4.18.23110.3-0\MpRtp.dll""",Microsoft Corporation,WinDev2309Eval,,C:\Windows\system32\,Windows Event Log Utility,,,,,,,1,9696,,10.0.22621.1778 (WinBuild.160101.0800),"MD5=DFE4A9613993ECAFE6B38DEFE8D495F2,SHA256=3635324AA002EBB7FD99D50E63ACDAC0C34E831A7F35E7B33F37854557538588,IMPHASH=92CA71320A49850E970004A94EA5D695",C:\Windows\System32\wevtutil.exe,,System,0x8000000000000000,Information,{fda94052-34eb-658d-e703-000000000000},0x3e7,"Process Create:

RuleName: -

UtcTime: 2023-12-28 12:20:53.637

ProcessGuid: {fda94052-6825-658d-b302-000000000b00}

ProcessId: 7144

Image: C:\Windows\System32\wevtutil.exe

FileVersion: 10.0.22621.1778 (WinBuild.160101.0800)

Description: Windows Event Log Utility

Product: Microsoft® Windows® Operating System

Company: Microsoft Corporation

OriginalFileName: wevtutil.exe

CommandLine: C:\Windows\system32\wevtutil.exe install-manifest ""C:\ProgramData\Microsoft\Windows Defender\Platform\4.18.23110.3-0\Microsoft-Antimalware-RTP.man"" ""/resourceFilePath:C:\ProgramData\Microsoft\Windows Defender\Platform\4.18.23110.3-0\MpRtp.dll"" ""/messageFilePath:C:\ProgramData\Microsoft\Windows Defender\Platform\4.18.23110.3-0\MpRtp.dll"" ""/parameterFilePath:C:\ProgramData\Microsoft\Windows Defender\Platform\4.18.23110.3-0\MpRtp.dll""

CurrentDirectory: C:\Windows\system32\

User: NT AUTHORITY\SYSTEM

LogonGuid: {fda94052-34eb-658d-e703-000000000000}

LogonId: 0x3E7

TerminalSessionId: 0

IntegrityLevel: System

Hashes: MD5=DFE4A9613993ECAFE6B38DEFE8D495F2,SHA256=3635324AA002EBB7FD99D50E63ACDAC0C34E831A7F35E7B33F37854557538588,IMPHASH=92CA71320A49850E970004A94EA5D695

ParentProcessGuid: {fda94052-6824-658d-a002-000000000b00}

ParentProcessId: 1472

ParentImage: C:\ProgramData\Microsoft\Windows Defender\Platform\4.18.23110.3-0\MsMpEng.exe

ParentCommandLine: ""C:\ProgramData\Microsoft\Windows Defender\Platform\4.18.23110.3-0\MsMpEng.exe""

ParentUser: NT AUTHORITY\SYSTEM",Info,wevtutil.exe,"""C:\ProgramData\Microsoft\Windows Defender\Platform\4.18.23110.3-0\MsMpEng.exe""",C:\ProgramData\Microsoft\Windows Defender\Platform\4.18.23110.3-0\MsMpEng.exe,{fda94052-6824-658d-a002-000000000b00},1472,NT AUTHORITY\SYSTEM,{fda94052-6825-658d-b302-000000000b00},7044,7144,Microsoft® Windows® Operating System,,,,,"
      ",-,,,,,,2023-12-28T12:20:53.6381740Z,,,Process Create (rule: ProcessCreate),0,6672,NT AUTHORITY\SYSTEM,S-1-5-18,2023-12-28 12:20:53.637,5,"<Event xmlns=""http://schemas.microsoft.com/win/2004/08/events/event"">
    <System>
      <Provider Name=""Microsoft-Windows-Sysmon"" Guid=""{5770385f-c22a-43e0-bf4c-06f5698ffbd9}""/>
      <EventID>1</EventID>
      <Version>5</Version>
      <Level>4</Level>
      <Task>1</Task>
      <Opcode>0</Opcode>
      <Keywords>0x8000000000000000</Keywords>
      <TimeCreated SystemTime=""2023-12-28T12:20:53.6381740Z""/>
      <EventRecordID>9696</EventRecordID>
      <Correlation/>
      <Execution ProcessID=""7044"" ThreadID=""6672""/>
      <Channel>Microsoft-Windows-Sysmon/Operational</Channel>
      <Computer>WinDev2309Eval</Computer>
      <Security UserID=""S-1-5-18""/>
    </System>
    <EventData>
      <Data Name=""RuleName"">-</Data>
      <Data Name=""UtcTime"">2023-12-28 12:20:53.637</Data>
      <Data Name=""ProcessGuid"">{fda94052-6825-658d-b302-000000000b00}</Data>
      <Data Name=""ProcessId"">7144</Data>
      <Data Name=""Image"">C:\Windows\System32\wevtutil.exe</Data>
      <Data Name=""FileVersion"">10.0.22621.1778 (WinBuild.160101.0800)</Data>
      <Data Name=""Description"">Windows Event Log Utility</Data>
      <Data Name=""Product"">Microsoft&#174; Windows&#174; Operating System</Data>
      <Data Name=""Company"">Microsoft Corporation</Data>
      <Data Name=""OriginalFileName"">wevtutil.exe</Data>
      <Data Name=""CommandLine"">C:\Windows\system32\wevtutil.exe install-manifest ""C:\ProgramData\Microsoft\Windows Defender\Platform\4.18.23110.3-0\Microsoft-Antimalware-RTP.man"" ""/resourceFilePath:C:\ProgramData\Microsoft\Windows Defender\Platform\4.18.23110.3-0\MpRtp.dll"" ""/messageFilePath:C:\ProgramData\Microsoft\Windows Defender\Platform\4.18.23110.3-0\MpRtp.dll"" ""/parameterFilePath:C:\ProgramData\Microsoft\Windows Defender\Platform\4.18.23110.3-0\MpRtp.dll""</Data>
      <Data Name=""CurrentDirectory"">C:\Windows\system32\</Data>
      <Data Name=""User"">NT AUTHORITY\SYSTEM</Data>
      <Data Name=""LogonGuid"">{fda94052-34eb-658d-e703-000000000000}</Data>
      <Data Name=""LogonId"">0x3e7</Data>
      <Data Name=""TerminalSessionId"">0</Data>
      <Data Name=""IntegrityLevel"">System</Data>
      <Data Name=""Hashes"">MD5=DFE4A9613993ECAFE6B38DEFE8D495F2,SHA256=3635324AA002EBB7FD99D50E63ACDAC0C34E831A7F35E7B33F37854557538588,IMPHASH=92CA71320A49850E970004A94EA5D695</Data>
      <Data Name=""ParentProcessGuid"">{fda94052-6824-658d-a002-000000000b00}</Data>
      <Data Name=""ParentProcessId"">1472</Data>
      <Data Name=""ParentImage"">C:\ProgramData\Microsoft\Windows Defender\Platform\4.18.23110.3-0\MsMpEng.exe</Data>
      <Data Name=""ParentCommandLine"">""C:\ProgramData\Microsoft\Windows Defender\Platform\4.18.23110.3-0\MsMpEng.exe""</Data>
      <Data Name=""ParentUser"">NT AUTHORITY\SYSTEM</Data>
    </EventData>
    <RenderingInfo Culture=""en-US"">
      <Message>Process Create:

RuleName: -

UtcTime: 2023-12-28 12:20:53.637

ProcessGuid: {fda94052-6825-658d-b302-000000000b00}

ProcessId: 7144

Image: C:\Windows\System32\wevtutil.exe

FileVersion: 10.0.22621.1778 (WinBuild.160101.0800)

Description: Windows Event Log Utility

Product: Microsoft&#174; Windows&#174; Operating System

Company: Microsoft Corporation

OriginalFileName: wevtutil.exe

CommandLine: C:\Windows\system32\wevtutil.exe install-manifest ""C:\ProgramData\Microsoft\Windows Defender\Platform\4.18.23110.3-0\Microsoft-Antimalware-RTP.man"" ""/resourceFilePath:C:\ProgramData\Microsoft\Windows Defender\Platform\4.18.23110.3-0\MpRtp.dll"" ""/messageFilePath:C:\ProgramData\Microsoft\Windows Defender\Platform\4.18.23110.3-0\MpRtp.dll"" ""/parameterFilePath:C:\ProgramData\Microsoft\Windows Defender\Platform\4.18.23110.3-0\MpRtp.dll""

CurrentDirectory: C:\Windows\system32\

User: NT AUTHORITY\SYSTEM

LogonGuid: {fda94052-34eb-658d-e703-000000000000}

LogonId: 0x3E7

TerminalSessionId: 0

IntegrityLevel: System

Hashes: MD5=DFE4A9613993ECAFE6B38DEFE8D495F2,SHA256=3635324AA002EBB7FD99D50E63ACDAC0C34E831A7F35E7B33F37854557538588,IMPHASH=92CA71320A49850E970004A94EA5D695

ParentProcessGuid: {fda94052-6824-658d-a002-000000000b00}

ParentProcessId: 1472

ParentImage: C:\ProgramData\Microsoft\Windows Defender\Platform\4.18.23110.3-0\MsMpEng.exe

ParentCommandLine: ""C:\ProgramData\Microsoft\Windows Defender\Platform\4.18.23110.3-0\MsMpEng.exe""

ParentUser: NT AUTHORITY\SYSTEM</Message>
      <Level>Information</Level>
      <Task>Process Create (rule: ProcessCreate)</Task>
      <Opcode>Info</Opcode>
    </RenderingInfo>
  </Event>
  
"
Microsoft-Windows-Sysmon/Operational,"C:\Windows\system32\wevtutil.exe uninstall-manifest ""C:\ProgramData\Microsoft\Windows Defender\Platform\4.18.23110.3-0\Microsoft-Antimalware-RTP.man""",Microsoft Corporation,WinDev2309Eval,,C:\Windows\system32\,Windows Event Log Utility,,,,,,,1,9695,,10.0.22621.1778 (WinBuild.160101.0800),"MD5=DFE4A9613993ECAFE6B38DEFE8D495F2,SHA256=3635324AA002EBB7FD99D50E63ACDAC0C34E831A7F35E7B33F37854557538588,IMPHASH=92CA71320A49850E970004A94EA5D695",C:\Windows\System32\wevtutil.exe,,System,0x8000000000000000,Information,{fda94052-34eb-658d-e703-000000000000},0x3e7,"Process Create:

RuleName: -

UtcTime: 2023-12-28 12:20:53.533

ProcessGuid: {fda94052-6825-658d-b102-000000000b00}

ProcessId: 6008

Image: C:\Windows\System32\wevtutil.exe

FileVersion: 10.0.22621.1778 (WinBuild.160101.0800)

Description: Windows Event Log Utility

Product: Microsoft® Windows® Operating System

Company: Microsoft Corporation

OriginalFileName: wevtutil.exe

CommandLine: C:\Windows\system32\wevtutil.exe uninstall-manifest ""C:\ProgramData\Microsoft\Windows Defender\Platform\4.18.23110.3-0\Microsoft-Antimalware-RTP.man""

CurrentDirectory: C:\Windows\system32\

User: NT AUTHORITY\SYSTEM

LogonGuid: {fda94052-34eb-658d-e703-000000000000}

LogonId: 0x3E7

TerminalSessionId: 0

IntegrityLevel: System

Hashes: MD5=DFE4A9613993ECAFE6B38DEFE8D495F2,SHA256=3635324AA002EBB7FD99D50E63ACDAC0C34E831A7F35E7B33F37854557538588,IMPHASH=92CA71320A49850E970004A94EA5D695

ParentProcessGuid: {fda94052-6824-658d-a002-000000000b00}

ParentProcessId: 1472

ParentImage: C:\ProgramData\Microsoft\Windows Defender\Platform\4.18.23110.3-0\MsMpEng.exe

ParentCommandLine: ""C:\ProgramData\Microsoft\Windows Defender\Platform\4.18.23110.3-0\MsMpEng.exe""

ParentUser: NT AUTHORITY\SYSTEM",Info,wevtutil.exe,"""C:\ProgramData\Microsoft\Windows Defender\Platform\4.18.23110.3-0\MsMpEng.exe""",C:\ProgramData\Microsoft\Windows Defender\Platform\4.18.23110.3-0\MsMpEng.exe,{fda94052-6824-658d-a002-000000000b00},1472,NT AUTHORITY\SYSTEM,{fda94052-6825-658d-b102-000000000b00},7044,6008,Microsoft® Windows® Operating System,,,,,"
      ",-,,,,,,2023-12-28T12:20:53.5343172Z,,,Process Create (rule: ProcessCreate),0,6672,NT AUTHORITY\SYSTEM,S-1-5-18,2023-12-28 12:20:53.533,5,"<Event xmlns=""http://schemas.microsoft.com/win/2004/08/events/event"">
    <System>
      <Provider Name=""Microsoft-Windows-Sysmon"" Guid=""{5770385f-c22a-43e0-bf4c-06f5698ffbd9}""/>
      <EventID>1</EventID>
      <Version>5</Version>
      <Level>4</Level>
      <Task>1</Task>
      <Opcode>0</Opcode>
      <Keywords>0x8000000000000000</Keywords>
      <TimeCreated SystemTime=""2023-12-28T12:20:53.5343172Z""/>
      <EventRecordID>9695</EventRecordID>
      <Correlation/>
      <Execution ProcessID=""7044"" ThreadID=""6672""/>
      <Channel>Microsoft-Windows-Sysmon/Operational</Channel>
      <Computer>WinDev2309Eval</Computer>
      <Security UserID=""S-1-5-18""/>
    </System>
    <EventData>
      <Data Name=""RuleName"">-</Data>
      <Data Name=""UtcTime"">2023-12-28 12:20:53.533</Data>
      <Data Name=""ProcessGuid"">{fda94052-6825-658d-b102-000000000b00}</Data>
      <Data Name=""ProcessId"">6008</Data>
      <Data Name=""Image"">C:\Windows\System32\wevtutil.exe</Data>
      <Data Name=""FileVersion"">10.0.22621.1778 (WinBuild.160101.0800)</Data>
      <Data Name=""Description"">Windows Event Log Utility</Data>
      <Data Name=""Product"">Microsoft&#174; Windows&#174; Operating System</Data>
      <Data Name=""Company"">Microsoft Corporation</Data>
      <Data Name=""OriginalFileName"">wevtutil.exe</Data>
      <Data Name=""CommandLine"">C:\Windows\system32\wevtutil.exe uninstall-manifest ""C:\ProgramData\Microsoft\Windows Defender\Platform\4.18.23110.3-0\Microsoft-Antimalware-RTP.man""</Data>
      <Data Name=""CurrentDirectory"">C:\Windows\system32\</Data>
      <Data Name=""User"">NT AUTHORITY\SYSTEM</Data>
      <Data Name=""LogonGuid"">{fda94052-34eb-658d-e703-000000000000}</Data>
      <Data Name=""LogonId"">0x3e7</Data>
      <Data Name=""TerminalSessionId"">0</Data>
      <Data Name=""IntegrityLevel"">System</Data>
      <Data Name=""Hashes"">MD5=DFE4A9613993ECAFE6B38DEFE8D495F2,SHA256=3635324AA002EBB7FD99D50E63ACDAC0C34E831A7F35E7B33F37854557538588,IMPHASH=92CA71320A49850E970004A94EA5D695</Data>
      <Data Name=""ParentProcessGuid"">{fda94052-6824-658d-a002-000000000b00}</Data>
      <Data Name=""ParentProcessId"">1472</Data>
      <Data Name=""ParentImage"">C:\ProgramData\Microsoft\Windows Defender\Platform\4.18.23110.3-0\MsMpEng.exe</Data>
      <Data Name=""ParentCommandLine"">""C:\ProgramData\Microsoft\Windows Defender\Platform\4.18.23110.3-0\MsMpEng.exe""</Data>
      <Data Name=""ParentUser"">NT AUTHORITY\SYSTEM</Data>
    </EventData>
    <RenderingInfo Culture=""en-US"">
      <Message>Process Create:

RuleName: -

UtcTime: 2023-12-28 12:20:53.533

ProcessGuid: {fda94052-6825-658d-b102-000000000b00}

ProcessId: 6008

Image: C:\Windows\System32\wevtutil.exe

FileVersion: 10.0.22621.1778 (WinBuild.160101.0800)

Description: Windows Event Log Utility

Product: Microsoft&#174; Windows&#174; Operating System

Company: Microsoft Corporation

OriginalFileName: wevtutil.exe

CommandLine: C:\Windows\system32\wevtutil.exe uninstall-manifest ""C:\ProgramData\Microsoft\Windows Defender\Platform\4.18.23110.3-0\Microsoft-Antimalware-RTP.man""

CurrentDirectory: C:\Windows\system32\

User: NT AUTHORITY\SYSTEM

LogonGuid: {fda94052-34eb-658d-e703-000000000000}

LogonId: 0x3E7

TerminalSessionId: 0

IntegrityLevel: System

Hashes: MD5=DFE4A9613993ECAFE6B38DEFE8D495F2,SHA256=3635324AA002EBB7FD99D50E63ACDAC0C34E831A7F35E7B33F37854557538588,IMPHASH=92CA71320A49850E970004A94EA5D695

ParentProcessGuid: {fda94052-6824-658d-a002-000000000b00}

ParentProcessId: 1472

ParentImage: C:\ProgramData\Microsoft\Windows Defender\Platform\4.18.23110.3-0\MsMpEng.exe

ParentCommandLine: ""C:\ProgramData\Microsoft\Windows Defender\Platform\4.18.23110.3-0\MsMpEng.exe""

ParentUser: NT AUTHORITY\SYSTEM</Message>
      <Level>Information</Level>
      <Task>Process Create (rule: ProcessCreate)</Task>
      <Opcode>Info</Opcode>
    </RenderingInfo>
  </Event>
  
"
Microsoft-Windows-Sysmon/Operational,"C:\Windows\system32\wevtutil.exe install-manifest ""C:\ProgramData\Microsoft\Windows Defender\Platform\4.18.23110.3-0\Microsoft-Antimalware-NIS.man"" ""/resourceFilePath:C:\ProgramData\Microsoft\Windows Defender\Platform\4.18.23110.3-0\NisSrv.exe"" ""/messageFilePath:C:\ProgramData\Microsoft\Windows Defender\Platform\4.18.23110.3-0\NisSrv.exe"" ""/parameterFilePath:C:\ProgramData\Microsoft\Windows Defender\Platform\4.18.23110.3-0\NisSrv.exe""",Microsoft Corporation,WinDev2309Eval,,C:\Windows\system32\,Windows Event Log Utility,,,,,,,1,9694,,10.0.22621.1778 (WinBuild.160101.0800),"MD5=DFE4A9613993ECAFE6B38DEFE8D495F2,SHA256=3635324AA002EBB7FD99D50E63ACDAC0C34E831A7F35E7B33F37854557538588,IMPHASH=92CA71320A49850E970004A94EA5D695",C:\Windows\System32\wevtutil.exe,,System,0x8000000000000000,Information,{fda94052-34eb-658d-e703-000000000000},0x3e7,"Process Create:

RuleName: -

UtcTime: 2023-12-28 12:20:53.452

ProcessGuid: {fda94052-6825-658d-af02-000000000b00}

ProcessId: 3992

Image: C:\Windows\System32\wevtutil.exe

FileVersion: 10.0.22621.1778 (WinBuild.160101.0800)

Description: Windows Event Log Utility

Product: Microsoft® Windows® Operating System

Company: Microsoft Corporation

OriginalFileName: wevtutil.exe

CommandLine: C:\Windows\system32\wevtutil.exe install-manifest ""C:\ProgramData\Microsoft\Windows Defender\Platform\4.18.23110.3-0\Microsoft-Antimalware-NIS.man"" ""/resourceFilePath:C:\ProgramData\Microsoft\Windows Defender\Platform\4.18.23110.3-0\NisSrv.exe"" ""/messageFilePath:C:\ProgramData\Microsoft\Windows Defender\Platform\4.18.23110.3-0\NisSrv.exe"" ""/parameterFilePath:C:\ProgramData\Microsoft\Windows Defender\Platform\4.18.23110.3-0\NisSrv.exe""

CurrentDirectory: C:\Windows\system32\

User: NT AUTHORITY\SYSTEM

LogonGuid: {fda94052-34eb-658d-e703-000000000000}

LogonId: 0x3E7

TerminalSessionId: 0

IntegrityLevel: System

Hashes: MD5=DFE4A9613993ECAFE6B38DEFE8D495F2,SHA256=3635324AA002EBB7FD99D50E63ACDAC0C34E831A7F35E7B33F37854557538588,IMPHASH=92CA71320A49850E970004A94EA5D695

ParentProcessGuid: {fda94052-6824-658d-a002-000000000b00}

ParentProcessId: 1472

ParentImage: C:\ProgramData\Microsoft\Windows Defender\Platform\4.18.23110.3-0\MsMpEng.exe

ParentCommandLine: ""C:\ProgramData\Microsoft\Windows Defender\Platform\4.18.23110.3-0\MsMpEng.exe""

ParentUser: NT AUTHORITY\SYSTEM",Info,wevtutil.exe,"""C:\ProgramData\Microsoft\Windows Defender\Platform\4.18.23110.3-0\MsMpEng.exe""",C:\ProgramData\Microsoft\Windows Defender\Platform\4.18.23110.3-0\MsMpEng.exe,{fda94052-6824-658d-a002-000000000b00},1472,NT AUTHORITY\SYSTEM,{fda94052-6825-658d-af02-000000000b00},7044,3992,Microsoft® Windows® Operating System,,,,,"
      ",-,,,,,,2023-12-28T12:20:53.4534275Z,,,Process Create (rule: ProcessCreate),0,6672,NT AUTHORITY\SYSTEM,S-1-5-18,2023-12-28 12:20:53.452,5,"<Event xmlns=""http://schemas.microsoft.com/win/2004/08/events/event"">
    <System>
      <Provider Name=""Microsoft-Windows-Sysmon"" Guid=""{5770385f-c22a-43e0-bf4c-06f5698ffbd9}""/>
      <EventID>1</EventID>
      <Version>5</Version>
      <Level>4</Level>
      <Task>1</Task>
      <Opcode>0</Opcode>
      <Keywords>0x8000000000000000</Keywords>
      <TimeCreated SystemTime=""2023-12-28T12:20:53.4534275Z""/>
      <EventRecordID>9694</EventRecordID>
      <Correlation/>
      <Execution ProcessID=""7044"" ThreadID=""6672""/>
      <Channel>Microsoft-Windows-Sysmon/Operational</Channel>
      <Computer>WinDev2309Eval</Computer>
      <Security UserID=""S-1-5-18""/>
    </System>
    <EventData>
      <Data Name=""RuleName"">-</Data>
      <Data Name=""UtcTime"">2023-12-28 12:20:53.452</Data>
      <Data Name=""ProcessGuid"">{fda94052-6825-658d-af02-000000000b00}</Data>
      <Data Name=""ProcessId"">3992</Data>
      <Data Name=""Image"">C:\Windows\System32\wevtutil.exe</Data>
      <Data Name=""FileVersion"">10.0.22621.1778 (WinBuild.160101.0800)</Data>
      <Data Name=""Description"">Windows Event Log Utility</Data>
      <Data Name=""Product"">Microsoft&#174; Windows&#174; Operating System</Data>
      <Data Name=""Company"">Microsoft Corporation</Data>
      <Data Name=""OriginalFileName"">wevtutil.exe</Data>
      <Data Name=""CommandLine"">C:\Windows\system32\wevtutil.exe install-manifest ""C:\ProgramData\Microsoft\Windows Defender\Platform\4.18.23110.3-0\Microsoft-Antimalware-NIS.man"" ""/resourceFilePath:C:\ProgramData\Microsoft\Windows Defender\Platform\4.18.23110.3-0\NisSrv.exe"" ""/messageFilePath:C:\ProgramData\Microsoft\Windows Defender\Platform\4.18.23110.3-0\NisSrv.exe"" ""/parameterFilePath:C:\ProgramData\Microsoft\Windows Defender\Platform\4.18.23110.3-0\NisSrv.exe""</Data>
      <Data Name=""CurrentDirectory"">C:\Windows\system32\</Data>
      <Data Name=""User"">NT AUTHORITY\SYSTEM</Data>
      <Data Name=""LogonGuid"">{fda94052-34eb-658d-e703-000000000000}</Data>
      <Data Name=""LogonId"">0x3e7</Data>
      <Data Name=""TerminalSessionId"">0</Data>
      <Data Name=""IntegrityLevel"">System</Data>
      <Data Name=""Hashes"">MD5=DFE4A9613993ECAFE6B38DEFE8D495F2,SHA256=3635324AA002EBB7FD99D50E63ACDAC0C34E831A7F35E7B33F37854557538588,IMPHASH=92CA71320A49850E970004A94EA5D695</Data>
      <Data Name=""ParentProcessGuid"">{fda94052-6824-658d-a002-000000000b00}</Data>
      <Data Name=""ParentProcessId"">1472</Data>
      <Data Name=""ParentImage"">C:\ProgramData\Microsoft\Windows Defender\Platform\4.18.23110.3-0\MsMpEng.exe</Data>
      <Data Name=""ParentCommandLine"">""C:\ProgramData\Microsoft\Windows Defender\Platform\4.18.23110.3-0\MsMpEng.exe""</Data>
      <Data Name=""ParentUser"">NT AUTHORITY\SYSTEM</Data>
    </EventData>
    <RenderingInfo Culture=""en-US"">
      <Message>Process Create:

RuleName: -

UtcTime: 2023-12-28 12:20:53.452

ProcessGuid: {fda94052-6825-658d-af02-000000000b00}

ProcessId: 3992

Image: C:\Windows\System32\wevtutil.exe

FileVersion: 10.0.22621.1778 (WinBuild.160101.0800)

Description: Windows Event Log Utility

Product: Microsoft&#174; Windows&#174; Operating System

Company: Microsoft Corporation

OriginalFileName: wevtutil.exe

CommandLine: C:\Windows\system32\wevtutil.exe install-manifest ""C:\ProgramData\Microsoft\Windows Defender\Platform\4.18.23110.3-0\Microsoft-Antimalware-NIS.man"" ""/resourceFilePath:C:\ProgramData\Microsoft\Windows Defender\Platform\4.18.23110.3-0\NisSrv.exe"" ""/messageFilePath:C:\ProgramData\Microsoft\Windows Defender\Platform\4.18.23110.3-0\NisSrv.exe"" ""/parameterFilePath:C:\ProgramData\Microsoft\Windows Defender\Platform\4.18.23110.3-0\NisSrv.exe""

CurrentDirectory: C:\Windows\system32\

User: NT AUTHORITY\SYSTEM

LogonGuid: {fda94052-34eb-658d-e703-000000000000}

LogonId: 0x3E7

TerminalSessionId: 0

IntegrityLevel: System

Hashes: MD5=DFE4A9613993ECAFE6B38DEFE8D495F2,SHA256=3635324AA002EBB7FD99D50E63ACDAC0C34E831A7F35E7B33F37854557538588,IMPHASH=92CA71320A49850E970004A94EA5D695

ParentProcessGuid: {fda94052-6824-658d-a002-000000000b00}

ParentProcessId: 1472

ParentImage: C:\ProgramData\Microsoft\Windows Defender\Platform\4.18.23110.3-0\MsMpEng.exe

ParentCommandLine: ""C:\ProgramData\Microsoft\Windows Defender\Platform\4.18.23110.3-0\MsMpEng.exe""

ParentUser: NT AUTHORITY\SYSTEM</Message>
      <Level>Information</Level>
      <Task>Process Create (rule: ProcessCreate)</Task>
      <Opcode>Info</Opcode>
    </RenderingInfo>
  </Event>
  
"
Microsoft-Windows-Sysmon/Operational,"C:\Windows\system32\wevtutil.exe uninstall-manifest ""C:\ProgramData\Microsoft\Windows Defender\Platform\4.18.23110.3-0\Microsoft-Antimalware-NIS.man""",Microsoft Corporation,WinDev2309Eval,,C:\Windows\system32\,Windows Event Log Utility,,,,,,,1,9693,,10.0.22621.1778 (WinBuild.160101.0800),"MD5=DFE4A9613993ECAFE6B38DEFE8D495F2,SHA256=3635324AA002EBB7FD99D50E63ACDAC0C34E831A7F35E7B33F37854557538588,IMPHASH=92CA71320A49850E970004A94EA5D695",C:\Windows\System32\wevtutil.exe,,System,0x8000000000000000,Information,{fda94052-34eb-658d-e703-000000000000},0x3e7,"Process Create:

RuleName: -

UtcTime: 2023-12-28 12:20:53.392

ProcessGuid: {fda94052-6825-658d-ad02-000000000b00}

ProcessId: 8384

Image: C:\Windows\System32\wevtutil.exe

FileVersion: 10.0.22621.1778 (WinBuild.160101.0800)

Description: Windows Event Log Utility

Product: Microsoft® Windows® Operating System

Company: Microsoft Corporation

OriginalFileName: wevtutil.exe

CommandLine: C:\Windows\system32\wevtutil.exe uninstall-manifest ""C:\ProgramData\Microsoft\Windows Defender\Platform\4.18.23110.3-0\Microsoft-Antimalware-NIS.man""

CurrentDirectory: C:\Windows\system32\

User: NT AUTHORITY\SYSTEM

LogonGuid: {fda94052-34eb-658d-e703-000000000000}

LogonId: 0x3E7

TerminalSessionId: 0

IntegrityLevel: System

Hashes: MD5=DFE4A9613993ECAFE6B38DEFE8D495F2,SHA256=3635324AA002EBB7FD99D50E63ACDAC0C34E831A7F35E7B33F37854557538588,IMPHASH=92CA71320A49850E970004A94EA5D695

ParentProcessGuid: {fda94052-6824-658d-a002-000000000b00}

ParentProcessId: 1472

ParentImage: C:\ProgramData\Microsoft\Windows Defender\Platform\4.18.23110.3-0\MsMpEng.exe

ParentCommandLine: ""C:\ProgramData\Microsoft\Windows Defender\Platform\4.18.23110.3-0\MsMpEng.exe""

ParentUser: NT AUTHORITY\SYSTEM",Info,wevtutil.exe,"""C:\ProgramData\Microsoft\Windows Defender\Platform\4.18.23110.3-0\MsMpEng.exe""",C:\ProgramData\Microsoft\Windows Defender\Platform\4.18.23110.3-0\MsMpEng.exe,{fda94052-6824-658d-a002-000000000b00},1472,NT AUTHORITY\SYSTEM,{fda94052-6825-658d-ad02-000000000b00},7044,8384,Microsoft® Windows® Operating System,,,,,"
      ",-,,,,,,2023-12-28T12:20:53.3936314Z,,,Process Create (rule: ProcessCreate),0,6672,NT AUTHORITY\SYSTEM,S-1-5-18,2023-12-28 12:20:53.392,5,"<Event xmlns=""http://schemas.microsoft.com/win/2004/08/events/event"">
    <System>
      <Provider Name=""Microsoft-Windows-Sysmon"" Guid=""{5770385f-c22a-43e0-bf4c-06f5698ffbd9}""/>
      <EventID>1</EventID>
      <Version>5</Version>
      <Level>4</Level>
      <Task>1</Task>
      <Opcode>0</Opcode>
      <Keywords>0x8000000000000000</Keywords>
      <TimeCreated SystemTime=""2023-12-28T12:20:53.3936314Z""/>
      <EventRecordID>9693</EventRecordID>
      <Correlation/>
      <Execution ProcessID=""7044"" ThreadID=""6672""/>
      <Channel>Microsoft-Windows-Sysmon/Operational</Channel>
      <Computer>WinDev2309Eval</Computer>
      <Security UserID=""S-1-5-18""/>
    </System>
    <EventData>
      <Data Name=""RuleName"">-</Data>
      <Data Name=""UtcTime"">2023-12-28 12:20:53.392</Data>
      <Data Name=""ProcessGuid"">{fda94052-6825-658d-ad02-000000000b00}</Data>
      <Data Name=""ProcessId"">8384</Data>
      <Data Name=""Image"">C:\Windows\System32\wevtutil.exe</Data>
      <Data Name=""FileVersion"">10.0.22621.1778 (WinBuild.160101.0800)</Data>
      <Data Name=""Description"">Windows Event Log Utility</Data>
      <Data Name=""Product"">Microsoft&#174; Windows&#174; Operating System</Data>
      <Data Name=""Company"">Microsoft Corporation</Data>
      <Data Name=""OriginalFileName"">wevtutil.exe</Data>
      <Data Name=""CommandLine"">C:\Windows\system32\wevtutil.exe uninstall-manifest ""C:\ProgramData\Microsoft\Windows Defender\Platform\4.18.23110.3-0\Microsoft-Antimalware-NIS.man""</Data>
      <Data Name=""CurrentDirectory"">C:\Windows\system32\</Data>
      <Data Name=""User"">NT AUTHORITY\SYSTEM</Data>
      <Data Name=""LogonGuid"">{fda94052-34eb-658d-e703-000000000000}</Data>
      <Data Name=""LogonId"">0x3e7</Data>
      <Data Name=""TerminalSessionId"">0</Data>
      <Data Name=""IntegrityLevel"">System</Data>
      <Data Name=""Hashes"">MD5=DFE4A9613993ECAFE6B38DEFE8D495F2,SHA256=3635324AA002EBB7FD99D50E63ACDAC0C34E831A7F35E7B33F37854557538588,IMPHASH=92CA71320A49850E970004A94EA5D695</Data>
      <Data Name=""ParentProcessGuid"">{fda94052-6824-658d-a002-000000000b00}</Data>
      <Data Name=""ParentProcessId"">1472</Data>
      <Data Name=""ParentImage"">C:\ProgramData\Microsoft\Windows Defender\Platform\4.18.23110.3-0\MsMpEng.exe</Data>
      <Data Name=""ParentCommandLine"">""C:\ProgramData\Microsoft\Windows Defender\Platform\4.18.23110.3-0\MsMpEng.exe""</Data>
      <Data Name=""ParentUser"">NT AUTHORITY\SYSTEM</Data>
    </EventData>
    <RenderingInfo Culture=""en-US"">
      <Message>Process Create:

RuleName: -

UtcTime: 2023-12-28 12:20:53.392

ProcessGuid: {fda94052-6825-658d-ad02-000000000b00}

ProcessId: 8384

Image: C:\Windows\System32\wevtutil.exe

FileVersion: 10.0.22621.1778 (WinBuild.160101.0800)

Description: Windows Event Log Utility

Product: Microsoft&#174; Windows&#174; Operating System

Company: Microsoft Corporation

OriginalFileName: wevtutil.exe

CommandLine: C:\Windows\system32\wevtutil.exe uninstall-manifest ""C:\ProgramData\Microsoft\Windows Defender\Platform\4.18.23110.3-0\Microsoft-Antimalware-NIS.man""

CurrentDirectory: C:\Windows\system32\

User: NT AUTHORITY\SYSTEM

LogonGuid: {fda94052-34eb-658d-e703-000000000000}

LogonId: 0x3E7

TerminalSessionId: 0

IntegrityLevel: System

Hashes: MD5=DFE4A9613993ECAFE6B38DEFE8D495F2,SHA256=3635324AA002EBB7FD99D50E63ACDAC0C34E831A7F35E7B33F37854557538588,IMPHASH=92CA71320A49850E970004A94EA5D695

ParentProcessGuid: {fda94052-6824-658d-a002-000000000b00}

ParentProcessId: 1472

ParentImage: C:\ProgramData\Microsoft\Windows Defender\Platform\4.18.23110.3-0\MsMpEng.exe

ParentCommandLine: ""C:\ProgramData\Microsoft\Windows Defender\Platform\4.18.23110.3-0\MsMpEng.exe""

ParentUser: NT AUTHORITY\SYSTEM</Message>
      <Level>Information</Level>
      <Task>Process Create (rule: ProcessCreate)</Task>
      <Opcode>Info</Opcode>
    </RenderingInfo>
  </Event>
  
"
Microsoft-Windows-Sysmon/Operational,"C:\Windows\system32\wevtutil.exe install-manifest ""C:\ProgramData\Microsoft\Windows Defender\Platform\4.18.23110.3-0\Microsoft-Antimalware-Service.man"" ""/resourceFilePath:C:\ProgramData\Microsoft\Windows Defender\Platform\4.18.23110.3-0\MpSvc.dll"" ""/messageFilePath:C:\ProgramData\Microsoft\Windows Defender\Platform\4.18.23110.3-0\MpSvc.dll"" ""/parameterFilePath:C:\ProgramData\Microsoft\Windows Defender\Platform\4.18.23110.3-0\MpSvc.dll""",Microsoft Corporation,WinDev2309Eval,,C:\Windows\system32\,Windows Event Log Utility,,,,,,,1,9692,,10.0.22621.1778 (WinBuild.160101.0800),"MD5=DFE4A9613993ECAFE6B38DEFE8D495F2,SHA256=3635324AA002EBB7FD99D50E63ACDAC0C34E831A7F35E7B33F37854557538588,IMPHASH=92CA71320A49850E970004A94EA5D695",C:\Windows\System32\wevtutil.exe,,System,0x8000000000000000,Information,{fda94052-34eb-658d-e703-000000000000},0x3e7,"Process Create:

RuleName: -

UtcTime: 2023-12-28 12:20:53.298

ProcessGuid: {fda94052-6825-658d-ab02-000000000b00}

ProcessId: 11224

Image: C:\Windows\System32\wevtutil.exe

FileVersion: 10.0.22621.1778 (WinBuild.160101.0800)

Description: Windows Event Log Utility

Product: Microsoft® Windows® Operating System

Company: Microsoft Corporation

OriginalFileName: wevtutil.exe

CommandLine: C:\Windows\system32\wevtutil.exe install-manifest ""C:\ProgramData\Microsoft\Windows Defender\Platform\4.18.23110.3-0\Microsoft-Antimalware-Service.man"" ""/resourceFilePath:C:\ProgramData\Microsoft\Windows Defender\Platform\4.18.23110.3-0\MpSvc.dll"" ""/messageFilePath:C:\ProgramData\Microsoft\Windows Defender\Platform\4.18.23110.3-0\MpSvc.dll"" ""/parameterFilePath:C:\ProgramData\Microsoft\Windows Defender\Platform\4.18.23110.3-0\MpSvc.dll""

CurrentDirectory: C:\Windows\system32\

User: NT AUTHORITY\SYSTEM

LogonGuid: {fda94052-34eb-658d-e703-000000000000}

LogonId: 0x3E7

TerminalSessionId: 0

IntegrityLevel: System

Hashes: MD5=DFE4A9613993ECAFE6B38DEFE8D495F2,SHA256=3635324AA002EBB7FD99D50E63ACDAC0C34E831A7F35E7B33F37854557538588,IMPHASH=92CA71320A49850E970004A94EA5D695

ParentProcessGuid: {fda94052-6824-658d-a002-000000000b00}

ParentProcessId: 1472

ParentImage: C:\ProgramData\Microsoft\Windows Defender\Platform\4.18.23110.3-0\MsMpEng.exe

ParentCommandLine: ""C:\ProgramData\Microsoft\Windows Defender\Platform\4.18.23110.3-0\MsMpEng.exe""

ParentUser: NT AUTHORITY\SYSTEM",Info,wevtutil.exe,"""C:\ProgramData\Microsoft\Windows Defender\Platform\4.18.23110.3-0\MsMpEng.exe""",C:\ProgramData\Microsoft\Windows Defender\Platform\4.18.23110.3-0\MsMpEng.exe,{fda94052-6824-658d-a002-000000000b00},1472,NT AUTHORITY\SYSTEM,{fda94052-6825-658d-ab02-000000000b00},7044,11224,Microsoft® Windows® Operating System,,,,,"
      ",-,,,,,,2023-12-28T12:20:53.2992154Z,,,Process Create (rule: ProcessCreate),0,6672,NT AUTHORITY\SYSTEM,S-1-5-18,2023-12-28 12:20:53.298,5,"<Event xmlns=""http://schemas.microsoft.com/win/2004/08/events/event"">
    <System>
      <Provider Name=""Microsoft-Windows-Sysmon"" Guid=""{5770385f-c22a-43e0-bf4c-06f5698ffbd9}""/>
      <EventID>1</EventID>
      <Version>5</Version>
      <Level>4</Level>
      <Task>1</Task>
      <Opcode>0</Opcode>
      <Keywords>0x8000000000000000</Keywords>
      <TimeCreated SystemTime=""2023-12-28T12:20:53.2992154Z""/>
      <EventRecordID>9692</EventRecordID>
      <Correlation/>
      <Execution ProcessID=""7044"" ThreadID=""6672""/>
      <Channel>Microsoft-Windows-Sysmon/Operational</Channel>
      <Computer>WinDev2309Eval</Computer>
      <Security UserID=""S-1-5-18""/>
    </System>
    <EventData>
      <Data Name=""RuleName"">-</Data>
      <Data Name=""UtcTime"">2023-12-28 12:20:53.298</Data>
      <Data Name=""ProcessGuid"">{fda94052-6825-658d-ab02-000000000b00}</Data>
      <Data Name=""ProcessId"">11224</Data>
      <Data Name=""Image"">C:\Windows\System32\wevtutil.exe</Data>
      <Data Name=""FileVersion"">10.0.22621.1778 (WinBuild.160101.0800)</Data>
      <Data Name=""Description"">Windows Event Log Utility</Data>
      <Data Name=""Product"">Microsoft&#174; Windows&#174; Operating System</Data>
      <Data Name=""Company"">Microsoft Corporation</Data>
      <Data Name=""OriginalFileName"">wevtutil.exe</Data>
      <Data Name=""CommandLine"">C:\Windows\system32\wevtutil.exe install-manifest ""C:\ProgramData\Microsoft\Windows Defender\Platform\4.18.23110.3-0\Microsoft-Antimalware-Service.man"" ""/resourceFilePath:C:\ProgramData\Microsoft\Windows Defender\Platform\4.18.23110.3-0\MpSvc.dll"" ""/messageFilePath:C:\ProgramData\Microsoft\Windows Defender\Platform\4.18.23110.3-0\MpSvc.dll"" ""/parameterFilePath:C:\ProgramData\Microsoft\Windows Defender\Platform\4.18.23110.3-0\MpSvc.dll""</Data>
      <Data Name=""CurrentDirectory"">C:\Windows\system32\</Data>
      <Data Name=""User"">NT AUTHORITY\SYSTEM</Data>
      <Data Name=""LogonGuid"">{fda94052-34eb-658d-e703-000000000000}</Data>
      <Data Name=""LogonId"">0x3e7</Data>
      <Data Name=""TerminalSessionId"">0</Data>
      <Data Name=""IntegrityLevel"">System</Data>
      <Data Name=""Hashes"">MD5=DFE4A9613993ECAFE6B38DEFE8D495F2,SHA256=3635324AA002EBB7FD99D50E63ACDAC0C34E831A7F35E7B33F37854557538588,IMPHASH=92CA71320A49850E970004A94EA5D695</Data>
      <Data Name=""ParentProcessGuid"">{fda94052-6824-658d-a002-000000000b00}</Data>
      <Data Name=""ParentProcessId"">1472</Data>
      <Data Name=""ParentImage"">C:\ProgramData\Microsoft\Windows Defender\Platform\4.18.23110.3-0\MsMpEng.exe</Data>
      <Data Name=""ParentCommandLine"">""C:\ProgramData\Microsoft\Windows Defender\Platform\4.18.23110.3-0\MsMpEng.exe""</Data>
      <Data Name=""ParentUser"">NT AUTHORITY\SYSTEM</Data>
    </EventData>
    <RenderingInfo Culture=""en-US"">
      <Message>Process Create:

RuleName: -

UtcTime: 2023-12-28 12:20:53.298

ProcessGuid: {fda94052-6825-658d-ab02-000000000b00}

ProcessId: 11224

Image: C:\Windows\System32\wevtutil.exe

FileVersion: 10.0.22621.1778 (WinBuild.160101.0800)

Description: Windows Event Log Utility

Product: Microsoft&#174; Windows&#174; Operating System

Company: Microsoft Corporation

OriginalFileName: wevtutil.exe

CommandLine: C:\Windows\system32\wevtutil.exe install-manifest ""C:\ProgramData\Microsoft\Windows Defender\Platform\4.18.23110.3-0\Microsoft-Antimalware-Service.man"" ""/resourceFilePath:C:\ProgramData\Microsoft\Windows Defender\Platform\4.18.23110.3-0\MpSvc.dll"" ""/messageFilePath:C:\ProgramData\Microsoft\Windows Defender\Platform\4.18.23110.3-0\MpSvc.dll"" ""/parameterFilePath:C:\ProgramData\Microsoft\Windows Defender\Platform\4.18.23110.3-0\MpSvc.dll""

CurrentDirectory: C:\Windows\system32\

User: NT AUTHORITY\SYSTEM

LogonGuid: {fda94052-34eb-658d-e703-000000000000}

LogonId: 0x3E7

TerminalSessionId: 0

IntegrityLevel: System

Hashes: MD5=DFE4A9613993ECAFE6B38DEFE8D495F2,SHA256=3635324AA002EBB7FD99D50E63ACDAC0C34E831A7F35E7B33F37854557538588,IMPHASH=92CA71320A49850E970004A94EA5D695

ParentProcessGuid: {fda94052-6824-658d-a002-000000000b00}

ParentProcessId: 1472

ParentImage: C:\ProgramData\Microsoft\Windows Defender\Platform\4.18.23110.3-0\MsMpEng.exe

ParentCommandLine: ""C:\ProgramData\Microsoft\Windows Defender\Platform\4.18.23110.3-0\MsMpEng.exe""

ParentUser: NT AUTHORITY\SYSTEM</Message>
      <Level>Information</Level>
      <Task>Process Create (rule: ProcessCreate)</Task>
      <Opcode>Info</Opcode>
    </RenderingInfo>
  </Event>
  
"
