Microsoft-Windows-Sysmon/Operational,,,WinDev2309Eval,2023-12-28 12:20:42.517,,,,,,,,,11,9504,,,,C:\Windows\SoftwareDistribution\Download\Install\UpdatePlatform.amd64fre.exe,,,0x8000000000000000,Information,,,"File created:

RuleName: DLL

UtcTime: 2023-12-28 12:20:42.517

ProcessGuid: {fda94052-681a-658d-7a02-000000000b00}

ProcessId: 3520

Image: C:\Windows\SoftwareDistribution\Download\Install\UpdatePlatform.amd64fre.exe

TargetFilename: C:\Windows\SystemTemp\EB4BBE84-AFC4-40E1-B9FF-DD868CABC612\MpDetoursCopyAccelerator.dll

CreationUtcTime: 2023-12-28 12:20:42.517

User: NT AUTHORITY\SYSTEM",Info,,,,,,,{fda94052-681a-658d-7a02-000000000b00},7044,3520,,,,,,"
      ",DLL,,,,,,2023-12-28T12:20:42.5216839Z,C:\Windows\SystemTemp\EB4BBE84-AFC4-40E1-B9FF-DD868CABC612\MpDetoursCopyAccelerator.dll,,File created (rule: FileCreate),,6672,NT AUTHORITY\SYSTEM,S-1-5-18,2023-12-28 12:20:42.517,2,"<Event xmlns=""http://schemas.microsoft.com/win/2004/08/events/event"">
    <System>
      <Provider Name=""Microsoft-Windows-Sysmon"" Guid=""{5770385f-c22a-43e0-bf4c-06f5698ffbd9}""/>
      <EventID>11</EventID>
      <Version>2</Version>
      <Level>4</Level>
      <Task>11</Task>
      <Opcode>0</Opcode>
      <Keywords>0x8000000000000000</Keywords>
      <TimeCreated SystemTime=""2023-12-28T12:20:42.5216839Z""/>
      <EventRecordID>9504</EventRecordID>
      <Correlation/>
      <Execution ProcessID=""7044"" ThreadID=""6672""/>
      <Channel>Microsoft-Windows-Sysmon/Operational</Channel>
      <Computer>WinDev2309Eval</Computer>
      <Security UserID=""S-1-5-18""/>
    </System>
    <EventData>
      <Data Name=""RuleName"">DLL</Data>
      <Data Name=""UtcTime"">2023-12-28 12:20:42.517</Data>
      <Data Name=""ProcessGuid"">{fda94052-681a-658d-7a02-000000000b00}</Data>
      <Data Name=""ProcessId"">3520</Data>
      <Data Name=""Image"">C:\Windows\SoftwareDistribution\Download\Install\UpdatePlatform.amd64fre.exe</Data>
      <Data Name=""TargetFilename"">C:\Windows\SystemTemp\EB4BBE84-AFC4-40E1-B9FF-DD868CABC612\MpDetoursCopyAccelerator.dll</Data>
      <Data Name=""CreationUtcTime"">2023-12-28 12:20:42.517</Data>
      <Data Name=""User"">NT AUTHORITY\SYSTEM</Data>
    </EventData>
    <RenderingInfo Culture=""en-US"">
      <Message>File created:

RuleName: DLL

UtcTime: 2023-12-28 12:20:42.517

ProcessGuid: {fda94052-681a-658d-7a02-000000000b00}

ProcessId: 3520

Image: C:\Windows\SoftwareDistribution\Download\Install\UpdatePlatform.amd64fre.exe

TargetFilename: C:\Windows\SystemTemp\EB4BBE84-AFC4-40E1-B9FF-DD868CABC612\MpDetoursCopyAccelerator.dll

CreationUtcTime: 2023-12-28 12:20:42.517

User: NT AUTHORITY\SYSTEM</Message>
      <Level>Information</Level>
      <Task>File created (rule: FileCreate)</Task>
      <Opcode>Info</Opcode>
    </RenderingInfo>
  </Event>
  
"
Microsoft-Windows-Sysmon/Operational,,,WinDev2309Eval,2023-12-28 12:20:42.502,,,,,,,,,11,9503,,,,C:\Windows\SoftwareDistribution\Download\Install\UpdatePlatform.amd64fre.exe,,,0x8000000000000000,Information,,,"File created:

RuleName: DLL

UtcTime: 2023-12-28 12:20:42.502

ProcessGuid: {fda94052-681a-658d-7a02-000000000b00}

ProcessId: 3520

Image: C:\Windows\SoftwareDistribution\Download\Install\UpdatePlatform.amd64fre.exe

TargetFilename: C:\Windows\SystemTemp\EB4BBE84-AFC4-40E1-B9FF-DD868CABC612\MpDetours.dll

CreationUtcTime: 2023-12-28 12:20:42.502

User: NT AUTHORITY\SYSTEM",Info,,,,,,,{fda94052-681a-658d-7a02-000000000b00},7044,3520,,,,,,"
      ",DLL,,,,,,2023-12-28T12:20:42.5115411Z,C:\Windows\SystemTemp\EB4BBE84-AFC4-40E1-B9FF-DD868CABC612\MpDetours.dll,,File created (rule: FileCreate),,6672,NT AUTHORITY\SYSTEM,S-1-5-18,2023-12-28 12:20:42.502,2,"<Event xmlns=""http://schemas.microsoft.com/win/2004/08/events/event"">
    <System>
      <Provider Name=""Microsoft-Windows-Sysmon"" Guid=""{5770385f-c22a-43e0-bf4c-06f5698ffbd9}""/>
      <EventID>11</EventID>
      <Version>2</Version>
      <Level>4</Level>
      <Task>11</Task>
      <Opcode>0</Opcode>
      <Keywords>0x8000000000000000</Keywords>
      <TimeCreated SystemTime=""2023-12-28T12:20:42.5115411Z""/>
      <EventRecordID>9503</EventRecordID>
      <Correlation/>
      <Execution ProcessID=""7044"" ThreadID=""6672""/>
      <Channel>Microsoft-Windows-Sysmon/Operational</Channel>
      <Computer>WinDev2309Eval</Computer>
      <Security UserID=""S-1-5-18""/>
    </System>
    <EventData>
      <Data Name=""RuleName"">DLL</Data>
      <Data Name=""UtcTime"">2023-12-28 12:20:42.502</Data>
      <Data Name=""ProcessGuid"">{fda94052-681a-658d-7a02-000000000b00}</Data>
      <Data Name=""ProcessId"">3520</Data>
      <Data Name=""Image"">C:\Windows\SoftwareDistribution\Download\Install\UpdatePlatform.amd64fre.exe</Data>
      <Data Name=""TargetFilename"">C:\Windows\SystemTemp\EB4BBE84-AFC4-40E1-B9FF-DD868CABC612\MpDetours.dll</Data>
      <Data Name=""CreationUtcTime"">2023-12-28 12:20:42.502</Data>
      <Data Name=""User"">NT AUTHORITY\SYSTEM</Data>
    </EventData>
    <RenderingInfo Culture=""en-US"">
      <Message>File created:

RuleName: DLL

UtcTime: 2023-12-28 12:20:42.502

ProcessGuid: {fda94052-681a-658d-7a02-000000000b00}

ProcessId: 3520

Image: C:\Windows\SoftwareDistribution\Download\Install\UpdatePlatform.amd64fre.exe

TargetFilename: C:\Windows\SystemTemp\EB4BBE84-AFC4-40E1-B9FF-DD868CABC612\MpDetours.dll

CreationUtcTime: 2023-12-28 12:20:42.502

User: NT AUTHORITY\SYSTEM</Message>
      <Level>Information</Level>
      <Task>File created (rule: FileCreate)</Task>
      <Opcode>Info</Opcode>
    </RenderingInfo>
  </Event>
  
"
Microsoft-Windows-Sysmon/Operational,,,WinDev2309Eval,2023-12-28 12:20:42.486,,,,,,,,,11,9502,,,,C:\Windows\SoftwareDistribution\Download\Install\UpdatePlatform.amd64fre.exe,,,0x8000000000000000,Information,,,"File created:

RuleName: DLL

UtcTime: 2023-12-28 12:20:42.486

ProcessGuid: {fda94052-681a-658d-7a02-000000000b00}

ProcessId: 3520

Image: C:\Windows\SoftwareDistribution\Download\Install\UpdatePlatform.amd64fre.exe

TargetFilename: C:\Windows\SystemTemp\EB4BBE84-AFC4-40E1-B9FF-DD868CABC612\MpCommu.dll

CreationUtcTime: 2023-12-28 12:20:42.486

User: NT AUTHORITY\SYSTEM",Info,,,,,,,{fda94052-681a-658d-7a02-000000000b00},7044,3520,,,,,,"
      ",DLL,,,,,,2023-12-28T12:20:42.4934046Z,C:\Windows\SystemTemp\EB4BBE84-AFC4-40E1-B9FF-DD868CABC612\MpCommu.dll,,File created (rule: FileCreate),,6672,NT AUTHORITY\SYSTEM,S-1-5-18,2023-12-28 12:20:42.486,2,"<Event xmlns=""http://schemas.microsoft.com/win/2004/08/events/event"">
    <System>
      <Provider Name=""Microsoft-Windows-Sysmon"" Guid=""{5770385f-c22a-43e0-bf4c-06f5698ffbd9}""/>
      <EventID>11</EventID>
      <Version>2</Version>
      <Level>4</Level>
      <Task>11</Task>
      <Opcode>0</Opcode>
      <Keywords>0x8000000000000000</Keywords>
      <TimeCreated SystemTime=""2023-12-28T12:20:42.4934046Z""/>
      <EventRecordID>9502</EventRecordID>
      <Correlation/>
      <Execution ProcessID=""7044"" ThreadID=""6672""/>
      <Channel>Microsoft-Windows-Sysmon/Operational</Channel>
      <Computer>WinDev2309Eval</Computer>
      <Security UserID=""S-1-5-18""/>
    </System>
    <EventData>
      <Data Name=""RuleName"">DLL</Data>
      <Data Name=""UtcTime"">2023-12-28 12:20:42.486</Data>
      <Data Name=""ProcessGuid"">{fda94052-681a-658d-7a02-000000000b00}</Data>
      <Data Name=""ProcessId"">3520</Data>
      <Data Name=""Image"">C:\Windows\SoftwareDistribution\Download\Install\UpdatePlatform.amd64fre.exe</Data>
      <Data Name=""TargetFilename"">C:\Windows\SystemTemp\EB4BBE84-AFC4-40E1-B9FF-DD868CABC612\MpCommu.dll</Data>
      <Data Name=""CreationUtcTime"">2023-12-28 12:20:42.486</Data>
      <Data Name=""User"">NT AUTHORITY\SYSTEM</Data>
    </EventData>
    <RenderingInfo Culture=""en-US"">
      <Message>File created:

RuleName: DLL

UtcTime: 2023-12-28 12:20:42.486

ProcessGuid: {fda94052-681a-658d-7a02-000000000b00}

ProcessId: 3520

Image: C:\Windows\SoftwareDistribution\Download\Install\UpdatePlatform.amd64fre.exe

TargetFilename: C:\Windows\SystemTemp\EB4BBE84-AFC4-40E1-B9FF-DD868CABC612\MpCommu.dll

CreationUtcTime: 2023-12-28 12:20:42.486

User: NT AUTHORITY\SYSTEM</Message>
      <Level>Information</Level>
      <Task>File created (rule: FileCreate)</Task>
      <Opcode>Info</Opcode>
    </RenderingInfo>
  </Event>
  
"
Microsoft-Windows-Sysmon/Operational,,,WinDev2309Eval,2023-12-02 04:14:28.000,,,,,,,,,11,9501,,,,C:\Windows\system32\svchost.exe,,,0x8000000000000000,Information,,,"File created:

RuleName: DLL

UtcTime: 2023-12-28 12:20:42.470

ProcessGuid: {fda94052-34fa-658d-8a00-000000000b00}

ProcessId: 5868

Image: C:\Windows\system32\svchost.exe

TargetFilename: C:\Windows\SoftwareDistribution\Download\7bd97cc524ebd8114e77ca1991fbf2f3\Metadata\wcp.dll

CreationUtcTime: 2023-12-02 04:14:28.000

User: NT AUTHORITY\SYSTEM",Info,,,,,,,{fda94052-34fa-658d-8a00-000000000b00},7044,5868,,,,,,"
      ",DLL,,,,,,2023-12-28T12:20:42.4805114Z,C:\Windows\SoftwareDistribution\Download\7bd97cc524ebd8114e77ca1991fbf2f3\Metadata\wcp.dll,,File created (rule: FileCreate),,6672,NT AUTHORITY\SYSTEM,S-1-5-18,2023-12-28 12:20:42.470,2,"<Event xmlns=""http://schemas.microsoft.com/win/2004/08/events/event"">
    <System>
      <Provider Name=""Microsoft-Windows-Sysmon"" Guid=""{5770385f-c22a-43e0-bf4c-06f5698ffbd9}""/>
      <EventID>11</EventID>
      <Version>2</Version>
      <Level>4</Level>
      <Task>11</Task>
      <Opcode>0</Opcode>
      <Keywords>0x8000000000000000</Keywords>
      <TimeCreated SystemTime=""2023-12-28T12:20:42.4805114Z""/>
      <EventRecordID>9501</EventRecordID>
      <Correlation/>
      <Execution ProcessID=""7044"" ThreadID=""6672""/>
      <Channel>Microsoft-Windows-Sysmon/Operational</Channel>
      <Computer>WinDev2309Eval</Computer>
      <Security UserID=""S-1-5-18""/>
    </System>
    <EventData>
      <Data Name=""RuleName"">DLL</Data>
      <Data Name=""UtcTime"">2023-12-28 12:20:42.470</Data>
      <Data Name=""ProcessGuid"">{fda94052-34fa-658d-8a00-000000000b00}</Data>
      <Data Name=""ProcessId"">5868</Data>
      <Data Name=""Image"">C:\Windows\system32\svchost.exe</Data>
      <Data Name=""TargetFilename"">C:\Windows\SoftwareDistribution\Download\7bd97cc524ebd8114e77ca1991fbf2f3\Metadata\wcp.dll</Data>
      <Data Name=""CreationUtcTime"">2023-12-02 04:14:28.000</Data>
      <Data Name=""User"">NT AUTHORITY\SYSTEM</Data>
    </EventData>
    <RenderingInfo Culture=""en-US"">
      <Message>File created:

RuleName: DLL

UtcTime: 2023-12-28 12:20:42.470

ProcessGuid: {fda94052-34fa-658d-8a00-000000000b00}

ProcessId: 5868

Image: C:\Windows\system32\svchost.exe

TargetFilename: C:\Windows\SoftwareDistribution\Download\7bd97cc524ebd8114e77ca1991fbf2f3\Metadata\wcp.dll

CreationUtcTime: 2023-12-02 04:14:28.000

User: NT AUTHORITY\SYSTEM</Message>
      <Level>Information</Level>
      <Task>File created (rule: FileCreate)</Task>
      <Opcode>Info</Opcode>
    </RenderingInfo>
  </Event>
  
"
Microsoft-Windows-Sysmon/Operational,,,WinDev2309Eval,2023-12-02 04:21:42.000,,,,,,,,,11,9500,,,,C:\Windows\system32\svchost.exe,,,0x8000000000000000,Information,,,"File created:

RuleName: DLL

UtcTime: 2023-12-28 12:20:42.470

ProcessGuid: {fda94052-34fa-658d-8a00-000000000b00}

ProcessId: 5868

Image: C:\Windows\system32\svchost.exe

TargetFilename: C:\Windows\SoftwareDistribution\Download\7bd97cc524ebd8114e77ca1991fbf2f3\Metadata\UAOneSettings.dll

CreationUtcTime: 2023-12-02 04:21:42.000

User: NT AUTHORITY\SYSTEM",Info,,,,,,,{fda94052-34fa-658d-8a00-000000000b00},7044,5868,,,,,,"
      ",DLL,,,,,,2023-12-28T12:20:42.4778755Z,C:\Windows\SoftwareDistribution\Download\7bd97cc524ebd8114e77ca1991fbf2f3\Metadata\UAOneSettings.dll,,File created (rule: FileCreate),,6672,NT AUTHORITY\SYSTEM,S-1-5-18,2023-12-28 12:20:42.470,2,"<Event xmlns=""http://schemas.microsoft.com/win/2004/08/events/event"">
    <System>
      <Provider Name=""Microsoft-Windows-Sysmon"" Guid=""{5770385f-c22a-43e0-bf4c-06f5698ffbd9}""/>
      <EventID>11</EventID>
      <Version>2</Version>
      <Level>4</Level>
      <Task>11</Task>
      <Opcode>0</Opcode>
      <Keywords>0x8000000000000000</Keywords>
      <TimeCreated SystemTime=""2023-12-28T12:20:42.4778755Z""/>
      <EventRecordID>9500</EventRecordID>
      <Correlation/>
      <Execution ProcessID=""7044"" ThreadID=""6672""/>
      <Channel>Microsoft-Windows-Sysmon/Operational</Channel>
      <Computer>WinDev2309Eval</Computer>
      <Security UserID=""S-1-5-18""/>
    </System>
    <EventData>
      <Data Name=""RuleName"">DLL</Data>
      <Data Name=""UtcTime"">2023-12-28 12:20:42.470</Data>
      <Data Name=""ProcessGuid"">{fda94052-34fa-658d-8a00-000000000b00}</Data>
      <Data Name=""ProcessId"">5868</Data>
      <Data Name=""Image"">C:\Windows\system32\svchost.exe</Data>
      <Data Name=""TargetFilename"">C:\Windows\SoftwareDistribution\Download\7bd97cc524ebd8114e77ca1991fbf2f3\Metadata\UAOneSettings.dll</Data>
      <Data Name=""CreationUtcTime"">2023-12-02 04:21:42.000</Data>
      <Data Name=""User"">NT AUTHORITY\SYSTEM</Data>
    </EventData>
    <RenderingInfo Culture=""en-US"">
      <Message>File created:

RuleName: DLL

UtcTime: 2023-12-28 12:20:42.470

ProcessGuid: {fda94052-34fa-658d-8a00-000000000b00}

ProcessId: 5868

Image: C:\Windows\system32\svchost.exe

TargetFilename: C:\Windows\SoftwareDistribution\Download\7bd97cc524ebd8114e77ca1991fbf2f3\Metadata\UAOneSettings.dll

CreationUtcTime: 2023-12-02 04:21:42.000

User: NT AUTHORITY\SYSTEM</Message>
      <Level>Information</Level>
      <Task>File created (rule: FileCreate)</Task>
      <Opcode>Info</Opcode>
    </RenderingInfo>
  </Event>
  
"
Microsoft-Windows-Sysmon/Operational,,,WinDev2309Eval,2023-12-02 10:04:50.000,,,,,,,,,11,9499,,,,C:\Windows\system32\svchost.exe,,,0x8000000000000000,Information,,,"File created:

RuleName: DLL

UtcTime: 2023-12-28 12:20:42.470

ProcessGuid: {fda94052-34fa-658d-8a00-000000000b00}

ProcessId: 5868

Image: C:\Windows\system32\svchost.exe

TargetFilename: C:\Windows\SoftwareDistribution\Download\7bd97cc524ebd8114e77ca1991fbf2f3\Metadata\Mitigation.dll

CreationUtcTime: 2023-12-02 10:04:50.000

User: NT AUTHORITY\SYSTEM",Info,,,,,,,{fda94052-34fa-658d-8a00-000000000b00},7044,5868,,,,,,"
      ",DLL,,,,,,2023-12-28T12:20:42.4729766Z,C:\Windows\SoftwareDistribution\Download\7bd97cc524ebd8114e77ca1991fbf2f3\Metadata\Mitigation.dll,,File created (rule: FileCreate),,6672,NT AUTHORITY\SYSTEM,S-1-5-18,2023-12-28 12:20:42.470,2,"<Event xmlns=""http://schemas.microsoft.com/win/2004/08/events/event"">
    <System>
      <Provider Name=""Microsoft-Windows-Sysmon"" Guid=""{5770385f-c22a-43e0-bf4c-06f5698ffbd9}""/>
      <EventID>11</EventID>
      <Version>2</Version>
      <Level>4</Level>
      <Task>11</Task>
      <Opcode>0</Opcode>
      <Keywords>0x8000000000000000</Keywords>
      <TimeCreated SystemTime=""2023-12-28T12:20:42.4729766Z""/>
      <EventRecordID>9499</EventRecordID>
      <Correlation/>
      <Execution ProcessID=""7044"" ThreadID=""6672""/>
      <Channel>Microsoft-Windows-Sysmon/Operational</Channel>
      <Computer>WinDev2309Eval</Computer>
      <Security UserID=""S-1-5-18""/>
    </System>
    <EventData>
      <Data Name=""RuleName"">DLL</Data>
      <Data Name=""UtcTime"">2023-12-28 12:20:42.470</Data>
      <Data Name=""ProcessGuid"">{fda94052-34fa-658d-8a00-000000000b00}</Data>
      <Data Name=""ProcessId"">5868</Data>
      <Data Name=""Image"">C:\Windows\system32\svchost.exe</Data>
      <Data Name=""TargetFilename"">C:\Windows\SoftwareDistribution\Download\7bd97cc524ebd8114e77ca1991fbf2f3\Metadata\Mitigation.dll</Data>
      <Data Name=""CreationUtcTime"">2023-12-02 10:04:50.000</Data>
      <Data Name=""User"">NT AUTHORITY\SYSTEM</Data>
    </EventData>
    <RenderingInfo Culture=""en-US"">
      <Message>File created:

RuleName: DLL

UtcTime: 2023-12-28 12:20:42.470

ProcessGuid: {fda94052-34fa-658d-8a00-000000000b00}

ProcessId: 5868

Image: C:\Windows\system32\svchost.exe

TargetFilename: C:\Windows\SoftwareDistribution\Download\7bd97cc524ebd8114e77ca1991fbf2f3\Metadata\Mitigation.dll

CreationUtcTime: 2023-12-02 10:04:50.000

User: NT AUTHORITY\SYSTEM</Message>
      <Level>Information</Level>
      <Task>File created (rule: FileCreate)</Task>
      <Opcode>Info</Opcode>
    </RenderingInfo>
  </Event>
  
"
Microsoft-Windows-Sysmon/Operational,,,WinDev2309Eval,2023-12-02 04:13:54.000,,,,,,,,,11,9498,,,,C:\Windows\system32\svchost.exe,,,0x8000000000000000,Information,,,"File created:

RuleName: DLL

UtcTime: 2023-12-28 12:20:42.455

ProcessGuid: {fda94052-34fa-658d-8a00-000000000b00}

ProcessId: 5868

Image: C:\Windows\system32\svchost.exe

TargetFilename: C:\Windows\SoftwareDistribution\Download\7bd97cc524ebd8114e77ca1991fbf2f3\Metadata\dpx.dll

CreationUtcTime: 2023-12-02 04:13:54.000

User: NT AUTHORITY\SYSTEM",Info,,,,,,,{fda94052-34fa-658d-8a00-000000000b00},7044,5868,,,,,,"
      ",DLL,,,,,,2023-12-28T12:20:42.4636880Z,C:\Windows\SoftwareDistribution\Download\7bd97cc524ebd8114e77ca1991fbf2f3\Metadata\dpx.dll,,File created (rule: FileCreate),,6672,NT AUTHORITY\SYSTEM,S-1-5-18,2023-12-28 12:20:42.455,2,"<Event xmlns=""http://schemas.microsoft.com/win/2004/08/events/event"">
    <System>
      <Provider Name=""Microsoft-Windows-Sysmon"" Guid=""{5770385f-c22a-43e0-bf4c-06f5698ffbd9}""/>
      <EventID>11</EventID>
      <Version>2</Version>
      <Level>4</Level>
      <Task>11</Task>
      <Opcode>0</Opcode>
      <Keywords>0x8000000000000000</Keywords>
      <TimeCreated SystemTime=""2023-12-28T12:20:42.4636880Z""/>
      <EventRecordID>9498</EventRecordID>
      <Correlation/>
      <Execution ProcessID=""7044"" ThreadID=""6672""/>
      <Channel>Microsoft-Windows-Sysmon/Operational</Channel>
      <Computer>WinDev2309Eval</Computer>
      <Security UserID=""S-1-5-18""/>
    </System>
    <EventData>
      <Data Name=""RuleName"">DLL</Data>
      <Data Name=""UtcTime"">2023-12-28 12:20:42.455</Data>
      <Data Name=""ProcessGuid"">{fda94052-34fa-658d-8a00-000000000b00}</Data>
      <Data Name=""ProcessId"">5868</Data>
      <Data Name=""Image"">C:\Windows\system32\svchost.exe</Data>
      <Data Name=""TargetFilename"">C:\Windows\SoftwareDistribution\Download\7bd97cc524ebd8114e77ca1991fbf2f3\Metadata\dpx.dll</Data>
      <Data Name=""CreationUtcTime"">2023-12-02 04:13:54.000</Data>
      <Data Name=""User"">NT AUTHORITY\SYSTEM</Data>
    </EventData>
    <RenderingInfo Culture=""en-US"">
      <Message>File created:

RuleName: DLL

UtcTime: 2023-12-28 12:20:42.455

ProcessGuid: {fda94052-34fa-658d-8a00-000000000b00}

ProcessId: 5868

Image: C:\Windows\system32\svchost.exe

TargetFilename: C:\Windows\SoftwareDistribution\Download\7bd97cc524ebd8114e77ca1991fbf2f3\Metadata\dpx.dll

CreationUtcTime: 2023-12-02 04:13:54.000

User: NT AUTHORITY\SYSTEM</Message>
      <Level>Information</Level>
      <Task>File created (rule: FileCreate)</Task>
      <Opcode>Info</Opcode>
    </RenderingInfo>
  </Event>
  
"
Microsoft-Windows-Sysmon/Operational,,,WinDev2309Eval,2023-12-28 12:20:42.439,,,,,,,,,11,9497,,,,C:\Windows\SoftwareDistribution\Download\Install\UpdatePlatform.amd64fre.exe,,,0x8000000000000000,Information,,,"File created:

RuleName: DLL

UtcTime: 2023-12-28 12:20:42.439

ProcessGuid: {fda94052-681a-658d-7a02-000000000b00}

ProcessId: 3520

Image: C:\Windows\SoftwareDistribution\Download\Install\UpdatePlatform.amd64fre.exe

TargetFilename: C:\Windows\SystemTemp\EB4BBE84-AFC4-40E1-B9FF-DD868CABC612\MpClient.dll

CreationUtcTime: 2023-12-28 12:20:42.439

User: NT AUTHORITY\SYSTEM",Info,,,,,,,{fda94052-681a-658d-7a02-000000000b00},7044,3520,,,,,,"
      ",DLL,,,,,,2023-12-28T12:20:42.4439748Z,C:\Windows\SystemTemp\EB4BBE84-AFC4-40E1-B9FF-DD868CABC612\MpClient.dll,,File created (rule: FileCreate),,6672,NT AUTHORITY\SYSTEM,S-1-5-18,2023-12-28 12:20:42.439,2,"<Event xmlns=""http://schemas.microsoft.com/win/2004/08/events/event"">
    <System>
      <Provider Name=""Microsoft-Windows-Sysmon"" Guid=""{5770385f-c22a-43e0-bf4c-06f5698ffbd9}""/>
      <EventID>11</EventID>
      <Version>2</Version>
      <Level>4</Level>
      <Task>11</Task>
      <Opcode>0</Opcode>
      <Keywords>0x8000000000000000</Keywords>
      <TimeCreated SystemTime=""2023-12-28T12:20:42.4439748Z""/>
      <EventRecordID>9497</EventRecordID>
      <Correlation/>
      <Execution ProcessID=""7044"" ThreadID=""6672""/>
      <Channel>Microsoft-Windows-Sysmon/Operational</Channel>
      <Computer>WinDev2309Eval</Computer>
      <Security UserID=""S-1-5-18""/>
    </System>
    <EventData>
      <Data Name=""RuleName"">DLL</Data>
      <Data Name=""UtcTime"">2023-12-28 12:20:42.439</Data>
      <Data Name=""ProcessGuid"">{fda94052-681a-658d-7a02-000000000b00}</Data>
      <Data Name=""ProcessId"">3520</Data>
      <Data Name=""Image"">C:\Windows\SoftwareDistribution\Download\Install\UpdatePlatform.amd64fre.exe</Data>
      <Data Name=""TargetFilename"">C:\Windows\SystemTemp\EB4BBE84-AFC4-40E1-B9FF-DD868CABC612\MpClient.dll</Data>
      <Data Name=""CreationUtcTime"">2023-12-28 12:20:42.439</Data>
      <Data Name=""User"">NT AUTHORITY\SYSTEM</Data>
    </EventData>
    <RenderingInfo Culture=""en-US"">
      <Message>File created:

RuleName: DLL

UtcTime: 2023-12-28 12:20:42.439

ProcessGuid: {fda94052-681a-658d-7a02-000000000b00}

ProcessId: 3520

Image: C:\Windows\SoftwareDistribution\Download\Install\UpdatePlatform.amd64fre.exe

TargetFilename: C:\Windows\SystemTemp\EB4BBE84-AFC4-40E1-B9FF-DD868CABC612\MpClient.dll

CreationUtcTime: 2023-12-28 12:20:42.439

User: NT AUTHORITY\SYSTEM</Message>
      <Level>Information</Level>
      <Task>File created (rule: FileCreate)</Task>
      <Opcode>Info</Opcode>
    </RenderingInfo>
  </Event>
  
"
Microsoft-Windows-Sysmon/Operational,,,WinDev2309Eval,2023-12-02 04:13:52.000,,,,,,,,,11,9496,,,,C:\Windows\system32\svchost.exe,,,0x8000000000000000,Information,,,"File created:

RuleName: DLL

UtcTime: 2023-12-28 12:20:42.424

ProcessGuid: {fda94052-34fa-658d-8a00-000000000b00}

ProcessId: 5868

Image: C:\Windows\system32\svchost.exe

TargetFilename: C:\Windows\SoftwareDistribution\Download\7bd97cc524ebd8114e77ca1991fbf2f3\Metadata\UpdateAgent.dll

CreationUtcTime: 2023-12-02 04:13:52.000

User: NT AUTHORITY\SYSTEM",Info,,,,,,,{fda94052-34fa-658d-8a00-000000000b00},7044,5868,,,,,,"
      ",DLL,,,,,,2023-12-28T12:20:42.4281348Z,C:\Windows\SoftwareDistribution\Download\7bd97cc524ebd8114e77ca1991fbf2f3\Metadata\UpdateAgent.dll,,File created (rule: FileCreate),,6672,NT AUTHORITY\SYSTEM,S-1-5-18,2023-12-28 12:20:42.424,2,"<Event xmlns=""http://schemas.microsoft.com/win/2004/08/events/event"">
    <System>
      <Provider Name=""Microsoft-Windows-Sysmon"" Guid=""{5770385f-c22a-43e0-bf4c-06f5698ffbd9}""/>
      <EventID>11</EventID>
      <Version>2</Version>
      <Level>4</Level>
      <Task>11</Task>
      <Opcode>0</Opcode>
      <Keywords>0x8000000000000000</Keywords>
      <TimeCreated SystemTime=""2023-12-28T12:20:42.4281348Z""/>
      <EventRecordID>9496</EventRecordID>
      <Correlation/>
      <Execution ProcessID=""7044"" ThreadID=""6672""/>
      <Channel>Microsoft-Windows-Sysmon/Operational</Channel>
      <Computer>WinDev2309Eval</Computer>
      <Security UserID=""S-1-5-18""/>
    </System>
    <EventData>
      <Data Name=""RuleName"">DLL</Data>
      <Data Name=""UtcTime"">2023-12-28 12:20:42.424</Data>
      <Data Name=""ProcessGuid"">{fda94052-34fa-658d-8a00-000000000b00}</Data>
      <Data Name=""ProcessId"">5868</Data>
      <Data Name=""Image"">C:\Windows\system32\svchost.exe</Data>
      <Data Name=""TargetFilename"">C:\Windows\SoftwareDistribution\Download\7bd97cc524ebd8114e77ca1991fbf2f3\Metadata\UpdateAgent.dll</Data>
      <Data Name=""CreationUtcTime"">2023-12-02 04:13:52.000</Data>
      <Data Name=""User"">NT AUTHORITY\SYSTEM</Data>
    </EventData>
    <RenderingInfo Culture=""en-US"">
      <Message>File created:

RuleName: DLL

UtcTime: 2023-12-28 12:20:42.424

ProcessGuid: {fda94052-34fa-658d-8a00-000000000b00}

ProcessId: 5868

Image: C:\Windows\system32\svchost.exe

TargetFilename: C:\Windows\SoftwareDistribution\Download\7bd97cc524ebd8114e77ca1991fbf2f3\Metadata\UpdateAgent.dll

CreationUtcTime: 2023-12-02 04:13:52.000

User: NT AUTHORITY\SYSTEM</Message>
      <Level>Information</Level>
      <Task>File created (rule: FileCreate)</Task>
      <Opcode>Info</Opcode>
    </RenderingInfo>
  </Event>
  
"
Microsoft-Windows-Sysmon/Operational,,,WinDev2309Eval,2023-12-28 12:20:42.267,,,,,,,,,11,9495,,,,C:\Windows\SoftwareDistribution\Download\Install\UpdatePlatform.amd64fre.exe,,,0x8000000000000000,Information,,,"File created:

RuleName: DLL

UtcTime: 2023-12-28 12:20:42.267

ProcessGuid: {fda94052-681a-658d-7a02-000000000b00}

ProcessId: 3520

Image: C:\Windows\SoftwareDistribution\Download\Install\UpdatePlatform.amd64fre.exe

TargetFilename: C:\Windows\SystemTemp\EB4BBE84-AFC4-40E1-B9FF-DD868CABC612\MpAzSubmit.dll

CreationUtcTime: 2023-12-28 12:20:42.267

User: NT AUTHORITY\SYSTEM",Info,,,,,,,{fda94052-681a-658d-7a02-000000000b00},7044,3520,,,,,,"
      ",DLL,,,,,,2023-12-28T12:20:42.2716815Z,C:\Windows\SystemTemp\EB4BBE84-AFC4-40E1-B9FF-DD868CABC612\MpAzSubmit.dll,,File created (rule: FileCreate),,6672,NT AUTHORITY\SYSTEM,S-1-5-18,2023-12-28 12:20:42.267,2,"<Event xmlns=""http://schemas.microsoft.com/win/2004/08/events/event"">
    <System>
      <Provider Name=""Microsoft-Windows-Sysmon"" Guid=""{5770385f-c22a-43e0-bf4c-06f5698ffbd9}""/>
      <EventID>11</EventID>
      <Version>2</Version>
      <Level>4</Level>
      <Task>11</Task>
      <Opcode>0</Opcode>
      <Keywords>0x8000000000000000</Keywords>
      <TimeCreated SystemTime=""2023-12-28T12:20:42.2716815Z""/>
      <EventRecordID>9495</EventRecordID>
      <Correlation/>
      <Execution ProcessID=""7044"" ThreadID=""6672""/>
      <Channel>Microsoft-Windows-Sysmon/Operational</Channel>
      <Computer>WinDev2309Eval</Computer>
      <Security UserID=""S-1-5-18""/>
    </System>
    <EventData>
      <Data Name=""RuleName"">DLL</Data>
      <Data Name=""UtcTime"">2023-12-28 12:20:42.267</Data>
      <Data Name=""ProcessGuid"">{fda94052-681a-658d-7a02-000000000b00}</Data>
      <Data Name=""ProcessId"">3520</Data>
      <Data Name=""Image"">C:\Windows\SoftwareDistribution\Download\Install\UpdatePlatform.amd64fre.exe</Data>
      <Data Name=""TargetFilename"">C:\Windows\SystemTemp\EB4BBE84-AFC4-40E1-B9FF-DD868CABC612\MpAzSubmit.dll</Data>
      <Data Name=""CreationUtcTime"">2023-12-28 12:20:42.267</Data>
      <Data Name=""User"">NT AUTHORITY\SYSTEM</Data>
    </EventData>
    <RenderingInfo Culture=""en-US"">
      <Message>File created:

RuleName: DLL

UtcTime: 2023-12-28 12:20:42.267

ProcessGuid: {fda94052-681a-658d-7a02-000000000b00}

ProcessId: 3520

Image: C:\Windows\SoftwareDistribution\Download\Install\UpdatePlatform.amd64fre.exe

TargetFilename: C:\Windows\SystemTemp\EB4BBE84-AFC4-40E1-B9FF-DD868CABC612\MpAzSubmit.dll

CreationUtcTime: 2023-12-28 12:20:42.267

User: NT AUTHORITY\SYSTEM</Message>
      <Level>Information</Level>
      <Task>File created (rule: FileCreate)</Task>
      <Opcode>Info</Opcode>
    </RenderingInfo>
  </Event>
  
"
Microsoft-Windows-Sysmon/Operational,,,WinDev2309Eval,2023-12-28 12:20:42.252,,,,,,,,,11,9494,,,,C:\Windows\SoftwareDistribution\Download\Install\UpdatePlatform.amd64fre.exe,,,0x8000000000000000,Information,,,"File created:

RuleName: DLL

UtcTime: 2023-12-28 12:20:42.252

ProcessGuid: {fda94052-681a-658d-7a02-000000000b00}

ProcessId: 3520

Image: C:\Windows\SoftwareDistribution\Download\Install\UpdatePlatform.amd64fre.exe

TargetFilename: C:\Windows\SystemTemp\EB4BBE84-AFC4-40E1-B9FF-DD868CABC612\MpAsDesc.dll

CreationUtcTime: 2023-12-28 12:20:42.252

User: NT AUTHORITY\SYSTEM",Info,,,,,,,{fda94052-681a-658d-7a02-000000000b00},7044,3520,,,,,,"
      ",DLL,,,,,,2023-12-28T12:20:42.2635226Z,C:\Windows\SystemTemp\EB4BBE84-AFC4-40E1-B9FF-DD868CABC612\MpAsDesc.dll,,File created (rule: FileCreate),,6672,NT AUTHORITY\SYSTEM,S-1-5-18,2023-12-28 12:20:42.252,2,"<Event xmlns=""http://schemas.microsoft.com/win/2004/08/events/event"">
    <System>
      <Provider Name=""Microsoft-Windows-Sysmon"" Guid=""{5770385f-c22a-43e0-bf4c-06f5698ffbd9}""/>
      <EventID>11</EventID>
      <Version>2</Version>
      <Level>4</Level>
      <Task>11</Task>
      <Opcode>0</Opcode>
      <Keywords>0x8000000000000000</Keywords>
      <TimeCreated SystemTime=""2023-12-28T12:20:42.2635226Z""/>
      <EventRecordID>9494</EventRecordID>
      <Correlation/>
      <Execution ProcessID=""7044"" ThreadID=""6672""/>
      <Channel>Microsoft-Windows-Sysmon/Operational</Channel>
      <Computer>WinDev2309Eval</Computer>
      <Security UserID=""S-1-5-18""/>
    </System>
    <EventData>
      <Data Name=""RuleName"">DLL</Data>
      <Data Name=""UtcTime"">2023-12-28 12:20:42.252</Data>
      <Data Name=""ProcessGuid"">{fda94052-681a-658d-7a02-000000000b00}</Data>
      <Data Name=""ProcessId"">3520</Data>
      <Data Name=""Image"">C:\Windows\SoftwareDistribution\Download\Install\UpdatePlatform.amd64fre.exe</Data>
      <Data Name=""TargetFilename"">C:\Windows\SystemTemp\EB4BBE84-AFC4-40E1-B9FF-DD868CABC612\MpAsDesc.dll</Data>
      <Data Name=""CreationUtcTime"">2023-12-28 12:20:42.252</Data>
      <Data Name=""User"">NT AUTHORITY\SYSTEM</Data>
    </EventData>
    <RenderingInfo Culture=""en-US"">
      <Message>File created:

RuleName: DLL

UtcTime: 2023-12-28 12:20:42.252

ProcessGuid: {fda94052-681a-658d-7a02-000000000b00}

ProcessId: 3520

Image: C:\Windows\SoftwareDistribution\Download\Install\UpdatePlatform.amd64fre.exe

TargetFilename: C:\Windows\SystemTemp\EB4BBE84-AFC4-40E1-B9FF-DD868CABC612\MpAsDesc.dll

CreationUtcTime: 2023-12-28 12:20:42.252

User: NT AUTHORITY\SYSTEM</Message>
      <Level>Information</Level>
      <Task>File created (rule: FileCreate)</Task>
      <Opcode>Info</Opcode>
    </RenderingInfo>
  </Event>
  
"
Microsoft-Windows-Sysmon/Operational,,,WinDev2309Eval,2023-12-28 12:20:42.236,,,,,,,,,11,9493,,,,C:\Windows\SoftwareDistribution\Download\Install\UpdatePlatform.amd64fre.exe,,,0x8000000000000000,Information,,,"File created:

RuleName: DLL

UtcTime: 2023-12-28 12:20:42.236

ProcessGuid: {fda94052-681a-658d-7a02-000000000b00}

ProcessId: 3520

Image: C:\Windows\SoftwareDistribution\Download\Install\UpdatePlatform.amd64fre.exe

TargetFilename: C:\Windows\SystemTemp\EB4BBE84-AFC4-40E1-B9FF-DD868CABC612\DefenderCSP.dll

CreationUtcTime: 2023-12-28 12:20:42.236

User: NT AUTHORITY\SYSTEM",Info,,,,,,,{fda94052-681a-658d-7a02-000000000b00},7044,3520,,,,,,"
      ",DLL,,,,,,2023-12-28T12:20:42.2460239Z,C:\Windows\SystemTemp\EB4BBE84-AFC4-40E1-B9FF-DD868CABC612\DefenderCSP.dll,,File created (rule: FileCreate),,6672,NT AUTHORITY\SYSTEM,S-1-5-18,2023-12-28 12:20:42.236,2,"<Event xmlns=""http://schemas.microsoft.com/win/2004/08/events/event"">
    <System>
      <Provider Name=""Microsoft-Windows-Sysmon"" Guid=""{5770385f-c22a-43e0-bf4c-06f5698ffbd9}""/>
      <EventID>11</EventID>
      <Version>2</Version>
      <Level>4</Level>
      <Task>11</Task>
      <Opcode>0</Opcode>
      <Keywords>0x8000000000000000</Keywords>
      <TimeCreated SystemTime=""2023-12-28T12:20:42.2460239Z""/>
      <EventRecordID>9493</EventRecordID>
      <Correlation/>
      <Execution ProcessID=""7044"" ThreadID=""6672""/>
      <Channel>Microsoft-Windows-Sysmon/Operational</Channel>
      <Computer>WinDev2309Eval</Computer>
      <Security UserID=""S-1-5-18""/>
    </System>
    <EventData>
      <Data Name=""RuleName"">DLL</Data>
      <Data Name=""UtcTime"">2023-12-28 12:20:42.236</Data>
      <Data Name=""ProcessGuid"">{fda94052-681a-658d-7a02-000000000b00}</Data>
      <Data Name=""ProcessId"">3520</Data>
      <Data Name=""Image"">C:\Windows\SoftwareDistribution\Download\Install\UpdatePlatform.amd64fre.exe</Data>
      <Data Name=""TargetFilename"">C:\Windows\SystemTemp\EB4BBE84-AFC4-40E1-B9FF-DD868CABC612\DefenderCSP.dll</Data>
      <Data Name=""CreationUtcTime"">2023-12-28 12:20:42.236</Data>
      <Data Name=""User"">NT AUTHORITY\SYSTEM</Data>
    </EventData>
    <RenderingInfo Culture=""en-US"">
      <Message>File created:

RuleName: DLL

UtcTime: 2023-12-28 12:20:42.236

ProcessGuid: {fda94052-681a-658d-7a02-000000000b00}

ProcessId: 3520

Image: C:\Windows\SoftwareDistribution\Download\Install\UpdatePlatform.amd64fre.exe

TargetFilename: C:\Windows\SystemTemp\EB4BBE84-AFC4-40E1-B9FF-DD868CABC612\DefenderCSP.dll

CreationUtcTime: 2023-12-28 12:20:42.236

User: NT AUTHORITY\SYSTEM</Message>
      <Level>Information</Level>
      <Task>File created (rule: FileCreate)</Task>
      <Opcode>Info</Opcode>
    </RenderingInfo>
  </Event>
  
"
Microsoft-Windows-Sysmon/Operational,"""C:\Windows\SoftwareDistribution\Download\Install\UpdatePlatform.amd64fre.exe"" ",Microsoft Corporation,WinDev2309Eval,,C:\Windows\SoftwareDistribution\Download\Install\,AntiMalware Platform Update (amd64fre),,,,,,,1,9492,,4.18.23110.3,"MD5=CDB9814237DA888A3E6C4706A453AF43,SHA256=179E21112C2CB2BFA5F1C5CD8343808BEDB0A51C15FA7933F0871C9614F59E5A,IMPHASH=7FD12D3D4F1C0DD94AF7B58621733A5C",C:\Windows\SoftwareDistribution\Download\Install\UpdatePlatform.amd64fre.exe,,System,0x8000000000000000,Information,{fda94052-34eb-658d-e703-000000000000},0x3e7,"Process Create:

RuleName: -

UtcTime: 2023-12-28 12:20:42.116

ProcessGuid: {fda94052-681a-658d-7a02-000000000b00}

ProcessId: 3520

Image: C:\Windows\SoftwareDistribution\Download\Install\UpdatePlatform.amd64fre.exe

FileVersion: 4.18.23110.3

Description: AntiMalware Platform Update (amd64fre)

Product: Microsoft Malware Protection

Company: Microsoft Corporation

OriginalFileName: UpdatePlatform.exe

CommandLine: ""C:\Windows\SoftwareDistribution\Download\Install\UpdatePlatform.amd64fre.exe"" 

CurrentDirectory: C:\Windows\SoftwareDistribution\Download\Install\

User: NT AUTHORITY\SYSTEM

LogonGuid: {fda94052-34eb-658d-e703-000000000000}

LogonId: 0x3E7

TerminalSessionId: 0

IntegrityLevel: System

Hashes: MD5=CDB9814237DA888A3E6C4706A453AF43,SHA256=179E21112C2CB2BFA5F1C5CD8343808BEDB0A51C15FA7933F0871C9614F59E5A,IMPHASH=7FD12D3D4F1C0DD94AF7B58621733A5C

ParentProcessGuid: {fda94052-6818-658d-7902-000000000b00}

ParentProcessId: 2836

ParentImage: C:\Windows\UUS\Packages\Preview\amd64\wuaucltcore.exe

ParentCommandLine: ""C:\Windows\uus\packages\preview\AMD64\wuaucltcore.exe"" /DeploymentHandlerFullPath \\?\C:\Windows\UUS\Packages\Preview\AMD64\UpdateDeploy.dll /ClassId 3760e1de-b9b8-46b9-b3e9-6f5760fe7769 /RunHandlerComServer

ParentUser: NT AUTHORITY\SYSTEM",Info,UpdatePlatform.exe,"""C:\Windows\uus\packages\preview\AMD64\wuaucltcore.exe"" /DeploymentHandlerFullPath \\?\C:\Windows\UUS\Packages\Preview\AMD64\UpdateDeploy.dll /ClassId 3760e1de-b9b8-46b9-b3e9-6f5760fe7769 /RunHandlerComServer",C:\Windows\UUS\Packages\Preview\amd64\wuaucltcore.exe,{fda94052-6818-658d-7902-000000000b00},2836,NT AUTHORITY\SYSTEM,{fda94052-681a-658d-7a02-000000000b00},7044,3520,Microsoft Malware Protection,,,,,"
      ",-,,,,,,2023-12-28T12:20:42.1921699Z,,,Process Create (rule: ProcessCreate),0,6672,NT AUTHORITY\SYSTEM,S-1-5-18,2023-12-28 12:20:42.116,5,"<Event xmlns=""http://schemas.microsoft.com/win/2004/08/events/event"">
    <System>
      <Provider Name=""Microsoft-Windows-Sysmon"" Guid=""{5770385f-c22a-43e0-bf4c-06f5698ffbd9}""/>
      <EventID>1</EventID>
      <Version>5</Version>
      <Level>4</Level>
      <Task>1</Task>
      <Opcode>0</Opcode>
      <Keywords>0x8000000000000000</Keywords>
      <TimeCreated SystemTime=""2023-12-28T12:20:42.1921699Z""/>
      <EventRecordID>9492</EventRecordID>
      <Correlation/>
      <Execution ProcessID=""7044"" ThreadID=""6672""/>
      <Channel>Microsoft-Windows-Sysmon/Operational</Channel>
      <Computer>WinDev2309Eval</Computer>
      <Security UserID=""S-1-5-18""/>
    </System>
    <EventData>
      <Data Name=""RuleName"">-</Data>
      <Data Name=""UtcTime"">2023-12-28 12:20:42.116</Data>
      <Data Name=""ProcessGuid"">{fda94052-681a-658d-7a02-000000000b00}</Data>
      <Data Name=""ProcessId"">3520</Data>
      <Data Name=""Image"">C:\Windows\SoftwareDistribution\Download\Install\UpdatePlatform.amd64fre.exe</Data>
      <Data Name=""FileVersion"">4.18.23110.3</Data>
      <Data Name=""Description"">AntiMalware Platform Update (amd64fre)</Data>
      <Data Name=""Product"">Microsoft Malware Protection</Data>
      <Data Name=""Company"">Microsoft Corporation</Data>
      <Data Name=""OriginalFileName"">UpdatePlatform.exe</Data>
      <Data Name=""CommandLine"">""C:\Windows\SoftwareDistribution\Download\Install\UpdatePlatform.amd64fre.exe"" </Data>
      <Data Name=""CurrentDirectory"">C:\Windows\SoftwareDistribution\Download\Install\</Data>
      <Data Name=""User"">NT AUTHORITY\SYSTEM</Data>
      <Data Name=""LogonGuid"">{fda94052-34eb-658d-e703-000000000000}</Data>
      <Data Name=""LogonId"">0x3e7</Data>
      <Data Name=""TerminalSessionId"">0</Data>
      <Data Name=""IntegrityLevel"">System</Data>
      <Data Name=""Hashes"">MD5=CDB9814237DA888A3E6C4706A453AF43,SHA256=179E21112C2CB2BFA5F1C5CD8343808BEDB0A51C15FA7933F0871C9614F59E5A,IMPHASH=7FD12D3D4F1C0DD94AF7B58621733A5C</Data>
      <Data Name=""ParentProcessGuid"">{fda94052-6818-658d-7902-000000000b00}</Data>
      <Data Name=""ParentProcessId"">2836</Data>
      <Data Name=""ParentImage"">C:\Windows\UUS\Packages\Preview\amd64\wuaucltcore.exe</Data>
      <Data Name=""ParentCommandLine"">""C:\Windows\uus\packages\preview\AMD64\wuaucltcore.exe"" /DeploymentHandlerFullPath \\?\C:\Windows\UUS\Packages\Preview\AMD64\UpdateDeploy.dll /ClassId 3760e1de-b9b8-46b9-b3e9-6f5760fe7769 /RunHandlerComServer</Data>
      <Data Name=""ParentUser"">NT AUTHORITY\SYSTEM</Data>
    </EventData>
    <RenderingInfo Culture=""en-US"">
      <Message>Process Create:

RuleName: -

UtcTime: 2023-12-28 12:20:42.116

ProcessGuid: {fda94052-681a-658d-7a02-000000000b00}

ProcessId: 3520

Image: C:\Windows\SoftwareDistribution\Download\Install\UpdatePlatform.amd64fre.exe

FileVersion: 4.18.23110.3

Description: AntiMalware Platform Update (amd64fre)

Product: Microsoft Malware Protection

Company: Microsoft Corporation

OriginalFileName: UpdatePlatform.exe

CommandLine: ""C:\Windows\SoftwareDistribution\Download\Install\UpdatePlatform.amd64fre.exe"" 

CurrentDirectory: C:\Windows\SoftwareDistribution\Download\Install\

User: NT AUTHORITY\SYSTEM

LogonGuid: {fda94052-34eb-658d-e703-000000000000}

LogonId: 0x3E7

TerminalSessionId: 0

IntegrityLevel: System

Hashes: MD5=CDB9814237DA888A3E6C4706A453AF43,SHA256=179E21112C2CB2BFA5F1C5CD8343808BEDB0A51C15FA7933F0871C9614F59E5A,IMPHASH=7FD12D3D4F1C0DD94AF7B58621733A5C

ParentProcessGuid: {fda94052-6818-658d-7902-000000000b00}

ParentProcessId: 2836

ParentImage: C:\Windows\UUS\Packages\Preview\amd64\wuaucltcore.exe

ParentCommandLine: ""C:\Windows\uus\packages\preview\AMD64\wuaucltcore.exe"" /DeploymentHandlerFullPath \\?\C:\Windows\UUS\Packages\Preview\AMD64\UpdateDeploy.dll /ClassId 3760e1de-b9b8-46b9-b3e9-6f5760fe7769 /RunHandlerComServer

ParentUser: NT AUTHORITY\SYSTEM</Message>
      <Level>Information</Level>
      <Task>Process Create (rule: ProcessCreate)</Task>
      <Opcode>Info</Opcode>
    </RenderingInfo>
  </Event>
  
"
Microsoft-Windows-Sysmon/Operational,,,WinDev2309Eval,2023-12-28 12:20:42.111,,,,,,,,,11,9491,,,,C:\Windows\system32\svchost.exe,,,0x8000000000000000,Information,,,"File created:

RuleName: DLL

UtcTime: 2023-12-28 12:20:42.111

ProcessGuid: {fda94052-34fa-658d-8a00-000000000b00}

ProcessId: 5868

Image: C:\Windows\system32\svchost.exe

TargetFilename: C:\Windows\SystemTemp\{3F8FB0C1-0E3E-4DC1-BFEB-7992B7E38CB8}\ssshim.dll

CreationUtcTime: 2023-12-28 12:20:42.111

User: NT AUTHORITY\SYSTEM",Info,,,,,,,{fda94052-34fa-658d-8a00-000000000b00},7044,5868,,,,,,"
      ",DLL,,,,,,2023-12-28T12:20:42.1246860Z,C:\Windows\SystemTemp\{3F8FB0C1-0E3E-4DC1-BFEB-7992B7E38CB8}\ssshim.dll,,File created (rule: FileCreate),,6672,NT AUTHORITY\SYSTEM,S-1-5-18,2023-12-28 12:20:42.111,2,"<Event xmlns=""http://schemas.microsoft.com/win/2004/08/events/event"">
    <System>
      <Provider Name=""Microsoft-Windows-Sysmon"" Guid=""{5770385f-c22a-43e0-bf4c-06f5698ffbd9}""/>
      <EventID>11</EventID>
      <Version>2</Version>
      <Level>4</Level>
      <Task>11</Task>
      <Opcode>0</Opcode>
      <Keywords>0x8000000000000000</Keywords>
      <TimeCreated SystemTime=""2023-12-28T12:20:42.1246860Z""/>
      <EventRecordID>9491</EventRecordID>
      <Correlation/>
      <Execution ProcessID=""7044"" ThreadID=""6672""/>
      <Channel>Microsoft-Windows-Sysmon/Operational</Channel>
      <Computer>WinDev2309Eval</Computer>
      <Security UserID=""S-1-5-18""/>
    </System>
    <EventData>
      <Data Name=""RuleName"">DLL</Data>
      <Data Name=""UtcTime"">2023-12-28 12:20:42.111</Data>
      <Data Name=""ProcessGuid"">{fda94052-34fa-658d-8a00-000000000b00}</Data>
      <Data Name=""ProcessId"">5868</Data>
      <Data Name=""Image"">C:\Windows\system32\svchost.exe</Data>
      <Data Name=""TargetFilename"">C:\Windows\SystemTemp\{3F8FB0C1-0E3E-4DC1-BFEB-7992B7E38CB8}\ssshim.dll</Data>
      <Data Name=""CreationUtcTime"">2023-12-28 12:20:42.111</Data>
      <Data Name=""User"">NT AUTHORITY\SYSTEM</Data>
    </EventData>
    <RenderingInfo Culture=""en-US"">
      <Message>File created:

RuleName: DLL

UtcTime: 2023-12-28 12:20:42.111

ProcessGuid: {fda94052-34fa-658d-8a00-000000000b00}

ProcessId: 5868

Image: C:\Windows\system32\svchost.exe

TargetFilename: C:\Windows\SystemTemp\{3F8FB0C1-0E3E-4DC1-BFEB-7992B7E38CB8}\ssshim.dll

CreationUtcTime: 2023-12-28 12:20:42.111

User: NT AUTHORITY\SYSTEM</Message>
      <Level>Information</Level>
      <Task>File created (rule: FileCreate)</Task>
      <Opcode>Info</Opcode>
    </RenderingInfo>
  </Event>
  
"
Microsoft-Windows-Sysmon/Operational,,,WinDev2309Eval,2023-12-28 12:20:41.984,,,,,,,,,11,9490,,,,C:\Windows\system32\svchost.exe,,,0x8000000000000000,Information,,,"File created:

RuleName: EXE

UtcTime: 2023-12-28 12:20:41.984

ProcessGuid: {fda94052-34fa-658d-8a00-000000000b00}

ProcessId: 5868

Image: C:\Windows\system32\svchost.exe

TargetFilename: C:\Windows\SoftwareDistribution\Download\Install\UpdatePlatform.amd64fre.exe

CreationUtcTime: 2023-12-28 12:20:41.984

User: NT AUTHORITY\SYSTEM",Info,,,,,,,{fda94052-34fa-658d-8a00-000000000b00},7044,5868,,,,,,"
      ",EXE,,,,,,2023-12-28T12:20:41.9861746Z,C:\Windows\SoftwareDistribution\Download\Install\UpdatePlatform.amd64fre.exe,,File created (rule: FileCreate),,6672,NT AUTHORITY\SYSTEM,S-1-5-18,2023-12-28 12:20:41.984,2,"<Event xmlns=""http://schemas.microsoft.com/win/2004/08/events/event"">
    <System>
      <Provider Name=""Microsoft-Windows-Sysmon"" Guid=""{5770385f-c22a-43e0-bf4c-06f5698ffbd9}""/>
      <EventID>11</EventID>
      <Version>2</Version>
      <Level>4</Level>
      <Task>11</Task>
      <Opcode>0</Opcode>
      <Keywords>0x8000000000000000</Keywords>
      <TimeCreated SystemTime=""2023-12-28T12:20:41.9861746Z""/>
      <EventRecordID>9490</EventRecordID>
      <Correlation/>
      <Execution ProcessID=""7044"" ThreadID=""6672""/>
      <Channel>Microsoft-Windows-Sysmon/Operational</Channel>
      <Computer>WinDev2309Eval</Computer>
      <Security UserID=""S-1-5-18""/>
    </System>
    <EventData>
      <Data Name=""RuleName"">EXE</Data>
      <Data Name=""UtcTime"">2023-12-28 12:20:41.984</Data>
      <Data Name=""ProcessGuid"">{fda94052-34fa-658d-8a00-000000000b00}</Data>
      <Data Name=""ProcessId"">5868</Data>
      <Data Name=""Image"">C:\Windows\system32\svchost.exe</Data>
      <Data Name=""TargetFilename"">C:\Windows\SoftwareDistribution\Download\Install\UpdatePlatform.amd64fre.exe</Data>
      <Data Name=""CreationUtcTime"">2023-12-28 12:20:41.984</Data>
      <Data Name=""User"">NT AUTHORITY\SYSTEM</Data>
    </EventData>
    <RenderingInfo Culture=""en-US"">
      <Message>File created:

RuleName: EXE

UtcTime: 2023-12-28 12:20:41.984

ProcessGuid: {fda94052-34fa-658d-8a00-000000000b00}

ProcessId: 5868

Image: C:\Windows\system32\svchost.exe

TargetFilename: C:\Windows\SoftwareDistribution\Download\Install\UpdatePlatform.amd64fre.exe

CreationUtcTime: 2023-12-28 12:20:41.984

User: NT AUTHORITY\SYSTEM</Message>
      <Level>Information</Level>
      <Task>File created (rule: FileCreate)</Task>
      <Opcode>Info</Opcode>
    </RenderingInfo>
  </Event>
  
"
