Microsoft-Windows-Sysmon/Operational,"C:\Windows\system32\wevtutil.exe install-manifest ""C:\ProgramData\Microsoft\Windows Defender\Platform\4.18.23110.3-0\Microsoft-Antimalware-RTP.man"" ""/resourceFilePath:C:\ProgramData\Microsoft\Windows Defender\Platform\4.18.23110.3-0\MpRtp.dll"" ""/messageFilePath:C:\ProgramData\Microsoft\Windows Defender\Platform\4.18.23110.3-0\MpRtp.dll"" ""/parameterFilePath:C:\ProgramData\Microsoft\Windows Defender\Platform\4.18.23110.3-0\MpRtp.dll""",Microsoft Corporation,WinDev2309Eval,,C:\Windows\system32\,Windows Event Log Utility,,,,,,,1,9638,,10.0.22621.1778 (WinBuild.160101.0800),"MD5=DFE4A9613993ECAFE6B38DEFE8D495F2,SHA256=3635324AA002EBB7FD99D50E63ACDAC0C34E831A7F35E7B33F37854557538588,IMPHASH=92CA71320A49850E970004A94EA5D695",C:\Windows\System32\wevtutil.exe,,System,0x8000000000000000,Information,{fda94052-34eb-658d-e703-000000000000},0x3e7,"Process Create:

RuleName: -

UtcTime: 2023-12-28 12:20:51.258

ProcessGuid: {fda94052-6823-658d-9402-000000000b00}

ProcessId: 5804

Image: C:\Windows\System32\wevtutil.exe

FileVersion: 10.0.22621.1778 (WinBuild.160101.0800)

Description: Windows Event Log Utility

Product: Microsoft® Windows® Operating System

Company: Microsoft Corporation

OriginalFileName: wevtutil.exe

CommandLine: C:\Windows\system32\wevtutil.exe install-manifest ""C:\ProgramData\Microsoft\Windows Defender\Platform\4.18.23110.3-0\Microsoft-Antimalware-RTP.man"" ""/resourceFilePath:C:\ProgramData\Microsoft\Windows Defender\Platform\4.18.23110.3-0\MpRtp.dll"" ""/messageFilePath:C:\ProgramData\Microsoft\Windows Defender\Platform\4.18.23110.3-0\MpRtp.dll"" ""/parameterFilePath:C:\ProgramData\Microsoft\Windows Defender\Platform\4.18.23110.3-0\MpRtp.dll""

CurrentDirectory: C:\Windows\system32\

User: NT AUTHORITY\SYSTEM

LogonGuid: {fda94052-34eb-658d-e703-000000000000}

LogonId: 0x3E7

TerminalSessionId: 0

IntegrityLevel: System

Hashes: MD5=DFE4A9613993ECAFE6B38DEFE8D495F2,SHA256=3635324AA002EBB7FD99D50E63ACDAC0C34E831A7F35E7B33F37854557538588,IMPHASH=92CA71320A49850E970004A94EA5D695

ParentProcessGuid: {fda94052-6820-658d-8002-000000000b00}

ParentProcessId: 4700

ParentImage: C:\ProgramData\Microsoft\Windows Defender\Platform\4.18.23080.2006-0\MsMpEng.exe

ParentCommandLine: ""C:\ProgramData\Microsoft\Windows Defender\Platform\4.18.23080.2006-0\MsMpEng.exe""

ParentUser: NT AUTHORITY\SYSTEM",Info,wevtutil.exe,"""C:\ProgramData\Microsoft\Windows Defender\Platform\4.18.23080.2006-0\MsMpEng.exe""",C:\ProgramData\Microsoft\Windows Defender\Platform\4.18.23080.2006-0\MsMpEng.exe,{fda94052-6820-658d-8002-000000000b00},4700,NT AUTHORITY\SYSTEM,{fda94052-6823-658d-9402-000000000b00},7044,5804,Microsoft® Windows® Operating System,,,,,"
      ",-,,,,,,2023-12-28T12:20:51.2593011Z,,,Process Create (rule: ProcessCreate),0,6672,NT AUTHORITY\SYSTEM,S-1-5-18,2023-12-28 12:20:51.258,5,"<Event xmlns=""http://schemas.microsoft.com/win/2004/08/events/event"">
    <System>
      <Provider Name=""Microsoft-Windows-Sysmon"" Guid=""{5770385f-c22a-43e0-bf4c-06f5698ffbd9}""/>
      <EventID>1</EventID>
      <Version>5</Version>
      <Level>4</Level>
      <Task>1</Task>
      <Opcode>0</Opcode>
      <Keywords>0x8000000000000000</Keywords>
      <TimeCreated SystemTime=""2023-12-28T12:20:51.2593011Z""/>
      <EventRecordID>9638</EventRecordID>
      <Correlation/>
      <Execution ProcessID=""7044"" ThreadID=""6672""/>
      <Channel>Microsoft-Windows-Sysmon/Operational</Channel>
      <Computer>WinDev2309Eval</Computer>
      <Security UserID=""S-1-5-18""/>
    </System>
    <EventData>
      <Data Name=""RuleName"">-</Data>
      <Data Name=""UtcTime"">2023-12-28 12:20:51.258</Data>
      <Data Name=""ProcessGuid"">{fda94052-6823-658d-9402-000000000b00}</Data>
      <Data Name=""ProcessId"">5804</Data>
      <Data Name=""Image"">C:\Windows\System32\wevtutil.exe</Data>
      <Data Name=""FileVersion"">10.0.22621.1778 (WinBuild.160101.0800)</Data>
      <Data Name=""Description"">Windows Event Log Utility</Data>
      <Data Name=""Product"">Microsoft&#174; Windows&#174; Operating System</Data>
      <Data Name=""Company"">Microsoft Corporation</Data>
      <Data Name=""OriginalFileName"">wevtutil.exe</Data>
      <Data Name=""CommandLine"">C:\Windows\system32\wevtutil.exe install-manifest ""C:\ProgramData\Microsoft\Windows Defender\Platform\4.18.23110.3-0\Microsoft-Antimalware-RTP.man"" ""/resourceFilePath:C:\ProgramData\Microsoft\Windows Defender\Platform\4.18.23110.3-0\MpRtp.dll"" ""/messageFilePath:C:\ProgramData\Microsoft\Windows Defender\Platform\4.18.23110.3-0\MpRtp.dll"" ""/parameterFilePath:C:\ProgramData\Microsoft\Windows Defender\Platform\4.18.23110.3-0\MpRtp.dll""</Data>
      <Data Name=""CurrentDirectory"">C:\Windows\system32\</Data>
      <Data Name=""User"">NT AUTHORITY\SYSTEM</Data>
      <Data Name=""LogonGuid"">{fda94052-34eb-658d-e703-000000000000}</Data>
      <Data Name=""LogonId"">0x3e7</Data>
      <Data Name=""TerminalSessionId"">0</Data>
      <Data Name=""IntegrityLevel"">System</Data>
      <Data Name=""Hashes"">MD5=DFE4A9613993ECAFE6B38DEFE8D495F2,SHA256=3635324AA002EBB7FD99D50E63ACDAC0C34E831A7F35E7B33F37854557538588,IMPHASH=92CA71320A49850E970004A94EA5D695</Data>
      <Data Name=""ParentProcessGuid"">{fda94052-6820-658d-8002-000000000b00}</Data>
      <Data Name=""ParentProcessId"">4700</Data>
      <Data Name=""ParentImage"">C:\ProgramData\Microsoft\Windows Defender\Platform\4.18.23080.2006-0\MsMpEng.exe</Data>
      <Data Name=""ParentCommandLine"">""C:\ProgramData\Microsoft\Windows Defender\Platform\4.18.23080.2006-0\MsMpEng.exe""</Data>
      <Data Name=""ParentUser"">NT AUTHORITY\SYSTEM</Data>
    </EventData>
    <RenderingInfo Culture=""en-US"">
      <Message>Process Create:

RuleName: -

UtcTime: 2023-12-28 12:20:51.258

ProcessGuid: {fda94052-6823-658d-9402-000000000b00}

ProcessId: 5804

Image: C:\Windows\System32\wevtutil.exe

FileVersion: 10.0.22621.1778 (WinBuild.160101.0800)

Description: Windows Event Log Utility

Product: Microsoft&#174; Windows&#174; Operating System

Company: Microsoft Corporation

OriginalFileName: wevtutil.exe

CommandLine: C:\Windows\system32\wevtutil.exe install-manifest ""C:\ProgramData\Microsoft\Windows Defender\Platform\4.18.23110.3-0\Microsoft-Antimalware-RTP.man"" ""/resourceFilePath:C:\ProgramData\Microsoft\Windows Defender\Platform\4.18.23110.3-0\MpRtp.dll"" ""/messageFilePath:C:\ProgramData\Microsoft\Windows Defender\Platform\4.18.23110.3-0\MpRtp.dll"" ""/parameterFilePath:C:\ProgramData\Microsoft\Windows Defender\Platform\4.18.23110.3-0\MpRtp.dll""

CurrentDirectory: C:\Windows\system32\

User: NT AUTHORITY\SYSTEM

LogonGuid: {fda94052-34eb-658d-e703-000000000000}

LogonId: 0x3E7

TerminalSessionId: 0

IntegrityLevel: System

Hashes: MD5=DFE4A9613993ECAFE6B38DEFE8D495F2,SHA256=3635324AA002EBB7FD99D50E63ACDAC0C34E831A7F35E7B33F37854557538588,IMPHASH=92CA71320A49850E970004A94EA5D695

ParentProcessGuid: {fda94052-6820-658d-8002-000000000b00}

ParentProcessId: 4700

ParentImage: C:\ProgramData\Microsoft\Windows Defender\Platform\4.18.23080.2006-0\MsMpEng.exe

ParentCommandLine: ""C:\ProgramData\Microsoft\Windows Defender\Platform\4.18.23080.2006-0\MsMpEng.exe""

ParentUser: NT AUTHORITY\SYSTEM</Message>
      <Level>Information</Level>
      <Task>Process Create (rule: ProcessCreate)</Task>
      <Opcode>Info</Opcode>
    </RenderingInfo>
  </Event>
  
"
Microsoft-Windows-Sysmon/Operational,"C:\Windows\system32\wevtutil.exe uninstall-manifest ""C:\ProgramData\Microsoft\Windows Defender\Platform\4.18.23110.3-0\Microsoft-Antimalware-RTP.man""",Microsoft Corporation,WinDev2309Eval,,C:\Windows\system32\,Windows Event Log Utility,,,,,,,1,9637,,10.0.22621.1778 (WinBuild.160101.0800),"MD5=DFE4A9613993ECAFE6B38DEFE8D495F2,SHA256=3635324AA002EBB7FD99D50E63ACDAC0C34E831A7F35E7B33F37854557538588,IMPHASH=92CA71320A49850E970004A94EA5D695",C:\Windows\System32\wevtutil.exe,,System,0x8000000000000000,Information,{fda94052-34eb-658d-e703-000000000000},0x3e7,"Process Create:

RuleName: -

UtcTime: 2023-12-28 12:20:51.156

ProcessGuid: {fda94052-6823-658d-9202-000000000b00}

ProcessId: 6788

Image: C:\Windows\System32\wevtutil.exe

FileVersion: 10.0.22621.1778 (WinBuild.160101.0800)

Description: Windows Event Log Utility

Product: Microsoft® Windows® Operating System

Company: Microsoft Corporation

OriginalFileName: wevtutil.exe

CommandLine: C:\Windows\system32\wevtutil.exe uninstall-manifest ""C:\ProgramData\Microsoft\Windows Defender\Platform\4.18.23110.3-0\Microsoft-Antimalware-RTP.man""

CurrentDirectory: C:\Windows\system32\

User: NT AUTHORITY\SYSTEM

LogonGuid: {fda94052-34eb-658d-e703-000000000000}

LogonId: 0x3E7

TerminalSessionId: 0

IntegrityLevel: System

Hashes: MD5=DFE4A9613993ECAFE6B38DEFE8D495F2,SHA256=3635324AA002EBB7FD99D50E63ACDAC0C34E831A7F35E7B33F37854557538588,IMPHASH=92CA71320A49850E970004A94EA5D695

ParentProcessGuid: {fda94052-6820-658d-8002-000000000b00}

ParentProcessId: 4700

ParentImage: C:\ProgramData\Microsoft\Windows Defender\Platform\4.18.23080.2006-0\MsMpEng.exe

ParentCommandLine: ""C:\ProgramData\Microsoft\Windows Defender\Platform\4.18.23080.2006-0\MsMpEng.exe""

ParentUser: NT AUTHORITY\SYSTEM",Info,wevtutil.exe,"""C:\ProgramData\Microsoft\Windows Defender\Platform\4.18.23080.2006-0\MsMpEng.exe""",C:\ProgramData\Microsoft\Windows Defender\Platform\4.18.23080.2006-0\MsMpEng.exe,{fda94052-6820-658d-8002-000000000b00},4700,NT AUTHORITY\SYSTEM,{fda94052-6823-658d-9202-000000000b00},7044,6788,Microsoft® Windows® Operating System,,,,,"
      ",-,,,,,,2023-12-28T12:20:51.1568185Z,,,Process Create (rule: ProcessCreate),0,6672,NT AUTHORITY\SYSTEM,S-1-5-18,2023-12-28 12:20:51.156,5,"<Event xmlns=""http://schemas.microsoft.com/win/2004/08/events/event"">
    <System>
      <Provider Name=""Microsoft-Windows-Sysmon"" Guid=""{5770385f-c22a-43e0-bf4c-06f5698ffbd9}""/>
      <EventID>1</EventID>
      <Version>5</Version>
      <Level>4</Level>
      <Task>1</Task>
      <Opcode>0</Opcode>
      <Keywords>0x8000000000000000</Keywords>
      <TimeCreated SystemTime=""2023-12-28T12:20:51.1568185Z""/>
      <EventRecordID>9637</EventRecordID>
      <Correlation/>
      <Execution ProcessID=""7044"" ThreadID=""6672""/>
      <Channel>Microsoft-Windows-Sysmon/Operational</Channel>
      <Computer>WinDev2309Eval</Computer>
      <Security UserID=""S-1-5-18""/>
    </System>
    <EventData>
      <Data Name=""RuleName"">-</Data>
      <Data Name=""UtcTime"">2023-12-28 12:20:51.156</Data>
      <Data Name=""ProcessGuid"">{fda94052-6823-658d-9202-000000000b00}</Data>
      <Data Name=""ProcessId"">6788</Data>
      <Data Name=""Image"">C:\Windows\System32\wevtutil.exe</Data>
      <Data Name=""FileVersion"">10.0.22621.1778 (WinBuild.160101.0800)</Data>
      <Data Name=""Description"">Windows Event Log Utility</Data>
      <Data Name=""Product"">Microsoft&#174; Windows&#174; Operating System</Data>
      <Data Name=""Company"">Microsoft Corporation</Data>
      <Data Name=""OriginalFileName"">wevtutil.exe</Data>
      <Data Name=""CommandLine"">C:\Windows\system32\wevtutil.exe uninstall-manifest ""C:\ProgramData\Microsoft\Windows Defender\Platform\4.18.23110.3-0\Microsoft-Antimalware-RTP.man""</Data>
      <Data Name=""CurrentDirectory"">C:\Windows\system32\</Data>
      <Data Name=""User"">NT AUTHORITY\SYSTEM</Data>
      <Data Name=""LogonGuid"">{fda94052-34eb-658d-e703-000000000000}</Data>
      <Data Name=""LogonId"">0x3e7</Data>
      <Data Name=""TerminalSessionId"">0</Data>
      <Data Name=""IntegrityLevel"">System</Data>
      <Data Name=""Hashes"">MD5=DFE4A9613993ECAFE6B38DEFE8D495F2,SHA256=3635324AA002EBB7FD99D50E63ACDAC0C34E831A7F35E7B33F37854557538588,IMPHASH=92CA71320A49850E970004A94EA5D695</Data>
      <Data Name=""ParentProcessGuid"">{fda94052-6820-658d-8002-000000000b00}</Data>
      <Data Name=""ParentProcessId"">4700</Data>
      <Data Name=""ParentImage"">C:\ProgramData\Microsoft\Windows Defender\Platform\4.18.23080.2006-0\MsMpEng.exe</Data>
      <Data Name=""ParentCommandLine"">""C:\ProgramData\Microsoft\Windows Defender\Platform\4.18.23080.2006-0\MsMpEng.exe""</Data>
      <Data Name=""ParentUser"">NT AUTHORITY\SYSTEM</Data>
    </EventData>
    <RenderingInfo Culture=""en-US"">
      <Message>Process Create:

RuleName: -

UtcTime: 2023-12-28 12:20:51.156

ProcessGuid: {fda94052-6823-658d-9202-000000000b00}

ProcessId: 6788

Image: C:\Windows\System32\wevtutil.exe

FileVersion: 10.0.22621.1778 (WinBuild.160101.0800)

Description: Windows Event Log Utility

Product: Microsoft&#174; Windows&#174; Operating System

Company: Microsoft Corporation

OriginalFileName: wevtutil.exe

CommandLine: C:\Windows\system32\wevtutil.exe uninstall-manifest ""C:\ProgramData\Microsoft\Windows Defender\Platform\4.18.23110.3-0\Microsoft-Antimalware-RTP.man""

CurrentDirectory: C:\Windows\system32\

User: NT AUTHORITY\SYSTEM

LogonGuid: {fda94052-34eb-658d-e703-000000000000}

LogonId: 0x3E7

TerminalSessionId: 0

IntegrityLevel: System

Hashes: MD5=DFE4A9613993ECAFE6B38DEFE8D495F2,SHA256=3635324AA002EBB7FD99D50E63ACDAC0C34E831A7F35E7B33F37854557538588,IMPHASH=92CA71320A49850E970004A94EA5D695

ParentProcessGuid: {fda94052-6820-658d-8002-000000000b00}

ParentProcessId: 4700

ParentImage: C:\ProgramData\Microsoft\Windows Defender\Platform\4.18.23080.2006-0\MsMpEng.exe

ParentCommandLine: ""C:\ProgramData\Microsoft\Windows Defender\Platform\4.18.23080.2006-0\MsMpEng.exe""

ParentUser: NT AUTHORITY\SYSTEM</Message>
      <Level>Information</Level>
      <Task>Process Create (rule: ProcessCreate)</Task>
      <Opcode>Info</Opcode>
    </RenderingInfo>
  </Event>
  
"
Microsoft-Windows-Sysmon/Operational,"C:\Windows\system32\wevtutil.exe install-manifest ""C:\ProgramData\Microsoft\Windows Defender\Platform\4.18.23110.3-0\Microsoft-Antimalware-NIS.man"" ""/resourceFilePath:C:\ProgramData\Microsoft\Windows Defender\Platform\4.18.23110.3-0\NisSrv.exe"" ""/messageFilePath:C:\ProgramData\Microsoft\Windows Defender\Platform\4.18.23110.3-0\NisSrv.exe"" ""/parameterFilePath:C:\ProgramData\Microsoft\Windows Defender\Platform\4.18.23110.3-0\NisSrv.exe""",Microsoft Corporation,WinDev2309Eval,,C:\Windows\system32\,Windows Event Log Utility,,,,,,,1,9636,,10.0.22621.1778 (WinBuild.160101.0800),"MD5=DFE4A9613993ECAFE6B38DEFE8D495F2,SHA256=3635324AA002EBB7FD99D50E63ACDAC0C34E831A7F35E7B33F37854557538588,IMPHASH=92CA71320A49850E970004A94EA5D695",C:\Windows\System32\wevtutil.exe,,System,0x8000000000000000,Information,{fda94052-34eb-658d-e703-000000000000},0x3e7,"Process Create:

RuleName: -

UtcTime: 2023-12-28 12:20:51.074

ProcessGuid: {fda94052-6823-658d-9002-000000000b00}

ProcessId: 3684

Image: C:\Windows\System32\wevtutil.exe

FileVersion: 10.0.22621.1778 (WinBuild.160101.0800)

Description: Windows Event Log Utility

Product: Microsoft® Windows® Operating System

Company: Microsoft Corporation

OriginalFileName: wevtutil.exe

CommandLine: C:\Windows\system32\wevtutil.exe install-manifest ""C:\ProgramData\Microsoft\Windows Defender\Platform\4.18.23110.3-0\Microsoft-Antimalware-NIS.man"" ""/resourceFilePath:C:\ProgramData\Microsoft\Windows Defender\Platform\4.18.23110.3-0\NisSrv.exe"" ""/messageFilePath:C:\ProgramData\Microsoft\Windows Defender\Platform\4.18.23110.3-0\NisSrv.exe"" ""/parameterFilePath:C:\ProgramData\Microsoft\Windows Defender\Platform\4.18.23110.3-0\NisSrv.exe""

CurrentDirectory: C:\Windows\system32\

User: NT AUTHORITY\SYSTEM

LogonGuid: {fda94052-34eb-658d-e703-000000000000}

LogonId: 0x3E7

TerminalSessionId: 0

IntegrityLevel: System

Hashes: MD5=DFE4A9613993ECAFE6B38DEFE8D495F2,SHA256=3635324AA002EBB7FD99D50E63ACDAC0C34E831A7F35E7B33F37854557538588,IMPHASH=92CA71320A49850E970004A94EA5D695

ParentProcessGuid: {fda94052-6820-658d-8002-000000000b00}

ParentProcessId: 4700

ParentImage: C:\ProgramData\Microsoft\Windows Defender\Platform\4.18.23080.2006-0\MsMpEng.exe

ParentCommandLine: ""C:\ProgramData\Microsoft\Windows Defender\Platform\4.18.23080.2006-0\MsMpEng.exe""

ParentUser: NT AUTHORITY\SYSTEM",Info,wevtutil.exe,"""C:\ProgramData\Microsoft\Windows Defender\Platform\4.18.23080.2006-0\MsMpEng.exe""",C:\ProgramData\Microsoft\Windows Defender\Platform\4.18.23080.2006-0\MsMpEng.exe,{fda94052-6820-658d-8002-000000000b00},4700,NT AUTHORITY\SYSTEM,{fda94052-6823-658d-9002-000000000b00},7044,3684,Microsoft® Windows® Operating System,,,,,"
      ",-,,,,,,2023-12-28T12:20:51.0751445Z,,,Process Create (rule: ProcessCreate),0,6672,NT AUTHORITY\SYSTEM,S-1-5-18,2023-12-28 12:20:51.074,5,"<Event xmlns=""http://schemas.microsoft.com/win/2004/08/events/event"">
    <System>
      <Provider Name=""Microsoft-Windows-Sysmon"" Guid=""{5770385f-c22a-43e0-bf4c-06f5698ffbd9}""/>
      <EventID>1</EventID>
      <Version>5</Version>
      <Level>4</Level>
      <Task>1</Task>
      <Opcode>0</Opcode>
      <Keywords>0x8000000000000000</Keywords>
      <TimeCreated SystemTime=""2023-12-28T12:20:51.0751445Z""/>
      <EventRecordID>9636</EventRecordID>
      <Correlation/>
      <Execution ProcessID=""7044"" ThreadID=""6672""/>
      <Channel>Microsoft-Windows-Sysmon/Operational</Channel>
      <Computer>WinDev2309Eval</Computer>
      <Security UserID=""S-1-5-18""/>
    </System>
    <EventData>
      <Data Name=""RuleName"">-</Data>
      <Data Name=""UtcTime"">2023-12-28 12:20:51.074</Data>
      <Data Name=""ProcessGuid"">{fda94052-6823-658d-9002-000000000b00}</Data>
      <Data Name=""ProcessId"">3684</Data>
      <Data Name=""Image"">C:\Windows\System32\wevtutil.exe</Data>
      <Data Name=""FileVersion"">10.0.22621.1778 (WinBuild.160101.0800)</Data>
      <Data Name=""Description"">Windows Event Log Utility</Data>
      <Data Name=""Product"">Microsoft&#174; Windows&#174; Operating System</Data>
      <Data Name=""Company"">Microsoft Corporation</Data>
      <Data Name=""OriginalFileName"">wevtutil.exe</Data>
      <Data Name=""CommandLine"">C:\Windows\system32\wevtutil.exe install-manifest ""C:\ProgramData\Microsoft\Windows Defender\Platform\4.18.23110.3-0\Microsoft-Antimalware-NIS.man"" ""/resourceFilePath:C:\ProgramData\Microsoft\Windows Defender\Platform\4.18.23110.3-0\NisSrv.exe"" ""/messageFilePath:C:\ProgramData\Microsoft\Windows Defender\Platform\4.18.23110.3-0\NisSrv.exe"" ""/parameterFilePath:C:\ProgramData\Microsoft\Windows Defender\Platform\4.18.23110.3-0\NisSrv.exe""</Data>
      <Data Name=""CurrentDirectory"">C:\Windows\system32\</Data>
      <Data Name=""User"">NT AUTHORITY\SYSTEM</Data>
      <Data Name=""LogonGuid"">{fda94052-34eb-658d-e703-000000000000}</Data>
      <Data Name=""LogonId"">0x3e7</Data>
      <Data Name=""TerminalSessionId"">0</Data>
      <Data Name=""IntegrityLevel"">System</Data>
      <Data Name=""Hashes"">MD5=DFE4A9613993ECAFE6B38DEFE8D495F2,SHA256=3635324AA002EBB7FD99D50E63ACDAC0C34E831A7F35E7B33F37854557538588,IMPHASH=92CA71320A49850E970004A94EA5D695</Data>
      <Data Name=""ParentProcessGuid"">{fda94052-6820-658d-8002-000000000b00}</Data>
      <Data Name=""ParentProcessId"">4700</Data>
      <Data Name=""ParentImage"">C:\ProgramData\Microsoft\Windows Defender\Platform\4.18.23080.2006-0\MsMpEng.exe</Data>
      <Data Name=""ParentCommandLine"">""C:\ProgramData\Microsoft\Windows Defender\Platform\4.18.23080.2006-0\MsMpEng.exe""</Data>
      <Data Name=""ParentUser"">NT AUTHORITY\SYSTEM</Data>
    </EventData>
    <RenderingInfo Culture=""en-US"">
      <Message>Process Create:

RuleName: -

UtcTime: 2023-12-28 12:20:51.074

ProcessGuid: {fda94052-6823-658d-9002-000000000b00}

ProcessId: 3684

Image: C:\Windows\System32\wevtutil.exe

FileVersion: 10.0.22621.1778 (WinBuild.160101.0800)

Description: Windows Event Log Utility

Product: Microsoft&#174; Windows&#174; Operating System

Company: Microsoft Corporation

OriginalFileName: wevtutil.exe

CommandLine: C:\Windows\system32\wevtutil.exe install-manifest ""C:\ProgramData\Microsoft\Windows Defender\Platform\4.18.23110.3-0\Microsoft-Antimalware-NIS.man"" ""/resourceFilePath:C:\ProgramData\Microsoft\Windows Defender\Platform\4.18.23110.3-0\NisSrv.exe"" ""/messageFilePath:C:\ProgramData\Microsoft\Windows Defender\Platform\4.18.23110.3-0\NisSrv.exe"" ""/parameterFilePath:C:\ProgramData\Microsoft\Windows Defender\Platform\4.18.23110.3-0\NisSrv.exe""

CurrentDirectory: C:\Windows\system32\

User: NT AUTHORITY\SYSTEM

LogonGuid: {fda94052-34eb-658d-e703-000000000000}

LogonId: 0x3E7

TerminalSessionId: 0

IntegrityLevel: System

Hashes: MD5=DFE4A9613993ECAFE6B38DEFE8D495F2,SHA256=3635324AA002EBB7FD99D50E63ACDAC0C34E831A7F35E7B33F37854557538588,IMPHASH=92CA71320A49850E970004A94EA5D695

ParentProcessGuid: {fda94052-6820-658d-8002-000000000b00}

ParentProcessId: 4700

ParentImage: C:\ProgramData\Microsoft\Windows Defender\Platform\4.18.23080.2006-0\MsMpEng.exe

ParentCommandLine: ""C:\ProgramData\Microsoft\Windows Defender\Platform\4.18.23080.2006-0\MsMpEng.exe""

ParentUser: NT AUTHORITY\SYSTEM</Message>
      <Level>Information</Level>
      <Task>Process Create (rule: ProcessCreate)</Task>
      <Opcode>Info</Opcode>
    </RenderingInfo>
  </Event>
  
"
Microsoft-Windows-Sysmon/Operational,"C:\Windows\system32\wevtutil.exe uninstall-manifest ""C:\ProgramData\Microsoft\Windows Defender\Platform\4.18.23110.3-0\Microsoft-Antimalware-NIS.man""",Microsoft Corporation,WinDev2309Eval,,C:\Windows\system32\,Windows Event Log Utility,,,,,,,1,9635,,10.0.22621.1778 (WinBuild.160101.0800),"MD5=DFE4A9613993ECAFE6B38DEFE8D495F2,SHA256=3635324AA002EBB7FD99D50E63ACDAC0C34E831A7F35E7B33F37854557538588,IMPHASH=92CA71320A49850E970004A94EA5D695",C:\Windows\System32\wevtutil.exe,,System,0x8000000000000000,Information,{fda94052-34eb-658d-e703-000000000000},0x3e7,"Process Create:

RuleName: -

UtcTime: 2023-12-28 12:20:51.016

ProcessGuid: {fda94052-6823-658d-8e02-000000000b00}

ProcessId: 284

Image: C:\Windows\System32\wevtutil.exe

FileVersion: 10.0.22621.1778 (WinBuild.160101.0800)

Description: Windows Event Log Utility

Product: Microsoft® Windows® Operating System

Company: Microsoft Corporation

OriginalFileName: wevtutil.exe

CommandLine: C:\Windows\system32\wevtutil.exe uninstall-manifest ""C:\ProgramData\Microsoft\Windows Defender\Platform\4.18.23110.3-0\Microsoft-Antimalware-NIS.man""

CurrentDirectory: C:\Windows\system32\

User: NT AUTHORITY\SYSTEM

LogonGuid: {fda94052-34eb-658d-e703-000000000000}

LogonId: 0x3E7

TerminalSessionId: 0

IntegrityLevel: System

Hashes: MD5=DFE4A9613993ECAFE6B38DEFE8D495F2,SHA256=3635324AA002EBB7FD99D50E63ACDAC0C34E831A7F35E7B33F37854557538588,IMPHASH=92CA71320A49850E970004A94EA5D695

ParentProcessGuid: {fda94052-6820-658d-8002-000000000b00}

ParentProcessId: 4700

ParentImage: C:\ProgramData\Microsoft\Windows Defender\Platform\4.18.23080.2006-0\MsMpEng.exe

ParentCommandLine: ""C:\ProgramData\Microsoft\Windows Defender\Platform\4.18.23080.2006-0\MsMpEng.exe""

ParentUser: NT AUTHORITY\SYSTEM",Info,wevtutil.exe,"""C:\ProgramData\Microsoft\Windows Defender\Platform\4.18.23080.2006-0\MsMpEng.exe""",C:\ProgramData\Microsoft\Windows Defender\Platform\4.18.23080.2006-0\MsMpEng.exe,{fda94052-6820-658d-8002-000000000b00},4700,NT AUTHORITY\SYSTEM,{fda94052-6823-658d-8e02-000000000b00},7044,284,Microsoft® Windows® Operating System,,,,,"
      ",-,,,,,,2023-12-28T12:20:51.0175862Z,,,Process Create (rule: ProcessCreate),0,6672,NT AUTHORITY\SYSTEM,S-1-5-18,2023-12-28 12:20:51.016,5,"<Event xmlns=""http://schemas.microsoft.com/win/2004/08/events/event"">
    <System>
      <Provider Name=""Microsoft-Windows-Sysmon"" Guid=""{5770385f-c22a-43e0-bf4c-06f5698ffbd9}""/>
      <EventID>1</EventID>
      <Version>5</Version>
      <Level>4</Level>
      <Task>1</Task>
      <Opcode>0</Opcode>
      <Keywords>0x8000000000000000</Keywords>
      <TimeCreated SystemTime=""2023-12-28T12:20:51.0175862Z""/>
      <EventRecordID>9635</EventRecordID>
      <Correlation/>
      <Execution ProcessID=""7044"" ThreadID=""6672""/>
      <Channel>Microsoft-Windows-Sysmon/Operational</Channel>
      <Computer>WinDev2309Eval</Computer>
      <Security UserID=""S-1-5-18""/>
    </System>
    <EventData>
      <Data Name=""RuleName"">-</Data>
      <Data Name=""UtcTime"">2023-12-28 12:20:51.016</Data>
      <Data Name=""ProcessGuid"">{fda94052-6823-658d-8e02-000000000b00}</Data>
      <Data Name=""ProcessId"">284</Data>
      <Data Name=""Image"">C:\Windows\System32\wevtutil.exe</Data>
      <Data Name=""FileVersion"">10.0.22621.1778 (WinBuild.160101.0800)</Data>
      <Data Name=""Description"">Windows Event Log Utility</Data>
      <Data Name=""Product"">Microsoft&#174; Windows&#174; Operating System</Data>
      <Data Name=""Company"">Microsoft Corporation</Data>
      <Data Name=""OriginalFileName"">wevtutil.exe</Data>
      <Data Name=""CommandLine"">C:\Windows\system32\wevtutil.exe uninstall-manifest ""C:\ProgramData\Microsoft\Windows Defender\Platform\4.18.23110.3-0\Microsoft-Antimalware-NIS.man""</Data>
      <Data Name=""CurrentDirectory"">C:\Windows\system32\</Data>
      <Data Name=""User"">NT AUTHORITY\SYSTEM</Data>
      <Data Name=""LogonGuid"">{fda94052-34eb-658d-e703-000000000000}</Data>
      <Data Name=""LogonId"">0x3e7</Data>
      <Data Name=""TerminalSessionId"">0</Data>
      <Data Name=""IntegrityLevel"">System</Data>
      <Data Name=""Hashes"">MD5=DFE4A9613993ECAFE6B38DEFE8D495F2,SHA256=3635324AA002EBB7FD99D50E63ACDAC0C34E831A7F35E7B33F37854557538588,IMPHASH=92CA71320A49850E970004A94EA5D695</Data>
      <Data Name=""ParentProcessGuid"">{fda94052-6820-658d-8002-000000000b00}</Data>
      <Data Name=""ParentProcessId"">4700</Data>
      <Data Name=""ParentImage"">C:\ProgramData\Microsoft\Windows Defender\Platform\4.18.23080.2006-0\MsMpEng.exe</Data>
      <Data Name=""ParentCommandLine"">""C:\ProgramData\Microsoft\Windows Defender\Platform\4.18.23080.2006-0\MsMpEng.exe""</Data>
      <Data Name=""ParentUser"">NT AUTHORITY\SYSTEM</Data>
    </EventData>
    <RenderingInfo Culture=""en-US"">
      <Message>Process Create:

RuleName: -

UtcTime: 2023-12-28 12:20:51.016

ProcessGuid: {fda94052-6823-658d-8e02-000000000b00}

ProcessId: 284

Image: C:\Windows\System32\wevtutil.exe

FileVersion: 10.0.22621.1778 (WinBuild.160101.0800)

Description: Windows Event Log Utility

Product: Microsoft&#174; Windows&#174; Operating System

Company: Microsoft Corporation

OriginalFileName: wevtutil.exe

CommandLine: C:\Windows\system32\wevtutil.exe uninstall-manifest ""C:\ProgramData\Microsoft\Windows Defender\Platform\4.18.23110.3-0\Microsoft-Antimalware-NIS.man""

CurrentDirectory: C:\Windows\system32\

User: NT AUTHORITY\SYSTEM

LogonGuid: {fda94052-34eb-658d-e703-000000000000}

LogonId: 0x3E7

TerminalSessionId: 0

IntegrityLevel: System

Hashes: MD5=DFE4A9613993ECAFE6B38DEFE8D495F2,SHA256=3635324AA002EBB7FD99D50E63ACDAC0C34E831A7F35E7B33F37854557538588,IMPHASH=92CA71320A49850E970004A94EA5D695

ParentProcessGuid: {fda94052-6820-658d-8002-000000000b00}

ParentProcessId: 4700

ParentImage: C:\ProgramData\Microsoft\Windows Defender\Platform\4.18.23080.2006-0\MsMpEng.exe

ParentCommandLine: ""C:\ProgramData\Microsoft\Windows Defender\Platform\4.18.23080.2006-0\MsMpEng.exe""

ParentUser: NT AUTHORITY\SYSTEM</Message>
      <Level>Information</Level>
      <Task>Process Create (rule: ProcessCreate)</Task>
      <Opcode>Info</Opcode>
    </RenderingInfo>
  </Event>
  
"
Microsoft-Windows-Sysmon/Operational,"C:\Windows\system32\wevtutil.exe install-manifest ""C:\ProgramData\Microsoft\Windows Defender\Platform\4.18.23110.3-0\Microsoft-Antimalware-Service.man"" ""/resourceFilePath:C:\ProgramData\Microsoft\Windows Defender\Platform\4.18.23110.3-0\MpSvc.dll"" ""/messageFilePath:C:\ProgramData\Microsoft\Windows Defender\Platform\4.18.23110.3-0\MpSvc.dll"" ""/parameterFilePath:C:\ProgramData\Microsoft\Windows Defender\Platform\4.18.23110.3-0\MpSvc.dll""",Microsoft Corporation,WinDev2309Eval,,C:\Windows\system32\,Windows Event Log Utility,,,,,,,1,9634,,10.0.22621.1778 (WinBuild.160101.0800),"MD5=DFE4A9613993ECAFE6B38DEFE8D495F2,SHA256=3635324AA002EBB7FD99D50E63ACDAC0C34E831A7F35E7B33F37854557538588,IMPHASH=92CA71320A49850E970004A94EA5D695",C:\Windows\System32\wevtutil.exe,,System,0x8000000000000000,Information,{fda94052-34eb-658d-e703-000000000000},0x3e7,"Process Create:

RuleName: -

UtcTime: 2023-12-28 12:20:50.921

ProcessGuid: {fda94052-6822-658d-8c02-000000000b00}

ProcessId: 4844

Image: C:\Windows\System32\wevtutil.exe

FileVersion: 10.0.22621.1778 (WinBuild.160101.0800)

Description: Windows Event Log Utility

Product: Microsoft® Windows® Operating System

Company: Microsoft Corporation

OriginalFileName: wevtutil.exe

CommandLine: C:\Windows\system32\wevtutil.exe install-manifest ""C:\ProgramData\Microsoft\Windows Defender\Platform\4.18.23110.3-0\Microsoft-Antimalware-Service.man"" ""/resourceFilePath:C:\ProgramData\Microsoft\Windows Defender\Platform\4.18.23110.3-0\MpSvc.dll"" ""/messageFilePath:C:\ProgramData\Microsoft\Windows Defender\Platform\4.18.23110.3-0\MpSvc.dll"" ""/parameterFilePath:C:\ProgramData\Microsoft\Windows Defender\Platform\4.18.23110.3-0\MpSvc.dll""

CurrentDirectory: C:\Windows\system32\

User: NT AUTHORITY\SYSTEM

LogonGuid: {fda94052-34eb-658d-e703-000000000000}

LogonId: 0x3E7

TerminalSessionId: 0

IntegrityLevel: System

Hashes: MD5=DFE4A9613993ECAFE6B38DEFE8D495F2,SHA256=3635324AA002EBB7FD99D50E63ACDAC0C34E831A7F35E7B33F37854557538588,IMPHASH=92CA71320A49850E970004A94EA5D695

ParentProcessGuid: {fda94052-6820-658d-8002-000000000b00}

ParentProcessId: 4700

ParentImage: C:\ProgramData\Microsoft\Windows Defender\Platform\4.18.23080.2006-0\MsMpEng.exe

ParentCommandLine: ""C:\ProgramData\Microsoft\Windows Defender\Platform\4.18.23080.2006-0\MsMpEng.exe""

ParentUser: NT AUTHORITY\SYSTEM",Info,wevtutil.exe,"""C:\ProgramData\Microsoft\Windows Defender\Platform\4.18.23080.2006-0\MsMpEng.exe""",C:\ProgramData\Microsoft\Windows Defender\Platform\4.18.23080.2006-0\MsMpEng.exe,{fda94052-6820-658d-8002-000000000b00},4700,NT AUTHORITY\SYSTEM,{fda94052-6822-658d-8c02-000000000b00},7044,4844,Microsoft® Windows® Operating System,,,,,"
      ",-,,,,,,2023-12-28T12:20:50.9220707Z,,,Process Create (rule: ProcessCreate),0,6672,NT AUTHORITY\SYSTEM,S-1-5-18,2023-12-28 12:20:50.921,5,"<Event xmlns=""http://schemas.microsoft.com/win/2004/08/events/event"">
    <System>
      <Provider Name=""Microsoft-Windows-Sysmon"" Guid=""{5770385f-c22a-43e0-bf4c-06f5698ffbd9}""/>
      <EventID>1</EventID>
      <Version>5</Version>
      <Level>4</Level>
      <Task>1</Task>
      <Opcode>0</Opcode>
      <Keywords>0x8000000000000000</Keywords>
      <TimeCreated SystemTime=""2023-12-28T12:20:50.9220707Z""/>
      <EventRecordID>9634</EventRecordID>
      <Correlation/>
      <Execution ProcessID=""7044"" ThreadID=""6672""/>
      <Channel>Microsoft-Windows-Sysmon/Operational</Channel>
      <Computer>WinDev2309Eval</Computer>
      <Security UserID=""S-1-5-18""/>
    </System>
    <EventData>
      <Data Name=""RuleName"">-</Data>
      <Data Name=""UtcTime"">2023-12-28 12:20:50.921</Data>
      <Data Name=""ProcessGuid"">{fda94052-6822-658d-8c02-000000000b00}</Data>
      <Data Name=""ProcessId"">4844</Data>
      <Data Name=""Image"">C:\Windows\System32\wevtutil.exe</Data>
      <Data Name=""FileVersion"">10.0.22621.1778 (WinBuild.160101.0800)</Data>
      <Data Name=""Description"">Windows Event Log Utility</Data>
      <Data Name=""Product"">Microsoft&#174; Windows&#174; Operating System</Data>
      <Data Name=""Company"">Microsoft Corporation</Data>
      <Data Name=""OriginalFileName"">wevtutil.exe</Data>
      <Data Name=""CommandLine"">C:\Windows\system32\wevtutil.exe install-manifest ""C:\ProgramData\Microsoft\Windows Defender\Platform\4.18.23110.3-0\Microsoft-Antimalware-Service.man"" ""/resourceFilePath:C:\ProgramData\Microsoft\Windows Defender\Platform\4.18.23110.3-0\MpSvc.dll"" ""/messageFilePath:C:\ProgramData\Microsoft\Windows Defender\Platform\4.18.23110.3-0\MpSvc.dll"" ""/parameterFilePath:C:\ProgramData\Microsoft\Windows Defender\Platform\4.18.23110.3-0\MpSvc.dll""</Data>
      <Data Name=""CurrentDirectory"">C:\Windows\system32\</Data>
      <Data Name=""User"">NT AUTHORITY\SYSTEM</Data>
      <Data Name=""LogonGuid"">{fda94052-34eb-658d-e703-000000000000}</Data>
      <Data Name=""LogonId"">0x3e7</Data>
      <Data Name=""TerminalSessionId"">0</Data>
      <Data Name=""IntegrityLevel"">System</Data>
      <Data Name=""Hashes"">MD5=DFE4A9613993ECAFE6B38DEFE8D495F2,SHA256=3635324AA002EBB7FD99D50E63ACDAC0C34E831A7F35E7B33F37854557538588,IMPHASH=92CA71320A49850E970004A94EA5D695</Data>
      <Data Name=""ParentProcessGuid"">{fda94052-6820-658d-8002-000000000b00}</Data>
      <Data Name=""ParentProcessId"">4700</Data>
      <Data Name=""ParentImage"">C:\ProgramData\Microsoft\Windows Defender\Platform\4.18.23080.2006-0\MsMpEng.exe</Data>
      <Data Name=""ParentCommandLine"">""C:\ProgramData\Microsoft\Windows Defender\Platform\4.18.23080.2006-0\MsMpEng.exe""</Data>
      <Data Name=""ParentUser"">NT AUTHORITY\SYSTEM</Data>
    </EventData>
    <RenderingInfo Culture=""en-US"">
      <Message>Process Create:

RuleName: -

UtcTime: 2023-12-28 12:20:50.921

ProcessGuid: {fda94052-6822-658d-8c02-000000000b00}

ProcessId: 4844

Image: C:\Windows\System32\wevtutil.exe

FileVersion: 10.0.22621.1778 (WinBuild.160101.0800)

Description: Windows Event Log Utility

Product: Microsoft&#174; Windows&#174; Operating System

Company: Microsoft Corporation

OriginalFileName: wevtutil.exe

CommandLine: C:\Windows\system32\wevtutil.exe install-manifest ""C:\ProgramData\Microsoft\Windows Defender\Platform\4.18.23110.3-0\Microsoft-Antimalware-Service.man"" ""/resourceFilePath:C:\ProgramData\Microsoft\Windows Defender\Platform\4.18.23110.3-0\MpSvc.dll"" ""/messageFilePath:C:\ProgramData\Microsoft\Windows Defender\Platform\4.18.23110.3-0\MpSvc.dll"" ""/parameterFilePath:C:\ProgramData\Microsoft\Windows Defender\Platform\4.18.23110.3-0\MpSvc.dll""

CurrentDirectory: C:\Windows\system32\

User: NT AUTHORITY\SYSTEM

LogonGuid: {fda94052-34eb-658d-e703-000000000000}

LogonId: 0x3E7

TerminalSessionId: 0

IntegrityLevel: System

Hashes: MD5=DFE4A9613993ECAFE6B38DEFE8D495F2,SHA256=3635324AA002EBB7FD99D50E63ACDAC0C34E831A7F35E7B33F37854557538588,IMPHASH=92CA71320A49850E970004A94EA5D695

ParentProcessGuid: {fda94052-6820-658d-8002-000000000b00}

ParentProcessId: 4700

ParentImage: C:\ProgramData\Microsoft\Windows Defender\Platform\4.18.23080.2006-0\MsMpEng.exe

ParentCommandLine: ""C:\ProgramData\Microsoft\Windows Defender\Platform\4.18.23080.2006-0\MsMpEng.exe""

ParentUser: NT AUTHORITY\SYSTEM</Message>
      <Level>Information</Level>
      <Task>Process Create (rule: ProcessCreate)</Task>
      <Opcode>Info</Opcode>
    </RenderingInfo>
  </Event>
  
"
Microsoft-Windows-Sysmon/Operational,"C:\Windows\system32\wevtutil.exe uninstall-manifest ""C:\ProgramData\Microsoft\Windows Defender\Platform\4.18.23110.3-0\Microsoft-Antimalware-Service.man""",Microsoft Corporation,WinDev2309Eval,,C:\Windows\system32\,Windows Event Log Utility,,,,,,,1,9633,,10.0.22621.1778 (WinBuild.160101.0800),"MD5=DFE4A9613993ECAFE6B38DEFE8D495F2,SHA256=3635324AA002EBB7FD99D50E63ACDAC0C34E831A7F35E7B33F37854557538588,IMPHASH=92CA71320A49850E970004A94EA5D695",C:\Windows\System32\wevtutil.exe,,System,0x8000000000000000,Information,{fda94052-34eb-658d-e703-000000000000},0x3e7,"Process Create:

RuleName: -

UtcTime: 2023-12-28 12:20:50.816

ProcessGuid: {fda94052-6822-658d-8a02-000000000b00}

ProcessId: 5852

Image: C:\Windows\System32\wevtutil.exe

FileVersion: 10.0.22621.1778 (WinBuild.160101.0800)

Description: Windows Event Log Utility

Product: Microsoft® Windows® Operating System

Company: Microsoft Corporation

OriginalFileName: wevtutil.exe

CommandLine: C:\Windows\system32\wevtutil.exe uninstall-manifest ""C:\ProgramData\Microsoft\Windows Defender\Platform\4.18.23110.3-0\Microsoft-Antimalware-Service.man""

CurrentDirectory: C:\Windows\system32\

User: NT AUTHORITY\SYSTEM

LogonGuid: {fda94052-34eb-658d-e703-000000000000}

LogonId: 0x3E7

TerminalSessionId: 0

IntegrityLevel: System

Hashes: MD5=DFE4A9613993ECAFE6B38DEFE8D495F2,SHA256=3635324AA002EBB7FD99D50E63ACDAC0C34E831A7F35E7B33F37854557538588,IMPHASH=92CA71320A49850E970004A94EA5D695

ParentProcessGuid: {fda94052-6820-658d-8002-000000000b00}

ParentProcessId: 4700

ParentImage: C:\ProgramData\Microsoft\Windows Defender\Platform\4.18.23080.2006-0\MsMpEng.exe

ParentCommandLine: ""C:\ProgramData\Microsoft\Windows Defender\Platform\4.18.23080.2006-0\MsMpEng.exe""

ParentUser: NT AUTHORITY\SYSTEM",Info,wevtutil.exe,"""C:\ProgramData\Microsoft\Windows Defender\Platform\4.18.23080.2006-0\MsMpEng.exe""",C:\ProgramData\Microsoft\Windows Defender\Platform\4.18.23080.2006-0\MsMpEng.exe,{fda94052-6820-658d-8002-000000000b00},4700,NT AUTHORITY\SYSTEM,{fda94052-6822-658d-8a02-000000000b00},7044,5852,Microsoft® Windows® Operating System,,,,,"
      ",-,,,,,,2023-12-28T12:20:50.8173600Z,,,Process Create (rule: ProcessCreate),0,6672,NT AUTHORITY\SYSTEM,S-1-5-18,2023-12-28 12:20:50.816,5,"<Event xmlns=""http://schemas.microsoft.com/win/2004/08/events/event"">
    <System>
      <Provider Name=""Microsoft-Windows-Sysmon"" Guid=""{5770385f-c22a-43e0-bf4c-06f5698ffbd9}""/>
      <EventID>1</EventID>
      <Version>5</Version>
      <Level>4</Level>
      <Task>1</Task>
      <Opcode>0</Opcode>
      <Keywords>0x8000000000000000</Keywords>
      <TimeCreated SystemTime=""2023-12-28T12:20:50.8173600Z""/>
      <EventRecordID>9633</EventRecordID>
      <Correlation/>
      <Execution ProcessID=""7044"" ThreadID=""6672""/>
      <Channel>Microsoft-Windows-Sysmon/Operational</Channel>
      <Computer>WinDev2309Eval</Computer>
      <Security UserID=""S-1-5-18""/>
    </System>
    <EventData>
      <Data Name=""RuleName"">-</Data>
      <Data Name=""UtcTime"">2023-12-28 12:20:50.816</Data>
      <Data Name=""ProcessGuid"">{fda94052-6822-658d-8a02-000000000b00}</Data>
      <Data Name=""ProcessId"">5852</Data>
      <Data Name=""Image"">C:\Windows\System32\wevtutil.exe</Data>
      <Data Name=""FileVersion"">10.0.22621.1778 (WinBuild.160101.0800)</Data>
      <Data Name=""Description"">Windows Event Log Utility</Data>
      <Data Name=""Product"">Microsoft&#174; Windows&#174; Operating System</Data>
      <Data Name=""Company"">Microsoft Corporation</Data>
      <Data Name=""OriginalFileName"">wevtutil.exe</Data>
      <Data Name=""CommandLine"">C:\Windows\system32\wevtutil.exe uninstall-manifest ""C:\ProgramData\Microsoft\Windows Defender\Platform\4.18.23110.3-0\Microsoft-Antimalware-Service.man""</Data>
      <Data Name=""CurrentDirectory"">C:\Windows\system32\</Data>
      <Data Name=""User"">NT AUTHORITY\SYSTEM</Data>
      <Data Name=""LogonGuid"">{fda94052-34eb-658d-e703-000000000000}</Data>
      <Data Name=""LogonId"">0x3e7</Data>
      <Data Name=""TerminalSessionId"">0</Data>
      <Data Name=""IntegrityLevel"">System</Data>
      <Data Name=""Hashes"">MD5=DFE4A9613993ECAFE6B38DEFE8D495F2,SHA256=3635324AA002EBB7FD99D50E63ACDAC0C34E831A7F35E7B33F37854557538588,IMPHASH=92CA71320A49850E970004A94EA5D695</Data>
      <Data Name=""ParentProcessGuid"">{fda94052-6820-658d-8002-000000000b00}</Data>
      <Data Name=""ParentProcessId"">4700</Data>
      <Data Name=""ParentImage"">C:\ProgramData\Microsoft\Windows Defender\Platform\4.18.23080.2006-0\MsMpEng.exe</Data>
      <Data Name=""ParentCommandLine"">""C:\ProgramData\Microsoft\Windows Defender\Platform\4.18.23080.2006-0\MsMpEng.exe""</Data>
      <Data Name=""ParentUser"">NT AUTHORITY\SYSTEM</Data>
    </EventData>
    <RenderingInfo Culture=""en-US"">
      <Message>Process Create:

RuleName: -

UtcTime: 2023-12-28 12:20:50.816

ProcessGuid: {fda94052-6822-658d-8a02-000000000b00}

ProcessId: 5852

Image: C:\Windows\System32\wevtutil.exe

FileVersion: 10.0.22621.1778 (WinBuild.160101.0800)

Description: Windows Event Log Utility

Product: Microsoft&#174; Windows&#174; Operating System

Company: Microsoft Corporation

OriginalFileName: wevtutil.exe

CommandLine: C:\Windows\system32\wevtutil.exe uninstall-manifest ""C:\ProgramData\Microsoft\Windows Defender\Platform\4.18.23110.3-0\Microsoft-Antimalware-Service.man""

CurrentDirectory: C:\Windows\system32\

User: NT AUTHORITY\SYSTEM

LogonGuid: {fda94052-34eb-658d-e703-000000000000}

LogonId: 0x3E7

TerminalSessionId: 0

IntegrityLevel: System

Hashes: MD5=DFE4A9613993ECAFE6B38DEFE8D495F2,SHA256=3635324AA002EBB7FD99D50E63ACDAC0C34E831A7F35E7B33F37854557538588,IMPHASH=92CA71320A49850E970004A94EA5D695

ParentProcessGuid: {fda94052-6820-658d-8002-000000000b00}

ParentProcessId: 4700

ParentImage: C:\ProgramData\Microsoft\Windows Defender\Platform\4.18.23080.2006-0\MsMpEng.exe

ParentCommandLine: ""C:\ProgramData\Microsoft\Windows Defender\Platform\4.18.23080.2006-0\MsMpEng.exe""

ParentUser: NT AUTHORITY\SYSTEM</Message>
      <Level>Information</Level>
      <Task>Process Create (rule: ProcessCreate)</Task>
      <Opcode>Info</Opcode>
    </RenderingInfo>
  </Event>
  
"
Microsoft-Windows-Sysmon/Operational,,,WinDev2309Eval,,,,,,,,,DWORD (0x00000001),13,9632,SetValue,,,C:\Windows\system32\wevtutil.exe,,,0x8000000000000000,Information,,,"Registry value set:

RuleName: -

EventType: SetValue

UtcTime: 2023-12-28 12:20:50.358

ProcessGuid: {fda94052-6822-658d-8802-000000000b00}

ProcessId: 2784

Image: C:\Windows\system32\wevtutil.exe

TargetObject: HKLM\SOFTWARE\Microsoft\Windows\CurrentVersion\WINEVT\Channels\Microsoft-Windows-Windows Defender/WHC\Type

Details: DWORD (0x00000001)

User: NT AUTHORITY\SYSTEM",Info,,,,,,,{fda94052-6822-658d-8802-000000000b00},7044,2784,,,,,,"
      ",-,,,,,,2023-12-28T12:20:50.3666976Z,,HKLM\SOFTWARE\Microsoft\Windows\CurrentVersion\WINEVT\Channels\Microsoft-Windows-Windows Defender/WHC\Type,Registry value set (rule: RegistryEvent),,6672,NT AUTHORITY\SYSTEM,S-1-5-18,2023-12-28 12:20:50.358,2,"<Event xmlns=""http://schemas.microsoft.com/win/2004/08/events/event"">
    <System>
      <Provider Name=""Microsoft-Windows-Sysmon"" Guid=""{5770385f-c22a-43e0-bf4c-06f5698ffbd9}""/>
      <EventID>13</EventID>
      <Version>2</Version>
      <Level>4</Level>
      <Task>13</Task>
      <Opcode>0</Opcode>
      <Keywords>0x8000000000000000</Keywords>
      <TimeCreated SystemTime=""2023-12-28T12:20:50.3666976Z""/>
      <EventRecordID>9632</EventRecordID>
      <Correlation/>
      <Execution ProcessID=""7044"" ThreadID=""6672""/>
      <Channel>Microsoft-Windows-Sysmon/Operational</Channel>
      <Computer>WinDev2309Eval</Computer>
      <Security UserID=""S-1-5-18""/>
    </System>
    <EventData>
      <Data Name=""RuleName"">-</Data>
      <Data Name=""EventType"">SetValue</Data>
      <Data Name=""UtcTime"">2023-12-28 12:20:50.358</Data>
      <Data Name=""ProcessGuid"">{fda94052-6822-658d-8802-000000000b00}</Data>
      <Data Name=""ProcessId"">2784</Data>
      <Data Name=""Image"">C:\Windows\system32\wevtutil.exe</Data>
      <Data Name=""TargetObject"">HKLM\SOFTWARE\Microsoft\Windows\CurrentVersion\WINEVT\Channels\Microsoft-Windows-Windows Defender/WHC\Type</Data>
      <Data Name=""Details"">DWORD (0x00000001)</Data>
      <Data Name=""User"">NT AUTHORITY\SYSTEM</Data>
    </EventData>
    <RenderingInfo Culture=""en-US"">
      <Message>Registry value set:

RuleName: -

EventType: SetValue

UtcTime: 2023-12-28 12:20:50.358

ProcessGuid: {fda94052-6822-658d-8802-000000000b00}

ProcessId: 2784

Image: C:\Windows\system32\wevtutil.exe

TargetObject: HKLM\SOFTWARE\Microsoft\Windows\CurrentVersion\WINEVT\Channels\Microsoft-Windows-Windows Defender/WHC\Type

Details: DWORD (0x00000001)

User: NT AUTHORITY\SYSTEM</Message>
      <Level>Information</Level>
      <Task>Registry value set (rule: RegistryEvent)</Task>
      <Opcode>Info</Opcode>
    </RenderingInfo>
  </Event>
  
"
Microsoft-Windows-Sysmon/Operational,,,WinDev2309Eval,,,,,,,,,DWORD (0x00000000),13,9631,SetValue,,,C:\Windows\system32\wevtutil.exe,,,0x8000000000000000,Information,,,"Registry value set:

RuleName: -

EventType: SetValue

UtcTime: 2023-12-28 12:20:50.358

ProcessGuid: {fda94052-6822-658d-8802-000000000b00}

ProcessId: 2784

Image: C:\Windows\system32\wevtutil.exe

TargetObject: HKLM\SOFTWARE\Microsoft\Windows\CurrentVersion\WINEVT\Channels\Microsoft-Windows-Windows Defender/WHC\MaxSizeUpper

Details: DWORD (0x00000000)

User: NT AUTHORITY\SYSTEM",Info,,,,,,,{fda94052-6822-658d-8802-000000000b00},7044,2784,,,,,,"
      ",-,,,,,,2023-12-28T12:20:50.3666433Z,,HKLM\SOFTWARE\Microsoft\Windows\CurrentVersion\WINEVT\Channels\Microsoft-Windows-Windows Defender/WHC\MaxSizeUpper,Registry value set (rule: RegistryEvent),,6672,NT AUTHORITY\SYSTEM,S-1-5-18,2023-12-28 12:20:50.358,2,"<Event xmlns=""http://schemas.microsoft.com/win/2004/08/events/event"">
    <System>
      <Provider Name=""Microsoft-Windows-Sysmon"" Guid=""{5770385f-c22a-43e0-bf4c-06f5698ffbd9}""/>
      <EventID>13</EventID>
      <Version>2</Version>
      <Level>4</Level>
      <Task>13</Task>
      <Opcode>0</Opcode>
      <Keywords>0x8000000000000000</Keywords>
      <TimeCreated SystemTime=""2023-12-28T12:20:50.3666433Z""/>
      <EventRecordID>9631</EventRecordID>
      <Correlation/>
      <Execution ProcessID=""7044"" ThreadID=""6672""/>
      <Channel>Microsoft-Windows-Sysmon/Operational</Channel>
      <Computer>WinDev2309Eval</Computer>
      <Security UserID=""S-1-5-18""/>
    </System>
    <EventData>
      <Data Name=""RuleName"">-</Data>
      <Data Name=""EventType"">SetValue</Data>
      <Data Name=""UtcTime"">2023-12-28 12:20:50.358</Data>
      <Data Name=""ProcessGuid"">{fda94052-6822-658d-8802-000000000b00}</Data>
      <Data Name=""ProcessId"">2784</Data>
      <Data Name=""Image"">C:\Windows\system32\wevtutil.exe</Data>
      <Data Name=""TargetObject"">HKLM\SOFTWARE\Microsoft\Windows\CurrentVersion\WINEVT\Channels\Microsoft-Windows-Windows Defender/WHC\MaxSizeUpper</Data>
      <Data Name=""Details"">DWORD (0x00000000)</Data>
      <Data Name=""User"">NT AUTHORITY\SYSTEM</Data>
    </EventData>
    <RenderingInfo Culture=""en-US"">
      <Message>Registry value set:

RuleName: -

EventType: SetValue

UtcTime: 2023-12-28 12:20:50.358

ProcessGuid: {fda94052-6822-658d-8802-000000000b00}

ProcessId: 2784

Image: C:\Windows\system32\wevtutil.exe

TargetObject: HKLM\SOFTWARE\Microsoft\Windows\CurrentVersion\WINEVT\Channels\Microsoft-Windows-Windows Defender/WHC\MaxSizeUpper

Details: DWORD (0x00000000)

User: NT AUTHORITY\SYSTEM</Message>
      <Level>Information</Level>
      <Task>Registry value set (rule: RegistryEvent)</Task>
      <Opcode>Info</Opcode>
    </RenderingInfo>
  </Event>
  
"
Microsoft-Windows-Sysmon/Operational,,,WinDev2309Eval,,,,,,,,,DWORD (0x00040000),13,9630,SetValue,,,C:\Windows\system32\wevtutil.exe,,,0x8000000000000000,Information,,,"Registry value set:

RuleName: -

EventType: SetValue

UtcTime: 2023-12-28 12:20:50.358

ProcessGuid: {fda94052-6822-658d-8802-000000000b00}

ProcessId: 2784

Image: C:\Windows\system32\wevtutil.exe

TargetObject: HKLM\SOFTWARE\Microsoft\Windows\CurrentVersion\WINEVT\Channels\Microsoft-Windows-Windows Defender/WHC\MaxSize

Details: DWORD (0x00040000)

User: NT AUTHORITY\SYSTEM",Info,,,,,,,{fda94052-6822-658d-8802-000000000b00},7044,2784,,,,,,"
      ",-,,,,,,2023-12-28T12:20:50.3665871Z,,HKLM\SOFTWARE\Microsoft\Windows\CurrentVersion\WINEVT\Channels\Microsoft-Windows-Windows Defender/WHC\MaxSize,Registry value set (rule: RegistryEvent),,6672,NT AUTHORITY\SYSTEM,S-1-5-18,2023-12-28 12:20:50.358,2,"<Event xmlns=""http://schemas.microsoft.com/win/2004/08/events/event"">
    <System>
      <Provider Name=""Microsoft-Windows-Sysmon"" Guid=""{5770385f-c22a-43e0-bf4c-06f5698ffbd9}""/>
      <EventID>13</EventID>
      <Version>2</Version>
      <Level>4</Level>
      <Task>13</Task>
      <Opcode>0</Opcode>
      <Keywords>0x8000000000000000</Keywords>
      <TimeCreated SystemTime=""2023-12-28T12:20:50.3665871Z""/>
      <EventRecordID>9630</EventRecordID>
      <Correlation/>
      <Execution ProcessID=""7044"" ThreadID=""6672""/>
      <Channel>Microsoft-Windows-Sysmon/Operational</Channel>
      <Computer>WinDev2309Eval</Computer>
      <Security UserID=""S-1-5-18""/>
    </System>
    <EventData>
      <Data Name=""RuleName"">-</Data>
      <Data Name=""EventType"">SetValue</Data>
      <Data Name=""UtcTime"">2023-12-28 12:20:50.358</Data>
      <Data Name=""ProcessGuid"">{fda94052-6822-658d-8802-000000000b00}</Data>
      <Data Name=""ProcessId"">2784</Data>
      <Data Name=""Image"">C:\Windows\system32\wevtutil.exe</Data>
      <Data Name=""TargetObject"">HKLM\SOFTWARE\Microsoft\Windows\CurrentVersion\WINEVT\Channels\Microsoft-Windows-Windows Defender/WHC\MaxSize</Data>
      <Data Name=""Details"">DWORD (0x00040000)</Data>
      <Data Name=""User"">NT AUTHORITY\SYSTEM</Data>
    </EventData>
    <RenderingInfo Culture=""en-US"">
      <Message>Registry value set:

RuleName: -

EventType: SetValue

UtcTime: 2023-12-28 12:20:50.358

ProcessGuid: {fda94052-6822-658d-8802-000000000b00}

ProcessId: 2784

Image: C:\Windows\system32\wevtutil.exe

TargetObject: HKLM\SOFTWARE\Microsoft\Windows\CurrentVersion\WINEVT\Channels\Microsoft-Windows-Windows Defender/WHC\MaxSize

Details: DWORD (0x00040000)

User: NT AUTHORITY\SYSTEM</Message>
      <Level>Information</Level>
      <Task>Registry value set (rule: RegistryEvent)</Task>
      <Opcode>Info</Opcode>
    </RenderingInfo>
  </Event>
  
"
