Microsoft-Windows-Sysmon/Operational,,,WinDev2309Eval,,,,,,,,,,22,19639,,,,C:\Windows\System32\WindowsPowerShell\v1.0\powershell.exe,,,0x8000000000000000,Information,,,"Dns query:

RuleName: -

UtcTime: 2023-12-27 14:56:51.847

ProcessGuid: {f57bd86a-82e3-658c-d301-000000000f00}

ProcessId: 10332

QueryName: 029.at.a.a.a.127.0.0.1.nip.io

QueryStatus: 9501

QueryResults: type: 6 ns1.nip.io;

Image: C:\Windows\System32\WindowsPowerShell\v1.0\powershell.exe

User: WINDEV2309EVAL\User",Info,,,,,,,{f57bd86a-82e3-658c-d301-000000000f00},3588,10332,,,029.at.a.a.a.127.0.0.1.nip.io,type: 6 ns1.nip.io;,9501,"
      ",-,,,,,,2023-12-27T20:03:00.1399443Z,,,Dns query (rule: DnsQuery),,5164,WINDEV2309EVAL\User,S-1-5-18,2023-12-27 14:56:51.847,5,"<Event xmlns=""http://schemas.microsoft.com/win/2004/08/events/event"">
    <System>
      <Provider Name=""Microsoft-Windows-Sysmon"" Guid=""{5770385f-c22a-43e0-bf4c-06f5698ffbd9}""/>
      <EventID>22</EventID>
      <Version>5</Version>
      <Level>4</Level>
      <Task>22</Task>
      <Opcode>0</Opcode>
      <Keywords>0x8000000000000000</Keywords>
      <TimeCreated SystemTime=""2023-12-27T20:03:00.1399443Z""/>
      <EventRecordID>19639</EventRecordID>
      <Correlation/>
      <Execution ProcessID=""3588"" ThreadID=""5164""/>
      <Channel>Microsoft-Windows-Sysmon/Operational</Channel>
      <Computer>WinDev2309Eval</Computer>
      <Security UserID=""S-1-5-18""/>
    </System>
    <EventData>
      <Data Name=""RuleName"">-</Data>
      <Data Name=""UtcTime"">2023-12-27 14:56:51.847</Data>
      <Data Name=""ProcessGuid"">{f57bd86a-82e3-658c-d301-000000000f00}</Data>
      <Data Name=""ProcessId"">10332</Data>
      <Data Name=""QueryName"">029.at.a.a.a.127.0.0.1.nip.io</Data>
      <Data Name=""QueryStatus"">9501</Data>
      <Data Name=""QueryResults"">type: 6 ns1.nip.io;</Data>
      <Data Name=""Image"">C:\Windows\System32\WindowsPowerShell\v1.0\powershell.exe</Data>
      <Data Name=""User"">WINDEV2309EVAL\User</Data>
    </EventData>
    <RenderingInfo Culture=""en-US"">
      <Message>Dns query:

RuleName: -

UtcTime: 2023-12-27 14:56:51.847

ProcessGuid: {f57bd86a-82e3-658c-d301-000000000f00}

ProcessId: 10332

QueryName: 029.at.a.a.a.127.0.0.1.nip.io

QueryStatus: 9501

QueryResults: type: 6 ns1.nip.io;

Image: C:\Windows\System32\WindowsPowerShell\v1.0\powershell.exe

User: WINDEV2309EVAL\User</Message>
      <Level>Information</Level>
      <Task>Dns query (rule: DnsQuery)</Task>
      <Opcode>Info</Opcode>
    </RenderingInfo>
  </Event>
  
"
Microsoft-Windows-Sysmon/Operational,C:\Windows\System32\Dism\dismhost.exe {E33F2E1C-452D-41CF-9696-517183259D04},Microsoft Corporation,WinDev2309Eval,,C:\Windows\system32\,Dism Host Servicing Process,,,,,,,1,19638,,10.0.22621.1 (WinBuild.160101.0800),"MD5=ADE7AD33DA7822EB781E0E80CA81C14D,SHA256=7E48FDDCA1227FC511CEFA2EE473DC9C7887270C1BB0ECDDC4A56F01B6C490E4,IMPHASH=DF7F3ABA990731185355E5ABEB273359",C:\Windows\System32\Dism\DismHost.exe,,High,0x8000000000000000,Information,{f57bd86a-36f9-658c-bff7-020000000000},0x2f7bf,"Process Create:

RuleName: -

UtcTime: 2023-12-27 20:02:58.666

ProcessGuid: {f57bd86a-82f2-658c-f401-000000000f00}

ProcessId: 2208

Image: C:\Windows\System32\Dism\DismHost.exe

FileVersion: 10.0.22621.1 (WinBuild.160101.0800)

Description: Dism Host Servicing Process

Product: Microsoft® Windows® Operating System

Company: Microsoft Corporation

OriginalFileName: DismHost.exe

CommandLine: C:\Windows\System32\Dism\dismhost.exe {E33F2E1C-452D-41CF-9696-517183259D04}

CurrentDirectory: C:\Windows\system32\

User: WINDEV2309EVAL\User

LogonGuid: {f57bd86a-36f9-658c-bff7-020000000000}

LogonId: 0x2F7BF

TerminalSessionId: 1

IntegrityLevel: High

Hashes: MD5=ADE7AD33DA7822EB781E0E80CA81C14D,SHA256=7E48FDDCA1227FC511CEFA2EE473DC9C7887270C1BB0ECDDC4A56F01B6C490E4,IMPHASH=DF7F3ABA990731185355E5ABEB273359

ParentProcessGuid: {f57bd86a-82f0-658c-e601-000000000f00}

ParentProcessId: 2076

ParentImage: C:\Windows\System32\cleanmgr.exe

ParentCommandLine: ""C:\Windows\system32\cleanmgr.exe"" /autocleanstoragesense /d C:

ParentUser: WINDEV2309EVAL\User",Info,DismHost.exe,"""C:\Windows\system32\cleanmgr.exe"" /autocleanstoragesense /d C:",C:\Windows\System32\cleanmgr.exe,{f57bd86a-82f0-658c-e601-000000000f00},2076,WINDEV2309EVAL\User,{f57bd86a-82f2-658c-f401-000000000f00},3588,2208,Microsoft® Windows® Operating System,,,,,"
      ",-,,,,,,2023-12-27T20:02:58.6739437Z,,,Process Create (rule: ProcessCreate),1,5124,WINDEV2309EVAL\User,S-1-5-18,2023-12-27 20:02:58.666,5,"<Event xmlns=""http://schemas.microsoft.com/win/2004/08/events/event"">
    <System>
      <Provider Name=""Microsoft-Windows-Sysmon"" Guid=""{5770385f-c22a-43e0-bf4c-06f5698ffbd9}""/>
      <EventID>1</EventID>
      <Version>5</Version>
      <Level>4</Level>
      <Task>1</Task>
      <Opcode>0</Opcode>
      <Keywords>0x8000000000000000</Keywords>
      <TimeCreated SystemTime=""2023-12-27T20:02:58.6739437Z""/>
      <EventRecordID>19638</EventRecordID>
      <Correlation/>
      <Execution ProcessID=""3588"" ThreadID=""5124""/>
      <Channel>Microsoft-Windows-Sysmon/Operational</Channel>
      <Computer>WinDev2309Eval</Computer>
      <Security UserID=""S-1-5-18""/>
    </System>
    <EventData>
      <Data Name=""RuleName"">-</Data>
      <Data Name=""UtcTime"">2023-12-27 20:02:58.666</Data>
      <Data Name=""ProcessGuid"">{f57bd86a-82f2-658c-f401-000000000f00}</Data>
      <Data Name=""ProcessId"">2208</Data>
      <Data Name=""Image"">C:\Windows\System32\Dism\DismHost.exe</Data>
      <Data Name=""FileVersion"">10.0.22621.1 (WinBuild.160101.0800)</Data>
      <Data Name=""Description"">Dism Host Servicing Process</Data>
      <Data Name=""Product"">Microsoft&#174; Windows&#174; Operating System</Data>
      <Data Name=""Company"">Microsoft Corporation</Data>
      <Data Name=""OriginalFileName"">DismHost.exe</Data>
      <Data Name=""CommandLine"">C:\Windows\System32\Dism\dismhost.exe {E33F2E1C-452D-41CF-9696-517183259D04}</Data>
      <Data Name=""CurrentDirectory"">C:\Windows\system32\</Data>
      <Data Name=""User"">WINDEV2309EVAL\User</Data>
      <Data Name=""LogonGuid"">{f57bd86a-36f9-658c-bff7-020000000000}</Data>
      <Data Name=""LogonId"">0x2f7bf</Data>
      <Data Name=""TerminalSessionId"">1</Data>
      <Data Name=""IntegrityLevel"">High</Data>
      <Data Name=""Hashes"">MD5=ADE7AD33DA7822EB781E0E80CA81C14D,SHA256=7E48FDDCA1227FC511CEFA2EE473DC9C7887270C1BB0ECDDC4A56F01B6C490E4,IMPHASH=DF7F3ABA990731185355E5ABEB273359</Data>
      <Data Name=""ParentProcessGuid"">{f57bd86a-82f0-658c-e601-000000000f00}</Data>
      <Data Name=""ParentProcessId"">2076</Data>
      <Data Name=""ParentImage"">C:\Windows\System32\cleanmgr.exe</Data>
      <Data Name=""ParentCommandLine"">""C:\Windows\system32\cleanmgr.exe"" /autocleanstoragesense /d C:</Data>
      <Data Name=""ParentUser"">WINDEV2309EVAL\User</Data>
    </EventData>
    <RenderingInfo Culture=""en-US"">
      <Message>Process Create:

RuleName: -

UtcTime: 2023-12-27 20:02:58.666

ProcessGuid: {f57bd86a-82f2-658c-f401-000000000f00}

ProcessId: 2208

Image: C:\Windows\System32\Dism\DismHost.exe

FileVersion: 10.0.22621.1 (WinBuild.160101.0800)

Description: Dism Host Servicing Process

Product: Microsoft&#174; Windows&#174; Operating System

Company: Microsoft Corporation

OriginalFileName: DismHost.exe

CommandLine: C:\Windows\System32\Dism\dismhost.exe {E33F2E1C-452D-41CF-9696-517183259D04}

CurrentDirectory: C:\Windows\system32\

User: WINDEV2309EVAL\User

LogonGuid: {f57bd86a-36f9-658c-bff7-020000000000}

LogonId: 0x2F7BF

TerminalSessionId: 1

IntegrityLevel: High

Hashes: MD5=ADE7AD33DA7822EB781E0E80CA81C14D,SHA256=7E48FDDCA1227FC511CEFA2EE473DC9C7887270C1BB0ECDDC4A56F01B6C490E4,IMPHASH=DF7F3ABA990731185355E5ABEB273359

ParentProcessGuid: {f57bd86a-82f0-658c-e601-000000000f00}

ParentProcessId: 2076

ParentImage: C:\Windows\System32\cleanmgr.exe

ParentCommandLine: ""C:\Windows\system32\cleanmgr.exe"" /autocleanstoragesense /d C:

ParentUser: WINDEV2309EVAL\User</Message>
      <Level>Information</Level>
      <Task>Process Create (rule: ProcessCreate)</Task>
      <Opcode>Info</Opcode>
    </RenderingInfo>
  </Event>
  
"
Microsoft-Windows-Sysmon/Operational,,,WinDev2309Eval,2023-12-27 20:02:57.830,,,,,,,,,11,19637,,,,C:\ProgramData\Microsoft\Windows Defender\Platform\4.18.23110.3-0\MsMpEng.exe,,,0x8000000000000000,Information,,,"File created:

RuleName: DLL

UtcTime: 2023-12-27 20:02:57.830

ProcessGuid: {f57bd86a-36f8-658c-4a00-000000000f00}

ProcessId: 3552

Image: C:\ProgramData\Microsoft\Windows Defender\Platform\4.18.23110.3-0\MsMpEng.exe

TargetFilename: C:\ProgramData\Microsoft\Windows Defender\Definition Updates\{EB7DF47A-C4DC-477F-890D-586E684CA92F}\mpengine.dll

CreationUtcTime: 2023-12-27 20:02:57.830

User: NT AUTHORITY\SYSTEM",Info,,,,,,,{f57bd86a-36f8-658c-4a00-000000000f00},3588,3552,,,,,,"
      ",DLL,,,,,,2023-12-27T20:02:57.8375313Z,C:\ProgramData\Microsoft\Windows Defender\Definition Updates\{EB7DF47A-C4DC-477F-890D-586E684CA92F}\mpengine.dll,,File created (rule: FileCreate),,5124,NT AUTHORITY\SYSTEM,S-1-5-18,2023-12-27 20:02:57.830,2,"<Event xmlns=""http://schemas.microsoft.com/win/2004/08/events/event"">
    <System>
      <Provider Name=""Microsoft-Windows-Sysmon"" Guid=""{5770385f-c22a-43e0-bf4c-06f5698ffbd9}""/>
      <EventID>11</EventID>
      <Version>2</Version>
      <Level>4</Level>
      <Task>11</Task>
      <Opcode>0</Opcode>
      <Keywords>0x8000000000000000</Keywords>
      <TimeCreated SystemTime=""2023-12-27T20:02:57.8375313Z""/>
      <EventRecordID>19637</EventRecordID>
      <Correlation/>
      <Execution ProcessID=""3588"" ThreadID=""5124""/>
      <Channel>Microsoft-Windows-Sysmon/Operational</Channel>
      <Computer>WinDev2309Eval</Computer>
      <Security UserID=""S-1-5-18""/>
    </System>
    <EventData>
      <Data Name=""RuleName"">DLL</Data>
      <Data Name=""UtcTime"">2023-12-27 20:02:57.830</Data>
      <Data Name=""ProcessGuid"">{f57bd86a-36f8-658c-4a00-000000000f00}</Data>
      <Data Name=""ProcessId"">3552</Data>
      <Data Name=""Image"">C:\ProgramData\Microsoft\Windows Defender\Platform\4.18.23110.3-0\MsMpEng.exe</Data>
      <Data Name=""TargetFilename"">C:\ProgramData\Microsoft\Windows Defender\Definition Updates\{EB7DF47A-C4DC-477F-890D-586E684CA92F}\mpengine.dll</Data>
      <Data Name=""CreationUtcTime"">2023-12-27 20:02:57.830</Data>
      <Data Name=""User"">NT AUTHORITY\SYSTEM</Data>
    </EventData>
    <RenderingInfo Culture=""en-US"">
      <Message>File created:

RuleName: DLL

UtcTime: 2023-12-27 20:02:57.830

ProcessGuid: {f57bd86a-36f8-658c-4a00-000000000f00}

ProcessId: 3552

Image: C:\ProgramData\Microsoft\Windows Defender\Platform\4.18.23110.3-0\MsMpEng.exe

TargetFilename: C:\ProgramData\Microsoft\Windows Defender\Definition Updates\{EB7DF47A-C4DC-477F-890D-586E684CA92F}\mpengine.dll

CreationUtcTime: 2023-12-27 20:02:57.830

User: NT AUTHORITY\SYSTEM</Message>
      <Level>Information</Level>
      <Task>File created (rule: FileCreate)</Task>
      <Opcode>Info</Opcode>
    </RenderingInfo>
  </Event>
  
"
Microsoft-Windows-Sysmon/Operational,"""C:\ProgramData\Microsoft\Windows Defender\Platform\4.18.23110.3-0\NisSrv.exe""",Microsoft Corporation,WinDev2309Eval,,C:\Windows\system32\,Microsoft Network Realtime Inspection Service,,,,,,,1,19636,,4.18.23110.3 (9ebb3643d539a6fc4659898b1df3124d5da4c0a9),"MD5=1DCF599A4B93105648477A5469BE0F71,SHA256=2D23819F7085853FAA8F57D40E2F5F471A70ED8DA4DB57F65528969C816CFC60,IMPHASH=5E7E101D83EE3E554DF841454E28D0EA",C:\ProgramData\Microsoft\Windows Defender\Platform\4.18.23110.3-0\NisSrv.exe,,System,0x8000000000000000,Information,{f57bd86a-36f6-658c-e503-000000000000},0x3e5,"Process Create:

RuleName: -

UtcTime: 2023-12-27 20:02:57.496

ProcessGuid: {f57bd86a-82f1-658c-f301-000000000f00}

ProcessId: 2240

Image: C:\ProgramData\Microsoft\Windows Defender\Platform\4.18.23110.3-0\NisSrv.exe

FileVersion: 4.18.23110.3 (9ebb3643d539a6fc4659898b1df3124d5da4c0a9)

Description: Microsoft Network Realtime Inspection Service

Product: Microsoft® Windows® Operating System

Company: Microsoft Corporation

OriginalFileName: NisSrv.exe

CommandLine: ""C:\ProgramData\Microsoft\Windows Defender\Platform\4.18.23110.3-0\NisSrv.exe""

CurrentDirectory: C:\Windows\system32\

User: NT AUTHORITY\LOCAL SERVICE

LogonGuid: {f57bd86a-36f6-658c-e503-000000000000}

LogonId: 0x3E5

TerminalSessionId: 0

IntegrityLevel: System

Hashes: MD5=1DCF599A4B93105648477A5469BE0F71,SHA256=2D23819F7085853FAA8F57D40E2F5F471A70ED8DA4DB57F65528969C816CFC60,IMPHASH=5E7E101D83EE3E554DF841454E28D0EA

ParentProcessGuid: {f57bd86a-36f5-658c-0b00-000000000f00}

ParentProcessId: 780

ParentImage: C:\Windows\System32\services.exe

ParentCommandLine: C:\Windows\system32\services.exe

ParentUser: NT AUTHORITY\SYSTEM",Info,NisSrv.exe,C:\Windows\system32\services.exe,C:\Windows\System32\services.exe,{f57bd86a-36f5-658c-0b00-000000000f00},780,NT AUTHORITY\SYSTEM,{f57bd86a-82f1-658c-f301-000000000f00},3588,2240,Microsoft® Windows® Operating System,,,,,"
      ",-,,,,,,2023-12-27T20:02:57.5362136Z,,,Process Create (rule: ProcessCreate),0,5124,NT AUTHORITY\LOCAL SERVICE,S-1-5-18,2023-12-27 20:02:57.496,5,"<Event xmlns=""http://schemas.microsoft.com/win/2004/08/events/event"">
    <System>
      <Provider Name=""Microsoft-Windows-Sysmon"" Guid=""{5770385f-c22a-43e0-bf4c-06f5698ffbd9}""/>
      <EventID>1</EventID>
      <Version>5</Version>
      <Level>4</Level>
      <Task>1</Task>
      <Opcode>0</Opcode>
      <Keywords>0x8000000000000000</Keywords>
      <TimeCreated SystemTime=""2023-12-27T20:02:57.5362136Z""/>
      <EventRecordID>19636</EventRecordID>
      <Correlation/>
      <Execution ProcessID=""3588"" ThreadID=""5124""/>
      <Channel>Microsoft-Windows-Sysmon/Operational</Channel>
      <Computer>WinDev2309Eval</Computer>
      <Security UserID=""S-1-5-18""/>
    </System>
    <EventData>
      <Data Name=""RuleName"">-</Data>
      <Data Name=""UtcTime"">2023-12-27 20:02:57.496</Data>
      <Data Name=""ProcessGuid"">{f57bd86a-82f1-658c-f301-000000000f00}</Data>
      <Data Name=""ProcessId"">2240</Data>
      <Data Name=""Image"">C:\ProgramData\Microsoft\Windows Defender\Platform\4.18.23110.3-0\NisSrv.exe</Data>
      <Data Name=""FileVersion"">4.18.23110.3 (9ebb3643d539a6fc4659898b1df3124d5da4c0a9)</Data>
      <Data Name=""Description"">Microsoft Network Realtime Inspection Service</Data>
      <Data Name=""Product"">Microsoft&#174; Windows&#174; Operating System</Data>
      <Data Name=""Company"">Microsoft Corporation</Data>
      <Data Name=""OriginalFileName"">NisSrv.exe</Data>
      <Data Name=""CommandLine"">""C:\ProgramData\Microsoft\Windows Defender\Platform\4.18.23110.3-0\NisSrv.exe""</Data>
      <Data Name=""CurrentDirectory"">C:\Windows\system32\</Data>
      <Data Name=""User"">NT AUTHORITY\LOCAL SERVICE</Data>
      <Data Name=""LogonGuid"">{f57bd86a-36f6-658c-e503-000000000000}</Data>
      <Data Name=""LogonId"">0x3e5</Data>
      <Data Name=""TerminalSessionId"">0</Data>
      <Data Name=""IntegrityLevel"">System</Data>
      <Data Name=""Hashes"">MD5=1DCF599A4B93105648477A5469BE0F71,SHA256=2D23819F7085853FAA8F57D40E2F5F471A70ED8DA4DB57F65528969C816CFC60,IMPHASH=5E7E101D83EE3E554DF841454E28D0EA</Data>
      <Data Name=""ParentProcessGuid"">{f57bd86a-36f5-658c-0b00-000000000f00}</Data>
      <Data Name=""ParentProcessId"">780</Data>
      <Data Name=""ParentImage"">C:\Windows\System32\services.exe</Data>
      <Data Name=""ParentCommandLine"">C:\Windows\system32\services.exe</Data>
      <Data Name=""ParentUser"">NT AUTHORITY\SYSTEM</Data>
    </EventData>
    <RenderingInfo Culture=""en-US"">
      <Message>Process Create:

RuleName: -

UtcTime: 2023-12-27 20:02:57.496

ProcessGuid: {f57bd86a-82f1-658c-f301-000000000f00}

ProcessId: 2240

Image: C:\ProgramData\Microsoft\Windows Defender\Platform\4.18.23110.3-0\NisSrv.exe

FileVersion: 4.18.23110.3 (9ebb3643d539a6fc4659898b1df3124d5da4c0a9)

Description: Microsoft Network Realtime Inspection Service

Product: Microsoft&#174; Windows&#174; Operating System

Company: Microsoft Corporation

OriginalFileName: NisSrv.exe

CommandLine: ""C:\ProgramData\Microsoft\Windows Defender\Platform\4.18.23110.3-0\NisSrv.exe""

CurrentDirectory: C:\Windows\system32\

User: NT AUTHORITY\LOCAL SERVICE

LogonGuid: {f57bd86a-36f6-658c-e503-000000000000}

LogonId: 0x3E5

TerminalSessionId: 0

IntegrityLevel: System

Hashes: MD5=1DCF599A4B93105648477A5469BE0F71,SHA256=2D23819F7085853FAA8F57D40E2F5F471A70ED8DA4DB57F65528969C816CFC60,IMPHASH=5E7E101D83EE3E554DF841454E28D0EA

ParentProcessGuid: {f57bd86a-36f5-658c-0b00-000000000f00}

ParentProcessId: 780

ParentImage: C:\Windows\System32\services.exe

ParentCommandLine: C:\Windows\system32\services.exe

ParentUser: NT AUTHORITY\SYSTEM</Message>
      <Level>Information</Level>
      <Task>Process Create (rule: ProcessCreate)</Task>
      <Opcode>Info</Opcode>
    </RenderingInfo>
  </Event>
  
"
Microsoft-Windows-Sysmon/Operational,C:\Windows\winsxs\amd64_microsoft-windows-servicingstack_31bf3856ad364e35_10.0.22621.2567_none_e93fb1d442e4b410\TiWorker.exe -Embedding,Microsoft Corporation,WinDev2309Eval,,C:\Windows\system32\,Windows Modules Installer Worker,,,,,,,1,19635,,10.0.22621.2567 (WinBuild.160101.0800),"MD5=634797EF0CAB160A1ACFB6C14F96EB64,SHA256=1AF43EF17CC0C6C21D2A1FEC5E692BEC94E51D1EE0EF3CCC7F8DB253E6C1C885,IMPHASH=AB094FE9205855C660B3CC04E5BA912E",C:\Windows\WinSxS\amd64_microsoft-windows-servicingstack_31bf3856ad364e35_10.0.22621.2567_none_e93fb1d442e4b410\TiWorker.exe,,System,0x8000000000000000,Information,{f57bd86a-36f5-658c-e703-000000000000},0x3e7,"Process Create:

RuleName: -

UtcTime: 2023-12-27 20:02:57.346

ProcessGuid: {f57bd86a-82f1-658c-f201-000000000f00}

ProcessId: 5912

Image: C:\Windows\WinSxS\amd64_microsoft-windows-servicingstack_31bf3856ad364e35_10.0.22621.2567_none_e93fb1d442e4b410\TiWorker.exe

FileVersion: 10.0.22621.2567 (WinBuild.160101.0800)

Description: Windows Modules Installer Worker

Product: Microsoft® Windows® Operating System

Company: Microsoft Corporation

OriginalFileName: TiWorker.exe

CommandLine: C:\Windows\winsxs\amd64_microsoft-windows-servicingstack_31bf3856ad364e35_10.0.22621.2567_none_e93fb1d442e4b410\TiWorker.exe -Embedding

CurrentDirectory: C:\Windows\system32\

User: NT AUTHORITY\SYSTEM

LogonGuid: {f57bd86a-36f5-658c-e703-000000000000}

LogonId: 0x3E7

TerminalSessionId: 0

IntegrityLevel: System

Hashes: MD5=634797EF0CAB160A1ACFB6C14F96EB64,SHA256=1AF43EF17CC0C6C21D2A1FEC5E692BEC94E51D1EE0EF3CCC7F8DB253E6C1C885,IMPHASH=AB094FE9205855C660B3CC04E5BA912E

ParentProcessGuid: {f57bd86a-36f5-658c-0d00-000000000f00}

ParentProcessId: 932

ParentImage: C:\Windows\System32\svchost.exe

ParentCommandLine: C:\Windows\system32\svchost.exe -k DcomLaunch -p

ParentUser: NT AUTHORITY\SYSTEM",Info,TiWorker.exe,C:\Windows\system32\svchost.exe -k DcomLaunch -p,C:\Windows\System32\svchost.exe,{f57bd86a-36f5-658c-0d00-000000000f00},932,NT AUTHORITY\SYSTEM,{f57bd86a-82f1-658c-f201-000000000f00},3588,5912,Microsoft® Windows® Operating System,,,,,"
      ",-,,,,,,2023-12-27T20:02:57.3481440Z,,,Process Create (rule: ProcessCreate),0,5124,NT AUTHORITY\SYSTEM,S-1-5-18,2023-12-27 20:02:57.346,5,"<Event xmlns=""http://schemas.microsoft.com/win/2004/08/events/event"">
    <System>
      <Provider Name=""Microsoft-Windows-Sysmon"" Guid=""{5770385f-c22a-43e0-bf4c-06f5698ffbd9}""/>
      <EventID>1</EventID>
      <Version>5</Version>
      <Level>4</Level>
      <Task>1</Task>
      <Opcode>0</Opcode>
      <Keywords>0x8000000000000000</Keywords>
      <TimeCreated SystemTime=""2023-12-27T20:02:57.3481440Z""/>
      <EventRecordID>19635</EventRecordID>
      <Correlation/>
      <Execution ProcessID=""3588"" ThreadID=""5124""/>
      <Channel>Microsoft-Windows-Sysmon/Operational</Channel>
      <Computer>WinDev2309Eval</Computer>
      <Security UserID=""S-1-5-18""/>
    </System>
    <EventData>
      <Data Name=""RuleName"">-</Data>
      <Data Name=""UtcTime"">2023-12-27 20:02:57.346</Data>
      <Data Name=""ProcessGuid"">{f57bd86a-82f1-658c-f201-000000000f00}</Data>
      <Data Name=""ProcessId"">5912</Data>
      <Data Name=""Image"">C:\Windows\WinSxS\amd64_microsoft-windows-servicingstack_31bf3856ad364e35_10.0.22621.2567_none_e93fb1d442e4b410\TiWorker.exe</Data>
      <Data Name=""FileVersion"">10.0.22621.2567 (WinBuild.160101.0800)</Data>
      <Data Name=""Description"">Windows Modules Installer Worker</Data>
      <Data Name=""Product"">Microsoft&#174; Windows&#174; Operating System</Data>
      <Data Name=""Company"">Microsoft Corporation</Data>
      <Data Name=""OriginalFileName"">TiWorker.exe</Data>
      <Data Name=""CommandLine"">C:\Windows\winsxs\amd64_microsoft-windows-servicingstack_31bf3856ad364e35_10.0.22621.2567_none_e93fb1d442e4b410\TiWorker.exe -Embedding</Data>
      <Data Name=""CurrentDirectory"">C:\Windows\system32\</Data>
      <Data Name=""User"">NT AUTHORITY\SYSTEM</Data>
      <Data Name=""LogonGuid"">{f57bd86a-36f5-658c-e703-000000000000}</Data>
      <Data Name=""LogonId"">0x3e7</Data>
      <Data Name=""TerminalSessionId"">0</Data>
      <Data Name=""IntegrityLevel"">System</Data>
      <Data Name=""Hashes"">MD5=634797EF0CAB160A1ACFB6C14F96EB64,SHA256=1AF43EF17CC0C6C21D2A1FEC5E692BEC94E51D1EE0EF3CCC7F8DB253E6C1C885,IMPHASH=AB094FE9205855C660B3CC04E5BA912E</Data>
      <Data Name=""ParentProcessGuid"">{f57bd86a-36f5-658c-0d00-000000000f00}</Data>
      <Data Name=""ParentProcessId"">932</Data>
      <Data Name=""ParentImage"">C:\Windows\System32\svchost.exe</Data>
      <Data Name=""ParentCommandLine"">C:\Windows\system32\svchost.exe -k DcomLaunch -p</Data>
      <Data Name=""ParentUser"">NT AUTHORITY\SYSTEM</Data>
    </EventData>
    <RenderingInfo Culture=""en-US"">
      <Message>Process Create:

RuleName: -

UtcTime: 2023-12-27 20:02:57.346

ProcessGuid: {f57bd86a-82f1-658c-f201-000000000f00}

ProcessId: 5912

Image: C:\Windows\WinSxS\amd64_microsoft-windows-servicingstack_31bf3856ad364e35_10.0.22621.2567_none_e93fb1d442e4b410\TiWorker.exe

FileVersion: 10.0.22621.2567 (WinBuild.160101.0800)

Description: Windows Modules Installer Worker

Product: Microsoft&#174; Windows&#174; Operating System

Company: Microsoft Corporation

OriginalFileName: TiWorker.exe

CommandLine: C:\Windows\winsxs\amd64_microsoft-windows-servicingstack_31bf3856ad364e35_10.0.22621.2567_none_e93fb1d442e4b410\TiWorker.exe -Embedding

CurrentDirectory: C:\Windows\system32\

User: NT AUTHORITY\SYSTEM

LogonGuid: {f57bd86a-36f5-658c-e703-000000000000}

LogonId: 0x3E7

TerminalSessionId: 0

IntegrityLevel: System

Hashes: MD5=634797EF0CAB160A1ACFB6C14F96EB64,SHA256=1AF43EF17CC0C6C21D2A1FEC5E692BEC94E51D1EE0EF3CCC7F8DB253E6C1C885,IMPHASH=AB094FE9205855C660B3CC04E5BA912E

ParentProcessGuid: {f57bd86a-36f5-658c-0d00-000000000f00}

ParentProcessId: 932

ParentImage: C:\Windows\System32\svchost.exe

ParentCommandLine: C:\Windows\system32\svchost.exe -k DcomLaunch -p

ParentUser: NT AUTHORITY\SYSTEM</Message>
      <Level>Information</Level>
      <Task>Process Create (rule: ProcessCreate)</Task>
      <Opcode>Info</Opcode>
    </RenderingInfo>
  </Event>
  
"
Microsoft-Windows-Sysmon/Operational,C:\Windows\servicing\TrustedInstaller.exe,Microsoft Corporation,WinDev2309Eval,,C:\Windows\system32\,Windows Modules Installer,,,,,,,1,19634,,10.0.22621.2506 (WinBuild.160101.0800),"MD5=97BF1028C57D72BA748CD92A23B991AD,SHA256=A285EE62274F46DEF4DA38D2B0FAD9E86DC320FFED388F3EB9A2F40B97265BE5,IMPHASH=34D0AC011537DB517EC24EC6B7510B93",C:\Windows\servicing\TrustedInstaller.exe,,System,0x8000000000000000,Information,{f57bd86a-36f5-658c-e703-000000000000},0x3e7,"Process Create:

RuleName: -

UtcTime: 2023-12-27 20:02:57.291

ProcessGuid: {f57bd86a-82f1-658c-f101-000000000f00}

ProcessId: 5024

Image: C:\Windows\servicing\TrustedInstaller.exe

FileVersion: 10.0.22621.2506 (WinBuild.160101.0800)

Description: Windows Modules Installer

Product: Microsoft® Windows® Operating System

Company: Microsoft Corporation

OriginalFileName: TrustedInstaller.exe

CommandLine: C:\Windows\servicing\TrustedInstaller.exe

CurrentDirectory: C:\Windows\system32\

User: NT AUTHORITY\SYSTEM

LogonGuid: {f57bd86a-36f5-658c-e703-000000000000}

LogonId: 0x3E7

TerminalSessionId: 0

IntegrityLevel: System

Hashes: MD5=97BF1028C57D72BA748CD92A23B991AD,SHA256=A285EE62274F46DEF4DA38D2B0FAD9E86DC320FFED388F3EB9A2F40B97265BE5,IMPHASH=34D0AC011537DB517EC24EC6B7510B93

ParentProcessGuid: {f57bd86a-36f5-658c-0b00-000000000f00}

ParentProcessId: 780

ParentImage: C:\Windows\System32\services.exe

ParentCommandLine: C:\Windows\system32\services.exe

ParentUser: NT AUTHORITY\SYSTEM",Info,TrustedInstaller.exe,C:\Windows\system32\services.exe,C:\Windows\System32\services.exe,{f57bd86a-36f5-658c-0b00-000000000f00},780,NT AUTHORITY\SYSTEM,{f57bd86a-82f1-658c-f101-000000000f00},3588,5024,Microsoft® Windows® Operating System,,,,,"
      ",-,,,,,,2023-12-27T20:02:57.2930855Z,,,Process Create (rule: ProcessCreate),0,5124,NT AUTHORITY\SYSTEM,S-1-5-18,2023-12-27 20:02:57.291,5,"<Event xmlns=""http://schemas.microsoft.com/win/2004/08/events/event"">
    <System>
      <Provider Name=""Microsoft-Windows-Sysmon"" Guid=""{5770385f-c22a-43e0-bf4c-06f5698ffbd9}""/>
      <EventID>1</EventID>
      <Version>5</Version>
      <Level>4</Level>
      <Task>1</Task>
      <Opcode>0</Opcode>
      <Keywords>0x8000000000000000</Keywords>
      <TimeCreated SystemTime=""2023-12-27T20:02:57.2930855Z""/>
      <EventRecordID>19634</EventRecordID>
      <Correlation/>
      <Execution ProcessID=""3588"" ThreadID=""5124""/>
      <Channel>Microsoft-Windows-Sysmon/Operational</Channel>
      <Computer>WinDev2309Eval</Computer>
      <Security UserID=""S-1-5-18""/>
    </System>
    <EventData>
      <Data Name=""RuleName"">-</Data>
      <Data Name=""UtcTime"">2023-12-27 20:02:57.291</Data>
      <Data Name=""ProcessGuid"">{f57bd86a-82f1-658c-f101-000000000f00}</Data>
      <Data Name=""ProcessId"">5024</Data>
      <Data Name=""Image"">C:\Windows\servicing\TrustedInstaller.exe</Data>
      <Data Name=""FileVersion"">10.0.22621.2506 (WinBuild.160101.0800)</Data>
      <Data Name=""Description"">Windows Modules Installer</Data>
      <Data Name=""Product"">Microsoft&#174; Windows&#174; Operating System</Data>
      <Data Name=""Company"">Microsoft Corporation</Data>
      <Data Name=""OriginalFileName"">TrustedInstaller.exe</Data>
      <Data Name=""CommandLine"">C:\Windows\servicing\TrustedInstaller.exe</Data>
      <Data Name=""CurrentDirectory"">C:\Windows\system32\</Data>
      <Data Name=""User"">NT AUTHORITY\SYSTEM</Data>
      <Data Name=""LogonGuid"">{f57bd86a-36f5-658c-e703-000000000000}</Data>
      <Data Name=""LogonId"">0x3e7</Data>
      <Data Name=""TerminalSessionId"">0</Data>
      <Data Name=""IntegrityLevel"">System</Data>
      <Data Name=""Hashes"">MD5=97BF1028C57D72BA748CD92A23B991AD,SHA256=A285EE62274F46DEF4DA38D2B0FAD9E86DC320FFED388F3EB9A2F40B97265BE5,IMPHASH=34D0AC011537DB517EC24EC6B7510B93</Data>
      <Data Name=""ParentProcessGuid"">{f57bd86a-36f5-658c-0b00-000000000f00}</Data>
      <Data Name=""ParentProcessId"">780</Data>
      <Data Name=""ParentImage"">C:\Windows\System32\services.exe</Data>
      <Data Name=""ParentCommandLine"">C:\Windows\system32\services.exe</Data>
      <Data Name=""ParentUser"">NT AUTHORITY\SYSTEM</Data>
    </EventData>
    <RenderingInfo Culture=""en-US"">
      <Message>Process Create:

RuleName: -

UtcTime: 2023-12-27 20:02:57.291

ProcessGuid: {f57bd86a-82f1-658c-f101-000000000f00}

ProcessId: 5024

Image: C:\Windows\servicing\TrustedInstaller.exe

FileVersion: 10.0.22621.2506 (WinBuild.160101.0800)

Description: Windows Modules Installer

Product: Microsoft&#174; Windows&#174; Operating System

Company: Microsoft Corporation

OriginalFileName: TrustedInstaller.exe

CommandLine: C:\Windows\servicing\TrustedInstaller.exe

CurrentDirectory: C:\Windows\system32\

User: NT AUTHORITY\SYSTEM

LogonGuid: {f57bd86a-36f5-658c-e703-000000000000}

LogonId: 0x3E7

TerminalSessionId: 0

IntegrityLevel: System

Hashes: MD5=97BF1028C57D72BA748CD92A23B991AD,SHA256=A285EE62274F46DEF4DA38D2B0FAD9E86DC320FFED388F3EB9A2F40B97265BE5,IMPHASH=34D0AC011537DB517EC24EC6B7510B93

ParentProcessGuid: {f57bd86a-36f5-658c-0b00-000000000f00}

ParentProcessId: 780

ParentImage: C:\Windows\System32\services.exe

ParentCommandLine: C:\Windows\system32\services.exe

ParentUser: NT AUTHORITY\SYSTEM</Message>
      <Level>Information</Level>
      <Task>Process Create (rule: ProcessCreate)</Task>
      <Opcode>Info</Opcode>
    </RenderingInfo>
  </Event>
  
"
Microsoft-Windows-Sysmon/Operational,,,WinDev2309Eval,,,,,,,,,Binary Data,13,19633,SetValue,,,\\?\C:\Windows\System32\SecurityHealth\1.0.2306.10002-0\SecurityHealthHost.exe,,,0x8000000000000000,Information,,,"Registry value set:

RuleName: Suspicious,ImageBeginWithBackslash

EventType: SetValue

UtcTime: 2023-12-27 20:02:57.075

ProcessGuid: {f57bd86a-82f0-658c-ef01-000000000f00}

ProcessId: 2356

Image: \\?\C:\Windows\System32\SecurityHealth\1.0.2306.10002-0\SecurityHealthHost.exe

TargetObject: HKLM\SOFTWARE\Microsoft\Windows NT\CurrentVersion\Notifications\Data\418A073AA3BC1C75

Details: Binary Data

User: WINDEV2309EVAL\User",Info,,,,,,,{f57bd86a-82f0-658c-ef01-000000000f00},3588,2356,,,,,,"
      ","Suspicious,ImageBeginWithBackslash",,,,,,2023-12-27T20:02:57.0794142Z,,HKLM\SOFTWARE\Microsoft\Windows NT\CurrentVersion\Notifications\Data\418A073AA3BC1C75,Registry value set (rule: RegistryEvent),,5124,WINDEV2309EVAL\User,S-1-5-18,2023-12-27 20:02:57.075,2,"<Event xmlns=""http://schemas.microsoft.com/win/2004/08/events/event"">
    <System>
      <Provider Name=""Microsoft-Windows-Sysmon"" Guid=""{5770385f-c22a-43e0-bf4c-06f5698ffbd9}""/>
      <EventID>13</EventID>
      <Version>2</Version>
      <Level>4</Level>
      <Task>13</Task>
      <Opcode>0</Opcode>
      <Keywords>0x8000000000000000</Keywords>
      <TimeCreated SystemTime=""2023-12-27T20:02:57.0794142Z""/>
      <EventRecordID>19633</EventRecordID>
      <Correlation/>
      <Execution ProcessID=""3588"" ThreadID=""5124""/>
      <Channel>Microsoft-Windows-Sysmon/Operational</Channel>
      <Computer>WinDev2309Eval</Computer>
      <Security UserID=""S-1-5-18""/>
    </System>
    <EventData>
      <Data Name=""RuleName"">Suspicious,ImageBeginWithBackslash</Data>
      <Data Name=""EventType"">SetValue</Data>
      <Data Name=""UtcTime"">2023-12-27 20:02:57.075</Data>
      <Data Name=""ProcessGuid"">{f57bd86a-82f0-658c-ef01-000000000f00}</Data>
      <Data Name=""ProcessId"">2356</Data>
      <Data Name=""Image"">\\?\C:\Windows\System32\SecurityHealth\1.0.2306.10002-0\SecurityHealthHost.exe</Data>
      <Data Name=""TargetObject"">HKLM\SOFTWARE\Microsoft\Windows NT\CurrentVersion\Notifications\Data\418A073AA3BC1C75</Data>
      <Data Name=""Details"">Binary Data</Data>
      <Data Name=""User"">WINDEV2309EVAL\User</Data>
    </EventData>
    <RenderingInfo Culture=""en-US"">
      <Message>Registry value set:

RuleName: Suspicious,ImageBeginWithBackslash

EventType: SetValue

UtcTime: 2023-12-27 20:02:57.075

ProcessGuid: {f57bd86a-82f0-658c-ef01-000000000f00}

ProcessId: 2356

Image: \\?\C:\Windows\System32\SecurityHealth\1.0.2306.10002-0\SecurityHealthHost.exe

TargetObject: HKLM\SOFTWARE\Microsoft\Windows NT\CurrentVersion\Notifications\Data\418A073AA3BC1C75

Details: Binary Data

User: WINDEV2309EVAL\User</Message>
      <Level>Information</Level>
      <Task>Registry value set (rule: RegistryEvent)</Task>
      <Opcode>Info</Opcode>
    </RenderingInfo>
  </Event>
  
"
Microsoft-Windows-Sysmon/Operational,,,WinDev2309Eval,,,,,,,,,Binary Data,13,19632,SetValue,,,\\?\C:\Windows\System32\SecurityHealth\1.0.2306.10002-0\SecurityHealthHost.exe,,,0x8000000000000000,Information,,,"Registry value set:

RuleName: Suspicious,ImageBeginWithBackslash

EventType: SetValue

UtcTime: 2023-12-27 20:02:57.059

ProcessGuid: {f57bd86a-82f0-658c-ef01-000000000f00}

ProcessId: 2356

Image: \\?\C:\Windows\System32\SecurityHealth\1.0.2306.10002-0\SecurityHealthHost.exe

TargetObject: HKLM\SOFTWARE\Microsoft\Windows NT\CurrentVersion\Notifications\Data\418A073AA3BC1C75

Details: Binary Data

User: WINDEV2309EVAL\User",Info,,,,,,,{f57bd86a-82f0-658c-ef01-000000000f00},3588,2356,,,,,,"
      ","Suspicious,ImageBeginWithBackslash",,,,,,2023-12-27T20:02:57.0751917Z,,HKLM\SOFTWARE\Microsoft\Windows NT\CurrentVersion\Notifications\Data\418A073AA3BC1C75,Registry value set (rule: RegistryEvent),,5124,WINDEV2309EVAL\User,S-1-5-18,2023-12-27 20:02:57.059,2,"<Event xmlns=""http://schemas.microsoft.com/win/2004/08/events/event"">
    <System>
      <Provider Name=""Microsoft-Windows-Sysmon"" Guid=""{5770385f-c22a-43e0-bf4c-06f5698ffbd9}""/>
      <EventID>13</EventID>
      <Version>2</Version>
      <Level>4</Level>
      <Task>13</Task>
      <Opcode>0</Opcode>
      <Keywords>0x8000000000000000</Keywords>
      <TimeCreated SystemTime=""2023-12-27T20:02:57.0751917Z""/>
      <EventRecordID>19632</EventRecordID>
      <Correlation/>
      <Execution ProcessID=""3588"" ThreadID=""5124""/>
      <Channel>Microsoft-Windows-Sysmon/Operational</Channel>
      <Computer>WinDev2309Eval</Computer>
      <Security UserID=""S-1-5-18""/>
    </System>
    <EventData>
      <Data Name=""RuleName"">Suspicious,ImageBeginWithBackslash</Data>
      <Data Name=""EventType"">SetValue</Data>
      <Data Name=""UtcTime"">2023-12-27 20:02:57.059</Data>
      <Data Name=""ProcessGuid"">{f57bd86a-82f0-658c-ef01-000000000f00}</Data>
      <Data Name=""ProcessId"">2356</Data>
      <Data Name=""Image"">\\?\C:\Windows\System32\SecurityHealth\1.0.2306.10002-0\SecurityHealthHost.exe</Data>
      <Data Name=""TargetObject"">HKLM\SOFTWARE\Microsoft\Windows NT\CurrentVersion\Notifications\Data\418A073AA3BC1C75</Data>
      <Data Name=""Details"">Binary Data</Data>
      <Data Name=""User"">WINDEV2309EVAL\User</Data>
    </EventData>
    <RenderingInfo Culture=""en-US"">
      <Message>Registry value set:

RuleName: Suspicious,ImageBeginWithBackslash

EventType: SetValue

UtcTime: 2023-12-27 20:02:57.059

ProcessGuid: {f57bd86a-82f0-658c-ef01-000000000f00}

ProcessId: 2356

Image: \\?\C:\Windows\System32\SecurityHealth\1.0.2306.10002-0\SecurityHealthHost.exe

TargetObject: HKLM\SOFTWARE\Microsoft\Windows NT\CurrentVersion\Notifications\Data\418A073AA3BC1C75

Details: Binary Data

User: WINDEV2309EVAL\User</Message>
      <Level>Information</Level>
      <Task>Registry value set (rule: RegistryEvent)</Task>
      <Opcode>Info</Opcode>
    </RenderingInfo>
  </Event>
  
"
Microsoft-Windows-Sysmon/Operational,,,WinDev2309Eval,,,,,,,,,Binary Data,13,19631,SetValue,,,\\?\C:\Windows\System32\SecurityHealth\1.0.2306.10002-0\SecurityHealthHost.exe,,,0x8000000000000000,Information,,,"Registry value set:

RuleName: Suspicious,ImageBeginWithBackslash

EventType: SetValue

UtcTime: 2023-12-27 20:02:57.059

ProcessGuid: {f57bd86a-82f0-658c-ef01-000000000f00}

ProcessId: 2356

Image: \\?\C:\Windows\System32\SecurityHealth\1.0.2306.10002-0\SecurityHealthHost.exe

TargetObject: HKLM\SOFTWARE\Microsoft\Windows NT\CurrentVersion\Notifications\Data\418A073AA3BC1C75

Details: Binary Data

User: WINDEV2309EVAL\User",Info,,,,,,,{f57bd86a-82f0-658c-ef01-000000000f00},3588,2356,,,,,,"
      ","Suspicious,ImageBeginWithBackslash",,,,,,2023-12-27T20:02:57.0712592Z,,HKLM\SOFTWARE\Microsoft\Windows NT\CurrentVersion\Notifications\Data\418A073AA3BC1C75,Registry value set (rule: RegistryEvent),,5124,WINDEV2309EVAL\User,S-1-5-18,2023-12-27 20:02:57.059,2,"<Event xmlns=""http://schemas.microsoft.com/win/2004/08/events/event"">
    <System>
      <Provider Name=""Microsoft-Windows-Sysmon"" Guid=""{5770385f-c22a-43e0-bf4c-06f5698ffbd9}""/>
      <EventID>13</EventID>
      <Version>2</Version>
      <Level>4</Level>
      <Task>13</Task>
      <Opcode>0</Opcode>
      <Keywords>0x8000000000000000</Keywords>
      <TimeCreated SystemTime=""2023-12-27T20:02:57.0712592Z""/>
      <EventRecordID>19631</EventRecordID>
      <Correlation/>
      <Execution ProcessID=""3588"" ThreadID=""5124""/>
      <Channel>Microsoft-Windows-Sysmon/Operational</Channel>
      <Computer>WinDev2309Eval</Computer>
      <Security UserID=""S-1-5-18""/>
    </System>
    <EventData>
      <Data Name=""RuleName"">Suspicious,ImageBeginWithBackslash</Data>
      <Data Name=""EventType"">SetValue</Data>
      <Data Name=""UtcTime"">2023-12-27 20:02:57.059</Data>
      <Data Name=""ProcessGuid"">{f57bd86a-82f0-658c-ef01-000000000f00}</Data>
      <Data Name=""ProcessId"">2356</Data>
      <Data Name=""Image"">\\?\C:\Windows\System32\SecurityHealth\1.0.2306.10002-0\SecurityHealthHost.exe</Data>
      <Data Name=""TargetObject"">HKLM\SOFTWARE\Microsoft\Windows NT\CurrentVersion\Notifications\Data\418A073AA3BC1C75</Data>
      <Data Name=""Details"">Binary Data</Data>
      <Data Name=""User"">WINDEV2309EVAL\User</Data>
    </EventData>
    <RenderingInfo Culture=""en-US"">
      <Message>Registry value set:

RuleName: Suspicious,ImageBeginWithBackslash

EventType: SetValue

UtcTime: 2023-12-27 20:02:57.059

ProcessGuid: {f57bd86a-82f0-658c-ef01-000000000f00}

ProcessId: 2356

Image: \\?\C:\Windows\System32\SecurityHealth\1.0.2306.10002-0\SecurityHealthHost.exe

TargetObject: HKLM\SOFTWARE\Microsoft\Windows NT\CurrentVersion\Notifications\Data\418A073AA3BC1C75

Details: Binary Data

User: WINDEV2309EVAL\User</Message>
      <Level>Information</Level>
      <Task>Registry value set (rule: RegistryEvent)</Task>
      <Opcode>Info</Opcode>
    </RenderingInfo>
  </Event>
  
"
Microsoft-Windows-Sysmon/Operational,C:\Windows\System32\smartscreen.exe -Embedding,Microsoft Corporation,WinDev2309Eval,,C:\Windows\system32\,Windows Defender SmartScreen,,,,,,,1,19630,,10.0.22621.2506 (WinBuild.160101.0800),"MD5=428B629A92397F8AE122C96F1AA64307,SHA256=A239C6A0C9754025160F4E52FD1D8C155F82F2E8DC159C643FDA75AAEAE7468E,IMPHASH=2CD979428F6A7D556A8BFFD60C64AD9B",C:\Windows\System32\smartscreen.exe,,Medium,0x8000000000000000,Information,{f57bd86a-36f9-658c-7bf8-020000000000},0x2f87b,"Process Create:

RuleName: -

UtcTime: 2023-12-27 20:02:57.031

ProcessGuid: {f57bd86a-82f1-658c-f001-000000000f00}

ProcessId: 2308

Image: C:\Windows\System32\smartscreen.exe

FileVersion: 10.0.22621.2506 (WinBuild.160101.0800)

Description: Windows Defender SmartScreen

Product: Microsoft® Windows® Operating System

Company: Microsoft Corporation

OriginalFileName: smartscreen.exe

CommandLine: C:\Windows\System32\smartscreen.exe -Embedding

CurrentDirectory: C:\Windows\system32\

User: WINDEV2309EVAL\User

LogonGuid: {f57bd86a-36f9-658c-7bf8-020000000000}

LogonId: 0x2F87B

TerminalSessionId: 1

IntegrityLevel: Medium

Hashes: MD5=428B629A92397F8AE122C96F1AA64307,SHA256=A239C6A0C9754025160F4E52FD1D8C155F82F2E8DC159C643FDA75AAEAE7468E,IMPHASH=2CD979428F6A7D556A8BFFD60C64AD9B

ParentProcessGuid: {f57bd86a-36f5-658c-0d00-000000000f00}

ParentProcessId: 932

ParentImage: C:\Windows\System32\svchost.exe

ParentCommandLine: C:\Windows\system32\svchost.exe -k DcomLaunch -p

ParentUser: NT AUTHORITY\SYSTEM",Info,smartscreen.exe,C:\Windows\system32\svchost.exe -k DcomLaunch -p,C:\Windows\System32\svchost.exe,{f57bd86a-36f5-658c-0d00-000000000f00},932,NT AUTHORITY\SYSTEM,{f57bd86a-82f1-658c-f001-000000000f00},3588,2308,Microsoft® Windows® Operating System,,,,,"
      ",-,,,,,,2023-12-27T20:02:57.0335348Z,,,Process Create (rule: ProcessCreate),1,5124,WINDEV2309EVAL\User,S-1-5-18,2023-12-27 20:02:57.031,5,"<Event xmlns=""http://schemas.microsoft.com/win/2004/08/events/event"">
    <System>
      <Provider Name=""Microsoft-Windows-Sysmon"" Guid=""{5770385f-c22a-43e0-bf4c-06f5698ffbd9}""/>
      <EventID>1</EventID>
      <Version>5</Version>
      <Level>4</Level>
      <Task>1</Task>
      <Opcode>0</Opcode>
      <Keywords>0x8000000000000000</Keywords>
      <TimeCreated SystemTime=""2023-12-27T20:02:57.0335348Z""/>
      <EventRecordID>19630</EventRecordID>
      <Correlation/>
      <Execution ProcessID=""3588"" ThreadID=""5124""/>
      <Channel>Microsoft-Windows-Sysmon/Operational</Channel>
      <Computer>WinDev2309Eval</Computer>
      <Security UserID=""S-1-5-18""/>
    </System>
    <EventData>
      <Data Name=""RuleName"">-</Data>
      <Data Name=""UtcTime"">2023-12-27 20:02:57.031</Data>
      <Data Name=""ProcessGuid"">{f57bd86a-82f1-658c-f001-000000000f00}</Data>
      <Data Name=""ProcessId"">2308</Data>
      <Data Name=""Image"">C:\Windows\System32\smartscreen.exe</Data>
      <Data Name=""FileVersion"">10.0.22621.2506 (WinBuild.160101.0800)</Data>
      <Data Name=""Description"">Windows Defender SmartScreen</Data>
      <Data Name=""Product"">Microsoft&#174; Windows&#174; Operating System</Data>
      <Data Name=""Company"">Microsoft Corporation</Data>
      <Data Name=""OriginalFileName"">smartscreen.exe</Data>
      <Data Name=""CommandLine"">C:\Windows\System32\smartscreen.exe -Embedding</Data>
      <Data Name=""CurrentDirectory"">C:\Windows\system32\</Data>
      <Data Name=""User"">WINDEV2309EVAL\User</Data>
      <Data Name=""LogonGuid"">{f57bd86a-36f9-658c-7bf8-020000000000}</Data>
      <Data Name=""LogonId"">0x2f87b</Data>
      <Data Name=""TerminalSessionId"">1</Data>
      <Data Name=""IntegrityLevel"">Medium</Data>
      <Data Name=""Hashes"">MD5=428B629A92397F8AE122C96F1AA64307,SHA256=A239C6A0C9754025160F4E52FD1D8C155F82F2E8DC159C643FDA75AAEAE7468E,IMPHASH=2CD979428F6A7D556A8BFFD60C64AD9B</Data>
      <Data Name=""ParentProcessGuid"">{f57bd86a-36f5-658c-0d00-000000000f00}</Data>
      <Data Name=""ParentProcessId"">932</Data>
      <Data Name=""ParentImage"">C:\Windows\System32\svchost.exe</Data>
      <Data Name=""ParentCommandLine"">C:\Windows\system32\svchost.exe -k DcomLaunch -p</Data>
      <Data Name=""ParentUser"">NT AUTHORITY\SYSTEM</Data>
    </EventData>
    <RenderingInfo Culture=""en-US"">
      <Message>Process Create:

RuleName: -

UtcTime: 2023-12-27 20:02:57.031

ProcessGuid: {f57bd86a-82f1-658c-f001-000000000f00}

ProcessId: 2308

Image: C:\Windows\System32\smartscreen.exe

FileVersion: 10.0.22621.2506 (WinBuild.160101.0800)

Description: Windows Defender SmartScreen

Product: Microsoft&#174; Windows&#174; Operating System

Company: Microsoft Corporation

OriginalFileName: smartscreen.exe

CommandLine: C:\Windows\System32\smartscreen.exe -Embedding

CurrentDirectory: C:\Windows\system32\

User: WINDEV2309EVAL\User

LogonGuid: {f57bd86a-36f9-658c-7bf8-020000000000}

LogonId: 0x2F87B

TerminalSessionId: 1

IntegrityLevel: Medium

Hashes: MD5=428B629A92397F8AE122C96F1AA64307,SHA256=A239C6A0C9754025160F4E52FD1D8C155F82F2E8DC159C643FDA75AAEAE7468E,IMPHASH=2CD979428F6A7D556A8BFFD60C64AD9B

ParentProcessGuid: {f57bd86a-36f5-658c-0d00-000000000f00}

ParentProcessId: 932

ParentImage: C:\Windows\System32\svchost.exe

ParentCommandLine: C:\Windows\system32\svchost.exe -k DcomLaunch -p

ParentUser: NT AUTHORITY\SYSTEM</Message>
      <Level>Information</Level>
      <Task>Process Create (rule: ProcessCreate)</Task>
      <Opcode>Info</Opcode>
    </RenderingInfo>
  </Event>
  
"
Microsoft-Windows-Sysmon/Operational,\\?\C:\Windows\System32\SecurityHealth\1.0.2306.10002-0\SecurityHealthHost.exe {08728914-3F57-4D52-9E31-49DAECA5A80A} -Embedding,Microsoft Corporation,WinDev2309Eval,,C:\Windows\system32\,Windows Security Health Host,,,,,,,1,19629,,10.0.25873.1001 (WinBuild.160101.0800),"MD5=193DC58240D8AC4EC1618FFAE14CAE71,SHA256=8D771C8A91614B85416B3EB328460E80183B38F2DC35C7A26578206AF145F419,IMPHASH=FBC9E5DE00516A75FFF7C4A11857FB1D",C:\Windows\System32\SecurityHealth\1.0.2306.10002-0\SecurityHealthHost.exe,,Medium,0x8000000000000000,Information,{f57bd86a-36f9-658c-7bf8-020000000000},0x2f87b,"Process Create:

RuleName: -

UtcTime: 2023-12-27 20:02:56.946

ProcessGuid: {f57bd86a-82f0-658c-ef01-000000000f00}

ProcessId: 2356

Image: C:\Windows\System32\SecurityHealth\1.0.2306.10002-0\SecurityHealthHost.exe

FileVersion: 10.0.25873.1001 (WinBuild.160101.0800)

Description: Windows Security Health Host

Product: Microsoft® Windows® Operating System

Company: Microsoft Corporation

OriginalFileName: SecurityHealthHost.exe

CommandLine: \\?\C:\Windows\System32\SecurityHealth\1.0.2306.10002-0\SecurityHealthHost.exe {08728914-3F57-4D52-9E31-49DAECA5A80A} -Embedding

CurrentDirectory: C:\Windows\system32\

User: WINDEV2309EVAL\User

LogonGuid: {f57bd86a-36f9-658c-7bf8-020000000000}

LogonId: 0x2F87B

TerminalSessionId: 1

IntegrityLevel: Medium

Hashes: MD5=193DC58240D8AC4EC1618FFAE14CAE71,SHA256=8D771C8A91614B85416B3EB328460E80183B38F2DC35C7A26578206AF145F419,IMPHASH=FBC9E5DE00516A75FFF7C4A11857FB1D

ParentProcessGuid: {f57bd86a-36f5-658c-0d00-000000000f00}

ParentProcessId: 932

ParentImage: C:\Windows\System32\svchost.exe

ParentCommandLine: C:\Windows\system32\svchost.exe -k DcomLaunch -p

ParentUser: NT AUTHORITY\SYSTEM",Info,SecurityHealthHost.exe,C:\Windows\system32\svchost.exe -k DcomLaunch -p,C:\Windows\System32\svchost.exe,{f57bd86a-36f5-658c-0d00-000000000f00},932,NT AUTHORITY\SYSTEM,{f57bd86a-82f0-658c-ef01-000000000f00},3588,2356,Microsoft® Windows® Operating System,,,,,"
      ",-,,,,,,2023-12-27T20:02:56.9482254Z,,,Process Create (rule: ProcessCreate),1,5124,WINDEV2309EVAL\User,S-1-5-18,2023-12-27 20:02:56.946,5,"<Event xmlns=""http://schemas.microsoft.com/win/2004/08/events/event"">
    <System>
      <Provider Name=""Microsoft-Windows-Sysmon"" Guid=""{5770385f-c22a-43e0-bf4c-06f5698ffbd9}""/>
      <EventID>1</EventID>
      <Version>5</Version>
      <Level>4</Level>
      <Task>1</Task>
      <Opcode>0</Opcode>
      <Keywords>0x8000000000000000</Keywords>
      <TimeCreated SystemTime=""2023-12-27T20:02:56.9482254Z""/>
      <EventRecordID>19629</EventRecordID>
      <Correlation/>
      <Execution ProcessID=""3588"" ThreadID=""5124""/>
      <Channel>Microsoft-Windows-Sysmon/Operational</Channel>
      <Computer>WinDev2309Eval</Computer>
      <Security UserID=""S-1-5-18""/>
    </System>
    <EventData>
      <Data Name=""RuleName"">-</Data>
      <Data Name=""UtcTime"">2023-12-27 20:02:56.946</Data>
      <Data Name=""ProcessGuid"">{f57bd86a-82f0-658c-ef01-000000000f00}</Data>
      <Data Name=""ProcessId"">2356</Data>
      <Data Name=""Image"">C:\Windows\System32\SecurityHealth\1.0.2306.10002-0\SecurityHealthHost.exe</Data>
      <Data Name=""FileVersion"">10.0.25873.1001 (WinBuild.160101.0800)</Data>
      <Data Name=""Description"">Windows Security Health Host</Data>
      <Data Name=""Product"">Microsoft&#174; Windows&#174; Operating System</Data>
      <Data Name=""Company"">Microsoft Corporation</Data>
      <Data Name=""OriginalFileName"">SecurityHealthHost.exe</Data>
      <Data Name=""CommandLine"">\\?\C:\Windows\System32\SecurityHealth\1.0.2306.10002-0\SecurityHealthHost.exe {08728914-3F57-4D52-9E31-49DAECA5A80A} -Embedding</Data>
      <Data Name=""CurrentDirectory"">C:\Windows\system32\</Data>
      <Data Name=""User"">WINDEV2309EVAL\User</Data>
      <Data Name=""LogonGuid"">{f57bd86a-36f9-658c-7bf8-020000000000}</Data>
      <Data Name=""LogonId"">0x2f87b</Data>
      <Data Name=""TerminalSessionId"">1</Data>
      <Data Name=""IntegrityLevel"">Medium</Data>
      <Data Name=""Hashes"">MD5=193DC58240D8AC4EC1618FFAE14CAE71,SHA256=8D771C8A91614B85416B3EB328460E80183B38F2DC35C7A26578206AF145F419,IMPHASH=FBC9E5DE00516A75FFF7C4A11857FB1D</Data>
      <Data Name=""ParentProcessGuid"">{f57bd86a-36f5-658c-0d00-000000000f00}</Data>
      <Data Name=""ParentProcessId"">932</Data>
      <Data Name=""ParentImage"">C:\Windows\System32\svchost.exe</Data>
      <Data Name=""ParentCommandLine"">C:\Windows\system32\svchost.exe -k DcomLaunch -p</Data>
      <Data Name=""ParentUser"">NT AUTHORITY\SYSTEM</Data>
    </EventData>
    <RenderingInfo Culture=""en-US"">
      <Message>Process Create:

RuleName: -

UtcTime: 2023-12-27 20:02:56.946

ProcessGuid: {f57bd86a-82f0-658c-ef01-000000000f00}

ProcessId: 2356

Image: C:\Windows\System32\SecurityHealth\1.0.2306.10002-0\SecurityHealthHost.exe

FileVersion: 10.0.25873.1001 (WinBuild.160101.0800)

Description: Windows Security Health Host

Product: Microsoft&#174; Windows&#174; Operating System

Company: Microsoft Corporation

OriginalFileName: SecurityHealthHost.exe

CommandLine: \\?\C:\Windows\System32\SecurityHealth\1.0.2306.10002-0\SecurityHealthHost.exe {08728914-3F57-4D52-9E31-49DAECA5A80A} -Embedding

CurrentDirectory: C:\Windows\system32\

User: WINDEV2309EVAL\User

LogonGuid: {f57bd86a-36f9-658c-7bf8-020000000000}

LogonId: 0x2F87B

TerminalSessionId: 1

IntegrityLevel: Medium

Hashes: MD5=193DC58240D8AC4EC1618FFAE14CAE71,SHA256=8D771C8A91614B85416B3EB328460E80183B38F2DC35C7A26578206AF145F419,IMPHASH=FBC9E5DE00516A75FFF7C4A11857FB1D

ParentProcessGuid: {f57bd86a-36f5-658c-0d00-000000000f00}

ParentProcessId: 932

ParentImage: C:\Windows\System32\svchost.exe

ParentCommandLine: C:\Windows\system32\svchost.exe -k DcomLaunch -p

ParentUser: NT AUTHORITY\SYSTEM</Message>
      <Level>Information</Level>
      <Task>Process Create (rule: ProcessCreate)</Task>
      <Opcode>Info</Opcode>
    </RenderingInfo>
  </Event>
  
"
