Microsoft-Windows-Sysmon/Operational,,,WinDev2309Eval,2023-12-28 12:20:47.526,,,,,,,,,11,9588,,,,C:\ProgramData\Microsoft\Windows Defender\Platform\4.18.23080.2006-0\MsMpEng.exe,,,0x8000000000000000,Information,,,"File created:

RuleName: EXE

UtcTime: 2023-12-28 12:20:47.526

ProcessGuid: {fda94052-34f3-658d-5800-000000000b00}

ProcessId: 3800

Image: C:\ProgramData\Microsoft\Windows Defender\Platform\4.18.23080.2006-0\MsMpEng.exe

TargetFilename: C:\ProgramData\Microsoft\Windows Defender\Platform\4.18.23110.3-0\X86\MpCmdRun.exe

CreationUtcTime: 2023-12-28 12:20:47.526

User: NT AUTHORITY\SYSTEM",Info,,,,,,,{fda94052-34f3-658d-5800-000000000b00},7044,3800,,,,,,"
      ",EXE,,,,,,2023-12-28T12:20:47.5343010Z,C:\ProgramData\Microsoft\Windows Defender\Platform\4.18.23110.3-0\X86\MpCmdRun.exe,,File created (rule: FileCreate),,6672,NT AUTHORITY\SYSTEM,S-1-5-18,2023-12-28 12:20:47.526,2,"<Event xmlns=""http://schemas.microsoft.com/win/2004/08/events/event"">
    <System>
      <Provider Name=""Microsoft-Windows-Sysmon"" Guid=""{5770385f-c22a-43e0-bf4c-06f5698ffbd9}""/>
      <EventID>11</EventID>
      <Version>2</Version>
      <Level>4</Level>
      <Task>11</Task>
      <Opcode>0</Opcode>
      <Keywords>0x8000000000000000</Keywords>
      <TimeCreated SystemTime=""2023-12-28T12:20:47.5343010Z""/>
      <EventRecordID>9588</EventRecordID>
      <Correlation/>
      <Execution ProcessID=""7044"" ThreadID=""6672""/>
      <Channel>Microsoft-Windows-Sysmon/Operational</Channel>
      <Computer>WinDev2309Eval</Computer>
      <Security UserID=""S-1-5-18""/>
    </System>
    <EventData>
      <Data Name=""RuleName"">EXE</Data>
      <Data Name=""UtcTime"">2023-12-28 12:20:47.526</Data>
      <Data Name=""ProcessGuid"">{fda94052-34f3-658d-5800-000000000b00}</Data>
      <Data Name=""ProcessId"">3800</Data>
      <Data Name=""Image"">C:\ProgramData\Microsoft\Windows Defender\Platform\4.18.23080.2006-0\MsMpEng.exe</Data>
      <Data Name=""TargetFilename"">C:\ProgramData\Microsoft\Windows Defender\Platform\4.18.23110.3-0\X86\MpCmdRun.exe</Data>
      <Data Name=""CreationUtcTime"">2023-12-28 12:20:47.526</Data>
      <Data Name=""User"">NT AUTHORITY\SYSTEM</Data>
    </EventData>
    <RenderingInfo Culture=""en-US"">
      <Message>File created:

RuleName: EXE

UtcTime: 2023-12-28 12:20:47.526

ProcessGuid: {fda94052-34f3-658d-5800-000000000b00}

ProcessId: 3800

Image: C:\ProgramData\Microsoft\Windows Defender\Platform\4.18.23080.2006-0\MsMpEng.exe

TargetFilename: C:\ProgramData\Microsoft\Windows Defender\Platform\4.18.23110.3-0\X86\MpCmdRun.exe

CreationUtcTime: 2023-12-28 12:20:47.526

User: NT AUTHORITY\SYSTEM</Message>
      <Level>Information</Level>
      <Task>File created (rule: FileCreate)</Task>
      <Opcode>Info</Opcode>
    </RenderingInfo>
  </Event>
  
"
Microsoft-Windows-Sysmon/Operational,,,WinDev2309Eval,2023-12-28 12:20:47.526,,,,,,,,,11,9587,,,,C:\ProgramData\Microsoft\Windows Defender\Platform\4.18.23080.2006-0\MsMpEng.exe,,,0x8000000000000000,Information,,,"File created:

RuleName: DLL

UtcTime: 2023-12-28 12:20:47.526

ProcessGuid: {fda94052-34f3-658d-5800-000000000b00}

ProcessId: 3800

Image: C:\ProgramData\Microsoft\Windows Defender\Platform\4.18.23080.2006-0\MsMpEng.exe

TargetFilename: C:\ProgramData\Microsoft\Windows Defender\Platform\4.18.23110.3-0\X86\MpClient.dll

CreationUtcTime: 2023-12-28 12:20:47.526

User: NT AUTHORITY\SYSTEM",Info,,,,,,,{fda94052-34f3-658d-5800-000000000b00},7044,3800,,,,,,"
      ",DLL,,,,,,2023-12-28T12:20:47.5277343Z,C:\ProgramData\Microsoft\Windows Defender\Platform\4.18.23110.3-0\X86\MpClient.dll,,File created (rule: FileCreate),,6672,NT AUTHORITY\SYSTEM,S-1-5-18,2023-12-28 12:20:47.526,2,"<Event xmlns=""http://schemas.microsoft.com/win/2004/08/events/event"">
    <System>
      <Provider Name=""Microsoft-Windows-Sysmon"" Guid=""{5770385f-c22a-43e0-bf4c-06f5698ffbd9}""/>
      <EventID>11</EventID>
      <Version>2</Version>
      <Level>4</Level>
      <Task>11</Task>
      <Opcode>0</Opcode>
      <Keywords>0x8000000000000000</Keywords>
      <TimeCreated SystemTime=""2023-12-28T12:20:47.5277343Z""/>
      <EventRecordID>9587</EventRecordID>
      <Correlation/>
      <Execution ProcessID=""7044"" ThreadID=""6672""/>
      <Channel>Microsoft-Windows-Sysmon/Operational</Channel>
      <Computer>WinDev2309Eval</Computer>
      <Security UserID=""S-1-5-18""/>
    </System>
    <EventData>
      <Data Name=""RuleName"">DLL</Data>
      <Data Name=""UtcTime"">2023-12-28 12:20:47.526</Data>
      <Data Name=""ProcessGuid"">{fda94052-34f3-658d-5800-000000000b00}</Data>
      <Data Name=""ProcessId"">3800</Data>
      <Data Name=""Image"">C:\ProgramData\Microsoft\Windows Defender\Platform\4.18.23080.2006-0\MsMpEng.exe</Data>
      <Data Name=""TargetFilename"">C:\ProgramData\Microsoft\Windows Defender\Platform\4.18.23110.3-0\X86\MpClient.dll</Data>
      <Data Name=""CreationUtcTime"">2023-12-28 12:20:47.526</Data>
      <Data Name=""User"">NT AUTHORITY\SYSTEM</Data>
    </EventData>
    <RenderingInfo Culture=""en-US"">
      <Message>File created:

RuleName: DLL

UtcTime: 2023-12-28 12:20:47.526

ProcessGuid: {fda94052-34f3-658d-5800-000000000b00}

ProcessId: 3800

Image: C:\ProgramData\Microsoft\Windows Defender\Platform\4.18.23080.2006-0\MsMpEng.exe

TargetFilename: C:\ProgramData\Microsoft\Windows Defender\Platform\4.18.23110.3-0\X86\MpClient.dll

CreationUtcTime: 2023-12-28 12:20:47.526

User: NT AUTHORITY\SYSTEM</Message>
      <Level>Information</Level>
      <Task>File created (rule: FileCreate)</Task>
      <Opcode>Info</Opcode>
    </RenderingInfo>
  </Event>
  
"
Microsoft-Windows-Sysmon/Operational,,,WinDev2309Eval,2023-12-28 12:20:47.511,,,,,,,,,11,9586,,,,C:\ProgramData\Microsoft\Windows Defender\Platform\4.18.23080.2006-0\MsMpEng.exe,,,0x8000000000000000,Information,,,"File created:

RuleName: DLL

UtcTime: 2023-12-28 12:20:47.511

ProcessGuid: {fda94052-34f3-658d-5800-000000000b00}

ProcessId: 3800

Image: C:\ProgramData\Microsoft\Windows Defender\Platform\4.18.23080.2006-0\MsMpEng.exe

TargetFilename: C:\ProgramData\Microsoft\Windows Defender\Platform\4.18.23110.3-0\X86\MpAsDesc.dll

CreationUtcTime: 2023-12-28 12:20:47.511

User: NT AUTHORITY\SYSTEM",Info,,,,,,,{fda94052-34f3-658d-5800-000000000b00},7044,3800,,,,,,"
      ",DLL,,,,,,2023-12-28T12:20:47.5142330Z,C:\ProgramData\Microsoft\Windows Defender\Platform\4.18.23110.3-0\X86\MpAsDesc.dll,,File created (rule: FileCreate),,6672,NT AUTHORITY\SYSTEM,S-1-5-18,2023-12-28 12:20:47.511,2,"<Event xmlns=""http://schemas.microsoft.com/win/2004/08/events/event"">
    <System>
      <Provider Name=""Microsoft-Windows-Sysmon"" Guid=""{5770385f-c22a-43e0-bf4c-06f5698ffbd9}""/>
      <EventID>11</EventID>
      <Version>2</Version>
      <Level>4</Level>
      <Task>11</Task>
      <Opcode>0</Opcode>
      <Keywords>0x8000000000000000</Keywords>
      <TimeCreated SystemTime=""2023-12-28T12:20:47.5142330Z""/>
      <EventRecordID>9586</EventRecordID>
      <Correlation/>
      <Execution ProcessID=""7044"" ThreadID=""6672""/>
      <Channel>Microsoft-Windows-Sysmon/Operational</Channel>
      <Computer>WinDev2309Eval</Computer>
      <Security UserID=""S-1-5-18""/>
    </System>
    <EventData>
      <Data Name=""RuleName"">DLL</Data>
      <Data Name=""UtcTime"">2023-12-28 12:20:47.511</Data>
      <Data Name=""ProcessGuid"">{fda94052-34f3-658d-5800-000000000b00}</Data>
      <Data Name=""ProcessId"">3800</Data>
      <Data Name=""Image"">C:\ProgramData\Microsoft\Windows Defender\Platform\4.18.23080.2006-0\MsMpEng.exe</Data>
      <Data Name=""TargetFilename"">C:\ProgramData\Microsoft\Windows Defender\Platform\4.18.23110.3-0\X86\MpAsDesc.dll</Data>
      <Data Name=""CreationUtcTime"">2023-12-28 12:20:47.511</Data>
      <Data Name=""User"">NT AUTHORITY\SYSTEM</Data>
    </EventData>
    <RenderingInfo Culture=""en-US"">
      <Message>File created:

RuleName: DLL

UtcTime: 2023-12-28 12:20:47.511

ProcessGuid: {fda94052-34f3-658d-5800-000000000b00}

ProcessId: 3800

Image: C:\ProgramData\Microsoft\Windows Defender\Platform\4.18.23080.2006-0\MsMpEng.exe

TargetFilename: C:\ProgramData\Microsoft\Windows Defender\Platform\4.18.23110.3-0\X86\MpAsDesc.dll

CreationUtcTime: 2023-12-28 12:20:47.511

User: NT AUTHORITY\SYSTEM</Message>
      <Level>Information</Level>
      <Task>File created (rule: FileCreate)</Task>
      <Opcode>Info</Opcode>
    </RenderingInfo>
  </Event>
  
"
Microsoft-Windows-Sysmon/Operational,,,WinDev2309Eval,2023-12-28 12:20:47.448,,,,,,,,,11,9585,,,,C:\ProgramData\Microsoft\Windows Defender\Platform\4.18.23080.2006-0\MsMpEng.exe,,,0x8000000000000000,Information,,,"File created:

RuleName: DLL

UtcTime: 2023-12-28 12:20:47.448

ProcessGuid: {fda94052-34f3-658d-5800-000000000b00}

ProcessId: 3800

Image: C:\ProgramData\Microsoft\Windows Defender\Platform\4.18.23080.2006-0\MsMpEng.exe

TargetFilename: C:\ProgramData\Microsoft\Windows Defender\Platform\4.18.23110.3-0\ProtectionManagement.dll

CreationUtcTime: 2023-12-28 12:20:47.448

User: NT AUTHORITY\SYSTEM",Info,,,,,,,{fda94052-34f3-658d-5800-000000000b00},7044,3800,,,,,,"
      ",DLL,,,,,,2023-12-28T12:20:47.4638910Z,C:\ProgramData\Microsoft\Windows Defender\Platform\4.18.23110.3-0\ProtectionManagement.dll,,File created (rule: FileCreate),,6672,NT AUTHORITY\SYSTEM,S-1-5-18,2023-12-28 12:20:47.448,2,"<Event xmlns=""http://schemas.microsoft.com/win/2004/08/events/event"">
    <System>
      <Provider Name=""Microsoft-Windows-Sysmon"" Guid=""{5770385f-c22a-43e0-bf4c-06f5698ffbd9}""/>
      <EventID>11</EventID>
      <Version>2</Version>
      <Level>4</Level>
      <Task>11</Task>
      <Opcode>0</Opcode>
      <Keywords>0x8000000000000000</Keywords>
      <TimeCreated SystemTime=""2023-12-28T12:20:47.4638910Z""/>
      <EventRecordID>9585</EventRecordID>
      <Correlation/>
      <Execution ProcessID=""7044"" ThreadID=""6672""/>
      <Channel>Microsoft-Windows-Sysmon/Operational</Channel>
      <Computer>WinDev2309Eval</Computer>
      <Security UserID=""S-1-5-18""/>
    </System>
    <EventData>
      <Data Name=""RuleName"">DLL</Data>
      <Data Name=""UtcTime"">2023-12-28 12:20:47.448</Data>
      <Data Name=""ProcessGuid"">{fda94052-34f3-658d-5800-000000000b00}</Data>
      <Data Name=""ProcessId"">3800</Data>
      <Data Name=""Image"">C:\ProgramData\Microsoft\Windows Defender\Platform\4.18.23080.2006-0\MsMpEng.exe</Data>
      <Data Name=""TargetFilename"">C:\ProgramData\Microsoft\Windows Defender\Platform\4.18.23110.3-0\ProtectionManagement.dll</Data>
      <Data Name=""CreationUtcTime"">2023-12-28 12:20:47.448</Data>
      <Data Name=""User"">NT AUTHORITY\SYSTEM</Data>
    </EventData>
    <RenderingInfo Culture=""en-US"">
      <Message>File created:

RuleName: DLL

UtcTime: 2023-12-28 12:20:47.448

ProcessGuid: {fda94052-34f3-658d-5800-000000000b00}

ProcessId: 3800

Image: C:\ProgramData\Microsoft\Windows Defender\Platform\4.18.23080.2006-0\MsMpEng.exe

TargetFilename: C:\ProgramData\Microsoft\Windows Defender\Platform\4.18.23110.3-0\ProtectionManagement.dll

CreationUtcTime: 2023-12-28 12:20:47.448

User: NT AUTHORITY\SYSTEM</Message>
      <Level>Information</Level>
      <Task>File created (rule: FileCreate)</Task>
      <Opcode>Info</Opcode>
    </RenderingInfo>
  </Event>
  
"
Microsoft-Windows-Sysmon/Operational,,,WinDev2309Eval,2023-12-28 12:20:47.401,,,,,,,,,11,9584,,,,C:\ProgramData\Microsoft\Windows Defender\Platform\4.18.23080.2006-0\MsMpEng.exe,,,0x8000000000000000,Information,,,"File created:

RuleName: DLL

UtcTime: 2023-12-28 12:20:47.401

ProcessGuid: {fda94052-34f3-658d-5800-000000000b00}

ProcessId: 3800

Image: C:\ProgramData\Microsoft\Windows Defender\Platform\4.18.23080.2006-0\MsMpEng.exe

TargetFilename: C:\ProgramData\Microsoft\Windows Defender\Platform\4.18.23110.3-0\MpEvMsg.dll

CreationUtcTime: 2023-12-28 12:20:47.401

User: NT AUTHORITY\SYSTEM",Info,,,,,,,{fda94052-34f3-658d-5800-000000000b00},7044,3800,,,,,,"
      ",DLL,,,,,,2023-12-28T12:20:47.4083950Z,C:\ProgramData\Microsoft\Windows Defender\Platform\4.18.23110.3-0\MpEvMsg.dll,,File created (rule: FileCreate),,6672,NT AUTHORITY\SYSTEM,S-1-5-18,2023-12-28 12:20:47.401,2,"<Event xmlns=""http://schemas.microsoft.com/win/2004/08/events/event"">
    <System>
      <Provider Name=""Microsoft-Windows-Sysmon"" Guid=""{5770385f-c22a-43e0-bf4c-06f5698ffbd9}""/>
      <EventID>11</EventID>
      <Version>2</Version>
      <Level>4</Level>
      <Task>11</Task>
      <Opcode>0</Opcode>
      <Keywords>0x8000000000000000</Keywords>
      <TimeCreated SystemTime=""2023-12-28T12:20:47.4083950Z""/>
      <EventRecordID>9584</EventRecordID>
      <Correlation/>
      <Execution ProcessID=""7044"" ThreadID=""6672""/>
      <Channel>Microsoft-Windows-Sysmon/Operational</Channel>
      <Computer>WinDev2309Eval</Computer>
      <Security UserID=""S-1-5-18""/>
    </System>
    <EventData>
      <Data Name=""RuleName"">DLL</Data>
      <Data Name=""UtcTime"">2023-12-28 12:20:47.401</Data>
      <Data Name=""ProcessGuid"">{fda94052-34f3-658d-5800-000000000b00}</Data>
      <Data Name=""ProcessId"">3800</Data>
      <Data Name=""Image"">C:\ProgramData\Microsoft\Windows Defender\Platform\4.18.23080.2006-0\MsMpEng.exe</Data>
      <Data Name=""TargetFilename"">C:\ProgramData\Microsoft\Windows Defender\Platform\4.18.23110.3-0\MpEvMsg.dll</Data>
      <Data Name=""CreationUtcTime"">2023-12-28 12:20:47.401</Data>
      <Data Name=""User"">NT AUTHORITY\SYSTEM</Data>
    </EventData>
    <RenderingInfo Culture=""en-US"">
      <Message>File created:

RuleName: DLL

UtcTime: 2023-12-28 12:20:47.401

ProcessGuid: {fda94052-34f3-658d-5800-000000000b00}

ProcessId: 3800

Image: C:\ProgramData\Microsoft\Windows Defender\Platform\4.18.23080.2006-0\MsMpEng.exe

TargetFilename: C:\ProgramData\Microsoft\Windows Defender\Platform\4.18.23110.3-0\MpEvMsg.dll

CreationUtcTime: 2023-12-28 12:20:47.401

User: NT AUTHORITY\SYSTEM</Message>
      <Level>Information</Level>
      <Task>File created (rule: FileCreate)</Task>
      <Opcode>Info</Opcode>
    </RenderingInfo>
  </Event>
  
"
Microsoft-Windows-Sysmon/Operational,,,WinDev2309Eval,,,,,,,,,DWORD (0x00000003),13,9583,SetValue,,,C:\Windows\system32\services.exe,,,0x8000000000000000,Information,,,"Registry value set:

RuleName: T1031,T1050

EventType: SetValue

UtcTime: 2023-12-28 12:20:47.370

ProcessGuid: {fda94052-34eb-658d-0b00-000000000b00}

ProcessId: 788

Image: C:\Windows\system32\services.exe

TargetObject: HKLM\System\CurrentControlSet\Services\WdNisDrv\Start

Details: DWORD (0x00000003)

User: NT AUTHORITY\SYSTEM",Info,,,,,,,{fda94052-34eb-658d-0b00-000000000b00},7044,788,,,,,,"
      ","T1031,T1050",,,,,,2023-12-28T12:20:47.3801963Z,,HKLM\System\CurrentControlSet\Services\WdNisDrv\Start,Registry value set (rule: RegistryEvent),,6672,NT AUTHORITY\SYSTEM,S-1-5-18,2023-12-28 12:20:47.370,2,"<Event xmlns=""http://schemas.microsoft.com/win/2004/08/events/event"">
    <System>
      <Provider Name=""Microsoft-Windows-Sysmon"" Guid=""{5770385f-c22a-43e0-bf4c-06f5698ffbd9}""/>
      <EventID>13</EventID>
      <Version>2</Version>
      <Level>4</Level>
      <Task>13</Task>
      <Opcode>0</Opcode>
      <Keywords>0x8000000000000000</Keywords>
      <TimeCreated SystemTime=""2023-12-28T12:20:47.3801963Z""/>
      <EventRecordID>9583</EventRecordID>
      <Correlation/>
      <Execution ProcessID=""7044"" ThreadID=""6672""/>
      <Channel>Microsoft-Windows-Sysmon/Operational</Channel>
      <Computer>WinDev2309Eval</Computer>
      <Security UserID=""S-1-5-18""/>
    </System>
    <EventData>
      <Data Name=""RuleName"">T1031,T1050</Data>
      <Data Name=""EventType"">SetValue</Data>
      <Data Name=""UtcTime"">2023-12-28 12:20:47.370</Data>
      <Data Name=""ProcessGuid"">{fda94052-34eb-658d-0b00-000000000b00}</Data>
      <Data Name=""ProcessId"">788</Data>
      <Data Name=""Image"">C:\Windows\system32\services.exe</Data>
      <Data Name=""TargetObject"">HKLM\System\CurrentControlSet\Services\WdNisDrv\Start</Data>
      <Data Name=""Details"">DWORD (0x00000003)</Data>
      <Data Name=""User"">NT AUTHORITY\SYSTEM</Data>
    </EventData>
    <RenderingInfo Culture=""en-US"">
      <Message>Registry value set:

RuleName: T1031,T1050

EventType: SetValue

UtcTime: 2023-12-28 12:20:47.370

ProcessGuid: {fda94052-34eb-658d-0b00-000000000b00}

ProcessId: 788

Image: C:\Windows\system32\services.exe

TargetObject: HKLM\System\CurrentControlSet\Services\WdNisDrv\Start

Details: DWORD (0x00000003)

User: NT AUTHORITY\SYSTEM</Message>
      <Level>Information</Level>
      <Task>Registry value set (rule: RegistryEvent)</Task>
      <Opcode>Info</Opcode>
    </RenderingInfo>
  </Event>
  
"
Microsoft-Windows-Sysmon/Operational,,,WinDev2309Eval,2023-12-28 12:20:47.275,,,,,,,,,11,9582,,,,C:\ProgramData\Microsoft\Windows Defender\Platform\4.18.23080.2006-0\MsMpEng.exe,,,0x8000000000000000,Information,,,"File created:

RuleName: DLL

UtcTime: 2023-12-28 12:20:47.275

ProcessGuid: {fda94052-34f3-658d-5800-000000000b00}

ProcessId: 3800

Image: C:\ProgramData\Microsoft\Windows Defender\Platform\4.18.23080.2006-0\MsMpEng.exe

TargetFilename: C:\ProgramData\Microsoft\Windows Defender\Platform\4.18.23110.3-0\MpAsDesc.dll

CreationUtcTime: 2023-12-28 12:20:47.275

User: NT AUTHORITY\SYSTEM",Info,,,,,,,{fda94052-34f3-658d-5800-000000000b00},7044,3800,,,,,,"
      ",DLL,,,,,,2023-12-28T12:20:47.2920203Z,C:\ProgramData\Microsoft\Windows Defender\Platform\4.18.23110.3-0\MpAsDesc.dll,,File created (rule: FileCreate),,6672,NT AUTHORITY\SYSTEM,S-1-5-18,2023-12-28 12:20:47.275,2,"<Event xmlns=""http://schemas.microsoft.com/win/2004/08/events/event"">
    <System>
      <Provider Name=""Microsoft-Windows-Sysmon"" Guid=""{5770385f-c22a-43e0-bf4c-06f5698ffbd9}""/>
      <EventID>11</EventID>
      <Version>2</Version>
      <Level>4</Level>
      <Task>11</Task>
      <Opcode>0</Opcode>
      <Keywords>0x8000000000000000</Keywords>
      <TimeCreated SystemTime=""2023-12-28T12:20:47.2920203Z""/>
      <EventRecordID>9582</EventRecordID>
      <Correlation/>
      <Execution ProcessID=""7044"" ThreadID=""6672""/>
      <Channel>Microsoft-Windows-Sysmon/Operational</Channel>
      <Computer>WinDev2309Eval</Computer>
      <Security UserID=""S-1-5-18""/>
    </System>
    <EventData>
      <Data Name=""RuleName"">DLL</Data>
      <Data Name=""UtcTime"">2023-12-28 12:20:47.275</Data>
      <Data Name=""ProcessGuid"">{fda94052-34f3-658d-5800-000000000b00}</Data>
      <Data Name=""ProcessId"">3800</Data>
      <Data Name=""Image"">C:\ProgramData\Microsoft\Windows Defender\Platform\4.18.23080.2006-0\MsMpEng.exe</Data>
      <Data Name=""TargetFilename"">C:\ProgramData\Microsoft\Windows Defender\Platform\4.18.23110.3-0\MpAsDesc.dll</Data>
      <Data Name=""CreationUtcTime"">2023-12-28 12:20:47.275</Data>
      <Data Name=""User"">NT AUTHORITY\SYSTEM</Data>
    </EventData>
    <RenderingInfo Culture=""en-US"">
      <Message>File created:

RuleName: DLL

UtcTime: 2023-12-28 12:20:47.275

ProcessGuid: {fda94052-34f3-658d-5800-000000000b00}

ProcessId: 3800

Image: C:\ProgramData\Microsoft\Windows Defender\Platform\4.18.23080.2006-0\MsMpEng.exe

TargetFilename: C:\ProgramData\Microsoft\Windows Defender\Platform\4.18.23110.3-0\MpAsDesc.dll

CreationUtcTime: 2023-12-28 12:20:47.275

User: NT AUTHORITY\SYSTEM</Message>
      <Level>Information</Level>
      <Task>File created (rule: FileCreate)</Task>
      <Opcode>Info</Opcode>
    </RenderingInfo>
  </Event>
  
"
Microsoft-Windows-Sysmon/Operational,,,WinDev2309Eval,2023-12-28 12:20:47.103,,,,,,,,,11,9581,,,,C:\ProgramData\Microsoft\Windows Defender\Platform\4.18.23080.2006-0\MsMpEng.exe,,,0x8000000000000000,Information,,,"File created:

RuleName: DLL

UtcTime: 2023-12-28 12:20:47.103

ProcessGuid: {fda94052-34f3-658d-5800-000000000b00}

ProcessId: 3800

Image: C:\ProgramData\Microsoft\Windows Defender\Platform\4.18.23080.2006-0\MsMpEng.exe

TargetFilename: C:\ProgramData\Microsoft\Windows Defender\Platform\4.18.23110.3-0\MpUxAgent.dll

CreationUtcTime: 2023-12-28 12:20:47.103

User: NT AUTHORITY\SYSTEM",Info,,,,,,,{fda94052-34f3-658d-5800-000000000b00},7044,3800,,,,,,"
      ",DLL,,,,,,2023-12-28T12:20:47.1121086Z,C:\ProgramData\Microsoft\Windows Defender\Platform\4.18.23110.3-0\MpUxAgent.dll,,File created (rule: FileCreate),,6672,NT AUTHORITY\SYSTEM,S-1-5-18,2023-12-28 12:20:47.103,2,"<Event xmlns=""http://schemas.microsoft.com/win/2004/08/events/event"">
    <System>
      <Provider Name=""Microsoft-Windows-Sysmon"" Guid=""{5770385f-c22a-43e0-bf4c-06f5698ffbd9}""/>
      <EventID>11</EventID>
      <Version>2</Version>
      <Level>4</Level>
      <Task>11</Task>
      <Opcode>0</Opcode>
      <Keywords>0x8000000000000000</Keywords>
      <TimeCreated SystemTime=""2023-12-28T12:20:47.1121086Z""/>
      <EventRecordID>9581</EventRecordID>
      <Correlation/>
      <Execution ProcessID=""7044"" ThreadID=""6672""/>
      <Channel>Microsoft-Windows-Sysmon/Operational</Channel>
      <Computer>WinDev2309Eval</Computer>
      <Security UserID=""S-1-5-18""/>
    </System>
    <EventData>
      <Data Name=""RuleName"">DLL</Data>
      <Data Name=""UtcTime"">2023-12-28 12:20:47.103</Data>
      <Data Name=""ProcessGuid"">{fda94052-34f3-658d-5800-000000000b00}</Data>
      <Data Name=""ProcessId"">3800</Data>
      <Data Name=""Image"">C:\ProgramData\Microsoft\Windows Defender\Platform\4.18.23080.2006-0\MsMpEng.exe</Data>
      <Data Name=""TargetFilename"">C:\ProgramData\Microsoft\Windows Defender\Platform\4.18.23110.3-0\MpUxAgent.dll</Data>
      <Data Name=""CreationUtcTime"">2023-12-28 12:20:47.103</Data>
      <Data Name=""User"">NT AUTHORITY\SYSTEM</Data>
    </EventData>
    <RenderingInfo Culture=""en-US"">
      <Message>File created:

RuleName: DLL

UtcTime: 2023-12-28 12:20:47.103

ProcessGuid: {fda94052-34f3-658d-5800-000000000b00}

ProcessId: 3800

Image: C:\ProgramData\Microsoft\Windows Defender\Platform\4.18.23080.2006-0\MsMpEng.exe

TargetFilename: C:\ProgramData\Microsoft\Windows Defender\Platform\4.18.23110.3-0\MpUxAgent.dll

CreationUtcTime: 2023-12-28 12:20:47.103

User: NT AUTHORITY\SYSTEM</Message>
      <Level>Information</Level>
      <Task>File created (rule: FileCreate)</Task>
      <Opcode>Info</Opcode>
    </RenderingInfo>
  </Event>
  
"
Microsoft-Windows-Sysmon/Operational,,,WinDev2309Eval,2023-12-28 12:20:47.103,,,,,,,,,11,9580,,,,C:\ProgramData\Microsoft\Windows Defender\Platform\4.18.23080.2006-0\MsMpEng.exe,,,0x8000000000000000,Information,,,"File created:

RuleName: EXE

UtcTime: 2023-12-28 12:20:47.103

ProcessGuid: {fda94052-34f3-658d-5800-000000000b00}

ProcessId: 3800

Image: C:\ProgramData\Microsoft\Windows Defender\Platform\4.18.23080.2006-0\MsMpEng.exe

TargetFilename: C:\ProgramData\Microsoft\Windows Defender\Platform\4.18.23110.3-0\MpDlpCmd.exe

CreationUtcTime: 2023-12-28 12:20:47.103

User: NT AUTHORITY\SYSTEM",Info,,,,,,,{fda94052-34f3-658d-5800-000000000b00},7044,3800,,,,,,"
      ",EXE,,,,,,2023-12-28T12:20:47.1089763Z,C:\ProgramData\Microsoft\Windows Defender\Platform\4.18.23110.3-0\MpDlpCmd.exe,,File created (rule: FileCreate),,6672,NT AUTHORITY\SYSTEM,S-1-5-18,2023-12-28 12:20:47.103,2,"<Event xmlns=""http://schemas.microsoft.com/win/2004/08/events/event"">
    <System>
      <Provider Name=""Microsoft-Windows-Sysmon"" Guid=""{5770385f-c22a-43e0-bf4c-06f5698ffbd9}""/>
      <EventID>11</EventID>
      <Version>2</Version>
      <Level>4</Level>
      <Task>11</Task>
      <Opcode>0</Opcode>
      <Keywords>0x8000000000000000</Keywords>
      <TimeCreated SystemTime=""2023-12-28T12:20:47.1089763Z""/>
      <EventRecordID>9580</EventRecordID>
      <Correlation/>
      <Execution ProcessID=""7044"" ThreadID=""6672""/>
      <Channel>Microsoft-Windows-Sysmon/Operational</Channel>
      <Computer>WinDev2309Eval</Computer>
      <Security UserID=""S-1-5-18""/>
    </System>
    <EventData>
      <Data Name=""RuleName"">EXE</Data>
      <Data Name=""UtcTime"">2023-12-28 12:20:47.103</Data>
      <Data Name=""ProcessGuid"">{fda94052-34f3-658d-5800-000000000b00}</Data>
      <Data Name=""ProcessId"">3800</Data>
      <Data Name=""Image"">C:\ProgramData\Microsoft\Windows Defender\Platform\4.18.23080.2006-0\MsMpEng.exe</Data>
      <Data Name=""TargetFilename"">C:\ProgramData\Microsoft\Windows Defender\Platform\4.18.23110.3-0\MpDlpCmd.exe</Data>
      <Data Name=""CreationUtcTime"">2023-12-28 12:20:47.103</Data>
      <Data Name=""User"">NT AUTHORITY\SYSTEM</Data>
    </EventData>
    <RenderingInfo Culture=""en-US"">
      <Message>File created:

RuleName: EXE

UtcTime: 2023-12-28 12:20:47.103

ProcessGuid: {fda94052-34f3-658d-5800-000000000b00}

ProcessId: 3800

Image: C:\ProgramData\Microsoft\Windows Defender\Platform\4.18.23080.2006-0\MsMpEng.exe

TargetFilename: C:\ProgramData\Microsoft\Windows Defender\Platform\4.18.23110.3-0\MpDlpCmd.exe

CreationUtcTime: 2023-12-28 12:20:47.103

User: NT AUTHORITY\SYSTEM</Message>
      <Level>Information</Level>
      <Task>File created (rule: FileCreate)</Task>
      <Opcode>Info</Opcode>
    </RenderingInfo>
  </Event>
  
"
Microsoft-Windows-Sysmon/Operational,,,WinDev2309Eval,2023-12-28 12:20:47.071,,,,,,,,,11,9579,,,,C:\ProgramData\Microsoft\Windows Defender\Platform\4.18.23080.2006-0\MsMpEng.exe,,,0x8000000000000000,Information,,,"File created:

RuleName: DLL

UtcTime: 2023-12-28 12:20:47.071

ProcessGuid: {fda94052-34f3-658d-5800-000000000b00}

ProcessId: 3800

Image: C:\ProgramData\Microsoft\Windows Defender\Platform\4.18.23080.2006-0\MsMpEng.exe

TargetFilename: C:\ProgramData\Microsoft\Windows Defender\Platform\4.18.23110.3-0\MpSenseComm.dll

CreationUtcTime: 2023-12-28 12:20:47.071

User: NT AUTHORITY\SYSTEM",Info,,,,,,,{fda94052-34f3-658d-5800-000000000b00},7044,3800,,,,,,"
      ",DLL,,,,,,2023-12-28T12:20:47.0780587Z,C:\ProgramData\Microsoft\Windows Defender\Platform\4.18.23110.3-0\MpSenseComm.dll,,File created (rule: FileCreate),,6672,NT AUTHORITY\SYSTEM,S-1-5-18,2023-12-28 12:20:47.071,2,"<Event xmlns=""http://schemas.microsoft.com/win/2004/08/events/event"">
    <System>
      <Provider Name=""Microsoft-Windows-Sysmon"" Guid=""{5770385f-c22a-43e0-bf4c-06f5698ffbd9}""/>
      <EventID>11</EventID>
      <Version>2</Version>
      <Level>4</Level>
      <Task>11</Task>
      <Opcode>0</Opcode>
      <Keywords>0x8000000000000000</Keywords>
      <TimeCreated SystemTime=""2023-12-28T12:20:47.0780587Z""/>
      <EventRecordID>9579</EventRecordID>
      <Correlation/>
      <Execution ProcessID=""7044"" ThreadID=""6672""/>
      <Channel>Microsoft-Windows-Sysmon/Operational</Channel>
      <Computer>WinDev2309Eval</Computer>
      <Security UserID=""S-1-5-18""/>
    </System>
    <EventData>
      <Data Name=""RuleName"">DLL</Data>
      <Data Name=""UtcTime"">2023-12-28 12:20:47.071</Data>
      <Data Name=""ProcessGuid"">{fda94052-34f3-658d-5800-000000000b00}</Data>
      <Data Name=""ProcessId"">3800</Data>
      <Data Name=""Image"">C:\ProgramData\Microsoft\Windows Defender\Platform\4.18.23080.2006-0\MsMpEng.exe</Data>
      <Data Name=""TargetFilename"">C:\ProgramData\Microsoft\Windows Defender\Platform\4.18.23110.3-0\MpSenseComm.dll</Data>
      <Data Name=""CreationUtcTime"">2023-12-28 12:20:47.071</Data>
      <Data Name=""User"">NT AUTHORITY\SYSTEM</Data>
    </EventData>
    <RenderingInfo Culture=""en-US"">
      <Message>File created:

RuleName: DLL

UtcTime: 2023-12-28 12:20:47.071

ProcessGuid: {fda94052-34f3-658d-5800-000000000b00}

ProcessId: 3800

Image: C:\ProgramData\Microsoft\Windows Defender\Platform\4.18.23080.2006-0\MsMpEng.exe

TargetFilename: C:\ProgramData\Microsoft\Windows Defender\Platform\4.18.23110.3-0\MpSenseComm.dll

CreationUtcTime: 2023-12-28 12:20:47.071

User: NT AUTHORITY\SYSTEM</Message>
      <Level>Information</Level>
      <Task>File created (rule: FileCreate)</Task>
      <Opcode>Info</Opcode>
    </RenderingInfo>
  </Event>
  
"
Microsoft-Windows-Sysmon/Operational,,,WinDev2309Eval,2023-12-28 12:20:47.056,,,,,,,,,11,9578,,,,C:\ProgramData\Microsoft\Windows Defender\Platform\4.18.23080.2006-0\MsMpEng.exe,,,0x8000000000000000,Information,,,"File created:

RuleName: DLL

UtcTime: 2023-12-28 12:20:47.056

ProcessGuid: {fda94052-34f3-658d-5800-000000000b00}

ProcessId: 3800

Image: C:\ProgramData\Microsoft\Windows Defender\Platform\4.18.23080.2006-0\MsMpEng.exe

TargetFilename: C:\ProgramData\Microsoft\Windows Defender\Platform\4.18.23110.3-0\endpointdlp.dll

CreationUtcTime: 2023-12-28 12:20:47.056

User: NT AUTHORITY\SYSTEM",Info,,,,,,,{fda94052-34f3-658d-5800-000000000b00},7044,3800,,,,,,"
      ",DLL,,,,,,2023-12-28T12:20:47.0708396Z,C:\ProgramData\Microsoft\Windows Defender\Platform\4.18.23110.3-0\endpointdlp.dll,,File created (rule: FileCreate),,6672,NT AUTHORITY\SYSTEM,S-1-5-18,2023-12-28 12:20:47.056,2,"<Event xmlns=""http://schemas.microsoft.com/win/2004/08/events/event"">
    <System>
      <Provider Name=""Microsoft-Windows-Sysmon"" Guid=""{5770385f-c22a-43e0-bf4c-06f5698ffbd9}""/>
      <EventID>11</EventID>
      <Version>2</Version>
      <Level>4</Level>
      <Task>11</Task>
      <Opcode>0</Opcode>
      <Keywords>0x8000000000000000</Keywords>
      <TimeCreated SystemTime=""2023-12-28T12:20:47.0708396Z""/>
      <EventRecordID>9578</EventRecordID>
      <Correlation/>
      <Execution ProcessID=""7044"" ThreadID=""6672""/>
      <Channel>Microsoft-Windows-Sysmon/Operational</Channel>
      <Computer>WinDev2309Eval</Computer>
      <Security UserID=""S-1-5-18""/>
    </System>
    <EventData>
      <Data Name=""RuleName"">DLL</Data>
      <Data Name=""UtcTime"">2023-12-28 12:20:47.056</Data>
      <Data Name=""ProcessGuid"">{fda94052-34f3-658d-5800-000000000b00}</Data>
      <Data Name=""ProcessId"">3800</Data>
      <Data Name=""Image"">C:\ProgramData\Microsoft\Windows Defender\Platform\4.18.23080.2006-0\MsMpEng.exe</Data>
      <Data Name=""TargetFilename"">C:\ProgramData\Microsoft\Windows Defender\Platform\4.18.23110.3-0\endpointdlp.dll</Data>
      <Data Name=""CreationUtcTime"">2023-12-28 12:20:47.056</Data>
      <Data Name=""User"">NT AUTHORITY\SYSTEM</Data>
    </EventData>
    <RenderingInfo Culture=""en-US"">
      <Message>File created:

RuleName: DLL

UtcTime: 2023-12-28 12:20:47.056

ProcessGuid: {fda94052-34f3-658d-5800-000000000b00}

ProcessId: 3800

Image: C:\ProgramData\Microsoft\Windows Defender\Platform\4.18.23080.2006-0\MsMpEng.exe

TargetFilename: C:\ProgramData\Microsoft\Windows Defender\Platform\4.18.23110.3-0\endpointdlp.dll

CreationUtcTime: 2023-12-28 12:20:47.056

User: NT AUTHORITY\SYSTEM</Message>
      <Level>Information</Level>
      <Task>File created (rule: FileCreate)</Task>
      <Opcode>Info</Opcode>
    </RenderingInfo>
  </Event>
  
"
Microsoft-Windows-Sysmon/Operational,,,WinDev2309Eval,2023-12-28 12:20:47.056,,,,,,,,,11,9577,,,,C:\ProgramData\Microsoft\Windows Defender\Platform\4.18.23080.2006-0\MsMpEng.exe,,,0x8000000000000000,Information,,,"File created:

RuleName: -

UtcTime: 2023-12-28 12:20:47.056

ProcessGuid: {fda94052-34f3-658d-5800-000000000b00}

ProcessId: 3800

Image: C:\ProgramData\Microsoft\Windows Defender\Platform\4.18.23080.2006-0\MsMpEng.exe

TargetFilename: C:\ProgramData\Microsoft\Windows Defender\Platform\4.18.23110.3-0\Drivers\WdNisDrv.sys

CreationUtcTime: 2023-12-28 12:20:47.056

User: NT AUTHORITY\SYSTEM",Info,,,,,,,{fda94052-34f3-658d-5800-000000000b00},7044,3800,,,,,,"
      ",-,,,,,,2023-12-28T12:20:47.0690502Z,C:\ProgramData\Microsoft\Windows Defender\Platform\4.18.23110.3-0\Drivers\WdNisDrv.sys,,File created (rule: FileCreate),,6672,NT AUTHORITY\SYSTEM,S-1-5-18,2023-12-28 12:20:47.056,2,"<Event xmlns=""http://schemas.microsoft.com/win/2004/08/events/event"">
    <System>
      <Provider Name=""Microsoft-Windows-Sysmon"" Guid=""{5770385f-c22a-43e0-bf4c-06f5698ffbd9}""/>
      <EventID>11</EventID>
      <Version>2</Version>
      <Level>4</Level>
      <Task>11</Task>
      <Opcode>0</Opcode>
      <Keywords>0x8000000000000000</Keywords>
      <TimeCreated SystemTime=""2023-12-28T12:20:47.0690502Z""/>
      <EventRecordID>9577</EventRecordID>
      <Correlation/>
      <Execution ProcessID=""7044"" ThreadID=""6672""/>
      <Channel>Microsoft-Windows-Sysmon/Operational</Channel>
      <Computer>WinDev2309Eval</Computer>
      <Security UserID=""S-1-5-18""/>
    </System>
    <EventData>
      <Data Name=""RuleName"">-</Data>
      <Data Name=""UtcTime"">2023-12-28 12:20:47.056</Data>
      <Data Name=""ProcessGuid"">{fda94052-34f3-658d-5800-000000000b00}</Data>
      <Data Name=""ProcessId"">3800</Data>
      <Data Name=""Image"">C:\ProgramData\Microsoft\Windows Defender\Platform\4.18.23080.2006-0\MsMpEng.exe</Data>
      <Data Name=""TargetFilename"">C:\ProgramData\Microsoft\Windows Defender\Platform\4.18.23110.3-0\Drivers\WdNisDrv.sys</Data>
      <Data Name=""CreationUtcTime"">2023-12-28 12:20:47.056</Data>
      <Data Name=""User"">NT AUTHORITY\SYSTEM</Data>
    </EventData>
    <RenderingInfo Culture=""en-US"">
      <Message>File created:

RuleName: -

UtcTime: 2023-12-28 12:20:47.056

ProcessGuid: {fda94052-34f3-658d-5800-000000000b00}

ProcessId: 3800

Image: C:\ProgramData\Microsoft\Windows Defender\Platform\4.18.23080.2006-0\MsMpEng.exe

TargetFilename: C:\ProgramData\Microsoft\Windows Defender\Platform\4.18.23110.3-0\Drivers\WdNisDrv.sys

CreationUtcTime: 2023-12-28 12:20:47.056

User: NT AUTHORITY\SYSTEM</Message>
      <Level>Information</Level>
      <Task>File created (rule: FileCreate)</Task>
      <Opcode>Info</Opcode>
    </RenderingInfo>
  </Event>
  
"
Microsoft-Windows-Sysmon/Operational,,,WinDev2309Eval,2023-12-28 12:20:47.056,,,,,,,,,11,9576,,,,C:\ProgramData\Microsoft\Windows Defender\Platform\4.18.23080.2006-0\MsMpEng.exe,,,0x8000000000000000,Information,,,"File created:

RuleName: -

UtcTime: 2023-12-28 12:20:47.056

ProcessGuid: {fda94052-34f3-658d-5800-000000000b00}

ProcessId: 3800

Image: C:\ProgramData\Microsoft\Windows Defender\Platform\4.18.23080.2006-0\MsMpEng.exe

TargetFilename: C:\ProgramData\Microsoft\Windows Defender\Platform\4.18.23110.3-0\Drivers\WdFilter.sys

CreationUtcTime: 2023-12-28 12:20:47.056

User: NT AUTHORITY\SYSTEM",Info,,,,,,,{fda94052-34f3-658d-5800-000000000b00},7044,3800,,,,,,"
      ",-,,,,,,2023-12-28T12:20:47.0648156Z,C:\ProgramData\Microsoft\Windows Defender\Platform\4.18.23110.3-0\Drivers\WdFilter.sys,,File created (rule: FileCreate),,6672,NT AUTHORITY\SYSTEM,S-1-5-18,2023-12-28 12:20:47.056,2,"<Event xmlns=""http://schemas.microsoft.com/win/2004/08/events/event"">
    <System>
      <Provider Name=""Microsoft-Windows-Sysmon"" Guid=""{5770385f-c22a-43e0-bf4c-06f5698ffbd9}""/>
      <EventID>11</EventID>
      <Version>2</Version>
      <Level>4</Level>
      <Task>11</Task>
      <Opcode>0</Opcode>
      <Keywords>0x8000000000000000</Keywords>
      <TimeCreated SystemTime=""2023-12-28T12:20:47.0648156Z""/>
      <EventRecordID>9576</EventRecordID>
      <Correlation/>
      <Execution ProcessID=""7044"" ThreadID=""6672""/>
      <Channel>Microsoft-Windows-Sysmon/Operational</Channel>
      <Computer>WinDev2309Eval</Computer>
      <Security UserID=""S-1-5-18""/>
    </System>
    <EventData>
      <Data Name=""RuleName"">-</Data>
      <Data Name=""UtcTime"">2023-12-28 12:20:47.056</Data>
      <Data Name=""ProcessGuid"">{fda94052-34f3-658d-5800-000000000b00}</Data>
      <Data Name=""ProcessId"">3800</Data>
      <Data Name=""Image"">C:\ProgramData\Microsoft\Windows Defender\Platform\4.18.23080.2006-0\MsMpEng.exe</Data>
      <Data Name=""TargetFilename"">C:\ProgramData\Microsoft\Windows Defender\Platform\4.18.23110.3-0\Drivers\WdFilter.sys</Data>
      <Data Name=""CreationUtcTime"">2023-12-28 12:20:47.056</Data>
      <Data Name=""User"">NT AUTHORITY\SYSTEM</Data>
    </EventData>
    <RenderingInfo Culture=""en-US"">
      <Message>File created:

RuleName: -

UtcTime: 2023-12-28 12:20:47.056

ProcessGuid: {fda94052-34f3-658d-5800-000000000b00}

ProcessId: 3800

Image: C:\ProgramData\Microsoft\Windows Defender\Platform\4.18.23080.2006-0\MsMpEng.exe

TargetFilename: C:\ProgramData\Microsoft\Windows Defender\Platform\4.18.23110.3-0\Drivers\WdFilter.sys

CreationUtcTime: 2023-12-28 12:20:47.056

User: NT AUTHORITY\SYSTEM</Message>
      <Level>Information</Level>
      <Task>File created (rule: FileCreate)</Task>
      <Opcode>Info</Opcode>
    </RenderingInfo>
  </Event>
  
"
Microsoft-Windows-Sysmon/Operational,,,WinDev2309Eval,2023-12-28 12:20:47.056,,,,,,,,,11,9575,,,,C:\ProgramData\Microsoft\Windows Defender\Platform\4.18.23080.2006-0\MsMpEng.exe,,,0x8000000000000000,Information,,,"File created:

RuleName: -

UtcTime: 2023-12-28 12:20:47.056

ProcessGuid: {fda94052-34f3-658d-5800-000000000b00}

ProcessId: 3800

Image: C:\ProgramData\Microsoft\Windows Defender\Platform\4.18.23080.2006-0\MsMpEng.exe

TargetFilename: C:\ProgramData\Microsoft\Windows Defender\Platform\4.18.23110.3-0\Drivers\WdDevFlt.sys

CreationUtcTime: 2023-12-28 12:20:47.056

User: NT AUTHORITY\SYSTEM",Info,,,,,,,{fda94052-34f3-658d-5800-000000000b00},7044,3800,,,,,,"
      ",-,,,,,,2023-12-28T12:20:47.0616995Z,C:\ProgramData\Microsoft\Windows Defender\Platform\4.18.23110.3-0\Drivers\WdDevFlt.sys,,File created (rule: FileCreate),,6672,NT AUTHORITY\SYSTEM,S-1-5-18,2023-12-28 12:20:47.056,2,"<Event xmlns=""http://schemas.microsoft.com/win/2004/08/events/event"">
    <System>
      <Provider Name=""Microsoft-Windows-Sysmon"" Guid=""{5770385f-c22a-43e0-bf4c-06f5698ffbd9}""/>
      <EventID>11</EventID>
      <Version>2</Version>
      <Level>4</Level>
      <Task>11</Task>
      <Opcode>0</Opcode>
      <Keywords>0x8000000000000000</Keywords>
      <TimeCreated SystemTime=""2023-12-28T12:20:47.0616995Z""/>
      <EventRecordID>9575</EventRecordID>
      <Correlation/>
      <Execution ProcessID=""7044"" ThreadID=""6672""/>
      <Channel>Microsoft-Windows-Sysmon/Operational</Channel>
      <Computer>WinDev2309Eval</Computer>
      <Security UserID=""S-1-5-18""/>
    </System>
    <EventData>
      <Data Name=""RuleName"">-</Data>
      <Data Name=""UtcTime"">2023-12-28 12:20:47.056</Data>
      <Data Name=""ProcessGuid"">{fda94052-34f3-658d-5800-000000000b00}</Data>
      <Data Name=""ProcessId"">3800</Data>
      <Data Name=""Image"">C:\ProgramData\Microsoft\Windows Defender\Platform\4.18.23080.2006-0\MsMpEng.exe</Data>
      <Data Name=""TargetFilename"">C:\ProgramData\Microsoft\Windows Defender\Platform\4.18.23110.3-0\Drivers\WdDevFlt.sys</Data>
      <Data Name=""CreationUtcTime"">2023-12-28 12:20:47.056</Data>
      <Data Name=""User"">NT AUTHORITY\SYSTEM</Data>
    </EventData>
    <RenderingInfo Culture=""en-US"">
      <Message>File created:

RuleName: -

UtcTime: 2023-12-28 12:20:47.056

ProcessGuid: {fda94052-34f3-658d-5800-000000000b00}

ProcessId: 3800

Image: C:\ProgramData\Microsoft\Windows Defender\Platform\4.18.23080.2006-0\MsMpEng.exe

TargetFilename: C:\ProgramData\Microsoft\Windows Defender\Platform\4.18.23110.3-0\Drivers\WdDevFlt.sys

CreationUtcTime: 2023-12-28 12:20:47.056

User: NT AUTHORITY\SYSTEM</Message>
      <Level>Information</Level>
      <Task>File created (rule: FileCreate)</Task>
      <Opcode>Info</Opcode>
    </RenderingInfo>
  </Event>
  
"
Microsoft-Windows-Sysmon/Operational,,,WinDev2309Eval,2023-12-28 12:20:47.056,,,,,,,,,11,9574,,,,C:\ProgramData\Microsoft\Windows Defender\Platform\4.18.23080.2006-0\MsMpEng.exe,,,0x8000000000000000,Information,,,"File created:

RuleName: -

UtcTime: 2023-12-28 12:20:47.056

ProcessGuid: {fda94052-34f3-658d-5800-000000000b00}

ProcessId: 3800

Image: C:\ProgramData\Microsoft\Windows Defender\Platform\4.18.23080.2006-0\MsMpEng.exe

TargetFilename: C:\ProgramData\Microsoft\Windows Defender\Platform\4.18.23110.3-0\Drivers\WdBoot.sys

CreationUtcTime: 2023-12-28 12:20:47.056

User: NT AUTHORITY\SYSTEM",Info,,,,,,,{fda94052-34f3-658d-5800-000000000b00},7044,3800,,,,,,"
      ",-,,,,,,2023-12-28T12:20:47.0587379Z,C:\ProgramData\Microsoft\Windows Defender\Platform\4.18.23110.3-0\Drivers\WdBoot.sys,,File created (rule: FileCreate),,6672,NT AUTHORITY\SYSTEM,S-1-5-18,2023-12-28 12:20:47.056,2,"<Event xmlns=""http://schemas.microsoft.com/win/2004/08/events/event"">
    <System>
      <Provider Name=""Microsoft-Windows-Sysmon"" Guid=""{5770385f-c22a-43e0-bf4c-06f5698ffbd9}""/>
      <EventID>11</EventID>
      <Version>2</Version>
      <Level>4</Level>
      <Task>11</Task>
      <Opcode>0</Opcode>
      <Keywords>0x8000000000000000</Keywords>
      <TimeCreated SystemTime=""2023-12-28T12:20:47.0587379Z""/>
      <EventRecordID>9574</EventRecordID>
      <Correlation/>
      <Execution ProcessID=""7044"" ThreadID=""6672""/>
      <Channel>Microsoft-Windows-Sysmon/Operational</Channel>
      <Computer>WinDev2309Eval</Computer>
      <Security UserID=""S-1-5-18""/>
    </System>
    <EventData>
      <Data Name=""RuleName"">-</Data>
      <Data Name=""UtcTime"">2023-12-28 12:20:47.056</Data>
      <Data Name=""ProcessGuid"">{fda94052-34f3-658d-5800-000000000b00}</Data>
      <Data Name=""ProcessId"">3800</Data>
      <Data Name=""Image"">C:\ProgramData\Microsoft\Windows Defender\Platform\4.18.23080.2006-0\MsMpEng.exe</Data>
      <Data Name=""TargetFilename"">C:\ProgramData\Microsoft\Windows Defender\Platform\4.18.23110.3-0\Drivers\WdBoot.sys</Data>
      <Data Name=""CreationUtcTime"">2023-12-28 12:20:47.056</Data>
      <Data Name=""User"">NT AUTHORITY\SYSTEM</Data>
    </EventData>
    <RenderingInfo Culture=""en-US"">
      <Message>File created:

RuleName: -

UtcTime: 2023-12-28 12:20:47.056

ProcessGuid: {fda94052-34f3-658d-5800-000000000b00}

ProcessId: 3800

Image: C:\ProgramData\Microsoft\Windows Defender\Platform\4.18.23080.2006-0\MsMpEng.exe

TargetFilename: C:\ProgramData\Microsoft\Windows Defender\Platform\4.18.23110.3-0\Drivers\WdBoot.sys

CreationUtcTime: 2023-12-28 12:20:47.056

User: NT AUTHORITY\SYSTEM</Message>
      <Level>Information</Level>
      <Task>File created (rule: FileCreate)</Task>
      <Opcode>Info</Opcode>
    </RenderingInfo>
  </Event>
  
"
Microsoft-Windows-Sysmon/Operational,,,WinDev2309Eval,2023-12-28 12:20:47.040,,,,,,,,,11,9573,,,,C:\ProgramData\Microsoft\Windows Defender\Platform\4.18.23080.2006-0\MsMpEng.exe,,,0x8000000000000000,Information,,,"File created:

RuleName: DLL

UtcTime: 2023-12-28 12:20:47.040

ProcessGuid: {fda94052-34f3-658d-5800-000000000b00}

ProcessId: 3800

Image: C:\ProgramData\Microsoft\Windows Defender\Platform\4.18.23080.2006-0\MsMpEng.exe

TargetFilename: C:\ProgramData\Microsoft\Windows Defender\Platform\4.18.23110.3-0\DefenderCSP.dll

CreationUtcTime: 2023-12-28 12:20:47.040

User: NT AUTHORITY\SYSTEM",Info,,,,,,,{fda94052-34f3-658d-5800-000000000b00},7044,3800,,,,,,"
      ",DLL,,,,,,2023-12-28T12:20:47.0423532Z,C:\ProgramData\Microsoft\Windows Defender\Platform\4.18.23110.3-0\DefenderCSP.dll,,File created (rule: FileCreate),,6672,NT AUTHORITY\SYSTEM,S-1-5-18,2023-12-28 12:20:47.040,2,"<Event xmlns=""http://schemas.microsoft.com/win/2004/08/events/event"">
    <System>
      <Provider Name=""Microsoft-Windows-Sysmon"" Guid=""{5770385f-c22a-43e0-bf4c-06f5698ffbd9}""/>
      <EventID>11</EventID>
      <Version>2</Version>
      <Level>4</Level>
      <Task>11</Task>
      <Opcode>0</Opcode>
      <Keywords>0x8000000000000000</Keywords>
      <TimeCreated SystemTime=""2023-12-28T12:20:47.0423532Z""/>
      <EventRecordID>9573</EventRecordID>
      <Correlation/>
      <Execution ProcessID=""7044"" ThreadID=""6672""/>
      <Channel>Microsoft-Windows-Sysmon/Operational</Channel>
      <Computer>WinDev2309Eval</Computer>
      <Security UserID=""S-1-5-18""/>
    </System>
    <EventData>
      <Data Name=""RuleName"">DLL</Data>
      <Data Name=""UtcTime"">2023-12-28 12:20:47.040</Data>
      <Data Name=""ProcessGuid"">{fda94052-34f3-658d-5800-000000000b00}</Data>
      <Data Name=""ProcessId"">3800</Data>
      <Data Name=""Image"">C:\ProgramData\Microsoft\Windows Defender\Platform\4.18.23080.2006-0\MsMpEng.exe</Data>
      <Data Name=""TargetFilename"">C:\ProgramData\Microsoft\Windows Defender\Platform\4.18.23110.3-0\DefenderCSP.dll</Data>
      <Data Name=""CreationUtcTime"">2023-12-28 12:20:47.040</Data>
      <Data Name=""User"">NT AUTHORITY\SYSTEM</Data>
    </EventData>
    <RenderingInfo Culture=""en-US"">
      <Message>File created:

RuleName: DLL

UtcTime: 2023-12-28 12:20:47.040

ProcessGuid: {fda94052-34f3-658d-5800-000000000b00}

ProcessId: 3800

Image: C:\ProgramData\Microsoft\Windows Defender\Platform\4.18.23080.2006-0\MsMpEng.exe

TargetFilename: C:\ProgramData\Microsoft\Windows Defender\Platform\4.18.23110.3-0\DefenderCSP.dll

CreationUtcTime: 2023-12-28 12:20:47.040

User: NT AUTHORITY\SYSTEM</Message>
      <Level>Information</Level>
      <Task>File created (rule: FileCreate)</Task>
      <Opcode>Info</Opcode>
    </RenderingInfo>
  </Event>
  
"
Microsoft-Windows-Sysmon/Operational,,,WinDev2309Eval,2023-12-28 12:20:47.025,,,,,,,,,11,9572,,,,C:\ProgramData\Microsoft\Windows Defender\Platform\4.18.23080.2006-0\MsMpEng.exe,,,0x8000000000000000,Information,,,"File created:

RuleName: EXE

UtcTime: 2023-12-28 12:20:47.025

ProcessGuid: {fda94052-34f3-658d-5800-000000000b00}

ProcessId: 3800

Image: C:\ProgramData\Microsoft\Windows Defender\Platform\4.18.23080.2006-0\MsMpEng.exe

TargetFilename: C:\ProgramData\Microsoft\Windows Defender\Platform\4.18.23110.3-0\MpDlpService.exe

CreationUtcTime: 2023-12-28 12:20:47.025

User: NT AUTHORITY\SYSTEM",Info,,,,,,,{fda94052-34f3-658d-5800-000000000b00},7044,3800,,,,,,"
      ",EXE,,,,,,2023-12-28T12:20:47.0373831Z,C:\ProgramData\Microsoft\Windows Defender\Platform\4.18.23110.3-0\MpDlpService.exe,,File created (rule: FileCreate),,6672,NT AUTHORITY\SYSTEM,S-1-5-18,2023-12-28 12:20:47.025,2,"<Event xmlns=""http://schemas.microsoft.com/win/2004/08/events/event"">
    <System>
      <Provider Name=""Microsoft-Windows-Sysmon"" Guid=""{5770385f-c22a-43e0-bf4c-06f5698ffbd9}""/>
      <EventID>11</EventID>
      <Version>2</Version>
      <Level>4</Level>
      <Task>11</Task>
      <Opcode>0</Opcode>
      <Keywords>0x8000000000000000</Keywords>
      <TimeCreated SystemTime=""2023-12-28T12:20:47.0373831Z""/>
      <EventRecordID>9572</EventRecordID>
      <Correlation/>
      <Execution ProcessID=""7044"" ThreadID=""6672""/>
      <Channel>Microsoft-Windows-Sysmon/Operational</Channel>
      <Computer>WinDev2309Eval</Computer>
      <Security UserID=""S-1-5-18""/>
    </System>
    <EventData>
      <Data Name=""RuleName"">EXE</Data>
      <Data Name=""UtcTime"">2023-12-28 12:20:47.025</Data>
      <Data Name=""ProcessGuid"">{fda94052-34f3-658d-5800-000000000b00}</Data>
      <Data Name=""ProcessId"">3800</Data>
      <Data Name=""Image"">C:\ProgramData\Microsoft\Windows Defender\Platform\4.18.23080.2006-0\MsMpEng.exe</Data>
      <Data Name=""TargetFilename"">C:\ProgramData\Microsoft\Windows Defender\Platform\4.18.23110.3-0\MpDlpService.exe</Data>
      <Data Name=""CreationUtcTime"">2023-12-28 12:20:47.025</Data>
      <Data Name=""User"">NT AUTHORITY\SYSTEM</Data>
    </EventData>
    <RenderingInfo Culture=""en-US"">
      <Message>File created:

RuleName: EXE

UtcTime: 2023-12-28 12:20:47.025

ProcessGuid: {fda94052-34f3-658d-5800-000000000b00}

ProcessId: 3800

Image: C:\ProgramData\Microsoft\Windows Defender\Platform\4.18.23080.2006-0\MsMpEng.exe

TargetFilename: C:\ProgramData\Microsoft\Windows Defender\Platform\4.18.23110.3-0\MpDlpService.exe

CreationUtcTime: 2023-12-28 12:20:47.025

User: NT AUTHORITY\SYSTEM</Message>
      <Level>Information</Level>
      <Task>File created (rule: FileCreate)</Task>
      <Opcode>Info</Opcode>
    </RenderingInfo>
  </Event>
  
"
