Microsoft-Windows-Sysmon/Operational,"""C:\ProgramData\Microsoft\Windows Defender\Platform\4.18.23080.2006-0\MpCmdRun.exe"" -RestartService",Microsoft Corporation,WinDev2309Eval,,C:\Windows\system32\,Microsoft Malware Protection Command Line Utility,,,,,,,1,9665,,4.18.23080.2006 (04d8e871ffe7ba6b2204046883e1ad9b7a5989ce),"MD5=4DBD7A0D3DF01128C9966DE2072EFAC5,SHA256=04AA184A37C0C30DB3EBE16626364414E836C240FA2AC059E04407037E9B080F,IMPHASH=8AA0C0E61F2EE1898A0D0A413C238D40",C:\ProgramData\Microsoft\Windows Defender\Platform\4.18.23080.2006-0\MpCmdRun.exe,,System,0x8000000000000000,Information,{fda94052-34eb-658d-e703-000000000000},0x3e7,"Process Create:

RuleName: -

UtcTime: 2023-12-28 12:20:51.968

ProcessGuid: {fda94052-6823-658d-9e02-000000000b00}

ProcessId: 8400

Image: C:\ProgramData\Microsoft\Windows Defender\Platform\4.18.23080.2006-0\MpCmdRun.exe

FileVersion: 4.18.23080.2006 (04d8e871ffe7ba6b2204046883e1ad9b7a5989ce)

Description: Microsoft Malware Protection Command Line Utility

Product: Microsoft® Windows® Operating System

Company: Microsoft Corporation

OriginalFileName: MpCmdRun.exe

CommandLine: ""C:\ProgramData\Microsoft\Windows Defender\Platform\4.18.23080.2006-0\MpCmdRun.exe"" -RestartService

CurrentDirectory: C:\Windows\system32\

User: NT AUTHORITY\SYSTEM

LogonGuid: {fda94052-34eb-658d-e703-000000000000}

LogonId: 0x3E7

TerminalSessionId: 0

IntegrityLevel: System

Hashes: MD5=4DBD7A0D3DF01128C9966DE2072EFAC5,SHA256=04AA184A37C0C30DB3EBE16626364414E836C240FA2AC059E04407037E9B080F,IMPHASH=8AA0C0E61F2EE1898A0D0A413C238D40

ParentProcessGuid: {fda94052-6820-658d-8002-000000000b00}

ParentProcessId: 4700

ParentImage: C:\ProgramData\Microsoft\Windows Defender\Platform\4.18.23080.2006-0\MsMpEng.exe

ParentCommandLine: ""C:\ProgramData\Microsoft\Windows Defender\Platform\4.18.23080.2006-0\MsMpEng.exe""

ParentUser: NT AUTHORITY\SYSTEM",Info,MpCmdRun.exe,"""C:\ProgramData\Microsoft\Windows Defender\Platform\4.18.23080.2006-0\MsMpEng.exe""",C:\ProgramData\Microsoft\Windows Defender\Platform\4.18.23080.2006-0\MsMpEng.exe,{fda94052-6820-658d-8002-000000000b00},4700,NT AUTHORITY\SYSTEM,{fda94052-6823-658d-9e02-000000000b00},7044,8400,Microsoft® Windows® Operating System,,,,,"
      ",-,,,,,,2023-12-28T12:20:51.9697594Z,,,Process Create (rule: ProcessCreate),0,6672,NT AUTHORITY\SYSTEM,S-1-5-18,2023-12-28 12:20:51.968,5,"<Event xmlns=""http://schemas.microsoft.com/win/2004/08/events/event"">
    <System>
      <Provider Name=""Microsoft-Windows-Sysmon"" Guid=""{5770385f-c22a-43e0-bf4c-06f5698ffbd9}""/>
      <EventID>1</EventID>
      <Version>5</Version>
      <Level>4</Level>
      <Task>1</Task>
      <Opcode>0</Opcode>
      <Keywords>0x8000000000000000</Keywords>
      <TimeCreated SystemTime=""2023-12-28T12:20:51.9697594Z""/>
      <EventRecordID>9665</EventRecordID>
      <Correlation/>
      <Execution ProcessID=""7044"" ThreadID=""6672""/>
      <Channel>Microsoft-Windows-Sysmon/Operational</Channel>
      <Computer>WinDev2309Eval</Computer>
      <Security UserID=""S-1-5-18""/>
    </System>
    <EventData>
      <Data Name=""RuleName"">-</Data>
      <Data Name=""UtcTime"">2023-12-28 12:20:51.968</Data>
      <Data Name=""ProcessGuid"">{fda94052-6823-658d-9e02-000000000b00}</Data>
      <Data Name=""ProcessId"">8400</Data>
      <Data Name=""Image"">C:\ProgramData\Microsoft\Windows Defender\Platform\4.18.23080.2006-0\MpCmdRun.exe</Data>
      <Data Name=""FileVersion"">4.18.23080.2006 (04d8e871ffe7ba6b2204046883e1ad9b7a5989ce)</Data>
      <Data Name=""Description"">Microsoft Malware Protection Command Line Utility</Data>
      <Data Name=""Product"">Microsoft&#174; Windows&#174; Operating System</Data>
      <Data Name=""Company"">Microsoft Corporation</Data>
      <Data Name=""OriginalFileName"">MpCmdRun.exe</Data>
      <Data Name=""CommandLine"">""C:\ProgramData\Microsoft\Windows Defender\Platform\4.18.23080.2006-0\MpCmdRun.exe"" -RestartService</Data>
      <Data Name=""CurrentDirectory"">C:\Windows\system32\</Data>
      <Data Name=""User"">NT AUTHORITY\SYSTEM</Data>
      <Data Name=""LogonGuid"">{fda94052-34eb-658d-e703-000000000000}</Data>
      <Data Name=""LogonId"">0x3e7</Data>
      <Data Name=""TerminalSessionId"">0</Data>
      <Data Name=""IntegrityLevel"">System</Data>
      <Data Name=""Hashes"">MD5=4DBD7A0D3DF01128C9966DE2072EFAC5,SHA256=04AA184A37C0C30DB3EBE16626364414E836C240FA2AC059E04407037E9B080F,IMPHASH=8AA0C0E61F2EE1898A0D0A413C238D40</Data>
      <Data Name=""ParentProcessGuid"">{fda94052-6820-658d-8002-000000000b00}</Data>
      <Data Name=""ParentProcessId"">4700</Data>
      <Data Name=""ParentImage"">C:\ProgramData\Microsoft\Windows Defender\Platform\4.18.23080.2006-0\MsMpEng.exe</Data>
      <Data Name=""ParentCommandLine"">""C:\ProgramData\Microsoft\Windows Defender\Platform\4.18.23080.2006-0\MsMpEng.exe""</Data>
      <Data Name=""ParentUser"">NT AUTHORITY\SYSTEM</Data>
    </EventData>
    <RenderingInfo Culture=""en-US"">
      <Message>Process Create:

RuleName: -

UtcTime: 2023-12-28 12:20:51.968

ProcessGuid: {fda94052-6823-658d-9e02-000000000b00}

ProcessId: 8400

Image: C:\ProgramData\Microsoft\Windows Defender\Platform\4.18.23080.2006-0\MpCmdRun.exe

FileVersion: 4.18.23080.2006 (04d8e871ffe7ba6b2204046883e1ad9b7a5989ce)

Description: Microsoft Malware Protection Command Line Utility

Product: Microsoft&#174; Windows&#174; Operating System

Company: Microsoft Corporation

OriginalFileName: MpCmdRun.exe

CommandLine: ""C:\ProgramData\Microsoft\Windows Defender\Platform\4.18.23080.2006-0\MpCmdRun.exe"" -RestartService

CurrentDirectory: C:\Windows\system32\

User: NT AUTHORITY\SYSTEM

LogonGuid: {fda94052-34eb-658d-e703-000000000000}

LogonId: 0x3E7

TerminalSessionId: 0

IntegrityLevel: System

Hashes: MD5=4DBD7A0D3DF01128C9966DE2072EFAC5,SHA256=04AA184A37C0C30DB3EBE16626364414E836C240FA2AC059E04407037E9B080F,IMPHASH=8AA0C0E61F2EE1898A0D0A413C238D40

ParentProcessGuid: {fda94052-6820-658d-8002-000000000b00}

ParentProcessId: 4700

ParentImage: C:\ProgramData\Microsoft\Windows Defender\Platform\4.18.23080.2006-0\MsMpEng.exe

ParentCommandLine: ""C:\ProgramData\Microsoft\Windows Defender\Platform\4.18.23080.2006-0\MsMpEng.exe""

ParentUser: NT AUTHORITY\SYSTEM</Message>
      <Level>Information</Level>
      <Task>Process Create (rule: ProcessCreate)</Task>
      <Opcode>Info</Opcode>
    </RenderingInfo>
  </Event>
  
"
Microsoft-Windows-Sysmon/Operational,,,WinDev2309Eval,,,,,,,,,"""C:\ProgramData\Microsoft\Windows Defender\Platform\4.18.23110.3-0\MsMpEng.exe""",13,9664,SetValue,,,C:\Windows\system32\services.exe,,,0x8000000000000000,Information,,,"Registry value set:

RuleName: T1031,T1050

EventType: SetValue

UtcTime: 2023-12-28 12:20:51.951

ProcessGuid: {fda94052-34eb-658d-0b00-000000000b00}

ProcessId: 788

Image: C:\Windows\system32\services.exe

TargetObject: HKLM\System\CurrentControlSet\Services\WinDefend\ImagePath

Details: ""C:\ProgramData\Microsoft\Windows Defender\Platform\4.18.23110.3-0\MsMpEng.exe""

User: NT AUTHORITY\SYSTEM",Info,,,,,,,{fda94052-34eb-658d-0b00-000000000b00},7044,788,,,,,,"
      ","T1031,T1050",,,,,,2023-12-28T12:20:51.9672310Z,,HKLM\System\CurrentControlSet\Services\WinDefend\ImagePath,Registry value set (rule: RegistryEvent),,6672,NT AUTHORITY\SYSTEM,S-1-5-18,2023-12-28 12:20:51.951,2,"<Event xmlns=""http://schemas.microsoft.com/win/2004/08/events/event"">
    <System>
      <Provider Name=""Microsoft-Windows-Sysmon"" Guid=""{5770385f-c22a-43e0-bf4c-06f5698ffbd9}""/>
      <EventID>13</EventID>
      <Version>2</Version>
      <Level>4</Level>
      <Task>13</Task>
      <Opcode>0</Opcode>
      <Keywords>0x8000000000000000</Keywords>
      <TimeCreated SystemTime=""2023-12-28T12:20:51.9672310Z""/>
      <EventRecordID>9664</EventRecordID>
      <Correlation/>
      <Execution ProcessID=""7044"" ThreadID=""6672""/>
      <Channel>Microsoft-Windows-Sysmon/Operational</Channel>
      <Computer>WinDev2309Eval</Computer>
      <Security UserID=""S-1-5-18""/>
    </System>
    <EventData>
      <Data Name=""RuleName"">T1031,T1050</Data>
      <Data Name=""EventType"">SetValue</Data>
      <Data Name=""UtcTime"">2023-12-28 12:20:51.951</Data>
      <Data Name=""ProcessGuid"">{fda94052-34eb-658d-0b00-000000000b00}</Data>
      <Data Name=""ProcessId"">788</Data>
      <Data Name=""Image"">C:\Windows\system32\services.exe</Data>
      <Data Name=""TargetObject"">HKLM\System\CurrentControlSet\Services\WinDefend\ImagePath</Data>
      <Data Name=""Details"">""C:\ProgramData\Microsoft\Windows Defender\Platform\4.18.23110.3-0\MsMpEng.exe""</Data>
      <Data Name=""User"">NT AUTHORITY\SYSTEM</Data>
    </EventData>
    <RenderingInfo Culture=""en-US"">
      <Message>Registry value set:

RuleName: T1031,T1050

EventType: SetValue

UtcTime: 2023-12-28 12:20:51.951

ProcessGuid: {fda94052-34eb-658d-0b00-000000000b00}

ProcessId: 788

Image: C:\Windows\system32\services.exe

TargetObject: HKLM\System\CurrentControlSet\Services\WinDefend\ImagePath

Details: ""C:\ProgramData\Microsoft\Windows Defender\Platform\4.18.23110.3-0\MsMpEng.exe""

User: NT AUTHORITY\SYSTEM</Message>
      <Level>Information</Level>
      <Task>Registry value set (rule: RegistryEvent)</Task>
      <Opcode>Info</Opcode>
    </RenderingInfo>
  </Event>
  
"
Microsoft-Windows-Sysmon/Operational,"C:\Windows\system32\taskkill.exe /f /FI ""MODULES eq protectionmanagement.dll"" /IM WmiPrvSE.exe",Microsoft Corporation,WinDev2309Eval,,C:\Windows\system32\,Terminates Processes,,,,,,,1,9663,,10.0.22621.1 (WinBuild.160101.0800),"MD5=050ED22BB515A81ED6FC73D042CE5DB4,SHA256=75F4AED9BF21D8F9B2B1A2DDBC1F2C7E4E0AEF8B3B94BD5EDA02D9D84C34F33F,IMPHASH=86AA9A65A9C8E606B1E09C96AE58BACC",C:\Windows\System32\taskkill.exe,,System,0x8000000000000000,Information,{fda94052-34eb-658d-e703-000000000000},0x3e7,"Process Create:

RuleName: -

UtcTime: 2023-12-28 12:20:51.843

ProcessGuid: {fda94052-6823-658d-9c02-000000000b00}

ProcessId: 3028

Image: C:\Windows\System32\taskkill.exe

FileVersion: 10.0.22621.1 (WinBuild.160101.0800)

Description: Terminates Processes

Product: Microsoft® Windows® Operating System

Company: Microsoft Corporation

OriginalFileName: taskkill.exe

CommandLine: C:\Windows\system32\taskkill.exe /f /FI ""MODULES eq protectionmanagement.dll"" /IM WmiPrvSE.exe

CurrentDirectory: C:\Windows\system32\

User: NT AUTHORITY\SYSTEM

LogonGuid: {fda94052-34eb-658d-e703-000000000000}

LogonId: 0x3E7

TerminalSessionId: 0

IntegrityLevel: System

Hashes: MD5=050ED22BB515A81ED6FC73D042CE5DB4,SHA256=75F4AED9BF21D8F9B2B1A2DDBC1F2C7E4E0AEF8B3B94BD5EDA02D9D84C34F33F,IMPHASH=86AA9A65A9C8E606B1E09C96AE58BACC

ParentProcessGuid: {fda94052-6820-658d-8002-000000000b00}

ParentProcessId: 4700

ParentImage: C:\ProgramData\Microsoft\Windows Defender\Platform\4.18.23080.2006-0\MsMpEng.exe

ParentCommandLine: ""C:\ProgramData\Microsoft\Windows Defender\Platform\4.18.23080.2006-0\MsMpEng.exe""

ParentUser: NT AUTHORITY\SYSTEM",Info,taskkill.exe,"""C:\ProgramData\Microsoft\Windows Defender\Platform\4.18.23080.2006-0\MsMpEng.exe""",C:\ProgramData\Microsoft\Windows Defender\Platform\4.18.23080.2006-0\MsMpEng.exe,{fda94052-6820-658d-8002-000000000b00},4700,NT AUTHORITY\SYSTEM,{fda94052-6823-658d-9c02-000000000b00},7044,3028,Microsoft® Windows® Operating System,,,,,"
      ",-,,,,,,2023-12-28T12:20:51.8458110Z,,,Process Create (rule: ProcessCreate),0,6672,NT AUTHORITY\SYSTEM,S-1-5-18,2023-12-28 12:20:51.843,5,"<Event xmlns=""http://schemas.microsoft.com/win/2004/08/events/event"">
    <System>
      <Provider Name=""Microsoft-Windows-Sysmon"" Guid=""{5770385f-c22a-43e0-bf4c-06f5698ffbd9}""/>
      <EventID>1</EventID>
      <Version>5</Version>
      <Level>4</Level>
      <Task>1</Task>
      <Opcode>0</Opcode>
      <Keywords>0x8000000000000000</Keywords>
      <TimeCreated SystemTime=""2023-12-28T12:20:51.8458110Z""/>
      <EventRecordID>9663</EventRecordID>
      <Correlation/>
      <Execution ProcessID=""7044"" ThreadID=""6672""/>
      <Channel>Microsoft-Windows-Sysmon/Operational</Channel>
      <Computer>WinDev2309Eval</Computer>
      <Security UserID=""S-1-5-18""/>
    </System>
    <EventData>
      <Data Name=""RuleName"">-</Data>
      <Data Name=""UtcTime"">2023-12-28 12:20:51.843</Data>
      <Data Name=""ProcessGuid"">{fda94052-6823-658d-9c02-000000000b00}</Data>
      <Data Name=""ProcessId"">3028</Data>
      <Data Name=""Image"">C:\Windows\System32\taskkill.exe</Data>
      <Data Name=""FileVersion"">10.0.22621.1 (WinBuild.160101.0800)</Data>
      <Data Name=""Description"">Terminates Processes</Data>
      <Data Name=""Product"">Microsoft&#174; Windows&#174; Operating System</Data>
      <Data Name=""Company"">Microsoft Corporation</Data>
      <Data Name=""OriginalFileName"">taskkill.exe</Data>
      <Data Name=""CommandLine"">C:\Windows\system32\taskkill.exe /f /FI ""MODULES eq protectionmanagement.dll"" /IM WmiPrvSE.exe</Data>
      <Data Name=""CurrentDirectory"">C:\Windows\system32\</Data>
      <Data Name=""User"">NT AUTHORITY\SYSTEM</Data>
      <Data Name=""LogonGuid"">{fda94052-34eb-658d-e703-000000000000}</Data>
      <Data Name=""LogonId"">0x3e7</Data>
      <Data Name=""TerminalSessionId"">0</Data>
      <Data Name=""IntegrityLevel"">System</Data>
      <Data Name=""Hashes"">MD5=050ED22BB515A81ED6FC73D042CE5DB4,SHA256=75F4AED9BF21D8F9B2B1A2DDBC1F2C7E4E0AEF8B3B94BD5EDA02D9D84C34F33F,IMPHASH=86AA9A65A9C8E606B1E09C96AE58BACC</Data>
      <Data Name=""ParentProcessGuid"">{fda94052-6820-658d-8002-000000000b00}</Data>
      <Data Name=""ParentProcessId"">4700</Data>
      <Data Name=""ParentImage"">C:\ProgramData\Microsoft\Windows Defender\Platform\4.18.23080.2006-0\MsMpEng.exe</Data>
      <Data Name=""ParentCommandLine"">""C:\ProgramData\Microsoft\Windows Defender\Platform\4.18.23080.2006-0\MsMpEng.exe""</Data>
      <Data Name=""ParentUser"">NT AUTHORITY\SYSTEM</Data>
    </EventData>
    <RenderingInfo Culture=""en-US"">
      <Message>Process Create:

RuleName: -

UtcTime: 2023-12-28 12:20:51.843

ProcessGuid: {fda94052-6823-658d-9c02-000000000b00}

ProcessId: 3028

Image: C:\Windows\System32\taskkill.exe

FileVersion: 10.0.22621.1 (WinBuild.160101.0800)

Description: Terminates Processes

Product: Microsoft&#174; Windows&#174; Operating System

Company: Microsoft Corporation

OriginalFileName: taskkill.exe

CommandLine: C:\Windows\system32\taskkill.exe /f /FI ""MODULES eq protectionmanagement.dll"" /IM WmiPrvSE.exe

CurrentDirectory: C:\Windows\system32\

User: NT AUTHORITY\SYSTEM

LogonGuid: {fda94052-34eb-658d-e703-000000000000}

LogonId: 0x3E7

TerminalSessionId: 0

IntegrityLevel: System

Hashes: MD5=050ED22BB515A81ED6FC73D042CE5DB4,SHA256=75F4AED9BF21D8F9B2B1A2DDBC1F2C7E4E0AEF8B3B94BD5EDA02D9D84C34F33F,IMPHASH=86AA9A65A9C8E606B1E09C96AE58BACC

ParentProcessGuid: {fda94052-6820-658d-8002-000000000b00}

ParentProcessId: 4700

ParentImage: C:\ProgramData\Microsoft\Windows Defender\Platform\4.18.23080.2006-0\MsMpEng.exe

ParentCommandLine: ""C:\ProgramData\Microsoft\Windows Defender\Platform\4.18.23080.2006-0\MsMpEng.exe""

ParentUser: NT AUTHORITY\SYSTEM</Message>
      <Level>Information</Level>
      <Task>Process Create (rule: ProcessCreate)</Task>
      <Opcode>Info</Opcode>
    </RenderingInfo>
  </Event>
  
"
Microsoft-Windows-Sysmon/Operational,,,WinDev2309Eval,,,,,,,,,"""%%ProgramData%%\Microsoft\Windows Defender\Platform\4.18.23110.3-0\ProtectionManagement.dll""",13,9662,SetValue,,,C:\ProgramData\Microsoft\Windows Defender\Platform\4.18.23080.2006-0\MsMpEng.exe,,,0x8000000000000000,Information,,,"Registry value set:

RuleName: T1122

EventType: SetValue

UtcTime: 2023-12-28 12:20:51.827

ProcessGuid: {fda94052-6820-658d-8002-000000000b00}

ProcessId: 4700

Image: C:\ProgramData\Microsoft\Windows Defender\Platform\4.18.23080.2006-0\MsMpEng.exe

TargetObject: HKCR\CLSID\{A7C452EF-8E9F-42EB-9F2B-245613CA0DC9}\InprocServer32\(Default)

Details: ""%%ProgramData%%\Microsoft\Windows Defender\Platform\4.18.23110.3-0\ProtectionManagement.dll""

User: NT AUTHORITY\SYSTEM",Info,,,,,,,{fda94052-6820-658d-8002-000000000b00},7044,4700,,,,,,"
      ",T1122,,,,,,2023-12-28T12:20:51.8421701Z,,HKCR\CLSID\{A7C452EF-8E9F-42EB-9F2B-245613CA0DC9}\InprocServer32\(Default),Registry value set (rule: RegistryEvent),,6672,NT AUTHORITY\SYSTEM,S-1-5-18,2023-12-28 12:20:51.827,2,"<Event xmlns=""http://schemas.microsoft.com/win/2004/08/events/event"">
    <System>
      <Provider Name=""Microsoft-Windows-Sysmon"" Guid=""{5770385f-c22a-43e0-bf4c-06f5698ffbd9}""/>
      <EventID>13</EventID>
      <Version>2</Version>
      <Level>4</Level>
      <Task>13</Task>
      <Opcode>0</Opcode>
      <Keywords>0x8000000000000000</Keywords>
      <TimeCreated SystemTime=""2023-12-28T12:20:51.8421701Z""/>
      <EventRecordID>9662</EventRecordID>
      <Correlation/>
      <Execution ProcessID=""7044"" ThreadID=""6672""/>
      <Channel>Microsoft-Windows-Sysmon/Operational</Channel>
      <Computer>WinDev2309Eval</Computer>
      <Security UserID=""S-1-5-18""/>
    </System>
    <EventData>
      <Data Name=""RuleName"">T1122</Data>
      <Data Name=""EventType"">SetValue</Data>
      <Data Name=""UtcTime"">2023-12-28 12:20:51.827</Data>
      <Data Name=""ProcessGuid"">{fda94052-6820-658d-8002-000000000b00}</Data>
      <Data Name=""ProcessId"">4700</Data>
      <Data Name=""Image"">C:\ProgramData\Microsoft\Windows Defender\Platform\4.18.23080.2006-0\MsMpEng.exe</Data>
      <Data Name=""TargetObject"">HKCR\CLSID\{A7C452EF-8E9F-42EB-9F2B-245613CA0DC9}\InprocServer32\(Default)</Data>
      <Data Name=""Details"">""%%ProgramData%%\Microsoft\Windows Defender\Platform\4.18.23110.3-0\ProtectionManagement.dll""</Data>
      <Data Name=""User"">NT AUTHORITY\SYSTEM</Data>
    </EventData>
    <RenderingInfo Culture=""en-US"">
      <Message>Registry value set:

RuleName: T1122

EventType: SetValue

UtcTime: 2023-12-28 12:20:51.827

ProcessGuid: {fda94052-6820-658d-8002-000000000b00}

ProcessId: 4700

Image: C:\ProgramData\Microsoft\Windows Defender\Platform\4.18.23080.2006-0\MsMpEng.exe

TargetObject: HKCR\CLSID\{A7C452EF-8E9F-42EB-9F2B-245613CA0DC9}\InprocServer32\(Default)

Details: ""%%ProgramData%%\Microsoft\Windows Defender\Platform\4.18.23110.3-0\ProtectionManagement.dll""

User: NT AUTHORITY\SYSTEM</Message>
      <Level>Information</Level>
      <Task>Registry value set (rule: RegistryEvent)</Task>
      <Opcode>Info</Opcode>
    </RenderingInfo>
  </Event>
  
"
Microsoft-Windows-Sysmon/Operational,,,WinDev2309Eval,2023-12-28 12:20:51.811,,,,,,,,,11,9661,,,,C:\Windows\system32\wbem\mofcomp.exe,,,0x8000000000000000,Information,,,"File created:

RuleName: -

UtcTime: 2023-12-28 12:20:51.811

ProcessGuid: {fda94052-6823-658d-9a02-000000000b00}

ProcessId: 11164

Image: C:\Windows\system32\wbem\mofcomp.exe

TargetFilename: C:\Windows\System32\wbem\AutoRecover\063CE022A70E14EDFD01DBA7EA6BF4B2.mof

CreationUtcTime: 2023-12-28 12:20:51.811

User: NT AUTHORITY\SYSTEM",Info,,,,,,,{fda94052-6823-658d-9a02-000000000b00},7044,11164,,,,,,"
      ",-,,,,,,2023-12-28T12:20:51.8254505Z,C:\Windows\System32\wbem\AutoRecover\063CE022A70E14EDFD01DBA7EA6BF4B2.mof,,File created (rule: FileCreate),,6672,NT AUTHORITY\SYSTEM,S-1-5-18,2023-12-28 12:20:51.811,2,"<Event xmlns=""http://schemas.microsoft.com/win/2004/08/events/event"">
    <System>
      <Provider Name=""Microsoft-Windows-Sysmon"" Guid=""{5770385f-c22a-43e0-bf4c-06f5698ffbd9}""/>
      <EventID>11</EventID>
      <Version>2</Version>
      <Level>4</Level>
      <Task>11</Task>
      <Opcode>0</Opcode>
      <Keywords>0x8000000000000000</Keywords>
      <TimeCreated SystemTime=""2023-12-28T12:20:51.8254505Z""/>
      <EventRecordID>9661</EventRecordID>
      <Correlation/>
      <Execution ProcessID=""7044"" ThreadID=""6672""/>
      <Channel>Microsoft-Windows-Sysmon/Operational</Channel>
      <Computer>WinDev2309Eval</Computer>
      <Security UserID=""S-1-5-18""/>
    </System>
    <EventData>
      <Data Name=""RuleName"">-</Data>
      <Data Name=""UtcTime"">2023-12-28 12:20:51.811</Data>
      <Data Name=""ProcessGuid"">{fda94052-6823-658d-9a02-000000000b00}</Data>
      <Data Name=""ProcessId"">11164</Data>
      <Data Name=""Image"">C:\Windows\system32\wbem\mofcomp.exe</Data>
      <Data Name=""TargetFilename"">C:\Windows\System32\wbem\AutoRecover\063CE022A70E14EDFD01DBA7EA6BF4B2.mof</Data>
      <Data Name=""CreationUtcTime"">2023-12-28 12:20:51.811</Data>
      <Data Name=""User"">NT AUTHORITY\SYSTEM</Data>
    </EventData>
    <RenderingInfo Culture=""en-US"">
      <Message>File created:

RuleName: -

UtcTime: 2023-12-28 12:20:51.811

ProcessGuid: {fda94052-6823-658d-9a02-000000000b00}

ProcessId: 11164

Image: C:\Windows\system32\wbem\mofcomp.exe

TargetFilename: C:\Windows\System32\wbem\AutoRecover\063CE022A70E14EDFD01DBA7EA6BF4B2.mof

CreationUtcTime: 2023-12-28 12:20:51.811

User: NT AUTHORITY\SYSTEM</Message>
      <Level>Information</Level>
      <Task>File created (rule: FileCreate)</Task>
      <Opcode>Info</Opcode>
    </RenderingInfo>
  </Event>
  
"
Microsoft-Windows-Sysmon/Operational,"C:\Windows\system32\wbem\mofcomp.exe ""C:\ProgramData\Microsoft\Windows Defender\Platform\4.18.23110.3-0\ProtectionManagement.mof""",Microsoft Corporation,WinDev2309Eval,,C:\Windows\system32\,The Managed Object Format (MOF) Compiler ,,,,,,,1,9660,,10.0.22621.2070 (WinBuild.160101.0800),"MD5=95C59F226E1EF93F96CB53240C672CE1,SHA256=1A590222D4A519987D45EC2AC9E717DEAFD543087E08B2E62A27D896C6B9FB7F,IMPHASH=33E29380499B6B413B576B5B4927D346",C:\Windows\System32\wbem\mofcomp.exe,,System,0x8000000000000000,Information,{fda94052-34eb-658d-e703-000000000000},0x3e7,"Process Create:

RuleName: -

UtcTime: 2023-12-28 12:20:51.630

ProcessGuid: {fda94052-6823-658d-9a02-000000000b00}

ProcessId: 11164

Image: C:\Windows\System32\wbem\mofcomp.exe

FileVersion: 10.0.22621.2070 (WinBuild.160101.0800)

Description: The Managed Object Format (MOF) Compiler 

Product: Microsoft® Windows® Operating System

Company: Microsoft Corporation

OriginalFileName: mofcomp.exe

CommandLine: C:\Windows\system32\wbem\mofcomp.exe ""C:\ProgramData\Microsoft\Windows Defender\Platform\4.18.23110.3-0\ProtectionManagement.mof""

CurrentDirectory: C:\Windows\system32\

User: NT AUTHORITY\SYSTEM

LogonGuid: {fda94052-34eb-658d-e703-000000000000}

LogonId: 0x3E7

TerminalSessionId: 0

IntegrityLevel: System

Hashes: MD5=95C59F226E1EF93F96CB53240C672CE1,SHA256=1A590222D4A519987D45EC2AC9E717DEAFD543087E08B2E62A27D896C6B9FB7F,IMPHASH=33E29380499B6B413B576B5B4927D346

ParentProcessGuid: {fda94052-6820-658d-8002-000000000b00}

ParentProcessId: 4700

ParentImage: C:\ProgramData\Microsoft\Windows Defender\Platform\4.18.23080.2006-0\MsMpEng.exe

ParentCommandLine: ""C:\ProgramData\Microsoft\Windows Defender\Platform\4.18.23080.2006-0\MsMpEng.exe""

ParentUser: NT AUTHORITY\SYSTEM",Info,mofcomp.exe,"""C:\ProgramData\Microsoft\Windows Defender\Platform\4.18.23080.2006-0\MsMpEng.exe""",C:\ProgramData\Microsoft\Windows Defender\Platform\4.18.23080.2006-0\MsMpEng.exe,{fda94052-6820-658d-8002-000000000b00},4700,NT AUTHORITY\SYSTEM,{fda94052-6823-658d-9a02-000000000b00},7044,11164,Microsoft® Windows® Operating System,,,,,"
      ",-,,,,,,2023-12-28T12:20:51.6319498Z,,,Process Create (rule: ProcessCreate),0,6672,NT AUTHORITY\SYSTEM,S-1-5-18,2023-12-28 12:20:51.630,5,"<Event xmlns=""http://schemas.microsoft.com/win/2004/08/events/event"">
    <System>
      <Provider Name=""Microsoft-Windows-Sysmon"" Guid=""{5770385f-c22a-43e0-bf4c-06f5698ffbd9}""/>
      <EventID>1</EventID>
      <Version>5</Version>
      <Level>4</Level>
      <Task>1</Task>
      <Opcode>0</Opcode>
      <Keywords>0x8000000000000000</Keywords>
      <TimeCreated SystemTime=""2023-12-28T12:20:51.6319498Z""/>
      <EventRecordID>9660</EventRecordID>
      <Correlation/>
      <Execution ProcessID=""7044"" ThreadID=""6672""/>
      <Channel>Microsoft-Windows-Sysmon/Operational</Channel>
      <Computer>WinDev2309Eval</Computer>
      <Security UserID=""S-1-5-18""/>
    </System>
    <EventData>
      <Data Name=""RuleName"">-</Data>
      <Data Name=""UtcTime"">2023-12-28 12:20:51.630</Data>
      <Data Name=""ProcessGuid"">{fda94052-6823-658d-9a02-000000000b00}</Data>
      <Data Name=""ProcessId"">11164</Data>
      <Data Name=""Image"">C:\Windows\System32\wbem\mofcomp.exe</Data>
      <Data Name=""FileVersion"">10.0.22621.2070 (WinBuild.160101.0800)</Data>
      <Data Name=""Description"">The Managed Object Format (MOF) Compiler </Data>
      <Data Name=""Product"">Microsoft&#174; Windows&#174; Operating System</Data>
      <Data Name=""Company"">Microsoft Corporation</Data>
      <Data Name=""OriginalFileName"">mofcomp.exe</Data>
      <Data Name=""CommandLine"">C:\Windows\system32\wbem\mofcomp.exe ""C:\ProgramData\Microsoft\Windows Defender\Platform\4.18.23110.3-0\ProtectionManagement.mof""</Data>
      <Data Name=""CurrentDirectory"">C:\Windows\system32\</Data>
      <Data Name=""User"">NT AUTHORITY\SYSTEM</Data>
      <Data Name=""LogonGuid"">{fda94052-34eb-658d-e703-000000000000}</Data>
      <Data Name=""LogonId"">0x3e7</Data>
      <Data Name=""TerminalSessionId"">0</Data>
      <Data Name=""IntegrityLevel"">System</Data>
      <Data Name=""Hashes"">MD5=95C59F226E1EF93F96CB53240C672CE1,SHA256=1A590222D4A519987D45EC2AC9E717DEAFD543087E08B2E62A27D896C6B9FB7F,IMPHASH=33E29380499B6B413B576B5B4927D346</Data>
      <Data Name=""ParentProcessGuid"">{fda94052-6820-658d-8002-000000000b00}</Data>
      <Data Name=""ParentProcessId"">4700</Data>
      <Data Name=""ParentImage"">C:\ProgramData\Microsoft\Windows Defender\Platform\4.18.23080.2006-0\MsMpEng.exe</Data>
      <Data Name=""ParentCommandLine"">""C:\ProgramData\Microsoft\Windows Defender\Platform\4.18.23080.2006-0\MsMpEng.exe""</Data>
      <Data Name=""ParentUser"">NT AUTHORITY\SYSTEM</Data>
    </EventData>
    <RenderingInfo Culture=""en-US"">
      <Message>Process Create:

RuleName: -

UtcTime: 2023-12-28 12:20:51.630

ProcessGuid: {fda94052-6823-658d-9a02-000000000b00}

ProcessId: 11164

Image: C:\Windows\System32\wbem\mofcomp.exe

FileVersion: 10.0.22621.2070 (WinBuild.160101.0800)

Description: The Managed Object Format (MOF) Compiler 

Product: Microsoft&#174; Windows&#174; Operating System

Company: Microsoft Corporation

OriginalFileName: mofcomp.exe

CommandLine: C:\Windows\system32\wbem\mofcomp.exe ""C:\ProgramData\Microsoft\Windows Defender\Platform\4.18.23110.3-0\ProtectionManagement.mof""

CurrentDirectory: C:\Windows\system32\

User: NT AUTHORITY\SYSTEM

LogonGuid: {fda94052-34eb-658d-e703-000000000000}

LogonId: 0x3E7

TerminalSessionId: 0

IntegrityLevel: System

Hashes: MD5=95C59F226E1EF93F96CB53240C672CE1,SHA256=1A590222D4A519987D45EC2AC9E717DEAFD543087E08B2E62A27D896C6B9FB7F,IMPHASH=33E29380499B6B413B576B5B4927D346

ParentProcessGuid: {fda94052-6820-658d-8002-000000000b00}

ParentProcessId: 4700

ParentImage: C:\ProgramData\Microsoft\Windows Defender\Platform\4.18.23080.2006-0\MsMpEng.exe

ParentCommandLine: ""C:\ProgramData\Microsoft\Windows Defender\Platform\4.18.23080.2006-0\MsMpEng.exe""

ParentUser: NT AUTHORITY\SYSTEM</Message>
      <Level>Information</Level>
      <Task>Process Create (rule: ProcessCreate)</Task>
      <Opcode>Info</Opcode>
    </RenderingInfo>
  </Event>
  
"
Microsoft-Windows-Sysmon/Operational,,,WinDev2309Eval,2023-09-19 23:49:14.933,,,,,,,,,11,9659,,,,C:\ProgramData\Microsoft\Windows Defender\Platform\4.18.23080.2006-0\MsMpEng.exe,,,0x8000000000000000,Information,,,"File created:

RuleName: -

UtcTime: 2023-12-28 12:20:51.623

ProcessGuid: {fda94052-6820-658d-8002-000000000b00}

ProcessId: 4700

Image: C:\ProgramData\Microsoft\Windows Defender\Platform\4.18.23080.2006-0\MsMpEng.exe

TargetFilename: C:\Windows\System32\WindowsPowerShell\v1.0\Modules\ConfigDefenderPerformance\MSFT_MpPerformanceReport.Format.ps1xml

CreationUtcTime: 2023-09-19 23:49:14.933

User: NT AUTHORITY\SYSTEM",Info,,,,,,,{fda94052-6820-658d-8002-000000000b00},7044,4700,,,,,,"
      ",-,,,,,,2023-12-28T12:20:51.6288940Z,C:\Windows\System32\WindowsPowerShell\v1.0\Modules\ConfigDefenderPerformance\MSFT_MpPerformanceReport.Format.ps1xml,,File created (rule: FileCreate),,6672,NT AUTHORITY\SYSTEM,S-1-5-18,2023-12-28 12:20:51.623,2,"<Event xmlns=""http://schemas.microsoft.com/win/2004/08/events/event"">
    <System>
      <Provider Name=""Microsoft-Windows-Sysmon"" Guid=""{5770385f-c22a-43e0-bf4c-06f5698ffbd9}""/>
      <EventID>11</EventID>
      <Version>2</Version>
      <Level>4</Level>
      <Task>11</Task>
      <Opcode>0</Opcode>
      <Keywords>0x8000000000000000</Keywords>
      <TimeCreated SystemTime=""2023-12-28T12:20:51.6288940Z""/>
      <EventRecordID>9659</EventRecordID>
      <Correlation/>
      <Execution ProcessID=""7044"" ThreadID=""6672""/>
      <Channel>Microsoft-Windows-Sysmon/Operational</Channel>
      <Computer>WinDev2309Eval</Computer>
      <Security UserID=""S-1-5-18""/>
    </System>
    <EventData>
      <Data Name=""RuleName"">-</Data>
      <Data Name=""UtcTime"">2023-12-28 12:20:51.623</Data>
      <Data Name=""ProcessGuid"">{fda94052-6820-658d-8002-000000000b00}</Data>
      <Data Name=""ProcessId"">4700</Data>
      <Data Name=""Image"">C:\ProgramData\Microsoft\Windows Defender\Platform\4.18.23080.2006-0\MsMpEng.exe</Data>
      <Data Name=""TargetFilename"">C:\Windows\System32\WindowsPowerShell\v1.0\Modules\ConfigDefenderPerformance\MSFT_MpPerformanceReport.Format.ps1xml</Data>
      <Data Name=""CreationUtcTime"">2023-09-19 23:49:14.933</Data>
      <Data Name=""User"">NT AUTHORITY\SYSTEM</Data>
    </EventData>
    <RenderingInfo Culture=""en-US"">
      <Message>File created:

RuleName: -

UtcTime: 2023-12-28 12:20:51.623

ProcessGuid: {fda94052-6820-658d-8002-000000000b00}

ProcessId: 4700

Image: C:\ProgramData\Microsoft\Windows Defender\Platform\4.18.23080.2006-0\MsMpEng.exe

TargetFilename: C:\Windows\System32\WindowsPowerShell\v1.0\Modules\ConfigDefenderPerformance\MSFT_MpPerformanceReport.Format.ps1xml

CreationUtcTime: 2023-09-19 23:49:14.933

User: NT AUTHORITY\SYSTEM</Message>
      <Level>Information</Level>
      <Task>File created (rule: FileCreate)</Task>
      <Opcode>Info</Opcode>
    </RenderingInfo>
  </Event>
  
"
Microsoft-Windows-Sysmon/Operational,,,WinDev2309Eval,2023-09-19 23:49:14.933,,,,,,,,,11,9658,,,,C:\ProgramData\Microsoft\Windows Defender\Platform\4.18.23080.2006-0\MsMpEng.exe,,,0x8000000000000000,Information,,,"File created:

RuleName: -

UtcTime: 2023-12-28 12:20:51.623

ProcessGuid: {fda94052-6820-658d-8002-000000000b00}

ProcessId: 4700

Image: C:\ProgramData\Microsoft\Windows Defender\Platform\4.18.23080.2006-0\MsMpEng.exe

TargetFilename: C:\Windows\System32\WindowsPowerShell\v1.0\Modules\ConfigDefenderPerformance\MSFT_MpPerformanceRecording.wprp

CreationUtcTime: 2023-09-19 23:49:14.933

User: NT AUTHORITY\SYSTEM",Info,,,,,,,{fda94052-6820-658d-8002-000000000b00},7044,4700,,,,,,"
      ",-,,,,,,2023-12-28T12:20:51.6283974Z,C:\Windows\System32\WindowsPowerShell\v1.0\Modules\ConfigDefenderPerformance\MSFT_MpPerformanceRecording.wprp,,File created (rule: FileCreate),,6672,NT AUTHORITY\SYSTEM,S-1-5-18,2023-12-28 12:20:51.623,2,"<Event xmlns=""http://schemas.microsoft.com/win/2004/08/events/event"">
    <System>
      <Provider Name=""Microsoft-Windows-Sysmon"" Guid=""{5770385f-c22a-43e0-bf4c-06f5698ffbd9}""/>
      <EventID>11</EventID>
      <Version>2</Version>
      <Level>4</Level>
      <Task>11</Task>
      <Opcode>0</Opcode>
      <Keywords>0x8000000000000000</Keywords>
      <TimeCreated SystemTime=""2023-12-28T12:20:51.6283974Z""/>
      <EventRecordID>9658</EventRecordID>
      <Correlation/>
      <Execution ProcessID=""7044"" ThreadID=""6672""/>
      <Channel>Microsoft-Windows-Sysmon/Operational</Channel>
      <Computer>WinDev2309Eval</Computer>
      <Security UserID=""S-1-5-18""/>
    </System>
    <EventData>
      <Data Name=""RuleName"">-</Data>
      <Data Name=""UtcTime"">2023-12-28 12:20:51.623</Data>
      <Data Name=""ProcessGuid"">{fda94052-6820-658d-8002-000000000b00}</Data>
      <Data Name=""ProcessId"">4700</Data>
      <Data Name=""Image"">C:\ProgramData\Microsoft\Windows Defender\Platform\4.18.23080.2006-0\MsMpEng.exe</Data>
      <Data Name=""TargetFilename"">C:\Windows\System32\WindowsPowerShell\v1.0\Modules\ConfigDefenderPerformance\MSFT_MpPerformanceRecording.wprp</Data>
      <Data Name=""CreationUtcTime"">2023-09-19 23:49:14.933</Data>
      <Data Name=""User"">NT AUTHORITY\SYSTEM</Data>
    </EventData>
    <RenderingInfo Culture=""en-US"">
      <Message>File created:

RuleName: -

UtcTime: 2023-12-28 12:20:51.623

ProcessGuid: {fda94052-6820-658d-8002-000000000b00}

ProcessId: 4700

Image: C:\ProgramData\Microsoft\Windows Defender\Platform\4.18.23080.2006-0\MsMpEng.exe

TargetFilename: C:\Windows\System32\WindowsPowerShell\v1.0\Modules\ConfigDefenderPerformance\MSFT_MpPerformanceRecording.wprp

CreationUtcTime: 2023-09-19 23:49:14.933

User: NT AUTHORITY\SYSTEM</Message>
      <Level>Information</Level>
      <Task>File created (rule: FileCreate)</Task>
      <Opcode>Info</Opcode>
    </RenderingInfo>
  </Event>
  
"
Microsoft-Windows-Sysmon/Operational,,,WinDev2309Eval,2023-09-19 23:49:14.933,,,,,,,,,11,9657,,,,C:\ProgramData\Microsoft\Windows Defender\Platform\4.18.23080.2006-0\MsMpEng.exe,,,0x8000000000000000,Information,,,"File created:

RuleName: -

UtcTime: 2023-12-28 12:20:51.623

ProcessGuid: {fda94052-6820-658d-8002-000000000b00}

ProcessId: 4700

Image: C:\ProgramData\Microsoft\Windows Defender\Platform\4.18.23080.2006-0\MsMpEng.exe

TargetFilename: C:\Windows\System32\WindowsPowerShell\v1.0\Modules\ConfigDefenderPerformance\MSFT_MpPerformanceRecording.psm1

CreationUtcTime: 2023-09-19 23:49:14.933

User: NT AUTHORITY\SYSTEM",Info,,,,,,,{fda94052-6820-658d-8002-000000000b00},7044,4700,,,,,,"
      ",-,,,,,,2023-12-28T12:20:51.6277960Z,C:\Windows\System32\WindowsPowerShell\v1.0\Modules\ConfigDefenderPerformance\MSFT_MpPerformanceRecording.psm1,,File created (rule: FileCreate),,6672,NT AUTHORITY\SYSTEM,S-1-5-18,2023-12-28 12:20:51.623,2,"<Event xmlns=""http://schemas.microsoft.com/win/2004/08/events/event"">
    <System>
      <Provider Name=""Microsoft-Windows-Sysmon"" Guid=""{5770385f-c22a-43e0-bf4c-06f5698ffbd9}""/>
      <EventID>11</EventID>
      <Version>2</Version>
      <Level>4</Level>
      <Task>11</Task>
      <Opcode>0</Opcode>
      <Keywords>0x8000000000000000</Keywords>
      <TimeCreated SystemTime=""2023-12-28T12:20:51.6277960Z""/>
      <EventRecordID>9657</EventRecordID>
      <Correlation/>
      <Execution ProcessID=""7044"" ThreadID=""6672""/>
      <Channel>Microsoft-Windows-Sysmon/Operational</Channel>
      <Computer>WinDev2309Eval</Computer>
      <Security UserID=""S-1-5-18""/>
    </System>
    <EventData>
      <Data Name=""RuleName"">-</Data>
      <Data Name=""UtcTime"">2023-12-28 12:20:51.623</Data>
      <Data Name=""ProcessGuid"">{fda94052-6820-658d-8002-000000000b00}</Data>
      <Data Name=""ProcessId"">4700</Data>
      <Data Name=""Image"">C:\ProgramData\Microsoft\Windows Defender\Platform\4.18.23080.2006-0\MsMpEng.exe</Data>
      <Data Name=""TargetFilename"">C:\Windows\System32\WindowsPowerShell\v1.0\Modules\ConfigDefenderPerformance\MSFT_MpPerformanceRecording.psm1</Data>
      <Data Name=""CreationUtcTime"">2023-09-19 23:49:14.933</Data>
      <Data Name=""User"">NT AUTHORITY\SYSTEM</Data>
    </EventData>
    <RenderingInfo Culture=""en-US"">
      <Message>File created:

RuleName: -

UtcTime: 2023-12-28 12:20:51.623

ProcessGuid: {fda94052-6820-658d-8002-000000000b00}

ProcessId: 4700

Image: C:\ProgramData\Microsoft\Windows Defender\Platform\4.18.23080.2006-0\MsMpEng.exe

TargetFilename: C:\Windows\System32\WindowsPowerShell\v1.0\Modules\ConfigDefenderPerformance\MSFT_MpPerformanceRecording.psm1

CreationUtcTime: 2023-09-19 23:49:14.933

User: NT AUTHORITY\SYSTEM</Message>
      <Level>Information</Level>
      <Task>File created (rule: FileCreate)</Task>
      <Opcode>Info</Opcode>
    </RenderingInfo>
  </Event>
  
"
Microsoft-Windows-Sysmon/Operational,,,WinDev2309Eval,2023-09-19 23:49:14.933,,,,,,,,,11,9656,,,,C:\ProgramData\Microsoft\Windows Defender\Platform\4.18.23080.2006-0\MsMpEng.exe,,,0x8000000000000000,Information,,,"File created:

RuleName: -

UtcTime: 2023-12-28 12:20:51.623

ProcessGuid: {fda94052-6820-658d-8002-000000000b00}

ProcessId: 4700

Image: C:\ProgramData\Microsoft\Windows Defender\Platform\4.18.23080.2006-0\MsMpEng.exe

TargetFilename: C:\Windows\System32\WindowsPowerShell\v1.0\Modules\ConfigDefenderPerformance\ConfigDefenderPerformance.psd1

CreationUtcTime: 2023-09-19 23:49:14.933

User: NT AUTHORITY\SYSTEM",Info,,,,,,,{fda94052-6820-658d-8002-000000000b00},7044,4700,,,,,,"
      ",-,,,,,,2023-12-28T12:20:51.6272746Z,C:\Windows\System32\WindowsPowerShell\v1.0\Modules\ConfigDefenderPerformance\ConfigDefenderPerformance.psd1,,File created (rule: FileCreate),,6672,NT AUTHORITY\SYSTEM,S-1-5-18,2023-12-28 12:20:51.623,2,"<Event xmlns=""http://schemas.microsoft.com/win/2004/08/events/event"">
    <System>
      <Provider Name=""Microsoft-Windows-Sysmon"" Guid=""{5770385f-c22a-43e0-bf4c-06f5698ffbd9}""/>
      <EventID>11</EventID>
      <Version>2</Version>
      <Level>4</Level>
      <Task>11</Task>
      <Opcode>0</Opcode>
      <Keywords>0x8000000000000000</Keywords>
      <TimeCreated SystemTime=""2023-12-28T12:20:51.6272746Z""/>
      <EventRecordID>9656</EventRecordID>
      <Correlation/>
      <Execution ProcessID=""7044"" ThreadID=""6672""/>
      <Channel>Microsoft-Windows-Sysmon/Operational</Channel>
      <Computer>WinDev2309Eval</Computer>
      <Security UserID=""S-1-5-18""/>
    </System>
    <EventData>
      <Data Name=""RuleName"">-</Data>
      <Data Name=""UtcTime"">2023-12-28 12:20:51.623</Data>
      <Data Name=""ProcessGuid"">{fda94052-6820-658d-8002-000000000b00}</Data>
      <Data Name=""ProcessId"">4700</Data>
      <Data Name=""Image"">C:\ProgramData\Microsoft\Windows Defender\Platform\4.18.23080.2006-0\MsMpEng.exe</Data>
      <Data Name=""TargetFilename"">C:\Windows\System32\WindowsPowerShell\v1.0\Modules\ConfigDefenderPerformance\ConfigDefenderPerformance.psd1</Data>
      <Data Name=""CreationUtcTime"">2023-09-19 23:49:14.933</Data>
      <Data Name=""User"">NT AUTHORITY\SYSTEM</Data>
    </EventData>
    <RenderingInfo Culture=""en-US"">
      <Message>File created:

RuleName: -

UtcTime: 2023-12-28 12:20:51.623

ProcessGuid: {fda94052-6820-658d-8002-000000000b00}

ProcessId: 4700

Image: C:\ProgramData\Microsoft\Windows Defender\Platform\4.18.23080.2006-0\MsMpEng.exe

TargetFilename: C:\Windows\System32\WindowsPowerShell\v1.0\Modules\ConfigDefenderPerformance\ConfigDefenderPerformance.psd1

CreationUtcTime: 2023-09-19 23:49:14.933

User: NT AUTHORITY\SYSTEM</Message>
      <Level>Information</Level>
      <Task>File created (rule: FileCreate)</Task>
      <Opcode>Info</Opcode>
    </RenderingInfo>
  </Event>
  
"
Microsoft-Windows-Sysmon/Operational,,,WinDev2309Eval,2023-09-19 23:49:14.918,,,,,,,,,11,9655,,,,C:\ProgramData\Microsoft\Windows Defender\Platform\4.18.23080.2006-0\MsMpEng.exe,,,0x8000000000000000,Information,,,"File created:

RuleName: -

UtcTime: 2023-12-28 12:20:51.623

ProcessGuid: {fda94052-6820-658d-8002-000000000b00}

ProcessId: 4700

Image: C:\ProgramData\Microsoft\Windows Defender\Platform\4.18.23080.2006-0\MsMpEng.exe

TargetFilename: C:\Windows\System32\WindowsPowerShell\v1.0\Modules\ConfigDefender\MSFT_MpRollback.cdxml

CreationUtcTime: 2023-09-19 23:49:14.918

User: NT AUTHORITY\SYSTEM",Info,,,,,,,{fda94052-6820-658d-8002-000000000b00},7044,4700,,,,,,"
      ",-,,,,,,2023-12-28T12:20:51.6266720Z,C:\Windows\System32\WindowsPowerShell\v1.0\Modules\ConfigDefender\MSFT_MpRollback.cdxml,,File created (rule: FileCreate),,6672,NT AUTHORITY\SYSTEM,S-1-5-18,2023-12-28 12:20:51.623,2,"<Event xmlns=""http://schemas.microsoft.com/win/2004/08/events/event"">
    <System>
      <Provider Name=""Microsoft-Windows-Sysmon"" Guid=""{5770385f-c22a-43e0-bf4c-06f5698ffbd9}""/>
      <EventID>11</EventID>
      <Version>2</Version>
      <Level>4</Level>
      <Task>11</Task>
      <Opcode>0</Opcode>
      <Keywords>0x8000000000000000</Keywords>
      <TimeCreated SystemTime=""2023-12-28T12:20:51.6266720Z""/>
      <EventRecordID>9655</EventRecordID>
      <Correlation/>
      <Execution ProcessID=""7044"" ThreadID=""6672""/>
      <Channel>Microsoft-Windows-Sysmon/Operational</Channel>
      <Computer>WinDev2309Eval</Computer>
      <Security UserID=""S-1-5-18""/>
    </System>
    <EventData>
      <Data Name=""RuleName"">-</Data>
      <Data Name=""UtcTime"">2023-12-28 12:20:51.623</Data>
      <Data Name=""ProcessGuid"">{fda94052-6820-658d-8002-000000000b00}</Data>
      <Data Name=""ProcessId"">4700</Data>
      <Data Name=""Image"">C:\ProgramData\Microsoft\Windows Defender\Platform\4.18.23080.2006-0\MsMpEng.exe</Data>
      <Data Name=""TargetFilename"">C:\Windows\System32\WindowsPowerShell\v1.0\Modules\ConfigDefender\MSFT_MpRollback.cdxml</Data>
      <Data Name=""CreationUtcTime"">2023-09-19 23:49:14.918</Data>
      <Data Name=""User"">NT AUTHORITY\SYSTEM</Data>
    </EventData>
    <RenderingInfo Culture=""en-US"">
      <Message>File created:

RuleName: -

UtcTime: 2023-12-28 12:20:51.623

ProcessGuid: {fda94052-6820-658d-8002-000000000b00}

ProcessId: 4700

Image: C:\ProgramData\Microsoft\Windows Defender\Platform\4.18.23080.2006-0\MsMpEng.exe

TargetFilename: C:\Windows\System32\WindowsPowerShell\v1.0\Modules\ConfigDefender\MSFT_MpRollback.cdxml

CreationUtcTime: 2023-09-19 23:49:14.918

User: NT AUTHORITY\SYSTEM</Message>
      <Level>Information</Level>
      <Task>File created (rule: FileCreate)</Task>
      <Opcode>Info</Opcode>
    </RenderingInfo>
  </Event>
  
"
Microsoft-Windows-Sysmon/Operational,,,WinDev2309Eval,2023-09-19 23:49:14.918,,,,,,,,,11,9654,,,,C:\ProgramData\Microsoft\Windows Defender\Platform\4.18.23080.2006-0\MsMpEng.exe,,,0x8000000000000000,Information,,,"File created:

RuleName: -

UtcTime: 2023-12-28 12:20:51.623

ProcessGuid: {fda94052-6820-658d-8002-000000000b00}

ProcessId: 4700

Image: C:\ProgramData\Microsoft\Windows Defender\Platform\4.18.23080.2006-0\MsMpEng.exe

TargetFilename: C:\Windows\System32\WindowsPowerShell\v1.0\Modules\ConfigDefender\MSFT_MpSignature.cdxml

CreationUtcTime: 2023-09-19 23:49:14.918

User: NT AUTHORITY\SYSTEM",Info,,,,,,,{fda94052-6820-658d-8002-000000000b00},7044,4700,,,,,,"
      ",-,,,,,,2023-12-28T12:20:51.6261777Z,C:\Windows\System32\WindowsPowerShell\v1.0\Modules\ConfigDefender\MSFT_MpSignature.cdxml,,File created (rule: FileCreate),,6672,NT AUTHORITY\SYSTEM,S-1-5-18,2023-12-28 12:20:51.623,2,"<Event xmlns=""http://schemas.microsoft.com/win/2004/08/events/event"">
    <System>
      <Provider Name=""Microsoft-Windows-Sysmon"" Guid=""{5770385f-c22a-43e0-bf4c-06f5698ffbd9}""/>
      <EventID>11</EventID>
      <Version>2</Version>
      <Level>4</Level>
      <Task>11</Task>
      <Opcode>0</Opcode>
      <Keywords>0x8000000000000000</Keywords>
      <TimeCreated SystemTime=""2023-12-28T12:20:51.6261777Z""/>
      <EventRecordID>9654</EventRecordID>
      <Correlation/>
      <Execution ProcessID=""7044"" ThreadID=""6672""/>
      <Channel>Microsoft-Windows-Sysmon/Operational</Channel>
      <Computer>WinDev2309Eval</Computer>
      <Security UserID=""S-1-5-18""/>
    </System>
    <EventData>
      <Data Name=""RuleName"">-</Data>
      <Data Name=""UtcTime"">2023-12-28 12:20:51.623</Data>
      <Data Name=""ProcessGuid"">{fda94052-6820-658d-8002-000000000b00}</Data>
      <Data Name=""ProcessId"">4700</Data>
      <Data Name=""Image"">C:\ProgramData\Microsoft\Windows Defender\Platform\4.18.23080.2006-0\MsMpEng.exe</Data>
      <Data Name=""TargetFilename"">C:\Windows\System32\WindowsPowerShell\v1.0\Modules\ConfigDefender\MSFT_MpSignature.cdxml</Data>
      <Data Name=""CreationUtcTime"">2023-09-19 23:49:14.918</Data>
      <Data Name=""User"">NT AUTHORITY\SYSTEM</Data>
    </EventData>
    <RenderingInfo Culture=""en-US"">
      <Message>File created:

RuleName: -

UtcTime: 2023-12-28 12:20:51.623

ProcessGuid: {fda94052-6820-658d-8002-000000000b00}

ProcessId: 4700

Image: C:\ProgramData\Microsoft\Windows Defender\Platform\4.18.23080.2006-0\MsMpEng.exe

TargetFilename: C:\Windows\System32\WindowsPowerShell\v1.0\Modules\ConfigDefender\MSFT_MpSignature.cdxml

CreationUtcTime: 2023-09-19 23:49:14.918

User: NT AUTHORITY\SYSTEM</Message>
      <Level>Information</Level>
      <Task>File created (rule: FileCreate)</Task>
      <Opcode>Info</Opcode>
    </RenderingInfo>
  </Event>
  
"
Microsoft-Windows-Sysmon/Operational,,,WinDev2309Eval,2023-09-19 23:49:14.918,,,,,,,,,11,9653,,,,C:\ProgramData\Microsoft\Windows Defender\Platform\4.18.23080.2006-0\MsMpEng.exe,,,0x8000000000000000,Information,,,"File created:

RuleName: -

UtcTime: 2023-12-28 12:20:51.623

ProcessGuid: {fda94052-6820-658d-8002-000000000b00}

ProcessId: 4700

Image: C:\ProgramData\Microsoft\Windows Defender\Platform\4.18.23080.2006-0\MsMpEng.exe

TargetFilename: C:\Windows\System32\WindowsPowerShell\v1.0\Modules\ConfigDefender\MSFT_MpWDOScan.cdxml

CreationUtcTime: 2023-09-19 23:49:14.918

User: NT AUTHORITY\SYSTEM",Info,,,,,,,{fda94052-6820-658d-8002-000000000b00},7044,4700,,,,,,"
      ",-,,,,,,2023-12-28T12:20:51.6256009Z,C:\Windows\System32\WindowsPowerShell\v1.0\Modules\ConfigDefender\MSFT_MpWDOScan.cdxml,,File created (rule: FileCreate),,6672,NT AUTHORITY\SYSTEM,S-1-5-18,2023-12-28 12:20:51.623,2,"<Event xmlns=""http://schemas.microsoft.com/win/2004/08/events/event"">
    <System>
      <Provider Name=""Microsoft-Windows-Sysmon"" Guid=""{5770385f-c22a-43e0-bf4c-06f5698ffbd9}""/>
      <EventID>11</EventID>
      <Version>2</Version>
      <Level>4</Level>
      <Task>11</Task>
      <Opcode>0</Opcode>
      <Keywords>0x8000000000000000</Keywords>
      <TimeCreated SystemTime=""2023-12-28T12:20:51.6256009Z""/>
      <EventRecordID>9653</EventRecordID>
      <Correlation/>
      <Execution ProcessID=""7044"" ThreadID=""6672""/>
      <Channel>Microsoft-Windows-Sysmon/Operational</Channel>
      <Computer>WinDev2309Eval</Computer>
      <Security UserID=""S-1-5-18""/>
    </System>
    <EventData>
      <Data Name=""RuleName"">-</Data>
      <Data Name=""UtcTime"">2023-12-28 12:20:51.623</Data>
      <Data Name=""ProcessGuid"">{fda94052-6820-658d-8002-000000000b00}</Data>
      <Data Name=""ProcessId"">4700</Data>
      <Data Name=""Image"">C:\ProgramData\Microsoft\Windows Defender\Platform\4.18.23080.2006-0\MsMpEng.exe</Data>
      <Data Name=""TargetFilename"">C:\Windows\System32\WindowsPowerShell\v1.0\Modules\ConfigDefender\MSFT_MpWDOScan.cdxml</Data>
      <Data Name=""CreationUtcTime"">2023-09-19 23:49:14.918</Data>
      <Data Name=""User"">NT AUTHORITY\SYSTEM</Data>
    </EventData>
    <RenderingInfo Culture=""en-US"">
      <Message>File created:

RuleName: -

UtcTime: 2023-12-28 12:20:51.623

ProcessGuid: {fda94052-6820-658d-8002-000000000b00}

ProcessId: 4700

Image: C:\ProgramData\Microsoft\Windows Defender\Platform\4.18.23080.2006-0\MsMpEng.exe

TargetFilename: C:\Windows\System32\WindowsPowerShell\v1.0\Modules\ConfigDefender\MSFT_MpWDOScan.cdxml

CreationUtcTime: 2023-09-19 23:49:14.918

User: NT AUTHORITY\SYSTEM</Message>
      <Level>Information</Level>
      <Task>File created (rule: FileCreate)</Task>
      <Opcode>Info</Opcode>
    </RenderingInfo>
  </Event>
  
"
