Channel,CommandLine,Company,Computer,CreationUtcTime,CurrentDirectory,Description,Details,EventID,EventRecordID,EventType,FileVersion,Hashes,Image,IntegrityLevel,Keywords,Level,LogonGuid,LogonId,Message,Opcode,OriginalFileName,ParentCommandLine,ParentImage,ParentProcessGuid,ParentProcessId,ParentUser,ProcessGuid,ProcessID,ProcessId,Product,QueryName,QueryResults,QueryStatus,RenderingInfo,RuleName,SystemTime,TargetFilename,TargetObject,Task,TerminalSessionId,ThreadID,User,UserID,UtcTime,Version,raw
Microsoft-Windows-Sysmon/Operational,C:\Windows\system32\net1  share ADMIN$ /delete,Microsoft Corporation,WinDev2309Eval,,C:\Users\User\AppData\Local\Temp\,Net Command,,1,19593,,10.0.22621.2506 (WinBuild.160101.0800),"MD5=7CBB1DF40115C7D3CF0FE6CCFF82708E,SHA256=50E8AB76E511A917FD8CCF149DDAC1447FD817FF703AA9FDCC51DC77AC0237BE,IMPHASH=76EE66A0F294EAB08DCAEF5E64FBF02F",C:\Windows\System32\net1.exe,Medium,0x8000000000000000,Information,{f57bd86a-36f9-658c-7bf8-020000000000},0x2f87b,"Process Create:

RuleName: -

UtcTime: 2023-12-27 19:52:20.692

ProcessGuid: {f57bd86a-8074-658c-d501-000000000f00}

ProcessId: 3344

Image: C:\Windows\System32\net1.exe

FileVersion: 10.0.22621.2506 (WinBuild.160101.0800)

Description: Net Command

Product: Microsoft® Windows® Operating System

Company: Microsoft Corporation

OriginalFileName: net1.exe

CommandLine: C:\Windows\system32\net1  share ADMIN$ /delete

CurrentDirectory: C:\Users\User\AppData\Local\Temp\

User: WINDEV2309EVAL\User

LogonGuid: {f57bd86a-36f9-658c-7bf8-020000000000}

LogonId: 0x2F87B

TerminalSessionId: 1

IntegrityLevel: Medium

Hashes: MD5=7CBB1DF40115C7D3CF0FE6CCFF82708E,SHA256=50E8AB76E511A917FD8CCF149DDAC1447FD817FF703AA9FDCC51DC77AC0237BE,IMPHASH=76EE66A0F294EAB08DCAEF5E64FBF02F

ParentProcessGuid: {f57bd86a-8074-658c-d401-000000000f00}

ParentProcessId: 1616

ParentImage: C:\Windows\System32\net.exe

ParentCommandLine: net  share ADMIN$ /delete

ParentUser: WINDEV2309EVAL\User",Info,net1.exe,net  share ADMIN$ /delete,C:\Windows\System32\net.exe,{f57bd86a-8074-658c-d401-000000000f00},1616,WINDEV2309EVAL\User,{f57bd86a-8074-658c-d501-000000000f00},3588,3344,Microsoft® Windows® Operating System,,,,"
      ",-,2023-12-27T19:52:20.6934380Z,,,Process Create (rule: ProcessCreate),1,5124,WINDEV2309EVAL\User,S-1-5-18,2023-12-27 19:52:20.692,5,"<Event xmlns=""http://schemas.microsoft.com/win/2004/08/events/event"">
    <System>
      <Provider Name=""Microsoft-Windows-Sysmon"" Guid=""{5770385f-c22a-43e0-bf4c-06f5698ffbd9}""/>
      <EventID>1</EventID>
      <Version>5</Version>
      <Level>4</Level>
      <Task>1</Task>
      <Opcode>0</Opcode>
      <Keywords>0x8000000000000000</Keywords>
      <TimeCreated SystemTime=""2023-12-27T19:52:20.6934380Z""/>
      <EventRecordID>19593</EventRecordID>
      <Correlation/>
      <Execution ProcessID=""3588"" ThreadID=""5124""/>
      <Channel>Microsoft-Windows-Sysmon/Operational</Channel>
      <Computer>WinDev2309Eval</Computer>
      <Security UserID=""S-1-5-18""/>
    </System>
    <EventData>
      <Data Name=""RuleName"">-</Data>
      <Data Name=""UtcTime"">2023-12-27 19:52:20.692</Data>
      <Data Name=""ProcessGuid"">{f57bd86a-8074-658c-d501-000000000f00}</Data>
      <Data Name=""ProcessId"">3344</Data>
      <Data Name=""Image"">C:\Windows\System32\net1.exe</Data>
      <Data Name=""FileVersion"">10.0.22621.2506 (WinBuild.160101.0800)</Data>
      <Data Name=""Description"">Net Command</Data>
      <Data Name=""Product"">Microsoft&#174; Windows&#174; Operating System</Data>
      <Data Name=""Company"">Microsoft Corporation</Data>
      <Data Name=""OriginalFileName"">net1.exe</Data>
      <Data Name=""CommandLine"">C:\Windows\system32\net1  share ADMIN$ /delete</Data>
      <Data Name=""CurrentDirectory"">C:\Users\User\AppData\Local\Temp\</Data>
      <Data Name=""User"">WINDEV2309EVAL\User</Data>
      <Data Name=""LogonGuid"">{f57bd86a-36f9-658c-7bf8-020000000000}</Data>
      <Data Name=""LogonId"">0x2f87b</Data>
      <Data Name=""TerminalSessionId"">1</Data>
      <Data Name=""IntegrityLevel"">Medium</Data>
      <Data Name=""Hashes"">MD5=7CBB1DF40115C7D3CF0FE6CCFF82708E,SHA256=50E8AB76E511A917FD8CCF149DDAC1447FD817FF703AA9FDCC51DC77AC0237BE,IMPHASH=76EE66A0F294EAB08DCAEF5E64FBF02F</Data>
      <Data Name=""ParentProcessGuid"">{f57bd86a-8074-658c-d401-000000000f00}</Data>
      <Data Name=""ParentProcessId"">1616</Data>
      <Data Name=""ParentImage"">C:\Windows\System32\net.exe</Data>
      <Data Name=""ParentCommandLine"">net  share ADMIN$ /delete</Data>
      <Data Name=""ParentUser"">WINDEV2309EVAL\User</Data>
    </EventData>
    <RenderingInfo Culture=""en-US"">
      <Message>Process Create:

RuleName: -

UtcTime: 2023-12-27 19:52:20.692

ProcessGuid: {f57bd86a-8074-658c-d501-000000000f00}

ProcessId: 3344

Image: C:\Windows\System32\net1.exe

FileVersion: 10.0.22621.2506 (WinBuild.160101.0800)

Description: Net Command

Product: Microsoft&#174; Windows&#174; Operating System

Company: Microsoft Corporation

OriginalFileName: net1.exe

CommandLine: C:\Windows\system32\net1  share ADMIN$ /delete

CurrentDirectory: C:\Users\User\AppData\Local\Temp\

User: WINDEV2309EVAL\User

LogonGuid: {f57bd86a-36f9-658c-7bf8-020000000000}

LogonId: 0x2F87B

TerminalSessionId: 1

IntegrityLevel: Medium

Hashes: MD5=7CBB1DF40115C7D3CF0FE6CCFF82708E,SHA256=50E8AB76E511A917FD8CCF149DDAC1447FD817FF703AA9FDCC51DC77AC0237BE,IMPHASH=76EE66A0F294EAB08DCAEF5E64FBF02F

ParentProcessGuid: {f57bd86a-8074-658c-d401-000000000f00}

ParentProcessId: 1616

ParentImage: C:\Windows\System32\net.exe

ParentCommandLine: net  share ADMIN$ /delete

ParentUser: WINDEV2309EVAL\User</Message>
      <Level>Information</Level>
      <Task>Process Create (rule: ProcessCreate)</Task>
      <Opcode>Info</Opcode>
    </RenderingInfo>
  </Event>
  
"
Microsoft-Windows-Sysmon/Operational,net  share ADMIN$ /delete,Microsoft Corporation,WinDev2309Eval,,C:\Users\User\AppData\Local\Temp\,Net Command,,1,19592,,10.0.22621.1 (WinBuild.160101.0800),"MD5=BB1AE49B6B7C53499E94613761A6AC56,SHA256=AFBE51517092256504F797F6A5ABC02515A09D603E8C046AE31D7D7855568E91,IMPHASH=D45C37A5C97135204AD6E116C34946C3",C:\Windows\System32\net.exe,Medium,0x8000000000000000,Information,{f57bd86a-36f9-658c-7bf8-020000000000},0x2f87b,"Process Create:

RuleName: -

UtcTime: 2023-12-27 19:52:20.683

ProcessGuid: {f57bd86a-8074-658c-d401-000000000f00}

ProcessId: 1616

Image: C:\Windows\System32\net.exe

FileVersion: 10.0.22621.1 (WinBuild.160101.0800)

Description: Net Command

Product: Microsoft® Windows® Operating System

Company: Microsoft Corporation

OriginalFileName: net.exe

CommandLine: net  share ADMIN$ /delete

CurrentDirectory: C:\Users\User\AppData\Local\Temp\

User: WINDEV2309EVAL\User

LogonGuid: {f57bd86a-36f9-658c-7bf8-020000000000}

LogonId: 0x2F87B

TerminalSessionId: 1

IntegrityLevel: Medium

Hashes: MD5=BB1AE49B6B7C53499E94613761A6AC56,SHA256=AFBE51517092256504F797F6A5ABC02515A09D603E8C046AE31D7D7855568E91,IMPHASH=D45C37A5C97135204AD6E116C34946C3

ParentProcessGuid: {f57bd86a-8074-658c-ce01-000000000f00}

ParentProcessId: 5168

ParentImage: C:\Windows\System32\cmd.exe

ParentCommandLine: ""cmd.exe"" /c for %i in (C$ IPC$ ADMIN$) do net share %i /delete

ParentUser: WINDEV2309EVAL\User",Info,net.exe,"""cmd.exe"" /c for %i in (C$ IPC$ ADMIN$) do net share %i /delete",C:\Windows\System32\cmd.exe,{f57bd86a-8074-658c-ce01-000000000f00},5168,WINDEV2309EVAL\User,{f57bd86a-8074-658c-d401-000000000f00},3588,1616,Microsoft® Windows® Operating System,,,,"
      ",-,2023-12-27T19:52:20.6842660Z,,,Process Create (rule: ProcessCreate),1,5124,WINDEV2309EVAL\User,S-1-5-18,2023-12-27 19:52:20.683,5,"<Event xmlns=""http://schemas.microsoft.com/win/2004/08/events/event"">
    <System>
      <Provider Name=""Microsoft-Windows-Sysmon"" Guid=""{5770385f-c22a-43e0-bf4c-06f5698ffbd9}""/>
      <EventID>1</EventID>
      <Version>5</Version>
      <Level>4</Level>
      <Task>1</Task>
      <Opcode>0</Opcode>
      <Keywords>0x8000000000000000</Keywords>
      <TimeCreated SystemTime=""2023-12-27T19:52:20.6842660Z""/>
      <EventRecordID>19592</EventRecordID>
      <Correlation/>
      <Execution ProcessID=""3588"" ThreadID=""5124""/>
      <Channel>Microsoft-Windows-Sysmon/Operational</Channel>
      <Computer>WinDev2309Eval</Computer>
      <Security UserID=""S-1-5-18""/>
    </System>
    <EventData>
      <Data Name=""RuleName"">-</Data>
      <Data Name=""UtcTime"">2023-12-27 19:52:20.683</Data>
      <Data Name=""ProcessGuid"">{f57bd86a-8074-658c-d401-000000000f00}</Data>
      <Data Name=""ProcessId"">1616</Data>
      <Data Name=""Image"">C:\Windows\System32\net.exe</Data>
      <Data Name=""FileVersion"">10.0.22621.1 (WinBuild.160101.0800)</Data>
      <Data Name=""Description"">Net Command</Data>
      <Data Name=""Product"">Microsoft&#174; Windows&#174; Operating System</Data>
      <Data Name=""Company"">Microsoft Corporation</Data>
      <Data Name=""OriginalFileName"">net.exe</Data>
      <Data Name=""CommandLine"">net  share ADMIN$ /delete</Data>
      <Data Name=""CurrentDirectory"">C:\Users\User\AppData\Local\Temp\</Data>
      <Data Name=""User"">WINDEV2309EVAL\User</Data>
      <Data Name=""LogonGuid"">{f57bd86a-36f9-658c-7bf8-020000000000}</Data>
      <Data Name=""LogonId"">0x2f87b</Data>
      <Data Name=""TerminalSessionId"">1</Data>
      <Data Name=""IntegrityLevel"">Medium</Data>
      <Data Name=""Hashes"">MD5=BB1AE49B6B7C53499E94613761A6AC56,SHA256=AFBE51517092256504F797F6A5ABC02515A09D603E8C046AE31D7D7855568E91,IMPHASH=D45C37A5C97135204AD6E116C34946C3</Data>
      <Data Name=""ParentProcessGuid"">{f57bd86a-8074-658c-ce01-000000000f00}</Data>
      <Data Name=""ParentProcessId"">5168</Data>
      <Data Name=""ParentImage"">C:\Windows\System32\cmd.exe</Data>
      <Data Name=""ParentCommandLine"">""cmd.exe"" /c for %i in (C$ IPC$ ADMIN$) do net share %i /delete</Data>
      <Data Name=""ParentUser"">WINDEV2309EVAL\User</Data>
    </EventData>
    <RenderingInfo Culture=""en-US"">
      <Message>Process Create:

RuleName: -

UtcTime: 2023-12-27 19:52:20.683

ProcessGuid: {f57bd86a-8074-658c-d401-000000000f00}

ProcessId: 1616

Image: C:\Windows\System32\net.exe

FileVersion: 10.0.22621.1 (WinBuild.160101.0800)

Description: Net Command

Product: Microsoft&#174; Windows&#174; Operating System

Company: Microsoft Corporation

OriginalFileName: net.exe

CommandLine: net  share ADMIN$ /delete

CurrentDirectory: C:\Users\User\AppData\Local\Temp\

User: WINDEV2309EVAL\User

LogonGuid: {f57bd86a-36f9-658c-7bf8-020000000000}

LogonId: 0x2F87B

TerminalSessionId: 1

IntegrityLevel: Medium

Hashes: MD5=BB1AE49B6B7C53499E94613761A6AC56,SHA256=AFBE51517092256504F797F6A5ABC02515A09D603E8C046AE31D7D7855568E91,IMPHASH=D45C37A5C97135204AD6E116C34946C3

ParentProcessGuid: {f57bd86a-8074-658c-ce01-000000000f00}

ParentProcessId: 5168

ParentImage: C:\Windows\System32\cmd.exe

ParentCommandLine: ""cmd.exe"" /c for %i in (C$ IPC$ ADMIN$) do net share %i /delete

ParentUser: WINDEV2309EVAL\User</Message>
      <Level>Information</Level>
      <Task>Process Create (rule: ProcessCreate)</Task>
      <Opcode>Info</Opcode>
    </RenderingInfo>
  </Event>
  
"
Microsoft-Windows-Sysmon/Operational,C:\Windows\system32\net1  share IPC$ /delete,Microsoft Corporation,WinDev2309Eval,,C:\Users\User\AppData\Local\Temp\,Net Command,,1,19591,,10.0.22621.2506 (WinBuild.160101.0800),"MD5=7CBB1DF40115C7D3CF0FE6CCFF82708E,SHA256=50E8AB76E511A917FD8CCF149DDAC1447FD817FF703AA9FDCC51DC77AC0237BE,IMPHASH=76EE66A0F294EAB08DCAEF5E64FBF02F",C:\Windows\System32\net1.exe,Medium,0x8000000000000000,Information,{f57bd86a-36f9-658c-7bf8-020000000000},0x2f87b,"Process Create:

RuleName: -

UtcTime: 2023-12-27 19:52:20.668

ProcessGuid: {f57bd86a-8074-658c-d301-000000000f00}

ProcessId: 11188

Image: C:\Windows\System32\net1.exe

FileVersion: 10.0.22621.2506 (WinBuild.160101.0800)

Description: Net Command

Product: Microsoft® Windows® Operating System

Company: Microsoft Corporation

OriginalFileName: net1.exe

CommandLine: C:\Windows\system32\net1  share IPC$ /delete

CurrentDirectory: C:\Users\User\AppData\Local\Temp\

User: WINDEV2309EVAL\User

LogonGuid: {f57bd86a-36f9-658c-7bf8-020000000000}

LogonId: 0x2F87B

TerminalSessionId: 1

IntegrityLevel: Medium

Hashes: MD5=7CBB1DF40115C7D3CF0FE6CCFF82708E,SHA256=50E8AB76E511A917FD8CCF149DDAC1447FD817FF703AA9FDCC51DC77AC0237BE,IMPHASH=76EE66A0F294EAB08DCAEF5E64FBF02F

ParentProcessGuid: {f57bd86a-8074-658c-d201-000000000f00}

ParentProcessId: 1864

ParentImage: C:\Windows\System32\net.exe

ParentCommandLine: net  share IPC$ /delete

ParentUser: WINDEV2309EVAL\User",Info,net1.exe,net  share IPC$ /delete,C:\Windows\System32\net.exe,{f57bd86a-8074-658c-d201-000000000f00},1864,WINDEV2309EVAL\User,{f57bd86a-8074-658c-d301-000000000f00},3588,11188,Microsoft® Windows® Operating System,,,,"
      ",-,2023-12-27T19:52:20.6696233Z,,,Process Create (rule: ProcessCreate),1,5124,WINDEV2309EVAL\User,S-1-5-18,2023-12-27 19:52:20.668,5,"<Event xmlns=""http://schemas.microsoft.com/win/2004/08/events/event"">
    <System>
      <Provider Name=""Microsoft-Windows-Sysmon"" Guid=""{5770385f-c22a-43e0-bf4c-06f5698ffbd9}""/>
      <EventID>1</EventID>
      <Version>5</Version>
      <Level>4</Level>
      <Task>1</Task>
      <Opcode>0</Opcode>
      <Keywords>0x8000000000000000</Keywords>
      <TimeCreated SystemTime=""2023-12-27T19:52:20.6696233Z""/>
      <EventRecordID>19591</EventRecordID>
      <Correlation/>
      <Execution ProcessID=""3588"" ThreadID=""5124""/>
      <Channel>Microsoft-Windows-Sysmon/Operational</Channel>
      <Computer>WinDev2309Eval</Computer>
      <Security UserID=""S-1-5-18""/>
    </System>
    <EventData>
      <Data Name=""RuleName"">-</Data>
      <Data Name=""UtcTime"">2023-12-27 19:52:20.668</Data>
      <Data Name=""ProcessGuid"">{f57bd86a-8074-658c-d301-000000000f00}</Data>
      <Data Name=""ProcessId"">11188</Data>
      <Data Name=""Image"">C:\Windows\System32\net1.exe</Data>
      <Data Name=""FileVersion"">10.0.22621.2506 (WinBuild.160101.0800)</Data>
      <Data Name=""Description"">Net Command</Data>
      <Data Name=""Product"">Microsoft&#174; Windows&#174; Operating System</Data>
      <Data Name=""Company"">Microsoft Corporation</Data>
      <Data Name=""OriginalFileName"">net1.exe</Data>
      <Data Name=""CommandLine"">C:\Windows\system32\net1  share IPC$ /delete</Data>
      <Data Name=""CurrentDirectory"">C:\Users\User\AppData\Local\Temp\</Data>
      <Data Name=""User"">WINDEV2309EVAL\User</Data>
      <Data Name=""LogonGuid"">{f57bd86a-36f9-658c-7bf8-020000000000}</Data>
      <Data Name=""LogonId"">0x2f87b</Data>
      <Data Name=""TerminalSessionId"">1</Data>
      <Data Name=""IntegrityLevel"">Medium</Data>
      <Data Name=""Hashes"">MD5=7CBB1DF40115C7D3CF0FE6CCFF82708E,SHA256=50E8AB76E511A917FD8CCF149DDAC1447FD817FF703AA9FDCC51DC77AC0237BE,IMPHASH=76EE66A0F294EAB08DCAEF5E64FBF02F</Data>
      <Data Name=""ParentProcessGuid"">{f57bd86a-8074-658c-d201-000000000f00}</Data>
      <Data Name=""ParentProcessId"">1864</Data>
      <Data Name=""ParentImage"">C:\Windows\System32\net.exe</Data>
      <Data Name=""ParentCommandLine"">net  share IPC$ /delete</Data>
      <Data Name=""ParentUser"">WINDEV2309EVAL\User</Data>
    </EventData>
    <RenderingInfo Culture=""en-US"">
      <Message>Process Create:

RuleName: -

UtcTime: 2023-12-27 19:52:20.668

ProcessGuid: {f57bd86a-8074-658c-d301-000000000f00}

ProcessId: 11188

Image: C:\Windows\System32\net1.exe

FileVersion: 10.0.22621.2506 (WinBuild.160101.0800)

Description: Net Command

Product: Microsoft&#174; Windows&#174; Operating System

Company: Microsoft Corporation

OriginalFileName: net1.exe

CommandLine: C:\Windows\system32\net1  share IPC$ /delete

CurrentDirectory: C:\Users\User\AppData\Local\Temp\

User: WINDEV2309EVAL\User

LogonGuid: {f57bd86a-36f9-658c-7bf8-020000000000}

LogonId: 0x2F87B

TerminalSessionId: 1

IntegrityLevel: Medium

Hashes: MD5=7CBB1DF40115C7D3CF0FE6CCFF82708E,SHA256=50E8AB76E511A917FD8CCF149DDAC1447FD817FF703AA9FDCC51DC77AC0237BE,IMPHASH=76EE66A0F294EAB08DCAEF5E64FBF02F

ParentProcessGuid: {f57bd86a-8074-658c-d201-000000000f00}

ParentProcessId: 1864

ParentImage: C:\Windows\System32\net.exe

ParentCommandLine: net  share IPC$ /delete

ParentUser: WINDEV2309EVAL\User</Message>
      <Level>Information</Level>
      <Task>Process Create (rule: ProcessCreate)</Task>
      <Opcode>Info</Opcode>
    </RenderingInfo>
  </Event>
  
"
Microsoft-Windows-Sysmon/Operational,net  share IPC$ /delete,Microsoft Corporation,WinDev2309Eval,,C:\Users\User\AppData\Local\Temp\,Net Command,,1,19590,,10.0.22621.1 (WinBuild.160101.0800),"MD5=BB1AE49B6B7C53499E94613761A6AC56,SHA256=AFBE51517092256504F797F6A5ABC02515A09D603E8C046AE31D7D7855568E91,IMPHASH=D45C37A5C97135204AD6E116C34946C3",C:\Windows\System32\net.exe,Medium,0x8000000000000000,Information,{f57bd86a-36f9-658c-7bf8-020000000000},0x2f87b,"Process Create:

RuleName: -

UtcTime: 2023-12-27 19:52:20.660

ProcessGuid: {f57bd86a-8074-658c-d201-000000000f00}

ProcessId: 1864

Image: C:\Windows\System32\net.exe

FileVersion: 10.0.22621.1 (WinBuild.160101.0800)

Description: Net Command

Product: Microsoft® Windows® Operating System

Company: Microsoft Corporation

OriginalFileName: net.exe

CommandLine: net  share IPC$ /delete

CurrentDirectory: C:\Users\User\AppData\Local\Temp\

User: WINDEV2309EVAL\User

LogonGuid: {f57bd86a-36f9-658c-7bf8-020000000000}

LogonId: 0x2F87B

TerminalSessionId: 1

IntegrityLevel: Medium

Hashes: MD5=BB1AE49B6B7C53499E94613761A6AC56,SHA256=AFBE51517092256504F797F6A5ABC02515A09D603E8C046AE31D7D7855568E91,IMPHASH=D45C37A5C97135204AD6E116C34946C3

ParentProcessGuid: {f57bd86a-8074-658c-ce01-000000000f00}

ParentProcessId: 5168

ParentImage: C:\Windows\System32\cmd.exe

ParentCommandLine: ""cmd.exe"" /c for %i in (C$ IPC$ ADMIN$) do net share %i /delete

ParentUser: WINDEV2309EVAL\User",Info,net.exe,"""cmd.exe"" /c for %i in (C$ IPC$ ADMIN$) do net share %i /delete",C:\Windows\System32\cmd.exe,{f57bd86a-8074-658c-ce01-000000000f00},5168,WINDEV2309EVAL\User,{f57bd86a-8074-658c-d201-000000000f00},3588,1864,Microsoft® Windows® Operating System,,,,"
      ",-,2023-12-27T19:52:20.6611677Z,,,Process Create (rule: ProcessCreate),1,5124,WINDEV2309EVAL\User,S-1-5-18,2023-12-27 19:52:20.660,5,"<Event xmlns=""http://schemas.microsoft.com/win/2004/08/events/event"">
    <System>
      <Provider Name=""Microsoft-Windows-Sysmon"" Guid=""{5770385f-c22a-43e0-bf4c-06f5698ffbd9}""/>
      <EventID>1</EventID>
      <Version>5</Version>
      <Level>4</Level>
      <Task>1</Task>
      <Opcode>0</Opcode>
      <Keywords>0x8000000000000000</Keywords>
      <TimeCreated SystemTime=""2023-12-27T19:52:20.6611677Z""/>
      <EventRecordID>19590</EventRecordID>
      <Correlation/>
      <Execution ProcessID=""3588"" ThreadID=""5124""/>
      <Channel>Microsoft-Windows-Sysmon/Operational</Channel>
      <Computer>WinDev2309Eval</Computer>
      <Security UserID=""S-1-5-18""/>
    </System>
    <EventData>
      <Data Name=""RuleName"">-</Data>
      <Data Name=""UtcTime"">2023-12-27 19:52:20.660</Data>
      <Data Name=""ProcessGuid"">{f57bd86a-8074-658c-d201-000000000f00}</Data>
      <Data Name=""ProcessId"">1864</Data>
      <Data Name=""Image"">C:\Windows\System32\net.exe</Data>
      <Data Name=""FileVersion"">10.0.22621.1 (WinBuild.160101.0800)</Data>
      <Data Name=""Description"">Net Command</Data>
      <Data Name=""Product"">Microsoft&#174; Windows&#174; Operating System</Data>
      <Data Name=""Company"">Microsoft Corporation</Data>
      <Data Name=""OriginalFileName"">net.exe</Data>
      <Data Name=""CommandLine"">net  share IPC$ /delete</Data>
      <Data Name=""CurrentDirectory"">C:\Users\User\AppData\Local\Temp\</Data>
      <Data Name=""User"">WINDEV2309EVAL\User</Data>
      <Data Name=""LogonGuid"">{f57bd86a-36f9-658c-7bf8-020000000000}</Data>
      <Data Name=""LogonId"">0x2f87b</Data>
      <Data Name=""TerminalSessionId"">1</Data>
      <Data Name=""IntegrityLevel"">Medium</Data>
      <Data Name=""Hashes"">MD5=BB1AE49B6B7C53499E94613761A6AC56,SHA256=AFBE51517092256504F797F6A5ABC02515A09D603E8C046AE31D7D7855568E91,IMPHASH=D45C37A5C97135204AD6E116C34946C3</Data>
      <Data Name=""ParentProcessGuid"">{f57bd86a-8074-658c-ce01-000000000f00}</Data>
      <Data Name=""ParentProcessId"">5168</Data>
      <Data Name=""ParentImage"">C:\Windows\System32\cmd.exe</Data>
      <Data Name=""ParentCommandLine"">""cmd.exe"" /c for %i in (C$ IPC$ ADMIN$) do net share %i /delete</Data>
      <Data Name=""ParentUser"">WINDEV2309EVAL\User</Data>
    </EventData>
    <RenderingInfo Culture=""en-US"">
      <Message>Process Create:

RuleName: -

UtcTime: 2023-12-27 19:52:20.660

ProcessGuid: {f57bd86a-8074-658c-d201-000000000f00}

ProcessId: 1864

Image: C:\Windows\System32\net.exe

FileVersion: 10.0.22621.1 (WinBuild.160101.0800)

Description: Net Command

Product: Microsoft&#174; Windows&#174; Operating System

Company: Microsoft Corporation

OriginalFileName: net.exe

CommandLine: net  share IPC$ /delete

CurrentDirectory: C:\Users\User\AppData\Local\Temp\

User: WINDEV2309EVAL\User

LogonGuid: {f57bd86a-36f9-658c-7bf8-020000000000}

LogonId: 0x2F87B

TerminalSessionId: 1

IntegrityLevel: Medium

Hashes: MD5=BB1AE49B6B7C53499E94613761A6AC56,SHA256=AFBE51517092256504F797F6A5ABC02515A09D603E8C046AE31D7D7855568E91,IMPHASH=D45C37A5C97135204AD6E116C34946C3

ParentProcessGuid: {f57bd86a-8074-658c-ce01-000000000f00}

ParentProcessId: 5168

ParentImage: C:\Windows\System32\cmd.exe

ParentCommandLine: ""cmd.exe"" /c for %i in (C$ IPC$ ADMIN$) do net share %i /delete

ParentUser: WINDEV2309EVAL\User</Message>
      <Level>Information</Level>
      <Task>Process Create (rule: ProcessCreate)</Task>
      <Opcode>Info</Opcode>
    </RenderingInfo>
  </Event>
  
"
Microsoft-Windows-Sysmon/Operational,C:\Windows\system32\net1  share C$ /delete,Microsoft Corporation,WinDev2309Eval,,C:\Users\User\AppData\Local\Temp\,Net Command,,1,19589,,10.0.22621.2506 (WinBuild.160101.0800),"MD5=7CBB1DF40115C7D3CF0FE6CCFF82708E,SHA256=50E8AB76E511A917FD8CCF149DDAC1447FD817FF703AA9FDCC51DC77AC0237BE,IMPHASH=76EE66A0F294EAB08DCAEF5E64FBF02F",C:\Windows\System32\net1.exe,Medium,0x8000000000000000,Information,{f57bd86a-36f9-658c-7bf8-020000000000},0x2f87b,"Process Create:

RuleName: -

UtcTime: 2023-12-27 19:52:20.645

ProcessGuid: {f57bd86a-8074-658c-d101-000000000f00}

ProcessId: 10924

Image: C:\Windows\System32\net1.exe

FileVersion: 10.0.22621.2506 (WinBuild.160101.0800)

Description: Net Command

Product: Microsoft® Windows® Operating System

Company: Microsoft Corporation

OriginalFileName: net1.exe

CommandLine: C:\Windows\system32\net1  share C$ /delete

CurrentDirectory: C:\Users\User\AppData\Local\Temp\

User: WINDEV2309EVAL\User

LogonGuid: {f57bd86a-36f9-658c-7bf8-020000000000}

LogonId: 0x2F87B

TerminalSessionId: 1

IntegrityLevel: Medium

Hashes: MD5=7CBB1DF40115C7D3CF0FE6CCFF82708E,SHA256=50E8AB76E511A917FD8CCF149DDAC1447FD817FF703AA9FDCC51DC77AC0237BE,IMPHASH=76EE66A0F294EAB08DCAEF5E64FBF02F

ParentProcessGuid: {f57bd86a-8074-658c-d001-000000000f00}

ParentProcessId: 7000

ParentImage: C:\Windows\System32\net.exe

ParentCommandLine: net  share C$ /delete

ParentUser: WINDEV2309EVAL\User",Info,net1.exe,net  share C$ /delete,C:\Windows\System32\net.exe,{f57bd86a-8074-658c-d001-000000000f00},7000,WINDEV2309EVAL\User,{f57bd86a-8074-658c-d101-000000000f00},3588,10924,Microsoft® Windows® Operating System,,,,"
      ",-,2023-12-27T19:52:20.6464468Z,,,Process Create (rule: ProcessCreate),1,5124,WINDEV2309EVAL\User,S-1-5-18,2023-12-27 19:52:20.645,5,"<Event xmlns=""http://schemas.microsoft.com/win/2004/08/events/event"">
    <System>
      <Provider Name=""Microsoft-Windows-Sysmon"" Guid=""{5770385f-c22a-43e0-bf4c-06f5698ffbd9}""/>
      <EventID>1</EventID>
      <Version>5</Version>
      <Level>4</Level>
      <Task>1</Task>
      <Opcode>0</Opcode>
      <Keywords>0x8000000000000000</Keywords>
      <TimeCreated SystemTime=""2023-12-27T19:52:20.6464468Z""/>
      <EventRecordID>19589</EventRecordID>
      <Correlation/>
      <Execution ProcessID=""3588"" ThreadID=""5124""/>
      <Channel>Microsoft-Windows-Sysmon/Operational</Channel>
      <Computer>WinDev2309Eval</Computer>
      <Security UserID=""S-1-5-18""/>
    </System>
    <EventData>
      <Data Name=""RuleName"">-</Data>
      <Data Name=""UtcTime"">2023-12-27 19:52:20.645</Data>
      <Data Name=""ProcessGuid"">{f57bd86a-8074-658c-d101-000000000f00}</Data>
      <Data Name=""ProcessId"">10924</Data>
      <Data Name=""Image"">C:\Windows\System32\net1.exe</Data>
      <Data Name=""FileVersion"">10.0.22621.2506 (WinBuild.160101.0800)</Data>
      <Data Name=""Description"">Net Command</Data>
      <Data Name=""Product"">Microsoft&#174; Windows&#174; Operating System</Data>
      <Data Name=""Company"">Microsoft Corporation</Data>
      <Data Name=""OriginalFileName"">net1.exe</Data>
      <Data Name=""CommandLine"">C:\Windows\system32\net1  share C$ /delete</Data>
      <Data Name=""CurrentDirectory"">C:\Users\User\AppData\Local\Temp\</Data>
      <Data Name=""User"">WINDEV2309EVAL\User</Data>
      <Data Name=""LogonGuid"">{f57bd86a-36f9-658c-7bf8-020000000000}</Data>
      <Data Name=""LogonId"">0x2f87b</Data>
      <Data Name=""TerminalSessionId"">1</Data>
      <Data Name=""IntegrityLevel"">Medium</Data>
      <Data Name=""Hashes"">MD5=7CBB1DF40115C7D3CF0FE6CCFF82708E,SHA256=50E8AB76E511A917FD8CCF149DDAC1447FD817FF703AA9FDCC51DC77AC0237BE,IMPHASH=76EE66A0F294EAB08DCAEF5E64FBF02F</Data>
      <Data Name=""ParentProcessGuid"">{f57bd86a-8074-658c-d001-000000000f00}</Data>
      <Data Name=""ParentProcessId"">7000</Data>
      <Data Name=""ParentImage"">C:\Windows\System32\net.exe</Data>
      <Data Name=""ParentCommandLine"">net  share C$ /delete</Data>
      <Data Name=""ParentUser"">WINDEV2309EVAL\User</Data>
    </EventData>
    <RenderingInfo Culture=""en-US"">
      <Message>Process Create:

RuleName: -

UtcTime: 2023-12-27 19:52:20.645

ProcessGuid: {f57bd86a-8074-658c-d101-000000000f00}

ProcessId: 10924

Image: C:\Windows\System32\net1.exe

FileVersion: 10.0.22621.2506 (WinBuild.160101.0800)

Description: Net Command

Product: Microsoft&#174; Windows&#174; Operating System

Company: Microsoft Corporation

OriginalFileName: net1.exe

CommandLine: C:\Windows\system32\net1  share C$ /delete

CurrentDirectory: C:\Users\User\AppData\Local\Temp\

User: WINDEV2309EVAL\User

LogonGuid: {f57bd86a-36f9-658c-7bf8-020000000000}

LogonId: 0x2F87B

TerminalSessionId: 1

IntegrityLevel: Medium

Hashes: MD5=7CBB1DF40115C7D3CF0FE6CCFF82708E,SHA256=50E8AB76E511A917FD8CCF149DDAC1447FD817FF703AA9FDCC51DC77AC0237BE,IMPHASH=76EE66A0F294EAB08DCAEF5E64FBF02F

ParentProcessGuid: {f57bd86a-8074-658c-d001-000000000f00}

ParentProcessId: 7000

ParentImage: C:\Windows\System32\net.exe

ParentCommandLine: net  share C$ /delete

ParentUser: WINDEV2309EVAL\User</Message>
      <Level>Information</Level>
      <Task>Process Create (rule: ProcessCreate)</Task>
      <Opcode>Info</Opcode>
    </RenderingInfo>
  </Event>
  
"
Microsoft-Windows-Sysmon/Operational,net  share C$ /delete,Microsoft Corporation,WinDev2309Eval,,C:\Users\User\AppData\Local\Temp\,Net Command,,1,19588,,10.0.22621.1 (WinBuild.160101.0800),"MD5=BB1AE49B6B7C53499E94613761A6AC56,SHA256=AFBE51517092256504F797F6A5ABC02515A09D603E8C046AE31D7D7855568E91,IMPHASH=D45C37A5C97135204AD6E116C34946C3",C:\Windows\System32\net.exe,Medium,0x8000000000000000,Information,{f57bd86a-36f9-658c-7bf8-020000000000},0x2f87b,"Process Create:

RuleName: -

UtcTime: 2023-12-27 19:52:20.637

ProcessGuid: {f57bd86a-8074-658c-d001-000000000f00}

ProcessId: 7000

Image: C:\Windows\System32\net.exe

FileVersion: 10.0.22621.1 (WinBuild.160101.0800)

Description: Net Command

Product: Microsoft® Windows® Operating System

Company: Microsoft Corporation

OriginalFileName: net.exe

CommandLine: net  share C$ /delete

CurrentDirectory: C:\Users\User\AppData\Local\Temp\

User: WINDEV2309EVAL\User

LogonGuid: {f57bd86a-36f9-658c-7bf8-020000000000}

LogonId: 0x2F87B

TerminalSessionId: 1

IntegrityLevel: Medium

Hashes: MD5=BB1AE49B6B7C53499E94613761A6AC56,SHA256=AFBE51517092256504F797F6A5ABC02515A09D603E8C046AE31D7D7855568E91,IMPHASH=D45C37A5C97135204AD6E116C34946C3

ParentProcessGuid: {f57bd86a-8074-658c-ce01-000000000f00}

ParentProcessId: 5168

ParentImage: C:\Windows\System32\cmd.exe

ParentCommandLine: ""cmd.exe"" /c for %i in (C$ IPC$ ADMIN$) do net share %i /delete

ParentUser: WINDEV2309EVAL\User",Info,net.exe,"""cmd.exe"" /c for %i in (C$ IPC$ ADMIN$) do net share %i /delete",C:\Windows\System32\cmd.exe,{f57bd86a-8074-658c-ce01-000000000f00},5168,WINDEV2309EVAL\User,{f57bd86a-8074-658c-d001-000000000f00},3588,7000,Microsoft® Windows® Operating System,,,,"
      ",-,2023-12-27T19:52:20.6384833Z,,,Process Create (rule: ProcessCreate),1,5124,WINDEV2309EVAL\User,S-1-5-18,2023-12-27 19:52:20.637,5,"<Event xmlns=""http://schemas.microsoft.com/win/2004/08/events/event"">
    <System>
      <Provider Name=""Microsoft-Windows-Sysmon"" Guid=""{5770385f-c22a-43e0-bf4c-06f5698ffbd9}""/>
      <EventID>1</EventID>
      <Version>5</Version>
      <Level>4</Level>
      <Task>1</Task>
      <Opcode>0</Opcode>
      <Keywords>0x8000000000000000</Keywords>
      <TimeCreated SystemTime=""2023-12-27T19:52:20.6384833Z""/>
      <EventRecordID>19588</EventRecordID>
      <Correlation/>
      <Execution ProcessID=""3588"" ThreadID=""5124""/>
      <Channel>Microsoft-Windows-Sysmon/Operational</Channel>
      <Computer>WinDev2309Eval</Computer>
      <Security UserID=""S-1-5-18""/>
    </System>
    <EventData>
      <Data Name=""RuleName"">-</Data>
      <Data Name=""UtcTime"">2023-12-27 19:52:20.637</Data>
      <Data Name=""ProcessGuid"">{f57bd86a-8074-658c-d001-000000000f00}</Data>
      <Data Name=""ProcessId"">7000</Data>
      <Data Name=""Image"">C:\Windows\System32\net.exe</Data>
      <Data Name=""FileVersion"">10.0.22621.1 (WinBuild.160101.0800)</Data>
      <Data Name=""Description"">Net Command</Data>
      <Data Name=""Product"">Microsoft&#174; Windows&#174; Operating System</Data>
      <Data Name=""Company"">Microsoft Corporation</Data>
      <Data Name=""OriginalFileName"">net.exe</Data>
      <Data Name=""CommandLine"">net  share C$ /delete</Data>
      <Data Name=""CurrentDirectory"">C:\Users\User\AppData\Local\Temp\</Data>
      <Data Name=""User"">WINDEV2309EVAL\User</Data>
      <Data Name=""LogonGuid"">{f57bd86a-36f9-658c-7bf8-020000000000}</Data>
      <Data Name=""LogonId"">0x2f87b</Data>
      <Data Name=""TerminalSessionId"">1</Data>
      <Data Name=""IntegrityLevel"">Medium</Data>
      <Data Name=""Hashes"">MD5=BB1AE49B6B7C53499E94613761A6AC56,SHA256=AFBE51517092256504F797F6A5ABC02515A09D603E8C046AE31D7D7855568E91,IMPHASH=D45C37A5C97135204AD6E116C34946C3</Data>
      <Data Name=""ParentProcessGuid"">{f57bd86a-8074-658c-ce01-000000000f00}</Data>
      <Data Name=""ParentProcessId"">5168</Data>
      <Data Name=""ParentImage"">C:\Windows\System32\cmd.exe</Data>
      <Data Name=""ParentCommandLine"">""cmd.exe"" /c for %i in (C$ IPC$ ADMIN$) do net share %i /delete</Data>
      <Data Name=""ParentUser"">WINDEV2309EVAL\User</Data>
    </EventData>
    <RenderingInfo Culture=""en-US"">
      <Message>Process Create:

RuleName: -

UtcTime: 2023-12-27 19:52:20.637

ProcessGuid: {f57bd86a-8074-658c-d001-000000000f00}

ProcessId: 7000

Image: C:\Windows\System32\net.exe

FileVersion: 10.0.22621.1 (WinBuild.160101.0800)

Description: Net Command

Product: Microsoft&#174; Windows&#174; Operating System

Company: Microsoft Corporation

OriginalFileName: net.exe

CommandLine: net  share C$ /delete

CurrentDirectory: C:\Users\User\AppData\Local\Temp\

User: WINDEV2309EVAL\User

LogonGuid: {f57bd86a-36f9-658c-7bf8-020000000000}

LogonId: 0x2F87B

TerminalSessionId: 1

IntegrityLevel: Medium

Hashes: MD5=BB1AE49B6B7C53499E94613761A6AC56,SHA256=AFBE51517092256504F797F6A5ABC02515A09D603E8C046AE31D7D7855568E91,IMPHASH=D45C37A5C97135204AD6E116C34946C3

ParentProcessGuid: {f57bd86a-8074-658c-ce01-000000000f00}

ParentProcessId: 5168

ParentImage: C:\Windows\System32\cmd.exe

ParentCommandLine: ""cmd.exe"" /c for %i in (C$ IPC$ ADMIN$) do net share %i /delete

ParentUser: WINDEV2309EVAL\User</Message>
      <Level>Information</Level>
      <Task>Process Create (rule: ProcessCreate)</Task>
      <Opcode>Info</Opcode>
    </RenderingInfo>
  </Event>
  
"
Microsoft-Windows-Sysmon/Operational,"""cmd.exe"" /c for %%i in (C$ IPC$ ADMIN$) do net share %%i /delete",Microsoft Corporation,WinDev2309Eval,,C:\Users\User\AppData\Local\Temp\,Windows Command Processor,,1,19587,,10.0.22621.2506 (WinBuild.160101.0800),"MD5=133D568ECCB557E37BEA1459521CBAC2,SHA256=05A30592D2C3421C41121145C6EEFA7C81FEA6B42D6233A522240A8468326B9C,IMPHASH=D73E39DAB3C8B57AA408073D01254964",C:\Windows\System32\cmd.exe,Medium,0x8000000000000000,Information,{f57bd86a-36f9-658c-7bf8-020000000000},0x2f87b,"Process Create:

RuleName: -

UtcTime: 2023-12-27 19:52:20.612

ProcessGuid: {f57bd86a-8074-658c-ce01-000000000f00}

ProcessId: 5168

Image: C:\Windows\System32\cmd.exe

FileVersion: 10.0.22621.2506 (WinBuild.160101.0800)

Description: Windows Command Processor

Product: Microsoft® Windows® Operating System

Company: Microsoft Corporation

OriginalFileName: Cmd.Exe

CommandLine: ""cmd.exe"" /c for %%i in (C$ IPC$ ADMIN$) do net share %%i /delete

CurrentDirectory: C:\Users\User\AppData\Local\Temp\

User: WINDEV2309EVAL\User

LogonGuid: {f57bd86a-36f9-658c-7bf8-020000000000}

LogonId: 0x2F87B

TerminalSessionId: 1

IntegrityLevel: Medium

Hashes: MD5=133D568ECCB557E37BEA1459521CBAC2,SHA256=05A30592D2C3421C41121145C6EEFA7C81FEA6B42D6233A522240A8468326B9C,IMPHASH=D73E39DAB3C8B57AA408073D01254964

ParentProcessGuid: {00000000-0000-0000-0000-000000000000}

ParentProcessId: 1688

ParentImage: -

ParentCommandLine: -

ParentUser: -",Info,Cmd.Exe,-,-,{00000000-0000-0000-0000-000000000000},1688,-,{f57bd86a-8074-658c-ce01-000000000f00},3588,5168,Microsoft® Windows® Operating System,,,,"
      ",-,2023-12-27T19:52:20.6130032Z,,,Process Create (rule: ProcessCreate),1,5124,WINDEV2309EVAL\User,S-1-5-18,2023-12-27 19:52:20.612,5,"<Event xmlns=""http://schemas.microsoft.com/win/2004/08/events/event"">
    <System>
      <Provider Name=""Microsoft-Windows-Sysmon"" Guid=""{5770385f-c22a-43e0-bf4c-06f5698ffbd9}""/>
      <EventID>1</EventID>
      <Version>5</Version>
      <Level>4</Level>
      <Task>1</Task>
      <Opcode>0</Opcode>
      <Keywords>0x8000000000000000</Keywords>
      <TimeCreated SystemTime=""2023-12-27T19:52:20.6130032Z""/>
      <EventRecordID>19587</EventRecordID>
      <Correlation/>
      <Execution ProcessID=""3588"" ThreadID=""5124""/>
      <Channel>Microsoft-Windows-Sysmon/Operational</Channel>
      <Computer>WinDev2309Eval</Computer>
      <Security UserID=""S-1-5-18""/>
    </System>
    <EventData>
      <Data Name=""RuleName"">-</Data>
      <Data Name=""UtcTime"">2023-12-27 19:52:20.612</Data>
      <Data Name=""ProcessGuid"">{f57bd86a-8074-658c-ce01-000000000f00}</Data>
      <Data Name=""ProcessId"">5168</Data>
      <Data Name=""Image"">C:\Windows\System32\cmd.exe</Data>
      <Data Name=""FileVersion"">10.0.22621.2506 (WinBuild.160101.0800)</Data>
      <Data Name=""Description"">Windows Command Processor</Data>
      <Data Name=""Product"">Microsoft&#174; Windows&#174; Operating System</Data>
      <Data Name=""Company"">Microsoft Corporation</Data>
      <Data Name=""OriginalFileName"">Cmd.Exe</Data>
      <Data Name=""CommandLine"">""cmd.exe"" /c for %%i in (C$ IPC$ ADMIN$) do net share %%i /delete</Data>
      <Data Name=""CurrentDirectory"">C:\Users\User\AppData\Local\Temp\</Data>
      <Data Name=""User"">WINDEV2309EVAL\User</Data>
      <Data Name=""LogonGuid"">{f57bd86a-36f9-658c-7bf8-020000000000}</Data>
      <Data Name=""LogonId"">0x2f87b</Data>
      <Data Name=""TerminalSessionId"">1</Data>
      <Data Name=""IntegrityLevel"">Medium</Data>
      <Data Name=""Hashes"">MD5=133D568ECCB557E37BEA1459521CBAC2,SHA256=05A30592D2C3421C41121145C6EEFA7C81FEA6B42D6233A522240A8468326B9C,IMPHASH=D73E39DAB3C8B57AA408073D01254964</Data>
      <Data Name=""ParentProcessGuid"">{00000000-0000-0000-0000-000000000000}</Data>
      <Data Name=""ParentProcessId"">1688</Data>
      <Data Name=""ParentImage"">-</Data>
      <Data Name=""ParentCommandLine"">-</Data>
      <Data Name=""ParentUser"">-</Data>
    </EventData>
    <RenderingInfo Culture=""en-US"">
      <Message>Process Create:

RuleName: -

UtcTime: 2023-12-27 19:52:20.612

ProcessGuid: {f57bd86a-8074-658c-ce01-000000000f00}

ProcessId: 5168

Image: C:\Windows\System32\cmd.exe

FileVersion: 10.0.22621.2506 (WinBuild.160101.0800)

Description: Windows Command Processor

Product: Microsoft&#174; Windows&#174; Operating System

Company: Microsoft Corporation

OriginalFileName: Cmd.Exe

CommandLine: ""cmd.exe"" /c for %%i in (C$ IPC$ ADMIN$) do net share %%i /delete

CurrentDirectory: C:\Users\User\AppData\Local\Temp\

User: WINDEV2309EVAL\User

LogonGuid: {f57bd86a-36f9-658c-7bf8-020000000000}

LogonId: 0x2F87B

TerminalSessionId: 1

IntegrityLevel: Medium

Hashes: MD5=133D568ECCB557E37BEA1459521CBAC2,SHA256=05A30592D2C3421C41121145C6EEFA7C81FEA6B42D6233A522240A8468326B9C,IMPHASH=D73E39DAB3C8B57AA408073D01254964

ParentProcessGuid: {00000000-0000-0000-0000-000000000000}

ParentProcessId: 1688

ParentImage: -

ParentCommandLine: -

ParentUser: -</Message>
      <Level>Information</Level>
      <Task>Process Create (rule: ProcessCreate)</Task>
      <Opcode>Info</Opcode>
    </RenderingInfo>
  </Event>
  
"
Microsoft-Windows-Sysmon/Operational,"reg  add ""HKEY_LOCAL_MACHINE\SYSTEM\CurrentControlSet\Services\LanmanServer\Parameters"" /v AutoShareWks /t REG_DWORD /d 0 /f",Microsoft Corporation,WinDev2309Eval,,C:\Users\User\AppData\Local\Temp\,Registry Console Tool,,1,19586,,10.0.22621.1 (WinBuild.160101.0800),"MD5=CDB58D0BCABE76AFC60428F364834463,SHA256=411AE446FE37B30C0727888C7FA5E88994A46DAFD41AA5B3B06C9E884549AFDE,IMPHASH=1085BD82B37A225F6D356012D2E69C3D",C:\Windows\System32\reg.exe,Medium,0x8000000000000000,Information,{f57bd86a-36f9-658c-7bf8-020000000000},0x2f87b,"Process Create:

RuleName: -

UtcTime: 2023-12-27 19:52:20.422

ProcessGuid: {f57bd86a-8074-658c-cd01-000000000f00}

ProcessId: 7768

Image: C:\Windows\System32\reg.exe

FileVersion: 10.0.22621.1 (WinBuild.160101.0800)

Description: Registry Console Tool

Product: Microsoft® Windows® Operating System

Company: Microsoft Corporation

OriginalFileName: reg.exe

CommandLine: reg  add ""HKEY_LOCAL_MACHINE\SYSTEM\CurrentControlSet\Services\LanmanServer\Parameters"" /v AutoShareWks /t REG_DWORD /d 0 /f

CurrentDirectory: C:\Users\User\AppData\Local\Temp\

User: WINDEV2309EVAL\User

LogonGuid: {f57bd86a-36f9-658c-7bf8-020000000000}

LogonId: 0x2F87B

TerminalSessionId: 1

IntegrityLevel: Medium

Hashes: MD5=CDB58D0BCABE76AFC60428F364834463,SHA256=411AE446FE37B30C0727888C7FA5E88994A46DAFD41AA5B3B06C9E884549AFDE,IMPHASH=1085BD82B37A225F6D356012D2E69C3D

ParentProcessGuid: {f57bd86a-8074-658c-ca01-000000000f00}

ParentProcessId: 8328

ParentImage: C:\Windows\System32\cmd.exe

ParentCommandLine: ""cmd.exe"" /c reg add ""HKEY_LOCAL_MACHINE\SYSTEM\CurrentControlSet\Services\LanmanServer\Parameters"" /v AutoShareServer /t REG_DWORD /d 0 /f & reg add ""HKEY_LOCAL_MACHINE\SYSTEM\CurrentControlSet\Services\LanmanServer\Parameters"" /v AutoShareWks /t REG_DWORD /d 0 /f

ParentUser: WINDEV2309EVAL\User",Info,reg.exe,"""cmd.exe"" /c reg add ""HKEY_LOCAL_MACHINE\SYSTEM\CurrentControlSet\Services\LanmanServer\Parameters"" /v AutoShareServer /t REG_DWORD /d 0 /f & reg add ""HKEY_LOCAL_MACHINE\SYSTEM\CurrentControlSet\Services\LanmanServer\Parameters"" /v AutoShareWks /t REG_DWORD /d 0 /f",C:\Windows\System32\cmd.exe,{f57bd86a-8074-658c-ca01-000000000f00},8328,WINDEV2309EVAL\User,{f57bd86a-8074-658c-cd01-000000000f00},3588,7768,Microsoft® Windows® Operating System,,,,"
      ",-,2023-12-27T19:52:20.4237681Z,,,Process Create (rule: ProcessCreate),1,5124,WINDEV2309EVAL\User,S-1-5-18,2023-12-27 19:52:20.422,5,"<Event xmlns=""http://schemas.microsoft.com/win/2004/08/events/event"">
    <System>
      <Provider Name=""Microsoft-Windows-Sysmon"" Guid=""{5770385f-c22a-43e0-bf4c-06f5698ffbd9}""/>
      <EventID>1</EventID>
      <Version>5</Version>
      <Level>4</Level>
      <Task>1</Task>
      <Opcode>0</Opcode>
      <Keywords>0x8000000000000000</Keywords>
      <TimeCreated SystemTime=""2023-12-27T19:52:20.4237681Z""/>
      <EventRecordID>19586</EventRecordID>
      <Correlation/>
      <Execution ProcessID=""3588"" ThreadID=""5124""/>
      <Channel>Microsoft-Windows-Sysmon/Operational</Channel>
      <Computer>WinDev2309Eval</Computer>
      <Security UserID=""S-1-5-18""/>
    </System>
    <EventData>
      <Data Name=""RuleName"">-</Data>
      <Data Name=""UtcTime"">2023-12-27 19:52:20.422</Data>
      <Data Name=""ProcessGuid"">{f57bd86a-8074-658c-cd01-000000000f00}</Data>
      <Data Name=""ProcessId"">7768</Data>
      <Data Name=""Image"">C:\Windows\System32\reg.exe</Data>
      <Data Name=""FileVersion"">10.0.22621.1 (WinBuild.160101.0800)</Data>
      <Data Name=""Description"">Registry Console Tool</Data>
      <Data Name=""Product"">Microsoft&#174; Windows&#174; Operating System</Data>
      <Data Name=""Company"">Microsoft Corporation</Data>
      <Data Name=""OriginalFileName"">reg.exe</Data>
      <Data Name=""CommandLine"">reg  add ""HKEY_LOCAL_MACHINE\SYSTEM\CurrentControlSet\Services\LanmanServer\Parameters"" /v AutoShareWks /t REG_DWORD /d 0 /f</Data>
      <Data Name=""CurrentDirectory"">C:\Users\User\AppData\Local\Temp\</Data>
      <Data Name=""User"">WINDEV2309EVAL\User</Data>
      <Data Name=""LogonGuid"">{f57bd86a-36f9-658c-7bf8-020000000000}</Data>
      <Data Name=""LogonId"">0x2f87b</Data>
      <Data Name=""TerminalSessionId"">1</Data>
      <Data Name=""IntegrityLevel"">Medium</Data>
      <Data Name=""Hashes"">MD5=CDB58D0BCABE76AFC60428F364834463,SHA256=411AE446FE37B30C0727888C7FA5E88994A46DAFD41AA5B3B06C9E884549AFDE,IMPHASH=1085BD82B37A225F6D356012D2E69C3D</Data>
      <Data Name=""ParentProcessGuid"">{f57bd86a-8074-658c-ca01-000000000f00}</Data>
      <Data Name=""ParentProcessId"">8328</Data>
      <Data Name=""ParentImage"">C:\Windows\System32\cmd.exe</Data>
      <Data Name=""ParentCommandLine"">""cmd.exe"" /c reg add ""HKEY_LOCAL_MACHINE\SYSTEM\CurrentControlSet\Services\LanmanServer\Parameters"" /v AutoShareServer /t REG_DWORD /d 0 /f &amp; reg add ""HKEY_LOCAL_MACHINE\SYSTEM\CurrentControlSet\Services\LanmanServer\Parameters"" /v AutoShareWks /t REG_DWORD /d 0 /f</Data>
      <Data Name=""ParentUser"">WINDEV2309EVAL\User</Data>
    </EventData>
    <RenderingInfo Culture=""en-US"">
      <Message>Process Create:

RuleName: -

UtcTime: 2023-12-27 19:52:20.422

ProcessGuid: {f57bd86a-8074-658c-cd01-000000000f00}

ProcessId: 7768

Image: C:\Windows\System32\reg.exe

FileVersion: 10.0.22621.1 (WinBuild.160101.0800)

Description: Registry Console Tool

Product: Microsoft&#174; Windows&#174; Operating System

Company: Microsoft Corporation

OriginalFileName: reg.exe

CommandLine: reg  add ""HKEY_LOCAL_MACHINE\SYSTEM\CurrentControlSet\Services\LanmanServer\Parameters"" /v AutoShareWks /t REG_DWORD /d 0 /f

CurrentDirectory: C:\Users\User\AppData\Local\Temp\

User: WINDEV2309EVAL\User

LogonGuid: {f57bd86a-36f9-658c-7bf8-020000000000}

LogonId: 0x2F87B

TerminalSessionId: 1

IntegrityLevel: Medium

Hashes: MD5=CDB58D0BCABE76AFC60428F364834463,SHA256=411AE446FE37B30C0727888C7FA5E88994A46DAFD41AA5B3B06C9E884549AFDE,IMPHASH=1085BD82B37A225F6D356012D2E69C3D

ParentProcessGuid: {f57bd86a-8074-658c-ca01-000000000f00}

ParentProcessId: 8328

ParentImage: C:\Windows\System32\cmd.exe

ParentCommandLine: ""cmd.exe"" /c reg add ""HKEY_LOCAL_MACHINE\SYSTEM\CurrentControlSet\Services\LanmanServer\Parameters"" /v AutoShareServer /t REG_DWORD /d 0 /f &amp; reg add ""HKEY_LOCAL_MACHINE\SYSTEM\CurrentControlSet\Services\LanmanServer\Parameters"" /v AutoShareWks /t REG_DWORD /d 0 /f

ParentUser: WINDEV2309EVAL\User</Message>
      <Level>Information</Level>
      <Task>Process Create (rule: ProcessCreate)</Task>
      <Opcode>Info</Opcode>
    </RenderingInfo>
  </Event>
  
"
