Microsoft-Windows-Sysmon/Operational,,,WinDev2309Eval,2023-12-02 10:04:50.000,,,,,,,,,11,9603,,,,C:\Windows\system32\svchost.exe,,,0x8000000000000000,Information,,,"File created:

RuleName: DLL

UtcTime: 2023-12-28 12:20:48.854

ProcessGuid: {fda94052-34fa-658d-8a00-000000000b00}

ProcessId: 5868

Image: C:\Windows\system32\svchost.exe

TargetFilename: C:\Windows\SoftwareDistribution\Download\7bd97cc524ebd8114e77ca1991fbf2f3\Metadata\Mitigation.dll

CreationUtcTime: 2023-12-02 10:04:50.000

User: NT AUTHORITY\SYSTEM",Info,,,,,,,{fda94052-34fa-658d-8a00-000000000b00},7044,5868,,,,,,"
      ",DLL,,,,,,2023-12-28T12:20:48.8552774Z,C:\Windows\SoftwareDistribution\Download\7bd97cc524ebd8114e77ca1991fbf2f3\Metadata\Mitigation.dll,,File created (rule: FileCreate),,6672,NT AUTHORITY\SYSTEM,S-1-5-18,2023-12-28 12:20:48.854,2,"<Event xmlns=""http://schemas.microsoft.com/win/2004/08/events/event"">
    <System>
      <Provider Name=""Microsoft-Windows-Sysmon"" Guid=""{5770385f-c22a-43e0-bf4c-06f5698ffbd9}""/>
      <EventID>11</EventID>
      <Version>2</Version>
      <Level>4</Level>
      <Task>11</Task>
      <Opcode>0</Opcode>
      <Keywords>0x8000000000000000</Keywords>
      <TimeCreated SystemTime=""2023-12-28T12:20:48.8552774Z""/>
      <EventRecordID>9603</EventRecordID>
      <Correlation/>
      <Execution ProcessID=""7044"" ThreadID=""6672""/>
      <Channel>Microsoft-Windows-Sysmon/Operational</Channel>
      <Computer>WinDev2309Eval</Computer>
      <Security UserID=""S-1-5-18""/>
    </System>
    <EventData>
      <Data Name=""RuleName"">DLL</Data>
      <Data Name=""UtcTime"">2023-12-28 12:20:48.854</Data>
      <Data Name=""ProcessGuid"">{fda94052-34fa-658d-8a00-000000000b00}</Data>
      <Data Name=""ProcessId"">5868</Data>
      <Data Name=""Image"">C:\Windows\system32\svchost.exe</Data>
      <Data Name=""TargetFilename"">C:\Windows\SoftwareDistribution\Download\7bd97cc524ebd8114e77ca1991fbf2f3\Metadata\Mitigation.dll</Data>
      <Data Name=""CreationUtcTime"">2023-12-02 10:04:50.000</Data>
      <Data Name=""User"">NT AUTHORITY\SYSTEM</Data>
    </EventData>
    <RenderingInfo Culture=""en-US"">
      <Message>File created:

RuleName: DLL

UtcTime: 2023-12-28 12:20:48.854

ProcessGuid: {fda94052-34fa-658d-8a00-000000000b00}

ProcessId: 5868

Image: C:\Windows\system32\svchost.exe

TargetFilename: C:\Windows\SoftwareDistribution\Download\7bd97cc524ebd8114e77ca1991fbf2f3\Metadata\Mitigation.dll

CreationUtcTime: 2023-12-02 10:04:50.000

User: NT AUTHORITY\SYSTEM</Message>
      <Level>Information</Level>
      <Task>File created (rule: FileCreate)</Task>
      <Opcode>Info</Opcode>
    </RenderingInfo>
  </Event>
  
"
Microsoft-Windows-Sysmon/Operational,,,WinDev2309Eval,2023-12-02 04:13:54.000,,,,,,,,,11,9602,,,,C:\Windows\system32\svchost.exe,,,0x8000000000000000,Information,,,"File created:

RuleName: DLL

UtcTime: 2023-12-28 12:20:48.839

ProcessGuid: {fda94052-34fa-658d-8a00-000000000b00}

ProcessId: 5868

Image: C:\Windows\system32\svchost.exe

TargetFilename: C:\Windows\SoftwareDistribution\Download\7bd97cc524ebd8114e77ca1991fbf2f3\Metadata\dpx.dll

CreationUtcTime: 2023-12-02 04:13:54.000

User: NT AUTHORITY\SYSTEM",Info,,,,,,,{fda94052-34fa-658d-8a00-000000000b00},7044,5868,,,,,,"
      ",DLL,,,,,,2023-12-28T12:20:48.8488095Z,C:\Windows\SoftwareDistribution\Download\7bd97cc524ebd8114e77ca1991fbf2f3\Metadata\dpx.dll,,File created (rule: FileCreate),,6672,NT AUTHORITY\SYSTEM,S-1-5-18,2023-12-28 12:20:48.839,2,"<Event xmlns=""http://schemas.microsoft.com/win/2004/08/events/event"">
    <System>
      <Provider Name=""Microsoft-Windows-Sysmon"" Guid=""{5770385f-c22a-43e0-bf4c-06f5698ffbd9}""/>
      <EventID>11</EventID>
      <Version>2</Version>
      <Level>4</Level>
      <Task>11</Task>
      <Opcode>0</Opcode>
      <Keywords>0x8000000000000000</Keywords>
      <TimeCreated SystemTime=""2023-12-28T12:20:48.8488095Z""/>
      <EventRecordID>9602</EventRecordID>
      <Correlation/>
      <Execution ProcessID=""7044"" ThreadID=""6672""/>
      <Channel>Microsoft-Windows-Sysmon/Operational</Channel>
      <Computer>WinDev2309Eval</Computer>
      <Security UserID=""S-1-5-18""/>
    </System>
    <EventData>
      <Data Name=""RuleName"">DLL</Data>
      <Data Name=""UtcTime"">2023-12-28 12:20:48.839</Data>
      <Data Name=""ProcessGuid"">{fda94052-34fa-658d-8a00-000000000b00}</Data>
      <Data Name=""ProcessId"">5868</Data>
      <Data Name=""Image"">C:\Windows\system32\svchost.exe</Data>
      <Data Name=""TargetFilename"">C:\Windows\SoftwareDistribution\Download\7bd97cc524ebd8114e77ca1991fbf2f3\Metadata\dpx.dll</Data>
      <Data Name=""CreationUtcTime"">2023-12-02 04:13:54.000</Data>
      <Data Name=""User"">NT AUTHORITY\SYSTEM</Data>
    </EventData>
    <RenderingInfo Culture=""en-US"">
      <Message>File created:

RuleName: DLL

UtcTime: 2023-12-28 12:20:48.839

ProcessGuid: {fda94052-34fa-658d-8a00-000000000b00}

ProcessId: 5868

Image: C:\Windows\system32\svchost.exe

TargetFilename: C:\Windows\SoftwareDistribution\Download\7bd97cc524ebd8114e77ca1991fbf2f3\Metadata\dpx.dll

CreationUtcTime: 2023-12-02 04:13:54.000

User: NT AUTHORITY\SYSTEM</Message>
      <Level>Information</Level>
      <Task>File created (rule: FileCreate)</Task>
      <Opcode>Info</Opcode>
    </RenderingInfo>
  </Event>
  
"
Microsoft-Windows-Sysmon/Operational,,,WinDev2309Eval,2023-12-02 04:13:52.000,,,,,,,,,11,9601,,,,C:\Windows\system32\svchost.exe,,,0x8000000000000000,Information,,,"File created:

RuleName: DLL

UtcTime: 2023-12-28 12:20:48.808

ProcessGuid: {fda94052-34fa-658d-8a00-000000000b00}

ProcessId: 5868

Image: C:\Windows\system32\svchost.exe

TargetFilename: C:\Windows\SoftwareDistribution\Download\7bd97cc524ebd8114e77ca1991fbf2f3\Metadata\UpdateAgent.dll

CreationUtcTime: 2023-12-02 04:13:52.000

User: NT AUTHORITY\SYSTEM",Info,,,,,,,{fda94052-34fa-658d-8a00-000000000b00},7044,5868,,,,,,"
      ",DLL,,,,,,2023-12-28T12:20:48.8188383Z,C:\Windows\SoftwareDistribution\Download\7bd97cc524ebd8114e77ca1991fbf2f3\Metadata\UpdateAgent.dll,,File created (rule: FileCreate),,6672,NT AUTHORITY\SYSTEM,S-1-5-18,2023-12-28 12:20:48.808,2,"<Event xmlns=""http://schemas.microsoft.com/win/2004/08/events/event"">
    <System>
      <Provider Name=""Microsoft-Windows-Sysmon"" Guid=""{5770385f-c22a-43e0-bf4c-06f5698ffbd9}""/>
      <EventID>11</EventID>
      <Version>2</Version>
      <Level>4</Level>
      <Task>11</Task>
      <Opcode>0</Opcode>
      <Keywords>0x8000000000000000</Keywords>
      <TimeCreated SystemTime=""2023-12-28T12:20:48.8188383Z""/>
      <EventRecordID>9601</EventRecordID>
      <Correlation/>
      <Execution ProcessID=""7044"" ThreadID=""6672""/>
      <Channel>Microsoft-Windows-Sysmon/Operational</Channel>
      <Computer>WinDev2309Eval</Computer>
      <Security UserID=""S-1-5-18""/>
    </System>
    <EventData>
      <Data Name=""RuleName"">DLL</Data>
      <Data Name=""UtcTime"">2023-12-28 12:20:48.808</Data>
      <Data Name=""ProcessGuid"">{fda94052-34fa-658d-8a00-000000000b00}</Data>
      <Data Name=""ProcessId"">5868</Data>
      <Data Name=""Image"">C:\Windows\system32\svchost.exe</Data>
      <Data Name=""TargetFilename"">C:\Windows\SoftwareDistribution\Download\7bd97cc524ebd8114e77ca1991fbf2f3\Metadata\UpdateAgent.dll</Data>
      <Data Name=""CreationUtcTime"">2023-12-02 04:13:52.000</Data>
      <Data Name=""User"">NT AUTHORITY\SYSTEM</Data>
    </EventData>
    <RenderingInfo Culture=""en-US"">
      <Message>File created:

RuleName: DLL

UtcTime: 2023-12-28 12:20:48.808

ProcessGuid: {fda94052-34fa-658d-8a00-000000000b00}

ProcessId: 5868

Image: C:\Windows\system32\svchost.exe

TargetFilename: C:\Windows\SoftwareDistribution\Download\7bd97cc524ebd8114e77ca1991fbf2f3\Metadata\UpdateAgent.dll

CreationUtcTime: 2023-12-02 04:13:52.000

User: NT AUTHORITY\SYSTEM</Message>
      <Level>Information</Level>
      <Task>File created (rule: FileCreate)</Task>
      <Opcode>Info</Opcode>
    </RenderingInfo>
  </Event>
  
"
Microsoft-Windows-Sysmon/Operational,,,WinDev2309Eval,2023-12-28 12:20:48.620,,,,,,,,,11,9600,,,,C:\Windows\system32\svchost.exe,,,0x8000000000000000,Information,,,"File created:

RuleName: DLL

UtcTime: 2023-12-28 12:20:48.620

ProcessGuid: {fda94052-34fa-658d-8a00-000000000b00}

ProcessId: 5868

Image: C:\Windows\system32\svchost.exe

TargetFilename: C:\Windows\SystemTemp\{AD634623-7726-4124-A28E-114E16CCD869}\ssshim.dll

CreationUtcTime: 2023-12-28 12:20:48.620

User: NT AUTHORITY\SYSTEM",Info,,,,,,,{fda94052-34fa-658d-8a00-000000000b00},7044,5868,,,,,,"
      ",DLL,,,,,,2023-12-28T12:20:48.6332517Z,C:\Windows\SystemTemp\{AD634623-7726-4124-A28E-114E16CCD869}\ssshim.dll,,File created (rule: FileCreate),,6672,NT AUTHORITY\SYSTEM,S-1-5-18,2023-12-28 12:20:48.620,2,"<Event xmlns=""http://schemas.microsoft.com/win/2004/08/events/event"">
    <System>
      <Provider Name=""Microsoft-Windows-Sysmon"" Guid=""{5770385f-c22a-43e0-bf4c-06f5698ffbd9}""/>
      <EventID>11</EventID>
      <Version>2</Version>
      <Level>4</Level>
      <Task>11</Task>
      <Opcode>0</Opcode>
      <Keywords>0x8000000000000000</Keywords>
      <TimeCreated SystemTime=""2023-12-28T12:20:48.6332517Z""/>
      <EventRecordID>9600</EventRecordID>
      <Correlation/>
      <Execution ProcessID=""7044"" ThreadID=""6672""/>
      <Channel>Microsoft-Windows-Sysmon/Operational</Channel>
      <Computer>WinDev2309Eval</Computer>
      <Security UserID=""S-1-5-18""/>
    </System>
    <EventData>
      <Data Name=""RuleName"">DLL</Data>
      <Data Name=""UtcTime"">2023-12-28 12:20:48.620</Data>
      <Data Name=""ProcessGuid"">{fda94052-34fa-658d-8a00-000000000b00}</Data>
      <Data Name=""ProcessId"">5868</Data>
      <Data Name=""Image"">C:\Windows\system32\svchost.exe</Data>
      <Data Name=""TargetFilename"">C:\Windows\SystemTemp\{AD634623-7726-4124-A28E-114E16CCD869}\ssshim.dll</Data>
      <Data Name=""CreationUtcTime"">2023-12-28 12:20:48.620</Data>
      <Data Name=""User"">NT AUTHORITY\SYSTEM</Data>
    </EventData>
    <RenderingInfo Culture=""en-US"">
      <Message>File created:

RuleName: DLL

UtcTime: 2023-12-28 12:20:48.620

ProcessGuid: {fda94052-34fa-658d-8a00-000000000b00}

ProcessId: 5868

Image: C:\Windows\system32\svchost.exe

TargetFilename: C:\Windows\SystemTemp\{AD634623-7726-4124-A28E-114E16CCD869}\ssshim.dll

CreationUtcTime: 2023-12-28 12:20:48.620

User: NT AUTHORITY\SYSTEM</Message>
      <Level>Information</Level>
      <Task>File created (rule: FileCreate)</Task>
      <Opcode>Info</Opcode>
    </RenderingInfo>
  </Event>
  
"
Microsoft-Windows-Sysmon/Operational,,,WinDev2309Eval,2023-12-28 12:20:48.557,,,,,,,,,11,9599,,,,C:\Windows\uus\packages\preview\AMD64\MoUsoCoreWorker.exe,,,0x8000000000000000,Information,,,"File created:

RuleName: DLL

UtcTime: 2023-12-28 12:20:48.557

ProcessGuid: {fda94052-34fa-658d-8900-000000000b00}

ProcessId: 5812

Image: C:\Windows\uus\packages\preview\AMD64\MoUsoCoreWorker.exe

TargetFilename: C:\Windows\SystemTemp\{E714F9AC-18E4-46A5-9FD8-491B374B0DF2}\ssshim.dll

CreationUtcTime: 2023-12-28 12:20:48.557

User: NT AUTHORITY\SYSTEM",Info,,,,,,,{fda94052-34fa-658d-8900-000000000b00},7044,5812,,,,,,"
      ",DLL,,,,,,2023-12-28T12:20:48.5596007Z,C:\Windows\SystemTemp\{E714F9AC-18E4-46A5-9FD8-491B374B0DF2}\ssshim.dll,,File created (rule: FileCreate),,6672,NT AUTHORITY\SYSTEM,S-1-5-18,2023-12-28 12:20:48.557,2,"<Event xmlns=""http://schemas.microsoft.com/win/2004/08/events/event"">
    <System>
      <Provider Name=""Microsoft-Windows-Sysmon"" Guid=""{5770385f-c22a-43e0-bf4c-06f5698ffbd9}""/>
      <EventID>11</EventID>
      <Version>2</Version>
      <Level>4</Level>
      <Task>11</Task>
      <Opcode>0</Opcode>
      <Keywords>0x8000000000000000</Keywords>
      <TimeCreated SystemTime=""2023-12-28T12:20:48.5596007Z""/>
      <EventRecordID>9599</EventRecordID>
      <Correlation/>
      <Execution ProcessID=""7044"" ThreadID=""6672""/>
      <Channel>Microsoft-Windows-Sysmon/Operational</Channel>
      <Computer>WinDev2309Eval</Computer>
      <Security UserID=""S-1-5-18""/>
    </System>
    <EventData>
      <Data Name=""RuleName"">DLL</Data>
      <Data Name=""UtcTime"">2023-12-28 12:20:48.557</Data>
      <Data Name=""ProcessGuid"">{fda94052-34fa-658d-8900-000000000b00}</Data>
      <Data Name=""ProcessId"">5812</Data>
      <Data Name=""Image"">C:\Windows\uus\packages\preview\AMD64\MoUsoCoreWorker.exe</Data>
      <Data Name=""TargetFilename"">C:\Windows\SystemTemp\{E714F9AC-18E4-46A5-9FD8-491B374B0DF2}\ssshim.dll</Data>
      <Data Name=""CreationUtcTime"">2023-12-28 12:20:48.557</Data>
      <Data Name=""User"">NT AUTHORITY\SYSTEM</Data>
    </EventData>
    <RenderingInfo Culture=""en-US"">
      <Message>File created:

RuleName: DLL

UtcTime: 2023-12-28 12:20:48.557

ProcessGuid: {fda94052-34fa-658d-8900-000000000b00}

ProcessId: 5812

Image: C:\Windows\uus\packages\preview\AMD64\MoUsoCoreWorker.exe

TargetFilename: C:\Windows\SystemTemp\{E714F9AC-18E4-46A5-9FD8-491B374B0DF2}\ssshim.dll

CreationUtcTime: 2023-12-28 12:20:48.557

User: NT AUTHORITY\SYSTEM</Message>
      <Level>Information</Level>
      <Task>File created (rule: FileCreate)</Task>
      <Opcode>Info</Opcode>
    </RenderingInfo>
  </Event>
  
"
Microsoft-Windows-Sysmon/Operational,"""C:\ProgramData\Microsoft\Windows Defender\Platform\4.18.23080.2006-0\MsMpEng.exe""",Microsoft Corporation,WinDev2309Eval,,C:\Windows\system32\,Antimalware Service Executable,,,,,,,1,9598,,4.18.23080.2006 (04d8e871ffe7ba6b2204046883e1ad9b7a5989ce),"MD5=7120C627B036F44F8633706AC5F251CA,SHA256=31F19046651E84CECB482DC7936CCDD57AA599A7FAE8D4239803AD994ED798EA,IMPHASH=F2F0F138D672330C2C2E13D31F23A439",C:\ProgramData\Microsoft\Windows Defender\Platform\4.18.23080.2006-0\MsMpEng.exe,,System,0x8000000000000000,Information,{fda94052-34eb-658d-e703-000000000000},0x3e7,"Process Create:

RuleName: -

UtcTime: 2023-12-28 12:20:48.543

ProcessGuid: {fda94052-6820-658d-8002-000000000b00}

ProcessId: 4700

Image: C:\ProgramData\Microsoft\Windows Defender\Platform\4.18.23080.2006-0\MsMpEng.exe

FileVersion: 4.18.23080.2006 (04d8e871ffe7ba6b2204046883e1ad9b7a5989ce)

Description: Antimalware Service Executable

Product: Microsoft® Windows® Operating System

Company: Microsoft Corporation

OriginalFileName: MsMpEng.exe

CommandLine: ""C:\ProgramData\Microsoft\Windows Defender\Platform\4.18.23080.2006-0\MsMpEng.exe""

CurrentDirectory: C:\Windows\system32\

User: NT AUTHORITY\SYSTEM

LogonGuid: {fda94052-34eb-658d-e703-000000000000}

LogonId: 0x3E7

TerminalSessionId: 0

IntegrityLevel: System

Hashes: MD5=7120C627B036F44F8633706AC5F251CA,SHA256=31F19046651E84CECB482DC7936CCDD57AA599A7FAE8D4239803AD994ED798EA,IMPHASH=F2F0F138D672330C2C2E13D31F23A439

ParentProcessGuid: {fda94052-34eb-658d-0b00-000000000b00}

ParentProcessId: 788

ParentImage: C:\Windows\System32\services.exe

ParentCommandLine: C:\Windows\system32\services.exe

ParentUser: NT AUTHORITY\SYSTEM",Info,MsMpEng.exe,C:\Windows\system32\services.exe,C:\Windows\System32\services.exe,{fda94052-34eb-658d-0b00-000000000b00},788,NT AUTHORITY\SYSTEM,{fda94052-6820-658d-8002-000000000b00},7044,4700,Microsoft® Windows® Operating System,,,,,"
      ",-,,,,,,2023-12-28T12:20:48.5459502Z,,,Process Create (rule: ProcessCreate),0,6672,NT AUTHORITY\SYSTEM,S-1-5-18,2023-12-28 12:20:48.543,5,"<Event xmlns=""http://schemas.microsoft.com/win/2004/08/events/event"">
    <System>
      <Provider Name=""Microsoft-Windows-Sysmon"" Guid=""{5770385f-c22a-43e0-bf4c-06f5698ffbd9}""/>
      <EventID>1</EventID>
      <Version>5</Version>
      <Level>4</Level>
      <Task>1</Task>
      <Opcode>0</Opcode>
      <Keywords>0x8000000000000000</Keywords>
      <TimeCreated SystemTime=""2023-12-28T12:20:48.5459502Z""/>
      <EventRecordID>9598</EventRecordID>
      <Correlation/>
      <Execution ProcessID=""7044"" ThreadID=""6672""/>
      <Channel>Microsoft-Windows-Sysmon/Operational</Channel>
      <Computer>WinDev2309Eval</Computer>
      <Security UserID=""S-1-5-18""/>
    </System>
    <EventData>
      <Data Name=""RuleName"">-</Data>
      <Data Name=""UtcTime"">2023-12-28 12:20:48.543</Data>
      <Data Name=""ProcessGuid"">{fda94052-6820-658d-8002-000000000b00}</Data>
      <Data Name=""ProcessId"">4700</Data>
      <Data Name=""Image"">C:\ProgramData\Microsoft\Windows Defender\Platform\4.18.23080.2006-0\MsMpEng.exe</Data>
      <Data Name=""FileVersion"">4.18.23080.2006 (04d8e871ffe7ba6b2204046883e1ad9b7a5989ce)</Data>
      <Data Name=""Description"">Antimalware Service Executable</Data>
      <Data Name=""Product"">Microsoft&#174; Windows&#174; Operating System</Data>
      <Data Name=""Company"">Microsoft Corporation</Data>
      <Data Name=""OriginalFileName"">MsMpEng.exe</Data>
      <Data Name=""CommandLine"">""C:\ProgramData\Microsoft\Windows Defender\Platform\4.18.23080.2006-0\MsMpEng.exe""</Data>
      <Data Name=""CurrentDirectory"">C:\Windows\system32\</Data>
      <Data Name=""User"">NT AUTHORITY\SYSTEM</Data>
      <Data Name=""LogonGuid"">{fda94052-34eb-658d-e703-000000000000}</Data>
      <Data Name=""LogonId"">0x3e7</Data>
      <Data Name=""TerminalSessionId"">0</Data>
      <Data Name=""IntegrityLevel"">System</Data>
      <Data Name=""Hashes"">MD5=7120C627B036F44F8633706AC5F251CA,SHA256=31F19046651E84CECB482DC7936CCDD57AA599A7FAE8D4239803AD994ED798EA,IMPHASH=F2F0F138D672330C2C2E13D31F23A439</Data>
      <Data Name=""ParentProcessGuid"">{fda94052-34eb-658d-0b00-000000000b00}</Data>
      <Data Name=""ParentProcessId"">788</Data>
      <Data Name=""ParentImage"">C:\Windows\System32\services.exe</Data>
      <Data Name=""ParentCommandLine"">C:\Windows\system32\services.exe</Data>
      <Data Name=""ParentUser"">NT AUTHORITY\SYSTEM</Data>
    </EventData>
    <RenderingInfo Culture=""en-US"">
      <Message>Process Create:

RuleName: -

UtcTime: 2023-12-28 12:20:48.543

ProcessGuid: {fda94052-6820-658d-8002-000000000b00}

ProcessId: 4700

Image: C:\ProgramData\Microsoft\Windows Defender\Platform\4.18.23080.2006-0\MsMpEng.exe

FileVersion: 4.18.23080.2006 (04d8e871ffe7ba6b2204046883e1ad9b7a5989ce)

Description: Antimalware Service Executable

Product: Microsoft&#174; Windows&#174; Operating System

Company: Microsoft Corporation

OriginalFileName: MsMpEng.exe

CommandLine: ""C:\ProgramData\Microsoft\Windows Defender\Platform\4.18.23080.2006-0\MsMpEng.exe""

CurrentDirectory: C:\Windows\system32\

User: NT AUTHORITY\SYSTEM

LogonGuid: {fda94052-34eb-658d-e703-000000000000}

LogonId: 0x3E7

TerminalSessionId: 0

IntegrityLevel: System

Hashes: MD5=7120C627B036F44F8633706AC5F251CA,SHA256=31F19046651E84CECB482DC7936CCDD57AA599A7FAE8D4239803AD994ED798EA,IMPHASH=F2F0F138D672330C2C2E13D31F23A439

ParentProcessGuid: {fda94052-34eb-658d-0b00-000000000b00}

ParentProcessId: 788

ParentImage: C:\Windows\System32\services.exe

ParentCommandLine: C:\Windows\system32\services.exe

ParentUser: NT AUTHORITY\SYSTEM</Message>
      <Level>Information</Level>
      <Task>Process Create (rule: ProcessCreate)</Task>
      <Opcode>Info</Opcode>
    </RenderingInfo>
  </Event>
  
"
Microsoft-Windows-Sysmon/Operational,,,WinDev2309Eval,,,,,,,,,DWORD (0x00000003),13,9597,SetValue,,,C:\Windows\system32\services.exe,,,0x8000000000000000,Information,,,"Registry value set:

RuleName: T1031,T1050

EventType: SetValue

UtcTime: 2023-12-28 12:20:47.714

ProcessGuid: {fda94052-34eb-658d-0b00-000000000b00}

ProcessId: 788

Image: C:\Windows\system32\services.exe

TargetObject: HKLM\System\CurrentControlSet\Services\WdNisDrv\Start

Details: DWORD (0x00000003)

User: NT AUTHORITY\SYSTEM",Info,,,,,,,{fda94052-34eb-658d-0b00-000000000b00},7044,788,,,,,,"
      ","T1031,T1050",,,,,,2023-12-28T12:20:47.7247311Z,,HKLM\System\CurrentControlSet\Services\WdNisDrv\Start,Registry value set (rule: RegistryEvent),,6672,NT AUTHORITY\SYSTEM,S-1-5-18,2023-12-28 12:20:47.714,2,"<Event xmlns=""http://schemas.microsoft.com/win/2004/08/events/event"">
    <System>
      <Provider Name=""Microsoft-Windows-Sysmon"" Guid=""{5770385f-c22a-43e0-bf4c-06f5698ffbd9}""/>
      <EventID>13</EventID>
      <Version>2</Version>
      <Level>4</Level>
      <Task>13</Task>
      <Opcode>0</Opcode>
      <Keywords>0x8000000000000000</Keywords>
      <TimeCreated SystemTime=""2023-12-28T12:20:47.7247311Z""/>
      <EventRecordID>9597</EventRecordID>
      <Correlation/>
      <Execution ProcessID=""7044"" ThreadID=""6672""/>
      <Channel>Microsoft-Windows-Sysmon/Operational</Channel>
      <Computer>WinDev2309Eval</Computer>
      <Security UserID=""S-1-5-18""/>
    </System>
    <EventData>
      <Data Name=""RuleName"">T1031,T1050</Data>
      <Data Name=""EventType"">SetValue</Data>
      <Data Name=""UtcTime"">2023-12-28 12:20:47.714</Data>
      <Data Name=""ProcessGuid"">{fda94052-34eb-658d-0b00-000000000b00}</Data>
      <Data Name=""ProcessId"">788</Data>
      <Data Name=""Image"">C:\Windows\system32\services.exe</Data>
      <Data Name=""TargetObject"">HKLM\System\CurrentControlSet\Services\WdNisDrv\Start</Data>
      <Data Name=""Details"">DWORD (0x00000003)</Data>
      <Data Name=""User"">NT AUTHORITY\SYSTEM</Data>
    </EventData>
    <RenderingInfo Culture=""en-US"">
      <Message>Registry value set:

RuleName: T1031,T1050

EventType: SetValue

UtcTime: 2023-12-28 12:20:47.714

ProcessGuid: {fda94052-34eb-658d-0b00-000000000b00}

ProcessId: 788

Image: C:\Windows\system32\services.exe

TargetObject: HKLM\System\CurrentControlSet\Services\WdNisDrv\Start

Details: DWORD (0x00000003)

User: NT AUTHORITY\SYSTEM</Message>
      <Level>Information</Level>
      <Task>Registry value set (rule: RegistryEvent)</Task>
      <Opcode>Info</Opcode>
    </RenderingInfo>
  </Event>
  
"
Microsoft-Windows-Sysmon/Operational,"""C:\ProgramData\Microsoft\Windows Defender\Platform\4.18.23080.2006-0\MpCmdRun.exe"" -RestartService",Microsoft Corporation,WinDev2309Eval,,C:\Windows\system32\,Microsoft Malware Protection Command Line Utility,,,,,,,1,9596,,4.18.23080.2006 (04d8e871ffe7ba6b2204046883e1ad9b7a5989ce),"MD5=4DBD7A0D3DF01128C9966DE2072EFAC5,SHA256=04AA184A37C0C30DB3EBE16626364414E836C240FA2AC059E04407037E9B080F,IMPHASH=8AA0C0E61F2EE1898A0D0A413C238D40",C:\ProgramData\Microsoft\Windows Defender\Platform\4.18.23080.2006-0\MpCmdRun.exe,,System,0x8000000000000000,Information,{fda94052-34eb-658d-e703-000000000000},0x3e7,"Process Create:

RuleName: -

UtcTime: 2023-12-28 12:20:47.574

ProcessGuid: {fda94052-681f-658d-7e02-000000000b00}

ProcessId: 840

Image: C:\ProgramData\Microsoft\Windows Defender\Platform\4.18.23080.2006-0\MpCmdRun.exe

FileVersion: 4.18.23080.2006 (04d8e871ffe7ba6b2204046883e1ad9b7a5989ce)

Description: Microsoft Malware Protection Command Line Utility

Product: Microsoft® Windows® Operating System

Company: Microsoft Corporation

OriginalFileName: MpCmdRun.exe

CommandLine: ""C:\ProgramData\Microsoft\Windows Defender\Platform\4.18.23080.2006-0\MpCmdRun.exe"" -RestartService

CurrentDirectory: C:\Windows\system32\

User: NT AUTHORITY\SYSTEM

LogonGuid: {fda94052-34eb-658d-e703-000000000000}

LogonId: 0x3E7

TerminalSessionId: 0

IntegrityLevel: System

Hashes: MD5=4DBD7A0D3DF01128C9966DE2072EFAC5,SHA256=04AA184A37C0C30DB3EBE16626364414E836C240FA2AC059E04407037E9B080F,IMPHASH=8AA0C0E61F2EE1898A0D0A413C238D40

ParentProcessGuid: {fda94052-34f3-658d-5800-000000000b00}

ParentProcessId: 3800

ParentImage: C:\ProgramData\Microsoft\Windows Defender\Platform\4.18.23080.2006-0\MsMpEng.exe

ParentCommandLine: ""C:\ProgramData\Microsoft\Windows Defender\Platform\4.18.23080.2006-0\MsMpEng.exe""

ParentUser: NT AUTHORITY\SYSTEM",Info,MpCmdRun.exe,"""C:\ProgramData\Microsoft\Windows Defender\Platform\4.18.23080.2006-0\MsMpEng.exe""",C:\ProgramData\Microsoft\Windows Defender\Platform\4.18.23080.2006-0\MsMpEng.exe,{fda94052-34f3-658d-5800-000000000b00},3800,NT AUTHORITY\SYSTEM,{fda94052-681f-658d-7e02-000000000b00},7044,840,Microsoft® Windows® Operating System,,,,,"
      ",-,,,,,,2023-12-28T12:20:47.5758180Z,,,Process Create (rule: ProcessCreate),0,6672,NT AUTHORITY\SYSTEM,S-1-5-18,2023-12-28 12:20:47.574,5,"<Event xmlns=""http://schemas.microsoft.com/win/2004/08/events/event"">
    <System>
      <Provider Name=""Microsoft-Windows-Sysmon"" Guid=""{5770385f-c22a-43e0-bf4c-06f5698ffbd9}""/>
      <EventID>1</EventID>
      <Version>5</Version>
      <Level>4</Level>
      <Task>1</Task>
      <Opcode>0</Opcode>
      <Keywords>0x8000000000000000</Keywords>
      <TimeCreated SystemTime=""2023-12-28T12:20:47.5758180Z""/>
      <EventRecordID>9596</EventRecordID>
      <Correlation/>
      <Execution ProcessID=""7044"" ThreadID=""6672""/>
      <Channel>Microsoft-Windows-Sysmon/Operational</Channel>
      <Computer>WinDev2309Eval</Computer>
      <Security UserID=""S-1-5-18""/>
    </System>
    <EventData>
      <Data Name=""RuleName"">-</Data>
      <Data Name=""UtcTime"">2023-12-28 12:20:47.574</Data>
      <Data Name=""ProcessGuid"">{fda94052-681f-658d-7e02-000000000b00}</Data>
      <Data Name=""ProcessId"">840</Data>
      <Data Name=""Image"">C:\ProgramData\Microsoft\Windows Defender\Platform\4.18.23080.2006-0\MpCmdRun.exe</Data>
      <Data Name=""FileVersion"">4.18.23080.2006 (04d8e871ffe7ba6b2204046883e1ad9b7a5989ce)</Data>
      <Data Name=""Description"">Microsoft Malware Protection Command Line Utility</Data>
      <Data Name=""Product"">Microsoft&#174; Windows&#174; Operating System</Data>
      <Data Name=""Company"">Microsoft Corporation</Data>
      <Data Name=""OriginalFileName"">MpCmdRun.exe</Data>
      <Data Name=""CommandLine"">""C:\ProgramData\Microsoft\Windows Defender\Platform\4.18.23080.2006-0\MpCmdRun.exe"" -RestartService</Data>
      <Data Name=""CurrentDirectory"">C:\Windows\system32\</Data>
      <Data Name=""User"">NT AUTHORITY\SYSTEM</Data>
      <Data Name=""LogonGuid"">{fda94052-34eb-658d-e703-000000000000}</Data>
      <Data Name=""LogonId"">0x3e7</Data>
      <Data Name=""TerminalSessionId"">0</Data>
      <Data Name=""IntegrityLevel"">System</Data>
      <Data Name=""Hashes"">MD5=4DBD7A0D3DF01128C9966DE2072EFAC5,SHA256=04AA184A37C0C30DB3EBE16626364414E836C240FA2AC059E04407037E9B080F,IMPHASH=8AA0C0E61F2EE1898A0D0A413C238D40</Data>
      <Data Name=""ParentProcessGuid"">{fda94052-34f3-658d-5800-000000000b00}</Data>
      <Data Name=""ParentProcessId"">3800</Data>
      <Data Name=""ParentImage"">C:\ProgramData\Microsoft\Windows Defender\Platform\4.18.23080.2006-0\MsMpEng.exe</Data>
      <Data Name=""ParentCommandLine"">""C:\ProgramData\Microsoft\Windows Defender\Platform\4.18.23080.2006-0\MsMpEng.exe""</Data>
      <Data Name=""ParentUser"">NT AUTHORITY\SYSTEM</Data>
    </EventData>
    <RenderingInfo Culture=""en-US"">
      <Message>Process Create:

RuleName: -

UtcTime: 2023-12-28 12:20:47.574

ProcessGuid: {fda94052-681f-658d-7e02-000000000b00}

ProcessId: 840

Image: C:\ProgramData\Microsoft\Windows Defender\Platform\4.18.23080.2006-0\MpCmdRun.exe

FileVersion: 4.18.23080.2006 (04d8e871ffe7ba6b2204046883e1ad9b7a5989ce)

Description: Microsoft Malware Protection Command Line Utility

Product: Microsoft&#174; Windows&#174; Operating System

Company: Microsoft Corporation

OriginalFileName: MpCmdRun.exe

CommandLine: ""C:\ProgramData\Microsoft\Windows Defender\Platform\4.18.23080.2006-0\MpCmdRun.exe"" -RestartService

CurrentDirectory: C:\Windows\system32\

User: NT AUTHORITY\SYSTEM

LogonGuid: {fda94052-34eb-658d-e703-000000000000}

LogonId: 0x3E7

TerminalSessionId: 0

IntegrityLevel: System

Hashes: MD5=4DBD7A0D3DF01128C9966DE2072EFAC5,SHA256=04AA184A37C0C30DB3EBE16626364414E836C240FA2AC059E04407037E9B080F,IMPHASH=8AA0C0E61F2EE1898A0D0A413C238D40

ParentProcessGuid: {fda94052-34f3-658d-5800-000000000b00}

ParentProcessId: 3800

ParentImage: C:\ProgramData\Microsoft\Windows Defender\Platform\4.18.23080.2006-0\MsMpEng.exe

ParentCommandLine: ""C:\ProgramData\Microsoft\Windows Defender\Platform\4.18.23080.2006-0\MsMpEng.exe""

ParentUser: NT AUTHORITY\SYSTEM</Message>
      <Level>Information</Level>
      <Task>Process Create (rule: ProcessCreate)</Task>
      <Opcode>Info</Opcode>
    </RenderingInfo>
  </Event>
  
"
Microsoft-Windows-Sysmon/Operational,,,WinDev2309Eval,2023-12-28 12:20:47.542,,,,,,,,,11,9595,,,,C:\ProgramData\Microsoft\Windows Defender\Platform\4.18.23080.2006-0\MsMpEng.exe,,,0x8000000000000000,Information,,,"File created:

RuleName: EXE

UtcTime: 2023-12-28 12:20:47.542

ProcessGuid: {fda94052-34f3-658d-5800-000000000b00}

ProcessId: 3800

Image: C:\ProgramData\Microsoft\Windows Defender\Platform\4.18.23080.2006-0\MsMpEng.exe

TargetFilename: C:\ProgramData\Microsoft\Windows Defender\Platform\4.18.23110.3-0\mpextms.exe

CreationUtcTime: 2023-12-28 12:20:47.542

User: NT AUTHORITY\SYSTEM",Info,,,,,,,{fda94052-34f3-658d-5800-000000000b00},7044,3800,,,,,,"
      ",EXE,,,,,,2023-12-28T12:20:47.5568282Z,C:\ProgramData\Microsoft\Windows Defender\Platform\4.18.23110.3-0\mpextms.exe,,File created (rule: FileCreate),,6672,NT AUTHORITY\SYSTEM,S-1-5-18,2023-12-28 12:20:47.542,2,"<Event xmlns=""http://schemas.microsoft.com/win/2004/08/events/event"">
    <System>
      <Provider Name=""Microsoft-Windows-Sysmon"" Guid=""{5770385f-c22a-43e0-bf4c-06f5698ffbd9}""/>
      <EventID>11</EventID>
      <Version>2</Version>
      <Level>4</Level>
      <Task>11</Task>
      <Opcode>0</Opcode>
      <Keywords>0x8000000000000000</Keywords>
      <TimeCreated SystemTime=""2023-12-28T12:20:47.5568282Z""/>
      <EventRecordID>9595</EventRecordID>
      <Correlation/>
      <Execution ProcessID=""7044"" ThreadID=""6672""/>
      <Channel>Microsoft-Windows-Sysmon/Operational</Channel>
      <Computer>WinDev2309Eval</Computer>
      <Security UserID=""S-1-5-18""/>
    </System>
    <EventData>
      <Data Name=""RuleName"">EXE</Data>
      <Data Name=""UtcTime"">2023-12-28 12:20:47.542</Data>
      <Data Name=""ProcessGuid"">{fda94052-34f3-658d-5800-000000000b00}</Data>
      <Data Name=""ProcessId"">3800</Data>
      <Data Name=""Image"">C:\ProgramData\Microsoft\Windows Defender\Platform\4.18.23080.2006-0\MsMpEng.exe</Data>
      <Data Name=""TargetFilename"">C:\ProgramData\Microsoft\Windows Defender\Platform\4.18.23110.3-0\mpextms.exe</Data>
      <Data Name=""CreationUtcTime"">2023-12-28 12:20:47.542</Data>
      <Data Name=""User"">NT AUTHORITY\SYSTEM</Data>
    </EventData>
    <RenderingInfo Culture=""en-US"">
      <Message>File created:

RuleName: EXE

UtcTime: 2023-12-28 12:20:47.542

ProcessGuid: {fda94052-34f3-658d-5800-000000000b00}

ProcessId: 3800

Image: C:\ProgramData\Microsoft\Windows Defender\Platform\4.18.23080.2006-0\MsMpEng.exe

TargetFilename: C:\ProgramData\Microsoft\Windows Defender\Platform\4.18.23110.3-0\mpextms.exe

CreationUtcTime: 2023-12-28 12:20:47.542

User: NT AUTHORITY\SYSTEM</Message>
      <Level>Information</Level>
      <Task>File created (rule: FileCreate)</Task>
      <Opcode>Info</Opcode>
    </RenderingInfo>
  </Event>
  
"
Microsoft-Windows-Sysmon/Operational,,,WinDev2309Eval,2023-12-28 12:20:47.542,,,,,,,,,11,9594,,,,C:\ProgramData\Microsoft\Windows Defender\Platform\4.18.23080.2006-0\MsMpEng.exe,,,0x8000000000000000,Information,,,"File created:

RuleName: DLL

UtcTime: 2023-12-28 12:20:47.542

ProcessGuid: {fda94052-34f3-658d-5800-000000000b00}

ProcessId: 3800

Image: C:\ProgramData\Microsoft\Windows Defender\Platform\4.18.23080.2006-0\MsMpEng.exe

TargetFilename: C:\ProgramData\Microsoft\Windows Defender\Platform\4.18.23110.3-0\X86\MsMpLics.dll

CreationUtcTime: 2023-12-28 12:20:47.542

User: NT AUTHORITY\SYSTEM",Info,,,,,,,{fda94052-34f3-658d-5800-000000000b00},7044,3800,,,,,,"
      ",DLL,,,,,,2023-12-28T12:20:47.5552310Z,C:\ProgramData\Microsoft\Windows Defender\Platform\4.18.23110.3-0\X86\MsMpLics.dll,,File created (rule: FileCreate),,6672,NT AUTHORITY\SYSTEM,S-1-5-18,2023-12-28 12:20:47.542,2,"<Event xmlns=""http://schemas.microsoft.com/win/2004/08/events/event"">
    <System>
      <Provider Name=""Microsoft-Windows-Sysmon"" Guid=""{5770385f-c22a-43e0-bf4c-06f5698ffbd9}""/>
      <EventID>11</EventID>
      <Version>2</Version>
      <Level>4</Level>
      <Task>11</Task>
      <Opcode>0</Opcode>
      <Keywords>0x8000000000000000</Keywords>
      <TimeCreated SystemTime=""2023-12-28T12:20:47.5552310Z""/>
      <EventRecordID>9594</EventRecordID>
      <Correlation/>
      <Execution ProcessID=""7044"" ThreadID=""6672""/>
      <Channel>Microsoft-Windows-Sysmon/Operational</Channel>
      <Computer>WinDev2309Eval</Computer>
      <Security UserID=""S-1-5-18""/>
    </System>
    <EventData>
      <Data Name=""RuleName"">DLL</Data>
      <Data Name=""UtcTime"">2023-12-28 12:20:47.542</Data>
      <Data Name=""ProcessGuid"">{fda94052-34f3-658d-5800-000000000b00}</Data>
      <Data Name=""ProcessId"">3800</Data>
      <Data Name=""Image"">C:\ProgramData\Microsoft\Windows Defender\Platform\4.18.23080.2006-0\MsMpEng.exe</Data>
      <Data Name=""TargetFilename"">C:\ProgramData\Microsoft\Windows Defender\Platform\4.18.23110.3-0\X86\MsMpLics.dll</Data>
      <Data Name=""CreationUtcTime"">2023-12-28 12:20:47.542</Data>
      <Data Name=""User"">NT AUTHORITY\SYSTEM</Data>
    </EventData>
    <RenderingInfo Culture=""en-US"">
      <Message>File created:

RuleName: DLL

UtcTime: 2023-12-28 12:20:47.542

ProcessGuid: {fda94052-34f3-658d-5800-000000000b00}

ProcessId: 3800

Image: C:\ProgramData\Microsoft\Windows Defender\Platform\4.18.23080.2006-0\MsMpEng.exe

TargetFilename: C:\ProgramData\Microsoft\Windows Defender\Platform\4.18.23110.3-0\X86\MsMpLics.dll

CreationUtcTime: 2023-12-28 12:20:47.542

User: NT AUTHORITY\SYSTEM</Message>
      <Level>Information</Level>
      <Task>File created (rule: FileCreate)</Task>
      <Opcode>Info</Opcode>
    </RenderingInfo>
  </Event>
  
"
Microsoft-Windows-Sysmon/Operational,,,WinDev2309Eval,2023-12-28 12:20:47.542,,,,,,,,,11,9593,,,,C:\ProgramData\Microsoft\Windows Defender\Platform\4.18.23080.2006-0\MsMpEng.exe,,,0x8000000000000000,Information,,,"File created:

RuleName: DLL

UtcTime: 2023-12-28 12:20:47.542

ProcessGuid: {fda94052-34f3-658d-5800-000000000b00}

ProcessId: 3800

Image: C:\ProgramData\Microsoft\Windows Defender\Platform\4.18.23080.2006-0\MsMpEng.exe

TargetFilename: C:\ProgramData\Microsoft\Windows Defender\Platform\4.18.23110.3-0\X86\MpOAV.dll

CreationUtcTime: 2023-12-28 12:20:47.542

User: NT AUTHORITY\SYSTEM",Info,,,,,,,{fda94052-34f3-658d-5800-000000000b00},7044,3800,,,,,,"
      ",DLL,,,,,,2023-12-28T12:20:47.5519233Z,C:\ProgramData\Microsoft\Windows Defender\Platform\4.18.23110.3-0\X86\MpOAV.dll,,File created (rule: FileCreate),,6672,NT AUTHORITY\SYSTEM,S-1-5-18,2023-12-28 12:20:47.542,2,"<Event xmlns=""http://schemas.microsoft.com/win/2004/08/events/event"">
    <System>
      <Provider Name=""Microsoft-Windows-Sysmon"" Guid=""{5770385f-c22a-43e0-bf4c-06f5698ffbd9}""/>
      <EventID>11</EventID>
      <Version>2</Version>
      <Level>4</Level>
      <Task>11</Task>
      <Opcode>0</Opcode>
      <Keywords>0x8000000000000000</Keywords>
      <TimeCreated SystemTime=""2023-12-28T12:20:47.5519233Z""/>
      <EventRecordID>9593</EventRecordID>
      <Correlation/>
      <Execution ProcessID=""7044"" ThreadID=""6672""/>
      <Channel>Microsoft-Windows-Sysmon/Operational</Channel>
      <Computer>WinDev2309Eval</Computer>
      <Security UserID=""S-1-5-18""/>
    </System>
    <EventData>
      <Data Name=""RuleName"">DLL</Data>
      <Data Name=""UtcTime"">2023-12-28 12:20:47.542</Data>
      <Data Name=""ProcessGuid"">{fda94052-34f3-658d-5800-000000000b00}</Data>
      <Data Name=""ProcessId"">3800</Data>
      <Data Name=""Image"">C:\ProgramData\Microsoft\Windows Defender\Platform\4.18.23080.2006-0\MsMpEng.exe</Data>
      <Data Name=""TargetFilename"">C:\ProgramData\Microsoft\Windows Defender\Platform\4.18.23110.3-0\X86\MpOAV.dll</Data>
      <Data Name=""CreationUtcTime"">2023-12-28 12:20:47.542</Data>
      <Data Name=""User"">NT AUTHORITY\SYSTEM</Data>
    </EventData>
    <RenderingInfo Culture=""en-US"">
      <Message>File created:

RuleName: DLL

UtcTime: 2023-12-28 12:20:47.542

ProcessGuid: {fda94052-34f3-658d-5800-000000000b00}

ProcessId: 3800

Image: C:\ProgramData\Microsoft\Windows Defender\Platform\4.18.23080.2006-0\MsMpEng.exe

TargetFilename: C:\ProgramData\Microsoft\Windows Defender\Platform\4.18.23110.3-0\X86\MpOAV.dll

CreationUtcTime: 2023-12-28 12:20:47.542

User: NT AUTHORITY\SYSTEM</Message>
      <Level>Information</Level>
      <Task>File created (rule: FileCreate)</Task>
      <Opcode>Info</Opcode>
    </RenderingInfo>
  </Event>
  
"
Microsoft-Windows-Sysmon/Operational,,,WinDev2309Eval,2023-12-28 12:20:47.542,,,,,,,,,11,9592,,,,C:\ProgramData\Microsoft\Windows Defender\Platform\4.18.23080.2006-0\MsMpEng.exe,,,0x8000000000000000,Information,,,"File created:

RuleName: DLL

UtcTime: 2023-12-28 12:20:47.542

ProcessGuid: {fda94052-34f3-658d-5800-000000000b00}

ProcessId: 3800

Image: C:\ProgramData\Microsoft\Windows Defender\Platform\4.18.23080.2006-0\MsMpEng.exe

TargetFilename: C:\ProgramData\Microsoft\Windows Defender\Platform\4.18.23110.3-0\X86\endpointdlp.dll

CreationUtcTime: 2023-12-28 12:20:47.542

User: NT AUTHORITY\SYSTEM",Info,,,,,,,{fda94052-34f3-658d-5800-000000000b00},7044,3800,,,,,,"
      ",DLL,,,,,,2023-12-28T12:20:47.5467381Z,C:\ProgramData\Microsoft\Windows Defender\Platform\4.18.23110.3-0\X86\endpointdlp.dll,,File created (rule: FileCreate),,6672,NT AUTHORITY\SYSTEM,S-1-5-18,2023-12-28 12:20:47.542,2,"<Event xmlns=""http://schemas.microsoft.com/win/2004/08/events/event"">
    <System>
      <Provider Name=""Microsoft-Windows-Sysmon"" Guid=""{5770385f-c22a-43e0-bf4c-06f5698ffbd9}""/>
      <EventID>11</EventID>
      <Version>2</Version>
      <Level>4</Level>
      <Task>11</Task>
      <Opcode>0</Opcode>
      <Keywords>0x8000000000000000</Keywords>
      <TimeCreated SystemTime=""2023-12-28T12:20:47.5467381Z""/>
      <EventRecordID>9592</EventRecordID>
      <Correlation/>
      <Execution ProcessID=""7044"" ThreadID=""6672""/>
      <Channel>Microsoft-Windows-Sysmon/Operational</Channel>
      <Computer>WinDev2309Eval</Computer>
      <Security UserID=""S-1-5-18""/>
    </System>
    <EventData>
      <Data Name=""RuleName"">DLL</Data>
      <Data Name=""UtcTime"">2023-12-28 12:20:47.542</Data>
      <Data Name=""ProcessGuid"">{fda94052-34f3-658d-5800-000000000b00}</Data>
      <Data Name=""ProcessId"">3800</Data>
      <Data Name=""Image"">C:\ProgramData\Microsoft\Windows Defender\Platform\4.18.23080.2006-0\MsMpEng.exe</Data>
      <Data Name=""TargetFilename"">C:\ProgramData\Microsoft\Windows Defender\Platform\4.18.23110.3-0\X86\endpointdlp.dll</Data>
      <Data Name=""CreationUtcTime"">2023-12-28 12:20:47.542</Data>
      <Data Name=""User"">NT AUTHORITY\SYSTEM</Data>
    </EventData>
    <RenderingInfo Culture=""en-US"">
      <Message>File created:

RuleName: DLL

UtcTime: 2023-12-28 12:20:47.542

ProcessGuid: {fda94052-34f3-658d-5800-000000000b00}

ProcessId: 3800

Image: C:\ProgramData\Microsoft\Windows Defender\Platform\4.18.23080.2006-0\MsMpEng.exe

TargetFilename: C:\ProgramData\Microsoft\Windows Defender\Platform\4.18.23110.3-0\X86\endpointdlp.dll

CreationUtcTime: 2023-12-28 12:20:47.542

User: NT AUTHORITY\SYSTEM</Message>
      <Level>Information</Level>
      <Task>File created (rule: FileCreate)</Task>
      <Opcode>Info</Opcode>
    </RenderingInfo>
  </Event>
  
"
Microsoft-Windows-Sysmon/Operational,,,WinDev2309Eval,2023-12-28 12:20:47.542,,,,,,,,,11,9591,,,,C:\ProgramData\Microsoft\Windows Defender\Platform\4.18.23080.2006-0\MsMpEng.exe,,,0x8000000000000000,Information,,,"File created:

RuleName: DLL

UtcTime: 2023-12-28 12:20:47.542

ProcessGuid: {fda94052-34f3-658d-5800-000000000b00}

ProcessId: 3800

Image: C:\ProgramData\Microsoft\Windows Defender\Platform\4.18.23080.2006-0\MsMpEng.exe

TargetFilename: C:\ProgramData\Microsoft\Windows Defender\Platform\4.18.23110.3-0\X86\MpDetoursCopyAccelerator.dll

CreationUtcTime: 2023-12-28 12:20:47.542

User: NT AUTHORITY\SYSTEM",Info,,,,,,,{fda94052-34f3-658d-5800-000000000b00},7044,3800,,,,,,"
      ",DLL,,,,,,2023-12-28T12:20:47.5447578Z,C:\ProgramData\Microsoft\Windows Defender\Platform\4.18.23110.3-0\X86\MpDetoursCopyAccelerator.dll,,File created (rule: FileCreate),,6672,NT AUTHORITY\SYSTEM,S-1-5-18,2023-12-28 12:20:47.542,2,"<Event xmlns=""http://schemas.microsoft.com/win/2004/08/events/event"">
    <System>
      <Provider Name=""Microsoft-Windows-Sysmon"" Guid=""{5770385f-c22a-43e0-bf4c-06f5698ffbd9}""/>
      <EventID>11</EventID>
      <Version>2</Version>
      <Level>4</Level>
      <Task>11</Task>
      <Opcode>0</Opcode>
      <Keywords>0x8000000000000000</Keywords>
      <TimeCreated SystemTime=""2023-12-28T12:20:47.5447578Z""/>
      <EventRecordID>9591</EventRecordID>
      <Correlation/>
      <Execution ProcessID=""7044"" ThreadID=""6672""/>
      <Channel>Microsoft-Windows-Sysmon/Operational</Channel>
      <Computer>WinDev2309Eval</Computer>
      <Security UserID=""S-1-5-18""/>
    </System>
    <EventData>
      <Data Name=""RuleName"">DLL</Data>
      <Data Name=""UtcTime"">2023-12-28 12:20:47.542</Data>
      <Data Name=""ProcessGuid"">{fda94052-34f3-658d-5800-000000000b00}</Data>
      <Data Name=""ProcessId"">3800</Data>
      <Data Name=""Image"">C:\ProgramData\Microsoft\Windows Defender\Platform\4.18.23080.2006-0\MsMpEng.exe</Data>
      <Data Name=""TargetFilename"">C:\ProgramData\Microsoft\Windows Defender\Platform\4.18.23110.3-0\X86\MpDetoursCopyAccelerator.dll</Data>
      <Data Name=""CreationUtcTime"">2023-12-28 12:20:47.542</Data>
      <Data Name=""User"">NT AUTHORITY\SYSTEM</Data>
    </EventData>
    <RenderingInfo Culture=""en-US"">
      <Message>File created:

RuleName: DLL

UtcTime: 2023-12-28 12:20:47.542

ProcessGuid: {fda94052-34f3-658d-5800-000000000b00}

ProcessId: 3800

Image: C:\ProgramData\Microsoft\Windows Defender\Platform\4.18.23080.2006-0\MsMpEng.exe

TargetFilename: C:\ProgramData\Microsoft\Windows Defender\Platform\4.18.23110.3-0\X86\MpDetoursCopyAccelerator.dll

CreationUtcTime: 2023-12-28 12:20:47.542

User: NT AUTHORITY\SYSTEM</Message>
      <Level>Information</Level>
      <Task>File created (rule: FileCreate)</Task>
      <Opcode>Info</Opcode>
    </RenderingInfo>
  </Event>
  
"
Microsoft-Windows-Sysmon/Operational,,,WinDev2309Eval,2023-12-28 12:20:47.526,,,,,,,,,11,9590,,,,C:\ProgramData\Microsoft\Windows Defender\Platform\4.18.23080.2006-0\MsMpEng.exe,,,0x8000000000000000,Information,,,"File created:

RuleName: DLL

UtcTime: 2023-12-28 12:20:47.526

ProcessGuid: {fda94052-34f3-658d-5800-000000000b00}

ProcessId: 3800

Image: C:\ProgramData\Microsoft\Windows Defender\Platform\4.18.23080.2006-0\MsMpEng.exe

TargetFilename: C:\ProgramData\Microsoft\Windows Defender\Platform\4.18.23110.3-0\X86\MpDetours.dll

CreationUtcTime: 2023-12-28 12:20:47.526

User: NT AUTHORITY\SYSTEM",Info,,,,,,,{fda94052-34f3-658d-5800-000000000b00},7044,3800,,,,,,"
      ",DLL,,,,,,2023-12-28T12:20:47.5415160Z,C:\ProgramData\Microsoft\Windows Defender\Platform\4.18.23110.3-0\X86\MpDetours.dll,,File created (rule: FileCreate),,6672,NT AUTHORITY\SYSTEM,S-1-5-18,2023-12-28 12:20:47.526,2,"<Event xmlns=""http://schemas.microsoft.com/win/2004/08/events/event"">
    <System>
      <Provider Name=""Microsoft-Windows-Sysmon"" Guid=""{5770385f-c22a-43e0-bf4c-06f5698ffbd9}""/>
      <EventID>11</EventID>
      <Version>2</Version>
      <Level>4</Level>
      <Task>11</Task>
      <Opcode>0</Opcode>
      <Keywords>0x8000000000000000</Keywords>
      <TimeCreated SystemTime=""2023-12-28T12:20:47.5415160Z""/>
      <EventRecordID>9590</EventRecordID>
      <Correlation/>
      <Execution ProcessID=""7044"" ThreadID=""6672""/>
      <Channel>Microsoft-Windows-Sysmon/Operational</Channel>
      <Computer>WinDev2309Eval</Computer>
      <Security UserID=""S-1-5-18""/>
    </System>
    <EventData>
      <Data Name=""RuleName"">DLL</Data>
      <Data Name=""UtcTime"">2023-12-28 12:20:47.526</Data>
      <Data Name=""ProcessGuid"">{fda94052-34f3-658d-5800-000000000b00}</Data>
      <Data Name=""ProcessId"">3800</Data>
      <Data Name=""Image"">C:\ProgramData\Microsoft\Windows Defender\Platform\4.18.23080.2006-0\MsMpEng.exe</Data>
      <Data Name=""TargetFilename"">C:\ProgramData\Microsoft\Windows Defender\Platform\4.18.23110.3-0\X86\MpDetours.dll</Data>
      <Data Name=""CreationUtcTime"">2023-12-28 12:20:47.526</Data>
      <Data Name=""User"">NT AUTHORITY\SYSTEM</Data>
    </EventData>
    <RenderingInfo Culture=""en-US"">
      <Message>File created:

RuleName: DLL

UtcTime: 2023-12-28 12:20:47.526

ProcessGuid: {fda94052-34f3-658d-5800-000000000b00}

ProcessId: 3800

Image: C:\ProgramData\Microsoft\Windows Defender\Platform\4.18.23080.2006-0\MsMpEng.exe

TargetFilename: C:\ProgramData\Microsoft\Windows Defender\Platform\4.18.23110.3-0\X86\MpDetours.dll

CreationUtcTime: 2023-12-28 12:20:47.526

User: NT AUTHORITY\SYSTEM</Message>
      <Level>Information</Level>
      <Task>File created (rule: FileCreate)</Task>
      <Opcode>Info</Opcode>
    </RenderingInfo>
  </Event>
  
"
Microsoft-Windows-Sysmon/Operational,,,WinDev2309Eval,2023-12-28 12:20:47.526,,,,,,,,,11,9589,,,,C:\Windows\system32\svchost.exe,,,0x8000000000000000,Information,,,"File created:

RuleName: DLL

UtcTime: 2023-12-28 12:20:47.526

ProcessGuid: {fda94052-34fa-658d-8a00-000000000b00}

ProcessId: 5868

Image: C:\Windows\system32\svchost.exe

TargetFilename: C:\Windows\SystemTemp\{CE1E8A9F-1B53-4924-8982-23AD317768A8}\ssshim.dll

CreationUtcTime: 2023-12-28 12:20:47.526

User: NT AUTHORITY\SYSTEM",Info,,,,,,,{fda94052-34fa-658d-8a00-000000000b00},7044,5868,,,,,,"
      ",DLL,,,,,,2023-12-28T12:20:47.5346837Z,C:\Windows\SystemTemp\{CE1E8A9F-1B53-4924-8982-23AD317768A8}\ssshim.dll,,File created (rule: FileCreate),,6672,NT AUTHORITY\SYSTEM,S-1-5-18,2023-12-28 12:20:47.526,2,"<Event xmlns=""http://schemas.microsoft.com/win/2004/08/events/event"">
    <System>
      <Provider Name=""Microsoft-Windows-Sysmon"" Guid=""{5770385f-c22a-43e0-bf4c-06f5698ffbd9}""/>
      <EventID>11</EventID>
      <Version>2</Version>
      <Level>4</Level>
      <Task>11</Task>
      <Opcode>0</Opcode>
      <Keywords>0x8000000000000000</Keywords>
      <TimeCreated SystemTime=""2023-12-28T12:20:47.5346837Z""/>
      <EventRecordID>9589</EventRecordID>
      <Correlation/>
      <Execution ProcessID=""7044"" ThreadID=""6672""/>
      <Channel>Microsoft-Windows-Sysmon/Operational</Channel>
      <Computer>WinDev2309Eval</Computer>
      <Security UserID=""S-1-5-18""/>
    </System>
    <EventData>
      <Data Name=""RuleName"">DLL</Data>
      <Data Name=""UtcTime"">2023-12-28 12:20:47.526</Data>
      <Data Name=""ProcessGuid"">{fda94052-34fa-658d-8a00-000000000b00}</Data>
      <Data Name=""ProcessId"">5868</Data>
      <Data Name=""Image"">C:\Windows\system32\svchost.exe</Data>
      <Data Name=""TargetFilename"">C:\Windows\SystemTemp\{CE1E8A9F-1B53-4924-8982-23AD317768A8}\ssshim.dll</Data>
      <Data Name=""CreationUtcTime"">2023-12-28 12:20:47.526</Data>
      <Data Name=""User"">NT AUTHORITY\SYSTEM</Data>
    </EventData>
    <RenderingInfo Culture=""en-US"">
      <Message>File created:

RuleName: DLL

UtcTime: 2023-12-28 12:20:47.526

ProcessGuid: {fda94052-34fa-658d-8a00-000000000b00}

ProcessId: 5868

Image: C:\Windows\system32\svchost.exe

TargetFilename: C:\Windows\SystemTemp\{CE1E8A9F-1B53-4924-8982-23AD317768A8}\ssshim.dll

CreationUtcTime: 2023-12-28 12:20:47.526

User: NT AUTHORITY\SYSTEM</Message>
      <Level>Information</Level>
      <Task>File created (rule: FileCreate)</Task>
      <Opcode>Info</Opcode>
    </RenderingInfo>
  </Event>
  
"
