Channel,CommandLine,Company,Computer,CreationUtcTime,CurrentDirectory,Description,EventID,EventRecordID,FileVersion,Hashes,Image,IntegrityLevel,Keywords,Level,LogonGuid,LogonId,Message,Opcode,OriginalFileName,ParentCommandLine,ParentImage,ParentProcessGuid,ParentProcessId,ParentUser,ProcessGuid,ProcessID,ProcessId,Product,QueryName,QueryResults,QueryStatus,RenderingInfo,RuleName,SystemTime,TargetFilename,Task,TerminalSessionId,ThreadID,User,UserID,UtcTime,Version,raw
Microsoft-Windows-Sysmon/Operational,,,WinDev2309Eval,,,,22,19582,,,<unknown process>,,0x8000000000000000,Information,,,"Dns query:

RuleName: -

UtcTime: 2023-12-27 14:52:15.464

ProcessGuid: {00000000-0000-0000-0000-000000000000}

ProcessId: 7000

QueryName: www.google.com

QueryStatus: 0

QueryResults: ::ffff:142.251.37.228;

Image: <unknown process>

User: WINDEV2309EVAL\User",Info,,,,,,,{00000000-0000-0000-0000-000000000000},3588,7000,,www.google.com,::ffff:142.251.37.228;,0,"
      ",-,2023-12-27T19:57:16.9862136Z,,Dns query (rule: DnsQuery),,5164,WINDEV2309EVAL\User,S-1-5-18,2023-12-27 14:52:15.464,5,"<Event xmlns=""http://schemas.microsoft.com/win/2004/08/events/event"">
    <System>
      <Provider Name=""Microsoft-Windows-Sysmon"" Guid=""{5770385f-c22a-43e0-bf4c-06f5698ffbd9}""/>
      <EventID>22</EventID>
      <Version>5</Version>
      <Level>4</Level>
      <Task>22</Task>
      <Opcode>0</Opcode>
      <Keywords>0x8000000000000000</Keywords>
      <TimeCreated SystemTime=""2023-12-27T19:57:16.9862136Z""/>
      <EventRecordID>19582</EventRecordID>
      <Correlation/>
      <Execution ProcessID=""3588"" ThreadID=""5164""/>
      <Channel>Microsoft-Windows-Sysmon/Operational</Channel>
      <Computer>WinDev2309Eval</Computer>
      <Security UserID=""S-1-5-18""/>
    </System>
    <EventData>
      <Data Name=""RuleName"">-</Data>
      <Data Name=""UtcTime"">2023-12-27 14:52:15.464</Data>
      <Data Name=""ProcessGuid"">{00000000-0000-0000-0000-000000000000}</Data>
      <Data Name=""ProcessId"">7000</Data>
      <Data Name=""QueryName"">www.google.com</Data>
      <Data Name=""QueryStatus"">0</Data>
      <Data Name=""QueryResults"">::ffff:142.251.37.228;</Data>
      <Data Name=""Image"">&lt;unknown process&gt;</Data>
      <Data Name=""User"">WINDEV2309EVAL\User</Data>
    </EventData>
    <RenderingInfo Culture=""en-US"">
      <Message>Dns query:

RuleName: -

UtcTime: 2023-12-27 14:52:15.464

ProcessGuid: {00000000-0000-0000-0000-000000000000}

ProcessId: 7000

QueryName: www.google.com

QueryStatus: 0

QueryResults: ::ffff:142.251.37.228;

Image: &lt;unknown process&gt;

User: WINDEV2309EVAL\User</Message>
      <Level>Information</Level>
      <Task>Dns query (rule: DnsQuery)</Task>
      <Opcode>Info</Opcode>
    </RenderingInfo>
  </Event>
  
"
Microsoft-Windows-Sysmon/Operational,,,WinDev2309Eval,,,,22,19581,,,<unknown process>,,0x8000000000000000,Information,,,"Dns query:

RuleName: -

UtcTime: 2023-12-27 14:52:15.242

ProcessGuid: {00000000-0000-0000-0000-000000000000}

ProcessId: 9916

QueryName: www.google.com

QueryStatus: 0

QueryResults: ::ffff:142.251.37.228;

Image: <unknown process>

User: WINDEV2309EVAL\User",Info,,,,,,,{00000000-0000-0000-0000-000000000000},3588,9916,,www.google.com,::ffff:142.251.37.228;,0,"
      ",-,2023-12-27T19:57:16.9856819Z,,Dns query (rule: DnsQuery),,5164,WINDEV2309EVAL\User,S-1-5-18,2023-12-27 14:52:15.242,5,"<Event xmlns=""http://schemas.microsoft.com/win/2004/08/events/event"">
    <System>
      <Provider Name=""Microsoft-Windows-Sysmon"" Guid=""{5770385f-c22a-43e0-bf4c-06f5698ffbd9}""/>
      <EventID>22</EventID>
      <Version>5</Version>
      <Level>4</Level>
      <Task>22</Task>
      <Opcode>0</Opcode>
      <Keywords>0x8000000000000000</Keywords>
      <TimeCreated SystemTime=""2023-12-27T19:57:16.9856819Z""/>
      <EventRecordID>19581</EventRecordID>
      <Correlation/>
      <Execution ProcessID=""3588"" ThreadID=""5164""/>
      <Channel>Microsoft-Windows-Sysmon/Operational</Channel>
      <Computer>WinDev2309Eval</Computer>
      <Security UserID=""S-1-5-18""/>
    </System>
    <EventData>
      <Data Name=""RuleName"">-</Data>
      <Data Name=""UtcTime"">2023-12-27 14:52:15.242</Data>
      <Data Name=""ProcessGuid"">{00000000-0000-0000-0000-000000000000}</Data>
      <Data Name=""ProcessId"">9916</Data>
      <Data Name=""QueryName"">www.google.com</Data>
      <Data Name=""QueryStatus"">0</Data>
      <Data Name=""QueryResults"">::ffff:142.251.37.228;</Data>
      <Data Name=""Image"">&lt;unknown process&gt;</Data>
      <Data Name=""User"">WINDEV2309EVAL\User</Data>
    </EventData>
    <RenderingInfo Culture=""en-US"">
      <Message>Dns query:

RuleName: -

UtcTime: 2023-12-27 14:52:15.242

ProcessGuid: {00000000-0000-0000-0000-000000000000}

ProcessId: 9916

QueryName: www.google.com

QueryStatus: 0

QueryResults: ::ffff:142.251.37.228;

Image: &lt;unknown process&gt;

User: WINDEV2309EVAL\User</Message>
      <Level>Information</Level>
      <Task>Dns query (rule: DnsQuery)</Task>
      <Opcode>Info</Opcode>
    </RenderingInfo>
  </Event>
  
"
Microsoft-Windows-Sysmon/Operational,,,WinDev2309Eval,,,,22,19580,,,<unknown process>,,0x8000000000000000,Information,,,"Dns query:

RuleName: -

UtcTime: 2023-12-27 14:52:14.963

ProcessGuid: {00000000-0000-0000-0000-000000000000}

ProcessId: 3824

QueryName: www.google.com

QueryStatus: 0

QueryResults: ::ffff:142.251.37.228;

Image: <unknown process>

User: WINDEV2309EVAL\User",Info,,,,,,,{00000000-0000-0000-0000-000000000000},3588,3824,,www.google.com,::ffff:142.251.37.228;,0,"
      ",-,2023-12-27T19:57:16.9851378Z,,Dns query (rule: DnsQuery),,5164,WINDEV2309EVAL\User,S-1-5-18,2023-12-27 14:52:14.963,5,"<Event xmlns=""http://schemas.microsoft.com/win/2004/08/events/event"">
    <System>
      <Provider Name=""Microsoft-Windows-Sysmon"" Guid=""{5770385f-c22a-43e0-bf4c-06f5698ffbd9}""/>
      <EventID>22</EventID>
      <Version>5</Version>
      <Level>4</Level>
      <Task>22</Task>
      <Opcode>0</Opcode>
      <Keywords>0x8000000000000000</Keywords>
      <TimeCreated SystemTime=""2023-12-27T19:57:16.9851378Z""/>
      <EventRecordID>19580</EventRecordID>
      <Correlation/>
      <Execution ProcessID=""3588"" ThreadID=""5164""/>
      <Channel>Microsoft-Windows-Sysmon/Operational</Channel>
      <Computer>WinDev2309Eval</Computer>
      <Security UserID=""S-1-5-18""/>
    </System>
    <EventData>
      <Data Name=""RuleName"">-</Data>
      <Data Name=""UtcTime"">2023-12-27 14:52:14.963</Data>
      <Data Name=""ProcessGuid"">{00000000-0000-0000-0000-000000000000}</Data>
      <Data Name=""ProcessId"">3824</Data>
      <Data Name=""QueryName"">www.google.com</Data>
      <Data Name=""QueryStatus"">0</Data>
      <Data Name=""QueryResults"">::ffff:142.251.37.228;</Data>
      <Data Name=""Image"">&lt;unknown process&gt;</Data>
      <Data Name=""User"">WINDEV2309EVAL\User</Data>
    </EventData>
    <RenderingInfo Culture=""en-US"">
      <Message>Dns query:

RuleName: -

UtcTime: 2023-12-27 14:52:14.963

ProcessGuid: {00000000-0000-0000-0000-000000000000}

ProcessId: 3824

QueryName: www.google.com

QueryStatus: 0

QueryResults: ::ffff:142.251.37.228;

Image: &lt;unknown process&gt;

User: WINDEV2309EVAL\User</Message>
      <Level>Information</Level>
      <Task>Dns query (rule: DnsQuery)</Task>
      <Opcode>Info</Opcode>
    </RenderingInfo>
  </Event>
  
"
Microsoft-Windows-Sysmon/Operational,,,WinDev2309Eval,,,,22,19579,,,<unknown process>,,0x8000000000000000,Information,,,"Dns query:

RuleName: -

UtcTime: 2023-12-27 14:52:14.706

ProcessGuid: {00000000-0000-0000-0000-000000000000}

ProcessId: 9628

QueryName: www.google.com

QueryStatus: 0

QueryResults: ::ffff:142.251.37.228;

Image: <unknown process>

User: WINDEV2309EVAL\User",Info,,,,,,,{00000000-0000-0000-0000-000000000000},3588,9628,,www.google.com,::ffff:142.251.37.228;,0,"
      ",-,2023-12-27T19:57:16.9840625Z,,Dns query (rule: DnsQuery),,5164,WINDEV2309EVAL\User,S-1-5-18,2023-12-27 14:52:14.706,5,"<Event xmlns=""http://schemas.microsoft.com/win/2004/08/events/event"">
    <System>
      <Provider Name=""Microsoft-Windows-Sysmon"" Guid=""{5770385f-c22a-43e0-bf4c-06f5698ffbd9}""/>
      <EventID>22</EventID>
      <Version>5</Version>
      <Level>4</Level>
      <Task>22</Task>
      <Opcode>0</Opcode>
      <Keywords>0x8000000000000000</Keywords>
      <TimeCreated SystemTime=""2023-12-27T19:57:16.9840625Z""/>
      <EventRecordID>19579</EventRecordID>
      <Correlation/>
      <Execution ProcessID=""3588"" ThreadID=""5164""/>
      <Channel>Microsoft-Windows-Sysmon/Operational</Channel>
      <Computer>WinDev2309Eval</Computer>
      <Security UserID=""S-1-5-18""/>
    </System>
    <EventData>
      <Data Name=""RuleName"">-</Data>
      <Data Name=""UtcTime"">2023-12-27 14:52:14.706</Data>
      <Data Name=""ProcessGuid"">{00000000-0000-0000-0000-000000000000}</Data>
      <Data Name=""ProcessId"">9628</Data>
      <Data Name=""QueryName"">www.google.com</Data>
      <Data Name=""QueryStatus"">0</Data>
      <Data Name=""QueryResults"">::ffff:142.251.37.228;</Data>
      <Data Name=""Image"">&lt;unknown process&gt;</Data>
      <Data Name=""User"">WINDEV2309EVAL\User</Data>
    </EventData>
    <RenderingInfo Culture=""en-US"">
      <Message>Dns query:

RuleName: -

UtcTime: 2023-12-27 14:52:14.706

ProcessGuid: {00000000-0000-0000-0000-000000000000}

ProcessId: 9628

QueryName: www.google.com

QueryStatus: 0

QueryResults: ::ffff:142.251.37.228;

Image: &lt;unknown process&gt;

User: WINDEV2309EVAL\User</Message>
      <Level>Information</Level>
      <Task>Dns query (rule: DnsQuery)</Task>
      <Opcode>Info</Opcode>
    </RenderingInfo>
  </Event>
  
"
Microsoft-Windows-Sysmon/Operational,"C:\Windows\System32\Curl.exe  -s -A ""*<|>*"" -m3 www.google.com ","curl, https://curl.se/",WinDev2309Eval,,C:\Users\User\AppData\Local\Temp\,The curl executable,1,19578,8.4.0,"MD5=C84486B75D148BDE935E7F8F4084A741,SHA256=6CF60C768A7377F7C4842C14C3C4D416480A7044A7A5A72B61FF142A796273EC,IMPHASH=BBDB9C75D95F84296D0FCE2E933932E2",C:\Windows\System32\curl.exe,Medium,0x8000000000000000,Information,{f57bd86a-36f9-658c-7bf8-020000000000},0x2f87b,"Process Create:

RuleName: -

UtcTime: 2023-12-27 19:57:15.755

ProcessGuid: {f57bd86a-819b-658c-c601-000000000f00}

ProcessId: 7000

Image: C:\Windows\System32\curl.exe

FileVersion: 8.4.0

Description: The curl executable

Product: The curl executable

Company: curl, https://curl.se/

OriginalFileName: curl.exe

CommandLine: C:\Windows\System32\Curl.exe  -s -A ""*<|>*"" -m3 www.google.com 

CurrentDirectory: C:\Users\User\AppData\Local\Temp\

User: WINDEV2309EVAL\User

LogonGuid: {f57bd86a-36f9-658c-7bf8-020000000000}

LogonId: 0x2F87B

TerminalSessionId: 1

IntegrityLevel: Medium

Hashes: MD5=C84486B75D148BDE935E7F8F4084A741,SHA256=6CF60C768A7377F7C4842C14C3C4D416480A7044A7A5A72B61FF142A796273EC,IMPHASH=BBDB9C75D95F84296D0FCE2E933932E2

ParentProcessGuid: {f57bd86a-819a-658c-c101-000000000f00}

ParentProcessId: 820

ParentImage: C:\Windows\System32\cmd.exe

ParentCommandLine: ""cmd.exe"" /c C:\Windows\System32\Curl.exe -s -A ""HttpBrowser/1.0"" -m3 www.google.com >nul 2>&1 & C:\Windows\System32\Curl.exe -s -A ""Wget/1.9+cvs-stable (Red Hat modified)"" -m3 www.google.com >nul 2>&1 & C:\Windows\System32\Curl.exe -s -A ""Opera/8.81 (Windows NT 6.0; U; en)"" -m3 www.google.com >nul 2>&1 & C:\Windows\System32\Curl.exe -s -A ""*<|>*"" -m3 www.google.com >nul 2>&1

ParentUser: WINDEV2309EVAL\User",Info,curl.exe,"""cmd.exe"" /c C:\Windows\System32\Curl.exe -s -A ""HttpBrowser/1.0"" -m3 www.google.com >nul 2>&1 & C:\Windows\System32\Curl.exe -s -A ""Wget/1.9+cvs-stable (Red Hat modified)"" -m3 www.google.com >nul 2>&1 & C:\Windows\System32\Curl.exe -s -A ""Opera/8.81 (Windows NT 6.0; U; en)"" -m3 www.google.com >nul 2>&1 & C:\Windows\System32\Curl.exe -s -A ""*<|>*"" -m3 www.google.com >nul 2>&1",C:\Windows\System32\cmd.exe,{f57bd86a-819a-658c-c101-000000000f00},820,WINDEV2309EVAL\User,{f57bd86a-819b-658c-c601-000000000f00},3588,7000,The curl executable,,,,"
      ",-,2023-12-27T19:57:15.7587351Z,,Process Create (rule: ProcessCreate),1,5124,WINDEV2309EVAL\User,S-1-5-18,2023-12-27 19:57:15.755,5,"<Event xmlns=""http://schemas.microsoft.com/win/2004/08/events/event"">
    <System>
      <Provider Name=""Microsoft-Windows-Sysmon"" Guid=""{5770385f-c22a-43e0-bf4c-06f5698ffbd9}""/>
      <EventID>1</EventID>
      <Version>5</Version>
      <Level>4</Level>
      <Task>1</Task>
      <Opcode>0</Opcode>
      <Keywords>0x8000000000000000</Keywords>
      <TimeCreated SystemTime=""2023-12-27T19:57:15.7587351Z""/>
      <EventRecordID>19578</EventRecordID>
      <Correlation/>
      <Execution ProcessID=""3588"" ThreadID=""5124""/>
      <Channel>Microsoft-Windows-Sysmon/Operational</Channel>
      <Computer>WinDev2309Eval</Computer>
      <Security UserID=""S-1-5-18""/>
    </System>
    <EventData>
      <Data Name=""RuleName"">-</Data>
      <Data Name=""UtcTime"">2023-12-27 19:57:15.755</Data>
      <Data Name=""ProcessGuid"">{f57bd86a-819b-658c-c601-000000000f00}</Data>
      <Data Name=""ProcessId"">7000</Data>
      <Data Name=""Image"">C:\Windows\System32\curl.exe</Data>
      <Data Name=""FileVersion"">8.4.0</Data>
      <Data Name=""Description"">The curl executable</Data>
      <Data Name=""Product"">The curl executable</Data>
      <Data Name=""Company"">curl, https://curl.se/</Data>
      <Data Name=""OriginalFileName"">curl.exe</Data>
      <Data Name=""CommandLine"">C:\Windows\System32\Curl.exe  -s -A ""*&lt;|&gt;*"" -m3 www.google.com </Data>
      <Data Name=""CurrentDirectory"">C:\Users\User\AppData\Local\Temp\</Data>
      <Data Name=""User"">WINDEV2309EVAL\User</Data>
      <Data Name=""LogonGuid"">{f57bd86a-36f9-658c-7bf8-020000000000}</Data>
      <Data Name=""LogonId"">0x2f87b</Data>
      <Data Name=""TerminalSessionId"">1</Data>
      <Data Name=""IntegrityLevel"">Medium</Data>
      <Data Name=""Hashes"">MD5=C84486B75D148BDE935E7F8F4084A741,SHA256=6CF60C768A7377F7C4842C14C3C4D416480A7044A7A5A72B61FF142A796273EC,IMPHASH=BBDB9C75D95F84296D0FCE2E933932E2</Data>
      <Data Name=""ParentProcessGuid"">{f57bd86a-819a-658c-c101-000000000f00}</Data>
      <Data Name=""ParentProcessId"">820</Data>
      <Data Name=""ParentImage"">C:\Windows\System32\cmd.exe</Data>
      <Data Name=""ParentCommandLine"">""cmd.exe"" /c C:\Windows\System32\Curl.exe -s -A ""HttpBrowser/1.0"" -m3 www.google.com &gt;nul 2&gt;&amp;1 &amp; C:\Windows\System32\Curl.exe -s -A ""Wget/1.9+cvs-stable (Red Hat modified)"" -m3 www.google.com &gt;nul 2&gt;&amp;1 &amp; C:\Windows\System32\Curl.exe -s -A ""Opera/8.81 (Windows NT 6.0; U; en)"" -m3 www.google.com &gt;nul 2&gt;&amp;1 &amp; C:\Windows\System32\Curl.exe -s -A ""*&lt;|&gt;*"" -m3 www.google.com &gt;nul 2&gt;&amp;1</Data>
      <Data Name=""ParentUser"">WINDEV2309EVAL\User</Data>
    </EventData>
    <RenderingInfo Culture=""en-US"">
      <Message>Process Create:

RuleName: -

UtcTime: 2023-12-27 19:57:15.755

ProcessGuid: {f57bd86a-819b-658c-c601-000000000f00}

ProcessId: 7000

Image: C:\Windows\System32\curl.exe

FileVersion: 8.4.0

Description: The curl executable

Product: The curl executable

Company: curl, https://curl.se/

OriginalFileName: curl.exe

CommandLine: C:\Windows\System32\Curl.exe  -s -A ""*&lt;|&gt;*"" -m3 www.google.com 

CurrentDirectory: C:\Users\User\AppData\Local\Temp\

User: WINDEV2309EVAL\User

LogonGuid: {f57bd86a-36f9-658c-7bf8-020000000000}

LogonId: 0x2F87B

TerminalSessionId: 1

IntegrityLevel: Medium

Hashes: MD5=C84486B75D148BDE935E7F8F4084A741,SHA256=6CF60C768A7377F7C4842C14C3C4D416480A7044A7A5A72B61FF142A796273EC,IMPHASH=BBDB9C75D95F84296D0FCE2E933932E2

ParentProcessGuid: {f57bd86a-819a-658c-c101-000000000f00}

ParentProcessId: 820

ParentImage: C:\Windows\System32\cmd.exe

ParentCommandLine: ""cmd.exe"" /c C:\Windows\System32\Curl.exe -s -A ""HttpBrowser/1.0"" -m3 www.google.com &gt;nul 2&gt;&amp;1 &amp; C:\Windows\System32\Curl.exe -s -A ""Wget/1.9+cvs-stable (Red Hat modified)"" -m3 www.google.com &gt;nul 2&gt;&amp;1 &amp; C:\Windows\System32\Curl.exe -s -A ""Opera/8.81 (Windows NT 6.0; U; en)"" -m3 www.google.com &gt;nul 2&gt;&amp;1 &amp; C:\Windows\System32\Curl.exe -s -A ""*&lt;|&gt;*"" -m3 www.google.com &gt;nul 2&gt;&amp;1

ParentUser: WINDEV2309EVAL\User</Message>
      <Level>Information</Level>
      <Task>Process Create (rule: ProcessCreate)</Task>
      <Opcode>Info</Opcode>
    </RenderingInfo>
  </Event>
  
"
Microsoft-Windows-Sysmon/Operational,"C:\Windows\System32\Curl.exe  -s -A ""Opera/8.81 (Windows NT 6.0; U; en)"" -m3 www.google.com  ","curl, https://curl.se/",WinDev2309Eval,,C:\Users\User\AppData\Local\Temp\,The curl executable,1,19577,8.4.0,"MD5=C84486B75D148BDE935E7F8F4084A741,SHA256=6CF60C768A7377F7C4842C14C3C4D416480A7044A7A5A72B61FF142A796273EC,IMPHASH=BBDB9C75D95F84296D0FCE2E933932E2",C:\Windows\System32\curl.exe,Medium,0x8000000000000000,Information,{f57bd86a-36f9-658c-7bf8-020000000000},0x2f87b,"Process Create:

RuleName: -

UtcTime: 2023-12-27 19:57:15.536

ProcessGuid: {f57bd86a-819b-658c-c501-000000000f00}

ProcessId: 9916

Image: C:\Windows\System32\curl.exe

FileVersion: 8.4.0

Description: The curl executable

Product: The curl executable

Company: curl, https://curl.se/

OriginalFileName: curl.exe

CommandLine: C:\Windows\System32\Curl.exe  -s -A ""Opera/8.81 (Windows NT 6.0; U; en)"" -m3 www.google.com  

CurrentDirectory: C:\Users\User\AppData\Local\Temp\

User: WINDEV2309EVAL\User

LogonGuid: {f57bd86a-36f9-658c-7bf8-020000000000}

LogonId: 0x2F87B

TerminalSessionId: 1

IntegrityLevel: Medium

Hashes: MD5=C84486B75D148BDE935E7F8F4084A741,SHA256=6CF60C768A7377F7C4842C14C3C4D416480A7044A7A5A72B61FF142A796273EC,IMPHASH=BBDB9C75D95F84296D0FCE2E933932E2

ParentProcessGuid: {f57bd86a-819a-658c-c101-000000000f00}

ParentProcessId: 820

ParentImage: C:\Windows\System32\cmd.exe

ParentCommandLine: ""cmd.exe"" /c C:\Windows\System32\Curl.exe -s -A ""HttpBrowser/1.0"" -m3 www.google.com >nul 2>&1 & C:\Windows\System32\Curl.exe -s -A ""Wget/1.9+cvs-stable (Red Hat modified)"" -m3 www.google.com >nul 2>&1 & C:\Windows\System32\Curl.exe -s -A ""Opera/8.81 (Windows NT 6.0; U; en)"" -m3 www.google.com >nul 2>&1 & C:\Windows\System32\Curl.exe -s -A ""*<|>*"" -m3 www.google.com >nul 2>&1

ParentUser: WINDEV2309EVAL\User",Info,curl.exe,"""cmd.exe"" /c C:\Windows\System32\Curl.exe -s -A ""HttpBrowser/1.0"" -m3 www.google.com >nul 2>&1 & C:\Windows\System32\Curl.exe -s -A ""Wget/1.9+cvs-stable (Red Hat modified)"" -m3 www.google.com >nul 2>&1 & C:\Windows\System32\Curl.exe -s -A ""Opera/8.81 (Windows NT 6.0; U; en)"" -m3 www.google.com >nul 2>&1 & C:\Windows\System32\Curl.exe -s -A ""*<|>*"" -m3 www.google.com >nul 2>&1",C:\Windows\System32\cmd.exe,{f57bd86a-819a-658c-c101-000000000f00},820,WINDEV2309EVAL\User,{f57bd86a-819b-658c-c501-000000000f00},3588,9916,The curl executable,,,,"
      ",-,2023-12-27T19:57:15.5395806Z,,Process Create (rule: ProcessCreate),1,5124,WINDEV2309EVAL\User,S-1-5-18,2023-12-27 19:57:15.536,5,"<Event xmlns=""http://schemas.microsoft.com/win/2004/08/events/event"">
    <System>
      <Provider Name=""Microsoft-Windows-Sysmon"" Guid=""{5770385f-c22a-43e0-bf4c-06f5698ffbd9}""/>
      <EventID>1</EventID>
      <Version>5</Version>
      <Level>4</Level>
      <Task>1</Task>
      <Opcode>0</Opcode>
      <Keywords>0x8000000000000000</Keywords>
      <TimeCreated SystemTime=""2023-12-27T19:57:15.5395806Z""/>
      <EventRecordID>19577</EventRecordID>
      <Correlation/>
      <Execution ProcessID=""3588"" ThreadID=""5124""/>
      <Channel>Microsoft-Windows-Sysmon/Operational</Channel>
      <Computer>WinDev2309Eval</Computer>
      <Security UserID=""S-1-5-18""/>
    </System>
    <EventData>
      <Data Name=""RuleName"">-</Data>
      <Data Name=""UtcTime"">2023-12-27 19:57:15.536</Data>
      <Data Name=""ProcessGuid"">{f57bd86a-819b-658c-c501-000000000f00}</Data>
      <Data Name=""ProcessId"">9916</Data>
      <Data Name=""Image"">C:\Windows\System32\curl.exe</Data>
      <Data Name=""FileVersion"">8.4.0</Data>
      <Data Name=""Description"">The curl executable</Data>
      <Data Name=""Product"">The curl executable</Data>
      <Data Name=""Company"">curl, https://curl.se/</Data>
      <Data Name=""OriginalFileName"">curl.exe</Data>
      <Data Name=""CommandLine"">C:\Windows\System32\Curl.exe  -s -A ""Opera/8.81 (Windows NT 6.0; U; en)"" -m3 www.google.com  </Data>
      <Data Name=""CurrentDirectory"">C:\Users\User\AppData\Local\Temp\</Data>
      <Data Name=""User"">WINDEV2309EVAL\User</Data>
      <Data Name=""LogonGuid"">{f57bd86a-36f9-658c-7bf8-020000000000}</Data>
      <Data Name=""LogonId"">0x2f87b</Data>
      <Data Name=""TerminalSessionId"">1</Data>
      <Data Name=""IntegrityLevel"">Medium</Data>
      <Data Name=""Hashes"">MD5=C84486B75D148BDE935E7F8F4084A741,SHA256=6CF60C768A7377F7C4842C14C3C4D416480A7044A7A5A72B61FF142A796273EC,IMPHASH=BBDB9C75D95F84296D0FCE2E933932E2</Data>
      <Data Name=""ParentProcessGuid"">{f57bd86a-819a-658c-c101-000000000f00}</Data>
      <Data Name=""ParentProcessId"">820</Data>
      <Data Name=""ParentImage"">C:\Windows\System32\cmd.exe</Data>
      <Data Name=""ParentCommandLine"">""cmd.exe"" /c C:\Windows\System32\Curl.exe -s -A ""HttpBrowser/1.0"" -m3 www.google.com &gt;nul 2&gt;&amp;1 &amp; C:\Windows\System32\Curl.exe -s -A ""Wget/1.9+cvs-stable (Red Hat modified)"" -m3 www.google.com &gt;nul 2&gt;&amp;1 &amp; C:\Windows\System32\Curl.exe -s -A ""Opera/8.81 (Windows NT 6.0; U; en)"" -m3 www.google.com &gt;nul 2&gt;&amp;1 &amp; C:\Windows\System32\Curl.exe -s -A ""*&lt;|&gt;*"" -m3 www.google.com &gt;nul 2&gt;&amp;1</Data>
      <Data Name=""ParentUser"">WINDEV2309EVAL\User</Data>
    </EventData>
    <RenderingInfo Culture=""en-US"">
      <Message>Process Create:

RuleName: -

UtcTime: 2023-12-27 19:57:15.536

ProcessGuid: {f57bd86a-819b-658c-c501-000000000f00}

ProcessId: 9916

Image: C:\Windows\System32\curl.exe

FileVersion: 8.4.0

Description: The curl executable

Product: The curl executable

Company: curl, https://curl.se/

OriginalFileName: curl.exe

CommandLine: C:\Windows\System32\Curl.exe  -s -A ""Opera/8.81 (Windows NT 6.0; U; en)"" -m3 www.google.com  

CurrentDirectory: C:\Users\User\AppData\Local\Temp\

User: WINDEV2309EVAL\User

LogonGuid: {f57bd86a-36f9-658c-7bf8-020000000000}

LogonId: 0x2F87B

TerminalSessionId: 1

IntegrityLevel: Medium

Hashes: MD5=C84486B75D148BDE935E7F8F4084A741,SHA256=6CF60C768A7377F7C4842C14C3C4D416480A7044A7A5A72B61FF142A796273EC,IMPHASH=BBDB9C75D95F84296D0FCE2E933932E2

ParentProcessGuid: {f57bd86a-819a-658c-c101-000000000f00}

ParentProcessId: 820

ParentImage: C:\Windows\System32\cmd.exe

ParentCommandLine: ""cmd.exe"" /c C:\Windows\System32\Curl.exe -s -A ""HttpBrowser/1.0"" -m3 www.google.com &gt;nul 2&gt;&amp;1 &amp; C:\Windows\System32\Curl.exe -s -A ""Wget/1.9+cvs-stable (Red Hat modified)"" -m3 www.google.com &gt;nul 2&gt;&amp;1 &amp; C:\Windows\System32\Curl.exe -s -A ""Opera/8.81 (Windows NT 6.0; U; en)"" -m3 www.google.com &gt;nul 2&gt;&amp;1 &amp; C:\Windows\System32\Curl.exe -s -A ""*&lt;|&gt;*"" -m3 www.google.com &gt;nul 2&gt;&amp;1

ParentUser: WINDEV2309EVAL\User</Message>
      <Level>Information</Level>
      <Task>Process Create (rule: ProcessCreate)</Task>
      <Opcode>Info</Opcode>
    </RenderingInfo>
  </Event>
  
"
Microsoft-Windows-Sysmon/Operational,"C:\Windows\System32\Curl.exe  -s -A ""Wget/1.9+cvs-stable (Red Hat modified)"" -m3 www.google.com  ","curl, https://curl.se/",WinDev2309Eval,,C:\Users\User\AppData\Local\Temp\,The curl executable,1,19576,8.4.0,"MD5=C84486B75D148BDE935E7F8F4084A741,SHA256=6CF60C768A7377F7C4842C14C3C4D416480A7044A7A5A72B61FF142A796273EC,IMPHASH=BBDB9C75D95F84296D0FCE2E933932E2",C:\Windows\System32\curl.exe,Medium,0x8000000000000000,Information,{f57bd86a-36f9-658c-7bf8-020000000000},0x2f87b,"Process Create:

RuleName: -

UtcTime: 2023-12-27 19:57:15.272

ProcessGuid: {f57bd86a-819b-658c-c401-000000000f00}

ProcessId: 3824

Image: C:\Windows\System32\curl.exe

FileVersion: 8.4.0

Description: The curl executable

Product: The curl executable

Company: curl, https://curl.se/

OriginalFileName: curl.exe

CommandLine: C:\Windows\System32\Curl.exe  -s -A ""Wget/1.9+cvs-stable (Red Hat modified)"" -m3 www.google.com  

CurrentDirectory: C:\Users\User\AppData\Local\Temp\

User: WINDEV2309EVAL\User

LogonGuid: {f57bd86a-36f9-658c-7bf8-020000000000}

LogonId: 0x2F87B

TerminalSessionId: 1

IntegrityLevel: Medium

Hashes: MD5=C84486B75D148BDE935E7F8F4084A741,SHA256=6CF60C768A7377F7C4842C14C3C4D416480A7044A7A5A72B61FF142A796273EC,IMPHASH=BBDB9C75D95F84296D0FCE2E933932E2

ParentProcessGuid: {f57bd86a-819a-658c-c101-000000000f00}

ParentProcessId: 820

ParentImage: C:\Windows\System32\cmd.exe

ParentCommandLine: ""cmd.exe"" /c C:\Windows\System32\Curl.exe -s -A ""HttpBrowser/1.0"" -m3 www.google.com >nul 2>&1 & C:\Windows\System32\Curl.exe -s -A ""Wget/1.9+cvs-stable (Red Hat modified)"" -m3 www.google.com >nul 2>&1 & C:\Windows\System32\Curl.exe -s -A ""Opera/8.81 (Windows NT 6.0; U; en)"" -m3 www.google.com >nul 2>&1 & C:\Windows\System32\Curl.exe -s -A ""*<|>*"" -m3 www.google.com >nul 2>&1

ParentUser: WINDEV2309EVAL\User",Info,curl.exe,"""cmd.exe"" /c C:\Windows\System32\Curl.exe -s -A ""HttpBrowser/1.0"" -m3 www.google.com >nul 2>&1 & C:\Windows\System32\Curl.exe -s -A ""Wget/1.9+cvs-stable (Red Hat modified)"" -m3 www.google.com >nul 2>&1 & C:\Windows\System32\Curl.exe -s -A ""Opera/8.81 (Windows NT 6.0; U; en)"" -m3 www.google.com >nul 2>&1 & C:\Windows\System32\Curl.exe -s -A ""*<|>*"" -m3 www.google.com >nul 2>&1",C:\Windows\System32\cmd.exe,{f57bd86a-819a-658c-c101-000000000f00},820,WINDEV2309EVAL\User,{f57bd86a-819b-658c-c401-000000000f00},3588,3824,The curl executable,,,,"
      ",-,2023-12-27T19:57:15.2746686Z,,Process Create (rule: ProcessCreate),1,5124,WINDEV2309EVAL\User,S-1-5-18,2023-12-27 19:57:15.272,5,"<Event xmlns=""http://schemas.microsoft.com/win/2004/08/events/event"">
    <System>
      <Provider Name=""Microsoft-Windows-Sysmon"" Guid=""{5770385f-c22a-43e0-bf4c-06f5698ffbd9}""/>
      <EventID>1</EventID>
      <Version>5</Version>
      <Level>4</Level>
      <Task>1</Task>
      <Opcode>0</Opcode>
      <Keywords>0x8000000000000000</Keywords>
      <TimeCreated SystemTime=""2023-12-27T19:57:15.2746686Z""/>
      <EventRecordID>19576</EventRecordID>
      <Correlation/>
      <Execution ProcessID=""3588"" ThreadID=""5124""/>
      <Channel>Microsoft-Windows-Sysmon/Operational</Channel>
      <Computer>WinDev2309Eval</Computer>
      <Security UserID=""S-1-5-18""/>
    </System>
    <EventData>
      <Data Name=""RuleName"">-</Data>
      <Data Name=""UtcTime"">2023-12-27 19:57:15.272</Data>
      <Data Name=""ProcessGuid"">{f57bd86a-819b-658c-c401-000000000f00}</Data>
      <Data Name=""ProcessId"">3824</Data>
      <Data Name=""Image"">C:\Windows\System32\curl.exe</Data>
      <Data Name=""FileVersion"">8.4.0</Data>
      <Data Name=""Description"">The curl executable</Data>
      <Data Name=""Product"">The curl executable</Data>
      <Data Name=""Company"">curl, https://curl.se/</Data>
      <Data Name=""OriginalFileName"">curl.exe</Data>
      <Data Name=""CommandLine"">C:\Windows\System32\Curl.exe  -s -A ""Wget/1.9+cvs-stable (Red Hat modified)"" -m3 www.google.com  </Data>
      <Data Name=""CurrentDirectory"">C:\Users\User\AppData\Local\Temp\</Data>
      <Data Name=""User"">WINDEV2309EVAL\User</Data>
      <Data Name=""LogonGuid"">{f57bd86a-36f9-658c-7bf8-020000000000}</Data>
      <Data Name=""LogonId"">0x2f87b</Data>
      <Data Name=""TerminalSessionId"">1</Data>
      <Data Name=""IntegrityLevel"">Medium</Data>
      <Data Name=""Hashes"">MD5=C84486B75D148BDE935E7F8F4084A741,SHA256=6CF60C768A7377F7C4842C14C3C4D416480A7044A7A5A72B61FF142A796273EC,IMPHASH=BBDB9C75D95F84296D0FCE2E933932E2</Data>
      <Data Name=""ParentProcessGuid"">{f57bd86a-819a-658c-c101-000000000f00}</Data>
      <Data Name=""ParentProcessId"">820</Data>
      <Data Name=""ParentImage"">C:\Windows\System32\cmd.exe</Data>
      <Data Name=""ParentCommandLine"">""cmd.exe"" /c C:\Windows\System32\Curl.exe -s -A ""HttpBrowser/1.0"" -m3 www.google.com &gt;nul 2&gt;&amp;1 &amp; C:\Windows\System32\Curl.exe -s -A ""Wget/1.9+cvs-stable (Red Hat modified)"" -m3 www.google.com &gt;nul 2&gt;&amp;1 &amp; C:\Windows\System32\Curl.exe -s -A ""Opera/8.81 (Windows NT 6.0; U; en)"" -m3 www.google.com &gt;nul 2&gt;&amp;1 &amp; C:\Windows\System32\Curl.exe -s -A ""*&lt;|&gt;*"" -m3 www.google.com &gt;nul 2&gt;&amp;1</Data>
      <Data Name=""ParentUser"">WINDEV2309EVAL\User</Data>
    </EventData>
    <RenderingInfo Culture=""en-US"">
      <Message>Process Create:

RuleName: -

UtcTime: 2023-12-27 19:57:15.272

ProcessGuid: {f57bd86a-819b-658c-c401-000000000f00}

ProcessId: 3824

Image: C:\Windows\System32\curl.exe

FileVersion: 8.4.0

Description: The curl executable

Product: The curl executable

Company: curl, https://curl.se/

OriginalFileName: curl.exe

CommandLine: C:\Windows\System32\Curl.exe  -s -A ""Wget/1.9+cvs-stable (Red Hat modified)"" -m3 www.google.com  

CurrentDirectory: C:\Users\User\AppData\Local\Temp\

User: WINDEV2309EVAL\User

LogonGuid: {f57bd86a-36f9-658c-7bf8-020000000000}

LogonId: 0x2F87B

TerminalSessionId: 1

IntegrityLevel: Medium

Hashes: MD5=C84486B75D148BDE935E7F8F4084A741,SHA256=6CF60C768A7377F7C4842C14C3C4D416480A7044A7A5A72B61FF142A796273EC,IMPHASH=BBDB9C75D95F84296D0FCE2E933932E2

ParentProcessGuid: {f57bd86a-819a-658c-c101-000000000f00}

ParentProcessId: 820

ParentImage: C:\Windows\System32\cmd.exe

ParentCommandLine: ""cmd.exe"" /c C:\Windows\System32\Curl.exe -s -A ""HttpBrowser/1.0"" -m3 www.google.com &gt;nul 2&gt;&amp;1 &amp; C:\Windows\System32\Curl.exe -s -A ""Wget/1.9+cvs-stable (Red Hat modified)"" -m3 www.google.com &gt;nul 2&gt;&amp;1 &amp; C:\Windows\System32\Curl.exe -s -A ""Opera/8.81 (Windows NT 6.0; U; en)"" -m3 www.google.com &gt;nul 2&gt;&amp;1 &amp; C:\Windows\System32\Curl.exe -s -A ""*&lt;|&gt;*"" -m3 www.google.com &gt;nul 2&gt;&amp;1

ParentUser: WINDEV2309EVAL\User</Message>
      <Level>Information</Level>
      <Task>Process Create (rule: ProcessCreate)</Task>
      <Opcode>Info</Opcode>
    </RenderingInfo>
  </Event>
  
"
Microsoft-Windows-Sysmon/Operational,"C:\Windows\System32\Curl.exe  -s -A ""HttpBrowser/1.0"" -m3 www.google.com  ","curl, https://curl.se/",WinDev2309Eval,,C:\Users\User\AppData\Local\Temp\,The curl executable,1,19575,8.4.0,"MD5=C84486B75D148BDE935E7F8F4084A741,SHA256=6CF60C768A7377F7C4842C14C3C4D416480A7044A7A5A72B61FF142A796273EC,IMPHASH=BBDB9C75D95F84296D0FCE2E933932E2",C:\Windows\System32\curl.exe,Medium,0x8000000000000000,Information,{f57bd86a-36f9-658c-7bf8-020000000000},0x2f87b,"Process Create:

RuleName: -

UtcTime: 2023-12-27 19:57:15.008

ProcessGuid: {f57bd86a-819b-658c-c301-000000000f00}

ProcessId: 9628

Image: C:\Windows\System32\curl.exe

FileVersion: 8.4.0

Description: The curl executable

Product: The curl executable

Company: curl, https://curl.se/

OriginalFileName: curl.exe

CommandLine: C:\Windows\System32\Curl.exe  -s -A ""HttpBrowser/1.0"" -m3 www.google.com  

CurrentDirectory: C:\Users\User\AppData\Local\Temp\

User: WINDEV2309EVAL\User

LogonGuid: {f57bd86a-36f9-658c-7bf8-020000000000}

LogonId: 0x2F87B

TerminalSessionId: 1

IntegrityLevel: Medium

Hashes: MD5=C84486B75D148BDE935E7F8F4084A741,SHA256=6CF60C768A7377F7C4842C14C3C4D416480A7044A7A5A72B61FF142A796273EC,IMPHASH=BBDB9C75D95F84296D0FCE2E933932E2

ParentProcessGuid: {f57bd86a-819a-658c-c101-000000000f00}

ParentProcessId: 820

ParentImage: C:\Windows\System32\cmd.exe

ParentCommandLine: ""cmd.exe"" /c C:\Windows\System32\Curl.exe -s -A ""HttpBrowser/1.0"" -m3 www.google.com >nul 2>&1 & C:\Windows\System32\Curl.exe -s -A ""Wget/1.9+cvs-stable (Red Hat modified)"" -m3 www.google.com >nul 2>&1 & C:\Windows\System32\Curl.exe -s -A ""Opera/8.81 (Windows NT 6.0; U; en)"" -m3 www.google.com >nul 2>&1 & C:\Windows\System32\Curl.exe -s -A ""*<|>*"" -m3 www.google.com >nul 2>&1

ParentUser: WINDEV2309EVAL\User",Info,curl.exe,"""cmd.exe"" /c C:\Windows\System32\Curl.exe -s -A ""HttpBrowser/1.0"" -m3 www.google.com >nul 2>&1 & C:\Windows\System32\Curl.exe -s -A ""Wget/1.9+cvs-stable (Red Hat modified)"" -m3 www.google.com >nul 2>&1 & C:\Windows\System32\Curl.exe -s -A ""Opera/8.81 (Windows NT 6.0; U; en)"" -m3 www.google.com >nul 2>&1 & C:\Windows\System32\Curl.exe -s -A ""*<|>*"" -m3 www.google.com >nul 2>&1",C:\Windows\System32\cmd.exe,{f57bd86a-819a-658c-c101-000000000f00},820,WINDEV2309EVAL\User,{f57bd86a-819b-658c-c301-000000000f00},3588,9628,The curl executable,,,,"
      ",-,2023-12-27T19:57:15.0185952Z,,Process Create (rule: ProcessCreate),1,5124,WINDEV2309EVAL\User,S-1-5-18,2023-12-27 19:57:15.008,5,"<Event xmlns=""http://schemas.microsoft.com/win/2004/08/events/event"">
    <System>
      <Provider Name=""Microsoft-Windows-Sysmon"" Guid=""{5770385f-c22a-43e0-bf4c-06f5698ffbd9}""/>
      <EventID>1</EventID>
      <Version>5</Version>
      <Level>4</Level>
      <Task>1</Task>
      <Opcode>0</Opcode>
      <Keywords>0x8000000000000000</Keywords>
      <TimeCreated SystemTime=""2023-12-27T19:57:15.0185952Z""/>
      <EventRecordID>19575</EventRecordID>
      <Correlation/>
      <Execution ProcessID=""3588"" ThreadID=""5124""/>
      <Channel>Microsoft-Windows-Sysmon/Operational</Channel>
      <Computer>WinDev2309Eval</Computer>
      <Security UserID=""S-1-5-18""/>
    </System>
    <EventData>
      <Data Name=""RuleName"">-</Data>
      <Data Name=""UtcTime"">2023-12-27 19:57:15.008</Data>
      <Data Name=""ProcessGuid"">{f57bd86a-819b-658c-c301-000000000f00}</Data>
      <Data Name=""ProcessId"">9628</Data>
      <Data Name=""Image"">C:\Windows\System32\curl.exe</Data>
      <Data Name=""FileVersion"">8.4.0</Data>
      <Data Name=""Description"">The curl executable</Data>
      <Data Name=""Product"">The curl executable</Data>
      <Data Name=""Company"">curl, https://curl.se/</Data>
      <Data Name=""OriginalFileName"">curl.exe</Data>
      <Data Name=""CommandLine"">C:\Windows\System32\Curl.exe  -s -A ""HttpBrowser/1.0"" -m3 www.google.com  </Data>
      <Data Name=""CurrentDirectory"">C:\Users\User\AppData\Local\Temp\</Data>
      <Data Name=""User"">WINDEV2309EVAL\User</Data>
      <Data Name=""LogonGuid"">{f57bd86a-36f9-658c-7bf8-020000000000}</Data>
      <Data Name=""LogonId"">0x2f87b</Data>
      <Data Name=""TerminalSessionId"">1</Data>
      <Data Name=""IntegrityLevel"">Medium</Data>
      <Data Name=""Hashes"">MD5=C84486B75D148BDE935E7F8F4084A741,SHA256=6CF60C768A7377F7C4842C14C3C4D416480A7044A7A5A72B61FF142A796273EC,IMPHASH=BBDB9C75D95F84296D0FCE2E933932E2</Data>
      <Data Name=""ParentProcessGuid"">{f57bd86a-819a-658c-c101-000000000f00}</Data>
      <Data Name=""ParentProcessId"">820</Data>
      <Data Name=""ParentImage"">C:\Windows\System32\cmd.exe</Data>
      <Data Name=""ParentCommandLine"">""cmd.exe"" /c C:\Windows\System32\Curl.exe -s -A ""HttpBrowser/1.0"" -m3 www.google.com &gt;nul 2&gt;&amp;1 &amp; C:\Windows\System32\Curl.exe -s -A ""Wget/1.9+cvs-stable (Red Hat modified)"" -m3 www.google.com &gt;nul 2&gt;&amp;1 &amp; C:\Windows\System32\Curl.exe -s -A ""Opera/8.81 (Windows NT 6.0; U; en)"" -m3 www.google.com &gt;nul 2&gt;&amp;1 &amp; C:\Windows\System32\Curl.exe -s -A ""*&lt;|&gt;*"" -m3 www.google.com &gt;nul 2&gt;&amp;1</Data>
      <Data Name=""ParentUser"">WINDEV2309EVAL\User</Data>
    </EventData>
    <RenderingInfo Culture=""en-US"">
      <Message>Process Create:

RuleName: -

UtcTime: 2023-12-27 19:57:15.008

ProcessGuid: {f57bd86a-819b-658c-c301-000000000f00}

ProcessId: 9628

Image: C:\Windows\System32\curl.exe

FileVersion: 8.4.0

Description: The curl executable

Product: The curl executable

Company: curl, https://curl.se/

OriginalFileName: curl.exe

CommandLine: C:\Windows\System32\Curl.exe  -s -A ""HttpBrowser/1.0"" -m3 www.google.com  

CurrentDirectory: C:\Users\User\AppData\Local\Temp\

User: WINDEV2309EVAL\User

LogonGuid: {f57bd86a-36f9-658c-7bf8-020000000000}

LogonId: 0x2F87B

TerminalSessionId: 1

IntegrityLevel: Medium

Hashes: MD5=C84486B75D148BDE935E7F8F4084A741,SHA256=6CF60C768A7377F7C4842C14C3C4D416480A7044A7A5A72B61FF142A796273EC,IMPHASH=BBDB9C75D95F84296D0FCE2E933932E2

ParentProcessGuid: {f57bd86a-819a-658c-c101-000000000f00}

ParentProcessId: 820

ParentImage: C:\Windows\System32\cmd.exe

ParentCommandLine: ""cmd.exe"" /c C:\Windows\System32\Curl.exe -s -A ""HttpBrowser/1.0"" -m3 www.google.com &gt;nul 2&gt;&amp;1 &amp; C:\Windows\System32\Curl.exe -s -A ""Wget/1.9+cvs-stable (Red Hat modified)"" -m3 www.google.com &gt;nul 2&gt;&amp;1 &amp; C:\Windows\System32\Curl.exe -s -A ""Opera/8.81 (Windows NT 6.0; U; en)"" -m3 www.google.com &gt;nul 2&gt;&amp;1 &amp; C:\Windows\System32\Curl.exe -s -A ""*&lt;|&gt;*"" -m3 www.google.com &gt;nul 2&gt;&amp;1

ParentUser: WINDEV2309EVAL\User</Message>
      <Level>Information</Level>
      <Task>Process Create (rule: ProcessCreate)</Task>
      <Opcode>Info</Opcode>
    </RenderingInfo>
  </Event>
  
"
Microsoft-Windows-Sysmon/Operational,"""cmd.exe"" /c C:\Windows\System32\Curl.exe -s -A ""HttpBrowser/1.0"" -m3 www.google.com >nul 2>&1 & C:\Windows\System32\Curl.exe -s -A ""Wget/1.9+cvs-stable (Red Hat modified)"" -m3 www.google.com >nul 2>&1 & C:\Windows\System32\Curl.exe -s -A ""Opera/8.81 (Windows NT 6.0; U; en)"" -m3 www.google.com >nul 2>&1 & C:\Windows\System32\Curl.exe -s -A ""*<|>*"" -m3 www.google.com >nul 2>&1",Microsoft Corporation,WinDev2309Eval,,C:\Users\User\AppData\Local\Temp\,Windows Command Processor,1,19574,10.0.22621.2506 (WinBuild.160101.0800),"MD5=133D568ECCB557E37BEA1459521CBAC2,SHA256=05A30592D2C3421C41121145C6EEFA7C81FEA6B42D6233A522240A8468326B9C,IMPHASH=D73E39DAB3C8B57AA408073D01254964",C:\Windows\System32\cmd.exe,Medium,0x8000000000000000,Information,{f57bd86a-36f9-658c-7bf8-020000000000},0x2f87b,"Process Create:

RuleName: -

UtcTime: 2023-12-27 19:57:14.976

ProcessGuid: {f57bd86a-819a-658c-c101-000000000f00}

ProcessId: 820

Image: C:\Windows\System32\cmd.exe

FileVersion: 10.0.22621.2506 (WinBuild.160101.0800)

Description: Windows Command Processor

Product: Microsoft® Windows® Operating System

Company: Microsoft Corporation

OriginalFileName: Cmd.Exe

CommandLine: ""cmd.exe"" /c C:\Windows\System32\Curl.exe -s -A ""HttpBrowser/1.0"" -m3 www.google.com >nul 2>&1 & C:\Windows\System32\Curl.exe -s -A ""Wget/1.9+cvs-stable (Red Hat modified)"" -m3 www.google.com >nul 2>&1 & C:\Windows\System32\Curl.exe -s -A ""Opera/8.81 (Windows NT 6.0; U; en)"" -m3 www.google.com >nul 2>&1 & C:\Windows\System32\Curl.exe -s -A ""*<|>*"" -m3 www.google.com >nul 2>&1

CurrentDirectory: C:\Users\User\AppData\Local\Temp\

User: WINDEV2309EVAL\User

LogonGuid: {f57bd86a-36f9-658c-7bf8-020000000000}

LogonId: 0x2F87B

TerminalSessionId: 1

IntegrityLevel: Medium

Hashes: MD5=133D568ECCB557E37BEA1459521CBAC2,SHA256=05A30592D2C3421C41121145C6EEFA7C81FEA6B42D6233A522240A8468326B9C,IMPHASH=D73E39DAB3C8B57AA408073D01254964

ParentProcessGuid: {00000000-0000-0000-0000-000000000000}

ParentProcessId: 1688

ParentImage: -

ParentCommandLine: -

ParentUser: -",Info,Cmd.Exe,-,-,{00000000-0000-0000-0000-000000000000},1688,-,{f57bd86a-819a-658c-c101-000000000f00},3588,820,Microsoft® Windows® Operating System,,,,"
      ",-,2023-12-27T19:57:14.9778620Z,,Process Create (rule: ProcessCreate),1,5124,WINDEV2309EVAL\User,S-1-5-18,2023-12-27 19:57:14.976,5,"<Event xmlns=""http://schemas.microsoft.com/win/2004/08/events/event"">
    <System>
      <Provider Name=""Microsoft-Windows-Sysmon"" Guid=""{5770385f-c22a-43e0-bf4c-06f5698ffbd9}""/>
      <EventID>1</EventID>
      <Version>5</Version>
      <Level>4</Level>
      <Task>1</Task>
      <Opcode>0</Opcode>
      <Keywords>0x8000000000000000</Keywords>
      <TimeCreated SystemTime=""2023-12-27T19:57:14.9778620Z""/>
      <EventRecordID>19574</EventRecordID>
      <Correlation/>
      <Execution ProcessID=""3588"" ThreadID=""5124""/>
      <Channel>Microsoft-Windows-Sysmon/Operational</Channel>
      <Computer>WinDev2309Eval</Computer>
      <Security UserID=""S-1-5-18""/>
    </System>
    <EventData>
      <Data Name=""RuleName"">-</Data>
      <Data Name=""UtcTime"">2023-12-27 19:57:14.976</Data>
      <Data Name=""ProcessGuid"">{f57bd86a-819a-658c-c101-000000000f00}</Data>
      <Data Name=""ProcessId"">820</Data>
      <Data Name=""Image"">C:\Windows\System32\cmd.exe</Data>
      <Data Name=""FileVersion"">10.0.22621.2506 (WinBuild.160101.0800)</Data>
      <Data Name=""Description"">Windows Command Processor</Data>
      <Data Name=""Product"">Microsoft&#174; Windows&#174; Operating System</Data>
      <Data Name=""Company"">Microsoft Corporation</Data>
      <Data Name=""OriginalFileName"">Cmd.Exe</Data>
      <Data Name=""CommandLine"">""cmd.exe"" /c C:\Windows\System32\Curl.exe -s -A ""HttpBrowser/1.0"" -m3 www.google.com &gt;nul 2&gt;&amp;1 &amp; C:\Windows\System32\Curl.exe -s -A ""Wget/1.9+cvs-stable (Red Hat modified)"" -m3 www.google.com &gt;nul 2&gt;&amp;1 &amp; C:\Windows\System32\Curl.exe -s -A ""Opera/8.81 (Windows NT 6.0; U; en)"" -m3 www.google.com &gt;nul 2&gt;&amp;1 &amp; C:\Windows\System32\Curl.exe -s -A ""*&lt;|&gt;*"" -m3 www.google.com &gt;nul 2&gt;&amp;1</Data>
      <Data Name=""CurrentDirectory"">C:\Users\User\AppData\Local\Temp\</Data>
      <Data Name=""User"">WINDEV2309EVAL\User</Data>
      <Data Name=""LogonGuid"">{f57bd86a-36f9-658c-7bf8-020000000000}</Data>
      <Data Name=""LogonId"">0x2f87b</Data>
      <Data Name=""TerminalSessionId"">1</Data>
      <Data Name=""IntegrityLevel"">Medium</Data>
      <Data Name=""Hashes"">MD5=133D568ECCB557E37BEA1459521CBAC2,SHA256=05A30592D2C3421C41121145C6EEFA7C81FEA6B42D6233A522240A8468326B9C,IMPHASH=D73E39DAB3C8B57AA408073D01254964</Data>
      <Data Name=""ParentProcessGuid"">{00000000-0000-0000-0000-000000000000}</Data>
      <Data Name=""ParentProcessId"">1688</Data>
      <Data Name=""ParentImage"">-</Data>
      <Data Name=""ParentCommandLine"">-</Data>
      <Data Name=""ParentUser"">-</Data>
    </EventData>
    <RenderingInfo Culture=""en-US"">
      <Message>Process Create:

RuleName: -

UtcTime: 2023-12-27 19:57:14.976

ProcessGuid: {f57bd86a-819a-658c-c101-000000000f00}

ProcessId: 820

Image: C:\Windows\System32\cmd.exe

FileVersion: 10.0.22621.2506 (WinBuild.160101.0800)

Description: Windows Command Processor

Product: Microsoft&#174; Windows&#174; Operating System

Company: Microsoft Corporation

OriginalFileName: Cmd.Exe

CommandLine: ""cmd.exe"" /c C:\Windows\System32\Curl.exe -s -A ""HttpBrowser/1.0"" -m3 www.google.com &gt;nul 2&gt;&amp;1 &amp; C:\Windows\System32\Curl.exe -s -A ""Wget/1.9+cvs-stable (Red Hat modified)"" -m3 www.google.com &gt;nul 2&gt;&amp;1 &amp; C:\Windows\System32\Curl.exe -s -A ""Opera/8.81 (Windows NT 6.0; U; en)"" -m3 www.google.com &gt;nul 2&gt;&amp;1 &amp; C:\Windows\System32\Curl.exe -s -A ""*&lt;|&gt;*"" -m3 www.google.com &gt;nul 2&gt;&amp;1

CurrentDirectory: C:\Users\User\AppData\Local\Temp\

User: WINDEV2309EVAL\User

LogonGuid: {f57bd86a-36f9-658c-7bf8-020000000000}

LogonId: 0x2F87B

TerminalSessionId: 1

IntegrityLevel: Medium

Hashes: MD5=133D568ECCB557E37BEA1459521CBAC2,SHA256=05A30592D2C3421C41121145C6EEFA7C81FEA6B42D6233A522240A8468326B9C,IMPHASH=D73E39DAB3C8B57AA408073D01254964

ParentProcessGuid: {00000000-0000-0000-0000-000000000000}

ParentProcessId: 1688

ParentImage: -

ParentCommandLine: -

ParentUser: -</Message>
      <Level>Information</Level>
      <Task>Process Create (rule: ProcessCreate)</Task>
      <Opcode>Info</Opcode>
    </RenderingInfo>
  </Event>
  
"
Microsoft-Windows-Sysmon/Operational,,,WinDev2309Eval,,,,22,19573,,,<unknown process>,,0x8000000000000000,Information,,,"Dns query:

RuleName: -

UtcTime: 2023-12-27 14:52:11.982

ProcessGuid: {f57bd86a-8196-658c-bf01-000000000f00}

ProcessId: 10424

QueryName: www.google.com

QueryStatus: 0

QueryResults: ::ffff:142.251.37.228;

Image: <unknown process>

User: WINDEV2309EVAL\User",Info,,,,,,,{f57bd86a-8196-658c-bf01-000000000f00},3588,10424,,www.google.com,::ffff:142.251.37.228;,0,"
      ",-,2023-12-27T19:57:14.9639537Z,,Dns query (rule: DnsQuery),,5164,WINDEV2309EVAL\User,S-1-5-18,2023-12-27 14:52:11.982,5,"<Event xmlns=""http://schemas.microsoft.com/win/2004/08/events/event"">
    <System>
      <Provider Name=""Microsoft-Windows-Sysmon"" Guid=""{5770385f-c22a-43e0-bf4c-06f5698ffbd9}""/>
      <EventID>22</EventID>
      <Version>5</Version>
      <Level>4</Level>
      <Task>22</Task>
      <Opcode>0</Opcode>
      <Keywords>0x8000000000000000</Keywords>
      <TimeCreated SystemTime=""2023-12-27T19:57:14.9639537Z""/>
      <EventRecordID>19573</EventRecordID>
      <Correlation/>
      <Execution ProcessID=""3588"" ThreadID=""5164""/>
      <Channel>Microsoft-Windows-Sysmon/Operational</Channel>
      <Computer>WinDev2309Eval</Computer>
      <Security UserID=""S-1-5-18""/>
    </System>
    <EventData>
      <Data Name=""RuleName"">-</Data>
      <Data Name=""UtcTime"">2023-12-27 14:52:11.982</Data>
      <Data Name=""ProcessGuid"">{f57bd86a-8196-658c-bf01-000000000f00}</Data>
      <Data Name=""ProcessId"">10424</Data>
      <Data Name=""QueryName"">www.google.com</Data>
      <Data Name=""QueryStatus"">0</Data>
      <Data Name=""QueryResults"">::ffff:142.251.37.228;</Data>
      <Data Name=""Image"">&lt;unknown process&gt;</Data>
      <Data Name=""User"">WINDEV2309EVAL\User</Data>
    </EventData>
    <RenderingInfo Culture=""en-US"">
      <Message>Dns query:

RuleName: -

UtcTime: 2023-12-27 14:52:11.982

ProcessGuid: {f57bd86a-8196-658c-bf01-000000000f00}

ProcessId: 10424

QueryName: www.google.com

QueryStatus: 0

QueryResults: ::ffff:142.251.37.228;

Image: &lt;unknown process&gt;

User: WINDEV2309EVAL\User</Message>
      <Level>Information</Level>
      <Task>Dns query (rule: DnsQuery)</Task>
      <Opcode>Info</Opcode>
    </RenderingInfo>
  </Event>
  
"
Microsoft-Windows-Sysmon/Operational,,,WinDev2309Eval,2023-12-27 19:57:10.836,,,11,19572,,,C:\Windows\System32\WindowsPowerShell\v1.0\powershell.exe,,0x8000000000000000,Information,,,"File created:

RuleName: -

UtcTime: 2023-12-27 19:57:10.836

ProcessGuid: {f57bd86a-8196-658c-bf01-000000000f00}

ProcessId: 10424

Image: C:\Windows\System32\WindowsPowerShell\v1.0\powershell.exe

TargetFilename: C:\Users\User\AppData\Local\Temp\__PSScriptPolicyTest_xvjtvkbm.2vh.ps1

CreationUtcTime: 2023-12-27 19:57:10.836

User: WINDEV2309EVAL\User",Info,,,,,,,{f57bd86a-8196-658c-bf01-000000000f00},3588,10424,,,,,"
      ",-,2023-12-27T19:57:10.8382887Z,C:\Users\User\AppData\Local\Temp\__PSScriptPolicyTest_xvjtvkbm.2vh.ps1,File created (rule: FileCreate),,5124,WINDEV2309EVAL\User,S-1-5-18,2023-12-27 19:57:10.836,2,"<Event xmlns=""http://schemas.microsoft.com/win/2004/08/events/event"">
    <System>
      <Provider Name=""Microsoft-Windows-Sysmon"" Guid=""{5770385f-c22a-43e0-bf4c-06f5698ffbd9}""/>
      <EventID>11</EventID>
      <Version>2</Version>
      <Level>4</Level>
      <Task>11</Task>
      <Opcode>0</Opcode>
      <Keywords>0x8000000000000000</Keywords>
      <TimeCreated SystemTime=""2023-12-27T19:57:10.8382887Z""/>
      <EventRecordID>19572</EventRecordID>
      <Correlation/>
      <Execution ProcessID=""3588"" ThreadID=""5124""/>
      <Channel>Microsoft-Windows-Sysmon/Operational</Channel>
      <Computer>WinDev2309Eval</Computer>
      <Security UserID=""S-1-5-18""/>
    </System>
    <EventData>
      <Data Name=""RuleName"">-</Data>
      <Data Name=""UtcTime"">2023-12-27 19:57:10.836</Data>
      <Data Name=""ProcessGuid"">{f57bd86a-8196-658c-bf01-000000000f00}</Data>
      <Data Name=""ProcessId"">10424</Data>
      <Data Name=""Image"">C:\Windows\System32\WindowsPowerShell\v1.0\powershell.exe</Data>
      <Data Name=""TargetFilename"">C:\Users\User\AppData\Local\Temp\__PSScriptPolicyTest_xvjtvkbm.2vh.ps1</Data>
      <Data Name=""CreationUtcTime"">2023-12-27 19:57:10.836</Data>
      <Data Name=""User"">WINDEV2309EVAL\User</Data>
    </EventData>
    <RenderingInfo Culture=""en-US"">
      <Message>File created:

RuleName: -

UtcTime: 2023-12-27 19:57:10.836

ProcessGuid: {f57bd86a-8196-658c-bf01-000000000f00}

ProcessId: 10424

Image: C:\Windows\System32\WindowsPowerShell\v1.0\powershell.exe

TargetFilename: C:\Users\User\AppData\Local\Temp\__PSScriptPolicyTest_xvjtvkbm.2vh.ps1

CreationUtcTime: 2023-12-27 19:57:10.836

User: WINDEV2309EVAL\User</Message>
      <Level>Information</Level>
      <Task>File created (rule: FileCreate)</Task>
      <Opcode>Info</Opcode>
    </RenderingInfo>
  </Event>
  
"
