Microsoft-Windows-Sysmon/Operational,,,WinDev2309Eval,2023-12-28 12:20:43.408,,,,,,,,,11,9522,,,,C:\Windows\SoftwareDistribution\Download\Install\UpdatePlatform.amd64fre.exe,,,0x8000000000000000,Information,,,"File created:

RuleName: DLL

UtcTime: 2023-12-28 12:20:43.408

ProcessGuid: {fda94052-681a-658d-7a02-000000000b00}

ProcessId: 3520

Image: C:\Windows\SoftwareDistribution\Download\Install\UpdatePlatform.amd64fre.exe

TargetFilename: C:\Windows\SystemTemp\EB4BBE84-AFC4-40E1-B9FF-DD868CABC612\x86\MpAsDesc.dll

CreationUtcTime: 2023-12-28 12:20:43.408

User: NT AUTHORITY\SYSTEM",Info,,,,,,,{fda94052-681a-658d-7a02-000000000b00},7044,3520,,,,,,"
      ",DLL,,,,,,2023-12-28T12:20:43.4222639Z,C:\Windows\SystemTemp\EB4BBE84-AFC4-40E1-B9FF-DD868CABC612\x86\MpAsDesc.dll,,File created (rule: FileCreate),,6672,NT AUTHORITY\SYSTEM,S-1-5-18,2023-12-28 12:20:43.408,2,"<Event xmlns=""http://schemas.microsoft.com/win/2004/08/events/event"">
    <System>
      <Provider Name=""Microsoft-Windows-Sysmon"" Guid=""{5770385f-c22a-43e0-bf4c-06f5698ffbd9}""/>
      <EventID>11</EventID>
      <Version>2</Version>
      <Level>4</Level>
      <Task>11</Task>
      <Opcode>0</Opcode>
      <Keywords>0x8000000000000000</Keywords>
      <TimeCreated SystemTime=""2023-12-28T12:20:43.4222639Z""/>
      <EventRecordID>9522</EventRecordID>
      <Correlation/>
      <Execution ProcessID=""7044"" ThreadID=""6672""/>
      <Channel>Microsoft-Windows-Sysmon/Operational</Channel>
      <Computer>WinDev2309Eval</Computer>
      <Security UserID=""S-1-5-18""/>
    </System>
    <EventData>
      <Data Name=""RuleName"">DLL</Data>
      <Data Name=""UtcTime"">2023-12-28 12:20:43.408</Data>
      <Data Name=""ProcessGuid"">{fda94052-681a-658d-7a02-000000000b00}</Data>
      <Data Name=""ProcessId"">3520</Data>
      <Data Name=""Image"">C:\Windows\SoftwareDistribution\Download\Install\UpdatePlatform.amd64fre.exe</Data>
      <Data Name=""TargetFilename"">C:\Windows\SystemTemp\EB4BBE84-AFC4-40E1-B9FF-DD868CABC612\x86\MpAsDesc.dll</Data>
      <Data Name=""CreationUtcTime"">2023-12-28 12:20:43.408</Data>
      <Data Name=""User"">NT AUTHORITY\SYSTEM</Data>
    </EventData>
    <RenderingInfo Culture=""en-US"">
      <Message>File created:

RuleName: DLL

UtcTime: 2023-12-28 12:20:43.408

ProcessGuid: {fda94052-681a-658d-7a02-000000000b00}

ProcessId: 3520

Image: C:\Windows\SoftwareDistribution\Download\Install\UpdatePlatform.amd64fre.exe

TargetFilename: C:\Windows\SystemTemp\EB4BBE84-AFC4-40E1-B9FF-DD868CABC612\x86\MpAsDesc.dll

CreationUtcTime: 2023-12-28 12:20:43.408

User: NT AUTHORITY\SYSTEM</Message>
      <Level>Information</Level>
      <Task>File created (rule: FileCreate)</Task>
      <Opcode>Info</Opcode>
    </RenderingInfo>
  </Event>
  
"
Microsoft-Windows-Sysmon/Operational,,,WinDev2309Eval,2023-12-28 12:20:43.361,,,,,,,,,11,9521,,,,C:\Windows\SoftwareDistribution\Download\Install\UpdatePlatform.amd64fre.exe,,,0x8000000000000000,Information,,,"File created:

RuleName: DLL

UtcTime: 2023-12-28 12:20:43.361

ProcessGuid: {fda94052-681a-658d-7a02-000000000b00}

ProcessId: 3520

Image: C:\Windows\SoftwareDistribution\Download\Install\UpdatePlatform.amd64fre.exe

TargetFilename: C:\Windows\SystemTemp\EB4BBE84-AFC4-40E1-B9FF-DD868CABC612\endpointdlp.dll

CreationUtcTime: 2023-12-28 12:20:43.361

User: NT AUTHORITY\SYSTEM",Info,,,,,,,{fda94052-681a-658d-7a02-000000000b00},7044,3520,,,,,,"
      ",DLL,,,,,,2023-12-28T12:20:43.3714861Z,C:\Windows\SystemTemp\EB4BBE84-AFC4-40E1-B9FF-DD868CABC612\endpointdlp.dll,,File created (rule: FileCreate),,6672,NT AUTHORITY\SYSTEM,S-1-5-18,2023-12-28 12:20:43.361,2,"<Event xmlns=""http://schemas.microsoft.com/win/2004/08/events/event"">
    <System>
      <Provider Name=""Microsoft-Windows-Sysmon"" Guid=""{5770385f-c22a-43e0-bf4c-06f5698ffbd9}""/>
      <EventID>11</EventID>
      <Version>2</Version>
      <Level>4</Level>
      <Task>11</Task>
      <Opcode>0</Opcode>
      <Keywords>0x8000000000000000</Keywords>
      <TimeCreated SystemTime=""2023-12-28T12:20:43.3714861Z""/>
      <EventRecordID>9521</EventRecordID>
      <Correlation/>
      <Execution ProcessID=""7044"" ThreadID=""6672""/>
      <Channel>Microsoft-Windows-Sysmon/Operational</Channel>
      <Computer>WinDev2309Eval</Computer>
      <Security UserID=""S-1-5-18""/>
    </System>
    <EventData>
      <Data Name=""RuleName"">DLL</Data>
      <Data Name=""UtcTime"">2023-12-28 12:20:43.361</Data>
      <Data Name=""ProcessGuid"">{fda94052-681a-658d-7a02-000000000b00}</Data>
      <Data Name=""ProcessId"">3520</Data>
      <Data Name=""Image"">C:\Windows\SoftwareDistribution\Download\Install\UpdatePlatform.amd64fre.exe</Data>
      <Data Name=""TargetFilename"">C:\Windows\SystemTemp\EB4BBE84-AFC4-40E1-B9FF-DD868CABC612\endpointdlp.dll</Data>
      <Data Name=""CreationUtcTime"">2023-12-28 12:20:43.361</Data>
      <Data Name=""User"">NT AUTHORITY\SYSTEM</Data>
    </EventData>
    <RenderingInfo Culture=""en-US"">
      <Message>File created:

RuleName: DLL

UtcTime: 2023-12-28 12:20:43.361

ProcessGuid: {fda94052-681a-658d-7a02-000000000b00}

ProcessId: 3520

Image: C:\Windows\SoftwareDistribution\Download\Install\UpdatePlatform.amd64fre.exe

TargetFilename: C:\Windows\SystemTemp\EB4BBE84-AFC4-40E1-B9FF-DD868CABC612\endpointdlp.dll

CreationUtcTime: 2023-12-28 12:20:43.361

User: NT AUTHORITY\SYSTEM</Message>
      <Level>Information</Level>
      <Task>File created (rule: FileCreate)</Task>
      <Opcode>Info</Opcode>
    </RenderingInfo>
  </Event>
  
"
Microsoft-Windows-Sysmon/Operational,,,WinDev2309Eval,2023-12-28 12:20:43.345,,,,,,,,,11,9520,,,,C:\Windows\SoftwareDistribution\Download\Install\UpdatePlatform.amd64fre.exe,,,0x8000000000000000,Information,,,"File created:

RuleName: DLL

UtcTime: 2023-12-28 12:20:43.345

ProcessGuid: {fda94052-681a-658d-7a02-000000000b00}

ProcessId: 3520

Image: C:\Windows\SoftwareDistribution\Download\Install\UpdatePlatform.amd64fre.exe

TargetFilename: C:\Windows\SystemTemp\EB4BBE84-AFC4-40E1-B9FF-DD868CABC612\ProtectionManagement.dll

CreationUtcTime: 2023-12-28 12:20:43.345

User: NT AUTHORITY\SYSTEM",Info,,,,,,,{fda94052-681a-658d-7a02-000000000b00},7044,3520,,,,,,"
      ",DLL,,,,,,2023-12-28T12:20:43.3467426Z,C:\Windows\SystemTemp\EB4BBE84-AFC4-40E1-B9FF-DD868CABC612\ProtectionManagement.dll,,File created (rule: FileCreate),,6672,NT AUTHORITY\SYSTEM,S-1-5-18,2023-12-28 12:20:43.345,2,"<Event xmlns=""http://schemas.microsoft.com/win/2004/08/events/event"">
    <System>
      <Provider Name=""Microsoft-Windows-Sysmon"" Guid=""{5770385f-c22a-43e0-bf4c-06f5698ffbd9}""/>
      <EventID>11</EventID>
      <Version>2</Version>
      <Level>4</Level>
      <Task>11</Task>
      <Opcode>0</Opcode>
      <Keywords>0x8000000000000000</Keywords>
      <TimeCreated SystemTime=""2023-12-28T12:20:43.3467426Z""/>
      <EventRecordID>9520</EventRecordID>
      <Correlation/>
      <Execution ProcessID=""7044"" ThreadID=""6672""/>
      <Channel>Microsoft-Windows-Sysmon/Operational</Channel>
      <Computer>WinDev2309Eval</Computer>
      <Security UserID=""S-1-5-18""/>
    </System>
    <EventData>
      <Data Name=""RuleName"">DLL</Data>
      <Data Name=""UtcTime"">2023-12-28 12:20:43.345</Data>
      <Data Name=""ProcessGuid"">{fda94052-681a-658d-7a02-000000000b00}</Data>
      <Data Name=""ProcessId"">3520</Data>
      <Data Name=""Image"">C:\Windows\SoftwareDistribution\Download\Install\UpdatePlatform.amd64fre.exe</Data>
      <Data Name=""TargetFilename"">C:\Windows\SystemTemp\EB4BBE84-AFC4-40E1-B9FF-DD868CABC612\ProtectionManagement.dll</Data>
      <Data Name=""CreationUtcTime"">2023-12-28 12:20:43.345</Data>
      <Data Name=""User"">NT AUTHORITY\SYSTEM</Data>
    </EventData>
    <RenderingInfo Culture=""en-US"">
      <Message>File created:

RuleName: DLL

UtcTime: 2023-12-28 12:20:43.345

ProcessGuid: {fda94052-681a-658d-7a02-000000000b00}

ProcessId: 3520

Image: C:\Windows\SoftwareDistribution\Download\Install\UpdatePlatform.amd64fre.exe

TargetFilename: C:\Windows\SystemTemp\EB4BBE84-AFC4-40E1-B9FF-DD868CABC612\ProtectionManagement.dll

CreationUtcTime: 2023-12-28 12:20:43.345

User: NT AUTHORITY\SYSTEM</Message>
      <Level>Information</Level>
      <Task>File created (rule: FileCreate)</Task>
      <Opcode>Info</Opcode>
    </RenderingInfo>
  </Event>
  
"
Microsoft-Windows-Sysmon/Operational,,,WinDev2309Eval,2023-12-28 12:20:43.236,,,,,,,,,11,9519,,,,C:\Windows\SoftwareDistribution\Download\Install\UpdatePlatform.amd64fre.exe,,,0x8000000000000000,Information,,,"File created:

RuleName: DLL

UtcTime: 2023-12-28 12:20:43.236

ProcessGuid: {fda94052-681a-658d-7a02-000000000b00}

ProcessId: 3520

Image: C:\Windows\SoftwareDistribution\Download\Install\UpdatePlatform.amd64fre.exe

TargetFilename: C:\Windows\SystemTemp\EB4BBE84-AFC4-40E1-B9FF-DD868CABC612\NpRep.dll

CreationUtcTime: 2023-12-28 12:20:43.236

User: NT AUTHORITY\SYSTEM",Info,,,,,,,{fda94052-681a-658d-7a02-000000000b00},7044,3520,,,,,,"
      ",DLL,,,,,,2023-12-28T12:20:43.2404873Z,C:\Windows\SystemTemp\EB4BBE84-AFC4-40E1-B9FF-DD868CABC612\NpRep.dll,,File created (rule: FileCreate),,6672,NT AUTHORITY\SYSTEM,S-1-5-18,2023-12-28 12:20:43.236,2,"<Event xmlns=""http://schemas.microsoft.com/win/2004/08/events/event"">
    <System>
      <Provider Name=""Microsoft-Windows-Sysmon"" Guid=""{5770385f-c22a-43e0-bf4c-06f5698ffbd9}""/>
      <EventID>11</EventID>
      <Version>2</Version>
      <Level>4</Level>
      <Task>11</Task>
      <Opcode>0</Opcode>
      <Keywords>0x8000000000000000</Keywords>
      <TimeCreated SystemTime=""2023-12-28T12:20:43.2404873Z""/>
      <EventRecordID>9519</EventRecordID>
      <Correlation/>
      <Execution ProcessID=""7044"" ThreadID=""6672""/>
      <Channel>Microsoft-Windows-Sysmon/Operational</Channel>
      <Computer>WinDev2309Eval</Computer>
      <Security UserID=""S-1-5-18""/>
    </System>
    <EventData>
      <Data Name=""RuleName"">DLL</Data>
      <Data Name=""UtcTime"">2023-12-28 12:20:43.236</Data>
      <Data Name=""ProcessGuid"">{fda94052-681a-658d-7a02-000000000b00}</Data>
      <Data Name=""ProcessId"">3520</Data>
      <Data Name=""Image"">C:\Windows\SoftwareDistribution\Download\Install\UpdatePlatform.amd64fre.exe</Data>
      <Data Name=""TargetFilename"">C:\Windows\SystemTemp\EB4BBE84-AFC4-40E1-B9FF-DD868CABC612\NpRep.dll</Data>
      <Data Name=""CreationUtcTime"">2023-12-28 12:20:43.236</Data>
      <Data Name=""User"">NT AUTHORITY\SYSTEM</Data>
    </EventData>
    <RenderingInfo Culture=""en-US"">
      <Message>File created:

RuleName: DLL

UtcTime: 2023-12-28 12:20:43.236

ProcessGuid: {fda94052-681a-658d-7a02-000000000b00}

ProcessId: 3520

Image: C:\Windows\SoftwareDistribution\Download\Install\UpdatePlatform.amd64fre.exe

TargetFilename: C:\Windows\SystemTemp\EB4BBE84-AFC4-40E1-B9FF-DD868CABC612\NpRep.dll

CreationUtcTime: 2023-12-28 12:20:43.236

User: NT AUTHORITY\SYSTEM</Message>
      <Level>Information</Level>
      <Task>File created (rule: FileCreate)</Task>
      <Opcode>Info</Opcode>
    </RenderingInfo>
  </Event>
  
"
Microsoft-Windows-Sysmon/Operational,,,WinDev2309Eval,2023-12-28 12:20:43.236,,,,,,,,,11,9518,,,,C:\Windows\SoftwareDistribution\Download\Install\UpdatePlatform.amd64fre.exe,,,0x8000000000000000,Information,,,"File created:

RuleName: DLL

UtcTime: 2023-12-28 12:20:43.236

ProcessGuid: {fda94052-681a-658d-7a02-000000000b00}

ProcessId: 3520

Image: C:\Windows\SoftwareDistribution\Download\Install\UpdatePlatform.amd64fre.exe

TargetFilename: C:\Windows\SystemTemp\EB4BBE84-AFC4-40E1-B9FF-DD868CABC612\MsMpLics.dll

CreationUtcTime: 2023-12-28 12:20:43.236

User: NT AUTHORITY\SYSTEM",Info,,,,,,,{fda94052-681a-658d-7a02-000000000b00},7044,3520,,,,,,"
      ",DLL,,,,,,2023-12-28T12:20:43.2383035Z,C:\Windows\SystemTemp\EB4BBE84-AFC4-40E1-B9FF-DD868CABC612\MsMpLics.dll,,File created (rule: FileCreate),,6672,NT AUTHORITY\SYSTEM,S-1-5-18,2023-12-28 12:20:43.236,2,"<Event xmlns=""http://schemas.microsoft.com/win/2004/08/events/event"">
    <System>
      <Provider Name=""Microsoft-Windows-Sysmon"" Guid=""{5770385f-c22a-43e0-bf4c-06f5698ffbd9}""/>
      <EventID>11</EventID>
      <Version>2</Version>
      <Level>4</Level>
      <Task>11</Task>
      <Opcode>0</Opcode>
      <Keywords>0x8000000000000000</Keywords>
      <TimeCreated SystemTime=""2023-12-28T12:20:43.2383035Z""/>
      <EventRecordID>9518</EventRecordID>
      <Correlation/>
      <Execution ProcessID=""7044"" ThreadID=""6672""/>
      <Channel>Microsoft-Windows-Sysmon/Operational</Channel>
      <Computer>WinDev2309Eval</Computer>
      <Security UserID=""S-1-5-18""/>
    </System>
    <EventData>
      <Data Name=""RuleName"">DLL</Data>
      <Data Name=""UtcTime"">2023-12-28 12:20:43.236</Data>
      <Data Name=""ProcessGuid"">{fda94052-681a-658d-7a02-000000000b00}</Data>
      <Data Name=""ProcessId"">3520</Data>
      <Data Name=""Image"">C:\Windows\SoftwareDistribution\Download\Install\UpdatePlatform.amd64fre.exe</Data>
      <Data Name=""TargetFilename"">C:\Windows\SystemTemp\EB4BBE84-AFC4-40E1-B9FF-DD868CABC612\MsMpLics.dll</Data>
      <Data Name=""CreationUtcTime"">2023-12-28 12:20:43.236</Data>
      <Data Name=""User"">NT AUTHORITY\SYSTEM</Data>
    </EventData>
    <RenderingInfo Culture=""en-US"">
      <Message>File created:

RuleName: DLL

UtcTime: 2023-12-28 12:20:43.236

ProcessGuid: {fda94052-681a-658d-7a02-000000000b00}

ProcessId: 3520

Image: C:\Windows\SoftwareDistribution\Download\Install\UpdatePlatform.amd64fre.exe

TargetFilename: C:\Windows\SystemTemp\EB4BBE84-AFC4-40E1-B9FF-DD868CABC612\MsMpLics.dll

CreationUtcTime: 2023-12-28 12:20:43.236

User: NT AUTHORITY\SYSTEM</Message>
      <Level>Information</Level>
      <Task>File created (rule: FileCreate)</Task>
      <Opcode>Info</Opcode>
    </RenderingInfo>
  </Event>
  
"
Microsoft-Windows-Sysmon/Operational,,,WinDev2309Eval,2023-12-28 12:20:43.205,,,,,,,,,11,9517,,,,C:\Windows\SoftwareDistribution\Download\Install\UpdatePlatform.amd64fre.exe,,,0x8000000000000000,Information,,,"File created:

RuleName: DLL

UtcTime: 2023-12-28 12:20:43.205

ProcessGuid: {fda94052-681a-658d-7a02-000000000b00}

ProcessId: 3520

Image: C:\Windows\SoftwareDistribution\Download\Install\UpdatePlatform.amd64fre.exe

TargetFilename: C:\Windows\SystemTemp\EB4BBE84-AFC4-40E1-B9FF-DD868CABC612\MpUxAgent.dll

CreationUtcTime: 2023-12-28 12:20:43.205

User: NT AUTHORITY\SYSTEM",Info,,,,,,,{fda94052-681a-658d-7a02-000000000b00},7044,3520,,,,,,"
      ",DLL,,,,,,2023-12-28T12:20:43.2162637Z,C:\Windows\SystemTemp\EB4BBE84-AFC4-40E1-B9FF-DD868CABC612\MpUxAgent.dll,,File created (rule: FileCreate),,6672,NT AUTHORITY\SYSTEM,S-1-5-18,2023-12-28 12:20:43.205,2,"<Event xmlns=""http://schemas.microsoft.com/win/2004/08/events/event"">
    <System>
      <Provider Name=""Microsoft-Windows-Sysmon"" Guid=""{5770385f-c22a-43e0-bf4c-06f5698ffbd9}""/>
      <EventID>11</EventID>
      <Version>2</Version>
      <Level>4</Level>
      <Task>11</Task>
      <Opcode>0</Opcode>
      <Keywords>0x8000000000000000</Keywords>
      <TimeCreated SystemTime=""2023-12-28T12:20:43.2162637Z""/>
      <EventRecordID>9517</EventRecordID>
      <Correlation/>
      <Execution ProcessID=""7044"" ThreadID=""6672""/>
      <Channel>Microsoft-Windows-Sysmon/Operational</Channel>
      <Computer>WinDev2309Eval</Computer>
      <Security UserID=""S-1-5-18""/>
    </System>
    <EventData>
      <Data Name=""RuleName"">DLL</Data>
      <Data Name=""UtcTime"">2023-12-28 12:20:43.205</Data>
      <Data Name=""ProcessGuid"">{fda94052-681a-658d-7a02-000000000b00}</Data>
      <Data Name=""ProcessId"">3520</Data>
      <Data Name=""Image"">C:\Windows\SoftwareDistribution\Download\Install\UpdatePlatform.amd64fre.exe</Data>
      <Data Name=""TargetFilename"">C:\Windows\SystemTemp\EB4BBE84-AFC4-40E1-B9FF-DD868CABC612\MpUxAgent.dll</Data>
      <Data Name=""CreationUtcTime"">2023-12-28 12:20:43.205</Data>
      <Data Name=""User"">NT AUTHORITY\SYSTEM</Data>
    </EventData>
    <RenderingInfo Culture=""en-US"">
      <Message>File created:

RuleName: DLL

UtcTime: 2023-12-28 12:20:43.205

ProcessGuid: {fda94052-681a-658d-7a02-000000000b00}

ProcessId: 3520

Image: C:\Windows\SoftwareDistribution\Download\Install\UpdatePlatform.amd64fre.exe

TargetFilename: C:\Windows\SystemTemp\EB4BBE84-AFC4-40E1-B9FF-DD868CABC612\MpUxAgent.dll

CreationUtcTime: 2023-12-28 12:20:43.205

User: NT AUTHORITY\SYSTEM</Message>
      <Level>Information</Level>
      <Task>File created (rule: FileCreate)</Task>
      <Opcode>Info</Opcode>
    </RenderingInfo>
  </Event>
  
"
Microsoft-Windows-Sysmon/Operational,,,WinDev2309Eval,2023-12-28 12:20:43.205,,,,,,,,,11,9516,,,,C:\Windows\SoftwareDistribution\Download\Install\UpdatePlatform.amd64fre.exe,,,0x8000000000000000,Information,,,"File created:

RuleName: DLL

UtcTime: 2023-12-28 12:20:43.205

ProcessGuid: {fda94052-681a-658d-7a02-000000000b00}

ProcessId: 3520

Image: C:\Windows\SoftwareDistribution\Download\Install\UpdatePlatform.amd64fre.exe

TargetFilename: C:\Windows\SystemTemp\EB4BBE84-AFC4-40E1-B9FF-DD868CABC612\MpUpdate.dll

CreationUtcTime: 2023-12-28 12:20:43.205

User: NT AUTHORITY\SYSTEM",Info,,,,,,,{fda94052-681a-658d-7a02-000000000b00},7044,3520,,,,,,"
      ",DLL,,,,,,2023-12-28T12:20:43.2090643Z,C:\Windows\SystemTemp\EB4BBE84-AFC4-40E1-B9FF-DD868CABC612\MpUpdate.dll,,File created (rule: FileCreate),,6672,NT AUTHORITY\SYSTEM,S-1-5-18,2023-12-28 12:20:43.205,2,"<Event xmlns=""http://schemas.microsoft.com/win/2004/08/events/event"">
    <System>
      <Provider Name=""Microsoft-Windows-Sysmon"" Guid=""{5770385f-c22a-43e0-bf4c-06f5698ffbd9}""/>
      <EventID>11</EventID>
      <Version>2</Version>
      <Level>4</Level>
      <Task>11</Task>
      <Opcode>0</Opcode>
      <Keywords>0x8000000000000000</Keywords>
      <TimeCreated SystemTime=""2023-12-28T12:20:43.2090643Z""/>
      <EventRecordID>9516</EventRecordID>
      <Correlation/>
      <Execution ProcessID=""7044"" ThreadID=""6672""/>
      <Channel>Microsoft-Windows-Sysmon/Operational</Channel>
      <Computer>WinDev2309Eval</Computer>
      <Security UserID=""S-1-5-18""/>
    </System>
    <EventData>
      <Data Name=""RuleName"">DLL</Data>
      <Data Name=""UtcTime"">2023-12-28 12:20:43.205</Data>
      <Data Name=""ProcessGuid"">{fda94052-681a-658d-7a02-000000000b00}</Data>
      <Data Name=""ProcessId"">3520</Data>
      <Data Name=""Image"">C:\Windows\SoftwareDistribution\Download\Install\UpdatePlatform.amd64fre.exe</Data>
      <Data Name=""TargetFilename"">C:\Windows\SystemTemp\EB4BBE84-AFC4-40E1-B9FF-DD868CABC612\MpUpdate.dll</Data>
      <Data Name=""CreationUtcTime"">2023-12-28 12:20:43.205</Data>
      <Data Name=""User"">NT AUTHORITY\SYSTEM</Data>
    </EventData>
    <RenderingInfo Culture=""en-US"">
      <Message>File created:

RuleName: DLL

UtcTime: 2023-12-28 12:20:43.205

ProcessGuid: {fda94052-681a-658d-7a02-000000000b00}

ProcessId: 3520

Image: C:\Windows\SoftwareDistribution\Download\Install\UpdatePlatform.amd64fre.exe

TargetFilename: C:\Windows\SystemTemp\EB4BBE84-AFC4-40E1-B9FF-DD868CABC612\MpUpdate.dll

CreationUtcTime: 2023-12-28 12:20:43.205

User: NT AUTHORITY\SYSTEM</Message>
      <Level>Information</Level>
      <Task>File created (rule: FileCreate)</Task>
      <Opcode>Info</Opcode>
    </RenderingInfo>
  </Event>
  
"
Microsoft-Windows-Sysmon/Operational,,,WinDev2309Eval,2023-12-28 12:20:42.908,,,,,,,,,11,9515,,,,C:\Windows\SoftwareDistribution\Download\Install\UpdatePlatform.amd64fre.exe,,,0x8000000000000000,Information,,,"File created:

RuleName: DLL

UtcTime: 2023-12-28 12:20:42.908

ProcessGuid: {fda94052-681a-658d-7a02-000000000b00}

ProcessId: 3520

Image: C:\Windows\SoftwareDistribution\Download\Install\UpdatePlatform.amd64fre.exe

TargetFilename: C:\Windows\SystemTemp\EB4BBE84-AFC4-40E1-B9FF-DD868CABC612\MpSvc.dll

CreationUtcTime: 2023-12-28 12:20:42.908

User: NT AUTHORITY\SYSTEM",Info,,,,,,,{fda94052-681a-658d-7a02-000000000b00},7044,3520,,,,,,"
      ",DLL,,,,,,2023-12-28T12:20:42.9140735Z,C:\Windows\SystemTemp\EB4BBE84-AFC4-40E1-B9FF-DD868CABC612\MpSvc.dll,,File created (rule: FileCreate),,6672,NT AUTHORITY\SYSTEM,S-1-5-18,2023-12-28 12:20:42.908,2,"<Event xmlns=""http://schemas.microsoft.com/win/2004/08/events/event"">
    <System>
      <Provider Name=""Microsoft-Windows-Sysmon"" Guid=""{5770385f-c22a-43e0-bf4c-06f5698ffbd9}""/>
      <EventID>11</EventID>
      <Version>2</Version>
      <Level>4</Level>
      <Task>11</Task>
      <Opcode>0</Opcode>
      <Keywords>0x8000000000000000</Keywords>
      <TimeCreated SystemTime=""2023-12-28T12:20:42.9140735Z""/>
      <EventRecordID>9515</EventRecordID>
      <Correlation/>
      <Execution ProcessID=""7044"" ThreadID=""6672""/>
      <Channel>Microsoft-Windows-Sysmon/Operational</Channel>
      <Computer>WinDev2309Eval</Computer>
      <Security UserID=""S-1-5-18""/>
    </System>
    <EventData>
      <Data Name=""RuleName"">DLL</Data>
      <Data Name=""UtcTime"">2023-12-28 12:20:42.908</Data>
      <Data Name=""ProcessGuid"">{fda94052-681a-658d-7a02-000000000b00}</Data>
      <Data Name=""ProcessId"">3520</Data>
      <Data Name=""Image"">C:\Windows\SoftwareDistribution\Download\Install\UpdatePlatform.amd64fre.exe</Data>
      <Data Name=""TargetFilename"">C:\Windows\SystemTemp\EB4BBE84-AFC4-40E1-B9FF-DD868CABC612\MpSvc.dll</Data>
      <Data Name=""CreationUtcTime"">2023-12-28 12:20:42.908</Data>
      <Data Name=""User"">NT AUTHORITY\SYSTEM</Data>
    </EventData>
    <RenderingInfo Culture=""en-US"">
      <Message>File created:

RuleName: DLL

UtcTime: 2023-12-28 12:20:42.908

ProcessGuid: {fda94052-681a-658d-7a02-000000000b00}

ProcessId: 3520

Image: C:\Windows\SoftwareDistribution\Download\Install\UpdatePlatform.amd64fre.exe

TargetFilename: C:\Windows\SystemTemp\EB4BBE84-AFC4-40E1-B9FF-DD868CABC612\MpSvc.dll

CreationUtcTime: 2023-12-28 12:20:42.908

User: NT AUTHORITY\SYSTEM</Message>
      <Level>Information</Level>
      <Task>File created (rule: FileCreate)</Task>
      <Opcode>Info</Opcode>
    </RenderingInfo>
  </Event>
  
"
Microsoft-Windows-Sysmon/Operational,,,WinDev2309Eval,2023-12-28 12:20:42.798,,,,,,,,,11,9514,,,,C:\Windows\SoftwareDistribution\Download\Install\UpdatePlatform.amd64fre.exe,,,0x8000000000000000,Information,,,"File created:

RuleName: DLL

UtcTime: 2023-12-28 12:20:42.798

ProcessGuid: {fda94052-681a-658d-7a02-000000000b00}

ProcessId: 3520

Image: C:\Windows\SoftwareDistribution\Download\Install\UpdatePlatform.amd64fre.exe

TargetFilename: C:\Windows\SystemTemp\EB4BBE84-AFC4-40E1-B9FF-DD868CABC612\MpSenseComm.dll

CreationUtcTime: 2023-12-28 12:20:42.798

User: NT AUTHORITY\SYSTEM",Info,,,,,,,{fda94052-681a-658d-7a02-000000000b00},7044,3520,,,,,,"
      ",DLL,,,,,,2023-12-28T12:20:42.8099054Z,C:\Windows\SystemTemp\EB4BBE84-AFC4-40E1-B9FF-DD868CABC612\MpSenseComm.dll,,File created (rule: FileCreate),,6672,NT AUTHORITY\SYSTEM,S-1-5-18,2023-12-28 12:20:42.798,2,"<Event xmlns=""http://schemas.microsoft.com/win/2004/08/events/event"">
    <System>
      <Provider Name=""Microsoft-Windows-Sysmon"" Guid=""{5770385f-c22a-43e0-bf4c-06f5698ffbd9}""/>
      <EventID>11</EventID>
      <Version>2</Version>
      <Level>4</Level>
      <Task>11</Task>
      <Opcode>0</Opcode>
      <Keywords>0x8000000000000000</Keywords>
      <TimeCreated SystemTime=""2023-12-28T12:20:42.8099054Z""/>
      <EventRecordID>9514</EventRecordID>
      <Correlation/>
      <Execution ProcessID=""7044"" ThreadID=""6672""/>
      <Channel>Microsoft-Windows-Sysmon/Operational</Channel>
      <Computer>WinDev2309Eval</Computer>
      <Security UserID=""S-1-5-18""/>
    </System>
    <EventData>
      <Data Name=""RuleName"">DLL</Data>
      <Data Name=""UtcTime"">2023-12-28 12:20:42.798</Data>
      <Data Name=""ProcessGuid"">{fda94052-681a-658d-7a02-000000000b00}</Data>
      <Data Name=""ProcessId"">3520</Data>
      <Data Name=""Image"">C:\Windows\SoftwareDistribution\Download\Install\UpdatePlatform.amd64fre.exe</Data>
      <Data Name=""TargetFilename"">C:\Windows\SystemTemp\EB4BBE84-AFC4-40E1-B9FF-DD868CABC612\MpSenseComm.dll</Data>
      <Data Name=""CreationUtcTime"">2023-12-28 12:20:42.798</Data>
      <Data Name=""User"">NT AUTHORITY\SYSTEM</Data>
    </EventData>
    <RenderingInfo Culture=""en-US"">
      <Message>File created:

RuleName: DLL

UtcTime: 2023-12-28 12:20:42.798

ProcessGuid: {fda94052-681a-658d-7a02-000000000b00}

ProcessId: 3520

Image: C:\Windows\SoftwareDistribution\Download\Install\UpdatePlatform.amd64fre.exe

TargetFilename: C:\Windows\SystemTemp\EB4BBE84-AFC4-40E1-B9FF-DD868CABC612\MpSenseComm.dll

CreationUtcTime: 2023-12-28 12:20:42.798

User: NT AUTHORITY\SYSTEM</Message>
      <Level>Information</Level>
      <Task>File created (rule: FileCreate)</Task>
      <Opcode>Info</Opcode>
    </RenderingInfo>
  </Event>
  
"
Microsoft-Windows-Sysmon/Operational,,,WinDev2309Eval,2023-12-28 12:20:42.611,,,,,,,,,11,9513,,,,C:\Windows\SoftwareDistribution\Download\Install\UpdatePlatform.amd64fre.exe,,,0x8000000000000000,Information,,,"File created:

RuleName: DLL

UtcTime: 2023-12-28 12:20:42.611

ProcessGuid: {fda94052-681a-658d-7a02-000000000b00}

ProcessId: 3520

Image: C:\Windows\SoftwareDistribution\Download\Install\UpdatePlatform.amd64fre.exe

TargetFilename: C:\Windows\SystemTemp\EB4BBE84-AFC4-40E1-B9FF-DD868CABC612\MpRtp.dll

CreationUtcTime: 2023-12-28 12:20:42.611

User: NT AUTHORITY\SYSTEM",Info,,,,,,,{fda94052-681a-658d-7a02-000000000b00},7044,3520,,,,,,"
      ",DLL,,,,,,2023-12-28T12:20:42.6212805Z,C:\Windows\SystemTemp\EB4BBE84-AFC4-40E1-B9FF-DD868CABC612\MpRtp.dll,,File created (rule: FileCreate),,6672,NT AUTHORITY\SYSTEM,S-1-5-18,2023-12-28 12:20:42.611,2,"<Event xmlns=""http://schemas.microsoft.com/win/2004/08/events/event"">
    <System>
      <Provider Name=""Microsoft-Windows-Sysmon"" Guid=""{5770385f-c22a-43e0-bf4c-06f5698ffbd9}""/>
      <EventID>11</EventID>
      <Version>2</Version>
      <Level>4</Level>
      <Task>11</Task>
      <Opcode>0</Opcode>
      <Keywords>0x8000000000000000</Keywords>
      <TimeCreated SystemTime=""2023-12-28T12:20:42.6212805Z""/>
      <EventRecordID>9513</EventRecordID>
      <Correlation/>
      <Execution ProcessID=""7044"" ThreadID=""6672""/>
      <Channel>Microsoft-Windows-Sysmon/Operational</Channel>
      <Computer>WinDev2309Eval</Computer>
      <Security UserID=""S-1-5-18""/>
    </System>
    <EventData>
      <Data Name=""RuleName"">DLL</Data>
      <Data Name=""UtcTime"">2023-12-28 12:20:42.611</Data>
      <Data Name=""ProcessGuid"">{fda94052-681a-658d-7a02-000000000b00}</Data>
      <Data Name=""ProcessId"">3520</Data>
      <Data Name=""Image"">C:\Windows\SoftwareDistribution\Download\Install\UpdatePlatform.amd64fre.exe</Data>
      <Data Name=""TargetFilename"">C:\Windows\SystemTemp\EB4BBE84-AFC4-40E1-B9FF-DD868CABC612\MpRtp.dll</Data>
      <Data Name=""CreationUtcTime"">2023-12-28 12:20:42.611</Data>
      <Data Name=""User"">NT AUTHORITY\SYSTEM</Data>
    </EventData>
    <RenderingInfo Culture=""en-US"">
      <Message>File created:

RuleName: DLL

UtcTime: 2023-12-28 12:20:42.611

ProcessGuid: {fda94052-681a-658d-7a02-000000000b00}

ProcessId: 3520

Image: C:\Windows\SoftwareDistribution\Download\Install\UpdatePlatform.amd64fre.exe

TargetFilename: C:\Windows\SystemTemp\EB4BBE84-AFC4-40E1-B9FF-DD868CABC612\MpRtp.dll

CreationUtcTime: 2023-12-28 12:20:42.611

User: NT AUTHORITY\SYSTEM</Message>
      <Level>Information</Level>
      <Task>File created (rule: FileCreate)</Task>
      <Opcode>Info</Opcode>
    </RenderingInfo>
  </Event>
  
"
Microsoft-Windows-Sysmon/Operational,,,WinDev2309Eval,2023-12-28 12:20:42.595,,,,,,,,,11,9512,,,,C:\Windows\SoftwareDistribution\Download\Install\UpdatePlatform.amd64fre.exe,,,0x8000000000000000,Information,,,"File created:

RuleName: DLL

UtcTime: 2023-12-28 12:20:42.595

ProcessGuid: {fda94052-681a-658d-7a02-000000000b00}

ProcessId: 3520

Image: C:\Windows\SoftwareDistribution\Download\Install\UpdatePlatform.amd64fre.exe

TargetFilename: C:\Windows\SystemTemp\EB4BBE84-AFC4-40E1-B9FF-DD868CABC612\MpOAV.dll

CreationUtcTime: 2023-12-28 12:20:42.595

User: NT AUTHORITY\SYSTEM",Info,,,,,,,{fda94052-681a-658d-7a02-000000000b00},7044,3520,,,,,,"
      ",DLL,,,,,,2023-12-28T12:20:42.6030227Z,C:\Windows\SystemTemp\EB4BBE84-AFC4-40E1-B9FF-DD868CABC612\MpOAV.dll,,File created (rule: FileCreate),,6672,NT AUTHORITY\SYSTEM,S-1-5-18,2023-12-28 12:20:42.595,2,"<Event xmlns=""http://schemas.microsoft.com/win/2004/08/events/event"">
    <System>
      <Provider Name=""Microsoft-Windows-Sysmon"" Guid=""{5770385f-c22a-43e0-bf4c-06f5698ffbd9}""/>
      <EventID>11</EventID>
      <Version>2</Version>
      <Level>4</Level>
      <Task>11</Task>
      <Opcode>0</Opcode>
      <Keywords>0x8000000000000000</Keywords>
      <TimeCreated SystemTime=""2023-12-28T12:20:42.6030227Z""/>
      <EventRecordID>9512</EventRecordID>
      <Correlation/>
      <Execution ProcessID=""7044"" ThreadID=""6672""/>
      <Channel>Microsoft-Windows-Sysmon/Operational</Channel>
      <Computer>WinDev2309Eval</Computer>
      <Security UserID=""S-1-5-18""/>
    </System>
    <EventData>
      <Data Name=""RuleName"">DLL</Data>
      <Data Name=""UtcTime"">2023-12-28 12:20:42.595</Data>
      <Data Name=""ProcessGuid"">{fda94052-681a-658d-7a02-000000000b00}</Data>
      <Data Name=""ProcessId"">3520</Data>
      <Data Name=""Image"">C:\Windows\SoftwareDistribution\Download\Install\UpdatePlatform.amd64fre.exe</Data>
      <Data Name=""TargetFilename"">C:\Windows\SystemTemp\EB4BBE84-AFC4-40E1-B9FF-DD868CABC612\MpOAV.dll</Data>
      <Data Name=""CreationUtcTime"">2023-12-28 12:20:42.595</Data>
      <Data Name=""User"">NT AUTHORITY\SYSTEM</Data>
    </EventData>
    <RenderingInfo Culture=""en-US"">
      <Message>File created:

RuleName: DLL

UtcTime: 2023-12-28 12:20:42.595

ProcessGuid: {fda94052-681a-658d-7a02-000000000b00}

ProcessId: 3520

Image: C:\Windows\SoftwareDistribution\Download\Install\UpdatePlatform.amd64fre.exe

TargetFilename: C:\Windows\SystemTemp\EB4BBE84-AFC4-40E1-B9FF-DD868CABC612\MpOAV.dll

CreationUtcTime: 2023-12-28 12:20:42.595

User: NT AUTHORITY\SYSTEM</Message>
      <Level>Information</Level>
      <Task>File created (rule: FileCreate)</Task>
      <Opcode>Info</Opcode>
    </RenderingInfo>
  </Event>
  
"
Microsoft-Windows-Sysmon/Operational,,,WinDev2309Eval,2023-12-28 12:20:42.580,,,,,,,,,11,9511,,,,C:\Windows\SoftwareDistribution\Download\Install\UpdatePlatform.amd64fre.exe,,,0x8000000000000000,Information,,,"File created:

RuleName: DLL

UtcTime: 2023-12-28 12:20:42.580

ProcessGuid: {fda94052-681a-658d-7a02-000000000b00}

ProcessId: 3520

Image: C:\Windows\SoftwareDistribution\Download\Install\UpdatePlatform.amd64fre.exe

TargetFilename: C:\Windows\SystemTemp\EB4BBE84-AFC4-40E1-B9FF-DD868CABC612\MpEvMsg.dll

CreationUtcTime: 2023-12-28 12:20:42.580

User: NT AUTHORITY\SYSTEM",Info,,,,,,,{fda94052-681a-658d-7a02-000000000b00},7044,3520,,,,,,"
      ",DLL,,,,,,2023-12-28T12:20:42.5863829Z,C:\Windows\SystemTemp\EB4BBE84-AFC4-40E1-B9FF-DD868CABC612\MpEvMsg.dll,,File created (rule: FileCreate),,6672,NT AUTHORITY\SYSTEM,S-1-5-18,2023-12-28 12:20:42.580,2,"<Event xmlns=""http://schemas.microsoft.com/win/2004/08/events/event"">
    <System>
      <Provider Name=""Microsoft-Windows-Sysmon"" Guid=""{5770385f-c22a-43e0-bf4c-06f5698ffbd9}""/>
      <EventID>11</EventID>
      <Version>2</Version>
      <Level>4</Level>
      <Task>11</Task>
      <Opcode>0</Opcode>
      <Keywords>0x8000000000000000</Keywords>
      <TimeCreated SystemTime=""2023-12-28T12:20:42.5863829Z""/>
      <EventRecordID>9511</EventRecordID>
      <Correlation/>
      <Execution ProcessID=""7044"" ThreadID=""6672""/>
      <Channel>Microsoft-Windows-Sysmon/Operational</Channel>
      <Computer>WinDev2309Eval</Computer>
      <Security UserID=""S-1-5-18""/>
    </System>
    <EventData>
      <Data Name=""RuleName"">DLL</Data>
      <Data Name=""UtcTime"">2023-12-28 12:20:42.580</Data>
      <Data Name=""ProcessGuid"">{fda94052-681a-658d-7a02-000000000b00}</Data>
      <Data Name=""ProcessId"">3520</Data>
      <Data Name=""Image"">C:\Windows\SoftwareDistribution\Download\Install\UpdatePlatform.amd64fre.exe</Data>
      <Data Name=""TargetFilename"">C:\Windows\SystemTemp\EB4BBE84-AFC4-40E1-B9FF-DD868CABC612\MpEvMsg.dll</Data>
      <Data Name=""CreationUtcTime"">2023-12-28 12:20:42.580</Data>
      <Data Name=""User"">NT AUTHORITY\SYSTEM</Data>
    </EventData>
    <RenderingInfo Culture=""en-US"">
      <Message>File created:

RuleName: DLL

UtcTime: 2023-12-28 12:20:42.580

ProcessGuid: {fda94052-681a-658d-7a02-000000000b00}

ProcessId: 3520

Image: C:\Windows\SoftwareDistribution\Download\Install\UpdatePlatform.amd64fre.exe

TargetFilename: C:\Windows\SystemTemp\EB4BBE84-AFC4-40E1-B9FF-DD868CABC612\MpEvMsg.dll

CreationUtcTime: 2023-12-28 12:20:42.580

User: NT AUTHORITY\SYSTEM</Message>
      <Level>Information</Level>
      <Task>File created (rule: FileCreate)</Task>
      <Opcode>Info</Opcode>
    </RenderingInfo>
  </Event>
  
"
Microsoft-Windows-Sysmon/Operational,,,WinDev2309Eval,2023-12-02 04:35:48.000,,,,,,,,,11,9510,,,,C:\Windows\system32\svchost.exe,,,0x8000000000000000,Information,,,"File created:

RuleName: DLL

UtcTime: 2023-12-28 12:20:42.548

ProcessGuid: {fda94052-34fa-658d-8a00-000000000b00}

ProcessId: 5868

Image: C:\Windows\system32\svchost.exe

TargetFilename: C:\Windows\SoftwareDistribution\Download\7bd97cc524ebd8114e77ca1991fbf2f3\Metadata\AppxDeviceInventory.dll

CreationUtcTime: 2023-12-02 04:35:48.000

User: NT AUTHORITY\SYSTEM",Info,,,,,,,{fda94052-34fa-658d-8a00-000000000b00},7044,5868,,,,,,"
      ",DLL,,,,,,2023-12-28T12:20:42.5626427Z,C:\Windows\SoftwareDistribution\Download\7bd97cc524ebd8114e77ca1991fbf2f3\Metadata\AppxDeviceInventory.dll,,File created (rule: FileCreate),,6672,NT AUTHORITY\SYSTEM,S-1-5-18,2023-12-28 12:20:42.548,2,"<Event xmlns=""http://schemas.microsoft.com/win/2004/08/events/event"">
    <System>
      <Provider Name=""Microsoft-Windows-Sysmon"" Guid=""{5770385f-c22a-43e0-bf4c-06f5698ffbd9}""/>
      <EventID>11</EventID>
      <Version>2</Version>
      <Level>4</Level>
      <Task>11</Task>
      <Opcode>0</Opcode>
      <Keywords>0x8000000000000000</Keywords>
      <TimeCreated SystemTime=""2023-12-28T12:20:42.5626427Z""/>
      <EventRecordID>9510</EventRecordID>
      <Correlation/>
      <Execution ProcessID=""7044"" ThreadID=""6672""/>
      <Channel>Microsoft-Windows-Sysmon/Operational</Channel>
      <Computer>WinDev2309Eval</Computer>
      <Security UserID=""S-1-5-18""/>
    </System>
    <EventData>
      <Data Name=""RuleName"">DLL</Data>
      <Data Name=""UtcTime"">2023-12-28 12:20:42.548</Data>
      <Data Name=""ProcessGuid"">{fda94052-34fa-658d-8a00-000000000b00}</Data>
      <Data Name=""ProcessId"">5868</Data>
      <Data Name=""Image"">C:\Windows\system32\svchost.exe</Data>
      <Data Name=""TargetFilename"">C:\Windows\SoftwareDistribution\Download\7bd97cc524ebd8114e77ca1991fbf2f3\Metadata\AppxDeviceInventory.dll</Data>
      <Data Name=""CreationUtcTime"">2023-12-02 04:35:48.000</Data>
      <Data Name=""User"">NT AUTHORITY\SYSTEM</Data>
    </EventData>
    <RenderingInfo Culture=""en-US"">
      <Message>File created:

RuleName: DLL

UtcTime: 2023-12-28 12:20:42.548

ProcessGuid: {fda94052-34fa-658d-8a00-000000000b00}

ProcessId: 5868

Image: C:\Windows\system32\svchost.exe

TargetFilename: C:\Windows\SoftwareDistribution\Download\7bd97cc524ebd8114e77ca1991fbf2f3\Metadata\AppxDeviceInventory.dll

CreationUtcTime: 2023-12-02 04:35:48.000

User: NT AUTHORITY\SYSTEM</Message>
      <Level>Information</Level>
      <Task>File created (rule: FileCreate)</Task>
      <Opcode>Info</Opcode>
    </RenderingInfo>
  </Event>
  
"
Microsoft-Windows-Sysmon/Operational,,,WinDev2309Eval,2023-12-02 04:13:16.000,,,,,,,,,11,9509,,,,C:\Windows\system32\svchost.exe,,,0x8000000000000000,Information,,,"File created:

RuleName: DLL

UtcTime: 2023-12-28 12:20:42.548

ProcessGuid: {fda94052-34fa-658d-8a00-000000000b00}

ProcessId: 5868

Image: C:\Windows\system32\svchost.exe

TargetFilename: C:\Windows\SoftwareDistribution\Download\7bd97cc524ebd8114e77ca1991fbf2f3\Metadata\UpdateDeploy.dll

CreationUtcTime: 2023-12-02 04:13:16.000

User: NT AUTHORITY\SYSTEM",Info,,,,,,,{fda94052-34fa-658d-8a00-000000000b00},7044,5868,,,,,,"
      ",DLL,,,,,,2023-12-28T12:20:42.5537155Z,C:\Windows\SoftwareDistribution\Download\7bd97cc524ebd8114e77ca1991fbf2f3\Metadata\UpdateDeploy.dll,,File created (rule: FileCreate),,6672,NT AUTHORITY\SYSTEM,S-1-5-18,2023-12-28 12:20:42.548,2,"<Event xmlns=""http://schemas.microsoft.com/win/2004/08/events/event"">
    <System>
      <Provider Name=""Microsoft-Windows-Sysmon"" Guid=""{5770385f-c22a-43e0-bf4c-06f5698ffbd9}""/>
      <EventID>11</EventID>
      <Version>2</Version>
      <Level>4</Level>
      <Task>11</Task>
      <Opcode>0</Opcode>
      <Keywords>0x8000000000000000</Keywords>
      <TimeCreated SystemTime=""2023-12-28T12:20:42.5537155Z""/>
      <EventRecordID>9509</EventRecordID>
      <Correlation/>
      <Execution ProcessID=""7044"" ThreadID=""6672""/>
      <Channel>Microsoft-Windows-Sysmon/Operational</Channel>
      <Computer>WinDev2309Eval</Computer>
      <Security UserID=""S-1-5-18""/>
    </System>
    <EventData>
      <Data Name=""RuleName"">DLL</Data>
      <Data Name=""UtcTime"">2023-12-28 12:20:42.548</Data>
      <Data Name=""ProcessGuid"">{fda94052-34fa-658d-8a00-000000000b00}</Data>
      <Data Name=""ProcessId"">5868</Data>
      <Data Name=""Image"">C:\Windows\system32\svchost.exe</Data>
      <Data Name=""TargetFilename"">C:\Windows\SoftwareDistribution\Download\7bd97cc524ebd8114e77ca1991fbf2f3\Metadata\UpdateDeploy.dll</Data>
      <Data Name=""CreationUtcTime"">2023-12-02 04:13:16.000</Data>
      <Data Name=""User"">NT AUTHORITY\SYSTEM</Data>
    </EventData>
    <RenderingInfo Culture=""en-US"">
      <Message>File created:

RuleName: DLL

UtcTime: 2023-12-28 12:20:42.548

ProcessGuid: {fda94052-34fa-658d-8a00-000000000b00}

ProcessId: 5868

Image: C:\Windows\system32\svchost.exe

TargetFilename: C:\Windows\SoftwareDistribution\Download\7bd97cc524ebd8114e77ca1991fbf2f3\Metadata\UpdateDeploy.dll

CreationUtcTime: 2023-12-02 04:13:16.000

User: NT AUTHORITY\SYSTEM</Message>
      <Level>Information</Level>
      <Task>File created (rule: FileCreate)</Task>
      <Opcode>Info</Opcode>
    </RenderingInfo>
  </Event>
  
"
Microsoft-Windows-Sysmon/Operational,,,WinDev2309Eval,2023-12-02 09:56:52.000,,,,,,,,,11,9508,,,,C:\Windows\system32\svchost.exe,,,0x8000000000000000,Information,,,"File created:

RuleName: DLL

UtcTime: 2023-12-28 12:20:42.533

ProcessGuid: {fda94052-34fa-658d-8a00-000000000b00}

ProcessId: 5868

Image: C:\Windows\system32\svchost.exe

TargetFilename: C:\Windows\SoftwareDistribution\Download\7bd97cc524ebd8114e77ca1991fbf2f3\Metadata\WinREAgent.dll

CreationUtcTime: 2023-12-02 09:56:52.000

User: NT AUTHORITY\SYSTEM",Info,,,,,,,{fda94052-34fa-658d-8a00-000000000b00},7044,5868,,,,,,"
      ",DLL,,,,,,2023-12-28T12:20:42.5453869Z,C:\Windows\SoftwareDistribution\Download\7bd97cc524ebd8114e77ca1991fbf2f3\Metadata\WinREAgent.dll,,File created (rule: FileCreate),,6672,NT AUTHORITY\SYSTEM,S-1-5-18,2023-12-28 12:20:42.533,2,"<Event xmlns=""http://schemas.microsoft.com/win/2004/08/events/event"">
    <System>
      <Provider Name=""Microsoft-Windows-Sysmon"" Guid=""{5770385f-c22a-43e0-bf4c-06f5698ffbd9}""/>
      <EventID>11</EventID>
      <Version>2</Version>
      <Level>4</Level>
      <Task>11</Task>
      <Opcode>0</Opcode>
      <Keywords>0x8000000000000000</Keywords>
      <TimeCreated SystemTime=""2023-12-28T12:20:42.5453869Z""/>
      <EventRecordID>9508</EventRecordID>
      <Correlation/>
      <Execution ProcessID=""7044"" ThreadID=""6672""/>
      <Channel>Microsoft-Windows-Sysmon/Operational</Channel>
      <Computer>WinDev2309Eval</Computer>
      <Security UserID=""S-1-5-18""/>
    </System>
    <EventData>
      <Data Name=""RuleName"">DLL</Data>
      <Data Name=""UtcTime"">2023-12-28 12:20:42.533</Data>
      <Data Name=""ProcessGuid"">{fda94052-34fa-658d-8a00-000000000b00}</Data>
      <Data Name=""ProcessId"">5868</Data>
      <Data Name=""Image"">C:\Windows\system32\svchost.exe</Data>
      <Data Name=""TargetFilename"">C:\Windows\SoftwareDistribution\Download\7bd97cc524ebd8114e77ca1991fbf2f3\Metadata\WinREAgent.dll</Data>
      <Data Name=""CreationUtcTime"">2023-12-02 09:56:52.000</Data>
      <Data Name=""User"">NT AUTHORITY\SYSTEM</Data>
    </EventData>
    <RenderingInfo Culture=""en-US"">
      <Message>File created:

RuleName: DLL

UtcTime: 2023-12-28 12:20:42.533

ProcessGuid: {fda94052-34fa-658d-8a00-000000000b00}

ProcessId: 5868

Image: C:\Windows\system32\svchost.exe

TargetFilename: C:\Windows\SoftwareDistribution\Download\7bd97cc524ebd8114e77ca1991fbf2f3\Metadata\WinREAgent.dll

CreationUtcTime: 2023-12-02 09:56:52.000

User: NT AUTHORITY\SYSTEM</Message>
      <Level>Information</Level>
      <Task>File created (rule: FileCreate)</Task>
      <Opcode>Info</Opcode>
    </RenderingInfo>
  </Event>
  
"
Microsoft-Windows-Sysmon/Operational,,,WinDev2309Eval,2023-12-02 04:14:20.000,,,,,,,,,11,9507,,,,C:\Windows\system32\svchost.exe,,,0x8000000000000000,Information,,,"File created:

RuleName: DLL

UtcTime: 2023-12-28 12:20:42.533

ProcessGuid: {fda94052-34fa-658d-8a00-000000000b00}

ProcessId: 5868

Image: C:\Windows\system32\svchost.exe

TargetFilename: C:\Windows\SoftwareDistribution\Download\7bd97cc524ebd8114e77ca1991fbf2f3\Metadata\ReserveManager.dll

CreationUtcTime: 2023-12-02 04:14:20.000

User: NT AUTHORITY\SYSTEM",Info,,,,,,,{fda94052-34fa-658d-8a00-000000000b00},7044,5868,,,,,,"
      ",DLL,,,,,,2023-12-28T12:20:42.5403677Z,C:\Windows\SoftwareDistribution\Download\7bd97cc524ebd8114e77ca1991fbf2f3\Metadata\ReserveManager.dll,,File created (rule: FileCreate),,6672,NT AUTHORITY\SYSTEM,S-1-5-18,2023-12-28 12:20:42.533,2,"<Event xmlns=""http://schemas.microsoft.com/win/2004/08/events/event"">
    <System>
      <Provider Name=""Microsoft-Windows-Sysmon"" Guid=""{5770385f-c22a-43e0-bf4c-06f5698ffbd9}""/>
      <EventID>11</EventID>
      <Version>2</Version>
      <Level>4</Level>
      <Task>11</Task>
      <Opcode>0</Opcode>
      <Keywords>0x8000000000000000</Keywords>
      <TimeCreated SystemTime=""2023-12-28T12:20:42.5403677Z""/>
      <EventRecordID>9507</EventRecordID>
      <Correlation/>
      <Execution ProcessID=""7044"" ThreadID=""6672""/>
      <Channel>Microsoft-Windows-Sysmon/Operational</Channel>
      <Computer>WinDev2309Eval</Computer>
      <Security UserID=""S-1-5-18""/>
    </System>
    <EventData>
      <Data Name=""RuleName"">DLL</Data>
      <Data Name=""UtcTime"">2023-12-28 12:20:42.533</Data>
      <Data Name=""ProcessGuid"">{fda94052-34fa-658d-8a00-000000000b00}</Data>
      <Data Name=""ProcessId"">5868</Data>
      <Data Name=""Image"">C:\Windows\system32\svchost.exe</Data>
      <Data Name=""TargetFilename"">C:\Windows\SoftwareDistribution\Download\7bd97cc524ebd8114e77ca1991fbf2f3\Metadata\ReserveManager.dll</Data>
      <Data Name=""CreationUtcTime"">2023-12-02 04:14:20.000</Data>
      <Data Name=""User"">NT AUTHORITY\SYSTEM</Data>
    </EventData>
    <RenderingInfo Culture=""en-US"">
      <Message>File created:

RuleName: DLL

UtcTime: 2023-12-28 12:20:42.533

ProcessGuid: {fda94052-34fa-658d-8a00-000000000b00}

ProcessId: 5868

Image: C:\Windows\system32\svchost.exe

TargetFilename: C:\Windows\SoftwareDistribution\Download\7bd97cc524ebd8114e77ca1991fbf2f3\Metadata\ReserveManager.dll

CreationUtcTime: 2023-12-02 04:14:20.000

User: NT AUTHORITY\SYSTEM</Message>
      <Level>Information</Level>
      <Task>File created (rule: FileCreate)</Task>
      <Opcode>Info</Opcode>
    </RenderingInfo>
  </Event>
  
"
Microsoft-Windows-Sysmon/Operational,,,WinDev2309Eval,2023-12-28 12:20:42.517,,,,,,,,,11,9506,,,,C:\Windows\SoftwareDistribution\Download\Install\UpdatePlatform.amd64fre.exe,,,0x8000000000000000,Information,,,"File created:

RuleName: DLL

UtcTime: 2023-12-28 12:20:42.517

ProcessGuid: {fda94052-681a-658d-7a02-000000000b00}

ProcessId: 3520

Image: C:\Windows\SoftwareDistribution\Download\Install\UpdatePlatform.amd64fre.exe

TargetFilename: C:\Windows\SystemTemp\EB4BBE84-AFC4-40E1-B9FF-DD868CABC612\MpDlp.dll

CreationUtcTime: 2023-12-28 12:20:42.517

User: NT AUTHORITY\SYSTEM",Info,,,,,,,{fda94052-681a-658d-7a02-000000000b00},7044,3520,,,,,,"
      ",DLL,,,,,,2023-12-28T12:20:42.5270654Z,C:\Windows\SystemTemp\EB4BBE84-AFC4-40E1-B9FF-DD868CABC612\MpDlp.dll,,File created (rule: FileCreate),,6672,NT AUTHORITY\SYSTEM,S-1-5-18,2023-12-28 12:20:42.517,2,"<Event xmlns=""http://schemas.microsoft.com/win/2004/08/events/event"">
    <System>
      <Provider Name=""Microsoft-Windows-Sysmon"" Guid=""{5770385f-c22a-43e0-bf4c-06f5698ffbd9}""/>
      <EventID>11</EventID>
      <Version>2</Version>
      <Level>4</Level>
      <Task>11</Task>
      <Opcode>0</Opcode>
      <Keywords>0x8000000000000000</Keywords>
      <TimeCreated SystemTime=""2023-12-28T12:20:42.5270654Z""/>
      <EventRecordID>9506</EventRecordID>
      <Correlation/>
      <Execution ProcessID=""7044"" ThreadID=""6672""/>
      <Channel>Microsoft-Windows-Sysmon/Operational</Channel>
      <Computer>WinDev2309Eval</Computer>
      <Security UserID=""S-1-5-18""/>
    </System>
    <EventData>
      <Data Name=""RuleName"">DLL</Data>
      <Data Name=""UtcTime"">2023-12-28 12:20:42.517</Data>
      <Data Name=""ProcessGuid"">{fda94052-681a-658d-7a02-000000000b00}</Data>
      <Data Name=""ProcessId"">3520</Data>
      <Data Name=""Image"">C:\Windows\SoftwareDistribution\Download\Install\UpdatePlatform.amd64fre.exe</Data>
      <Data Name=""TargetFilename"">C:\Windows\SystemTemp\EB4BBE84-AFC4-40E1-B9FF-DD868CABC612\MpDlp.dll</Data>
      <Data Name=""CreationUtcTime"">2023-12-28 12:20:42.517</Data>
      <Data Name=""User"">NT AUTHORITY\SYSTEM</Data>
    </EventData>
    <RenderingInfo Culture=""en-US"">
      <Message>File created:

RuleName: DLL

UtcTime: 2023-12-28 12:20:42.517

ProcessGuid: {fda94052-681a-658d-7a02-000000000b00}

ProcessId: 3520

Image: C:\Windows\SoftwareDistribution\Download\Install\UpdatePlatform.amd64fre.exe

TargetFilename: C:\Windows\SystemTemp\EB4BBE84-AFC4-40E1-B9FF-DD868CABC612\MpDlp.dll

CreationUtcTime: 2023-12-28 12:20:42.517

User: NT AUTHORITY\SYSTEM</Message>
      <Level>Information</Level>
      <Task>File created (rule: FileCreate)</Task>
      <Opcode>Info</Opcode>
    </RenderingInfo>
  </Event>
  
"
Microsoft-Windows-Sysmon/Operational,,,WinDev2309Eval,2023-12-02 04:14:10.000,,,,,,,,,11,9505,,,,C:\Windows\system32\svchost.exe,,,0x8000000000000000,Information,,,"File created:

RuleName: DLL

UtcTime: 2023-12-28 12:20:42.517

ProcessGuid: {fda94052-34fa-658d-8a00-000000000b00}

ProcessId: 5868

Image: C:\Windows\system32\svchost.exe

TargetFilename: C:\Windows\SoftwareDistribution\Download\7bd97cc524ebd8114e77ca1991fbf2f3\Metadata\TurboStack.dll

CreationUtcTime: 2023-12-02 04:14:10.000

User: NT AUTHORITY\SYSTEM",Info,,,,,,,{fda94052-34fa-658d-8a00-000000000b00},7044,5868,,,,,,"
      ",DLL,,,,,,2023-12-28T12:20:42.5222226Z,C:\Windows\SoftwareDistribution\Download\7bd97cc524ebd8114e77ca1991fbf2f3\Metadata\TurboStack.dll,,File created (rule: FileCreate),,6672,NT AUTHORITY\SYSTEM,S-1-5-18,2023-12-28 12:20:42.517,2,"<Event xmlns=""http://schemas.microsoft.com/win/2004/08/events/event"">
    <System>
      <Provider Name=""Microsoft-Windows-Sysmon"" Guid=""{5770385f-c22a-43e0-bf4c-06f5698ffbd9}""/>
      <EventID>11</EventID>
      <Version>2</Version>
      <Level>4</Level>
      <Task>11</Task>
      <Opcode>0</Opcode>
      <Keywords>0x8000000000000000</Keywords>
      <TimeCreated SystemTime=""2023-12-28T12:20:42.5222226Z""/>
      <EventRecordID>9505</EventRecordID>
      <Correlation/>
      <Execution ProcessID=""7044"" ThreadID=""6672""/>
      <Channel>Microsoft-Windows-Sysmon/Operational</Channel>
      <Computer>WinDev2309Eval</Computer>
      <Security UserID=""S-1-5-18""/>
    </System>
    <EventData>
      <Data Name=""RuleName"">DLL</Data>
      <Data Name=""UtcTime"">2023-12-28 12:20:42.517</Data>
      <Data Name=""ProcessGuid"">{fda94052-34fa-658d-8a00-000000000b00}</Data>
      <Data Name=""ProcessId"">5868</Data>
      <Data Name=""Image"">C:\Windows\system32\svchost.exe</Data>
      <Data Name=""TargetFilename"">C:\Windows\SoftwareDistribution\Download\7bd97cc524ebd8114e77ca1991fbf2f3\Metadata\TurboStack.dll</Data>
      <Data Name=""CreationUtcTime"">2023-12-02 04:14:10.000</Data>
      <Data Name=""User"">NT AUTHORITY\SYSTEM</Data>
    </EventData>
    <RenderingInfo Culture=""en-US"">
      <Message>File created:

RuleName: DLL

UtcTime: 2023-12-28 12:20:42.517

ProcessGuid: {fda94052-34fa-658d-8a00-000000000b00}

ProcessId: 5868

Image: C:\Windows\system32\svchost.exe

TargetFilename: C:\Windows\SoftwareDistribution\Download\7bd97cc524ebd8114e77ca1991fbf2f3\Metadata\TurboStack.dll

CreationUtcTime: 2023-12-02 04:14:10.000

User: NT AUTHORITY\SYSTEM</Message>
      <Level>Information</Level>
      <Task>File created (rule: FileCreate)</Task>
      <Opcode>Info</Opcode>
    </RenderingInfo>
  </Event>
  
"
