Microsoft-Windows-Sysmon/Operational,sc.exe  qc nativewifip ,Microsoft Corporation,WinDev2309Eval,,C:\Users\User\AppData\Local\Temp\,Service Control Manager Configuration Tool,,,,,,,1,20226,,10.0.22621.1 (WinBuild.160101.0800),"MD5=FF2A4319FA5531F0D7B98DBBA9ABBD4A,SHA256=67CBE3A7B9C9B7A2E9FB10A33C1A9A3FD297B6F1598AEA374BD9B5D2DEE352EC,IMPHASH=42DADBD60BBC453DD1773FDC089E19B7",C:\Windows\System32\sc.exe,,Medium,0x8000000000000000,Information,{f57bd86a-36f9-658c-7bf8-020000000000},0x2f87b,"Process Create:

RuleName: -

UtcTime: 2023-12-27 20:22:39.123

ProcessGuid: {f57bd86a-878f-658c-ad04-000000000f00}

ProcessId: 8944

Image: C:\Windows\System32\sc.exe

FileVersion: 10.0.22621.1 (WinBuild.160101.0800)

Description: Service Control Manager Configuration Tool

Product: Microsoft® Windows® Operating System

Company: Microsoft Corporation

OriginalFileName: sc.exe

CommandLine: sc.exe  qc nativewifip 

CurrentDirectory: C:\Users\User\AppData\Local\Temp\

User: WINDEV2309EVAL\User

LogonGuid: {f57bd86a-36f9-658c-7bf8-020000000000}

LogonId: 0x2F87B

TerminalSessionId: 1

IntegrityLevel: Medium

Hashes: MD5=FF2A4319FA5531F0D7B98DBBA9ABBD4A,SHA256=67CBE3A7B9C9B7A2E9FB10A33C1A9A3FD297B6F1598AEA374BD9B5D2DEE352EC,IMPHASH=42DADBD60BBC453DD1773FDC089E19B7

ParentProcessGuid: {f57bd86a-878f-658c-ab04-000000000f00}

ParentProcessId: 6764

ParentImage: C:\Windows\System32\cmd.exe

ParentCommandLine: ""C:\Windows\System32\cmd.exe"" /c sc.exe qc nativewifip >> config\serviceinfo.log

ParentUser: WINDEV2309EVAL\User",Info,sc.exe,"""C:\Windows\System32\cmd.exe"" /c sc.exe qc nativewifip >> config\serviceinfo.log",C:\Windows\System32\cmd.exe,{f57bd86a-878f-658c-ab04-000000000f00},6764,WINDEV2309EVAL\User,{f57bd86a-878f-658c-ad04-000000000f00},3588,8944,Microsoft® Windows® Operating System,,,,,"
      ",-,,,,,,2023-12-27T20:22:39.1242444Z,,,Process Create (rule: ProcessCreate),1,5124,WINDEV2309EVAL\User,S-1-5-18,2023-12-27 20:22:39.123,5,"<Event xmlns=""http://schemas.microsoft.com/win/2004/08/events/event"">
    <System>
      <Provider Name=""Microsoft-Windows-Sysmon"" Guid=""{5770385f-c22a-43e0-bf4c-06f5698ffbd9}""/>
      <EventID>1</EventID>
      <Version>5</Version>
      <Level>4</Level>
      <Task>1</Task>
      <Opcode>0</Opcode>
      <Keywords>0x8000000000000000</Keywords>
      <TimeCreated SystemTime=""2023-12-27T20:22:39.1242444Z""/>
      <EventRecordID>20226</EventRecordID>
      <Correlation/>
      <Execution ProcessID=""3588"" ThreadID=""5124""/>
      <Channel>Microsoft-Windows-Sysmon/Operational</Channel>
      <Computer>WinDev2309Eval</Computer>
      <Security UserID=""S-1-5-18""/>
    </System>
    <EventData>
      <Data Name=""RuleName"">-</Data>
      <Data Name=""UtcTime"">2023-12-27 20:22:39.123</Data>
      <Data Name=""ProcessGuid"">{f57bd86a-878f-658c-ad04-000000000f00}</Data>
      <Data Name=""ProcessId"">8944</Data>
      <Data Name=""Image"">C:\Windows\System32\sc.exe</Data>
      <Data Name=""FileVersion"">10.0.22621.1 (WinBuild.160101.0800)</Data>
      <Data Name=""Description"">Service Control Manager Configuration Tool</Data>
      <Data Name=""Product"">Microsoft&#174; Windows&#174; Operating System</Data>
      <Data Name=""Company"">Microsoft Corporation</Data>
      <Data Name=""OriginalFileName"">sc.exe</Data>
      <Data Name=""CommandLine"">sc.exe  qc nativewifip </Data>
      <Data Name=""CurrentDirectory"">C:\Users\User\AppData\Local\Temp\</Data>
      <Data Name=""User"">WINDEV2309EVAL\User</Data>
      <Data Name=""LogonGuid"">{f57bd86a-36f9-658c-7bf8-020000000000}</Data>
      <Data Name=""LogonId"">0x2f87b</Data>
      <Data Name=""TerminalSessionId"">1</Data>
      <Data Name=""IntegrityLevel"">Medium</Data>
      <Data Name=""Hashes"">MD5=FF2A4319FA5531F0D7B98DBBA9ABBD4A,SHA256=67CBE3A7B9C9B7A2E9FB10A33C1A9A3FD297B6F1598AEA374BD9B5D2DEE352EC,IMPHASH=42DADBD60BBC453DD1773FDC089E19B7</Data>
      <Data Name=""ParentProcessGuid"">{f57bd86a-878f-658c-ab04-000000000f00}</Data>
      <Data Name=""ParentProcessId"">6764</Data>
      <Data Name=""ParentImage"">C:\Windows\System32\cmd.exe</Data>
      <Data Name=""ParentCommandLine"">""C:\Windows\System32\cmd.exe"" /c sc.exe qc nativewifip &gt;&gt; config\serviceinfo.log</Data>
      <Data Name=""ParentUser"">WINDEV2309EVAL\User</Data>
    </EventData>
    <RenderingInfo Culture=""en-US"">
      <Message>Process Create:

RuleName: -

UtcTime: 2023-12-27 20:22:39.123

ProcessGuid: {f57bd86a-878f-658c-ad04-000000000f00}

ProcessId: 8944

Image: C:\Windows\System32\sc.exe

FileVersion: 10.0.22621.1 (WinBuild.160101.0800)

Description: Service Control Manager Configuration Tool

Product: Microsoft&#174; Windows&#174; Operating System

Company: Microsoft Corporation

OriginalFileName: sc.exe

CommandLine: sc.exe  qc nativewifip 

CurrentDirectory: C:\Users\User\AppData\Local\Temp\

User: WINDEV2309EVAL\User

LogonGuid: {f57bd86a-36f9-658c-7bf8-020000000000}

LogonId: 0x2F87B

TerminalSessionId: 1

IntegrityLevel: Medium

Hashes: MD5=FF2A4319FA5531F0D7B98DBBA9ABBD4A,SHA256=67CBE3A7B9C9B7A2E9FB10A33C1A9A3FD297B6F1598AEA374BD9B5D2DEE352EC,IMPHASH=42DADBD60BBC453DD1773FDC089E19B7

ParentProcessGuid: {f57bd86a-878f-658c-ab04-000000000f00}

ParentProcessId: 6764

ParentImage: C:\Windows\System32\cmd.exe

ParentCommandLine: ""C:\Windows\System32\cmd.exe"" /c sc.exe qc nativewifip &gt;&gt; config\serviceinfo.log

ParentUser: WINDEV2309EVAL\User</Message>
      <Level>Information</Level>
      <Task>Process Create (rule: ProcessCreate)</Task>
      <Opcode>Info</Opcode>
    </RenderingInfo>
  </Event>
  
"
Microsoft-Windows-Sysmon/Operational,"""C:\Windows\System32\cmd.exe"" /c sc.exe qc nativewifip >> config\serviceinfo.log",Microsoft Corporation,WinDev2309Eval,,C:\Users\User\AppData\Local\Temp\,Windows Command Processor,,,,,,,1,20225,,10.0.22621.2506 (WinBuild.160101.0800),"MD5=133D568ECCB557E37BEA1459521CBAC2,SHA256=05A30592D2C3421C41121145C6EEFA7C81FEA6B42D6233A522240A8468326B9C,IMPHASH=D73E39DAB3C8B57AA408073D01254964",C:\Windows\System32\cmd.exe,,Medium,0x8000000000000000,Information,{f57bd86a-36f9-658c-7bf8-020000000000},0x2f87b,"Process Create:

RuleName: -

UtcTime: 2023-12-27 20:22:39.078

ProcessGuid: {f57bd86a-878f-658c-ab04-000000000f00}

ProcessId: 6764

Image: C:\Windows\System32\cmd.exe

FileVersion: 10.0.22621.2506 (WinBuild.160101.0800)

Description: Windows Command Processor

Product: Microsoft® Windows® Operating System

Company: Microsoft Corporation

OriginalFileName: Cmd.Exe

CommandLine: ""C:\Windows\System32\cmd.exe"" /c sc.exe qc nativewifip >> config\serviceinfo.log

CurrentDirectory: C:\Users\User\AppData\Local\Temp\

User: WINDEV2309EVAL\User

LogonGuid: {f57bd86a-36f9-658c-7bf8-020000000000}

LogonId: 0x2F87B

TerminalSessionId: 1

IntegrityLevel: Medium

Hashes: MD5=133D568ECCB557E37BEA1459521CBAC2,SHA256=05A30592D2C3421C41121145C6EEFA7C81FEA6B42D6233A522240A8468326B9C,IMPHASH=D73E39DAB3C8B57AA408073D01254964

ParentProcessGuid: {f57bd86a-876f-658c-4303-000000000f00}

ParentProcessId: 7660

ParentImage: C:\Windows\System32\wscript.exe

ParentCommandLine: wscript.exe  C:\Windows\System32\gatherNetworkInfo.vbs

ParentUser: WINDEV2309EVAL\User",Info,Cmd.Exe,wscript.exe  C:\Windows\System32\gatherNetworkInfo.vbs,C:\Windows\System32\wscript.exe,{f57bd86a-876f-658c-4303-000000000f00},7660,WINDEV2309EVAL\User,{f57bd86a-878f-658c-ab04-000000000f00},3588,6764,Microsoft® Windows® Operating System,,,,,"
      ",-,,,,,,2023-12-27T20:22:39.0792219Z,,,Process Create (rule: ProcessCreate),1,5124,WINDEV2309EVAL\User,S-1-5-18,2023-12-27 20:22:39.078,5,"<Event xmlns=""http://schemas.microsoft.com/win/2004/08/events/event"">
    <System>
      <Provider Name=""Microsoft-Windows-Sysmon"" Guid=""{5770385f-c22a-43e0-bf4c-06f5698ffbd9}""/>
      <EventID>1</EventID>
      <Version>5</Version>
      <Level>4</Level>
      <Task>1</Task>
      <Opcode>0</Opcode>
      <Keywords>0x8000000000000000</Keywords>
      <TimeCreated SystemTime=""2023-12-27T20:22:39.0792219Z""/>
      <EventRecordID>20225</EventRecordID>
      <Correlation/>
      <Execution ProcessID=""3588"" ThreadID=""5124""/>
      <Channel>Microsoft-Windows-Sysmon/Operational</Channel>
      <Computer>WinDev2309Eval</Computer>
      <Security UserID=""S-1-5-18""/>
    </System>
    <EventData>
      <Data Name=""RuleName"">-</Data>
      <Data Name=""UtcTime"">2023-12-27 20:22:39.078</Data>
      <Data Name=""ProcessGuid"">{f57bd86a-878f-658c-ab04-000000000f00}</Data>
      <Data Name=""ProcessId"">6764</Data>
      <Data Name=""Image"">C:\Windows\System32\cmd.exe</Data>
      <Data Name=""FileVersion"">10.0.22621.2506 (WinBuild.160101.0800)</Data>
      <Data Name=""Description"">Windows Command Processor</Data>
      <Data Name=""Product"">Microsoft&#174; Windows&#174; Operating System</Data>
      <Data Name=""Company"">Microsoft Corporation</Data>
      <Data Name=""OriginalFileName"">Cmd.Exe</Data>
      <Data Name=""CommandLine"">""C:\Windows\System32\cmd.exe"" /c sc.exe qc nativewifip &gt;&gt; config\serviceinfo.log</Data>
      <Data Name=""CurrentDirectory"">C:\Users\User\AppData\Local\Temp\</Data>
      <Data Name=""User"">WINDEV2309EVAL\User</Data>
      <Data Name=""LogonGuid"">{f57bd86a-36f9-658c-7bf8-020000000000}</Data>
      <Data Name=""LogonId"">0x2f87b</Data>
      <Data Name=""TerminalSessionId"">1</Data>
      <Data Name=""IntegrityLevel"">Medium</Data>
      <Data Name=""Hashes"">MD5=133D568ECCB557E37BEA1459521CBAC2,SHA256=05A30592D2C3421C41121145C6EEFA7C81FEA6B42D6233A522240A8468326B9C,IMPHASH=D73E39DAB3C8B57AA408073D01254964</Data>
      <Data Name=""ParentProcessGuid"">{f57bd86a-876f-658c-4303-000000000f00}</Data>
      <Data Name=""ParentProcessId"">7660</Data>
      <Data Name=""ParentImage"">C:\Windows\System32\wscript.exe</Data>
      <Data Name=""ParentCommandLine"">wscript.exe  C:\Windows\System32\gatherNetworkInfo.vbs</Data>
      <Data Name=""ParentUser"">WINDEV2309EVAL\User</Data>
    </EventData>
    <RenderingInfo Culture=""en-US"">
      <Message>Process Create:

RuleName: -

UtcTime: 2023-12-27 20:22:39.078

ProcessGuid: {f57bd86a-878f-658c-ab04-000000000f00}

ProcessId: 6764

Image: C:\Windows\System32\cmd.exe

FileVersion: 10.0.22621.2506 (WinBuild.160101.0800)

Description: Windows Command Processor

Product: Microsoft&#174; Windows&#174; Operating System

Company: Microsoft Corporation

OriginalFileName: Cmd.Exe

CommandLine: ""C:\Windows\System32\cmd.exe"" /c sc.exe qc nativewifip &gt;&gt; config\serviceinfo.log

CurrentDirectory: C:\Users\User\AppData\Local\Temp\

User: WINDEV2309EVAL\User

LogonGuid: {f57bd86a-36f9-658c-7bf8-020000000000}

LogonId: 0x2F87B

TerminalSessionId: 1

IntegrityLevel: Medium

Hashes: MD5=133D568ECCB557E37BEA1459521CBAC2,SHA256=05A30592D2C3421C41121145C6EEFA7C81FEA6B42D6233A522240A8468326B9C,IMPHASH=D73E39DAB3C8B57AA408073D01254964

ParentProcessGuid: {f57bd86a-876f-658c-4303-000000000f00}

ParentProcessId: 7660

ParentImage: C:\Windows\System32\wscript.exe

ParentCommandLine: wscript.exe  C:\Windows\System32\gatherNetworkInfo.vbs

ParentUser: WINDEV2309EVAL\User</Message>
      <Level>Information</Level>
      <Task>Process Create (rule: ProcessCreate)</Task>
      <Opcode>Info</Opcode>
    </RenderingInfo>
  </Event>
  
"
Microsoft-Windows-Sysmon/Operational,sc.exe  queryex nativewifip ,Microsoft Corporation,WinDev2309Eval,,C:\Users\User\AppData\Local\Temp\,Service Control Manager Configuration Tool,,,,,,,1,20224,,10.0.22621.1 (WinBuild.160101.0800),"MD5=FF2A4319FA5531F0D7B98DBBA9ABBD4A,SHA256=67CBE3A7B9C9B7A2E9FB10A33C1A9A3FD297B6F1598AEA374BD9B5D2DEE352EC,IMPHASH=42DADBD60BBC453DD1773FDC089E19B7",C:\Windows\System32\sc.exe,,Medium,0x8000000000000000,Information,{f57bd86a-36f9-658c-7bf8-020000000000},0x2f87b,"Process Create:

RuleName: -

UtcTime: 2023-12-27 20:22:39.050

ProcessGuid: {f57bd86a-878f-658c-aa04-000000000f00}

ProcessId: 10156

Image: C:\Windows\System32\sc.exe

FileVersion: 10.0.22621.1 (WinBuild.160101.0800)

Description: Service Control Manager Configuration Tool

Product: Microsoft® Windows® Operating System

Company: Microsoft Corporation

OriginalFileName: sc.exe

CommandLine: sc.exe  queryex nativewifip 

CurrentDirectory: C:\Users\User\AppData\Local\Temp\

User: WINDEV2309EVAL\User

LogonGuid: {f57bd86a-36f9-658c-7bf8-020000000000}

LogonId: 0x2F87B

TerminalSessionId: 1

IntegrityLevel: Medium

Hashes: MD5=FF2A4319FA5531F0D7B98DBBA9ABBD4A,SHA256=67CBE3A7B9C9B7A2E9FB10A33C1A9A3FD297B6F1598AEA374BD9B5D2DEE352EC,IMPHASH=42DADBD60BBC453DD1773FDC089E19B7

ParentProcessGuid: {f57bd86a-878e-658c-a804-000000000f00}

ParentProcessId: 1792

ParentImage: C:\Windows\System32\cmd.exe

ParentCommandLine: ""C:\Windows\System32\cmd.exe"" /c sc.exe queryex nativewifip >> config\serviceinfo.log

ParentUser: WINDEV2309EVAL\User",Info,sc.exe,"""C:\Windows\System32\cmd.exe"" /c sc.exe queryex nativewifip >> config\serviceinfo.log",C:\Windows\System32\cmd.exe,{f57bd86a-878e-658c-a804-000000000f00},1792,WINDEV2309EVAL\User,{f57bd86a-878f-658c-aa04-000000000f00},3588,10156,Microsoft® Windows® Operating System,,,,,"
      ",-,,,,,,2023-12-27T20:22:39.0517340Z,,,Process Create (rule: ProcessCreate),1,5124,WINDEV2309EVAL\User,S-1-5-18,2023-12-27 20:22:39.050,5,"<Event xmlns=""http://schemas.microsoft.com/win/2004/08/events/event"">
    <System>
      <Provider Name=""Microsoft-Windows-Sysmon"" Guid=""{5770385f-c22a-43e0-bf4c-06f5698ffbd9}""/>
      <EventID>1</EventID>
      <Version>5</Version>
      <Level>4</Level>
      <Task>1</Task>
      <Opcode>0</Opcode>
      <Keywords>0x8000000000000000</Keywords>
      <TimeCreated SystemTime=""2023-12-27T20:22:39.0517340Z""/>
      <EventRecordID>20224</EventRecordID>
      <Correlation/>
      <Execution ProcessID=""3588"" ThreadID=""5124""/>
      <Channel>Microsoft-Windows-Sysmon/Operational</Channel>
      <Computer>WinDev2309Eval</Computer>
      <Security UserID=""S-1-5-18""/>
    </System>
    <EventData>
      <Data Name=""RuleName"">-</Data>
      <Data Name=""UtcTime"">2023-12-27 20:22:39.050</Data>
      <Data Name=""ProcessGuid"">{f57bd86a-878f-658c-aa04-000000000f00}</Data>
      <Data Name=""ProcessId"">10156</Data>
      <Data Name=""Image"">C:\Windows\System32\sc.exe</Data>
      <Data Name=""FileVersion"">10.0.22621.1 (WinBuild.160101.0800)</Data>
      <Data Name=""Description"">Service Control Manager Configuration Tool</Data>
      <Data Name=""Product"">Microsoft&#174; Windows&#174; Operating System</Data>
      <Data Name=""Company"">Microsoft Corporation</Data>
      <Data Name=""OriginalFileName"">sc.exe</Data>
      <Data Name=""CommandLine"">sc.exe  queryex nativewifip </Data>
      <Data Name=""CurrentDirectory"">C:\Users\User\AppData\Local\Temp\</Data>
      <Data Name=""User"">WINDEV2309EVAL\User</Data>
      <Data Name=""LogonGuid"">{f57bd86a-36f9-658c-7bf8-020000000000}</Data>
      <Data Name=""LogonId"">0x2f87b</Data>
      <Data Name=""TerminalSessionId"">1</Data>
      <Data Name=""IntegrityLevel"">Medium</Data>
      <Data Name=""Hashes"">MD5=FF2A4319FA5531F0D7B98DBBA9ABBD4A,SHA256=67CBE3A7B9C9B7A2E9FB10A33C1A9A3FD297B6F1598AEA374BD9B5D2DEE352EC,IMPHASH=42DADBD60BBC453DD1773FDC089E19B7</Data>
      <Data Name=""ParentProcessGuid"">{f57bd86a-878e-658c-a804-000000000f00}</Data>
      <Data Name=""ParentProcessId"">1792</Data>
      <Data Name=""ParentImage"">C:\Windows\System32\cmd.exe</Data>
      <Data Name=""ParentCommandLine"">""C:\Windows\System32\cmd.exe"" /c sc.exe queryex nativewifip &gt;&gt; config\serviceinfo.log</Data>
      <Data Name=""ParentUser"">WINDEV2309EVAL\User</Data>
    </EventData>
    <RenderingInfo Culture=""en-US"">
      <Message>Process Create:

RuleName: -

UtcTime: 2023-12-27 20:22:39.050

ProcessGuid: {f57bd86a-878f-658c-aa04-000000000f00}

ProcessId: 10156

Image: C:\Windows\System32\sc.exe

FileVersion: 10.0.22621.1 (WinBuild.160101.0800)

Description: Service Control Manager Configuration Tool

Product: Microsoft&#174; Windows&#174; Operating System

Company: Microsoft Corporation

OriginalFileName: sc.exe

CommandLine: sc.exe  queryex nativewifip 

CurrentDirectory: C:\Users\User\AppData\Local\Temp\

User: WINDEV2309EVAL\User

LogonGuid: {f57bd86a-36f9-658c-7bf8-020000000000}

LogonId: 0x2F87B

TerminalSessionId: 1

IntegrityLevel: Medium

Hashes: MD5=FF2A4319FA5531F0D7B98DBBA9ABBD4A,SHA256=67CBE3A7B9C9B7A2E9FB10A33C1A9A3FD297B6F1598AEA374BD9B5D2DEE352EC,IMPHASH=42DADBD60BBC453DD1773FDC089E19B7

ParentProcessGuid: {f57bd86a-878e-658c-a804-000000000f00}

ParentProcessId: 1792

ParentImage: C:\Windows\System32\cmd.exe

ParentCommandLine: ""C:\Windows\System32\cmd.exe"" /c sc.exe queryex nativewifip &gt;&gt; config\serviceinfo.log

ParentUser: WINDEV2309EVAL\User</Message>
      <Level>Information</Level>
      <Task>Process Create (rule: ProcessCreate)</Task>
      <Opcode>Info</Opcode>
    </RenderingInfo>
  </Event>
  
"
Microsoft-Windows-Sysmon/Operational,"""C:\Windows\System32\cmd.exe"" /c sc.exe queryex nativewifip >> config\serviceinfo.log",Microsoft Corporation,WinDev2309Eval,,C:\Users\User\AppData\Local\Temp\,Windows Command Processor,,,,,,,1,20223,,10.0.22621.2506 (WinBuild.160101.0800),"MD5=133D568ECCB557E37BEA1459521CBAC2,SHA256=05A30592D2C3421C41121145C6EEFA7C81FEA6B42D6233A522240A8468326B9C,IMPHASH=D73E39DAB3C8B57AA408073D01254964",C:\Windows\System32\cmd.exe,,Medium,0x8000000000000000,Information,{f57bd86a-36f9-658c-7bf8-020000000000},0x2f87b,"Process Create:

RuleName: -

UtcTime: 2023-12-27 20:22:38.998

ProcessGuid: {f57bd86a-878e-658c-a804-000000000f00}

ProcessId: 1792

Image: C:\Windows\System32\cmd.exe

FileVersion: 10.0.22621.2506 (WinBuild.160101.0800)

Description: Windows Command Processor

Product: Microsoft® Windows® Operating System

Company: Microsoft Corporation

OriginalFileName: Cmd.Exe

CommandLine: ""C:\Windows\System32\cmd.exe"" /c sc.exe queryex nativewifip >> config\serviceinfo.log

CurrentDirectory: C:\Users\User\AppData\Local\Temp\

User: WINDEV2309EVAL\User

LogonGuid: {f57bd86a-36f9-658c-7bf8-020000000000}

LogonId: 0x2F87B

TerminalSessionId: 1

IntegrityLevel: Medium

Hashes: MD5=133D568ECCB557E37BEA1459521CBAC2,SHA256=05A30592D2C3421C41121145C6EEFA7C81FEA6B42D6233A522240A8468326B9C,IMPHASH=D73E39DAB3C8B57AA408073D01254964

ParentProcessGuid: {f57bd86a-876f-658c-4303-000000000f00}

ParentProcessId: 7660

ParentImage: C:\Windows\System32\wscript.exe

ParentCommandLine: wscript.exe  C:\Windows\System32\gatherNetworkInfo.vbs

ParentUser: WINDEV2309EVAL\User",Info,Cmd.Exe,wscript.exe  C:\Windows\System32\gatherNetworkInfo.vbs,C:\Windows\System32\wscript.exe,{f57bd86a-876f-658c-4303-000000000f00},7660,WINDEV2309EVAL\User,{f57bd86a-878e-658c-a804-000000000f00},3588,1792,Microsoft® Windows® Operating System,,,,,"
      ",-,,,,,,2023-12-27T20:22:38.9991937Z,,,Process Create (rule: ProcessCreate),1,5124,WINDEV2309EVAL\User,S-1-5-18,2023-12-27 20:22:38.998,5,"<Event xmlns=""http://schemas.microsoft.com/win/2004/08/events/event"">
    <System>
      <Provider Name=""Microsoft-Windows-Sysmon"" Guid=""{5770385f-c22a-43e0-bf4c-06f5698ffbd9}""/>
      <EventID>1</EventID>
      <Version>5</Version>
      <Level>4</Level>
      <Task>1</Task>
      <Opcode>0</Opcode>
      <Keywords>0x8000000000000000</Keywords>
      <TimeCreated SystemTime=""2023-12-27T20:22:38.9991937Z""/>
      <EventRecordID>20223</EventRecordID>
      <Correlation/>
      <Execution ProcessID=""3588"" ThreadID=""5124""/>
      <Channel>Microsoft-Windows-Sysmon/Operational</Channel>
      <Computer>WinDev2309Eval</Computer>
      <Security UserID=""S-1-5-18""/>
    </System>
    <EventData>
      <Data Name=""RuleName"">-</Data>
      <Data Name=""UtcTime"">2023-12-27 20:22:38.998</Data>
      <Data Name=""ProcessGuid"">{f57bd86a-878e-658c-a804-000000000f00}</Data>
      <Data Name=""ProcessId"">1792</Data>
      <Data Name=""Image"">C:\Windows\System32\cmd.exe</Data>
      <Data Name=""FileVersion"">10.0.22621.2506 (WinBuild.160101.0800)</Data>
      <Data Name=""Description"">Windows Command Processor</Data>
      <Data Name=""Product"">Microsoft&#174; Windows&#174; Operating System</Data>
      <Data Name=""Company"">Microsoft Corporation</Data>
      <Data Name=""OriginalFileName"">Cmd.Exe</Data>
      <Data Name=""CommandLine"">""C:\Windows\System32\cmd.exe"" /c sc.exe queryex nativewifip &gt;&gt; config\serviceinfo.log</Data>
      <Data Name=""CurrentDirectory"">C:\Users\User\AppData\Local\Temp\</Data>
      <Data Name=""User"">WINDEV2309EVAL\User</Data>
      <Data Name=""LogonGuid"">{f57bd86a-36f9-658c-7bf8-020000000000}</Data>
      <Data Name=""LogonId"">0x2f87b</Data>
      <Data Name=""TerminalSessionId"">1</Data>
      <Data Name=""IntegrityLevel"">Medium</Data>
      <Data Name=""Hashes"">MD5=133D568ECCB557E37BEA1459521CBAC2,SHA256=05A30592D2C3421C41121145C6EEFA7C81FEA6B42D6233A522240A8468326B9C,IMPHASH=D73E39DAB3C8B57AA408073D01254964</Data>
      <Data Name=""ParentProcessGuid"">{f57bd86a-876f-658c-4303-000000000f00}</Data>
      <Data Name=""ParentProcessId"">7660</Data>
      <Data Name=""ParentImage"">C:\Windows\System32\wscript.exe</Data>
      <Data Name=""ParentCommandLine"">wscript.exe  C:\Windows\System32\gatherNetworkInfo.vbs</Data>
      <Data Name=""ParentUser"">WINDEV2309EVAL\User</Data>
    </EventData>
    <RenderingInfo Culture=""en-US"">
      <Message>Process Create:

RuleName: -

UtcTime: 2023-12-27 20:22:38.998

ProcessGuid: {f57bd86a-878e-658c-a804-000000000f00}

ProcessId: 1792

Image: C:\Windows\System32\cmd.exe

FileVersion: 10.0.22621.2506 (WinBuild.160101.0800)

Description: Windows Command Processor

Product: Microsoft&#174; Windows&#174; Operating System

Company: Microsoft Corporation

OriginalFileName: Cmd.Exe

CommandLine: ""C:\Windows\System32\cmd.exe"" /c sc.exe queryex nativewifip &gt;&gt; config\serviceinfo.log

CurrentDirectory: C:\Users\User\AppData\Local\Temp\

User: WINDEV2309EVAL\User

LogonGuid: {f57bd86a-36f9-658c-7bf8-020000000000}

LogonId: 0x2F87B

TerminalSessionId: 1

IntegrityLevel: Medium

Hashes: MD5=133D568ECCB557E37BEA1459521CBAC2,SHA256=05A30592D2C3421C41121145C6EEFA7C81FEA6B42D6233A522240A8468326B9C,IMPHASH=D73E39DAB3C8B57AA408073D01254964

ParentProcessGuid: {f57bd86a-876f-658c-4303-000000000f00}

ParentProcessId: 7660

ParentImage: C:\Windows\System32\wscript.exe

ParentCommandLine: wscript.exe  C:\Windows\System32\gatherNetworkInfo.vbs

ParentUser: WINDEV2309EVAL\User</Message>
      <Level>Information</Level>
      <Task>Process Create (rule: ProcessCreate)</Task>
      <Opcode>Info</Opcode>
    </RenderingInfo>
  </Event>
  
"
Microsoft-Windows-Sysmon/Operational,wmic  qfe ,Microsoft Corporation,WinDev2309Eval,,C:\Users\User\AppData\Local\Temp\,WMI Commandline Utility,,,,,,,1,20222,,10.0.22621.2792 (WinBuild.160101.0800),"MD5=B2ACB4DE13896683796A6B6635C40A15,SHA256=FBCDF1DB7D385AE5556F76D1F388F6E7AF08A545C0D797C4B3CD2F0CC739A9AE,IMPHASH=43C6BE584D77B658A53A9A5C606724DD",C:\Windows\System32\wbem\WMIC.exe,,Medium,0x8000000000000000,Information,{f57bd86a-36f9-658c-7bf8-020000000000},0x2f87b,"Process Create:

RuleName: -

UtcTime: 2023-12-27 20:22:38.620

ProcessGuid: {f57bd86a-878e-658c-a704-000000000f00}

ProcessId: 1636

Image: C:\Windows\System32\wbem\WMIC.exe

FileVersion: 10.0.22621.2792 (WinBuild.160101.0800)

Description: WMI Commandline Utility

Product: Microsoft® Windows® Operating System

Company: Microsoft Corporation

OriginalFileName: wmic.exe

CommandLine: wmic  qfe 

CurrentDirectory: C:\Users\User\AppData\Local\Temp\

User: WINDEV2309EVAL\User

LogonGuid: {f57bd86a-36f9-658c-7bf8-020000000000}

LogonId: 0x2F87B

TerminalSessionId: 1

IntegrityLevel: Medium

Hashes: MD5=B2ACB4DE13896683796A6B6635C40A15,SHA256=FBCDF1DB7D385AE5556F76D1F388F6E7AF08A545C0D797C4B3CD2F0CC739A9AE,IMPHASH=43C6BE584D77B658A53A9A5C606724DD

ParentProcessGuid: {f57bd86a-878e-658c-a504-000000000f00}

ParentProcessId: 1548

ParentImage: C:\Windows\System32\cmd.exe

ParentCommandLine: ""C:\Windows\System32\cmd.exe"" /c wmic qfe >> config\Hotfixinfo.log

ParentUser: WINDEV2309EVAL\User",Info,wmic.exe,"""C:\Windows\System32\cmd.exe"" /c wmic qfe >> config\Hotfixinfo.log",C:\Windows\System32\cmd.exe,{f57bd86a-878e-658c-a504-000000000f00},1548,WINDEV2309EVAL\User,{f57bd86a-878e-658c-a704-000000000f00},3588,1636,Microsoft® Windows® Operating System,,,,,"
      ",-,,,,,,2023-12-27T20:22:38.6215520Z,,,Process Create (rule: ProcessCreate),1,5124,WINDEV2309EVAL\User,S-1-5-18,2023-12-27 20:22:38.620,5,"<Event xmlns=""http://schemas.microsoft.com/win/2004/08/events/event"">
    <System>
      <Provider Name=""Microsoft-Windows-Sysmon"" Guid=""{5770385f-c22a-43e0-bf4c-06f5698ffbd9}""/>
      <EventID>1</EventID>
      <Version>5</Version>
      <Level>4</Level>
      <Task>1</Task>
      <Opcode>0</Opcode>
      <Keywords>0x8000000000000000</Keywords>
      <TimeCreated SystemTime=""2023-12-27T20:22:38.6215520Z""/>
      <EventRecordID>20222</EventRecordID>
      <Correlation/>
      <Execution ProcessID=""3588"" ThreadID=""5124""/>
      <Channel>Microsoft-Windows-Sysmon/Operational</Channel>
      <Computer>WinDev2309Eval</Computer>
      <Security UserID=""S-1-5-18""/>
    </System>
    <EventData>
      <Data Name=""RuleName"">-</Data>
      <Data Name=""UtcTime"">2023-12-27 20:22:38.620</Data>
      <Data Name=""ProcessGuid"">{f57bd86a-878e-658c-a704-000000000f00}</Data>
      <Data Name=""ProcessId"">1636</Data>
      <Data Name=""Image"">C:\Windows\System32\wbem\WMIC.exe</Data>
      <Data Name=""FileVersion"">10.0.22621.2792 (WinBuild.160101.0800)</Data>
      <Data Name=""Description"">WMI Commandline Utility</Data>
      <Data Name=""Product"">Microsoft&#174; Windows&#174; Operating System</Data>
      <Data Name=""Company"">Microsoft Corporation</Data>
      <Data Name=""OriginalFileName"">wmic.exe</Data>
      <Data Name=""CommandLine"">wmic  qfe </Data>
      <Data Name=""CurrentDirectory"">C:\Users\User\AppData\Local\Temp\</Data>
      <Data Name=""User"">WINDEV2309EVAL\User</Data>
      <Data Name=""LogonGuid"">{f57bd86a-36f9-658c-7bf8-020000000000}</Data>
      <Data Name=""LogonId"">0x2f87b</Data>
      <Data Name=""TerminalSessionId"">1</Data>
      <Data Name=""IntegrityLevel"">Medium</Data>
      <Data Name=""Hashes"">MD5=B2ACB4DE13896683796A6B6635C40A15,SHA256=FBCDF1DB7D385AE5556F76D1F388F6E7AF08A545C0D797C4B3CD2F0CC739A9AE,IMPHASH=43C6BE584D77B658A53A9A5C606724DD</Data>
      <Data Name=""ParentProcessGuid"">{f57bd86a-878e-658c-a504-000000000f00}</Data>
      <Data Name=""ParentProcessId"">1548</Data>
      <Data Name=""ParentImage"">C:\Windows\System32\cmd.exe</Data>
      <Data Name=""ParentCommandLine"">""C:\Windows\System32\cmd.exe"" /c wmic qfe &gt;&gt; config\Hotfixinfo.log</Data>
      <Data Name=""ParentUser"">WINDEV2309EVAL\User</Data>
    </EventData>
    <RenderingInfo Culture=""en-US"">
      <Message>Process Create:

RuleName: -

UtcTime: 2023-12-27 20:22:38.620

ProcessGuid: {f57bd86a-878e-658c-a704-000000000f00}

ProcessId: 1636

Image: C:\Windows\System32\wbem\WMIC.exe

FileVersion: 10.0.22621.2792 (WinBuild.160101.0800)

Description: WMI Commandline Utility

Product: Microsoft&#174; Windows&#174; Operating System

Company: Microsoft Corporation

OriginalFileName: wmic.exe

CommandLine: wmic  qfe 

CurrentDirectory: C:\Users\User\AppData\Local\Temp\

User: WINDEV2309EVAL\User

LogonGuid: {f57bd86a-36f9-658c-7bf8-020000000000}

LogonId: 0x2F87B

TerminalSessionId: 1

IntegrityLevel: Medium

Hashes: MD5=B2ACB4DE13896683796A6B6635C40A15,SHA256=FBCDF1DB7D385AE5556F76D1F388F6E7AF08A545C0D797C4B3CD2F0CC739A9AE,IMPHASH=43C6BE584D77B658A53A9A5C606724DD

ParentProcessGuid: {f57bd86a-878e-658c-a504-000000000f00}

ParentProcessId: 1548

ParentImage: C:\Windows\System32\cmd.exe

ParentCommandLine: ""C:\Windows\System32\cmd.exe"" /c wmic qfe &gt;&gt; config\Hotfixinfo.log

ParentUser: WINDEV2309EVAL\User</Message>
      <Level>Information</Level>
      <Task>Process Create (rule: ProcessCreate)</Task>
      <Opcode>Info</Opcode>
    </RenderingInfo>
  </Event>
  
"
Microsoft-Windows-Sysmon/Operational,"""C:\Windows\System32\cmd.exe"" /c wmic qfe >> config\Hotfixinfo.log",Microsoft Corporation,WinDev2309Eval,,C:\Users\User\AppData\Local\Temp\,Windows Command Processor,,,,,,,1,20221,,10.0.22621.2506 (WinBuild.160101.0800),"MD5=133D568ECCB557E37BEA1459521CBAC2,SHA256=05A30592D2C3421C41121145C6EEFA7C81FEA6B42D6233A522240A8468326B9C,IMPHASH=D73E39DAB3C8B57AA408073D01254964",C:\Windows\System32\cmd.exe,,Medium,0x8000000000000000,Information,{f57bd86a-36f9-658c-7bf8-020000000000},0x2f87b,"Process Create:

RuleName: -

UtcTime: 2023-12-27 20:22:38.577

ProcessGuid: {f57bd86a-878e-658c-a504-000000000f00}

ProcessId: 1548

Image: C:\Windows\System32\cmd.exe

FileVersion: 10.0.22621.2506 (WinBuild.160101.0800)

Description: Windows Command Processor

Product: Microsoft® Windows® Operating System

Company: Microsoft Corporation

OriginalFileName: Cmd.Exe

CommandLine: ""C:\Windows\System32\cmd.exe"" /c wmic qfe >> config\Hotfixinfo.log

CurrentDirectory: C:\Users\User\AppData\Local\Temp\

User: WINDEV2309EVAL\User

LogonGuid: {f57bd86a-36f9-658c-7bf8-020000000000}

LogonId: 0x2F87B

TerminalSessionId: 1

IntegrityLevel: Medium

Hashes: MD5=133D568ECCB557E37BEA1459521CBAC2,SHA256=05A30592D2C3421C41121145C6EEFA7C81FEA6B42D6233A522240A8468326B9C,IMPHASH=D73E39DAB3C8B57AA408073D01254964

ParentProcessGuid: {f57bd86a-876f-658c-4303-000000000f00}

ParentProcessId: 7660

ParentImage: C:\Windows\System32\wscript.exe

ParentCommandLine: wscript.exe  C:\Windows\System32\gatherNetworkInfo.vbs

ParentUser: WINDEV2309EVAL\User",Info,Cmd.Exe,wscript.exe  C:\Windows\System32\gatherNetworkInfo.vbs,C:\Windows\System32\wscript.exe,{f57bd86a-876f-658c-4303-000000000f00},7660,WINDEV2309EVAL\User,{f57bd86a-878e-658c-a504-000000000f00},3588,1548,Microsoft® Windows® Operating System,,,,,"
      ",-,,,,,,2023-12-27T20:22:38.5781664Z,,,Process Create (rule: ProcessCreate),1,5124,WINDEV2309EVAL\User,S-1-5-18,2023-12-27 20:22:38.577,5,"<Event xmlns=""http://schemas.microsoft.com/win/2004/08/events/event"">
    <System>
      <Provider Name=""Microsoft-Windows-Sysmon"" Guid=""{5770385f-c22a-43e0-bf4c-06f5698ffbd9}""/>
      <EventID>1</EventID>
      <Version>5</Version>
      <Level>4</Level>
      <Task>1</Task>
      <Opcode>0</Opcode>
      <Keywords>0x8000000000000000</Keywords>
      <TimeCreated SystemTime=""2023-12-27T20:22:38.5781664Z""/>
      <EventRecordID>20221</EventRecordID>
      <Correlation/>
      <Execution ProcessID=""3588"" ThreadID=""5124""/>
      <Channel>Microsoft-Windows-Sysmon/Operational</Channel>
      <Computer>WinDev2309Eval</Computer>
      <Security UserID=""S-1-5-18""/>
    </System>
    <EventData>
      <Data Name=""RuleName"">-</Data>
      <Data Name=""UtcTime"">2023-12-27 20:22:38.577</Data>
      <Data Name=""ProcessGuid"">{f57bd86a-878e-658c-a504-000000000f00}</Data>
      <Data Name=""ProcessId"">1548</Data>
      <Data Name=""Image"">C:\Windows\System32\cmd.exe</Data>
      <Data Name=""FileVersion"">10.0.22621.2506 (WinBuild.160101.0800)</Data>
      <Data Name=""Description"">Windows Command Processor</Data>
      <Data Name=""Product"">Microsoft&#174; Windows&#174; Operating System</Data>
      <Data Name=""Company"">Microsoft Corporation</Data>
      <Data Name=""OriginalFileName"">Cmd.Exe</Data>
      <Data Name=""CommandLine"">""C:\Windows\System32\cmd.exe"" /c wmic qfe &gt;&gt; config\Hotfixinfo.log</Data>
      <Data Name=""CurrentDirectory"">C:\Users\User\AppData\Local\Temp\</Data>
      <Data Name=""User"">WINDEV2309EVAL\User</Data>
      <Data Name=""LogonGuid"">{f57bd86a-36f9-658c-7bf8-020000000000}</Data>
      <Data Name=""LogonId"">0x2f87b</Data>
      <Data Name=""TerminalSessionId"">1</Data>
      <Data Name=""IntegrityLevel"">Medium</Data>
      <Data Name=""Hashes"">MD5=133D568ECCB557E37BEA1459521CBAC2,SHA256=05A30592D2C3421C41121145C6EEFA7C81FEA6B42D6233A522240A8468326B9C,IMPHASH=D73E39DAB3C8B57AA408073D01254964</Data>
      <Data Name=""ParentProcessGuid"">{f57bd86a-876f-658c-4303-000000000f00}</Data>
      <Data Name=""ParentProcessId"">7660</Data>
      <Data Name=""ParentImage"">C:\Windows\System32\wscript.exe</Data>
      <Data Name=""ParentCommandLine"">wscript.exe  C:\Windows\System32\gatherNetworkInfo.vbs</Data>
      <Data Name=""ParentUser"">WINDEV2309EVAL\User</Data>
    </EventData>
    <RenderingInfo Culture=""en-US"">
      <Message>Process Create:

RuleName: -

UtcTime: 2023-12-27 20:22:38.577

ProcessGuid: {f57bd86a-878e-658c-a504-000000000f00}

ProcessId: 1548

Image: C:\Windows\System32\cmd.exe

FileVersion: 10.0.22621.2506 (WinBuild.160101.0800)

Description: Windows Command Processor

Product: Microsoft&#174; Windows&#174; Operating System

Company: Microsoft Corporation

OriginalFileName: Cmd.Exe

CommandLine: ""C:\Windows\System32\cmd.exe"" /c wmic qfe &gt;&gt; config\Hotfixinfo.log

CurrentDirectory: C:\Users\User\AppData\Local\Temp\

User: WINDEV2309EVAL\User

LogonGuid: {f57bd86a-36f9-658c-7bf8-020000000000}

LogonId: 0x2F87B

TerminalSessionId: 1

IntegrityLevel: Medium

Hashes: MD5=133D568ECCB557E37BEA1459521CBAC2,SHA256=05A30592D2C3421C41121145C6EEFA7C81FEA6B42D6233A522240A8468326B9C,IMPHASH=D73E39DAB3C8B57AA408073D01254964

ParentProcessGuid: {f57bd86a-876f-658c-4303-000000000f00}

ParentProcessId: 7660

ParentImage: C:\Windows\System32\wscript.exe

ParentCommandLine: wscript.exe  C:\Windows\System32\gatherNetworkInfo.vbs

ParentUser: WINDEV2309EVAL\User</Message>
      <Level>Information</Level>
      <Task>Process Create (rule: ProcessCreate)</Task>
      <Opcode>Info</Opcode>
    </RenderingInfo>
  </Event>
  
"
Microsoft-Windows-Sysmon/Operational,wevtutil  al config\VmmsNetworkingLog.evtx,Microsoft Corporation,WinDev2309Eval,,C:\Users\User\AppData\Local\Temp\,Windows Event Log Utility,,,,,,,1,20220,,10.0.22621.2506 (WinBuild.160101.0800),"MD5=3331F35EC34595843187CD518B9FBA48,SHA256=0FBB4B8092E8F3B4A298A133DC30E5F80D420380BACB5D3B27D0D2BCB9103230,IMPHASH=92CA71320A49850E970004A94EA5D695",C:\Windows\System32\wevtutil.exe,,Medium,0x8000000000000000,Information,{f57bd86a-36f9-658c-7bf8-020000000000},0x2f87b,"Process Create:

RuleName: -

UtcTime: 2023-12-27 20:22:38.546

ProcessGuid: {f57bd86a-878e-658c-a404-000000000f00}

ProcessId: 11052

Image: C:\Windows\System32\wevtutil.exe

FileVersion: 10.0.22621.2506 (WinBuild.160101.0800)

Description: Windows Event Log Utility

Product: Microsoft® Windows® Operating System

Company: Microsoft Corporation

OriginalFileName: wevtutil.exe

CommandLine: wevtutil  al config\VmmsNetworkingLog.evtx

CurrentDirectory: C:\Users\User\AppData\Local\Temp\

User: WINDEV2309EVAL\User

LogonGuid: {f57bd86a-36f9-658c-7bf8-020000000000}

LogonId: 0x2F87B

TerminalSessionId: 1

IntegrityLevel: Medium

Hashes: MD5=3331F35EC34595843187CD518B9FBA48,SHA256=0FBB4B8092E8F3B4A298A133DC30E5F80D420380BACB5D3B27D0D2BCB9103230,IMPHASH=92CA71320A49850E970004A94EA5D695

ParentProcessGuid: {f57bd86a-878e-658c-a204-000000000f00}

ParentProcessId: 10860

ParentImage: C:\Windows\System32\cmd.exe

ParentCommandLine: ""C:\Windows\System32\cmd.exe"" /c wevtutil al config\VmmsNetworkingLog.evtx

ParentUser: WINDEV2309EVAL\User",Info,wevtutil.exe,"""C:\Windows\System32\cmd.exe"" /c wevtutil al config\VmmsNetworkingLog.evtx",C:\Windows\System32\cmd.exe,{f57bd86a-878e-658c-a204-000000000f00},10860,WINDEV2309EVAL\User,{f57bd86a-878e-658c-a404-000000000f00},3588,11052,Microsoft® Windows® Operating System,,,,,"
      ",-,,,,,,2023-12-27T20:22:38.5472967Z,,,Process Create (rule: ProcessCreate),1,5124,WINDEV2309EVAL\User,S-1-5-18,2023-12-27 20:22:38.546,5,"<Event xmlns=""http://schemas.microsoft.com/win/2004/08/events/event"">
    <System>
      <Provider Name=""Microsoft-Windows-Sysmon"" Guid=""{5770385f-c22a-43e0-bf4c-06f5698ffbd9}""/>
      <EventID>1</EventID>
      <Version>5</Version>
      <Level>4</Level>
      <Task>1</Task>
      <Opcode>0</Opcode>
      <Keywords>0x8000000000000000</Keywords>
      <TimeCreated SystemTime=""2023-12-27T20:22:38.5472967Z""/>
      <EventRecordID>20220</EventRecordID>
      <Correlation/>
      <Execution ProcessID=""3588"" ThreadID=""5124""/>
      <Channel>Microsoft-Windows-Sysmon/Operational</Channel>
      <Computer>WinDev2309Eval</Computer>
      <Security UserID=""S-1-5-18""/>
    </System>
    <EventData>
      <Data Name=""RuleName"">-</Data>
      <Data Name=""UtcTime"">2023-12-27 20:22:38.546</Data>
      <Data Name=""ProcessGuid"">{f57bd86a-878e-658c-a404-000000000f00}</Data>
      <Data Name=""ProcessId"">11052</Data>
      <Data Name=""Image"">C:\Windows\System32\wevtutil.exe</Data>
      <Data Name=""FileVersion"">10.0.22621.2506 (WinBuild.160101.0800)</Data>
      <Data Name=""Description"">Windows Event Log Utility</Data>
      <Data Name=""Product"">Microsoft&#174; Windows&#174; Operating System</Data>
      <Data Name=""Company"">Microsoft Corporation</Data>
      <Data Name=""OriginalFileName"">wevtutil.exe</Data>
      <Data Name=""CommandLine"">wevtutil  al config\VmmsNetworkingLog.evtx</Data>
      <Data Name=""CurrentDirectory"">C:\Users\User\AppData\Local\Temp\</Data>
      <Data Name=""User"">WINDEV2309EVAL\User</Data>
      <Data Name=""LogonGuid"">{f57bd86a-36f9-658c-7bf8-020000000000}</Data>
      <Data Name=""LogonId"">0x2f87b</Data>
      <Data Name=""TerminalSessionId"">1</Data>
      <Data Name=""IntegrityLevel"">Medium</Data>
      <Data Name=""Hashes"">MD5=3331F35EC34595843187CD518B9FBA48,SHA256=0FBB4B8092E8F3B4A298A133DC30E5F80D420380BACB5D3B27D0D2BCB9103230,IMPHASH=92CA71320A49850E970004A94EA5D695</Data>
      <Data Name=""ParentProcessGuid"">{f57bd86a-878e-658c-a204-000000000f00}</Data>
      <Data Name=""ParentProcessId"">10860</Data>
      <Data Name=""ParentImage"">C:\Windows\System32\cmd.exe</Data>
      <Data Name=""ParentCommandLine"">""C:\Windows\System32\cmd.exe"" /c wevtutil al config\VmmsNetworkingLog.evtx</Data>
      <Data Name=""ParentUser"">WINDEV2309EVAL\User</Data>
    </EventData>
    <RenderingInfo Culture=""en-US"">
      <Message>Process Create:

RuleName: -

UtcTime: 2023-12-27 20:22:38.546

ProcessGuid: {f57bd86a-878e-658c-a404-000000000f00}

ProcessId: 11052

Image: C:\Windows\System32\wevtutil.exe

FileVersion: 10.0.22621.2506 (WinBuild.160101.0800)

Description: Windows Event Log Utility

Product: Microsoft&#174; Windows&#174; Operating System

Company: Microsoft Corporation

OriginalFileName: wevtutil.exe

CommandLine: wevtutil  al config\VmmsNetworkingLog.evtx

CurrentDirectory: C:\Users\User\AppData\Local\Temp\

User: WINDEV2309EVAL\User

LogonGuid: {f57bd86a-36f9-658c-7bf8-020000000000}

LogonId: 0x2F87B

TerminalSessionId: 1

IntegrityLevel: Medium

Hashes: MD5=3331F35EC34595843187CD518B9FBA48,SHA256=0FBB4B8092E8F3B4A298A133DC30E5F80D420380BACB5D3B27D0D2BCB9103230,IMPHASH=92CA71320A49850E970004A94EA5D695

ParentProcessGuid: {f57bd86a-878e-658c-a204-000000000f00}

ParentProcessId: 10860

ParentImage: C:\Windows\System32\cmd.exe

ParentCommandLine: ""C:\Windows\System32\cmd.exe"" /c wevtutil al config\VmmsNetworkingLog.evtx

ParentUser: WINDEV2309EVAL\User</Message>
      <Level>Information</Level>
      <Task>Process Create (rule: ProcessCreate)</Task>
      <Opcode>Info</Opcode>
    </RenderingInfo>
  </Event>
  
"
Microsoft-Windows-Sysmon/Operational,"""C:\Windows\System32\cmd.exe"" /c wevtutil al config\VmmsNetworkingLog.evtx",Microsoft Corporation,WinDev2309Eval,,C:\Users\User\AppData\Local\Temp\,Windows Command Processor,,,,,,,1,20219,,10.0.22621.2506 (WinBuild.160101.0800),"MD5=133D568ECCB557E37BEA1459521CBAC2,SHA256=05A30592D2C3421C41121145C6EEFA7C81FEA6B42D6233A522240A8468326B9C,IMPHASH=D73E39DAB3C8B57AA408073D01254964",C:\Windows\System32\cmd.exe,,Medium,0x8000000000000000,Information,{f57bd86a-36f9-658c-7bf8-020000000000},0x2f87b,"Process Create:

RuleName: -

UtcTime: 2023-12-27 20:22:38.494

ProcessGuid: {f57bd86a-878e-658c-a204-000000000f00}

ProcessId: 10860

Image: C:\Windows\System32\cmd.exe

FileVersion: 10.0.22621.2506 (WinBuild.160101.0800)

Description: Windows Command Processor

Product: Microsoft® Windows® Operating System

Company: Microsoft Corporation

OriginalFileName: Cmd.Exe

CommandLine: ""C:\Windows\System32\cmd.exe"" /c wevtutil al config\VmmsNetworkingLog.evtx

CurrentDirectory: C:\Users\User\AppData\Local\Temp\

User: WINDEV2309EVAL\User

LogonGuid: {f57bd86a-36f9-658c-7bf8-020000000000}

LogonId: 0x2F87B

TerminalSessionId: 1

IntegrityLevel: Medium

Hashes: MD5=133D568ECCB557E37BEA1459521CBAC2,SHA256=05A30592D2C3421C41121145C6EEFA7C81FEA6B42D6233A522240A8468326B9C,IMPHASH=D73E39DAB3C8B57AA408073D01254964

ParentProcessGuid: {f57bd86a-876f-658c-4303-000000000f00}

ParentProcessId: 7660

ParentImage: C:\Windows\System32\wscript.exe

ParentCommandLine: wscript.exe  C:\Windows\System32\gatherNetworkInfo.vbs

ParentUser: WINDEV2309EVAL\User",Info,Cmd.Exe,wscript.exe  C:\Windows\System32\gatherNetworkInfo.vbs,C:\Windows\System32\wscript.exe,{f57bd86a-876f-658c-4303-000000000f00},7660,WINDEV2309EVAL\User,{f57bd86a-878e-658c-a204-000000000f00},3588,10860,Microsoft® Windows® Operating System,,,,,"
      ",-,,,,,,2023-12-27T20:22:38.4960080Z,,,Process Create (rule: ProcessCreate),1,5124,WINDEV2309EVAL\User,S-1-5-18,2023-12-27 20:22:38.494,5,"<Event xmlns=""http://schemas.microsoft.com/win/2004/08/events/event"">
    <System>
      <Provider Name=""Microsoft-Windows-Sysmon"" Guid=""{5770385f-c22a-43e0-bf4c-06f5698ffbd9}""/>
      <EventID>1</EventID>
      <Version>5</Version>
      <Level>4</Level>
      <Task>1</Task>
      <Opcode>0</Opcode>
      <Keywords>0x8000000000000000</Keywords>
      <TimeCreated SystemTime=""2023-12-27T20:22:38.4960080Z""/>
      <EventRecordID>20219</EventRecordID>
      <Correlation/>
      <Execution ProcessID=""3588"" ThreadID=""5124""/>
      <Channel>Microsoft-Windows-Sysmon/Operational</Channel>
      <Computer>WinDev2309Eval</Computer>
      <Security UserID=""S-1-5-18""/>
    </System>
    <EventData>
      <Data Name=""RuleName"">-</Data>
      <Data Name=""UtcTime"">2023-12-27 20:22:38.494</Data>
      <Data Name=""ProcessGuid"">{f57bd86a-878e-658c-a204-000000000f00}</Data>
      <Data Name=""ProcessId"">10860</Data>
      <Data Name=""Image"">C:\Windows\System32\cmd.exe</Data>
      <Data Name=""FileVersion"">10.0.22621.2506 (WinBuild.160101.0800)</Data>
      <Data Name=""Description"">Windows Command Processor</Data>
      <Data Name=""Product"">Microsoft&#174; Windows&#174; Operating System</Data>
      <Data Name=""Company"">Microsoft Corporation</Data>
      <Data Name=""OriginalFileName"">Cmd.Exe</Data>
      <Data Name=""CommandLine"">""C:\Windows\System32\cmd.exe"" /c wevtutil al config\VmmsNetworkingLog.evtx</Data>
      <Data Name=""CurrentDirectory"">C:\Users\User\AppData\Local\Temp\</Data>
      <Data Name=""User"">WINDEV2309EVAL\User</Data>
      <Data Name=""LogonGuid"">{f57bd86a-36f9-658c-7bf8-020000000000}</Data>
      <Data Name=""LogonId"">0x2f87b</Data>
      <Data Name=""TerminalSessionId"">1</Data>
      <Data Name=""IntegrityLevel"">Medium</Data>
      <Data Name=""Hashes"">MD5=133D568ECCB557E37BEA1459521CBAC2,SHA256=05A30592D2C3421C41121145C6EEFA7C81FEA6B42D6233A522240A8468326B9C,IMPHASH=D73E39DAB3C8B57AA408073D01254964</Data>
      <Data Name=""ParentProcessGuid"">{f57bd86a-876f-658c-4303-000000000f00}</Data>
      <Data Name=""ParentProcessId"">7660</Data>
      <Data Name=""ParentImage"">C:\Windows\System32\wscript.exe</Data>
      <Data Name=""ParentCommandLine"">wscript.exe  C:\Windows\System32\gatherNetworkInfo.vbs</Data>
      <Data Name=""ParentUser"">WINDEV2309EVAL\User</Data>
    </EventData>
    <RenderingInfo Culture=""en-US"">
      <Message>Process Create:

RuleName: -

UtcTime: 2023-12-27 20:22:38.494

ProcessGuid: {f57bd86a-878e-658c-a204-000000000f00}

ProcessId: 10860

Image: C:\Windows\System32\cmd.exe

FileVersion: 10.0.22621.2506 (WinBuild.160101.0800)

Description: Windows Command Processor

Product: Microsoft&#174; Windows&#174; Operating System

Company: Microsoft Corporation

OriginalFileName: Cmd.Exe

CommandLine: ""C:\Windows\System32\cmd.exe"" /c wevtutil al config\VmmsNetworkingLog.evtx

CurrentDirectory: C:\Users\User\AppData\Local\Temp\

User: WINDEV2309EVAL\User

LogonGuid: {f57bd86a-36f9-658c-7bf8-020000000000}

LogonId: 0x2F87B

TerminalSessionId: 1

IntegrityLevel: Medium

Hashes: MD5=133D568ECCB557E37BEA1459521CBAC2,SHA256=05A30592D2C3421C41121145C6EEFA7C81FEA6B42D6233A522240A8468326B9C,IMPHASH=D73E39DAB3C8B57AA408073D01254964

ParentProcessGuid: {f57bd86a-876f-658c-4303-000000000f00}

ParentProcessId: 7660

ParentImage: C:\Windows\System32\wscript.exe

ParentCommandLine: wscript.exe  C:\Windows\System32\gatherNetworkInfo.vbs

ParentUser: WINDEV2309EVAL\User</Message>
      <Level>Information</Level>
      <Task>Process Create (rule: ProcessCreate)</Task>
      <Opcode>Info</Opcode>
    </RenderingInfo>
  </Event>
  
"
