Microsoft-Windows-Sysmon/Operational,wmic  baseboard get product ,Microsoft Corporation,WinDev2309Eval,,C:\Users\User\AppData\Local\Temp\,WMI Commandline Utility,,,,,,,1,19969,,10.0.22621.2792 (WinBuild.160101.0800),"MD5=B2ACB4DE13896683796A6B6635C40A15,SHA256=FBCDF1DB7D385AE5556F76D1F388F6E7AF08A545C0D797C4B3CD2F0CC739A9AE,IMPHASH=43C6BE584D77B658A53A9A5C606724DD",C:\Windows\System32\wbem\WMIC.exe,,Medium,0x8000000000000000,Information,{f57bd86a-36f9-658c-7bf8-020000000000},0x2f87b,"Process Create:

RuleName: -

UtcTime: 2023-12-27 20:22:03.033

ProcessGuid: {f57bd86a-876b-658c-3403-000000000f00}

ProcessId: 10528

Image: C:\Windows\System32\wbem\WMIC.exe

FileVersion: 10.0.22621.2792 (WinBuild.160101.0800)

Description: WMI Commandline Utility

Product: Microsoft® Windows® Operating System

Company: Microsoft Corporation

OriginalFileName: wmic.exe

CommandLine: wmic  baseboard get product 

CurrentDirectory: C:\Users\User\AppData\Local\Temp\

User: WINDEV2309EVAL\User

LogonGuid: {f57bd86a-36f9-658c-7bf8-020000000000}

LogonId: 0x2F87B

TerminalSessionId: 1

IntegrityLevel: Medium

Hashes: MD5=B2ACB4DE13896683796A6B6635C40A15,SHA256=FBCDF1DB7D385AE5556F76D1F388F6E7AF08A545C0D797C4B3CD2F0CC739A9AE,IMPHASH=43C6BE584D77B658A53A9A5C606724DD

ParentProcessGuid: {f57bd86a-876a-658c-3003-000000000f00}

ParentProcessId: 5684

ParentImage: C:\Windows\System32\cmd.exe

ParentCommandLine: ""cmd.exe"" /c wmic cpu get name & wmic MEMPHYSICAL get MaxCapacity & wmic baseboard get product & wmic baseboard get version & wmic bios get SMBIOSBIOSVersion & wmic path win32_VideoController get name & wmic path win32_VideoController get DriverVersion & wmic path win32_VideoController get VideoModeDescription & wmic OS get Caption,OSArchitecture,Version & wmic DISKDRIVE get Caption & Get-WmiObject win32_bios

ParentUser: WINDEV2309EVAL\User",Info,wmic.exe,"""cmd.exe"" /c wmic cpu get name & wmic MEMPHYSICAL get MaxCapacity & wmic baseboard get product & wmic baseboard get version & wmic bios get SMBIOSBIOSVersion & wmic path win32_VideoController get name & wmic path win32_VideoController get DriverVersion & wmic path win32_VideoController get VideoModeDescription & wmic OS get Caption,OSArchitecture,Version & wmic DISKDRIVE get Caption & Get-WmiObject win32_bios",C:\Windows\System32\cmd.exe,{f57bd86a-876a-658c-3003-000000000f00},5684,WINDEV2309EVAL\User,{f57bd86a-876b-658c-3403-000000000f00},3588,10528,Microsoft® Windows® Operating System,,,,,"
      ",-,,,,,,2023-12-27T20:22:03.0347557Z,,,Process Create (rule: ProcessCreate),1,5124,WINDEV2309EVAL\User,S-1-5-18,2023-12-27 20:22:03.033,5,"<Event xmlns=""http://schemas.microsoft.com/win/2004/08/events/event"">
    <System>
      <Provider Name=""Microsoft-Windows-Sysmon"" Guid=""{5770385f-c22a-43e0-bf4c-06f5698ffbd9}""/>
      <EventID>1</EventID>
      <Version>5</Version>
      <Level>4</Level>
      <Task>1</Task>
      <Opcode>0</Opcode>
      <Keywords>0x8000000000000000</Keywords>
      <TimeCreated SystemTime=""2023-12-27T20:22:03.0347557Z""/>
      <EventRecordID>19969</EventRecordID>
      <Correlation/>
      <Execution ProcessID=""3588"" ThreadID=""5124""/>
      <Channel>Microsoft-Windows-Sysmon/Operational</Channel>
      <Computer>WinDev2309Eval</Computer>
      <Security UserID=""S-1-5-18""/>
    </System>
    <EventData>
      <Data Name=""RuleName"">-</Data>
      <Data Name=""UtcTime"">2023-12-27 20:22:03.033</Data>
      <Data Name=""ProcessGuid"">{f57bd86a-876b-658c-3403-000000000f00}</Data>
      <Data Name=""ProcessId"">10528</Data>
      <Data Name=""Image"">C:\Windows\System32\wbem\WMIC.exe</Data>
      <Data Name=""FileVersion"">10.0.22621.2792 (WinBuild.160101.0800)</Data>
      <Data Name=""Description"">WMI Commandline Utility</Data>
      <Data Name=""Product"">Microsoft&#174; Windows&#174; Operating System</Data>
      <Data Name=""Company"">Microsoft Corporation</Data>
      <Data Name=""OriginalFileName"">wmic.exe</Data>
      <Data Name=""CommandLine"">wmic  baseboard get product </Data>
      <Data Name=""CurrentDirectory"">C:\Users\User\AppData\Local\Temp\</Data>
      <Data Name=""User"">WINDEV2309EVAL\User</Data>
      <Data Name=""LogonGuid"">{f57bd86a-36f9-658c-7bf8-020000000000}</Data>
      <Data Name=""LogonId"">0x2f87b</Data>
      <Data Name=""TerminalSessionId"">1</Data>
      <Data Name=""IntegrityLevel"">Medium</Data>
      <Data Name=""Hashes"">MD5=B2ACB4DE13896683796A6B6635C40A15,SHA256=FBCDF1DB7D385AE5556F76D1F388F6E7AF08A545C0D797C4B3CD2F0CC739A9AE,IMPHASH=43C6BE584D77B658A53A9A5C606724DD</Data>
      <Data Name=""ParentProcessGuid"">{f57bd86a-876a-658c-3003-000000000f00}</Data>
      <Data Name=""ParentProcessId"">5684</Data>
      <Data Name=""ParentImage"">C:\Windows\System32\cmd.exe</Data>
      <Data Name=""ParentCommandLine"">""cmd.exe"" /c wmic cpu get name &amp; wmic MEMPHYSICAL get MaxCapacity &amp; wmic baseboard get product &amp; wmic baseboard get version &amp; wmic bios get SMBIOSBIOSVersion &amp; wmic path win32_VideoController get name &amp; wmic path win32_VideoController get DriverVersion &amp; wmic path win32_VideoController get VideoModeDescription &amp; wmic OS get Caption,OSArchitecture,Version &amp; wmic DISKDRIVE get Caption &amp; Get-WmiObject win32_bios</Data>
      <Data Name=""ParentUser"">WINDEV2309EVAL\User</Data>
    </EventData>
    <RenderingInfo Culture=""en-US"">
      <Message>Process Create:

RuleName: -

UtcTime: 2023-12-27 20:22:03.033

ProcessGuid: {f57bd86a-876b-658c-3403-000000000f00}

ProcessId: 10528

Image: C:\Windows\System32\wbem\WMIC.exe

FileVersion: 10.0.22621.2792 (WinBuild.160101.0800)

Description: WMI Commandline Utility

Product: Microsoft&#174; Windows&#174; Operating System

Company: Microsoft Corporation

OriginalFileName: wmic.exe

CommandLine: wmic  baseboard get product 

CurrentDirectory: C:\Users\User\AppData\Local\Temp\

User: WINDEV2309EVAL\User

LogonGuid: {f57bd86a-36f9-658c-7bf8-020000000000}

LogonId: 0x2F87B

TerminalSessionId: 1

IntegrityLevel: Medium

Hashes: MD5=B2ACB4DE13896683796A6B6635C40A15,SHA256=FBCDF1DB7D385AE5556F76D1F388F6E7AF08A545C0D797C4B3CD2F0CC739A9AE,IMPHASH=43C6BE584D77B658A53A9A5C606724DD

ParentProcessGuid: {f57bd86a-876a-658c-3003-000000000f00}

ParentProcessId: 5684

ParentImage: C:\Windows\System32\cmd.exe

ParentCommandLine: ""cmd.exe"" /c wmic cpu get name &amp; wmic MEMPHYSICAL get MaxCapacity &amp; wmic baseboard get product &amp; wmic baseboard get version &amp; wmic bios get SMBIOSBIOSVersion &amp; wmic path win32_VideoController get name &amp; wmic path win32_VideoController get DriverVersion &amp; wmic path win32_VideoController get VideoModeDescription &amp; wmic OS get Caption,OSArchitecture,Version &amp; wmic DISKDRIVE get Caption &amp; Get-WmiObject win32_bios

ParentUser: WINDEV2309EVAL\User</Message>
      <Level>Information</Level>
      <Task>Process Create (rule: ProcessCreate)</Task>
      <Opcode>Info</Opcode>
    </RenderingInfo>
  </Event>
  
"
Microsoft-Windows-Sysmon/Operational,wmic  MEMPHYSICAL get MaxCapacity ,Microsoft Corporation,WinDev2309Eval,,C:\Users\User\AppData\Local\Temp\,WMI Commandline Utility,,,,,,,1,19968,,10.0.22621.2792 (WinBuild.160101.0800),"MD5=B2ACB4DE13896683796A6B6635C40A15,SHA256=FBCDF1DB7D385AE5556F76D1F388F6E7AF08A545C0D797C4B3CD2F0CC739A9AE,IMPHASH=43C6BE584D77B658A53A9A5C606724DD",C:\Windows\System32\wbem\WMIC.exe,,Medium,0x8000000000000000,Information,{f57bd86a-36f9-658c-7bf8-020000000000},0x2f87b,"Process Create:

RuleName: -

UtcTime: 2023-12-27 20:22:02.958

ProcessGuid: {f57bd86a-876a-658c-3303-000000000f00}

ProcessId: 10748

Image: C:\Windows\System32\wbem\WMIC.exe

FileVersion: 10.0.22621.2792 (WinBuild.160101.0800)

Description: WMI Commandline Utility

Product: Microsoft® Windows® Operating System

Company: Microsoft Corporation

OriginalFileName: wmic.exe

CommandLine: wmic  MEMPHYSICAL get MaxCapacity 

CurrentDirectory: C:\Users\User\AppData\Local\Temp\

User: WINDEV2309EVAL\User

LogonGuid: {f57bd86a-36f9-658c-7bf8-020000000000}

LogonId: 0x2F87B

TerminalSessionId: 1

IntegrityLevel: Medium

Hashes: MD5=B2ACB4DE13896683796A6B6635C40A15,SHA256=FBCDF1DB7D385AE5556F76D1F388F6E7AF08A545C0D797C4B3CD2F0CC739A9AE,IMPHASH=43C6BE584D77B658A53A9A5C606724DD

ParentProcessGuid: {f57bd86a-876a-658c-3003-000000000f00}

ParentProcessId: 5684

ParentImage: C:\Windows\System32\cmd.exe

ParentCommandLine: ""cmd.exe"" /c wmic cpu get name & wmic MEMPHYSICAL get MaxCapacity & wmic baseboard get product & wmic baseboard get version & wmic bios get SMBIOSBIOSVersion & wmic path win32_VideoController get name & wmic path win32_VideoController get DriverVersion & wmic path win32_VideoController get VideoModeDescription & wmic OS get Caption,OSArchitecture,Version & wmic DISKDRIVE get Caption & Get-WmiObject win32_bios

ParentUser: WINDEV2309EVAL\User",Info,wmic.exe,"""cmd.exe"" /c wmic cpu get name & wmic MEMPHYSICAL get MaxCapacity & wmic baseboard get product & wmic baseboard get version & wmic bios get SMBIOSBIOSVersion & wmic path win32_VideoController get name & wmic path win32_VideoController get DriverVersion & wmic path win32_VideoController get VideoModeDescription & wmic OS get Caption,OSArchitecture,Version & wmic DISKDRIVE get Caption & Get-WmiObject win32_bios",C:\Windows\System32\cmd.exe,{f57bd86a-876a-658c-3003-000000000f00},5684,WINDEV2309EVAL\User,{f57bd86a-876a-658c-3303-000000000f00},3588,10748,Microsoft® Windows® Operating System,,,,,"
      ",-,,,,,,2023-12-27T20:22:02.9592615Z,,,Process Create (rule: ProcessCreate),1,5124,WINDEV2309EVAL\User,S-1-5-18,2023-12-27 20:22:02.958,5,"<Event xmlns=""http://schemas.microsoft.com/win/2004/08/events/event"">
    <System>
      <Provider Name=""Microsoft-Windows-Sysmon"" Guid=""{5770385f-c22a-43e0-bf4c-06f5698ffbd9}""/>
      <EventID>1</EventID>
      <Version>5</Version>
      <Level>4</Level>
      <Task>1</Task>
      <Opcode>0</Opcode>
      <Keywords>0x8000000000000000</Keywords>
      <TimeCreated SystemTime=""2023-12-27T20:22:02.9592615Z""/>
      <EventRecordID>19968</EventRecordID>
      <Correlation/>
      <Execution ProcessID=""3588"" ThreadID=""5124""/>
      <Channel>Microsoft-Windows-Sysmon/Operational</Channel>
      <Computer>WinDev2309Eval</Computer>
      <Security UserID=""S-1-5-18""/>
    </System>
    <EventData>
      <Data Name=""RuleName"">-</Data>
      <Data Name=""UtcTime"">2023-12-27 20:22:02.958</Data>
      <Data Name=""ProcessGuid"">{f57bd86a-876a-658c-3303-000000000f00}</Data>
      <Data Name=""ProcessId"">10748</Data>
      <Data Name=""Image"">C:\Windows\System32\wbem\WMIC.exe</Data>
      <Data Name=""FileVersion"">10.0.22621.2792 (WinBuild.160101.0800)</Data>
      <Data Name=""Description"">WMI Commandline Utility</Data>
      <Data Name=""Product"">Microsoft&#174; Windows&#174; Operating System</Data>
      <Data Name=""Company"">Microsoft Corporation</Data>
      <Data Name=""OriginalFileName"">wmic.exe</Data>
      <Data Name=""CommandLine"">wmic  MEMPHYSICAL get MaxCapacity </Data>
      <Data Name=""CurrentDirectory"">C:\Users\User\AppData\Local\Temp\</Data>
      <Data Name=""User"">WINDEV2309EVAL\User</Data>
      <Data Name=""LogonGuid"">{f57bd86a-36f9-658c-7bf8-020000000000}</Data>
      <Data Name=""LogonId"">0x2f87b</Data>
      <Data Name=""TerminalSessionId"">1</Data>
      <Data Name=""IntegrityLevel"">Medium</Data>
      <Data Name=""Hashes"">MD5=B2ACB4DE13896683796A6B6635C40A15,SHA256=FBCDF1DB7D385AE5556F76D1F388F6E7AF08A545C0D797C4B3CD2F0CC739A9AE,IMPHASH=43C6BE584D77B658A53A9A5C606724DD</Data>
      <Data Name=""ParentProcessGuid"">{f57bd86a-876a-658c-3003-000000000f00}</Data>
      <Data Name=""ParentProcessId"">5684</Data>
      <Data Name=""ParentImage"">C:\Windows\System32\cmd.exe</Data>
      <Data Name=""ParentCommandLine"">""cmd.exe"" /c wmic cpu get name &amp; wmic MEMPHYSICAL get MaxCapacity &amp; wmic baseboard get product &amp; wmic baseboard get version &amp; wmic bios get SMBIOSBIOSVersion &amp; wmic path win32_VideoController get name &amp; wmic path win32_VideoController get DriverVersion &amp; wmic path win32_VideoController get VideoModeDescription &amp; wmic OS get Caption,OSArchitecture,Version &amp; wmic DISKDRIVE get Caption &amp; Get-WmiObject win32_bios</Data>
      <Data Name=""ParentUser"">WINDEV2309EVAL\User</Data>
    </EventData>
    <RenderingInfo Culture=""en-US"">
      <Message>Process Create:

RuleName: -

UtcTime: 2023-12-27 20:22:02.958

ProcessGuid: {f57bd86a-876a-658c-3303-000000000f00}

ProcessId: 10748

Image: C:\Windows\System32\wbem\WMIC.exe

FileVersion: 10.0.22621.2792 (WinBuild.160101.0800)

Description: WMI Commandline Utility

Product: Microsoft&#174; Windows&#174; Operating System

Company: Microsoft Corporation

OriginalFileName: wmic.exe

CommandLine: wmic  MEMPHYSICAL get MaxCapacity 

CurrentDirectory: C:\Users\User\AppData\Local\Temp\

User: WINDEV2309EVAL\User

LogonGuid: {f57bd86a-36f9-658c-7bf8-020000000000}

LogonId: 0x2F87B

TerminalSessionId: 1

IntegrityLevel: Medium

Hashes: MD5=B2ACB4DE13896683796A6B6635C40A15,SHA256=FBCDF1DB7D385AE5556F76D1F388F6E7AF08A545C0D797C4B3CD2F0CC739A9AE,IMPHASH=43C6BE584D77B658A53A9A5C606724DD

ParentProcessGuid: {f57bd86a-876a-658c-3003-000000000f00}

ParentProcessId: 5684

ParentImage: C:\Windows\System32\cmd.exe

ParentCommandLine: ""cmd.exe"" /c wmic cpu get name &amp; wmic MEMPHYSICAL get MaxCapacity &amp; wmic baseboard get product &amp; wmic baseboard get version &amp; wmic bios get SMBIOSBIOSVersion &amp; wmic path win32_VideoController get name &amp; wmic path win32_VideoController get DriverVersion &amp; wmic path win32_VideoController get VideoModeDescription &amp; wmic OS get Caption,OSArchitecture,Version &amp; wmic DISKDRIVE get Caption &amp; Get-WmiObject win32_bios

ParentUser: WINDEV2309EVAL\User</Message>
      <Level>Information</Level>
      <Task>Process Create (rule: ProcessCreate)</Task>
      <Opcode>Info</Opcode>
    </RenderingInfo>
  </Event>
  
"
Microsoft-Windows-Sysmon/Operational,wmic  cpu get name ,Microsoft Corporation,WinDev2309Eval,,C:\Users\User\AppData\Local\Temp\,WMI Commandline Utility,,,,,,,1,19967,,10.0.22621.2792 (WinBuild.160101.0800),"MD5=B2ACB4DE13896683796A6B6635C40A15,SHA256=FBCDF1DB7D385AE5556F76D1F388F6E7AF08A545C0D797C4B3CD2F0CC739A9AE,IMPHASH=43C6BE584D77B658A53A9A5C606724DD",C:\Windows\System32\wbem\WMIC.exe,,Medium,0x8000000000000000,Information,{f57bd86a-36f9-658c-7bf8-020000000000},0x2f87b,"Process Create:

RuleName: -

UtcTime: 2023-12-27 20:22:02.857

ProcessGuid: {f57bd86a-876a-658c-3203-000000000f00}

ProcessId: 8060

Image: C:\Windows\System32\wbem\WMIC.exe

FileVersion: 10.0.22621.2792 (WinBuild.160101.0800)

Description: WMI Commandline Utility

Product: Microsoft® Windows® Operating System

Company: Microsoft Corporation

OriginalFileName: wmic.exe

CommandLine: wmic  cpu get name 

CurrentDirectory: C:\Users\User\AppData\Local\Temp\

User: WINDEV2309EVAL\User

LogonGuid: {f57bd86a-36f9-658c-7bf8-020000000000}

LogonId: 0x2F87B

TerminalSessionId: 1

IntegrityLevel: Medium

Hashes: MD5=B2ACB4DE13896683796A6B6635C40A15,SHA256=FBCDF1DB7D385AE5556F76D1F388F6E7AF08A545C0D797C4B3CD2F0CC739A9AE,IMPHASH=43C6BE584D77B658A53A9A5C606724DD

ParentProcessGuid: {f57bd86a-876a-658c-3003-000000000f00}

ParentProcessId: 5684

ParentImage: C:\Windows\System32\cmd.exe

ParentCommandLine: ""cmd.exe"" /c wmic cpu get name & wmic MEMPHYSICAL get MaxCapacity & wmic baseboard get product & wmic baseboard get version & wmic bios get SMBIOSBIOSVersion & wmic path win32_VideoController get name & wmic path win32_VideoController get DriverVersion & wmic path win32_VideoController get VideoModeDescription & wmic OS get Caption,OSArchitecture,Version & wmic DISKDRIVE get Caption & Get-WmiObject win32_bios

ParentUser: WINDEV2309EVAL\User",Info,wmic.exe,"""cmd.exe"" /c wmic cpu get name & wmic MEMPHYSICAL get MaxCapacity & wmic baseboard get product & wmic baseboard get version & wmic bios get SMBIOSBIOSVersion & wmic path win32_VideoController get name & wmic path win32_VideoController get DriverVersion & wmic path win32_VideoController get VideoModeDescription & wmic OS get Caption,OSArchitecture,Version & wmic DISKDRIVE get Caption & Get-WmiObject win32_bios",C:\Windows\System32\cmd.exe,{f57bd86a-876a-658c-3003-000000000f00},5684,WINDEV2309EVAL\User,{f57bd86a-876a-658c-3203-000000000f00},3588,8060,Microsoft® Windows® Operating System,,,,,"
      ",-,,,,,,2023-12-27T20:22:02.8580668Z,,,Process Create (rule: ProcessCreate),1,5124,WINDEV2309EVAL\User,S-1-5-18,2023-12-27 20:22:02.857,5,"<Event xmlns=""http://schemas.microsoft.com/win/2004/08/events/event"">
    <System>
      <Provider Name=""Microsoft-Windows-Sysmon"" Guid=""{5770385f-c22a-43e0-bf4c-06f5698ffbd9}""/>
      <EventID>1</EventID>
      <Version>5</Version>
      <Level>4</Level>
      <Task>1</Task>
      <Opcode>0</Opcode>
      <Keywords>0x8000000000000000</Keywords>
      <TimeCreated SystemTime=""2023-12-27T20:22:02.8580668Z""/>
      <EventRecordID>19967</EventRecordID>
      <Correlation/>
      <Execution ProcessID=""3588"" ThreadID=""5124""/>
      <Channel>Microsoft-Windows-Sysmon/Operational</Channel>
      <Computer>WinDev2309Eval</Computer>
      <Security UserID=""S-1-5-18""/>
    </System>
    <EventData>
      <Data Name=""RuleName"">-</Data>
      <Data Name=""UtcTime"">2023-12-27 20:22:02.857</Data>
      <Data Name=""ProcessGuid"">{f57bd86a-876a-658c-3203-000000000f00}</Data>
      <Data Name=""ProcessId"">8060</Data>
      <Data Name=""Image"">C:\Windows\System32\wbem\WMIC.exe</Data>
      <Data Name=""FileVersion"">10.0.22621.2792 (WinBuild.160101.0800)</Data>
      <Data Name=""Description"">WMI Commandline Utility</Data>
      <Data Name=""Product"">Microsoft&#174; Windows&#174; Operating System</Data>
      <Data Name=""Company"">Microsoft Corporation</Data>
      <Data Name=""OriginalFileName"">wmic.exe</Data>
      <Data Name=""CommandLine"">wmic  cpu get name </Data>
      <Data Name=""CurrentDirectory"">C:\Users\User\AppData\Local\Temp\</Data>
      <Data Name=""User"">WINDEV2309EVAL\User</Data>
      <Data Name=""LogonGuid"">{f57bd86a-36f9-658c-7bf8-020000000000}</Data>
      <Data Name=""LogonId"">0x2f87b</Data>
      <Data Name=""TerminalSessionId"">1</Data>
      <Data Name=""IntegrityLevel"">Medium</Data>
      <Data Name=""Hashes"">MD5=B2ACB4DE13896683796A6B6635C40A15,SHA256=FBCDF1DB7D385AE5556F76D1F388F6E7AF08A545C0D797C4B3CD2F0CC739A9AE,IMPHASH=43C6BE584D77B658A53A9A5C606724DD</Data>
      <Data Name=""ParentProcessGuid"">{f57bd86a-876a-658c-3003-000000000f00}</Data>
      <Data Name=""ParentProcessId"">5684</Data>
      <Data Name=""ParentImage"">C:\Windows\System32\cmd.exe</Data>
      <Data Name=""ParentCommandLine"">""cmd.exe"" /c wmic cpu get name &amp; wmic MEMPHYSICAL get MaxCapacity &amp; wmic baseboard get product &amp; wmic baseboard get version &amp; wmic bios get SMBIOSBIOSVersion &amp; wmic path win32_VideoController get name &amp; wmic path win32_VideoController get DriverVersion &amp; wmic path win32_VideoController get VideoModeDescription &amp; wmic OS get Caption,OSArchitecture,Version &amp; wmic DISKDRIVE get Caption &amp; Get-WmiObject win32_bios</Data>
      <Data Name=""ParentUser"">WINDEV2309EVAL\User</Data>
    </EventData>
    <RenderingInfo Culture=""en-US"">
      <Message>Process Create:

RuleName: -

UtcTime: 2023-12-27 20:22:02.857

ProcessGuid: {f57bd86a-876a-658c-3203-000000000f00}

ProcessId: 8060

Image: C:\Windows\System32\wbem\WMIC.exe

FileVersion: 10.0.22621.2792 (WinBuild.160101.0800)

Description: WMI Commandline Utility

Product: Microsoft&#174; Windows&#174; Operating System

Company: Microsoft Corporation

OriginalFileName: wmic.exe

CommandLine: wmic  cpu get name 

CurrentDirectory: C:\Users\User\AppData\Local\Temp\

User: WINDEV2309EVAL\User

LogonGuid: {f57bd86a-36f9-658c-7bf8-020000000000}

LogonId: 0x2F87B

TerminalSessionId: 1

IntegrityLevel: Medium

Hashes: MD5=B2ACB4DE13896683796A6B6635C40A15,SHA256=FBCDF1DB7D385AE5556F76D1F388F6E7AF08A545C0D797C4B3CD2F0CC739A9AE,IMPHASH=43C6BE584D77B658A53A9A5C606724DD

ParentProcessGuid: {f57bd86a-876a-658c-3003-000000000f00}

ParentProcessId: 5684

ParentImage: C:\Windows\System32\cmd.exe

ParentCommandLine: ""cmd.exe"" /c wmic cpu get name &amp; wmic MEMPHYSICAL get MaxCapacity &amp; wmic baseboard get product &amp; wmic baseboard get version &amp; wmic bios get SMBIOSBIOSVersion &amp; wmic path win32_VideoController get name &amp; wmic path win32_VideoController get DriverVersion &amp; wmic path win32_VideoController get VideoModeDescription &amp; wmic OS get Caption,OSArchitecture,Version &amp; wmic DISKDRIVE get Caption &amp; Get-WmiObject win32_bios

ParentUser: WINDEV2309EVAL\User</Message>
      <Level>Information</Level>
      <Task>Process Create (rule: ProcessCreate)</Task>
      <Opcode>Info</Opcode>
    </RenderingInfo>
  </Event>
  
"
Microsoft-Windows-Sysmon/Operational,"""cmd.exe"" /c wmic cpu get name & wmic MEMPHYSICAL get MaxCapacity & wmic baseboard get product & wmic baseboard get version & wmic bios get SMBIOSBIOSVersion & wmic path win32_VideoController get name & wmic path win32_VideoController get DriverVersion & wmic path win32_VideoController get VideoModeDescription & wmic OS get Caption,OSArchitecture,Version & wmic DISKDRIVE get Caption & Get-WmiObject win32_bios",Microsoft Corporation,WinDev2309Eval,,C:\Users\User\AppData\Local\Temp\,Windows Command Processor,,,,,,,1,19966,,10.0.22621.2506 (WinBuild.160101.0800),"MD5=133D568ECCB557E37BEA1459521CBAC2,SHA256=05A30592D2C3421C41121145C6EEFA7C81FEA6B42D6233A522240A8468326B9C,IMPHASH=D73E39DAB3C8B57AA408073D01254964",C:\Windows\System32\cmd.exe,,Medium,0x8000000000000000,Information,{f57bd86a-36f9-658c-7bf8-020000000000},0x2f87b,"Process Create:

RuleName: -

UtcTime: 2023-12-27 20:22:02.831

ProcessGuid: {f57bd86a-876a-658c-3003-000000000f00}

ProcessId: 5684

Image: C:\Windows\System32\cmd.exe

FileVersion: 10.0.22621.2506 (WinBuild.160101.0800)

Description: Windows Command Processor

Product: Microsoft® Windows® Operating System

Company: Microsoft Corporation

OriginalFileName: Cmd.Exe

CommandLine: ""cmd.exe"" /c wmic cpu get name & wmic MEMPHYSICAL get MaxCapacity & wmic baseboard get product & wmic baseboard get version & wmic bios get SMBIOSBIOSVersion & wmic path win32_VideoController get name & wmic path win32_VideoController get DriverVersion & wmic path win32_VideoController get VideoModeDescription & wmic OS get Caption,OSArchitecture,Version & wmic DISKDRIVE get Caption & Get-WmiObject win32_bios

CurrentDirectory: C:\Users\User\AppData\Local\Temp\

User: WINDEV2309EVAL\User

LogonGuid: {f57bd86a-36f9-658c-7bf8-020000000000}

LogonId: 0x2F87B

TerminalSessionId: 1

IntegrityLevel: Medium

Hashes: MD5=133D568ECCB557E37BEA1459521CBAC2,SHA256=05A30592D2C3421C41121145C6EEFA7C81FEA6B42D6233A522240A8468326B9C,IMPHASH=D73E39DAB3C8B57AA408073D01254964

ParentProcessGuid: {00000000-0000-0000-0000-000000000000}

ParentProcessId: 1688

ParentImage: -

ParentCommandLine: -

ParentUser: -",Info,Cmd.Exe,-,-,{00000000-0000-0000-0000-000000000000},1688,-,{f57bd86a-876a-658c-3003-000000000f00},3588,5684,Microsoft® Windows® Operating System,,,,,"
      ",-,,,,,,2023-12-27T20:22:02.8327988Z,,,Process Create (rule: ProcessCreate),1,5124,WINDEV2309EVAL\User,S-1-5-18,2023-12-27 20:22:02.831,5,"<Event xmlns=""http://schemas.microsoft.com/win/2004/08/events/event"">
    <System>
      <Provider Name=""Microsoft-Windows-Sysmon"" Guid=""{5770385f-c22a-43e0-bf4c-06f5698ffbd9}""/>
      <EventID>1</EventID>
      <Version>5</Version>
      <Level>4</Level>
      <Task>1</Task>
      <Opcode>0</Opcode>
      <Keywords>0x8000000000000000</Keywords>
      <TimeCreated SystemTime=""2023-12-27T20:22:02.8327988Z""/>
      <EventRecordID>19966</EventRecordID>
      <Correlation/>
      <Execution ProcessID=""3588"" ThreadID=""5124""/>
      <Channel>Microsoft-Windows-Sysmon/Operational</Channel>
      <Computer>WinDev2309Eval</Computer>
      <Security UserID=""S-1-5-18""/>
    </System>
    <EventData>
      <Data Name=""RuleName"">-</Data>
      <Data Name=""UtcTime"">2023-12-27 20:22:02.831</Data>
      <Data Name=""ProcessGuid"">{f57bd86a-876a-658c-3003-000000000f00}</Data>
      <Data Name=""ProcessId"">5684</Data>
      <Data Name=""Image"">C:\Windows\System32\cmd.exe</Data>
      <Data Name=""FileVersion"">10.0.22621.2506 (WinBuild.160101.0800)</Data>
      <Data Name=""Description"">Windows Command Processor</Data>
      <Data Name=""Product"">Microsoft&#174; Windows&#174; Operating System</Data>
      <Data Name=""Company"">Microsoft Corporation</Data>
      <Data Name=""OriginalFileName"">Cmd.Exe</Data>
      <Data Name=""CommandLine"">""cmd.exe"" /c wmic cpu get name &amp; wmic MEMPHYSICAL get MaxCapacity &amp; wmic baseboard get product &amp; wmic baseboard get version &amp; wmic bios get SMBIOSBIOSVersion &amp; wmic path win32_VideoController get name &amp; wmic path win32_VideoController get DriverVersion &amp; wmic path win32_VideoController get VideoModeDescription &amp; wmic OS get Caption,OSArchitecture,Version &amp; wmic DISKDRIVE get Caption &amp; Get-WmiObject win32_bios</Data>
      <Data Name=""CurrentDirectory"">C:\Users\User\AppData\Local\Temp\</Data>
      <Data Name=""User"">WINDEV2309EVAL\User</Data>
      <Data Name=""LogonGuid"">{f57bd86a-36f9-658c-7bf8-020000000000}</Data>
      <Data Name=""LogonId"">0x2f87b</Data>
      <Data Name=""TerminalSessionId"">1</Data>
      <Data Name=""IntegrityLevel"">Medium</Data>
      <Data Name=""Hashes"">MD5=133D568ECCB557E37BEA1459521CBAC2,SHA256=05A30592D2C3421C41121145C6EEFA7C81FEA6B42D6233A522240A8468326B9C,IMPHASH=D73E39DAB3C8B57AA408073D01254964</Data>
      <Data Name=""ParentProcessGuid"">{00000000-0000-0000-0000-000000000000}</Data>
      <Data Name=""ParentProcessId"">1688</Data>
      <Data Name=""ParentImage"">-</Data>
      <Data Name=""ParentCommandLine"">-</Data>
      <Data Name=""ParentUser"">-</Data>
    </EventData>
    <RenderingInfo Culture=""en-US"">
      <Message>Process Create:

RuleName: -

UtcTime: 2023-12-27 20:22:02.831

ProcessGuid: {f57bd86a-876a-658c-3003-000000000f00}

ProcessId: 5684

Image: C:\Windows\System32\cmd.exe

FileVersion: 10.0.22621.2506 (WinBuild.160101.0800)

Description: Windows Command Processor

Product: Microsoft&#174; Windows&#174; Operating System

Company: Microsoft Corporation

OriginalFileName: Cmd.Exe

CommandLine: ""cmd.exe"" /c wmic cpu get name &amp; wmic MEMPHYSICAL get MaxCapacity &amp; wmic baseboard get product &amp; wmic baseboard get version &amp; wmic bios get SMBIOSBIOSVersion &amp; wmic path win32_VideoController get name &amp; wmic path win32_VideoController get DriverVersion &amp; wmic path win32_VideoController get VideoModeDescription &amp; wmic OS get Caption,OSArchitecture,Version &amp; wmic DISKDRIVE get Caption &amp; Get-WmiObject win32_bios

CurrentDirectory: C:\Users\User\AppData\Local\Temp\

User: WINDEV2309EVAL\User

LogonGuid: {f57bd86a-36f9-658c-7bf8-020000000000}

LogonId: 0x2F87B

TerminalSessionId: 1

IntegrityLevel: Medium

Hashes: MD5=133D568ECCB557E37BEA1459521CBAC2,SHA256=05A30592D2C3421C41121145C6EEFA7C81FEA6B42D6233A522240A8468326B9C,IMPHASH=D73E39DAB3C8B57AA408073D01254964

ParentProcessGuid: {00000000-0000-0000-0000-000000000000}

ParentProcessId: 1688

ParentImage: -

ParentCommandLine: -

ParentUser: -</Message>
      <Level>Information</Level>
      <Task>Process Create (rule: ProcessCreate)</Task>
      <Opcode>Info</Opcode>
    </RenderingInfo>
  </Event>
  
"
Microsoft-Windows-Sysmon/Operational,,,WinDev2309Eval,2023-12-27 20:22:01.285,,,,,,,,,11,19965,,,,C:\Windows\System32\WindowsPowerShell\v1.0\powershell.exe,,,0x8000000000000000,Information,,,"File created:

RuleName: -

UtcTime: 2023-12-27 20:22:01.285

ProcessGuid: {f57bd86a-8769-658c-2e03-000000000f00}

ProcessId: 4708

Image: C:\Windows\System32\WindowsPowerShell\v1.0\powershell.exe

TargetFilename: C:\Users\User\AppData\Local\Temp\__PSScriptPolicyTest_igjaiu1n.3xg.ps1

CreationUtcTime: 2023-12-27 20:22:01.285

User: WINDEV2309EVAL\User",Info,,,,,,,{f57bd86a-8769-658c-2e03-000000000f00},3588,4708,,,,,,"
      ",-,,,,,,2023-12-27T20:22:01.2886712Z,C:\Users\User\AppData\Local\Temp\__PSScriptPolicyTest_igjaiu1n.3xg.ps1,,File created (rule: FileCreate),,5124,WINDEV2309EVAL\User,S-1-5-18,2023-12-27 20:22:01.285,2,"<Event xmlns=""http://schemas.microsoft.com/win/2004/08/events/event"">
    <System>
      <Provider Name=""Microsoft-Windows-Sysmon"" Guid=""{5770385f-c22a-43e0-bf4c-06f5698ffbd9}""/>
      <EventID>11</EventID>
      <Version>2</Version>
      <Level>4</Level>
      <Task>11</Task>
      <Opcode>0</Opcode>
      <Keywords>0x8000000000000000</Keywords>
      <TimeCreated SystemTime=""2023-12-27T20:22:01.2886712Z""/>
      <EventRecordID>19965</EventRecordID>
      <Correlation/>
      <Execution ProcessID=""3588"" ThreadID=""5124""/>
      <Channel>Microsoft-Windows-Sysmon/Operational</Channel>
      <Computer>WinDev2309Eval</Computer>
      <Security UserID=""S-1-5-18""/>
    </System>
    <EventData>
      <Data Name=""RuleName"">-</Data>
      <Data Name=""UtcTime"">2023-12-27 20:22:01.285</Data>
      <Data Name=""ProcessGuid"">{f57bd86a-8769-658c-2e03-000000000f00}</Data>
      <Data Name=""ProcessId"">4708</Data>
      <Data Name=""Image"">C:\Windows\System32\WindowsPowerShell\v1.0\powershell.exe</Data>
      <Data Name=""TargetFilename"">C:\Users\User\AppData\Local\Temp\__PSScriptPolicyTest_igjaiu1n.3xg.ps1</Data>
      <Data Name=""CreationUtcTime"">2023-12-27 20:22:01.285</Data>
      <Data Name=""User"">WINDEV2309EVAL\User</Data>
    </EventData>
    <RenderingInfo Culture=""en-US"">
      <Message>File created:

RuleName: -

UtcTime: 2023-12-27 20:22:01.285

ProcessGuid: {f57bd86a-8769-658c-2e03-000000000f00}

ProcessId: 4708

Image: C:\Windows\System32\WindowsPowerShell\v1.0\powershell.exe

TargetFilename: C:\Users\User\AppData\Local\Temp\__PSScriptPolicyTest_igjaiu1n.3xg.ps1

CreationUtcTime: 2023-12-27 20:22:01.285

User: WINDEV2309EVAL\User</Message>
      <Level>Information</Level>
      <Task>File created (rule: FileCreate)</Task>
      <Opcode>Info</Opcode>
    </RenderingInfo>
  </Event>
  
"
Microsoft-Windows-Sysmon/Operational,"""powershell.exe"" & {Import-Module \""""C:\AtomicRedTeam\atomics\..\ExternalPayloads\AzureStealth.ps1\"""" -force      
$Password = ConvertTo-SecureString -String \""""T1082Az\"""" -AsPlainText -Force
$Credential = New-Object -TypeName System.Management.Automation.PSCredential -ArgumentList \""""\"""", $Password
Connect-AzAccount -Credential $Credential
Connect-AzureAD -Credential $Credential
Scan-AzureAdmins -UseCurrentCred}",Microsoft Corporation,WinDev2309Eval,,C:\Users\User\AppData\Local\Temp\,Windows PowerShell,,,,,,,1,19964,,10.0.22621.2506 (WinBuild.160101.0800),"MD5=2D1D70C92A419D9079B047954C611886,SHA256=C50057756CDB25D481CF2502ABCEF124F864C27618C5057468BFC6B82B2C4EDD,IMPHASH=E09C4F82A1DA13A09F4FF2E625FEBA20",C:\Windows\System32\WindowsPowerShell\v1.0\powershell.exe,,Medium,0x8000000000000000,Information,{f57bd86a-36f9-658c-7bf8-020000000000},0x2f87b,"Process Create:

RuleName: -

UtcTime: 2023-12-27 20:22:01.181

ProcessGuid: {f57bd86a-8769-658c-2e03-000000000f00}

ProcessId: 4708

Image: C:\Windows\System32\WindowsPowerShell\v1.0\powershell.exe

FileVersion: 10.0.22621.2506 (WinBuild.160101.0800)

Description: Windows PowerShell

Product: Microsoft® Windows® Operating System

Company: Microsoft Corporation

OriginalFileName: PowerShell.EXE

CommandLine: ""powershell.exe"" & {Import-Module \""""C:\AtomicRedTeam\atomics\..\ExternalPayloads\AzureStealth.ps1\"""" -force      
$Password = ConvertTo-SecureString -String \""""T1082Az\"""" -AsPlainText -Force
$Credential = New-Object -TypeName System.Management.Automation.PSCredential -ArgumentList \""""\"""", $Password
Connect-AzAccount -Credential $Credential
Connect-AzureAD -Credential $Credential
Scan-AzureAdmins -UseCurrentCred}

CurrentDirectory: C:\Users\User\AppData\Local\Temp\

User: WINDEV2309EVAL\User

LogonGuid: {f57bd86a-36f9-658c-7bf8-020000000000}

LogonId: 0x2F87B

TerminalSessionId: 1

IntegrityLevel: Medium

Hashes: MD5=2D1D70C92A419D9079B047954C611886,SHA256=C50057756CDB25D481CF2502ABCEF124F864C27618C5057468BFC6B82B2C4EDD,IMPHASH=E09C4F82A1DA13A09F4FF2E625FEBA20

ParentProcessGuid: {00000000-0000-0000-0000-000000000000}

ParentProcessId: 1688

ParentImage: -

ParentCommandLine: -

ParentUser: -",Info,PowerShell.EXE,-,-,{00000000-0000-0000-0000-000000000000},1688,-,{f57bd86a-8769-658c-2e03-000000000f00},3588,4708,Microsoft® Windows® Operating System,,,,,"
      ",-,,,,,,2023-12-27T20:22:01.1827653Z,,,Process Create (rule: ProcessCreate),1,5124,WINDEV2309EVAL\User,S-1-5-18,2023-12-27 20:22:01.181,5,"<Event xmlns=""http://schemas.microsoft.com/win/2004/08/events/event"">
    <System>
      <Provider Name=""Microsoft-Windows-Sysmon"" Guid=""{5770385f-c22a-43e0-bf4c-06f5698ffbd9}""/>
      <EventID>1</EventID>
      <Version>5</Version>
      <Level>4</Level>
      <Task>1</Task>
      <Opcode>0</Opcode>
      <Keywords>0x8000000000000000</Keywords>
      <TimeCreated SystemTime=""2023-12-27T20:22:01.1827653Z""/>
      <EventRecordID>19964</EventRecordID>
      <Correlation/>
      <Execution ProcessID=""3588"" ThreadID=""5124""/>
      <Channel>Microsoft-Windows-Sysmon/Operational</Channel>
      <Computer>WinDev2309Eval</Computer>
      <Security UserID=""S-1-5-18""/>
    </System>
    <EventData>
      <Data Name=""RuleName"">-</Data>
      <Data Name=""UtcTime"">2023-12-27 20:22:01.181</Data>
      <Data Name=""ProcessGuid"">{f57bd86a-8769-658c-2e03-000000000f00}</Data>
      <Data Name=""ProcessId"">4708</Data>
      <Data Name=""Image"">C:\Windows\System32\WindowsPowerShell\v1.0\powershell.exe</Data>
      <Data Name=""FileVersion"">10.0.22621.2506 (WinBuild.160101.0800)</Data>
      <Data Name=""Description"">Windows PowerShell</Data>
      <Data Name=""Product"">Microsoft&#174; Windows&#174; Operating System</Data>
      <Data Name=""Company"">Microsoft Corporation</Data>
      <Data Name=""OriginalFileName"">PowerShell.EXE</Data>
      <Data Name=""CommandLine"">""powershell.exe"" &amp; {Import-Module \""""C:\AtomicRedTeam\atomics\..\ExternalPayloads\AzureStealth.ps1\"""" -force      
$Password = ConvertTo-SecureString -String \""""T1082Az\"""" -AsPlainText -Force
$Credential = New-Object -TypeName System.Management.Automation.PSCredential -ArgumentList \""""\"""", $Password
Connect-AzAccount -Credential $Credential
Connect-AzureAD -Credential $Credential
Scan-AzureAdmins -UseCurrentCred}</Data>
      <Data Name=""CurrentDirectory"">C:\Users\User\AppData\Local\Temp\</Data>
      <Data Name=""User"">WINDEV2309EVAL\User</Data>
      <Data Name=""LogonGuid"">{f57bd86a-36f9-658c-7bf8-020000000000}</Data>
      <Data Name=""LogonId"">0x2f87b</Data>
      <Data Name=""TerminalSessionId"">1</Data>
      <Data Name=""IntegrityLevel"">Medium</Data>
      <Data Name=""Hashes"">MD5=2D1D70C92A419D9079B047954C611886,SHA256=C50057756CDB25D481CF2502ABCEF124F864C27618C5057468BFC6B82B2C4EDD,IMPHASH=E09C4F82A1DA13A09F4FF2E625FEBA20</Data>
      <Data Name=""ParentProcessGuid"">{00000000-0000-0000-0000-000000000000}</Data>
      <Data Name=""ParentProcessId"">1688</Data>
      <Data Name=""ParentImage"">-</Data>
      <Data Name=""ParentCommandLine"">-</Data>
      <Data Name=""ParentUser"">-</Data>
    </EventData>
    <RenderingInfo Culture=""en-US"">
      <Message>Process Create:

RuleName: -

UtcTime: 2023-12-27 20:22:01.181

ProcessGuid: {f57bd86a-8769-658c-2e03-000000000f00}

ProcessId: 4708

Image: C:\Windows\System32\WindowsPowerShell\v1.0\powershell.exe

FileVersion: 10.0.22621.2506 (WinBuild.160101.0800)

Description: Windows PowerShell

Product: Microsoft&#174; Windows&#174; Operating System

Company: Microsoft Corporation

OriginalFileName: PowerShell.EXE

CommandLine: ""powershell.exe"" &amp; {Import-Module \""""C:\AtomicRedTeam\atomics\..\ExternalPayloads\AzureStealth.ps1\"""" -force      
$Password = ConvertTo-SecureString -String \""""T1082Az\"""" -AsPlainText -Force
$Credential = New-Object -TypeName System.Management.Automation.PSCredential -ArgumentList \""""\"""", $Password
Connect-AzAccount -Credential $Credential
Connect-AzureAD -Credential $Credential
Scan-AzureAdmins -UseCurrentCred}

CurrentDirectory: C:\Users\User\AppData\Local\Temp\

User: WINDEV2309EVAL\User

LogonGuid: {f57bd86a-36f9-658c-7bf8-020000000000}

LogonId: 0x2F87B

TerminalSessionId: 1

IntegrityLevel: Medium

Hashes: MD5=2D1D70C92A419D9079B047954C611886,SHA256=C50057756CDB25D481CF2502ABCEF124F864C27618C5057468BFC6B82B2C4EDD,IMPHASH=E09C4F82A1DA13A09F4FF2E625FEBA20

ParentProcessGuid: {00000000-0000-0000-0000-000000000000}

ParentProcessId: 1688

ParentImage: -

ParentCommandLine: -

ParentUser: -</Message>
      <Level>Information</Level>
      <Task>Process Create (rule: ProcessCreate)</Task>
      <Opcode>Info</Opcode>
    </RenderingInfo>
  </Event>
  
"
Microsoft-Windows-Sysmon/Operational,,,WinDev2309Eval,,,,,,,,,,5,19963,,,,C:\Users\User\AppData\Local\Microsoft\OneDrive\23.246.1127.0002\Microsoft.SharePoint.exe,,,0x8000000000000000,Information,,,"Process terminated:

RuleName: -

UtcTime: 2023-12-27 20:21:34.548

ProcessGuid: {f57bd86a-49f7-658c-a101-000000000f00}

ProcessId: 760

Image: C:\Users\User\AppData\Local\Microsoft\OneDrive\23.246.1127.0002\Microsoft.SharePoint.exe

User: WINDEV2309EVAL\User",Info,,,,,,,{f57bd86a-49f7-658c-a101-000000000f00},3588,760,,,,,,"
      ",-,,,,,,2023-12-27T20:21:34.5588508Z,,,Process terminated (rule: ProcessTerminate),,5124,WINDEV2309EVAL\User,S-1-5-18,2023-12-27 20:21:34.548,3,"<Event xmlns=""http://schemas.microsoft.com/win/2004/08/events/event"">
    <System>
      <Provider Name=""Microsoft-Windows-Sysmon"" Guid=""{5770385f-c22a-43e0-bf4c-06f5698ffbd9}""/>
      <EventID>5</EventID>
      <Version>3</Version>
      <Level>4</Level>
      <Task>5</Task>
      <Opcode>0</Opcode>
      <Keywords>0x8000000000000000</Keywords>
      <TimeCreated SystemTime=""2023-12-27T20:21:34.5588508Z""/>
      <EventRecordID>19963</EventRecordID>
      <Correlation/>
      <Execution ProcessID=""3588"" ThreadID=""5124""/>
      <Channel>Microsoft-Windows-Sysmon/Operational</Channel>
      <Computer>WinDev2309Eval</Computer>
      <Security UserID=""S-1-5-18""/>
    </System>
    <EventData>
      <Data Name=""RuleName"">-</Data>
      <Data Name=""UtcTime"">2023-12-27 20:21:34.548</Data>
      <Data Name=""ProcessGuid"">{f57bd86a-49f7-658c-a101-000000000f00}</Data>
      <Data Name=""ProcessId"">760</Data>
      <Data Name=""Image"">C:\Users\User\AppData\Local\Microsoft\OneDrive\23.246.1127.0002\Microsoft.SharePoint.exe</Data>
      <Data Name=""User"">WINDEV2309EVAL\User</Data>
    </EventData>
    <RenderingInfo Culture=""en-US"">
      <Message>Process terminated:

RuleName: -

UtcTime: 2023-12-27 20:21:34.548

ProcessGuid: {f57bd86a-49f7-658c-a101-000000000f00}

ProcessId: 760

Image: C:\Users\User\AppData\Local\Microsoft\OneDrive\23.246.1127.0002\Microsoft.SharePoint.exe

User: WINDEV2309EVAL\User</Message>
      <Level>Information</Level>
      <Task>Process terminated (rule: ProcessTerminate)</Task>
      <Opcode>Info</Opcode>
    </RenderingInfo>
  </Event>
  
"
Microsoft-Windows-Sysmon/Operational,C:\Windows\system32\svchost.exe -k netsvcs -p -s gpsvc,Microsoft Corporation,WinDev2309Eval,,C:\Windows\system32\,Host Process for Windows Services,,,,,,,1,19962,,10.0.22621.1 (WinBuild.160101.0800),"MD5=8EC922C7A58A8701AB481B7BE9644536,SHA256=949BFB5B4C7D58D92F3F9C5F8EC7CA4CEAFFD10EC5F0020F0A987C472D61C54B,IMPHASH=76B4BAE80D2C3B08BB062D97BF9CA791",C:\Windows\System32\svchost.exe,,System,0x8000000000000000,Information,{f57bd86a-36f5-658c-e703-000000000000},0x3e7,"Process Create:

RuleName: -

UtcTime: 2023-12-27 20:21:19.025

ProcessGuid: {f57bd86a-873f-658c-2d03-000000000f00}

ProcessId: 340

Image: C:\Windows\System32\svchost.exe

FileVersion: 10.0.22621.1 (WinBuild.160101.0800)

Description: Host Process for Windows Services

Product: Microsoft® Windows® Operating System

Company: Microsoft Corporation

OriginalFileName: svchost.exe

CommandLine: C:\Windows\system32\svchost.exe -k netsvcs -p -s gpsvc

CurrentDirectory: C:\Windows\system32\

User: NT AUTHORITY\SYSTEM

LogonGuid: {f57bd86a-36f5-658c-e703-000000000000}

LogonId: 0x3E7

TerminalSessionId: 0

IntegrityLevel: System

Hashes: MD5=8EC922C7A58A8701AB481B7BE9644536,SHA256=949BFB5B4C7D58D92F3F9C5F8EC7CA4CEAFFD10EC5F0020F0A987C472D61C54B,IMPHASH=76B4BAE80D2C3B08BB062D97BF9CA791

ParentProcessGuid: {f57bd86a-36f5-658c-0b00-000000000f00}

ParentProcessId: 780

ParentImage: C:\Windows\System32\services.exe

ParentCommandLine: C:\Windows\system32\services.exe

ParentUser: NT AUTHORITY\SYSTEM",Info,svchost.exe,C:\Windows\system32\services.exe,C:\Windows\System32\services.exe,{f57bd86a-36f5-658c-0b00-000000000f00},780,NT AUTHORITY\SYSTEM,{f57bd86a-873f-658c-2d03-000000000f00},3588,340,Microsoft® Windows® Operating System,,,,,"
      ",-,,,,,,2023-12-27T20:21:19.0266834Z,,,Process Create (rule: ProcessCreate),0,5124,NT AUTHORITY\SYSTEM,S-1-5-18,2023-12-27 20:21:19.025,5,"<Event xmlns=""http://schemas.microsoft.com/win/2004/08/events/event"">
    <System>
      <Provider Name=""Microsoft-Windows-Sysmon"" Guid=""{5770385f-c22a-43e0-bf4c-06f5698ffbd9}""/>
      <EventID>1</EventID>
      <Version>5</Version>
      <Level>4</Level>
      <Task>1</Task>
      <Opcode>0</Opcode>
      <Keywords>0x8000000000000000</Keywords>
      <TimeCreated SystemTime=""2023-12-27T20:21:19.0266834Z""/>
      <EventRecordID>19962</EventRecordID>
      <Correlation/>
      <Execution ProcessID=""3588"" ThreadID=""5124""/>
      <Channel>Microsoft-Windows-Sysmon/Operational</Channel>
      <Computer>WinDev2309Eval</Computer>
      <Security UserID=""S-1-5-18""/>
    </System>
    <EventData>
      <Data Name=""RuleName"">-</Data>
      <Data Name=""UtcTime"">2023-12-27 20:21:19.025</Data>
      <Data Name=""ProcessGuid"">{f57bd86a-873f-658c-2d03-000000000f00}</Data>
      <Data Name=""ProcessId"">340</Data>
      <Data Name=""Image"">C:\Windows\System32\svchost.exe</Data>
      <Data Name=""FileVersion"">10.0.22621.1 (WinBuild.160101.0800)</Data>
      <Data Name=""Description"">Host Process for Windows Services</Data>
      <Data Name=""Product"">Microsoft&#174; Windows&#174; Operating System</Data>
      <Data Name=""Company"">Microsoft Corporation</Data>
      <Data Name=""OriginalFileName"">svchost.exe</Data>
      <Data Name=""CommandLine"">C:\Windows\system32\svchost.exe -k netsvcs -p -s gpsvc</Data>
      <Data Name=""CurrentDirectory"">C:\Windows\system32\</Data>
      <Data Name=""User"">NT AUTHORITY\SYSTEM</Data>
      <Data Name=""LogonGuid"">{f57bd86a-36f5-658c-e703-000000000000}</Data>
      <Data Name=""LogonId"">0x3e7</Data>
      <Data Name=""TerminalSessionId"">0</Data>
      <Data Name=""IntegrityLevel"">System</Data>
      <Data Name=""Hashes"">MD5=8EC922C7A58A8701AB481B7BE9644536,SHA256=949BFB5B4C7D58D92F3F9C5F8EC7CA4CEAFFD10EC5F0020F0A987C472D61C54B,IMPHASH=76B4BAE80D2C3B08BB062D97BF9CA791</Data>
      <Data Name=""ParentProcessGuid"">{f57bd86a-36f5-658c-0b00-000000000f00}</Data>
      <Data Name=""ParentProcessId"">780</Data>
      <Data Name=""ParentImage"">C:\Windows\System32\services.exe</Data>
      <Data Name=""ParentCommandLine"">C:\Windows\system32\services.exe</Data>
      <Data Name=""ParentUser"">NT AUTHORITY\SYSTEM</Data>
    </EventData>
    <RenderingInfo Culture=""en-US"">
      <Message>Process Create:

RuleName: -

UtcTime: 2023-12-27 20:21:19.025

ProcessGuid: {f57bd86a-873f-658c-2d03-000000000f00}

ProcessId: 340

Image: C:\Windows\System32\svchost.exe

FileVersion: 10.0.22621.1 (WinBuild.160101.0800)

Description: Host Process for Windows Services

Product: Microsoft&#174; Windows&#174; Operating System

Company: Microsoft Corporation

OriginalFileName: svchost.exe

CommandLine: C:\Windows\system32\svchost.exe -k netsvcs -p -s gpsvc

CurrentDirectory: C:\Windows\system32\

User: NT AUTHORITY\SYSTEM

LogonGuid: {f57bd86a-36f5-658c-e703-000000000000}

LogonId: 0x3E7

TerminalSessionId: 0

IntegrityLevel: System

Hashes: MD5=8EC922C7A58A8701AB481B7BE9644536,SHA256=949BFB5B4C7D58D92F3F9C5F8EC7CA4CEAFFD10EC5F0020F0A987C472D61C54B,IMPHASH=76B4BAE80D2C3B08BB062D97BF9CA791

ParentProcessGuid: {f57bd86a-36f5-658c-0b00-000000000f00}

ParentProcessId: 780

ParentImage: C:\Windows\System32\services.exe

ParentCommandLine: C:\Windows\system32\services.exe

ParentUser: NT AUTHORITY\SYSTEM</Message>
      <Level>Information</Level>
      <Task>Process Create (rule: ProcessCreate)</Task>
      <Opcode>Info</Opcode>
    </RenderingInfo>
  </Event>
  
"
