Microsoft-Windows-Sysmon/Operational,,,WinDev2309Eval,,,,,,,,,,22,20258,,,,C:\Windows\System32\WindowsPowerShell\v1.0\powershell.exe,,,0x8000000000000000,Information,,,"Dns query:

RuleName: -

UtcTime: 2023-12-27 15:02:30.187

ProcessGuid: {f57bd86a-8790-658c-cf04-000000000f00}

ProcessId: 11024

QueryName: bing.com

QueryStatus: 0

QueryResults: 2620:1ec:c11::200;::ffff:13.107.21.200;::ffff:204.79.197.200;

Image: C:\Windows\System32\WindowsPowerShell\v1.0\powershell.exe

User: WINDEV2309EVAL\User",Info,,,,,,,{f57bd86a-8790-658c-cf04-000000000f00},3588,11024,,,bing.com,2620:1ec:c11::200;::ffff:13.107.21.200;::ffff:204.79.197.200;,0,"
      ",-,,,,,,2023-12-27T20:22:49.5291014Z,,,Dns query (rule: DnsQuery),,5164,WINDEV2309EVAL\User,S-1-5-18,2023-12-27 15:02:30.187,5,"<Event xmlns=""http://schemas.microsoft.com/win/2004/08/events/event"">
    <System>
      <Provider Name=""Microsoft-Windows-Sysmon"" Guid=""{5770385f-c22a-43e0-bf4c-06f5698ffbd9}""/>
      <EventID>22</EventID>
      <Version>5</Version>
      <Level>4</Level>
      <Task>22</Task>
      <Opcode>0</Opcode>
      <Keywords>0x8000000000000000</Keywords>
      <TimeCreated SystemTime=""2023-12-27T20:22:49.5291014Z""/>
      <EventRecordID>20258</EventRecordID>
      <Correlation/>
      <Execution ProcessID=""3588"" ThreadID=""5164""/>
      <Channel>Microsoft-Windows-Sysmon/Operational</Channel>
      <Computer>WinDev2309Eval</Computer>
      <Security UserID=""S-1-5-18""/>
    </System>
    <EventData>
      <Data Name=""RuleName"">-</Data>
      <Data Name=""UtcTime"">2023-12-27 15:02:30.187</Data>
      <Data Name=""ProcessGuid"">{f57bd86a-8790-658c-cf04-000000000f00}</Data>
      <Data Name=""ProcessId"">11024</Data>
      <Data Name=""QueryName"">bing.com</Data>
      <Data Name=""QueryStatus"">0</Data>
      <Data Name=""QueryResults"">2620:1ec:c11::200;::ffff:13.107.21.200;::ffff:204.79.197.200;</Data>
      <Data Name=""Image"">C:\Windows\System32\WindowsPowerShell\v1.0\powershell.exe</Data>
      <Data Name=""User"">WINDEV2309EVAL\User</Data>
    </EventData>
    <RenderingInfo Culture=""en-US"">
      <Message>Dns query:

RuleName: -

UtcTime: 2023-12-27 15:02:30.187

ProcessGuid: {f57bd86a-8790-658c-cf04-000000000f00}

ProcessId: 11024

QueryName: bing.com

QueryStatus: 0

QueryResults: 2620:1ec:c11::200;::ffff:13.107.21.200;::ffff:204.79.197.200;

Image: C:\Windows\System32\WindowsPowerShell\v1.0\powershell.exe

User: WINDEV2309EVAL\User</Message>
      <Level>Information</Level>
      <Task>Dns query (rule: DnsQuery)</Task>
      <Opcode>Info</Opcode>
    </RenderingInfo>
  </Event>
  
"
Microsoft-Windows-Sysmon/Operational,,,WinDev2309Eval,,,,,,,,,,22,20257,,,,C:\Windows\System32\WindowsPowerShell\v1.0\powershell.exe,,,0x8000000000000000,Information,,,"Dns query:

RuleName: -

UtcTime: 2023-12-27 15:02:30.003

ProcessGuid: {f57bd86a-8790-658c-cf04-000000000f00}

ProcessId: 11024

QueryName: bing.com

QueryStatus: 0

QueryResults: ::ffff:13.107.21.200;::ffff:204.79.197.200;

Image: C:\Windows\System32\WindowsPowerShell\v1.0\powershell.exe

User: WINDEV2309EVAL\User",Info,,,,,,,{f57bd86a-8790-658c-cf04-000000000f00},3588,11024,,,bing.com,::ffff:13.107.21.200;::ffff:204.79.197.200;,0,"
      ",-,,,,,,2023-12-27T20:22:49.5282638Z,,,Dns query (rule: DnsQuery),,5164,WINDEV2309EVAL\User,S-1-5-18,2023-12-27 15:02:30.003,5,"<Event xmlns=""http://schemas.microsoft.com/win/2004/08/events/event"">
    <System>
      <Provider Name=""Microsoft-Windows-Sysmon"" Guid=""{5770385f-c22a-43e0-bf4c-06f5698ffbd9}""/>
      <EventID>22</EventID>
      <Version>5</Version>
      <Level>4</Level>
      <Task>22</Task>
      <Opcode>0</Opcode>
      <Keywords>0x8000000000000000</Keywords>
      <TimeCreated SystemTime=""2023-12-27T20:22:49.5282638Z""/>
      <EventRecordID>20257</EventRecordID>
      <Correlation/>
      <Execution ProcessID=""3588"" ThreadID=""5164""/>
      <Channel>Microsoft-Windows-Sysmon/Operational</Channel>
      <Computer>WinDev2309Eval</Computer>
      <Security UserID=""S-1-5-18""/>
    </System>
    <EventData>
      <Data Name=""RuleName"">-</Data>
      <Data Name=""UtcTime"">2023-12-27 15:02:30.003</Data>
      <Data Name=""ProcessGuid"">{f57bd86a-8790-658c-cf04-000000000f00}</Data>
      <Data Name=""ProcessId"">11024</Data>
      <Data Name=""QueryName"">bing.com</Data>
      <Data Name=""QueryStatus"">0</Data>
      <Data Name=""QueryResults"">::ffff:13.107.21.200;::ffff:204.79.197.200;</Data>
      <Data Name=""Image"">C:\Windows\System32\WindowsPowerShell\v1.0\powershell.exe</Data>
      <Data Name=""User"">WINDEV2309EVAL\User</Data>
    </EventData>
    <RenderingInfo Culture=""en-US"">
      <Message>Dns query:

RuleName: -

UtcTime: 2023-12-27 15:02:30.003

ProcessGuid: {f57bd86a-8790-658c-cf04-000000000f00}

ProcessId: 11024

QueryName: bing.com

QueryStatus: 0

QueryResults: ::ffff:13.107.21.200;::ffff:204.79.197.200;

Image: C:\Windows\System32\WindowsPowerShell\v1.0\powershell.exe

User: WINDEV2309EVAL\User</Message>
      <Level>Information</Level>
      <Task>Dns query (rule: DnsQuery)</Task>
      <Opcode>Info</Opcode>
    </RenderingInfo>
  </Event>
  
"
Microsoft-Windows-Sysmon/Operational,,,WinDev2309Eval,,,,,,,,,,22,20256,,,,<unknown process>,,,0x8000000000000000,Information,,,"Dns query:

RuleName: -

UtcTime: 2023-12-27 15:02:29.906

ProcessGuid: {00000000-0000-0000-0000-000000000000}

ProcessId: 4596

QueryName: bing.com

QueryStatus: 0

QueryResults: 2620:1ec:c11::200;

Image: <unknown process>

User: WINDEV2309EVAL\User",Info,,,,,,,{00000000-0000-0000-0000-000000000000},3588,4596,,,bing.com,2620:1ec:c11::200;,0,"
      ",-,,,,,,2023-12-27T20:22:49.5272529Z,,,Dns query (rule: DnsQuery),,5164,WINDEV2309EVAL\User,S-1-5-18,2023-12-27 15:02:29.906,5,"<Event xmlns=""http://schemas.microsoft.com/win/2004/08/events/event"">
    <System>
      <Provider Name=""Microsoft-Windows-Sysmon"" Guid=""{5770385f-c22a-43e0-bf4c-06f5698ffbd9}""/>
      <EventID>22</EventID>
      <Version>5</Version>
      <Level>4</Level>
      <Task>22</Task>
      <Opcode>0</Opcode>
      <Keywords>0x8000000000000000</Keywords>
      <TimeCreated SystemTime=""2023-12-27T20:22:49.5272529Z""/>
      <EventRecordID>20256</EventRecordID>
      <Correlation/>
      <Execution ProcessID=""3588"" ThreadID=""5164""/>
      <Channel>Microsoft-Windows-Sysmon/Operational</Channel>
      <Computer>WinDev2309Eval</Computer>
      <Security UserID=""S-1-5-18""/>
    </System>
    <EventData>
      <Data Name=""RuleName"">-</Data>
      <Data Name=""UtcTime"">2023-12-27 15:02:29.906</Data>
      <Data Name=""ProcessGuid"">{00000000-0000-0000-0000-000000000000}</Data>
      <Data Name=""ProcessId"">4596</Data>
      <Data Name=""QueryName"">bing.com</Data>
      <Data Name=""QueryStatus"">0</Data>
      <Data Name=""QueryResults"">2620:1ec:c11::200;</Data>
      <Data Name=""Image"">&lt;unknown process&gt;</Data>
      <Data Name=""User"">WINDEV2309EVAL\User</Data>
    </EventData>
    <RenderingInfo Culture=""en-US"">
      <Message>Dns query:

RuleName: -

UtcTime: 2023-12-27 15:02:29.906

ProcessGuid: {00000000-0000-0000-0000-000000000000}

ProcessId: 4596

QueryName: bing.com

QueryStatus: 0

QueryResults: 2620:1ec:c11::200;

Image: &lt;unknown process&gt;

User: WINDEV2309EVAL\User</Message>
      <Level>Information</Level>
      <Task>Dns query (rule: DnsQuery)</Task>
      <Opcode>Info</Opcode>
    </RenderingInfo>
  </Event>
  
"
Microsoft-Windows-Sysmon/Operational,"""C:\Windows\system32\PING.EXE"" bing.com -6",Microsoft Corporation,WinDev2309Eval,,C:\Users\User\AppData\Local\Temp\,TCP/IP Ping Command,,,,,,,1,20255,,10.0.22621.2506 (WinBuild.160101.0800),"MD5=D093BFD165180335D56E801D7D473957,SHA256=01A0A7A7735E15C1904768312E9F06E0611D8F33EC82DE1065E994085FBDD5E0,IMPHASH=B6D7A8608EB157A75A07192C7838695C",C:\Windows\System32\PING.EXE,,Medium,0x8000000000000000,Information,{f57bd86a-36f9-658c-7bf8-020000000000},0x2f87b,"Process Create:

RuleName: -

UtcTime: 2023-12-27 20:22:48.505

ProcessGuid: {f57bd86a-8798-658c-d404-000000000f00}

ProcessId: 4596

Image: C:\Windows\System32\PING.EXE

FileVersion: 10.0.22621.2506 (WinBuild.160101.0800)

Description: TCP/IP Ping Command

Product: Microsoft® Windows® Operating System

Company: Microsoft Corporation

OriginalFileName: ping.exe

CommandLine: ""C:\Windows\system32\PING.EXE"" bing.com -6

CurrentDirectory: C:\Users\User\AppData\Local\Temp\

User: WINDEV2309EVAL\User

LogonGuid: {f57bd86a-36f9-658c-7bf8-020000000000}

LogonId: 0x2F87B

TerminalSessionId: 1

IntegrityLevel: Medium

Hashes: MD5=D093BFD165180335D56E801D7D473957,SHA256=01A0A7A7735E15C1904768312E9F06E0611D8F33EC82DE1065E994085FBDD5E0,IMPHASH=B6D7A8608EB157A75A07192C7838695C

ParentProcessGuid: {f57bd86a-8790-658c-cf04-000000000f00}

ParentProcessId: 11024

ParentImage: C:\Windows\System32\WindowsPowerShell\v1.0\powershell.exe

ParentCommandLine: ""C:\Windows\System32\WindowsPowerShell\v1.0\powershell.exe"" -command $net_adapter=(Get-NetAdapter -IncludeHidden); $output= ($net_adapter); $output += ($net_adapter | fl *); $output += (Get-NetAdapterAdvancedProperty | fl); $net_adapter_bindings=(Get-NetAdapterBinding -IncludeHidden); $output += ($net_adapter_bindings); $output += ($net_adapter_bindings | fl); $output += (Get-NetIpConfiguration -Detailed); $output += (Get-DnsClientNrptPolicy); $output += (Resolve-DnsName bing.com); $output += (ping bing.com -4); $output += (ping bing.com -6); $output += (Test-NetConnection bing.com -InformationLevel Detailed); $output += (Test-NetConnection bing.com -InformationLevel Detailed -CommonTCPPort HTTP); $output += (Get-NetRoute); $output += (Get-NetIPaddress); $output += (Get-NetLbfoTeam); $output += (Get-Service -Name:VMMS); $output += (Get-VMSwitch); $output += ""(Get-VMNetworkAdapter -all)""; $output += (Get-DnsClientNrptPolicy); $output += (Get-WindowsOptionalFeature -Online); $output += (Get-Service | fl); $pnp_devices = (Get-PnpDevice); $output += ($pnp_devices); $output += ($pnp_devices | Get-PnpDeviceProperty -KeyName DEVPKEY_Device_InstanceId,DEVPKEY_Device_DevNodeStatus,DEVPKEY_Device_ProblemCode); $output | Out-File config\PowershellInfo.log

ParentUser: WINDEV2309EVAL\User",Info,ping.exe,"""C:\Windows\System32\WindowsPowerShell\v1.0\powershell.exe"" -command $net_adapter=(Get-NetAdapter -IncludeHidden); $output= ($net_adapter); $output += ($net_adapter | fl *); $output += (Get-NetAdapterAdvancedProperty | fl); $net_adapter_bindings=(Get-NetAdapterBinding -IncludeHidden); $output += ($net_adapter_bindings); $output += ($net_adapter_bindings | fl); $output += (Get-NetIpConfiguration -Detailed); $output += (Get-DnsClientNrptPolicy); $output += (Resolve-DnsName bing.com); $output += (ping bing.com -4); $output += (ping bing.com -6); $output += (Test-NetConnection bing.com -InformationLevel Detailed); $output += (Test-NetConnection bing.com -InformationLevel Detailed -CommonTCPPort HTTP); $output += (Get-NetRoute); $output += (Get-NetIPaddress); $output += (Get-NetLbfoTeam); $output += (Get-Service -Name:VMMS); $output += (Get-VMSwitch); $output += ""(Get-VMNetworkAdapter -all)""; $output += (Get-DnsClientNrptPolicy); $output += (Get-WindowsOptionalFeature -Online); $output += (Get-Service | fl); $pnp_devices = (Get-PnpDevice); $output += ($pnp_devices); $output += ($pnp_devices | Get-PnpDeviceProperty -KeyName DEVPKEY_Device_InstanceId,DEVPKEY_Device_DevNodeStatus,DEVPKEY_Device_ProblemCode); $output | Out-File config\PowershellInfo.log",C:\Windows\System32\WindowsPowerShell\v1.0\powershell.exe,{f57bd86a-8790-658c-cf04-000000000f00},11024,WINDEV2309EVAL\User,{f57bd86a-8798-658c-d404-000000000f00},3588,4596,Microsoft® Windows® Operating System,,,,,"
      ",-,,,,,,2023-12-27T20:22:48.5065129Z,,,Process Create (rule: ProcessCreate),1,5124,WINDEV2309EVAL\User,S-1-5-18,2023-12-27 20:22:48.505,5,"<Event xmlns=""http://schemas.microsoft.com/win/2004/08/events/event"">
    <System>
      <Provider Name=""Microsoft-Windows-Sysmon"" Guid=""{5770385f-c22a-43e0-bf4c-06f5698ffbd9}""/>
      <EventID>1</EventID>
      <Version>5</Version>
      <Level>4</Level>
      <Task>1</Task>
      <Opcode>0</Opcode>
      <Keywords>0x8000000000000000</Keywords>
      <TimeCreated SystemTime=""2023-12-27T20:22:48.5065129Z""/>
      <EventRecordID>20255</EventRecordID>
      <Correlation/>
      <Execution ProcessID=""3588"" ThreadID=""5124""/>
      <Channel>Microsoft-Windows-Sysmon/Operational</Channel>
      <Computer>WinDev2309Eval</Computer>
      <Security UserID=""S-1-5-18""/>
    </System>
    <EventData>
      <Data Name=""RuleName"">-</Data>
      <Data Name=""UtcTime"">2023-12-27 20:22:48.505</Data>
      <Data Name=""ProcessGuid"">{f57bd86a-8798-658c-d404-000000000f00}</Data>
      <Data Name=""ProcessId"">4596</Data>
      <Data Name=""Image"">C:\Windows\System32\PING.EXE</Data>
      <Data Name=""FileVersion"">10.0.22621.2506 (WinBuild.160101.0800)</Data>
      <Data Name=""Description"">TCP/IP Ping Command</Data>
      <Data Name=""Product"">Microsoft&#174; Windows&#174; Operating System</Data>
      <Data Name=""Company"">Microsoft Corporation</Data>
      <Data Name=""OriginalFileName"">ping.exe</Data>
      <Data Name=""CommandLine"">""C:\Windows\system32\PING.EXE"" bing.com -6</Data>
      <Data Name=""CurrentDirectory"">C:\Users\User\AppData\Local\Temp\</Data>
      <Data Name=""User"">WINDEV2309EVAL\User</Data>
      <Data Name=""LogonGuid"">{f57bd86a-36f9-658c-7bf8-020000000000}</Data>
      <Data Name=""LogonId"">0x2f87b</Data>
      <Data Name=""TerminalSessionId"">1</Data>
      <Data Name=""IntegrityLevel"">Medium</Data>
      <Data Name=""Hashes"">MD5=D093BFD165180335D56E801D7D473957,SHA256=01A0A7A7735E15C1904768312E9F06E0611D8F33EC82DE1065E994085FBDD5E0,IMPHASH=B6D7A8608EB157A75A07192C7838695C</Data>
      <Data Name=""ParentProcessGuid"">{f57bd86a-8790-658c-cf04-000000000f00}</Data>
      <Data Name=""ParentProcessId"">11024</Data>
      <Data Name=""ParentImage"">C:\Windows\System32\WindowsPowerShell\v1.0\powershell.exe</Data>
      <Data Name=""ParentCommandLine"">""C:\Windows\System32\WindowsPowerShell\v1.0\powershell.exe"" -command $net_adapter=(Get-NetAdapter -IncludeHidden); $output= ($net_adapter); $output += ($net_adapter | fl *); $output += (Get-NetAdapterAdvancedProperty | fl); $net_adapter_bindings=(Get-NetAdapterBinding -IncludeHidden); $output += ($net_adapter_bindings); $output += ($net_adapter_bindings | fl); $output += (Get-NetIpConfiguration -Detailed); $output += (Get-DnsClientNrptPolicy); $output += (Resolve-DnsName bing.com); $output += (ping bing.com -4); $output += (ping bing.com -6); $output += (Test-NetConnection bing.com -InformationLevel Detailed); $output += (Test-NetConnection bing.com -InformationLevel Detailed -CommonTCPPort HTTP); $output += (Get-NetRoute); $output += (Get-NetIPaddress); $output += (Get-NetLbfoTeam); $output += (Get-Service -Name:VMMS); $output += (Get-VMSwitch); $output += ""(Get-VMNetworkAdapter -all)""; $output += (Get-DnsClientNrptPolicy); $output += (Get-WindowsOptionalFeature -Online); $output += (Get-Service | fl); $pnp_devices = (Get-PnpDevice); $output += ($pnp_devices); $output += ($pnp_devices | Get-PnpDeviceProperty -KeyName DEVPKEY_Device_InstanceId,DEVPKEY_Device_DevNodeStatus,DEVPKEY_Device_ProblemCode); $output | Out-File config\PowershellInfo.log</Data>
      <Data Name=""ParentUser"">WINDEV2309EVAL\User</Data>
    </EventData>
    <RenderingInfo Culture=""en-US"">
      <Message>Process Create:

RuleName: -

UtcTime: 2023-12-27 20:22:48.505

ProcessGuid: {f57bd86a-8798-658c-d404-000000000f00}

ProcessId: 4596

Image: C:\Windows\System32\PING.EXE

FileVersion: 10.0.22621.2506 (WinBuild.160101.0800)

Description: TCP/IP Ping Command

Product: Microsoft&#174; Windows&#174; Operating System

Company: Microsoft Corporation

OriginalFileName: ping.exe

CommandLine: ""C:\Windows\system32\PING.EXE"" bing.com -6

CurrentDirectory: C:\Users\User\AppData\Local\Temp\

User: WINDEV2309EVAL\User

LogonGuid: {f57bd86a-36f9-658c-7bf8-020000000000}

LogonId: 0x2F87B

TerminalSessionId: 1

IntegrityLevel: Medium

Hashes: MD5=D093BFD165180335D56E801D7D473957,SHA256=01A0A7A7735E15C1904768312E9F06E0611D8F33EC82DE1065E994085FBDD5E0,IMPHASH=B6D7A8608EB157A75A07192C7838695C

ParentProcessGuid: {f57bd86a-8790-658c-cf04-000000000f00}

ParentProcessId: 11024

ParentImage: C:\Windows\System32\WindowsPowerShell\v1.0\powershell.exe

ParentCommandLine: ""C:\Windows\System32\WindowsPowerShell\v1.0\powershell.exe"" -command $net_adapter=(Get-NetAdapter -IncludeHidden); $output= ($net_adapter); $output += ($net_adapter | fl *); $output += (Get-NetAdapterAdvancedProperty | fl); $net_adapter_bindings=(Get-NetAdapterBinding -IncludeHidden); $output += ($net_adapter_bindings); $output += ($net_adapter_bindings | fl); $output += (Get-NetIpConfiguration -Detailed); $output += (Get-DnsClientNrptPolicy); $output += (Resolve-DnsName bing.com); $output += (ping bing.com -4); $output += (ping bing.com -6); $output += (Test-NetConnection bing.com -InformationLevel Detailed); $output += (Test-NetConnection bing.com -InformationLevel Detailed -CommonTCPPort HTTP); $output += (Get-NetRoute); $output += (Get-NetIPaddress); $output += (Get-NetLbfoTeam); $output += (Get-Service -Name:VMMS); $output += (Get-VMSwitch); $output += ""(Get-VMNetworkAdapter -all)""; $output += (Get-DnsClientNrptPolicy); $output += (Get-WindowsOptionalFeature -Online); $output += (Get-Service | fl); $pnp_devices = (Get-PnpDevice); $output += ($pnp_devices); $output += ($pnp_devices | Get-PnpDeviceProperty -KeyName DEVPKEY_Device_InstanceId,DEVPKEY_Device_DevNodeStatus,DEVPKEY_Device_ProblemCode); $output | Out-File config\PowershellInfo.log

ParentUser: WINDEV2309EVAL\User</Message>
      <Level>Information</Level>
      <Task>Process Create (rule: ProcessCreate)</Task>
      <Opcode>Info</Opcode>
    </RenderingInfo>
  </Event>
  
"
Microsoft-Windows-Sysmon/Operational,,,WinDev2309Eval,,,,,,,,,,22,20254,,,,C:\Windows\system32\PING.EXE,,,0x8000000000000000,Information,,,"Dns query:

RuleName: -

UtcTime: 2023-12-27 15:02:26.800

ProcessGuid: {f57bd86a-8795-658c-d304-000000000f00}

ProcessId: 10092

QueryName: bing.com

QueryStatus: 0

QueryResults: 13.107.21.200;204.79.197.200;

Image: C:\Windows\system32\PING.EXE

User: WINDEV2309EVAL\User",Info,,,,,,,{f57bd86a-8795-658c-d304-000000000f00},3588,10092,,,bing.com,13.107.21.200;204.79.197.200;,0,"
      ",-,,,,,,2023-12-27T20:22:47.3385784Z,,,Dns query (rule: DnsQuery),,5164,WINDEV2309EVAL\User,S-1-5-18,2023-12-27 15:02:26.800,5,"<Event xmlns=""http://schemas.microsoft.com/win/2004/08/events/event"">
    <System>
      <Provider Name=""Microsoft-Windows-Sysmon"" Guid=""{5770385f-c22a-43e0-bf4c-06f5698ffbd9}""/>
      <EventID>22</EventID>
      <Version>5</Version>
      <Level>4</Level>
      <Task>22</Task>
      <Opcode>0</Opcode>
      <Keywords>0x8000000000000000</Keywords>
      <TimeCreated SystemTime=""2023-12-27T20:22:47.3385784Z""/>
      <EventRecordID>20254</EventRecordID>
      <Correlation/>
      <Execution ProcessID=""3588"" ThreadID=""5164""/>
      <Channel>Microsoft-Windows-Sysmon/Operational</Channel>
      <Computer>WinDev2309Eval</Computer>
      <Security UserID=""S-1-5-18""/>
    </System>
    <EventData>
      <Data Name=""RuleName"">-</Data>
      <Data Name=""UtcTime"">2023-12-27 15:02:26.800</Data>
      <Data Name=""ProcessGuid"">{f57bd86a-8795-658c-d304-000000000f00}</Data>
      <Data Name=""ProcessId"">10092</Data>
      <Data Name=""QueryName"">bing.com</Data>
      <Data Name=""QueryStatus"">0</Data>
      <Data Name=""QueryResults"">13.107.21.200;204.79.197.200;</Data>
      <Data Name=""Image"">C:\Windows\system32\PING.EXE</Data>
      <Data Name=""User"">WINDEV2309EVAL\User</Data>
    </EventData>
    <RenderingInfo Culture=""en-US"">
      <Message>Dns query:

RuleName: -

UtcTime: 2023-12-27 15:02:26.800

ProcessGuid: {f57bd86a-8795-658c-d304-000000000f00}

ProcessId: 10092

QueryName: bing.com

QueryStatus: 0

QueryResults: 13.107.21.200;204.79.197.200;

Image: C:\Windows\system32\PING.EXE

User: WINDEV2309EVAL\User</Message>
      <Level>Information</Level>
      <Task>Dns query (rule: DnsQuery)</Task>
      <Opcode>Info</Opcode>
    </RenderingInfo>
  </Event>
  
"
Microsoft-Windows-Sysmon/Operational,,,WinDev2309Eval,,,,,,,,,,22,20253,,,,C:\Windows\System32\WindowsPowerShell\v1.0\powershell.exe,,,0x8000000000000000,Information,,,"Dns query:

RuleName: -

UtcTime: 2023-12-27 15:02:26.715

ProcessGuid: {f57bd86a-8790-658c-cf04-000000000f00}

ProcessId: 11024

QueryName: bing.com

QueryStatus: 0

QueryResults: 2620:1ec:c11::200;::ffff:13.107.21.200;::ffff:204.79.197.200;

Image: C:\Windows\System32\WindowsPowerShell\v1.0\powershell.exe

User: WINDEV2309EVAL\User",Info,,,,,,,{f57bd86a-8790-658c-cf04-000000000f00},3588,11024,,,bing.com,2620:1ec:c11::200;::ffff:13.107.21.200;::ffff:204.79.197.200;,0,"
      ",-,,,,,,2023-12-27T20:22:47.3381604Z,,,Dns query (rule: DnsQuery),,5164,WINDEV2309EVAL\User,S-1-5-18,2023-12-27 15:02:26.715,5,"<Event xmlns=""http://schemas.microsoft.com/win/2004/08/events/event"">
    <System>
      <Provider Name=""Microsoft-Windows-Sysmon"" Guid=""{5770385f-c22a-43e0-bf4c-06f5698ffbd9}""/>
      <EventID>22</EventID>
      <Version>5</Version>
      <Level>4</Level>
      <Task>22</Task>
      <Opcode>0</Opcode>
      <Keywords>0x8000000000000000</Keywords>
      <TimeCreated SystemTime=""2023-12-27T20:22:47.3381604Z""/>
      <EventRecordID>20253</EventRecordID>
      <Correlation/>
      <Execution ProcessID=""3588"" ThreadID=""5164""/>
      <Channel>Microsoft-Windows-Sysmon/Operational</Channel>
      <Computer>WinDev2309Eval</Computer>
      <Security UserID=""S-1-5-18""/>
    </System>
    <EventData>
      <Data Name=""RuleName"">-</Data>
      <Data Name=""UtcTime"">2023-12-27 15:02:26.715</Data>
      <Data Name=""ProcessGuid"">{f57bd86a-8790-658c-cf04-000000000f00}</Data>
      <Data Name=""ProcessId"">11024</Data>
      <Data Name=""QueryName"">bing.com</Data>
      <Data Name=""QueryStatus"">0</Data>
      <Data Name=""QueryResults"">2620:1ec:c11::200;::ffff:13.107.21.200;::ffff:204.79.197.200;</Data>
      <Data Name=""Image"">C:\Windows\System32\WindowsPowerShell\v1.0\powershell.exe</Data>
      <Data Name=""User"">WINDEV2309EVAL\User</Data>
    </EventData>
    <RenderingInfo Culture=""en-US"">
      <Message>Dns query:

RuleName: -

UtcTime: 2023-12-27 15:02:26.715

ProcessGuid: {f57bd86a-8790-658c-cf04-000000000f00}

ProcessId: 11024

QueryName: bing.com

QueryStatus: 0

QueryResults: 2620:1ec:c11::200;::ffff:13.107.21.200;::ffff:204.79.197.200;

Image: C:\Windows\System32\WindowsPowerShell\v1.0\powershell.exe

User: WINDEV2309EVAL\User</Message>
      <Level>Information</Level>
      <Task>Dns query (rule: DnsQuery)</Task>
      <Opcode>Info</Opcode>
    </RenderingInfo>
  </Event>
  
"
Microsoft-Windows-Sysmon/Operational,"""C:\Windows\system32\PING.EXE"" bing.com -4",Microsoft Corporation,WinDev2309Eval,,C:\Users\User\AppData\Local\Temp\,TCP/IP Ping Command,,,,,,,1,20252,,10.0.22621.2506 (WinBuild.160101.0800),"MD5=D093BFD165180335D56E801D7D473957,SHA256=01A0A7A7735E15C1904768312E9F06E0611D8F33EC82DE1065E994085FBDD5E0,IMPHASH=B6D7A8608EB157A75A07192C7838695C",C:\Windows\System32\PING.EXE,,Medium,0x8000000000000000,Information,{f57bd86a-36f9-658c-7bf8-020000000000},0x2f87b,"Process Create:

RuleName: -

UtcTime: 2023-12-27 20:22:45.401

ProcessGuid: {f57bd86a-8795-658c-d304-000000000f00}

ProcessId: 10092

Image: C:\Windows\System32\PING.EXE

FileVersion: 10.0.22621.2506 (WinBuild.160101.0800)

Description: TCP/IP Ping Command

Product: Microsoft® Windows® Operating System

Company: Microsoft Corporation

OriginalFileName: ping.exe

CommandLine: ""C:\Windows\system32\PING.EXE"" bing.com -4

CurrentDirectory: C:\Users\User\AppData\Local\Temp\

User: WINDEV2309EVAL\User

LogonGuid: {f57bd86a-36f9-658c-7bf8-020000000000}

LogonId: 0x2F87B

TerminalSessionId: 1

IntegrityLevel: Medium

Hashes: MD5=D093BFD165180335D56E801D7D473957,SHA256=01A0A7A7735E15C1904768312E9F06E0611D8F33EC82DE1065E994085FBDD5E0,IMPHASH=B6D7A8608EB157A75A07192C7838695C

ParentProcessGuid: {f57bd86a-8790-658c-cf04-000000000f00}

ParentProcessId: 11024

ParentImage: C:\Windows\System32\WindowsPowerShell\v1.0\powershell.exe

ParentCommandLine: ""C:\Windows\System32\WindowsPowerShell\v1.0\powershell.exe"" -command $net_adapter=(Get-NetAdapter -IncludeHidden); $output= ($net_adapter); $output += ($net_adapter | fl *); $output += (Get-NetAdapterAdvancedProperty | fl); $net_adapter_bindings=(Get-NetAdapterBinding -IncludeHidden); $output += ($net_adapter_bindings); $output += ($net_adapter_bindings | fl); $output += (Get-NetIpConfiguration -Detailed); $output += (Get-DnsClientNrptPolicy); $output += (Resolve-DnsName bing.com); $output += (ping bing.com -4); $output += (ping bing.com -6); $output += (Test-NetConnection bing.com -InformationLevel Detailed); $output += (Test-NetConnection bing.com -InformationLevel Detailed -CommonTCPPort HTTP); $output += (Get-NetRoute); $output += (Get-NetIPaddress); $output += (Get-NetLbfoTeam); $output += (Get-Service -Name:VMMS); $output += (Get-VMSwitch); $output += ""(Get-VMNetworkAdapter -all)""; $output += (Get-DnsClientNrptPolicy); $output += (Get-WindowsOptionalFeature -Online); $output += (Get-Service | fl); $pnp_devices = (Get-PnpDevice); $output += ($pnp_devices); $output += ($pnp_devices | Get-PnpDeviceProperty -KeyName DEVPKEY_Device_InstanceId,DEVPKEY_Device_DevNodeStatus,DEVPKEY_Device_ProblemCode); $output | Out-File config\PowershellInfo.log

ParentUser: WINDEV2309EVAL\User",Info,ping.exe,"""C:\Windows\System32\WindowsPowerShell\v1.0\powershell.exe"" -command $net_adapter=(Get-NetAdapter -IncludeHidden); $output= ($net_adapter); $output += ($net_adapter | fl *); $output += (Get-NetAdapterAdvancedProperty | fl); $net_adapter_bindings=(Get-NetAdapterBinding -IncludeHidden); $output += ($net_adapter_bindings); $output += ($net_adapter_bindings | fl); $output += (Get-NetIpConfiguration -Detailed); $output += (Get-DnsClientNrptPolicy); $output += (Resolve-DnsName bing.com); $output += (ping bing.com -4); $output += (ping bing.com -6); $output += (Test-NetConnection bing.com -InformationLevel Detailed); $output += (Test-NetConnection bing.com -InformationLevel Detailed -CommonTCPPort HTTP); $output += (Get-NetRoute); $output += (Get-NetIPaddress); $output += (Get-NetLbfoTeam); $output += (Get-Service -Name:VMMS); $output += (Get-VMSwitch); $output += ""(Get-VMNetworkAdapter -all)""; $output += (Get-DnsClientNrptPolicy); $output += (Get-WindowsOptionalFeature -Online); $output += (Get-Service | fl); $pnp_devices = (Get-PnpDevice); $output += ($pnp_devices); $output += ($pnp_devices | Get-PnpDeviceProperty -KeyName DEVPKEY_Device_InstanceId,DEVPKEY_Device_DevNodeStatus,DEVPKEY_Device_ProblemCode); $output | Out-File config\PowershellInfo.log",C:\Windows\System32\WindowsPowerShell\v1.0\powershell.exe,{f57bd86a-8790-658c-cf04-000000000f00},11024,WINDEV2309EVAL\User,{f57bd86a-8795-658c-d304-000000000f00},3588,10092,Microsoft® Windows® Operating System,,,,,"
      ",-,,,,,,2023-12-27T20:22:45.4042593Z,,,Process Create (rule: ProcessCreate),1,5124,WINDEV2309EVAL\User,S-1-5-18,2023-12-27 20:22:45.401,5,"<Event xmlns=""http://schemas.microsoft.com/win/2004/08/events/event"">
    <System>
      <Provider Name=""Microsoft-Windows-Sysmon"" Guid=""{5770385f-c22a-43e0-bf4c-06f5698ffbd9}""/>
      <EventID>1</EventID>
      <Version>5</Version>
      <Level>4</Level>
      <Task>1</Task>
      <Opcode>0</Opcode>
      <Keywords>0x8000000000000000</Keywords>
      <TimeCreated SystemTime=""2023-12-27T20:22:45.4042593Z""/>
      <EventRecordID>20252</EventRecordID>
      <Correlation/>
      <Execution ProcessID=""3588"" ThreadID=""5124""/>
      <Channel>Microsoft-Windows-Sysmon/Operational</Channel>
      <Computer>WinDev2309Eval</Computer>
      <Security UserID=""S-1-5-18""/>
    </System>
    <EventData>
      <Data Name=""RuleName"">-</Data>
      <Data Name=""UtcTime"">2023-12-27 20:22:45.401</Data>
      <Data Name=""ProcessGuid"">{f57bd86a-8795-658c-d304-000000000f00}</Data>
      <Data Name=""ProcessId"">10092</Data>
      <Data Name=""Image"">C:\Windows\System32\PING.EXE</Data>
      <Data Name=""FileVersion"">10.0.22621.2506 (WinBuild.160101.0800)</Data>
      <Data Name=""Description"">TCP/IP Ping Command</Data>
      <Data Name=""Product"">Microsoft&#174; Windows&#174; Operating System</Data>
      <Data Name=""Company"">Microsoft Corporation</Data>
      <Data Name=""OriginalFileName"">ping.exe</Data>
      <Data Name=""CommandLine"">""C:\Windows\system32\PING.EXE"" bing.com -4</Data>
      <Data Name=""CurrentDirectory"">C:\Users\User\AppData\Local\Temp\</Data>
      <Data Name=""User"">WINDEV2309EVAL\User</Data>
      <Data Name=""LogonGuid"">{f57bd86a-36f9-658c-7bf8-020000000000}</Data>
      <Data Name=""LogonId"">0x2f87b</Data>
      <Data Name=""TerminalSessionId"">1</Data>
      <Data Name=""IntegrityLevel"">Medium</Data>
      <Data Name=""Hashes"">MD5=D093BFD165180335D56E801D7D473957,SHA256=01A0A7A7735E15C1904768312E9F06E0611D8F33EC82DE1065E994085FBDD5E0,IMPHASH=B6D7A8608EB157A75A07192C7838695C</Data>
      <Data Name=""ParentProcessGuid"">{f57bd86a-8790-658c-cf04-000000000f00}</Data>
      <Data Name=""ParentProcessId"">11024</Data>
      <Data Name=""ParentImage"">C:\Windows\System32\WindowsPowerShell\v1.0\powershell.exe</Data>
      <Data Name=""ParentCommandLine"">""C:\Windows\System32\WindowsPowerShell\v1.0\powershell.exe"" -command $net_adapter=(Get-NetAdapter -IncludeHidden); $output= ($net_adapter); $output += ($net_adapter | fl *); $output += (Get-NetAdapterAdvancedProperty | fl); $net_adapter_bindings=(Get-NetAdapterBinding -IncludeHidden); $output += ($net_adapter_bindings); $output += ($net_adapter_bindings | fl); $output += (Get-NetIpConfiguration -Detailed); $output += (Get-DnsClientNrptPolicy); $output += (Resolve-DnsName bing.com); $output += (ping bing.com -4); $output += (ping bing.com -6); $output += (Test-NetConnection bing.com -InformationLevel Detailed); $output += (Test-NetConnection bing.com -InformationLevel Detailed -CommonTCPPort HTTP); $output += (Get-NetRoute); $output += (Get-NetIPaddress); $output += (Get-NetLbfoTeam); $output += (Get-Service -Name:VMMS); $output += (Get-VMSwitch); $output += ""(Get-VMNetworkAdapter -all)""; $output += (Get-DnsClientNrptPolicy); $output += (Get-WindowsOptionalFeature -Online); $output += (Get-Service | fl); $pnp_devices = (Get-PnpDevice); $output += ($pnp_devices); $output += ($pnp_devices | Get-PnpDeviceProperty -KeyName DEVPKEY_Device_InstanceId,DEVPKEY_Device_DevNodeStatus,DEVPKEY_Device_ProblemCode); $output | Out-File config\PowershellInfo.log</Data>
      <Data Name=""ParentUser"">WINDEV2309EVAL\User</Data>
    </EventData>
    <RenderingInfo Culture=""en-US"">
      <Message>Process Create:

RuleName: -

UtcTime: 2023-12-27 20:22:45.401

ProcessGuid: {f57bd86a-8795-658c-d304-000000000f00}

ProcessId: 10092

Image: C:\Windows\System32\PING.EXE

FileVersion: 10.0.22621.2506 (WinBuild.160101.0800)

Description: TCP/IP Ping Command

Product: Microsoft&#174; Windows&#174; Operating System

Company: Microsoft Corporation

OriginalFileName: ping.exe

CommandLine: ""C:\Windows\system32\PING.EXE"" bing.com -4

CurrentDirectory: C:\Users\User\AppData\Local\Temp\

User: WINDEV2309EVAL\User

LogonGuid: {f57bd86a-36f9-658c-7bf8-020000000000}

LogonId: 0x2F87B

TerminalSessionId: 1

IntegrityLevel: Medium

Hashes: MD5=D093BFD165180335D56E801D7D473957,SHA256=01A0A7A7735E15C1904768312E9F06E0611D8F33EC82DE1065E994085FBDD5E0,IMPHASH=B6D7A8608EB157A75A07192C7838695C

ParentProcessGuid: {f57bd86a-8790-658c-cf04-000000000f00}

ParentProcessId: 11024

ParentImage: C:\Windows\System32\WindowsPowerShell\v1.0\powershell.exe

ParentCommandLine: ""C:\Windows\System32\WindowsPowerShell\v1.0\powershell.exe"" -command $net_adapter=(Get-NetAdapter -IncludeHidden); $output= ($net_adapter); $output += ($net_adapter | fl *); $output += (Get-NetAdapterAdvancedProperty | fl); $net_adapter_bindings=(Get-NetAdapterBinding -IncludeHidden); $output += ($net_adapter_bindings); $output += ($net_adapter_bindings | fl); $output += (Get-NetIpConfiguration -Detailed); $output += (Get-DnsClientNrptPolicy); $output += (Resolve-DnsName bing.com); $output += (ping bing.com -4); $output += (ping bing.com -6); $output += (Test-NetConnection bing.com -InformationLevel Detailed); $output += (Test-NetConnection bing.com -InformationLevel Detailed -CommonTCPPort HTTP); $output += (Get-NetRoute); $output += (Get-NetIPaddress); $output += (Get-NetLbfoTeam); $output += (Get-Service -Name:VMMS); $output += (Get-VMSwitch); $output += ""(Get-VMNetworkAdapter -all)""; $output += (Get-DnsClientNrptPolicy); $output += (Get-WindowsOptionalFeature -Online); $output += (Get-Service | fl); $pnp_devices = (Get-PnpDevice); $output += ($pnp_devices); $output += ($pnp_devices | Get-PnpDeviceProperty -KeyName DEVPKEY_Device_InstanceId,DEVPKEY_Device_DevNodeStatus,DEVPKEY_Device_ProblemCode); $output | Out-File config\PowershellInfo.log

ParentUser: WINDEV2309EVAL\User</Message>
      <Level>Information</Level>
      <Task>Process Create (rule: ProcessCreate)</Task>
      <Opcode>Info</Opcode>
    </RenderingInfo>
  </Event>
  
"
Microsoft-Windows-Sysmon/Operational,C:\Windows\System32\svchost.exe -k netsvcs -p -s NetSetupSvc,Microsoft Corporation,WinDev2309Eval,,C:\Windows\system32\,Host Process for Windows Services,,,,,,,1,20251,,10.0.22621.1 (WinBuild.160101.0800),"MD5=8EC922C7A58A8701AB481B7BE9644536,SHA256=949BFB5B4C7D58D92F3F9C5F8EC7CA4CEAFFD10EC5F0020F0A987C472D61C54B,IMPHASH=76B4BAE80D2C3B08BB062D97BF9CA791",C:\Windows\System32\svchost.exe,,System,0x8000000000000000,Information,{f57bd86a-36f5-658c-e703-000000000000},0x3e7,"Process Create:

RuleName: -

UtcTime: 2023-12-27 20:22:42.327

ProcessGuid: {f57bd86a-8792-658c-d104-000000000f00}

ProcessId: 2608

Image: C:\Windows\System32\svchost.exe

FileVersion: 10.0.22621.1 (WinBuild.160101.0800)

Description: Host Process for Windows Services

Product: Microsoft® Windows® Operating System

Company: Microsoft Corporation

OriginalFileName: svchost.exe

CommandLine: C:\Windows\System32\svchost.exe -k netsvcs -p -s NetSetupSvc

CurrentDirectory: C:\Windows\system32\

User: NT AUTHORITY\SYSTEM

LogonGuid: {f57bd86a-36f5-658c-e703-000000000000}

LogonId: 0x3E7

TerminalSessionId: 0

IntegrityLevel: System

Hashes: MD5=8EC922C7A58A8701AB481B7BE9644536,SHA256=949BFB5B4C7D58D92F3F9C5F8EC7CA4CEAFFD10EC5F0020F0A987C472D61C54B,IMPHASH=76B4BAE80D2C3B08BB062D97BF9CA791

ParentProcessGuid: {f57bd86a-36f5-658c-0b00-000000000f00}

ParentProcessId: 780

ParentImage: C:\Windows\System32\services.exe

ParentCommandLine: C:\Windows\system32\services.exe

ParentUser: NT AUTHORITY\SYSTEM",Info,svchost.exe,C:\Windows\system32\services.exe,C:\Windows\System32\services.exe,{f57bd86a-36f5-658c-0b00-000000000f00},780,NT AUTHORITY\SYSTEM,{f57bd86a-8792-658c-d104-000000000f00},3588,2608,Microsoft® Windows® Operating System,,,,,"
      ",-,,,,,,2023-12-27T20:22:42.3287183Z,,,Process Create (rule: ProcessCreate),0,5124,NT AUTHORITY\SYSTEM,S-1-5-18,2023-12-27 20:22:42.327,5,"<Event xmlns=""http://schemas.microsoft.com/win/2004/08/events/event"">
    <System>
      <Provider Name=""Microsoft-Windows-Sysmon"" Guid=""{5770385f-c22a-43e0-bf4c-06f5698ffbd9}""/>
      <EventID>1</EventID>
      <Version>5</Version>
      <Level>4</Level>
      <Task>1</Task>
      <Opcode>0</Opcode>
      <Keywords>0x8000000000000000</Keywords>
      <TimeCreated SystemTime=""2023-12-27T20:22:42.3287183Z""/>
      <EventRecordID>20251</EventRecordID>
      <Correlation/>
      <Execution ProcessID=""3588"" ThreadID=""5124""/>
      <Channel>Microsoft-Windows-Sysmon/Operational</Channel>
      <Computer>WinDev2309Eval</Computer>
      <Security UserID=""S-1-5-18""/>
    </System>
    <EventData>
      <Data Name=""RuleName"">-</Data>
      <Data Name=""UtcTime"">2023-12-27 20:22:42.327</Data>
      <Data Name=""ProcessGuid"">{f57bd86a-8792-658c-d104-000000000f00}</Data>
      <Data Name=""ProcessId"">2608</Data>
      <Data Name=""Image"">C:\Windows\System32\svchost.exe</Data>
      <Data Name=""FileVersion"">10.0.22621.1 (WinBuild.160101.0800)</Data>
      <Data Name=""Description"">Host Process for Windows Services</Data>
      <Data Name=""Product"">Microsoft&#174; Windows&#174; Operating System</Data>
      <Data Name=""Company"">Microsoft Corporation</Data>
      <Data Name=""OriginalFileName"">svchost.exe</Data>
      <Data Name=""CommandLine"">C:\Windows\System32\svchost.exe -k netsvcs -p -s NetSetupSvc</Data>
      <Data Name=""CurrentDirectory"">C:\Windows\system32\</Data>
      <Data Name=""User"">NT AUTHORITY\SYSTEM</Data>
      <Data Name=""LogonGuid"">{f57bd86a-36f5-658c-e703-000000000000}</Data>
      <Data Name=""LogonId"">0x3e7</Data>
      <Data Name=""TerminalSessionId"">0</Data>
      <Data Name=""IntegrityLevel"">System</Data>
      <Data Name=""Hashes"">MD5=8EC922C7A58A8701AB481B7BE9644536,SHA256=949BFB5B4C7D58D92F3F9C5F8EC7CA4CEAFFD10EC5F0020F0A987C472D61C54B,IMPHASH=76B4BAE80D2C3B08BB062D97BF9CA791</Data>
      <Data Name=""ParentProcessGuid"">{f57bd86a-36f5-658c-0b00-000000000f00}</Data>
      <Data Name=""ParentProcessId"">780</Data>
      <Data Name=""ParentImage"">C:\Windows\System32\services.exe</Data>
      <Data Name=""ParentCommandLine"">C:\Windows\system32\services.exe</Data>
      <Data Name=""ParentUser"">NT AUTHORITY\SYSTEM</Data>
    </EventData>
    <RenderingInfo Culture=""en-US"">
      <Message>Process Create:

RuleName: -

UtcTime: 2023-12-27 20:22:42.327

ProcessGuid: {f57bd86a-8792-658c-d104-000000000f00}

ProcessId: 2608

Image: C:\Windows\System32\svchost.exe

FileVersion: 10.0.22621.1 (WinBuild.160101.0800)

Description: Host Process for Windows Services

Product: Microsoft&#174; Windows&#174; Operating System

Company: Microsoft Corporation

OriginalFileName: svchost.exe

CommandLine: C:\Windows\System32\svchost.exe -k netsvcs -p -s NetSetupSvc

CurrentDirectory: C:\Windows\system32\

User: NT AUTHORITY\SYSTEM

LogonGuid: {f57bd86a-36f5-658c-e703-000000000000}

LogonId: 0x3E7

TerminalSessionId: 0

IntegrityLevel: System

Hashes: MD5=8EC922C7A58A8701AB481B7BE9644536,SHA256=949BFB5B4C7D58D92F3F9C5F8EC7CA4CEAFFD10EC5F0020F0A987C472D61C54B,IMPHASH=76B4BAE80D2C3B08BB062D97BF9CA791

ParentProcessGuid: {f57bd86a-36f5-658c-0b00-000000000f00}

ParentProcessId: 780

ParentImage: C:\Windows\System32\services.exe

ParentCommandLine: C:\Windows\system32\services.exe

ParentUser: NT AUTHORITY\SYSTEM</Message>
      <Level>Information</Level>
      <Task>Process Create (rule: ProcessCreate)</Task>
      <Opcode>Info</Opcode>
    </RenderingInfo>
  </Event>
  
"
Microsoft-Windows-Sysmon/Operational,,,WinDev2309Eval,2023-12-27 20:22:40.151,,,,,,,,,11,20250,,,,C:\Windows\System32\WindowsPowerShell\v1.0\powershell.exe,,,0x8000000000000000,Information,,,"File created:

RuleName: -

UtcTime: 2023-12-27 20:22:40.151

ProcessGuid: {f57bd86a-8790-658c-cf04-000000000f00}

ProcessId: 11024

Image: C:\Windows\System32\WindowsPowerShell\v1.0\powershell.exe

TargetFilename: C:\Users\User\AppData\Local\Temp\__PSScriptPolicyTest_4foeebau.j0y.ps1

CreationUtcTime: 2023-12-27 20:22:40.151

User: WINDEV2309EVAL\User",Info,,,,,,,{f57bd86a-8790-658c-cf04-000000000f00},3588,11024,,,,,,"
      ",-,,,,,,2023-12-27T20:22:40.1595108Z,C:\Users\User\AppData\Local\Temp\__PSScriptPolicyTest_4foeebau.j0y.ps1,,File created (rule: FileCreate),,5124,WINDEV2309EVAL\User,S-1-5-18,2023-12-27 20:22:40.151,2,"<Event xmlns=""http://schemas.microsoft.com/win/2004/08/events/event"">
    <System>
      <Provider Name=""Microsoft-Windows-Sysmon"" Guid=""{5770385f-c22a-43e0-bf4c-06f5698ffbd9}""/>
      <EventID>11</EventID>
      <Version>2</Version>
      <Level>4</Level>
      <Task>11</Task>
      <Opcode>0</Opcode>
      <Keywords>0x8000000000000000</Keywords>
      <TimeCreated SystemTime=""2023-12-27T20:22:40.1595108Z""/>
      <EventRecordID>20250</EventRecordID>
      <Correlation/>
      <Execution ProcessID=""3588"" ThreadID=""5124""/>
      <Channel>Microsoft-Windows-Sysmon/Operational</Channel>
      <Computer>WinDev2309Eval</Computer>
      <Security UserID=""S-1-5-18""/>
    </System>
    <EventData>
      <Data Name=""RuleName"">-</Data>
      <Data Name=""UtcTime"">2023-12-27 20:22:40.151</Data>
      <Data Name=""ProcessGuid"">{f57bd86a-8790-658c-cf04-000000000f00}</Data>
      <Data Name=""ProcessId"">11024</Data>
      <Data Name=""Image"">C:\Windows\System32\WindowsPowerShell\v1.0\powershell.exe</Data>
      <Data Name=""TargetFilename"">C:\Users\User\AppData\Local\Temp\__PSScriptPolicyTest_4foeebau.j0y.ps1</Data>
      <Data Name=""CreationUtcTime"">2023-12-27 20:22:40.151</Data>
      <Data Name=""User"">WINDEV2309EVAL\User</Data>
    </EventData>
    <RenderingInfo Culture=""en-US"">
      <Message>File created:

RuleName: -

UtcTime: 2023-12-27 20:22:40.151

ProcessGuid: {f57bd86a-8790-658c-cf04-000000000f00}

ProcessId: 11024

Image: C:\Windows\System32\WindowsPowerShell\v1.0\powershell.exe

TargetFilename: C:\Users\User\AppData\Local\Temp\__PSScriptPolicyTest_4foeebau.j0y.ps1

CreationUtcTime: 2023-12-27 20:22:40.151

User: WINDEV2309EVAL\User</Message>
      <Level>Information</Level>
      <Task>File created (rule: FileCreate)</Task>
      <Opcode>Info</Opcode>
    </RenderingInfo>
  </Event>
  
"
