Microsoft-Windows-Sysmon/Operational,wmic  DISKDRIVE get Caption ,Microsoft Corporation,WinDev2309Eval,,C:\Users\User\AppData\Local\Temp\,WMI Commandline Utility,,,,,,,1,19976,,10.0.22621.2792 (WinBuild.160101.0800),"MD5=B2ACB4DE13896683796A6B6635C40A15,SHA256=FBCDF1DB7D385AE5556F76D1F388F6E7AF08A545C0D797C4B3CD2F0CC739A9AE,IMPHASH=43C6BE584D77B658A53A9A5C606724DD",C:\Windows\System32\wbem\WMIC.exe,,Medium,0x8000000000000000,Information,{f57bd86a-36f9-658c-7bf8-020000000000},0x2f87b,"Process Create:

RuleName: -

UtcTime: 2023-12-27 20:22:03.568

ProcessGuid: {f57bd86a-876b-658c-3b03-000000000f00}

ProcessId: 8284

Image: C:\Windows\System32\wbem\WMIC.exe

FileVersion: 10.0.22621.2792 (WinBuild.160101.0800)

Description: WMI Commandline Utility

Product: Microsoft® Windows® Operating System

Company: Microsoft Corporation

OriginalFileName: wmic.exe

CommandLine: wmic  DISKDRIVE get Caption 

CurrentDirectory: C:\Users\User\AppData\Local\Temp\

User: WINDEV2309EVAL\User

LogonGuid: {f57bd86a-36f9-658c-7bf8-020000000000}

LogonId: 0x2F87B

TerminalSessionId: 1

IntegrityLevel: Medium

Hashes: MD5=B2ACB4DE13896683796A6B6635C40A15,SHA256=FBCDF1DB7D385AE5556F76D1F388F6E7AF08A545C0D797C4B3CD2F0CC739A9AE,IMPHASH=43C6BE584D77B658A53A9A5C606724DD

ParentProcessGuid: {f57bd86a-876a-658c-3003-000000000f00}

ParentProcessId: 5684

ParentImage: C:\Windows\System32\cmd.exe

ParentCommandLine: ""cmd.exe"" /c wmic cpu get name & wmic MEMPHYSICAL get MaxCapacity & wmic baseboard get product & wmic baseboard get version & wmic bios get SMBIOSBIOSVersion & wmic path win32_VideoController get name & wmic path win32_VideoController get DriverVersion & wmic path win32_VideoController get VideoModeDescription & wmic OS get Caption,OSArchitecture,Version & wmic DISKDRIVE get Caption & Get-WmiObject win32_bios

ParentUser: WINDEV2309EVAL\User",Info,wmic.exe,"""cmd.exe"" /c wmic cpu get name & wmic MEMPHYSICAL get MaxCapacity & wmic baseboard get product & wmic baseboard get version & wmic bios get SMBIOSBIOSVersion & wmic path win32_VideoController get name & wmic path win32_VideoController get DriverVersion & wmic path win32_VideoController get VideoModeDescription & wmic OS get Caption,OSArchitecture,Version & wmic DISKDRIVE get Caption & Get-WmiObject win32_bios",C:\Windows\System32\cmd.exe,{f57bd86a-876a-658c-3003-000000000f00},5684,WINDEV2309EVAL\User,{f57bd86a-876b-658c-3b03-000000000f00},3588,8284,Microsoft® Windows® Operating System,,,,,"
      ",-,,,,,,2023-12-27T20:22:03.5690589Z,,,Process Create (rule: ProcessCreate),1,5124,WINDEV2309EVAL\User,S-1-5-18,2023-12-27 20:22:03.568,5,"<Event xmlns=""http://schemas.microsoft.com/win/2004/08/events/event"">
    <System>
      <Provider Name=""Microsoft-Windows-Sysmon"" Guid=""{5770385f-c22a-43e0-bf4c-06f5698ffbd9}""/>
      <EventID>1</EventID>
      <Version>5</Version>
      <Level>4</Level>
      <Task>1</Task>
      <Opcode>0</Opcode>
      <Keywords>0x8000000000000000</Keywords>
      <TimeCreated SystemTime=""2023-12-27T20:22:03.5690589Z""/>
      <EventRecordID>19976</EventRecordID>
      <Correlation/>
      <Execution ProcessID=""3588"" ThreadID=""5124""/>
      <Channel>Microsoft-Windows-Sysmon/Operational</Channel>
      <Computer>WinDev2309Eval</Computer>
      <Security UserID=""S-1-5-18""/>
    </System>
    <EventData>
      <Data Name=""RuleName"">-</Data>
      <Data Name=""UtcTime"">2023-12-27 20:22:03.568</Data>
      <Data Name=""ProcessGuid"">{f57bd86a-876b-658c-3b03-000000000f00}</Data>
      <Data Name=""ProcessId"">8284</Data>
      <Data Name=""Image"">C:\Windows\System32\wbem\WMIC.exe</Data>
      <Data Name=""FileVersion"">10.0.22621.2792 (WinBuild.160101.0800)</Data>
      <Data Name=""Description"">WMI Commandline Utility</Data>
      <Data Name=""Product"">Microsoft&#174; Windows&#174; Operating System</Data>
      <Data Name=""Company"">Microsoft Corporation</Data>
      <Data Name=""OriginalFileName"">wmic.exe</Data>
      <Data Name=""CommandLine"">wmic  DISKDRIVE get Caption </Data>
      <Data Name=""CurrentDirectory"">C:\Users\User\AppData\Local\Temp\</Data>
      <Data Name=""User"">WINDEV2309EVAL\User</Data>
      <Data Name=""LogonGuid"">{f57bd86a-36f9-658c-7bf8-020000000000}</Data>
      <Data Name=""LogonId"">0x2f87b</Data>
      <Data Name=""TerminalSessionId"">1</Data>
      <Data Name=""IntegrityLevel"">Medium</Data>
      <Data Name=""Hashes"">MD5=B2ACB4DE13896683796A6B6635C40A15,SHA256=FBCDF1DB7D385AE5556F76D1F388F6E7AF08A545C0D797C4B3CD2F0CC739A9AE,IMPHASH=43C6BE584D77B658A53A9A5C606724DD</Data>
      <Data Name=""ParentProcessGuid"">{f57bd86a-876a-658c-3003-000000000f00}</Data>
      <Data Name=""ParentProcessId"">5684</Data>
      <Data Name=""ParentImage"">C:\Windows\System32\cmd.exe</Data>
      <Data Name=""ParentCommandLine"">""cmd.exe"" /c wmic cpu get name &amp; wmic MEMPHYSICAL get MaxCapacity &amp; wmic baseboard get product &amp; wmic baseboard get version &amp; wmic bios get SMBIOSBIOSVersion &amp; wmic path win32_VideoController get name &amp; wmic path win32_VideoController get DriverVersion &amp; wmic path win32_VideoController get VideoModeDescription &amp; wmic OS get Caption,OSArchitecture,Version &amp; wmic DISKDRIVE get Caption &amp; Get-WmiObject win32_bios</Data>
      <Data Name=""ParentUser"">WINDEV2309EVAL\User</Data>
    </EventData>
    <RenderingInfo Culture=""en-US"">
      <Message>Process Create:

RuleName: -

UtcTime: 2023-12-27 20:22:03.568

ProcessGuid: {f57bd86a-876b-658c-3b03-000000000f00}

ProcessId: 8284

Image: C:\Windows\System32\wbem\WMIC.exe

FileVersion: 10.0.22621.2792 (WinBuild.160101.0800)

Description: WMI Commandline Utility

Product: Microsoft&#174; Windows&#174; Operating System

Company: Microsoft Corporation

OriginalFileName: wmic.exe

CommandLine: wmic  DISKDRIVE get Caption 

CurrentDirectory: C:\Users\User\AppData\Local\Temp\

User: WINDEV2309EVAL\User

LogonGuid: {f57bd86a-36f9-658c-7bf8-020000000000}

LogonId: 0x2F87B

TerminalSessionId: 1

IntegrityLevel: Medium

Hashes: MD5=B2ACB4DE13896683796A6B6635C40A15,SHA256=FBCDF1DB7D385AE5556F76D1F388F6E7AF08A545C0D797C4B3CD2F0CC739A9AE,IMPHASH=43C6BE584D77B658A53A9A5C606724DD

ParentProcessGuid: {f57bd86a-876a-658c-3003-000000000f00}

ParentProcessId: 5684

ParentImage: C:\Windows\System32\cmd.exe

ParentCommandLine: ""cmd.exe"" /c wmic cpu get name &amp; wmic MEMPHYSICAL get MaxCapacity &amp; wmic baseboard get product &amp; wmic baseboard get version &amp; wmic bios get SMBIOSBIOSVersion &amp; wmic path win32_VideoController get name &amp; wmic path win32_VideoController get DriverVersion &amp; wmic path win32_VideoController get VideoModeDescription &amp; wmic OS get Caption,OSArchitecture,Version &amp; wmic DISKDRIVE get Caption &amp; Get-WmiObject win32_bios

ParentUser: WINDEV2309EVAL\User</Message>
      <Level>Information</Level>
      <Task>Process Create (rule: ProcessCreate)</Task>
      <Opcode>Info</Opcode>
    </RenderingInfo>
  </Event>
  
"
Microsoft-Windows-Sysmon/Operational,"wmic  OS get Caption,OSArchitecture,Version ",Microsoft Corporation,WinDev2309Eval,,C:\Users\User\AppData\Local\Temp\,WMI Commandline Utility,,,,,,,1,19975,,10.0.22621.2792 (WinBuild.160101.0800),"MD5=B2ACB4DE13896683796A6B6635C40A15,SHA256=FBCDF1DB7D385AE5556F76D1F388F6E7AF08A545C0D797C4B3CD2F0CC739A9AE,IMPHASH=43C6BE584D77B658A53A9A5C606724DD",C:\Windows\System32\wbem\WMIC.exe,,Medium,0x8000000000000000,Information,{f57bd86a-36f9-658c-7bf8-020000000000},0x2f87b,"Process Create:

RuleName: -

UtcTime: 2023-12-27 20:22:03.494

ProcessGuid: {f57bd86a-876b-658c-3a03-000000000f00}

ProcessId: 5096

Image: C:\Windows\System32\wbem\WMIC.exe

FileVersion: 10.0.22621.2792 (WinBuild.160101.0800)

Description: WMI Commandline Utility

Product: Microsoft® Windows® Operating System

Company: Microsoft Corporation

OriginalFileName: wmic.exe

CommandLine: wmic  OS get Caption,OSArchitecture,Version 

CurrentDirectory: C:\Users\User\AppData\Local\Temp\

User: WINDEV2309EVAL\User

LogonGuid: {f57bd86a-36f9-658c-7bf8-020000000000}

LogonId: 0x2F87B

TerminalSessionId: 1

IntegrityLevel: Medium

Hashes: MD5=B2ACB4DE13896683796A6B6635C40A15,SHA256=FBCDF1DB7D385AE5556F76D1F388F6E7AF08A545C0D797C4B3CD2F0CC739A9AE,IMPHASH=43C6BE584D77B658A53A9A5C606724DD

ParentProcessGuid: {f57bd86a-876a-658c-3003-000000000f00}

ParentProcessId: 5684

ParentImage: C:\Windows\System32\cmd.exe

ParentCommandLine: ""cmd.exe"" /c wmic cpu get name & wmic MEMPHYSICAL get MaxCapacity & wmic baseboard get product & wmic baseboard get version & wmic bios get SMBIOSBIOSVersion & wmic path win32_VideoController get name & wmic path win32_VideoController get DriverVersion & wmic path win32_VideoController get VideoModeDescription & wmic OS get Caption,OSArchitecture,Version & wmic DISKDRIVE get Caption & Get-WmiObject win32_bios

ParentUser: WINDEV2309EVAL\User",Info,wmic.exe,"""cmd.exe"" /c wmic cpu get name & wmic MEMPHYSICAL get MaxCapacity & wmic baseboard get product & wmic baseboard get version & wmic bios get SMBIOSBIOSVersion & wmic path win32_VideoController get name & wmic path win32_VideoController get DriverVersion & wmic path win32_VideoController get VideoModeDescription & wmic OS get Caption,OSArchitecture,Version & wmic DISKDRIVE get Caption & Get-WmiObject win32_bios",C:\Windows\System32\cmd.exe,{f57bd86a-876a-658c-3003-000000000f00},5684,WINDEV2309EVAL\User,{f57bd86a-876b-658c-3a03-000000000f00},3588,5096,Microsoft® Windows® Operating System,,,,,"
      ",-,,,,,,2023-12-27T20:22:03.4952552Z,,,Process Create (rule: ProcessCreate),1,5124,WINDEV2309EVAL\User,S-1-5-18,2023-12-27 20:22:03.494,5,"<Event xmlns=""http://schemas.microsoft.com/win/2004/08/events/event"">
    <System>
      <Provider Name=""Microsoft-Windows-Sysmon"" Guid=""{5770385f-c22a-43e0-bf4c-06f5698ffbd9}""/>
      <EventID>1</EventID>
      <Version>5</Version>
      <Level>4</Level>
      <Task>1</Task>
      <Opcode>0</Opcode>
      <Keywords>0x8000000000000000</Keywords>
      <TimeCreated SystemTime=""2023-12-27T20:22:03.4952552Z""/>
      <EventRecordID>19975</EventRecordID>
      <Correlation/>
      <Execution ProcessID=""3588"" ThreadID=""5124""/>
      <Channel>Microsoft-Windows-Sysmon/Operational</Channel>
      <Computer>WinDev2309Eval</Computer>
      <Security UserID=""S-1-5-18""/>
    </System>
    <EventData>
      <Data Name=""RuleName"">-</Data>
      <Data Name=""UtcTime"">2023-12-27 20:22:03.494</Data>
      <Data Name=""ProcessGuid"">{f57bd86a-876b-658c-3a03-000000000f00}</Data>
      <Data Name=""ProcessId"">5096</Data>
      <Data Name=""Image"">C:\Windows\System32\wbem\WMIC.exe</Data>
      <Data Name=""FileVersion"">10.0.22621.2792 (WinBuild.160101.0800)</Data>
      <Data Name=""Description"">WMI Commandline Utility</Data>
      <Data Name=""Product"">Microsoft&#174; Windows&#174; Operating System</Data>
      <Data Name=""Company"">Microsoft Corporation</Data>
      <Data Name=""OriginalFileName"">wmic.exe</Data>
      <Data Name=""CommandLine"">wmic  OS get Caption,OSArchitecture,Version </Data>
      <Data Name=""CurrentDirectory"">C:\Users\User\AppData\Local\Temp\</Data>
      <Data Name=""User"">WINDEV2309EVAL\User</Data>
      <Data Name=""LogonGuid"">{f57bd86a-36f9-658c-7bf8-020000000000}</Data>
      <Data Name=""LogonId"">0x2f87b</Data>
      <Data Name=""TerminalSessionId"">1</Data>
      <Data Name=""IntegrityLevel"">Medium</Data>
      <Data Name=""Hashes"">MD5=B2ACB4DE13896683796A6B6635C40A15,SHA256=FBCDF1DB7D385AE5556F76D1F388F6E7AF08A545C0D797C4B3CD2F0CC739A9AE,IMPHASH=43C6BE584D77B658A53A9A5C606724DD</Data>
      <Data Name=""ParentProcessGuid"">{f57bd86a-876a-658c-3003-000000000f00}</Data>
      <Data Name=""ParentProcessId"">5684</Data>
      <Data Name=""ParentImage"">C:\Windows\System32\cmd.exe</Data>
      <Data Name=""ParentCommandLine"">""cmd.exe"" /c wmic cpu get name &amp; wmic MEMPHYSICAL get MaxCapacity &amp; wmic baseboard get product &amp; wmic baseboard get version &amp; wmic bios get SMBIOSBIOSVersion &amp; wmic path win32_VideoController get name &amp; wmic path win32_VideoController get DriverVersion &amp; wmic path win32_VideoController get VideoModeDescription &amp; wmic OS get Caption,OSArchitecture,Version &amp; wmic DISKDRIVE get Caption &amp; Get-WmiObject win32_bios</Data>
      <Data Name=""ParentUser"">WINDEV2309EVAL\User</Data>
    </EventData>
    <RenderingInfo Culture=""en-US"">
      <Message>Process Create:

RuleName: -

UtcTime: 2023-12-27 20:22:03.494

ProcessGuid: {f57bd86a-876b-658c-3a03-000000000f00}

ProcessId: 5096

Image: C:\Windows\System32\wbem\WMIC.exe

FileVersion: 10.0.22621.2792 (WinBuild.160101.0800)

Description: WMI Commandline Utility

Product: Microsoft&#174; Windows&#174; Operating System

Company: Microsoft Corporation

OriginalFileName: wmic.exe

CommandLine: wmic  OS get Caption,OSArchitecture,Version 

CurrentDirectory: C:\Users\User\AppData\Local\Temp\

User: WINDEV2309EVAL\User

LogonGuid: {f57bd86a-36f9-658c-7bf8-020000000000}

LogonId: 0x2F87B

TerminalSessionId: 1

IntegrityLevel: Medium

Hashes: MD5=B2ACB4DE13896683796A6B6635C40A15,SHA256=FBCDF1DB7D385AE5556F76D1F388F6E7AF08A545C0D797C4B3CD2F0CC739A9AE,IMPHASH=43C6BE584D77B658A53A9A5C606724DD

ParentProcessGuid: {f57bd86a-876a-658c-3003-000000000f00}

ParentProcessId: 5684

ParentImage: C:\Windows\System32\cmd.exe

ParentCommandLine: ""cmd.exe"" /c wmic cpu get name &amp; wmic MEMPHYSICAL get MaxCapacity &amp; wmic baseboard get product &amp; wmic baseboard get version &amp; wmic bios get SMBIOSBIOSVersion &amp; wmic path win32_VideoController get name &amp; wmic path win32_VideoController get DriverVersion &amp; wmic path win32_VideoController get VideoModeDescription &amp; wmic OS get Caption,OSArchitecture,Version &amp; wmic DISKDRIVE get Caption &amp; Get-WmiObject win32_bios

ParentUser: WINDEV2309EVAL\User</Message>
      <Level>Information</Level>
      <Task>Process Create (rule: ProcessCreate)</Task>
      <Opcode>Info</Opcode>
    </RenderingInfo>
  </Event>
  
"
Microsoft-Windows-Sysmon/Operational,wmic  path win32_VideoController get VideoModeDescription ,Microsoft Corporation,WinDev2309Eval,,C:\Users\User\AppData\Local\Temp\,WMI Commandline Utility,,,,,,,1,19974,,10.0.22621.2792 (WinBuild.160101.0800),"MD5=B2ACB4DE13896683796A6B6635C40A15,SHA256=FBCDF1DB7D385AE5556F76D1F388F6E7AF08A545C0D797C4B3CD2F0CC739A9AE,IMPHASH=43C6BE584D77B658A53A9A5C606724DD",C:\Windows\System32\wbem\WMIC.exe,,Medium,0x8000000000000000,Information,{f57bd86a-36f9-658c-7bf8-020000000000},0x2f87b,"Process Create:

RuleName: -

UtcTime: 2023-12-27 20:22:03.422

ProcessGuid: {f57bd86a-876b-658c-3903-000000000f00}

ProcessId: 5984

Image: C:\Windows\System32\wbem\WMIC.exe

FileVersion: 10.0.22621.2792 (WinBuild.160101.0800)

Description: WMI Commandline Utility

Product: Microsoft® Windows® Operating System

Company: Microsoft Corporation

OriginalFileName: wmic.exe

CommandLine: wmic  path win32_VideoController get VideoModeDescription 

CurrentDirectory: C:\Users\User\AppData\Local\Temp\

User: WINDEV2309EVAL\User

LogonGuid: {f57bd86a-36f9-658c-7bf8-020000000000}

LogonId: 0x2F87B

TerminalSessionId: 1

IntegrityLevel: Medium

Hashes: MD5=B2ACB4DE13896683796A6B6635C40A15,SHA256=FBCDF1DB7D385AE5556F76D1F388F6E7AF08A545C0D797C4B3CD2F0CC739A9AE,IMPHASH=43C6BE584D77B658A53A9A5C606724DD

ParentProcessGuid: {f57bd86a-876a-658c-3003-000000000f00}

ParentProcessId: 5684

ParentImage: C:\Windows\System32\cmd.exe

ParentCommandLine: ""cmd.exe"" /c wmic cpu get name & wmic MEMPHYSICAL get MaxCapacity & wmic baseboard get product & wmic baseboard get version & wmic bios get SMBIOSBIOSVersion & wmic path win32_VideoController get name & wmic path win32_VideoController get DriverVersion & wmic path win32_VideoController get VideoModeDescription & wmic OS get Caption,OSArchitecture,Version & wmic DISKDRIVE get Caption & Get-WmiObject win32_bios

ParentUser: WINDEV2309EVAL\User",Info,wmic.exe,"""cmd.exe"" /c wmic cpu get name & wmic MEMPHYSICAL get MaxCapacity & wmic baseboard get product & wmic baseboard get version & wmic bios get SMBIOSBIOSVersion & wmic path win32_VideoController get name & wmic path win32_VideoController get DriverVersion & wmic path win32_VideoController get VideoModeDescription & wmic OS get Caption,OSArchitecture,Version & wmic DISKDRIVE get Caption & Get-WmiObject win32_bios",C:\Windows\System32\cmd.exe,{f57bd86a-876a-658c-3003-000000000f00},5684,WINDEV2309EVAL\User,{f57bd86a-876b-658c-3903-000000000f00},3588,5984,Microsoft® Windows® Operating System,,,,,"
      ",-,,,,,,2023-12-27T20:22:03.4238110Z,,,Process Create (rule: ProcessCreate),1,5124,WINDEV2309EVAL\User,S-1-5-18,2023-12-27 20:22:03.422,5,"<Event xmlns=""http://schemas.microsoft.com/win/2004/08/events/event"">
    <System>
      <Provider Name=""Microsoft-Windows-Sysmon"" Guid=""{5770385f-c22a-43e0-bf4c-06f5698ffbd9}""/>
      <EventID>1</EventID>
      <Version>5</Version>
      <Level>4</Level>
      <Task>1</Task>
      <Opcode>0</Opcode>
      <Keywords>0x8000000000000000</Keywords>
      <TimeCreated SystemTime=""2023-12-27T20:22:03.4238110Z""/>
      <EventRecordID>19974</EventRecordID>
      <Correlation/>
      <Execution ProcessID=""3588"" ThreadID=""5124""/>
      <Channel>Microsoft-Windows-Sysmon/Operational</Channel>
      <Computer>WinDev2309Eval</Computer>
      <Security UserID=""S-1-5-18""/>
    </System>
    <EventData>
      <Data Name=""RuleName"">-</Data>
      <Data Name=""UtcTime"">2023-12-27 20:22:03.422</Data>
      <Data Name=""ProcessGuid"">{f57bd86a-876b-658c-3903-000000000f00}</Data>
      <Data Name=""ProcessId"">5984</Data>
      <Data Name=""Image"">C:\Windows\System32\wbem\WMIC.exe</Data>
      <Data Name=""FileVersion"">10.0.22621.2792 (WinBuild.160101.0800)</Data>
      <Data Name=""Description"">WMI Commandline Utility</Data>
      <Data Name=""Product"">Microsoft&#174; Windows&#174; Operating System</Data>
      <Data Name=""Company"">Microsoft Corporation</Data>
      <Data Name=""OriginalFileName"">wmic.exe</Data>
      <Data Name=""CommandLine"">wmic  path win32_VideoController get VideoModeDescription </Data>
      <Data Name=""CurrentDirectory"">C:\Users\User\AppData\Local\Temp\</Data>
      <Data Name=""User"">WINDEV2309EVAL\User</Data>
      <Data Name=""LogonGuid"">{f57bd86a-36f9-658c-7bf8-020000000000}</Data>
      <Data Name=""LogonId"">0x2f87b</Data>
      <Data Name=""TerminalSessionId"">1</Data>
      <Data Name=""IntegrityLevel"">Medium</Data>
      <Data Name=""Hashes"">MD5=B2ACB4DE13896683796A6B6635C40A15,SHA256=FBCDF1DB7D385AE5556F76D1F388F6E7AF08A545C0D797C4B3CD2F0CC739A9AE,IMPHASH=43C6BE584D77B658A53A9A5C606724DD</Data>
      <Data Name=""ParentProcessGuid"">{f57bd86a-876a-658c-3003-000000000f00}</Data>
      <Data Name=""ParentProcessId"">5684</Data>
      <Data Name=""ParentImage"">C:\Windows\System32\cmd.exe</Data>
      <Data Name=""ParentCommandLine"">""cmd.exe"" /c wmic cpu get name &amp; wmic MEMPHYSICAL get MaxCapacity &amp; wmic baseboard get product &amp; wmic baseboard get version &amp; wmic bios get SMBIOSBIOSVersion &amp; wmic path win32_VideoController get name &amp; wmic path win32_VideoController get DriverVersion &amp; wmic path win32_VideoController get VideoModeDescription &amp; wmic OS get Caption,OSArchitecture,Version &amp; wmic DISKDRIVE get Caption &amp; Get-WmiObject win32_bios</Data>
      <Data Name=""ParentUser"">WINDEV2309EVAL\User</Data>
    </EventData>
    <RenderingInfo Culture=""en-US"">
      <Message>Process Create:

RuleName: -

UtcTime: 2023-12-27 20:22:03.422

ProcessGuid: {f57bd86a-876b-658c-3903-000000000f00}

ProcessId: 5984

Image: C:\Windows\System32\wbem\WMIC.exe

FileVersion: 10.0.22621.2792 (WinBuild.160101.0800)

Description: WMI Commandline Utility

Product: Microsoft&#174; Windows&#174; Operating System

Company: Microsoft Corporation

OriginalFileName: wmic.exe

CommandLine: wmic  path win32_VideoController get VideoModeDescription 

CurrentDirectory: C:\Users\User\AppData\Local\Temp\

User: WINDEV2309EVAL\User

LogonGuid: {f57bd86a-36f9-658c-7bf8-020000000000}

LogonId: 0x2F87B

TerminalSessionId: 1

IntegrityLevel: Medium

Hashes: MD5=B2ACB4DE13896683796A6B6635C40A15,SHA256=FBCDF1DB7D385AE5556F76D1F388F6E7AF08A545C0D797C4B3CD2F0CC739A9AE,IMPHASH=43C6BE584D77B658A53A9A5C606724DD

ParentProcessGuid: {f57bd86a-876a-658c-3003-000000000f00}

ParentProcessId: 5684

ParentImage: C:\Windows\System32\cmd.exe

ParentCommandLine: ""cmd.exe"" /c wmic cpu get name &amp; wmic MEMPHYSICAL get MaxCapacity &amp; wmic baseboard get product &amp; wmic baseboard get version &amp; wmic bios get SMBIOSBIOSVersion &amp; wmic path win32_VideoController get name &amp; wmic path win32_VideoController get DriverVersion &amp; wmic path win32_VideoController get VideoModeDescription &amp; wmic OS get Caption,OSArchitecture,Version &amp; wmic DISKDRIVE get Caption &amp; Get-WmiObject win32_bios

ParentUser: WINDEV2309EVAL\User</Message>
      <Level>Information</Level>
      <Task>Process Create (rule: ProcessCreate)</Task>
      <Opcode>Info</Opcode>
    </RenderingInfo>
  </Event>
  
"
Microsoft-Windows-Sysmon/Operational,wmic  path win32_VideoController get DriverVersion ,Microsoft Corporation,WinDev2309Eval,,C:\Users\User\AppData\Local\Temp\,WMI Commandline Utility,,,,,,,1,19973,,10.0.22621.2792 (WinBuild.160101.0800),"MD5=B2ACB4DE13896683796A6B6635C40A15,SHA256=FBCDF1DB7D385AE5556F76D1F388F6E7AF08A545C0D797C4B3CD2F0CC739A9AE,IMPHASH=43C6BE584D77B658A53A9A5C606724DD",C:\Windows\System32\wbem\WMIC.exe,,Medium,0x8000000000000000,Information,{f57bd86a-36f9-658c-7bf8-020000000000},0x2f87b,"Process Create:

RuleName: -

UtcTime: 2023-12-27 20:22:03.339

ProcessGuid: {f57bd86a-876b-658c-3803-000000000f00}

ProcessId: 9176

Image: C:\Windows\System32\wbem\WMIC.exe

FileVersion: 10.0.22621.2792 (WinBuild.160101.0800)

Description: WMI Commandline Utility

Product: Microsoft® Windows® Operating System

Company: Microsoft Corporation

OriginalFileName: wmic.exe

CommandLine: wmic  path win32_VideoController get DriverVersion 

CurrentDirectory: C:\Users\User\AppData\Local\Temp\

User: WINDEV2309EVAL\User

LogonGuid: {f57bd86a-36f9-658c-7bf8-020000000000}

LogonId: 0x2F87B

TerminalSessionId: 1

IntegrityLevel: Medium

Hashes: MD5=B2ACB4DE13896683796A6B6635C40A15,SHA256=FBCDF1DB7D385AE5556F76D1F388F6E7AF08A545C0D797C4B3CD2F0CC739A9AE,IMPHASH=43C6BE584D77B658A53A9A5C606724DD

ParentProcessGuid: {f57bd86a-876a-658c-3003-000000000f00}

ParentProcessId: 5684

ParentImage: C:\Windows\System32\cmd.exe

ParentCommandLine: ""cmd.exe"" /c wmic cpu get name & wmic MEMPHYSICAL get MaxCapacity & wmic baseboard get product & wmic baseboard get version & wmic bios get SMBIOSBIOSVersion & wmic path win32_VideoController get name & wmic path win32_VideoController get DriverVersion & wmic path win32_VideoController get VideoModeDescription & wmic OS get Caption,OSArchitecture,Version & wmic DISKDRIVE get Caption & Get-WmiObject win32_bios

ParentUser: WINDEV2309EVAL\User",Info,wmic.exe,"""cmd.exe"" /c wmic cpu get name & wmic MEMPHYSICAL get MaxCapacity & wmic baseboard get product & wmic baseboard get version & wmic bios get SMBIOSBIOSVersion & wmic path win32_VideoController get name & wmic path win32_VideoController get DriverVersion & wmic path win32_VideoController get VideoModeDescription & wmic OS get Caption,OSArchitecture,Version & wmic DISKDRIVE get Caption & Get-WmiObject win32_bios",C:\Windows\System32\cmd.exe,{f57bd86a-876a-658c-3003-000000000f00},5684,WINDEV2309EVAL\User,{f57bd86a-876b-658c-3803-000000000f00},3588,9176,Microsoft® Windows® Operating System,,,,,"
      ",-,,,,,,2023-12-27T20:22:03.3403783Z,,,Process Create (rule: ProcessCreate),1,5124,WINDEV2309EVAL\User,S-1-5-18,2023-12-27 20:22:03.339,5,"<Event xmlns=""http://schemas.microsoft.com/win/2004/08/events/event"">
    <System>
      <Provider Name=""Microsoft-Windows-Sysmon"" Guid=""{5770385f-c22a-43e0-bf4c-06f5698ffbd9}""/>
      <EventID>1</EventID>
      <Version>5</Version>
      <Level>4</Level>
      <Task>1</Task>
      <Opcode>0</Opcode>
      <Keywords>0x8000000000000000</Keywords>
      <TimeCreated SystemTime=""2023-12-27T20:22:03.3403783Z""/>
      <EventRecordID>19973</EventRecordID>
      <Correlation/>
      <Execution ProcessID=""3588"" ThreadID=""5124""/>
      <Channel>Microsoft-Windows-Sysmon/Operational</Channel>
      <Computer>WinDev2309Eval</Computer>
      <Security UserID=""S-1-5-18""/>
    </System>
    <EventData>
      <Data Name=""RuleName"">-</Data>
      <Data Name=""UtcTime"">2023-12-27 20:22:03.339</Data>
      <Data Name=""ProcessGuid"">{f57bd86a-876b-658c-3803-000000000f00}</Data>
      <Data Name=""ProcessId"">9176</Data>
      <Data Name=""Image"">C:\Windows\System32\wbem\WMIC.exe</Data>
      <Data Name=""FileVersion"">10.0.22621.2792 (WinBuild.160101.0800)</Data>
      <Data Name=""Description"">WMI Commandline Utility</Data>
      <Data Name=""Product"">Microsoft&#174; Windows&#174; Operating System</Data>
      <Data Name=""Company"">Microsoft Corporation</Data>
      <Data Name=""OriginalFileName"">wmic.exe</Data>
      <Data Name=""CommandLine"">wmic  path win32_VideoController get DriverVersion </Data>
      <Data Name=""CurrentDirectory"">C:\Users\User\AppData\Local\Temp\</Data>
      <Data Name=""User"">WINDEV2309EVAL\User</Data>
      <Data Name=""LogonGuid"">{f57bd86a-36f9-658c-7bf8-020000000000}</Data>
      <Data Name=""LogonId"">0x2f87b</Data>
      <Data Name=""TerminalSessionId"">1</Data>
      <Data Name=""IntegrityLevel"">Medium</Data>
      <Data Name=""Hashes"">MD5=B2ACB4DE13896683796A6B6635C40A15,SHA256=FBCDF1DB7D385AE5556F76D1F388F6E7AF08A545C0D797C4B3CD2F0CC739A9AE,IMPHASH=43C6BE584D77B658A53A9A5C606724DD</Data>
      <Data Name=""ParentProcessGuid"">{f57bd86a-876a-658c-3003-000000000f00}</Data>
      <Data Name=""ParentProcessId"">5684</Data>
      <Data Name=""ParentImage"">C:\Windows\System32\cmd.exe</Data>
      <Data Name=""ParentCommandLine"">""cmd.exe"" /c wmic cpu get name &amp; wmic MEMPHYSICAL get MaxCapacity &amp; wmic baseboard get product &amp; wmic baseboard get version &amp; wmic bios get SMBIOSBIOSVersion &amp; wmic path win32_VideoController get name &amp; wmic path win32_VideoController get DriverVersion &amp; wmic path win32_VideoController get VideoModeDescription &amp; wmic OS get Caption,OSArchitecture,Version &amp; wmic DISKDRIVE get Caption &amp; Get-WmiObject win32_bios</Data>
      <Data Name=""ParentUser"">WINDEV2309EVAL\User</Data>
    </EventData>
    <RenderingInfo Culture=""en-US"">
      <Message>Process Create:

RuleName: -

UtcTime: 2023-12-27 20:22:03.339

ProcessGuid: {f57bd86a-876b-658c-3803-000000000f00}

ProcessId: 9176

Image: C:\Windows\System32\wbem\WMIC.exe

FileVersion: 10.0.22621.2792 (WinBuild.160101.0800)

Description: WMI Commandline Utility

Product: Microsoft&#174; Windows&#174; Operating System

Company: Microsoft Corporation

OriginalFileName: wmic.exe

CommandLine: wmic  path win32_VideoController get DriverVersion 

CurrentDirectory: C:\Users\User\AppData\Local\Temp\

User: WINDEV2309EVAL\User

LogonGuid: {f57bd86a-36f9-658c-7bf8-020000000000}

LogonId: 0x2F87B

TerminalSessionId: 1

IntegrityLevel: Medium

Hashes: MD5=B2ACB4DE13896683796A6B6635C40A15,SHA256=FBCDF1DB7D385AE5556F76D1F388F6E7AF08A545C0D797C4B3CD2F0CC739A9AE,IMPHASH=43C6BE584D77B658A53A9A5C606724DD

ParentProcessGuid: {f57bd86a-876a-658c-3003-000000000f00}

ParentProcessId: 5684

ParentImage: C:\Windows\System32\cmd.exe

ParentCommandLine: ""cmd.exe"" /c wmic cpu get name &amp; wmic MEMPHYSICAL get MaxCapacity &amp; wmic baseboard get product &amp; wmic baseboard get version &amp; wmic bios get SMBIOSBIOSVersion &amp; wmic path win32_VideoController get name &amp; wmic path win32_VideoController get DriverVersion &amp; wmic path win32_VideoController get VideoModeDescription &amp; wmic OS get Caption,OSArchitecture,Version &amp; wmic DISKDRIVE get Caption &amp; Get-WmiObject win32_bios

ParentUser: WINDEV2309EVAL\User</Message>
      <Level>Information</Level>
      <Task>Process Create (rule: ProcessCreate)</Task>
      <Opcode>Info</Opcode>
    </RenderingInfo>
  </Event>
  
"
Microsoft-Windows-Sysmon/Operational,wmic  path win32_VideoController get name ,Microsoft Corporation,WinDev2309Eval,,C:\Users\User\AppData\Local\Temp\,WMI Commandline Utility,,,,,,,1,19972,,10.0.22621.2792 (WinBuild.160101.0800),"MD5=B2ACB4DE13896683796A6B6635C40A15,SHA256=FBCDF1DB7D385AE5556F76D1F388F6E7AF08A545C0D797C4B3CD2F0CC739A9AE,IMPHASH=43C6BE584D77B658A53A9A5C606724DD",C:\Windows\System32\wbem\WMIC.exe,,Medium,0x8000000000000000,Information,{f57bd86a-36f9-658c-7bf8-020000000000},0x2f87b,"Process Create:

RuleName: -

UtcTime: 2023-12-27 20:22:03.262

ProcessGuid: {f57bd86a-876b-658c-3703-000000000f00}

ProcessId: 6892

Image: C:\Windows\System32\wbem\WMIC.exe

FileVersion: 10.0.22621.2792 (WinBuild.160101.0800)

Description: WMI Commandline Utility

Product: Microsoft® Windows® Operating System

Company: Microsoft Corporation

OriginalFileName: wmic.exe

CommandLine: wmic  path win32_VideoController get name 

CurrentDirectory: C:\Users\User\AppData\Local\Temp\

User: WINDEV2309EVAL\User

LogonGuid: {f57bd86a-36f9-658c-7bf8-020000000000}

LogonId: 0x2F87B

TerminalSessionId: 1

IntegrityLevel: Medium

Hashes: MD5=B2ACB4DE13896683796A6B6635C40A15,SHA256=FBCDF1DB7D385AE5556F76D1F388F6E7AF08A545C0D797C4B3CD2F0CC739A9AE,IMPHASH=43C6BE584D77B658A53A9A5C606724DD

ParentProcessGuid: {f57bd86a-876a-658c-3003-000000000f00}

ParentProcessId: 5684

ParentImage: C:\Windows\System32\cmd.exe

ParentCommandLine: ""cmd.exe"" /c wmic cpu get name & wmic MEMPHYSICAL get MaxCapacity & wmic baseboard get product & wmic baseboard get version & wmic bios get SMBIOSBIOSVersion & wmic path win32_VideoController get name & wmic path win32_VideoController get DriverVersion & wmic path win32_VideoController get VideoModeDescription & wmic OS get Caption,OSArchitecture,Version & wmic DISKDRIVE get Caption & Get-WmiObject win32_bios

ParentUser: WINDEV2309EVAL\User",Info,wmic.exe,"""cmd.exe"" /c wmic cpu get name & wmic MEMPHYSICAL get MaxCapacity & wmic baseboard get product & wmic baseboard get version & wmic bios get SMBIOSBIOSVersion & wmic path win32_VideoController get name & wmic path win32_VideoController get DriverVersion & wmic path win32_VideoController get VideoModeDescription & wmic OS get Caption,OSArchitecture,Version & wmic DISKDRIVE get Caption & Get-WmiObject win32_bios",C:\Windows\System32\cmd.exe,{f57bd86a-876a-658c-3003-000000000f00},5684,WINDEV2309EVAL\User,{f57bd86a-876b-658c-3703-000000000f00},3588,6892,Microsoft® Windows® Operating System,,,,,"
      ",-,,,,,,2023-12-27T20:22:03.2635876Z,,,Process Create (rule: ProcessCreate),1,5124,WINDEV2309EVAL\User,S-1-5-18,2023-12-27 20:22:03.262,5,"<Event xmlns=""http://schemas.microsoft.com/win/2004/08/events/event"">
    <System>
      <Provider Name=""Microsoft-Windows-Sysmon"" Guid=""{5770385f-c22a-43e0-bf4c-06f5698ffbd9}""/>
      <EventID>1</EventID>
      <Version>5</Version>
      <Level>4</Level>
      <Task>1</Task>
      <Opcode>0</Opcode>
      <Keywords>0x8000000000000000</Keywords>
      <TimeCreated SystemTime=""2023-12-27T20:22:03.2635876Z""/>
      <EventRecordID>19972</EventRecordID>
      <Correlation/>
      <Execution ProcessID=""3588"" ThreadID=""5124""/>
      <Channel>Microsoft-Windows-Sysmon/Operational</Channel>
      <Computer>WinDev2309Eval</Computer>
      <Security UserID=""S-1-5-18""/>
    </System>
    <EventData>
      <Data Name=""RuleName"">-</Data>
      <Data Name=""UtcTime"">2023-12-27 20:22:03.262</Data>
      <Data Name=""ProcessGuid"">{f57bd86a-876b-658c-3703-000000000f00}</Data>
      <Data Name=""ProcessId"">6892</Data>
      <Data Name=""Image"">C:\Windows\System32\wbem\WMIC.exe</Data>
      <Data Name=""FileVersion"">10.0.22621.2792 (WinBuild.160101.0800)</Data>
      <Data Name=""Description"">WMI Commandline Utility</Data>
      <Data Name=""Product"">Microsoft&#174; Windows&#174; Operating System</Data>
      <Data Name=""Company"">Microsoft Corporation</Data>
      <Data Name=""OriginalFileName"">wmic.exe</Data>
      <Data Name=""CommandLine"">wmic  path win32_VideoController get name </Data>
      <Data Name=""CurrentDirectory"">C:\Users\User\AppData\Local\Temp\</Data>
      <Data Name=""User"">WINDEV2309EVAL\User</Data>
      <Data Name=""LogonGuid"">{f57bd86a-36f9-658c-7bf8-020000000000}</Data>
      <Data Name=""LogonId"">0x2f87b</Data>
      <Data Name=""TerminalSessionId"">1</Data>
      <Data Name=""IntegrityLevel"">Medium</Data>
      <Data Name=""Hashes"">MD5=B2ACB4DE13896683796A6B6635C40A15,SHA256=FBCDF1DB7D385AE5556F76D1F388F6E7AF08A545C0D797C4B3CD2F0CC739A9AE,IMPHASH=43C6BE584D77B658A53A9A5C606724DD</Data>
      <Data Name=""ParentProcessGuid"">{f57bd86a-876a-658c-3003-000000000f00}</Data>
      <Data Name=""ParentProcessId"">5684</Data>
      <Data Name=""ParentImage"">C:\Windows\System32\cmd.exe</Data>
      <Data Name=""ParentCommandLine"">""cmd.exe"" /c wmic cpu get name &amp; wmic MEMPHYSICAL get MaxCapacity &amp; wmic baseboard get product &amp; wmic baseboard get version &amp; wmic bios get SMBIOSBIOSVersion &amp; wmic path win32_VideoController get name &amp; wmic path win32_VideoController get DriverVersion &amp; wmic path win32_VideoController get VideoModeDescription &amp; wmic OS get Caption,OSArchitecture,Version &amp; wmic DISKDRIVE get Caption &amp; Get-WmiObject win32_bios</Data>
      <Data Name=""ParentUser"">WINDEV2309EVAL\User</Data>
    </EventData>
    <RenderingInfo Culture=""en-US"">
      <Message>Process Create:

RuleName: -

UtcTime: 2023-12-27 20:22:03.262

ProcessGuid: {f57bd86a-876b-658c-3703-000000000f00}

ProcessId: 6892

Image: C:\Windows\System32\wbem\WMIC.exe

FileVersion: 10.0.22621.2792 (WinBuild.160101.0800)

Description: WMI Commandline Utility

Product: Microsoft&#174; Windows&#174; Operating System

Company: Microsoft Corporation

OriginalFileName: wmic.exe

CommandLine: wmic  path win32_VideoController get name 

CurrentDirectory: C:\Users\User\AppData\Local\Temp\

User: WINDEV2309EVAL\User

LogonGuid: {f57bd86a-36f9-658c-7bf8-020000000000}

LogonId: 0x2F87B

TerminalSessionId: 1

IntegrityLevel: Medium

Hashes: MD5=B2ACB4DE13896683796A6B6635C40A15,SHA256=FBCDF1DB7D385AE5556F76D1F388F6E7AF08A545C0D797C4B3CD2F0CC739A9AE,IMPHASH=43C6BE584D77B658A53A9A5C606724DD

ParentProcessGuid: {f57bd86a-876a-658c-3003-000000000f00}

ParentProcessId: 5684

ParentImage: C:\Windows\System32\cmd.exe

ParentCommandLine: ""cmd.exe"" /c wmic cpu get name &amp; wmic MEMPHYSICAL get MaxCapacity &amp; wmic baseboard get product &amp; wmic baseboard get version &amp; wmic bios get SMBIOSBIOSVersion &amp; wmic path win32_VideoController get name &amp; wmic path win32_VideoController get DriverVersion &amp; wmic path win32_VideoController get VideoModeDescription &amp; wmic OS get Caption,OSArchitecture,Version &amp; wmic DISKDRIVE get Caption &amp; Get-WmiObject win32_bios

ParentUser: WINDEV2309EVAL\User</Message>
      <Level>Information</Level>
      <Task>Process Create (rule: ProcessCreate)</Task>
      <Opcode>Info</Opcode>
    </RenderingInfo>
  </Event>
  
"
Microsoft-Windows-Sysmon/Operational,wmic  bios get SMBIOSBIOSVersion ,Microsoft Corporation,WinDev2309Eval,,C:\Users\User\AppData\Local\Temp\,WMI Commandline Utility,,,,,,,1,19971,,10.0.22621.2792 (WinBuild.160101.0800),"MD5=B2ACB4DE13896683796A6B6635C40A15,SHA256=FBCDF1DB7D385AE5556F76D1F388F6E7AF08A545C0D797C4B3CD2F0CC739A9AE,IMPHASH=43C6BE584D77B658A53A9A5C606724DD",C:\Windows\System32\wbem\WMIC.exe,,Medium,0x8000000000000000,Information,{f57bd86a-36f9-658c-7bf8-020000000000},0x2f87b,"Process Create:

RuleName: -

UtcTime: 2023-12-27 20:22:03.190

ProcessGuid: {f57bd86a-876b-658c-3603-000000000f00}

ProcessId: 2932

Image: C:\Windows\System32\wbem\WMIC.exe

FileVersion: 10.0.22621.2792 (WinBuild.160101.0800)

Description: WMI Commandline Utility

Product: Microsoft® Windows® Operating System

Company: Microsoft Corporation

OriginalFileName: wmic.exe

CommandLine: wmic  bios get SMBIOSBIOSVersion 

CurrentDirectory: C:\Users\User\AppData\Local\Temp\

User: WINDEV2309EVAL\User

LogonGuid: {f57bd86a-36f9-658c-7bf8-020000000000}

LogonId: 0x2F87B

TerminalSessionId: 1

IntegrityLevel: Medium

Hashes: MD5=B2ACB4DE13896683796A6B6635C40A15,SHA256=FBCDF1DB7D385AE5556F76D1F388F6E7AF08A545C0D797C4B3CD2F0CC739A9AE,IMPHASH=43C6BE584D77B658A53A9A5C606724DD

ParentProcessGuid: {f57bd86a-876a-658c-3003-000000000f00}

ParentProcessId: 5684

ParentImage: C:\Windows\System32\cmd.exe

ParentCommandLine: ""cmd.exe"" /c wmic cpu get name & wmic MEMPHYSICAL get MaxCapacity & wmic baseboard get product & wmic baseboard get version & wmic bios get SMBIOSBIOSVersion & wmic path win32_VideoController get name & wmic path win32_VideoController get DriverVersion & wmic path win32_VideoController get VideoModeDescription & wmic OS get Caption,OSArchitecture,Version & wmic DISKDRIVE get Caption & Get-WmiObject win32_bios

ParentUser: WINDEV2309EVAL\User",Info,wmic.exe,"""cmd.exe"" /c wmic cpu get name & wmic MEMPHYSICAL get MaxCapacity & wmic baseboard get product & wmic baseboard get version & wmic bios get SMBIOSBIOSVersion & wmic path win32_VideoController get name & wmic path win32_VideoController get DriverVersion & wmic path win32_VideoController get VideoModeDescription & wmic OS get Caption,OSArchitecture,Version & wmic DISKDRIVE get Caption & Get-WmiObject win32_bios",C:\Windows\System32\cmd.exe,{f57bd86a-876a-658c-3003-000000000f00},5684,WINDEV2309EVAL\User,{f57bd86a-876b-658c-3603-000000000f00},3588,2932,Microsoft® Windows® Operating System,,,,,"
      ",-,,,,,,2023-12-27T20:22:03.1909119Z,,,Process Create (rule: ProcessCreate),1,5124,WINDEV2309EVAL\User,S-1-5-18,2023-12-27 20:22:03.190,5,"<Event xmlns=""http://schemas.microsoft.com/win/2004/08/events/event"">
    <System>
      <Provider Name=""Microsoft-Windows-Sysmon"" Guid=""{5770385f-c22a-43e0-bf4c-06f5698ffbd9}""/>
      <EventID>1</EventID>
      <Version>5</Version>
      <Level>4</Level>
      <Task>1</Task>
      <Opcode>0</Opcode>
      <Keywords>0x8000000000000000</Keywords>
      <TimeCreated SystemTime=""2023-12-27T20:22:03.1909119Z""/>
      <EventRecordID>19971</EventRecordID>
      <Correlation/>
      <Execution ProcessID=""3588"" ThreadID=""5124""/>
      <Channel>Microsoft-Windows-Sysmon/Operational</Channel>
      <Computer>WinDev2309Eval</Computer>
      <Security UserID=""S-1-5-18""/>
    </System>
    <EventData>
      <Data Name=""RuleName"">-</Data>
      <Data Name=""UtcTime"">2023-12-27 20:22:03.190</Data>
      <Data Name=""ProcessGuid"">{f57bd86a-876b-658c-3603-000000000f00}</Data>
      <Data Name=""ProcessId"">2932</Data>
      <Data Name=""Image"">C:\Windows\System32\wbem\WMIC.exe</Data>
      <Data Name=""FileVersion"">10.0.22621.2792 (WinBuild.160101.0800)</Data>
      <Data Name=""Description"">WMI Commandline Utility</Data>
      <Data Name=""Product"">Microsoft&#174; Windows&#174; Operating System</Data>
      <Data Name=""Company"">Microsoft Corporation</Data>
      <Data Name=""OriginalFileName"">wmic.exe</Data>
      <Data Name=""CommandLine"">wmic  bios get SMBIOSBIOSVersion </Data>
      <Data Name=""CurrentDirectory"">C:\Users\User\AppData\Local\Temp\</Data>
      <Data Name=""User"">WINDEV2309EVAL\User</Data>
      <Data Name=""LogonGuid"">{f57bd86a-36f9-658c-7bf8-020000000000}</Data>
      <Data Name=""LogonId"">0x2f87b</Data>
      <Data Name=""TerminalSessionId"">1</Data>
      <Data Name=""IntegrityLevel"">Medium</Data>
      <Data Name=""Hashes"">MD5=B2ACB4DE13896683796A6B6635C40A15,SHA256=FBCDF1DB7D385AE5556F76D1F388F6E7AF08A545C0D797C4B3CD2F0CC739A9AE,IMPHASH=43C6BE584D77B658A53A9A5C606724DD</Data>
      <Data Name=""ParentProcessGuid"">{f57bd86a-876a-658c-3003-000000000f00}</Data>
      <Data Name=""ParentProcessId"">5684</Data>
      <Data Name=""ParentImage"">C:\Windows\System32\cmd.exe</Data>
      <Data Name=""ParentCommandLine"">""cmd.exe"" /c wmic cpu get name &amp; wmic MEMPHYSICAL get MaxCapacity &amp; wmic baseboard get product &amp; wmic baseboard get version &amp; wmic bios get SMBIOSBIOSVersion &amp; wmic path win32_VideoController get name &amp; wmic path win32_VideoController get DriverVersion &amp; wmic path win32_VideoController get VideoModeDescription &amp; wmic OS get Caption,OSArchitecture,Version &amp; wmic DISKDRIVE get Caption &amp; Get-WmiObject win32_bios</Data>
      <Data Name=""ParentUser"">WINDEV2309EVAL\User</Data>
    </EventData>
    <RenderingInfo Culture=""en-US"">
      <Message>Process Create:

RuleName: -

UtcTime: 2023-12-27 20:22:03.190

ProcessGuid: {f57bd86a-876b-658c-3603-000000000f00}

ProcessId: 2932

Image: C:\Windows\System32\wbem\WMIC.exe

FileVersion: 10.0.22621.2792 (WinBuild.160101.0800)

Description: WMI Commandline Utility

Product: Microsoft&#174; Windows&#174; Operating System

Company: Microsoft Corporation

OriginalFileName: wmic.exe

CommandLine: wmic  bios get SMBIOSBIOSVersion 

CurrentDirectory: C:\Users\User\AppData\Local\Temp\

User: WINDEV2309EVAL\User

LogonGuid: {f57bd86a-36f9-658c-7bf8-020000000000}

LogonId: 0x2F87B

TerminalSessionId: 1

IntegrityLevel: Medium

Hashes: MD5=B2ACB4DE13896683796A6B6635C40A15,SHA256=FBCDF1DB7D385AE5556F76D1F388F6E7AF08A545C0D797C4B3CD2F0CC739A9AE,IMPHASH=43C6BE584D77B658A53A9A5C606724DD

ParentProcessGuid: {f57bd86a-876a-658c-3003-000000000f00}

ParentProcessId: 5684

ParentImage: C:\Windows\System32\cmd.exe

ParentCommandLine: ""cmd.exe"" /c wmic cpu get name &amp; wmic MEMPHYSICAL get MaxCapacity &amp; wmic baseboard get product &amp; wmic baseboard get version &amp; wmic bios get SMBIOSBIOSVersion &amp; wmic path win32_VideoController get name &amp; wmic path win32_VideoController get DriverVersion &amp; wmic path win32_VideoController get VideoModeDescription &amp; wmic OS get Caption,OSArchitecture,Version &amp; wmic DISKDRIVE get Caption &amp; Get-WmiObject win32_bios

ParentUser: WINDEV2309EVAL\User</Message>
      <Level>Information</Level>
      <Task>Process Create (rule: ProcessCreate)</Task>
      <Opcode>Info</Opcode>
    </RenderingInfo>
  </Event>
  
"
Microsoft-Windows-Sysmon/Operational,wmic  baseboard get version ,Microsoft Corporation,WinDev2309Eval,,C:\Users\User\AppData\Local\Temp\,WMI Commandline Utility,,,,,,,1,19970,,10.0.22621.2792 (WinBuild.160101.0800),"MD5=B2ACB4DE13896683796A6B6635C40A15,SHA256=FBCDF1DB7D385AE5556F76D1F388F6E7AF08A545C0D797C4B3CD2F0CC739A9AE,IMPHASH=43C6BE584D77B658A53A9A5C606724DD",C:\Windows\System32\wbem\WMIC.exe,,Medium,0x8000000000000000,Information,{f57bd86a-36f9-658c-7bf8-020000000000},0x2f87b,"Process Create:

RuleName: -

UtcTime: 2023-12-27 20:22:03.107

ProcessGuid: {f57bd86a-876b-658c-3503-000000000f00}

ProcessId: 11176

Image: C:\Windows\System32\wbem\WMIC.exe

FileVersion: 10.0.22621.2792 (WinBuild.160101.0800)

Description: WMI Commandline Utility

Product: Microsoft® Windows® Operating System

Company: Microsoft Corporation

OriginalFileName: wmic.exe

CommandLine: wmic  baseboard get version 

CurrentDirectory: C:\Users\User\AppData\Local\Temp\

User: WINDEV2309EVAL\User

LogonGuid: {f57bd86a-36f9-658c-7bf8-020000000000}

LogonId: 0x2F87B

TerminalSessionId: 1

IntegrityLevel: Medium

Hashes: MD5=B2ACB4DE13896683796A6B6635C40A15,SHA256=FBCDF1DB7D385AE5556F76D1F388F6E7AF08A545C0D797C4B3CD2F0CC739A9AE,IMPHASH=43C6BE584D77B658A53A9A5C606724DD

ParentProcessGuid: {f57bd86a-876a-658c-3003-000000000f00}

ParentProcessId: 5684

ParentImage: C:\Windows\System32\cmd.exe

ParentCommandLine: ""cmd.exe"" /c wmic cpu get name & wmic MEMPHYSICAL get MaxCapacity & wmic baseboard get product & wmic baseboard get version & wmic bios get SMBIOSBIOSVersion & wmic path win32_VideoController get name & wmic path win32_VideoController get DriverVersion & wmic path win32_VideoController get VideoModeDescription & wmic OS get Caption,OSArchitecture,Version & wmic DISKDRIVE get Caption & Get-WmiObject win32_bios

ParentUser: WINDEV2309EVAL\User",Info,wmic.exe,"""cmd.exe"" /c wmic cpu get name & wmic MEMPHYSICAL get MaxCapacity & wmic baseboard get product & wmic baseboard get version & wmic bios get SMBIOSBIOSVersion & wmic path win32_VideoController get name & wmic path win32_VideoController get DriverVersion & wmic path win32_VideoController get VideoModeDescription & wmic OS get Caption,OSArchitecture,Version & wmic DISKDRIVE get Caption & Get-WmiObject win32_bios",C:\Windows\System32\cmd.exe,{f57bd86a-876a-658c-3003-000000000f00},5684,WINDEV2309EVAL\User,{f57bd86a-876b-658c-3503-000000000f00},3588,11176,Microsoft® Windows® Operating System,,,,,"
      ",-,,,,,,2023-12-27T20:22:03.1079572Z,,,Process Create (rule: ProcessCreate),1,5124,WINDEV2309EVAL\User,S-1-5-18,2023-12-27 20:22:03.107,5,"<Event xmlns=""http://schemas.microsoft.com/win/2004/08/events/event"">
    <System>
      <Provider Name=""Microsoft-Windows-Sysmon"" Guid=""{5770385f-c22a-43e0-bf4c-06f5698ffbd9}""/>
      <EventID>1</EventID>
      <Version>5</Version>
      <Level>4</Level>
      <Task>1</Task>
      <Opcode>0</Opcode>
      <Keywords>0x8000000000000000</Keywords>
      <TimeCreated SystemTime=""2023-12-27T20:22:03.1079572Z""/>
      <EventRecordID>19970</EventRecordID>
      <Correlation/>
      <Execution ProcessID=""3588"" ThreadID=""5124""/>
      <Channel>Microsoft-Windows-Sysmon/Operational</Channel>
      <Computer>WinDev2309Eval</Computer>
      <Security UserID=""S-1-5-18""/>
    </System>
    <EventData>
      <Data Name=""RuleName"">-</Data>
      <Data Name=""UtcTime"">2023-12-27 20:22:03.107</Data>
      <Data Name=""ProcessGuid"">{f57bd86a-876b-658c-3503-000000000f00}</Data>
      <Data Name=""ProcessId"">11176</Data>
      <Data Name=""Image"">C:\Windows\System32\wbem\WMIC.exe</Data>
      <Data Name=""FileVersion"">10.0.22621.2792 (WinBuild.160101.0800)</Data>
      <Data Name=""Description"">WMI Commandline Utility</Data>
      <Data Name=""Product"">Microsoft&#174; Windows&#174; Operating System</Data>
      <Data Name=""Company"">Microsoft Corporation</Data>
      <Data Name=""OriginalFileName"">wmic.exe</Data>
      <Data Name=""CommandLine"">wmic  baseboard get version </Data>
      <Data Name=""CurrentDirectory"">C:\Users\User\AppData\Local\Temp\</Data>
      <Data Name=""User"">WINDEV2309EVAL\User</Data>
      <Data Name=""LogonGuid"">{f57bd86a-36f9-658c-7bf8-020000000000}</Data>
      <Data Name=""LogonId"">0x2f87b</Data>
      <Data Name=""TerminalSessionId"">1</Data>
      <Data Name=""IntegrityLevel"">Medium</Data>
      <Data Name=""Hashes"">MD5=B2ACB4DE13896683796A6B6635C40A15,SHA256=FBCDF1DB7D385AE5556F76D1F388F6E7AF08A545C0D797C4B3CD2F0CC739A9AE,IMPHASH=43C6BE584D77B658A53A9A5C606724DD</Data>
      <Data Name=""ParentProcessGuid"">{f57bd86a-876a-658c-3003-000000000f00}</Data>
      <Data Name=""ParentProcessId"">5684</Data>
      <Data Name=""ParentImage"">C:\Windows\System32\cmd.exe</Data>
      <Data Name=""ParentCommandLine"">""cmd.exe"" /c wmic cpu get name &amp; wmic MEMPHYSICAL get MaxCapacity &amp; wmic baseboard get product &amp; wmic baseboard get version &amp; wmic bios get SMBIOSBIOSVersion &amp; wmic path win32_VideoController get name &amp; wmic path win32_VideoController get DriverVersion &amp; wmic path win32_VideoController get VideoModeDescription &amp; wmic OS get Caption,OSArchitecture,Version &amp; wmic DISKDRIVE get Caption &amp; Get-WmiObject win32_bios</Data>
      <Data Name=""ParentUser"">WINDEV2309EVAL\User</Data>
    </EventData>
    <RenderingInfo Culture=""en-US"">
      <Message>Process Create:

RuleName: -

UtcTime: 2023-12-27 20:22:03.107

ProcessGuid: {f57bd86a-876b-658c-3503-000000000f00}

ProcessId: 11176

Image: C:\Windows\System32\wbem\WMIC.exe

FileVersion: 10.0.22621.2792 (WinBuild.160101.0800)

Description: WMI Commandline Utility

Product: Microsoft&#174; Windows&#174; Operating System

Company: Microsoft Corporation

OriginalFileName: wmic.exe

CommandLine: wmic  baseboard get version 

CurrentDirectory: C:\Users\User\AppData\Local\Temp\

User: WINDEV2309EVAL\User

LogonGuid: {f57bd86a-36f9-658c-7bf8-020000000000}

LogonId: 0x2F87B

TerminalSessionId: 1

IntegrityLevel: Medium

Hashes: MD5=B2ACB4DE13896683796A6B6635C40A15,SHA256=FBCDF1DB7D385AE5556F76D1F388F6E7AF08A545C0D797C4B3CD2F0CC739A9AE,IMPHASH=43C6BE584D77B658A53A9A5C606724DD

ParentProcessGuid: {f57bd86a-876a-658c-3003-000000000f00}

ParentProcessId: 5684

ParentImage: C:\Windows\System32\cmd.exe

ParentCommandLine: ""cmd.exe"" /c wmic cpu get name &amp; wmic MEMPHYSICAL get MaxCapacity &amp; wmic baseboard get product &amp; wmic baseboard get version &amp; wmic bios get SMBIOSBIOSVersion &amp; wmic path win32_VideoController get name &amp; wmic path win32_VideoController get DriverVersion &amp; wmic path win32_VideoController get VideoModeDescription &amp; wmic OS get Caption,OSArchitecture,Version &amp; wmic DISKDRIVE get Caption &amp; Get-WmiObject win32_bios

ParentUser: WINDEV2309EVAL\User</Message>
      <Level>Information</Level>
      <Task>Process Create (rule: ProcessCreate)</Task>
      <Opcode>Info</Opcode>
    </RenderingInfo>
  </Event>
  
"
