Channel,CommandLine,Company,Computer,CreationUtcTime,CurrentDirectory,Description,Details,EventID,EventRecordID,EventType,FileVersion,Hashes,Image,IntegrityLevel,Keywords,Level,LogonGuid,LogonId,Message,Opcode,OriginalFileName,ParentCommandLine,ParentImage,ParentProcessGuid,ParentProcessId,ParentUser,ProcessGuid,ProcessID,ProcessId,Product,QueryName,QueryResults,QueryStatus,RenderingInfo,RuleName,SystemTime,TargetFilename,TargetObject,Task,TerminalSessionId,ThreadID,User,UserID,UtcTime,Version,raw
Microsoft-Windows-Sysmon/Operational,,,WinDev2309Eval,,,,10.0.22621.1,13,19597,SetValue,,,C:\Windows\System32\svchost.exe,,0x8000000000000000,Information,,,"Registry value set:

RuleName: InvDB-Ver

EventType: SetValue

UtcTime: 2023-12-27 20:26:08.971

ProcessGuid: {f57bd86a-36f8-658c-3e00-000000000f00}

ProcessId: 3212

Image: C:\Windows\System32\svchost.exe

TargetObject: \REGISTRY\A\{b3b14332-edc6-625a-c682-62677f6d06d4}\Root\InventoryApplicationFile\query.exe|bc24f6365760aa0f\BinProductVersion

Details: 10.0.22621.1

User: NT AUTHORITY\SYSTEM",Info,,,,,,,{f57bd86a-36f8-658c-3e00-000000000f00},3588,3212,,,,,"
      ",InvDB-Ver,2023-12-27T20:26:08.9815165Z,,\REGISTRY\A\{b3b14332-edc6-625a-c682-62677f6d06d4}\Root\InventoryApplicationFile\query.exe|bc24f6365760aa0f\BinProductVersion,Registry value set (rule: RegistryEvent),,5124,NT AUTHORITY\SYSTEM,S-1-5-18,2023-12-27 20:26:08.971,2,"<Event xmlns=""http://schemas.microsoft.com/win/2004/08/events/event"">
    <System>
      <Provider Name=""Microsoft-Windows-Sysmon"" Guid=""{5770385f-c22a-43e0-bf4c-06f5698ffbd9}""/>
      <EventID>13</EventID>
      <Version>2</Version>
      <Level>4</Level>
      <Task>13</Task>
      <Opcode>0</Opcode>
      <Keywords>0x8000000000000000</Keywords>
      <TimeCreated SystemTime=""2023-12-27T20:26:08.9815165Z""/>
      <EventRecordID>19597</EventRecordID>
      <Correlation/>
      <Execution ProcessID=""3588"" ThreadID=""5124""/>
      <Channel>Microsoft-Windows-Sysmon/Operational</Channel>
      <Computer>WinDev2309Eval</Computer>
      <Security UserID=""S-1-5-18""/>
    </System>
    <EventData>
      <Data Name=""RuleName"">InvDB-Ver</Data>
      <Data Name=""EventType"">SetValue</Data>
      <Data Name=""UtcTime"">2023-12-27 20:26:08.971</Data>
      <Data Name=""ProcessGuid"">{f57bd86a-36f8-658c-3e00-000000000f00}</Data>
      <Data Name=""ProcessId"">3212</Data>
      <Data Name=""Image"">C:\Windows\System32\svchost.exe</Data>
      <Data Name=""TargetObject"">\REGISTRY\A\{b3b14332-edc6-625a-c682-62677f6d06d4}\Root\InventoryApplicationFile\query.exe|bc24f6365760aa0f\BinProductVersion</Data>
      <Data Name=""Details"">10.0.22621.1</Data>
      <Data Name=""User"">NT AUTHORITY\SYSTEM</Data>
    </EventData>
    <RenderingInfo Culture=""en-US"">
      <Message>Registry value set:

RuleName: InvDB-Ver

EventType: SetValue

UtcTime: 2023-12-27 20:26:08.971

ProcessGuid: {f57bd86a-36f8-658c-3e00-000000000f00}

ProcessId: 3212

Image: C:\Windows\System32\svchost.exe

TargetObject: \REGISTRY\A\{b3b14332-edc6-625a-c682-62677f6d06d4}\Root\InventoryApplicationFile\query.exe|bc24f6365760aa0f\BinProductVersion

Details: 10.0.22621.1

User: NT AUTHORITY\SYSTEM</Message>
      <Level>Information</Level>
      <Task>Registry value set (rule: RegistryEvent)</Task>
      <Opcode>Info</Opcode>
    </RenderingInfo>
  </Event>
  
"
Microsoft-Windows-Sysmon/Operational,,,WinDev2309Eval,,,,11/24/2010 08:32:11,13,19596,SetValue,,,C:\Windows\System32\svchost.exe,,0x8000000000000000,Information,,,"Registry value set:

RuleName: InvDB-CompileTimeClaim

EventType: SetValue

UtcTime: 2023-12-27 20:26:08.971

ProcessGuid: {f57bd86a-36f8-658c-3e00-000000000f00}

ProcessId: 3212

Image: C:\Windows\System32\svchost.exe

TargetObject: \REGISTRY\A\{b3b14332-edc6-625a-c682-62677f6d06d4}\Root\InventoryApplicationFile\query.exe|bc24f6365760aa0f\LinkDate

Details: 11/24/2010 08:32:11

User: NT AUTHORITY\SYSTEM",Info,,,,,,,{f57bd86a-36f8-658c-3e00-000000000f00},3588,3212,,,,,"
      ",InvDB-CompileTimeClaim,2023-12-27T20:26:08.9814610Z,,\REGISTRY\A\{b3b14332-edc6-625a-c682-62677f6d06d4}\Root\InventoryApplicationFile\query.exe|bc24f6365760aa0f\LinkDate,Registry value set (rule: RegistryEvent),,5124,NT AUTHORITY\SYSTEM,S-1-5-18,2023-12-27 20:26:08.971,2,"<Event xmlns=""http://schemas.microsoft.com/win/2004/08/events/event"">
    <System>
      <Provider Name=""Microsoft-Windows-Sysmon"" Guid=""{5770385f-c22a-43e0-bf4c-06f5698ffbd9}""/>
      <EventID>13</EventID>
      <Version>2</Version>
      <Level>4</Level>
      <Task>13</Task>
      <Opcode>0</Opcode>
      <Keywords>0x8000000000000000</Keywords>
      <TimeCreated SystemTime=""2023-12-27T20:26:08.9814610Z""/>
      <EventRecordID>19596</EventRecordID>
      <Correlation/>
      <Execution ProcessID=""3588"" ThreadID=""5124""/>
      <Channel>Microsoft-Windows-Sysmon/Operational</Channel>
      <Computer>WinDev2309Eval</Computer>
      <Security UserID=""S-1-5-18""/>
    </System>
    <EventData>
      <Data Name=""RuleName"">InvDB-CompileTimeClaim</Data>
      <Data Name=""EventType"">SetValue</Data>
      <Data Name=""UtcTime"">2023-12-27 20:26:08.971</Data>
      <Data Name=""ProcessGuid"">{f57bd86a-36f8-658c-3e00-000000000f00}</Data>
      <Data Name=""ProcessId"">3212</Data>
      <Data Name=""Image"">C:\Windows\System32\svchost.exe</Data>
      <Data Name=""TargetObject"">\REGISTRY\A\{b3b14332-edc6-625a-c682-62677f6d06d4}\Root\InventoryApplicationFile\query.exe|bc24f6365760aa0f\LinkDate</Data>
      <Data Name=""Details"">11/24/2010 08:32:11</Data>
      <Data Name=""User"">NT AUTHORITY\SYSTEM</Data>
    </EventData>
    <RenderingInfo Culture=""en-US"">
      <Message>Registry value set:

RuleName: InvDB-CompileTimeClaim

EventType: SetValue

UtcTime: 2023-12-27 20:26:08.971

ProcessGuid: {f57bd86a-36f8-658c-3e00-000000000f00}

ProcessId: 3212

Image: C:\Windows\System32\svchost.exe

TargetObject: \REGISTRY\A\{b3b14332-edc6-625a-c682-62677f6d06d4}\Root\InventoryApplicationFile\query.exe|bc24f6365760aa0f\LinkDate

Details: 11/24/2010 08:32:11

User: NT AUTHORITY\SYSTEM</Message>
      <Level>Information</Level>
      <Task>Registry value set (rule: RegistryEvent)</Task>
      <Opcode>Info</Opcode>
    </RenderingInfo>
  </Event>
  
"
Microsoft-Windows-Sysmon/Operational,,,WinDev2309Eval,,,,microsoft corporation,13,19595,SetValue,,,C:\Windows\System32\svchost.exe,,0x8000000000000000,Information,,,"Registry value set:

RuleName: InvDB-Pub

EventType: SetValue

UtcTime: 2023-12-27 20:26:08.971

ProcessGuid: {f57bd86a-36f8-658c-3e00-000000000f00}

ProcessId: 3212

Image: C:\Windows\System32\svchost.exe

TargetObject: \REGISTRY\A\{b3b14332-edc6-625a-c682-62677f6d06d4}\Root\InventoryApplicationFile\query.exe|bc24f6365760aa0f\Publisher

Details: microsoft corporation

User: NT AUTHORITY\SYSTEM",Info,,,,,,,{f57bd86a-36f8-658c-3e00-000000000f00},3588,3212,,,,,"
      ",InvDB-Pub,2023-12-27T20:26:08.9811430Z,,\REGISTRY\A\{b3b14332-edc6-625a-c682-62677f6d06d4}\Root\InventoryApplicationFile\query.exe|bc24f6365760aa0f\Publisher,Registry value set (rule: RegistryEvent),,5124,NT AUTHORITY\SYSTEM,S-1-5-18,2023-12-27 20:26:08.971,2,"<Event xmlns=""http://schemas.microsoft.com/win/2004/08/events/event"">
    <System>
      <Provider Name=""Microsoft-Windows-Sysmon"" Guid=""{5770385f-c22a-43e0-bf4c-06f5698ffbd9}""/>
      <EventID>13</EventID>
      <Version>2</Version>
      <Level>4</Level>
      <Task>13</Task>
      <Opcode>0</Opcode>
      <Keywords>0x8000000000000000</Keywords>
      <TimeCreated SystemTime=""2023-12-27T20:26:08.9811430Z""/>
      <EventRecordID>19595</EventRecordID>
      <Correlation/>
      <Execution ProcessID=""3588"" ThreadID=""5124""/>
      <Channel>Microsoft-Windows-Sysmon/Operational</Channel>
      <Computer>WinDev2309Eval</Computer>
      <Security UserID=""S-1-5-18""/>
    </System>
    <EventData>
      <Data Name=""RuleName"">InvDB-Pub</Data>
      <Data Name=""EventType"">SetValue</Data>
      <Data Name=""UtcTime"">2023-12-27 20:26:08.971</Data>
      <Data Name=""ProcessGuid"">{f57bd86a-36f8-658c-3e00-000000000f00}</Data>
      <Data Name=""ProcessId"">3212</Data>
      <Data Name=""Image"">C:\Windows\System32\svchost.exe</Data>
      <Data Name=""TargetObject"">\REGISTRY\A\{b3b14332-edc6-625a-c682-62677f6d06d4}\Root\InventoryApplicationFile\query.exe|bc24f6365760aa0f\Publisher</Data>
      <Data Name=""Details"">microsoft corporation</Data>
      <Data Name=""User"">NT AUTHORITY\SYSTEM</Data>
    </EventData>
    <RenderingInfo Culture=""en-US"">
      <Message>Registry value set:

RuleName: InvDB-Pub

EventType: SetValue

UtcTime: 2023-12-27 20:26:08.971

ProcessGuid: {f57bd86a-36f8-658c-3e00-000000000f00}

ProcessId: 3212

Image: C:\Windows\System32\svchost.exe

TargetObject: \REGISTRY\A\{b3b14332-edc6-625a-c682-62677f6d06d4}\Root\InventoryApplicationFile\query.exe|bc24f6365760aa0f\Publisher

Details: microsoft corporation

User: NT AUTHORITY\SYSTEM</Message>
      <Level>Information</Level>
      <Task>Registry value set (rule: RegistryEvent)</Task>
      <Opcode>Info</Opcode>
    </RenderingInfo>
  </Event>
  
"
Microsoft-Windows-Sysmon/Operational,,,WinDev2309Eval,,,,c:\windows\system32\query.exe,13,19594,SetValue,,,C:\Windows\System32\svchost.exe,,0x8000000000000000,Information,,,"Registry value set:

RuleName: InvDB-Path

EventType: SetValue

UtcTime: 2023-12-27 20:26:08.971

ProcessGuid: {f57bd86a-36f8-658c-3e00-000000000f00}

ProcessId: 3212

Image: C:\Windows\System32\svchost.exe

TargetObject: \REGISTRY\A\{b3b14332-edc6-625a-c682-62677f6d06d4}\Root\InventoryApplicationFile\query.exe|bc24f6365760aa0f\LowerCaseLongPath

Details: c:\windows\system32\query.exe

User: NT AUTHORITY\SYSTEM",Info,,,,,,,{f57bd86a-36f8-658c-3e00-000000000f00},3588,3212,,,,,"
      ",InvDB-Path,2023-12-27T20:26:08.9809810Z,,\REGISTRY\A\{b3b14332-edc6-625a-c682-62677f6d06d4}\Root\InventoryApplicationFile\query.exe|bc24f6365760aa0f\LowerCaseLongPath,Registry value set (rule: RegistryEvent),,5124,NT AUTHORITY\SYSTEM,S-1-5-18,2023-12-27 20:26:08.971,2,"<Event xmlns=""http://schemas.microsoft.com/win/2004/08/events/event"">
    <System>
      <Provider Name=""Microsoft-Windows-Sysmon"" Guid=""{5770385f-c22a-43e0-bf4c-06f5698ffbd9}""/>
      <EventID>13</EventID>
      <Version>2</Version>
      <Level>4</Level>
      <Task>13</Task>
      <Opcode>0</Opcode>
      <Keywords>0x8000000000000000</Keywords>
      <TimeCreated SystemTime=""2023-12-27T20:26:08.9809810Z""/>
      <EventRecordID>19594</EventRecordID>
      <Correlation/>
      <Execution ProcessID=""3588"" ThreadID=""5124""/>
      <Channel>Microsoft-Windows-Sysmon/Operational</Channel>
      <Computer>WinDev2309Eval</Computer>
      <Security UserID=""S-1-5-18""/>
    </System>
    <EventData>
      <Data Name=""RuleName"">InvDB-Path</Data>
      <Data Name=""EventType"">SetValue</Data>
      <Data Name=""UtcTime"">2023-12-27 20:26:08.971</Data>
      <Data Name=""ProcessGuid"">{f57bd86a-36f8-658c-3e00-000000000f00}</Data>
      <Data Name=""ProcessId"">3212</Data>
      <Data Name=""Image"">C:\Windows\System32\svchost.exe</Data>
      <Data Name=""TargetObject"">\REGISTRY\A\{b3b14332-edc6-625a-c682-62677f6d06d4}\Root\InventoryApplicationFile\query.exe|bc24f6365760aa0f\LowerCaseLongPath</Data>
      <Data Name=""Details"">c:\windows\system32\query.exe</Data>
      <Data Name=""User"">NT AUTHORITY\SYSTEM</Data>
    </EventData>
    <RenderingInfo Culture=""en-US"">
      <Message>Registry value set:

RuleName: InvDB-Path

EventType: SetValue

UtcTime: 2023-12-27 20:26:08.971

ProcessGuid: {f57bd86a-36f8-658c-3e00-000000000f00}

ProcessId: 3212

Image: C:\Windows\System32\svchost.exe

TargetObject: \REGISTRY\A\{b3b14332-edc6-625a-c682-62677f6d06d4}\Root\InventoryApplicationFile\query.exe|bc24f6365760aa0f\LowerCaseLongPath

Details: c:\windows\system32\query.exe

User: NT AUTHORITY\SYSTEM</Message>
      <Level>Information</Level>
      <Task>Registry value set (rule: RegistryEvent)</Task>
      <Opcode>Info</Opcode>
    </RenderingInfo>
  </Event>
  
"
Microsoft-Windows-Sysmon/Operational,"""C:\Windows\system32\quser.exe""",Microsoft Corporation,WinDev2309Eval,,C:\Users\User\AppData\Local\Temp\,Query User Utility,,1,19593,,10.0.22621.1 (WinBuild.160101.0800),"MD5=B5A9F5F8AB4E5DC892363C7A2998864E,SHA256=F1A3370893C7B1123DBC013155B39108571CC2ACA7F07D48B92C98398F9C94B1,IMPHASH=B72F14292FAC033099AD1A08D6867486",C:\Windows\System32\quser.exe,Medium,0x8000000000000000,Information,{f57bd86a-36f9-658c-7bf8-020000000000},0x2f87b,"Process Create:

RuleName: -

UtcTime: 2023-12-27 20:26:08.421

ProcessGuid: {f57bd86a-8860-658c-d701-000000000f00}

ProcessId: 6876

Image: C:\Windows\System32\quser.exe

FileVersion: 10.0.22621.1 (WinBuild.160101.0800)

Description: Query User Utility

Product: Microsoft® Windows® Operating System

Company: Microsoft Corporation

OriginalFileName: quser.exe

CommandLine: ""C:\Windows\system32\quser.exe""

CurrentDirectory: C:\Users\User\AppData\Local\Temp\

User: WINDEV2309EVAL\User

LogonGuid: {f57bd86a-36f9-658c-7bf8-020000000000}

LogonId: 0x2F87B

TerminalSessionId: 1

IntegrityLevel: Medium

Hashes: MD5=B5A9F5F8AB4E5DC892363C7A2998864E,SHA256=F1A3370893C7B1123DBC013155B39108571CC2ACA7F07D48B92C98398F9C94B1,IMPHASH=B72F14292FAC033099AD1A08D6867486

ParentProcessGuid: {f57bd86a-8860-658c-d601-000000000f00}

ParentProcessId: 10508

ParentImage: C:\Windows\System32\query.exe

ParentCommandLine: query  user

ParentUser: WINDEV2309EVAL\User",Info,quser.exe,query  user,C:\Windows\System32\query.exe,{f57bd86a-8860-658c-d601-000000000f00},10508,WINDEV2309EVAL\User,{f57bd86a-8860-658c-d701-000000000f00},3588,6876,Microsoft® Windows® Operating System,,,,"
      ",-,2023-12-27T20:26:08.4237769Z,,,Process Create (rule: ProcessCreate),1,5124,WINDEV2309EVAL\User,S-1-5-18,2023-12-27 20:26:08.421,5,"<Event xmlns=""http://schemas.microsoft.com/win/2004/08/events/event"">
    <System>
      <Provider Name=""Microsoft-Windows-Sysmon"" Guid=""{5770385f-c22a-43e0-bf4c-06f5698ffbd9}""/>
      <EventID>1</EventID>
      <Version>5</Version>
      <Level>4</Level>
      <Task>1</Task>
      <Opcode>0</Opcode>
      <Keywords>0x8000000000000000</Keywords>
      <TimeCreated SystemTime=""2023-12-27T20:26:08.4237769Z""/>
      <EventRecordID>19593</EventRecordID>
      <Correlation/>
      <Execution ProcessID=""3588"" ThreadID=""5124""/>
      <Channel>Microsoft-Windows-Sysmon/Operational</Channel>
      <Computer>WinDev2309Eval</Computer>
      <Security UserID=""S-1-5-18""/>
    </System>
    <EventData>
      <Data Name=""RuleName"">-</Data>
      <Data Name=""UtcTime"">2023-12-27 20:26:08.421</Data>
      <Data Name=""ProcessGuid"">{f57bd86a-8860-658c-d701-000000000f00}</Data>
      <Data Name=""ProcessId"">6876</Data>
      <Data Name=""Image"">C:\Windows\System32\quser.exe</Data>
      <Data Name=""FileVersion"">10.0.22621.1 (WinBuild.160101.0800)</Data>
      <Data Name=""Description"">Query User Utility</Data>
      <Data Name=""Product"">Microsoft&#174; Windows&#174; Operating System</Data>
      <Data Name=""Company"">Microsoft Corporation</Data>
      <Data Name=""OriginalFileName"">quser.exe</Data>
      <Data Name=""CommandLine"">""C:\Windows\system32\quser.exe""</Data>
      <Data Name=""CurrentDirectory"">C:\Users\User\AppData\Local\Temp\</Data>
      <Data Name=""User"">WINDEV2309EVAL\User</Data>
      <Data Name=""LogonGuid"">{f57bd86a-36f9-658c-7bf8-020000000000}</Data>
      <Data Name=""LogonId"">0x2f87b</Data>
      <Data Name=""TerminalSessionId"">1</Data>
      <Data Name=""IntegrityLevel"">Medium</Data>
      <Data Name=""Hashes"">MD5=B5A9F5F8AB4E5DC892363C7A2998864E,SHA256=F1A3370893C7B1123DBC013155B39108571CC2ACA7F07D48B92C98398F9C94B1,IMPHASH=B72F14292FAC033099AD1A08D6867486</Data>
      <Data Name=""ParentProcessGuid"">{f57bd86a-8860-658c-d601-000000000f00}</Data>
      <Data Name=""ParentProcessId"">10508</Data>
      <Data Name=""ParentImage"">C:\Windows\System32\query.exe</Data>
      <Data Name=""ParentCommandLine"">query  user</Data>
      <Data Name=""ParentUser"">WINDEV2309EVAL\User</Data>
    </EventData>
    <RenderingInfo Culture=""en-US"">
      <Message>Process Create:

RuleName: -

UtcTime: 2023-12-27 20:26:08.421

ProcessGuid: {f57bd86a-8860-658c-d701-000000000f00}

ProcessId: 6876

Image: C:\Windows\System32\quser.exe

FileVersion: 10.0.22621.1 (WinBuild.160101.0800)

Description: Query User Utility

Product: Microsoft&#174; Windows&#174; Operating System

Company: Microsoft Corporation

OriginalFileName: quser.exe

CommandLine: ""C:\Windows\system32\quser.exe""

CurrentDirectory: C:\Users\User\AppData\Local\Temp\

User: WINDEV2309EVAL\User

LogonGuid: {f57bd86a-36f9-658c-7bf8-020000000000}

LogonId: 0x2F87B

TerminalSessionId: 1

IntegrityLevel: Medium

Hashes: MD5=B5A9F5F8AB4E5DC892363C7A2998864E,SHA256=F1A3370893C7B1123DBC013155B39108571CC2ACA7F07D48B92C98398F9C94B1,IMPHASH=B72F14292FAC033099AD1A08D6867486

ParentProcessGuid: {f57bd86a-8860-658c-d601-000000000f00}

ParentProcessId: 10508

ParentImage: C:\Windows\System32\query.exe

ParentCommandLine: query  user

ParentUser: WINDEV2309EVAL\User</Message>
      <Level>Information</Level>
      <Task>Process Create (rule: ProcessCreate)</Task>
      <Opcode>Info</Opcode>
    </RenderingInfo>
  </Event>
  
"
Microsoft-Windows-Sysmon/Operational,query  user,Microsoft Corporation,WinDev2309Eval,,C:\Users\User\AppData\Local\Temp\,MultiUser Query Utility,,1,19592,,10.0.22621.1 (WinBuild.160101.0800),"MD5=E8B223C48311BA77B0CF99161254E05D,SHA256=C53B519EE8059815BF34BA2534B7351EBD801B858609CD13EB90C55E85FAB24B,IMPHASH=CCC9DA4A55E90DFE34CBCDB066D6A6B3",C:\Windows\System32\query.exe,Medium,0x8000000000000000,Information,{f57bd86a-36f9-658c-7bf8-020000000000},0x2f87b,"Process Create:

RuleName: -

UtcTime: 2023-12-27 20:26:08.407

ProcessGuid: {f57bd86a-8860-658c-d601-000000000f00}

ProcessId: 10508

Image: C:\Windows\System32\query.exe

FileVersion: 10.0.22621.1 (WinBuild.160101.0800)

Description: MultiUser Query Utility

Product: Microsoft® Windows® Operating System

Company: Microsoft Corporation

OriginalFileName: query.exe

CommandLine: query  user

CurrentDirectory: C:\Users\User\AppData\Local\Temp\

User: WINDEV2309EVAL\User

LogonGuid: {f57bd86a-36f9-658c-7bf8-020000000000}

LogonId: 0x2F87B

TerminalSessionId: 1

IntegrityLevel: Medium

Hashes: MD5=E8B223C48311BA77B0CF99161254E05D,SHA256=C53B519EE8059815BF34BA2534B7351EBD801B858609CD13EB90C55E85FAB24B,IMPHASH=CCC9DA4A55E90DFE34CBCDB066D6A6B3

ParentProcessGuid: {f57bd86a-8860-658c-d401-000000000f00}

ParentProcessId: 5000

ParentImage: C:\Windows\System32\cmd.exe

ParentCommandLine: ""cmd.exe"" /c query user

ParentUser: WINDEV2309EVAL\User",Info,query.exe,"""cmd.exe"" /c query user",C:\Windows\System32\cmd.exe,{f57bd86a-8860-658c-d401-000000000f00},5000,WINDEV2309EVAL\User,{f57bd86a-8860-658c-d601-000000000f00},3588,10508,Microsoft® Windows® Operating System,,,,"
      ",-,2023-12-27T20:26:08.4092528Z,,,Process Create (rule: ProcessCreate),1,5124,WINDEV2309EVAL\User,S-1-5-18,2023-12-27 20:26:08.407,5,"<Event xmlns=""http://schemas.microsoft.com/win/2004/08/events/event"">
    <System>
      <Provider Name=""Microsoft-Windows-Sysmon"" Guid=""{5770385f-c22a-43e0-bf4c-06f5698ffbd9}""/>
      <EventID>1</EventID>
      <Version>5</Version>
      <Level>4</Level>
      <Task>1</Task>
      <Opcode>0</Opcode>
      <Keywords>0x8000000000000000</Keywords>
      <TimeCreated SystemTime=""2023-12-27T20:26:08.4092528Z""/>
      <EventRecordID>19592</EventRecordID>
      <Correlation/>
      <Execution ProcessID=""3588"" ThreadID=""5124""/>
      <Channel>Microsoft-Windows-Sysmon/Operational</Channel>
      <Computer>WinDev2309Eval</Computer>
      <Security UserID=""S-1-5-18""/>
    </System>
    <EventData>
      <Data Name=""RuleName"">-</Data>
      <Data Name=""UtcTime"">2023-12-27 20:26:08.407</Data>
      <Data Name=""ProcessGuid"">{f57bd86a-8860-658c-d601-000000000f00}</Data>
      <Data Name=""ProcessId"">10508</Data>
      <Data Name=""Image"">C:\Windows\System32\query.exe</Data>
      <Data Name=""FileVersion"">10.0.22621.1 (WinBuild.160101.0800)</Data>
      <Data Name=""Description"">MultiUser Query Utility</Data>
      <Data Name=""Product"">Microsoft&#174; Windows&#174; Operating System</Data>
      <Data Name=""Company"">Microsoft Corporation</Data>
      <Data Name=""OriginalFileName"">query.exe</Data>
      <Data Name=""CommandLine"">query  user</Data>
      <Data Name=""CurrentDirectory"">C:\Users\User\AppData\Local\Temp\</Data>
      <Data Name=""User"">WINDEV2309EVAL\User</Data>
      <Data Name=""LogonGuid"">{f57bd86a-36f9-658c-7bf8-020000000000}</Data>
      <Data Name=""LogonId"">0x2f87b</Data>
      <Data Name=""TerminalSessionId"">1</Data>
      <Data Name=""IntegrityLevel"">Medium</Data>
      <Data Name=""Hashes"">MD5=E8B223C48311BA77B0CF99161254E05D,SHA256=C53B519EE8059815BF34BA2534B7351EBD801B858609CD13EB90C55E85FAB24B,IMPHASH=CCC9DA4A55E90DFE34CBCDB066D6A6B3</Data>
      <Data Name=""ParentProcessGuid"">{f57bd86a-8860-658c-d401-000000000f00}</Data>
      <Data Name=""ParentProcessId"">5000</Data>
      <Data Name=""ParentImage"">C:\Windows\System32\cmd.exe</Data>
      <Data Name=""ParentCommandLine"">""cmd.exe"" /c query user</Data>
      <Data Name=""ParentUser"">WINDEV2309EVAL\User</Data>
    </EventData>
    <RenderingInfo Culture=""en-US"">
      <Message>Process Create:

RuleName: -

UtcTime: 2023-12-27 20:26:08.407

ProcessGuid: {f57bd86a-8860-658c-d601-000000000f00}

ProcessId: 10508

Image: C:\Windows\System32\query.exe

FileVersion: 10.0.22621.1 (WinBuild.160101.0800)

Description: MultiUser Query Utility

Product: Microsoft&#174; Windows&#174; Operating System

Company: Microsoft Corporation

OriginalFileName: query.exe

CommandLine: query  user

CurrentDirectory: C:\Users\User\AppData\Local\Temp\

User: WINDEV2309EVAL\User

LogonGuid: {f57bd86a-36f9-658c-7bf8-020000000000}

LogonId: 0x2F87B

TerminalSessionId: 1

IntegrityLevel: Medium

Hashes: MD5=E8B223C48311BA77B0CF99161254E05D,SHA256=C53B519EE8059815BF34BA2534B7351EBD801B858609CD13EB90C55E85FAB24B,IMPHASH=CCC9DA4A55E90DFE34CBCDB066D6A6B3

ParentProcessGuid: {f57bd86a-8860-658c-d401-000000000f00}

ParentProcessId: 5000

ParentImage: C:\Windows\System32\cmd.exe

ParentCommandLine: ""cmd.exe"" /c query user

ParentUser: WINDEV2309EVAL\User</Message>
      <Level>Information</Level>
      <Task>Process Create (rule: ProcessCreate)</Task>
      <Opcode>Info</Opcode>
    </RenderingInfo>
  </Event>
  
"
Microsoft-Windows-Sysmon/Operational,"""cmd.exe"" /c query user",Microsoft Corporation,WinDev2309Eval,,C:\Users\User\AppData\Local\Temp\,Windows Command Processor,,1,19591,,10.0.22621.2506 (WinBuild.160101.0800),"MD5=133D568ECCB557E37BEA1459521CBAC2,SHA256=05A30592D2C3421C41121145C6EEFA7C81FEA6B42D6233A522240A8468326B9C,IMPHASH=D73E39DAB3C8B57AA408073D01254964",C:\Windows\System32\cmd.exe,Medium,0x8000000000000000,Information,{f57bd86a-36f9-658c-7bf8-020000000000},0x2f87b,"Process Create:

RuleName: -

UtcTime: 2023-12-27 20:26:08.376

ProcessGuid: {f57bd86a-8860-658c-d401-000000000f00}

ProcessId: 5000

Image: C:\Windows\System32\cmd.exe

FileVersion: 10.0.22621.2506 (WinBuild.160101.0800)

Description: Windows Command Processor

Product: Microsoft® Windows® Operating System

Company: Microsoft Corporation

OriginalFileName: Cmd.Exe

CommandLine: ""cmd.exe"" /c query user

CurrentDirectory: C:\Users\User\AppData\Local\Temp\

User: WINDEV2309EVAL\User

LogonGuid: {f57bd86a-36f9-658c-7bf8-020000000000}

LogonId: 0x2F87B

TerminalSessionId: 1

IntegrityLevel: Medium

Hashes: MD5=133D568ECCB557E37BEA1459521CBAC2,SHA256=05A30592D2C3421C41121145C6EEFA7C81FEA6B42D6233A522240A8468326B9C,IMPHASH=D73E39DAB3C8B57AA408073D01254964

ParentProcessGuid: {00000000-0000-0000-0000-000000000000}

ParentProcessId: 1688

ParentImage: -

ParentCommandLine: -

ParentUser: -",Info,Cmd.Exe,-,-,{00000000-0000-0000-0000-000000000000},1688,-,{f57bd86a-8860-658c-d401-000000000f00},3588,5000,Microsoft® Windows® Operating System,,,,"
      ",-,2023-12-27T20:26:08.3774138Z,,,Process Create (rule: ProcessCreate),1,5124,WINDEV2309EVAL\User,S-1-5-18,2023-12-27 20:26:08.376,5,"<Event xmlns=""http://schemas.microsoft.com/win/2004/08/events/event"">
    <System>
      <Provider Name=""Microsoft-Windows-Sysmon"" Guid=""{5770385f-c22a-43e0-bf4c-06f5698ffbd9}""/>
      <EventID>1</EventID>
      <Version>5</Version>
      <Level>4</Level>
      <Task>1</Task>
      <Opcode>0</Opcode>
      <Keywords>0x8000000000000000</Keywords>
      <TimeCreated SystemTime=""2023-12-27T20:26:08.3774138Z""/>
      <EventRecordID>19591</EventRecordID>
      <Correlation/>
      <Execution ProcessID=""3588"" ThreadID=""5124""/>
      <Channel>Microsoft-Windows-Sysmon/Operational</Channel>
      <Computer>WinDev2309Eval</Computer>
      <Security UserID=""S-1-5-18""/>
    </System>
    <EventData>
      <Data Name=""RuleName"">-</Data>
      <Data Name=""UtcTime"">2023-12-27 20:26:08.376</Data>
      <Data Name=""ProcessGuid"">{f57bd86a-8860-658c-d401-000000000f00}</Data>
      <Data Name=""ProcessId"">5000</Data>
      <Data Name=""Image"">C:\Windows\System32\cmd.exe</Data>
      <Data Name=""FileVersion"">10.0.22621.2506 (WinBuild.160101.0800)</Data>
      <Data Name=""Description"">Windows Command Processor</Data>
      <Data Name=""Product"">Microsoft&#174; Windows&#174; Operating System</Data>
      <Data Name=""Company"">Microsoft Corporation</Data>
      <Data Name=""OriginalFileName"">Cmd.Exe</Data>
      <Data Name=""CommandLine"">""cmd.exe"" /c query user</Data>
      <Data Name=""CurrentDirectory"">C:\Users\User\AppData\Local\Temp\</Data>
      <Data Name=""User"">WINDEV2309EVAL\User</Data>
      <Data Name=""LogonGuid"">{f57bd86a-36f9-658c-7bf8-020000000000}</Data>
      <Data Name=""LogonId"">0x2f87b</Data>
      <Data Name=""TerminalSessionId"">1</Data>
      <Data Name=""IntegrityLevel"">Medium</Data>
      <Data Name=""Hashes"">MD5=133D568ECCB557E37BEA1459521CBAC2,SHA256=05A30592D2C3421C41121145C6EEFA7C81FEA6B42D6233A522240A8468326B9C,IMPHASH=D73E39DAB3C8B57AA408073D01254964</Data>
      <Data Name=""ParentProcessGuid"">{00000000-0000-0000-0000-000000000000}</Data>
      <Data Name=""ParentProcessId"">1688</Data>
      <Data Name=""ParentImage"">-</Data>
      <Data Name=""ParentCommandLine"">-</Data>
      <Data Name=""ParentUser"">-</Data>
    </EventData>
    <RenderingInfo Culture=""en-US"">
      <Message>Process Create:

RuleName: -

UtcTime: 2023-12-27 20:26:08.376

ProcessGuid: {f57bd86a-8860-658c-d401-000000000f00}

ProcessId: 5000

Image: C:\Windows\System32\cmd.exe

FileVersion: 10.0.22621.2506 (WinBuild.160101.0800)

Description: Windows Command Processor

Product: Microsoft&#174; Windows&#174; Operating System

Company: Microsoft Corporation

OriginalFileName: Cmd.Exe

CommandLine: ""cmd.exe"" /c query user

CurrentDirectory: C:\Users\User\AppData\Local\Temp\

User: WINDEV2309EVAL\User

LogonGuid: {f57bd86a-36f9-658c-7bf8-020000000000}

LogonId: 0x2F87B

TerminalSessionId: 1

IntegrityLevel: Medium

Hashes: MD5=133D568ECCB557E37BEA1459521CBAC2,SHA256=05A30592D2C3421C41121145C6EEFA7C81FEA6B42D6233A522240A8468326B9C,IMPHASH=D73E39DAB3C8B57AA408073D01254964

ParentProcessGuid: {00000000-0000-0000-0000-000000000000}

ParentProcessId: 1688

ParentImage: -

ParentCommandLine: -

ParentUser: -</Message>
      <Level>Information</Level>
      <Task>Process Create (rule: ProcessCreate)</Task>
      <Opcode>Info</Opcode>
    </RenderingInfo>
  </Event>
  
"
Microsoft-Windows-Sysmon/Operational,C:\Windows\system32\net1 localgroup,Microsoft Corporation,WinDev2309Eval,,C:\Users\User\AppData\Local\Temp\,Net Command,,1,19590,,10.0.22621.2506 (WinBuild.160101.0800),"MD5=7CBB1DF40115C7D3CF0FE6CCFF82708E,SHA256=50E8AB76E511A917FD8CCF149DDAC1447FD817FF703AA9FDCC51DC77AC0237BE,IMPHASH=76EE66A0F294EAB08DCAEF5E64FBF02F",C:\Windows\System32\net1.exe,Medium,0x8000000000000000,Information,{f57bd86a-36f9-658c-7bf8-020000000000},0x2f87b,"Process Create:

RuleName: -

UtcTime: 2023-12-27 20:26:07.635

ProcessGuid: {f57bd86a-885f-658c-d301-000000000f00}

ProcessId: 1724

Image: C:\Windows\System32\net1.exe

FileVersion: 10.0.22621.2506 (WinBuild.160101.0800)

Description: Net Command

Product: Microsoft® Windows® Operating System

Company: Microsoft Corporation

OriginalFileName: net1.exe

CommandLine: C:\Windows\system32\net1 localgroup

CurrentDirectory: C:\Users\User\AppData\Local\Temp\

User: WINDEV2309EVAL\User

LogonGuid: {f57bd86a-36f9-658c-7bf8-020000000000}

LogonId: 0x2F87B

TerminalSessionId: 1

IntegrityLevel: Medium

Hashes: MD5=7CBB1DF40115C7D3CF0FE6CCFF82708E,SHA256=50E8AB76E511A917FD8CCF149DDAC1447FD817FF703AA9FDCC51DC77AC0237BE,IMPHASH=76EE66A0F294EAB08DCAEF5E64FBF02F

ParentProcessGuid: {f57bd86a-885f-658c-d201-000000000f00}

ParentProcessId: 1880

ParentImage: C:\Windows\System32\net.exe

ParentCommandLine: ""C:\Windows\system32\net.exe"" localgroup

ParentUser: WINDEV2309EVAL\User",Info,net1.exe,"""C:\Windows\system32\net.exe"" localgroup",C:\Windows\System32\net.exe,{f57bd86a-885f-658c-d201-000000000f00},1880,WINDEV2309EVAL\User,{f57bd86a-885f-658c-d301-000000000f00},3588,1724,Microsoft® Windows® Operating System,,,,"
      ",-,2023-12-27T20:26:07.6362488Z,,,Process Create (rule: ProcessCreate),1,5124,WINDEV2309EVAL\User,S-1-5-18,2023-12-27 20:26:07.635,5,"<Event xmlns=""http://schemas.microsoft.com/win/2004/08/events/event"">
    <System>
      <Provider Name=""Microsoft-Windows-Sysmon"" Guid=""{5770385f-c22a-43e0-bf4c-06f5698ffbd9}""/>
      <EventID>1</EventID>
      <Version>5</Version>
      <Level>4</Level>
      <Task>1</Task>
      <Opcode>0</Opcode>
      <Keywords>0x8000000000000000</Keywords>
      <TimeCreated SystemTime=""2023-12-27T20:26:07.6362488Z""/>
      <EventRecordID>19590</EventRecordID>
      <Correlation/>
      <Execution ProcessID=""3588"" ThreadID=""5124""/>
      <Channel>Microsoft-Windows-Sysmon/Operational</Channel>
      <Computer>WinDev2309Eval</Computer>
      <Security UserID=""S-1-5-18""/>
    </System>
    <EventData>
      <Data Name=""RuleName"">-</Data>
      <Data Name=""UtcTime"">2023-12-27 20:26:07.635</Data>
      <Data Name=""ProcessGuid"">{f57bd86a-885f-658c-d301-000000000f00}</Data>
      <Data Name=""ProcessId"">1724</Data>
      <Data Name=""Image"">C:\Windows\System32\net1.exe</Data>
      <Data Name=""FileVersion"">10.0.22621.2506 (WinBuild.160101.0800)</Data>
      <Data Name=""Description"">Net Command</Data>
      <Data Name=""Product"">Microsoft&#174; Windows&#174; Operating System</Data>
      <Data Name=""Company"">Microsoft Corporation</Data>
      <Data Name=""OriginalFileName"">net1.exe</Data>
      <Data Name=""CommandLine"">C:\Windows\system32\net1 localgroup</Data>
      <Data Name=""CurrentDirectory"">C:\Users\User\AppData\Local\Temp\</Data>
      <Data Name=""User"">WINDEV2309EVAL\User</Data>
      <Data Name=""LogonGuid"">{f57bd86a-36f9-658c-7bf8-020000000000}</Data>
      <Data Name=""LogonId"">0x2f87b</Data>
      <Data Name=""TerminalSessionId"">1</Data>
      <Data Name=""IntegrityLevel"">Medium</Data>
      <Data Name=""Hashes"">MD5=7CBB1DF40115C7D3CF0FE6CCFF82708E,SHA256=50E8AB76E511A917FD8CCF149DDAC1447FD817FF703AA9FDCC51DC77AC0237BE,IMPHASH=76EE66A0F294EAB08DCAEF5E64FBF02F</Data>
      <Data Name=""ParentProcessGuid"">{f57bd86a-885f-658c-d201-000000000f00}</Data>
      <Data Name=""ParentProcessId"">1880</Data>
      <Data Name=""ParentImage"">C:\Windows\System32\net.exe</Data>
      <Data Name=""ParentCommandLine"">""C:\Windows\system32\net.exe"" localgroup</Data>
      <Data Name=""ParentUser"">WINDEV2309EVAL\User</Data>
    </EventData>
    <RenderingInfo Culture=""en-US"">
      <Message>Process Create:

RuleName: -

UtcTime: 2023-12-27 20:26:07.635

ProcessGuid: {f57bd86a-885f-658c-d301-000000000f00}

ProcessId: 1724

Image: C:\Windows\System32\net1.exe

FileVersion: 10.0.22621.2506 (WinBuild.160101.0800)

Description: Net Command

Product: Microsoft&#174; Windows&#174; Operating System

Company: Microsoft Corporation

OriginalFileName: net1.exe

CommandLine: C:\Windows\system32\net1 localgroup

CurrentDirectory: C:\Users\User\AppData\Local\Temp\

User: WINDEV2309EVAL\User

LogonGuid: {f57bd86a-36f9-658c-7bf8-020000000000}

LogonId: 0x2F87B

TerminalSessionId: 1

IntegrityLevel: Medium

Hashes: MD5=7CBB1DF40115C7D3CF0FE6CCFF82708E,SHA256=50E8AB76E511A917FD8CCF149DDAC1447FD817FF703AA9FDCC51DC77AC0237BE,IMPHASH=76EE66A0F294EAB08DCAEF5E64FBF02F

ParentProcessGuid: {f57bd86a-885f-658c-d201-000000000f00}

ParentProcessId: 1880

ParentImage: C:\Windows\System32\net.exe

ParentCommandLine: ""C:\Windows\system32\net.exe"" localgroup

ParentUser: WINDEV2309EVAL\User</Message>
      <Level>Information</Level>
      <Task>Process Create (rule: ProcessCreate)</Task>
      <Opcode>Info</Opcode>
    </RenderingInfo>
  </Event>
  
"
Microsoft-Windows-Sysmon/Operational,"""C:\Windows\system32\net.exe"" localgroup",Microsoft Corporation,WinDev2309Eval,,C:\Users\User\AppData\Local\Temp\,Net Command,,1,19589,,10.0.22621.1 (WinBuild.160101.0800),"MD5=BB1AE49B6B7C53499E94613761A6AC56,SHA256=AFBE51517092256504F797F6A5ABC02515A09D603E8C046AE31D7D7855568E91,IMPHASH=D45C37A5C97135204AD6E116C34946C3",C:\Windows\System32\net.exe,Medium,0x8000000000000000,Information,{f57bd86a-36f9-658c-7bf8-020000000000},0x2f87b,"Process Create:

RuleName: -

UtcTime: 2023-12-27 20:26:07.626

ProcessGuid: {f57bd86a-885f-658c-d201-000000000f00}

ProcessId: 1880

Image: C:\Windows\System32\net.exe

FileVersion: 10.0.22621.1 (WinBuild.160101.0800)

Description: Net Command

Product: Microsoft® Windows® Operating System

Company: Microsoft Corporation

OriginalFileName: net.exe

CommandLine: ""C:\Windows\system32\net.exe"" localgroup

CurrentDirectory: C:\Users\User\AppData\Local\Temp\

User: WINDEV2309EVAL\User

LogonGuid: {f57bd86a-36f9-658c-7bf8-020000000000}

LogonId: 0x2F87B

TerminalSessionId: 1

IntegrityLevel: Medium

Hashes: MD5=BB1AE49B6B7C53499E94613761A6AC56,SHA256=AFBE51517092256504F797F6A5ABC02515A09D603E8C046AE31D7D7855568E91,IMPHASH=D45C37A5C97135204AD6E116C34946C3

ParentProcessGuid: {f57bd86a-885d-658c-cd01-000000000f00}

ParentProcessId: 5924

ParentImage: C:\Windows\System32\WindowsPowerShell\v1.0\powershell.exe

ParentCommandLine: ""powershell.exe"" & {net user
get-localuser
get-localgroupmember -group Users
cmdkey.exe /list
ls C:/Users
get-childitem C:\Users\
dir C:\Users\
get-localgroup
net localgroup}

ParentUser: WINDEV2309EVAL\User",Info,net.exe,"""powershell.exe"" & {net user
get-localuser
get-localgroupmember -group Users
cmdkey.exe /list
ls C:/Users
get-childitem C:\Users\
dir C:\Users\
get-localgroup
net localgroup}",C:\Windows\System32\WindowsPowerShell\v1.0\powershell.exe,{f57bd86a-885d-658c-cd01-000000000f00},5924,WINDEV2309EVAL\User,{f57bd86a-885f-658c-d201-000000000f00},3588,1880,Microsoft® Windows® Operating System,,,,"
      ",-,2023-12-27T20:26:07.6277469Z,,,Process Create (rule: ProcessCreate),1,5124,WINDEV2309EVAL\User,S-1-5-18,2023-12-27 20:26:07.626,5,"<Event xmlns=""http://schemas.microsoft.com/win/2004/08/events/event"">
    <System>
      <Provider Name=""Microsoft-Windows-Sysmon"" Guid=""{5770385f-c22a-43e0-bf4c-06f5698ffbd9}""/>
      <EventID>1</EventID>
      <Version>5</Version>
      <Level>4</Level>
      <Task>1</Task>
      <Opcode>0</Opcode>
      <Keywords>0x8000000000000000</Keywords>
      <TimeCreated SystemTime=""2023-12-27T20:26:07.6277469Z""/>
      <EventRecordID>19589</EventRecordID>
      <Correlation/>
      <Execution ProcessID=""3588"" ThreadID=""5124""/>
      <Channel>Microsoft-Windows-Sysmon/Operational</Channel>
      <Computer>WinDev2309Eval</Computer>
      <Security UserID=""S-1-5-18""/>
    </System>
    <EventData>
      <Data Name=""RuleName"">-</Data>
      <Data Name=""UtcTime"">2023-12-27 20:26:07.626</Data>
      <Data Name=""ProcessGuid"">{f57bd86a-885f-658c-d201-000000000f00}</Data>
      <Data Name=""ProcessId"">1880</Data>
      <Data Name=""Image"">C:\Windows\System32\net.exe</Data>
      <Data Name=""FileVersion"">10.0.22621.1 (WinBuild.160101.0800)</Data>
      <Data Name=""Description"">Net Command</Data>
      <Data Name=""Product"">Microsoft&#174; Windows&#174; Operating System</Data>
      <Data Name=""Company"">Microsoft Corporation</Data>
      <Data Name=""OriginalFileName"">net.exe</Data>
      <Data Name=""CommandLine"">""C:\Windows\system32\net.exe"" localgroup</Data>
      <Data Name=""CurrentDirectory"">C:\Users\User\AppData\Local\Temp\</Data>
      <Data Name=""User"">WINDEV2309EVAL\User</Data>
      <Data Name=""LogonGuid"">{f57bd86a-36f9-658c-7bf8-020000000000}</Data>
      <Data Name=""LogonId"">0x2f87b</Data>
      <Data Name=""TerminalSessionId"">1</Data>
      <Data Name=""IntegrityLevel"">Medium</Data>
      <Data Name=""Hashes"">MD5=BB1AE49B6B7C53499E94613761A6AC56,SHA256=AFBE51517092256504F797F6A5ABC02515A09D603E8C046AE31D7D7855568E91,IMPHASH=D45C37A5C97135204AD6E116C34946C3</Data>
      <Data Name=""ParentProcessGuid"">{f57bd86a-885d-658c-cd01-000000000f00}</Data>
      <Data Name=""ParentProcessId"">5924</Data>
      <Data Name=""ParentImage"">C:\Windows\System32\WindowsPowerShell\v1.0\powershell.exe</Data>
      <Data Name=""ParentCommandLine"">""powershell.exe"" &amp; {net user
get-localuser
get-localgroupmember -group Users
cmdkey.exe /list
ls C:/Users
get-childitem C:\Users\
dir C:\Users\
get-localgroup
net localgroup}</Data>
      <Data Name=""ParentUser"">WINDEV2309EVAL\User</Data>
    </EventData>
    <RenderingInfo Culture=""en-US"">
      <Message>Process Create:

RuleName: -

UtcTime: 2023-12-27 20:26:07.626

ProcessGuid: {f57bd86a-885f-658c-d201-000000000f00}

ProcessId: 1880

Image: C:\Windows\System32\net.exe

FileVersion: 10.0.22621.1 (WinBuild.160101.0800)

Description: Net Command

Product: Microsoft&#174; Windows&#174; Operating System

Company: Microsoft Corporation

OriginalFileName: net.exe

CommandLine: ""C:\Windows\system32\net.exe"" localgroup

CurrentDirectory: C:\Users\User\AppData\Local\Temp\

User: WINDEV2309EVAL\User

LogonGuid: {f57bd86a-36f9-658c-7bf8-020000000000}

LogonId: 0x2F87B

TerminalSessionId: 1

IntegrityLevel: Medium

Hashes: MD5=BB1AE49B6B7C53499E94613761A6AC56,SHA256=AFBE51517092256504F797F6A5ABC02515A09D603E8C046AE31D7D7855568E91,IMPHASH=D45C37A5C97135204AD6E116C34946C3

ParentProcessGuid: {f57bd86a-885d-658c-cd01-000000000f00}

ParentProcessId: 5924

ParentImage: C:\Windows\System32\WindowsPowerShell\v1.0\powershell.exe

ParentCommandLine: ""powershell.exe"" &amp; {net user
get-localuser
get-localgroupmember -group Users
cmdkey.exe /list
ls C:/Users
get-childitem C:\Users\
dir C:\Users\
get-localgroup
net localgroup}

ParentUser: WINDEV2309EVAL\User</Message>
      <Level>Information</Level>
      <Task>Process Create (rule: ProcessCreate)</Task>
      <Opcode>Info</Opcode>
    </RenderingInfo>
  </Event>
  
"
Microsoft-Windows-Sysmon/Operational,"""C:\Windows\system32\cmdkey.exe"" /list",Microsoft Corporation,WinDev2309Eval,,C:\Users\User\AppData\Local\Temp\,Credential Manager Command Line Utility,,1,19588,,10.0.22621.1 (WinBuild.160101.0800),"MD5=9F7D571F0A641AAB8871C3F4AFEB2731,SHA256=85BFC4848711618D0636BC03AC0BAB9DE7A5F01E5BC402C3C3E7BC3DD5924E8B,IMPHASH=03AD7A1AF78BF7A500FB199CABE4C34A",C:\Windows\System32\cmdkey.exe,Medium,0x8000000000000000,Information,{f57bd86a-36f9-658c-7bf8-020000000000},0x2f87b,"Process Create:

RuleName: -

UtcTime: 2023-12-27 20:26:07.440

ProcessGuid: {f57bd86a-885f-658c-d101-000000000f00}

ProcessId: 10536

Image: C:\Windows\System32\cmdkey.exe

FileVersion: 10.0.22621.1 (WinBuild.160101.0800)

Description: Credential Manager Command Line Utility

Product: Microsoft® Windows® Operating System

Company: Microsoft Corporation

OriginalFileName: cmdkey.exe

CommandLine: ""C:\Windows\system32\cmdkey.exe"" /list

CurrentDirectory: C:\Users\User\AppData\Local\Temp\

User: WINDEV2309EVAL\User

LogonGuid: {f57bd86a-36f9-658c-7bf8-020000000000}

LogonId: 0x2F87B

TerminalSessionId: 1

IntegrityLevel: Medium

Hashes: MD5=9F7D571F0A641AAB8871C3F4AFEB2731,SHA256=85BFC4848711618D0636BC03AC0BAB9DE7A5F01E5BC402C3C3E7BC3DD5924E8B,IMPHASH=03AD7A1AF78BF7A500FB199CABE4C34A

ParentProcessGuid: {f57bd86a-885d-658c-cd01-000000000f00}

ParentProcessId: 5924

ParentImage: C:\Windows\System32\WindowsPowerShell\v1.0\powershell.exe

ParentCommandLine: ""powershell.exe"" & {net user
get-localuser
get-localgroupmember -group Users
cmdkey.exe /list
ls C:/Users
get-childitem C:\Users\
dir C:\Users\
get-localgroup
net localgroup}

ParentUser: WINDEV2309EVAL\User",Info,cmdkey.exe,"""powershell.exe"" & {net user
get-localuser
get-localgroupmember -group Users
cmdkey.exe /list
ls C:/Users
get-childitem C:\Users\
dir C:\Users\
get-localgroup
net localgroup}",C:\Windows\System32\WindowsPowerShell\v1.0\powershell.exe,{f57bd86a-885d-658c-cd01-000000000f00},5924,WINDEV2309EVAL\User,{f57bd86a-885f-658c-d101-000000000f00},3588,10536,Microsoft® Windows® Operating System,,,,"
      ",-,2023-12-27T20:26:07.4410983Z,,,Process Create (rule: ProcessCreate),1,5124,WINDEV2309EVAL\User,S-1-5-18,2023-12-27 20:26:07.440,5,"<Event xmlns=""http://schemas.microsoft.com/win/2004/08/events/event"">
    <System>
      <Provider Name=""Microsoft-Windows-Sysmon"" Guid=""{5770385f-c22a-43e0-bf4c-06f5698ffbd9}""/>
      <EventID>1</EventID>
      <Version>5</Version>
      <Level>4</Level>
      <Task>1</Task>
      <Opcode>0</Opcode>
      <Keywords>0x8000000000000000</Keywords>
      <TimeCreated SystemTime=""2023-12-27T20:26:07.4410983Z""/>
      <EventRecordID>19588</EventRecordID>
      <Correlation/>
      <Execution ProcessID=""3588"" ThreadID=""5124""/>
      <Channel>Microsoft-Windows-Sysmon/Operational</Channel>
      <Computer>WinDev2309Eval</Computer>
      <Security UserID=""S-1-5-18""/>
    </System>
    <EventData>
      <Data Name=""RuleName"">-</Data>
      <Data Name=""UtcTime"">2023-12-27 20:26:07.440</Data>
      <Data Name=""ProcessGuid"">{f57bd86a-885f-658c-d101-000000000f00}</Data>
      <Data Name=""ProcessId"">10536</Data>
      <Data Name=""Image"">C:\Windows\System32\cmdkey.exe</Data>
      <Data Name=""FileVersion"">10.0.22621.1 (WinBuild.160101.0800)</Data>
      <Data Name=""Description"">Credential Manager Command Line Utility</Data>
      <Data Name=""Product"">Microsoft&#174; Windows&#174; Operating System</Data>
      <Data Name=""Company"">Microsoft Corporation</Data>
      <Data Name=""OriginalFileName"">cmdkey.exe</Data>
      <Data Name=""CommandLine"">""C:\Windows\system32\cmdkey.exe"" /list</Data>
      <Data Name=""CurrentDirectory"">C:\Users\User\AppData\Local\Temp\</Data>
      <Data Name=""User"">WINDEV2309EVAL\User</Data>
      <Data Name=""LogonGuid"">{f57bd86a-36f9-658c-7bf8-020000000000}</Data>
      <Data Name=""LogonId"">0x2f87b</Data>
      <Data Name=""TerminalSessionId"">1</Data>
      <Data Name=""IntegrityLevel"">Medium</Data>
      <Data Name=""Hashes"">MD5=9F7D571F0A641AAB8871C3F4AFEB2731,SHA256=85BFC4848711618D0636BC03AC0BAB9DE7A5F01E5BC402C3C3E7BC3DD5924E8B,IMPHASH=03AD7A1AF78BF7A500FB199CABE4C34A</Data>
      <Data Name=""ParentProcessGuid"">{f57bd86a-885d-658c-cd01-000000000f00}</Data>
      <Data Name=""ParentProcessId"">5924</Data>
      <Data Name=""ParentImage"">C:\Windows\System32\WindowsPowerShell\v1.0\powershell.exe</Data>
      <Data Name=""ParentCommandLine"">""powershell.exe"" &amp; {net user
get-localuser
get-localgroupmember -group Users
cmdkey.exe /list
ls C:/Users
get-childitem C:\Users\
dir C:\Users\
get-localgroup
net localgroup}</Data>
      <Data Name=""ParentUser"">WINDEV2309EVAL\User</Data>
    </EventData>
    <RenderingInfo Culture=""en-US"">
      <Message>Process Create:

RuleName: -

UtcTime: 2023-12-27 20:26:07.440

ProcessGuid: {f57bd86a-885f-658c-d101-000000000f00}

ProcessId: 10536

Image: C:\Windows\System32\cmdkey.exe

FileVersion: 10.0.22621.1 (WinBuild.160101.0800)

Description: Credential Manager Command Line Utility

Product: Microsoft&#174; Windows&#174; Operating System

Company: Microsoft Corporation

OriginalFileName: cmdkey.exe

CommandLine: ""C:\Windows\system32\cmdkey.exe"" /list

CurrentDirectory: C:\Users\User\AppData\Local\Temp\

User: WINDEV2309EVAL\User

LogonGuid: {f57bd86a-36f9-658c-7bf8-020000000000}

LogonId: 0x2F87B

TerminalSessionId: 1

IntegrityLevel: Medium

Hashes: MD5=9F7D571F0A641AAB8871C3F4AFEB2731,SHA256=85BFC4848711618D0636BC03AC0BAB9DE7A5F01E5BC402C3C3E7BC3DD5924E8B,IMPHASH=03AD7A1AF78BF7A500FB199CABE4C34A

ParentProcessGuid: {f57bd86a-885d-658c-cd01-000000000f00}

ParentProcessId: 5924

ParentImage: C:\Windows\System32\WindowsPowerShell\v1.0\powershell.exe

ParentCommandLine: ""powershell.exe"" &amp; {net user
get-localuser
get-localgroupmember -group Users
cmdkey.exe /list
ls C:/Users
get-childitem C:\Users\
dir C:\Users\
get-localgroup
net localgroup}

ParentUser: WINDEV2309EVAL\User</Message>
      <Level>Information</Level>
      <Task>Process Create (rule: ProcessCreate)</Task>
      <Opcode>Info</Opcode>
    </RenderingInfo>
  </Event>
  
"
