Microsoft-Windows-Sysmon/Operational,C:\Windows\system32\svchost.exe -k netsvcs -p,Microsoft Corporation,WinDev2309Eval,,C:\Windows\system32\,Host Process for Windows Services,,,,,,,1,19961,,10.0.22621.1 (WinBuild.160101.0800),"MD5=8EC922C7A58A8701AB481B7BE9644536,SHA256=949BFB5B4C7D58D92F3F9C5F8EC7CA4CEAFFD10EC5F0020F0A987C472D61C54B,IMPHASH=76B4BAE80D2C3B08BB062D97BF9CA791",C:\Windows\System32\svchost.exe,,System,0x8000000000000000,Information,{f57bd86a-36f5-658c-e703-000000000000},0x3e7,"Process Create:

RuleName: -

UtcTime: 2023-12-27 20:21:18.217

ProcessGuid: {f57bd86a-873e-658c-2c03-000000000f00}

ProcessId: 8564

Image: C:\Windows\System32\svchost.exe

FileVersion: 10.0.22621.1 (WinBuild.160101.0800)

Description: Host Process for Windows Services

Product: Microsoft® Windows® Operating System

Company: Microsoft Corporation

OriginalFileName: svchost.exe

CommandLine: C:\Windows\system32\svchost.exe -k netsvcs -p

CurrentDirectory: C:\Windows\system32\

User: NT AUTHORITY\SYSTEM

LogonGuid: {f57bd86a-36f5-658c-e703-000000000000}

LogonId: 0x3E7

TerminalSessionId: 0

IntegrityLevel: System

Hashes: MD5=8EC922C7A58A8701AB481B7BE9644536,SHA256=949BFB5B4C7D58D92F3F9C5F8EC7CA4CEAFFD10EC5F0020F0A987C472D61C54B,IMPHASH=76B4BAE80D2C3B08BB062D97BF9CA791

ParentProcessGuid: {f57bd86a-36f5-658c-0b00-000000000f00}

ParentProcessId: 780

ParentImage: C:\Windows\System32\services.exe

ParentCommandLine: C:\Windows\system32\services.exe

ParentUser: NT AUTHORITY\SYSTEM",Info,svchost.exe,C:\Windows\system32\services.exe,C:\Windows\System32\services.exe,{f57bd86a-36f5-658c-0b00-000000000f00},780,NT AUTHORITY\SYSTEM,{f57bd86a-873e-658c-2c03-000000000f00},3588,8564,Microsoft® Windows® Operating System,,,,,"
      ",-,,,,,,2023-12-27T20:21:18.2185654Z,,,Process Create (rule: ProcessCreate),0,5124,NT AUTHORITY\SYSTEM,S-1-5-18,2023-12-27 20:21:18.217,5,"<Event xmlns=""http://schemas.microsoft.com/win/2004/08/events/event"">
    <System>
      <Provider Name=""Microsoft-Windows-Sysmon"" Guid=""{5770385f-c22a-43e0-bf4c-06f5698ffbd9}""/>
      <EventID>1</EventID>
      <Version>5</Version>
      <Level>4</Level>
      <Task>1</Task>
      <Opcode>0</Opcode>
      <Keywords>0x8000000000000000</Keywords>
      <TimeCreated SystemTime=""2023-12-27T20:21:18.2185654Z""/>
      <EventRecordID>19961</EventRecordID>
      <Correlation/>
      <Execution ProcessID=""3588"" ThreadID=""5124""/>
      <Channel>Microsoft-Windows-Sysmon/Operational</Channel>
      <Computer>WinDev2309Eval</Computer>
      <Security UserID=""S-1-5-18""/>
    </System>
    <EventData>
      <Data Name=""RuleName"">-</Data>
      <Data Name=""UtcTime"">2023-12-27 20:21:18.217</Data>
      <Data Name=""ProcessGuid"">{f57bd86a-873e-658c-2c03-000000000f00}</Data>
      <Data Name=""ProcessId"">8564</Data>
      <Data Name=""Image"">C:\Windows\System32\svchost.exe</Data>
      <Data Name=""FileVersion"">10.0.22621.1 (WinBuild.160101.0800)</Data>
      <Data Name=""Description"">Host Process for Windows Services</Data>
      <Data Name=""Product"">Microsoft&#174; Windows&#174; Operating System</Data>
      <Data Name=""Company"">Microsoft Corporation</Data>
      <Data Name=""OriginalFileName"">svchost.exe</Data>
      <Data Name=""CommandLine"">C:\Windows\system32\svchost.exe -k netsvcs -p</Data>
      <Data Name=""CurrentDirectory"">C:\Windows\system32\</Data>
      <Data Name=""User"">NT AUTHORITY\SYSTEM</Data>
      <Data Name=""LogonGuid"">{f57bd86a-36f5-658c-e703-000000000000}</Data>
      <Data Name=""LogonId"">0x3e7</Data>
      <Data Name=""TerminalSessionId"">0</Data>
      <Data Name=""IntegrityLevel"">System</Data>
      <Data Name=""Hashes"">MD5=8EC922C7A58A8701AB481B7BE9644536,SHA256=949BFB5B4C7D58D92F3F9C5F8EC7CA4CEAFFD10EC5F0020F0A987C472D61C54B,IMPHASH=76B4BAE80D2C3B08BB062D97BF9CA791</Data>
      <Data Name=""ParentProcessGuid"">{f57bd86a-36f5-658c-0b00-000000000f00}</Data>
      <Data Name=""ParentProcessId"">780</Data>
      <Data Name=""ParentImage"">C:\Windows\System32\services.exe</Data>
      <Data Name=""ParentCommandLine"">C:\Windows\system32\services.exe</Data>
      <Data Name=""ParentUser"">NT AUTHORITY\SYSTEM</Data>
    </EventData>
    <RenderingInfo Culture=""en-US"">
      <Message>Process Create:

RuleName: -

UtcTime: 2023-12-27 20:21:18.217

ProcessGuid: {f57bd86a-873e-658c-2c03-000000000f00}

ProcessId: 8564

Image: C:\Windows\System32\svchost.exe

FileVersion: 10.0.22621.1 (WinBuild.160101.0800)

Description: Host Process for Windows Services

Product: Microsoft&#174; Windows&#174; Operating System

Company: Microsoft Corporation

OriginalFileName: svchost.exe

CommandLine: C:\Windows\system32\svchost.exe -k netsvcs -p

CurrentDirectory: C:\Windows\system32\

User: NT AUTHORITY\SYSTEM

LogonGuid: {f57bd86a-36f5-658c-e703-000000000000}

LogonId: 0x3E7

TerminalSessionId: 0

IntegrityLevel: System

Hashes: MD5=8EC922C7A58A8701AB481B7BE9644536,SHA256=949BFB5B4C7D58D92F3F9C5F8EC7CA4CEAFFD10EC5F0020F0A987C472D61C54B,IMPHASH=76B4BAE80D2C3B08BB062D97BF9CA791

ParentProcessGuid: {f57bd86a-36f5-658c-0b00-000000000f00}

ParentProcessId: 780

ParentImage: C:\Windows\System32\services.exe

ParentCommandLine: C:\Windows\system32\services.exe

ParentUser: NT AUTHORITY\SYSTEM</Message>
      <Level>Information</Level>
      <Task>Process Create (rule: ProcessCreate)</Task>
      <Opcode>Info</Opcode>
    </RenderingInfo>
  </Event>
  
"
Microsoft-Windows-Sysmon/Operational,"""C:\Windows\system32\defrag.exe"" -p 7b8 -s 000000000000031C -b -OnlyPreferred C:",Microsoft Corp.,WinDev2309Eval,,C:\Windows\system32\,Disk Defragmenter Module,,,,,,,1,19960,,10.0.22621.1 (WinBuild.160101.0800),"MD5=662BA4DB4D348D5152EBC73F12A7AB49,SHA256=EDF1FBB7770D5D8E4DAAF40AC72A4FAC4CB5983D076CFE413E29786E59123953,IMPHASH=98B596156D97A7EA63632CFC56D4C734",C:\Windows\System32\Defrag.exe,,System,0x8000000000000000,Information,{f57bd86a-36f5-658c-e703-000000000000},0x3e7,"Process Create:

RuleName: -

UtcTime: 2023-12-27 20:21:18.173

ProcessGuid: {f57bd86a-873e-658c-2903-000000000f00}

ProcessId: 8944

Image: C:\Windows\System32\Defrag.exe

FileVersion: 10.0.22621.1 (WinBuild.160101.0800)

Description: Disk Defragmenter Module

Product: Windows Drive Optimizer

Company: Microsoft Corp.

OriginalFileName: Defrag.EXE

CommandLine: ""C:\Windows\system32\defrag.exe"" -p 7b8 -s 000000000000031C -b -OnlyPreferred C:

CurrentDirectory: C:\Windows\system32\

User: NT AUTHORITY\SYSTEM

LogonGuid: {f57bd86a-36f5-658c-e703-000000000000}

LogonId: 0x3E7

TerminalSessionId: 0

IntegrityLevel: System

Hashes: MD5=662BA4DB4D348D5152EBC73F12A7AB49,SHA256=EDF1FBB7770D5D8E4DAAF40AC72A4FAC4CB5983D076CFE413E29786E59123953,IMPHASH=98B596156D97A7EA63632CFC56D4C734

ParentProcessGuid: {f57bd86a-36f7-658c-2700-000000000f00}

ParentProcessId: 1976

ParentImage: C:\Windows\System32\svchost.exe

ParentCommandLine: C:\Windows\system32\svchost.exe -k LocalSystemNetworkRestricted -p -s SysMain

ParentUser: NT AUTHORITY\SYSTEM",Info,Defrag.EXE,C:\Windows\system32\svchost.exe -k LocalSystemNetworkRestricted -p -s SysMain,C:\Windows\System32\svchost.exe,{f57bd86a-36f7-658c-2700-000000000f00},1976,NT AUTHORITY\SYSTEM,{f57bd86a-873e-658c-2903-000000000f00},3588,8944,Windows Drive Optimizer,,,,,"
      ",-,,,,,,2023-12-27T20:21:18.1771611Z,,,Process Create (rule: ProcessCreate),0,5124,NT AUTHORITY\SYSTEM,S-1-5-18,2023-12-27 20:21:18.173,5,"<Event xmlns=""http://schemas.microsoft.com/win/2004/08/events/event"">
    <System>
      <Provider Name=""Microsoft-Windows-Sysmon"" Guid=""{5770385f-c22a-43e0-bf4c-06f5698ffbd9}""/>
      <EventID>1</EventID>
      <Version>5</Version>
      <Level>4</Level>
      <Task>1</Task>
      <Opcode>0</Opcode>
      <Keywords>0x8000000000000000</Keywords>
      <TimeCreated SystemTime=""2023-12-27T20:21:18.1771611Z""/>
      <EventRecordID>19960</EventRecordID>
      <Correlation/>
      <Execution ProcessID=""3588"" ThreadID=""5124""/>
      <Channel>Microsoft-Windows-Sysmon/Operational</Channel>
      <Computer>WinDev2309Eval</Computer>
      <Security UserID=""S-1-5-18""/>
    </System>
    <EventData>
      <Data Name=""RuleName"">-</Data>
      <Data Name=""UtcTime"">2023-12-27 20:21:18.173</Data>
      <Data Name=""ProcessGuid"">{f57bd86a-873e-658c-2903-000000000f00}</Data>
      <Data Name=""ProcessId"">8944</Data>
      <Data Name=""Image"">C:\Windows\System32\Defrag.exe</Data>
      <Data Name=""FileVersion"">10.0.22621.1 (WinBuild.160101.0800)</Data>
      <Data Name=""Description"">Disk Defragmenter Module</Data>
      <Data Name=""Product"">Windows Drive Optimizer</Data>
      <Data Name=""Company"">Microsoft Corp.</Data>
      <Data Name=""OriginalFileName"">Defrag.EXE</Data>
      <Data Name=""CommandLine"">""C:\Windows\system32\defrag.exe"" -p 7b8 -s 000000000000031C -b -OnlyPreferred C:</Data>
      <Data Name=""CurrentDirectory"">C:\Windows\system32\</Data>
      <Data Name=""User"">NT AUTHORITY\SYSTEM</Data>
      <Data Name=""LogonGuid"">{f57bd86a-36f5-658c-e703-000000000000}</Data>
      <Data Name=""LogonId"">0x3e7</Data>
      <Data Name=""TerminalSessionId"">0</Data>
      <Data Name=""IntegrityLevel"">System</Data>
      <Data Name=""Hashes"">MD5=662BA4DB4D348D5152EBC73F12A7AB49,SHA256=EDF1FBB7770D5D8E4DAAF40AC72A4FAC4CB5983D076CFE413E29786E59123953,IMPHASH=98B596156D97A7EA63632CFC56D4C734</Data>
      <Data Name=""ParentProcessGuid"">{f57bd86a-36f7-658c-2700-000000000f00}</Data>
      <Data Name=""ParentProcessId"">1976</Data>
      <Data Name=""ParentImage"">C:\Windows\System32\svchost.exe</Data>
      <Data Name=""ParentCommandLine"">C:\Windows\system32\svchost.exe -k LocalSystemNetworkRestricted -p -s SysMain</Data>
      <Data Name=""ParentUser"">NT AUTHORITY\SYSTEM</Data>
    </EventData>
    <RenderingInfo Culture=""en-US"">
      <Message>Process Create:

RuleName: -

UtcTime: 2023-12-27 20:21:18.173

ProcessGuid: {f57bd86a-873e-658c-2903-000000000f00}

ProcessId: 8944

Image: C:\Windows\System32\Defrag.exe

FileVersion: 10.0.22621.1 (WinBuild.160101.0800)

Description: Disk Defragmenter Module

Product: Windows Drive Optimizer

Company: Microsoft Corp.

OriginalFileName: Defrag.EXE

CommandLine: ""C:\Windows\system32\defrag.exe"" -p 7b8 -s 000000000000031C -b -OnlyPreferred C:

CurrentDirectory: C:\Windows\system32\

User: NT AUTHORITY\SYSTEM

LogonGuid: {f57bd86a-36f5-658c-e703-000000000000}

LogonId: 0x3E7

TerminalSessionId: 0

IntegrityLevel: System

Hashes: MD5=662BA4DB4D348D5152EBC73F12A7AB49,SHA256=EDF1FBB7770D5D8E4DAAF40AC72A4FAC4CB5983D076CFE413E29786E59123953,IMPHASH=98B596156D97A7EA63632CFC56D4C734

ParentProcessGuid: {f57bd86a-36f7-658c-2700-000000000f00}

ParentProcessId: 1976

ParentImage: C:\Windows\System32\svchost.exe

ParentCommandLine: C:\Windows\system32\svchost.exe -k LocalSystemNetworkRestricted -p -s SysMain

ParentUser: NT AUTHORITY\SYSTEM</Message>
      <Level>Information</Level>
      <Task>Process Create (rule: ProcessCreate)</Task>
      <Opcode>Info</Opcode>
    </RenderingInfo>
  </Event>
  
"
Microsoft-Windows-Sysmon/Operational,"""C:\Windows\system32\speech_onecore\common\SpeechModelDownload.exe""",Microsoft Corporation,WinDev2309Eval,,C:\Windows\system32\,Speech Model Download Executable,,,,,,,1,19959,,10.0.22621.2506 (WinBuild.160101.0800),"MD5=548846E42757FC0048A4A99446BD6835,SHA256=653A4E4BEFA28D7C6B527AC107136B335977DA620F38A90DECE64614339D5BB9,IMPHASH=1D38C260B7444575F0238293E2E78DF2",C:\Windows\System32\Speech_OneCore\common\SpeechModelDownload.exe,,System,0x8000000000000000,Information,{f57bd86a-36f6-658c-e403-000000000000},0x3e4,"Process Create:

RuleName: -

UtcTime: 2023-12-27 20:21:17.958

ProcessGuid: {f57bd86a-873d-658c-2803-000000000f00}

ProcessId: 1548

Image: C:\Windows\System32\Speech_OneCore\common\SpeechModelDownload.exe

FileVersion: 10.0.22621.2506 (WinBuild.160101.0800)

Description: Speech Model Download Executable

Product: Microsoft® Windows® Operating System

Company: Microsoft Corporation

OriginalFileName: SpeechModelDownload.exe

CommandLine: ""C:\Windows\system32\speech_onecore\common\SpeechModelDownload.exe""

CurrentDirectory: C:\Windows\system32\

User: NT AUTHORITY\NETWORK SERVICE

LogonGuid: {f57bd86a-36f6-658c-e403-000000000000}

LogonId: 0x3E4

TerminalSessionId: 0

IntegrityLevel: System

Hashes: MD5=548846E42757FC0048A4A99446BD6835,SHA256=653A4E4BEFA28D7C6B527AC107136B335977DA620F38A90DECE64614339D5BB9,IMPHASH=1D38C260B7444575F0238293E2E78DF2

ParentProcessGuid: {f57bd86a-36f6-658c-1d00-000000000f00}

ParentProcessId: 1496

ParentImage: C:\Windows\System32\svchost.exe

ParentCommandLine: C:\Windows\system32\svchost.exe -k netsvcs -p -s Schedule

ParentUser: NT AUTHORITY\SYSTEM",Info,SpeechModelDownload.exe,C:\Windows\system32\svchost.exe -k netsvcs -p -s Schedule,C:\Windows\System32\svchost.exe,{f57bd86a-36f6-658c-1d00-000000000f00},1496,NT AUTHORITY\SYSTEM,{f57bd86a-873d-658c-2803-000000000f00},3588,1548,Microsoft® Windows® Operating System,,,,,"
      ",-,,,,,,2023-12-27T20:21:17.9620779Z,,,Process Create (rule: ProcessCreate),0,5124,NT AUTHORITY\NETWORK SERVICE,S-1-5-18,2023-12-27 20:21:17.958,5,"<Event xmlns=""http://schemas.microsoft.com/win/2004/08/events/event"">
    <System>
      <Provider Name=""Microsoft-Windows-Sysmon"" Guid=""{5770385f-c22a-43e0-bf4c-06f5698ffbd9}""/>
      <EventID>1</EventID>
      <Version>5</Version>
      <Level>4</Level>
      <Task>1</Task>
      <Opcode>0</Opcode>
      <Keywords>0x8000000000000000</Keywords>
      <TimeCreated SystemTime=""2023-12-27T20:21:17.9620779Z""/>
      <EventRecordID>19959</EventRecordID>
      <Correlation/>
      <Execution ProcessID=""3588"" ThreadID=""5124""/>
      <Channel>Microsoft-Windows-Sysmon/Operational</Channel>
      <Computer>WinDev2309Eval</Computer>
      <Security UserID=""S-1-5-18""/>
    </System>
    <EventData>
      <Data Name=""RuleName"">-</Data>
      <Data Name=""UtcTime"">2023-12-27 20:21:17.958</Data>
      <Data Name=""ProcessGuid"">{f57bd86a-873d-658c-2803-000000000f00}</Data>
      <Data Name=""ProcessId"">1548</Data>
      <Data Name=""Image"">C:\Windows\System32\Speech_OneCore\common\SpeechModelDownload.exe</Data>
      <Data Name=""FileVersion"">10.0.22621.2506 (WinBuild.160101.0800)</Data>
      <Data Name=""Description"">Speech Model Download Executable</Data>
      <Data Name=""Product"">Microsoft&#174; Windows&#174; Operating System</Data>
      <Data Name=""Company"">Microsoft Corporation</Data>
      <Data Name=""OriginalFileName"">SpeechModelDownload.exe</Data>
      <Data Name=""CommandLine"">""C:\Windows\system32\speech_onecore\common\SpeechModelDownload.exe""</Data>
      <Data Name=""CurrentDirectory"">C:\Windows\system32\</Data>
      <Data Name=""User"">NT AUTHORITY\NETWORK SERVICE</Data>
      <Data Name=""LogonGuid"">{f57bd86a-36f6-658c-e403-000000000000}</Data>
      <Data Name=""LogonId"">0x3e4</Data>
      <Data Name=""TerminalSessionId"">0</Data>
      <Data Name=""IntegrityLevel"">System</Data>
      <Data Name=""Hashes"">MD5=548846E42757FC0048A4A99446BD6835,SHA256=653A4E4BEFA28D7C6B527AC107136B335977DA620F38A90DECE64614339D5BB9,IMPHASH=1D38C260B7444575F0238293E2E78DF2</Data>
      <Data Name=""ParentProcessGuid"">{f57bd86a-36f6-658c-1d00-000000000f00}</Data>
      <Data Name=""ParentProcessId"">1496</Data>
      <Data Name=""ParentImage"">C:\Windows\System32\svchost.exe</Data>
      <Data Name=""ParentCommandLine"">C:\Windows\system32\svchost.exe -k netsvcs -p -s Schedule</Data>
      <Data Name=""ParentUser"">NT AUTHORITY\SYSTEM</Data>
    </EventData>
    <RenderingInfo Culture=""en-US"">
      <Message>Process Create:

RuleName: -

UtcTime: 2023-12-27 20:21:17.958

ProcessGuid: {f57bd86a-873d-658c-2803-000000000f00}

ProcessId: 1548

Image: C:\Windows\System32\Speech_OneCore\common\SpeechModelDownload.exe

FileVersion: 10.0.22621.2506 (WinBuild.160101.0800)

Description: Speech Model Download Executable

Product: Microsoft&#174; Windows&#174; Operating System

Company: Microsoft Corporation

OriginalFileName: SpeechModelDownload.exe

CommandLine: ""C:\Windows\system32\speech_onecore\common\SpeechModelDownload.exe""

CurrentDirectory: C:\Windows\system32\

User: NT AUTHORITY\NETWORK SERVICE

LogonGuid: {f57bd86a-36f6-658c-e403-000000000000}

LogonId: 0x3E4

TerminalSessionId: 0

IntegrityLevel: System

Hashes: MD5=548846E42757FC0048A4A99446BD6835,SHA256=653A4E4BEFA28D7C6B527AC107136B335977DA620F38A90DECE64614339D5BB9,IMPHASH=1D38C260B7444575F0238293E2E78DF2

ParentProcessGuid: {f57bd86a-36f6-658c-1d00-000000000f00}

ParentProcessId: 1496

ParentImage: C:\Windows\System32\svchost.exe

ParentCommandLine: C:\Windows\system32\svchost.exe -k netsvcs -p -s Schedule

ParentUser: NT AUTHORITY\SYSTEM</Message>
      <Level>Information</Level>
      <Task>Process Create (rule: ProcessCreate)</Task>
      <Opcode>Info</Opcode>
    </RenderingInfo>
  </Event>
  
"
Microsoft-Windows-Sysmon/Operational,"""C:\Windows\system32\UCPDMgr.exe""",Microsoft Corporation,WinDev2309Eval,,C:\Windows\system32\,User Choice Protection Manager,,,,,,,1,19958,,1.0.0.414301,"MD5=D8DAAC63C7D260E96D8AC127B2E1F9E0,SHA256=D6D3634733CF1E1D5E8BA1DA2FF280FAE4AB24A37EED79138C77B5A86F181935,IMPHASH=A5CD3D4F8CEAC1D73EAF7B1F0AB62D25",C:\Windows\System32\UCPDMgr.exe,,System,0x8000000000000000,Information,{f57bd86a-36f5-658c-e703-000000000000},0x3e7,"Process Create:

RuleName: -

UtcTime: 2023-12-27 20:21:17.945

ProcessGuid: {f57bd86a-873d-658c-2603-000000000f00}

ProcessId: 8204

Image: C:\Windows\System32\UCPDMgr.exe

FileVersion: 1.0.0.414301

Description: User Choice Protection Manager

Product: Microsoft® Windows® Operating System

Company: Microsoft Corporation

OriginalFileName: UCPDMgr.exe

CommandLine: ""C:\Windows\system32\UCPDMgr.exe""

CurrentDirectory: C:\Windows\system32\

User: NT AUTHORITY\SYSTEM

LogonGuid: {f57bd86a-36f5-658c-e703-000000000000}

LogonId: 0x3E7

TerminalSessionId: 0

IntegrityLevel: System

Hashes: MD5=D8DAAC63C7D260E96D8AC127B2E1F9E0,SHA256=D6D3634733CF1E1D5E8BA1DA2FF280FAE4AB24A37EED79138C77B5A86F181935,IMPHASH=A5CD3D4F8CEAC1D73EAF7B1F0AB62D25

ParentProcessGuid: {f57bd86a-36f6-658c-1d00-000000000f00}

ParentProcessId: 1496

ParentImage: C:\Windows\System32\svchost.exe

ParentCommandLine: C:\Windows\system32\svchost.exe -k netsvcs -p -s Schedule

ParentUser: NT AUTHORITY\SYSTEM",Info,UCPDMgr.exe,C:\Windows\system32\svchost.exe -k netsvcs -p -s Schedule,C:\Windows\System32\svchost.exe,{f57bd86a-36f6-658c-1d00-000000000f00},1496,NT AUTHORITY\SYSTEM,{f57bd86a-873d-658c-2603-000000000f00},3588,8204,Microsoft® Windows® Operating System,,,,,"
      ",-,,,,,,2023-12-27T20:21:17.9479830Z,,,Process Create (rule: ProcessCreate),0,5124,NT AUTHORITY\SYSTEM,S-1-5-18,2023-12-27 20:21:17.945,5,"<Event xmlns=""http://schemas.microsoft.com/win/2004/08/events/event"">
    <System>
      <Provider Name=""Microsoft-Windows-Sysmon"" Guid=""{5770385f-c22a-43e0-bf4c-06f5698ffbd9}""/>
      <EventID>1</EventID>
      <Version>5</Version>
      <Level>4</Level>
      <Task>1</Task>
      <Opcode>0</Opcode>
      <Keywords>0x8000000000000000</Keywords>
      <TimeCreated SystemTime=""2023-12-27T20:21:17.9479830Z""/>
      <EventRecordID>19958</EventRecordID>
      <Correlation/>
      <Execution ProcessID=""3588"" ThreadID=""5124""/>
      <Channel>Microsoft-Windows-Sysmon/Operational</Channel>
      <Computer>WinDev2309Eval</Computer>
      <Security UserID=""S-1-5-18""/>
    </System>
    <EventData>
      <Data Name=""RuleName"">-</Data>
      <Data Name=""UtcTime"">2023-12-27 20:21:17.945</Data>
      <Data Name=""ProcessGuid"">{f57bd86a-873d-658c-2603-000000000f00}</Data>
      <Data Name=""ProcessId"">8204</Data>
      <Data Name=""Image"">C:\Windows\System32\UCPDMgr.exe</Data>
      <Data Name=""FileVersion"">1.0.0.414301</Data>
      <Data Name=""Description"">User Choice Protection Manager</Data>
      <Data Name=""Product"">Microsoft&#174; Windows&#174; Operating System</Data>
      <Data Name=""Company"">Microsoft Corporation</Data>
      <Data Name=""OriginalFileName"">UCPDMgr.exe</Data>
      <Data Name=""CommandLine"">""C:\Windows\system32\UCPDMgr.exe""</Data>
      <Data Name=""CurrentDirectory"">C:\Windows\system32\</Data>
      <Data Name=""User"">NT AUTHORITY\SYSTEM</Data>
      <Data Name=""LogonGuid"">{f57bd86a-36f5-658c-e703-000000000000}</Data>
      <Data Name=""LogonId"">0x3e7</Data>
      <Data Name=""TerminalSessionId"">0</Data>
      <Data Name=""IntegrityLevel"">System</Data>
      <Data Name=""Hashes"">MD5=D8DAAC63C7D260E96D8AC127B2E1F9E0,SHA256=D6D3634733CF1E1D5E8BA1DA2FF280FAE4AB24A37EED79138C77B5A86F181935,IMPHASH=A5CD3D4F8CEAC1D73EAF7B1F0AB62D25</Data>
      <Data Name=""ParentProcessGuid"">{f57bd86a-36f6-658c-1d00-000000000f00}</Data>
      <Data Name=""ParentProcessId"">1496</Data>
      <Data Name=""ParentImage"">C:\Windows\System32\svchost.exe</Data>
      <Data Name=""ParentCommandLine"">C:\Windows\system32\svchost.exe -k netsvcs -p -s Schedule</Data>
      <Data Name=""ParentUser"">NT AUTHORITY\SYSTEM</Data>
    </EventData>
    <RenderingInfo Culture=""en-US"">
      <Message>Process Create:

RuleName: -

UtcTime: 2023-12-27 20:21:17.945

ProcessGuid: {f57bd86a-873d-658c-2603-000000000f00}

ProcessId: 8204

Image: C:\Windows\System32\UCPDMgr.exe

FileVersion: 1.0.0.414301

Description: User Choice Protection Manager

Product: Microsoft&#174; Windows&#174; Operating System

Company: Microsoft Corporation

OriginalFileName: UCPDMgr.exe

CommandLine: ""C:\Windows\system32\UCPDMgr.exe""

CurrentDirectory: C:\Windows\system32\

User: NT AUTHORITY\SYSTEM

LogonGuid: {f57bd86a-36f5-658c-e703-000000000000}

LogonId: 0x3E7

TerminalSessionId: 0

IntegrityLevel: System

Hashes: MD5=D8DAAC63C7D260E96D8AC127B2E1F9E0,SHA256=D6D3634733CF1E1D5E8BA1DA2FF280FAE4AB24A37EED79138C77B5A86F181935,IMPHASH=A5CD3D4F8CEAC1D73EAF7B1F0AB62D25

ParentProcessGuid: {f57bd86a-36f6-658c-1d00-000000000f00}

ParentProcessId: 1496

ParentImage: C:\Windows\System32\svchost.exe

ParentCommandLine: C:\Windows\system32\svchost.exe -k netsvcs -p -s Schedule

ParentUser: NT AUTHORITY\SYSTEM</Message>
      <Level>Information</Level>
      <Task>Process Create (rule: ProcessCreate)</Task>
      <Opcode>Info</Opcode>
    </RenderingInfo>
  </Event>
  
"
Microsoft-Windows-Sysmon/Operational,"""C:\Windows\system32\ProvTool.exe"" /turn 5 /source LogonIdleTask",Microsoft Corporation,WinDev2309Eval,,C:\Windows\system32\,Provisioning package runtime processing tool,,,,,,,1,19957,,10.0.22621.2506 (WinBuild.160101.0800),"MD5=5BADA9E122DA86D6DE003DADA430579B,SHA256=83EE51DC05B7304C922CA76AD47FA72CDA9B24156AE273CD5ED97E90E0F1C458,IMPHASH=32A66F804CDBF1298DD7E3BAE661D502",C:\Windows\System32\provtool.exe,,System,0x8000000000000000,Information,{f57bd86a-36f5-658c-e703-000000000000},0x3e7,"Process Create:

RuleName: -

UtcTime: 2023-12-27 20:21:17.931

ProcessGuid: {f57bd86a-873d-658c-2503-000000000f00}

ProcessId: 10432

Image: C:\Windows\System32\provtool.exe

FileVersion: 10.0.22621.2506 (WinBuild.160101.0800)

Description: Provisioning package runtime processing tool

Product: Microsoft® Windows® Operating System

Company: Microsoft Corporation

OriginalFileName: provtool

CommandLine: ""C:\Windows\system32\ProvTool.exe"" /turn 5 /source LogonIdleTask

CurrentDirectory: C:\Windows\system32\

User: NT AUTHORITY\SYSTEM

LogonGuid: {f57bd86a-36f5-658c-e703-000000000000}

LogonId: 0x3E7

TerminalSessionId: 0

IntegrityLevel: System

Hashes: MD5=5BADA9E122DA86D6DE003DADA430579B,SHA256=83EE51DC05B7304C922CA76AD47FA72CDA9B24156AE273CD5ED97E90E0F1C458,IMPHASH=32A66F804CDBF1298DD7E3BAE661D502

ParentProcessGuid: {f57bd86a-36f6-658c-1d00-000000000f00}

ParentProcessId: 1496

ParentImage: C:\Windows\System32\svchost.exe

ParentCommandLine: C:\Windows\system32\svchost.exe -k netsvcs -p -s Schedule

ParentUser: NT AUTHORITY\SYSTEM",Info,provtool,C:\Windows\system32\svchost.exe -k netsvcs -p -s Schedule,C:\Windows\System32\svchost.exe,{f57bd86a-36f6-658c-1d00-000000000f00},1496,NT AUTHORITY\SYSTEM,{f57bd86a-873d-658c-2503-000000000f00},3588,10432,Microsoft® Windows® Operating System,,,,,"
      ",-,,,,,,2023-12-27T20:21:17.9352832Z,,,Process Create (rule: ProcessCreate),0,5124,NT AUTHORITY\SYSTEM,S-1-5-18,2023-12-27 20:21:17.931,5,"<Event xmlns=""http://schemas.microsoft.com/win/2004/08/events/event"">
    <System>
      <Provider Name=""Microsoft-Windows-Sysmon"" Guid=""{5770385f-c22a-43e0-bf4c-06f5698ffbd9}""/>
      <EventID>1</EventID>
      <Version>5</Version>
      <Level>4</Level>
      <Task>1</Task>
      <Opcode>0</Opcode>
      <Keywords>0x8000000000000000</Keywords>
      <TimeCreated SystemTime=""2023-12-27T20:21:17.9352832Z""/>
      <EventRecordID>19957</EventRecordID>
      <Correlation/>
      <Execution ProcessID=""3588"" ThreadID=""5124""/>
      <Channel>Microsoft-Windows-Sysmon/Operational</Channel>
      <Computer>WinDev2309Eval</Computer>
      <Security UserID=""S-1-5-18""/>
    </System>
    <EventData>
      <Data Name=""RuleName"">-</Data>
      <Data Name=""UtcTime"">2023-12-27 20:21:17.931</Data>
      <Data Name=""ProcessGuid"">{f57bd86a-873d-658c-2503-000000000f00}</Data>
      <Data Name=""ProcessId"">10432</Data>
      <Data Name=""Image"">C:\Windows\System32\provtool.exe</Data>
      <Data Name=""FileVersion"">10.0.22621.2506 (WinBuild.160101.0800)</Data>
      <Data Name=""Description"">Provisioning package runtime processing tool</Data>
      <Data Name=""Product"">Microsoft&#174; Windows&#174; Operating System</Data>
      <Data Name=""Company"">Microsoft Corporation</Data>
      <Data Name=""OriginalFileName"">provtool</Data>
      <Data Name=""CommandLine"">""C:\Windows\system32\ProvTool.exe"" /turn 5 /source LogonIdleTask</Data>
      <Data Name=""CurrentDirectory"">C:\Windows\system32\</Data>
      <Data Name=""User"">NT AUTHORITY\SYSTEM</Data>
      <Data Name=""LogonGuid"">{f57bd86a-36f5-658c-e703-000000000000}</Data>
      <Data Name=""LogonId"">0x3e7</Data>
      <Data Name=""TerminalSessionId"">0</Data>
      <Data Name=""IntegrityLevel"">System</Data>
      <Data Name=""Hashes"">MD5=5BADA9E122DA86D6DE003DADA430579B,SHA256=83EE51DC05B7304C922CA76AD47FA72CDA9B24156AE273CD5ED97E90E0F1C458,IMPHASH=32A66F804CDBF1298DD7E3BAE661D502</Data>
      <Data Name=""ParentProcessGuid"">{f57bd86a-36f6-658c-1d00-000000000f00}</Data>
      <Data Name=""ParentProcessId"">1496</Data>
      <Data Name=""ParentImage"">C:\Windows\System32\svchost.exe</Data>
      <Data Name=""ParentCommandLine"">C:\Windows\system32\svchost.exe -k netsvcs -p -s Schedule</Data>
      <Data Name=""ParentUser"">NT AUTHORITY\SYSTEM</Data>
    </EventData>
    <RenderingInfo Culture=""en-US"">
      <Message>Process Create:

RuleName: -

UtcTime: 2023-12-27 20:21:17.931

ProcessGuid: {f57bd86a-873d-658c-2503-000000000f00}

ProcessId: 10432

Image: C:\Windows\System32\provtool.exe

FileVersion: 10.0.22621.2506 (WinBuild.160101.0800)

Description: Provisioning package runtime processing tool

Product: Microsoft&#174; Windows&#174; Operating System

Company: Microsoft Corporation

OriginalFileName: provtool

CommandLine: ""C:\Windows\system32\ProvTool.exe"" /turn 5 /source LogonIdleTask

CurrentDirectory: C:\Windows\system32\

User: NT AUTHORITY\SYSTEM

LogonGuid: {f57bd86a-36f5-658c-e703-000000000000}

LogonId: 0x3E7

TerminalSessionId: 0

IntegrityLevel: System

Hashes: MD5=5BADA9E122DA86D6DE003DADA430579B,SHA256=83EE51DC05B7304C922CA76AD47FA72CDA9B24156AE273CD5ED97E90E0F1C458,IMPHASH=32A66F804CDBF1298DD7E3BAE661D502

ParentProcessGuid: {f57bd86a-36f6-658c-1d00-000000000f00}

ParentProcessId: 1496

ParentImage: C:\Windows\System32\svchost.exe

ParentCommandLine: C:\Windows\system32\svchost.exe -k netsvcs -p -s Schedule

ParentUser: NT AUTHORITY\SYSTEM</Message>
      <Level>Information</Level>
      <Task>Process Create (rule: ProcessCreate)</Task>
      <Opcode>Info</Opcode>
    </RenderingInfo>
  </Event>
  
"
Microsoft-Windows-Sysmon/Operational,"""C:\Windows\uus\packages\preview\AMD64\MoUsoCoreWorker.exe"" useprivatenamespaces",Microsoft Corporation,WinDev2309Eval,,C:\Windows\system32\,MoUSO Core Worker Process,,,,,,,1,19956,,1213.2310.20012.0,"MD5=6A45C56259A1488CDE18F4FAC8F3F47E,SHA256=20A7A2B0A0D132478073F91513587FED48AE5FB0D05CBA68048C0EB6274005DA,IMPHASH=0E8628CF41D4E25C6B8CB9C2961DBE8B",C:\Windows\UUS\Packages\Preview\amd64\MoUsoCoreWorker.exe,,System,0x8000000000000000,Information,{f57bd86a-36f5-658c-e703-000000000000},0x3e7,"Process Create:

RuleName: -

UtcTime: 2023-12-27 20:20:47.863

ProcessGuid: {f57bd86a-871f-658c-2403-000000000f00}

ProcessId: 1884

Image: C:\Windows\UUS\Packages\Preview\amd64\MoUsoCoreWorker.exe

FileVersion: 1213.2310.20012.0

Description: MoUSO Core Worker Process

Product: Microsoft® Windows® Operating System

Company: Microsoft Corporation

OriginalFileName: MoUSOCoreWorker.exe

CommandLine: ""C:\Windows\uus\packages\preview\AMD64\MoUsoCoreWorker.exe"" useprivatenamespaces

CurrentDirectory: C:\Windows\system32\

User: NT AUTHORITY\SYSTEM

LogonGuid: {f57bd86a-36f5-658c-e703-000000000000}

LogonId: 0x3E7

TerminalSessionId: 0

IntegrityLevel: System

Hashes: MD5=6A45C56259A1488CDE18F4FAC8F3F47E,SHA256=20A7A2B0A0D132478073F91513587FED48AE5FB0D05CBA68048C0EB6274005DA,IMPHASH=0E8628CF41D4E25C6B8CB9C2961DBE8B

ParentProcessGuid: {f57bd86a-3772-658c-f100-000000000f00}

ParentProcessId: 8816

ParentImage: C:\Windows\System32\svchost.exe

ParentCommandLine: C:\Windows\system32\svchost.exe -k netsvcs -p -s UsoSvc

ParentUser: NT AUTHORITY\SYSTEM",Info,MoUSOCoreWorker.exe,C:\Windows\system32\svchost.exe -k netsvcs -p -s UsoSvc,C:\Windows\System32\svchost.exe,{f57bd86a-3772-658c-f100-000000000f00},8816,NT AUTHORITY\SYSTEM,{f57bd86a-871f-658c-2403-000000000f00},3588,1884,Microsoft® Windows® Operating System,,,,,"
      ",-,,,,,,2023-12-27T20:20:47.8644221Z,,,Process Create (rule: ProcessCreate),0,5124,NT AUTHORITY\SYSTEM,S-1-5-18,2023-12-27 20:20:47.863,5,"<Event xmlns=""http://schemas.microsoft.com/win/2004/08/events/event"">
    <System>
      <Provider Name=""Microsoft-Windows-Sysmon"" Guid=""{5770385f-c22a-43e0-bf4c-06f5698ffbd9}""/>
      <EventID>1</EventID>
      <Version>5</Version>
      <Level>4</Level>
      <Task>1</Task>
      <Opcode>0</Opcode>
      <Keywords>0x8000000000000000</Keywords>
      <TimeCreated SystemTime=""2023-12-27T20:20:47.8644221Z""/>
      <EventRecordID>19956</EventRecordID>
      <Correlation/>
      <Execution ProcessID=""3588"" ThreadID=""5124""/>
      <Channel>Microsoft-Windows-Sysmon/Operational</Channel>
      <Computer>WinDev2309Eval</Computer>
      <Security UserID=""S-1-5-18""/>
    </System>
    <EventData>
      <Data Name=""RuleName"">-</Data>
      <Data Name=""UtcTime"">2023-12-27 20:20:47.863</Data>
      <Data Name=""ProcessGuid"">{f57bd86a-871f-658c-2403-000000000f00}</Data>
      <Data Name=""ProcessId"">1884</Data>
      <Data Name=""Image"">C:\Windows\UUS\Packages\Preview\amd64\MoUsoCoreWorker.exe</Data>
      <Data Name=""FileVersion"">1213.2310.20012.0</Data>
      <Data Name=""Description"">MoUSO Core Worker Process</Data>
      <Data Name=""Product"">Microsoft&#174; Windows&#174; Operating System</Data>
      <Data Name=""Company"">Microsoft Corporation</Data>
      <Data Name=""OriginalFileName"">MoUSOCoreWorker.exe</Data>
      <Data Name=""CommandLine"">""C:\Windows\uus\packages\preview\AMD64\MoUsoCoreWorker.exe"" useprivatenamespaces</Data>
      <Data Name=""CurrentDirectory"">C:\Windows\system32\</Data>
      <Data Name=""User"">NT AUTHORITY\SYSTEM</Data>
      <Data Name=""LogonGuid"">{f57bd86a-36f5-658c-e703-000000000000}</Data>
      <Data Name=""LogonId"">0x3e7</Data>
      <Data Name=""TerminalSessionId"">0</Data>
      <Data Name=""IntegrityLevel"">System</Data>
      <Data Name=""Hashes"">MD5=6A45C56259A1488CDE18F4FAC8F3F47E,SHA256=20A7A2B0A0D132478073F91513587FED48AE5FB0D05CBA68048C0EB6274005DA,IMPHASH=0E8628CF41D4E25C6B8CB9C2961DBE8B</Data>
      <Data Name=""ParentProcessGuid"">{f57bd86a-3772-658c-f100-000000000f00}</Data>
      <Data Name=""ParentProcessId"">8816</Data>
      <Data Name=""ParentImage"">C:\Windows\System32\svchost.exe</Data>
      <Data Name=""ParentCommandLine"">C:\Windows\system32\svchost.exe -k netsvcs -p -s UsoSvc</Data>
      <Data Name=""ParentUser"">NT AUTHORITY\SYSTEM</Data>
    </EventData>
    <RenderingInfo Culture=""en-US"">
      <Message>Process Create:

RuleName: -

UtcTime: 2023-12-27 20:20:47.863

ProcessGuid: {f57bd86a-871f-658c-2403-000000000f00}

ProcessId: 1884

Image: C:\Windows\UUS\Packages\Preview\amd64\MoUsoCoreWorker.exe

FileVersion: 1213.2310.20012.0

Description: MoUSO Core Worker Process

Product: Microsoft&#174; Windows&#174; Operating System

Company: Microsoft Corporation

OriginalFileName: MoUSOCoreWorker.exe

CommandLine: ""C:\Windows\uus\packages\preview\AMD64\MoUsoCoreWorker.exe"" useprivatenamespaces

CurrentDirectory: C:\Windows\system32\

User: NT AUTHORITY\SYSTEM

LogonGuid: {f57bd86a-36f5-658c-e703-000000000000}

LogonId: 0x3E7

TerminalSessionId: 0

IntegrityLevel: System

Hashes: MD5=6A45C56259A1488CDE18F4FAC8F3F47E,SHA256=20A7A2B0A0D132478073F91513587FED48AE5FB0D05CBA68048C0EB6274005DA,IMPHASH=0E8628CF41D4E25C6B8CB9C2961DBE8B

ParentProcessGuid: {f57bd86a-3772-658c-f100-000000000f00}

ParentProcessId: 8816

ParentImage: C:\Windows\System32\svchost.exe

ParentCommandLine: C:\Windows\system32\svchost.exe -k netsvcs -p -s UsoSvc

ParentUser: NT AUTHORITY\SYSTEM</Message>
      <Level>Information</Level>
      <Task>Process Create (rule: ProcessCreate)</Task>
      <Opcode>Info</Opcode>
    </RenderingInfo>
  </Event>
  
"
Microsoft-Windows-Sysmon/Operational,,,WinDev2309Eval,,,,,,,,,,22,19955,,,,C:\Windows\system32\wbem\wmiprvse.exe,,,0x8000000000000000,Information,,,"Dns query:

RuleName: -

UtcTime: 2023-12-27 14:59:44.018

ProcessGuid: {f57bd86a-86f2-658c-2103-000000000f00}

ProcessId: 6396

QueryName: raw.githubusercontent.com

QueryStatus: 0

QueryResults: 185.199.108.133;185.199.109.133;185.199.110.133;185.199.111.133;

Image: C:\Windows\system32\wbem\wmiprvse.exe

User: NT AUTHORITY\NETWORK SERVICE",Info,,,,,,,{f57bd86a-86f2-658c-2103-000000000f00},3588,6396,,,raw.githubusercontent.com,185.199.108.133;185.199.109.133;185.199.110.133;185.199.111.133;,0,"
      ",-,,,,,,2023-12-27T20:20:03.7454992Z,,,Dns query (rule: DnsQuery),,5164,NT AUTHORITY\NETWORK SERVICE,S-1-5-18,2023-12-27 14:59:44.018,5,"<Event xmlns=""http://schemas.microsoft.com/win/2004/08/events/event"">
    <System>
      <Provider Name=""Microsoft-Windows-Sysmon"" Guid=""{5770385f-c22a-43e0-bf4c-06f5698ffbd9}""/>
      <EventID>22</EventID>
      <Version>5</Version>
      <Level>4</Level>
      <Task>22</Task>
      <Opcode>0</Opcode>
      <Keywords>0x8000000000000000</Keywords>
      <TimeCreated SystemTime=""2023-12-27T20:20:03.7454992Z""/>
      <EventRecordID>19955</EventRecordID>
      <Correlation/>
      <Execution ProcessID=""3588"" ThreadID=""5164""/>
      <Channel>Microsoft-Windows-Sysmon/Operational</Channel>
      <Computer>WinDev2309Eval</Computer>
      <Security UserID=""S-1-5-18""/>
    </System>
    <EventData>
      <Data Name=""RuleName"">-</Data>
      <Data Name=""UtcTime"">2023-12-27 14:59:44.018</Data>
      <Data Name=""ProcessGuid"">{f57bd86a-86f2-658c-2103-000000000f00}</Data>
      <Data Name=""ProcessId"">6396</Data>
      <Data Name=""QueryName"">raw.githubusercontent.com</Data>
      <Data Name=""QueryStatus"">0</Data>
      <Data Name=""QueryResults"">185.199.108.133;185.199.109.133;185.199.110.133;185.199.111.133;</Data>
      <Data Name=""Image"">C:\Windows\system32\wbem\wmiprvse.exe</Data>
      <Data Name=""User"">NT AUTHORITY\NETWORK SERVICE</Data>
    </EventData>
    <RenderingInfo Culture=""en-US"">
      <Message>Dns query:

RuleName: -

UtcTime: 2023-12-27 14:59:44.018

ProcessGuid: {f57bd86a-86f2-658c-2103-000000000f00}

ProcessId: 6396

QueryName: raw.githubusercontent.com

QueryStatus: 0

QueryResults: 185.199.108.133;185.199.109.133;185.199.110.133;185.199.111.133;

Image: C:\Windows\system32\wbem\wmiprvse.exe

User: NT AUTHORITY\NETWORK SERVICE</Message>
      <Level>Information</Level>
      <Task>Dns query (rule: DnsQuery)</Task>
      <Opcode>Info</Opcode>
    </RenderingInfo>
  </Event>
  
"
Microsoft-Windows-Sysmon/Operational,,,WinDev2309Eval,,,,,,,,,,22,19954,,,,C:\Windows\System32\WindowsPowerShell\v1.0\powershell.exe,,,0x8000000000000000,Information,,,"Dns query:

RuleName: -

UtcTime: 2023-12-27 14:59:43.107

ProcessGuid: {f57bd86a-86f0-658c-1f03-000000000f00}

ProcessId: 5680

QueryName: raw.githubusercontent.com

QueryStatus: 0

QueryResults: ::ffff:185.199.108.133;::ffff:185.199.109.133;::ffff:185.199.110.133;::ffff:185.199.111.133;

Image: C:\Windows\System32\WindowsPowerShell\v1.0\powershell.exe

User: WINDEV2309EVAL\User",Info,,,,,,,{f57bd86a-86f0-658c-1f03-000000000f00},3588,5680,,,raw.githubusercontent.com,::ffff:185.199.108.133;::ffff:185.199.109.133;::ffff:185.199.110.133;::ffff:185.199.111.133;,0,"
      ",-,,,,,,2023-12-27T20:20:03.7449621Z,,,Dns query (rule: DnsQuery),,5164,WINDEV2309EVAL\User,S-1-5-18,2023-12-27 14:59:43.107,5,"<Event xmlns=""http://schemas.microsoft.com/win/2004/08/events/event"">
    <System>
      <Provider Name=""Microsoft-Windows-Sysmon"" Guid=""{5770385f-c22a-43e0-bf4c-06f5698ffbd9}""/>
      <EventID>22</EventID>
      <Version>5</Version>
      <Level>4</Level>
      <Task>22</Task>
      <Opcode>0</Opcode>
      <Keywords>0x8000000000000000</Keywords>
      <TimeCreated SystemTime=""2023-12-27T20:20:03.7449621Z""/>
      <EventRecordID>19954</EventRecordID>
      <Correlation/>
      <Execution ProcessID=""3588"" ThreadID=""5164""/>
      <Channel>Microsoft-Windows-Sysmon/Operational</Channel>
      <Computer>WinDev2309Eval</Computer>
      <Security UserID=""S-1-5-18""/>
    </System>
    <EventData>
      <Data Name=""RuleName"">-</Data>
      <Data Name=""UtcTime"">2023-12-27 14:59:43.107</Data>
      <Data Name=""ProcessGuid"">{f57bd86a-86f0-658c-1f03-000000000f00}</Data>
      <Data Name=""ProcessId"">5680</Data>
      <Data Name=""QueryName"">raw.githubusercontent.com</Data>
      <Data Name=""QueryStatus"">0</Data>
      <Data Name=""QueryResults"">::ffff:185.199.108.133;::ffff:185.199.109.133;::ffff:185.199.110.133;::ffff:185.199.111.133;</Data>
      <Data Name=""Image"">C:\Windows\System32\WindowsPowerShell\v1.0\powershell.exe</Data>
      <Data Name=""User"">WINDEV2309EVAL\User</Data>
    </EventData>
    <RenderingInfo Culture=""en-US"">
      <Message>Dns query:

RuleName: -

UtcTime: 2023-12-27 14:59:43.107

ProcessGuid: {f57bd86a-86f0-658c-1f03-000000000f00}

ProcessId: 5680

QueryName: raw.githubusercontent.com

QueryStatus: 0

QueryResults: ::ffff:185.199.108.133;::ffff:185.199.109.133;::ffff:185.199.110.133;::ffff:185.199.111.133;

Image: C:\Windows\System32\WindowsPowerShell\v1.0\powershell.exe

User: WINDEV2309EVAL\User</Message>
      <Level>Information</Level>
      <Task>Dns query (rule: DnsQuery)</Task>
      <Opcode>Info</Opcode>
    </RenderingInfo>
  </Event>
  
"
Microsoft-Windows-Sysmon/Operational,,,WinDev2309Eval,,,,cdn-185-199-108-133.github.com,185.199.108.133,false,443,https,,3,19953,,,,C:\Windows\System32\WindowsPowerShell\v1.0\powershell.exe,true,,0x8000000000000000,Information,,,"Network connection detected:

RuleName: -

UtcTime: 2023-12-27 14:59:43.123

ProcessGuid: {f57bd86a-86f0-658c-1f03-000000000f00}

ProcessId: 5680

Image: C:\Windows\System32\WindowsPowerShell\v1.0\powershell.exe

User: WINDEV2309EVAL\User

Protocol: tcp

Initiated: true

SourceIsIpv6: false

SourceIp: 192.168.126.163

SourceHostname: WinDev2309Eval.localdomain

SourcePort: 50109

SourcePortName: -

DestinationIsIpv6: false

DestinationIp: 185.199.108.133

DestinationHostname: cdn-185-199-108-133.github.com

DestinationPort: 443

DestinationPortName: https",Info,,,,,,,{f57bd86a-86f0-658c-1f03-000000000f00},3588,5680,,tcp,,,,"
      ",-,WinDev2309Eval.localdomain,192.168.126.163,false,50109,-,2023-12-27T20:20:02.8558650Z,,,Network connection detected (rule: NetworkConnect),,5136,WINDEV2309EVAL\User,S-1-5-18,2023-12-27 14:59:43.123,5,"<Event xmlns=""http://schemas.microsoft.com/win/2004/08/events/event"">
    <System>
      <Provider Name=""Microsoft-Windows-Sysmon"" Guid=""{5770385f-c22a-43e0-bf4c-06f5698ffbd9}""/>
      <EventID>3</EventID>
      <Version>5</Version>
      <Level>4</Level>
      <Task>3</Task>
      <Opcode>0</Opcode>
      <Keywords>0x8000000000000000</Keywords>
      <TimeCreated SystemTime=""2023-12-27T20:20:02.8558650Z""/>
      <EventRecordID>19953</EventRecordID>
      <Correlation/>
      <Execution ProcessID=""3588"" ThreadID=""5136""/>
      <Channel>Microsoft-Windows-Sysmon/Operational</Channel>
      <Computer>WinDev2309Eval</Computer>
      <Security UserID=""S-1-5-18""/>
    </System>
    <EventData>
      <Data Name=""RuleName"">-</Data>
      <Data Name=""UtcTime"">2023-12-27 14:59:43.123</Data>
      <Data Name=""ProcessGuid"">{f57bd86a-86f0-658c-1f03-000000000f00}</Data>
      <Data Name=""ProcessId"">5680</Data>
      <Data Name=""Image"">C:\Windows\System32\WindowsPowerShell\v1.0\powershell.exe</Data>
      <Data Name=""User"">WINDEV2309EVAL\User</Data>
      <Data Name=""Protocol"">tcp</Data>
      <Data Name=""Initiated"">true</Data>
      <Data Name=""SourceIsIpv6"">false</Data>
      <Data Name=""SourceIp"">192.168.126.163</Data>
      <Data Name=""SourceHostname"">WinDev2309Eval.localdomain</Data>
      <Data Name=""SourcePort"">50109</Data>
      <Data Name=""SourcePortName"">-</Data>
      <Data Name=""DestinationIsIpv6"">false</Data>
      <Data Name=""DestinationIp"">185.199.108.133</Data>
      <Data Name=""DestinationHostname"">cdn-185-199-108-133.github.com</Data>
      <Data Name=""DestinationPort"">443</Data>
      <Data Name=""DestinationPortName"">https</Data>
    </EventData>
    <RenderingInfo Culture=""en-US"">
      <Message>Network connection detected:

RuleName: -

UtcTime: 2023-12-27 14:59:43.123

ProcessGuid: {f57bd86a-86f0-658c-1f03-000000000f00}

ProcessId: 5680

Image: C:\Windows\System32\WindowsPowerShell\v1.0\powershell.exe

User: WINDEV2309EVAL\User

Protocol: tcp

Initiated: true

SourceIsIpv6: false

SourceIp: 192.168.126.163

SourceHostname: WinDev2309Eval.localdomain

SourcePort: 50109

SourcePortName: -

DestinationIsIpv6: false

DestinationIp: 185.199.108.133

DestinationHostname: cdn-185-199-108-133.github.com

DestinationPort: 443

DestinationPortName: https</Message>
      <Level>Information</Level>
      <Task>Network connection detected (rule: NetworkConnect)</Task>
      <Opcode>Info</Opcode>
    </RenderingInfo>
  </Event>
  
"
Microsoft-Windows-Sysmon/Operational,C:\Windows\winsxs\amd64_microsoft-windows-servicingstack_31bf3856ad364e35_10.0.22621.2567_none_e93fb1d442e4b410\TiWorker.exe -Embedding,Microsoft Corporation,WinDev2309Eval,,C:\Windows\system32\,Windows Modules Installer Worker,,,,,,,1,19952,,10.0.22621.2567 (WinBuild.160101.0800),"MD5=634797EF0CAB160A1ACFB6C14F96EB64,SHA256=1AF43EF17CC0C6C21D2A1FEC5E692BEC94E51D1EE0EF3CCC7F8DB253E6C1C885,IMPHASH=AB094FE9205855C660B3CC04E5BA912E",C:\Windows\WinSxS\amd64_microsoft-windows-servicingstack_31bf3856ad364e35_10.0.22621.2567_none_e93fb1d442e4b410\TiWorker.exe,,System,0x8000000000000000,Information,{f57bd86a-36f5-658c-e703-000000000000},0x3e7,"Process Create:

RuleName: -

UtcTime: 2023-12-27 20:20:02.817

ProcessGuid: {f57bd86a-86f2-658c-2303-000000000f00}

ProcessId: 9116

Image: C:\Windows\WinSxS\amd64_microsoft-windows-servicingstack_31bf3856ad364e35_10.0.22621.2567_none_e93fb1d442e4b410\TiWorker.exe

FileVersion: 10.0.22621.2567 (WinBuild.160101.0800)

Description: Windows Modules Installer Worker

Product: Microsoft® Windows® Operating System

Company: Microsoft Corporation

OriginalFileName: TiWorker.exe

CommandLine: C:\Windows\winsxs\amd64_microsoft-windows-servicingstack_31bf3856ad364e35_10.0.22621.2567_none_e93fb1d442e4b410\TiWorker.exe -Embedding

CurrentDirectory: C:\Windows\system32\

User: NT AUTHORITY\SYSTEM

LogonGuid: {f57bd86a-36f5-658c-e703-000000000000}

LogonId: 0x3E7

TerminalSessionId: 0

IntegrityLevel: System

Hashes: MD5=634797EF0CAB160A1ACFB6C14F96EB64,SHA256=1AF43EF17CC0C6C21D2A1FEC5E692BEC94E51D1EE0EF3CCC7F8DB253E6C1C885,IMPHASH=AB094FE9205855C660B3CC04E5BA912E

ParentProcessGuid: {f57bd86a-36f5-658c-0d00-000000000f00}

ParentProcessId: 932

ParentImage: C:\Windows\System32\svchost.exe

ParentCommandLine: C:\Windows\system32\svchost.exe -k DcomLaunch -p

ParentUser: NT AUTHORITY\SYSTEM",Info,TiWorker.exe,C:\Windows\system32\svchost.exe -k DcomLaunch -p,C:\Windows\System32\svchost.exe,{f57bd86a-36f5-658c-0d00-000000000f00},932,NT AUTHORITY\SYSTEM,{f57bd86a-86f2-658c-2303-000000000f00},3588,9116,Microsoft® Windows® Operating System,,,,,"
      ",-,,,,,,2023-12-27T20:20:02.8189070Z,,,Process Create (rule: ProcessCreate),0,5124,NT AUTHORITY\SYSTEM,S-1-5-18,2023-12-27 20:20:02.817,5,"<Event xmlns=""http://schemas.microsoft.com/win/2004/08/events/event"">
    <System>
      <Provider Name=""Microsoft-Windows-Sysmon"" Guid=""{5770385f-c22a-43e0-bf4c-06f5698ffbd9}""/>
      <EventID>1</EventID>
      <Version>5</Version>
      <Level>4</Level>
      <Task>1</Task>
      <Opcode>0</Opcode>
      <Keywords>0x8000000000000000</Keywords>
      <TimeCreated SystemTime=""2023-12-27T20:20:02.8189070Z""/>
      <EventRecordID>19952</EventRecordID>
      <Correlation/>
      <Execution ProcessID=""3588"" ThreadID=""5124""/>
      <Channel>Microsoft-Windows-Sysmon/Operational</Channel>
      <Computer>WinDev2309Eval</Computer>
      <Security UserID=""S-1-5-18""/>
    </System>
    <EventData>
      <Data Name=""RuleName"">-</Data>
      <Data Name=""UtcTime"">2023-12-27 20:20:02.817</Data>
      <Data Name=""ProcessGuid"">{f57bd86a-86f2-658c-2303-000000000f00}</Data>
      <Data Name=""ProcessId"">9116</Data>
      <Data Name=""Image"">C:\Windows\WinSxS\amd64_microsoft-windows-servicingstack_31bf3856ad364e35_10.0.22621.2567_none_e93fb1d442e4b410\TiWorker.exe</Data>
      <Data Name=""FileVersion"">10.0.22621.2567 (WinBuild.160101.0800)</Data>
      <Data Name=""Description"">Windows Modules Installer Worker</Data>
      <Data Name=""Product"">Microsoft&#174; Windows&#174; Operating System</Data>
      <Data Name=""Company"">Microsoft Corporation</Data>
      <Data Name=""OriginalFileName"">TiWorker.exe</Data>
      <Data Name=""CommandLine"">C:\Windows\winsxs\amd64_microsoft-windows-servicingstack_31bf3856ad364e35_10.0.22621.2567_none_e93fb1d442e4b410\TiWorker.exe -Embedding</Data>
      <Data Name=""CurrentDirectory"">C:\Windows\system32\</Data>
      <Data Name=""User"">NT AUTHORITY\SYSTEM</Data>
      <Data Name=""LogonGuid"">{f57bd86a-36f5-658c-e703-000000000000}</Data>
      <Data Name=""LogonId"">0x3e7</Data>
      <Data Name=""TerminalSessionId"">0</Data>
      <Data Name=""IntegrityLevel"">System</Data>
      <Data Name=""Hashes"">MD5=634797EF0CAB160A1ACFB6C14F96EB64,SHA256=1AF43EF17CC0C6C21D2A1FEC5E692BEC94E51D1EE0EF3CCC7F8DB253E6C1C885,IMPHASH=AB094FE9205855C660B3CC04E5BA912E</Data>
      <Data Name=""ParentProcessGuid"">{f57bd86a-36f5-658c-0d00-000000000f00}</Data>
      <Data Name=""ParentProcessId"">932</Data>
      <Data Name=""ParentImage"">C:\Windows\System32\svchost.exe</Data>
      <Data Name=""ParentCommandLine"">C:\Windows\system32\svchost.exe -k DcomLaunch -p</Data>
      <Data Name=""ParentUser"">NT AUTHORITY\SYSTEM</Data>
    </EventData>
    <RenderingInfo Culture=""en-US"">
      <Message>Process Create:

RuleName: -

UtcTime: 2023-12-27 20:20:02.817

ProcessGuid: {f57bd86a-86f2-658c-2303-000000000f00}

ProcessId: 9116

Image: C:\Windows\WinSxS\amd64_microsoft-windows-servicingstack_31bf3856ad364e35_10.0.22621.2567_none_e93fb1d442e4b410\TiWorker.exe

FileVersion: 10.0.22621.2567 (WinBuild.160101.0800)

Description: Windows Modules Installer Worker

Product: Microsoft&#174; Windows&#174; Operating System

Company: Microsoft Corporation

OriginalFileName: TiWorker.exe

CommandLine: C:\Windows\winsxs\amd64_microsoft-windows-servicingstack_31bf3856ad364e35_10.0.22621.2567_none_e93fb1d442e4b410\TiWorker.exe -Embedding

CurrentDirectory: C:\Windows\system32\

User: NT AUTHORITY\SYSTEM

LogonGuid: {f57bd86a-36f5-658c-e703-000000000000}

LogonId: 0x3E7

TerminalSessionId: 0

IntegrityLevel: System

Hashes: MD5=634797EF0CAB160A1ACFB6C14F96EB64,SHA256=1AF43EF17CC0C6C21D2A1FEC5E692BEC94E51D1EE0EF3CCC7F8DB253E6C1C885,IMPHASH=AB094FE9205855C660B3CC04E5BA912E

ParentProcessGuid: {f57bd86a-36f5-658c-0d00-000000000f00}

ParentProcessId: 932

ParentImage: C:\Windows\System32\svchost.exe

ParentCommandLine: C:\Windows\system32\svchost.exe -k DcomLaunch -p

ParentUser: NT AUTHORITY\SYSTEM</Message>
      <Level>Information</Level>
      <Task>Process Create (rule: ProcessCreate)</Task>
      <Opcode>Info</Opcode>
    </RenderingInfo>
  </Event>
  
"
