Microsoft-Windows-Sysmon/Operational,,,WinDev2309Eval,,,,,,,,,Default WaveOut Device,13,20127,SetValue,,,C:\Windows\system32\dxdiag.exe,,,0x8000000000000000,Information,,,"Registry value set:

RuleName: Context,DeviceConnectedOrUpdated

EventType: SetValue

UtcTime: 2023-12-27 20:22:31.332

ProcessGuid: {f57bd86a-877d-658c-1304-000000000f00}

ProcessId: 10652

Image: C:\Windows\system32\dxdiag.exe

TargetObject: HKU\S-1-5-21-2835251196-2691927458-378326815-1000\Software\Microsoft\ActiveMovie\devenum 64-bit\{E0F158E1-CB04-11D0-BD4E-00A0C911CE86}\Default WaveOut Device\FriendlyName

Details: Default WaveOut Device

User: WINDEV2309EVAL\User",Info,,,,,,,{f57bd86a-877d-658c-1304-000000000f00},3588,10652,,,,,,"
      ","Context,DeviceConnectedOrUpdated",,,,,,2023-12-27T20:22:31.3461936Z,,HKU\S-1-5-21-2835251196-2691927458-378326815-1000\Software\Microsoft\ActiveMovie\devenum 64-bit\{E0F158E1-CB04-11D0-BD4E-00A0C911CE86}\Default WaveOut Device\FriendlyName,Registry value set (rule: RegistryEvent),,5124,WINDEV2309EVAL\User,S-1-5-18,2023-12-27 20:22:31.332,2,"<Event xmlns=""http://schemas.microsoft.com/win/2004/08/events/event"">
    <System>
      <Provider Name=""Microsoft-Windows-Sysmon"" Guid=""{5770385f-c22a-43e0-bf4c-06f5698ffbd9}""/>
      <EventID>13</EventID>
      <Version>2</Version>
      <Level>4</Level>
      <Task>13</Task>
      <Opcode>0</Opcode>
      <Keywords>0x8000000000000000</Keywords>
      <TimeCreated SystemTime=""2023-12-27T20:22:31.3461936Z""/>
      <EventRecordID>20127</EventRecordID>
      <Correlation/>
      <Execution ProcessID=""3588"" ThreadID=""5124""/>
      <Channel>Microsoft-Windows-Sysmon/Operational</Channel>
      <Computer>WinDev2309Eval</Computer>
      <Security UserID=""S-1-5-18""/>
    </System>
    <EventData>
      <Data Name=""RuleName"">Context,DeviceConnectedOrUpdated</Data>
      <Data Name=""EventType"">SetValue</Data>
      <Data Name=""UtcTime"">2023-12-27 20:22:31.332</Data>
      <Data Name=""ProcessGuid"">{f57bd86a-877d-658c-1304-000000000f00}</Data>
      <Data Name=""ProcessId"">10652</Data>
      <Data Name=""Image"">C:\Windows\system32\dxdiag.exe</Data>
      <Data Name=""TargetObject"">HKU\S-1-5-21-2835251196-2691927458-378326815-1000\Software\Microsoft\ActiveMovie\devenum 64-bit\{E0F158E1-CB04-11D0-BD4E-00A0C911CE86}\Default WaveOut Device\FriendlyName</Data>
      <Data Name=""Details"">Default WaveOut Device</Data>
      <Data Name=""User"">WINDEV2309EVAL\User</Data>
    </EventData>
    <RenderingInfo Culture=""en-US"">
      <Message>Registry value set:

RuleName: Context,DeviceConnectedOrUpdated

EventType: SetValue

UtcTime: 2023-12-27 20:22:31.332

ProcessGuid: {f57bd86a-877d-658c-1304-000000000f00}

ProcessId: 10652

Image: C:\Windows\system32\dxdiag.exe

TargetObject: HKU\S-1-5-21-2835251196-2691927458-378326815-1000\Software\Microsoft\ActiveMovie\devenum 64-bit\{E0F158E1-CB04-11D0-BD4E-00A0C911CE86}\Default WaveOut Device\FriendlyName

Details: Default WaveOut Device

User: WINDEV2309EVAL\User</Message>
      <Level>Information</Level>
      <Task>Registry value set (rule: RegistryEvent)</Task>
      <Opcode>Info</Opcode>
    </RenderingInfo>
  </Event>
  
"
Microsoft-Windows-Sysmon/Operational,,,WinDev2309Eval,,,,,,,,,Default MidiOut Device,13,20126,SetValue,,,C:\Windows\system32\dxdiag.exe,,,0x8000000000000000,Information,,,"Registry value set:

RuleName: Context,DeviceConnectedOrUpdated

EventType: SetValue

UtcTime: 2023-12-27 20:22:31.316

ProcessGuid: {f57bd86a-877d-658c-1304-000000000f00}

ProcessId: 10652

Image: C:\Windows\system32\dxdiag.exe

TargetObject: HKU\S-1-5-21-2835251196-2691927458-378326815-1000\Software\Microsoft\ActiveMovie\devenum 64-bit\{4EFE2452-168A-11D1-BC76-00C04FB9453B}\Default MidiOut Device\FriendlyName

Details: Default MidiOut Device

User: WINDEV2309EVAL\User",Info,,,,,,,{f57bd86a-877d-658c-1304-000000000f00},3588,10652,,,,,,"
      ","Context,DeviceConnectedOrUpdated",,,,,,2023-12-27T20:22:31.3243947Z,,HKU\S-1-5-21-2835251196-2691927458-378326815-1000\Software\Microsoft\ActiveMovie\devenum 64-bit\{4EFE2452-168A-11D1-BC76-00C04FB9453B}\Default MidiOut Device\FriendlyName,Registry value set (rule: RegistryEvent),,5124,WINDEV2309EVAL\User,S-1-5-18,2023-12-27 20:22:31.316,2,"<Event xmlns=""http://schemas.microsoft.com/win/2004/08/events/event"">
    <System>
      <Provider Name=""Microsoft-Windows-Sysmon"" Guid=""{5770385f-c22a-43e0-bf4c-06f5698ffbd9}""/>
      <EventID>13</EventID>
      <Version>2</Version>
      <Level>4</Level>
      <Task>13</Task>
      <Opcode>0</Opcode>
      <Keywords>0x8000000000000000</Keywords>
      <TimeCreated SystemTime=""2023-12-27T20:22:31.3243947Z""/>
      <EventRecordID>20126</EventRecordID>
      <Correlation/>
      <Execution ProcessID=""3588"" ThreadID=""5124""/>
      <Channel>Microsoft-Windows-Sysmon/Operational</Channel>
      <Computer>WinDev2309Eval</Computer>
      <Security UserID=""S-1-5-18""/>
    </System>
    <EventData>
      <Data Name=""RuleName"">Context,DeviceConnectedOrUpdated</Data>
      <Data Name=""EventType"">SetValue</Data>
      <Data Name=""UtcTime"">2023-12-27 20:22:31.316</Data>
      <Data Name=""ProcessGuid"">{f57bd86a-877d-658c-1304-000000000f00}</Data>
      <Data Name=""ProcessId"">10652</Data>
      <Data Name=""Image"">C:\Windows\system32\dxdiag.exe</Data>
      <Data Name=""TargetObject"">HKU\S-1-5-21-2835251196-2691927458-378326815-1000\Software\Microsoft\ActiveMovie\devenum 64-bit\{4EFE2452-168A-11D1-BC76-00C04FB9453B}\Default MidiOut Device\FriendlyName</Data>
      <Data Name=""Details"">Default MidiOut Device</Data>
      <Data Name=""User"">WINDEV2309EVAL\User</Data>
    </EventData>
    <RenderingInfo Culture=""en-US"">
      <Message>Registry value set:

RuleName: Context,DeviceConnectedOrUpdated

EventType: SetValue

UtcTime: 2023-12-27 20:22:31.316

ProcessGuid: {f57bd86a-877d-658c-1304-000000000f00}

ProcessId: 10652

Image: C:\Windows\system32\dxdiag.exe

TargetObject: HKU\S-1-5-21-2835251196-2691927458-378326815-1000\Software\Microsoft\ActiveMovie\devenum 64-bit\{4EFE2452-168A-11D1-BC76-00C04FB9453B}\Default MidiOut Device\FriendlyName

Details: Default MidiOut Device

User: WINDEV2309EVAL\User</Message>
      <Level>Information</Level>
      <Task>Registry value set (rule: RegistryEvent)</Task>
      <Opcode>Info</Opcode>
    </RenderingInfo>
  </Event>
  
"
Microsoft-Windows-Sysmon/Operational,,,WinDev2309Eval,,,,,,,,,Microsoft GS Wavetable Synth,13,20125,SetValue,,,C:\Windows\system32\dxdiag.exe,,,0x8000000000000000,Information,,,"Registry value set:

RuleName: Context,DeviceConnectedOrUpdated

EventType: SetValue

UtcTime: 2023-12-27 20:22:31.316

ProcessGuid: {f57bd86a-877d-658c-1304-000000000f00}

ProcessId: 10652

Image: C:\Windows\system32\dxdiag.exe

TargetObject: HKU\S-1-5-21-2835251196-2691927458-378326815-1000\Software\Microsoft\ActiveMovie\devenum 64-bit\{4EFE2452-168A-11D1-BC76-00C04FB9453B}\Microsoft GS Wavetable Synth\FriendlyName

Details: Microsoft GS Wavetable Synth

User: WINDEV2309EVAL\User",Info,,,,,,,{f57bd86a-877d-658c-1304-000000000f00},3588,10652,,,,,,"
      ","Context,DeviceConnectedOrUpdated",,,,,,2023-12-27T20:22:31.3239802Z,,HKU\S-1-5-21-2835251196-2691927458-378326815-1000\Software\Microsoft\ActiveMovie\devenum 64-bit\{4EFE2452-168A-11D1-BC76-00C04FB9453B}\Microsoft GS Wavetable Synth\FriendlyName,Registry value set (rule: RegistryEvent),,5124,WINDEV2309EVAL\User,S-1-5-18,2023-12-27 20:22:31.316,2,"<Event xmlns=""http://schemas.microsoft.com/win/2004/08/events/event"">
    <System>
      <Provider Name=""Microsoft-Windows-Sysmon"" Guid=""{5770385f-c22a-43e0-bf4c-06f5698ffbd9}""/>
      <EventID>13</EventID>
      <Version>2</Version>
      <Level>4</Level>
      <Task>13</Task>
      <Opcode>0</Opcode>
      <Keywords>0x8000000000000000</Keywords>
      <TimeCreated SystemTime=""2023-12-27T20:22:31.3239802Z""/>
      <EventRecordID>20125</EventRecordID>
      <Correlation/>
      <Execution ProcessID=""3588"" ThreadID=""5124""/>
      <Channel>Microsoft-Windows-Sysmon/Operational</Channel>
      <Computer>WinDev2309Eval</Computer>
      <Security UserID=""S-1-5-18""/>
    </System>
    <EventData>
      <Data Name=""RuleName"">Context,DeviceConnectedOrUpdated</Data>
      <Data Name=""EventType"">SetValue</Data>
      <Data Name=""UtcTime"">2023-12-27 20:22:31.316</Data>
      <Data Name=""ProcessGuid"">{f57bd86a-877d-658c-1304-000000000f00}</Data>
      <Data Name=""ProcessId"">10652</Data>
      <Data Name=""Image"">C:\Windows\system32\dxdiag.exe</Data>
      <Data Name=""TargetObject"">HKU\S-1-5-21-2835251196-2691927458-378326815-1000\Software\Microsoft\ActiveMovie\devenum 64-bit\{4EFE2452-168A-11D1-BC76-00C04FB9453B}\Microsoft GS Wavetable Synth\FriendlyName</Data>
      <Data Name=""Details"">Microsoft GS Wavetable Synth</Data>
      <Data Name=""User"">WINDEV2309EVAL\User</Data>
    </EventData>
    <RenderingInfo Culture=""en-US"">
      <Message>Registry value set:

RuleName: Context,DeviceConnectedOrUpdated

EventType: SetValue

UtcTime: 2023-12-27 20:22:31.316

ProcessGuid: {f57bd86a-877d-658c-1304-000000000f00}

ProcessId: 10652

Image: C:\Windows\system32\dxdiag.exe

TargetObject: HKU\S-1-5-21-2835251196-2691927458-378326815-1000\Software\Microsoft\ActiveMovie\devenum 64-bit\{4EFE2452-168A-11D1-BC76-00C04FB9453B}\Microsoft GS Wavetable Synth\FriendlyName

Details: Microsoft GS Wavetable Synth

User: WINDEV2309EVAL\User</Message>
      <Level>Information</Level>
      <Task>Registry value set (rule: RegistryEvent)</Task>
      <Opcode>Info</Opcode>
    </RenderingInfo>
  </Event>
  
"
Microsoft-Windows-Sysmon/Operational,,,WinDev2309Eval,,,,,,,,,MPEG Layer-3,13,20124,SetValue,,,C:\Windows\system32\dxdiag.exe,,,0x8000000000000000,Information,,,"Registry value set:

RuleName: Context,DeviceConnectedOrUpdated

EventType: SetValue

UtcTime: 2023-12-27 20:22:31.300

ProcessGuid: {f57bd86a-877d-658c-1304-000000000f00}

ProcessId: 10652

Image: C:\Windows\system32\dxdiag.exe

TargetObject: HKU\S-1-5-21-2835251196-2691927458-378326815-1000\Software\Microsoft\ActiveMovie\devenum 64-bit\{33D9A761-90C8-11D0-BD43-00A0C911CE86}\85MPEG Layer-3\FriendlyName

Details: MPEG Layer-3

User: WINDEV2309EVAL\User",Info,,,,,,,{f57bd86a-877d-658c-1304-000000000f00},3588,10652,,,,,,"
      ","Context,DeviceConnectedOrUpdated",,,,,,2023-12-27T20:22:31.3078110Z,,HKU\S-1-5-21-2835251196-2691927458-378326815-1000\Software\Microsoft\ActiveMovie\devenum 64-bit\{33D9A761-90C8-11D0-BD43-00A0C911CE86}\85MPEG Layer-3\FriendlyName,Registry value set (rule: RegistryEvent),,5124,WINDEV2309EVAL\User,S-1-5-18,2023-12-27 20:22:31.300,2,"<Event xmlns=""http://schemas.microsoft.com/win/2004/08/events/event"">
    <System>
      <Provider Name=""Microsoft-Windows-Sysmon"" Guid=""{5770385f-c22a-43e0-bf4c-06f5698ffbd9}""/>
      <EventID>13</EventID>
      <Version>2</Version>
      <Level>4</Level>
      <Task>13</Task>
      <Opcode>0</Opcode>
      <Keywords>0x8000000000000000</Keywords>
      <TimeCreated SystemTime=""2023-12-27T20:22:31.3078110Z""/>
      <EventRecordID>20124</EventRecordID>
      <Correlation/>
      <Execution ProcessID=""3588"" ThreadID=""5124""/>
      <Channel>Microsoft-Windows-Sysmon/Operational</Channel>
      <Computer>WinDev2309Eval</Computer>
      <Security UserID=""S-1-5-18""/>
    </System>
    <EventData>
      <Data Name=""RuleName"">Context,DeviceConnectedOrUpdated</Data>
      <Data Name=""EventType"">SetValue</Data>
      <Data Name=""UtcTime"">2023-12-27 20:22:31.300</Data>
      <Data Name=""ProcessGuid"">{f57bd86a-877d-658c-1304-000000000f00}</Data>
      <Data Name=""ProcessId"">10652</Data>
      <Data Name=""Image"">C:\Windows\system32\dxdiag.exe</Data>
      <Data Name=""TargetObject"">HKU\S-1-5-21-2835251196-2691927458-378326815-1000\Software\Microsoft\ActiveMovie\devenum 64-bit\{33D9A761-90C8-11D0-BD43-00A0C911CE86}\85MPEG Layer-3\FriendlyName</Data>
      <Data Name=""Details"">MPEG Layer-3</Data>
      <Data Name=""User"">WINDEV2309EVAL\User</Data>
    </EventData>
    <RenderingInfo Culture=""en-US"">
      <Message>Registry value set:

RuleName: Context,DeviceConnectedOrUpdated

EventType: SetValue

UtcTime: 2023-12-27 20:22:31.300

ProcessGuid: {f57bd86a-877d-658c-1304-000000000f00}

ProcessId: 10652

Image: C:\Windows\system32\dxdiag.exe

TargetObject: HKU\S-1-5-21-2835251196-2691927458-378326815-1000\Software\Microsoft\ActiveMovie\devenum 64-bit\{33D9A761-90C8-11D0-BD43-00A0C911CE86}\85MPEG Layer-3\FriendlyName

Details: MPEG Layer-3

User: WINDEV2309EVAL\User</Message>
      <Level>Information</Level>
      <Task>Registry value set (rule: RegistryEvent)</Task>
      <Opcode>Info</Opcode>
    </RenderingInfo>
  </Event>
  
"
Microsoft-Windows-Sysmon/Operational,,,WinDev2309Eval,,,,,,,,,GSM 6.10,13,20123,SetValue,,,C:\Windows\system32\dxdiag.exe,,,0x8000000000000000,Information,,,"Registry value set:

RuleName: Context,DeviceConnectedOrUpdated

EventType: SetValue

UtcTime: 2023-12-27 20:22:31.300

ProcessGuid: {f57bd86a-877d-658c-1304-000000000f00}

ProcessId: 10652

Image: C:\Windows\system32\dxdiag.exe

TargetObject: HKU\S-1-5-21-2835251196-2691927458-378326815-1000\Software\Microsoft\ActiveMovie\devenum 64-bit\{33D9A761-90C8-11D0-BD43-00A0C911CE86}\49GSM 6.10\FriendlyName

Details: GSM 6.10

User: WINDEV2309EVAL\User",Info,,,,,,,{f57bd86a-877d-658c-1304-000000000f00},3588,10652,,,,,,"
      ","Context,DeviceConnectedOrUpdated",,,,,,2023-12-27T20:22:31.3072832Z,,HKU\S-1-5-21-2835251196-2691927458-378326815-1000\Software\Microsoft\ActiveMovie\devenum 64-bit\{33D9A761-90C8-11D0-BD43-00A0C911CE86}\49GSM 6.10\FriendlyName,Registry value set (rule: RegistryEvent),,5124,WINDEV2309EVAL\User,S-1-5-18,2023-12-27 20:22:31.300,2,"<Event xmlns=""http://schemas.microsoft.com/win/2004/08/events/event"">
    <System>
      <Provider Name=""Microsoft-Windows-Sysmon"" Guid=""{5770385f-c22a-43e0-bf4c-06f5698ffbd9}""/>
      <EventID>13</EventID>
      <Version>2</Version>
      <Level>4</Level>
      <Task>13</Task>
      <Opcode>0</Opcode>
      <Keywords>0x8000000000000000</Keywords>
      <TimeCreated SystemTime=""2023-12-27T20:22:31.3072832Z""/>
      <EventRecordID>20123</EventRecordID>
      <Correlation/>
      <Execution ProcessID=""3588"" ThreadID=""5124""/>
      <Channel>Microsoft-Windows-Sysmon/Operational</Channel>
      <Computer>WinDev2309Eval</Computer>
      <Security UserID=""S-1-5-18""/>
    </System>
    <EventData>
      <Data Name=""RuleName"">Context,DeviceConnectedOrUpdated</Data>
      <Data Name=""EventType"">SetValue</Data>
      <Data Name=""UtcTime"">2023-12-27 20:22:31.300</Data>
      <Data Name=""ProcessGuid"">{f57bd86a-877d-658c-1304-000000000f00}</Data>
      <Data Name=""ProcessId"">10652</Data>
      <Data Name=""Image"">C:\Windows\system32\dxdiag.exe</Data>
      <Data Name=""TargetObject"">HKU\S-1-5-21-2835251196-2691927458-378326815-1000\Software\Microsoft\ActiveMovie\devenum 64-bit\{33D9A761-90C8-11D0-BD43-00A0C911CE86}\49GSM 6.10\FriendlyName</Data>
      <Data Name=""Details"">GSM 6.10</Data>
      <Data Name=""User"">WINDEV2309EVAL\User</Data>
    </EventData>
    <RenderingInfo Culture=""en-US"">
      <Message>Registry value set:

RuleName: Context,DeviceConnectedOrUpdated

EventType: SetValue

UtcTime: 2023-12-27 20:22:31.300

ProcessGuid: {f57bd86a-877d-658c-1304-000000000f00}

ProcessId: 10652

Image: C:\Windows\system32\dxdiag.exe

TargetObject: HKU\S-1-5-21-2835251196-2691927458-378326815-1000\Software\Microsoft\ActiveMovie\devenum 64-bit\{33D9A761-90C8-11D0-BD43-00A0C911CE86}\49GSM 6.10\FriendlyName

Details: GSM 6.10

User: WINDEV2309EVAL\User</Message>
      <Level>Information</Level>
      <Task>Registry value set (rule: RegistryEvent)</Task>
      <Opcode>Info</Opcode>
    </RenderingInfo>
  </Event>
  
"
Microsoft-Windows-Sysmon/Operational,,,WinDev2309Eval,,,,,,,,,CCITT u-Law,13,20122,SetValue,,,C:\Windows\system32\dxdiag.exe,,,0x8000000000000000,Information,,,"Registry value set:

RuleName: Context,DeviceConnectedOrUpdated

EventType: SetValue

UtcTime: 2023-12-27 20:22:31.300

ProcessGuid: {f57bd86a-877d-658c-1304-000000000f00}

ProcessId: 10652

Image: C:\Windows\system32\dxdiag.exe

TargetObject: HKU\S-1-5-21-2835251196-2691927458-378326815-1000\Software\Microsoft\ActiveMovie\devenum 64-bit\{33D9A761-90C8-11D0-BD43-00A0C911CE86}\7CCITT u-Law\FriendlyName

Details: CCITT u-Law

User: WINDEV2309EVAL\User",Info,,,,,,,{f57bd86a-877d-658c-1304-000000000f00},3588,10652,,,,,,"
      ","Context,DeviceConnectedOrUpdated",,,,,,2023-12-27T20:22:31.3067321Z,,HKU\S-1-5-21-2835251196-2691927458-378326815-1000\Software\Microsoft\ActiveMovie\devenum 64-bit\{33D9A761-90C8-11D0-BD43-00A0C911CE86}\7CCITT u-Law\FriendlyName,Registry value set (rule: RegistryEvent),,5124,WINDEV2309EVAL\User,S-1-5-18,2023-12-27 20:22:31.300,2,"<Event xmlns=""http://schemas.microsoft.com/win/2004/08/events/event"">
    <System>
      <Provider Name=""Microsoft-Windows-Sysmon"" Guid=""{5770385f-c22a-43e0-bf4c-06f5698ffbd9}""/>
      <EventID>13</EventID>
      <Version>2</Version>
      <Level>4</Level>
      <Task>13</Task>
      <Opcode>0</Opcode>
      <Keywords>0x8000000000000000</Keywords>
      <TimeCreated SystemTime=""2023-12-27T20:22:31.3067321Z""/>
      <EventRecordID>20122</EventRecordID>
      <Correlation/>
      <Execution ProcessID=""3588"" ThreadID=""5124""/>
      <Channel>Microsoft-Windows-Sysmon/Operational</Channel>
      <Computer>WinDev2309Eval</Computer>
      <Security UserID=""S-1-5-18""/>
    </System>
    <EventData>
      <Data Name=""RuleName"">Context,DeviceConnectedOrUpdated</Data>
      <Data Name=""EventType"">SetValue</Data>
      <Data Name=""UtcTime"">2023-12-27 20:22:31.300</Data>
      <Data Name=""ProcessGuid"">{f57bd86a-877d-658c-1304-000000000f00}</Data>
      <Data Name=""ProcessId"">10652</Data>
      <Data Name=""Image"">C:\Windows\system32\dxdiag.exe</Data>
      <Data Name=""TargetObject"">HKU\S-1-5-21-2835251196-2691927458-378326815-1000\Software\Microsoft\ActiveMovie\devenum 64-bit\{33D9A761-90C8-11D0-BD43-00A0C911CE86}\7CCITT u-Law\FriendlyName</Data>
      <Data Name=""Details"">CCITT u-Law</Data>
      <Data Name=""User"">WINDEV2309EVAL\User</Data>
    </EventData>
    <RenderingInfo Culture=""en-US"">
      <Message>Registry value set:

RuleName: Context,DeviceConnectedOrUpdated

EventType: SetValue

UtcTime: 2023-12-27 20:22:31.300

ProcessGuid: {f57bd86a-877d-658c-1304-000000000f00}

ProcessId: 10652

Image: C:\Windows\system32\dxdiag.exe

TargetObject: HKU\S-1-5-21-2835251196-2691927458-378326815-1000\Software\Microsoft\ActiveMovie\devenum 64-bit\{33D9A761-90C8-11D0-BD43-00A0C911CE86}\7CCITT u-Law\FriendlyName

Details: CCITT u-Law

User: WINDEV2309EVAL\User</Message>
      <Level>Information</Level>
      <Task>Registry value set (rule: RegistryEvent)</Task>
      <Opcode>Info</Opcode>
    </RenderingInfo>
  </Event>
  
"
Microsoft-Windows-Sysmon/Operational,,,WinDev2309Eval,,,,,,,,,CCITT A-Law,13,20121,SetValue,,,C:\Windows\system32\dxdiag.exe,,,0x8000000000000000,Information,,,"Registry value set:

RuleName: Context,DeviceConnectedOrUpdated

EventType: SetValue

UtcTime: 2023-12-27 20:22:31.300

ProcessGuid: {f57bd86a-877d-658c-1304-000000000f00}

ProcessId: 10652

Image: C:\Windows\system32\dxdiag.exe

TargetObject: HKU\S-1-5-21-2835251196-2691927458-378326815-1000\Software\Microsoft\ActiveMovie\devenum 64-bit\{33D9A761-90C8-11D0-BD43-00A0C911CE86}\6CCITT A-Law\FriendlyName

Details: CCITT A-Law

User: WINDEV2309EVAL\User",Info,,,,,,,{f57bd86a-877d-658c-1304-000000000f00},3588,10652,,,,,,"
      ","Context,DeviceConnectedOrUpdated",,,,,,2023-12-27T20:22:31.3062304Z,,HKU\S-1-5-21-2835251196-2691927458-378326815-1000\Software\Microsoft\ActiveMovie\devenum 64-bit\{33D9A761-90C8-11D0-BD43-00A0C911CE86}\6CCITT A-Law\FriendlyName,Registry value set (rule: RegistryEvent),,5124,WINDEV2309EVAL\User,S-1-5-18,2023-12-27 20:22:31.300,2,"<Event xmlns=""http://schemas.microsoft.com/win/2004/08/events/event"">
    <System>
      <Provider Name=""Microsoft-Windows-Sysmon"" Guid=""{5770385f-c22a-43e0-bf4c-06f5698ffbd9}""/>
      <EventID>13</EventID>
      <Version>2</Version>
      <Level>4</Level>
      <Task>13</Task>
      <Opcode>0</Opcode>
      <Keywords>0x8000000000000000</Keywords>
      <TimeCreated SystemTime=""2023-12-27T20:22:31.3062304Z""/>
      <EventRecordID>20121</EventRecordID>
      <Correlation/>
      <Execution ProcessID=""3588"" ThreadID=""5124""/>
      <Channel>Microsoft-Windows-Sysmon/Operational</Channel>
      <Computer>WinDev2309Eval</Computer>
      <Security UserID=""S-1-5-18""/>
    </System>
    <EventData>
      <Data Name=""RuleName"">Context,DeviceConnectedOrUpdated</Data>
      <Data Name=""EventType"">SetValue</Data>
      <Data Name=""UtcTime"">2023-12-27 20:22:31.300</Data>
      <Data Name=""ProcessGuid"">{f57bd86a-877d-658c-1304-000000000f00}</Data>
      <Data Name=""ProcessId"">10652</Data>
      <Data Name=""Image"">C:\Windows\system32\dxdiag.exe</Data>
      <Data Name=""TargetObject"">HKU\S-1-5-21-2835251196-2691927458-378326815-1000\Software\Microsoft\ActiveMovie\devenum 64-bit\{33D9A761-90C8-11D0-BD43-00A0C911CE86}\6CCITT A-Law\FriendlyName</Data>
      <Data Name=""Details"">CCITT A-Law</Data>
      <Data Name=""User"">WINDEV2309EVAL\User</Data>
    </EventData>
    <RenderingInfo Culture=""en-US"">
      <Message>Registry value set:

RuleName: Context,DeviceConnectedOrUpdated

EventType: SetValue

UtcTime: 2023-12-27 20:22:31.300

ProcessGuid: {f57bd86a-877d-658c-1304-000000000f00}

ProcessId: 10652

Image: C:\Windows\system32\dxdiag.exe

TargetObject: HKU\S-1-5-21-2835251196-2691927458-378326815-1000\Software\Microsoft\ActiveMovie\devenum 64-bit\{33D9A761-90C8-11D0-BD43-00A0C911CE86}\6CCITT A-Law\FriendlyName

Details: CCITT A-Law

User: WINDEV2309EVAL\User</Message>
      <Level>Information</Level>
      <Task>Registry value set (rule: RegistryEvent)</Task>
      <Opcode>Info</Opcode>
    </RenderingInfo>
  </Event>
  
"
Microsoft-Windows-Sysmon/Operational,,,WinDev2309Eval,,,,,,,,,Microsoft ADPCM,13,20120,SetValue,,,C:\Windows\system32\dxdiag.exe,,,0x8000000000000000,Information,,,"Registry value set:

RuleName: Context,DeviceConnectedOrUpdated

EventType: SetValue

UtcTime: 2023-12-27 20:22:31.300

ProcessGuid: {f57bd86a-877d-658c-1304-000000000f00}

ProcessId: 10652

Image: C:\Windows\system32\dxdiag.exe

TargetObject: HKU\S-1-5-21-2835251196-2691927458-378326815-1000\Software\Microsoft\ActiveMovie\devenum 64-bit\{33D9A761-90C8-11D0-BD43-00A0C911CE86}\2Microsoft ADPCM\FriendlyName

Details: Microsoft ADPCM

User: WINDEV2309EVAL\User",Info,,,,,,,{f57bd86a-877d-658c-1304-000000000f00},3588,10652,,,,,,"
      ","Context,DeviceConnectedOrUpdated",,,,,,2023-12-27T20:22:31.3058053Z,,HKU\S-1-5-21-2835251196-2691927458-378326815-1000\Software\Microsoft\ActiveMovie\devenum 64-bit\{33D9A761-90C8-11D0-BD43-00A0C911CE86}\2Microsoft ADPCM\FriendlyName,Registry value set (rule: RegistryEvent),,5124,WINDEV2309EVAL\User,S-1-5-18,2023-12-27 20:22:31.300,2,"<Event xmlns=""http://schemas.microsoft.com/win/2004/08/events/event"">
    <System>
      <Provider Name=""Microsoft-Windows-Sysmon"" Guid=""{5770385f-c22a-43e0-bf4c-06f5698ffbd9}""/>
      <EventID>13</EventID>
      <Version>2</Version>
      <Level>4</Level>
      <Task>13</Task>
      <Opcode>0</Opcode>
      <Keywords>0x8000000000000000</Keywords>
      <TimeCreated SystemTime=""2023-12-27T20:22:31.3058053Z""/>
      <EventRecordID>20120</EventRecordID>
      <Correlation/>
      <Execution ProcessID=""3588"" ThreadID=""5124""/>
      <Channel>Microsoft-Windows-Sysmon/Operational</Channel>
      <Computer>WinDev2309Eval</Computer>
      <Security UserID=""S-1-5-18""/>
    </System>
    <EventData>
      <Data Name=""RuleName"">Context,DeviceConnectedOrUpdated</Data>
      <Data Name=""EventType"">SetValue</Data>
      <Data Name=""UtcTime"">2023-12-27 20:22:31.300</Data>
      <Data Name=""ProcessGuid"">{f57bd86a-877d-658c-1304-000000000f00}</Data>
      <Data Name=""ProcessId"">10652</Data>
      <Data Name=""Image"">C:\Windows\system32\dxdiag.exe</Data>
      <Data Name=""TargetObject"">HKU\S-1-5-21-2835251196-2691927458-378326815-1000\Software\Microsoft\ActiveMovie\devenum 64-bit\{33D9A761-90C8-11D0-BD43-00A0C911CE86}\2Microsoft ADPCM\FriendlyName</Data>
      <Data Name=""Details"">Microsoft ADPCM</Data>
      <Data Name=""User"">WINDEV2309EVAL\User</Data>
    </EventData>
    <RenderingInfo Culture=""en-US"">
      <Message>Registry value set:

RuleName: Context,DeviceConnectedOrUpdated

EventType: SetValue

UtcTime: 2023-12-27 20:22:31.300

ProcessGuid: {f57bd86a-877d-658c-1304-000000000f00}

ProcessId: 10652

Image: C:\Windows\system32\dxdiag.exe

TargetObject: HKU\S-1-5-21-2835251196-2691927458-378326815-1000\Software\Microsoft\ActiveMovie\devenum 64-bit\{33D9A761-90C8-11D0-BD43-00A0C911CE86}\2Microsoft ADPCM\FriendlyName

Details: Microsoft ADPCM

User: WINDEV2309EVAL\User</Message>
      <Level>Information</Level>
      <Task>Registry value set (rule: RegistryEvent)</Task>
      <Opcode>Info</Opcode>
    </RenderingInfo>
  </Event>
  
"
Microsoft-Windows-Sysmon/Operational,,,WinDev2309Eval,,,,,,,,,IMA ADPCM,13,20119,SetValue,,,C:\Windows\system32\dxdiag.exe,,,0x8000000000000000,Information,,,"Registry value set:

RuleName: Context,DeviceConnectedOrUpdated

EventType: SetValue

UtcTime: 2023-12-27 20:22:31.300

ProcessGuid: {f57bd86a-877d-658c-1304-000000000f00}

ProcessId: 10652

Image: C:\Windows\system32\dxdiag.exe

TargetObject: HKU\S-1-5-21-2835251196-2691927458-378326815-1000\Software\Microsoft\ActiveMovie\devenum 64-bit\{33D9A761-90C8-11D0-BD43-00A0C911CE86}\17IMA ADPCM\FriendlyName

Details: IMA ADPCM

User: WINDEV2309EVAL\User",Info,,,,,,,{f57bd86a-877d-658c-1304-000000000f00},3588,10652,,,,,,"
      ","Context,DeviceConnectedOrUpdated",,,,,,2023-12-27T20:22:31.3050304Z,,HKU\S-1-5-21-2835251196-2691927458-378326815-1000\Software\Microsoft\ActiveMovie\devenum 64-bit\{33D9A761-90C8-11D0-BD43-00A0C911CE86}\17IMA ADPCM\FriendlyName,Registry value set (rule: RegistryEvent),,5124,WINDEV2309EVAL\User,S-1-5-18,2023-12-27 20:22:31.300,2,"<Event xmlns=""http://schemas.microsoft.com/win/2004/08/events/event"">
    <System>
      <Provider Name=""Microsoft-Windows-Sysmon"" Guid=""{5770385f-c22a-43e0-bf4c-06f5698ffbd9}""/>
      <EventID>13</EventID>
      <Version>2</Version>
      <Level>4</Level>
      <Task>13</Task>
      <Opcode>0</Opcode>
      <Keywords>0x8000000000000000</Keywords>
      <TimeCreated SystemTime=""2023-12-27T20:22:31.3050304Z""/>
      <EventRecordID>20119</EventRecordID>
      <Correlation/>
      <Execution ProcessID=""3588"" ThreadID=""5124""/>
      <Channel>Microsoft-Windows-Sysmon/Operational</Channel>
      <Computer>WinDev2309Eval</Computer>
      <Security UserID=""S-1-5-18""/>
    </System>
    <EventData>
      <Data Name=""RuleName"">Context,DeviceConnectedOrUpdated</Data>
      <Data Name=""EventType"">SetValue</Data>
      <Data Name=""UtcTime"">2023-12-27 20:22:31.300</Data>
      <Data Name=""ProcessGuid"">{f57bd86a-877d-658c-1304-000000000f00}</Data>
      <Data Name=""ProcessId"">10652</Data>
      <Data Name=""Image"">C:\Windows\system32\dxdiag.exe</Data>
      <Data Name=""TargetObject"">HKU\S-1-5-21-2835251196-2691927458-378326815-1000\Software\Microsoft\ActiveMovie\devenum 64-bit\{33D9A761-90C8-11D0-BD43-00A0C911CE86}\17IMA ADPCM\FriendlyName</Data>
      <Data Name=""Details"">IMA ADPCM</Data>
      <Data Name=""User"">WINDEV2309EVAL\User</Data>
    </EventData>
    <RenderingInfo Culture=""en-US"">
      <Message>Registry value set:

RuleName: Context,DeviceConnectedOrUpdated

EventType: SetValue

UtcTime: 2023-12-27 20:22:31.300

ProcessGuid: {f57bd86a-877d-658c-1304-000000000f00}

ProcessId: 10652

Image: C:\Windows\system32\dxdiag.exe

TargetObject: HKU\S-1-5-21-2835251196-2691927458-378326815-1000\Software\Microsoft\ActiveMovie\devenum 64-bit\{33D9A761-90C8-11D0-BD43-00A0C911CE86}\17IMA ADPCM\FriendlyName

Details: IMA ADPCM

User: WINDEV2309EVAL\User</Message>
      <Level>Information</Level>
      <Task>Registry value set (rule: RegistryEvent)</Task>
      <Opcode>Info</Opcode>
    </RenderingInfo>
  </Event>
  
"
Microsoft-Windows-Sysmon/Operational,,,WinDev2309Eval,,,,,,,,,PCM,13,20118,SetValue,,,C:\Windows\system32\dxdiag.exe,,,0x8000000000000000,Information,,,"Registry value set:

RuleName: Context,DeviceConnectedOrUpdated

EventType: SetValue

UtcTime: 2023-12-27 20:22:31.300

ProcessGuid: {f57bd86a-877d-658c-1304-000000000f00}

ProcessId: 10652

Image: C:\Windows\system32\dxdiag.exe

TargetObject: HKU\S-1-5-21-2835251196-2691927458-378326815-1000\Software\Microsoft\ActiveMovie\devenum 64-bit\{33D9A761-90C8-11D0-BD43-00A0C911CE86}\1PCM\FriendlyName

Details: PCM

User: WINDEV2309EVAL\User",Info,,,,,,,{f57bd86a-877d-658c-1304-000000000f00},3588,10652,,,,,,"
      ","Context,DeviceConnectedOrUpdated",,,,,,2023-12-27T20:22:31.3044590Z,,HKU\S-1-5-21-2835251196-2691927458-378326815-1000\Software\Microsoft\ActiveMovie\devenum 64-bit\{33D9A761-90C8-11D0-BD43-00A0C911CE86}\1PCM\FriendlyName,Registry value set (rule: RegistryEvent),,5124,WINDEV2309EVAL\User,S-1-5-18,2023-12-27 20:22:31.300,2,"<Event xmlns=""http://schemas.microsoft.com/win/2004/08/events/event"">
    <System>
      <Provider Name=""Microsoft-Windows-Sysmon"" Guid=""{5770385f-c22a-43e0-bf4c-06f5698ffbd9}""/>
      <EventID>13</EventID>
      <Version>2</Version>
      <Level>4</Level>
      <Task>13</Task>
      <Opcode>0</Opcode>
      <Keywords>0x8000000000000000</Keywords>
      <TimeCreated SystemTime=""2023-12-27T20:22:31.3044590Z""/>
      <EventRecordID>20118</EventRecordID>
      <Correlation/>
      <Execution ProcessID=""3588"" ThreadID=""5124""/>
      <Channel>Microsoft-Windows-Sysmon/Operational</Channel>
      <Computer>WinDev2309Eval</Computer>
      <Security UserID=""S-1-5-18""/>
    </System>
    <EventData>
      <Data Name=""RuleName"">Context,DeviceConnectedOrUpdated</Data>
      <Data Name=""EventType"">SetValue</Data>
      <Data Name=""UtcTime"">2023-12-27 20:22:31.300</Data>
      <Data Name=""ProcessGuid"">{f57bd86a-877d-658c-1304-000000000f00}</Data>
      <Data Name=""ProcessId"">10652</Data>
      <Data Name=""Image"">C:\Windows\system32\dxdiag.exe</Data>
      <Data Name=""TargetObject"">HKU\S-1-5-21-2835251196-2691927458-378326815-1000\Software\Microsoft\ActiveMovie\devenum 64-bit\{33D9A761-90C8-11D0-BD43-00A0C911CE86}\1PCM\FriendlyName</Data>
      <Data Name=""Details"">PCM</Data>
      <Data Name=""User"">WINDEV2309EVAL\User</Data>
    </EventData>
    <RenderingInfo Culture=""en-US"">
      <Message>Registry value set:

RuleName: Context,DeviceConnectedOrUpdated

EventType: SetValue

UtcTime: 2023-12-27 20:22:31.300

ProcessGuid: {f57bd86a-877d-658c-1304-000000000f00}

ProcessId: 10652

Image: C:\Windows\system32\dxdiag.exe

TargetObject: HKU\S-1-5-21-2835251196-2691927458-378326815-1000\Software\Microsoft\ActiveMovie\devenum 64-bit\{33D9A761-90C8-11D0-BD43-00A0C911CE86}\1PCM\FriendlyName

Details: PCM

User: WINDEV2309EVAL\User</Message>
      <Level>Information</Level>
      <Task>Registry value set (rule: RegistryEvent)</Task>
      <Opcode>Info</Opcode>
    </RenderingInfo>
  </Event>
  
"
Microsoft-Windows-Sysmon/Operational,dxdiag  /t dxdiag.txt,Microsoft Corporation,WinDev2309Eval,,C:\Users\User\AppData\Local\Temp\,Microsoft DirectX Diagnostic Tool,,,,,,,1,20117,,10.0.22621.1 (WinBuild.160101.0800),"MD5=50573EF96530B3B3CADCFE2DDC5F3F82,SHA256=1213E01745C988038DCD7D775CF492B427E0F0623E2190EEEE435C7C4DE0D911,IMPHASH=62F80EA69E8426ABA27DEBFC641BFD2B",C:\Windows\System32\dxdiag.exe,,Medium,0x8000000000000000,Information,{f57bd86a-36f9-658c-7bf8-020000000000},0x2f87b,"Process Create:

RuleName: -

UtcTime: 2023-12-27 20:22:21.246

ProcessGuid: {f57bd86a-877d-658c-1304-000000000f00}

ProcessId: 10652

Image: C:\Windows\System32\dxdiag.exe

FileVersion: 10.0.22621.1 (WinBuild.160101.0800)

Description: Microsoft DirectX Diagnostic Tool

Product: Microsoft® Windows® Operating System

Company: Microsoft Corporation

OriginalFileName: dxdiag.exe

CommandLine: dxdiag  /t dxdiag.txt

CurrentDirectory: C:\Users\User\AppData\Local\Temp\

User: WINDEV2309EVAL\User

LogonGuid: {f57bd86a-36f9-658c-7bf8-020000000000}

LogonId: 0x2F87B

TerminalSessionId: 1

IntegrityLevel: Medium

Hashes: MD5=50573EF96530B3B3CADCFE2DDC5F3F82,SHA256=1213E01745C988038DCD7D775CF492B427E0F0623E2190EEEE435C7C4DE0D911,IMPHASH=62F80EA69E8426ABA27DEBFC641BFD2B

ParentProcessGuid: {f57bd86a-877d-658c-1104-000000000f00}

ParentProcessId: 2412

ParentImage: C:\Windows\System32\cmd.exe

ParentCommandLine: ""C:\Windows\System32\cmd.exe"" /c dxdiag /t dxdiag.txt

ParentUser: WINDEV2309EVAL\User",Info,dxdiag.exe,"""C:\Windows\System32\cmd.exe"" /c dxdiag /t dxdiag.txt",C:\Windows\System32\cmd.exe,{f57bd86a-877d-658c-1104-000000000f00},2412,WINDEV2309EVAL\User,{f57bd86a-877d-658c-1304-000000000f00},3588,10652,Microsoft® Windows® Operating System,,,,,"
      ",-,,,,,,2023-12-27T20:22:21.2505114Z,,,Process Create (rule: ProcessCreate),1,5124,WINDEV2309EVAL\User,S-1-5-18,2023-12-27 20:22:21.246,5,"<Event xmlns=""http://schemas.microsoft.com/win/2004/08/events/event"">
    <System>
      <Provider Name=""Microsoft-Windows-Sysmon"" Guid=""{5770385f-c22a-43e0-bf4c-06f5698ffbd9}""/>
      <EventID>1</EventID>
      <Version>5</Version>
      <Level>4</Level>
      <Task>1</Task>
      <Opcode>0</Opcode>
      <Keywords>0x8000000000000000</Keywords>
      <TimeCreated SystemTime=""2023-12-27T20:22:21.2505114Z""/>
      <EventRecordID>20117</EventRecordID>
      <Correlation/>
      <Execution ProcessID=""3588"" ThreadID=""5124""/>
      <Channel>Microsoft-Windows-Sysmon/Operational</Channel>
      <Computer>WinDev2309Eval</Computer>
      <Security UserID=""S-1-5-18""/>
    </System>
    <EventData>
      <Data Name=""RuleName"">-</Data>
      <Data Name=""UtcTime"">2023-12-27 20:22:21.246</Data>
      <Data Name=""ProcessGuid"">{f57bd86a-877d-658c-1304-000000000f00}</Data>
      <Data Name=""ProcessId"">10652</Data>
      <Data Name=""Image"">C:\Windows\System32\dxdiag.exe</Data>
      <Data Name=""FileVersion"">10.0.22621.1 (WinBuild.160101.0800)</Data>
      <Data Name=""Description"">Microsoft DirectX Diagnostic Tool</Data>
      <Data Name=""Product"">Microsoft&#174; Windows&#174; Operating System</Data>
      <Data Name=""Company"">Microsoft Corporation</Data>
      <Data Name=""OriginalFileName"">dxdiag.exe</Data>
      <Data Name=""CommandLine"">dxdiag  /t dxdiag.txt</Data>
      <Data Name=""CurrentDirectory"">C:\Users\User\AppData\Local\Temp\</Data>
      <Data Name=""User"">WINDEV2309EVAL\User</Data>
      <Data Name=""LogonGuid"">{f57bd86a-36f9-658c-7bf8-020000000000}</Data>
      <Data Name=""LogonId"">0x2f87b</Data>
      <Data Name=""TerminalSessionId"">1</Data>
      <Data Name=""IntegrityLevel"">Medium</Data>
      <Data Name=""Hashes"">MD5=50573EF96530B3B3CADCFE2DDC5F3F82,SHA256=1213E01745C988038DCD7D775CF492B427E0F0623E2190EEEE435C7C4DE0D911,IMPHASH=62F80EA69E8426ABA27DEBFC641BFD2B</Data>
      <Data Name=""ParentProcessGuid"">{f57bd86a-877d-658c-1104-000000000f00}</Data>
      <Data Name=""ParentProcessId"">2412</Data>
      <Data Name=""ParentImage"">C:\Windows\System32\cmd.exe</Data>
      <Data Name=""ParentCommandLine"">""C:\Windows\System32\cmd.exe"" /c dxdiag /t dxdiag.txt</Data>
      <Data Name=""ParentUser"">WINDEV2309EVAL\User</Data>
    </EventData>
    <RenderingInfo Culture=""en-US"">
      <Message>Process Create:

RuleName: -

UtcTime: 2023-12-27 20:22:21.246

ProcessGuid: {f57bd86a-877d-658c-1304-000000000f00}

ProcessId: 10652

Image: C:\Windows\System32\dxdiag.exe

FileVersion: 10.0.22621.1 (WinBuild.160101.0800)

Description: Microsoft DirectX Diagnostic Tool

Product: Microsoft&#174; Windows&#174; Operating System

Company: Microsoft Corporation

OriginalFileName: dxdiag.exe

CommandLine: dxdiag  /t dxdiag.txt

CurrentDirectory: C:\Users\User\AppData\Local\Temp\

User: WINDEV2309EVAL\User

LogonGuid: {f57bd86a-36f9-658c-7bf8-020000000000}

LogonId: 0x2F87B

TerminalSessionId: 1

IntegrityLevel: Medium

Hashes: MD5=50573EF96530B3B3CADCFE2DDC5F3F82,SHA256=1213E01745C988038DCD7D775CF492B427E0F0623E2190EEEE435C7C4DE0D911,IMPHASH=62F80EA69E8426ABA27DEBFC641BFD2B

ParentProcessGuid: {f57bd86a-877d-658c-1104-000000000f00}

ParentProcessId: 2412

ParentImage: C:\Windows\System32\cmd.exe

ParentCommandLine: ""C:\Windows\System32\cmd.exe"" /c dxdiag /t dxdiag.txt

ParentUser: WINDEV2309EVAL\User</Message>
      <Level>Information</Level>
      <Task>Process Create (rule: ProcessCreate)</Task>
      <Opcode>Info</Opcode>
    </RenderingInfo>
  </Event>
  
"
Microsoft-Windows-Sysmon/Operational,"""C:\Windows\System32\cmd.exe"" /c dxdiag /t dxdiag.txt",Microsoft Corporation,WinDev2309Eval,,C:\Users\User\AppData\Local\Temp\,Windows Command Processor,,,,,,,1,20116,,10.0.22621.2506 (WinBuild.160101.0800),"MD5=133D568ECCB557E37BEA1459521CBAC2,SHA256=05A30592D2C3421C41121145C6EEFA7C81FEA6B42D6233A522240A8468326B9C,IMPHASH=D73E39DAB3C8B57AA408073D01254964",C:\Windows\System32\cmd.exe,,Medium,0x8000000000000000,Information,{f57bd86a-36f9-658c-7bf8-020000000000},0x2f87b,"Process Create:

RuleName: -

UtcTime: 2023-12-27 20:22:21.189

ProcessGuid: {f57bd86a-877d-658c-1104-000000000f00}

ProcessId: 2412

Image: C:\Windows\System32\cmd.exe

FileVersion: 10.0.22621.2506 (WinBuild.160101.0800)

Description: Windows Command Processor

Product: Microsoft® Windows® Operating System

Company: Microsoft Corporation

OriginalFileName: Cmd.Exe

CommandLine: ""C:\Windows\System32\cmd.exe"" /c dxdiag /t dxdiag.txt

CurrentDirectory: C:\Users\User\AppData\Local\Temp\

User: WINDEV2309EVAL\User

LogonGuid: {f57bd86a-36f9-658c-7bf8-020000000000}

LogonId: 0x2F87B

TerminalSessionId: 1

IntegrityLevel: Medium

Hashes: MD5=133D568ECCB557E37BEA1459521CBAC2,SHA256=05A30592D2C3421C41121145C6EEFA7C81FEA6B42D6233A522240A8468326B9C,IMPHASH=D73E39DAB3C8B57AA408073D01254964

ParentProcessGuid: {f57bd86a-876f-658c-4303-000000000f00}

ParentProcessId: 7660

ParentImage: C:\Windows\System32\wscript.exe

ParentCommandLine: wscript.exe  C:\Windows\System32\gatherNetworkInfo.vbs

ParentUser: WINDEV2309EVAL\User",Info,Cmd.Exe,wscript.exe  C:\Windows\System32\gatherNetworkInfo.vbs,C:\Windows\System32\wscript.exe,{f57bd86a-876f-658c-4303-000000000f00},7660,WINDEV2309EVAL\User,{f57bd86a-877d-658c-1104-000000000f00},3588,2412,Microsoft® Windows® Operating System,,,,,"
      ",-,,,,,,2023-12-27T20:22:21.1901785Z,,,Process Create (rule: ProcessCreate),1,5124,WINDEV2309EVAL\User,S-1-5-18,2023-12-27 20:22:21.189,5,"<Event xmlns=""http://schemas.microsoft.com/win/2004/08/events/event"">
    <System>
      <Provider Name=""Microsoft-Windows-Sysmon"" Guid=""{5770385f-c22a-43e0-bf4c-06f5698ffbd9}""/>
      <EventID>1</EventID>
      <Version>5</Version>
      <Level>4</Level>
      <Task>1</Task>
      <Opcode>0</Opcode>
      <Keywords>0x8000000000000000</Keywords>
      <TimeCreated SystemTime=""2023-12-27T20:22:21.1901785Z""/>
      <EventRecordID>20116</EventRecordID>
      <Correlation/>
      <Execution ProcessID=""3588"" ThreadID=""5124""/>
      <Channel>Microsoft-Windows-Sysmon/Operational</Channel>
      <Computer>WinDev2309Eval</Computer>
      <Security UserID=""S-1-5-18""/>
    </System>
    <EventData>
      <Data Name=""RuleName"">-</Data>
      <Data Name=""UtcTime"">2023-12-27 20:22:21.189</Data>
      <Data Name=""ProcessGuid"">{f57bd86a-877d-658c-1104-000000000f00}</Data>
      <Data Name=""ProcessId"">2412</Data>
      <Data Name=""Image"">C:\Windows\System32\cmd.exe</Data>
      <Data Name=""FileVersion"">10.0.22621.2506 (WinBuild.160101.0800)</Data>
      <Data Name=""Description"">Windows Command Processor</Data>
      <Data Name=""Product"">Microsoft&#174; Windows&#174; Operating System</Data>
      <Data Name=""Company"">Microsoft Corporation</Data>
      <Data Name=""OriginalFileName"">Cmd.Exe</Data>
      <Data Name=""CommandLine"">""C:\Windows\System32\cmd.exe"" /c dxdiag /t dxdiag.txt</Data>
      <Data Name=""CurrentDirectory"">C:\Users\User\AppData\Local\Temp\</Data>
      <Data Name=""User"">WINDEV2309EVAL\User</Data>
      <Data Name=""LogonGuid"">{f57bd86a-36f9-658c-7bf8-020000000000}</Data>
      <Data Name=""LogonId"">0x2f87b</Data>
      <Data Name=""TerminalSessionId"">1</Data>
      <Data Name=""IntegrityLevel"">Medium</Data>
      <Data Name=""Hashes"">MD5=133D568ECCB557E37BEA1459521CBAC2,SHA256=05A30592D2C3421C41121145C6EEFA7C81FEA6B42D6233A522240A8468326B9C,IMPHASH=D73E39DAB3C8B57AA408073D01254964</Data>
      <Data Name=""ParentProcessGuid"">{f57bd86a-876f-658c-4303-000000000f00}</Data>
      <Data Name=""ParentProcessId"">7660</Data>
      <Data Name=""ParentImage"">C:\Windows\System32\wscript.exe</Data>
      <Data Name=""ParentCommandLine"">wscript.exe  C:\Windows\System32\gatherNetworkInfo.vbs</Data>
      <Data Name=""ParentUser"">WINDEV2309EVAL\User</Data>
    </EventData>
    <RenderingInfo Culture=""en-US"">
      <Message>Process Create:

RuleName: -

UtcTime: 2023-12-27 20:22:21.189

ProcessGuid: {f57bd86a-877d-658c-1104-000000000f00}

ProcessId: 2412

Image: C:\Windows\System32\cmd.exe

FileVersion: 10.0.22621.2506 (WinBuild.160101.0800)

Description: Windows Command Processor

Product: Microsoft&#174; Windows&#174; Operating System

Company: Microsoft Corporation

OriginalFileName: Cmd.Exe

CommandLine: ""C:\Windows\System32\cmd.exe"" /c dxdiag /t dxdiag.txt

CurrentDirectory: C:\Users\User\AppData\Local\Temp\

User: WINDEV2309EVAL\User

LogonGuid: {f57bd86a-36f9-658c-7bf8-020000000000}

LogonId: 0x2F87B

TerminalSessionId: 1

IntegrityLevel: Medium

Hashes: MD5=133D568ECCB557E37BEA1459521CBAC2,SHA256=05A30592D2C3421C41121145C6EEFA7C81FEA6B42D6233A522240A8468326B9C,IMPHASH=D73E39DAB3C8B57AA408073D01254964

ParentProcessGuid: {f57bd86a-876f-658c-4303-000000000f00}

ParentProcessId: 7660

ParentImage: C:\Windows\System32\wscript.exe

ParentCommandLine: wscript.exe  C:\Windows\System32\gatherNetworkInfo.vbs

ParentUser: WINDEV2309EVAL\User</Message>
      <Level>Information</Level>
      <Task>Process Create (rule: ProcessCreate)</Task>
      <Opcode>Info</Opcode>
    </RenderingInfo>
  </Event>
  
"
Microsoft-Windows-Sysmon/Operational,wevtutil  al config\WindowsFirewallConsecLogVerbose.evtx,Microsoft Corporation,WinDev2309Eval,,C:\Users\User\AppData\Local\Temp\,Windows Event Log Utility,,,,,,,1,20115,,10.0.22621.2506 (WinBuild.160101.0800),"MD5=3331F35EC34595843187CD518B9FBA48,SHA256=0FBB4B8092E8F3B4A298A133DC30E5F80D420380BACB5D3B27D0D2BCB9103230,IMPHASH=92CA71320A49850E970004A94EA5D695",C:\Windows\System32\wevtutil.exe,,Medium,0x8000000000000000,Information,{f57bd86a-36f9-658c-7bf8-020000000000},0x2f87b,"Process Create:

RuleName: -

UtcTime: 2023-12-27 20:22:21.158

ProcessGuid: {f57bd86a-877d-658c-1004-000000000f00}

ProcessId: 1336

Image: C:\Windows\System32\wevtutil.exe

FileVersion: 10.0.22621.2506 (WinBuild.160101.0800)

Description: Windows Event Log Utility

Product: Microsoft® Windows® Operating System

Company: Microsoft Corporation

OriginalFileName: wevtutil.exe

CommandLine: wevtutil  al config\WindowsFirewallConsecLogVerbose.evtx

CurrentDirectory: C:\Users\User\AppData\Local\Temp\

User: WINDEV2309EVAL\User

LogonGuid: {f57bd86a-36f9-658c-7bf8-020000000000}

LogonId: 0x2F87B

TerminalSessionId: 1

IntegrityLevel: Medium

Hashes: MD5=3331F35EC34595843187CD518B9FBA48,SHA256=0FBB4B8092E8F3B4A298A133DC30E5F80D420380BACB5D3B27D0D2BCB9103230,IMPHASH=92CA71320A49850E970004A94EA5D695

ParentProcessGuid: {f57bd86a-877d-658c-0e04-000000000f00}

ParentProcessId: 2560

ParentImage: C:\Windows\System32\cmd.exe

ParentCommandLine: ""C:\Windows\System32\cmd.exe"" /c wevtutil al config\WindowsFirewallConsecLogVerbose.evtx

ParentUser: WINDEV2309EVAL\User",Info,wevtutil.exe,"""C:\Windows\System32\cmd.exe"" /c wevtutil al config\WindowsFirewallConsecLogVerbose.evtx",C:\Windows\System32\cmd.exe,{f57bd86a-877d-658c-0e04-000000000f00},2560,WINDEV2309EVAL\User,{f57bd86a-877d-658c-1004-000000000f00},3588,1336,Microsoft® Windows® Operating System,,,,,"
      ",-,,,,,,2023-12-27T20:22:21.1597146Z,,,Process Create (rule: ProcessCreate),1,5124,WINDEV2309EVAL\User,S-1-5-18,2023-12-27 20:22:21.158,5,"<Event xmlns=""http://schemas.microsoft.com/win/2004/08/events/event"">
    <System>
      <Provider Name=""Microsoft-Windows-Sysmon"" Guid=""{5770385f-c22a-43e0-bf4c-06f5698ffbd9}""/>
      <EventID>1</EventID>
      <Version>5</Version>
      <Level>4</Level>
      <Task>1</Task>
      <Opcode>0</Opcode>
      <Keywords>0x8000000000000000</Keywords>
      <TimeCreated SystemTime=""2023-12-27T20:22:21.1597146Z""/>
      <EventRecordID>20115</EventRecordID>
      <Correlation/>
      <Execution ProcessID=""3588"" ThreadID=""5124""/>
      <Channel>Microsoft-Windows-Sysmon/Operational</Channel>
      <Computer>WinDev2309Eval</Computer>
      <Security UserID=""S-1-5-18""/>
    </System>
    <EventData>
      <Data Name=""RuleName"">-</Data>
      <Data Name=""UtcTime"">2023-12-27 20:22:21.158</Data>
      <Data Name=""ProcessGuid"">{f57bd86a-877d-658c-1004-000000000f00}</Data>
      <Data Name=""ProcessId"">1336</Data>
      <Data Name=""Image"">C:\Windows\System32\wevtutil.exe</Data>
      <Data Name=""FileVersion"">10.0.22621.2506 (WinBuild.160101.0800)</Data>
      <Data Name=""Description"">Windows Event Log Utility</Data>
      <Data Name=""Product"">Microsoft&#174; Windows&#174; Operating System</Data>
      <Data Name=""Company"">Microsoft Corporation</Data>
      <Data Name=""OriginalFileName"">wevtutil.exe</Data>
      <Data Name=""CommandLine"">wevtutil  al config\WindowsFirewallConsecLogVerbose.evtx</Data>
      <Data Name=""CurrentDirectory"">C:\Users\User\AppData\Local\Temp\</Data>
      <Data Name=""User"">WINDEV2309EVAL\User</Data>
      <Data Name=""LogonGuid"">{f57bd86a-36f9-658c-7bf8-020000000000}</Data>
      <Data Name=""LogonId"">0x2f87b</Data>
      <Data Name=""TerminalSessionId"">1</Data>
      <Data Name=""IntegrityLevel"">Medium</Data>
      <Data Name=""Hashes"">MD5=3331F35EC34595843187CD518B9FBA48,SHA256=0FBB4B8092E8F3B4A298A133DC30E5F80D420380BACB5D3B27D0D2BCB9103230,IMPHASH=92CA71320A49850E970004A94EA5D695</Data>
      <Data Name=""ParentProcessGuid"">{f57bd86a-877d-658c-0e04-000000000f00}</Data>
      <Data Name=""ParentProcessId"">2560</Data>
      <Data Name=""ParentImage"">C:\Windows\System32\cmd.exe</Data>
      <Data Name=""ParentCommandLine"">""C:\Windows\System32\cmd.exe"" /c wevtutil al config\WindowsFirewallConsecLogVerbose.evtx</Data>
      <Data Name=""ParentUser"">WINDEV2309EVAL\User</Data>
    </EventData>
    <RenderingInfo Culture=""en-US"">
      <Message>Process Create:

RuleName: -

UtcTime: 2023-12-27 20:22:21.158

ProcessGuid: {f57bd86a-877d-658c-1004-000000000f00}

ProcessId: 1336

Image: C:\Windows\System32\wevtutil.exe

FileVersion: 10.0.22621.2506 (WinBuild.160101.0800)

Description: Windows Event Log Utility

Product: Microsoft&#174; Windows&#174; Operating System

Company: Microsoft Corporation

OriginalFileName: wevtutil.exe

CommandLine: wevtutil  al config\WindowsFirewallConsecLogVerbose.evtx

CurrentDirectory: C:\Users\User\AppData\Local\Temp\

User: WINDEV2309EVAL\User

LogonGuid: {f57bd86a-36f9-658c-7bf8-020000000000}

LogonId: 0x2F87B

TerminalSessionId: 1

IntegrityLevel: Medium

Hashes: MD5=3331F35EC34595843187CD518B9FBA48,SHA256=0FBB4B8092E8F3B4A298A133DC30E5F80D420380BACB5D3B27D0D2BCB9103230,IMPHASH=92CA71320A49850E970004A94EA5D695

ParentProcessGuid: {f57bd86a-877d-658c-0e04-000000000f00}

ParentProcessId: 2560

ParentImage: C:\Windows\System32\cmd.exe

ParentCommandLine: ""C:\Windows\System32\cmd.exe"" /c wevtutil al config\WindowsFirewallConsecLogVerbose.evtx

ParentUser: WINDEV2309EVAL\User</Message>
      <Level>Information</Level>
      <Task>Process Create (rule: ProcessCreate)</Task>
      <Opcode>Info</Opcode>
    </RenderingInfo>
  </Event>
  
"
