Channel,CommandLine,Company,Computer,CreationUtcTime,CurrentDirectory,Description,DestinationHostname,DestinationIp,DestinationIsIpv6,DestinationPort,DestinationPortName,Details,EventID,EventRecordID,EventType,FileVersion,Hashes,Image,Initiated,IntegrityLevel,Keywords,Level,LogonGuid,LogonId,Message,Opcode,OriginalFileName,ParentCommandLine,ParentImage,ParentProcessGuid,ParentProcessId,ParentUser,ProcessGuid,ProcessID,ProcessId,Product,Protocol,QueryName,QueryResults,QueryStatus,RenderingInfo,RuleName,SourceHostname,SourceIp,SourceIsIpv6,SourcePort,SourcePortName,SystemTime,TargetFilename,TargetObject,Task,TerminalSessionId,ThreadID,User,UserID,UtcTime,Version,raw
Microsoft-Windows-Sysmon/Operational,reg  query HKEY_LOCAL_MACHINE\HARDWARE\DESCRIPTION\System /v VideoBiosVersion,Microsoft Corporation,WinDev2309Eval,,C:\Users\User\AppData\Local\Temp\,Registry Console Tool,,,,,,,1,20270,,10.0.22621.1 (WinBuild.160101.0800),"MD5=CDB58D0BCABE76AFC60428F364834463,SHA256=411AE446FE37B30C0727888C7FA5E88994A46DAFD41AA5B3B06C9E884549AFDE,IMPHASH=1085BD82B37A225F6D356012D2E69C3D",C:\Windows\System32\reg.exe,,Medium,0x8000000000000000,Information,{f57bd86a-36f9-658c-7bf8-020000000000},0x2f87b,"Process Create:

RuleName: -

UtcTime: 2023-12-27 20:22:57.150

ProcessGuid: {f57bd86a-87a1-658c-db04-000000000f00}

ProcessId: 10652

Image: C:\Windows\System32\reg.exe

FileVersion: 10.0.22621.1 (WinBuild.160101.0800)

Description: Registry Console Tool

Product: Microsoft® Windows® Operating System

Company: Microsoft Corporation

OriginalFileName: reg.exe

CommandLine: reg  query HKEY_LOCAL_MACHINE\HARDWARE\DESCRIPTION\System /v VideoBiosVersion

CurrentDirectory: C:\Users\User\AppData\Local\Temp\

User: WINDEV2309EVAL\User

LogonGuid: {f57bd86a-36f9-658c-7bf8-020000000000}

LogonId: 0x2F87B

TerminalSessionId: 1

IntegrityLevel: Medium

Hashes: MD5=CDB58D0BCABE76AFC60428F364834463,SHA256=411AE446FE37B30C0727888C7FA5E88994A46DAFD41AA5B3B06C9E884549AFDE,IMPHASH=1085BD82B37A225F6D356012D2E69C3D

ParentProcessGuid: {f57bd86a-87a1-658c-d804-000000000f00}

ParentProcessId: 5408

ParentImage: C:\Windows\System32\cmd.exe

ParentCommandLine: ""cmd.exe"" /c reg query HKEY_LOCAL_MACHINE\HARDWARE\DESCRIPTION\System /v SystemBiosVersion & reg query HKEY_LOCAL_MACHINE\HARDWARE\DESCRIPTION\System /v VideoBiosVersion

ParentUser: WINDEV2309EVAL\User",Info,reg.exe,"""cmd.exe"" /c reg query HKEY_LOCAL_MACHINE\HARDWARE\DESCRIPTION\System /v SystemBiosVersion & reg query HKEY_LOCAL_MACHINE\HARDWARE\DESCRIPTION\System /v VideoBiosVersion",C:\Windows\System32\cmd.exe,{f57bd86a-87a1-658c-d804-000000000f00},5408,WINDEV2309EVAL\User,{f57bd86a-87a1-658c-db04-000000000f00},3588,10652,Microsoft® Windows® Operating System,,,,,"
      ",-,,,,,,2023-12-27T20:22:57.1512452Z,,,Process Create (rule: ProcessCreate),1,5124,WINDEV2309EVAL\User,S-1-5-18,2023-12-27 20:22:57.150,5,"<Event xmlns=""http://schemas.microsoft.com/win/2004/08/events/event"">
    <System>
      <Provider Name=""Microsoft-Windows-Sysmon"" Guid=""{5770385f-c22a-43e0-bf4c-06f5698ffbd9}""/>
      <EventID>1</EventID>
      <Version>5</Version>
      <Level>4</Level>
      <Task>1</Task>
      <Opcode>0</Opcode>
      <Keywords>0x8000000000000000</Keywords>
      <TimeCreated SystemTime=""2023-12-27T20:22:57.1512452Z""/>
      <EventRecordID>20270</EventRecordID>
      <Correlation/>
      <Execution ProcessID=""3588"" ThreadID=""5124""/>
      <Channel>Microsoft-Windows-Sysmon/Operational</Channel>
      <Computer>WinDev2309Eval</Computer>
      <Security UserID=""S-1-5-18""/>
    </System>
    <EventData>
      <Data Name=""RuleName"">-</Data>
      <Data Name=""UtcTime"">2023-12-27 20:22:57.150</Data>
      <Data Name=""ProcessGuid"">{f57bd86a-87a1-658c-db04-000000000f00}</Data>
      <Data Name=""ProcessId"">10652</Data>
      <Data Name=""Image"">C:\Windows\System32\reg.exe</Data>
      <Data Name=""FileVersion"">10.0.22621.1 (WinBuild.160101.0800)</Data>
      <Data Name=""Description"">Registry Console Tool</Data>
      <Data Name=""Product"">Microsoft&#174; Windows&#174; Operating System</Data>
      <Data Name=""Company"">Microsoft Corporation</Data>
      <Data Name=""OriginalFileName"">reg.exe</Data>
      <Data Name=""CommandLine"">reg  query HKEY_LOCAL_MACHINE\HARDWARE\DESCRIPTION\System /v VideoBiosVersion</Data>
      <Data Name=""CurrentDirectory"">C:\Users\User\AppData\Local\Temp\</Data>
      <Data Name=""User"">WINDEV2309EVAL\User</Data>
      <Data Name=""LogonGuid"">{f57bd86a-36f9-658c-7bf8-020000000000}</Data>
      <Data Name=""LogonId"">0x2f87b</Data>
      <Data Name=""TerminalSessionId"">1</Data>
      <Data Name=""IntegrityLevel"">Medium</Data>
      <Data Name=""Hashes"">MD5=CDB58D0BCABE76AFC60428F364834463,SHA256=411AE446FE37B30C0727888C7FA5E88994A46DAFD41AA5B3B06C9E884549AFDE,IMPHASH=1085BD82B37A225F6D356012D2E69C3D</Data>
      <Data Name=""ParentProcessGuid"">{f57bd86a-87a1-658c-d804-000000000f00}</Data>
      <Data Name=""ParentProcessId"">5408</Data>
      <Data Name=""ParentImage"">C:\Windows\System32\cmd.exe</Data>
      <Data Name=""ParentCommandLine"">""cmd.exe"" /c reg query HKEY_LOCAL_MACHINE\HARDWARE\DESCRIPTION\System /v SystemBiosVersion &amp; reg query HKEY_LOCAL_MACHINE\HARDWARE\DESCRIPTION\System /v VideoBiosVersion</Data>
      <Data Name=""ParentUser"">WINDEV2309EVAL\User</Data>
    </EventData>
    <RenderingInfo Culture=""en-US"">
      <Message>Process Create:

RuleName: -

UtcTime: 2023-12-27 20:22:57.150

ProcessGuid: {f57bd86a-87a1-658c-db04-000000000f00}

ProcessId: 10652

Image: C:\Windows\System32\reg.exe

FileVersion: 10.0.22621.1 (WinBuild.160101.0800)

Description: Registry Console Tool

Product: Microsoft&#174; Windows&#174; Operating System

Company: Microsoft Corporation

OriginalFileName: reg.exe

CommandLine: reg  query HKEY_LOCAL_MACHINE\HARDWARE\DESCRIPTION\System /v VideoBiosVersion

CurrentDirectory: C:\Users\User\AppData\Local\Temp\

User: WINDEV2309EVAL\User

LogonGuid: {f57bd86a-36f9-658c-7bf8-020000000000}

LogonId: 0x2F87B

TerminalSessionId: 1

IntegrityLevel: Medium

Hashes: MD5=CDB58D0BCABE76AFC60428F364834463,SHA256=411AE446FE37B30C0727888C7FA5E88994A46DAFD41AA5B3B06C9E884549AFDE,IMPHASH=1085BD82B37A225F6D356012D2E69C3D

ParentProcessGuid: {f57bd86a-87a1-658c-d804-000000000f00}

ParentProcessId: 5408

ParentImage: C:\Windows\System32\cmd.exe

ParentCommandLine: ""cmd.exe"" /c reg query HKEY_LOCAL_MACHINE\HARDWARE\DESCRIPTION\System /v SystemBiosVersion &amp; reg query HKEY_LOCAL_MACHINE\HARDWARE\DESCRIPTION\System /v VideoBiosVersion

ParentUser: WINDEV2309EVAL\User</Message>
      <Level>Information</Level>
      <Task>Process Create (rule: ProcessCreate)</Task>
      <Opcode>Info</Opcode>
    </RenderingInfo>
  </Event>
  
"
Microsoft-Windows-Sysmon/Operational,reg  query HKEY_LOCAL_MACHINE\HARDWARE\DESCRIPTION\System /v SystemBiosVersion ,Microsoft Corporation,WinDev2309Eval,,C:\Users\User\AppData\Local\Temp\,Registry Console Tool,,,,,,,1,20269,,10.0.22621.1 (WinBuild.160101.0800),"MD5=CDB58D0BCABE76AFC60428F364834463,SHA256=411AE446FE37B30C0727888C7FA5E88994A46DAFD41AA5B3B06C9E884549AFDE,IMPHASH=1085BD82B37A225F6D356012D2E69C3D",C:\Windows\System32\reg.exe,,Medium,0x8000000000000000,Information,{f57bd86a-36f9-658c-7bf8-020000000000},0x2f87b,"Process Create:

RuleName: -

UtcTime: 2023-12-27 20:22:57.138

ProcessGuid: {f57bd86a-87a1-658c-da04-000000000f00}

ProcessId: 224

Image: C:\Windows\System32\reg.exe

FileVersion: 10.0.22621.1 (WinBuild.160101.0800)

Description: Registry Console Tool

Product: Microsoft® Windows® Operating System

Company: Microsoft Corporation

OriginalFileName: reg.exe

CommandLine: reg  query HKEY_LOCAL_MACHINE\HARDWARE\DESCRIPTION\System /v SystemBiosVersion 

CurrentDirectory: C:\Users\User\AppData\Local\Temp\

User: WINDEV2309EVAL\User

LogonGuid: {f57bd86a-36f9-658c-7bf8-020000000000}

LogonId: 0x2F87B

TerminalSessionId: 1

IntegrityLevel: Medium

Hashes: MD5=CDB58D0BCABE76AFC60428F364834463,SHA256=411AE446FE37B30C0727888C7FA5E88994A46DAFD41AA5B3B06C9E884549AFDE,IMPHASH=1085BD82B37A225F6D356012D2E69C3D

ParentProcessGuid: {f57bd86a-87a1-658c-d804-000000000f00}

ParentProcessId: 5408

ParentImage: C:\Windows\System32\cmd.exe

ParentCommandLine: ""cmd.exe"" /c reg query HKEY_LOCAL_MACHINE\HARDWARE\DESCRIPTION\System /v SystemBiosVersion & reg query HKEY_LOCAL_MACHINE\HARDWARE\DESCRIPTION\System /v VideoBiosVersion

ParentUser: WINDEV2309EVAL\User",Info,reg.exe,"""cmd.exe"" /c reg query HKEY_LOCAL_MACHINE\HARDWARE\DESCRIPTION\System /v SystemBiosVersion & reg query HKEY_LOCAL_MACHINE\HARDWARE\DESCRIPTION\System /v VideoBiosVersion",C:\Windows\System32\cmd.exe,{f57bd86a-87a1-658c-d804-000000000f00},5408,WINDEV2309EVAL\User,{f57bd86a-87a1-658c-da04-000000000f00},3588,224,Microsoft® Windows® Operating System,,,,,"
      ",-,,,,,,2023-12-27T20:22:57.1389288Z,,,Process Create (rule: ProcessCreate),1,5124,WINDEV2309EVAL\User,S-1-5-18,2023-12-27 20:22:57.138,5,"<Event xmlns=""http://schemas.microsoft.com/win/2004/08/events/event"">
    <System>
      <Provider Name=""Microsoft-Windows-Sysmon"" Guid=""{5770385f-c22a-43e0-bf4c-06f5698ffbd9}""/>
      <EventID>1</EventID>
      <Version>5</Version>
      <Level>4</Level>
      <Task>1</Task>
      <Opcode>0</Opcode>
      <Keywords>0x8000000000000000</Keywords>
      <TimeCreated SystemTime=""2023-12-27T20:22:57.1389288Z""/>
      <EventRecordID>20269</EventRecordID>
      <Correlation/>
      <Execution ProcessID=""3588"" ThreadID=""5124""/>
      <Channel>Microsoft-Windows-Sysmon/Operational</Channel>
      <Computer>WinDev2309Eval</Computer>
      <Security UserID=""S-1-5-18""/>
    </System>
    <EventData>
      <Data Name=""RuleName"">-</Data>
      <Data Name=""UtcTime"">2023-12-27 20:22:57.138</Data>
      <Data Name=""ProcessGuid"">{f57bd86a-87a1-658c-da04-000000000f00}</Data>
      <Data Name=""ProcessId"">224</Data>
      <Data Name=""Image"">C:\Windows\System32\reg.exe</Data>
      <Data Name=""FileVersion"">10.0.22621.1 (WinBuild.160101.0800)</Data>
      <Data Name=""Description"">Registry Console Tool</Data>
      <Data Name=""Product"">Microsoft&#174; Windows&#174; Operating System</Data>
      <Data Name=""Company"">Microsoft Corporation</Data>
      <Data Name=""OriginalFileName"">reg.exe</Data>
      <Data Name=""CommandLine"">reg  query HKEY_LOCAL_MACHINE\HARDWARE\DESCRIPTION\System /v SystemBiosVersion </Data>
      <Data Name=""CurrentDirectory"">C:\Users\User\AppData\Local\Temp\</Data>
      <Data Name=""User"">WINDEV2309EVAL\User</Data>
      <Data Name=""LogonGuid"">{f57bd86a-36f9-658c-7bf8-020000000000}</Data>
      <Data Name=""LogonId"">0x2f87b</Data>
      <Data Name=""TerminalSessionId"">1</Data>
      <Data Name=""IntegrityLevel"">Medium</Data>
      <Data Name=""Hashes"">MD5=CDB58D0BCABE76AFC60428F364834463,SHA256=411AE446FE37B30C0727888C7FA5E88994A46DAFD41AA5B3B06C9E884549AFDE,IMPHASH=1085BD82B37A225F6D356012D2E69C3D</Data>
      <Data Name=""ParentProcessGuid"">{f57bd86a-87a1-658c-d804-000000000f00}</Data>
      <Data Name=""ParentProcessId"">5408</Data>
      <Data Name=""ParentImage"">C:\Windows\System32\cmd.exe</Data>
      <Data Name=""ParentCommandLine"">""cmd.exe"" /c reg query HKEY_LOCAL_MACHINE\HARDWARE\DESCRIPTION\System /v SystemBiosVersion &amp; reg query HKEY_LOCAL_MACHINE\HARDWARE\DESCRIPTION\System /v VideoBiosVersion</Data>
      <Data Name=""ParentUser"">WINDEV2309EVAL\User</Data>
    </EventData>
    <RenderingInfo Culture=""en-US"">
      <Message>Process Create:

RuleName: -

UtcTime: 2023-12-27 20:22:57.138

ProcessGuid: {f57bd86a-87a1-658c-da04-000000000f00}

ProcessId: 224

Image: C:\Windows\System32\reg.exe

FileVersion: 10.0.22621.1 (WinBuild.160101.0800)

Description: Registry Console Tool

Product: Microsoft&#174; Windows&#174; Operating System

Company: Microsoft Corporation

OriginalFileName: reg.exe

CommandLine: reg  query HKEY_LOCAL_MACHINE\HARDWARE\DESCRIPTION\System /v SystemBiosVersion 

CurrentDirectory: C:\Users\User\AppData\Local\Temp\

User: WINDEV2309EVAL\User

LogonGuid: {f57bd86a-36f9-658c-7bf8-020000000000}

LogonId: 0x2F87B

TerminalSessionId: 1

IntegrityLevel: Medium

Hashes: MD5=CDB58D0BCABE76AFC60428F364834463,SHA256=411AE446FE37B30C0727888C7FA5E88994A46DAFD41AA5B3B06C9E884549AFDE,IMPHASH=1085BD82B37A225F6D356012D2E69C3D

ParentProcessGuid: {f57bd86a-87a1-658c-d804-000000000f00}

ParentProcessId: 5408

ParentImage: C:\Windows\System32\cmd.exe

ParentCommandLine: ""cmd.exe"" /c reg query HKEY_LOCAL_MACHINE\HARDWARE\DESCRIPTION\System /v SystemBiosVersion &amp; reg query HKEY_LOCAL_MACHINE\HARDWARE\DESCRIPTION\System /v VideoBiosVersion

ParentUser: WINDEV2309EVAL\User</Message>
      <Level>Information</Level>
      <Task>Process Create (rule: ProcessCreate)</Task>
      <Opcode>Info</Opcode>
    </RenderingInfo>
  </Event>
  
"
Microsoft-Windows-Sysmon/Operational,"""cmd.exe"" /c reg query HKEY_LOCAL_MACHINE\HARDWARE\DESCRIPTION\System /v SystemBiosVersion & reg query HKEY_LOCAL_MACHINE\HARDWARE\DESCRIPTION\System /v VideoBiosVersion",Microsoft Corporation,WinDev2309Eval,,C:\Users\User\AppData\Local\Temp\,Windows Command Processor,,,,,,,1,20268,,10.0.22621.2506 (WinBuild.160101.0800),"MD5=133D568ECCB557E37BEA1459521CBAC2,SHA256=05A30592D2C3421C41121145C6EEFA7C81FEA6B42D6233A522240A8468326B9C,IMPHASH=D73E39DAB3C8B57AA408073D01254964",C:\Windows\System32\cmd.exe,,Medium,0x8000000000000000,Information,{f57bd86a-36f9-658c-7bf8-020000000000},0x2f87b,"Process Create:

RuleName: -

UtcTime: 2023-12-27 20:22:57.113

ProcessGuid: {f57bd86a-87a1-658c-d804-000000000f00}

ProcessId: 5408

Image: C:\Windows\System32\cmd.exe

FileVersion: 10.0.22621.2506 (WinBuild.160101.0800)

Description: Windows Command Processor

Product: Microsoft® Windows® Operating System

Company: Microsoft Corporation

OriginalFileName: Cmd.Exe

CommandLine: ""cmd.exe"" /c reg query HKEY_LOCAL_MACHINE\HARDWARE\DESCRIPTION\System /v SystemBiosVersion & reg query HKEY_LOCAL_MACHINE\HARDWARE\DESCRIPTION\System /v VideoBiosVersion

CurrentDirectory: C:\Users\User\AppData\Local\Temp\

User: WINDEV2309EVAL\User

LogonGuid: {f57bd86a-36f9-658c-7bf8-020000000000}

LogonId: 0x2F87B

TerminalSessionId: 1

IntegrityLevel: Medium

Hashes: MD5=133D568ECCB557E37BEA1459521CBAC2,SHA256=05A30592D2C3421C41121145C6EEFA7C81FEA6B42D6233A522240A8468326B9C,IMPHASH=D73E39DAB3C8B57AA408073D01254964

ParentProcessGuid: {00000000-0000-0000-0000-000000000000}

ParentProcessId: 1688

ParentImage: -

ParentCommandLine: -

ParentUser: -",Info,Cmd.Exe,-,-,{00000000-0000-0000-0000-000000000000},1688,-,{f57bd86a-87a1-658c-d804-000000000f00},3588,5408,Microsoft® Windows® Operating System,,,,,"
      ",-,,,,,,2023-12-27T20:22:57.1147112Z,,,Process Create (rule: ProcessCreate),1,5124,WINDEV2309EVAL\User,S-1-5-18,2023-12-27 20:22:57.113,5,"<Event xmlns=""http://schemas.microsoft.com/win/2004/08/events/event"">
    <System>
      <Provider Name=""Microsoft-Windows-Sysmon"" Guid=""{5770385f-c22a-43e0-bf4c-06f5698ffbd9}""/>
      <EventID>1</EventID>
      <Version>5</Version>
      <Level>4</Level>
      <Task>1</Task>
      <Opcode>0</Opcode>
      <Keywords>0x8000000000000000</Keywords>
      <TimeCreated SystemTime=""2023-12-27T20:22:57.1147112Z""/>
      <EventRecordID>20268</EventRecordID>
      <Correlation/>
      <Execution ProcessID=""3588"" ThreadID=""5124""/>
      <Channel>Microsoft-Windows-Sysmon/Operational</Channel>
      <Computer>WinDev2309Eval</Computer>
      <Security UserID=""S-1-5-18""/>
    </System>
    <EventData>
      <Data Name=""RuleName"">-</Data>
      <Data Name=""UtcTime"">2023-12-27 20:22:57.113</Data>
      <Data Name=""ProcessGuid"">{f57bd86a-87a1-658c-d804-000000000f00}</Data>
      <Data Name=""ProcessId"">5408</Data>
      <Data Name=""Image"">C:\Windows\System32\cmd.exe</Data>
      <Data Name=""FileVersion"">10.0.22621.2506 (WinBuild.160101.0800)</Data>
      <Data Name=""Description"">Windows Command Processor</Data>
      <Data Name=""Product"">Microsoft&#174; Windows&#174; Operating System</Data>
      <Data Name=""Company"">Microsoft Corporation</Data>
      <Data Name=""OriginalFileName"">Cmd.Exe</Data>
      <Data Name=""CommandLine"">""cmd.exe"" /c reg query HKEY_LOCAL_MACHINE\HARDWARE\DESCRIPTION\System /v SystemBiosVersion &amp; reg query HKEY_LOCAL_MACHINE\HARDWARE\DESCRIPTION\System /v VideoBiosVersion</Data>
      <Data Name=""CurrentDirectory"">C:\Users\User\AppData\Local\Temp\</Data>
      <Data Name=""User"">WINDEV2309EVAL\User</Data>
      <Data Name=""LogonGuid"">{f57bd86a-36f9-658c-7bf8-020000000000}</Data>
      <Data Name=""LogonId"">0x2f87b</Data>
      <Data Name=""TerminalSessionId"">1</Data>
      <Data Name=""IntegrityLevel"">Medium</Data>
      <Data Name=""Hashes"">MD5=133D568ECCB557E37BEA1459521CBAC2,SHA256=05A30592D2C3421C41121145C6EEFA7C81FEA6B42D6233A522240A8468326B9C,IMPHASH=D73E39DAB3C8B57AA408073D01254964</Data>
      <Data Name=""ParentProcessGuid"">{00000000-0000-0000-0000-000000000000}</Data>
      <Data Name=""ParentProcessId"">1688</Data>
      <Data Name=""ParentImage"">-</Data>
      <Data Name=""ParentCommandLine"">-</Data>
      <Data Name=""ParentUser"">-</Data>
    </EventData>
    <RenderingInfo Culture=""en-US"">
      <Message>Process Create:

RuleName: -

UtcTime: 2023-12-27 20:22:57.113

ProcessGuid: {f57bd86a-87a1-658c-d804-000000000f00}

ProcessId: 5408

Image: C:\Windows\System32\cmd.exe

FileVersion: 10.0.22621.2506 (WinBuild.160101.0800)

Description: Windows Command Processor

Product: Microsoft&#174; Windows&#174; Operating System

Company: Microsoft Corporation

OriginalFileName: Cmd.Exe

CommandLine: ""cmd.exe"" /c reg query HKEY_LOCAL_MACHINE\HARDWARE\DESCRIPTION\System /v SystemBiosVersion &amp; reg query HKEY_LOCAL_MACHINE\HARDWARE\DESCRIPTION\System /v VideoBiosVersion

CurrentDirectory: C:\Users\User\AppData\Local\Temp\

User: WINDEV2309EVAL\User

LogonGuid: {f57bd86a-36f9-658c-7bf8-020000000000}

LogonId: 0x2F87B

TerminalSessionId: 1

IntegrityLevel: Medium

Hashes: MD5=133D568ECCB557E37BEA1459521CBAC2,SHA256=05A30592D2C3421C41121145C6EEFA7C81FEA6B42D6233A522240A8468326B9C,IMPHASH=D73E39DAB3C8B57AA408073D01254964

ParentProcessGuid: {00000000-0000-0000-0000-000000000000}

ParentProcessId: 1688

ParentImage: -

ParentCommandLine: -

ParentUser: -</Message>
      <Level>Information</Level>
      <Task>Process Create (rule: ProcessCreate)</Task>
      <Opcode>Info</Opcode>
    </RenderingInfo>
  </Event>
  
"
Microsoft-Windows-Sysmon/Operational,"reg  query ""HKEY_CURRENT_USER\Control Panel\International\Geo""",Microsoft Corporation,WinDev2309Eval,,C:\Users\User\AppData\Local\Temp\,Registry Console Tool,,,,,,,1,20267,,10.0.22621.1 (WinBuild.160101.0800),"MD5=CDB58D0BCABE76AFC60428F364834463,SHA256=411AE446FE37B30C0727888C7FA5E88994A46DAFD41AA5B3B06C9E884549AFDE,IMPHASH=1085BD82B37A225F6D356012D2E69C3D",C:\Windows\System32\reg.exe,,Medium,0x8000000000000000,Information,{f57bd86a-36f9-658c-7bf8-020000000000},0x2f87b,"Process Create:

RuleName: -

UtcTime: 2023-12-27 20:22:56.901

ProcessGuid: {f57bd86a-87a0-658c-d704-000000000f00}

ProcessId: 2060

Image: C:\Windows\System32\reg.exe

FileVersion: 10.0.22621.1 (WinBuild.160101.0800)

Description: Registry Console Tool

Product: Microsoft® Windows® Operating System

Company: Microsoft Corporation

OriginalFileName: reg.exe

CommandLine: reg  query ""HKEY_CURRENT_USER\Control Panel\International\Geo""

CurrentDirectory: C:\Users\User\AppData\Local\Temp\

User: WINDEV2309EVAL\User

LogonGuid: {f57bd86a-36f9-658c-7bf8-020000000000}

LogonId: 0x2F87B

TerminalSessionId: 1

IntegrityLevel: Medium

Hashes: MD5=CDB58D0BCABE76AFC60428F364834463,SHA256=411AE446FE37B30C0727888C7FA5E88994A46DAFD41AA5B3B06C9E884549AFDE,IMPHASH=1085BD82B37A225F6D356012D2E69C3D

ParentProcessGuid: {f57bd86a-87a0-658c-d504-000000000f00}

ParentProcessId: 1216

ParentImage: C:\Windows\System32\cmd.exe

ParentCommandLine: ""cmd.exe"" /c reg query ""HKEY_CURRENT_USER\Control Panel\International\Geo""

ParentUser: WINDEV2309EVAL\User",Info,reg.exe,"""cmd.exe"" /c reg query ""HKEY_CURRENT_USER\Control Panel\International\Geo""",C:\Windows\System32\cmd.exe,{f57bd86a-87a0-658c-d504-000000000f00},1216,WINDEV2309EVAL\User,{f57bd86a-87a0-658c-d704-000000000f00},3588,2060,Microsoft® Windows® Operating System,,,,,"
      ",-,,,,,,2023-12-27T20:22:56.9021611Z,,,Process Create (rule: ProcessCreate),1,5124,WINDEV2309EVAL\User,S-1-5-18,2023-12-27 20:22:56.901,5,"<Event xmlns=""http://schemas.microsoft.com/win/2004/08/events/event"">
    <System>
      <Provider Name=""Microsoft-Windows-Sysmon"" Guid=""{5770385f-c22a-43e0-bf4c-06f5698ffbd9}""/>
      <EventID>1</EventID>
      <Version>5</Version>
      <Level>4</Level>
      <Task>1</Task>
      <Opcode>0</Opcode>
      <Keywords>0x8000000000000000</Keywords>
      <TimeCreated SystemTime=""2023-12-27T20:22:56.9021611Z""/>
      <EventRecordID>20267</EventRecordID>
      <Correlation/>
      <Execution ProcessID=""3588"" ThreadID=""5124""/>
      <Channel>Microsoft-Windows-Sysmon/Operational</Channel>
      <Computer>WinDev2309Eval</Computer>
      <Security UserID=""S-1-5-18""/>
    </System>
    <EventData>
      <Data Name=""RuleName"">-</Data>
      <Data Name=""UtcTime"">2023-12-27 20:22:56.901</Data>
      <Data Name=""ProcessGuid"">{f57bd86a-87a0-658c-d704-000000000f00}</Data>
      <Data Name=""ProcessId"">2060</Data>
      <Data Name=""Image"">C:\Windows\System32\reg.exe</Data>
      <Data Name=""FileVersion"">10.0.22621.1 (WinBuild.160101.0800)</Data>
      <Data Name=""Description"">Registry Console Tool</Data>
      <Data Name=""Product"">Microsoft&#174; Windows&#174; Operating System</Data>
      <Data Name=""Company"">Microsoft Corporation</Data>
      <Data Name=""OriginalFileName"">reg.exe</Data>
      <Data Name=""CommandLine"">reg  query ""HKEY_CURRENT_USER\Control Panel\International\Geo""</Data>
      <Data Name=""CurrentDirectory"">C:\Users\User\AppData\Local\Temp\</Data>
      <Data Name=""User"">WINDEV2309EVAL\User</Data>
      <Data Name=""LogonGuid"">{f57bd86a-36f9-658c-7bf8-020000000000}</Data>
      <Data Name=""LogonId"">0x2f87b</Data>
      <Data Name=""TerminalSessionId"">1</Data>
      <Data Name=""IntegrityLevel"">Medium</Data>
      <Data Name=""Hashes"">MD5=CDB58D0BCABE76AFC60428F364834463,SHA256=411AE446FE37B30C0727888C7FA5E88994A46DAFD41AA5B3B06C9E884549AFDE,IMPHASH=1085BD82B37A225F6D356012D2E69C3D</Data>
      <Data Name=""ParentProcessGuid"">{f57bd86a-87a0-658c-d504-000000000f00}</Data>
      <Data Name=""ParentProcessId"">1216</Data>
      <Data Name=""ParentImage"">C:\Windows\System32\cmd.exe</Data>
      <Data Name=""ParentCommandLine"">""cmd.exe"" /c reg query ""HKEY_CURRENT_USER\Control Panel\International\Geo""</Data>
      <Data Name=""ParentUser"">WINDEV2309EVAL\User</Data>
    </EventData>
    <RenderingInfo Culture=""en-US"">
      <Message>Process Create:

RuleName: -

UtcTime: 2023-12-27 20:22:56.901

ProcessGuid: {f57bd86a-87a0-658c-d704-000000000f00}

ProcessId: 2060

Image: C:\Windows\System32\reg.exe

FileVersion: 10.0.22621.1 (WinBuild.160101.0800)

Description: Registry Console Tool

Product: Microsoft&#174; Windows&#174; Operating System

Company: Microsoft Corporation

OriginalFileName: reg.exe

CommandLine: reg  query ""HKEY_CURRENT_USER\Control Panel\International\Geo""

CurrentDirectory: C:\Users\User\AppData\Local\Temp\

User: WINDEV2309EVAL\User

LogonGuid: {f57bd86a-36f9-658c-7bf8-020000000000}

LogonId: 0x2F87B

TerminalSessionId: 1

IntegrityLevel: Medium

Hashes: MD5=CDB58D0BCABE76AFC60428F364834463,SHA256=411AE446FE37B30C0727888C7FA5E88994A46DAFD41AA5B3B06C9E884549AFDE,IMPHASH=1085BD82B37A225F6D356012D2E69C3D

ParentProcessGuid: {f57bd86a-87a0-658c-d504-000000000f00}

ParentProcessId: 1216

ParentImage: C:\Windows\System32\cmd.exe

ParentCommandLine: ""cmd.exe"" /c reg query ""HKEY_CURRENT_USER\Control Panel\International\Geo""

ParentUser: WINDEV2309EVAL\User</Message>
      <Level>Information</Level>
      <Task>Process Create (rule: ProcessCreate)</Task>
      <Opcode>Info</Opcode>
    </RenderingInfo>
  </Event>
  
"
Microsoft-Windows-Sysmon/Operational,"""cmd.exe"" /c reg query ""HKEY_CURRENT_USER\Control Panel\International\Geo""",Microsoft Corporation,WinDev2309Eval,,C:\Users\User\AppData\Local\Temp\,Windows Command Processor,,,,,,,1,20266,,10.0.22621.2506 (WinBuild.160101.0800),"MD5=133D568ECCB557E37BEA1459521CBAC2,SHA256=05A30592D2C3421C41121145C6EEFA7C81FEA6B42D6233A522240A8468326B9C,IMPHASH=D73E39DAB3C8B57AA408073D01254964",C:\Windows\System32\cmd.exe,,Medium,0x8000000000000000,Information,{f57bd86a-36f9-658c-7bf8-020000000000},0x2f87b,"Process Create:

RuleName: -

UtcTime: 2023-12-27 20:22:56.876

ProcessGuid: {f57bd86a-87a0-658c-d504-000000000f00}

ProcessId: 1216

Image: C:\Windows\System32\cmd.exe

FileVersion: 10.0.22621.2506 (WinBuild.160101.0800)

Description: Windows Command Processor

Product: Microsoft® Windows® Operating System

Company: Microsoft Corporation

OriginalFileName: Cmd.Exe

CommandLine: ""cmd.exe"" /c reg query ""HKEY_CURRENT_USER\Control Panel\International\Geo""

CurrentDirectory: C:\Users\User\AppData\Local\Temp\

User: WINDEV2309EVAL\User

LogonGuid: {f57bd86a-36f9-658c-7bf8-020000000000}

LogonId: 0x2F87B

TerminalSessionId: 1

IntegrityLevel: Medium

Hashes: MD5=133D568ECCB557E37BEA1459521CBAC2,SHA256=05A30592D2C3421C41121145C6EEFA7C81FEA6B42D6233A522240A8468326B9C,IMPHASH=D73E39DAB3C8B57AA408073D01254964

ParentProcessGuid: {00000000-0000-0000-0000-000000000000}

ParentProcessId: 1688

ParentImage: -

ParentCommandLine: -

ParentUser: -",Info,Cmd.Exe,-,-,{00000000-0000-0000-0000-000000000000},1688,-,{f57bd86a-87a0-658c-d504-000000000f00},3588,1216,Microsoft® Windows® Operating System,,,,,"
      ",-,,,,,,2023-12-27T20:22:56.8776819Z,,,Process Create (rule: ProcessCreate),1,5124,WINDEV2309EVAL\User,S-1-5-18,2023-12-27 20:22:56.876,5,"<Event xmlns=""http://schemas.microsoft.com/win/2004/08/events/event"">
    <System>
      <Provider Name=""Microsoft-Windows-Sysmon"" Guid=""{5770385f-c22a-43e0-bf4c-06f5698ffbd9}""/>
      <EventID>1</EventID>
      <Version>5</Version>
      <Level>4</Level>
      <Task>1</Task>
      <Opcode>0</Opcode>
      <Keywords>0x8000000000000000</Keywords>
      <TimeCreated SystemTime=""2023-12-27T20:22:56.8776819Z""/>
      <EventRecordID>20266</EventRecordID>
      <Correlation/>
      <Execution ProcessID=""3588"" ThreadID=""5124""/>
      <Channel>Microsoft-Windows-Sysmon/Operational</Channel>
      <Computer>WinDev2309Eval</Computer>
      <Security UserID=""S-1-5-18""/>
    </System>
    <EventData>
      <Data Name=""RuleName"">-</Data>
      <Data Name=""UtcTime"">2023-12-27 20:22:56.876</Data>
      <Data Name=""ProcessGuid"">{f57bd86a-87a0-658c-d504-000000000f00}</Data>
      <Data Name=""ProcessId"">1216</Data>
      <Data Name=""Image"">C:\Windows\System32\cmd.exe</Data>
      <Data Name=""FileVersion"">10.0.22621.2506 (WinBuild.160101.0800)</Data>
      <Data Name=""Description"">Windows Command Processor</Data>
      <Data Name=""Product"">Microsoft&#174; Windows&#174; Operating System</Data>
      <Data Name=""Company"">Microsoft Corporation</Data>
      <Data Name=""OriginalFileName"">Cmd.Exe</Data>
      <Data Name=""CommandLine"">""cmd.exe"" /c reg query ""HKEY_CURRENT_USER\Control Panel\International\Geo""</Data>
      <Data Name=""CurrentDirectory"">C:\Users\User\AppData\Local\Temp\</Data>
      <Data Name=""User"">WINDEV2309EVAL\User</Data>
      <Data Name=""LogonGuid"">{f57bd86a-36f9-658c-7bf8-020000000000}</Data>
      <Data Name=""LogonId"">0x2f87b</Data>
      <Data Name=""TerminalSessionId"">1</Data>
      <Data Name=""IntegrityLevel"">Medium</Data>
      <Data Name=""Hashes"">MD5=133D568ECCB557E37BEA1459521CBAC2,SHA256=05A30592D2C3421C41121145C6EEFA7C81FEA6B42D6233A522240A8468326B9C,IMPHASH=D73E39DAB3C8B57AA408073D01254964</Data>
      <Data Name=""ParentProcessGuid"">{00000000-0000-0000-0000-000000000000}</Data>
      <Data Name=""ParentProcessId"">1688</Data>
      <Data Name=""ParentImage"">-</Data>
      <Data Name=""ParentCommandLine"">-</Data>
      <Data Name=""ParentUser"">-</Data>
    </EventData>
    <RenderingInfo Culture=""en-US"">
      <Message>Process Create:

RuleName: -

UtcTime: 2023-12-27 20:22:56.876

ProcessGuid: {f57bd86a-87a0-658c-d504-000000000f00}

ProcessId: 1216

Image: C:\Windows\System32\cmd.exe

FileVersion: 10.0.22621.2506 (WinBuild.160101.0800)

Description: Windows Command Processor

Product: Microsoft&#174; Windows&#174; Operating System

Company: Microsoft Corporation

OriginalFileName: Cmd.Exe

CommandLine: ""cmd.exe"" /c reg query ""HKEY_CURRENT_USER\Control Panel\International\Geo""

CurrentDirectory: C:\Users\User\AppData\Local\Temp\

User: WINDEV2309EVAL\User

LogonGuid: {f57bd86a-36f9-658c-7bf8-020000000000}

LogonId: 0x2F87B

TerminalSessionId: 1

IntegrityLevel: Medium

Hashes: MD5=133D568ECCB557E37BEA1459521CBAC2,SHA256=05A30592D2C3421C41121145C6EEFA7C81FEA6B42D6233A522240A8468326B9C,IMPHASH=D73E39DAB3C8B57AA408073D01254964

ParentProcessGuid: {00000000-0000-0000-0000-000000000000}

ParentProcessId: 1688

ParentImage: -

ParentCommandLine: -

ParentUser: -</Message>
      <Level>Information</Level>
      <Task>Process Create (rule: ProcessCreate)</Task>
      <Opcode>Info</Opcode>
    </RenderingInfo>
  </Event>
  
"
Microsoft-Windows-Sysmon/Operational,,,WinDev2309Eval,,,,-,13.107.21.200,false,80,http,,3,20265,,,,C:\Windows\System32\WindowsPowerShell\v1.0\powershell.exe,true,,0x8000000000000000,Information,,,"Network connection detected:

RuleName: -

UtcTime: 2023-12-27 15:02:30.532

ProcessGuid: {f57bd86a-8790-658c-cf04-000000000f00}

ProcessId: 11024

Image: C:\Windows\System32\WindowsPowerShell\v1.0\powershell.exe

User: WINDEV2309EVAL\User

Protocol: tcp

Initiated: true

SourceIsIpv6: false

SourceIp: 192.168.126.163

SourceHostname: WinDev2309Eval.localdomain

SourcePort: 50112

SourcePortName: -

DestinationIsIpv6: false

DestinationIp: 13.107.21.200

DestinationHostname: -

DestinationPort: 80

DestinationPortName: http",Info,,,,,,,{f57bd86a-8790-658c-cf04-000000000f00},3588,11024,,tcp,,,,"
      ",-,WinDev2309Eval.localdomain,192.168.126.163,false,50112,-,2023-12-27T20:22:50.6041037Z,,,Network connection detected (rule: NetworkConnect),,5136,WINDEV2309EVAL\User,S-1-5-18,2023-12-27 15:02:30.532,5,"<Event xmlns=""http://schemas.microsoft.com/win/2004/08/events/event"">
    <System>
      <Provider Name=""Microsoft-Windows-Sysmon"" Guid=""{5770385f-c22a-43e0-bf4c-06f5698ffbd9}""/>
      <EventID>3</EventID>
      <Version>5</Version>
      <Level>4</Level>
      <Task>3</Task>
      <Opcode>0</Opcode>
      <Keywords>0x8000000000000000</Keywords>
      <TimeCreated SystemTime=""2023-12-27T20:22:50.6041037Z""/>
      <EventRecordID>20265</EventRecordID>
      <Correlation/>
      <Execution ProcessID=""3588"" ThreadID=""5136""/>
      <Channel>Microsoft-Windows-Sysmon/Operational</Channel>
      <Computer>WinDev2309Eval</Computer>
      <Security UserID=""S-1-5-18""/>
    </System>
    <EventData>
      <Data Name=""RuleName"">-</Data>
      <Data Name=""UtcTime"">2023-12-27 15:02:30.532</Data>
      <Data Name=""ProcessGuid"">{f57bd86a-8790-658c-cf04-000000000f00}</Data>
      <Data Name=""ProcessId"">11024</Data>
      <Data Name=""Image"">C:\Windows\System32\WindowsPowerShell\v1.0\powershell.exe</Data>
      <Data Name=""User"">WINDEV2309EVAL\User</Data>
      <Data Name=""Protocol"">tcp</Data>
      <Data Name=""Initiated"">true</Data>
      <Data Name=""SourceIsIpv6"">false</Data>
      <Data Name=""SourceIp"">192.168.126.163</Data>
      <Data Name=""SourceHostname"">WinDev2309Eval.localdomain</Data>
      <Data Name=""SourcePort"">50112</Data>
      <Data Name=""SourcePortName"">-</Data>
      <Data Name=""DestinationIsIpv6"">false</Data>
      <Data Name=""DestinationIp"">13.107.21.200</Data>
      <Data Name=""DestinationHostname"">-</Data>
      <Data Name=""DestinationPort"">80</Data>
      <Data Name=""DestinationPortName"">http</Data>
    </EventData>
    <RenderingInfo Culture=""en-US"">
      <Message>Network connection detected:

RuleName: -

UtcTime: 2023-12-27 15:02:30.532

ProcessGuid: {f57bd86a-8790-658c-cf04-000000000f00}

ProcessId: 11024

Image: C:\Windows\System32\WindowsPowerShell\v1.0\powershell.exe

User: WINDEV2309EVAL\User

Protocol: tcp

Initiated: true

SourceIsIpv6: false

SourceIp: 192.168.126.163

SourceHostname: WinDev2309Eval.localdomain

SourcePort: 50112

SourcePortName: -

DestinationIsIpv6: false

DestinationIp: 13.107.21.200

DestinationHostname: -

DestinationPort: 80

DestinationPortName: http</Message>
      <Level>Information</Level>
      <Task>Network connection detected (rule: NetworkConnect)</Task>
      <Opcode>Info</Opcode>
    </RenderingInfo>
  </Event>
  
"
Microsoft-Windows-Sysmon/Operational,,,WinDev2309Eval,,,,,,,,,,22,20264,,,,C:\Windows\System32\WindowsPowerShell\v1.0\powershell.exe,,,0x8000000000000000,Information,,,"Dns query:

RuleName: -

UtcTime: 2023-12-27 15:02:30.638

ProcessGuid: {f57bd86a-8790-658c-cf04-000000000f00}

ProcessId: 11024

QueryName: bing.com

QueryStatus: 0

QueryResults: 2620:1ec:c11::200;::ffff:13.107.21.200;::ffff:204.79.197.200;

Image: C:\Windows\System32\WindowsPowerShell\v1.0\powershell.exe

User: WINDEV2309EVAL\User",Info,,,,,,,{f57bd86a-8790-658c-cf04-000000000f00},3588,11024,,,bing.com,2620:1ec:c11::200;::ffff:13.107.21.200;::ffff:204.79.197.200;,0,"
      ",-,,,,,,2023-12-27T20:22:50.5422672Z,,,Dns query (rule: DnsQuery),,5164,WINDEV2309EVAL\User,S-1-5-18,2023-12-27 15:02:30.638,5,"<Event xmlns=""http://schemas.microsoft.com/win/2004/08/events/event"">
    <System>
      <Provider Name=""Microsoft-Windows-Sysmon"" Guid=""{5770385f-c22a-43e0-bf4c-06f5698ffbd9}""/>
      <EventID>22</EventID>
      <Version>5</Version>
      <Level>4</Level>
      <Task>22</Task>
      <Opcode>0</Opcode>
      <Keywords>0x8000000000000000</Keywords>
      <TimeCreated SystemTime=""2023-12-27T20:22:50.5422672Z""/>
      <EventRecordID>20264</EventRecordID>
      <Correlation/>
      <Execution ProcessID=""3588"" ThreadID=""5164""/>
      <Channel>Microsoft-Windows-Sysmon/Operational</Channel>
      <Computer>WinDev2309Eval</Computer>
      <Security UserID=""S-1-5-18""/>
    </System>
    <EventData>
      <Data Name=""RuleName"">-</Data>
      <Data Name=""UtcTime"">2023-12-27 15:02:30.638</Data>
      <Data Name=""ProcessGuid"">{f57bd86a-8790-658c-cf04-000000000f00}</Data>
      <Data Name=""ProcessId"">11024</Data>
      <Data Name=""QueryName"">bing.com</Data>
      <Data Name=""QueryStatus"">0</Data>
      <Data Name=""QueryResults"">2620:1ec:c11::200;::ffff:13.107.21.200;::ffff:204.79.197.200;</Data>
      <Data Name=""Image"">C:\Windows\System32\WindowsPowerShell\v1.0\powershell.exe</Data>
      <Data Name=""User"">WINDEV2309EVAL\User</Data>
    </EventData>
    <RenderingInfo Culture=""en-US"">
      <Message>Dns query:

RuleName: -

UtcTime: 2023-12-27 15:02:30.638

ProcessGuid: {f57bd86a-8790-658c-cf04-000000000f00}

ProcessId: 11024

QueryName: bing.com

QueryStatus: 0

QueryResults: 2620:1ec:c11::200;::ffff:13.107.21.200;::ffff:204.79.197.200;

Image: C:\Windows\System32\WindowsPowerShell\v1.0\powershell.exe

User: WINDEV2309EVAL\User</Message>
      <Level>Information</Level>
      <Task>Dns query (rule: DnsQuery)</Task>
      <Opcode>Info</Opcode>
    </RenderingInfo>
  </Event>
  
"
Microsoft-Windows-Sysmon/Operational,,,WinDev2309Eval,,,,,,,,,,22,20263,,,,C:\Windows\System32\WindowsPowerShell\v1.0\powershell.exe,,,0x8000000000000000,Information,,,"Dns query:

RuleName: -

UtcTime: 2023-12-27 15:02:30.588

ProcessGuid: {f57bd86a-8790-658c-cf04-000000000f00}

ProcessId: 11024

QueryName: bing.com

QueryStatus: 1460

QueryResults: -

Image: C:\Windows\System32\WindowsPowerShell\v1.0\powershell.exe

User: WINDEV2309EVAL\User",Info,,,,,,,{f57bd86a-8790-658c-cf04-000000000f00},3588,11024,,,bing.com,-,1460,"
      ",-,,,,,,2023-12-27T20:22:50.5414846Z,,,Dns query (rule: DnsQuery),,5164,WINDEV2309EVAL\User,S-1-5-18,2023-12-27 15:02:30.588,5,"<Event xmlns=""http://schemas.microsoft.com/win/2004/08/events/event"">
    <System>
      <Provider Name=""Microsoft-Windows-Sysmon"" Guid=""{5770385f-c22a-43e0-bf4c-06f5698ffbd9}""/>
      <EventID>22</EventID>
      <Version>5</Version>
      <Level>4</Level>
      <Task>22</Task>
      <Opcode>0</Opcode>
      <Keywords>0x8000000000000000</Keywords>
      <TimeCreated SystemTime=""2023-12-27T20:22:50.5414846Z""/>
      <EventRecordID>20263</EventRecordID>
      <Correlation/>
      <Execution ProcessID=""3588"" ThreadID=""5164""/>
      <Channel>Microsoft-Windows-Sysmon/Operational</Channel>
      <Computer>WinDev2309Eval</Computer>
      <Security UserID=""S-1-5-18""/>
    </System>
    <EventData>
      <Data Name=""RuleName"">-</Data>
      <Data Name=""UtcTime"">2023-12-27 15:02:30.588</Data>
      <Data Name=""ProcessGuid"">{f57bd86a-8790-658c-cf04-000000000f00}</Data>
      <Data Name=""ProcessId"">11024</Data>
      <Data Name=""QueryName"">bing.com</Data>
      <Data Name=""QueryStatus"">1460</Data>
      <Data Name=""QueryResults"">-</Data>
      <Data Name=""Image"">C:\Windows\System32\WindowsPowerShell\v1.0\powershell.exe</Data>
      <Data Name=""User"">WINDEV2309EVAL\User</Data>
    </EventData>
    <RenderingInfo Culture=""en-US"">
      <Message>Dns query:

RuleName: -

UtcTime: 2023-12-27 15:02:30.588

ProcessGuid: {f57bd86a-8790-658c-cf04-000000000f00}

ProcessId: 11024

QueryName: bing.com

QueryStatus: 1460

QueryResults: -

Image: C:\Windows\System32\WindowsPowerShell\v1.0\powershell.exe

User: WINDEV2309EVAL\User</Message>
      <Level>Information</Level>
      <Task>Dns query (rule: DnsQuery)</Task>
      <Opcode>Info</Opcode>
    </RenderingInfo>
  </Event>
  
"
Microsoft-Windows-Sysmon/Operational,,,WinDev2309Eval,,,,,,,,,,22,20262,,,,C:\Windows\System32\WindowsPowerShell\v1.0\powershell.exe,,,0x8000000000000000,Information,,,"Dns query:

RuleName: -

UtcTime: 2023-12-27 15:02:30.587

ProcessGuid: {f57bd86a-8790-658c-cf04-000000000f00}

ProcessId: 11024

QueryName: bing.com

QueryStatus: 0

QueryResults: 2620:1ec:c11::200;::ffff:13.107.21.200;::ffff:204.79.197.200;

Image: C:\Windows\System32\WindowsPowerShell\v1.0\powershell.exe

User: WINDEV2309EVAL\User",Info,,,,,,,{f57bd86a-8790-658c-cf04-000000000f00},3588,11024,,,bing.com,2620:1ec:c11::200;::ffff:13.107.21.200;::ffff:204.79.197.200;,0,"
      ",-,,,,,,2023-12-27T20:22:50.5406727Z,,,Dns query (rule: DnsQuery),,5164,WINDEV2309EVAL\User,S-1-5-18,2023-12-27 15:02:30.587,5,"<Event xmlns=""http://schemas.microsoft.com/win/2004/08/events/event"">
    <System>
      <Provider Name=""Microsoft-Windows-Sysmon"" Guid=""{5770385f-c22a-43e0-bf4c-06f5698ffbd9}""/>
      <EventID>22</EventID>
      <Version>5</Version>
      <Level>4</Level>
      <Task>22</Task>
      <Opcode>0</Opcode>
      <Keywords>0x8000000000000000</Keywords>
      <TimeCreated SystemTime=""2023-12-27T20:22:50.5406727Z""/>
      <EventRecordID>20262</EventRecordID>
      <Correlation/>
      <Execution ProcessID=""3588"" ThreadID=""5164""/>
      <Channel>Microsoft-Windows-Sysmon/Operational</Channel>
      <Computer>WinDev2309Eval</Computer>
      <Security UserID=""S-1-5-18""/>
    </System>
    <EventData>
      <Data Name=""RuleName"">-</Data>
      <Data Name=""UtcTime"">2023-12-27 15:02:30.587</Data>
      <Data Name=""ProcessGuid"">{f57bd86a-8790-658c-cf04-000000000f00}</Data>
      <Data Name=""ProcessId"">11024</Data>
      <Data Name=""QueryName"">bing.com</Data>
      <Data Name=""QueryStatus"">0</Data>
      <Data Name=""QueryResults"">2620:1ec:c11::200;::ffff:13.107.21.200;::ffff:204.79.197.200;</Data>
      <Data Name=""Image"">C:\Windows\System32\WindowsPowerShell\v1.0\powershell.exe</Data>
      <Data Name=""User"">WINDEV2309EVAL\User</Data>
    </EventData>
    <RenderingInfo Culture=""en-US"">
      <Message>Dns query:

RuleName: -

UtcTime: 2023-12-27 15:02:30.587

ProcessGuid: {f57bd86a-8790-658c-cf04-000000000f00}

ProcessId: 11024

QueryName: bing.com

QueryStatus: 0

QueryResults: 2620:1ec:c11::200;::ffff:13.107.21.200;::ffff:204.79.197.200;

Image: C:\Windows\System32\WindowsPowerShell\v1.0\powershell.exe

User: WINDEV2309EVAL\User</Message>
      <Level>Information</Level>
      <Task>Dns query (rule: DnsQuery)</Task>
      <Opcode>Info</Opcode>
    </RenderingInfo>
  </Event>
  
"
Microsoft-Windows-Sysmon/Operational,,,WinDev2309Eval,,,,,,,,,,22,20261,,,,C:\Windows\System32\WindowsPowerShell\v1.0\powershell.exe,,,0x8000000000000000,Information,,,"Dns query:

RuleName: -

UtcTime: 2023-12-27 15:02:30.487

ProcessGuid: {f57bd86a-8790-658c-cf04-000000000f00}

ProcessId: 11024

QueryName: bing.com

QueryStatus: 0

QueryResults: ::ffff:13.107.21.200;::ffff:204.79.197.200;

Image: C:\Windows\System32\WindowsPowerShell\v1.0\powershell.exe

User: WINDEV2309EVAL\User",Info,,,,,,,{f57bd86a-8790-658c-cf04-000000000f00},3588,11024,,,bing.com,::ffff:13.107.21.200;::ffff:204.79.197.200;,0,"
      ",-,,,,,,2023-12-27T20:22:49.5324805Z,,,Dns query (rule: DnsQuery),,5164,WINDEV2309EVAL\User,S-1-5-18,2023-12-27 15:02:30.487,5,"<Event xmlns=""http://schemas.microsoft.com/win/2004/08/events/event"">
    <System>
      <Provider Name=""Microsoft-Windows-Sysmon"" Guid=""{5770385f-c22a-43e0-bf4c-06f5698ffbd9}""/>
      <EventID>22</EventID>
      <Version>5</Version>
      <Level>4</Level>
      <Task>22</Task>
      <Opcode>0</Opcode>
      <Keywords>0x8000000000000000</Keywords>
      <TimeCreated SystemTime=""2023-12-27T20:22:49.5324805Z""/>
      <EventRecordID>20261</EventRecordID>
      <Correlation/>
      <Execution ProcessID=""3588"" ThreadID=""5164""/>
      <Channel>Microsoft-Windows-Sysmon/Operational</Channel>
      <Computer>WinDev2309Eval</Computer>
      <Security UserID=""S-1-5-18""/>
    </System>
    <EventData>
      <Data Name=""RuleName"">-</Data>
      <Data Name=""UtcTime"">2023-12-27 15:02:30.487</Data>
      <Data Name=""ProcessGuid"">{f57bd86a-8790-658c-cf04-000000000f00}</Data>
      <Data Name=""ProcessId"">11024</Data>
      <Data Name=""QueryName"">bing.com</Data>
      <Data Name=""QueryStatus"">0</Data>
      <Data Name=""QueryResults"">::ffff:13.107.21.200;::ffff:204.79.197.200;</Data>
      <Data Name=""Image"">C:\Windows\System32\WindowsPowerShell\v1.0\powershell.exe</Data>
      <Data Name=""User"">WINDEV2309EVAL\User</Data>
    </EventData>
    <RenderingInfo Culture=""en-US"">
      <Message>Dns query:

RuleName: -

UtcTime: 2023-12-27 15:02:30.487

ProcessGuid: {f57bd86a-8790-658c-cf04-000000000f00}

ProcessId: 11024

QueryName: bing.com

QueryStatus: 0

QueryResults: ::ffff:13.107.21.200;::ffff:204.79.197.200;

Image: C:\Windows\System32\WindowsPowerShell\v1.0\powershell.exe

User: WINDEV2309EVAL\User</Message>
      <Level>Information</Level>
      <Task>Dns query (rule: DnsQuery)</Task>
      <Opcode>Info</Opcode>
    </RenderingInfo>
  </Event>
  
"
Microsoft-Windows-Sysmon/Operational,,,WinDev2309Eval,,,,,,,,,,22,20260,,,,C:\Windows\System32\WindowsPowerShell\v1.0\powershell.exe,,,0x8000000000000000,Information,,,"Dns query:

RuleName: -

UtcTime: 2023-12-27 15:02:30.254

ProcessGuid: {f57bd86a-8790-658c-cf04-000000000f00}

ProcessId: 11024

QueryName: bing.com

QueryStatus: 0

QueryResults: 2620:1ec:c11::200;::ffff:13.107.21.200;::ffff:204.79.197.200;

Image: C:\Windows\System32\WindowsPowerShell\v1.0\powershell.exe

User: WINDEV2309EVAL\User",Info,,,,,,,{f57bd86a-8790-658c-cf04-000000000f00},3588,11024,,,bing.com,2620:1ec:c11::200;::ffff:13.107.21.200;::ffff:204.79.197.200;,0,"
      ",-,,,,,,2023-12-27T20:22:49.5315172Z,,,Dns query (rule: DnsQuery),,5164,WINDEV2309EVAL\User,S-1-5-18,2023-12-27 15:02:30.254,5,"<Event xmlns=""http://schemas.microsoft.com/win/2004/08/events/event"">
    <System>
      <Provider Name=""Microsoft-Windows-Sysmon"" Guid=""{5770385f-c22a-43e0-bf4c-06f5698ffbd9}""/>
      <EventID>22</EventID>
      <Version>5</Version>
      <Level>4</Level>
      <Task>22</Task>
      <Opcode>0</Opcode>
      <Keywords>0x8000000000000000</Keywords>
      <TimeCreated SystemTime=""2023-12-27T20:22:49.5315172Z""/>
      <EventRecordID>20260</EventRecordID>
      <Correlation/>
      <Execution ProcessID=""3588"" ThreadID=""5164""/>
      <Channel>Microsoft-Windows-Sysmon/Operational</Channel>
      <Computer>WinDev2309Eval</Computer>
      <Security UserID=""S-1-5-18""/>
    </System>
    <EventData>
      <Data Name=""RuleName"">-</Data>
      <Data Name=""UtcTime"">2023-12-27 15:02:30.254</Data>
      <Data Name=""ProcessGuid"">{f57bd86a-8790-658c-cf04-000000000f00}</Data>
      <Data Name=""ProcessId"">11024</Data>
      <Data Name=""QueryName"">bing.com</Data>
      <Data Name=""QueryStatus"">0</Data>
      <Data Name=""QueryResults"">2620:1ec:c11::200;::ffff:13.107.21.200;::ffff:204.79.197.200;</Data>
      <Data Name=""Image"">C:\Windows\System32\WindowsPowerShell\v1.0\powershell.exe</Data>
      <Data Name=""User"">WINDEV2309EVAL\User</Data>
    </EventData>
    <RenderingInfo Culture=""en-US"">
      <Message>Dns query:

RuleName: -

UtcTime: 2023-12-27 15:02:30.254

ProcessGuid: {f57bd86a-8790-658c-cf04-000000000f00}

ProcessId: 11024

QueryName: bing.com

QueryStatus: 0

QueryResults: 2620:1ec:c11::200;::ffff:13.107.21.200;::ffff:204.79.197.200;

Image: C:\Windows\System32\WindowsPowerShell\v1.0\powershell.exe

User: WINDEV2309EVAL\User</Message>
      <Level>Information</Level>
      <Task>Dns query (rule: DnsQuery)</Task>
      <Opcode>Info</Opcode>
    </RenderingInfo>
  </Event>
  
"
Microsoft-Windows-Sysmon/Operational,,,WinDev2309Eval,,,,,,,,,,22,20259,,,,C:\Windows\System32\WindowsPowerShell\v1.0\powershell.exe,,,0x8000000000000000,Information,,,"Dns query:

RuleName: -

UtcTime: 2023-12-27 15:02:30.201

ProcessGuid: {f57bd86a-8790-658c-cf04-000000000f00}

ProcessId: 11024

QueryName: bing.com

QueryStatus: 1460

QueryResults: -

Image: C:\Windows\System32\WindowsPowerShell\v1.0\powershell.exe

User: WINDEV2309EVAL\User",Info,,,,,,,{f57bd86a-8790-658c-cf04-000000000f00},3588,11024,,,bing.com,-,1460,"
      ",-,,,,,,2023-12-27T20:22:49.5301610Z,,,Dns query (rule: DnsQuery),,5164,WINDEV2309EVAL\User,S-1-5-18,2023-12-27 15:02:30.201,5,"<Event xmlns=""http://schemas.microsoft.com/win/2004/08/events/event"">
    <System>
      <Provider Name=""Microsoft-Windows-Sysmon"" Guid=""{5770385f-c22a-43e0-bf4c-06f5698ffbd9}""/>
      <EventID>22</EventID>
      <Version>5</Version>
      <Level>4</Level>
      <Task>22</Task>
      <Opcode>0</Opcode>
      <Keywords>0x8000000000000000</Keywords>
      <TimeCreated SystemTime=""2023-12-27T20:22:49.5301610Z""/>
      <EventRecordID>20259</EventRecordID>
      <Correlation/>
      <Execution ProcessID=""3588"" ThreadID=""5164""/>
      <Channel>Microsoft-Windows-Sysmon/Operational</Channel>
      <Computer>WinDev2309Eval</Computer>
      <Security UserID=""S-1-5-18""/>
    </System>
    <EventData>
      <Data Name=""RuleName"">-</Data>
      <Data Name=""UtcTime"">2023-12-27 15:02:30.201</Data>
      <Data Name=""ProcessGuid"">{f57bd86a-8790-658c-cf04-000000000f00}</Data>
      <Data Name=""ProcessId"">11024</Data>
      <Data Name=""QueryName"">bing.com</Data>
      <Data Name=""QueryStatus"">1460</Data>
      <Data Name=""QueryResults"">-</Data>
      <Data Name=""Image"">C:\Windows\System32\WindowsPowerShell\v1.0\powershell.exe</Data>
      <Data Name=""User"">WINDEV2309EVAL\User</Data>
    </EventData>
    <RenderingInfo Culture=""en-US"">
      <Message>Dns query:

RuleName: -

UtcTime: 2023-12-27 15:02:30.201

ProcessGuid: {f57bd86a-8790-658c-cf04-000000000f00}

ProcessId: 11024

QueryName: bing.com

QueryStatus: 1460

QueryResults: -

Image: C:\Windows\System32\WindowsPowerShell\v1.0\powershell.exe

User: WINDEV2309EVAL\User</Message>
      <Level>Information</Level>
      <Task>Dns query (rule: DnsQuery)</Task>
      <Opcode>Info</Opcode>
    </RenderingInfo>
  </Event>
  
"
