Channel,CommandLine,Company,Computer,CreationUtcTime,CurrentDirectory,Description,EventID,EventRecordID,FileVersion,Hashes,Image,IntegrityLevel,Keywords,Level,LogonGuid,LogonId,Message,Opcode,OriginalFileName,ParentCommandLine,ParentImage,ParentProcessGuid,ParentProcessId,ParentUser,ProcessGuid,ProcessID,ProcessId,Product,QueryName,QueryResults,QueryStatus,RenderingInfo,RuleName,SystemTime,TargetFilename,Task,TerminalSessionId,ThreadID,User,UserID,UtcTime,Version,raw
Microsoft-Windows-Sysmon/Operational,"""C:\Windows\system32\appidcertstorecheck.exe""",Microsoft Corporation,WinDev2309Eval,,C:\Windows\system32\,AppID Certificate Store Verification Task,1,19580,10.0.22621.2506 (WinBuild.160101.0800),"MD5=A3D3C1CF254BF1B45F5950EFAD6621AF,SHA256=82906ECB6EE934ED28839F127F7994A517B9D9C83746187246D6F226FB6A65E6,IMPHASH=7168353EDBE3AB24A184BB681FD55AE6",C:\Windows\System32\appidcertstorecheck.exe,System,0x8000000000000000,Information,{f57bd86a-36f6-658c-e503-000000000000},0x3e5,"Process Create:

RuleName: -

UtcTime: 2023-12-27 20:24:59.120

ProcessGuid: {f57bd86a-881b-658c-cf01-000000000f00}

ProcessId: 7388

Image: C:\Windows\System32\appidcertstorecheck.exe

FileVersion: 10.0.22621.2506 (WinBuild.160101.0800)

Description: AppID Certificate Store Verification Task

Product: Microsoft® Windows® Operating System

Company: Microsoft Corporation

OriginalFileName: AppIDCertstoreCheck.exe

CommandLine: ""C:\Windows\system32\appidcertstorecheck.exe""

CurrentDirectory: C:\Windows\system32\

User: NT AUTHORITY\LOCAL SERVICE

LogonGuid: {f57bd86a-36f6-658c-e503-000000000000}

LogonId: 0x3E5

TerminalSessionId: 0

IntegrityLevel: System

Hashes: MD5=A3D3C1CF254BF1B45F5950EFAD6621AF,SHA256=82906ECB6EE934ED28839F127F7994A517B9D9C83746187246D6F226FB6A65E6,IMPHASH=7168353EDBE3AB24A184BB681FD55AE6

ParentProcessGuid: {f57bd86a-36f6-658c-1d00-000000000f00}

ParentProcessId: 1496

ParentImage: C:\Windows\System32\svchost.exe

ParentCommandLine: C:\Windows\system32\svchost.exe -k netsvcs -p -s Schedule

ParentUser: NT AUTHORITY\SYSTEM",Info,AppIDCertstoreCheck.exe,C:\Windows\system32\svchost.exe -k netsvcs -p -s Schedule,C:\Windows\System32\svchost.exe,{f57bd86a-36f6-658c-1d00-000000000f00},1496,NT AUTHORITY\SYSTEM,{f57bd86a-881b-658c-cf01-000000000f00},3588,7388,Microsoft® Windows® Operating System,,,,"
      ",-,2023-12-27T20:24:59.1214702Z,,Process Create (rule: ProcessCreate),0,5124,NT AUTHORITY\LOCAL SERVICE,S-1-5-18,2023-12-27 20:24:59.120,5,"<Event xmlns=""http://schemas.microsoft.com/win/2004/08/events/event"">
    <System>
      <Provider Name=""Microsoft-Windows-Sysmon"" Guid=""{5770385f-c22a-43e0-bf4c-06f5698ffbd9}""/>
      <EventID>1</EventID>
      <Version>5</Version>
      <Level>4</Level>
      <Task>1</Task>
      <Opcode>0</Opcode>
      <Keywords>0x8000000000000000</Keywords>
      <TimeCreated SystemTime=""2023-12-27T20:24:59.1214702Z""/>
      <EventRecordID>19580</EventRecordID>
      <Correlation/>
      <Execution ProcessID=""3588"" ThreadID=""5124""/>
      <Channel>Microsoft-Windows-Sysmon/Operational</Channel>
      <Computer>WinDev2309Eval</Computer>
      <Security UserID=""S-1-5-18""/>
    </System>
    <EventData>
      <Data Name=""RuleName"">-</Data>
      <Data Name=""UtcTime"">2023-12-27 20:24:59.120</Data>
      <Data Name=""ProcessGuid"">{f57bd86a-881b-658c-cf01-000000000f00}</Data>
      <Data Name=""ProcessId"">7388</Data>
      <Data Name=""Image"">C:\Windows\System32\appidcertstorecheck.exe</Data>
      <Data Name=""FileVersion"">10.0.22621.2506 (WinBuild.160101.0800)</Data>
      <Data Name=""Description"">AppID Certificate Store Verification Task</Data>
      <Data Name=""Product"">Microsoft&#174; Windows&#174; Operating System</Data>
      <Data Name=""Company"">Microsoft Corporation</Data>
      <Data Name=""OriginalFileName"">AppIDCertstoreCheck.exe</Data>
      <Data Name=""CommandLine"">""C:\Windows\system32\appidcertstorecheck.exe""</Data>
      <Data Name=""CurrentDirectory"">C:\Windows\system32\</Data>
      <Data Name=""User"">NT AUTHORITY\LOCAL SERVICE</Data>
      <Data Name=""LogonGuid"">{f57bd86a-36f6-658c-e503-000000000000}</Data>
      <Data Name=""LogonId"">0x3e5</Data>
      <Data Name=""TerminalSessionId"">0</Data>
      <Data Name=""IntegrityLevel"">System</Data>
      <Data Name=""Hashes"">MD5=A3D3C1CF254BF1B45F5950EFAD6621AF,SHA256=82906ECB6EE934ED28839F127F7994A517B9D9C83746187246D6F226FB6A65E6,IMPHASH=7168353EDBE3AB24A184BB681FD55AE6</Data>
      <Data Name=""ParentProcessGuid"">{f57bd86a-36f6-658c-1d00-000000000f00}</Data>
      <Data Name=""ParentProcessId"">1496</Data>
      <Data Name=""ParentImage"">C:\Windows\System32\svchost.exe</Data>
      <Data Name=""ParentCommandLine"">C:\Windows\system32\svchost.exe -k netsvcs -p -s Schedule</Data>
      <Data Name=""ParentUser"">NT AUTHORITY\SYSTEM</Data>
    </EventData>
    <RenderingInfo Culture=""en-US"">
      <Message>Process Create:

RuleName: -

UtcTime: 2023-12-27 20:24:59.120

ProcessGuid: {f57bd86a-881b-658c-cf01-000000000f00}

ProcessId: 7388

Image: C:\Windows\System32\appidcertstorecheck.exe

FileVersion: 10.0.22621.2506 (WinBuild.160101.0800)

Description: AppID Certificate Store Verification Task

Product: Microsoft&#174; Windows&#174; Operating System

Company: Microsoft Corporation

OriginalFileName: AppIDCertstoreCheck.exe

CommandLine: ""C:\Windows\system32\appidcertstorecheck.exe""

CurrentDirectory: C:\Windows\system32\

User: NT AUTHORITY\LOCAL SERVICE

LogonGuid: {f57bd86a-36f6-658c-e503-000000000000}

LogonId: 0x3E5

TerminalSessionId: 0

IntegrityLevel: System

Hashes: MD5=A3D3C1CF254BF1B45F5950EFAD6621AF,SHA256=82906ECB6EE934ED28839F127F7994A517B9D9C83746187246D6F226FB6A65E6,IMPHASH=7168353EDBE3AB24A184BB681FD55AE6

ParentProcessGuid: {f57bd86a-36f6-658c-1d00-000000000f00}

ParentProcessId: 1496

ParentImage: C:\Windows\System32\svchost.exe

ParentCommandLine: C:\Windows\system32\svchost.exe -k netsvcs -p -s Schedule

ParentUser: NT AUTHORITY\SYSTEM</Message>
      <Level>Information</Level>
      <Task>Process Create (rule: ProcessCreate)</Task>
      <Opcode>Info</Opcode>
    </RenderingInfo>
  </Event>
  
"
Microsoft-Windows-Sysmon/Operational,,,WinDev2309Eval,2023-12-27 20:24:57.144,,,11,19579,,,C:\Windows\System32\WindowsPowerShell\v1.0\powershell.exe,,0x8000000000000000,Information,,,"File created:

RuleName: -

UtcTime: 2023-12-27 20:24:57.144

ProcessGuid: {f57bd86a-8819-658c-cd01-000000000f00}

ProcessId: 3620

Image: C:\Windows\System32\WindowsPowerShell\v1.0\powershell.exe

TargetFilename: C:\Users\User\AppData\Local\Temp\__PSScriptPolicyTest_4zkbafzq.hyc.ps1

CreationUtcTime: 2023-12-27 20:24:57.144

User: WINDEV2309EVAL\User",Info,,,,,,,{f57bd86a-8819-658c-cd01-000000000f00},3588,3620,,,,,"
      ",-,2023-12-27T20:24:57.1587337Z,C:\Users\User\AppData\Local\Temp\__PSScriptPolicyTest_4zkbafzq.hyc.ps1,File created (rule: FileCreate),,5124,WINDEV2309EVAL\User,S-1-5-18,2023-12-27 20:24:57.144,2,"<Event xmlns=""http://schemas.microsoft.com/win/2004/08/events/event"">
    <System>
      <Provider Name=""Microsoft-Windows-Sysmon"" Guid=""{5770385f-c22a-43e0-bf4c-06f5698ffbd9}""/>
      <EventID>11</EventID>
      <Version>2</Version>
      <Level>4</Level>
      <Task>11</Task>
      <Opcode>0</Opcode>
      <Keywords>0x8000000000000000</Keywords>
      <TimeCreated SystemTime=""2023-12-27T20:24:57.1587337Z""/>
      <EventRecordID>19579</EventRecordID>
      <Correlation/>
      <Execution ProcessID=""3588"" ThreadID=""5124""/>
      <Channel>Microsoft-Windows-Sysmon/Operational</Channel>
      <Computer>WinDev2309Eval</Computer>
      <Security UserID=""S-1-5-18""/>
    </System>
    <EventData>
      <Data Name=""RuleName"">-</Data>
      <Data Name=""UtcTime"">2023-12-27 20:24:57.144</Data>
      <Data Name=""ProcessGuid"">{f57bd86a-8819-658c-cd01-000000000f00}</Data>
      <Data Name=""ProcessId"">3620</Data>
      <Data Name=""Image"">C:\Windows\System32\WindowsPowerShell\v1.0\powershell.exe</Data>
      <Data Name=""TargetFilename"">C:\Users\User\AppData\Local\Temp\__PSScriptPolicyTest_4zkbafzq.hyc.ps1</Data>
      <Data Name=""CreationUtcTime"">2023-12-27 20:24:57.144</Data>
      <Data Name=""User"">WINDEV2309EVAL\User</Data>
    </EventData>
    <RenderingInfo Culture=""en-US"">
      <Message>File created:

RuleName: -

UtcTime: 2023-12-27 20:24:57.144

ProcessGuid: {f57bd86a-8819-658c-cd01-000000000f00}

ProcessId: 3620

Image: C:\Windows\System32\WindowsPowerShell\v1.0\powershell.exe

TargetFilename: C:\Users\User\AppData\Local\Temp\__PSScriptPolicyTest_4zkbafzq.hyc.ps1

CreationUtcTime: 2023-12-27 20:24:57.144

User: WINDEV2309EVAL\User</Message>
      <Level>Information</Level>
      <Task>File created (rule: FileCreate)</Task>
      <Opcode>Info</Opcode>
    </RenderingInfo>
  </Event>
  
"
Microsoft-Windows-Sysmon/Operational,"""powershell.exe"" & {Start-Process \""""C:\AtomicRedTeam\atomics\..\ExternalPayloads\DirLister.exe\""""
Start-Sleep -Second 4
Stop-Process -Name \""""DirLister\""""}",Microsoft Corporation,WinDev2309Eval,,C:\Users\User\AppData\Local\Temp\,Windows PowerShell,1,19578,10.0.22621.2506 (WinBuild.160101.0800),"MD5=2D1D70C92A419D9079B047954C611886,SHA256=C50057756CDB25D481CF2502ABCEF124F864C27618C5057468BFC6B82B2C4EDD,IMPHASH=E09C4F82A1DA13A09F4FF2E625FEBA20",C:\Windows\System32\WindowsPowerShell\v1.0\powershell.exe,Medium,0x8000000000000000,Information,{f57bd86a-36f9-658c-7bf8-020000000000},0x2f87b,"Process Create:

RuleName: -

UtcTime: 2023-12-27 20:24:57.050

ProcessGuid: {f57bd86a-8819-658c-cd01-000000000f00}

ProcessId: 3620

Image: C:\Windows\System32\WindowsPowerShell\v1.0\powershell.exe

FileVersion: 10.0.22621.2506 (WinBuild.160101.0800)

Description: Windows PowerShell

Product: Microsoft® Windows® Operating System

Company: Microsoft Corporation

OriginalFileName: PowerShell.EXE

CommandLine: ""powershell.exe"" & {Start-Process \""""C:\AtomicRedTeam\atomics\..\ExternalPayloads\DirLister.exe\""""
Start-Sleep -Second 4
Stop-Process -Name \""""DirLister\""""}

CurrentDirectory: C:\Users\User\AppData\Local\Temp\

User: WINDEV2309EVAL\User

LogonGuid: {f57bd86a-36f9-658c-7bf8-020000000000}

LogonId: 0x2F87B

TerminalSessionId: 1

IntegrityLevel: Medium

Hashes: MD5=2D1D70C92A419D9079B047954C611886,SHA256=C50057756CDB25D481CF2502ABCEF124F864C27618C5057468BFC6B82B2C4EDD,IMPHASH=E09C4F82A1DA13A09F4FF2E625FEBA20

ParentProcessGuid: {00000000-0000-0000-0000-000000000000}

ParentProcessId: 1688

ParentImage: -

ParentCommandLine: -

ParentUser: -",Info,PowerShell.EXE,-,-,{00000000-0000-0000-0000-000000000000},1688,-,{f57bd86a-8819-658c-cd01-000000000f00},3588,3620,Microsoft® Windows® Operating System,,,,"
      ",-,2023-12-27T20:24:57.0519961Z,,Process Create (rule: ProcessCreate),1,5124,WINDEV2309EVAL\User,S-1-5-18,2023-12-27 20:24:57.050,5,"<Event xmlns=""http://schemas.microsoft.com/win/2004/08/events/event"">
    <System>
      <Provider Name=""Microsoft-Windows-Sysmon"" Guid=""{5770385f-c22a-43e0-bf4c-06f5698ffbd9}""/>
      <EventID>1</EventID>
      <Version>5</Version>
      <Level>4</Level>
      <Task>1</Task>
      <Opcode>0</Opcode>
      <Keywords>0x8000000000000000</Keywords>
      <TimeCreated SystemTime=""2023-12-27T20:24:57.0519961Z""/>
      <EventRecordID>19578</EventRecordID>
      <Correlation/>
      <Execution ProcessID=""3588"" ThreadID=""5124""/>
      <Channel>Microsoft-Windows-Sysmon/Operational</Channel>
      <Computer>WinDev2309Eval</Computer>
      <Security UserID=""S-1-5-18""/>
    </System>
    <EventData>
      <Data Name=""RuleName"">-</Data>
      <Data Name=""UtcTime"">2023-12-27 20:24:57.050</Data>
      <Data Name=""ProcessGuid"">{f57bd86a-8819-658c-cd01-000000000f00}</Data>
      <Data Name=""ProcessId"">3620</Data>
      <Data Name=""Image"">C:\Windows\System32\WindowsPowerShell\v1.0\powershell.exe</Data>
      <Data Name=""FileVersion"">10.0.22621.2506 (WinBuild.160101.0800)</Data>
      <Data Name=""Description"">Windows PowerShell</Data>
      <Data Name=""Product"">Microsoft&#174; Windows&#174; Operating System</Data>
      <Data Name=""Company"">Microsoft Corporation</Data>
      <Data Name=""OriginalFileName"">PowerShell.EXE</Data>
      <Data Name=""CommandLine"">""powershell.exe"" &amp; {Start-Process \""""C:\AtomicRedTeam\atomics\..\ExternalPayloads\DirLister.exe\""""
Start-Sleep -Second 4
Stop-Process -Name \""""DirLister\""""}</Data>
      <Data Name=""CurrentDirectory"">C:\Users\User\AppData\Local\Temp\</Data>
      <Data Name=""User"">WINDEV2309EVAL\User</Data>
      <Data Name=""LogonGuid"">{f57bd86a-36f9-658c-7bf8-020000000000}</Data>
      <Data Name=""LogonId"">0x2f87b</Data>
      <Data Name=""TerminalSessionId"">1</Data>
      <Data Name=""IntegrityLevel"">Medium</Data>
      <Data Name=""Hashes"">MD5=2D1D70C92A419D9079B047954C611886,SHA256=C50057756CDB25D481CF2502ABCEF124F864C27618C5057468BFC6B82B2C4EDD,IMPHASH=E09C4F82A1DA13A09F4FF2E625FEBA20</Data>
      <Data Name=""ParentProcessGuid"">{00000000-0000-0000-0000-000000000000}</Data>
      <Data Name=""ParentProcessId"">1688</Data>
      <Data Name=""ParentImage"">-</Data>
      <Data Name=""ParentCommandLine"">-</Data>
      <Data Name=""ParentUser"">-</Data>
    </EventData>
    <RenderingInfo Culture=""en-US"">
      <Message>Process Create:

RuleName: -

UtcTime: 2023-12-27 20:24:57.050

ProcessGuid: {f57bd86a-8819-658c-cd01-000000000f00}

ProcessId: 3620

Image: C:\Windows\System32\WindowsPowerShell\v1.0\powershell.exe

FileVersion: 10.0.22621.2506 (WinBuild.160101.0800)

Description: Windows PowerShell

Product: Microsoft&#174; Windows&#174; Operating System

Company: Microsoft Corporation

OriginalFileName: PowerShell.EXE

CommandLine: ""powershell.exe"" &amp; {Start-Process \""""C:\AtomicRedTeam\atomics\..\ExternalPayloads\DirLister.exe\""""
Start-Sleep -Second 4
Stop-Process -Name \""""DirLister\""""}

CurrentDirectory: C:\Users\User\AppData\Local\Temp\

User: WINDEV2309EVAL\User

LogonGuid: {f57bd86a-36f9-658c-7bf8-020000000000}

LogonId: 0x2F87B

TerminalSessionId: 1

IntegrityLevel: Medium

Hashes: MD5=2D1D70C92A419D9079B047954C611886,SHA256=C50057756CDB25D481CF2502ABCEF124F864C27618C5057468BFC6B82B2C4EDD,IMPHASH=E09C4F82A1DA13A09F4FF2E625FEBA20

ParentProcessGuid: {00000000-0000-0000-0000-000000000000}

ParentProcessId: 1688

ParentImage: -

ParentCommandLine: -

ParentUser: -</Message>
      <Level>Information</Level>
      <Task>Process Create (rule: ProcessCreate)</Task>
      <Opcode>Info</Opcode>
    </RenderingInfo>
  </Event>
  
"
Microsoft-Windows-Sysmon/Operational,,,WinDev2309Eval,2023-12-27 20:24:55.493,,,11,19577,,,C:\Windows\System32\WindowsPowerShell\v1.0\powershell.exe,,0x8000000000000000,Information,,,"File created:

RuleName: -

UtcTime: 2023-12-27 20:24:55.493

ProcessGuid: {f57bd86a-8817-658c-cb01-000000000f00}

ProcessId: 6068

Image: C:\Windows\System32\WindowsPowerShell\v1.0\powershell.exe

TargetFilename: C:\Users\User\AppData\Local\Temp\__PSScriptPolicyTest_txdlxkno.m4m.ps1

CreationUtcTime: 2023-12-27 20:24:55.493

User: WINDEV2309EVAL\User",Info,,,,,,,{f57bd86a-8817-658c-cb01-000000000f00},3588,6068,,,,,"
      ",-,2023-12-27T20:24:55.5078240Z,C:\Users\User\AppData\Local\Temp\__PSScriptPolicyTest_txdlxkno.m4m.ps1,File created (rule: FileCreate),,5124,WINDEV2309EVAL\User,S-1-5-18,2023-12-27 20:24:55.493,2,"<Event xmlns=""http://schemas.microsoft.com/win/2004/08/events/event"">
    <System>
      <Provider Name=""Microsoft-Windows-Sysmon"" Guid=""{5770385f-c22a-43e0-bf4c-06f5698ffbd9}""/>
      <EventID>11</EventID>
      <Version>2</Version>
      <Level>4</Level>
      <Task>11</Task>
      <Opcode>0</Opcode>
      <Keywords>0x8000000000000000</Keywords>
      <TimeCreated SystemTime=""2023-12-27T20:24:55.5078240Z""/>
      <EventRecordID>19577</EventRecordID>
      <Correlation/>
      <Execution ProcessID=""3588"" ThreadID=""5124""/>
      <Channel>Microsoft-Windows-Sysmon/Operational</Channel>
      <Computer>WinDev2309Eval</Computer>
      <Security UserID=""S-1-5-18""/>
    </System>
    <EventData>
      <Data Name=""RuleName"">-</Data>
      <Data Name=""UtcTime"">2023-12-27 20:24:55.493</Data>
      <Data Name=""ProcessGuid"">{f57bd86a-8817-658c-cb01-000000000f00}</Data>
      <Data Name=""ProcessId"">6068</Data>
      <Data Name=""Image"">C:\Windows\System32\WindowsPowerShell\v1.0\powershell.exe</Data>
      <Data Name=""TargetFilename"">C:\Users\User\AppData\Local\Temp\__PSScriptPolicyTest_txdlxkno.m4m.ps1</Data>
      <Data Name=""CreationUtcTime"">2023-12-27 20:24:55.493</Data>
      <Data Name=""User"">WINDEV2309EVAL\User</Data>
    </EventData>
    <RenderingInfo Culture=""en-US"">
      <Message>File created:

RuleName: -

UtcTime: 2023-12-27 20:24:55.493

ProcessGuid: {f57bd86a-8817-658c-cb01-000000000f00}

ProcessId: 6068

Image: C:\Windows\System32\WindowsPowerShell\v1.0\powershell.exe

TargetFilename: C:\Users\User\AppData\Local\Temp\__PSScriptPolicyTest_txdlxkno.m4m.ps1

CreationUtcTime: 2023-12-27 20:24:55.493

User: WINDEV2309EVAL\User</Message>
      <Level>Information</Level>
      <Task>File created (rule: FileCreate)</Task>
      <Opcode>Info</Opcode>
    </RenderingInfo>
  </Event>
  
"
Microsoft-Windows-Sysmon/Operational,"""powershell.exe"" & {$folderarray = @(\""""Desktop\"""", \""""Downloads\"""", \""""Documents\"""", \""""AppData/Local\"""", \""""AppData/Roaming\"""")
Get-ChildItem -Path $env:homedrive -ErrorAction SilentlyContinue | Out-File -append $env:temp\T1083Test5.txt
Get-ChildItem -Path $env:programfiles -erroraction silentlycontinue | Out-File -append $env:temp\T1083Test5.txt
Get-ChildItem -Path \""""${env:ProgramFiles(x86)}\"""" -erroraction silentlycontinue | Out-File -append $env:temp\T1083Test5.txt
$UsersFolder = \""""$env:homedrive\Users\\""""
foreach ($directory in Get-ChildItem -Path $UsersFolder -ErrorAction SilentlyContinue) 
{
foreach ($secondarydirectory in $folderarray)
 {Get-ChildItem -Path \""""$UsersFolder/$directory/$secondarydirectory\"""" -ErrorAction SilentlyContinue | Out-File -append $env:temp\T1083Test5.txt}
}
cat $env:temp\T1083Test5.txt}",Microsoft Corporation,WinDev2309Eval,,C:\Users\User\AppData\Local\Temp\,Windows PowerShell,1,19576,10.0.22621.2506 (WinBuild.160101.0800),"MD5=2D1D70C92A419D9079B047954C611886,SHA256=C50057756CDB25D481CF2502ABCEF124F864C27618C5057468BFC6B82B2C4EDD,IMPHASH=E09C4F82A1DA13A09F4FF2E625FEBA20",C:\Windows\System32\WindowsPowerShell\v1.0\powershell.exe,Medium,0x8000000000000000,Information,{f57bd86a-36f9-658c-7bf8-020000000000},0x2f87b,"Process Create:

RuleName: -

UtcTime: 2023-12-27 20:24:55.392

ProcessGuid: {f57bd86a-8817-658c-cb01-000000000f00}

ProcessId: 6068

Image: C:\Windows\System32\WindowsPowerShell\v1.0\powershell.exe

FileVersion: 10.0.22621.2506 (WinBuild.160101.0800)

Description: Windows PowerShell

Product: Microsoft® Windows® Operating System

Company: Microsoft Corporation

OriginalFileName: PowerShell.EXE

CommandLine: ""powershell.exe"" & {$folderarray = @(\""""Desktop\"""", \""""Downloads\"""", \""""Documents\"""", \""""AppData/Local\"""", \""""AppData/Roaming\"""")
Get-ChildItem -Path $env:homedrive -ErrorAction SilentlyContinue | Out-File -append $env:temp\T1083Test5.txt
Get-ChildItem -Path $env:programfiles -erroraction silentlycontinue | Out-File -append $env:temp\T1083Test5.txt
Get-ChildItem -Path \""""${env:ProgramFiles(x86)}\"""" -erroraction silentlycontinue | Out-File -append $env:temp\T1083Test5.txt
$UsersFolder = \""""$env:homedrive\Users\\""""
foreach ($directory in Get-ChildItem -Path $UsersFolder -ErrorAction SilentlyContinue) 
{
foreach ($secondarydirectory in $folderarray)
 {Get-ChildItem -Path \""""$UsersFolder/$directory/$secondarydirectory\"""" -ErrorAction SilentlyContinue | Out-File -append $env:temp\T1083Test5.txt}
}
cat $env:temp\T1083Test5.txt}

CurrentDirectory: C:\Users\User\AppData\Local\Temp\

User: WINDEV2309EVAL\User

LogonGuid: {f57bd86a-36f9-658c-7bf8-020000000000}

LogonId: 0x2F87B

TerminalSessionId: 1

IntegrityLevel: Medium

Hashes: MD5=2D1D70C92A419D9079B047954C611886,SHA256=C50057756CDB25D481CF2502ABCEF124F864C27618C5057468BFC6B82B2C4EDD,IMPHASH=E09C4F82A1DA13A09F4FF2E625FEBA20

ParentProcessGuid: {00000000-0000-0000-0000-000000000000}

ParentProcessId: 1688

ParentImage: -

ParentCommandLine: -

ParentUser: -",Info,PowerShell.EXE,-,-,{00000000-0000-0000-0000-000000000000},1688,-,{f57bd86a-8817-658c-cb01-000000000f00},3588,6068,Microsoft® Windows® Operating System,,,,"
      ",-,2023-12-27T20:24:55.3935970Z,,Process Create (rule: ProcessCreate),1,5124,WINDEV2309EVAL\User,S-1-5-18,2023-12-27 20:24:55.392,5,"<Event xmlns=""http://schemas.microsoft.com/win/2004/08/events/event"">
    <System>
      <Provider Name=""Microsoft-Windows-Sysmon"" Guid=""{5770385f-c22a-43e0-bf4c-06f5698ffbd9}""/>
      <EventID>1</EventID>
      <Version>5</Version>
      <Level>4</Level>
      <Task>1</Task>
      <Opcode>0</Opcode>
      <Keywords>0x8000000000000000</Keywords>
      <TimeCreated SystemTime=""2023-12-27T20:24:55.3935970Z""/>
      <EventRecordID>19576</EventRecordID>
      <Correlation/>
      <Execution ProcessID=""3588"" ThreadID=""5124""/>
      <Channel>Microsoft-Windows-Sysmon/Operational</Channel>
      <Computer>WinDev2309Eval</Computer>
      <Security UserID=""S-1-5-18""/>
    </System>
    <EventData>
      <Data Name=""RuleName"">-</Data>
      <Data Name=""UtcTime"">2023-12-27 20:24:55.392</Data>
      <Data Name=""ProcessGuid"">{f57bd86a-8817-658c-cb01-000000000f00}</Data>
      <Data Name=""ProcessId"">6068</Data>
      <Data Name=""Image"">C:\Windows\System32\WindowsPowerShell\v1.0\powershell.exe</Data>
      <Data Name=""FileVersion"">10.0.22621.2506 (WinBuild.160101.0800)</Data>
      <Data Name=""Description"">Windows PowerShell</Data>
      <Data Name=""Product"">Microsoft&#174; Windows&#174; Operating System</Data>
      <Data Name=""Company"">Microsoft Corporation</Data>
      <Data Name=""OriginalFileName"">PowerShell.EXE</Data>
      <Data Name=""CommandLine"">""powershell.exe"" &amp; {$folderarray = @(\""""Desktop\"""", \""""Downloads\"""", \""""Documents\"""", \""""AppData/Local\"""", \""""AppData/Roaming\"""")
Get-ChildItem -Path $env:homedrive -ErrorAction SilentlyContinue | Out-File -append $env:temp\T1083Test5.txt
Get-ChildItem -Path $env:programfiles -erroraction silentlycontinue | Out-File -append $env:temp\T1083Test5.txt
Get-ChildItem -Path \""""${env:ProgramFiles(x86)}\"""" -erroraction silentlycontinue | Out-File -append $env:temp\T1083Test5.txt
$UsersFolder = \""""$env:homedrive\Users\\""""
foreach ($directory in Get-ChildItem -Path $UsersFolder -ErrorAction SilentlyContinue) 
{
foreach ($secondarydirectory in $folderarray)
 {Get-ChildItem -Path \""""$UsersFolder/$directory/$secondarydirectory\"""" -ErrorAction SilentlyContinue | Out-File -append $env:temp\T1083Test5.txt}
}
cat $env:temp\T1083Test5.txt}</Data>
      <Data Name=""CurrentDirectory"">C:\Users\User\AppData\Local\Temp\</Data>
      <Data Name=""User"">WINDEV2309EVAL\User</Data>
      <Data Name=""LogonGuid"">{f57bd86a-36f9-658c-7bf8-020000000000}</Data>
      <Data Name=""LogonId"">0x2f87b</Data>
      <Data Name=""TerminalSessionId"">1</Data>
      <Data Name=""IntegrityLevel"">Medium</Data>
      <Data Name=""Hashes"">MD5=2D1D70C92A419D9079B047954C611886,SHA256=C50057756CDB25D481CF2502ABCEF124F864C27618C5057468BFC6B82B2C4EDD,IMPHASH=E09C4F82A1DA13A09F4FF2E625FEBA20</Data>
      <Data Name=""ParentProcessGuid"">{00000000-0000-0000-0000-000000000000}</Data>
      <Data Name=""ParentProcessId"">1688</Data>
      <Data Name=""ParentImage"">-</Data>
      <Data Name=""ParentCommandLine"">-</Data>
      <Data Name=""ParentUser"">-</Data>
    </EventData>
    <RenderingInfo Culture=""en-US"">
      <Message>Process Create:

RuleName: -

UtcTime: 2023-12-27 20:24:55.392

ProcessGuid: {f57bd86a-8817-658c-cb01-000000000f00}

ProcessId: 6068

Image: C:\Windows\System32\WindowsPowerShell\v1.0\powershell.exe

FileVersion: 10.0.22621.2506 (WinBuild.160101.0800)

Description: Windows PowerShell

Product: Microsoft&#174; Windows&#174; Operating System

Company: Microsoft Corporation

OriginalFileName: PowerShell.EXE

CommandLine: ""powershell.exe"" &amp; {$folderarray = @(\""""Desktop\"""", \""""Downloads\"""", \""""Documents\"""", \""""AppData/Local\"""", \""""AppData/Roaming\"""")
Get-ChildItem -Path $env:homedrive -ErrorAction SilentlyContinue | Out-File -append $env:temp\T1083Test5.txt
Get-ChildItem -Path $env:programfiles -erroraction silentlycontinue | Out-File -append $env:temp\T1083Test5.txt
Get-ChildItem -Path \""""${env:ProgramFiles(x86)}\"""" -erroraction silentlycontinue | Out-File -append $env:temp\T1083Test5.txt
$UsersFolder = \""""$env:homedrive\Users\\""""
foreach ($directory in Get-ChildItem -Path $UsersFolder -ErrorAction SilentlyContinue) 
{
foreach ($secondarydirectory in $folderarray)
 {Get-ChildItem -Path \""""$UsersFolder/$directory/$secondarydirectory\"""" -ErrorAction SilentlyContinue | Out-File -append $env:temp\T1083Test5.txt}
}
cat $env:temp\T1083Test5.txt}

CurrentDirectory: C:\Users\User\AppData\Local\Temp\

User: WINDEV2309EVAL\User

LogonGuid: {f57bd86a-36f9-658c-7bf8-020000000000}

LogonId: 0x2F87B

TerminalSessionId: 1

IntegrityLevel: Medium

Hashes: MD5=2D1D70C92A419D9079B047954C611886,SHA256=C50057756CDB25D481CF2502ABCEF124F864C27618C5057468BFC6B82B2C4EDD,IMPHASH=E09C4F82A1DA13A09F4FF2E625FEBA20

ParentProcessGuid: {00000000-0000-0000-0000-000000000000}

ParentProcessId: 1688

ParentImage: -

ParentCommandLine: -

ParentUser: -</Message>
      <Level>Information</Level>
      <Task>Process Create (rule: ProcessCreate)</Task>
      <Opcode>Info</Opcode>
    </RenderingInfo>
  </Event>
  
"
Microsoft-Windows-Sysmon/Operational,,,WinDev2309Eval,2023-12-27 20:24:52.609,,,11,19575,,,C:\Windows\System32\WindowsPowerShell\v1.0\powershell.exe,,0x8000000000000000,Information,,,"File created:

RuleName: -

UtcTime: 2023-12-27 20:24:52.609

ProcessGuid: {f57bd86a-8814-658c-c901-000000000f00}

ProcessId: 10640

Image: C:\Windows\System32\WindowsPowerShell\v1.0\powershell.exe

TargetFilename: C:\Users\User\AppData\Local\Temp\__PSScriptPolicyTest_latfgc1e.dgp.ps1

CreationUtcTime: 2023-12-27 20:24:52.609

User: WINDEV2309EVAL\User",Info,,,,,,,{f57bd86a-8814-658c-c901-000000000f00},3588,10640,,,,,"
      ",-,2023-12-27T20:24:52.6220641Z,C:\Users\User\AppData\Local\Temp\__PSScriptPolicyTest_latfgc1e.dgp.ps1,File created (rule: FileCreate),,5124,WINDEV2309EVAL\User,S-1-5-18,2023-12-27 20:24:52.609,2,"<Event xmlns=""http://schemas.microsoft.com/win/2004/08/events/event"">
    <System>
      <Provider Name=""Microsoft-Windows-Sysmon"" Guid=""{5770385f-c22a-43e0-bf4c-06f5698ffbd9}""/>
      <EventID>11</EventID>
      <Version>2</Version>
      <Level>4</Level>
      <Task>11</Task>
      <Opcode>0</Opcode>
      <Keywords>0x8000000000000000</Keywords>
      <TimeCreated SystemTime=""2023-12-27T20:24:52.6220641Z""/>
      <EventRecordID>19575</EventRecordID>
      <Correlation/>
      <Execution ProcessID=""3588"" ThreadID=""5124""/>
      <Channel>Microsoft-Windows-Sysmon/Operational</Channel>
      <Computer>WinDev2309Eval</Computer>
      <Security UserID=""S-1-5-18""/>
    </System>
    <EventData>
      <Data Name=""RuleName"">-</Data>
      <Data Name=""UtcTime"">2023-12-27 20:24:52.609</Data>
      <Data Name=""ProcessGuid"">{f57bd86a-8814-658c-c901-000000000f00}</Data>
      <Data Name=""ProcessId"">10640</Data>
      <Data Name=""Image"">C:\Windows\System32\WindowsPowerShell\v1.0\powershell.exe</Data>
      <Data Name=""TargetFilename"">C:\Users\User\AppData\Local\Temp\__PSScriptPolicyTest_latfgc1e.dgp.ps1</Data>
      <Data Name=""CreationUtcTime"">2023-12-27 20:24:52.609</Data>
      <Data Name=""User"">WINDEV2309EVAL\User</Data>
    </EventData>
    <RenderingInfo Culture=""en-US"">
      <Message>File created:

RuleName: -

UtcTime: 2023-12-27 20:24:52.609

ProcessGuid: {f57bd86a-8814-658c-c901-000000000f00}

ProcessId: 10640

Image: C:\Windows\System32\WindowsPowerShell\v1.0\powershell.exe

TargetFilename: C:\Users\User\AppData\Local\Temp\__PSScriptPolicyTest_latfgc1e.dgp.ps1

CreationUtcTime: 2023-12-27 20:24:52.609

User: WINDEV2309EVAL\User</Message>
      <Level>Information</Level>
      <Task>File created (rule: FileCreate)</Task>
      <Opcode>Info</Opcode>
    </RenderingInfo>
  </Event>
  
"
Microsoft-Windows-Sysmon/Operational,"""powershell.exe"" & {ls -recurse
get-childitem -recurse
gci -recurse}",Microsoft Corporation,WinDev2309Eval,,C:\Users\User\AppData\Local\Temp\,Windows PowerShell,1,19574,10.0.22621.2506 (WinBuild.160101.0800),"MD5=2D1D70C92A419D9079B047954C611886,SHA256=C50057756CDB25D481CF2502ABCEF124F864C27618C5057468BFC6B82B2C4EDD,IMPHASH=E09C4F82A1DA13A09F4FF2E625FEBA20",C:\Windows\System32\WindowsPowerShell\v1.0\powershell.exe,Medium,0x8000000000000000,Information,{f57bd86a-36f9-658c-7bf8-020000000000},0x2f87b,"Process Create:

RuleName: -

UtcTime: 2023-12-27 20:24:52.461

ProcessGuid: {f57bd86a-8814-658c-c901-000000000f00}

ProcessId: 10640

Image: C:\Windows\System32\WindowsPowerShell\v1.0\powershell.exe

FileVersion: 10.0.22621.2506 (WinBuild.160101.0800)

Description: Windows PowerShell

Product: Microsoft® Windows® Operating System

Company: Microsoft Corporation

OriginalFileName: PowerShell.EXE

CommandLine: ""powershell.exe"" & {ls -recurse
get-childitem -recurse
gci -recurse}

CurrentDirectory: C:\Users\User\AppData\Local\Temp\

User: WINDEV2309EVAL\User

LogonGuid: {f57bd86a-36f9-658c-7bf8-020000000000}

LogonId: 0x2F87B

TerminalSessionId: 1

IntegrityLevel: Medium

Hashes: MD5=2D1D70C92A419D9079B047954C611886,SHA256=C50057756CDB25D481CF2502ABCEF124F864C27618C5057468BFC6B82B2C4EDD,IMPHASH=E09C4F82A1DA13A09F4FF2E625FEBA20

ParentProcessGuid: {00000000-0000-0000-0000-000000000000}

ParentProcessId: 1688

ParentImage: -

ParentCommandLine: -

ParentUser: -",Info,PowerShell.EXE,-,-,{00000000-0000-0000-0000-000000000000},1688,-,{f57bd86a-8814-658c-c901-000000000f00},3588,10640,Microsoft® Windows® Operating System,,,,"
      ",-,2023-12-27T20:24:52.4635915Z,,Process Create (rule: ProcessCreate),1,5124,WINDEV2309EVAL\User,S-1-5-18,2023-12-27 20:24:52.461,5,"<Event xmlns=""http://schemas.microsoft.com/win/2004/08/events/event"">
    <System>
      <Provider Name=""Microsoft-Windows-Sysmon"" Guid=""{5770385f-c22a-43e0-bf4c-06f5698ffbd9}""/>
      <EventID>1</EventID>
      <Version>5</Version>
      <Level>4</Level>
      <Task>1</Task>
      <Opcode>0</Opcode>
      <Keywords>0x8000000000000000</Keywords>
      <TimeCreated SystemTime=""2023-12-27T20:24:52.4635915Z""/>
      <EventRecordID>19574</EventRecordID>
      <Correlation/>
      <Execution ProcessID=""3588"" ThreadID=""5124""/>
      <Channel>Microsoft-Windows-Sysmon/Operational</Channel>
      <Computer>WinDev2309Eval</Computer>
      <Security UserID=""S-1-5-18""/>
    </System>
    <EventData>
      <Data Name=""RuleName"">-</Data>
      <Data Name=""UtcTime"">2023-12-27 20:24:52.461</Data>
      <Data Name=""ProcessGuid"">{f57bd86a-8814-658c-c901-000000000f00}</Data>
      <Data Name=""ProcessId"">10640</Data>
      <Data Name=""Image"">C:\Windows\System32\WindowsPowerShell\v1.0\powershell.exe</Data>
      <Data Name=""FileVersion"">10.0.22621.2506 (WinBuild.160101.0800)</Data>
      <Data Name=""Description"">Windows PowerShell</Data>
      <Data Name=""Product"">Microsoft&#174; Windows&#174; Operating System</Data>
      <Data Name=""Company"">Microsoft Corporation</Data>
      <Data Name=""OriginalFileName"">PowerShell.EXE</Data>
      <Data Name=""CommandLine"">""powershell.exe"" &amp; {ls -recurse
get-childitem -recurse
gci -recurse}</Data>
      <Data Name=""CurrentDirectory"">C:\Users\User\AppData\Local\Temp\</Data>
      <Data Name=""User"">WINDEV2309EVAL\User</Data>
      <Data Name=""LogonGuid"">{f57bd86a-36f9-658c-7bf8-020000000000}</Data>
      <Data Name=""LogonId"">0x2f87b</Data>
      <Data Name=""TerminalSessionId"">1</Data>
      <Data Name=""IntegrityLevel"">Medium</Data>
      <Data Name=""Hashes"">MD5=2D1D70C92A419D9079B047954C611886,SHA256=C50057756CDB25D481CF2502ABCEF124F864C27618C5057468BFC6B82B2C4EDD,IMPHASH=E09C4F82A1DA13A09F4FF2E625FEBA20</Data>
      <Data Name=""ParentProcessGuid"">{00000000-0000-0000-0000-000000000000}</Data>
      <Data Name=""ParentProcessId"">1688</Data>
      <Data Name=""ParentImage"">-</Data>
      <Data Name=""ParentCommandLine"">-</Data>
      <Data Name=""ParentUser"">-</Data>
    </EventData>
    <RenderingInfo Culture=""en-US"">
      <Message>Process Create:

RuleName: -

UtcTime: 2023-12-27 20:24:52.461

ProcessGuid: {f57bd86a-8814-658c-c901-000000000f00}

ProcessId: 10640

Image: C:\Windows\System32\WindowsPowerShell\v1.0\powershell.exe

FileVersion: 10.0.22621.2506 (WinBuild.160101.0800)

Description: Windows PowerShell

Product: Microsoft&#174; Windows&#174; Operating System

Company: Microsoft Corporation

OriginalFileName: PowerShell.EXE

CommandLine: ""powershell.exe"" &amp; {ls -recurse
get-childitem -recurse
gci -recurse}

CurrentDirectory: C:\Users\User\AppData\Local\Temp\

User: WINDEV2309EVAL\User

LogonGuid: {f57bd86a-36f9-658c-7bf8-020000000000}

LogonId: 0x2F87B

TerminalSessionId: 1

IntegrityLevel: Medium

Hashes: MD5=2D1D70C92A419D9079B047954C611886,SHA256=C50057756CDB25D481CF2502ABCEF124F864C27618C5057468BFC6B82B2C4EDD,IMPHASH=E09C4F82A1DA13A09F4FF2E625FEBA20

ParentProcessGuid: {00000000-0000-0000-0000-000000000000}

ParentProcessId: 1688

ParentImage: -

ParentCommandLine: -

ParentUser: -</Message>
      <Level>Information</Level>
      <Task>Process Create (rule: ProcessCreate)</Task>
      <Opcode>Info</Opcode>
    </RenderingInfo>
  </Event>
  
"
Microsoft-Windows-Sysmon/Operational,tree  /F ,Microsoft Corporation,WinDev2309Eval,,C:\Users\User\AppData\Local\Temp\,Tree Walk Utility,1,19573,10.0.22621.1 (WinBuild.160101.0800),"MD5=14A6C2BBB3CFFCEAB2DFA17E875DACF2,SHA256=FE5D653005DF9D6C900F61D9CBB2EC0DC74662B87B327006541198CCD382B32C,IMPHASH=CE61F0D54E756CF478D6DB3F61F7ECA0",C:\Windows\System32\tree.com,Medium,0x8000000000000000,Information,{f57bd86a-36f9-658c-7bf8-020000000000},0x2f87b,"Process Create:

RuleName: -

UtcTime: 2023-12-27 20:24:50.998

ProcessGuid: {f57bd86a-8812-658c-c801-000000000f00}

ProcessId: 860

Image: C:\Windows\System32\tree.com

FileVersion: 10.0.22621.1 (WinBuild.160101.0800)

Description: Tree Walk Utility

Product: Microsoft® Windows® Operating System

Company: Microsoft Corporation

OriginalFileName: TREE.COM

CommandLine: tree  /F 

CurrentDirectory: C:\Users\User\AppData\Local\Temp\

User: WINDEV2309EVAL\User

LogonGuid: {f57bd86a-36f9-658c-7bf8-020000000000}

LogonId: 0x2F87B

TerminalSessionId: 1

IntegrityLevel: Medium

Hashes: MD5=14A6C2BBB3CFFCEAB2DFA17E875DACF2,SHA256=FE5D653005DF9D6C900F61D9CBB2EC0DC74662B87B327006541198CCD382B32C,IMPHASH=CE61F0D54E756CF478D6DB3F61F7ECA0

ParentProcessGuid: {f57bd86a-87e4-658c-c401-000000000f00}

ParentProcessId: 6380

ParentImage: C:\Windows\System32\cmd.exe

ParentCommandLine: ""cmd.exe"" /c dir /s c:\ >> %temp%\T1083Test1.txt & dir /s ""c:\Documents and Settings"" >> %temp%\T1083Test1.txt & dir /s ""c:\Program Files\"" >> %temp%\T1083Test1.txt & dir ""%systemdrive%\Users\*.*"" >> %temp%\T1083Test1.txt & dir ""%userprofile%\AppData\Roaming\Microsoft\Windows\Recent\*.*"" >> %temp%\T1083Test1.txt & dir ""%userprofile%\Desktop\*.*"" >> %temp%\T1083Test1.txt & tree /F >> %temp%\T1083Test1.txt

ParentUser: WINDEV2309EVAL\User",Info,TREE.COM,"""cmd.exe"" /c dir /s c:\ >> %temp%\T1083Test1.txt & dir /s ""c:\Documents and Settings"" >> %temp%\T1083Test1.txt & dir /s ""c:\Program Files\"" >> %temp%\T1083Test1.txt & dir ""%systemdrive%\Users\*.*"" >> %temp%\T1083Test1.txt & dir ""%userprofile%\AppData\Roaming\Microsoft\Windows\Recent\*.*"" >> %temp%\T1083Test1.txt & dir ""%userprofile%\Desktop\*.*"" >> %temp%\T1083Test1.txt & tree /F >> %temp%\T1083Test1.txt",C:\Windows\System32\cmd.exe,{f57bd86a-87e4-658c-c401-000000000f00},6380,WINDEV2309EVAL\User,{f57bd86a-8812-658c-c801-000000000f00},3588,860,Microsoft® Windows® Operating System,,,,"
      ",-,2023-12-27T20:24:51.0001716Z,,Process Create (rule: ProcessCreate),1,5124,WINDEV2309EVAL\User,S-1-5-18,2023-12-27 20:24:50.998,5,"<Event xmlns=""http://schemas.microsoft.com/win/2004/08/events/event"">
    <System>
      <Provider Name=""Microsoft-Windows-Sysmon"" Guid=""{5770385f-c22a-43e0-bf4c-06f5698ffbd9}""/>
      <EventID>1</EventID>
      <Version>5</Version>
      <Level>4</Level>
      <Task>1</Task>
      <Opcode>0</Opcode>
      <Keywords>0x8000000000000000</Keywords>
      <TimeCreated SystemTime=""2023-12-27T20:24:51.0001716Z""/>
      <EventRecordID>19573</EventRecordID>
      <Correlation/>
      <Execution ProcessID=""3588"" ThreadID=""5124""/>
      <Channel>Microsoft-Windows-Sysmon/Operational</Channel>
      <Computer>WinDev2309Eval</Computer>
      <Security UserID=""S-1-5-18""/>
    </System>
    <EventData>
      <Data Name=""RuleName"">-</Data>
      <Data Name=""UtcTime"">2023-12-27 20:24:50.998</Data>
      <Data Name=""ProcessGuid"">{f57bd86a-8812-658c-c801-000000000f00}</Data>
      <Data Name=""ProcessId"">860</Data>
      <Data Name=""Image"">C:\Windows\System32\tree.com</Data>
      <Data Name=""FileVersion"">10.0.22621.1 (WinBuild.160101.0800)</Data>
      <Data Name=""Description"">Tree Walk Utility</Data>
      <Data Name=""Product"">Microsoft&#174; Windows&#174; Operating System</Data>
      <Data Name=""Company"">Microsoft Corporation</Data>
      <Data Name=""OriginalFileName"">TREE.COM</Data>
      <Data Name=""CommandLine"">tree  /F </Data>
      <Data Name=""CurrentDirectory"">C:\Users\User\AppData\Local\Temp\</Data>
      <Data Name=""User"">WINDEV2309EVAL\User</Data>
      <Data Name=""LogonGuid"">{f57bd86a-36f9-658c-7bf8-020000000000}</Data>
      <Data Name=""LogonId"">0x2f87b</Data>
      <Data Name=""TerminalSessionId"">1</Data>
      <Data Name=""IntegrityLevel"">Medium</Data>
      <Data Name=""Hashes"">MD5=14A6C2BBB3CFFCEAB2DFA17E875DACF2,SHA256=FE5D653005DF9D6C900F61D9CBB2EC0DC74662B87B327006541198CCD382B32C,IMPHASH=CE61F0D54E756CF478D6DB3F61F7ECA0</Data>
      <Data Name=""ParentProcessGuid"">{f57bd86a-87e4-658c-c401-000000000f00}</Data>
      <Data Name=""ParentProcessId"">6380</Data>
      <Data Name=""ParentImage"">C:\Windows\System32\cmd.exe</Data>
      <Data Name=""ParentCommandLine"">""cmd.exe"" /c dir /s c:\ &gt;&gt; %temp%\T1083Test1.txt &amp; dir /s ""c:\Documents and Settings"" &gt;&gt; %temp%\T1083Test1.txt &amp; dir /s ""c:\Program Files\"" &gt;&gt; %temp%\T1083Test1.txt &amp; dir ""%systemdrive%\Users\*.*"" &gt;&gt; %temp%\T1083Test1.txt &amp; dir ""%userprofile%\AppData\Roaming\Microsoft\Windows\Recent\*.*"" &gt;&gt; %temp%\T1083Test1.txt &amp; dir ""%userprofile%\Desktop\*.*"" &gt;&gt; %temp%\T1083Test1.txt &amp; tree /F &gt;&gt; %temp%\T1083Test1.txt</Data>
      <Data Name=""ParentUser"">WINDEV2309EVAL\User</Data>
    </EventData>
    <RenderingInfo Culture=""en-US"">
      <Message>Process Create:

RuleName: -

UtcTime: 2023-12-27 20:24:50.998

ProcessGuid: {f57bd86a-8812-658c-c801-000000000f00}

ProcessId: 860

Image: C:\Windows\System32\tree.com

FileVersion: 10.0.22621.1 (WinBuild.160101.0800)

Description: Tree Walk Utility

Product: Microsoft&#174; Windows&#174; Operating System

Company: Microsoft Corporation

OriginalFileName: TREE.COM

CommandLine: tree  /F 

CurrentDirectory: C:\Users\User\AppData\Local\Temp\

User: WINDEV2309EVAL\User

LogonGuid: {f57bd86a-36f9-658c-7bf8-020000000000}

LogonId: 0x2F87B

TerminalSessionId: 1

IntegrityLevel: Medium

Hashes: MD5=14A6C2BBB3CFFCEAB2DFA17E875DACF2,SHA256=FE5D653005DF9D6C900F61D9CBB2EC0DC74662B87B327006541198CCD382B32C,IMPHASH=CE61F0D54E756CF478D6DB3F61F7ECA0

ParentProcessGuid: {f57bd86a-87e4-658c-c401-000000000f00}

ParentProcessId: 6380

ParentImage: C:\Windows\System32\cmd.exe

ParentCommandLine: ""cmd.exe"" /c dir /s c:\ &gt;&gt; %temp%\T1083Test1.txt &amp; dir /s ""c:\Documents and Settings"" &gt;&gt; %temp%\T1083Test1.txt &amp; dir /s ""c:\Program Files\"" &gt;&gt; %temp%\T1083Test1.txt &amp; dir ""%systemdrive%\Users\*.*"" &gt;&gt; %temp%\T1083Test1.txt &amp; dir ""%userprofile%\AppData\Roaming\Microsoft\Windows\Recent\*.*"" &gt;&gt; %temp%\T1083Test1.txt &amp; dir ""%userprofile%\Desktop\*.*"" &gt;&gt; %temp%\T1083Test1.txt &amp; tree /F &gt;&gt; %temp%\T1083Test1.txt

ParentUser: WINDEV2309EVAL\User</Message>
      <Level>Information</Level>
      <Task>Process Create (rule: ProcessCreate)</Task>
      <Opcode>Info</Opcode>
    </RenderingInfo>
  </Event>
  
"
Microsoft-Windows-Sysmon/Operational,"""cmd.exe"" /c dir /s c:\ >> %%temp%%\T1083Test1.txt & dir /s ""c:\Documents and Settings"" >> %%temp%%\T1083Test1.txt & dir /s ""c:\Program Files\"" >> %%temp%%\T1083Test1.txt & dir ""%%systemdrive%%\Users\*.*"" >> %%temp%%\T1083Test1.txt & dir ""%%userprofile%%\AppData\Roaming\Microsoft\Windows\Recent\*.*"" >> %%temp%%\T1083Test1.txt & dir ""%%userprofile%%\Desktop\*.*"" >> %%temp%%\T1083Test1.txt & tree /F >> %%temp%%\T1083Test1.txt",Microsoft Corporation,WinDev2309Eval,,C:\Users\User\AppData\Local\Temp\,Windows Command Processor,1,19572,10.0.22621.2506 (WinBuild.160101.0800),"MD5=133D568ECCB557E37BEA1459521CBAC2,SHA256=05A30592D2C3421C41121145C6EEFA7C81FEA6B42D6233A522240A8468326B9C,IMPHASH=D73E39DAB3C8B57AA408073D01254964",C:\Windows\System32\cmd.exe,Medium,0x8000000000000000,Information,{f57bd86a-36f9-658c-7bf8-020000000000},0x2f87b,"Process Create:

RuleName: -

UtcTime: 2023-12-27 20:24:04.527

ProcessGuid: {f57bd86a-87e4-658c-c401-000000000f00}

ProcessId: 6380

Image: C:\Windows\System32\cmd.exe

FileVersion: 10.0.22621.2506 (WinBuild.160101.0800)

Description: Windows Command Processor

Product: Microsoft® Windows® Operating System

Company: Microsoft Corporation

OriginalFileName: Cmd.Exe

CommandLine: ""cmd.exe"" /c dir /s c:\ >> %%temp%%\T1083Test1.txt & dir /s ""c:\Documents and Settings"" >> %%temp%%\T1083Test1.txt & dir /s ""c:\Program Files\"" >> %%temp%%\T1083Test1.txt & dir ""%%systemdrive%%\Users\*.*"" >> %%temp%%\T1083Test1.txt & dir ""%%userprofile%%\AppData\Roaming\Microsoft\Windows\Recent\*.*"" >> %%temp%%\T1083Test1.txt & dir ""%%userprofile%%\Desktop\*.*"" >> %%temp%%\T1083Test1.txt & tree /F >> %%temp%%\T1083Test1.txt

CurrentDirectory: C:\Users\User\AppData\Local\Temp\

User: WINDEV2309EVAL\User

LogonGuid: {f57bd86a-36f9-658c-7bf8-020000000000}

LogonId: 0x2F87B

TerminalSessionId: 1

IntegrityLevel: Medium

Hashes: MD5=133D568ECCB557E37BEA1459521CBAC2,SHA256=05A30592D2C3421C41121145C6EEFA7C81FEA6B42D6233A522240A8468326B9C,IMPHASH=D73E39DAB3C8B57AA408073D01254964

ParentProcessGuid: {00000000-0000-0000-0000-000000000000}

ParentProcessId: 1688

ParentImage: -

ParentCommandLine: -

ParentUser: -",Info,Cmd.Exe,-,-,{00000000-0000-0000-0000-000000000000},1688,-,{f57bd86a-87e4-658c-c401-000000000f00},3588,6380,Microsoft® Windows® Operating System,,,,"
      ",-,2023-12-27T20:24:04.5289165Z,,Process Create (rule: ProcessCreate),1,5124,WINDEV2309EVAL\User,S-1-5-18,2023-12-27 20:24:04.527,5,"<Event xmlns=""http://schemas.microsoft.com/win/2004/08/events/event"">
    <System>
      <Provider Name=""Microsoft-Windows-Sysmon"" Guid=""{5770385f-c22a-43e0-bf4c-06f5698ffbd9}""/>
      <EventID>1</EventID>
      <Version>5</Version>
      <Level>4</Level>
      <Task>1</Task>
      <Opcode>0</Opcode>
      <Keywords>0x8000000000000000</Keywords>
      <TimeCreated SystemTime=""2023-12-27T20:24:04.5289165Z""/>
      <EventRecordID>19572</EventRecordID>
      <Correlation/>
      <Execution ProcessID=""3588"" ThreadID=""5124""/>
      <Channel>Microsoft-Windows-Sysmon/Operational</Channel>
      <Computer>WinDev2309Eval</Computer>
      <Security UserID=""S-1-5-18""/>
    </System>
    <EventData>
      <Data Name=""RuleName"">-</Data>
      <Data Name=""UtcTime"">2023-12-27 20:24:04.527</Data>
      <Data Name=""ProcessGuid"">{f57bd86a-87e4-658c-c401-000000000f00}</Data>
      <Data Name=""ProcessId"">6380</Data>
      <Data Name=""Image"">C:\Windows\System32\cmd.exe</Data>
      <Data Name=""FileVersion"">10.0.22621.2506 (WinBuild.160101.0800)</Data>
      <Data Name=""Description"">Windows Command Processor</Data>
      <Data Name=""Product"">Microsoft&#174; Windows&#174; Operating System</Data>
      <Data Name=""Company"">Microsoft Corporation</Data>
      <Data Name=""OriginalFileName"">Cmd.Exe</Data>
      <Data Name=""CommandLine"">""cmd.exe"" /c dir /s c:\ &gt;&gt; %%temp%%\T1083Test1.txt &amp; dir /s ""c:\Documents and Settings"" &gt;&gt; %%temp%%\T1083Test1.txt &amp; dir /s ""c:\Program Files\"" &gt;&gt; %%temp%%\T1083Test1.txt &amp; dir ""%%systemdrive%%\Users\*.*"" &gt;&gt; %%temp%%\T1083Test1.txt &amp; dir ""%%userprofile%%\AppData\Roaming\Microsoft\Windows\Recent\*.*"" &gt;&gt; %%temp%%\T1083Test1.txt &amp; dir ""%%userprofile%%\Desktop\*.*"" &gt;&gt; %%temp%%\T1083Test1.txt &amp; tree /F &gt;&gt; %%temp%%\T1083Test1.txt</Data>
      <Data Name=""CurrentDirectory"">C:\Users\User\AppData\Local\Temp\</Data>
      <Data Name=""User"">WINDEV2309EVAL\User</Data>
      <Data Name=""LogonGuid"">{f57bd86a-36f9-658c-7bf8-020000000000}</Data>
      <Data Name=""LogonId"">0x2f87b</Data>
      <Data Name=""TerminalSessionId"">1</Data>
      <Data Name=""IntegrityLevel"">Medium</Data>
      <Data Name=""Hashes"">MD5=133D568ECCB557E37BEA1459521CBAC2,SHA256=05A30592D2C3421C41121145C6EEFA7C81FEA6B42D6233A522240A8468326B9C,IMPHASH=D73E39DAB3C8B57AA408073D01254964</Data>
      <Data Name=""ParentProcessGuid"">{00000000-0000-0000-0000-000000000000}</Data>
      <Data Name=""ParentProcessId"">1688</Data>
      <Data Name=""ParentImage"">-</Data>
      <Data Name=""ParentCommandLine"">-</Data>
      <Data Name=""ParentUser"">-</Data>
    </EventData>
    <RenderingInfo Culture=""en-US"">
      <Message>Process Create:

RuleName: -

UtcTime: 2023-12-27 20:24:04.527

ProcessGuid: {f57bd86a-87e4-658c-c401-000000000f00}

ProcessId: 6380

Image: C:\Windows\System32\cmd.exe

FileVersion: 10.0.22621.2506 (WinBuild.160101.0800)

Description: Windows Command Processor

Product: Microsoft&#174; Windows&#174; Operating System

Company: Microsoft Corporation

OriginalFileName: Cmd.Exe

CommandLine: ""cmd.exe"" /c dir /s c:\ &gt;&gt; %%temp%%\T1083Test1.txt &amp; dir /s ""c:\Documents and Settings"" &gt;&gt; %%temp%%\T1083Test1.txt &amp; dir /s ""c:\Program Files\"" &gt;&gt; %%temp%%\T1083Test1.txt &amp; dir ""%%systemdrive%%\Users\*.*"" &gt;&gt; %%temp%%\T1083Test1.txt &amp; dir ""%%userprofile%%\AppData\Roaming\Microsoft\Windows\Recent\*.*"" &gt;&gt; %%temp%%\T1083Test1.txt &amp; dir ""%%userprofile%%\Desktop\*.*"" &gt;&gt; %%temp%%\T1083Test1.txt &amp; tree /F &gt;&gt; %%temp%%\T1083Test1.txt

CurrentDirectory: C:\Users\User\AppData\Local\Temp\

User: WINDEV2309EVAL\User

LogonGuid: {f57bd86a-36f9-658c-7bf8-020000000000}

LogonId: 0x2F87B

TerminalSessionId: 1

IntegrityLevel: Medium

Hashes: MD5=133D568ECCB557E37BEA1459521CBAC2,SHA256=05A30592D2C3421C41121145C6EEFA7C81FEA6B42D6233A522240A8468326B9C,IMPHASH=D73E39DAB3C8B57AA408073D01254964

ParentProcessGuid: {00000000-0000-0000-0000-000000000000}

ParentProcessId: 1688

ParentImage: -

ParentCommandLine: -

ParentUser: -</Message>
      <Level>Information</Level>
      <Task>Process Create (rule: ProcessCreate)</Task>
      <Opcode>Info</Opcode>
    </RenderingInfo>
  </Event>
  
"
