Microsoft-Windows-Sysmon/Operational,"""C:\Windows\System32\cmd.exe"" /c wevtutil al config\WindowsFirewallConsecLogVerbose.evtx",Microsoft Corporation,WinDev2309Eval,,C:\Users\User\AppData\Local\Temp\,Windows Command Processor,,,,,,,1,20114,,10.0.22621.2506 (WinBuild.160101.0800),"MD5=133D568ECCB557E37BEA1459521CBAC2,SHA256=05A30592D2C3421C41121145C6EEFA7C81FEA6B42D6233A522240A8468326B9C,IMPHASH=D73E39DAB3C8B57AA408073D01254964",C:\Windows\System32\cmd.exe,,Medium,0x8000000000000000,Information,{f57bd86a-36f9-658c-7bf8-020000000000},0x2f87b,"Process Create:

RuleName: -

UtcTime: 2023-12-27 20:22:21.115

ProcessGuid: {f57bd86a-877d-658c-0e04-000000000f00}

ProcessId: 2560

Image: C:\Windows\System32\cmd.exe

FileVersion: 10.0.22621.2506 (WinBuild.160101.0800)

Description: Windows Command Processor

Product: Microsoft® Windows® Operating System

Company: Microsoft Corporation

OriginalFileName: Cmd.Exe

CommandLine: ""C:\Windows\System32\cmd.exe"" /c wevtutil al config\WindowsFirewallConsecLogVerbose.evtx

CurrentDirectory: C:\Users\User\AppData\Local\Temp\

User: WINDEV2309EVAL\User

LogonGuid: {f57bd86a-36f9-658c-7bf8-020000000000}

LogonId: 0x2F87B

TerminalSessionId: 1

IntegrityLevel: Medium

Hashes: MD5=133D568ECCB557E37BEA1459521CBAC2,SHA256=05A30592D2C3421C41121145C6EEFA7C81FEA6B42D6233A522240A8468326B9C,IMPHASH=D73E39DAB3C8B57AA408073D01254964

ParentProcessGuid: {f57bd86a-876f-658c-4303-000000000f00}

ParentProcessId: 7660

ParentImage: C:\Windows\System32\wscript.exe

ParentCommandLine: wscript.exe  C:\Windows\System32\gatherNetworkInfo.vbs

ParentUser: WINDEV2309EVAL\User",Info,Cmd.Exe,wscript.exe  C:\Windows\System32\gatherNetworkInfo.vbs,C:\Windows\System32\wscript.exe,{f57bd86a-876f-658c-4303-000000000f00},7660,WINDEV2309EVAL\User,{f57bd86a-877d-658c-0e04-000000000f00},3588,2560,Microsoft® Windows® Operating System,,,,,"
      ",-,,,,,,2023-12-27T20:22:21.1165501Z,,,Process Create (rule: ProcessCreate),1,5124,WINDEV2309EVAL\User,S-1-5-18,2023-12-27 20:22:21.115,5,"<Event xmlns=""http://schemas.microsoft.com/win/2004/08/events/event"">
    <System>
      <Provider Name=""Microsoft-Windows-Sysmon"" Guid=""{5770385f-c22a-43e0-bf4c-06f5698ffbd9}""/>
      <EventID>1</EventID>
      <Version>5</Version>
      <Level>4</Level>
      <Task>1</Task>
      <Opcode>0</Opcode>
      <Keywords>0x8000000000000000</Keywords>
      <TimeCreated SystemTime=""2023-12-27T20:22:21.1165501Z""/>
      <EventRecordID>20114</EventRecordID>
      <Correlation/>
      <Execution ProcessID=""3588"" ThreadID=""5124""/>
      <Channel>Microsoft-Windows-Sysmon/Operational</Channel>
      <Computer>WinDev2309Eval</Computer>
      <Security UserID=""S-1-5-18""/>
    </System>
    <EventData>
      <Data Name=""RuleName"">-</Data>
      <Data Name=""UtcTime"">2023-12-27 20:22:21.115</Data>
      <Data Name=""ProcessGuid"">{f57bd86a-877d-658c-0e04-000000000f00}</Data>
      <Data Name=""ProcessId"">2560</Data>
      <Data Name=""Image"">C:\Windows\System32\cmd.exe</Data>
      <Data Name=""FileVersion"">10.0.22621.2506 (WinBuild.160101.0800)</Data>
      <Data Name=""Description"">Windows Command Processor</Data>
      <Data Name=""Product"">Microsoft&#174; Windows&#174; Operating System</Data>
      <Data Name=""Company"">Microsoft Corporation</Data>
      <Data Name=""OriginalFileName"">Cmd.Exe</Data>
      <Data Name=""CommandLine"">""C:\Windows\System32\cmd.exe"" /c wevtutil al config\WindowsFirewallConsecLogVerbose.evtx</Data>
      <Data Name=""CurrentDirectory"">C:\Users\User\AppData\Local\Temp\</Data>
      <Data Name=""User"">WINDEV2309EVAL\User</Data>
      <Data Name=""LogonGuid"">{f57bd86a-36f9-658c-7bf8-020000000000}</Data>
      <Data Name=""LogonId"">0x2f87b</Data>
      <Data Name=""TerminalSessionId"">1</Data>
      <Data Name=""IntegrityLevel"">Medium</Data>
      <Data Name=""Hashes"">MD5=133D568ECCB557E37BEA1459521CBAC2,SHA256=05A30592D2C3421C41121145C6EEFA7C81FEA6B42D6233A522240A8468326B9C,IMPHASH=D73E39DAB3C8B57AA408073D01254964</Data>
      <Data Name=""ParentProcessGuid"">{f57bd86a-876f-658c-4303-000000000f00}</Data>
      <Data Name=""ParentProcessId"">7660</Data>
      <Data Name=""ParentImage"">C:\Windows\System32\wscript.exe</Data>
      <Data Name=""ParentCommandLine"">wscript.exe  C:\Windows\System32\gatherNetworkInfo.vbs</Data>
      <Data Name=""ParentUser"">WINDEV2309EVAL\User</Data>
    </EventData>
    <RenderingInfo Culture=""en-US"">
      <Message>Process Create:

RuleName: -

UtcTime: 2023-12-27 20:22:21.115

ProcessGuid: {f57bd86a-877d-658c-0e04-000000000f00}

ProcessId: 2560

Image: C:\Windows\System32\cmd.exe

FileVersion: 10.0.22621.2506 (WinBuild.160101.0800)

Description: Windows Command Processor

Product: Microsoft&#174; Windows&#174; Operating System

Company: Microsoft Corporation

OriginalFileName: Cmd.Exe

CommandLine: ""C:\Windows\System32\cmd.exe"" /c wevtutil al config\WindowsFirewallConsecLogVerbose.evtx

CurrentDirectory: C:\Users\User\AppData\Local\Temp\

User: WINDEV2309EVAL\User

LogonGuid: {f57bd86a-36f9-658c-7bf8-020000000000}

LogonId: 0x2F87B

TerminalSessionId: 1

IntegrityLevel: Medium

Hashes: MD5=133D568ECCB557E37BEA1459521CBAC2,SHA256=05A30592D2C3421C41121145C6EEFA7C81FEA6B42D6233A522240A8468326B9C,IMPHASH=D73E39DAB3C8B57AA408073D01254964

ParentProcessGuid: {f57bd86a-876f-658c-4303-000000000f00}

ParentProcessId: 7660

ParentImage: C:\Windows\System32\wscript.exe

ParentCommandLine: wscript.exe  C:\Windows\System32\gatherNetworkInfo.vbs

ParentUser: WINDEV2309EVAL\User</Message>
      <Level>Information</Level>
      <Task>Process Create (rule: ProcessCreate)</Task>
      <Opcode>Info</Opcode>
    </RenderingInfo>
  </Event>
  
"
Microsoft-Windows-Sysmon/Operational,"wevtutil  epl ""Microsoft-Windows-Windows Firewall With Advanced Security/ConnectionSecurityVerbose"" config\WindowsFirewallConsecLogVerbose.evtx",Microsoft Corporation,WinDev2309Eval,,C:\Users\User\AppData\Local\Temp\,Windows Event Log Utility,,,,,,,1,20113,,10.0.22621.2506 (WinBuild.160101.0800),"MD5=3331F35EC34595843187CD518B9FBA48,SHA256=0FBB4B8092E8F3B4A298A133DC30E5F80D420380BACB5D3B27D0D2BCB9103230,IMPHASH=92CA71320A49850E970004A94EA5D695",C:\Windows\System32\wevtutil.exe,,Medium,0x8000000000000000,Information,{f57bd86a-36f9-658c-7bf8-020000000000},0x2f87b,"Process Create:

RuleName: -

UtcTime: 2023-12-27 20:22:21.088

ProcessGuid: {f57bd86a-877d-658c-0d04-000000000f00}

ProcessId: 10760

Image: C:\Windows\System32\wevtutil.exe

FileVersion: 10.0.22621.2506 (WinBuild.160101.0800)

Description: Windows Event Log Utility

Product: Microsoft® Windows® Operating System

Company: Microsoft Corporation

OriginalFileName: wevtutil.exe

CommandLine: wevtutil  epl ""Microsoft-Windows-Windows Firewall With Advanced Security/ConnectionSecurityVerbose"" config\WindowsFirewallConsecLogVerbose.evtx

CurrentDirectory: C:\Users\User\AppData\Local\Temp\

User: WINDEV2309EVAL\User

LogonGuid: {f57bd86a-36f9-658c-7bf8-020000000000}

LogonId: 0x2F87B

TerminalSessionId: 1

IntegrityLevel: Medium

Hashes: MD5=3331F35EC34595843187CD518B9FBA48,SHA256=0FBB4B8092E8F3B4A298A133DC30E5F80D420380BACB5D3B27D0D2BCB9103230,IMPHASH=92CA71320A49850E970004A94EA5D695

ParentProcessGuid: {f57bd86a-877d-658c-0b04-000000000f00}

ParentProcessId: 6464

ParentImage: C:\Windows\System32\cmd.exe

ParentCommandLine: ""C:\Windows\System32\cmd.exe"" /c wevtutil epl ""Microsoft-Windows-Windows Firewall With Advanced Security/ConnectionSecurityVerbose"" config\WindowsFirewallConsecLogVerbose.evtx

ParentUser: WINDEV2309EVAL\User",Info,wevtutil.exe,"""C:\Windows\System32\cmd.exe"" /c wevtutil epl ""Microsoft-Windows-Windows Firewall With Advanced Security/ConnectionSecurityVerbose"" config\WindowsFirewallConsecLogVerbose.evtx",C:\Windows\System32\cmd.exe,{f57bd86a-877d-658c-0b04-000000000f00},6464,WINDEV2309EVAL\User,{f57bd86a-877d-658c-0d04-000000000f00},3588,10760,Microsoft® Windows® Operating System,,,,,"
      ",-,,,,,,2023-12-27T20:22:21.0893847Z,,,Process Create (rule: ProcessCreate),1,5124,WINDEV2309EVAL\User,S-1-5-18,2023-12-27 20:22:21.088,5,"<Event xmlns=""http://schemas.microsoft.com/win/2004/08/events/event"">
    <System>
      <Provider Name=""Microsoft-Windows-Sysmon"" Guid=""{5770385f-c22a-43e0-bf4c-06f5698ffbd9}""/>
      <EventID>1</EventID>
      <Version>5</Version>
      <Level>4</Level>
      <Task>1</Task>
      <Opcode>0</Opcode>
      <Keywords>0x8000000000000000</Keywords>
      <TimeCreated SystemTime=""2023-12-27T20:22:21.0893847Z""/>
      <EventRecordID>20113</EventRecordID>
      <Correlation/>
      <Execution ProcessID=""3588"" ThreadID=""5124""/>
      <Channel>Microsoft-Windows-Sysmon/Operational</Channel>
      <Computer>WinDev2309Eval</Computer>
      <Security UserID=""S-1-5-18""/>
    </System>
    <EventData>
      <Data Name=""RuleName"">-</Data>
      <Data Name=""UtcTime"">2023-12-27 20:22:21.088</Data>
      <Data Name=""ProcessGuid"">{f57bd86a-877d-658c-0d04-000000000f00}</Data>
      <Data Name=""ProcessId"">10760</Data>
      <Data Name=""Image"">C:\Windows\System32\wevtutil.exe</Data>
      <Data Name=""FileVersion"">10.0.22621.2506 (WinBuild.160101.0800)</Data>
      <Data Name=""Description"">Windows Event Log Utility</Data>
      <Data Name=""Product"">Microsoft&#174; Windows&#174; Operating System</Data>
      <Data Name=""Company"">Microsoft Corporation</Data>
      <Data Name=""OriginalFileName"">wevtutil.exe</Data>
      <Data Name=""CommandLine"">wevtutil  epl ""Microsoft-Windows-Windows Firewall With Advanced Security/ConnectionSecurityVerbose"" config\WindowsFirewallConsecLogVerbose.evtx</Data>
      <Data Name=""CurrentDirectory"">C:\Users\User\AppData\Local\Temp\</Data>
      <Data Name=""User"">WINDEV2309EVAL\User</Data>
      <Data Name=""LogonGuid"">{f57bd86a-36f9-658c-7bf8-020000000000}</Data>
      <Data Name=""LogonId"">0x2f87b</Data>
      <Data Name=""TerminalSessionId"">1</Data>
      <Data Name=""IntegrityLevel"">Medium</Data>
      <Data Name=""Hashes"">MD5=3331F35EC34595843187CD518B9FBA48,SHA256=0FBB4B8092E8F3B4A298A133DC30E5F80D420380BACB5D3B27D0D2BCB9103230,IMPHASH=92CA71320A49850E970004A94EA5D695</Data>
      <Data Name=""ParentProcessGuid"">{f57bd86a-877d-658c-0b04-000000000f00}</Data>
      <Data Name=""ParentProcessId"">6464</Data>
      <Data Name=""ParentImage"">C:\Windows\System32\cmd.exe</Data>
      <Data Name=""ParentCommandLine"">""C:\Windows\System32\cmd.exe"" /c wevtutil epl ""Microsoft-Windows-Windows Firewall With Advanced Security/ConnectionSecurityVerbose"" config\WindowsFirewallConsecLogVerbose.evtx</Data>
      <Data Name=""ParentUser"">WINDEV2309EVAL\User</Data>
    </EventData>
    <RenderingInfo Culture=""en-US"">
      <Message>Process Create:

RuleName: -

UtcTime: 2023-12-27 20:22:21.088

ProcessGuid: {f57bd86a-877d-658c-0d04-000000000f00}

ProcessId: 10760

Image: C:\Windows\System32\wevtutil.exe

FileVersion: 10.0.22621.2506 (WinBuild.160101.0800)

Description: Windows Event Log Utility

Product: Microsoft&#174; Windows&#174; Operating System

Company: Microsoft Corporation

OriginalFileName: wevtutil.exe

CommandLine: wevtutil  epl ""Microsoft-Windows-Windows Firewall With Advanced Security/ConnectionSecurityVerbose"" config\WindowsFirewallConsecLogVerbose.evtx

CurrentDirectory: C:\Users\User\AppData\Local\Temp\

User: WINDEV2309EVAL\User

LogonGuid: {f57bd86a-36f9-658c-7bf8-020000000000}

LogonId: 0x2F87B

TerminalSessionId: 1

IntegrityLevel: Medium

Hashes: MD5=3331F35EC34595843187CD518B9FBA48,SHA256=0FBB4B8092E8F3B4A298A133DC30E5F80D420380BACB5D3B27D0D2BCB9103230,IMPHASH=92CA71320A49850E970004A94EA5D695

ParentProcessGuid: {f57bd86a-877d-658c-0b04-000000000f00}

ParentProcessId: 6464

ParentImage: C:\Windows\System32\cmd.exe

ParentCommandLine: ""C:\Windows\System32\cmd.exe"" /c wevtutil epl ""Microsoft-Windows-Windows Firewall With Advanced Security/ConnectionSecurityVerbose"" config\WindowsFirewallConsecLogVerbose.evtx

ParentUser: WINDEV2309EVAL\User</Message>
      <Level>Information</Level>
      <Task>Process Create (rule: ProcessCreate)</Task>
      <Opcode>Info</Opcode>
    </RenderingInfo>
  </Event>
  
"
Microsoft-Windows-Sysmon/Operational,"""C:\Windows\System32\cmd.exe"" /c wevtutil epl ""Microsoft-Windows-Windows Firewall With Advanced Security/ConnectionSecurityVerbose"" config\WindowsFirewallConsecLogVerbose.evtx",Microsoft Corporation,WinDev2309Eval,,C:\Users\User\AppData\Local\Temp\,Windows Command Processor,,,,,,,1,20112,,10.0.22621.2506 (WinBuild.160101.0800),"MD5=133D568ECCB557E37BEA1459521CBAC2,SHA256=05A30592D2C3421C41121145C6EEFA7C81FEA6B42D6233A522240A8468326B9C,IMPHASH=D73E39DAB3C8B57AA408073D01254964",C:\Windows\System32\cmd.exe,,Medium,0x8000000000000000,Information,{f57bd86a-36f9-658c-7bf8-020000000000},0x2f87b,"Process Create:

RuleName: -

UtcTime: 2023-12-27 20:22:21.045

ProcessGuid: {f57bd86a-877d-658c-0b04-000000000f00}

ProcessId: 6464

Image: C:\Windows\System32\cmd.exe

FileVersion: 10.0.22621.2506 (WinBuild.160101.0800)

Description: Windows Command Processor

Product: Microsoft® Windows® Operating System

Company: Microsoft Corporation

OriginalFileName: Cmd.Exe

CommandLine: ""C:\Windows\System32\cmd.exe"" /c wevtutil epl ""Microsoft-Windows-Windows Firewall With Advanced Security/ConnectionSecurityVerbose"" config\WindowsFirewallConsecLogVerbose.evtx

CurrentDirectory: C:\Users\User\AppData\Local\Temp\

User: WINDEV2309EVAL\User

LogonGuid: {f57bd86a-36f9-658c-7bf8-020000000000}

LogonId: 0x2F87B

TerminalSessionId: 1

IntegrityLevel: Medium

Hashes: MD5=133D568ECCB557E37BEA1459521CBAC2,SHA256=05A30592D2C3421C41121145C6EEFA7C81FEA6B42D6233A522240A8468326B9C,IMPHASH=D73E39DAB3C8B57AA408073D01254964

ParentProcessGuid: {f57bd86a-876f-658c-4303-000000000f00}

ParentProcessId: 7660

ParentImage: C:\Windows\System32\wscript.exe

ParentCommandLine: wscript.exe  C:\Windows\System32\gatherNetworkInfo.vbs

ParentUser: WINDEV2309EVAL\User",Info,Cmd.Exe,wscript.exe  C:\Windows\System32\gatherNetworkInfo.vbs,C:\Windows\System32\wscript.exe,{f57bd86a-876f-658c-4303-000000000f00},7660,WINDEV2309EVAL\User,{f57bd86a-877d-658c-0b04-000000000f00},3588,6464,Microsoft® Windows® Operating System,,,,,"
      ",-,,,,,,2023-12-27T20:22:21.0462810Z,,,Process Create (rule: ProcessCreate),1,5124,WINDEV2309EVAL\User,S-1-5-18,2023-12-27 20:22:21.045,5,"<Event xmlns=""http://schemas.microsoft.com/win/2004/08/events/event"">
    <System>
      <Provider Name=""Microsoft-Windows-Sysmon"" Guid=""{5770385f-c22a-43e0-bf4c-06f5698ffbd9}""/>
      <EventID>1</EventID>
      <Version>5</Version>
      <Level>4</Level>
      <Task>1</Task>
      <Opcode>0</Opcode>
      <Keywords>0x8000000000000000</Keywords>
      <TimeCreated SystemTime=""2023-12-27T20:22:21.0462810Z""/>
      <EventRecordID>20112</EventRecordID>
      <Correlation/>
      <Execution ProcessID=""3588"" ThreadID=""5124""/>
      <Channel>Microsoft-Windows-Sysmon/Operational</Channel>
      <Computer>WinDev2309Eval</Computer>
      <Security UserID=""S-1-5-18""/>
    </System>
    <EventData>
      <Data Name=""RuleName"">-</Data>
      <Data Name=""UtcTime"">2023-12-27 20:22:21.045</Data>
      <Data Name=""ProcessGuid"">{f57bd86a-877d-658c-0b04-000000000f00}</Data>
      <Data Name=""ProcessId"">6464</Data>
      <Data Name=""Image"">C:\Windows\System32\cmd.exe</Data>
      <Data Name=""FileVersion"">10.0.22621.2506 (WinBuild.160101.0800)</Data>
      <Data Name=""Description"">Windows Command Processor</Data>
      <Data Name=""Product"">Microsoft&#174; Windows&#174; Operating System</Data>
      <Data Name=""Company"">Microsoft Corporation</Data>
      <Data Name=""OriginalFileName"">Cmd.Exe</Data>
      <Data Name=""CommandLine"">""C:\Windows\System32\cmd.exe"" /c wevtutil epl ""Microsoft-Windows-Windows Firewall With Advanced Security/ConnectionSecurityVerbose"" config\WindowsFirewallConsecLogVerbose.evtx</Data>
      <Data Name=""CurrentDirectory"">C:\Users\User\AppData\Local\Temp\</Data>
      <Data Name=""User"">WINDEV2309EVAL\User</Data>
      <Data Name=""LogonGuid"">{f57bd86a-36f9-658c-7bf8-020000000000}</Data>
      <Data Name=""LogonId"">0x2f87b</Data>
      <Data Name=""TerminalSessionId"">1</Data>
      <Data Name=""IntegrityLevel"">Medium</Data>
      <Data Name=""Hashes"">MD5=133D568ECCB557E37BEA1459521CBAC2,SHA256=05A30592D2C3421C41121145C6EEFA7C81FEA6B42D6233A522240A8468326B9C,IMPHASH=D73E39DAB3C8B57AA408073D01254964</Data>
      <Data Name=""ParentProcessGuid"">{f57bd86a-876f-658c-4303-000000000f00}</Data>
      <Data Name=""ParentProcessId"">7660</Data>
      <Data Name=""ParentImage"">C:\Windows\System32\wscript.exe</Data>
      <Data Name=""ParentCommandLine"">wscript.exe  C:\Windows\System32\gatherNetworkInfo.vbs</Data>
      <Data Name=""ParentUser"">WINDEV2309EVAL\User</Data>
    </EventData>
    <RenderingInfo Culture=""en-US"">
      <Message>Process Create:

RuleName: -

UtcTime: 2023-12-27 20:22:21.045

ProcessGuid: {f57bd86a-877d-658c-0b04-000000000f00}

ProcessId: 6464

Image: C:\Windows\System32\cmd.exe

FileVersion: 10.0.22621.2506 (WinBuild.160101.0800)

Description: Windows Command Processor

Product: Microsoft&#174; Windows&#174; Operating System

Company: Microsoft Corporation

OriginalFileName: Cmd.Exe

CommandLine: ""C:\Windows\System32\cmd.exe"" /c wevtutil epl ""Microsoft-Windows-Windows Firewall With Advanced Security/ConnectionSecurityVerbose"" config\WindowsFirewallConsecLogVerbose.evtx

CurrentDirectory: C:\Users\User\AppData\Local\Temp\

User: WINDEV2309EVAL\User

LogonGuid: {f57bd86a-36f9-658c-7bf8-020000000000}

LogonId: 0x2F87B

TerminalSessionId: 1

IntegrityLevel: Medium

Hashes: MD5=133D568ECCB557E37BEA1459521CBAC2,SHA256=05A30592D2C3421C41121145C6EEFA7C81FEA6B42D6233A522240A8468326B9C,IMPHASH=D73E39DAB3C8B57AA408073D01254964

ParentProcessGuid: {f57bd86a-876f-658c-4303-000000000f00}

ParentProcessId: 7660

ParentImage: C:\Windows\System32\wscript.exe

ParentCommandLine: wscript.exe  C:\Windows\System32\gatherNetworkInfo.vbs

ParentUser: WINDEV2309EVAL\User</Message>
      <Level>Information</Level>
      <Task>Process Create (rule: ProcessCreate)</Task>
      <Opcode>Info</Opcode>
    </RenderingInfo>
  </Event>
  
"
Microsoft-Windows-Sysmon/Operational,wevtutil  al config\WindowsFirewallLogVerbose.evtx,Microsoft Corporation,WinDev2309Eval,,C:\Users\User\AppData\Local\Temp\,Windows Event Log Utility,,,,,,,1,20111,,10.0.22621.2506 (WinBuild.160101.0800),"MD5=3331F35EC34595843187CD518B9FBA48,SHA256=0FBB4B8092E8F3B4A298A133DC30E5F80D420380BACB5D3B27D0D2BCB9103230,IMPHASH=92CA71320A49850E970004A94EA5D695",C:\Windows\System32\wevtutil.exe,,Medium,0x8000000000000000,Information,{f57bd86a-36f9-658c-7bf8-020000000000},0x2f87b,"Process Create:

RuleName: -

UtcTime: 2023-12-27 20:22:21.014

ProcessGuid: {f57bd86a-877d-658c-0a04-000000000f00}

ProcessId: 11152

Image: C:\Windows\System32\wevtutil.exe

FileVersion: 10.0.22621.2506 (WinBuild.160101.0800)

Description: Windows Event Log Utility

Product: Microsoft® Windows® Operating System

Company: Microsoft Corporation

OriginalFileName: wevtutil.exe

CommandLine: wevtutil  al config\WindowsFirewallLogVerbose.evtx

CurrentDirectory: C:\Users\User\AppData\Local\Temp\

User: WINDEV2309EVAL\User

LogonGuid: {f57bd86a-36f9-658c-7bf8-020000000000}

LogonId: 0x2F87B

TerminalSessionId: 1

IntegrityLevel: Medium

Hashes: MD5=3331F35EC34595843187CD518B9FBA48,SHA256=0FBB4B8092E8F3B4A298A133DC30E5F80D420380BACB5D3B27D0D2BCB9103230,IMPHASH=92CA71320A49850E970004A94EA5D695

ParentProcessGuid: {f57bd86a-877c-658c-0804-000000000f00}

ParentProcessId: 7280

ParentImage: C:\Windows\System32\cmd.exe

ParentCommandLine: ""C:\Windows\System32\cmd.exe"" /c wevtutil al config\WindowsFirewallLogVerbose.evtx

ParentUser: WINDEV2309EVAL\User",Info,wevtutil.exe,"""C:\Windows\System32\cmd.exe"" /c wevtutil al config\WindowsFirewallLogVerbose.evtx",C:\Windows\System32\cmd.exe,{f57bd86a-877c-658c-0804-000000000f00},7280,WINDEV2309EVAL\User,{f57bd86a-877d-658c-0a04-000000000f00},3588,11152,Microsoft® Windows® Operating System,,,,,"
      ",-,,,,,,2023-12-27T20:22:21.0151579Z,,,Process Create (rule: ProcessCreate),1,5124,WINDEV2309EVAL\User,S-1-5-18,2023-12-27 20:22:21.014,5,"<Event xmlns=""http://schemas.microsoft.com/win/2004/08/events/event"">
    <System>
      <Provider Name=""Microsoft-Windows-Sysmon"" Guid=""{5770385f-c22a-43e0-bf4c-06f5698ffbd9}""/>
      <EventID>1</EventID>
      <Version>5</Version>
      <Level>4</Level>
      <Task>1</Task>
      <Opcode>0</Opcode>
      <Keywords>0x8000000000000000</Keywords>
      <TimeCreated SystemTime=""2023-12-27T20:22:21.0151579Z""/>
      <EventRecordID>20111</EventRecordID>
      <Correlation/>
      <Execution ProcessID=""3588"" ThreadID=""5124""/>
      <Channel>Microsoft-Windows-Sysmon/Operational</Channel>
      <Computer>WinDev2309Eval</Computer>
      <Security UserID=""S-1-5-18""/>
    </System>
    <EventData>
      <Data Name=""RuleName"">-</Data>
      <Data Name=""UtcTime"">2023-12-27 20:22:21.014</Data>
      <Data Name=""ProcessGuid"">{f57bd86a-877d-658c-0a04-000000000f00}</Data>
      <Data Name=""ProcessId"">11152</Data>
      <Data Name=""Image"">C:\Windows\System32\wevtutil.exe</Data>
      <Data Name=""FileVersion"">10.0.22621.2506 (WinBuild.160101.0800)</Data>
      <Data Name=""Description"">Windows Event Log Utility</Data>
      <Data Name=""Product"">Microsoft&#174; Windows&#174; Operating System</Data>
      <Data Name=""Company"">Microsoft Corporation</Data>
      <Data Name=""OriginalFileName"">wevtutil.exe</Data>
      <Data Name=""CommandLine"">wevtutil  al config\WindowsFirewallLogVerbose.evtx</Data>
      <Data Name=""CurrentDirectory"">C:\Users\User\AppData\Local\Temp\</Data>
      <Data Name=""User"">WINDEV2309EVAL\User</Data>
      <Data Name=""LogonGuid"">{f57bd86a-36f9-658c-7bf8-020000000000}</Data>
      <Data Name=""LogonId"">0x2f87b</Data>
      <Data Name=""TerminalSessionId"">1</Data>
      <Data Name=""IntegrityLevel"">Medium</Data>
      <Data Name=""Hashes"">MD5=3331F35EC34595843187CD518B9FBA48,SHA256=0FBB4B8092E8F3B4A298A133DC30E5F80D420380BACB5D3B27D0D2BCB9103230,IMPHASH=92CA71320A49850E970004A94EA5D695</Data>
      <Data Name=""ParentProcessGuid"">{f57bd86a-877c-658c-0804-000000000f00}</Data>
      <Data Name=""ParentProcessId"">7280</Data>
      <Data Name=""ParentImage"">C:\Windows\System32\cmd.exe</Data>
      <Data Name=""ParentCommandLine"">""C:\Windows\System32\cmd.exe"" /c wevtutil al config\WindowsFirewallLogVerbose.evtx</Data>
      <Data Name=""ParentUser"">WINDEV2309EVAL\User</Data>
    </EventData>
    <RenderingInfo Culture=""en-US"">
      <Message>Process Create:

RuleName: -

UtcTime: 2023-12-27 20:22:21.014

ProcessGuid: {f57bd86a-877d-658c-0a04-000000000f00}

ProcessId: 11152

Image: C:\Windows\System32\wevtutil.exe

FileVersion: 10.0.22621.2506 (WinBuild.160101.0800)

Description: Windows Event Log Utility

Product: Microsoft&#174; Windows&#174; Operating System

Company: Microsoft Corporation

OriginalFileName: wevtutil.exe

CommandLine: wevtutil  al config\WindowsFirewallLogVerbose.evtx

CurrentDirectory: C:\Users\User\AppData\Local\Temp\

User: WINDEV2309EVAL\User

LogonGuid: {f57bd86a-36f9-658c-7bf8-020000000000}

LogonId: 0x2F87B

TerminalSessionId: 1

IntegrityLevel: Medium

Hashes: MD5=3331F35EC34595843187CD518B9FBA48,SHA256=0FBB4B8092E8F3B4A298A133DC30E5F80D420380BACB5D3B27D0D2BCB9103230,IMPHASH=92CA71320A49850E970004A94EA5D695

ParentProcessGuid: {f57bd86a-877c-658c-0804-000000000f00}

ParentProcessId: 7280

ParentImage: C:\Windows\System32\cmd.exe

ParentCommandLine: ""C:\Windows\System32\cmd.exe"" /c wevtutil al config\WindowsFirewallLogVerbose.evtx

ParentUser: WINDEV2309EVAL\User</Message>
      <Level>Information</Level>
      <Task>Process Create (rule: ProcessCreate)</Task>
      <Opcode>Info</Opcode>
    </RenderingInfo>
  </Event>
  
"
Microsoft-Windows-Sysmon/Operational,"""C:\Windows\System32\cmd.exe"" /c wevtutil al config\WindowsFirewallLogVerbose.evtx",Microsoft Corporation,WinDev2309Eval,,C:\Users\User\AppData\Local\Temp\,Windows Command Processor,,,,,,,1,20110,,10.0.22621.2506 (WinBuild.160101.0800),"MD5=133D568ECCB557E37BEA1459521CBAC2,SHA256=05A30592D2C3421C41121145C6EEFA7C81FEA6B42D6233A522240A8468326B9C,IMPHASH=D73E39DAB3C8B57AA408073D01254964",C:\Windows\System32\cmd.exe,,Medium,0x8000000000000000,Information,{f57bd86a-36f9-658c-7bf8-020000000000},0x2f87b,"Process Create:

RuleName: -

UtcTime: 2023-12-27 20:22:20.969

ProcessGuid: {f57bd86a-877c-658c-0804-000000000f00}

ProcessId: 7280

Image: C:\Windows\System32\cmd.exe

FileVersion: 10.0.22621.2506 (WinBuild.160101.0800)

Description: Windows Command Processor

Product: Microsoft® Windows® Operating System

Company: Microsoft Corporation

OriginalFileName: Cmd.Exe

CommandLine: ""C:\Windows\System32\cmd.exe"" /c wevtutil al config\WindowsFirewallLogVerbose.evtx

CurrentDirectory: C:\Users\User\AppData\Local\Temp\

User: WINDEV2309EVAL\User

LogonGuid: {f57bd86a-36f9-658c-7bf8-020000000000}

LogonId: 0x2F87B

TerminalSessionId: 1

IntegrityLevel: Medium

Hashes: MD5=133D568ECCB557E37BEA1459521CBAC2,SHA256=05A30592D2C3421C41121145C6EEFA7C81FEA6B42D6233A522240A8468326B9C,IMPHASH=D73E39DAB3C8B57AA408073D01254964

ParentProcessGuid: {f57bd86a-876f-658c-4303-000000000f00}

ParentProcessId: 7660

ParentImage: C:\Windows\System32\wscript.exe

ParentCommandLine: wscript.exe  C:\Windows\System32\gatherNetworkInfo.vbs

ParentUser: WINDEV2309EVAL\User",Info,Cmd.Exe,wscript.exe  C:\Windows\System32\gatherNetworkInfo.vbs,C:\Windows\System32\wscript.exe,{f57bd86a-876f-658c-4303-000000000f00},7660,WINDEV2309EVAL\User,{f57bd86a-877c-658c-0804-000000000f00},3588,7280,Microsoft® Windows® Operating System,,,,,"
      ",-,,,,,,2023-12-27T20:22:20.9707342Z,,,Process Create (rule: ProcessCreate),1,5124,WINDEV2309EVAL\User,S-1-5-18,2023-12-27 20:22:20.969,5,"<Event xmlns=""http://schemas.microsoft.com/win/2004/08/events/event"">
    <System>
      <Provider Name=""Microsoft-Windows-Sysmon"" Guid=""{5770385f-c22a-43e0-bf4c-06f5698ffbd9}""/>
      <EventID>1</EventID>
      <Version>5</Version>
      <Level>4</Level>
      <Task>1</Task>
      <Opcode>0</Opcode>
      <Keywords>0x8000000000000000</Keywords>
      <TimeCreated SystemTime=""2023-12-27T20:22:20.9707342Z""/>
      <EventRecordID>20110</EventRecordID>
      <Correlation/>
      <Execution ProcessID=""3588"" ThreadID=""5124""/>
      <Channel>Microsoft-Windows-Sysmon/Operational</Channel>
      <Computer>WinDev2309Eval</Computer>
      <Security UserID=""S-1-5-18""/>
    </System>
    <EventData>
      <Data Name=""RuleName"">-</Data>
      <Data Name=""UtcTime"">2023-12-27 20:22:20.969</Data>
      <Data Name=""ProcessGuid"">{f57bd86a-877c-658c-0804-000000000f00}</Data>
      <Data Name=""ProcessId"">7280</Data>
      <Data Name=""Image"">C:\Windows\System32\cmd.exe</Data>
      <Data Name=""FileVersion"">10.0.22621.2506 (WinBuild.160101.0800)</Data>
      <Data Name=""Description"">Windows Command Processor</Data>
      <Data Name=""Product"">Microsoft&#174; Windows&#174; Operating System</Data>
      <Data Name=""Company"">Microsoft Corporation</Data>
      <Data Name=""OriginalFileName"">Cmd.Exe</Data>
      <Data Name=""CommandLine"">""C:\Windows\System32\cmd.exe"" /c wevtutil al config\WindowsFirewallLogVerbose.evtx</Data>
      <Data Name=""CurrentDirectory"">C:\Users\User\AppData\Local\Temp\</Data>
      <Data Name=""User"">WINDEV2309EVAL\User</Data>
      <Data Name=""LogonGuid"">{f57bd86a-36f9-658c-7bf8-020000000000}</Data>
      <Data Name=""LogonId"">0x2f87b</Data>
      <Data Name=""TerminalSessionId"">1</Data>
      <Data Name=""IntegrityLevel"">Medium</Data>
      <Data Name=""Hashes"">MD5=133D568ECCB557E37BEA1459521CBAC2,SHA256=05A30592D2C3421C41121145C6EEFA7C81FEA6B42D6233A522240A8468326B9C,IMPHASH=D73E39DAB3C8B57AA408073D01254964</Data>
      <Data Name=""ParentProcessGuid"">{f57bd86a-876f-658c-4303-000000000f00}</Data>
      <Data Name=""ParentProcessId"">7660</Data>
      <Data Name=""ParentImage"">C:\Windows\System32\wscript.exe</Data>
      <Data Name=""ParentCommandLine"">wscript.exe  C:\Windows\System32\gatherNetworkInfo.vbs</Data>
      <Data Name=""ParentUser"">WINDEV2309EVAL\User</Data>
    </EventData>
    <RenderingInfo Culture=""en-US"">
      <Message>Process Create:

RuleName: -

UtcTime: 2023-12-27 20:22:20.969

ProcessGuid: {f57bd86a-877c-658c-0804-000000000f00}

ProcessId: 7280

Image: C:\Windows\System32\cmd.exe

FileVersion: 10.0.22621.2506 (WinBuild.160101.0800)

Description: Windows Command Processor

Product: Microsoft&#174; Windows&#174; Operating System

Company: Microsoft Corporation

OriginalFileName: Cmd.Exe

CommandLine: ""C:\Windows\System32\cmd.exe"" /c wevtutil al config\WindowsFirewallLogVerbose.evtx

CurrentDirectory: C:\Users\User\AppData\Local\Temp\

User: WINDEV2309EVAL\User

LogonGuid: {f57bd86a-36f9-658c-7bf8-020000000000}

LogonId: 0x2F87B

TerminalSessionId: 1

IntegrityLevel: Medium

Hashes: MD5=133D568ECCB557E37BEA1459521CBAC2,SHA256=05A30592D2C3421C41121145C6EEFA7C81FEA6B42D6233A522240A8468326B9C,IMPHASH=D73E39DAB3C8B57AA408073D01254964

ParentProcessGuid: {f57bd86a-876f-658c-4303-000000000f00}

ParentProcessId: 7660

ParentImage: C:\Windows\System32\wscript.exe

ParentCommandLine: wscript.exe  C:\Windows\System32\gatherNetworkInfo.vbs

ParentUser: WINDEV2309EVAL\User</Message>
      <Level>Information</Level>
      <Task>Process Create (rule: ProcessCreate)</Task>
      <Opcode>Info</Opcode>
    </RenderingInfo>
  </Event>
  
"
Microsoft-Windows-Sysmon/Operational,"wevtutil  epl ""Microsoft-Windows-Windows Firewall With Advanced Security/FirewallVerbose"" config\WindowsFirewallLogVerbose.evtx",Microsoft Corporation,WinDev2309Eval,,C:\Users\User\AppData\Local\Temp\,Windows Event Log Utility,,,,,,,1,20109,,10.0.22621.2506 (WinBuild.160101.0800),"MD5=3331F35EC34595843187CD518B9FBA48,SHA256=0FBB4B8092E8F3B4A298A133DC30E5F80D420380BACB5D3B27D0D2BCB9103230,IMPHASH=92CA71320A49850E970004A94EA5D695",C:\Windows\System32\wevtutil.exe,,Medium,0x8000000000000000,Information,{f57bd86a-36f9-658c-7bf8-020000000000},0x2f87b,"Process Create:

RuleName: -

UtcTime: 2023-12-27 20:22:20.932

ProcessGuid: {f57bd86a-877c-658c-0704-000000000f00}

ProcessId: 8344

Image: C:\Windows\System32\wevtutil.exe

FileVersion: 10.0.22621.2506 (WinBuild.160101.0800)

Description: Windows Event Log Utility

Product: Microsoft® Windows® Operating System

Company: Microsoft Corporation

OriginalFileName: wevtutil.exe

CommandLine: wevtutil  epl ""Microsoft-Windows-Windows Firewall With Advanced Security/FirewallVerbose"" config\WindowsFirewallLogVerbose.evtx

CurrentDirectory: C:\Users\User\AppData\Local\Temp\

User: WINDEV2309EVAL\User

LogonGuid: {f57bd86a-36f9-658c-7bf8-020000000000}

LogonId: 0x2F87B

TerminalSessionId: 1

IntegrityLevel: Medium

Hashes: MD5=3331F35EC34595843187CD518B9FBA48,SHA256=0FBB4B8092E8F3B4A298A133DC30E5F80D420380BACB5D3B27D0D2BCB9103230,IMPHASH=92CA71320A49850E970004A94EA5D695

ParentProcessGuid: {f57bd86a-877c-658c-0504-000000000f00}

ParentProcessId: 6892

ParentImage: C:\Windows\System32\cmd.exe

ParentCommandLine: ""C:\Windows\System32\cmd.exe"" /c wevtutil epl ""Microsoft-Windows-Windows Firewall With Advanced Security/FirewallVerbose"" config\WindowsFirewallLogVerbose.evtx

ParentUser: WINDEV2309EVAL\User",Info,wevtutil.exe,"""C:\Windows\System32\cmd.exe"" /c wevtutil epl ""Microsoft-Windows-Windows Firewall With Advanced Security/FirewallVerbose"" config\WindowsFirewallLogVerbose.evtx",C:\Windows\System32\cmd.exe,{f57bd86a-877c-658c-0504-000000000f00},6892,WINDEV2309EVAL\User,{f57bd86a-877c-658c-0704-000000000f00},3588,8344,Microsoft® Windows® Operating System,,,,,"
      ",-,,,,,,2023-12-27T20:22:20.9337833Z,,,Process Create (rule: ProcessCreate),1,5124,WINDEV2309EVAL\User,S-1-5-18,2023-12-27 20:22:20.932,5,"<Event xmlns=""http://schemas.microsoft.com/win/2004/08/events/event"">
    <System>
      <Provider Name=""Microsoft-Windows-Sysmon"" Guid=""{5770385f-c22a-43e0-bf4c-06f5698ffbd9}""/>
      <EventID>1</EventID>
      <Version>5</Version>
      <Level>4</Level>
      <Task>1</Task>
      <Opcode>0</Opcode>
      <Keywords>0x8000000000000000</Keywords>
      <TimeCreated SystemTime=""2023-12-27T20:22:20.9337833Z""/>
      <EventRecordID>20109</EventRecordID>
      <Correlation/>
      <Execution ProcessID=""3588"" ThreadID=""5124""/>
      <Channel>Microsoft-Windows-Sysmon/Operational</Channel>
      <Computer>WinDev2309Eval</Computer>
      <Security UserID=""S-1-5-18""/>
    </System>
    <EventData>
      <Data Name=""RuleName"">-</Data>
      <Data Name=""UtcTime"">2023-12-27 20:22:20.932</Data>
      <Data Name=""ProcessGuid"">{f57bd86a-877c-658c-0704-000000000f00}</Data>
      <Data Name=""ProcessId"">8344</Data>
      <Data Name=""Image"">C:\Windows\System32\wevtutil.exe</Data>
      <Data Name=""FileVersion"">10.0.22621.2506 (WinBuild.160101.0800)</Data>
      <Data Name=""Description"">Windows Event Log Utility</Data>
      <Data Name=""Product"">Microsoft&#174; Windows&#174; Operating System</Data>
      <Data Name=""Company"">Microsoft Corporation</Data>
      <Data Name=""OriginalFileName"">wevtutil.exe</Data>
      <Data Name=""CommandLine"">wevtutil  epl ""Microsoft-Windows-Windows Firewall With Advanced Security/FirewallVerbose"" config\WindowsFirewallLogVerbose.evtx</Data>
      <Data Name=""CurrentDirectory"">C:\Users\User\AppData\Local\Temp\</Data>
      <Data Name=""User"">WINDEV2309EVAL\User</Data>
      <Data Name=""LogonGuid"">{f57bd86a-36f9-658c-7bf8-020000000000}</Data>
      <Data Name=""LogonId"">0x2f87b</Data>
      <Data Name=""TerminalSessionId"">1</Data>
      <Data Name=""IntegrityLevel"">Medium</Data>
      <Data Name=""Hashes"">MD5=3331F35EC34595843187CD518B9FBA48,SHA256=0FBB4B8092E8F3B4A298A133DC30E5F80D420380BACB5D3B27D0D2BCB9103230,IMPHASH=92CA71320A49850E970004A94EA5D695</Data>
      <Data Name=""ParentProcessGuid"">{f57bd86a-877c-658c-0504-000000000f00}</Data>
      <Data Name=""ParentProcessId"">6892</Data>
      <Data Name=""ParentImage"">C:\Windows\System32\cmd.exe</Data>
      <Data Name=""ParentCommandLine"">""C:\Windows\System32\cmd.exe"" /c wevtutil epl ""Microsoft-Windows-Windows Firewall With Advanced Security/FirewallVerbose"" config\WindowsFirewallLogVerbose.evtx</Data>
      <Data Name=""ParentUser"">WINDEV2309EVAL\User</Data>
    </EventData>
    <RenderingInfo Culture=""en-US"">
      <Message>Process Create:

RuleName: -

UtcTime: 2023-12-27 20:22:20.932

ProcessGuid: {f57bd86a-877c-658c-0704-000000000f00}

ProcessId: 8344

Image: C:\Windows\System32\wevtutil.exe

FileVersion: 10.0.22621.2506 (WinBuild.160101.0800)

Description: Windows Event Log Utility

Product: Microsoft&#174; Windows&#174; Operating System

Company: Microsoft Corporation

OriginalFileName: wevtutil.exe

CommandLine: wevtutil  epl ""Microsoft-Windows-Windows Firewall With Advanced Security/FirewallVerbose"" config\WindowsFirewallLogVerbose.evtx

CurrentDirectory: C:\Users\User\AppData\Local\Temp\

User: WINDEV2309EVAL\User

LogonGuid: {f57bd86a-36f9-658c-7bf8-020000000000}

LogonId: 0x2F87B

TerminalSessionId: 1

IntegrityLevel: Medium

Hashes: MD5=3331F35EC34595843187CD518B9FBA48,SHA256=0FBB4B8092E8F3B4A298A133DC30E5F80D420380BACB5D3B27D0D2BCB9103230,IMPHASH=92CA71320A49850E970004A94EA5D695

ParentProcessGuid: {f57bd86a-877c-658c-0504-000000000f00}

ParentProcessId: 6892

ParentImage: C:\Windows\System32\cmd.exe

ParentCommandLine: ""C:\Windows\System32\cmd.exe"" /c wevtutil epl ""Microsoft-Windows-Windows Firewall With Advanced Security/FirewallVerbose"" config\WindowsFirewallLogVerbose.evtx

ParentUser: WINDEV2309EVAL\User</Message>
      <Level>Information</Level>
      <Task>Process Create (rule: ProcessCreate)</Task>
      <Opcode>Info</Opcode>
    </RenderingInfo>
  </Event>
  
"
Microsoft-Windows-Sysmon/Operational,"""C:\Windows\System32\cmd.exe"" /c wevtutil epl ""Microsoft-Windows-Windows Firewall With Advanced Security/FirewallVerbose"" config\WindowsFirewallLogVerbose.evtx",Microsoft Corporation,WinDev2309Eval,,C:\Users\User\AppData\Local\Temp\,Windows Command Processor,,,,,,,1,20108,,10.0.22621.2506 (WinBuild.160101.0800),"MD5=133D568ECCB557E37BEA1459521CBAC2,SHA256=05A30592D2C3421C41121145C6EEFA7C81FEA6B42D6233A522240A8468326B9C,IMPHASH=D73E39DAB3C8B57AA408073D01254964",C:\Windows\System32\cmd.exe,,Medium,0x8000000000000000,Information,{f57bd86a-36f9-658c-7bf8-020000000000},0x2f87b,"Process Create:

RuleName: -

UtcTime: 2023-12-27 20:22:20.889

ProcessGuid: {f57bd86a-877c-658c-0504-000000000f00}

ProcessId: 6892

Image: C:\Windows\System32\cmd.exe

FileVersion: 10.0.22621.2506 (WinBuild.160101.0800)

Description: Windows Command Processor

Product: Microsoft® Windows® Operating System

Company: Microsoft Corporation

OriginalFileName: Cmd.Exe

CommandLine: ""C:\Windows\System32\cmd.exe"" /c wevtutil epl ""Microsoft-Windows-Windows Firewall With Advanced Security/FirewallVerbose"" config\WindowsFirewallLogVerbose.evtx

CurrentDirectory: C:\Users\User\AppData\Local\Temp\

User: WINDEV2309EVAL\User

LogonGuid: {f57bd86a-36f9-658c-7bf8-020000000000}

LogonId: 0x2F87B

TerminalSessionId: 1

IntegrityLevel: Medium

Hashes: MD5=133D568ECCB557E37BEA1459521CBAC2,SHA256=05A30592D2C3421C41121145C6EEFA7C81FEA6B42D6233A522240A8468326B9C,IMPHASH=D73E39DAB3C8B57AA408073D01254964

ParentProcessGuid: {f57bd86a-876f-658c-4303-000000000f00}

ParentProcessId: 7660

ParentImage: C:\Windows\System32\wscript.exe

ParentCommandLine: wscript.exe  C:\Windows\System32\gatherNetworkInfo.vbs

ParentUser: WINDEV2309EVAL\User",Info,Cmd.Exe,wscript.exe  C:\Windows\System32\gatherNetworkInfo.vbs,C:\Windows\System32\wscript.exe,{f57bd86a-876f-658c-4303-000000000f00},7660,WINDEV2309EVAL\User,{f57bd86a-877c-658c-0504-000000000f00},3588,6892,Microsoft® Windows® Operating System,,,,,"
      ",-,,,,,,2023-12-27T20:22:20.8903010Z,,,Process Create (rule: ProcessCreate),1,5124,WINDEV2309EVAL\User,S-1-5-18,2023-12-27 20:22:20.889,5,"<Event xmlns=""http://schemas.microsoft.com/win/2004/08/events/event"">
    <System>
      <Provider Name=""Microsoft-Windows-Sysmon"" Guid=""{5770385f-c22a-43e0-bf4c-06f5698ffbd9}""/>
      <EventID>1</EventID>
      <Version>5</Version>
      <Level>4</Level>
      <Task>1</Task>
      <Opcode>0</Opcode>
      <Keywords>0x8000000000000000</Keywords>
      <TimeCreated SystemTime=""2023-12-27T20:22:20.8903010Z""/>
      <EventRecordID>20108</EventRecordID>
      <Correlation/>
      <Execution ProcessID=""3588"" ThreadID=""5124""/>
      <Channel>Microsoft-Windows-Sysmon/Operational</Channel>
      <Computer>WinDev2309Eval</Computer>
      <Security UserID=""S-1-5-18""/>
    </System>
    <EventData>
      <Data Name=""RuleName"">-</Data>
      <Data Name=""UtcTime"">2023-12-27 20:22:20.889</Data>
      <Data Name=""ProcessGuid"">{f57bd86a-877c-658c-0504-000000000f00}</Data>
      <Data Name=""ProcessId"">6892</Data>
      <Data Name=""Image"">C:\Windows\System32\cmd.exe</Data>
      <Data Name=""FileVersion"">10.0.22621.2506 (WinBuild.160101.0800)</Data>
      <Data Name=""Description"">Windows Command Processor</Data>
      <Data Name=""Product"">Microsoft&#174; Windows&#174; Operating System</Data>
      <Data Name=""Company"">Microsoft Corporation</Data>
      <Data Name=""OriginalFileName"">Cmd.Exe</Data>
      <Data Name=""CommandLine"">""C:\Windows\System32\cmd.exe"" /c wevtutil epl ""Microsoft-Windows-Windows Firewall With Advanced Security/FirewallVerbose"" config\WindowsFirewallLogVerbose.evtx</Data>
      <Data Name=""CurrentDirectory"">C:\Users\User\AppData\Local\Temp\</Data>
      <Data Name=""User"">WINDEV2309EVAL\User</Data>
      <Data Name=""LogonGuid"">{f57bd86a-36f9-658c-7bf8-020000000000}</Data>
      <Data Name=""LogonId"">0x2f87b</Data>
      <Data Name=""TerminalSessionId"">1</Data>
      <Data Name=""IntegrityLevel"">Medium</Data>
      <Data Name=""Hashes"">MD5=133D568ECCB557E37BEA1459521CBAC2,SHA256=05A30592D2C3421C41121145C6EEFA7C81FEA6B42D6233A522240A8468326B9C,IMPHASH=D73E39DAB3C8B57AA408073D01254964</Data>
      <Data Name=""ParentProcessGuid"">{f57bd86a-876f-658c-4303-000000000f00}</Data>
      <Data Name=""ParentProcessId"">7660</Data>
      <Data Name=""ParentImage"">C:\Windows\System32\wscript.exe</Data>
      <Data Name=""ParentCommandLine"">wscript.exe  C:\Windows\System32\gatherNetworkInfo.vbs</Data>
      <Data Name=""ParentUser"">WINDEV2309EVAL\User</Data>
    </EventData>
    <RenderingInfo Culture=""en-US"">
      <Message>Process Create:

RuleName: -

UtcTime: 2023-12-27 20:22:20.889

ProcessGuid: {f57bd86a-877c-658c-0504-000000000f00}

ProcessId: 6892

Image: C:\Windows\System32\cmd.exe

FileVersion: 10.0.22621.2506 (WinBuild.160101.0800)

Description: Windows Command Processor

Product: Microsoft&#174; Windows&#174; Operating System

Company: Microsoft Corporation

OriginalFileName: Cmd.Exe

CommandLine: ""C:\Windows\System32\cmd.exe"" /c wevtutil epl ""Microsoft-Windows-Windows Firewall With Advanced Security/FirewallVerbose"" config\WindowsFirewallLogVerbose.evtx

CurrentDirectory: C:\Users\User\AppData\Local\Temp\

User: WINDEV2309EVAL\User

LogonGuid: {f57bd86a-36f9-658c-7bf8-020000000000}

LogonId: 0x2F87B

TerminalSessionId: 1

IntegrityLevel: Medium

Hashes: MD5=133D568ECCB557E37BEA1459521CBAC2,SHA256=05A30592D2C3421C41121145C6EEFA7C81FEA6B42D6233A522240A8468326B9C,IMPHASH=D73E39DAB3C8B57AA408073D01254964

ParentProcessGuid: {f57bd86a-876f-658c-4303-000000000f00}

ParentProcessId: 7660

ParentImage: C:\Windows\System32\wscript.exe

ParentCommandLine: wscript.exe  C:\Windows\System32\gatherNetworkInfo.vbs

ParentUser: WINDEV2309EVAL\User</Message>
      <Level>Information</Level>
      <Task>Process Create (rule: ProcessCreate)</Task>
      <Opcode>Info</Opcode>
    </RenderingInfo>
  </Event>
  
"
Microsoft-Windows-Sysmon/Operational,wevtutil  al config\WindowsFirewallConsecLog.evtx,Microsoft Corporation,WinDev2309Eval,,C:\Users\User\AppData\Local\Temp\,Windows Event Log Utility,,,,,,,1,20107,,10.0.22621.2506 (WinBuild.160101.0800),"MD5=3331F35EC34595843187CD518B9FBA48,SHA256=0FBB4B8092E8F3B4A298A133DC30E5F80D420380BACB5D3B27D0D2BCB9103230,IMPHASH=92CA71320A49850E970004A94EA5D695",C:\Windows\System32\wevtutil.exe,,Medium,0x8000000000000000,Information,{f57bd86a-36f9-658c-7bf8-020000000000},0x2f87b,"Process Create:

RuleName: -

UtcTime: 2023-12-27 20:22:20.860

ProcessGuid: {f57bd86a-877c-658c-0404-000000000f00}

ProcessId: 1740

Image: C:\Windows\System32\wevtutil.exe

FileVersion: 10.0.22621.2506 (WinBuild.160101.0800)

Description: Windows Event Log Utility

Product: Microsoft® Windows® Operating System

Company: Microsoft Corporation

OriginalFileName: wevtutil.exe

CommandLine: wevtutil  al config\WindowsFirewallConsecLog.evtx

CurrentDirectory: C:\Users\User\AppData\Local\Temp\

User: WINDEV2309EVAL\User

LogonGuid: {f57bd86a-36f9-658c-7bf8-020000000000}

LogonId: 0x2F87B

TerminalSessionId: 1

IntegrityLevel: Medium

Hashes: MD5=3331F35EC34595843187CD518B9FBA48,SHA256=0FBB4B8092E8F3B4A298A133DC30E5F80D420380BACB5D3B27D0D2BCB9103230,IMPHASH=92CA71320A49850E970004A94EA5D695

ParentProcessGuid: {f57bd86a-877c-658c-0204-000000000f00}

ParentProcessId: 1404

ParentImage: C:\Windows\System32\cmd.exe

ParentCommandLine: ""C:\Windows\System32\cmd.exe"" /c wevtutil al config\WindowsFirewallConsecLog.evtx

ParentUser: WINDEV2309EVAL\User",Info,wevtutil.exe,"""C:\Windows\System32\cmd.exe"" /c wevtutil al config\WindowsFirewallConsecLog.evtx",C:\Windows\System32\cmd.exe,{f57bd86a-877c-658c-0204-000000000f00},1404,WINDEV2309EVAL\User,{f57bd86a-877c-658c-0404-000000000f00},3588,1740,Microsoft® Windows® Operating System,,,,,"
      ",-,,,,,,2023-12-27T20:22:20.8617895Z,,,Process Create (rule: ProcessCreate),1,5124,WINDEV2309EVAL\User,S-1-5-18,2023-12-27 20:22:20.860,5,"<Event xmlns=""http://schemas.microsoft.com/win/2004/08/events/event"">
    <System>
      <Provider Name=""Microsoft-Windows-Sysmon"" Guid=""{5770385f-c22a-43e0-bf4c-06f5698ffbd9}""/>
      <EventID>1</EventID>
      <Version>5</Version>
      <Level>4</Level>
      <Task>1</Task>
      <Opcode>0</Opcode>
      <Keywords>0x8000000000000000</Keywords>
      <TimeCreated SystemTime=""2023-12-27T20:22:20.8617895Z""/>
      <EventRecordID>20107</EventRecordID>
      <Correlation/>
      <Execution ProcessID=""3588"" ThreadID=""5124""/>
      <Channel>Microsoft-Windows-Sysmon/Operational</Channel>
      <Computer>WinDev2309Eval</Computer>
      <Security UserID=""S-1-5-18""/>
    </System>
    <EventData>
      <Data Name=""RuleName"">-</Data>
      <Data Name=""UtcTime"">2023-12-27 20:22:20.860</Data>
      <Data Name=""ProcessGuid"">{f57bd86a-877c-658c-0404-000000000f00}</Data>
      <Data Name=""ProcessId"">1740</Data>
      <Data Name=""Image"">C:\Windows\System32\wevtutil.exe</Data>
      <Data Name=""FileVersion"">10.0.22621.2506 (WinBuild.160101.0800)</Data>
      <Data Name=""Description"">Windows Event Log Utility</Data>
      <Data Name=""Product"">Microsoft&#174; Windows&#174; Operating System</Data>
      <Data Name=""Company"">Microsoft Corporation</Data>
      <Data Name=""OriginalFileName"">wevtutil.exe</Data>
      <Data Name=""CommandLine"">wevtutil  al config\WindowsFirewallConsecLog.evtx</Data>
      <Data Name=""CurrentDirectory"">C:\Users\User\AppData\Local\Temp\</Data>
      <Data Name=""User"">WINDEV2309EVAL\User</Data>
      <Data Name=""LogonGuid"">{f57bd86a-36f9-658c-7bf8-020000000000}</Data>
      <Data Name=""LogonId"">0x2f87b</Data>
      <Data Name=""TerminalSessionId"">1</Data>
      <Data Name=""IntegrityLevel"">Medium</Data>
      <Data Name=""Hashes"">MD5=3331F35EC34595843187CD518B9FBA48,SHA256=0FBB4B8092E8F3B4A298A133DC30E5F80D420380BACB5D3B27D0D2BCB9103230,IMPHASH=92CA71320A49850E970004A94EA5D695</Data>
      <Data Name=""ParentProcessGuid"">{f57bd86a-877c-658c-0204-000000000f00}</Data>
      <Data Name=""ParentProcessId"">1404</Data>
      <Data Name=""ParentImage"">C:\Windows\System32\cmd.exe</Data>
      <Data Name=""ParentCommandLine"">""C:\Windows\System32\cmd.exe"" /c wevtutil al config\WindowsFirewallConsecLog.evtx</Data>
      <Data Name=""ParentUser"">WINDEV2309EVAL\User</Data>
    </EventData>
    <RenderingInfo Culture=""en-US"">
      <Message>Process Create:

RuleName: -

UtcTime: 2023-12-27 20:22:20.860

ProcessGuid: {f57bd86a-877c-658c-0404-000000000f00}

ProcessId: 1740

Image: C:\Windows\System32\wevtutil.exe

FileVersion: 10.0.22621.2506 (WinBuild.160101.0800)

Description: Windows Event Log Utility

Product: Microsoft&#174; Windows&#174; Operating System

Company: Microsoft Corporation

OriginalFileName: wevtutil.exe

CommandLine: wevtutil  al config\WindowsFirewallConsecLog.evtx

CurrentDirectory: C:\Users\User\AppData\Local\Temp\

User: WINDEV2309EVAL\User

LogonGuid: {f57bd86a-36f9-658c-7bf8-020000000000}

LogonId: 0x2F87B

TerminalSessionId: 1

IntegrityLevel: Medium

Hashes: MD5=3331F35EC34595843187CD518B9FBA48,SHA256=0FBB4B8092E8F3B4A298A133DC30E5F80D420380BACB5D3B27D0D2BCB9103230,IMPHASH=92CA71320A49850E970004A94EA5D695

ParentProcessGuid: {f57bd86a-877c-658c-0204-000000000f00}

ParentProcessId: 1404

ParentImage: C:\Windows\System32\cmd.exe

ParentCommandLine: ""C:\Windows\System32\cmd.exe"" /c wevtutil al config\WindowsFirewallConsecLog.evtx

ParentUser: WINDEV2309EVAL\User</Message>
      <Level>Information</Level>
      <Task>Process Create (rule: ProcessCreate)</Task>
      <Opcode>Info</Opcode>
    </RenderingInfo>
  </Event>
  
"
