Microsoft-Windows-Sysmon/Operational,"""C:\Windows\System32\cmd.exe"" /c netsh advfirewall monitor show consec >> config\WindowsFirewallConfig.txt",Microsoft Corporation,WinDev2309Eval,,C:\Users\User\AppData\Local\Temp\,Windows Command Processor,,,,,,,1,20082,,10.0.22621.2506 (WinBuild.160101.0800),"MD5=133D568ECCB557E37BEA1459521CBAC2,SHA256=05A30592D2C3421C41121145C6EEFA7C81FEA6B42D6233A522240A8468326B9C,IMPHASH=D73E39DAB3C8B57AA408073D01254964",C:\Windows\System32\cmd.exe,,Medium,0x8000000000000000,Information,{f57bd86a-36f9-658c-7bf8-020000000000},0x2f87b,"Process Create:

RuleName: -

UtcTime: 2023-12-27 20:22:17.664

ProcessGuid: {f57bd86a-8779-658c-da03-000000000f00}

ProcessId: 1640

Image: C:\Windows\System32\cmd.exe

FileVersion: 10.0.22621.2506 (WinBuild.160101.0800)

Description: Windows Command Processor

Product: Microsoft® Windows® Operating System

Company: Microsoft Corporation

OriginalFileName: Cmd.Exe

CommandLine: ""C:\Windows\System32\cmd.exe"" /c netsh advfirewall monitor show consec >> config\WindowsFirewallConfig.txt

CurrentDirectory: C:\Users\User\AppData\Local\Temp\

User: WINDEV2309EVAL\User

LogonGuid: {f57bd86a-36f9-658c-7bf8-020000000000}

LogonId: 0x2F87B

TerminalSessionId: 1

IntegrityLevel: Medium

Hashes: MD5=133D568ECCB557E37BEA1459521CBAC2,SHA256=05A30592D2C3421C41121145C6EEFA7C81FEA6B42D6233A522240A8468326B9C,IMPHASH=D73E39DAB3C8B57AA408073D01254964

ParentProcessGuid: {f57bd86a-876f-658c-4303-000000000f00}

ParentProcessId: 7660

ParentImage: C:\Windows\System32\wscript.exe

ParentCommandLine: wscript.exe  C:\Windows\System32\gatherNetworkInfo.vbs

ParentUser: WINDEV2309EVAL\User",Info,Cmd.Exe,wscript.exe  C:\Windows\System32\gatherNetworkInfo.vbs,C:\Windows\System32\wscript.exe,{f57bd86a-876f-658c-4303-000000000f00},7660,WINDEV2309EVAL\User,{f57bd86a-8779-658c-da03-000000000f00},3588,1640,Microsoft® Windows® Operating System,,,,,"
      ",-,,,,,,2023-12-27T20:22:17.6660093Z,,,Process Create (rule: ProcessCreate),1,5124,WINDEV2309EVAL\User,S-1-5-18,2023-12-27 20:22:17.664,5,"<Event xmlns=""http://schemas.microsoft.com/win/2004/08/events/event"">
    <System>
      <Provider Name=""Microsoft-Windows-Sysmon"" Guid=""{5770385f-c22a-43e0-bf4c-06f5698ffbd9}""/>
      <EventID>1</EventID>
      <Version>5</Version>
      <Level>4</Level>
      <Task>1</Task>
      <Opcode>0</Opcode>
      <Keywords>0x8000000000000000</Keywords>
      <TimeCreated SystemTime=""2023-12-27T20:22:17.6660093Z""/>
      <EventRecordID>20082</EventRecordID>
      <Correlation/>
      <Execution ProcessID=""3588"" ThreadID=""5124""/>
      <Channel>Microsoft-Windows-Sysmon/Operational</Channel>
      <Computer>WinDev2309Eval</Computer>
      <Security UserID=""S-1-5-18""/>
    </System>
    <EventData>
      <Data Name=""RuleName"">-</Data>
      <Data Name=""UtcTime"">2023-12-27 20:22:17.664</Data>
      <Data Name=""ProcessGuid"">{f57bd86a-8779-658c-da03-000000000f00}</Data>
      <Data Name=""ProcessId"">1640</Data>
      <Data Name=""Image"">C:\Windows\System32\cmd.exe</Data>
      <Data Name=""FileVersion"">10.0.22621.2506 (WinBuild.160101.0800)</Data>
      <Data Name=""Description"">Windows Command Processor</Data>
      <Data Name=""Product"">Microsoft&#174; Windows&#174; Operating System</Data>
      <Data Name=""Company"">Microsoft Corporation</Data>
      <Data Name=""OriginalFileName"">Cmd.Exe</Data>
      <Data Name=""CommandLine"">""C:\Windows\System32\cmd.exe"" /c netsh advfirewall monitor show consec &gt;&gt; config\WindowsFirewallConfig.txt</Data>
      <Data Name=""CurrentDirectory"">C:\Users\User\AppData\Local\Temp\</Data>
      <Data Name=""User"">WINDEV2309EVAL\User</Data>
      <Data Name=""LogonGuid"">{f57bd86a-36f9-658c-7bf8-020000000000}</Data>
      <Data Name=""LogonId"">0x2f87b</Data>
      <Data Name=""TerminalSessionId"">1</Data>
      <Data Name=""IntegrityLevel"">Medium</Data>
      <Data Name=""Hashes"">MD5=133D568ECCB557E37BEA1459521CBAC2,SHA256=05A30592D2C3421C41121145C6EEFA7C81FEA6B42D6233A522240A8468326B9C,IMPHASH=D73E39DAB3C8B57AA408073D01254964</Data>
      <Data Name=""ParentProcessGuid"">{f57bd86a-876f-658c-4303-000000000f00}</Data>
      <Data Name=""ParentProcessId"">7660</Data>
      <Data Name=""ParentImage"">C:\Windows\System32\wscript.exe</Data>
      <Data Name=""ParentCommandLine"">wscript.exe  C:\Windows\System32\gatherNetworkInfo.vbs</Data>
      <Data Name=""ParentUser"">WINDEV2309EVAL\User</Data>
    </EventData>
    <RenderingInfo Culture=""en-US"">
      <Message>Process Create:

RuleName: -

UtcTime: 2023-12-27 20:22:17.664

ProcessGuid: {f57bd86a-8779-658c-da03-000000000f00}

ProcessId: 1640

Image: C:\Windows\System32\cmd.exe

FileVersion: 10.0.22621.2506 (WinBuild.160101.0800)

Description: Windows Command Processor

Product: Microsoft&#174; Windows&#174; Operating System

Company: Microsoft Corporation

OriginalFileName: Cmd.Exe

CommandLine: ""C:\Windows\System32\cmd.exe"" /c netsh advfirewall monitor show consec &gt;&gt; config\WindowsFirewallConfig.txt

CurrentDirectory: C:\Users\User\AppData\Local\Temp\

User: WINDEV2309EVAL\User

LogonGuid: {f57bd86a-36f9-658c-7bf8-020000000000}

LogonId: 0x2F87B

TerminalSessionId: 1

IntegrityLevel: Medium

Hashes: MD5=133D568ECCB557E37BEA1459521CBAC2,SHA256=05A30592D2C3421C41121145C6EEFA7C81FEA6B42D6233A522240A8468326B9C,IMPHASH=D73E39DAB3C8B57AA408073D01254964

ParentProcessGuid: {f57bd86a-876f-658c-4303-000000000f00}

ParentProcessId: 7660

ParentImage: C:\Windows\System32\wscript.exe

ParentCommandLine: wscript.exe  C:\Windows\System32\gatherNetworkInfo.vbs

ParentUser: WINDEV2309EVAL\User</Message>
      <Level>Information</Level>
      <Task>Process Create (rule: ProcessCreate)</Task>
      <Opcode>Info</Opcode>
    </RenderingInfo>
  </Event>
  
"
Microsoft-Windows-Sysmon/Operational,"""C:\Windows\System32\cmd.exe"" /c echo ------------------------------------------------------------------------ >> config\WindowsFirewallConfig.txt",Microsoft Corporation,WinDev2309Eval,,C:\Users\User\AppData\Local\Temp\,Windows Command Processor,,,,,,,1,20081,,10.0.22621.2506 (WinBuild.160101.0800),"MD5=133D568ECCB557E37BEA1459521CBAC2,SHA256=05A30592D2C3421C41121145C6EEFA7C81FEA6B42D6233A522240A8468326B9C,IMPHASH=D73E39DAB3C8B57AA408073D01254964",C:\Windows\System32\cmd.exe,,Medium,0x8000000000000000,Information,{f57bd86a-36f9-658c-7bf8-020000000000},0x2f87b,"Process Create:

RuleName: -

UtcTime: 2023-12-27 20:22:17.609

ProcessGuid: {f57bd86a-8779-658c-d803-000000000f00}

ProcessId: 8332

Image: C:\Windows\System32\cmd.exe

FileVersion: 10.0.22621.2506 (WinBuild.160101.0800)

Description: Windows Command Processor

Product: Microsoft® Windows® Operating System

Company: Microsoft Corporation

OriginalFileName: Cmd.Exe

CommandLine: ""C:\Windows\System32\cmd.exe"" /c echo ------------------------------------------------------------------------ >> config\WindowsFirewallConfig.txt

CurrentDirectory: C:\Users\User\AppData\Local\Temp\

User: WINDEV2309EVAL\User

LogonGuid: {f57bd86a-36f9-658c-7bf8-020000000000}

LogonId: 0x2F87B

TerminalSessionId: 1

IntegrityLevel: Medium

Hashes: MD5=133D568ECCB557E37BEA1459521CBAC2,SHA256=05A30592D2C3421C41121145C6EEFA7C81FEA6B42D6233A522240A8468326B9C,IMPHASH=D73E39DAB3C8B57AA408073D01254964

ParentProcessGuid: {f57bd86a-876f-658c-4303-000000000f00}

ParentProcessId: 7660

ParentImage: C:\Windows\System32\wscript.exe

ParentCommandLine: wscript.exe  C:\Windows\System32\gatherNetworkInfo.vbs

ParentUser: WINDEV2309EVAL\User",Info,Cmd.Exe,wscript.exe  C:\Windows\System32\gatherNetworkInfo.vbs,C:\Windows\System32\wscript.exe,{f57bd86a-876f-658c-4303-000000000f00},7660,WINDEV2309EVAL\User,{f57bd86a-8779-658c-d803-000000000f00},3588,8332,Microsoft® Windows® Operating System,,,,,"
      ",-,,,,,,2023-12-27T20:22:17.6107091Z,,,Process Create (rule: ProcessCreate),1,5124,WINDEV2309EVAL\User,S-1-5-18,2023-12-27 20:22:17.609,5,"<Event xmlns=""http://schemas.microsoft.com/win/2004/08/events/event"">
    <System>
      <Provider Name=""Microsoft-Windows-Sysmon"" Guid=""{5770385f-c22a-43e0-bf4c-06f5698ffbd9}""/>
      <EventID>1</EventID>
      <Version>5</Version>
      <Level>4</Level>
      <Task>1</Task>
      <Opcode>0</Opcode>
      <Keywords>0x8000000000000000</Keywords>
      <TimeCreated SystemTime=""2023-12-27T20:22:17.6107091Z""/>
      <EventRecordID>20081</EventRecordID>
      <Correlation/>
      <Execution ProcessID=""3588"" ThreadID=""5124""/>
      <Channel>Microsoft-Windows-Sysmon/Operational</Channel>
      <Computer>WinDev2309Eval</Computer>
      <Security UserID=""S-1-5-18""/>
    </System>
    <EventData>
      <Data Name=""RuleName"">-</Data>
      <Data Name=""UtcTime"">2023-12-27 20:22:17.609</Data>
      <Data Name=""ProcessGuid"">{f57bd86a-8779-658c-d803-000000000f00}</Data>
      <Data Name=""ProcessId"">8332</Data>
      <Data Name=""Image"">C:\Windows\System32\cmd.exe</Data>
      <Data Name=""FileVersion"">10.0.22621.2506 (WinBuild.160101.0800)</Data>
      <Data Name=""Description"">Windows Command Processor</Data>
      <Data Name=""Product"">Microsoft&#174; Windows&#174; Operating System</Data>
      <Data Name=""Company"">Microsoft Corporation</Data>
      <Data Name=""OriginalFileName"">Cmd.Exe</Data>
      <Data Name=""CommandLine"">""C:\Windows\System32\cmd.exe"" /c echo ------------------------------------------------------------------------ &gt;&gt; config\WindowsFirewallConfig.txt</Data>
      <Data Name=""CurrentDirectory"">C:\Users\User\AppData\Local\Temp\</Data>
      <Data Name=""User"">WINDEV2309EVAL\User</Data>
      <Data Name=""LogonGuid"">{f57bd86a-36f9-658c-7bf8-020000000000}</Data>
      <Data Name=""LogonId"">0x2f87b</Data>
      <Data Name=""TerminalSessionId"">1</Data>
      <Data Name=""IntegrityLevel"">Medium</Data>
      <Data Name=""Hashes"">MD5=133D568ECCB557E37BEA1459521CBAC2,SHA256=05A30592D2C3421C41121145C6EEFA7C81FEA6B42D6233A522240A8468326B9C,IMPHASH=D73E39DAB3C8B57AA408073D01254964</Data>
      <Data Name=""ParentProcessGuid"">{f57bd86a-876f-658c-4303-000000000f00}</Data>
      <Data Name=""ParentProcessId"">7660</Data>
      <Data Name=""ParentImage"">C:\Windows\System32\wscript.exe</Data>
      <Data Name=""ParentCommandLine"">wscript.exe  C:\Windows\System32\gatherNetworkInfo.vbs</Data>
      <Data Name=""ParentUser"">WINDEV2309EVAL\User</Data>
    </EventData>
    <RenderingInfo Culture=""en-US"">
      <Message>Process Create:

RuleName: -

UtcTime: 2023-12-27 20:22:17.609

ProcessGuid: {f57bd86a-8779-658c-d803-000000000f00}

ProcessId: 8332

Image: C:\Windows\System32\cmd.exe

FileVersion: 10.0.22621.2506 (WinBuild.160101.0800)

Description: Windows Command Processor

Product: Microsoft&#174; Windows&#174; Operating System

Company: Microsoft Corporation

OriginalFileName: Cmd.Exe

CommandLine: ""C:\Windows\System32\cmd.exe"" /c echo ------------------------------------------------------------------------ &gt;&gt; config\WindowsFirewallConfig.txt

CurrentDirectory: C:\Users\User\AppData\Local\Temp\

User: WINDEV2309EVAL\User

LogonGuid: {f57bd86a-36f9-658c-7bf8-020000000000}

LogonId: 0x2F87B

TerminalSessionId: 1

IntegrityLevel: Medium

Hashes: MD5=133D568ECCB557E37BEA1459521CBAC2,SHA256=05A30592D2C3421C41121145C6EEFA7C81FEA6B42D6233A522240A8468326B9C,IMPHASH=D73E39DAB3C8B57AA408073D01254964

ParentProcessGuid: {f57bd86a-876f-658c-4303-000000000f00}

ParentProcessId: 7660

ParentImage: C:\Windows\System32\wscript.exe

ParentCommandLine: wscript.exe  C:\Windows\System32\gatherNetworkInfo.vbs

ParentUser: WINDEV2309EVAL\User</Message>
      <Level>Information</Level>
      <Task>Process Create (rule: ProcessCreate)</Task>
      <Opcode>Info</Opcode>
    </RenderingInfo>
  </Event>
  
"
Microsoft-Windows-Sysmon/Operational,"""C:\Windows\System32\cmd.exe"" /c echo Connection Security  Configuration: >> config\WindowsFirewallConfig.txt",Microsoft Corporation,WinDev2309Eval,,C:\Users\User\AppData\Local\Temp\,Windows Command Processor,,,,,,,1,20080,,10.0.22621.2506 (WinBuild.160101.0800),"MD5=133D568ECCB557E37BEA1459521CBAC2,SHA256=05A30592D2C3421C41121145C6EEFA7C81FEA6B42D6233A522240A8468326B9C,IMPHASH=D73E39DAB3C8B57AA408073D01254964",C:\Windows\System32\cmd.exe,,Medium,0x8000000000000000,Information,{f57bd86a-36f9-658c-7bf8-020000000000},0x2f87b,"Process Create:

RuleName: -

UtcTime: 2023-12-27 20:22:17.551

ProcessGuid: {f57bd86a-8779-658c-d603-000000000f00}

ProcessId: 3188

Image: C:\Windows\System32\cmd.exe

FileVersion: 10.0.22621.2506 (WinBuild.160101.0800)

Description: Windows Command Processor

Product: Microsoft® Windows® Operating System

Company: Microsoft Corporation

OriginalFileName: Cmd.Exe

CommandLine: ""C:\Windows\System32\cmd.exe"" /c echo Connection Security  Configuration: >> config\WindowsFirewallConfig.txt

CurrentDirectory: C:\Users\User\AppData\Local\Temp\

User: WINDEV2309EVAL\User

LogonGuid: {f57bd86a-36f9-658c-7bf8-020000000000}

LogonId: 0x2F87B

TerminalSessionId: 1

IntegrityLevel: Medium

Hashes: MD5=133D568ECCB557E37BEA1459521CBAC2,SHA256=05A30592D2C3421C41121145C6EEFA7C81FEA6B42D6233A522240A8468326B9C,IMPHASH=D73E39DAB3C8B57AA408073D01254964

ParentProcessGuid: {f57bd86a-876f-658c-4303-000000000f00}

ParentProcessId: 7660

ParentImage: C:\Windows\System32\wscript.exe

ParentCommandLine: wscript.exe  C:\Windows\System32\gatherNetworkInfo.vbs

ParentUser: WINDEV2309EVAL\User",Info,Cmd.Exe,wscript.exe  C:\Windows\System32\gatherNetworkInfo.vbs,C:\Windows\System32\wscript.exe,{f57bd86a-876f-658c-4303-000000000f00},7660,WINDEV2309EVAL\User,{f57bd86a-8779-658c-d603-000000000f00},3588,3188,Microsoft® Windows® Operating System,,,,,"
      ",-,,,,,,2023-12-27T20:22:17.5526719Z,,,Process Create (rule: ProcessCreate),1,5124,WINDEV2309EVAL\User,S-1-5-18,2023-12-27 20:22:17.551,5,"<Event xmlns=""http://schemas.microsoft.com/win/2004/08/events/event"">
    <System>
      <Provider Name=""Microsoft-Windows-Sysmon"" Guid=""{5770385f-c22a-43e0-bf4c-06f5698ffbd9}""/>
      <EventID>1</EventID>
      <Version>5</Version>
      <Level>4</Level>
      <Task>1</Task>
      <Opcode>0</Opcode>
      <Keywords>0x8000000000000000</Keywords>
      <TimeCreated SystemTime=""2023-12-27T20:22:17.5526719Z""/>
      <EventRecordID>20080</EventRecordID>
      <Correlation/>
      <Execution ProcessID=""3588"" ThreadID=""5124""/>
      <Channel>Microsoft-Windows-Sysmon/Operational</Channel>
      <Computer>WinDev2309Eval</Computer>
      <Security UserID=""S-1-5-18""/>
    </System>
    <EventData>
      <Data Name=""RuleName"">-</Data>
      <Data Name=""UtcTime"">2023-12-27 20:22:17.551</Data>
      <Data Name=""ProcessGuid"">{f57bd86a-8779-658c-d603-000000000f00}</Data>
      <Data Name=""ProcessId"">3188</Data>
      <Data Name=""Image"">C:\Windows\System32\cmd.exe</Data>
      <Data Name=""FileVersion"">10.0.22621.2506 (WinBuild.160101.0800)</Data>
      <Data Name=""Description"">Windows Command Processor</Data>
      <Data Name=""Product"">Microsoft&#174; Windows&#174; Operating System</Data>
      <Data Name=""Company"">Microsoft Corporation</Data>
      <Data Name=""OriginalFileName"">Cmd.Exe</Data>
      <Data Name=""CommandLine"">""C:\Windows\System32\cmd.exe"" /c echo Connection Security  Configuration: &gt;&gt; config\WindowsFirewallConfig.txt</Data>
      <Data Name=""CurrentDirectory"">C:\Users\User\AppData\Local\Temp\</Data>
      <Data Name=""User"">WINDEV2309EVAL\User</Data>
      <Data Name=""LogonGuid"">{f57bd86a-36f9-658c-7bf8-020000000000}</Data>
      <Data Name=""LogonId"">0x2f87b</Data>
      <Data Name=""TerminalSessionId"">1</Data>
      <Data Name=""IntegrityLevel"">Medium</Data>
      <Data Name=""Hashes"">MD5=133D568ECCB557E37BEA1459521CBAC2,SHA256=05A30592D2C3421C41121145C6EEFA7C81FEA6B42D6233A522240A8468326B9C,IMPHASH=D73E39DAB3C8B57AA408073D01254964</Data>
      <Data Name=""ParentProcessGuid"">{f57bd86a-876f-658c-4303-000000000f00}</Data>
      <Data Name=""ParentProcessId"">7660</Data>
      <Data Name=""ParentImage"">C:\Windows\System32\wscript.exe</Data>
      <Data Name=""ParentCommandLine"">wscript.exe  C:\Windows\System32\gatherNetworkInfo.vbs</Data>
      <Data Name=""ParentUser"">WINDEV2309EVAL\User</Data>
    </EventData>
    <RenderingInfo Culture=""en-US"">
      <Message>Process Create:

RuleName: -

UtcTime: 2023-12-27 20:22:17.551

ProcessGuid: {f57bd86a-8779-658c-d603-000000000f00}

ProcessId: 3188

Image: C:\Windows\System32\cmd.exe

FileVersion: 10.0.22621.2506 (WinBuild.160101.0800)

Description: Windows Command Processor

Product: Microsoft&#174; Windows&#174; Operating System

Company: Microsoft Corporation

OriginalFileName: Cmd.Exe

CommandLine: ""C:\Windows\System32\cmd.exe"" /c echo Connection Security  Configuration: &gt;&gt; config\WindowsFirewallConfig.txt

CurrentDirectory: C:\Users\User\AppData\Local\Temp\

User: WINDEV2309EVAL\User

LogonGuid: {f57bd86a-36f9-658c-7bf8-020000000000}

LogonId: 0x2F87B

TerminalSessionId: 1

IntegrityLevel: Medium

Hashes: MD5=133D568ECCB557E37BEA1459521CBAC2,SHA256=05A30592D2C3421C41121145C6EEFA7C81FEA6B42D6233A522240A8468326B9C,IMPHASH=D73E39DAB3C8B57AA408073D01254964

ParentProcessGuid: {f57bd86a-876f-658c-4303-000000000f00}

ParentProcessId: 7660

ParentImage: C:\Windows\System32\wscript.exe

ParentCommandLine: wscript.exe  C:\Windows\System32\gatherNetworkInfo.vbs

ParentUser: WINDEV2309EVAL\User</Message>
      <Level>Information</Level>
      <Task>Process Create (rule: ProcessCreate)</Task>
      <Opcode>Info</Opcode>
    </RenderingInfo>
  </Event>
  
"
Microsoft-Windows-Sysmon/Operational,netsh  advfirewall monitor show firewall ,Microsoft Corporation,WinDev2309Eval,,C:\Users\User\AppData\Local\Temp\,Network Command Shell,,,,,,,1,20079,,10.0.22621.1 (WinBuild.160101.0800),"MD5=52B4651083081201E243E97ED965B60A,SHA256=3E91414A1A005937925E449627D4634E73B1DA9DC12D1008B1BAA54C77637C44,IMPHASH=06F091DBEC9C3F0DD14808FFE59B95DE",C:\Windows\System32\netsh.exe,,Medium,0x8000000000000000,Information,{f57bd86a-36f9-658c-7bf8-020000000000},0x2f87b,"Process Create:

RuleName: -

UtcTime: 2023-12-27 20:22:17.414

ProcessGuid: {f57bd86a-8779-658c-d503-000000000f00}

ProcessId: 2756

Image: C:\Windows\System32\netsh.exe

FileVersion: 10.0.22621.1 (WinBuild.160101.0800)

Description: Network Command Shell

Product: Microsoft® Windows® Operating System

Company: Microsoft Corporation

OriginalFileName: netsh.exe

CommandLine: netsh  advfirewall monitor show firewall 

CurrentDirectory: C:\Users\User\AppData\Local\Temp\

User: WINDEV2309EVAL\User

LogonGuid: {f57bd86a-36f9-658c-7bf8-020000000000}

LogonId: 0x2F87B

TerminalSessionId: 1

IntegrityLevel: Medium

Hashes: MD5=52B4651083081201E243E97ED965B60A,SHA256=3E91414A1A005937925E449627D4634E73B1DA9DC12D1008B1BAA54C77637C44,IMPHASH=06F091DBEC9C3F0DD14808FFE59B95DE

ParentProcessGuid: {f57bd86a-8779-658c-d303-000000000f00}

ParentProcessId: 5980

ParentImage: C:\Windows\System32\cmd.exe

ParentCommandLine: ""C:\Windows\System32\cmd.exe"" /c netsh advfirewall monitor show firewall >> config\WindowsFirewallConfig.txt

ParentUser: WINDEV2309EVAL\User",Info,netsh.exe,"""C:\Windows\System32\cmd.exe"" /c netsh advfirewall monitor show firewall >> config\WindowsFirewallConfig.txt",C:\Windows\System32\cmd.exe,{f57bd86a-8779-658c-d303-000000000f00},5980,WINDEV2309EVAL\User,{f57bd86a-8779-658c-d503-000000000f00},3588,2756,Microsoft® Windows® Operating System,,,,,"
      ",-,,,,,,2023-12-27T20:22:17.4149704Z,,,Process Create (rule: ProcessCreate),1,5124,WINDEV2309EVAL\User,S-1-5-18,2023-12-27 20:22:17.414,5,"<Event xmlns=""http://schemas.microsoft.com/win/2004/08/events/event"">
    <System>
      <Provider Name=""Microsoft-Windows-Sysmon"" Guid=""{5770385f-c22a-43e0-bf4c-06f5698ffbd9}""/>
      <EventID>1</EventID>
      <Version>5</Version>
      <Level>4</Level>
      <Task>1</Task>
      <Opcode>0</Opcode>
      <Keywords>0x8000000000000000</Keywords>
      <TimeCreated SystemTime=""2023-12-27T20:22:17.4149704Z""/>
      <EventRecordID>20079</EventRecordID>
      <Correlation/>
      <Execution ProcessID=""3588"" ThreadID=""5124""/>
      <Channel>Microsoft-Windows-Sysmon/Operational</Channel>
      <Computer>WinDev2309Eval</Computer>
      <Security UserID=""S-1-5-18""/>
    </System>
    <EventData>
      <Data Name=""RuleName"">-</Data>
      <Data Name=""UtcTime"">2023-12-27 20:22:17.414</Data>
      <Data Name=""ProcessGuid"">{f57bd86a-8779-658c-d503-000000000f00}</Data>
      <Data Name=""ProcessId"">2756</Data>
      <Data Name=""Image"">C:\Windows\System32\netsh.exe</Data>
      <Data Name=""FileVersion"">10.0.22621.1 (WinBuild.160101.0800)</Data>
      <Data Name=""Description"">Network Command Shell</Data>
      <Data Name=""Product"">Microsoft&#174; Windows&#174; Operating System</Data>
      <Data Name=""Company"">Microsoft Corporation</Data>
      <Data Name=""OriginalFileName"">netsh.exe</Data>
      <Data Name=""CommandLine"">netsh  advfirewall monitor show firewall </Data>
      <Data Name=""CurrentDirectory"">C:\Users\User\AppData\Local\Temp\</Data>
      <Data Name=""User"">WINDEV2309EVAL\User</Data>
      <Data Name=""LogonGuid"">{f57bd86a-36f9-658c-7bf8-020000000000}</Data>
      <Data Name=""LogonId"">0x2f87b</Data>
      <Data Name=""TerminalSessionId"">1</Data>
      <Data Name=""IntegrityLevel"">Medium</Data>
      <Data Name=""Hashes"">MD5=52B4651083081201E243E97ED965B60A,SHA256=3E91414A1A005937925E449627D4634E73B1DA9DC12D1008B1BAA54C77637C44,IMPHASH=06F091DBEC9C3F0DD14808FFE59B95DE</Data>
      <Data Name=""ParentProcessGuid"">{f57bd86a-8779-658c-d303-000000000f00}</Data>
      <Data Name=""ParentProcessId"">5980</Data>
      <Data Name=""ParentImage"">C:\Windows\System32\cmd.exe</Data>
      <Data Name=""ParentCommandLine"">""C:\Windows\System32\cmd.exe"" /c netsh advfirewall monitor show firewall &gt;&gt; config\WindowsFirewallConfig.txt</Data>
      <Data Name=""ParentUser"">WINDEV2309EVAL\User</Data>
    </EventData>
    <RenderingInfo Culture=""en-US"">
      <Message>Process Create:

RuleName: -

UtcTime: 2023-12-27 20:22:17.414

ProcessGuid: {f57bd86a-8779-658c-d503-000000000f00}

ProcessId: 2756

Image: C:\Windows\System32\netsh.exe

FileVersion: 10.0.22621.1 (WinBuild.160101.0800)

Description: Network Command Shell

Product: Microsoft&#174; Windows&#174; Operating System

Company: Microsoft Corporation

OriginalFileName: netsh.exe

CommandLine: netsh  advfirewall monitor show firewall 

CurrentDirectory: C:\Users\User\AppData\Local\Temp\

User: WINDEV2309EVAL\User

LogonGuid: {f57bd86a-36f9-658c-7bf8-020000000000}

LogonId: 0x2F87B

TerminalSessionId: 1

IntegrityLevel: Medium

Hashes: MD5=52B4651083081201E243E97ED965B60A,SHA256=3E91414A1A005937925E449627D4634E73B1DA9DC12D1008B1BAA54C77637C44,IMPHASH=06F091DBEC9C3F0DD14808FFE59B95DE

ParentProcessGuid: {f57bd86a-8779-658c-d303-000000000f00}

ParentProcessId: 5980

ParentImage: C:\Windows\System32\cmd.exe

ParentCommandLine: ""C:\Windows\System32\cmd.exe"" /c netsh advfirewall monitor show firewall &gt;&gt; config\WindowsFirewallConfig.txt

ParentUser: WINDEV2309EVAL\User</Message>
      <Level>Information</Level>
      <Task>Process Create (rule: ProcessCreate)</Task>
      <Opcode>Info</Opcode>
    </RenderingInfo>
  </Event>
  
"
Microsoft-Windows-Sysmon/Operational,"""C:\Windows\System32\cmd.exe"" /c netsh advfirewall monitor show firewall >> config\WindowsFirewallConfig.txt",Microsoft Corporation,WinDev2309Eval,,C:\Users\User\AppData\Local\Temp\,Windows Command Processor,,,,,,,1,20078,,10.0.22621.2506 (WinBuild.160101.0800),"MD5=133D568ECCB557E37BEA1459521CBAC2,SHA256=05A30592D2C3421C41121145C6EEFA7C81FEA6B42D6233A522240A8468326B9C,IMPHASH=D73E39DAB3C8B57AA408073D01254964",C:\Windows\System32\cmd.exe,,Medium,0x8000000000000000,Information,{f57bd86a-36f9-658c-7bf8-020000000000},0x2f87b,"Process Create:

RuleName: -

UtcTime: 2023-12-27 20:22:17.370

ProcessGuid: {f57bd86a-8779-658c-d303-000000000f00}

ProcessId: 5980

Image: C:\Windows\System32\cmd.exe

FileVersion: 10.0.22621.2506 (WinBuild.160101.0800)

Description: Windows Command Processor

Product: Microsoft® Windows® Operating System

Company: Microsoft Corporation

OriginalFileName: Cmd.Exe

CommandLine: ""C:\Windows\System32\cmd.exe"" /c netsh advfirewall monitor show firewall >> config\WindowsFirewallConfig.txt

CurrentDirectory: C:\Users\User\AppData\Local\Temp\

User: WINDEV2309EVAL\User

LogonGuid: {f57bd86a-36f9-658c-7bf8-020000000000}

LogonId: 0x2F87B

TerminalSessionId: 1

IntegrityLevel: Medium

Hashes: MD5=133D568ECCB557E37BEA1459521CBAC2,SHA256=05A30592D2C3421C41121145C6EEFA7C81FEA6B42D6233A522240A8468326B9C,IMPHASH=D73E39DAB3C8B57AA408073D01254964

ParentProcessGuid: {f57bd86a-876f-658c-4303-000000000f00}

ParentProcessId: 7660

ParentImage: C:\Windows\System32\wscript.exe

ParentCommandLine: wscript.exe  C:\Windows\System32\gatherNetworkInfo.vbs

ParentUser: WINDEV2309EVAL\User",Info,Cmd.Exe,wscript.exe  C:\Windows\System32\gatherNetworkInfo.vbs,C:\Windows\System32\wscript.exe,{f57bd86a-876f-658c-4303-000000000f00},7660,WINDEV2309EVAL\User,{f57bd86a-8779-658c-d303-000000000f00},3588,5980,Microsoft® Windows® Operating System,,,,,"
      ",-,,,,,,2023-12-27T20:22:17.3710231Z,,,Process Create (rule: ProcessCreate),1,5124,WINDEV2309EVAL\User,S-1-5-18,2023-12-27 20:22:17.370,5,"<Event xmlns=""http://schemas.microsoft.com/win/2004/08/events/event"">
    <System>
      <Provider Name=""Microsoft-Windows-Sysmon"" Guid=""{5770385f-c22a-43e0-bf4c-06f5698ffbd9}""/>
      <EventID>1</EventID>
      <Version>5</Version>
      <Level>4</Level>
      <Task>1</Task>
      <Opcode>0</Opcode>
      <Keywords>0x8000000000000000</Keywords>
      <TimeCreated SystemTime=""2023-12-27T20:22:17.3710231Z""/>
      <EventRecordID>20078</EventRecordID>
      <Correlation/>
      <Execution ProcessID=""3588"" ThreadID=""5124""/>
      <Channel>Microsoft-Windows-Sysmon/Operational</Channel>
      <Computer>WinDev2309Eval</Computer>
      <Security UserID=""S-1-5-18""/>
    </System>
    <EventData>
      <Data Name=""RuleName"">-</Data>
      <Data Name=""UtcTime"">2023-12-27 20:22:17.370</Data>
      <Data Name=""ProcessGuid"">{f57bd86a-8779-658c-d303-000000000f00}</Data>
      <Data Name=""ProcessId"">5980</Data>
      <Data Name=""Image"">C:\Windows\System32\cmd.exe</Data>
      <Data Name=""FileVersion"">10.0.22621.2506 (WinBuild.160101.0800)</Data>
      <Data Name=""Description"">Windows Command Processor</Data>
      <Data Name=""Product"">Microsoft&#174; Windows&#174; Operating System</Data>
      <Data Name=""Company"">Microsoft Corporation</Data>
      <Data Name=""OriginalFileName"">Cmd.Exe</Data>
      <Data Name=""CommandLine"">""C:\Windows\System32\cmd.exe"" /c netsh advfirewall monitor show firewall &gt;&gt; config\WindowsFirewallConfig.txt</Data>
      <Data Name=""CurrentDirectory"">C:\Users\User\AppData\Local\Temp\</Data>
      <Data Name=""User"">WINDEV2309EVAL\User</Data>
      <Data Name=""LogonGuid"">{f57bd86a-36f9-658c-7bf8-020000000000}</Data>
      <Data Name=""LogonId"">0x2f87b</Data>
      <Data Name=""TerminalSessionId"">1</Data>
      <Data Name=""IntegrityLevel"">Medium</Data>
      <Data Name=""Hashes"">MD5=133D568ECCB557E37BEA1459521CBAC2,SHA256=05A30592D2C3421C41121145C6EEFA7C81FEA6B42D6233A522240A8468326B9C,IMPHASH=D73E39DAB3C8B57AA408073D01254964</Data>
      <Data Name=""ParentProcessGuid"">{f57bd86a-876f-658c-4303-000000000f00}</Data>
      <Data Name=""ParentProcessId"">7660</Data>
      <Data Name=""ParentImage"">C:\Windows\System32\wscript.exe</Data>
      <Data Name=""ParentCommandLine"">wscript.exe  C:\Windows\System32\gatherNetworkInfo.vbs</Data>
      <Data Name=""ParentUser"">WINDEV2309EVAL\User</Data>
    </EventData>
    <RenderingInfo Culture=""en-US"">
      <Message>Process Create:

RuleName: -

UtcTime: 2023-12-27 20:22:17.370

ProcessGuid: {f57bd86a-8779-658c-d303-000000000f00}

ProcessId: 5980

Image: C:\Windows\System32\cmd.exe

FileVersion: 10.0.22621.2506 (WinBuild.160101.0800)

Description: Windows Command Processor

Product: Microsoft&#174; Windows&#174; Operating System

Company: Microsoft Corporation

OriginalFileName: Cmd.Exe

CommandLine: ""C:\Windows\System32\cmd.exe"" /c netsh advfirewall monitor show firewall &gt;&gt; config\WindowsFirewallConfig.txt

CurrentDirectory: C:\Users\User\AppData\Local\Temp\

User: WINDEV2309EVAL\User

LogonGuid: {f57bd86a-36f9-658c-7bf8-020000000000}

LogonId: 0x2F87B

TerminalSessionId: 1

IntegrityLevel: Medium

Hashes: MD5=133D568ECCB557E37BEA1459521CBAC2,SHA256=05A30592D2C3421C41121145C6EEFA7C81FEA6B42D6233A522240A8468326B9C,IMPHASH=D73E39DAB3C8B57AA408073D01254964

ParentProcessGuid: {f57bd86a-876f-658c-4303-000000000f00}

ParentProcessId: 7660

ParentImage: C:\Windows\System32\wscript.exe

ParentCommandLine: wscript.exe  C:\Windows\System32\gatherNetworkInfo.vbs

ParentUser: WINDEV2309EVAL\User</Message>
      <Level>Information</Level>
      <Task>Process Create (rule: ProcessCreate)</Task>
      <Opcode>Info</Opcode>
    </RenderingInfo>
  </Event>
  
"
Microsoft-Windows-Sysmon/Operational,"""C:\Windows\System32\cmd.exe"" /c echo ------------------------------------------------------------------------ >> config\WindowsFirewallConfig.txt",Microsoft Corporation,WinDev2309Eval,,C:\Users\User\AppData\Local\Temp\,Windows Command Processor,,,,,,,1,20077,,10.0.22621.2506 (WinBuild.160101.0800),"MD5=133D568ECCB557E37BEA1459521CBAC2,SHA256=05A30592D2C3421C41121145C6EEFA7C81FEA6B42D6233A522240A8468326B9C,IMPHASH=D73E39DAB3C8B57AA408073D01254964",C:\Windows\System32\cmd.exe,,Medium,0x8000000000000000,Information,{f57bd86a-36f9-658c-7bf8-020000000000},0x2f87b,"Process Create:

RuleName: -

UtcTime: 2023-12-27 20:22:17.309

ProcessGuid: {f57bd86a-8779-658c-d103-000000000f00}

ProcessId: 6612

Image: C:\Windows\System32\cmd.exe

FileVersion: 10.0.22621.2506 (WinBuild.160101.0800)

Description: Windows Command Processor

Product: Microsoft® Windows® Operating System

Company: Microsoft Corporation

OriginalFileName: Cmd.Exe

CommandLine: ""C:\Windows\System32\cmd.exe"" /c echo ------------------------------------------------------------------------ >> config\WindowsFirewallConfig.txt

CurrentDirectory: C:\Users\User\AppData\Local\Temp\

User: WINDEV2309EVAL\User

LogonGuid: {f57bd86a-36f9-658c-7bf8-020000000000}

LogonId: 0x2F87B

TerminalSessionId: 1

IntegrityLevel: Medium

Hashes: MD5=133D568ECCB557E37BEA1459521CBAC2,SHA256=05A30592D2C3421C41121145C6EEFA7C81FEA6B42D6233A522240A8468326B9C,IMPHASH=D73E39DAB3C8B57AA408073D01254964

ParentProcessGuid: {f57bd86a-876f-658c-4303-000000000f00}

ParentProcessId: 7660

ParentImage: C:\Windows\System32\wscript.exe

ParentCommandLine: wscript.exe  C:\Windows\System32\gatherNetworkInfo.vbs

ParentUser: WINDEV2309EVAL\User",Info,Cmd.Exe,wscript.exe  C:\Windows\System32\gatherNetworkInfo.vbs,C:\Windows\System32\wscript.exe,{f57bd86a-876f-658c-4303-000000000f00},7660,WINDEV2309EVAL\User,{f57bd86a-8779-658c-d103-000000000f00},3588,6612,Microsoft® Windows® Operating System,,,,,"
      ",-,,,,,,2023-12-27T20:22:17.3106510Z,,,Process Create (rule: ProcessCreate),1,5124,WINDEV2309EVAL\User,S-1-5-18,2023-12-27 20:22:17.309,5,"<Event xmlns=""http://schemas.microsoft.com/win/2004/08/events/event"">
    <System>
      <Provider Name=""Microsoft-Windows-Sysmon"" Guid=""{5770385f-c22a-43e0-bf4c-06f5698ffbd9}""/>
      <EventID>1</EventID>
      <Version>5</Version>
      <Level>4</Level>
      <Task>1</Task>
      <Opcode>0</Opcode>
      <Keywords>0x8000000000000000</Keywords>
      <TimeCreated SystemTime=""2023-12-27T20:22:17.3106510Z""/>
      <EventRecordID>20077</EventRecordID>
      <Correlation/>
      <Execution ProcessID=""3588"" ThreadID=""5124""/>
      <Channel>Microsoft-Windows-Sysmon/Operational</Channel>
      <Computer>WinDev2309Eval</Computer>
      <Security UserID=""S-1-5-18""/>
    </System>
    <EventData>
      <Data Name=""RuleName"">-</Data>
      <Data Name=""UtcTime"">2023-12-27 20:22:17.309</Data>
      <Data Name=""ProcessGuid"">{f57bd86a-8779-658c-d103-000000000f00}</Data>
      <Data Name=""ProcessId"">6612</Data>
      <Data Name=""Image"">C:\Windows\System32\cmd.exe</Data>
      <Data Name=""FileVersion"">10.0.22621.2506 (WinBuild.160101.0800)</Data>
      <Data Name=""Description"">Windows Command Processor</Data>
      <Data Name=""Product"">Microsoft&#174; Windows&#174; Operating System</Data>
      <Data Name=""Company"">Microsoft Corporation</Data>
      <Data Name=""OriginalFileName"">Cmd.Exe</Data>
      <Data Name=""CommandLine"">""C:\Windows\System32\cmd.exe"" /c echo ------------------------------------------------------------------------ &gt;&gt; config\WindowsFirewallConfig.txt</Data>
      <Data Name=""CurrentDirectory"">C:\Users\User\AppData\Local\Temp\</Data>
      <Data Name=""User"">WINDEV2309EVAL\User</Data>
      <Data Name=""LogonGuid"">{f57bd86a-36f9-658c-7bf8-020000000000}</Data>
      <Data Name=""LogonId"">0x2f87b</Data>
      <Data Name=""TerminalSessionId"">1</Data>
      <Data Name=""IntegrityLevel"">Medium</Data>
      <Data Name=""Hashes"">MD5=133D568ECCB557E37BEA1459521CBAC2,SHA256=05A30592D2C3421C41121145C6EEFA7C81FEA6B42D6233A522240A8468326B9C,IMPHASH=D73E39DAB3C8B57AA408073D01254964</Data>
      <Data Name=""ParentProcessGuid"">{f57bd86a-876f-658c-4303-000000000f00}</Data>
      <Data Name=""ParentProcessId"">7660</Data>
      <Data Name=""ParentImage"">C:\Windows\System32\wscript.exe</Data>
      <Data Name=""ParentCommandLine"">wscript.exe  C:\Windows\System32\gatherNetworkInfo.vbs</Data>
      <Data Name=""ParentUser"">WINDEV2309EVAL\User</Data>
    </EventData>
    <RenderingInfo Culture=""en-US"">
      <Message>Process Create:

RuleName: -

UtcTime: 2023-12-27 20:22:17.309

ProcessGuid: {f57bd86a-8779-658c-d103-000000000f00}

ProcessId: 6612

Image: C:\Windows\System32\cmd.exe

FileVersion: 10.0.22621.2506 (WinBuild.160101.0800)

Description: Windows Command Processor

Product: Microsoft&#174; Windows&#174; Operating System

Company: Microsoft Corporation

OriginalFileName: Cmd.Exe

CommandLine: ""C:\Windows\System32\cmd.exe"" /c echo ------------------------------------------------------------------------ &gt;&gt; config\WindowsFirewallConfig.txt

CurrentDirectory: C:\Users\User\AppData\Local\Temp\

User: WINDEV2309EVAL\User

LogonGuid: {f57bd86a-36f9-658c-7bf8-020000000000}

LogonId: 0x2F87B

TerminalSessionId: 1

IntegrityLevel: Medium

Hashes: MD5=133D568ECCB557E37BEA1459521CBAC2,SHA256=05A30592D2C3421C41121145C6EEFA7C81FEA6B42D6233A522240A8468326B9C,IMPHASH=D73E39DAB3C8B57AA408073D01254964

ParentProcessGuid: {f57bd86a-876f-658c-4303-000000000f00}

ParentProcessId: 7660

ParentImage: C:\Windows\System32\wscript.exe

ParentCommandLine: wscript.exe  C:\Windows\System32\gatherNetworkInfo.vbs

ParentUser: WINDEV2309EVAL\User</Message>
      <Level>Information</Level>
      <Task>Process Create (rule: ProcessCreate)</Task>
      <Opcode>Info</Opcode>
    </RenderingInfo>
  </Event>
  
"
Microsoft-Windows-Sysmon/Operational,"""C:\Windows\System32\cmd.exe"" /c echo Firewall Configuration: >> config\WindowsFirewallConfig.txt",Microsoft Corporation,WinDev2309Eval,,C:\Users\User\AppData\Local\Temp\,Windows Command Processor,,,,,,,1,20076,,10.0.22621.2506 (WinBuild.160101.0800),"MD5=133D568ECCB557E37BEA1459521CBAC2,SHA256=05A30592D2C3421C41121145C6EEFA7C81FEA6B42D6233A522240A8468326B9C,IMPHASH=D73E39DAB3C8B57AA408073D01254964",C:\Windows\System32\cmd.exe,,Medium,0x8000000000000000,Information,{f57bd86a-36f9-658c-7bf8-020000000000},0x2f87b,"Process Create:

RuleName: -

UtcTime: 2023-12-27 20:22:17.255

ProcessGuid: {f57bd86a-8779-658c-cf03-000000000f00}

ProcessId: 4660

Image: C:\Windows\System32\cmd.exe

FileVersion: 10.0.22621.2506 (WinBuild.160101.0800)

Description: Windows Command Processor

Product: Microsoft® Windows® Operating System

Company: Microsoft Corporation

OriginalFileName: Cmd.Exe

CommandLine: ""C:\Windows\System32\cmd.exe"" /c echo Firewall Configuration: >> config\WindowsFirewallConfig.txt

CurrentDirectory: C:\Users\User\AppData\Local\Temp\

User: WINDEV2309EVAL\User

LogonGuid: {f57bd86a-36f9-658c-7bf8-020000000000}

LogonId: 0x2F87B

TerminalSessionId: 1

IntegrityLevel: Medium

Hashes: MD5=133D568ECCB557E37BEA1459521CBAC2,SHA256=05A30592D2C3421C41121145C6EEFA7C81FEA6B42D6233A522240A8468326B9C,IMPHASH=D73E39DAB3C8B57AA408073D01254964

ParentProcessGuid: {f57bd86a-876f-658c-4303-000000000f00}

ParentProcessId: 7660

ParentImage: C:\Windows\System32\wscript.exe

ParentCommandLine: wscript.exe  C:\Windows\System32\gatherNetworkInfo.vbs

ParentUser: WINDEV2309EVAL\User",Info,Cmd.Exe,wscript.exe  C:\Windows\System32\gatherNetworkInfo.vbs,C:\Windows\System32\wscript.exe,{f57bd86a-876f-658c-4303-000000000f00},7660,WINDEV2309EVAL\User,{f57bd86a-8779-658c-cf03-000000000f00},3588,4660,Microsoft® Windows® Operating System,,,,,"
      ",-,,,,,,2023-12-27T20:22:17.2564085Z,,,Process Create (rule: ProcessCreate),1,5124,WINDEV2309EVAL\User,S-1-5-18,2023-12-27 20:22:17.255,5,"<Event xmlns=""http://schemas.microsoft.com/win/2004/08/events/event"">
    <System>
      <Provider Name=""Microsoft-Windows-Sysmon"" Guid=""{5770385f-c22a-43e0-bf4c-06f5698ffbd9}""/>
      <EventID>1</EventID>
      <Version>5</Version>
      <Level>4</Level>
      <Task>1</Task>
      <Opcode>0</Opcode>
      <Keywords>0x8000000000000000</Keywords>
      <TimeCreated SystemTime=""2023-12-27T20:22:17.2564085Z""/>
      <EventRecordID>20076</EventRecordID>
      <Correlation/>
      <Execution ProcessID=""3588"" ThreadID=""5124""/>
      <Channel>Microsoft-Windows-Sysmon/Operational</Channel>
      <Computer>WinDev2309Eval</Computer>
      <Security UserID=""S-1-5-18""/>
    </System>
    <EventData>
      <Data Name=""RuleName"">-</Data>
      <Data Name=""UtcTime"">2023-12-27 20:22:17.255</Data>
      <Data Name=""ProcessGuid"">{f57bd86a-8779-658c-cf03-000000000f00}</Data>
      <Data Name=""ProcessId"">4660</Data>
      <Data Name=""Image"">C:\Windows\System32\cmd.exe</Data>
      <Data Name=""FileVersion"">10.0.22621.2506 (WinBuild.160101.0800)</Data>
      <Data Name=""Description"">Windows Command Processor</Data>
      <Data Name=""Product"">Microsoft&#174; Windows&#174; Operating System</Data>
      <Data Name=""Company"">Microsoft Corporation</Data>
      <Data Name=""OriginalFileName"">Cmd.Exe</Data>
      <Data Name=""CommandLine"">""C:\Windows\System32\cmd.exe"" /c echo Firewall Configuration: &gt;&gt; config\WindowsFirewallConfig.txt</Data>
      <Data Name=""CurrentDirectory"">C:\Users\User\AppData\Local\Temp\</Data>
      <Data Name=""User"">WINDEV2309EVAL\User</Data>
      <Data Name=""LogonGuid"">{f57bd86a-36f9-658c-7bf8-020000000000}</Data>
      <Data Name=""LogonId"">0x2f87b</Data>
      <Data Name=""TerminalSessionId"">1</Data>
      <Data Name=""IntegrityLevel"">Medium</Data>
      <Data Name=""Hashes"">MD5=133D568ECCB557E37BEA1459521CBAC2,SHA256=05A30592D2C3421C41121145C6EEFA7C81FEA6B42D6233A522240A8468326B9C,IMPHASH=D73E39DAB3C8B57AA408073D01254964</Data>
      <Data Name=""ParentProcessGuid"">{f57bd86a-876f-658c-4303-000000000f00}</Data>
      <Data Name=""ParentProcessId"">7660</Data>
      <Data Name=""ParentImage"">C:\Windows\System32\wscript.exe</Data>
      <Data Name=""ParentCommandLine"">wscript.exe  C:\Windows\System32\gatherNetworkInfo.vbs</Data>
      <Data Name=""ParentUser"">WINDEV2309EVAL\User</Data>
    </EventData>
    <RenderingInfo Culture=""en-US"">
      <Message>Process Create:

RuleName: -

UtcTime: 2023-12-27 20:22:17.255

ProcessGuid: {f57bd86a-8779-658c-cf03-000000000f00}

ProcessId: 4660

Image: C:\Windows\System32\cmd.exe

FileVersion: 10.0.22621.2506 (WinBuild.160101.0800)

Description: Windows Command Processor

Product: Microsoft&#174; Windows&#174; Operating System

Company: Microsoft Corporation

OriginalFileName: Cmd.Exe

CommandLine: ""C:\Windows\System32\cmd.exe"" /c echo Firewall Configuration: &gt;&gt; config\WindowsFirewallConfig.txt

CurrentDirectory: C:\Users\User\AppData\Local\Temp\

User: WINDEV2309EVAL\User

LogonGuid: {f57bd86a-36f9-658c-7bf8-020000000000}

LogonId: 0x2F87B

TerminalSessionId: 1

IntegrityLevel: Medium

Hashes: MD5=133D568ECCB557E37BEA1459521CBAC2,SHA256=05A30592D2C3421C41121145C6EEFA7C81FEA6B42D6233A522240A8468326B9C,IMPHASH=D73E39DAB3C8B57AA408073D01254964

ParentProcessGuid: {f57bd86a-876f-658c-4303-000000000f00}

ParentProcessId: 7660

ParentImage: C:\Windows\System32\wscript.exe

ParentCommandLine: wscript.exe  C:\Windows\System32\gatherNetworkInfo.vbs

ParentUser: WINDEV2309EVAL\User</Message>
      <Level>Information</Level>
      <Task>Process Create (rule: ProcessCreate)</Task>
      <Opcode>Info</Opcode>
    </RenderingInfo>
  </Event>
  
"
Microsoft-Windows-Sysmon/Operational,netsh  advfirewall monitor show currentprofile ,Microsoft Corporation,WinDev2309Eval,,C:\Users\User\AppData\Local\Temp\,Network Command Shell,,,,,,,1,20075,,10.0.22621.1 (WinBuild.160101.0800),"MD5=52B4651083081201E243E97ED965B60A,SHA256=3E91414A1A005937925E449627D4634E73B1DA9DC12D1008B1BAA54C77637C44,IMPHASH=06F091DBEC9C3F0DD14808FFE59B95DE",C:\Windows\System32\netsh.exe,,Medium,0x8000000000000000,Information,{f57bd86a-36f9-658c-7bf8-020000000000},0x2f87b,"Process Create:

RuleName: -

UtcTime: 2023-12-27 20:22:17.125

ProcessGuid: {f57bd86a-8779-658c-ce03-000000000f00}

ProcessId: 10740

Image: C:\Windows\System32\netsh.exe

FileVersion: 10.0.22621.1 (WinBuild.160101.0800)

Description: Network Command Shell

Product: Microsoft® Windows® Operating System

Company: Microsoft Corporation

OriginalFileName: netsh.exe

CommandLine: netsh  advfirewall monitor show currentprofile 

CurrentDirectory: C:\Users\User\AppData\Local\Temp\

User: WINDEV2309EVAL\User

LogonGuid: {f57bd86a-36f9-658c-7bf8-020000000000}

LogonId: 0x2F87B

TerminalSessionId: 1

IntegrityLevel: Medium

Hashes: MD5=52B4651083081201E243E97ED965B60A,SHA256=3E91414A1A005937925E449627D4634E73B1DA9DC12D1008B1BAA54C77637C44,IMPHASH=06F091DBEC9C3F0DD14808FFE59B95DE

ParentProcessGuid: {f57bd86a-8779-658c-cc03-000000000f00}

ParentProcessId: 5112

ParentImage: C:\Windows\System32\cmd.exe

ParentCommandLine: ""C:\Windows\System32\cmd.exe"" /c netsh advfirewall monitor show currentprofile >> config\WindowsFirewallConfig.txt

ParentUser: WINDEV2309EVAL\User",Info,netsh.exe,"""C:\Windows\System32\cmd.exe"" /c netsh advfirewall monitor show currentprofile >> config\WindowsFirewallConfig.txt",C:\Windows\System32\cmd.exe,{f57bd86a-8779-658c-cc03-000000000f00},5112,WINDEV2309EVAL\User,{f57bd86a-8779-658c-ce03-000000000f00},3588,10740,Microsoft® Windows® Operating System,,,,,"
      ",-,,,,,,2023-12-27T20:22:17.1266428Z,,,Process Create (rule: ProcessCreate),1,5124,WINDEV2309EVAL\User,S-1-5-18,2023-12-27 20:22:17.125,5,"<Event xmlns=""http://schemas.microsoft.com/win/2004/08/events/event"">
    <System>
      <Provider Name=""Microsoft-Windows-Sysmon"" Guid=""{5770385f-c22a-43e0-bf4c-06f5698ffbd9}""/>
      <EventID>1</EventID>
      <Version>5</Version>
      <Level>4</Level>
      <Task>1</Task>
      <Opcode>0</Opcode>
      <Keywords>0x8000000000000000</Keywords>
      <TimeCreated SystemTime=""2023-12-27T20:22:17.1266428Z""/>
      <EventRecordID>20075</EventRecordID>
      <Correlation/>
      <Execution ProcessID=""3588"" ThreadID=""5124""/>
      <Channel>Microsoft-Windows-Sysmon/Operational</Channel>
      <Computer>WinDev2309Eval</Computer>
      <Security UserID=""S-1-5-18""/>
    </System>
    <EventData>
      <Data Name=""RuleName"">-</Data>
      <Data Name=""UtcTime"">2023-12-27 20:22:17.125</Data>
      <Data Name=""ProcessGuid"">{f57bd86a-8779-658c-ce03-000000000f00}</Data>
      <Data Name=""ProcessId"">10740</Data>
      <Data Name=""Image"">C:\Windows\System32\netsh.exe</Data>
      <Data Name=""FileVersion"">10.0.22621.1 (WinBuild.160101.0800)</Data>
      <Data Name=""Description"">Network Command Shell</Data>
      <Data Name=""Product"">Microsoft&#174; Windows&#174; Operating System</Data>
      <Data Name=""Company"">Microsoft Corporation</Data>
      <Data Name=""OriginalFileName"">netsh.exe</Data>
      <Data Name=""CommandLine"">netsh  advfirewall monitor show currentprofile </Data>
      <Data Name=""CurrentDirectory"">C:\Users\User\AppData\Local\Temp\</Data>
      <Data Name=""User"">WINDEV2309EVAL\User</Data>
      <Data Name=""LogonGuid"">{f57bd86a-36f9-658c-7bf8-020000000000}</Data>
      <Data Name=""LogonId"">0x2f87b</Data>
      <Data Name=""TerminalSessionId"">1</Data>
      <Data Name=""IntegrityLevel"">Medium</Data>
      <Data Name=""Hashes"">MD5=52B4651083081201E243E97ED965B60A,SHA256=3E91414A1A005937925E449627D4634E73B1DA9DC12D1008B1BAA54C77637C44,IMPHASH=06F091DBEC9C3F0DD14808FFE59B95DE</Data>
      <Data Name=""ParentProcessGuid"">{f57bd86a-8779-658c-cc03-000000000f00}</Data>
      <Data Name=""ParentProcessId"">5112</Data>
      <Data Name=""ParentImage"">C:\Windows\System32\cmd.exe</Data>
      <Data Name=""ParentCommandLine"">""C:\Windows\System32\cmd.exe"" /c netsh advfirewall monitor show currentprofile &gt;&gt; config\WindowsFirewallConfig.txt</Data>
      <Data Name=""ParentUser"">WINDEV2309EVAL\User</Data>
    </EventData>
    <RenderingInfo Culture=""en-US"">
      <Message>Process Create:

RuleName: -

UtcTime: 2023-12-27 20:22:17.125

ProcessGuid: {f57bd86a-8779-658c-ce03-000000000f00}

ProcessId: 10740

Image: C:\Windows\System32\netsh.exe

FileVersion: 10.0.22621.1 (WinBuild.160101.0800)

Description: Network Command Shell

Product: Microsoft&#174; Windows&#174; Operating System

Company: Microsoft Corporation

OriginalFileName: netsh.exe

CommandLine: netsh  advfirewall monitor show currentprofile 

CurrentDirectory: C:\Users\User\AppData\Local\Temp\

User: WINDEV2309EVAL\User

LogonGuid: {f57bd86a-36f9-658c-7bf8-020000000000}

LogonId: 0x2F87B

TerminalSessionId: 1

IntegrityLevel: Medium

Hashes: MD5=52B4651083081201E243E97ED965B60A,SHA256=3E91414A1A005937925E449627D4634E73B1DA9DC12D1008B1BAA54C77637C44,IMPHASH=06F091DBEC9C3F0DD14808FFE59B95DE

ParentProcessGuid: {f57bd86a-8779-658c-cc03-000000000f00}

ParentProcessId: 5112

ParentImage: C:\Windows\System32\cmd.exe

ParentCommandLine: ""C:\Windows\System32\cmd.exe"" /c netsh advfirewall monitor show currentprofile &gt;&gt; config\WindowsFirewallConfig.txt

ParentUser: WINDEV2309EVAL\User</Message>
      <Level>Information</Level>
      <Task>Process Create (rule: ProcessCreate)</Task>
      <Opcode>Info</Opcode>
    </RenderingInfo>
  </Event>
  
"
