Microsoft-Windows-Sysmon/Operational,"""C:\Windows\System32\IME\SHARED\IMEWDBLD.exe"" https://raw.githubusercontent.com/redcanaryco/atomic-red-team/master/atomics/T1105/T1105.yaml",Microsoft Corporation,WinDev2309Eval,,C:\Users\User\AppData\Local\Temp\,Microsoft IME Open Extended Dictionary Module,1,19603,10.0.22621.2506 (WinBuild.160101.0800),"MD5=EF0B02F49CB44C5FE004E42112F9EBB0,SHA256=08EB64C1FB17C4C6801524ACD6641A9387D939AE3C93DFE3390DB337ED923046,IMPHASH=0EA5C5DA099B91F909B6707A1299A607",C:\Windows\System32\IME\SHARED\IMEWDBLD.EXE,Medium,0x8000000000000000,Information,{f57bd86a-36f9-658c-7bf8-020000000000},0x2f87b,"Process Create:

RuleName: -

UtcTime: 2023-12-27 20:47:08.411

ProcessGuid: {f57bd86a-8d4c-658c-e501-000000000f00}

ProcessId: 10972

Image: C:\Windows\System32\IME\SHARED\IMEWDBLD.EXE

FileVersion: 10.0.22621.2506 (WinBuild.160101.0800)

Description: Microsoft IME Open Extended Dictionary Module

Product: Microsoft® Windows® Operating System

Company: Microsoft Corporation

OriginalFileName: imewdbld.exe

CommandLine: ""C:\Windows\System32\IME\SHARED\IMEWDBLD.exe"" https://raw.githubusercontent.com/redcanaryco/atomic-red-team/master/atomics/T1105/T1105.yaml

CurrentDirectory: C:\Users\User\AppData\Local\Temp\

User: WINDEV2309EVAL\User

LogonGuid: {f57bd86a-36f9-658c-7bf8-020000000000}

LogonId: 0x2F87B

TerminalSessionId: 1

IntegrityLevel: Medium

Hashes: MD5=EF0B02F49CB44C5FE004E42112F9EBB0,SHA256=08EB64C1FB17C4C6801524ACD6641A9387D939AE3C93DFE3390DB337ED923046,IMPHASH=0EA5C5DA099B91F909B6707A1299A607

ParentProcessGuid: {f57bd86a-8d4b-658c-e301-000000000f00}

ParentProcessId: 8028

ParentImage: C:\Windows\System32\WindowsPowerShell\v1.0\powershell.exe

ParentCommandLine: ""powershell.exe"" & {$imewdbled = $env:SystemRoot + \""""\System32\IME\SHARED\IMEWDBLD.exe\""""
& $imewdbled https://raw.githubusercontent.com/redcanaryco/atomic-red-team/master/atomics/T1105/T1105.yaml}

ParentUser: WINDEV2309EVAL\User",Info,imewdbld.exe,"""powershell.exe"" & {$imewdbled = $env:SystemRoot + \""""\System32\IME\SHARED\IMEWDBLD.exe\""""
& $imewdbled https://raw.githubusercontent.com/redcanaryco/atomic-red-team/master/atomics/T1105/T1105.yaml}",C:\Windows\System32\WindowsPowerShell\v1.0\powershell.exe,{f57bd86a-8d4b-658c-e301-000000000f00},8028,WINDEV2309EVAL\User,,{f57bd86a-8d4c-658c-e501-000000000f00},3588,10972,Microsoft® Windows® Operating System,,,,"
      ",-,2023-12-27T20:47:08.4308740Z,,Process Create (rule: ProcessCreate),1,5124,WINDEV2309EVAL\User,S-1-5-18,2023-12-27 20:47:08.411,5,"<Event xmlns=""http://schemas.microsoft.com/win/2004/08/events/event"">
    <System>
      <Provider Name=""Microsoft-Windows-Sysmon"" Guid=""{5770385f-c22a-43e0-bf4c-06f5698ffbd9}""/>
      <EventID>1</EventID>
      <Version>5</Version>
      <Level>4</Level>
      <Task>1</Task>
      <Opcode>0</Opcode>
      <Keywords>0x8000000000000000</Keywords>
      <TimeCreated SystemTime=""2023-12-27T20:47:08.4308740Z""/>
      <EventRecordID>19603</EventRecordID>
      <Correlation/>
      <Execution ProcessID=""3588"" ThreadID=""5124""/>
      <Channel>Microsoft-Windows-Sysmon/Operational</Channel>
      <Computer>WinDev2309Eval</Computer>
      <Security UserID=""S-1-5-18""/>
    </System>
    <EventData>
      <Data Name=""RuleName"">-</Data>
      <Data Name=""UtcTime"">2023-12-27 20:47:08.411</Data>
      <Data Name=""ProcessGuid"">{f57bd86a-8d4c-658c-e501-000000000f00}</Data>
      <Data Name=""ProcessId"">10972</Data>
      <Data Name=""Image"">C:\Windows\System32\IME\SHARED\IMEWDBLD.EXE</Data>
      <Data Name=""FileVersion"">10.0.22621.2506 (WinBuild.160101.0800)</Data>
      <Data Name=""Description"">Microsoft IME Open Extended Dictionary Module</Data>
      <Data Name=""Product"">Microsoft&#174; Windows&#174; Operating System</Data>
      <Data Name=""Company"">Microsoft Corporation</Data>
      <Data Name=""OriginalFileName"">imewdbld.exe</Data>
      <Data Name=""CommandLine"">""C:\Windows\System32\IME\SHARED\IMEWDBLD.exe"" https://raw.githubusercontent.com/redcanaryco/atomic-red-team/master/atomics/T1105/T1105.yaml</Data>
      <Data Name=""CurrentDirectory"">C:\Users\User\AppData\Local\Temp\</Data>
      <Data Name=""User"">WINDEV2309EVAL\User</Data>
      <Data Name=""LogonGuid"">{f57bd86a-36f9-658c-7bf8-020000000000}</Data>
      <Data Name=""LogonId"">0x2f87b</Data>
      <Data Name=""TerminalSessionId"">1</Data>
      <Data Name=""IntegrityLevel"">Medium</Data>
      <Data Name=""Hashes"">MD5=EF0B02F49CB44C5FE004E42112F9EBB0,SHA256=08EB64C1FB17C4C6801524ACD6641A9387D939AE3C93DFE3390DB337ED923046,IMPHASH=0EA5C5DA099B91F909B6707A1299A607</Data>
      <Data Name=""ParentProcessGuid"">{f57bd86a-8d4b-658c-e301-000000000f00}</Data>
      <Data Name=""ParentProcessId"">8028</Data>
      <Data Name=""ParentImage"">C:\Windows\System32\WindowsPowerShell\v1.0\powershell.exe</Data>
      <Data Name=""ParentCommandLine"">""powershell.exe"" &amp; {$imewdbled = $env:SystemRoot + \""""\System32\IME\SHARED\IMEWDBLD.exe\""""
&amp; $imewdbled https://raw.githubusercontent.com/redcanaryco/atomic-red-team/master/atomics/T1105/T1105.yaml}</Data>
      <Data Name=""ParentUser"">WINDEV2309EVAL\User</Data>
    </EventData>
    <RenderingInfo Culture=""en-US"">
      <Message>Process Create:

RuleName: -

UtcTime: 2023-12-27 20:47:08.411

ProcessGuid: {f57bd86a-8d4c-658c-e501-000000000f00}

ProcessId: 10972

Image: C:\Windows\System32\IME\SHARED\IMEWDBLD.EXE

FileVersion: 10.0.22621.2506 (WinBuild.160101.0800)

Description: Microsoft IME Open Extended Dictionary Module

Product: Microsoft&#174; Windows&#174; Operating System

Company: Microsoft Corporation

OriginalFileName: imewdbld.exe

CommandLine: ""C:\Windows\System32\IME\SHARED\IMEWDBLD.exe"" https://raw.githubusercontent.com/redcanaryco/atomic-red-team/master/atomics/T1105/T1105.yaml

CurrentDirectory: C:\Users\User\AppData\Local\Temp\

User: WINDEV2309EVAL\User

LogonGuid: {f57bd86a-36f9-658c-7bf8-020000000000}

LogonId: 0x2F87B

TerminalSessionId: 1

IntegrityLevel: Medium

Hashes: MD5=EF0B02F49CB44C5FE004E42112F9EBB0,SHA256=08EB64C1FB17C4C6801524ACD6641A9387D939AE3C93DFE3390DB337ED923046,IMPHASH=0EA5C5DA099B91F909B6707A1299A607

ParentProcessGuid: {f57bd86a-8d4b-658c-e301-000000000f00}

ParentProcessId: 8028

ParentImage: C:\Windows\System32\WindowsPowerShell\v1.0\powershell.exe

ParentCommandLine: ""powershell.exe"" &amp; {$imewdbled = $env:SystemRoot + \""""\System32\IME\SHARED\IMEWDBLD.exe\""""
&amp; $imewdbled https://raw.githubusercontent.com/redcanaryco/atomic-red-team/master/atomics/T1105/T1105.yaml}

ParentUser: WINDEV2309EVAL\User</Message>
      <Level>Information</Level>
      <Task>Process Create (rule: ProcessCreate)</Task>
      <Opcode>Info</Opcode>
    </RenderingInfo>
  </Event>
  
"
Microsoft-Windows-Sysmon/Operational,,,WinDev2309Eval,2023-12-27 20:47:07.729,,,11,19602,,,C:\Windows\System32\WindowsPowerShell\v1.0\powershell.exe,,0x8000000000000000,Information,,,"File created:

RuleName: -

UtcTime: 2023-12-27 20:47:07.729

ProcessGuid: {f57bd86a-8d4b-658c-e301-000000000f00}

ProcessId: 8028

Image: C:\Windows\System32\WindowsPowerShell\v1.0\powershell.exe

TargetFilename: C:\Users\User\AppData\Local\Temp\__PSScriptPolicyTest_iblja3se.00o.ps1

CreationUtcTime: 2023-12-27 20:47:07.729

User: WINDEV2309EVAL\User",Info,,,,,,,,{f57bd86a-8d4b-658c-e301-000000000f00},3588,8028,,,,,"
      ",-,2023-12-27T20:47:07.7446648Z,C:\Users\User\AppData\Local\Temp\__PSScriptPolicyTest_iblja3se.00o.ps1,File created (rule: FileCreate),,5124,WINDEV2309EVAL\User,S-1-5-18,2023-12-27 20:47:07.729,2,"<Event xmlns=""http://schemas.microsoft.com/win/2004/08/events/event"">
    <System>
      <Provider Name=""Microsoft-Windows-Sysmon"" Guid=""{5770385f-c22a-43e0-bf4c-06f5698ffbd9}""/>
      <EventID>11</EventID>
      <Version>2</Version>
      <Level>4</Level>
      <Task>11</Task>
      <Opcode>0</Opcode>
      <Keywords>0x8000000000000000</Keywords>
      <TimeCreated SystemTime=""2023-12-27T20:47:07.7446648Z""/>
      <EventRecordID>19602</EventRecordID>
      <Correlation/>
      <Execution ProcessID=""3588"" ThreadID=""5124""/>
      <Channel>Microsoft-Windows-Sysmon/Operational</Channel>
      <Computer>WinDev2309Eval</Computer>
      <Security UserID=""S-1-5-18""/>
    </System>
    <EventData>
      <Data Name=""RuleName"">-</Data>
      <Data Name=""UtcTime"">2023-12-27 20:47:07.729</Data>
      <Data Name=""ProcessGuid"">{f57bd86a-8d4b-658c-e301-000000000f00}</Data>
      <Data Name=""ProcessId"">8028</Data>
      <Data Name=""Image"">C:\Windows\System32\WindowsPowerShell\v1.0\powershell.exe</Data>
      <Data Name=""TargetFilename"">C:\Users\User\AppData\Local\Temp\__PSScriptPolicyTest_iblja3se.00o.ps1</Data>
      <Data Name=""CreationUtcTime"">2023-12-27 20:47:07.729</Data>
      <Data Name=""User"">WINDEV2309EVAL\User</Data>
    </EventData>
    <RenderingInfo Culture=""en-US"">
      <Message>File created:

RuleName: -

UtcTime: 2023-12-27 20:47:07.729

ProcessGuid: {f57bd86a-8d4b-658c-e301-000000000f00}

ProcessId: 8028

Image: C:\Windows\System32\WindowsPowerShell\v1.0\powershell.exe

TargetFilename: C:\Users\User\AppData\Local\Temp\__PSScriptPolicyTest_iblja3se.00o.ps1

CreationUtcTime: 2023-12-27 20:47:07.729

User: WINDEV2309EVAL\User</Message>
      <Level>Information</Level>
      <Task>File created (rule: FileCreate)</Task>
      <Opcode>Info</Opcode>
    </RenderingInfo>
  </Event>
  
"
Microsoft-Windows-Sysmon/Operational,"""powershell.exe"" & {$imewdbled = $env:SystemRoot + \""""\System32\IME\SHARED\IMEWDBLD.exe\""""
& $imewdbled https://raw.githubusercontent.com/redcanaryco/atomic-red-team/master/atomics/T1105/T1105.yaml}",Microsoft Corporation,WinDev2309Eval,,C:\Users\User\AppData\Local\Temp\,Windows PowerShell,1,19601,10.0.22621.2506 (WinBuild.160101.0800),"MD5=2D1D70C92A419D9079B047954C611886,SHA256=C50057756CDB25D481CF2502ABCEF124F864C27618C5057468BFC6B82B2C4EDD,IMPHASH=E09C4F82A1DA13A09F4FF2E625FEBA20",C:\Windows\System32\WindowsPowerShell\v1.0\powershell.exe,Medium,0x8000000000000000,Information,{f57bd86a-36f9-658c-7bf8-020000000000},0x2f87b,"Process Create:

RuleName: -

UtcTime: 2023-12-27 20:47:07.631

ProcessGuid: {f57bd86a-8d4b-658c-e301-000000000f00}

ProcessId: 8028

Image: C:\Windows\System32\WindowsPowerShell\v1.0\powershell.exe

FileVersion: 10.0.22621.2506 (WinBuild.160101.0800)

Description: Windows PowerShell

Product: Microsoft® Windows® Operating System

Company: Microsoft Corporation

OriginalFileName: PowerShell.EXE

CommandLine: ""powershell.exe"" & {$imewdbled = $env:SystemRoot + \""""\System32\IME\SHARED\IMEWDBLD.exe\""""
& $imewdbled https://raw.githubusercontent.com/redcanaryco/atomic-red-team/master/atomics/T1105/T1105.yaml}

CurrentDirectory: C:\Users\User\AppData\Local\Temp\

User: WINDEV2309EVAL\User

LogonGuid: {f57bd86a-36f9-658c-7bf8-020000000000}

LogonId: 0x2F87B

TerminalSessionId: 1

IntegrityLevel: Medium

Hashes: MD5=2D1D70C92A419D9079B047954C611886,SHA256=C50057756CDB25D481CF2502ABCEF124F864C27618C5057468BFC6B82B2C4EDD,IMPHASH=E09C4F82A1DA13A09F4FF2E625FEBA20

ParentProcessGuid: {00000000-0000-0000-0000-000000000000}

ParentProcessId: 1688

ParentImage: -

ParentCommandLine: -

ParentUser: -",Info,PowerShell.EXE,-,-,{00000000-0000-0000-0000-000000000000},1688,-,,{f57bd86a-8d4b-658c-e301-000000000f00},3588,8028,Microsoft® Windows® Operating System,,,,"
      ",-,2023-12-27T20:47:07.6323368Z,,Process Create (rule: ProcessCreate),1,5124,WINDEV2309EVAL\User,S-1-5-18,2023-12-27 20:47:07.631,5,"<Event xmlns=""http://schemas.microsoft.com/win/2004/08/events/event"">
    <System>
      <Provider Name=""Microsoft-Windows-Sysmon"" Guid=""{5770385f-c22a-43e0-bf4c-06f5698ffbd9}""/>
      <EventID>1</EventID>
      <Version>5</Version>
      <Level>4</Level>
      <Task>1</Task>
      <Opcode>0</Opcode>
      <Keywords>0x8000000000000000</Keywords>
      <TimeCreated SystemTime=""2023-12-27T20:47:07.6323368Z""/>
      <EventRecordID>19601</EventRecordID>
      <Correlation/>
      <Execution ProcessID=""3588"" ThreadID=""5124""/>
      <Channel>Microsoft-Windows-Sysmon/Operational</Channel>
      <Computer>WinDev2309Eval</Computer>
      <Security UserID=""S-1-5-18""/>
    </System>
    <EventData>
      <Data Name=""RuleName"">-</Data>
      <Data Name=""UtcTime"">2023-12-27 20:47:07.631</Data>
      <Data Name=""ProcessGuid"">{f57bd86a-8d4b-658c-e301-000000000f00}</Data>
      <Data Name=""ProcessId"">8028</Data>
      <Data Name=""Image"">C:\Windows\System32\WindowsPowerShell\v1.0\powershell.exe</Data>
      <Data Name=""FileVersion"">10.0.22621.2506 (WinBuild.160101.0800)</Data>
      <Data Name=""Description"">Windows PowerShell</Data>
      <Data Name=""Product"">Microsoft&#174; Windows&#174; Operating System</Data>
      <Data Name=""Company"">Microsoft Corporation</Data>
      <Data Name=""OriginalFileName"">PowerShell.EXE</Data>
      <Data Name=""CommandLine"">""powershell.exe"" &amp; {$imewdbled = $env:SystemRoot + \""""\System32\IME\SHARED\IMEWDBLD.exe\""""
&amp; $imewdbled https://raw.githubusercontent.com/redcanaryco/atomic-red-team/master/atomics/T1105/T1105.yaml}</Data>
      <Data Name=""CurrentDirectory"">C:\Users\User\AppData\Local\Temp\</Data>
      <Data Name=""User"">WINDEV2309EVAL\User</Data>
      <Data Name=""LogonGuid"">{f57bd86a-36f9-658c-7bf8-020000000000}</Data>
      <Data Name=""LogonId"">0x2f87b</Data>
      <Data Name=""TerminalSessionId"">1</Data>
      <Data Name=""IntegrityLevel"">Medium</Data>
      <Data Name=""Hashes"">MD5=2D1D70C92A419D9079B047954C611886,SHA256=C50057756CDB25D481CF2502ABCEF124F864C27618C5057468BFC6B82B2C4EDD,IMPHASH=E09C4F82A1DA13A09F4FF2E625FEBA20</Data>
      <Data Name=""ParentProcessGuid"">{00000000-0000-0000-0000-000000000000}</Data>
      <Data Name=""ParentProcessId"">1688</Data>
      <Data Name=""ParentImage"">-</Data>
      <Data Name=""ParentCommandLine"">-</Data>
      <Data Name=""ParentUser"">-</Data>
    </EventData>
    <RenderingInfo Culture=""en-US"">
      <Message>Process Create:

RuleName: -

UtcTime: 2023-12-27 20:47:07.631

ProcessGuid: {f57bd86a-8d4b-658c-e301-000000000f00}

ProcessId: 8028

Image: C:\Windows\System32\WindowsPowerShell\v1.0\powershell.exe

FileVersion: 10.0.22621.2506 (WinBuild.160101.0800)

Description: Windows PowerShell

Product: Microsoft&#174; Windows&#174; Operating System

Company: Microsoft Corporation

OriginalFileName: PowerShell.EXE

CommandLine: ""powershell.exe"" &amp; {$imewdbled = $env:SystemRoot + \""""\System32\IME\SHARED\IMEWDBLD.exe\""""
&amp; $imewdbled https://raw.githubusercontent.com/redcanaryco/atomic-red-team/master/atomics/T1105/T1105.yaml}

CurrentDirectory: C:\Users\User\AppData\Local\Temp\

User: WINDEV2309EVAL\User

LogonGuid: {f57bd86a-36f9-658c-7bf8-020000000000}

LogonId: 0x2F87B

TerminalSessionId: 1

IntegrityLevel: Medium

Hashes: MD5=2D1D70C92A419D9079B047954C611886,SHA256=C50057756CDB25D481CF2502ABCEF124F864C27618C5057468BFC6B82B2C4EDD,IMPHASH=E09C4F82A1DA13A09F4FF2E625FEBA20

ParentProcessGuid: {00000000-0000-0000-0000-000000000000}

ParentProcessId: 1688

ParentImage: -

ParentCommandLine: -

ParentUser: -</Message>
      <Level>Information</Level>
      <Task>Process Create (rule: ProcessCreate)</Task>
      <Opcode>Info</Opcode>
    </RenderingInfo>
  </Event>
  
"
Microsoft-Windows-Sysmon/Operational,,,WinDev2309Eval,,,,22,19600,,,<unknown process>,,0x8000000000000000,Information,,,"Dns query:

RuleName: -

UtcTime: 2023-12-27 14:54:09.145

ProcessGuid: {f57bd86a-8d45-658c-db01-000000000f00}

ProcessId: 10688

QueryName: raw.githubusercontent.com

QueryStatus: 0

QueryResults: ::ffff:185.199.109.133;::ffff:185.199.110.133;::ffff:185.199.111.133;::ffff:185.199.108.133;

Image: <unknown process>

User: WINDEV2309EVAL\User",Info,,,,,,,,{f57bd86a-8d45-658c-db01-000000000f00},3588,10688,,raw.githubusercontent.com,::ffff:185.199.109.133;::ffff:185.199.110.133;::ffff:185.199.111.133;::ffff:185.199.108.133;,0,"
      ",-,2023-12-27T20:47:05.3043515Z,,Dns query (rule: DnsQuery),,5164,WINDEV2309EVAL\User,S-1-5-18,2023-12-27 14:54:09.145,5,"<Event xmlns=""http://schemas.microsoft.com/win/2004/08/events/event"">
    <System>
      <Provider Name=""Microsoft-Windows-Sysmon"" Guid=""{5770385f-c22a-43e0-bf4c-06f5698ffbd9}""/>
      <EventID>22</EventID>
      <Version>5</Version>
      <Level>4</Level>
      <Task>22</Task>
      <Opcode>0</Opcode>
      <Keywords>0x8000000000000000</Keywords>
      <TimeCreated SystemTime=""2023-12-27T20:47:05.3043515Z""/>
      <EventRecordID>19600</EventRecordID>
      <Correlation/>
      <Execution ProcessID=""3588"" ThreadID=""5164""/>
      <Channel>Microsoft-Windows-Sysmon/Operational</Channel>
      <Computer>WinDev2309Eval</Computer>
      <Security UserID=""S-1-5-18""/>
    </System>
    <EventData>
      <Data Name=""RuleName"">-</Data>
      <Data Name=""UtcTime"">2023-12-27 14:54:09.145</Data>
      <Data Name=""ProcessGuid"">{f57bd86a-8d45-658c-db01-000000000f00}</Data>
      <Data Name=""ProcessId"">10688</Data>
      <Data Name=""QueryName"">raw.githubusercontent.com</Data>
      <Data Name=""QueryStatus"">0</Data>
      <Data Name=""QueryResults"">::ffff:185.199.109.133;::ffff:185.199.110.133;::ffff:185.199.111.133;::ffff:185.199.108.133;</Data>
      <Data Name=""Image"">&lt;unknown process&gt;</Data>
      <Data Name=""User"">WINDEV2309EVAL\User</Data>
    </EventData>
    <RenderingInfo Culture=""en-US"">
      <Message>Dns query:

RuleName: -

UtcTime: 2023-12-27 14:54:09.145

ProcessGuid: {f57bd86a-8d45-658c-db01-000000000f00}

ProcessId: 10688

QueryName: raw.githubusercontent.com

QueryStatus: 0

QueryResults: ::ffff:185.199.109.133;::ffff:185.199.110.133;::ffff:185.199.111.133;::ffff:185.199.108.133;

Image: &lt;unknown process&gt;

User: WINDEV2309EVAL\User</Message>
      <Level>Information</Level>
      <Task>Dns query (rule: DnsQuery)</Task>
      <Opcode>Info</Opcode>
    </RenderingInfo>
  </Event>
  
"
Microsoft-Windows-Sysmon/Operational,finger  base64_filedata@localhost,Microsoft Corporation,WinDev2309Eval,,C:\Users\User\AppData\Local\Temp\,TCPIP Finger Command,1,19599,10.0.22621.2506 (WinBuild.160101.0800),"MD5=06C6496B57C42D04525EAE38B39D0A00,SHA256=6B36B01119F7329DD8811A8B23D2A86323D83316E9DDC379F2CB67C975FC17C5,IMPHASH=4EC5391C083809964BB61804E493A505",C:\Windows\System32\finger.exe,Medium,0x8000000000000000,Information,{f57bd86a-36f9-658c-7bf8-020000000000},0x2f87b,"Process Create:

RuleName: -

UtcTime: 2023-12-27 20:47:03.282

ProcessGuid: {f57bd86a-8d47-658c-e101-000000000f00}

ProcessId: 5720

Image: C:\Windows\System32\finger.exe

FileVersion: 10.0.22621.2506 (WinBuild.160101.0800)

Description: TCPIP Finger Command

Product: Microsoft® Windows® Operating System

Company: Microsoft Corporation

OriginalFileName: finger.exe

CommandLine: finger  base64_filedata@localhost

CurrentDirectory: C:\Users\User\AppData\Local\Temp\

User: WINDEV2309EVAL\User

LogonGuid: {f57bd86a-36f9-658c-7bf8-020000000000}

LogonId: 0x2F87B

TerminalSessionId: 1

IntegrityLevel: Medium

Hashes: MD5=06C6496B57C42D04525EAE38B39D0A00,SHA256=6B36B01119F7329DD8811A8B23D2A86323D83316E9DDC379F2CB67C975FC17C5,IMPHASH=4EC5391C083809964BB61804E493A505

ParentProcessGuid: {f57bd86a-8d47-658c-df01-000000000f00}

ParentProcessId: 8672

ParentImage: C:\Windows\System32\cmd.exe

ParentCommandLine: ""cmd.exe"" /c finger base64_filedata@localhost

ParentUser: WINDEV2309EVAL\User",Info,finger.exe,"""cmd.exe"" /c finger base64_filedata@localhost",C:\Windows\System32\cmd.exe,{f57bd86a-8d47-658c-df01-000000000f00},8672,WINDEV2309EVAL\User,,{f57bd86a-8d47-658c-e101-000000000f00},3588,5720,Microsoft® Windows® Operating System,,,,"
      ",-,2023-12-27T20:47:03.2844006Z,,Process Create (rule: ProcessCreate),1,5124,WINDEV2309EVAL\User,S-1-5-18,2023-12-27 20:47:03.282,5,"<Event xmlns=""http://schemas.microsoft.com/win/2004/08/events/event"">
    <System>
      <Provider Name=""Microsoft-Windows-Sysmon"" Guid=""{5770385f-c22a-43e0-bf4c-06f5698ffbd9}""/>
      <EventID>1</EventID>
      <Version>5</Version>
      <Level>4</Level>
      <Task>1</Task>
      <Opcode>0</Opcode>
      <Keywords>0x8000000000000000</Keywords>
      <TimeCreated SystemTime=""2023-12-27T20:47:03.2844006Z""/>
      <EventRecordID>19599</EventRecordID>
      <Correlation/>
      <Execution ProcessID=""3588"" ThreadID=""5124""/>
      <Channel>Microsoft-Windows-Sysmon/Operational</Channel>
      <Computer>WinDev2309Eval</Computer>
      <Security UserID=""S-1-5-18""/>
    </System>
    <EventData>
      <Data Name=""RuleName"">-</Data>
      <Data Name=""UtcTime"">2023-12-27 20:47:03.282</Data>
      <Data Name=""ProcessGuid"">{f57bd86a-8d47-658c-e101-000000000f00}</Data>
      <Data Name=""ProcessId"">5720</Data>
      <Data Name=""Image"">C:\Windows\System32\finger.exe</Data>
      <Data Name=""FileVersion"">10.0.22621.2506 (WinBuild.160101.0800)</Data>
      <Data Name=""Description"">TCPIP Finger Command</Data>
      <Data Name=""Product"">Microsoft&#174; Windows&#174; Operating System</Data>
      <Data Name=""Company"">Microsoft Corporation</Data>
      <Data Name=""OriginalFileName"">finger.exe</Data>
      <Data Name=""CommandLine"">finger  base64_filedata@localhost</Data>
      <Data Name=""CurrentDirectory"">C:\Users\User\AppData\Local\Temp\</Data>
      <Data Name=""User"">WINDEV2309EVAL\User</Data>
      <Data Name=""LogonGuid"">{f57bd86a-36f9-658c-7bf8-020000000000}</Data>
      <Data Name=""LogonId"">0x2f87b</Data>
      <Data Name=""TerminalSessionId"">1</Data>
      <Data Name=""IntegrityLevel"">Medium</Data>
      <Data Name=""Hashes"">MD5=06C6496B57C42D04525EAE38B39D0A00,SHA256=6B36B01119F7329DD8811A8B23D2A86323D83316E9DDC379F2CB67C975FC17C5,IMPHASH=4EC5391C083809964BB61804E493A505</Data>
      <Data Name=""ParentProcessGuid"">{f57bd86a-8d47-658c-df01-000000000f00}</Data>
      <Data Name=""ParentProcessId"">8672</Data>
      <Data Name=""ParentImage"">C:\Windows\System32\cmd.exe</Data>
      <Data Name=""ParentCommandLine"">""cmd.exe"" /c finger base64_filedata@localhost</Data>
      <Data Name=""ParentUser"">WINDEV2309EVAL\User</Data>
    </EventData>
    <RenderingInfo Culture=""en-US"">
      <Message>Process Create:

RuleName: -

UtcTime: 2023-12-27 20:47:03.282

ProcessGuid: {f57bd86a-8d47-658c-e101-000000000f00}

ProcessId: 5720

Image: C:\Windows\System32\finger.exe

FileVersion: 10.0.22621.2506 (WinBuild.160101.0800)

Description: TCPIP Finger Command

Product: Microsoft&#174; Windows&#174; Operating System

Company: Microsoft Corporation

OriginalFileName: finger.exe

CommandLine: finger  base64_filedata@localhost

CurrentDirectory: C:\Users\User\AppData\Local\Temp\

User: WINDEV2309EVAL\User

LogonGuid: {f57bd86a-36f9-658c-7bf8-020000000000}

LogonId: 0x2F87B

TerminalSessionId: 1

IntegrityLevel: Medium

Hashes: MD5=06C6496B57C42D04525EAE38B39D0A00,SHA256=6B36B01119F7329DD8811A8B23D2A86323D83316E9DDC379F2CB67C975FC17C5,IMPHASH=4EC5391C083809964BB61804E493A505

ParentProcessGuid: {f57bd86a-8d47-658c-df01-000000000f00}

ParentProcessId: 8672

ParentImage: C:\Windows\System32\cmd.exe

ParentCommandLine: ""cmd.exe"" /c finger base64_filedata@localhost

ParentUser: WINDEV2309EVAL\User</Message>
      <Level>Information</Level>
      <Task>Process Create (rule: ProcessCreate)</Task>
      <Opcode>Info</Opcode>
    </RenderingInfo>
  </Event>
  
"
Microsoft-Windows-Sysmon/Operational,"""cmd.exe"" /c finger base64_filedata@localhost",Microsoft Corporation,WinDev2309Eval,,C:\Users\User\AppData\Local\Temp\,Windows Command Processor,1,19598,10.0.22621.2506 (WinBuild.160101.0800),"MD5=133D568ECCB557E37BEA1459521CBAC2,SHA256=05A30592D2C3421C41121145C6EEFA7C81FEA6B42D6233A522240A8468326B9C,IMPHASH=D73E39DAB3C8B57AA408073D01254964",C:\Windows\System32\cmd.exe,Medium,0x8000000000000000,Information,{f57bd86a-36f9-658c-7bf8-020000000000},0x2f87b,"Process Create:

RuleName: -

UtcTime: 2023-12-27 20:47:03.253

ProcessGuid: {f57bd86a-8d47-658c-df01-000000000f00}

ProcessId: 8672

Image: C:\Windows\System32\cmd.exe

FileVersion: 10.0.22621.2506 (WinBuild.160101.0800)

Description: Windows Command Processor

Product: Microsoft® Windows® Operating System

Company: Microsoft Corporation

OriginalFileName: Cmd.Exe

CommandLine: ""cmd.exe"" /c finger base64_filedata@localhost

CurrentDirectory: C:\Users\User\AppData\Local\Temp\

User: WINDEV2309EVAL\User

LogonGuid: {f57bd86a-36f9-658c-7bf8-020000000000}

LogonId: 0x2F87B

TerminalSessionId: 1

IntegrityLevel: Medium

Hashes: MD5=133D568ECCB557E37BEA1459521CBAC2,SHA256=05A30592D2C3421C41121145C6EEFA7C81FEA6B42D6233A522240A8468326B9C,IMPHASH=D73E39DAB3C8B57AA408073D01254964

ParentProcessGuid: {00000000-0000-0000-0000-000000000000}

ParentProcessId: 1688

ParentImage: -

ParentCommandLine: -

ParentUser: -",Info,Cmd.Exe,-,-,{00000000-0000-0000-0000-000000000000},1688,-,,{f57bd86a-8d47-658c-df01-000000000f00},3588,8672,Microsoft® Windows® Operating System,,,,"
      ",-,2023-12-27T20:47:03.2548251Z,,Process Create (rule: ProcessCreate),1,5124,WINDEV2309EVAL\User,S-1-5-18,2023-12-27 20:47:03.253,5,"<Event xmlns=""http://schemas.microsoft.com/win/2004/08/events/event"">
    <System>
      <Provider Name=""Microsoft-Windows-Sysmon"" Guid=""{5770385f-c22a-43e0-bf4c-06f5698ffbd9}""/>
      <EventID>1</EventID>
      <Version>5</Version>
      <Level>4</Level>
      <Task>1</Task>
      <Opcode>0</Opcode>
      <Keywords>0x8000000000000000</Keywords>
      <TimeCreated SystemTime=""2023-12-27T20:47:03.2548251Z""/>
      <EventRecordID>19598</EventRecordID>
      <Correlation/>
      <Execution ProcessID=""3588"" ThreadID=""5124""/>
      <Channel>Microsoft-Windows-Sysmon/Operational</Channel>
      <Computer>WinDev2309Eval</Computer>
      <Security UserID=""S-1-5-18""/>
    </System>
    <EventData>
      <Data Name=""RuleName"">-</Data>
      <Data Name=""UtcTime"">2023-12-27 20:47:03.253</Data>
      <Data Name=""ProcessGuid"">{f57bd86a-8d47-658c-df01-000000000f00}</Data>
      <Data Name=""ProcessId"">8672</Data>
      <Data Name=""Image"">C:\Windows\System32\cmd.exe</Data>
      <Data Name=""FileVersion"">10.0.22621.2506 (WinBuild.160101.0800)</Data>
      <Data Name=""Description"">Windows Command Processor</Data>
      <Data Name=""Product"">Microsoft&#174; Windows&#174; Operating System</Data>
      <Data Name=""Company"">Microsoft Corporation</Data>
      <Data Name=""OriginalFileName"">Cmd.Exe</Data>
      <Data Name=""CommandLine"">""cmd.exe"" /c finger base64_filedata@localhost</Data>
      <Data Name=""CurrentDirectory"">C:\Users\User\AppData\Local\Temp\</Data>
      <Data Name=""User"">WINDEV2309EVAL\User</Data>
      <Data Name=""LogonGuid"">{f57bd86a-36f9-658c-7bf8-020000000000}</Data>
      <Data Name=""LogonId"">0x2f87b</Data>
      <Data Name=""TerminalSessionId"">1</Data>
      <Data Name=""IntegrityLevel"">Medium</Data>
      <Data Name=""Hashes"">MD5=133D568ECCB557E37BEA1459521CBAC2,SHA256=05A30592D2C3421C41121145C6EEFA7C81FEA6B42D6233A522240A8468326B9C,IMPHASH=D73E39DAB3C8B57AA408073D01254964</Data>
      <Data Name=""ParentProcessGuid"">{00000000-0000-0000-0000-000000000000}</Data>
      <Data Name=""ParentProcessId"">1688</Data>
      <Data Name=""ParentImage"">-</Data>
      <Data Name=""ParentCommandLine"">-</Data>
      <Data Name=""ParentUser"">-</Data>
    </EventData>
    <RenderingInfo Culture=""en-US"">
      <Message>Process Create:

RuleName: -

UtcTime: 2023-12-27 20:47:03.253

ProcessGuid: {f57bd86a-8d47-658c-df01-000000000f00}

ProcessId: 8672

Image: C:\Windows\System32\cmd.exe

FileVersion: 10.0.22621.2506 (WinBuild.160101.0800)

Description: Windows Command Processor

Product: Microsoft&#174; Windows&#174; Operating System

Company: Microsoft Corporation

OriginalFileName: Cmd.Exe

CommandLine: ""cmd.exe"" /c finger base64_filedata@localhost

CurrentDirectory: C:\Users\User\AppData\Local\Temp\

User: WINDEV2309EVAL\User

LogonGuid: {f57bd86a-36f9-658c-7bf8-020000000000}

LogonId: 0x2F87B

TerminalSessionId: 1

IntegrityLevel: Medium

Hashes: MD5=133D568ECCB557E37BEA1459521CBAC2,SHA256=05A30592D2C3421C41121145C6EEFA7C81FEA6B42D6233A522240A8468326B9C,IMPHASH=D73E39DAB3C8B57AA408073D01254964

ParentProcessGuid: {00000000-0000-0000-0000-000000000000}

ParentProcessId: 1688

ParentImage: -

ParentCommandLine: -

ParentUser: -</Message>
      <Level>Information</Level>
      <Task>Process Create (rule: ProcessCreate)</Task>
      <Opcode>Info</Opcode>
    </RenderingInfo>
  </Event>
  
"
Microsoft-Windows-Sysmon/Operational,"""C:\Program Files\WindowsApps\Microsoft.WindowsNotepad_11.2310.13.0_x64__8wekyb3d8bbwe\Notepad\Notepad.exe"" /SESSION:EicxK1cVcUi5Ac72RRZluQEsQwA6AFwAVQBzAGUAcgBzAFwAVQBzAGUAcgBcAEEAcABwAEQAYQB0AGEAXABMAG8AYwBhAGwAXABUAGUAbQBwAFwATABJAEMARQBOAFMARQAuAHQAeAB0AAAAAAAAAAAAAAAAAAAAAAAAAAAAAAAAAAAAAAAAAAAAAAAAAAAAAAEFAAAAAfgG7AIAAAAAAAA=",-,WinDev2309Eval,,C:\Users\User\,-,1,19597,-,"MD5=04EF2F92AB6A28772E9882231354AEA2,SHA256=3FCC0A03FF6CD99504403CF106558C149717C7A8CA025BD23137469456F1F065,IMPHASH=9872652735563E0952795DC53C6BFB45",C:\Program Files\WindowsApps\Microsoft.WindowsNotepad_11.2310.13.0_x64__8wekyb3d8bbwe\Notepad\Notepad.exe,Medium,0x8000000000000000,Information,{f57bd86a-36f9-658c-7bf8-020000000000},0x2f87b,"Process Create:

RuleName: -

UtcTime: 2023-12-27 20:47:03.094

ProcessGuid: {f57bd86a-8d47-658c-de01-000000000f00}

ProcessId: 1052

Image: C:\Program Files\WindowsApps\Microsoft.WindowsNotepad_11.2310.13.0_x64__8wekyb3d8bbwe\Notepad\Notepad.exe

FileVersion: -

Description: -

Product: -

Company: -

OriginalFileName: -

CommandLine: ""C:\Program Files\WindowsApps\Microsoft.WindowsNotepad_11.2310.13.0_x64__8wekyb3d8bbwe\Notepad\Notepad.exe"" /SESSION:EicxK1cVcUi5Ac72RRZluQEsQwA6AFwAVQBzAGUAcgBzAFwAVQBzAGUAcgBcAEEAcABwAEQAYQB0AGEAXABMAG8AYwBhAGwAXABUAGUAbQBwAFwATABJAEMARQBOAFMARQAuAHQAeAB0AAAAAAAAAAAAAAAAAAAAAAAAAAAAAAAAAAAAAAAAAAAAAAAAAAAAAAEFAAAAAfgG7AIAAAAAAAA=

CurrentDirectory: C:\Users\User\

User: WINDEV2309EVAL\User

LogonGuid: {f57bd86a-36f9-658c-7bf8-020000000000}

LogonId: 0x2F87B

TerminalSessionId: 1

IntegrityLevel: Medium

Hashes: MD5=04EF2F92AB6A28772E9882231354AEA2,SHA256=3FCC0A03FF6CD99504403CF106558C149717C7A8CA025BD23137469456F1F065,IMPHASH=9872652735563E0952795DC53C6BFB45

ParentProcessGuid: {f57bd86a-8d46-658c-dd01-000000000f00}

ParentProcessId: 888

ParentImage: C:\Program Files\WindowsApps\Microsoft.WindowsNotepad_11.2310.13.0_x64__8wekyb3d8bbwe\Notepad\Notepad.exe

ParentCommandLine: ""C:\Program Files\WindowsApps\Microsoft.WindowsNotepad_11.2310.13.0_x64__8wekyb3d8bbwe\Notepad\Notepad.exe"" ""C:\Users\User\AppData\Local\Temp\LICENSE.txt""

ParentUser: WINDEV2309EVAL\User",Info,-,"""C:\Program Files\WindowsApps\Microsoft.WindowsNotepad_11.2310.13.0_x64__8wekyb3d8bbwe\Notepad\Notepad.exe"" ""C:\Users\User\AppData\Local\Temp\LICENSE.txt""",C:\Program Files\WindowsApps\Microsoft.WindowsNotepad_11.2310.13.0_x64__8wekyb3d8bbwe\Notepad\Notepad.exe,{f57bd86a-8d46-658c-dd01-000000000f00},888,WINDEV2309EVAL\User,,{f57bd86a-8d47-658c-de01-000000000f00},3588,1052,-,,,,"
      ",-,2023-12-27T20:47:03.0954329Z,,Process Create (rule: ProcessCreate),1,5124,WINDEV2309EVAL\User,S-1-5-18,2023-12-27 20:47:03.094,5,"<Event xmlns=""http://schemas.microsoft.com/win/2004/08/events/event"">
    <System>
      <Provider Name=""Microsoft-Windows-Sysmon"" Guid=""{5770385f-c22a-43e0-bf4c-06f5698ffbd9}""/>
      <EventID>1</EventID>
      <Version>5</Version>
      <Level>4</Level>
      <Task>1</Task>
      <Opcode>0</Opcode>
      <Keywords>0x8000000000000000</Keywords>
      <TimeCreated SystemTime=""2023-12-27T20:47:03.0954329Z""/>
      <EventRecordID>19597</EventRecordID>
      <Correlation/>
      <Execution ProcessID=""3588"" ThreadID=""5124""/>
      <Channel>Microsoft-Windows-Sysmon/Operational</Channel>
      <Computer>WinDev2309Eval</Computer>
      <Security UserID=""S-1-5-18""/>
    </System>
    <EventData>
      <Data Name=""RuleName"">-</Data>
      <Data Name=""UtcTime"">2023-12-27 20:47:03.094</Data>
      <Data Name=""ProcessGuid"">{f57bd86a-8d47-658c-de01-000000000f00}</Data>
      <Data Name=""ProcessId"">1052</Data>
      <Data Name=""Image"">C:\Program Files\WindowsApps\Microsoft.WindowsNotepad_11.2310.13.0_x64__8wekyb3d8bbwe\Notepad\Notepad.exe</Data>
      <Data Name=""FileVersion"">-</Data>
      <Data Name=""Description"">-</Data>
      <Data Name=""Product"">-</Data>
      <Data Name=""Company"">-</Data>
      <Data Name=""OriginalFileName"">-</Data>
      <Data Name=""CommandLine"">""C:\Program Files\WindowsApps\Microsoft.WindowsNotepad_11.2310.13.0_x64__8wekyb3d8bbwe\Notepad\Notepad.exe"" /SESSION:EicxK1cVcUi5Ac72RRZluQEsQwA6AFwAVQBzAGUAcgBzAFwAVQBzAGUAcgBcAEEAcABwAEQAYQB0AGEAXABMAG8AYwBhAGwAXABUAGUAbQBwAFwATABJAEMARQBOAFMARQAuAHQAeAB0AAAAAAAAAAAAAAAAAAAAAAAAAAAAAAAAAAAAAAAAAAAAAAAAAAAAAAEFAAAAAfgG7AIAAAAAAAA=</Data>
      <Data Name=""CurrentDirectory"">C:\Users\User\</Data>
      <Data Name=""User"">WINDEV2309EVAL\User</Data>
      <Data Name=""LogonGuid"">{f57bd86a-36f9-658c-7bf8-020000000000}</Data>
      <Data Name=""LogonId"">0x2f87b</Data>
      <Data Name=""TerminalSessionId"">1</Data>
      <Data Name=""IntegrityLevel"">Medium</Data>
      <Data Name=""Hashes"">MD5=04EF2F92AB6A28772E9882231354AEA2,SHA256=3FCC0A03FF6CD99504403CF106558C149717C7A8CA025BD23137469456F1F065,IMPHASH=9872652735563E0952795DC53C6BFB45</Data>
      <Data Name=""ParentProcessGuid"">{f57bd86a-8d46-658c-dd01-000000000f00}</Data>
      <Data Name=""ParentProcessId"">888</Data>
      <Data Name=""ParentImage"">C:\Program Files\WindowsApps\Microsoft.WindowsNotepad_11.2310.13.0_x64__8wekyb3d8bbwe\Notepad\Notepad.exe</Data>
      <Data Name=""ParentCommandLine"">""C:\Program Files\WindowsApps\Microsoft.WindowsNotepad_11.2310.13.0_x64__8wekyb3d8bbwe\Notepad\Notepad.exe"" ""C:\Users\User\AppData\Local\Temp\LICENSE.txt""</Data>
      <Data Name=""ParentUser"">WINDEV2309EVAL\User</Data>
    </EventData>
    <RenderingInfo Culture=""en-US"">
      <Message>Process Create:

RuleName: -

UtcTime: 2023-12-27 20:47:03.094

ProcessGuid: {f57bd86a-8d47-658c-de01-000000000f00}

ProcessId: 1052

Image: C:\Program Files\WindowsApps\Microsoft.WindowsNotepad_11.2310.13.0_x64__8wekyb3d8bbwe\Notepad\Notepad.exe

FileVersion: -

Description: -

Product: -

Company: -

OriginalFileName: -

CommandLine: ""C:\Program Files\WindowsApps\Microsoft.WindowsNotepad_11.2310.13.0_x64__8wekyb3d8bbwe\Notepad\Notepad.exe"" /SESSION:EicxK1cVcUi5Ac72RRZluQEsQwA6AFwAVQBzAGUAcgBzAFwAVQBzAGUAcgBcAEEAcABwAEQAYQB0AGEAXABMAG8AYwBhAGwAXABUAGUAbQBwAFwATABJAEMARQBOAFMARQAuAHQAeAB0AAAAAAAAAAAAAAAAAAAAAAAAAAAAAAAAAAAAAAAAAAAAAAAAAAAAAAEFAAAAAfgG7AIAAAAAAAA=

CurrentDirectory: C:\Users\User\

User: WINDEV2309EVAL\User

LogonGuid: {f57bd86a-36f9-658c-7bf8-020000000000}

LogonId: 0x2F87B

TerminalSessionId: 1

IntegrityLevel: Medium

Hashes: MD5=04EF2F92AB6A28772E9882231354AEA2,SHA256=3FCC0A03FF6CD99504403CF106558C149717C7A8CA025BD23137469456F1F065,IMPHASH=9872652735563E0952795DC53C6BFB45

ParentProcessGuid: {f57bd86a-8d46-658c-dd01-000000000f00}

ParentProcessId: 888

ParentImage: C:\Program Files\WindowsApps\Microsoft.WindowsNotepad_11.2310.13.0_x64__8wekyb3d8bbwe\Notepad\Notepad.exe

ParentCommandLine: ""C:\Program Files\WindowsApps\Microsoft.WindowsNotepad_11.2310.13.0_x64__8wekyb3d8bbwe\Notepad\Notepad.exe"" ""C:\Users\User\AppData\Local\Temp\LICENSE.txt""

ParentUser: WINDEV2309EVAL\User</Message>
      <Level>Information</Level>
      <Task>Process Create (rule: ProcessCreate)</Task>
      <Opcode>Info</Opcode>
    </RenderingInfo>
  </Event>
  
"
Microsoft-Windows-Sysmon/Operational,"""C:\Program Files\WindowsApps\Microsoft.WindowsNotepad_11.2310.13.0_x64__8wekyb3d8bbwe\Notepad\Notepad.exe"" ""C:\Users\User\AppData\Local\Temp\LICENSE.txt""",-,WinDev2309Eval,,C:\Users\User\,-,1,19596,-,"MD5=04EF2F92AB6A28772E9882231354AEA2,SHA256=3FCC0A03FF6CD99504403CF106558C149717C7A8CA025BD23137469456F1F065,IMPHASH=9872652735563E0952795DC53C6BFB45",C:\Program Files\WindowsApps\Microsoft.WindowsNotepad_11.2310.13.0_x64__8wekyb3d8bbwe\Notepad\Notepad.exe,Medium,0x8000000000000000,Information,{f57bd86a-36f9-658c-7bf8-020000000000},0x2f87b,"Process Create:

RuleName: -

UtcTime: 2023-12-27 20:47:02.947

ProcessGuid: {f57bd86a-8d46-658c-dd01-000000000f00}

ProcessId: 888

Image: C:\Program Files\WindowsApps\Microsoft.WindowsNotepad_11.2310.13.0_x64__8wekyb3d8bbwe\Notepad\Notepad.exe

FileVersion: -

Description: -

Product: -

Company: -

OriginalFileName: -

CommandLine: ""C:\Program Files\WindowsApps\Microsoft.WindowsNotepad_11.2310.13.0_x64__8wekyb3d8bbwe\Notepad\Notepad.exe"" ""C:\Users\User\AppData\Local\Temp\LICENSE.txt""

CurrentDirectory: C:\Users\User\

User: WINDEV2309EVAL\User

LogonGuid: {f57bd86a-36f9-658c-7bf8-020000000000}

LogonId: 0x2F87B

TerminalSessionId: 1

IntegrityLevel: Medium

Hashes: MD5=04EF2F92AB6A28772E9882231354AEA2,SHA256=3FCC0A03FF6CD99504403CF106558C149717C7A8CA025BD23137469456F1F065,IMPHASH=9872652735563E0952795DC53C6BFB45

ParentProcessGuid: {f57bd86a-8d45-658c-db01-000000000f00}

ParentProcessId: 10688

ParentImage: C:\Windows\System32\WindowsPowerShell\v1.0\powershell.exe

ParentCommandLine: ""powershell.exe"" & {(New-Object Net.WebClient).DownloadString('https://raw.githubusercontent.com/redcanaryco/atomic-red-team/4042cb3433bce024e304500dcfe3c5590571573a/LICENSE.txt') | Out-File LICENSE.txt; Invoke-Item LICENSE.txt}

ParentUser: WINDEV2309EVAL\User",Info,-,"""powershell.exe"" & {(New-Object Net.WebClient).DownloadString('https://raw.githubusercontent.com/redcanaryco/atomic-red-team/4042cb3433bce024e304500dcfe3c5590571573a/LICENSE.txt') | Out-File LICENSE.txt; Invoke-Item LICENSE.txt}",C:\Windows\System32\WindowsPowerShell\v1.0\powershell.exe,{f57bd86a-8d45-658c-db01-000000000f00},10688,WINDEV2309EVAL\User,,{f57bd86a-8d46-658c-dd01-000000000f00},3588,888,-,,,,"
      ",-,2023-12-27T20:47:02.9606285Z,,Process Create (rule: ProcessCreate),1,5124,WINDEV2309EVAL\User,S-1-5-18,2023-12-27 20:47:02.947,5,"<Event xmlns=""http://schemas.microsoft.com/win/2004/08/events/event"">
    <System>
      <Provider Name=""Microsoft-Windows-Sysmon"" Guid=""{5770385f-c22a-43e0-bf4c-06f5698ffbd9}""/>
      <EventID>1</EventID>
      <Version>5</Version>
      <Level>4</Level>
      <Task>1</Task>
      <Opcode>0</Opcode>
      <Keywords>0x8000000000000000</Keywords>
      <TimeCreated SystemTime=""2023-12-27T20:47:02.9606285Z""/>
      <EventRecordID>19596</EventRecordID>
      <Correlation/>
      <Execution ProcessID=""3588"" ThreadID=""5124""/>
      <Channel>Microsoft-Windows-Sysmon/Operational</Channel>
      <Computer>WinDev2309Eval</Computer>
      <Security UserID=""S-1-5-18""/>
    </System>
    <EventData>
      <Data Name=""RuleName"">-</Data>
      <Data Name=""UtcTime"">2023-12-27 20:47:02.947</Data>
      <Data Name=""ProcessGuid"">{f57bd86a-8d46-658c-dd01-000000000f00}</Data>
      <Data Name=""ProcessId"">888</Data>
      <Data Name=""Image"">C:\Program Files\WindowsApps\Microsoft.WindowsNotepad_11.2310.13.0_x64__8wekyb3d8bbwe\Notepad\Notepad.exe</Data>
      <Data Name=""FileVersion"">-</Data>
      <Data Name=""Description"">-</Data>
      <Data Name=""Product"">-</Data>
      <Data Name=""Company"">-</Data>
      <Data Name=""OriginalFileName"">-</Data>
      <Data Name=""CommandLine"">""C:\Program Files\WindowsApps\Microsoft.WindowsNotepad_11.2310.13.0_x64__8wekyb3d8bbwe\Notepad\Notepad.exe"" ""C:\Users\User\AppData\Local\Temp\LICENSE.txt""</Data>
      <Data Name=""CurrentDirectory"">C:\Users\User\</Data>
      <Data Name=""User"">WINDEV2309EVAL\User</Data>
      <Data Name=""LogonGuid"">{f57bd86a-36f9-658c-7bf8-020000000000}</Data>
      <Data Name=""LogonId"">0x2f87b</Data>
      <Data Name=""TerminalSessionId"">1</Data>
      <Data Name=""IntegrityLevel"">Medium</Data>
      <Data Name=""Hashes"">MD5=04EF2F92AB6A28772E9882231354AEA2,SHA256=3FCC0A03FF6CD99504403CF106558C149717C7A8CA025BD23137469456F1F065,IMPHASH=9872652735563E0952795DC53C6BFB45</Data>
      <Data Name=""ParentProcessGuid"">{f57bd86a-8d45-658c-db01-000000000f00}</Data>
      <Data Name=""ParentProcessId"">10688</Data>
      <Data Name=""ParentImage"">C:\Windows\System32\WindowsPowerShell\v1.0\powershell.exe</Data>
      <Data Name=""ParentCommandLine"">""powershell.exe"" &amp; {(New-Object Net.WebClient).DownloadString('https://raw.githubusercontent.com/redcanaryco/atomic-red-team/4042cb3433bce024e304500dcfe3c5590571573a/LICENSE.txt') | Out-File LICENSE.txt; Invoke-Item LICENSE.txt}</Data>
      <Data Name=""ParentUser"">WINDEV2309EVAL\User</Data>
    </EventData>
    <RenderingInfo Culture=""en-US"">
      <Message>Process Create:

RuleName: -

UtcTime: 2023-12-27 20:47:02.947

ProcessGuid: {f57bd86a-8d46-658c-dd01-000000000f00}

ProcessId: 888

Image: C:\Program Files\WindowsApps\Microsoft.WindowsNotepad_11.2310.13.0_x64__8wekyb3d8bbwe\Notepad\Notepad.exe

FileVersion: -

Description: -

Product: -

Company: -

OriginalFileName: -

CommandLine: ""C:\Program Files\WindowsApps\Microsoft.WindowsNotepad_11.2310.13.0_x64__8wekyb3d8bbwe\Notepad\Notepad.exe"" ""C:\Users\User\AppData\Local\Temp\LICENSE.txt""

CurrentDirectory: C:\Users\User\

User: WINDEV2309EVAL\User

LogonGuid: {f57bd86a-36f9-658c-7bf8-020000000000}

LogonId: 0x2F87B

TerminalSessionId: 1

IntegrityLevel: Medium

Hashes: MD5=04EF2F92AB6A28772E9882231354AEA2,SHA256=3FCC0A03FF6CD99504403CF106558C149717C7A8CA025BD23137469456F1F065,IMPHASH=9872652735563E0952795DC53C6BFB45

ParentProcessGuid: {f57bd86a-8d45-658c-db01-000000000f00}

ParentProcessId: 10688

ParentImage: C:\Windows\System32\WindowsPowerShell\v1.0\powershell.exe

ParentCommandLine: ""powershell.exe"" &amp; {(New-Object Net.WebClient).DownloadString('https://raw.githubusercontent.com/redcanaryco/atomic-red-team/4042cb3433bce024e304500dcfe3c5590571573a/LICENSE.txt') | Out-File LICENSE.txt; Invoke-Item LICENSE.txt}

ParentUser: WINDEV2309EVAL\User</Message>
      <Level>Information</Level>
      <Task>Process Create (rule: ProcessCreate)</Task>
      <Opcode>Info</Opcode>
    </RenderingInfo>
  </Event>
  
"
Microsoft-Windows-Sysmon/Operational,,,WinDev2309Eval,,,,22,19595,,,<unknown process>,,0x8000000000000000,Information,,,"Dns query:

RuleName: -

UtcTime: 2023-12-27 14:54:06.646

ProcessGuid: {00000000-0000-0000-0000-000000000000}

ProcessId: 3224

QueryName: raw.githubusercontent.com

QueryStatus: 0

QueryResults: ::ffff:185.199.109.133;::ffff:185.199.110.133;::ffff:185.199.111.133;::ffff:185.199.108.133;

Image: <unknown process>

User: WINDEV2309EVAL\User",Info,,,,,,,,{00000000-0000-0000-0000-000000000000},3588,3224,,raw.githubusercontent.com,::ffff:185.199.109.133;::ffff:185.199.110.133;::ffff:185.199.111.133;::ffff:185.199.108.133;,0,"
      ",-,2023-12-27T20:47:01.7476584Z,,Dns query (rule: DnsQuery),,5164,WINDEV2309EVAL\User,S-1-5-18,2023-12-27 14:54:06.646,5,"<Event xmlns=""http://schemas.microsoft.com/win/2004/08/events/event"">
    <System>
      <Provider Name=""Microsoft-Windows-Sysmon"" Guid=""{5770385f-c22a-43e0-bf4c-06f5698ffbd9}""/>
      <EventID>22</EventID>
      <Version>5</Version>
      <Level>4</Level>
      <Task>22</Task>
      <Opcode>0</Opcode>
      <Keywords>0x8000000000000000</Keywords>
      <TimeCreated SystemTime=""2023-12-27T20:47:01.7476584Z""/>
      <EventRecordID>19595</EventRecordID>
      <Correlation/>
      <Execution ProcessID=""3588"" ThreadID=""5164""/>
      <Channel>Microsoft-Windows-Sysmon/Operational</Channel>
      <Computer>WinDev2309Eval</Computer>
      <Security UserID=""S-1-5-18""/>
    </System>
    <EventData>
      <Data Name=""RuleName"">-</Data>
      <Data Name=""UtcTime"">2023-12-27 14:54:06.646</Data>
      <Data Name=""ProcessGuid"">{00000000-0000-0000-0000-000000000000}</Data>
      <Data Name=""ProcessId"">3224</Data>
      <Data Name=""QueryName"">raw.githubusercontent.com</Data>
      <Data Name=""QueryStatus"">0</Data>
      <Data Name=""QueryResults"">::ffff:185.199.109.133;::ffff:185.199.110.133;::ffff:185.199.111.133;::ffff:185.199.108.133;</Data>
      <Data Name=""Image"">&lt;unknown process&gt;</Data>
      <Data Name=""User"">WINDEV2309EVAL\User</Data>
    </EventData>
    <RenderingInfo Culture=""en-US"">
      <Message>Dns query:

RuleName: -

UtcTime: 2023-12-27 14:54:06.646

ProcessGuid: {00000000-0000-0000-0000-000000000000}

ProcessId: 3224

QueryName: raw.githubusercontent.com

QueryStatus: 0

QueryResults: ::ffff:185.199.109.133;::ffff:185.199.110.133;::ffff:185.199.111.133;::ffff:185.199.108.133;

Image: &lt;unknown process&gt;

User: WINDEV2309EVAL\User</Message>
      <Level>Information</Level>
      <Task>Dns query (rule: DnsQuery)</Task>
      <Opcode>Info</Opcode>
    </RenderingInfo>
  </Event>
  
"
Microsoft-Windows-Sysmon/Operational,,,WinDev2309Eval,2023-12-27 20:47:01.330,,,11,19594,,,C:\Windows\System32\WindowsPowerShell\v1.0\powershell.exe,,0x8000000000000000,Information,,,"File created:

RuleName: -

UtcTime: 2023-12-27 20:47:01.330

ProcessGuid: {f57bd86a-8d45-658c-db01-000000000f00}

ProcessId: 10688

Image: C:\Windows\System32\WindowsPowerShell\v1.0\powershell.exe

TargetFilename: C:\Users\User\AppData\Local\Temp\__PSScriptPolicyTest_t2agoazn.ha4.ps1

CreationUtcTime: 2023-12-27 20:47:01.330

User: WINDEV2309EVAL\User",Info,,,,,,,,{f57bd86a-8d45-658c-db01-000000000f00},3588,10688,,,,,"
      ",-,2023-12-27T20:47:01.3312415Z,C:\Users\User\AppData\Local\Temp\__PSScriptPolicyTest_t2agoazn.ha4.ps1,File created (rule: FileCreate),,5124,WINDEV2309EVAL\User,S-1-5-18,2023-12-27 20:47:01.330,2,"<Event xmlns=""http://schemas.microsoft.com/win/2004/08/events/event"">
    <System>
      <Provider Name=""Microsoft-Windows-Sysmon"" Guid=""{5770385f-c22a-43e0-bf4c-06f5698ffbd9}""/>
      <EventID>11</EventID>
      <Version>2</Version>
      <Level>4</Level>
      <Task>11</Task>
      <Opcode>0</Opcode>
      <Keywords>0x8000000000000000</Keywords>
      <TimeCreated SystemTime=""2023-12-27T20:47:01.3312415Z""/>
      <EventRecordID>19594</EventRecordID>
      <Correlation/>
      <Execution ProcessID=""3588"" ThreadID=""5124""/>
      <Channel>Microsoft-Windows-Sysmon/Operational</Channel>
      <Computer>WinDev2309Eval</Computer>
      <Security UserID=""S-1-5-18""/>
    </System>
    <EventData>
      <Data Name=""RuleName"">-</Data>
      <Data Name=""UtcTime"">2023-12-27 20:47:01.330</Data>
      <Data Name=""ProcessGuid"">{f57bd86a-8d45-658c-db01-000000000f00}</Data>
      <Data Name=""ProcessId"">10688</Data>
      <Data Name=""Image"">C:\Windows\System32\WindowsPowerShell\v1.0\powershell.exe</Data>
      <Data Name=""TargetFilename"">C:\Users\User\AppData\Local\Temp\__PSScriptPolicyTest_t2agoazn.ha4.ps1</Data>
      <Data Name=""CreationUtcTime"">2023-12-27 20:47:01.330</Data>
      <Data Name=""User"">WINDEV2309EVAL\User</Data>
    </EventData>
    <RenderingInfo Culture=""en-US"">
      <Message>File created:

RuleName: -

UtcTime: 2023-12-27 20:47:01.330

ProcessGuid: {f57bd86a-8d45-658c-db01-000000000f00}

ProcessId: 10688

Image: C:\Windows\System32\WindowsPowerShell\v1.0\powershell.exe

TargetFilename: C:\Users\User\AppData\Local\Temp\__PSScriptPolicyTest_t2agoazn.ha4.ps1

CreationUtcTime: 2023-12-27 20:47:01.330

User: WINDEV2309EVAL\User</Message>
      <Level>Information</Level>
      <Task>File created (rule: FileCreate)</Task>
      <Opcode>Info</Opcode>
    </RenderingInfo>
  </Event>
  
"
