Microsoft-Windows-Sysmon/Operational,"""C:\Program Files\WindowsApps\Microsoft.WindowsTerminal_1.18.3181.0_x64__8wekyb3d8bbwe\OpenConsole.exe"" -Embedding",-,WinDev2309Eval,,C:\Windows\system32\,-,,,,,,,1,19579,,-,"MD5=3E8BF6C2578C0E26CBD699A9E1A48A32,SHA256=34E13A88400216D70CC4BF03DC91AB7911F8A9354A735E4DCB090E73AEB0CE56,IMPHASH=8AEDC24AD9CD564AA66BAB6D1F8D2FDB",C:\Program Files\WindowsApps\Microsoft.WindowsTerminal_1.18.3181.0_x64__8wekyb3d8bbwe\OpenConsole.exe,,Medium,0x8000000000000000,Information,{f57bd86a-36f9-658c-7bf8-020000000000},0x2f87b,"Process Create:

RuleName: -

UtcTime: 2023-12-27 20:48:36.634

ProcessGuid: {f57bd86a-8da4-658c-cb01-000000000f00}

ProcessId: 5024

Image: C:\Program Files\WindowsApps\Microsoft.WindowsTerminal_1.18.3181.0_x64__8wekyb3d8bbwe\OpenConsole.exe

FileVersion: -

Description: -

Product: -

Company: -

OriginalFileName: -

CommandLine: ""C:\Program Files\WindowsApps\Microsoft.WindowsTerminal_1.18.3181.0_x64__8wekyb3d8bbwe\OpenConsole.exe"" -Embedding

CurrentDirectory: C:\Windows\system32\

User: WINDEV2309EVAL\User

LogonGuid: {f57bd86a-36f9-658c-7bf8-020000000000}

LogonId: 0x2F87B

TerminalSessionId: 1

IntegrityLevel: Medium

Hashes: MD5=3E8BF6C2578C0E26CBD699A9E1A48A32,SHA256=34E13A88400216D70CC4BF03DC91AB7911F8A9354A735E4DCB090E73AEB0CE56,IMPHASH=8AEDC24AD9CD564AA66BAB6D1F8D2FDB

ParentProcessGuid: {f57bd86a-36f5-658c-0d00-000000000f00}

ParentProcessId: 932

ParentImage: C:\Windows\System32\svchost.exe

ParentCommandLine: C:\Windows\system32\svchost.exe -k DcomLaunch -p

ParentUser: NT AUTHORITY\SYSTEM",Info,-,C:\Windows\system32\svchost.exe -k DcomLaunch -p,C:\Windows\System32\svchost.exe,{f57bd86a-36f5-658c-0d00-000000000f00},932,NT AUTHORITY\SYSTEM,{f57bd86a-8da4-658c-cb01-000000000f00},3588,5024,-,,,,,"
      ",-,,,,,,2023-12-27T20:48:36.6364021Z,,,Process Create (rule: ProcessCreate),1,5124,WINDEV2309EVAL\User,S-1-5-18,2023-12-27 20:48:36.634,5,"<Event xmlns=""http://schemas.microsoft.com/win/2004/08/events/event"">
    <System>
      <Provider Name=""Microsoft-Windows-Sysmon"" Guid=""{5770385f-c22a-43e0-bf4c-06f5698ffbd9}""/>
      <EventID>1</EventID>
      <Version>5</Version>
      <Level>4</Level>
      <Task>1</Task>
      <Opcode>0</Opcode>
      <Keywords>0x8000000000000000</Keywords>
      <TimeCreated SystemTime=""2023-12-27T20:48:36.6364021Z""/>
      <EventRecordID>19579</EventRecordID>
      <Correlation/>
      <Execution ProcessID=""3588"" ThreadID=""5124""/>
      <Channel>Microsoft-Windows-Sysmon/Operational</Channel>
      <Computer>WinDev2309Eval</Computer>
      <Security UserID=""S-1-5-18""/>
    </System>
    <EventData>
      <Data Name=""RuleName"">-</Data>
      <Data Name=""UtcTime"">2023-12-27 20:48:36.634</Data>
      <Data Name=""ProcessGuid"">{f57bd86a-8da4-658c-cb01-000000000f00}</Data>
      <Data Name=""ProcessId"">5024</Data>
      <Data Name=""Image"">C:\Program Files\WindowsApps\Microsoft.WindowsTerminal_1.18.3181.0_x64__8wekyb3d8bbwe\OpenConsole.exe</Data>
      <Data Name=""FileVersion"">-</Data>
      <Data Name=""Description"">-</Data>
      <Data Name=""Product"">-</Data>
      <Data Name=""Company"">-</Data>
      <Data Name=""OriginalFileName"">-</Data>
      <Data Name=""CommandLine"">""C:\Program Files\WindowsApps\Microsoft.WindowsTerminal_1.18.3181.0_x64__8wekyb3d8bbwe\OpenConsole.exe"" -Embedding</Data>
      <Data Name=""CurrentDirectory"">C:\Windows\system32\</Data>
      <Data Name=""User"">WINDEV2309EVAL\User</Data>
      <Data Name=""LogonGuid"">{f57bd86a-36f9-658c-7bf8-020000000000}</Data>
      <Data Name=""LogonId"">0x2f87b</Data>
      <Data Name=""TerminalSessionId"">1</Data>
      <Data Name=""IntegrityLevel"">Medium</Data>
      <Data Name=""Hashes"">MD5=3E8BF6C2578C0E26CBD699A9E1A48A32,SHA256=34E13A88400216D70CC4BF03DC91AB7911F8A9354A735E4DCB090E73AEB0CE56,IMPHASH=8AEDC24AD9CD564AA66BAB6D1F8D2FDB</Data>
      <Data Name=""ParentProcessGuid"">{f57bd86a-36f5-658c-0d00-000000000f00}</Data>
      <Data Name=""ParentProcessId"">932</Data>
      <Data Name=""ParentImage"">C:\Windows\System32\svchost.exe</Data>
      <Data Name=""ParentCommandLine"">C:\Windows\system32\svchost.exe -k DcomLaunch -p</Data>
      <Data Name=""ParentUser"">NT AUTHORITY\SYSTEM</Data>
    </EventData>
    <RenderingInfo Culture=""en-US"">
      <Message>Process Create:

RuleName: -

UtcTime: 2023-12-27 20:48:36.634

ProcessGuid: {f57bd86a-8da4-658c-cb01-000000000f00}

ProcessId: 5024

Image: C:\Program Files\WindowsApps\Microsoft.WindowsTerminal_1.18.3181.0_x64__8wekyb3d8bbwe\OpenConsole.exe

FileVersion: -

Description: -

Product: -

Company: -

OriginalFileName: -

CommandLine: ""C:\Program Files\WindowsApps\Microsoft.WindowsTerminal_1.18.3181.0_x64__8wekyb3d8bbwe\OpenConsole.exe"" -Embedding

CurrentDirectory: C:\Windows\system32\

User: WINDEV2309EVAL\User

LogonGuid: {f57bd86a-36f9-658c-7bf8-020000000000}

LogonId: 0x2F87B

TerminalSessionId: 1

IntegrityLevel: Medium

Hashes: MD5=3E8BF6C2578C0E26CBD699A9E1A48A32,SHA256=34E13A88400216D70CC4BF03DC91AB7911F8A9354A735E4DCB090E73AEB0CE56,IMPHASH=8AEDC24AD9CD564AA66BAB6D1F8D2FDB

ParentProcessGuid: {f57bd86a-36f5-658c-0d00-000000000f00}

ParentProcessId: 932

ParentImage: C:\Windows\System32\svchost.exe

ParentCommandLine: C:\Windows\system32\svchost.exe -k DcomLaunch -p

ParentUser: NT AUTHORITY\SYSTEM</Message>
      <Level>Information</Level>
      <Task>Process Create (rule: ProcessCreate)</Task>
      <Opcode>Info</Opcode>
    </RenderingInfo>
  </Event>
  
"
Microsoft-Windows-Sysmon/Operational,,,WinDev2309Eval,,,,,,,,,,5,19578,,,,C:\Users\User\AppData\Local\Temp\T1106.exe,,,0x8000000000000000,Information,,,"Process terminated:

RuleName: -

UtcTime: 2023-12-27 20:48:36.591

ProcessGuid: {f57bd86a-8da4-658c-c801-000000000f00}

ProcessId: 2920

Image: C:\Users\User\AppData\Local\Temp\T1106.exe

User: WINDEV2309EVAL\User",Info,,,,,,,{f57bd86a-8da4-658c-c801-000000000f00},3588,2920,,,,,,"
      ",-,,,,,,2023-12-27T20:48:36.6013170Z,,,Process terminated (rule: ProcessTerminate),,5124,WINDEV2309EVAL\User,S-1-5-18,2023-12-27 20:48:36.591,3,"<Event xmlns=""http://schemas.microsoft.com/win/2004/08/events/event"">
    <System>
      <Provider Name=""Microsoft-Windows-Sysmon"" Guid=""{5770385f-c22a-43e0-bf4c-06f5698ffbd9}""/>
      <EventID>5</EventID>
      <Version>3</Version>
      <Level>4</Level>
      <Task>5</Task>
      <Opcode>0</Opcode>
      <Keywords>0x8000000000000000</Keywords>
      <TimeCreated SystemTime=""2023-12-27T20:48:36.6013170Z""/>
      <EventRecordID>19578</EventRecordID>
      <Correlation/>
      <Execution ProcessID=""3588"" ThreadID=""5124""/>
      <Channel>Microsoft-Windows-Sysmon/Operational</Channel>
      <Computer>WinDev2309Eval</Computer>
      <Security UserID=""S-1-5-18""/>
    </System>
    <EventData>
      <Data Name=""RuleName"">-</Data>
      <Data Name=""UtcTime"">2023-12-27 20:48:36.591</Data>
      <Data Name=""ProcessGuid"">{f57bd86a-8da4-658c-c801-000000000f00}</Data>
      <Data Name=""ProcessId"">2920</Data>
      <Data Name=""Image"">C:\Users\User\AppData\Local\Temp\T1106.exe</Data>
      <Data Name=""User"">WINDEV2309EVAL\User</Data>
    </EventData>
    <RenderingInfo Culture=""en-US"">
      <Message>Process terminated:

RuleName: -

UtcTime: 2023-12-27 20:48:36.591

ProcessGuid: {f57bd86a-8da4-658c-c801-000000000f00}

ProcessId: 2920

Image: C:\Users\User\AppData\Local\Temp\T1106.exe

User: WINDEV2309EVAL\User</Message>
      <Level>Information</Level>
      <Task>Process terminated (rule: ProcessTerminate)</Task>
      <Opcode>Info</Opcode>
    </RenderingInfo>
  </Event>
  
"
Microsoft-Windows-Sysmon/Operational,/c calc.exe,Microsoft Corporation,WinDev2309Eval,,C:\Users\User\AppData\Local\Temp\,Windows Command Processor,,,,,,,1,19577,,10.0.22621.2506 (WinBuild.160101.0800),"MD5=133D568ECCB557E37BEA1459521CBAC2,SHA256=05A30592D2C3421C41121145C6EEFA7C81FEA6B42D6233A522240A8468326B9C,IMPHASH=D73E39DAB3C8B57AA408073D01254964",C:\Windows\System32\cmd.exe,,Medium,0x8000000000000000,Information,{f57bd86a-36f9-658c-7bf8-020000000000},0x2f87b,"Process Create:

RuleName: -

UtcTime: 2023-12-27 20:48:36.597

ProcessGuid: {f57bd86a-8da4-658c-c901-000000000f00}

ProcessId: 10428

Image: C:\Windows\System32\cmd.exe

FileVersion: 10.0.22621.2506 (WinBuild.160101.0800)

Description: Windows Command Processor

Product: Microsoft® Windows® Operating System

Company: Microsoft Corporation

OriginalFileName: Cmd.Exe

CommandLine: /c calc.exe

CurrentDirectory: C:\Users\User\AppData\Local\Temp\

User: WINDEV2309EVAL\User

LogonGuid: {f57bd86a-36f9-658c-7bf8-020000000000}

LogonId: 0x2F87B

TerminalSessionId: 1

IntegrityLevel: Medium

Hashes: MD5=133D568ECCB557E37BEA1459521CBAC2,SHA256=05A30592D2C3421C41121145C6EEFA7C81FEA6B42D6233A522240A8468326B9C,IMPHASH=D73E39DAB3C8B57AA408073D01254964

ParentProcessGuid: {f57bd86a-8da4-658c-c801-000000000f00}

ParentProcessId: 2920

ParentImage: C:\Users\User\AppData\Local\Temp\T1106.exe

ParentCommandLine: C:\Users\User\AppData\Local\Temp/T1106.exe

ParentUser: WINDEV2309EVAL\User",Info,Cmd.Exe,C:\Users\User\AppData\Local\Temp/T1106.exe,C:\Users\User\AppData\Local\Temp\T1106.exe,{f57bd86a-8da4-658c-c801-000000000f00},2920,WINDEV2309EVAL\User,{f57bd86a-8da4-658c-c901-000000000f00},3588,10428,Microsoft® Windows® Operating System,,,,,"
      ",-,,,,,,2023-12-27T20:48:36.5989292Z,,,Process Create (rule: ProcessCreate),1,5124,WINDEV2309EVAL\User,S-1-5-18,2023-12-27 20:48:36.597,5,"<Event xmlns=""http://schemas.microsoft.com/win/2004/08/events/event"">
    <System>
      <Provider Name=""Microsoft-Windows-Sysmon"" Guid=""{5770385f-c22a-43e0-bf4c-06f5698ffbd9}""/>
      <EventID>1</EventID>
      <Version>5</Version>
      <Level>4</Level>
      <Task>1</Task>
      <Opcode>0</Opcode>
      <Keywords>0x8000000000000000</Keywords>
      <TimeCreated SystemTime=""2023-12-27T20:48:36.5989292Z""/>
      <EventRecordID>19577</EventRecordID>
      <Correlation/>
      <Execution ProcessID=""3588"" ThreadID=""5124""/>
      <Channel>Microsoft-Windows-Sysmon/Operational</Channel>
      <Computer>WinDev2309Eval</Computer>
      <Security UserID=""S-1-5-18""/>
    </System>
    <EventData>
      <Data Name=""RuleName"">-</Data>
      <Data Name=""UtcTime"">2023-12-27 20:48:36.597</Data>
      <Data Name=""ProcessGuid"">{f57bd86a-8da4-658c-c901-000000000f00}</Data>
      <Data Name=""ProcessId"">10428</Data>
      <Data Name=""Image"">C:\Windows\System32\cmd.exe</Data>
      <Data Name=""FileVersion"">10.0.22621.2506 (WinBuild.160101.0800)</Data>
      <Data Name=""Description"">Windows Command Processor</Data>
      <Data Name=""Product"">Microsoft&#174; Windows&#174; Operating System</Data>
      <Data Name=""Company"">Microsoft Corporation</Data>
      <Data Name=""OriginalFileName"">Cmd.Exe</Data>
      <Data Name=""CommandLine"">/c calc.exe</Data>
      <Data Name=""CurrentDirectory"">C:\Users\User\AppData\Local\Temp\</Data>
      <Data Name=""User"">WINDEV2309EVAL\User</Data>
      <Data Name=""LogonGuid"">{f57bd86a-36f9-658c-7bf8-020000000000}</Data>
      <Data Name=""LogonId"">0x2f87b</Data>
      <Data Name=""TerminalSessionId"">1</Data>
      <Data Name=""IntegrityLevel"">Medium</Data>
      <Data Name=""Hashes"">MD5=133D568ECCB557E37BEA1459521CBAC2,SHA256=05A30592D2C3421C41121145C6EEFA7C81FEA6B42D6233A522240A8468326B9C,IMPHASH=D73E39DAB3C8B57AA408073D01254964</Data>
      <Data Name=""ParentProcessGuid"">{f57bd86a-8da4-658c-c801-000000000f00}</Data>
      <Data Name=""ParentProcessId"">2920</Data>
      <Data Name=""ParentImage"">C:\Users\User\AppData\Local\Temp\T1106.exe</Data>
      <Data Name=""ParentCommandLine"">C:\Users\User\AppData\Local\Temp/T1106.exe</Data>
      <Data Name=""ParentUser"">WINDEV2309EVAL\User</Data>
    </EventData>
    <RenderingInfo Culture=""en-US"">
      <Message>Process Create:

RuleName: -

UtcTime: 2023-12-27 20:48:36.597

ProcessGuid: {f57bd86a-8da4-658c-c901-000000000f00}

ProcessId: 10428

Image: C:\Windows\System32\cmd.exe

FileVersion: 10.0.22621.2506 (WinBuild.160101.0800)

Description: Windows Command Processor

Product: Microsoft&#174; Windows&#174; Operating System

Company: Microsoft Corporation

OriginalFileName: Cmd.Exe

CommandLine: /c calc.exe

CurrentDirectory: C:\Users\User\AppData\Local\Temp\

User: WINDEV2309EVAL\User

LogonGuid: {f57bd86a-36f9-658c-7bf8-020000000000}

LogonId: 0x2F87B

TerminalSessionId: 1

IntegrityLevel: Medium

Hashes: MD5=133D568ECCB557E37BEA1459521CBAC2,SHA256=05A30592D2C3421C41121145C6EEFA7C81FEA6B42D6233A522240A8468326B9C,IMPHASH=D73E39DAB3C8B57AA408073D01254964

ParentProcessGuid: {f57bd86a-8da4-658c-c801-000000000f00}

ParentProcessId: 2920

ParentImage: C:\Users\User\AppData\Local\Temp\T1106.exe

ParentCommandLine: C:\Users\User\AppData\Local\Temp/T1106.exe

ParentUser: WINDEV2309EVAL\User</Message>
      <Level>Information</Level>
      <Task>Process Create (rule: ProcessCreate)</Task>
      <Opcode>Info</Opcode>
    </RenderingInfo>
  </Event>
  
"
Microsoft-Windows-Sysmon/Operational,C:\Users\User\AppData\Local\Temp/T1106.exe,-,WinDev2309Eval,,C:\Users\User\AppData\Local\Temp\, ,,,,,,,1,19576,,0.0.0.0,"MD5=6C567BACDD67E330B9F7FED9F53E60C8,SHA256=E1BA27B9074E415B6958719A6B963E90E941BC1064672F27EB2C14C175028EF4,IMPHASH=F34D5F2D4577ED6D9CEEC516C1F5A744",C:\Users\User\AppData\Local\Temp\T1106.exe,,Medium,0x8000000000000000,Information,{f57bd86a-36f9-658c-7bf8-020000000000},0x2f87b,"Process Create:

RuleName: -

UtcTime: 2023-12-27 20:48:36.556

ProcessGuid: {f57bd86a-8da4-658c-c801-000000000f00}

ProcessId: 2920

Image: C:\Users\User\AppData\Local\Temp\T1106.exe

FileVersion: 0.0.0.0

Description:  

Product: -

Company: -

OriginalFileName: T1106.exe

CommandLine: C:\Users\User\AppData\Local\Temp/T1106.exe

CurrentDirectory: C:\Users\User\AppData\Local\Temp\

User: WINDEV2309EVAL\User

LogonGuid: {f57bd86a-36f9-658c-7bf8-020000000000}

LogonId: 0x2F87B

TerminalSessionId: 1

IntegrityLevel: Medium

Hashes: MD5=6C567BACDD67E330B9F7FED9F53E60C8,SHA256=E1BA27B9074E415B6958719A6B963E90E941BC1064672F27EB2C14C175028EF4,IMPHASH=F34D5F2D4577ED6D9CEEC516C1F5A744

ParentProcessGuid: {f57bd86a-8da3-658c-c401-000000000f00}

ParentProcessId: 1488

ParentImage: C:\Windows\System32\cmd.exe

ParentCommandLine: ""cmd.exe"" /c C:\Windows\Microsoft.NET\Framework\v4.0.30319\csc.exe /out:""%tmp%\T1106.exe"" /target:exe ""C:\AtomicRedTeam\atomics\T1106\src\CreateProcess.cs"" & %tmp%/T1106.exe

ParentUser: WINDEV2309EVAL\User",Info,T1106.exe,"""cmd.exe"" /c C:\Windows\Microsoft.NET\Framework\v4.0.30319\csc.exe /out:""%tmp%\T1106.exe"" /target:exe ""C:\AtomicRedTeam\atomics\T1106\src\CreateProcess.cs"" & %tmp%/T1106.exe",C:\Windows\System32\cmd.exe,{f57bd86a-8da3-658c-c401-000000000f00},1488,WINDEV2309EVAL\User,{f57bd86a-8da4-658c-c801-000000000f00},3588,2920,-,,,,,"
      ",-,,,,,,2023-12-27T20:48:36.5579617Z,,,Process Create (rule: ProcessCreate),1,5124,WINDEV2309EVAL\User,S-1-5-18,2023-12-27 20:48:36.556,5,"<Event xmlns=""http://schemas.microsoft.com/win/2004/08/events/event"">
    <System>
      <Provider Name=""Microsoft-Windows-Sysmon"" Guid=""{5770385f-c22a-43e0-bf4c-06f5698ffbd9}""/>
      <EventID>1</EventID>
      <Version>5</Version>
      <Level>4</Level>
      <Task>1</Task>
      <Opcode>0</Opcode>
      <Keywords>0x8000000000000000</Keywords>
      <TimeCreated SystemTime=""2023-12-27T20:48:36.5579617Z""/>
      <EventRecordID>19576</EventRecordID>
      <Correlation/>
      <Execution ProcessID=""3588"" ThreadID=""5124""/>
      <Channel>Microsoft-Windows-Sysmon/Operational</Channel>
      <Computer>WinDev2309Eval</Computer>
      <Security UserID=""S-1-5-18""/>
    </System>
    <EventData>
      <Data Name=""RuleName"">-</Data>
      <Data Name=""UtcTime"">2023-12-27 20:48:36.556</Data>
      <Data Name=""ProcessGuid"">{f57bd86a-8da4-658c-c801-000000000f00}</Data>
      <Data Name=""ProcessId"">2920</Data>
      <Data Name=""Image"">C:\Users\User\AppData\Local\Temp\T1106.exe</Data>
      <Data Name=""FileVersion"">0.0.0.0</Data>
      <Data Name=""Description""> </Data>
      <Data Name=""Product"">-</Data>
      <Data Name=""Company"">-</Data>
      <Data Name=""OriginalFileName"">T1106.exe</Data>
      <Data Name=""CommandLine"">C:\Users\User\AppData\Local\Temp/T1106.exe</Data>
      <Data Name=""CurrentDirectory"">C:\Users\User\AppData\Local\Temp\</Data>
      <Data Name=""User"">WINDEV2309EVAL\User</Data>
      <Data Name=""LogonGuid"">{f57bd86a-36f9-658c-7bf8-020000000000}</Data>
      <Data Name=""LogonId"">0x2f87b</Data>
      <Data Name=""TerminalSessionId"">1</Data>
      <Data Name=""IntegrityLevel"">Medium</Data>
      <Data Name=""Hashes"">MD5=6C567BACDD67E330B9F7FED9F53E60C8,SHA256=E1BA27B9074E415B6958719A6B963E90E941BC1064672F27EB2C14C175028EF4,IMPHASH=F34D5F2D4577ED6D9CEEC516C1F5A744</Data>
      <Data Name=""ParentProcessGuid"">{f57bd86a-8da3-658c-c401-000000000f00}</Data>
      <Data Name=""ParentProcessId"">1488</Data>
      <Data Name=""ParentImage"">C:\Windows\System32\cmd.exe</Data>
      <Data Name=""ParentCommandLine"">""cmd.exe"" /c C:\Windows\Microsoft.NET\Framework\v4.0.30319\csc.exe /out:""%tmp%\T1106.exe"" /target:exe ""C:\AtomicRedTeam\atomics\T1106\src\CreateProcess.cs"" &amp; %tmp%/T1106.exe</Data>
      <Data Name=""ParentUser"">WINDEV2309EVAL\User</Data>
    </EventData>
    <RenderingInfo Culture=""en-US"">
      <Message>Process Create:

RuleName: -

UtcTime: 2023-12-27 20:48:36.556

ProcessGuid: {f57bd86a-8da4-658c-c801-000000000f00}

ProcessId: 2920

Image: C:\Users\User\AppData\Local\Temp\T1106.exe

FileVersion: 0.0.0.0

Description:  

Product: -

Company: -

OriginalFileName: T1106.exe

CommandLine: C:\Users\User\AppData\Local\Temp/T1106.exe

CurrentDirectory: C:\Users\User\AppData\Local\Temp\

User: WINDEV2309EVAL\User

LogonGuid: {f57bd86a-36f9-658c-7bf8-020000000000}

LogonId: 0x2F87B

TerminalSessionId: 1

IntegrityLevel: Medium

Hashes: MD5=6C567BACDD67E330B9F7FED9F53E60C8,SHA256=E1BA27B9074E415B6958719A6B963E90E941BC1064672F27EB2C14C175028EF4,IMPHASH=F34D5F2D4577ED6D9CEEC516C1F5A744

ParentProcessGuid: {f57bd86a-8da3-658c-c401-000000000f00}

ParentProcessId: 1488

ParentImage: C:\Windows\System32\cmd.exe

ParentCommandLine: ""cmd.exe"" /c C:\Windows\Microsoft.NET\Framework\v4.0.30319\csc.exe /out:""%tmp%\T1106.exe"" /target:exe ""C:\AtomicRedTeam\atomics\T1106\src\CreateProcess.cs"" &amp; %tmp%/T1106.exe

ParentUser: WINDEV2309EVAL\User</Message>
      <Level>Information</Level>
      <Task>Process Create (rule: ProcessCreate)</Task>
      <Opcode>Info</Opcode>
    </RenderingInfo>
  </Event>
  
"
Microsoft-Windows-Sysmon/Operational,,,WinDev2309Eval,2023-12-27 20:48:36.463,,,,,,,,,11,19575,,,,C:\Windows\Microsoft.NET\Framework\v4.0.30319\csc.exe,,,0x8000000000000000,Information,,,"File created:

RuleName: EXE

UtcTime: 2023-12-27 20:48:36.463

ProcessGuid: {f57bd86a-8da3-658c-c601-000000000f00}

ProcessId: 2932

Image: C:\Windows\Microsoft.NET\Framework\v4.0.30319\csc.exe

TargetFilename: C:\Users\User\AppData\Local\Temp\T1106.exe

CreationUtcTime: 2023-12-27 20:48:36.463

User: WINDEV2309EVAL\User",Info,,,,,,,{f57bd86a-8da3-658c-c601-000000000f00},3588,2932,,,,,,"
      ",EXE,,,,,,2023-12-27T20:48:36.4719168Z,C:\Users\User\AppData\Local\Temp\T1106.exe,,File created (rule: FileCreate),,5124,WINDEV2309EVAL\User,S-1-5-18,2023-12-27 20:48:36.463,2,"<Event xmlns=""http://schemas.microsoft.com/win/2004/08/events/event"">
    <System>
      <Provider Name=""Microsoft-Windows-Sysmon"" Guid=""{5770385f-c22a-43e0-bf4c-06f5698ffbd9}""/>
      <EventID>11</EventID>
      <Version>2</Version>
      <Level>4</Level>
      <Task>11</Task>
      <Opcode>0</Opcode>
      <Keywords>0x8000000000000000</Keywords>
      <TimeCreated SystemTime=""2023-12-27T20:48:36.4719168Z""/>
      <EventRecordID>19575</EventRecordID>
      <Correlation/>
      <Execution ProcessID=""3588"" ThreadID=""5124""/>
      <Channel>Microsoft-Windows-Sysmon/Operational</Channel>
      <Computer>WinDev2309Eval</Computer>
      <Security UserID=""S-1-5-18""/>
    </System>
    <EventData>
      <Data Name=""RuleName"">EXE</Data>
      <Data Name=""UtcTime"">2023-12-27 20:48:36.463</Data>
      <Data Name=""ProcessGuid"">{f57bd86a-8da3-658c-c601-000000000f00}</Data>
      <Data Name=""ProcessId"">2932</Data>
      <Data Name=""Image"">C:\Windows\Microsoft.NET\Framework\v4.0.30319\csc.exe</Data>
      <Data Name=""TargetFilename"">C:\Users\User\AppData\Local\Temp\T1106.exe</Data>
      <Data Name=""CreationUtcTime"">2023-12-27 20:48:36.463</Data>
      <Data Name=""User"">WINDEV2309EVAL\User</Data>
    </EventData>
    <RenderingInfo Culture=""en-US"">
      <Message>File created:

RuleName: EXE

UtcTime: 2023-12-27 20:48:36.463

ProcessGuid: {f57bd86a-8da3-658c-c601-000000000f00}

ProcessId: 2932

Image: C:\Windows\Microsoft.NET\Framework\v4.0.30319\csc.exe

TargetFilename: C:\Users\User\AppData\Local\Temp\T1106.exe

CreationUtcTime: 2023-12-27 20:48:36.463

User: WINDEV2309EVAL\User</Message>
      <Level>Information</Level>
      <Task>File created (rule: FileCreate)</Task>
      <Opcode>Info</Opcode>
    </RenderingInfo>
  </Event>
  
"
Microsoft-Windows-Sysmon/Operational,"C:\Windows\Microsoft.NET\Framework\v4.0.30319\cvtres.exe /NOLOGO /READONLY /MACHINE:IX86 ""/OUT:C:\Users\User\AppData\Local\Temp\RES5E71.tmp"" ""c:\Users\User\AppData\Local\Temp\CSC925589D145094B8898B67B792E3E916B.TMP""",Microsoft Corporation,WinDev2309Eval,,C:\Users\User\AppData\Local\Temp\,Microsoft® Resource File To COFF Object Conversion Utility,,,,,,,1,19574,,14.32.31326.0,"MD5=44B91F024D116BDAD06F236C8EEDCB42,SHA256=D87971E7479DEEE3F54CDBE3522EE606C346991155B9A63B10C6789BB6D19192,IMPHASH=044A5794DF3749EEC2D2F845066C10CC",C:\Windows\Microsoft.NET\Framework\v4.0.30319\cvtres.exe,,Medium,0x8000000000000000,Information,{f57bd86a-36f9-658c-7bf8-020000000000},0x2f87b,"Process Create:

RuleName: -

UtcTime: 2023-12-27 20:48:36.452

ProcessGuid: {f57bd86a-8da4-658c-c701-000000000f00}

ProcessId: 3584

Image: C:\Windows\Microsoft.NET\Framework\v4.0.30319\cvtres.exe

FileVersion: 14.32.31326.0

Description: Microsoft® Resource File To COFF Object Conversion Utility

Product: Microsoft® .NET Framework

Company: Microsoft Corporation

OriginalFileName: CVTRES.EXE

CommandLine: C:\Windows\Microsoft.NET\Framework\v4.0.30319\cvtres.exe /NOLOGO /READONLY /MACHINE:IX86 ""/OUT:C:\Users\User\AppData\Local\Temp\RES5E71.tmp"" ""c:\Users\User\AppData\Local\Temp\CSC925589D145094B8898B67B792E3E916B.TMP""

CurrentDirectory: C:\Users\User\AppData\Local\Temp\

User: WINDEV2309EVAL\User

LogonGuid: {f57bd86a-36f9-658c-7bf8-020000000000}

LogonId: 0x2F87B

TerminalSessionId: 1

IntegrityLevel: Medium

Hashes: MD5=44B91F024D116BDAD06F236C8EEDCB42,SHA256=D87971E7479DEEE3F54CDBE3522EE606C346991155B9A63B10C6789BB6D19192,IMPHASH=044A5794DF3749EEC2D2F845066C10CC

ParentProcessGuid: {f57bd86a-8da3-658c-c601-000000000f00}

ParentProcessId: 2932

ParentImage: C:\Windows\Microsoft.NET\Framework\v4.0.30319\csc.exe

ParentCommandLine: C:\Windows\Microsoft.NET\Framework\v4.0.30319\csc.exe  /out:""C:\Users\User\AppData\Local\Temp\T1106.exe"" /target:exe ""C:\AtomicRedTeam\atomics\T1106\src\CreateProcess.cs"" 

ParentUser: WINDEV2309EVAL\User",Info,CVTRES.EXE,"C:\Windows\Microsoft.NET\Framework\v4.0.30319\csc.exe  /out:""C:\Users\User\AppData\Local\Temp\T1106.exe"" /target:exe ""C:\AtomicRedTeam\atomics\T1106\src\CreateProcess.cs"" ",C:\Windows\Microsoft.NET\Framework\v4.0.30319\csc.exe,{f57bd86a-8da3-658c-c601-000000000f00},2932,WINDEV2309EVAL\User,{f57bd86a-8da4-658c-c701-000000000f00},3588,3584,Microsoft® .NET Framework,,,,,"
      ",-,,,,,,2023-12-27T20:48:36.4534734Z,,,Process Create (rule: ProcessCreate),1,5124,WINDEV2309EVAL\User,S-1-5-18,2023-12-27 20:48:36.452,5,"<Event xmlns=""http://schemas.microsoft.com/win/2004/08/events/event"">
    <System>
      <Provider Name=""Microsoft-Windows-Sysmon"" Guid=""{5770385f-c22a-43e0-bf4c-06f5698ffbd9}""/>
      <EventID>1</EventID>
      <Version>5</Version>
      <Level>4</Level>
      <Task>1</Task>
      <Opcode>0</Opcode>
      <Keywords>0x8000000000000000</Keywords>
      <TimeCreated SystemTime=""2023-12-27T20:48:36.4534734Z""/>
      <EventRecordID>19574</EventRecordID>
      <Correlation/>
      <Execution ProcessID=""3588"" ThreadID=""5124""/>
      <Channel>Microsoft-Windows-Sysmon/Operational</Channel>
      <Computer>WinDev2309Eval</Computer>
      <Security UserID=""S-1-5-18""/>
    </System>
    <EventData>
      <Data Name=""RuleName"">-</Data>
      <Data Name=""UtcTime"">2023-12-27 20:48:36.452</Data>
      <Data Name=""ProcessGuid"">{f57bd86a-8da4-658c-c701-000000000f00}</Data>
      <Data Name=""ProcessId"">3584</Data>
      <Data Name=""Image"">C:\Windows\Microsoft.NET\Framework\v4.0.30319\cvtres.exe</Data>
      <Data Name=""FileVersion"">14.32.31326.0</Data>
      <Data Name=""Description"">Microsoft&#174; Resource File To COFF Object Conversion Utility</Data>
      <Data Name=""Product"">Microsoft&#174; .NET Framework</Data>
      <Data Name=""Company"">Microsoft Corporation</Data>
      <Data Name=""OriginalFileName"">CVTRES.EXE</Data>
      <Data Name=""CommandLine"">C:\Windows\Microsoft.NET\Framework\v4.0.30319\cvtres.exe /NOLOGO /READONLY /MACHINE:IX86 ""/OUT:C:\Users\User\AppData\Local\Temp\RES5E71.tmp"" ""c:\Users\User\AppData\Local\Temp\CSC925589D145094B8898B67B792E3E916B.TMP""</Data>
      <Data Name=""CurrentDirectory"">C:\Users\User\AppData\Local\Temp\</Data>
      <Data Name=""User"">WINDEV2309EVAL\User</Data>
      <Data Name=""LogonGuid"">{f57bd86a-36f9-658c-7bf8-020000000000}</Data>
      <Data Name=""LogonId"">0x2f87b</Data>
      <Data Name=""TerminalSessionId"">1</Data>
      <Data Name=""IntegrityLevel"">Medium</Data>
      <Data Name=""Hashes"">MD5=44B91F024D116BDAD06F236C8EEDCB42,SHA256=D87971E7479DEEE3F54CDBE3522EE606C346991155B9A63B10C6789BB6D19192,IMPHASH=044A5794DF3749EEC2D2F845066C10CC</Data>
      <Data Name=""ParentProcessGuid"">{f57bd86a-8da3-658c-c601-000000000f00}</Data>
      <Data Name=""ParentProcessId"">2932</Data>
      <Data Name=""ParentImage"">C:\Windows\Microsoft.NET\Framework\v4.0.30319\csc.exe</Data>
      <Data Name=""ParentCommandLine"">C:\Windows\Microsoft.NET\Framework\v4.0.30319\csc.exe  /out:""C:\Users\User\AppData\Local\Temp\T1106.exe"" /target:exe ""C:\AtomicRedTeam\atomics\T1106\src\CreateProcess.cs"" </Data>
      <Data Name=""ParentUser"">WINDEV2309EVAL\User</Data>
    </EventData>
    <RenderingInfo Culture=""en-US"">
      <Message>Process Create:

RuleName: -

UtcTime: 2023-12-27 20:48:36.452

ProcessGuid: {f57bd86a-8da4-658c-c701-000000000f00}

ProcessId: 3584

Image: C:\Windows\Microsoft.NET\Framework\v4.0.30319\cvtres.exe

FileVersion: 14.32.31326.0

Description: Microsoft&#174; Resource File To COFF Object Conversion Utility

Product: Microsoft&#174; .NET Framework

Company: Microsoft Corporation

OriginalFileName: CVTRES.EXE

CommandLine: C:\Windows\Microsoft.NET\Framework\v4.0.30319\cvtres.exe /NOLOGO /READONLY /MACHINE:IX86 ""/OUT:C:\Users\User\AppData\Local\Temp\RES5E71.tmp"" ""c:\Users\User\AppData\Local\Temp\CSC925589D145094B8898B67B792E3E916B.TMP""

CurrentDirectory: C:\Users\User\AppData\Local\Temp\

User: WINDEV2309EVAL\User

LogonGuid: {f57bd86a-36f9-658c-7bf8-020000000000}

LogonId: 0x2F87B

TerminalSessionId: 1

IntegrityLevel: Medium

Hashes: MD5=44B91F024D116BDAD06F236C8EEDCB42,SHA256=D87971E7479DEEE3F54CDBE3522EE606C346991155B9A63B10C6789BB6D19192,IMPHASH=044A5794DF3749EEC2D2F845066C10CC

ParentProcessGuid: {f57bd86a-8da3-658c-c601-000000000f00}

ParentProcessId: 2932

ParentImage: C:\Windows\Microsoft.NET\Framework\v4.0.30319\csc.exe

ParentCommandLine: C:\Windows\Microsoft.NET\Framework\v4.0.30319\csc.exe  /out:""C:\Users\User\AppData\Local\Temp\T1106.exe"" /target:exe ""C:\AtomicRedTeam\atomics\T1106\src\CreateProcess.cs"" 

ParentUser: WINDEV2309EVAL\User</Message>
      <Level>Information</Level>
      <Task>Process Create (rule: ProcessCreate)</Task>
      <Opcode>Info</Opcode>
    </RenderingInfo>
  </Event>
  
"
Microsoft-Windows-Sysmon/Operational,"C:\Windows\Microsoft.NET\Framework\v4.0.30319\csc.exe  /out:""C:\Users\User\AppData\Local\Temp\T1106.exe"" /target:exe ""C:\AtomicRedTeam\atomics\T1106\src\CreateProcess.cs"" ",Microsoft Corporation,WinDev2309Eval,,C:\Users\User\AppData\Local\Temp\,Visual C# Command Line Compiler,,,,,,,1,19573,,4.8.9032.0 built by: NET481REL1,"MD5=62192216CE5BA62C44297544C18A48C0,SHA256=34E102F9AD249B343099913CF4EEA2334DECFAF0529314DE256EEFE77D04212B,IMPHASH=E71FED45B53EFEB0043B037EB03A1D12",C:\Windows\Microsoft.NET\Framework\v4.0.30319\csc.exe,,Medium,0x8000000000000000,Information,{f57bd86a-36f9-658c-7bf8-020000000000},0x2f87b,"Process Create:

RuleName: -

UtcTime: 2023-12-27 20:48:35.642

ProcessGuid: {f57bd86a-8da3-658c-c601-000000000f00}

ProcessId: 2932

Image: C:\Windows\Microsoft.NET\Framework\v4.0.30319\csc.exe

FileVersion: 4.8.9032.0 built by: NET481REL1

Description: Visual C# Command Line Compiler

Product: Microsoft® .NET Framework

Company: Microsoft Corporation

OriginalFileName: csc.exe

CommandLine: C:\Windows\Microsoft.NET\Framework\v4.0.30319\csc.exe  /out:""C:\Users\User\AppData\Local\Temp\T1106.exe"" /target:exe ""C:\AtomicRedTeam\atomics\T1106\src\CreateProcess.cs"" 

CurrentDirectory: C:\Users\User\AppData\Local\Temp\

User: WINDEV2309EVAL\User

LogonGuid: {f57bd86a-36f9-658c-7bf8-020000000000}

LogonId: 0x2F87B

TerminalSessionId: 1

IntegrityLevel: Medium

Hashes: MD5=62192216CE5BA62C44297544C18A48C0,SHA256=34E102F9AD249B343099913CF4EEA2334DECFAF0529314DE256EEFE77D04212B,IMPHASH=E71FED45B53EFEB0043B037EB03A1D12

ParentProcessGuid: {f57bd86a-8da3-658c-c401-000000000f00}

ParentProcessId: 1488

ParentImage: C:\Windows\System32\cmd.exe

ParentCommandLine: ""cmd.exe"" /c C:\Windows\Microsoft.NET\Framework\v4.0.30319\csc.exe /out:""%tmp%\T1106.exe"" /target:exe ""C:\AtomicRedTeam\atomics\T1106\src\CreateProcess.cs"" & %tmp%/T1106.exe

ParentUser: WINDEV2309EVAL\User",Info,csc.exe,"""cmd.exe"" /c C:\Windows\Microsoft.NET\Framework\v4.0.30319\csc.exe /out:""%tmp%\T1106.exe"" /target:exe ""C:\AtomicRedTeam\atomics\T1106\src\CreateProcess.cs"" & %tmp%/T1106.exe",C:\Windows\System32\cmd.exe,{f57bd86a-8da3-658c-c401-000000000f00},1488,WINDEV2309EVAL\User,{f57bd86a-8da3-658c-c601-000000000f00},3588,2932,Microsoft® .NET Framework,,,,,"
      ",-,,,,,,2023-12-27T20:48:35.6566761Z,,,Process Create (rule: ProcessCreate),1,5124,WINDEV2309EVAL\User,S-1-5-18,2023-12-27 20:48:35.642,5,"<Event xmlns=""http://schemas.microsoft.com/win/2004/08/events/event"">
    <System>
      <Provider Name=""Microsoft-Windows-Sysmon"" Guid=""{5770385f-c22a-43e0-bf4c-06f5698ffbd9}""/>
      <EventID>1</EventID>
      <Version>5</Version>
      <Level>4</Level>
      <Task>1</Task>
      <Opcode>0</Opcode>
      <Keywords>0x8000000000000000</Keywords>
      <TimeCreated SystemTime=""2023-12-27T20:48:35.6566761Z""/>
      <EventRecordID>19573</EventRecordID>
      <Correlation/>
      <Execution ProcessID=""3588"" ThreadID=""5124""/>
      <Channel>Microsoft-Windows-Sysmon/Operational</Channel>
      <Computer>WinDev2309Eval</Computer>
      <Security UserID=""S-1-5-18""/>
    </System>
    <EventData>
      <Data Name=""RuleName"">-</Data>
      <Data Name=""UtcTime"">2023-12-27 20:48:35.642</Data>
      <Data Name=""ProcessGuid"">{f57bd86a-8da3-658c-c601-000000000f00}</Data>
      <Data Name=""ProcessId"">2932</Data>
      <Data Name=""Image"">C:\Windows\Microsoft.NET\Framework\v4.0.30319\csc.exe</Data>
      <Data Name=""FileVersion"">4.8.9032.0 built by: NET481REL1</Data>
      <Data Name=""Description"">Visual C# Command Line Compiler</Data>
      <Data Name=""Product"">Microsoft&#174; .NET Framework</Data>
      <Data Name=""Company"">Microsoft Corporation</Data>
      <Data Name=""OriginalFileName"">csc.exe</Data>
      <Data Name=""CommandLine"">C:\Windows\Microsoft.NET\Framework\v4.0.30319\csc.exe  /out:""C:\Users\User\AppData\Local\Temp\T1106.exe"" /target:exe ""C:\AtomicRedTeam\atomics\T1106\src\CreateProcess.cs"" </Data>
      <Data Name=""CurrentDirectory"">C:\Users\User\AppData\Local\Temp\</Data>
      <Data Name=""User"">WINDEV2309EVAL\User</Data>
      <Data Name=""LogonGuid"">{f57bd86a-36f9-658c-7bf8-020000000000}</Data>
      <Data Name=""LogonId"">0x2f87b</Data>
      <Data Name=""TerminalSessionId"">1</Data>
      <Data Name=""IntegrityLevel"">Medium</Data>
      <Data Name=""Hashes"">MD5=62192216CE5BA62C44297544C18A48C0,SHA256=34E102F9AD249B343099913CF4EEA2334DECFAF0529314DE256EEFE77D04212B,IMPHASH=E71FED45B53EFEB0043B037EB03A1D12</Data>
      <Data Name=""ParentProcessGuid"">{f57bd86a-8da3-658c-c401-000000000f00}</Data>
      <Data Name=""ParentProcessId"">1488</Data>
      <Data Name=""ParentImage"">C:\Windows\System32\cmd.exe</Data>
      <Data Name=""ParentCommandLine"">""cmd.exe"" /c C:\Windows\Microsoft.NET\Framework\v4.0.30319\csc.exe /out:""%tmp%\T1106.exe"" /target:exe ""C:\AtomicRedTeam\atomics\T1106\src\CreateProcess.cs"" &amp; %tmp%/T1106.exe</Data>
      <Data Name=""ParentUser"">WINDEV2309EVAL\User</Data>
    </EventData>
    <RenderingInfo Culture=""en-US"">
      <Message>Process Create:

RuleName: -

UtcTime: 2023-12-27 20:48:35.642

ProcessGuid: {f57bd86a-8da3-658c-c601-000000000f00}

ProcessId: 2932

Image: C:\Windows\Microsoft.NET\Framework\v4.0.30319\csc.exe

FileVersion: 4.8.9032.0 built by: NET481REL1

Description: Visual C# Command Line Compiler

Product: Microsoft&#174; .NET Framework

Company: Microsoft Corporation

OriginalFileName: csc.exe

CommandLine: C:\Windows\Microsoft.NET\Framework\v4.0.30319\csc.exe  /out:""C:\Users\User\AppData\Local\Temp\T1106.exe"" /target:exe ""C:\AtomicRedTeam\atomics\T1106\src\CreateProcess.cs"" 

CurrentDirectory: C:\Users\User\AppData\Local\Temp\

User: WINDEV2309EVAL\User

LogonGuid: {f57bd86a-36f9-658c-7bf8-020000000000}

LogonId: 0x2F87B

TerminalSessionId: 1

IntegrityLevel: Medium

Hashes: MD5=62192216CE5BA62C44297544C18A48C0,SHA256=34E102F9AD249B343099913CF4EEA2334DECFAF0529314DE256EEFE77D04212B,IMPHASH=E71FED45B53EFEB0043B037EB03A1D12

ParentProcessGuid: {f57bd86a-8da3-658c-c401-000000000f00}

ParentProcessId: 1488

ParentImage: C:\Windows\System32\cmd.exe

ParentCommandLine: ""cmd.exe"" /c C:\Windows\Microsoft.NET\Framework\v4.0.30319\csc.exe /out:""%tmp%\T1106.exe"" /target:exe ""C:\AtomicRedTeam\atomics\T1106\src\CreateProcess.cs"" &amp; %tmp%/T1106.exe

ParentUser: WINDEV2309EVAL\User</Message>
      <Level>Information</Level>
      <Task>Process Create (rule: ProcessCreate)</Task>
      <Opcode>Info</Opcode>
    </RenderingInfo>
  </Event>
  
"
Microsoft-Windows-Sysmon/Operational,"""cmd.exe"" /c C:\Windows\Microsoft.NET\Framework\v4.0.30319\csc.exe /out:""%%tmp%%\T1106.exe"" /target:exe ""C:\AtomicRedTeam\atomics\T1106\src\CreateProcess.cs"" & %%tmp%%/T1106.exe",Microsoft Corporation,WinDev2309Eval,,C:\Users\User\AppData\Local\Temp\,Windows Command Processor,,,,,,,1,19572,,10.0.22621.2506 (WinBuild.160101.0800),"MD5=133D568ECCB557E37BEA1459521CBAC2,SHA256=05A30592D2C3421C41121145C6EEFA7C81FEA6B42D6233A522240A8468326B9C,IMPHASH=D73E39DAB3C8B57AA408073D01254964",C:\Windows\System32\cmd.exe,,Medium,0x8000000000000000,Information,{f57bd86a-36f9-658c-7bf8-020000000000},0x2f87b,"Process Create:

RuleName: -

UtcTime: 2023-12-27 20:48:35.301

ProcessGuid: {f57bd86a-8da3-658c-c401-000000000f00}

ProcessId: 1488

Image: C:\Windows\System32\cmd.exe

FileVersion: 10.0.22621.2506 (WinBuild.160101.0800)

Description: Windows Command Processor

Product: Microsoft® Windows® Operating System

Company: Microsoft Corporation

OriginalFileName: Cmd.Exe

CommandLine: ""cmd.exe"" /c C:\Windows\Microsoft.NET\Framework\v4.0.30319\csc.exe /out:""%%tmp%%\T1106.exe"" /target:exe ""C:\AtomicRedTeam\atomics\T1106\src\CreateProcess.cs"" & %%tmp%%/T1106.exe

CurrentDirectory: C:\Users\User\AppData\Local\Temp\

User: WINDEV2309EVAL\User

LogonGuid: {f57bd86a-36f9-658c-7bf8-020000000000}

LogonId: 0x2F87B

TerminalSessionId: 1

IntegrityLevel: Medium

Hashes: MD5=133D568ECCB557E37BEA1459521CBAC2,SHA256=05A30592D2C3421C41121145C6EEFA7C81FEA6B42D6233A522240A8468326B9C,IMPHASH=D73E39DAB3C8B57AA408073D01254964

ParentProcessGuid: {00000000-0000-0000-0000-000000000000}

ParentProcessId: 1688

ParentImage: -

ParentCommandLine: -

ParentUser: -",Info,Cmd.Exe,-,-,{00000000-0000-0000-0000-000000000000},1688,-,{f57bd86a-8da3-658c-c401-000000000f00},3588,1488,Microsoft® Windows® Operating System,,,,,"
      ",-,,,,,,2023-12-27T20:48:35.3028718Z,,,Process Create (rule: ProcessCreate),1,5124,WINDEV2309EVAL\User,S-1-5-18,2023-12-27 20:48:35.301,5,"<Event xmlns=""http://schemas.microsoft.com/win/2004/08/events/event"">
    <System>
      <Provider Name=""Microsoft-Windows-Sysmon"" Guid=""{5770385f-c22a-43e0-bf4c-06f5698ffbd9}""/>
      <EventID>1</EventID>
      <Version>5</Version>
      <Level>4</Level>
      <Task>1</Task>
      <Opcode>0</Opcode>
      <Keywords>0x8000000000000000</Keywords>
      <TimeCreated SystemTime=""2023-12-27T20:48:35.3028718Z""/>
      <EventRecordID>19572</EventRecordID>
      <Correlation/>
      <Execution ProcessID=""3588"" ThreadID=""5124""/>
      <Channel>Microsoft-Windows-Sysmon/Operational</Channel>
      <Computer>WinDev2309Eval</Computer>
      <Security UserID=""S-1-5-18""/>
    </System>
    <EventData>
      <Data Name=""RuleName"">-</Data>
      <Data Name=""UtcTime"">2023-12-27 20:48:35.301</Data>
      <Data Name=""ProcessGuid"">{f57bd86a-8da3-658c-c401-000000000f00}</Data>
      <Data Name=""ProcessId"">1488</Data>
      <Data Name=""Image"">C:\Windows\System32\cmd.exe</Data>
      <Data Name=""FileVersion"">10.0.22621.2506 (WinBuild.160101.0800)</Data>
      <Data Name=""Description"">Windows Command Processor</Data>
      <Data Name=""Product"">Microsoft&#174; Windows&#174; Operating System</Data>
      <Data Name=""Company"">Microsoft Corporation</Data>
      <Data Name=""OriginalFileName"">Cmd.Exe</Data>
      <Data Name=""CommandLine"">""cmd.exe"" /c C:\Windows\Microsoft.NET\Framework\v4.0.30319\csc.exe /out:""%%tmp%%\T1106.exe"" /target:exe ""C:\AtomicRedTeam\atomics\T1106\src\CreateProcess.cs"" &amp; %%tmp%%/T1106.exe</Data>
      <Data Name=""CurrentDirectory"">C:\Users\User\AppData\Local\Temp\</Data>
      <Data Name=""User"">WINDEV2309EVAL\User</Data>
      <Data Name=""LogonGuid"">{f57bd86a-36f9-658c-7bf8-020000000000}</Data>
      <Data Name=""LogonId"">0x2f87b</Data>
      <Data Name=""TerminalSessionId"">1</Data>
      <Data Name=""IntegrityLevel"">Medium</Data>
      <Data Name=""Hashes"">MD5=133D568ECCB557E37BEA1459521CBAC2,SHA256=05A30592D2C3421C41121145C6EEFA7C81FEA6B42D6233A522240A8468326B9C,IMPHASH=D73E39DAB3C8B57AA408073D01254964</Data>
      <Data Name=""ParentProcessGuid"">{00000000-0000-0000-0000-000000000000}</Data>
      <Data Name=""ParentProcessId"">1688</Data>
      <Data Name=""ParentImage"">-</Data>
      <Data Name=""ParentCommandLine"">-</Data>
      <Data Name=""ParentUser"">-</Data>
    </EventData>
    <RenderingInfo Culture=""en-US"">
      <Message>Process Create:

RuleName: -

UtcTime: 2023-12-27 20:48:35.301

ProcessGuid: {f57bd86a-8da3-658c-c401-000000000f00}

ProcessId: 1488

Image: C:\Windows\System32\cmd.exe

FileVersion: 10.0.22621.2506 (WinBuild.160101.0800)

Description: Windows Command Processor

Product: Microsoft&#174; Windows&#174; Operating System

Company: Microsoft Corporation

OriginalFileName: Cmd.Exe

CommandLine: ""cmd.exe"" /c C:\Windows\Microsoft.NET\Framework\v4.0.30319\csc.exe /out:""%%tmp%%\T1106.exe"" /target:exe ""C:\AtomicRedTeam\atomics\T1106\src\CreateProcess.cs"" &amp; %%tmp%%/T1106.exe

CurrentDirectory: C:\Users\User\AppData\Local\Temp\

User: WINDEV2309EVAL\User

LogonGuid: {f57bd86a-36f9-658c-7bf8-020000000000}

LogonId: 0x2F87B

TerminalSessionId: 1

IntegrityLevel: Medium

Hashes: MD5=133D568ECCB557E37BEA1459521CBAC2,SHA256=05A30592D2C3421C41121145C6EEFA7C81FEA6B42D6233A522240A8468326B9C,IMPHASH=D73E39DAB3C8B57AA408073D01254964

ParentProcessGuid: {00000000-0000-0000-0000-000000000000}

ParentProcessId: 1688

ParentImage: -

ParentCommandLine: -

ParentUser: -</Message>
      <Level>Information</Level>
      <Task>Process Create (rule: ProcessCreate)</Task>
      <Opcode>Info</Opcode>
    </RenderingInfo>
  </Event>
  
"
Microsoft-Windows-Sysmon/Operational,"""C:\Windows\system32\whoami.exe""",Microsoft Corporation,WinDev2309Eval,,C:\Users\User\,whoami - displays logged on user information,,,,,,,1,19571,,10.0.22621.1 (WinBuild.160101.0800),"MD5=E0F37DB23E4F3163159A815610DF8CF2,SHA256=574BC2A2995FE2B1F732CCD39F2D99460ACE980AF29EFDF1EB0D3E888BE7D6F0,IMPHASH=62935820E434AF643547B7F5F5BD0292",C:\Windows\System32\whoami.exe,,Medium,0x8000000000000000,Information,{f57bd86a-36f9-658c-7bf8-020000000000},0x2f87b,"Process Create:

RuleName: -

UtcTime: 2023-12-27 20:48:34.172

ProcessGuid: {f57bd86a-8da2-658c-c301-000000000f00}

ProcessId: 10340

Image: C:\Windows\System32\whoami.exe

FileVersion: 10.0.22621.1 (WinBuild.160101.0800)

Description: whoami - displays logged on user information

Product: Microsoft® Windows® Operating System

Company: Microsoft Corporation

OriginalFileName: whoami.exe

CommandLine: ""C:\Windows\system32\whoami.exe""

CurrentDirectory: C:\Users\User\

User: WINDEV2309EVAL\User

LogonGuid: {f57bd86a-36f9-658c-7bf8-020000000000}

LogonId: 0x2F87B

TerminalSessionId: 1

IntegrityLevel: Medium

Hashes: MD5=E0F37DB23E4F3163159A815610DF8CF2,SHA256=574BC2A2995FE2B1F732CCD39F2D99460ACE980AF29EFDF1EB0D3E888BE7D6F0,IMPHASH=62935820E434AF643547B7F5F5BD0292

ParentProcessGuid: {00000000-0000-0000-0000-000000000000}

ParentProcessId: 1688

ParentImage: -

ParentCommandLine: -

ParentUser: -",Info,whoami.exe,-,-,{00000000-0000-0000-0000-000000000000},1688,-,{f57bd86a-8da2-658c-c301-000000000f00},3588,10340,Microsoft® Windows® Operating System,,,,,"
      ",-,,,,,,2023-12-27T20:48:34.1751365Z,,,Process Create (rule: ProcessCreate),1,5124,WINDEV2309EVAL\User,S-1-5-18,2023-12-27 20:48:34.172,5,"<Event xmlns=""http://schemas.microsoft.com/win/2004/08/events/event"">
    <System>
      <Provider Name=""Microsoft-Windows-Sysmon"" Guid=""{5770385f-c22a-43e0-bf4c-06f5698ffbd9}""/>
      <EventID>1</EventID>
      <Version>5</Version>
      <Level>4</Level>
      <Task>1</Task>
      <Opcode>0</Opcode>
      <Keywords>0x8000000000000000</Keywords>
      <TimeCreated SystemTime=""2023-12-27T20:48:34.1751365Z""/>
      <EventRecordID>19571</EventRecordID>
      <Correlation/>
      <Execution ProcessID=""3588"" ThreadID=""5124""/>
      <Channel>Microsoft-Windows-Sysmon/Operational</Channel>
      <Computer>WinDev2309Eval</Computer>
      <Security UserID=""S-1-5-18""/>
    </System>
    <EventData>
      <Data Name=""RuleName"">-</Data>
      <Data Name=""UtcTime"">2023-12-27 20:48:34.172</Data>
      <Data Name=""ProcessGuid"">{f57bd86a-8da2-658c-c301-000000000f00}</Data>
      <Data Name=""ProcessId"">10340</Data>
      <Data Name=""Image"">C:\Windows\System32\whoami.exe</Data>
      <Data Name=""FileVersion"">10.0.22621.1 (WinBuild.160101.0800)</Data>
      <Data Name=""Description"">whoami - displays logged on user information</Data>
      <Data Name=""Product"">Microsoft&#174; Windows&#174; Operating System</Data>
      <Data Name=""Company"">Microsoft Corporation</Data>
      <Data Name=""OriginalFileName"">whoami.exe</Data>
      <Data Name=""CommandLine"">""C:\Windows\system32\whoami.exe""</Data>
      <Data Name=""CurrentDirectory"">C:\Users\User\</Data>
      <Data Name=""User"">WINDEV2309EVAL\User</Data>
      <Data Name=""LogonGuid"">{f57bd86a-36f9-658c-7bf8-020000000000}</Data>
      <Data Name=""LogonId"">0x2f87b</Data>
      <Data Name=""TerminalSessionId"">1</Data>
      <Data Name=""IntegrityLevel"">Medium</Data>
      <Data Name=""Hashes"">MD5=E0F37DB23E4F3163159A815610DF8CF2,SHA256=574BC2A2995FE2B1F732CCD39F2D99460ACE980AF29EFDF1EB0D3E888BE7D6F0,IMPHASH=62935820E434AF643547B7F5F5BD0292</Data>
      <Data Name=""ParentProcessGuid"">{00000000-0000-0000-0000-000000000000}</Data>
      <Data Name=""ParentProcessId"">1688</Data>
      <Data Name=""ParentImage"">-</Data>
      <Data Name=""ParentCommandLine"">-</Data>
      <Data Name=""ParentUser"">-</Data>
    </EventData>
    <RenderingInfo Culture=""en-US"">
      <Message>Process Create:

RuleName: -

UtcTime: 2023-12-27 20:48:34.172

ProcessGuid: {f57bd86a-8da2-658c-c301-000000000f00}

ProcessId: 10340

Image: C:\Windows\System32\whoami.exe

FileVersion: 10.0.22621.1 (WinBuild.160101.0800)

Description: whoami - displays logged on user information

Product: Microsoft&#174; Windows&#174; Operating System

Company: Microsoft Corporation

OriginalFileName: whoami.exe

CommandLine: ""C:\Windows\system32\whoami.exe""

CurrentDirectory: C:\Users\User\

User: WINDEV2309EVAL\User

LogonGuid: {f57bd86a-36f9-658c-7bf8-020000000000}

LogonId: 0x2F87B

TerminalSessionId: 1

IntegrityLevel: Medium

Hashes: MD5=E0F37DB23E4F3163159A815610DF8CF2,SHA256=574BC2A2995FE2B1F732CCD39F2D99460ACE980AF29EFDF1EB0D3E888BE7D6F0,IMPHASH=62935820E434AF643547B7F5F5BD0292

ParentProcessGuid: {00000000-0000-0000-0000-000000000000}

ParentProcessId: 1688

ParentImage: -

ParentCommandLine: -

ParentUser: -</Message>
      <Level>Information</Level>
      <Task>Process Create (rule: ProcessCreate)</Task>
      <Opcode>Info</Opcode>
    </RenderingInfo>
  </Event>
  
"
