Microsoft-Windows-Sysmon/Operational,\\?\C:\Windows\System32\SecurityHealth\1.0.2306.10002-0\SecurityHealthHost.exe {08728914-3F57-4D52-9E31-49DAECA5A80A} -Embedding,Microsoft Corporation,WinDev2309Eval,,C:\Windows\system32\,Windows Security Health Host,1,19631,10.0.25873.1001 (WinBuild.160101.0800),"MD5=193DC58240D8AC4EC1618FFAE14CAE71,SHA256=8D771C8A91614B85416B3EB328460E80183B38F2DC35C7A26578206AF145F419,IMPHASH=FBC9E5DE00516A75FFF7C4A11857FB1D",C:\Windows\System32\SecurityHealth\1.0.2306.10002-0\SecurityHealthHost.exe,Medium,0x8000000000000000,Information,{f57bd86a-36f9-658c-7bf8-020000000000},0x2f87b,"Process Create:

RuleName: -

UtcTime: 2023-12-27 20:47:12.663

ProcessGuid: {f57bd86a-8d50-658c-f801-000000000f00}

ProcessId: 9972

Image: C:\Windows\System32\SecurityHealth\1.0.2306.10002-0\SecurityHealthHost.exe

FileVersion: 10.0.25873.1001 (WinBuild.160101.0800)

Description: Windows Security Health Host

Product: Microsoft® Windows® Operating System

Company: Microsoft Corporation

OriginalFileName: SecurityHealthHost.exe

CommandLine: \\?\C:\Windows\System32\SecurityHealth\1.0.2306.10002-0\SecurityHealthHost.exe {08728914-3F57-4D52-9E31-49DAECA5A80A} -Embedding

CurrentDirectory: C:\Windows\system32\

User: WINDEV2309EVAL\User

LogonGuid: {f57bd86a-36f9-658c-7bf8-020000000000}

LogonId: 0x2F87B

TerminalSessionId: 1

IntegrityLevel: Medium

Hashes: MD5=193DC58240D8AC4EC1618FFAE14CAE71,SHA256=8D771C8A91614B85416B3EB328460E80183B38F2DC35C7A26578206AF145F419,IMPHASH=FBC9E5DE00516A75FFF7C4A11857FB1D

ParentProcessGuid: {f57bd86a-36f5-658c-0d00-000000000f00}

ParentProcessId: 932

ParentImage: C:\Windows\System32\svchost.exe

ParentCommandLine: C:\Windows\system32\svchost.exe -k DcomLaunch -p

ParentUser: NT AUTHORITY\SYSTEM",Info,SecurityHealthHost.exe,C:\Windows\system32\svchost.exe -k DcomLaunch -p,C:\Windows\System32\svchost.exe,{f57bd86a-36f5-658c-0d00-000000000f00},932,NT AUTHORITY\SYSTEM,,{f57bd86a-8d50-658c-f801-000000000f00},3588,9972,Microsoft® Windows® Operating System,,,,"
      ",-,2023-12-27T20:47:12.6649639Z,,Process Create (rule: ProcessCreate),1,5124,WINDEV2309EVAL\User,S-1-5-18,2023-12-27 20:47:12.663,5,"<Event xmlns=""http://schemas.microsoft.com/win/2004/08/events/event"">
    <System>
      <Provider Name=""Microsoft-Windows-Sysmon"" Guid=""{5770385f-c22a-43e0-bf4c-06f5698ffbd9}""/>
      <EventID>1</EventID>
      <Version>5</Version>
      <Level>4</Level>
      <Task>1</Task>
      <Opcode>0</Opcode>
      <Keywords>0x8000000000000000</Keywords>
      <TimeCreated SystemTime=""2023-12-27T20:47:12.6649639Z""/>
      <EventRecordID>19631</EventRecordID>
      <Correlation/>
      <Execution ProcessID=""3588"" ThreadID=""5124""/>
      <Channel>Microsoft-Windows-Sysmon/Operational</Channel>
      <Computer>WinDev2309Eval</Computer>
      <Security UserID=""S-1-5-18""/>
    </System>
    <EventData>
      <Data Name=""RuleName"">-</Data>
      <Data Name=""UtcTime"">2023-12-27 20:47:12.663</Data>
      <Data Name=""ProcessGuid"">{f57bd86a-8d50-658c-f801-000000000f00}</Data>
      <Data Name=""ProcessId"">9972</Data>
      <Data Name=""Image"">C:\Windows\System32\SecurityHealth\1.0.2306.10002-0\SecurityHealthHost.exe</Data>
      <Data Name=""FileVersion"">10.0.25873.1001 (WinBuild.160101.0800)</Data>
      <Data Name=""Description"">Windows Security Health Host</Data>
      <Data Name=""Product"">Microsoft&#174; Windows&#174; Operating System</Data>
      <Data Name=""Company"">Microsoft Corporation</Data>
      <Data Name=""OriginalFileName"">SecurityHealthHost.exe</Data>
      <Data Name=""CommandLine"">\\?\C:\Windows\System32\SecurityHealth\1.0.2306.10002-0\SecurityHealthHost.exe {08728914-3F57-4D52-9E31-49DAECA5A80A} -Embedding</Data>
      <Data Name=""CurrentDirectory"">C:\Windows\system32\</Data>
      <Data Name=""User"">WINDEV2309EVAL\User</Data>
      <Data Name=""LogonGuid"">{f57bd86a-36f9-658c-7bf8-020000000000}</Data>
      <Data Name=""LogonId"">0x2f87b</Data>
      <Data Name=""TerminalSessionId"">1</Data>
      <Data Name=""IntegrityLevel"">Medium</Data>
      <Data Name=""Hashes"">MD5=193DC58240D8AC4EC1618FFAE14CAE71,SHA256=8D771C8A91614B85416B3EB328460E80183B38F2DC35C7A26578206AF145F419,IMPHASH=FBC9E5DE00516A75FFF7C4A11857FB1D</Data>
      <Data Name=""ParentProcessGuid"">{f57bd86a-36f5-658c-0d00-000000000f00}</Data>
      <Data Name=""ParentProcessId"">932</Data>
      <Data Name=""ParentImage"">C:\Windows\System32\svchost.exe</Data>
      <Data Name=""ParentCommandLine"">C:\Windows\system32\svchost.exe -k DcomLaunch -p</Data>
      <Data Name=""ParentUser"">NT AUTHORITY\SYSTEM</Data>
    </EventData>
    <RenderingInfo Culture=""en-US"">
      <Message>Process Create:

RuleName: -

UtcTime: 2023-12-27 20:47:12.663

ProcessGuid: {f57bd86a-8d50-658c-f801-000000000f00}

ProcessId: 9972

Image: C:\Windows\System32\SecurityHealth\1.0.2306.10002-0\SecurityHealthHost.exe

FileVersion: 10.0.25873.1001 (WinBuild.160101.0800)

Description: Windows Security Health Host

Product: Microsoft&#174; Windows&#174; Operating System

Company: Microsoft Corporation

OriginalFileName: SecurityHealthHost.exe

CommandLine: \\?\C:\Windows\System32\SecurityHealth\1.0.2306.10002-0\SecurityHealthHost.exe {08728914-3F57-4D52-9E31-49DAECA5A80A} -Embedding

CurrentDirectory: C:\Windows\system32\

User: WINDEV2309EVAL\User

LogonGuid: {f57bd86a-36f9-658c-7bf8-020000000000}

LogonId: 0x2F87B

TerminalSessionId: 1

IntegrityLevel: Medium

Hashes: MD5=193DC58240D8AC4EC1618FFAE14CAE71,SHA256=8D771C8A91614B85416B3EB328460E80183B38F2DC35C7A26578206AF145F419,IMPHASH=FBC9E5DE00516A75FFF7C4A11857FB1D

ParentProcessGuid: {f57bd86a-36f5-658c-0d00-000000000f00}

ParentProcessId: 932

ParentImage: C:\Windows\System32\svchost.exe

ParentCommandLine: C:\Windows\system32\svchost.exe -k DcomLaunch -p

ParentUser: NT AUTHORITY\SYSTEM</Message>
      <Level>Information</Level>
      <Task>Process Create (rule: ProcessCreate)</Task>
      <Opcode>Info</Opcode>
    </RenderingInfo>
  </Event>
  
"
Microsoft-Windows-Sysmon/Operational,C:\Users\User\AppData\Local\Temp\T1105\file.exe,-,WinDev2309Eval,,C:\Users\User\AppData\Local\Temp\, ,1,19630,0.0.0.0,"MD5=0CB7103344C8F46CDAC580B61B53AA11,SHA256=3F81F961B96D2FBD0CA5E9D52D1CE0BD06181E0B65272F2C1448373F762AE4E9,IMPHASH=F34D5F2D4577ED6D9CEEC516C1F5A744",C:\Users\User\AppData\Local\Temp\T1105\file.exe,Medium,0x8000000000000000,Information,{f57bd86a-36f9-658c-7bf8-020000000000},0x2f87b,"Process Create:

RuleName: -

UtcTime: 2023-12-27 20:47:12.626

ProcessGuid: {f57bd86a-8d50-658c-f701-000000000f00}

ProcessId: 2288

Image: C:\Users\User\AppData\Local\Temp\T1105\file.exe

FileVersion: 0.0.0.0

Description:  

Product: -

Company: -

OriginalFileName: T1055.exe

CommandLine: C:\Users\User\AppData\Local\Temp\T1105\file.exe

CurrentDirectory: C:\Users\User\AppData\Local\Temp\

User: WINDEV2309EVAL\User

LogonGuid: {f57bd86a-36f9-658c-7bf8-020000000000}

LogonId: 0x2F87B

TerminalSessionId: 1

IntegrityLevel: Medium

Hashes: MD5=0CB7103344C8F46CDAC580B61B53AA11,SHA256=3F81F961B96D2FBD0CA5E9D52D1CE0BD06181E0B65272F2C1448373F762AE4E9,IMPHASH=F34D5F2D4577ED6D9CEEC516C1F5A744

ParentProcessGuid: {f57bd86a-8d4f-658c-f201-000000000f00}

ParentProcessId: 5620

ParentImage: C:\Windows\System32\cmd.exe

ParentCommandLine: ""cmd.exe"" /c ""C:\AtomicRedTeam\atomics\T1105\src\T1105.bat"" 1>NUL

ParentUser: WINDEV2309EVAL\User",Info,T1055.exe,"""cmd.exe"" /c ""C:\AtomicRedTeam\atomics\T1105\src\T1105.bat"" 1>NUL",C:\Windows\System32\cmd.exe,{f57bd86a-8d4f-658c-f201-000000000f00},5620,WINDEV2309EVAL\User,,{f57bd86a-8d50-658c-f701-000000000f00},3588,2288,-,,,,"
      ",-,2023-12-27T20:47:12.6275267Z,,Process Create (rule: ProcessCreate),1,5124,WINDEV2309EVAL\User,S-1-5-18,2023-12-27 20:47:12.626,5,"<Event xmlns=""http://schemas.microsoft.com/win/2004/08/events/event"">
    <System>
      <Provider Name=""Microsoft-Windows-Sysmon"" Guid=""{5770385f-c22a-43e0-bf4c-06f5698ffbd9}""/>
      <EventID>1</EventID>
      <Version>5</Version>
      <Level>4</Level>
      <Task>1</Task>
      <Opcode>0</Opcode>
      <Keywords>0x8000000000000000</Keywords>
      <TimeCreated SystemTime=""2023-12-27T20:47:12.6275267Z""/>
      <EventRecordID>19630</EventRecordID>
      <Correlation/>
      <Execution ProcessID=""3588"" ThreadID=""5124""/>
      <Channel>Microsoft-Windows-Sysmon/Operational</Channel>
      <Computer>WinDev2309Eval</Computer>
      <Security UserID=""S-1-5-18""/>
    </System>
    <EventData>
      <Data Name=""RuleName"">-</Data>
      <Data Name=""UtcTime"">2023-12-27 20:47:12.626</Data>
      <Data Name=""ProcessGuid"">{f57bd86a-8d50-658c-f701-000000000f00}</Data>
      <Data Name=""ProcessId"">2288</Data>
      <Data Name=""Image"">C:\Users\User\AppData\Local\Temp\T1105\file.exe</Data>
      <Data Name=""FileVersion"">0.0.0.0</Data>
      <Data Name=""Description""> </Data>
      <Data Name=""Product"">-</Data>
      <Data Name=""Company"">-</Data>
      <Data Name=""OriginalFileName"">T1055.exe</Data>
      <Data Name=""CommandLine"">C:\Users\User\AppData\Local\Temp\T1105\file.exe</Data>
      <Data Name=""CurrentDirectory"">C:\Users\User\AppData\Local\Temp\</Data>
      <Data Name=""User"">WINDEV2309EVAL\User</Data>
      <Data Name=""LogonGuid"">{f57bd86a-36f9-658c-7bf8-020000000000}</Data>
      <Data Name=""LogonId"">0x2f87b</Data>
      <Data Name=""TerminalSessionId"">1</Data>
      <Data Name=""IntegrityLevel"">Medium</Data>
      <Data Name=""Hashes"">MD5=0CB7103344C8F46CDAC580B61B53AA11,SHA256=3F81F961B96D2FBD0CA5E9D52D1CE0BD06181E0B65272F2C1448373F762AE4E9,IMPHASH=F34D5F2D4577ED6D9CEEC516C1F5A744</Data>
      <Data Name=""ParentProcessGuid"">{f57bd86a-8d4f-658c-f201-000000000f00}</Data>
      <Data Name=""ParentProcessId"">5620</Data>
      <Data Name=""ParentImage"">C:\Windows\System32\cmd.exe</Data>
      <Data Name=""ParentCommandLine"">""cmd.exe"" /c ""C:\AtomicRedTeam\atomics\T1105\src\T1105.bat"" 1&gt;NUL</Data>
      <Data Name=""ParentUser"">WINDEV2309EVAL\User</Data>
    </EventData>
    <RenderingInfo Culture=""en-US"">
      <Message>Process Create:

RuleName: -

UtcTime: 2023-12-27 20:47:12.626

ProcessGuid: {f57bd86a-8d50-658c-f701-000000000f00}

ProcessId: 2288

Image: C:\Users\User\AppData\Local\Temp\T1105\file.exe

FileVersion: 0.0.0.0

Description:  

Product: -

Company: -

OriginalFileName: T1055.exe

CommandLine: C:\Users\User\AppData\Local\Temp\T1105\file.exe

CurrentDirectory: C:\Users\User\AppData\Local\Temp\

User: WINDEV2309EVAL\User

LogonGuid: {f57bd86a-36f9-658c-7bf8-020000000000}

LogonId: 0x2F87B

TerminalSessionId: 1

IntegrityLevel: Medium

Hashes: MD5=0CB7103344C8F46CDAC580B61B53AA11,SHA256=3F81F961B96D2FBD0CA5E9D52D1CE0BD06181E0B65272F2C1448373F762AE4E9,IMPHASH=F34D5F2D4577ED6D9CEEC516C1F5A744

ParentProcessGuid: {f57bd86a-8d4f-658c-f201-000000000f00}

ParentProcessId: 5620

ParentImage: C:\Windows\System32\cmd.exe

ParentCommandLine: ""cmd.exe"" /c ""C:\AtomicRedTeam\atomics\T1105\src\T1105.bat"" 1&gt;NUL

ParentUser: WINDEV2309EVAL\User</Message>
      <Level>Information</Level>
      <Task>Process Create (rule: ProcessCreate)</Task>
      <Opcode>Info</Opcode>
    </RenderingInfo>
  </Event>
  
"
Microsoft-Windows-Sysmon/Operational,icacls  C:\Users\User\AppData\Local\Temp\T1105 /remove:d User,Microsoft Corporation,WinDev2309Eval,,C:\Users\User\AppData\Local\Temp\,-,1,19629,10.0.22621.1 (WinBuild.160101.0800),"MD5=49753AFE55ADE6D20E416F0DC3DE6B91,SHA256=FF5F1B30F739E7A6F0DEBCC3D8069EFEF1BEEDAB53F722274D5ABF7F104977EB,IMPHASH=446163A548337B5BCF2727BCD1CFB399",C:\Windows\System32\icacls.exe,Medium,0x8000000000000000,Information,{f57bd86a-36f9-658c-7bf8-020000000000},0x2f87b,"Process Create:

RuleName: -

UtcTime: 2023-12-27 20:47:12.578

ProcessGuid: {f57bd86a-8d50-658c-f601-000000000f00}

ProcessId: 1592

Image: C:\Windows\System32\icacls.exe

FileVersion: 10.0.22621.1 (WinBuild.160101.0800)

Description: -

Product: Microsoft® Windows® Operating System

Company: Microsoft Corporation

OriginalFileName: iCACLS.EXE

CommandLine: icacls  C:\Users\User\AppData\Local\Temp\T1105 /remove:d User

CurrentDirectory: C:\Users\User\AppData\Local\Temp\

User: WINDEV2309EVAL\User

LogonGuid: {f57bd86a-36f9-658c-7bf8-020000000000}

LogonId: 0x2F87B

TerminalSessionId: 1

IntegrityLevel: Medium

Hashes: MD5=49753AFE55ADE6D20E416F0DC3DE6B91,SHA256=FF5F1B30F739E7A6F0DEBCC3D8069EFEF1BEEDAB53F722274D5ABF7F104977EB,IMPHASH=446163A548337B5BCF2727BCD1CFB399

ParentProcessGuid: {f57bd86a-8d4f-658c-f201-000000000f00}

ParentProcessId: 5620

ParentImage: C:\Windows\System32\cmd.exe

ParentCommandLine: ""cmd.exe"" /c ""C:\AtomicRedTeam\atomics\T1105\src\T1105.bat"" 1>NUL

ParentUser: WINDEV2309EVAL\User",Info,iCACLS.EXE,"""cmd.exe"" /c ""C:\AtomicRedTeam\atomics\T1105\src\T1105.bat"" 1>NUL",C:\Windows\System32\cmd.exe,{f57bd86a-8d4f-658c-f201-000000000f00},5620,WINDEV2309EVAL\User,,{f57bd86a-8d50-658c-f601-000000000f00},3588,1592,Microsoft® Windows® Operating System,,,,"
      ",-,2023-12-27T20:47:12.5800184Z,,Process Create (rule: ProcessCreate),1,5124,WINDEV2309EVAL\User,S-1-5-18,2023-12-27 20:47:12.578,5,"<Event xmlns=""http://schemas.microsoft.com/win/2004/08/events/event"">
    <System>
      <Provider Name=""Microsoft-Windows-Sysmon"" Guid=""{5770385f-c22a-43e0-bf4c-06f5698ffbd9}""/>
      <EventID>1</EventID>
      <Version>5</Version>
      <Level>4</Level>
      <Task>1</Task>
      <Opcode>0</Opcode>
      <Keywords>0x8000000000000000</Keywords>
      <TimeCreated SystemTime=""2023-12-27T20:47:12.5800184Z""/>
      <EventRecordID>19629</EventRecordID>
      <Correlation/>
      <Execution ProcessID=""3588"" ThreadID=""5124""/>
      <Channel>Microsoft-Windows-Sysmon/Operational</Channel>
      <Computer>WinDev2309Eval</Computer>
      <Security UserID=""S-1-5-18""/>
    </System>
    <EventData>
      <Data Name=""RuleName"">-</Data>
      <Data Name=""UtcTime"">2023-12-27 20:47:12.578</Data>
      <Data Name=""ProcessGuid"">{f57bd86a-8d50-658c-f601-000000000f00}</Data>
      <Data Name=""ProcessId"">1592</Data>
      <Data Name=""Image"">C:\Windows\System32\icacls.exe</Data>
      <Data Name=""FileVersion"">10.0.22621.1 (WinBuild.160101.0800)</Data>
      <Data Name=""Description"">-</Data>
      <Data Name=""Product"">Microsoft&#174; Windows&#174; Operating System</Data>
      <Data Name=""Company"">Microsoft Corporation</Data>
      <Data Name=""OriginalFileName"">iCACLS.EXE</Data>
      <Data Name=""CommandLine"">icacls  C:\Users\User\AppData\Local\Temp\T1105 /remove:d User</Data>
      <Data Name=""CurrentDirectory"">C:\Users\User\AppData\Local\Temp\</Data>
      <Data Name=""User"">WINDEV2309EVAL\User</Data>
      <Data Name=""LogonGuid"">{f57bd86a-36f9-658c-7bf8-020000000000}</Data>
      <Data Name=""LogonId"">0x2f87b</Data>
      <Data Name=""TerminalSessionId"">1</Data>
      <Data Name=""IntegrityLevel"">Medium</Data>
      <Data Name=""Hashes"">MD5=49753AFE55ADE6D20E416F0DC3DE6B91,SHA256=FF5F1B30F739E7A6F0DEBCC3D8069EFEF1BEEDAB53F722274D5ABF7F104977EB,IMPHASH=446163A548337B5BCF2727BCD1CFB399</Data>
      <Data Name=""ParentProcessGuid"">{f57bd86a-8d4f-658c-f201-000000000f00}</Data>
      <Data Name=""ParentProcessId"">5620</Data>
      <Data Name=""ParentImage"">C:\Windows\System32\cmd.exe</Data>
      <Data Name=""ParentCommandLine"">""cmd.exe"" /c ""C:\AtomicRedTeam\atomics\T1105\src\T1105.bat"" 1&gt;NUL</Data>
      <Data Name=""ParentUser"">WINDEV2309EVAL\User</Data>
    </EventData>
    <RenderingInfo Culture=""en-US"">
      <Message>Process Create:

RuleName: -

UtcTime: 2023-12-27 20:47:12.578

ProcessGuid: {f57bd86a-8d50-658c-f601-000000000f00}

ProcessId: 1592

Image: C:\Windows\System32\icacls.exe

FileVersion: 10.0.22621.1 (WinBuild.160101.0800)

Description: -

Product: Microsoft&#174; Windows&#174; Operating System

Company: Microsoft Corporation

OriginalFileName: iCACLS.EXE

CommandLine: icacls  C:\Users\User\AppData\Local\Temp\T1105 /remove:d User

CurrentDirectory: C:\Users\User\AppData\Local\Temp\

User: WINDEV2309EVAL\User

LogonGuid: {f57bd86a-36f9-658c-7bf8-020000000000}

LogonId: 0x2F87B

TerminalSessionId: 1

IntegrityLevel: Medium

Hashes: MD5=49753AFE55ADE6D20E416F0DC3DE6B91,SHA256=FF5F1B30F739E7A6F0DEBCC3D8069EFEF1BEEDAB53F722274D5ABF7F104977EB,IMPHASH=446163A548337B5BCF2727BCD1CFB399

ParentProcessGuid: {f57bd86a-8d4f-658c-f201-000000000f00}

ParentProcessId: 5620

ParentImage: C:\Windows\System32\cmd.exe

ParentCommandLine: ""cmd.exe"" /c ""C:\AtomicRedTeam\atomics\T1105\src\T1105.bat"" 1&gt;NUL

ParentUser: WINDEV2309EVAL\User</Message>
      <Level>Information</Level>
      <Task>Process Create (rule: ProcessCreate)</Task>
      <Opcode>Info</Opcode>
    </RenderingInfo>
  </Event>
  
"
Microsoft-Windows-Sysmon/Operational,,,WinDev2309Eval,,,,22,19628,,,C:\Windows\system32\cmdl32.exe,,0x8000000000000000,Information,,,"Dns query:

RuleName: -

UtcTime: 2023-12-27 14:54:18.692

ProcessGuid: {f57bd86a-8d4f-658c-f501-000000000f00}

ProcessId: 10344

QueryName: github.com

QueryStatus: 0

QueryResults: ::ffff:140.82.121.4;

Image: C:\Windows\system32\cmdl32.exe

User: WINDEV2309EVAL\User",Info,,,,,,,,{f57bd86a-8d4f-658c-f501-000000000f00},3588,10344,,github.com,::ffff:140.82.121.4;,0,"
      ",-,2023-12-27T20:47:12.5034456Z,,Dns query (rule: DnsQuery),,5164,WINDEV2309EVAL\User,S-1-5-18,2023-12-27 14:54:18.692,5,"<Event xmlns=""http://schemas.microsoft.com/win/2004/08/events/event"">
    <System>
      <Provider Name=""Microsoft-Windows-Sysmon"" Guid=""{5770385f-c22a-43e0-bf4c-06f5698ffbd9}""/>
      <EventID>22</EventID>
      <Version>5</Version>
      <Level>4</Level>
      <Task>22</Task>
      <Opcode>0</Opcode>
      <Keywords>0x8000000000000000</Keywords>
      <TimeCreated SystemTime=""2023-12-27T20:47:12.5034456Z""/>
      <EventRecordID>19628</EventRecordID>
      <Correlation/>
      <Execution ProcessID=""3588"" ThreadID=""5164""/>
      <Channel>Microsoft-Windows-Sysmon/Operational</Channel>
      <Computer>WinDev2309Eval</Computer>
      <Security UserID=""S-1-5-18""/>
    </System>
    <EventData>
      <Data Name=""RuleName"">-</Data>
      <Data Name=""UtcTime"">2023-12-27 14:54:18.692</Data>
      <Data Name=""ProcessGuid"">{f57bd86a-8d4f-658c-f501-000000000f00}</Data>
      <Data Name=""ProcessId"">10344</Data>
      <Data Name=""QueryName"">github.com</Data>
      <Data Name=""QueryStatus"">0</Data>
      <Data Name=""QueryResults"">::ffff:140.82.121.4;</Data>
      <Data Name=""Image"">C:\Windows\system32\cmdl32.exe</Data>
      <Data Name=""User"">WINDEV2309EVAL\User</Data>
    </EventData>
    <RenderingInfo Culture=""en-US"">
      <Message>Dns query:

RuleName: -

UtcTime: 2023-12-27 14:54:18.692

ProcessGuid: {f57bd86a-8d4f-658c-f501-000000000f00}

ProcessId: 10344

QueryName: github.com

QueryStatus: 0

QueryResults: ::ffff:140.82.121.4;

Image: C:\Windows\system32\cmdl32.exe

User: WINDEV2309EVAL\User</Message>
      <Level>Information</Level>
      <Task>Dns query (rule: DnsQuery)</Task>
      <Opcode>Info</Opcode>
    </RenderingInfo>
  </Event>
  
"
Microsoft-Windows-Sysmon/Operational,,,WinDev2309Eval,,,,22,19627,,,<unknown process>,,0x8000000000000000,Information,,,"Dns query:

RuleName: -

UtcTime: 2023-12-27 14:54:17.929

ProcessGuid: {00000000-0000-0000-0000-000000000000}

ProcessId: 8564

QueryName: www.example.com

QueryStatus: 0

QueryResults: ::ffff:93.184.216.34;

Image: <unknown process>

User: WINDEV2309EVAL\User",Info,,,,,,,,{00000000-0000-0000-0000-000000000000},3588,8564,,www.example.com,::ffff:93.184.216.34;,0,"
      ",-,2023-12-27T20:47:12.5011226Z,,Dns query (rule: DnsQuery),,5164,WINDEV2309EVAL\User,S-1-5-18,2023-12-27 14:54:17.929,5,"<Event xmlns=""http://schemas.microsoft.com/win/2004/08/events/event"">
    <System>
      <Provider Name=""Microsoft-Windows-Sysmon"" Guid=""{5770385f-c22a-43e0-bf4c-06f5698ffbd9}""/>
      <EventID>22</EventID>
      <Version>5</Version>
      <Level>4</Level>
      <Task>22</Task>
      <Opcode>0</Opcode>
      <Keywords>0x8000000000000000</Keywords>
      <TimeCreated SystemTime=""2023-12-27T20:47:12.5011226Z""/>
      <EventRecordID>19627</EventRecordID>
      <Correlation/>
      <Execution ProcessID=""3588"" ThreadID=""5164""/>
      <Channel>Microsoft-Windows-Sysmon/Operational</Channel>
      <Computer>WinDev2309Eval</Computer>
      <Security UserID=""S-1-5-18""/>
    </System>
    <EventData>
      <Data Name=""RuleName"">-</Data>
      <Data Name=""UtcTime"">2023-12-27 14:54:17.929</Data>
      <Data Name=""ProcessGuid"">{00000000-0000-0000-0000-000000000000}</Data>
      <Data Name=""ProcessId"">8564</Data>
      <Data Name=""QueryName"">www.example.com</Data>
      <Data Name=""QueryStatus"">0</Data>
      <Data Name=""QueryResults"">::ffff:93.184.216.34;</Data>
      <Data Name=""Image"">&lt;unknown process&gt;</Data>
      <Data Name=""User"">WINDEV2309EVAL\User</Data>
    </EventData>
    <RenderingInfo Culture=""en-US"">
      <Message>Dns query:

RuleName: -

UtcTime: 2023-12-27 14:54:17.929

ProcessGuid: {00000000-0000-0000-0000-000000000000}

ProcessId: 8564

QueryName: www.example.com

QueryStatus: 0

QueryResults: ::ffff:93.184.216.34;

Image: &lt;unknown process&gt;

User: WINDEV2309EVAL\User</Message>
      <Level>Information</Level>
      <Task>Dns query (rule: DnsQuery)</Task>
      <Opcode>Info</Opcode>
    </RenderingInfo>
  </Event>
  
"
Microsoft-Windows-Sysmon/Operational,,,WinDev2309Eval,,,,22,19626,,,<unknown process>,,0x8000000000000000,Information,,,"Dns query:

RuleName: -

UtcTime: 2023-12-27 14:54:17.525

ProcessGuid: {00000000-0000-0000-0000-000000000000}

ProcessId: 3264

QueryName: www.example.com

QueryStatus: 0

QueryResults: ::ffff:93.184.216.34;

Image: <unknown process>

User: WINDEV2309EVAL\User",Info,,,,,,,,{00000000-0000-0000-0000-000000000000},3588,3264,,www.example.com,::ffff:93.184.216.34;,0,"
      ",-,2023-12-27T20:47:12.5006278Z,,Dns query (rule: DnsQuery),,5164,WINDEV2309EVAL\User,S-1-5-18,2023-12-27 14:54:17.525,5,"<Event xmlns=""http://schemas.microsoft.com/win/2004/08/events/event"">
    <System>
      <Provider Name=""Microsoft-Windows-Sysmon"" Guid=""{5770385f-c22a-43e0-bf4c-06f5698ffbd9}""/>
      <EventID>22</EventID>
      <Version>5</Version>
      <Level>4</Level>
      <Task>22</Task>
      <Opcode>0</Opcode>
      <Keywords>0x8000000000000000</Keywords>
      <TimeCreated SystemTime=""2023-12-27T20:47:12.5006278Z""/>
      <EventRecordID>19626</EventRecordID>
      <Correlation/>
      <Execution ProcessID=""3588"" ThreadID=""5164""/>
      <Channel>Microsoft-Windows-Sysmon/Operational</Channel>
      <Computer>WinDev2309Eval</Computer>
      <Security UserID=""S-1-5-18""/>
    </System>
    <EventData>
      <Data Name=""RuleName"">-</Data>
      <Data Name=""UtcTime"">2023-12-27 14:54:17.525</Data>
      <Data Name=""ProcessGuid"">{00000000-0000-0000-0000-000000000000}</Data>
      <Data Name=""ProcessId"">3264</Data>
      <Data Name=""QueryName"">www.example.com</Data>
      <Data Name=""QueryStatus"">0</Data>
      <Data Name=""QueryResults"">::ffff:93.184.216.34;</Data>
      <Data Name=""Image"">&lt;unknown process&gt;</Data>
      <Data Name=""User"">WINDEV2309EVAL\User</Data>
    </EventData>
    <RenderingInfo Culture=""en-US"">
      <Message>Dns query:

RuleName: -

UtcTime: 2023-12-27 14:54:17.525

ProcessGuid: {00000000-0000-0000-0000-000000000000}

ProcessId: 3264

QueryName: www.example.com

QueryStatus: 0

QueryResults: ::ffff:93.184.216.34;

Image: &lt;unknown process&gt;

User: WINDEV2309EVAL\User</Message>
      <Level>Information</Level>
      <Task>Dns query (rule: DnsQuery)</Task>
      <Opcode>Info</Opcode>
    </RenderingInfo>
  </Event>
  
"
Microsoft-Windows-Sysmon/Operational,,,WinDev2309Eval,,,,22,19625,,,<unknown process>,,0x8000000000000000,Information,,,"Dns query:

RuleName: -

UtcTime: 2023-12-27 14:54:16.964

ProcessGuid: {00000000-0000-0000-0000-000000000000}

ProcessId: 7416

QueryName: github.com

QueryStatus: 0

QueryResults: ::ffff:140.82.121.4;

Image: <unknown process>

User: WINDEV2309EVAL\User",Info,,,,,,,,{00000000-0000-0000-0000-000000000000},3588,7416,,github.com,::ffff:140.82.121.4;,0,"
      ",-,2023-12-27T20:47:12.4997508Z,,Dns query (rule: DnsQuery),,5164,WINDEV2309EVAL\User,S-1-5-18,2023-12-27 14:54:16.964,5,"<Event xmlns=""http://schemas.microsoft.com/win/2004/08/events/event"">
    <System>
      <Provider Name=""Microsoft-Windows-Sysmon"" Guid=""{5770385f-c22a-43e0-bf4c-06f5698ffbd9}""/>
      <EventID>22</EventID>
      <Version>5</Version>
      <Level>4</Level>
      <Task>22</Task>
      <Opcode>0</Opcode>
      <Keywords>0x8000000000000000</Keywords>
      <TimeCreated SystemTime=""2023-12-27T20:47:12.4997508Z""/>
      <EventRecordID>19625</EventRecordID>
      <Correlation/>
      <Execution ProcessID=""3588"" ThreadID=""5164""/>
      <Channel>Microsoft-Windows-Sysmon/Operational</Channel>
      <Computer>WinDev2309Eval</Computer>
      <Security UserID=""S-1-5-18""/>
    </System>
    <EventData>
      <Data Name=""RuleName"">-</Data>
      <Data Name=""UtcTime"">2023-12-27 14:54:16.964</Data>
      <Data Name=""ProcessGuid"">{00000000-0000-0000-0000-000000000000}</Data>
      <Data Name=""ProcessId"">7416</Data>
      <Data Name=""QueryName"">github.com</Data>
      <Data Name=""QueryStatus"">0</Data>
      <Data Name=""QueryResults"">::ffff:140.82.121.4;</Data>
      <Data Name=""Image"">&lt;unknown process&gt;</Data>
      <Data Name=""User"">WINDEV2309EVAL\User</Data>
    </EventData>
    <RenderingInfo Culture=""en-US"">
      <Message>Dns query:

RuleName: -

UtcTime: 2023-12-27 14:54:16.964

ProcessGuid: {00000000-0000-0000-0000-000000000000}

ProcessId: 7416

QueryName: github.com

QueryStatus: 0

QueryResults: ::ffff:140.82.121.4;

Image: &lt;unknown process&gt;

User: WINDEV2309EVAL\User</Message>
      <Level>Information</Level>
      <Task>Dns query (rule: DnsQuery)</Task>
      <Opcode>Info</Opcode>
    </RenderingInfo>
  </Event>
  
"
Microsoft-Windows-Sysmon/Operational,cmdl32  /vpn /lan C:\Users\User\AppData\Local\Temp\T1105\setting.txt,Microsoft Corporation,WinDev2309Eval,,C:\Users\User\AppData\Local\Temp\,Microsoft Connection Manager Auto-Download,1,19624,7.2.22621.1 (WinBuild.160101.0800),"MD5=96C4B87A5097CD4292A797974C8DBA69,SHA256=22D7A850F5D5E0ED28028A649BF783947C223551B24F2B3375C8169A924E2D5A,IMPHASH=056F4AD9405ED9764A5EED3AD07A7804",C:\Windows\System32\cmdl32.exe,Medium,0x8000000000000000,Information,{f57bd86a-36f9-658c-7bf8-020000000000},0x2f87b,"Process Create:

RuleName: -

UtcTime: 2023-12-27 20:47:11.767

ProcessGuid: {f57bd86a-8d4f-658c-f501-000000000f00}

ProcessId: 10344

Image: C:\Windows\System32\cmdl32.exe

FileVersion: 7.2.22621.1 (WinBuild.160101.0800)

Description: Microsoft Connection Manager Auto-Download

Product: Microsoft(R) Connection Manager

Company: Microsoft Corporation

OriginalFileName: CMDL32.EXE

CommandLine: cmdl32  /vpn /lan C:\Users\User\AppData\Local\Temp\T1105\setting.txt

CurrentDirectory: C:\Users\User\AppData\Local\Temp\

User: WINDEV2309EVAL\User

LogonGuid: {f57bd86a-36f9-658c-7bf8-020000000000}

LogonId: 0x2F87B

TerminalSessionId: 1

IntegrityLevel: Medium

Hashes: MD5=96C4B87A5097CD4292A797974C8DBA69,SHA256=22D7A850F5D5E0ED28028A649BF783947C223551B24F2B3375C8169A924E2D5A,IMPHASH=056F4AD9405ED9764A5EED3AD07A7804

ParentProcessGuid: {f57bd86a-8d4f-658c-f201-000000000f00}

ParentProcessId: 5620

ParentImage: C:\Windows\System32\cmd.exe

ParentCommandLine: ""cmd.exe"" /c ""C:\AtomicRedTeam\atomics\T1105\src\T1105.bat"" 1>NUL

ParentUser: WINDEV2309EVAL\User",Info,CMDL32.EXE,"""cmd.exe"" /c ""C:\AtomicRedTeam\atomics\T1105\src\T1105.bat"" 1>NUL",C:\Windows\System32\cmd.exe,{f57bd86a-8d4f-658c-f201-000000000f00},5620,WINDEV2309EVAL\User,,{f57bd86a-8d4f-658c-f501-000000000f00},3588,10344,Microsoft(R) Connection Manager,,,,"
      ",-,2023-12-27T20:47:11.7694097Z,,Process Create (rule: ProcessCreate),1,5124,WINDEV2309EVAL\User,S-1-5-18,2023-12-27 20:47:11.767,5,"<Event xmlns=""http://schemas.microsoft.com/win/2004/08/events/event"">
    <System>
      <Provider Name=""Microsoft-Windows-Sysmon"" Guid=""{5770385f-c22a-43e0-bf4c-06f5698ffbd9}""/>
      <EventID>1</EventID>
      <Version>5</Version>
      <Level>4</Level>
      <Task>1</Task>
      <Opcode>0</Opcode>
      <Keywords>0x8000000000000000</Keywords>
      <TimeCreated SystemTime=""2023-12-27T20:47:11.7694097Z""/>
      <EventRecordID>19624</EventRecordID>
      <Correlation/>
      <Execution ProcessID=""3588"" ThreadID=""5124""/>
      <Channel>Microsoft-Windows-Sysmon/Operational</Channel>
      <Computer>WinDev2309Eval</Computer>
      <Security UserID=""S-1-5-18""/>
    </System>
    <EventData>
      <Data Name=""RuleName"">-</Data>
      <Data Name=""UtcTime"">2023-12-27 20:47:11.767</Data>
      <Data Name=""ProcessGuid"">{f57bd86a-8d4f-658c-f501-000000000f00}</Data>
      <Data Name=""ProcessId"">10344</Data>
      <Data Name=""Image"">C:\Windows\System32\cmdl32.exe</Data>
      <Data Name=""FileVersion"">7.2.22621.1 (WinBuild.160101.0800)</Data>
      <Data Name=""Description"">Microsoft Connection Manager Auto-Download</Data>
      <Data Name=""Product"">Microsoft(R) Connection Manager</Data>
      <Data Name=""Company"">Microsoft Corporation</Data>
      <Data Name=""OriginalFileName"">CMDL32.EXE</Data>
      <Data Name=""CommandLine"">cmdl32  /vpn /lan C:\Users\User\AppData\Local\Temp\T1105\setting.txt</Data>
      <Data Name=""CurrentDirectory"">C:\Users\User\AppData\Local\Temp\</Data>
      <Data Name=""User"">WINDEV2309EVAL\User</Data>
      <Data Name=""LogonGuid"">{f57bd86a-36f9-658c-7bf8-020000000000}</Data>
      <Data Name=""LogonId"">0x2f87b</Data>
      <Data Name=""TerminalSessionId"">1</Data>
      <Data Name=""IntegrityLevel"">Medium</Data>
      <Data Name=""Hashes"">MD5=96C4B87A5097CD4292A797974C8DBA69,SHA256=22D7A850F5D5E0ED28028A649BF783947C223551B24F2B3375C8169A924E2D5A,IMPHASH=056F4AD9405ED9764A5EED3AD07A7804</Data>
      <Data Name=""ParentProcessGuid"">{f57bd86a-8d4f-658c-f201-000000000f00}</Data>
      <Data Name=""ParentProcessId"">5620</Data>
      <Data Name=""ParentImage"">C:\Windows\System32\cmd.exe</Data>
      <Data Name=""ParentCommandLine"">""cmd.exe"" /c ""C:\AtomicRedTeam\atomics\T1105\src\T1105.bat"" 1&gt;NUL</Data>
      <Data Name=""ParentUser"">WINDEV2309EVAL\User</Data>
    </EventData>
    <RenderingInfo Culture=""en-US"">
      <Message>Process Create:

RuleName: -

UtcTime: 2023-12-27 20:47:11.767

ProcessGuid: {f57bd86a-8d4f-658c-f501-000000000f00}

ProcessId: 10344

Image: C:\Windows\System32\cmdl32.exe

FileVersion: 7.2.22621.1 (WinBuild.160101.0800)

Description: Microsoft Connection Manager Auto-Download

Product: Microsoft(R) Connection Manager

Company: Microsoft Corporation

OriginalFileName: CMDL32.EXE

CommandLine: cmdl32  /vpn /lan C:\Users\User\AppData\Local\Temp\T1105\setting.txt

CurrentDirectory: C:\Users\User\AppData\Local\Temp\

User: WINDEV2309EVAL\User

LogonGuid: {f57bd86a-36f9-658c-7bf8-020000000000}

LogonId: 0x2F87B

TerminalSessionId: 1

IntegrityLevel: Medium

Hashes: MD5=96C4B87A5097CD4292A797974C8DBA69,SHA256=22D7A850F5D5E0ED28028A649BF783947C223551B24F2B3375C8169A924E2D5A,IMPHASH=056F4AD9405ED9764A5EED3AD07A7804

ParentProcessGuid: {f57bd86a-8d4f-658c-f201-000000000f00}

ParentProcessId: 5620

ParentImage: C:\Windows\System32\cmd.exe

ParentCommandLine: ""cmd.exe"" /c ""C:\AtomicRedTeam\atomics\T1105\src\T1105.bat"" 1&gt;NUL

ParentUser: WINDEV2309EVAL\User</Message>
      <Level>Information</Level>
      <Task>Process Create (rule: ProcessCreate)</Task>
      <Opcode>Info</Opcode>
    </RenderingInfo>
  </Event>
  
"
Microsoft-Windows-Sysmon/Operational,"icacls  C:\Users\User\AppData\Local\Temp\T1105 /deny User:(OI)(CI)(DE,DC)",Microsoft Corporation,WinDev2309Eval,,C:\Users\User\AppData\Local\Temp\,-,1,19623,10.0.22621.1 (WinBuild.160101.0800),"MD5=49753AFE55ADE6D20E416F0DC3DE6B91,SHA256=FF5F1B30F739E7A6F0DEBCC3D8069EFEF1BEEDAB53F722274D5ABF7F104977EB,IMPHASH=446163A548337B5BCF2727BCD1CFB399",C:\Windows\System32\icacls.exe,Medium,0x8000000000000000,Information,{f57bd86a-36f9-658c-7bf8-020000000000},0x2f87b,"Process Create:

RuleName: -

UtcTime: 2023-12-27 20:47:11.736

ProcessGuid: {f57bd86a-8d4f-658c-f401-000000000f00}

ProcessId: 10464

Image: C:\Windows\System32\icacls.exe

FileVersion: 10.0.22621.1 (WinBuild.160101.0800)

Description: -

Product: Microsoft® Windows® Operating System

Company: Microsoft Corporation

OriginalFileName: iCACLS.EXE

CommandLine: icacls  C:\Users\User\AppData\Local\Temp\T1105 /deny User:(OI)(CI)(DE,DC)

CurrentDirectory: C:\Users\User\AppData\Local\Temp\

User: WINDEV2309EVAL\User

LogonGuid: {f57bd86a-36f9-658c-7bf8-020000000000}

LogonId: 0x2F87B

TerminalSessionId: 1

IntegrityLevel: Medium

Hashes: MD5=49753AFE55ADE6D20E416F0DC3DE6B91,SHA256=FF5F1B30F739E7A6F0DEBCC3D8069EFEF1BEEDAB53F722274D5ABF7F104977EB,IMPHASH=446163A548337B5BCF2727BCD1CFB399

ParentProcessGuid: {f57bd86a-8d4f-658c-f201-000000000f00}

ParentProcessId: 5620

ParentImage: C:\Windows\System32\cmd.exe

ParentCommandLine: ""cmd.exe"" /c ""C:\AtomicRedTeam\atomics\T1105\src\T1105.bat"" 1>NUL

ParentUser: WINDEV2309EVAL\User",Info,iCACLS.EXE,"""cmd.exe"" /c ""C:\AtomicRedTeam\atomics\T1105\src\T1105.bat"" 1>NUL",C:\Windows\System32\cmd.exe,{f57bd86a-8d4f-658c-f201-000000000f00},5620,WINDEV2309EVAL\User,,{f57bd86a-8d4f-658c-f401-000000000f00},3588,10464,Microsoft® Windows® Operating System,,,,"
      ",-,2023-12-27T20:47:11.7390463Z,,Process Create (rule: ProcessCreate),1,5124,WINDEV2309EVAL\User,S-1-5-18,2023-12-27 20:47:11.736,5,"<Event xmlns=""http://schemas.microsoft.com/win/2004/08/events/event"">
    <System>
      <Provider Name=""Microsoft-Windows-Sysmon"" Guid=""{5770385f-c22a-43e0-bf4c-06f5698ffbd9}""/>
      <EventID>1</EventID>
      <Version>5</Version>
      <Level>4</Level>
      <Task>1</Task>
      <Opcode>0</Opcode>
      <Keywords>0x8000000000000000</Keywords>
      <TimeCreated SystemTime=""2023-12-27T20:47:11.7390463Z""/>
      <EventRecordID>19623</EventRecordID>
      <Correlation/>
      <Execution ProcessID=""3588"" ThreadID=""5124""/>
      <Channel>Microsoft-Windows-Sysmon/Operational</Channel>
      <Computer>WinDev2309Eval</Computer>
      <Security UserID=""S-1-5-18""/>
    </System>
    <EventData>
      <Data Name=""RuleName"">-</Data>
      <Data Name=""UtcTime"">2023-12-27 20:47:11.736</Data>
      <Data Name=""ProcessGuid"">{f57bd86a-8d4f-658c-f401-000000000f00}</Data>
      <Data Name=""ProcessId"">10464</Data>
      <Data Name=""Image"">C:\Windows\System32\icacls.exe</Data>
      <Data Name=""FileVersion"">10.0.22621.1 (WinBuild.160101.0800)</Data>
      <Data Name=""Description"">-</Data>
      <Data Name=""Product"">Microsoft&#174; Windows&#174; Operating System</Data>
      <Data Name=""Company"">Microsoft Corporation</Data>
      <Data Name=""OriginalFileName"">iCACLS.EXE</Data>
      <Data Name=""CommandLine"">icacls  C:\Users\User\AppData\Local\Temp\T1105 /deny User:(OI)(CI)(DE,DC)</Data>
      <Data Name=""CurrentDirectory"">C:\Users\User\AppData\Local\Temp\</Data>
      <Data Name=""User"">WINDEV2309EVAL\User</Data>
      <Data Name=""LogonGuid"">{f57bd86a-36f9-658c-7bf8-020000000000}</Data>
      <Data Name=""LogonId"">0x2f87b</Data>
      <Data Name=""TerminalSessionId"">1</Data>
      <Data Name=""IntegrityLevel"">Medium</Data>
      <Data Name=""Hashes"">MD5=49753AFE55ADE6D20E416F0DC3DE6B91,SHA256=FF5F1B30F739E7A6F0DEBCC3D8069EFEF1BEEDAB53F722274D5ABF7F104977EB,IMPHASH=446163A548337B5BCF2727BCD1CFB399</Data>
      <Data Name=""ParentProcessGuid"">{f57bd86a-8d4f-658c-f201-000000000f00}</Data>
      <Data Name=""ParentProcessId"">5620</Data>
      <Data Name=""ParentImage"">C:\Windows\System32\cmd.exe</Data>
      <Data Name=""ParentCommandLine"">""cmd.exe"" /c ""C:\AtomicRedTeam\atomics\T1105\src\T1105.bat"" 1&gt;NUL</Data>
      <Data Name=""ParentUser"">WINDEV2309EVAL\User</Data>
    </EventData>
    <RenderingInfo Culture=""en-US"">
      <Message>Process Create:

RuleName: -

UtcTime: 2023-12-27 20:47:11.736

ProcessGuid: {f57bd86a-8d4f-658c-f401-000000000f00}

ProcessId: 10464

Image: C:\Windows\System32\icacls.exe

FileVersion: 10.0.22621.1 (WinBuild.160101.0800)

Description: -

Product: Microsoft&#174; Windows&#174; Operating System

Company: Microsoft Corporation

OriginalFileName: iCACLS.EXE

CommandLine: icacls  C:\Users\User\AppData\Local\Temp\T1105 /deny User:(OI)(CI)(DE,DC)

CurrentDirectory: C:\Users\User\AppData\Local\Temp\

User: WINDEV2309EVAL\User

LogonGuid: {f57bd86a-36f9-658c-7bf8-020000000000}

LogonId: 0x2F87B

TerminalSessionId: 1

IntegrityLevel: Medium

Hashes: MD5=49753AFE55ADE6D20E416F0DC3DE6B91,SHA256=FF5F1B30F739E7A6F0DEBCC3D8069EFEF1BEEDAB53F722274D5ABF7F104977EB,IMPHASH=446163A548337B5BCF2727BCD1CFB399

ParentProcessGuid: {f57bd86a-8d4f-658c-f201-000000000f00}

ParentProcessId: 5620

ParentImage: C:\Windows\System32\cmd.exe

ParentCommandLine: ""cmd.exe"" /c ""C:\AtomicRedTeam\atomics\T1105\src\T1105.bat"" 1&gt;NUL

ParentUser: WINDEV2309EVAL\User</Message>
      <Level>Information</Level>
      <Task>Process Create (rule: ProcessCreate)</Task>
      <Opcode>Info</Opcode>
    </RenderingInfo>
  </Event>
  
"
Microsoft-Windows-Sysmon/Operational,"""cmd.exe"" /c ""C:\AtomicRedTeam\atomics\T1105\src\T1105.bat"" 1>NUL",Microsoft Corporation,WinDev2309Eval,,C:\Users\User\AppData\Local\Temp\,Windows Command Processor,1,19622,10.0.22621.2506 (WinBuild.160101.0800),"MD5=133D568ECCB557E37BEA1459521CBAC2,SHA256=05A30592D2C3421C41121145C6EEFA7C81FEA6B42D6233A522240A8468326B9C,IMPHASH=D73E39DAB3C8B57AA408073D01254964",C:\Windows\System32\cmd.exe,Medium,0x8000000000000000,Information,{f57bd86a-36f9-658c-7bf8-020000000000},0x2f87b,"Process Create:

RuleName: -

UtcTime: 2023-12-27 20:47:11.696

ProcessGuid: {f57bd86a-8d4f-658c-f201-000000000f00}

ProcessId: 5620

Image: C:\Windows\System32\cmd.exe

FileVersion: 10.0.22621.2506 (WinBuild.160101.0800)

Description: Windows Command Processor

Product: Microsoft® Windows® Operating System

Company: Microsoft Corporation

OriginalFileName: Cmd.Exe

CommandLine: ""cmd.exe"" /c ""C:\AtomicRedTeam\atomics\T1105\src\T1105.bat"" 1>NUL

CurrentDirectory: C:\Users\User\AppData\Local\Temp\

User: WINDEV2309EVAL\User

LogonGuid: {f57bd86a-36f9-658c-7bf8-020000000000}

LogonId: 0x2F87B

TerminalSessionId: 1

IntegrityLevel: Medium

Hashes: MD5=133D568ECCB557E37BEA1459521CBAC2,SHA256=05A30592D2C3421C41121145C6EEFA7C81FEA6B42D6233A522240A8468326B9C,IMPHASH=D73E39DAB3C8B57AA408073D01254964

ParentProcessGuid: {00000000-0000-0000-0000-000000000000}

ParentProcessId: 1688

ParentImage: -

ParentCommandLine: -

ParentUser: -",Info,Cmd.Exe,-,-,{00000000-0000-0000-0000-000000000000},1688,-,,{f57bd86a-8d4f-658c-f201-000000000f00},3588,5620,Microsoft® Windows® Operating System,,,,"
      ",-,2023-12-27T20:47:11.6973186Z,,Process Create (rule: ProcessCreate),1,5124,WINDEV2309EVAL\User,S-1-5-18,2023-12-27 20:47:11.696,5,"<Event xmlns=""http://schemas.microsoft.com/win/2004/08/events/event"">
    <System>
      <Provider Name=""Microsoft-Windows-Sysmon"" Guid=""{5770385f-c22a-43e0-bf4c-06f5698ffbd9}""/>
      <EventID>1</EventID>
      <Version>5</Version>
      <Level>4</Level>
      <Task>1</Task>
      <Opcode>0</Opcode>
      <Keywords>0x8000000000000000</Keywords>
      <TimeCreated SystemTime=""2023-12-27T20:47:11.6973186Z""/>
      <EventRecordID>19622</EventRecordID>
      <Correlation/>
      <Execution ProcessID=""3588"" ThreadID=""5124""/>
      <Channel>Microsoft-Windows-Sysmon/Operational</Channel>
      <Computer>WinDev2309Eval</Computer>
      <Security UserID=""S-1-5-18""/>
    </System>
    <EventData>
      <Data Name=""RuleName"">-</Data>
      <Data Name=""UtcTime"">2023-12-27 20:47:11.696</Data>
      <Data Name=""ProcessGuid"">{f57bd86a-8d4f-658c-f201-000000000f00}</Data>
      <Data Name=""ProcessId"">5620</Data>
      <Data Name=""Image"">C:\Windows\System32\cmd.exe</Data>
      <Data Name=""FileVersion"">10.0.22621.2506 (WinBuild.160101.0800)</Data>
      <Data Name=""Description"">Windows Command Processor</Data>
      <Data Name=""Product"">Microsoft&#174; Windows&#174; Operating System</Data>
      <Data Name=""Company"">Microsoft Corporation</Data>
      <Data Name=""OriginalFileName"">Cmd.Exe</Data>
      <Data Name=""CommandLine"">""cmd.exe"" /c ""C:\AtomicRedTeam\atomics\T1105\src\T1105.bat"" 1&gt;NUL</Data>
      <Data Name=""CurrentDirectory"">C:\Users\User\AppData\Local\Temp\</Data>
      <Data Name=""User"">WINDEV2309EVAL\User</Data>
      <Data Name=""LogonGuid"">{f57bd86a-36f9-658c-7bf8-020000000000}</Data>
      <Data Name=""LogonId"">0x2f87b</Data>
      <Data Name=""TerminalSessionId"">1</Data>
      <Data Name=""IntegrityLevel"">Medium</Data>
      <Data Name=""Hashes"">MD5=133D568ECCB557E37BEA1459521CBAC2,SHA256=05A30592D2C3421C41121145C6EEFA7C81FEA6B42D6233A522240A8468326B9C,IMPHASH=D73E39DAB3C8B57AA408073D01254964</Data>
      <Data Name=""ParentProcessGuid"">{00000000-0000-0000-0000-000000000000}</Data>
      <Data Name=""ParentProcessId"">1688</Data>
      <Data Name=""ParentImage"">-</Data>
      <Data Name=""ParentCommandLine"">-</Data>
      <Data Name=""ParentUser"">-</Data>
    </EventData>
    <RenderingInfo Culture=""en-US"">
      <Message>Process Create:

RuleName: -

UtcTime: 2023-12-27 20:47:11.696

ProcessGuid: {f57bd86a-8d4f-658c-f201-000000000f00}

ProcessId: 5620

Image: C:\Windows\System32\cmd.exe

FileVersion: 10.0.22621.2506 (WinBuild.160101.0800)

Description: Windows Command Processor

Product: Microsoft&#174; Windows&#174; Operating System

Company: Microsoft Corporation

OriginalFileName: Cmd.Exe

CommandLine: ""cmd.exe"" /c ""C:\AtomicRedTeam\atomics\T1105\src\T1105.bat"" 1&gt;NUL

CurrentDirectory: C:\Users\User\AppData\Local\Temp\

User: WINDEV2309EVAL\User

LogonGuid: {f57bd86a-36f9-658c-7bf8-020000000000}

LogonId: 0x2F87B

TerminalSessionId: 1

IntegrityLevel: Medium

Hashes: MD5=133D568ECCB557E37BEA1459521CBAC2,SHA256=05A30592D2C3421C41121145C6EEFA7C81FEA6B42D6233A522240A8468326B9C,IMPHASH=D73E39DAB3C8B57AA408073D01254964

ParentProcessGuid: {00000000-0000-0000-0000-000000000000}

ParentProcessId: 1688

ParentImage: -

ParentCommandLine: -

ParentUser: -</Message>
      <Level>Information</Level>
      <Task>Process Create (rule: ProcessCreate)</Task>
      <Opcode>Info</Opcode>
    </RenderingInfo>
  </Event>
  
"
Microsoft-Windows-Sysmon/Operational,,,WinDev2309Eval,,,,22,19621,,,<unknown process>,,0x8000000000000000,Information,,,"Dns query:

RuleName: -

UtcTime: 2023-12-27 14:54:16.561

ProcessGuid: {00000000-0000-0000-0000-000000000000}

ProcessId: 7460

QueryName: github.com

QueryStatus: 0

QueryResults: ::ffff:140.82.121.4;

Image: <unknown process>

User: WINDEV2309EVAL\User",Info,,,,,,,,{00000000-0000-0000-0000-000000000000},3588,7460,,github.com,::ffff:140.82.121.4;,0,"
      ",-,2023-12-27T20:47:11.4960770Z,,Dns query (rule: DnsQuery),,5164,WINDEV2309EVAL\User,S-1-5-18,2023-12-27 14:54:16.561,5,"<Event xmlns=""http://schemas.microsoft.com/win/2004/08/events/event"">
    <System>
      <Provider Name=""Microsoft-Windows-Sysmon"" Guid=""{5770385f-c22a-43e0-bf4c-06f5698ffbd9}""/>
      <EventID>22</EventID>
      <Version>5</Version>
      <Level>4</Level>
      <Task>22</Task>
      <Opcode>0</Opcode>
      <Keywords>0x8000000000000000</Keywords>
      <TimeCreated SystemTime=""2023-12-27T20:47:11.4960770Z""/>
      <EventRecordID>19621</EventRecordID>
      <Correlation/>
      <Execution ProcessID=""3588"" ThreadID=""5164""/>
      <Channel>Microsoft-Windows-Sysmon/Operational</Channel>
      <Computer>WinDev2309Eval</Computer>
      <Security UserID=""S-1-5-18""/>
    </System>
    <EventData>
      <Data Name=""RuleName"">-</Data>
      <Data Name=""UtcTime"">2023-12-27 14:54:16.561</Data>
      <Data Name=""ProcessGuid"">{00000000-0000-0000-0000-000000000000}</Data>
      <Data Name=""ProcessId"">7460</Data>
      <Data Name=""QueryName"">github.com</Data>
      <Data Name=""QueryStatus"">0</Data>
      <Data Name=""QueryResults"">::ffff:140.82.121.4;</Data>
      <Data Name=""Image"">&lt;unknown process&gt;</Data>
      <Data Name=""User"">WINDEV2309EVAL\User</Data>
    </EventData>
    <RenderingInfo Culture=""en-US"">
      <Message>Dns query:

RuleName: -

UtcTime: 2023-12-27 14:54:16.561

ProcessGuid: {00000000-0000-0000-0000-000000000000}

ProcessId: 7460

QueryName: github.com

QueryStatus: 0

QueryResults: ::ffff:140.82.121.4;

Image: &lt;unknown process&gt;

User: WINDEV2309EVAL\User</Message>
      <Level>Information</Level>
      <Task>Dns query (rule: DnsQuery)</Task>
      <Opcode>Info</Opcode>
    </RenderingInfo>
  </Event>
  
"
