Microsoft-Windows-Sysmon/Operational,ping  -n 10 127.0.0.1 ,Microsoft Corporation,WinDev2309Eval,,C:\Users\User\AppData\Local\Temp\,TCP/IP Ping Command,1,19640,10.0.22621.2506 (WinBuild.160101.0800),"MD5=D093BFD165180335D56E801D7D473957,SHA256=01A0A7A7735E15C1904768312E9F06E0611D8F33EC82DE1065E994085FBDD5E0,IMPHASH=B6D7A8608EB157A75A07192C7838695C",C:\Windows\System32\PING.EXE,Medium,0x8000000000000000,Information,{f57bd86a-36f9-658c-7bf8-020000000000},0x2f87b,"Process Create:

RuleName: -

UtcTime: 2023-12-27 20:47:13.063

ProcessGuid: {f57bd86a-8d51-658c-0002-000000000f00}

ProcessId: 10288

Image: C:\Windows\System32\PING.EXE

FileVersion: 10.0.22621.2506 (WinBuild.160101.0800)

Description: TCP/IP Ping Command

Product: Microsoft® Windows® Operating System

Company: Microsoft Corporation

OriginalFileName: ping.exe

CommandLine: ping  -n 10 127.0.0.1 

CurrentDirectory: C:\Users\User\AppData\Local\Temp\

User: WINDEV2309EVAL\User

LogonGuid: {f57bd86a-36f9-658c-7bf8-020000000000}

LogonId: 0x2F87B

TerminalSessionId: 1

IntegrityLevel: Medium

Hashes: MD5=D093BFD165180335D56E801D7D473957,SHA256=01A0A7A7735E15C1904768312E9F06E0611D8F33EC82DE1065E994085FBDD5E0,IMPHASH=B6D7A8608EB157A75A07192C7838695C

ParentProcessGuid: {f57bd86a-8d4f-658c-f201-000000000f00}

ParentProcessId: 5620

ParentImage: C:\Windows\System32\cmd.exe

ParentCommandLine: ""cmd.exe"" /c ""C:\AtomicRedTeam\atomics\T1105\src\T1105.bat"" 1>NUL

ParentUser: WINDEV2309EVAL\User",Info,ping.exe,"""cmd.exe"" /c ""C:\AtomicRedTeam\atomics\T1105\src\T1105.bat"" 1>NUL",C:\Windows\System32\cmd.exe,{f57bd86a-8d4f-658c-f201-000000000f00},5620,WINDEV2309EVAL\User,,{f57bd86a-8d51-658c-0002-000000000f00},3588,10288,Microsoft® Windows® Operating System,,,,"
      ",-,2023-12-27T20:47:13.0710196Z,,Process Create (rule: ProcessCreate),1,5124,WINDEV2309EVAL\User,S-1-5-18,2023-12-27 20:47:13.063,5,"<Event xmlns=""http://schemas.microsoft.com/win/2004/08/events/event"">
    <System>
      <Provider Name=""Microsoft-Windows-Sysmon"" Guid=""{5770385f-c22a-43e0-bf4c-06f5698ffbd9}""/>
      <EventID>1</EventID>
      <Version>5</Version>
      <Level>4</Level>
      <Task>1</Task>
      <Opcode>0</Opcode>
      <Keywords>0x8000000000000000</Keywords>
      <TimeCreated SystemTime=""2023-12-27T20:47:13.0710196Z""/>
      <EventRecordID>19640</EventRecordID>
      <Correlation/>
      <Execution ProcessID=""3588"" ThreadID=""5124""/>
      <Channel>Microsoft-Windows-Sysmon/Operational</Channel>
      <Computer>WinDev2309Eval</Computer>
      <Security UserID=""S-1-5-18""/>
    </System>
    <EventData>
      <Data Name=""RuleName"">-</Data>
      <Data Name=""UtcTime"">2023-12-27 20:47:13.063</Data>
      <Data Name=""ProcessGuid"">{f57bd86a-8d51-658c-0002-000000000f00}</Data>
      <Data Name=""ProcessId"">10288</Data>
      <Data Name=""Image"">C:\Windows\System32\PING.EXE</Data>
      <Data Name=""FileVersion"">10.0.22621.2506 (WinBuild.160101.0800)</Data>
      <Data Name=""Description"">TCP/IP Ping Command</Data>
      <Data Name=""Product"">Microsoft&#174; Windows&#174; Operating System</Data>
      <Data Name=""Company"">Microsoft Corporation</Data>
      <Data Name=""OriginalFileName"">ping.exe</Data>
      <Data Name=""CommandLine"">ping  -n 10 127.0.0.1 </Data>
      <Data Name=""CurrentDirectory"">C:\Users\User\AppData\Local\Temp\</Data>
      <Data Name=""User"">WINDEV2309EVAL\User</Data>
      <Data Name=""LogonGuid"">{f57bd86a-36f9-658c-7bf8-020000000000}</Data>
      <Data Name=""LogonId"">0x2f87b</Data>
      <Data Name=""TerminalSessionId"">1</Data>
      <Data Name=""IntegrityLevel"">Medium</Data>
      <Data Name=""Hashes"">MD5=D093BFD165180335D56E801D7D473957,SHA256=01A0A7A7735E15C1904768312E9F06E0611D8F33EC82DE1065E994085FBDD5E0,IMPHASH=B6D7A8608EB157A75A07192C7838695C</Data>
      <Data Name=""ParentProcessGuid"">{f57bd86a-8d4f-658c-f201-000000000f00}</Data>
      <Data Name=""ParentProcessId"">5620</Data>
      <Data Name=""ParentImage"">C:\Windows\System32\cmd.exe</Data>
      <Data Name=""ParentCommandLine"">""cmd.exe"" /c ""C:\AtomicRedTeam\atomics\T1105\src\T1105.bat"" 1&gt;NUL</Data>
      <Data Name=""ParentUser"">WINDEV2309EVAL\User</Data>
    </EventData>
    <RenderingInfo Culture=""en-US"">
      <Message>Process Create:

RuleName: -

UtcTime: 2023-12-27 20:47:13.063

ProcessGuid: {f57bd86a-8d51-658c-0002-000000000f00}

ProcessId: 10288

Image: C:\Windows\System32\PING.EXE

FileVersion: 10.0.22621.2506 (WinBuild.160101.0800)

Description: TCP/IP Ping Command

Product: Microsoft&#174; Windows&#174; Operating System

Company: Microsoft Corporation

OriginalFileName: ping.exe

CommandLine: ping  -n 10 127.0.0.1 

CurrentDirectory: C:\Users\User\AppData\Local\Temp\

User: WINDEV2309EVAL\User

LogonGuid: {f57bd86a-36f9-658c-7bf8-020000000000}

LogonId: 0x2F87B

TerminalSessionId: 1

IntegrityLevel: Medium

Hashes: MD5=D093BFD165180335D56E801D7D473957,SHA256=01A0A7A7735E15C1904768312E9F06E0611D8F33EC82DE1065E994085FBDD5E0,IMPHASH=B6D7A8608EB157A75A07192C7838695C

ParentProcessGuid: {f57bd86a-8d4f-658c-f201-000000000f00}

ParentProcessId: 5620

ParentImage: C:\Windows\System32\cmd.exe

ParentCommandLine: ""cmd.exe"" /c ""C:\AtomicRedTeam\atomics\T1105\src\T1105.bat"" 1&gt;NUL

ParentUser: WINDEV2309EVAL\User</Message>
      <Level>Information</Level>
      <Task>Process Create (rule: ProcessCreate)</Task>
      <Opcode>Info</Opcode>
    </RenderingInfo>
  </Event>
  
"
Microsoft-Windows-Sysmon/Operational,,,WinDev2309Eval,,,,5,19639,,,C:\Users\User\AppData\Local\Temp\T1105\file.exe,,0x8000000000000000,Information,,,"Process terminated:

RuleName: -

UtcTime: 2023-12-27 20:47:12.952

ProcessGuid: {f57bd86a-8d50-658c-f701-000000000f00}

ProcessId: 2288

Image: C:\Users\User\AppData\Local\Temp\T1105\file.exe

User: WINDEV2309EVAL\User",Info,,,,,,,,{f57bd86a-8d50-658c-f701-000000000f00},3588,2288,,,,,"
      ",-,2023-12-27T20:47:12.9598435Z,,Process terminated (rule: ProcessTerminate),,5124,WINDEV2309EVAL\User,S-1-5-18,2023-12-27 20:47:12.952,3,"<Event xmlns=""http://schemas.microsoft.com/win/2004/08/events/event"">
    <System>
      <Provider Name=""Microsoft-Windows-Sysmon"" Guid=""{5770385f-c22a-43e0-bf4c-06f5698ffbd9}""/>
      <EventID>5</EventID>
      <Version>3</Version>
      <Level>4</Level>
      <Task>5</Task>
      <Opcode>0</Opcode>
      <Keywords>0x8000000000000000</Keywords>
      <TimeCreated SystemTime=""2023-12-27T20:47:12.9598435Z""/>
      <EventRecordID>19639</EventRecordID>
      <Correlation/>
      <Execution ProcessID=""3588"" ThreadID=""5124""/>
      <Channel>Microsoft-Windows-Sysmon/Operational</Channel>
      <Computer>WinDev2309Eval</Computer>
      <Security UserID=""S-1-5-18""/>
    </System>
    <EventData>
      <Data Name=""RuleName"">-</Data>
      <Data Name=""UtcTime"">2023-12-27 20:47:12.952</Data>
      <Data Name=""ProcessGuid"">{f57bd86a-8d50-658c-f701-000000000f00}</Data>
      <Data Name=""ProcessId"">2288</Data>
      <Data Name=""Image"">C:\Users\User\AppData\Local\Temp\T1105\file.exe</Data>
      <Data Name=""User"">WINDEV2309EVAL\User</Data>
    </EventData>
    <RenderingInfo Culture=""en-US"">
      <Message>Process terminated:

RuleName: -

UtcTime: 2023-12-27 20:47:12.952

ProcessGuid: {f57bd86a-8d50-658c-f701-000000000f00}

ProcessId: 2288

Image: C:\Users\User\AppData\Local\Temp\T1105\file.exe

User: WINDEV2309EVAL\User</Message>
      <Level>Information</Level>
      <Task>Process terminated (rule: ProcessTerminate)</Task>
      <Opcode>Info</Opcode>
    </RenderingInfo>
  </Event>
  
"
Microsoft-Windows-Sysmon/Operational,"""C:\Windows\notepad.exe""",-,WinDev2309Eval,,C:\Users\User\AppData\Local\Temp\,-,1,19638,-,"MD5=04EF2F92AB6A28772E9882231354AEA2,SHA256=3FCC0A03FF6CD99504403CF106558C149717C7A8CA025BD23137469456F1F065,IMPHASH=9872652735563E0952795DC53C6BFB45",C:\Program Files\WindowsApps\Microsoft.WindowsNotepad_11.2310.13.0_x64__8wekyb3d8bbwe\Notepad\Notepad.exe,Medium,0x8000000000000000,Information,{f57bd86a-36f9-658c-7bf8-020000000000},0x2f87b,"Process Create:

RuleName: -

UtcTime: 2023-12-27 20:47:12.822

ProcessGuid: {f57bd86a-8d50-658c-ff01-000000000f00}

ProcessId: 11120

Image: C:\Program Files\WindowsApps\Microsoft.WindowsNotepad_11.2310.13.0_x64__8wekyb3d8bbwe\Notepad\Notepad.exe

FileVersion: -

Description: -

Product: -

Company: -

OriginalFileName: -

CommandLine: ""C:\Windows\notepad.exe""

CurrentDirectory: C:\Users\User\AppData\Local\Temp\

User: WINDEV2309EVAL\User

LogonGuid: {f57bd86a-36f9-658c-7bf8-020000000000}

LogonId: 0x2F87B

TerminalSessionId: 1

IntegrityLevel: Medium

Hashes: MD5=04EF2F92AB6A28772E9882231354AEA2,SHA256=3FCC0A03FF6CD99504403CF106558C149717C7A8CA025BD23137469456F1F065,IMPHASH=9872652735563E0952795DC53C6BFB45

ParentProcessGuid: {f57bd86a-8d50-658c-f701-000000000f00}

ParentProcessId: 2288

ParentImage: C:\Users\User\AppData\Local\Temp\T1105\file.exe

ParentCommandLine: C:\Users\User\AppData\Local\Temp\T1105\file.exe

ParentUser: WINDEV2309EVAL\User",Info,-,C:\Users\User\AppData\Local\Temp\T1105\file.exe,C:\Users\User\AppData\Local\Temp\T1105\file.exe,{f57bd86a-8d50-658c-f701-000000000f00},2288,WINDEV2309EVAL\User,,{f57bd86a-8d50-658c-ff01-000000000f00},3588,11120,-,,,,"
      ",-,2023-12-27T20:47:12.8240919Z,,Process Create (rule: ProcessCreate),1,5124,WINDEV2309EVAL\User,S-1-5-18,2023-12-27 20:47:12.822,5,"<Event xmlns=""http://schemas.microsoft.com/win/2004/08/events/event"">
    <System>
      <Provider Name=""Microsoft-Windows-Sysmon"" Guid=""{5770385f-c22a-43e0-bf4c-06f5698ffbd9}""/>
      <EventID>1</EventID>
      <Version>5</Version>
      <Level>4</Level>
      <Task>1</Task>
      <Opcode>0</Opcode>
      <Keywords>0x8000000000000000</Keywords>
      <TimeCreated SystemTime=""2023-12-27T20:47:12.8240919Z""/>
      <EventRecordID>19638</EventRecordID>
      <Correlation/>
      <Execution ProcessID=""3588"" ThreadID=""5124""/>
      <Channel>Microsoft-Windows-Sysmon/Operational</Channel>
      <Computer>WinDev2309Eval</Computer>
      <Security UserID=""S-1-5-18""/>
    </System>
    <EventData>
      <Data Name=""RuleName"">-</Data>
      <Data Name=""UtcTime"">2023-12-27 20:47:12.822</Data>
      <Data Name=""ProcessGuid"">{f57bd86a-8d50-658c-ff01-000000000f00}</Data>
      <Data Name=""ProcessId"">11120</Data>
      <Data Name=""Image"">C:\Program Files\WindowsApps\Microsoft.WindowsNotepad_11.2310.13.0_x64__8wekyb3d8bbwe\Notepad\Notepad.exe</Data>
      <Data Name=""FileVersion"">-</Data>
      <Data Name=""Description"">-</Data>
      <Data Name=""Product"">-</Data>
      <Data Name=""Company"">-</Data>
      <Data Name=""OriginalFileName"">-</Data>
      <Data Name=""CommandLine"">""C:\Windows\notepad.exe""</Data>
      <Data Name=""CurrentDirectory"">C:\Users\User\AppData\Local\Temp\</Data>
      <Data Name=""User"">WINDEV2309EVAL\User</Data>
      <Data Name=""LogonGuid"">{f57bd86a-36f9-658c-7bf8-020000000000}</Data>
      <Data Name=""LogonId"">0x2f87b</Data>
      <Data Name=""TerminalSessionId"">1</Data>
      <Data Name=""IntegrityLevel"">Medium</Data>
      <Data Name=""Hashes"">MD5=04EF2F92AB6A28772E9882231354AEA2,SHA256=3FCC0A03FF6CD99504403CF106558C149717C7A8CA025BD23137469456F1F065,IMPHASH=9872652735563E0952795DC53C6BFB45</Data>
      <Data Name=""ParentProcessGuid"">{f57bd86a-8d50-658c-f701-000000000f00}</Data>
      <Data Name=""ParentProcessId"">2288</Data>
      <Data Name=""ParentImage"">C:\Users\User\AppData\Local\Temp\T1105\file.exe</Data>
      <Data Name=""ParentCommandLine"">C:\Users\User\AppData\Local\Temp\T1105\file.exe</Data>
      <Data Name=""ParentUser"">WINDEV2309EVAL\User</Data>
    </EventData>
    <RenderingInfo Culture=""en-US"">
      <Message>Process Create:

RuleName: -

UtcTime: 2023-12-27 20:47:12.822

ProcessGuid: {f57bd86a-8d50-658c-ff01-000000000f00}

ProcessId: 11120

Image: C:\Program Files\WindowsApps\Microsoft.WindowsNotepad_11.2310.13.0_x64__8wekyb3d8bbwe\Notepad\Notepad.exe

FileVersion: -

Description: -

Product: -

Company: -

OriginalFileName: -

CommandLine: ""C:\Windows\notepad.exe""

CurrentDirectory: C:\Users\User\AppData\Local\Temp\

User: WINDEV2309EVAL\User

LogonGuid: {f57bd86a-36f9-658c-7bf8-020000000000}

LogonId: 0x2F87B

TerminalSessionId: 1

IntegrityLevel: Medium

Hashes: MD5=04EF2F92AB6A28772E9882231354AEA2,SHA256=3FCC0A03FF6CD99504403CF106558C149717C7A8CA025BD23137469456F1F065,IMPHASH=9872652735563E0952795DC53C6BFB45

ParentProcessGuid: {f57bd86a-8d50-658c-f701-000000000f00}

ParentProcessId: 2288

ParentImage: C:\Users\User\AppData\Local\Temp\T1105\file.exe

ParentCommandLine: C:\Users\User\AppData\Local\Temp\T1105\file.exe

ParentUser: WINDEV2309EVAL\User</Message>
      <Level>Information</Level>
      <Task>Process Create (rule: ProcessCreate)</Task>
      <Opcode>Info</Opcode>
    </RenderingInfo>
  </Event>
  
"
Microsoft-Windows-Sysmon/Operational,calc,Microsoft Corporation,WinDev2309Eval,,C:\Users\User\AppData\Local\Temp\,Windows Calculator,1,19637,10.0.22621.1 (WinBuild.160101.0800),"MD5=2F82623F9523C0D167862CAD0EFF6806,SHA256=9C2C8A8588FE6DB09C09337E78437CB056CD557DB1BCF5240112CBFB7B600EFB,IMPHASH=8EEAA9499666119D13B3F44ECD77A729",C:\Windows\System32\calc.exe,Medium,0x8000000000000000,Information,{f57bd86a-36f9-658c-7bf8-020000000000},0x2f87b,"Process Create:

RuleName: -

UtcTime: 2023-12-27 20:47:12.822

ProcessGuid: {f57bd86a-8d50-658c-fe01-000000000f00}

ProcessId: 7628

Image: C:\Windows\System32\calc.exe

FileVersion: 10.0.22621.1 (WinBuild.160101.0800)

Description: Windows Calculator

Product: Microsoft® Windows® Operating System

Company: Microsoft Corporation

OriginalFileName: CALC.EXE

CommandLine: calc

CurrentDirectory: C:\Users\User\AppData\Local\Temp\

User: WINDEV2309EVAL\User

LogonGuid: {f57bd86a-36f9-658c-7bf8-020000000000}

LogonId: 0x2F87B

TerminalSessionId: 1

IntegrityLevel: Medium

Hashes: MD5=2F82623F9523C0D167862CAD0EFF6806,SHA256=9C2C8A8588FE6DB09C09337E78437CB056CD557DB1BCF5240112CBFB7B600EFB,IMPHASH=8EEAA9499666119D13B3F44ECD77A729

ParentProcessGuid: {f57bd86a-8d50-658c-f901-000000000f00}

ParentProcessId: 5424

ParentImage: C:\Program Files\WindowsApps\Microsoft.WindowsNotepad_11.2310.13.0_x64__8wekyb3d8bbwe\Notepad\Notepad.exe

ParentCommandLine: ""C:\Program Files\WindowsApps\Microsoft.WindowsNotepad_11.2310.13.0_x64__8wekyb3d8bbwe\Notepad\Notepad.exe"" 

ParentUser: WINDEV2309EVAL\User",Info,CALC.EXE,"""C:\Program Files\WindowsApps\Microsoft.WindowsNotepad_11.2310.13.0_x64__8wekyb3d8bbwe\Notepad\Notepad.exe"" ",C:\Program Files\WindowsApps\Microsoft.WindowsNotepad_11.2310.13.0_x64__8wekyb3d8bbwe\Notepad\Notepad.exe,{f57bd86a-8d50-658c-f901-000000000f00},5424,WINDEV2309EVAL\User,,{f57bd86a-8d50-658c-fe01-000000000f00},3588,7628,Microsoft® Windows® Operating System,,,,"
      ",-,2023-12-27T20:47:12.8236223Z,,Process Create (rule: ProcessCreate),1,5124,WINDEV2309EVAL\User,S-1-5-18,2023-12-27 20:47:12.822,5,"<Event xmlns=""http://schemas.microsoft.com/win/2004/08/events/event"">
    <System>
      <Provider Name=""Microsoft-Windows-Sysmon"" Guid=""{5770385f-c22a-43e0-bf4c-06f5698ffbd9}""/>
      <EventID>1</EventID>
      <Version>5</Version>
      <Level>4</Level>
      <Task>1</Task>
      <Opcode>0</Opcode>
      <Keywords>0x8000000000000000</Keywords>
      <TimeCreated SystemTime=""2023-12-27T20:47:12.8236223Z""/>
      <EventRecordID>19637</EventRecordID>
      <Correlation/>
      <Execution ProcessID=""3588"" ThreadID=""5124""/>
      <Channel>Microsoft-Windows-Sysmon/Operational</Channel>
      <Computer>WinDev2309Eval</Computer>
      <Security UserID=""S-1-5-18""/>
    </System>
    <EventData>
      <Data Name=""RuleName"">-</Data>
      <Data Name=""UtcTime"">2023-12-27 20:47:12.822</Data>
      <Data Name=""ProcessGuid"">{f57bd86a-8d50-658c-fe01-000000000f00}</Data>
      <Data Name=""ProcessId"">7628</Data>
      <Data Name=""Image"">C:\Windows\System32\calc.exe</Data>
      <Data Name=""FileVersion"">10.0.22621.1 (WinBuild.160101.0800)</Data>
      <Data Name=""Description"">Windows Calculator</Data>
      <Data Name=""Product"">Microsoft&#174; Windows&#174; Operating System</Data>
      <Data Name=""Company"">Microsoft Corporation</Data>
      <Data Name=""OriginalFileName"">CALC.EXE</Data>
      <Data Name=""CommandLine"">calc</Data>
      <Data Name=""CurrentDirectory"">C:\Users\User\AppData\Local\Temp\</Data>
      <Data Name=""User"">WINDEV2309EVAL\User</Data>
      <Data Name=""LogonGuid"">{f57bd86a-36f9-658c-7bf8-020000000000}</Data>
      <Data Name=""LogonId"">0x2f87b</Data>
      <Data Name=""TerminalSessionId"">1</Data>
      <Data Name=""IntegrityLevel"">Medium</Data>
      <Data Name=""Hashes"">MD5=2F82623F9523C0D167862CAD0EFF6806,SHA256=9C2C8A8588FE6DB09C09337E78437CB056CD557DB1BCF5240112CBFB7B600EFB,IMPHASH=8EEAA9499666119D13B3F44ECD77A729</Data>
      <Data Name=""ParentProcessGuid"">{f57bd86a-8d50-658c-f901-000000000f00}</Data>
      <Data Name=""ParentProcessId"">5424</Data>
      <Data Name=""ParentImage"">C:\Program Files\WindowsApps\Microsoft.WindowsNotepad_11.2310.13.0_x64__8wekyb3d8bbwe\Notepad\Notepad.exe</Data>
      <Data Name=""ParentCommandLine"">""C:\Program Files\WindowsApps\Microsoft.WindowsNotepad_11.2310.13.0_x64__8wekyb3d8bbwe\Notepad\Notepad.exe"" </Data>
      <Data Name=""ParentUser"">WINDEV2309EVAL\User</Data>
    </EventData>
    <RenderingInfo Culture=""en-US"">
      <Message>Process Create:

RuleName: -

UtcTime: 2023-12-27 20:47:12.822

ProcessGuid: {f57bd86a-8d50-658c-fe01-000000000f00}

ProcessId: 7628

Image: C:\Windows\System32\calc.exe

FileVersion: 10.0.22621.1 (WinBuild.160101.0800)

Description: Windows Calculator

Product: Microsoft&#174; Windows&#174; Operating System

Company: Microsoft Corporation

OriginalFileName: CALC.EXE

CommandLine: calc

CurrentDirectory: C:\Users\User\AppData\Local\Temp\

User: WINDEV2309EVAL\User

LogonGuid: {f57bd86a-36f9-658c-7bf8-020000000000}

LogonId: 0x2F87B

TerminalSessionId: 1

IntegrityLevel: Medium

Hashes: MD5=2F82623F9523C0D167862CAD0EFF6806,SHA256=9C2C8A8588FE6DB09C09337E78437CB056CD557DB1BCF5240112CBFB7B600EFB,IMPHASH=8EEAA9499666119D13B3F44ECD77A729

ParentProcessGuid: {f57bd86a-8d50-658c-f901-000000000f00}

ParentProcessId: 5424

ParentImage: C:\Program Files\WindowsApps\Microsoft.WindowsNotepad_11.2310.13.0_x64__8wekyb3d8bbwe\Notepad\Notepad.exe

ParentCommandLine: ""C:\Program Files\WindowsApps\Microsoft.WindowsNotepad_11.2310.13.0_x64__8wekyb3d8bbwe\Notepad\Notepad.exe"" 

ParentUser: WINDEV2309EVAL\User</Message>
      <Level>Information</Level>
      <Task>Process Create (rule: ProcessCreate)</Task>
      <Opcode>Info</Opcode>
    </RenderingInfo>
  </Event>
  
"
Microsoft-Windows-Sysmon/Operational,calc,Microsoft Corporation,WinDev2309Eval,,C:\Users\User\AppData\Local\Temp\,Windows Calculator,1,19636,10.0.22621.1 (WinBuild.160101.0800),"MD5=2F82623F9523C0D167862CAD0EFF6806,SHA256=9C2C8A8588FE6DB09C09337E78437CB056CD557DB1BCF5240112CBFB7B600EFB,IMPHASH=8EEAA9499666119D13B3F44ECD77A729",C:\Windows\System32\calc.exe,Medium,0x8000000000000000,Information,{f57bd86a-36f9-658c-7bf8-020000000000},0x2f87b,"Process Create:

RuleName: -

UtcTime: 2023-12-27 20:47:12.815

ProcessGuid: {f57bd86a-8d50-658c-fd01-000000000f00}

ProcessId: 676

Image: C:\Windows\System32\calc.exe

FileVersion: 10.0.22621.1 (WinBuild.160101.0800)

Description: Windows Calculator

Product: Microsoft® Windows® Operating System

Company: Microsoft Corporation

OriginalFileName: CALC.EXE

CommandLine: calc

CurrentDirectory: C:\Users\User\AppData\Local\Temp\

User: WINDEV2309EVAL\User

LogonGuid: {f57bd86a-36f9-658c-7bf8-020000000000}

LogonId: 0x2F87B

TerminalSessionId: 1

IntegrityLevel: Medium

Hashes: MD5=2F82623F9523C0D167862CAD0EFF6806,SHA256=9C2C8A8588FE6DB09C09337E78437CB056CD557DB1BCF5240112CBFB7B600EFB,IMPHASH=8EEAA9499666119D13B3F44ECD77A729

ParentProcessGuid: {f57bd86a-8d50-658c-f901-000000000f00}

ParentProcessId: 5424

ParentImage: C:\Program Files\WindowsApps\Microsoft.WindowsNotepad_11.2310.13.0_x64__8wekyb3d8bbwe\Notepad\Notepad.exe

ParentCommandLine: ""C:\Program Files\WindowsApps\Microsoft.WindowsNotepad_11.2310.13.0_x64__8wekyb3d8bbwe\Notepad\Notepad.exe"" 

ParentUser: WINDEV2309EVAL\User",Info,CALC.EXE,"""C:\Program Files\WindowsApps\Microsoft.WindowsNotepad_11.2310.13.0_x64__8wekyb3d8bbwe\Notepad\Notepad.exe"" ",C:\Program Files\WindowsApps\Microsoft.WindowsNotepad_11.2310.13.0_x64__8wekyb3d8bbwe\Notepad\Notepad.exe,{f57bd86a-8d50-658c-f901-000000000f00},5424,WINDEV2309EVAL\User,,{f57bd86a-8d50-658c-fd01-000000000f00},3588,676,Microsoft® Windows® Operating System,,,,"
      ",-,2023-12-27T20:47:12.8220307Z,,Process Create (rule: ProcessCreate),1,5124,WINDEV2309EVAL\User,S-1-5-18,2023-12-27 20:47:12.815,5,"<Event xmlns=""http://schemas.microsoft.com/win/2004/08/events/event"">
    <System>
      <Provider Name=""Microsoft-Windows-Sysmon"" Guid=""{5770385f-c22a-43e0-bf4c-06f5698ffbd9}""/>
      <EventID>1</EventID>
      <Version>5</Version>
      <Level>4</Level>
      <Task>1</Task>
      <Opcode>0</Opcode>
      <Keywords>0x8000000000000000</Keywords>
      <TimeCreated SystemTime=""2023-12-27T20:47:12.8220307Z""/>
      <EventRecordID>19636</EventRecordID>
      <Correlation/>
      <Execution ProcessID=""3588"" ThreadID=""5124""/>
      <Channel>Microsoft-Windows-Sysmon/Operational</Channel>
      <Computer>WinDev2309Eval</Computer>
      <Security UserID=""S-1-5-18""/>
    </System>
    <EventData>
      <Data Name=""RuleName"">-</Data>
      <Data Name=""UtcTime"">2023-12-27 20:47:12.815</Data>
      <Data Name=""ProcessGuid"">{f57bd86a-8d50-658c-fd01-000000000f00}</Data>
      <Data Name=""ProcessId"">676</Data>
      <Data Name=""Image"">C:\Windows\System32\calc.exe</Data>
      <Data Name=""FileVersion"">10.0.22621.1 (WinBuild.160101.0800)</Data>
      <Data Name=""Description"">Windows Calculator</Data>
      <Data Name=""Product"">Microsoft&#174; Windows&#174; Operating System</Data>
      <Data Name=""Company"">Microsoft Corporation</Data>
      <Data Name=""OriginalFileName"">CALC.EXE</Data>
      <Data Name=""CommandLine"">calc</Data>
      <Data Name=""CurrentDirectory"">C:\Users\User\AppData\Local\Temp\</Data>
      <Data Name=""User"">WINDEV2309EVAL\User</Data>
      <Data Name=""LogonGuid"">{f57bd86a-36f9-658c-7bf8-020000000000}</Data>
      <Data Name=""LogonId"">0x2f87b</Data>
      <Data Name=""TerminalSessionId"">1</Data>
      <Data Name=""IntegrityLevel"">Medium</Data>
      <Data Name=""Hashes"">MD5=2F82623F9523C0D167862CAD0EFF6806,SHA256=9C2C8A8588FE6DB09C09337E78437CB056CD557DB1BCF5240112CBFB7B600EFB,IMPHASH=8EEAA9499666119D13B3F44ECD77A729</Data>
      <Data Name=""ParentProcessGuid"">{f57bd86a-8d50-658c-f901-000000000f00}</Data>
      <Data Name=""ParentProcessId"">5424</Data>
      <Data Name=""ParentImage"">C:\Program Files\WindowsApps\Microsoft.WindowsNotepad_11.2310.13.0_x64__8wekyb3d8bbwe\Notepad\Notepad.exe</Data>
      <Data Name=""ParentCommandLine"">""C:\Program Files\WindowsApps\Microsoft.WindowsNotepad_11.2310.13.0_x64__8wekyb3d8bbwe\Notepad\Notepad.exe"" </Data>
      <Data Name=""ParentUser"">WINDEV2309EVAL\User</Data>
    </EventData>
    <RenderingInfo Culture=""en-US"">
      <Message>Process Create:

RuleName: -

UtcTime: 2023-12-27 20:47:12.815

ProcessGuid: {f57bd86a-8d50-658c-fd01-000000000f00}

ProcessId: 676

Image: C:\Windows\System32\calc.exe

FileVersion: 10.0.22621.1 (WinBuild.160101.0800)

Description: Windows Calculator

Product: Microsoft&#174; Windows&#174; Operating System

Company: Microsoft Corporation

OriginalFileName: CALC.EXE

CommandLine: calc

CurrentDirectory: C:\Users\User\AppData\Local\Temp\

User: WINDEV2309EVAL\User

LogonGuid: {f57bd86a-36f9-658c-7bf8-020000000000}

LogonId: 0x2F87B

TerminalSessionId: 1

IntegrityLevel: Medium

Hashes: MD5=2F82623F9523C0D167862CAD0EFF6806,SHA256=9C2C8A8588FE6DB09C09337E78437CB056CD557DB1BCF5240112CBFB7B600EFB,IMPHASH=8EEAA9499666119D13B3F44ECD77A729

ParentProcessGuid: {f57bd86a-8d50-658c-f901-000000000f00}

ParentProcessId: 5424

ParentImage: C:\Program Files\WindowsApps\Microsoft.WindowsNotepad_11.2310.13.0_x64__8wekyb3d8bbwe\Notepad\Notepad.exe

ParentCommandLine: ""C:\Program Files\WindowsApps\Microsoft.WindowsNotepad_11.2310.13.0_x64__8wekyb3d8bbwe\Notepad\Notepad.exe"" 

ParentUser: WINDEV2309EVAL\User</Message>
      <Level>Information</Level>
      <Task>Process Create (rule: ProcessCreate)</Task>
      <Opcode>Info</Opcode>
    </RenderingInfo>
  </Event>
  
"
Microsoft-Windows-Sysmon/Operational,calc,Microsoft Corporation,WinDev2309Eval,,C:\Users\User\AppData\Local\Temp\,Windows Calculator,1,19635,10.0.22621.1 (WinBuild.160101.0800),"MD5=2F82623F9523C0D167862CAD0EFF6806,SHA256=9C2C8A8588FE6DB09C09337E78437CB056CD557DB1BCF5240112CBFB7B600EFB,IMPHASH=8EEAA9499666119D13B3F44ECD77A729",C:\Windows\System32\calc.exe,Medium,0x8000000000000000,Information,{f57bd86a-36f9-658c-7bf8-020000000000},0x2f87b,"Process Create:

RuleName: -

UtcTime: 2023-12-27 20:47:12.814

ProcessGuid: {f57bd86a-8d50-658c-fb01-000000000f00}

ProcessId: 8560

Image: C:\Windows\System32\calc.exe

FileVersion: 10.0.22621.1 (WinBuild.160101.0800)

Description: Windows Calculator

Product: Microsoft® Windows® Operating System

Company: Microsoft Corporation

OriginalFileName: CALC.EXE

CommandLine: calc

CurrentDirectory: C:\Users\User\AppData\Local\Temp\

User: WINDEV2309EVAL\User

LogonGuid: {f57bd86a-36f9-658c-7bf8-020000000000}

LogonId: 0x2F87B

TerminalSessionId: 1

IntegrityLevel: Medium

Hashes: MD5=2F82623F9523C0D167862CAD0EFF6806,SHA256=9C2C8A8588FE6DB09C09337E78437CB056CD557DB1BCF5240112CBFB7B600EFB,IMPHASH=8EEAA9499666119D13B3F44ECD77A729

ParentProcessGuid: {f57bd86a-8d50-658c-f901-000000000f00}

ParentProcessId: 5424

ParentImage: C:\Program Files\WindowsApps\Microsoft.WindowsNotepad_11.2310.13.0_x64__8wekyb3d8bbwe\Notepad\Notepad.exe

ParentCommandLine: ""C:\Program Files\WindowsApps\Microsoft.WindowsNotepad_11.2310.13.0_x64__8wekyb3d8bbwe\Notepad\Notepad.exe"" 

ParentUser: WINDEV2309EVAL\User",Info,CALC.EXE,"""C:\Program Files\WindowsApps\Microsoft.WindowsNotepad_11.2310.13.0_x64__8wekyb3d8bbwe\Notepad\Notepad.exe"" ",C:\Program Files\WindowsApps\Microsoft.WindowsNotepad_11.2310.13.0_x64__8wekyb3d8bbwe\Notepad\Notepad.exe,{f57bd86a-8d50-658c-f901-000000000f00},5424,WINDEV2309EVAL\User,,{f57bd86a-8d50-658c-fb01-000000000f00},3588,8560,Microsoft® Windows® Operating System,,,,"
      ",-,2023-12-27T20:47:12.8216950Z,,Process Create (rule: ProcessCreate),1,5124,WINDEV2309EVAL\User,S-1-5-18,2023-12-27 20:47:12.814,5,"<Event xmlns=""http://schemas.microsoft.com/win/2004/08/events/event"">
    <System>
      <Provider Name=""Microsoft-Windows-Sysmon"" Guid=""{5770385f-c22a-43e0-bf4c-06f5698ffbd9}""/>
      <EventID>1</EventID>
      <Version>5</Version>
      <Level>4</Level>
      <Task>1</Task>
      <Opcode>0</Opcode>
      <Keywords>0x8000000000000000</Keywords>
      <TimeCreated SystemTime=""2023-12-27T20:47:12.8216950Z""/>
      <EventRecordID>19635</EventRecordID>
      <Correlation/>
      <Execution ProcessID=""3588"" ThreadID=""5124""/>
      <Channel>Microsoft-Windows-Sysmon/Operational</Channel>
      <Computer>WinDev2309Eval</Computer>
      <Security UserID=""S-1-5-18""/>
    </System>
    <EventData>
      <Data Name=""RuleName"">-</Data>
      <Data Name=""UtcTime"">2023-12-27 20:47:12.814</Data>
      <Data Name=""ProcessGuid"">{f57bd86a-8d50-658c-fb01-000000000f00}</Data>
      <Data Name=""ProcessId"">8560</Data>
      <Data Name=""Image"">C:\Windows\System32\calc.exe</Data>
      <Data Name=""FileVersion"">10.0.22621.1 (WinBuild.160101.0800)</Data>
      <Data Name=""Description"">Windows Calculator</Data>
      <Data Name=""Product"">Microsoft&#174; Windows&#174; Operating System</Data>
      <Data Name=""Company"">Microsoft Corporation</Data>
      <Data Name=""OriginalFileName"">CALC.EXE</Data>
      <Data Name=""CommandLine"">calc</Data>
      <Data Name=""CurrentDirectory"">C:\Users\User\AppData\Local\Temp\</Data>
      <Data Name=""User"">WINDEV2309EVAL\User</Data>
      <Data Name=""LogonGuid"">{f57bd86a-36f9-658c-7bf8-020000000000}</Data>
      <Data Name=""LogonId"">0x2f87b</Data>
      <Data Name=""TerminalSessionId"">1</Data>
      <Data Name=""IntegrityLevel"">Medium</Data>
      <Data Name=""Hashes"">MD5=2F82623F9523C0D167862CAD0EFF6806,SHA256=9C2C8A8588FE6DB09C09337E78437CB056CD557DB1BCF5240112CBFB7B600EFB,IMPHASH=8EEAA9499666119D13B3F44ECD77A729</Data>
      <Data Name=""ParentProcessGuid"">{f57bd86a-8d50-658c-f901-000000000f00}</Data>
      <Data Name=""ParentProcessId"">5424</Data>
      <Data Name=""ParentImage"">C:\Program Files\WindowsApps\Microsoft.WindowsNotepad_11.2310.13.0_x64__8wekyb3d8bbwe\Notepad\Notepad.exe</Data>
      <Data Name=""ParentCommandLine"">""C:\Program Files\WindowsApps\Microsoft.WindowsNotepad_11.2310.13.0_x64__8wekyb3d8bbwe\Notepad\Notepad.exe"" </Data>
      <Data Name=""ParentUser"">WINDEV2309EVAL\User</Data>
    </EventData>
    <RenderingInfo Culture=""en-US"">
      <Message>Process Create:

RuleName: -

UtcTime: 2023-12-27 20:47:12.814

ProcessGuid: {f57bd86a-8d50-658c-fb01-000000000f00}

ProcessId: 8560

Image: C:\Windows\System32\calc.exe

FileVersion: 10.0.22621.1 (WinBuild.160101.0800)

Description: Windows Calculator

Product: Microsoft&#174; Windows&#174; Operating System

Company: Microsoft Corporation

OriginalFileName: CALC.EXE

CommandLine: calc

CurrentDirectory: C:\Users\User\AppData\Local\Temp\

User: WINDEV2309EVAL\User

LogonGuid: {f57bd86a-36f9-658c-7bf8-020000000000}

LogonId: 0x2F87B

TerminalSessionId: 1

IntegrityLevel: Medium

Hashes: MD5=2F82623F9523C0D167862CAD0EFF6806,SHA256=9C2C8A8588FE6DB09C09337E78437CB056CD557DB1BCF5240112CBFB7B600EFB,IMPHASH=8EEAA9499666119D13B3F44ECD77A729

ParentProcessGuid: {f57bd86a-8d50-658c-f901-000000000f00}

ParentProcessId: 5424

ParentImage: C:\Program Files\WindowsApps\Microsoft.WindowsNotepad_11.2310.13.0_x64__8wekyb3d8bbwe\Notepad\Notepad.exe

ParentCommandLine: ""C:\Program Files\WindowsApps\Microsoft.WindowsNotepad_11.2310.13.0_x64__8wekyb3d8bbwe\Notepad\Notepad.exe"" 

ParentUser: WINDEV2309EVAL\User</Message>
      <Level>Information</Level>
      <Task>Process Create (rule: ProcessCreate)</Task>
      <Opcode>Info</Opcode>
    </RenderingInfo>
  </Event>
  
"
Microsoft-Windows-Sysmon/Operational,calc,Microsoft Corporation,WinDev2309Eval,,C:\Users\User\AppData\Local\Temp\,Windows Calculator,1,19634,10.0.22621.1 (WinBuild.160101.0800),"MD5=2F82623F9523C0D167862CAD0EFF6806,SHA256=9C2C8A8588FE6DB09C09337E78437CB056CD557DB1BCF5240112CBFB7B600EFB,IMPHASH=8EEAA9499666119D13B3F44ECD77A729",C:\Windows\System32\calc.exe,Medium,0x8000000000000000,Information,{f57bd86a-36f9-658c-7bf8-020000000000},0x2f87b,"Process Create:

RuleName: -

UtcTime: 2023-12-27 20:47:12.814

ProcessGuid: {f57bd86a-8d50-658c-fc01-000000000f00}

ProcessId: 5268

Image: C:\Windows\System32\calc.exe

FileVersion: 10.0.22621.1 (WinBuild.160101.0800)

Description: Windows Calculator

Product: Microsoft® Windows® Operating System

Company: Microsoft Corporation

OriginalFileName: CALC.EXE

CommandLine: calc

CurrentDirectory: C:\Users\User\AppData\Local\Temp\

User: WINDEV2309EVAL\User

LogonGuid: {f57bd86a-36f9-658c-7bf8-020000000000}

LogonId: 0x2F87B

TerminalSessionId: 1

IntegrityLevel: Medium

Hashes: MD5=2F82623F9523C0D167862CAD0EFF6806,SHA256=9C2C8A8588FE6DB09C09337E78437CB056CD557DB1BCF5240112CBFB7B600EFB,IMPHASH=8EEAA9499666119D13B3F44ECD77A729

ParentProcessGuid: {f57bd86a-8d50-658c-f901-000000000f00}

ParentProcessId: 5424

ParentImage: C:\Program Files\WindowsApps\Microsoft.WindowsNotepad_11.2310.13.0_x64__8wekyb3d8bbwe\Notepad\Notepad.exe

ParentCommandLine: ""C:\Program Files\WindowsApps\Microsoft.WindowsNotepad_11.2310.13.0_x64__8wekyb3d8bbwe\Notepad\Notepad.exe"" 

ParentUser: WINDEV2309EVAL\User",Info,CALC.EXE,"""C:\Program Files\WindowsApps\Microsoft.WindowsNotepad_11.2310.13.0_x64__8wekyb3d8bbwe\Notepad\Notepad.exe"" ",C:\Program Files\WindowsApps\Microsoft.WindowsNotepad_11.2310.13.0_x64__8wekyb3d8bbwe\Notepad\Notepad.exe,{f57bd86a-8d50-658c-f901-000000000f00},5424,WINDEV2309EVAL\User,,{f57bd86a-8d50-658c-fc01-000000000f00},3588,5268,Microsoft® Windows® Operating System,,,,"
      ",-,2023-12-27T20:47:12.8192852Z,,Process Create (rule: ProcessCreate),1,5124,WINDEV2309EVAL\User,S-1-5-18,2023-12-27 20:47:12.814,5,"<Event xmlns=""http://schemas.microsoft.com/win/2004/08/events/event"">
    <System>
      <Provider Name=""Microsoft-Windows-Sysmon"" Guid=""{5770385f-c22a-43e0-bf4c-06f5698ffbd9}""/>
      <EventID>1</EventID>
      <Version>5</Version>
      <Level>4</Level>
      <Task>1</Task>
      <Opcode>0</Opcode>
      <Keywords>0x8000000000000000</Keywords>
      <TimeCreated SystemTime=""2023-12-27T20:47:12.8192852Z""/>
      <EventRecordID>19634</EventRecordID>
      <Correlation/>
      <Execution ProcessID=""3588"" ThreadID=""5124""/>
      <Channel>Microsoft-Windows-Sysmon/Operational</Channel>
      <Computer>WinDev2309Eval</Computer>
      <Security UserID=""S-1-5-18""/>
    </System>
    <EventData>
      <Data Name=""RuleName"">-</Data>
      <Data Name=""UtcTime"">2023-12-27 20:47:12.814</Data>
      <Data Name=""ProcessGuid"">{f57bd86a-8d50-658c-fc01-000000000f00}</Data>
      <Data Name=""ProcessId"">5268</Data>
      <Data Name=""Image"">C:\Windows\System32\calc.exe</Data>
      <Data Name=""FileVersion"">10.0.22621.1 (WinBuild.160101.0800)</Data>
      <Data Name=""Description"">Windows Calculator</Data>
      <Data Name=""Product"">Microsoft&#174; Windows&#174; Operating System</Data>
      <Data Name=""Company"">Microsoft Corporation</Data>
      <Data Name=""OriginalFileName"">CALC.EXE</Data>
      <Data Name=""CommandLine"">calc</Data>
      <Data Name=""CurrentDirectory"">C:\Users\User\AppData\Local\Temp\</Data>
      <Data Name=""User"">WINDEV2309EVAL\User</Data>
      <Data Name=""LogonGuid"">{f57bd86a-36f9-658c-7bf8-020000000000}</Data>
      <Data Name=""LogonId"">0x2f87b</Data>
      <Data Name=""TerminalSessionId"">1</Data>
      <Data Name=""IntegrityLevel"">Medium</Data>
      <Data Name=""Hashes"">MD5=2F82623F9523C0D167862CAD0EFF6806,SHA256=9C2C8A8588FE6DB09C09337E78437CB056CD557DB1BCF5240112CBFB7B600EFB,IMPHASH=8EEAA9499666119D13B3F44ECD77A729</Data>
      <Data Name=""ParentProcessGuid"">{f57bd86a-8d50-658c-f901-000000000f00}</Data>
      <Data Name=""ParentProcessId"">5424</Data>
      <Data Name=""ParentImage"">C:\Program Files\WindowsApps\Microsoft.WindowsNotepad_11.2310.13.0_x64__8wekyb3d8bbwe\Notepad\Notepad.exe</Data>
      <Data Name=""ParentCommandLine"">""C:\Program Files\WindowsApps\Microsoft.WindowsNotepad_11.2310.13.0_x64__8wekyb3d8bbwe\Notepad\Notepad.exe"" </Data>
      <Data Name=""ParentUser"">WINDEV2309EVAL\User</Data>
    </EventData>
    <RenderingInfo Culture=""en-US"">
      <Message>Process Create:

RuleName: -

UtcTime: 2023-12-27 20:47:12.814

ProcessGuid: {f57bd86a-8d50-658c-fc01-000000000f00}

ProcessId: 5268

Image: C:\Windows\System32\calc.exe

FileVersion: 10.0.22621.1 (WinBuild.160101.0800)

Description: Windows Calculator

Product: Microsoft&#174; Windows&#174; Operating System

Company: Microsoft Corporation

OriginalFileName: CALC.EXE

CommandLine: calc

CurrentDirectory: C:\Users\User\AppData\Local\Temp\

User: WINDEV2309EVAL\User

LogonGuid: {f57bd86a-36f9-658c-7bf8-020000000000}

LogonId: 0x2F87B

TerminalSessionId: 1

IntegrityLevel: Medium

Hashes: MD5=2F82623F9523C0D167862CAD0EFF6806,SHA256=9C2C8A8588FE6DB09C09337E78437CB056CD557DB1BCF5240112CBFB7B600EFB,IMPHASH=8EEAA9499666119D13B3F44ECD77A729

ParentProcessGuid: {f57bd86a-8d50-658c-f901-000000000f00}

ParentProcessId: 5424

ParentImage: C:\Program Files\WindowsApps\Microsoft.WindowsNotepad_11.2310.13.0_x64__8wekyb3d8bbwe\Notepad\Notepad.exe

ParentCommandLine: ""C:\Program Files\WindowsApps\Microsoft.WindowsNotepad_11.2310.13.0_x64__8wekyb3d8bbwe\Notepad\Notepad.exe"" 

ParentUser: WINDEV2309EVAL\User</Message>
      <Level>Information</Level>
      <Task>Process Create (rule: ProcessCreate)</Task>
      <Opcode>Info</Opcode>
    </RenderingInfo>
  </Event>
  
"
Microsoft-Windows-Sysmon/Operational,calc,Microsoft Corporation,WinDev2309Eval,,C:\Users\User\AppData\Local\Temp\,Windows Calculator,1,19633,10.0.22621.1 (WinBuild.160101.0800),"MD5=2F82623F9523C0D167862CAD0EFF6806,SHA256=9C2C8A8588FE6DB09C09337E78437CB056CD557DB1BCF5240112CBFB7B600EFB,IMPHASH=8EEAA9499666119D13B3F44ECD77A729",C:\Windows\System32\calc.exe,Medium,0x8000000000000000,Information,{f57bd86a-36f9-658c-7bf8-020000000000},0x2f87b,"Process Create:

RuleName: -

UtcTime: 2023-12-27 20:47:12.814

ProcessGuid: {f57bd86a-8d50-658c-fa01-000000000f00}

ProcessId: 4848

Image: C:\Windows\System32\calc.exe

FileVersion: 10.0.22621.1 (WinBuild.160101.0800)

Description: Windows Calculator

Product: Microsoft® Windows® Operating System

Company: Microsoft Corporation

OriginalFileName: CALC.EXE

CommandLine: calc

CurrentDirectory: C:\Users\User\AppData\Local\Temp\

User: WINDEV2309EVAL\User

LogonGuid: {f57bd86a-36f9-658c-7bf8-020000000000}

LogonId: 0x2F87B

TerminalSessionId: 1

IntegrityLevel: Medium

Hashes: MD5=2F82623F9523C0D167862CAD0EFF6806,SHA256=9C2C8A8588FE6DB09C09337E78437CB056CD557DB1BCF5240112CBFB7B600EFB,IMPHASH=8EEAA9499666119D13B3F44ECD77A729

ParentProcessGuid: {f57bd86a-8d50-658c-f901-000000000f00}

ParentProcessId: 5424

ParentImage: C:\Program Files\WindowsApps\Microsoft.WindowsNotepad_11.2310.13.0_x64__8wekyb3d8bbwe\Notepad\Notepad.exe

ParentCommandLine: ""C:\Program Files\WindowsApps\Microsoft.WindowsNotepad_11.2310.13.0_x64__8wekyb3d8bbwe\Notepad\Notepad.exe"" 

ParentUser: WINDEV2309EVAL\User",Info,CALC.EXE,"""C:\Program Files\WindowsApps\Microsoft.WindowsNotepad_11.2310.13.0_x64__8wekyb3d8bbwe\Notepad\Notepad.exe"" ",C:\Program Files\WindowsApps\Microsoft.WindowsNotepad_11.2310.13.0_x64__8wekyb3d8bbwe\Notepad\Notepad.exe,{f57bd86a-8d50-658c-f901-000000000f00},5424,WINDEV2309EVAL\User,,{f57bd86a-8d50-658c-fa01-000000000f00},3588,4848,Microsoft® Windows® Operating System,,,,"
      ",-,2023-12-27T20:47:12.8184954Z,,Process Create (rule: ProcessCreate),1,5124,WINDEV2309EVAL\User,S-1-5-18,2023-12-27 20:47:12.814,5,"<Event xmlns=""http://schemas.microsoft.com/win/2004/08/events/event"">
    <System>
      <Provider Name=""Microsoft-Windows-Sysmon"" Guid=""{5770385f-c22a-43e0-bf4c-06f5698ffbd9}""/>
      <EventID>1</EventID>
      <Version>5</Version>
      <Level>4</Level>
      <Task>1</Task>
      <Opcode>0</Opcode>
      <Keywords>0x8000000000000000</Keywords>
      <TimeCreated SystemTime=""2023-12-27T20:47:12.8184954Z""/>
      <EventRecordID>19633</EventRecordID>
      <Correlation/>
      <Execution ProcessID=""3588"" ThreadID=""5124""/>
      <Channel>Microsoft-Windows-Sysmon/Operational</Channel>
      <Computer>WinDev2309Eval</Computer>
      <Security UserID=""S-1-5-18""/>
    </System>
    <EventData>
      <Data Name=""RuleName"">-</Data>
      <Data Name=""UtcTime"">2023-12-27 20:47:12.814</Data>
      <Data Name=""ProcessGuid"">{f57bd86a-8d50-658c-fa01-000000000f00}</Data>
      <Data Name=""ProcessId"">4848</Data>
      <Data Name=""Image"">C:\Windows\System32\calc.exe</Data>
      <Data Name=""FileVersion"">10.0.22621.1 (WinBuild.160101.0800)</Data>
      <Data Name=""Description"">Windows Calculator</Data>
      <Data Name=""Product"">Microsoft&#174; Windows&#174; Operating System</Data>
      <Data Name=""Company"">Microsoft Corporation</Data>
      <Data Name=""OriginalFileName"">CALC.EXE</Data>
      <Data Name=""CommandLine"">calc</Data>
      <Data Name=""CurrentDirectory"">C:\Users\User\AppData\Local\Temp\</Data>
      <Data Name=""User"">WINDEV2309EVAL\User</Data>
      <Data Name=""LogonGuid"">{f57bd86a-36f9-658c-7bf8-020000000000}</Data>
      <Data Name=""LogonId"">0x2f87b</Data>
      <Data Name=""TerminalSessionId"">1</Data>
      <Data Name=""IntegrityLevel"">Medium</Data>
      <Data Name=""Hashes"">MD5=2F82623F9523C0D167862CAD0EFF6806,SHA256=9C2C8A8588FE6DB09C09337E78437CB056CD557DB1BCF5240112CBFB7B600EFB,IMPHASH=8EEAA9499666119D13B3F44ECD77A729</Data>
      <Data Name=""ParentProcessGuid"">{f57bd86a-8d50-658c-f901-000000000f00}</Data>
      <Data Name=""ParentProcessId"">5424</Data>
      <Data Name=""ParentImage"">C:\Program Files\WindowsApps\Microsoft.WindowsNotepad_11.2310.13.0_x64__8wekyb3d8bbwe\Notepad\Notepad.exe</Data>
      <Data Name=""ParentCommandLine"">""C:\Program Files\WindowsApps\Microsoft.WindowsNotepad_11.2310.13.0_x64__8wekyb3d8bbwe\Notepad\Notepad.exe"" </Data>
      <Data Name=""ParentUser"">WINDEV2309EVAL\User</Data>
    </EventData>
    <RenderingInfo Culture=""en-US"">
      <Message>Process Create:

RuleName: -

UtcTime: 2023-12-27 20:47:12.814

ProcessGuid: {f57bd86a-8d50-658c-fa01-000000000f00}

ProcessId: 4848

Image: C:\Windows\System32\calc.exe

FileVersion: 10.0.22621.1 (WinBuild.160101.0800)

Description: Windows Calculator

Product: Microsoft&#174; Windows&#174; Operating System

Company: Microsoft Corporation

OriginalFileName: CALC.EXE

CommandLine: calc

CurrentDirectory: C:\Users\User\AppData\Local\Temp\

User: WINDEV2309EVAL\User

LogonGuid: {f57bd86a-36f9-658c-7bf8-020000000000}

LogonId: 0x2F87B

TerminalSessionId: 1

IntegrityLevel: Medium

Hashes: MD5=2F82623F9523C0D167862CAD0EFF6806,SHA256=9C2C8A8588FE6DB09C09337E78437CB056CD557DB1BCF5240112CBFB7B600EFB,IMPHASH=8EEAA9499666119D13B3F44ECD77A729

ParentProcessGuid: {f57bd86a-8d50-658c-f901-000000000f00}

ParentProcessId: 5424

ParentImage: C:\Program Files\WindowsApps\Microsoft.WindowsNotepad_11.2310.13.0_x64__8wekyb3d8bbwe\Notepad\Notepad.exe

ParentCommandLine: ""C:\Program Files\WindowsApps\Microsoft.WindowsNotepad_11.2310.13.0_x64__8wekyb3d8bbwe\Notepad\Notepad.exe"" 

ParentUser: WINDEV2309EVAL\User</Message>
      <Level>Information</Level>
      <Task>Process Create (rule: ProcessCreate)</Task>
      <Opcode>Info</Opcode>
    </RenderingInfo>
  </Event>
  
"
Microsoft-Windows-Sysmon/Operational,"""C:\Program Files\WindowsApps\Microsoft.WindowsNotepad_11.2310.13.0_x64__8wekyb3d8bbwe\Notepad\Notepad.exe"" ",-,WinDev2309Eval,,C:\Users\User\AppData\Local\Temp\,-,1,19632,-,"MD5=04EF2F92AB6A28772E9882231354AEA2,SHA256=3FCC0A03FF6CD99504403CF106558C149717C7A8CA025BD23137469456F1F065,IMPHASH=9872652735563E0952795DC53C6BFB45",C:\Program Files\WindowsApps\Microsoft.WindowsNotepad_11.2310.13.0_x64__8wekyb3d8bbwe\Notepad\Notepad.exe,Medium,0x8000000000000000,Information,{f57bd86a-36f9-658c-7bf8-020000000000},0x2f87b,"Process Create:

RuleName: -

UtcTime: 2023-12-27 20:47:12.766

ProcessGuid: {f57bd86a-8d50-658c-f901-000000000f00}

ProcessId: 5424

Image: C:\Program Files\WindowsApps\Microsoft.WindowsNotepad_11.2310.13.0_x64__8wekyb3d8bbwe\Notepad\Notepad.exe

FileVersion: -

Description: -

Product: -

Company: -

OriginalFileName: -

CommandLine: ""C:\Program Files\WindowsApps\Microsoft.WindowsNotepad_11.2310.13.0_x64__8wekyb3d8bbwe\Notepad\Notepad.exe"" 

CurrentDirectory: C:\Users\User\AppData\Local\Temp\

User: WINDEV2309EVAL\User

LogonGuid: {f57bd86a-36f9-658c-7bf8-020000000000}

LogonId: 0x2F87B

TerminalSessionId: 1

IntegrityLevel: Medium

Hashes: MD5=04EF2F92AB6A28772E9882231354AEA2,SHA256=3FCC0A03FF6CD99504403CF106558C149717C7A8CA025BD23137469456F1F065,IMPHASH=9872652735563E0952795DC53C6BFB45

ParentProcessGuid: {f57bd86a-8d50-658c-f701-000000000f00}

ParentProcessId: 2288

ParentImage: C:\Users\User\AppData\Local\Temp\T1105\file.exe

ParentCommandLine: C:\Users\User\AppData\Local\Temp\T1105\file.exe

ParentUser: WINDEV2309EVAL\User",Info,-,C:\Users\User\AppData\Local\Temp\T1105\file.exe,C:\Users\User\AppData\Local\Temp\T1105\file.exe,{f57bd86a-8d50-658c-f701-000000000f00},2288,WINDEV2309EVAL\User,,{f57bd86a-8d50-658c-f901-000000000f00},3588,5424,-,,,,"
      ",-,2023-12-27T20:47:12.7673493Z,,Process Create (rule: ProcessCreate),1,5124,WINDEV2309EVAL\User,S-1-5-18,2023-12-27 20:47:12.766,5,"<Event xmlns=""http://schemas.microsoft.com/win/2004/08/events/event"">
    <System>
      <Provider Name=""Microsoft-Windows-Sysmon"" Guid=""{5770385f-c22a-43e0-bf4c-06f5698ffbd9}""/>
      <EventID>1</EventID>
      <Version>5</Version>
      <Level>4</Level>
      <Task>1</Task>
      <Opcode>0</Opcode>
      <Keywords>0x8000000000000000</Keywords>
      <TimeCreated SystemTime=""2023-12-27T20:47:12.7673493Z""/>
      <EventRecordID>19632</EventRecordID>
      <Correlation/>
      <Execution ProcessID=""3588"" ThreadID=""5124""/>
      <Channel>Microsoft-Windows-Sysmon/Operational</Channel>
      <Computer>WinDev2309Eval</Computer>
      <Security UserID=""S-1-5-18""/>
    </System>
    <EventData>
      <Data Name=""RuleName"">-</Data>
      <Data Name=""UtcTime"">2023-12-27 20:47:12.766</Data>
      <Data Name=""ProcessGuid"">{f57bd86a-8d50-658c-f901-000000000f00}</Data>
      <Data Name=""ProcessId"">5424</Data>
      <Data Name=""Image"">C:\Program Files\WindowsApps\Microsoft.WindowsNotepad_11.2310.13.0_x64__8wekyb3d8bbwe\Notepad\Notepad.exe</Data>
      <Data Name=""FileVersion"">-</Data>
      <Data Name=""Description"">-</Data>
      <Data Name=""Product"">-</Data>
      <Data Name=""Company"">-</Data>
      <Data Name=""OriginalFileName"">-</Data>
      <Data Name=""CommandLine"">""C:\Program Files\WindowsApps\Microsoft.WindowsNotepad_11.2310.13.0_x64__8wekyb3d8bbwe\Notepad\Notepad.exe"" </Data>
      <Data Name=""CurrentDirectory"">C:\Users\User\AppData\Local\Temp\</Data>
      <Data Name=""User"">WINDEV2309EVAL\User</Data>
      <Data Name=""LogonGuid"">{f57bd86a-36f9-658c-7bf8-020000000000}</Data>
      <Data Name=""LogonId"">0x2f87b</Data>
      <Data Name=""TerminalSessionId"">1</Data>
      <Data Name=""IntegrityLevel"">Medium</Data>
      <Data Name=""Hashes"">MD5=04EF2F92AB6A28772E9882231354AEA2,SHA256=3FCC0A03FF6CD99504403CF106558C149717C7A8CA025BD23137469456F1F065,IMPHASH=9872652735563E0952795DC53C6BFB45</Data>
      <Data Name=""ParentProcessGuid"">{f57bd86a-8d50-658c-f701-000000000f00}</Data>
      <Data Name=""ParentProcessId"">2288</Data>
      <Data Name=""ParentImage"">C:\Users\User\AppData\Local\Temp\T1105\file.exe</Data>
      <Data Name=""ParentCommandLine"">C:\Users\User\AppData\Local\Temp\T1105\file.exe</Data>
      <Data Name=""ParentUser"">WINDEV2309EVAL\User</Data>
    </EventData>
    <RenderingInfo Culture=""en-US"">
      <Message>Process Create:

RuleName: -

UtcTime: 2023-12-27 20:47:12.766

ProcessGuid: {f57bd86a-8d50-658c-f901-000000000f00}

ProcessId: 5424

Image: C:\Program Files\WindowsApps\Microsoft.WindowsNotepad_11.2310.13.0_x64__8wekyb3d8bbwe\Notepad\Notepad.exe

FileVersion: -

Description: -

Product: -

Company: -

OriginalFileName: -

CommandLine: ""C:\Program Files\WindowsApps\Microsoft.WindowsNotepad_11.2310.13.0_x64__8wekyb3d8bbwe\Notepad\Notepad.exe"" 

CurrentDirectory: C:\Users\User\AppData\Local\Temp\

User: WINDEV2309EVAL\User

LogonGuid: {f57bd86a-36f9-658c-7bf8-020000000000}

LogonId: 0x2F87B

TerminalSessionId: 1

IntegrityLevel: Medium

Hashes: MD5=04EF2F92AB6A28772E9882231354AEA2,SHA256=3FCC0A03FF6CD99504403CF106558C149717C7A8CA025BD23137469456F1F065,IMPHASH=9872652735563E0952795DC53C6BFB45

ParentProcessGuid: {f57bd86a-8d50-658c-f701-000000000f00}

ParentProcessId: 2288

ParentImage: C:\Users\User\AppData\Local\Temp\T1105\file.exe

ParentCommandLine: C:\Users\User\AppData\Local\Temp\T1105\file.exe

ParentUser: WINDEV2309EVAL\User</Message>
      <Level>Information</Level>
      <Task>Process Create (rule: ProcessCreate)</Task>
      <Opcode>Info</Opcode>
    </RenderingInfo>
  </Event>
  
"
