Microsoft-Windows-Sysmon/Operational,"reg  add ""HKLM\System\CurrentControlSet\Control\Terminal Server"" /v fAllowToGetHelp /t REG_DWORD /d 1 /f",Microsoft Corporation,WinDev2309Eval,,C:\Users\User\AppData\Local\Temp\,Registry Console Tool,,1,19658,,10.0.22621.1 (WinBuild.160101.0800),"MD5=CDB58D0BCABE76AFC60428F364834463,SHA256=411AE446FE37B30C0727888C7FA5E88994A46DAFD41AA5B3B06C9E884549AFDE,IMPHASH=1085BD82B37A225F6D356012D2E69C3D",C:\Windows\System32\reg.exe,Medium,0x8000000000000000,Information,{f57bd86a-36f9-658c-7bf8-020000000000},0x2f87b,"Process Create:

RuleName: -

UtcTime: 2023-12-27 20:56:37.728

ProcessGuid: {f57bd86a-8f85-658c-3a02-000000000f00}

ProcessId: 8560

Image: C:\Windows\System32\reg.exe

FileVersion: 10.0.22621.1 (WinBuild.160101.0800)

Description: Registry Console Tool

Product: Microsoft® Windows® Operating System

Company: Microsoft Corporation

OriginalFileName: reg.exe

CommandLine: reg  add ""HKLM\System\CurrentControlSet\Control\Terminal Server"" /v fAllowToGetHelp /t REG_DWORD /d 1 /f

CurrentDirectory: C:\Users\User\AppData\Local\Temp\

User: WINDEV2309EVAL\User

LogonGuid: {f57bd86a-36f9-658c-7bf8-020000000000}

LogonId: 0x2F87B

TerminalSessionId: 1

IntegrityLevel: Medium

Hashes: MD5=CDB58D0BCABE76AFC60428F364834463,SHA256=411AE446FE37B30C0727888C7FA5E88994A46DAFD41AA5B3B06C9E884549AFDE,IMPHASH=1085BD82B37A225F6D356012D2E69C3D

ParentProcessGuid: {f57bd86a-8f85-658c-3802-000000000f00}

ParentProcessId: 2484

ParentImage: C:\Windows\System32\cmd.exe

ParentCommandLine: ""cmd.exe"" /c reg add ""HKLM\System\CurrentControlSet\Control\Terminal Server"" /v fAllowToGetHelp /t REG_DWORD /d 1 /f

ParentUser: WINDEV2309EVAL\User",Info,reg.exe,"""cmd.exe"" /c reg add ""HKLM\System\CurrentControlSet\Control\Terminal Server"" /v fAllowToGetHelp /t REG_DWORD /d 1 /f",C:\Windows\System32\cmd.exe,{f57bd86a-8f85-658c-3802-000000000f00},2484,WINDEV2309EVAL\User,{f57bd86a-8f85-658c-3a02-000000000f00},3588,8560,Microsoft® Windows® Operating System,,,,"
      ",-,2023-12-27T20:56:37.7297762Z,,,Process Create (rule: ProcessCreate),1,5124,WINDEV2309EVAL\User,S-1-5-18,2023-12-27 20:56:37.728,5,"<Event xmlns=""http://schemas.microsoft.com/win/2004/08/events/event"">
    <System>
      <Provider Name=""Microsoft-Windows-Sysmon"" Guid=""{5770385f-c22a-43e0-bf4c-06f5698ffbd9}""/>
      <EventID>1</EventID>
      <Version>5</Version>
      <Level>4</Level>
      <Task>1</Task>
      <Opcode>0</Opcode>
      <Keywords>0x8000000000000000</Keywords>
      <TimeCreated SystemTime=""2023-12-27T20:56:37.7297762Z""/>
      <EventRecordID>19658</EventRecordID>
      <Correlation/>
      <Execution ProcessID=""3588"" ThreadID=""5124""/>
      <Channel>Microsoft-Windows-Sysmon/Operational</Channel>
      <Computer>WinDev2309Eval</Computer>
      <Security UserID=""S-1-5-18""/>
    </System>
    <EventData>
      <Data Name=""RuleName"">-</Data>
      <Data Name=""UtcTime"">2023-12-27 20:56:37.728</Data>
      <Data Name=""ProcessGuid"">{f57bd86a-8f85-658c-3a02-000000000f00}</Data>
      <Data Name=""ProcessId"">8560</Data>
      <Data Name=""Image"">C:\Windows\System32\reg.exe</Data>
      <Data Name=""FileVersion"">10.0.22621.1 (WinBuild.160101.0800)</Data>
      <Data Name=""Description"">Registry Console Tool</Data>
      <Data Name=""Product"">Microsoft&#174; Windows&#174; Operating System</Data>
      <Data Name=""Company"">Microsoft Corporation</Data>
      <Data Name=""OriginalFileName"">reg.exe</Data>
      <Data Name=""CommandLine"">reg  add ""HKLM\System\CurrentControlSet\Control\Terminal Server"" /v fAllowToGetHelp /t REG_DWORD /d 1 /f</Data>
      <Data Name=""CurrentDirectory"">C:\Users\User\AppData\Local\Temp\</Data>
      <Data Name=""User"">WINDEV2309EVAL\User</Data>
      <Data Name=""LogonGuid"">{f57bd86a-36f9-658c-7bf8-020000000000}</Data>
      <Data Name=""LogonId"">0x2f87b</Data>
      <Data Name=""TerminalSessionId"">1</Data>
      <Data Name=""IntegrityLevel"">Medium</Data>
      <Data Name=""Hashes"">MD5=CDB58D0BCABE76AFC60428F364834463,SHA256=411AE446FE37B30C0727888C7FA5E88994A46DAFD41AA5B3B06C9E884549AFDE,IMPHASH=1085BD82B37A225F6D356012D2E69C3D</Data>
      <Data Name=""ParentProcessGuid"">{f57bd86a-8f85-658c-3802-000000000f00}</Data>
      <Data Name=""ParentProcessId"">2484</Data>
      <Data Name=""ParentImage"">C:\Windows\System32\cmd.exe</Data>
      <Data Name=""ParentCommandLine"">""cmd.exe"" /c reg add ""HKLM\System\CurrentControlSet\Control\Terminal Server"" /v fAllowToGetHelp /t REG_DWORD /d 1 /f</Data>
      <Data Name=""ParentUser"">WINDEV2309EVAL\User</Data>
    </EventData>
    <RenderingInfo Culture=""en-US"">
      <Message>Process Create:

RuleName: -

UtcTime: 2023-12-27 20:56:37.728

ProcessGuid: {f57bd86a-8f85-658c-3a02-000000000f00}

ProcessId: 8560

Image: C:\Windows\System32\reg.exe

FileVersion: 10.0.22621.1 (WinBuild.160101.0800)

Description: Registry Console Tool

Product: Microsoft&#174; Windows&#174; Operating System

Company: Microsoft Corporation

OriginalFileName: reg.exe

CommandLine: reg  add ""HKLM\System\CurrentControlSet\Control\Terminal Server"" /v fAllowToGetHelp /t REG_DWORD /d 1 /f

CurrentDirectory: C:\Users\User\AppData\Local\Temp\

User: WINDEV2309EVAL\User

LogonGuid: {f57bd86a-36f9-658c-7bf8-020000000000}

LogonId: 0x2F87B

TerminalSessionId: 1

IntegrityLevel: Medium

Hashes: MD5=CDB58D0BCABE76AFC60428F364834463,SHA256=411AE446FE37B30C0727888C7FA5E88994A46DAFD41AA5B3B06C9E884549AFDE,IMPHASH=1085BD82B37A225F6D356012D2E69C3D

ParentProcessGuid: {f57bd86a-8f85-658c-3802-000000000f00}

ParentProcessId: 2484

ParentImage: C:\Windows\System32\cmd.exe

ParentCommandLine: ""cmd.exe"" /c reg add ""HKLM\System\CurrentControlSet\Control\Terminal Server"" /v fAllowToGetHelp /t REG_DWORD /d 1 /f

ParentUser: WINDEV2309EVAL\User</Message>
      <Level>Information</Level>
      <Task>Process Create (rule: ProcessCreate)</Task>
      <Opcode>Info</Opcode>
    </RenderingInfo>
  </Event>
  
"
Microsoft-Windows-Sysmon/Operational,"""cmd.exe"" /c reg add ""HKLM\System\CurrentControlSet\Control\Terminal Server"" /v fAllowToGetHelp /t REG_DWORD /d 1 /f",Microsoft Corporation,WinDev2309Eval,,C:\Users\User\AppData\Local\Temp\,Windows Command Processor,,1,19657,,10.0.22621.2506 (WinBuild.160101.0800),"MD5=133D568ECCB557E37BEA1459521CBAC2,SHA256=05A30592D2C3421C41121145C6EEFA7C81FEA6B42D6233A522240A8468326B9C,IMPHASH=D73E39DAB3C8B57AA408073D01254964",C:\Windows\System32\cmd.exe,Medium,0x8000000000000000,Information,{f57bd86a-36f9-658c-7bf8-020000000000},0x2f87b,"Process Create:

RuleName: -

UtcTime: 2023-12-27 20:56:37.702

ProcessGuid: {f57bd86a-8f85-658c-3802-000000000f00}

ProcessId: 2484

Image: C:\Windows\System32\cmd.exe

FileVersion: 10.0.22621.2506 (WinBuild.160101.0800)

Description: Windows Command Processor

Product: Microsoft® Windows® Operating System

Company: Microsoft Corporation

OriginalFileName: Cmd.Exe

CommandLine: ""cmd.exe"" /c reg add ""HKLM\System\CurrentControlSet\Control\Terminal Server"" /v fAllowToGetHelp /t REG_DWORD /d 1 /f

CurrentDirectory: C:\Users\User\AppData\Local\Temp\

User: WINDEV2309EVAL\User

LogonGuid: {f57bd86a-36f9-658c-7bf8-020000000000}

LogonId: 0x2F87B

TerminalSessionId: 1

IntegrityLevel: Medium

Hashes: MD5=133D568ECCB557E37BEA1459521CBAC2,SHA256=05A30592D2C3421C41121145C6EEFA7C81FEA6B42D6233A522240A8468326B9C,IMPHASH=D73E39DAB3C8B57AA408073D01254964

ParentProcessGuid: {00000000-0000-0000-0000-000000000000}

ParentProcessId: 1688

ParentImage: -

ParentCommandLine: -

ParentUser: -",Info,Cmd.Exe,-,-,{00000000-0000-0000-0000-000000000000},1688,-,{f57bd86a-8f85-658c-3802-000000000f00},3588,2484,Microsoft® Windows® Operating System,,,,"
      ",-,2023-12-27T20:56:37.7038907Z,,,Process Create (rule: ProcessCreate),1,5124,WINDEV2309EVAL\User,S-1-5-18,2023-12-27 20:56:37.702,5,"<Event xmlns=""http://schemas.microsoft.com/win/2004/08/events/event"">
    <System>
      <Provider Name=""Microsoft-Windows-Sysmon"" Guid=""{5770385f-c22a-43e0-bf4c-06f5698ffbd9}""/>
      <EventID>1</EventID>
      <Version>5</Version>
      <Level>4</Level>
      <Task>1</Task>
      <Opcode>0</Opcode>
      <Keywords>0x8000000000000000</Keywords>
      <TimeCreated SystemTime=""2023-12-27T20:56:37.7038907Z""/>
      <EventRecordID>19657</EventRecordID>
      <Correlation/>
      <Execution ProcessID=""3588"" ThreadID=""5124""/>
      <Channel>Microsoft-Windows-Sysmon/Operational</Channel>
      <Computer>WinDev2309Eval</Computer>
      <Security UserID=""S-1-5-18""/>
    </System>
    <EventData>
      <Data Name=""RuleName"">-</Data>
      <Data Name=""UtcTime"">2023-12-27 20:56:37.702</Data>
      <Data Name=""ProcessGuid"">{f57bd86a-8f85-658c-3802-000000000f00}</Data>
      <Data Name=""ProcessId"">2484</Data>
      <Data Name=""Image"">C:\Windows\System32\cmd.exe</Data>
      <Data Name=""FileVersion"">10.0.22621.2506 (WinBuild.160101.0800)</Data>
      <Data Name=""Description"">Windows Command Processor</Data>
      <Data Name=""Product"">Microsoft&#174; Windows&#174; Operating System</Data>
      <Data Name=""Company"">Microsoft Corporation</Data>
      <Data Name=""OriginalFileName"">Cmd.Exe</Data>
      <Data Name=""CommandLine"">""cmd.exe"" /c reg add ""HKLM\System\CurrentControlSet\Control\Terminal Server"" /v fAllowToGetHelp /t REG_DWORD /d 1 /f</Data>
      <Data Name=""CurrentDirectory"">C:\Users\User\AppData\Local\Temp\</Data>
      <Data Name=""User"">WINDEV2309EVAL\User</Data>
      <Data Name=""LogonGuid"">{f57bd86a-36f9-658c-7bf8-020000000000}</Data>
      <Data Name=""LogonId"">0x2f87b</Data>
      <Data Name=""TerminalSessionId"">1</Data>
      <Data Name=""IntegrityLevel"">Medium</Data>
      <Data Name=""Hashes"">MD5=133D568ECCB557E37BEA1459521CBAC2,SHA256=05A30592D2C3421C41121145C6EEFA7C81FEA6B42D6233A522240A8468326B9C,IMPHASH=D73E39DAB3C8B57AA408073D01254964</Data>
      <Data Name=""ParentProcessGuid"">{00000000-0000-0000-0000-000000000000}</Data>
      <Data Name=""ParentProcessId"">1688</Data>
      <Data Name=""ParentImage"">-</Data>
      <Data Name=""ParentCommandLine"">-</Data>
      <Data Name=""ParentUser"">-</Data>
    </EventData>
    <RenderingInfo Culture=""en-US"">
      <Message>Process Create:

RuleName: -

UtcTime: 2023-12-27 20:56:37.702

ProcessGuid: {f57bd86a-8f85-658c-3802-000000000f00}

ProcessId: 2484

Image: C:\Windows\System32\cmd.exe

FileVersion: 10.0.22621.2506 (WinBuild.160101.0800)

Description: Windows Command Processor

Product: Microsoft&#174; Windows&#174; Operating System

Company: Microsoft Corporation

OriginalFileName: Cmd.Exe

CommandLine: ""cmd.exe"" /c reg add ""HKLM\System\CurrentControlSet\Control\Terminal Server"" /v fAllowToGetHelp /t REG_DWORD /d 1 /f

CurrentDirectory: C:\Users\User\AppData\Local\Temp\

User: WINDEV2309EVAL\User

LogonGuid: {f57bd86a-36f9-658c-7bf8-020000000000}

LogonId: 0x2F87B

TerminalSessionId: 1

IntegrityLevel: Medium

Hashes: MD5=133D568ECCB557E37BEA1459521CBAC2,SHA256=05A30592D2C3421C41121145C6EEFA7C81FEA6B42D6233A522240A8468326B9C,IMPHASH=D73E39DAB3C8B57AA408073D01254964

ParentProcessGuid: {00000000-0000-0000-0000-000000000000}

ParentProcessId: 1688

ParentImage: -

ParentCommandLine: -

ParentUser: -</Message>
      <Level>Information</Level>
      <Task>Process Create (rule: ProcessCreate)</Task>
      <Opcode>Info</Opcode>
    </RenderingInfo>
  </Event>
  
"
Microsoft-Windows-Sysmon/Operational,"reg  add ""HKLM\SOFTWARE\Policies\Microsoft\Windows Defender\UX Configuration"" /v Notification_Suppress /t REG_DWORD /d 1 /f",Microsoft Corporation,WinDev2309Eval,,C:\Users\User\AppData\Local\Temp\,Registry Console Tool,,1,19656,,10.0.22621.1 (WinBuild.160101.0800),"MD5=CDB58D0BCABE76AFC60428F364834463,SHA256=411AE446FE37B30C0727888C7FA5E88994A46DAFD41AA5B3B06C9E884549AFDE,IMPHASH=1085BD82B37A225F6D356012D2E69C3D",C:\Windows\System32\reg.exe,Medium,0x8000000000000000,Information,{f57bd86a-36f9-658c-7bf8-020000000000},0x2f87b,"Process Create:

RuleName: -

UtcTime: 2023-12-27 20:56:37.499

ProcessGuid: {f57bd86a-8f85-658c-3702-000000000f00}

ProcessId: 9684

Image: C:\Windows\System32\reg.exe

FileVersion: 10.0.22621.1 (WinBuild.160101.0800)

Description: Registry Console Tool

Product: Microsoft® Windows® Operating System

Company: Microsoft Corporation

OriginalFileName: reg.exe

CommandLine: reg  add ""HKLM\SOFTWARE\Policies\Microsoft\Windows Defender\UX Configuration"" /v Notification_Suppress /t REG_DWORD /d 1 /f

CurrentDirectory: C:\Users\User\AppData\Local\Temp\

User: WINDEV2309EVAL\User

LogonGuid: {f57bd86a-36f9-658c-7bf8-020000000000}

LogonId: 0x2F87B

TerminalSessionId: 1

IntegrityLevel: Medium

Hashes: MD5=CDB58D0BCABE76AFC60428F364834463,SHA256=411AE446FE37B30C0727888C7FA5E88994A46DAFD41AA5B3B06C9E884549AFDE,IMPHASH=1085BD82B37A225F6D356012D2E69C3D

ParentProcessGuid: {f57bd86a-8f85-658c-3502-000000000f00}

ParentProcessId: 10500

ParentImage: C:\Windows\System32\cmd.exe

ParentCommandLine: ""cmd.exe"" /c reg add ""HKLM\SOFTWARE\Policies\Microsoft\Windows Defender\UX Configuration"" /v Notification_Suppress /t REG_DWORD /d 1 /f

ParentUser: WINDEV2309EVAL\User",Info,reg.exe,"""cmd.exe"" /c reg add ""HKLM\SOFTWARE\Policies\Microsoft\Windows Defender\UX Configuration"" /v Notification_Suppress /t REG_DWORD /d 1 /f",C:\Windows\System32\cmd.exe,{f57bd86a-8f85-658c-3502-000000000f00},10500,WINDEV2309EVAL\User,{f57bd86a-8f85-658c-3702-000000000f00},3588,9684,Microsoft® Windows® Operating System,,,,"
      ",-,2023-12-27T20:56:37.5014336Z,,,Process Create (rule: ProcessCreate),1,5124,WINDEV2309EVAL\User,S-1-5-18,2023-12-27 20:56:37.499,5,"<Event xmlns=""http://schemas.microsoft.com/win/2004/08/events/event"">
    <System>
      <Provider Name=""Microsoft-Windows-Sysmon"" Guid=""{5770385f-c22a-43e0-bf4c-06f5698ffbd9}""/>
      <EventID>1</EventID>
      <Version>5</Version>
      <Level>4</Level>
      <Task>1</Task>
      <Opcode>0</Opcode>
      <Keywords>0x8000000000000000</Keywords>
      <TimeCreated SystemTime=""2023-12-27T20:56:37.5014336Z""/>
      <EventRecordID>19656</EventRecordID>
      <Correlation/>
      <Execution ProcessID=""3588"" ThreadID=""5124""/>
      <Channel>Microsoft-Windows-Sysmon/Operational</Channel>
      <Computer>WinDev2309Eval</Computer>
      <Security UserID=""S-1-5-18""/>
    </System>
    <EventData>
      <Data Name=""RuleName"">-</Data>
      <Data Name=""UtcTime"">2023-12-27 20:56:37.499</Data>
      <Data Name=""ProcessGuid"">{f57bd86a-8f85-658c-3702-000000000f00}</Data>
      <Data Name=""ProcessId"">9684</Data>
      <Data Name=""Image"">C:\Windows\System32\reg.exe</Data>
      <Data Name=""FileVersion"">10.0.22621.1 (WinBuild.160101.0800)</Data>
      <Data Name=""Description"">Registry Console Tool</Data>
      <Data Name=""Product"">Microsoft&#174; Windows&#174; Operating System</Data>
      <Data Name=""Company"">Microsoft Corporation</Data>
      <Data Name=""OriginalFileName"">reg.exe</Data>
      <Data Name=""CommandLine"">reg  add ""HKLM\SOFTWARE\Policies\Microsoft\Windows Defender\UX Configuration"" /v Notification_Suppress /t REG_DWORD /d 1 /f</Data>
      <Data Name=""CurrentDirectory"">C:\Users\User\AppData\Local\Temp\</Data>
      <Data Name=""User"">WINDEV2309EVAL\User</Data>
      <Data Name=""LogonGuid"">{f57bd86a-36f9-658c-7bf8-020000000000}</Data>
      <Data Name=""LogonId"">0x2f87b</Data>
      <Data Name=""TerminalSessionId"">1</Data>
      <Data Name=""IntegrityLevel"">Medium</Data>
      <Data Name=""Hashes"">MD5=CDB58D0BCABE76AFC60428F364834463,SHA256=411AE446FE37B30C0727888C7FA5E88994A46DAFD41AA5B3B06C9E884549AFDE,IMPHASH=1085BD82B37A225F6D356012D2E69C3D</Data>
      <Data Name=""ParentProcessGuid"">{f57bd86a-8f85-658c-3502-000000000f00}</Data>
      <Data Name=""ParentProcessId"">10500</Data>
      <Data Name=""ParentImage"">C:\Windows\System32\cmd.exe</Data>
      <Data Name=""ParentCommandLine"">""cmd.exe"" /c reg add ""HKLM\SOFTWARE\Policies\Microsoft\Windows Defender\UX Configuration"" /v Notification_Suppress /t REG_DWORD /d 1 /f</Data>
      <Data Name=""ParentUser"">WINDEV2309EVAL\User</Data>
    </EventData>
    <RenderingInfo Culture=""en-US"">
      <Message>Process Create:

RuleName: -

UtcTime: 2023-12-27 20:56:37.499

ProcessGuid: {f57bd86a-8f85-658c-3702-000000000f00}

ProcessId: 9684

Image: C:\Windows\System32\reg.exe

FileVersion: 10.0.22621.1 (WinBuild.160101.0800)

Description: Registry Console Tool

Product: Microsoft&#174; Windows&#174; Operating System

Company: Microsoft Corporation

OriginalFileName: reg.exe

CommandLine: reg  add ""HKLM\SOFTWARE\Policies\Microsoft\Windows Defender\UX Configuration"" /v Notification_Suppress /t REG_DWORD /d 1 /f

CurrentDirectory: C:\Users\User\AppData\Local\Temp\

User: WINDEV2309EVAL\User

LogonGuid: {f57bd86a-36f9-658c-7bf8-020000000000}

LogonId: 0x2F87B

TerminalSessionId: 1

IntegrityLevel: Medium

Hashes: MD5=CDB58D0BCABE76AFC60428F364834463,SHA256=411AE446FE37B30C0727888C7FA5E88994A46DAFD41AA5B3B06C9E884549AFDE,IMPHASH=1085BD82B37A225F6D356012D2E69C3D

ParentProcessGuid: {f57bd86a-8f85-658c-3502-000000000f00}

ParentProcessId: 10500

ParentImage: C:\Windows\System32\cmd.exe

ParentCommandLine: ""cmd.exe"" /c reg add ""HKLM\SOFTWARE\Policies\Microsoft\Windows Defender\UX Configuration"" /v Notification_Suppress /t REG_DWORD /d 1 /f

ParentUser: WINDEV2309EVAL\User</Message>
      <Level>Information</Level>
      <Task>Process Create (rule: ProcessCreate)</Task>
      <Opcode>Info</Opcode>
    </RenderingInfo>
  </Event>
  
"
Microsoft-Windows-Sysmon/Operational,"""cmd.exe"" /c reg add ""HKLM\SOFTWARE\Policies\Microsoft\Windows Defender\UX Configuration"" /v Notification_Suppress /t REG_DWORD /d 1 /f",Microsoft Corporation,WinDev2309Eval,,C:\Users\User\AppData\Local\Temp\,Windows Command Processor,,1,19655,,10.0.22621.2506 (WinBuild.160101.0800),"MD5=133D568ECCB557E37BEA1459521CBAC2,SHA256=05A30592D2C3421C41121145C6EEFA7C81FEA6B42D6233A522240A8468326B9C,IMPHASH=D73E39DAB3C8B57AA408073D01254964",C:\Windows\System32\cmd.exe,Medium,0x8000000000000000,Information,{f57bd86a-36f9-658c-7bf8-020000000000},0x2f87b,"Process Create:

RuleName: -

UtcTime: 2023-12-27 20:56:37.456

ProcessGuid: {f57bd86a-8f85-658c-3502-000000000f00}

ProcessId: 10500

Image: C:\Windows\System32\cmd.exe

FileVersion: 10.0.22621.2506 (WinBuild.160101.0800)

Description: Windows Command Processor

Product: Microsoft® Windows® Operating System

Company: Microsoft Corporation

OriginalFileName: Cmd.Exe

CommandLine: ""cmd.exe"" /c reg add ""HKLM\SOFTWARE\Policies\Microsoft\Windows Defender\UX Configuration"" /v Notification_Suppress /t REG_DWORD /d 1 /f

CurrentDirectory: C:\Users\User\AppData\Local\Temp\

User: WINDEV2309EVAL\User

LogonGuid: {f57bd86a-36f9-658c-7bf8-020000000000}

LogonId: 0x2F87B

TerminalSessionId: 1

IntegrityLevel: Medium

Hashes: MD5=133D568ECCB557E37BEA1459521CBAC2,SHA256=05A30592D2C3421C41121145C6EEFA7C81FEA6B42D6233A522240A8468326B9C,IMPHASH=D73E39DAB3C8B57AA408073D01254964

ParentProcessGuid: {00000000-0000-0000-0000-000000000000}

ParentProcessId: 1688

ParentImage: -

ParentCommandLine: -

ParentUser: -",Info,Cmd.Exe,-,-,{00000000-0000-0000-0000-000000000000},1688,-,{f57bd86a-8f85-658c-3502-000000000f00},3588,10500,Microsoft® Windows® Operating System,,,,"
      ",-,2023-12-27T20:56:37.4572165Z,,,Process Create (rule: ProcessCreate),1,5124,WINDEV2309EVAL\User,S-1-5-18,2023-12-27 20:56:37.456,5,"<Event xmlns=""http://schemas.microsoft.com/win/2004/08/events/event"">
    <System>
      <Provider Name=""Microsoft-Windows-Sysmon"" Guid=""{5770385f-c22a-43e0-bf4c-06f5698ffbd9}""/>
      <EventID>1</EventID>
      <Version>5</Version>
      <Level>4</Level>
      <Task>1</Task>
      <Opcode>0</Opcode>
      <Keywords>0x8000000000000000</Keywords>
      <TimeCreated SystemTime=""2023-12-27T20:56:37.4572165Z""/>
      <EventRecordID>19655</EventRecordID>
      <Correlation/>
      <Execution ProcessID=""3588"" ThreadID=""5124""/>
      <Channel>Microsoft-Windows-Sysmon/Operational</Channel>
      <Computer>WinDev2309Eval</Computer>
      <Security UserID=""S-1-5-18""/>
    </System>
    <EventData>
      <Data Name=""RuleName"">-</Data>
      <Data Name=""UtcTime"">2023-12-27 20:56:37.456</Data>
      <Data Name=""ProcessGuid"">{f57bd86a-8f85-658c-3502-000000000f00}</Data>
      <Data Name=""ProcessId"">10500</Data>
      <Data Name=""Image"">C:\Windows\System32\cmd.exe</Data>
      <Data Name=""FileVersion"">10.0.22621.2506 (WinBuild.160101.0800)</Data>
      <Data Name=""Description"">Windows Command Processor</Data>
      <Data Name=""Product"">Microsoft&#174; Windows&#174; Operating System</Data>
      <Data Name=""Company"">Microsoft Corporation</Data>
      <Data Name=""OriginalFileName"">Cmd.Exe</Data>
      <Data Name=""CommandLine"">""cmd.exe"" /c reg add ""HKLM\SOFTWARE\Policies\Microsoft\Windows Defender\UX Configuration"" /v Notification_Suppress /t REG_DWORD /d 1 /f</Data>
      <Data Name=""CurrentDirectory"">C:\Users\User\AppData\Local\Temp\</Data>
      <Data Name=""User"">WINDEV2309EVAL\User</Data>
      <Data Name=""LogonGuid"">{f57bd86a-36f9-658c-7bf8-020000000000}</Data>
      <Data Name=""LogonId"">0x2f87b</Data>
      <Data Name=""TerminalSessionId"">1</Data>
      <Data Name=""IntegrityLevel"">Medium</Data>
      <Data Name=""Hashes"">MD5=133D568ECCB557E37BEA1459521CBAC2,SHA256=05A30592D2C3421C41121145C6EEFA7C81FEA6B42D6233A522240A8468326B9C,IMPHASH=D73E39DAB3C8B57AA408073D01254964</Data>
      <Data Name=""ParentProcessGuid"">{00000000-0000-0000-0000-000000000000}</Data>
      <Data Name=""ParentProcessId"">1688</Data>
      <Data Name=""ParentImage"">-</Data>
      <Data Name=""ParentCommandLine"">-</Data>
      <Data Name=""ParentUser"">-</Data>
    </EventData>
    <RenderingInfo Culture=""en-US"">
      <Message>Process Create:

RuleName: -

UtcTime: 2023-12-27 20:56:37.456

ProcessGuid: {f57bd86a-8f85-658c-3502-000000000f00}

ProcessId: 10500

Image: C:\Windows\System32\cmd.exe

FileVersion: 10.0.22621.2506 (WinBuild.160101.0800)

Description: Windows Command Processor

Product: Microsoft&#174; Windows&#174; Operating System

Company: Microsoft Corporation

OriginalFileName: Cmd.Exe

CommandLine: ""cmd.exe"" /c reg add ""HKLM\SOFTWARE\Policies\Microsoft\Windows Defender\UX Configuration"" /v Notification_Suppress /t REG_DWORD /d 1 /f

CurrentDirectory: C:\Users\User\AppData\Local\Temp\

User: WINDEV2309EVAL\User

LogonGuid: {f57bd86a-36f9-658c-7bf8-020000000000}

LogonId: 0x2F87B

TerminalSessionId: 1

IntegrityLevel: Medium

Hashes: MD5=133D568ECCB557E37BEA1459521CBAC2,SHA256=05A30592D2C3421C41121145C6EEFA7C81FEA6B42D6233A522240A8468326B9C,IMPHASH=D73E39DAB3C8B57AA408073D01254964

ParentProcessGuid: {00000000-0000-0000-0000-000000000000}

ParentProcessId: 1688

ParentImage: -

ParentCommandLine: -

ParentUser: -</Message>
      <Level>Information</Level>
      <Task>Process Create (rule: ProcessCreate)</Task>
      <Opcode>Info</Opcode>
    </RenderingInfo>
  </Event>
  
"
Microsoft-Windows-Sysmon/Operational,reg  add HKLM\SOFTWARE\WOW6432Node\Microsoft\Windows\CurrentVersion\ImmersiveShell /v UseActionCenterExperience /t REG_DWORD /d 0 /f,Microsoft Corporation,WinDev2309Eval,,C:\Users\User\AppData\Local\Temp\,Registry Console Tool,,1,19654,,10.0.22621.1 (WinBuild.160101.0800),"MD5=CDB58D0BCABE76AFC60428F364834463,SHA256=411AE446FE37B30C0727888C7FA5E88994A46DAFD41AA5B3B06C9E884549AFDE,IMPHASH=1085BD82B37A225F6D356012D2E69C3D",C:\Windows\System32\reg.exe,Medium,0x8000000000000000,Information,{f57bd86a-36f9-658c-7bf8-020000000000},0x2f87b,"Process Create:

RuleName: -

UtcTime: 2023-12-27 20:56:37.248

ProcessGuid: {f57bd86a-8f85-658c-3402-000000000f00}

ProcessId: 10348

Image: C:\Windows\System32\reg.exe

FileVersion: 10.0.22621.1 (WinBuild.160101.0800)

Description: Registry Console Tool

Product: Microsoft® Windows® Operating System

Company: Microsoft Corporation

OriginalFileName: reg.exe

CommandLine: reg  add HKLM\SOFTWARE\WOW6432Node\Microsoft\Windows\CurrentVersion\ImmersiveShell /v UseActionCenterExperience /t REG_DWORD /d 0 /f

CurrentDirectory: C:\Users\User\AppData\Local\Temp\

User: WINDEV2309EVAL\User

LogonGuid: {f57bd86a-36f9-658c-7bf8-020000000000}

LogonId: 0x2F87B

TerminalSessionId: 1

IntegrityLevel: Medium

Hashes: MD5=CDB58D0BCABE76AFC60428F364834463,SHA256=411AE446FE37B30C0727888C7FA5E88994A46DAFD41AA5B3B06C9E884549AFDE,IMPHASH=1085BD82B37A225F6D356012D2E69C3D

ParentProcessGuid: {f57bd86a-8f85-658c-3202-000000000f00}

ParentProcessId: 10644

ParentImage: C:\Windows\System32\cmd.exe

ParentCommandLine: ""cmd.exe"" /c reg add HKLM\SOFTWARE\WOW6432Node\Microsoft\Windows\CurrentVersion\ImmersiveShell /v UseActionCenterExperience /t REG_DWORD /d 0 /f

ParentUser: WINDEV2309EVAL\User",Info,reg.exe,"""cmd.exe"" /c reg add HKLM\SOFTWARE\WOW6432Node\Microsoft\Windows\CurrentVersion\ImmersiveShell /v UseActionCenterExperience /t REG_DWORD /d 0 /f",C:\Windows\System32\cmd.exe,{f57bd86a-8f85-658c-3202-000000000f00},10644,WINDEV2309EVAL\User,{f57bd86a-8f85-658c-3402-000000000f00},3588,10348,Microsoft® Windows® Operating System,,,,"
      ",-,2023-12-27T20:56:37.2497127Z,,,Process Create (rule: ProcessCreate),1,5124,WINDEV2309EVAL\User,S-1-5-18,2023-12-27 20:56:37.248,5,"<Event xmlns=""http://schemas.microsoft.com/win/2004/08/events/event"">
    <System>
      <Provider Name=""Microsoft-Windows-Sysmon"" Guid=""{5770385f-c22a-43e0-bf4c-06f5698ffbd9}""/>
      <EventID>1</EventID>
      <Version>5</Version>
      <Level>4</Level>
      <Task>1</Task>
      <Opcode>0</Opcode>
      <Keywords>0x8000000000000000</Keywords>
      <TimeCreated SystemTime=""2023-12-27T20:56:37.2497127Z""/>
      <EventRecordID>19654</EventRecordID>
      <Correlation/>
      <Execution ProcessID=""3588"" ThreadID=""5124""/>
      <Channel>Microsoft-Windows-Sysmon/Operational</Channel>
      <Computer>WinDev2309Eval</Computer>
      <Security UserID=""S-1-5-18""/>
    </System>
    <EventData>
      <Data Name=""RuleName"">-</Data>
      <Data Name=""UtcTime"">2023-12-27 20:56:37.248</Data>
      <Data Name=""ProcessGuid"">{f57bd86a-8f85-658c-3402-000000000f00}</Data>
      <Data Name=""ProcessId"">10348</Data>
      <Data Name=""Image"">C:\Windows\System32\reg.exe</Data>
      <Data Name=""FileVersion"">10.0.22621.1 (WinBuild.160101.0800)</Data>
      <Data Name=""Description"">Registry Console Tool</Data>
      <Data Name=""Product"">Microsoft&#174; Windows&#174; Operating System</Data>
      <Data Name=""Company"">Microsoft Corporation</Data>
      <Data Name=""OriginalFileName"">reg.exe</Data>
      <Data Name=""CommandLine"">reg  add HKLM\SOFTWARE\WOW6432Node\Microsoft\Windows\CurrentVersion\ImmersiveShell /v UseActionCenterExperience /t REG_DWORD /d 0 /f</Data>
      <Data Name=""CurrentDirectory"">C:\Users\User\AppData\Local\Temp\</Data>
      <Data Name=""User"">WINDEV2309EVAL\User</Data>
      <Data Name=""LogonGuid"">{f57bd86a-36f9-658c-7bf8-020000000000}</Data>
      <Data Name=""LogonId"">0x2f87b</Data>
      <Data Name=""TerminalSessionId"">1</Data>
      <Data Name=""IntegrityLevel"">Medium</Data>
      <Data Name=""Hashes"">MD5=CDB58D0BCABE76AFC60428F364834463,SHA256=411AE446FE37B30C0727888C7FA5E88994A46DAFD41AA5B3B06C9E884549AFDE,IMPHASH=1085BD82B37A225F6D356012D2E69C3D</Data>
      <Data Name=""ParentProcessGuid"">{f57bd86a-8f85-658c-3202-000000000f00}</Data>
      <Data Name=""ParentProcessId"">10644</Data>
      <Data Name=""ParentImage"">C:\Windows\System32\cmd.exe</Data>
      <Data Name=""ParentCommandLine"">""cmd.exe"" /c reg add HKLM\SOFTWARE\WOW6432Node\Microsoft\Windows\CurrentVersion\ImmersiveShell /v UseActionCenterExperience /t REG_DWORD /d 0 /f</Data>
      <Data Name=""ParentUser"">WINDEV2309EVAL\User</Data>
    </EventData>
    <RenderingInfo Culture=""en-US"">
      <Message>Process Create:

RuleName: -

UtcTime: 2023-12-27 20:56:37.248

ProcessGuid: {f57bd86a-8f85-658c-3402-000000000f00}

ProcessId: 10348

Image: C:\Windows\System32\reg.exe

FileVersion: 10.0.22621.1 (WinBuild.160101.0800)

Description: Registry Console Tool

Product: Microsoft&#174; Windows&#174; Operating System

Company: Microsoft Corporation

OriginalFileName: reg.exe

CommandLine: reg  add HKLM\SOFTWARE\WOW6432Node\Microsoft\Windows\CurrentVersion\ImmersiveShell /v UseActionCenterExperience /t REG_DWORD /d 0 /f

CurrentDirectory: C:\Users\User\AppData\Local\Temp\

User: WINDEV2309EVAL\User

LogonGuid: {f57bd86a-36f9-658c-7bf8-020000000000}

LogonId: 0x2F87B

TerminalSessionId: 1

IntegrityLevel: Medium

Hashes: MD5=CDB58D0BCABE76AFC60428F364834463,SHA256=411AE446FE37B30C0727888C7FA5E88994A46DAFD41AA5B3B06C9E884549AFDE,IMPHASH=1085BD82B37A225F6D356012D2E69C3D

ParentProcessGuid: {f57bd86a-8f85-658c-3202-000000000f00}

ParentProcessId: 10644

ParentImage: C:\Windows\System32\cmd.exe

ParentCommandLine: ""cmd.exe"" /c reg add HKLM\SOFTWARE\WOW6432Node\Microsoft\Windows\CurrentVersion\ImmersiveShell /v UseActionCenterExperience /t REG_DWORD /d 0 /f

ParentUser: WINDEV2309EVAL\User</Message>
      <Level>Information</Level>
      <Task>Process Create (rule: ProcessCreate)</Task>
      <Opcode>Info</Opcode>
    </RenderingInfo>
  </Event>
  
"
Microsoft-Windows-Sysmon/Operational,"""cmd.exe"" /c reg add HKLM\SOFTWARE\WOW6432Node\Microsoft\Windows\CurrentVersion\ImmersiveShell /v UseActionCenterExperience /t REG_DWORD /d 0 /f",Microsoft Corporation,WinDev2309Eval,,C:\Users\User\AppData\Local\Temp\,Windows Command Processor,,1,19653,,10.0.22621.2506 (WinBuild.160101.0800),"MD5=133D568ECCB557E37BEA1459521CBAC2,SHA256=05A30592D2C3421C41121145C6EEFA7C81FEA6B42D6233A522240A8468326B9C,IMPHASH=D73E39DAB3C8B57AA408073D01254964",C:\Windows\System32\cmd.exe,Medium,0x8000000000000000,Information,{f57bd86a-36f9-658c-7bf8-020000000000},0x2f87b,"Process Create:

RuleName: -

UtcTime: 2023-12-27 20:56:37.215

ProcessGuid: {f57bd86a-8f85-658c-3202-000000000f00}

ProcessId: 10644

Image: C:\Windows\System32\cmd.exe

FileVersion: 10.0.22621.2506 (WinBuild.160101.0800)

Description: Windows Command Processor

Product: Microsoft® Windows® Operating System

Company: Microsoft Corporation

OriginalFileName: Cmd.Exe

CommandLine: ""cmd.exe"" /c reg add HKLM\SOFTWARE\WOW6432Node\Microsoft\Windows\CurrentVersion\ImmersiveShell /v UseActionCenterExperience /t REG_DWORD /d 0 /f

CurrentDirectory: C:\Users\User\AppData\Local\Temp\

User: WINDEV2309EVAL\User

LogonGuid: {f57bd86a-36f9-658c-7bf8-020000000000}

LogonId: 0x2F87B

TerminalSessionId: 1

IntegrityLevel: Medium

Hashes: MD5=133D568ECCB557E37BEA1459521CBAC2,SHA256=05A30592D2C3421C41121145C6EEFA7C81FEA6B42D6233A522240A8468326B9C,IMPHASH=D73E39DAB3C8B57AA408073D01254964

ParentProcessGuid: {00000000-0000-0000-0000-000000000000}

ParentProcessId: 1688

ParentImage: -

ParentCommandLine: -

ParentUser: -",Info,Cmd.Exe,-,-,{00000000-0000-0000-0000-000000000000},1688,-,{f57bd86a-8f85-658c-3202-000000000f00},3588,10644,Microsoft® Windows® Operating System,,,,"
      ",-,2023-12-27T20:56:37.2166187Z,,,Process Create (rule: ProcessCreate),1,5124,WINDEV2309EVAL\User,S-1-5-18,2023-12-27 20:56:37.215,5,"<Event xmlns=""http://schemas.microsoft.com/win/2004/08/events/event"">
    <System>
      <Provider Name=""Microsoft-Windows-Sysmon"" Guid=""{5770385f-c22a-43e0-bf4c-06f5698ffbd9}""/>
      <EventID>1</EventID>
      <Version>5</Version>
      <Level>4</Level>
      <Task>1</Task>
      <Opcode>0</Opcode>
      <Keywords>0x8000000000000000</Keywords>
      <TimeCreated SystemTime=""2023-12-27T20:56:37.2166187Z""/>
      <EventRecordID>19653</EventRecordID>
      <Correlation/>
      <Execution ProcessID=""3588"" ThreadID=""5124""/>
      <Channel>Microsoft-Windows-Sysmon/Operational</Channel>
      <Computer>WinDev2309Eval</Computer>
      <Security UserID=""S-1-5-18""/>
    </System>
    <EventData>
      <Data Name=""RuleName"">-</Data>
      <Data Name=""UtcTime"">2023-12-27 20:56:37.215</Data>
      <Data Name=""ProcessGuid"">{f57bd86a-8f85-658c-3202-000000000f00}</Data>
      <Data Name=""ProcessId"">10644</Data>
      <Data Name=""Image"">C:\Windows\System32\cmd.exe</Data>
      <Data Name=""FileVersion"">10.0.22621.2506 (WinBuild.160101.0800)</Data>
      <Data Name=""Description"">Windows Command Processor</Data>
      <Data Name=""Product"">Microsoft&#174; Windows&#174; Operating System</Data>
      <Data Name=""Company"">Microsoft Corporation</Data>
      <Data Name=""OriginalFileName"">Cmd.Exe</Data>
      <Data Name=""CommandLine"">""cmd.exe"" /c reg add HKLM\SOFTWARE\WOW6432Node\Microsoft\Windows\CurrentVersion\ImmersiveShell /v UseActionCenterExperience /t REG_DWORD /d 0 /f</Data>
      <Data Name=""CurrentDirectory"">C:\Users\User\AppData\Local\Temp\</Data>
      <Data Name=""User"">WINDEV2309EVAL\User</Data>
      <Data Name=""LogonGuid"">{f57bd86a-36f9-658c-7bf8-020000000000}</Data>
      <Data Name=""LogonId"">0x2f87b</Data>
      <Data Name=""TerminalSessionId"">1</Data>
      <Data Name=""IntegrityLevel"">Medium</Data>
      <Data Name=""Hashes"">MD5=133D568ECCB557E37BEA1459521CBAC2,SHA256=05A30592D2C3421C41121145C6EEFA7C81FEA6B42D6233A522240A8468326B9C,IMPHASH=D73E39DAB3C8B57AA408073D01254964</Data>
      <Data Name=""ParentProcessGuid"">{00000000-0000-0000-0000-000000000000}</Data>
      <Data Name=""ParentProcessId"">1688</Data>
      <Data Name=""ParentImage"">-</Data>
      <Data Name=""ParentCommandLine"">-</Data>
      <Data Name=""ParentUser"">-</Data>
    </EventData>
    <RenderingInfo Culture=""en-US"">
      <Message>Process Create:

RuleName: -

UtcTime: 2023-12-27 20:56:37.215

ProcessGuid: {f57bd86a-8f85-658c-3202-000000000f00}

ProcessId: 10644

Image: C:\Windows\System32\cmd.exe

FileVersion: 10.0.22621.2506 (WinBuild.160101.0800)

Description: Windows Command Processor

Product: Microsoft&#174; Windows&#174; Operating System

Company: Microsoft Corporation

OriginalFileName: Cmd.Exe

CommandLine: ""cmd.exe"" /c reg add HKLM\SOFTWARE\WOW6432Node\Microsoft\Windows\CurrentVersion\ImmersiveShell /v UseActionCenterExperience /t REG_DWORD /d 0 /f

CurrentDirectory: C:\Users\User\AppData\Local\Temp\

User: WINDEV2309EVAL\User

LogonGuid: {f57bd86a-36f9-658c-7bf8-020000000000}

LogonId: 0x2F87B

TerminalSessionId: 1

IntegrityLevel: Medium

Hashes: MD5=133D568ECCB557E37BEA1459521CBAC2,SHA256=05A30592D2C3421C41121145C6EEFA7C81FEA6B42D6233A522240A8468326B9C,IMPHASH=D73E39DAB3C8B57AA408073D01254964

ParentProcessGuid: {00000000-0000-0000-0000-000000000000}

ParentProcessId: 1688

ParentImage: -

ParentCommandLine: -

ParentUser: -</Message>
      <Level>Information</Level>
      <Task>Process Create (rule: ProcessCreate)</Task>
      <Opcode>Info</Opcode>
    </RenderingInfo>
  </Event>
  
"
Microsoft-Windows-Sysmon/Operational,reg  add HKEY_CURRENT_USER\SOFTWARE\Microsoft\Windows\CurrentVersion\PushNotifications /v ToastEnabled /t REG_DWORD /d 0 /f,Microsoft Corporation,WinDev2309Eval,,C:\Users\User\AppData\Local\Temp\,Registry Console Tool,,1,19652,,10.0.22621.1 (WinBuild.160101.0800),"MD5=CDB58D0BCABE76AFC60428F364834463,SHA256=411AE446FE37B30C0727888C7FA5E88994A46DAFD41AA5B3B06C9E884549AFDE,IMPHASH=1085BD82B37A225F6D356012D2E69C3D",C:\Windows\System32\reg.exe,Medium,0x8000000000000000,Information,{f57bd86a-36f9-658c-7bf8-020000000000},0x2f87b,"Process Create:

RuleName: -

UtcTime: 2023-12-27 20:56:37.008

ProcessGuid: {f57bd86a-8f85-658c-3102-000000000f00}

ProcessId: 748

Image: C:\Windows\System32\reg.exe

FileVersion: 10.0.22621.1 (WinBuild.160101.0800)

Description: Registry Console Tool

Product: Microsoft® Windows® Operating System

Company: Microsoft Corporation

OriginalFileName: reg.exe

CommandLine: reg  add HKEY_CURRENT_USER\SOFTWARE\Microsoft\Windows\CurrentVersion\PushNotifications /v ToastEnabled /t REG_DWORD /d 0 /f

CurrentDirectory: C:\Users\User\AppData\Local\Temp\

User: WINDEV2309EVAL\User

LogonGuid: {f57bd86a-36f9-658c-7bf8-020000000000}

LogonId: 0x2F87B

TerminalSessionId: 1

IntegrityLevel: Medium

Hashes: MD5=CDB58D0BCABE76AFC60428F364834463,SHA256=411AE446FE37B30C0727888C7FA5E88994A46DAFD41AA5B3B06C9E884549AFDE,IMPHASH=1085BD82B37A225F6D356012D2E69C3D

ParentProcessGuid: {f57bd86a-8f84-658c-2f02-000000000f00}

ParentProcessId: 11136

ParentImage: C:\Windows\System32\cmd.exe

ParentCommandLine: ""cmd.exe"" /c reg add HKEY_CURRENT_USER\SOFTWARE\Microsoft\Windows\CurrentVersion\PushNotifications /v ToastEnabled /t REG_DWORD /d 0 /f

ParentUser: WINDEV2309EVAL\User",Info,reg.exe,"""cmd.exe"" /c reg add HKEY_CURRENT_USER\SOFTWARE\Microsoft\Windows\CurrentVersion\PushNotifications /v ToastEnabled /t REG_DWORD /d 0 /f",C:\Windows\System32\cmd.exe,{f57bd86a-8f84-658c-2f02-000000000f00},11136,WINDEV2309EVAL\User,{f57bd86a-8f85-658c-3102-000000000f00},3588,748,Microsoft® Windows® Operating System,,,,"
      ",-,2023-12-27T20:56:37.0089156Z,,,Process Create (rule: ProcessCreate),1,5124,WINDEV2309EVAL\User,S-1-5-18,2023-12-27 20:56:37.008,5,"<Event xmlns=""http://schemas.microsoft.com/win/2004/08/events/event"">
    <System>
      <Provider Name=""Microsoft-Windows-Sysmon"" Guid=""{5770385f-c22a-43e0-bf4c-06f5698ffbd9}""/>
      <EventID>1</EventID>
      <Version>5</Version>
      <Level>4</Level>
      <Task>1</Task>
      <Opcode>0</Opcode>
      <Keywords>0x8000000000000000</Keywords>
      <TimeCreated SystemTime=""2023-12-27T20:56:37.0089156Z""/>
      <EventRecordID>19652</EventRecordID>
      <Correlation/>
      <Execution ProcessID=""3588"" ThreadID=""5124""/>
      <Channel>Microsoft-Windows-Sysmon/Operational</Channel>
      <Computer>WinDev2309Eval</Computer>
      <Security UserID=""S-1-5-18""/>
    </System>
    <EventData>
      <Data Name=""RuleName"">-</Data>
      <Data Name=""UtcTime"">2023-12-27 20:56:37.008</Data>
      <Data Name=""ProcessGuid"">{f57bd86a-8f85-658c-3102-000000000f00}</Data>
      <Data Name=""ProcessId"">748</Data>
      <Data Name=""Image"">C:\Windows\System32\reg.exe</Data>
      <Data Name=""FileVersion"">10.0.22621.1 (WinBuild.160101.0800)</Data>
      <Data Name=""Description"">Registry Console Tool</Data>
      <Data Name=""Product"">Microsoft&#174; Windows&#174; Operating System</Data>
      <Data Name=""Company"">Microsoft Corporation</Data>
      <Data Name=""OriginalFileName"">reg.exe</Data>
      <Data Name=""CommandLine"">reg  add HKEY_CURRENT_USER\SOFTWARE\Microsoft\Windows\CurrentVersion\PushNotifications /v ToastEnabled /t REG_DWORD /d 0 /f</Data>
      <Data Name=""CurrentDirectory"">C:\Users\User\AppData\Local\Temp\</Data>
      <Data Name=""User"">WINDEV2309EVAL\User</Data>
      <Data Name=""LogonGuid"">{f57bd86a-36f9-658c-7bf8-020000000000}</Data>
      <Data Name=""LogonId"">0x2f87b</Data>
      <Data Name=""TerminalSessionId"">1</Data>
      <Data Name=""IntegrityLevel"">Medium</Data>
      <Data Name=""Hashes"">MD5=CDB58D0BCABE76AFC60428F364834463,SHA256=411AE446FE37B30C0727888C7FA5E88994A46DAFD41AA5B3B06C9E884549AFDE,IMPHASH=1085BD82B37A225F6D356012D2E69C3D</Data>
      <Data Name=""ParentProcessGuid"">{f57bd86a-8f84-658c-2f02-000000000f00}</Data>
      <Data Name=""ParentProcessId"">11136</Data>
      <Data Name=""ParentImage"">C:\Windows\System32\cmd.exe</Data>
      <Data Name=""ParentCommandLine"">""cmd.exe"" /c reg add HKEY_CURRENT_USER\SOFTWARE\Microsoft\Windows\CurrentVersion\PushNotifications /v ToastEnabled /t REG_DWORD /d 0 /f</Data>
      <Data Name=""ParentUser"">WINDEV2309EVAL\User</Data>
    </EventData>
    <RenderingInfo Culture=""en-US"">
      <Message>Process Create:

RuleName: -

UtcTime: 2023-12-27 20:56:37.008

ProcessGuid: {f57bd86a-8f85-658c-3102-000000000f00}

ProcessId: 748

Image: C:\Windows\System32\reg.exe

FileVersion: 10.0.22621.1 (WinBuild.160101.0800)

Description: Registry Console Tool

Product: Microsoft&#174; Windows&#174; Operating System

Company: Microsoft Corporation

OriginalFileName: reg.exe

CommandLine: reg  add HKEY_CURRENT_USER\SOFTWARE\Microsoft\Windows\CurrentVersion\PushNotifications /v ToastEnabled /t REG_DWORD /d 0 /f

CurrentDirectory: C:\Users\User\AppData\Local\Temp\

User: WINDEV2309EVAL\User

LogonGuid: {f57bd86a-36f9-658c-7bf8-020000000000}

LogonId: 0x2F87B

TerminalSessionId: 1

IntegrityLevel: Medium

Hashes: MD5=CDB58D0BCABE76AFC60428F364834463,SHA256=411AE446FE37B30C0727888C7FA5E88994A46DAFD41AA5B3B06C9E884549AFDE,IMPHASH=1085BD82B37A225F6D356012D2E69C3D

ParentProcessGuid: {f57bd86a-8f84-658c-2f02-000000000f00}

ParentProcessId: 11136

ParentImage: C:\Windows\System32\cmd.exe

ParentCommandLine: ""cmd.exe"" /c reg add HKEY_CURRENT_USER\SOFTWARE\Microsoft\Windows\CurrentVersion\PushNotifications /v ToastEnabled /t REG_DWORD /d 0 /f

ParentUser: WINDEV2309EVAL\User</Message>
      <Level>Information</Level>
      <Task>Process Create (rule: ProcessCreate)</Task>
      <Opcode>Info</Opcode>
    </RenderingInfo>
  </Event>
  
"
Microsoft-Windows-Sysmon/Operational,"""cmd.exe"" /c reg add HKEY_CURRENT_USER\SOFTWARE\Microsoft\Windows\CurrentVersion\PushNotifications /v ToastEnabled /t REG_DWORD /d 0 /f",Microsoft Corporation,WinDev2309Eval,,C:\Users\User\AppData\Local\Temp\,Windows Command Processor,,1,19651,,10.0.22621.2506 (WinBuild.160101.0800),"MD5=133D568ECCB557E37BEA1459521CBAC2,SHA256=05A30592D2C3421C41121145C6EEFA7C81FEA6B42D6233A522240A8468326B9C,IMPHASH=D73E39DAB3C8B57AA408073D01254964",C:\Windows\System32\cmd.exe,Medium,0x8000000000000000,Information,{f57bd86a-36f9-658c-7bf8-020000000000},0x2f87b,"Process Create:

RuleName: -

UtcTime: 2023-12-27 20:56:36.972

ProcessGuid: {f57bd86a-8f84-658c-2f02-000000000f00}

ProcessId: 11136

Image: C:\Windows\System32\cmd.exe

FileVersion: 10.0.22621.2506 (WinBuild.160101.0800)

Description: Windows Command Processor

Product: Microsoft® Windows® Operating System

Company: Microsoft Corporation

OriginalFileName: Cmd.Exe

CommandLine: ""cmd.exe"" /c reg add HKEY_CURRENT_USER\SOFTWARE\Microsoft\Windows\CurrentVersion\PushNotifications /v ToastEnabled /t REG_DWORD /d 0 /f

CurrentDirectory: C:\Users\User\AppData\Local\Temp\

User: WINDEV2309EVAL\User

LogonGuid: {f57bd86a-36f9-658c-7bf8-020000000000}

LogonId: 0x2F87B

TerminalSessionId: 1

IntegrityLevel: Medium

Hashes: MD5=133D568ECCB557E37BEA1459521CBAC2,SHA256=05A30592D2C3421C41121145C6EEFA7C81FEA6B42D6233A522240A8468326B9C,IMPHASH=D73E39DAB3C8B57AA408073D01254964

ParentProcessGuid: {00000000-0000-0000-0000-000000000000}

ParentProcessId: 1688

ParentImage: -

ParentCommandLine: -

ParentUser: -",Info,Cmd.Exe,-,-,{00000000-0000-0000-0000-000000000000},1688,-,{f57bd86a-8f84-658c-2f02-000000000f00},3588,11136,Microsoft® Windows® Operating System,,,,"
      ",-,2023-12-27T20:56:36.9740100Z,,,Process Create (rule: ProcessCreate),1,5124,WINDEV2309EVAL\User,S-1-5-18,2023-12-27 20:56:36.972,5,"<Event xmlns=""http://schemas.microsoft.com/win/2004/08/events/event"">
    <System>
      <Provider Name=""Microsoft-Windows-Sysmon"" Guid=""{5770385f-c22a-43e0-bf4c-06f5698ffbd9}""/>
      <EventID>1</EventID>
      <Version>5</Version>
      <Level>4</Level>
      <Task>1</Task>
      <Opcode>0</Opcode>
      <Keywords>0x8000000000000000</Keywords>
      <TimeCreated SystemTime=""2023-12-27T20:56:36.9740100Z""/>
      <EventRecordID>19651</EventRecordID>
      <Correlation/>
      <Execution ProcessID=""3588"" ThreadID=""5124""/>
      <Channel>Microsoft-Windows-Sysmon/Operational</Channel>
      <Computer>WinDev2309Eval</Computer>
      <Security UserID=""S-1-5-18""/>
    </System>
    <EventData>
      <Data Name=""RuleName"">-</Data>
      <Data Name=""UtcTime"">2023-12-27 20:56:36.972</Data>
      <Data Name=""ProcessGuid"">{f57bd86a-8f84-658c-2f02-000000000f00}</Data>
      <Data Name=""ProcessId"">11136</Data>
      <Data Name=""Image"">C:\Windows\System32\cmd.exe</Data>
      <Data Name=""FileVersion"">10.0.22621.2506 (WinBuild.160101.0800)</Data>
      <Data Name=""Description"">Windows Command Processor</Data>
      <Data Name=""Product"">Microsoft&#174; Windows&#174; Operating System</Data>
      <Data Name=""Company"">Microsoft Corporation</Data>
      <Data Name=""OriginalFileName"">Cmd.Exe</Data>
      <Data Name=""CommandLine"">""cmd.exe"" /c reg add HKEY_CURRENT_USER\SOFTWARE\Microsoft\Windows\CurrentVersion\PushNotifications /v ToastEnabled /t REG_DWORD /d 0 /f</Data>
      <Data Name=""CurrentDirectory"">C:\Users\User\AppData\Local\Temp\</Data>
      <Data Name=""User"">WINDEV2309EVAL\User</Data>
      <Data Name=""LogonGuid"">{f57bd86a-36f9-658c-7bf8-020000000000}</Data>
      <Data Name=""LogonId"">0x2f87b</Data>
      <Data Name=""TerminalSessionId"">1</Data>
      <Data Name=""IntegrityLevel"">Medium</Data>
      <Data Name=""Hashes"">MD5=133D568ECCB557E37BEA1459521CBAC2,SHA256=05A30592D2C3421C41121145C6EEFA7C81FEA6B42D6233A522240A8468326B9C,IMPHASH=D73E39DAB3C8B57AA408073D01254964</Data>
      <Data Name=""ParentProcessGuid"">{00000000-0000-0000-0000-000000000000}</Data>
      <Data Name=""ParentProcessId"">1688</Data>
      <Data Name=""ParentImage"">-</Data>
      <Data Name=""ParentCommandLine"">-</Data>
      <Data Name=""ParentUser"">-</Data>
    </EventData>
    <RenderingInfo Culture=""en-US"">
      <Message>Process Create:

RuleName: -

UtcTime: 2023-12-27 20:56:36.972

ProcessGuid: {f57bd86a-8f84-658c-2f02-000000000f00}

ProcessId: 11136

Image: C:\Windows\System32\cmd.exe

FileVersion: 10.0.22621.2506 (WinBuild.160101.0800)

Description: Windows Command Processor

Product: Microsoft&#174; Windows&#174; Operating System

Company: Microsoft Corporation

OriginalFileName: Cmd.Exe

CommandLine: ""cmd.exe"" /c reg add HKEY_CURRENT_USER\SOFTWARE\Microsoft\Windows\CurrentVersion\PushNotifications /v ToastEnabled /t REG_DWORD /d 0 /f

CurrentDirectory: C:\Users\User\AppData\Local\Temp\

User: WINDEV2309EVAL\User

LogonGuid: {f57bd86a-36f9-658c-7bf8-020000000000}

LogonId: 0x2F87B

TerminalSessionId: 1

IntegrityLevel: Medium

Hashes: MD5=133D568ECCB557E37BEA1459521CBAC2,SHA256=05A30592D2C3421C41121145C6EEFA7C81FEA6B42D6233A522240A8468326B9C,IMPHASH=D73E39DAB3C8B57AA408073D01254964

ParentProcessGuid: {00000000-0000-0000-0000-000000000000}

ParentProcessId: 1688

ParentImage: -

ParentCommandLine: -

ParentUser: -</Message>
      <Level>Information</Level>
      <Task>Process Create (rule: ProcessCreate)</Task>
      <Opcode>Info</Opcode>
    </RenderingInfo>
  </Event>
  
"
