Microsoft-Windows-Sysmon/Operational,"REG  ADD ""HKLM\SYSTEM\CurrentControlSet\Control\SafeBoot\Network\AtomicSafeMode"" /VE /T REG_SZ /F /D ""Service""",Microsoft Corporation,WinDev2309Eval,,C:\Users\User\AppData\Local\Temp\,Registry Console Tool,,1,19650,,10.0.22621.1 (WinBuild.160101.0800),"MD5=CDB58D0BCABE76AFC60428F364834463,SHA256=411AE446FE37B30C0727888C7FA5E88994A46DAFD41AA5B3B06C9E884549AFDE,IMPHASH=1085BD82B37A225F6D356012D2E69C3D",C:\Windows\System32\reg.exe,Medium,0x8000000000000000,Information,{f57bd86a-36f9-658c-7bf8-020000000000},0x2f87b,"Process Create:

RuleName: -

UtcTime: 2023-12-27 20:56:36.775

ProcessGuid: {f57bd86a-8f84-658c-2e02-000000000f00}

ProcessId: 6780

Image: C:\Windows\System32\reg.exe

FileVersion: 10.0.22621.1 (WinBuild.160101.0800)

Description: Registry Console Tool

Product: Microsoft® Windows® Operating System

Company: Microsoft Corporation

OriginalFileName: reg.exe

CommandLine: REG  ADD ""HKLM\SYSTEM\CurrentControlSet\Control\SafeBoot\Network\AtomicSafeMode"" /VE /T REG_SZ /F /D ""Service""

CurrentDirectory: C:\Users\User\AppData\Local\Temp\

User: WINDEV2309EVAL\User

LogonGuid: {f57bd86a-36f9-658c-7bf8-020000000000}

LogonId: 0x2F87B

TerminalSessionId: 1

IntegrityLevel: Medium

Hashes: MD5=CDB58D0BCABE76AFC60428F364834463,SHA256=411AE446FE37B30C0727888C7FA5E88994A46DAFD41AA5B3B06C9E884549AFDE,IMPHASH=1085BD82B37A225F6D356012D2E69C3D

ParentProcessGuid: {f57bd86a-8f84-658c-2c02-000000000f00}

ParentProcessId: 7448

ParentImage: C:\Windows\System32\cmd.exe

ParentCommandLine: ""cmd.exe"" /c REG ADD ""HKLM\SYSTEM\CurrentControlSet\Control\SafeBoot\Network\AtomicSafeMode"" /VE /T REG_SZ /F /D ""Service""

ParentUser: WINDEV2309EVAL\User",Info,reg.exe,"""cmd.exe"" /c REG ADD ""HKLM\SYSTEM\CurrentControlSet\Control\SafeBoot\Network\AtomicSafeMode"" /VE /T REG_SZ /F /D ""Service""",C:\Windows\System32\cmd.exe,{f57bd86a-8f84-658c-2c02-000000000f00},7448,WINDEV2309EVAL\User,{f57bd86a-8f84-658c-2e02-000000000f00},3588,6780,Microsoft® Windows® Operating System,,,,"
      ",-,2023-12-27T20:56:36.7763241Z,,,Process Create (rule: ProcessCreate),1,5124,WINDEV2309EVAL\User,S-1-5-18,2023-12-27 20:56:36.775,5,"<Event xmlns=""http://schemas.microsoft.com/win/2004/08/events/event"">
    <System>
      <Provider Name=""Microsoft-Windows-Sysmon"" Guid=""{5770385f-c22a-43e0-bf4c-06f5698ffbd9}""/>
      <EventID>1</EventID>
      <Version>5</Version>
      <Level>4</Level>
      <Task>1</Task>
      <Opcode>0</Opcode>
      <Keywords>0x8000000000000000</Keywords>
      <TimeCreated SystemTime=""2023-12-27T20:56:36.7763241Z""/>
      <EventRecordID>19650</EventRecordID>
      <Correlation/>
      <Execution ProcessID=""3588"" ThreadID=""5124""/>
      <Channel>Microsoft-Windows-Sysmon/Operational</Channel>
      <Computer>WinDev2309Eval</Computer>
      <Security UserID=""S-1-5-18""/>
    </System>
    <EventData>
      <Data Name=""RuleName"">-</Data>
      <Data Name=""UtcTime"">2023-12-27 20:56:36.775</Data>
      <Data Name=""ProcessGuid"">{f57bd86a-8f84-658c-2e02-000000000f00}</Data>
      <Data Name=""ProcessId"">6780</Data>
      <Data Name=""Image"">C:\Windows\System32\reg.exe</Data>
      <Data Name=""FileVersion"">10.0.22621.1 (WinBuild.160101.0800)</Data>
      <Data Name=""Description"">Registry Console Tool</Data>
      <Data Name=""Product"">Microsoft&#174; Windows&#174; Operating System</Data>
      <Data Name=""Company"">Microsoft Corporation</Data>
      <Data Name=""OriginalFileName"">reg.exe</Data>
      <Data Name=""CommandLine"">REG  ADD ""HKLM\SYSTEM\CurrentControlSet\Control\SafeBoot\Network\AtomicSafeMode"" /VE /T REG_SZ /F /D ""Service""</Data>
      <Data Name=""CurrentDirectory"">C:\Users\User\AppData\Local\Temp\</Data>
      <Data Name=""User"">WINDEV2309EVAL\User</Data>
      <Data Name=""LogonGuid"">{f57bd86a-36f9-658c-7bf8-020000000000}</Data>
      <Data Name=""LogonId"">0x2f87b</Data>
      <Data Name=""TerminalSessionId"">1</Data>
      <Data Name=""IntegrityLevel"">Medium</Data>
      <Data Name=""Hashes"">MD5=CDB58D0BCABE76AFC60428F364834463,SHA256=411AE446FE37B30C0727888C7FA5E88994A46DAFD41AA5B3B06C9E884549AFDE,IMPHASH=1085BD82B37A225F6D356012D2E69C3D</Data>
      <Data Name=""ParentProcessGuid"">{f57bd86a-8f84-658c-2c02-000000000f00}</Data>
      <Data Name=""ParentProcessId"">7448</Data>
      <Data Name=""ParentImage"">C:\Windows\System32\cmd.exe</Data>
      <Data Name=""ParentCommandLine"">""cmd.exe"" /c REG ADD ""HKLM\SYSTEM\CurrentControlSet\Control\SafeBoot\Network\AtomicSafeMode"" /VE /T REG_SZ /F /D ""Service""</Data>
      <Data Name=""ParentUser"">WINDEV2309EVAL\User</Data>
    </EventData>
    <RenderingInfo Culture=""en-US"">
      <Message>Process Create:

RuleName: -

UtcTime: 2023-12-27 20:56:36.775

ProcessGuid: {f57bd86a-8f84-658c-2e02-000000000f00}

ProcessId: 6780

Image: C:\Windows\System32\reg.exe

FileVersion: 10.0.22621.1 (WinBuild.160101.0800)

Description: Registry Console Tool

Product: Microsoft&#174; Windows&#174; Operating System

Company: Microsoft Corporation

OriginalFileName: reg.exe

CommandLine: REG  ADD ""HKLM\SYSTEM\CurrentControlSet\Control\SafeBoot\Network\AtomicSafeMode"" /VE /T REG_SZ /F /D ""Service""

CurrentDirectory: C:\Users\User\AppData\Local\Temp\

User: WINDEV2309EVAL\User

LogonGuid: {f57bd86a-36f9-658c-7bf8-020000000000}

LogonId: 0x2F87B

TerminalSessionId: 1

IntegrityLevel: Medium

Hashes: MD5=CDB58D0BCABE76AFC60428F364834463,SHA256=411AE446FE37B30C0727888C7FA5E88994A46DAFD41AA5B3B06C9E884549AFDE,IMPHASH=1085BD82B37A225F6D356012D2E69C3D

ParentProcessGuid: {f57bd86a-8f84-658c-2c02-000000000f00}

ParentProcessId: 7448

ParentImage: C:\Windows\System32\cmd.exe

ParentCommandLine: ""cmd.exe"" /c REG ADD ""HKLM\SYSTEM\CurrentControlSet\Control\SafeBoot\Network\AtomicSafeMode"" /VE /T REG_SZ /F /D ""Service""

ParentUser: WINDEV2309EVAL\User</Message>
      <Level>Information</Level>
      <Task>Process Create (rule: ProcessCreate)</Task>
      <Opcode>Info</Opcode>
    </RenderingInfo>
  </Event>
  
"
Microsoft-Windows-Sysmon/Operational,"""cmd.exe"" /c REG ADD ""HKLM\SYSTEM\CurrentControlSet\Control\SafeBoot\Network\AtomicSafeMode"" /VE /T REG_SZ /F /D ""Service""",Microsoft Corporation,WinDev2309Eval,,C:\Users\User\AppData\Local\Temp\,Windows Command Processor,,1,19649,,10.0.22621.2506 (WinBuild.160101.0800),"MD5=133D568ECCB557E37BEA1459521CBAC2,SHA256=05A30592D2C3421C41121145C6EEFA7C81FEA6B42D6233A522240A8468326B9C,IMPHASH=D73E39DAB3C8B57AA408073D01254964",C:\Windows\System32\cmd.exe,Medium,0x8000000000000000,Information,{f57bd86a-36f9-658c-7bf8-020000000000},0x2f87b,"Process Create:

RuleName: -

UtcTime: 2023-12-27 20:56:36.745

ProcessGuid: {f57bd86a-8f84-658c-2c02-000000000f00}

ProcessId: 7448

Image: C:\Windows\System32\cmd.exe

FileVersion: 10.0.22621.2506 (WinBuild.160101.0800)

Description: Windows Command Processor

Product: Microsoft® Windows® Operating System

Company: Microsoft Corporation

OriginalFileName: Cmd.Exe

CommandLine: ""cmd.exe"" /c REG ADD ""HKLM\SYSTEM\CurrentControlSet\Control\SafeBoot\Network\AtomicSafeMode"" /VE /T REG_SZ /F /D ""Service""

CurrentDirectory: C:\Users\User\AppData\Local\Temp\

User: WINDEV2309EVAL\User

LogonGuid: {f57bd86a-36f9-658c-7bf8-020000000000}

LogonId: 0x2F87B

TerminalSessionId: 1

IntegrityLevel: Medium

Hashes: MD5=133D568ECCB557E37BEA1459521CBAC2,SHA256=05A30592D2C3421C41121145C6EEFA7C81FEA6B42D6233A522240A8468326B9C,IMPHASH=D73E39DAB3C8B57AA408073D01254964

ParentProcessGuid: {00000000-0000-0000-0000-000000000000}

ParentProcessId: 1688

ParentImage: -

ParentCommandLine: -

ParentUser: -",Info,Cmd.Exe,-,-,{00000000-0000-0000-0000-000000000000},1688,-,{f57bd86a-8f84-658c-2c02-000000000f00},3588,7448,Microsoft® Windows® Operating System,,,,"
      ",-,2023-12-27T20:56:36.7467693Z,,,Process Create (rule: ProcessCreate),1,5124,WINDEV2309EVAL\User,S-1-5-18,2023-12-27 20:56:36.745,5,"<Event xmlns=""http://schemas.microsoft.com/win/2004/08/events/event"">
    <System>
      <Provider Name=""Microsoft-Windows-Sysmon"" Guid=""{5770385f-c22a-43e0-bf4c-06f5698ffbd9}""/>
      <EventID>1</EventID>
      <Version>5</Version>
      <Level>4</Level>
      <Task>1</Task>
      <Opcode>0</Opcode>
      <Keywords>0x8000000000000000</Keywords>
      <TimeCreated SystemTime=""2023-12-27T20:56:36.7467693Z""/>
      <EventRecordID>19649</EventRecordID>
      <Correlation/>
      <Execution ProcessID=""3588"" ThreadID=""5124""/>
      <Channel>Microsoft-Windows-Sysmon/Operational</Channel>
      <Computer>WinDev2309Eval</Computer>
      <Security UserID=""S-1-5-18""/>
    </System>
    <EventData>
      <Data Name=""RuleName"">-</Data>
      <Data Name=""UtcTime"">2023-12-27 20:56:36.745</Data>
      <Data Name=""ProcessGuid"">{f57bd86a-8f84-658c-2c02-000000000f00}</Data>
      <Data Name=""ProcessId"">7448</Data>
      <Data Name=""Image"">C:\Windows\System32\cmd.exe</Data>
      <Data Name=""FileVersion"">10.0.22621.2506 (WinBuild.160101.0800)</Data>
      <Data Name=""Description"">Windows Command Processor</Data>
      <Data Name=""Product"">Microsoft&#174; Windows&#174; Operating System</Data>
      <Data Name=""Company"">Microsoft Corporation</Data>
      <Data Name=""OriginalFileName"">Cmd.Exe</Data>
      <Data Name=""CommandLine"">""cmd.exe"" /c REG ADD ""HKLM\SYSTEM\CurrentControlSet\Control\SafeBoot\Network\AtomicSafeMode"" /VE /T REG_SZ /F /D ""Service""</Data>
      <Data Name=""CurrentDirectory"">C:\Users\User\AppData\Local\Temp\</Data>
      <Data Name=""User"">WINDEV2309EVAL\User</Data>
      <Data Name=""LogonGuid"">{f57bd86a-36f9-658c-7bf8-020000000000}</Data>
      <Data Name=""LogonId"">0x2f87b</Data>
      <Data Name=""TerminalSessionId"">1</Data>
      <Data Name=""IntegrityLevel"">Medium</Data>
      <Data Name=""Hashes"">MD5=133D568ECCB557E37BEA1459521CBAC2,SHA256=05A30592D2C3421C41121145C6EEFA7C81FEA6B42D6233A522240A8468326B9C,IMPHASH=D73E39DAB3C8B57AA408073D01254964</Data>
      <Data Name=""ParentProcessGuid"">{00000000-0000-0000-0000-000000000000}</Data>
      <Data Name=""ParentProcessId"">1688</Data>
      <Data Name=""ParentImage"">-</Data>
      <Data Name=""ParentCommandLine"">-</Data>
      <Data Name=""ParentUser"">-</Data>
    </EventData>
    <RenderingInfo Culture=""en-US"">
      <Message>Process Create:

RuleName: -

UtcTime: 2023-12-27 20:56:36.745

ProcessGuid: {f57bd86a-8f84-658c-2c02-000000000f00}

ProcessId: 7448

Image: C:\Windows\System32\cmd.exe

FileVersion: 10.0.22621.2506 (WinBuild.160101.0800)

Description: Windows Command Processor

Product: Microsoft&#174; Windows&#174; Operating System

Company: Microsoft Corporation

OriginalFileName: Cmd.Exe

CommandLine: ""cmd.exe"" /c REG ADD ""HKLM\SYSTEM\CurrentControlSet\Control\SafeBoot\Network\AtomicSafeMode"" /VE /T REG_SZ /F /D ""Service""

CurrentDirectory: C:\Users\User\AppData\Local\Temp\

User: WINDEV2309EVAL\User

LogonGuid: {f57bd86a-36f9-658c-7bf8-020000000000}

LogonId: 0x2F87B

TerminalSessionId: 1

IntegrityLevel: Medium

Hashes: MD5=133D568ECCB557E37BEA1459521CBAC2,SHA256=05A30592D2C3421C41121145C6EEFA7C81FEA6B42D6233A522240A8468326B9C,IMPHASH=D73E39DAB3C8B57AA408073D01254964

ParentProcessGuid: {00000000-0000-0000-0000-000000000000}

ParentProcessId: 1688

ParentImage: -

ParentCommandLine: -

ParentUser: -</Message>
      <Level>Information</Level>
      <Task>Process Create (rule: ProcessCreate)</Task>
      <Opcode>Info</Opcode>
    </RenderingInfo>
  </Event>
  
"
Microsoft-Windows-Sysmon/Operational,"REG  ADD ""HKLM\SYSTEM\CurrentControlSet\Control\SafeBoot\Minimal\AtomicSafeMode"" /VE /T REG_SZ /F /D ""Service""",Microsoft Corporation,WinDev2309Eval,,C:\Users\User\AppData\Local\Temp\,Registry Console Tool,,1,19648,,10.0.22621.1 (WinBuild.160101.0800),"MD5=CDB58D0BCABE76AFC60428F364834463,SHA256=411AE446FE37B30C0727888C7FA5E88994A46DAFD41AA5B3B06C9E884549AFDE,IMPHASH=1085BD82B37A225F6D356012D2E69C3D",C:\Windows\System32\reg.exe,Medium,0x8000000000000000,Information,{f57bd86a-36f9-658c-7bf8-020000000000},0x2f87b,"Process Create:

RuleName: -

UtcTime: 2023-12-27 20:56:36.546

ProcessGuid: {f57bd86a-8f84-658c-2b02-000000000f00}

ProcessId: 2948

Image: C:\Windows\System32\reg.exe

FileVersion: 10.0.22621.1 (WinBuild.160101.0800)

Description: Registry Console Tool

Product: Microsoft® Windows® Operating System

Company: Microsoft Corporation

OriginalFileName: reg.exe

CommandLine: REG  ADD ""HKLM\SYSTEM\CurrentControlSet\Control\SafeBoot\Minimal\AtomicSafeMode"" /VE /T REG_SZ /F /D ""Service""

CurrentDirectory: C:\Users\User\AppData\Local\Temp\

User: WINDEV2309EVAL\User

LogonGuid: {f57bd86a-36f9-658c-7bf8-020000000000}

LogonId: 0x2F87B

TerminalSessionId: 1

IntegrityLevel: Medium

Hashes: MD5=CDB58D0BCABE76AFC60428F364834463,SHA256=411AE446FE37B30C0727888C7FA5E88994A46DAFD41AA5B3B06C9E884549AFDE,IMPHASH=1085BD82B37A225F6D356012D2E69C3D

ParentProcessGuid: {f57bd86a-8f84-658c-2902-000000000f00}

ParentProcessId: 10536

ParentImage: C:\Windows\System32\cmd.exe

ParentCommandLine: ""cmd.exe"" /c REG ADD ""HKLM\SYSTEM\CurrentControlSet\Control\SafeBoot\Minimal\AtomicSafeMode"" /VE /T REG_SZ /F /D ""Service""

ParentUser: WINDEV2309EVAL\User",Info,reg.exe,"""cmd.exe"" /c REG ADD ""HKLM\SYSTEM\CurrentControlSet\Control\SafeBoot\Minimal\AtomicSafeMode"" /VE /T REG_SZ /F /D ""Service""",C:\Windows\System32\cmd.exe,{f57bd86a-8f84-658c-2902-000000000f00},10536,WINDEV2309EVAL\User,{f57bd86a-8f84-658c-2b02-000000000f00},3588,2948,Microsoft® Windows® Operating System,,,,"
      ",-,2023-12-27T20:56:36.5469047Z,,,Process Create (rule: ProcessCreate),1,5124,WINDEV2309EVAL\User,S-1-5-18,2023-12-27 20:56:36.546,5,"<Event xmlns=""http://schemas.microsoft.com/win/2004/08/events/event"">
    <System>
      <Provider Name=""Microsoft-Windows-Sysmon"" Guid=""{5770385f-c22a-43e0-bf4c-06f5698ffbd9}""/>
      <EventID>1</EventID>
      <Version>5</Version>
      <Level>4</Level>
      <Task>1</Task>
      <Opcode>0</Opcode>
      <Keywords>0x8000000000000000</Keywords>
      <TimeCreated SystemTime=""2023-12-27T20:56:36.5469047Z""/>
      <EventRecordID>19648</EventRecordID>
      <Correlation/>
      <Execution ProcessID=""3588"" ThreadID=""5124""/>
      <Channel>Microsoft-Windows-Sysmon/Operational</Channel>
      <Computer>WinDev2309Eval</Computer>
      <Security UserID=""S-1-5-18""/>
    </System>
    <EventData>
      <Data Name=""RuleName"">-</Data>
      <Data Name=""UtcTime"">2023-12-27 20:56:36.546</Data>
      <Data Name=""ProcessGuid"">{f57bd86a-8f84-658c-2b02-000000000f00}</Data>
      <Data Name=""ProcessId"">2948</Data>
      <Data Name=""Image"">C:\Windows\System32\reg.exe</Data>
      <Data Name=""FileVersion"">10.0.22621.1 (WinBuild.160101.0800)</Data>
      <Data Name=""Description"">Registry Console Tool</Data>
      <Data Name=""Product"">Microsoft&#174; Windows&#174; Operating System</Data>
      <Data Name=""Company"">Microsoft Corporation</Data>
      <Data Name=""OriginalFileName"">reg.exe</Data>
      <Data Name=""CommandLine"">REG  ADD ""HKLM\SYSTEM\CurrentControlSet\Control\SafeBoot\Minimal\AtomicSafeMode"" /VE /T REG_SZ /F /D ""Service""</Data>
      <Data Name=""CurrentDirectory"">C:\Users\User\AppData\Local\Temp\</Data>
      <Data Name=""User"">WINDEV2309EVAL\User</Data>
      <Data Name=""LogonGuid"">{f57bd86a-36f9-658c-7bf8-020000000000}</Data>
      <Data Name=""LogonId"">0x2f87b</Data>
      <Data Name=""TerminalSessionId"">1</Data>
      <Data Name=""IntegrityLevel"">Medium</Data>
      <Data Name=""Hashes"">MD5=CDB58D0BCABE76AFC60428F364834463,SHA256=411AE446FE37B30C0727888C7FA5E88994A46DAFD41AA5B3B06C9E884549AFDE,IMPHASH=1085BD82B37A225F6D356012D2E69C3D</Data>
      <Data Name=""ParentProcessGuid"">{f57bd86a-8f84-658c-2902-000000000f00}</Data>
      <Data Name=""ParentProcessId"">10536</Data>
      <Data Name=""ParentImage"">C:\Windows\System32\cmd.exe</Data>
      <Data Name=""ParentCommandLine"">""cmd.exe"" /c REG ADD ""HKLM\SYSTEM\CurrentControlSet\Control\SafeBoot\Minimal\AtomicSafeMode"" /VE /T REG_SZ /F /D ""Service""</Data>
      <Data Name=""ParentUser"">WINDEV2309EVAL\User</Data>
    </EventData>
    <RenderingInfo Culture=""en-US"">
      <Message>Process Create:

RuleName: -

UtcTime: 2023-12-27 20:56:36.546

ProcessGuid: {f57bd86a-8f84-658c-2b02-000000000f00}

ProcessId: 2948

Image: C:\Windows\System32\reg.exe

FileVersion: 10.0.22621.1 (WinBuild.160101.0800)

Description: Registry Console Tool

Product: Microsoft&#174; Windows&#174; Operating System

Company: Microsoft Corporation

OriginalFileName: reg.exe

CommandLine: REG  ADD ""HKLM\SYSTEM\CurrentControlSet\Control\SafeBoot\Minimal\AtomicSafeMode"" /VE /T REG_SZ /F /D ""Service""

CurrentDirectory: C:\Users\User\AppData\Local\Temp\

User: WINDEV2309EVAL\User

LogonGuid: {f57bd86a-36f9-658c-7bf8-020000000000}

LogonId: 0x2F87B

TerminalSessionId: 1

IntegrityLevel: Medium

Hashes: MD5=CDB58D0BCABE76AFC60428F364834463,SHA256=411AE446FE37B30C0727888C7FA5E88994A46DAFD41AA5B3B06C9E884549AFDE,IMPHASH=1085BD82B37A225F6D356012D2E69C3D

ParentProcessGuid: {f57bd86a-8f84-658c-2902-000000000f00}

ParentProcessId: 10536

ParentImage: C:\Windows\System32\cmd.exe

ParentCommandLine: ""cmd.exe"" /c REG ADD ""HKLM\SYSTEM\CurrentControlSet\Control\SafeBoot\Minimal\AtomicSafeMode"" /VE /T REG_SZ /F /D ""Service""

ParentUser: WINDEV2309EVAL\User</Message>
      <Level>Information</Level>
      <Task>Process Create (rule: ProcessCreate)</Task>
      <Opcode>Info</Opcode>
    </RenderingInfo>
  </Event>
  
"
Microsoft-Windows-Sysmon/Operational,"""cmd.exe"" /c REG ADD ""HKLM\SYSTEM\CurrentControlSet\Control\SafeBoot\Minimal\AtomicSafeMode"" /VE /T REG_SZ /F /D ""Service""",Microsoft Corporation,WinDev2309Eval,,C:\Users\User\AppData\Local\Temp\,Windows Command Processor,,1,19647,,10.0.22621.2506 (WinBuild.160101.0800),"MD5=133D568ECCB557E37BEA1459521CBAC2,SHA256=05A30592D2C3421C41121145C6EEFA7C81FEA6B42D6233A522240A8468326B9C,IMPHASH=D73E39DAB3C8B57AA408073D01254964",C:\Windows\System32\cmd.exe,Medium,0x8000000000000000,Information,{f57bd86a-36f9-658c-7bf8-020000000000},0x2f87b,"Process Create:

RuleName: -

UtcTime: 2023-12-27 20:56:36.518

ProcessGuid: {f57bd86a-8f84-658c-2902-000000000f00}

ProcessId: 10536

Image: C:\Windows\System32\cmd.exe

FileVersion: 10.0.22621.2506 (WinBuild.160101.0800)

Description: Windows Command Processor

Product: Microsoft® Windows® Operating System

Company: Microsoft Corporation

OriginalFileName: Cmd.Exe

CommandLine: ""cmd.exe"" /c REG ADD ""HKLM\SYSTEM\CurrentControlSet\Control\SafeBoot\Minimal\AtomicSafeMode"" /VE /T REG_SZ /F /D ""Service""

CurrentDirectory: C:\Users\User\AppData\Local\Temp\

User: WINDEV2309EVAL\User

LogonGuid: {f57bd86a-36f9-658c-7bf8-020000000000}

LogonId: 0x2F87B

TerminalSessionId: 1

IntegrityLevel: Medium

Hashes: MD5=133D568ECCB557E37BEA1459521CBAC2,SHA256=05A30592D2C3421C41121145C6EEFA7C81FEA6B42D6233A522240A8468326B9C,IMPHASH=D73E39DAB3C8B57AA408073D01254964

ParentProcessGuid: {00000000-0000-0000-0000-000000000000}

ParentProcessId: 1688

ParentImage: -

ParentCommandLine: -

ParentUser: -",Info,Cmd.Exe,-,-,{00000000-0000-0000-0000-000000000000},1688,-,{f57bd86a-8f84-658c-2902-000000000f00},3588,10536,Microsoft® Windows® Operating System,,,,"
      ",-,2023-12-27T20:56:36.5204480Z,,,Process Create (rule: ProcessCreate),1,5124,WINDEV2309EVAL\User,S-1-5-18,2023-12-27 20:56:36.518,5,"<Event xmlns=""http://schemas.microsoft.com/win/2004/08/events/event"">
    <System>
      <Provider Name=""Microsoft-Windows-Sysmon"" Guid=""{5770385f-c22a-43e0-bf4c-06f5698ffbd9}""/>
      <EventID>1</EventID>
      <Version>5</Version>
      <Level>4</Level>
      <Task>1</Task>
      <Opcode>0</Opcode>
      <Keywords>0x8000000000000000</Keywords>
      <TimeCreated SystemTime=""2023-12-27T20:56:36.5204480Z""/>
      <EventRecordID>19647</EventRecordID>
      <Correlation/>
      <Execution ProcessID=""3588"" ThreadID=""5124""/>
      <Channel>Microsoft-Windows-Sysmon/Operational</Channel>
      <Computer>WinDev2309Eval</Computer>
      <Security UserID=""S-1-5-18""/>
    </System>
    <EventData>
      <Data Name=""RuleName"">-</Data>
      <Data Name=""UtcTime"">2023-12-27 20:56:36.518</Data>
      <Data Name=""ProcessGuid"">{f57bd86a-8f84-658c-2902-000000000f00}</Data>
      <Data Name=""ProcessId"">10536</Data>
      <Data Name=""Image"">C:\Windows\System32\cmd.exe</Data>
      <Data Name=""FileVersion"">10.0.22621.2506 (WinBuild.160101.0800)</Data>
      <Data Name=""Description"">Windows Command Processor</Data>
      <Data Name=""Product"">Microsoft&#174; Windows&#174; Operating System</Data>
      <Data Name=""Company"">Microsoft Corporation</Data>
      <Data Name=""OriginalFileName"">Cmd.Exe</Data>
      <Data Name=""CommandLine"">""cmd.exe"" /c REG ADD ""HKLM\SYSTEM\CurrentControlSet\Control\SafeBoot\Minimal\AtomicSafeMode"" /VE /T REG_SZ /F /D ""Service""</Data>
      <Data Name=""CurrentDirectory"">C:\Users\User\AppData\Local\Temp\</Data>
      <Data Name=""User"">WINDEV2309EVAL\User</Data>
      <Data Name=""LogonGuid"">{f57bd86a-36f9-658c-7bf8-020000000000}</Data>
      <Data Name=""LogonId"">0x2f87b</Data>
      <Data Name=""TerminalSessionId"">1</Data>
      <Data Name=""IntegrityLevel"">Medium</Data>
      <Data Name=""Hashes"">MD5=133D568ECCB557E37BEA1459521CBAC2,SHA256=05A30592D2C3421C41121145C6EEFA7C81FEA6B42D6233A522240A8468326B9C,IMPHASH=D73E39DAB3C8B57AA408073D01254964</Data>
      <Data Name=""ParentProcessGuid"">{00000000-0000-0000-0000-000000000000}</Data>
      <Data Name=""ParentProcessId"">1688</Data>
      <Data Name=""ParentImage"">-</Data>
      <Data Name=""ParentCommandLine"">-</Data>
      <Data Name=""ParentUser"">-</Data>
    </EventData>
    <RenderingInfo Culture=""en-US"">
      <Message>Process Create:

RuleName: -

UtcTime: 2023-12-27 20:56:36.518

ProcessGuid: {f57bd86a-8f84-658c-2902-000000000f00}

ProcessId: 10536

Image: C:\Windows\System32\cmd.exe

FileVersion: 10.0.22621.2506 (WinBuild.160101.0800)

Description: Windows Command Processor

Product: Microsoft&#174; Windows&#174; Operating System

Company: Microsoft Corporation

OriginalFileName: Cmd.Exe

CommandLine: ""cmd.exe"" /c REG ADD ""HKLM\SYSTEM\CurrentControlSet\Control\SafeBoot\Minimal\AtomicSafeMode"" /VE /T REG_SZ /F /D ""Service""

CurrentDirectory: C:\Users\User\AppData\Local\Temp\

User: WINDEV2309EVAL\User

LogonGuid: {f57bd86a-36f9-658c-7bf8-020000000000}

LogonId: 0x2F87B

TerminalSessionId: 1

IntegrityLevel: Medium

Hashes: MD5=133D568ECCB557E37BEA1459521CBAC2,SHA256=05A30592D2C3421C41121145C6EEFA7C81FEA6B42D6233A522240A8468326B9C,IMPHASH=D73E39DAB3C8B57AA408073D01254964

ParentProcessGuid: {00000000-0000-0000-0000-000000000000}

ParentProcessId: 1688

ParentImage: -

ParentCommandLine: -

ParentUser: -</Message>
      <Level>Information</Level>
      <Task>Process Create (rule: ProcessCreate)</Task>
      <Opcode>Info</Opcode>
    </RenderingInfo>
  </Event>
  
"
Microsoft-Windows-Sysmon/Operational,reg   add HKCU\Software\Policies\Microsoft\Windows\PowerShell /v EnableScripts /t REG_DWORD /d 0 /f ,Microsoft Corporation,WinDev2309Eval,,C:\Users\User\AppData\Local\Temp\,Registry Console Tool,,1,19646,,10.0.22621.1 (WinBuild.160101.0800),"MD5=CDB58D0BCABE76AFC60428F364834463,SHA256=411AE446FE37B30C0727888C7FA5E88994A46DAFD41AA5B3B06C9E884549AFDE,IMPHASH=1085BD82B37A225F6D356012D2E69C3D",C:\Windows\System32\reg.exe,Medium,0x8000000000000000,Information,{f57bd86a-36f9-658c-7bf8-020000000000},0x2f87b,"Process Create:

RuleName: -

UtcTime: 2023-12-27 20:56:36.307

ProcessGuid: {f57bd86a-8f84-658c-2802-000000000f00}

ProcessId: 4256

Image: C:\Windows\System32\reg.exe

FileVersion: 10.0.22621.1 (WinBuild.160101.0800)

Description: Registry Console Tool

Product: Microsoft® Windows® Operating System

Company: Microsoft Corporation

OriginalFileName: reg.exe

CommandLine: reg   add HKCU\Software\Policies\Microsoft\Windows\PowerShell /v EnableScripts /t REG_DWORD /d 0 /f 

CurrentDirectory: C:\Users\User\AppData\Local\Temp\

User: WINDEV2309EVAL\User

LogonGuid: {f57bd86a-36f9-658c-7bf8-020000000000}

LogonId: 0x2F87B

TerminalSessionId: 1

IntegrityLevel: Medium

Hashes: MD5=CDB58D0BCABE76AFC60428F364834463,SHA256=411AE446FE37B30C0727888C7FA5E88994A46DAFD41AA5B3B06C9E884549AFDE,IMPHASH=1085BD82B37A225F6D356012D2E69C3D

ParentProcessGuid: {f57bd86a-8f84-658c-2302-000000000f00}

ParentProcessId: 5216

ParentImage: C:\Windows\System32\cmd.exe

ParentCommandLine: ""cmd.exe"" /c reg  add HKCU\Software\Policies\Microsoft\Windows\PowerShell\ModuleLogging /v EnableModuleLogging /t REG_DWORD /d 0 /f & reg  add HKCU\Software\Policies\Microsoft\Windows\PowerShell\ScriptBlockLogging /v EnableScriptBlockLogging /t REG_DWORD /d 0 /f & reg  add HKCU\Software\Policies\Microsoft\Windows\PowerShell\Transcription /v EnableTranscripting /t REG_DWORD /d 0 /f & reg  add HKCU\Software\Policies\Microsoft\Windows\PowerShell /v EnableScripts /t REG_DWORD /d 0 /f & REM do a little cleanup immediately to avoid execution issues with later tests & reg delete HKCU\Software\Policies\Microsoft\Windows\PowerShell /v EnableScripts /f >nul 2>&1

ParentUser: WINDEV2309EVAL\User",Info,reg.exe,"""cmd.exe"" /c reg  add HKCU\Software\Policies\Microsoft\Windows\PowerShell\ModuleLogging /v EnableModuleLogging /t REG_DWORD /d 0 /f & reg  add HKCU\Software\Policies\Microsoft\Windows\PowerShell\ScriptBlockLogging /v EnableScriptBlockLogging /t REG_DWORD /d 0 /f & reg  add HKCU\Software\Policies\Microsoft\Windows\PowerShell\Transcription /v EnableTranscripting /t REG_DWORD /d 0 /f & reg  add HKCU\Software\Policies\Microsoft\Windows\PowerShell /v EnableScripts /t REG_DWORD /d 0 /f & REM do a little cleanup immediately to avoid execution issues with later tests & reg delete HKCU\Software\Policies\Microsoft\Windows\PowerShell /v EnableScripts /f >nul 2>&1",C:\Windows\System32\cmd.exe,{f57bd86a-8f84-658c-2302-000000000f00},5216,WINDEV2309EVAL\User,{f57bd86a-8f84-658c-2802-000000000f00},3588,4256,Microsoft® Windows® Operating System,,,,"
      ",-,2023-12-27T20:56:36.3086726Z,,,Process Create (rule: ProcessCreate),1,5124,WINDEV2309EVAL\User,S-1-5-18,2023-12-27 20:56:36.307,5,"<Event xmlns=""http://schemas.microsoft.com/win/2004/08/events/event"">
    <System>
      <Provider Name=""Microsoft-Windows-Sysmon"" Guid=""{5770385f-c22a-43e0-bf4c-06f5698ffbd9}""/>
      <EventID>1</EventID>
      <Version>5</Version>
      <Level>4</Level>
      <Task>1</Task>
      <Opcode>0</Opcode>
      <Keywords>0x8000000000000000</Keywords>
      <TimeCreated SystemTime=""2023-12-27T20:56:36.3086726Z""/>
      <EventRecordID>19646</EventRecordID>
      <Correlation/>
      <Execution ProcessID=""3588"" ThreadID=""5124""/>
      <Channel>Microsoft-Windows-Sysmon/Operational</Channel>
      <Computer>WinDev2309Eval</Computer>
      <Security UserID=""S-1-5-18""/>
    </System>
    <EventData>
      <Data Name=""RuleName"">-</Data>
      <Data Name=""UtcTime"">2023-12-27 20:56:36.307</Data>
      <Data Name=""ProcessGuid"">{f57bd86a-8f84-658c-2802-000000000f00}</Data>
      <Data Name=""ProcessId"">4256</Data>
      <Data Name=""Image"">C:\Windows\System32\reg.exe</Data>
      <Data Name=""FileVersion"">10.0.22621.1 (WinBuild.160101.0800)</Data>
      <Data Name=""Description"">Registry Console Tool</Data>
      <Data Name=""Product"">Microsoft&#174; Windows&#174; Operating System</Data>
      <Data Name=""Company"">Microsoft Corporation</Data>
      <Data Name=""OriginalFileName"">reg.exe</Data>
      <Data Name=""CommandLine"">reg   add HKCU\Software\Policies\Microsoft\Windows\PowerShell /v EnableScripts /t REG_DWORD /d 0 /f </Data>
      <Data Name=""CurrentDirectory"">C:\Users\User\AppData\Local\Temp\</Data>
      <Data Name=""User"">WINDEV2309EVAL\User</Data>
      <Data Name=""LogonGuid"">{f57bd86a-36f9-658c-7bf8-020000000000}</Data>
      <Data Name=""LogonId"">0x2f87b</Data>
      <Data Name=""TerminalSessionId"">1</Data>
      <Data Name=""IntegrityLevel"">Medium</Data>
      <Data Name=""Hashes"">MD5=CDB58D0BCABE76AFC60428F364834463,SHA256=411AE446FE37B30C0727888C7FA5E88994A46DAFD41AA5B3B06C9E884549AFDE,IMPHASH=1085BD82B37A225F6D356012D2E69C3D</Data>
      <Data Name=""ParentProcessGuid"">{f57bd86a-8f84-658c-2302-000000000f00}</Data>
      <Data Name=""ParentProcessId"">5216</Data>
      <Data Name=""ParentImage"">C:\Windows\System32\cmd.exe</Data>
      <Data Name=""ParentCommandLine"">""cmd.exe"" /c reg  add HKCU\Software\Policies\Microsoft\Windows\PowerShell\ModuleLogging /v EnableModuleLogging /t REG_DWORD /d 0 /f &amp; reg  add HKCU\Software\Policies\Microsoft\Windows\PowerShell\ScriptBlockLogging /v EnableScriptBlockLogging /t REG_DWORD /d 0 /f &amp; reg  add HKCU\Software\Policies\Microsoft\Windows\PowerShell\Transcription /v EnableTranscripting /t REG_DWORD /d 0 /f &amp; reg  add HKCU\Software\Policies\Microsoft\Windows\PowerShell /v EnableScripts /t REG_DWORD /d 0 /f &amp; REM do a little cleanup immediately to avoid execution issues with later tests &amp; reg delete HKCU\Software\Policies\Microsoft\Windows\PowerShell /v EnableScripts /f &gt;nul 2&gt;&amp;1</Data>
      <Data Name=""ParentUser"">WINDEV2309EVAL\User</Data>
    </EventData>
    <RenderingInfo Culture=""en-US"">
      <Message>Process Create:

RuleName: -

UtcTime: 2023-12-27 20:56:36.307

ProcessGuid: {f57bd86a-8f84-658c-2802-000000000f00}

ProcessId: 4256

Image: C:\Windows\System32\reg.exe

FileVersion: 10.0.22621.1 (WinBuild.160101.0800)

Description: Registry Console Tool

Product: Microsoft&#174; Windows&#174; Operating System

Company: Microsoft Corporation

OriginalFileName: reg.exe

CommandLine: reg   add HKCU\Software\Policies\Microsoft\Windows\PowerShell /v EnableScripts /t REG_DWORD /d 0 /f 

CurrentDirectory: C:\Users\User\AppData\Local\Temp\

User: WINDEV2309EVAL\User

LogonGuid: {f57bd86a-36f9-658c-7bf8-020000000000}

LogonId: 0x2F87B

TerminalSessionId: 1

IntegrityLevel: Medium

Hashes: MD5=CDB58D0BCABE76AFC60428F364834463,SHA256=411AE446FE37B30C0727888C7FA5E88994A46DAFD41AA5B3B06C9E884549AFDE,IMPHASH=1085BD82B37A225F6D356012D2E69C3D

ParentProcessGuid: {f57bd86a-8f84-658c-2302-000000000f00}

ParentProcessId: 5216

ParentImage: C:\Windows\System32\cmd.exe

ParentCommandLine: ""cmd.exe"" /c reg  add HKCU\Software\Policies\Microsoft\Windows\PowerShell\ModuleLogging /v EnableModuleLogging /t REG_DWORD /d 0 /f &amp; reg  add HKCU\Software\Policies\Microsoft\Windows\PowerShell\ScriptBlockLogging /v EnableScriptBlockLogging /t REG_DWORD /d 0 /f &amp; reg  add HKCU\Software\Policies\Microsoft\Windows\PowerShell\Transcription /v EnableTranscripting /t REG_DWORD /d 0 /f &amp; reg  add HKCU\Software\Policies\Microsoft\Windows\PowerShell /v EnableScripts /t REG_DWORD /d 0 /f &amp; REM do a little cleanup immediately to avoid execution issues with later tests &amp; reg delete HKCU\Software\Policies\Microsoft\Windows\PowerShell /v EnableScripts /f &gt;nul 2&gt;&amp;1

ParentUser: WINDEV2309EVAL\User</Message>
      <Level>Information</Level>
      <Task>Process Create (rule: ProcessCreate)</Task>
      <Opcode>Info</Opcode>
    </RenderingInfo>
  </Event>
  
"
Microsoft-Windows-Sysmon/Operational,reg   add HKCU\Software\Policies\Microsoft\Windows\PowerShell\Transcription /v EnableTranscripting /t REG_DWORD /d 0 /f ,Microsoft Corporation,WinDev2309Eval,,C:\Users\User\AppData\Local\Temp\,Registry Console Tool,,1,19645,,10.0.22621.1 (WinBuild.160101.0800),"MD5=CDB58D0BCABE76AFC60428F364834463,SHA256=411AE446FE37B30C0727888C7FA5E88994A46DAFD41AA5B3B06C9E884549AFDE,IMPHASH=1085BD82B37A225F6D356012D2E69C3D",C:\Windows\System32\reg.exe,Medium,0x8000000000000000,Information,{f57bd86a-36f9-658c-7bf8-020000000000},0x2f87b,"Process Create:

RuleName: -

UtcTime: 2023-12-27 20:56:36.297

ProcessGuid: {f57bd86a-8f84-658c-2702-000000000f00}

ProcessId: 2660

Image: C:\Windows\System32\reg.exe

FileVersion: 10.0.22621.1 (WinBuild.160101.0800)

Description: Registry Console Tool

Product: Microsoft® Windows® Operating System

Company: Microsoft Corporation

OriginalFileName: reg.exe

CommandLine: reg   add HKCU\Software\Policies\Microsoft\Windows\PowerShell\Transcription /v EnableTranscripting /t REG_DWORD /d 0 /f 

CurrentDirectory: C:\Users\User\AppData\Local\Temp\

User: WINDEV2309EVAL\User

LogonGuid: {f57bd86a-36f9-658c-7bf8-020000000000}

LogonId: 0x2F87B

TerminalSessionId: 1

IntegrityLevel: Medium

Hashes: MD5=CDB58D0BCABE76AFC60428F364834463,SHA256=411AE446FE37B30C0727888C7FA5E88994A46DAFD41AA5B3B06C9E884549AFDE,IMPHASH=1085BD82B37A225F6D356012D2E69C3D

ParentProcessGuid: {f57bd86a-8f84-658c-2302-000000000f00}

ParentProcessId: 5216

ParentImage: C:\Windows\System32\cmd.exe

ParentCommandLine: ""cmd.exe"" /c reg  add HKCU\Software\Policies\Microsoft\Windows\PowerShell\ModuleLogging /v EnableModuleLogging /t REG_DWORD /d 0 /f & reg  add HKCU\Software\Policies\Microsoft\Windows\PowerShell\ScriptBlockLogging /v EnableScriptBlockLogging /t REG_DWORD /d 0 /f & reg  add HKCU\Software\Policies\Microsoft\Windows\PowerShell\Transcription /v EnableTranscripting /t REG_DWORD /d 0 /f & reg  add HKCU\Software\Policies\Microsoft\Windows\PowerShell /v EnableScripts /t REG_DWORD /d 0 /f & REM do a little cleanup immediately to avoid execution issues with later tests & reg delete HKCU\Software\Policies\Microsoft\Windows\PowerShell /v EnableScripts /f >nul 2>&1

ParentUser: WINDEV2309EVAL\User",Info,reg.exe,"""cmd.exe"" /c reg  add HKCU\Software\Policies\Microsoft\Windows\PowerShell\ModuleLogging /v EnableModuleLogging /t REG_DWORD /d 0 /f & reg  add HKCU\Software\Policies\Microsoft\Windows\PowerShell\ScriptBlockLogging /v EnableScriptBlockLogging /t REG_DWORD /d 0 /f & reg  add HKCU\Software\Policies\Microsoft\Windows\PowerShell\Transcription /v EnableTranscripting /t REG_DWORD /d 0 /f & reg  add HKCU\Software\Policies\Microsoft\Windows\PowerShell /v EnableScripts /t REG_DWORD /d 0 /f & REM do a little cleanup immediately to avoid execution issues with later tests & reg delete HKCU\Software\Policies\Microsoft\Windows\PowerShell /v EnableScripts /f >nul 2>&1",C:\Windows\System32\cmd.exe,{f57bd86a-8f84-658c-2302-000000000f00},5216,WINDEV2309EVAL\User,{f57bd86a-8f84-658c-2702-000000000f00},3588,2660,Microsoft® Windows® Operating System,,,,"
      ",-,2023-12-27T20:56:36.2978473Z,,,Process Create (rule: ProcessCreate),1,5124,WINDEV2309EVAL\User,S-1-5-18,2023-12-27 20:56:36.297,5,"<Event xmlns=""http://schemas.microsoft.com/win/2004/08/events/event"">
    <System>
      <Provider Name=""Microsoft-Windows-Sysmon"" Guid=""{5770385f-c22a-43e0-bf4c-06f5698ffbd9}""/>
      <EventID>1</EventID>
      <Version>5</Version>
      <Level>4</Level>
      <Task>1</Task>
      <Opcode>0</Opcode>
      <Keywords>0x8000000000000000</Keywords>
      <TimeCreated SystemTime=""2023-12-27T20:56:36.2978473Z""/>
      <EventRecordID>19645</EventRecordID>
      <Correlation/>
      <Execution ProcessID=""3588"" ThreadID=""5124""/>
      <Channel>Microsoft-Windows-Sysmon/Operational</Channel>
      <Computer>WinDev2309Eval</Computer>
      <Security UserID=""S-1-5-18""/>
    </System>
    <EventData>
      <Data Name=""RuleName"">-</Data>
      <Data Name=""UtcTime"">2023-12-27 20:56:36.297</Data>
      <Data Name=""ProcessGuid"">{f57bd86a-8f84-658c-2702-000000000f00}</Data>
      <Data Name=""ProcessId"">2660</Data>
      <Data Name=""Image"">C:\Windows\System32\reg.exe</Data>
      <Data Name=""FileVersion"">10.0.22621.1 (WinBuild.160101.0800)</Data>
      <Data Name=""Description"">Registry Console Tool</Data>
      <Data Name=""Product"">Microsoft&#174; Windows&#174; Operating System</Data>
      <Data Name=""Company"">Microsoft Corporation</Data>
      <Data Name=""OriginalFileName"">reg.exe</Data>
      <Data Name=""CommandLine"">reg   add HKCU\Software\Policies\Microsoft\Windows\PowerShell\Transcription /v EnableTranscripting /t REG_DWORD /d 0 /f </Data>
      <Data Name=""CurrentDirectory"">C:\Users\User\AppData\Local\Temp\</Data>
      <Data Name=""User"">WINDEV2309EVAL\User</Data>
      <Data Name=""LogonGuid"">{f57bd86a-36f9-658c-7bf8-020000000000}</Data>
      <Data Name=""LogonId"">0x2f87b</Data>
      <Data Name=""TerminalSessionId"">1</Data>
      <Data Name=""IntegrityLevel"">Medium</Data>
      <Data Name=""Hashes"">MD5=CDB58D0BCABE76AFC60428F364834463,SHA256=411AE446FE37B30C0727888C7FA5E88994A46DAFD41AA5B3B06C9E884549AFDE,IMPHASH=1085BD82B37A225F6D356012D2E69C3D</Data>
      <Data Name=""ParentProcessGuid"">{f57bd86a-8f84-658c-2302-000000000f00}</Data>
      <Data Name=""ParentProcessId"">5216</Data>
      <Data Name=""ParentImage"">C:\Windows\System32\cmd.exe</Data>
      <Data Name=""ParentCommandLine"">""cmd.exe"" /c reg  add HKCU\Software\Policies\Microsoft\Windows\PowerShell\ModuleLogging /v EnableModuleLogging /t REG_DWORD /d 0 /f &amp; reg  add HKCU\Software\Policies\Microsoft\Windows\PowerShell\ScriptBlockLogging /v EnableScriptBlockLogging /t REG_DWORD /d 0 /f &amp; reg  add HKCU\Software\Policies\Microsoft\Windows\PowerShell\Transcription /v EnableTranscripting /t REG_DWORD /d 0 /f &amp; reg  add HKCU\Software\Policies\Microsoft\Windows\PowerShell /v EnableScripts /t REG_DWORD /d 0 /f &amp; REM do a little cleanup immediately to avoid execution issues with later tests &amp; reg delete HKCU\Software\Policies\Microsoft\Windows\PowerShell /v EnableScripts /f &gt;nul 2&gt;&amp;1</Data>
      <Data Name=""ParentUser"">WINDEV2309EVAL\User</Data>
    </EventData>
    <RenderingInfo Culture=""en-US"">
      <Message>Process Create:

RuleName: -

UtcTime: 2023-12-27 20:56:36.297

ProcessGuid: {f57bd86a-8f84-658c-2702-000000000f00}

ProcessId: 2660

Image: C:\Windows\System32\reg.exe

FileVersion: 10.0.22621.1 (WinBuild.160101.0800)

Description: Registry Console Tool

Product: Microsoft&#174; Windows&#174; Operating System

Company: Microsoft Corporation

OriginalFileName: reg.exe

CommandLine: reg   add HKCU\Software\Policies\Microsoft\Windows\PowerShell\Transcription /v EnableTranscripting /t REG_DWORD /d 0 /f 

CurrentDirectory: C:\Users\User\AppData\Local\Temp\

User: WINDEV2309EVAL\User

LogonGuid: {f57bd86a-36f9-658c-7bf8-020000000000}

LogonId: 0x2F87B

TerminalSessionId: 1

IntegrityLevel: Medium

Hashes: MD5=CDB58D0BCABE76AFC60428F364834463,SHA256=411AE446FE37B30C0727888C7FA5E88994A46DAFD41AA5B3B06C9E884549AFDE,IMPHASH=1085BD82B37A225F6D356012D2E69C3D

ParentProcessGuid: {f57bd86a-8f84-658c-2302-000000000f00}

ParentProcessId: 5216

ParentImage: C:\Windows\System32\cmd.exe

ParentCommandLine: ""cmd.exe"" /c reg  add HKCU\Software\Policies\Microsoft\Windows\PowerShell\ModuleLogging /v EnableModuleLogging /t REG_DWORD /d 0 /f &amp; reg  add HKCU\Software\Policies\Microsoft\Windows\PowerShell\ScriptBlockLogging /v EnableScriptBlockLogging /t REG_DWORD /d 0 /f &amp; reg  add HKCU\Software\Policies\Microsoft\Windows\PowerShell\Transcription /v EnableTranscripting /t REG_DWORD /d 0 /f &amp; reg  add HKCU\Software\Policies\Microsoft\Windows\PowerShell /v EnableScripts /t REG_DWORD /d 0 /f &amp; REM do a little cleanup immediately to avoid execution issues with later tests &amp; reg delete HKCU\Software\Policies\Microsoft\Windows\PowerShell /v EnableScripts /f &gt;nul 2&gt;&amp;1

ParentUser: WINDEV2309EVAL\User</Message>
      <Level>Information</Level>
      <Task>Process Create (rule: ProcessCreate)</Task>
      <Opcode>Info</Opcode>
    </RenderingInfo>
  </Event>
  
"
Microsoft-Windows-Sysmon/Operational,reg   add HKCU\Software\Policies\Microsoft\Windows\PowerShell\ScriptBlockLogging /v EnableScriptBlockLogging /t REG_DWORD /d 0 /f ,Microsoft Corporation,WinDev2309Eval,,C:\Users\User\AppData\Local\Temp\,Registry Console Tool,,1,19644,,10.0.22621.1 (WinBuild.160101.0800),"MD5=CDB58D0BCABE76AFC60428F364834463,SHA256=411AE446FE37B30C0727888C7FA5E88994A46DAFD41AA5B3B06C9E884549AFDE,IMPHASH=1085BD82B37A225F6D356012D2E69C3D",C:\Windows\System32\reg.exe,Medium,0x8000000000000000,Information,{f57bd86a-36f9-658c-7bf8-020000000000},0x2f87b,"Process Create:

RuleName: -

UtcTime: 2023-12-27 20:56:36.287

ProcessGuid: {f57bd86a-8f84-658c-2602-000000000f00}

ProcessId: 10112

Image: C:\Windows\System32\reg.exe

FileVersion: 10.0.22621.1 (WinBuild.160101.0800)

Description: Registry Console Tool

Product: Microsoft® Windows® Operating System

Company: Microsoft Corporation

OriginalFileName: reg.exe

CommandLine: reg   add HKCU\Software\Policies\Microsoft\Windows\PowerShell\ScriptBlockLogging /v EnableScriptBlockLogging /t REG_DWORD /d 0 /f 

CurrentDirectory: C:\Users\User\AppData\Local\Temp\

User: WINDEV2309EVAL\User

LogonGuid: {f57bd86a-36f9-658c-7bf8-020000000000}

LogonId: 0x2F87B

TerminalSessionId: 1

IntegrityLevel: Medium

Hashes: MD5=CDB58D0BCABE76AFC60428F364834463,SHA256=411AE446FE37B30C0727888C7FA5E88994A46DAFD41AA5B3B06C9E884549AFDE,IMPHASH=1085BD82B37A225F6D356012D2E69C3D

ParentProcessGuid: {f57bd86a-8f84-658c-2302-000000000f00}

ParentProcessId: 5216

ParentImage: C:\Windows\System32\cmd.exe

ParentCommandLine: ""cmd.exe"" /c reg  add HKCU\Software\Policies\Microsoft\Windows\PowerShell\ModuleLogging /v EnableModuleLogging /t REG_DWORD /d 0 /f & reg  add HKCU\Software\Policies\Microsoft\Windows\PowerShell\ScriptBlockLogging /v EnableScriptBlockLogging /t REG_DWORD /d 0 /f & reg  add HKCU\Software\Policies\Microsoft\Windows\PowerShell\Transcription /v EnableTranscripting /t REG_DWORD /d 0 /f & reg  add HKCU\Software\Policies\Microsoft\Windows\PowerShell /v EnableScripts /t REG_DWORD /d 0 /f & REM do a little cleanup immediately to avoid execution issues with later tests & reg delete HKCU\Software\Policies\Microsoft\Windows\PowerShell /v EnableScripts /f >nul 2>&1

ParentUser: WINDEV2309EVAL\User",Info,reg.exe,"""cmd.exe"" /c reg  add HKCU\Software\Policies\Microsoft\Windows\PowerShell\ModuleLogging /v EnableModuleLogging /t REG_DWORD /d 0 /f & reg  add HKCU\Software\Policies\Microsoft\Windows\PowerShell\ScriptBlockLogging /v EnableScriptBlockLogging /t REG_DWORD /d 0 /f & reg  add HKCU\Software\Policies\Microsoft\Windows\PowerShell\Transcription /v EnableTranscripting /t REG_DWORD /d 0 /f & reg  add HKCU\Software\Policies\Microsoft\Windows\PowerShell /v EnableScripts /t REG_DWORD /d 0 /f & REM do a little cleanup immediately to avoid execution issues with later tests & reg delete HKCU\Software\Policies\Microsoft\Windows\PowerShell /v EnableScripts /f >nul 2>&1",C:\Windows\System32\cmd.exe,{f57bd86a-8f84-658c-2302-000000000f00},5216,WINDEV2309EVAL\User,{f57bd86a-8f84-658c-2602-000000000f00},3588,10112,Microsoft® Windows® Operating System,,,,"
      ",-,2023-12-27T20:56:36.2884784Z,,,Process Create (rule: ProcessCreate),1,5124,WINDEV2309EVAL\User,S-1-5-18,2023-12-27 20:56:36.287,5,"<Event xmlns=""http://schemas.microsoft.com/win/2004/08/events/event"">
    <System>
      <Provider Name=""Microsoft-Windows-Sysmon"" Guid=""{5770385f-c22a-43e0-bf4c-06f5698ffbd9}""/>
      <EventID>1</EventID>
      <Version>5</Version>
      <Level>4</Level>
      <Task>1</Task>
      <Opcode>0</Opcode>
      <Keywords>0x8000000000000000</Keywords>
      <TimeCreated SystemTime=""2023-12-27T20:56:36.2884784Z""/>
      <EventRecordID>19644</EventRecordID>
      <Correlation/>
      <Execution ProcessID=""3588"" ThreadID=""5124""/>
      <Channel>Microsoft-Windows-Sysmon/Operational</Channel>
      <Computer>WinDev2309Eval</Computer>
      <Security UserID=""S-1-5-18""/>
    </System>
    <EventData>
      <Data Name=""RuleName"">-</Data>
      <Data Name=""UtcTime"">2023-12-27 20:56:36.287</Data>
      <Data Name=""ProcessGuid"">{f57bd86a-8f84-658c-2602-000000000f00}</Data>
      <Data Name=""ProcessId"">10112</Data>
      <Data Name=""Image"">C:\Windows\System32\reg.exe</Data>
      <Data Name=""FileVersion"">10.0.22621.1 (WinBuild.160101.0800)</Data>
      <Data Name=""Description"">Registry Console Tool</Data>
      <Data Name=""Product"">Microsoft&#174; Windows&#174; Operating System</Data>
      <Data Name=""Company"">Microsoft Corporation</Data>
      <Data Name=""OriginalFileName"">reg.exe</Data>
      <Data Name=""CommandLine"">reg   add HKCU\Software\Policies\Microsoft\Windows\PowerShell\ScriptBlockLogging /v EnableScriptBlockLogging /t REG_DWORD /d 0 /f </Data>
      <Data Name=""CurrentDirectory"">C:\Users\User\AppData\Local\Temp\</Data>
      <Data Name=""User"">WINDEV2309EVAL\User</Data>
      <Data Name=""LogonGuid"">{f57bd86a-36f9-658c-7bf8-020000000000}</Data>
      <Data Name=""LogonId"">0x2f87b</Data>
      <Data Name=""TerminalSessionId"">1</Data>
      <Data Name=""IntegrityLevel"">Medium</Data>
      <Data Name=""Hashes"">MD5=CDB58D0BCABE76AFC60428F364834463,SHA256=411AE446FE37B30C0727888C7FA5E88994A46DAFD41AA5B3B06C9E884549AFDE,IMPHASH=1085BD82B37A225F6D356012D2E69C3D</Data>
      <Data Name=""ParentProcessGuid"">{f57bd86a-8f84-658c-2302-000000000f00}</Data>
      <Data Name=""ParentProcessId"">5216</Data>
      <Data Name=""ParentImage"">C:\Windows\System32\cmd.exe</Data>
      <Data Name=""ParentCommandLine"">""cmd.exe"" /c reg  add HKCU\Software\Policies\Microsoft\Windows\PowerShell\ModuleLogging /v EnableModuleLogging /t REG_DWORD /d 0 /f &amp; reg  add HKCU\Software\Policies\Microsoft\Windows\PowerShell\ScriptBlockLogging /v EnableScriptBlockLogging /t REG_DWORD /d 0 /f &amp; reg  add HKCU\Software\Policies\Microsoft\Windows\PowerShell\Transcription /v EnableTranscripting /t REG_DWORD /d 0 /f &amp; reg  add HKCU\Software\Policies\Microsoft\Windows\PowerShell /v EnableScripts /t REG_DWORD /d 0 /f &amp; REM do a little cleanup immediately to avoid execution issues with later tests &amp; reg delete HKCU\Software\Policies\Microsoft\Windows\PowerShell /v EnableScripts /f &gt;nul 2&gt;&amp;1</Data>
      <Data Name=""ParentUser"">WINDEV2309EVAL\User</Data>
    </EventData>
    <RenderingInfo Culture=""en-US"">
      <Message>Process Create:

RuleName: -

UtcTime: 2023-12-27 20:56:36.287

ProcessGuid: {f57bd86a-8f84-658c-2602-000000000f00}

ProcessId: 10112

Image: C:\Windows\System32\reg.exe

FileVersion: 10.0.22621.1 (WinBuild.160101.0800)

Description: Registry Console Tool

Product: Microsoft&#174; Windows&#174; Operating System

Company: Microsoft Corporation

OriginalFileName: reg.exe

CommandLine: reg   add HKCU\Software\Policies\Microsoft\Windows\PowerShell\ScriptBlockLogging /v EnableScriptBlockLogging /t REG_DWORD /d 0 /f 

CurrentDirectory: C:\Users\User\AppData\Local\Temp\

User: WINDEV2309EVAL\User

LogonGuid: {f57bd86a-36f9-658c-7bf8-020000000000}

LogonId: 0x2F87B

TerminalSessionId: 1

IntegrityLevel: Medium

Hashes: MD5=CDB58D0BCABE76AFC60428F364834463,SHA256=411AE446FE37B30C0727888C7FA5E88994A46DAFD41AA5B3B06C9E884549AFDE,IMPHASH=1085BD82B37A225F6D356012D2E69C3D

ParentProcessGuid: {f57bd86a-8f84-658c-2302-000000000f00}

ParentProcessId: 5216

ParentImage: C:\Windows\System32\cmd.exe

ParentCommandLine: ""cmd.exe"" /c reg  add HKCU\Software\Policies\Microsoft\Windows\PowerShell\ModuleLogging /v EnableModuleLogging /t REG_DWORD /d 0 /f &amp; reg  add HKCU\Software\Policies\Microsoft\Windows\PowerShell\ScriptBlockLogging /v EnableScriptBlockLogging /t REG_DWORD /d 0 /f &amp; reg  add HKCU\Software\Policies\Microsoft\Windows\PowerShell\Transcription /v EnableTranscripting /t REG_DWORD /d 0 /f &amp; reg  add HKCU\Software\Policies\Microsoft\Windows\PowerShell /v EnableScripts /t REG_DWORD /d 0 /f &amp; REM do a little cleanup immediately to avoid execution issues with later tests &amp; reg delete HKCU\Software\Policies\Microsoft\Windows\PowerShell /v EnableScripts /f &gt;nul 2&gt;&amp;1

ParentUser: WINDEV2309EVAL\User</Message>
      <Level>Information</Level>
      <Task>Process Create (rule: ProcessCreate)</Task>
      <Opcode>Info</Opcode>
    </RenderingInfo>
  </Event>
  
"
