Microsoft-Windows-Sysmon/Operational,"""cmd.exe"" /c reg delete ""HKEY_CURRENT_USER\Software\Microsoft\Terminal Server Client\Default"" /va /f & reg delete ""HKEY_CURRENT_USER\Software\Microsoft\Terminal Server Client\Servers"" /f",Microsoft Corporation,WinDev2309Eval,,C:\Users\User\AppData\Local\Temp\,Windows Command Processor,,1,19666,,10.0.22621.2506 (WinBuild.160101.0800),"MD5=133D568ECCB557E37BEA1459521CBAC2,SHA256=05A30592D2C3421C41121145C6EEFA7C81FEA6B42D6233A522240A8468326B9C,IMPHASH=D73E39DAB3C8B57AA408073D01254964",C:\Windows\System32\cmd.exe,Medium,0x8000000000000000,Information,{f57bd86a-36f9-658c-7bf8-020000000000},0x2f87b,"Process Create:

RuleName: -

UtcTime: 2023-12-27 20:56:38.440

ProcessGuid: {f57bd86a-8f86-658c-4302-000000000f00}

ProcessId: 3824

Image: C:\Windows\System32\cmd.exe

FileVersion: 10.0.22621.2506 (WinBuild.160101.0800)

Description: Windows Command Processor

Product: Microsoft® Windows® Operating System

Company: Microsoft Corporation

OriginalFileName: Cmd.Exe

CommandLine: ""cmd.exe"" /c reg delete ""HKEY_CURRENT_USER\Software\Microsoft\Terminal Server Client\Default"" /va /f & reg delete ""HKEY_CURRENT_USER\Software\Microsoft\Terminal Server Client\Servers"" /f

CurrentDirectory: C:\Users\User\AppData\Local\Temp\

User: WINDEV2309EVAL\User

LogonGuid: {f57bd86a-36f9-658c-7bf8-020000000000}

LogonId: 0x2F87B

TerminalSessionId: 1

IntegrityLevel: Medium

Hashes: MD5=133D568ECCB557E37BEA1459521CBAC2,SHA256=05A30592D2C3421C41121145C6EEFA7C81FEA6B42D6233A522240A8468326B9C,IMPHASH=D73E39DAB3C8B57AA408073D01254964

ParentProcessGuid: {00000000-0000-0000-0000-000000000000}

ParentProcessId: 1688

ParentImage: -

ParentCommandLine: -

ParentUser: -",Info,Cmd.Exe,-,-,{00000000-0000-0000-0000-000000000000},1688,-,{f57bd86a-8f86-658c-4302-000000000f00},3588,3824,Microsoft® Windows® Operating System,,,,"
      ",-,2023-12-27T20:56:38.4410312Z,,,Process Create (rule: ProcessCreate),1,5124,WINDEV2309EVAL\User,S-1-5-18,2023-12-27 20:56:38.440,5,"<Event xmlns=""http://schemas.microsoft.com/win/2004/08/events/event"">
    <System>
      <Provider Name=""Microsoft-Windows-Sysmon"" Guid=""{5770385f-c22a-43e0-bf4c-06f5698ffbd9}""/>
      <EventID>1</EventID>
      <Version>5</Version>
      <Level>4</Level>
      <Task>1</Task>
      <Opcode>0</Opcode>
      <Keywords>0x8000000000000000</Keywords>
      <TimeCreated SystemTime=""2023-12-27T20:56:38.4410312Z""/>
      <EventRecordID>19666</EventRecordID>
      <Correlation/>
      <Execution ProcessID=""3588"" ThreadID=""5124""/>
      <Channel>Microsoft-Windows-Sysmon/Operational</Channel>
      <Computer>WinDev2309Eval</Computer>
      <Security UserID=""S-1-5-18""/>
    </System>
    <EventData>
      <Data Name=""RuleName"">-</Data>
      <Data Name=""UtcTime"">2023-12-27 20:56:38.440</Data>
      <Data Name=""ProcessGuid"">{f57bd86a-8f86-658c-4302-000000000f00}</Data>
      <Data Name=""ProcessId"">3824</Data>
      <Data Name=""Image"">C:\Windows\System32\cmd.exe</Data>
      <Data Name=""FileVersion"">10.0.22621.2506 (WinBuild.160101.0800)</Data>
      <Data Name=""Description"">Windows Command Processor</Data>
      <Data Name=""Product"">Microsoft&#174; Windows&#174; Operating System</Data>
      <Data Name=""Company"">Microsoft Corporation</Data>
      <Data Name=""OriginalFileName"">Cmd.Exe</Data>
      <Data Name=""CommandLine"">""cmd.exe"" /c reg delete ""HKEY_CURRENT_USER\Software\Microsoft\Terminal Server Client\Default"" /va /f &amp; reg delete ""HKEY_CURRENT_USER\Software\Microsoft\Terminal Server Client\Servers"" /f</Data>
      <Data Name=""CurrentDirectory"">C:\Users\User\AppData\Local\Temp\</Data>
      <Data Name=""User"">WINDEV2309EVAL\User</Data>
      <Data Name=""LogonGuid"">{f57bd86a-36f9-658c-7bf8-020000000000}</Data>
      <Data Name=""LogonId"">0x2f87b</Data>
      <Data Name=""TerminalSessionId"">1</Data>
      <Data Name=""IntegrityLevel"">Medium</Data>
      <Data Name=""Hashes"">MD5=133D568ECCB557E37BEA1459521CBAC2,SHA256=05A30592D2C3421C41121145C6EEFA7C81FEA6B42D6233A522240A8468326B9C,IMPHASH=D73E39DAB3C8B57AA408073D01254964</Data>
      <Data Name=""ParentProcessGuid"">{00000000-0000-0000-0000-000000000000}</Data>
      <Data Name=""ParentProcessId"">1688</Data>
      <Data Name=""ParentImage"">-</Data>
      <Data Name=""ParentCommandLine"">-</Data>
      <Data Name=""ParentUser"">-</Data>
    </EventData>
    <RenderingInfo Culture=""en-US"">
      <Message>Process Create:

RuleName: -

UtcTime: 2023-12-27 20:56:38.440

ProcessGuid: {f57bd86a-8f86-658c-4302-000000000f00}

ProcessId: 3824

Image: C:\Windows\System32\cmd.exe

FileVersion: 10.0.22621.2506 (WinBuild.160101.0800)

Description: Windows Command Processor

Product: Microsoft&#174; Windows&#174; Operating System

Company: Microsoft Corporation

OriginalFileName: Cmd.Exe

CommandLine: ""cmd.exe"" /c reg delete ""HKEY_CURRENT_USER\Software\Microsoft\Terminal Server Client\Default"" /va /f &amp; reg delete ""HKEY_CURRENT_USER\Software\Microsoft\Terminal Server Client\Servers"" /f

CurrentDirectory: C:\Users\User\AppData\Local\Temp\

User: WINDEV2309EVAL\User

LogonGuid: {f57bd86a-36f9-658c-7bf8-020000000000}

LogonId: 0x2F87B

TerminalSessionId: 1

IntegrityLevel: Medium

Hashes: MD5=133D568ECCB557E37BEA1459521CBAC2,SHA256=05A30592D2C3421C41121145C6EEFA7C81FEA6B42D6233A522240A8468326B9C,IMPHASH=D73E39DAB3C8B57AA408073D01254964

ParentProcessGuid: {00000000-0000-0000-0000-000000000000}

ParentProcessId: 1688

ParentImage: -

ParentCommandLine: -

ParentUser: -</Message>
      <Level>Information</Level>
      <Task>Process Create (rule: ProcessCreate)</Task>
      <Opcode>Info</Opcode>
    </RenderingInfo>
  </Event>
  
"
Microsoft-Windows-Sysmon/Operational,reg  add HKCU\Software\AppDataLow\Software\Microsoft\3A861D62-51E0-15700F2219A4 /v comsxRes /t REG_BINARY  /d 72656463616e617279 /f,Microsoft Corporation,WinDev2309Eval,,C:\Users\User\AppData\Local\Temp\,Registry Console Tool,,1,19665,,10.0.22621.1 (WinBuild.160101.0800),"MD5=CDB58D0BCABE76AFC60428F364834463,SHA256=411AE446FE37B30C0727888C7FA5E88994A46DAFD41AA5B3B06C9E884549AFDE,IMPHASH=1085BD82B37A225F6D356012D2E69C3D",C:\Windows\System32\reg.exe,Medium,0x8000000000000000,Information,{f57bd86a-36f9-658c-7bf8-020000000000},0x2f87b,"Process Create:

RuleName: -

UtcTime: 2023-12-27 20:56:38.223

ProcessGuid: {f57bd86a-8f86-658c-4202-000000000f00}

ProcessId: 2720

Image: C:\Windows\System32\reg.exe

FileVersion: 10.0.22621.1 (WinBuild.160101.0800)

Description: Registry Console Tool

Product: Microsoft® Windows® Operating System

Company: Microsoft Corporation

OriginalFileName: reg.exe

CommandLine: reg  add HKCU\Software\AppDataLow\Software\Microsoft\3A861D62-51E0-15700F2219A4 /v comsxRes /t REG_BINARY  /d 72656463616e617279 /f

CurrentDirectory: C:\Users\User\AppData\Local\Temp\

User: WINDEV2309EVAL\User

LogonGuid: {f57bd86a-36f9-658c-7bf8-020000000000}

LogonId: 0x2F87B

TerminalSessionId: 1

IntegrityLevel: Medium

Hashes: MD5=CDB58D0BCABE76AFC60428F364834463,SHA256=411AE446FE37B30C0727888C7FA5E88994A46DAFD41AA5B3B06C9E884549AFDE,IMPHASH=1085BD82B37A225F6D356012D2E69C3D

ParentProcessGuid: {f57bd86a-8f86-658c-4002-000000000f00}

ParentProcessId: 9092

ParentImage: C:\Windows\System32\cmd.exe

ParentCommandLine: ""cmd.exe"" /c reg add HKCU\Software\AppDataLow\Software\Microsoft\3A861D62-51E0-15700F2219A4 /v comsxRes /t REG_BINARY  /d 72656463616e617279 /f

ParentUser: WINDEV2309EVAL\User",Info,reg.exe,"""cmd.exe"" /c reg add HKCU\Software\AppDataLow\Software\Microsoft\3A861D62-51E0-15700F2219A4 /v comsxRes /t REG_BINARY  /d 72656463616e617279 /f",C:\Windows\System32\cmd.exe,{f57bd86a-8f86-658c-4002-000000000f00},9092,WINDEV2309EVAL\User,{f57bd86a-8f86-658c-4202-000000000f00},3588,2720,Microsoft® Windows® Operating System,,,,"
      ",-,2023-12-27T20:56:38.2260013Z,,,Process Create (rule: ProcessCreate),1,5124,WINDEV2309EVAL\User,S-1-5-18,2023-12-27 20:56:38.223,5,"<Event xmlns=""http://schemas.microsoft.com/win/2004/08/events/event"">
    <System>
      <Provider Name=""Microsoft-Windows-Sysmon"" Guid=""{5770385f-c22a-43e0-bf4c-06f5698ffbd9}""/>
      <EventID>1</EventID>
      <Version>5</Version>
      <Level>4</Level>
      <Task>1</Task>
      <Opcode>0</Opcode>
      <Keywords>0x8000000000000000</Keywords>
      <TimeCreated SystemTime=""2023-12-27T20:56:38.2260013Z""/>
      <EventRecordID>19665</EventRecordID>
      <Correlation/>
      <Execution ProcessID=""3588"" ThreadID=""5124""/>
      <Channel>Microsoft-Windows-Sysmon/Operational</Channel>
      <Computer>WinDev2309Eval</Computer>
      <Security UserID=""S-1-5-18""/>
    </System>
    <EventData>
      <Data Name=""RuleName"">-</Data>
      <Data Name=""UtcTime"">2023-12-27 20:56:38.223</Data>
      <Data Name=""ProcessGuid"">{f57bd86a-8f86-658c-4202-000000000f00}</Data>
      <Data Name=""ProcessId"">2720</Data>
      <Data Name=""Image"">C:\Windows\System32\reg.exe</Data>
      <Data Name=""FileVersion"">10.0.22621.1 (WinBuild.160101.0800)</Data>
      <Data Name=""Description"">Registry Console Tool</Data>
      <Data Name=""Product"">Microsoft&#174; Windows&#174; Operating System</Data>
      <Data Name=""Company"">Microsoft Corporation</Data>
      <Data Name=""OriginalFileName"">reg.exe</Data>
      <Data Name=""CommandLine"">reg  add HKCU\Software\AppDataLow\Software\Microsoft\3A861D62-51E0-15700F2219A4 /v comsxRes /t REG_BINARY  /d 72656463616e617279 /f</Data>
      <Data Name=""CurrentDirectory"">C:\Users\User\AppData\Local\Temp\</Data>
      <Data Name=""User"">WINDEV2309EVAL\User</Data>
      <Data Name=""LogonGuid"">{f57bd86a-36f9-658c-7bf8-020000000000}</Data>
      <Data Name=""LogonId"">0x2f87b</Data>
      <Data Name=""TerminalSessionId"">1</Data>
      <Data Name=""IntegrityLevel"">Medium</Data>
      <Data Name=""Hashes"">MD5=CDB58D0BCABE76AFC60428F364834463,SHA256=411AE446FE37B30C0727888C7FA5E88994A46DAFD41AA5B3B06C9E884549AFDE,IMPHASH=1085BD82B37A225F6D356012D2E69C3D</Data>
      <Data Name=""ParentProcessGuid"">{f57bd86a-8f86-658c-4002-000000000f00}</Data>
      <Data Name=""ParentProcessId"">9092</Data>
      <Data Name=""ParentImage"">C:\Windows\System32\cmd.exe</Data>
      <Data Name=""ParentCommandLine"">""cmd.exe"" /c reg add HKCU\Software\AppDataLow\Software\Microsoft\3A861D62-51E0-15700F2219A4 /v comsxRes /t REG_BINARY  /d 72656463616e617279 /f</Data>
      <Data Name=""ParentUser"">WINDEV2309EVAL\User</Data>
    </EventData>
    <RenderingInfo Culture=""en-US"">
      <Message>Process Create:

RuleName: -

UtcTime: 2023-12-27 20:56:38.223

ProcessGuid: {f57bd86a-8f86-658c-4202-000000000f00}

ProcessId: 2720

Image: C:\Windows\System32\reg.exe

FileVersion: 10.0.22621.1 (WinBuild.160101.0800)

Description: Registry Console Tool

Product: Microsoft&#174; Windows&#174; Operating System

Company: Microsoft Corporation

OriginalFileName: reg.exe

CommandLine: reg  add HKCU\Software\AppDataLow\Software\Microsoft\3A861D62-51E0-15700F2219A4 /v comsxRes /t REG_BINARY  /d 72656463616e617279 /f

CurrentDirectory: C:\Users\User\AppData\Local\Temp\

User: WINDEV2309EVAL\User

LogonGuid: {f57bd86a-36f9-658c-7bf8-020000000000}

LogonId: 0x2F87B

TerminalSessionId: 1

IntegrityLevel: Medium

Hashes: MD5=CDB58D0BCABE76AFC60428F364834463,SHA256=411AE446FE37B30C0727888C7FA5E88994A46DAFD41AA5B3B06C9E884549AFDE,IMPHASH=1085BD82B37A225F6D356012D2E69C3D

ParentProcessGuid: {f57bd86a-8f86-658c-4002-000000000f00}

ParentProcessId: 9092

ParentImage: C:\Windows\System32\cmd.exe

ParentCommandLine: ""cmd.exe"" /c reg add HKCU\Software\AppDataLow\Software\Microsoft\3A861D62-51E0-15700F2219A4 /v comsxRes /t REG_BINARY  /d 72656463616e617279 /f

ParentUser: WINDEV2309EVAL\User</Message>
      <Level>Information</Level>
      <Task>Process Create (rule: ProcessCreate)</Task>
      <Opcode>Info</Opcode>
    </RenderingInfo>
  </Event>
  
"
Microsoft-Windows-Sysmon/Operational,"""cmd.exe"" /c reg add HKCU\Software\AppDataLow\Software\Microsoft\3A861D62-51E0-15700F2219A4 /v comsxRes /t REG_BINARY  /d 72656463616e617279 /f",Microsoft Corporation,WinDev2309Eval,,C:\Users\User\AppData\Local\Temp\,Windows Command Processor,,1,19664,,10.0.22621.2506 (WinBuild.160101.0800),"MD5=133D568ECCB557E37BEA1459521CBAC2,SHA256=05A30592D2C3421C41121145C6EEFA7C81FEA6B42D6233A522240A8468326B9C,IMPHASH=D73E39DAB3C8B57AA408073D01254964",C:\Windows\System32\cmd.exe,Medium,0x8000000000000000,Information,{f57bd86a-36f9-658c-7bf8-020000000000},0x2f87b,"Process Create:

RuleName: -

UtcTime: 2023-12-27 20:56:38.199

ProcessGuid: {f57bd86a-8f86-658c-4002-000000000f00}

ProcessId: 9092

Image: C:\Windows\System32\cmd.exe

FileVersion: 10.0.22621.2506 (WinBuild.160101.0800)

Description: Windows Command Processor

Product: Microsoft® Windows® Operating System

Company: Microsoft Corporation

OriginalFileName: Cmd.Exe

CommandLine: ""cmd.exe"" /c reg add HKCU\Software\AppDataLow\Software\Microsoft\3A861D62-51E0-15700F2219A4 /v comsxRes /t REG_BINARY  /d 72656463616e617279 /f

CurrentDirectory: C:\Users\User\AppData\Local\Temp\

User: WINDEV2309EVAL\User

LogonGuid: {f57bd86a-36f9-658c-7bf8-020000000000}

LogonId: 0x2F87B

TerminalSessionId: 1

IntegrityLevel: Medium

Hashes: MD5=133D568ECCB557E37BEA1459521CBAC2,SHA256=05A30592D2C3421C41121145C6EEFA7C81FEA6B42D6233A522240A8468326B9C,IMPHASH=D73E39DAB3C8B57AA408073D01254964

ParentProcessGuid: {00000000-0000-0000-0000-000000000000}

ParentProcessId: 1688

ParentImage: -

ParentCommandLine: -

ParentUser: -",Info,Cmd.Exe,-,-,{00000000-0000-0000-0000-000000000000},1688,-,{f57bd86a-8f86-658c-4002-000000000f00},3588,9092,Microsoft® Windows® Operating System,,,,"
      ",-,2023-12-27T20:56:38.2001001Z,,,Process Create (rule: ProcessCreate),1,5124,WINDEV2309EVAL\User,S-1-5-18,2023-12-27 20:56:38.199,5,"<Event xmlns=""http://schemas.microsoft.com/win/2004/08/events/event"">
    <System>
      <Provider Name=""Microsoft-Windows-Sysmon"" Guid=""{5770385f-c22a-43e0-bf4c-06f5698ffbd9}""/>
      <EventID>1</EventID>
      <Version>5</Version>
      <Level>4</Level>
      <Task>1</Task>
      <Opcode>0</Opcode>
      <Keywords>0x8000000000000000</Keywords>
      <TimeCreated SystemTime=""2023-12-27T20:56:38.2001001Z""/>
      <EventRecordID>19664</EventRecordID>
      <Correlation/>
      <Execution ProcessID=""3588"" ThreadID=""5124""/>
      <Channel>Microsoft-Windows-Sysmon/Operational</Channel>
      <Computer>WinDev2309Eval</Computer>
      <Security UserID=""S-1-5-18""/>
    </System>
    <EventData>
      <Data Name=""RuleName"">-</Data>
      <Data Name=""UtcTime"">2023-12-27 20:56:38.199</Data>
      <Data Name=""ProcessGuid"">{f57bd86a-8f86-658c-4002-000000000f00}</Data>
      <Data Name=""ProcessId"">9092</Data>
      <Data Name=""Image"">C:\Windows\System32\cmd.exe</Data>
      <Data Name=""FileVersion"">10.0.22621.2506 (WinBuild.160101.0800)</Data>
      <Data Name=""Description"">Windows Command Processor</Data>
      <Data Name=""Product"">Microsoft&#174; Windows&#174; Operating System</Data>
      <Data Name=""Company"">Microsoft Corporation</Data>
      <Data Name=""OriginalFileName"">Cmd.Exe</Data>
      <Data Name=""CommandLine"">""cmd.exe"" /c reg add HKCU\Software\AppDataLow\Software\Microsoft\3A861D62-51E0-15700F2219A4 /v comsxRes /t REG_BINARY  /d 72656463616e617279 /f</Data>
      <Data Name=""CurrentDirectory"">C:\Users\User\AppData\Local\Temp\</Data>
      <Data Name=""User"">WINDEV2309EVAL\User</Data>
      <Data Name=""LogonGuid"">{f57bd86a-36f9-658c-7bf8-020000000000}</Data>
      <Data Name=""LogonId"">0x2f87b</Data>
      <Data Name=""TerminalSessionId"">1</Data>
      <Data Name=""IntegrityLevel"">Medium</Data>
      <Data Name=""Hashes"">MD5=133D568ECCB557E37BEA1459521CBAC2,SHA256=05A30592D2C3421C41121145C6EEFA7C81FEA6B42D6233A522240A8468326B9C,IMPHASH=D73E39DAB3C8B57AA408073D01254964</Data>
      <Data Name=""ParentProcessGuid"">{00000000-0000-0000-0000-000000000000}</Data>
      <Data Name=""ParentProcessId"">1688</Data>
      <Data Name=""ParentImage"">-</Data>
      <Data Name=""ParentCommandLine"">-</Data>
      <Data Name=""ParentUser"">-</Data>
    </EventData>
    <RenderingInfo Culture=""en-US"">
      <Message>Process Create:

RuleName: -

UtcTime: 2023-12-27 20:56:38.199

ProcessGuid: {f57bd86a-8f86-658c-4002-000000000f00}

ProcessId: 9092

Image: C:\Windows\System32\cmd.exe

FileVersion: 10.0.22621.2506 (WinBuild.160101.0800)

Description: Windows Command Processor

Product: Microsoft&#174; Windows&#174; Operating System

Company: Microsoft Corporation

OriginalFileName: Cmd.Exe

CommandLine: ""cmd.exe"" /c reg add HKCU\Software\AppDataLow\Software\Microsoft\3A861D62-51E0-15700F2219A4 /v comsxRes /t REG_BINARY  /d 72656463616e617279 /f

CurrentDirectory: C:\Users\User\AppData\Local\Temp\

User: WINDEV2309EVAL\User

LogonGuid: {f57bd86a-36f9-658c-7bf8-020000000000}

LogonId: 0x2F87B

TerminalSessionId: 1

IntegrityLevel: Medium

Hashes: MD5=133D568ECCB557E37BEA1459521CBAC2,SHA256=05A30592D2C3421C41121145C6EEFA7C81FEA6B42D6233A522240A8468326B9C,IMPHASH=D73E39DAB3C8B57AA408073D01254964

ParentProcessGuid: {00000000-0000-0000-0000-000000000000}

ParentProcessId: 1688

ParentImage: -

ParentCommandLine: -

ParentUser: -</Message>
      <Level>Information</Level>
      <Task>Process Create (rule: ProcessCreate)</Task>
      <Opcode>Info</Opcode>
    </RenderingInfo>
  </Event>
  
"
Microsoft-Windows-Sysmon/Operational,"reg  add HKCU\SOFTWARE\NetWire /v ""Install Date"" /t REG_SZ /d ""2021-08-30 07:17:27"" /f",Microsoft Corporation,WinDev2309Eval,,C:\Users\User\AppData\Local\Temp\,Registry Console Tool,,1,19663,,10.0.22621.1 (WinBuild.160101.0800),"MD5=CDB58D0BCABE76AFC60428F364834463,SHA256=411AE446FE37B30C0727888C7FA5E88994A46DAFD41AA5B3B06C9E884549AFDE,IMPHASH=1085BD82B37A225F6D356012D2E69C3D",C:\Windows\System32\reg.exe,Medium,0x8000000000000000,Information,{f57bd86a-36f9-658c-7bf8-020000000000},0x2f87b,"Process Create:

RuleName: -

UtcTime: 2023-12-27 20:56:37.996

ProcessGuid: {f57bd86a-8f85-658c-3f02-000000000f00}

ProcessId: 6976

Image: C:\Windows\System32\reg.exe

FileVersion: 10.0.22621.1 (WinBuild.160101.0800)

Description: Registry Console Tool

Product: Microsoft® Windows® Operating System

Company: Microsoft Corporation

OriginalFileName: reg.exe

CommandLine: reg  add HKCU\SOFTWARE\NetWire /v ""Install Date"" /t REG_SZ /d ""2021-08-30 07:17:27"" /f

CurrentDirectory: C:\Users\User\AppData\Local\Temp\

User: WINDEV2309EVAL\User

LogonGuid: {f57bd86a-36f9-658c-7bf8-020000000000}

LogonId: 0x2F87B

TerminalSessionId: 1

IntegrityLevel: Medium

Hashes: MD5=CDB58D0BCABE76AFC60428F364834463,SHA256=411AE446FE37B30C0727888C7FA5E88994A46DAFD41AA5B3B06C9E884549AFDE,IMPHASH=1085BD82B37A225F6D356012D2E69C3D

ParentProcessGuid: {f57bd86a-8f85-658c-3b02-000000000f00}

ParentProcessId: 5636

ParentImage: C:\Windows\System32\cmd.exe

ParentCommandLine: ""cmd.exe"" /c reg add HKCU\Software\Microsoft\Windows\CurrentVersion\Run /v NetWire /t REG_SZ  /d ""C:\Users\admin\AppData\Roaming\Install\Host.exe"" /f & reg add HKCU\SOFTWARE\NetWire /v HostId /t REG_SZ /d HostId-kai6Ci /f & reg add HKCU\SOFTWARE\NetWire /v ""Install Date"" /t REG_SZ /d ""2021-08-30 07:17:27"" /f

ParentUser: WINDEV2309EVAL\User",Info,reg.exe,"""cmd.exe"" /c reg add HKCU\Software\Microsoft\Windows\CurrentVersion\Run /v NetWire /t REG_SZ  /d ""C:\Users\admin\AppData\Roaming\Install\Host.exe"" /f & reg add HKCU\SOFTWARE\NetWire /v HostId /t REG_SZ /d HostId-kai6Ci /f & reg add HKCU\SOFTWARE\NetWire /v ""Install Date"" /t REG_SZ /d ""2021-08-30 07:17:27"" /f",C:\Windows\System32\cmd.exe,{f57bd86a-8f85-658c-3b02-000000000f00},5636,WINDEV2309EVAL\User,{f57bd86a-8f85-658c-3f02-000000000f00},3588,6976,Microsoft® Windows® Operating System,,,,"
      ",-,2023-12-27T20:56:37.9973752Z,,,Process Create (rule: ProcessCreate),1,5124,WINDEV2309EVAL\User,S-1-5-18,2023-12-27 20:56:37.996,5,"<Event xmlns=""http://schemas.microsoft.com/win/2004/08/events/event"">
    <System>
      <Provider Name=""Microsoft-Windows-Sysmon"" Guid=""{5770385f-c22a-43e0-bf4c-06f5698ffbd9}""/>
      <EventID>1</EventID>
      <Version>5</Version>
      <Level>4</Level>
      <Task>1</Task>
      <Opcode>0</Opcode>
      <Keywords>0x8000000000000000</Keywords>
      <TimeCreated SystemTime=""2023-12-27T20:56:37.9973752Z""/>
      <EventRecordID>19663</EventRecordID>
      <Correlation/>
      <Execution ProcessID=""3588"" ThreadID=""5124""/>
      <Channel>Microsoft-Windows-Sysmon/Operational</Channel>
      <Computer>WinDev2309Eval</Computer>
      <Security UserID=""S-1-5-18""/>
    </System>
    <EventData>
      <Data Name=""RuleName"">-</Data>
      <Data Name=""UtcTime"">2023-12-27 20:56:37.996</Data>
      <Data Name=""ProcessGuid"">{f57bd86a-8f85-658c-3f02-000000000f00}</Data>
      <Data Name=""ProcessId"">6976</Data>
      <Data Name=""Image"">C:\Windows\System32\reg.exe</Data>
      <Data Name=""FileVersion"">10.0.22621.1 (WinBuild.160101.0800)</Data>
      <Data Name=""Description"">Registry Console Tool</Data>
      <Data Name=""Product"">Microsoft&#174; Windows&#174; Operating System</Data>
      <Data Name=""Company"">Microsoft Corporation</Data>
      <Data Name=""OriginalFileName"">reg.exe</Data>
      <Data Name=""CommandLine"">reg  add HKCU\SOFTWARE\NetWire /v ""Install Date"" /t REG_SZ /d ""2021-08-30 07:17:27"" /f</Data>
      <Data Name=""CurrentDirectory"">C:\Users\User\AppData\Local\Temp\</Data>
      <Data Name=""User"">WINDEV2309EVAL\User</Data>
      <Data Name=""LogonGuid"">{f57bd86a-36f9-658c-7bf8-020000000000}</Data>
      <Data Name=""LogonId"">0x2f87b</Data>
      <Data Name=""TerminalSessionId"">1</Data>
      <Data Name=""IntegrityLevel"">Medium</Data>
      <Data Name=""Hashes"">MD5=CDB58D0BCABE76AFC60428F364834463,SHA256=411AE446FE37B30C0727888C7FA5E88994A46DAFD41AA5B3B06C9E884549AFDE,IMPHASH=1085BD82B37A225F6D356012D2E69C3D</Data>
      <Data Name=""ParentProcessGuid"">{f57bd86a-8f85-658c-3b02-000000000f00}</Data>
      <Data Name=""ParentProcessId"">5636</Data>
      <Data Name=""ParentImage"">C:\Windows\System32\cmd.exe</Data>
      <Data Name=""ParentCommandLine"">""cmd.exe"" /c reg add HKCU\Software\Microsoft\Windows\CurrentVersion\Run /v NetWire /t REG_SZ  /d ""C:\Users\admin\AppData\Roaming\Install\Host.exe"" /f &amp; reg add HKCU\SOFTWARE\NetWire /v HostId /t REG_SZ /d HostId-kai6Ci /f &amp; reg add HKCU\SOFTWARE\NetWire /v ""Install Date"" /t REG_SZ /d ""2021-08-30 07:17:27"" /f</Data>
      <Data Name=""ParentUser"">WINDEV2309EVAL\User</Data>
    </EventData>
    <RenderingInfo Culture=""en-US"">
      <Message>Process Create:

RuleName: -

UtcTime: 2023-12-27 20:56:37.996

ProcessGuid: {f57bd86a-8f85-658c-3f02-000000000f00}

ProcessId: 6976

Image: C:\Windows\System32\reg.exe

FileVersion: 10.0.22621.1 (WinBuild.160101.0800)

Description: Registry Console Tool

Product: Microsoft&#174; Windows&#174; Operating System

Company: Microsoft Corporation

OriginalFileName: reg.exe

CommandLine: reg  add HKCU\SOFTWARE\NetWire /v ""Install Date"" /t REG_SZ /d ""2021-08-30 07:17:27"" /f

CurrentDirectory: C:\Users\User\AppData\Local\Temp\

User: WINDEV2309EVAL\User

LogonGuid: {f57bd86a-36f9-658c-7bf8-020000000000}

LogonId: 0x2F87B

TerminalSessionId: 1

IntegrityLevel: Medium

Hashes: MD5=CDB58D0BCABE76AFC60428F364834463,SHA256=411AE446FE37B30C0727888C7FA5E88994A46DAFD41AA5B3B06C9E884549AFDE,IMPHASH=1085BD82B37A225F6D356012D2E69C3D

ParentProcessGuid: {f57bd86a-8f85-658c-3b02-000000000f00}

ParentProcessId: 5636

ParentImage: C:\Windows\System32\cmd.exe

ParentCommandLine: ""cmd.exe"" /c reg add HKCU\Software\Microsoft\Windows\CurrentVersion\Run /v NetWire /t REG_SZ  /d ""C:\Users\admin\AppData\Roaming\Install\Host.exe"" /f &amp; reg add HKCU\SOFTWARE\NetWire /v HostId /t REG_SZ /d HostId-kai6Ci /f &amp; reg add HKCU\SOFTWARE\NetWire /v ""Install Date"" /t REG_SZ /d ""2021-08-30 07:17:27"" /f

ParentUser: WINDEV2309EVAL\User</Message>
      <Level>Information</Level>
      <Task>Process Create (rule: ProcessCreate)</Task>
      <Opcode>Info</Opcode>
    </RenderingInfo>
  </Event>
  
"
Microsoft-Windows-Sysmon/Operational,reg  add HKCU\SOFTWARE\NetWire /v HostId /t REG_SZ /d HostId-kai6Ci /f ,Microsoft Corporation,WinDev2309Eval,,C:\Users\User\AppData\Local\Temp\,Registry Console Tool,,1,19662,,10.0.22621.1 (WinBuild.160101.0800),"MD5=CDB58D0BCABE76AFC60428F364834463,SHA256=411AE446FE37B30C0727888C7FA5E88994A46DAFD41AA5B3B06C9E884549AFDE,IMPHASH=1085BD82B37A225F6D356012D2E69C3D",C:\Windows\System32\reg.exe,Medium,0x8000000000000000,Information,{f57bd86a-36f9-658c-7bf8-020000000000},0x2f87b,"Process Create:

RuleName: -

UtcTime: 2023-12-27 20:56:37.978

ProcessGuid: {f57bd86a-8f85-658c-3e02-000000000f00}

ProcessId: 2920

Image: C:\Windows\System32\reg.exe

FileVersion: 10.0.22621.1 (WinBuild.160101.0800)

Description: Registry Console Tool

Product: Microsoft® Windows® Operating System

Company: Microsoft Corporation

OriginalFileName: reg.exe

CommandLine: reg  add HKCU\SOFTWARE\NetWire /v HostId /t REG_SZ /d HostId-kai6Ci /f 

CurrentDirectory: C:\Users\User\AppData\Local\Temp\

User: WINDEV2309EVAL\User

LogonGuid: {f57bd86a-36f9-658c-7bf8-020000000000}

LogonId: 0x2F87B

TerminalSessionId: 1

IntegrityLevel: Medium

Hashes: MD5=CDB58D0BCABE76AFC60428F364834463,SHA256=411AE446FE37B30C0727888C7FA5E88994A46DAFD41AA5B3B06C9E884549AFDE,IMPHASH=1085BD82B37A225F6D356012D2E69C3D

ParentProcessGuid: {f57bd86a-8f85-658c-3b02-000000000f00}

ParentProcessId: 5636

ParentImage: C:\Windows\System32\cmd.exe

ParentCommandLine: ""cmd.exe"" /c reg add HKCU\Software\Microsoft\Windows\CurrentVersion\Run /v NetWire /t REG_SZ  /d ""C:\Users\admin\AppData\Roaming\Install\Host.exe"" /f & reg add HKCU\SOFTWARE\NetWire /v HostId /t REG_SZ /d HostId-kai6Ci /f & reg add HKCU\SOFTWARE\NetWire /v ""Install Date"" /t REG_SZ /d ""2021-08-30 07:17:27"" /f

ParentUser: WINDEV2309EVAL\User",Info,reg.exe,"""cmd.exe"" /c reg add HKCU\Software\Microsoft\Windows\CurrentVersion\Run /v NetWire /t REG_SZ  /d ""C:\Users\admin\AppData\Roaming\Install\Host.exe"" /f & reg add HKCU\SOFTWARE\NetWire /v HostId /t REG_SZ /d HostId-kai6Ci /f & reg add HKCU\SOFTWARE\NetWire /v ""Install Date"" /t REG_SZ /d ""2021-08-30 07:17:27"" /f",C:\Windows\System32\cmd.exe,{f57bd86a-8f85-658c-3b02-000000000f00},5636,WINDEV2309EVAL\User,{f57bd86a-8f85-658c-3e02-000000000f00},3588,2920,Microsoft® Windows® Operating System,,,,"
      ",-,2023-12-27T20:56:37.9798005Z,,,Process Create (rule: ProcessCreate),1,5124,WINDEV2309EVAL\User,S-1-5-18,2023-12-27 20:56:37.978,5,"<Event xmlns=""http://schemas.microsoft.com/win/2004/08/events/event"">
    <System>
      <Provider Name=""Microsoft-Windows-Sysmon"" Guid=""{5770385f-c22a-43e0-bf4c-06f5698ffbd9}""/>
      <EventID>1</EventID>
      <Version>5</Version>
      <Level>4</Level>
      <Task>1</Task>
      <Opcode>0</Opcode>
      <Keywords>0x8000000000000000</Keywords>
      <TimeCreated SystemTime=""2023-12-27T20:56:37.9798005Z""/>
      <EventRecordID>19662</EventRecordID>
      <Correlation/>
      <Execution ProcessID=""3588"" ThreadID=""5124""/>
      <Channel>Microsoft-Windows-Sysmon/Operational</Channel>
      <Computer>WinDev2309Eval</Computer>
      <Security UserID=""S-1-5-18""/>
    </System>
    <EventData>
      <Data Name=""RuleName"">-</Data>
      <Data Name=""UtcTime"">2023-12-27 20:56:37.978</Data>
      <Data Name=""ProcessGuid"">{f57bd86a-8f85-658c-3e02-000000000f00}</Data>
      <Data Name=""ProcessId"">2920</Data>
      <Data Name=""Image"">C:\Windows\System32\reg.exe</Data>
      <Data Name=""FileVersion"">10.0.22621.1 (WinBuild.160101.0800)</Data>
      <Data Name=""Description"">Registry Console Tool</Data>
      <Data Name=""Product"">Microsoft&#174; Windows&#174; Operating System</Data>
      <Data Name=""Company"">Microsoft Corporation</Data>
      <Data Name=""OriginalFileName"">reg.exe</Data>
      <Data Name=""CommandLine"">reg  add HKCU\SOFTWARE\NetWire /v HostId /t REG_SZ /d HostId-kai6Ci /f </Data>
      <Data Name=""CurrentDirectory"">C:\Users\User\AppData\Local\Temp\</Data>
      <Data Name=""User"">WINDEV2309EVAL\User</Data>
      <Data Name=""LogonGuid"">{f57bd86a-36f9-658c-7bf8-020000000000}</Data>
      <Data Name=""LogonId"">0x2f87b</Data>
      <Data Name=""TerminalSessionId"">1</Data>
      <Data Name=""IntegrityLevel"">Medium</Data>
      <Data Name=""Hashes"">MD5=CDB58D0BCABE76AFC60428F364834463,SHA256=411AE446FE37B30C0727888C7FA5E88994A46DAFD41AA5B3B06C9E884549AFDE,IMPHASH=1085BD82B37A225F6D356012D2E69C3D</Data>
      <Data Name=""ParentProcessGuid"">{f57bd86a-8f85-658c-3b02-000000000f00}</Data>
      <Data Name=""ParentProcessId"">5636</Data>
      <Data Name=""ParentImage"">C:\Windows\System32\cmd.exe</Data>
      <Data Name=""ParentCommandLine"">""cmd.exe"" /c reg add HKCU\Software\Microsoft\Windows\CurrentVersion\Run /v NetWire /t REG_SZ  /d ""C:\Users\admin\AppData\Roaming\Install\Host.exe"" /f &amp; reg add HKCU\SOFTWARE\NetWire /v HostId /t REG_SZ /d HostId-kai6Ci /f &amp; reg add HKCU\SOFTWARE\NetWire /v ""Install Date"" /t REG_SZ /d ""2021-08-30 07:17:27"" /f</Data>
      <Data Name=""ParentUser"">WINDEV2309EVAL\User</Data>
    </EventData>
    <RenderingInfo Culture=""en-US"">
      <Message>Process Create:

RuleName: -

UtcTime: 2023-12-27 20:56:37.978

ProcessGuid: {f57bd86a-8f85-658c-3e02-000000000f00}

ProcessId: 2920

Image: C:\Windows\System32\reg.exe

FileVersion: 10.0.22621.1 (WinBuild.160101.0800)

Description: Registry Console Tool

Product: Microsoft&#174; Windows&#174; Operating System

Company: Microsoft Corporation

OriginalFileName: reg.exe

CommandLine: reg  add HKCU\SOFTWARE\NetWire /v HostId /t REG_SZ /d HostId-kai6Ci /f 

CurrentDirectory: C:\Users\User\AppData\Local\Temp\

User: WINDEV2309EVAL\User

LogonGuid: {f57bd86a-36f9-658c-7bf8-020000000000}

LogonId: 0x2F87B

TerminalSessionId: 1

IntegrityLevel: Medium

Hashes: MD5=CDB58D0BCABE76AFC60428F364834463,SHA256=411AE446FE37B30C0727888C7FA5E88994A46DAFD41AA5B3B06C9E884549AFDE,IMPHASH=1085BD82B37A225F6D356012D2E69C3D

ParentProcessGuid: {f57bd86a-8f85-658c-3b02-000000000f00}

ParentProcessId: 5636

ParentImage: C:\Windows\System32\cmd.exe

ParentCommandLine: ""cmd.exe"" /c reg add HKCU\Software\Microsoft\Windows\CurrentVersion\Run /v NetWire /t REG_SZ  /d ""C:\Users\admin\AppData\Roaming\Install\Host.exe"" /f &amp; reg add HKCU\SOFTWARE\NetWire /v HostId /t REG_SZ /d HostId-kai6Ci /f &amp; reg add HKCU\SOFTWARE\NetWire /v ""Install Date"" /t REG_SZ /d ""2021-08-30 07:17:27"" /f

ParentUser: WINDEV2309EVAL\User</Message>
      <Level>Information</Level>
      <Task>Process Create (rule: ProcessCreate)</Task>
      <Opcode>Info</Opcode>
    </RenderingInfo>
  </Event>
  
"
Microsoft-Windows-Sysmon/Operational,,,WinDev2309Eval,,,,C:\Users\admin\AppData\Roaming\Install\Host.exe,13,19661,SetValue,,,C:\Windows\system32\reg.exe,,0x8000000000000000,Information,,,"Registry value set:

RuleName: T1060,RunKey

EventType: SetValue

UtcTime: 2023-12-27 20:56:37.965

ProcessGuid: {f57bd86a-8f83-658c-1602-000000000f00}

ProcessId: 5012

Image: C:\Windows\system32\reg.exe

TargetObject: HKU\S-1-5-21-2835251196-2691927458-378326815-1000\Software\Microsoft\Windows\CurrentVersion\Run\NetWire

Details: C:\Users\admin\AppData\Roaming\Install\Host.exe

User: WINDEV2309EVAL\User",Info,,,,,,,{f57bd86a-8f83-658c-1602-000000000f00},3588,5012,,,,,"
      ","T1060,RunKey",2023-12-27T20:56:37.9756445Z,,HKU\S-1-5-21-2835251196-2691927458-378326815-1000\Software\Microsoft\Windows\CurrentVersion\Run\NetWire,Registry value set (rule: RegistryEvent),,5124,WINDEV2309EVAL\User,S-1-5-18,2023-12-27 20:56:37.965,2,"<Event xmlns=""http://schemas.microsoft.com/win/2004/08/events/event"">
    <System>
      <Provider Name=""Microsoft-Windows-Sysmon"" Guid=""{5770385f-c22a-43e0-bf4c-06f5698ffbd9}""/>
      <EventID>13</EventID>
      <Version>2</Version>
      <Level>4</Level>
      <Task>13</Task>
      <Opcode>0</Opcode>
      <Keywords>0x8000000000000000</Keywords>
      <TimeCreated SystemTime=""2023-12-27T20:56:37.9756445Z""/>
      <EventRecordID>19661</EventRecordID>
      <Correlation/>
      <Execution ProcessID=""3588"" ThreadID=""5124""/>
      <Channel>Microsoft-Windows-Sysmon/Operational</Channel>
      <Computer>WinDev2309Eval</Computer>
      <Security UserID=""S-1-5-18""/>
    </System>
    <EventData>
      <Data Name=""RuleName"">T1060,RunKey</Data>
      <Data Name=""EventType"">SetValue</Data>
      <Data Name=""UtcTime"">2023-12-27 20:56:37.965</Data>
      <Data Name=""ProcessGuid"">{f57bd86a-8f83-658c-1602-000000000f00}</Data>
      <Data Name=""ProcessId"">5012</Data>
      <Data Name=""Image"">C:\Windows\system32\reg.exe</Data>
      <Data Name=""TargetObject"">HKU\S-1-5-21-2835251196-2691927458-378326815-1000\Software\Microsoft\Windows\CurrentVersion\Run\NetWire</Data>
      <Data Name=""Details"">C:\Users\admin\AppData\Roaming\Install\Host.exe</Data>
      <Data Name=""User"">WINDEV2309EVAL\User</Data>
    </EventData>
    <RenderingInfo Culture=""en-US"">
      <Message>Registry value set:

RuleName: T1060,RunKey

EventType: SetValue

UtcTime: 2023-12-27 20:56:37.965

ProcessGuid: {f57bd86a-8f83-658c-1602-000000000f00}

ProcessId: 5012

Image: C:\Windows\system32\reg.exe

TargetObject: HKU\S-1-5-21-2835251196-2691927458-378326815-1000\Software\Microsoft\Windows\CurrentVersion\Run\NetWire

Details: C:\Users\admin\AppData\Roaming\Install\Host.exe

User: WINDEV2309EVAL\User</Message>
      <Level>Information</Level>
      <Task>Registry value set (rule: RegistryEvent)</Task>
      <Opcode>Info</Opcode>
    </RenderingInfo>
  </Event>
  
"
Microsoft-Windows-Sysmon/Operational,"reg  add HKCU\Software\Microsoft\Windows\CurrentVersion\Run /v NetWire /t REG_SZ  /d ""C:\Users\admin\AppData\Roaming\Install\Host.exe"" /f ",Microsoft Corporation,WinDev2309Eval,,C:\Users\User\AppData\Local\Temp\,Registry Console Tool,,1,19660,,10.0.22621.1 (WinBuild.160101.0800),"MD5=CDB58D0BCABE76AFC60428F364834463,SHA256=411AE446FE37B30C0727888C7FA5E88994A46DAFD41AA5B3B06C9E884549AFDE,IMPHASH=1085BD82B37A225F6D356012D2E69C3D",C:\Windows\System32\reg.exe,Medium,0x8000000000000000,Information,{f57bd86a-36f9-658c-7bf8-020000000000},0x2f87b,"Process Create:

RuleName: -

UtcTime: 2023-12-27 20:56:37.970

ProcessGuid: {f57bd86a-8f85-658c-3d02-000000000f00}

ProcessId: 5012

Image: C:\Windows\System32\reg.exe

FileVersion: 10.0.22621.1 (WinBuild.160101.0800)

Description: Registry Console Tool

Product: Microsoft® Windows® Operating System

Company: Microsoft Corporation

OriginalFileName: reg.exe

CommandLine: reg  add HKCU\Software\Microsoft\Windows\CurrentVersion\Run /v NetWire /t REG_SZ  /d ""C:\Users\admin\AppData\Roaming\Install\Host.exe"" /f 

CurrentDirectory: C:\Users\User\AppData\Local\Temp\

User: WINDEV2309EVAL\User

LogonGuid: {f57bd86a-36f9-658c-7bf8-020000000000}

LogonId: 0x2F87B

TerminalSessionId: 1

IntegrityLevel: Medium

Hashes: MD5=CDB58D0BCABE76AFC60428F364834463,SHA256=411AE446FE37B30C0727888C7FA5E88994A46DAFD41AA5B3B06C9E884549AFDE,IMPHASH=1085BD82B37A225F6D356012D2E69C3D

ParentProcessGuid: {f57bd86a-8f85-658c-3b02-000000000f00}

ParentProcessId: 5636

ParentImage: C:\Windows\System32\cmd.exe

ParentCommandLine: ""cmd.exe"" /c reg add HKCU\Software\Microsoft\Windows\CurrentVersion\Run /v NetWire /t REG_SZ  /d ""C:\Users\admin\AppData\Roaming\Install\Host.exe"" /f & reg add HKCU\SOFTWARE\NetWire /v HostId /t REG_SZ /d HostId-kai6Ci /f & reg add HKCU\SOFTWARE\NetWire /v ""Install Date"" /t REG_SZ /d ""2021-08-30 07:17:27"" /f

ParentUser: WINDEV2309EVAL\User",Info,reg.exe,"""cmd.exe"" /c reg add HKCU\Software\Microsoft\Windows\CurrentVersion\Run /v NetWire /t REG_SZ  /d ""C:\Users\admin\AppData\Roaming\Install\Host.exe"" /f & reg add HKCU\SOFTWARE\NetWire /v HostId /t REG_SZ /d HostId-kai6Ci /f & reg add HKCU\SOFTWARE\NetWire /v ""Install Date"" /t REG_SZ /d ""2021-08-30 07:17:27"" /f",C:\Windows\System32\cmd.exe,{f57bd86a-8f85-658c-3b02-000000000f00},5636,WINDEV2309EVAL\User,{f57bd86a-8f85-658c-3d02-000000000f00},3588,5012,Microsoft® Windows® Operating System,,,,"
      ",-,2023-12-27T20:56:37.9710166Z,,,Process Create (rule: ProcessCreate),1,5124,WINDEV2309EVAL\User,S-1-5-18,2023-12-27 20:56:37.970,5,"<Event xmlns=""http://schemas.microsoft.com/win/2004/08/events/event"">
    <System>
      <Provider Name=""Microsoft-Windows-Sysmon"" Guid=""{5770385f-c22a-43e0-bf4c-06f5698ffbd9}""/>
      <EventID>1</EventID>
      <Version>5</Version>
      <Level>4</Level>
      <Task>1</Task>
      <Opcode>0</Opcode>
      <Keywords>0x8000000000000000</Keywords>
      <TimeCreated SystemTime=""2023-12-27T20:56:37.9710166Z""/>
      <EventRecordID>19660</EventRecordID>
      <Correlation/>
      <Execution ProcessID=""3588"" ThreadID=""5124""/>
      <Channel>Microsoft-Windows-Sysmon/Operational</Channel>
      <Computer>WinDev2309Eval</Computer>
      <Security UserID=""S-1-5-18""/>
    </System>
    <EventData>
      <Data Name=""RuleName"">-</Data>
      <Data Name=""UtcTime"">2023-12-27 20:56:37.970</Data>
      <Data Name=""ProcessGuid"">{f57bd86a-8f85-658c-3d02-000000000f00}</Data>
      <Data Name=""ProcessId"">5012</Data>
      <Data Name=""Image"">C:\Windows\System32\reg.exe</Data>
      <Data Name=""FileVersion"">10.0.22621.1 (WinBuild.160101.0800)</Data>
      <Data Name=""Description"">Registry Console Tool</Data>
      <Data Name=""Product"">Microsoft&#174; Windows&#174; Operating System</Data>
      <Data Name=""Company"">Microsoft Corporation</Data>
      <Data Name=""OriginalFileName"">reg.exe</Data>
      <Data Name=""CommandLine"">reg  add HKCU\Software\Microsoft\Windows\CurrentVersion\Run /v NetWire /t REG_SZ  /d ""C:\Users\admin\AppData\Roaming\Install\Host.exe"" /f </Data>
      <Data Name=""CurrentDirectory"">C:\Users\User\AppData\Local\Temp\</Data>
      <Data Name=""User"">WINDEV2309EVAL\User</Data>
      <Data Name=""LogonGuid"">{f57bd86a-36f9-658c-7bf8-020000000000}</Data>
      <Data Name=""LogonId"">0x2f87b</Data>
      <Data Name=""TerminalSessionId"">1</Data>
      <Data Name=""IntegrityLevel"">Medium</Data>
      <Data Name=""Hashes"">MD5=CDB58D0BCABE76AFC60428F364834463,SHA256=411AE446FE37B30C0727888C7FA5E88994A46DAFD41AA5B3B06C9E884549AFDE,IMPHASH=1085BD82B37A225F6D356012D2E69C3D</Data>
      <Data Name=""ParentProcessGuid"">{f57bd86a-8f85-658c-3b02-000000000f00}</Data>
      <Data Name=""ParentProcessId"">5636</Data>
      <Data Name=""ParentImage"">C:\Windows\System32\cmd.exe</Data>
      <Data Name=""ParentCommandLine"">""cmd.exe"" /c reg add HKCU\Software\Microsoft\Windows\CurrentVersion\Run /v NetWire /t REG_SZ  /d ""C:\Users\admin\AppData\Roaming\Install\Host.exe"" /f &amp; reg add HKCU\SOFTWARE\NetWire /v HostId /t REG_SZ /d HostId-kai6Ci /f &amp; reg add HKCU\SOFTWARE\NetWire /v ""Install Date"" /t REG_SZ /d ""2021-08-30 07:17:27"" /f</Data>
      <Data Name=""ParentUser"">WINDEV2309EVAL\User</Data>
    </EventData>
    <RenderingInfo Culture=""en-US"">
      <Message>Process Create:

RuleName: -

UtcTime: 2023-12-27 20:56:37.970

ProcessGuid: {f57bd86a-8f85-658c-3d02-000000000f00}

ProcessId: 5012

Image: C:\Windows\System32\reg.exe

FileVersion: 10.0.22621.1 (WinBuild.160101.0800)

Description: Registry Console Tool

Product: Microsoft&#174; Windows&#174; Operating System

Company: Microsoft Corporation

OriginalFileName: reg.exe

CommandLine: reg  add HKCU\Software\Microsoft\Windows\CurrentVersion\Run /v NetWire /t REG_SZ  /d ""C:\Users\admin\AppData\Roaming\Install\Host.exe"" /f 

CurrentDirectory: C:\Users\User\AppData\Local\Temp\

User: WINDEV2309EVAL\User

LogonGuid: {f57bd86a-36f9-658c-7bf8-020000000000}

LogonId: 0x2F87B

TerminalSessionId: 1

IntegrityLevel: Medium

Hashes: MD5=CDB58D0BCABE76AFC60428F364834463,SHA256=411AE446FE37B30C0727888C7FA5E88994A46DAFD41AA5B3B06C9E884549AFDE,IMPHASH=1085BD82B37A225F6D356012D2E69C3D

ParentProcessGuid: {f57bd86a-8f85-658c-3b02-000000000f00}

ParentProcessId: 5636

ParentImage: C:\Windows\System32\cmd.exe

ParentCommandLine: ""cmd.exe"" /c reg add HKCU\Software\Microsoft\Windows\CurrentVersion\Run /v NetWire /t REG_SZ  /d ""C:\Users\admin\AppData\Roaming\Install\Host.exe"" /f &amp; reg add HKCU\SOFTWARE\NetWire /v HostId /t REG_SZ /d HostId-kai6Ci /f &amp; reg add HKCU\SOFTWARE\NetWire /v ""Install Date"" /t REG_SZ /d ""2021-08-30 07:17:27"" /f

ParentUser: WINDEV2309EVAL\User</Message>
      <Level>Information</Level>
      <Task>Process Create (rule: ProcessCreate)</Task>
      <Opcode>Info</Opcode>
    </RenderingInfo>
  </Event>
  
"
Microsoft-Windows-Sysmon/Operational,"""cmd.exe"" /c reg add HKCU\Software\Microsoft\Windows\CurrentVersion\Run /v NetWire /t REG_SZ  /d ""C:\Users\admin\AppData\Roaming\Install\Host.exe"" /f & reg add HKCU\SOFTWARE\NetWire /v HostId /t REG_SZ /d HostId-kai6Ci /f & reg add HKCU\SOFTWARE\NetWire /v ""Install Date"" /t REG_SZ /d ""2021-08-30 07:17:27"" /f",Microsoft Corporation,WinDev2309Eval,,C:\Users\User\AppData\Local\Temp\,Windows Command Processor,,1,19659,,10.0.22621.2506 (WinBuild.160101.0800),"MD5=133D568ECCB557E37BEA1459521CBAC2,SHA256=05A30592D2C3421C41121145C6EEFA7C81FEA6B42D6233A522240A8468326B9C,IMPHASH=D73E39DAB3C8B57AA408073D01254964",C:\Windows\System32\cmd.exe,Medium,0x8000000000000000,Information,{f57bd86a-36f9-658c-7bf8-020000000000},0x2f87b,"Process Create:

RuleName: -

UtcTime: 2023-12-27 20:56:37.944

ProcessGuid: {f57bd86a-8f85-658c-3b02-000000000f00}

ProcessId: 5636

Image: C:\Windows\System32\cmd.exe

FileVersion: 10.0.22621.2506 (WinBuild.160101.0800)

Description: Windows Command Processor

Product: Microsoft® Windows® Operating System

Company: Microsoft Corporation

OriginalFileName: Cmd.Exe

CommandLine: ""cmd.exe"" /c reg add HKCU\Software\Microsoft\Windows\CurrentVersion\Run /v NetWire /t REG_SZ  /d ""C:\Users\admin\AppData\Roaming\Install\Host.exe"" /f & reg add HKCU\SOFTWARE\NetWire /v HostId /t REG_SZ /d HostId-kai6Ci /f & reg add HKCU\SOFTWARE\NetWire /v ""Install Date"" /t REG_SZ /d ""2021-08-30 07:17:27"" /f

CurrentDirectory: C:\Users\User\AppData\Local\Temp\

User: WINDEV2309EVAL\User

LogonGuid: {f57bd86a-36f9-658c-7bf8-020000000000}

LogonId: 0x2F87B

TerminalSessionId: 1

IntegrityLevel: Medium

Hashes: MD5=133D568ECCB557E37BEA1459521CBAC2,SHA256=05A30592D2C3421C41121145C6EEFA7C81FEA6B42D6233A522240A8468326B9C,IMPHASH=D73E39DAB3C8B57AA408073D01254964

ParentProcessGuid: {00000000-0000-0000-0000-000000000000}

ParentProcessId: 1688

ParentImage: -

ParentCommandLine: -

ParentUser: -",Info,Cmd.Exe,-,-,{00000000-0000-0000-0000-000000000000},1688,-,{f57bd86a-8f85-658c-3b02-000000000f00},3588,5636,Microsoft® Windows® Operating System,,,,"
      ",-,2023-12-27T20:56:37.9454443Z,,,Process Create (rule: ProcessCreate),1,5124,WINDEV2309EVAL\User,S-1-5-18,2023-12-27 20:56:37.944,5,"<Event xmlns=""http://schemas.microsoft.com/win/2004/08/events/event"">
    <System>
      <Provider Name=""Microsoft-Windows-Sysmon"" Guid=""{5770385f-c22a-43e0-bf4c-06f5698ffbd9}""/>
      <EventID>1</EventID>
      <Version>5</Version>
      <Level>4</Level>
      <Task>1</Task>
      <Opcode>0</Opcode>
      <Keywords>0x8000000000000000</Keywords>
      <TimeCreated SystemTime=""2023-12-27T20:56:37.9454443Z""/>
      <EventRecordID>19659</EventRecordID>
      <Correlation/>
      <Execution ProcessID=""3588"" ThreadID=""5124""/>
      <Channel>Microsoft-Windows-Sysmon/Operational</Channel>
      <Computer>WinDev2309Eval</Computer>
      <Security UserID=""S-1-5-18""/>
    </System>
    <EventData>
      <Data Name=""RuleName"">-</Data>
      <Data Name=""UtcTime"">2023-12-27 20:56:37.944</Data>
      <Data Name=""ProcessGuid"">{f57bd86a-8f85-658c-3b02-000000000f00}</Data>
      <Data Name=""ProcessId"">5636</Data>
      <Data Name=""Image"">C:\Windows\System32\cmd.exe</Data>
      <Data Name=""FileVersion"">10.0.22621.2506 (WinBuild.160101.0800)</Data>
      <Data Name=""Description"">Windows Command Processor</Data>
      <Data Name=""Product"">Microsoft&#174; Windows&#174; Operating System</Data>
      <Data Name=""Company"">Microsoft Corporation</Data>
      <Data Name=""OriginalFileName"">Cmd.Exe</Data>
      <Data Name=""CommandLine"">""cmd.exe"" /c reg add HKCU\Software\Microsoft\Windows\CurrentVersion\Run /v NetWire /t REG_SZ  /d ""C:\Users\admin\AppData\Roaming\Install\Host.exe"" /f &amp; reg add HKCU\SOFTWARE\NetWire /v HostId /t REG_SZ /d HostId-kai6Ci /f &amp; reg add HKCU\SOFTWARE\NetWire /v ""Install Date"" /t REG_SZ /d ""2021-08-30 07:17:27"" /f</Data>
      <Data Name=""CurrentDirectory"">C:\Users\User\AppData\Local\Temp\</Data>
      <Data Name=""User"">WINDEV2309EVAL\User</Data>
      <Data Name=""LogonGuid"">{f57bd86a-36f9-658c-7bf8-020000000000}</Data>
      <Data Name=""LogonId"">0x2f87b</Data>
      <Data Name=""TerminalSessionId"">1</Data>
      <Data Name=""IntegrityLevel"">Medium</Data>
      <Data Name=""Hashes"">MD5=133D568ECCB557E37BEA1459521CBAC2,SHA256=05A30592D2C3421C41121145C6EEFA7C81FEA6B42D6233A522240A8468326B9C,IMPHASH=D73E39DAB3C8B57AA408073D01254964</Data>
      <Data Name=""ParentProcessGuid"">{00000000-0000-0000-0000-000000000000}</Data>
      <Data Name=""ParentProcessId"">1688</Data>
      <Data Name=""ParentImage"">-</Data>
      <Data Name=""ParentCommandLine"">-</Data>
      <Data Name=""ParentUser"">-</Data>
    </EventData>
    <RenderingInfo Culture=""en-US"">
      <Message>Process Create:

RuleName: -

UtcTime: 2023-12-27 20:56:37.944

ProcessGuid: {f57bd86a-8f85-658c-3b02-000000000f00}

ProcessId: 5636

Image: C:\Windows\System32\cmd.exe

FileVersion: 10.0.22621.2506 (WinBuild.160101.0800)

Description: Windows Command Processor

Product: Microsoft&#174; Windows&#174; Operating System

Company: Microsoft Corporation

OriginalFileName: Cmd.Exe

CommandLine: ""cmd.exe"" /c reg add HKCU\Software\Microsoft\Windows\CurrentVersion\Run /v NetWire /t REG_SZ  /d ""C:\Users\admin\AppData\Roaming\Install\Host.exe"" /f &amp; reg add HKCU\SOFTWARE\NetWire /v HostId /t REG_SZ /d HostId-kai6Ci /f &amp; reg add HKCU\SOFTWARE\NetWire /v ""Install Date"" /t REG_SZ /d ""2021-08-30 07:17:27"" /f

CurrentDirectory: C:\Users\User\AppData\Local\Temp\

User: WINDEV2309EVAL\User

LogonGuid: {f57bd86a-36f9-658c-7bf8-020000000000}

LogonId: 0x2F87B

TerminalSessionId: 1

IntegrityLevel: Medium

Hashes: MD5=133D568ECCB557E37BEA1459521CBAC2,SHA256=05A30592D2C3421C41121145C6EEFA7C81FEA6B42D6233A522240A8468326B9C,IMPHASH=D73E39DAB3C8B57AA408073D01254964

ParentProcessGuid: {00000000-0000-0000-0000-000000000000}

ParentProcessId: 1688

ParentImage: -

ParentCommandLine: -

ParentUser: -</Message>
      <Level>Information</Level>
      <Task>Process Create (rule: ProcessCreate)</Task>
      <Opcode>Info</Opcode>
    </RenderingInfo>
  </Event>
  
"
