Channel,CommandLine,Company,Computer,CreationUtcTime,CurrentDirectory,Description,EventID,EventRecordID,FileVersion,Hashes,Image,IntegrityLevel,Keywords,Level,LogonGuid,LogonId,Message,Opcode,OriginalFileName,ParentCommandLine,ParentImage,ParentProcessGuid,ParentProcessId,ParentUser,ProcessGuid,ProcessID,ProcessId,Product,QueryName,QueryResults,QueryStatus,RenderingInfo,RuleName,SystemTime,TargetFilename,Task,TerminalSessionId,ThreadID,User,UserID,UtcTime,Version,raw
Microsoft-Windows-Sysmon/Operational,,,WinDev2309Eval,2023-12-27 20:57:47.898,,,11,19591,,,C:\Windows\System32\WindowsPowerShell\v1.0\powershell.exe,,0x8000000000000000,Information,,,"File created:

RuleName: -

UtcTime: 2023-12-27 20:57:47.898

ProcessGuid: {f57bd86a-8fcb-658c-d401-000000000f00}

ProcessId: 1768

Image: C:\Windows\System32\WindowsPowerShell\v1.0\powershell.exe

TargetFilename: C:\Users\User\AppData\Local\Temp\__PSScriptPolicyTest_0r5xzcw3.ab0.ps1

CreationUtcTime: 2023-12-27 20:57:47.898

User: WINDEV2309EVAL\User",Info,,,,,,,{f57bd86a-8fcb-658c-d401-000000000f00},3588,1768,,,,,"
      ",-,2023-12-27T20:57:47.9023555Z,C:\Users\User\AppData\Local\Temp\__PSScriptPolicyTest_0r5xzcw3.ab0.ps1,File created (rule: FileCreate),,5124,WINDEV2309EVAL\User,S-1-5-18,2023-12-27 20:57:47.898,2,"<Event xmlns=""http://schemas.microsoft.com/win/2004/08/events/event"">
    <System>
      <Provider Name=""Microsoft-Windows-Sysmon"" Guid=""{5770385f-c22a-43e0-bf4c-06f5698ffbd9}""/>
      <EventID>11</EventID>
      <Version>2</Version>
      <Level>4</Level>
      <Task>11</Task>
      <Opcode>0</Opcode>
      <Keywords>0x8000000000000000</Keywords>
      <TimeCreated SystemTime=""2023-12-27T20:57:47.9023555Z""/>
      <EventRecordID>19591</EventRecordID>
      <Correlation/>
      <Execution ProcessID=""3588"" ThreadID=""5124""/>
      <Channel>Microsoft-Windows-Sysmon/Operational</Channel>
      <Computer>WinDev2309Eval</Computer>
      <Security UserID=""S-1-5-18""/>
    </System>
    <EventData>
      <Data Name=""RuleName"">-</Data>
      <Data Name=""UtcTime"">2023-12-27 20:57:47.898</Data>
      <Data Name=""ProcessGuid"">{f57bd86a-8fcb-658c-d401-000000000f00}</Data>
      <Data Name=""ProcessId"">1768</Data>
      <Data Name=""Image"">C:\Windows\System32\WindowsPowerShell\v1.0\powershell.exe</Data>
      <Data Name=""TargetFilename"">C:\Users\User\AppData\Local\Temp\__PSScriptPolicyTest_0r5xzcw3.ab0.ps1</Data>
      <Data Name=""CreationUtcTime"">2023-12-27 20:57:47.898</Data>
      <Data Name=""User"">WINDEV2309EVAL\User</Data>
    </EventData>
    <RenderingInfo Culture=""en-US"">
      <Message>File created:

RuleName: -

UtcTime: 2023-12-27 20:57:47.898

ProcessGuid: {f57bd86a-8fcb-658c-d401-000000000f00}

ProcessId: 1768

Image: C:\Windows\System32\WindowsPowerShell\v1.0\powershell.exe

TargetFilename: C:\Users\User\AppData\Local\Temp\__PSScriptPolicyTest_0r5xzcw3.ab0.ps1

CreationUtcTime: 2023-12-27 20:57:47.898

User: WINDEV2309EVAL\User</Message>
      <Level>Information</Level>
      <Task>File created (rule: FileCreate)</Task>
      <Opcode>Info</Opcode>
    </RenderingInfo>
  </Event>
  
"
Microsoft-Windows-Sysmon/Operational,"""powershell.exe"" & {Add-Type -AssemblyName System.Windows.Forms
$screen = [Windows.Forms.SystemInformation]::VirtualScreen
$bitmap = New-Object Drawing.Bitmap $screen.Width, $screen.Height
$graphic = [Drawing.Graphics]::FromImage($bitmap)
$graphic.CopyFromScreen($screen.Left, $screen.Top, 0, 0, $bitmap.Size)
$bitmap.Save(\""""$env:TEMP\T1113.png\"""")}",Microsoft Corporation,WinDev2309Eval,,C:\Users\User\AppData\Local\Temp\,Windows PowerShell,1,19590,10.0.22621.2506 (WinBuild.160101.0800),"MD5=2D1D70C92A419D9079B047954C611886,SHA256=C50057756CDB25D481CF2502ABCEF124F864C27618C5057468BFC6B82B2C4EDD,IMPHASH=E09C4F82A1DA13A09F4FF2E625FEBA20",C:\Windows\System32\WindowsPowerShell\v1.0\powershell.exe,Medium,0x8000000000000000,Information,{f57bd86a-36f9-658c-7bf8-020000000000},0x2f87b,"Process Create:

RuleName: -

UtcTime: 2023-12-27 20:57:47.782

ProcessGuid: {f57bd86a-8fcb-658c-d401-000000000f00}

ProcessId: 1768

Image: C:\Windows\System32\WindowsPowerShell\v1.0\powershell.exe

FileVersion: 10.0.22621.2506 (WinBuild.160101.0800)

Description: Windows PowerShell

Product: Microsoft® Windows® Operating System

Company: Microsoft Corporation

OriginalFileName: PowerShell.EXE

CommandLine: ""powershell.exe"" & {Add-Type -AssemblyName System.Windows.Forms
$screen = [Windows.Forms.SystemInformation]::VirtualScreen
$bitmap = New-Object Drawing.Bitmap $screen.Width, $screen.Height
$graphic = [Drawing.Graphics]::FromImage($bitmap)
$graphic.CopyFromScreen($screen.Left, $screen.Top, 0, 0, $bitmap.Size)
$bitmap.Save(\""""$env:TEMP\T1113.png\"""")}

CurrentDirectory: C:\Users\User\AppData\Local\Temp\

User: WINDEV2309EVAL\User

LogonGuid: {f57bd86a-36f9-658c-7bf8-020000000000}

LogonId: 0x2F87B

TerminalSessionId: 1

IntegrityLevel: Medium

Hashes: MD5=2D1D70C92A419D9079B047954C611886,SHA256=C50057756CDB25D481CF2502ABCEF124F864C27618C5057468BFC6B82B2C4EDD,IMPHASH=E09C4F82A1DA13A09F4FF2E625FEBA20

ParentProcessGuid: {00000000-0000-0000-0000-000000000000}

ParentProcessId: 1688

ParentImage: -

ParentCommandLine: -

ParentUser: -",Info,PowerShell.EXE,-,-,{00000000-0000-0000-0000-000000000000},1688,-,{f57bd86a-8fcb-658c-d401-000000000f00},3588,1768,Microsoft® Windows® Operating System,,,,"
      ",-,2023-12-27T20:57:47.7832841Z,,Process Create (rule: ProcessCreate),1,5124,WINDEV2309EVAL\User,S-1-5-18,2023-12-27 20:57:47.782,5,"<Event xmlns=""http://schemas.microsoft.com/win/2004/08/events/event"">
    <System>
      <Provider Name=""Microsoft-Windows-Sysmon"" Guid=""{5770385f-c22a-43e0-bf4c-06f5698ffbd9}""/>
      <EventID>1</EventID>
      <Version>5</Version>
      <Level>4</Level>
      <Task>1</Task>
      <Opcode>0</Opcode>
      <Keywords>0x8000000000000000</Keywords>
      <TimeCreated SystemTime=""2023-12-27T20:57:47.7832841Z""/>
      <EventRecordID>19590</EventRecordID>
      <Correlation/>
      <Execution ProcessID=""3588"" ThreadID=""5124""/>
      <Channel>Microsoft-Windows-Sysmon/Operational</Channel>
      <Computer>WinDev2309Eval</Computer>
      <Security UserID=""S-1-5-18""/>
    </System>
    <EventData>
      <Data Name=""RuleName"">-</Data>
      <Data Name=""UtcTime"">2023-12-27 20:57:47.782</Data>
      <Data Name=""ProcessGuid"">{f57bd86a-8fcb-658c-d401-000000000f00}</Data>
      <Data Name=""ProcessId"">1768</Data>
      <Data Name=""Image"">C:\Windows\System32\WindowsPowerShell\v1.0\powershell.exe</Data>
      <Data Name=""FileVersion"">10.0.22621.2506 (WinBuild.160101.0800)</Data>
      <Data Name=""Description"">Windows PowerShell</Data>
      <Data Name=""Product"">Microsoft&#174; Windows&#174; Operating System</Data>
      <Data Name=""Company"">Microsoft Corporation</Data>
      <Data Name=""OriginalFileName"">PowerShell.EXE</Data>
      <Data Name=""CommandLine"">""powershell.exe"" &amp; {Add-Type -AssemblyName System.Windows.Forms
$screen = [Windows.Forms.SystemInformation]::VirtualScreen
$bitmap = New-Object Drawing.Bitmap $screen.Width, $screen.Height
$graphic = [Drawing.Graphics]::FromImage($bitmap)
$graphic.CopyFromScreen($screen.Left, $screen.Top, 0, 0, $bitmap.Size)
$bitmap.Save(\""""$env:TEMP\T1113.png\"""")}</Data>
      <Data Name=""CurrentDirectory"">C:\Users\User\AppData\Local\Temp\</Data>
      <Data Name=""User"">WINDEV2309EVAL\User</Data>
      <Data Name=""LogonGuid"">{f57bd86a-36f9-658c-7bf8-020000000000}</Data>
      <Data Name=""LogonId"">0x2f87b</Data>
      <Data Name=""TerminalSessionId"">1</Data>
      <Data Name=""IntegrityLevel"">Medium</Data>
      <Data Name=""Hashes"">MD5=2D1D70C92A419D9079B047954C611886,SHA256=C50057756CDB25D481CF2502ABCEF124F864C27618C5057468BFC6B82B2C4EDD,IMPHASH=E09C4F82A1DA13A09F4FF2E625FEBA20</Data>
      <Data Name=""ParentProcessGuid"">{00000000-0000-0000-0000-000000000000}</Data>
      <Data Name=""ParentProcessId"">1688</Data>
      <Data Name=""ParentImage"">-</Data>
      <Data Name=""ParentCommandLine"">-</Data>
      <Data Name=""ParentUser"">-</Data>
    </EventData>
    <RenderingInfo Culture=""en-US"">
      <Message>Process Create:

RuleName: -

UtcTime: 2023-12-27 20:57:47.782

ProcessGuid: {f57bd86a-8fcb-658c-d401-000000000f00}

ProcessId: 1768

Image: C:\Windows\System32\WindowsPowerShell\v1.0\powershell.exe

FileVersion: 10.0.22621.2506 (WinBuild.160101.0800)

Description: Windows PowerShell

Product: Microsoft&#174; Windows&#174; Operating System

Company: Microsoft Corporation

OriginalFileName: PowerShell.EXE

CommandLine: ""powershell.exe"" &amp; {Add-Type -AssemblyName System.Windows.Forms
$screen = [Windows.Forms.SystemInformation]::VirtualScreen
$bitmap = New-Object Drawing.Bitmap $screen.Width, $screen.Height
$graphic = [Drawing.Graphics]::FromImage($bitmap)
$graphic.CopyFromScreen($screen.Left, $screen.Top, 0, 0, $bitmap.Size)
$bitmap.Save(\""""$env:TEMP\T1113.png\"""")}

CurrentDirectory: C:\Users\User\AppData\Local\Temp\

User: WINDEV2309EVAL\User

LogonGuid: {f57bd86a-36f9-658c-7bf8-020000000000}

LogonId: 0x2F87B

TerminalSessionId: 1

IntegrityLevel: Medium

Hashes: MD5=2D1D70C92A419D9079B047954C611886,SHA256=C50057756CDB25D481CF2502ABCEF124F864C27618C5057468BFC6B82B2C4EDD,IMPHASH=E09C4F82A1DA13A09F4FF2E625FEBA20

ParentProcessGuid: {00000000-0000-0000-0000-000000000000}

ParentProcessId: 1688

ParentImage: -

ParentCommandLine: -

ParentUser: -</Message>
      <Level>Information</Level>
      <Task>Process Create (rule: ProcessCreate)</Task>
      <Opcode>Info</Opcode>
    </RenderingInfo>
  </Event>
  
"
Microsoft-Windows-Sysmon/Operational,"""C:\Windows\system32\psr.exe""  /stop",Microsoft Corporation,WinDev2309Eval,,C:\Users\User\AppData\Local\Temp\,Steps Recorder,1,19589,10.0.22621.2792 (WinBuild.160101.0800),"MD5=CDEE6978DE8050E0992F225B8DF1A043,SHA256=C0DBD6D861C9D94DE4AC406DF40E1791E5E546642B22912AECBDFF05DF233A01,IMPHASH=A0EDDB2CCE84BB38B4E283F8E4696A3C",C:\Windows\System32\psr.exe,High,0x8000000000000000,Information,{f57bd86a-36f9-658c-7bf8-020000000000},0x2f87b,"Process Create:

RuleName: -

UtcTime: 2023-12-27 20:57:46.353

ProcessGuid: {f57bd86a-8fca-658c-d301-000000000f00}

ProcessId: 412

Image: C:\Windows\System32\psr.exe

FileVersion: 10.0.22621.2792 (WinBuild.160101.0800)

Description: Steps Recorder

Product: Microsoft® Windows® Operating System

Company: Microsoft Corporation

OriginalFileName: psr.exe

CommandLine: ""C:\Windows\system32\psr.exe""  /stop

CurrentDirectory: C:\Users\User\AppData\Local\Temp\

User: WINDEV2309EVAL\User

LogonGuid: {f57bd86a-36f9-658c-7bf8-020000000000}

LogonId: 0x2F87B

TerminalSessionId: 1

IntegrityLevel: High

Hashes: MD5=CDEE6978DE8050E0992F225B8DF1A043,SHA256=C0DBD6D861C9D94DE4AC406DF40E1791E5E546642B22912AECBDFF05DF233A01,IMPHASH=A0EDDB2CCE84BB38B4E283F8E4696A3C

ParentProcessGuid: {f57bd86a-8fc5-658c-cd01-000000000f00}

ParentProcessId: 10740

ParentImage: C:\Windows\System32\cmd.exe

ParentCommandLine: ""C:\Windows\system32\cmd.exe"" /c ""timeout 5 > NULL && psr.exe /stop""

ParentUser: WINDEV2309EVAL\User",Info,psr.exe,"""C:\Windows\system32\cmd.exe"" /c ""timeout 5 > NULL && psr.exe /stop""",C:\Windows\System32\cmd.exe,{f57bd86a-8fc5-658c-cd01-000000000f00},10740,WINDEV2309EVAL\User,{f57bd86a-8fca-658c-d301-000000000f00},3588,412,Microsoft® Windows® Operating System,,,,"
      ",-,2023-12-27T20:57:46.3544289Z,,Process Create (rule: ProcessCreate),1,5124,WINDEV2309EVAL\User,S-1-5-18,2023-12-27 20:57:46.353,5,"<Event xmlns=""http://schemas.microsoft.com/win/2004/08/events/event"">
    <System>
      <Provider Name=""Microsoft-Windows-Sysmon"" Guid=""{5770385f-c22a-43e0-bf4c-06f5698ffbd9}""/>
      <EventID>1</EventID>
      <Version>5</Version>
      <Level>4</Level>
      <Task>1</Task>
      <Opcode>0</Opcode>
      <Keywords>0x8000000000000000</Keywords>
      <TimeCreated SystemTime=""2023-12-27T20:57:46.3544289Z""/>
      <EventRecordID>19589</EventRecordID>
      <Correlation/>
      <Execution ProcessID=""3588"" ThreadID=""5124""/>
      <Channel>Microsoft-Windows-Sysmon/Operational</Channel>
      <Computer>WinDev2309Eval</Computer>
      <Security UserID=""S-1-5-18""/>
    </System>
    <EventData>
      <Data Name=""RuleName"">-</Data>
      <Data Name=""UtcTime"">2023-12-27 20:57:46.353</Data>
      <Data Name=""ProcessGuid"">{f57bd86a-8fca-658c-d301-000000000f00}</Data>
      <Data Name=""ProcessId"">412</Data>
      <Data Name=""Image"">C:\Windows\System32\psr.exe</Data>
      <Data Name=""FileVersion"">10.0.22621.2792 (WinBuild.160101.0800)</Data>
      <Data Name=""Description"">Steps Recorder</Data>
      <Data Name=""Product"">Microsoft&#174; Windows&#174; Operating System</Data>
      <Data Name=""Company"">Microsoft Corporation</Data>
      <Data Name=""OriginalFileName"">psr.exe</Data>
      <Data Name=""CommandLine"">""C:\Windows\system32\psr.exe""  /stop</Data>
      <Data Name=""CurrentDirectory"">C:\Users\User\AppData\Local\Temp\</Data>
      <Data Name=""User"">WINDEV2309EVAL\User</Data>
      <Data Name=""LogonGuid"">{f57bd86a-36f9-658c-7bf8-020000000000}</Data>
      <Data Name=""LogonId"">0x2f87b</Data>
      <Data Name=""TerminalSessionId"">1</Data>
      <Data Name=""IntegrityLevel"">High</Data>
      <Data Name=""Hashes"">MD5=CDEE6978DE8050E0992F225B8DF1A043,SHA256=C0DBD6D861C9D94DE4AC406DF40E1791E5E546642B22912AECBDFF05DF233A01,IMPHASH=A0EDDB2CCE84BB38B4E283F8E4696A3C</Data>
      <Data Name=""ParentProcessGuid"">{f57bd86a-8fc5-658c-cd01-000000000f00}</Data>
      <Data Name=""ParentProcessId"">10740</Data>
      <Data Name=""ParentImage"">C:\Windows\System32\cmd.exe</Data>
      <Data Name=""ParentCommandLine"">""C:\Windows\system32\cmd.exe"" /c ""timeout 5 &gt; NULL &amp;&amp; psr.exe /stop""</Data>
      <Data Name=""ParentUser"">WINDEV2309EVAL\User</Data>
    </EventData>
    <RenderingInfo Culture=""en-US"">
      <Message>Process Create:

RuleName: -

UtcTime: 2023-12-27 20:57:46.353

ProcessGuid: {f57bd86a-8fca-658c-d301-000000000f00}

ProcessId: 412

Image: C:\Windows\System32\psr.exe

FileVersion: 10.0.22621.2792 (WinBuild.160101.0800)

Description: Steps Recorder

Product: Microsoft&#174; Windows&#174; Operating System

Company: Microsoft Corporation

OriginalFileName: psr.exe

CommandLine: ""C:\Windows\system32\psr.exe""  /stop

CurrentDirectory: C:\Users\User\AppData\Local\Temp\

User: WINDEV2309EVAL\User

LogonGuid: {f57bd86a-36f9-658c-7bf8-020000000000}

LogonId: 0x2F87B

TerminalSessionId: 1

IntegrityLevel: High

Hashes: MD5=CDEE6978DE8050E0992F225B8DF1A043,SHA256=C0DBD6D861C9D94DE4AC406DF40E1791E5E546642B22912AECBDFF05DF233A01,IMPHASH=A0EDDB2CCE84BB38B4E283F8E4696A3C

ParentProcessGuid: {f57bd86a-8fc5-658c-cd01-000000000f00}

ParentProcessId: 10740

ParentImage: C:\Windows\System32\cmd.exe

ParentCommandLine: ""C:\Windows\system32\cmd.exe"" /c ""timeout 5 &gt; NULL &amp;&amp; psr.exe /stop""

ParentUser: WINDEV2309EVAL\User</Message>
      <Level>Information</Level>
      <Task>Process Create (rule: ProcessCreate)</Task>
      <Opcode>Info</Opcode>
    </RenderingInfo>
  </Event>
  
"
Microsoft-Windows-Sysmon/Operational,consent.exe 6032 300 000001B71E6C7F70,Microsoft Corporation,WinDev2309Eval,,C:\Windows\system32\,Consent UI for administrative applications,1,19588,10.0.22621.2506 (WinBuild.160101.0800),"MD5=8F81A5DDAA613AE681DA25B86F727E6B,SHA256=8191FB83695F7B60B9D2D137B571EA6FFE34ED6DFAE48866BFBDC934806D5229,IMPHASH=5D0C875DBD930A73D5A983016E384930",C:\Windows\System32\consent.exe,System,0x8000000000000000,Information,{f57bd86a-36f5-658c-e703-000000000000},0x3e7,"Process Create:

RuleName: -

UtcTime: 2023-12-27 20:57:46.277

ProcessGuid: {f57bd86a-8fca-658c-d201-000000000f00}

ProcessId: 10680

Image: C:\Windows\System32\consent.exe

FileVersion: 10.0.22621.2506 (WinBuild.160101.0800)

Description: Consent UI for administrative applications

Product: Microsoft® Windows® Operating System

Company: Microsoft Corporation

OriginalFileName: consent.exe

CommandLine: consent.exe 6032 300 000001B71E6C7F70

CurrentDirectory: C:\Windows\system32\

User: NT AUTHORITY\SYSTEM

LogonGuid: {f57bd86a-36f5-658c-e703-000000000000}

LogonId: 0x3E7

TerminalSessionId: 1

IntegrityLevel: System

Hashes: MD5=8F81A5DDAA613AE681DA25B86F727E6B,SHA256=8191FB83695F7B60B9D2D137B571EA6FFE34ED6DFAE48866BFBDC934806D5229,IMPHASH=5D0C875DBD930A73D5A983016E384930

ParentProcessGuid: {f57bd86a-36fc-658c-7f00-000000000f00}

ParentProcessId: 6032

ParentImage: C:\Windows\System32\svchost.exe

ParentCommandLine: C:\Windows\system32\svchost.exe -k netsvcs -p -s Appinfo

ParentUser: NT AUTHORITY\SYSTEM",Info,consent.exe,C:\Windows\system32\svchost.exe -k netsvcs -p -s Appinfo,C:\Windows\System32\svchost.exe,{f57bd86a-36fc-658c-7f00-000000000f00},6032,NT AUTHORITY\SYSTEM,{f57bd86a-8fca-658c-d201-000000000f00},3588,10680,Microsoft® Windows® Operating System,,,,"
      ",-,2023-12-27T20:57:46.2784863Z,,Process Create (rule: ProcessCreate),1,5124,NT AUTHORITY\SYSTEM,S-1-5-18,2023-12-27 20:57:46.277,5,"<Event xmlns=""http://schemas.microsoft.com/win/2004/08/events/event"">
    <System>
      <Provider Name=""Microsoft-Windows-Sysmon"" Guid=""{5770385f-c22a-43e0-bf4c-06f5698ffbd9}""/>
      <EventID>1</EventID>
      <Version>5</Version>
      <Level>4</Level>
      <Task>1</Task>
      <Opcode>0</Opcode>
      <Keywords>0x8000000000000000</Keywords>
      <TimeCreated SystemTime=""2023-12-27T20:57:46.2784863Z""/>
      <EventRecordID>19588</EventRecordID>
      <Correlation/>
      <Execution ProcessID=""3588"" ThreadID=""5124""/>
      <Channel>Microsoft-Windows-Sysmon/Operational</Channel>
      <Computer>WinDev2309Eval</Computer>
      <Security UserID=""S-1-5-18""/>
    </System>
    <EventData>
      <Data Name=""RuleName"">-</Data>
      <Data Name=""UtcTime"">2023-12-27 20:57:46.277</Data>
      <Data Name=""ProcessGuid"">{f57bd86a-8fca-658c-d201-000000000f00}</Data>
      <Data Name=""ProcessId"">10680</Data>
      <Data Name=""Image"">C:\Windows\System32\consent.exe</Data>
      <Data Name=""FileVersion"">10.0.22621.2506 (WinBuild.160101.0800)</Data>
      <Data Name=""Description"">Consent UI for administrative applications</Data>
      <Data Name=""Product"">Microsoft&#174; Windows&#174; Operating System</Data>
      <Data Name=""Company"">Microsoft Corporation</Data>
      <Data Name=""OriginalFileName"">consent.exe</Data>
      <Data Name=""CommandLine"">consent.exe 6032 300 000001B71E6C7F70</Data>
      <Data Name=""CurrentDirectory"">C:\Windows\system32\</Data>
      <Data Name=""User"">NT AUTHORITY\SYSTEM</Data>
      <Data Name=""LogonGuid"">{f57bd86a-36f5-658c-e703-000000000000}</Data>
      <Data Name=""LogonId"">0x3e7</Data>
      <Data Name=""TerminalSessionId"">1</Data>
      <Data Name=""IntegrityLevel"">System</Data>
      <Data Name=""Hashes"">MD5=8F81A5DDAA613AE681DA25B86F727E6B,SHA256=8191FB83695F7B60B9D2D137B571EA6FFE34ED6DFAE48866BFBDC934806D5229,IMPHASH=5D0C875DBD930A73D5A983016E384930</Data>
      <Data Name=""ParentProcessGuid"">{f57bd86a-36fc-658c-7f00-000000000f00}</Data>
      <Data Name=""ParentProcessId"">6032</Data>
      <Data Name=""ParentImage"">C:\Windows\System32\svchost.exe</Data>
      <Data Name=""ParentCommandLine"">C:\Windows\system32\svchost.exe -k netsvcs -p -s Appinfo</Data>
      <Data Name=""ParentUser"">NT AUTHORITY\SYSTEM</Data>
    </EventData>
    <RenderingInfo Culture=""en-US"">
      <Message>Process Create:

RuleName: -

UtcTime: 2023-12-27 20:57:46.277

ProcessGuid: {f57bd86a-8fca-658c-d201-000000000f00}

ProcessId: 10680

Image: C:\Windows\System32\consent.exe

FileVersion: 10.0.22621.2506 (WinBuild.160101.0800)

Description: Consent UI for administrative applications

Product: Microsoft&#174; Windows&#174; Operating System

Company: Microsoft Corporation

OriginalFileName: consent.exe

CommandLine: consent.exe 6032 300 000001B71E6C7F70

CurrentDirectory: C:\Windows\system32\

User: NT AUTHORITY\SYSTEM

LogonGuid: {f57bd86a-36f5-658c-e703-000000000000}

LogonId: 0x3E7

TerminalSessionId: 1

IntegrityLevel: System

Hashes: MD5=8F81A5DDAA613AE681DA25B86F727E6B,SHA256=8191FB83695F7B60B9D2D137B571EA6FFE34ED6DFAE48866BFBDC934806D5229,IMPHASH=5D0C875DBD930A73D5A983016E384930

ParentProcessGuid: {f57bd86a-36fc-658c-7f00-000000000f00}

ParentProcessId: 6032

ParentImage: C:\Windows\System32\svchost.exe

ParentCommandLine: C:\Windows\system32\svchost.exe -k netsvcs -p -s Appinfo

ParentUser: NT AUTHORITY\SYSTEM</Message>
      <Level>Information</Level>
      <Task>Process Create (rule: ProcessCreate)</Task>
      <Opcode>Info</Opcode>
    </RenderingInfo>
  </Event>
  
"
Microsoft-Windows-Sysmon/Operational,"""C:\Windows\system32\psr.exe""  /stop",Microsoft Corporation,WinDev2309Eval,,C:\Users\User\AppData\Local\Temp\,Steps Recorder,1,19587,10.0.22621.2792 (WinBuild.160101.0800),"MD5=CDEE6978DE8050E0992F225B8DF1A043,SHA256=C0DBD6D861C9D94DE4AC406DF40E1791E5E546642B22912AECBDFF05DF233A01,IMPHASH=A0EDDB2CCE84BB38B4E283F8E4696A3C",C:\Windows\System32\psr.exe,Medium,0x8000000000000000,Information,{f57bd86a-36f9-658c-7bf8-020000000000},0x2f87b,"Process Create:

RuleName: -

UtcTime: 2023-12-27 20:57:46.267

ProcessGuid: {f57bd86a-8fca-658c-d101-000000000f00}

ProcessId: 4500

Image: C:\Windows\System32\psr.exe

FileVersion: 10.0.22621.2792 (WinBuild.160101.0800)

Description: Steps Recorder

Product: Microsoft® Windows® Operating System

Company: Microsoft Corporation

OriginalFileName: psr.exe

CommandLine: ""C:\Windows\system32\psr.exe""  /stop

CurrentDirectory: C:\Users\User\AppData\Local\Temp\

User: WINDEV2309EVAL\User

LogonGuid: {f57bd86a-36f9-658c-7bf8-020000000000}

LogonId: 0x2F87B

TerminalSessionId: 1

IntegrityLevel: Medium

Hashes: MD5=CDEE6978DE8050E0992F225B8DF1A043,SHA256=C0DBD6D861C9D94DE4AC406DF40E1791E5E546642B22912AECBDFF05DF233A01,IMPHASH=A0EDDB2CCE84BB38B4E283F8E4696A3C

ParentProcessGuid: {f57bd86a-8fc5-658c-cd01-000000000f00}

ParentProcessId: 10740

ParentImage: C:\Windows\System32\cmd.exe

ParentCommandLine: ""C:\Windows\system32\cmd.exe"" /c ""timeout 5 > NULL && psr.exe /stop""

ParentUser: WINDEV2309EVAL\User",Info,psr.exe,"""C:\Windows\system32\cmd.exe"" /c ""timeout 5 > NULL && psr.exe /stop""",C:\Windows\System32\cmd.exe,{f57bd86a-8fc5-658c-cd01-000000000f00},10740,WINDEV2309EVAL\User,{f57bd86a-8fca-658c-d101-000000000f00},3588,4500,Microsoft® Windows® Operating System,,,,"
      ",-,2023-12-27T20:57:46.2681035Z,,Process Create (rule: ProcessCreate),1,5124,WINDEV2309EVAL\User,S-1-5-18,2023-12-27 20:57:46.267,5,"<Event xmlns=""http://schemas.microsoft.com/win/2004/08/events/event"">
    <System>
      <Provider Name=""Microsoft-Windows-Sysmon"" Guid=""{5770385f-c22a-43e0-bf4c-06f5698ffbd9}""/>
      <EventID>1</EventID>
      <Version>5</Version>
      <Level>4</Level>
      <Task>1</Task>
      <Opcode>0</Opcode>
      <Keywords>0x8000000000000000</Keywords>
      <TimeCreated SystemTime=""2023-12-27T20:57:46.2681035Z""/>
      <EventRecordID>19587</EventRecordID>
      <Correlation/>
      <Execution ProcessID=""3588"" ThreadID=""5124""/>
      <Channel>Microsoft-Windows-Sysmon/Operational</Channel>
      <Computer>WinDev2309Eval</Computer>
      <Security UserID=""S-1-5-18""/>
    </System>
    <EventData>
      <Data Name=""RuleName"">-</Data>
      <Data Name=""UtcTime"">2023-12-27 20:57:46.267</Data>
      <Data Name=""ProcessGuid"">{f57bd86a-8fca-658c-d101-000000000f00}</Data>
      <Data Name=""ProcessId"">4500</Data>
      <Data Name=""Image"">C:\Windows\System32\psr.exe</Data>
      <Data Name=""FileVersion"">10.0.22621.2792 (WinBuild.160101.0800)</Data>
      <Data Name=""Description"">Steps Recorder</Data>
      <Data Name=""Product"">Microsoft&#174; Windows&#174; Operating System</Data>
      <Data Name=""Company"">Microsoft Corporation</Data>
      <Data Name=""OriginalFileName"">psr.exe</Data>
      <Data Name=""CommandLine"">""C:\Windows\system32\psr.exe""  /stop</Data>
      <Data Name=""CurrentDirectory"">C:\Users\User\AppData\Local\Temp\</Data>
      <Data Name=""User"">WINDEV2309EVAL\User</Data>
      <Data Name=""LogonGuid"">{f57bd86a-36f9-658c-7bf8-020000000000}</Data>
      <Data Name=""LogonId"">0x2f87b</Data>
      <Data Name=""TerminalSessionId"">1</Data>
      <Data Name=""IntegrityLevel"">Medium</Data>
      <Data Name=""Hashes"">MD5=CDEE6978DE8050E0992F225B8DF1A043,SHA256=C0DBD6D861C9D94DE4AC406DF40E1791E5E546642B22912AECBDFF05DF233A01,IMPHASH=A0EDDB2CCE84BB38B4E283F8E4696A3C</Data>
      <Data Name=""ParentProcessGuid"">{f57bd86a-8fc5-658c-cd01-000000000f00}</Data>
      <Data Name=""ParentProcessId"">10740</Data>
      <Data Name=""ParentImage"">C:\Windows\System32\cmd.exe</Data>
      <Data Name=""ParentCommandLine"">""C:\Windows\system32\cmd.exe"" /c ""timeout 5 &gt; NULL &amp;&amp; psr.exe /stop""</Data>
      <Data Name=""ParentUser"">WINDEV2309EVAL\User</Data>
    </EventData>
    <RenderingInfo Culture=""en-US"">
      <Message>Process Create:

RuleName: -

UtcTime: 2023-12-27 20:57:46.267

ProcessGuid: {f57bd86a-8fca-658c-d101-000000000f00}

ProcessId: 4500

Image: C:\Windows\System32\psr.exe

FileVersion: 10.0.22621.2792 (WinBuild.160101.0800)

Description: Steps Recorder

Product: Microsoft&#174; Windows&#174; Operating System

Company: Microsoft Corporation

OriginalFileName: psr.exe

CommandLine: ""C:\Windows\system32\psr.exe""  /stop

CurrentDirectory: C:\Users\User\AppData\Local\Temp\

User: WINDEV2309EVAL\User

LogonGuid: {f57bd86a-36f9-658c-7bf8-020000000000}

LogonId: 0x2F87B

TerminalSessionId: 1

IntegrityLevel: Medium

Hashes: MD5=CDEE6978DE8050E0992F225B8DF1A043,SHA256=C0DBD6D861C9D94DE4AC406DF40E1791E5E546642B22912AECBDFF05DF233A01,IMPHASH=A0EDDB2CCE84BB38B4E283F8E4696A3C

ParentProcessGuid: {f57bd86a-8fc5-658c-cd01-000000000f00}

ParentProcessId: 10740

ParentImage: C:\Windows\System32\cmd.exe

ParentCommandLine: ""C:\Windows\system32\cmd.exe"" /c ""timeout 5 &gt; NULL &amp;&amp; psr.exe /stop""

ParentUser: WINDEV2309EVAL\User</Message>
      <Level>Information</Level>
      <Task>Process Create (rule: ProcessCreate)</Task>
      <Opcode>Info</Opcode>
    </RenderingInfo>
  </Event>
  
"
Microsoft-Windows-Sysmon/Operational,psr.exe  /stop,Microsoft Corporation,WinDev2309Eval,,C:\Users\User\AppData\Local\Temp\,Steps Recorder,1,19586,10.0.22621.2792 (WinBuild.160101.0800),"MD5=CDEE6978DE8050E0992F225B8DF1A043,SHA256=C0DBD6D861C9D94DE4AC406DF40E1791E5E546642B22912AECBDFF05DF233A01,IMPHASH=A0EDDB2CCE84BB38B4E283F8E4696A3C",C:\Windows\System32\psr.exe,Medium,0x8000000000000000,Information,{f57bd86a-36f9-658c-7bf8-020000000000},0x2f87b,"Process Create:

RuleName: -

UtcTime: 2023-12-27 20:57:46.171

ProcessGuid: {f57bd86a-8fca-658c-d001-000000000f00}

ProcessId: 5216

Image: C:\Windows\System32\psr.exe

FileVersion: 10.0.22621.2792 (WinBuild.160101.0800)

Description: Steps Recorder

Product: Microsoft® Windows® Operating System

Company: Microsoft Corporation

OriginalFileName: psr.exe

CommandLine: psr.exe  /stop

CurrentDirectory: C:\Users\User\AppData\Local\Temp\

User: WINDEV2309EVAL\User

LogonGuid: {f57bd86a-36f9-658c-7bf8-020000000000}

LogonId: 0x2F87B

TerminalSessionId: 1

IntegrityLevel: Medium

Hashes: MD5=CDEE6978DE8050E0992F225B8DF1A043,SHA256=C0DBD6D861C9D94DE4AC406DF40E1791E5E546642B22912AECBDFF05DF233A01,IMPHASH=A0EDDB2CCE84BB38B4E283F8E4696A3C

ParentProcessGuid: {f57bd86a-8fc5-658c-cd01-000000000f00}

ParentProcessId: 10740

ParentImage: C:\Windows\System32\cmd.exe

ParentCommandLine: ""C:\Windows\system32\cmd.exe"" /c ""timeout 5 > NULL && psr.exe /stop""

ParentUser: WINDEV2309EVAL\User",Info,psr.exe,"""C:\Windows\system32\cmd.exe"" /c ""timeout 5 > NULL && psr.exe /stop""",C:\Windows\System32\cmd.exe,{f57bd86a-8fc5-658c-cd01-000000000f00},10740,WINDEV2309EVAL\User,{f57bd86a-8fca-658c-d001-000000000f00},3588,5216,Microsoft® Windows® Operating System,,,,"
      ",-,2023-12-27T20:57:46.1761838Z,,Process Create (rule: ProcessCreate),1,5124,WINDEV2309EVAL\User,S-1-5-18,2023-12-27 20:57:46.171,5,"<Event xmlns=""http://schemas.microsoft.com/win/2004/08/events/event"">
    <System>
      <Provider Name=""Microsoft-Windows-Sysmon"" Guid=""{5770385f-c22a-43e0-bf4c-06f5698ffbd9}""/>
      <EventID>1</EventID>
      <Version>5</Version>
      <Level>4</Level>
      <Task>1</Task>
      <Opcode>0</Opcode>
      <Keywords>0x8000000000000000</Keywords>
      <TimeCreated SystemTime=""2023-12-27T20:57:46.1761838Z""/>
      <EventRecordID>19586</EventRecordID>
      <Correlation/>
      <Execution ProcessID=""3588"" ThreadID=""5124""/>
      <Channel>Microsoft-Windows-Sysmon/Operational</Channel>
      <Computer>WinDev2309Eval</Computer>
      <Security UserID=""S-1-5-18""/>
    </System>
    <EventData>
      <Data Name=""RuleName"">-</Data>
      <Data Name=""UtcTime"">2023-12-27 20:57:46.171</Data>
      <Data Name=""ProcessGuid"">{f57bd86a-8fca-658c-d001-000000000f00}</Data>
      <Data Name=""ProcessId"">5216</Data>
      <Data Name=""Image"">C:\Windows\System32\psr.exe</Data>
      <Data Name=""FileVersion"">10.0.22621.2792 (WinBuild.160101.0800)</Data>
      <Data Name=""Description"">Steps Recorder</Data>
      <Data Name=""Product"">Microsoft&#174; Windows&#174; Operating System</Data>
      <Data Name=""Company"">Microsoft Corporation</Data>
      <Data Name=""OriginalFileName"">psr.exe</Data>
      <Data Name=""CommandLine"">psr.exe  /stop</Data>
      <Data Name=""CurrentDirectory"">C:\Users\User\AppData\Local\Temp\</Data>
      <Data Name=""User"">WINDEV2309EVAL\User</Data>
      <Data Name=""LogonGuid"">{f57bd86a-36f9-658c-7bf8-020000000000}</Data>
      <Data Name=""LogonId"">0x2f87b</Data>
      <Data Name=""TerminalSessionId"">1</Data>
      <Data Name=""IntegrityLevel"">Medium</Data>
      <Data Name=""Hashes"">MD5=CDEE6978DE8050E0992F225B8DF1A043,SHA256=C0DBD6D861C9D94DE4AC406DF40E1791E5E546642B22912AECBDFF05DF233A01,IMPHASH=A0EDDB2CCE84BB38B4E283F8E4696A3C</Data>
      <Data Name=""ParentProcessGuid"">{f57bd86a-8fc5-658c-cd01-000000000f00}</Data>
      <Data Name=""ParentProcessId"">10740</Data>
      <Data Name=""ParentImage"">C:\Windows\System32\cmd.exe</Data>
      <Data Name=""ParentCommandLine"">""C:\Windows\system32\cmd.exe"" /c ""timeout 5 &gt; NULL &amp;&amp; psr.exe /stop""</Data>
      <Data Name=""ParentUser"">WINDEV2309EVAL\User</Data>
    </EventData>
    <RenderingInfo Culture=""en-US"">
      <Message>Process Create:

RuleName: -

UtcTime: 2023-12-27 20:57:46.171

ProcessGuid: {f57bd86a-8fca-658c-d001-000000000f00}

ProcessId: 5216

Image: C:\Windows\System32\psr.exe

FileVersion: 10.0.22621.2792 (WinBuild.160101.0800)

Description: Steps Recorder

Product: Microsoft&#174; Windows&#174; Operating System

Company: Microsoft Corporation

OriginalFileName: psr.exe

CommandLine: psr.exe  /stop

CurrentDirectory: C:\Users\User\AppData\Local\Temp\

User: WINDEV2309EVAL\User

LogonGuid: {f57bd86a-36f9-658c-7bf8-020000000000}

LogonId: 0x2F87B

TerminalSessionId: 1

IntegrityLevel: Medium

Hashes: MD5=CDEE6978DE8050E0992F225B8DF1A043,SHA256=C0DBD6D861C9D94DE4AC406DF40E1791E5E546642B22912AECBDFF05DF233A01,IMPHASH=A0EDDB2CCE84BB38B4E283F8E4696A3C

ParentProcessGuid: {f57bd86a-8fc5-658c-cd01-000000000f00}

ParentProcessId: 10740

ParentImage: C:\Windows\System32\cmd.exe

ParentCommandLine: ""C:\Windows\system32\cmd.exe"" /c ""timeout 5 &gt; NULL &amp;&amp; psr.exe /stop""

ParentUser: WINDEV2309EVAL\User</Message>
      <Level>Information</Level>
      <Task>Process Create (rule: ProcessCreate)</Task>
      <Opcode>Info</Opcode>
    </RenderingInfo>
  </Event>
  
"
Microsoft-Windows-Sysmon/Operational,timeout  5  ,Microsoft Corporation,WinDev2309Eval,,C:\Users\User\AppData\Local\Temp\,timeout - pauses command processing,1,19585,10.0.22621.1 (WinBuild.160101.0800),"MD5=3F9678DB974CB7C0B59B158557F0C071,SHA256=4310BFC44B00C09F13C0E82FD9E9F9503643BDAC089111AE983326BB250EDFC5,IMPHASH=52D0839685A9987DD8CF02994B143429",C:\Windows\System32\timeout.exe,Medium,0x8000000000000000,Information,{f57bd86a-36f9-658c-7bf8-020000000000},0x2f87b,"Process Create:

RuleName: -

UtcTime: 2023-12-27 20:57:41.145

ProcessGuid: {f57bd86a-8fc5-658c-ce01-000000000f00}

ProcessId: 5472

Image: C:\Windows\System32\timeout.exe

FileVersion: 10.0.22621.1 (WinBuild.160101.0800)

Description: timeout - pauses command processing

Product: Microsoft® Windows® Operating System

Company: Microsoft Corporation

OriginalFileName: timeout.exe

CommandLine: timeout  5  

CurrentDirectory: C:\Users\User\AppData\Local\Temp\

User: WINDEV2309EVAL\User

LogonGuid: {f57bd86a-36f9-658c-7bf8-020000000000}

LogonId: 0x2F87B

TerminalSessionId: 1

IntegrityLevel: Medium

Hashes: MD5=3F9678DB974CB7C0B59B158557F0C071,SHA256=4310BFC44B00C09F13C0E82FD9E9F9503643BDAC089111AE983326BB250EDFC5,IMPHASH=52D0839685A9987DD8CF02994B143429

ParentProcessGuid: {f57bd86a-8fc5-658c-cd01-000000000f00}

ParentProcessId: 10740

ParentImage: C:\Windows\System32\cmd.exe

ParentCommandLine: ""C:\Windows\system32\cmd.exe"" /c ""timeout 5 > NULL && psr.exe /stop""

ParentUser: WINDEV2309EVAL\User",Info,timeout.exe,"""C:\Windows\system32\cmd.exe"" /c ""timeout 5 > NULL && psr.exe /stop""",C:\Windows\System32\cmd.exe,{f57bd86a-8fc5-658c-cd01-000000000f00},10740,WINDEV2309EVAL\User,{f57bd86a-8fc5-658c-ce01-000000000f00},3588,5472,Microsoft® Windows® Operating System,,,,"
      ",-,2023-12-27T20:57:41.1487975Z,,Process Create (rule: ProcessCreate),1,5124,WINDEV2309EVAL\User,S-1-5-18,2023-12-27 20:57:41.145,5,"<Event xmlns=""http://schemas.microsoft.com/win/2004/08/events/event"">
    <System>
      <Provider Name=""Microsoft-Windows-Sysmon"" Guid=""{5770385f-c22a-43e0-bf4c-06f5698ffbd9}""/>
      <EventID>1</EventID>
      <Version>5</Version>
      <Level>4</Level>
      <Task>1</Task>
      <Opcode>0</Opcode>
      <Keywords>0x8000000000000000</Keywords>
      <TimeCreated SystemTime=""2023-12-27T20:57:41.1487975Z""/>
      <EventRecordID>19585</EventRecordID>
      <Correlation/>
      <Execution ProcessID=""3588"" ThreadID=""5124""/>
      <Channel>Microsoft-Windows-Sysmon/Operational</Channel>
      <Computer>WinDev2309Eval</Computer>
      <Security UserID=""S-1-5-18""/>
    </System>
    <EventData>
      <Data Name=""RuleName"">-</Data>
      <Data Name=""UtcTime"">2023-12-27 20:57:41.145</Data>
      <Data Name=""ProcessGuid"">{f57bd86a-8fc5-658c-ce01-000000000f00}</Data>
      <Data Name=""ProcessId"">5472</Data>
      <Data Name=""Image"">C:\Windows\System32\timeout.exe</Data>
      <Data Name=""FileVersion"">10.0.22621.1 (WinBuild.160101.0800)</Data>
      <Data Name=""Description"">timeout - pauses command processing</Data>
      <Data Name=""Product"">Microsoft&#174; Windows&#174; Operating System</Data>
      <Data Name=""Company"">Microsoft Corporation</Data>
      <Data Name=""OriginalFileName"">timeout.exe</Data>
      <Data Name=""CommandLine"">timeout  5  </Data>
      <Data Name=""CurrentDirectory"">C:\Users\User\AppData\Local\Temp\</Data>
      <Data Name=""User"">WINDEV2309EVAL\User</Data>
      <Data Name=""LogonGuid"">{f57bd86a-36f9-658c-7bf8-020000000000}</Data>
      <Data Name=""LogonId"">0x2f87b</Data>
      <Data Name=""TerminalSessionId"">1</Data>
      <Data Name=""IntegrityLevel"">Medium</Data>
      <Data Name=""Hashes"">MD5=3F9678DB974CB7C0B59B158557F0C071,SHA256=4310BFC44B00C09F13C0E82FD9E9F9503643BDAC089111AE983326BB250EDFC5,IMPHASH=52D0839685A9987DD8CF02994B143429</Data>
      <Data Name=""ParentProcessGuid"">{f57bd86a-8fc5-658c-cd01-000000000f00}</Data>
      <Data Name=""ParentProcessId"">10740</Data>
      <Data Name=""ParentImage"">C:\Windows\System32\cmd.exe</Data>
      <Data Name=""ParentCommandLine"">""C:\Windows\system32\cmd.exe"" /c ""timeout 5 &gt; NULL &amp;&amp; psr.exe /stop""</Data>
      <Data Name=""ParentUser"">WINDEV2309EVAL\User</Data>
    </EventData>
    <RenderingInfo Culture=""en-US"">
      <Message>Process Create:

RuleName: -

UtcTime: 2023-12-27 20:57:41.145

ProcessGuid: {f57bd86a-8fc5-658c-ce01-000000000f00}

ProcessId: 5472

Image: C:\Windows\System32\timeout.exe

FileVersion: 10.0.22621.1 (WinBuild.160101.0800)

Description: timeout - pauses command processing

Product: Microsoft&#174; Windows&#174; Operating System

Company: Microsoft Corporation

OriginalFileName: timeout.exe

CommandLine: timeout  5  

CurrentDirectory: C:\Users\User\AppData\Local\Temp\

User: WINDEV2309EVAL\User

LogonGuid: {f57bd86a-36f9-658c-7bf8-020000000000}

LogonId: 0x2F87B

TerminalSessionId: 1

IntegrityLevel: Medium

Hashes: MD5=3F9678DB974CB7C0B59B158557F0C071,SHA256=4310BFC44B00C09F13C0E82FD9E9F9503643BDAC089111AE983326BB250EDFC5,IMPHASH=52D0839685A9987DD8CF02994B143429

ParentProcessGuid: {f57bd86a-8fc5-658c-cd01-000000000f00}

ParentProcessId: 10740

ParentImage: C:\Windows\System32\cmd.exe

ParentCommandLine: ""C:\Windows\system32\cmd.exe"" /c ""timeout 5 &gt; NULL &amp;&amp; psr.exe /stop""

ParentUser: WINDEV2309EVAL\User</Message>
      <Level>Information</Level>
      <Task>Process Create (rule: ProcessCreate)</Task>
      <Opcode>Info</Opcode>
    </RenderingInfo>
  </Event>
  
"
Microsoft-Windows-Sysmon/Operational,"""C:\Windows\system32\cmd.exe"" /c ""timeout 5 > NULL && psr.exe /stop""",Microsoft Corporation,WinDev2309Eval,,C:\Users\User\AppData\Local\Temp\,Windows Command Processor,1,19584,10.0.22621.2506 (WinBuild.160101.0800),"MD5=133D568ECCB557E37BEA1459521CBAC2,SHA256=05A30592D2C3421C41121145C6EEFA7C81FEA6B42D6233A522240A8468326B9C,IMPHASH=D73E39DAB3C8B57AA408073D01254964",C:\Windows\System32\cmd.exe,Medium,0x8000000000000000,Information,{f57bd86a-36f9-658c-7bf8-020000000000},0x2f87b,"Process Create:

RuleName: -

UtcTime: 2023-12-27 20:57:41.125

ProcessGuid: {f57bd86a-8fc5-658c-cd01-000000000f00}

ProcessId: 10740

Image: C:\Windows\System32\cmd.exe

FileVersion: 10.0.22621.2506 (WinBuild.160101.0800)

Description: Windows Command Processor

Product: Microsoft® Windows® Operating System

Company: Microsoft Corporation

OriginalFileName: Cmd.Exe

CommandLine: ""C:\Windows\system32\cmd.exe"" /c ""timeout 5 > NULL && psr.exe /stop""

CurrentDirectory: C:\Users\User\AppData\Local\Temp\

User: WINDEV2309EVAL\User

LogonGuid: {f57bd86a-36f9-658c-7bf8-020000000000}

LogonId: 0x2F87B

TerminalSessionId: 1

IntegrityLevel: Medium

Hashes: MD5=133D568ECCB557E37BEA1459521CBAC2,SHA256=05A30592D2C3421C41121145C6EEFA7C81FEA6B42D6233A522240A8468326B9C,IMPHASH=D73E39DAB3C8B57AA408073D01254964

ParentProcessGuid: {f57bd86a-8fc2-658c-c401-000000000f00}

ParentProcessId: 4368

ParentImage: C:\Windows\System32\WindowsPowerShell\v1.0\powershell.exe

ParentCommandLine: ""powershell.exe"" & {cmd /c start /b psr.exe /start /output c:\temp\T1113_desktop.zip /sc 1 /gui 0 /stopevent 12
Add-Type -MemberDefinition '[DllImport(\""""user32.dll\"""")] public static extern void mouse_event(int flags, int dx, int dy, int cButtons, int info);' -Name U32 -Namespace W;
[W.U32]::mouse_event(0x02 -bor 0x04 -bor 0x01, 0, 0, 0, 0);
cmd /c \""""timeout 5 > NULL && psr.exe /stop\""""}

ParentUser: WINDEV2309EVAL\User",Info,Cmd.Exe,"""powershell.exe"" & {cmd /c start /b psr.exe /start /output c:\temp\T1113_desktop.zip /sc 1 /gui 0 /stopevent 12
Add-Type -MemberDefinition '[DllImport(\""""user32.dll\"""")] public static extern void mouse_event(int flags, int dx, int dy, int cButtons, int info);' -Name U32 -Namespace W;
[W.U32]::mouse_event(0x02 -bor 0x04 -bor 0x01, 0, 0, 0, 0);
cmd /c \""""timeout 5 > NULL && psr.exe /stop\""""}",C:\Windows\System32\WindowsPowerShell\v1.0\powershell.exe,{f57bd86a-8fc2-658c-c401-000000000f00},4368,WINDEV2309EVAL\User,{f57bd86a-8fc5-658c-cd01-000000000f00},3588,10740,Microsoft® Windows® Operating System,,,,"
      ",-,2023-12-27T20:57:41.1289893Z,,Process Create (rule: ProcessCreate),1,5124,WINDEV2309EVAL\User,S-1-5-18,2023-12-27 20:57:41.125,5,"<Event xmlns=""http://schemas.microsoft.com/win/2004/08/events/event"">
    <System>
      <Provider Name=""Microsoft-Windows-Sysmon"" Guid=""{5770385f-c22a-43e0-bf4c-06f5698ffbd9}""/>
      <EventID>1</EventID>
      <Version>5</Version>
      <Level>4</Level>
      <Task>1</Task>
      <Opcode>0</Opcode>
      <Keywords>0x8000000000000000</Keywords>
      <TimeCreated SystemTime=""2023-12-27T20:57:41.1289893Z""/>
      <EventRecordID>19584</EventRecordID>
      <Correlation/>
      <Execution ProcessID=""3588"" ThreadID=""5124""/>
      <Channel>Microsoft-Windows-Sysmon/Operational</Channel>
      <Computer>WinDev2309Eval</Computer>
      <Security UserID=""S-1-5-18""/>
    </System>
    <EventData>
      <Data Name=""RuleName"">-</Data>
      <Data Name=""UtcTime"">2023-12-27 20:57:41.125</Data>
      <Data Name=""ProcessGuid"">{f57bd86a-8fc5-658c-cd01-000000000f00}</Data>
      <Data Name=""ProcessId"">10740</Data>
      <Data Name=""Image"">C:\Windows\System32\cmd.exe</Data>
      <Data Name=""FileVersion"">10.0.22621.2506 (WinBuild.160101.0800)</Data>
      <Data Name=""Description"">Windows Command Processor</Data>
      <Data Name=""Product"">Microsoft&#174; Windows&#174; Operating System</Data>
      <Data Name=""Company"">Microsoft Corporation</Data>
      <Data Name=""OriginalFileName"">Cmd.Exe</Data>
      <Data Name=""CommandLine"">""C:\Windows\system32\cmd.exe"" /c ""timeout 5 &gt; NULL &amp;&amp; psr.exe /stop""</Data>
      <Data Name=""CurrentDirectory"">C:\Users\User\AppData\Local\Temp\</Data>
      <Data Name=""User"">WINDEV2309EVAL\User</Data>
      <Data Name=""LogonGuid"">{f57bd86a-36f9-658c-7bf8-020000000000}</Data>
      <Data Name=""LogonId"">0x2f87b</Data>
      <Data Name=""TerminalSessionId"">1</Data>
      <Data Name=""IntegrityLevel"">Medium</Data>
      <Data Name=""Hashes"">MD5=133D568ECCB557E37BEA1459521CBAC2,SHA256=05A30592D2C3421C41121145C6EEFA7C81FEA6B42D6233A522240A8468326B9C,IMPHASH=D73E39DAB3C8B57AA408073D01254964</Data>
      <Data Name=""ParentProcessGuid"">{f57bd86a-8fc2-658c-c401-000000000f00}</Data>
      <Data Name=""ParentProcessId"">4368</Data>
      <Data Name=""ParentImage"">C:\Windows\System32\WindowsPowerShell\v1.0\powershell.exe</Data>
      <Data Name=""ParentCommandLine"">""powershell.exe"" &amp; {cmd /c start /b psr.exe /start /output c:\temp\T1113_desktop.zip /sc 1 /gui 0 /stopevent 12
Add-Type -MemberDefinition '[DllImport(\""""user32.dll\"""")] public static extern void mouse_event(int flags, int dx, int dy, int cButtons, int info);' -Name U32 -Namespace W;
[W.U32]::mouse_event(0x02 -bor 0x04 -bor 0x01, 0, 0, 0, 0);
cmd /c \""""timeout 5 &gt; NULL &amp;&amp; psr.exe /stop\""""}</Data>
      <Data Name=""ParentUser"">WINDEV2309EVAL\User</Data>
    </EventData>
    <RenderingInfo Culture=""en-US"">
      <Message>Process Create:

RuleName: -

UtcTime: 2023-12-27 20:57:41.125

ProcessGuid: {f57bd86a-8fc5-658c-cd01-000000000f00}

ProcessId: 10740

Image: C:\Windows\System32\cmd.exe

FileVersion: 10.0.22621.2506 (WinBuild.160101.0800)

Description: Windows Command Processor

Product: Microsoft&#174; Windows&#174; Operating System

Company: Microsoft Corporation

OriginalFileName: Cmd.Exe

CommandLine: ""C:\Windows\system32\cmd.exe"" /c ""timeout 5 &gt; NULL &amp;&amp; psr.exe /stop""

CurrentDirectory: C:\Users\User\AppData\Local\Temp\

User: WINDEV2309EVAL\User

LogonGuid: {f57bd86a-36f9-658c-7bf8-020000000000}

LogonId: 0x2F87B

TerminalSessionId: 1

IntegrityLevel: Medium

Hashes: MD5=133D568ECCB557E37BEA1459521CBAC2,SHA256=05A30592D2C3421C41121145C6EEFA7C81FEA6B42D6233A522240A8468326B9C,IMPHASH=D73E39DAB3C8B57AA408073D01254964

ParentProcessGuid: {f57bd86a-8fc2-658c-c401-000000000f00}

ParentProcessId: 4368

ParentImage: C:\Windows\System32\WindowsPowerShell\v1.0\powershell.exe

ParentCommandLine: ""powershell.exe"" &amp; {cmd /c start /b psr.exe /start /output c:\temp\T1113_desktop.zip /sc 1 /gui 0 /stopevent 12
Add-Type -MemberDefinition '[DllImport(\""""user32.dll\"""")] public static extern void mouse_event(int flags, int dx, int dy, int cButtons, int info);' -Name U32 -Namespace W;
[W.U32]::mouse_event(0x02 -bor 0x04 -bor 0x01, 0, 0, 0, 0);
cmd /c \""""timeout 5 &gt; NULL &amp;&amp; psr.exe /stop\""""}

ParentUser: WINDEV2309EVAL\User</Message>
      <Level>Information</Level>
      <Task>Process Create (rule: ProcessCreate)</Task>
      <Opcode>Info</Opcode>
    </RenderingInfo>
  </Event>
  
"
Microsoft-Windows-Sysmon/Operational,,,WinDev2309Eval,2023-12-27 20:57:40.918,,,11,19583,,,C:\Windows\Microsoft.NET\Framework64\v4.0.30319\csc.exe,,0x8000000000000000,Information,,,"File created:

RuleName: DLL

UtcTime: 2023-12-27 20:57:41.028

ProcessGuid: {f57bd86a-8fc4-658c-cb01-000000000f00}

ProcessId: 6908

Image: C:\Windows\Microsoft.NET\Framework64\v4.0.30319\csc.exe

TargetFilename: C:\Users\User\AppData\Local\Temp\kbfc2czv.dll

CreationUtcTime: 2023-12-27 20:57:40.918

User: WINDEV2309EVAL\User",Info,,,,,,,{f57bd86a-8fc4-658c-cb01-000000000f00},3588,6908,,,,,"
      ",DLL,2023-12-27T20:57:41.0426709Z,C:\Users\User\AppData\Local\Temp\kbfc2czv.dll,File created (rule: FileCreate),,5124,WINDEV2309EVAL\User,S-1-5-18,2023-12-27 20:57:41.028,2,"<Event xmlns=""http://schemas.microsoft.com/win/2004/08/events/event"">
    <System>
      <Provider Name=""Microsoft-Windows-Sysmon"" Guid=""{5770385f-c22a-43e0-bf4c-06f5698ffbd9}""/>
      <EventID>11</EventID>
      <Version>2</Version>
      <Level>4</Level>
      <Task>11</Task>
      <Opcode>0</Opcode>
      <Keywords>0x8000000000000000</Keywords>
      <TimeCreated SystemTime=""2023-12-27T20:57:41.0426709Z""/>
      <EventRecordID>19583</EventRecordID>
      <Correlation/>
      <Execution ProcessID=""3588"" ThreadID=""5124""/>
      <Channel>Microsoft-Windows-Sysmon/Operational</Channel>
      <Computer>WinDev2309Eval</Computer>
      <Security UserID=""S-1-5-18""/>
    </System>
    <EventData>
      <Data Name=""RuleName"">DLL</Data>
      <Data Name=""UtcTime"">2023-12-27 20:57:41.028</Data>
      <Data Name=""ProcessGuid"">{f57bd86a-8fc4-658c-cb01-000000000f00}</Data>
      <Data Name=""ProcessId"">6908</Data>
      <Data Name=""Image"">C:\Windows\Microsoft.NET\Framework64\v4.0.30319\csc.exe</Data>
      <Data Name=""TargetFilename"">C:\Users\User\AppData\Local\Temp\kbfc2czv.dll</Data>
      <Data Name=""CreationUtcTime"">2023-12-27 20:57:40.918</Data>
      <Data Name=""User"">WINDEV2309EVAL\User</Data>
    </EventData>
    <RenderingInfo Culture=""en-US"">
      <Message>File created:

RuleName: DLL

UtcTime: 2023-12-27 20:57:41.028

ProcessGuid: {f57bd86a-8fc4-658c-cb01-000000000f00}

ProcessId: 6908

Image: C:\Windows\Microsoft.NET\Framework64\v4.0.30319\csc.exe

TargetFilename: C:\Users\User\AppData\Local\Temp\kbfc2czv.dll

CreationUtcTime: 2023-12-27 20:57:40.918

User: WINDEV2309EVAL\User</Message>
      <Level>Information</Level>
      <Task>File created (rule: FileCreate)</Task>
      <Opcode>Info</Opcode>
    </RenderingInfo>
  </Event>
  
"
