Channel,CommandLine,Company,Computer,CreationUtcTime,CurrentDirectory,Description,EventID,EventRecordID,FileVersion,Hashes,Image,IntegrityLevel,Keywords,Level,LogonGuid,LogonId,Message,Opcode,OriginalFileName,ParentCommandLine,ParentImage,ParentProcessGuid,ParentProcessId,ParentUser,ProcessGuid,ProcessID,ProcessId,Product,QueryName,QueryResults,QueryStatus,RenderingInfo,RuleName,SystemTime,TargetFilename,Task,TerminalSessionId,ThreadID,User,UserID,UtcTime,Version,raw
Microsoft-Windows-Sysmon/Operational,tree  C:\AtomicRedTeam\atomics ,Microsoft Corporation,WinDev2309Eval,,C:\Users\User\AppData\Local\Temp\,Tree Walk Utility,1,19586,10.0.22621.1 (WinBuild.160101.0800),"MD5=14A6C2BBB3CFFCEAB2DFA17E875DACF2,SHA256=FE5D653005DF9D6C900F61D9CBB2EC0DC74662B87B327006541198CCD382B32C,IMPHASH=CE61F0D54E756CF478D6DB3F61F7ECA0",C:\Windows\System32\tree.com,Medium,0x8000000000000000,Information,{f57bd86a-36f9-658c-7bf8-020000000000},0x2f87b,"Process Create:

RuleName: -

UtcTime: 2023-12-27 21:15:22.245

ProcessGuid: {f57bd86a-93ea-658c-d601-000000000f00}

ProcessId: 10504

Image: C:\Windows\System32\tree.com

FileVersion: 10.0.22621.1 (WinBuild.160101.0800)

Description: Tree Walk Utility

Product: Microsoft® Windows® Operating System

Company: Microsoft Corporation

OriginalFileName: TREE.COM

CommandLine: tree  C:\AtomicRedTeam\atomics 

CurrentDirectory: C:\Users\User\AppData\Local\Temp\

User: WINDEV2309EVAL\User

LogonGuid: {f57bd86a-36f9-658c-7bf8-020000000000}

LogonId: 0x2F87B

TerminalSessionId: 1

IntegrityLevel: Medium

Hashes: MD5=14A6C2BBB3CFFCEAB2DFA17E875DACF2,SHA256=FE5D653005DF9D6C900F61D9CBB2EC0DC74662B87B327006541198CCD382B32C,IMPHASH=CE61F0D54E756CF478D6DB3F61F7ECA0

ParentProcessGuid: {f57bd86a-93e7-658c-d101-000000000f00}

ParentProcessId: 1508

ParentImage: C:\Windows\System32\cmd.exe

ParentCommandLine: ""cmd.exe"" /c sc query type=service > %TEMP%\T1119_1.txt & doskey /history > %TEMP%\T1119_2.txt & wmic process list > %TEMP%\T1119_3.txt & tree C:\AtomicRedTeam\atomics > %TEMP%\T1119_4.txt

ParentUser: WINDEV2309EVAL\User",Info,TREE.COM,"""cmd.exe"" /c sc query type=service > %TEMP%\T1119_1.txt & doskey /history > %TEMP%\T1119_2.txt & wmic process list > %TEMP%\T1119_3.txt & tree C:\AtomicRedTeam\atomics > %TEMP%\T1119_4.txt",C:\Windows\System32\cmd.exe,{f57bd86a-93e7-658c-d101-000000000f00},1508,WINDEV2309EVAL\User,{f57bd86a-93ea-658c-d601-000000000f00},3588,10504,Microsoft® Windows® Operating System,,,,"
      ",-,2023-12-27T21:15:22.2472393Z,,Process Create (rule: ProcessCreate),1,5124,WINDEV2309EVAL\User,S-1-5-18,2023-12-27 21:15:22.245,5,"<Event xmlns=""http://schemas.microsoft.com/win/2004/08/events/event"">
    <System>
      <Provider Name=""Microsoft-Windows-Sysmon"" Guid=""{5770385f-c22a-43e0-bf4c-06f5698ffbd9}""/>
      <EventID>1</EventID>
      <Version>5</Version>
      <Level>4</Level>
      <Task>1</Task>
      <Opcode>0</Opcode>
      <Keywords>0x8000000000000000</Keywords>
      <TimeCreated SystemTime=""2023-12-27T21:15:22.2472393Z""/>
      <EventRecordID>19586</EventRecordID>
      <Correlation/>
      <Execution ProcessID=""3588"" ThreadID=""5124""/>
      <Channel>Microsoft-Windows-Sysmon/Operational</Channel>
      <Computer>WinDev2309Eval</Computer>
      <Security UserID=""S-1-5-18""/>
    </System>
    <EventData>
      <Data Name=""RuleName"">-</Data>
      <Data Name=""UtcTime"">2023-12-27 21:15:22.245</Data>
      <Data Name=""ProcessGuid"">{f57bd86a-93ea-658c-d601-000000000f00}</Data>
      <Data Name=""ProcessId"">10504</Data>
      <Data Name=""Image"">C:\Windows\System32\tree.com</Data>
      <Data Name=""FileVersion"">10.0.22621.1 (WinBuild.160101.0800)</Data>
      <Data Name=""Description"">Tree Walk Utility</Data>
      <Data Name=""Product"">Microsoft&#174; Windows&#174; Operating System</Data>
      <Data Name=""Company"">Microsoft Corporation</Data>
      <Data Name=""OriginalFileName"">TREE.COM</Data>
      <Data Name=""CommandLine"">tree  C:\AtomicRedTeam\atomics </Data>
      <Data Name=""CurrentDirectory"">C:\Users\User\AppData\Local\Temp\</Data>
      <Data Name=""User"">WINDEV2309EVAL\User</Data>
      <Data Name=""LogonGuid"">{f57bd86a-36f9-658c-7bf8-020000000000}</Data>
      <Data Name=""LogonId"">0x2f87b</Data>
      <Data Name=""TerminalSessionId"">1</Data>
      <Data Name=""IntegrityLevel"">Medium</Data>
      <Data Name=""Hashes"">MD5=14A6C2BBB3CFFCEAB2DFA17E875DACF2,SHA256=FE5D653005DF9D6C900F61D9CBB2EC0DC74662B87B327006541198CCD382B32C,IMPHASH=CE61F0D54E756CF478D6DB3F61F7ECA0</Data>
      <Data Name=""ParentProcessGuid"">{f57bd86a-93e7-658c-d101-000000000f00}</Data>
      <Data Name=""ParentProcessId"">1508</Data>
      <Data Name=""ParentImage"">C:\Windows\System32\cmd.exe</Data>
      <Data Name=""ParentCommandLine"">""cmd.exe"" /c sc query type=service &gt; %TEMP%\T1119_1.txt &amp; doskey /history &gt; %TEMP%\T1119_2.txt &amp; wmic process list &gt; %TEMP%\T1119_3.txt &amp; tree C:\AtomicRedTeam\atomics &gt; %TEMP%\T1119_4.txt</Data>
      <Data Name=""ParentUser"">WINDEV2309EVAL\User</Data>
    </EventData>
    <RenderingInfo Culture=""en-US"">
      <Message>Process Create:

RuleName: -

UtcTime: 2023-12-27 21:15:22.245

ProcessGuid: {f57bd86a-93ea-658c-d601-000000000f00}

ProcessId: 10504

Image: C:\Windows\System32\tree.com

FileVersion: 10.0.22621.1 (WinBuild.160101.0800)

Description: Tree Walk Utility

Product: Microsoft&#174; Windows&#174; Operating System

Company: Microsoft Corporation

OriginalFileName: TREE.COM

CommandLine: tree  C:\AtomicRedTeam\atomics 

CurrentDirectory: C:\Users\User\AppData\Local\Temp\

User: WINDEV2309EVAL\User

LogonGuid: {f57bd86a-36f9-658c-7bf8-020000000000}

LogonId: 0x2F87B

TerminalSessionId: 1

IntegrityLevel: Medium

Hashes: MD5=14A6C2BBB3CFFCEAB2DFA17E875DACF2,SHA256=FE5D653005DF9D6C900F61D9CBB2EC0DC74662B87B327006541198CCD382B32C,IMPHASH=CE61F0D54E756CF478D6DB3F61F7ECA0

ParentProcessGuid: {f57bd86a-93e7-658c-d101-000000000f00}

ParentProcessId: 1508

ParentImage: C:\Windows\System32\cmd.exe

ParentCommandLine: ""cmd.exe"" /c sc query type=service &gt; %TEMP%\T1119_1.txt &amp; doskey /history &gt; %TEMP%\T1119_2.txt &amp; wmic process list &gt; %TEMP%\T1119_3.txt &amp; tree C:\AtomicRedTeam\atomics &gt; %TEMP%\T1119_4.txt

ParentUser: WINDEV2309EVAL\User</Message>
      <Level>Information</Level>
      <Task>Process Create (rule: ProcessCreate)</Task>
      <Opcode>Info</Opcode>
    </RenderingInfo>
  </Event>
  
"
Microsoft-Windows-Sysmon/Operational,wmic  process list  ,Microsoft Corporation,WinDev2309Eval,,C:\Users\User\AppData\Local\Temp\,WMI Commandline Utility,1,19585,10.0.22621.2792 (WinBuild.160101.0800),"MD5=B2ACB4DE13896683796A6B6635C40A15,SHA256=FBCDF1DB7D385AE5556F76D1F388F6E7AF08A545C0D797C4B3CD2F0CC739A9AE,IMPHASH=43C6BE584D77B658A53A9A5C606724DD",C:\Windows\System32\wbem\WMIC.exe,Medium,0x8000000000000000,Information,{f57bd86a-36f9-658c-7bf8-020000000000},0x2f87b,"Process Create:

RuleName: -

UtcTime: 2023-12-27 21:15:20.018

ProcessGuid: {f57bd86a-93e8-658c-d501-000000000f00}

ProcessId: 7428

Image: C:\Windows\System32\wbem\WMIC.exe

FileVersion: 10.0.22621.2792 (WinBuild.160101.0800)

Description: WMI Commandline Utility

Product: Microsoft® Windows® Operating System

Company: Microsoft Corporation

OriginalFileName: wmic.exe

CommandLine: wmic  process list  

CurrentDirectory: C:\Users\User\AppData\Local\Temp\

User: WINDEV2309EVAL\User

LogonGuid: {f57bd86a-36f9-658c-7bf8-020000000000}

LogonId: 0x2F87B

TerminalSessionId: 1

IntegrityLevel: Medium

Hashes: MD5=B2ACB4DE13896683796A6B6635C40A15,SHA256=FBCDF1DB7D385AE5556F76D1F388F6E7AF08A545C0D797C4B3CD2F0CC739A9AE,IMPHASH=43C6BE584D77B658A53A9A5C606724DD

ParentProcessGuid: {f57bd86a-93e7-658c-d101-000000000f00}

ParentProcessId: 1508

ParentImage: C:\Windows\System32\cmd.exe

ParentCommandLine: ""cmd.exe"" /c sc query type=service > %TEMP%\T1119_1.txt & doskey /history > %TEMP%\T1119_2.txt & wmic process list > %TEMP%\T1119_3.txt & tree C:\AtomicRedTeam\atomics > %TEMP%\T1119_4.txt

ParentUser: WINDEV2309EVAL\User",Info,wmic.exe,"""cmd.exe"" /c sc query type=service > %TEMP%\T1119_1.txt & doskey /history > %TEMP%\T1119_2.txt & wmic process list > %TEMP%\T1119_3.txt & tree C:\AtomicRedTeam\atomics > %TEMP%\T1119_4.txt",C:\Windows\System32\cmd.exe,{f57bd86a-93e7-658c-d101-000000000f00},1508,WINDEV2309EVAL\User,{f57bd86a-93e8-658c-d501-000000000f00},3588,7428,Microsoft® Windows® Operating System,,,,"
      ",-,2023-12-27T21:15:20.0246299Z,,Process Create (rule: ProcessCreate),1,5124,WINDEV2309EVAL\User,S-1-5-18,2023-12-27 21:15:20.018,5,"<Event xmlns=""http://schemas.microsoft.com/win/2004/08/events/event"">
    <System>
      <Provider Name=""Microsoft-Windows-Sysmon"" Guid=""{5770385f-c22a-43e0-bf4c-06f5698ffbd9}""/>
      <EventID>1</EventID>
      <Version>5</Version>
      <Level>4</Level>
      <Task>1</Task>
      <Opcode>0</Opcode>
      <Keywords>0x8000000000000000</Keywords>
      <TimeCreated SystemTime=""2023-12-27T21:15:20.0246299Z""/>
      <EventRecordID>19585</EventRecordID>
      <Correlation/>
      <Execution ProcessID=""3588"" ThreadID=""5124""/>
      <Channel>Microsoft-Windows-Sysmon/Operational</Channel>
      <Computer>WinDev2309Eval</Computer>
      <Security UserID=""S-1-5-18""/>
    </System>
    <EventData>
      <Data Name=""RuleName"">-</Data>
      <Data Name=""UtcTime"">2023-12-27 21:15:20.018</Data>
      <Data Name=""ProcessGuid"">{f57bd86a-93e8-658c-d501-000000000f00}</Data>
      <Data Name=""ProcessId"">7428</Data>
      <Data Name=""Image"">C:\Windows\System32\wbem\WMIC.exe</Data>
      <Data Name=""FileVersion"">10.0.22621.2792 (WinBuild.160101.0800)</Data>
      <Data Name=""Description"">WMI Commandline Utility</Data>
      <Data Name=""Product"">Microsoft&#174; Windows&#174; Operating System</Data>
      <Data Name=""Company"">Microsoft Corporation</Data>
      <Data Name=""OriginalFileName"">wmic.exe</Data>
      <Data Name=""CommandLine"">wmic  process list  </Data>
      <Data Name=""CurrentDirectory"">C:\Users\User\AppData\Local\Temp\</Data>
      <Data Name=""User"">WINDEV2309EVAL\User</Data>
      <Data Name=""LogonGuid"">{f57bd86a-36f9-658c-7bf8-020000000000}</Data>
      <Data Name=""LogonId"">0x2f87b</Data>
      <Data Name=""TerminalSessionId"">1</Data>
      <Data Name=""IntegrityLevel"">Medium</Data>
      <Data Name=""Hashes"">MD5=B2ACB4DE13896683796A6B6635C40A15,SHA256=FBCDF1DB7D385AE5556F76D1F388F6E7AF08A545C0D797C4B3CD2F0CC739A9AE,IMPHASH=43C6BE584D77B658A53A9A5C606724DD</Data>
      <Data Name=""ParentProcessGuid"">{f57bd86a-93e7-658c-d101-000000000f00}</Data>
      <Data Name=""ParentProcessId"">1508</Data>
      <Data Name=""ParentImage"">C:\Windows\System32\cmd.exe</Data>
      <Data Name=""ParentCommandLine"">""cmd.exe"" /c sc query type=service &gt; %TEMP%\T1119_1.txt &amp; doskey /history &gt; %TEMP%\T1119_2.txt &amp; wmic process list &gt; %TEMP%\T1119_3.txt &amp; tree C:\AtomicRedTeam\atomics &gt; %TEMP%\T1119_4.txt</Data>
      <Data Name=""ParentUser"">WINDEV2309EVAL\User</Data>
    </EventData>
    <RenderingInfo Culture=""en-US"">
      <Message>Process Create:

RuleName: -

UtcTime: 2023-12-27 21:15:20.018

ProcessGuid: {f57bd86a-93e8-658c-d501-000000000f00}

ProcessId: 7428

Image: C:\Windows\System32\wbem\WMIC.exe

FileVersion: 10.0.22621.2792 (WinBuild.160101.0800)

Description: WMI Commandline Utility

Product: Microsoft&#174; Windows&#174; Operating System

Company: Microsoft Corporation

OriginalFileName: wmic.exe

CommandLine: wmic  process list  

CurrentDirectory: C:\Users\User\AppData\Local\Temp\

User: WINDEV2309EVAL\User

LogonGuid: {f57bd86a-36f9-658c-7bf8-020000000000}

LogonId: 0x2F87B

TerminalSessionId: 1

IntegrityLevel: Medium

Hashes: MD5=B2ACB4DE13896683796A6B6635C40A15,SHA256=FBCDF1DB7D385AE5556F76D1F388F6E7AF08A545C0D797C4B3CD2F0CC739A9AE,IMPHASH=43C6BE584D77B658A53A9A5C606724DD

ParentProcessGuid: {f57bd86a-93e7-658c-d101-000000000f00}

ParentProcessId: 1508

ParentImage: C:\Windows\System32\cmd.exe

ParentCommandLine: ""cmd.exe"" /c sc query type=service &gt; %TEMP%\T1119_1.txt &amp; doskey /history &gt; %TEMP%\T1119_2.txt &amp; wmic process list &gt; %TEMP%\T1119_3.txt &amp; tree C:\AtomicRedTeam\atomics &gt; %TEMP%\T1119_4.txt

ParentUser: WINDEV2309EVAL\User</Message>
      <Level>Information</Level>
      <Task>Process Create (rule: ProcessCreate)</Task>
      <Opcode>Info</Opcode>
    </RenderingInfo>
  </Event>
  
"
Microsoft-Windows-Sysmon/Operational,doskey  /history  ,Microsoft Corporation,WinDev2309Eval,,C:\Users\User\AppData\Local\Temp\,Keyboard History Utility,1,19584,10.0.22621.1 (WinBuild.160101.0800),"MD5=814D40A7B47CD3EAACC406F7260419F7,SHA256=AEEDA41F56F3CEB3E5B8C6B646D88B4D6CA888FE9B504C3FC723AFA7B054F6D3,IMPHASH=A1EA9D934205151494B8180E6C772F08",C:\Windows\System32\doskey.exe,Medium,0x8000000000000000,Information,{f57bd86a-36f9-658c-7bf8-020000000000},0x2f87b,"Process Create:

RuleName: -

UtcTime: 2023-12-27 21:15:19.997

ProcessGuid: {f57bd86a-93e7-658c-d401-000000000f00}

ProcessId: 2980

Image: C:\Windows\System32\doskey.exe

FileVersion: 10.0.22621.1 (WinBuild.160101.0800)

Description: Keyboard History Utility

Product: Microsoft® Windows® Operating System

Company: Microsoft Corporation

OriginalFileName: DOSKEY.EXE

CommandLine: doskey  /history  

CurrentDirectory: C:\Users\User\AppData\Local\Temp\

User: WINDEV2309EVAL\User

LogonGuid: {f57bd86a-36f9-658c-7bf8-020000000000}

LogonId: 0x2F87B

TerminalSessionId: 1

IntegrityLevel: Medium

Hashes: MD5=814D40A7B47CD3EAACC406F7260419F7,SHA256=AEEDA41F56F3CEB3E5B8C6B646D88B4D6CA888FE9B504C3FC723AFA7B054F6D3,IMPHASH=A1EA9D934205151494B8180E6C772F08

ParentProcessGuid: {f57bd86a-93e7-658c-d101-000000000f00}

ParentProcessId: 1508

ParentImage: C:\Windows\System32\cmd.exe

ParentCommandLine: ""cmd.exe"" /c sc query type=service > %TEMP%\T1119_1.txt & doskey /history > %TEMP%\T1119_2.txt & wmic process list > %TEMP%\T1119_3.txt & tree C:\AtomicRedTeam\atomics > %TEMP%\T1119_4.txt

ParentUser: WINDEV2309EVAL\User",Info,DOSKEY.EXE,"""cmd.exe"" /c sc query type=service > %TEMP%\T1119_1.txt & doskey /history > %TEMP%\T1119_2.txt & wmic process list > %TEMP%\T1119_3.txt & tree C:\AtomicRedTeam\atomics > %TEMP%\T1119_4.txt",C:\Windows\System32\cmd.exe,{f57bd86a-93e7-658c-d101-000000000f00},1508,WINDEV2309EVAL\User,{f57bd86a-93e7-658c-d401-000000000f00},3588,2980,Microsoft® Windows® Operating System,,,,"
      ",-,2023-12-27T21:15:19.9998847Z,,Process Create (rule: ProcessCreate),1,5124,WINDEV2309EVAL\User,S-1-5-18,2023-12-27 21:15:19.997,5,"<Event xmlns=""http://schemas.microsoft.com/win/2004/08/events/event"">
    <System>
      <Provider Name=""Microsoft-Windows-Sysmon"" Guid=""{5770385f-c22a-43e0-bf4c-06f5698ffbd9}""/>
      <EventID>1</EventID>
      <Version>5</Version>
      <Level>4</Level>
      <Task>1</Task>
      <Opcode>0</Opcode>
      <Keywords>0x8000000000000000</Keywords>
      <TimeCreated SystemTime=""2023-12-27T21:15:19.9998847Z""/>
      <EventRecordID>19584</EventRecordID>
      <Correlation/>
      <Execution ProcessID=""3588"" ThreadID=""5124""/>
      <Channel>Microsoft-Windows-Sysmon/Operational</Channel>
      <Computer>WinDev2309Eval</Computer>
      <Security UserID=""S-1-5-18""/>
    </System>
    <EventData>
      <Data Name=""RuleName"">-</Data>
      <Data Name=""UtcTime"">2023-12-27 21:15:19.997</Data>
      <Data Name=""ProcessGuid"">{f57bd86a-93e7-658c-d401-000000000f00}</Data>
      <Data Name=""ProcessId"">2980</Data>
      <Data Name=""Image"">C:\Windows\System32\doskey.exe</Data>
      <Data Name=""FileVersion"">10.0.22621.1 (WinBuild.160101.0800)</Data>
      <Data Name=""Description"">Keyboard History Utility</Data>
      <Data Name=""Product"">Microsoft&#174; Windows&#174; Operating System</Data>
      <Data Name=""Company"">Microsoft Corporation</Data>
      <Data Name=""OriginalFileName"">DOSKEY.EXE</Data>
      <Data Name=""CommandLine"">doskey  /history  </Data>
      <Data Name=""CurrentDirectory"">C:\Users\User\AppData\Local\Temp\</Data>
      <Data Name=""User"">WINDEV2309EVAL\User</Data>
      <Data Name=""LogonGuid"">{f57bd86a-36f9-658c-7bf8-020000000000}</Data>
      <Data Name=""LogonId"">0x2f87b</Data>
      <Data Name=""TerminalSessionId"">1</Data>
      <Data Name=""IntegrityLevel"">Medium</Data>
      <Data Name=""Hashes"">MD5=814D40A7B47CD3EAACC406F7260419F7,SHA256=AEEDA41F56F3CEB3E5B8C6B646D88B4D6CA888FE9B504C3FC723AFA7B054F6D3,IMPHASH=A1EA9D934205151494B8180E6C772F08</Data>
      <Data Name=""ParentProcessGuid"">{f57bd86a-93e7-658c-d101-000000000f00}</Data>
      <Data Name=""ParentProcessId"">1508</Data>
      <Data Name=""ParentImage"">C:\Windows\System32\cmd.exe</Data>
      <Data Name=""ParentCommandLine"">""cmd.exe"" /c sc query type=service &gt; %TEMP%\T1119_1.txt &amp; doskey /history &gt; %TEMP%\T1119_2.txt &amp; wmic process list &gt; %TEMP%\T1119_3.txt &amp; tree C:\AtomicRedTeam\atomics &gt; %TEMP%\T1119_4.txt</Data>
      <Data Name=""ParentUser"">WINDEV2309EVAL\User</Data>
    </EventData>
    <RenderingInfo Culture=""en-US"">
      <Message>Process Create:

RuleName: -

UtcTime: 2023-12-27 21:15:19.997

ProcessGuid: {f57bd86a-93e7-658c-d401-000000000f00}

ProcessId: 2980

Image: C:\Windows\System32\doskey.exe

FileVersion: 10.0.22621.1 (WinBuild.160101.0800)

Description: Keyboard History Utility

Product: Microsoft&#174; Windows&#174; Operating System

Company: Microsoft Corporation

OriginalFileName: DOSKEY.EXE

CommandLine: doskey  /history  

CurrentDirectory: C:\Users\User\AppData\Local\Temp\

User: WINDEV2309EVAL\User

LogonGuid: {f57bd86a-36f9-658c-7bf8-020000000000}

LogonId: 0x2F87B

TerminalSessionId: 1

IntegrityLevel: Medium

Hashes: MD5=814D40A7B47CD3EAACC406F7260419F7,SHA256=AEEDA41F56F3CEB3E5B8C6B646D88B4D6CA888FE9B504C3FC723AFA7B054F6D3,IMPHASH=A1EA9D934205151494B8180E6C772F08

ParentProcessGuid: {f57bd86a-93e7-658c-d101-000000000f00}

ParentProcessId: 1508

ParentImage: C:\Windows\System32\cmd.exe

ParentCommandLine: ""cmd.exe"" /c sc query type=service &gt; %TEMP%\T1119_1.txt &amp; doskey /history &gt; %TEMP%\T1119_2.txt &amp; wmic process list &gt; %TEMP%\T1119_3.txt &amp; tree C:\AtomicRedTeam\atomics &gt; %TEMP%\T1119_4.txt

ParentUser: WINDEV2309EVAL\User</Message>
      <Level>Information</Level>
      <Task>Process Create (rule: ProcessCreate)</Task>
      <Opcode>Info</Opcode>
    </RenderingInfo>
  </Event>
  
"
Microsoft-Windows-Sysmon/Operational,sc  query type=service  ,Microsoft Corporation,WinDev2309Eval,,C:\Users\User\AppData\Local\Temp\,Service Control Manager Configuration Tool,1,19583,10.0.22621.1 (WinBuild.160101.0800),"MD5=FF2A4319FA5531F0D7B98DBBA9ABBD4A,SHA256=67CBE3A7B9C9B7A2E9FB10A33C1A9A3FD297B6F1598AEA374BD9B5D2DEE352EC,IMPHASH=42DADBD60BBC453DD1773FDC089E19B7",C:\Windows\System32\sc.exe,Medium,0x8000000000000000,Information,{f57bd86a-36f9-658c-7bf8-020000000000},0x2f87b,"Process Create:

RuleName: -

UtcTime: 2023-12-27 21:15:19.982

ProcessGuid: {f57bd86a-93e7-658c-d301-000000000f00}

ProcessId: 1488

Image: C:\Windows\System32\sc.exe

FileVersion: 10.0.22621.1 (WinBuild.160101.0800)

Description: Service Control Manager Configuration Tool

Product: Microsoft® Windows® Operating System

Company: Microsoft Corporation

OriginalFileName: sc.exe

CommandLine: sc  query type=service  

CurrentDirectory: C:\Users\User\AppData\Local\Temp\

User: WINDEV2309EVAL\User

LogonGuid: {f57bd86a-36f9-658c-7bf8-020000000000}

LogonId: 0x2F87B

TerminalSessionId: 1

IntegrityLevel: Medium

Hashes: MD5=FF2A4319FA5531F0D7B98DBBA9ABBD4A,SHA256=67CBE3A7B9C9B7A2E9FB10A33C1A9A3FD297B6F1598AEA374BD9B5D2DEE352EC,IMPHASH=42DADBD60BBC453DD1773FDC089E19B7

ParentProcessGuid: {f57bd86a-93e7-658c-d101-000000000f00}

ParentProcessId: 1508

ParentImage: C:\Windows\System32\cmd.exe

ParentCommandLine: ""cmd.exe"" /c sc query type=service > %TEMP%\T1119_1.txt & doskey /history > %TEMP%\T1119_2.txt & wmic process list > %TEMP%\T1119_3.txt & tree C:\AtomicRedTeam\atomics > %TEMP%\T1119_4.txt

ParentUser: WINDEV2309EVAL\User",Info,sc.exe,"""cmd.exe"" /c sc query type=service > %TEMP%\T1119_1.txt & doskey /history > %TEMP%\T1119_2.txt & wmic process list > %TEMP%\T1119_3.txt & tree C:\AtomicRedTeam\atomics > %TEMP%\T1119_4.txt",C:\Windows\System32\cmd.exe,{f57bd86a-93e7-658c-d101-000000000f00},1508,WINDEV2309EVAL\User,{f57bd86a-93e7-658c-d301-000000000f00},3588,1488,Microsoft® Windows® Operating System,,,,"
      ",-,2023-12-27T21:15:19.9833365Z,,Process Create (rule: ProcessCreate),1,5124,WINDEV2309EVAL\User,S-1-5-18,2023-12-27 21:15:19.982,5,"<Event xmlns=""http://schemas.microsoft.com/win/2004/08/events/event"">
    <System>
      <Provider Name=""Microsoft-Windows-Sysmon"" Guid=""{5770385f-c22a-43e0-bf4c-06f5698ffbd9}""/>
      <EventID>1</EventID>
      <Version>5</Version>
      <Level>4</Level>
      <Task>1</Task>
      <Opcode>0</Opcode>
      <Keywords>0x8000000000000000</Keywords>
      <TimeCreated SystemTime=""2023-12-27T21:15:19.9833365Z""/>
      <EventRecordID>19583</EventRecordID>
      <Correlation/>
      <Execution ProcessID=""3588"" ThreadID=""5124""/>
      <Channel>Microsoft-Windows-Sysmon/Operational</Channel>
      <Computer>WinDev2309Eval</Computer>
      <Security UserID=""S-1-5-18""/>
    </System>
    <EventData>
      <Data Name=""RuleName"">-</Data>
      <Data Name=""UtcTime"">2023-12-27 21:15:19.982</Data>
      <Data Name=""ProcessGuid"">{f57bd86a-93e7-658c-d301-000000000f00}</Data>
      <Data Name=""ProcessId"">1488</Data>
      <Data Name=""Image"">C:\Windows\System32\sc.exe</Data>
      <Data Name=""FileVersion"">10.0.22621.1 (WinBuild.160101.0800)</Data>
      <Data Name=""Description"">Service Control Manager Configuration Tool</Data>
      <Data Name=""Product"">Microsoft&#174; Windows&#174; Operating System</Data>
      <Data Name=""Company"">Microsoft Corporation</Data>
      <Data Name=""OriginalFileName"">sc.exe</Data>
      <Data Name=""CommandLine"">sc  query type=service  </Data>
      <Data Name=""CurrentDirectory"">C:\Users\User\AppData\Local\Temp\</Data>
      <Data Name=""User"">WINDEV2309EVAL\User</Data>
      <Data Name=""LogonGuid"">{f57bd86a-36f9-658c-7bf8-020000000000}</Data>
      <Data Name=""LogonId"">0x2f87b</Data>
      <Data Name=""TerminalSessionId"">1</Data>
      <Data Name=""IntegrityLevel"">Medium</Data>
      <Data Name=""Hashes"">MD5=FF2A4319FA5531F0D7B98DBBA9ABBD4A,SHA256=67CBE3A7B9C9B7A2E9FB10A33C1A9A3FD297B6F1598AEA374BD9B5D2DEE352EC,IMPHASH=42DADBD60BBC453DD1773FDC089E19B7</Data>
      <Data Name=""ParentProcessGuid"">{f57bd86a-93e7-658c-d101-000000000f00}</Data>
      <Data Name=""ParentProcessId"">1508</Data>
      <Data Name=""ParentImage"">C:\Windows\System32\cmd.exe</Data>
      <Data Name=""ParentCommandLine"">""cmd.exe"" /c sc query type=service &gt; %TEMP%\T1119_1.txt &amp; doskey /history &gt; %TEMP%\T1119_2.txt &amp; wmic process list &gt; %TEMP%\T1119_3.txt &amp; tree C:\AtomicRedTeam\atomics &gt; %TEMP%\T1119_4.txt</Data>
      <Data Name=""ParentUser"">WINDEV2309EVAL\User</Data>
    </EventData>
    <RenderingInfo Culture=""en-US"">
      <Message>Process Create:

RuleName: -

UtcTime: 2023-12-27 21:15:19.982

ProcessGuid: {f57bd86a-93e7-658c-d301-000000000f00}

ProcessId: 1488

Image: C:\Windows\System32\sc.exe

FileVersion: 10.0.22621.1 (WinBuild.160101.0800)

Description: Service Control Manager Configuration Tool

Product: Microsoft&#174; Windows&#174; Operating System

Company: Microsoft Corporation

OriginalFileName: sc.exe

CommandLine: sc  query type=service  

CurrentDirectory: C:\Users\User\AppData\Local\Temp\

User: WINDEV2309EVAL\User

LogonGuid: {f57bd86a-36f9-658c-7bf8-020000000000}

LogonId: 0x2F87B

TerminalSessionId: 1

IntegrityLevel: Medium

Hashes: MD5=FF2A4319FA5531F0D7B98DBBA9ABBD4A,SHA256=67CBE3A7B9C9B7A2E9FB10A33C1A9A3FD297B6F1598AEA374BD9B5D2DEE352EC,IMPHASH=42DADBD60BBC453DD1773FDC089E19B7

ParentProcessGuid: {f57bd86a-93e7-658c-d101-000000000f00}

ParentProcessId: 1508

ParentImage: C:\Windows\System32\cmd.exe

ParentCommandLine: ""cmd.exe"" /c sc query type=service &gt; %TEMP%\T1119_1.txt &amp; doskey /history &gt; %TEMP%\T1119_2.txt &amp; wmic process list &gt; %TEMP%\T1119_3.txt &amp; tree C:\AtomicRedTeam\atomics &gt; %TEMP%\T1119_4.txt

ParentUser: WINDEV2309EVAL\User</Message>
      <Level>Information</Level>
      <Task>Process Create (rule: ProcessCreate)</Task>
      <Opcode>Info</Opcode>
    </RenderingInfo>
  </Event>
  
"
Microsoft-Windows-Sysmon/Operational,"""cmd.exe"" /c sc query type=service > %%TEMP%%\T1119_1.txt & doskey /history > %%TEMP%%\T1119_2.txt & wmic process list > %%TEMP%%\T1119_3.txt & tree C:\AtomicRedTeam\atomics > %%TEMP%%\T1119_4.txt",Microsoft Corporation,WinDev2309Eval,,C:\Users\User\AppData\Local\Temp\,Windows Command Processor,1,19582,10.0.22621.2506 (WinBuild.160101.0800),"MD5=133D568ECCB557E37BEA1459521CBAC2,SHA256=05A30592D2C3421C41121145C6EEFA7C81FEA6B42D6233A522240A8468326B9C,IMPHASH=D73E39DAB3C8B57AA408073D01254964",C:\Windows\System32\cmd.exe,Medium,0x8000000000000000,Information,{f57bd86a-36f9-658c-7bf8-020000000000},0x2f87b,"Process Create:

RuleName: -

UtcTime: 2023-12-27 21:15:19.957

ProcessGuid: {f57bd86a-93e7-658c-d101-000000000f00}

ProcessId: 1508

Image: C:\Windows\System32\cmd.exe

FileVersion: 10.0.22621.2506 (WinBuild.160101.0800)

Description: Windows Command Processor

Product: Microsoft® Windows® Operating System

Company: Microsoft Corporation

OriginalFileName: Cmd.Exe

CommandLine: ""cmd.exe"" /c sc query type=service > %%TEMP%%\T1119_1.txt & doskey /history > %%TEMP%%\T1119_2.txt & wmic process list > %%TEMP%%\T1119_3.txt & tree C:\AtomicRedTeam\atomics > %%TEMP%%\T1119_4.txt

CurrentDirectory: C:\Users\User\AppData\Local\Temp\

User: WINDEV2309EVAL\User

LogonGuid: {f57bd86a-36f9-658c-7bf8-020000000000}

LogonId: 0x2F87B

TerminalSessionId: 1

IntegrityLevel: Medium

Hashes: MD5=133D568ECCB557E37BEA1459521CBAC2,SHA256=05A30592D2C3421C41121145C6EEFA7C81FEA6B42D6233A522240A8468326B9C,IMPHASH=D73E39DAB3C8B57AA408073D01254964

ParentProcessGuid: {00000000-0000-0000-0000-000000000000}

ParentProcessId: 1688

ParentImage: -

ParentCommandLine: -

ParentUser: -",Info,Cmd.Exe,-,-,{00000000-0000-0000-0000-000000000000},1688,-,{f57bd86a-93e7-658c-d101-000000000f00},3588,1508,Microsoft® Windows® Operating System,,,,"
      ",-,2023-12-27T21:15:19.9581596Z,,Process Create (rule: ProcessCreate),1,5124,WINDEV2309EVAL\User,S-1-5-18,2023-12-27 21:15:19.957,5,"<Event xmlns=""http://schemas.microsoft.com/win/2004/08/events/event"">
    <System>
      <Provider Name=""Microsoft-Windows-Sysmon"" Guid=""{5770385f-c22a-43e0-bf4c-06f5698ffbd9}""/>
      <EventID>1</EventID>
      <Version>5</Version>
      <Level>4</Level>
      <Task>1</Task>
      <Opcode>0</Opcode>
      <Keywords>0x8000000000000000</Keywords>
      <TimeCreated SystemTime=""2023-12-27T21:15:19.9581596Z""/>
      <EventRecordID>19582</EventRecordID>
      <Correlation/>
      <Execution ProcessID=""3588"" ThreadID=""5124""/>
      <Channel>Microsoft-Windows-Sysmon/Operational</Channel>
      <Computer>WinDev2309Eval</Computer>
      <Security UserID=""S-1-5-18""/>
    </System>
    <EventData>
      <Data Name=""RuleName"">-</Data>
      <Data Name=""UtcTime"">2023-12-27 21:15:19.957</Data>
      <Data Name=""ProcessGuid"">{f57bd86a-93e7-658c-d101-000000000f00}</Data>
      <Data Name=""ProcessId"">1508</Data>
      <Data Name=""Image"">C:\Windows\System32\cmd.exe</Data>
      <Data Name=""FileVersion"">10.0.22621.2506 (WinBuild.160101.0800)</Data>
      <Data Name=""Description"">Windows Command Processor</Data>
      <Data Name=""Product"">Microsoft&#174; Windows&#174; Operating System</Data>
      <Data Name=""Company"">Microsoft Corporation</Data>
      <Data Name=""OriginalFileName"">Cmd.Exe</Data>
      <Data Name=""CommandLine"">""cmd.exe"" /c sc query type=service &gt; %%TEMP%%\T1119_1.txt &amp; doskey /history &gt; %%TEMP%%\T1119_2.txt &amp; wmic process list &gt; %%TEMP%%\T1119_3.txt &amp; tree C:\AtomicRedTeam\atomics &gt; %%TEMP%%\T1119_4.txt</Data>
      <Data Name=""CurrentDirectory"">C:\Users\User\AppData\Local\Temp\</Data>
      <Data Name=""User"">WINDEV2309EVAL\User</Data>
      <Data Name=""LogonGuid"">{f57bd86a-36f9-658c-7bf8-020000000000}</Data>
      <Data Name=""LogonId"">0x2f87b</Data>
      <Data Name=""TerminalSessionId"">1</Data>
      <Data Name=""IntegrityLevel"">Medium</Data>
      <Data Name=""Hashes"">MD5=133D568ECCB557E37BEA1459521CBAC2,SHA256=05A30592D2C3421C41121145C6EEFA7C81FEA6B42D6233A522240A8468326B9C,IMPHASH=D73E39DAB3C8B57AA408073D01254964</Data>
      <Data Name=""ParentProcessGuid"">{00000000-0000-0000-0000-000000000000}</Data>
      <Data Name=""ParentProcessId"">1688</Data>
      <Data Name=""ParentImage"">-</Data>
      <Data Name=""ParentCommandLine"">-</Data>
      <Data Name=""ParentUser"">-</Data>
    </EventData>
    <RenderingInfo Culture=""en-US"">
      <Message>Process Create:

RuleName: -

UtcTime: 2023-12-27 21:15:19.957

ProcessGuid: {f57bd86a-93e7-658c-d101-000000000f00}

ProcessId: 1508

Image: C:\Windows\System32\cmd.exe

FileVersion: 10.0.22621.2506 (WinBuild.160101.0800)

Description: Windows Command Processor

Product: Microsoft&#174; Windows&#174; Operating System

Company: Microsoft Corporation

OriginalFileName: Cmd.Exe

CommandLine: ""cmd.exe"" /c sc query type=service &gt; %%TEMP%%\T1119_1.txt &amp; doskey /history &gt; %%TEMP%%\T1119_2.txt &amp; wmic process list &gt; %%TEMP%%\T1119_3.txt &amp; tree C:\AtomicRedTeam\atomics &gt; %%TEMP%%\T1119_4.txt

CurrentDirectory: C:\Users\User\AppData\Local\Temp\

User: WINDEV2309EVAL\User

LogonGuid: {f57bd86a-36f9-658c-7bf8-020000000000}

LogonId: 0x2F87B

TerminalSessionId: 1

IntegrityLevel: Medium

Hashes: MD5=133D568ECCB557E37BEA1459521CBAC2,SHA256=05A30592D2C3421C41121145C6EEFA7C81FEA6B42D6233A522240A8468326B9C,IMPHASH=D73E39DAB3C8B57AA408073D01254964

ParentProcessGuid: {00000000-0000-0000-0000-000000000000}

ParentProcessId: 1688

ParentImage: -

ParentCommandLine: -

ParentUser: -</Message>
      <Level>Information</Level>
      <Task>Process Create (rule: ProcessCreate)</Task>
      <Opcode>Info</Opcode>
    </RenderingInfo>
  </Event>
  
"
Microsoft-Windows-Sysmon/Operational,,,WinDev2309Eval,2023-12-27 21:15:18.107,,,11,19581,,,C:\Windows\System32\WindowsPowerShell\v1.0\powershell.exe,,0x8000000000000000,Information,,,"File created:

RuleName: -

UtcTime: 2023-12-27 21:15:18.107

ProcessGuid: {f57bd86a-93e6-658c-cf01-000000000f00}

ProcessId: 800

Image: C:\Windows\System32\WindowsPowerShell\v1.0\powershell.exe

TargetFilename: C:\Users\User\AppData\Local\Temp\__PSScriptPolicyTest_m3552c23.b3o.ps1

CreationUtcTime: 2023-12-27 21:15:18.107

User: WINDEV2309EVAL\User",Info,,,,,,,{f57bd86a-93e6-658c-cf01-000000000f00},3588,800,,,,,"
      ",-,2023-12-27T21:15:18.1119879Z,C:\Users\User\AppData\Local\Temp\__PSScriptPolicyTest_m3552c23.b3o.ps1,File created (rule: FileCreate),,5124,WINDEV2309EVAL\User,S-1-5-18,2023-12-27 21:15:18.107,2,"<Event xmlns=""http://schemas.microsoft.com/win/2004/08/events/event"">
    <System>
      <Provider Name=""Microsoft-Windows-Sysmon"" Guid=""{5770385f-c22a-43e0-bf4c-06f5698ffbd9}""/>
      <EventID>11</EventID>
      <Version>2</Version>
      <Level>4</Level>
      <Task>11</Task>
      <Opcode>0</Opcode>
      <Keywords>0x8000000000000000</Keywords>
      <TimeCreated SystemTime=""2023-12-27T21:15:18.1119879Z""/>
      <EventRecordID>19581</EventRecordID>
      <Correlation/>
      <Execution ProcessID=""3588"" ThreadID=""5124""/>
      <Channel>Microsoft-Windows-Sysmon/Operational</Channel>
      <Computer>WinDev2309Eval</Computer>
      <Security UserID=""S-1-5-18""/>
    </System>
    <EventData>
      <Data Name=""RuleName"">-</Data>
      <Data Name=""UtcTime"">2023-12-27 21:15:18.107</Data>
      <Data Name=""ProcessGuid"">{f57bd86a-93e6-658c-cf01-000000000f00}</Data>
      <Data Name=""ProcessId"">800</Data>
      <Data Name=""Image"">C:\Windows\System32\WindowsPowerShell\v1.0\powershell.exe</Data>
      <Data Name=""TargetFilename"">C:\Users\User\AppData\Local\Temp\__PSScriptPolicyTest_m3552c23.b3o.ps1</Data>
      <Data Name=""CreationUtcTime"">2023-12-27 21:15:18.107</Data>
      <Data Name=""User"">WINDEV2309EVAL\User</Data>
    </EventData>
    <RenderingInfo Culture=""en-US"">
      <Message>File created:

RuleName: -

UtcTime: 2023-12-27 21:15:18.107

ProcessGuid: {f57bd86a-93e6-658c-cf01-000000000f00}

ProcessId: 800

Image: C:\Windows\System32\WindowsPowerShell\v1.0\powershell.exe

TargetFilename: C:\Users\User\AppData\Local\Temp\__PSScriptPolicyTest_m3552c23.b3o.ps1

CreationUtcTime: 2023-12-27 21:15:18.107

User: WINDEV2309EVAL\User</Message>
      <Level>Information</Level>
      <Task>File created (rule: FileCreate)</Task>
      <Opcode>Info</Opcode>
    </RenderingInfo>
  </Event>
  
"
Microsoft-Windows-Sysmon/Operational,"""powershell.exe"" & {Get-Service > $env:TEMP\T1119_1.txt
Get-ChildItem Env: > $env:TEMP\T1119_2.txt
Get-Process > $env:TEMP\T1119_3.txt}",Microsoft Corporation,WinDev2309Eval,,C:\Users\User\AppData\Local\Temp\,Windows PowerShell,1,19580,10.0.22621.2506 (WinBuild.160101.0800),"MD5=2D1D70C92A419D9079B047954C611886,SHA256=C50057756CDB25D481CF2502ABCEF124F864C27618C5057468BFC6B82B2C4EDD,IMPHASH=E09C4F82A1DA13A09F4FF2E625FEBA20",C:\Windows\System32\WindowsPowerShell\v1.0\powershell.exe,Medium,0x8000000000000000,Information,{f57bd86a-36f9-658c-7bf8-020000000000},0x2f87b,"Process Create:

RuleName: -

UtcTime: 2023-12-27 21:15:18.003

ProcessGuid: {f57bd86a-93e6-658c-cf01-000000000f00}

ProcessId: 800

Image: C:\Windows\System32\WindowsPowerShell\v1.0\powershell.exe

FileVersion: 10.0.22621.2506 (WinBuild.160101.0800)

Description: Windows PowerShell

Product: Microsoft® Windows® Operating System

Company: Microsoft Corporation

OriginalFileName: PowerShell.EXE

CommandLine: ""powershell.exe"" & {Get-Service > $env:TEMP\T1119_1.txt
Get-ChildItem Env: > $env:TEMP\T1119_2.txt
Get-Process > $env:TEMP\T1119_3.txt}

CurrentDirectory: C:\Users\User\AppData\Local\Temp\

User: WINDEV2309EVAL\User

LogonGuid: {f57bd86a-36f9-658c-7bf8-020000000000}

LogonId: 0x2F87B

TerminalSessionId: 1

IntegrityLevel: Medium

Hashes: MD5=2D1D70C92A419D9079B047954C611886,SHA256=C50057756CDB25D481CF2502ABCEF124F864C27618C5057468BFC6B82B2C4EDD,IMPHASH=E09C4F82A1DA13A09F4FF2E625FEBA20

ParentProcessGuid: {00000000-0000-0000-0000-000000000000}

ParentProcessId: 1688

ParentImage: -

ParentCommandLine: -

ParentUser: -",Info,PowerShell.EXE,-,-,{00000000-0000-0000-0000-000000000000},1688,-,{f57bd86a-93e6-658c-cf01-000000000f00},3588,800,Microsoft® Windows® Operating System,,,,"
      ",-,2023-12-27T21:15:18.0048075Z,,Process Create (rule: ProcessCreate),1,5124,WINDEV2309EVAL\User,S-1-5-18,2023-12-27 21:15:18.003,5,"<Event xmlns=""http://schemas.microsoft.com/win/2004/08/events/event"">
    <System>
      <Provider Name=""Microsoft-Windows-Sysmon"" Guid=""{5770385f-c22a-43e0-bf4c-06f5698ffbd9}""/>
      <EventID>1</EventID>
      <Version>5</Version>
      <Level>4</Level>
      <Task>1</Task>
      <Opcode>0</Opcode>
      <Keywords>0x8000000000000000</Keywords>
      <TimeCreated SystemTime=""2023-12-27T21:15:18.0048075Z""/>
      <EventRecordID>19580</EventRecordID>
      <Correlation/>
      <Execution ProcessID=""3588"" ThreadID=""5124""/>
      <Channel>Microsoft-Windows-Sysmon/Operational</Channel>
      <Computer>WinDev2309Eval</Computer>
      <Security UserID=""S-1-5-18""/>
    </System>
    <EventData>
      <Data Name=""RuleName"">-</Data>
      <Data Name=""UtcTime"">2023-12-27 21:15:18.003</Data>
      <Data Name=""ProcessGuid"">{f57bd86a-93e6-658c-cf01-000000000f00}</Data>
      <Data Name=""ProcessId"">800</Data>
      <Data Name=""Image"">C:\Windows\System32\WindowsPowerShell\v1.0\powershell.exe</Data>
      <Data Name=""FileVersion"">10.0.22621.2506 (WinBuild.160101.0800)</Data>
      <Data Name=""Description"">Windows PowerShell</Data>
      <Data Name=""Product"">Microsoft&#174; Windows&#174; Operating System</Data>
      <Data Name=""Company"">Microsoft Corporation</Data>
      <Data Name=""OriginalFileName"">PowerShell.EXE</Data>
      <Data Name=""CommandLine"">""powershell.exe"" &amp; {Get-Service &gt; $env:TEMP\T1119_1.txt
Get-ChildItem Env: &gt; $env:TEMP\T1119_2.txt
Get-Process &gt; $env:TEMP\T1119_3.txt}</Data>
      <Data Name=""CurrentDirectory"">C:\Users\User\AppData\Local\Temp\</Data>
      <Data Name=""User"">WINDEV2309EVAL\User</Data>
      <Data Name=""LogonGuid"">{f57bd86a-36f9-658c-7bf8-020000000000}</Data>
      <Data Name=""LogonId"">0x2f87b</Data>
      <Data Name=""TerminalSessionId"">1</Data>
      <Data Name=""IntegrityLevel"">Medium</Data>
      <Data Name=""Hashes"">MD5=2D1D70C92A419D9079B047954C611886,SHA256=C50057756CDB25D481CF2502ABCEF124F864C27618C5057468BFC6B82B2C4EDD,IMPHASH=E09C4F82A1DA13A09F4FF2E625FEBA20</Data>
      <Data Name=""ParentProcessGuid"">{00000000-0000-0000-0000-000000000000}</Data>
      <Data Name=""ParentProcessId"">1688</Data>
      <Data Name=""ParentImage"">-</Data>
      <Data Name=""ParentCommandLine"">-</Data>
      <Data Name=""ParentUser"">-</Data>
    </EventData>
    <RenderingInfo Culture=""en-US"">
      <Message>Process Create:

RuleName: -

UtcTime: 2023-12-27 21:15:18.003

ProcessGuid: {f57bd86a-93e6-658c-cf01-000000000f00}

ProcessId: 800

Image: C:\Windows\System32\WindowsPowerShell\v1.0\powershell.exe

FileVersion: 10.0.22621.2506 (WinBuild.160101.0800)

Description: Windows PowerShell

Product: Microsoft&#174; Windows&#174; Operating System

Company: Microsoft Corporation

OriginalFileName: PowerShell.EXE

CommandLine: ""powershell.exe"" &amp; {Get-Service &gt; $env:TEMP\T1119_1.txt
Get-ChildItem Env: &gt; $env:TEMP\T1119_2.txt
Get-Process &gt; $env:TEMP\T1119_3.txt}

CurrentDirectory: C:\Users\User\AppData\Local\Temp\

User: WINDEV2309EVAL\User

LogonGuid: {f57bd86a-36f9-658c-7bf8-020000000000}

LogonId: 0x2F87B

TerminalSessionId: 1

IntegrityLevel: Medium

Hashes: MD5=2D1D70C92A419D9079B047954C611886,SHA256=C50057756CDB25D481CF2502ABCEF124F864C27618C5057468BFC6B82B2C4EDD,IMPHASH=E09C4F82A1DA13A09F4FF2E625FEBA20

ParentProcessGuid: {00000000-0000-0000-0000-000000000000}

ParentProcessId: 1688

ParentImage: -

ParentCommandLine: -

ParentUser: -</Message>
      <Level>Information</Level>
      <Task>Process Create (rule: ProcessCreate)</Task>
      <Opcode>Info</Opcode>
    </RenderingInfo>
  </Event>
  
"
Microsoft-Windows-Sysmon/Operational,,,WinDev2309Eval,2023-12-27 21:15:16.336,,,11,19579,,,C:\Windows\System32\WindowsPowerShell\v1.0\powershell.exe,,0x8000000000000000,Information,,,"File created:

RuleName: -

UtcTime: 2023-12-27 21:15:16.336

ProcessGuid: {f57bd86a-93e4-658c-cd01-000000000f00}

ProcessId: 9236

Image: C:\Windows\System32\WindowsPowerShell\v1.0\powershell.exe

TargetFilename: C:\Users\User\AppData\Local\Temp\__PSScriptPolicyTest_lknubska.zvw.ps1

CreationUtcTime: 2023-12-27 21:15:16.336

User: WINDEV2309EVAL\User",Info,,,,,,,{f57bd86a-93e4-658c-cd01-000000000f00},3588,9236,,,,,"
      ",-,2023-12-27T21:15:16.3429505Z,C:\Users\User\AppData\Local\Temp\__PSScriptPolicyTest_lknubska.zvw.ps1,File created (rule: FileCreate),,5124,WINDEV2309EVAL\User,S-1-5-18,2023-12-27 21:15:16.336,2,"<Event xmlns=""http://schemas.microsoft.com/win/2004/08/events/event"">
    <System>
      <Provider Name=""Microsoft-Windows-Sysmon"" Guid=""{5770385f-c22a-43e0-bf4c-06f5698ffbd9}""/>
      <EventID>11</EventID>
      <Version>2</Version>
      <Level>4</Level>
      <Task>11</Task>
      <Opcode>0</Opcode>
      <Keywords>0x8000000000000000</Keywords>
      <TimeCreated SystemTime=""2023-12-27T21:15:16.3429505Z""/>
      <EventRecordID>19579</EventRecordID>
      <Correlation/>
      <Execution ProcessID=""3588"" ThreadID=""5124""/>
      <Channel>Microsoft-Windows-Sysmon/Operational</Channel>
      <Computer>WinDev2309Eval</Computer>
      <Security UserID=""S-1-5-18""/>
    </System>
    <EventData>
      <Data Name=""RuleName"">-</Data>
      <Data Name=""UtcTime"">2023-12-27 21:15:16.336</Data>
      <Data Name=""ProcessGuid"">{f57bd86a-93e4-658c-cd01-000000000f00}</Data>
      <Data Name=""ProcessId"">9236</Data>
      <Data Name=""Image"">C:\Windows\System32\WindowsPowerShell\v1.0\powershell.exe</Data>
      <Data Name=""TargetFilename"">C:\Users\User\AppData\Local\Temp\__PSScriptPolicyTest_lknubska.zvw.ps1</Data>
      <Data Name=""CreationUtcTime"">2023-12-27 21:15:16.336</Data>
      <Data Name=""User"">WINDEV2309EVAL\User</Data>
    </EventData>
    <RenderingInfo Culture=""en-US"">
      <Message>File created:

RuleName: -

UtcTime: 2023-12-27 21:15:16.336

ProcessGuid: {f57bd86a-93e4-658c-cd01-000000000f00}

ProcessId: 9236

Image: C:\Windows\System32\WindowsPowerShell\v1.0\powershell.exe

TargetFilename: C:\Users\User\AppData\Local\Temp\__PSScriptPolicyTest_lknubska.zvw.ps1

CreationUtcTime: 2023-12-27 21:15:16.336

User: WINDEV2309EVAL\User</Message>
      <Level>Information</Level>
      <Task>File created (rule: FileCreate)</Task>
      <Opcode>Info</Opcode>
    </RenderingInfo>
  </Event>
  
"
Microsoft-Windows-Sysmon/Operational,"""powershell.exe"" & {New-Item -Path $env:TEMP\T1119_powershell_collection -ItemType Directory -Force | Out-Null
Get-ChildItem -Recurse -Include *.doc | %% {Copy-Item $_.FullName -destination $env:TEMP\T1119_powershell_collection}}",Microsoft Corporation,WinDev2309Eval,,C:\Users\User\AppData\Local\Temp\,Windows PowerShell,1,19578,10.0.22621.2506 (WinBuild.160101.0800),"MD5=2D1D70C92A419D9079B047954C611886,SHA256=C50057756CDB25D481CF2502ABCEF124F864C27618C5057468BFC6B82B2C4EDD,IMPHASH=E09C4F82A1DA13A09F4FF2E625FEBA20",C:\Windows\System32\WindowsPowerShell\v1.0\powershell.exe,Medium,0x8000000000000000,Information,{f57bd86a-36f9-658c-7bf8-020000000000},0x2f87b,"Process Create:

RuleName: -

UtcTime: 2023-12-27 21:15:16.172

ProcessGuid: {f57bd86a-93e4-658c-cd01-000000000f00}

ProcessId: 9236

Image: C:\Windows\System32\WindowsPowerShell\v1.0\powershell.exe

FileVersion: 10.0.22621.2506 (WinBuild.160101.0800)

Description: Windows PowerShell

Product: Microsoft® Windows® Operating System

Company: Microsoft Corporation

OriginalFileName: PowerShell.EXE

CommandLine: ""powershell.exe"" & {New-Item -Path $env:TEMP\T1119_powershell_collection -ItemType Directory -Force | Out-Null
Get-ChildItem -Recurse -Include *.doc | %% {Copy-Item $_.FullName -destination $env:TEMP\T1119_powershell_collection}}

CurrentDirectory: C:\Users\User\AppData\Local\Temp\

User: WINDEV2309EVAL\User

LogonGuid: {f57bd86a-36f9-658c-7bf8-020000000000}

LogonId: 0x2F87B

TerminalSessionId: 1

IntegrityLevel: Medium

Hashes: MD5=2D1D70C92A419D9079B047954C611886,SHA256=C50057756CDB25D481CF2502ABCEF124F864C27618C5057468BFC6B82B2C4EDD,IMPHASH=E09C4F82A1DA13A09F4FF2E625FEBA20

ParentProcessGuid: {00000000-0000-0000-0000-000000000000}

ParentProcessId: 1688

ParentImage: -

ParentCommandLine: -

ParentUser: -",Info,PowerShell.EXE,-,-,{00000000-0000-0000-0000-000000000000},1688,-,{f57bd86a-93e4-658c-cd01-000000000f00},3588,9236,Microsoft® Windows® Operating System,,,,"
      ",-,2023-12-27T21:15:16.1735156Z,,Process Create (rule: ProcessCreate),1,5124,WINDEV2309EVAL\User,S-1-5-18,2023-12-27 21:15:16.172,5,"<Event xmlns=""http://schemas.microsoft.com/win/2004/08/events/event"">
    <System>
      <Provider Name=""Microsoft-Windows-Sysmon"" Guid=""{5770385f-c22a-43e0-bf4c-06f5698ffbd9}""/>
      <EventID>1</EventID>
      <Version>5</Version>
      <Level>4</Level>
      <Task>1</Task>
      <Opcode>0</Opcode>
      <Keywords>0x8000000000000000</Keywords>
      <TimeCreated SystemTime=""2023-12-27T21:15:16.1735156Z""/>
      <EventRecordID>19578</EventRecordID>
      <Correlation/>
      <Execution ProcessID=""3588"" ThreadID=""5124""/>
      <Channel>Microsoft-Windows-Sysmon/Operational</Channel>
      <Computer>WinDev2309Eval</Computer>
      <Security UserID=""S-1-5-18""/>
    </System>
    <EventData>
      <Data Name=""RuleName"">-</Data>
      <Data Name=""UtcTime"">2023-12-27 21:15:16.172</Data>
      <Data Name=""ProcessGuid"">{f57bd86a-93e4-658c-cd01-000000000f00}</Data>
      <Data Name=""ProcessId"">9236</Data>
      <Data Name=""Image"">C:\Windows\System32\WindowsPowerShell\v1.0\powershell.exe</Data>
      <Data Name=""FileVersion"">10.0.22621.2506 (WinBuild.160101.0800)</Data>
      <Data Name=""Description"">Windows PowerShell</Data>
      <Data Name=""Product"">Microsoft&#174; Windows&#174; Operating System</Data>
      <Data Name=""Company"">Microsoft Corporation</Data>
      <Data Name=""OriginalFileName"">PowerShell.EXE</Data>
      <Data Name=""CommandLine"">""powershell.exe"" &amp; {New-Item -Path $env:TEMP\T1119_powershell_collection -ItemType Directory -Force | Out-Null
Get-ChildItem -Recurse -Include *.doc | %% {Copy-Item $_.FullName -destination $env:TEMP\T1119_powershell_collection}}</Data>
      <Data Name=""CurrentDirectory"">C:\Users\User\AppData\Local\Temp\</Data>
      <Data Name=""User"">WINDEV2309EVAL\User</Data>
      <Data Name=""LogonGuid"">{f57bd86a-36f9-658c-7bf8-020000000000}</Data>
      <Data Name=""LogonId"">0x2f87b</Data>
      <Data Name=""TerminalSessionId"">1</Data>
      <Data Name=""IntegrityLevel"">Medium</Data>
      <Data Name=""Hashes"">MD5=2D1D70C92A419D9079B047954C611886,SHA256=C50057756CDB25D481CF2502ABCEF124F864C27618C5057468BFC6B82B2C4EDD,IMPHASH=E09C4F82A1DA13A09F4FF2E625FEBA20</Data>
      <Data Name=""ParentProcessGuid"">{00000000-0000-0000-0000-000000000000}</Data>
      <Data Name=""ParentProcessId"">1688</Data>
      <Data Name=""ParentImage"">-</Data>
      <Data Name=""ParentCommandLine"">-</Data>
      <Data Name=""ParentUser"">-</Data>
    </EventData>
    <RenderingInfo Culture=""en-US"">
      <Message>Process Create:

RuleName: -

UtcTime: 2023-12-27 21:15:16.172

ProcessGuid: {f57bd86a-93e4-658c-cd01-000000000f00}

ProcessId: 9236

Image: C:\Windows\System32\WindowsPowerShell\v1.0\powershell.exe

FileVersion: 10.0.22621.2506 (WinBuild.160101.0800)

Description: Windows PowerShell

Product: Microsoft&#174; Windows&#174; Operating System

Company: Microsoft Corporation

OriginalFileName: PowerShell.EXE

CommandLine: ""powershell.exe"" &amp; {New-Item -Path $env:TEMP\T1119_powershell_collection -ItemType Directory -Force | Out-Null
Get-ChildItem -Recurse -Include *.doc | %% {Copy-Item $_.FullName -destination $env:TEMP\T1119_powershell_collection}}

CurrentDirectory: C:\Users\User\AppData\Local\Temp\

User: WINDEV2309EVAL\User

LogonGuid: {f57bd86a-36f9-658c-7bf8-020000000000}

LogonId: 0x2F87B

TerminalSessionId: 1

IntegrityLevel: Medium

Hashes: MD5=2D1D70C92A419D9079B047954C611886,SHA256=C50057756CDB25D481CF2502ABCEF124F864C27618C5057468BFC6B82B2C4EDD,IMPHASH=E09C4F82A1DA13A09F4FF2E625FEBA20

ParentProcessGuid: {00000000-0000-0000-0000-000000000000}

ParentProcessId: 1688

ParentImage: -

ParentCommandLine: -

ParentUser: -</Message>
      <Level>Information</Level>
      <Task>Process Create (rule: ProcessCreate)</Task>
      <Opcode>Info</Opcode>
    </RenderingInfo>
  </Event>
  
"
