Microsoft-Windows-Sysmon/Operational,"""cmd.exe"" /c reg add ""HKLM\SOFTWARE\Policies\Microsoft\Windows\WindowsUpdate"" /v ""DoNotConnectToWindowsUpdateInternetLocations"" /t REG_DWORD /d 1 /f",Microsoft Corporation,WinDev2309Eval,,C:\Users\User\AppData\Local\Temp\,Windows Command Processor,,1,19696,,10.0.22621.2506 (WinBuild.160101.0800),"MD5=133D568ECCB557E37BEA1459521CBAC2,SHA256=05A30592D2C3421C41121145C6EEFA7C81FEA6B42D6233A522240A8468326B9C,IMPHASH=D73E39DAB3C8B57AA408073D01254964",C:\Windows\System32\cmd.exe,Medium,0x8000000000000000,Information,{f57bd86a-36f9-658c-7bf8-020000000000},0x2f87b,"Process Create:

RuleName: -

UtcTime: 2023-12-27 20:56:41.605

ProcessGuid: {f57bd86a-8f89-658c-6e02-000000000f00}

ProcessId: 10112

Image: C:\Windows\System32\cmd.exe

FileVersion: 10.0.22621.2506 (WinBuild.160101.0800)

Description: Windows Command Processor

Product: Microsoft® Windows® Operating System

Company: Microsoft Corporation

OriginalFileName: Cmd.Exe

CommandLine: ""cmd.exe"" /c reg add ""HKLM\SOFTWARE\Policies\Microsoft\Windows\WindowsUpdate"" /v ""DoNotConnectToWindowsUpdateInternetLocations"" /t REG_DWORD /d 1 /f

CurrentDirectory: C:\Users\User\AppData\Local\Temp\

User: WINDEV2309EVAL\User

LogonGuid: {f57bd86a-36f9-658c-7bf8-020000000000}

LogonId: 0x2F87B

TerminalSessionId: 1

IntegrityLevel: Medium

Hashes: MD5=133D568ECCB557E37BEA1459521CBAC2,SHA256=05A30592D2C3421C41121145C6EEFA7C81FEA6B42D6233A522240A8468326B9C,IMPHASH=D73E39DAB3C8B57AA408073D01254964

ParentProcessGuid: {00000000-0000-0000-0000-000000000000}

ParentProcessId: 1688

ParentImage: -

ParentCommandLine: -

ParentUser: -",Info,Cmd.Exe,-,-,{00000000-0000-0000-0000-000000000000},1688,-,{f57bd86a-8f89-658c-6e02-000000000f00},3588,10112,Microsoft® Windows® Operating System,,,,"
      ",-,2023-12-27T20:56:41.6061405Z,,,Process Create (rule: ProcessCreate),1,5124,WINDEV2309EVAL\User,S-1-5-18,2023-12-27 20:56:41.605,5,"<Event xmlns=""http://schemas.microsoft.com/win/2004/08/events/event"">
    <System>
      <Provider Name=""Microsoft-Windows-Sysmon"" Guid=""{5770385f-c22a-43e0-bf4c-06f5698ffbd9}""/>
      <EventID>1</EventID>
      <Version>5</Version>
      <Level>4</Level>
      <Task>1</Task>
      <Opcode>0</Opcode>
      <Keywords>0x8000000000000000</Keywords>
      <TimeCreated SystemTime=""2023-12-27T20:56:41.6061405Z""/>
      <EventRecordID>19696</EventRecordID>
      <Correlation/>
      <Execution ProcessID=""3588"" ThreadID=""5124""/>
      <Channel>Microsoft-Windows-Sysmon/Operational</Channel>
      <Computer>WinDev2309Eval</Computer>
      <Security UserID=""S-1-5-18""/>
    </System>
    <EventData>
      <Data Name=""RuleName"">-</Data>
      <Data Name=""UtcTime"">2023-12-27 20:56:41.605</Data>
      <Data Name=""ProcessGuid"">{f57bd86a-8f89-658c-6e02-000000000f00}</Data>
      <Data Name=""ProcessId"">10112</Data>
      <Data Name=""Image"">C:\Windows\System32\cmd.exe</Data>
      <Data Name=""FileVersion"">10.0.22621.2506 (WinBuild.160101.0800)</Data>
      <Data Name=""Description"">Windows Command Processor</Data>
      <Data Name=""Product"">Microsoft&#174; Windows&#174; Operating System</Data>
      <Data Name=""Company"">Microsoft Corporation</Data>
      <Data Name=""OriginalFileName"">Cmd.Exe</Data>
      <Data Name=""CommandLine"">""cmd.exe"" /c reg add ""HKLM\SOFTWARE\Policies\Microsoft\Windows\WindowsUpdate"" /v ""DoNotConnectToWindowsUpdateInternetLocations"" /t REG_DWORD /d 1 /f</Data>
      <Data Name=""CurrentDirectory"">C:\Users\User\AppData\Local\Temp\</Data>
      <Data Name=""User"">WINDEV2309EVAL\User</Data>
      <Data Name=""LogonGuid"">{f57bd86a-36f9-658c-7bf8-020000000000}</Data>
      <Data Name=""LogonId"">0x2f87b</Data>
      <Data Name=""TerminalSessionId"">1</Data>
      <Data Name=""IntegrityLevel"">Medium</Data>
      <Data Name=""Hashes"">MD5=133D568ECCB557E37BEA1459521CBAC2,SHA256=05A30592D2C3421C41121145C6EEFA7C81FEA6B42D6233A522240A8468326B9C,IMPHASH=D73E39DAB3C8B57AA408073D01254964</Data>
      <Data Name=""ParentProcessGuid"">{00000000-0000-0000-0000-000000000000}</Data>
      <Data Name=""ParentProcessId"">1688</Data>
      <Data Name=""ParentImage"">-</Data>
      <Data Name=""ParentCommandLine"">-</Data>
      <Data Name=""ParentUser"">-</Data>
    </EventData>
    <RenderingInfo Culture=""en-US"">
      <Message>Process Create:

RuleName: -

UtcTime: 2023-12-27 20:56:41.605

ProcessGuid: {f57bd86a-8f89-658c-6e02-000000000f00}

ProcessId: 10112

Image: C:\Windows\System32\cmd.exe

FileVersion: 10.0.22621.2506 (WinBuild.160101.0800)

Description: Windows Command Processor

Product: Microsoft&#174; Windows&#174; Operating System

Company: Microsoft Corporation

OriginalFileName: Cmd.Exe

CommandLine: ""cmd.exe"" /c reg add ""HKLM\SOFTWARE\Policies\Microsoft\Windows\WindowsUpdate"" /v ""DoNotConnectToWindowsUpdateInternetLocations"" /t REG_DWORD /d 1 /f

CurrentDirectory: C:\Users\User\AppData\Local\Temp\

User: WINDEV2309EVAL\User

LogonGuid: {f57bd86a-36f9-658c-7bf8-020000000000}

LogonId: 0x2F87B

TerminalSessionId: 1

IntegrityLevel: Medium

Hashes: MD5=133D568ECCB557E37BEA1459521CBAC2,SHA256=05A30592D2C3421C41121145C6EEFA7C81FEA6B42D6233A522240A8468326B9C,IMPHASH=D73E39DAB3C8B57AA408073D01254964

ParentProcessGuid: {00000000-0000-0000-0000-000000000000}

ParentProcessId: 1688

ParentImage: -

ParentCommandLine: -

ParentUser: -</Message>
      <Level>Information</Level>
      <Task>Process Create (rule: ProcessCreate)</Task>
      <Opcode>Info</Opcode>
    </RenderingInfo>
  </Event>
  
"
Microsoft-Windows-Sysmon/Operational,"reg  add ""HKLM\SOFTWARE\Policies\Microsoft\Windows\WindowsUpdate\AU"" /v ""AUOptions"" /t REG_DWORD /d 2 /f",Microsoft Corporation,WinDev2309Eval,,C:\Users\User\AppData\Local\Temp\,Registry Console Tool,,1,19695,,10.0.22621.1 (WinBuild.160101.0800),"MD5=CDB58D0BCABE76AFC60428F364834463,SHA256=411AE446FE37B30C0727888C7FA5E88994A46DAFD41AA5B3B06C9E884549AFDE,IMPHASH=1085BD82B37A225F6D356012D2E69C3D",C:\Windows\System32\reg.exe,Medium,0x8000000000000000,Information,{f57bd86a-36f9-658c-7bf8-020000000000},0x2f87b,"Process Create:

RuleName: -

UtcTime: 2023-12-27 20:56:41.395

ProcessGuid: {f57bd86a-8f89-658c-6d02-000000000f00}

ProcessId: 9632

Image: C:\Windows\System32\reg.exe

FileVersion: 10.0.22621.1 (WinBuild.160101.0800)

Description: Registry Console Tool

Product: Microsoft® Windows® Operating System

Company: Microsoft Corporation

OriginalFileName: reg.exe

CommandLine: reg  add ""HKLM\SOFTWARE\Policies\Microsoft\Windows\WindowsUpdate\AU"" /v ""AUOptions"" /t REG_DWORD /d 2 /f

CurrentDirectory: C:\Users\User\AppData\Local\Temp\

User: WINDEV2309EVAL\User

LogonGuid: {f57bd86a-36f9-658c-7bf8-020000000000}

LogonId: 0x2F87B

TerminalSessionId: 1

IntegrityLevel: Medium

Hashes: MD5=CDB58D0BCABE76AFC60428F364834463,SHA256=411AE446FE37B30C0727888C7FA5E88994A46DAFD41AA5B3B06C9E884549AFDE,IMPHASH=1085BD82B37A225F6D356012D2E69C3D

ParentProcessGuid: {f57bd86a-8f89-658c-6b02-000000000f00}

ParentProcessId: 8360

ParentImage: C:\Windows\System32\cmd.exe

ParentCommandLine: ""cmd.exe"" /c reg add ""HKLM\SOFTWARE\Policies\Microsoft\Windows\WindowsUpdate\AU"" /v ""AUOptions"" /t REG_DWORD /d 2 /f

ParentUser: WINDEV2309EVAL\User",Info,reg.exe,"""cmd.exe"" /c reg add ""HKLM\SOFTWARE\Policies\Microsoft\Windows\WindowsUpdate\AU"" /v ""AUOptions"" /t REG_DWORD /d 2 /f",C:\Windows\System32\cmd.exe,{f57bd86a-8f89-658c-6b02-000000000f00},8360,WINDEV2309EVAL\User,{f57bd86a-8f89-658c-6d02-000000000f00},3588,9632,Microsoft® Windows® Operating System,,,,"
      ",-,2023-12-27T20:56:41.3960129Z,,,Process Create (rule: ProcessCreate),1,5124,WINDEV2309EVAL\User,S-1-5-18,2023-12-27 20:56:41.395,5,"<Event xmlns=""http://schemas.microsoft.com/win/2004/08/events/event"">
    <System>
      <Provider Name=""Microsoft-Windows-Sysmon"" Guid=""{5770385f-c22a-43e0-bf4c-06f5698ffbd9}""/>
      <EventID>1</EventID>
      <Version>5</Version>
      <Level>4</Level>
      <Task>1</Task>
      <Opcode>0</Opcode>
      <Keywords>0x8000000000000000</Keywords>
      <TimeCreated SystemTime=""2023-12-27T20:56:41.3960129Z""/>
      <EventRecordID>19695</EventRecordID>
      <Correlation/>
      <Execution ProcessID=""3588"" ThreadID=""5124""/>
      <Channel>Microsoft-Windows-Sysmon/Operational</Channel>
      <Computer>WinDev2309Eval</Computer>
      <Security UserID=""S-1-5-18""/>
    </System>
    <EventData>
      <Data Name=""RuleName"">-</Data>
      <Data Name=""UtcTime"">2023-12-27 20:56:41.395</Data>
      <Data Name=""ProcessGuid"">{f57bd86a-8f89-658c-6d02-000000000f00}</Data>
      <Data Name=""ProcessId"">9632</Data>
      <Data Name=""Image"">C:\Windows\System32\reg.exe</Data>
      <Data Name=""FileVersion"">10.0.22621.1 (WinBuild.160101.0800)</Data>
      <Data Name=""Description"">Registry Console Tool</Data>
      <Data Name=""Product"">Microsoft&#174; Windows&#174; Operating System</Data>
      <Data Name=""Company"">Microsoft Corporation</Data>
      <Data Name=""OriginalFileName"">reg.exe</Data>
      <Data Name=""CommandLine"">reg  add ""HKLM\SOFTWARE\Policies\Microsoft\Windows\WindowsUpdate\AU"" /v ""AUOptions"" /t REG_DWORD /d 2 /f</Data>
      <Data Name=""CurrentDirectory"">C:\Users\User\AppData\Local\Temp\</Data>
      <Data Name=""User"">WINDEV2309EVAL\User</Data>
      <Data Name=""LogonGuid"">{f57bd86a-36f9-658c-7bf8-020000000000}</Data>
      <Data Name=""LogonId"">0x2f87b</Data>
      <Data Name=""TerminalSessionId"">1</Data>
      <Data Name=""IntegrityLevel"">Medium</Data>
      <Data Name=""Hashes"">MD5=CDB58D0BCABE76AFC60428F364834463,SHA256=411AE446FE37B30C0727888C7FA5E88994A46DAFD41AA5B3B06C9E884549AFDE,IMPHASH=1085BD82B37A225F6D356012D2E69C3D</Data>
      <Data Name=""ParentProcessGuid"">{f57bd86a-8f89-658c-6b02-000000000f00}</Data>
      <Data Name=""ParentProcessId"">8360</Data>
      <Data Name=""ParentImage"">C:\Windows\System32\cmd.exe</Data>
      <Data Name=""ParentCommandLine"">""cmd.exe"" /c reg add ""HKLM\SOFTWARE\Policies\Microsoft\Windows\WindowsUpdate\AU"" /v ""AUOptions"" /t REG_DWORD /d 2 /f</Data>
      <Data Name=""ParentUser"">WINDEV2309EVAL\User</Data>
    </EventData>
    <RenderingInfo Culture=""en-US"">
      <Message>Process Create:

RuleName: -

UtcTime: 2023-12-27 20:56:41.395

ProcessGuid: {f57bd86a-8f89-658c-6d02-000000000f00}

ProcessId: 9632

Image: C:\Windows\System32\reg.exe

FileVersion: 10.0.22621.1 (WinBuild.160101.0800)

Description: Registry Console Tool

Product: Microsoft&#174; Windows&#174; Operating System

Company: Microsoft Corporation

OriginalFileName: reg.exe

CommandLine: reg  add ""HKLM\SOFTWARE\Policies\Microsoft\Windows\WindowsUpdate\AU"" /v ""AUOptions"" /t REG_DWORD /d 2 /f

CurrentDirectory: C:\Users\User\AppData\Local\Temp\

User: WINDEV2309EVAL\User

LogonGuid: {f57bd86a-36f9-658c-7bf8-020000000000}

LogonId: 0x2F87B

TerminalSessionId: 1

IntegrityLevel: Medium

Hashes: MD5=CDB58D0BCABE76AFC60428F364834463,SHA256=411AE446FE37B30C0727888C7FA5E88994A46DAFD41AA5B3B06C9E884549AFDE,IMPHASH=1085BD82B37A225F6D356012D2E69C3D

ParentProcessGuid: {f57bd86a-8f89-658c-6b02-000000000f00}

ParentProcessId: 8360

ParentImage: C:\Windows\System32\cmd.exe

ParentCommandLine: ""cmd.exe"" /c reg add ""HKLM\SOFTWARE\Policies\Microsoft\Windows\WindowsUpdate\AU"" /v ""AUOptions"" /t REG_DWORD /d 2 /f

ParentUser: WINDEV2309EVAL\User</Message>
      <Level>Information</Level>
      <Task>Process Create (rule: ProcessCreate)</Task>
      <Opcode>Info</Opcode>
    </RenderingInfo>
  </Event>
  
"
Microsoft-Windows-Sysmon/Operational,"""cmd.exe"" /c reg add ""HKLM\SOFTWARE\Policies\Microsoft\Windows\WindowsUpdate\AU"" /v ""AUOptions"" /t REG_DWORD /d 2 /f",Microsoft Corporation,WinDev2309Eval,,C:\Users\User\AppData\Local\Temp\,Windows Command Processor,,1,19694,,10.0.22621.2506 (WinBuild.160101.0800),"MD5=133D568ECCB557E37BEA1459521CBAC2,SHA256=05A30592D2C3421C41121145C6EEFA7C81FEA6B42D6233A522240A8468326B9C,IMPHASH=D73E39DAB3C8B57AA408073D01254964",C:\Windows\System32\cmd.exe,Medium,0x8000000000000000,Information,{f57bd86a-36f9-658c-7bf8-020000000000},0x2f87b,"Process Create:

RuleName: -

UtcTime: 2023-12-27 20:56:41.370

ProcessGuid: {f57bd86a-8f89-658c-6b02-000000000f00}

ProcessId: 8360

Image: C:\Windows\System32\cmd.exe

FileVersion: 10.0.22621.2506 (WinBuild.160101.0800)

Description: Windows Command Processor

Product: Microsoft® Windows® Operating System

Company: Microsoft Corporation

OriginalFileName: Cmd.Exe

CommandLine: ""cmd.exe"" /c reg add ""HKLM\SOFTWARE\Policies\Microsoft\Windows\WindowsUpdate\AU"" /v ""AUOptions"" /t REG_DWORD /d 2 /f

CurrentDirectory: C:\Users\User\AppData\Local\Temp\

User: WINDEV2309EVAL\User

LogonGuid: {f57bd86a-36f9-658c-7bf8-020000000000}

LogonId: 0x2F87B

TerminalSessionId: 1

IntegrityLevel: Medium

Hashes: MD5=133D568ECCB557E37BEA1459521CBAC2,SHA256=05A30592D2C3421C41121145C6EEFA7C81FEA6B42D6233A522240A8468326B9C,IMPHASH=D73E39DAB3C8B57AA408073D01254964

ParentProcessGuid: {00000000-0000-0000-0000-000000000000}

ParentProcessId: 1688

ParentImage: -

ParentCommandLine: -

ParentUser: -",Info,Cmd.Exe,-,-,{00000000-0000-0000-0000-000000000000},1688,-,{f57bd86a-8f89-658c-6b02-000000000f00},3588,8360,Microsoft® Windows® Operating System,,,,"
      ",-,2023-12-27T20:56:41.3713216Z,,,Process Create (rule: ProcessCreate),1,5124,WINDEV2309EVAL\User,S-1-5-18,2023-12-27 20:56:41.370,5,"<Event xmlns=""http://schemas.microsoft.com/win/2004/08/events/event"">
    <System>
      <Provider Name=""Microsoft-Windows-Sysmon"" Guid=""{5770385f-c22a-43e0-bf4c-06f5698ffbd9}""/>
      <EventID>1</EventID>
      <Version>5</Version>
      <Level>4</Level>
      <Task>1</Task>
      <Opcode>0</Opcode>
      <Keywords>0x8000000000000000</Keywords>
      <TimeCreated SystemTime=""2023-12-27T20:56:41.3713216Z""/>
      <EventRecordID>19694</EventRecordID>
      <Correlation/>
      <Execution ProcessID=""3588"" ThreadID=""5124""/>
      <Channel>Microsoft-Windows-Sysmon/Operational</Channel>
      <Computer>WinDev2309Eval</Computer>
      <Security UserID=""S-1-5-18""/>
    </System>
    <EventData>
      <Data Name=""RuleName"">-</Data>
      <Data Name=""UtcTime"">2023-12-27 20:56:41.370</Data>
      <Data Name=""ProcessGuid"">{f57bd86a-8f89-658c-6b02-000000000f00}</Data>
      <Data Name=""ProcessId"">8360</Data>
      <Data Name=""Image"">C:\Windows\System32\cmd.exe</Data>
      <Data Name=""FileVersion"">10.0.22621.2506 (WinBuild.160101.0800)</Data>
      <Data Name=""Description"">Windows Command Processor</Data>
      <Data Name=""Product"">Microsoft&#174; Windows&#174; Operating System</Data>
      <Data Name=""Company"">Microsoft Corporation</Data>
      <Data Name=""OriginalFileName"">Cmd.Exe</Data>
      <Data Name=""CommandLine"">""cmd.exe"" /c reg add ""HKLM\SOFTWARE\Policies\Microsoft\Windows\WindowsUpdate\AU"" /v ""AUOptions"" /t REG_DWORD /d 2 /f</Data>
      <Data Name=""CurrentDirectory"">C:\Users\User\AppData\Local\Temp\</Data>
      <Data Name=""User"">WINDEV2309EVAL\User</Data>
      <Data Name=""LogonGuid"">{f57bd86a-36f9-658c-7bf8-020000000000}</Data>
      <Data Name=""LogonId"">0x2f87b</Data>
      <Data Name=""TerminalSessionId"">1</Data>
      <Data Name=""IntegrityLevel"">Medium</Data>
      <Data Name=""Hashes"">MD5=133D568ECCB557E37BEA1459521CBAC2,SHA256=05A30592D2C3421C41121145C6EEFA7C81FEA6B42D6233A522240A8468326B9C,IMPHASH=D73E39DAB3C8B57AA408073D01254964</Data>
      <Data Name=""ParentProcessGuid"">{00000000-0000-0000-0000-000000000000}</Data>
      <Data Name=""ParentProcessId"">1688</Data>
      <Data Name=""ParentImage"">-</Data>
      <Data Name=""ParentCommandLine"">-</Data>
      <Data Name=""ParentUser"">-</Data>
    </EventData>
    <RenderingInfo Culture=""en-US"">
      <Message>Process Create:

RuleName: -

UtcTime: 2023-12-27 20:56:41.370

ProcessGuid: {f57bd86a-8f89-658c-6b02-000000000f00}

ProcessId: 8360

Image: C:\Windows\System32\cmd.exe

FileVersion: 10.0.22621.2506 (WinBuild.160101.0800)

Description: Windows Command Processor

Product: Microsoft&#174; Windows&#174; Operating System

Company: Microsoft Corporation

OriginalFileName: Cmd.Exe

CommandLine: ""cmd.exe"" /c reg add ""HKLM\SOFTWARE\Policies\Microsoft\Windows\WindowsUpdate\AU"" /v ""AUOptions"" /t REG_DWORD /d 2 /f

CurrentDirectory: C:\Users\User\AppData\Local\Temp\

User: WINDEV2309EVAL\User

LogonGuid: {f57bd86a-36f9-658c-7bf8-020000000000}

LogonId: 0x2F87B

TerminalSessionId: 1

IntegrityLevel: Medium

Hashes: MD5=133D568ECCB557E37BEA1459521CBAC2,SHA256=05A30592D2C3421C41121145C6EEFA7C81FEA6B42D6233A522240A8468326B9C,IMPHASH=D73E39DAB3C8B57AA408073D01254964

ParentProcessGuid: {00000000-0000-0000-0000-000000000000}

ParentProcessId: 1688

ParentImage: -

ParentCommandLine: -

ParentUser: -</Message>
      <Level>Information</Level>
      <Task>Process Create (rule: ProcessCreate)</Task>
      <Opcode>Info</Opcode>
    </RenderingInfo>
  </Event>
  
"
Microsoft-Windows-Sysmon/Operational,"reg  add ""HKLM\SOFTWARE\Policies\Microsoft\Windows\WindowsUpdate\AU"" /v ""NoAutoRebootWithLoggedOnUsers"" /t REG_DWORD /d 1 /f",Microsoft Corporation,WinDev2309Eval,,C:\Users\User\AppData\Local\Temp\,Registry Console Tool,,1,19693,,10.0.22621.1 (WinBuild.160101.0800),"MD5=CDB58D0BCABE76AFC60428F364834463,SHA256=411AE446FE37B30C0727888C7FA5E88994A46DAFD41AA5B3B06C9E884549AFDE,IMPHASH=1085BD82B37A225F6D356012D2E69C3D",C:\Windows\System32\reg.exe,Medium,0x8000000000000000,Information,{f57bd86a-36f9-658c-7bf8-020000000000},0x2f87b,"Process Create:

RuleName: -

UtcTime: 2023-12-27 20:56:41.152

ProcessGuid: {f57bd86a-8f89-658c-6a02-000000000f00}

ProcessId: 448

Image: C:\Windows\System32\reg.exe

FileVersion: 10.0.22621.1 (WinBuild.160101.0800)

Description: Registry Console Tool

Product: Microsoft® Windows® Operating System

Company: Microsoft Corporation

OriginalFileName: reg.exe

CommandLine: reg  add ""HKLM\SOFTWARE\Policies\Microsoft\Windows\WindowsUpdate\AU"" /v ""NoAutoRebootWithLoggedOnUsers"" /t REG_DWORD /d 1 /f

CurrentDirectory: C:\Users\User\AppData\Local\Temp\

User: WINDEV2309EVAL\User

LogonGuid: {f57bd86a-36f9-658c-7bf8-020000000000}

LogonId: 0x2F87B

TerminalSessionId: 1

IntegrityLevel: Medium

Hashes: MD5=CDB58D0BCABE76AFC60428F364834463,SHA256=411AE446FE37B30C0727888C7FA5E88994A46DAFD41AA5B3B06C9E884549AFDE,IMPHASH=1085BD82B37A225F6D356012D2E69C3D

ParentProcessGuid: {f57bd86a-8f89-658c-6802-000000000f00}

ParentProcessId: 7484

ParentImage: C:\Windows\System32\cmd.exe

ParentCommandLine: ""cmd.exe"" /c reg add ""HKLM\SOFTWARE\Policies\Microsoft\Windows\WindowsUpdate\AU"" /v ""NoAutoRebootWithLoggedOnUsers"" /t REG_DWORD /d 1 /f

ParentUser: WINDEV2309EVAL\User",Info,reg.exe,"""cmd.exe"" /c reg add ""HKLM\SOFTWARE\Policies\Microsoft\Windows\WindowsUpdate\AU"" /v ""NoAutoRebootWithLoggedOnUsers"" /t REG_DWORD /d 1 /f",C:\Windows\System32\cmd.exe,{f57bd86a-8f89-658c-6802-000000000f00},7484,WINDEV2309EVAL\User,{f57bd86a-8f89-658c-6a02-000000000f00},3588,448,Microsoft® Windows® Operating System,,,,"
      ",-,2023-12-27T20:56:41.1530758Z,,,Process Create (rule: ProcessCreate),1,5124,WINDEV2309EVAL\User,S-1-5-18,2023-12-27 20:56:41.152,5,"<Event xmlns=""http://schemas.microsoft.com/win/2004/08/events/event"">
    <System>
      <Provider Name=""Microsoft-Windows-Sysmon"" Guid=""{5770385f-c22a-43e0-bf4c-06f5698ffbd9}""/>
      <EventID>1</EventID>
      <Version>5</Version>
      <Level>4</Level>
      <Task>1</Task>
      <Opcode>0</Opcode>
      <Keywords>0x8000000000000000</Keywords>
      <TimeCreated SystemTime=""2023-12-27T20:56:41.1530758Z""/>
      <EventRecordID>19693</EventRecordID>
      <Correlation/>
      <Execution ProcessID=""3588"" ThreadID=""5124""/>
      <Channel>Microsoft-Windows-Sysmon/Operational</Channel>
      <Computer>WinDev2309Eval</Computer>
      <Security UserID=""S-1-5-18""/>
    </System>
    <EventData>
      <Data Name=""RuleName"">-</Data>
      <Data Name=""UtcTime"">2023-12-27 20:56:41.152</Data>
      <Data Name=""ProcessGuid"">{f57bd86a-8f89-658c-6a02-000000000f00}</Data>
      <Data Name=""ProcessId"">448</Data>
      <Data Name=""Image"">C:\Windows\System32\reg.exe</Data>
      <Data Name=""FileVersion"">10.0.22621.1 (WinBuild.160101.0800)</Data>
      <Data Name=""Description"">Registry Console Tool</Data>
      <Data Name=""Product"">Microsoft&#174; Windows&#174; Operating System</Data>
      <Data Name=""Company"">Microsoft Corporation</Data>
      <Data Name=""OriginalFileName"">reg.exe</Data>
      <Data Name=""CommandLine"">reg  add ""HKLM\SOFTWARE\Policies\Microsoft\Windows\WindowsUpdate\AU"" /v ""NoAutoRebootWithLoggedOnUsers"" /t REG_DWORD /d 1 /f</Data>
      <Data Name=""CurrentDirectory"">C:\Users\User\AppData\Local\Temp\</Data>
      <Data Name=""User"">WINDEV2309EVAL\User</Data>
      <Data Name=""LogonGuid"">{f57bd86a-36f9-658c-7bf8-020000000000}</Data>
      <Data Name=""LogonId"">0x2f87b</Data>
      <Data Name=""TerminalSessionId"">1</Data>
      <Data Name=""IntegrityLevel"">Medium</Data>
      <Data Name=""Hashes"">MD5=CDB58D0BCABE76AFC60428F364834463,SHA256=411AE446FE37B30C0727888C7FA5E88994A46DAFD41AA5B3B06C9E884549AFDE,IMPHASH=1085BD82B37A225F6D356012D2E69C3D</Data>
      <Data Name=""ParentProcessGuid"">{f57bd86a-8f89-658c-6802-000000000f00}</Data>
      <Data Name=""ParentProcessId"">7484</Data>
      <Data Name=""ParentImage"">C:\Windows\System32\cmd.exe</Data>
      <Data Name=""ParentCommandLine"">""cmd.exe"" /c reg add ""HKLM\SOFTWARE\Policies\Microsoft\Windows\WindowsUpdate\AU"" /v ""NoAutoRebootWithLoggedOnUsers"" /t REG_DWORD /d 1 /f</Data>
      <Data Name=""ParentUser"">WINDEV2309EVAL\User</Data>
    </EventData>
    <RenderingInfo Culture=""en-US"">
      <Message>Process Create:

RuleName: -

UtcTime: 2023-12-27 20:56:41.152

ProcessGuid: {f57bd86a-8f89-658c-6a02-000000000f00}

ProcessId: 448

Image: C:\Windows\System32\reg.exe

FileVersion: 10.0.22621.1 (WinBuild.160101.0800)

Description: Registry Console Tool

Product: Microsoft&#174; Windows&#174; Operating System

Company: Microsoft Corporation

OriginalFileName: reg.exe

CommandLine: reg  add ""HKLM\SOFTWARE\Policies\Microsoft\Windows\WindowsUpdate\AU"" /v ""NoAutoRebootWithLoggedOnUsers"" /t REG_DWORD /d 1 /f

CurrentDirectory: C:\Users\User\AppData\Local\Temp\

User: WINDEV2309EVAL\User

LogonGuid: {f57bd86a-36f9-658c-7bf8-020000000000}

LogonId: 0x2F87B

TerminalSessionId: 1

IntegrityLevel: Medium

Hashes: MD5=CDB58D0BCABE76AFC60428F364834463,SHA256=411AE446FE37B30C0727888C7FA5E88994A46DAFD41AA5B3B06C9E884549AFDE,IMPHASH=1085BD82B37A225F6D356012D2E69C3D

ParentProcessGuid: {f57bd86a-8f89-658c-6802-000000000f00}

ParentProcessId: 7484

ParentImage: C:\Windows\System32\cmd.exe

ParentCommandLine: ""cmd.exe"" /c reg add ""HKLM\SOFTWARE\Policies\Microsoft\Windows\WindowsUpdate\AU"" /v ""NoAutoRebootWithLoggedOnUsers"" /t REG_DWORD /d 1 /f

ParentUser: WINDEV2309EVAL\User</Message>
      <Level>Information</Level>
      <Task>Process Create (rule: ProcessCreate)</Task>
      <Opcode>Info</Opcode>
    </RenderingInfo>
  </Event>
  
"
Microsoft-Windows-Sysmon/Operational,"""cmd.exe"" /c reg add ""HKLM\SOFTWARE\Policies\Microsoft\Windows\WindowsUpdate\AU"" /v ""NoAutoRebootWithLoggedOnUsers"" /t REG_DWORD /d 1 /f",Microsoft Corporation,WinDev2309Eval,,C:\Users\User\AppData\Local\Temp\,Windows Command Processor,,1,19692,,10.0.22621.2506 (WinBuild.160101.0800),"MD5=133D568ECCB557E37BEA1459521CBAC2,SHA256=05A30592D2C3421C41121145C6EEFA7C81FEA6B42D6233A522240A8468326B9C,IMPHASH=D73E39DAB3C8B57AA408073D01254964",C:\Windows\System32\cmd.exe,Medium,0x8000000000000000,Information,{f57bd86a-36f9-658c-7bf8-020000000000},0x2f87b,"Process Create:

RuleName: -

UtcTime: 2023-12-27 20:56:41.125

ProcessGuid: {f57bd86a-8f89-658c-6802-000000000f00}

ProcessId: 7484

Image: C:\Windows\System32\cmd.exe

FileVersion: 10.0.22621.2506 (WinBuild.160101.0800)

Description: Windows Command Processor

Product: Microsoft® Windows® Operating System

Company: Microsoft Corporation

OriginalFileName: Cmd.Exe

CommandLine: ""cmd.exe"" /c reg add ""HKLM\SOFTWARE\Policies\Microsoft\Windows\WindowsUpdate\AU"" /v ""NoAutoRebootWithLoggedOnUsers"" /t REG_DWORD /d 1 /f

CurrentDirectory: C:\Users\User\AppData\Local\Temp\

User: WINDEV2309EVAL\User

LogonGuid: {f57bd86a-36f9-658c-7bf8-020000000000}

LogonId: 0x2F87B

TerminalSessionId: 1

IntegrityLevel: Medium

Hashes: MD5=133D568ECCB557E37BEA1459521CBAC2,SHA256=05A30592D2C3421C41121145C6EEFA7C81FEA6B42D6233A522240A8468326B9C,IMPHASH=D73E39DAB3C8B57AA408073D01254964

ParentProcessGuid: {00000000-0000-0000-0000-000000000000}

ParentProcessId: 1688

ParentImage: -

ParentCommandLine: -

ParentUser: -",Info,Cmd.Exe,-,-,{00000000-0000-0000-0000-000000000000},1688,-,{f57bd86a-8f89-658c-6802-000000000f00},3588,7484,Microsoft® Windows® Operating System,,,,"
      ",-,2023-12-27T20:56:41.1266660Z,,,Process Create (rule: ProcessCreate),1,5124,WINDEV2309EVAL\User,S-1-5-18,2023-12-27 20:56:41.125,5,"<Event xmlns=""http://schemas.microsoft.com/win/2004/08/events/event"">
    <System>
      <Provider Name=""Microsoft-Windows-Sysmon"" Guid=""{5770385f-c22a-43e0-bf4c-06f5698ffbd9}""/>
      <EventID>1</EventID>
      <Version>5</Version>
      <Level>4</Level>
      <Task>1</Task>
      <Opcode>0</Opcode>
      <Keywords>0x8000000000000000</Keywords>
      <TimeCreated SystemTime=""2023-12-27T20:56:41.1266660Z""/>
      <EventRecordID>19692</EventRecordID>
      <Correlation/>
      <Execution ProcessID=""3588"" ThreadID=""5124""/>
      <Channel>Microsoft-Windows-Sysmon/Operational</Channel>
      <Computer>WinDev2309Eval</Computer>
      <Security UserID=""S-1-5-18""/>
    </System>
    <EventData>
      <Data Name=""RuleName"">-</Data>
      <Data Name=""UtcTime"">2023-12-27 20:56:41.125</Data>
      <Data Name=""ProcessGuid"">{f57bd86a-8f89-658c-6802-000000000f00}</Data>
      <Data Name=""ProcessId"">7484</Data>
      <Data Name=""Image"">C:\Windows\System32\cmd.exe</Data>
      <Data Name=""FileVersion"">10.0.22621.2506 (WinBuild.160101.0800)</Data>
      <Data Name=""Description"">Windows Command Processor</Data>
      <Data Name=""Product"">Microsoft&#174; Windows&#174; Operating System</Data>
      <Data Name=""Company"">Microsoft Corporation</Data>
      <Data Name=""OriginalFileName"">Cmd.Exe</Data>
      <Data Name=""CommandLine"">""cmd.exe"" /c reg add ""HKLM\SOFTWARE\Policies\Microsoft\Windows\WindowsUpdate\AU"" /v ""NoAutoRebootWithLoggedOnUsers"" /t REG_DWORD /d 1 /f</Data>
      <Data Name=""CurrentDirectory"">C:\Users\User\AppData\Local\Temp\</Data>
      <Data Name=""User"">WINDEV2309EVAL\User</Data>
      <Data Name=""LogonGuid"">{f57bd86a-36f9-658c-7bf8-020000000000}</Data>
      <Data Name=""LogonId"">0x2f87b</Data>
      <Data Name=""TerminalSessionId"">1</Data>
      <Data Name=""IntegrityLevel"">Medium</Data>
      <Data Name=""Hashes"">MD5=133D568ECCB557E37BEA1459521CBAC2,SHA256=05A30592D2C3421C41121145C6EEFA7C81FEA6B42D6233A522240A8468326B9C,IMPHASH=D73E39DAB3C8B57AA408073D01254964</Data>
      <Data Name=""ParentProcessGuid"">{00000000-0000-0000-0000-000000000000}</Data>
      <Data Name=""ParentProcessId"">1688</Data>
      <Data Name=""ParentImage"">-</Data>
      <Data Name=""ParentCommandLine"">-</Data>
      <Data Name=""ParentUser"">-</Data>
    </EventData>
    <RenderingInfo Culture=""en-US"">
      <Message>Process Create:

RuleName: -

UtcTime: 2023-12-27 20:56:41.125

ProcessGuid: {f57bd86a-8f89-658c-6802-000000000f00}

ProcessId: 7484

Image: C:\Windows\System32\cmd.exe

FileVersion: 10.0.22621.2506 (WinBuild.160101.0800)

Description: Windows Command Processor

Product: Microsoft&#174; Windows&#174; Operating System

Company: Microsoft Corporation

OriginalFileName: Cmd.Exe

CommandLine: ""cmd.exe"" /c reg add ""HKLM\SOFTWARE\Policies\Microsoft\Windows\WindowsUpdate\AU"" /v ""NoAutoRebootWithLoggedOnUsers"" /t REG_DWORD /d 1 /f

CurrentDirectory: C:\Users\User\AppData\Local\Temp\

User: WINDEV2309EVAL\User

LogonGuid: {f57bd86a-36f9-658c-7bf8-020000000000}

LogonId: 0x2F87B

TerminalSessionId: 1

IntegrityLevel: Medium

Hashes: MD5=133D568ECCB557E37BEA1459521CBAC2,SHA256=05A30592D2C3421C41121145C6EEFA7C81FEA6B42D6233A522240A8468326B9C,IMPHASH=D73E39DAB3C8B57AA408073D01254964

ParentProcessGuid: {00000000-0000-0000-0000-000000000000}

ParentProcessId: 1688

ParentImage: -

ParentCommandLine: -

ParentUser: -</Message>
      <Level>Information</Level>
      <Task>Process Create (rule: ProcessCreate)</Task>
      <Opcode>Info</Opcode>
    </RenderingInfo>
  </Event>
  
"
Microsoft-Windows-Sysmon/Operational,"reg  add ""HKLM\SOFTWARE\Policies\Microsoft\Windows\WindowsUpdate\AU"" /v ""NoAutoUpdate"" /t REG_DWORD /d 1 /f",Microsoft Corporation,WinDev2309Eval,,C:\Users\User\AppData\Local\Temp\,Registry Console Tool,,1,19691,,10.0.22621.1 (WinBuild.160101.0800),"MD5=CDB58D0BCABE76AFC60428F364834463,SHA256=411AE446FE37B30C0727888C7FA5E88994A46DAFD41AA5B3B06C9E884549AFDE,IMPHASH=1085BD82B37A225F6D356012D2E69C3D",C:\Windows\System32\reg.exe,Medium,0x8000000000000000,Information,{f57bd86a-36f9-658c-7bf8-020000000000},0x2f87b,"Process Create:

RuleName: -

UtcTime: 2023-12-27 20:56:40.909

ProcessGuid: {f57bd86a-8f88-658c-6702-000000000f00}

ProcessId: 6908

Image: C:\Windows\System32\reg.exe

FileVersion: 10.0.22621.1 (WinBuild.160101.0800)

Description: Registry Console Tool

Product: Microsoft® Windows® Operating System

Company: Microsoft Corporation

OriginalFileName: reg.exe

CommandLine: reg  add ""HKLM\SOFTWARE\Policies\Microsoft\Windows\WindowsUpdate\AU"" /v ""NoAutoUpdate"" /t REG_DWORD /d 1 /f

CurrentDirectory: C:\Users\User\AppData\Local\Temp\

User: WINDEV2309EVAL\User

LogonGuid: {f57bd86a-36f9-658c-7bf8-020000000000}

LogonId: 0x2F87B

TerminalSessionId: 1

IntegrityLevel: Medium

Hashes: MD5=CDB58D0BCABE76AFC60428F364834463,SHA256=411AE446FE37B30C0727888C7FA5E88994A46DAFD41AA5B3B06C9E884549AFDE,IMPHASH=1085BD82B37A225F6D356012D2E69C3D

ParentProcessGuid: {f57bd86a-8f88-658c-6502-000000000f00}

ParentProcessId: 5692

ParentImage: C:\Windows\System32\cmd.exe

ParentCommandLine: ""cmd.exe"" /c reg add ""HKLM\SOFTWARE\Policies\Microsoft\Windows\WindowsUpdate\AU"" /v ""NoAutoUpdate"" /t REG_DWORD /d 1 /f

ParentUser: WINDEV2309EVAL\User",Info,reg.exe,"""cmd.exe"" /c reg add ""HKLM\SOFTWARE\Policies\Microsoft\Windows\WindowsUpdate\AU"" /v ""NoAutoUpdate"" /t REG_DWORD /d 1 /f",C:\Windows\System32\cmd.exe,{f57bd86a-8f88-658c-6502-000000000f00},5692,WINDEV2309EVAL\User,{f57bd86a-8f88-658c-6702-000000000f00},3588,6908,Microsoft® Windows® Operating System,,,,"
      ",-,2023-12-27T20:56:40.9102961Z,,,Process Create (rule: ProcessCreate),1,5124,WINDEV2309EVAL\User,S-1-5-18,2023-12-27 20:56:40.909,5,"<Event xmlns=""http://schemas.microsoft.com/win/2004/08/events/event"">
    <System>
      <Provider Name=""Microsoft-Windows-Sysmon"" Guid=""{5770385f-c22a-43e0-bf4c-06f5698ffbd9}""/>
      <EventID>1</EventID>
      <Version>5</Version>
      <Level>4</Level>
      <Task>1</Task>
      <Opcode>0</Opcode>
      <Keywords>0x8000000000000000</Keywords>
      <TimeCreated SystemTime=""2023-12-27T20:56:40.9102961Z""/>
      <EventRecordID>19691</EventRecordID>
      <Correlation/>
      <Execution ProcessID=""3588"" ThreadID=""5124""/>
      <Channel>Microsoft-Windows-Sysmon/Operational</Channel>
      <Computer>WinDev2309Eval</Computer>
      <Security UserID=""S-1-5-18""/>
    </System>
    <EventData>
      <Data Name=""RuleName"">-</Data>
      <Data Name=""UtcTime"">2023-12-27 20:56:40.909</Data>
      <Data Name=""ProcessGuid"">{f57bd86a-8f88-658c-6702-000000000f00}</Data>
      <Data Name=""ProcessId"">6908</Data>
      <Data Name=""Image"">C:\Windows\System32\reg.exe</Data>
      <Data Name=""FileVersion"">10.0.22621.1 (WinBuild.160101.0800)</Data>
      <Data Name=""Description"">Registry Console Tool</Data>
      <Data Name=""Product"">Microsoft&#174; Windows&#174; Operating System</Data>
      <Data Name=""Company"">Microsoft Corporation</Data>
      <Data Name=""OriginalFileName"">reg.exe</Data>
      <Data Name=""CommandLine"">reg  add ""HKLM\SOFTWARE\Policies\Microsoft\Windows\WindowsUpdate\AU"" /v ""NoAutoUpdate"" /t REG_DWORD /d 1 /f</Data>
      <Data Name=""CurrentDirectory"">C:\Users\User\AppData\Local\Temp\</Data>
      <Data Name=""User"">WINDEV2309EVAL\User</Data>
      <Data Name=""LogonGuid"">{f57bd86a-36f9-658c-7bf8-020000000000}</Data>
      <Data Name=""LogonId"">0x2f87b</Data>
      <Data Name=""TerminalSessionId"">1</Data>
      <Data Name=""IntegrityLevel"">Medium</Data>
      <Data Name=""Hashes"">MD5=CDB58D0BCABE76AFC60428F364834463,SHA256=411AE446FE37B30C0727888C7FA5E88994A46DAFD41AA5B3B06C9E884549AFDE,IMPHASH=1085BD82B37A225F6D356012D2E69C3D</Data>
      <Data Name=""ParentProcessGuid"">{f57bd86a-8f88-658c-6502-000000000f00}</Data>
      <Data Name=""ParentProcessId"">5692</Data>
      <Data Name=""ParentImage"">C:\Windows\System32\cmd.exe</Data>
      <Data Name=""ParentCommandLine"">""cmd.exe"" /c reg add ""HKLM\SOFTWARE\Policies\Microsoft\Windows\WindowsUpdate\AU"" /v ""NoAutoUpdate"" /t REG_DWORD /d 1 /f</Data>
      <Data Name=""ParentUser"">WINDEV2309EVAL\User</Data>
    </EventData>
    <RenderingInfo Culture=""en-US"">
      <Message>Process Create:

RuleName: -

UtcTime: 2023-12-27 20:56:40.909

ProcessGuid: {f57bd86a-8f88-658c-6702-000000000f00}

ProcessId: 6908

Image: C:\Windows\System32\reg.exe

FileVersion: 10.0.22621.1 (WinBuild.160101.0800)

Description: Registry Console Tool

Product: Microsoft&#174; Windows&#174; Operating System

Company: Microsoft Corporation

OriginalFileName: reg.exe

CommandLine: reg  add ""HKLM\SOFTWARE\Policies\Microsoft\Windows\WindowsUpdate\AU"" /v ""NoAutoUpdate"" /t REG_DWORD /d 1 /f

CurrentDirectory: C:\Users\User\AppData\Local\Temp\

User: WINDEV2309EVAL\User

LogonGuid: {f57bd86a-36f9-658c-7bf8-020000000000}

LogonId: 0x2F87B

TerminalSessionId: 1

IntegrityLevel: Medium

Hashes: MD5=CDB58D0BCABE76AFC60428F364834463,SHA256=411AE446FE37B30C0727888C7FA5E88994A46DAFD41AA5B3B06C9E884549AFDE,IMPHASH=1085BD82B37A225F6D356012D2E69C3D

ParentProcessGuid: {f57bd86a-8f88-658c-6502-000000000f00}

ParentProcessId: 5692

ParentImage: C:\Windows\System32\cmd.exe

ParentCommandLine: ""cmd.exe"" /c reg add ""HKLM\SOFTWARE\Policies\Microsoft\Windows\WindowsUpdate\AU"" /v ""NoAutoUpdate"" /t REG_DWORD /d 1 /f

ParentUser: WINDEV2309EVAL\User</Message>
      <Level>Information</Level>
      <Task>Process Create (rule: ProcessCreate)</Task>
      <Opcode>Info</Opcode>
    </RenderingInfo>
  </Event>
  
"
Microsoft-Windows-Sysmon/Operational,"""cmd.exe"" /c reg add ""HKLM\SOFTWARE\Policies\Microsoft\Windows\WindowsUpdate\AU"" /v ""NoAutoUpdate"" /t REG_DWORD /d 1 /f",Microsoft Corporation,WinDev2309Eval,,C:\Users\User\AppData\Local\Temp\,Windows Command Processor,,1,19690,,10.0.22621.2506 (WinBuild.160101.0800),"MD5=133D568ECCB557E37BEA1459521CBAC2,SHA256=05A30592D2C3421C41121145C6EEFA7C81FEA6B42D6233A522240A8468326B9C,IMPHASH=D73E39DAB3C8B57AA408073D01254964",C:\Windows\System32\cmd.exe,Medium,0x8000000000000000,Information,{f57bd86a-36f9-658c-7bf8-020000000000},0x2f87b,"Process Create:

RuleName: -

UtcTime: 2023-12-27 20:56:40.882

ProcessGuid: {f57bd86a-8f88-658c-6502-000000000f00}

ProcessId: 5692

Image: C:\Windows\System32\cmd.exe

FileVersion: 10.0.22621.2506 (WinBuild.160101.0800)

Description: Windows Command Processor

Product: Microsoft® Windows® Operating System

Company: Microsoft Corporation

OriginalFileName: Cmd.Exe

CommandLine: ""cmd.exe"" /c reg add ""HKLM\SOFTWARE\Policies\Microsoft\Windows\WindowsUpdate\AU"" /v ""NoAutoUpdate"" /t REG_DWORD /d 1 /f

CurrentDirectory: C:\Users\User\AppData\Local\Temp\

User: WINDEV2309EVAL\User

LogonGuid: {f57bd86a-36f9-658c-7bf8-020000000000}

LogonId: 0x2F87B

TerminalSessionId: 1

IntegrityLevel: Medium

Hashes: MD5=133D568ECCB557E37BEA1459521CBAC2,SHA256=05A30592D2C3421C41121145C6EEFA7C81FEA6B42D6233A522240A8468326B9C,IMPHASH=D73E39DAB3C8B57AA408073D01254964

ParentProcessGuid: {00000000-0000-0000-0000-000000000000}

ParentProcessId: 1688

ParentImage: -

ParentCommandLine: -

ParentUser: -",Info,Cmd.Exe,-,-,{00000000-0000-0000-0000-000000000000},1688,-,{f57bd86a-8f88-658c-6502-000000000f00},3588,5692,Microsoft® Windows® Operating System,,,,"
      ",-,2023-12-27T20:56:40.8838079Z,,,Process Create (rule: ProcessCreate),1,5124,WINDEV2309EVAL\User,S-1-5-18,2023-12-27 20:56:40.882,5,"<Event xmlns=""http://schemas.microsoft.com/win/2004/08/events/event"">
    <System>
      <Provider Name=""Microsoft-Windows-Sysmon"" Guid=""{5770385f-c22a-43e0-bf4c-06f5698ffbd9}""/>
      <EventID>1</EventID>
      <Version>5</Version>
      <Level>4</Level>
      <Task>1</Task>
      <Opcode>0</Opcode>
      <Keywords>0x8000000000000000</Keywords>
      <TimeCreated SystemTime=""2023-12-27T20:56:40.8838079Z""/>
      <EventRecordID>19690</EventRecordID>
      <Correlation/>
      <Execution ProcessID=""3588"" ThreadID=""5124""/>
      <Channel>Microsoft-Windows-Sysmon/Operational</Channel>
      <Computer>WinDev2309Eval</Computer>
      <Security UserID=""S-1-5-18""/>
    </System>
    <EventData>
      <Data Name=""RuleName"">-</Data>
      <Data Name=""UtcTime"">2023-12-27 20:56:40.882</Data>
      <Data Name=""ProcessGuid"">{f57bd86a-8f88-658c-6502-000000000f00}</Data>
      <Data Name=""ProcessId"">5692</Data>
      <Data Name=""Image"">C:\Windows\System32\cmd.exe</Data>
      <Data Name=""FileVersion"">10.0.22621.2506 (WinBuild.160101.0800)</Data>
      <Data Name=""Description"">Windows Command Processor</Data>
      <Data Name=""Product"">Microsoft&#174; Windows&#174; Operating System</Data>
      <Data Name=""Company"">Microsoft Corporation</Data>
      <Data Name=""OriginalFileName"">Cmd.Exe</Data>
      <Data Name=""CommandLine"">""cmd.exe"" /c reg add ""HKLM\SOFTWARE\Policies\Microsoft\Windows\WindowsUpdate\AU"" /v ""NoAutoUpdate"" /t REG_DWORD /d 1 /f</Data>
      <Data Name=""CurrentDirectory"">C:\Users\User\AppData\Local\Temp\</Data>
      <Data Name=""User"">WINDEV2309EVAL\User</Data>
      <Data Name=""LogonGuid"">{f57bd86a-36f9-658c-7bf8-020000000000}</Data>
      <Data Name=""LogonId"">0x2f87b</Data>
      <Data Name=""TerminalSessionId"">1</Data>
      <Data Name=""IntegrityLevel"">Medium</Data>
      <Data Name=""Hashes"">MD5=133D568ECCB557E37BEA1459521CBAC2,SHA256=05A30592D2C3421C41121145C6EEFA7C81FEA6B42D6233A522240A8468326B9C,IMPHASH=D73E39DAB3C8B57AA408073D01254964</Data>
      <Data Name=""ParentProcessGuid"">{00000000-0000-0000-0000-000000000000}</Data>
      <Data Name=""ParentProcessId"">1688</Data>
      <Data Name=""ParentImage"">-</Data>
      <Data Name=""ParentCommandLine"">-</Data>
      <Data Name=""ParentUser"">-</Data>
    </EventData>
    <RenderingInfo Culture=""en-US"">
      <Message>Process Create:

RuleName: -

UtcTime: 2023-12-27 20:56:40.882

ProcessGuid: {f57bd86a-8f88-658c-6502-000000000f00}

ProcessId: 5692

Image: C:\Windows\System32\cmd.exe

FileVersion: 10.0.22621.2506 (WinBuild.160101.0800)

Description: Windows Command Processor

Product: Microsoft&#174; Windows&#174; Operating System

Company: Microsoft Corporation

OriginalFileName: Cmd.Exe

CommandLine: ""cmd.exe"" /c reg add ""HKLM\SOFTWARE\Policies\Microsoft\Windows\WindowsUpdate\AU"" /v ""NoAutoUpdate"" /t REG_DWORD /d 1 /f

CurrentDirectory: C:\Users\User\AppData\Local\Temp\

User: WINDEV2309EVAL\User

LogonGuid: {f57bd86a-36f9-658c-7bf8-020000000000}

LogonId: 0x2F87B

TerminalSessionId: 1

IntegrityLevel: Medium

Hashes: MD5=133D568ECCB557E37BEA1459521CBAC2,SHA256=05A30592D2C3421C41121145C6EEFA7C81FEA6B42D6233A522240A8468326B9C,IMPHASH=D73E39DAB3C8B57AA408073D01254964

ParentProcessGuid: {00000000-0000-0000-0000-000000000000}

ParentProcessId: 1688

ParentImage: -

ParentCommandLine: -

ParentUser: -</Message>
      <Level>Information</Level>
      <Task>Process Create (rule: ProcessCreate)</Task>
      <Opcode>Info</Opcode>
    </RenderingInfo>
  </Event>
  
"
Microsoft-Windows-Sysmon/Operational,"reg  add ""HKLM\SOFTWARE\Policies\Microsoft\Windows Defender Security Center\Notifications"" /v ""DisableNotifications"" /t REG_DWORD /d 1 /f",Microsoft Corporation,WinDev2309Eval,,C:\Users\User\AppData\Local\Temp\,Registry Console Tool,,1,19689,,10.0.22621.1 (WinBuild.160101.0800),"MD5=CDB58D0BCABE76AFC60428F364834463,SHA256=411AE446FE37B30C0727888C7FA5E88994A46DAFD41AA5B3B06C9E884549AFDE,IMPHASH=1085BD82B37A225F6D356012D2E69C3D",C:\Windows\System32\reg.exe,Medium,0x8000000000000000,Information,{f57bd86a-36f9-658c-7bf8-020000000000},0x2f87b,"Process Create:

RuleName: -

UtcTime: 2023-12-27 20:56:40.655

ProcessGuid: {f57bd86a-8f88-658c-6402-000000000f00}

ProcessId: 8560

Image: C:\Windows\System32\reg.exe

FileVersion: 10.0.22621.1 (WinBuild.160101.0800)

Description: Registry Console Tool

Product: Microsoft® Windows® Operating System

Company: Microsoft Corporation

OriginalFileName: reg.exe

CommandLine: reg  add ""HKLM\SOFTWARE\Policies\Microsoft\Windows Defender Security Center\Notifications"" /v ""DisableNotifications"" /t REG_DWORD /d 1 /f

CurrentDirectory: C:\Users\User\AppData\Local\Temp\

User: WINDEV2309EVAL\User

LogonGuid: {f57bd86a-36f9-658c-7bf8-020000000000}

LogonId: 0x2F87B

TerminalSessionId: 1

IntegrityLevel: Medium

Hashes: MD5=CDB58D0BCABE76AFC60428F364834463,SHA256=411AE446FE37B30C0727888C7FA5E88994A46DAFD41AA5B3B06C9E884549AFDE,IMPHASH=1085BD82B37A225F6D356012D2E69C3D

ParentProcessGuid: {f57bd86a-8f88-658c-6202-000000000f00}

ParentProcessId: 10732

ParentImage: C:\Windows\System32\cmd.exe

ParentCommandLine: ""cmd.exe"" /c reg add ""HKLM\SOFTWARE\Policies\Microsoft\Windows Defender Security Center\Notifications"" /v ""DisableNotifications"" /t REG_DWORD /d 1 /f

ParentUser: WINDEV2309EVAL\User",Info,reg.exe,"""cmd.exe"" /c reg add ""HKLM\SOFTWARE\Policies\Microsoft\Windows Defender Security Center\Notifications"" /v ""DisableNotifications"" /t REG_DWORD /d 1 /f",C:\Windows\System32\cmd.exe,{f57bd86a-8f88-658c-6202-000000000f00},10732,WINDEV2309EVAL\User,{f57bd86a-8f88-658c-6402-000000000f00},3588,8560,Microsoft® Windows® Operating System,,,,"
      ",-,2023-12-27T20:56:40.6564546Z,,,Process Create (rule: ProcessCreate),1,5124,WINDEV2309EVAL\User,S-1-5-18,2023-12-27 20:56:40.655,5,"<Event xmlns=""http://schemas.microsoft.com/win/2004/08/events/event"">
    <System>
      <Provider Name=""Microsoft-Windows-Sysmon"" Guid=""{5770385f-c22a-43e0-bf4c-06f5698ffbd9}""/>
      <EventID>1</EventID>
      <Version>5</Version>
      <Level>4</Level>
      <Task>1</Task>
      <Opcode>0</Opcode>
      <Keywords>0x8000000000000000</Keywords>
      <TimeCreated SystemTime=""2023-12-27T20:56:40.6564546Z""/>
      <EventRecordID>19689</EventRecordID>
      <Correlation/>
      <Execution ProcessID=""3588"" ThreadID=""5124""/>
      <Channel>Microsoft-Windows-Sysmon/Operational</Channel>
      <Computer>WinDev2309Eval</Computer>
      <Security UserID=""S-1-5-18""/>
    </System>
    <EventData>
      <Data Name=""RuleName"">-</Data>
      <Data Name=""UtcTime"">2023-12-27 20:56:40.655</Data>
      <Data Name=""ProcessGuid"">{f57bd86a-8f88-658c-6402-000000000f00}</Data>
      <Data Name=""ProcessId"">8560</Data>
      <Data Name=""Image"">C:\Windows\System32\reg.exe</Data>
      <Data Name=""FileVersion"">10.0.22621.1 (WinBuild.160101.0800)</Data>
      <Data Name=""Description"">Registry Console Tool</Data>
      <Data Name=""Product"">Microsoft&#174; Windows&#174; Operating System</Data>
      <Data Name=""Company"">Microsoft Corporation</Data>
      <Data Name=""OriginalFileName"">reg.exe</Data>
      <Data Name=""CommandLine"">reg  add ""HKLM\SOFTWARE\Policies\Microsoft\Windows Defender Security Center\Notifications"" /v ""DisableNotifications"" /t REG_DWORD /d 1 /f</Data>
      <Data Name=""CurrentDirectory"">C:\Users\User\AppData\Local\Temp\</Data>
      <Data Name=""User"">WINDEV2309EVAL\User</Data>
      <Data Name=""LogonGuid"">{f57bd86a-36f9-658c-7bf8-020000000000}</Data>
      <Data Name=""LogonId"">0x2f87b</Data>
      <Data Name=""TerminalSessionId"">1</Data>
      <Data Name=""IntegrityLevel"">Medium</Data>
      <Data Name=""Hashes"">MD5=CDB58D0BCABE76AFC60428F364834463,SHA256=411AE446FE37B30C0727888C7FA5E88994A46DAFD41AA5B3B06C9E884549AFDE,IMPHASH=1085BD82B37A225F6D356012D2E69C3D</Data>
      <Data Name=""ParentProcessGuid"">{f57bd86a-8f88-658c-6202-000000000f00}</Data>
      <Data Name=""ParentProcessId"">10732</Data>
      <Data Name=""ParentImage"">C:\Windows\System32\cmd.exe</Data>
      <Data Name=""ParentCommandLine"">""cmd.exe"" /c reg add ""HKLM\SOFTWARE\Policies\Microsoft\Windows Defender Security Center\Notifications"" /v ""DisableNotifications"" /t REG_DWORD /d 1 /f</Data>
      <Data Name=""ParentUser"">WINDEV2309EVAL\User</Data>
    </EventData>
    <RenderingInfo Culture=""en-US"">
      <Message>Process Create:

RuleName: -

UtcTime: 2023-12-27 20:56:40.655

ProcessGuid: {f57bd86a-8f88-658c-6402-000000000f00}

ProcessId: 8560

Image: C:\Windows\System32\reg.exe

FileVersion: 10.0.22621.1 (WinBuild.160101.0800)

Description: Registry Console Tool

Product: Microsoft&#174; Windows&#174; Operating System

Company: Microsoft Corporation

OriginalFileName: reg.exe

CommandLine: reg  add ""HKLM\SOFTWARE\Policies\Microsoft\Windows Defender Security Center\Notifications"" /v ""DisableNotifications"" /t REG_DWORD /d 1 /f

CurrentDirectory: C:\Users\User\AppData\Local\Temp\

User: WINDEV2309EVAL\User

LogonGuid: {f57bd86a-36f9-658c-7bf8-020000000000}

LogonId: 0x2F87B

TerminalSessionId: 1

IntegrityLevel: Medium

Hashes: MD5=CDB58D0BCABE76AFC60428F364834463,SHA256=411AE446FE37B30C0727888C7FA5E88994A46DAFD41AA5B3B06C9E884549AFDE,IMPHASH=1085BD82B37A225F6D356012D2E69C3D

ParentProcessGuid: {f57bd86a-8f88-658c-6202-000000000f00}

ParentProcessId: 10732

ParentImage: C:\Windows\System32\cmd.exe

ParentCommandLine: ""cmd.exe"" /c reg add ""HKLM\SOFTWARE\Policies\Microsoft\Windows Defender Security Center\Notifications"" /v ""DisableNotifications"" /t REG_DWORD /d 1 /f

ParentUser: WINDEV2309EVAL\User</Message>
      <Level>Information</Level>
      <Task>Process Create (rule: ProcessCreate)</Task>
      <Opcode>Info</Opcode>
    </RenderingInfo>
  </Event>
  
"
