Microsoft-Windows-Sysmon/Operational,"C:\Windows\Microsoft.NET\Framework64\v4.0.30319\cvtres.exe /NOLOGO /READONLY /MACHINE:IX86 ""/OUT:C:\Users\User\AppData\Local\Temp\RES4897.tmp"" ""c:\Users\User\AppData\Local\Temp\CSC85872E697CE04D259EFAEBDA192F1CB1.TMP""",Microsoft Corporation,WinDev2309Eval,,C:\Users\User\AppData\Local\Temp\,Microsoft® Resource File To COFF Object Conversion Utility,1,19582,14.32.31326.0,"MD5=8166CCB6A04B855AA918B36079C63B7D,SHA256=FD3EF1B4C91B2E85CCD05724A7CD527A3A27D7D549B0DCDB70D3D78BE120C560,IMPHASH=45A00F7304B8F089973962FBEF618959",C:\Windows\Microsoft.NET\Framework64\v4.0.30319\cvtres.exe,Medium,0x8000000000000000,Information,{f57bd86a-36f9-658c-7bf8-020000000000},0x2f87b,"Process Create:

RuleName: -

UtcTime: 2023-12-27 20:57:41.013

ProcessGuid: {f57bd86a-8fc5-658c-cc01-000000000f00}

ProcessId: 980

Image: C:\Windows\Microsoft.NET\Framework64\v4.0.30319\cvtres.exe

FileVersion: 14.32.31326.0

Description: Microsoft® Resource File To COFF Object Conversion Utility

Product: Microsoft® .NET Framework

Company: Microsoft Corporation

OriginalFileName: CVTRES.EXE

CommandLine: C:\Windows\Microsoft.NET\Framework64\v4.0.30319\cvtres.exe /NOLOGO /READONLY /MACHINE:IX86 ""/OUT:C:\Users\User\AppData\Local\Temp\RES4897.tmp"" ""c:\Users\User\AppData\Local\Temp\CSC85872E697CE04D259EFAEBDA192F1CB1.TMP""

CurrentDirectory: C:\Users\User\AppData\Local\Temp\

User: WINDEV2309EVAL\User

LogonGuid: {f57bd86a-36f9-658c-7bf8-020000000000}

LogonId: 0x2F87B

TerminalSessionId: 1

IntegrityLevel: Medium

Hashes: MD5=8166CCB6A04B855AA918B36079C63B7D,SHA256=FD3EF1B4C91B2E85CCD05724A7CD527A3A27D7D549B0DCDB70D3D78BE120C560,IMPHASH=45A00F7304B8F089973962FBEF618959

ParentProcessGuid: {f57bd86a-8fc4-658c-cb01-000000000f00}

ParentProcessId: 6908

ParentImage: C:\Windows\Microsoft.NET\Framework64\v4.0.30319\csc.exe

ParentCommandLine: ""C:\Windows\Microsoft.NET\Framework64\v4.0.30319\csc.exe"" /noconfig /fullpaths @""C:\Users\User\AppData\Local\Temp\kbfc2czv.cmdline""

ParentUser: WINDEV2309EVAL\User",Info,CVTRES.EXE,"""C:\Windows\Microsoft.NET\Framework64\v4.0.30319\csc.exe"" /noconfig /fullpaths @""C:\Users\User\AppData\Local\Temp\kbfc2czv.cmdline""",C:\Windows\Microsoft.NET\Framework64\v4.0.30319\csc.exe,{f57bd86a-8fc4-658c-cb01-000000000f00},6908,WINDEV2309EVAL\User,{f57bd86a-8fc5-658c-cc01-000000000f00},3588,980,Microsoft® .NET Framework,,,,"
      ",-,2023-12-27T20:57:41.0148267Z,,Process Create (rule: ProcessCreate),1,5124,WINDEV2309EVAL\User,S-1-5-18,2023-12-27 20:57:41.013,5,"<Event xmlns=""http://schemas.microsoft.com/win/2004/08/events/event"">
    <System>
      <Provider Name=""Microsoft-Windows-Sysmon"" Guid=""{5770385f-c22a-43e0-bf4c-06f5698ffbd9}""/>
      <EventID>1</EventID>
      <Version>5</Version>
      <Level>4</Level>
      <Task>1</Task>
      <Opcode>0</Opcode>
      <Keywords>0x8000000000000000</Keywords>
      <TimeCreated SystemTime=""2023-12-27T20:57:41.0148267Z""/>
      <EventRecordID>19582</EventRecordID>
      <Correlation/>
      <Execution ProcessID=""3588"" ThreadID=""5124""/>
      <Channel>Microsoft-Windows-Sysmon/Operational</Channel>
      <Computer>WinDev2309Eval</Computer>
      <Security UserID=""S-1-5-18""/>
    </System>
    <EventData>
      <Data Name=""RuleName"">-</Data>
      <Data Name=""UtcTime"">2023-12-27 20:57:41.013</Data>
      <Data Name=""ProcessGuid"">{f57bd86a-8fc5-658c-cc01-000000000f00}</Data>
      <Data Name=""ProcessId"">980</Data>
      <Data Name=""Image"">C:\Windows\Microsoft.NET\Framework64\v4.0.30319\cvtres.exe</Data>
      <Data Name=""FileVersion"">14.32.31326.0</Data>
      <Data Name=""Description"">Microsoft&#174; Resource File To COFF Object Conversion Utility</Data>
      <Data Name=""Product"">Microsoft&#174; .NET Framework</Data>
      <Data Name=""Company"">Microsoft Corporation</Data>
      <Data Name=""OriginalFileName"">CVTRES.EXE</Data>
      <Data Name=""CommandLine"">C:\Windows\Microsoft.NET\Framework64\v4.0.30319\cvtres.exe /NOLOGO /READONLY /MACHINE:IX86 ""/OUT:C:\Users\User\AppData\Local\Temp\RES4897.tmp"" ""c:\Users\User\AppData\Local\Temp\CSC85872E697CE04D259EFAEBDA192F1CB1.TMP""</Data>
      <Data Name=""CurrentDirectory"">C:\Users\User\AppData\Local\Temp\</Data>
      <Data Name=""User"">WINDEV2309EVAL\User</Data>
      <Data Name=""LogonGuid"">{f57bd86a-36f9-658c-7bf8-020000000000}</Data>
      <Data Name=""LogonId"">0x2f87b</Data>
      <Data Name=""TerminalSessionId"">1</Data>
      <Data Name=""IntegrityLevel"">Medium</Data>
      <Data Name=""Hashes"">MD5=8166CCB6A04B855AA918B36079C63B7D,SHA256=FD3EF1B4C91B2E85CCD05724A7CD527A3A27D7D549B0DCDB70D3D78BE120C560,IMPHASH=45A00F7304B8F089973962FBEF618959</Data>
      <Data Name=""ParentProcessGuid"">{f57bd86a-8fc4-658c-cb01-000000000f00}</Data>
      <Data Name=""ParentProcessId"">6908</Data>
      <Data Name=""ParentImage"">C:\Windows\Microsoft.NET\Framework64\v4.0.30319\csc.exe</Data>
      <Data Name=""ParentCommandLine"">""C:\Windows\Microsoft.NET\Framework64\v4.0.30319\csc.exe"" /noconfig /fullpaths @""C:\Users\User\AppData\Local\Temp\kbfc2czv.cmdline""</Data>
      <Data Name=""ParentUser"">WINDEV2309EVAL\User</Data>
    </EventData>
    <RenderingInfo Culture=""en-US"">
      <Message>Process Create:

RuleName: -

UtcTime: 2023-12-27 20:57:41.013

ProcessGuid: {f57bd86a-8fc5-658c-cc01-000000000f00}

ProcessId: 980

Image: C:\Windows\Microsoft.NET\Framework64\v4.0.30319\cvtres.exe

FileVersion: 14.32.31326.0

Description: Microsoft&#174; Resource File To COFF Object Conversion Utility

Product: Microsoft&#174; .NET Framework

Company: Microsoft Corporation

OriginalFileName: CVTRES.EXE

CommandLine: C:\Windows\Microsoft.NET\Framework64\v4.0.30319\cvtres.exe /NOLOGO /READONLY /MACHINE:IX86 ""/OUT:C:\Users\User\AppData\Local\Temp\RES4897.tmp"" ""c:\Users\User\AppData\Local\Temp\CSC85872E697CE04D259EFAEBDA192F1CB1.TMP""

CurrentDirectory: C:\Users\User\AppData\Local\Temp\

User: WINDEV2309EVAL\User

LogonGuid: {f57bd86a-36f9-658c-7bf8-020000000000}

LogonId: 0x2F87B

TerminalSessionId: 1

IntegrityLevel: Medium

Hashes: MD5=8166CCB6A04B855AA918B36079C63B7D,SHA256=FD3EF1B4C91B2E85CCD05724A7CD527A3A27D7D549B0DCDB70D3D78BE120C560,IMPHASH=45A00F7304B8F089973962FBEF618959

ParentProcessGuid: {f57bd86a-8fc4-658c-cb01-000000000f00}

ParentProcessId: 6908

ParentImage: C:\Windows\Microsoft.NET\Framework64\v4.0.30319\csc.exe

ParentCommandLine: ""C:\Windows\Microsoft.NET\Framework64\v4.0.30319\csc.exe"" /noconfig /fullpaths @""C:\Users\User\AppData\Local\Temp\kbfc2czv.cmdline""

ParentUser: WINDEV2309EVAL\User</Message>
      <Level>Information</Level>
      <Task>Process Create (rule: ProcessCreate)</Task>
      <Opcode>Info</Opcode>
    </RenderingInfo>
  </Event>
  
"
Microsoft-Windows-Sysmon/Operational,"""C:\Windows\Microsoft.NET\Framework64\v4.0.30319\csc.exe"" /noconfig /fullpaths @""C:\Users\User\AppData\Local\Temp\kbfc2czv.cmdline""",Microsoft Corporation,WinDev2309Eval,,C:\Users\User\AppData\Local\Temp\,Visual C# Command Line Compiler,1,19581,4.8.9032.0 built by: NET481REL1,"MD5=0700180046633A40D24729AE8CACC158,SHA256=A725546BDE53F1AD533E74ABB01DD5ED5F07B171F5C284738DA88F6CE478CF5F,IMPHASH=2E6A9097FBA347A254DAC72662FE1259",C:\Windows\Microsoft.NET\Framework64\v4.0.30319\csc.exe,Medium,0x8000000000000000,Information,{f57bd86a-36f9-658c-7bf8-020000000000},0x2f87b,"Process Create:

RuleName: -

UtcTime: 2023-12-27 20:57:40.923

ProcessGuid: {f57bd86a-8fc4-658c-cb01-000000000f00}

ProcessId: 6908

Image: C:\Windows\Microsoft.NET\Framework64\v4.0.30319\csc.exe

FileVersion: 4.8.9032.0 built by: NET481REL1

Description: Visual C# Command Line Compiler

Product: Microsoft® .NET Framework

Company: Microsoft Corporation

OriginalFileName: csc.exe

CommandLine: ""C:\Windows\Microsoft.NET\Framework64\v4.0.30319\csc.exe"" /noconfig /fullpaths @""C:\Users\User\AppData\Local\Temp\kbfc2czv.cmdline""

CurrentDirectory: C:\Users\User\AppData\Local\Temp\

User: WINDEV2309EVAL\User

LogonGuid: {f57bd86a-36f9-658c-7bf8-020000000000}

LogonId: 0x2F87B

TerminalSessionId: 1

IntegrityLevel: Medium

Hashes: MD5=0700180046633A40D24729AE8CACC158,SHA256=A725546BDE53F1AD533E74ABB01DD5ED5F07B171F5C284738DA88F6CE478CF5F,IMPHASH=2E6A9097FBA347A254DAC72662FE1259

ParentProcessGuid: {f57bd86a-8fc2-658c-c401-000000000f00}

ParentProcessId: 4368

ParentImage: C:\Windows\System32\WindowsPowerShell\v1.0\powershell.exe

ParentCommandLine: ""powershell.exe"" & {cmd /c start /b psr.exe /start /output c:\temp\T1113_desktop.zip /sc 1 /gui 0 /stopevent 12
Add-Type -MemberDefinition '[DllImport(\""""user32.dll\"""")] public static extern void mouse_event(int flags, int dx, int dy, int cButtons, int info);' -Name U32 -Namespace W;
[W.U32]::mouse_event(0x02 -bor 0x04 -bor 0x01, 0, 0, 0, 0);
cmd /c \""""timeout 5 > NULL && psr.exe /stop\""""}

ParentUser: WINDEV2309EVAL\User",Info,csc.exe,"""powershell.exe"" & {cmd /c start /b psr.exe /start /output c:\temp\T1113_desktop.zip /sc 1 /gui 0 /stopevent 12
Add-Type -MemberDefinition '[DllImport(\""""user32.dll\"""")] public static extern void mouse_event(int flags, int dx, int dy, int cButtons, int info);' -Name U32 -Namespace W;
[W.U32]::mouse_event(0x02 -bor 0x04 -bor 0x01, 0, 0, 0, 0);
cmd /c \""""timeout 5 > NULL && psr.exe /stop\""""}",C:\Windows\System32\WindowsPowerShell\v1.0\powershell.exe,{f57bd86a-8fc2-658c-c401-000000000f00},4368,WINDEV2309EVAL\User,{f57bd86a-8fc4-658c-cb01-000000000f00},3588,6908,Microsoft® .NET Framework,,,,"
      ",-,2023-12-27T20:57:40.9244368Z,,Process Create (rule: ProcessCreate),1,5124,WINDEV2309EVAL\User,S-1-5-18,2023-12-27 20:57:40.923,5,"<Event xmlns=""http://schemas.microsoft.com/win/2004/08/events/event"">
    <System>
      <Provider Name=""Microsoft-Windows-Sysmon"" Guid=""{5770385f-c22a-43e0-bf4c-06f5698ffbd9}""/>
      <EventID>1</EventID>
      <Version>5</Version>
      <Level>4</Level>
      <Task>1</Task>
      <Opcode>0</Opcode>
      <Keywords>0x8000000000000000</Keywords>
      <TimeCreated SystemTime=""2023-12-27T20:57:40.9244368Z""/>
      <EventRecordID>19581</EventRecordID>
      <Correlation/>
      <Execution ProcessID=""3588"" ThreadID=""5124""/>
      <Channel>Microsoft-Windows-Sysmon/Operational</Channel>
      <Computer>WinDev2309Eval</Computer>
      <Security UserID=""S-1-5-18""/>
    </System>
    <EventData>
      <Data Name=""RuleName"">-</Data>
      <Data Name=""UtcTime"">2023-12-27 20:57:40.923</Data>
      <Data Name=""ProcessGuid"">{f57bd86a-8fc4-658c-cb01-000000000f00}</Data>
      <Data Name=""ProcessId"">6908</Data>
      <Data Name=""Image"">C:\Windows\Microsoft.NET\Framework64\v4.0.30319\csc.exe</Data>
      <Data Name=""FileVersion"">4.8.9032.0 built by: NET481REL1</Data>
      <Data Name=""Description"">Visual C# Command Line Compiler</Data>
      <Data Name=""Product"">Microsoft&#174; .NET Framework</Data>
      <Data Name=""Company"">Microsoft Corporation</Data>
      <Data Name=""OriginalFileName"">csc.exe</Data>
      <Data Name=""CommandLine"">""C:\Windows\Microsoft.NET\Framework64\v4.0.30319\csc.exe"" /noconfig /fullpaths @""C:\Users\User\AppData\Local\Temp\kbfc2czv.cmdline""</Data>
      <Data Name=""CurrentDirectory"">C:\Users\User\AppData\Local\Temp\</Data>
      <Data Name=""User"">WINDEV2309EVAL\User</Data>
      <Data Name=""LogonGuid"">{f57bd86a-36f9-658c-7bf8-020000000000}</Data>
      <Data Name=""LogonId"">0x2f87b</Data>
      <Data Name=""TerminalSessionId"">1</Data>
      <Data Name=""IntegrityLevel"">Medium</Data>
      <Data Name=""Hashes"">MD5=0700180046633A40D24729AE8CACC158,SHA256=A725546BDE53F1AD533E74ABB01DD5ED5F07B171F5C284738DA88F6CE478CF5F,IMPHASH=2E6A9097FBA347A254DAC72662FE1259</Data>
      <Data Name=""ParentProcessGuid"">{f57bd86a-8fc2-658c-c401-000000000f00}</Data>
      <Data Name=""ParentProcessId"">4368</Data>
      <Data Name=""ParentImage"">C:\Windows\System32\WindowsPowerShell\v1.0\powershell.exe</Data>
      <Data Name=""ParentCommandLine"">""powershell.exe"" &amp; {cmd /c start /b psr.exe /start /output c:\temp\T1113_desktop.zip /sc 1 /gui 0 /stopevent 12
Add-Type -MemberDefinition '[DllImport(\""""user32.dll\"""")] public static extern void mouse_event(int flags, int dx, int dy, int cButtons, int info);' -Name U32 -Namespace W;
[W.U32]::mouse_event(0x02 -bor 0x04 -bor 0x01, 0, 0, 0, 0);
cmd /c \""""timeout 5 &gt; NULL &amp;&amp; psr.exe /stop\""""}</Data>
      <Data Name=""ParentUser"">WINDEV2309EVAL\User</Data>
    </EventData>
    <RenderingInfo Culture=""en-US"">
      <Message>Process Create:

RuleName: -

UtcTime: 2023-12-27 20:57:40.923

ProcessGuid: {f57bd86a-8fc4-658c-cb01-000000000f00}

ProcessId: 6908

Image: C:\Windows\Microsoft.NET\Framework64\v4.0.30319\csc.exe

FileVersion: 4.8.9032.0 built by: NET481REL1

Description: Visual C# Command Line Compiler

Product: Microsoft&#174; .NET Framework

Company: Microsoft Corporation

OriginalFileName: csc.exe

CommandLine: ""C:\Windows\Microsoft.NET\Framework64\v4.0.30319\csc.exe"" /noconfig /fullpaths @""C:\Users\User\AppData\Local\Temp\kbfc2czv.cmdline""

CurrentDirectory: C:\Users\User\AppData\Local\Temp\

User: WINDEV2309EVAL\User

LogonGuid: {f57bd86a-36f9-658c-7bf8-020000000000}

LogonId: 0x2F87B

TerminalSessionId: 1

IntegrityLevel: Medium

Hashes: MD5=0700180046633A40D24729AE8CACC158,SHA256=A725546BDE53F1AD533E74ABB01DD5ED5F07B171F5C284738DA88F6CE478CF5F,IMPHASH=2E6A9097FBA347A254DAC72662FE1259

ParentProcessGuid: {f57bd86a-8fc2-658c-c401-000000000f00}

ParentProcessId: 4368

ParentImage: C:\Windows\System32\WindowsPowerShell\v1.0\powershell.exe

ParentCommandLine: ""powershell.exe"" &amp; {cmd /c start /b psr.exe /start /output c:\temp\T1113_desktop.zip /sc 1 /gui 0 /stopevent 12
Add-Type -MemberDefinition '[DllImport(\""""user32.dll\"""")] public static extern void mouse_event(int flags, int dx, int dy, int cButtons, int info);' -Name U32 -Namespace W;
[W.U32]::mouse_event(0x02 -bor 0x04 -bor 0x01, 0, 0, 0, 0);
cmd /c \""""timeout 5 &gt; NULL &amp;&amp; psr.exe /stop\""""}

ParentUser: WINDEV2309EVAL\User</Message>
      <Level>Information</Level>
      <Task>Process Create (rule: ProcessCreate)</Task>
      <Opcode>Info</Opcode>
    </RenderingInfo>
  </Event>
  
"
Microsoft-Windows-Sysmon/Operational,,,WinDev2309Eval,2023-12-27 20:57:40.918,,,11,19580,,,C:\Windows\System32\WindowsPowerShell\v1.0\powershell.exe,,0x8000000000000000,Information,,,"File created:

RuleName: -

UtcTime: 2023-12-27 20:57:40.918

ProcessGuid: {f57bd86a-8fc2-658c-c401-000000000f00}

ProcessId: 4368

Image: C:\Windows\System32\WindowsPowerShell\v1.0\powershell.exe

TargetFilename: C:\Users\User\AppData\Local\Temp\kbfc2czv.cmdline

CreationUtcTime: 2023-12-27 20:57:40.918

User: WINDEV2309EVAL\User",Info,,,,,,,{f57bd86a-8fc2-658c-c401-000000000f00},3588,4368,,,,,"
      ",-,2023-12-27T20:57:40.9212310Z,C:\Users\User\AppData\Local\Temp\kbfc2czv.cmdline,File created (rule: FileCreate),,5124,WINDEV2309EVAL\User,S-1-5-18,2023-12-27 20:57:40.918,2,"<Event xmlns=""http://schemas.microsoft.com/win/2004/08/events/event"">
    <System>
      <Provider Name=""Microsoft-Windows-Sysmon"" Guid=""{5770385f-c22a-43e0-bf4c-06f5698ffbd9}""/>
      <EventID>11</EventID>
      <Version>2</Version>
      <Level>4</Level>
      <Task>11</Task>
      <Opcode>0</Opcode>
      <Keywords>0x8000000000000000</Keywords>
      <TimeCreated SystemTime=""2023-12-27T20:57:40.9212310Z""/>
      <EventRecordID>19580</EventRecordID>
      <Correlation/>
      <Execution ProcessID=""3588"" ThreadID=""5124""/>
      <Channel>Microsoft-Windows-Sysmon/Operational</Channel>
      <Computer>WinDev2309Eval</Computer>
      <Security UserID=""S-1-5-18""/>
    </System>
    <EventData>
      <Data Name=""RuleName"">-</Data>
      <Data Name=""UtcTime"">2023-12-27 20:57:40.918</Data>
      <Data Name=""ProcessGuid"">{f57bd86a-8fc2-658c-c401-000000000f00}</Data>
      <Data Name=""ProcessId"">4368</Data>
      <Data Name=""Image"">C:\Windows\System32\WindowsPowerShell\v1.0\powershell.exe</Data>
      <Data Name=""TargetFilename"">C:\Users\User\AppData\Local\Temp\kbfc2czv.cmdline</Data>
      <Data Name=""CreationUtcTime"">2023-12-27 20:57:40.918</Data>
      <Data Name=""User"">WINDEV2309EVAL\User</Data>
    </EventData>
    <RenderingInfo Culture=""en-US"">
      <Message>File created:

RuleName: -

UtcTime: 2023-12-27 20:57:40.918

ProcessGuid: {f57bd86a-8fc2-658c-c401-000000000f00}

ProcessId: 4368

Image: C:\Windows\System32\WindowsPowerShell\v1.0\powershell.exe

TargetFilename: C:\Users\User\AppData\Local\Temp\kbfc2czv.cmdline

CreationUtcTime: 2023-12-27 20:57:40.918

User: WINDEV2309EVAL\User</Message>
      <Level>Information</Level>
      <Task>File created (rule: FileCreate)</Task>
      <Opcode>Info</Opcode>
    </RenderingInfo>
  </Event>
  
"
Microsoft-Windows-Sysmon/Operational,,,WinDev2309Eval,2023-12-27 20:57:40.918,,,11,19579,,,C:\Windows\System32\WindowsPowerShell\v1.0\powershell.exe,,0x8000000000000000,Information,,,"File created:

RuleName: DLL

UtcTime: 2023-12-27 20:57:40.918

ProcessGuid: {f57bd86a-8fc2-658c-c401-000000000f00}

ProcessId: 4368

Image: C:\Windows\System32\WindowsPowerShell\v1.0\powershell.exe

TargetFilename: C:\Users\User\AppData\Local\Temp\kbfc2czv.dll

CreationUtcTime: 2023-12-27 20:57:40.918

User: WINDEV2309EVAL\User",Info,,,,,,,{f57bd86a-8fc2-658c-c401-000000000f00},3588,4368,,,,,"
      ",DLL,2023-12-27T20:57:40.9207928Z,C:\Users\User\AppData\Local\Temp\kbfc2czv.dll,File created (rule: FileCreate),,5124,WINDEV2309EVAL\User,S-1-5-18,2023-12-27 20:57:40.918,2,"<Event xmlns=""http://schemas.microsoft.com/win/2004/08/events/event"">
    <System>
      <Provider Name=""Microsoft-Windows-Sysmon"" Guid=""{5770385f-c22a-43e0-bf4c-06f5698ffbd9}""/>
      <EventID>11</EventID>
      <Version>2</Version>
      <Level>4</Level>
      <Task>11</Task>
      <Opcode>0</Opcode>
      <Keywords>0x8000000000000000</Keywords>
      <TimeCreated SystemTime=""2023-12-27T20:57:40.9207928Z""/>
      <EventRecordID>19579</EventRecordID>
      <Correlation/>
      <Execution ProcessID=""3588"" ThreadID=""5124""/>
      <Channel>Microsoft-Windows-Sysmon/Operational</Channel>
      <Computer>WinDev2309Eval</Computer>
      <Security UserID=""S-1-5-18""/>
    </System>
    <EventData>
      <Data Name=""RuleName"">DLL</Data>
      <Data Name=""UtcTime"">2023-12-27 20:57:40.918</Data>
      <Data Name=""ProcessGuid"">{f57bd86a-8fc2-658c-c401-000000000f00}</Data>
      <Data Name=""ProcessId"">4368</Data>
      <Data Name=""Image"">C:\Windows\System32\WindowsPowerShell\v1.0\powershell.exe</Data>
      <Data Name=""TargetFilename"">C:\Users\User\AppData\Local\Temp\kbfc2czv.dll</Data>
      <Data Name=""CreationUtcTime"">2023-12-27 20:57:40.918</Data>
      <Data Name=""User"">WINDEV2309EVAL\User</Data>
    </EventData>
    <RenderingInfo Culture=""en-US"">
      <Message>File created:

RuleName: DLL

UtcTime: 2023-12-27 20:57:40.918

ProcessGuid: {f57bd86a-8fc2-658c-c401-000000000f00}

ProcessId: 4368

Image: C:\Windows\System32\WindowsPowerShell\v1.0\powershell.exe

TargetFilename: C:\Users\User\AppData\Local\Temp\kbfc2czv.dll

CreationUtcTime: 2023-12-27 20:57:40.918

User: WINDEV2309EVAL\User</Message>
      <Level>Information</Level>
      <Task>File created (rule: FileCreate)</Task>
      <Opcode>Info</Opcode>
    </RenderingInfo>
  </Event>
  
"
Microsoft-Windows-Sysmon/Operational,"""C:\Windows\system32\psr.exe""  /start /output c:\temp\T1113_desktop.zip /sc 1 /gui 0 /stopevent 12",Microsoft Corporation,WinDev2309Eval,,C:\Users\User\AppData\Local\Temp\,Steps Recorder,1,19578,10.0.22621.2792 (WinBuild.160101.0800),"MD5=CDEE6978DE8050E0992F225B8DF1A043,SHA256=C0DBD6D861C9D94DE4AC406DF40E1791E5E546642B22912AECBDFF05DF233A01,IMPHASH=A0EDDB2CCE84BB38B4E283F8E4696A3C",C:\Windows\System32\psr.exe,High,0x8000000000000000,Information,{f57bd86a-36f9-658c-7bf8-020000000000},0x2f87b,"Process Create:

RuleName: -

UtcTime: 2023-12-27 20:57:40.328

ProcessGuid: {f57bd86a-8fc4-658c-ca01-000000000f00}

ProcessId: 1204

Image: C:\Windows\System32\psr.exe

FileVersion: 10.0.22621.2792 (WinBuild.160101.0800)

Description: Steps Recorder

Product: Microsoft® Windows® Operating System

Company: Microsoft Corporation

OriginalFileName: psr.exe

CommandLine: ""C:\Windows\system32\psr.exe""  /start /output c:\temp\T1113_desktop.zip /sc 1 /gui 0 /stopevent 12

CurrentDirectory: C:\Users\User\AppData\Local\Temp\

User: WINDEV2309EVAL\User

LogonGuid: {f57bd86a-36f9-658c-7bf8-020000000000}

LogonId: 0x2F87B

TerminalSessionId: 1

IntegrityLevel: High

Hashes: MD5=CDEE6978DE8050E0992F225B8DF1A043,SHA256=C0DBD6D861C9D94DE4AC406DF40E1791E5E546642B22912AECBDFF05DF233A01,IMPHASH=A0EDDB2CCE84BB38B4E283F8E4696A3C

ParentProcessGuid: {f57bd86a-8fc4-658c-c601-000000000f00}

ParentProcessId: 7768

ParentImage: C:\Windows\System32\cmd.exe

ParentCommandLine: ""C:\Windows\system32\cmd.exe"" /c start /b psr.exe /start /output c:\temp\T1113_desktop.zip /sc 1 /gui 0 /stopevent 12

ParentUser: WINDEV2309EVAL\User",Info,psr.exe,"""C:\Windows\system32\cmd.exe"" /c start /b psr.exe /start /output c:\temp\T1113_desktop.zip /sc 1 /gui 0 /stopevent 12",C:\Windows\System32\cmd.exe,{f57bd86a-8fc4-658c-c601-000000000f00},7768,WINDEV2309EVAL\User,{f57bd86a-8fc4-658c-ca01-000000000f00},3588,1204,Microsoft® Windows® Operating System,,,,"
      ",-,2023-12-27T20:57:40.3301574Z,,Process Create (rule: ProcessCreate),1,5124,WINDEV2309EVAL\User,S-1-5-18,2023-12-27 20:57:40.328,5,"<Event xmlns=""http://schemas.microsoft.com/win/2004/08/events/event"">
    <System>
      <Provider Name=""Microsoft-Windows-Sysmon"" Guid=""{5770385f-c22a-43e0-bf4c-06f5698ffbd9}""/>
      <EventID>1</EventID>
      <Version>5</Version>
      <Level>4</Level>
      <Task>1</Task>
      <Opcode>0</Opcode>
      <Keywords>0x8000000000000000</Keywords>
      <TimeCreated SystemTime=""2023-12-27T20:57:40.3301574Z""/>
      <EventRecordID>19578</EventRecordID>
      <Correlation/>
      <Execution ProcessID=""3588"" ThreadID=""5124""/>
      <Channel>Microsoft-Windows-Sysmon/Operational</Channel>
      <Computer>WinDev2309Eval</Computer>
      <Security UserID=""S-1-5-18""/>
    </System>
    <EventData>
      <Data Name=""RuleName"">-</Data>
      <Data Name=""UtcTime"">2023-12-27 20:57:40.328</Data>
      <Data Name=""ProcessGuid"">{f57bd86a-8fc4-658c-ca01-000000000f00}</Data>
      <Data Name=""ProcessId"">1204</Data>
      <Data Name=""Image"">C:\Windows\System32\psr.exe</Data>
      <Data Name=""FileVersion"">10.0.22621.2792 (WinBuild.160101.0800)</Data>
      <Data Name=""Description"">Steps Recorder</Data>
      <Data Name=""Product"">Microsoft&#174; Windows&#174; Operating System</Data>
      <Data Name=""Company"">Microsoft Corporation</Data>
      <Data Name=""OriginalFileName"">psr.exe</Data>
      <Data Name=""CommandLine"">""C:\Windows\system32\psr.exe""  /start /output c:\temp\T1113_desktop.zip /sc 1 /gui 0 /stopevent 12</Data>
      <Data Name=""CurrentDirectory"">C:\Users\User\AppData\Local\Temp\</Data>
      <Data Name=""User"">WINDEV2309EVAL\User</Data>
      <Data Name=""LogonGuid"">{f57bd86a-36f9-658c-7bf8-020000000000}</Data>
      <Data Name=""LogonId"">0x2f87b</Data>
      <Data Name=""TerminalSessionId"">1</Data>
      <Data Name=""IntegrityLevel"">High</Data>
      <Data Name=""Hashes"">MD5=CDEE6978DE8050E0992F225B8DF1A043,SHA256=C0DBD6D861C9D94DE4AC406DF40E1791E5E546642B22912AECBDFF05DF233A01,IMPHASH=A0EDDB2CCE84BB38B4E283F8E4696A3C</Data>
      <Data Name=""ParentProcessGuid"">{f57bd86a-8fc4-658c-c601-000000000f00}</Data>
      <Data Name=""ParentProcessId"">7768</Data>
      <Data Name=""ParentImage"">C:\Windows\System32\cmd.exe</Data>
      <Data Name=""ParentCommandLine"">""C:\Windows\system32\cmd.exe"" /c start /b psr.exe /start /output c:\temp\T1113_desktop.zip /sc 1 /gui 0 /stopevent 12</Data>
      <Data Name=""ParentUser"">WINDEV2309EVAL\User</Data>
    </EventData>
    <RenderingInfo Culture=""en-US"">
      <Message>Process Create:

RuleName: -

UtcTime: 2023-12-27 20:57:40.328

ProcessGuid: {f57bd86a-8fc4-658c-ca01-000000000f00}

ProcessId: 1204

Image: C:\Windows\System32\psr.exe

FileVersion: 10.0.22621.2792 (WinBuild.160101.0800)

Description: Steps Recorder

Product: Microsoft&#174; Windows&#174; Operating System

Company: Microsoft Corporation

OriginalFileName: psr.exe

CommandLine: ""C:\Windows\system32\psr.exe""  /start /output c:\temp\T1113_desktop.zip /sc 1 /gui 0 /stopevent 12

CurrentDirectory: C:\Users\User\AppData\Local\Temp\

User: WINDEV2309EVAL\User

LogonGuid: {f57bd86a-36f9-658c-7bf8-020000000000}

LogonId: 0x2F87B

TerminalSessionId: 1

IntegrityLevel: High

Hashes: MD5=CDEE6978DE8050E0992F225B8DF1A043,SHA256=C0DBD6D861C9D94DE4AC406DF40E1791E5E546642B22912AECBDFF05DF233A01,IMPHASH=A0EDDB2CCE84BB38B4E283F8E4696A3C

ParentProcessGuid: {f57bd86a-8fc4-658c-c601-000000000f00}

ParentProcessId: 7768

ParentImage: C:\Windows\System32\cmd.exe

ParentCommandLine: ""C:\Windows\system32\cmd.exe"" /c start /b psr.exe /start /output c:\temp\T1113_desktop.zip /sc 1 /gui 0 /stopevent 12

ParentUser: WINDEV2309EVAL\User</Message>
      <Level>Information</Level>
      <Task>Process Create (rule: ProcessCreate)</Task>
      <Opcode>Info</Opcode>
    </RenderingInfo>
  </Event>
  
"
Microsoft-Windows-Sysmon/Operational,consent.exe 6032 424 000001B71E653C70,Microsoft Corporation,WinDev2309Eval,,C:\Windows\system32\,Consent UI for administrative applications,1,19577,10.0.22621.2506 (WinBuild.160101.0800),"MD5=8F81A5DDAA613AE681DA25B86F727E6B,SHA256=8191FB83695F7B60B9D2D137B571EA6FFE34ED6DFAE48866BFBDC934806D5229,IMPHASH=5D0C875DBD930A73D5A983016E384930",C:\Windows\System32\consent.exe,System,0x8000000000000000,Information,{f57bd86a-36f5-658c-e703-000000000000},0x3e7,"Process Create:

RuleName: -

UtcTime: 2023-12-27 20:57:40.243

ProcessGuid: {f57bd86a-8fc4-658c-c901-000000000f00}

ProcessId: 5740

Image: C:\Windows\System32\consent.exe

FileVersion: 10.0.22621.2506 (WinBuild.160101.0800)

Description: Consent UI for administrative applications

Product: Microsoft® Windows® Operating System

Company: Microsoft Corporation

OriginalFileName: consent.exe

CommandLine: consent.exe 6032 424 000001B71E653C70

CurrentDirectory: C:\Windows\system32\

User: NT AUTHORITY\SYSTEM

LogonGuid: {f57bd86a-36f5-658c-e703-000000000000}

LogonId: 0x3E7

TerminalSessionId: 1

IntegrityLevel: System

Hashes: MD5=8F81A5DDAA613AE681DA25B86F727E6B,SHA256=8191FB83695F7B60B9D2D137B571EA6FFE34ED6DFAE48866BFBDC934806D5229,IMPHASH=5D0C875DBD930A73D5A983016E384930

ParentProcessGuid: {f57bd86a-36fc-658c-7f00-000000000f00}

ParentProcessId: 6032

ParentImage: C:\Windows\System32\svchost.exe

ParentCommandLine: C:\Windows\system32\svchost.exe -k netsvcs -p -s Appinfo

ParentUser: NT AUTHORITY\SYSTEM",Info,consent.exe,C:\Windows\system32\svchost.exe -k netsvcs -p -s Appinfo,C:\Windows\System32\svchost.exe,{f57bd86a-36fc-658c-7f00-000000000f00},6032,NT AUTHORITY\SYSTEM,{f57bd86a-8fc4-658c-c901-000000000f00},3588,5740,Microsoft® Windows® Operating System,,,,"
      ",-,2023-12-27T20:57:40.2443107Z,,Process Create (rule: ProcessCreate),1,5124,NT AUTHORITY\SYSTEM,S-1-5-18,2023-12-27 20:57:40.243,5,"<Event xmlns=""http://schemas.microsoft.com/win/2004/08/events/event"">
    <System>
      <Provider Name=""Microsoft-Windows-Sysmon"" Guid=""{5770385f-c22a-43e0-bf4c-06f5698ffbd9}""/>
      <EventID>1</EventID>
      <Version>5</Version>
      <Level>4</Level>
      <Task>1</Task>
      <Opcode>0</Opcode>
      <Keywords>0x8000000000000000</Keywords>
      <TimeCreated SystemTime=""2023-12-27T20:57:40.2443107Z""/>
      <EventRecordID>19577</EventRecordID>
      <Correlation/>
      <Execution ProcessID=""3588"" ThreadID=""5124""/>
      <Channel>Microsoft-Windows-Sysmon/Operational</Channel>
      <Computer>WinDev2309Eval</Computer>
      <Security UserID=""S-1-5-18""/>
    </System>
    <EventData>
      <Data Name=""RuleName"">-</Data>
      <Data Name=""UtcTime"">2023-12-27 20:57:40.243</Data>
      <Data Name=""ProcessGuid"">{f57bd86a-8fc4-658c-c901-000000000f00}</Data>
      <Data Name=""ProcessId"">5740</Data>
      <Data Name=""Image"">C:\Windows\System32\consent.exe</Data>
      <Data Name=""FileVersion"">10.0.22621.2506 (WinBuild.160101.0800)</Data>
      <Data Name=""Description"">Consent UI for administrative applications</Data>
      <Data Name=""Product"">Microsoft&#174; Windows&#174; Operating System</Data>
      <Data Name=""Company"">Microsoft Corporation</Data>
      <Data Name=""OriginalFileName"">consent.exe</Data>
      <Data Name=""CommandLine"">consent.exe 6032 424 000001B71E653C70</Data>
      <Data Name=""CurrentDirectory"">C:\Windows\system32\</Data>
      <Data Name=""User"">NT AUTHORITY\SYSTEM</Data>
      <Data Name=""LogonGuid"">{f57bd86a-36f5-658c-e703-000000000000}</Data>
      <Data Name=""LogonId"">0x3e7</Data>
      <Data Name=""TerminalSessionId"">1</Data>
      <Data Name=""IntegrityLevel"">System</Data>
      <Data Name=""Hashes"">MD5=8F81A5DDAA613AE681DA25B86F727E6B,SHA256=8191FB83695F7B60B9D2D137B571EA6FFE34ED6DFAE48866BFBDC934806D5229,IMPHASH=5D0C875DBD930A73D5A983016E384930</Data>
      <Data Name=""ParentProcessGuid"">{f57bd86a-36fc-658c-7f00-000000000f00}</Data>
      <Data Name=""ParentProcessId"">6032</Data>
      <Data Name=""ParentImage"">C:\Windows\System32\svchost.exe</Data>
      <Data Name=""ParentCommandLine"">C:\Windows\system32\svchost.exe -k netsvcs -p -s Appinfo</Data>
      <Data Name=""ParentUser"">NT AUTHORITY\SYSTEM</Data>
    </EventData>
    <RenderingInfo Culture=""en-US"">
      <Message>Process Create:

RuleName: -

UtcTime: 2023-12-27 20:57:40.243

ProcessGuid: {f57bd86a-8fc4-658c-c901-000000000f00}

ProcessId: 5740

Image: C:\Windows\System32\consent.exe

FileVersion: 10.0.22621.2506 (WinBuild.160101.0800)

Description: Consent UI for administrative applications

Product: Microsoft&#174; Windows&#174; Operating System

Company: Microsoft Corporation

OriginalFileName: consent.exe

CommandLine: consent.exe 6032 424 000001B71E653C70

CurrentDirectory: C:\Windows\system32\

User: NT AUTHORITY\SYSTEM

LogonGuid: {f57bd86a-36f5-658c-e703-000000000000}

LogonId: 0x3E7

TerminalSessionId: 1

IntegrityLevel: System

Hashes: MD5=8F81A5DDAA613AE681DA25B86F727E6B,SHA256=8191FB83695F7B60B9D2D137B571EA6FFE34ED6DFAE48866BFBDC934806D5229,IMPHASH=5D0C875DBD930A73D5A983016E384930

ParentProcessGuid: {f57bd86a-36fc-658c-7f00-000000000f00}

ParentProcessId: 6032

ParentImage: C:\Windows\System32\svchost.exe

ParentCommandLine: C:\Windows\system32\svchost.exe -k netsvcs -p -s Appinfo

ParentUser: NT AUTHORITY\SYSTEM</Message>
      <Level>Information</Level>
      <Task>Process Create (rule: ProcessCreate)</Task>
      <Opcode>Info</Opcode>
    </RenderingInfo>
  </Event>
  
"
Microsoft-Windows-Sysmon/Operational,"""C:\Windows\system32\psr.exe""  /start /output c:\temp\T1113_desktop.zip /sc 1 /gui 0 /stopevent 12",Microsoft Corporation,WinDev2309Eval,,C:\Users\User\AppData\Local\Temp\,Steps Recorder,1,19576,10.0.22621.2792 (WinBuild.160101.0800),"MD5=CDEE6978DE8050E0992F225B8DF1A043,SHA256=C0DBD6D861C9D94DE4AC406DF40E1791E5E546642B22912AECBDFF05DF233A01,IMPHASH=A0EDDB2CCE84BB38B4E283F8E4696A3C",C:\Windows\System32\psr.exe,Medium,0x8000000000000000,Information,{f57bd86a-36f9-658c-7bf8-020000000000},0x2f87b,"Process Create:

RuleName: -

UtcTime: 2023-12-27 20:57:40.229

ProcessGuid: {f57bd86a-8fc4-658c-c801-000000000f00}

ProcessId: 4716

Image: C:\Windows\System32\psr.exe

FileVersion: 10.0.22621.2792 (WinBuild.160101.0800)

Description: Steps Recorder

Product: Microsoft® Windows® Operating System

Company: Microsoft Corporation

OriginalFileName: psr.exe

CommandLine: ""C:\Windows\system32\psr.exe""  /start /output c:\temp\T1113_desktop.zip /sc 1 /gui 0 /stopevent 12

CurrentDirectory: C:\Users\User\AppData\Local\Temp\

User: WINDEV2309EVAL\User

LogonGuid: {f57bd86a-36f9-658c-7bf8-020000000000}

LogonId: 0x2F87B

TerminalSessionId: 1

IntegrityLevel: Medium

Hashes: MD5=CDEE6978DE8050E0992F225B8DF1A043,SHA256=C0DBD6D861C9D94DE4AC406DF40E1791E5E546642B22912AECBDFF05DF233A01,IMPHASH=A0EDDB2CCE84BB38B4E283F8E4696A3C

ParentProcessGuid: {f57bd86a-8fc4-658c-c601-000000000f00}

ParentProcessId: 7768

ParentImage: C:\Windows\System32\cmd.exe

ParentCommandLine: ""C:\Windows\system32\cmd.exe"" /c start /b psr.exe /start /output c:\temp\T1113_desktop.zip /sc 1 /gui 0 /stopevent 12

ParentUser: WINDEV2309EVAL\User",Info,psr.exe,"""C:\Windows\system32\cmd.exe"" /c start /b psr.exe /start /output c:\temp\T1113_desktop.zip /sc 1 /gui 0 /stopevent 12",C:\Windows\System32\cmd.exe,{f57bd86a-8fc4-658c-c601-000000000f00},7768,WINDEV2309EVAL\User,{f57bd86a-8fc4-658c-c801-000000000f00},3588,4716,Microsoft® Windows® Operating System,,,,"
      ",-,2023-12-27T20:57:40.2309122Z,,Process Create (rule: ProcessCreate),1,5124,WINDEV2309EVAL\User,S-1-5-18,2023-12-27 20:57:40.229,5,"<Event xmlns=""http://schemas.microsoft.com/win/2004/08/events/event"">
    <System>
      <Provider Name=""Microsoft-Windows-Sysmon"" Guid=""{5770385f-c22a-43e0-bf4c-06f5698ffbd9}""/>
      <EventID>1</EventID>
      <Version>5</Version>
      <Level>4</Level>
      <Task>1</Task>
      <Opcode>0</Opcode>
      <Keywords>0x8000000000000000</Keywords>
      <TimeCreated SystemTime=""2023-12-27T20:57:40.2309122Z""/>
      <EventRecordID>19576</EventRecordID>
      <Correlation/>
      <Execution ProcessID=""3588"" ThreadID=""5124""/>
      <Channel>Microsoft-Windows-Sysmon/Operational</Channel>
      <Computer>WinDev2309Eval</Computer>
      <Security UserID=""S-1-5-18""/>
    </System>
    <EventData>
      <Data Name=""RuleName"">-</Data>
      <Data Name=""UtcTime"">2023-12-27 20:57:40.229</Data>
      <Data Name=""ProcessGuid"">{f57bd86a-8fc4-658c-c801-000000000f00}</Data>
      <Data Name=""ProcessId"">4716</Data>
      <Data Name=""Image"">C:\Windows\System32\psr.exe</Data>
      <Data Name=""FileVersion"">10.0.22621.2792 (WinBuild.160101.0800)</Data>
      <Data Name=""Description"">Steps Recorder</Data>
      <Data Name=""Product"">Microsoft&#174; Windows&#174; Operating System</Data>
      <Data Name=""Company"">Microsoft Corporation</Data>
      <Data Name=""OriginalFileName"">psr.exe</Data>
      <Data Name=""CommandLine"">""C:\Windows\system32\psr.exe""  /start /output c:\temp\T1113_desktop.zip /sc 1 /gui 0 /stopevent 12</Data>
      <Data Name=""CurrentDirectory"">C:\Users\User\AppData\Local\Temp\</Data>
      <Data Name=""User"">WINDEV2309EVAL\User</Data>
      <Data Name=""LogonGuid"">{f57bd86a-36f9-658c-7bf8-020000000000}</Data>
      <Data Name=""LogonId"">0x2f87b</Data>
      <Data Name=""TerminalSessionId"">1</Data>
      <Data Name=""IntegrityLevel"">Medium</Data>
      <Data Name=""Hashes"">MD5=CDEE6978DE8050E0992F225B8DF1A043,SHA256=C0DBD6D861C9D94DE4AC406DF40E1791E5E546642B22912AECBDFF05DF233A01,IMPHASH=A0EDDB2CCE84BB38B4E283F8E4696A3C</Data>
      <Data Name=""ParentProcessGuid"">{f57bd86a-8fc4-658c-c601-000000000f00}</Data>
      <Data Name=""ParentProcessId"">7768</Data>
      <Data Name=""ParentImage"">C:\Windows\System32\cmd.exe</Data>
      <Data Name=""ParentCommandLine"">""C:\Windows\system32\cmd.exe"" /c start /b psr.exe /start /output c:\temp\T1113_desktop.zip /sc 1 /gui 0 /stopevent 12</Data>
      <Data Name=""ParentUser"">WINDEV2309EVAL\User</Data>
    </EventData>
    <RenderingInfo Culture=""en-US"">
      <Message>Process Create:

RuleName: -

UtcTime: 2023-12-27 20:57:40.229

ProcessGuid: {f57bd86a-8fc4-658c-c801-000000000f00}

ProcessId: 4716

Image: C:\Windows\System32\psr.exe

FileVersion: 10.0.22621.2792 (WinBuild.160101.0800)

Description: Steps Recorder

Product: Microsoft&#174; Windows&#174; Operating System

Company: Microsoft Corporation

OriginalFileName: psr.exe

CommandLine: ""C:\Windows\system32\psr.exe""  /start /output c:\temp\T1113_desktop.zip /sc 1 /gui 0 /stopevent 12

CurrentDirectory: C:\Users\User\AppData\Local\Temp\

User: WINDEV2309EVAL\User

LogonGuid: {f57bd86a-36f9-658c-7bf8-020000000000}

LogonId: 0x2F87B

TerminalSessionId: 1

IntegrityLevel: Medium

Hashes: MD5=CDEE6978DE8050E0992F225B8DF1A043,SHA256=C0DBD6D861C9D94DE4AC406DF40E1791E5E546642B22912AECBDFF05DF233A01,IMPHASH=A0EDDB2CCE84BB38B4E283F8E4696A3C

ParentProcessGuid: {f57bd86a-8fc4-658c-c601-000000000f00}

ParentProcessId: 7768

ParentImage: C:\Windows\System32\cmd.exe

ParentCommandLine: ""C:\Windows\system32\cmd.exe"" /c start /b psr.exe /start /output c:\temp\T1113_desktop.zip /sc 1 /gui 0 /stopevent 12

ParentUser: WINDEV2309EVAL\User</Message>
      <Level>Information</Level>
      <Task>Process Create (rule: ProcessCreate)</Task>
      <Opcode>Info</Opcode>
    </RenderingInfo>
  </Event>
  
"
Microsoft-Windows-Sysmon/Operational,psr.exe  /start /output c:\temp\T1113_desktop.zip /sc 1 /gui 0 /stopevent 12,Microsoft Corporation,WinDev2309Eval,,C:\Users\User\AppData\Local\Temp\,Steps Recorder,1,19575,10.0.22621.2792 (WinBuild.160101.0800),"MD5=CDEE6978DE8050E0992F225B8DF1A043,SHA256=C0DBD6D861C9D94DE4AC406DF40E1791E5E546642B22912AECBDFF05DF233A01,IMPHASH=A0EDDB2CCE84BB38B4E283F8E4696A3C",C:\Windows\System32\psr.exe,Medium,0x8000000000000000,Information,{f57bd86a-36f9-658c-7bf8-020000000000},0x2f87b,"Process Create:

RuleName: -

UtcTime: 2023-12-27 20:57:40.130

ProcessGuid: {f57bd86a-8fc4-658c-c701-000000000f00}

ProcessId: 6292

Image: C:\Windows\System32\psr.exe

FileVersion: 10.0.22621.2792 (WinBuild.160101.0800)

Description: Steps Recorder

Product: Microsoft® Windows® Operating System

Company: Microsoft Corporation

OriginalFileName: psr.exe

CommandLine: psr.exe  /start /output c:\temp\T1113_desktop.zip /sc 1 /gui 0 /stopevent 12

CurrentDirectory: C:\Users\User\AppData\Local\Temp\

User: WINDEV2309EVAL\User

LogonGuid: {f57bd86a-36f9-658c-7bf8-020000000000}

LogonId: 0x2F87B

TerminalSessionId: 1

IntegrityLevel: Medium

Hashes: MD5=CDEE6978DE8050E0992F225B8DF1A043,SHA256=C0DBD6D861C9D94DE4AC406DF40E1791E5E546642B22912AECBDFF05DF233A01,IMPHASH=A0EDDB2CCE84BB38B4E283F8E4696A3C

ParentProcessGuid: {f57bd86a-8fc4-658c-c601-000000000f00}

ParentProcessId: 7768

ParentImage: C:\Windows\System32\cmd.exe

ParentCommandLine: ""C:\Windows\system32\cmd.exe"" /c start /b psr.exe /start /output c:\temp\T1113_desktop.zip /sc 1 /gui 0 /stopevent 12

ParentUser: WINDEV2309EVAL\User",Info,psr.exe,"""C:\Windows\system32\cmd.exe"" /c start /b psr.exe /start /output c:\temp\T1113_desktop.zip /sc 1 /gui 0 /stopevent 12",C:\Windows\System32\cmd.exe,{f57bd86a-8fc4-658c-c601-000000000f00},7768,WINDEV2309EVAL\User,{f57bd86a-8fc4-658c-c701-000000000f00},3588,6292,Microsoft® Windows® Operating System,,,,"
      ",-,2023-12-27T20:57:40.1459713Z,,Process Create (rule: ProcessCreate),1,5124,WINDEV2309EVAL\User,S-1-5-18,2023-12-27 20:57:40.130,5,"<Event xmlns=""http://schemas.microsoft.com/win/2004/08/events/event"">
    <System>
      <Provider Name=""Microsoft-Windows-Sysmon"" Guid=""{5770385f-c22a-43e0-bf4c-06f5698ffbd9}""/>
      <EventID>1</EventID>
      <Version>5</Version>
      <Level>4</Level>
      <Task>1</Task>
      <Opcode>0</Opcode>
      <Keywords>0x8000000000000000</Keywords>
      <TimeCreated SystemTime=""2023-12-27T20:57:40.1459713Z""/>
      <EventRecordID>19575</EventRecordID>
      <Correlation/>
      <Execution ProcessID=""3588"" ThreadID=""5124""/>
      <Channel>Microsoft-Windows-Sysmon/Operational</Channel>
      <Computer>WinDev2309Eval</Computer>
      <Security UserID=""S-1-5-18""/>
    </System>
    <EventData>
      <Data Name=""RuleName"">-</Data>
      <Data Name=""UtcTime"">2023-12-27 20:57:40.130</Data>
      <Data Name=""ProcessGuid"">{f57bd86a-8fc4-658c-c701-000000000f00}</Data>
      <Data Name=""ProcessId"">6292</Data>
      <Data Name=""Image"">C:\Windows\System32\psr.exe</Data>
      <Data Name=""FileVersion"">10.0.22621.2792 (WinBuild.160101.0800)</Data>
      <Data Name=""Description"">Steps Recorder</Data>
      <Data Name=""Product"">Microsoft&#174; Windows&#174; Operating System</Data>
      <Data Name=""Company"">Microsoft Corporation</Data>
      <Data Name=""OriginalFileName"">psr.exe</Data>
      <Data Name=""CommandLine"">psr.exe  /start /output c:\temp\T1113_desktop.zip /sc 1 /gui 0 /stopevent 12</Data>
      <Data Name=""CurrentDirectory"">C:\Users\User\AppData\Local\Temp\</Data>
      <Data Name=""User"">WINDEV2309EVAL\User</Data>
      <Data Name=""LogonGuid"">{f57bd86a-36f9-658c-7bf8-020000000000}</Data>
      <Data Name=""LogonId"">0x2f87b</Data>
      <Data Name=""TerminalSessionId"">1</Data>
      <Data Name=""IntegrityLevel"">Medium</Data>
      <Data Name=""Hashes"">MD5=CDEE6978DE8050E0992F225B8DF1A043,SHA256=C0DBD6D861C9D94DE4AC406DF40E1791E5E546642B22912AECBDFF05DF233A01,IMPHASH=A0EDDB2CCE84BB38B4E283F8E4696A3C</Data>
      <Data Name=""ParentProcessGuid"">{f57bd86a-8fc4-658c-c601-000000000f00}</Data>
      <Data Name=""ParentProcessId"">7768</Data>
      <Data Name=""ParentImage"">C:\Windows\System32\cmd.exe</Data>
      <Data Name=""ParentCommandLine"">""C:\Windows\system32\cmd.exe"" /c start /b psr.exe /start /output c:\temp\T1113_desktop.zip /sc 1 /gui 0 /stopevent 12</Data>
      <Data Name=""ParentUser"">WINDEV2309EVAL\User</Data>
    </EventData>
    <RenderingInfo Culture=""en-US"">
      <Message>Process Create:

RuleName: -

UtcTime: 2023-12-27 20:57:40.130

ProcessGuid: {f57bd86a-8fc4-658c-c701-000000000f00}

ProcessId: 6292

Image: C:\Windows\System32\psr.exe

FileVersion: 10.0.22621.2792 (WinBuild.160101.0800)

Description: Steps Recorder

Product: Microsoft&#174; Windows&#174; Operating System

Company: Microsoft Corporation

OriginalFileName: psr.exe

CommandLine: psr.exe  /start /output c:\temp\T1113_desktop.zip /sc 1 /gui 0 /stopevent 12

CurrentDirectory: C:\Users\User\AppData\Local\Temp\

User: WINDEV2309EVAL\User

LogonGuid: {f57bd86a-36f9-658c-7bf8-020000000000}

LogonId: 0x2F87B

TerminalSessionId: 1

IntegrityLevel: Medium

Hashes: MD5=CDEE6978DE8050E0992F225B8DF1A043,SHA256=C0DBD6D861C9D94DE4AC406DF40E1791E5E546642B22912AECBDFF05DF233A01,IMPHASH=A0EDDB2CCE84BB38B4E283F8E4696A3C

ParentProcessGuid: {f57bd86a-8fc4-658c-c601-000000000f00}

ParentProcessId: 7768

ParentImage: C:\Windows\System32\cmd.exe

ParentCommandLine: ""C:\Windows\system32\cmd.exe"" /c start /b psr.exe /start /output c:\temp\T1113_desktop.zip /sc 1 /gui 0 /stopevent 12

ParentUser: WINDEV2309EVAL\User</Message>
      <Level>Information</Level>
      <Task>Process Create (rule: ProcessCreate)</Task>
      <Opcode>Info</Opcode>
    </RenderingInfo>
  </Event>
  
"
Microsoft-Windows-Sysmon/Operational,"""C:\Windows\system32\cmd.exe"" /c start /b psr.exe /start /output c:\temp\T1113_desktop.zip /sc 1 /gui 0 /stopevent 12",Microsoft Corporation,WinDev2309Eval,,C:\Users\User\AppData\Local\Temp\,Windows Command Processor,1,19574,10.0.22621.2506 (WinBuild.160101.0800),"MD5=133D568ECCB557E37BEA1459521CBAC2,SHA256=05A30592D2C3421C41121145C6EEFA7C81FEA6B42D6233A522240A8468326B9C,IMPHASH=D73E39DAB3C8B57AA408073D01254964",C:\Windows\System32\cmd.exe,Medium,0x8000000000000000,Information,{f57bd86a-36f9-658c-7bf8-020000000000},0x2f87b,"Process Create:

RuleName: -

UtcTime: 2023-12-27 20:57:40.120

ProcessGuid: {f57bd86a-8fc4-658c-c601-000000000f00}

ProcessId: 7768

Image: C:\Windows\System32\cmd.exe

FileVersion: 10.0.22621.2506 (WinBuild.160101.0800)

Description: Windows Command Processor

Product: Microsoft® Windows® Operating System

Company: Microsoft Corporation

OriginalFileName: Cmd.Exe

CommandLine: ""C:\Windows\system32\cmd.exe"" /c start /b psr.exe /start /output c:\temp\T1113_desktop.zip /sc 1 /gui 0 /stopevent 12

CurrentDirectory: C:\Users\User\AppData\Local\Temp\

User: WINDEV2309EVAL\User

LogonGuid: {f57bd86a-36f9-658c-7bf8-020000000000}

LogonId: 0x2F87B

TerminalSessionId: 1

IntegrityLevel: Medium

Hashes: MD5=133D568ECCB557E37BEA1459521CBAC2,SHA256=05A30592D2C3421C41121145C6EEFA7C81FEA6B42D6233A522240A8468326B9C,IMPHASH=D73E39DAB3C8B57AA408073D01254964

ParentProcessGuid: {f57bd86a-8fc2-658c-c401-000000000f00}

ParentProcessId: 4368

ParentImage: C:\Windows\System32\WindowsPowerShell\v1.0\powershell.exe

ParentCommandLine: ""powershell.exe"" & {cmd /c start /b psr.exe /start /output c:\temp\T1113_desktop.zip /sc 1 /gui 0 /stopevent 12
Add-Type -MemberDefinition '[DllImport(\""""user32.dll\"""")] public static extern void mouse_event(int flags, int dx, int dy, int cButtons, int info);' -Name U32 -Namespace W;
[W.U32]::mouse_event(0x02 -bor 0x04 -bor 0x01, 0, 0, 0, 0);
cmd /c \""""timeout 5 > NULL && psr.exe /stop\""""}

ParentUser: WINDEV2309EVAL\User",Info,Cmd.Exe,"""powershell.exe"" & {cmd /c start /b psr.exe /start /output c:\temp\T1113_desktop.zip /sc 1 /gui 0 /stopevent 12
Add-Type -MemberDefinition '[DllImport(\""""user32.dll\"""")] public static extern void mouse_event(int flags, int dx, int dy, int cButtons, int info);' -Name U32 -Namespace W;
[W.U32]::mouse_event(0x02 -bor 0x04 -bor 0x01, 0, 0, 0, 0);
cmd /c \""""timeout 5 > NULL && psr.exe /stop\""""}",C:\Windows\System32\WindowsPowerShell\v1.0\powershell.exe,{f57bd86a-8fc2-658c-c401-000000000f00},4368,WINDEV2309EVAL\User,{f57bd86a-8fc4-658c-c601-000000000f00},3588,7768,Microsoft® Windows® Operating System,,,,"
      ",-,2023-12-27T20:57:40.1220427Z,,Process Create (rule: ProcessCreate),1,5124,WINDEV2309EVAL\User,S-1-5-18,2023-12-27 20:57:40.120,5,"<Event xmlns=""http://schemas.microsoft.com/win/2004/08/events/event"">
    <System>
      <Provider Name=""Microsoft-Windows-Sysmon"" Guid=""{5770385f-c22a-43e0-bf4c-06f5698ffbd9}""/>
      <EventID>1</EventID>
      <Version>5</Version>
      <Level>4</Level>
      <Task>1</Task>
      <Opcode>0</Opcode>
      <Keywords>0x8000000000000000</Keywords>
      <TimeCreated SystemTime=""2023-12-27T20:57:40.1220427Z""/>
      <EventRecordID>19574</EventRecordID>
      <Correlation/>
      <Execution ProcessID=""3588"" ThreadID=""5124""/>
      <Channel>Microsoft-Windows-Sysmon/Operational</Channel>
      <Computer>WinDev2309Eval</Computer>
      <Security UserID=""S-1-5-18""/>
    </System>
    <EventData>
      <Data Name=""RuleName"">-</Data>
      <Data Name=""UtcTime"">2023-12-27 20:57:40.120</Data>
      <Data Name=""ProcessGuid"">{f57bd86a-8fc4-658c-c601-000000000f00}</Data>
      <Data Name=""ProcessId"">7768</Data>
      <Data Name=""Image"">C:\Windows\System32\cmd.exe</Data>
      <Data Name=""FileVersion"">10.0.22621.2506 (WinBuild.160101.0800)</Data>
      <Data Name=""Description"">Windows Command Processor</Data>
      <Data Name=""Product"">Microsoft&#174; Windows&#174; Operating System</Data>
      <Data Name=""Company"">Microsoft Corporation</Data>
      <Data Name=""OriginalFileName"">Cmd.Exe</Data>
      <Data Name=""CommandLine"">""C:\Windows\system32\cmd.exe"" /c start /b psr.exe /start /output c:\temp\T1113_desktop.zip /sc 1 /gui 0 /stopevent 12</Data>
      <Data Name=""CurrentDirectory"">C:\Users\User\AppData\Local\Temp\</Data>
      <Data Name=""User"">WINDEV2309EVAL\User</Data>
      <Data Name=""LogonGuid"">{f57bd86a-36f9-658c-7bf8-020000000000}</Data>
      <Data Name=""LogonId"">0x2f87b</Data>
      <Data Name=""TerminalSessionId"">1</Data>
      <Data Name=""IntegrityLevel"">Medium</Data>
      <Data Name=""Hashes"">MD5=133D568ECCB557E37BEA1459521CBAC2,SHA256=05A30592D2C3421C41121145C6EEFA7C81FEA6B42D6233A522240A8468326B9C,IMPHASH=D73E39DAB3C8B57AA408073D01254964</Data>
      <Data Name=""ParentProcessGuid"">{f57bd86a-8fc2-658c-c401-000000000f00}</Data>
      <Data Name=""ParentProcessId"">4368</Data>
      <Data Name=""ParentImage"">C:\Windows\System32\WindowsPowerShell\v1.0\powershell.exe</Data>
      <Data Name=""ParentCommandLine"">""powershell.exe"" &amp; {cmd /c start /b psr.exe /start /output c:\temp\T1113_desktop.zip /sc 1 /gui 0 /stopevent 12
Add-Type -MemberDefinition '[DllImport(\""""user32.dll\"""")] public static extern void mouse_event(int flags, int dx, int dy, int cButtons, int info);' -Name U32 -Namespace W;
[W.U32]::mouse_event(0x02 -bor 0x04 -bor 0x01, 0, 0, 0, 0);
cmd /c \""""timeout 5 &gt; NULL &amp;&amp; psr.exe /stop\""""}</Data>
      <Data Name=""ParentUser"">WINDEV2309EVAL\User</Data>
    </EventData>
    <RenderingInfo Culture=""en-US"">
      <Message>Process Create:

RuleName: -

UtcTime: 2023-12-27 20:57:40.120

ProcessGuid: {f57bd86a-8fc4-658c-c601-000000000f00}

ProcessId: 7768

Image: C:\Windows\System32\cmd.exe

FileVersion: 10.0.22621.2506 (WinBuild.160101.0800)

Description: Windows Command Processor

Product: Microsoft&#174; Windows&#174; Operating System

Company: Microsoft Corporation

OriginalFileName: Cmd.Exe

CommandLine: ""C:\Windows\system32\cmd.exe"" /c start /b psr.exe /start /output c:\temp\T1113_desktop.zip /sc 1 /gui 0 /stopevent 12

CurrentDirectory: C:\Users\User\AppData\Local\Temp\

User: WINDEV2309EVAL\User

LogonGuid: {f57bd86a-36f9-658c-7bf8-020000000000}

LogonId: 0x2F87B

TerminalSessionId: 1

IntegrityLevel: Medium

Hashes: MD5=133D568ECCB557E37BEA1459521CBAC2,SHA256=05A30592D2C3421C41121145C6EEFA7C81FEA6B42D6233A522240A8468326B9C,IMPHASH=D73E39DAB3C8B57AA408073D01254964

ParentProcessGuid: {f57bd86a-8fc2-658c-c401-000000000f00}

ParentProcessId: 4368

ParentImage: C:\Windows\System32\WindowsPowerShell\v1.0\powershell.exe

ParentCommandLine: ""powershell.exe"" &amp; {cmd /c start /b psr.exe /start /output c:\temp\T1113_desktop.zip /sc 1 /gui 0 /stopevent 12
Add-Type -MemberDefinition '[DllImport(\""""user32.dll\"""")] public static extern void mouse_event(int flags, int dx, int dy, int cButtons, int info);' -Name U32 -Namespace W;
[W.U32]::mouse_event(0x02 -bor 0x04 -bor 0x01, 0, 0, 0, 0);
cmd /c \""""timeout 5 &gt; NULL &amp;&amp; psr.exe /stop\""""}

ParentUser: WINDEV2309EVAL\User</Message>
      <Level>Information</Level>
      <Task>Process Create (rule: ProcessCreate)</Task>
      <Opcode>Info</Opcode>
    </RenderingInfo>
  </Event>
  
"
