Microsoft-Windows-Sysmon/Operational,"""C:\Windows\Microsoft.NET\Framework\v4.0.30319\csc.exe"" /noconfig /fullpaths @""C:\Users\User\AppData\Local\Temp\pd40d5sm.cmdline""",Microsoft Corporation,WinDev2309Eval,,C:\AtomicRedTeam\atomics\T1127.001\src\,Visual C# Command Line Compiler,,1,19581,,4.8.9032.0 built by: NET481REL1,"MD5=62192216CE5BA62C44297544C18A48C0,SHA256=34E102F9AD249B343099913CF4EEA2334DECFAF0529314DE256EEFE77D04212B,IMPHASH=E71FED45B53EFEB0043B037EB03A1D12",C:\Windows\Microsoft.NET\Framework\v4.0.30319\csc.exe,Medium,0x8000000000000000,4,{f57bd86a-36f9-658c-7bf8-020000000000},0x2f87b,0,csc.exe,"C:\Windows\Microsoft.NET\Framework\v4.0.30319\msbuild.exe  ""C:\AtomicRedTeam\atomics\T1127.001\src\T1127.001.csproj""",C:\Windows\Microsoft.NET\Framework\v4.0.30319\MSBuild.exe,{f57bd86a-9614-658c-c601-000000000f00},11244,WINDEV2309EVAL\User,{f57bd86a-9615-658c-c901-000000000f00},3588,3660,Microsoft® .NET Framework,,,,-,2023-12-27T21:24:37.7923699Z,,,1,1,5124,WINDEV2309EVAL\User,S-1-5-18,2023-12-27 21:24:37.791,5,"<Event xmlns=""http://schemas.microsoft.com/win/2004/08/events/event"">
    <System>
      <Provider Name=""Microsoft-Windows-Sysmon"" Guid=""{5770385f-c22a-43e0-bf4c-06f5698ffbd9}""/>
      <EventID>1</EventID>
      <Version>5</Version>
      <Level>4</Level>
      <Task>1</Task>
      <Opcode>0</Opcode>
      <Keywords>0x8000000000000000</Keywords>
      <TimeCreated SystemTime=""2023-12-27T21:24:37.7923699Z""/>
      <EventRecordID>19581</EventRecordID>
      <Correlation/>
      <Execution ProcessID=""3588"" ThreadID=""5124""/>
      <Channel>Microsoft-Windows-Sysmon/Operational</Channel>
      <Computer>WinDev2309Eval</Computer>
      <Security UserID=""S-1-5-18""/>
    </System>
    <EventData>
      <Data Name=""RuleName"">-</Data>
      <Data Name=""UtcTime"">2023-12-27 21:24:37.791</Data>
      <Data Name=""ProcessGuid"">{f57bd86a-9615-658c-c901-000000000f00}</Data>
      <Data Name=""ProcessId"">3660</Data>
      <Data Name=""Image"">C:\Windows\Microsoft.NET\Framework\v4.0.30319\csc.exe</Data>
      <Data Name=""FileVersion"">4.8.9032.0 built by: NET481REL1</Data>
      <Data Name=""Description"">Visual C# Command Line Compiler</Data>
      <Data Name=""Product"">Microsoft&#174; .NET Framework</Data>
      <Data Name=""Company"">Microsoft Corporation</Data>
      <Data Name=""OriginalFileName"">csc.exe</Data>
      <Data Name=""CommandLine"">""C:\Windows\Microsoft.NET\Framework\v4.0.30319\csc.exe"" /noconfig /fullpaths @""C:\Users\User\AppData\Local\Temp\pd40d5sm.cmdline""</Data>
      <Data Name=""CurrentDirectory"">C:\AtomicRedTeam\atomics\T1127.001\src\</Data>
      <Data Name=""User"">WINDEV2309EVAL\User</Data>
      <Data Name=""LogonGuid"">{f57bd86a-36f9-658c-7bf8-020000000000}</Data>
      <Data Name=""LogonId"">0x2f87b</Data>
      <Data Name=""TerminalSessionId"">1</Data>
      <Data Name=""IntegrityLevel"">Medium</Data>
      <Data Name=""Hashes"">MD5=62192216CE5BA62C44297544C18A48C0,SHA256=34E102F9AD249B343099913CF4EEA2334DECFAF0529314DE256EEFE77D04212B,IMPHASH=E71FED45B53EFEB0043B037EB03A1D12</Data>
      <Data Name=""ParentProcessGuid"">{f57bd86a-9614-658c-c601-000000000f00}</Data>
      <Data Name=""ParentProcessId"">11244</Data>
      <Data Name=""ParentImage"">C:\Windows\Microsoft.NET\Framework\v4.0.30319\MSBuild.exe</Data>
      <Data Name=""ParentCommandLine"">C:\Windows\Microsoft.NET\Framework\v4.0.30319\msbuild.exe  ""C:\AtomicRedTeam\atomics\T1127.001\src\T1127.001.csproj""</Data>
      <Data Name=""ParentUser"">WINDEV2309EVAL\User</Data>
    </EventData>
  </Event>
  
"
Microsoft-Windows-Sysmon/Operational,,,WinDev2309Eval,2023-12-27 21:24:37.775,,,,11,19580,,,,C:\Windows\Microsoft.NET\Framework\v4.0.30319\MSBuild.exe,,0x8000000000000000,4,,,0,,,,,,,{f57bd86a-9614-658c-c601-000000000f00},3588,11244,,,,,-,2023-12-27T21:24:37.7899132Z,C:\Users\User\AppData\Local\Temp\pd40d5sm.cmdline,,11,,5124,WINDEV2309EVAL\User,S-1-5-18,2023-12-27 21:24:37.775,2,"<Event xmlns=""http://schemas.microsoft.com/win/2004/08/events/event"">
    <System>
      <Provider Name=""Microsoft-Windows-Sysmon"" Guid=""{5770385f-c22a-43e0-bf4c-06f5698ffbd9}""/>
      <EventID>11</EventID>
      <Version>2</Version>
      <Level>4</Level>
      <Task>11</Task>
      <Opcode>0</Opcode>
      <Keywords>0x8000000000000000</Keywords>
      <TimeCreated SystemTime=""2023-12-27T21:24:37.7899132Z""/>
      <EventRecordID>19580</EventRecordID>
      <Correlation/>
      <Execution ProcessID=""3588"" ThreadID=""5124""/>
      <Channel>Microsoft-Windows-Sysmon/Operational</Channel>
      <Computer>WinDev2309Eval</Computer>
      <Security UserID=""S-1-5-18""/>
    </System>
    <EventData>
      <Data Name=""RuleName"">-</Data>
      <Data Name=""UtcTime"">2023-12-27 21:24:37.775</Data>
      <Data Name=""ProcessGuid"">{f57bd86a-9614-658c-c601-000000000f00}</Data>
      <Data Name=""ProcessId"">11244</Data>
      <Data Name=""Image"">C:\Windows\Microsoft.NET\Framework\v4.0.30319\MSBuild.exe</Data>
      <Data Name=""TargetFilename"">C:\Users\User\AppData\Local\Temp\pd40d5sm.cmdline</Data>
      <Data Name=""CreationUtcTime"">2023-12-27 21:24:37.775</Data>
      <Data Name=""User"">WINDEV2309EVAL\User</Data>
    </EventData>
  </Event>
  
"
Microsoft-Windows-Sysmon/Operational,,,WinDev2309Eval,2023-12-27 21:24:37.775,,,,11,19579,,,,C:\Windows\Microsoft.NET\Framework\v4.0.30319\MSBuild.exe,,0x8000000000000000,4,,,0,,,,,,,{f57bd86a-9614-658c-c601-000000000f00},3588,11244,,,,,DLL,2023-12-27T21:24:37.7896137Z,C:\Users\User\AppData\Local\Temp\pd40d5sm.dll,,11,,5124,WINDEV2309EVAL\User,S-1-5-18,2023-12-27 21:24:37.775,2,"<Event xmlns=""http://schemas.microsoft.com/win/2004/08/events/event"">
    <System>
      <Provider Name=""Microsoft-Windows-Sysmon"" Guid=""{5770385f-c22a-43e0-bf4c-06f5698ffbd9}""/>
      <EventID>11</EventID>
      <Version>2</Version>
      <Level>4</Level>
      <Task>11</Task>
      <Opcode>0</Opcode>
      <Keywords>0x8000000000000000</Keywords>
      <TimeCreated SystemTime=""2023-12-27T21:24:37.7896137Z""/>
      <EventRecordID>19579</EventRecordID>
      <Correlation/>
      <Execution ProcessID=""3588"" ThreadID=""5124""/>
      <Channel>Microsoft-Windows-Sysmon/Operational</Channel>
      <Computer>WinDev2309Eval</Computer>
      <Security UserID=""S-1-5-18""/>
    </System>
    <EventData>
      <Data Name=""RuleName"">DLL</Data>
      <Data Name=""UtcTime"">2023-12-27 21:24:37.775</Data>
      <Data Name=""ProcessGuid"">{f57bd86a-9614-658c-c601-000000000f00}</Data>
      <Data Name=""ProcessId"">11244</Data>
      <Data Name=""Image"">C:\Windows\Microsoft.NET\Framework\v4.0.30319\MSBuild.exe</Data>
      <Data Name=""TargetFilename"">C:\Users\User\AppData\Local\Temp\pd40d5sm.dll</Data>
      <Data Name=""CreationUtcTime"">2023-12-27 21:24:37.775</Data>
      <Data Name=""User"">WINDEV2309EVAL\User</Data>
    </EventData>
  </Event>
  
"
Microsoft-Windows-Sysmon/Operational,,,WinDev2309Eval,2023-12-27 21:24:37.218,,,,11,19578,,,,C:\Windows\Microsoft.NET\Framework\v4.0.30319\csc.exe,,0x8000000000000000,4,,,0,,,,,,,{f57bd86a-9615-658c-c701-000000000f00},3588,1092,,,,,DLL,2023-12-27T21:24:37.7050389Z,C:\Users\User\AppData\Local\Temp\1xrychsy.dll,,11,,5124,WINDEV2309EVAL\User,S-1-5-18,2023-12-27 21:24:37.695,2,"<Event xmlns=""http://schemas.microsoft.com/win/2004/08/events/event"">
    <System>
      <Provider Name=""Microsoft-Windows-Sysmon"" Guid=""{5770385f-c22a-43e0-bf4c-06f5698ffbd9}""/>
      <EventID>11</EventID>
      <Version>2</Version>
      <Level>4</Level>
      <Task>11</Task>
      <Opcode>0</Opcode>
      <Keywords>0x8000000000000000</Keywords>
      <TimeCreated SystemTime=""2023-12-27T21:24:37.7050389Z""/>
      <EventRecordID>19578</EventRecordID>
      <Correlation/>
      <Execution ProcessID=""3588"" ThreadID=""5124""/>
      <Channel>Microsoft-Windows-Sysmon/Operational</Channel>
      <Computer>WinDev2309Eval</Computer>
      <Security UserID=""S-1-5-18""/>
    </System>
    <EventData>
      <Data Name=""RuleName"">DLL</Data>
      <Data Name=""UtcTime"">2023-12-27 21:24:37.695</Data>
      <Data Name=""ProcessGuid"">{f57bd86a-9615-658c-c701-000000000f00}</Data>
      <Data Name=""ProcessId"">1092</Data>
      <Data Name=""Image"">C:\Windows\Microsoft.NET\Framework\v4.0.30319\csc.exe</Data>
      <Data Name=""TargetFilename"">C:\Users\User\AppData\Local\Temp\1xrychsy.dll</Data>
      <Data Name=""CreationUtcTime"">2023-12-27 21:24:37.218</Data>
      <Data Name=""User"">WINDEV2309EVAL\User</Data>
    </EventData>
  </Event>
  
"
Microsoft-Windows-Sysmon/Operational,"C:\Windows\Microsoft.NET\Framework\v4.0.30319\cvtres.exe /NOLOGO /READONLY /MACHINE:IX86 ""/OUT:C:\Users\User\AppData\Local\Temp\RES5828.tmp"" ""c:\Users\User\AppData\Local\Temp\CSCAADA0F4DDCAC4A76BDA090A529C99414.TMP""",Microsoft Corporation,WinDev2309Eval,,C:\AtomicRedTeam\atomics\T1127.001\src\,Microsoft® Resource File To COFF Object Conversion Utility,,1,19577,,14.32.31326.0,"MD5=44B91F024D116BDAD06F236C8EEDCB42,SHA256=D87971E7479DEEE3F54CDBE3522EE606C346991155B9A63B10C6789BB6D19192,IMPHASH=044A5794DF3749EEC2D2F845066C10CC",C:\Windows\Microsoft.NET\Framework\v4.0.30319\cvtres.exe,Medium,0x8000000000000000,4,{f57bd86a-36f9-658c-7bf8-020000000000},0x2f87b,0,CVTRES.EXE,"""C:\Windows\Microsoft.NET\Framework\v4.0.30319\csc.exe"" /noconfig /fullpaths @""C:\Users\User\AppData\Local\Temp\1xrychsy.cmdline""",C:\Windows\Microsoft.NET\Framework\v4.0.30319\csc.exe,{f57bd86a-9615-658c-c701-000000000f00},1092,WINDEV2309EVAL\User,{f57bd86a-9615-658c-c801-000000000f00},3588,10068,Microsoft® .NET Framework,,,,-,2023-12-27T21:24:37.6886530Z,,,1,1,5124,WINDEV2309EVAL\User,S-1-5-18,2023-12-27 21:24:37.687,5,"<Event xmlns=""http://schemas.microsoft.com/win/2004/08/events/event"">
    <System>
      <Provider Name=""Microsoft-Windows-Sysmon"" Guid=""{5770385f-c22a-43e0-bf4c-06f5698ffbd9}""/>
      <EventID>1</EventID>
      <Version>5</Version>
      <Level>4</Level>
      <Task>1</Task>
      <Opcode>0</Opcode>
      <Keywords>0x8000000000000000</Keywords>
      <TimeCreated SystemTime=""2023-12-27T21:24:37.6886530Z""/>
      <EventRecordID>19577</EventRecordID>
      <Correlation/>
      <Execution ProcessID=""3588"" ThreadID=""5124""/>
      <Channel>Microsoft-Windows-Sysmon/Operational</Channel>
      <Computer>WinDev2309Eval</Computer>
      <Security UserID=""S-1-5-18""/>
    </System>
    <EventData>
      <Data Name=""RuleName"">-</Data>
      <Data Name=""UtcTime"">2023-12-27 21:24:37.687</Data>
      <Data Name=""ProcessGuid"">{f57bd86a-9615-658c-c801-000000000f00}</Data>
      <Data Name=""ProcessId"">10068</Data>
      <Data Name=""Image"">C:\Windows\Microsoft.NET\Framework\v4.0.30319\cvtres.exe</Data>
      <Data Name=""FileVersion"">14.32.31326.0</Data>
      <Data Name=""Description"">Microsoft&#174; Resource File To COFF Object Conversion Utility</Data>
      <Data Name=""Product"">Microsoft&#174; .NET Framework</Data>
      <Data Name=""Company"">Microsoft Corporation</Data>
      <Data Name=""OriginalFileName"">CVTRES.EXE</Data>
      <Data Name=""CommandLine"">C:\Windows\Microsoft.NET\Framework\v4.0.30319\cvtres.exe /NOLOGO /READONLY /MACHINE:IX86 ""/OUT:C:\Users\User\AppData\Local\Temp\RES5828.tmp"" ""c:\Users\User\AppData\Local\Temp\CSCAADA0F4DDCAC4A76BDA090A529C99414.TMP""</Data>
      <Data Name=""CurrentDirectory"">C:\AtomicRedTeam\atomics\T1127.001\src\</Data>
      <Data Name=""User"">WINDEV2309EVAL\User</Data>
      <Data Name=""LogonGuid"">{f57bd86a-36f9-658c-7bf8-020000000000}</Data>
      <Data Name=""LogonId"">0x2f87b</Data>
      <Data Name=""TerminalSessionId"">1</Data>
      <Data Name=""IntegrityLevel"">Medium</Data>
      <Data Name=""Hashes"">MD5=44B91F024D116BDAD06F236C8EEDCB42,SHA256=D87971E7479DEEE3F54CDBE3522EE606C346991155B9A63B10C6789BB6D19192,IMPHASH=044A5794DF3749EEC2D2F845066C10CC</Data>
      <Data Name=""ParentProcessGuid"">{f57bd86a-9615-658c-c701-000000000f00}</Data>
      <Data Name=""ParentProcessId"">1092</Data>
      <Data Name=""ParentImage"">C:\Windows\Microsoft.NET\Framework\v4.0.30319\csc.exe</Data>
      <Data Name=""ParentCommandLine"">""C:\Windows\Microsoft.NET\Framework\v4.0.30319\csc.exe"" /noconfig /fullpaths @""C:\Users\User\AppData\Local\Temp\1xrychsy.cmdline""</Data>
      <Data Name=""ParentUser"">WINDEV2309EVAL\User</Data>
    </EventData>
  </Event>
  
"
Microsoft-Windows-Sysmon/Operational,"""C:\Windows\Microsoft.NET\Framework\v4.0.30319\csc.exe"" /noconfig /fullpaths @""C:\Users\User\AppData\Local\Temp\1xrychsy.cmdline""",Microsoft Corporation,WinDev2309Eval,,C:\AtomicRedTeam\atomics\T1127.001\src\,Visual C# Command Line Compiler,,1,19576,,4.8.9032.0 built by: NET481REL1,"MD5=62192216CE5BA62C44297544C18A48C0,SHA256=34E102F9AD249B343099913CF4EEA2334DECFAF0529314DE256EEFE77D04212B,IMPHASH=E71FED45B53EFEB0043B037EB03A1D12",C:\Windows\Microsoft.NET\Framework\v4.0.30319\csc.exe,Medium,0x8000000000000000,4,{f57bd86a-36f9-658c-7bf8-020000000000},0x2f87b,0,csc.exe,"C:\Windows\Microsoft.NET\Framework\v4.0.30319\msbuild.exe  ""C:\AtomicRedTeam\atomics\T1127.001\src\T1127.001.csproj""",C:\Windows\Microsoft.NET\Framework\v4.0.30319\MSBuild.exe,{f57bd86a-9614-658c-c601-000000000f00},11244,WINDEV2309EVAL\User,{f57bd86a-9615-658c-c701-000000000f00},3588,1092,Microsoft® .NET Framework,,,,-,2023-12-27T21:24:37.4275237Z,,,1,1,5124,WINDEV2309EVAL\User,S-1-5-18,2023-12-27 21:24:37.414,5,"<Event xmlns=""http://schemas.microsoft.com/win/2004/08/events/event"">
    <System>
      <Provider Name=""Microsoft-Windows-Sysmon"" Guid=""{5770385f-c22a-43e0-bf4c-06f5698ffbd9}""/>
      <EventID>1</EventID>
      <Version>5</Version>
      <Level>4</Level>
      <Task>1</Task>
      <Opcode>0</Opcode>
      <Keywords>0x8000000000000000</Keywords>
      <TimeCreated SystemTime=""2023-12-27T21:24:37.4275237Z""/>
      <EventRecordID>19576</EventRecordID>
      <Correlation/>
      <Execution ProcessID=""3588"" ThreadID=""5124""/>
      <Channel>Microsoft-Windows-Sysmon/Operational</Channel>
      <Computer>WinDev2309Eval</Computer>
      <Security UserID=""S-1-5-18""/>
    </System>
    <EventData>
      <Data Name=""RuleName"">-</Data>
      <Data Name=""UtcTime"">2023-12-27 21:24:37.414</Data>
      <Data Name=""ProcessGuid"">{f57bd86a-9615-658c-c701-000000000f00}</Data>
      <Data Name=""ProcessId"">1092</Data>
      <Data Name=""Image"">C:\Windows\Microsoft.NET\Framework\v4.0.30319\csc.exe</Data>
      <Data Name=""FileVersion"">4.8.9032.0 built by: NET481REL1</Data>
      <Data Name=""Description"">Visual C# Command Line Compiler</Data>
      <Data Name=""Product"">Microsoft&#174; .NET Framework</Data>
      <Data Name=""Company"">Microsoft Corporation</Data>
      <Data Name=""OriginalFileName"">csc.exe</Data>
      <Data Name=""CommandLine"">""C:\Windows\Microsoft.NET\Framework\v4.0.30319\csc.exe"" /noconfig /fullpaths @""C:\Users\User\AppData\Local\Temp\1xrychsy.cmdline""</Data>
      <Data Name=""CurrentDirectory"">C:\AtomicRedTeam\atomics\T1127.001\src\</Data>
      <Data Name=""User"">WINDEV2309EVAL\User</Data>
      <Data Name=""LogonGuid"">{f57bd86a-36f9-658c-7bf8-020000000000}</Data>
      <Data Name=""LogonId"">0x2f87b</Data>
      <Data Name=""TerminalSessionId"">1</Data>
      <Data Name=""IntegrityLevel"">Medium</Data>
      <Data Name=""Hashes"">MD5=62192216CE5BA62C44297544C18A48C0,SHA256=34E102F9AD249B343099913CF4EEA2334DECFAF0529314DE256EEFE77D04212B,IMPHASH=E71FED45B53EFEB0043B037EB03A1D12</Data>
      <Data Name=""ParentProcessGuid"">{f57bd86a-9614-658c-c601-000000000f00}</Data>
      <Data Name=""ParentProcessId"">11244</Data>
      <Data Name=""ParentImage"">C:\Windows\Microsoft.NET\Framework\v4.0.30319\MSBuild.exe</Data>
      <Data Name=""ParentCommandLine"">C:\Windows\Microsoft.NET\Framework\v4.0.30319\msbuild.exe  ""C:\AtomicRedTeam\atomics\T1127.001\src\T1127.001.csproj""</Data>
      <Data Name=""ParentUser"">WINDEV2309EVAL\User</Data>
    </EventData>
  </Event>
  
"
Microsoft-Windows-Sysmon/Operational,,,WinDev2309Eval,2023-12-27 21:24:37.218,,,,11,19575,,,,C:\Windows\Microsoft.NET\Framework\v4.0.30319\MSBuild.exe,,0x8000000000000000,4,,,0,,,,,,,{f57bd86a-9614-658c-c601-000000000f00},3588,11244,,,,,-,2023-12-27T21:24:37.2328161Z,C:\Users\User\AppData\Local\Temp\1xrychsy.cmdline,,11,,5124,WINDEV2309EVAL\User,S-1-5-18,2023-12-27 21:24:37.218,2,"<Event xmlns=""http://schemas.microsoft.com/win/2004/08/events/event"">
    <System>
      <Provider Name=""Microsoft-Windows-Sysmon"" Guid=""{5770385f-c22a-43e0-bf4c-06f5698ffbd9}""/>
      <EventID>11</EventID>
      <Version>2</Version>
      <Level>4</Level>
      <Task>11</Task>
      <Opcode>0</Opcode>
      <Keywords>0x8000000000000000</Keywords>
      <TimeCreated SystemTime=""2023-12-27T21:24:37.2328161Z""/>
      <EventRecordID>19575</EventRecordID>
      <Correlation/>
      <Execution ProcessID=""3588"" ThreadID=""5124""/>
      <Channel>Microsoft-Windows-Sysmon/Operational</Channel>
      <Computer>WinDev2309Eval</Computer>
      <Security UserID=""S-1-5-18""/>
    </System>
    <EventData>
      <Data Name=""RuleName"">-</Data>
      <Data Name=""UtcTime"">2023-12-27 21:24:37.218</Data>
      <Data Name=""ProcessGuid"">{f57bd86a-9614-658c-c601-000000000f00}</Data>
      <Data Name=""ProcessId"">11244</Data>
      <Data Name=""Image"">C:\Windows\Microsoft.NET\Framework\v4.0.30319\MSBuild.exe</Data>
      <Data Name=""TargetFilename"">C:\Users\User\AppData\Local\Temp\1xrychsy.cmdline</Data>
      <Data Name=""CreationUtcTime"">2023-12-27 21:24:37.218</Data>
      <Data Name=""User"">WINDEV2309EVAL\User</Data>
    </EventData>
  </Event>
  
"
Microsoft-Windows-Sysmon/Operational,,,WinDev2309Eval,2023-12-27 21:24:37.218,,,,11,19574,,,,C:\Windows\Microsoft.NET\Framework\v4.0.30319\MSBuild.exe,,0x8000000000000000,4,,,0,,,,,,,{f57bd86a-9614-658c-c601-000000000f00},3588,11244,,,,,DLL,2023-12-27T21:24:37.2315360Z,C:\Users\User\AppData\Local\Temp\1xrychsy.dll,,11,,5124,WINDEV2309EVAL\User,S-1-5-18,2023-12-27 21:24:37.218,2,"<Event xmlns=""http://schemas.microsoft.com/win/2004/08/events/event"">
    <System>
      <Provider Name=""Microsoft-Windows-Sysmon"" Guid=""{5770385f-c22a-43e0-bf4c-06f5698ffbd9}""/>
      <EventID>11</EventID>
      <Version>2</Version>
      <Level>4</Level>
      <Task>11</Task>
      <Opcode>0</Opcode>
      <Keywords>0x8000000000000000</Keywords>
      <TimeCreated SystemTime=""2023-12-27T21:24:37.2315360Z""/>
      <EventRecordID>19574</EventRecordID>
      <Correlation/>
      <Execution ProcessID=""3588"" ThreadID=""5124""/>
      <Channel>Microsoft-Windows-Sysmon/Operational</Channel>
      <Computer>WinDev2309Eval</Computer>
      <Security UserID=""S-1-5-18""/>
    </System>
    <EventData>
      <Data Name=""RuleName"">DLL</Data>
      <Data Name=""UtcTime"">2023-12-27 21:24:37.218</Data>
      <Data Name=""ProcessGuid"">{f57bd86a-9614-658c-c601-000000000f00}</Data>
      <Data Name=""ProcessId"">11244</Data>
      <Data Name=""Image"">C:\Windows\Microsoft.NET\Framework\v4.0.30319\MSBuild.exe</Data>
      <Data Name=""TargetFilename"">C:\Users\User\AppData\Local\Temp\1xrychsy.dll</Data>
      <Data Name=""CreationUtcTime"">2023-12-27 21:24:37.218</Data>
      <Data Name=""User"">WINDEV2309EVAL\User</Data>
    </EventData>
  </Event>
  
"
Microsoft-Windows-Sysmon/Operational,"C:\Windows\Microsoft.NET\Framework\v4.0.30319\msbuild.exe  ""C:\AtomicRedTeam\atomics\T1127.001\src\T1127.001.csproj""",Microsoft Corporation,WinDev2309Eval,,C:\Users\User\AppData\Local\Temp\,MSBuild.exe,,1,19573,,4.8.9032.0 built by: NET481REL1,"MD5=F8E68D6ABE411CE0C71D6B8C1C1B9048,SHA256=151D0125C20CDDE578D02DE3F2A56EB904870A887BB7F1C59BF61471DA231916,IMPHASH=F34D5F2D4577ED6D9CEEC516C1F5A744",C:\Windows\Microsoft.NET\Framework\v4.0.30319\MSBuild.exe,Medium,0x8000000000000000,4,{f57bd86a-36f9-658c-7bf8-020000000000},0x2f87b,0,MSBuild.exe,"""cmd.exe"" /c C:\Windows\Microsoft.NET\Framework\v4.0.30319\msbuild.exe ""C:\AtomicRedTeam\atomics\T1127.001\src\T1127.001.csproj""",C:\Windows\System32\cmd.exe,{f57bd86a-9613-658c-c401-000000000f00},10712,WINDEV2309EVAL\User,{f57bd86a-9614-658c-c601-000000000f00},3588,11244,Microsoft® .NET Framework,,,,-,2023-12-27T21:24:36.3067904Z,,,1,1,5124,WINDEV2309EVAL\User,S-1-5-18,2023-12-27 21:24:36.304,5,"<Event xmlns=""http://schemas.microsoft.com/win/2004/08/events/event"">
    <System>
      <Provider Name=""Microsoft-Windows-Sysmon"" Guid=""{5770385f-c22a-43e0-bf4c-06f5698ffbd9}""/>
      <EventID>1</EventID>
      <Version>5</Version>
      <Level>4</Level>
      <Task>1</Task>
      <Opcode>0</Opcode>
      <Keywords>0x8000000000000000</Keywords>
      <TimeCreated SystemTime=""2023-12-27T21:24:36.3067904Z""/>
      <EventRecordID>19573</EventRecordID>
      <Correlation/>
      <Execution ProcessID=""3588"" ThreadID=""5124""/>
      <Channel>Microsoft-Windows-Sysmon/Operational</Channel>
      <Computer>WinDev2309Eval</Computer>
      <Security UserID=""S-1-5-18""/>
    </System>
    <EventData>
      <Data Name=""RuleName"">-</Data>
      <Data Name=""UtcTime"">2023-12-27 21:24:36.304</Data>
      <Data Name=""ProcessGuid"">{f57bd86a-9614-658c-c601-000000000f00}</Data>
      <Data Name=""ProcessId"">11244</Data>
      <Data Name=""Image"">C:\Windows\Microsoft.NET\Framework\v4.0.30319\MSBuild.exe</Data>
      <Data Name=""FileVersion"">4.8.9032.0 built by: NET481REL1</Data>
      <Data Name=""Description"">MSBuild.exe</Data>
      <Data Name=""Product"">Microsoft&#174; .NET Framework</Data>
      <Data Name=""Company"">Microsoft Corporation</Data>
      <Data Name=""OriginalFileName"">MSBuild.exe</Data>
      <Data Name=""CommandLine"">C:\Windows\Microsoft.NET\Framework\v4.0.30319\msbuild.exe  ""C:\AtomicRedTeam\atomics\T1127.001\src\T1127.001.csproj""</Data>
      <Data Name=""CurrentDirectory"">C:\Users\User\AppData\Local\Temp\</Data>
      <Data Name=""User"">WINDEV2309EVAL\User</Data>
      <Data Name=""LogonGuid"">{f57bd86a-36f9-658c-7bf8-020000000000}</Data>
      <Data Name=""LogonId"">0x2f87b</Data>
      <Data Name=""TerminalSessionId"">1</Data>
      <Data Name=""IntegrityLevel"">Medium</Data>
      <Data Name=""Hashes"">MD5=F8E68D6ABE411CE0C71D6B8C1C1B9048,SHA256=151D0125C20CDDE578D02DE3F2A56EB904870A887BB7F1C59BF61471DA231916,IMPHASH=F34D5F2D4577ED6D9CEEC516C1F5A744</Data>
      <Data Name=""ParentProcessGuid"">{f57bd86a-9613-658c-c401-000000000f00}</Data>
      <Data Name=""ParentProcessId"">10712</Data>
      <Data Name=""ParentImage"">C:\Windows\System32\cmd.exe</Data>
      <Data Name=""ParentCommandLine"">""cmd.exe"" /c C:\Windows\Microsoft.NET\Framework\v4.0.30319\msbuild.exe ""C:\AtomicRedTeam\atomics\T1127.001\src\T1127.001.csproj""</Data>
      <Data Name=""ParentUser"">WINDEV2309EVAL\User</Data>
    </EventData>
  </Event>
  
"
Microsoft-Windows-Sysmon/Operational,"""cmd.exe"" /c C:\Windows\Microsoft.NET\Framework\v4.0.30319\msbuild.exe ""C:\AtomicRedTeam\atomics\T1127.001\src\T1127.001.csproj""",Microsoft Corporation,WinDev2309Eval,,C:\Users\User\AppData\Local\Temp\,Windows Command Processor,,1,19572,,10.0.22621.2506 (WinBuild.160101.0800),"MD5=133D568ECCB557E37BEA1459521CBAC2,SHA256=05A30592D2C3421C41121145C6EEFA7C81FEA6B42D6233A522240A8468326B9C,IMPHASH=D73E39DAB3C8B57AA408073D01254964",C:\Windows\System32\cmd.exe,Medium,0x8000000000000000,4,{f57bd86a-36f9-658c-7bf8-020000000000},0x2f87b,0,Cmd.Exe,-,-,{00000000-0000-0000-0000-000000000000},1688,-,{f57bd86a-9613-658c-c401-000000000f00},3588,10712,Microsoft® Windows® Operating System,,,,-,2023-12-27T21:24:35.8265088Z,,,1,1,5124,WINDEV2309EVAL\User,S-1-5-18,2023-12-27 21:24:35.825,5,"<Event xmlns=""http://schemas.microsoft.com/win/2004/08/events/event"">
    <System>
      <Provider Name=""Microsoft-Windows-Sysmon"" Guid=""{5770385f-c22a-43e0-bf4c-06f5698ffbd9}""/>
      <EventID>1</EventID>
      <Version>5</Version>
      <Level>4</Level>
      <Task>1</Task>
      <Opcode>0</Opcode>
      <Keywords>0x8000000000000000</Keywords>
      <TimeCreated SystemTime=""2023-12-27T21:24:35.8265088Z""/>
      <EventRecordID>19572</EventRecordID>
      <Correlation/>
      <Execution ProcessID=""3588"" ThreadID=""5124""/>
      <Channel>Microsoft-Windows-Sysmon/Operational</Channel>
      <Computer>WinDev2309Eval</Computer>
      <Security UserID=""S-1-5-18""/>
    </System>
    <EventData>
      <Data Name=""RuleName"">-</Data>
      <Data Name=""UtcTime"">2023-12-27 21:24:35.825</Data>
      <Data Name=""ProcessGuid"">{f57bd86a-9613-658c-c401-000000000f00}</Data>
      <Data Name=""ProcessId"">10712</Data>
      <Data Name=""Image"">C:\Windows\System32\cmd.exe</Data>
      <Data Name=""FileVersion"">10.0.22621.2506 (WinBuild.160101.0800)</Data>
      <Data Name=""Description"">Windows Command Processor</Data>
      <Data Name=""Product"">Microsoft&#174; Windows&#174; Operating System</Data>
      <Data Name=""Company"">Microsoft Corporation</Data>
      <Data Name=""OriginalFileName"">Cmd.Exe</Data>
      <Data Name=""CommandLine"">""cmd.exe"" /c C:\Windows\Microsoft.NET\Framework\v4.0.30319\msbuild.exe ""C:\AtomicRedTeam\atomics\T1127.001\src\T1127.001.csproj""</Data>
      <Data Name=""CurrentDirectory"">C:\Users\User\AppData\Local\Temp\</Data>
      <Data Name=""User"">WINDEV2309EVAL\User</Data>
      <Data Name=""LogonGuid"">{f57bd86a-36f9-658c-7bf8-020000000000}</Data>
      <Data Name=""LogonId"">0x2f87b</Data>
      <Data Name=""TerminalSessionId"">1</Data>
      <Data Name=""IntegrityLevel"">Medium</Data>
      <Data Name=""Hashes"">MD5=133D568ECCB557E37BEA1459521CBAC2,SHA256=05A30592D2C3421C41121145C6EEFA7C81FEA6B42D6233A522240A8468326B9C,IMPHASH=D73E39DAB3C8B57AA408073D01254964</Data>
      <Data Name=""ParentProcessGuid"">{00000000-0000-0000-0000-000000000000}</Data>
      <Data Name=""ParentProcessId"">1688</Data>
      <Data Name=""ParentImage"">-</Data>
      <Data Name=""ParentCommandLine"">-</Data>
      <Data Name=""ParentUser"">-</Data>
    </EventData>
  </Event>
  
"
Microsoft-Windows-Sysmon/Operational,"""C:\Windows\system32\whoami.exe""",Microsoft Corporation,WinDev2309Eval,,C:\Users\User\,whoami - displays logged on user information,,1,19571,,10.0.22621.1 (WinBuild.160101.0800),"MD5=E0F37DB23E4F3163159A815610DF8CF2,SHA256=574BC2A2995FE2B1F732CCD39F2D99460ACE980AF29EFDF1EB0D3E888BE7D6F0,IMPHASH=62935820E434AF643547B7F5F5BD0292",C:\Windows\System32\whoami.exe,Medium,0x8000000000000000,4,{f57bd86a-36f9-658c-7bf8-020000000000},0x2f87b,0,whoami.exe,-,-,{00000000-0000-0000-0000-000000000000},1688,-,{f57bd86a-9612-658c-c301-000000000f00},3588,10340,Microsoft® Windows® Operating System,,,,-,2023-12-27T21:24:34.6598751Z,,,1,1,5124,WINDEV2309EVAL\User,S-1-5-18,2023-12-27 21:24:34.657,5,"<Event xmlns=""http://schemas.microsoft.com/win/2004/08/events/event"">
    <System>
      <Provider Name=""Microsoft-Windows-Sysmon"" Guid=""{5770385f-c22a-43e0-bf4c-06f5698ffbd9}""/>
      <EventID>1</EventID>
      <Version>5</Version>
      <Level>4</Level>
      <Task>1</Task>
      <Opcode>0</Opcode>
      <Keywords>0x8000000000000000</Keywords>
      <TimeCreated SystemTime=""2023-12-27T21:24:34.6598751Z""/>
      <EventRecordID>19571</EventRecordID>
      <Correlation/>
      <Execution ProcessID=""3588"" ThreadID=""5124""/>
      <Channel>Microsoft-Windows-Sysmon/Operational</Channel>
      <Computer>WinDev2309Eval</Computer>
      <Security UserID=""S-1-5-18""/>
    </System>
    <EventData>
      <Data Name=""RuleName"">-</Data>
      <Data Name=""UtcTime"">2023-12-27 21:24:34.657</Data>
      <Data Name=""ProcessGuid"">{f57bd86a-9612-658c-c301-000000000f00}</Data>
      <Data Name=""ProcessId"">10340</Data>
      <Data Name=""Image"">C:\Windows\System32\whoami.exe</Data>
      <Data Name=""FileVersion"">10.0.22621.1 (WinBuild.160101.0800)</Data>
      <Data Name=""Description"">whoami - displays logged on user information</Data>
      <Data Name=""Product"">Microsoft&#174; Windows&#174; Operating System</Data>
      <Data Name=""Company"">Microsoft Corporation</Data>
      <Data Name=""OriginalFileName"">whoami.exe</Data>
      <Data Name=""CommandLine"">""C:\Windows\system32\whoami.exe""</Data>
      <Data Name=""CurrentDirectory"">C:\Users\User\</Data>
      <Data Name=""User"">WINDEV2309EVAL\User</Data>
      <Data Name=""LogonGuid"">{f57bd86a-36f9-658c-7bf8-020000000000}</Data>
      <Data Name=""LogonId"">0x2f87b</Data>
      <Data Name=""TerminalSessionId"">1</Data>
      <Data Name=""IntegrityLevel"">Medium</Data>
      <Data Name=""Hashes"">MD5=E0F37DB23E4F3163159A815610DF8CF2,SHA256=574BC2A2995FE2B1F732CCD39F2D99460ACE980AF29EFDF1EB0D3E888BE7D6F0,IMPHASH=62935820E434AF643547B7F5F5BD0292</Data>
      <Data Name=""ParentProcessGuid"">{00000000-0000-0000-0000-000000000000}</Data>
      <Data Name=""ParentProcessId"">1688</Data>
      <Data Name=""ParentImage"">-</Data>
      <Data Name=""ParentCommandLine"">-</Data>
      <Data Name=""ParentUser"">-</Data>
    </EventData>
  </Event>
  
"
Microsoft-Windows-Sysmon/Operational,"""C:\Windows\system32\HOSTNAME.EXE""",Microsoft Corporation,WinDev2309Eval,,C:\Users\User\,Hostname APP,,1,19570,,10.0.22621.2506 (WinBuild.160101.0800),"MD5=E1EA6EFF1F45AA136A2A2E18EACC1F73,SHA256=4634E6685E402CC3CC8843589F4E8D8AC515F5F05D319E835A262B69B32BDB45,IMPHASH=23013EDF627646AB5226D15AC880BAD8",C:\Windows\System32\HOSTNAME.EXE,Medium,0x8000000000000000,4,{f57bd86a-36f9-658c-7bf8-020000000000},0x2f87b,0,hostname.exe,-,-,{00000000-0000-0000-0000-000000000000},1688,-,{f57bd86a-9612-658c-c201-000000000f00},3588,10392,Microsoft® Windows® Operating System,,,,-,2023-12-27T21:24:34.6253898Z,,,1,1,5124,WINDEV2309EVAL\User,S-1-5-18,2023-12-27 21:24:34.624,5,"<Event xmlns=""http://schemas.microsoft.com/win/2004/08/events/event"">
    <System>
      <Provider Name=""Microsoft-Windows-Sysmon"" Guid=""{5770385f-c22a-43e0-bf4c-06f5698ffbd9}""/>
      <EventID>1</EventID>
      <Version>5</Version>
      <Level>4</Level>
      <Task>1</Task>
      <Opcode>0</Opcode>
      <Keywords>0x8000000000000000</Keywords>
      <TimeCreated SystemTime=""2023-12-27T21:24:34.6253898Z""/>
      <EventRecordID>19570</EventRecordID>
      <Correlation/>
      <Execution ProcessID=""3588"" ThreadID=""5124""/>
      <Channel>Microsoft-Windows-Sysmon/Operational</Channel>
      <Computer>WinDev2309Eval</Computer>
      <Security UserID=""S-1-5-18""/>
    </System>
    <EventData>
      <Data Name=""RuleName"">-</Data>
      <Data Name=""UtcTime"">2023-12-27 21:24:34.624</Data>
      <Data Name=""ProcessGuid"">{f57bd86a-9612-658c-c201-000000000f00}</Data>
      <Data Name=""ProcessId"">10392</Data>
      <Data Name=""Image"">C:\Windows\System32\HOSTNAME.EXE</Data>
      <Data Name=""FileVersion"">10.0.22621.2506 (WinBuild.160101.0800)</Data>
      <Data Name=""Description"">Hostname APP</Data>
      <Data Name=""Product"">Microsoft&#174; Windows&#174; Operating System</Data>
      <Data Name=""Company"">Microsoft Corporation</Data>
      <Data Name=""OriginalFileName"">hostname.exe</Data>
      <Data Name=""CommandLine"">""C:\Windows\system32\HOSTNAME.EXE""</Data>
      <Data Name=""CurrentDirectory"">C:\Users\User\</Data>
      <Data Name=""User"">WINDEV2309EVAL\User</Data>
      <Data Name=""LogonGuid"">{f57bd86a-36f9-658c-7bf8-020000000000}</Data>
      <Data Name=""LogonId"">0x2f87b</Data>
      <Data Name=""TerminalSessionId"">1</Data>
      <Data Name=""IntegrityLevel"">Medium</Data>
      <Data Name=""Hashes"">MD5=E1EA6EFF1F45AA136A2A2E18EACC1F73,SHA256=4634E6685E402CC3CC8843589F4E8D8AC515F5F05D319E835A262B69B32BDB45,IMPHASH=23013EDF627646AB5226D15AC880BAD8</Data>
      <Data Name=""ParentProcessGuid"">{00000000-0000-0000-0000-000000000000}</Data>
      <Data Name=""ParentProcessId"">1688</Data>
      <Data Name=""ParentImage"">-</Data>
      <Data Name=""ParentCommandLine"">-</Data>
      <Data Name=""ParentUser"">-</Data>
    </EventData>
  </Event>
  
"
Microsoft-Windows-Sysmon/Operational,,,WinDev2309Eval,,,,,22,19569,,,,C:\Program Files (x86)\Microsoft\EdgeWebView\Application\120.0.2210.91\msedgewebview2.exe,,0x8000000000000000,4,,,0,,,,,,,{f57bd86a-382d-658c-4e01-000000000f00},3588,4456,,img-s-msn-com.akamaized.net,type: 5 a1834.dscg2.akamai.net;::ffff:104.77.160.140;::ffff:104.77.160.143;,0,-,2023-12-27T21:24:28.6393173Z,,,22,,5164,WINDEV2309EVAL\User,S-1-5-18,2023-12-27 14:51:54.843,5,"<Event xmlns=""http://schemas.microsoft.com/win/2004/08/events/event"">
    <System>
      <Provider Name=""Microsoft-Windows-Sysmon"" Guid=""{5770385f-c22a-43e0-bf4c-06f5698ffbd9}""/>
      <EventID>22</EventID>
      <Version>5</Version>
      <Level>4</Level>
      <Task>22</Task>
      <Opcode>0</Opcode>
      <Keywords>0x8000000000000000</Keywords>
      <TimeCreated SystemTime=""2023-12-27T21:24:28.6393173Z""/>
      <EventRecordID>19569</EventRecordID>
      <Correlation/>
      <Execution ProcessID=""3588"" ThreadID=""5164""/>
      <Channel>Microsoft-Windows-Sysmon/Operational</Channel>
      <Computer>WinDev2309Eval</Computer>
      <Security UserID=""S-1-5-18""/>
    </System>
    <EventData>
      <Data Name=""RuleName"">-</Data>
      <Data Name=""UtcTime"">2023-12-27 14:51:54.843</Data>
      <Data Name=""ProcessGuid"">{f57bd86a-382d-658c-4e01-000000000f00}</Data>
      <Data Name=""ProcessId"">4456</Data>
      <Data Name=""QueryName"">img-s-msn-com.akamaized.net</Data>
      <Data Name=""QueryStatus"">0</Data>
      <Data Name=""QueryResults"">type: 5 a1834.dscg2.akamai.net;::ffff:104.77.160.140;::ffff:104.77.160.143;</Data>
      <Data Name=""Image"">C:\Program Files (x86)\Microsoft\EdgeWebView\Application\120.0.2210.91\msedgewebview2.exe</Data>
      <Data Name=""User"">WINDEV2309EVAL\User</Data>
    </EventData>
  </Event>

"
