Channel,CommandLine,Company,Computer,CreationUtcTime,CurrentDirectory,Description,Details,EventID,EventRecordID,EventType,FileVersion,Hashes,Image,IntegrityLevel,Keywords,Level,LogonGuid,LogonId,Opcode,OriginalFileName,ParentCommandLine,ParentImage,ParentProcessGuid,ParentProcessId,ParentUser,ProcessGuid,ProcessID,ProcessId,Product,QueryName,QueryResults,QueryStatus,RuleName,SystemTime,TargetFilename,TargetObject,Task,TerminalSessionId,ThreadID,User,UserID,UtcTime,Version,raw
Microsoft-Windows-Sysmon/Operational,,,WinDev2309Eval,,,,14.8.9032.0,13,19602,SetValue,,,C:\Windows\System32\svchost.exe,,0x8000000000000000,4,,,0,,,,,,,{f57bd86a-36f8-658c-3e00-000000000f00},3588,3212,,,,,InvDB-Ver,2023-12-27T21:24:40.3021858Z,,\REGISTRY\A\{b3b14332-edc6-625a-c682-62677f6d06d4}\Root\InventoryApplicationFile\vbc.exe|d14eb4b34a786388\BinProductVersion,13,,5124,NT AUTHORITY\SYSTEM,S-1-5-18,2023-12-27 21:24:40.290,2,"<Event xmlns=""http://schemas.microsoft.com/win/2004/08/events/event"">
    <System>
      <Provider Name=""Microsoft-Windows-Sysmon"" Guid=""{5770385f-c22a-43e0-bf4c-06f5698ffbd9}""/>
      <EventID>13</EventID>
      <Version>2</Version>
      <Level>4</Level>
      <Task>13</Task>
      <Opcode>0</Opcode>
      <Keywords>0x8000000000000000</Keywords>
      <TimeCreated SystemTime=""2023-12-27T21:24:40.3021858Z""/>
      <EventRecordID>19602</EventRecordID>
      <Correlation/>
      <Execution ProcessID=""3588"" ThreadID=""5124""/>
      <Channel>Microsoft-Windows-Sysmon/Operational</Channel>
      <Computer>WinDev2309Eval</Computer>
      <Security UserID=""S-1-5-18""/>
    </System>
    <EventData>
      <Data Name=""RuleName"">InvDB-Ver</Data>
      <Data Name=""EventType"">SetValue</Data>
      <Data Name=""UtcTime"">2023-12-27 21:24:40.290</Data>
      <Data Name=""ProcessGuid"">{f57bd86a-36f8-658c-3e00-000000000f00}</Data>
      <Data Name=""ProcessId"">3212</Data>
      <Data Name=""Image"">C:\Windows\System32\svchost.exe</Data>
      <Data Name=""TargetObject"">\REGISTRY\A\{b3b14332-edc6-625a-c682-62677f6d06d4}\Root\InventoryApplicationFile\vbc.exe|d14eb4b34a786388\BinProductVersion</Data>
      <Data Name=""Details"">14.8.9032.0</Data>
      <Data Name=""User"">NT AUTHORITY\SYSTEM</Data>
    </EventData>
  </Event>
  
"
Microsoft-Windows-Sysmon/Operational,,,WinDev2309Eval,,,,04/08/2022 22:24:36,13,19601,SetValue,,,C:\Windows\System32\svchost.exe,,0x8000000000000000,4,,,0,,,,,,,{f57bd86a-36f8-658c-3e00-000000000f00},3588,3212,,,,,InvDB-CompileTimeClaim,2023-12-27T21:24:40.3021313Z,,\REGISTRY\A\{b3b14332-edc6-625a-c682-62677f6d06d4}\Root\InventoryApplicationFile\vbc.exe|d14eb4b34a786388\LinkDate,13,,5124,NT AUTHORITY\SYSTEM,S-1-5-18,2023-12-27 21:24:40.290,2,"<Event xmlns=""http://schemas.microsoft.com/win/2004/08/events/event"">
    <System>
      <Provider Name=""Microsoft-Windows-Sysmon"" Guid=""{5770385f-c22a-43e0-bf4c-06f5698ffbd9}""/>
      <EventID>13</EventID>
      <Version>2</Version>
      <Level>4</Level>
      <Task>13</Task>
      <Opcode>0</Opcode>
      <Keywords>0x8000000000000000</Keywords>
      <TimeCreated SystemTime=""2023-12-27T21:24:40.3021313Z""/>
      <EventRecordID>19601</EventRecordID>
      <Correlation/>
      <Execution ProcessID=""3588"" ThreadID=""5124""/>
      <Channel>Microsoft-Windows-Sysmon/Operational</Channel>
      <Computer>WinDev2309Eval</Computer>
      <Security UserID=""S-1-5-18""/>
    </System>
    <EventData>
      <Data Name=""RuleName"">InvDB-CompileTimeClaim</Data>
      <Data Name=""EventType"">SetValue</Data>
      <Data Name=""UtcTime"">2023-12-27 21:24:40.290</Data>
      <Data Name=""ProcessGuid"">{f57bd86a-36f8-658c-3e00-000000000f00}</Data>
      <Data Name=""ProcessId"">3212</Data>
      <Data Name=""Image"">C:\Windows\System32\svchost.exe</Data>
      <Data Name=""TargetObject"">\REGISTRY\A\{b3b14332-edc6-625a-c682-62677f6d06d4}\Root\InventoryApplicationFile\vbc.exe|d14eb4b34a786388\LinkDate</Data>
      <Data Name=""Details"">04/08/2022 22:24:36</Data>
      <Data Name=""User"">NT AUTHORITY\SYSTEM</Data>
    </EventData>
  </Event>
  
"
Microsoft-Windows-Sysmon/Operational,,,WinDev2309Eval,,,,microsoft corporation,13,19600,SetValue,,,C:\Windows\System32\svchost.exe,,0x8000000000000000,4,,,0,,,,,,,{f57bd86a-36f8-658c-3e00-000000000f00},3588,3212,,,,,InvDB-Pub,2023-12-27T21:24:40.3018199Z,,\REGISTRY\A\{b3b14332-edc6-625a-c682-62677f6d06d4}\Root\InventoryApplicationFile\vbc.exe|d14eb4b34a786388\Publisher,13,,5124,NT AUTHORITY\SYSTEM,S-1-5-18,2023-12-27 21:24:40.290,2,"<Event xmlns=""http://schemas.microsoft.com/win/2004/08/events/event"">
    <System>
      <Provider Name=""Microsoft-Windows-Sysmon"" Guid=""{5770385f-c22a-43e0-bf4c-06f5698ffbd9}""/>
      <EventID>13</EventID>
      <Version>2</Version>
      <Level>4</Level>
      <Task>13</Task>
      <Opcode>0</Opcode>
      <Keywords>0x8000000000000000</Keywords>
      <TimeCreated SystemTime=""2023-12-27T21:24:40.3018199Z""/>
      <EventRecordID>19600</EventRecordID>
      <Correlation/>
      <Execution ProcessID=""3588"" ThreadID=""5124""/>
      <Channel>Microsoft-Windows-Sysmon/Operational</Channel>
      <Computer>WinDev2309Eval</Computer>
      <Security UserID=""S-1-5-18""/>
    </System>
    <EventData>
      <Data Name=""RuleName"">InvDB-Pub</Data>
      <Data Name=""EventType"">SetValue</Data>
      <Data Name=""UtcTime"">2023-12-27 21:24:40.290</Data>
      <Data Name=""ProcessGuid"">{f57bd86a-36f8-658c-3e00-000000000f00}</Data>
      <Data Name=""ProcessId"">3212</Data>
      <Data Name=""Image"">C:\Windows\System32\svchost.exe</Data>
      <Data Name=""TargetObject"">\REGISTRY\A\{b3b14332-edc6-625a-c682-62677f6d06d4}\Root\InventoryApplicationFile\vbc.exe|d14eb4b34a786388\Publisher</Data>
      <Data Name=""Details"">microsoft corporation</Data>
      <Data Name=""User"">NT AUTHORITY\SYSTEM</Data>
    </EventData>
  </Event>
  
"
Microsoft-Windows-Sysmon/Operational,,,WinDev2309Eval,,,,c:\windows\microsoft.net\framework\v4.0.30319\vbc.exe,13,19599,SetValue,,,C:\Windows\System32\svchost.exe,,0x8000000000000000,4,,,0,,,,,,,{f57bd86a-36f8-658c-3e00-000000000f00},3588,3212,,,,,InvDB-Path,2023-12-27T21:24:40.3016616Z,,\REGISTRY\A\{b3b14332-edc6-625a-c682-62677f6d06d4}\Root\InventoryApplicationFile\vbc.exe|d14eb4b34a786388\LowerCaseLongPath,13,,5124,NT AUTHORITY\SYSTEM,S-1-5-18,2023-12-27 21:24:40.290,2,"<Event xmlns=""http://schemas.microsoft.com/win/2004/08/events/event"">
    <System>
      <Provider Name=""Microsoft-Windows-Sysmon"" Guid=""{5770385f-c22a-43e0-bf4c-06f5698ffbd9}""/>
      <EventID>13</EventID>
      <Version>2</Version>
      <Level>4</Level>
      <Task>13</Task>
      <Opcode>0</Opcode>
      <Keywords>0x8000000000000000</Keywords>
      <TimeCreated SystemTime=""2023-12-27T21:24:40.3016616Z""/>
      <EventRecordID>19599</EventRecordID>
      <Correlation/>
      <Execution ProcessID=""3588"" ThreadID=""5124""/>
      <Channel>Microsoft-Windows-Sysmon/Operational</Channel>
      <Computer>WinDev2309Eval</Computer>
      <Security UserID=""S-1-5-18""/>
    </System>
    <EventData>
      <Data Name=""RuleName"">InvDB-Path</Data>
      <Data Name=""EventType"">SetValue</Data>
      <Data Name=""UtcTime"">2023-12-27 21:24:40.290</Data>
      <Data Name=""ProcessGuid"">{f57bd86a-36f8-658c-3e00-000000000f00}</Data>
      <Data Name=""ProcessId"">3212</Data>
      <Data Name=""Image"">C:\Windows\System32\svchost.exe</Data>
      <Data Name=""TargetObject"">\REGISTRY\A\{b3b14332-edc6-625a-c682-62677f6d06d4}\Root\InventoryApplicationFile\vbc.exe|d14eb4b34a786388\LowerCaseLongPath</Data>
      <Data Name=""Details"">c:\windows\microsoft.net\framework\v4.0.30319\vbc.exe</Data>
      <Data Name=""User"">NT AUTHORITY\SYSTEM</Data>
    </EventData>
  </Event>
  
"
Microsoft-Windows-Sysmon/Operational,,,WinDev2309Eval,2023-12-27 21:24:39.494,,,,11,19598,,,,C:\Windows\Microsoft.NET\Framework\v4.0.30319\vbc.exe,,0x8000000000000000,4,,,0,,,,,,,{f57bd86a-9617-658c-ce01-000000000f00},3588,10680,,,,,DLL,2023-12-27T21:24:39.8790773Z,C:\Users\User\AppData\Local\Temp\xglh2bvn.dll,,11,,5124,WINDEV2309EVAL\User,S-1-5-18,2023-12-27 21:24:39.867,2,"<Event xmlns=""http://schemas.microsoft.com/win/2004/08/events/event"">
    <System>
      <Provider Name=""Microsoft-Windows-Sysmon"" Guid=""{5770385f-c22a-43e0-bf4c-06f5698ffbd9}""/>
      <EventID>11</EventID>
      <Version>2</Version>
      <Level>4</Level>
      <Task>11</Task>
      <Opcode>0</Opcode>
      <Keywords>0x8000000000000000</Keywords>
      <TimeCreated SystemTime=""2023-12-27T21:24:39.8790773Z""/>
      <EventRecordID>19598</EventRecordID>
      <Correlation/>
      <Execution ProcessID=""3588"" ThreadID=""5124""/>
      <Channel>Microsoft-Windows-Sysmon/Operational</Channel>
      <Computer>WinDev2309Eval</Computer>
      <Security UserID=""S-1-5-18""/>
    </System>
    <EventData>
      <Data Name=""RuleName"">DLL</Data>
      <Data Name=""UtcTime"">2023-12-27 21:24:39.867</Data>
      <Data Name=""ProcessGuid"">{f57bd86a-9617-658c-ce01-000000000f00}</Data>
      <Data Name=""ProcessId"">10680</Data>
      <Data Name=""Image"">C:\Windows\Microsoft.NET\Framework\v4.0.30319\vbc.exe</Data>
      <Data Name=""TargetFilename"">C:\Users\User\AppData\Local\Temp\xglh2bvn.dll</Data>
      <Data Name=""CreationUtcTime"">2023-12-27 21:24:39.494</Data>
      <Data Name=""User"">WINDEV2309EVAL\User</Data>
    </EventData>
  </Event>
  
"
Microsoft-Windows-Sysmon/Operational,"C:\Windows\Microsoft.NET\Framework\v4.0.30319\cvtres.exe /NOLOGO /READONLY /MACHINE:IX86 ""/OUT:C:\Users\User\AppData\Local\Temp\RES60C3.tmp"" ""C:\Users\User\AppData\Local\Temp\vbc7A230F9FD482455AA998294CDB3B1C28.TMP""",Microsoft Corporation,WinDev2309Eval,,C:\AtomicRedTeam\atomics\T1127.001\src\,Microsoft® Resource File To COFF Object Conversion Utility,,1,19597,,14.32.31326.0,"MD5=44B91F024D116BDAD06F236C8EEDCB42,SHA256=D87971E7479DEEE3F54CDBE3522EE606C346991155B9A63B10C6789BB6D19192,IMPHASH=044A5794DF3749EEC2D2F845066C10CC",C:\Windows\Microsoft.NET\Framework\v4.0.30319\cvtres.exe,Medium,0x8000000000000000,4,{f57bd86a-36f9-658c-7bf8-020000000000},0x2f87b,0,CVTRES.EXE,"""C:\Windows\Microsoft.NET\Framework\v4.0.30319\vbc.exe"" /noconfig @""C:\Users\User\AppData\Local\Temp\xglh2bvn.cmdline""",C:\Windows\Microsoft.NET\Framework\v4.0.30319\vbc.exe,{f57bd86a-9617-658c-ce01-000000000f00},10680,WINDEV2309EVAL\User,{f57bd86a-9617-658c-cf01-000000000f00},3588,3224,Microsoft® .NET Framework,,,,-,2023-12-27T21:24:39.8628960Z,,,1,1,5124,WINDEV2309EVAL\User,S-1-5-18,2023-12-27 21:24:39.861,5,"<Event xmlns=""http://schemas.microsoft.com/win/2004/08/events/event"">
    <System>
      <Provider Name=""Microsoft-Windows-Sysmon"" Guid=""{5770385f-c22a-43e0-bf4c-06f5698ffbd9}""/>
      <EventID>1</EventID>
      <Version>5</Version>
      <Level>4</Level>
      <Task>1</Task>
      <Opcode>0</Opcode>
      <Keywords>0x8000000000000000</Keywords>
      <TimeCreated SystemTime=""2023-12-27T21:24:39.8628960Z""/>
      <EventRecordID>19597</EventRecordID>
      <Correlation/>
      <Execution ProcessID=""3588"" ThreadID=""5124""/>
      <Channel>Microsoft-Windows-Sysmon/Operational</Channel>
      <Computer>WinDev2309Eval</Computer>
      <Security UserID=""S-1-5-18""/>
    </System>
    <EventData>
      <Data Name=""RuleName"">-</Data>
      <Data Name=""UtcTime"">2023-12-27 21:24:39.861</Data>
      <Data Name=""ProcessGuid"">{f57bd86a-9617-658c-cf01-000000000f00}</Data>
      <Data Name=""ProcessId"">3224</Data>
      <Data Name=""Image"">C:\Windows\Microsoft.NET\Framework\v4.0.30319\cvtres.exe</Data>
      <Data Name=""FileVersion"">14.32.31326.0</Data>
      <Data Name=""Description"">Microsoft&#174; Resource File To COFF Object Conversion Utility</Data>
      <Data Name=""Product"">Microsoft&#174; .NET Framework</Data>
      <Data Name=""Company"">Microsoft Corporation</Data>
      <Data Name=""OriginalFileName"">CVTRES.EXE</Data>
      <Data Name=""CommandLine"">C:\Windows\Microsoft.NET\Framework\v4.0.30319\cvtres.exe /NOLOGO /READONLY /MACHINE:IX86 ""/OUT:C:\Users\User\AppData\Local\Temp\RES60C3.tmp"" ""C:\Users\User\AppData\Local\Temp\vbc7A230F9FD482455AA998294CDB3B1C28.TMP""</Data>
      <Data Name=""CurrentDirectory"">C:\AtomicRedTeam\atomics\T1127.001\src\</Data>
      <Data Name=""User"">WINDEV2309EVAL\User</Data>
      <Data Name=""LogonGuid"">{f57bd86a-36f9-658c-7bf8-020000000000}</Data>
      <Data Name=""LogonId"">0x2f87b</Data>
      <Data Name=""TerminalSessionId"">1</Data>
      <Data Name=""IntegrityLevel"">Medium</Data>
      <Data Name=""Hashes"">MD5=44B91F024D116BDAD06F236C8EEDCB42,SHA256=D87971E7479DEEE3F54CDBE3522EE606C346991155B9A63B10C6789BB6D19192,IMPHASH=044A5794DF3749EEC2D2F845066C10CC</Data>
      <Data Name=""ParentProcessGuid"">{f57bd86a-9617-658c-ce01-000000000f00}</Data>
      <Data Name=""ParentProcessId"">10680</Data>
      <Data Name=""ParentImage"">C:\Windows\Microsoft.NET\Framework\v4.0.30319\vbc.exe</Data>
      <Data Name=""ParentCommandLine"">""C:\Windows\Microsoft.NET\Framework\v4.0.30319\vbc.exe"" /noconfig @""C:\Users\User\AppData\Local\Temp\xglh2bvn.cmdline""</Data>
      <Data Name=""ParentUser"">WINDEV2309EVAL\User</Data>
    </EventData>
  </Event>
  
"
Microsoft-Windows-Sysmon/Operational,"""C:\Windows\Microsoft.NET\Framework\v4.0.30319\vbc.exe"" /noconfig @""C:\Users\User\AppData\Local\Temp\xglh2bvn.cmdline""",Microsoft Corporation,WinDev2309Eval,,C:\AtomicRedTeam\atomics\T1127.001\src\,Visual Basic Command Line Compiler,,1,19596,,14.8.9032.0,"MD5=58F276C27BA36526A61380656D4B8C37,SHA256=A28E21D9B4466759434CB48295A500B6EA1AC2FDA572DF3D1A5759DAEA853D6B,IMPHASH=D43F8C997B97502B3D143BDC0B4ECF33",C:\Windows\Microsoft.NET\Framework\v4.0.30319\vbc.exe,Medium,0x8000000000000000,4,{f57bd86a-36f9-658c-7bf8-020000000000},0x2f87b,0,vbc.exe,"C:\Windows\Microsoft.NET\Framework\v4.0.30319\msbuild.exe  ""C:\AtomicRedTeam\atomics\T1127.001\src\vb.xml""",C:\Windows\Microsoft.NET\Framework\v4.0.30319\MSBuild.exe,{f57bd86a-9617-658c-cd01-000000000f00},904,WINDEV2309EVAL\User,{f57bd86a-9617-658c-ce01-000000000f00},3588,10680,Microsoft® .NET Framework,,,,-,2023-12-27T21:24:39.6823224Z,,,1,1,5124,WINDEV2309EVAL\User,S-1-5-18,2023-12-27 21:24:39.665,5,"<Event xmlns=""http://schemas.microsoft.com/win/2004/08/events/event"">
    <System>
      <Provider Name=""Microsoft-Windows-Sysmon"" Guid=""{5770385f-c22a-43e0-bf4c-06f5698ffbd9}""/>
      <EventID>1</EventID>
      <Version>5</Version>
      <Level>4</Level>
      <Task>1</Task>
      <Opcode>0</Opcode>
      <Keywords>0x8000000000000000</Keywords>
      <TimeCreated SystemTime=""2023-12-27T21:24:39.6823224Z""/>
      <EventRecordID>19596</EventRecordID>
      <Correlation/>
      <Execution ProcessID=""3588"" ThreadID=""5124""/>
      <Channel>Microsoft-Windows-Sysmon/Operational</Channel>
      <Computer>WinDev2309Eval</Computer>
      <Security UserID=""S-1-5-18""/>
    </System>
    <EventData>
      <Data Name=""RuleName"">-</Data>
      <Data Name=""UtcTime"">2023-12-27 21:24:39.665</Data>
      <Data Name=""ProcessGuid"">{f57bd86a-9617-658c-ce01-000000000f00}</Data>
      <Data Name=""ProcessId"">10680</Data>
      <Data Name=""Image"">C:\Windows\Microsoft.NET\Framework\v4.0.30319\vbc.exe</Data>
      <Data Name=""FileVersion"">14.8.9032.0</Data>
      <Data Name=""Description"">Visual Basic Command Line Compiler</Data>
      <Data Name=""Product"">Microsoft&#174; .NET Framework</Data>
      <Data Name=""Company"">Microsoft Corporation</Data>
      <Data Name=""OriginalFileName"">vbc.exe</Data>
      <Data Name=""CommandLine"">""C:\Windows\Microsoft.NET\Framework\v4.0.30319\vbc.exe"" /noconfig @""C:\Users\User\AppData\Local\Temp\xglh2bvn.cmdline""</Data>
      <Data Name=""CurrentDirectory"">C:\AtomicRedTeam\atomics\T1127.001\src\</Data>
      <Data Name=""User"">WINDEV2309EVAL\User</Data>
      <Data Name=""LogonGuid"">{f57bd86a-36f9-658c-7bf8-020000000000}</Data>
      <Data Name=""LogonId"">0x2f87b</Data>
      <Data Name=""TerminalSessionId"">1</Data>
      <Data Name=""IntegrityLevel"">Medium</Data>
      <Data Name=""Hashes"">MD5=58F276C27BA36526A61380656D4B8C37,SHA256=A28E21D9B4466759434CB48295A500B6EA1AC2FDA572DF3D1A5759DAEA853D6B,IMPHASH=D43F8C997B97502B3D143BDC0B4ECF33</Data>
      <Data Name=""ParentProcessGuid"">{f57bd86a-9617-658c-cd01-000000000f00}</Data>
      <Data Name=""ParentProcessId"">904</Data>
      <Data Name=""ParentImage"">C:\Windows\Microsoft.NET\Framework\v4.0.30319\MSBuild.exe</Data>
      <Data Name=""ParentCommandLine"">C:\Windows\Microsoft.NET\Framework\v4.0.30319\msbuild.exe  ""C:\AtomicRedTeam\atomics\T1127.001\src\vb.xml""</Data>
      <Data Name=""ParentUser"">WINDEV2309EVAL\User</Data>
    </EventData>
  </Event>
  
"
Microsoft-Windows-Sysmon/Operational,,,WinDev2309Eval,2023-12-27 21:24:39.494,,,,11,19595,,,,C:\Windows\Microsoft.NET\Framework\v4.0.30319\MSBuild.exe,,0x8000000000000000,4,,,0,,,,,,,{f57bd86a-9617-658c-cd01-000000000f00},3588,904,,,,,-,2023-12-27T21:24:39.4961840Z,C:\Users\User\AppData\Local\Temp\xglh2bvn.cmdline,,11,,5124,WINDEV2309EVAL\User,S-1-5-18,2023-12-27 21:24:39.494,2,"<Event xmlns=""http://schemas.microsoft.com/win/2004/08/events/event"">
    <System>
      <Provider Name=""Microsoft-Windows-Sysmon"" Guid=""{5770385f-c22a-43e0-bf4c-06f5698ffbd9}""/>
      <EventID>11</EventID>
      <Version>2</Version>
      <Level>4</Level>
      <Task>11</Task>
      <Opcode>0</Opcode>
      <Keywords>0x8000000000000000</Keywords>
      <TimeCreated SystemTime=""2023-12-27T21:24:39.4961840Z""/>
      <EventRecordID>19595</EventRecordID>
      <Correlation/>
      <Execution ProcessID=""3588"" ThreadID=""5124""/>
      <Channel>Microsoft-Windows-Sysmon/Operational</Channel>
      <Computer>WinDev2309Eval</Computer>
      <Security UserID=""S-1-5-18""/>
    </System>
    <EventData>
      <Data Name=""RuleName"">-</Data>
      <Data Name=""UtcTime"">2023-12-27 21:24:39.494</Data>
      <Data Name=""ProcessGuid"">{f57bd86a-9617-658c-cd01-000000000f00}</Data>
      <Data Name=""ProcessId"">904</Data>
      <Data Name=""Image"">C:\Windows\Microsoft.NET\Framework\v4.0.30319\MSBuild.exe</Data>
      <Data Name=""TargetFilename"">C:\Users\User\AppData\Local\Temp\xglh2bvn.cmdline</Data>
      <Data Name=""CreationUtcTime"">2023-12-27 21:24:39.494</Data>
      <Data Name=""User"">WINDEV2309EVAL\User</Data>
    </EventData>
  </Event>
  
"
Microsoft-Windows-Sysmon/Operational,,,WinDev2309Eval,2023-12-27 21:24:39.494,,,,11,19594,,,,C:\Windows\Microsoft.NET\Framework\v4.0.30319\MSBuild.exe,,0x8000000000000000,4,,,0,,,,,,,{f57bd86a-9617-658c-cd01-000000000f00},3588,904,,,,,DLL,2023-12-27T21:24:39.4958306Z,C:\Users\User\AppData\Local\Temp\xglh2bvn.dll,,11,,5124,WINDEV2309EVAL\User,S-1-5-18,2023-12-27 21:24:39.494,2,"<Event xmlns=""http://schemas.microsoft.com/win/2004/08/events/event"">
    <System>
      <Provider Name=""Microsoft-Windows-Sysmon"" Guid=""{5770385f-c22a-43e0-bf4c-06f5698ffbd9}""/>
      <EventID>11</EventID>
      <Version>2</Version>
      <Level>4</Level>
      <Task>11</Task>
      <Opcode>0</Opcode>
      <Keywords>0x8000000000000000</Keywords>
      <TimeCreated SystemTime=""2023-12-27T21:24:39.4958306Z""/>
      <EventRecordID>19594</EventRecordID>
      <Correlation/>
      <Execution ProcessID=""3588"" ThreadID=""5124""/>
      <Channel>Microsoft-Windows-Sysmon/Operational</Channel>
      <Computer>WinDev2309Eval</Computer>
      <Security UserID=""S-1-5-18""/>
    </System>
    <EventData>
      <Data Name=""RuleName"">DLL</Data>
      <Data Name=""UtcTime"">2023-12-27 21:24:39.494</Data>
      <Data Name=""ProcessGuid"">{f57bd86a-9617-658c-cd01-000000000f00}</Data>
      <Data Name=""ProcessId"">904</Data>
      <Data Name=""Image"">C:\Windows\Microsoft.NET\Framework\v4.0.30319\MSBuild.exe</Data>
      <Data Name=""TargetFilename"">C:\Users\User\AppData\Local\Temp\xglh2bvn.dll</Data>
      <Data Name=""CreationUtcTime"">2023-12-27 21:24:39.494</Data>
      <Data Name=""User"">WINDEV2309EVAL\User</Data>
    </EventData>
  </Event>
  
"
Microsoft-Windows-Sysmon/Operational,"C:\Windows\Microsoft.NET\Framework\v4.0.30319\msbuild.exe  ""C:\AtomicRedTeam\atomics\T1127.001\src\vb.xml""",Microsoft Corporation,WinDev2309Eval,,C:\Users\User\AppData\Local\Temp\,MSBuild.exe,,1,19593,,4.8.9032.0 built by: NET481REL1,"MD5=F8E68D6ABE411CE0C71D6B8C1C1B9048,SHA256=151D0125C20CDDE578D02DE3F2A56EB904870A887BB7F1C59BF61471DA231916,IMPHASH=F34D5F2D4577ED6D9CEEC516C1F5A744",C:\Windows\Microsoft.NET\Framework\v4.0.30319\MSBuild.exe,Medium,0x8000000000000000,4,{f57bd86a-36f9-658c-7bf8-020000000000},0x2f87b,0,MSBuild.exe,"""cmd.exe"" /c C:\Windows\Microsoft.NET\Framework\v4.0.30319\msbuild.exe ""C:\AtomicRedTeam\atomics\T1127.001\src\vb.xml""",C:\Windows\System32\cmd.exe,{f57bd86a-9617-658c-cb01-000000000f00},10864,WINDEV2309EVAL\User,{f57bd86a-9617-658c-cd01-000000000f00},3588,904,Microsoft® .NET Framework,,,,-,2023-12-27T21:24:39.3731420Z,,,1,1,5124,WINDEV2309EVAL\User,S-1-5-18,2023-12-27 21:24:39.371,5,"<Event xmlns=""http://schemas.microsoft.com/win/2004/08/events/event"">
    <System>
      <Provider Name=""Microsoft-Windows-Sysmon"" Guid=""{5770385f-c22a-43e0-bf4c-06f5698ffbd9}""/>
      <EventID>1</EventID>
      <Version>5</Version>
      <Level>4</Level>
      <Task>1</Task>
      <Opcode>0</Opcode>
      <Keywords>0x8000000000000000</Keywords>
      <TimeCreated SystemTime=""2023-12-27T21:24:39.3731420Z""/>
      <EventRecordID>19593</EventRecordID>
      <Correlation/>
      <Execution ProcessID=""3588"" ThreadID=""5124""/>
      <Channel>Microsoft-Windows-Sysmon/Operational</Channel>
      <Computer>WinDev2309Eval</Computer>
      <Security UserID=""S-1-5-18""/>
    </System>
    <EventData>
      <Data Name=""RuleName"">-</Data>
      <Data Name=""UtcTime"">2023-12-27 21:24:39.371</Data>
      <Data Name=""ProcessGuid"">{f57bd86a-9617-658c-cd01-000000000f00}</Data>
      <Data Name=""ProcessId"">904</Data>
      <Data Name=""Image"">C:\Windows\Microsoft.NET\Framework\v4.0.30319\MSBuild.exe</Data>
      <Data Name=""FileVersion"">4.8.9032.0 built by: NET481REL1</Data>
      <Data Name=""Description"">MSBuild.exe</Data>
      <Data Name=""Product"">Microsoft&#174; .NET Framework</Data>
      <Data Name=""Company"">Microsoft Corporation</Data>
      <Data Name=""OriginalFileName"">MSBuild.exe</Data>
      <Data Name=""CommandLine"">C:\Windows\Microsoft.NET\Framework\v4.0.30319\msbuild.exe  ""C:\AtomicRedTeam\atomics\T1127.001\src\vb.xml""</Data>
      <Data Name=""CurrentDirectory"">C:\Users\User\AppData\Local\Temp\</Data>
      <Data Name=""User"">WINDEV2309EVAL\User</Data>
      <Data Name=""LogonGuid"">{f57bd86a-36f9-658c-7bf8-020000000000}</Data>
      <Data Name=""LogonId"">0x2f87b</Data>
      <Data Name=""TerminalSessionId"">1</Data>
      <Data Name=""IntegrityLevel"">Medium</Data>
      <Data Name=""Hashes"">MD5=F8E68D6ABE411CE0C71D6B8C1C1B9048,SHA256=151D0125C20CDDE578D02DE3F2A56EB904870A887BB7F1C59BF61471DA231916,IMPHASH=F34D5F2D4577ED6D9CEEC516C1F5A744</Data>
      <Data Name=""ParentProcessGuid"">{f57bd86a-9617-658c-cb01-000000000f00}</Data>
      <Data Name=""ParentProcessId"">10864</Data>
      <Data Name=""ParentImage"">C:\Windows\System32\cmd.exe</Data>
      <Data Name=""ParentCommandLine"">""cmd.exe"" /c C:\Windows\Microsoft.NET\Framework\v4.0.30319\msbuild.exe ""C:\AtomicRedTeam\atomics\T1127.001\src\vb.xml""</Data>
      <Data Name=""ParentUser"">WINDEV2309EVAL\User</Data>
    </EventData>
  </Event>
  
"
Microsoft-Windows-Sysmon/Operational,"""cmd.exe"" /c C:\Windows\Microsoft.NET\Framework\v4.0.30319\msbuild.exe ""C:\AtomicRedTeam\atomics\T1127.001\src\vb.xml""",Microsoft Corporation,WinDev2309Eval,,C:\Users\User\AppData\Local\Temp\,Windows Command Processor,,1,19592,,10.0.22621.2506 (WinBuild.160101.0800),"MD5=133D568ECCB557E37BEA1459521CBAC2,SHA256=05A30592D2C3421C41121145C6EEFA7C81FEA6B42D6233A522240A8468326B9C,IMPHASH=D73E39DAB3C8B57AA408073D01254964",C:\Windows\System32\cmd.exe,Medium,0x8000000000000000,4,{f57bd86a-36f9-658c-7bf8-020000000000},0x2f87b,0,Cmd.Exe,-,-,{00000000-0000-0000-0000-000000000000},1688,-,{f57bd86a-9617-658c-cb01-000000000f00},3588,10864,Microsoft® Windows® Operating System,,,,-,2023-12-27T21:24:39.3426969Z,,,1,1,5124,WINDEV2309EVAL\User,S-1-5-18,2023-12-27 21:24:39.341,5,"<Event xmlns=""http://schemas.microsoft.com/win/2004/08/events/event"">
    <System>
      <Provider Name=""Microsoft-Windows-Sysmon"" Guid=""{5770385f-c22a-43e0-bf4c-06f5698ffbd9}""/>
      <EventID>1</EventID>
      <Version>5</Version>
      <Level>4</Level>
      <Task>1</Task>
      <Opcode>0</Opcode>
      <Keywords>0x8000000000000000</Keywords>
      <TimeCreated SystemTime=""2023-12-27T21:24:39.3426969Z""/>
      <EventRecordID>19592</EventRecordID>
      <Correlation/>
      <Execution ProcessID=""3588"" ThreadID=""5124""/>
      <Channel>Microsoft-Windows-Sysmon/Operational</Channel>
      <Computer>WinDev2309Eval</Computer>
      <Security UserID=""S-1-5-18""/>
    </System>
    <EventData>
      <Data Name=""RuleName"">-</Data>
      <Data Name=""UtcTime"">2023-12-27 21:24:39.341</Data>
      <Data Name=""ProcessGuid"">{f57bd86a-9617-658c-cb01-000000000f00}</Data>
      <Data Name=""ProcessId"">10864</Data>
      <Data Name=""Image"">C:\Windows\System32\cmd.exe</Data>
      <Data Name=""FileVersion"">10.0.22621.2506 (WinBuild.160101.0800)</Data>
      <Data Name=""Description"">Windows Command Processor</Data>
      <Data Name=""Product"">Microsoft&#174; Windows&#174; Operating System</Data>
      <Data Name=""Company"">Microsoft Corporation</Data>
      <Data Name=""OriginalFileName"">Cmd.Exe</Data>
      <Data Name=""CommandLine"">""cmd.exe"" /c C:\Windows\Microsoft.NET\Framework\v4.0.30319\msbuild.exe ""C:\AtomicRedTeam\atomics\T1127.001\src\vb.xml""</Data>
      <Data Name=""CurrentDirectory"">C:\Users\User\AppData\Local\Temp\</Data>
      <Data Name=""User"">WINDEV2309EVAL\User</Data>
      <Data Name=""LogonGuid"">{f57bd86a-36f9-658c-7bf8-020000000000}</Data>
      <Data Name=""LogonId"">0x2f87b</Data>
      <Data Name=""TerminalSessionId"">1</Data>
      <Data Name=""IntegrityLevel"">Medium</Data>
      <Data Name=""Hashes"">MD5=133D568ECCB557E37BEA1459521CBAC2,SHA256=05A30592D2C3421C41121145C6EEFA7C81FEA6B42D6233A522240A8468326B9C,IMPHASH=D73E39DAB3C8B57AA408073D01254964</Data>
      <Data Name=""ParentProcessGuid"">{00000000-0000-0000-0000-000000000000}</Data>
      <Data Name=""ParentProcessId"">1688</Data>
      <Data Name=""ParentImage"">-</Data>
      <Data Name=""ParentCommandLine"">-</Data>
      <Data Name=""ParentUser"">-</Data>
    </EventData>
  </Event>
  
"
Microsoft-Windows-Sysmon/Operational,,,WinDev2309Eval,,,,4.0.30319.0,13,19591,SetValue,,,C:\Windows\System32\svchost.exe,,0x8000000000000000,4,,,0,,,,,,,{f57bd86a-36f8-658c-3e00-000000000f00},3588,3212,,,,,InvDB-Ver,2023-12-27T21:24:38.3394928Z,,\REGISTRY\A\{b3b14332-edc6-625a-c682-62677f6d06d4}\Root\InventoryApplicationFile\csc.exe|151e2b3228d75f8e\BinProductVersion,13,,5124,NT AUTHORITY\SYSTEM,S-1-5-18,2023-12-27 21:24:38.333,2,"<Event xmlns=""http://schemas.microsoft.com/win/2004/08/events/event"">
    <System>
      <Provider Name=""Microsoft-Windows-Sysmon"" Guid=""{5770385f-c22a-43e0-bf4c-06f5698ffbd9}""/>
      <EventID>13</EventID>
      <Version>2</Version>
      <Level>4</Level>
      <Task>13</Task>
      <Opcode>0</Opcode>
      <Keywords>0x8000000000000000</Keywords>
      <TimeCreated SystemTime=""2023-12-27T21:24:38.3394928Z""/>
      <EventRecordID>19591</EventRecordID>
      <Correlation/>
      <Execution ProcessID=""3588"" ThreadID=""5124""/>
      <Channel>Microsoft-Windows-Sysmon/Operational</Channel>
      <Computer>WinDev2309Eval</Computer>
      <Security UserID=""S-1-5-18""/>
    </System>
    <EventData>
      <Data Name=""RuleName"">InvDB-Ver</Data>
      <Data Name=""EventType"">SetValue</Data>
      <Data Name=""UtcTime"">2023-12-27 21:24:38.333</Data>
      <Data Name=""ProcessGuid"">{f57bd86a-36f8-658c-3e00-000000000f00}</Data>
      <Data Name=""ProcessId"">3212</Data>
      <Data Name=""Image"">C:\Windows\System32\svchost.exe</Data>
      <Data Name=""TargetObject"">\REGISTRY\A\{b3b14332-edc6-625a-c682-62677f6d06d4}\Root\InventoryApplicationFile\csc.exe|151e2b3228d75f8e\BinProductVersion</Data>
      <Data Name=""Details"">4.0.30319.0</Data>
      <Data Name=""User"">NT AUTHORITY\SYSTEM</Data>
    </EventData>
  </Event>
  
"
Microsoft-Windows-Sysmon/Operational,,,WinDev2309Eval,,,,04/08/2022 22:16:45,13,19590,SetValue,,,C:\Windows\System32\svchost.exe,,0x8000000000000000,4,,,0,,,,,,,{f57bd86a-36f8-658c-3e00-000000000f00},3588,3212,,,,,InvDB-CompileTimeClaim,2023-12-27T21:24:38.3394375Z,,\REGISTRY\A\{b3b14332-edc6-625a-c682-62677f6d06d4}\Root\InventoryApplicationFile\csc.exe|151e2b3228d75f8e\LinkDate,13,,5124,NT AUTHORITY\SYSTEM,S-1-5-18,2023-12-27 21:24:38.333,2,"<Event xmlns=""http://schemas.microsoft.com/win/2004/08/events/event"">
    <System>
      <Provider Name=""Microsoft-Windows-Sysmon"" Guid=""{5770385f-c22a-43e0-bf4c-06f5698ffbd9}""/>
      <EventID>13</EventID>
      <Version>2</Version>
      <Level>4</Level>
      <Task>13</Task>
      <Opcode>0</Opcode>
      <Keywords>0x8000000000000000</Keywords>
      <TimeCreated SystemTime=""2023-12-27T21:24:38.3394375Z""/>
      <EventRecordID>19590</EventRecordID>
      <Correlation/>
      <Execution ProcessID=""3588"" ThreadID=""5124""/>
      <Channel>Microsoft-Windows-Sysmon/Operational</Channel>
      <Computer>WinDev2309Eval</Computer>
      <Security UserID=""S-1-5-18""/>
    </System>
    <EventData>
      <Data Name=""RuleName"">InvDB-CompileTimeClaim</Data>
      <Data Name=""EventType"">SetValue</Data>
      <Data Name=""UtcTime"">2023-12-27 21:24:38.333</Data>
      <Data Name=""ProcessGuid"">{f57bd86a-36f8-658c-3e00-000000000f00}</Data>
      <Data Name=""ProcessId"">3212</Data>
      <Data Name=""Image"">C:\Windows\System32\svchost.exe</Data>
      <Data Name=""TargetObject"">\REGISTRY\A\{b3b14332-edc6-625a-c682-62677f6d06d4}\Root\InventoryApplicationFile\csc.exe|151e2b3228d75f8e\LinkDate</Data>
      <Data Name=""Details"">04/08/2022 22:16:45</Data>
      <Data Name=""User"">NT AUTHORITY\SYSTEM</Data>
    </EventData>
  </Event>
  
"
Microsoft-Windows-Sysmon/Operational,,,WinDev2309Eval,,,,microsoft corporation,13,19589,SetValue,,,C:\Windows\System32\svchost.exe,,0x8000000000000000,4,,,0,,,,,,,{f57bd86a-36f8-658c-3e00-000000000f00},3588,3212,,,,,InvDB-Pub,2023-12-27T21:24:38.3391207Z,,\REGISTRY\A\{b3b14332-edc6-625a-c682-62677f6d06d4}\Root\InventoryApplicationFile\csc.exe|151e2b3228d75f8e\Publisher,13,,5124,NT AUTHORITY\SYSTEM,S-1-5-18,2023-12-27 21:24:38.333,2,"<Event xmlns=""http://schemas.microsoft.com/win/2004/08/events/event"">
    <System>
      <Provider Name=""Microsoft-Windows-Sysmon"" Guid=""{5770385f-c22a-43e0-bf4c-06f5698ffbd9}""/>
      <EventID>13</EventID>
      <Version>2</Version>
      <Level>4</Level>
      <Task>13</Task>
      <Opcode>0</Opcode>
      <Keywords>0x8000000000000000</Keywords>
      <TimeCreated SystemTime=""2023-12-27T21:24:38.3391207Z""/>
      <EventRecordID>19589</EventRecordID>
      <Correlation/>
      <Execution ProcessID=""3588"" ThreadID=""5124""/>
      <Channel>Microsoft-Windows-Sysmon/Operational</Channel>
      <Computer>WinDev2309Eval</Computer>
      <Security UserID=""S-1-5-18""/>
    </System>
    <EventData>
      <Data Name=""RuleName"">InvDB-Pub</Data>
      <Data Name=""EventType"">SetValue</Data>
      <Data Name=""UtcTime"">2023-12-27 21:24:38.333</Data>
      <Data Name=""ProcessGuid"">{f57bd86a-36f8-658c-3e00-000000000f00}</Data>
      <Data Name=""ProcessId"">3212</Data>
      <Data Name=""Image"">C:\Windows\System32\svchost.exe</Data>
      <Data Name=""TargetObject"">\REGISTRY\A\{b3b14332-edc6-625a-c682-62677f6d06d4}\Root\InventoryApplicationFile\csc.exe|151e2b3228d75f8e\Publisher</Data>
      <Data Name=""Details"">microsoft corporation</Data>
      <Data Name=""User"">NT AUTHORITY\SYSTEM</Data>
    </EventData>
  </Event>
  
"
Microsoft-Windows-Sysmon/Operational,,,WinDev2309Eval,,,,c:\windows\microsoft.net\framework\v4.0.30319\csc.exe,13,19588,SetValue,,,C:\Windows\System32\svchost.exe,,0x8000000000000000,4,,,0,,,,,,,{f57bd86a-36f8-658c-3e00-000000000f00},3588,3212,,,,,InvDB-Path,2023-12-27T21:24:38.3389456Z,,\REGISTRY\A\{b3b14332-edc6-625a-c682-62677f6d06d4}\Root\InventoryApplicationFile\csc.exe|151e2b3228d75f8e\LowerCaseLongPath,13,,5124,NT AUTHORITY\SYSTEM,S-1-5-18,2023-12-27 21:24:38.333,2,"<Event xmlns=""http://schemas.microsoft.com/win/2004/08/events/event"">
    <System>
      <Provider Name=""Microsoft-Windows-Sysmon"" Guid=""{5770385f-c22a-43e0-bf4c-06f5698ffbd9}""/>
      <EventID>13</EventID>
      <Version>2</Version>
      <Level>4</Level>
      <Task>13</Task>
      <Opcode>0</Opcode>
      <Keywords>0x8000000000000000</Keywords>
      <TimeCreated SystemTime=""2023-12-27T21:24:38.3389456Z""/>
      <EventRecordID>19588</EventRecordID>
      <Correlation/>
      <Execution ProcessID=""3588"" ThreadID=""5124""/>
      <Channel>Microsoft-Windows-Sysmon/Operational</Channel>
      <Computer>WinDev2309Eval</Computer>
      <Security UserID=""S-1-5-18""/>
    </System>
    <EventData>
      <Data Name=""RuleName"">InvDB-Path</Data>
      <Data Name=""EventType"">SetValue</Data>
      <Data Name=""UtcTime"">2023-12-27 21:24:38.333</Data>
      <Data Name=""ProcessGuid"">{f57bd86a-36f8-658c-3e00-000000000f00}</Data>
      <Data Name=""ProcessId"">3212</Data>
      <Data Name=""Image"">C:\Windows\System32\svchost.exe</Data>
      <Data Name=""TargetObject"">\REGISTRY\A\{b3b14332-edc6-625a-c682-62677f6d06d4}\Root\InventoryApplicationFile\csc.exe|151e2b3228d75f8e\LowerCaseLongPath</Data>
      <Data Name=""Details"">c:\windows\microsoft.net\framework\v4.0.30319\csc.exe</Data>
      <Data Name=""User"">NT AUTHORITY\SYSTEM</Data>
    </EventData>
  </Event>
  
"
Microsoft-Windows-Sysmon/Operational,,,WinDev2309Eval,,,,4.0.30319.0,13,19587,SetValue,,,C:\Windows\System32\svchost.exe,,0x8000000000000000,4,,,0,,,,,,,{f57bd86a-36f8-658c-3e00-000000000f00},3588,3212,,,,,InvDB-Ver,2023-12-27T21:24:38.0382450Z,,\REGISTRY\A\{b3b14332-edc6-625a-c682-62677f6d06d4}\Root\InventoryApplicationFile\msbuild.exe|94596b7cc5f070ff\BinProductVersion,13,,5124,NT AUTHORITY\SYSTEM,S-1-5-18,2023-12-27 21:24:38.032,2,"<Event xmlns=""http://schemas.microsoft.com/win/2004/08/events/event"">
    <System>
      <Provider Name=""Microsoft-Windows-Sysmon"" Guid=""{5770385f-c22a-43e0-bf4c-06f5698ffbd9}""/>
      <EventID>13</EventID>
      <Version>2</Version>
      <Level>4</Level>
      <Task>13</Task>
      <Opcode>0</Opcode>
      <Keywords>0x8000000000000000</Keywords>
      <TimeCreated SystemTime=""2023-12-27T21:24:38.0382450Z""/>
      <EventRecordID>19587</EventRecordID>
      <Correlation/>
      <Execution ProcessID=""3588"" ThreadID=""5124""/>
      <Channel>Microsoft-Windows-Sysmon/Operational</Channel>
      <Computer>WinDev2309Eval</Computer>
      <Security UserID=""S-1-5-18""/>
    </System>
    <EventData>
      <Data Name=""RuleName"">InvDB-Ver</Data>
      <Data Name=""EventType"">SetValue</Data>
      <Data Name=""UtcTime"">2023-12-27 21:24:38.032</Data>
      <Data Name=""ProcessGuid"">{f57bd86a-36f8-658c-3e00-000000000f00}</Data>
      <Data Name=""ProcessId"">3212</Data>
      <Data Name=""Image"">C:\Windows\System32\svchost.exe</Data>
      <Data Name=""TargetObject"">\REGISTRY\A\{b3b14332-edc6-625a-c682-62677f6d06d4}\Root\InventoryApplicationFile\msbuild.exe|94596b7cc5f070ff\BinProductVersion</Data>
      <Data Name=""Details"">4.0.30319.0</Data>
      <Data Name=""User"">NT AUTHORITY\SYSTEM</Data>
    </EventData>
  </Event>
  
"
Microsoft-Windows-Sysmon/Operational,,,WinDev2309Eval,,,,04/08/2022 21:43:49,13,19586,SetValue,,,C:\Windows\System32\svchost.exe,,0x8000000000000000,4,,,0,,,,,,,{f57bd86a-36f8-658c-3e00-000000000f00},3588,3212,,,,,InvDB-CompileTimeClaim,2023-12-27T21:24:38.0381882Z,,\REGISTRY\A\{b3b14332-edc6-625a-c682-62677f6d06d4}\Root\InventoryApplicationFile\msbuild.exe|94596b7cc5f070ff\LinkDate,13,,5124,NT AUTHORITY\SYSTEM,S-1-5-18,2023-12-27 21:24:38.032,2,"<Event xmlns=""http://schemas.microsoft.com/win/2004/08/events/event"">
    <System>
      <Provider Name=""Microsoft-Windows-Sysmon"" Guid=""{5770385f-c22a-43e0-bf4c-06f5698ffbd9}""/>
      <EventID>13</EventID>
      <Version>2</Version>
      <Level>4</Level>
      <Task>13</Task>
      <Opcode>0</Opcode>
      <Keywords>0x8000000000000000</Keywords>
      <TimeCreated SystemTime=""2023-12-27T21:24:38.0381882Z""/>
      <EventRecordID>19586</EventRecordID>
      <Correlation/>
      <Execution ProcessID=""3588"" ThreadID=""5124""/>
      <Channel>Microsoft-Windows-Sysmon/Operational</Channel>
      <Computer>WinDev2309Eval</Computer>
      <Security UserID=""S-1-5-18""/>
    </System>
    <EventData>
      <Data Name=""RuleName"">InvDB-CompileTimeClaim</Data>
      <Data Name=""EventType"">SetValue</Data>
      <Data Name=""UtcTime"">2023-12-27 21:24:38.032</Data>
      <Data Name=""ProcessGuid"">{f57bd86a-36f8-658c-3e00-000000000f00}</Data>
      <Data Name=""ProcessId"">3212</Data>
      <Data Name=""Image"">C:\Windows\System32\svchost.exe</Data>
      <Data Name=""TargetObject"">\REGISTRY\A\{b3b14332-edc6-625a-c682-62677f6d06d4}\Root\InventoryApplicationFile\msbuild.exe|94596b7cc5f070ff\LinkDate</Data>
      <Data Name=""Details"">04/08/2022 21:43:49</Data>
      <Data Name=""User"">NT AUTHORITY\SYSTEM</Data>
    </EventData>
  </Event>
  
"
Microsoft-Windows-Sysmon/Operational,,,WinDev2309Eval,,,,microsoft corporation,13,19585,SetValue,,,C:\Windows\System32\svchost.exe,,0x8000000000000000,4,,,0,,,,,,,{f57bd86a-36f8-658c-3e00-000000000f00},3588,3212,,,,,InvDB-Pub,2023-12-27T21:24:38.0378292Z,,\REGISTRY\A\{b3b14332-edc6-625a-c682-62677f6d06d4}\Root\InventoryApplicationFile\msbuild.exe|94596b7cc5f070ff\Publisher,13,,5124,NT AUTHORITY\SYSTEM,S-1-5-18,2023-12-27 21:24:38.032,2,"<Event xmlns=""http://schemas.microsoft.com/win/2004/08/events/event"">
    <System>
      <Provider Name=""Microsoft-Windows-Sysmon"" Guid=""{5770385f-c22a-43e0-bf4c-06f5698ffbd9}""/>
      <EventID>13</EventID>
      <Version>2</Version>
      <Level>4</Level>
      <Task>13</Task>
      <Opcode>0</Opcode>
      <Keywords>0x8000000000000000</Keywords>
      <TimeCreated SystemTime=""2023-12-27T21:24:38.0378292Z""/>
      <EventRecordID>19585</EventRecordID>
      <Correlation/>
      <Execution ProcessID=""3588"" ThreadID=""5124""/>
      <Channel>Microsoft-Windows-Sysmon/Operational</Channel>
      <Computer>WinDev2309Eval</Computer>
      <Security UserID=""S-1-5-18""/>
    </System>
    <EventData>
      <Data Name=""RuleName"">InvDB-Pub</Data>
      <Data Name=""EventType"">SetValue</Data>
      <Data Name=""UtcTime"">2023-12-27 21:24:38.032</Data>
      <Data Name=""ProcessGuid"">{f57bd86a-36f8-658c-3e00-000000000f00}</Data>
      <Data Name=""ProcessId"">3212</Data>
      <Data Name=""Image"">C:\Windows\System32\svchost.exe</Data>
      <Data Name=""TargetObject"">\REGISTRY\A\{b3b14332-edc6-625a-c682-62677f6d06d4}\Root\InventoryApplicationFile\msbuild.exe|94596b7cc5f070ff\Publisher</Data>
      <Data Name=""Details"">microsoft corporation</Data>
      <Data Name=""User"">NT AUTHORITY\SYSTEM</Data>
    </EventData>
  </Event>
  
"
Microsoft-Windows-Sysmon/Operational,,,WinDev2309Eval,,,,c:\windows\microsoft.net\framework\v4.0.30319\msbuild.exe,13,19584,SetValue,,,C:\Windows\System32\svchost.exe,,0x8000000000000000,4,,,0,,,,,,,{f57bd86a-36f8-658c-3e00-000000000f00},3588,3212,,,,,InvDB-Path,2023-12-27T21:24:38.0376657Z,,\REGISTRY\A\{b3b14332-edc6-625a-c682-62677f6d06d4}\Root\InventoryApplicationFile\msbuild.exe|94596b7cc5f070ff\LowerCaseLongPath,13,,5124,NT AUTHORITY\SYSTEM,S-1-5-18,2023-12-27 21:24:38.032,2,"<Event xmlns=""http://schemas.microsoft.com/win/2004/08/events/event"">
    <System>
      <Provider Name=""Microsoft-Windows-Sysmon"" Guid=""{5770385f-c22a-43e0-bf4c-06f5698ffbd9}""/>
      <EventID>13</EventID>
      <Version>2</Version>
      <Level>4</Level>
      <Task>13</Task>
      <Opcode>0</Opcode>
      <Keywords>0x8000000000000000</Keywords>
      <TimeCreated SystemTime=""2023-12-27T21:24:38.0376657Z""/>
      <EventRecordID>19584</EventRecordID>
      <Correlation/>
      <Execution ProcessID=""3588"" ThreadID=""5124""/>
      <Channel>Microsoft-Windows-Sysmon/Operational</Channel>
      <Computer>WinDev2309Eval</Computer>
      <Security UserID=""S-1-5-18""/>
    </System>
    <EventData>
      <Data Name=""RuleName"">InvDB-Path</Data>
      <Data Name=""EventType"">SetValue</Data>
      <Data Name=""UtcTime"">2023-12-27 21:24:38.032</Data>
      <Data Name=""ProcessGuid"">{f57bd86a-36f8-658c-3e00-000000000f00}</Data>
      <Data Name=""ProcessId"">3212</Data>
      <Data Name=""Image"">C:\Windows\System32\svchost.exe</Data>
      <Data Name=""TargetObject"">\REGISTRY\A\{b3b14332-edc6-625a-c682-62677f6d06d4}\Root\InventoryApplicationFile\msbuild.exe|94596b7cc5f070ff\LowerCaseLongPath</Data>
      <Data Name=""Details"">c:\windows\microsoft.net\framework\v4.0.30319\msbuild.exe</Data>
      <Data Name=""User"">NT AUTHORITY\SYSTEM</Data>
    </EventData>
  </Event>
  
"
Microsoft-Windows-Sysmon/Operational,,,WinDev2309Eval,2023-12-27 21:24:37.775,,,,11,19583,,,,C:\Windows\Microsoft.NET\Framework\v4.0.30319\csc.exe,,0x8000000000000000,4,,,0,,,,,,,{f57bd86a-9615-658c-c901-000000000f00},3588,3660,,,,,DLL,2023-12-27T21:24:37.8713389Z,C:\Users\User\AppData\Local\Temp\pd40d5sm.dll,,11,,5124,WINDEV2309EVAL\User,S-1-5-18,2023-12-27 21:24:37.856,2,"<Event xmlns=""http://schemas.microsoft.com/win/2004/08/events/event"">
    <System>
      <Provider Name=""Microsoft-Windows-Sysmon"" Guid=""{5770385f-c22a-43e0-bf4c-06f5698ffbd9}""/>
      <EventID>11</EventID>
      <Version>2</Version>
      <Level>4</Level>
      <Task>11</Task>
      <Opcode>0</Opcode>
      <Keywords>0x8000000000000000</Keywords>
      <TimeCreated SystemTime=""2023-12-27T21:24:37.8713389Z""/>
      <EventRecordID>19583</EventRecordID>
      <Correlation/>
      <Execution ProcessID=""3588"" ThreadID=""5124""/>
      <Channel>Microsoft-Windows-Sysmon/Operational</Channel>
      <Computer>WinDev2309Eval</Computer>
      <Security UserID=""S-1-5-18""/>
    </System>
    <EventData>
      <Data Name=""RuleName"">DLL</Data>
      <Data Name=""UtcTime"">2023-12-27 21:24:37.856</Data>
      <Data Name=""ProcessGuid"">{f57bd86a-9615-658c-c901-000000000f00}</Data>
      <Data Name=""ProcessId"">3660</Data>
      <Data Name=""Image"">C:\Windows\Microsoft.NET\Framework\v4.0.30319\csc.exe</Data>
      <Data Name=""TargetFilename"">C:\Users\User\AppData\Local\Temp\pd40d5sm.dll</Data>
      <Data Name=""CreationUtcTime"">2023-12-27 21:24:37.775</Data>
      <Data Name=""User"">WINDEV2309EVAL\User</Data>
    </EventData>
  </Event>
  
"
Microsoft-Windows-Sysmon/Operational,"C:\Windows\Microsoft.NET\Framework\v4.0.30319\cvtres.exe /NOLOGO /READONLY /MACHINE:IX86 ""/OUT:C:\Users\User\AppData\Local\Temp\RES58E3.tmp"" ""c:\Users\User\AppData\Local\Temp\CSC9B8BCAFE8D9347BE842E72C986D0C8B.TMP""",Microsoft Corporation,WinDev2309Eval,,C:\AtomicRedTeam\atomics\T1127.001\src\,Microsoft® Resource File To COFF Object Conversion Utility,,1,19582,,14.32.31326.0,"MD5=44B91F024D116BDAD06F236C8EEDCB42,SHA256=D87971E7479DEEE3F54CDBE3522EE606C346991155B9A63B10C6789BB6D19192,IMPHASH=044A5794DF3749EEC2D2F845066C10CC",C:\Windows\Microsoft.NET\Framework\v4.0.30319\cvtres.exe,Medium,0x8000000000000000,4,{f57bd86a-36f9-658c-7bf8-020000000000},0x2f87b,0,CVTRES.EXE,"""C:\Windows\Microsoft.NET\Framework\v4.0.30319\csc.exe"" /noconfig /fullpaths @""C:\Users\User\AppData\Local\Temp\pd40d5sm.cmdline""",C:\Windows\Microsoft.NET\Framework\v4.0.30319\csc.exe,{f57bd86a-9615-658c-c901-000000000f00},3660,WINDEV2309EVAL\User,{f57bd86a-9615-658c-ca01-000000000f00},3588,7388,Microsoft® .NET Framework,,,,-,2023-12-27T21:24:37.8566625Z,,,1,1,5124,WINDEV2309EVAL\User,S-1-5-18,2023-12-27 21:24:37.855,5,"<Event xmlns=""http://schemas.microsoft.com/win/2004/08/events/event"">
    <System>
      <Provider Name=""Microsoft-Windows-Sysmon"" Guid=""{5770385f-c22a-43e0-bf4c-06f5698ffbd9}""/>
      <EventID>1</EventID>
      <Version>5</Version>
      <Level>4</Level>
      <Task>1</Task>
      <Opcode>0</Opcode>
      <Keywords>0x8000000000000000</Keywords>
      <TimeCreated SystemTime=""2023-12-27T21:24:37.8566625Z""/>
      <EventRecordID>19582</EventRecordID>
      <Correlation/>
      <Execution ProcessID=""3588"" ThreadID=""5124""/>
      <Channel>Microsoft-Windows-Sysmon/Operational</Channel>
      <Computer>WinDev2309Eval</Computer>
      <Security UserID=""S-1-5-18""/>
    </System>
    <EventData>
      <Data Name=""RuleName"">-</Data>
      <Data Name=""UtcTime"">2023-12-27 21:24:37.855</Data>
      <Data Name=""ProcessGuid"">{f57bd86a-9615-658c-ca01-000000000f00}</Data>
      <Data Name=""ProcessId"">7388</Data>
      <Data Name=""Image"">C:\Windows\Microsoft.NET\Framework\v4.0.30319\cvtres.exe</Data>
      <Data Name=""FileVersion"">14.32.31326.0</Data>
      <Data Name=""Description"">Microsoft&#174; Resource File To COFF Object Conversion Utility</Data>
      <Data Name=""Product"">Microsoft&#174; .NET Framework</Data>
      <Data Name=""Company"">Microsoft Corporation</Data>
      <Data Name=""OriginalFileName"">CVTRES.EXE</Data>
      <Data Name=""CommandLine"">C:\Windows\Microsoft.NET\Framework\v4.0.30319\cvtres.exe /NOLOGO /READONLY /MACHINE:IX86 ""/OUT:C:\Users\User\AppData\Local\Temp\RES58E3.tmp"" ""c:\Users\User\AppData\Local\Temp\CSC9B8BCAFE8D9347BE842E72C986D0C8B.TMP""</Data>
      <Data Name=""CurrentDirectory"">C:\AtomicRedTeam\atomics\T1127.001\src\</Data>
      <Data Name=""User"">WINDEV2309EVAL\User</Data>
      <Data Name=""LogonGuid"">{f57bd86a-36f9-658c-7bf8-020000000000}</Data>
      <Data Name=""LogonId"">0x2f87b</Data>
      <Data Name=""TerminalSessionId"">1</Data>
      <Data Name=""IntegrityLevel"">Medium</Data>
      <Data Name=""Hashes"">MD5=44B91F024D116BDAD06F236C8EEDCB42,SHA256=D87971E7479DEEE3F54CDBE3522EE606C346991155B9A63B10C6789BB6D19192,IMPHASH=044A5794DF3749EEC2D2F845066C10CC</Data>
      <Data Name=""ParentProcessGuid"">{f57bd86a-9615-658c-c901-000000000f00}</Data>
      <Data Name=""ParentProcessId"">3660</Data>
      <Data Name=""ParentImage"">C:\Windows\Microsoft.NET\Framework\v4.0.30319\csc.exe</Data>
      <Data Name=""ParentCommandLine"">""C:\Windows\Microsoft.NET\Framework\v4.0.30319\csc.exe"" /noconfig /fullpaths @""C:\Users\User\AppData\Local\Temp\pd40d5sm.cmdline""</Data>
      <Data Name=""ParentUser"">WINDEV2309EVAL\User</Data>
    </EventData>
  </Event>
  
"
