Microsoft-Windows-Sysmon/Operational,C:\Windows\system32\cmd.exe /c calc.exe,Microsoft Corporation,WinDev2309Eval,,C:\Users\User\AppData\Local\Temp\,Windows Command Processor,,,,,,,1,9484,,10.0.22621.1635 (WinBuild.160101.0800),"MD5=5A6BE4D2519515241D0C133A26CF62C0,SHA256=423E0E810A69AACEBA0E5670E58AFF898CF0EBFFAB99CCB46EBB3464C3D2FACB,IMPHASH=D73E39DAB3C8B57AA408073D01254964",C:\Windows\System32\cmd.exe,,Medium,0x8000000000000000,Information,{fda94052-3502-658d-b367-080000000000},0x867b3,"Process Create:

RuleName: -

UtcTime: 2023-12-28 12:12:25.832

ProcessGuid: {fda94052-6629-658d-7602-000000000b00}

ProcessId: 1168

Image: C:\Windows\System32\cmd.exe

FileVersion: 10.0.22621.1635 (WinBuild.160101.0800)

Description: Windows Command Processor

Product: Microsoft® Windows® Operating System

Company: Microsoft Corporation

OriginalFileName: Cmd.Exe

CommandLine: C:\Windows\system32\cmd.exe /c calc.exe

CurrentDirectory: C:\Users\User\AppData\Local\Temp\

User: WINDEV2309EVAL\User

LogonGuid: {fda94052-3502-658d-b367-080000000000}

LogonId: 0x867B3

TerminalSessionId: 1

IntegrityLevel: Medium

Hashes: MD5=5A6BE4D2519515241D0C133A26CF62C0,SHA256=423E0E810A69AACEBA0E5670E58AFF898CF0EBFFAB99CCB46EBB3464C3D2FACB,IMPHASH=D73E39DAB3C8B57AA408073D01254964

ParentProcessGuid: {fda94052-6629-658d-7502-000000000b00}

ParentProcessId: 3736

ParentImage: C:\Program Files\Internet Explorer\iexplore.exe

ParentCommandLine: 0

ParentUser: WINDEV2309EVAL\User",,Info,Cmd.Exe,0,C:\Program Files\Internet Explorer\iexplore.exe,{fda94052-6629-658d-7502-000000000b00},3736,WINDEV2309EVAL\User,{fda94052-6629-658d-7602-000000000b00},7044,1168,Microsoft® Windows® Operating System,,,,,"
      ",-,,,,,,,,,,,,,2023-12-28T12:12:25.8338697Z,,,,,,,Process Create (rule: ProcessCreate),1,6672,WINDEV2309EVAL\User,S-1-5-18,2023-12-28 12:12:25.832,5,"<Event xmlns=""http://schemas.microsoft.com/win/2004/08/events/event"">
    <System>
      <Provider Name=""Microsoft-Windows-Sysmon"" Guid=""{5770385f-c22a-43e0-bf4c-06f5698ffbd9}""/>
      <EventID>1</EventID>
      <Version>5</Version>
      <Level>4</Level>
      <Task>1</Task>
      <Opcode>0</Opcode>
      <Keywords>0x8000000000000000</Keywords>
      <TimeCreated SystemTime=""2023-12-28T12:12:25.8338697Z""/>
      <EventRecordID>9484</EventRecordID>
      <Correlation/>
      <Execution ProcessID=""7044"" ThreadID=""6672""/>
      <Channel>Microsoft-Windows-Sysmon/Operational</Channel>
      <Computer>WinDev2309Eval</Computer>
      <Security UserID=""S-1-5-18""/>
    </System>
    <EventData>
      <Data Name=""RuleName"">-</Data>
      <Data Name=""UtcTime"">2023-12-28 12:12:25.832</Data>
      <Data Name=""ProcessGuid"">{fda94052-6629-658d-7602-000000000b00}</Data>
      <Data Name=""ProcessId"">1168</Data>
      <Data Name=""Image"">C:\Windows\System32\cmd.exe</Data>
      <Data Name=""FileVersion"">10.0.22621.1635 (WinBuild.160101.0800)</Data>
      <Data Name=""Description"">Windows Command Processor</Data>
      <Data Name=""Product"">Microsoft&#174; Windows&#174; Operating System</Data>
      <Data Name=""Company"">Microsoft Corporation</Data>
      <Data Name=""OriginalFileName"">Cmd.Exe</Data>
      <Data Name=""CommandLine"">C:\Windows\system32\cmd.exe /c calc.exe</Data>
      <Data Name=""CurrentDirectory"">C:\Users\User\AppData\Local\Temp\</Data>
      <Data Name=""User"">WINDEV2309EVAL\User</Data>
      <Data Name=""LogonGuid"">{fda94052-3502-658d-b367-080000000000}</Data>
      <Data Name=""LogonId"">0x867b3</Data>
      <Data Name=""TerminalSessionId"">1</Data>
      <Data Name=""IntegrityLevel"">Medium</Data>
      <Data Name=""Hashes"">MD5=5A6BE4D2519515241D0C133A26CF62C0,SHA256=423E0E810A69AACEBA0E5670E58AFF898CF0EBFFAB99CCB46EBB3464C3D2FACB,IMPHASH=D73E39DAB3C8B57AA408073D01254964</Data>
      <Data Name=""ParentProcessGuid"">{fda94052-6629-658d-7502-000000000b00}</Data>
      <Data Name=""ParentProcessId"">3736</Data>
      <Data Name=""ParentImage"">C:\Program Files\Internet Explorer\iexplore.exe</Data>
      <Data Name=""ParentCommandLine"">0</Data>
      <Data Name=""ParentUser"">WINDEV2309EVAL\User</Data>
    </EventData>
    <RenderingInfo Culture=""en-US"">
      <Message>Process Create:

RuleName: -

UtcTime: 2023-12-28 12:12:25.832

ProcessGuid: {fda94052-6629-658d-7602-000000000b00}

ProcessId: 1168

Image: C:\Windows\System32\cmd.exe

FileVersion: 10.0.22621.1635 (WinBuild.160101.0800)

Description: Windows Command Processor

Product: Microsoft&#174; Windows&#174; Operating System

Company: Microsoft Corporation

OriginalFileName: Cmd.Exe

CommandLine: C:\Windows\system32\cmd.exe /c calc.exe

CurrentDirectory: C:\Users\User\AppData\Local\Temp\

User: WINDEV2309EVAL\User

LogonGuid: {fda94052-3502-658d-b367-080000000000}

LogonId: 0x867B3

TerminalSessionId: 1

IntegrityLevel: Medium

Hashes: MD5=5A6BE4D2519515241D0C133A26CF62C0,SHA256=423E0E810A69AACEBA0E5670E58AFF898CF0EBFFAB99CCB46EBB3464C3D2FACB,IMPHASH=D73E39DAB3C8B57AA408073D01254964

ParentProcessGuid: {fda94052-6629-658d-7502-000000000b00}

ParentProcessId: 3736

ParentImage: C:\Program Files\Internet Explorer\iexplore.exe

ParentCommandLine: 0

ParentUser: WINDEV2309EVAL\User</Message>
      <Level>Information</Level>
      <Task>Process Create (rule: ProcessCreate)</Task>
      <Opcode>Info</Opcode>
    </RenderingInfo>
  </Event>
  
"
Microsoft-Windows-Sysmon/Operational,,,WinDev2309Eval,,,,,,,,,,8,9483,,,,,,,0x8000000000000000,Information,,,"CreateRemoteThread detected:

RuleName: -

UtcTime: 2023-12-28 12:12:25.753

SourceProcessGuid: {fda94052-6627-658d-6f02-000000000b00}

SourceProcessId: 9132

SourceImage: C:\Windows\System32\WindowsPowerShell\v1.0\powershell.exe

TargetProcessGuid: {fda94052-6629-658d-7502-000000000b00}

TargetProcessId: 3736

TargetImage: C:\Program Files\Internet Explorer\iexplore.exe

NewThreadId: 2064

StartAddress: 0x00007FFC71DB92C0

StartModule: -

StartFunction: -

SourceUser: WINDEV2309EVAL\User

TargetUser: WINDEV2309EVAL\User",2064,Info,,,,,,,,7044,,,,,,,"
      ",-,,C:\Windows\System32\WindowsPowerShell\v1.0\powershell.exe,,,,,{fda94052-6627-658d-6f02-000000000b00},9132,WINDEV2309EVAL\User,0x00007FFC71DB92C0,-,-,2023-12-28T12:12:25.7615562Z,,C:\Program Files\Internet Explorer\iexplore.exe,,{fda94052-6629-658d-7502-000000000b00},3736,WINDEV2309EVAL\User,CreateRemoteThread detected (rule: CreateRemoteThread),,6672,,S-1-5-18,2023-12-28 12:12:25.753,2,"<Event xmlns=""http://schemas.microsoft.com/win/2004/08/events/event"">
    <System>
      <Provider Name=""Microsoft-Windows-Sysmon"" Guid=""{5770385f-c22a-43e0-bf4c-06f5698ffbd9}""/>
      <EventID>8</EventID>
      <Version>2</Version>
      <Level>4</Level>
      <Task>8</Task>
      <Opcode>0</Opcode>
      <Keywords>0x8000000000000000</Keywords>
      <TimeCreated SystemTime=""2023-12-28T12:12:25.7615562Z""/>
      <EventRecordID>9483</EventRecordID>
      <Correlation/>
      <Execution ProcessID=""7044"" ThreadID=""6672""/>
      <Channel>Microsoft-Windows-Sysmon/Operational</Channel>
      <Computer>WinDev2309Eval</Computer>
      <Security UserID=""S-1-5-18""/>
    </System>
    <EventData>
      <Data Name=""RuleName"">-</Data>
      <Data Name=""UtcTime"">2023-12-28 12:12:25.753</Data>
      <Data Name=""SourceProcessGuid"">{fda94052-6627-658d-6f02-000000000b00}</Data>
      <Data Name=""SourceProcessId"">9132</Data>
      <Data Name=""SourceImage"">C:\Windows\System32\WindowsPowerShell\v1.0\powershell.exe</Data>
      <Data Name=""TargetProcessGuid"">{fda94052-6629-658d-7502-000000000b00}</Data>
      <Data Name=""TargetProcessId"">3736</Data>
      <Data Name=""TargetImage"">C:\Program Files\Internet Explorer\iexplore.exe</Data>
      <Data Name=""NewThreadId"">2064</Data>
      <Data Name=""StartAddress"">0x00007FFC71DB92C0</Data>
      <Data Name=""StartModule"">-</Data>
      <Data Name=""StartFunction"">-</Data>
      <Data Name=""SourceUser"">WINDEV2309EVAL\User</Data>
      <Data Name=""TargetUser"">WINDEV2309EVAL\User</Data>
    </EventData>
    <RenderingInfo Culture=""en-US"">
      <Message>CreateRemoteThread detected:

RuleName: -

UtcTime: 2023-12-28 12:12:25.753

SourceProcessGuid: {fda94052-6627-658d-6f02-000000000b00}

SourceProcessId: 9132

SourceImage: C:\Windows\System32\WindowsPowerShell\v1.0\powershell.exe

TargetProcessGuid: {fda94052-6629-658d-7502-000000000b00}

TargetProcessId: 3736

TargetImage: C:\Program Files\Internet Explorer\iexplore.exe

NewThreadId: 2064

StartAddress: 0x00007FFC71DB92C0

StartModule: -

StartFunction: -

SourceUser: WINDEV2309EVAL\User

TargetUser: WINDEV2309EVAL\User</Message>
      <Level>Information</Level>
      <Task>CreateRemoteThread detected (rule: CreateRemoteThread)</Task>
      <Opcode>Info</Opcode>
    </RenderingInfo>
  </Event>
  
"
Microsoft-Windows-Sysmon/Operational,0,Microsoft Corporation,WinDev2309Eval,,C:\Users\User\AppData\Local\Temp\,Internet Explorer,,,,,,,1,9482,,11.00.22621.1 (WinBuild.160101.0800),"MD5=38DB285C10EFF53A83B862A714C748BC,SHA256=2551F9B7FF95785386C2AC58A033DBCC0537B84A05ACEFB0D4EF3AD5A955A281,IMPHASH=02738E38346837AF1FB5D756FD4FA9BA",C:\Program Files\Internet Explorer\iexplore.exe,,Medium,0x8000000000000000,Information,{fda94052-3502-658d-b367-080000000000},0x867b3,"Process Create:

RuleName: -

UtcTime: 2023-12-28 12:12:25.639

ProcessGuid: {fda94052-6629-658d-7502-000000000b00}

ProcessId: 3736

Image: C:\Program Files\Internet Explorer\iexplore.exe

FileVersion: 11.00.22621.1 (WinBuild.160101.0800)

Description: Internet Explorer

Product: Internet Explorer

Company: Microsoft Corporation

OriginalFileName: IEXPLORE.EXE

CommandLine: 0

CurrentDirectory: C:\Users\User\AppData\Local\Temp\

User: WINDEV2309EVAL\User

LogonGuid: {fda94052-3502-658d-b367-080000000000}

LogonId: 0x867B3

TerminalSessionId: 1

IntegrityLevel: Medium

Hashes: MD5=38DB285C10EFF53A83B862A714C748BC,SHA256=2551F9B7FF95785386C2AC58A033DBCC0537B84A05ACEFB0D4EF3AD5A955A281,IMPHASH=02738E38346837AF1FB5D756FD4FA9BA

ParentProcessGuid: {00000000-0000-0000-0000-000000000000}

ParentProcessId: 6436

ParentImage: -

ParentCommandLine: -

ParentUser: -",,Info,IEXPLORE.EXE,-,-,{00000000-0000-0000-0000-000000000000},6436,-,{fda94052-6629-658d-7502-000000000b00},7044,3736,Internet Explorer,,,,,"
      ",-,,,,,,,,,,,,,2023-12-28T12:12:25.6458378Z,,,,,,,Process Create (rule: ProcessCreate),1,6672,WINDEV2309EVAL\User,S-1-5-18,2023-12-28 12:12:25.639,5,"<Event xmlns=""http://schemas.microsoft.com/win/2004/08/events/event"">
    <System>
      <Provider Name=""Microsoft-Windows-Sysmon"" Guid=""{5770385f-c22a-43e0-bf4c-06f5698ffbd9}""/>
      <EventID>1</EventID>
      <Version>5</Version>
      <Level>4</Level>
      <Task>1</Task>
      <Opcode>0</Opcode>
      <Keywords>0x8000000000000000</Keywords>
      <TimeCreated SystemTime=""2023-12-28T12:12:25.6458378Z""/>
      <EventRecordID>9482</EventRecordID>
      <Correlation/>
      <Execution ProcessID=""7044"" ThreadID=""6672""/>
      <Channel>Microsoft-Windows-Sysmon/Operational</Channel>
      <Computer>WinDev2309Eval</Computer>
      <Security UserID=""S-1-5-18""/>
    </System>
    <EventData>
      <Data Name=""RuleName"">-</Data>
      <Data Name=""UtcTime"">2023-12-28 12:12:25.639</Data>
      <Data Name=""ProcessGuid"">{fda94052-6629-658d-7502-000000000b00}</Data>
      <Data Name=""ProcessId"">3736</Data>
      <Data Name=""Image"">C:\Program Files\Internet Explorer\iexplore.exe</Data>
      <Data Name=""FileVersion"">11.00.22621.1 (WinBuild.160101.0800)</Data>
      <Data Name=""Description"">Internet Explorer</Data>
      <Data Name=""Product"">Internet Explorer</Data>
      <Data Name=""Company"">Microsoft Corporation</Data>
      <Data Name=""OriginalFileName"">IEXPLORE.EXE</Data>
      <Data Name=""CommandLine"">0</Data>
      <Data Name=""CurrentDirectory"">C:\Users\User\AppData\Local\Temp\</Data>
      <Data Name=""User"">WINDEV2309EVAL\User</Data>
      <Data Name=""LogonGuid"">{fda94052-3502-658d-b367-080000000000}</Data>
      <Data Name=""LogonId"">0x867b3</Data>
      <Data Name=""TerminalSessionId"">1</Data>
      <Data Name=""IntegrityLevel"">Medium</Data>
      <Data Name=""Hashes"">MD5=38DB285C10EFF53A83B862A714C748BC,SHA256=2551F9B7FF95785386C2AC58A033DBCC0537B84A05ACEFB0D4EF3AD5A955A281,IMPHASH=02738E38346837AF1FB5D756FD4FA9BA</Data>
      <Data Name=""ParentProcessGuid"">{00000000-0000-0000-0000-000000000000}</Data>
      <Data Name=""ParentProcessId"">6436</Data>
      <Data Name=""ParentImage"">-</Data>
      <Data Name=""ParentCommandLine"">-</Data>
      <Data Name=""ParentUser"">-</Data>
    </EventData>
    <RenderingInfo Culture=""en-US"">
      <Message>Process Create:

RuleName: -

UtcTime: 2023-12-28 12:12:25.639

ProcessGuid: {fda94052-6629-658d-7502-000000000b00}

ProcessId: 3736

Image: C:\Program Files\Internet Explorer\iexplore.exe

FileVersion: 11.00.22621.1 (WinBuild.160101.0800)

Description: Internet Explorer

Product: Internet Explorer

Company: Microsoft Corporation

OriginalFileName: IEXPLORE.EXE

CommandLine: 0

CurrentDirectory: C:\Users\User\AppData\Local\Temp\

User: WINDEV2309EVAL\User

LogonGuid: {fda94052-3502-658d-b367-080000000000}

LogonId: 0x867B3

TerminalSessionId: 1

IntegrityLevel: Medium

Hashes: MD5=38DB285C10EFF53A83B862A714C748BC,SHA256=2551F9B7FF95785386C2AC58A033DBCC0537B84A05ACEFB0D4EF3AD5A955A281,IMPHASH=02738E38346837AF1FB5D756FD4FA9BA

ParentProcessGuid: {00000000-0000-0000-0000-000000000000}

ParentProcessId: 6436

ParentImage: -

ParentCommandLine: -

ParentUser: -</Message>
      <Level>Information</Level>
      <Task>Process Create (rule: ProcessCreate)</Task>
      <Opcode>Info</Opcode>
    </RenderingInfo>
  </Event>
  
"
Microsoft-Windows-Sysmon/Operational,,,WinDev2309Eval,2023-12-28 12:12:25.159,,,,,,,,,11,9481,,,,C:\Windows\Microsoft.NET\Framework64\v4.0.30319\csc.exe,,,0x8000000000000000,Information,,,"File created:

RuleName: DLL

UtcTime: 2023-12-28 12:12:25.284

ProcessGuid: {fda94052-6629-658d-7302-000000000b00}

ProcessId: 4700

Image: C:\Windows\Microsoft.NET\Framework64\v4.0.30319\csc.exe

TargetFilename: C:\Users\User\AppData\Local\Temp\o5ltu0ih.dll

CreationUtcTime: 2023-12-28 12:12:25.159

User: WINDEV2309EVAL\User",,Info,,,,,,,{fda94052-6629-658d-7302-000000000b00},7044,4700,,,,,,"
      ",DLL,,,,,,,,,,,,,2023-12-28T12:12:25.2968629Z,C:\Users\User\AppData\Local\Temp\o5ltu0ih.dll,,,,,,File created (rule: FileCreate),,6672,WINDEV2309EVAL\User,S-1-5-18,2023-12-28 12:12:25.284,2,"<Event xmlns=""http://schemas.microsoft.com/win/2004/08/events/event"">
    <System>
      <Provider Name=""Microsoft-Windows-Sysmon"" Guid=""{5770385f-c22a-43e0-bf4c-06f5698ffbd9}""/>
      <EventID>11</EventID>
      <Version>2</Version>
      <Level>4</Level>
      <Task>11</Task>
      <Opcode>0</Opcode>
      <Keywords>0x8000000000000000</Keywords>
      <TimeCreated SystemTime=""2023-12-28T12:12:25.2968629Z""/>
      <EventRecordID>9481</EventRecordID>
      <Correlation/>
      <Execution ProcessID=""7044"" ThreadID=""6672""/>
      <Channel>Microsoft-Windows-Sysmon/Operational</Channel>
      <Computer>WinDev2309Eval</Computer>
      <Security UserID=""S-1-5-18""/>
    </System>
    <EventData>
      <Data Name=""RuleName"">DLL</Data>
      <Data Name=""UtcTime"">2023-12-28 12:12:25.284</Data>
      <Data Name=""ProcessGuid"">{fda94052-6629-658d-7302-000000000b00}</Data>
      <Data Name=""ProcessId"">4700</Data>
      <Data Name=""Image"">C:\Windows\Microsoft.NET\Framework64\v4.0.30319\csc.exe</Data>
      <Data Name=""TargetFilename"">C:\Users\User\AppData\Local\Temp\o5ltu0ih.dll</Data>
      <Data Name=""CreationUtcTime"">2023-12-28 12:12:25.159</Data>
      <Data Name=""User"">WINDEV2309EVAL\User</Data>
    </EventData>
    <RenderingInfo Culture=""en-US"">
      <Message>File created:

RuleName: DLL

UtcTime: 2023-12-28 12:12:25.284

ProcessGuid: {fda94052-6629-658d-7302-000000000b00}

ProcessId: 4700

Image: C:\Windows\Microsoft.NET\Framework64\v4.0.30319\csc.exe

TargetFilename: C:\Users\User\AppData\Local\Temp\o5ltu0ih.dll

CreationUtcTime: 2023-12-28 12:12:25.159

User: WINDEV2309EVAL\User</Message>
      <Level>Information</Level>
      <Task>File created (rule: FileCreate)</Task>
      <Opcode>Info</Opcode>
    </RenderingInfo>
  </Event>
  
"
Microsoft-Windows-Sysmon/Operational,"C:\Windows\Microsoft.NET\Framework64\v4.0.30319\cvtres.exe /NOLOGO /READONLY /MACHINE:IX86 ""/OUT:C:\Users\User\AppData\Local\Temp\RES1027.tmp"" ""c:\Users\User\AppData\Local\Temp\CSCFBD27241384541458F6116E97040CB1C.TMP""",Microsoft Corporation,WinDev2309Eval,,C:\Users\User\AppData\Local\Temp\,Microsoft® Resource File To COFF Object Conversion Utility,,,,,,,1,9480,,14.32.31326.0,"MD5=8166CCB6A04B855AA918B36079C63B7D,SHA256=FD3EF1B4C91B2E85CCD05724A7CD527A3A27D7D549B0DCDB70D3D78BE120C560,IMPHASH=45A00F7304B8F089973962FBEF618959",C:\Windows\Microsoft.NET\Framework64\v4.0.30319\cvtres.exe,,Medium,0x8000000000000000,Information,{fda94052-3502-658d-b367-080000000000},0x867b3,"Process Create:

RuleName: -

UtcTime: 2023-12-28 12:12:25.280

ProcessGuid: {fda94052-6629-658d-7402-000000000b00}

ProcessId: 10560

Image: C:\Windows\Microsoft.NET\Framework64\v4.0.30319\cvtres.exe

FileVersion: 14.32.31326.0

Description: Microsoft® Resource File To COFF Object Conversion Utility

Product: Microsoft® .NET Framework

Company: Microsoft Corporation

OriginalFileName: CVTRES.EXE

CommandLine: C:\Windows\Microsoft.NET\Framework64\v4.0.30319\cvtres.exe /NOLOGO /READONLY /MACHINE:IX86 ""/OUT:C:\Users\User\AppData\Local\Temp\RES1027.tmp"" ""c:\Users\User\AppData\Local\Temp\CSCFBD27241384541458F6116E97040CB1C.TMP""

CurrentDirectory: C:\Users\User\AppData\Local\Temp\

User: WINDEV2309EVAL\User

LogonGuid: {fda94052-3502-658d-b367-080000000000}

LogonId: 0x867B3

TerminalSessionId: 1

IntegrityLevel: Medium

Hashes: MD5=8166CCB6A04B855AA918B36079C63B7D,SHA256=FD3EF1B4C91B2E85CCD05724A7CD527A3A27D7D549B0DCDB70D3D78BE120C560,IMPHASH=45A00F7304B8F089973962FBEF618959

ParentProcessGuid: {fda94052-6629-658d-7302-000000000b00}

ParentProcessId: 4700

ParentImage: C:\Windows\Microsoft.NET\Framework64\v4.0.30319\csc.exe

ParentCommandLine: ""C:\Windows\Microsoft.NET\Framework64\v4.0.30319\csc.exe"" /noconfig /fullpaths @""C:\Users\User\AppData\Local\Temp\o5ltu0ih.cmdline""

ParentUser: WINDEV2309EVAL\User",,Info,CVTRES.EXE,"""C:\Windows\Microsoft.NET\Framework64\v4.0.30319\csc.exe"" /noconfig /fullpaths @""C:\Users\User\AppData\Local\Temp\o5ltu0ih.cmdline""",C:\Windows\Microsoft.NET\Framework64\v4.0.30319\csc.exe,{fda94052-6629-658d-7302-000000000b00},4700,WINDEV2309EVAL\User,{fda94052-6629-658d-7402-000000000b00},7044,10560,Microsoft® .NET Framework,,,,,"
      ",-,,,,,,,,,,,,,2023-12-28T12:12:25.2818369Z,,,,,,,Process Create (rule: ProcessCreate),1,6672,WINDEV2309EVAL\User,S-1-5-18,2023-12-28 12:12:25.280,5,"<Event xmlns=""http://schemas.microsoft.com/win/2004/08/events/event"">
    <System>
      <Provider Name=""Microsoft-Windows-Sysmon"" Guid=""{5770385f-c22a-43e0-bf4c-06f5698ffbd9}""/>
      <EventID>1</EventID>
      <Version>5</Version>
      <Level>4</Level>
      <Task>1</Task>
      <Opcode>0</Opcode>
      <Keywords>0x8000000000000000</Keywords>
      <TimeCreated SystemTime=""2023-12-28T12:12:25.2818369Z""/>
      <EventRecordID>9480</EventRecordID>
      <Correlation/>
      <Execution ProcessID=""7044"" ThreadID=""6672""/>
      <Channel>Microsoft-Windows-Sysmon/Operational</Channel>
      <Computer>WinDev2309Eval</Computer>
      <Security UserID=""S-1-5-18""/>
    </System>
    <EventData>
      <Data Name=""RuleName"">-</Data>
      <Data Name=""UtcTime"">2023-12-28 12:12:25.280</Data>
      <Data Name=""ProcessGuid"">{fda94052-6629-658d-7402-000000000b00}</Data>
      <Data Name=""ProcessId"">10560</Data>
      <Data Name=""Image"">C:\Windows\Microsoft.NET\Framework64\v4.0.30319\cvtres.exe</Data>
      <Data Name=""FileVersion"">14.32.31326.0</Data>
      <Data Name=""Description"">Microsoft&#174; Resource File To COFF Object Conversion Utility</Data>
      <Data Name=""Product"">Microsoft&#174; .NET Framework</Data>
      <Data Name=""Company"">Microsoft Corporation</Data>
      <Data Name=""OriginalFileName"">CVTRES.EXE</Data>
      <Data Name=""CommandLine"">C:\Windows\Microsoft.NET\Framework64\v4.0.30319\cvtres.exe /NOLOGO /READONLY /MACHINE:IX86 ""/OUT:C:\Users\User\AppData\Local\Temp\RES1027.tmp"" ""c:\Users\User\AppData\Local\Temp\CSCFBD27241384541458F6116E97040CB1C.TMP""</Data>
      <Data Name=""CurrentDirectory"">C:\Users\User\AppData\Local\Temp\</Data>
      <Data Name=""User"">WINDEV2309EVAL\User</Data>
      <Data Name=""LogonGuid"">{fda94052-3502-658d-b367-080000000000}</Data>
      <Data Name=""LogonId"">0x867b3</Data>
      <Data Name=""TerminalSessionId"">1</Data>
      <Data Name=""IntegrityLevel"">Medium</Data>
      <Data Name=""Hashes"">MD5=8166CCB6A04B855AA918B36079C63B7D,SHA256=FD3EF1B4C91B2E85CCD05724A7CD527A3A27D7D549B0DCDB70D3D78BE120C560,IMPHASH=45A00F7304B8F089973962FBEF618959</Data>
      <Data Name=""ParentProcessGuid"">{fda94052-6629-658d-7302-000000000b00}</Data>
      <Data Name=""ParentProcessId"">4700</Data>
      <Data Name=""ParentImage"">C:\Windows\Microsoft.NET\Framework64\v4.0.30319\csc.exe</Data>
      <Data Name=""ParentCommandLine"">""C:\Windows\Microsoft.NET\Framework64\v4.0.30319\csc.exe"" /noconfig /fullpaths @""C:\Users\User\AppData\Local\Temp\o5ltu0ih.cmdline""</Data>
      <Data Name=""ParentUser"">WINDEV2309EVAL\User</Data>
    </EventData>
    <RenderingInfo Culture=""en-US"">
      <Message>Process Create:

RuleName: -

UtcTime: 2023-12-28 12:12:25.280

ProcessGuid: {fda94052-6629-658d-7402-000000000b00}

ProcessId: 10560

Image: C:\Windows\Microsoft.NET\Framework64\v4.0.30319\cvtres.exe

FileVersion: 14.32.31326.0

Description: Microsoft&#174; Resource File To COFF Object Conversion Utility

Product: Microsoft&#174; .NET Framework

Company: Microsoft Corporation

OriginalFileName: CVTRES.EXE

CommandLine: C:\Windows\Microsoft.NET\Framework64\v4.0.30319\cvtres.exe /NOLOGO /READONLY /MACHINE:IX86 ""/OUT:C:\Users\User\AppData\Local\Temp\RES1027.tmp"" ""c:\Users\User\AppData\Local\Temp\CSCFBD27241384541458F6116E97040CB1C.TMP""

CurrentDirectory: C:\Users\User\AppData\Local\Temp\

User: WINDEV2309EVAL\User

LogonGuid: {fda94052-3502-658d-b367-080000000000}

LogonId: 0x867B3

TerminalSessionId: 1

IntegrityLevel: Medium

Hashes: MD5=8166CCB6A04B855AA918B36079C63B7D,SHA256=FD3EF1B4C91B2E85CCD05724A7CD527A3A27D7D549B0DCDB70D3D78BE120C560,IMPHASH=45A00F7304B8F089973962FBEF618959

ParentProcessGuid: {fda94052-6629-658d-7302-000000000b00}

ParentProcessId: 4700

ParentImage: C:\Windows\Microsoft.NET\Framework64\v4.0.30319\csc.exe

ParentCommandLine: ""C:\Windows\Microsoft.NET\Framework64\v4.0.30319\csc.exe"" /noconfig /fullpaths @""C:\Users\User\AppData\Local\Temp\o5ltu0ih.cmdline""

ParentUser: WINDEV2309EVAL\User</Message>
      <Level>Information</Level>
      <Task>Process Create (rule: ProcessCreate)</Task>
      <Opcode>Info</Opcode>
    </RenderingInfo>
  </Event>
  
"
Microsoft-Windows-Sysmon/Operational,"""C:\Windows\Microsoft.NET\Framework64\v4.0.30319\csc.exe"" /noconfig /fullpaths @""C:\Users\User\AppData\Local\Temp\o5ltu0ih.cmdline""",Microsoft Corporation,WinDev2309Eval,,C:\Users\User\AppData\Local\Temp\,Visual C# Command Line Compiler,,,,,,,1,9479,,4.8.9032.0 built by: NET481REL1,"MD5=0700180046633A40D24729AE8CACC158,SHA256=A725546BDE53F1AD533E74ABB01DD5ED5F07B171F5C284738DA88F6CE478CF5F,IMPHASH=2E6A9097FBA347A254DAC72662FE1259",C:\Windows\Microsoft.NET\Framework64\v4.0.30319\csc.exe,,Medium,0x8000000000000000,Information,{fda94052-3502-658d-b367-080000000000},0x867b3,"Process Create:

RuleName: -

UtcTime: 2023-12-28 12:12:25.182

ProcessGuid: {fda94052-6629-658d-7302-000000000b00}

ProcessId: 4700

Image: C:\Windows\Microsoft.NET\Framework64\v4.0.30319\csc.exe

FileVersion: 4.8.9032.0 built by: NET481REL1

Description: Visual C# Command Line Compiler

Product: Microsoft® .NET Framework

Company: Microsoft Corporation

OriginalFileName: csc.exe

CommandLine: ""C:\Windows\Microsoft.NET\Framework64\v4.0.30319\csc.exe"" /noconfig /fullpaths @""C:\Users\User\AppData\Local\Temp\o5ltu0ih.cmdline""

CurrentDirectory: C:\Users\User\AppData\Local\Temp\

User: WINDEV2309EVAL\User

LogonGuid: {fda94052-3502-658d-b367-080000000000}

LogonId: 0x867B3

TerminalSessionId: 1

IntegrityLevel: Medium

Hashes: MD5=0700180046633A40D24729AE8CACC158,SHA256=A725546BDE53F1AD533E74ABB01DD5ED5F07B171F5C284738DA88F6CE478CF5F,IMPHASH=2E6A9097FBA347A254DAC72662FE1259

ParentProcessGuid: {fda94052-6627-658d-6f02-000000000b00}

ParentProcessId: 9132

ParentImage: C:\Windows\System32\WindowsPowerShell\v1.0\powershell.exe

ParentCommandLine: ""powershell.exe"" & {. \""""C:\AtomicRedTeam\atomics\T1134.004\src\PPID-Spoof.ps1\""""
$ppid=Get-Process explorer | select -expand id
PPID-Spoof -ppid $ppid -spawnto \""""C:\Program Files\Internet Explorer\iexplore.exe\"""" -dllpath \""""C:\AtomicRedTeam\atomics\T1134.004\bin\calc.dll\""""}

ParentUser: WINDEV2309EVAL\User",,Info,csc.exe,"""powershell.exe"" & {. \""""C:\AtomicRedTeam\atomics\T1134.004\src\PPID-Spoof.ps1\""""
$ppid=Get-Process explorer | select -expand id
PPID-Spoof -ppid $ppid -spawnto \""""C:\Program Files\Internet Explorer\iexplore.exe\"""" -dllpath \""""C:\AtomicRedTeam\atomics\T1134.004\bin\calc.dll\""""}",C:\Windows\System32\WindowsPowerShell\v1.0\powershell.exe,{fda94052-6627-658d-6f02-000000000b00},9132,WINDEV2309EVAL\User,{fda94052-6629-658d-7302-000000000b00},7044,4700,Microsoft® .NET Framework,,,,,"
      ",-,,,,,,,,,,,,,2023-12-28T12:12:25.1832083Z,,,,,,,Process Create (rule: ProcessCreate),1,6672,WINDEV2309EVAL\User,S-1-5-18,2023-12-28 12:12:25.182,5,"<Event xmlns=""http://schemas.microsoft.com/win/2004/08/events/event"">
    <System>
      <Provider Name=""Microsoft-Windows-Sysmon"" Guid=""{5770385f-c22a-43e0-bf4c-06f5698ffbd9}""/>
      <EventID>1</EventID>
      <Version>5</Version>
      <Level>4</Level>
      <Task>1</Task>
      <Opcode>0</Opcode>
      <Keywords>0x8000000000000000</Keywords>
      <TimeCreated SystemTime=""2023-12-28T12:12:25.1832083Z""/>
      <EventRecordID>9479</EventRecordID>
      <Correlation/>
      <Execution ProcessID=""7044"" ThreadID=""6672""/>
      <Channel>Microsoft-Windows-Sysmon/Operational</Channel>
      <Computer>WinDev2309Eval</Computer>
      <Security UserID=""S-1-5-18""/>
    </System>
    <EventData>
      <Data Name=""RuleName"">-</Data>
      <Data Name=""UtcTime"">2023-12-28 12:12:25.182</Data>
      <Data Name=""ProcessGuid"">{fda94052-6629-658d-7302-000000000b00}</Data>
      <Data Name=""ProcessId"">4700</Data>
      <Data Name=""Image"">C:\Windows\Microsoft.NET\Framework64\v4.0.30319\csc.exe</Data>
      <Data Name=""FileVersion"">4.8.9032.0 built by: NET481REL1</Data>
      <Data Name=""Description"">Visual C# Command Line Compiler</Data>
      <Data Name=""Product"">Microsoft&#174; .NET Framework</Data>
      <Data Name=""Company"">Microsoft Corporation</Data>
      <Data Name=""OriginalFileName"">csc.exe</Data>
      <Data Name=""CommandLine"">""C:\Windows\Microsoft.NET\Framework64\v4.0.30319\csc.exe"" /noconfig /fullpaths @""C:\Users\User\AppData\Local\Temp\o5ltu0ih.cmdline""</Data>
      <Data Name=""CurrentDirectory"">C:\Users\User\AppData\Local\Temp\</Data>
      <Data Name=""User"">WINDEV2309EVAL\User</Data>
      <Data Name=""LogonGuid"">{fda94052-3502-658d-b367-080000000000}</Data>
      <Data Name=""LogonId"">0x867b3</Data>
      <Data Name=""TerminalSessionId"">1</Data>
      <Data Name=""IntegrityLevel"">Medium</Data>
      <Data Name=""Hashes"">MD5=0700180046633A40D24729AE8CACC158,SHA256=A725546BDE53F1AD533E74ABB01DD5ED5F07B171F5C284738DA88F6CE478CF5F,IMPHASH=2E6A9097FBA347A254DAC72662FE1259</Data>
      <Data Name=""ParentProcessGuid"">{fda94052-6627-658d-6f02-000000000b00}</Data>
      <Data Name=""ParentProcessId"">9132</Data>
      <Data Name=""ParentImage"">C:\Windows\System32\WindowsPowerShell\v1.0\powershell.exe</Data>
      <Data Name=""ParentCommandLine"">""powershell.exe"" &amp; {. \""""C:\AtomicRedTeam\atomics\T1134.004\src\PPID-Spoof.ps1\""""
$ppid=Get-Process explorer | select -expand id
PPID-Spoof -ppid $ppid -spawnto \""""C:\Program Files\Internet Explorer\iexplore.exe\"""" -dllpath \""""C:\AtomicRedTeam\atomics\T1134.004\bin\calc.dll\""""}</Data>
      <Data Name=""ParentUser"">WINDEV2309EVAL\User</Data>
    </EventData>
    <RenderingInfo Culture=""en-US"">
      <Message>Process Create:

RuleName: -

UtcTime: 2023-12-28 12:12:25.182

ProcessGuid: {fda94052-6629-658d-7302-000000000b00}

ProcessId: 4700

Image: C:\Windows\Microsoft.NET\Framework64\v4.0.30319\csc.exe

FileVersion: 4.8.9032.0 built by: NET481REL1

Description: Visual C# Command Line Compiler

Product: Microsoft&#174; .NET Framework

Company: Microsoft Corporation

OriginalFileName: csc.exe

CommandLine: ""C:\Windows\Microsoft.NET\Framework64\v4.0.30319\csc.exe"" /noconfig /fullpaths @""C:\Users\User\AppData\Local\Temp\o5ltu0ih.cmdline""

CurrentDirectory: C:\Users\User\AppData\Local\Temp\

User: WINDEV2309EVAL\User

LogonGuid: {fda94052-3502-658d-b367-080000000000}

LogonId: 0x867B3

TerminalSessionId: 1

IntegrityLevel: Medium

Hashes: MD5=0700180046633A40D24729AE8CACC158,SHA256=A725546BDE53F1AD533E74ABB01DD5ED5F07B171F5C284738DA88F6CE478CF5F,IMPHASH=2E6A9097FBA347A254DAC72662FE1259

ParentProcessGuid: {fda94052-6627-658d-6f02-000000000b00}

ParentProcessId: 9132

ParentImage: C:\Windows\System32\WindowsPowerShell\v1.0\powershell.exe

ParentCommandLine: ""powershell.exe"" &amp; {. \""""C:\AtomicRedTeam\atomics\T1134.004\src\PPID-Spoof.ps1\""""
$ppid=Get-Process explorer | select -expand id
PPID-Spoof -ppid $ppid -spawnto \""""C:\Program Files\Internet Explorer\iexplore.exe\"""" -dllpath \""""C:\AtomicRedTeam\atomics\T1134.004\bin\calc.dll\""""}

ParentUser: WINDEV2309EVAL\User</Message>
      <Level>Information</Level>
      <Task>Process Create (rule: ProcessCreate)</Task>
      <Opcode>Info</Opcode>
    </RenderingInfo>
  </Event>
  
"
Microsoft-Windows-Sysmon/Operational,,,WinDev2309Eval,2023-12-28 12:12:25.159,,,,,,,,,11,9478,,,,C:\Windows\System32\WindowsPowerShell\v1.0\powershell.exe,,,0x8000000000000000,Information,,,"File created:

RuleName: -

UtcTime: 2023-12-28 12:12:25.159

ProcessGuid: {fda94052-6627-658d-6f02-000000000b00}

ProcessId: 9132

Image: C:\Windows\System32\WindowsPowerShell\v1.0\powershell.exe

TargetFilename: C:\Users\User\AppData\Local\Temp\o5ltu0ih.cmdline

CreationUtcTime: 2023-12-28 12:12:25.159

User: WINDEV2309EVAL\User",,Info,,,,,,,{fda94052-6627-658d-6f02-000000000b00},7044,9132,,,,,,"
      ",-,,,,,,,,,,,,,2023-12-28T12:12:25.1724070Z,C:\Users\User\AppData\Local\Temp\o5ltu0ih.cmdline,,,,,,File created (rule: FileCreate),,6672,WINDEV2309EVAL\User,S-1-5-18,2023-12-28 12:12:25.159,2,"<Event xmlns=""http://schemas.microsoft.com/win/2004/08/events/event"">
    <System>
      <Provider Name=""Microsoft-Windows-Sysmon"" Guid=""{5770385f-c22a-43e0-bf4c-06f5698ffbd9}""/>
      <EventID>11</EventID>
      <Version>2</Version>
      <Level>4</Level>
      <Task>11</Task>
      <Opcode>0</Opcode>
      <Keywords>0x8000000000000000</Keywords>
      <TimeCreated SystemTime=""2023-12-28T12:12:25.1724070Z""/>
      <EventRecordID>9478</EventRecordID>
      <Correlation/>
      <Execution ProcessID=""7044"" ThreadID=""6672""/>
      <Channel>Microsoft-Windows-Sysmon/Operational</Channel>
      <Computer>WinDev2309Eval</Computer>
      <Security UserID=""S-1-5-18""/>
    </System>
    <EventData>
      <Data Name=""RuleName"">-</Data>
      <Data Name=""UtcTime"">2023-12-28 12:12:25.159</Data>
      <Data Name=""ProcessGuid"">{fda94052-6627-658d-6f02-000000000b00}</Data>
      <Data Name=""ProcessId"">9132</Data>
      <Data Name=""Image"">C:\Windows\System32\WindowsPowerShell\v1.0\powershell.exe</Data>
      <Data Name=""TargetFilename"">C:\Users\User\AppData\Local\Temp\o5ltu0ih.cmdline</Data>
      <Data Name=""CreationUtcTime"">2023-12-28 12:12:25.159</Data>
      <Data Name=""User"">WINDEV2309EVAL\User</Data>
    </EventData>
    <RenderingInfo Culture=""en-US"">
      <Message>File created:

RuleName: -

UtcTime: 2023-12-28 12:12:25.159

ProcessGuid: {fda94052-6627-658d-6f02-000000000b00}

ProcessId: 9132

Image: C:\Windows\System32\WindowsPowerShell\v1.0\powershell.exe

TargetFilename: C:\Users\User\AppData\Local\Temp\o5ltu0ih.cmdline

CreationUtcTime: 2023-12-28 12:12:25.159

User: WINDEV2309EVAL\User</Message>
      <Level>Information</Level>
      <Task>File created (rule: FileCreate)</Task>
      <Opcode>Info</Opcode>
    </RenderingInfo>
  </Event>
  
"
Microsoft-Windows-Sysmon/Operational,,,WinDev2309Eval,2023-12-28 12:12:25.159,,,,,,,,,11,9477,,,,C:\Windows\System32\WindowsPowerShell\v1.0\powershell.exe,,,0x8000000000000000,Information,,,"File created:

RuleName: DLL

UtcTime: 2023-12-28 12:12:25.159

ProcessGuid: {fda94052-6627-658d-6f02-000000000b00}

ProcessId: 9132

Image: C:\Windows\System32\WindowsPowerShell\v1.0\powershell.exe

TargetFilename: C:\Users\User\AppData\Local\Temp\o5ltu0ih.dll

CreationUtcTime: 2023-12-28 12:12:25.159

User: WINDEV2309EVAL\User",,Info,,,,,,,{fda94052-6627-658d-6f02-000000000b00},7044,9132,,,,,,"
      ",DLL,,,,,,,,,,,,,2023-12-28T12:12:25.1686407Z,C:\Users\User\AppData\Local\Temp\o5ltu0ih.dll,,,,,,File created (rule: FileCreate),,6672,WINDEV2309EVAL\User,S-1-5-18,2023-12-28 12:12:25.159,2,"<Event xmlns=""http://schemas.microsoft.com/win/2004/08/events/event"">
    <System>
      <Provider Name=""Microsoft-Windows-Sysmon"" Guid=""{5770385f-c22a-43e0-bf4c-06f5698ffbd9}""/>
      <EventID>11</EventID>
      <Version>2</Version>
      <Level>4</Level>
      <Task>11</Task>
      <Opcode>0</Opcode>
      <Keywords>0x8000000000000000</Keywords>
      <TimeCreated SystemTime=""2023-12-28T12:12:25.1686407Z""/>
      <EventRecordID>9477</EventRecordID>
      <Correlation/>
      <Execution ProcessID=""7044"" ThreadID=""6672""/>
      <Channel>Microsoft-Windows-Sysmon/Operational</Channel>
      <Computer>WinDev2309Eval</Computer>
      <Security UserID=""S-1-5-18""/>
    </System>
    <EventData>
      <Data Name=""RuleName"">DLL</Data>
      <Data Name=""UtcTime"">2023-12-28 12:12:25.159</Data>
      <Data Name=""ProcessGuid"">{fda94052-6627-658d-6f02-000000000b00}</Data>
      <Data Name=""ProcessId"">9132</Data>
      <Data Name=""Image"">C:\Windows\System32\WindowsPowerShell\v1.0\powershell.exe</Data>
      <Data Name=""TargetFilename"">C:\Users\User\AppData\Local\Temp\o5ltu0ih.dll</Data>
      <Data Name=""CreationUtcTime"">2023-12-28 12:12:25.159</Data>
      <Data Name=""User"">WINDEV2309EVAL\User</Data>
    </EventData>
    <RenderingInfo Culture=""en-US"">
      <Message>File created:

RuleName: DLL

UtcTime: 2023-12-28 12:12:25.159

ProcessGuid: {fda94052-6627-658d-6f02-000000000b00}

ProcessId: 9132

Image: C:\Windows\System32\WindowsPowerShell\v1.0\powershell.exe

TargetFilename: C:\Users\User\AppData\Local\Temp\o5ltu0ih.dll

CreationUtcTime: 2023-12-28 12:12:25.159

User: WINDEV2309EVAL\User</Message>
      <Level>Information</Level>
      <Task>File created (rule: FileCreate)</Task>
      <Opcode>Info</Opcode>
    </RenderingInfo>
  </Event>
  
"
Microsoft-Windows-Sysmon/Operational,C:\Windows\system32\vssvc.exe,Microsoft Corporation,WinDev2309Eval,,C:\Windows\system32\,Microsoft® Volume Shadow Copy Service,,,,,,,1,9476,,10.0.22621.1 (WinBuild.160101.0800),"MD5=E41824427731D3933591BCD216674818,SHA256=321120DE419B488B6EB0D9F32E733756FE9E97689FC0FE7FD2C9BF50AFB1BCC4,IMPHASH=BC0F5315EEA41E76B544E9F6ACFE1FEE",C:\Windows\System32\VSSVC.exe,,System,0x8000000000000000,Information,{fda94052-34eb-658d-e703-000000000000},0x3e7,"Process Create:

RuleName: -

UtcTime: 2023-12-28 12:12:24.584

ProcessGuid: {fda94052-6628-658d-7102-000000000b00}

ProcessId: 8740

Image: C:\Windows\System32\VSSVC.exe

FileVersion: 10.0.22621.1 (WinBuild.160101.0800)

Description: Microsoft® Volume Shadow Copy Service

Product: Microsoft® Windows® Operating System

Company: Microsoft Corporation

OriginalFileName: VSSVC.EXE

CommandLine: C:\Windows\system32\vssvc.exe

CurrentDirectory: C:\Windows\system32\

User: NT AUTHORITY\SYSTEM

LogonGuid: {fda94052-34eb-658d-e703-000000000000}

LogonId: 0x3E7

TerminalSessionId: 0

IntegrityLevel: System

Hashes: MD5=E41824427731D3933591BCD216674818,SHA256=321120DE419B488B6EB0D9F32E733756FE9E97689FC0FE7FD2C9BF50AFB1BCC4,IMPHASH=BC0F5315EEA41E76B544E9F6ACFE1FEE

ParentProcessGuid: {fda94052-34eb-658d-0b00-000000000b00}

ParentProcessId: 788

ParentImage: C:\Windows\System32\services.exe

ParentCommandLine: C:\Windows\system32\services.exe

ParentUser: NT AUTHORITY\SYSTEM",,Info,VSSVC.EXE,C:\Windows\system32\services.exe,C:\Windows\System32\services.exe,{fda94052-34eb-658d-0b00-000000000b00},788,NT AUTHORITY\SYSTEM,{fda94052-6628-658d-7102-000000000b00},7044,8740,Microsoft® Windows® Operating System,,,,,"
      ",-,,,,,,,,,,,,,2023-12-28T12:12:24.5974019Z,,,,,,,Process Create (rule: ProcessCreate),0,6672,NT AUTHORITY\SYSTEM,S-1-5-18,2023-12-28 12:12:24.584,5,"<Event xmlns=""http://schemas.microsoft.com/win/2004/08/events/event"">
    <System>
      <Provider Name=""Microsoft-Windows-Sysmon"" Guid=""{5770385f-c22a-43e0-bf4c-06f5698ffbd9}""/>
      <EventID>1</EventID>
      <Version>5</Version>
      <Level>4</Level>
      <Task>1</Task>
      <Opcode>0</Opcode>
      <Keywords>0x8000000000000000</Keywords>
      <TimeCreated SystemTime=""2023-12-28T12:12:24.5974019Z""/>
      <EventRecordID>9476</EventRecordID>
      <Correlation/>
      <Execution ProcessID=""7044"" ThreadID=""6672""/>
      <Channel>Microsoft-Windows-Sysmon/Operational</Channel>
      <Computer>WinDev2309Eval</Computer>
      <Security UserID=""S-1-5-18""/>
    </System>
    <EventData>
      <Data Name=""RuleName"">-</Data>
      <Data Name=""UtcTime"">2023-12-28 12:12:24.584</Data>
      <Data Name=""ProcessGuid"">{fda94052-6628-658d-7102-000000000b00}</Data>
      <Data Name=""ProcessId"">8740</Data>
      <Data Name=""Image"">C:\Windows\System32\VSSVC.exe</Data>
      <Data Name=""FileVersion"">10.0.22621.1 (WinBuild.160101.0800)</Data>
      <Data Name=""Description"">Microsoft&#174; Volume Shadow Copy Service</Data>
      <Data Name=""Product"">Microsoft&#174; Windows&#174; Operating System</Data>
      <Data Name=""Company"">Microsoft Corporation</Data>
      <Data Name=""OriginalFileName"">VSSVC.EXE</Data>
      <Data Name=""CommandLine"">C:\Windows\system32\vssvc.exe</Data>
      <Data Name=""CurrentDirectory"">C:\Windows\system32\</Data>
      <Data Name=""User"">NT AUTHORITY\SYSTEM</Data>
      <Data Name=""LogonGuid"">{fda94052-34eb-658d-e703-000000000000}</Data>
      <Data Name=""LogonId"">0x3e7</Data>
      <Data Name=""TerminalSessionId"">0</Data>
      <Data Name=""IntegrityLevel"">System</Data>
      <Data Name=""Hashes"">MD5=E41824427731D3933591BCD216674818,SHA256=321120DE419B488B6EB0D9F32E733756FE9E97689FC0FE7FD2C9BF50AFB1BCC4,IMPHASH=BC0F5315EEA41E76B544E9F6ACFE1FEE</Data>
      <Data Name=""ParentProcessGuid"">{fda94052-34eb-658d-0b00-000000000b00}</Data>
      <Data Name=""ParentProcessId"">788</Data>
      <Data Name=""ParentImage"">C:\Windows\System32\services.exe</Data>
      <Data Name=""ParentCommandLine"">C:\Windows\system32\services.exe</Data>
      <Data Name=""ParentUser"">NT AUTHORITY\SYSTEM</Data>
    </EventData>
    <RenderingInfo Culture=""en-US"">
      <Message>Process Create:

RuleName: -

UtcTime: 2023-12-28 12:12:24.584

ProcessGuid: {fda94052-6628-658d-7102-000000000b00}

ProcessId: 8740

Image: C:\Windows\System32\VSSVC.exe

FileVersion: 10.0.22621.1 (WinBuild.160101.0800)

Description: Microsoft&#174; Volume Shadow Copy Service

Product: Microsoft&#174; Windows&#174; Operating System

Company: Microsoft Corporation

OriginalFileName: VSSVC.EXE

CommandLine: C:\Windows\system32\vssvc.exe

CurrentDirectory: C:\Windows\system32\

User: NT AUTHORITY\SYSTEM

LogonGuid: {fda94052-34eb-658d-e703-000000000000}

LogonId: 0x3E7

TerminalSessionId: 0

IntegrityLevel: System

Hashes: MD5=E41824427731D3933591BCD216674818,SHA256=321120DE419B488B6EB0D9F32E733756FE9E97689FC0FE7FD2C9BF50AFB1BCC4,IMPHASH=BC0F5315EEA41E76B544E9F6ACFE1FEE

ParentProcessGuid: {fda94052-34eb-658d-0b00-000000000b00}

ParentProcessId: 788

ParentImage: C:\Windows\System32\services.exe

ParentCommandLine: C:\Windows\system32\services.exe

ParentUser: NT AUTHORITY\SYSTEM</Message>
      <Level>Information</Level>
      <Task>Process Create (rule: ProcessCreate)</Task>
      <Opcode>Info</Opcode>
    </RenderingInfo>
  </Event>
  
"
Microsoft-Windows-Sysmon/Operational,,,WinDev2309Eval,2023-12-28 12:12:23.550,,,,,,,,,11,9475,,,,C:\Windows\System32\WindowsPowerShell\v1.0\powershell.exe,,,0x8000000000000000,Information,,,"File created:

RuleName: -

UtcTime: 2023-12-28 12:12:23.550

ProcessGuid: {fda94052-6627-658d-6f02-000000000b00}

ProcessId: 9132

Image: C:\Windows\System32\WindowsPowerShell\v1.0\powershell.exe

TargetFilename: C:\Users\User\AppData\Local\Temp\__PSScriptPolicyTest_rqv2j5w1.k0u.ps1

CreationUtcTime: 2023-12-28 12:12:23.550

User: WINDEV2309EVAL\User",,Info,,,,,,,{fda94052-6627-658d-6f02-000000000b00},7044,9132,,,,,,"
      ",-,,,,,,,,,,,,,2023-12-28T12:12:23.5555184Z,C:\Users\User\AppData\Local\Temp\__PSScriptPolicyTest_rqv2j5w1.k0u.ps1,,,,,,File created (rule: FileCreate),,6672,WINDEV2309EVAL\User,S-1-5-18,2023-12-28 12:12:23.550,2,"<Event xmlns=""http://schemas.microsoft.com/win/2004/08/events/event"">
    <System>
      <Provider Name=""Microsoft-Windows-Sysmon"" Guid=""{5770385f-c22a-43e0-bf4c-06f5698ffbd9}""/>
      <EventID>11</EventID>
      <Version>2</Version>
      <Level>4</Level>
      <Task>11</Task>
      <Opcode>0</Opcode>
      <Keywords>0x8000000000000000</Keywords>
      <TimeCreated SystemTime=""2023-12-28T12:12:23.5555184Z""/>
      <EventRecordID>9475</EventRecordID>
      <Correlation/>
      <Execution ProcessID=""7044"" ThreadID=""6672""/>
      <Channel>Microsoft-Windows-Sysmon/Operational</Channel>
      <Computer>WinDev2309Eval</Computer>
      <Security UserID=""S-1-5-18""/>
    </System>
    <EventData>
      <Data Name=""RuleName"">-</Data>
      <Data Name=""UtcTime"">2023-12-28 12:12:23.550</Data>
      <Data Name=""ProcessGuid"">{fda94052-6627-658d-6f02-000000000b00}</Data>
      <Data Name=""ProcessId"">9132</Data>
      <Data Name=""Image"">C:\Windows\System32\WindowsPowerShell\v1.0\powershell.exe</Data>
      <Data Name=""TargetFilename"">C:\Users\User\AppData\Local\Temp\__PSScriptPolicyTest_rqv2j5w1.k0u.ps1</Data>
      <Data Name=""CreationUtcTime"">2023-12-28 12:12:23.550</Data>
      <Data Name=""User"">WINDEV2309EVAL\User</Data>
    </EventData>
    <RenderingInfo Culture=""en-US"">
      <Message>File created:

RuleName: -

UtcTime: 2023-12-28 12:12:23.550

ProcessGuid: {fda94052-6627-658d-6f02-000000000b00}

ProcessId: 9132

Image: C:\Windows\System32\WindowsPowerShell\v1.0\powershell.exe

TargetFilename: C:\Users\User\AppData\Local\Temp\__PSScriptPolicyTest_rqv2j5w1.k0u.ps1

CreationUtcTime: 2023-12-28 12:12:23.550

User: WINDEV2309EVAL\User</Message>
      <Level>Information</Level>
      <Task>File created (rule: FileCreate)</Task>
      <Opcode>Info</Opcode>
    </RenderingInfo>
  </Event>
  
"
Microsoft-Windows-Sysmon/Operational,,,WinDev2309Eval,,,,,,,,,,22,9474,,,,C:\Windows\System32\svchost.exe,,,0x8000000000000000,Information,,,"Dns query:

RuleName: -

UtcTime: 2023-12-27 23:54:16.256

ProcessGuid: {fda94052-34f2-658d-2300-000000000b00}

ProcessId: 1712

QueryName: _ldap._tcp.dc._msdcs.localdomain

QueryStatus: 123

QueryResults: -

Image: C:\Windows\System32\svchost.exe

User: NT AUTHORITY\NETWORK SERVICE",,Info,,,,,,,{fda94052-34f2-658d-2300-000000000b00},7044,1712,,,_ldap._tcp.dc._msdcs.localdomain,-,123,"
      ",-,,,,,,,,,,,,,2023-12-28T12:12:23.5199132Z,,,,,,,Dns query (rule: DnsQuery),,1124,NT AUTHORITY\NETWORK SERVICE,S-1-5-18,2023-12-27 23:54:16.256,5,"<Event xmlns=""http://schemas.microsoft.com/win/2004/08/events/event"">
    <System>
      <Provider Name=""Microsoft-Windows-Sysmon"" Guid=""{5770385f-c22a-43e0-bf4c-06f5698ffbd9}""/>
      <EventID>22</EventID>
      <Version>5</Version>
      <Level>4</Level>
      <Task>22</Task>
      <Opcode>0</Opcode>
      <Keywords>0x8000000000000000</Keywords>
      <TimeCreated SystemTime=""2023-12-28T12:12:23.5199132Z""/>
      <EventRecordID>9474</EventRecordID>
      <Correlation/>
      <Execution ProcessID=""7044"" ThreadID=""1124""/>
      <Channel>Microsoft-Windows-Sysmon/Operational</Channel>
      <Computer>WinDev2309Eval</Computer>
      <Security UserID=""S-1-5-18""/>
    </System>
    <EventData>
      <Data Name=""RuleName"">-</Data>
      <Data Name=""UtcTime"">2023-12-27 23:54:16.256</Data>
      <Data Name=""ProcessGuid"">{fda94052-34f2-658d-2300-000000000b00}</Data>
      <Data Name=""ProcessId"">1712</Data>
      <Data Name=""QueryName"">_ldap._tcp.dc._msdcs.localdomain</Data>
      <Data Name=""QueryStatus"">123</Data>
      <Data Name=""QueryResults"">-</Data>
      <Data Name=""Image"">C:\Windows\System32\svchost.exe</Data>
      <Data Name=""User"">NT AUTHORITY\NETWORK SERVICE</Data>
    </EventData>
    <RenderingInfo Culture=""en-US"">
      <Message>Dns query:

RuleName: -

UtcTime: 2023-12-27 23:54:16.256

ProcessGuid: {fda94052-34f2-658d-2300-000000000b00}

ProcessId: 1712

QueryName: _ldap._tcp.dc._msdcs.localdomain

QueryStatus: 123

QueryResults: -

Image: C:\Windows\System32\svchost.exe

User: NT AUTHORITY\NETWORK SERVICE</Message>
      <Level>Information</Level>
      <Task>Dns query (rule: DnsQuery)</Task>
      <Opcode>Info</Opcode>
    </RenderingInfo>
  </Event>
  
"
