Channel,CommandLine,Company,Computer,CreationUtcTime,CurrentDirectory,Description,EventID,EventRecordID,FileVersion,Hashes,Image,IntegrityLevel,Keywords,Level,LogonGuid,LogonId,Message,Opcode,OriginalFileName,ParentCommandLine,ParentImage,ParentProcessGuid,ParentProcessId,ParentUser,ProcessGuid,ProcessID,ProcessId,Product,QueryName,QueryResults,QueryStatus,RenderingInfo,RuleName,SystemTime,TargetFilename,Task,TerminalSessionId,ThreadID,User,UserID,UtcTime,Version,raw
Microsoft-Windows-Sysmon/Operational,,,WinDev2309Eval,2023-12-27 22:09:26.048,,,11,19581,,,C:\Windows\System32\WindowsPowerShell\v1.0\powershell.exe,,0x8000000000000000,Information,,,"File created:

RuleName: -

UtcTime: 2023-12-27 22:09:26.048

ProcessGuid: {f57bd86a-a095-658c-cc01-000000000f00}

ProcessId: 11024

Image: C:\Windows\System32\WindowsPowerShell\v1.0\powershell.exe

TargetFilename: C:\Users\User\AppData\Local\Temp\__PSScriptPolicyTest_nqgbfrr2.5rj.ps1

CreationUtcTime: 2023-12-27 22:09:26.048

User: WINDEV2309EVAL\User",Info,,,,,,,{f57bd86a-a095-658c-cc01-000000000f00},3588,11024,,,,,"
      ",-,2023-12-27T22:09:26.0494156Z,C:\Users\User\AppData\Local\Temp\__PSScriptPolicyTest_nqgbfrr2.5rj.ps1,File created (rule: FileCreate),,5124,WINDEV2309EVAL\User,S-1-5-18,2023-12-27 22:09:26.048,2,"<Event xmlns=""http://schemas.microsoft.com/win/2004/08/events/event"">
    <System>
      <Provider Name=""Microsoft-Windows-Sysmon"" Guid=""{5770385f-c22a-43e0-bf4c-06f5698ffbd9}""/>
      <EventID>11</EventID>
      <Version>2</Version>
      <Level>4</Level>
      <Task>11</Task>
      <Opcode>0</Opcode>
      <Keywords>0x8000000000000000</Keywords>
      <TimeCreated SystemTime=""2023-12-27T22:09:26.0494156Z""/>
      <EventRecordID>19581</EventRecordID>
      <Correlation/>
      <Execution ProcessID=""3588"" ThreadID=""5124""/>
      <Channel>Microsoft-Windows-Sysmon/Operational</Channel>
      <Computer>WinDev2309Eval</Computer>
      <Security UserID=""S-1-5-18""/>
    </System>
    <EventData>
      <Data Name=""RuleName"">-</Data>
      <Data Name=""UtcTime"">2023-12-27 22:09:26.048</Data>
      <Data Name=""ProcessGuid"">{f57bd86a-a095-658c-cc01-000000000f00}</Data>
      <Data Name=""ProcessId"">11024</Data>
      <Data Name=""Image"">C:\Windows\System32\WindowsPowerShell\v1.0\powershell.exe</Data>
      <Data Name=""TargetFilename"">C:\Users\User\AppData\Local\Temp\__PSScriptPolicyTest_nqgbfrr2.5rj.ps1</Data>
      <Data Name=""CreationUtcTime"">2023-12-27 22:09:26.048</Data>
      <Data Name=""User"">WINDEV2309EVAL\User</Data>
    </EventData>
    <RenderingInfo Culture=""en-US"">
      <Message>File created:

RuleName: -

UtcTime: 2023-12-27 22:09:26.048

ProcessGuid: {f57bd86a-a095-658c-cc01-000000000f00}

ProcessId: 11024

Image: C:\Windows\System32\WindowsPowerShell\v1.0\powershell.exe

TargetFilename: C:\Users\User\AppData\Local\Temp\__PSScriptPolicyTest_nqgbfrr2.5rj.ps1

CreationUtcTime: 2023-12-27 22:09:26.048

User: WINDEV2309EVAL\User</Message>
      <Level>Information</Level>
      <Task>File created (rule: FileCreate)</Task>
      <Opcode>Info</Opcode>
    </RenderingInfo>
  </Event>
  
"
Microsoft-Windows-Sysmon/Operational,"""powershell.exe"" & {Copy \""""C:\AtomicRedTeam\atomics\T1137.006\bin\Addins\PptVBAaddin.ppam\"""" \""""$env:APPDATA\Microsoft\Addins\notepad.ppam\""""
$ver = (New-Object -COMObject \""""PowerPoint.Application\"""").version
$ExcelRegPath=\""""HKCU:\Software\Microsoft\Office\$Ver\PowerPoint\AddIns\notepad\""""
New-Item -type Directory $ExcelRegPath -Force | Out-Null
New-ItemProperty $ExcelRegPath \""""Autoload\"""" -value \""""1\"""" -propertyType DWORD  | Out-Null
New-ItemProperty $ExcelRegPath \""""Path\"""" -value \""""notepad.ppam\"""" -propertyType string | Out-Null
Stop-Process -Name \""""PowerPnt\"""" -ErrorAction Ignore
Start-Process \""""PowerPnt\""""}",Microsoft Corporation,WinDev2309Eval,,C:\Users\User\AppData\Local\Temp\,Windows PowerShell,1,19580,10.0.22621.2506 (WinBuild.160101.0800),"MD5=2D1D70C92A419D9079B047954C611886,SHA256=C50057756CDB25D481CF2502ABCEF124F864C27618C5057468BFC6B82B2C4EDD,IMPHASH=E09C4F82A1DA13A09F4FF2E625FEBA20",C:\Windows\System32\WindowsPowerShell\v1.0\powershell.exe,Medium,0x8000000000000000,Information,{f57bd86a-36f9-658c-7bf8-020000000000},0x2f87b,"Process Create:

RuleName: -

UtcTime: 2023-12-27 22:09:25.940

ProcessGuid: {f57bd86a-a095-658c-cc01-000000000f00}

ProcessId: 11024

Image: C:\Windows\System32\WindowsPowerShell\v1.0\powershell.exe

FileVersion: 10.0.22621.2506 (WinBuild.160101.0800)

Description: Windows PowerShell

Product: Microsoft® Windows® Operating System

Company: Microsoft Corporation

OriginalFileName: PowerShell.EXE

CommandLine: ""powershell.exe"" & {Copy \""""C:\AtomicRedTeam\atomics\T1137.006\bin\Addins\PptVBAaddin.ppam\"""" \""""$env:APPDATA\Microsoft\Addins\notepad.ppam\""""
$ver = (New-Object -COMObject \""""PowerPoint.Application\"""").version
$ExcelRegPath=\""""HKCU:\Software\Microsoft\Office\$Ver\PowerPoint\AddIns\notepad\""""
New-Item -type Directory $ExcelRegPath -Force | Out-Null
New-ItemProperty $ExcelRegPath \""""Autoload\"""" -value \""""1\"""" -propertyType DWORD  | Out-Null
New-ItemProperty $ExcelRegPath \""""Path\"""" -value \""""notepad.ppam\"""" -propertyType string | Out-Null
Stop-Process -Name \""""PowerPnt\"""" -ErrorAction Ignore
Start-Process \""""PowerPnt\""""}

CurrentDirectory: C:\Users\User\AppData\Local\Temp\

User: WINDEV2309EVAL\User

LogonGuid: {f57bd86a-36f9-658c-7bf8-020000000000}

LogonId: 0x2F87B

TerminalSessionId: 1

IntegrityLevel: Medium

Hashes: MD5=2D1D70C92A419D9079B047954C611886,SHA256=C50057756CDB25D481CF2502ABCEF124F864C27618C5057468BFC6B82B2C4EDD,IMPHASH=E09C4F82A1DA13A09F4FF2E625FEBA20

ParentProcessGuid: {00000000-0000-0000-0000-000000000000}

ParentProcessId: 1688

ParentImage: -

ParentCommandLine: -

ParentUser: -",Info,PowerShell.EXE,-,-,{00000000-0000-0000-0000-000000000000},1688,-,{f57bd86a-a095-658c-cc01-000000000f00},3588,11024,Microsoft® Windows® Operating System,,,,"
      ",-,2023-12-27T22:09:25.9419624Z,,Process Create (rule: ProcessCreate),1,5124,WINDEV2309EVAL\User,S-1-5-18,2023-12-27 22:09:25.940,5,"<Event xmlns=""http://schemas.microsoft.com/win/2004/08/events/event"">
    <System>
      <Provider Name=""Microsoft-Windows-Sysmon"" Guid=""{5770385f-c22a-43e0-bf4c-06f5698ffbd9}""/>
      <EventID>1</EventID>
      <Version>5</Version>
      <Level>4</Level>
      <Task>1</Task>
      <Opcode>0</Opcode>
      <Keywords>0x8000000000000000</Keywords>
      <TimeCreated SystemTime=""2023-12-27T22:09:25.9419624Z""/>
      <EventRecordID>19580</EventRecordID>
      <Correlation/>
      <Execution ProcessID=""3588"" ThreadID=""5124""/>
      <Channel>Microsoft-Windows-Sysmon/Operational</Channel>
      <Computer>WinDev2309Eval</Computer>
      <Security UserID=""S-1-5-18""/>
    </System>
    <EventData>
      <Data Name=""RuleName"">-</Data>
      <Data Name=""UtcTime"">2023-12-27 22:09:25.940</Data>
      <Data Name=""ProcessGuid"">{f57bd86a-a095-658c-cc01-000000000f00}</Data>
      <Data Name=""ProcessId"">11024</Data>
      <Data Name=""Image"">C:\Windows\System32\WindowsPowerShell\v1.0\powershell.exe</Data>
      <Data Name=""FileVersion"">10.0.22621.2506 (WinBuild.160101.0800)</Data>
      <Data Name=""Description"">Windows PowerShell</Data>
      <Data Name=""Product"">Microsoft&#174; Windows&#174; Operating System</Data>
      <Data Name=""Company"">Microsoft Corporation</Data>
      <Data Name=""OriginalFileName"">PowerShell.EXE</Data>
      <Data Name=""CommandLine"">""powershell.exe"" &amp; {Copy \""""C:\AtomicRedTeam\atomics\T1137.006\bin\Addins\PptVBAaddin.ppam\"""" \""""$env:APPDATA\Microsoft\Addins\notepad.ppam\""""
$ver = (New-Object -COMObject \""""PowerPoint.Application\"""").version
$ExcelRegPath=\""""HKCU:\Software\Microsoft\Office\$Ver\PowerPoint\AddIns\notepad\""""
New-Item -type Directory $ExcelRegPath -Force | Out-Null
New-ItemProperty $ExcelRegPath \""""Autoload\"""" -value \""""1\"""" -propertyType DWORD  | Out-Null
New-ItemProperty $ExcelRegPath \""""Path\"""" -value \""""notepad.ppam\"""" -propertyType string | Out-Null
Stop-Process -Name \""""PowerPnt\"""" -ErrorAction Ignore
Start-Process \""""PowerPnt\""""}</Data>
      <Data Name=""CurrentDirectory"">C:\Users\User\AppData\Local\Temp\</Data>
      <Data Name=""User"">WINDEV2309EVAL\User</Data>
      <Data Name=""LogonGuid"">{f57bd86a-36f9-658c-7bf8-020000000000}</Data>
      <Data Name=""LogonId"">0x2f87b</Data>
      <Data Name=""TerminalSessionId"">1</Data>
      <Data Name=""IntegrityLevel"">Medium</Data>
      <Data Name=""Hashes"">MD5=2D1D70C92A419D9079B047954C611886,SHA256=C50057756CDB25D481CF2502ABCEF124F864C27618C5057468BFC6B82B2C4EDD,IMPHASH=E09C4F82A1DA13A09F4FF2E625FEBA20</Data>
      <Data Name=""ParentProcessGuid"">{00000000-0000-0000-0000-000000000000}</Data>
      <Data Name=""ParentProcessId"">1688</Data>
      <Data Name=""ParentImage"">-</Data>
      <Data Name=""ParentCommandLine"">-</Data>
      <Data Name=""ParentUser"">-</Data>
    </EventData>
    <RenderingInfo Culture=""en-US"">
      <Message>Process Create:

RuleName: -

UtcTime: 2023-12-27 22:09:25.940

ProcessGuid: {f57bd86a-a095-658c-cc01-000000000f00}

ProcessId: 11024

Image: C:\Windows\System32\WindowsPowerShell\v1.0\powershell.exe

FileVersion: 10.0.22621.2506 (WinBuild.160101.0800)

Description: Windows PowerShell

Product: Microsoft&#174; Windows&#174; Operating System

Company: Microsoft Corporation

OriginalFileName: PowerShell.EXE

CommandLine: ""powershell.exe"" &amp; {Copy \""""C:\AtomicRedTeam\atomics\T1137.006\bin\Addins\PptVBAaddin.ppam\"""" \""""$env:APPDATA\Microsoft\Addins\notepad.ppam\""""
$ver = (New-Object -COMObject \""""PowerPoint.Application\"""").version
$ExcelRegPath=\""""HKCU:\Software\Microsoft\Office\$Ver\PowerPoint\AddIns\notepad\""""
New-Item -type Directory $ExcelRegPath -Force | Out-Null
New-ItemProperty $ExcelRegPath \""""Autoload\"""" -value \""""1\"""" -propertyType DWORD  | Out-Null
New-ItemProperty $ExcelRegPath \""""Path\"""" -value \""""notepad.ppam\"""" -propertyType string | Out-Null
Stop-Process -Name \""""PowerPnt\"""" -ErrorAction Ignore
Start-Process \""""PowerPnt\""""}

CurrentDirectory: C:\Users\User\AppData\Local\Temp\

User: WINDEV2309EVAL\User

LogonGuid: {f57bd86a-36f9-658c-7bf8-020000000000}

LogonId: 0x2F87B

TerminalSessionId: 1

IntegrityLevel: Medium

Hashes: MD5=2D1D70C92A419D9079B047954C611886,SHA256=C50057756CDB25D481CF2502ABCEF124F864C27618C5057468BFC6B82B2C4EDD,IMPHASH=E09C4F82A1DA13A09F4FF2E625FEBA20

ParentProcessGuid: {00000000-0000-0000-0000-000000000000}

ParentProcessId: 1688

ParentImage: -

ParentCommandLine: -

ParentUser: -</Message>
      <Level>Information</Level>
      <Task>Process Create (rule: ProcessCreate)</Task>
      <Opcode>Info</Opcode>
    </RenderingInfo>
  </Event>
  
"
Microsoft-Windows-Sysmon/Operational,,,WinDev2309Eval,2023-12-27 22:09:24.418,,,11,19579,,,C:\Windows\System32\WindowsPowerShell\v1.0\powershell.exe,,0x8000000000000000,Information,,,"File created:

RuleName: -

UtcTime: 2023-12-27 22:09:24.418

ProcessGuid: {f57bd86a-a094-658c-ca01-000000000f00}

ProcessId: 3620

Image: C:\Windows\System32\WindowsPowerShell\v1.0\powershell.exe

TargetFilename: C:\Users\User\AppData\Local\Temp\__PSScriptPolicyTest_detjhof1.tsm.ps1

CreationUtcTime: 2023-12-27 22:09:24.418

User: WINDEV2309EVAL\User",Info,,,,,,,{f57bd86a-a094-658c-ca01-000000000f00},3588,3620,,,,,"
      ",-,2023-12-27T22:09:24.4259618Z,C:\Users\User\AppData\Local\Temp\__PSScriptPolicyTest_detjhof1.tsm.ps1,File created (rule: FileCreate),,5124,WINDEV2309EVAL\User,S-1-5-18,2023-12-27 22:09:24.418,2,"<Event xmlns=""http://schemas.microsoft.com/win/2004/08/events/event"">
    <System>
      <Provider Name=""Microsoft-Windows-Sysmon"" Guid=""{5770385f-c22a-43e0-bf4c-06f5698ffbd9}""/>
      <EventID>11</EventID>
      <Version>2</Version>
      <Level>4</Level>
      <Task>11</Task>
      <Opcode>0</Opcode>
      <Keywords>0x8000000000000000</Keywords>
      <TimeCreated SystemTime=""2023-12-27T22:09:24.4259618Z""/>
      <EventRecordID>19579</EventRecordID>
      <Correlation/>
      <Execution ProcessID=""3588"" ThreadID=""5124""/>
      <Channel>Microsoft-Windows-Sysmon/Operational</Channel>
      <Computer>WinDev2309Eval</Computer>
      <Security UserID=""S-1-5-18""/>
    </System>
    <EventData>
      <Data Name=""RuleName"">-</Data>
      <Data Name=""UtcTime"">2023-12-27 22:09:24.418</Data>
      <Data Name=""ProcessGuid"">{f57bd86a-a094-658c-ca01-000000000f00}</Data>
      <Data Name=""ProcessId"">3620</Data>
      <Data Name=""Image"">C:\Windows\System32\WindowsPowerShell\v1.0\powershell.exe</Data>
      <Data Name=""TargetFilename"">C:\Users\User\AppData\Local\Temp\__PSScriptPolicyTest_detjhof1.tsm.ps1</Data>
      <Data Name=""CreationUtcTime"">2023-12-27 22:09:24.418</Data>
      <Data Name=""User"">WINDEV2309EVAL\User</Data>
    </EventData>
    <RenderingInfo Culture=""en-US"">
      <Message>File created:

RuleName: -

UtcTime: 2023-12-27 22:09:24.418

ProcessGuid: {f57bd86a-a094-658c-ca01-000000000f00}

ProcessId: 3620

Image: C:\Windows\System32\WindowsPowerShell\v1.0\powershell.exe

TargetFilename: C:\Users\User\AppData\Local\Temp\__PSScriptPolicyTest_detjhof1.tsm.ps1

CreationUtcTime: 2023-12-27 22:09:24.418

User: WINDEV2309EVAL\User</Message>
      <Level>Information</Level>
      <Task>File created (rule: FileCreate)</Task>
      <Opcode>Info</Opcode>
    </RenderingInfo>
  </Event>
  
"
Microsoft-Windows-Sysmon/Operational,"""powershell.exe"" & {Copy \""""C:\AtomicRedTeam\atomics\T1137.006\bin\Addins\ExcelVBAaddin.xlam\"""" \""""$env:APPDATA\Microsoft\Excel\XLSTART\notepad.xlam\""""        
Start-Process \""""Excel\""""}",Microsoft Corporation,WinDev2309Eval,,C:\Users\User\AppData\Local\Temp\,Windows PowerShell,1,19578,10.0.22621.2506 (WinBuild.160101.0800),"MD5=2D1D70C92A419D9079B047954C611886,SHA256=C50057756CDB25D481CF2502ABCEF124F864C27618C5057468BFC6B82B2C4EDD,IMPHASH=E09C4F82A1DA13A09F4FF2E625FEBA20",C:\Windows\System32\WindowsPowerShell\v1.0\powershell.exe,Medium,0x8000000000000000,Information,{f57bd86a-36f9-658c-7bf8-020000000000},0x2f87b,"Process Create:

RuleName: -

UtcTime: 2023-12-27 22:09:24.307

ProcessGuid: {f57bd86a-a094-658c-ca01-000000000f00}

ProcessId: 3620

Image: C:\Windows\System32\WindowsPowerShell\v1.0\powershell.exe

FileVersion: 10.0.22621.2506 (WinBuild.160101.0800)

Description: Windows PowerShell

Product: Microsoft® Windows® Operating System

Company: Microsoft Corporation

OriginalFileName: PowerShell.EXE

CommandLine: ""powershell.exe"" & {Copy \""""C:\AtomicRedTeam\atomics\T1137.006\bin\Addins\ExcelVBAaddin.xlam\"""" \""""$env:APPDATA\Microsoft\Excel\XLSTART\notepad.xlam\""""        
Start-Process \""""Excel\""""}

CurrentDirectory: C:\Users\User\AppData\Local\Temp\

User: WINDEV2309EVAL\User

LogonGuid: {f57bd86a-36f9-658c-7bf8-020000000000}

LogonId: 0x2F87B

TerminalSessionId: 1

IntegrityLevel: Medium

Hashes: MD5=2D1D70C92A419D9079B047954C611886,SHA256=C50057756CDB25D481CF2502ABCEF124F864C27618C5057468BFC6B82B2C4EDD,IMPHASH=E09C4F82A1DA13A09F4FF2E625FEBA20

ParentProcessGuid: {00000000-0000-0000-0000-000000000000}

ParentProcessId: 1688

ParentImage: -

ParentCommandLine: -

ParentUser: -",Info,PowerShell.EXE,-,-,{00000000-0000-0000-0000-000000000000},1688,-,{f57bd86a-a094-658c-ca01-000000000f00},3588,3620,Microsoft® Windows® Operating System,,,,"
      ",-,2023-12-27T22:09:24.3097619Z,,Process Create (rule: ProcessCreate),1,5124,WINDEV2309EVAL\User,S-1-5-18,2023-12-27 22:09:24.307,5,"<Event xmlns=""http://schemas.microsoft.com/win/2004/08/events/event"">
    <System>
      <Provider Name=""Microsoft-Windows-Sysmon"" Guid=""{5770385f-c22a-43e0-bf4c-06f5698ffbd9}""/>
      <EventID>1</EventID>
      <Version>5</Version>
      <Level>4</Level>
      <Task>1</Task>
      <Opcode>0</Opcode>
      <Keywords>0x8000000000000000</Keywords>
      <TimeCreated SystemTime=""2023-12-27T22:09:24.3097619Z""/>
      <EventRecordID>19578</EventRecordID>
      <Correlation/>
      <Execution ProcessID=""3588"" ThreadID=""5124""/>
      <Channel>Microsoft-Windows-Sysmon/Operational</Channel>
      <Computer>WinDev2309Eval</Computer>
      <Security UserID=""S-1-5-18""/>
    </System>
    <EventData>
      <Data Name=""RuleName"">-</Data>
      <Data Name=""UtcTime"">2023-12-27 22:09:24.307</Data>
      <Data Name=""ProcessGuid"">{f57bd86a-a094-658c-ca01-000000000f00}</Data>
      <Data Name=""ProcessId"">3620</Data>
      <Data Name=""Image"">C:\Windows\System32\WindowsPowerShell\v1.0\powershell.exe</Data>
      <Data Name=""FileVersion"">10.0.22621.2506 (WinBuild.160101.0800)</Data>
      <Data Name=""Description"">Windows PowerShell</Data>
      <Data Name=""Product"">Microsoft&#174; Windows&#174; Operating System</Data>
      <Data Name=""Company"">Microsoft Corporation</Data>
      <Data Name=""OriginalFileName"">PowerShell.EXE</Data>
      <Data Name=""CommandLine"">""powershell.exe"" &amp; {Copy \""""C:\AtomicRedTeam\atomics\T1137.006\bin\Addins\ExcelVBAaddin.xlam\"""" \""""$env:APPDATA\Microsoft\Excel\XLSTART\notepad.xlam\""""        
Start-Process \""""Excel\""""}</Data>
      <Data Name=""CurrentDirectory"">C:\Users\User\AppData\Local\Temp\</Data>
      <Data Name=""User"">WINDEV2309EVAL\User</Data>
      <Data Name=""LogonGuid"">{f57bd86a-36f9-658c-7bf8-020000000000}</Data>
      <Data Name=""LogonId"">0x2f87b</Data>
      <Data Name=""TerminalSessionId"">1</Data>
      <Data Name=""IntegrityLevel"">Medium</Data>
      <Data Name=""Hashes"">MD5=2D1D70C92A419D9079B047954C611886,SHA256=C50057756CDB25D481CF2502ABCEF124F864C27618C5057468BFC6B82B2C4EDD,IMPHASH=E09C4F82A1DA13A09F4FF2E625FEBA20</Data>
      <Data Name=""ParentProcessGuid"">{00000000-0000-0000-0000-000000000000}</Data>
      <Data Name=""ParentProcessId"">1688</Data>
      <Data Name=""ParentImage"">-</Data>
      <Data Name=""ParentCommandLine"">-</Data>
      <Data Name=""ParentUser"">-</Data>
    </EventData>
    <RenderingInfo Culture=""en-US"">
      <Message>Process Create:

RuleName: -

UtcTime: 2023-12-27 22:09:24.307

ProcessGuid: {f57bd86a-a094-658c-ca01-000000000f00}

ProcessId: 3620

Image: C:\Windows\System32\WindowsPowerShell\v1.0\powershell.exe

FileVersion: 10.0.22621.2506 (WinBuild.160101.0800)

Description: Windows PowerShell

Product: Microsoft&#174; Windows&#174; Operating System

Company: Microsoft Corporation

OriginalFileName: PowerShell.EXE

CommandLine: ""powershell.exe"" &amp; {Copy \""""C:\AtomicRedTeam\atomics\T1137.006\bin\Addins\ExcelVBAaddin.xlam\"""" \""""$env:APPDATA\Microsoft\Excel\XLSTART\notepad.xlam\""""        
Start-Process \""""Excel\""""}

CurrentDirectory: C:\Users\User\AppData\Local\Temp\

User: WINDEV2309EVAL\User

LogonGuid: {f57bd86a-36f9-658c-7bf8-020000000000}

LogonId: 0x2F87B

TerminalSessionId: 1

IntegrityLevel: Medium

Hashes: MD5=2D1D70C92A419D9079B047954C611886,SHA256=C50057756CDB25D481CF2502ABCEF124F864C27618C5057468BFC6B82B2C4EDD,IMPHASH=E09C4F82A1DA13A09F4FF2E625FEBA20

ParentProcessGuid: {00000000-0000-0000-0000-000000000000}

ParentProcessId: 1688

ParentImage: -

ParentCommandLine: -

ParentUser: -</Message>
      <Level>Information</Level>
      <Task>Process Create (rule: ProcessCreate)</Task>
      <Opcode>Info</Opcode>
    </RenderingInfo>
  </Event>
  
"
Microsoft-Windows-Sysmon/Operational,,,WinDev2309Eval,2023-12-27 22:09:22.846,,,11,19577,,,C:\Windows\System32\WindowsPowerShell\v1.0\powershell.exe,,0x8000000000000000,Information,,,"File created:

RuleName: -

UtcTime: 2023-12-27 22:09:22.846

ProcessGuid: {f57bd86a-a092-658c-c801-000000000f00}

ProcessId: 5336

Image: C:\Windows\System32\WindowsPowerShell\v1.0\powershell.exe

TargetFilename: C:\Users\User\AppData\Local\Temp\__PSScriptPolicyTest_y5x1uzoh.qdz.ps1

CreationUtcTime: 2023-12-27 22:09:22.846

User: WINDEV2309EVAL\User",Info,,,,,,,{f57bd86a-a092-658c-c801-000000000f00},3588,5336,,,,,"
      ",-,2023-12-27T22:09:22.8618352Z,C:\Users\User\AppData\Local\Temp\__PSScriptPolicyTest_y5x1uzoh.qdz.ps1,File created (rule: FileCreate),,5124,WINDEV2309EVAL\User,S-1-5-18,2023-12-27 22:09:22.846,2,"<Event xmlns=""http://schemas.microsoft.com/win/2004/08/events/event"">
    <System>
      <Provider Name=""Microsoft-Windows-Sysmon"" Guid=""{5770385f-c22a-43e0-bf4c-06f5698ffbd9}""/>
      <EventID>11</EventID>
      <Version>2</Version>
      <Level>4</Level>
      <Task>11</Task>
      <Opcode>0</Opcode>
      <Keywords>0x8000000000000000</Keywords>
      <TimeCreated SystemTime=""2023-12-27T22:09:22.8618352Z""/>
      <EventRecordID>19577</EventRecordID>
      <Correlation/>
      <Execution ProcessID=""3588"" ThreadID=""5124""/>
      <Channel>Microsoft-Windows-Sysmon/Operational</Channel>
      <Computer>WinDev2309Eval</Computer>
      <Security UserID=""S-1-5-18""/>
    </System>
    <EventData>
      <Data Name=""RuleName"">-</Data>
      <Data Name=""UtcTime"">2023-12-27 22:09:22.846</Data>
      <Data Name=""ProcessGuid"">{f57bd86a-a092-658c-c801-000000000f00}</Data>
      <Data Name=""ProcessId"">5336</Data>
      <Data Name=""Image"">C:\Windows\System32\WindowsPowerShell\v1.0\powershell.exe</Data>
      <Data Name=""TargetFilename"">C:\Users\User\AppData\Local\Temp\__PSScriptPolicyTest_y5x1uzoh.qdz.ps1</Data>
      <Data Name=""CreationUtcTime"">2023-12-27 22:09:22.846</Data>
      <Data Name=""User"">WINDEV2309EVAL\User</Data>
    </EventData>
    <RenderingInfo Culture=""en-US"">
      <Message>File created:

RuleName: -

UtcTime: 2023-12-27 22:09:22.846

ProcessGuid: {f57bd86a-a092-658c-c801-000000000f00}

ProcessId: 5336

Image: C:\Windows\System32\WindowsPowerShell\v1.0\powershell.exe

TargetFilename: C:\Users\User\AppData\Local\Temp\__PSScriptPolicyTest_y5x1uzoh.qdz.ps1

CreationUtcTime: 2023-12-27 22:09:22.846

User: WINDEV2309EVAL\User</Message>
      <Level>Information</Level>
      <Task>File created (rule: FileCreate)</Task>
      <Opcode>Info</Opcode>
    </RenderingInfo>
  </Event>
  
"
Microsoft-Windows-Sysmon/Operational,"""powershell.exe"" & {$wdApp = New-Object -COMObject \""""Word.Application\""""
if(-not $wdApp.path.contains(\""""Program Files (x86)\""""))  
{
  Write-Host \""""64-bit Office\""""
  Copy \""""C:\AtomicRedTeam\atomics\T1137.006\bin\Addins\wordwll_x64.wll\"""" \""""$env:APPDATA\Microsoft\Word\Startup\notepad.wll\""""        
}
else{
  Write-Host \""""32-bit Office\""""
  Copy \""""C:\AtomicRedTeam\atomics\T1137.006\bin\Addins\wordwll_x86.wll\"""" \""""$env:APPDATA\Microsoft\Word\Startup\notepad.wll\""""
}
Stop-Process -Name \""""WinWord\"""" 
Start-Process \""""WinWord\""""}",Microsoft Corporation,WinDev2309Eval,,C:\Users\User\AppData\Local\Temp\,Windows PowerShell,1,19576,10.0.22621.2506 (WinBuild.160101.0800),"MD5=2D1D70C92A419D9079B047954C611886,SHA256=C50057756CDB25D481CF2502ABCEF124F864C27618C5057468BFC6B82B2C4EDD,IMPHASH=E09C4F82A1DA13A09F4FF2E625FEBA20",C:\Windows\System32\WindowsPowerShell\v1.0\powershell.exe,Medium,0x8000000000000000,Information,{f57bd86a-36f9-658c-7bf8-020000000000},0x2f87b,"Process Create:

RuleName: -

UtcTime: 2023-12-27 22:09:22.748

ProcessGuid: {f57bd86a-a092-658c-c801-000000000f00}

ProcessId: 5336

Image: C:\Windows\System32\WindowsPowerShell\v1.0\powershell.exe

FileVersion: 10.0.22621.2506 (WinBuild.160101.0800)

Description: Windows PowerShell

Product: Microsoft® Windows® Operating System

Company: Microsoft Corporation

OriginalFileName: PowerShell.EXE

CommandLine: ""powershell.exe"" & {$wdApp = New-Object -COMObject \""""Word.Application\""""
if(-not $wdApp.path.contains(\""""Program Files (x86)\""""))  
{
  Write-Host \""""64-bit Office\""""
  Copy \""""C:\AtomicRedTeam\atomics\T1137.006\bin\Addins\wordwll_x64.wll\"""" \""""$env:APPDATA\Microsoft\Word\Startup\notepad.wll\""""        
}
else{
  Write-Host \""""32-bit Office\""""
  Copy \""""C:\AtomicRedTeam\atomics\T1137.006\bin\Addins\wordwll_x86.wll\"""" \""""$env:APPDATA\Microsoft\Word\Startup\notepad.wll\""""
}
Stop-Process -Name \""""WinWord\"""" 
Start-Process \""""WinWord\""""}

CurrentDirectory: C:\Users\User\AppData\Local\Temp\

User: WINDEV2309EVAL\User

LogonGuid: {f57bd86a-36f9-658c-7bf8-020000000000}

LogonId: 0x2F87B

TerminalSessionId: 1

IntegrityLevel: Medium

Hashes: MD5=2D1D70C92A419D9079B047954C611886,SHA256=C50057756CDB25D481CF2502ABCEF124F864C27618C5057468BFC6B82B2C4EDD,IMPHASH=E09C4F82A1DA13A09F4FF2E625FEBA20

ParentProcessGuid: {00000000-0000-0000-0000-000000000000}

ParentProcessId: 1688

ParentImage: -

ParentCommandLine: -

ParentUser: -",Info,PowerShell.EXE,-,-,{00000000-0000-0000-0000-000000000000},1688,-,{f57bd86a-a092-658c-c801-000000000f00},3588,5336,Microsoft® Windows® Operating System,,,,"
      ",-,2023-12-27T22:09:22.7499692Z,,Process Create (rule: ProcessCreate),1,5124,WINDEV2309EVAL\User,S-1-5-18,2023-12-27 22:09:22.748,5,"<Event xmlns=""http://schemas.microsoft.com/win/2004/08/events/event"">
    <System>
      <Provider Name=""Microsoft-Windows-Sysmon"" Guid=""{5770385f-c22a-43e0-bf4c-06f5698ffbd9}""/>
      <EventID>1</EventID>
      <Version>5</Version>
      <Level>4</Level>
      <Task>1</Task>
      <Opcode>0</Opcode>
      <Keywords>0x8000000000000000</Keywords>
      <TimeCreated SystemTime=""2023-12-27T22:09:22.7499692Z""/>
      <EventRecordID>19576</EventRecordID>
      <Correlation/>
      <Execution ProcessID=""3588"" ThreadID=""5124""/>
      <Channel>Microsoft-Windows-Sysmon/Operational</Channel>
      <Computer>WinDev2309Eval</Computer>
      <Security UserID=""S-1-5-18""/>
    </System>
    <EventData>
      <Data Name=""RuleName"">-</Data>
      <Data Name=""UtcTime"">2023-12-27 22:09:22.748</Data>
      <Data Name=""ProcessGuid"">{f57bd86a-a092-658c-c801-000000000f00}</Data>
      <Data Name=""ProcessId"">5336</Data>
      <Data Name=""Image"">C:\Windows\System32\WindowsPowerShell\v1.0\powershell.exe</Data>
      <Data Name=""FileVersion"">10.0.22621.2506 (WinBuild.160101.0800)</Data>
      <Data Name=""Description"">Windows PowerShell</Data>
      <Data Name=""Product"">Microsoft&#174; Windows&#174; Operating System</Data>
      <Data Name=""Company"">Microsoft Corporation</Data>
      <Data Name=""OriginalFileName"">PowerShell.EXE</Data>
      <Data Name=""CommandLine"">""powershell.exe"" &amp; {$wdApp = New-Object -COMObject \""""Word.Application\""""
if(-not $wdApp.path.contains(\""""Program Files (x86)\""""))  
{
  Write-Host \""""64-bit Office\""""
  Copy \""""C:\AtomicRedTeam\atomics\T1137.006\bin\Addins\wordwll_x64.wll\"""" \""""$env:APPDATA\Microsoft\Word\Startup\notepad.wll\""""        
}
else{
  Write-Host \""""32-bit Office\""""
  Copy \""""C:\AtomicRedTeam\atomics\T1137.006\bin\Addins\wordwll_x86.wll\"""" \""""$env:APPDATA\Microsoft\Word\Startup\notepad.wll\""""
}
Stop-Process -Name \""""WinWord\"""" 
Start-Process \""""WinWord\""""}</Data>
      <Data Name=""CurrentDirectory"">C:\Users\User\AppData\Local\Temp\</Data>
      <Data Name=""User"">WINDEV2309EVAL\User</Data>
      <Data Name=""LogonGuid"">{f57bd86a-36f9-658c-7bf8-020000000000}</Data>
      <Data Name=""LogonId"">0x2f87b</Data>
      <Data Name=""TerminalSessionId"">1</Data>
      <Data Name=""IntegrityLevel"">Medium</Data>
      <Data Name=""Hashes"">MD5=2D1D70C92A419D9079B047954C611886,SHA256=C50057756CDB25D481CF2502ABCEF124F864C27618C5057468BFC6B82B2C4EDD,IMPHASH=E09C4F82A1DA13A09F4FF2E625FEBA20</Data>
      <Data Name=""ParentProcessGuid"">{00000000-0000-0000-0000-000000000000}</Data>
      <Data Name=""ParentProcessId"">1688</Data>
      <Data Name=""ParentImage"">-</Data>
      <Data Name=""ParentCommandLine"">-</Data>
      <Data Name=""ParentUser"">-</Data>
    </EventData>
    <RenderingInfo Culture=""en-US"">
      <Message>Process Create:

RuleName: -

UtcTime: 2023-12-27 22:09:22.748

ProcessGuid: {f57bd86a-a092-658c-c801-000000000f00}

ProcessId: 5336

Image: C:\Windows\System32\WindowsPowerShell\v1.0\powershell.exe

FileVersion: 10.0.22621.2506 (WinBuild.160101.0800)

Description: Windows PowerShell

Product: Microsoft&#174; Windows&#174; Operating System

Company: Microsoft Corporation

OriginalFileName: PowerShell.EXE

CommandLine: ""powershell.exe"" &amp; {$wdApp = New-Object -COMObject \""""Word.Application\""""
if(-not $wdApp.path.contains(\""""Program Files (x86)\""""))  
{
  Write-Host \""""64-bit Office\""""
  Copy \""""C:\AtomicRedTeam\atomics\T1137.006\bin\Addins\wordwll_x64.wll\"""" \""""$env:APPDATA\Microsoft\Word\Startup\notepad.wll\""""        
}
else{
  Write-Host \""""32-bit Office\""""
  Copy \""""C:\AtomicRedTeam\atomics\T1137.006\bin\Addins\wordwll_x86.wll\"""" \""""$env:APPDATA\Microsoft\Word\Startup\notepad.wll\""""
}
Stop-Process -Name \""""WinWord\"""" 
Start-Process \""""WinWord\""""}

CurrentDirectory: C:\Users\User\AppData\Local\Temp\

User: WINDEV2309EVAL\User

LogonGuid: {f57bd86a-36f9-658c-7bf8-020000000000}

LogonId: 0x2F87B

TerminalSessionId: 1

IntegrityLevel: Medium

Hashes: MD5=2D1D70C92A419D9079B047954C611886,SHA256=C50057756CDB25D481CF2502ABCEF124F864C27618C5057468BFC6B82B2C4EDD,IMPHASH=E09C4F82A1DA13A09F4FF2E625FEBA20

ParentProcessGuid: {00000000-0000-0000-0000-000000000000}

ParentProcessId: 1688

ParentImage: -

ParentCommandLine: -

ParentUser: -</Message>
      <Level>Information</Level>
      <Task>Process Create (rule: ProcessCreate)</Task>
      <Opcode>Info</Opcode>
    </RenderingInfo>
  </Event>
  
"
Microsoft-Windows-Sysmon/Operational,,,WinDev2309Eval,2023-12-27 22:09:21.138,,,11,19575,,,C:\Windows\System32\WindowsPowerShell\v1.0\powershell.exe,,0x8000000000000000,Information,,,"File created:

RuleName: -

UtcTime: 2023-12-27 22:09:21.138

ProcessGuid: {f57bd86a-a091-658c-c601-000000000f00}

ProcessId: 8068

Image: C:\Windows\System32\WindowsPowerShell\v1.0\powershell.exe

TargetFilename: C:\Users\User\AppData\Local\Temp\__PSScriptPolicyTest_cwgtgxpl.nh5.ps1

CreationUtcTime: 2023-12-27 22:09:21.138

User: WINDEV2309EVAL\User",Info,,,,,,,{f57bd86a-a091-658c-c601-000000000f00},3588,8068,,,,,"
      ",-,2023-12-27T22:09:21.1457186Z,C:\Users\User\AppData\Local\Temp\__PSScriptPolicyTest_cwgtgxpl.nh5.ps1,File created (rule: FileCreate),,5124,WINDEV2309EVAL\User,S-1-5-18,2023-12-27 22:09:21.138,2,"<Event xmlns=""http://schemas.microsoft.com/win/2004/08/events/event"">
    <System>
      <Provider Name=""Microsoft-Windows-Sysmon"" Guid=""{5770385f-c22a-43e0-bf4c-06f5698ffbd9}""/>
      <EventID>11</EventID>
      <Version>2</Version>
      <Level>4</Level>
      <Task>11</Task>
      <Opcode>0</Opcode>
      <Keywords>0x8000000000000000</Keywords>
      <TimeCreated SystemTime=""2023-12-27T22:09:21.1457186Z""/>
      <EventRecordID>19575</EventRecordID>
      <Correlation/>
      <Execution ProcessID=""3588"" ThreadID=""5124""/>
      <Channel>Microsoft-Windows-Sysmon/Operational</Channel>
      <Computer>WinDev2309Eval</Computer>
      <Security UserID=""S-1-5-18""/>
    </System>
    <EventData>
      <Data Name=""RuleName"">-</Data>
      <Data Name=""UtcTime"">2023-12-27 22:09:21.138</Data>
      <Data Name=""ProcessGuid"">{f57bd86a-a091-658c-c601-000000000f00}</Data>
      <Data Name=""ProcessId"">8068</Data>
      <Data Name=""Image"">C:\Windows\System32\WindowsPowerShell\v1.0\powershell.exe</Data>
      <Data Name=""TargetFilename"">C:\Users\User\AppData\Local\Temp\__PSScriptPolicyTest_cwgtgxpl.nh5.ps1</Data>
      <Data Name=""CreationUtcTime"">2023-12-27 22:09:21.138</Data>
      <Data Name=""User"">WINDEV2309EVAL\User</Data>
    </EventData>
    <RenderingInfo Culture=""en-US"">
      <Message>File created:

RuleName: -

UtcTime: 2023-12-27 22:09:21.138

ProcessGuid: {f57bd86a-a091-658c-c601-000000000f00}

ProcessId: 8068

Image: C:\Windows\System32\WindowsPowerShell\v1.0\powershell.exe

TargetFilename: C:\Users\User\AppData\Local\Temp\__PSScriptPolicyTest_cwgtgxpl.nh5.ps1

CreationUtcTime: 2023-12-27 22:09:21.138

User: WINDEV2309EVAL\User</Message>
      <Level>Information</Level>
      <Task>File created (rule: FileCreate)</Task>
      <Opcode>Info</Opcode>
    </RenderingInfo>
  </Event>
  
"
Microsoft-Windows-Sysmon/Operational,"""powershell.exe"" & {$excelApp = New-Object -COMObject \""""Excel.Application\""""
if(-not $excelApp.path.contains(\""""Program Files (x86)\"""")){
    Write-Host \""""64-bit Office\""""
    Copy \""""C:\AtomicRedTeam\atomics\T1137.006\bin\Addins\excelxll_x64.xll\"""" \""""$env:APPDATA\Microsoft\AddIns\notepad.xll\""""
}
else{
  Write-Host \""""32-bit Office\""""
  Copy \""""C:\AtomicRedTeam\atomics\T1137.006\bin\Addins\excelxll_x86.xll\"""" \""""$env:APPDATA\Microsoft\AddIns\notepad.xll\""""
}
$ver = $excelApp.version
$ExcelRegPath=\""""HKCU:\Software\Microsoft\Office\$Ver\Excel\Options\""""
Remove-Item $ExcelRegPath -ErrorAction Ignore
New-Item -type Directory $ExcelRegPath | Out-Null
New-ItemProperty $ExcelRegPath OPEN -value \""""/R notepad.xll\"""" -propertyType string | Out-Null
$excelApp.Quit()
Start-Process \""""Excel\""""}",Microsoft Corporation,WinDev2309Eval,,C:\Users\User\AppData\Local\Temp\,Windows PowerShell,1,19574,10.0.22621.2506 (WinBuild.160101.0800),"MD5=2D1D70C92A419D9079B047954C611886,SHA256=C50057756CDB25D481CF2502ABCEF124F864C27618C5057468BFC6B82B2C4EDD,IMPHASH=E09C4F82A1DA13A09F4FF2E625FEBA20",C:\Windows\System32\WindowsPowerShell\v1.0\powershell.exe,Medium,0x8000000000000000,Information,{f57bd86a-36f9-658c-7bf8-020000000000},0x2f87b,"Process Create:

RuleName: -

UtcTime: 2023-12-27 22:09:21.032

ProcessGuid: {f57bd86a-a091-658c-c601-000000000f00}

ProcessId: 8068

Image: C:\Windows\System32\WindowsPowerShell\v1.0\powershell.exe

FileVersion: 10.0.22621.2506 (WinBuild.160101.0800)

Description: Windows PowerShell

Product: Microsoft® Windows® Operating System

Company: Microsoft Corporation

OriginalFileName: PowerShell.EXE

CommandLine: ""powershell.exe"" & {$excelApp = New-Object -COMObject \""""Excel.Application\""""
if(-not $excelApp.path.contains(\""""Program Files (x86)\"""")){
    Write-Host \""""64-bit Office\""""
    Copy \""""C:\AtomicRedTeam\atomics\T1137.006\bin\Addins\excelxll_x64.xll\"""" \""""$env:APPDATA\Microsoft\AddIns\notepad.xll\""""
}
else{
  Write-Host \""""32-bit Office\""""
  Copy \""""C:\AtomicRedTeam\atomics\T1137.006\bin\Addins\excelxll_x86.xll\"""" \""""$env:APPDATA\Microsoft\AddIns\notepad.xll\""""
}
$ver = $excelApp.version
$ExcelRegPath=\""""HKCU:\Software\Microsoft\Office\$Ver\Excel\Options\""""
Remove-Item $ExcelRegPath -ErrorAction Ignore
New-Item -type Directory $ExcelRegPath | Out-Null
New-ItemProperty $ExcelRegPath OPEN -value \""""/R notepad.xll\"""" -propertyType string | Out-Null
$excelApp.Quit()
Start-Process \""""Excel\""""}

CurrentDirectory: C:\Users\User\AppData\Local\Temp\

User: WINDEV2309EVAL\User

LogonGuid: {f57bd86a-36f9-658c-7bf8-020000000000}

LogonId: 0x2F87B

TerminalSessionId: 1

IntegrityLevel: Medium

Hashes: MD5=2D1D70C92A419D9079B047954C611886,SHA256=C50057756CDB25D481CF2502ABCEF124F864C27618C5057468BFC6B82B2C4EDD,IMPHASH=E09C4F82A1DA13A09F4FF2E625FEBA20

ParentProcessGuid: {00000000-0000-0000-0000-000000000000}

ParentProcessId: 1688

ParentImage: -

ParentCommandLine: -

ParentUser: -",Info,PowerShell.EXE,-,-,{00000000-0000-0000-0000-000000000000},1688,-,{f57bd86a-a091-658c-c601-000000000f00},3588,8068,Microsoft® Windows® Operating System,,,,"
      ",-,2023-12-27T22:09:21.0334748Z,,Process Create (rule: ProcessCreate),1,5124,WINDEV2309EVAL\User,S-1-5-18,2023-12-27 22:09:21.032,5,"<Event xmlns=""http://schemas.microsoft.com/win/2004/08/events/event"">
    <System>
      <Provider Name=""Microsoft-Windows-Sysmon"" Guid=""{5770385f-c22a-43e0-bf4c-06f5698ffbd9}""/>
      <EventID>1</EventID>
      <Version>5</Version>
      <Level>4</Level>
      <Task>1</Task>
      <Opcode>0</Opcode>
      <Keywords>0x8000000000000000</Keywords>
      <TimeCreated SystemTime=""2023-12-27T22:09:21.0334748Z""/>
      <EventRecordID>19574</EventRecordID>
      <Correlation/>
      <Execution ProcessID=""3588"" ThreadID=""5124""/>
      <Channel>Microsoft-Windows-Sysmon/Operational</Channel>
      <Computer>WinDev2309Eval</Computer>
      <Security UserID=""S-1-5-18""/>
    </System>
    <EventData>
      <Data Name=""RuleName"">-</Data>
      <Data Name=""UtcTime"">2023-12-27 22:09:21.032</Data>
      <Data Name=""ProcessGuid"">{f57bd86a-a091-658c-c601-000000000f00}</Data>
      <Data Name=""ProcessId"">8068</Data>
      <Data Name=""Image"">C:\Windows\System32\WindowsPowerShell\v1.0\powershell.exe</Data>
      <Data Name=""FileVersion"">10.0.22621.2506 (WinBuild.160101.0800)</Data>
      <Data Name=""Description"">Windows PowerShell</Data>
      <Data Name=""Product"">Microsoft&#174; Windows&#174; Operating System</Data>
      <Data Name=""Company"">Microsoft Corporation</Data>
      <Data Name=""OriginalFileName"">PowerShell.EXE</Data>
      <Data Name=""CommandLine"">""powershell.exe"" &amp; {$excelApp = New-Object -COMObject \""""Excel.Application\""""
if(-not $excelApp.path.contains(\""""Program Files (x86)\"""")){
    Write-Host \""""64-bit Office\""""
    Copy \""""C:\AtomicRedTeam\atomics\T1137.006\bin\Addins\excelxll_x64.xll\"""" \""""$env:APPDATA\Microsoft\AddIns\notepad.xll\""""
}
else{
  Write-Host \""""32-bit Office\""""
  Copy \""""C:\AtomicRedTeam\atomics\T1137.006\bin\Addins\excelxll_x86.xll\"""" \""""$env:APPDATA\Microsoft\AddIns\notepad.xll\""""
}
$ver = $excelApp.version
$ExcelRegPath=\""""HKCU:\Software\Microsoft\Office\$Ver\Excel\Options\""""
Remove-Item $ExcelRegPath -ErrorAction Ignore
New-Item -type Directory $ExcelRegPath | Out-Null
New-ItemProperty $ExcelRegPath OPEN -value \""""/R notepad.xll\"""" -propertyType string | Out-Null
$excelApp.Quit()
Start-Process \""""Excel\""""}</Data>
      <Data Name=""CurrentDirectory"">C:\Users\User\AppData\Local\Temp\</Data>
      <Data Name=""User"">WINDEV2309EVAL\User</Data>
      <Data Name=""LogonGuid"">{f57bd86a-36f9-658c-7bf8-020000000000}</Data>
      <Data Name=""LogonId"">0x2f87b</Data>
      <Data Name=""TerminalSessionId"">1</Data>
      <Data Name=""IntegrityLevel"">Medium</Data>
      <Data Name=""Hashes"">MD5=2D1D70C92A419D9079B047954C611886,SHA256=C50057756CDB25D481CF2502ABCEF124F864C27618C5057468BFC6B82B2C4EDD,IMPHASH=E09C4F82A1DA13A09F4FF2E625FEBA20</Data>
      <Data Name=""ParentProcessGuid"">{00000000-0000-0000-0000-000000000000}</Data>
      <Data Name=""ParentProcessId"">1688</Data>
      <Data Name=""ParentImage"">-</Data>
      <Data Name=""ParentCommandLine"">-</Data>
      <Data Name=""ParentUser"">-</Data>
    </EventData>
    <RenderingInfo Culture=""en-US"">
      <Message>Process Create:

RuleName: -

UtcTime: 2023-12-27 22:09:21.032

ProcessGuid: {f57bd86a-a091-658c-c601-000000000f00}

ProcessId: 8068

Image: C:\Windows\System32\WindowsPowerShell\v1.0\powershell.exe

FileVersion: 10.0.22621.2506 (WinBuild.160101.0800)

Description: Windows PowerShell

Product: Microsoft&#174; Windows&#174; Operating System

Company: Microsoft Corporation

OriginalFileName: PowerShell.EXE

CommandLine: ""powershell.exe"" &amp; {$excelApp = New-Object -COMObject \""""Excel.Application\""""
if(-not $excelApp.path.contains(\""""Program Files (x86)\"""")){
    Write-Host \""""64-bit Office\""""
    Copy \""""C:\AtomicRedTeam\atomics\T1137.006\bin\Addins\excelxll_x64.xll\"""" \""""$env:APPDATA\Microsoft\AddIns\notepad.xll\""""
}
else{
  Write-Host \""""32-bit Office\""""
  Copy \""""C:\AtomicRedTeam\atomics\T1137.006\bin\Addins\excelxll_x86.xll\"""" \""""$env:APPDATA\Microsoft\AddIns\notepad.xll\""""
}
$ver = $excelApp.version
$ExcelRegPath=\""""HKCU:\Software\Microsoft\Office\$Ver\Excel\Options\""""
Remove-Item $ExcelRegPath -ErrorAction Ignore
New-Item -type Directory $ExcelRegPath | Out-Null
New-ItemProperty $ExcelRegPath OPEN -value \""""/R notepad.xll\"""" -propertyType string | Out-Null
$excelApp.Quit()
Start-Process \""""Excel\""""}

CurrentDirectory: C:\Users\User\AppData\Local\Temp\

User: WINDEV2309EVAL\User

LogonGuid: {f57bd86a-36f9-658c-7bf8-020000000000}

LogonId: 0x2F87B

TerminalSessionId: 1

IntegrityLevel: Medium

Hashes: MD5=2D1D70C92A419D9079B047954C611886,SHA256=C50057756CDB25D481CF2502ABCEF124F864C27618C5057468BFC6B82B2C4EDD,IMPHASH=E09C4F82A1DA13A09F4FF2E625FEBA20

ParentProcessGuid: {00000000-0000-0000-0000-000000000000}

ParentProcessId: 1688

ParentImage: -

ParentCommandLine: -

ParentUser: -</Message>
      <Level>Information</Level>
      <Task>Process Create (rule: ProcessCreate)</Task>
      <Opcode>Info</Opcode>
    </RenderingInfo>
  </Event>
  
"
Microsoft-Windows-Sysmon/Operational,,,WinDev2309Eval,2023-12-27 22:09:17.896,,,11,19573,,,C:\Windows\System32\WindowsPowerShell\v1.0\powershell.exe,,0x8000000000000000,Information,,,"File created:

RuleName: -

UtcTime: 2023-12-27 22:09:17.896

ProcessGuid: {f57bd86a-a08d-658c-c401-000000000f00}

ProcessId: 10556

Image: C:\Windows\System32\WindowsPowerShell\v1.0\powershell.exe

TargetFilename: C:\Users\User\AppData\Local\Temp\__PSScriptPolicyTest_sublgcyj.b1k.ps1

CreationUtcTime: 2023-12-27 22:09:17.896

User: WINDEV2309EVAL\User",Info,,,,,,,{f57bd86a-a08d-658c-c401-000000000f00},3588,10556,,,,,"
      ",-,2023-12-27T22:09:17.9028059Z,C:\Users\User\AppData\Local\Temp\__PSScriptPolicyTest_sublgcyj.b1k.ps1,File created (rule: FileCreate),,5124,WINDEV2309EVAL\User,S-1-5-18,2023-12-27 22:09:17.896,2,"<Event xmlns=""http://schemas.microsoft.com/win/2004/08/events/event"">
    <System>
      <Provider Name=""Microsoft-Windows-Sysmon"" Guid=""{5770385f-c22a-43e0-bf4c-06f5698ffbd9}""/>
      <EventID>11</EventID>
      <Version>2</Version>
      <Level>4</Level>
      <Task>11</Task>
      <Opcode>0</Opcode>
      <Keywords>0x8000000000000000</Keywords>
      <TimeCreated SystemTime=""2023-12-27T22:09:17.9028059Z""/>
      <EventRecordID>19573</EventRecordID>
      <Correlation/>
      <Execution ProcessID=""3588"" ThreadID=""5124""/>
      <Channel>Microsoft-Windows-Sysmon/Operational</Channel>
      <Computer>WinDev2309Eval</Computer>
      <Security UserID=""S-1-5-18""/>
    </System>
    <EventData>
      <Data Name=""RuleName"">-</Data>
      <Data Name=""UtcTime"">2023-12-27 22:09:17.896</Data>
      <Data Name=""ProcessGuid"">{f57bd86a-a08d-658c-c401-000000000f00}</Data>
      <Data Name=""ProcessId"">10556</Data>
      <Data Name=""Image"">C:\Windows\System32\WindowsPowerShell\v1.0\powershell.exe</Data>
      <Data Name=""TargetFilename"">C:\Users\User\AppData\Local\Temp\__PSScriptPolicyTest_sublgcyj.b1k.ps1</Data>
      <Data Name=""CreationUtcTime"">2023-12-27 22:09:17.896</Data>
      <Data Name=""User"">WINDEV2309EVAL\User</Data>
    </EventData>
    <RenderingInfo Culture=""en-US"">
      <Message>File created:

RuleName: -

UtcTime: 2023-12-27 22:09:17.896

ProcessGuid: {f57bd86a-a08d-658c-c401-000000000f00}

ProcessId: 10556

Image: C:\Windows\System32\WindowsPowerShell\v1.0\powershell.exe

TargetFilename: C:\Users\User\AppData\Local\Temp\__PSScriptPolicyTest_sublgcyj.b1k.ps1

CreationUtcTime: 2023-12-27 22:09:17.896

User: WINDEV2309EVAL\User</Message>
      <Level>Information</Level>
      <Task>File created (rule: FileCreate)</Task>
      <Opcode>Info</Opcode>
    </RenderingInfo>
  </Event>
  
"
Microsoft-Windows-Sysmon/Operational,"""powershell.exe"" & {$excelApp = New-Object -COMObject \""""Excel.Application\""""
if(-not $excelApp.path.contains(\""""Program Files (x86)\"""")){
    Write-Host \""""64-bit Office\""""
    $excelApp.RegisterXLL(\""""C:\AtomicRedTeam\atomics\T1137.006\bin\Addins\excelxll_x64.xll\"""")
}
else{
  Write-Host \""""32-bit Office\""""
  $excelApp.RegisterXLL(\""""C:\AtomicRedTeam\atomics\T1137.006\bin\Addins\excelxll_x86.xll\"""")
}}",Microsoft Corporation,WinDev2309Eval,,C:\Users\User\AppData\Local\Temp\,Windows PowerShell,1,19572,10.0.22621.2506 (WinBuild.160101.0800),"MD5=2D1D70C92A419D9079B047954C611886,SHA256=C50057756CDB25D481CF2502ABCEF124F864C27618C5057468BFC6B82B2C4EDD,IMPHASH=E09C4F82A1DA13A09F4FF2E625FEBA20",C:\Windows\System32\WindowsPowerShell\v1.0\powershell.exe,Medium,0x8000000000000000,Information,{f57bd86a-36f9-658c-7bf8-020000000000},0x2f87b,"Process Create:

RuleName: -

UtcTime: 2023-12-27 22:09:17.762

ProcessGuid: {f57bd86a-a08d-658c-c401-000000000f00}

ProcessId: 10556

Image: C:\Windows\System32\WindowsPowerShell\v1.0\powershell.exe

FileVersion: 10.0.22621.2506 (WinBuild.160101.0800)

Description: Windows PowerShell

Product: Microsoft® Windows® Operating System

Company: Microsoft Corporation

OriginalFileName: PowerShell.EXE

CommandLine: ""powershell.exe"" & {$excelApp = New-Object -COMObject \""""Excel.Application\""""
if(-not $excelApp.path.contains(\""""Program Files (x86)\"""")){
    Write-Host \""""64-bit Office\""""
    $excelApp.RegisterXLL(\""""C:\AtomicRedTeam\atomics\T1137.006\bin\Addins\excelxll_x64.xll\"""")
}
else{
  Write-Host \""""32-bit Office\""""
  $excelApp.RegisterXLL(\""""C:\AtomicRedTeam\atomics\T1137.006\bin\Addins\excelxll_x86.xll\"""")
}}

CurrentDirectory: C:\Users\User\AppData\Local\Temp\

User: WINDEV2309EVAL\User

LogonGuid: {f57bd86a-36f9-658c-7bf8-020000000000}

LogonId: 0x2F87B

TerminalSessionId: 1

IntegrityLevel: Medium

Hashes: MD5=2D1D70C92A419D9079B047954C611886,SHA256=C50057756CDB25D481CF2502ABCEF124F864C27618C5057468BFC6B82B2C4EDD,IMPHASH=E09C4F82A1DA13A09F4FF2E625FEBA20

ParentProcessGuid: {00000000-0000-0000-0000-000000000000}

ParentProcessId: 1688

ParentImage: -

ParentCommandLine: -

ParentUser: -",Info,PowerShell.EXE,-,-,{00000000-0000-0000-0000-000000000000},1688,-,{f57bd86a-a08d-658c-c401-000000000f00},3588,10556,Microsoft® Windows® Operating System,,,,"
      ",-,2023-12-27T22:09:17.7640485Z,,Process Create (rule: ProcessCreate),1,5124,WINDEV2309EVAL\User,S-1-5-18,2023-12-27 22:09:17.762,5,"<Event xmlns=""http://schemas.microsoft.com/win/2004/08/events/event"">
    <System>
      <Provider Name=""Microsoft-Windows-Sysmon"" Guid=""{5770385f-c22a-43e0-bf4c-06f5698ffbd9}""/>
      <EventID>1</EventID>
      <Version>5</Version>
      <Level>4</Level>
      <Task>1</Task>
      <Opcode>0</Opcode>
      <Keywords>0x8000000000000000</Keywords>
      <TimeCreated SystemTime=""2023-12-27T22:09:17.7640485Z""/>
      <EventRecordID>19572</EventRecordID>
      <Correlation/>
      <Execution ProcessID=""3588"" ThreadID=""5124""/>
      <Channel>Microsoft-Windows-Sysmon/Operational</Channel>
      <Computer>WinDev2309Eval</Computer>
      <Security UserID=""S-1-5-18""/>
    </System>
    <EventData>
      <Data Name=""RuleName"">-</Data>
      <Data Name=""UtcTime"">2023-12-27 22:09:17.762</Data>
      <Data Name=""ProcessGuid"">{f57bd86a-a08d-658c-c401-000000000f00}</Data>
      <Data Name=""ProcessId"">10556</Data>
      <Data Name=""Image"">C:\Windows\System32\WindowsPowerShell\v1.0\powershell.exe</Data>
      <Data Name=""FileVersion"">10.0.22621.2506 (WinBuild.160101.0800)</Data>
      <Data Name=""Description"">Windows PowerShell</Data>
      <Data Name=""Product"">Microsoft&#174; Windows&#174; Operating System</Data>
      <Data Name=""Company"">Microsoft Corporation</Data>
      <Data Name=""OriginalFileName"">PowerShell.EXE</Data>
      <Data Name=""CommandLine"">""powershell.exe"" &amp; {$excelApp = New-Object -COMObject \""""Excel.Application\""""
if(-not $excelApp.path.contains(\""""Program Files (x86)\"""")){
    Write-Host \""""64-bit Office\""""
    $excelApp.RegisterXLL(\""""C:\AtomicRedTeam\atomics\T1137.006\bin\Addins\excelxll_x64.xll\"""")
}
else{
  Write-Host \""""32-bit Office\""""
  $excelApp.RegisterXLL(\""""C:\AtomicRedTeam\atomics\T1137.006\bin\Addins\excelxll_x86.xll\"""")
}}</Data>
      <Data Name=""CurrentDirectory"">C:\Users\User\AppData\Local\Temp\</Data>
      <Data Name=""User"">WINDEV2309EVAL\User</Data>
      <Data Name=""LogonGuid"">{f57bd86a-36f9-658c-7bf8-020000000000}</Data>
      <Data Name=""LogonId"">0x2f87b</Data>
      <Data Name=""TerminalSessionId"">1</Data>
      <Data Name=""IntegrityLevel"">Medium</Data>
      <Data Name=""Hashes"">MD5=2D1D70C92A419D9079B047954C611886,SHA256=C50057756CDB25D481CF2502ABCEF124F864C27618C5057468BFC6B82B2C4EDD,IMPHASH=E09C4F82A1DA13A09F4FF2E625FEBA20</Data>
      <Data Name=""ParentProcessGuid"">{00000000-0000-0000-0000-000000000000}</Data>
      <Data Name=""ParentProcessId"">1688</Data>
      <Data Name=""ParentImage"">-</Data>
      <Data Name=""ParentCommandLine"">-</Data>
      <Data Name=""ParentUser"">-</Data>
    </EventData>
    <RenderingInfo Culture=""en-US"">
      <Message>Process Create:

RuleName: -

UtcTime: 2023-12-27 22:09:17.762

ProcessGuid: {f57bd86a-a08d-658c-c401-000000000f00}

ProcessId: 10556

Image: C:\Windows\System32\WindowsPowerShell\v1.0\powershell.exe

FileVersion: 10.0.22621.2506 (WinBuild.160101.0800)

Description: Windows PowerShell

Product: Microsoft&#174; Windows&#174; Operating System

Company: Microsoft Corporation

OriginalFileName: PowerShell.EXE

CommandLine: ""powershell.exe"" &amp; {$excelApp = New-Object -COMObject \""""Excel.Application\""""
if(-not $excelApp.path.contains(\""""Program Files (x86)\"""")){
    Write-Host \""""64-bit Office\""""
    $excelApp.RegisterXLL(\""""C:\AtomicRedTeam\atomics\T1137.006\bin\Addins\excelxll_x64.xll\"""")
}
else{
  Write-Host \""""32-bit Office\""""
  $excelApp.RegisterXLL(\""""C:\AtomicRedTeam\atomics\T1137.006\bin\Addins\excelxll_x86.xll\"""")
}}

CurrentDirectory: C:\Users\User\AppData\Local\Temp\

User: WINDEV2309EVAL\User

LogonGuid: {f57bd86a-36f9-658c-7bf8-020000000000}

LogonId: 0x2F87B

TerminalSessionId: 1

IntegrityLevel: Medium

Hashes: MD5=2D1D70C92A419D9079B047954C611886,SHA256=C50057756CDB25D481CF2502ABCEF124F864C27618C5057468BFC6B82B2C4EDD,IMPHASH=E09C4F82A1DA13A09F4FF2E625FEBA20

ParentProcessGuid: {00000000-0000-0000-0000-000000000000}

ParentProcessId: 1688

ParentImage: -

ParentCommandLine: -

ParentUser: -</Message>
      <Level>Information</Level>
      <Task>Process Create (rule: ProcessCreate)</Task>
      <Opcode>Info</Opcode>
    </RenderingInfo>
  </Event>
  
"
