Microsoft-Windows-Sysmon/Operational,"""C:\Users\User\AppData\Local\Temp\chrome-win\chrome.exe"" --type=utility --utility-sub-type=data_decoder.mojom.DataDecoderService --lang=en-US --service-sandbox-type=service --mojo-platform-channel-handle=4352 --field-trial-handle=1756,i,485431194890201653,11807097920400233063,262144 /prefetch:8",The Chromium Authors,WinDev2309Eval,,C:\Users\User\AppData\Local\Temp\chrome-win\,Chromium,,,,,,1,19609,116.0.5816.0,"MD5=3449EFF57D31F6C69D523AB848CA56C3,SHA256=D7C9B99AA403C0E629086E8E4ACF6438A5489FE9070DC22D6B033D759414FB76,IMPHASH=3371C06C266BC31A39D10990BC28CCE3",C:\Users\User\AppData\Local\Temp\chrome-win\chrome.exe,,Low,0x8000000000000000,Information,{f57bd86a-36f9-658c-7bf8-020000000000},0x2f87b,"Process Create:

RuleName: -

UtcTime: 2023-12-27 22:12:43.306

ProcessGuid: {f57bd86a-a15b-658c-d301-000000000f00}

ProcessId: 1852

Image: C:\Users\User\AppData\Local\Temp\chrome-win\chrome.exe

FileVersion: 116.0.5816.0

Description: Chromium

Product: Chromium

Company: The Chromium Authors

OriginalFileName: chrome.exe

CommandLine: ""C:\Users\User\AppData\Local\Temp\chrome-win\chrome.exe"" --type=utility --utility-sub-type=data_decoder.mojom.DataDecoderService --lang=en-US --service-sandbox-type=service --mojo-platform-channel-handle=4352 --field-trial-handle=1756,i,485431194890201653,11807097920400233063,262144 /prefetch:8

CurrentDirectory: C:\Users\User\AppData\Local\Temp\chrome-win\

User: WINDEV2309EVAL\User

LogonGuid: {f57bd86a-36f9-658c-7bf8-020000000000}

LogonId: 0x2F87B

TerminalSessionId: 1

IntegrityLevel: Low

Hashes: MD5=3449EFF57D31F6C69D523AB848CA56C3,SHA256=D7C9B99AA403C0E629086E8E4ACF6438A5489FE9070DC22D6B033D759414FB76,IMPHASH=3371C06C266BC31A39D10990BC28CCE3

ParentProcessGuid: {f57bd86a-a149-658c-c801-000000000f00}

ParentProcessId: 2960

ParentImage: C:\Users\User\AppData\Local\Temp\chrome-win\chrome.exe

ParentCommandLine: ""C:\Users\User\AppData\Local\Temp\chrome-win\chrome.exe"" --load-extension=C:\Users\User\AppData\Local\Temp\extension\ 

ParentUser: WINDEV2309EVAL\User",Info,chrome.exe,"""C:\Users\User\AppData\Local\Temp\chrome-win\chrome.exe"" --load-extension=C:\Users\User\AppData\Local\Temp\extension\ ",C:\Users\User\AppData\Local\Temp\chrome-win\chrome.exe,{f57bd86a-a149-658c-c801-000000000f00},2960,WINDEV2309EVAL\User,,{f57bd86a-a15b-658c-d301-000000000f00},3588,1852,Chromium,,,,,"
      ",-,,,,,,2023-12-27T22:12:43.3084492Z,,Process Create (rule: ProcessCreate),1,5124,WINDEV2309EVAL\User,S-1-5-18,2023-12-27 22:12:43.306,5,"<Event xmlns=""http://schemas.microsoft.com/win/2004/08/events/event"">
    <System>
      <Provider Name=""Microsoft-Windows-Sysmon"" Guid=""{5770385f-c22a-43e0-bf4c-06f5698ffbd9}""/>
      <EventID>1</EventID>
      <Version>5</Version>
      <Level>4</Level>
      <Task>1</Task>
      <Opcode>0</Opcode>
      <Keywords>0x8000000000000000</Keywords>
      <TimeCreated SystemTime=""2023-12-27T22:12:43.3084492Z""/>
      <EventRecordID>19609</EventRecordID>
      <Correlation/>
      <Execution ProcessID=""3588"" ThreadID=""5124""/>
      <Channel>Microsoft-Windows-Sysmon/Operational</Channel>
      <Computer>WinDev2309Eval</Computer>
      <Security UserID=""S-1-5-18""/>
    </System>
    <EventData>
      <Data Name=""RuleName"">-</Data>
      <Data Name=""UtcTime"">2023-12-27 22:12:43.306</Data>
      <Data Name=""ProcessGuid"">{f57bd86a-a15b-658c-d301-000000000f00}</Data>
      <Data Name=""ProcessId"">1852</Data>
      <Data Name=""Image"">C:\Users\User\AppData\Local\Temp\chrome-win\chrome.exe</Data>
      <Data Name=""FileVersion"">116.0.5816.0</Data>
      <Data Name=""Description"">Chromium</Data>
      <Data Name=""Product"">Chromium</Data>
      <Data Name=""Company"">The Chromium Authors</Data>
      <Data Name=""OriginalFileName"">chrome.exe</Data>
      <Data Name=""CommandLine"">""C:\Users\User\AppData\Local\Temp\chrome-win\chrome.exe"" --type=utility --utility-sub-type=data_decoder.mojom.DataDecoderService --lang=en-US --service-sandbox-type=service --mojo-platform-channel-handle=4352 --field-trial-handle=1756,i,485431194890201653,11807097920400233063,262144 /prefetch:8</Data>
      <Data Name=""CurrentDirectory"">C:\Users\User\AppData\Local\Temp\chrome-win\</Data>
      <Data Name=""User"">WINDEV2309EVAL\User</Data>
      <Data Name=""LogonGuid"">{f57bd86a-36f9-658c-7bf8-020000000000}</Data>
      <Data Name=""LogonId"">0x2f87b</Data>
      <Data Name=""TerminalSessionId"">1</Data>
      <Data Name=""IntegrityLevel"">Low</Data>
      <Data Name=""Hashes"">MD5=3449EFF57D31F6C69D523AB848CA56C3,SHA256=D7C9B99AA403C0E629086E8E4ACF6438A5489FE9070DC22D6B033D759414FB76,IMPHASH=3371C06C266BC31A39D10990BC28CCE3</Data>
      <Data Name=""ParentProcessGuid"">{f57bd86a-a149-658c-c801-000000000f00}</Data>
      <Data Name=""ParentProcessId"">2960</Data>
      <Data Name=""ParentImage"">C:\Users\User\AppData\Local\Temp\chrome-win\chrome.exe</Data>
      <Data Name=""ParentCommandLine"">""C:\Users\User\AppData\Local\Temp\chrome-win\chrome.exe"" --load-extension=C:\Users\User\AppData\Local\Temp\extension\ </Data>
      <Data Name=""ParentUser"">WINDEV2309EVAL\User</Data>
    </EventData>
    <RenderingInfo Culture=""en-US"">
      <Message>Process Create:

RuleName: -

UtcTime: 2023-12-27 22:12:43.306

ProcessGuid: {f57bd86a-a15b-658c-d301-000000000f00}

ProcessId: 1852

Image: C:\Users\User\AppData\Local\Temp\chrome-win\chrome.exe

FileVersion: 116.0.5816.0

Description: Chromium

Product: Chromium

Company: The Chromium Authors

OriginalFileName: chrome.exe

CommandLine: ""C:\Users\User\AppData\Local\Temp\chrome-win\chrome.exe"" --type=utility --utility-sub-type=data_decoder.mojom.DataDecoderService --lang=en-US --service-sandbox-type=service --mojo-platform-channel-handle=4352 --field-trial-handle=1756,i,485431194890201653,11807097920400233063,262144 /prefetch:8

CurrentDirectory: C:\Users\User\AppData\Local\Temp\chrome-win\

User: WINDEV2309EVAL\User

LogonGuid: {f57bd86a-36f9-658c-7bf8-020000000000}

LogonId: 0x2F87B

TerminalSessionId: 1

IntegrityLevel: Low

Hashes: MD5=3449EFF57D31F6C69D523AB848CA56C3,SHA256=D7C9B99AA403C0E629086E8E4ACF6438A5489FE9070DC22D6B033D759414FB76,IMPHASH=3371C06C266BC31A39D10990BC28CCE3

ParentProcessGuid: {f57bd86a-a149-658c-c801-000000000f00}

ParentProcessId: 2960

ParentImage: C:\Users\User\AppData\Local\Temp\chrome-win\chrome.exe

ParentCommandLine: ""C:\Users\User\AppData\Local\Temp\chrome-win\chrome.exe"" --load-extension=C:\Users\User\AppData\Local\Temp\extension\ 

ParentUser: WINDEV2309EVAL\User</Message>
      <Level>Information</Level>
      <Task>Process Create (rule: ProcessCreate)</Task>
      <Opcode>Info</Opcode>
    </RenderingInfo>
  </Event>
  
"
Microsoft-Windows-Sysmon/Operational,,,WinDev2309Eval,,,,-,239.255.255.250,false,1900,ssdp,3,19608,,,C:\Users\User\AppData\Local\Temp\chrome-win\chrome.exe,true,,0x8000000000000000,Information,,,"Network connection detected:

RuleName: Usermode

UtcTime: 2023-12-27 14:53:14.030

ProcessGuid: {f57bd86a-a149-658c-c801-000000000f00}

ProcessId: 2960

Image: C:\Users\User\AppData\Local\Temp\chrome-win\chrome.exe

User: WINDEV2309EVAL\User

Protocol: udp

Initiated: true

SourceIsIpv6: false

SourceIp: 192.168.36.130

SourceHostname: WinDev2309Eval.localdomain

SourcePort: 63144

SourcePortName: -

DestinationIsIpv6: false

DestinationIp: 239.255.255.250

DestinationHostname: -

DestinationPort: 1900

DestinationPortName: ssdp",Info,,,,,,,,{f57bd86a-a149-658c-c801-000000000f00},3588,2960,,udp,,,,"
      ",Usermode,WinDev2309Eval.localdomain,192.168.36.130,false,63144,-,2023-12-27T22:12:43.1604578Z,,Network connection detected (rule: NetworkConnect),,5136,WINDEV2309EVAL\User,S-1-5-18,2023-12-27 14:53:14.030,5,"<Event xmlns=""http://schemas.microsoft.com/win/2004/08/events/event"">
    <System>
      <Provider Name=""Microsoft-Windows-Sysmon"" Guid=""{5770385f-c22a-43e0-bf4c-06f5698ffbd9}""/>
      <EventID>3</EventID>
      <Version>5</Version>
      <Level>4</Level>
      <Task>3</Task>
      <Opcode>0</Opcode>
      <Keywords>0x8000000000000000</Keywords>
      <TimeCreated SystemTime=""2023-12-27T22:12:43.1604578Z""/>
      <EventRecordID>19608</EventRecordID>
      <Correlation/>
      <Execution ProcessID=""3588"" ThreadID=""5136""/>
      <Channel>Microsoft-Windows-Sysmon/Operational</Channel>
      <Computer>WinDev2309Eval</Computer>
      <Security UserID=""S-1-5-18""/>
    </System>
    <EventData>
      <Data Name=""RuleName"">Usermode</Data>
      <Data Name=""UtcTime"">2023-12-27 14:53:14.030</Data>
      <Data Name=""ProcessGuid"">{f57bd86a-a149-658c-c801-000000000f00}</Data>
      <Data Name=""ProcessId"">2960</Data>
      <Data Name=""Image"">C:\Users\User\AppData\Local\Temp\chrome-win\chrome.exe</Data>
      <Data Name=""User"">WINDEV2309EVAL\User</Data>
      <Data Name=""Protocol"">udp</Data>
      <Data Name=""Initiated"">true</Data>
      <Data Name=""SourceIsIpv6"">false</Data>
      <Data Name=""SourceIp"">192.168.36.130</Data>
      <Data Name=""SourceHostname"">WinDev2309Eval.localdomain</Data>
      <Data Name=""SourcePort"">63144</Data>
      <Data Name=""SourcePortName"">-</Data>
      <Data Name=""DestinationIsIpv6"">false</Data>
      <Data Name=""DestinationIp"">239.255.255.250</Data>
      <Data Name=""DestinationHostname"">-</Data>
      <Data Name=""DestinationPort"">1900</Data>
      <Data Name=""DestinationPortName"">ssdp</Data>
    </EventData>
    <RenderingInfo Culture=""en-US"">
      <Message>Network connection detected:

RuleName: Usermode

UtcTime: 2023-12-27 14:53:14.030

ProcessGuid: {f57bd86a-a149-658c-c801-000000000f00}

ProcessId: 2960

Image: C:\Users\User\AppData\Local\Temp\chrome-win\chrome.exe

User: WINDEV2309EVAL\User

Protocol: udp

Initiated: true

SourceIsIpv6: false

SourceIp: 192.168.36.130

SourceHostname: WinDev2309Eval.localdomain

SourcePort: 63144

SourcePortName: -

DestinationIsIpv6: false

DestinationIp: 239.255.255.250

DestinationHostname: -

DestinationPort: 1900

DestinationPortName: ssdp</Message>
      <Level>Information</Level>
      <Task>Network connection detected (rule: NetworkConnect)</Task>
      <Opcode>Info</Opcode>
    </RenderingInfo>
  </Event>
  
"
Microsoft-Windows-Sysmon/Operational,,,WinDev2309Eval,,,,-,239.255.255.250,false,1900,ssdp,3,19607,,,C:\Users\User\AppData\Local\Temp\chrome-win\chrome.exe,true,,0x8000000000000000,Information,,,"Network connection detected:

RuleName: Usermode

UtcTime: 2023-12-27 14:53:14.030

ProcessGuid: {f57bd86a-a149-658c-c801-000000000f00}

ProcessId: 2960

Image: C:\Users\User\AppData\Local\Temp\chrome-win\chrome.exe

User: WINDEV2309EVAL\User

Protocol: udp

Initiated: true

SourceIsIpv6: false

SourceIp: 192.168.126.163

SourceHostname: WinDev2309Eval.localdomain

SourcePort: 63143

SourcePortName: -

DestinationIsIpv6: false

DestinationIp: 239.255.255.250

DestinationHostname: -

DestinationPort: 1900

DestinationPortName: ssdp",Info,,,,,,,,{f57bd86a-a149-658c-c801-000000000f00},3588,2960,,udp,,,,"
      ",Usermode,WinDev2309Eval.localdomain,192.168.126.163,false,63143,-,2023-12-27T22:12:43.1594571Z,,Network connection detected (rule: NetworkConnect),,5136,WINDEV2309EVAL\User,S-1-5-18,2023-12-27 14:53:14.030,5,"<Event xmlns=""http://schemas.microsoft.com/win/2004/08/events/event"">
    <System>
      <Provider Name=""Microsoft-Windows-Sysmon"" Guid=""{5770385f-c22a-43e0-bf4c-06f5698ffbd9}""/>
      <EventID>3</EventID>
      <Version>5</Version>
      <Level>4</Level>
      <Task>3</Task>
      <Opcode>0</Opcode>
      <Keywords>0x8000000000000000</Keywords>
      <TimeCreated SystemTime=""2023-12-27T22:12:43.1594571Z""/>
      <EventRecordID>19607</EventRecordID>
      <Correlation/>
      <Execution ProcessID=""3588"" ThreadID=""5136""/>
      <Channel>Microsoft-Windows-Sysmon/Operational</Channel>
      <Computer>WinDev2309Eval</Computer>
      <Security UserID=""S-1-5-18""/>
    </System>
    <EventData>
      <Data Name=""RuleName"">Usermode</Data>
      <Data Name=""UtcTime"">2023-12-27 14:53:14.030</Data>
      <Data Name=""ProcessGuid"">{f57bd86a-a149-658c-c801-000000000f00}</Data>
      <Data Name=""ProcessId"">2960</Data>
      <Data Name=""Image"">C:\Users\User\AppData\Local\Temp\chrome-win\chrome.exe</Data>
      <Data Name=""User"">WINDEV2309EVAL\User</Data>
      <Data Name=""Protocol"">udp</Data>
      <Data Name=""Initiated"">true</Data>
      <Data Name=""SourceIsIpv6"">false</Data>
      <Data Name=""SourceIp"">192.168.126.163</Data>
      <Data Name=""SourceHostname"">WinDev2309Eval.localdomain</Data>
      <Data Name=""SourcePort"">63143</Data>
      <Data Name=""SourcePortName"">-</Data>
      <Data Name=""DestinationIsIpv6"">false</Data>
      <Data Name=""DestinationIp"">239.255.255.250</Data>
      <Data Name=""DestinationHostname"">-</Data>
      <Data Name=""DestinationPort"">1900</Data>
      <Data Name=""DestinationPortName"">ssdp</Data>
    </EventData>
    <RenderingInfo Culture=""en-US"">
      <Message>Network connection detected:

RuleName: Usermode

UtcTime: 2023-12-27 14:53:14.030

ProcessGuid: {f57bd86a-a149-658c-c801-000000000f00}

ProcessId: 2960

Image: C:\Users\User\AppData\Local\Temp\chrome-win\chrome.exe

User: WINDEV2309EVAL\User

Protocol: udp

Initiated: true

SourceIsIpv6: false

SourceIp: 192.168.126.163

SourceHostname: WinDev2309Eval.localdomain

SourcePort: 63143

SourcePortName: -

DestinationIsIpv6: false

DestinationIp: 239.255.255.250

DestinationHostname: -

DestinationPort: 1900

DestinationPortName: ssdp</Message>
      <Level>Information</Level>
      <Task>Network connection detected (rule: NetworkConnect)</Task>
      <Opcode>Info</Opcode>
    </RenderingInfo>
  </Event>
  
"
Microsoft-Windows-Sysmon/Operational,"""C:\Users\User\AppData\Local\Temp\chrome-win\chrome.exe"" --type=renderer --start-stack-profiler --file-url-path-alias=""/gen=C:\Users\User\AppData\Local\Temp\chrome-win\gen"" --disable-gpu-compositing --video-capture-use-gpu-memory-buffer --lang=en-US --device-scale-factor=1 --num-raster-threads=2 --enable-main-frame-before-activation --renderer-client-id=7 --time-ticks-at-unix-epoch=-1703714283742955 --launch-time-ticks=878568412 --mojo-platform-channel-handle=4248 --field-trial-handle=1756,i,485431194890201653,11807097920400233063,262144 /prefetch:1",The Chromium Authors,WinDev2309Eval,,C:\Users\User\AppData\Local\Temp\chrome-win\,Chromium,,,,,,1,19606,116.0.5816.0,"MD5=3449EFF57D31F6C69D523AB848CA56C3,SHA256=D7C9B99AA403C0E629086E8E4ACF6438A5489FE9070DC22D6B033D759414FB76,IMPHASH=3371C06C266BC31A39D10990BC28CCE3",C:\Users\User\AppData\Local\Temp\chrome-win\chrome.exe,,Low,0x8000000000000000,Information,{f57bd86a-36f9-658c-7bf8-020000000000},0x2f87b,"Process Create:

RuleName: -

UtcTime: 2023-12-27 22:12:42.318

ProcessGuid: {f57bd86a-a15a-658c-d101-000000000f00}

ProcessId: 2580

Image: C:\Users\User\AppData\Local\Temp\chrome-win\chrome.exe

FileVersion: 116.0.5816.0

Description: Chromium

Product: Chromium

Company: The Chromium Authors

OriginalFileName: chrome.exe

CommandLine: ""C:\Users\User\AppData\Local\Temp\chrome-win\chrome.exe"" --type=renderer --start-stack-profiler --file-url-path-alias=""/gen=C:\Users\User\AppData\Local\Temp\chrome-win\gen"" --disable-gpu-compositing --video-capture-use-gpu-memory-buffer --lang=en-US --device-scale-factor=1 --num-raster-threads=2 --enable-main-frame-before-activation --renderer-client-id=7 --time-ticks-at-unix-epoch=-1703714283742955 --launch-time-ticks=878568412 --mojo-platform-channel-handle=4248 --field-trial-handle=1756,i,485431194890201653,11807097920400233063,262144 /prefetch:1

CurrentDirectory: C:\Users\User\AppData\Local\Temp\chrome-win\

User: WINDEV2309EVAL\User

LogonGuid: {f57bd86a-36f9-658c-7bf8-020000000000}

LogonId: 0x2F87B

TerminalSessionId: 1

IntegrityLevel: Low

Hashes: MD5=3449EFF57D31F6C69D523AB848CA56C3,SHA256=D7C9B99AA403C0E629086E8E4ACF6438A5489FE9070DC22D6B033D759414FB76,IMPHASH=3371C06C266BC31A39D10990BC28CCE3

ParentProcessGuid: {f57bd86a-a149-658c-c801-000000000f00}

ParentProcessId: 2960

ParentImage: C:\Users\User\AppData\Local\Temp\chrome-win\chrome.exe

ParentCommandLine: ""C:\Users\User\AppData\Local\Temp\chrome-win\chrome.exe"" --load-extension=C:\Users\User\AppData\Local\Temp\extension\ 

ParentUser: WINDEV2309EVAL\User",Info,chrome.exe,"""C:\Users\User\AppData\Local\Temp\chrome-win\chrome.exe"" --load-extension=C:\Users\User\AppData\Local\Temp\extension\ ",C:\Users\User\AppData\Local\Temp\chrome-win\chrome.exe,{f57bd86a-a149-658c-c801-000000000f00},2960,WINDEV2309EVAL\User,,{f57bd86a-a15a-658c-d101-000000000f00},3588,2580,Chromium,,,,,"
      ",-,,,,,,2023-12-27T22:12:42.3289508Z,,Process Create (rule: ProcessCreate),1,5124,WINDEV2309EVAL\User,S-1-5-18,2023-12-27 22:12:42.318,5,"<Event xmlns=""http://schemas.microsoft.com/win/2004/08/events/event"">
    <System>
      <Provider Name=""Microsoft-Windows-Sysmon"" Guid=""{5770385f-c22a-43e0-bf4c-06f5698ffbd9}""/>
      <EventID>1</EventID>
      <Version>5</Version>
      <Level>4</Level>
      <Task>1</Task>
      <Opcode>0</Opcode>
      <Keywords>0x8000000000000000</Keywords>
      <TimeCreated SystemTime=""2023-12-27T22:12:42.3289508Z""/>
      <EventRecordID>19606</EventRecordID>
      <Correlation/>
      <Execution ProcessID=""3588"" ThreadID=""5124""/>
      <Channel>Microsoft-Windows-Sysmon/Operational</Channel>
      <Computer>WinDev2309Eval</Computer>
      <Security UserID=""S-1-5-18""/>
    </System>
    <EventData>
      <Data Name=""RuleName"">-</Data>
      <Data Name=""UtcTime"">2023-12-27 22:12:42.318</Data>
      <Data Name=""ProcessGuid"">{f57bd86a-a15a-658c-d101-000000000f00}</Data>
      <Data Name=""ProcessId"">2580</Data>
      <Data Name=""Image"">C:\Users\User\AppData\Local\Temp\chrome-win\chrome.exe</Data>
      <Data Name=""FileVersion"">116.0.5816.0</Data>
      <Data Name=""Description"">Chromium</Data>
      <Data Name=""Product"">Chromium</Data>
      <Data Name=""Company"">The Chromium Authors</Data>
      <Data Name=""OriginalFileName"">chrome.exe</Data>
      <Data Name=""CommandLine"">""C:\Users\User\AppData\Local\Temp\chrome-win\chrome.exe"" --type=renderer --start-stack-profiler --file-url-path-alias=""/gen=C:\Users\User\AppData\Local\Temp\chrome-win\gen"" --disable-gpu-compositing --video-capture-use-gpu-memory-buffer --lang=en-US --device-scale-factor=1 --num-raster-threads=2 --enable-main-frame-before-activation --renderer-client-id=7 --time-ticks-at-unix-epoch=-1703714283742955 --launch-time-ticks=878568412 --mojo-platform-channel-handle=4248 --field-trial-handle=1756,i,485431194890201653,11807097920400233063,262144 /prefetch:1</Data>
      <Data Name=""CurrentDirectory"">C:\Users\User\AppData\Local\Temp\chrome-win\</Data>
      <Data Name=""User"">WINDEV2309EVAL\User</Data>
      <Data Name=""LogonGuid"">{f57bd86a-36f9-658c-7bf8-020000000000}</Data>
      <Data Name=""LogonId"">0x2f87b</Data>
      <Data Name=""TerminalSessionId"">1</Data>
      <Data Name=""IntegrityLevel"">Low</Data>
      <Data Name=""Hashes"">MD5=3449EFF57D31F6C69D523AB848CA56C3,SHA256=D7C9B99AA403C0E629086E8E4ACF6438A5489FE9070DC22D6B033D759414FB76,IMPHASH=3371C06C266BC31A39D10990BC28CCE3</Data>
      <Data Name=""ParentProcessGuid"">{f57bd86a-a149-658c-c801-000000000f00}</Data>
      <Data Name=""ParentProcessId"">2960</Data>
      <Data Name=""ParentImage"">C:\Users\User\AppData\Local\Temp\chrome-win\chrome.exe</Data>
      <Data Name=""ParentCommandLine"">""C:\Users\User\AppData\Local\Temp\chrome-win\chrome.exe"" --load-extension=C:\Users\User\AppData\Local\Temp\extension\ </Data>
      <Data Name=""ParentUser"">WINDEV2309EVAL\User</Data>
    </EventData>
    <RenderingInfo Culture=""en-US"">
      <Message>Process Create:

RuleName: -

UtcTime: 2023-12-27 22:12:42.318

ProcessGuid: {f57bd86a-a15a-658c-d101-000000000f00}

ProcessId: 2580

Image: C:\Users\User\AppData\Local\Temp\chrome-win\chrome.exe

FileVersion: 116.0.5816.0

Description: Chromium

Product: Chromium

Company: The Chromium Authors

OriginalFileName: chrome.exe

CommandLine: ""C:\Users\User\AppData\Local\Temp\chrome-win\chrome.exe"" --type=renderer --start-stack-profiler --file-url-path-alias=""/gen=C:\Users\User\AppData\Local\Temp\chrome-win\gen"" --disable-gpu-compositing --video-capture-use-gpu-memory-buffer --lang=en-US --device-scale-factor=1 --num-raster-threads=2 --enable-main-frame-before-activation --renderer-client-id=7 --time-ticks-at-unix-epoch=-1703714283742955 --launch-time-ticks=878568412 --mojo-platform-channel-handle=4248 --field-trial-handle=1756,i,485431194890201653,11807097920400233063,262144 /prefetch:1

CurrentDirectory: C:\Users\User\AppData\Local\Temp\chrome-win\

User: WINDEV2309EVAL\User

LogonGuid: {f57bd86a-36f9-658c-7bf8-020000000000}

LogonId: 0x2F87B

TerminalSessionId: 1

IntegrityLevel: Low

Hashes: MD5=3449EFF57D31F6C69D523AB848CA56C3,SHA256=D7C9B99AA403C0E629086E8E4ACF6438A5489FE9070DC22D6B033D759414FB76,IMPHASH=3371C06C266BC31A39D10990BC28CCE3

ParentProcessGuid: {f57bd86a-a149-658c-c801-000000000f00}

ParentProcessId: 2960

ParentImage: C:\Users\User\AppData\Local\Temp\chrome-win\chrome.exe

ParentCommandLine: ""C:\Users\User\AppData\Local\Temp\chrome-win\chrome.exe"" --load-extension=C:\Users\User\AppData\Local\Temp\extension\ 

ParentUser: WINDEV2309EVAL\User</Message>
      <Level>Information</Level>
      <Task>Process Create (rule: ProcessCreate)</Task>
      <Opcode>Info</Opcode>
    </RenderingInfo>
  </Event>
  
"
Microsoft-Windows-Sysmon/Operational,,,WinDev2309Eval,2023-12-27 22:12:41.840,,,,,,,,2,19605,,,C:\Users\User\AppData\Local\Temp\chrome-win\chrome.exe,,,0x8000000000000000,Information,,,"File creation time changed:

RuleName: T1099

UtcTime: 2023-12-27 22:12:42.067

ProcessGuid: {f57bd86a-a149-658c-c801-000000000f00}

ProcessId: 2960

Image: C:\Users\User\AppData\Local\Temp\chrome-win\chrome.exe

TargetFilename: C:\Users\User\AppData\Local\Chromium\User Data\Default\55a5b5c7-f9ef-4d25-a925-d07f1c805855.tmp

CreationUtcTime: 2023-12-27 22:12:41.840

PreviousCreationUtcTime: 2023-12-27 22:12:42.064

User: WINDEV2309EVAL\User",Info,,,,,,,2023-12-27 22:12:42.064,{f57bd86a-a149-658c-c801-000000000f00},3588,2960,,,,,,"
      ",T1099,,,,,,2023-12-27T22:12:42.0678960Z,C:\Users\User\AppData\Local\Chromium\User Data\Default\55a5b5c7-f9ef-4d25-a925-d07f1c805855.tmp,File creation time changed (rule: FileCreateTime),,5124,WINDEV2309EVAL\User,S-1-5-18,2023-12-27 22:12:42.067,5,"<Event xmlns=""http://schemas.microsoft.com/win/2004/08/events/event"">
    <System>
      <Provider Name=""Microsoft-Windows-Sysmon"" Guid=""{5770385f-c22a-43e0-bf4c-06f5698ffbd9}""/>
      <EventID>2</EventID>
      <Version>5</Version>
      <Level>4</Level>
      <Task>2</Task>
      <Opcode>0</Opcode>
      <Keywords>0x8000000000000000</Keywords>
      <TimeCreated SystemTime=""2023-12-27T22:12:42.0678960Z""/>
      <EventRecordID>19605</EventRecordID>
      <Correlation/>
      <Execution ProcessID=""3588"" ThreadID=""5124""/>
      <Channel>Microsoft-Windows-Sysmon/Operational</Channel>
      <Computer>WinDev2309Eval</Computer>
      <Security UserID=""S-1-5-18""/>
    </System>
    <EventData>
      <Data Name=""RuleName"">T1099</Data>
      <Data Name=""UtcTime"">2023-12-27 22:12:42.067</Data>
      <Data Name=""ProcessGuid"">{f57bd86a-a149-658c-c801-000000000f00}</Data>
      <Data Name=""ProcessId"">2960</Data>
      <Data Name=""Image"">C:\Users\User\AppData\Local\Temp\chrome-win\chrome.exe</Data>
      <Data Name=""TargetFilename"">C:\Users\User\AppData\Local\Chromium\User Data\Default\55a5b5c7-f9ef-4d25-a925-d07f1c805855.tmp</Data>
      <Data Name=""CreationUtcTime"">2023-12-27 22:12:41.840</Data>
      <Data Name=""PreviousCreationUtcTime"">2023-12-27 22:12:42.064</Data>
      <Data Name=""User"">WINDEV2309EVAL\User</Data>
    </EventData>
    <RenderingInfo Culture=""en-US"">
      <Message>File creation time changed:

RuleName: T1099

UtcTime: 2023-12-27 22:12:42.067

ProcessGuid: {f57bd86a-a149-658c-c801-000000000f00}

ProcessId: 2960

Image: C:\Users\User\AppData\Local\Temp\chrome-win\chrome.exe

TargetFilename: C:\Users\User\AppData\Local\Chromium\User Data\Default\55a5b5c7-f9ef-4d25-a925-d07f1c805855.tmp

CreationUtcTime: 2023-12-27 22:12:41.840

PreviousCreationUtcTime: 2023-12-27 22:12:42.064

User: WINDEV2309EVAL\User</Message>
      <Level>Information</Level>
      <Task>File creation time changed (rule: FileCreateTime)</Task>
      <Opcode>Info</Opcode>
    </RenderingInfo>
  </Event>
  
"
Microsoft-Windows-Sysmon/Operational,,,WinDev2309Eval,2023-12-27 22:12:41.840,,,,,,,,2,19604,,,C:\Users\User\AppData\Local\Temp\chrome-win\chrome.exe,,,0x8000000000000000,Information,,,"File creation time changed:

RuleName: T1099

UtcTime: 2023-12-27 22:12:41.907

ProcessGuid: {f57bd86a-a149-658c-c801-000000000f00}

ProcessId: 2960

Image: C:\Users\User\AppData\Local\Temp\chrome-win\chrome.exe

TargetFilename: C:\Users\User\AppData\Local\Chromium\User Data\Default\ca6412f4-339f-4b64-8f86-2d282bdb4d78.tmp

CreationUtcTime: 2023-12-27 22:12:41.840

PreviousCreationUtcTime: 2023-12-27 22:12:41.907

User: WINDEV2309EVAL\User",Info,,,,,,,2023-12-27 22:12:41.907,{f57bd86a-a149-658c-c801-000000000f00},3588,2960,,,,,,"
      ",T1099,,,,,,2023-12-27T22:12:41.9646583Z,C:\Users\User\AppData\Local\Chromium\User Data\Default\ca6412f4-339f-4b64-8f86-2d282bdb4d78.tmp,File creation time changed (rule: FileCreateTime),,5124,WINDEV2309EVAL\User,S-1-5-18,2023-12-27 22:12:41.907,5,"<Event xmlns=""http://schemas.microsoft.com/win/2004/08/events/event"">
    <System>
      <Provider Name=""Microsoft-Windows-Sysmon"" Guid=""{5770385f-c22a-43e0-bf4c-06f5698ffbd9}""/>
      <EventID>2</EventID>
      <Version>5</Version>
      <Level>4</Level>
      <Task>2</Task>
      <Opcode>0</Opcode>
      <Keywords>0x8000000000000000</Keywords>
      <TimeCreated SystemTime=""2023-12-27T22:12:41.9646583Z""/>
      <EventRecordID>19604</EventRecordID>
      <Correlation/>
      <Execution ProcessID=""3588"" ThreadID=""5124""/>
      <Channel>Microsoft-Windows-Sysmon/Operational</Channel>
      <Computer>WinDev2309Eval</Computer>
      <Security UserID=""S-1-5-18""/>
    </System>
    <EventData>
      <Data Name=""RuleName"">T1099</Data>
      <Data Name=""UtcTime"">2023-12-27 22:12:41.907</Data>
      <Data Name=""ProcessGuid"">{f57bd86a-a149-658c-c801-000000000f00}</Data>
      <Data Name=""ProcessId"">2960</Data>
      <Data Name=""Image"">C:\Users\User\AppData\Local\Temp\chrome-win\chrome.exe</Data>
      <Data Name=""TargetFilename"">C:\Users\User\AppData\Local\Chromium\User Data\Default\ca6412f4-339f-4b64-8f86-2d282bdb4d78.tmp</Data>
      <Data Name=""CreationUtcTime"">2023-12-27 22:12:41.840</Data>
      <Data Name=""PreviousCreationUtcTime"">2023-12-27 22:12:41.907</Data>
      <Data Name=""User"">WINDEV2309EVAL\User</Data>
    </EventData>
    <RenderingInfo Culture=""en-US"">
      <Message>File creation time changed:

RuleName: T1099

UtcTime: 2023-12-27 22:12:41.907

ProcessGuid: {f57bd86a-a149-658c-c801-000000000f00}

ProcessId: 2960

Image: C:\Users\User\AppData\Local\Temp\chrome-win\chrome.exe

TargetFilename: C:\Users\User\AppData\Local\Chromium\User Data\Default\ca6412f4-339f-4b64-8f86-2d282bdb4d78.tmp

CreationUtcTime: 2023-12-27 22:12:41.840

PreviousCreationUtcTime: 2023-12-27 22:12:41.907

User: WINDEV2309EVAL\User</Message>
      <Level>Information</Level>
      <Task>File creation time changed (rule: FileCreateTime)</Task>
      <Opcode>Info</Opcode>
    </RenderingInfo>
  </Event>
  
"
Microsoft-Windows-Sysmon/Operational,"""C:\Users\User\AppData\Local\Temp\chrome-win\chrome.exe"" --type=renderer --start-stack-profiler --file-url-path-alias=""/gen=C:\Users\User\AppData\Local\Temp\chrome-win\gen"" --video-capture-use-gpu-memory-buffer --lang=en-US --device-scale-factor=1 --num-raster-threads=2 --enable-main-frame-before-activation --renderer-client-id=5 --time-ticks-at-unix-epoch=-1703714283742955 --launch-time-ticks=878126036 --mojo-platform-channel-handle=3076 --field-trial-handle=1756,i,485431194890201653,11807097920400233063,262144 /prefetch:1",The Chromium Authors,WinDev2309Eval,,C:\Users\User\AppData\Local\Temp\chrome-win\,Chromium,,,,,,1,19603,116.0.5816.0,"MD5=3449EFF57D31F6C69D523AB848CA56C3,SHA256=D7C9B99AA403C0E629086E8E4ACF6438A5489FE9070DC22D6B033D759414FB76,IMPHASH=3371C06C266BC31A39D10990BC28CCE3",C:\Users\User\AppData\Local\Temp\chrome-win\chrome.exe,,Low,0x8000000000000000,Information,{f57bd86a-36f9-658c-7bf8-020000000000},0x2f87b,"Process Create:

RuleName: -

UtcTime: 2023-12-27 22:12:41.876

ProcessGuid: {f57bd86a-a159-658c-d001-000000000f00}

ProcessId: 1884

Image: C:\Users\User\AppData\Local\Temp\chrome-win\chrome.exe

FileVersion: 116.0.5816.0

Description: Chromium

Product: Chromium

Company: The Chromium Authors

OriginalFileName: chrome.exe

CommandLine: ""C:\Users\User\AppData\Local\Temp\chrome-win\chrome.exe"" --type=renderer --start-stack-profiler --file-url-path-alias=""/gen=C:\Users\User\AppData\Local\Temp\chrome-win\gen"" --video-capture-use-gpu-memory-buffer --lang=en-US --device-scale-factor=1 --num-raster-threads=2 --enable-main-frame-before-activation --renderer-client-id=5 --time-ticks-at-unix-epoch=-1703714283742955 --launch-time-ticks=878126036 --mojo-platform-channel-handle=3076 --field-trial-handle=1756,i,485431194890201653,11807097920400233063,262144 /prefetch:1

CurrentDirectory: C:\Users\User\AppData\Local\Temp\chrome-win\

User: WINDEV2309EVAL\User

LogonGuid: {f57bd86a-36f9-658c-7bf8-020000000000}

LogonId: 0x2F87B

TerminalSessionId: 1

IntegrityLevel: Low

Hashes: MD5=3449EFF57D31F6C69D523AB848CA56C3,SHA256=D7C9B99AA403C0E629086E8E4ACF6438A5489FE9070DC22D6B033D759414FB76,IMPHASH=3371C06C266BC31A39D10990BC28CCE3

ParentProcessGuid: {f57bd86a-a149-658c-c801-000000000f00}

ParentProcessId: 2960

ParentImage: C:\Users\User\AppData\Local\Temp\chrome-win\chrome.exe

ParentCommandLine: ""C:\Users\User\AppData\Local\Temp\chrome-win\chrome.exe"" --load-extension=C:\Users\User\AppData\Local\Temp\extension\ 

ParentUser: WINDEV2309EVAL\User",Info,chrome.exe,"""C:\Users\User\AppData\Local\Temp\chrome-win\chrome.exe"" --load-extension=C:\Users\User\AppData\Local\Temp\extension\ ",C:\Users\User\AppData\Local\Temp\chrome-win\chrome.exe,{f57bd86a-a149-658c-c801-000000000f00},2960,WINDEV2309EVAL\User,,{f57bd86a-a159-658c-d001-000000000f00},3588,1884,Chromium,,,,,"
      ",-,,,,,,2023-12-27T22:12:41.8785708Z,,Process Create (rule: ProcessCreate),1,5124,WINDEV2309EVAL\User,S-1-5-18,2023-12-27 22:12:41.876,5,"<Event xmlns=""http://schemas.microsoft.com/win/2004/08/events/event"">
    <System>
      <Provider Name=""Microsoft-Windows-Sysmon"" Guid=""{5770385f-c22a-43e0-bf4c-06f5698ffbd9}""/>
      <EventID>1</EventID>
      <Version>5</Version>
      <Level>4</Level>
      <Task>1</Task>
      <Opcode>0</Opcode>
      <Keywords>0x8000000000000000</Keywords>
      <TimeCreated SystemTime=""2023-12-27T22:12:41.8785708Z""/>
      <EventRecordID>19603</EventRecordID>
      <Correlation/>
      <Execution ProcessID=""3588"" ThreadID=""5124""/>
      <Channel>Microsoft-Windows-Sysmon/Operational</Channel>
      <Computer>WinDev2309Eval</Computer>
      <Security UserID=""S-1-5-18""/>
    </System>
    <EventData>
      <Data Name=""RuleName"">-</Data>
      <Data Name=""UtcTime"">2023-12-27 22:12:41.876</Data>
      <Data Name=""ProcessGuid"">{f57bd86a-a159-658c-d001-000000000f00}</Data>
      <Data Name=""ProcessId"">1884</Data>
      <Data Name=""Image"">C:\Users\User\AppData\Local\Temp\chrome-win\chrome.exe</Data>
      <Data Name=""FileVersion"">116.0.5816.0</Data>
      <Data Name=""Description"">Chromium</Data>
      <Data Name=""Product"">Chromium</Data>
      <Data Name=""Company"">The Chromium Authors</Data>
      <Data Name=""OriginalFileName"">chrome.exe</Data>
      <Data Name=""CommandLine"">""C:\Users\User\AppData\Local\Temp\chrome-win\chrome.exe"" --type=renderer --start-stack-profiler --file-url-path-alias=""/gen=C:\Users\User\AppData\Local\Temp\chrome-win\gen"" --video-capture-use-gpu-memory-buffer --lang=en-US --device-scale-factor=1 --num-raster-threads=2 --enable-main-frame-before-activation --renderer-client-id=5 --time-ticks-at-unix-epoch=-1703714283742955 --launch-time-ticks=878126036 --mojo-platform-channel-handle=3076 --field-trial-handle=1756,i,485431194890201653,11807097920400233063,262144 /prefetch:1</Data>
      <Data Name=""CurrentDirectory"">C:\Users\User\AppData\Local\Temp\chrome-win\</Data>
      <Data Name=""User"">WINDEV2309EVAL\User</Data>
      <Data Name=""LogonGuid"">{f57bd86a-36f9-658c-7bf8-020000000000}</Data>
      <Data Name=""LogonId"">0x2f87b</Data>
      <Data Name=""TerminalSessionId"">1</Data>
      <Data Name=""IntegrityLevel"">Low</Data>
      <Data Name=""Hashes"">MD5=3449EFF57D31F6C69D523AB848CA56C3,SHA256=D7C9B99AA403C0E629086E8E4ACF6438A5489FE9070DC22D6B033D759414FB76,IMPHASH=3371C06C266BC31A39D10990BC28CCE3</Data>
      <Data Name=""ParentProcessGuid"">{f57bd86a-a149-658c-c801-000000000f00}</Data>
      <Data Name=""ParentProcessId"">2960</Data>
      <Data Name=""ParentImage"">C:\Users\User\AppData\Local\Temp\chrome-win\chrome.exe</Data>
      <Data Name=""ParentCommandLine"">""C:\Users\User\AppData\Local\Temp\chrome-win\chrome.exe"" --load-extension=C:\Users\User\AppData\Local\Temp\extension\ </Data>
      <Data Name=""ParentUser"">WINDEV2309EVAL\User</Data>
    </EventData>
    <RenderingInfo Culture=""en-US"">
      <Message>Process Create:

RuleName: -

UtcTime: 2023-12-27 22:12:41.876

ProcessGuid: {f57bd86a-a159-658c-d001-000000000f00}

ProcessId: 1884

Image: C:\Users\User\AppData\Local\Temp\chrome-win\chrome.exe

FileVersion: 116.0.5816.0

Description: Chromium

Product: Chromium

Company: The Chromium Authors

OriginalFileName: chrome.exe

CommandLine: ""C:\Users\User\AppData\Local\Temp\chrome-win\chrome.exe"" --type=renderer --start-stack-profiler --file-url-path-alias=""/gen=C:\Users\User\AppData\Local\Temp\chrome-win\gen"" --video-capture-use-gpu-memory-buffer --lang=en-US --device-scale-factor=1 --num-raster-threads=2 --enable-main-frame-before-activation --renderer-client-id=5 --time-ticks-at-unix-epoch=-1703714283742955 --launch-time-ticks=878126036 --mojo-platform-channel-handle=3076 --field-trial-handle=1756,i,485431194890201653,11807097920400233063,262144 /prefetch:1

CurrentDirectory: C:\Users\User\AppData\Local\Temp\chrome-win\

User: WINDEV2309EVAL\User

LogonGuid: {f57bd86a-36f9-658c-7bf8-020000000000}

LogonId: 0x2F87B

TerminalSessionId: 1

IntegrityLevel: Low

Hashes: MD5=3449EFF57D31F6C69D523AB848CA56C3,SHA256=D7C9B99AA403C0E629086E8E4ACF6438A5489FE9070DC22D6B033D759414FB76,IMPHASH=3371C06C266BC31A39D10990BC28CCE3

ParentProcessGuid: {f57bd86a-a149-658c-c801-000000000f00}

ParentProcessId: 2960

ParentImage: C:\Users\User\AppData\Local\Temp\chrome-win\chrome.exe

ParentCommandLine: ""C:\Users\User\AppData\Local\Temp\chrome-win\chrome.exe"" --load-extension=C:\Users\User\AppData\Local\Temp\extension\ 

ParentUser: WINDEV2309EVAL\User</Message>
      <Level>Information</Level>
      <Task>Process Create (rule: ProcessCreate)</Task>
      <Opcode>Info</Opcode>
    </RenderingInfo>
  </Event>
  
"
Microsoft-Windows-Sysmon/Operational,"""C:\Users\User\AppData\Local\Temp\chrome-win\chrome.exe"" --type=renderer --first-renderer-process --file-url-path-alias=""/gen=C:\Users\User\AppData\Local\Temp\chrome-win\gen"" --video-capture-use-gpu-memory-buffer --lang=en-US --device-scale-factor=1 --num-raster-threads=2 --enable-main-frame-before-activation --renderer-client-id=6 --time-ticks-at-unix-epoch=-1703714283742955 --launch-time-ticks=878120054 --mojo-platform-channel-handle=3016 --field-trial-handle=1756,i,485431194890201653,11807097920400233063,262144 /prefetch:1",The Chromium Authors,WinDev2309Eval,,C:\Users\User\AppData\Local\Temp\chrome-win\,Chromium,,,,,,1,19602,116.0.5816.0,"MD5=3449EFF57D31F6C69D523AB848CA56C3,SHA256=D7C9B99AA403C0E629086E8E4ACF6438A5489FE9070DC22D6B033D759414FB76,IMPHASH=3371C06C266BC31A39D10990BC28CCE3",C:\Users\User\AppData\Local\Temp\chrome-win\chrome.exe,,Low,0x8000000000000000,Information,{f57bd86a-36f9-658c-7bf8-020000000000},0x2f87b,"Process Create:

RuleName: -

UtcTime: 2023-12-27 22:12:41.871

ProcessGuid: {f57bd86a-a159-658c-cf01-000000000f00}

ProcessId: 3348

Image: C:\Users\User\AppData\Local\Temp\chrome-win\chrome.exe

FileVersion: 116.0.5816.0

Description: Chromium

Product: Chromium

Company: The Chromium Authors

OriginalFileName: chrome.exe

CommandLine: ""C:\Users\User\AppData\Local\Temp\chrome-win\chrome.exe"" --type=renderer --first-renderer-process --file-url-path-alias=""/gen=C:\Users\User\AppData\Local\Temp\chrome-win\gen"" --video-capture-use-gpu-memory-buffer --lang=en-US --device-scale-factor=1 --num-raster-threads=2 --enable-main-frame-before-activation --renderer-client-id=6 --time-ticks-at-unix-epoch=-1703714283742955 --launch-time-ticks=878120054 --mojo-platform-channel-handle=3016 --field-trial-handle=1756,i,485431194890201653,11807097920400233063,262144 /prefetch:1

CurrentDirectory: C:\Users\User\AppData\Local\Temp\chrome-win\

User: WINDEV2309EVAL\User

LogonGuid: {f57bd86a-36f9-658c-7bf8-020000000000}

LogonId: 0x2F87B

TerminalSessionId: 1

IntegrityLevel: Low

Hashes: MD5=3449EFF57D31F6C69D523AB848CA56C3,SHA256=D7C9B99AA403C0E629086E8E4ACF6438A5489FE9070DC22D6B033D759414FB76,IMPHASH=3371C06C266BC31A39D10990BC28CCE3

ParentProcessGuid: {f57bd86a-a149-658c-c801-000000000f00}

ParentProcessId: 2960

ParentImage: C:\Users\User\AppData\Local\Temp\chrome-win\chrome.exe

ParentCommandLine: ""C:\Users\User\AppData\Local\Temp\chrome-win\chrome.exe"" --load-extension=C:\Users\User\AppData\Local\Temp\extension\ 

ParentUser: WINDEV2309EVAL\User",Info,chrome.exe,"""C:\Users\User\AppData\Local\Temp\chrome-win\chrome.exe"" --load-extension=C:\Users\User\AppData\Local\Temp\extension\ ",C:\Users\User\AppData\Local\Temp\chrome-win\chrome.exe,{f57bd86a-a149-658c-c801-000000000f00},2960,WINDEV2309EVAL\User,,{f57bd86a-a159-658c-cf01-000000000f00},3588,3348,Chromium,,,,,"
      ",-,,,,,,2023-12-27T22:12:41.8750902Z,,Process Create (rule: ProcessCreate),1,5124,WINDEV2309EVAL\User,S-1-5-18,2023-12-27 22:12:41.871,5,"<Event xmlns=""http://schemas.microsoft.com/win/2004/08/events/event"">
    <System>
      <Provider Name=""Microsoft-Windows-Sysmon"" Guid=""{5770385f-c22a-43e0-bf4c-06f5698ffbd9}""/>
      <EventID>1</EventID>
      <Version>5</Version>
      <Level>4</Level>
      <Task>1</Task>
      <Opcode>0</Opcode>
      <Keywords>0x8000000000000000</Keywords>
      <TimeCreated SystemTime=""2023-12-27T22:12:41.8750902Z""/>
      <EventRecordID>19602</EventRecordID>
      <Correlation/>
      <Execution ProcessID=""3588"" ThreadID=""5124""/>
      <Channel>Microsoft-Windows-Sysmon/Operational</Channel>
      <Computer>WinDev2309Eval</Computer>
      <Security UserID=""S-1-5-18""/>
    </System>
    <EventData>
      <Data Name=""RuleName"">-</Data>
      <Data Name=""UtcTime"">2023-12-27 22:12:41.871</Data>
      <Data Name=""ProcessGuid"">{f57bd86a-a159-658c-cf01-000000000f00}</Data>
      <Data Name=""ProcessId"">3348</Data>
      <Data Name=""Image"">C:\Users\User\AppData\Local\Temp\chrome-win\chrome.exe</Data>
      <Data Name=""FileVersion"">116.0.5816.0</Data>
      <Data Name=""Description"">Chromium</Data>
      <Data Name=""Product"">Chromium</Data>
      <Data Name=""Company"">The Chromium Authors</Data>
      <Data Name=""OriginalFileName"">chrome.exe</Data>
      <Data Name=""CommandLine"">""C:\Users\User\AppData\Local\Temp\chrome-win\chrome.exe"" --type=renderer --first-renderer-process --file-url-path-alias=""/gen=C:\Users\User\AppData\Local\Temp\chrome-win\gen"" --video-capture-use-gpu-memory-buffer --lang=en-US --device-scale-factor=1 --num-raster-threads=2 --enable-main-frame-before-activation --renderer-client-id=6 --time-ticks-at-unix-epoch=-1703714283742955 --launch-time-ticks=878120054 --mojo-platform-channel-handle=3016 --field-trial-handle=1756,i,485431194890201653,11807097920400233063,262144 /prefetch:1</Data>
      <Data Name=""CurrentDirectory"">C:\Users\User\AppData\Local\Temp\chrome-win\</Data>
      <Data Name=""User"">WINDEV2309EVAL\User</Data>
      <Data Name=""LogonGuid"">{f57bd86a-36f9-658c-7bf8-020000000000}</Data>
      <Data Name=""LogonId"">0x2f87b</Data>
      <Data Name=""TerminalSessionId"">1</Data>
      <Data Name=""IntegrityLevel"">Low</Data>
      <Data Name=""Hashes"">MD5=3449EFF57D31F6C69D523AB848CA56C3,SHA256=D7C9B99AA403C0E629086E8E4ACF6438A5489FE9070DC22D6B033D759414FB76,IMPHASH=3371C06C266BC31A39D10990BC28CCE3</Data>
      <Data Name=""ParentProcessGuid"">{f57bd86a-a149-658c-c801-000000000f00}</Data>
      <Data Name=""ParentProcessId"">2960</Data>
      <Data Name=""ParentImage"">C:\Users\User\AppData\Local\Temp\chrome-win\chrome.exe</Data>
      <Data Name=""ParentCommandLine"">""C:\Users\User\AppData\Local\Temp\chrome-win\chrome.exe"" --load-extension=C:\Users\User\AppData\Local\Temp\extension\ </Data>
      <Data Name=""ParentUser"">WINDEV2309EVAL\User</Data>
    </EventData>
    <RenderingInfo Culture=""en-US"">
      <Message>Process Create:

RuleName: -

UtcTime: 2023-12-27 22:12:41.871

ProcessGuid: {f57bd86a-a159-658c-cf01-000000000f00}

ProcessId: 3348

Image: C:\Users\User\AppData\Local\Temp\chrome-win\chrome.exe

FileVersion: 116.0.5816.0

Description: Chromium

Product: Chromium

Company: The Chromium Authors

OriginalFileName: chrome.exe

CommandLine: ""C:\Users\User\AppData\Local\Temp\chrome-win\chrome.exe"" --type=renderer --first-renderer-process --file-url-path-alias=""/gen=C:\Users\User\AppData\Local\Temp\chrome-win\gen"" --video-capture-use-gpu-memory-buffer --lang=en-US --device-scale-factor=1 --num-raster-threads=2 --enable-main-frame-before-activation --renderer-client-id=6 --time-ticks-at-unix-epoch=-1703714283742955 --launch-time-ticks=878120054 --mojo-platform-channel-handle=3016 --field-trial-handle=1756,i,485431194890201653,11807097920400233063,262144 /prefetch:1

CurrentDirectory: C:\Users\User\AppData\Local\Temp\chrome-win\

User: WINDEV2309EVAL\User

LogonGuid: {f57bd86a-36f9-658c-7bf8-020000000000}

LogonId: 0x2F87B

TerminalSessionId: 1

IntegrityLevel: Low

Hashes: MD5=3449EFF57D31F6C69D523AB848CA56C3,SHA256=D7C9B99AA403C0E629086E8E4ACF6438A5489FE9070DC22D6B033D759414FB76,IMPHASH=3371C06C266BC31A39D10990BC28CCE3

ParentProcessGuid: {f57bd86a-a149-658c-c801-000000000f00}

ParentProcessId: 2960

ParentImage: C:\Users\User\AppData\Local\Temp\chrome-win\chrome.exe

ParentCommandLine: ""C:\Users\User\AppData\Local\Temp\chrome-win\chrome.exe"" --load-extension=C:\Users\User\AppData\Local\Temp\extension\ 

ParentUser: WINDEV2309EVAL\User</Message>
      <Level>Information</Level>
      <Task>Process Create (rule: ProcessCreate)</Task>
      <Opcode>Info</Opcode>
    </RenderingInfo>
  </Event>
  
"
Microsoft-Windows-Sysmon/Operational,"""C:\Users\User\AppData\Local\Temp\chrome-win\chrome.exe"" --type=utility --utility-sub-type=storage.mojom.StorageService --lang=en-US --service-sandbox-type=service --mojo-platform-channel-handle=2144 --field-trial-handle=1756,i,485431194890201653,11807097920400233063,262144 /prefetch:8",The Chromium Authors,WinDev2309Eval,,C:\Users\User\AppData\Local\Temp\chrome-win\,Chromium,,,,,,1,19601,116.0.5816.0,"MD5=3449EFF57D31F6C69D523AB848CA56C3,SHA256=D7C9B99AA403C0E629086E8E4ACF6438A5489FE9070DC22D6B033D759414FB76,IMPHASH=3371C06C266BC31A39D10990BC28CCE3",C:\Users\User\AppData\Local\Temp\chrome-win\chrome.exe,,Low,0x8000000000000000,Information,{f57bd86a-36f9-658c-7bf8-020000000000},0x2f87b,"Process Create:

RuleName: -

UtcTime: 2023-12-27 22:12:33.533

ProcessGuid: {f57bd86a-a151-658c-ce01-000000000f00}

ProcessId: 1052

Image: C:\Users\User\AppData\Local\Temp\chrome-win\chrome.exe

FileVersion: 116.0.5816.0

Description: Chromium

Product: Chromium

Company: The Chromium Authors

OriginalFileName: chrome.exe

CommandLine: ""C:\Users\User\AppData\Local\Temp\chrome-win\chrome.exe"" --type=utility --utility-sub-type=storage.mojom.StorageService --lang=en-US --service-sandbox-type=service --mojo-platform-channel-handle=2144 --field-trial-handle=1756,i,485431194890201653,11807097920400233063,262144 /prefetch:8

CurrentDirectory: C:\Users\User\AppData\Local\Temp\chrome-win\

User: WINDEV2309EVAL\User

LogonGuid: {f57bd86a-36f9-658c-7bf8-020000000000}

LogonId: 0x2F87B

TerminalSessionId: 1

IntegrityLevel: Low

Hashes: MD5=3449EFF57D31F6C69D523AB848CA56C3,SHA256=D7C9B99AA403C0E629086E8E4ACF6438A5489FE9070DC22D6B033D759414FB76,IMPHASH=3371C06C266BC31A39D10990BC28CCE3

ParentProcessGuid: {f57bd86a-a149-658c-c801-000000000f00}

ParentProcessId: 2960

ParentImage: C:\Users\User\AppData\Local\Temp\chrome-win\chrome.exe

ParentCommandLine: ""C:\Users\User\AppData\Local\Temp\chrome-win\chrome.exe"" --load-extension=C:\Users\User\AppData\Local\Temp\extension\ 

ParentUser: WINDEV2309EVAL\User",Info,chrome.exe,"""C:\Users\User\AppData\Local\Temp\chrome-win\chrome.exe"" --load-extension=C:\Users\User\AppData\Local\Temp\extension\ ",C:\Users\User\AppData\Local\Temp\chrome-win\chrome.exe,{f57bd86a-a149-658c-c801-000000000f00},2960,WINDEV2309EVAL\User,,{f57bd86a-a151-658c-ce01-000000000f00},3588,1052,Chromium,,,,,"
      ",-,,,,,,2023-12-27T22:12:33.5436212Z,,Process Create (rule: ProcessCreate),1,5124,WINDEV2309EVAL\User,S-1-5-18,2023-12-27 22:12:33.533,5,"<Event xmlns=""http://schemas.microsoft.com/win/2004/08/events/event"">
    <System>
      <Provider Name=""Microsoft-Windows-Sysmon"" Guid=""{5770385f-c22a-43e0-bf4c-06f5698ffbd9}""/>
      <EventID>1</EventID>
      <Version>5</Version>
      <Level>4</Level>
      <Task>1</Task>
      <Opcode>0</Opcode>
      <Keywords>0x8000000000000000</Keywords>
      <TimeCreated SystemTime=""2023-12-27T22:12:33.5436212Z""/>
      <EventRecordID>19601</EventRecordID>
      <Correlation/>
      <Execution ProcessID=""3588"" ThreadID=""5124""/>
      <Channel>Microsoft-Windows-Sysmon/Operational</Channel>
      <Computer>WinDev2309Eval</Computer>
      <Security UserID=""S-1-5-18""/>
    </System>
    <EventData>
      <Data Name=""RuleName"">-</Data>
      <Data Name=""UtcTime"">2023-12-27 22:12:33.533</Data>
      <Data Name=""ProcessGuid"">{f57bd86a-a151-658c-ce01-000000000f00}</Data>
      <Data Name=""ProcessId"">1052</Data>
      <Data Name=""Image"">C:\Users\User\AppData\Local\Temp\chrome-win\chrome.exe</Data>
      <Data Name=""FileVersion"">116.0.5816.0</Data>
      <Data Name=""Description"">Chromium</Data>
      <Data Name=""Product"">Chromium</Data>
      <Data Name=""Company"">The Chromium Authors</Data>
      <Data Name=""OriginalFileName"">chrome.exe</Data>
      <Data Name=""CommandLine"">""C:\Users\User\AppData\Local\Temp\chrome-win\chrome.exe"" --type=utility --utility-sub-type=storage.mojom.StorageService --lang=en-US --service-sandbox-type=service --mojo-platform-channel-handle=2144 --field-trial-handle=1756,i,485431194890201653,11807097920400233063,262144 /prefetch:8</Data>
      <Data Name=""CurrentDirectory"">C:\Users\User\AppData\Local\Temp\chrome-win\</Data>
      <Data Name=""User"">WINDEV2309EVAL\User</Data>
      <Data Name=""LogonGuid"">{f57bd86a-36f9-658c-7bf8-020000000000}</Data>
      <Data Name=""LogonId"">0x2f87b</Data>
      <Data Name=""TerminalSessionId"">1</Data>
      <Data Name=""IntegrityLevel"">Low</Data>
      <Data Name=""Hashes"">MD5=3449EFF57D31F6C69D523AB848CA56C3,SHA256=D7C9B99AA403C0E629086E8E4ACF6438A5489FE9070DC22D6B033D759414FB76,IMPHASH=3371C06C266BC31A39D10990BC28CCE3</Data>
      <Data Name=""ParentProcessGuid"">{f57bd86a-a149-658c-c801-000000000f00}</Data>
      <Data Name=""ParentProcessId"">2960</Data>
      <Data Name=""ParentImage"">C:\Users\User\AppData\Local\Temp\chrome-win\chrome.exe</Data>
      <Data Name=""ParentCommandLine"">""C:\Users\User\AppData\Local\Temp\chrome-win\chrome.exe"" --load-extension=C:\Users\User\AppData\Local\Temp\extension\ </Data>
      <Data Name=""ParentUser"">WINDEV2309EVAL\User</Data>
    </EventData>
    <RenderingInfo Culture=""en-US"">
      <Message>Process Create:

RuleName: -

UtcTime: 2023-12-27 22:12:33.533

ProcessGuid: {f57bd86a-a151-658c-ce01-000000000f00}

ProcessId: 1052

Image: C:\Users\User\AppData\Local\Temp\chrome-win\chrome.exe

FileVersion: 116.0.5816.0

Description: Chromium

Product: Chromium

Company: The Chromium Authors

OriginalFileName: chrome.exe

CommandLine: ""C:\Users\User\AppData\Local\Temp\chrome-win\chrome.exe"" --type=utility --utility-sub-type=storage.mojom.StorageService --lang=en-US --service-sandbox-type=service --mojo-platform-channel-handle=2144 --field-trial-handle=1756,i,485431194890201653,11807097920400233063,262144 /prefetch:8

CurrentDirectory: C:\Users\User\AppData\Local\Temp\chrome-win\

User: WINDEV2309EVAL\User

LogonGuid: {f57bd86a-36f9-658c-7bf8-020000000000}

LogonId: 0x2F87B

TerminalSessionId: 1

IntegrityLevel: Low

Hashes: MD5=3449EFF57D31F6C69D523AB848CA56C3,SHA256=D7C9B99AA403C0E629086E8E4ACF6438A5489FE9070DC22D6B033D759414FB76,IMPHASH=3371C06C266BC31A39D10990BC28CCE3

ParentProcessGuid: {f57bd86a-a149-658c-c801-000000000f00}

ParentProcessId: 2960

ParentImage: C:\Users\User\AppData\Local\Temp\chrome-win\chrome.exe

ParentCommandLine: ""C:\Users\User\AppData\Local\Temp\chrome-win\chrome.exe"" --load-extension=C:\Users\User\AppData\Local\Temp\extension\ 

ParentUser: WINDEV2309EVAL\User</Message>
      <Level>Information</Level>
      <Task>Process Create (rule: ProcessCreate)</Task>
      <Opcode>Info</Opcode>
    </RenderingInfo>
  </Event>
  
"
