Channel,CommandLine,Company,Computer,CreationUtcTime,CurrentDirectory,Description,DestinationHostname,DestinationIp,DestinationIsIpv6,DestinationPort,DestinationPortName,EventID,EventRecordID,FileVersion,Hashes,Image,Initiated,IntegrityLevel,Keywords,Level,LogonGuid,LogonId,Message,Opcode,OriginalFileName,ParentCommandLine,ParentImage,ParentProcessGuid,ParentProcessId,ParentUser,PreviousCreationUtcTime,ProcessGuid,ProcessID,ProcessId,Product,Protocol,QueryName,QueryResults,QueryStatus,RenderingInfo,RuleName,SourceHostname,SourceIp,SourceIsIpv6,SourcePort,SourcePortName,SystemTime,TargetFilename,Task,TerminalSessionId,ThreadID,User,UserID,UtcTime,Version,raw
Microsoft-Windows-Sysmon/Operational,,,WinDev2309Eval,,,,,,,,,22,19625,,,<unknown process>,,,0x8000000000000000,Information,,,"Dns query:

RuleName: -

UtcTime: 2023-12-27 14:53:15.135

ProcessGuid: {00000000-0000-0000-0000-000000000000}

ProcessId: 1776

QueryName: accounts.google.com

QueryStatus: 0

QueryResults: ::ffff:74.125.206.84;

Image: <unknown process>

User: WINDEV2309EVAL\User",Info,,,,,,,,{00000000-0000-0000-0000-000000000000},3588,1776,,,accounts.google.com,::ffff:74.125.206.84;,0,"
      ",-,,,,,,2023-12-27T22:12:44.0609944Z,,Dns query (rule: DnsQuery),,5164,WINDEV2309EVAL\User,S-1-5-18,2023-12-27 14:53:15.135,5,"<Event xmlns=""http://schemas.microsoft.com/win/2004/08/events/event"">
    <System>
      <Provider Name=""Microsoft-Windows-Sysmon"" Guid=""{5770385f-c22a-43e0-bf4c-06f5698ffbd9}""/>
      <EventID>22</EventID>
      <Version>5</Version>
      <Level>4</Level>
      <Task>22</Task>
      <Opcode>0</Opcode>
      <Keywords>0x8000000000000000</Keywords>
      <TimeCreated SystemTime=""2023-12-27T22:12:44.0609944Z""/>
      <EventRecordID>19625</EventRecordID>
      <Correlation/>
      <Execution ProcessID=""3588"" ThreadID=""5164""/>
      <Channel>Microsoft-Windows-Sysmon/Operational</Channel>
      <Computer>WinDev2309Eval</Computer>
      <Security UserID=""S-1-5-18""/>
    </System>
    <EventData>
      <Data Name=""RuleName"">-</Data>
      <Data Name=""UtcTime"">2023-12-27 14:53:15.135</Data>
      <Data Name=""ProcessGuid"">{00000000-0000-0000-0000-000000000000}</Data>
      <Data Name=""ProcessId"">1776</Data>
      <Data Name=""QueryName"">accounts.google.com</Data>
      <Data Name=""QueryStatus"">0</Data>
      <Data Name=""QueryResults"">::ffff:74.125.206.84;</Data>
      <Data Name=""Image"">&lt;unknown process&gt;</Data>
      <Data Name=""User"">WINDEV2309EVAL\User</Data>
    </EventData>
    <RenderingInfo Culture=""en-US"">
      <Message>Dns query:

RuleName: -

UtcTime: 2023-12-27 14:53:15.135

ProcessGuid: {00000000-0000-0000-0000-000000000000}

ProcessId: 1776

QueryName: accounts.google.com

QueryStatus: 0

QueryResults: ::ffff:74.125.206.84;

Image: &lt;unknown process&gt;

User: WINDEV2309EVAL\User</Message>
      <Level>Information</Level>
      <Task>Dns query (rule: DnsQuery)</Task>
      <Opcode>Info</Opcode>
    </RenderingInfo>
  </Event>
  
"
Microsoft-Windows-Sysmon/Operational,,,WinDev2309Eval,,,,,,,,,22,19624,,,<unknown process>,,,0x8000000000000000,Information,,,"Dns query:

RuleName: -

UtcTime: 2023-12-27 14:53:15.128

ProcessGuid: {00000000-0000-0000-0000-000000000000}

ProcessId: 1776

QueryName: www.google.com

QueryStatus: 0

QueryResults: ::ffff:142.251.37.228;

Image: <unknown process>

User: WINDEV2309EVAL\User",Info,,,,,,,,{00000000-0000-0000-0000-000000000000},3588,1776,,,www.google.com,::ffff:142.251.37.228;,0,"
      ",-,,,,,,2023-12-27T22:12:44.0608378Z,,Dns query (rule: DnsQuery),,5164,WINDEV2309EVAL\User,S-1-5-18,2023-12-27 14:53:15.128,5,"<Event xmlns=""http://schemas.microsoft.com/win/2004/08/events/event"">
    <System>
      <Provider Name=""Microsoft-Windows-Sysmon"" Guid=""{5770385f-c22a-43e0-bf4c-06f5698ffbd9}""/>
      <EventID>22</EventID>
      <Version>5</Version>
      <Level>4</Level>
      <Task>22</Task>
      <Opcode>0</Opcode>
      <Keywords>0x8000000000000000</Keywords>
      <TimeCreated SystemTime=""2023-12-27T22:12:44.0608378Z""/>
      <EventRecordID>19624</EventRecordID>
      <Correlation/>
      <Execution ProcessID=""3588"" ThreadID=""5164""/>
      <Channel>Microsoft-Windows-Sysmon/Operational</Channel>
      <Computer>WinDev2309Eval</Computer>
      <Security UserID=""S-1-5-18""/>
    </System>
    <EventData>
      <Data Name=""RuleName"">-</Data>
      <Data Name=""UtcTime"">2023-12-27 14:53:15.128</Data>
      <Data Name=""ProcessGuid"">{00000000-0000-0000-0000-000000000000}</Data>
      <Data Name=""ProcessId"">1776</Data>
      <Data Name=""QueryName"">www.google.com</Data>
      <Data Name=""QueryStatus"">0</Data>
      <Data Name=""QueryResults"">::ffff:142.251.37.228;</Data>
      <Data Name=""Image"">&lt;unknown process&gt;</Data>
      <Data Name=""User"">WINDEV2309EVAL\User</Data>
    </EventData>
    <RenderingInfo Culture=""en-US"">
      <Message>Dns query:

RuleName: -

UtcTime: 2023-12-27 14:53:15.128

ProcessGuid: {00000000-0000-0000-0000-000000000000}

ProcessId: 1776

QueryName: www.google.com

QueryStatus: 0

QueryResults: ::ffff:142.251.37.228;

Image: &lt;unknown process&gt;

User: WINDEV2309EVAL\User</Message>
      <Level>Information</Level>
      <Task>Dns query (rule: DnsQuery)</Task>
      <Opcode>Info</Opcode>
    </RenderingInfo>
  </Event>
  
"
Microsoft-Windows-Sysmon/Operational,,,WinDev2309Eval,,,,,,,,,5,19623,,,C:\Users\User\AppData\Local\Temp\chrome-win\chrome.exe,,,0x8000000000000000,Information,,,"Process terminated:

RuleName: -

UtcTime: 2023-12-27 22:12:43.556

ProcessGuid: {f57bd86a-a149-658c-c801-000000000f00}

ProcessId: 2960

Image: C:\Users\User\AppData\Local\Temp\chrome-win\chrome.exe

User: WINDEV2309EVAL\User",Info,,,,,,,,{f57bd86a-a149-658c-c801-000000000f00},3588,2960,,,,,,"
      ",-,,,,,,2023-12-27T22:12:43.5602353Z,,Process terminated (rule: ProcessTerminate),,5124,WINDEV2309EVAL\User,S-1-5-18,2023-12-27 22:12:43.556,3,"<Event xmlns=""http://schemas.microsoft.com/win/2004/08/events/event"">
    <System>
      <Provider Name=""Microsoft-Windows-Sysmon"" Guid=""{5770385f-c22a-43e0-bf4c-06f5698ffbd9}""/>
      <EventID>5</EventID>
      <Version>3</Version>
      <Level>4</Level>
      <Task>5</Task>
      <Opcode>0</Opcode>
      <Keywords>0x8000000000000000</Keywords>
      <TimeCreated SystemTime=""2023-12-27T22:12:43.5602353Z""/>
      <EventRecordID>19623</EventRecordID>
      <Correlation/>
      <Execution ProcessID=""3588"" ThreadID=""5124""/>
      <Channel>Microsoft-Windows-Sysmon/Operational</Channel>
      <Computer>WinDev2309Eval</Computer>
      <Security UserID=""S-1-5-18""/>
    </System>
    <EventData>
      <Data Name=""RuleName"">-</Data>
      <Data Name=""UtcTime"">2023-12-27 22:12:43.556</Data>
      <Data Name=""ProcessGuid"">{f57bd86a-a149-658c-c801-000000000f00}</Data>
      <Data Name=""ProcessId"">2960</Data>
      <Data Name=""Image"">C:\Users\User\AppData\Local\Temp\chrome-win\chrome.exe</Data>
      <Data Name=""User"">WINDEV2309EVAL\User</Data>
    </EventData>
    <RenderingInfo Culture=""en-US"">
      <Message>Process terminated:

RuleName: -

UtcTime: 2023-12-27 22:12:43.556

ProcessGuid: {f57bd86a-a149-658c-c801-000000000f00}

ProcessId: 2960

Image: C:\Users\User\AppData\Local\Temp\chrome-win\chrome.exe

User: WINDEV2309EVAL\User</Message>
      <Level>Information</Level>
      <Task>Process terminated (rule: ProcessTerminate)</Task>
      <Opcode>Info</Opcode>
    </RenderingInfo>
  </Event>
  
"
Microsoft-Windows-Sysmon/Operational,,,WinDev2309Eval,,,,,,,,,5,19622,,,C:\Users\User\AppData\Local\Temp\chrome-win\chrome.exe,,,0x8000000000000000,Information,,,"Process terminated:

RuleName: -

UtcTime: 2023-12-27 22:12:43.540

ProcessGuid: {f57bd86a-a151-658c-ce01-000000000f00}

ProcessId: 1052

Image: C:\Users\User\AppData\Local\Temp\chrome-win\chrome.exe

User: WINDEV2309EVAL\User",Info,,,,,,,,{f57bd86a-a151-658c-ce01-000000000f00},3588,1052,,,,,,"
      ",-,,,,,,2023-12-27T22:12:43.5450190Z,,Process terminated (rule: ProcessTerminate),,5124,WINDEV2309EVAL\User,S-1-5-18,2023-12-27 22:12:43.540,3,"<Event xmlns=""http://schemas.microsoft.com/win/2004/08/events/event"">
    <System>
      <Provider Name=""Microsoft-Windows-Sysmon"" Guid=""{5770385f-c22a-43e0-bf4c-06f5698ffbd9}""/>
      <EventID>5</EventID>
      <Version>3</Version>
      <Level>4</Level>
      <Task>5</Task>
      <Opcode>0</Opcode>
      <Keywords>0x8000000000000000</Keywords>
      <TimeCreated SystemTime=""2023-12-27T22:12:43.5450190Z""/>
      <EventRecordID>19622</EventRecordID>
      <Correlation/>
      <Execution ProcessID=""3588"" ThreadID=""5124""/>
      <Channel>Microsoft-Windows-Sysmon/Operational</Channel>
      <Computer>WinDev2309Eval</Computer>
      <Security UserID=""S-1-5-18""/>
    </System>
    <EventData>
      <Data Name=""RuleName"">-</Data>
      <Data Name=""UtcTime"">2023-12-27 22:12:43.540</Data>
      <Data Name=""ProcessGuid"">{f57bd86a-a151-658c-ce01-000000000f00}</Data>
      <Data Name=""ProcessId"">1052</Data>
      <Data Name=""Image"">C:\Users\User\AppData\Local\Temp\chrome-win\chrome.exe</Data>
      <Data Name=""User"">WINDEV2309EVAL\User</Data>
    </EventData>
    <RenderingInfo Culture=""en-US"">
      <Message>Process terminated:

RuleName: -

UtcTime: 2023-12-27 22:12:43.540

ProcessGuid: {f57bd86a-a151-658c-ce01-000000000f00}

ProcessId: 1052

Image: C:\Users\User\AppData\Local\Temp\chrome-win\chrome.exe

User: WINDEV2309EVAL\User</Message>
      <Level>Information</Level>
      <Task>Process terminated (rule: ProcessTerminate)</Task>
      <Opcode>Info</Opcode>
    </RenderingInfo>
  </Event>
  
"
Microsoft-Windows-Sysmon/Operational,,,WinDev2309Eval,,,,,,,,,5,19621,,,C:\Users\User\AppData\Local\Temp\chrome-win\chrome.exe,,,0x8000000000000000,Information,,,"Process terminated:

RuleName: -

UtcTime: 2023-12-27 22:12:43.540

ProcessGuid: {f57bd86a-a151-658c-cc01-000000000f00}

ProcessId: 9776

Image: C:\Users\User\AppData\Local\Temp\chrome-win\chrome.exe

User: WINDEV2309EVAL\User",Info,,,,,,,,{f57bd86a-a151-658c-cc01-000000000f00},3588,9776,,,,,,"
      ",-,,,,,,2023-12-27T22:12:43.5431248Z,,Process terminated (rule: ProcessTerminate),,5124,WINDEV2309EVAL\User,S-1-5-18,2023-12-27 22:12:43.540,3,"<Event xmlns=""http://schemas.microsoft.com/win/2004/08/events/event"">
    <System>
      <Provider Name=""Microsoft-Windows-Sysmon"" Guid=""{5770385f-c22a-43e0-bf4c-06f5698ffbd9}""/>
      <EventID>5</EventID>
      <Version>3</Version>
      <Level>4</Level>
      <Task>5</Task>
      <Opcode>0</Opcode>
      <Keywords>0x8000000000000000</Keywords>
      <TimeCreated SystemTime=""2023-12-27T22:12:43.5431248Z""/>
      <EventRecordID>19621</EventRecordID>
      <Correlation/>
      <Execution ProcessID=""3588"" ThreadID=""5124""/>
      <Channel>Microsoft-Windows-Sysmon/Operational</Channel>
      <Computer>WinDev2309Eval</Computer>
      <Security UserID=""S-1-5-18""/>
    </System>
    <EventData>
      <Data Name=""RuleName"">-</Data>
      <Data Name=""UtcTime"">2023-12-27 22:12:43.540</Data>
      <Data Name=""ProcessGuid"">{f57bd86a-a151-658c-cc01-000000000f00}</Data>
      <Data Name=""ProcessId"">9776</Data>
      <Data Name=""Image"">C:\Users\User\AppData\Local\Temp\chrome-win\chrome.exe</Data>
      <Data Name=""User"">WINDEV2309EVAL\User</Data>
    </EventData>
    <RenderingInfo Culture=""en-US"">
      <Message>Process terminated:

RuleName: -

UtcTime: 2023-12-27 22:12:43.540

ProcessGuid: {f57bd86a-a151-658c-cc01-000000000f00}

ProcessId: 9776

Image: C:\Users\User\AppData\Local\Temp\chrome-win\chrome.exe

User: WINDEV2309EVAL\User</Message>
      <Level>Information</Level>
      <Task>Process terminated (rule: ProcessTerminate)</Task>
      <Opcode>Info</Opcode>
    </RenderingInfo>
  </Event>
  
"
Microsoft-Windows-Sysmon/Operational,,,WinDev2309Eval,,,,,,,,,5,19620,,,C:\Users\User\AppData\Local\Temp\chrome-win\chrome.exe,,,0x8000000000000000,Information,,,"Process terminated:

RuleName: -

UtcTime: 2023-12-27 22:12:43.524

ProcessGuid: {f57bd86a-a151-658c-cd01-000000000f00}

ProcessId: 1776

Image: C:\Users\User\AppData\Local\Temp\chrome-win\chrome.exe

User: WINDEV2309EVAL\User",Info,,,,,,,,{f57bd86a-a151-658c-cd01-000000000f00},3588,1776,,,,,,"
      ",-,,,,,,2023-12-27T22:12:43.5361572Z,,Process terminated (rule: ProcessTerminate),,5124,WINDEV2309EVAL\User,S-1-5-18,2023-12-27 22:12:43.524,3,"<Event xmlns=""http://schemas.microsoft.com/win/2004/08/events/event"">
    <System>
      <Provider Name=""Microsoft-Windows-Sysmon"" Guid=""{5770385f-c22a-43e0-bf4c-06f5698ffbd9}""/>
      <EventID>5</EventID>
      <Version>3</Version>
      <Level>4</Level>
      <Task>5</Task>
      <Opcode>0</Opcode>
      <Keywords>0x8000000000000000</Keywords>
      <TimeCreated SystemTime=""2023-12-27T22:12:43.5361572Z""/>
      <EventRecordID>19620</EventRecordID>
      <Correlation/>
      <Execution ProcessID=""3588"" ThreadID=""5124""/>
      <Channel>Microsoft-Windows-Sysmon/Operational</Channel>
      <Computer>WinDev2309Eval</Computer>
      <Security UserID=""S-1-5-18""/>
    </System>
    <EventData>
      <Data Name=""RuleName"">-</Data>
      <Data Name=""UtcTime"">2023-12-27 22:12:43.524</Data>
      <Data Name=""ProcessGuid"">{f57bd86a-a151-658c-cd01-000000000f00}</Data>
      <Data Name=""ProcessId"">1776</Data>
      <Data Name=""Image"">C:\Users\User\AppData\Local\Temp\chrome-win\chrome.exe</Data>
      <Data Name=""User"">WINDEV2309EVAL\User</Data>
    </EventData>
    <RenderingInfo Culture=""en-US"">
      <Message>Process terminated:

RuleName: -

UtcTime: 2023-12-27 22:12:43.524

ProcessGuid: {f57bd86a-a151-658c-cd01-000000000f00}

ProcessId: 1776

Image: C:\Users\User\AppData\Local\Temp\chrome-win\chrome.exe

User: WINDEV2309EVAL\User</Message>
      <Level>Information</Level>
      <Task>Process terminated (rule: ProcessTerminate)</Task>
      <Opcode>Info</Opcode>
    </RenderingInfo>
  </Event>
  
"
Microsoft-Windows-Sysmon/Operational,,,WinDev2309Eval,2023-12-27 22:12:33.480,,,,,,,,2,19619,,,C:\Users\User\AppData\Local\Temp\chrome-win\chrome.exe,,,0x8000000000000000,Information,,,"File creation time changed:

RuleName: T1099

UtcTime: 2023-12-27 22:12:43.524

ProcessGuid: {f57bd86a-a149-658c-c801-000000000f00}

ProcessId: 2960

Image: C:\Users\User\AppData\Local\Temp\chrome-win\chrome.exe

TargetFilename: C:\Users\User\AppData\Local\Chromium\User Data\fbf67db3-e6a1-49a2-81ba-54c0a2e4cbb7.tmp

CreationUtcTime: 2023-12-27 22:12:33.480

PreviousCreationUtcTime: 2023-12-27 22:12:43.524

User: WINDEV2309EVAL\User",Info,,,,,,,2023-12-27 22:12:43.524,{f57bd86a-a149-658c-c801-000000000f00},3588,2960,,,,,,"
      ",T1099,,,,,,2023-12-27T22:12:43.5338037Z,C:\Users\User\AppData\Local\Chromium\User Data\fbf67db3-e6a1-49a2-81ba-54c0a2e4cbb7.tmp,File creation time changed (rule: FileCreateTime),,5124,WINDEV2309EVAL\User,S-1-5-18,2023-12-27 22:12:43.524,5,"<Event xmlns=""http://schemas.microsoft.com/win/2004/08/events/event"">
    <System>
      <Provider Name=""Microsoft-Windows-Sysmon"" Guid=""{5770385f-c22a-43e0-bf4c-06f5698ffbd9}""/>
      <EventID>2</EventID>
      <Version>5</Version>
      <Level>4</Level>
      <Task>2</Task>
      <Opcode>0</Opcode>
      <Keywords>0x8000000000000000</Keywords>
      <TimeCreated SystemTime=""2023-12-27T22:12:43.5338037Z""/>
      <EventRecordID>19619</EventRecordID>
      <Correlation/>
      <Execution ProcessID=""3588"" ThreadID=""5124""/>
      <Channel>Microsoft-Windows-Sysmon/Operational</Channel>
      <Computer>WinDev2309Eval</Computer>
      <Security UserID=""S-1-5-18""/>
    </System>
    <EventData>
      <Data Name=""RuleName"">T1099</Data>
      <Data Name=""UtcTime"">2023-12-27 22:12:43.524</Data>
      <Data Name=""ProcessGuid"">{f57bd86a-a149-658c-c801-000000000f00}</Data>
      <Data Name=""ProcessId"">2960</Data>
      <Data Name=""Image"">C:\Users\User\AppData\Local\Temp\chrome-win\chrome.exe</Data>
      <Data Name=""TargetFilename"">C:\Users\User\AppData\Local\Chromium\User Data\fbf67db3-e6a1-49a2-81ba-54c0a2e4cbb7.tmp</Data>
      <Data Name=""CreationUtcTime"">2023-12-27 22:12:33.480</Data>
      <Data Name=""PreviousCreationUtcTime"">2023-12-27 22:12:43.524</Data>
      <Data Name=""User"">WINDEV2309EVAL\User</Data>
    </EventData>
    <RenderingInfo Culture=""en-US"">
      <Message>File creation time changed:

RuleName: T1099

UtcTime: 2023-12-27 22:12:43.524

ProcessGuid: {f57bd86a-a149-658c-c801-000000000f00}

ProcessId: 2960

Image: C:\Users\User\AppData\Local\Temp\chrome-win\chrome.exe

TargetFilename: C:\Users\User\AppData\Local\Chromium\User Data\fbf67db3-e6a1-49a2-81ba-54c0a2e4cbb7.tmp

CreationUtcTime: 2023-12-27 22:12:33.480

PreviousCreationUtcTime: 2023-12-27 22:12:43.524

User: WINDEV2309EVAL\User</Message>
      <Level>Information</Level>
      <Task>File creation time changed (rule: FileCreateTime)</Task>
      <Opcode>Info</Opcode>
    </RenderingInfo>
  </Event>
  
"
Microsoft-Windows-Sysmon/Operational,,,WinDev2309Eval,2023-12-27 22:12:33.591,,,,,,,,2,19618,,,C:\Users\User\AppData\Local\Temp\chrome-win\chrome.exe,,,0x8000000000000000,Information,,,"File creation time changed:

RuleName: T1099

UtcTime: 2023-12-27 22:12:43.508

ProcessGuid: {f57bd86a-a149-658c-c801-000000000f00}

ProcessId: 2960

Image: C:\Users\User\AppData\Local\Temp\chrome-win\chrome.exe

TargetFilename: C:\Users\User\AppData\Local\Chromium\User Data\Default\Code Cache\webui_js\index-dir\temp-index

CreationUtcTime: 2023-12-27 22:12:33.591

PreviousCreationUtcTime: 2023-12-27 22:12:33.591

User: WINDEV2309EVAL\User",Info,,,,,,,2023-12-27 22:12:33.591,{f57bd86a-a149-658c-c801-000000000f00},3588,2960,,,,,,"
      ",T1099,,,,,,2023-12-27T22:12:43.5233704Z,C:\Users\User\AppData\Local\Chromium\User Data\Default\Code Cache\webui_js\index-dir\temp-index,File creation time changed (rule: FileCreateTime),,5124,WINDEV2309EVAL\User,S-1-5-18,2023-12-27 22:12:43.508,5,"<Event xmlns=""http://schemas.microsoft.com/win/2004/08/events/event"">
    <System>
      <Provider Name=""Microsoft-Windows-Sysmon"" Guid=""{5770385f-c22a-43e0-bf4c-06f5698ffbd9}""/>
      <EventID>2</EventID>
      <Version>5</Version>
      <Level>4</Level>
      <Task>2</Task>
      <Opcode>0</Opcode>
      <Keywords>0x8000000000000000</Keywords>
      <TimeCreated SystemTime=""2023-12-27T22:12:43.5233704Z""/>
      <EventRecordID>19618</EventRecordID>
      <Correlation/>
      <Execution ProcessID=""3588"" ThreadID=""5124""/>
      <Channel>Microsoft-Windows-Sysmon/Operational</Channel>
      <Computer>WinDev2309Eval</Computer>
      <Security UserID=""S-1-5-18""/>
    </System>
    <EventData>
      <Data Name=""RuleName"">T1099</Data>
      <Data Name=""UtcTime"">2023-12-27 22:12:43.508</Data>
      <Data Name=""ProcessGuid"">{f57bd86a-a149-658c-c801-000000000f00}</Data>
      <Data Name=""ProcessId"">2960</Data>
      <Data Name=""Image"">C:\Users\User\AppData\Local\Temp\chrome-win\chrome.exe</Data>
      <Data Name=""TargetFilename"">C:\Users\User\AppData\Local\Chromium\User Data\Default\Code Cache\webui_js\index-dir\temp-index</Data>
      <Data Name=""CreationUtcTime"">2023-12-27 22:12:33.591</Data>
      <Data Name=""PreviousCreationUtcTime"">2023-12-27 22:12:33.591</Data>
      <Data Name=""User"">WINDEV2309EVAL\User</Data>
    </EventData>
    <RenderingInfo Culture=""en-US"">
      <Message>File creation time changed:

RuleName: T1099

UtcTime: 2023-12-27 22:12:43.508

ProcessGuid: {f57bd86a-a149-658c-c801-000000000f00}

ProcessId: 2960

Image: C:\Users\User\AppData\Local\Temp\chrome-win\chrome.exe

TargetFilename: C:\Users\User\AppData\Local\Chromium\User Data\Default\Code Cache\webui_js\index-dir\temp-index

CreationUtcTime: 2023-12-27 22:12:33.591

PreviousCreationUtcTime: 2023-12-27 22:12:33.591

User: WINDEV2309EVAL\User</Message>
      <Level>Information</Level>
      <Task>File creation time changed (rule: FileCreateTime)</Task>
      <Opcode>Info</Opcode>
    </RenderingInfo>
  </Event>
  
"
Microsoft-Windows-Sysmon/Operational,,,WinDev2309Eval,2023-12-27 22:12:33.480,,,,,,,,2,19617,,,C:\Users\User\AppData\Local\Temp\chrome-win\chrome.exe,,,0x8000000000000000,Information,,,"File creation time changed:

RuleName: T1099

UtcTime: 2023-12-27 22:12:43.508

ProcessGuid: {f57bd86a-a149-658c-c801-000000000f00}

ProcessId: 2960

Image: C:\Users\User\AppData\Local\Temp\chrome-win\chrome.exe

TargetFilename: C:\Users\User\AppData\Local\Chromium\User Data\d4ea7093-10fb-4b62-a02d-3e74006fd0c9.tmp

CreationUtcTime: 2023-12-27 22:12:33.480

PreviousCreationUtcTime: 2023-12-27 22:12:43.508

User: WINDEV2309EVAL\User",Info,,,,,,,2023-12-27 22:12:43.508,{f57bd86a-a149-658c-c801-000000000f00},3588,2960,,,,,,"
      ",T1099,,,,,,2023-12-27T22:12:43.5214056Z,C:\Users\User\AppData\Local\Chromium\User Data\d4ea7093-10fb-4b62-a02d-3e74006fd0c9.tmp,File creation time changed (rule: FileCreateTime),,5124,WINDEV2309EVAL\User,S-1-5-18,2023-12-27 22:12:43.508,5,"<Event xmlns=""http://schemas.microsoft.com/win/2004/08/events/event"">
    <System>
      <Provider Name=""Microsoft-Windows-Sysmon"" Guid=""{5770385f-c22a-43e0-bf4c-06f5698ffbd9}""/>
      <EventID>2</EventID>
      <Version>5</Version>
      <Level>4</Level>
      <Task>2</Task>
      <Opcode>0</Opcode>
      <Keywords>0x8000000000000000</Keywords>
      <TimeCreated SystemTime=""2023-12-27T22:12:43.5214056Z""/>
      <EventRecordID>19617</EventRecordID>
      <Correlation/>
      <Execution ProcessID=""3588"" ThreadID=""5124""/>
      <Channel>Microsoft-Windows-Sysmon/Operational</Channel>
      <Computer>WinDev2309Eval</Computer>
      <Security UserID=""S-1-5-18""/>
    </System>
    <EventData>
      <Data Name=""RuleName"">T1099</Data>
      <Data Name=""UtcTime"">2023-12-27 22:12:43.508</Data>
      <Data Name=""ProcessGuid"">{f57bd86a-a149-658c-c801-000000000f00}</Data>
      <Data Name=""ProcessId"">2960</Data>
      <Data Name=""Image"">C:\Users\User\AppData\Local\Temp\chrome-win\chrome.exe</Data>
      <Data Name=""TargetFilename"">C:\Users\User\AppData\Local\Chromium\User Data\d4ea7093-10fb-4b62-a02d-3e74006fd0c9.tmp</Data>
      <Data Name=""CreationUtcTime"">2023-12-27 22:12:33.480</Data>
      <Data Name=""PreviousCreationUtcTime"">2023-12-27 22:12:43.508</Data>
      <Data Name=""User"">WINDEV2309EVAL\User</Data>
    </EventData>
    <RenderingInfo Culture=""en-US"">
      <Message>File creation time changed:

RuleName: T1099

UtcTime: 2023-12-27 22:12:43.508

ProcessGuid: {f57bd86a-a149-658c-c801-000000000f00}

ProcessId: 2960

Image: C:\Users\User\AppData\Local\Temp\chrome-win\chrome.exe

TargetFilename: C:\Users\User\AppData\Local\Chromium\User Data\d4ea7093-10fb-4b62-a02d-3e74006fd0c9.tmp

CreationUtcTime: 2023-12-27 22:12:33.480

PreviousCreationUtcTime: 2023-12-27 22:12:43.508

User: WINDEV2309EVAL\User</Message>
      <Level>Information</Level>
      <Task>File creation time changed (rule: FileCreateTime)</Task>
      <Opcode>Info</Opcode>
    </RenderingInfo>
  </Event>
  
"
Microsoft-Windows-Sysmon/Operational,,,WinDev2309Eval,2023-12-27 22:12:33.480,,,,,,,,2,19616,,,C:\Users\User\AppData\Local\Temp\chrome-win\chrome.exe,,,0x8000000000000000,Information,,,"File creation time changed:

RuleName: T1099

UtcTime: 2023-12-27 22:12:43.508

ProcessGuid: {f57bd86a-a149-658c-c801-000000000f00}

ProcessId: 2960

Image: C:\Users\User\AppData\Local\Temp\chrome-win\chrome.exe

TargetFilename: C:\Users\User\AppData\Local\Chromium\User Data\1c603a07-03be-4a6b-95f8-512b4d19c054.tmp

CreationUtcTime: 2023-12-27 22:12:33.480

PreviousCreationUtcTime: 2023-12-27 22:12:43.492

User: WINDEV2309EVAL\User",Info,,,,,,,2023-12-27 22:12:43.492,{f57bd86a-a149-658c-c801-000000000f00},3588,2960,,,,,,"
      ",T1099,,,,,,2023-12-27T22:12:43.5184865Z,C:\Users\User\AppData\Local\Chromium\User Data\1c603a07-03be-4a6b-95f8-512b4d19c054.tmp,File creation time changed (rule: FileCreateTime),,5124,WINDEV2309EVAL\User,S-1-5-18,2023-12-27 22:12:43.508,5,"<Event xmlns=""http://schemas.microsoft.com/win/2004/08/events/event"">
    <System>
      <Provider Name=""Microsoft-Windows-Sysmon"" Guid=""{5770385f-c22a-43e0-bf4c-06f5698ffbd9}""/>
      <EventID>2</EventID>
      <Version>5</Version>
      <Level>4</Level>
      <Task>2</Task>
      <Opcode>0</Opcode>
      <Keywords>0x8000000000000000</Keywords>
      <TimeCreated SystemTime=""2023-12-27T22:12:43.5184865Z""/>
      <EventRecordID>19616</EventRecordID>
      <Correlation/>
      <Execution ProcessID=""3588"" ThreadID=""5124""/>
      <Channel>Microsoft-Windows-Sysmon/Operational</Channel>
      <Computer>WinDev2309Eval</Computer>
      <Security UserID=""S-1-5-18""/>
    </System>
    <EventData>
      <Data Name=""RuleName"">T1099</Data>
      <Data Name=""UtcTime"">2023-12-27 22:12:43.508</Data>
      <Data Name=""ProcessGuid"">{f57bd86a-a149-658c-c801-000000000f00}</Data>
      <Data Name=""ProcessId"">2960</Data>
      <Data Name=""Image"">C:\Users\User\AppData\Local\Temp\chrome-win\chrome.exe</Data>
      <Data Name=""TargetFilename"">C:\Users\User\AppData\Local\Chromium\User Data\1c603a07-03be-4a6b-95f8-512b4d19c054.tmp</Data>
      <Data Name=""CreationUtcTime"">2023-12-27 22:12:33.480</Data>
      <Data Name=""PreviousCreationUtcTime"">2023-12-27 22:12:43.492</Data>
      <Data Name=""User"">WINDEV2309EVAL\User</Data>
    </EventData>
    <RenderingInfo Culture=""en-US"">
      <Message>File creation time changed:

RuleName: T1099

UtcTime: 2023-12-27 22:12:43.508

ProcessGuid: {f57bd86a-a149-658c-c801-000000000f00}

ProcessId: 2960

Image: C:\Users\User\AppData\Local\Temp\chrome-win\chrome.exe

TargetFilename: C:\Users\User\AppData\Local\Chromium\User Data\1c603a07-03be-4a6b-95f8-512b4d19c054.tmp

CreationUtcTime: 2023-12-27 22:12:33.480

PreviousCreationUtcTime: 2023-12-27 22:12:43.492

User: WINDEV2309EVAL\User</Message>
      <Level>Information</Level>
      <Task>File creation time changed (rule: FileCreateTime)</Task>
      <Opcode>Info</Opcode>
    </RenderingInfo>
  </Event>
  
"
Microsoft-Windows-Sysmon/Operational,,,WinDev2309Eval,,,,,,,,,5,19615,,,C:\Users\User\AppData\Local\Temp\chrome-win\chrome.exe,,,0x8000000000000000,Information,,,"Process terminated:

RuleName: -

UtcTime: 2023-12-27 22:12:43.482

ProcessGuid: {f57bd86a-a159-658c-d001-000000000f00}

ProcessId: 1884

Image: C:\Users\User\AppData\Local\Temp\chrome-win\chrome.exe

User: WINDEV2309EVAL\User",Info,,,,,,,,{f57bd86a-a159-658c-d001-000000000f00},3588,1884,,,,,,"
      ",-,,,,,,2023-12-27T22:12:43.4833143Z,,Process terminated (rule: ProcessTerminate),,5124,WINDEV2309EVAL\User,S-1-5-18,2023-12-27 22:12:43.482,3,"<Event xmlns=""http://schemas.microsoft.com/win/2004/08/events/event"">
    <System>
      <Provider Name=""Microsoft-Windows-Sysmon"" Guid=""{5770385f-c22a-43e0-bf4c-06f5698ffbd9}""/>
      <EventID>5</EventID>
      <Version>3</Version>
      <Level>4</Level>
      <Task>5</Task>
      <Opcode>0</Opcode>
      <Keywords>0x8000000000000000</Keywords>
      <TimeCreated SystemTime=""2023-12-27T22:12:43.4833143Z""/>
      <EventRecordID>19615</EventRecordID>
      <Correlation/>
      <Execution ProcessID=""3588"" ThreadID=""5124""/>
      <Channel>Microsoft-Windows-Sysmon/Operational</Channel>
      <Computer>WinDev2309Eval</Computer>
      <Security UserID=""S-1-5-18""/>
    </System>
    <EventData>
      <Data Name=""RuleName"">-</Data>
      <Data Name=""UtcTime"">2023-12-27 22:12:43.482</Data>
      <Data Name=""ProcessGuid"">{f57bd86a-a159-658c-d001-000000000f00}</Data>
      <Data Name=""ProcessId"">1884</Data>
      <Data Name=""Image"">C:\Users\User\AppData\Local\Temp\chrome-win\chrome.exe</Data>
      <Data Name=""User"">WINDEV2309EVAL\User</Data>
    </EventData>
    <RenderingInfo Culture=""en-US"">
      <Message>Process terminated:

RuleName: -

UtcTime: 2023-12-27 22:12:43.482

ProcessGuid: {f57bd86a-a159-658c-d001-000000000f00}

ProcessId: 1884

Image: C:\Users\User\AppData\Local\Temp\chrome-win\chrome.exe

User: WINDEV2309EVAL\User</Message>
      <Level>Information</Level>
      <Task>Process terminated (rule: ProcessTerminate)</Task>
      <Opcode>Info</Opcode>
    </RenderingInfo>
  </Event>
  
"
Microsoft-Windows-Sysmon/Operational,,,WinDev2309Eval,,,,,,,,,5,19614,,,C:\Users\User\AppData\Local\Temp\chrome-win\chrome.exe,,,0x8000000000000000,Information,,,"Process terminated:

RuleName: -

UtcTime: 2023-12-27 22:12:43.466

ProcessGuid: {f57bd86a-a15a-658c-d101-000000000f00}

ProcessId: 2580

Image: C:\Users\User\AppData\Local\Temp\chrome-win\chrome.exe

User: WINDEV2309EVAL\User",Info,,,,,,,,{f57bd86a-a15a-658c-d101-000000000f00},3588,2580,,,,,,"
      ",-,,,,,,2023-12-27T22:12:43.4670932Z,,Process terminated (rule: ProcessTerminate),,5124,WINDEV2309EVAL\User,S-1-5-18,2023-12-27 22:12:43.466,3,"<Event xmlns=""http://schemas.microsoft.com/win/2004/08/events/event"">
    <System>
      <Provider Name=""Microsoft-Windows-Sysmon"" Guid=""{5770385f-c22a-43e0-bf4c-06f5698ffbd9}""/>
      <EventID>5</EventID>
      <Version>3</Version>
      <Level>4</Level>
      <Task>5</Task>
      <Opcode>0</Opcode>
      <Keywords>0x8000000000000000</Keywords>
      <TimeCreated SystemTime=""2023-12-27T22:12:43.4670932Z""/>
      <EventRecordID>19614</EventRecordID>
      <Correlation/>
      <Execution ProcessID=""3588"" ThreadID=""5124""/>
      <Channel>Microsoft-Windows-Sysmon/Operational</Channel>
      <Computer>WinDev2309Eval</Computer>
      <Security UserID=""S-1-5-18""/>
    </System>
    <EventData>
      <Data Name=""RuleName"">-</Data>
      <Data Name=""UtcTime"">2023-12-27 22:12:43.466</Data>
      <Data Name=""ProcessGuid"">{f57bd86a-a15a-658c-d101-000000000f00}</Data>
      <Data Name=""ProcessId"">2580</Data>
      <Data Name=""Image"">C:\Users\User\AppData\Local\Temp\chrome-win\chrome.exe</Data>
      <Data Name=""User"">WINDEV2309EVAL\User</Data>
    </EventData>
    <RenderingInfo Culture=""en-US"">
      <Message>Process terminated:

RuleName: -

UtcTime: 2023-12-27 22:12:43.466

ProcessGuid: {f57bd86a-a15a-658c-d101-000000000f00}

ProcessId: 2580

Image: C:\Users\User\AppData\Local\Temp\chrome-win\chrome.exe

User: WINDEV2309EVAL\User</Message>
      <Level>Information</Level>
      <Task>Process terminated (rule: ProcessTerminate)</Task>
      <Opcode>Info</Opcode>
    </RenderingInfo>
  </Event>
  
"
Microsoft-Windows-Sysmon/Operational,,,WinDev2309Eval,,,,,,,,,5,19613,,,C:\Users\User\AppData\Local\Temp\chrome-win\chrome.exe,,,0x8000000000000000,Information,,,"Process terminated:

RuleName: -

UtcTime: 2023-12-27 22:12:43.466

ProcessGuid: {f57bd86a-a159-658c-cf01-000000000f00}

ProcessId: 3348

Image: C:\Users\User\AppData\Local\Temp\chrome-win\chrome.exe

User: WINDEV2309EVAL\User",Info,,,,,,,,{f57bd86a-a159-658c-cf01-000000000f00},3588,3348,,,,,,"
      ",-,,,,,,2023-12-27T22:12:43.4669389Z,,Process terminated (rule: ProcessTerminate),,5124,WINDEV2309EVAL\User,S-1-5-18,2023-12-27 22:12:43.466,3,"<Event xmlns=""http://schemas.microsoft.com/win/2004/08/events/event"">
    <System>
      <Provider Name=""Microsoft-Windows-Sysmon"" Guid=""{5770385f-c22a-43e0-bf4c-06f5698ffbd9}""/>
      <EventID>5</EventID>
      <Version>3</Version>
      <Level>4</Level>
      <Task>5</Task>
      <Opcode>0</Opcode>
      <Keywords>0x8000000000000000</Keywords>
      <TimeCreated SystemTime=""2023-12-27T22:12:43.4669389Z""/>
      <EventRecordID>19613</EventRecordID>
      <Correlation/>
      <Execution ProcessID=""3588"" ThreadID=""5124""/>
      <Channel>Microsoft-Windows-Sysmon/Operational</Channel>
      <Computer>WinDev2309Eval</Computer>
      <Security UserID=""S-1-5-18""/>
    </System>
    <EventData>
      <Data Name=""RuleName"">-</Data>
      <Data Name=""UtcTime"">2023-12-27 22:12:43.466</Data>
      <Data Name=""ProcessGuid"">{f57bd86a-a159-658c-cf01-000000000f00}</Data>
      <Data Name=""ProcessId"">3348</Data>
      <Data Name=""Image"">C:\Users\User\AppData\Local\Temp\chrome-win\chrome.exe</Data>
      <Data Name=""User"">WINDEV2309EVAL\User</Data>
    </EventData>
    <RenderingInfo Culture=""en-US"">
      <Message>Process terminated:

RuleName: -

UtcTime: 2023-12-27 22:12:43.466

ProcessGuid: {f57bd86a-a159-658c-cf01-000000000f00}

ProcessId: 3348

Image: C:\Users\User\AppData\Local\Temp\chrome-win\chrome.exe

User: WINDEV2309EVAL\User</Message>
      <Level>Information</Level>
      <Task>Process terminated (rule: ProcessTerminate)</Task>
      <Opcode>Info</Opcode>
    </RenderingInfo>
  </Event>
  
"
Microsoft-Windows-Sysmon/Operational,,,WinDev2309Eval,,,,,,,,,5,19612,,,C:\Users\User\AppData\Local\Temp\chrome-win\chrome.exe,,,0x8000000000000000,Information,,,"Process terminated:

RuleName: -

UtcTime: 2023-12-27 22:12:43.414

ProcessGuid: {f57bd86a-a15b-658c-d401-000000000f00}

ProcessId: 6904

Image: C:\Users\User\AppData\Local\Temp\chrome-win\chrome.exe

User: WINDEV2309EVAL\User",Info,,,,,,,,{f57bd86a-a15b-658c-d401-000000000f00},3588,6904,,,,,,"
      ",-,,,,,,2023-12-27T22:12:43.4155527Z,,Process terminated (rule: ProcessTerminate),,5124,WINDEV2309EVAL\User,S-1-5-18,2023-12-27 22:12:43.414,3,"<Event xmlns=""http://schemas.microsoft.com/win/2004/08/events/event"">
    <System>
      <Provider Name=""Microsoft-Windows-Sysmon"" Guid=""{5770385f-c22a-43e0-bf4c-06f5698ffbd9}""/>
      <EventID>5</EventID>
      <Version>3</Version>
      <Level>4</Level>
      <Task>5</Task>
      <Opcode>0</Opcode>
      <Keywords>0x8000000000000000</Keywords>
      <TimeCreated SystemTime=""2023-12-27T22:12:43.4155527Z""/>
      <EventRecordID>19612</EventRecordID>
      <Correlation/>
      <Execution ProcessID=""3588"" ThreadID=""5124""/>
      <Channel>Microsoft-Windows-Sysmon/Operational</Channel>
      <Computer>WinDev2309Eval</Computer>
      <Security UserID=""S-1-5-18""/>
    </System>
    <EventData>
      <Data Name=""RuleName"">-</Data>
      <Data Name=""UtcTime"">2023-12-27 22:12:43.414</Data>
      <Data Name=""ProcessGuid"">{f57bd86a-a15b-658c-d401-000000000f00}</Data>
      <Data Name=""ProcessId"">6904</Data>
      <Data Name=""Image"">C:\Users\User\AppData\Local\Temp\chrome-win\chrome.exe</Data>
      <Data Name=""User"">WINDEV2309EVAL\User</Data>
    </EventData>
    <RenderingInfo Culture=""en-US"">
      <Message>Process terminated:

RuleName: -

UtcTime: 2023-12-27 22:12:43.414

ProcessGuid: {f57bd86a-a15b-658c-d401-000000000f00}

ProcessId: 6904

Image: C:\Users\User\AppData\Local\Temp\chrome-win\chrome.exe

User: WINDEV2309EVAL\User</Message>
      <Level>Information</Level>
      <Task>Process terminated (rule: ProcessTerminate)</Task>
      <Opcode>Info</Opcode>
    </RenderingInfo>
  </Event>
  
"
Microsoft-Windows-Sysmon/Operational,,,WinDev2309Eval,,,,,,,,,5,19611,,,C:\Users\User\AppData\Local\Temp\chrome-win\chrome.exe,,,0x8000000000000000,Information,,,"Process terminated:

RuleName: -

UtcTime: 2023-12-27 22:12:43.369

ProcessGuid: {f57bd86a-a15b-658c-d301-000000000f00}

ProcessId: 1852

Image: C:\Users\User\AppData\Local\Temp\chrome-win\chrome.exe

User: WINDEV2309EVAL\User",Info,,,,,,,,{f57bd86a-a15b-658c-d301-000000000f00},3588,1852,,,,,,"
      ",-,,,,,,2023-12-27T22:12:43.3693612Z,,Process terminated (rule: ProcessTerminate),,5124,WINDEV2309EVAL\User,S-1-5-18,2023-12-27 22:12:43.369,3,"<Event xmlns=""http://schemas.microsoft.com/win/2004/08/events/event"">
    <System>
      <Provider Name=""Microsoft-Windows-Sysmon"" Guid=""{5770385f-c22a-43e0-bf4c-06f5698ffbd9}""/>
      <EventID>5</EventID>
      <Version>3</Version>
      <Level>4</Level>
      <Task>5</Task>
      <Opcode>0</Opcode>
      <Keywords>0x8000000000000000</Keywords>
      <TimeCreated SystemTime=""2023-12-27T22:12:43.3693612Z""/>
      <EventRecordID>19611</EventRecordID>
      <Correlation/>
      <Execution ProcessID=""3588"" ThreadID=""5124""/>
      <Channel>Microsoft-Windows-Sysmon/Operational</Channel>
      <Computer>WinDev2309Eval</Computer>
      <Security UserID=""S-1-5-18""/>
    </System>
    <EventData>
      <Data Name=""RuleName"">-</Data>
      <Data Name=""UtcTime"">2023-12-27 22:12:43.369</Data>
      <Data Name=""ProcessGuid"">{f57bd86a-a15b-658c-d301-000000000f00}</Data>
      <Data Name=""ProcessId"">1852</Data>
      <Data Name=""Image"">C:\Users\User\AppData\Local\Temp\chrome-win\chrome.exe</Data>
      <Data Name=""User"">WINDEV2309EVAL\User</Data>
    </EventData>
    <RenderingInfo Culture=""en-US"">
      <Message>Process terminated:

RuleName: -

UtcTime: 2023-12-27 22:12:43.369

ProcessGuid: {f57bd86a-a15b-658c-d301-000000000f00}

ProcessId: 1852

Image: C:\Users\User\AppData\Local\Temp\chrome-win\chrome.exe

User: WINDEV2309EVAL\User</Message>
      <Level>Information</Level>
      <Task>Process terminated (rule: ProcessTerminate)</Task>
      <Opcode>Info</Opcode>
    </RenderingInfo>
  </Event>
  
"
Microsoft-Windows-Sysmon/Operational,"""C:\Users\User\AppData\Local\Temp\chrome-win\chrome.exe"" --type=utility --utility-sub-type=data_decoder.mojom.DataDecoderService --lang=en-US --service-sandbox-type=service --mojo-platform-channel-handle=4512 --field-trial-handle=1756,i,485431194890201653,11807097920400233063,262144 /prefetch:8",The Chromium Authors,WinDev2309Eval,,C:\Users\User\AppData\Local\Temp\chrome-win\,Chromium,,,,,,1,19610,116.0.5816.0,"MD5=3449EFF57D31F6C69D523AB848CA56C3,SHA256=D7C9B99AA403C0E629086E8E4ACF6438A5489FE9070DC22D6B033D759414FB76,IMPHASH=3371C06C266BC31A39D10990BC28CCE3",C:\Users\User\AppData\Local\Temp\chrome-win\chrome.exe,,Low,0x8000000000000000,Information,{f57bd86a-36f9-658c-7bf8-020000000000},0x2f87b,"Process Create:

RuleName: -

UtcTime: 2023-12-27 22:12:43.354

ProcessGuid: {f57bd86a-a15b-658c-d401-000000000f00}

ProcessId: 6904

Image: C:\Users\User\AppData\Local\Temp\chrome-win\chrome.exe

FileVersion: 116.0.5816.0

Description: Chromium

Product: Chromium

Company: The Chromium Authors

OriginalFileName: chrome.exe

CommandLine: ""C:\Users\User\AppData\Local\Temp\chrome-win\chrome.exe"" --type=utility --utility-sub-type=data_decoder.mojom.DataDecoderService --lang=en-US --service-sandbox-type=service --mojo-platform-channel-handle=4512 --field-trial-handle=1756,i,485431194890201653,11807097920400233063,262144 /prefetch:8

CurrentDirectory: C:\Users\User\AppData\Local\Temp\chrome-win\

User: WINDEV2309EVAL\User

LogonGuid: {f57bd86a-36f9-658c-7bf8-020000000000}

LogonId: 0x2F87B

TerminalSessionId: 1

IntegrityLevel: Low

Hashes: MD5=3449EFF57D31F6C69D523AB848CA56C3,SHA256=D7C9B99AA403C0E629086E8E4ACF6438A5489FE9070DC22D6B033D759414FB76,IMPHASH=3371C06C266BC31A39D10990BC28CCE3

ParentProcessGuid: {f57bd86a-a149-658c-c801-000000000f00}

ParentProcessId: 2960

ParentImage: C:\Users\User\AppData\Local\Temp\chrome-win\chrome.exe

ParentCommandLine: ""C:\Users\User\AppData\Local\Temp\chrome-win\chrome.exe"" --load-extension=C:\Users\User\AppData\Local\Temp\extension\ 

ParentUser: WINDEV2309EVAL\User",Info,chrome.exe,"""C:\Users\User\AppData\Local\Temp\chrome-win\chrome.exe"" --load-extension=C:\Users\User\AppData\Local\Temp\extension\ ",C:\Users\User\AppData\Local\Temp\chrome-win\chrome.exe,{f57bd86a-a149-658c-c801-000000000f00},2960,WINDEV2309EVAL\User,,{f57bd86a-a15b-658c-d401-000000000f00},3588,6904,Chromium,,,,,"
      ",-,,,,,,2023-12-27T22:12:43.3560135Z,,Process Create (rule: ProcessCreate),1,5124,WINDEV2309EVAL\User,S-1-5-18,2023-12-27 22:12:43.354,5,"<Event xmlns=""http://schemas.microsoft.com/win/2004/08/events/event"">
    <System>
      <Provider Name=""Microsoft-Windows-Sysmon"" Guid=""{5770385f-c22a-43e0-bf4c-06f5698ffbd9}""/>
      <EventID>1</EventID>
      <Version>5</Version>
      <Level>4</Level>
      <Task>1</Task>
      <Opcode>0</Opcode>
      <Keywords>0x8000000000000000</Keywords>
      <TimeCreated SystemTime=""2023-12-27T22:12:43.3560135Z""/>
      <EventRecordID>19610</EventRecordID>
      <Correlation/>
      <Execution ProcessID=""3588"" ThreadID=""5124""/>
      <Channel>Microsoft-Windows-Sysmon/Operational</Channel>
      <Computer>WinDev2309Eval</Computer>
      <Security UserID=""S-1-5-18""/>
    </System>
    <EventData>
      <Data Name=""RuleName"">-</Data>
      <Data Name=""UtcTime"">2023-12-27 22:12:43.354</Data>
      <Data Name=""ProcessGuid"">{f57bd86a-a15b-658c-d401-000000000f00}</Data>
      <Data Name=""ProcessId"">6904</Data>
      <Data Name=""Image"">C:\Users\User\AppData\Local\Temp\chrome-win\chrome.exe</Data>
      <Data Name=""FileVersion"">116.0.5816.0</Data>
      <Data Name=""Description"">Chromium</Data>
      <Data Name=""Product"">Chromium</Data>
      <Data Name=""Company"">The Chromium Authors</Data>
      <Data Name=""OriginalFileName"">chrome.exe</Data>
      <Data Name=""CommandLine"">""C:\Users\User\AppData\Local\Temp\chrome-win\chrome.exe"" --type=utility --utility-sub-type=data_decoder.mojom.DataDecoderService --lang=en-US --service-sandbox-type=service --mojo-platform-channel-handle=4512 --field-trial-handle=1756,i,485431194890201653,11807097920400233063,262144 /prefetch:8</Data>
      <Data Name=""CurrentDirectory"">C:\Users\User\AppData\Local\Temp\chrome-win\</Data>
      <Data Name=""User"">WINDEV2309EVAL\User</Data>
      <Data Name=""LogonGuid"">{f57bd86a-36f9-658c-7bf8-020000000000}</Data>
      <Data Name=""LogonId"">0x2f87b</Data>
      <Data Name=""TerminalSessionId"">1</Data>
      <Data Name=""IntegrityLevel"">Low</Data>
      <Data Name=""Hashes"">MD5=3449EFF57D31F6C69D523AB848CA56C3,SHA256=D7C9B99AA403C0E629086E8E4ACF6438A5489FE9070DC22D6B033D759414FB76,IMPHASH=3371C06C266BC31A39D10990BC28CCE3</Data>
      <Data Name=""ParentProcessGuid"">{f57bd86a-a149-658c-c801-000000000f00}</Data>
      <Data Name=""ParentProcessId"">2960</Data>
      <Data Name=""ParentImage"">C:\Users\User\AppData\Local\Temp\chrome-win\chrome.exe</Data>
      <Data Name=""ParentCommandLine"">""C:\Users\User\AppData\Local\Temp\chrome-win\chrome.exe"" --load-extension=C:\Users\User\AppData\Local\Temp\extension\ </Data>
      <Data Name=""ParentUser"">WINDEV2309EVAL\User</Data>
    </EventData>
    <RenderingInfo Culture=""en-US"">
      <Message>Process Create:

RuleName: -

UtcTime: 2023-12-27 22:12:43.354

ProcessGuid: {f57bd86a-a15b-658c-d401-000000000f00}

ProcessId: 6904

Image: C:\Users\User\AppData\Local\Temp\chrome-win\chrome.exe

FileVersion: 116.0.5816.0

Description: Chromium

Product: Chromium

Company: The Chromium Authors

OriginalFileName: chrome.exe

CommandLine: ""C:\Users\User\AppData\Local\Temp\chrome-win\chrome.exe"" --type=utility --utility-sub-type=data_decoder.mojom.DataDecoderService --lang=en-US --service-sandbox-type=service --mojo-platform-channel-handle=4512 --field-trial-handle=1756,i,485431194890201653,11807097920400233063,262144 /prefetch:8

CurrentDirectory: C:\Users\User\AppData\Local\Temp\chrome-win\

User: WINDEV2309EVAL\User

LogonGuid: {f57bd86a-36f9-658c-7bf8-020000000000}

LogonId: 0x2F87B

TerminalSessionId: 1

IntegrityLevel: Low

Hashes: MD5=3449EFF57D31F6C69D523AB848CA56C3,SHA256=D7C9B99AA403C0E629086E8E4ACF6438A5489FE9070DC22D6B033D759414FB76,IMPHASH=3371C06C266BC31A39D10990BC28CCE3

ParentProcessGuid: {f57bd86a-a149-658c-c801-000000000f00}

ParentProcessId: 2960

ParentImage: C:\Users\User\AppData\Local\Temp\chrome-win\chrome.exe

ParentCommandLine: ""C:\Users\User\AppData\Local\Temp\chrome-win\chrome.exe"" --load-extension=C:\Users\User\AppData\Local\Temp\extension\ 

ParentUser: WINDEV2309EVAL\User</Message>
      <Level>Information</Level>
      <Task>Process Create (rule: ProcessCreate)</Task>
      <Opcode>Info</Opcode>
    </RenderingInfo>
  </Event>
  
"
