Microsoft-Windows-Sysmon/Operational,,,WinDev2309Eval,2023-12-27 22:12:22.312,,,,,,,,11,19590,,,C:\Windows\System32\WindowsPowerShell\v1.0\powershell.exe,,,0x8000000000000000,Information,,,"File created:

RuleName: DLL

UtcTime: 2023-12-27 22:12:22.312

ProcessGuid: {f57bd86a-a127-658c-c601-000000000f00}

ProcessId: 868

Image: C:\Windows\System32\WindowsPowerShell\v1.0\powershell.exe

TargetFilename: C:\Users\User\AppData\Local\Temp\chrome-win\libGLESv2.dll

CreationUtcTime: 2023-12-27 22:12:22.312

User: WINDEV2309EVAL\User",Info,,,,,,,,{f57bd86a-a127-658c-c601-000000000f00},3588,868,,,,,,"
      ",DLL,,,,,,2023-12-27T22:12:22.3196901Z,C:\Users\User\AppData\Local\Temp\chrome-win\libGLESv2.dll,File created (rule: FileCreate),,5124,WINDEV2309EVAL\User,S-1-5-18,2023-12-27 22:12:22.312,2,"<Event xmlns=""http://schemas.microsoft.com/win/2004/08/events/event"">
    <System>
      <Provider Name=""Microsoft-Windows-Sysmon"" Guid=""{5770385f-c22a-43e0-bf4c-06f5698ffbd9}""/>
      <EventID>11</EventID>
      <Version>2</Version>
      <Level>4</Level>
      <Task>11</Task>
      <Opcode>0</Opcode>
      <Keywords>0x8000000000000000</Keywords>
      <TimeCreated SystemTime=""2023-12-27T22:12:22.3196901Z""/>
      <EventRecordID>19590</EventRecordID>
      <Correlation/>
      <Execution ProcessID=""3588"" ThreadID=""5124""/>
      <Channel>Microsoft-Windows-Sysmon/Operational</Channel>
      <Computer>WinDev2309Eval</Computer>
      <Security UserID=""S-1-5-18""/>
    </System>
    <EventData>
      <Data Name=""RuleName"">DLL</Data>
      <Data Name=""UtcTime"">2023-12-27 22:12:22.312</Data>
      <Data Name=""ProcessGuid"">{f57bd86a-a127-658c-c601-000000000f00}</Data>
      <Data Name=""ProcessId"">868</Data>
      <Data Name=""Image"">C:\Windows\System32\WindowsPowerShell\v1.0\powershell.exe</Data>
      <Data Name=""TargetFilename"">C:\Users\User\AppData\Local\Temp\chrome-win\libGLESv2.dll</Data>
      <Data Name=""CreationUtcTime"">2023-12-27 22:12:22.312</Data>
      <Data Name=""User"">WINDEV2309EVAL\User</Data>
    </EventData>
    <RenderingInfo Culture=""en-US"">
      <Message>File created:

RuleName: DLL

UtcTime: 2023-12-27 22:12:22.312

ProcessGuid: {f57bd86a-a127-658c-c601-000000000f00}

ProcessId: 868

Image: C:\Windows\System32\WindowsPowerShell\v1.0\powershell.exe

TargetFilename: C:\Users\User\AppData\Local\Temp\chrome-win\libGLESv2.dll

CreationUtcTime: 2023-12-27 22:12:22.312

User: WINDEV2309EVAL\User</Message>
      <Level>Information</Level>
      <Task>File created (rule: FileCreate)</Task>
      <Opcode>Info</Opcode>
    </RenderingInfo>
  </Event>
  
"
Microsoft-Windows-Sysmon/Operational,,,WinDev2309Eval,2023-12-27 22:12:22.264,,,,,,,,11,19589,,,C:\Windows\System32\WindowsPowerShell\v1.0\powershell.exe,,,0x8000000000000000,Information,,,"File created:

RuleName: DLL

UtcTime: 2023-12-27 22:12:22.264

ProcessGuid: {f57bd86a-a127-658c-c601-000000000f00}

ProcessId: 868

Image: C:\Windows\System32\WindowsPowerShell\v1.0\powershell.exe

TargetFilename: C:\Users\User\AppData\Local\Temp\chrome-win\libEGL.dll

CreationUtcTime: 2023-12-27 22:12:22.264

User: WINDEV2309EVAL\User",Info,,,,,,,,{f57bd86a-a127-658c-c601-000000000f00},3588,868,,,,,,"
      ",DLL,,,,,,2023-12-27T22:12:22.2775515Z,C:\Users\User\AppData\Local\Temp\chrome-win\libEGL.dll,File created (rule: FileCreate),,5124,WINDEV2309EVAL\User,S-1-5-18,2023-12-27 22:12:22.264,2,"<Event xmlns=""http://schemas.microsoft.com/win/2004/08/events/event"">
    <System>
      <Provider Name=""Microsoft-Windows-Sysmon"" Guid=""{5770385f-c22a-43e0-bf4c-06f5698ffbd9}""/>
      <EventID>11</EventID>
      <Version>2</Version>
      <Level>4</Level>
      <Task>11</Task>
      <Opcode>0</Opcode>
      <Keywords>0x8000000000000000</Keywords>
      <TimeCreated SystemTime=""2023-12-27T22:12:22.2775515Z""/>
      <EventRecordID>19589</EventRecordID>
      <Correlation/>
      <Execution ProcessID=""3588"" ThreadID=""5124""/>
      <Channel>Microsoft-Windows-Sysmon/Operational</Channel>
      <Computer>WinDev2309Eval</Computer>
      <Security UserID=""S-1-5-18""/>
    </System>
    <EventData>
      <Data Name=""RuleName"">DLL</Data>
      <Data Name=""UtcTime"">2023-12-27 22:12:22.264</Data>
      <Data Name=""ProcessGuid"">{f57bd86a-a127-658c-c601-000000000f00}</Data>
      <Data Name=""ProcessId"">868</Data>
      <Data Name=""Image"">C:\Windows\System32\WindowsPowerShell\v1.0\powershell.exe</Data>
      <Data Name=""TargetFilename"">C:\Users\User\AppData\Local\Temp\chrome-win\libEGL.dll</Data>
      <Data Name=""CreationUtcTime"">2023-12-27 22:12:22.264</Data>
      <Data Name=""User"">WINDEV2309EVAL\User</Data>
    </EventData>
    <RenderingInfo Culture=""en-US"">
      <Message>File created:

RuleName: DLL

UtcTime: 2023-12-27 22:12:22.264

ProcessGuid: {f57bd86a-a127-658c-c601-000000000f00}

ProcessId: 868

Image: C:\Windows\System32\WindowsPowerShell\v1.0\powershell.exe

TargetFilename: C:\Users\User\AppData\Local\Temp\chrome-win\libEGL.dll

CreationUtcTime: 2023-12-27 22:12:22.264

User: WINDEV2309EVAL\User</Message>
      <Level>Information</Level>
      <Task>File created (rule: FileCreate)</Task>
      <Opcode>Info</Opcode>
    </RenderingInfo>
  </Event>
  
"
Microsoft-Windows-Sysmon/Operational,,,WinDev2309Eval,2023-12-27 22:12:19.561,,,,,,,,11,19588,,,C:\Windows\System32\WindowsPowerShell\v1.0\powershell.exe,,,0x8000000000000000,Information,,,"File created:

RuleName: EXE

UtcTime: 2023-12-27 22:12:19.561

ProcessGuid: {f57bd86a-a127-658c-c601-000000000f00}

ProcessId: 868

Image: C:\Windows\System32\WindowsPowerShell\v1.0\powershell.exe

TargetFilename: C:\Users\User\AppData\Local\Temp\chrome-win\interactive_ui_tests.exe

CreationUtcTime: 2023-12-27 22:12:19.561

User: WINDEV2309EVAL\User",Info,,,,,,,,{f57bd86a-a127-658c-c601-000000000f00},3588,868,,,,,,"
      ",EXE,,,,,,2023-12-27T22:12:19.5756659Z,C:\Users\User\AppData\Local\Temp\chrome-win\interactive_ui_tests.exe,File created (rule: FileCreate),,5124,WINDEV2309EVAL\User,S-1-5-18,2023-12-27 22:12:19.561,2,"<Event xmlns=""http://schemas.microsoft.com/win/2004/08/events/event"">
    <System>
      <Provider Name=""Microsoft-Windows-Sysmon"" Guid=""{5770385f-c22a-43e0-bf4c-06f5698ffbd9}""/>
      <EventID>11</EventID>
      <Version>2</Version>
      <Level>4</Level>
      <Task>11</Task>
      <Opcode>0</Opcode>
      <Keywords>0x8000000000000000</Keywords>
      <TimeCreated SystemTime=""2023-12-27T22:12:19.5756659Z""/>
      <EventRecordID>19588</EventRecordID>
      <Correlation/>
      <Execution ProcessID=""3588"" ThreadID=""5124""/>
      <Channel>Microsoft-Windows-Sysmon/Operational</Channel>
      <Computer>WinDev2309Eval</Computer>
      <Security UserID=""S-1-5-18""/>
    </System>
    <EventData>
      <Data Name=""RuleName"">EXE</Data>
      <Data Name=""UtcTime"">2023-12-27 22:12:19.561</Data>
      <Data Name=""ProcessGuid"">{f57bd86a-a127-658c-c601-000000000f00}</Data>
      <Data Name=""ProcessId"">868</Data>
      <Data Name=""Image"">C:\Windows\System32\WindowsPowerShell\v1.0\powershell.exe</Data>
      <Data Name=""TargetFilename"">C:\Users\User\AppData\Local\Temp\chrome-win\interactive_ui_tests.exe</Data>
      <Data Name=""CreationUtcTime"">2023-12-27 22:12:19.561</Data>
      <Data Name=""User"">WINDEV2309EVAL\User</Data>
    </EventData>
    <RenderingInfo Culture=""en-US"">
      <Message>File created:

RuleName: EXE

UtcTime: 2023-12-27 22:12:19.561

ProcessGuid: {f57bd86a-a127-658c-c601-000000000f00}

ProcessId: 868

Image: C:\Windows\System32\WindowsPowerShell\v1.0\powershell.exe

TargetFilename: C:\Users\User\AppData\Local\Temp\chrome-win\interactive_ui_tests.exe

CreationUtcTime: 2023-12-27 22:12:19.561

User: WINDEV2309EVAL\User</Message>
      <Level>Information</Level>
      <Task>File created (rule: FileCreate)</Task>
      <Opcode>Info</Opcode>
    </RenderingInfo>
  </Event>
  
"
Microsoft-Windows-Sysmon/Operational,,,WinDev2309Eval,2023-12-27 22:12:19.354,,,,,,,,11,19587,,,C:\Windows\System32\WindowsPowerShell\v1.0\powershell.exe,,,0x8000000000000000,Information,,,"File created:

RuleName: DLL

UtcTime: 2023-12-27 22:12:19.354

ProcessGuid: {f57bd86a-a127-658c-c601-000000000f00}

ProcessId: 868

Image: C:\Windows\System32\WindowsPowerShell\v1.0\powershell.exe

TargetFilename: C:\Users\User\AppData\Local\Temp\chrome-win\eventlog_provider.dll

CreationUtcTime: 2023-12-27 22:12:19.354

User: WINDEV2309EVAL\User",Info,,,,,,,,{f57bd86a-a127-658c-c601-000000000f00},3588,868,,,,,,"
      ",DLL,,,,,,2023-12-27T22:12:19.3587982Z,C:\Users\User\AppData\Local\Temp\chrome-win\eventlog_provider.dll,File created (rule: FileCreate),,5124,WINDEV2309EVAL\User,S-1-5-18,2023-12-27 22:12:19.354,2,"<Event xmlns=""http://schemas.microsoft.com/win/2004/08/events/event"">
    <System>
      <Provider Name=""Microsoft-Windows-Sysmon"" Guid=""{5770385f-c22a-43e0-bf4c-06f5698ffbd9}""/>
      <EventID>11</EventID>
      <Version>2</Version>
      <Level>4</Level>
      <Task>11</Task>
      <Opcode>0</Opcode>
      <Keywords>0x8000000000000000</Keywords>
      <TimeCreated SystemTime=""2023-12-27T22:12:19.3587982Z""/>
      <EventRecordID>19587</EventRecordID>
      <Correlation/>
      <Execution ProcessID=""3588"" ThreadID=""5124""/>
      <Channel>Microsoft-Windows-Sysmon/Operational</Channel>
      <Computer>WinDev2309Eval</Computer>
      <Security UserID=""S-1-5-18""/>
    </System>
    <EventData>
      <Data Name=""RuleName"">DLL</Data>
      <Data Name=""UtcTime"">2023-12-27 22:12:19.354</Data>
      <Data Name=""ProcessGuid"">{f57bd86a-a127-658c-c601-000000000f00}</Data>
      <Data Name=""ProcessId"">868</Data>
      <Data Name=""Image"">C:\Windows\System32\WindowsPowerShell\v1.0\powershell.exe</Data>
      <Data Name=""TargetFilename"">C:\Users\User\AppData\Local\Temp\chrome-win\eventlog_provider.dll</Data>
      <Data Name=""CreationUtcTime"">2023-12-27 22:12:19.354</Data>
      <Data Name=""User"">WINDEV2309EVAL\User</Data>
    </EventData>
    <RenderingInfo Culture=""en-US"">
      <Message>File created:

RuleName: DLL

UtcTime: 2023-12-27 22:12:19.354

ProcessGuid: {f57bd86a-a127-658c-c601-000000000f00}

ProcessId: 868

Image: C:\Windows\System32\WindowsPowerShell\v1.0\powershell.exe

TargetFilename: C:\Users\User\AppData\Local\Temp\chrome-win\eventlog_provider.dll

CreationUtcTime: 2023-12-27 22:12:19.354

User: WINDEV2309EVAL\User</Message>
      <Level>Information</Level>
      <Task>File created (rule: FileCreate)</Task>
      <Opcode>Info</Opcode>
    </RenderingInfo>
  </Event>
  
"
Microsoft-Windows-Sysmon/Operational,,,WinDev2309Eval,2023-12-27 22:12:19.287,,,,,,,,11,19586,,,C:\Windows\System32\WindowsPowerShell\v1.0\powershell.exe,,,0x8000000000000000,Information,,,"File created:

RuleName: EXE

UtcTime: 2023-12-27 22:12:19.287

ProcessGuid: {f57bd86a-a127-658c-c601-000000000f00}

ProcessId: 868

Image: C:\Windows\System32\WindowsPowerShell\v1.0\powershell.exe

TargetFilename: C:\Users\User\AppData\Local\Temp\chrome-win\elevation_service.exe

CreationUtcTime: 2023-12-27 22:12:19.287

User: WINDEV2309EVAL\User",Info,,,,,,,,{f57bd86a-a127-658c-c601-000000000f00},3588,868,,,,,,"
      ",EXE,,,,,,2023-12-27T22:12:19.2926561Z,C:\Users\User\AppData\Local\Temp\chrome-win\elevation_service.exe,File created (rule: FileCreate),,5124,WINDEV2309EVAL\User,S-1-5-18,2023-12-27 22:12:19.287,2,"<Event xmlns=""http://schemas.microsoft.com/win/2004/08/events/event"">
    <System>
      <Provider Name=""Microsoft-Windows-Sysmon"" Guid=""{5770385f-c22a-43e0-bf4c-06f5698ffbd9}""/>
      <EventID>11</EventID>
      <Version>2</Version>
      <Level>4</Level>
      <Task>11</Task>
      <Opcode>0</Opcode>
      <Keywords>0x8000000000000000</Keywords>
      <TimeCreated SystemTime=""2023-12-27T22:12:19.2926561Z""/>
      <EventRecordID>19586</EventRecordID>
      <Correlation/>
      <Execution ProcessID=""3588"" ThreadID=""5124""/>
      <Channel>Microsoft-Windows-Sysmon/Operational</Channel>
      <Computer>WinDev2309Eval</Computer>
      <Security UserID=""S-1-5-18""/>
    </System>
    <EventData>
      <Data Name=""RuleName"">EXE</Data>
      <Data Name=""UtcTime"">2023-12-27 22:12:19.287</Data>
      <Data Name=""ProcessGuid"">{f57bd86a-a127-658c-c601-000000000f00}</Data>
      <Data Name=""ProcessId"">868</Data>
      <Data Name=""Image"">C:\Windows\System32\WindowsPowerShell\v1.0\powershell.exe</Data>
      <Data Name=""TargetFilename"">C:\Users\User\AppData\Local\Temp\chrome-win\elevation_service.exe</Data>
      <Data Name=""CreationUtcTime"">2023-12-27 22:12:19.287</Data>
      <Data Name=""User"">WINDEV2309EVAL\User</Data>
    </EventData>
    <RenderingInfo Culture=""en-US"">
      <Message>File created:

RuleName: EXE

UtcTime: 2023-12-27 22:12:19.287

ProcessGuid: {f57bd86a-a127-658c-c601-000000000f00}

ProcessId: 868

Image: C:\Windows\System32\WindowsPowerShell\v1.0\powershell.exe

TargetFilename: C:\Users\User\AppData\Local\Temp\chrome-win\elevation_service.exe

CreationUtcTime: 2023-12-27 22:12:19.287

User: WINDEV2309EVAL\User</Message>
      <Level>Information</Level>
      <Task>File created (rule: FileCreate)</Task>
      <Opcode>Info</Opcode>
    </RenderingInfo>
  </Event>
  
"
Microsoft-Windows-Sysmon/Operational,,,WinDev2309Eval,2023-12-27 22:12:19.239,,,,,,,,11,19585,,,C:\Windows\System32\WindowsPowerShell\v1.0\powershell.exe,,,0x8000000000000000,Information,,,"File created:

RuleName: DLL

UtcTime: 2023-12-27 22:12:19.239

ProcessGuid: {f57bd86a-a127-658c-c601-000000000f00}

ProcessId: 868

Image: C:\Windows\System32\WindowsPowerShell\v1.0\powershell.exe

TargetFilename: C:\Users\User\AppData\Local\Temp\chrome-win\chrome_wer.dll

CreationUtcTime: 2023-12-27 22:12:19.239

User: WINDEV2309EVAL\User",Info,,,,,,,,{f57bd86a-a127-658c-c601-000000000f00},3588,868,,,,,,"
      ",DLL,,,,,,2023-12-27T22:12:19.2523400Z,C:\Users\User\AppData\Local\Temp\chrome-win\chrome_wer.dll,File created (rule: FileCreate),,5124,WINDEV2309EVAL\User,S-1-5-18,2023-12-27 22:12:19.239,2,"<Event xmlns=""http://schemas.microsoft.com/win/2004/08/events/event"">
    <System>
      <Provider Name=""Microsoft-Windows-Sysmon"" Guid=""{5770385f-c22a-43e0-bf4c-06f5698ffbd9}""/>
      <EventID>11</EventID>
      <Version>2</Version>
      <Level>4</Level>
      <Task>11</Task>
      <Opcode>0</Opcode>
      <Keywords>0x8000000000000000</Keywords>
      <TimeCreated SystemTime=""2023-12-27T22:12:19.2523400Z""/>
      <EventRecordID>19585</EventRecordID>
      <Correlation/>
      <Execution ProcessID=""3588"" ThreadID=""5124""/>
      <Channel>Microsoft-Windows-Sysmon/Operational</Channel>
      <Computer>WinDev2309Eval</Computer>
      <Security UserID=""S-1-5-18""/>
    </System>
    <EventData>
      <Data Name=""RuleName"">DLL</Data>
      <Data Name=""UtcTime"">2023-12-27 22:12:19.239</Data>
      <Data Name=""ProcessGuid"">{f57bd86a-a127-658c-c601-000000000f00}</Data>
      <Data Name=""ProcessId"">868</Data>
      <Data Name=""Image"">C:\Windows\System32\WindowsPowerShell\v1.0\powershell.exe</Data>
      <Data Name=""TargetFilename"">C:\Users\User\AppData\Local\Temp\chrome-win\chrome_wer.dll</Data>
      <Data Name=""CreationUtcTime"">2023-12-27 22:12:19.239</Data>
      <Data Name=""User"">WINDEV2309EVAL\User</Data>
    </EventData>
    <RenderingInfo Culture=""en-US"">
      <Message>File created:

RuleName: DLL

UtcTime: 2023-12-27 22:12:19.239

ProcessGuid: {f57bd86a-a127-658c-c601-000000000f00}

ProcessId: 868

Image: C:\Windows\System32\WindowsPowerShell\v1.0\powershell.exe

TargetFilename: C:\Users\User\AppData\Local\Temp\chrome-win\chrome_wer.dll

CreationUtcTime: 2023-12-27 22:12:19.239

User: WINDEV2309EVAL\User</Message>
      <Level>Information</Level>
      <Task>File created (rule: FileCreate)</Task>
      <Opcode>Info</Opcode>
    </RenderingInfo>
  </Event>
  
"
Microsoft-Windows-Sysmon/Operational,,,WinDev2309Eval,2023-12-27 22:12:19.177,,,,,,,,11,19584,,,C:\Windows\System32\WindowsPowerShell\v1.0\powershell.exe,,,0x8000000000000000,Information,,,"File created:

RuleName: EXE

UtcTime: 2023-12-27 22:12:19.193

ProcessGuid: {f57bd86a-a127-658c-c601-000000000f00}

ProcessId: 868

Image: C:\Windows\System32\WindowsPowerShell\v1.0\powershell.exe

TargetFilename: C:\Users\User\AppData\Local\Temp\chrome-win\chrome_pwa_launcher.exe

CreationUtcTime: 2023-12-27 22:12:19.177

User: WINDEV2309EVAL\User",Info,,,,,,,,{f57bd86a-a127-658c-c601-000000000f00},3588,868,,,,,,"
      ",EXE,,,,,,2023-12-27T22:12:19.1931791Z,C:\Users\User\AppData\Local\Temp\chrome-win\chrome_pwa_launcher.exe,File created (rule: FileCreate),,5124,WINDEV2309EVAL\User,S-1-5-18,2023-12-27 22:12:19.193,2,"<Event xmlns=""http://schemas.microsoft.com/win/2004/08/events/event"">
    <System>
      <Provider Name=""Microsoft-Windows-Sysmon"" Guid=""{5770385f-c22a-43e0-bf4c-06f5698ffbd9}""/>
      <EventID>11</EventID>
      <Version>2</Version>
      <Level>4</Level>
      <Task>11</Task>
      <Opcode>0</Opcode>
      <Keywords>0x8000000000000000</Keywords>
      <TimeCreated SystemTime=""2023-12-27T22:12:19.1931791Z""/>
      <EventRecordID>19584</EventRecordID>
      <Correlation/>
      <Execution ProcessID=""3588"" ThreadID=""5124""/>
      <Channel>Microsoft-Windows-Sysmon/Operational</Channel>
      <Computer>WinDev2309Eval</Computer>
      <Security UserID=""S-1-5-18""/>
    </System>
    <EventData>
      <Data Name=""RuleName"">EXE</Data>
      <Data Name=""UtcTime"">2023-12-27 22:12:19.193</Data>
      <Data Name=""ProcessGuid"">{f57bd86a-a127-658c-c601-000000000f00}</Data>
      <Data Name=""ProcessId"">868</Data>
      <Data Name=""Image"">C:\Windows\System32\WindowsPowerShell\v1.0\powershell.exe</Data>
      <Data Name=""TargetFilename"">C:\Users\User\AppData\Local\Temp\chrome-win\chrome_pwa_launcher.exe</Data>
      <Data Name=""CreationUtcTime"">2023-12-27 22:12:19.177</Data>
      <Data Name=""User"">WINDEV2309EVAL\User</Data>
    </EventData>
    <RenderingInfo Culture=""en-US"">
      <Message>File created:

RuleName: EXE

UtcTime: 2023-12-27 22:12:19.193

ProcessGuid: {f57bd86a-a127-658c-c601-000000000f00}

ProcessId: 868

Image: C:\Windows\System32\WindowsPowerShell\v1.0\powershell.exe

TargetFilename: C:\Users\User\AppData\Local\Temp\chrome-win\chrome_pwa_launcher.exe

CreationUtcTime: 2023-12-27 22:12:19.177

User: WINDEV2309EVAL\User</Message>
      <Level>Information</Level>
      <Task>File created (rule: FileCreate)</Task>
      <Opcode>Info</Opcode>
    </RenderingInfo>
  </Event>
  
"
Microsoft-Windows-Sysmon/Operational,,,WinDev2309Eval,2023-12-27 22:12:19.130,,,,,,,,11,19583,,,C:\Windows\System32\WindowsPowerShell\v1.0\powershell.exe,,,0x8000000000000000,Information,,,"File created:

RuleName: EXE

UtcTime: 2023-12-27 22:12:19.130

ProcessGuid: {f57bd86a-a127-658c-c601-000000000f00}

ProcessId: 868

Image: C:\Windows\System32\WindowsPowerShell\v1.0\powershell.exe

TargetFilename: C:\Users\User\AppData\Local\Temp\chrome-win\chrome_proxy.exe

CreationUtcTime: 2023-12-27 22:12:19.130

User: WINDEV2309EVAL\User",Info,,,,,,,,{f57bd86a-a127-658c-c601-000000000f00},3588,868,,,,,,"
      ",EXE,,,,,,2023-12-27T22:12:19.1360034Z,C:\Users\User\AppData\Local\Temp\chrome-win\chrome_proxy.exe,File created (rule: FileCreate),,5124,WINDEV2309EVAL\User,S-1-5-18,2023-12-27 22:12:19.130,2,"<Event xmlns=""http://schemas.microsoft.com/win/2004/08/events/event"">
    <System>
      <Provider Name=""Microsoft-Windows-Sysmon"" Guid=""{5770385f-c22a-43e0-bf4c-06f5698ffbd9}""/>
      <EventID>11</EventID>
      <Version>2</Version>
      <Level>4</Level>
      <Task>11</Task>
      <Opcode>0</Opcode>
      <Keywords>0x8000000000000000</Keywords>
      <TimeCreated SystemTime=""2023-12-27T22:12:19.1360034Z""/>
      <EventRecordID>19583</EventRecordID>
      <Correlation/>
      <Execution ProcessID=""3588"" ThreadID=""5124""/>
      <Channel>Microsoft-Windows-Sysmon/Operational</Channel>
      <Computer>WinDev2309Eval</Computer>
      <Security UserID=""S-1-5-18""/>
    </System>
    <EventData>
      <Data Name=""RuleName"">EXE</Data>
      <Data Name=""UtcTime"">2023-12-27 22:12:19.130</Data>
      <Data Name=""ProcessGuid"">{f57bd86a-a127-658c-c601-000000000f00}</Data>
      <Data Name=""ProcessId"">868</Data>
      <Data Name=""Image"">C:\Windows\System32\WindowsPowerShell\v1.0\powershell.exe</Data>
      <Data Name=""TargetFilename"">C:\Users\User\AppData\Local\Temp\chrome-win\chrome_proxy.exe</Data>
      <Data Name=""CreationUtcTime"">2023-12-27 22:12:19.130</Data>
      <Data Name=""User"">WINDEV2309EVAL\User</Data>
    </EventData>
    <RenderingInfo Culture=""en-US"">
      <Message>File created:

RuleName: EXE

UtcTime: 2023-12-27 22:12:19.130

ProcessGuid: {f57bd86a-a127-658c-c601-000000000f00}

ProcessId: 868

Image: C:\Windows\System32\WindowsPowerShell\v1.0\powershell.exe

TargetFilename: C:\Users\User\AppData\Local\Temp\chrome-win\chrome_proxy.exe

CreationUtcTime: 2023-12-27 22:12:19.130

User: WINDEV2309EVAL\User</Message>
      <Level>Information</Level>
      <Task>File created (rule: FileCreate)</Task>
      <Opcode>Info</Opcode>
    </RenderingInfo>
  </Event>
  
"
Microsoft-Windows-Sysmon/Operational,,,WinDev2309Eval,2023-12-27 22:12:19.068,,,,,,,,11,19582,,,C:\Windows\System32\WindowsPowerShell\v1.0\powershell.exe,,,0x8000000000000000,Information,,,"File created:

RuleName: DLL

UtcTime: 2023-12-27 22:12:19.068

ProcessGuid: {f57bd86a-a127-658c-c601-000000000f00}

ProcessId: 868

Image: C:\Windows\System32\WindowsPowerShell\v1.0\powershell.exe

TargetFilename: C:\Users\User\AppData\Local\Temp\chrome-win\chrome_elf.dll

CreationUtcTime: 2023-12-27 22:12:19.068

User: WINDEV2309EVAL\User",Info,,,,,,,,{f57bd86a-a127-658c-c601-000000000f00},3588,868,,,,,,"
      ",DLL,,,,,,2023-12-27T22:12:19.0810146Z,C:\Users\User\AppData\Local\Temp\chrome-win\chrome_elf.dll,File created (rule: FileCreate),,5124,WINDEV2309EVAL\User,S-1-5-18,2023-12-27 22:12:19.068,2,"<Event xmlns=""http://schemas.microsoft.com/win/2004/08/events/event"">
    <System>
      <Provider Name=""Microsoft-Windows-Sysmon"" Guid=""{5770385f-c22a-43e0-bf4c-06f5698ffbd9}""/>
      <EventID>11</EventID>
      <Version>2</Version>
      <Level>4</Level>
      <Task>11</Task>
      <Opcode>0</Opcode>
      <Keywords>0x8000000000000000</Keywords>
      <TimeCreated SystemTime=""2023-12-27T22:12:19.0810146Z""/>
      <EventRecordID>19582</EventRecordID>
      <Correlation/>
      <Execution ProcessID=""3588"" ThreadID=""5124""/>
      <Channel>Microsoft-Windows-Sysmon/Operational</Channel>
      <Computer>WinDev2309Eval</Computer>
      <Security UserID=""S-1-5-18""/>
    </System>
    <EventData>
      <Data Name=""RuleName"">DLL</Data>
      <Data Name=""UtcTime"">2023-12-27 22:12:19.068</Data>
      <Data Name=""ProcessGuid"">{f57bd86a-a127-658c-c601-000000000f00}</Data>
      <Data Name=""ProcessId"">868</Data>
      <Data Name=""Image"">C:\Windows\System32\WindowsPowerShell\v1.0\powershell.exe</Data>
      <Data Name=""TargetFilename"">C:\Users\User\AppData\Local\Temp\chrome-win\chrome_elf.dll</Data>
      <Data Name=""CreationUtcTime"">2023-12-27 22:12:19.068</Data>
      <Data Name=""User"">WINDEV2309EVAL\User</Data>
    </EventData>
    <RenderingInfo Culture=""en-US"">
      <Message>File created:

RuleName: DLL

UtcTime: 2023-12-27 22:12:19.068

ProcessGuid: {f57bd86a-a127-658c-c601-000000000f00}

ProcessId: 868

Image: C:\Windows\System32\WindowsPowerShell\v1.0\powershell.exe

TargetFilename: C:\Users\User\AppData\Local\Temp\chrome-win\chrome_elf.dll

CreationUtcTime: 2023-12-27 22:12:19.068

User: WINDEV2309EVAL\User</Message>
      <Level>Information</Level>
      <Task>File created (rule: FileCreate)</Task>
      <Opcode>Info</Opcode>
    </RenderingInfo>
  </Event>
  
"
Microsoft-Windows-Sysmon/Operational,,,WinDev2309Eval,2023-12-27 22:12:18.894,,,,,,,,11,19581,,,C:\Windows\System32\WindowsPowerShell\v1.0\powershell.exe,,,0x8000000000000000,Information,,,"File created:

RuleName: EXE

UtcTime: 2023-12-27 22:12:18.894

ProcessGuid: {f57bd86a-a127-658c-c601-000000000f00}

ProcessId: 868

Image: C:\Windows\System32\WindowsPowerShell\v1.0\powershell.exe

TargetFilename: C:\Users\User\AppData\Local\Temp\chrome-win\chrome.exe

CreationUtcTime: 2023-12-27 22:12:18.894

User: WINDEV2309EVAL\User",Info,,,,,,,,{f57bd86a-a127-658c-c601-000000000f00},3588,868,,,,,,"
      ",EXE,,,,,,2023-12-27T22:12:18.8987453Z,C:\Users\User\AppData\Local\Temp\chrome-win\chrome.exe,File created (rule: FileCreate),,5124,WINDEV2309EVAL\User,S-1-5-18,2023-12-27 22:12:18.894,2,"<Event xmlns=""http://schemas.microsoft.com/win/2004/08/events/event"">
    <System>
      <Provider Name=""Microsoft-Windows-Sysmon"" Guid=""{5770385f-c22a-43e0-bf4c-06f5698ffbd9}""/>
      <EventID>11</EventID>
      <Version>2</Version>
      <Level>4</Level>
      <Task>11</Task>
      <Opcode>0</Opcode>
      <Keywords>0x8000000000000000</Keywords>
      <TimeCreated SystemTime=""2023-12-27T22:12:18.8987453Z""/>
      <EventRecordID>19581</EventRecordID>
      <Correlation/>
      <Execution ProcessID=""3588"" ThreadID=""5124""/>
      <Channel>Microsoft-Windows-Sysmon/Operational</Channel>
      <Computer>WinDev2309Eval</Computer>
      <Security UserID=""S-1-5-18""/>
    </System>
    <EventData>
      <Data Name=""RuleName"">EXE</Data>
      <Data Name=""UtcTime"">2023-12-27 22:12:18.894</Data>
      <Data Name=""ProcessGuid"">{f57bd86a-a127-658c-c601-000000000f00}</Data>
      <Data Name=""ProcessId"">868</Data>
      <Data Name=""Image"">C:\Windows\System32\WindowsPowerShell\v1.0\powershell.exe</Data>
      <Data Name=""TargetFilename"">C:\Users\User\AppData\Local\Temp\chrome-win\chrome.exe</Data>
      <Data Name=""CreationUtcTime"">2023-12-27 22:12:18.894</Data>
      <Data Name=""User"">WINDEV2309EVAL\User</Data>
    </EventData>
    <RenderingInfo Culture=""en-US"">
      <Message>File created:

RuleName: EXE

UtcTime: 2023-12-27 22:12:18.894

ProcessGuid: {f57bd86a-a127-658c-c601-000000000f00}

ProcessId: 868

Image: C:\Windows\System32\WindowsPowerShell\v1.0\powershell.exe

TargetFilename: C:\Users\User\AppData\Local\Temp\chrome-win\chrome.exe

CreationUtcTime: 2023-12-27 22:12:18.894

User: WINDEV2309EVAL\User</Message>
      <Level>Information</Level>
      <Task>File created (rule: FileCreate)</Task>
      <Opcode>Info</Opcode>
    </RenderingInfo>
  </Event>
  
"
Microsoft-Windows-Sysmon/Operational,,,WinDev2309Eval,,,,,,,,,22,19580,,,C:\Windows\System32\WindowsPowerShell\v1.0\powershell.exe,,,0x8000000000000000,Information,,,"Dns query:

RuleName: -

UtcTime: 2023-12-27 14:52:46.485

ProcessGuid: {f57bd86a-a127-658c-c601-000000000f00}

ProcessId: 868

QueryName: github.com

QueryStatus: 0

QueryResults: ::ffff:140.82.121.4;

Image: C:\Windows\System32\WindowsPowerShell\v1.0\powershell.exe

User: WINDEV2309EVAL\User",Info,,,,,,,,{f57bd86a-a127-658c-c601-000000000f00},3588,868,,,github.com,::ffff:140.82.121.4;,0,"
      ",-,,,,,,2023-12-27T22:12:16.7500211Z,,Dns query (rule: DnsQuery),,5164,WINDEV2309EVAL\User,S-1-5-18,2023-12-27 14:52:46.485,5,"<Event xmlns=""http://schemas.microsoft.com/win/2004/08/events/event"">
    <System>
      <Provider Name=""Microsoft-Windows-Sysmon"" Guid=""{5770385f-c22a-43e0-bf4c-06f5698ffbd9}""/>
      <EventID>22</EventID>
      <Version>5</Version>
      <Level>4</Level>
      <Task>22</Task>
      <Opcode>0</Opcode>
      <Keywords>0x8000000000000000</Keywords>
      <TimeCreated SystemTime=""2023-12-27T22:12:16.7500211Z""/>
      <EventRecordID>19580</EventRecordID>
      <Correlation/>
      <Execution ProcessID=""3588"" ThreadID=""5164""/>
      <Channel>Microsoft-Windows-Sysmon/Operational</Channel>
      <Computer>WinDev2309Eval</Computer>
      <Security UserID=""S-1-5-18""/>
    </System>
    <EventData>
      <Data Name=""RuleName"">-</Data>
      <Data Name=""UtcTime"">2023-12-27 14:52:46.485</Data>
      <Data Name=""ProcessGuid"">{f57bd86a-a127-658c-c601-000000000f00}</Data>
      <Data Name=""ProcessId"">868</Data>
      <Data Name=""QueryName"">github.com</Data>
      <Data Name=""QueryStatus"">0</Data>
      <Data Name=""QueryResults"">::ffff:140.82.121.4;</Data>
      <Data Name=""Image"">C:\Windows\System32\WindowsPowerShell\v1.0\powershell.exe</Data>
      <Data Name=""User"">WINDEV2309EVAL\User</Data>
    </EventData>
    <RenderingInfo Culture=""en-US"">
      <Message>Dns query:

RuleName: -

UtcTime: 2023-12-27 14:52:46.485

ProcessGuid: {f57bd86a-a127-658c-c601-000000000f00}

ProcessId: 868

QueryName: github.com

QueryStatus: 0

QueryResults: ::ffff:140.82.121.4;

Image: C:\Windows\System32\WindowsPowerShell\v1.0\powershell.exe

User: WINDEV2309EVAL\User</Message>
      <Level>Information</Level>
      <Task>Dns query (rule: DnsQuery)</Task>
      <Opcode>Info</Opcode>
    </RenderingInfo>
  </Event>
  
"
Microsoft-Windows-Sysmon/Operational,,,WinDev2309Eval,2023-12-27 22:12:16.285,,,,,,,,11,19579,,,C:\Windows\System32\WindowsPowerShell\v1.0\powershell.exe,,,0x8000000000000000,Information,,,"File created:

RuleName: DLL

UtcTime: 2023-12-27 22:12:16.285

ProcessGuid: {f57bd86a-a127-658c-c601-000000000f00}

ProcessId: 868

Image: C:\Windows\System32\WindowsPowerShell\v1.0\powershell.exe

TargetFilename: C:\Users\User\AppData\Local\Temp\chrome-win\chrome.dll

CreationUtcTime: 2023-12-27 22:12:16.285

User: WINDEV2309EVAL\User",Info,,,,,,,,{f57bd86a-a127-658c-c601-000000000f00},3588,868,,,,,,"
      ",DLL,,,,,,2023-12-27T22:12:16.2931774Z,C:\Users\User\AppData\Local\Temp\chrome-win\chrome.dll,File created (rule: FileCreate),,5124,WINDEV2309EVAL\User,S-1-5-18,2023-12-27 22:12:16.285,2,"<Event xmlns=""http://schemas.microsoft.com/win/2004/08/events/event"">
    <System>
      <Provider Name=""Microsoft-Windows-Sysmon"" Guid=""{5770385f-c22a-43e0-bf4c-06f5698ffbd9}""/>
      <EventID>11</EventID>
      <Version>2</Version>
      <Level>4</Level>
      <Task>11</Task>
      <Opcode>0</Opcode>
      <Keywords>0x8000000000000000</Keywords>
      <TimeCreated SystemTime=""2023-12-27T22:12:16.2931774Z""/>
      <EventRecordID>19579</EventRecordID>
      <Correlation/>
      <Execution ProcessID=""3588"" ThreadID=""5124""/>
      <Channel>Microsoft-Windows-Sysmon/Operational</Channel>
      <Computer>WinDev2309Eval</Computer>
      <Security UserID=""S-1-5-18""/>
    </System>
    <EventData>
      <Data Name=""RuleName"">DLL</Data>
      <Data Name=""UtcTime"">2023-12-27 22:12:16.285</Data>
      <Data Name=""ProcessGuid"">{f57bd86a-a127-658c-c601-000000000f00}</Data>
      <Data Name=""ProcessId"">868</Data>
      <Data Name=""Image"">C:\Windows\System32\WindowsPowerShell\v1.0\powershell.exe</Data>
      <Data Name=""TargetFilename"">C:\Users\User\AppData\Local\Temp\chrome-win\chrome.dll</Data>
      <Data Name=""CreationUtcTime"">2023-12-27 22:12:16.285</Data>
      <Data Name=""User"">WINDEV2309EVAL\User</Data>
    </EventData>
    <RenderingInfo Culture=""en-US"">
      <Message>File created:

RuleName: DLL

UtcTime: 2023-12-27 22:12:16.285

ProcessGuid: {f57bd86a-a127-658c-c601-000000000f00}

ProcessId: 868

Image: C:\Windows\System32\WindowsPowerShell\v1.0\powershell.exe

TargetFilename: C:\Users\User\AppData\Local\Temp\chrome-win\chrome.dll

CreationUtcTime: 2023-12-27 22:12:16.285

User: WINDEV2309EVAL\User</Message>
      <Level>Information</Level>
      <Task>File created (rule: FileCreate)</Task>
      <Opcode>Info</Opcode>
    </RenderingInfo>
  </Event>
  
"
Microsoft-Windows-Sysmon/Operational,,,WinDev2309Eval,2023-12-27 22:12:16.080,,,,,,,,11,19578,,,C:\Windows\System32\WindowsPowerShell\v1.0\powershell.exe,,,0x8000000000000000,Information,,,"File created:

RuleName: DLL

UtcTime: 2023-12-27 22:12:16.096

ProcessGuid: {f57bd86a-a127-658c-c601-000000000f00}

ProcessId: 868

Image: C:\Windows\System32\WindowsPowerShell\v1.0\powershell.exe

TargetFilename: C:\Users\User\AppData\Local\Temp\chrome-win\D3DCompiler_47.dll

CreationUtcTime: 2023-12-27 22:12:16.080

User: WINDEV2309EVAL\User",Info,,,,,,,,{f57bd86a-a127-658c-c601-000000000f00},3588,868,,,,,,"
      ",DLL,,,,,,2023-12-27T22:12:16.0963682Z,C:\Users\User\AppData\Local\Temp\chrome-win\D3DCompiler_47.dll,File created (rule: FileCreate),,5124,WINDEV2309EVAL\User,S-1-5-18,2023-12-27 22:12:16.096,2,"<Event xmlns=""http://schemas.microsoft.com/win/2004/08/events/event"">
    <System>
      <Provider Name=""Microsoft-Windows-Sysmon"" Guid=""{5770385f-c22a-43e0-bf4c-06f5698ffbd9}""/>
      <EventID>11</EventID>
      <Version>2</Version>
      <Level>4</Level>
      <Task>11</Task>
      <Opcode>0</Opcode>
      <Keywords>0x8000000000000000</Keywords>
      <TimeCreated SystemTime=""2023-12-27T22:12:16.0963682Z""/>
      <EventRecordID>19578</EventRecordID>
      <Correlation/>
      <Execution ProcessID=""3588"" ThreadID=""5124""/>
      <Channel>Microsoft-Windows-Sysmon/Operational</Channel>
      <Computer>WinDev2309Eval</Computer>
      <Security UserID=""S-1-5-18""/>
    </System>
    <EventData>
      <Data Name=""RuleName"">DLL</Data>
      <Data Name=""UtcTime"">2023-12-27 22:12:16.096</Data>
      <Data Name=""ProcessGuid"">{f57bd86a-a127-658c-c601-000000000f00}</Data>
      <Data Name=""ProcessId"">868</Data>
      <Data Name=""Image"">C:\Windows\System32\WindowsPowerShell\v1.0\powershell.exe</Data>
      <Data Name=""TargetFilename"">C:\Users\User\AppData\Local\Temp\chrome-win\D3DCompiler_47.dll</Data>
      <Data Name=""CreationUtcTime"">2023-12-27 22:12:16.080</Data>
      <Data Name=""User"">WINDEV2309EVAL\User</Data>
    </EventData>
    <RenderingInfo Culture=""en-US"">
      <Message>File created:

RuleName: DLL

UtcTime: 2023-12-27 22:12:16.096

ProcessGuid: {f57bd86a-a127-658c-c601-000000000f00}

ProcessId: 868

Image: C:\Windows\System32\WindowsPowerShell\v1.0\powershell.exe

TargetFilename: C:\Users\User\AppData\Local\Temp\chrome-win\D3DCompiler_47.dll

CreationUtcTime: 2023-12-27 22:12:16.080

User: WINDEV2309EVAL\User</Message>
      <Level>Information</Level>
      <Task>File created (rule: FileCreate)</Task>
      <Opcode>Info</Opcode>
    </RenderingInfo>
  </Event>
  
"
Microsoft-Windows-Sysmon/Operational,,,WinDev2309Eval,,,,lb-140-82-121-4-fra.github.com,140.82.121.4,false,443,https,3,19577,,,C:\Windows\System32\WindowsPowerShell\v1.0\powershell.exe,true,,0x8000000000000000,Information,,,"Network connection detected:

RuleName: -

UtcTime: 2023-12-27 14:52:46.484

ProcessGuid: {f57bd86a-a127-658c-c601-000000000f00}

ProcessId: 868

Image: C:\Windows\System32\WindowsPowerShell\v1.0\powershell.exe

User: WINDEV2309EVAL\User

Protocol: tcp

Initiated: true

SourceIsIpv6: false

SourceIp: 192.168.126.163

SourceHostname: WinDev2309Eval.localdomain

SourcePort: 50092

SourcePortName: -

DestinationIsIpv6: false

DestinationIp: 140.82.121.4

DestinationHostname: lb-140-82-121-4-fra.github.com

DestinationPort: 443

DestinationPortName: https",Info,,,,,,,,{f57bd86a-a127-658c-c601-000000000f00},3588,868,,tcp,,,,"
      ",-,WinDev2309Eval.localdomain,192.168.126.163,false,50092,-,2023-12-27T22:12:16.0501704Z,,Network connection detected (rule: NetworkConnect),,5136,WINDEV2309EVAL\User,S-1-5-18,2023-12-27 14:52:46.484,5,"<Event xmlns=""http://schemas.microsoft.com/win/2004/08/events/event"">
    <System>
      <Provider Name=""Microsoft-Windows-Sysmon"" Guid=""{5770385f-c22a-43e0-bf4c-06f5698ffbd9}""/>
      <EventID>3</EventID>
      <Version>5</Version>
      <Level>4</Level>
      <Task>3</Task>
      <Opcode>0</Opcode>
      <Keywords>0x8000000000000000</Keywords>
      <TimeCreated SystemTime=""2023-12-27T22:12:16.0501704Z""/>
      <EventRecordID>19577</EventRecordID>
      <Correlation/>
      <Execution ProcessID=""3588"" ThreadID=""5136""/>
      <Channel>Microsoft-Windows-Sysmon/Operational</Channel>
      <Computer>WinDev2309Eval</Computer>
      <Security UserID=""S-1-5-18""/>
    </System>
    <EventData>
      <Data Name=""RuleName"">-</Data>
      <Data Name=""UtcTime"">2023-12-27 14:52:46.484</Data>
      <Data Name=""ProcessGuid"">{f57bd86a-a127-658c-c601-000000000f00}</Data>
      <Data Name=""ProcessId"">868</Data>
      <Data Name=""Image"">C:\Windows\System32\WindowsPowerShell\v1.0\powershell.exe</Data>
      <Data Name=""User"">WINDEV2309EVAL\User</Data>
      <Data Name=""Protocol"">tcp</Data>
      <Data Name=""Initiated"">true</Data>
      <Data Name=""SourceIsIpv6"">false</Data>
      <Data Name=""SourceIp"">192.168.126.163</Data>
      <Data Name=""SourceHostname"">WinDev2309Eval.localdomain</Data>
      <Data Name=""SourcePort"">50092</Data>
      <Data Name=""SourcePortName"">-</Data>
      <Data Name=""DestinationIsIpv6"">false</Data>
      <Data Name=""DestinationIp"">140.82.121.4</Data>
      <Data Name=""DestinationHostname"">lb-140-82-121-4-fra.github.com</Data>
      <Data Name=""DestinationPort"">443</Data>
      <Data Name=""DestinationPortName"">https</Data>
    </EventData>
    <RenderingInfo Culture=""en-US"">
      <Message>Network connection detected:

RuleName: -

UtcTime: 2023-12-27 14:52:46.484

ProcessGuid: {f57bd86a-a127-658c-c601-000000000f00}

ProcessId: 868

Image: C:\Windows\System32\WindowsPowerShell\v1.0\powershell.exe

User: WINDEV2309EVAL\User

Protocol: tcp

Initiated: true

SourceIsIpv6: false

SourceIp: 192.168.126.163

SourceHostname: WinDev2309Eval.localdomain

SourcePort: 50092

SourcePortName: -

DestinationIsIpv6: false

DestinationIp: 140.82.121.4

DestinationHostname: lb-140-82-121-4-fra.github.com

DestinationPort: 443

DestinationPortName: https</Message>
      <Level>Information</Level>
      <Task>Network connection detected (rule: NetworkConnect)</Task>
      <Opcode>Info</Opcode>
    </RenderingInfo>
  </Event>
  
"
Microsoft-Windows-Sysmon/Operational,,,WinDev2309Eval,,,,mrs09s07-in-f27.1e100.net,172.217.171.251,false,443,https,3,19576,,,C:\Windows\System32\WindowsPowerShell\v1.0\powershell.exe,true,,0x8000000000000000,Information,,,"Network connection detected:

RuleName: -

UtcTime: 2023-12-27 14:52:25.908

ProcessGuid: {f57bd86a-a127-658c-c601-000000000f00}

ProcessId: 868

Image: C:\Windows\System32\WindowsPowerShell\v1.0\powershell.exe

User: WINDEV2309EVAL\User

Protocol: tcp

Initiated: true

SourceIsIpv6: false

SourceIp: 192.168.126.163

SourceHostname: WinDev2309Eval.localdomain

SourcePort: 50091

SourcePortName: -

DestinationIsIpv6: false

DestinationIp: 172.217.171.251

DestinationHostname: mrs09s07-in-f27.1e100.net

DestinationPort: 443

DestinationPortName: https",Info,,,,,,,,{f57bd86a-a127-658c-c601-000000000f00},3588,868,,tcp,,,,"
      ",-,WinDev2309Eval.localdomain,192.168.126.163,false,50091,-,2023-12-27T22:11:55.9387092Z,,Network connection detected (rule: NetworkConnect),,5136,WINDEV2309EVAL\User,S-1-5-18,2023-12-27 14:52:25.908,5,"<Event xmlns=""http://schemas.microsoft.com/win/2004/08/events/event"">
    <System>
      <Provider Name=""Microsoft-Windows-Sysmon"" Guid=""{5770385f-c22a-43e0-bf4c-06f5698ffbd9}""/>
      <EventID>3</EventID>
      <Version>5</Version>
      <Level>4</Level>
      <Task>3</Task>
      <Opcode>0</Opcode>
      <Keywords>0x8000000000000000</Keywords>
      <TimeCreated SystemTime=""2023-12-27T22:11:55.9387092Z""/>
      <EventRecordID>19576</EventRecordID>
      <Correlation/>
      <Execution ProcessID=""3588"" ThreadID=""5136""/>
      <Channel>Microsoft-Windows-Sysmon/Operational</Channel>
      <Computer>WinDev2309Eval</Computer>
      <Security UserID=""S-1-5-18""/>
    </System>
    <EventData>
      <Data Name=""RuleName"">-</Data>
      <Data Name=""UtcTime"">2023-12-27 14:52:25.908</Data>
      <Data Name=""ProcessGuid"">{f57bd86a-a127-658c-c601-000000000f00}</Data>
      <Data Name=""ProcessId"">868</Data>
      <Data Name=""Image"">C:\Windows\System32\WindowsPowerShell\v1.0\powershell.exe</Data>
      <Data Name=""User"">WINDEV2309EVAL\User</Data>
      <Data Name=""Protocol"">tcp</Data>
      <Data Name=""Initiated"">true</Data>
      <Data Name=""SourceIsIpv6"">false</Data>
      <Data Name=""SourceIp"">192.168.126.163</Data>
      <Data Name=""SourceHostname"">WinDev2309Eval.localdomain</Data>
      <Data Name=""SourcePort"">50091</Data>
      <Data Name=""SourcePortName"">-</Data>
      <Data Name=""DestinationIsIpv6"">false</Data>
      <Data Name=""DestinationIp"">172.217.171.251</Data>
      <Data Name=""DestinationHostname"">mrs09s07-in-f27.1e100.net</Data>
      <Data Name=""DestinationPort"">443</Data>
      <Data Name=""DestinationPortName"">https</Data>
    </EventData>
    <RenderingInfo Culture=""en-US"">
      <Message>Network connection detected:

RuleName: -

UtcTime: 2023-12-27 14:52:25.908

ProcessGuid: {f57bd86a-a127-658c-c601-000000000f00}

ProcessId: 868

Image: C:\Windows\System32\WindowsPowerShell\v1.0\powershell.exe

User: WINDEV2309EVAL\User

Protocol: tcp

Initiated: true

SourceIsIpv6: false

SourceIp: 192.168.126.163

SourceHostname: WinDev2309Eval.localdomain

SourcePort: 50091

SourcePortName: -

DestinationIsIpv6: false

DestinationIp: 172.217.171.251

DestinationHostname: mrs09s07-in-f27.1e100.net

DestinationPort: 443

DestinationPortName: https</Message>
      <Level>Information</Level>
      <Task>Network connection detected (rule: NetworkConnect)</Task>
      <Opcode>Info</Opcode>
    </RenderingInfo>
  </Event>
  
"
Microsoft-Windows-Sysmon/Operational,,,WinDev2309Eval,,,,,,,,,22,19575,,,C:\Windows\System32\WindowsPowerShell\v1.0\powershell.exe,,,0x8000000000000000,Information,,,"Dns query:

RuleName: -

UtcTime: 2023-12-27 14:52:25.884

ProcessGuid: {f57bd86a-a127-658c-c601-000000000f00}

ProcessId: 868

QueryName: commondatastorage.googleapis.com

QueryStatus: 0

QueryResults: ::ffff:172.217.171.251;::ffff:216.58.198.91;::ffff:172.217.21.27;::ffff:216.58.211.219;::ffff:142.251.37.59;::ffff:142.251.37.187;::ffff:142.251.37.219;::ffff:142.251.37.251;::ffff:172.217.18.59;::ffff:172.217.18.251;::ffff:172.217.19.59;::ffff:172.217.19.155;::ffff:142.250.200.219;::ffff:142.250.200.251;::ffff:142.250.201.27;::ffff:142.250.201.59;

Image: C:\Windows\System32\WindowsPowerShell\v1.0\powershell.exe

User: WINDEV2309EVAL\User",Info,,,,,,,,{f57bd86a-a127-658c-c601-000000000f00},3588,868,,,commondatastorage.googleapis.com,::ffff:172.217.171.251;::ffff:216.58.198.91;::ffff:172.217.21.27;::ffff:216.58.211.219;::ffff:142.251.37.59;::ffff:142.251.37.187;::ffff:142.251.37.219;::ffff:142.251.37.251;::ffff:172.217.18.59;::ffff:172.217.18.251;::ffff:172.217.19.59;::ffff:172.217.19.155;::ffff:142.250.200.219;::ffff:142.250.200.251;::ffff:142.250.201.27;::ffff:142.250.201.59;,0,"
      ",-,,,,,,2023-12-27T22:11:55.7990186Z,,Dns query (rule: DnsQuery),,5164,WINDEV2309EVAL\User,S-1-5-18,2023-12-27 14:52:25.884,5,"<Event xmlns=""http://schemas.microsoft.com/win/2004/08/events/event"">
    <System>
      <Provider Name=""Microsoft-Windows-Sysmon"" Guid=""{5770385f-c22a-43e0-bf4c-06f5698ffbd9}""/>
      <EventID>22</EventID>
      <Version>5</Version>
      <Level>4</Level>
      <Task>22</Task>
      <Opcode>0</Opcode>
      <Keywords>0x8000000000000000</Keywords>
      <TimeCreated SystemTime=""2023-12-27T22:11:55.7990186Z""/>
      <EventRecordID>19575</EventRecordID>
      <Correlation/>
      <Execution ProcessID=""3588"" ThreadID=""5164""/>
      <Channel>Microsoft-Windows-Sysmon/Operational</Channel>
      <Computer>WinDev2309Eval</Computer>
      <Security UserID=""S-1-5-18""/>
    </System>
    <EventData>
      <Data Name=""RuleName"">-</Data>
      <Data Name=""UtcTime"">2023-12-27 14:52:25.884</Data>
      <Data Name=""ProcessGuid"">{f57bd86a-a127-658c-c601-000000000f00}</Data>
      <Data Name=""ProcessId"">868</Data>
      <Data Name=""QueryName"">commondatastorage.googleapis.com</Data>
      <Data Name=""QueryStatus"">0</Data>
      <Data Name=""QueryResults"">::ffff:172.217.171.251;::ffff:216.58.198.91;::ffff:172.217.21.27;::ffff:216.58.211.219;::ffff:142.251.37.59;::ffff:142.251.37.187;::ffff:142.251.37.219;::ffff:142.251.37.251;::ffff:172.217.18.59;::ffff:172.217.18.251;::ffff:172.217.19.59;::ffff:172.217.19.155;::ffff:142.250.200.219;::ffff:142.250.200.251;::ffff:142.250.201.27;::ffff:142.250.201.59;</Data>
      <Data Name=""Image"">C:\Windows\System32\WindowsPowerShell\v1.0\powershell.exe</Data>
      <Data Name=""User"">WINDEV2309EVAL\User</Data>
    </EventData>
    <RenderingInfo Culture=""en-US"">
      <Message>Dns query:

RuleName: -

UtcTime: 2023-12-27 14:52:25.884

ProcessGuid: {f57bd86a-a127-658c-c601-000000000f00}

ProcessId: 868

QueryName: commondatastorage.googleapis.com

QueryStatus: 0

QueryResults: ::ffff:172.217.171.251;::ffff:216.58.198.91;::ffff:172.217.21.27;::ffff:216.58.211.219;::ffff:142.251.37.59;::ffff:142.251.37.187;::ffff:142.251.37.219;::ffff:142.251.37.251;::ffff:172.217.18.59;::ffff:172.217.18.251;::ffff:172.217.19.59;::ffff:172.217.19.155;::ffff:142.250.200.219;::ffff:142.250.200.251;::ffff:142.250.201.27;::ffff:142.250.201.59;

Image: C:\Windows\System32\WindowsPowerShell\v1.0\powershell.exe

User: WINDEV2309EVAL\User</Message>
      <Level>Information</Level>
      <Task>Dns query (rule: DnsQuery)</Task>
      <Opcode>Info</Opcode>
    </RenderingInfo>
  </Event>
  
"
Microsoft-Windows-Sysmon/Operational,,,WinDev2309Eval,2023-12-27 22:11:52.156,,,,,,,,11,19574,,,C:\Windows\System32\WindowsPowerShell\v1.0\powershell.exe,,,0x8000000000000000,Information,,,"File created:

RuleName: -

UtcTime: 2023-12-27 22:11:52.156

ProcessGuid: {f57bd86a-a127-658c-c601-000000000f00}

ProcessId: 868

Image: C:\Windows\System32\WindowsPowerShell\v1.0\powershell.exe

TargetFilename: C:\Users\User\AppData\Local\Temp\__PSScriptPolicyTest_14ebcjeh.pnl.ps1

CreationUtcTime: 2023-12-27 22:11:52.156

User: WINDEV2309EVAL\User",Info,,,,,,,,{f57bd86a-a127-658c-c601-000000000f00},3588,868,,,,,,"
      ",-,,,,,,2023-12-27T22:11:52.1586596Z,C:\Users\User\AppData\Local\Temp\__PSScriptPolicyTest_14ebcjeh.pnl.ps1,File created (rule: FileCreate),,5124,WINDEV2309EVAL\User,S-1-5-18,2023-12-27 22:11:52.156,2,"<Event xmlns=""http://schemas.microsoft.com/win/2004/08/events/event"">
    <System>
      <Provider Name=""Microsoft-Windows-Sysmon"" Guid=""{5770385f-c22a-43e0-bf4c-06f5698ffbd9}""/>
      <EventID>11</EventID>
      <Version>2</Version>
      <Level>4</Level>
      <Task>11</Task>
      <Opcode>0</Opcode>
      <Keywords>0x8000000000000000</Keywords>
      <TimeCreated SystemTime=""2023-12-27T22:11:52.1586596Z""/>
      <EventRecordID>19574</EventRecordID>
      <Correlation/>
      <Execution ProcessID=""3588"" ThreadID=""5124""/>
      <Channel>Microsoft-Windows-Sysmon/Operational</Channel>
      <Computer>WinDev2309Eval</Computer>
      <Security UserID=""S-1-5-18""/>
    </System>
    <EventData>
      <Data Name=""RuleName"">-</Data>
      <Data Name=""UtcTime"">2023-12-27 22:11:52.156</Data>
      <Data Name=""ProcessGuid"">{f57bd86a-a127-658c-c601-000000000f00}</Data>
      <Data Name=""ProcessId"">868</Data>
      <Data Name=""Image"">C:\Windows\System32\WindowsPowerShell\v1.0\powershell.exe</Data>
      <Data Name=""TargetFilename"">C:\Users\User\AppData\Local\Temp\__PSScriptPolicyTest_14ebcjeh.pnl.ps1</Data>
      <Data Name=""CreationUtcTime"">2023-12-27 22:11:52.156</Data>
      <Data Name=""User"">WINDEV2309EVAL\User</Data>
    </EventData>
    <RenderingInfo Culture=""en-US"">
      <Message>File created:

RuleName: -

UtcTime: 2023-12-27 22:11:52.156

ProcessGuid: {f57bd86a-a127-658c-c601-000000000f00}

ProcessId: 868

Image: C:\Windows\System32\WindowsPowerShell\v1.0\powershell.exe

TargetFilename: C:\Users\User\AppData\Local\Temp\__PSScriptPolicyTest_14ebcjeh.pnl.ps1

CreationUtcTime: 2023-12-27 22:11:52.156

User: WINDEV2309EVAL\User</Message>
      <Level>Information</Level>
      <Task>File created (rule: FileCreate)</Task>
      <Opcode>Info</Opcode>
    </RenderingInfo>
  </Event>
  
"
