Microsoft-Windows-Sysmon/Operational,"""C:\Users\User\AppData\Local\Temp\chrome-win\chrome.exe"" --type=utility --utility-sub-type=network.mojom.NetworkService --lang=en-US --service-sandbox-type=none --network-service-scheduler --start-stack-profiler --mojo-platform-channel-handle=2092 --field-trial-handle=1756,i,485431194890201653,11807097920400233063,262144 /prefetch:8",The Chromium Authors,WinDev2309Eval,,C:\Users\User\AppData\Local\Temp\chrome-win\,Chromium,,,,,,1,19600,116.0.5816.0,"MD5=3449EFF57D31F6C69D523AB848CA56C3,SHA256=D7C9B99AA403C0E629086E8E4ACF6438A5489FE9070DC22D6B033D759414FB76,IMPHASH=3371C06C266BC31A39D10990BC28CCE3",C:\Users\User\AppData\Local\Temp\chrome-win\chrome.exe,,Medium,0x8000000000000000,Information,{f57bd86a-36f9-658c-7bf8-020000000000},0x2f87b,"Process Create:

RuleName: -

UtcTime: 2023-12-27 22:12:33.503

ProcessGuid: {f57bd86a-a151-658c-cd01-000000000f00}

ProcessId: 1776

Image: C:\Users\User\AppData\Local\Temp\chrome-win\chrome.exe

FileVersion: 116.0.5816.0

Description: Chromium

Product: Chromium

Company: The Chromium Authors

OriginalFileName: chrome.exe

CommandLine: ""C:\Users\User\AppData\Local\Temp\chrome-win\chrome.exe"" --type=utility --utility-sub-type=network.mojom.NetworkService --lang=en-US --service-sandbox-type=none --network-service-scheduler --start-stack-profiler --mojo-platform-channel-handle=2092 --field-trial-handle=1756,i,485431194890201653,11807097920400233063,262144 /prefetch:8

CurrentDirectory: C:\Users\User\AppData\Local\Temp\chrome-win\

User: WINDEV2309EVAL\User

LogonGuid: {f57bd86a-36f9-658c-7bf8-020000000000}

LogonId: 0x2F87B

TerminalSessionId: 1

IntegrityLevel: Medium

Hashes: MD5=3449EFF57D31F6C69D523AB848CA56C3,SHA256=D7C9B99AA403C0E629086E8E4ACF6438A5489FE9070DC22D6B033D759414FB76,IMPHASH=3371C06C266BC31A39D10990BC28CCE3

ParentProcessGuid: {f57bd86a-a149-658c-c801-000000000f00}

ParentProcessId: 2960

ParentImage: C:\Users\User\AppData\Local\Temp\chrome-win\chrome.exe

ParentCommandLine: ""C:\Users\User\AppData\Local\Temp\chrome-win\chrome.exe"" --load-extension=C:\Users\User\AppData\Local\Temp\extension\ 

ParentUser: WINDEV2309EVAL\User",Info,chrome.exe,"""C:\Users\User\AppData\Local\Temp\chrome-win\chrome.exe"" --load-extension=C:\Users\User\AppData\Local\Temp\extension\ ",C:\Users\User\AppData\Local\Temp\chrome-win\chrome.exe,{f57bd86a-a149-658c-c801-000000000f00},2960,WINDEV2309EVAL\User,,{f57bd86a-a151-658c-cd01-000000000f00},3588,1776,Chromium,,,,,"
      ",-,,,,,,2023-12-27T22:12:33.5047543Z,,Process Create (rule: ProcessCreate),1,5124,WINDEV2309EVAL\User,S-1-5-18,2023-12-27 22:12:33.503,5,"<Event xmlns=""http://schemas.microsoft.com/win/2004/08/events/event"">
    <System>
      <Provider Name=""Microsoft-Windows-Sysmon"" Guid=""{5770385f-c22a-43e0-bf4c-06f5698ffbd9}""/>
      <EventID>1</EventID>
      <Version>5</Version>
      <Level>4</Level>
      <Task>1</Task>
      <Opcode>0</Opcode>
      <Keywords>0x8000000000000000</Keywords>
      <TimeCreated SystemTime=""2023-12-27T22:12:33.5047543Z""/>
      <EventRecordID>19600</EventRecordID>
      <Correlation/>
      <Execution ProcessID=""3588"" ThreadID=""5124""/>
      <Channel>Microsoft-Windows-Sysmon/Operational</Channel>
      <Computer>WinDev2309Eval</Computer>
      <Security UserID=""S-1-5-18""/>
    </System>
    <EventData>
      <Data Name=""RuleName"">-</Data>
      <Data Name=""UtcTime"">2023-12-27 22:12:33.503</Data>
      <Data Name=""ProcessGuid"">{f57bd86a-a151-658c-cd01-000000000f00}</Data>
      <Data Name=""ProcessId"">1776</Data>
      <Data Name=""Image"">C:\Users\User\AppData\Local\Temp\chrome-win\chrome.exe</Data>
      <Data Name=""FileVersion"">116.0.5816.0</Data>
      <Data Name=""Description"">Chromium</Data>
      <Data Name=""Product"">Chromium</Data>
      <Data Name=""Company"">The Chromium Authors</Data>
      <Data Name=""OriginalFileName"">chrome.exe</Data>
      <Data Name=""CommandLine"">""C:\Users\User\AppData\Local\Temp\chrome-win\chrome.exe"" --type=utility --utility-sub-type=network.mojom.NetworkService --lang=en-US --service-sandbox-type=none --network-service-scheduler --start-stack-profiler --mojo-platform-channel-handle=2092 --field-trial-handle=1756,i,485431194890201653,11807097920400233063,262144 /prefetch:8</Data>
      <Data Name=""CurrentDirectory"">C:\Users\User\AppData\Local\Temp\chrome-win\</Data>
      <Data Name=""User"">WINDEV2309EVAL\User</Data>
      <Data Name=""LogonGuid"">{f57bd86a-36f9-658c-7bf8-020000000000}</Data>
      <Data Name=""LogonId"">0x2f87b</Data>
      <Data Name=""TerminalSessionId"">1</Data>
      <Data Name=""IntegrityLevel"">Medium</Data>
      <Data Name=""Hashes"">MD5=3449EFF57D31F6C69D523AB848CA56C3,SHA256=D7C9B99AA403C0E629086E8E4ACF6438A5489FE9070DC22D6B033D759414FB76,IMPHASH=3371C06C266BC31A39D10990BC28CCE3</Data>
      <Data Name=""ParentProcessGuid"">{f57bd86a-a149-658c-c801-000000000f00}</Data>
      <Data Name=""ParentProcessId"">2960</Data>
      <Data Name=""ParentImage"">C:\Users\User\AppData\Local\Temp\chrome-win\chrome.exe</Data>
      <Data Name=""ParentCommandLine"">""C:\Users\User\AppData\Local\Temp\chrome-win\chrome.exe"" --load-extension=C:\Users\User\AppData\Local\Temp\extension\ </Data>
      <Data Name=""ParentUser"">WINDEV2309EVAL\User</Data>
    </EventData>
    <RenderingInfo Culture=""en-US"">
      <Message>Process Create:

RuleName: -

UtcTime: 2023-12-27 22:12:33.503

ProcessGuid: {f57bd86a-a151-658c-cd01-000000000f00}

ProcessId: 1776

Image: C:\Users\User\AppData\Local\Temp\chrome-win\chrome.exe

FileVersion: 116.0.5816.0

Description: Chromium

Product: Chromium

Company: The Chromium Authors

OriginalFileName: chrome.exe

CommandLine: ""C:\Users\User\AppData\Local\Temp\chrome-win\chrome.exe"" --type=utility --utility-sub-type=network.mojom.NetworkService --lang=en-US --service-sandbox-type=none --network-service-scheduler --start-stack-profiler --mojo-platform-channel-handle=2092 --field-trial-handle=1756,i,485431194890201653,11807097920400233063,262144 /prefetch:8

CurrentDirectory: C:\Users\User\AppData\Local\Temp\chrome-win\

User: WINDEV2309EVAL\User

LogonGuid: {f57bd86a-36f9-658c-7bf8-020000000000}

LogonId: 0x2F87B

TerminalSessionId: 1

IntegrityLevel: Medium

Hashes: MD5=3449EFF57D31F6C69D523AB848CA56C3,SHA256=D7C9B99AA403C0E629086E8E4ACF6438A5489FE9070DC22D6B033D759414FB76,IMPHASH=3371C06C266BC31A39D10990BC28CCE3

ParentProcessGuid: {f57bd86a-a149-658c-c801-000000000f00}

ParentProcessId: 2960

ParentImage: C:\Users\User\AppData\Local\Temp\chrome-win\chrome.exe

ParentCommandLine: ""C:\Users\User\AppData\Local\Temp\chrome-win\chrome.exe"" --load-extension=C:\Users\User\AppData\Local\Temp\extension\ 

ParentUser: WINDEV2309EVAL\User</Message>
      <Level>Information</Level>
      <Task>Process Create (rule: ProcessCreate)</Task>
      <Opcode>Info</Opcode>
    </RenderingInfo>
  </Event>
  
"
Microsoft-Windows-Sysmon/Operational,"""C:\Users\User\AppData\Local\Temp\chrome-win\chrome.exe"" --type=gpu-process --start-stack-profiler --gpu-preferences=WAAAAAAAAADgAAAMAAAAAAAAAAAAAAAAAABgAAAAAAA4AAAAAAAAAAAAAAAEAAAAAAAAAAAAAAAAAAAAAAAAAAAAAAAAAAAAGAAAAAAAAAAYAAAAAAAAAAgAAAAAAAAACAAAAAAAAAAIAAAAAAAAAA== --mojo-platform-channel-handle=1744 --field-trial-handle=1756,i,485431194890201653,11807097920400233063,262144 /prefetch:2",The Chromium Authors,WinDev2309Eval,,C:\Users\User\AppData\Local\Temp\chrome-win\,Chromium,,,,,,1,19599,116.0.5816.0,"MD5=3449EFF57D31F6C69D523AB848CA56C3,SHA256=D7C9B99AA403C0E629086E8E4ACF6438A5489FE9070DC22D6B033D759414FB76,IMPHASH=3371C06C266BC31A39D10990BC28CCE3",C:\Users\User\AppData\Local\Temp\chrome-win\chrome.exe,,Low,0x8000000000000000,Information,{f57bd86a-36f9-658c-7bf8-020000000000},0x2f87b,"Process Create:

RuleName: -

UtcTime: 2023-12-27 22:12:33.497

ProcessGuid: {f57bd86a-a151-658c-cc01-000000000f00}

ProcessId: 9776

Image: C:\Users\User\AppData\Local\Temp\chrome-win\chrome.exe

FileVersion: 116.0.5816.0

Description: Chromium

Product: Chromium

Company: The Chromium Authors

OriginalFileName: chrome.exe

CommandLine: ""C:\Users\User\AppData\Local\Temp\chrome-win\chrome.exe"" --type=gpu-process --start-stack-profiler --gpu-preferences=WAAAAAAAAADgAAAMAAAAAAAAAAAAAAAAAABgAAAAAAA4AAAAAAAAAAAAAAAEAAAAAAAAAAAAAAAAAAAAAAAAAAAAAAAAAAAAGAAAAAAAAAAYAAAAAAAAAAgAAAAAAAAACAAAAAAAAAAIAAAAAAAAAA== --mojo-platform-channel-handle=1744 --field-trial-handle=1756,i,485431194890201653,11807097920400233063,262144 /prefetch:2

CurrentDirectory: C:\Users\User\AppData\Local\Temp\chrome-win\

User: WINDEV2309EVAL\User

LogonGuid: {f57bd86a-36f9-658c-7bf8-020000000000}

LogonId: 0x2F87B

TerminalSessionId: 1

IntegrityLevel: Low

Hashes: MD5=3449EFF57D31F6C69D523AB848CA56C3,SHA256=D7C9B99AA403C0E629086E8E4ACF6438A5489FE9070DC22D6B033D759414FB76,IMPHASH=3371C06C266BC31A39D10990BC28CCE3

ParentProcessGuid: {f57bd86a-a149-658c-c801-000000000f00}

ParentProcessId: 2960

ParentImage: C:\Users\User\AppData\Local\Temp\chrome-win\chrome.exe

ParentCommandLine: ""C:\Users\User\AppData\Local\Temp\chrome-win\chrome.exe"" --load-extension=C:\Users\User\AppData\Local\Temp\extension\ 

ParentUser: WINDEV2309EVAL\User",Info,chrome.exe,"""C:\Users\User\AppData\Local\Temp\chrome-win\chrome.exe"" --load-extension=C:\Users\User\AppData\Local\Temp\extension\ ",C:\Users\User\AppData\Local\Temp\chrome-win\chrome.exe,{f57bd86a-a149-658c-c801-000000000f00},2960,WINDEV2309EVAL\User,,{f57bd86a-a151-658c-cc01-000000000f00},3588,9776,Chromium,,,,,"
      ",-,,,,,,2023-12-27T22:12:33.4996733Z,,Process Create (rule: ProcessCreate),1,5124,WINDEV2309EVAL\User,S-1-5-18,2023-12-27 22:12:33.497,5,"<Event xmlns=""http://schemas.microsoft.com/win/2004/08/events/event"">
    <System>
      <Provider Name=""Microsoft-Windows-Sysmon"" Guid=""{5770385f-c22a-43e0-bf4c-06f5698ffbd9}""/>
      <EventID>1</EventID>
      <Version>5</Version>
      <Level>4</Level>
      <Task>1</Task>
      <Opcode>0</Opcode>
      <Keywords>0x8000000000000000</Keywords>
      <TimeCreated SystemTime=""2023-12-27T22:12:33.4996733Z""/>
      <EventRecordID>19599</EventRecordID>
      <Correlation/>
      <Execution ProcessID=""3588"" ThreadID=""5124""/>
      <Channel>Microsoft-Windows-Sysmon/Operational</Channel>
      <Computer>WinDev2309Eval</Computer>
      <Security UserID=""S-1-5-18""/>
    </System>
    <EventData>
      <Data Name=""RuleName"">-</Data>
      <Data Name=""UtcTime"">2023-12-27 22:12:33.497</Data>
      <Data Name=""ProcessGuid"">{f57bd86a-a151-658c-cc01-000000000f00}</Data>
      <Data Name=""ProcessId"">9776</Data>
      <Data Name=""Image"">C:\Users\User\AppData\Local\Temp\chrome-win\chrome.exe</Data>
      <Data Name=""FileVersion"">116.0.5816.0</Data>
      <Data Name=""Description"">Chromium</Data>
      <Data Name=""Product"">Chromium</Data>
      <Data Name=""Company"">The Chromium Authors</Data>
      <Data Name=""OriginalFileName"">chrome.exe</Data>
      <Data Name=""CommandLine"">""C:\Users\User\AppData\Local\Temp\chrome-win\chrome.exe"" --type=gpu-process --start-stack-profiler --gpu-preferences=WAAAAAAAAADgAAAMAAAAAAAAAAAAAAAAAABgAAAAAAA4AAAAAAAAAAAAAAAEAAAAAAAAAAAAAAAAAAAAAAAAAAAAAAAAAAAAGAAAAAAAAAAYAAAAAAAAAAgAAAAAAAAACAAAAAAAAAAIAAAAAAAAAA== --mojo-platform-channel-handle=1744 --field-trial-handle=1756,i,485431194890201653,11807097920400233063,262144 /prefetch:2</Data>
      <Data Name=""CurrentDirectory"">C:\Users\User\AppData\Local\Temp\chrome-win\</Data>
      <Data Name=""User"">WINDEV2309EVAL\User</Data>
      <Data Name=""LogonGuid"">{f57bd86a-36f9-658c-7bf8-020000000000}</Data>
      <Data Name=""LogonId"">0x2f87b</Data>
      <Data Name=""TerminalSessionId"">1</Data>
      <Data Name=""IntegrityLevel"">Low</Data>
      <Data Name=""Hashes"">MD5=3449EFF57D31F6C69D523AB848CA56C3,SHA256=D7C9B99AA403C0E629086E8E4ACF6438A5489FE9070DC22D6B033D759414FB76,IMPHASH=3371C06C266BC31A39D10990BC28CCE3</Data>
      <Data Name=""ParentProcessGuid"">{f57bd86a-a149-658c-c801-000000000f00}</Data>
      <Data Name=""ParentProcessId"">2960</Data>
      <Data Name=""ParentImage"">C:\Users\User\AppData\Local\Temp\chrome-win\chrome.exe</Data>
      <Data Name=""ParentCommandLine"">""C:\Users\User\AppData\Local\Temp\chrome-win\chrome.exe"" --load-extension=C:\Users\User\AppData\Local\Temp\extension\ </Data>
      <Data Name=""ParentUser"">WINDEV2309EVAL\User</Data>
    </EventData>
    <RenderingInfo Culture=""en-US"">
      <Message>Process Create:

RuleName: -

UtcTime: 2023-12-27 22:12:33.497

ProcessGuid: {f57bd86a-a151-658c-cc01-000000000f00}

ProcessId: 9776

Image: C:\Users\User\AppData\Local\Temp\chrome-win\chrome.exe

FileVersion: 116.0.5816.0

Description: Chromium

Product: Chromium

Company: The Chromium Authors

OriginalFileName: chrome.exe

CommandLine: ""C:\Users\User\AppData\Local\Temp\chrome-win\chrome.exe"" --type=gpu-process --start-stack-profiler --gpu-preferences=WAAAAAAAAADgAAAMAAAAAAAAAAAAAAAAAABgAAAAAAA4AAAAAAAAAAAAAAAEAAAAAAAAAAAAAAAAAAAAAAAAAAAAAAAAAAAAGAAAAAAAAAAYAAAAAAAAAAgAAAAAAAAACAAAAAAAAAAIAAAAAAAAAA== --mojo-platform-channel-handle=1744 --field-trial-handle=1756,i,485431194890201653,11807097920400233063,262144 /prefetch:2

CurrentDirectory: C:\Users\User\AppData\Local\Temp\chrome-win\

User: WINDEV2309EVAL\User

LogonGuid: {f57bd86a-36f9-658c-7bf8-020000000000}

LogonId: 0x2F87B

TerminalSessionId: 1

IntegrityLevel: Low

Hashes: MD5=3449EFF57D31F6C69D523AB848CA56C3,SHA256=D7C9B99AA403C0E629086E8E4ACF6438A5489FE9070DC22D6B033D759414FB76,IMPHASH=3371C06C266BC31A39D10990BC28CCE3

ParentProcessGuid: {f57bd86a-a149-658c-c801-000000000f00}

ParentProcessId: 2960

ParentImage: C:\Users\User\AppData\Local\Temp\chrome-win\chrome.exe

ParentCommandLine: ""C:\Users\User\AppData\Local\Temp\chrome-win\chrome.exe"" --load-extension=C:\Users\User\AppData\Local\Temp\extension\ 

ParentUser: WINDEV2309EVAL\User</Message>
      <Level>Information</Level>
      <Task>Process Create (rule: ProcessCreate)</Task>
      <Opcode>Info</Opcode>
    </RenderingInfo>
  </Event>
  
"
Microsoft-Windows-Sysmon/Operational,,,WinDev2309Eval,,,,,,,,,5,19598,,,C:\Users\User\AppData\Local\Temp\chrome-win\chrome.exe,,,0x8000000000000000,Information,,,"Process terminated:

RuleName: -

UtcTime: 2023-12-27 22:12:25.959

ProcessGuid: {f57bd86a-a149-658c-cb01-000000000f00}

ProcessId: 1480

Image: C:\Users\User\AppData\Local\Temp\chrome-win\chrome.exe

User: WINDEV2309EVAL\User",Info,,,,,,,,{f57bd86a-a149-658c-cb01-000000000f00},3588,1480,,,,,,"
      ",-,,,,,,2023-12-27T22:12:25.9734707Z,,Process terminated (rule: ProcessTerminate),,5124,WINDEV2309EVAL\User,S-1-5-18,2023-12-27 22:12:25.959,3,"<Event xmlns=""http://schemas.microsoft.com/win/2004/08/events/event"">
    <System>
      <Provider Name=""Microsoft-Windows-Sysmon"" Guid=""{5770385f-c22a-43e0-bf4c-06f5698ffbd9}""/>
      <EventID>5</EventID>
      <Version>3</Version>
      <Level>4</Level>
      <Task>5</Task>
      <Opcode>0</Opcode>
      <Keywords>0x8000000000000000</Keywords>
      <TimeCreated SystemTime=""2023-12-27T22:12:25.9734707Z""/>
      <EventRecordID>19598</EventRecordID>
      <Correlation/>
      <Execution ProcessID=""3588"" ThreadID=""5124""/>
      <Channel>Microsoft-Windows-Sysmon/Operational</Channel>
      <Computer>WinDev2309Eval</Computer>
      <Security UserID=""S-1-5-18""/>
    </System>
    <EventData>
      <Data Name=""RuleName"">-</Data>
      <Data Name=""UtcTime"">2023-12-27 22:12:25.959</Data>
      <Data Name=""ProcessGuid"">{f57bd86a-a149-658c-cb01-000000000f00}</Data>
      <Data Name=""ProcessId"">1480</Data>
      <Data Name=""Image"">C:\Users\User\AppData\Local\Temp\chrome-win\chrome.exe</Data>
      <Data Name=""User"">WINDEV2309EVAL\User</Data>
    </EventData>
    <RenderingInfo Culture=""en-US"">
      <Message>Process terminated:

RuleName: -

UtcTime: 2023-12-27 22:12:25.959

ProcessGuid: {f57bd86a-a149-658c-cb01-000000000f00}

ProcessId: 1480

Image: C:\Users\User\AppData\Local\Temp\chrome-win\chrome.exe

User: WINDEV2309EVAL\User</Message>
      <Level>Information</Level>
      <Task>Process terminated (rule: ProcessTerminate)</Task>
      <Opcode>Info</Opcode>
    </RenderingInfo>
  </Event>
  
"
Microsoft-Windows-Sysmon/Operational,"C:\Users\User\AppData\Local\Temp\chrome-win\chrome.exe --type=crashpad-handler ""--user-data-dir=C:\Users\User\AppData\Local\Chromium\User Data"" /prefetch:7 --monitor-self-annotation=ptype=crashpad-handler ""--database=C:\Users\User\AppData\Local\Chromium\User Data\Crashpad"" --annotation=plat=Win64 --annotation=prod=Chromium --annotation=ver=116.0.5816.0-devel --initial-client-data=0x110,0x114,0x118,0xf4,0x11c,0x7ff8288fcaf0,0x7ff8288fcb00,0x7ff8288fcb10",The Chromium Authors,WinDev2309Eval,,C:\Users\User\AppData\Local\Temp\chrome-win\,Chromium,,,,,,1,19597,116.0.5816.0,"MD5=3449EFF57D31F6C69D523AB848CA56C3,SHA256=D7C9B99AA403C0E629086E8E4ACF6438A5489FE9070DC22D6B033D759414FB76,IMPHASH=3371C06C266BC31A39D10990BC28CCE3",C:\Users\User\AppData\Local\Temp\chrome-win\chrome.exe,,Medium,0x8000000000000000,Information,{f57bd86a-36f9-658c-7bf8-020000000000},0x2f87b,"Process Create:

RuleName: -

UtcTime: 2023-12-27 22:12:25.952

ProcessGuid: {f57bd86a-a149-658c-cb01-000000000f00}

ProcessId: 1480

Image: C:\Users\User\AppData\Local\Temp\chrome-win\chrome.exe

FileVersion: 116.0.5816.0

Description: Chromium

Product: Chromium

Company: The Chromium Authors

OriginalFileName: chrome.exe

CommandLine: C:\Users\User\AppData\Local\Temp\chrome-win\chrome.exe --type=crashpad-handler ""--user-data-dir=C:\Users\User\AppData\Local\Chromium\User Data"" /prefetch:7 --monitor-self-annotation=ptype=crashpad-handler ""--database=C:\Users\User\AppData\Local\Chromium\User Data\Crashpad"" --annotation=plat=Win64 --annotation=prod=Chromium --annotation=ver=116.0.5816.0-devel --initial-client-data=0x110,0x114,0x118,0xf4,0x11c,0x7ff8288fcaf0,0x7ff8288fcb00,0x7ff8288fcb10

CurrentDirectory: C:\Users\User\AppData\Local\Temp\chrome-win\

User: WINDEV2309EVAL\User

LogonGuid: {f57bd86a-36f9-658c-7bf8-020000000000}

LogonId: 0x2F87B

TerminalSessionId: 1

IntegrityLevel: Medium

Hashes: MD5=3449EFF57D31F6C69D523AB848CA56C3,SHA256=D7C9B99AA403C0E629086E8E4ACF6438A5489FE9070DC22D6B033D759414FB76,IMPHASH=3371C06C266BC31A39D10990BC28CCE3

ParentProcessGuid: {f57bd86a-a149-658c-c801-000000000f00}

ParentProcessId: 2960

ParentImage: C:\Users\User\AppData\Local\Temp\chrome-win\chrome.exe

ParentCommandLine: ""C:\Users\User\AppData\Local\Temp\chrome-win\chrome.exe"" --load-extension=C:\Users\User\AppData\Local\Temp\extension\ 

ParentUser: WINDEV2309EVAL\User",Info,chrome.exe,"""C:\Users\User\AppData\Local\Temp\chrome-win\chrome.exe"" --load-extension=C:\Users\User\AppData\Local\Temp\extension\ ",C:\Users\User\AppData\Local\Temp\chrome-win\chrome.exe,{f57bd86a-a149-658c-c801-000000000f00},2960,WINDEV2309EVAL\User,,{f57bd86a-a149-658c-cb01-000000000f00},3588,1480,Chromium,,,,,"
      ",-,,,,,,2023-12-27T22:12:25.9534348Z,,Process Create (rule: ProcessCreate),1,5124,WINDEV2309EVAL\User,S-1-5-18,2023-12-27 22:12:25.952,5,"<Event xmlns=""http://schemas.microsoft.com/win/2004/08/events/event"">
    <System>
      <Provider Name=""Microsoft-Windows-Sysmon"" Guid=""{5770385f-c22a-43e0-bf4c-06f5698ffbd9}""/>
      <EventID>1</EventID>
      <Version>5</Version>
      <Level>4</Level>
      <Task>1</Task>
      <Opcode>0</Opcode>
      <Keywords>0x8000000000000000</Keywords>
      <TimeCreated SystemTime=""2023-12-27T22:12:25.9534348Z""/>
      <EventRecordID>19597</EventRecordID>
      <Correlation/>
      <Execution ProcessID=""3588"" ThreadID=""5124""/>
      <Channel>Microsoft-Windows-Sysmon/Operational</Channel>
      <Computer>WinDev2309Eval</Computer>
      <Security UserID=""S-1-5-18""/>
    </System>
    <EventData>
      <Data Name=""RuleName"">-</Data>
      <Data Name=""UtcTime"">2023-12-27 22:12:25.952</Data>
      <Data Name=""ProcessGuid"">{f57bd86a-a149-658c-cb01-000000000f00}</Data>
      <Data Name=""ProcessId"">1480</Data>
      <Data Name=""Image"">C:\Users\User\AppData\Local\Temp\chrome-win\chrome.exe</Data>
      <Data Name=""FileVersion"">116.0.5816.0</Data>
      <Data Name=""Description"">Chromium</Data>
      <Data Name=""Product"">Chromium</Data>
      <Data Name=""Company"">The Chromium Authors</Data>
      <Data Name=""OriginalFileName"">chrome.exe</Data>
      <Data Name=""CommandLine"">C:\Users\User\AppData\Local\Temp\chrome-win\chrome.exe --type=crashpad-handler ""--user-data-dir=C:\Users\User\AppData\Local\Chromium\User Data"" /prefetch:7 --monitor-self-annotation=ptype=crashpad-handler ""--database=C:\Users\User\AppData\Local\Chromium\User Data\Crashpad"" --annotation=plat=Win64 --annotation=prod=Chromium --annotation=ver=116.0.5816.0-devel --initial-client-data=0x110,0x114,0x118,0xf4,0x11c,0x7ff8288fcaf0,0x7ff8288fcb00,0x7ff8288fcb10</Data>
      <Data Name=""CurrentDirectory"">C:\Users\User\AppData\Local\Temp\chrome-win\</Data>
      <Data Name=""User"">WINDEV2309EVAL\User</Data>
      <Data Name=""LogonGuid"">{f57bd86a-36f9-658c-7bf8-020000000000}</Data>
      <Data Name=""LogonId"">0x2f87b</Data>
      <Data Name=""TerminalSessionId"">1</Data>
      <Data Name=""IntegrityLevel"">Medium</Data>
      <Data Name=""Hashes"">MD5=3449EFF57D31F6C69D523AB848CA56C3,SHA256=D7C9B99AA403C0E629086E8E4ACF6438A5489FE9070DC22D6B033D759414FB76,IMPHASH=3371C06C266BC31A39D10990BC28CCE3</Data>
      <Data Name=""ParentProcessGuid"">{f57bd86a-a149-658c-c801-000000000f00}</Data>
      <Data Name=""ParentProcessId"">2960</Data>
      <Data Name=""ParentImage"">C:\Users\User\AppData\Local\Temp\chrome-win\chrome.exe</Data>
      <Data Name=""ParentCommandLine"">""C:\Users\User\AppData\Local\Temp\chrome-win\chrome.exe"" --load-extension=C:\Users\User\AppData\Local\Temp\extension\ </Data>
      <Data Name=""ParentUser"">WINDEV2309EVAL\User</Data>
    </EventData>
    <RenderingInfo Culture=""en-US"">
      <Message>Process Create:

RuleName: -

UtcTime: 2023-12-27 22:12:25.952

ProcessGuid: {f57bd86a-a149-658c-cb01-000000000f00}

ProcessId: 1480

Image: C:\Users\User\AppData\Local\Temp\chrome-win\chrome.exe

FileVersion: 116.0.5816.0

Description: Chromium

Product: Chromium

Company: The Chromium Authors

OriginalFileName: chrome.exe

CommandLine: C:\Users\User\AppData\Local\Temp\chrome-win\chrome.exe --type=crashpad-handler ""--user-data-dir=C:\Users\User\AppData\Local\Chromium\User Data"" /prefetch:7 --monitor-self-annotation=ptype=crashpad-handler ""--database=C:\Users\User\AppData\Local\Chromium\User Data\Crashpad"" --annotation=plat=Win64 --annotation=prod=Chromium --annotation=ver=116.0.5816.0-devel --initial-client-data=0x110,0x114,0x118,0xf4,0x11c,0x7ff8288fcaf0,0x7ff8288fcb00,0x7ff8288fcb10

CurrentDirectory: C:\Users\User\AppData\Local\Temp\chrome-win\

User: WINDEV2309EVAL\User

LogonGuid: {f57bd86a-36f9-658c-7bf8-020000000000}

LogonId: 0x2F87B

TerminalSessionId: 1

IntegrityLevel: Medium

Hashes: MD5=3449EFF57D31F6C69D523AB848CA56C3,SHA256=D7C9B99AA403C0E629086E8E4ACF6438A5489FE9070DC22D6B033D759414FB76,IMPHASH=3371C06C266BC31A39D10990BC28CCE3

ParentProcessGuid: {f57bd86a-a149-658c-c801-000000000f00}

ParentProcessId: 2960

ParentImage: C:\Users\User\AppData\Local\Temp\chrome-win\chrome.exe

ParentCommandLine: ""C:\Users\User\AppData\Local\Temp\chrome-win\chrome.exe"" --load-extension=C:\Users\User\AppData\Local\Temp\extension\ 

ParentUser: WINDEV2309EVAL\User</Message>
      <Level>Information</Level>
      <Task>Process Create (rule: ProcessCreate)</Task>
      <Opcode>Info</Opcode>
    </RenderingInfo>
  </Event>
  
"
Microsoft-Windows-Sysmon/Operational,"""C:\Windows\system32\appidcertstorecheck.exe""",Microsoft Corporation,WinDev2309Eval,,C:\Windows\system32\,AppID Certificate Store Verification Task,,,,,,1,19596,10.0.22621.2506 (WinBuild.160101.0800),"MD5=A3D3C1CF254BF1B45F5950EFAD6621AF,SHA256=82906ECB6EE934ED28839F127F7994A517B9D9C83746187246D6F226FB6A65E6,IMPHASH=7168353EDBE3AB24A184BB681FD55AE6",C:\Windows\System32\appidcertstorecheck.exe,,System,0x8000000000000000,Information,{f57bd86a-36f6-658c-e503-000000000000},0x3e5,"Process Create:

RuleName: -

UtcTime: 2023-12-27 22:12:25.918

ProcessGuid: {f57bd86a-a149-658c-c901-000000000f00}

ProcessId: 10520

Image: C:\Windows\System32\appidcertstorecheck.exe

FileVersion: 10.0.22621.2506 (WinBuild.160101.0800)

Description: AppID Certificate Store Verification Task

Product: Microsoft Windows Operating System

Company: Microsoft Corporation

OriginalFileName: AppIDCertstoreCheck.exe

CommandLine: ""C:\Windows\system32\appidcertstorecheck.exe""

CurrentDirectory: C:\Windows\system32\

User: NT AUTHORITY\LOCAL SERVICE

LogonGuid: {f57bd86a-36f6-658c-e503-000000000000}

LogonId: 0x3E5

TerminalSessionId: 0

IntegrityLevel: System

Hashes: MD5=A3D3C1CF254BF1B45F5950EFAD6621AF,SHA256=82906ECB6EE934ED28839F127F7994A517B9D9C83746187246D6F226FB6A65E6,IMPHASH=7168353EDBE3AB24A184BB681FD55AE6

ParentProcessGuid: {f57bd86a-36f6-658c-1d00-000000000f00}

ParentProcessId: 1496

ParentImage: C:\Windows\System32\svchost.exe

ParentCommandLine: C:\Windows\system32\svchost.exe -k netsvcs -p -s Schedule

ParentUser: NT AUTHORITY\SYSTEM",Info,AppIDCertstoreCheck.exe,C:\Windows\system32\svchost.exe -k netsvcs -p -s Schedule,C:\Windows\System32\svchost.exe,{f57bd86a-36f6-658c-1d00-000000000f00},1496,NT AUTHORITY\SYSTEM,,{f57bd86a-a149-658c-c901-000000000f00},3588,10520,Microsoft Windows Operating System,,,,,"
      ",-,,,,,,2023-12-27T22:12:25.9198514Z,,Process Create (rule: ProcessCreate),0,5124,NT AUTHORITY\LOCAL SERVICE,S-1-5-18,2023-12-27 22:12:25.918,5,"<Event xmlns=""http://schemas.microsoft.com/win/2004/08/events/event"">
    <System>
      <Provider Name=""Microsoft-Windows-Sysmon"" Guid=""{5770385f-c22a-43e0-bf4c-06f5698ffbd9}""/>
      <EventID>1</EventID>
      <Version>5</Version>
      <Level>4</Level>
      <Task>1</Task>
      <Opcode>0</Opcode>
      <Keywords>0x8000000000000000</Keywords>
      <TimeCreated SystemTime=""2023-12-27T22:12:25.9198514Z""/>
      <EventRecordID>19596</EventRecordID>
      <Correlation/>
      <Execution ProcessID=""3588"" ThreadID=""5124""/>
      <Channel>Microsoft-Windows-Sysmon/Operational</Channel>
      <Computer>WinDev2309Eval</Computer>
      <Security UserID=""S-1-5-18""/>
    </System>
    <EventData>
      <Data Name=""RuleName"">-</Data>
      <Data Name=""UtcTime"">2023-12-27 22:12:25.918</Data>
      <Data Name=""ProcessGuid"">{f57bd86a-a149-658c-c901-000000000f00}</Data>
      <Data Name=""ProcessId"">10520</Data>
      <Data Name=""Image"">C:\Windows\System32\appidcertstorecheck.exe</Data>
      <Data Name=""FileVersion"">10.0.22621.2506 (WinBuild.160101.0800)</Data>
      <Data Name=""Description"">AppID Certificate Store Verification Task</Data>
      <Data Name=""Product"">Microsoft&#174; Windows&#174; Operating System</Data>
      <Data Name=""Company"">Microsoft Corporation</Data>
      <Data Name=""OriginalFileName"">AppIDCertstoreCheck.exe</Data>
      <Data Name=""CommandLine"">""C:\Windows\system32\appidcertstorecheck.exe""</Data>
      <Data Name=""CurrentDirectory"">C:\Windows\system32\</Data>
      <Data Name=""User"">NT AUTHORITY\LOCAL SERVICE</Data>
      <Data Name=""LogonGuid"">{f57bd86a-36f6-658c-e503-000000000000}</Data>
      <Data Name=""LogonId"">0x3e5</Data>
      <Data Name=""TerminalSessionId"">0</Data>
      <Data Name=""IntegrityLevel"">System</Data>
      <Data Name=""Hashes"">MD5=A3D3C1CF254BF1B45F5950EFAD6621AF,SHA256=82906ECB6EE934ED28839F127F7994A517B9D9C83746187246D6F226FB6A65E6,IMPHASH=7168353EDBE3AB24A184BB681FD55AE6</Data>
      <Data Name=""ParentProcessGuid"">{f57bd86a-36f6-658c-1d00-000000000f00}</Data>
      <Data Name=""ParentProcessId"">1496</Data>
      <Data Name=""ParentImage"">C:\Windows\System32\svchost.exe</Data>
      <Data Name=""ParentCommandLine"">C:\Windows\system32\svchost.exe -k netsvcs -p -s Schedule</Data>
      <Data Name=""ParentUser"">NT AUTHORITY\SYSTEM</Data>
    </EventData>
    <RenderingInfo Culture=""en-US"">
      <Message>Process Create:

RuleName: -

UtcTime: 2023-12-27 22:12:25.918

ProcessGuid: {f57bd86a-a149-658c-c901-000000000f00}

ProcessId: 10520

Image: C:\Windows\System32\appidcertstorecheck.exe

FileVersion: 10.0.22621.2506 (WinBuild.160101.0800)

Description: AppID Certificate Store Verification Task

Product: Microsoft&#174; Windows&#174; Operating System

Company: Microsoft Corporation

OriginalFileName: AppIDCertstoreCheck.exe

CommandLine: ""C:\Windows\system32\appidcertstorecheck.exe""

CurrentDirectory: C:\Windows\system32\

User: NT AUTHORITY\LOCAL SERVICE

LogonGuid: {f57bd86a-36f6-658c-e503-000000000000}

LogonId: 0x3E5

TerminalSessionId: 0

IntegrityLevel: System

Hashes: MD5=A3D3C1CF254BF1B45F5950EFAD6621AF,SHA256=82906ECB6EE934ED28839F127F7994A517B9D9C83746187246D6F226FB6A65E6,IMPHASH=7168353EDBE3AB24A184BB681FD55AE6

ParentProcessGuid: {f57bd86a-36f6-658c-1d00-000000000f00}

ParentProcessId: 1496

ParentImage: C:\Windows\System32\svchost.exe

ParentCommandLine: C:\Windows\system32\svchost.exe -k netsvcs -p -s Schedule

ParentUser: NT AUTHORITY\SYSTEM</Message>
      <Level>Information</Level>
      <Task>Process Create (rule: ProcessCreate)</Task>
      <Opcode>Info</Opcode>
    </RenderingInfo>
  </Event>
  
"
Microsoft-Windows-Sysmon/Operational,"""C:\Users\User\AppData\Local\Temp\chrome-win\chrome.exe"" --load-extension=C:\Users\User\AppData\Local\Temp\extension\ ",The Chromium Authors,WinDev2309Eval,,C:\Users\User\AppData\Local\Temp\,Chromium,,,,,,1,19595,116.0.5816.0,"MD5=3449EFF57D31F6C69D523AB848CA56C3,SHA256=D7C9B99AA403C0E629086E8E4ACF6438A5489FE9070DC22D6B033D759414FB76,IMPHASH=3371C06C266BC31A39D10990BC28CCE3",C:\Users\User\AppData\Local\Temp\chrome-win\chrome.exe,,Medium,0x8000000000000000,Information,{f57bd86a-36f9-658c-7bf8-020000000000},0x2f87b,"Process Create:

RuleName: -

UtcTime: 2023-12-27 22:12:25.817

ProcessGuid: {f57bd86a-a149-658c-c801-000000000f00}

ProcessId: 2960

Image: C:\Users\User\AppData\Local\Temp\chrome-win\chrome.exe

FileVersion: 116.0.5816.0

Description: Chromium

Product: Chromium

Company: The Chromium Authors

OriginalFileName: chrome.exe

CommandLine: ""C:\Users\User\AppData\Local\Temp\chrome-win\chrome.exe"" --load-extension=C:\Users\User\AppData\Local\Temp\extension\ 

CurrentDirectory: C:\Users\User\AppData\Local\Temp\

User: WINDEV2309EVAL\User

LogonGuid: {f57bd86a-36f9-658c-7bf8-020000000000}

LogonId: 0x2F87B

TerminalSessionId: 1

IntegrityLevel: Medium

Hashes: MD5=3449EFF57D31F6C69D523AB848CA56C3,SHA256=D7C9B99AA403C0E629086E8E4ACF6438A5489FE9070DC22D6B033D759414FB76,IMPHASH=3371C06C266BC31A39D10990BC28CCE3

ParentProcessGuid: {f57bd86a-a127-658c-c601-000000000f00}

ParentProcessId: 868

ParentImage: C:\Windows\System32\WindowsPowerShell\v1.0\powershell.exe

ParentCommandLine: ""powershell.exe"" & {# Chromium
$chromium =  \""""https://commondatastorage.googleapis.com/chromium-browser-snapshots/Win_x64/1153778/chrome-win.zip\""""

# uBlock Origin Lite to test side-loading
$extension = \""""https://github.com/gorhill/uBlock/releases/download/uBOLite_0.1.23.6055/uBOLite_0.1.23.6055.chromium.mv3.zip\""""

Set-Location \""""$env:TEMP\""""

Set-Variable ProgressPreference SilentlyContinue
Invoke-WebRequest -URI $chromium -OutFile \""""$env:TEMP\chrome.zip\""""
Invoke-WebRequest -URI $extension -OutFile \""""$env:TEMP\extension.zip\""""


Expand-Archive chrome.zip -DestinationPath \""""$env:TEMP\"""" -Force
Expand-Archive extension.zip -Force

Start-Process .\chrome-win\chrome.exe --load-extension=\""""$env:TEMP\extension\\"""" -PassThru}

ParentUser: WINDEV2309EVAL\User",Info,chrome.exe,"""powershell.exe"" & {# Chromium
$chromium =  \""""https://commondatastorage.googleapis.com/chromium-browser-snapshots/Win_x64/1153778/chrome-win.zip\""""

# uBlock Origin Lite to test side-loading
$extension = \""""https://github.com/gorhill/uBlock/releases/download/uBOLite_0.1.23.6055/uBOLite_0.1.23.6055.chromium.mv3.zip\""""

Set-Location \""""$env:TEMP\""""

Set-Variable ProgressPreference SilentlyContinue
Invoke-WebRequest -URI $chromium -OutFile \""""$env:TEMP\chrome.zip\""""
Invoke-WebRequest -URI $extension -OutFile \""""$env:TEMP\extension.zip\""""


Expand-Archive chrome.zip -DestinationPath \""""$env:TEMP\"""" -Force
Expand-Archive extension.zip -Force

Start-Process .\chrome-win\chrome.exe --load-extension=\""""$env:TEMP\extension\\"""" -PassThru}",C:\Windows\System32\WindowsPowerShell\v1.0\powershell.exe,{f57bd86a-a127-658c-c601-000000000f00},868,WINDEV2309EVAL\User,,{f57bd86a-a149-658c-c801-000000000f00},3588,2960,Chromium,,,,,"
      ",-,,,,,,2023-12-27T22:12:25.8328660Z,,Process Create (rule: ProcessCreate),1,5124,WINDEV2309EVAL\User,S-1-5-18,2023-12-27 22:12:25.817,5,"<Event xmlns=""http://schemas.microsoft.com/win/2004/08/events/event"">
    <System>
      <Provider Name=""Microsoft-Windows-Sysmon"" Guid=""{5770385f-c22a-43e0-bf4c-06f5698ffbd9}""/>
      <EventID>1</EventID>
      <Version>5</Version>
      <Level>4</Level>
      <Task>1</Task>
      <Opcode>0</Opcode>
      <Keywords>0x8000000000000000</Keywords>
      <TimeCreated SystemTime=""2023-12-27T22:12:25.8328660Z""/>
      <EventRecordID>19595</EventRecordID>
      <Correlation/>
      <Execution ProcessID=""3588"" ThreadID=""5124""/>
      <Channel>Microsoft-Windows-Sysmon/Operational</Channel>
      <Computer>WinDev2309Eval</Computer>
      <Security UserID=""S-1-5-18""/>
    </System>
    <EventData>
      <Data Name=""RuleName"">-</Data>
      <Data Name=""UtcTime"">2023-12-27 22:12:25.817</Data>
      <Data Name=""ProcessGuid"">{f57bd86a-a149-658c-c801-000000000f00}</Data>
      <Data Name=""ProcessId"">2960</Data>
      <Data Name=""Image"">C:\Users\User\AppData\Local\Temp\chrome-win\chrome.exe</Data>
      <Data Name=""FileVersion"">116.0.5816.0</Data>
      <Data Name=""Description"">Chromium</Data>
      <Data Name=""Product"">Chromium</Data>
      <Data Name=""Company"">The Chromium Authors</Data>
      <Data Name=""OriginalFileName"">chrome.exe</Data>
      <Data Name=""CommandLine"">""C:\Users\User\AppData\Local\Temp\chrome-win\chrome.exe"" --load-extension=C:\Users\User\AppData\Local\Temp\extension\ </Data>
      <Data Name=""CurrentDirectory"">C:\Users\User\AppData\Local\Temp\</Data>
      <Data Name=""User"">WINDEV2309EVAL\User</Data>
      <Data Name=""LogonGuid"">{f57bd86a-36f9-658c-7bf8-020000000000}</Data>
      <Data Name=""LogonId"">0x2f87b</Data>
      <Data Name=""TerminalSessionId"">1</Data>
      <Data Name=""IntegrityLevel"">Medium</Data>
      <Data Name=""Hashes"">MD5=3449EFF57D31F6C69D523AB848CA56C3,SHA256=D7C9B99AA403C0E629086E8E4ACF6438A5489FE9070DC22D6B033D759414FB76,IMPHASH=3371C06C266BC31A39D10990BC28CCE3</Data>
      <Data Name=""ParentProcessGuid"">{f57bd86a-a127-658c-c601-000000000f00}</Data>
      <Data Name=""ParentProcessId"">868</Data>
      <Data Name=""ParentImage"">C:\Windows\System32\WindowsPowerShell\v1.0\powershell.exe</Data>
      <Data Name=""ParentCommandLine"">""powershell.exe"" &amp; {# Chromium
$chromium =  \""""https://commondatastorage.googleapis.com/chromium-browser-snapshots/Win_x64/1153778/chrome-win.zip\""""

# uBlock Origin Lite to test side-loading
$extension = \""""https://github.com/gorhill/uBlock/releases/download/uBOLite_0.1.23.6055/uBOLite_0.1.23.6055.chromium.mv3.zip\""""

Set-Location \""""$env:TEMP\""""

Set-Variable ProgressPreference SilentlyContinue
Invoke-WebRequest -URI $chromium -OutFile \""""$env:TEMP\chrome.zip\""""
Invoke-WebRequest -URI $extension -OutFile \""""$env:TEMP\extension.zip\""""


Expand-Archive chrome.zip -DestinationPath \""""$env:TEMP\"""" -Force
Expand-Archive extension.zip -Force

Start-Process .\chrome-win\chrome.exe --load-extension=\""""$env:TEMP\extension\\"""" -PassThru}</Data>
      <Data Name=""ParentUser"">WINDEV2309EVAL\User</Data>
    </EventData>
    <RenderingInfo Culture=""en-US"">
      <Message>Process Create:

RuleName: -

UtcTime: 2023-12-27 22:12:25.817

ProcessGuid: {f57bd86a-a149-658c-c801-000000000f00}

ProcessId: 2960

Image: C:\Users\User\AppData\Local\Temp\chrome-win\chrome.exe

FileVersion: 116.0.5816.0

Description: Chromium

Product: Chromium

Company: The Chromium Authors

OriginalFileName: chrome.exe

CommandLine: ""C:\Users\User\AppData\Local\Temp\chrome-win\chrome.exe"" --load-extension=C:\Users\User\AppData\Local\Temp\extension\ 

CurrentDirectory: C:\Users\User\AppData\Local\Temp\

User: WINDEV2309EVAL\User

LogonGuid: {f57bd86a-36f9-658c-7bf8-020000000000}

LogonId: 0x2F87B

TerminalSessionId: 1

IntegrityLevel: Medium

Hashes: MD5=3449EFF57D31F6C69D523AB848CA56C3,SHA256=D7C9B99AA403C0E629086E8E4ACF6438A5489FE9070DC22D6B033D759414FB76,IMPHASH=3371C06C266BC31A39D10990BC28CCE3

ParentProcessGuid: {f57bd86a-a127-658c-c601-000000000f00}

ParentProcessId: 868

ParentImage: C:\Windows\System32\WindowsPowerShell\v1.0\powershell.exe

ParentCommandLine: ""powershell.exe"" &amp; {# Chromium
$chromium =  \""""https://commondatastorage.googleapis.com/chromium-browser-snapshots/Win_x64/1153778/chrome-win.zip\""""

# uBlock Origin Lite to test side-loading
$extension = \""""https://github.com/gorhill/uBlock/releases/download/uBOLite_0.1.23.6055/uBOLite_0.1.23.6055.chromium.mv3.zip\""""

Set-Location \""""$env:TEMP\""""

Set-Variable ProgressPreference SilentlyContinue
Invoke-WebRequest -URI $chromium -OutFile \""""$env:TEMP\chrome.zip\""""
Invoke-WebRequest -URI $extension -OutFile \""""$env:TEMP\extension.zip\""""


Expand-Archive chrome.zip -DestinationPath \""""$env:TEMP\"""" -Force
Expand-Archive extension.zip -Force

Start-Process .\chrome-win\chrome.exe --load-extension=\""""$env:TEMP\extension\\"""" -PassThru}

ParentUser: WINDEV2309EVAL\User</Message>
      <Level>Information</Level>
      <Task>Process Create (rule: ProcessCreate)</Task>
      <Opcode>Info</Opcode>
    </RenderingInfo>
  </Event>
  
"
Microsoft-Windows-Sysmon/Operational,,,WinDev2309Eval,2023-12-27 22:12:25.302,,,,,,,,11,19594,,,C:\Windows\System32\WindowsPowerShell\v1.0\powershell.exe,,,0x8000000000000000,Information,,,"File created:

RuleName: DLL

UtcTime: 2023-12-27 22:12:25.302

ProcessGuid: {f57bd86a-a127-658c-c601-000000000f00}

ProcessId: 868

Image: C:\Windows\System32\WindowsPowerShell\v1.0\powershell.exe

TargetFilename: C:\Users\User\AppData\Local\Temp\chrome-win\vulkan-1.dll

CreationUtcTime: 2023-12-27 22:12:25.302

User: WINDEV2309EVAL\User",Info,,,,,,,,{f57bd86a-a127-658c-c601-000000000f00},3588,868,,,,,,"
      ",DLL,,,,,,2023-12-27T22:12:25.3153198Z,C:\Users\User\AppData\Local\Temp\chrome-win\vulkan-1.dll,File created (rule: FileCreate),,5124,WINDEV2309EVAL\User,S-1-5-18,2023-12-27 22:12:25.302,2,"<Event xmlns=""http://schemas.microsoft.com/win/2004/08/events/event"">
    <System>
      <Provider Name=""Microsoft-Windows-Sysmon"" Guid=""{5770385f-c22a-43e0-bf4c-06f5698ffbd9}""/>
      <EventID>11</EventID>
      <Version>2</Version>
      <Level>4</Level>
      <Task>11</Task>
      <Opcode>0</Opcode>
      <Keywords>0x8000000000000000</Keywords>
      <TimeCreated SystemTime=""2023-12-27T22:12:25.3153198Z""/>
      <EventRecordID>19594</EventRecordID>
      <Correlation/>
      <Execution ProcessID=""3588"" ThreadID=""5124""/>
      <Channel>Microsoft-Windows-Sysmon/Operational</Channel>
      <Computer>WinDev2309Eval</Computer>
      <Security UserID=""S-1-5-18""/>
    </System>
    <EventData>
      <Data Name=""RuleName"">DLL</Data>
      <Data Name=""UtcTime"">2023-12-27 22:12:25.302</Data>
      <Data Name=""ProcessGuid"">{f57bd86a-a127-658c-c601-000000000f00}</Data>
      <Data Name=""ProcessId"">868</Data>
      <Data Name=""Image"">C:\Windows\System32\WindowsPowerShell\v1.0\powershell.exe</Data>
      <Data Name=""TargetFilename"">C:\Users\User\AppData\Local\Temp\chrome-win\vulkan-1.dll</Data>
      <Data Name=""CreationUtcTime"">2023-12-27 22:12:25.302</Data>
      <Data Name=""User"">WINDEV2309EVAL\User</Data>
    </EventData>
    <RenderingInfo Culture=""en-US"">
      <Message>File created:

RuleName: DLL

UtcTime: 2023-12-27 22:12:25.302

ProcessGuid: {f57bd86a-a127-658c-c601-000000000f00}

ProcessId: 868

Image: C:\Windows\System32\WindowsPowerShell\v1.0\powershell.exe

TargetFilename: C:\Users\User\AppData\Local\Temp\chrome-win\vulkan-1.dll

CreationUtcTime: 2023-12-27 22:12:25.302

User: WINDEV2309EVAL\User</Message>
      <Level>Information</Level>
      <Task>File created (rule: FileCreate)</Task>
      <Opcode>Info</Opcode>
    </RenderingInfo>
  </Event>
  
"
Microsoft-Windows-Sysmon/Operational,,,WinDev2309Eval,2023-12-27 22:12:25.190,,,,,,,,11,19593,,,C:\Windows\System32\WindowsPowerShell\v1.0\powershell.exe,,,0x8000000000000000,Information,,,"File created:

RuleName: DLL

UtcTime: 2023-12-27 22:12:25.190

ProcessGuid: {f57bd86a-a127-658c-c601-000000000f00}

ProcessId: 868

Image: C:\Windows\System32\WindowsPowerShell\v1.0\powershell.exe

TargetFilename: C:\Users\User\AppData\Local\Temp\chrome-win\vk_swiftshader.dll

CreationUtcTime: 2023-12-27 22:12:25.190

User: WINDEV2309EVAL\User",Info,,,,,,,,{f57bd86a-a127-658c-c601-000000000f00},3588,868,,,,,,"
      ",DLL,,,,,,2023-12-27T22:12:25.1927067Z,C:\Users\User\AppData\Local\Temp\chrome-win\vk_swiftshader.dll,File created (rule: FileCreate),,5124,WINDEV2309EVAL\User,S-1-5-18,2023-12-27 22:12:25.190,2,"<Event xmlns=""http://schemas.microsoft.com/win/2004/08/events/event"">
    <System>
      <Provider Name=""Microsoft-Windows-Sysmon"" Guid=""{5770385f-c22a-43e0-bf4c-06f5698ffbd9}""/>
      <EventID>11</EventID>
      <Version>2</Version>
      <Level>4</Level>
      <Task>11</Task>
      <Opcode>0</Opcode>
      <Keywords>0x8000000000000000</Keywords>
      <TimeCreated SystemTime=""2023-12-27T22:12:25.1927067Z""/>
      <EventRecordID>19593</EventRecordID>
      <Correlation/>
      <Execution ProcessID=""3588"" ThreadID=""5124""/>
      <Channel>Microsoft-Windows-Sysmon/Operational</Channel>
      <Computer>WinDev2309Eval</Computer>
      <Security UserID=""S-1-5-18""/>
    </System>
    <EventData>
      <Data Name=""RuleName"">DLL</Data>
      <Data Name=""UtcTime"">2023-12-27 22:12:25.190</Data>
      <Data Name=""ProcessGuid"">{f57bd86a-a127-658c-c601-000000000f00}</Data>
      <Data Name=""ProcessId"">868</Data>
      <Data Name=""Image"">C:\Windows\System32\WindowsPowerShell\v1.0\powershell.exe</Data>
      <Data Name=""TargetFilename"">C:\Users\User\AppData\Local\Temp\chrome-win\vk_swiftshader.dll</Data>
      <Data Name=""CreationUtcTime"">2023-12-27 22:12:25.190</Data>
      <Data Name=""User"">WINDEV2309EVAL\User</Data>
    </EventData>
    <RenderingInfo Culture=""en-US"">
      <Message>File created:

RuleName: DLL

UtcTime: 2023-12-27 22:12:25.190

ProcessGuid: {f57bd86a-a127-658c-c601-000000000f00}

ProcessId: 868

Image: C:\Windows\System32\WindowsPowerShell\v1.0\powershell.exe

TargetFilename: C:\Users\User\AppData\Local\Temp\chrome-win\vk_swiftshader.dll

CreationUtcTime: 2023-12-27 22:12:25.190

User: WINDEV2309EVAL\User</Message>
      <Level>Information</Level>
      <Task>File created (rule: FileCreate)</Task>
      <Opcode>Info</Opcode>
    </RenderingInfo>
  </Event>
  
"
Microsoft-Windows-Sysmon/Operational,,,WinDev2309Eval,2023-12-27 22:12:24.981,,,,,,,,11,19592,,,C:\Windows\System32\WindowsPowerShell\v1.0\powershell.exe,,,0x8000000000000000,Information,,,"File created:

RuleName: EXE

UtcTime: 2023-12-27 22:12:24.981

ProcessGuid: {f57bd86a-a127-658c-c601-000000000f00}

ProcessId: 868

Image: C:\Windows\System32\WindowsPowerShell\v1.0\powershell.exe

TargetFilename: C:\Users\User\AppData\Local\Temp\chrome-win\notification_helper.exe

CreationUtcTime: 2023-12-27 22:12:24.981

User: WINDEV2309EVAL\User",Info,,,,,,,,{f57bd86a-a127-658c-c601-000000000f00},3588,868,,,,,,"
      ",EXE,,,,,,2023-12-27T22:12:24.9878525Z,C:\Users\User\AppData\Local\Temp\chrome-win\notification_helper.exe,File created (rule: FileCreate),,5124,WINDEV2309EVAL\User,S-1-5-18,2023-12-27 22:12:24.981,2,"<Event xmlns=""http://schemas.microsoft.com/win/2004/08/events/event"">
    <System>
      <Provider Name=""Microsoft-Windows-Sysmon"" Guid=""{5770385f-c22a-43e0-bf4c-06f5698ffbd9}""/>
      <EventID>11</EventID>
      <Version>2</Version>
      <Level>4</Level>
      <Task>11</Task>
      <Opcode>0</Opcode>
      <Keywords>0x8000000000000000</Keywords>
      <TimeCreated SystemTime=""2023-12-27T22:12:24.9878525Z""/>
      <EventRecordID>19592</EventRecordID>
      <Correlation/>
      <Execution ProcessID=""3588"" ThreadID=""5124""/>
      <Channel>Microsoft-Windows-Sysmon/Operational</Channel>
      <Computer>WinDev2309Eval</Computer>
      <Security UserID=""S-1-5-18""/>
    </System>
    <EventData>
      <Data Name=""RuleName"">EXE</Data>
      <Data Name=""UtcTime"">2023-12-27 22:12:24.981</Data>
      <Data Name=""ProcessGuid"">{f57bd86a-a127-658c-c601-000000000f00}</Data>
      <Data Name=""ProcessId"">868</Data>
      <Data Name=""Image"">C:\Windows\System32\WindowsPowerShell\v1.0\powershell.exe</Data>
      <Data Name=""TargetFilename"">C:\Users\User\AppData\Local\Temp\chrome-win\notification_helper.exe</Data>
      <Data Name=""CreationUtcTime"">2023-12-27 22:12:24.981</Data>
      <Data Name=""User"">WINDEV2309EVAL\User</Data>
    </EventData>
    <RenderingInfo Culture=""en-US"">
      <Message>File created:

RuleName: EXE

UtcTime: 2023-12-27 22:12:24.981

ProcessGuid: {f57bd86a-a127-658c-c601-000000000f00}

ProcessId: 868

Image: C:\Windows\System32\WindowsPowerShell\v1.0\powershell.exe

TargetFilename: C:\Users\User\AppData\Local\Temp\chrome-win\notification_helper.exe

CreationUtcTime: 2023-12-27 22:12:24.981

User: WINDEV2309EVAL\User</Message>
      <Level>Information</Level>
      <Task>File created (rule: FileCreate)</Task>
      <Opcode>Info</Opcode>
    </RenderingInfo>
  </Event>
  
"
Microsoft-Windows-Sysmon/Operational,,,WinDev2309Eval,2023-12-27 22:12:24.837,,,,,,,,11,19591,,,C:\Windows\System32\WindowsPowerShell\v1.0\powershell.exe,,,0x8000000000000000,Information,,,"File created:

RuleName: DLL

UtcTime: 2023-12-27 22:12:24.837

ProcessGuid: {f57bd86a-a127-658c-c601-000000000f00}

ProcessId: 868

Image: C:\Windows\System32\WindowsPowerShell\v1.0\powershell.exe

TargetFilename: C:\Users\User\AppData\Local\Temp\chrome-win\mojo_core.dll

CreationUtcTime: 2023-12-27 22:12:24.837

User: WINDEV2309EVAL\User",Info,,,,,,,,{f57bd86a-a127-658c-c601-000000000f00},3588,868,,,,,,"
      ",DLL,,,,,,2023-12-27T22:12:24.8478283Z,C:\Users\User\AppData\Local\Temp\chrome-win\mojo_core.dll,File created (rule: FileCreate),,5124,WINDEV2309EVAL\User,S-1-5-18,2023-12-27 22:12:24.837,2,"<Event xmlns=""http://schemas.microsoft.com/win/2004/08/events/event"">
    <System>
      <Provider Name=""Microsoft-Windows-Sysmon"" Guid=""{5770385f-c22a-43e0-bf4c-06f5698ffbd9}""/>
      <EventID>11</EventID>
      <Version>2</Version>
      <Level>4</Level>
      <Task>11</Task>
      <Opcode>0</Opcode>
      <Keywords>0x8000000000000000</Keywords>
      <TimeCreated SystemTime=""2023-12-27T22:12:24.8478283Z""/>
      <EventRecordID>19591</EventRecordID>
      <Correlation/>
      <Execution ProcessID=""3588"" ThreadID=""5124""/>
      <Channel>Microsoft-Windows-Sysmon/Operational</Channel>
      <Computer>WinDev2309Eval</Computer>
      <Security UserID=""S-1-5-18""/>
    </System>
    <EventData>
      <Data Name=""RuleName"">DLL</Data>
      <Data Name=""UtcTime"">2023-12-27 22:12:24.837</Data>
      <Data Name=""ProcessGuid"">{f57bd86a-a127-658c-c601-000000000f00}</Data>
      <Data Name=""ProcessId"">868</Data>
      <Data Name=""Image"">C:\Windows\System32\WindowsPowerShell\v1.0\powershell.exe</Data>
      <Data Name=""TargetFilename"">C:\Users\User\AppData\Local\Temp\chrome-win\mojo_core.dll</Data>
      <Data Name=""CreationUtcTime"">2023-12-27 22:12:24.837</Data>
      <Data Name=""User"">WINDEV2309EVAL\User</Data>
    </EventData>
    <RenderingInfo Culture=""en-US"">
      <Message>File created:

RuleName: DLL

UtcTime: 2023-12-27 22:12:24.837

ProcessGuid: {f57bd86a-a127-658c-c601-000000000f00}

ProcessId: 868

Image: C:\Windows\System32\WindowsPowerShell\v1.0\powershell.exe

TargetFilename: C:\Users\User\AppData\Local\Temp\chrome-win\mojo_core.dll

CreationUtcTime: 2023-12-27 22:12:24.837

User: WINDEV2309EVAL\User</Message>
      <Level>Information</Level>
      <Task>File created (rule: FileCreate)</Task>
      <Opcode>Info</Opcode>
    </RenderingInfo>
  </Event>
  
"
