Microsoft-Windows-Sysmon/Operational,"""powershell.exe"" & {Start-BitsTransfer -Priority foreground -Source https://raw.githubusercontent.com/redcanaryco/atomic-red-team/master/atomics/T1197/T1197.md -Destination $env:TEMP\bitsadmin2_flag.ps1}",Microsoft Corporation,WinDev2309Eval,,C:\Users\User\AppData\Local\Temp\,Windows PowerShell,1,19577,10.0.22621.2506 (WinBuild.160101.0800),"MD5=2D1D70C92A419D9079B047954C611886,SHA256=C50057756CDB25D481CF2502ABCEF124F864C27618C5057468BFC6B82B2C4EDD,IMPHASH=E09C4F82A1DA13A09F4FF2E625FEBA20",C:\Windows\System32\WindowsPowerShell\v1.0\powershell.exe,Medium,0x8000000000000000,Information,{f57bd86a-36f9-658c-7bf8-020000000000},0x2f87b,"Process Create:

RuleName: -

UtcTime: 2023-12-27 22:18:18.574

ProcessGuid: {f57bd86a-a2aa-658c-ca01-000000000f00}

ProcessId: 2008

Image: C:\Windows\System32\WindowsPowerShell\v1.0\powershell.exe

FileVersion: 10.0.22621.2506 (WinBuild.160101.0800)

Description: Windows PowerShell

Product: Microsoft® Windows® Operating System

Company: Microsoft Corporation

OriginalFileName: PowerShell.EXE

CommandLine: ""powershell.exe"" & {Start-BitsTransfer -Priority foreground -Source https://raw.githubusercontent.com/redcanaryco/atomic-red-team/master/atomics/T1197/T1197.md -Destination $env:TEMP\bitsadmin2_flag.ps1}

CurrentDirectory: C:\Users\User\AppData\Local\Temp\

User: WINDEV2309EVAL\User

LogonGuid: {f57bd86a-36f9-658c-7bf8-020000000000}

LogonId: 0x2F87B

TerminalSessionId: 1

IntegrityLevel: Medium

Hashes: MD5=2D1D70C92A419D9079B047954C611886,SHA256=C50057756CDB25D481CF2502ABCEF124F864C27618C5057468BFC6B82B2C4EDD,IMPHASH=E09C4F82A1DA13A09F4FF2E625FEBA20

ParentProcessGuid: {00000000-0000-0000-0000-000000000000}

ParentProcessId: 1688

ParentImage: -

ParentCommandLine: -

ParentUser: -",Info,PowerShell.EXE,-,-,{00000000-0000-0000-0000-000000000000},1688,-,{f57bd86a-a2aa-658c-ca01-000000000f00},3588,2008,Microsoft® Windows® Operating System,,,,"
      ",-,2023-12-27T22:18:18.5759160Z,,Process Create (rule: ProcessCreate),1,5124,WINDEV2309EVAL\User,S-1-5-18,2023-12-27 22:18:18.574,5,"<Event xmlns=""http://schemas.microsoft.com/win/2004/08/events/event"">
    <System>
      <Provider Name=""Microsoft-Windows-Sysmon"" Guid=""{5770385f-c22a-43e0-bf4c-06f5698ffbd9}""/>
      <EventID>1</EventID>
      <Version>5</Version>
      <Level>4</Level>
      <Task>1</Task>
      <Opcode>0</Opcode>
      <Keywords>0x8000000000000000</Keywords>
      <TimeCreated SystemTime=""2023-12-27T22:18:18.5759160Z""/>
      <EventRecordID>19577</EventRecordID>
      <Correlation/>
      <Execution ProcessID=""3588"" ThreadID=""5124""/>
      <Channel>Microsoft-Windows-Sysmon/Operational</Channel>
      <Computer>WinDev2309Eval</Computer>
      <Security UserID=""S-1-5-18""/>
    </System>
    <EventData>
      <Data Name=""RuleName"">-</Data>
      <Data Name=""UtcTime"">2023-12-27 22:18:18.574</Data>
      <Data Name=""ProcessGuid"">{f57bd86a-a2aa-658c-ca01-000000000f00}</Data>
      <Data Name=""ProcessId"">2008</Data>
      <Data Name=""Image"">C:\Windows\System32\WindowsPowerShell\v1.0\powershell.exe</Data>
      <Data Name=""FileVersion"">10.0.22621.2506 (WinBuild.160101.0800)</Data>
      <Data Name=""Description"">Windows PowerShell</Data>
      <Data Name=""Product"">Microsoft&#174; Windows&#174; Operating System</Data>
      <Data Name=""Company"">Microsoft Corporation</Data>
      <Data Name=""OriginalFileName"">PowerShell.EXE</Data>
      <Data Name=""CommandLine"">""powershell.exe"" &amp; {Start-BitsTransfer -Priority foreground -Source https://raw.githubusercontent.com/redcanaryco/atomic-red-team/master/atomics/T1197/T1197.md -Destination $env:TEMP\bitsadmin2_flag.ps1}</Data>
      <Data Name=""CurrentDirectory"">C:\Users\User\AppData\Local\Temp\</Data>
      <Data Name=""User"">WINDEV2309EVAL\User</Data>
      <Data Name=""LogonGuid"">{f57bd86a-36f9-658c-7bf8-020000000000}</Data>
      <Data Name=""LogonId"">0x2f87b</Data>
      <Data Name=""TerminalSessionId"">1</Data>
      <Data Name=""IntegrityLevel"">Medium</Data>
      <Data Name=""Hashes"">MD5=2D1D70C92A419D9079B047954C611886,SHA256=C50057756CDB25D481CF2502ABCEF124F864C27618C5057468BFC6B82B2C4EDD,IMPHASH=E09C4F82A1DA13A09F4FF2E625FEBA20</Data>
      <Data Name=""ParentProcessGuid"">{00000000-0000-0000-0000-000000000000}</Data>
      <Data Name=""ParentProcessId"">1688</Data>
      <Data Name=""ParentImage"">-</Data>
      <Data Name=""ParentCommandLine"">-</Data>
      <Data Name=""ParentUser"">-</Data>
    </EventData>
    <RenderingInfo Culture=""en-US"">
      <Message>Process Create:

RuleName: -

UtcTime: 2023-12-27 22:18:18.574

ProcessGuid: {f57bd86a-a2aa-658c-ca01-000000000f00}

ProcessId: 2008

Image: C:\Windows\System32\WindowsPowerShell\v1.0\powershell.exe

FileVersion: 10.0.22621.2506 (WinBuild.160101.0800)

Description: Windows PowerShell

Product: Microsoft&#174; Windows&#174; Operating System

Company: Microsoft Corporation

OriginalFileName: PowerShell.EXE

CommandLine: ""powershell.exe"" &amp; {Start-BitsTransfer -Priority foreground -Source https://raw.githubusercontent.com/redcanaryco/atomic-red-team/master/atomics/T1197/T1197.md -Destination $env:TEMP\bitsadmin2_flag.ps1}

CurrentDirectory: C:\Users\User\AppData\Local\Temp\

User: WINDEV2309EVAL\User

LogonGuid: {f57bd86a-36f9-658c-7bf8-020000000000}

LogonId: 0x2F87B

TerminalSessionId: 1

IntegrityLevel: Medium

Hashes: MD5=2D1D70C92A419D9079B047954C611886,SHA256=C50057756CDB25D481CF2502ABCEF124F864C27618C5057468BFC6B82B2C4EDD,IMPHASH=E09C4F82A1DA13A09F4FF2E625FEBA20

ParentProcessGuid: {00000000-0000-0000-0000-000000000000}

ParentProcessId: 1688

ParentImage: -

ParentCommandLine: -

ParentUser: -</Message>
      <Level>Information</Level>
      <Task>Process Create (rule: ProcessCreate)</Task>
      <Opcode>Info</Opcode>
    </RenderingInfo>
  </Event>
  
"
Microsoft-Windows-Sysmon/Operational,"""C:\Windows\system32\appidcertstorecheck.exe""",Microsoft Corporation,WinDev2309Eval,,C:\Windows\system32\,AppID Certificate Store Verification Task,1,19576,10.0.22621.2506 (WinBuild.160101.0800),"MD5=A3D3C1CF254BF1B45F5950EFAD6621AF,SHA256=82906ECB6EE934ED28839F127F7994A517B9D9C83746187246D6F226FB6A65E6,IMPHASH=7168353EDBE3AB24A184BB681FD55AE6",C:\Windows\System32\appidcertstorecheck.exe,System,0x8000000000000000,Information,{f57bd86a-36f6-658c-e503-000000000000},0x3e5,"Process Create:

RuleName: -

UtcTime: 2023-12-27 22:17:16.710

ProcessGuid: {f57bd86a-a26c-658c-c801-000000000f00}

ProcessId: 12064

Image: C:\Windows\System32\appidcertstorecheck.exe

FileVersion: 10.0.22621.2506 (WinBuild.160101.0800)

Description: AppID Certificate Store Verification Task

Product: Microsoft® Windows® Operating System

Company: Microsoft Corporation

OriginalFileName: AppIDCertstoreCheck.exe

CommandLine: ""C:\Windows\system32\appidcertstorecheck.exe""

CurrentDirectory: C:\Windows\system32\

User: NT AUTHORITY\LOCAL SERVICE

LogonGuid: {f57bd86a-36f6-658c-e503-000000000000}

LogonId: 0x3E5

TerminalSessionId: 0

IntegrityLevel: System

Hashes: MD5=A3D3C1CF254BF1B45F5950EFAD6621AF,SHA256=82906ECB6EE934ED28839F127F7994A517B9D9C83746187246D6F226FB6A65E6,IMPHASH=7168353EDBE3AB24A184BB681FD55AE6

ParentProcessGuid: {f57bd86a-36f6-658c-1d00-000000000f00}

ParentProcessId: 1496

ParentImage: C:\Windows\System32\svchost.exe

ParentCommandLine: C:\Windows\system32\svchost.exe -k netsvcs -p -s Schedule

ParentUser: NT AUTHORITY\SYSTEM",Info,AppIDCertstoreCheck.exe,C:\Windows\system32\svchost.exe -k netsvcs -p -s Schedule,C:\Windows\System32\svchost.exe,{f57bd86a-36f6-658c-1d00-000000000f00},1496,NT AUTHORITY\SYSTEM,{f57bd86a-a26c-658c-c801-000000000f00},3588,12064,Microsoft® Windows® Operating System,,,,"
      ",-,2023-12-27T22:17:16.7113768Z,,Process Create (rule: ProcessCreate),0,5124,NT AUTHORITY\LOCAL SERVICE,S-1-5-18,2023-12-27 22:17:16.710,5,"<Event xmlns=""http://schemas.microsoft.com/win/2004/08/events/event"">
    <System>
      <Provider Name=""Microsoft-Windows-Sysmon"" Guid=""{5770385f-c22a-43e0-bf4c-06f5698ffbd9}""/>
      <EventID>1</EventID>
      <Version>5</Version>
      <Level>4</Level>
      <Task>1</Task>
      <Opcode>0</Opcode>
      <Keywords>0x8000000000000000</Keywords>
      <TimeCreated SystemTime=""2023-12-27T22:17:16.7113768Z""/>
      <EventRecordID>19576</EventRecordID>
      <Correlation/>
      <Execution ProcessID=""3588"" ThreadID=""5124""/>
      <Channel>Microsoft-Windows-Sysmon/Operational</Channel>
      <Computer>WinDev2309Eval</Computer>
      <Security UserID=""S-1-5-18""/>
    </System>
    <EventData>
      <Data Name=""RuleName"">-</Data>
      <Data Name=""UtcTime"">2023-12-27 22:17:16.710</Data>
      <Data Name=""ProcessGuid"">{f57bd86a-a26c-658c-c801-000000000f00}</Data>
      <Data Name=""ProcessId"">12064</Data>
      <Data Name=""Image"">C:\Windows\System32\appidcertstorecheck.exe</Data>
      <Data Name=""FileVersion"">10.0.22621.2506 (WinBuild.160101.0800)</Data>
      <Data Name=""Description"">AppID Certificate Store Verification Task</Data>
      <Data Name=""Product"">Microsoft&#174; Windows&#174; Operating System</Data>
      <Data Name=""Company"">Microsoft Corporation</Data>
      <Data Name=""OriginalFileName"">AppIDCertstoreCheck.exe</Data>
      <Data Name=""CommandLine"">""C:\Windows\system32\appidcertstorecheck.exe""</Data>
      <Data Name=""CurrentDirectory"">C:\Windows\system32\</Data>
      <Data Name=""User"">NT AUTHORITY\LOCAL SERVICE</Data>
      <Data Name=""LogonGuid"">{f57bd86a-36f6-658c-e503-000000000000}</Data>
      <Data Name=""LogonId"">0x3e5</Data>
      <Data Name=""TerminalSessionId"">0</Data>
      <Data Name=""IntegrityLevel"">System</Data>
      <Data Name=""Hashes"">MD5=A3D3C1CF254BF1B45F5950EFAD6621AF,SHA256=82906ECB6EE934ED28839F127F7994A517B9D9C83746187246D6F226FB6A65E6,IMPHASH=7168353EDBE3AB24A184BB681FD55AE6</Data>
      <Data Name=""ParentProcessGuid"">{f57bd86a-36f6-658c-1d00-000000000f00}</Data>
      <Data Name=""ParentProcessId"">1496</Data>
      <Data Name=""ParentImage"">C:\Windows\System32\svchost.exe</Data>
      <Data Name=""ParentCommandLine"">C:\Windows\system32\svchost.exe -k netsvcs -p -s Schedule</Data>
      <Data Name=""ParentUser"">NT AUTHORITY\SYSTEM</Data>
    </EventData>
    <RenderingInfo Culture=""en-US"">
      <Message>Process Create:

RuleName: -

UtcTime: 2023-12-27 22:17:16.710

ProcessGuid: {f57bd86a-a26c-658c-c801-000000000f00}

ProcessId: 12064

Image: C:\Windows\System32\appidcertstorecheck.exe

FileVersion: 10.0.22621.2506 (WinBuild.160101.0800)

Description: AppID Certificate Store Verification Task

Product: Microsoft&#174; Windows&#174; Operating System

Company: Microsoft Corporation

OriginalFileName: AppIDCertstoreCheck.exe

CommandLine: ""C:\Windows\system32\appidcertstorecheck.exe""

CurrentDirectory: C:\Windows\system32\

User: NT AUTHORITY\LOCAL SERVICE

LogonGuid: {f57bd86a-36f6-658c-e503-000000000000}

LogonId: 0x3E5

TerminalSessionId: 0

IntegrityLevel: System

Hashes: MD5=A3D3C1CF254BF1B45F5950EFAD6621AF,SHA256=82906ECB6EE934ED28839F127F7994A517B9D9C83746187246D6F226FB6A65E6,IMPHASH=7168353EDBE3AB24A184BB681FD55AE6

ParentProcessGuid: {f57bd86a-36f6-658c-1d00-000000000f00}

ParentProcessId: 1496

ParentImage: C:\Windows\System32\svchost.exe

ParentCommandLine: C:\Windows\system32\svchost.exe -k netsvcs -p -s Schedule

ParentUser: NT AUTHORITY\SYSTEM</Message>
      <Level>Information</Level>
      <Task>Process Create (rule: ProcessCreate)</Task>
      <Opcode>Info</Opcode>
    </RenderingInfo>
  </Event>
  
"
Microsoft-Windows-Sysmon/Operational,,,WinDev2309Eval,,,,22,19575,,,C:\Windows\System32\svchost.exe,,0x8000000000000000,Information,,,"Dns query:

RuleName: -

UtcTime: 2023-12-27 14:52:00.489

ProcessGuid: {f57bd86a-4451-658c-6d01-000000000f00}

ProcessId: 4136

QueryName: raw.githubusercontent.com

QueryStatus: 0

QueryResults: ::ffff:185.199.110.133;::ffff:185.199.111.133;::ffff:185.199.109.133;::ffff:185.199.108.133;

Image: C:\Windows\System32\svchost.exe

User: NT AUTHORITY\SYSTEM",Info,,,,,,,{f57bd86a-4451-658c-6d01-000000000f00},3588,4136,,raw.githubusercontent.com,::ffff:185.199.110.133;::ffff:185.199.111.133;::ffff:185.199.109.133;::ffff:185.199.108.133;,0,"
      ",-,2023-12-27T22:16:17.2438056Z,,Dns query (rule: DnsQuery),,5164,NT AUTHORITY\SYSTEM,S-1-5-18,2023-12-27 14:52:00.489,5,"<Event xmlns=""http://schemas.microsoft.com/win/2004/08/events/event"">
    <System>
      <Provider Name=""Microsoft-Windows-Sysmon"" Guid=""{5770385f-c22a-43e0-bf4c-06f5698ffbd9}""/>
      <EventID>22</EventID>
      <Version>5</Version>
      <Level>4</Level>
      <Task>22</Task>
      <Opcode>0</Opcode>
      <Keywords>0x8000000000000000</Keywords>
      <TimeCreated SystemTime=""2023-12-27T22:16:17.2438056Z""/>
      <EventRecordID>19575</EventRecordID>
      <Correlation/>
      <Execution ProcessID=""3588"" ThreadID=""5164""/>
      <Channel>Microsoft-Windows-Sysmon/Operational</Channel>
      <Computer>WinDev2309Eval</Computer>
      <Security UserID=""S-1-5-18""/>
    </System>
    <EventData>
      <Data Name=""RuleName"">-</Data>
      <Data Name=""UtcTime"">2023-12-27 14:52:00.489</Data>
      <Data Name=""ProcessGuid"">{f57bd86a-4451-658c-6d01-000000000f00}</Data>
      <Data Name=""ProcessId"">4136</Data>
      <Data Name=""QueryName"">raw.githubusercontent.com</Data>
      <Data Name=""QueryStatus"">0</Data>
      <Data Name=""QueryResults"">::ffff:185.199.110.133;::ffff:185.199.111.133;::ffff:185.199.109.133;::ffff:185.199.108.133;</Data>
      <Data Name=""Image"">C:\Windows\System32\svchost.exe</Data>
      <Data Name=""User"">NT AUTHORITY\SYSTEM</Data>
    </EventData>
    <RenderingInfo Culture=""en-US"">
      <Message>Dns query:

RuleName: -

UtcTime: 2023-12-27 14:52:00.489

ProcessGuid: {f57bd86a-4451-658c-6d01-000000000f00}

ProcessId: 4136

QueryName: raw.githubusercontent.com

QueryStatus: 0

QueryResults: ::ffff:185.199.110.133;::ffff:185.199.111.133;::ffff:185.199.109.133;::ffff:185.199.108.133;

Image: C:\Windows\System32\svchost.exe

User: NT AUTHORITY\SYSTEM</Message>
      <Level>Information</Level>
      <Task>Dns query (rule: DnsQuery)</Task>
      <Opcode>Info</Opcode>
    </RenderingInfo>
  </Event>
  
"
Microsoft-Windows-Sysmon/Operational,bitsadmin.exe  /transfer /Download /priority Foreground https://raw.githubusercontent.com/redcanaryco/atomic-red-team/master/atomics/T1197/T1197.md C:\Users\User\AppData\Local\Temp\bitsadmin1_flag.ps1,Microsoft Corporation,WinDev2309Eval,,C:\Users\User\AppData\Local\Temp\,BITS administration utility,1,19574,7.8.22621.1 (WinBuild.160101.0800),"MD5=C62B04C717A3CCF25D0C44BA97C2A6AA,SHA256=7C2365B752F8D2708C737BC34260D5F3D1568FDD2E12892D3CA3E4952ADD0230,IMPHASH=0CAC68DC73A62CA8C76038194D54BF79",C:\Windows\System32\bitsadmin.exe,Medium,0x8000000000000000,Information,{f57bd86a-36f9-658c-7bf8-020000000000},0x2f87b,"Process Create:

RuleName: -

UtcTime: 2023-12-27 22:16:16.862

ProcessGuid: {f57bd86a-a230-658c-c601-000000000f00}

ProcessId: 11624

Image: C:\Windows\System32\bitsadmin.exe

FileVersion: 7.8.22621.1 (WinBuild.160101.0800)

Description: BITS administration utility

Product: Microsoft® Windows® Operating System

Company: Microsoft Corporation

OriginalFileName: bitsadmin.exe

CommandLine: bitsadmin.exe  /transfer /Download /priority Foreground https://raw.githubusercontent.com/redcanaryco/atomic-red-team/master/atomics/T1197/T1197.md C:\Users\User\AppData\Local\Temp\bitsadmin1_flag.ps1

CurrentDirectory: C:\Users\User\AppData\Local\Temp\

User: WINDEV2309EVAL\User

LogonGuid: {f57bd86a-36f9-658c-7bf8-020000000000}

LogonId: 0x2F87B

TerminalSessionId: 1

IntegrityLevel: Medium

Hashes: MD5=C62B04C717A3CCF25D0C44BA97C2A6AA,SHA256=7C2365B752F8D2708C737BC34260D5F3D1568FDD2E12892D3CA3E4952ADD0230,IMPHASH=0CAC68DC73A62CA8C76038194D54BF79

ParentProcessGuid: {f57bd86a-a230-658c-c401-000000000f00}

ParentProcessId: 11580

ParentImage: C:\Windows\System32\cmd.exe

ParentCommandLine: ""cmd.exe"" /c bitsadmin.exe /transfer /Download /priority Foreground https://raw.githubusercontent.com/redcanaryco/atomic-red-team/master/atomics/T1197/T1197.md %temp%\bitsadmin1_flag.ps1

ParentUser: WINDEV2309EVAL\User",Info,bitsadmin.exe,"""cmd.exe"" /c bitsadmin.exe /transfer /Download /priority Foreground https://raw.githubusercontent.com/redcanaryco/atomic-red-team/master/atomics/T1197/T1197.md %temp%\bitsadmin1_flag.ps1",C:\Windows\System32\cmd.exe,{f57bd86a-a230-658c-c401-000000000f00},11580,WINDEV2309EVAL\User,{f57bd86a-a230-658c-c601-000000000f00},3588,11624,Microsoft® Windows® Operating System,,,,"
      ",-,2023-12-27T22:16:16.8661538Z,,Process Create (rule: ProcessCreate),1,5124,WINDEV2309EVAL\User,S-1-5-18,2023-12-27 22:16:16.862,5,"<Event xmlns=""http://schemas.microsoft.com/win/2004/08/events/event"">
    <System>
      <Provider Name=""Microsoft-Windows-Sysmon"" Guid=""{5770385f-c22a-43e0-bf4c-06f5698ffbd9}""/>
      <EventID>1</EventID>
      <Version>5</Version>
      <Level>4</Level>
      <Task>1</Task>
      <Opcode>0</Opcode>
      <Keywords>0x8000000000000000</Keywords>
      <TimeCreated SystemTime=""2023-12-27T22:16:16.8661538Z""/>
      <EventRecordID>19574</EventRecordID>
      <Correlation/>
      <Execution ProcessID=""3588"" ThreadID=""5124""/>
      <Channel>Microsoft-Windows-Sysmon/Operational</Channel>
      <Computer>WinDev2309Eval</Computer>
      <Security UserID=""S-1-5-18""/>
    </System>
    <EventData>
      <Data Name=""RuleName"">-</Data>
      <Data Name=""UtcTime"">2023-12-27 22:16:16.862</Data>
      <Data Name=""ProcessGuid"">{f57bd86a-a230-658c-c601-000000000f00}</Data>
      <Data Name=""ProcessId"">11624</Data>
      <Data Name=""Image"">C:\Windows\System32\bitsadmin.exe</Data>
      <Data Name=""FileVersion"">7.8.22621.1 (WinBuild.160101.0800)</Data>
      <Data Name=""Description"">BITS administration utility</Data>
      <Data Name=""Product"">Microsoft&#174; Windows&#174; Operating System</Data>
      <Data Name=""Company"">Microsoft Corporation</Data>
      <Data Name=""OriginalFileName"">bitsadmin.exe</Data>
      <Data Name=""CommandLine"">bitsadmin.exe  /transfer /Download /priority Foreground https://raw.githubusercontent.com/redcanaryco/atomic-red-team/master/atomics/T1197/T1197.md C:\Users\User\AppData\Local\Temp\bitsadmin1_flag.ps1</Data>
      <Data Name=""CurrentDirectory"">C:\Users\User\AppData\Local\Temp\</Data>
      <Data Name=""User"">WINDEV2309EVAL\User</Data>
      <Data Name=""LogonGuid"">{f57bd86a-36f9-658c-7bf8-020000000000}</Data>
      <Data Name=""LogonId"">0x2f87b</Data>
      <Data Name=""TerminalSessionId"">1</Data>
      <Data Name=""IntegrityLevel"">Medium</Data>
      <Data Name=""Hashes"">MD5=C62B04C717A3CCF25D0C44BA97C2A6AA,SHA256=7C2365B752F8D2708C737BC34260D5F3D1568FDD2E12892D3CA3E4952ADD0230,IMPHASH=0CAC68DC73A62CA8C76038194D54BF79</Data>
      <Data Name=""ParentProcessGuid"">{f57bd86a-a230-658c-c401-000000000f00}</Data>
      <Data Name=""ParentProcessId"">11580</Data>
      <Data Name=""ParentImage"">C:\Windows\System32\cmd.exe</Data>
      <Data Name=""ParentCommandLine"">""cmd.exe"" /c bitsadmin.exe /transfer /Download /priority Foreground https://raw.githubusercontent.com/redcanaryco/atomic-red-team/master/atomics/T1197/T1197.md %temp%\bitsadmin1_flag.ps1</Data>
      <Data Name=""ParentUser"">WINDEV2309EVAL\User</Data>
    </EventData>
    <RenderingInfo Culture=""en-US"">
      <Message>Process Create:

RuleName: -

UtcTime: 2023-12-27 22:16:16.862

ProcessGuid: {f57bd86a-a230-658c-c601-000000000f00}

ProcessId: 11624

Image: C:\Windows\System32\bitsadmin.exe

FileVersion: 7.8.22621.1 (WinBuild.160101.0800)

Description: BITS administration utility

Product: Microsoft&#174; Windows&#174; Operating System

Company: Microsoft Corporation

OriginalFileName: bitsadmin.exe

CommandLine: bitsadmin.exe  /transfer /Download /priority Foreground https://raw.githubusercontent.com/redcanaryco/atomic-red-team/master/atomics/T1197/T1197.md C:\Users\User\AppData\Local\Temp\bitsadmin1_flag.ps1

CurrentDirectory: C:\Users\User\AppData\Local\Temp\

User: WINDEV2309EVAL\User

LogonGuid: {f57bd86a-36f9-658c-7bf8-020000000000}

LogonId: 0x2F87B

TerminalSessionId: 1

IntegrityLevel: Medium

Hashes: MD5=C62B04C717A3CCF25D0C44BA97C2A6AA,SHA256=7C2365B752F8D2708C737BC34260D5F3D1568FDD2E12892D3CA3E4952ADD0230,IMPHASH=0CAC68DC73A62CA8C76038194D54BF79

ParentProcessGuid: {f57bd86a-a230-658c-c401-000000000f00}

ParentProcessId: 11580

ParentImage: C:\Windows\System32\cmd.exe

ParentCommandLine: ""cmd.exe"" /c bitsadmin.exe /transfer /Download /priority Foreground https://raw.githubusercontent.com/redcanaryco/atomic-red-team/master/atomics/T1197/T1197.md %temp%\bitsadmin1_flag.ps1

ParentUser: WINDEV2309EVAL\User</Message>
      <Level>Information</Level>
      <Task>Process Create (rule: ProcessCreate)</Task>
      <Opcode>Info</Opcode>
    </RenderingInfo>
  </Event>
  
"
Microsoft-Windows-Sysmon/Operational,"""cmd.exe"" /c bitsadmin.exe /transfer /Download /priority Foreground https://raw.githubusercontent.com/redcanaryco/atomic-red-team/master/atomics/T1197/T1197.md %%temp%%\bitsadmin1_flag.ps1",Microsoft Corporation,WinDev2309Eval,,C:\Users\User\AppData\Local\Temp\,Windows Command Processor,1,19573,10.0.22621.2506 (WinBuild.160101.0800),"MD5=133D568ECCB557E37BEA1459521CBAC2,SHA256=05A30592D2C3421C41121145C6EEFA7C81FEA6B42D6233A522240A8468326B9C,IMPHASH=D73E39DAB3C8B57AA408073D01254964",C:\Windows\System32\cmd.exe,Medium,0x8000000000000000,Information,{f57bd86a-36f9-658c-7bf8-020000000000},0x2f87b,"Process Create:

RuleName: -

UtcTime: 2023-12-27 22:16:16.829

ProcessGuid: {f57bd86a-a230-658c-c401-000000000f00}

ProcessId: 11580

Image: C:\Windows\System32\cmd.exe

FileVersion: 10.0.22621.2506 (WinBuild.160101.0800)

Description: Windows Command Processor

Product: Microsoft® Windows® Operating System

Company: Microsoft Corporation

OriginalFileName: Cmd.Exe

CommandLine: ""cmd.exe"" /c bitsadmin.exe /transfer /Download /priority Foreground https://raw.githubusercontent.com/redcanaryco/atomic-red-team/master/atomics/T1197/T1197.md %%temp%%\bitsadmin1_flag.ps1

CurrentDirectory: C:\Users\User\AppData\Local\Temp\

User: WINDEV2309EVAL\User

LogonGuid: {f57bd86a-36f9-658c-7bf8-020000000000}

LogonId: 0x2F87B

TerminalSessionId: 1

IntegrityLevel: Medium

Hashes: MD5=133D568ECCB557E37BEA1459521CBAC2,SHA256=05A30592D2C3421C41121145C6EEFA7C81FEA6B42D6233A522240A8468326B9C,IMPHASH=D73E39DAB3C8B57AA408073D01254964

ParentProcessGuid: {00000000-0000-0000-0000-000000000000}

ParentProcessId: 1688

ParentImage: -

ParentCommandLine: -

ParentUser: -",Info,Cmd.Exe,-,-,{00000000-0000-0000-0000-000000000000},1688,-,{f57bd86a-a230-658c-c401-000000000f00},3588,11580,Microsoft® Windows® Operating System,,,,"
      ",-,2023-12-27T22:16:16.8309180Z,,Process Create (rule: ProcessCreate),1,5124,WINDEV2309EVAL\User,S-1-5-18,2023-12-27 22:16:16.829,5,"<Event xmlns=""http://schemas.microsoft.com/win/2004/08/events/event"">
    <System>
      <Provider Name=""Microsoft-Windows-Sysmon"" Guid=""{5770385f-c22a-43e0-bf4c-06f5698ffbd9}""/>
      <EventID>1</EventID>
      <Version>5</Version>
      <Level>4</Level>
      <Task>1</Task>
      <Opcode>0</Opcode>
      <Keywords>0x8000000000000000</Keywords>
      <TimeCreated SystemTime=""2023-12-27T22:16:16.8309180Z""/>
      <EventRecordID>19573</EventRecordID>
      <Correlation/>
      <Execution ProcessID=""3588"" ThreadID=""5124""/>
      <Channel>Microsoft-Windows-Sysmon/Operational</Channel>
      <Computer>WinDev2309Eval</Computer>
      <Security UserID=""S-1-5-18""/>
    </System>
    <EventData>
      <Data Name=""RuleName"">-</Data>
      <Data Name=""UtcTime"">2023-12-27 22:16:16.829</Data>
      <Data Name=""ProcessGuid"">{f57bd86a-a230-658c-c401-000000000f00}</Data>
      <Data Name=""ProcessId"">11580</Data>
      <Data Name=""Image"">C:\Windows\System32\cmd.exe</Data>
      <Data Name=""FileVersion"">10.0.22621.2506 (WinBuild.160101.0800)</Data>
      <Data Name=""Description"">Windows Command Processor</Data>
      <Data Name=""Product"">Microsoft&#174; Windows&#174; Operating System</Data>
      <Data Name=""Company"">Microsoft Corporation</Data>
      <Data Name=""OriginalFileName"">Cmd.Exe</Data>
      <Data Name=""CommandLine"">""cmd.exe"" /c bitsadmin.exe /transfer /Download /priority Foreground https://raw.githubusercontent.com/redcanaryco/atomic-red-team/master/atomics/T1197/T1197.md %%temp%%\bitsadmin1_flag.ps1</Data>
      <Data Name=""CurrentDirectory"">C:\Users\User\AppData\Local\Temp\</Data>
      <Data Name=""User"">WINDEV2309EVAL\User</Data>
      <Data Name=""LogonGuid"">{f57bd86a-36f9-658c-7bf8-020000000000}</Data>
      <Data Name=""LogonId"">0x2f87b</Data>
      <Data Name=""TerminalSessionId"">1</Data>
      <Data Name=""IntegrityLevel"">Medium</Data>
      <Data Name=""Hashes"">MD5=133D568ECCB557E37BEA1459521CBAC2,SHA256=05A30592D2C3421C41121145C6EEFA7C81FEA6B42D6233A522240A8468326B9C,IMPHASH=D73E39DAB3C8B57AA408073D01254964</Data>
      <Data Name=""ParentProcessGuid"">{00000000-0000-0000-0000-000000000000}</Data>
      <Data Name=""ParentProcessId"">1688</Data>
      <Data Name=""ParentImage"">-</Data>
      <Data Name=""ParentCommandLine"">-</Data>
      <Data Name=""ParentUser"">-</Data>
    </EventData>
    <RenderingInfo Culture=""en-US"">
      <Message>Process Create:

RuleName: -

UtcTime: 2023-12-27 22:16:16.829

ProcessGuid: {f57bd86a-a230-658c-c401-000000000f00}

ProcessId: 11580

Image: C:\Windows\System32\cmd.exe

FileVersion: 10.0.22621.2506 (WinBuild.160101.0800)

Description: Windows Command Processor

Product: Microsoft&#174; Windows&#174; Operating System

Company: Microsoft Corporation

OriginalFileName: Cmd.Exe

CommandLine: ""cmd.exe"" /c bitsadmin.exe /transfer /Download /priority Foreground https://raw.githubusercontent.com/redcanaryco/atomic-red-team/master/atomics/T1197/T1197.md %%temp%%\bitsadmin1_flag.ps1

CurrentDirectory: C:\Users\User\AppData\Local\Temp\

User: WINDEV2309EVAL\User

LogonGuid: {f57bd86a-36f9-658c-7bf8-020000000000}

LogonId: 0x2F87B

TerminalSessionId: 1

IntegrityLevel: Medium

Hashes: MD5=133D568ECCB557E37BEA1459521CBAC2,SHA256=05A30592D2C3421C41121145C6EEFA7C81FEA6B42D6233A522240A8468326B9C,IMPHASH=D73E39DAB3C8B57AA408073D01254964

ParentProcessGuid: {00000000-0000-0000-0000-000000000000}

ParentProcessId: 1688

ParentImage: -

ParentCommandLine: -

ParentUser: -</Message>
      <Level>Information</Level>
      <Task>Process Create (rule: ProcessCreate)</Task>
      <Opcode>Info</Opcode>
    </RenderingInfo>
  </Event>
  
"
Microsoft-Windows-Sysmon/Operational,"""C:\Windows\system32\whoami.exe""",Microsoft Corporation,WinDev2309Eval,,C:\Users\User\,whoami - displays logged on user information,1,19572,10.0.22621.1 (WinBuild.160101.0800),"MD5=E0F37DB23E4F3163159A815610DF8CF2,SHA256=574BC2A2995FE2B1F732CCD39F2D99460ACE980AF29EFDF1EB0D3E888BE7D6F0,IMPHASH=62935820E434AF643547B7F5F5BD0292",C:\Windows\System32\whoami.exe,Medium,0x8000000000000000,Information,{f57bd86a-36f9-658c-7bf8-020000000000},0x2f87b,"Process Create:

RuleName: -

UtcTime: 2023-12-27 22:16:15.680

ProcessGuid: {f57bd86a-a22f-658c-c301-000000000f00}

ProcessId: 11536

Image: C:\Windows\System32\whoami.exe

FileVersion: 10.0.22621.1 (WinBuild.160101.0800)

Description: whoami - displays logged on user information

Product: Microsoft® Windows® Operating System

Company: Microsoft Corporation

OriginalFileName: whoami.exe

CommandLine: ""C:\Windows\system32\whoami.exe""

CurrentDirectory: C:\Users\User\

User: WINDEV2309EVAL\User

LogonGuid: {f57bd86a-36f9-658c-7bf8-020000000000}

LogonId: 0x2F87B

TerminalSessionId: 1

IntegrityLevel: Medium

Hashes: MD5=E0F37DB23E4F3163159A815610DF8CF2,SHA256=574BC2A2995FE2B1F732CCD39F2D99460ACE980AF29EFDF1EB0D3E888BE7D6F0,IMPHASH=62935820E434AF643547B7F5F5BD0292

ParentProcessGuid: {00000000-0000-0000-0000-000000000000}

ParentProcessId: 1688

ParentImage: -

ParentCommandLine: -

ParentUser: -",Info,whoami.exe,-,-,{00000000-0000-0000-0000-000000000000},1688,-,{f57bd86a-a22f-658c-c301-000000000f00},3588,11536,Microsoft® Windows® Operating System,,,,"
      ",-,2023-12-27T22:16:15.6828140Z,,Process Create (rule: ProcessCreate),1,5124,WINDEV2309EVAL\User,S-1-5-18,2023-12-27 22:16:15.680,5,"<Event xmlns=""http://schemas.microsoft.com/win/2004/08/events/event"">
    <System>
      <Provider Name=""Microsoft-Windows-Sysmon"" Guid=""{5770385f-c22a-43e0-bf4c-06f5698ffbd9}""/>
      <EventID>1</EventID>
      <Version>5</Version>
      <Level>4</Level>
      <Task>1</Task>
      <Opcode>0</Opcode>
      <Keywords>0x8000000000000000</Keywords>
      <TimeCreated SystemTime=""2023-12-27T22:16:15.6828140Z""/>
      <EventRecordID>19572</EventRecordID>
      <Correlation/>
      <Execution ProcessID=""3588"" ThreadID=""5124""/>
      <Channel>Microsoft-Windows-Sysmon/Operational</Channel>
      <Computer>WinDev2309Eval</Computer>
      <Security UserID=""S-1-5-18""/>
    </System>
    <EventData>
      <Data Name=""RuleName"">-</Data>
      <Data Name=""UtcTime"">2023-12-27 22:16:15.680</Data>
      <Data Name=""ProcessGuid"">{f57bd86a-a22f-658c-c301-000000000f00}</Data>
      <Data Name=""ProcessId"">11536</Data>
      <Data Name=""Image"">C:\Windows\System32\whoami.exe</Data>
      <Data Name=""FileVersion"">10.0.22621.1 (WinBuild.160101.0800)</Data>
      <Data Name=""Description"">whoami - displays logged on user information</Data>
      <Data Name=""Product"">Microsoft&#174; Windows&#174; Operating System</Data>
      <Data Name=""Company"">Microsoft Corporation</Data>
      <Data Name=""OriginalFileName"">whoami.exe</Data>
      <Data Name=""CommandLine"">""C:\Windows\system32\whoami.exe""</Data>
      <Data Name=""CurrentDirectory"">C:\Users\User\</Data>
      <Data Name=""User"">WINDEV2309EVAL\User</Data>
      <Data Name=""LogonGuid"">{f57bd86a-36f9-658c-7bf8-020000000000}</Data>
      <Data Name=""LogonId"">0x2f87b</Data>
      <Data Name=""TerminalSessionId"">1</Data>
      <Data Name=""IntegrityLevel"">Medium</Data>
      <Data Name=""Hashes"">MD5=E0F37DB23E4F3163159A815610DF8CF2,SHA256=574BC2A2995FE2B1F732CCD39F2D99460ACE980AF29EFDF1EB0D3E888BE7D6F0,IMPHASH=62935820E434AF643547B7F5F5BD0292</Data>
      <Data Name=""ParentProcessGuid"">{00000000-0000-0000-0000-000000000000}</Data>
      <Data Name=""ParentProcessId"">1688</Data>
      <Data Name=""ParentImage"">-</Data>
      <Data Name=""ParentCommandLine"">-</Data>
      <Data Name=""ParentUser"">-</Data>
    </EventData>
    <RenderingInfo Culture=""en-US"">
      <Message>Process Create:

RuleName: -

UtcTime: 2023-12-27 22:16:15.680

ProcessGuid: {f57bd86a-a22f-658c-c301-000000000f00}

ProcessId: 11536

Image: C:\Windows\System32\whoami.exe

FileVersion: 10.0.22621.1 (WinBuild.160101.0800)

Description: whoami - displays logged on user information

Product: Microsoft&#174; Windows&#174; Operating System

Company: Microsoft Corporation

OriginalFileName: whoami.exe

CommandLine: ""C:\Windows\system32\whoami.exe""

CurrentDirectory: C:\Users\User\

User: WINDEV2309EVAL\User

LogonGuid: {f57bd86a-36f9-658c-7bf8-020000000000}

LogonId: 0x2F87B

TerminalSessionId: 1

IntegrityLevel: Medium

Hashes: MD5=E0F37DB23E4F3163159A815610DF8CF2,SHA256=574BC2A2995FE2B1F732CCD39F2D99460ACE980AF29EFDF1EB0D3E888BE7D6F0,IMPHASH=62935820E434AF643547B7F5F5BD0292

ParentProcessGuid: {00000000-0000-0000-0000-000000000000}

ParentProcessId: 1688

ParentImage: -

ParentCommandLine: -

ParentUser: -</Message>
      <Level>Information</Level>
      <Task>Process Create (rule: ProcessCreate)</Task>
      <Opcode>Info</Opcode>
    </RenderingInfo>
  </Event>
  
"
Microsoft-Windows-Sysmon/Operational,"""C:\Windows\system32\HOSTNAME.EXE""",Microsoft Corporation,WinDev2309Eval,,C:\Users\User\,Hostname APP,1,19571,10.0.22621.2506 (WinBuild.160101.0800),"MD5=E1EA6EFF1F45AA136A2A2E18EACC1F73,SHA256=4634E6685E402CC3CC8843589F4E8D8AC515F5F05D319E835A262B69B32BDB45,IMPHASH=23013EDF627646AB5226D15AC880BAD8",C:\Windows\System32\HOSTNAME.EXE,Medium,0x8000000000000000,Information,{f57bd86a-36f9-658c-7bf8-020000000000},0x2f87b,"Process Create:

RuleName: -

UtcTime: 2023-12-27 22:16:15.652

ProcessGuid: {f57bd86a-a22f-658c-c201-000000000f00}

ProcessId: 11512

Image: C:\Windows\System32\HOSTNAME.EXE

FileVersion: 10.0.22621.2506 (WinBuild.160101.0800)

Description: Hostname APP

Product: Microsoft® Windows® Operating System

Company: Microsoft Corporation

OriginalFileName: hostname.exe

CommandLine: ""C:\Windows\system32\HOSTNAME.EXE""

CurrentDirectory: C:\Users\User\

User: WINDEV2309EVAL\User

LogonGuid: {f57bd86a-36f9-658c-7bf8-020000000000}

LogonId: 0x2F87B

TerminalSessionId: 1

IntegrityLevel: Medium

Hashes: MD5=E1EA6EFF1F45AA136A2A2E18EACC1F73,SHA256=4634E6685E402CC3CC8843589F4E8D8AC515F5F05D319E835A262B69B32BDB45,IMPHASH=23013EDF627646AB5226D15AC880BAD8

ParentProcessGuid: {00000000-0000-0000-0000-000000000000}

ParentProcessId: 1688

ParentImage: -

ParentCommandLine: -

ParentUser: -",Info,hostname.exe,-,-,{00000000-0000-0000-0000-000000000000},1688,-,{f57bd86a-a22f-658c-c201-000000000f00},3588,11512,Microsoft® Windows® Operating System,,,,"
      ",-,2023-12-27T22:16:15.6538443Z,,Process Create (rule: ProcessCreate),1,5124,WINDEV2309EVAL\User,S-1-5-18,2023-12-27 22:16:15.652,5,"<Event xmlns=""http://schemas.microsoft.com/win/2004/08/events/event"">
    <System>
      <Provider Name=""Microsoft-Windows-Sysmon"" Guid=""{5770385f-c22a-43e0-bf4c-06f5698ffbd9}""/>
      <EventID>1</EventID>
      <Version>5</Version>
      <Level>4</Level>
      <Task>1</Task>
      <Opcode>0</Opcode>
      <Keywords>0x8000000000000000</Keywords>
      <TimeCreated SystemTime=""2023-12-27T22:16:15.6538443Z""/>
      <EventRecordID>19571</EventRecordID>
      <Correlation/>
      <Execution ProcessID=""3588"" ThreadID=""5124""/>
      <Channel>Microsoft-Windows-Sysmon/Operational</Channel>
      <Computer>WinDev2309Eval</Computer>
      <Security UserID=""S-1-5-18""/>
    </System>
    <EventData>
      <Data Name=""RuleName"">-</Data>
      <Data Name=""UtcTime"">2023-12-27 22:16:15.652</Data>
      <Data Name=""ProcessGuid"">{f57bd86a-a22f-658c-c201-000000000f00}</Data>
      <Data Name=""ProcessId"">11512</Data>
      <Data Name=""Image"">C:\Windows\System32\HOSTNAME.EXE</Data>
      <Data Name=""FileVersion"">10.0.22621.2506 (WinBuild.160101.0800)</Data>
      <Data Name=""Description"">Hostname APP</Data>
      <Data Name=""Product"">Microsoft&#174; Windows&#174; Operating System</Data>
      <Data Name=""Company"">Microsoft Corporation</Data>
      <Data Name=""OriginalFileName"">hostname.exe</Data>
      <Data Name=""CommandLine"">""C:\Windows\system32\HOSTNAME.EXE""</Data>
      <Data Name=""CurrentDirectory"">C:\Users\User\</Data>
      <Data Name=""User"">WINDEV2309EVAL\User</Data>
      <Data Name=""LogonGuid"">{f57bd86a-36f9-658c-7bf8-020000000000}</Data>
      <Data Name=""LogonId"">0x2f87b</Data>
      <Data Name=""TerminalSessionId"">1</Data>
      <Data Name=""IntegrityLevel"">Medium</Data>
      <Data Name=""Hashes"">MD5=E1EA6EFF1F45AA136A2A2E18EACC1F73,SHA256=4634E6685E402CC3CC8843589F4E8D8AC515F5F05D319E835A262B69B32BDB45,IMPHASH=23013EDF627646AB5226D15AC880BAD8</Data>
      <Data Name=""ParentProcessGuid"">{00000000-0000-0000-0000-000000000000}</Data>
      <Data Name=""ParentProcessId"">1688</Data>
      <Data Name=""ParentImage"">-</Data>
      <Data Name=""ParentCommandLine"">-</Data>
      <Data Name=""ParentUser"">-</Data>
    </EventData>
    <RenderingInfo Culture=""en-US"">
      <Message>Process Create:

RuleName: -

UtcTime: 2023-12-27 22:16:15.652

ProcessGuid: {f57bd86a-a22f-658c-c201-000000000f00}

ProcessId: 11512

Image: C:\Windows\System32\HOSTNAME.EXE

FileVersion: 10.0.22621.2506 (WinBuild.160101.0800)

Description: Hostname APP

Product: Microsoft&#174; Windows&#174; Operating System

Company: Microsoft Corporation

OriginalFileName: hostname.exe

CommandLine: ""C:\Windows\system32\HOSTNAME.EXE""

CurrentDirectory: C:\Users\User\

User: WINDEV2309EVAL\User

LogonGuid: {f57bd86a-36f9-658c-7bf8-020000000000}

LogonId: 0x2F87B

TerminalSessionId: 1

IntegrityLevel: Medium

Hashes: MD5=E1EA6EFF1F45AA136A2A2E18EACC1F73,SHA256=4634E6685E402CC3CC8843589F4E8D8AC515F5F05D319E835A262B69B32BDB45,IMPHASH=23013EDF627646AB5226D15AC880BAD8

ParentProcessGuid: {00000000-0000-0000-0000-000000000000}

ParentProcessId: 1688

ParentImage: -

ParentCommandLine: -

ParentUser: -</Message>
      <Level>Information</Level>
      <Task>Process Create (rule: ProcessCreate)</Task>
      <Opcode>Info</Opcode>
    </RenderingInfo>
  </Event>
  
"
Microsoft-Windows-Sysmon/Operational,,,WinDev2309Eval,,,,22,19570,,,C:\Program Files (x86)\Microsoft\EdgeWebView\Application\120.0.2210.91\msedgewebview2.exe,,0x8000000000000000,Information,,,"Dns query:

RuleName: -

UtcTime: 2023-12-27 14:51:55.100

ProcessGuid: {f57bd86a-382d-658c-4e01-000000000f00}

ProcessId: 4456

QueryName: img-s-msn-com.akamaized.net

QueryStatus: 0

QueryResults: type: 5 a1834.dscg2.akamai.net;::ffff:104.77.160.143;::ffff:104.77.160.140;

Image: C:\Program Files (x86)\Microsoft\EdgeWebView\Application\120.0.2210.91\msedgewebview2.exe

User: WINDEV2309EVAL\User",Info,,,,,,,{f57bd86a-382d-658c-4e01-000000000f00},3588,4456,,img-s-msn-com.akamaized.net,type: 5 a1834.dscg2.akamai.net;::ffff:104.77.160.143;::ffff:104.77.160.140;,0,"
      ",-,2023-12-27T22:16:12.2017005Z,,Dns query (rule: DnsQuery),,5164,WINDEV2309EVAL\User,S-1-5-18,2023-12-27 14:51:55.100,5,"<Event xmlns=""http://schemas.microsoft.com/win/2004/08/events/event"">
    <System>
      <Provider Name=""Microsoft-Windows-Sysmon"" Guid=""{5770385f-c22a-43e0-bf4c-06f5698ffbd9}""/>
      <EventID>22</EventID>
      <Version>5</Version>
      <Level>4</Level>
      <Task>22</Task>
      <Opcode>0</Opcode>
      <Keywords>0x8000000000000000</Keywords>
      <TimeCreated SystemTime=""2023-12-27T22:16:12.2017005Z""/>
      <EventRecordID>19570</EventRecordID>
      <Correlation/>
      <Execution ProcessID=""3588"" ThreadID=""5164""/>
      <Channel>Microsoft-Windows-Sysmon/Operational</Channel>
      <Computer>WinDev2309Eval</Computer>
      <Security UserID=""S-1-5-18""/>
    </System>
    <EventData>
      <Data Name=""RuleName"">-</Data>
      <Data Name=""UtcTime"">2023-12-27 14:51:55.100</Data>
      <Data Name=""ProcessGuid"">{f57bd86a-382d-658c-4e01-000000000f00}</Data>
      <Data Name=""ProcessId"">4456</Data>
      <Data Name=""QueryName"">img-s-msn-com.akamaized.net</Data>
      <Data Name=""QueryStatus"">0</Data>
      <Data Name=""QueryResults"">type: 5 a1834.dscg2.akamai.net;::ffff:104.77.160.143;::ffff:104.77.160.140;</Data>
      <Data Name=""Image"">C:\Program Files (x86)\Microsoft\EdgeWebView\Application\120.0.2210.91\msedgewebview2.exe</Data>
      <Data Name=""User"">WINDEV2309EVAL\User</Data>
    </EventData>
    <RenderingInfo Culture=""en-US"">
      <Message>Dns query:

RuleName: -

UtcTime: 2023-12-27 14:51:55.100

ProcessGuid: {f57bd86a-382d-658c-4e01-000000000f00}

ProcessId: 4456

QueryName: img-s-msn-com.akamaized.net

QueryStatus: 0

QueryResults: type: 5 a1834.dscg2.akamai.net;::ffff:104.77.160.143;::ffff:104.77.160.140;

Image: C:\Program Files (x86)\Microsoft\EdgeWebView\Application\120.0.2210.91\msedgewebview2.exe

User: WINDEV2309EVAL\User</Message>
      <Level>Information</Level>
      <Task>Dns query (rule: DnsQuery)</Task>
      <Opcode>Info</Opcode>
    </RenderingInfo>
  </Event>

"
