Microsoft-Windows-Sysmon/Operational,"""cmd.exe"" /c reg.exe add HKLM\SOFTWARE\Microsoft\Provisioning\Commands\LOLBin\dummy1 /v altitude /t REG_DWORD /d 0 & reg add HKLM\SOFTWARE\Microsoft\Provisioning\Commands\LOLBin\dummy1\dummy2 /v Commandline /d calc.exe & c:\windows\system32\provlaunch.exe LOLBin",Microsoft Corporation,WinDev2309Eval,,C:\Users\User\AppData\Local\Temp\,Windows Command Processor,,1,19638,,10.0.22621.2506 (WinBuild.160101.0800),"MD5=133D568ECCB557E37BEA1459521CBAC2,SHA256=05A30592D2C3421C41121145C6EEFA7C81FEA6B42D6233A522240A8468326B9C,IMPHASH=D73E39DAB3C8B57AA408073D01254964",C:\Windows\System32\cmd.exe,Medium,0x8000000000000000,Information,{f57bd86a-36f9-658c-7bf8-020000000000},0x2f87b,"Process Create:

RuleName: -

UtcTime: 2023-12-27 22:32:49.290

ProcessGuid: {f57bd86a-a611-658c-fd01-000000000f00}

ProcessId: 12196

Image: C:\Windows\System32\cmd.exe

FileVersion: 10.0.22621.2506 (WinBuild.160101.0800)

Description: Windows Command Processor

Product: Microsoft® Windows® Operating System

Company: Microsoft Corporation

OriginalFileName: Cmd.Exe

CommandLine: ""cmd.exe"" /c reg.exe add HKLM\SOFTWARE\Microsoft\Provisioning\Commands\LOLBin\dummy1 /v altitude /t REG_DWORD /d 0 & reg add HKLM\SOFTWARE\Microsoft\Provisioning\Commands\LOLBin\dummy1\dummy2 /v Commandline /d calc.exe & c:\windows\system32\provlaunch.exe LOLBin

CurrentDirectory: C:\Users\User\AppData\Local\Temp\

User: WINDEV2309EVAL\User

LogonGuid: {f57bd86a-36f9-658c-7bf8-020000000000}

LogonId: 0x2F87B

TerminalSessionId: 1

IntegrityLevel: Medium

Hashes: MD5=133D568ECCB557E37BEA1459521CBAC2,SHA256=05A30592D2C3421C41121145C6EEFA7C81FEA6B42D6233A522240A8468326B9C,IMPHASH=D73E39DAB3C8B57AA408073D01254964

ParentProcessGuid: {00000000-0000-0000-0000-000000000000}

ParentProcessId: 1688

ParentImage: -

ParentCommandLine: -

ParentUser: -",Info,Cmd.Exe,-,-,{00000000-0000-0000-0000-000000000000},1688,-,{f57bd86a-a611-658c-fd01-000000000f00},3588,12196,Microsoft® Windows® Operating System,,,,"
      ",-,2023-12-27T22:32:49.2928211Z,,,Process Create (rule: ProcessCreate),1,5124,WINDEV2309EVAL\User,S-1-5-18,2023-12-27 22:32:49.290,5,"<Event xmlns=""http://schemas.microsoft.com/win/2004/08/events/event"">
    <System>
      <Provider Name=""Microsoft-Windows-Sysmon"" Guid=""{5770385f-c22a-43e0-bf4c-06f5698ffbd9}""/>
      <EventID>1</EventID>
      <Version>5</Version>
      <Level>4</Level>
      <Task>1</Task>
      <Opcode>0</Opcode>
      <Keywords>0x8000000000000000</Keywords>
      <TimeCreated SystemTime=""2023-12-27T22:32:49.2928211Z""/>
      <EventRecordID>19638</EventRecordID>
      <Correlation/>
      <Execution ProcessID=""3588"" ThreadID=""5124""/>
      <Channel>Microsoft-Windows-Sysmon/Operational</Channel>
      <Computer>WinDev2309Eval</Computer>
      <Security UserID=""S-1-5-18""/>
    </System>
    <EventData>
      <Data Name=""RuleName"">-</Data>
      <Data Name=""UtcTime"">2023-12-27 22:32:49.290</Data>
      <Data Name=""ProcessGuid"">{f57bd86a-a611-658c-fd01-000000000f00}</Data>
      <Data Name=""ProcessId"">12196</Data>
      <Data Name=""Image"">C:\Windows\System32\cmd.exe</Data>
      <Data Name=""FileVersion"">10.0.22621.2506 (WinBuild.160101.0800)</Data>
      <Data Name=""Description"">Windows Command Processor</Data>
      <Data Name=""Product"">Microsoft&#174; Windows&#174; Operating System</Data>
      <Data Name=""Company"">Microsoft Corporation</Data>
      <Data Name=""OriginalFileName"">Cmd.Exe</Data>
      <Data Name=""CommandLine"">""cmd.exe"" /c reg.exe add HKLM\SOFTWARE\Microsoft\Provisioning\Commands\LOLBin\dummy1 /v altitude /t REG_DWORD /d 0 &amp; reg add HKLM\SOFTWARE\Microsoft\Provisioning\Commands\LOLBin\dummy1\dummy2 /v Commandline /d calc.exe &amp; c:\windows\system32\provlaunch.exe LOLBin</Data>
      <Data Name=""CurrentDirectory"">C:\Users\User\AppData\Local\Temp\</Data>
      <Data Name=""User"">WINDEV2309EVAL\User</Data>
      <Data Name=""LogonGuid"">{f57bd86a-36f9-658c-7bf8-020000000000}</Data>
      <Data Name=""LogonId"">0x2f87b</Data>
      <Data Name=""TerminalSessionId"">1</Data>
      <Data Name=""IntegrityLevel"">Medium</Data>
      <Data Name=""Hashes"">MD5=133D568ECCB557E37BEA1459521CBAC2,SHA256=05A30592D2C3421C41121145C6EEFA7C81FEA6B42D6233A522240A8468326B9C,IMPHASH=D73E39DAB3C8B57AA408073D01254964</Data>
      <Data Name=""ParentProcessGuid"">{00000000-0000-0000-0000-000000000000}</Data>
      <Data Name=""ParentProcessId"">1688</Data>
      <Data Name=""ParentImage"">-</Data>
      <Data Name=""ParentCommandLine"">-</Data>
      <Data Name=""ParentUser"">-</Data>
    </EventData>
    <RenderingInfo Culture=""en-US"">
      <Message>Process Create:

RuleName: -

UtcTime: 2023-12-27 22:32:49.290

ProcessGuid: {f57bd86a-a611-658c-fd01-000000000f00}

ProcessId: 12196

Image: C:\Windows\System32\cmd.exe

FileVersion: 10.0.22621.2506 (WinBuild.160101.0800)

Description: Windows Command Processor

Product: Microsoft&#174; Windows&#174; Operating System

Company: Microsoft Corporation

OriginalFileName: Cmd.Exe

CommandLine: ""cmd.exe"" /c reg.exe add HKLM\SOFTWARE\Microsoft\Provisioning\Commands\LOLBin\dummy1 /v altitude /t REG_DWORD /d 0 &amp; reg add HKLM\SOFTWARE\Microsoft\Provisioning\Commands\LOLBin\dummy1\dummy2 /v Commandline /d calc.exe &amp; c:\windows\system32\provlaunch.exe LOLBin

CurrentDirectory: C:\Users\User\AppData\Local\Temp\

User: WINDEV2309EVAL\User

LogonGuid: {f57bd86a-36f9-658c-7bf8-020000000000}

LogonId: 0x2F87B

TerminalSessionId: 1

IntegrityLevel: Medium

Hashes: MD5=133D568ECCB557E37BEA1459521CBAC2,SHA256=05A30592D2C3421C41121145C6EEFA7C81FEA6B42D6233A522240A8468326B9C,IMPHASH=D73E39DAB3C8B57AA408073D01254964

ParentProcessGuid: {00000000-0000-0000-0000-000000000000}

ParentProcessId: 1688

ParentImage: -

ParentCommandLine: -

ParentUser: -</Message>
      <Level>Information</Level>
      <Task>Process Create (rule: ProcessCreate)</Task>
      <Opcode>Info</Opcode>
    </RenderingInfo>
  </Event>
  
"
Microsoft-Windows-Sysmon/Operational,explorer.exe /NoShellRegistrationCheck,Microsoft Corporation,WinDev2309Eval,,C:\Users\User\AppData\Local\Temp\,Windows Calculator,,1,19637,,10.0.22621.1 (WinBuild.160101.0800),"MD5=2F82623F9523C0D167862CAD0EFF6806,SHA256=9C2C8A8588FE6DB09C09337E78437CB056CD557DB1BCF5240112CBFB7B600EFB,IMPHASH=8EEAA9499666119D13B3F44ECD77A729",C:\test\explorer.exe,Medium,0x8000000000000000,Information,{f57bd86a-36f9-658c-7bf8-020000000000},0x2f87b,"Process Create:

RuleName: -

UtcTime: 2023-12-27 22:32:49.153

ProcessGuid: {f57bd86a-a611-658c-fc01-000000000f00}

ProcessId: 11900

Image: C:\test\explorer.exe

FileVersion: 10.0.22621.1 (WinBuild.160101.0800)

Description: Windows Calculator

Product: Microsoft® Windows® Operating System

Company: Microsoft Corporation

OriginalFileName: CALC.EXE

CommandLine: explorer.exe /NoShellRegistrationCheck

CurrentDirectory: C:\Users\User\AppData\Local\Temp\

User: WINDEV2309EVAL\User

LogonGuid: {f57bd86a-36f9-658c-7bf8-020000000000}

LogonId: 0x2F87B

TerminalSessionId: 1

IntegrityLevel: Medium

Hashes: MD5=2F82623F9523C0D167862CAD0EFF6806,SHA256=9C2C8A8588FE6DB09C09337E78437CB056CD557DB1BCF5240112CBFB7B600EFB,IMPHASH=8EEAA9499666119D13B3F44ECD77A729

ParentProcessGuid: {f57bd86a-a611-658c-fa01-000000000f00}

ParentProcessId: 11960

ParentImage: C:\test\customshellhost.exe

ParentCommandLine: ""C:\test\customshellhost.exe""

ParentUser: WINDEV2309EVAL\User",Info,CALC.EXE,"""C:\test\customshellhost.exe""",C:\test\customshellhost.exe,{f57bd86a-a611-658c-fa01-000000000f00},11960,WINDEV2309EVAL\User,{f57bd86a-a611-658c-fc01-000000000f00},3588,11900,Microsoft® Windows® Operating System,,,,"
      ",-,2023-12-27T22:32:49.1551498Z,,,Process Create (rule: ProcessCreate),1,5124,WINDEV2309EVAL\User,S-1-5-18,2023-12-27 22:32:49.153,5,"<Event xmlns=""http://schemas.microsoft.com/win/2004/08/events/event"">
    <System>
      <Provider Name=""Microsoft-Windows-Sysmon"" Guid=""{5770385f-c22a-43e0-bf4c-06f5698ffbd9}""/>
      <EventID>1</EventID>
      <Version>5</Version>
      <Level>4</Level>
      <Task>1</Task>
      <Opcode>0</Opcode>
      <Keywords>0x8000000000000000</Keywords>
      <TimeCreated SystemTime=""2023-12-27T22:32:49.1551498Z""/>
      <EventRecordID>19637</EventRecordID>
      <Correlation/>
      <Execution ProcessID=""3588"" ThreadID=""5124""/>
      <Channel>Microsoft-Windows-Sysmon/Operational</Channel>
      <Computer>WinDev2309Eval</Computer>
      <Security UserID=""S-1-5-18""/>
    </System>
    <EventData>
      <Data Name=""RuleName"">-</Data>
      <Data Name=""UtcTime"">2023-12-27 22:32:49.153</Data>
      <Data Name=""ProcessGuid"">{f57bd86a-a611-658c-fc01-000000000f00}</Data>
      <Data Name=""ProcessId"">11900</Data>
      <Data Name=""Image"">C:\test\explorer.exe</Data>
      <Data Name=""FileVersion"">10.0.22621.1 (WinBuild.160101.0800)</Data>
      <Data Name=""Description"">Windows Calculator</Data>
      <Data Name=""Product"">Microsoft&#174; Windows&#174; Operating System</Data>
      <Data Name=""Company"">Microsoft Corporation</Data>
      <Data Name=""OriginalFileName"">CALC.EXE</Data>
      <Data Name=""CommandLine"">explorer.exe /NoShellRegistrationCheck</Data>
      <Data Name=""CurrentDirectory"">C:\Users\User\AppData\Local\Temp\</Data>
      <Data Name=""User"">WINDEV2309EVAL\User</Data>
      <Data Name=""LogonGuid"">{f57bd86a-36f9-658c-7bf8-020000000000}</Data>
      <Data Name=""LogonId"">0x2f87b</Data>
      <Data Name=""TerminalSessionId"">1</Data>
      <Data Name=""IntegrityLevel"">Medium</Data>
      <Data Name=""Hashes"">MD5=2F82623F9523C0D167862CAD0EFF6806,SHA256=9C2C8A8588FE6DB09C09337E78437CB056CD557DB1BCF5240112CBFB7B600EFB,IMPHASH=8EEAA9499666119D13B3F44ECD77A729</Data>
      <Data Name=""ParentProcessGuid"">{f57bd86a-a611-658c-fa01-000000000f00}</Data>
      <Data Name=""ParentProcessId"">11960</Data>
      <Data Name=""ParentImage"">C:\test\customshellhost.exe</Data>
      <Data Name=""ParentCommandLine"">""C:\test\customshellhost.exe""</Data>
      <Data Name=""ParentUser"">WINDEV2309EVAL\User</Data>
    </EventData>
    <RenderingInfo Culture=""en-US"">
      <Message>Process Create:

RuleName: -

UtcTime: 2023-12-27 22:32:49.153

ProcessGuid: {f57bd86a-a611-658c-fc01-000000000f00}

ProcessId: 11900

Image: C:\test\explorer.exe

FileVersion: 10.0.22621.1 (WinBuild.160101.0800)

Description: Windows Calculator

Product: Microsoft&#174; Windows&#174; Operating System

Company: Microsoft Corporation

OriginalFileName: CALC.EXE

CommandLine: explorer.exe /NoShellRegistrationCheck

CurrentDirectory: C:\Users\User\AppData\Local\Temp\

User: WINDEV2309EVAL\User

LogonGuid: {f57bd86a-36f9-658c-7bf8-020000000000}

LogonId: 0x2F87B

TerminalSessionId: 1

IntegrityLevel: Medium

Hashes: MD5=2F82623F9523C0D167862CAD0EFF6806,SHA256=9C2C8A8588FE6DB09C09337E78437CB056CD557DB1BCF5240112CBFB7B600EFB,IMPHASH=8EEAA9499666119D13B3F44ECD77A729

ParentProcessGuid: {f57bd86a-a611-658c-fa01-000000000f00}

ParentProcessId: 11960

ParentImage: C:\test\customshellhost.exe

ParentCommandLine: ""C:\test\customshellhost.exe""

ParentUser: WINDEV2309EVAL\User</Message>
      <Level>Information</Level>
      <Task>Process Create (rule: ProcessCreate)</Task>
      <Opcode>Info</Opcode>
    </RenderingInfo>
  </Event>
  
"
Microsoft-Windows-Sysmon/Operational,"""C:\test\customshellhost.exe""",Microsoft Corporation,WinDev2309Eval,,C:\Users\User\AppData\Local\Temp\,CustomShellHost,,1,19636,,10.0.22621.2792 (WinBuild.160101.0800),"MD5=F0A4BBCBA8A673CBD8FF69281E8CAB05,SHA256=11C2BF126546B5F0A42CB34DD3F02263B6504DDE2033AD3F037F9B30C10F8460,IMPHASH=6FDBA23A6D701DB38B3CC15A5BEC69EF",C:\test\customshellhost.exe,Medium,0x8000000000000000,Information,{f57bd86a-36f9-658c-7bf8-020000000000},0x2f87b,"Process Create:

RuleName: -

UtcTime: 2023-12-27 22:32:49.099

ProcessGuid: {f57bd86a-a611-658c-fa01-000000000f00}

ProcessId: 11960

Image: C:\test\customshellhost.exe

FileVersion: 10.0.22621.2792 (WinBuild.160101.0800)

Description: CustomShellHost

Product: Microsoft® Windows® Operating System

Company: Microsoft Corporation

OriginalFileName: CustomShellHost.exe

CommandLine: ""C:\test\customshellhost.exe""

CurrentDirectory: C:\Users\User\AppData\Local\Temp\

User: WINDEV2309EVAL\User

LogonGuid: {f57bd86a-36f9-658c-7bf8-020000000000}

LogonId: 0x2F87B

TerminalSessionId: 1

IntegrityLevel: Medium

Hashes: MD5=F0A4BBCBA8A673CBD8FF69281E8CAB05,SHA256=11C2BF126546B5F0A42CB34DD3F02263B6504DDE2033AD3F037F9B30C10F8460,IMPHASH=6FDBA23A6D701DB38B3CC15A5BEC69EF

ParentProcessGuid: {f57bd86a-a60f-658c-f701-000000000f00}

ParentProcessId: 11864

ParentImage: C:\Windows\System32\WindowsPowerShell\v1.0\powershell.exe

ParentCommandLine: ""powershell.exe"" & {if (-not (Test-Path C:\test)) {
New-Item -Path C:\test -ItemType Directory
} else {
Write-Host \""""Directory C:\test already exists.\"""" }
Copy-Item -Path \""""C:\windows\system32\customshellhost.exe\"""" -Destination \""""C:\test\customshellhost.exe\"""" -Force
Copy-Item -Path \""""C:\windows\system32\calc.exe\"""" -Destination \""""C:\test\explorer.exe\"""" -Force
C:\test\customshellhost.exe}

ParentUser: WINDEV2309EVAL\User",Info,CustomShellHost.exe,"""powershell.exe"" & {if (-not (Test-Path C:\test)) {
New-Item -Path C:\test -ItemType Directory
} else {
Write-Host \""""Directory C:\test already exists.\"""" }
Copy-Item -Path \""""C:\windows\system32\customshellhost.exe\"""" -Destination \""""C:\test\customshellhost.exe\"""" -Force
Copy-Item -Path \""""C:\windows\system32\calc.exe\"""" -Destination \""""C:\test\explorer.exe\"""" -Force
C:\test\customshellhost.exe}",C:\Windows\System32\WindowsPowerShell\v1.0\powershell.exe,{f57bd86a-a60f-658c-f701-000000000f00},11864,WINDEV2309EVAL\User,{f57bd86a-a611-658c-fa01-000000000f00},3588,11960,Microsoft® Windows® Operating System,,,,"
      ",-,2023-12-27T22:32:49.1081903Z,,,Process Create (rule: ProcessCreate),1,5124,WINDEV2309EVAL\User,S-1-5-18,2023-12-27 22:32:49.099,5,"<Event xmlns=""http://schemas.microsoft.com/win/2004/08/events/event"">
    <System>
      <Provider Name=""Microsoft-Windows-Sysmon"" Guid=""{5770385f-c22a-43e0-bf4c-06f5698ffbd9}""/>
      <EventID>1</EventID>
      <Version>5</Version>
      <Level>4</Level>
      <Task>1</Task>
      <Opcode>0</Opcode>
      <Keywords>0x8000000000000000</Keywords>
      <TimeCreated SystemTime=""2023-12-27T22:32:49.1081903Z""/>
      <EventRecordID>19636</EventRecordID>
      <Correlation/>
      <Execution ProcessID=""3588"" ThreadID=""5124""/>
      <Channel>Microsoft-Windows-Sysmon/Operational</Channel>
      <Computer>WinDev2309Eval</Computer>
      <Security UserID=""S-1-5-18""/>
    </System>
    <EventData>
      <Data Name=""RuleName"">-</Data>
      <Data Name=""UtcTime"">2023-12-27 22:32:49.099</Data>
      <Data Name=""ProcessGuid"">{f57bd86a-a611-658c-fa01-000000000f00}</Data>
      <Data Name=""ProcessId"">11960</Data>
      <Data Name=""Image"">C:\test\customshellhost.exe</Data>
      <Data Name=""FileVersion"">10.0.22621.2792 (WinBuild.160101.0800)</Data>
      <Data Name=""Description"">CustomShellHost</Data>
      <Data Name=""Product"">Microsoft&#174; Windows&#174; Operating System</Data>
      <Data Name=""Company"">Microsoft Corporation</Data>
      <Data Name=""OriginalFileName"">CustomShellHost.exe</Data>
      <Data Name=""CommandLine"">""C:\test\customshellhost.exe""</Data>
      <Data Name=""CurrentDirectory"">C:\Users\User\AppData\Local\Temp\</Data>
      <Data Name=""User"">WINDEV2309EVAL\User</Data>
      <Data Name=""LogonGuid"">{f57bd86a-36f9-658c-7bf8-020000000000}</Data>
      <Data Name=""LogonId"">0x2f87b</Data>
      <Data Name=""TerminalSessionId"">1</Data>
      <Data Name=""IntegrityLevel"">Medium</Data>
      <Data Name=""Hashes"">MD5=F0A4BBCBA8A673CBD8FF69281E8CAB05,SHA256=11C2BF126546B5F0A42CB34DD3F02263B6504DDE2033AD3F037F9B30C10F8460,IMPHASH=6FDBA23A6D701DB38B3CC15A5BEC69EF</Data>
      <Data Name=""ParentProcessGuid"">{f57bd86a-a60f-658c-f701-000000000f00}</Data>
      <Data Name=""ParentProcessId"">11864</Data>
      <Data Name=""ParentImage"">C:\Windows\System32\WindowsPowerShell\v1.0\powershell.exe</Data>
      <Data Name=""ParentCommandLine"">""powershell.exe"" &amp; {if (-not (Test-Path C:\test)) {
New-Item -Path C:\test -ItemType Directory
} else {
Write-Host \""""Directory C:\test already exists.\"""" }
Copy-Item -Path \""""C:\windows\system32\customshellhost.exe\"""" -Destination \""""C:\test\customshellhost.exe\"""" -Force
Copy-Item -Path \""""C:\windows\system32\calc.exe\"""" -Destination \""""C:\test\explorer.exe\"""" -Force
C:\test\customshellhost.exe}</Data>
      <Data Name=""ParentUser"">WINDEV2309EVAL\User</Data>
    </EventData>
    <RenderingInfo Culture=""en-US"">
      <Message>Process Create:

RuleName: -

UtcTime: 2023-12-27 22:32:49.099

ProcessGuid: {f57bd86a-a611-658c-fa01-000000000f00}

ProcessId: 11960

Image: C:\test\customshellhost.exe

FileVersion: 10.0.22621.2792 (WinBuild.160101.0800)

Description: CustomShellHost

Product: Microsoft&#174; Windows&#174; Operating System

Company: Microsoft Corporation

OriginalFileName: CustomShellHost.exe

CommandLine: ""C:\test\customshellhost.exe""

CurrentDirectory: C:\Users\User\AppData\Local\Temp\

User: WINDEV2309EVAL\User

LogonGuid: {f57bd86a-36f9-658c-7bf8-020000000000}

LogonId: 0x2F87B

TerminalSessionId: 1

IntegrityLevel: Medium

Hashes: MD5=F0A4BBCBA8A673CBD8FF69281E8CAB05,SHA256=11C2BF126546B5F0A42CB34DD3F02263B6504DDE2033AD3F037F9B30C10F8460,IMPHASH=6FDBA23A6D701DB38B3CC15A5BEC69EF

ParentProcessGuid: {f57bd86a-a60f-658c-f701-000000000f00}

ParentProcessId: 11864

ParentImage: C:\Windows\System32\WindowsPowerShell\v1.0\powershell.exe

ParentCommandLine: ""powershell.exe"" &amp; {if (-not (Test-Path C:\test)) {
New-Item -Path C:\test -ItemType Directory
} else {
Write-Host \""""Directory C:\test already exists.\"""" }
Copy-Item -Path \""""C:\windows\system32\customshellhost.exe\"""" -Destination \""""C:\test\customshellhost.exe\"""" -Force
Copy-Item -Path \""""C:\windows\system32\calc.exe\"""" -Destination \""""C:\test\explorer.exe\"""" -Force
C:\test\customshellhost.exe}

ParentUser: WINDEV2309EVAL\User</Message>
      <Level>Information</Level>
      <Task>Process Create (rule: ProcessCreate)</Task>
      <Opcode>Info</Opcode>
    </RenderingInfo>
  </Event>
  
"
Microsoft-Windows-Sysmon/Operational,,,WinDev2309Eval,2023-12-27 22:32:49.065,,,,11,19635,,,,C:\Windows\System32\WindowsPowerShell\v1.0\powershell.exe,,0x8000000000000000,Information,,,"File created:

RuleName: EXE

UtcTime: 2023-12-27 22:32:49.065

ProcessGuid: {f57bd86a-a60f-658c-f701-000000000f00}

ProcessId: 11864

Image: C:\Windows\System32\WindowsPowerShell\v1.0\powershell.exe

TargetFilename: C:\test\explorer.exe

CreationUtcTime: 2023-12-27 22:32:49.065

User: WINDEV2309EVAL\User",Info,,,,,,,{f57bd86a-a60f-658c-f701-000000000f00},3588,11864,,,,,"
      ",EXE,2023-12-27T22:32:49.0690037Z,C:\test\explorer.exe,,File created (rule: FileCreate),,5124,WINDEV2309EVAL\User,S-1-5-18,2023-12-27 22:32:49.065,2,"<Event xmlns=""http://schemas.microsoft.com/win/2004/08/events/event"">
    <System>
      <Provider Name=""Microsoft-Windows-Sysmon"" Guid=""{5770385f-c22a-43e0-bf4c-06f5698ffbd9}""/>
      <EventID>11</EventID>
      <Version>2</Version>
      <Level>4</Level>
      <Task>11</Task>
      <Opcode>0</Opcode>
      <Keywords>0x8000000000000000</Keywords>
      <TimeCreated SystemTime=""2023-12-27T22:32:49.0690037Z""/>
      <EventRecordID>19635</EventRecordID>
      <Correlation/>
      <Execution ProcessID=""3588"" ThreadID=""5124""/>
      <Channel>Microsoft-Windows-Sysmon/Operational</Channel>
      <Computer>WinDev2309Eval</Computer>
      <Security UserID=""S-1-5-18""/>
    </System>
    <EventData>
      <Data Name=""RuleName"">EXE</Data>
      <Data Name=""UtcTime"">2023-12-27 22:32:49.065</Data>
      <Data Name=""ProcessGuid"">{f57bd86a-a60f-658c-f701-000000000f00}</Data>
      <Data Name=""ProcessId"">11864</Data>
      <Data Name=""Image"">C:\Windows\System32\WindowsPowerShell\v1.0\powershell.exe</Data>
      <Data Name=""TargetFilename"">C:\test\explorer.exe</Data>
      <Data Name=""CreationUtcTime"">2023-12-27 22:32:49.065</Data>
      <Data Name=""User"">WINDEV2309EVAL\User</Data>
    </EventData>
    <RenderingInfo Culture=""en-US"">
      <Message>File created:

RuleName: EXE

UtcTime: 2023-12-27 22:32:49.065

ProcessGuid: {f57bd86a-a60f-658c-f701-000000000f00}

ProcessId: 11864

Image: C:\Windows\System32\WindowsPowerShell\v1.0\powershell.exe

TargetFilename: C:\test\explorer.exe

CreationUtcTime: 2023-12-27 22:32:49.065

User: WINDEV2309EVAL\User</Message>
      <Level>Information</Level>
      <Task>File created (rule: FileCreate)</Task>
      <Opcode>Info</Opcode>
    </RenderingInfo>
  </Event>
  
"
Microsoft-Windows-Sysmon/Operational,,,WinDev2309Eval,2023-12-27 22:32:49.049,,,,11,19634,,,,C:\Windows\System32\WindowsPowerShell\v1.0\powershell.exe,,0x8000000000000000,Information,,,"File created:

RuleName: EXE

UtcTime: 2023-12-27 22:32:49.049

ProcessGuid: {f57bd86a-a60f-658c-f701-000000000f00}

ProcessId: 11864

Image: C:\Windows\System32\WindowsPowerShell\v1.0\powershell.exe

TargetFilename: C:\test\customshellhost.exe

CreationUtcTime: 2023-12-27 22:32:49.049

User: WINDEV2309EVAL\User",Info,,,,,,,{f57bd86a-a60f-658c-f701-000000000f00},3588,11864,,,,,"
      ",EXE,2023-12-27T22:32:49.0550125Z,C:\test\customshellhost.exe,,File created (rule: FileCreate),,5124,WINDEV2309EVAL\User,S-1-5-18,2023-12-27 22:32:49.049,2,"<Event xmlns=""http://schemas.microsoft.com/win/2004/08/events/event"">
    <System>
      <Provider Name=""Microsoft-Windows-Sysmon"" Guid=""{5770385f-c22a-43e0-bf4c-06f5698ffbd9}""/>
      <EventID>11</EventID>
      <Version>2</Version>
      <Level>4</Level>
      <Task>11</Task>
      <Opcode>0</Opcode>
      <Keywords>0x8000000000000000</Keywords>
      <TimeCreated SystemTime=""2023-12-27T22:32:49.0550125Z""/>
      <EventRecordID>19634</EventRecordID>
      <Correlation/>
      <Execution ProcessID=""3588"" ThreadID=""5124""/>
      <Channel>Microsoft-Windows-Sysmon/Operational</Channel>
      <Computer>WinDev2309Eval</Computer>
      <Security UserID=""S-1-5-18""/>
    </System>
    <EventData>
      <Data Name=""RuleName"">EXE</Data>
      <Data Name=""UtcTime"">2023-12-27 22:32:49.049</Data>
      <Data Name=""ProcessGuid"">{f57bd86a-a60f-658c-f701-000000000f00}</Data>
      <Data Name=""ProcessId"">11864</Data>
      <Data Name=""Image"">C:\Windows\System32\WindowsPowerShell\v1.0\powershell.exe</Data>
      <Data Name=""TargetFilename"">C:\test\customshellhost.exe</Data>
      <Data Name=""CreationUtcTime"">2023-12-27 22:32:49.049</Data>
      <Data Name=""User"">WINDEV2309EVAL\User</Data>
    </EventData>
    <RenderingInfo Culture=""en-US"">
      <Message>File created:

RuleName: EXE

UtcTime: 2023-12-27 22:32:49.049

ProcessGuid: {f57bd86a-a60f-658c-f701-000000000f00}

ProcessId: 11864

Image: C:\Windows\System32\WindowsPowerShell\v1.0\powershell.exe

TargetFilename: C:\test\customshellhost.exe

CreationUtcTime: 2023-12-27 22:32:49.049

User: WINDEV2309EVAL\User</Message>
      <Level>Information</Level>
      <Task>File created (rule: FileCreate)</Task>
      <Opcode>Info</Opcode>
    </RenderingInfo>
  </Event>
  
"
Microsoft-Windows-Sysmon/Operational,,,WinDev2309Eval,,,,,22,19633,,,,<unknown process>,,0x8000000000000000,Information,,,"Dns query:

RuleName: -

UtcTime: 2023-12-27 14:52:23.076

ProcessGuid: {00000000-0000-0000-0000-000000000000}

ProcessId: 10564

QueryName: raw.githubusercontent.com

QueryStatus: 0

QueryResults: ::ffff:185.199.108.133;::ffff:185.199.109.133;::ffff:185.199.110.133;::ffff:185.199.111.133;

Image: <unknown process>

User: WINDEV2309EVAL\User",Info,,,,,,,{00000000-0000-0000-0000-000000000000},3588,10564,,raw.githubusercontent.com,::ffff:185.199.108.133;::ffff:185.199.109.133;::ffff:185.199.110.133;::ffff:185.199.111.133;,0,"
      ",-,2023-12-27T22:32:48.3270889Z,,,Dns query (rule: DnsQuery),,5164,WINDEV2309EVAL\User,S-1-5-18,2023-12-27 14:52:23.076,5,"<Event xmlns=""http://schemas.microsoft.com/win/2004/08/events/event"">
    <System>
      <Provider Name=""Microsoft-Windows-Sysmon"" Guid=""{5770385f-c22a-43e0-bf4c-06f5698ffbd9}""/>
      <EventID>22</EventID>
      <Version>5</Version>
      <Level>4</Level>
      <Task>22</Task>
      <Opcode>0</Opcode>
      <Keywords>0x8000000000000000</Keywords>
      <TimeCreated SystemTime=""2023-12-27T22:32:48.3270889Z""/>
      <EventRecordID>19633</EventRecordID>
      <Correlation/>
      <Execution ProcessID=""3588"" ThreadID=""5164""/>
      <Channel>Microsoft-Windows-Sysmon/Operational</Channel>
      <Computer>WinDev2309Eval</Computer>
      <Security UserID=""S-1-5-18""/>
    </System>
    <EventData>
      <Data Name=""RuleName"">-</Data>
      <Data Name=""UtcTime"">2023-12-27 14:52:23.076</Data>
      <Data Name=""ProcessGuid"">{00000000-0000-0000-0000-000000000000}</Data>
      <Data Name=""ProcessId"">10564</Data>
      <Data Name=""QueryName"">raw.githubusercontent.com</Data>
      <Data Name=""QueryStatus"">0</Data>
      <Data Name=""QueryResults"">::ffff:185.199.108.133;::ffff:185.199.109.133;::ffff:185.199.110.133;::ffff:185.199.111.133;</Data>
      <Data Name=""Image"">&lt;unknown process&gt;</Data>
      <Data Name=""User"">WINDEV2309EVAL\User</Data>
    </EventData>
    <RenderingInfo Culture=""en-US"">
      <Message>Dns query:

RuleName: -

UtcTime: 2023-12-27 14:52:23.076

ProcessGuid: {00000000-0000-0000-0000-000000000000}

ProcessId: 10564

QueryName: raw.githubusercontent.com

QueryStatus: 0

QueryResults: ::ffff:185.199.108.133;::ffff:185.199.109.133;::ffff:185.199.110.133;::ffff:185.199.111.133;

Image: &lt;unknown process&gt;

User: WINDEV2309EVAL\User</Message>
      <Level>Information</Level>
      <Task>Dns query (rule: DnsQuery)</Task>
      <Opcode>Info</Opcode>
    </RenderingInfo>
  </Event>
  
"
Microsoft-Windows-Sysmon/Operational,,,WinDev2309Eval,2023-12-27 22:32:47.743,,,,11,19632,,,,C:\Windows\System32\WindowsPowerShell\v1.0\powershell.exe,,0x8000000000000000,Information,,,"File created:

RuleName: -

UtcTime: 2023-12-27 22:32:47.743

ProcessGuid: {f57bd86a-a60f-658c-f701-000000000f00}

ProcessId: 11864

Image: C:\Windows\System32\WindowsPowerShell\v1.0\powershell.exe

TargetFilename: C:\Users\User\AppData\Local\Temp\__PSScriptPolicyTest_zlbn5edq.ehm.ps1

CreationUtcTime: 2023-12-27 22:32:47.743

User: WINDEV2309EVAL\User",Info,,,,,,,{f57bd86a-a60f-658c-f701-000000000f00},3588,11864,,,,,"
      ",-,2023-12-27T22:32:47.7515626Z,C:\Users\User\AppData\Local\Temp\__PSScriptPolicyTest_zlbn5edq.ehm.ps1,,File created (rule: FileCreate),,5124,WINDEV2309EVAL\User,S-1-5-18,2023-12-27 22:32:47.743,2,"<Event xmlns=""http://schemas.microsoft.com/win/2004/08/events/event"">
    <System>
      <Provider Name=""Microsoft-Windows-Sysmon"" Guid=""{5770385f-c22a-43e0-bf4c-06f5698ffbd9}""/>
      <EventID>11</EventID>
      <Version>2</Version>
      <Level>4</Level>
      <Task>11</Task>
      <Opcode>0</Opcode>
      <Keywords>0x8000000000000000</Keywords>
      <TimeCreated SystemTime=""2023-12-27T22:32:47.7515626Z""/>
      <EventRecordID>19632</EventRecordID>
      <Correlation/>
      <Execution ProcessID=""3588"" ThreadID=""5124""/>
      <Channel>Microsoft-Windows-Sysmon/Operational</Channel>
      <Computer>WinDev2309Eval</Computer>
      <Security UserID=""S-1-5-18""/>
    </System>
    <EventData>
      <Data Name=""RuleName"">-</Data>
      <Data Name=""UtcTime"">2023-12-27 22:32:47.743</Data>
      <Data Name=""ProcessGuid"">{f57bd86a-a60f-658c-f701-000000000f00}</Data>
      <Data Name=""ProcessId"">11864</Data>
      <Data Name=""Image"">C:\Windows\System32\WindowsPowerShell\v1.0\powershell.exe</Data>
      <Data Name=""TargetFilename"">C:\Users\User\AppData\Local\Temp\__PSScriptPolicyTest_zlbn5edq.ehm.ps1</Data>
      <Data Name=""CreationUtcTime"">2023-12-27 22:32:47.743</Data>
      <Data Name=""User"">WINDEV2309EVAL\User</Data>
    </EventData>
    <RenderingInfo Culture=""en-US"">
      <Message>File created:

RuleName: -

UtcTime: 2023-12-27 22:32:47.743

ProcessGuid: {f57bd86a-a60f-658c-f701-000000000f00}

ProcessId: 11864

Image: C:\Windows\System32\WindowsPowerShell\v1.0\powershell.exe

TargetFilename: C:\Users\User\AppData\Local\Temp\__PSScriptPolicyTest_zlbn5edq.ehm.ps1

CreationUtcTime: 2023-12-27 22:32:47.743

User: WINDEV2309EVAL\User</Message>
      <Level>Information</Level>
      <Task>File created (rule: FileCreate)</Task>
      <Opcode>Info</Opcode>
    </RenderingInfo>
  </Event>
  
"
Microsoft-Windows-Sysmon/Operational,"""powershell.exe"" & {if (-not (Test-Path C:\test)) {
New-Item -Path C:\test -ItemType Directory
} else {
Write-Host \""""Directory C:\test already exists.\"""" }
Copy-Item -Path \""""C:\windows\system32\customshellhost.exe\"""" -Destination \""""C:\test\customshellhost.exe\"""" -Force
Copy-Item -Path \""""C:\windows\system32\calc.exe\"""" -Destination \""""C:\test\explorer.exe\"""" -Force
C:\test\customshellhost.exe}",Microsoft Corporation,WinDev2309Eval,,C:\Users\User\AppData\Local\Temp\,Windows PowerShell,,1,19631,,10.0.22621.2506 (WinBuild.160101.0800),"MD5=2D1D70C92A419D9079B047954C611886,SHA256=C50057756CDB25D481CF2502ABCEF124F864C27618C5057468BFC6B82B2C4EDD,IMPHASH=E09C4F82A1DA13A09F4FF2E625FEBA20",C:\Windows\System32\WindowsPowerShell\v1.0\powershell.exe,Medium,0x8000000000000000,Information,{f57bd86a-36f9-658c-7bf8-020000000000},0x2f87b,"Process Create:

RuleName: -

UtcTime: 2023-12-27 22:32:47.548

ProcessGuid: {f57bd86a-a60f-658c-f701-000000000f00}

ProcessId: 11864

Image: C:\Windows\System32\WindowsPowerShell\v1.0\powershell.exe

FileVersion: 10.0.22621.2506 (WinBuild.160101.0800)

Description: Windows PowerShell

Product: Microsoft® Windows® Operating System

Company: Microsoft Corporation

OriginalFileName: PowerShell.EXE

CommandLine: ""powershell.exe"" & {if (-not (Test-Path C:\test)) {
New-Item -Path C:\test -ItemType Directory
} else {
Write-Host \""""Directory C:\test already exists.\"""" }
Copy-Item -Path \""""C:\windows\system32\customshellhost.exe\"""" -Destination \""""C:\test\customshellhost.exe\"""" -Force
Copy-Item -Path \""""C:\windows\system32\calc.exe\"""" -Destination \""""C:\test\explorer.exe\"""" -Force
C:\test\customshellhost.exe}

CurrentDirectory: C:\Users\User\AppData\Local\Temp\

User: WINDEV2309EVAL\User

LogonGuid: {f57bd86a-36f9-658c-7bf8-020000000000}

LogonId: 0x2F87B

TerminalSessionId: 1

IntegrityLevel: Medium

Hashes: MD5=2D1D70C92A419D9079B047954C611886,SHA256=C50057756CDB25D481CF2502ABCEF124F864C27618C5057468BFC6B82B2C4EDD,IMPHASH=E09C4F82A1DA13A09F4FF2E625FEBA20

ParentProcessGuid: {00000000-0000-0000-0000-000000000000}

ParentProcessId: 1688

ParentImage: -

ParentCommandLine: -

ParentUser: -",Info,PowerShell.EXE,-,-,{00000000-0000-0000-0000-000000000000},1688,-,{f57bd86a-a60f-658c-f701-000000000f00},3588,11864,Microsoft® Windows® Operating System,,,,"
      ",-,2023-12-27T22:32:47.5512931Z,,,Process Create (rule: ProcessCreate),1,5124,WINDEV2309EVAL\User,S-1-5-18,2023-12-27 22:32:47.548,5,"<Event xmlns=""http://schemas.microsoft.com/win/2004/08/events/event"">
    <System>
      <Provider Name=""Microsoft-Windows-Sysmon"" Guid=""{5770385f-c22a-43e0-bf4c-06f5698ffbd9}""/>
      <EventID>1</EventID>
      <Version>5</Version>
      <Level>4</Level>
      <Task>1</Task>
      <Opcode>0</Opcode>
      <Keywords>0x8000000000000000</Keywords>
      <TimeCreated SystemTime=""2023-12-27T22:32:47.5512931Z""/>
      <EventRecordID>19631</EventRecordID>
      <Correlation/>
      <Execution ProcessID=""3588"" ThreadID=""5124""/>
      <Channel>Microsoft-Windows-Sysmon/Operational</Channel>
      <Computer>WinDev2309Eval</Computer>
      <Security UserID=""S-1-5-18""/>
    </System>
    <EventData>
      <Data Name=""RuleName"">-</Data>
      <Data Name=""UtcTime"">2023-12-27 22:32:47.548</Data>
      <Data Name=""ProcessGuid"">{f57bd86a-a60f-658c-f701-000000000f00}</Data>
      <Data Name=""ProcessId"">11864</Data>
      <Data Name=""Image"">C:\Windows\System32\WindowsPowerShell\v1.0\powershell.exe</Data>
      <Data Name=""FileVersion"">10.0.22621.2506 (WinBuild.160101.0800)</Data>
      <Data Name=""Description"">Windows PowerShell</Data>
      <Data Name=""Product"">Microsoft&#174; Windows&#174; Operating System</Data>
      <Data Name=""Company"">Microsoft Corporation</Data>
      <Data Name=""OriginalFileName"">PowerShell.EXE</Data>
      <Data Name=""CommandLine"">""powershell.exe"" &amp; {if (-not (Test-Path C:\test)) {
New-Item -Path C:\test -ItemType Directory
} else {
Write-Host \""""Directory C:\test already exists.\"""" }
Copy-Item -Path \""""C:\windows\system32\customshellhost.exe\"""" -Destination \""""C:\test\customshellhost.exe\"""" -Force
Copy-Item -Path \""""C:\windows\system32\calc.exe\"""" -Destination \""""C:\test\explorer.exe\"""" -Force
C:\test\customshellhost.exe}</Data>
      <Data Name=""CurrentDirectory"">C:\Users\User\AppData\Local\Temp\</Data>
      <Data Name=""User"">WINDEV2309EVAL\User</Data>
      <Data Name=""LogonGuid"">{f57bd86a-36f9-658c-7bf8-020000000000}</Data>
      <Data Name=""LogonId"">0x2f87b</Data>
      <Data Name=""TerminalSessionId"">1</Data>
      <Data Name=""IntegrityLevel"">Medium</Data>
      <Data Name=""Hashes"">MD5=2D1D70C92A419D9079B047954C611886,SHA256=C50057756CDB25D481CF2502ABCEF124F864C27618C5057468BFC6B82B2C4EDD,IMPHASH=E09C4F82A1DA13A09F4FF2E625FEBA20</Data>
      <Data Name=""ParentProcessGuid"">{00000000-0000-0000-0000-000000000000}</Data>
      <Data Name=""ParentProcessId"">1688</Data>
      <Data Name=""ParentImage"">-</Data>
      <Data Name=""ParentCommandLine"">-</Data>
      <Data Name=""ParentUser"">-</Data>
    </EventData>
    <RenderingInfo Culture=""en-US"">
      <Message>Process Create:

RuleName: -

UtcTime: 2023-12-27 22:32:47.548

ProcessGuid: {f57bd86a-a60f-658c-f701-000000000f00}

ProcessId: 11864

Image: C:\Windows\System32\WindowsPowerShell\v1.0\powershell.exe

FileVersion: 10.0.22621.2506 (WinBuild.160101.0800)

Description: Windows PowerShell

Product: Microsoft&#174; Windows&#174; Operating System

Company: Microsoft Corporation

OriginalFileName: PowerShell.EXE

CommandLine: ""powershell.exe"" &amp; {if (-not (Test-Path C:\test)) {
New-Item -Path C:\test -ItemType Directory
} else {
Write-Host \""""Directory C:\test already exists.\"""" }
Copy-Item -Path \""""C:\windows\system32\customshellhost.exe\"""" -Destination \""""C:\test\customshellhost.exe\"""" -Force
Copy-Item -Path \""""C:\windows\system32\calc.exe\"""" -Destination \""""C:\test\explorer.exe\"""" -Force
C:\test\customshellhost.exe}

CurrentDirectory: C:\Users\User\AppData\Local\Temp\

User: WINDEV2309EVAL\User

LogonGuid: {f57bd86a-36f9-658c-7bf8-020000000000}

LogonId: 0x2F87B

TerminalSessionId: 1

IntegrityLevel: Medium

Hashes: MD5=2D1D70C92A419D9079B047954C611886,SHA256=C50057756CDB25D481CF2502ABCEF124F864C27618C5057468BFC6B82B2C4EDD,IMPHASH=E09C4F82A1DA13A09F4FF2E625FEBA20

ParentProcessGuid: {00000000-0000-0000-0000-000000000000}

ParentProcessId: 1688

ParentImage: -

ParentCommandLine: -

ParentUser: -</Message>
      <Level>Information</Level>
      <Task>Process Create (rule: ProcessCreate)</Task>
      <Opcode>Info</Opcode>
    </RenderingInfo>
  </Event>
  
"
Microsoft-Windows-Sysmon/Operational,,,WinDev2309Eval,,,,,5,19630,,,,C:\Users\User\AppData\Local\Temp\ie4uinit.exe,,0x8000000000000000,Information,,,"Process terminated:

RuleName: -

UtcTime: 2023-12-27 22:32:47.044

ProcessGuid: {f57bd86a-a60e-658c-f301-000000000f00}

ProcessId: 10564

Image: C:\Users\User\AppData\Local\Temp\ie4uinit.exe

User: WINDEV2309EVAL\User",Info,,,,,,,{f57bd86a-a60e-658c-f301-000000000f00},3588,10564,,,,,"
      ",-,2023-12-27T22:32:47.0583664Z,,,Process terminated (rule: ProcessTerminate),,5124,WINDEV2309EVAL\User,S-1-5-18,2023-12-27 22:32:47.044,3,"<Event xmlns=""http://schemas.microsoft.com/win/2004/08/events/event"">
    <System>
      <Provider Name=""Microsoft-Windows-Sysmon"" Guid=""{5770385f-c22a-43e0-bf4c-06f5698ffbd9}""/>
      <EventID>5</EventID>
      <Version>3</Version>
      <Level>4</Level>
      <Task>5</Task>
      <Opcode>0</Opcode>
      <Keywords>0x8000000000000000</Keywords>
      <TimeCreated SystemTime=""2023-12-27T22:32:47.0583664Z""/>
      <EventRecordID>19630</EventRecordID>
      <Correlation/>
      <Execution ProcessID=""3588"" ThreadID=""5124""/>
      <Channel>Microsoft-Windows-Sysmon/Operational</Channel>
      <Computer>WinDev2309Eval</Computer>
      <Security UserID=""S-1-5-18""/>
    </System>
    <EventData>
      <Data Name=""RuleName"">-</Data>
      <Data Name=""UtcTime"">2023-12-27 22:32:47.044</Data>
      <Data Name=""ProcessGuid"">{f57bd86a-a60e-658c-f301-000000000f00}</Data>
      <Data Name=""ProcessId"">10564</Data>
      <Data Name=""Image"">C:\Users\User\AppData\Local\Temp\ie4uinit.exe</Data>
      <Data Name=""User"">WINDEV2309EVAL\User</Data>
    </EventData>
    <RenderingInfo Culture=""en-US"">
      <Message>Process terminated:

RuleName: -

UtcTime: 2023-12-27 22:32:47.044

ProcessGuid: {f57bd86a-a60e-658c-f301-000000000f00}

ProcessId: 10564

Image: C:\Users\User\AppData\Local\Temp\ie4uinit.exe

User: WINDEV2309EVAL\User</Message>
      <Level>Information</Level>
      <Task>Process terminated (rule: ProcessTerminate)</Task>
      <Opcode>Info</Opcode>
    </RenderingInfo>
  </Event>
  
"
Microsoft-Windows-Sysmon/Operational,"""C:\Windows\System32\calc.exe"" ",Microsoft Corporation,WinDev2309Eval,,C:\Users\User\AppData\Local\Temp\,Windows Calculator,,1,19629,,10.0.22621.1 (WinBuild.160101.0800),"MD5=2F82623F9523C0D167862CAD0EFF6806,SHA256=9C2C8A8588FE6DB09C09337E78437CB056CD557DB1BCF5240112CBFB7B600EFB,IMPHASH=8EEAA9499666119D13B3F44ECD77A729",C:\Windows\System32\calc.exe,Medium,0x8000000000000000,Information,{f57bd86a-36f9-658c-7bf8-020000000000},0x2f87b,"Process Create:

RuleName: -

UtcTime: 2023-12-27 22:32:46.966

ProcessGuid: {f57bd86a-a60e-658c-f501-000000000f00}

ProcessId: 10412

Image: C:\Windows\System32\calc.exe

FileVersion: 10.0.22621.1 (WinBuild.160101.0800)

Description: Windows Calculator

Product: Microsoft® Windows® Operating System

Company: Microsoft Corporation

OriginalFileName: CALC.EXE

CommandLine: ""C:\Windows\System32\calc.exe"" 

CurrentDirectory: C:\Users\User\AppData\Local\Temp\

User: WINDEV2309EVAL\User

LogonGuid: {f57bd86a-36f9-658c-7bf8-020000000000}

LogonId: 0x2F87B

TerminalSessionId: 1

IntegrityLevel: Medium

Hashes: MD5=2F82623F9523C0D167862CAD0EFF6806,SHA256=9C2C8A8588FE6DB09C09337E78437CB056CD557DB1BCF5240112CBFB7B600EFB,IMPHASH=8EEAA9499666119D13B3F44ECD77A729

ParentProcessGuid: {f57bd86a-a60e-658c-f301-000000000f00}

ParentProcessId: 10564

ParentImage: C:\Users\User\AppData\Local\Temp\ie4uinit.exe

ParentCommandLine: C:\Users\User\AppData\Local\Temp\ie4uinit.exe  -BaseSettings

ParentUser: WINDEV2309EVAL\User",Info,CALC.EXE,C:\Users\User\AppData\Local\Temp\ie4uinit.exe  -BaseSettings,C:\Users\User\AppData\Local\Temp\ie4uinit.exe,{f57bd86a-a60e-658c-f301-000000000f00},10564,WINDEV2309EVAL\User,{f57bd86a-a60e-658c-f501-000000000f00},3588,10412,Microsoft® Windows® Operating System,,,,"
      ",-,2023-12-27T22:32:46.9682200Z,,,Process Create (rule: ProcessCreate),1,5124,WINDEV2309EVAL\User,S-1-5-18,2023-12-27 22:32:46.966,5,"<Event xmlns=""http://schemas.microsoft.com/win/2004/08/events/event"">
    <System>
      <Provider Name=""Microsoft-Windows-Sysmon"" Guid=""{5770385f-c22a-43e0-bf4c-06f5698ffbd9}""/>
      <EventID>1</EventID>
      <Version>5</Version>
      <Level>4</Level>
      <Task>1</Task>
      <Opcode>0</Opcode>
      <Keywords>0x8000000000000000</Keywords>
      <TimeCreated SystemTime=""2023-12-27T22:32:46.9682200Z""/>
      <EventRecordID>19629</EventRecordID>
      <Correlation/>
      <Execution ProcessID=""3588"" ThreadID=""5124""/>
      <Channel>Microsoft-Windows-Sysmon/Operational</Channel>
      <Computer>WinDev2309Eval</Computer>
      <Security UserID=""S-1-5-18""/>
    </System>
    <EventData>
      <Data Name=""RuleName"">-</Data>
      <Data Name=""UtcTime"">2023-12-27 22:32:46.966</Data>
      <Data Name=""ProcessGuid"">{f57bd86a-a60e-658c-f501-000000000f00}</Data>
      <Data Name=""ProcessId"">10412</Data>
      <Data Name=""Image"">C:\Windows\System32\calc.exe</Data>
      <Data Name=""FileVersion"">10.0.22621.1 (WinBuild.160101.0800)</Data>
      <Data Name=""Description"">Windows Calculator</Data>
      <Data Name=""Product"">Microsoft&#174; Windows&#174; Operating System</Data>
      <Data Name=""Company"">Microsoft Corporation</Data>
      <Data Name=""OriginalFileName"">CALC.EXE</Data>
      <Data Name=""CommandLine"">""C:\Windows\System32\calc.exe"" </Data>
      <Data Name=""CurrentDirectory"">C:\Users\User\AppData\Local\Temp\</Data>
      <Data Name=""User"">WINDEV2309EVAL\User</Data>
      <Data Name=""LogonGuid"">{f57bd86a-36f9-658c-7bf8-020000000000}</Data>
      <Data Name=""LogonId"">0x2f87b</Data>
      <Data Name=""TerminalSessionId"">1</Data>
      <Data Name=""IntegrityLevel"">Medium</Data>
      <Data Name=""Hashes"">MD5=2F82623F9523C0D167862CAD0EFF6806,SHA256=9C2C8A8588FE6DB09C09337E78437CB056CD557DB1BCF5240112CBFB7B600EFB,IMPHASH=8EEAA9499666119D13B3F44ECD77A729</Data>
      <Data Name=""ParentProcessGuid"">{f57bd86a-a60e-658c-f301-000000000f00}</Data>
      <Data Name=""ParentProcessId"">10564</Data>
      <Data Name=""ParentImage"">C:\Users\User\AppData\Local\Temp\ie4uinit.exe</Data>
      <Data Name=""ParentCommandLine"">C:\Users\User\AppData\Local\Temp\ie4uinit.exe  -BaseSettings</Data>
      <Data Name=""ParentUser"">WINDEV2309EVAL\User</Data>
    </EventData>
    <RenderingInfo Culture=""en-US"">
      <Message>Process Create:

RuleName: -

UtcTime: 2023-12-27 22:32:46.966

ProcessGuid: {f57bd86a-a60e-658c-f501-000000000f00}

ProcessId: 10412

Image: C:\Windows\System32\calc.exe

FileVersion: 10.0.22621.1 (WinBuild.160101.0800)

Description: Windows Calculator

Product: Microsoft&#174; Windows&#174; Operating System

Company: Microsoft Corporation

OriginalFileName: CALC.EXE

CommandLine: ""C:\Windows\System32\calc.exe"" 

CurrentDirectory: C:\Users\User\AppData\Local\Temp\

User: WINDEV2309EVAL\User

LogonGuid: {f57bd86a-36f9-658c-7bf8-020000000000}

LogonId: 0x2F87B

TerminalSessionId: 1

IntegrityLevel: Medium

Hashes: MD5=2F82623F9523C0D167862CAD0EFF6806,SHA256=9C2C8A8588FE6DB09C09337E78437CB056CD557DB1BCF5240112CBFB7B600EFB,IMPHASH=8EEAA9499666119D13B3F44ECD77A729

ParentProcessGuid: {f57bd86a-a60e-658c-f301-000000000f00}

ParentProcessId: 10564

ParentImage: C:\Users\User\AppData\Local\Temp\ie4uinit.exe

ParentCommandLine: C:\Users\User\AppData\Local\Temp\ie4uinit.exe  -BaseSettings

ParentUser: WINDEV2309EVAL\User</Message>
      <Level>Information</Level>
      <Task>Process Create (rule: ProcessCreate)</Task>
      <Opcode>Info</Opcode>
    </RenderingInfo>
  </Event>
  
"
Microsoft-Windows-Sysmon/Operational,,,WinDev2309Eval,2023-12-27 22:32:46.876,,,,11,19628,,,,C:\Users\User\AppData\Local\Temp\ie4uinit.exe,,0x8000000000000000,Information,,,"File created:

RuleName: -

UtcTime: 2023-12-27 22:32:46.876

ProcessGuid: {f57bd86a-a60e-658c-f301-000000000f00}

ProcessId: 10564

Image: C:\Users\User\AppData\Local\Temp\ie4uinit.exe

TargetFilename: C:\Users\User\AppData\Local\Microsoft\Windows\INetCache\IE\PNOUKTV0\test[1].sct

CreationUtcTime: 2023-12-27 22:32:46.876

User: WINDEV2309EVAL\User",Info,,,,,,,{f57bd86a-a60e-658c-f301-000000000f00},3588,10564,,,,,"
      ",-,2023-12-27T22:32:46.8850178Z,C:\Users\User\AppData\Local\Microsoft\Windows\INetCache\IE\PNOUKTV0\test[1].sct,,File created (rule: FileCreate),,5124,WINDEV2309EVAL\User,S-1-5-18,2023-12-27 22:32:46.876,2,"<Event xmlns=""http://schemas.microsoft.com/win/2004/08/events/event"">
    <System>
      <Provider Name=""Microsoft-Windows-Sysmon"" Guid=""{5770385f-c22a-43e0-bf4c-06f5698ffbd9}""/>
      <EventID>11</EventID>
      <Version>2</Version>
      <Level>4</Level>
      <Task>11</Task>
      <Opcode>0</Opcode>
      <Keywords>0x8000000000000000</Keywords>
      <TimeCreated SystemTime=""2023-12-27T22:32:46.8850178Z""/>
      <EventRecordID>19628</EventRecordID>
      <Correlation/>
      <Execution ProcessID=""3588"" ThreadID=""5124""/>
      <Channel>Microsoft-Windows-Sysmon/Operational</Channel>
      <Computer>WinDev2309Eval</Computer>
      <Security UserID=""S-1-5-18""/>
    </System>
    <EventData>
      <Data Name=""RuleName"">-</Data>
      <Data Name=""UtcTime"">2023-12-27 22:32:46.876</Data>
      <Data Name=""ProcessGuid"">{f57bd86a-a60e-658c-f301-000000000f00}</Data>
      <Data Name=""ProcessId"">10564</Data>
      <Data Name=""Image"">C:\Users\User\AppData\Local\Temp\ie4uinit.exe</Data>
      <Data Name=""TargetFilename"">C:\Users\User\AppData\Local\Microsoft\Windows\INetCache\IE\PNOUKTV0\test[1].sct</Data>
      <Data Name=""CreationUtcTime"">2023-12-27 22:32:46.876</Data>
      <Data Name=""User"">WINDEV2309EVAL\User</Data>
    </EventData>
    <RenderingInfo Culture=""en-US"">
      <Message>File created:

RuleName: -

UtcTime: 2023-12-27 22:32:46.876

ProcessGuid: {f57bd86a-a60e-658c-f301-000000000f00}

ProcessId: 10564

Image: C:\Users\User\AppData\Local\Temp\ie4uinit.exe

TargetFilename: C:\Users\User\AppData\Local\Microsoft\Windows\INetCache\IE\PNOUKTV0\test[1].sct

CreationUtcTime: 2023-12-27 22:32:46.876

User: WINDEV2309EVAL\User</Message>
      <Level>Information</Level>
      <Task>File created (rule: FileCreate)</Task>
      <Opcode>Info</Opcode>
    </RenderingInfo>
  </Event>
  
"
Microsoft-Windows-Sysmon/Operational,,,WinDev2309Eval,,,,,5,19627,,,,C:\Users\User\AppData\Local\Temp\ie4uinit.exe,,0x8000000000000000,Information,,,"Process terminated:

RuleName: -

UtcTime: 2023-12-27 22:32:46.274

ProcessGuid: {f57bd86a-a60e-658c-f401-000000000f00}

ProcessId: 9796

Image: C:\Users\User\AppData\Local\Temp\ie4uinit.exe

User: WINDEV2309EVAL\User",Info,,,,,,,{f57bd86a-a60e-658c-f401-000000000f00},3588,9796,,,,,"
      ",-,2023-12-27T22:32:46.2832555Z,,,Process terminated (rule: ProcessTerminate),,5124,WINDEV2309EVAL\User,S-1-5-18,2023-12-27 22:32:46.274,3,"<Event xmlns=""http://schemas.microsoft.com/win/2004/08/events/event"">
    <System>
      <Provider Name=""Microsoft-Windows-Sysmon"" Guid=""{5770385f-c22a-43e0-bf4c-06f5698ffbd9}""/>
      <EventID>5</EventID>
      <Version>3</Version>
      <Level>4</Level>
      <Task>5</Task>
      <Opcode>0</Opcode>
      <Keywords>0x8000000000000000</Keywords>
      <TimeCreated SystemTime=""2023-12-27T22:32:46.2832555Z""/>
      <EventRecordID>19627</EventRecordID>
      <Correlation/>
      <Execution ProcessID=""3588"" ThreadID=""5124""/>
      <Channel>Microsoft-Windows-Sysmon/Operational</Channel>
      <Computer>WinDev2309Eval</Computer>
      <Security UserID=""S-1-5-18""/>
    </System>
    <EventData>
      <Data Name=""RuleName"">-</Data>
      <Data Name=""UtcTime"">2023-12-27 22:32:46.274</Data>
      <Data Name=""ProcessGuid"">{f57bd86a-a60e-658c-f401-000000000f00}</Data>
      <Data Name=""ProcessId"">9796</Data>
      <Data Name=""Image"">C:\Users\User\AppData\Local\Temp\ie4uinit.exe</Data>
      <Data Name=""User"">WINDEV2309EVAL\User</Data>
    </EventData>
    <RenderingInfo Culture=""en-US"">
      <Message>Process terminated:

RuleName: -

UtcTime: 2023-12-27 22:32:46.274

ProcessGuid: {f57bd86a-a60e-658c-f401-000000000f00}

ProcessId: 9796

Image: C:\Users\User\AppData\Local\Temp\ie4uinit.exe

User: WINDEV2309EVAL\User</Message>
      <Level>Information</Level>
      <Task>Process terminated (rule: ProcessTerminate)</Task>
      <Opcode>Info</Opcode>
    </RenderingInfo>
  </Event>
  
"
