Microsoft-Windows-Sysmon/Operational,C:\Users\User\AppData\Local\Temp\ie4uinit.exe -ClearIconCache,Microsoft Corporation,WinDev2309Eval,,C:\Users\User\AppData\Local\Temp\,IE Per-User Initialization Utility,,1,19626,,11.00.22621.2506 (WinBuild.160101.0800),"MD5=3A388102CF8E844BF8A3817DDEA54668,SHA256=FCC158BEAAD763E120A1EACE214D4A6BAB419C1496A6A5F510202B050AF0E4F3,IMPHASH=65D99E4356D5139D31C3A6E8825C5F66",C:\Users\User\AppData\Local\Temp\ie4uinit.exe,Medium,0x8000000000000000,Information,{f57bd86a-36f9-658c-7bf8-020000000000},0x2f87b,"Process Create:

RuleName: -

UtcTime: 2023-12-27 22:32:46.237

ProcessGuid: {f57bd86a-a60e-658c-f401-000000000f00}

ProcessId: 9796

Image: C:\Users\User\AppData\Local\Temp\ie4uinit.exe

FileVersion: 11.00.22621.2506 (WinBuild.160101.0800)

Description: IE Per-User Initialization Utility

Product: Internet Explorer

Company: Microsoft Corporation

OriginalFileName: IE4UINIT.EXE

CommandLine: C:\Users\User\AppData\Local\Temp\ie4uinit.exe -ClearIconCache

CurrentDirectory: C:\Users\User\AppData\Local\Temp\

User: WINDEV2309EVAL\User

LogonGuid: {f57bd86a-36f9-658c-7bf8-020000000000}

LogonId: 0x2F87B

TerminalSessionId: 1

IntegrityLevel: Medium

Hashes: MD5=3A388102CF8E844BF8A3817DDEA54668,SHA256=FCC158BEAAD763E120A1EACE214D4A6BAB419C1496A6A5F510202B050AF0E4F3,IMPHASH=65D99E4356D5139D31C3A6E8825C5F66

ParentProcessGuid: {f57bd86a-a60e-658c-f301-000000000f00}

ParentProcessId: 10564

ParentImage: C:\Users\User\AppData\Local\Temp\ie4uinit.exe

ParentCommandLine: C:\Users\User\AppData\Local\Temp\ie4uinit.exe  -BaseSettings

ParentUser: WINDEV2309EVAL\User",Info,IE4UINIT.EXE,C:\Users\User\AppData\Local\Temp\ie4uinit.exe  -BaseSettings,C:\Users\User\AppData\Local\Temp\ie4uinit.exe,{f57bd86a-a60e-658c-f301-000000000f00},10564,WINDEV2309EVAL\User,{f57bd86a-a60e-658c-f401-000000000f00},3588,9796,Internet Explorer,,,,"
      ",-,2023-12-27T22:32:46.2380260Z,,,Process Create (rule: ProcessCreate),1,5124,WINDEV2309EVAL\User,S-1-5-18,2023-12-27 22:32:46.237,5,"<Event xmlns=""http://schemas.microsoft.com/win/2004/08/events/event"">
    <System>
      <Provider Name=""Microsoft-Windows-Sysmon"" Guid=""{5770385f-c22a-43e0-bf4c-06f5698ffbd9}""/>
      <EventID>1</EventID>
      <Version>5</Version>
      <Level>4</Level>
      <Task>1</Task>
      <Opcode>0</Opcode>
      <Keywords>0x8000000000000000</Keywords>
      <TimeCreated SystemTime=""2023-12-27T22:32:46.2380260Z""/>
      <EventRecordID>19626</EventRecordID>
      <Correlation/>
      <Execution ProcessID=""3588"" ThreadID=""5124""/>
      <Channel>Microsoft-Windows-Sysmon/Operational</Channel>
      <Computer>WinDev2309Eval</Computer>
      <Security UserID=""S-1-5-18""/>
    </System>
    <EventData>
      <Data Name=""RuleName"">-</Data>
      <Data Name=""UtcTime"">2023-12-27 22:32:46.237</Data>
      <Data Name=""ProcessGuid"">{f57bd86a-a60e-658c-f401-000000000f00}</Data>
      <Data Name=""ProcessId"">9796</Data>
      <Data Name=""Image"">C:\Users\User\AppData\Local\Temp\ie4uinit.exe</Data>
      <Data Name=""FileVersion"">11.00.22621.2506 (WinBuild.160101.0800)</Data>
      <Data Name=""Description"">IE Per-User Initialization Utility</Data>
      <Data Name=""Product"">Internet Explorer</Data>
      <Data Name=""Company"">Microsoft Corporation</Data>
      <Data Name=""OriginalFileName"">IE4UINIT.EXE</Data>
      <Data Name=""CommandLine"">C:\Users\User\AppData\Local\Temp\ie4uinit.exe -ClearIconCache</Data>
      <Data Name=""CurrentDirectory"">C:\Users\User\AppData\Local\Temp\</Data>
      <Data Name=""User"">WINDEV2309EVAL\User</Data>
      <Data Name=""LogonGuid"">{f57bd86a-36f9-658c-7bf8-020000000000}</Data>
      <Data Name=""LogonId"">0x2f87b</Data>
      <Data Name=""TerminalSessionId"">1</Data>
      <Data Name=""IntegrityLevel"">Medium</Data>
      <Data Name=""Hashes"">MD5=3A388102CF8E844BF8A3817DDEA54668,SHA256=FCC158BEAAD763E120A1EACE214D4A6BAB419C1496A6A5F510202B050AF0E4F3,IMPHASH=65D99E4356D5139D31C3A6E8825C5F66</Data>
      <Data Name=""ParentProcessGuid"">{f57bd86a-a60e-658c-f301-000000000f00}</Data>
      <Data Name=""ParentProcessId"">10564</Data>
      <Data Name=""ParentImage"">C:\Users\User\AppData\Local\Temp\ie4uinit.exe</Data>
      <Data Name=""ParentCommandLine"">C:\Users\User\AppData\Local\Temp\ie4uinit.exe  -BaseSettings</Data>
      <Data Name=""ParentUser"">WINDEV2309EVAL\User</Data>
    </EventData>
    <RenderingInfo Culture=""en-US"">
      <Message>Process Create:

RuleName: -

UtcTime: 2023-12-27 22:32:46.237

ProcessGuid: {f57bd86a-a60e-658c-f401-000000000f00}

ProcessId: 9796

Image: C:\Users\User\AppData\Local\Temp\ie4uinit.exe

FileVersion: 11.00.22621.2506 (WinBuild.160101.0800)

Description: IE Per-User Initialization Utility

Product: Internet Explorer

Company: Microsoft Corporation

OriginalFileName: IE4UINIT.EXE

CommandLine: C:\Users\User\AppData\Local\Temp\ie4uinit.exe -ClearIconCache

CurrentDirectory: C:\Users\User\AppData\Local\Temp\

User: WINDEV2309EVAL\User

LogonGuid: {f57bd86a-36f9-658c-7bf8-020000000000}

LogonId: 0x2F87B

TerminalSessionId: 1

IntegrityLevel: Medium

Hashes: MD5=3A388102CF8E844BF8A3817DDEA54668,SHA256=FCC158BEAAD763E120A1EACE214D4A6BAB419C1496A6A5F510202B050AF0E4F3,IMPHASH=65D99E4356D5139D31C3A6E8825C5F66

ParentProcessGuid: {f57bd86a-a60e-658c-f301-000000000f00}

ParentProcessId: 10564

ParentImage: C:\Users\User\AppData\Local\Temp\ie4uinit.exe

ParentCommandLine: C:\Users\User\AppData\Local\Temp\ie4uinit.exe  -BaseSettings

ParentUser: WINDEV2309EVAL\User</Message>
      <Level>Information</Level>
      <Task>Process Create (rule: ProcessCreate)</Task>
      <Opcode>Info</Opcode>
    </RenderingInfo>
  </Event>
  
"
Microsoft-Windows-Sysmon/Operational,C:\Users\User\AppData\Local\Temp\ie4uinit.exe  -BaseSettings,Microsoft Corporation,WinDev2309Eval,,C:\Users\User\AppData\Local\Temp\,IE Per-User Initialization Utility,,1,19625,,11.00.22621.2506 (WinBuild.160101.0800),"MD5=3A388102CF8E844BF8A3817DDEA54668,SHA256=FCC158BEAAD763E120A1EACE214D4A6BAB419C1496A6A5F510202B050AF0E4F3,IMPHASH=65D99E4356D5139D31C3A6E8825C5F66",C:\Users\User\AppData\Local\Temp\ie4uinit.exe,Medium,0x8000000000000000,Information,{f57bd86a-36f9-658c-7bf8-020000000000},0x2f87b,"Process Create:

RuleName: -

UtcTime: 2023-12-27 22:32:46.192

ProcessGuid: {f57bd86a-a60e-658c-f301-000000000f00}

ProcessId: 10564

Image: C:\Users\User\AppData\Local\Temp\ie4uinit.exe

FileVersion: 11.00.22621.2506 (WinBuild.160101.0800)

Description: IE Per-User Initialization Utility

Product: Internet Explorer

Company: Microsoft Corporation

OriginalFileName: IE4UINIT.EXE

CommandLine: C:\Users\User\AppData\Local\Temp\ie4uinit.exe  -BaseSettings

CurrentDirectory: C:\Users\User\AppData\Local\Temp\

User: WINDEV2309EVAL\User

LogonGuid: {f57bd86a-36f9-658c-7bf8-020000000000}

LogonId: 0x2F87B

TerminalSessionId: 1

IntegrityLevel: Medium

Hashes: MD5=3A388102CF8E844BF8A3817DDEA54668,SHA256=FCC158BEAAD763E120A1EACE214D4A6BAB419C1496A6A5F510202B050AF0E4F3,IMPHASH=65D99E4356D5139D31C3A6E8825C5F66

ParentProcessGuid: {f57bd86a-a60e-658c-f101-000000000f00}

ParentProcessId: 11552

ParentImage: C:\Windows\System32\cmd.exe

ParentCommandLine: ""cmd.exe"" /c copy c:\windows\system32\ie4uinit.exe %TEMP%\ie4uinit.exe & copy ""C:\AtomicRedTeam\atomics\T1218\src\ieuinit.inf"" %TEMP%\ieuinit.inf & %TEMP%\ie4uinit.exe -BaseSettings

ParentUser: WINDEV2309EVAL\User",Info,IE4UINIT.EXE,"""cmd.exe"" /c copy c:\windows\system32\ie4uinit.exe %TEMP%\ie4uinit.exe & copy ""C:\AtomicRedTeam\atomics\T1218\src\ieuinit.inf"" %TEMP%\ieuinit.inf & %TEMP%\ie4uinit.exe -BaseSettings",C:\Windows\System32\cmd.exe,{f57bd86a-a60e-658c-f101-000000000f00},11552,WINDEV2309EVAL\User,{f57bd86a-a60e-658c-f301-000000000f00},3588,10564,Internet Explorer,,,,"
      ",-,2023-12-27T22:32:46.1959466Z,,,Process Create (rule: ProcessCreate),1,5124,WINDEV2309EVAL\User,S-1-5-18,2023-12-27 22:32:46.192,5,"<Event xmlns=""http://schemas.microsoft.com/win/2004/08/events/event"">
    <System>
      <Provider Name=""Microsoft-Windows-Sysmon"" Guid=""{5770385f-c22a-43e0-bf4c-06f5698ffbd9}""/>
      <EventID>1</EventID>
      <Version>5</Version>
      <Level>4</Level>
      <Task>1</Task>
      <Opcode>0</Opcode>
      <Keywords>0x8000000000000000</Keywords>
      <TimeCreated SystemTime=""2023-12-27T22:32:46.1959466Z""/>
      <EventRecordID>19625</EventRecordID>
      <Correlation/>
      <Execution ProcessID=""3588"" ThreadID=""5124""/>
      <Channel>Microsoft-Windows-Sysmon/Operational</Channel>
      <Computer>WinDev2309Eval</Computer>
      <Security UserID=""S-1-5-18""/>
    </System>
    <EventData>
      <Data Name=""RuleName"">-</Data>
      <Data Name=""UtcTime"">2023-12-27 22:32:46.192</Data>
      <Data Name=""ProcessGuid"">{f57bd86a-a60e-658c-f301-000000000f00}</Data>
      <Data Name=""ProcessId"">10564</Data>
      <Data Name=""Image"">C:\Users\User\AppData\Local\Temp\ie4uinit.exe</Data>
      <Data Name=""FileVersion"">11.00.22621.2506 (WinBuild.160101.0800)</Data>
      <Data Name=""Description"">IE Per-User Initialization Utility</Data>
      <Data Name=""Product"">Internet Explorer</Data>
      <Data Name=""Company"">Microsoft Corporation</Data>
      <Data Name=""OriginalFileName"">IE4UINIT.EXE</Data>
      <Data Name=""CommandLine"">C:\Users\User\AppData\Local\Temp\ie4uinit.exe  -BaseSettings</Data>
      <Data Name=""CurrentDirectory"">C:\Users\User\AppData\Local\Temp\</Data>
      <Data Name=""User"">WINDEV2309EVAL\User</Data>
      <Data Name=""LogonGuid"">{f57bd86a-36f9-658c-7bf8-020000000000}</Data>
      <Data Name=""LogonId"">0x2f87b</Data>
      <Data Name=""TerminalSessionId"">1</Data>
      <Data Name=""IntegrityLevel"">Medium</Data>
      <Data Name=""Hashes"">MD5=3A388102CF8E844BF8A3817DDEA54668,SHA256=FCC158BEAAD763E120A1EACE214D4A6BAB419C1496A6A5F510202B050AF0E4F3,IMPHASH=65D99E4356D5139D31C3A6E8825C5F66</Data>
      <Data Name=""ParentProcessGuid"">{f57bd86a-a60e-658c-f101-000000000f00}</Data>
      <Data Name=""ParentProcessId"">11552</Data>
      <Data Name=""ParentImage"">C:\Windows\System32\cmd.exe</Data>
      <Data Name=""ParentCommandLine"">""cmd.exe"" /c copy c:\windows\system32\ie4uinit.exe %TEMP%\ie4uinit.exe &amp; copy ""C:\AtomicRedTeam\atomics\T1218\src\ieuinit.inf"" %TEMP%\ieuinit.inf &amp; %TEMP%\ie4uinit.exe -BaseSettings</Data>
      <Data Name=""ParentUser"">WINDEV2309EVAL\User</Data>
    </EventData>
    <RenderingInfo Culture=""en-US"">
      <Message>Process Create:

RuleName: -

UtcTime: 2023-12-27 22:32:46.192

ProcessGuid: {f57bd86a-a60e-658c-f301-000000000f00}

ProcessId: 10564

Image: C:\Users\User\AppData\Local\Temp\ie4uinit.exe

FileVersion: 11.00.22621.2506 (WinBuild.160101.0800)

Description: IE Per-User Initialization Utility

Product: Internet Explorer

Company: Microsoft Corporation

OriginalFileName: IE4UINIT.EXE

CommandLine: C:\Users\User\AppData\Local\Temp\ie4uinit.exe  -BaseSettings

CurrentDirectory: C:\Users\User\AppData\Local\Temp\

User: WINDEV2309EVAL\User

LogonGuid: {f57bd86a-36f9-658c-7bf8-020000000000}

LogonId: 0x2F87B

TerminalSessionId: 1

IntegrityLevel: Medium

Hashes: MD5=3A388102CF8E844BF8A3817DDEA54668,SHA256=FCC158BEAAD763E120A1EACE214D4A6BAB419C1496A6A5F510202B050AF0E4F3,IMPHASH=65D99E4356D5139D31C3A6E8825C5F66

ParentProcessGuid: {f57bd86a-a60e-658c-f101-000000000f00}

ParentProcessId: 11552

ParentImage: C:\Windows\System32\cmd.exe

ParentCommandLine: ""cmd.exe"" /c copy c:\windows\system32\ie4uinit.exe %TEMP%\ie4uinit.exe &amp; copy ""C:\AtomicRedTeam\atomics\T1218\src\ieuinit.inf"" %TEMP%\ieuinit.inf &amp; %TEMP%\ie4uinit.exe -BaseSettings

ParentUser: WINDEV2309EVAL\User</Message>
      <Level>Information</Level>
      <Task>Process Create (rule: ProcessCreate)</Task>
      <Opcode>Info</Opcode>
    </RenderingInfo>
  </Event>
  
"
Microsoft-Windows-Sysmon/Operational,,,WinDev2309Eval,2023-12-27 22:32:46.162,,,,11,19624,,,,C:\Windows\SYSTEM32\cmd.exe,,0x8000000000000000,Information,,,"File created:

RuleName: EXE

UtcTime: 2023-12-27 22:32:46.162

ProcessGuid: {f57bd86a-a60e-658c-f101-000000000f00}

ProcessId: 11552

Image: C:\Windows\SYSTEM32\cmd.exe

TargetFilename: C:\Users\User\AppData\Local\Temp\ie4uinit.exe

CreationUtcTime: 2023-12-27 22:32:46.162

User: WINDEV2309EVAL\User",Info,,,,,,,{f57bd86a-a60e-658c-f101-000000000f00},3588,11552,,,,,"
      ",EXE,2023-12-27T22:32:46.1744283Z,C:\Users\User\AppData\Local\Temp\ie4uinit.exe,,File created (rule: FileCreate),,5124,WINDEV2309EVAL\User,S-1-5-18,2023-12-27 22:32:46.162,2,"<Event xmlns=""http://schemas.microsoft.com/win/2004/08/events/event"">
    <System>
      <Provider Name=""Microsoft-Windows-Sysmon"" Guid=""{5770385f-c22a-43e0-bf4c-06f5698ffbd9}""/>
      <EventID>11</EventID>
      <Version>2</Version>
      <Level>4</Level>
      <Task>11</Task>
      <Opcode>0</Opcode>
      <Keywords>0x8000000000000000</Keywords>
      <TimeCreated SystemTime=""2023-12-27T22:32:46.1744283Z""/>
      <EventRecordID>19624</EventRecordID>
      <Correlation/>
      <Execution ProcessID=""3588"" ThreadID=""5124""/>
      <Channel>Microsoft-Windows-Sysmon/Operational</Channel>
      <Computer>WinDev2309Eval</Computer>
      <Security UserID=""S-1-5-18""/>
    </System>
    <EventData>
      <Data Name=""RuleName"">EXE</Data>
      <Data Name=""UtcTime"">2023-12-27 22:32:46.162</Data>
      <Data Name=""ProcessGuid"">{f57bd86a-a60e-658c-f101-000000000f00}</Data>
      <Data Name=""ProcessId"">11552</Data>
      <Data Name=""Image"">C:\Windows\SYSTEM32\cmd.exe</Data>
      <Data Name=""TargetFilename"">C:\Users\User\AppData\Local\Temp\ie4uinit.exe</Data>
      <Data Name=""CreationUtcTime"">2023-12-27 22:32:46.162</Data>
      <Data Name=""User"">WINDEV2309EVAL\User</Data>
    </EventData>
    <RenderingInfo Culture=""en-US"">
      <Message>File created:

RuleName: EXE

UtcTime: 2023-12-27 22:32:46.162

ProcessGuid: {f57bd86a-a60e-658c-f101-000000000f00}

ProcessId: 11552

Image: C:\Windows\SYSTEM32\cmd.exe

TargetFilename: C:\Users\User\AppData\Local\Temp\ie4uinit.exe

CreationUtcTime: 2023-12-27 22:32:46.162

User: WINDEV2309EVAL\User</Message>
      <Level>Information</Level>
      <Task>File created (rule: FileCreate)</Task>
      <Opcode>Info</Opcode>
    </RenderingInfo>
  </Event>
  
"
Microsoft-Windows-Sysmon/Operational,"""cmd.exe"" /c copy c:\windows\system32\ie4uinit.exe %%TEMP%%\ie4uinit.exe & copy ""C:\AtomicRedTeam\atomics\T1218\src\ieuinit.inf"" %%TEMP%%\ieuinit.inf & %%TEMP%%\ie4uinit.exe -BaseSettings",Microsoft Corporation,WinDev2309Eval,,C:\Users\User\AppData\Local\Temp\,Windows Command Processor,,1,19623,,10.0.22621.2506 (WinBuild.160101.0800),"MD5=133D568ECCB557E37BEA1459521CBAC2,SHA256=05A30592D2C3421C41121145C6EEFA7C81FEA6B42D6233A522240A8468326B9C,IMPHASH=D73E39DAB3C8B57AA408073D01254964",C:\Windows\System32\cmd.exe,Medium,0x8000000000000000,Information,{f57bd86a-36f9-658c-7bf8-020000000000},0x2f87b,"Process Create:

RuleName: -

UtcTime: 2023-12-27 22:32:46.130

ProcessGuid: {f57bd86a-a60e-658c-f101-000000000f00}

ProcessId: 11552

Image: C:\Windows\System32\cmd.exe

FileVersion: 10.0.22621.2506 (WinBuild.160101.0800)

Description: Windows Command Processor

Product: Microsoft® Windows® Operating System

Company: Microsoft Corporation

OriginalFileName: Cmd.Exe

CommandLine: ""cmd.exe"" /c copy c:\windows\system32\ie4uinit.exe %%TEMP%%\ie4uinit.exe & copy ""C:\AtomicRedTeam\atomics\T1218\src\ieuinit.inf"" %%TEMP%%\ieuinit.inf & %%TEMP%%\ie4uinit.exe -BaseSettings

CurrentDirectory: C:\Users\User\AppData\Local\Temp\

User: WINDEV2309EVAL\User

LogonGuid: {f57bd86a-36f9-658c-7bf8-020000000000}

LogonId: 0x2F87B

TerminalSessionId: 1

IntegrityLevel: Medium

Hashes: MD5=133D568ECCB557E37BEA1459521CBAC2,SHA256=05A30592D2C3421C41121145C6EEFA7C81FEA6B42D6233A522240A8468326B9C,IMPHASH=D73E39DAB3C8B57AA408073D01254964

ParentProcessGuid: {00000000-0000-0000-0000-000000000000}

ParentProcessId: 1688

ParentImage: -

ParentCommandLine: -

ParentUser: -",Info,Cmd.Exe,-,-,{00000000-0000-0000-0000-000000000000},1688,-,{f57bd86a-a60e-658c-f101-000000000f00},3588,11552,Microsoft® Windows® Operating System,,,,"
      ",-,2023-12-27T22:32:46.1316041Z,,,Process Create (rule: ProcessCreate),1,5124,WINDEV2309EVAL\User,S-1-5-18,2023-12-27 22:32:46.130,5,"<Event xmlns=""http://schemas.microsoft.com/win/2004/08/events/event"">
    <System>
      <Provider Name=""Microsoft-Windows-Sysmon"" Guid=""{5770385f-c22a-43e0-bf4c-06f5698ffbd9}""/>
      <EventID>1</EventID>
      <Version>5</Version>
      <Level>4</Level>
      <Task>1</Task>
      <Opcode>0</Opcode>
      <Keywords>0x8000000000000000</Keywords>
      <TimeCreated SystemTime=""2023-12-27T22:32:46.1316041Z""/>
      <EventRecordID>19623</EventRecordID>
      <Correlation/>
      <Execution ProcessID=""3588"" ThreadID=""5124""/>
      <Channel>Microsoft-Windows-Sysmon/Operational</Channel>
      <Computer>WinDev2309Eval</Computer>
      <Security UserID=""S-1-5-18""/>
    </System>
    <EventData>
      <Data Name=""RuleName"">-</Data>
      <Data Name=""UtcTime"">2023-12-27 22:32:46.130</Data>
      <Data Name=""ProcessGuid"">{f57bd86a-a60e-658c-f101-000000000f00}</Data>
      <Data Name=""ProcessId"">11552</Data>
      <Data Name=""Image"">C:\Windows\System32\cmd.exe</Data>
      <Data Name=""FileVersion"">10.0.22621.2506 (WinBuild.160101.0800)</Data>
      <Data Name=""Description"">Windows Command Processor</Data>
      <Data Name=""Product"">Microsoft&#174; Windows&#174; Operating System</Data>
      <Data Name=""Company"">Microsoft Corporation</Data>
      <Data Name=""OriginalFileName"">Cmd.Exe</Data>
      <Data Name=""CommandLine"">""cmd.exe"" /c copy c:\windows\system32\ie4uinit.exe %%TEMP%%\ie4uinit.exe &amp; copy ""C:\AtomicRedTeam\atomics\T1218\src\ieuinit.inf"" %%TEMP%%\ieuinit.inf &amp; %%TEMP%%\ie4uinit.exe -BaseSettings</Data>
      <Data Name=""CurrentDirectory"">C:\Users\User\AppData\Local\Temp\</Data>
      <Data Name=""User"">WINDEV2309EVAL\User</Data>
      <Data Name=""LogonGuid"">{f57bd86a-36f9-658c-7bf8-020000000000}</Data>
      <Data Name=""LogonId"">0x2f87b</Data>
      <Data Name=""TerminalSessionId"">1</Data>
      <Data Name=""IntegrityLevel"">Medium</Data>
      <Data Name=""Hashes"">MD5=133D568ECCB557E37BEA1459521CBAC2,SHA256=05A30592D2C3421C41121145C6EEFA7C81FEA6B42D6233A522240A8468326B9C,IMPHASH=D73E39DAB3C8B57AA408073D01254964</Data>
      <Data Name=""ParentProcessGuid"">{00000000-0000-0000-0000-000000000000}</Data>
      <Data Name=""ParentProcessId"">1688</Data>
      <Data Name=""ParentImage"">-</Data>
      <Data Name=""ParentCommandLine"">-</Data>
      <Data Name=""ParentUser"">-</Data>
    </EventData>
    <RenderingInfo Culture=""en-US"">
      <Message>Process Create:

RuleName: -

UtcTime: 2023-12-27 22:32:46.130

ProcessGuid: {f57bd86a-a60e-658c-f101-000000000f00}

ProcessId: 11552

Image: C:\Windows\System32\cmd.exe

FileVersion: 10.0.22621.2506 (WinBuild.160101.0800)

Description: Windows Command Processor

Product: Microsoft&#174; Windows&#174; Operating System

Company: Microsoft Corporation

OriginalFileName: Cmd.Exe

CommandLine: ""cmd.exe"" /c copy c:\windows\system32\ie4uinit.exe %%TEMP%%\ie4uinit.exe &amp; copy ""C:\AtomicRedTeam\atomics\T1218\src\ieuinit.inf"" %%TEMP%%\ieuinit.inf &amp; %%TEMP%%\ie4uinit.exe -BaseSettings

CurrentDirectory: C:\Users\User\AppData\Local\Temp\

User: WINDEV2309EVAL\User

LogonGuid: {f57bd86a-36f9-658c-7bf8-020000000000}

LogonId: 0x2F87B

TerminalSessionId: 1

IntegrityLevel: Medium

Hashes: MD5=133D568ECCB557E37BEA1459521CBAC2,SHA256=05A30592D2C3421C41121145C6EEFA7C81FEA6B42D6233A522240A8468326B9C,IMPHASH=D73E39DAB3C8B57AA408073D01254964

ParentProcessGuid: {00000000-0000-0000-0000-000000000000}

ParentProcessId: 1688

ParentImage: -

ParentCommandLine: -

ParentUser: -</Message>
      <Level>Information</Level>
      <Task>Process Create (rule: ProcessCreate)</Task>
      <Opcode>Info</Opcode>
    </RenderingInfo>
  </Event>
  
"
Microsoft-Windows-Sysmon/Operational,,,WinDev2309Eval,,,,1023.1020.2192.0,13,19622,SetValue,,,C:\Windows\System32\svchost.exe,,0x8000000000000000,Information,,,"Registry value set:

RuleName: InvDB-Ver

EventType: SetValue

UtcTime: 2023-12-27 22:32:46.014

ProcessGuid: {f57bd86a-36f8-658c-3e00-000000000f00}

ProcessId: 3212

Image: C:\Windows\System32\svchost.exe

TargetObject: \REGISTRY\A\{b3b14332-edc6-625a-c682-62677f6d06d4}\Root\InventoryApplicationFile\wuauclt.exe|6d25ac45061433a4\BinProductVersion

Details: 1023.1020.2192.0

User: NT AUTHORITY\SYSTEM",Info,,,,,,,{f57bd86a-36f8-658c-3e00-000000000f00},3588,3212,,,,,"
      ",InvDB-Ver,2023-12-27T22:32:46.0256784Z,,\REGISTRY\A\{b3b14332-edc6-625a-c682-62677f6d06d4}\Root\InventoryApplicationFile\wuauclt.exe|6d25ac45061433a4\BinProductVersion,Registry value set (rule: RegistryEvent),,5124,NT AUTHORITY\SYSTEM,S-1-5-18,2023-12-27 22:32:46.014,2,"<Event xmlns=""http://schemas.microsoft.com/win/2004/08/events/event"">
    <System>
      <Provider Name=""Microsoft-Windows-Sysmon"" Guid=""{5770385f-c22a-43e0-bf4c-06f5698ffbd9}""/>
      <EventID>13</EventID>
      <Version>2</Version>
      <Level>4</Level>
      <Task>13</Task>
      <Opcode>0</Opcode>
      <Keywords>0x8000000000000000</Keywords>
      <TimeCreated SystemTime=""2023-12-27T22:32:46.0256784Z""/>
      <EventRecordID>19622</EventRecordID>
      <Correlation/>
      <Execution ProcessID=""3588"" ThreadID=""5124""/>
      <Channel>Microsoft-Windows-Sysmon/Operational</Channel>
      <Computer>WinDev2309Eval</Computer>
      <Security UserID=""S-1-5-18""/>
    </System>
    <EventData>
      <Data Name=""RuleName"">InvDB-Ver</Data>
      <Data Name=""EventType"">SetValue</Data>
      <Data Name=""UtcTime"">2023-12-27 22:32:46.014</Data>
      <Data Name=""ProcessGuid"">{f57bd86a-36f8-658c-3e00-000000000f00}</Data>
      <Data Name=""ProcessId"">3212</Data>
      <Data Name=""Image"">C:\Windows\System32\svchost.exe</Data>
      <Data Name=""TargetObject"">\REGISTRY\A\{b3b14332-edc6-625a-c682-62677f6d06d4}\Root\InventoryApplicationFile\wuauclt.exe|6d25ac45061433a4\BinProductVersion</Data>
      <Data Name=""Details"">1023.1020.2192.0</Data>
      <Data Name=""User"">NT AUTHORITY\SYSTEM</Data>
    </EventData>
    <RenderingInfo Culture=""en-US"">
      <Message>Registry value set:

RuleName: InvDB-Ver

EventType: SetValue

UtcTime: 2023-12-27 22:32:46.014

ProcessGuid: {f57bd86a-36f8-658c-3e00-000000000f00}

ProcessId: 3212

Image: C:\Windows\System32\svchost.exe

TargetObject: \REGISTRY\A\{b3b14332-edc6-625a-c682-62677f6d06d4}\Root\InventoryApplicationFile\wuauclt.exe|6d25ac45061433a4\BinProductVersion

Details: 1023.1020.2192.0

User: NT AUTHORITY\SYSTEM</Message>
      <Level>Information</Level>
      <Task>Registry value set (rule: RegistryEvent)</Task>
      <Opcode>Info</Opcode>
    </RenderingInfo>
  </Event>
  
"
Microsoft-Windows-Sysmon/Operational,,,WinDev2309Eval,,,,09/18/1983 17:58:01,13,19621,SetValue,,,C:\Windows\System32\svchost.exe,,0x8000000000000000,Information,,,"Registry value set:

RuleName: InvDB-CompileTimeClaim

EventType: SetValue

UtcTime: 2023-12-27 22:32:46.014

ProcessGuid: {f57bd86a-36f8-658c-3e00-000000000f00}

ProcessId: 3212

Image: C:\Windows\System32\svchost.exe

TargetObject: \REGISTRY\A\{b3b14332-edc6-625a-c682-62677f6d06d4}\Root\InventoryApplicationFile\wuauclt.exe|6d25ac45061433a4\LinkDate

Details: 09/18/1983 17:58:01

User: NT AUTHORITY\SYSTEM",Info,,,,,,,{f57bd86a-36f8-658c-3e00-000000000f00},3588,3212,,,,,"
      ",InvDB-CompileTimeClaim,2023-12-27T22:32:46.0255792Z,,\REGISTRY\A\{b3b14332-edc6-625a-c682-62677f6d06d4}\Root\InventoryApplicationFile\wuauclt.exe|6d25ac45061433a4\LinkDate,Registry value set (rule: RegistryEvent),,5124,NT AUTHORITY\SYSTEM,S-1-5-18,2023-12-27 22:32:46.014,2,"<Event xmlns=""http://schemas.microsoft.com/win/2004/08/events/event"">
    <System>
      <Provider Name=""Microsoft-Windows-Sysmon"" Guid=""{5770385f-c22a-43e0-bf4c-06f5698ffbd9}""/>
      <EventID>13</EventID>
      <Version>2</Version>
      <Level>4</Level>
      <Task>13</Task>
      <Opcode>0</Opcode>
      <Keywords>0x8000000000000000</Keywords>
      <TimeCreated SystemTime=""2023-12-27T22:32:46.0255792Z""/>
      <EventRecordID>19621</EventRecordID>
      <Correlation/>
      <Execution ProcessID=""3588"" ThreadID=""5124""/>
      <Channel>Microsoft-Windows-Sysmon/Operational</Channel>
      <Computer>WinDev2309Eval</Computer>
      <Security UserID=""S-1-5-18""/>
    </System>
    <EventData>
      <Data Name=""RuleName"">InvDB-CompileTimeClaim</Data>
      <Data Name=""EventType"">SetValue</Data>
      <Data Name=""UtcTime"">2023-12-27 22:32:46.014</Data>
      <Data Name=""ProcessGuid"">{f57bd86a-36f8-658c-3e00-000000000f00}</Data>
      <Data Name=""ProcessId"">3212</Data>
      <Data Name=""Image"">C:\Windows\System32\svchost.exe</Data>
      <Data Name=""TargetObject"">\REGISTRY\A\{b3b14332-edc6-625a-c682-62677f6d06d4}\Root\InventoryApplicationFile\wuauclt.exe|6d25ac45061433a4\LinkDate</Data>
      <Data Name=""Details"">09/18/1983 17:58:01</Data>
      <Data Name=""User"">NT AUTHORITY\SYSTEM</Data>
    </EventData>
    <RenderingInfo Culture=""en-US"">
      <Message>Registry value set:

RuleName: InvDB-CompileTimeClaim

EventType: SetValue

UtcTime: 2023-12-27 22:32:46.014

ProcessGuid: {f57bd86a-36f8-658c-3e00-000000000f00}

ProcessId: 3212

Image: C:\Windows\System32\svchost.exe

TargetObject: \REGISTRY\A\{b3b14332-edc6-625a-c682-62677f6d06d4}\Root\InventoryApplicationFile\wuauclt.exe|6d25ac45061433a4\LinkDate

Details: 09/18/1983 17:58:01

User: NT AUTHORITY\SYSTEM</Message>
      <Level>Information</Level>
      <Task>Registry value set (rule: RegistryEvent)</Task>
      <Opcode>Info</Opcode>
    </RenderingInfo>
  </Event>
  
"
Microsoft-Windows-Sysmon/Operational,,,WinDev2309Eval,,,,microsoft corporation,13,19620,SetValue,,,C:\Windows\System32\svchost.exe,,0x8000000000000000,Information,,,"Registry value set:

RuleName: InvDB-Pub

EventType: SetValue

UtcTime: 2023-12-27 22:32:46.014

ProcessGuid: {f57bd86a-36f8-658c-3e00-000000000f00}

ProcessId: 3212

Image: C:\Windows\System32\svchost.exe

TargetObject: \REGISTRY\A\{b3b14332-edc6-625a-c682-62677f6d06d4}\Root\InventoryApplicationFile\wuauclt.exe|6d25ac45061433a4\Publisher

Details: microsoft corporation

User: NT AUTHORITY\SYSTEM",Info,,,,,,,{f57bd86a-36f8-658c-3e00-000000000f00},3588,3212,,,,,"
      ",InvDB-Pub,2023-12-27T22:32:46.0251921Z,,\REGISTRY\A\{b3b14332-edc6-625a-c682-62677f6d06d4}\Root\InventoryApplicationFile\wuauclt.exe|6d25ac45061433a4\Publisher,Registry value set (rule: RegistryEvent),,5124,NT AUTHORITY\SYSTEM,S-1-5-18,2023-12-27 22:32:46.014,2,"<Event xmlns=""http://schemas.microsoft.com/win/2004/08/events/event"">
    <System>
      <Provider Name=""Microsoft-Windows-Sysmon"" Guid=""{5770385f-c22a-43e0-bf4c-06f5698ffbd9}""/>
      <EventID>13</EventID>
      <Version>2</Version>
      <Level>4</Level>
      <Task>13</Task>
      <Opcode>0</Opcode>
      <Keywords>0x8000000000000000</Keywords>
      <TimeCreated SystemTime=""2023-12-27T22:32:46.0251921Z""/>
      <EventRecordID>19620</EventRecordID>
      <Correlation/>
      <Execution ProcessID=""3588"" ThreadID=""5124""/>
      <Channel>Microsoft-Windows-Sysmon/Operational</Channel>
      <Computer>WinDev2309Eval</Computer>
      <Security UserID=""S-1-5-18""/>
    </System>
    <EventData>
      <Data Name=""RuleName"">InvDB-Pub</Data>
      <Data Name=""EventType"">SetValue</Data>
      <Data Name=""UtcTime"">2023-12-27 22:32:46.014</Data>
      <Data Name=""ProcessGuid"">{f57bd86a-36f8-658c-3e00-000000000f00}</Data>
      <Data Name=""ProcessId"">3212</Data>
      <Data Name=""Image"">C:\Windows\System32\svchost.exe</Data>
      <Data Name=""TargetObject"">\REGISTRY\A\{b3b14332-edc6-625a-c682-62677f6d06d4}\Root\InventoryApplicationFile\wuauclt.exe|6d25ac45061433a4\Publisher</Data>
      <Data Name=""Details"">microsoft corporation</Data>
      <Data Name=""User"">NT AUTHORITY\SYSTEM</Data>
    </EventData>
    <RenderingInfo Culture=""en-US"">
      <Message>Registry value set:

RuleName: InvDB-Pub

EventType: SetValue

UtcTime: 2023-12-27 22:32:46.014

ProcessGuid: {f57bd86a-36f8-658c-3e00-000000000f00}

ProcessId: 3212

Image: C:\Windows\System32\svchost.exe

TargetObject: \REGISTRY\A\{b3b14332-edc6-625a-c682-62677f6d06d4}\Root\InventoryApplicationFile\wuauclt.exe|6d25ac45061433a4\Publisher

Details: microsoft corporation

User: NT AUTHORITY\SYSTEM</Message>
      <Level>Information</Level>
      <Task>Registry value set (rule: RegistryEvent)</Task>
      <Opcode>Info</Opcode>
    </RenderingInfo>
  </Event>
  
"
Microsoft-Windows-Sysmon/Operational,,,WinDev2309Eval,,,,c:\windows\system32\wuauclt.exe,13,19619,SetValue,,,C:\Windows\System32\svchost.exe,,0x8000000000000000,Information,,,"Registry value set:

RuleName: InvDB-Path

EventType: SetValue

UtcTime: 2023-12-27 22:32:46.014

ProcessGuid: {f57bd86a-36f8-658c-3e00-000000000f00}

ProcessId: 3212

Image: C:\Windows\System32\svchost.exe

TargetObject: \REGISTRY\A\{b3b14332-edc6-625a-c682-62677f6d06d4}\Root\InventoryApplicationFile\wuauclt.exe|6d25ac45061433a4\LowerCaseLongPath

Details: c:\windows\system32\wuauclt.exe

User: NT AUTHORITY\SYSTEM",Info,,,,,,,{f57bd86a-36f8-658c-3e00-000000000f00},3588,3212,,,,,"
      ",InvDB-Path,2023-12-27T22:32:46.0248374Z,,\REGISTRY\A\{b3b14332-edc6-625a-c682-62677f6d06d4}\Root\InventoryApplicationFile\wuauclt.exe|6d25ac45061433a4\LowerCaseLongPath,Registry value set (rule: RegistryEvent),,5124,NT AUTHORITY\SYSTEM,S-1-5-18,2023-12-27 22:32:46.014,2,"<Event xmlns=""http://schemas.microsoft.com/win/2004/08/events/event"">
    <System>
      <Provider Name=""Microsoft-Windows-Sysmon"" Guid=""{5770385f-c22a-43e0-bf4c-06f5698ffbd9}""/>
      <EventID>13</EventID>
      <Version>2</Version>
      <Level>4</Level>
      <Task>13</Task>
      <Opcode>0</Opcode>
      <Keywords>0x8000000000000000</Keywords>
      <TimeCreated SystemTime=""2023-12-27T22:32:46.0248374Z""/>
      <EventRecordID>19619</EventRecordID>
      <Correlation/>
      <Execution ProcessID=""3588"" ThreadID=""5124""/>
      <Channel>Microsoft-Windows-Sysmon/Operational</Channel>
      <Computer>WinDev2309Eval</Computer>
      <Security UserID=""S-1-5-18""/>
    </System>
    <EventData>
      <Data Name=""RuleName"">InvDB-Path</Data>
      <Data Name=""EventType"">SetValue</Data>
      <Data Name=""UtcTime"">2023-12-27 22:32:46.014</Data>
      <Data Name=""ProcessGuid"">{f57bd86a-36f8-658c-3e00-000000000f00}</Data>
      <Data Name=""ProcessId"">3212</Data>
      <Data Name=""Image"">C:\Windows\System32\svchost.exe</Data>
      <Data Name=""TargetObject"">\REGISTRY\A\{b3b14332-edc6-625a-c682-62677f6d06d4}\Root\InventoryApplicationFile\wuauclt.exe|6d25ac45061433a4\LowerCaseLongPath</Data>
      <Data Name=""Details"">c:\windows\system32\wuauclt.exe</Data>
      <Data Name=""User"">NT AUTHORITY\SYSTEM</Data>
    </EventData>
    <RenderingInfo Culture=""en-US"">
      <Message>Registry value set:

RuleName: InvDB-Path

EventType: SetValue

UtcTime: 2023-12-27 22:32:46.014

ProcessGuid: {f57bd86a-36f8-658c-3e00-000000000f00}

ProcessId: 3212

Image: C:\Windows\System32\svchost.exe

TargetObject: \REGISTRY\A\{b3b14332-edc6-625a-c682-62677f6d06d4}\Root\InventoryApplicationFile\wuauclt.exe|6d25ac45061433a4\LowerCaseLongPath

Details: c:\windows\system32\wuauclt.exe

User: NT AUTHORITY\SYSTEM</Message>
      <Level>Information</Level>
      <Task>Registry value set (rule: RegistryEvent)</Task>
      <Opcode>Info</Opcode>
    </RenderingInfo>
  </Event>
  
"
Microsoft-Windows-Sysmon/Operational,Gpscript  /startup,Microsoft Corporation,WinDev2309Eval,,C:\Users\User\AppData\Local\Temp\,Group Policy Script Application,,1,19618,,10.0.22621.1 (WinBuild.160101.0800),"MD5=2408278E244143706FD72B21EA18583E,SHA256=85177A93A1669091B665BB2ECF23704034EFAFA23C4DEFC9889312369CA3A722,IMPHASH=2EB2C2F0433AF71A5ED97091288C1AE2",C:\Windows\System32\gpscript.exe,Medium,0x8000000000000000,Information,{f57bd86a-36f9-658c-7bf8-020000000000},0x2f87b,"Process Create:

RuleName: -

UtcTime: 2023-12-27 22:32:45.925

ProcessGuid: {f57bd86a-a60d-658c-f001-000000000f00}

ProcessId: 11656

Image: C:\Windows\System32\gpscript.exe

FileVersion: 10.0.22621.1 (WinBuild.160101.0800)

Description: Group Policy Script Application

Product: Microsoft® Windows® Operating System

Company: Microsoft Corporation

OriginalFileName: GPSCRIPT.EXE

CommandLine: Gpscript  /startup

CurrentDirectory: C:\Users\User\AppData\Local\Temp\

User: WINDEV2309EVAL\User

LogonGuid: {f57bd86a-36f9-658c-7bf8-020000000000}

LogonId: 0x2F87B

TerminalSessionId: 1

IntegrityLevel: Medium

Hashes: MD5=2408278E244143706FD72B21EA18583E,SHA256=85177A93A1669091B665BB2ECF23704034EFAFA23C4DEFC9889312369CA3A722,IMPHASH=2EB2C2F0433AF71A5ED97091288C1AE2

ParentProcessGuid: {f57bd86a-a60d-658c-ee01-000000000f00}

ParentProcessId: 8912

ParentImage: C:\Windows\System32\cmd.exe

ParentCommandLine: ""cmd.exe"" /c Gpscript /startup

ParentUser: WINDEV2309EVAL\User",Info,GPSCRIPT.EXE,"""cmd.exe"" /c Gpscript /startup",C:\Windows\System32\cmd.exe,{f57bd86a-a60d-658c-ee01-000000000f00},8912,WINDEV2309EVAL\User,{f57bd86a-a60d-658c-f001-000000000f00},3588,11656,Microsoft® Windows® Operating System,,,,"
      ",-,2023-12-27T22:32:45.9266266Z,,,Process Create (rule: ProcessCreate),1,5124,WINDEV2309EVAL\User,S-1-5-18,2023-12-27 22:32:45.925,5,"<Event xmlns=""http://schemas.microsoft.com/win/2004/08/events/event"">
    <System>
      <Provider Name=""Microsoft-Windows-Sysmon"" Guid=""{5770385f-c22a-43e0-bf4c-06f5698ffbd9}""/>
      <EventID>1</EventID>
      <Version>5</Version>
      <Level>4</Level>
      <Task>1</Task>
      <Opcode>0</Opcode>
      <Keywords>0x8000000000000000</Keywords>
      <TimeCreated SystemTime=""2023-12-27T22:32:45.9266266Z""/>
      <EventRecordID>19618</EventRecordID>
      <Correlation/>
      <Execution ProcessID=""3588"" ThreadID=""5124""/>
      <Channel>Microsoft-Windows-Sysmon/Operational</Channel>
      <Computer>WinDev2309Eval</Computer>
      <Security UserID=""S-1-5-18""/>
    </System>
    <EventData>
      <Data Name=""RuleName"">-</Data>
      <Data Name=""UtcTime"">2023-12-27 22:32:45.925</Data>
      <Data Name=""ProcessGuid"">{f57bd86a-a60d-658c-f001-000000000f00}</Data>
      <Data Name=""ProcessId"">11656</Data>
      <Data Name=""Image"">C:\Windows\System32\gpscript.exe</Data>
      <Data Name=""FileVersion"">10.0.22621.1 (WinBuild.160101.0800)</Data>
      <Data Name=""Description"">Group Policy Script Application</Data>
      <Data Name=""Product"">Microsoft&#174; Windows&#174; Operating System</Data>
      <Data Name=""Company"">Microsoft Corporation</Data>
      <Data Name=""OriginalFileName"">GPSCRIPT.EXE</Data>
      <Data Name=""CommandLine"">Gpscript  /startup</Data>
      <Data Name=""CurrentDirectory"">C:\Users\User\AppData\Local\Temp\</Data>
      <Data Name=""User"">WINDEV2309EVAL\User</Data>
      <Data Name=""LogonGuid"">{f57bd86a-36f9-658c-7bf8-020000000000}</Data>
      <Data Name=""LogonId"">0x2f87b</Data>
      <Data Name=""TerminalSessionId"">1</Data>
      <Data Name=""IntegrityLevel"">Medium</Data>
      <Data Name=""Hashes"">MD5=2408278E244143706FD72B21EA18583E,SHA256=85177A93A1669091B665BB2ECF23704034EFAFA23C4DEFC9889312369CA3A722,IMPHASH=2EB2C2F0433AF71A5ED97091288C1AE2</Data>
      <Data Name=""ParentProcessGuid"">{f57bd86a-a60d-658c-ee01-000000000f00}</Data>
      <Data Name=""ParentProcessId"">8912</Data>
      <Data Name=""ParentImage"">C:\Windows\System32\cmd.exe</Data>
      <Data Name=""ParentCommandLine"">""cmd.exe"" /c Gpscript /startup</Data>
      <Data Name=""ParentUser"">WINDEV2309EVAL\User</Data>
    </EventData>
    <RenderingInfo Culture=""en-US"">
      <Message>Process Create:

RuleName: -

UtcTime: 2023-12-27 22:32:45.925

ProcessGuid: {f57bd86a-a60d-658c-f001-000000000f00}

ProcessId: 11656

Image: C:\Windows\System32\gpscript.exe

FileVersion: 10.0.22621.1 (WinBuild.160101.0800)

Description: Group Policy Script Application

Product: Microsoft&#174; Windows&#174; Operating System

Company: Microsoft Corporation

OriginalFileName: GPSCRIPT.EXE

CommandLine: Gpscript  /startup

CurrentDirectory: C:\Users\User\AppData\Local\Temp\

User: WINDEV2309EVAL\User

LogonGuid: {f57bd86a-36f9-658c-7bf8-020000000000}

LogonId: 0x2F87B

TerminalSessionId: 1

IntegrityLevel: Medium

Hashes: MD5=2408278E244143706FD72B21EA18583E,SHA256=85177A93A1669091B665BB2ECF23704034EFAFA23C4DEFC9889312369CA3A722,IMPHASH=2EB2C2F0433AF71A5ED97091288C1AE2

ParentProcessGuid: {f57bd86a-a60d-658c-ee01-000000000f00}

ParentProcessId: 8912

ParentImage: C:\Windows\System32\cmd.exe

ParentCommandLine: ""cmd.exe"" /c Gpscript /startup

ParentUser: WINDEV2309EVAL\User</Message>
      <Level>Information</Level>
      <Task>Process Create (rule: ProcessCreate)</Task>
      <Opcode>Info</Opcode>
    </RenderingInfo>
  </Event>
  
"
Microsoft-Windows-Sysmon/Operational,"""cmd.exe"" /c Gpscript /startup",Microsoft Corporation,WinDev2309Eval,,C:\Users\User\AppData\Local\Temp\,Windows Command Processor,,1,19617,,10.0.22621.2506 (WinBuild.160101.0800),"MD5=133D568ECCB557E37BEA1459521CBAC2,SHA256=05A30592D2C3421C41121145C6EEFA7C81FEA6B42D6233A522240A8468326B9C,IMPHASH=D73E39DAB3C8B57AA408073D01254964",C:\Windows\System32\cmd.exe,Medium,0x8000000000000000,Information,{f57bd86a-36f9-658c-7bf8-020000000000},0x2f87b,"Process Create:

RuleName: -

UtcTime: 2023-12-27 22:32:45.898

ProcessGuid: {f57bd86a-a60d-658c-ee01-000000000f00}

ProcessId: 8912

Image: C:\Windows\System32\cmd.exe

FileVersion: 10.0.22621.2506 (WinBuild.160101.0800)

Description: Windows Command Processor

Product: Microsoft® Windows® Operating System

Company: Microsoft Corporation

OriginalFileName: Cmd.Exe

CommandLine: ""cmd.exe"" /c Gpscript /startup

CurrentDirectory: C:\Users\User\AppData\Local\Temp\

User: WINDEV2309EVAL\User

LogonGuid: {f57bd86a-36f9-658c-7bf8-020000000000}

LogonId: 0x2F87B

TerminalSessionId: 1

IntegrityLevel: Medium

Hashes: MD5=133D568ECCB557E37BEA1459521CBAC2,SHA256=05A30592D2C3421C41121145C6EEFA7C81FEA6B42D6233A522240A8468326B9C,IMPHASH=D73E39DAB3C8B57AA408073D01254964

ParentProcessGuid: {00000000-0000-0000-0000-000000000000}

ParentProcessId: 1688

ParentImage: -

ParentCommandLine: -

ParentUser: -",Info,Cmd.Exe,-,-,{00000000-0000-0000-0000-000000000000},1688,-,{f57bd86a-a60d-658c-ee01-000000000f00},3588,8912,Microsoft® Windows® Operating System,,,,"
      ",-,2023-12-27T22:32:45.8999134Z,,,Process Create (rule: ProcessCreate),1,5124,WINDEV2309EVAL\User,S-1-5-18,2023-12-27 22:32:45.898,5,"<Event xmlns=""http://schemas.microsoft.com/win/2004/08/events/event"">
    <System>
      <Provider Name=""Microsoft-Windows-Sysmon"" Guid=""{5770385f-c22a-43e0-bf4c-06f5698ffbd9}""/>
      <EventID>1</EventID>
      <Version>5</Version>
      <Level>4</Level>
      <Task>1</Task>
      <Opcode>0</Opcode>
      <Keywords>0x8000000000000000</Keywords>
      <TimeCreated SystemTime=""2023-12-27T22:32:45.8999134Z""/>
      <EventRecordID>19617</EventRecordID>
      <Correlation/>
      <Execution ProcessID=""3588"" ThreadID=""5124""/>
      <Channel>Microsoft-Windows-Sysmon/Operational</Channel>
      <Computer>WinDev2309Eval</Computer>
      <Security UserID=""S-1-5-18""/>
    </System>
    <EventData>
      <Data Name=""RuleName"">-</Data>
      <Data Name=""UtcTime"">2023-12-27 22:32:45.898</Data>
      <Data Name=""ProcessGuid"">{f57bd86a-a60d-658c-ee01-000000000f00}</Data>
      <Data Name=""ProcessId"">8912</Data>
      <Data Name=""Image"">C:\Windows\System32\cmd.exe</Data>
      <Data Name=""FileVersion"">10.0.22621.2506 (WinBuild.160101.0800)</Data>
      <Data Name=""Description"">Windows Command Processor</Data>
      <Data Name=""Product"">Microsoft&#174; Windows&#174; Operating System</Data>
      <Data Name=""Company"">Microsoft Corporation</Data>
      <Data Name=""OriginalFileName"">Cmd.Exe</Data>
      <Data Name=""CommandLine"">""cmd.exe"" /c Gpscript /startup</Data>
      <Data Name=""CurrentDirectory"">C:\Users\User\AppData\Local\Temp\</Data>
      <Data Name=""User"">WINDEV2309EVAL\User</Data>
      <Data Name=""LogonGuid"">{f57bd86a-36f9-658c-7bf8-020000000000}</Data>
      <Data Name=""LogonId"">0x2f87b</Data>
      <Data Name=""TerminalSessionId"">1</Data>
      <Data Name=""IntegrityLevel"">Medium</Data>
      <Data Name=""Hashes"">MD5=133D568ECCB557E37BEA1459521CBAC2,SHA256=05A30592D2C3421C41121145C6EEFA7C81FEA6B42D6233A522240A8468326B9C,IMPHASH=D73E39DAB3C8B57AA408073D01254964</Data>
      <Data Name=""ParentProcessGuid"">{00000000-0000-0000-0000-000000000000}</Data>
      <Data Name=""ParentProcessId"">1688</Data>
      <Data Name=""ParentImage"">-</Data>
      <Data Name=""ParentCommandLine"">-</Data>
      <Data Name=""ParentUser"">-</Data>
    </EventData>
    <RenderingInfo Culture=""en-US"">
      <Message>Process Create:

RuleName: -

UtcTime: 2023-12-27 22:32:45.898

ProcessGuid: {f57bd86a-a60d-658c-ee01-000000000f00}

ProcessId: 8912

Image: C:\Windows\System32\cmd.exe

FileVersion: 10.0.22621.2506 (WinBuild.160101.0800)

Description: Windows Command Processor

Product: Microsoft&#174; Windows&#174; Operating System

Company: Microsoft Corporation

OriginalFileName: Cmd.Exe

CommandLine: ""cmd.exe"" /c Gpscript /startup

CurrentDirectory: C:\Users\User\AppData\Local\Temp\

User: WINDEV2309EVAL\User

LogonGuid: {f57bd86a-36f9-658c-7bf8-020000000000}

LogonId: 0x2F87B

TerminalSessionId: 1

IntegrityLevel: Medium

Hashes: MD5=133D568ECCB557E37BEA1459521CBAC2,SHA256=05A30592D2C3421C41121145C6EEFA7C81FEA6B42D6233A522240A8468326B9C,IMPHASH=D73E39DAB3C8B57AA408073D01254964

ParentProcessGuid: {00000000-0000-0000-0000-000000000000}

ParentProcessId: 1688

ParentImage: -

ParentCommandLine: -

ParentUser: -</Message>
      <Level>Information</Level>
      <Task>Process Create (rule: ProcessCreate)</Task>
      <Opcode>Info</Opcode>
    </RenderingInfo>
  </Event>
  
"
Microsoft-Windows-Sysmon/Operational,Gpscript  /logon,Microsoft Corporation,WinDev2309Eval,,C:\Users\User\AppData\Local\Temp\,Group Policy Script Application,,1,19616,,10.0.22621.1 (WinBuild.160101.0800),"MD5=2408278E244143706FD72B21EA18583E,SHA256=85177A93A1669091B665BB2ECF23704034EFAFA23C4DEFC9889312369CA3A722,IMPHASH=2EB2C2F0433AF71A5ED97091288C1AE2",C:\Windows\System32\gpscript.exe,Medium,0x8000000000000000,Information,{f57bd86a-36f9-658c-7bf8-020000000000},0x2f87b,"Process Create:

RuleName: -

UtcTime: 2023-12-27 22:32:45.699

ProcessGuid: {f57bd86a-a60d-658c-ed01-000000000f00}

ProcessId: 11640

Image: C:\Windows\System32\gpscript.exe

FileVersion: 10.0.22621.1 (WinBuild.160101.0800)

Description: Group Policy Script Application

Product: Microsoft® Windows® Operating System

Company: Microsoft Corporation

OriginalFileName: GPSCRIPT.EXE

CommandLine: Gpscript  /logon

CurrentDirectory: C:\Users\User\AppData\Local\Temp\

User: WINDEV2309EVAL\User

LogonGuid: {f57bd86a-36f9-658c-7bf8-020000000000}

LogonId: 0x2F87B

TerminalSessionId: 1

IntegrityLevel: Medium

Hashes: MD5=2408278E244143706FD72B21EA18583E,SHA256=85177A93A1669091B665BB2ECF23704034EFAFA23C4DEFC9889312369CA3A722,IMPHASH=2EB2C2F0433AF71A5ED97091288C1AE2

ParentProcessGuid: {f57bd86a-a60d-658c-eb01-000000000f00}

ParentProcessId: 11704

ParentImage: C:\Windows\System32\cmd.exe

ParentCommandLine: ""cmd.exe"" /c Gpscript /logon

ParentUser: WINDEV2309EVAL\User",Info,GPSCRIPT.EXE,"""cmd.exe"" /c Gpscript /logon",C:\Windows\System32\cmd.exe,{f57bd86a-a60d-658c-eb01-000000000f00},11704,WINDEV2309EVAL\User,{f57bd86a-a60d-658c-ed01-000000000f00},3588,11640,Microsoft® Windows® Operating System,,,,"
      ",-,2023-12-27T22:32:45.7009227Z,,,Process Create (rule: ProcessCreate),1,5124,WINDEV2309EVAL\User,S-1-5-18,2023-12-27 22:32:45.699,5,"<Event xmlns=""http://schemas.microsoft.com/win/2004/08/events/event"">
    <System>
      <Provider Name=""Microsoft-Windows-Sysmon"" Guid=""{5770385f-c22a-43e0-bf4c-06f5698ffbd9}""/>
      <EventID>1</EventID>
      <Version>5</Version>
      <Level>4</Level>
      <Task>1</Task>
      <Opcode>0</Opcode>
      <Keywords>0x8000000000000000</Keywords>
      <TimeCreated SystemTime=""2023-12-27T22:32:45.7009227Z""/>
      <EventRecordID>19616</EventRecordID>
      <Correlation/>
      <Execution ProcessID=""3588"" ThreadID=""5124""/>
      <Channel>Microsoft-Windows-Sysmon/Operational</Channel>
      <Computer>WinDev2309Eval</Computer>
      <Security UserID=""S-1-5-18""/>
    </System>
    <EventData>
      <Data Name=""RuleName"">-</Data>
      <Data Name=""UtcTime"">2023-12-27 22:32:45.699</Data>
      <Data Name=""ProcessGuid"">{f57bd86a-a60d-658c-ed01-000000000f00}</Data>
      <Data Name=""ProcessId"">11640</Data>
      <Data Name=""Image"">C:\Windows\System32\gpscript.exe</Data>
      <Data Name=""FileVersion"">10.0.22621.1 (WinBuild.160101.0800)</Data>
      <Data Name=""Description"">Group Policy Script Application</Data>
      <Data Name=""Product"">Microsoft&#174; Windows&#174; Operating System</Data>
      <Data Name=""Company"">Microsoft Corporation</Data>
      <Data Name=""OriginalFileName"">GPSCRIPT.EXE</Data>
      <Data Name=""CommandLine"">Gpscript  /logon</Data>
      <Data Name=""CurrentDirectory"">C:\Users\User\AppData\Local\Temp\</Data>
      <Data Name=""User"">WINDEV2309EVAL\User</Data>
      <Data Name=""LogonGuid"">{f57bd86a-36f9-658c-7bf8-020000000000}</Data>
      <Data Name=""LogonId"">0x2f87b</Data>
      <Data Name=""TerminalSessionId"">1</Data>
      <Data Name=""IntegrityLevel"">Medium</Data>
      <Data Name=""Hashes"">MD5=2408278E244143706FD72B21EA18583E,SHA256=85177A93A1669091B665BB2ECF23704034EFAFA23C4DEFC9889312369CA3A722,IMPHASH=2EB2C2F0433AF71A5ED97091288C1AE2</Data>
      <Data Name=""ParentProcessGuid"">{f57bd86a-a60d-658c-eb01-000000000f00}</Data>
      <Data Name=""ParentProcessId"">11704</Data>
      <Data Name=""ParentImage"">C:\Windows\System32\cmd.exe</Data>
      <Data Name=""ParentCommandLine"">""cmd.exe"" /c Gpscript /logon</Data>
      <Data Name=""ParentUser"">WINDEV2309EVAL\User</Data>
    </EventData>
    <RenderingInfo Culture=""en-US"">
      <Message>Process Create:

RuleName: -

UtcTime: 2023-12-27 22:32:45.699

ProcessGuid: {f57bd86a-a60d-658c-ed01-000000000f00}

ProcessId: 11640

Image: C:\Windows\System32\gpscript.exe

FileVersion: 10.0.22621.1 (WinBuild.160101.0800)

Description: Group Policy Script Application

Product: Microsoft&#174; Windows&#174; Operating System

Company: Microsoft Corporation

OriginalFileName: GPSCRIPT.EXE

CommandLine: Gpscript  /logon

CurrentDirectory: C:\Users\User\AppData\Local\Temp\

User: WINDEV2309EVAL\User

LogonGuid: {f57bd86a-36f9-658c-7bf8-020000000000}

LogonId: 0x2F87B

TerminalSessionId: 1

IntegrityLevel: Medium

Hashes: MD5=2408278E244143706FD72B21EA18583E,SHA256=85177A93A1669091B665BB2ECF23704034EFAFA23C4DEFC9889312369CA3A722,IMPHASH=2EB2C2F0433AF71A5ED97091288C1AE2

ParentProcessGuid: {f57bd86a-a60d-658c-eb01-000000000f00}

ParentProcessId: 11704

ParentImage: C:\Windows\System32\cmd.exe

ParentCommandLine: ""cmd.exe"" /c Gpscript /logon

ParentUser: WINDEV2309EVAL\User</Message>
      <Level>Information</Level>
      <Task>Process Create (rule: ProcessCreate)</Task>
      <Opcode>Info</Opcode>
    </RenderingInfo>
  </Event>
  
"
