Microsoft-Windows-Sysmon/Operational,,,WinDev2309Eval,2023-12-27 23:00:28.702,,,,,,,,,11,19641,,,,C:\Users\User\AppData\Local\Temp\LogMeInInc\GoToAssist Remote Support Expert\1702\g2a9177.tmp\g2ax_installerexpert.exe,,,0x8000000000000000,Information,,,"File created:

RuleName: EXE

UtcTime: 2023-12-27 23:00:28.702

ProcessGuid: {f57bd86a-ac8c-658c-d501-000000000f00}

ProcessId: 11244

Image: C:\Users\User\AppData\Local\Temp\LogMeInInc\GoToAssist Remote Support Expert\1702\g2a9177.tmp\g2ax_installerexpert.exe

TargetFilename: C:\Users\User\AppData\Local\GoToAssist Remote Support Expert\1702\g2ax_installerexpert.exe

CreationUtcTime: 2023-12-27 23:00:28.702

User: WINDEV2309EVAL\User",Info,,,,,,,,{f57bd86a-ac8c-658c-d501-000000000f00},3588,11244,,,,,,"
      ",EXE,,,,,,2023-12-27T23:00:28.7068435Z,C:\Users\User\AppData\Local\GoToAssist Remote Support Expert\1702\g2ax_installerexpert.exe,,File created (rule: FileCreate),,5124,WINDEV2309EVAL\User,S-1-5-18,2023-12-27 23:00:28.702,2,"<Event xmlns=""http://schemas.microsoft.com/win/2004/08/events/event"">
    <System>
      <Provider Name=""Microsoft-Windows-Sysmon"" Guid=""{5770385f-c22a-43e0-bf4c-06f5698ffbd9}""/>
      <EventID>11</EventID>
      <Version>2</Version>
      <Level>4</Level>
      <Task>11</Task>
      <Opcode>0</Opcode>
      <Keywords>0x8000000000000000</Keywords>
      <TimeCreated SystemTime=""2023-12-27T23:00:28.7068435Z""/>
      <EventRecordID>19641</EventRecordID>
      <Correlation/>
      <Execution ProcessID=""3588"" ThreadID=""5124""/>
      <Channel>Microsoft-Windows-Sysmon/Operational</Channel>
      <Computer>WinDev2309Eval</Computer>
      <Security UserID=""S-1-5-18""/>
    </System>
    <EventData>
      <Data Name=""RuleName"">EXE</Data>
      <Data Name=""UtcTime"">2023-12-27 23:00:28.702</Data>
      <Data Name=""ProcessGuid"">{f57bd86a-ac8c-658c-d501-000000000f00}</Data>
      <Data Name=""ProcessId"">11244</Data>
      <Data Name=""Image"">C:\Users\User\AppData\Local\Temp\LogMeInInc\GoToAssist Remote Support Expert\1702\g2a9177.tmp\g2ax_installerexpert.exe</Data>
      <Data Name=""TargetFilename"">C:\Users\User\AppData\Local\GoToAssist Remote Support Expert\1702\g2ax_installerexpert.exe</Data>
      <Data Name=""CreationUtcTime"">2023-12-27 23:00:28.702</Data>
      <Data Name=""User"">WINDEV2309EVAL\User</Data>
    </EventData>
    <RenderingInfo Culture=""en-US"">
      <Message>File created:

RuleName: EXE

UtcTime: 2023-12-27 23:00:28.702

ProcessGuid: {f57bd86a-ac8c-658c-d501-000000000f00}

ProcessId: 11244

Image: C:\Users\User\AppData\Local\Temp\LogMeInInc\GoToAssist Remote Support Expert\1702\g2a9177.tmp\g2ax_installerexpert.exe

TargetFilename: C:\Users\User\AppData\Local\GoToAssist Remote Support Expert\1702\g2ax_installerexpert.exe

CreationUtcTime: 2023-12-27 23:00:28.702

User: WINDEV2309EVAL\User</Message>
      <Level>Information</Level>
      <Task>File created (rule: FileCreate)</Task>
      <Opcode>Info</Opcode>
    </RenderingInfo>
  </Event>
  
"
Microsoft-Windows-Sysmon/Operational,,,WinDev2309Eval,2023-12-27 23:00:28.702,,,,,,,,,11,19640,,,,C:\Users\User\AppData\Local\Temp\LogMeInInc\GoToAssist Remote Support Expert\1702\g2a9177.tmp\g2ax_installerexpert.exe,,,0x8000000000000000,Information,,,"File created:

RuleName: DLL

UtcTime: 2023-12-27 23:00:28.702

ProcessGuid: {f57bd86a-ac8c-658c-d501-000000000f00}

ProcessId: 11244

Image: C:\Users\User\AppData\Local\Temp\LogMeInInc\GoToAssist Remote Support Expert\1702\g2a9177.tmp\g2ax_installerexpert.exe

TargetFilename: C:\Users\User\AppData\Local\GoToAssist Remote Support Expert\1702\uninshlp.dll

CreationUtcTime: 2023-12-27 23:00:28.702

User: WINDEV2309EVAL\User",Info,,,,,,,,{f57bd86a-ac8c-658c-d501-000000000f00},3588,11244,,,,,,"
      ",DLL,,,,,,2023-12-27T23:00:28.7055582Z,C:\Users\User\AppData\Local\GoToAssist Remote Support Expert\1702\uninshlp.dll,,File created (rule: FileCreate),,5124,WINDEV2309EVAL\User,S-1-5-18,2023-12-27 23:00:28.702,2,"<Event xmlns=""http://schemas.microsoft.com/win/2004/08/events/event"">
    <System>
      <Provider Name=""Microsoft-Windows-Sysmon"" Guid=""{5770385f-c22a-43e0-bf4c-06f5698ffbd9}""/>
      <EventID>11</EventID>
      <Version>2</Version>
      <Level>4</Level>
      <Task>11</Task>
      <Opcode>0</Opcode>
      <Keywords>0x8000000000000000</Keywords>
      <TimeCreated SystemTime=""2023-12-27T23:00:28.7055582Z""/>
      <EventRecordID>19640</EventRecordID>
      <Correlation/>
      <Execution ProcessID=""3588"" ThreadID=""5124""/>
      <Channel>Microsoft-Windows-Sysmon/Operational</Channel>
      <Computer>WinDev2309Eval</Computer>
      <Security UserID=""S-1-5-18""/>
    </System>
    <EventData>
      <Data Name=""RuleName"">DLL</Data>
      <Data Name=""UtcTime"">2023-12-27 23:00:28.702</Data>
      <Data Name=""ProcessGuid"">{f57bd86a-ac8c-658c-d501-000000000f00}</Data>
      <Data Name=""ProcessId"">11244</Data>
      <Data Name=""Image"">C:\Users\User\AppData\Local\Temp\LogMeInInc\GoToAssist Remote Support Expert\1702\g2a9177.tmp\g2ax_installerexpert.exe</Data>
      <Data Name=""TargetFilename"">C:\Users\User\AppData\Local\GoToAssist Remote Support Expert\1702\uninshlp.dll</Data>
      <Data Name=""CreationUtcTime"">2023-12-27 23:00:28.702</Data>
      <Data Name=""User"">WINDEV2309EVAL\User</Data>
    </EventData>
    <RenderingInfo Culture=""en-US"">
      <Message>File created:

RuleName: DLL

UtcTime: 2023-12-27 23:00:28.702

ProcessGuid: {f57bd86a-ac8c-658c-d501-000000000f00}

ProcessId: 11244

Image: C:\Users\User\AppData\Local\Temp\LogMeInInc\GoToAssist Remote Support Expert\1702\g2a9177.tmp\g2ax_installerexpert.exe

TargetFilename: C:\Users\User\AppData\Local\GoToAssist Remote Support Expert\1702\uninshlp.dll

CreationUtcTime: 2023-12-27 23:00:28.702

User: WINDEV2309EVAL\User</Message>
      <Level>Information</Level>
      <Task>File created (rule: FileCreate)</Task>
      <Opcode>Info</Opcode>
    </RenderingInfo>
  </Event>
  
"
Microsoft-Windows-Sysmon/Operational,,,WinDev2309Eval,,,,,,,,,"LogMeIn, Inc.",13,19639,SetValue,,,C:\Windows\system32\compattelrunner.exe,,,0x8000000000000000,Information,,,"Registry value set:

RuleName: InvDB-Pub

EventType: SetValue

UtcTime: 2023-12-27 23:00:28.639

ProcessGuid: {f57bd86a-ac8b-658c-d301-000000000f00}

ProcessId: 1336

Image: C:\Windows\system32\compattelrunner.exe

TargetObject: \REGISTRY\A\{b3b14332-edc6-625a-c682-62677f6d06d4}\Root\InventoryApplication\000075f951a9cd4b4b45d7a45e94af3f980300000904\Publisher

Details: LogMeIn, Inc.

User: NT AUTHORITY\SYSTEM",Info,,,,,,,,{f57bd86a-ac8b-658c-d301-000000000f00},3588,1336,,,,,,"
      ",InvDB-Pub,,,,,,2023-12-27T23:00:28.6537302Z,,\REGISTRY\A\{b3b14332-edc6-625a-c682-62677f6d06d4}\Root\InventoryApplication\000075f951a9cd4b4b45d7a45e94af3f980300000904\Publisher,Registry value set (rule: RegistryEvent),,5124,NT AUTHORITY\SYSTEM,S-1-5-18,2023-12-27 23:00:28.639,2,"<Event xmlns=""http://schemas.microsoft.com/win/2004/08/events/event"">
    <System>
      <Provider Name=""Microsoft-Windows-Sysmon"" Guid=""{5770385f-c22a-43e0-bf4c-06f5698ffbd9}""/>
      <EventID>13</EventID>
      <Version>2</Version>
      <Level>4</Level>
      <Task>13</Task>
      <Opcode>0</Opcode>
      <Keywords>0x8000000000000000</Keywords>
      <TimeCreated SystemTime=""2023-12-27T23:00:28.6537302Z""/>
      <EventRecordID>19639</EventRecordID>
      <Correlation/>
      <Execution ProcessID=""3588"" ThreadID=""5124""/>
      <Channel>Microsoft-Windows-Sysmon/Operational</Channel>
      <Computer>WinDev2309Eval</Computer>
      <Security UserID=""S-1-5-18""/>
    </System>
    <EventData>
      <Data Name=""RuleName"">InvDB-Pub</Data>
      <Data Name=""EventType"">SetValue</Data>
      <Data Name=""UtcTime"">2023-12-27 23:00:28.639</Data>
      <Data Name=""ProcessGuid"">{f57bd86a-ac8b-658c-d301-000000000f00}</Data>
      <Data Name=""ProcessId"">1336</Data>
      <Data Name=""Image"">C:\Windows\system32\compattelrunner.exe</Data>
      <Data Name=""TargetObject"">\REGISTRY\A\{b3b14332-edc6-625a-c682-62677f6d06d4}\Root\InventoryApplication\000075f951a9cd4b4b45d7a45e94af3f980300000904\Publisher</Data>
      <Data Name=""Details"">LogMeIn, Inc.</Data>
      <Data Name=""User"">NT AUTHORITY\SYSTEM</Data>
    </EventData>
    <RenderingInfo Culture=""en-US"">
      <Message>Registry value set:

RuleName: InvDB-Pub

EventType: SetValue

UtcTime: 2023-12-27 23:00:28.639

ProcessGuid: {f57bd86a-ac8b-658c-d301-000000000f00}

ProcessId: 1336

Image: C:\Windows\system32\compattelrunner.exe

TargetObject: \REGISTRY\A\{b3b14332-edc6-625a-c682-62677f6d06d4}\Root\InventoryApplication\000075f951a9cd4b4b45d7a45e94af3f980300000904\Publisher

Details: LogMeIn, Inc.

User: NT AUTHORITY\SYSTEM</Message>
      <Level>Information</Level>
      <Task>Registry value set (rule: RegistryEvent)</Task>
      <Opcode>Info</Opcode>
    </RenderingInfo>
  </Event>
  
"
Microsoft-Windows-Sysmon/Operational,"""C:\Users\User\AppData\Local\Temp\LogMeInInc\GoToAssist Remote Support Expert\1702\g2a9177.tmp\g2ax_installerexpert.exe "" ""/Action Default"" ""/Build 1702"" ""/Debug On"" ""/EGWAddress 3.218.246.74,52.55.102.23"" ""/EGWDNS egw1.express.gotoassist.com"" ""/EGWPort 8200,80,443"" ""/Language en_US"" ""/LoaderPath C:\Users\User\AppData\Local\GoToAssist Remote Support Expert\g2ax_expert_combined_dll_core_win32_x86_1702.exe"" ""/LogLevel Normal"" ""/LogPath C:\Users\User\AppData\Local\Temp\LogMeInLogs\GoToAssist Remote Support Expert\1702\20231227_150027\"" ""/ResourceDll g2ax_expert_resource_win32_x86_en_US.dll"" ""/RestartReason Start"" ""/ServiceAllowed Yes"" ""/StartAsService Yes"" ""/Stat On"" ""/StatDb On"" ""/UninstallService No"" ""/colClientUiReadyEvent Global\BDAE0CDF-A6E0-4620-B1DF-2D7E8A0E11E3"" ""/locale en_US"" ""/sessionTrackingId e0-FaCddxmtMoX8_cY4czssnTeGvy83i""","LogMeIn, Inc.",WinDev2309Eval,,C:\Users\User\AppData\Local\Temp\LogMeInInc\GoToAssist Remote Support Expert\1702\g2a9177.tmp\,GoToAssist,,,,,,,1,19638,,4.8 Build 1702,"MD5=71C703EA85154A4E246A04C6B40DEDC1,SHA256=F5CFC449095104529B490B8FE6015B9F77FD83E4A1B378D8DC091C24AE5A95DC,IMPHASH=D8BC47046472F3E346D78C720F941405",C:\Users\User\AppData\Local\Temp\LogMeInInc\GoToAssist Remote Support Expert\1702\g2a9177.tmp\g2ax_installerexpert.exe,,Medium,0x8000000000000000,Information,{f57bd86a-36f9-658c-7bf8-020000000000},0x2f87b,"Process Create:

RuleName: -

UtcTime: 2023-12-27 23:00:28.351

ProcessGuid: {f57bd86a-ac8c-658c-d501-000000000f00}

ProcessId: 11244

Image: C:\Users\User\AppData\Local\Temp\LogMeInInc\GoToAssist Remote Support Expert\1702\g2a9177.tmp\g2ax_installerexpert.exe

FileVersion: 4.8 Build 1702

Description: GoToAssist

Product: GoToAssist

Company: LogMeIn, Inc.

OriginalFileName: GoToAssist Remote Support.exe

CommandLine: ""C:\Users\User\AppData\Local\Temp\LogMeInInc\GoToAssist Remote Support Expert\1702\g2a9177.tmp\g2ax_installerexpert.exe "" ""/Action Default"" ""/Build 1702"" ""/Debug On"" ""/EGWAddress 3.218.246.74,52.55.102.23"" ""/EGWDNS egw1.express.gotoassist.com"" ""/EGWPort 8200,80,443"" ""/Language en_US"" ""/LoaderPath C:\Users\User\AppData\Local\GoToAssist Remote Support Expert\g2ax_expert_combined_dll_core_win32_x86_1702.exe"" ""/LogLevel Normal"" ""/LogPath C:\Users\User\AppData\Local\Temp\LogMeInLogs\GoToAssist Remote Support Expert\1702\20231227_150027\"" ""/ResourceDll g2ax_expert_resource_win32_x86_en_US.dll"" ""/RestartReason Start"" ""/ServiceAllowed Yes"" ""/StartAsService Yes"" ""/Stat On"" ""/StatDb On"" ""/UninstallService No"" ""/colClientUiReadyEvent Global\BDAE0CDF-A6E0-4620-B1DF-2D7E8A0E11E3"" ""/locale en_US"" ""/sessionTrackingId e0-FaCddxmtMoX8_cY4czssnTeGvy83i""

CurrentDirectory: C:\Users\User\AppData\Local\Temp\LogMeInInc\GoToAssist Remote Support Expert\1702\g2a9177.tmp\

User: WINDEV2309EVAL\User

LogonGuid: {f57bd86a-36f9-658c-7bf8-020000000000}

LogonId: 0x2F87B

TerminalSessionId: 1

IntegrityLevel: Medium

Hashes: MD5=71C703EA85154A4E246A04C6B40DEDC1,SHA256=F5CFC449095104529B490B8FE6015B9F77FD83E4A1B378D8DC091C24AE5A95DC,IMPHASH=D8BC47046472F3E346D78C720F941405

ParentProcessGuid: {f57bd86a-ac8b-658c-d201-000000000f00}

ParentProcessId: 10416

ParentImage: C:\Users\User\AppData\Local\GoToAssist Remote Support Expert\g2ax_expert_combined_dll_core_win32_x86_1702.exe

ParentCommandLine: ""C:\Users\User\AppData\Local\GoToAssist Remote Support Expert\g2ax_expert_combined_dll_core_win32_x86_1702.exe"" ""/Action Default"" ""/Build 1702"" ""/Debug On"" ""/EGWAddress 3.218.246.74,52.55.102.23"" ""/EGWDNS egw1.express.gotoassist.com"" ""/EGWPort 8200,80,443"" ""/Language en_US"" ""/LogLevel Normal"" ""/ResourceDll g2ax_expert_resource_win32_x86_en_US.dll"" ""/ServiceAllowed Yes"" ""/StartAsService Yes"" ""/Stat On"" ""/StatDb On"" ""/UninstallService No"" ""/colClientUiReadyEvent Global\BDAE0CDF-A6E0-4620-B1DF-2D7E8A0E11E3"" ""/locale en_US"" ""/sessionTrackingId e0-FaCddxmtMoX8_cY4czssnTeGvy83i""

ParentUser: WINDEV2309EVAL\User",Info,GoToAssist Remote Support.exe,"""C:\Users\User\AppData\Local\GoToAssist Remote Support Expert\g2ax_expert_combined_dll_core_win32_x86_1702.exe"" ""/Action Default"" ""/Build 1702"" ""/Debug On"" ""/EGWAddress 3.218.246.74,52.55.102.23"" ""/EGWDNS egw1.express.gotoassist.com"" ""/EGWPort 8200,80,443"" ""/Language en_US"" ""/LogLevel Normal"" ""/ResourceDll g2ax_expert_resource_win32_x86_en_US.dll"" ""/ServiceAllowed Yes"" ""/StartAsService Yes"" ""/Stat On"" ""/StatDb On"" ""/UninstallService No"" ""/colClientUiReadyEvent Global\BDAE0CDF-A6E0-4620-B1DF-2D7E8A0E11E3"" ""/locale en_US"" ""/sessionTrackingId e0-FaCddxmtMoX8_cY4czssnTeGvy83i""",C:\Users\User\AppData\Local\GoToAssist Remote Support Expert\g2ax_expert_combined_dll_core_win32_x86_1702.exe,{f57bd86a-ac8b-658c-d201-000000000f00},10416,WINDEV2309EVAL\User,,{f57bd86a-ac8c-658c-d501-000000000f00},3588,11244,GoToAssist,,,,,"
      ",-,,,,,,2023-12-27T23:00:28.3559403Z,,,Process Create (rule: ProcessCreate),1,5124,WINDEV2309EVAL\User,S-1-5-18,2023-12-27 23:00:28.351,5,"<Event xmlns=""http://schemas.microsoft.com/win/2004/08/events/event"">
    <System>
      <Provider Name=""Microsoft-Windows-Sysmon"" Guid=""{5770385f-c22a-43e0-bf4c-06f5698ffbd9}""/>
      <EventID>1</EventID>
      <Version>5</Version>
      <Level>4</Level>
      <Task>1</Task>
      <Opcode>0</Opcode>
      <Keywords>0x8000000000000000</Keywords>
      <TimeCreated SystemTime=""2023-12-27T23:00:28.3559403Z""/>
      <EventRecordID>19638</EventRecordID>
      <Correlation/>
      <Execution ProcessID=""3588"" ThreadID=""5124""/>
      <Channel>Microsoft-Windows-Sysmon/Operational</Channel>
      <Computer>WinDev2309Eval</Computer>
      <Security UserID=""S-1-5-18""/>
    </System>
    <EventData>
      <Data Name=""RuleName"">-</Data>
      <Data Name=""UtcTime"">2023-12-27 23:00:28.351</Data>
      <Data Name=""ProcessGuid"">{f57bd86a-ac8c-658c-d501-000000000f00}</Data>
      <Data Name=""ProcessId"">11244</Data>
      <Data Name=""Image"">C:\Users\User\AppData\Local\Temp\LogMeInInc\GoToAssist Remote Support Expert\1702\g2a9177.tmp\g2ax_installerexpert.exe</Data>
      <Data Name=""FileVersion"">4.8 Build 1702</Data>
      <Data Name=""Description"">GoToAssist</Data>
      <Data Name=""Product"">GoToAssist</Data>
      <Data Name=""Company"">LogMeIn, Inc.</Data>
      <Data Name=""OriginalFileName"">GoToAssist Remote Support.exe</Data>
      <Data Name=""CommandLine"">""C:\Users\User\AppData\Local\Temp\LogMeInInc\GoToAssist Remote Support Expert\1702\g2a9177.tmp\g2ax_installerexpert.exe "" ""/Action Default"" ""/Build 1702"" ""/Debug On"" ""/EGWAddress 3.218.246.74,52.55.102.23"" ""/EGWDNS egw1.express.gotoassist.com"" ""/EGWPort 8200,80,443"" ""/Language en_US"" ""/LoaderPath C:\Users\User\AppData\Local\GoToAssist Remote Support Expert\g2ax_expert_combined_dll_core_win32_x86_1702.exe"" ""/LogLevel Normal"" ""/LogPath C:\Users\User\AppData\Local\Temp\LogMeInLogs\GoToAssist Remote Support Expert\1702\20231227_150027\"" ""/ResourceDll g2ax_expert_resource_win32_x86_en_US.dll"" ""/RestartReason Start"" ""/ServiceAllowed Yes"" ""/StartAsService Yes"" ""/Stat On"" ""/StatDb On"" ""/UninstallService No"" ""/colClientUiReadyEvent Global\BDAE0CDF-A6E0-4620-B1DF-2D7E8A0E11E3"" ""/locale en_US"" ""/sessionTrackingId e0-FaCddxmtMoX8_cY4czssnTeGvy83i""</Data>
      <Data Name=""CurrentDirectory"">C:\Users\User\AppData\Local\Temp\LogMeInInc\GoToAssist Remote Support Expert\1702\g2a9177.tmp\</Data>
      <Data Name=""User"">WINDEV2309EVAL\User</Data>
      <Data Name=""LogonGuid"">{f57bd86a-36f9-658c-7bf8-020000000000}</Data>
      <Data Name=""LogonId"">0x2f87b</Data>
      <Data Name=""TerminalSessionId"">1</Data>
      <Data Name=""IntegrityLevel"">Medium</Data>
      <Data Name=""Hashes"">MD5=71C703EA85154A4E246A04C6B40DEDC1,SHA256=F5CFC449095104529B490B8FE6015B9F77FD83E4A1B378D8DC091C24AE5A95DC,IMPHASH=D8BC47046472F3E346D78C720F941405</Data>
      <Data Name=""ParentProcessGuid"">{f57bd86a-ac8b-658c-d201-000000000f00}</Data>
      <Data Name=""ParentProcessId"">10416</Data>
      <Data Name=""ParentImage"">C:\Users\User\AppData\Local\GoToAssist Remote Support Expert\g2ax_expert_combined_dll_core_win32_x86_1702.exe</Data>
      <Data Name=""ParentCommandLine"">""C:\Users\User\AppData\Local\GoToAssist Remote Support Expert\g2ax_expert_combined_dll_core_win32_x86_1702.exe"" ""/Action Default"" ""/Build 1702"" ""/Debug On"" ""/EGWAddress 3.218.246.74,52.55.102.23"" ""/EGWDNS egw1.express.gotoassist.com"" ""/EGWPort 8200,80,443"" ""/Language en_US"" ""/LogLevel Normal"" ""/ResourceDll g2ax_expert_resource_win32_x86_en_US.dll"" ""/ServiceAllowed Yes"" ""/StartAsService Yes"" ""/Stat On"" ""/StatDb On"" ""/UninstallService No"" ""/colClientUiReadyEvent Global\BDAE0CDF-A6E0-4620-B1DF-2D7E8A0E11E3"" ""/locale en_US"" ""/sessionTrackingId e0-FaCddxmtMoX8_cY4czssnTeGvy83i""</Data>
      <Data Name=""ParentUser"">WINDEV2309EVAL\User</Data>
    </EventData>
    <RenderingInfo Culture=""en-US"">
      <Message>Process Create:

RuleName: -

UtcTime: 2023-12-27 23:00:28.351

ProcessGuid: {f57bd86a-ac8c-658c-d501-000000000f00}

ProcessId: 11244

Image: C:\Users\User\AppData\Local\Temp\LogMeInInc\GoToAssist Remote Support Expert\1702\g2a9177.tmp\g2ax_installerexpert.exe

FileVersion: 4.8 Build 1702

Description: GoToAssist

Product: GoToAssist

Company: LogMeIn, Inc.

OriginalFileName: GoToAssist Remote Support.exe

CommandLine: ""C:\Users\User\AppData\Local\Temp\LogMeInInc\GoToAssist Remote Support Expert\1702\g2a9177.tmp\g2ax_installerexpert.exe "" ""/Action Default"" ""/Build 1702"" ""/Debug On"" ""/EGWAddress 3.218.246.74,52.55.102.23"" ""/EGWDNS egw1.express.gotoassist.com"" ""/EGWPort 8200,80,443"" ""/Language en_US"" ""/LoaderPath C:\Users\User\AppData\Local\GoToAssist Remote Support Expert\g2ax_expert_combined_dll_core_win32_x86_1702.exe"" ""/LogLevel Normal"" ""/LogPath C:\Users\User\AppData\Local\Temp\LogMeInLogs\GoToAssist Remote Support Expert\1702\20231227_150027\"" ""/ResourceDll g2ax_expert_resource_win32_x86_en_US.dll"" ""/RestartReason Start"" ""/ServiceAllowed Yes"" ""/StartAsService Yes"" ""/Stat On"" ""/StatDb On"" ""/UninstallService No"" ""/colClientUiReadyEvent Global\BDAE0CDF-A6E0-4620-B1DF-2D7E8A0E11E3"" ""/locale en_US"" ""/sessionTrackingId e0-FaCddxmtMoX8_cY4czssnTeGvy83i""

CurrentDirectory: C:\Users\User\AppData\Local\Temp\LogMeInInc\GoToAssist Remote Support Expert\1702\g2a9177.tmp\

User: WINDEV2309EVAL\User

LogonGuid: {f57bd86a-36f9-658c-7bf8-020000000000}

LogonId: 0x2F87B

TerminalSessionId: 1

IntegrityLevel: Medium

Hashes: MD5=71C703EA85154A4E246A04C6B40DEDC1,SHA256=F5CFC449095104529B490B8FE6015B9F77FD83E4A1B378D8DC091C24AE5A95DC,IMPHASH=D8BC47046472F3E346D78C720F941405

ParentProcessGuid: {f57bd86a-ac8b-658c-d201-000000000f00}

ParentProcessId: 10416

ParentImage: C:\Users\User\AppData\Local\GoToAssist Remote Support Expert\g2ax_expert_combined_dll_core_win32_x86_1702.exe

ParentCommandLine: ""C:\Users\User\AppData\Local\GoToAssist Remote Support Expert\g2ax_expert_combined_dll_core_win32_x86_1702.exe"" ""/Action Default"" ""/Build 1702"" ""/Debug On"" ""/EGWAddress 3.218.246.74,52.55.102.23"" ""/EGWDNS egw1.express.gotoassist.com"" ""/EGWPort 8200,80,443"" ""/Language en_US"" ""/LogLevel Normal"" ""/ResourceDll g2ax_expert_resource_win32_x86_en_US.dll"" ""/ServiceAllowed Yes"" ""/StartAsService Yes"" ""/Stat On"" ""/StatDb On"" ""/UninstallService No"" ""/colClientUiReadyEvent Global\BDAE0CDF-A6E0-4620-B1DF-2D7E8A0E11E3"" ""/locale en_US"" ""/sessionTrackingId e0-FaCddxmtMoX8_cY4czssnTeGvy83i""

ParentUser: WINDEV2309EVAL\User</Message>
      <Level>Information</Level>
      <Task>Process Create (rule: ProcessCreate)</Task>
      <Opcode>Info</Opcode>
    </RenderingInfo>
  </Event>
  
"
Microsoft-Windows-Sysmon/Operational,,,WinDev2309Eval,2023-12-27 23:00:28.182,,,,,,,,,11,19637,,,,C:\Users\User\AppData\Local\GoToAssist Remote Support Expert\g2ax_expert_combined_dll_core_win32_x86_1702.exe,,,0x8000000000000000,Information,,,"File created:

RuleName: DLL

UtcTime: 2023-12-27 23:00:28.182

ProcessGuid: {f57bd86a-ac8b-658c-d201-000000000f00}

ProcessId: 10416

Image: C:\Users\User\AppData\Local\GoToAssist Remote Support Expert\g2ax_expert_combined_dll_core_win32_x86_1702.exe

TargetFilename: C:\Users\User\AppData\Local\Temp\LogMeInInc\GoToAssist Remote Support Expert\1702\g2a9177.tmp\g2ax_expert_resource_win32_x86_pt.dll

CreationUtcTime: 2023-12-27 23:00:28.182

User: WINDEV2309EVAL\User",Info,,,,,,,,{f57bd86a-ac8b-658c-d201-000000000f00},3588,10416,,,,,,"
      ",DLL,,,,,,2023-12-27T23:00:28.1961790Z,C:\Users\User\AppData\Local\Temp\LogMeInInc\GoToAssist Remote Support Expert\1702\g2a9177.tmp\g2ax_expert_resource_win32_x86_pt.dll,,File created (rule: FileCreate),,5124,WINDEV2309EVAL\User,S-1-5-18,2023-12-27 23:00:28.182,2,"<Event xmlns=""http://schemas.microsoft.com/win/2004/08/events/event"">
    <System>
      <Provider Name=""Microsoft-Windows-Sysmon"" Guid=""{5770385f-c22a-43e0-bf4c-06f5698ffbd9}""/>
      <EventID>11</EventID>
      <Version>2</Version>
      <Level>4</Level>
      <Task>11</Task>
      <Opcode>0</Opcode>
      <Keywords>0x8000000000000000</Keywords>
      <TimeCreated SystemTime=""2023-12-27T23:00:28.1961790Z""/>
      <EventRecordID>19637</EventRecordID>
      <Correlation/>
      <Execution ProcessID=""3588"" ThreadID=""5124""/>
      <Channel>Microsoft-Windows-Sysmon/Operational</Channel>
      <Computer>WinDev2309Eval</Computer>
      <Security UserID=""S-1-5-18""/>
    </System>
    <EventData>
      <Data Name=""RuleName"">DLL</Data>
      <Data Name=""UtcTime"">2023-12-27 23:00:28.182</Data>
      <Data Name=""ProcessGuid"">{f57bd86a-ac8b-658c-d201-000000000f00}</Data>
      <Data Name=""ProcessId"">10416</Data>
      <Data Name=""Image"">C:\Users\User\AppData\Local\GoToAssist Remote Support Expert\g2ax_expert_combined_dll_core_win32_x86_1702.exe</Data>
      <Data Name=""TargetFilename"">C:\Users\User\AppData\Local\Temp\LogMeInInc\GoToAssist Remote Support Expert\1702\g2a9177.tmp\g2ax_expert_resource_win32_x86_pt.dll</Data>
      <Data Name=""CreationUtcTime"">2023-12-27 23:00:28.182</Data>
      <Data Name=""User"">WINDEV2309EVAL\User</Data>
    </EventData>
    <RenderingInfo Culture=""en-US"">
      <Message>File created:

RuleName: DLL

UtcTime: 2023-12-27 23:00:28.182

ProcessGuid: {f57bd86a-ac8b-658c-d201-000000000f00}

ProcessId: 10416

Image: C:\Users\User\AppData\Local\GoToAssist Remote Support Expert\g2ax_expert_combined_dll_core_win32_x86_1702.exe

TargetFilename: C:\Users\User\AppData\Local\Temp\LogMeInInc\GoToAssist Remote Support Expert\1702\g2a9177.tmp\g2ax_expert_resource_win32_x86_pt.dll

CreationUtcTime: 2023-12-27 23:00:28.182

User: WINDEV2309EVAL\User</Message>
      <Level>Information</Level>
      <Task>File created (rule: FileCreate)</Task>
      <Opcode>Info</Opcode>
    </RenderingInfo>
  </Event>
  
"
Microsoft-Windows-Sysmon/Operational,,,WinDev2309Eval,2023-12-27 23:00:28.151,,,,,,,,,11,19636,,,,C:\Users\User\AppData\Local\GoToAssist Remote Support Expert\g2ax_expert_combined_dll_core_win32_x86_1702.exe,,,0x8000000000000000,Information,,,"File created:

RuleName: DLL

UtcTime: 2023-12-27 23:00:28.151

ProcessGuid: {f57bd86a-ac8b-658c-d201-000000000f00}

ProcessId: 10416

Image: C:\Users\User\AppData\Local\GoToAssist Remote Support Expert\g2ax_expert_combined_dll_core_win32_x86_1702.exe

TargetFilename: C:\Users\User\AppData\Local\Temp\LogMeInInc\GoToAssist Remote Support Expert\1702\g2a9177.tmp\g2ax_expert_resource_win32_x86_it.dll

CreationUtcTime: 2023-12-27 23:00:28.151

User: WINDEV2309EVAL\User",Info,,,,,,,,{f57bd86a-ac8b-658c-d201-000000000f00},3588,10416,,,,,,"
      ",DLL,,,,,,2023-12-27T23:00:28.1613056Z,C:\Users\User\AppData\Local\Temp\LogMeInInc\GoToAssist Remote Support Expert\1702\g2a9177.tmp\g2ax_expert_resource_win32_x86_it.dll,,File created (rule: FileCreate),,5124,WINDEV2309EVAL\User,S-1-5-18,2023-12-27 23:00:28.151,2,"<Event xmlns=""http://schemas.microsoft.com/win/2004/08/events/event"">
    <System>
      <Provider Name=""Microsoft-Windows-Sysmon"" Guid=""{5770385f-c22a-43e0-bf4c-06f5698ffbd9}""/>
      <EventID>11</EventID>
      <Version>2</Version>
      <Level>4</Level>
      <Task>11</Task>
      <Opcode>0</Opcode>
      <Keywords>0x8000000000000000</Keywords>
      <TimeCreated SystemTime=""2023-12-27T23:00:28.1613056Z""/>
      <EventRecordID>19636</EventRecordID>
      <Correlation/>
      <Execution ProcessID=""3588"" ThreadID=""5124""/>
      <Channel>Microsoft-Windows-Sysmon/Operational</Channel>
      <Computer>WinDev2309Eval</Computer>
      <Security UserID=""S-1-5-18""/>
    </System>
    <EventData>
      <Data Name=""RuleName"">DLL</Data>
      <Data Name=""UtcTime"">2023-12-27 23:00:28.151</Data>
      <Data Name=""ProcessGuid"">{f57bd86a-ac8b-658c-d201-000000000f00}</Data>
      <Data Name=""ProcessId"">10416</Data>
      <Data Name=""Image"">C:\Users\User\AppData\Local\GoToAssist Remote Support Expert\g2ax_expert_combined_dll_core_win32_x86_1702.exe</Data>
      <Data Name=""TargetFilename"">C:\Users\User\AppData\Local\Temp\LogMeInInc\GoToAssist Remote Support Expert\1702\g2a9177.tmp\g2ax_expert_resource_win32_x86_it.dll</Data>
      <Data Name=""CreationUtcTime"">2023-12-27 23:00:28.151</Data>
      <Data Name=""User"">WINDEV2309EVAL\User</Data>
    </EventData>
    <RenderingInfo Culture=""en-US"">
      <Message>File created:

RuleName: DLL

UtcTime: 2023-12-27 23:00:28.151

ProcessGuid: {f57bd86a-ac8b-658c-d201-000000000f00}

ProcessId: 10416

Image: C:\Users\User\AppData\Local\GoToAssist Remote Support Expert\g2ax_expert_combined_dll_core_win32_x86_1702.exe

TargetFilename: C:\Users\User\AppData\Local\Temp\LogMeInInc\GoToAssist Remote Support Expert\1702\g2a9177.tmp\g2ax_expert_resource_win32_x86_it.dll

CreationUtcTime: 2023-12-27 23:00:28.151

User: WINDEV2309EVAL\User</Message>
      <Level>Information</Level>
      <Task>File created (rule: FileCreate)</Task>
      <Opcode>Info</Opcode>
    </RenderingInfo>
  </Event>
  
"
Microsoft-Windows-Sysmon/Operational,,,WinDev2309Eval,2023-12-27 23:00:28.103,,,,,,,,,11,19635,,,,C:\Users\User\AppData\Local\GoToAssist Remote Support Expert\g2ax_expert_combined_dll_core_win32_x86_1702.exe,,,0x8000000000000000,Information,,,"File created:

RuleName: DLL

UtcTime: 2023-12-27 23:00:28.103

ProcessGuid: {f57bd86a-ac8b-658c-d201-000000000f00}

ProcessId: 10416

Image: C:\Users\User\AppData\Local\GoToAssist Remote Support Expert\g2ax_expert_combined_dll_core_win32_x86_1702.exe

TargetFilename: C:\Users\User\AppData\Local\Temp\LogMeInInc\GoToAssist Remote Support Expert\1702\g2a9177.tmp\g2ax_expert_resource_win32_x86_fr.dll

CreationUtcTime: 2023-12-27 23:00:28.103

User: WINDEV2309EVAL\User",Info,,,,,,,,{f57bd86a-ac8b-658c-d201-000000000f00},3588,10416,,,,,,"
      ",DLL,,,,,,2023-12-27T23:00:28.1153706Z,C:\Users\User\AppData\Local\Temp\LogMeInInc\GoToAssist Remote Support Expert\1702\g2a9177.tmp\g2ax_expert_resource_win32_x86_fr.dll,,File created (rule: FileCreate),,5124,WINDEV2309EVAL\User,S-1-5-18,2023-12-27 23:00:28.103,2,"<Event xmlns=""http://schemas.microsoft.com/win/2004/08/events/event"">
    <System>
      <Provider Name=""Microsoft-Windows-Sysmon"" Guid=""{5770385f-c22a-43e0-bf4c-06f5698ffbd9}""/>
      <EventID>11</EventID>
      <Version>2</Version>
      <Level>4</Level>
      <Task>11</Task>
      <Opcode>0</Opcode>
      <Keywords>0x8000000000000000</Keywords>
      <TimeCreated SystemTime=""2023-12-27T23:00:28.1153706Z""/>
      <EventRecordID>19635</EventRecordID>
      <Correlation/>
      <Execution ProcessID=""3588"" ThreadID=""5124""/>
      <Channel>Microsoft-Windows-Sysmon/Operational</Channel>
      <Computer>WinDev2309Eval</Computer>
      <Security UserID=""S-1-5-18""/>
    </System>
    <EventData>
      <Data Name=""RuleName"">DLL</Data>
      <Data Name=""UtcTime"">2023-12-27 23:00:28.103</Data>
      <Data Name=""ProcessGuid"">{f57bd86a-ac8b-658c-d201-000000000f00}</Data>
      <Data Name=""ProcessId"">10416</Data>
      <Data Name=""Image"">C:\Users\User\AppData\Local\GoToAssist Remote Support Expert\g2ax_expert_combined_dll_core_win32_x86_1702.exe</Data>
      <Data Name=""TargetFilename"">C:\Users\User\AppData\Local\Temp\LogMeInInc\GoToAssist Remote Support Expert\1702\g2a9177.tmp\g2ax_expert_resource_win32_x86_fr.dll</Data>
      <Data Name=""CreationUtcTime"">2023-12-27 23:00:28.103</Data>
      <Data Name=""User"">WINDEV2309EVAL\User</Data>
    </EventData>
    <RenderingInfo Culture=""en-US"">
      <Message>File created:

RuleName: DLL

UtcTime: 2023-12-27 23:00:28.103

ProcessGuid: {f57bd86a-ac8b-658c-d201-000000000f00}

ProcessId: 10416

Image: C:\Users\User\AppData\Local\GoToAssist Remote Support Expert\g2ax_expert_combined_dll_core_win32_x86_1702.exe

TargetFilename: C:\Users\User\AppData\Local\Temp\LogMeInInc\GoToAssist Remote Support Expert\1702\g2a9177.tmp\g2ax_expert_resource_win32_x86_fr.dll

CreationUtcTime: 2023-12-27 23:00:28.103

User: WINDEV2309EVAL\User</Message>
      <Level>Information</Level>
      <Task>File created (rule: FileCreate)</Task>
      <Opcode>Info</Opcode>
    </RenderingInfo>
  </Event>
  
"
Microsoft-Windows-Sysmon/Operational,,,WinDev2309Eval,2023-12-27 23:00:28.054,,,,,,,,,11,19634,,,,C:\Users\User\AppData\Local\GoToAssist Remote Support Expert\g2ax_expert_combined_dll_core_win32_x86_1702.exe,,,0x8000000000000000,Information,,,"File created:

RuleName: DLL

UtcTime: 2023-12-27 23:00:28.054

ProcessGuid: {f57bd86a-ac8b-658c-d201-000000000f00}

ProcessId: 10416

Image: C:\Users\User\AppData\Local\GoToAssist Remote Support Expert\g2ax_expert_combined_dll_core_win32_x86_1702.exe

TargetFilename: C:\Users\User\AppData\Local\Temp\LogMeInInc\GoToAssist Remote Support Expert\1702\g2a9177.tmp\g2ax_expert_resource_win32_x86_es.dll

CreationUtcTime: 2023-12-27 23:00:28.054

User: WINDEV2309EVAL\User",Info,,,,,,,,{f57bd86a-ac8b-658c-d201-000000000f00},3588,10416,,,,,,"
      ",DLL,,,,,,2023-12-27T23:00:28.0651913Z,C:\Users\User\AppData\Local\Temp\LogMeInInc\GoToAssist Remote Support Expert\1702\g2a9177.tmp\g2ax_expert_resource_win32_x86_es.dll,,File created (rule: FileCreate),,5124,WINDEV2309EVAL\User,S-1-5-18,2023-12-27 23:00:28.054,2,"<Event xmlns=""http://schemas.microsoft.com/win/2004/08/events/event"">
    <System>
      <Provider Name=""Microsoft-Windows-Sysmon"" Guid=""{5770385f-c22a-43e0-bf4c-06f5698ffbd9}""/>
      <EventID>11</EventID>
      <Version>2</Version>
      <Level>4</Level>
      <Task>11</Task>
      <Opcode>0</Opcode>
      <Keywords>0x8000000000000000</Keywords>
      <TimeCreated SystemTime=""2023-12-27T23:00:28.0651913Z""/>
      <EventRecordID>19634</EventRecordID>
      <Correlation/>
      <Execution ProcessID=""3588"" ThreadID=""5124""/>
      <Channel>Microsoft-Windows-Sysmon/Operational</Channel>
      <Computer>WinDev2309Eval</Computer>
      <Security UserID=""S-1-5-18""/>
    </System>
    <EventData>
      <Data Name=""RuleName"">DLL</Data>
      <Data Name=""UtcTime"">2023-12-27 23:00:28.054</Data>
      <Data Name=""ProcessGuid"">{f57bd86a-ac8b-658c-d201-000000000f00}</Data>
      <Data Name=""ProcessId"">10416</Data>
      <Data Name=""Image"">C:\Users\User\AppData\Local\GoToAssist Remote Support Expert\g2ax_expert_combined_dll_core_win32_x86_1702.exe</Data>
      <Data Name=""TargetFilename"">C:\Users\User\AppData\Local\Temp\LogMeInInc\GoToAssist Remote Support Expert\1702\g2a9177.tmp\g2ax_expert_resource_win32_x86_es.dll</Data>
      <Data Name=""CreationUtcTime"">2023-12-27 23:00:28.054</Data>
      <Data Name=""User"">WINDEV2309EVAL\User</Data>
    </EventData>
    <RenderingInfo Culture=""en-US"">
      <Message>File created:

RuleName: DLL

UtcTime: 2023-12-27 23:00:28.054

ProcessGuid: {f57bd86a-ac8b-658c-d201-000000000f00}

ProcessId: 10416

Image: C:\Users\User\AppData\Local\GoToAssist Remote Support Expert\g2ax_expert_combined_dll_core_win32_x86_1702.exe

TargetFilename: C:\Users\User\AppData\Local\Temp\LogMeInInc\GoToAssist Remote Support Expert\1702\g2a9177.tmp\g2ax_expert_resource_win32_x86_es.dll

CreationUtcTime: 2023-12-27 23:00:28.054

User: WINDEV2309EVAL\User</Message>
      <Level>Information</Level>
      <Task>File created (rule: FileCreate)</Task>
      <Opcode>Info</Opcode>
    </RenderingInfo>
  </Event>
  
"
Microsoft-Windows-Sysmon/Operational,,,WinDev2309Eval,2023-12-27 23:00:28.004,,,,,,,,,11,19633,,,,C:\Users\User\AppData\Local\GoToAssist Remote Support Expert\g2ax_expert_combined_dll_core_win32_x86_1702.exe,,,0x8000000000000000,Information,,,"File created:

RuleName: DLL

UtcTime: 2023-12-27 23:00:28.004

ProcessGuid: {f57bd86a-ac8b-658c-d201-000000000f00}

ProcessId: 10416

Image: C:\Users\User\AppData\Local\GoToAssist Remote Support Expert\g2ax_expert_combined_dll_core_win32_x86_1702.exe

TargetFilename: C:\Users\User\AppData\Local\Temp\LogMeInInc\GoToAssist Remote Support Expert\1702\g2a9177.tmp\g2ax_expert_resource_win32_x86_de.dll

CreationUtcTime: 2023-12-27 23:00:28.004

User: WINDEV2309EVAL\User",Info,,,,,,,,{f57bd86a-ac8b-658c-d201-000000000f00},3588,10416,,,,,,"
      ",DLL,,,,,,2023-12-27T23:00:28.0215615Z,C:\Users\User\AppData\Local\Temp\LogMeInInc\GoToAssist Remote Support Expert\1702\g2a9177.tmp\g2ax_expert_resource_win32_x86_de.dll,,File created (rule: FileCreate),,5124,WINDEV2309EVAL\User,S-1-5-18,2023-12-27 23:00:28.004,2,"<Event xmlns=""http://schemas.microsoft.com/win/2004/08/events/event"">
    <System>
      <Provider Name=""Microsoft-Windows-Sysmon"" Guid=""{5770385f-c22a-43e0-bf4c-06f5698ffbd9}""/>
      <EventID>11</EventID>
      <Version>2</Version>
      <Level>4</Level>
      <Task>11</Task>
      <Opcode>0</Opcode>
      <Keywords>0x8000000000000000</Keywords>
      <TimeCreated SystemTime=""2023-12-27T23:00:28.0215615Z""/>
      <EventRecordID>19633</EventRecordID>
      <Correlation/>
      <Execution ProcessID=""3588"" ThreadID=""5124""/>
      <Channel>Microsoft-Windows-Sysmon/Operational</Channel>
      <Computer>WinDev2309Eval</Computer>
      <Security UserID=""S-1-5-18""/>
    </System>
    <EventData>
      <Data Name=""RuleName"">DLL</Data>
      <Data Name=""UtcTime"">2023-12-27 23:00:28.004</Data>
      <Data Name=""ProcessGuid"">{f57bd86a-ac8b-658c-d201-000000000f00}</Data>
      <Data Name=""ProcessId"">10416</Data>
      <Data Name=""Image"">C:\Users\User\AppData\Local\GoToAssist Remote Support Expert\g2ax_expert_combined_dll_core_win32_x86_1702.exe</Data>
      <Data Name=""TargetFilename"">C:\Users\User\AppData\Local\Temp\LogMeInInc\GoToAssist Remote Support Expert\1702\g2a9177.tmp\g2ax_expert_resource_win32_x86_de.dll</Data>
      <Data Name=""CreationUtcTime"">2023-12-27 23:00:28.004</Data>
      <Data Name=""User"">WINDEV2309EVAL\User</Data>
    </EventData>
    <RenderingInfo Culture=""en-US"">
      <Message>File created:

RuleName: DLL

UtcTime: 2023-12-27 23:00:28.004

ProcessGuid: {f57bd86a-ac8b-658c-d201-000000000f00}

ProcessId: 10416

Image: C:\Users\User\AppData\Local\GoToAssist Remote Support Expert\g2ax_expert_combined_dll_core_win32_x86_1702.exe

TargetFilename: C:\Users\User\AppData\Local\Temp\LogMeInInc\GoToAssist Remote Support Expert\1702\g2a9177.tmp\g2ax_expert_resource_win32_x86_de.dll

CreationUtcTime: 2023-12-27 23:00:28.004

User: WINDEV2309EVAL\User</Message>
      <Level>Information</Level>
      <Task>File created (rule: FileCreate)</Task>
      <Opcode>Info</Opcode>
    </RenderingInfo>
  </Event>
  
"
Microsoft-Windows-Sysmon/Operational,,,WinDev2309Eval,2023-12-27 23:00:27.972,,,,,,,,,11,19632,,,,C:\Users\User\AppData\Local\GoToAssist Remote Support Expert\g2ax_expert_combined_dll_core_win32_x86_1702.exe,,,0x8000000000000000,Information,,,"File created:

RuleName: DLL

UtcTime: 2023-12-27 23:00:27.972

ProcessGuid: {f57bd86a-ac8b-658c-d201-000000000f00}

ProcessId: 10416

Image: C:\Users\User\AppData\Local\GoToAssist Remote Support Expert\g2ax_expert_combined_dll_core_win32_x86_1702.exe

TargetFilename: C:\Users\User\AppData\Local\Temp\LogMeInInc\GoToAssist Remote Support Expert\1702\g2a9177.tmp\g2ax_expert_resource_win32_x86_en_US.dll

CreationUtcTime: 2023-12-27 23:00:27.972

User: WINDEV2309EVAL\User",Info,,,,,,,,{f57bd86a-ac8b-658c-d201-000000000f00},3588,10416,,,,,,"
      ",DLL,,,,,,2023-12-27T23:00:27.9769946Z,C:\Users\User\AppData\Local\Temp\LogMeInInc\GoToAssist Remote Support Expert\1702\g2a9177.tmp\g2ax_expert_resource_win32_x86_en_US.dll,,File created (rule: FileCreate),,5124,WINDEV2309EVAL\User,S-1-5-18,2023-12-27 23:00:27.972,2,"<Event xmlns=""http://schemas.microsoft.com/win/2004/08/events/event"">
    <System>
      <Provider Name=""Microsoft-Windows-Sysmon"" Guid=""{5770385f-c22a-43e0-bf4c-06f5698ffbd9}""/>
      <EventID>11</EventID>
      <Version>2</Version>
      <Level>4</Level>
      <Task>11</Task>
      <Opcode>0</Opcode>
      <Keywords>0x8000000000000000</Keywords>
      <TimeCreated SystemTime=""2023-12-27T23:00:27.9769946Z""/>
      <EventRecordID>19632</EventRecordID>
      <Correlation/>
      <Execution ProcessID=""3588"" ThreadID=""5124""/>
      <Channel>Microsoft-Windows-Sysmon/Operational</Channel>
      <Computer>WinDev2309Eval</Computer>
      <Security UserID=""S-1-5-18""/>
    </System>
    <EventData>
      <Data Name=""RuleName"">DLL</Data>
      <Data Name=""UtcTime"">2023-12-27 23:00:27.972</Data>
      <Data Name=""ProcessGuid"">{f57bd86a-ac8b-658c-d201-000000000f00}</Data>
      <Data Name=""ProcessId"">10416</Data>
      <Data Name=""Image"">C:\Users\User\AppData\Local\GoToAssist Remote Support Expert\g2ax_expert_combined_dll_core_win32_x86_1702.exe</Data>
      <Data Name=""TargetFilename"">C:\Users\User\AppData\Local\Temp\LogMeInInc\GoToAssist Remote Support Expert\1702\g2a9177.tmp\g2ax_expert_resource_win32_x86_en_US.dll</Data>
      <Data Name=""CreationUtcTime"">2023-12-27 23:00:27.972</Data>
      <Data Name=""User"">WINDEV2309EVAL\User</Data>
    </EventData>
    <RenderingInfo Culture=""en-US"">
      <Message>File created:

RuleName: DLL

UtcTime: 2023-12-27 23:00:27.972

ProcessGuid: {f57bd86a-ac8b-658c-d201-000000000f00}

ProcessId: 10416

Image: C:\Users\User\AppData\Local\GoToAssist Remote Support Expert\g2ax_expert_combined_dll_core_win32_x86_1702.exe

TargetFilename: C:\Users\User\AppData\Local\Temp\LogMeInInc\GoToAssist Remote Support Expert\1702\g2a9177.tmp\g2ax_expert_resource_win32_x86_en_US.dll

CreationUtcTime: 2023-12-27 23:00:27.972

User: WINDEV2309EVAL\User</Message>
      <Level>Information</Level>
      <Task>File created (rule: FileCreate)</Task>
      <Opcode>Info</Opcode>
    </RenderingInfo>
  </Event>
  
"
Microsoft-Windows-Sysmon/Operational,,,WinDev2309Eval,2023-12-27 23:00:27.972,,,,,,,,,11,19631,,,,C:\Users\User\AppData\Local\GoToAssist Remote Support Expert\g2ax_expert_combined_dll_core_win32_x86_1702.exe,,,0x8000000000000000,Information,,,"File created:

RuleName: DLL

UtcTime: 2023-12-27 23:00:27.972

ProcessGuid: {f57bd86a-ac8b-658c-d201-000000000f00}

ProcessId: 10416

Image: C:\Users\User\AppData\Local\GoToAssist Remote Support Expert\g2ax_expert_combined_dll_core_win32_x86_1702.exe

TargetFilename: C:\Users\User\AppData\Local\Temp\LogMeInInc\GoToAssist Remote Support Expert\1702\g2a9177.tmp\ScreenCaptureWin8Dll.dll

CreationUtcTime: 2023-12-27 23:00:27.972

User: WINDEV2309EVAL\User",Info,,,,,,,,{f57bd86a-ac8b-658c-d201-000000000f00},3588,10416,,,,,,"
      ",DLL,,,,,,2023-12-27T23:00:27.9761563Z,C:\Users\User\AppData\Local\Temp\LogMeInInc\GoToAssist Remote Support Expert\1702\g2a9177.tmp\ScreenCaptureWin8Dll.dll,,File created (rule: FileCreate),,5124,WINDEV2309EVAL\User,S-1-5-18,2023-12-27 23:00:27.972,2,"<Event xmlns=""http://schemas.microsoft.com/win/2004/08/events/event"">
    <System>
      <Provider Name=""Microsoft-Windows-Sysmon"" Guid=""{5770385f-c22a-43e0-bf4c-06f5698ffbd9}""/>
      <EventID>11</EventID>
      <Version>2</Version>
      <Level>4</Level>
      <Task>11</Task>
      <Opcode>0</Opcode>
      <Keywords>0x8000000000000000</Keywords>
      <TimeCreated SystemTime=""2023-12-27T23:00:27.9761563Z""/>
      <EventRecordID>19631</EventRecordID>
      <Correlation/>
      <Execution ProcessID=""3588"" ThreadID=""5124""/>
      <Channel>Microsoft-Windows-Sysmon/Operational</Channel>
      <Computer>WinDev2309Eval</Computer>
      <Security UserID=""S-1-5-18""/>
    </System>
    <EventData>
      <Data Name=""RuleName"">DLL</Data>
      <Data Name=""UtcTime"">2023-12-27 23:00:27.972</Data>
      <Data Name=""ProcessGuid"">{f57bd86a-ac8b-658c-d201-000000000f00}</Data>
      <Data Name=""ProcessId"">10416</Data>
      <Data Name=""Image"">C:\Users\User\AppData\Local\GoToAssist Remote Support Expert\g2ax_expert_combined_dll_core_win32_x86_1702.exe</Data>
      <Data Name=""TargetFilename"">C:\Users\User\AppData\Local\Temp\LogMeInInc\GoToAssist Remote Support Expert\1702\g2a9177.tmp\ScreenCaptureWin8Dll.dll</Data>
      <Data Name=""CreationUtcTime"">2023-12-27 23:00:27.972</Data>
      <Data Name=""User"">WINDEV2309EVAL\User</Data>
    </EventData>
    <RenderingInfo Culture=""en-US"">
      <Message>File created:

RuleName: DLL

UtcTime: 2023-12-27 23:00:27.972

ProcessGuid: {f57bd86a-ac8b-658c-d201-000000000f00}

ProcessId: 10416

Image: C:\Users\User\AppData\Local\GoToAssist Remote Support Expert\g2ax_expert_combined_dll_core_win32_x86_1702.exe

TargetFilename: C:\Users\User\AppData\Local\Temp\LogMeInInc\GoToAssist Remote Support Expert\1702\g2a9177.tmp\ScreenCaptureWin8Dll.dll

CreationUtcTime: 2023-12-27 23:00:27.972

User: WINDEV2309EVAL\User</Message>
      <Level>Information</Level>
      <Task>File created (rule: FileCreate)</Task>
      <Opcode>Info</Opcode>
    </RenderingInfo>
  </Event>
  
"
Microsoft-Windows-Sysmon/Operational,,,WinDev2309Eval,2023-12-27 23:00:27.972,,,,,,,,,11,19630,,,,C:\Users\User\AppData\Local\GoToAssist Remote Support Expert\g2ax_expert_combined_dll_core_win32_x86_1702.exe,,,0x8000000000000000,Information,,,"File created:

RuleName: DLL

UtcTime: 2023-12-27 23:00:27.972

ProcessGuid: {f57bd86a-ac8b-658c-d201-000000000f00}

ProcessId: 10416

Image: C:\Users\User\AppData\Local\GoToAssist Remote Support Expert\g2ax_expert_combined_dll_core_win32_x86_1702.exe

TargetFilename: C:\Users\User\AppData\Local\Temp\LogMeInInc\GoToAssist Remote Support Expert\1702\g2a9177.tmp\uninshlp.dll

CreationUtcTime: 2023-12-27 23:00:27.972

User: WINDEV2309EVAL\User",Info,,,,,,,,{f57bd86a-ac8b-658c-d201-000000000f00},3588,10416,,,,,,"
      ",DLL,,,,,,2023-12-27T23:00:27.9756445Z,C:\Users\User\AppData\Local\Temp\LogMeInInc\GoToAssist Remote Support Expert\1702\g2a9177.tmp\uninshlp.dll,,File created (rule: FileCreate),,5124,WINDEV2309EVAL\User,S-1-5-18,2023-12-27 23:00:27.972,2,"<Event xmlns=""http://schemas.microsoft.com/win/2004/08/events/event"">
    <System>
      <Provider Name=""Microsoft-Windows-Sysmon"" Guid=""{5770385f-c22a-43e0-bf4c-06f5698ffbd9}""/>
      <EventID>11</EventID>
      <Version>2</Version>
      <Level>4</Level>
      <Task>11</Task>
      <Opcode>0</Opcode>
      <Keywords>0x8000000000000000</Keywords>
      <TimeCreated SystemTime=""2023-12-27T23:00:27.9756445Z""/>
      <EventRecordID>19630</EventRecordID>
      <Correlation/>
      <Execution ProcessID=""3588"" ThreadID=""5124""/>
      <Channel>Microsoft-Windows-Sysmon/Operational</Channel>
      <Computer>WinDev2309Eval</Computer>
      <Security UserID=""S-1-5-18""/>
    </System>
    <EventData>
      <Data Name=""RuleName"">DLL</Data>
      <Data Name=""UtcTime"">2023-12-27 23:00:27.972</Data>
      <Data Name=""ProcessGuid"">{f57bd86a-ac8b-658c-d201-000000000f00}</Data>
      <Data Name=""ProcessId"">10416</Data>
      <Data Name=""Image"">C:\Users\User\AppData\Local\GoToAssist Remote Support Expert\g2ax_expert_combined_dll_core_win32_x86_1702.exe</Data>
      <Data Name=""TargetFilename"">C:\Users\User\AppData\Local\Temp\LogMeInInc\GoToAssist Remote Support Expert\1702\g2a9177.tmp\uninshlp.dll</Data>
      <Data Name=""CreationUtcTime"">2023-12-27 23:00:27.972</Data>
      <Data Name=""User"">WINDEV2309EVAL\User</Data>
    </EventData>
    <RenderingInfo Culture=""en-US"">
      <Message>File created:

RuleName: DLL

UtcTime: 2023-12-27 23:00:27.972

ProcessGuid: {f57bd86a-ac8b-658c-d201-000000000f00}

ProcessId: 10416

Image: C:\Users\User\AppData\Local\GoToAssist Remote Support Expert\g2ax_expert_combined_dll_core_win32_x86_1702.exe

TargetFilename: C:\Users\User\AppData\Local\Temp\LogMeInInc\GoToAssist Remote Support Expert\1702\g2a9177.tmp\uninshlp.dll

CreationUtcTime: 2023-12-27 23:00:27.972

User: WINDEV2309EVAL\User</Message>
      <Level>Information</Level>
      <Task>File created (rule: FileCreate)</Task>
      <Opcode>Info</Opcode>
    </RenderingInfo>
  </Event>
  
"
Microsoft-Windows-Sysmon/Operational,,,WinDev2309Eval,2023-12-27 23:00:27.972,,,,,,,,,11,19629,,,,C:\Users\User\AppData\Local\GoToAssist Remote Support Expert\g2ax_expert_combined_dll_core_win32_x86_1702.exe,,,0x8000000000000000,Information,,,"File created:

RuleName: EXE

UtcTime: 2023-12-27 23:00:27.972

ProcessGuid: {f57bd86a-ac8b-658c-d201-000000000f00}

ProcessId: 10416

Image: C:\Users\User\AppData\Local\GoToAssist Remote Support Expert\g2ax_expert_combined_dll_core_win32_x86_1702.exe

TargetFilename: C:\Users\User\AppData\Local\Temp\LogMeInInc\GoToAssist Remote Support Expert\1702\g2a9177.tmp\g2ax_installer_expert_admin.exe

CreationUtcTime: 2023-12-27 23:00:27.972

User: WINDEV2309EVAL\User",Info,,,,,,,,{f57bd86a-ac8b-658c-d201-000000000f00},3588,10416,,,,,,"
      ",EXE,,,,,,2023-12-27T23:00:27.9731302Z,C:\Users\User\AppData\Local\Temp\LogMeInInc\GoToAssist Remote Support Expert\1702\g2a9177.tmp\g2ax_installer_expert_admin.exe,,File created (rule: FileCreate),,5124,WINDEV2309EVAL\User,S-1-5-18,2023-12-27 23:00:27.972,2,"<Event xmlns=""http://schemas.microsoft.com/win/2004/08/events/event"">
    <System>
      <Provider Name=""Microsoft-Windows-Sysmon"" Guid=""{5770385f-c22a-43e0-bf4c-06f5698ffbd9}""/>
      <EventID>11</EventID>
      <Version>2</Version>
      <Level>4</Level>
      <Task>11</Task>
      <Opcode>0</Opcode>
      <Keywords>0x8000000000000000</Keywords>
      <TimeCreated SystemTime=""2023-12-27T23:00:27.9731302Z""/>
      <EventRecordID>19629</EventRecordID>
      <Correlation/>
      <Execution ProcessID=""3588"" ThreadID=""5124""/>
      <Channel>Microsoft-Windows-Sysmon/Operational</Channel>
      <Computer>WinDev2309Eval</Computer>
      <Security UserID=""S-1-5-18""/>
    </System>
    <EventData>
      <Data Name=""RuleName"">EXE</Data>
      <Data Name=""UtcTime"">2023-12-27 23:00:27.972</Data>
      <Data Name=""ProcessGuid"">{f57bd86a-ac8b-658c-d201-000000000f00}</Data>
      <Data Name=""ProcessId"">10416</Data>
      <Data Name=""Image"">C:\Users\User\AppData\Local\GoToAssist Remote Support Expert\g2ax_expert_combined_dll_core_win32_x86_1702.exe</Data>
      <Data Name=""TargetFilename"">C:\Users\User\AppData\Local\Temp\LogMeInInc\GoToAssist Remote Support Expert\1702\g2a9177.tmp\g2ax_installer_expert_admin.exe</Data>
      <Data Name=""CreationUtcTime"">2023-12-27 23:00:27.972</Data>
      <Data Name=""User"">WINDEV2309EVAL\User</Data>
    </EventData>
    <RenderingInfo Culture=""en-US"">
      <Message>File created:

RuleName: EXE

UtcTime: 2023-12-27 23:00:27.972

ProcessGuid: {f57bd86a-ac8b-658c-d201-000000000f00}

ProcessId: 10416

Image: C:\Users\User\AppData\Local\GoToAssist Remote Support Expert\g2ax_expert_combined_dll_core_win32_x86_1702.exe

TargetFilename: C:\Users\User\AppData\Local\Temp\LogMeInInc\GoToAssist Remote Support Expert\1702\g2a9177.tmp\g2ax_installer_expert_admin.exe

CreationUtcTime: 2023-12-27 23:00:27.972

User: WINDEV2309EVAL\User</Message>
      <Level>Information</Level>
      <Task>File created (rule: FileCreate)</Task>
      <Opcode>Info</Opcode>
    </RenderingInfo>
  </Event>
  
"
