Microsoft-Windows-Sysmon/Operational,"""ctfmon.exe""",Microsoft Corporation,WinDev2309Eval,,C:\Windows\system32\,CTF Loader,,1,19583,,10.0.22621.1 (WinBuild.160101.0800),"MD5=4D6ADD8B85F8E33937B8483BF5D040C1,SHA256=7E067B7DA5DA60458B5F7D5A99BC7C7C1F41999CD2559985F09267B1EC2E56EC,IMPHASH=6FD43544FB51C12382CAD7C88F550240",C:\Windows\System32\ctfmon.exe,System,0x8000000000000000,Information,{f57bd86a-36f5-658c-e703-000000000000},0x3e7,"Process Create:

RuleName: -

UtcTime: 2023-12-27 22:32:33.766

ProcessGuid: {f57bd86a-a601-658c-d301-000000000f00}

ProcessId: 5736

Image: C:\Windows\System32\ctfmon.exe

FileVersion: 10.0.22621.1 (WinBuild.160101.0800)

Description: CTF Loader

Product: Microsoft® Windows® Operating System

Company: Microsoft Corporation

OriginalFileName: CTFMON.EXE

CommandLine: ""ctfmon.exe""

CurrentDirectory: C:\Windows\system32\

User: NT AUTHORITY\SYSTEM

LogonGuid: {f57bd86a-36f5-658c-e703-000000000000}

LogonId: 0x3E7

TerminalSessionId: 1

IntegrityLevel: System

Hashes: MD5=4D6ADD8B85F8E33937B8483BF5D040C1,SHA256=7E067B7DA5DA60458B5F7D5A99BC7C7C1F41999CD2559985F09267B1EC2E56EC,IMPHASH=6FD43544FB51C12382CAD7C88F550240

ParentProcessGuid: {f57bd86a-36f7-658c-3200-000000000f00}

ParentProcessId: 2540

ParentImage: C:\Windows\System32\svchost.exe

ParentCommandLine: C:\Windows\System32\svchost.exe -k LocalSystemNetworkRestricted -p -s TextInputManagementService

ParentUser: NT AUTHORITY\SYSTEM",Info,CTFMON.EXE,C:\Windows\System32\svchost.exe -k LocalSystemNetworkRestricted -p -s TextInputManagementService,C:\Windows\System32\svchost.exe,{f57bd86a-36f7-658c-3200-000000000f00},2540,NT AUTHORITY\SYSTEM,{f57bd86a-a601-658c-d301-000000000f00},3588,5736,Microsoft® Windows® Operating System,,,,"
      ",-,2023-12-27T22:32:33.7810500Z,,,Process Create (rule: ProcessCreate),1,5124,NT AUTHORITY\SYSTEM,S-1-5-18,2023-12-27 22:32:33.766,5,"<Event xmlns=""http://schemas.microsoft.com/win/2004/08/events/event"">
    <System>
      <Provider Name=""Microsoft-Windows-Sysmon"" Guid=""{5770385f-c22a-43e0-bf4c-06f5698ffbd9}""/>
      <EventID>1</EventID>
      <Version>5</Version>
      <Level>4</Level>
      <Task>1</Task>
      <Opcode>0</Opcode>
      <Keywords>0x8000000000000000</Keywords>
      <TimeCreated SystemTime=""2023-12-27T22:32:33.7810500Z""/>
      <EventRecordID>19583</EventRecordID>
      <Correlation/>
      <Execution ProcessID=""3588"" ThreadID=""5124""/>
      <Channel>Microsoft-Windows-Sysmon/Operational</Channel>
      <Computer>WinDev2309Eval</Computer>
      <Security UserID=""S-1-5-18""/>
    </System>
    <EventData>
      <Data Name=""RuleName"">-</Data>
      <Data Name=""UtcTime"">2023-12-27 22:32:33.766</Data>
      <Data Name=""ProcessGuid"">{f57bd86a-a601-658c-d301-000000000f00}</Data>
      <Data Name=""ProcessId"">5736</Data>
      <Data Name=""Image"">C:\Windows\System32\ctfmon.exe</Data>
      <Data Name=""FileVersion"">10.0.22621.1 (WinBuild.160101.0800)</Data>
      <Data Name=""Description"">CTF Loader</Data>
      <Data Name=""Product"">Microsoft&#174; Windows&#174; Operating System</Data>
      <Data Name=""Company"">Microsoft Corporation</Data>
      <Data Name=""OriginalFileName"">CTFMON.EXE</Data>
      <Data Name=""CommandLine"">""ctfmon.exe""</Data>
      <Data Name=""CurrentDirectory"">C:\Windows\system32\</Data>
      <Data Name=""User"">NT AUTHORITY\SYSTEM</Data>
      <Data Name=""LogonGuid"">{f57bd86a-36f5-658c-e703-000000000000}</Data>
      <Data Name=""LogonId"">0x3e7</Data>
      <Data Name=""TerminalSessionId"">1</Data>
      <Data Name=""IntegrityLevel"">System</Data>
      <Data Name=""Hashes"">MD5=4D6ADD8B85F8E33937B8483BF5D040C1,SHA256=7E067B7DA5DA60458B5F7D5A99BC7C7C1F41999CD2559985F09267B1EC2E56EC,IMPHASH=6FD43544FB51C12382CAD7C88F550240</Data>
      <Data Name=""ParentProcessGuid"">{f57bd86a-36f7-658c-3200-000000000f00}</Data>
      <Data Name=""ParentProcessId"">2540</Data>
      <Data Name=""ParentImage"">C:\Windows\System32\svchost.exe</Data>
      <Data Name=""ParentCommandLine"">C:\Windows\System32\svchost.exe -k LocalSystemNetworkRestricted -p -s TextInputManagementService</Data>
      <Data Name=""ParentUser"">NT AUTHORITY\SYSTEM</Data>
    </EventData>
    <RenderingInfo Culture=""en-US"">
      <Message>Process Create:

RuleName: -

UtcTime: 2023-12-27 22:32:33.766

ProcessGuid: {f57bd86a-a601-658c-d301-000000000f00}

ProcessId: 5736

Image: C:\Windows\System32\ctfmon.exe

FileVersion: 10.0.22621.1 (WinBuild.160101.0800)

Description: CTF Loader

Product: Microsoft&#174; Windows&#174; Operating System

Company: Microsoft Corporation

OriginalFileName: CTFMON.EXE

CommandLine: ""ctfmon.exe""

CurrentDirectory: C:\Windows\system32\

User: NT AUTHORITY\SYSTEM

LogonGuid: {f57bd86a-36f5-658c-e703-000000000000}

LogonId: 0x3E7

TerminalSessionId: 1

IntegrityLevel: System

Hashes: MD5=4D6ADD8B85F8E33937B8483BF5D040C1,SHA256=7E067B7DA5DA60458B5F7D5A99BC7C7C1F41999CD2559985F09267B1EC2E56EC,IMPHASH=6FD43544FB51C12382CAD7C88F550240

ParentProcessGuid: {f57bd86a-36f7-658c-3200-000000000f00}

ParentProcessId: 2540

ParentImage: C:\Windows\System32\svchost.exe

ParentCommandLine: C:\Windows\System32\svchost.exe -k LocalSystemNetworkRestricted -p -s TextInputManagementService

ParentUser: NT AUTHORITY\SYSTEM</Message>
      <Level>Information</Level>
      <Task>Process Create (rule: ProcessCreate)</Task>
      <Opcode>Info</Opcode>
    </RenderingInfo>
  </Event>
  
"
Microsoft-Windows-Sysmon/Operational,consent.exe 6032 490 000001B71E66D670,Microsoft Corporation,WinDev2309Eval,,C:\Windows\system32\,Consent UI for administrative applications,,1,19582,,10.0.22621.2506 (WinBuild.160101.0800),"MD5=8F81A5DDAA613AE681DA25B86F727E6B,SHA256=8191FB83695F7B60B9D2D137B571EA6FFE34ED6DFAE48866BFBDC934806D5229,IMPHASH=5D0C875DBD930A73D5A983016E384930",C:\Windows\System32\consent.exe,System,0x8000000000000000,Information,{f57bd86a-36f5-658c-e703-000000000000},0x3e7,"Process Create:

RuleName: -

UtcTime: 2023-12-27 22:32:33.518

ProcessGuid: {f57bd86a-a601-658c-d101-000000000f00}

ProcessId: 1640

Image: C:\Windows\System32\consent.exe

FileVersion: 10.0.22621.2506 (WinBuild.160101.0800)

Description: Consent UI for administrative applications

Product: Microsoft® Windows® Operating System

Company: Microsoft Corporation

OriginalFileName: consent.exe

CommandLine: consent.exe 6032 490 000001B71E66D670

CurrentDirectory: C:\Windows\system32\

User: NT AUTHORITY\SYSTEM

LogonGuid: {f57bd86a-36f5-658c-e703-000000000000}

LogonId: 0x3E7

TerminalSessionId: 1

IntegrityLevel: System

Hashes: MD5=8F81A5DDAA613AE681DA25B86F727E6B,SHA256=8191FB83695F7B60B9D2D137B571EA6FFE34ED6DFAE48866BFBDC934806D5229,IMPHASH=5D0C875DBD930A73D5A983016E384930

ParentProcessGuid: {f57bd86a-36fc-658c-7f00-000000000f00}

ParentProcessId: 6032

ParentImage: C:\Windows\System32\svchost.exe

ParentCommandLine: C:\Windows\system32\svchost.exe -k netsvcs -p -s Appinfo

ParentUser: NT AUTHORITY\SYSTEM",Info,consent.exe,C:\Windows\system32\svchost.exe -k netsvcs -p -s Appinfo,C:\Windows\System32\svchost.exe,{f57bd86a-36fc-658c-7f00-000000000f00},6032,NT AUTHORITY\SYSTEM,{f57bd86a-a601-658c-d101-000000000f00},3588,1640,Microsoft® Windows® Operating System,,,,"
      ",-,2023-12-27T22:32:33.5204710Z,,,Process Create (rule: ProcessCreate),1,5124,NT AUTHORITY\SYSTEM,S-1-5-18,2023-12-27 22:32:33.518,5,"<Event xmlns=""http://schemas.microsoft.com/win/2004/08/events/event"">
    <System>
      <Provider Name=""Microsoft-Windows-Sysmon"" Guid=""{5770385f-c22a-43e0-bf4c-06f5698ffbd9}""/>
      <EventID>1</EventID>
      <Version>5</Version>
      <Level>4</Level>
      <Task>1</Task>
      <Opcode>0</Opcode>
      <Keywords>0x8000000000000000</Keywords>
      <TimeCreated SystemTime=""2023-12-27T22:32:33.5204710Z""/>
      <EventRecordID>19582</EventRecordID>
      <Correlation/>
      <Execution ProcessID=""3588"" ThreadID=""5124""/>
      <Channel>Microsoft-Windows-Sysmon/Operational</Channel>
      <Computer>WinDev2309Eval</Computer>
      <Security UserID=""S-1-5-18""/>
    </System>
    <EventData>
      <Data Name=""RuleName"">-</Data>
      <Data Name=""UtcTime"">2023-12-27 22:32:33.518</Data>
      <Data Name=""ProcessGuid"">{f57bd86a-a601-658c-d101-000000000f00}</Data>
      <Data Name=""ProcessId"">1640</Data>
      <Data Name=""Image"">C:\Windows\System32\consent.exe</Data>
      <Data Name=""FileVersion"">10.0.22621.2506 (WinBuild.160101.0800)</Data>
      <Data Name=""Description"">Consent UI for administrative applications</Data>
      <Data Name=""Product"">Microsoft&#174; Windows&#174; Operating System</Data>
      <Data Name=""Company"">Microsoft Corporation</Data>
      <Data Name=""OriginalFileName"">consent.exe</Data>
      <Data Name=""CommandLine"">consent.exe 6032 490 000001B71E66D670</Data>
      <Data Name=""CurrentDirectory"">C:\Windows\system32\</Data>
      <Data Name=""User"">NT AUTHORITY\SYSTEM</Data>
      <Data Name=""LogonGuid"">{f57bd86a-36f5-658c-e703-000000000000}</Data>
      <Data Name=""LogonId"">0x3e7</Data>
      <Data Name=""TerminalSessionId"">1</Data>
      <Data Name=""IntegrityLevel"">System</Data>
      <Data Name=""Hashes"">MD5=8F81A5DDAA613AE681DA25B86F727E6B,SHA256=8191FB83695F7B60B9D2D137B571EA6FFE34ED6DFAE48866BFBDC934806D5229,IMPHASH=5D0C875DBD930A73D5A983016E384930</Data>
      <Data Name=""ParentProcessGuid"">{f57bd86a-36fc-658c-7f00-000000000f00}</Data>
      <Data Name=""ParentProcessId"">6032</Data>
      <Data Name=""ParentImage"">C:\Windows\System32\svchost.exe</Data>
      <Data Name=""ParentCommandLine"">C:\Windows\system32\svchost.exe -k netsvcs -p -s Appinfo</Data>
      <Data Name=""ParentUser"">NT AUTHORITY\SYSTEM</Data>
    </EventData>
    <RenderingInfo Culture=""en-US"">
      <Message>Process Create:

RuleName: -

UtcTime: 2023-12-27 22:32:33.518

ProcessGuid: {f57bd86a-a601-658c-d101-000000000f00}

ProcessId: 1640

Image: C:\Windows\System32\consent.exe

FileVersion: 10.0.22621.2506 (WinBuild.160101.0800)

Description: Consent UI for administrative applications

Product: Microsoft&#174; Windows&#174; Operating System

Company: Microsoft Corporation

OriginalFileName: consent.exe

CommandLine: consent.exe 6032 490 000001B71E66D670

CurrentDirectory: C:\Windows\system32\

User: NT AUTHORITY\SYSTEM

LogonGuid: {f57bd86a-36f5-658c-e703-000000000000}

LogonId: 0x3E7

TerminalSessionId: 1

IntegrityLevel: System

Hashes: MD5=8F81A5DDAA613AE681DA25B86F727E6B,SHA256=8191FB83695F7B60B9D2D137B571EA6FFE34ED6DFAE48866BFBDC934806D5229,IMPHASH=5D0C875DBD930A73D5A983016E384930

ParentProcessGuid: {f57bd86a-36fc-658c-7f00-000000000f00}

ParentProcessId: 6032

ParentImage: C:\Windows\System32\svchost.exe

ParentCommandLine: C:\Windows\system32\svchost.exe -k netsvcs -p -s Appinfo

ParentUser: NT AUTHORITY\SYSTEM</Message>
      <Level>Information</Level>
      <Task>Process Create (rule: ProcessCreate)</Task>
      <Opcode>Info</Opcode>
    </RenderingInfo>
  </Event>
  
"
Microsoft-Windows-Sysmon/Operational,"""C:\Windows\system32\InfDefaultInstall.exe""  ""C:\AtomicRedTeam\atomics\T1218\src\Infdefaultinstall.inf""",Microsoft Corporation,WinDev2309Eval,,C:\Users\User\AppData\Local\Temp\,INF Default Install,,1,19581,,5.2.3668.0,"MD5=CC203F9952F393B54F5457D8928DCE15,SHA256=D6A03550FBD2313A8B1F4E71180BF27DB436A86BD54660E4A6C6B6707BDF8D63,IMPHASH=85E247AC00016C5D35435F22FC7AB82E",C:\Windows\System32\InfDefaultInstall.exe,Medium,0x8000000000000000,Information,{f57bd86a-36f9-658c-7bf8-020000000000},0x2f87b,"Process Create:

RuleName: -

UtcTime: 2023-12-27 22:32:33.502

ProcessGuid: {f57bd86a-a601-658c-d001-000000000f00}

ProcessId: 9952

Image: C:\Windows\System32\InfDefaultInstall.exe

FileVersion: 5.2.3668.0

Description: INF Default Install

Product: Microsoft® Windows® Operating System

Company: Microsoft Corporation

OriginalFileName: InfDefaultInstall.EXE

CommandLine: ""C:\Windows\system32\InfDefaultInstall.exe""  ""C:\AtomicRedTeam\atomics\T1218\src\Infdefaultinstall.inf""

CurrentDirectory: C:\Users\User\AppData\Local\Temp\

User: WINDEV2309EVAL\User

LogonGuid: {f57bd86a-36f9-658c-7bf8-020000000000}

LogonId: 0x2F87B

TerminalSessionId: 1

IntegrityLevel: Medium

Hashes: MD5=CC203F9952F393B54F5457D8928DCE15,SHA256=D6A03550FBD2313A8B1F4E71180BF27DB436A86BD54660E4A6C6B6707BDF8D63,IMPHASH=85E247AC00016C5D35435F22FC7AB82E

ParentProcessGuid: {f57bd86a-a601-658c-cd01-000000000f00}

ParentProcessId: 7920

ParentImage: C:\Windows\System32\cmd.exe

ParentCommandLine: ""cmd.exe"" /c InfDefaultInstall.exe ""C:\AtomicRedTeam\atomics\T1218\src\Infdefaultinstall.inf""

ParentUser: WINDEV2309EVAL\User",Info,InfDefaultInstall.EXE,"""cmd.exe"" /c InfDefaultInstall.exe ""C:\AtomicRedTeam\atomics\T1218\src\Infdefaultinstall.inf""",C:\Windows\System32\cmd.exe,{f57bd86a-a601-658c-cd01-000000000f00},7920,WINDEV2309EVAL\User,{f57bd86a-a601-658c-d001-000000000f00},3588,9952,Microsoft® Windows® Operating System,,,,"
      ",-,2023-12-27T22:32:33.5031443Z,,,Process Create (rule: ProcessCreate),1,5124,WINDEV2309EVAL\User,S-1-5-18,2023-12-27 22:32:33.502,5,"<Event xmlns=""http://schemas.microsoft.com/win/2004/08/events/event"">
    <System>
      <Provider Name=""Microsoft-Windows-Sysmon"" Guid=""{5770385f-c22a-43e0-bf4c-06f5698ffbd9}""/>
      <EventID>1</EventID>
      <Version>5</Version>
      <Level>4</Level>
      <Task>1</Task>
      <Opcode>0</Opcode>
      <Keywords>0x8000000000000000</Keywords>
      <TimeCreated SystemTime=""2023-12-27T22:32:33.5031443Z""/>
      <EventRecordID>19581</EventRecordID>
      <Correlation/>
      <Execution ProcessID=""3588"" ThreadID=""5124""/>
      <Channel>Microsoft-Windows-Sysmon/Operational</Channel>
      <Computer>WinDev2309Eval</Computer>
      <Security UserID=""S-1-5-18""/>
    </System>
    <EventData>
      <Data Name=""RuleName"">-</Data>
      <Data Name=""UtcTime"">2023-12-27 22:32:33.502</Data>
      <Data Name=""ProcessGuid"">{f57bd86a-a601-658c-d001-000000000f00}</Data>
      <Data Name=""ProcessId"">9952</Data>
      <Data Name=""Image"">C:\Windows\System32\InfDefaultInstall.exe</Data>
      <Data Name=""FileVersion"">5.2.3668.0</Data>
      <Data Name=""Description"">INF Default Install</Data>
      <Data Name=""Product"">Microsoft&#174; Windows&#174; Operating System</Data>
      <Data Name=""Company"">Microsoft Corporation</Data>
      <Data Name=""OriginalFileName"">InfDefaultInstall.EXE</Data>
      <Data Name=""CommandLine"">""C:\Windows\system32\InfDefaultInstall.exe""  ""C:\AtomicRedTeam\atomics\T1218\src\Infdefaultinstall.inf""</Data>
      <Data Name=""CurrentDirectory"">C:\Users\User\AppData\Local\Temp\</Data>
      <Data Name=""User"">WINDEV2309EVAL\User</Data>
      <Data Name=""LogonGuid"">{f57bd86a-36f9-658c-7bf8-020000000000}</Data>
      <Data Name=""LogonId"">0x2f87b</Data>
      <Data Name=""TerminalSessionId"">1</Data>
      <Data Name=""IntegrityLevel"">Medium</Data>
      <Data Name=""Hashes"">MD5=CC203F9952F393B54F5457D8928DCE15,SHA256=D6A03550FBD2313A8B1F4E71180BF27DB436A86BD54660E4A6C6B6707BDF8D63,IMPHASH=85E247AC00016C5D35435F22FC7AB82E</Data>
      <Data Name=""ParentProcessGuid"">{f57bd86a-a601-658c-cd01-000000000f00}</Data>
      <Data Name=""ParentProcessId"">7920</Data>
      <Data Name=""ParentImage"">C:\Windows\System32\cmd.exe</Data>
      <Data Name=""ParentCommandLine"">""cmd.exe"" /c InfDefaultInstall.exe ""C:\AtomicRedTeam\atomics\T1218\src\Infdefaultinstall.inf""</Data>
      <Data Name=""ParentUser"">WINDEV2309EVAL\User</Data>
    </EventData>
    <RenderingInfo Culture=""en-US"">
      <Message>Process Create:

RuleName: -

UtcTime: 2023-12-27 22:32:33.502

ProcessGuid: {f57bd86a-a601-658c-d001-000000000f00}

ProcessId: 9952

Image: C:\Windows\System32\InfDefaultInstall.exe

FileVersion: 5.2.3668.0

Description: INF Default Install

Product: Microsoft&#174; Windows&#174; Operating System

Company: Microsoft Corporation

OriginalFileName: InfDefaultInstall.EXE

CommandLine: ""C:\Windows\system32\InfDefaultInstall.exe""  ""C:\AtomicRedTeam\atomics\T1218\src\Infdefaultinstall.inf""

CurrentDirectory: C:\Users\User\AppData\Local\Temp\

User: WINDEV2309EVAL\User

LogonGuid: {f57bd86a-36f9-658c-7bf8-020000000000}

LogonId: 0x2F87B

TerminalSessionId: 1

IntegrityLevel: Medium

Hashes: MD5=CC203F9952F393B54F5457D8928DCE15,SHA256=D6A03550FBD2313A8B1F4E71180BF27DB436A86BD54660E4A6C6B6707BDF8D63,IMPHASH=85E247AC00016C5D35435F22FC7AB82E

ParentProcessGuid: {f57bd86a-a601-658c-cd01-000000000f00}

ParentProcessId: 7920

ParentImage: C:\Windows\System32\cmd.exe

ParentCommandLine: ""cmd.exe"" /c InfDefaultInstall.exe ""C:\AtomicRedTeam\atomics\T1218\src\Infdefaultinstall.inf""

ParentUser: WINDEV2309EVAL\User</Message>
      <Level>Information</Level>
      <Task>Process Create (rule: ProcessCreate)</Task>
      <Opcode>Info</Opcode>
    </RenderingInfo>
  </Event>
  
"
Microsoft-Windows-Sysmon/Operational,"InfDefaultInstall.exe  ""C:\AtomicRedTeam\atomics\T1218\src\Infdefaultinstall.inf""",Microsoft Corporation,WinDev2309Eval,,C:\Users\User\AppData\Local\Temp\,INF Default Install,,1,19580,,5.2.3668.0,"MD5=CC203F9952F393B54F5457D8928DCE15,SHA256=D6A03550FBD2313A8B1F4E71180BF27DB436A86BD54660E4A6C6B6707BDF8D63,IMPHASH=85E247AC00016C5D35435F22FC7AB82E",C:\Windows\System32\InfDefaultInstall.exe,Medium,0x8000000000000000,Information,{f57bd86a-36f9-658c-7bf8-020000000000},0x2f87b,"Process Create:

RuleName: -

UtcTime: 2023-12-27 22:32:33.404

ProcessGuid: {f57bd86a-a601-658c-cf01-000000000f00}

ProcessId: 8852

Image: C:\Windows\System32\InfDefaultInstall.exe

FileVersion: 5.2.3668.0

Description: INF Default Install

Product: Microsoft® Windows® Operating System

Company: Microsoft Corporation

OriginalFileName: InfDefaultInstall.EXE

CommandLine: InfDefaultInstall.exe  ""C:\AtomicRedTeam\atomics\T1218\src\Infdefaultinstall.inf""

CurrentDirectory: C:\Users\User\AppData\Local\Temp\

User: WINDEV2309EVAL\User

LogonGuid: {f57bd86a-36f9-658c-7bf8-020000000000}

LogonId: 0x2F87B

TerminalSessionId: 1

IntegrityLevel: Medium

Hashes: MD5=CC203F9952F393B54F5457D8928DCE15,SHA256=D6A03550FBD2313A8B1F4E71180BF27DB436A86BD54660E4A6C6B6707BDF8D63,IMPHASH=85E247AC00016C5D35435F22FC7AB82E

ParentProcessGuid: {f57bd86a-a601-658c-cd01-000000000f00}

ParentProcessId: 7920

ParentImage: C:\Windows\System32\cmd.exe

ParentCommandLine: ""cmd.exe"" /c InfDefaultInstall.exe ""C:\AtomicRedTeam\atomics\T1218\src\Infdefaultinstall.inf""

ParentUser: WINDEV2309EVAL\User",Info,InfDefaultInstall.EXE,"""cmd.exe"" /c InfDefaultInstall.exe ""C:\AtomicRedTeam\atomics\T1218\src\Infdefaultinstall.inf""",C:\Windows\System32\cmd.exe,{f57bd86a-a601-658c-cd01-000000000f00},7920,WINDEV2309EVAL\User,{f57bd86a-a601-658c-cf01-000000000f00},3588,8852,Microsoft® Windows® Operating System,,,,"
      ",-,2023-12-27T22:32:33.4070785Z,,,Process Create (rule: ProcessCreate),1,5124,WINDEV2309EVAL\User,S-1-5-18,2023-12-27 22:32:33.404,5,"<Event xmlns=""http://schemas.microsoft.com/win/2004/08/events/event"">
    <System>
      <Provider Name=""Microsoft-Windows-Sysmon"" Guid=""{5770385f-c22a-43e0-bf4c-06f5698ffbd9}""/>
      <EventID>1</EventID>
      <Version>5</Version>
      <Level>4</Level>
      <Task>1</Task>
      <Opcode>0</Opcode>
      <Keywords>0x8000000000000000</Keywords>
      <TimeCreated SystemTime=""2023-12-27T22:32:33.4070785Z""/>
      <EventRecordID>19580</EventRecordID>
      <Correlation/>
      <Execution ProcessID=""3588"" ThreadID=""5124""/>
      <Channel>Microsoft-Windows-Sysmon/Operational</Channel>
      <Computer>WinDev2309Eval</Computer>
      <Security UserID=""S-1-5-18""/>
    </System>
    <EventData>
      <Data Name=""RuleName"">-</Data>
      <Data Name=""UtcTime"">2023-12-27 22:32:33.404</Data>
      <Data Name=""ProcessGuid"">{f57bd86a-a601-658c-cf01-000000000f00}</Data>
      <Data Name=""ProcessId"">8852</Data>
      <Data Name=""Image"">C:\Windows\System32\InfDefaultInstall.exe</Data>
      <Data Name=""FileVersion"">5.2.3668.0</Data>
      <Data Name=""Description"">INF Default Install</Data>
      <Data Name=""Product"">Microsoft&#174; Windows&#174; Operating System</Data>
      <Data Name=""Company"">Microsoft Corporation</Data>
      <Data Name=""OriginalFileName"">InfDefaultInstall.EXE</Data>
      <Data Name=""CommandLine"">InfDefaultInstall.exe  ""C:\AtomicRedTeam\atomics\T1218\src\Infdefaultinstall.inf""</Data>
      <Data Name=""CurrentDirectory"">C:\Users\User\AppData\Local\Temp\</Data>
      <Data Name=""User"">WINDEV2309EVAL\User</Data>
      <Data Name=""LogonGuid"">{f57bd86a-36f9-658c-7bf8-020000000000}</Data>
      <Data Name=""LogonId"">0x2f87b</Data>
      <Data Name=""TerminalSessionId"">1</Data>
      <Data Name=""IntegrityLevel"">Medium</Data>
      <Data Name=""Hashes"">MD5=CC203F9952F393B54F5457D8928DCE15,SHA256=D6A03550FBD2313A8B1F4E71180BF27DB436A86BD54660E4A6C6B6707BDF8D63,IMPHASH=85E247AC00016C5D35435F22FC7AB82E</Data>
      <Data Name=""ParentProcessGuid"">{f57bd86a-a601-658c-cd01-000000000f00}</Data>
      <Data Name=""ParentProcessId"">7920</Data>
      <Data Name=""ParentImage"">C:\Windows\System32\cmd.exe</Data>
      <Data Name=""ParentCommandLine"">""cmd.exe"" /c InfDefaultInstall.exe ""C:\AtomicRedTeam\atomics\T1218\src\Infdefaultinstall.inf""</Data>
      <Data Name=""ParentUser"">WINDEV2309EVAL\User</Data>
    </EventData>
    <RenderingInfo Culture=""en-US"">
      <Message>Process Create:

RuleName: -

UtcTime: 2023-12-27 22:32:33.404

ProcessGuid: {f57bd86a-a601-658c-cf01-000000000f00}

ProcessId: 8852

Image: C:\Windows\System32\InfDefaultInstall.exe

FileVersion: 5.2.3668.0

Description: INF Default Install

Product: Microsoft&#174; Windows&#174; Operating System

Company: Microsoft Corporation

OriginalFileName: InfDefaultInstall.EXE

CommandLine: InfDefaultInstall.exe  ""C:\AtomicRedTeam\atomics\T1218\src\Infdefaultinstall.inf""

CurrentDirectory: C:\Users\User\AppData\Local\Temp\

User: WINDEV2309EVAL\User

LogonGuid: {f57bd86a-36f9-658c-7bf8-020000000000}

LogonId: 0x2F87B

TerminalSessionId: 1

IntegrityLevel: Medium

Hashes: MD5=CC203F9952F393B54F5457D8928DCE15,SHA256=D6A03550FBD2313A8B1F4E71180BF27DB436A86BD54660E4A6C6B6707BDF8D63,IMPHASH=85E247AC00016C5D35435F22FC7AB82E

ParentProcessGuid: {f57bd86a-a601-658c-cd01-000000000f00}

ParentProcessId: 7920

ParentImage: C:\Windows\System32\cmd.exe

ParentCommandLine: ""cmd.exe"" /c InfDefaultInstall.exe ""C:\AtomicRedTeam\atomics\T1218\src\Infdefaultinstall.inf""

ParentUser: WINDEV2309EVAL\User</Message>
      <Level>Information</Level>
      <Task>Process Create (rule: ProcessCreate)</Task>
      <Opcode>Info</Opcode>
    </RenderingInfo>
  </Event>
  
"
Microsoft-Windows-Sysmon/Operational,"""cmd.exe"" /c InfDefaultInstall.exe ""C:\AtomicRedTeam\atomics\T1218\src\Infdefaultinstall.inf""",Microsoft Corporation,WinDev2309Eval,,C:\Users\User\AppData\Local\Temp\,Windows Command Processor,,1,19579,,10.0.22621.2506 (WinBuild.160101.0800),"MD5=133D568ECCB557E37BEA1459521CBAC2,SHA256=05A30592D2C3421C41121145C6EEFA7C81FEA6B42D6233A522240A8468326B9C,IMPHASH=D73E39DAB3C8B57AA408073D01254964",C:\Windows\System32\cmd.exe,Medium,0x8000000000000000,Information,{f57bd86a-36f9-658c-7bf8-020000000000},0x2f87b,"Process Create:

RuleName: -

UtcTime: 2023-12-27 22:32:33.350

ProcessGuid: {f57bd86a-a601-658c-cd01-000000000f00}

ProcessId: 7920

Image: C:\Windows\System32\cmd.exe

FileVersion: 10.0.22621.2506 (WinBuild.160101.0800)

Description: Windows Command Processor

Product: Microsoft® Windows® Operating System

Company: Microsoft Corporation

OriginalFileName: Cmd.Exe

CommandLine: ""cmd.exe"" /c InfDefaultInstall.exe ""C:\AtomicRedTeam\atomics\T1218\src\Infdefaultinstall.inf""

CurrentDirectory: C:\Users\User\AppData\Local\Temp\

User: WINDEV2309EVAL\User

LogonGuid: {f57bd86a-36f9-658c-7bf8-020000000000}

LogonId: 0x2F87B

TerminalSessionId: 1

IntegrityLevel: Medium

Hashes: MD5=133D568ECCB557E37BEA1459521CBAC2,SHA256=05A30592D2C3421C41121145C6EEFA7C81FEA6B42D6233A522240A8468326B9C,IMPHASH=D73E39DAB3C8B57AA408073D01254964

ParentProcessGuid: {00000000-0000-0000-0000-000000000000}

ParentProcessId: 1688

ParentImage: -

ParentCommandLine: -

ParentUser: -",Info,Cmd.Exe,-,-,{00000000-0000-0000-0000-000000000000},1688,-,{f57bd86a-a601-658c-cd01-000000000f00},3588,7920,Microsoft® Windows® Operating System,,,,"
      ",-,2023-12-27T22:32:33.3528118Z,,,Process Create (rule: ProcessCreate),1,5124,WINDEV2309EVAL\User,S-1-5-18,2023-12-27 22:32:33.350,5,"<Event xmlns=""http://schemas.microsoft.com/win/2004/08/events/event"">
    <System>
      <Provider Name=""Microsoft-Windows-Sysmon"" Guid=""{5770385f-c22a-43e0-bf4c-06f5698ffbd9}""/>
      <EventID>1</EventID>
      <Version>5</Version>
      <Level>4</Level>
      <Task>1</Task>
      <Opcode>0</Opcode>
      <Keywords>0x8000000000000000</Keywords>
      <TimeCreated SystemTime=""2023-12-27T22:32:33.3528118Z""/>
      <EventRecordID>19579</EventRecordID>
      <Correlation/>
      <Execution ProcessID=""3588"" ThreadID=""5124""/>
      <Channel>Microsoft-Windows-Sysmon/Operational</Channel>
      <Computer>WinDev2309Eval</Computer>
      <Security UserID=""S-1-5-18""/>
    </System>
    <EventData>
      <Data Name=""RuleName"">-</Data>
      <Data Name=""UtcTime"">2023-12-27 22:32:33.350</Data>
      <Data Name=""ProcessGuid"">{f57bd86a-a601-658c-cd01-000000000f00}</Data>
      <Data Name=""ProcessId"">7920</Data>
      <Data Name=""Image"">C:\Windows\System32\cmd.exe</Data>
      <Data Name=""FileVersion"">10.0.22621.2506 (WinBuild.160101.0800)</Data>
      <Data Name=""Description"">Windows Command Processor</Data>
      <Data Name=""Product"">Microsoft&#174; Windows&#174; Operating System</Data>
      <Data Name=""Company"">Microsoft Corporation</Data>
      <Data Name=""OriginalFileName"">Cmd.Exe</Data>
      <Data Name=""CommandLine"">""cmd.exe"" /c InfDefaultInstall.exe ""C:\AtomicRedTeam\atomics\T1218\src\Infdefaultinstall.inf""</Data>
      <Data Name=""CurrentDirectory"">C:\Users\User\AppData\Local\Temp\</Data>
      <Data Name=""User"">WINDEV2309EVAL\User</Data>
      <Data Name=""LogonGuid"">{f57bd86a-36f9-658c-7bf8-020000000000}</Data>
      <Data Name=""LogonId"">0x2f87b</Data>
      <Data Name=""TerminalSessionId"">1</Data>
      <Data Name=""IntegrityLevel"">Medium</Data>
      <Data Name=""Hashes"">MD5=133D568ECCB557E37BEA1459521CBAC2,SHA256=05A30592D2C3421C41121145C6EEFA7C81FEA6B42D6233A522240A8468326B9C,IMPHASH=D73E39DAB3C8B57AA408073D01254964</Data>
      <Data Name=""ParentProcessGuid"">{00000000-0000-0000-0000-000000000000}</Data>
      <Data Name=""ParentProcessId"">1688</Data>
      <Data Name=""ParentImage"">-</Data>
      <Data Name=""ParentCommandLine"">-</Data>
      <Data Name=""ParentUser"">-</Data>
    </EventData>
    <RenderingInfo Culture=""en-US"">
      <Message>Process Create:

RuleName: -

UtcTime: 2023-12-27 22:32:33.350

ProcessGuid: {f57bd86a-a601-658c-cd01-000000000f00}

ProcessId: 7920

Image: C:\Windows\System32\cmd.exe

FileVersion: 10.0.22621.2506 (WinBuild.160101.0800)

Description: Windows Command Processor

Product: Microsoft&#174; Windows&#174; Operating System

Company: Microsoft Corporation

OriginalFileName: Cmd.Exe

CommandLine: ""cmd.exe"" /c InfDefaultInstall.exe ""C:\AtomicRedTeam\atomics\T1218\src\Infdefaultinstall.inf""

CurrentDirectory: C:\Users\User\AppData\Local\Temp\

User: WINDEV2309EVAL\User

LogonGuid: {f57bd86a-36f9-658c-7bf8-020000000000}

LogonId: 0x2F87B

TerminalSessionId: 1

IntegrityLevel: Medium

Hashes: MD5=133D568ECCB557E37BEA1459521CBAC2,SHA256=05A30592D2C3421C41121145C6EEFA7C81FEA6B42D6233A522240A8468326B9C,IMPHASH=D73E39DAB3C8B57AA408073D01254964

ParentProcessGuid: {00000000-0000-0000-0000-000000000000}

ParentProcessId: 1688

ParentImage: -

ParentCommandLine: -

ParentUser: -</Message>
      <Level>Information</Level>
      <Task>Process Create (rule: ProcessCreate)</Task>
      <Opcode>Info</Opcode>
    </RenderingInfo>
  </Event>
  
"
Microsoft-Windows-Sysmon/Operational,\\?\C:\Windows\System32\SecurityHealth\1.0.2306.10002-0\SecurityHealthHost.exe {08728914-3F57-4D52-9E31-49DAECA5A80A} -Embedding,Microsoft Corporation,WinDev2309Eval,,C:\Windows\system32\,Windows Security Health Host,,1,19578,,10.0.25873.1001 (WinBuild.160101.0800),"MD5=193DC58240D8AC4EC1618FFAE14CAE71,SHA256=8D771C8A91614B85416B3EB328460E80183B38F2DC35C7A26578206AF145F419,IMPHASH=FBC9E5DE00516A75FFF7C4A11857FB1D",C:\Windows\System32\SecurityHealth\1.0.2306.10002-0\SecurityHealthHost.exe,Medium,0x8000000000000000,Information,{f57bd86a-36f9-658c-7bf8-020000000000},0x2f87b,"Process Create:

RuleName: -

UtcTime: 2023-12-27 22:32:33.141

ProcessGuid: {f57bd86a-a601-658c-cc01-000000000f00}

ProcessId: 5336

Image: C:\Windows\System32\SecurityHealth\1.0.2306.10002-0\SecurityHealthHost.exe

FileVersion: 10.0.25873.1001 (WinBuild.160101.0800)

Description: Windows Security Health Host

Product: Microsoft® Windows® Operating System

Company: Microsoft Corporation

OriginalFileName: SecurityHealthHost.exe

CommandLine: \\?\C:\Windows\System32\SecurityHealth\1.0.2306.10002-0\SecurityHealthHost.exe {08728914-3F57-4D52-9E31-49DAECA5A80A} -Embedding

CurrentDirectory: C:\Windows\system32\

User: WINDEV2309EVAL\User

LogonGuid: {f57bd86a-36f9-658c-7bf8-020000000000}

LogonId: 0x2F87B

TerminalSessionId: 1

IntegrityLevel: Medium

Hashes: MD5=193DC58240D8AC4EC1618FFAE14CAE71,SHA256=8D771C8A91614B85416B3EB328460E80183B38F2DC35C7A26578206AF145F419,IMPHASH=FBC9E5DE00516A75FFF7C4A11857FB1D

ParentProcessGuid: {f57bd86a-36f5-658c-0d00-000000000f00}

ParentProcessId: 932

ParentImage: C:\Windows\System32\svchost.exe

ParentCommandLine: C:\Windows\system32\svchost.exe -k DcomLaunch -p

ParentUser: NT AUTHORITY\SYSTEM",Info,SecurityHealthHost.exe,C:\Windows\system32\svchost.exe -k DcomLaunch -p,C:\Windows\System32\svchost.exe,{f57bd86a-36f5-658c-0d00-000000000f00},932,NT AUTHORITY\SYSTEM,{f57bd86a-a601-658c-cc01-000000000f00},3588,5336,Microsoft® Windows® Operating System,,,,"
      ",-,2023-12-27T22:32:33.1434212Z,,,Process Create (rule: ProcessCreate),1,5124,WINDEV2309EVAL\User,S-1-5-18,2023-12-27 22:32:33.141,5,"<Event xmlns=""http://schemas.microsoft.com/win/2004/08/events/event"">
    <System>
      <Provider Name=""Microsoft-Windows-Sysmon"" Guid=""{5770385f-c22a-43e0-bf4c-06f5698ffbd9}""/>
      <EventID>1</EventID>
      <Version>5</Version>
      <Level>4</Level>
      <Task>1</Task>
      <Opcode>0</Opcode>
      <Keywords>0x8000000000000000</Keywords>
      <TimeCreated SystemTime=""2023-12-27T22:32:33.1434212Z""/>
      <EventRecordID>19578</EventRecordID>
      <Correlation/>
      <Execution ProcessID=""3588"" ThreadID=""5124""/>
      <Channel>Microsoft-Windows-Sysmon/Operational</Channel>
      <Computer>WinDev2309Eval</Computer>
      <Security UserID=""S-1-5-18""/>
    </System>
    <EventData>
      <Data Name=""RuleName"">-</Data>
      <Data Name=""UtcTime"">2023-12-27 22:32:33.141</Data>
      <Data Name=""ProcessGuid"">{f57bd86a-a601-658c-cc01-000000000f00}</Data>
      <Data Name=""ProcessId"">5336</Data>
      <Data Name=""Image"">C:\Windows\System32\SecurityHealth\1.0.2306.10002-0\SecurityHealthHost.exe</Data>
      <Data Name=""FileVersion"">10.0.25873.1001 (WinBuild.160101.0800)</Data>
      <Data Name=""Description"">Windows Security Health Host</Data>
      <Data Name=""Product"">Microsoft&#174; Windows&#174; Operating System</Data>
      <Data Name=""Company"">Microsoft Corporation</Data>
      <Data Name=""OriginalFileName"">SecurityHealthHost.exe</Data>
      <Data Name=""CommandLine"">\\?\C:\Windows\System32\SecurityHealth\1.0.2306.10002-0\SecurityHealthHost.exe {08728914-3F57-4D52-9E31-49DAECA5A80A} -Embedding</Data>
      <Data Name=""CurrentDirectory"">C:\Windows\system32\</Data>
      <Data Name=""User"">WINDEV2309EVAL\User</Data>
      <Data Name=""LogonGuid"">{f57bd86a-36f9-658c-7bf8-020000000000}</Data>
      <Data Name=""LogonId"">0x2f87b</Data>
      <Data Name=""TerminalSessionId"">1</Data>
      <Data Name=""IntegrityLevel"">Medium</Data>
      <Data Name=""Hashes"">MD5=193DC58240D8AC4EC1618FFAE14CAE71,SHA256=8D771C8A91614B85416B3EB328460E80183B38F2DC35C7A26578206AF145F419,IMPHASH=FBC9E5DE00516A75FFF7C4A11857FB1D</Data>
      <Data Name=""ParentProcessGuid"">{f57bd86a-36f5-658c-0d00-000000000f00}</Data>
      <Data Name=""ParentProcessId"">932</Data>
      <Data Name=""ParentImage"">C:\Windows\System32\svchost.exe</Data>
      <Data Name=""ParentCommandLine"">C:\Windows\system32\svchost.exe -k DcomLaunch -p</Data>
      <Data Name=""ParentUser"">NT AUTHORITY\SYSTEM</Data>
    </EventData>
    <RenderingInfo Culture=""en-US"">
      <Message>Process Create:

RuleName: -

UtcTime: 2023-12-27 22:32:33.141

ProcessGuid: {f57bd86a-a601-658c-cc01-000000000f00}

ProcessId: 5336

Image: C:\Windows\System32\SecurityHealth\1.0.2306.10002-0\SecurityHealthHost.exe

FileVersion: 10.0.25873.1001 (WinBuild.160101.0800)

Description: Windows Security Health Host

Product: Microsoft&#174; Windows&#174; Operating System

Company: Microsoft Corporation

OriginalFileName: SecurityHealthHost.exe

CommandLine: \\?\C:\Windows\System32\SecurityHealth\1.0.2306.10002-0\SecurityHealthHost.exe {08728914-3F57-4D52-9E31-49DAECA5A80A} -Embedding

CurrentDirectory: C:\Windows\system32\

User: WINDEV2309EVAL\User

LogonGuid: {f57bd86a-36f9-658c-7bf8-020000000000}

LogonId: 0x2F87B

TerminalSessionId: 1

IntegrityLevel: Medium

Hashes: MD5=193DC58240D8AC4EC1618FFAE14CAE71,SHA256=8D771C8A91614B85416B3EB328460E80183B38F2DC35C7A26578206AF145F419,IMPHASH=FBC9E5DE00516A75FFF7C4A11857FB1D

ParentProcessGuid: {f57bd86a-36f5-658c-0d00-000000000f00}

ParentProcessId: 932

ParentImage: C:\Windows\System32\svchost.exe

ParentCommandLine: C:\Windows\system32\svchost.exe -k DcomLaunch -p

ParentUser: NT AUTHORITY\SYSTEM</Message>
      <Level>Information</Level>
      <Task>Process Create (rule: ProcessCreate)</Task>
      <Opcode>Info</Opcode>
    </RenderingInfo>
  </Event>
  
"
Microsoft-Windows-Sysmon/Operational,calc,Microsoft Corporation,WinDev2309Eval,,C:\AtomicRedTeam\atomics\T1218\src\Win32\,Windows Calculator,,1,19577,,10.0.22621.1 (WinBuild.160101.0800),"MD5=302021D31F2D0BCE01D7AFC26BFE2BA2,SHA256=E5C9058319C82EC44BB881FCC84D51D6F9E56CCE2931D5B6F4519157953CF572,IMPHASH=BA072A972FE6C47C8CF7A0347BB0AF7A",C:\Windows\SysWOW64\calc.exe,Medium,0x8000000000000000,Information,{f57bd86a-36f9-658c-7bf8-020000000000},0x2f87b,"Process Create:

RuleName: -

UtcTime: 2023-12-27 22:32:33.097

ProcessGuid: {f57bd86a-a601-658c-cb01-000000000f00}

ProcessId: 2208

Image: C:\Windows\SysWOW64\calc.exe

FileVersion: 10.0.22621.1 (WinBuild.160101.0800)

Description: Windows Calculator

Product: Microsoft® Windows® Operating System

Company: Microsoft Corporation

OriginalFileName: CALC.EXE

CommandLine: calc

CurrentDirectory: C:\AtomicRedTeam\atomics\T1218\src\Win32\

User: WINDEV2309EVAL\User

LogonGuid: {f57bd86a-36f9-658c-7bf8-020000000000}

LogonId: 0x2F87B

TerminalSessionId: 1

IntegrityLevel: Medium

Hashes: MD5=302021D31F2D0BCE01D7AFC26BFE2BA2,SHA256=E5C9058319C82EC44BB881FCC84D51D6F9E56CCE2931D5B6F4519157953CF572,IMPHASH=BA072A972FE6C47C8CF7A0347BB0AF7A

ParentProcessGuid: {f57bd86a-a601-658c-c901-000000000f00}

ParentProcessId: 11068

ParentImage: C:\Windows\SysWOW64\Register-CimProvider.exe

ParentCommandLine: C:\Windows\SysWow64\Register-CimProvider.exe  -Path ""C:\AtomicRedTeam\atomics\T1218\src\Win32\T1218-2.dll""

ParentUser: WINDEV2309EVAL\User",Info,CALC.EXE,"C:\Windows\SysWow64\Register-CimProvider.exe  -Path ""C:\AtomicRedTeam\atomics\T1218\src\Win32\T1218-2.dll""",C:\Windows\SysWOW64\Register-CimProvider.exe,{f57bd86a-a601-658c-c901-000000000f00},11068,WINDEV2309EVAL\User,{f57bd86a-a601-658c-cb01-000000000f00},3588,2208,Microsoft® Windows® Operating System,,,,"
      ",-,2023-12-27T22:32:33.0987215Z,,,Process Create (rule: ProcessCreate),1,5124,WINDEV2309EVAL\User,S-1-5-18,2023-12-27 22:32:33.097,5,"<Event xmlns=""http://schemas.microsoft.com/win/2004/08/events/event"">
    <System>
      <Provider Name=""Microsoft-Windows-Sysmon"" Guid=""{5770385f-c22a-43e0-bf4c-06f5698ffbd9}""/>
      <EventID>1</EventID>
      <Version>5</Version>
      <Level>4</Level>
      <Task>1</Task>
      <Opcode>0</Opcode>
      <Keywords>0x8000000000000000</Keywords>
      <TimeCreated SystemTime=""2023-12-27T22:32:33.0987215Z""/>
      <EventRecordID>19577</EventRecordID>
      <Correlation/>
      <Execution ProcessID=""3588"" ThreadID=""5124""/>
      <Channel>Microsoft-Windows-Sysmon/Operational</Channel>
      <Computer>WinDev2309Eval</Computer>
      <Security UserID=""S-1-5-18""/>
    </System>
    <EventData>
      <Data Name=""RuleName"">-</Data>
      <Data Name=""UtcTime"">2023-12-27 22:32:33.097</Data>
      <Data Name=""ProcessGuid"">{f57bd86a-a601-658c-cb01-000000000f00}</Data>
      <Data Name=""ProcessId"">2208</Data>
      <Data Name=""Image"">C:\Windows\SysWOW64\calc.exe</Data>
      <Data Name=""FileVersion"">10.0.22621.1 (WinBuild.160101.0800)</Data>
      <Data Name=""Description"">Windows Calculator</Data>
      <Data Name=""Product"">Microsoft&#174; Windows&#174; Operating System</Data>
      <Data Name=""Company"">Microsoft Corporation</Data>
      <Data Name=""OriginalFileName"">CALC.EXE</Data>
      <Data Name=""CommandLine"">calc</Data>
      <Data Name=""CurrentDirectory"">C:\AtomicRedTeam\atomics\T1218\src\Win32\</Data>
      <Data Name=""User"">WINDEV2309EVAL\User</Data>
      <Data Name=""LogonGuid"">{f57bd86a-36f9-658c-7bf8-020000000000}</Data>
      <Data Name=""LogonId"">0x2f87b</Data>
      <Data Name=""TerminalSessionId"">1</Data>
      <Data Name=""IntegrityLevel"">Medium</Data>
      <Data Name=""Hashes"">MD5=302021D31F2D0BCE01D7AFC26BFE2BA2,SHA256=E5C9058319C82EC44BB881FCC84D51D6F9E56CCE2931D5B6F4519157953CF572,IMPHASH=BA072A972FE6C47C8CF7A0347BB0AF7A</Data>
      <Data Name=""ParentProcessGuid"">{f57bd86a-a601-658c-c901-000000000f00}</Data>
      <Data Name=""ParentProcessId"">11068</Data>
      <Data Name=""ParentImage"">C:\Windows\SysWOW64\Register-CimProvider.exe</Data>
      <Data Name=""ParentCommandLine"">C:\Windows\SysWow64\Register-CimProvider.exe  -Path ""C:\AtomicRedTeam\atomics\T1218\src\Win32\T1218-2.dll""</Data>
      <Data Name=""ParentUser"">WINDEV2309EVAL\User</Data>
    </EventData>
    <RenderingInfo Culture=""en-US"">
      <Message>Process Create:

RuleName: -

UtcTime: 2023-12-27 22:32:33.097

ProcessGuid: {f57bd86a-a601-658c-cb01-000000000f00}

ProcessId: 2208

Image: C:\Windows\SysWOW64\calc.exe

FileVersion: 10.0.22621.1 (WinBuild.160101.0800)

Description: Windows Calculator

Product: Microsoft&#174; Windows&#174; Operating System

Company: Microsoft Corporation

OriginalFileName: CALC.EXE

CommandLine: calc

CurrentDirectory: C:\AtomicRedTeam\atomics\T1218\src\Win32\

User: WINDEV2309EVAL\User

LogonGuid: {f57bd86a-36f9-658c-7bf8-020000000000}

LogonId: 0x2F87B

TerminalSessionId: 1

IntegrityLevel: Medium

Hashes: MD5=302021D31F2D0BCE01D7AFC26BFE2BA2,SHA256=E5C9058319C82EC44BB881FCC84D51D6F9E56CCE2931D5B6F4519157953CF572,IMPHASH=BA072A972FE6C47C8CF7A0347BB0AF7A

ParentProcessGuid: {f57bd86a-a601-658c-c901-000000000f00}

ParentProcessId: 11068

ParentImage: C:\Windows\SysWOW64\Register-CimProvider.exe

ParentCommandLine: C:\Windows\SysWow64\Register-CimProvider.exe  -Path ""C:\AtomicRedTeam\atomics\T1218\src\Win32\T1218-2.dll""

ParentUser: WINDEV2309EVAL\User</Message>
      <Level>Information</Level>
      <Task>Process Create (rule: ProcessCreate)</Task>
      <Opcode>Info</Opcode>
    </RenderingInfo>
  </Event>
  
"
Microsoft-Windows-Sysmon/Operational,calc,Microsoft Corporation,WinDev2309Eval,,C:\AtomicRedTeam\atomics\T1218\src\Win32\,Windows Calculator,,1,19576,,10.0.22621.1 (WinBuild.160101.0800),"MD5=302021D31F2D0BCE01D7AFC26BFE2BA2,SHA256=E5C9058319C82EC44BB881FCC84D51D6F9E56CCE2931D5B6F4519157953CF572,IMPHASH=BA072A972FE6C47C8CF7A0347BB0AF7A",C:\Windows\SysWOW64\calc.exe,Medium,0x8000000000000000,Information,{f57bd86a-36f9-658c-7bf8-020000000000},0x2f87b,"Process Create:

RuleName: -

UtcTime: 2023-12-27 22:32:33.089

ProcessGuid: {f57bd86a-a601-658c-ca01-000000000f00}

ProcessId: 3112

Image: C:\Windows\SysWOW64\calc.exe

FileVersion: 10.0.22621.1 (WinBuild.160101.0800)

Description: Windows Calculator

Product: Microsoft® Windows® Operating System

Company: Microsoft Corporation

OriginalFileName: CALC.EXE

CommandLine: calc

CurrentDirectory: C:\AtomicRedTeam\atomics\T1218\src\Win32\

User: WINDEV2309EVAL\User

LogonGuid: {f57bd86a-36f9-658c-7bf8-020000000000}

LogonId: 0x2F87B

TerminalSessionId: 1

IntegrityLevel: Medium

Hashes: MD5=302021D31F2D0BCE01D7AFC26BFE2BA2,SHA256=E5C9058319C82EC44BB881FCC84D51D6F9E56CCE2931D5B6F4519157953CF572,IMPHASH=BA072A972FE6C47C8CF7A0347BB0AF7A

ParentProcessGuid: {f57bd86a-a601-658c-c901-000000000f00}

ParentProcessId: 11068

ParentImage: C:\Windows\SysWOW64\Register-CimProvider.exe

ParentCommandLine: C:\Windows\SysWow64\Register-CimProvider.exe  -Path ""C:\AtomicRedTeam\atomics\T1218\src\Win32\T1218-2.dll""

ParentUser: WINDEV2309EVAL\User",Info,CALC.EXE,"C:\Windows\SysWow64\Register-CimProvider.exe  -Path ""C:\AtomicRedTeam\atomics\T1218\src\Win32\T1218-2.dll""",C:\Windows\SysWOW64\Register-CimProvider.exe,{f57bd86a-a601-658c-c901-000000000f00},11068,WINDEV2309EVAL\User,{f57bd86a-a601-658c-ca01-000000000f00},3588,3112,Microsoft® Windows® Operating System,,,,"
      ",-,2023-12-27T22:32:33.0910906Z,,,Process Create (rule: ProcessCreate),1,5124,WINDEV2309EVAL\User,S-1-5-18,2023-12-27 22:32:33.089,5,"<Event xmlns=""http://schemas.microsoft.com/win/2004/08/events/event"">
    <System>
      <Provider Name=""Microsoft-Windows-Sysmon"" Guid=""{5770385f-c22a-43e0-bf4c-06f5698ffbd9}""/>
      <EventID>1</EventID>
      <Version>5</Version>
      <Level>4</Level>
      <Task>1</Task>
      <Opcode>0</Opcode>
      <Keywords>0x8000000000000000</Keywords>
      <TimeCreated SystemTime=""2023-12-27T22:32:33.0910906Z""/>
      <EventRecordID>19576</EventRecordID>
      <Correlation/>
      <Execution ProcessID=""3588"" ThreadID=""5124""/>
      <Channel>Microsoft-Windows-Sysmon/Operational</Channel>
      <Computer>WinDev2309Eval</Computer>
      <Security UserID=""S-1-5-18""/>
    </System>
    <EventData>
      <Data Name=""RuleName"">-</Data>
      <Data Name=""UtcTime"">2023-12-27 22:32:33.089</Data>
      <Data Name=""ProcessGuid"">{f57bd86a-a601-658c-ca01-000000000f00}</Data>
      <Data Name=""ProcessId"">3112</Data>
      <Data Name=""Image"">C:\Windows\SysWOW64\calc.exe</Data>
      <Data Name=""FileVersion"">10.0.22621.1 (WinBuild.160101.0800)</Data>
      <Data Name=""Description"">Windows Calculator</Data>
      <Data Name=""Product"">Microsoft&#174; Windows&#174; Operating System</Data>
      <Data Name=""Company"">Microsoft Corporation</Data>
      <Data Name=""OriginalFileName"">CALC.EXE</Data>
      <Data Name=""CommandLine"">calc</Data>
      <Data Name=""CurrentDirectory"">C:\AtomicRedTeam\atomics\T1218\src\Win32\</Data>
      <Data Name=""User"">WINDEV2309EVAL\User</Data>
      <Data Name=""LogonGuid"">{f57bd86a-36f9-658c-7bf8-020000000000}</Data>
      <Data Name=""LogonId"">0x2f87b</Data>
      <Data Name=""TerminalSessionId"">1</Data>
      <Data Name=""IntegrityLevel"">Medium</Data>
      <Data Name=""Hashes"">MD5=302021D31F2D0BCE01D7AFC26BFE2BA2,SHA256=E5C9058319C82EC44BB881FCC84D51D6F9E56CCE2931D5B6F4519157953CF572,IMPHASH=BA072A972FE6C47C8CF7A0347BB0AF7A</Data>
      <Data Name=""ParentProcessGuid"">{f57bd86a-a601-658c-c901-000000000f00}</Data>
      <Data Name=""ParentProcessId"">11068</Data>
      <Data Name=""ParentImage"">C:\Windows\SysWOW64\Register-CimProvider.exe</Data>
      <Data Name=""ParentCommandLine"">C:\Windows\SysWow64\Register-CimProvider.exe  -Path ""C:\AtomicRedTeam\atomics\T1218\src\Win32\T1218-2.dll""</Data>
      <Data Name=""ParentUser"">WINDEV2309EVAL\User</Data>
    </EventData>
    <RenderingInfo Culture=""en-US"">
      <Message>Process Create:

RuleName: -

UtcTime: 2023-12-27 22:32:33.089

ProcessGuid: {f57bd86a-a601-658c-ca01-000000000f00}

ProcessId: 3112

Image: C:\Windows\SysWOW64\calc.exe

FileVersion: 10.0.22621.1 (WinBuild.160101.0800)

Description: Windows Calculator

Product: Microsoft&#174; Windows&#174; Operating System

Company: Microsoft Corporation

OriginalFileName: CALC.EXE

CommandLine: calc

CurrentDirectory: C:\AtomicRedTeam\atomics\T1218\src\Win32\

User: WINDEV2309EVAL\User

LogonGuid: {f57bd86a-36f9-658c-7bf8-020000000000}

LogonId: 0x2F87B

TerminalSessionId: 1

IntegrityLevel: Medium

Hashes: MD5=302021D31F2D0BCE01D7AFC26BFE2BA2,SHA256=E5C9058319C82EC44BB881FCC84D51D6F9E56CCE2931D5B6F4519157953CF572,IMPHASH=BA072A972FE6C47C8CF7A0347BB0AF7A

ParentProcessGuid: {f57bd86a-a601-658c-c901-000000000f00}

ParentProcessId: 11068

ParentImage: C:\Windows\SysWOW64\Register-CimProvider.exe

ParentCommandLine: C:\Windows\SysWow64\Register-CimProvider.exe  -Path ""C:\AtomicRedTeam\atomics\T1218\src\Win32\T1218-2.dll""

ParentUser: WINDEV2309EVAL\User</Message>
      <Level>Information</Level>
      <Task>Process Create (rule: ProcessCreate)</Task>
      <Opcode>Info</Opcode>
    </RenderingInfo>
  </Event>
  
"
