Microsoft-Windows-Sysmon/Operational,,,WinDev2309Eval,,,,,,,,,Binary Data,13,19585,SetValue,,,C:\Windows\system32\svchost.exe,,,0x8000000000000000,Information,,,"Registry value set:

RuleName: InvDB

EventType: SetValue

UtcTime: 2023-12-27 22:42:07.269

ProcessGuid: {f57bd86a-3753-658c-d500-000000000f00}

ProcessId: 6796

Image: C:\Windows\system32\svchost.exe

TargetObject: HKU\S-1-5-21-2835251196-2691927458-378326815-1000\Software\Microsoft\Windows NT\CurrentVersion\AppCompatFlags\Compatibility Assistant\Store\C:\Windows\System32\msiexec.exe

Details: Binary Data

User: NT AUTHORITY\SYSTEM",Info,,,,,,,{f57bd86a-3753-658c-d500-000000000f00},3588,6796,,,,,,"
      ",InvDB,,,,,,2023-12-27T22:42:07.2819266Z,,HKU\S-1-5-21-2835251196-2691927458-378326815-1000\Software\Microsoft\Windows NT\CurrentVersion\AppCompatFlags\Compatibility Assistant\Store\C:\Windows\System32\msiexec.exe,Registry value set (rule: RegistryEvent),,5124,NT AUTHORITY\SYSTEM,S-1-5-18,2023-12-27 22:42:07.269,2,"<Event xmlns=""http://schemas.microsoft.com/win/2004/08/events/event"">
    <System>
      <Provider Name=""Microsoft-Windows-Sysmon"" Guid=""{5770385f-c22a-43e0-bf4c-06f5698ffbd9}""/>
      <EventID>13</EventID>
      <Version>2</Version>
      <Level>4</Level>
      <Task>13</Task>
      <Opcode>0</Opcode>
      <Keywords>0x8000000000000000</Keywords>
      <TimeCreated SystemTime=""2023-12-27T22:42:07.2819266Z""/>
      <EventRecordID>19585</EventRecordID>
      <Correlation/>
      <Execution ProcessID=""3588"" ThreadID=""5124""/>
      <Channel>Microsoft-Windows-Sysmon/Operational</Channel>
      <Computer>WinDev2309Eval</Computer>
      <Security UserID=""S-1-5-18""/>
    </System>
    <EventData>
      <Data Name=""RuleName"">InvDB</Data>
      <Data Name=""EventType"">SetValue</Data>
      <Data Name=""UtcTime"">2023-12-27 22:42:07.269</Data>
      <Data Name=""ProcessGuid"">{f57bd86a-3753-658c-d500-000000000f00}</Data>
      <Data Name=""ProcessId"">6796</Data>
      <Data Name=""Image"">C:\Windows\system32\svchost.exe</Data>
      <Data Name=""TargetObject"">HKU\S-1-5-21-2835251196-2691927458-378326815-1000\Software\Microsoft\Windows NT\CurrentVersion\AppCompatFlags\Compatibility Assistant\Store\C:\Windows\System32\msiexec.exe</Data>
      <Data Name=""Details"">Binary Data</Data>
      <Data Name=""User"">NT AUTHORITY\SYSTEM</Data>
    </EventData>
    <RenderingInfo Culture=""en-US"">
      <Message>Registry value set:

RuleName: InvDB

EventType: SetValue

UtcTime: 2023-12-27 22:42:07.269

ProcessGuid: {f57bd86a-3753-658c-d500-000000000f00}

ProcessId: 6796

Image: C:\Windows\system32\svchost.exe

TargetObject: HKU\S-1-5-21-2835251196-2691927458-378326815-1000\Software\Microsoft\Windows NT\CurrentVersion\AppCompatFlags\Compatibility Assistant\Store\C:\Windows\System32\msiexec.exe

Details: Binary Data

User: NT AUTHORITY\SYSTEM</Message>
      <Level>Information</Level>
      <Task>Registry value set (rule: RegistryEvent)</Task>
      <Opcode>Info</Opcode>
    </RenderingInfo>
  </Event>
  
"
Microsoft-Windows-Sysmon/Operational,,,WinDev2309Eval,2023-12-27 22:42:07.064,,,,,,,,,11,19584,,,,C:\Windows\System32\WindowsPowerShell\v1.0\powershell.exe,,,0x8000000000000000,Information,,,"File created:

RuleName: -

UtcTime: 2023-12-27 22:42:07.064

ProcessGuid: {f57bd86a-a83e-658c-d001-000000000f00}

ProcessId: 6020

Image: C:\Windows\System32\WindowsPowerShell\v1.0\powershell.exe

TargetFilename: C:\Users\User\AppData\Local\Temp\__PSScriptPolicyTest_1fuashyi.2ga.ps1

CreationUtcTime: 2023-12-27 22:42:07.064

User: WINDEV2309EVAL\User",Info,,,,,,,{f57bd86a-a83e-658c-d001-000000000f00},3588,6020,,,,,,"
      ",-,,,,,,2023-12-27T22:42:07.0797154Z,C:\Users\User\AppData\Local\Temp\__PSScriptPolicyTest_1fuashyi.2ga.ps1,,File created (rule: FileCreate),,5124,WINDEV2309EVAL\User,S-1-5-18,2023-12-27 22:42:07.064,2,"<Event xmlns=""http://schemas.microsoft.com/win/2004/08/events/event"">
    <System>
      <Provider Name=""Microsoft-Windows-Sysmon"" Guid=""{5770385f-c22a-43e0-bf4c-06f5698ffbd9}""/>
      <EventID>11</EventID>
      <Version>2</Version>
      <Level>4</Level>
      <Task>11</Task>
      <Opcode>0</Opcode>
      <Keywords>0x8000000000000000</Keywords>
      <TimeCreated SystemTime=""2023-12-27T22:42:07.0797154Z""/>
      <EventRecordID>19584</EventRecordID>
      <Correlation/>
      <Execution ProcessID=""3588"" ThreadID=""5124""/>
      <Channel>Microsoft-Windows-Sysmon/Operational</Channel>
      <Computer>WinDev2309Eval</Computer>
      <Security UserID=""S-1-5-18""/>
    </System>
    <EventData>
      <Data Name=""RuleName"">-</Data>
      <Data Name=""UtcTime"">2023-12-27 22:42:07.064</Data>
      <Data Name=""ProcessGuid"">{f57bd86a-a83e-658c-d001-000000000f00}</Data>
      <Data Name=""ProcessId"">6020</Data>
      <Data Name=""Image"">C:\Windows\System32\WindowsPowerShell\v1.0\powershell.exe</Data>
      <Data Name=""TargetFilename"">C:\Users\User\AppData\Local\Temp\__PSScriptPolicyTest_1fuashyi.2ga.ps1</Data>
      <Data Name=""CreationUtcTime"">2023-12-27 22:42:07.064</Data>
      <Data Name=""User"">WINDEV2309EVAL\User</Data>
    </EventData>
    <RenderingInfo Culture=""en-US"">
      <Message>File created:

RuleName: -

UtcTime: 2023-12-27 22:42:07.064

ProcessGuid: {f57bd86a-a83e-658c-d001-000000000f00}

ProcessId: 6020

Image: C:\Windows\System32\WindowsPowerShell\v1.0\powershell.exe

TargetFilename: C:\Users\User\AppData\Local\Temp\__PSScriptPolicyTest_1fuashyi.2ga.ps1

CreationUtcTime: 2023-12-27 22:42:07.064

User: WINDEV2309EVAL\User</Message>
      <Level>Information</Level>
      <Task>File created (rule: FileCreate)</Task>
      <Opcode>Info</Opcode>
    </RenderingInfo>
  </Event>
  
"
Microsoft-Windows-Sysmon/Operational,"""C:\Windows\System32\WindowsPowerShell\v1.0\powershell.exe"" -nop -Command Write-Host VBScript executed me!; exit",Microsoft Corporation,WinDev2309Eval,,C:\Windows\system32\,Windows PowerShell,,,,,,,1,19583,,10.0.22621.2506 (WinBuild.160101.0800),"MD5=2D1D70C92A419D9079B047954C611886,SHA256=C50057756CDB25D481CF2502ABCEF124F864C27618C5057468BFC6B82B2C4EDD,IMPHASH=E09C4F82A1DA13A09F4FF2E625FEBA20",C:\Windows\System32\WindowsPowerShell\v1.0\powershell.exe,,Medium,0x8000000000000000,Information,{f57bd86a-36f9-658c-7bf8-020000000000},0x2f87b,"Process Create:

RuleName: -

UtcTime: 2023-12-27 22:42:06.957

ProcessGuid: {f57bd86a-a83e-658c-d001-000000000f00}

ProcessId: 6020

Image: C:\Windows\System32\WindowsPowerShell\v1.0\powershell.exe

FileVersion: 10.0.22621.2506 (WinBuild.160101.0800)

Description: Windows PowerShell

Product: Microsoft® Windows® Operating System

Company: Microsoft Corporation

OriginalFileName: PowerShell.EXE

CommandLine: ""C:\Windows\System32\WindowsPowerShell\v1.0\powershell.exe"" -nop -Command Write-Host VBScript executed me!; exit

CurrentDirectory: C:\Windows\system32\

User: WINDEV2309EVAL\User

LogonGuid: {f57bd86a-36f9-658c-7bf8-020000000000}

LogonId: 0x2F87B

TerminalSessionId: 1

IntegrityLevel: Medium

Hashes: MD5=2D1D70C92A419D9079B047954C611886,SHA256=C50057756CDB25D481CF2502ABCEF124F864C27618C5057468BFC6B82B2C4EDD,IMPHASH=E09C4F82A1DA13A09F4FF2E625FEBA20

ParentProcessGuid: {f57bd86a-a83e-658c-cf01-000000000f00}

ParentProcessId: 3752

ParentImage: C:\Windows\System32\msiexec.exe

ParentCommandLine: C:\Windows\System32\MsiExec.exe -Embedding 3C1D59BA2CF9FB29B563CCC7BED3F5C5

ParentUser: WINDEV2309EVAL\User",Info,PowerShell.EXE,C:\Windows\System32\MsiExec.exe -Embedding 3C1D59BA2CF9FB29B563CCC7BED3F5C5,C:\Windows\System32\msiexec.exe,{f57bd86a-a83e-658c-cf01-000000000f00},3752,WINDEV2309EVAL\User,{f57bd86a-a83e-658c-d001-000000000f00},3588,6020,Microsoft® Windows® Operating System,,,,,"
      ",-,,,,,,2023-12-27T22:42:06.9585667Z,,,Process Create (rule: ProcessCreate),1,5124,WINDEV2309EVAL\User,S-1-5-18,2023-12-27 22:42:06.957,5,"<Event xmlns=""http://schemas.microsoft.com/win/2004/08/events/event"">
    <System>
      <Provider Name=""Microsoft-Windows-Sysmon"" Guid=""{5770385f-c22a-43e0-bf4c-06f5698ffbd9}""/>
      <EventID>1</EventID>
      <Version>5</Version>
      <Level>4</Level>
      <Task>1</Task>
      <Opcode>0</Opcode>
      <Keywords>0x8000000000000000</Keywords>
      <TimeCreated SystemTime=""2023-12-27T22:42:06.9585667Z""/>
      <EventRecordID>19583</EventRecordID>
      <Correlation/>
      <Execution ProcessID=""3588"" ThreadID=""5124""/>
      <Channel>Microsoft-Windows-Sysmon/Operational</Channel>
      <Computer>WinDev2309Eval</Computer>
      <Security UserID=""S-1-5-18""/>
    </System>
    <EventData>
      <Data Name=""RuleName"">-</Data>
      <Data Name=""UtcTime"">2023-12-27 22:42:06.957</Data>
      <Data Name=""ProcessGuid"">{f57bd86a-a83e-658c-d001-000000000f00}</Data>
      <Data Name=""ProcessId"">6020</Data>
      <Data Name=""Image"">C:\Windows\System32\WindowsPowerShell\v1.0\powershell.exe</Data>
      <Data Name=""FileVersion"">10.0.22621.2506 (WinBuild.160101.0800)</Data>
      <Data Name=""Description"">Windows PowerShell</Data>
      <Data Name=""Product"">Microsoft&#174; Windows&#174; Operating System</Data>
      <Data Name=""Company"">Microsoft Corporation</Data>
      <Data Name=""OriginalFileName"">PowerShell.EXE</Data>
      <Data Name=""CommandLine"">""C:\Windows\System32\WindowsPowerShell\v1.0\powershell.exe"" -nop -Command Write-Host VBScript executed me!; exit</Data>
      <Data Name=""CurrentDirectory"">C:\Windows\system32\</Data>
      <Data Name=""User"">WINDEV2309EVAL\User</Data>
      <Data Name=""LogonGuid"">{f57bd86a-36f9-658c-7bf8-020000000000}</Data>
      <Data Name=""LogonId"">0x2f87b</Data>
      <Data Name=""TerminalSessionId"">1</Data>
      <Data Name=""IntegrityLevel"">Medium</Data>
      <Data Name=""Hashes"">MD5=2D1D70C92A419D9079B047954C611886,SHA256=C50057756CDB25D481CF2502ABCEF124F864C27618C5057468BFC6B82B2C4EDD,IMPHASH=E09C4F82A1DA13A09F4FF2E625FEBA20</Data>
      <Data Name=""ParentProcessGuid"">{f57bd86a-a83e-658c-cf01-000000000f00}</Data>
      <Data Name=""ParentProcessId"">3752</Data>
      <Data Name=""ParentImage"">C:\Windows\System32\msiexec.exe</Data>
      <Data Name=""ParentCommandLine"">C:\Windows\System32\MsiExec.exe -Embedding 3C1D59BA2CF9FB29B563CCC7BED3F5C5</Data>
      <Data Name=""ParentUser"">WINDEV2309EVAL\User</Data>
    </EventData>
    <RenderingInfo Culture=""en-US"">
      <Message>Process Create:

RuleName: -

UtcTime: 2023-12-27 22:42:06.957

ProcessGuid: {f57bd86a-a83e-658c-d001-000000000f00}

ProcessId: 6020

Image: C:\Windows\System32\WindowsPowerShell\v1.0\powershell.exe

FileVersion: 10.0.22621.2506 (WinBuild.160101.0800)

Description: Windows PowerShell

Product: Microsoft&#174; Windows&#174; Operating System

Company: Microsoft Corporation

OriginalFileName: PowerShell.EXE

CommandLine: ""C:\Windows\System32\WindowsPowerShell\v1.0\powershell.exe"" -nop -Command Write-Host VBScript executed me!; exit

CurrentDirectory: C:\Windows\system32\

User: WINDEV2309EVAL\User

LogonGuid: {f57bd86a-36f9-658c-7bf8-020000000000}

LogonId: 0x2F87B

TerminalSessionId: 1

IntegrityLevel: Medium

Hashes: MD5=2D1D70C92A419D9079B047954C611886,SHA256=C50057756CDB25D481CF2502ABCEF124F864C27618C5057468BFC6B82B2C4EDD,IMPHASH=E09C4F82A1DA13A09F4FF2E625FEBA20

ParentProcessGuid: {f57bd86a-a83e-658c-cf01-000000000f00}

ParentProcessId: 3752

ParentImage: C:\Windows\System32\msiexec.exe

ParentCommandLine: C:\Windows\System32\MsiExec.exe -Embedding 3C1D59BA2CF9FB29B563CCC7BED3F5C5

ParentUser: WINDEV2309EVAL\User</Message>
      <Level>Information</Level>
      <Task>Process Create (rule: ProcessCreate)</Task>
      <Opcode>Info</Opcode>
    </RenderingInfo>
  </Event>
  
"
Microsoft-Windows-Sysmon/Operational,C:\Windows\System32\MsiExec.exe -Embedding 3C1D59BA2CF9FB29B563CCC7BED3F5C5,Microsoft Corporation,WinDev2309Eval,,C:\Windows\system32\,Windows® installer,,,,,,,1,19582,,5.0.22621.1 (WinBuild.160101.0800),"MD5=302BE4B7434E679769029C8570825CC0,SHA256=5A31EA6A517A065166FAFA01A0AC6A350D0E2DCBA1B6DD4FDB41AE59109568E1,IMPHASH=0990A9500FF8DF93E0E059EE13E7C796",C:\Windows\System32\msiexec.exe,,Medium,0x8000000000000000,Information,{f57bd86a-36f9-658c-7bf8-020000000000},0x2f87b,"Process Create:

RuleName: -

UtcTime: 2023-12-27 22:42:06.812

ProcessGuid: {f57bd86a-a83e-658c-cf01-000000000f00}

ProcessId: 3752

Image: C:\Windows\System32\msiexec.exe

FileVersion: 5.0.22621.1 (WinBuild.160101.0800)

Description: Windows® installer

Product: Windows Installer - Unicode

Company: Microsoft Corporation

OriginalFileName: msiexec.exe

CommandLine: C:\Windows\System32\MsiExec.exe -Embedding 3C1D59BA2CF9FB29B563CCC7BED3F5C5

CurrentDirectory: C:\Windows\system32\

User: WINDEV2309EVAL\User

LogonGuid: {f57bd86a-36f9-658c-7bf8-020000000000}

LogonId: 0x2F87B

TerminalSessionId: 1

IntegrityLevel: Medium

Hashes: MD5=302BE4B7434E679769029C8570825CC0,SHA256=5A31EA6A517A065166FAFA01A0AC6A350D0E2DCBA1B6DD4FDB41AE59109568E1,IMPHASH=0990A9500FF8DF93E0E059EE13E7C796

ParentProcessGuid: {f57bd86a-a83a-658c-c701-000000000f00}

ParentProcessId: 3264

ParentImage: C:\Windows\System32\msiexec.exe

ParentCommandLine: C:\Windows\system32\msiexec.exe /V

ParentUser: NT AUTHORITY\SYSTEM",Info,msiexec.exe,C:\Windows\system32\msiexec.exe /V,C:\Windows\System32\msiexec.exe,{f57bd86a-a83a-658c-c701-000000000f00},3264,NT AUTHORITY\SYSTEM,{f57bd86a-a83e-658c-cf01-000000000f00},3588,3752,Windows Installer - Unicode,,,,,"
      ",-,,,,,,2023-12-27T22:42:06.8136130Z,,,Process Create (rule: ProcessCreate),1,5124,WINDEV2309EVAL\User,S-1-5-18,2023-12-27 22:42:06.812,5,"<Event xmlns=""http://schemas.microsoft.com/win/2004/08/events/event"">
    <System>
      <Provider Name=""Microsoft-Windows-Sysmon"" Guid=""{5770385f-c22a-43e0-bf4c-06f5698ffbd9}""/>
      <EventID>1</EventID>
      <Version>5</Version>
      <Level>4</Level>
      <Task>1</Task>
      <Opcode>0</Opcode>
      <Keywords>0x8000000000000000</Keywords>
      <TimeCreated SystemTime=""2023-12-27T22:42:06.8136130Z""/>
      <EventRecordID>19582</EventRecordID>
      <Correlation/>
      <Execution ProcessID=""3588"" ThreadID=""5124""/>
      <Channel>Microsoft-Windows-Sysmon/Operational</Channel>
      <Computer>WinDev2309Eval</Computer>
      <Security UserID=""S-1-5-18""/>
    </System>
    <EventData>
      <Data Name=""RuleName"">-</Data>
      <Data Name=""UtcTime"">2023-12-27 22:42:06.812</Data>
      <Data Name=""ProcessGuid"">{f57bd86a-a83e-658c-cf01-000000000f00}</Data>
      <Data Name=""ProcessId"">3752</Data>
      <Data Name=""Image"">C:\Windows\System32\msiexec.exe</Data>
      <Data Name=""FileVersion"">5.0.22621.1 (WinBuild.160101.0800)</Data>
      <Data Name=""Description"">Windows&#174; installer</Data>
      <Data Name=""Product"">Windows Installer - Unicode</Data>
      <Data Name=""Company"">Microsoft Corporation</Data>
      <Data Name=""OriginalFileName"">msiexec.exe</Data>
      <Data Name=""CommandLine"">C:\Windows\System32\MsiExec.exe -Embedding 3C1D59BA2CF9FB29B563CCC7BED3F5C5</Data>
      <Data Name=""CurrentDirectory"">C:\Windows\system32\</Data>
      <Data Name=""User"">WINDEV2309EVAL\User</Data>
      <Data Name=""LogonGuid"">{f57bd86a-36f9-658c-7bf8-020000000000}</Data>
      <Data Name=""LogonId"">0x2f87b</Data>
      <Data Name=""TerminalSessionId"">1</Data>
      <Data Name=""IntegrityLevel"">Medium</Data>
      <Data Name=""Hashes"">MD5=302BE4B7434E679769029C8570825CC0,SHA256=5A31EA6A517A065166FAFA01A0AC6A350D0E2DCBA1B6DD4FDB41AE59109568E1,IMPHASH=0990A9500FF8DF93E0E059EE13E7C796</Data>
      <Data Name=""ParentProcessGuid"">{f57bd86a-a83a-658c-c701-000000000f00}</Data>
      <Data Name=""ParentProcessId"">3264</Data>
      <Data Name=""ParentImage"">C:\Windows\System32\msiexec.exe</Data>
      <Data Name=""ParentCommandLine"">C:\Windows\system32\msiexec.exe /V</Data>
      <Data Name=""ParentUser"">NT AUTHORITY\SYSTEM</Data>
    </EventData>
    <RenderingInfo Culture=""en-US"">
      <Message>Process Create:

RuleName: -

UtcTime: 2023-12-27 22:42:06.812

ProcessGuid: {f57bd86a-a83e-658c-cf01-000000000f00}

ProcessId: 3752

Image: C:\Windows\System32\msiexec.exe

FileVersion: 5.0.22621.1 (WinBuild.160101.0800)

Description: Windows&#174; installer

Product: Windows Installer - Unicode

Company: Microsoft Corporation

OriginalFileName: msiexec.exe

CommandLine: C:\Windows\System32\MsiExec.exe -Embedding 3C1D59BA2CF9FB29B563CCC7BED3F5C5

CurrentDirectory: C:\Windows\system32\

User: WINDEV2309EVAL\User

LogonGuid: {f57bd86a-36f9-658c-7bf8-020000000000}

LogonId: 0x2F87B

TerminalSessionId: 1

IntegrityLevel: Medium

Hashes: MD5=302BE4B7434E679769029C8570825CC0,SHA256=5A31EA6A517A065166FAFA01A0AC6A350D0E2DCBA1B6DD4FDB41AE59109568E1,IMPHASH=0990A9500FF8DF93E0E059EE13E7C796

ParentProcessGuid: {f57bd86a-a83a-658c-c701-000000000f00}

ParentProcessId: 3264

ParentImage: C:\Windows\System32\msiexec.exe

ParentCommandLine: C:\Windows\system32\msiexec.exe /V

ParentUser: NT AUTHORITY\SYSTEM</Message>
      <Level>Information</Level>
      <Task>Process Create (rule: ProcessCreate)</Task>
      <Opcode>Info</Opcode>
    </RenderingInfo>
  </Event>
  
"
Microsoft-Windows-Sysmon/Operational,"c:\windows\system32\msiexec.exe  /q /i ""C:\AtomicRedTeam\atomics\T1218.007\bin\T1218.007_VBScript.msi""",Microsoft Corporation,WinDev2309Eval,,C:\Users\User\AppData\Local\Temp\,Windows® installer,,,,,,,1,19581,,5.0.22621.1 (WinBuild.160101.0800),"MD5=302BE4B7434E679769029C8570825CC0,SHA256=5A31EA6A517A065166FAFA01A0AC6A350D0E2DCBA1B6DD4FDB41AE59109568E1,IMPHASH=0990A9500FF8DF93E0E059EE13E7C796",C:\Windows\System32\msiexec.exe,,Medium,0x8000000000000000,Information,{f57bd86a-36f9-658c-7bf8-020000000000},0x2f87b,"Process Create:

RuleName: -

UtcTime: 2023-12-27 22:42:06.665

ProcessGuid: {f57bd86a-a83e-658c-ce01-000000000f00}

ProcessId: 10452

Image: C:\Windows\System32\msiexec.exe

FileVersion: 5.0.22621.1 (WinBuild.160101.0800)

Description: Windows® installer

Product: Windows Installer - Unicode

Company: Microsoft Corporation

OriginalFileName: msiexec.exe

CommandLine: c:\windows\system32\msiexec.exe  /q /i ""C:\AtomicRedTeam\atomics\T1218.007\bin\T1218.007_VBScript.msi""

CurrentDirectory: C:\Users\User\AppData\Local\Temp\

User: WINDEV2309EVAL\User

LogonGuid: {f57bd86a-36f9-658c-7bf8-020000000000}

LogonId: 0x2F87B

TerminalSessionId: 1

IntegrityLevel: Medium

Hashes: MD5=302BE4B7434E679769029C8570825CC0,SHA256=5A31EA6A517A065166FAFA01A0AC6A350D0E2DCBA1B6DD4FDB41AE59109568E1,IMPHASH=0990A9500FF8DF93E0E059EE13E7C796

ParentProcessGuid: {f57bd86a-a83e-658c-cc01-000000000f00}

ParentProcessId: 10996

ParentImage: C:\Windows\System32\cmd.exe

ParentCommandLine: ""cmd.exe"" /c c:\windows\system32\msiexec.exe /q /i ""C:\AtomicRedTeam\atomics\T1218.007\bin\T1218.007_VBScript.msi""

ParentUser: WINDEV2309EVAL\User",Info,msiexec.exe,"""cmd.exe"" /c c:\windows\system32\msiexec.exe /q /i ""C:\AtomicRedTeam\atomics\T1218.007\bin\T1218.007_VBScript.msi""",C:\Windows\System32\cmd.exe,{f57bd86a-a83e-658c-cc01-000000000f00},10996,WINDEV2309EVAL\User,{f57bd86a-a83e-658c-ce01-000000000f00},3588,10452,Windows Installer - Unicode,,,,,"
      ",-,,,,,,2023-12-27T22:42:06.6668305Z,,,Process Create (rule: ProcessCreate),1,5124,WINDEV2309EVAL\User,S-1-5-18,2023-12-27 22:42:06.665,5,"<Event xmlns=""http://schemas.microsoft.com/win/2004/08/events/event"">
    <System>
      <Provider Name=""Microsoft-Windows-Sysmon"" Guid=""{5770385f-c22a-43e0-bf4c-06f5698ffbd9}""/>
      <EventID>1</EventID>
      <Version>5</Version>
      <Level>4</Level>
      <Task>1</Task>
      <Opcode>0</Opcode>
      <Keywords>0x8000000000000000</Keywords>
      <TimeCreated SystemTime=""2023-12-27T22:42:06.6668305Z""/>
      <EventRecordID>19581</EventRecordID>
      <Correlation/>
      <Execution ProcessID=""3588"" ThreadID=""5124""/>
      <Channel>Microsoft-Windows-Sysmon/Operational</Channel>
      <Computer>WinDev2309Eval</Computer>
      <Security UserID=""S-1-5-18""/>
    </System>
    <EventData>
      <Data Name=""RuleName"">-</Data>
      <Data Name=""UtcTime"">2023-12-27 22:42:06.665</Data>
      <Data Name=""ProcessGuid"">{f57bd86a-a83e-658c-ce01-000000000f00}</Data>
      <Data Name=""ProcessId"">10452</Data>
      <Data Name=""Image"">C:\Windows\System32\msiexec.exe</Data>
      <Data Name=""FileVersion"">5.0.22621.1 (WinBuild.160101.0800)</Data>
      <Data Name=""Description"">Windows&#174; installer</Data>
      <Data Name=""Product"">Windows Installer - Unicode</Data>
      <Data Name=""Company"">Microsoft Corporation</Data>
      <Data Name=""OriginalFileName"">msiexec.exe</Data>
      <Data Name=""CommandLine"">c:\windows\system32\msiexec.exe  /q /i ""C:\AtomicRedTeam\atomics\T1218.007\bin\T1218.007_VBScript.msi""</Data>
      <Data Name=""CurrentDirectory"">C:\Users\User\AppData\Local\Temp\</Data>
      <Data Name=""User"">WINDEV2309EVAL\User</Data>
      <Data Name=""LogonGuid"">{f57bd86a-36f9-658c-7bf8-020000000000}</Data>
      <Data Name=""LogonId"">0x2f87b</Data>
      <Data Name=""TerminalSessionId"">1</Data>
      <Data Name=""IntegrityLevel"">Medium</Data>
      <Data Name=""Hashes"">MD5=302BE4B7434E679769029C8570825CC0,SHA256=5A31EA6A517A065166FAFA01A0AC6A350D0E2DCBA1B6DD4FDB41AE59109568E1,IMPHASH=0990A9500FF8DF93E0E059EE13E7C796</Data>
      <Data Name=""ParentProcessGuid"">{f57bd86a-a83e-658c-cc01-000000000f00}</Data>
      <Data Name=""ParentProcessId"">10996</Data>
      <Data Name=""ParentImage"">C:\Windows\System32\cmd.exe</Data>
      <Data Name=""ParentCommandLine"">""cmd.exe"" /c c:\windows\system32\msiexec.exe /q /i ""C:\AtomicRedTeam\atomics\T1218.007\bin\T1218.007_VBScript.msi""</Data>
      <Data Name=""ParentUser"">WINDEV2309EVAL\User</Data>
    </EventData>
    <RenderingInfo Culture=""en-US"">
      <Message>Process Create:

RuleName: -

UtcTime: 2023-12-27 22:42:06.665

ProcessGuid: {f57bd86a-a83e-658c-ce01-000000000f00}

ProcessId: 10452

Image: C:\Windows\System32\msiexec.exe

FileVersion: 5.0.22621.1 (WinBuild.160101.0800)

Description: Windows&#174; installer

Product: Windows Installer - Unicode

Company: Microsoft Corporation

OriginalFileName: msiexec.exe

CommandLine: c:\windows\system32\msiexec.exe  /q /i ""C:\AtomicRedTeam\atomics\T1218.007\bin\T1218.007_VBScript.msi""

CurrentDirectory: C:\Users\User\AppData\Local\Temp\

User: WINDEV2309EVAL\User

LogonGuid: {f57bd86a-36f9-658c-7bf8-020000000000}

LogonId: 0x2F87B

TerminalSessionId: 1

IntegrityLevel: Medium

Hashes: MD5=302BE4B7434E679769029C8570825CC0,SHA256=5A31EA6A517A065166FAFA01A0AC6A350D0E2DCBA1B6DD4FDB41AE59109568E1,IMPHASH=0990A9500FF8DF93E0E059EE13E7C796

ParentProcessGuid: {f57bd86a-a83e-658c-cc01-000000000f00}

ParentProcessId: 10996

ParentImage: C:\Windows\System32\cmd.exe

ParentCommandLine: ""cmd.exe"" /c c:\windows\system32\msiexec.exe /q /i ""C:\AtomicRedTeam\atomics\T1218.007\bin\T1218.007_VBScript.msi""

ParentUser: WINDEV2309EVAL\User</Message>
      <Level>Information</Level>
      <Task>Process Create (rule: ProcessCreate)</Task>
      <Opcode>Info</Opcode>
    </RenderingInfo>
  </Event>
  
"
Microsoft-Windows-Sysmon/Operational,"""cmd.exe"" /c c:\windows\system32\msiexec.exe /q /i ""C:\AtomicRedTeam\atomics\T1218.007\bin\T1218.007_VBScript.msi""",Microsoft Corporation,WinDev2309Eval,,C:\Users\User\AppData\Local\Temp\,Windows Command Processor,,,,,,,1,19580,,10.0.22621.2506 (WinBuild.160101.0800),"MD5=133D568ECCB557E37BEA1459521CBAC2,SHA256=05A30592D2C3421C41121145C6EEFA7C81FEA6B42D6233A522240A8468326B9C,IMPHASH=D73E39DAB3C8B57AA408073D01254964",C:\Windows\System32\cmd.exe,,Medium,0x8000000000000000,Information,{f57bd86a-36f9-658c-7bf8-020000000000},0x2f87b,"Process Create:

RuleName: -

UtcTime: 2023-12-27 22:42:06.640

ProcessGuid: {f57bd86a-a83e-658c-cc01-000000000f00}

ProcessId: 10996

Image: C:\Windows\System32\cmd.exe

FileVersion: 10.0.22621.2506 (WinBuild.160101.0800)

Description: Windows Command Processor

Product: Microsoft® Windows® Operating System

Company: Microsoft Corporation

OriginalFileName: Cmd.Exe

CommandLine: ""cmd.exe"" /c c:\windows\system32\msiexec.exe /q /i ""C:\AtomicRedTeam\atomics\T1218.007\bin\T1218.007_VBScript.msi""

CurrentDirectory: C:\Users\User\AppData\Local\Temp\

User: WINDEV2309EVAL\User

LogonGuid: {f57bd86a-36f9-658c-7bf8-020000000000}

LogonId: 0x2F87B

TerminalSessionId: 1

IntegrityLevel: Medium

Hashes: MD5=133D568ECCB557E37BEA1459521CBAC2,SHA256=05A30592D2C3421C41121145C6EEFA7C81FEA6B42D6233A522240A8468326B9C,IMPHASH=D73E39DAB3C8B57AA408073D01254964

ParentProcessGuid: {00000000-0000-0000-0000-000000000000}

ParentProcessId: 1688

ParentImage: -

ParentCommandLine: -

ParentUser: -",Info,Cmd.Exe,-,-,{00000000-0000-0000-0000-000000000000},1688,-,{f57bd86a-a83e-658c-cc01-000000000f00},3588,10996,Microsoft® Windows® Operating System,,,,,"
      ",-,,,,,,2023-12-27T22:42:06.6418972Z,,,Process Create (rule: ProcessCreate),1,5124,WINDEV2309EVAL\User,S-1-5-18,2023-12-27 22:42:06.640,5,"<Event xmlns=""http://schemas.microsoft.com/win/2004/08/events/event"">
    <System>
      <Provider Name=""Microsoft-Windows-Sysmon"" Guid=""{5770385f-c22a-43e0-bf4c-06f5698ffbd9}""/>
      <EventID>1</EventID>
      <Version>5</Version>
      <Level>4</Level>
      <Task>1</Task>
      <Opcode>0</Opcode>
      <Keywords>0x8000000000000000</Keywords>
      <TimeCreated SystemTime=""2023-12-27T22:42:06.6418972Z""/>
      <EventRecordID>19580</EventRecordID>
      <Correlation/>
      <Execution ProcessID=""3588"" ThreadID=""5124""/>
      <Channel>Microsoft-Windows-Sysmon/Operational</Channel>
      <Computer>WinDev2309Eval</Computer>
      <Security UserID=""S-1-5-18""/>
    </System>
    <EventData>
      <Data Name=""RuleName"">-</Data>
      <Data Name=""UtcTime"">2023-12-27 22:42:06.640</Data>
      <Data Name=""ProcessGuid"">{f57bd86a-a83e-658c-cc01-000000000f00}</Data>
      <Data Name=""ProcessId"">10996</Data>
      <Data Name=""Image"">C:\Windows\System32\cmd.exe</Data>
      <Data Name=""FileVersion"">10.0.22621.2506 (WinBuild.160101.0800)</Data>
      <Data Name=""Description"">Windows Command Processor</Data>
      <Data Name=""Product"">Microsoft&#174; Windows&#174; Operating System</Data>
      <Data Name=""Company"">Microsoft Corporation</Data>
      <Data Name=""OriginalFileName"">Cmd.Exe</Data>
      <Data Name=""CommandLine"">""cmd.exe"" /c c:\windows\system32\msiexec.exe /q /i ""C:\AtomicRedTeam\atomics\T1218.007\bin\T1218.007_VBScript.msi""</Data>
      <Data Name=""CurrentDirectory"">C:\Users\User\AppData\Local\Temp\</Data>
      <Data Name=""User"">WINDEV2309EVAL\User</Data>
      <Data Name=""LogonGuid"">{f57bd86a-36f9-658c-7bf8-020000000000}</Data>
      <Data Name=""LogonId"">0x2f87b</Data>
      <Data Name=""TerminalSessionId"">1</Data>
      <Data Name=""IntegrityLevel"">Medium</Data>
      <Data Name=""Hashes"">MD5=133D568ECCB557E37BEA1459521CBAC2,SHA256=05A30592D2C3421C41121145C6EEFA7C81FEA6B42D6233A522240A8468326B9C,IMPHASH=D73E39DAB3C8B57AA408073D01254964</Data>
      <Data Name=""ParentProcessGuid"">{00000000-0000-0000-0000-000000000000}</Data>
      <Data Name=""ParentProcessId"">1688</Data>
      <Data Name=""ParentImage"">-</Data>
      <Data Name=""ParentCommandLine"">-</Data>
      <Data Name=""ParentUser"">-</Data>
    </EventData>
    <RenderingInfo Culture=""en-US"">
      <Message>Process Create:

RuleName: -

UtcTime: 2023-12-27 22:42:06.640

ProcessGuid: {f57bd86a-a83e-658c-cc01-000000000f00}

ProcessId: 10996

Image: C:\Windows\System32\cmd.exe

FileVersion: 10.0.22621.2506 (WinBuild.160101.0800)

Description: Windows Command Processor

Product: Microsoft&#174; Windows&#174; Operating System

Company: Microsoft Corporation

OriginalFileName: Cmd.Exe

CommandLine: ""cmd.exe"" /c c:\windows\system32\msiexec.exe /q /i ""C:\AtomicRedTeam\atomics\T1218.007\bin\T1218.007_VBScript.msi""

CurrentDirectory: C:\Users\User\AppData\Local\Temp\

User: WINDEV2309EVAL\User

LogonGuid: {f57bd86a-36f9-658c-7bf8-020000000000}

LogonId: 0x2F87B

TerminalSessionId: 1

IntegrityLevel: Medium

Hashes: MD5=133D568ECCB557E37BEA1459521CBAC2,SHA256=05A30592D2C3421C41121145C6EEFA7C81FEA6B42D6233A522240A8468326B9C,IMPHASH=D73E39DAB3C8B57AA408073D01254964

ParentProcessGuid: {00000000-0000-0000-0000-000000000000}

ParentProcessId: 1688

ParentImage: -

ParentCommandLine: -

ParentUser: -</Message>
      <Level>Information</Level>
      <Task>Process Create (rule: ProcessCreate)</Task>
      <Opcode>Info</Opcode>
    </RenderingInfo>
  </Event>
  
"
Microsoft-Windows-Sysmon/Operational,,,WinDev2309Eval,2023-12-27 22:42:03.667,,,,,,,,,11,19579,,,,C:\Windows\System32\WindowsPowerShell\v1.0\powershell.exe,,,0x8000000000000000,Information,,,"File created:

RuleName: -

UtcTime: 2023-12-27 22:42:03.667

ProcessGuid: {f57bd86a-a83b-658c-c901-000000000f00}

ProcessId: 10384

Image: C:\Windows\System32\WindowsPowerShell\v1.0\powershell.exe

TargetFilename: C:\Users\User\AppData\Local\Temp\__PSScriptPolicyTest_0civ41ys.2eh.ps1

CreationUtcTime: 2023-12-27 22:42:03.667

User: WINDEV2309EVAL\User",Info,,,,,,,{f57bd86a-a83b-658c-c901-000000000f00},3588,10384,,,,,,"
      ",-,,,,,,2023-12-27T22:42:03.6806913Z,C:\Users\User\AppData\Local\Temp\__PSScriptPolicyTest_0civ41ys.2eh.ps1,,File created (rule: FileCreate),,5124,WINDEV2309EVAL\User,S-1-5-18,2023-12-27 22:42:03.667,2,"<Event xmlns=""http://schemas.microsoft.com/win/2004/08/events/event"">
    <System>
      <Provider Name=""Microsoft-Windows-Sysmon"" Guid=""{5770385f-c22a-43e0-bf4c-06f5698ffbd9}""/>
      <EventID>11</EventID>
      <Version>2</Version>
      <Level>4</Level>
      <Task>11</Task>
      <Opcode>0</Opcode>
      <Keywords>0x8000000000000000</Keywords>
      <TimeCreated SystemTime=""2023-12-27T22:42:03.6806913Z""/>
      <EventRecordID>19579</EventRecordID>
      <Correlation/>
      <Execution ProcessID=""3588"" ThreadID=""5124""/>
      <Channel>Microsoft-Windows-Sysmon/Operational</Channel>
      <Computer>WinDev2309Eval</Computer>
      <Security UserID=""S-1-5-18""/>
    </System>
    <EventData>
      <Data Name=""RuleName"">-</Data>
      <Data Name=""UtcTime"">2023-12-27 22:42:03.667</Data>
      <Data Name=""ProcessGuid"">{f57bd86a-a83b-658c-c901-000000000f00}</Data>
      <Data Name=""ProcessId"">10384</Data>
      <Data Name=""Image"">C:\Windows\System32\WindowsPowerShell\v1.0\powershell.exe</Data>
      <Data Name=""TargetFilename"">C:\Users\User\AppData\Local\Temp\__PSScriptPolicyTest_0civ41ys.2eh.ps1</Data>
      <Data Name=""CreationUtcTime"">2023-12-27 22:42:03.667</Data>
      <Data Name=""User"">WINDEV2309EVAL\User</Data>
    </EventData>
    <RenderingInfo Culture=""en-US"">
      <Message>File created:

RuleName: -

UtcTime: 2023-12-27 22:42:03.667

ProcessGuid: {f57bd86a-a83b-658c-c901-000000000f00}

ProcessId: 10384

Image: C:\Windows\System32\WindowsPowerShell\v1.0\powershell.exe

TargetFilename: C:\Users\User\AppData\Local\Temp\__PSScriptPolicyTest_0civ41ys.2eh.ps1

CreationUtcTime: 2023-12-27 22:42:03.667

User: WINDEV2309EVAL\User</Message>
      <Level>Information</Level>
      <Task>File created (rule: FileCreate)</Task>
      <Opcode>Info</Opcode>
    </RenderingInfo>
  </Event>
  
"
Microsoft-Windows-Sysmon/Operational,"""C:\Windows\System32\WindowsPowerShell\v1.0\powershell.exe"" -nop -Command Write-Host JScript executed me!; exit",Microsoft Corporation,WinDev2309Eval,,C:\Windows\system32\,Windows PowerShell,,,,,,,1,19578,,10.0.22621.2506 (WinBuild.160101.0800),"MD5=2D1D70C92A419D9079B047954C611886,SHA256=C50057756CDB25D481CF2502ABCEF124F864C27618C5057468BFC6B82B2C4EDD,IMPHASH=E09C4F82A1DA13A09F4FF2E625FEBA20",C:\Windows\System32\WindowsPowerShell\v1.0\powershell.exe,,Medium,0x8000000000000000,Information,{f57bd86a-36f9-658c-7bf8-020000000000},0x2f87b,"Process Create:

RuleName: -

UtcTime: 2023-12-27 22:42:03.503

ProcessGuid: {f57bd86a-a83b-658c-c901-000000000f00}

ProcessId: 10384

Image: C:\Windows\System32\WindowsPowerShell\v1.0\powershell.exe

FileVersion: 10.0.22621.2506 (WinBuild.160101.0800)

Description: Windows PowerShell

Product: Microsoft® Windows® Operating System

Company: Microsoft Corporation

OriginalFileName: PowerShell.EXE

CommandLine: ""C:\Windows\System32\WindowsPowerShell\v1.0\powershell.exe"" -nop -Command Write-Host JScript executed me!; exit

CurrentDirectory: C:\Windows\system32\

User: WINDEV2309EVAL\User

LogonGuid: {f57bd86a-36f9-658c-7bf8-020000000000}

LogonId: 0x2F87B

TerminalSessionId: 1

IntegrityLevel: Medium

Hashes: MD5=2D1D70C92A419D9079B047954C611886,SHA256=C50057756CDB25D481CF2502ABCEF124F864C27618C5057468BFC6B82B2C4EDD,IMPHASH=E09C4F82A1DA13A09F4FF2E625FEBA20

ParentProcessGuid: {f57bd86a-a83b-658c-c801-000000000f00}

ParentProcessId: 1640

ParentImage: C:\Windows\System32\msiexec.exe

ParentCommandLine: C:\Windows\System32\MsiExec.exe -Embedding D8B8F0F2C1EC368E78874503E2D8DF6D

ParentUser: WINDEV2309EVAL\User",Info,PowerShell.EXE,C:\Windows\System32\MsiExec.exe -Embedding D8B8F0F2C1EC368E78874503E2D8DF6D,C:\Windows\System32\msiexec.exe,{f57bd86a-a83b-658c-c801-000000000f00},1640,WINDEV2309EVAL\User,{f57bd86a-a83b-658c-c901-000000000f00},3588,10384,Microsoft® Windows® Operating System,,,,,"
      ",-,,,,,,2023-12-27T22:42:03.5044109Z,,,Process Create (rule: ProcessCreate),1,5124,WINDEV2309EVAL\User,S-1-5-18,2023-12-27 22:42:03.503,5,"<Event xmlns=""http://schemas.microsoft.com/win/2004/08/events/event"">
    <System>
      <Provider Name=""Microsoft-Windows-Sysmon"" Guid=""{5770385f-c22a-43e0-bf4c-06f5698ffbd9}""/>
      <EventID>1</EventID>
      <Version>5</Version>
      <Level>4</Level>
      <Task>1</Task>
      <Opcode>0</Opcode>
      <Keywords>0x8000000000000000</Keywords>
      <TimeCreated SystemTime=""2023-12-27T22:42:03.5044109Z""/>
      <EventRecordID>19578</EventRecordID>
      <Correlation/>
      <Execution ProcessID=""3588"" ThreadID=""5124""/>
      <Channel>Microsoft-Windows-Sysmon/Operational</Channel>
      <Computer>WinDev2309Eval</Computer>
      <Security UserID=""S-1-5-18""/>
    </System>
    <EventData>
      <Data Name=""RuleName"">-</Data>
      <Data Name=""UtcTime"">2023-12-27 22:42:03.503</Data>
      <Data Name=""ProcessGuid"">{f57bd86a-a83b-658c-c901-000000000f00}</Data>
      <Data Name=""ProcessId"">10384</Data>
      <Data Name=""Image"">C:\Windows\System32\WindowsPowerShell\v1.0\powershell.exe</Data>
      <Data Name=""FileVersion"">10.0.22621.2506 (WinBuild.160101.0800)</Data>
      <Data Name=""Description"">Windows PowerShell</Data>
      <Data Name=""Product"">Microsoft&#174; Windows&#174; Operating System</Data>
      <Data Name=""Company"">Microsoft Corporation</Data>
      <Data Name=""OriginalFileName"">PowerShell.EXE</Data>
      <Data Name=""CommandLine"">""C:\Windows\System32\WindowsPowerShell\v1.0\powershell.exe"" -nop -Command Write-Host JScript executed me!; exit</Data>
      <Data Name=""CurrentDirectory"">C:\Windows\system32\</Data>
      <Data Name=""User"">WINDEV2309EVAL\User</Data>
      <Data Name=""LogonGuid"">{f57bd86a-36f9-658c-7bf8-020000000000}</Data>
      <Data Name=""LogonId"">0x2f87b</Data>
      <Data Name=""TerminalSessionId"">1</Data>
      <Data Name=""IntegrityLevel"">Medium</Data>
      <Data Name=""Hashes"">MD5=2D1D70C92A419D9079B047954C611886,SHA256=C50057756CDB25D481CF2502ABCEF124F864C27618C5057468BFC6B82B2C4EDD,IMPHASH=E09C4F82A1DA13A09F4FF2E625FEBA20</Data>
      <Data Name=""ParentProcessGuid"">{f57bd86a-a83b-658c-c801-000000000f00}</Data>
      <Data Name=""ParentProcessId"">1640</Data>
      <Data Name=""ParentImage"">C:\Windows\System32\msiexec.exe</Data>
      <Data Name=""ParentCommandLine"">C:\Windows\System32\MsiExec.exe -Embedding D8B8F0F2C1EC368E78874503E2D8DF6D</Data>
      <Data Name=""ParentUser"">WINDEV2309EVAL\User</Data>
    </EventData>
    <RenderingInfo Culture=""en-US"">
      <Message>Process Create:

RuleName: -

UtcTime: 2023-12-27 22:42:03.503

ProcessGuid: {f57bd86a-a83b-658c-c901-000000000f00}

ProcessId: 10384

Image: C:\Windows\System32\WindowsPowerShell\v1.0\powershell.exe

FileVersion: 10.0.22621.2506 (WinBuild.160101.0800)

Description: Windows PowerShell

Product: Microsoft&#174; Windows&#174; Operating System

Company: Microsoft Corporation

OriginalFileName: PowerShell.EXE

CommandLine: ""C:\Windows\System32\WindowsPowerShell\v1.0\powershell.exe"" -nop -Command Write-Host JScript executed me!; exit

CurrentDirectory: C:\Windows\system32\

User: WINDEV2309EVAL\User

LogonGuid: {f57bd86a-36f9-658c-7bf8-020000000000}

LogonId: 0x2F87B

TerminalSessionId: 1

IntegrityLevel: Medium

Hashes: MD5=2D1D70C92A419D9079B047954C611886,SHA256=C50057756CDB25D481CF2502ABCEF124F864C27618C5057468BFC6B82B2C4EDD,IMPHASH=E09C4F82A1DA13A09F4FF2E625FEBA20

ParentProcessGuid: {f57bd86a-a83b-658c-c801-000000000f00}

ParentProcessId: 1640

ParentImage: C:\Windows\System32\msiexec.exe

ParentCommandLine: C:\Windows\System32\MsiExec.exe -Embedding D8B8F0F2C1EC368E78874503E2D8DF6D

ParentUser: WINDEV2309EVAL\User</Message>
      <Level>Information</Level>
      <Task>Process Create (rule: ProcessCreate)</Task>
      <Opcode>Info</Opcode>
    </RenderingInfo>
  </Event>
  
"
Microsoft-Windows-Sysmon/Operational,C:\Windows\System32\MsiExec.exe -Embedding D8B8F0F2C1EC368E78874503E2D8DF6D,Microsoft Corporation,WinDev2309Eval,,C:\Windows\system32\,Windows® installer,,,,,,,1,19577,,5.0.22621.1 (WinBuild.160101.0800),"MD5=302BE4B7434E679769029C8570825CC0,SHA256=5A31EA6A517A065166FAFA01A0AC6A350D0E2DCBA1B6DD4FDB41AE59109568E1,IMPHASH=0990A9500FF8DF93E0E059EE13E7C796",C:\Windows\System32\msiexec.exe,,Medium,0x8000000000000000,Information,{f57bd86a-36f9-658c-7bf8-020000000000},0x2f87b,"Process Create:

RuleName: -

UtcTime: 2023-12-27 22:42:03.340

ProcessGuid: {f57bd86a-a83b-658c-c801-000000000f00}

ProcessId: 1640

Image: C:\Windows\System32\msiexec.exe

FileVersion: 5.0.22621.1 (WinBuild.160101.0800)

Description: Windows® installer

Product: Windows Installer - Unicode

Company: Microsoft Corporation

OriginalFileName: msiexec.exe

CommandLine: C:\Windows\System32\MsiExec.exe -Embedding D8B8F0F2C1EC368E78874503E2D8DF6D

CurrentDirectory: C:\Windows\system32\

User: WINDEV2309EVAL\User

LogonGuid: {f57bd86a-36f9-658c-7bf8-020000000000}

LogonId: 0x2F87B

TerminalSessionId: 1

IntegrityLevel: Medium

Hashes: MD5=302BE4B7434E679769029C8570825CC0,SHA256=5A31EA6A517A065166FAFA01A0AC6A350D0E2DCBA1B6DD4FDB41AE59109568E1,IMPHASH=0990A9500FF8DF93E0E059EE13E7C796

ParentProcessGuid: {f57bd86a-a83a-658c-c701-000000000f00}

ParentProcessId: 3264

ParentImage: C:\Windows\System32\msiexec.exe

ParentCommandLine: C:\Windows\system32\msiexec.exe /V

ParentUser: NT AUTHORITY\SYSTEM",Info,msiexec.exe,C:\Windows\system32\msiexec.exe /V,C:\Windows\System32\msiexec.exe,{f57bd86a-a83a-658c-c701-000000000f00},3264,NT AUTHORITY\SYSTEM,{f57bd86a-a83b-658c-c801-000000000f00},3588,1640,Windows Installer - Unicode,,,,,"
      ",-,,,,,,2023-12-27T22:42:03.3414093Z,,,Process Create (rule: ProcessCreate),1,5124,WINDEV2309EVAL\User,S-1-5-18,2023-12-27 22:42:03.340,5,"<Event xmlns=""http://schemas.microsoft.com/win/2004/08/events/event"">
    <System>
      <Provider Name=""Microsoft-Windows-Sysmon"" Guid=""{5770385f-c22a-43e0-bf4c-06f5698ffbd9}""/>
      <EventID>1</EventID>
      <Version>5</Version>
      <Level>4</Level>
      <Task>1</Task>
      <Opcode>0</Opcode>
      <Keywords>0x8000000000000000</Keywords>
      <TimeCreated SystemTime=""2023-12-27T22:42:03.3414093Z""/>
      <EventRecordID>19577</EventRecordID>
      <Correlation/>
      <Execution ProcessID=""3588"" ThreadID=""5124""/>
      <Channel>Microsoft-Windows-Sysmon/Operational</Channel>
      <Computer>WinDev2309Eval</Computer>
      <Security UserID=""S-1-5-18""/>
    </System>
    <EventData>
      <Data Name=""RuleName"">-</Data>
      <Data Name=""UtcTime"">2023-12-27 22:42:03.340</Data>
      <Data Name=""ProcessGuid"">{f57bd86a-a83b-658c-c801-000000000f00}</Data>
      <Data Name=""ProcessId"">1640</Data>
      <Data Name=""Image"">C:\Windows\System32\msiexec.exe</Data>
      <Data Name=""FileVersion"">5.0.22621.1 (WinBuild.160101.0800)</Data>
      <Data Name=""Description"">Windows&#174; installer</Data>
      <Data Name=""Product"">Windows Installer - Unicode</Data>
      <Data Name=""Company"">Microsoft Corporation</Data>
      <Data Name=""OriginalFileName"">msiexec.exe</Data>
      <Data Name=""CommandLine"">C:\Windows\System32\MsiExec.exe -Embedding D8B8F0F2C1EC368E78874503E2D8DF6D</Data>
      <Data Name=""CurrentDirectory"">C:\Windows\system32\</Data>
      <Data Name=""User"">WINDEV2309EVAL\User</Data>
      <Data Name=""LogonGuid"">{f57bd86a-36f9-658c-7bf8-020000000000}</Data>
      <Data Name=""LogonId"">0x2f87b</Data>
      <Data Name=""TerminalSessionId"">1</Data>
      <Data Name=""IntegrityLevel"">Medium</Data>
      <Data Name=""Hashes"">MD5=302BE4B7434E679769029C8570825CC0,SHA256=5A31EA6A517A065166FAFA01A0AC6A350D0E2DCBA1B6DD4FDB41AE59109568E1,IMPHASH=0990A9500FF8DF93E0E059EE13E7C796</Data>
      <Data Name=""ParentProcessGuid"">{f57bd86a-a83a-658c-c701-000000000f00}</Data>
      <Data Name=""ParentProcessId"">3264</Data>
      <Data Name=""ParentImage"">C:\Windows\System32\msiexec.exe</Data>
      <Data Name=""ParentCommandLine"">C:\Windows\system32\msiexec.exe /V</Data>
      <Data Name=""ParentUser"">NT AUTHORITY\SYSTEM</Data>
    </EventData>
    <RenderingInfo Culture=""en-US"">
      <Message>Process Create:

RuleName: -

UtcTime: 2023-12-27 22:42:03.340

ProcessGuid: {f57bd86a-a83b-658c-c801-000000000f00}

ProcessId: 1640

Image: C:\Windows\System32\msiexec.exe

FileVersion: 5.0.22621.1 (WinBuild.160101.0800)

Description: Windows&#174; installer

Product: Windows Installer - Unicode

Company: Microsoft Corporation

OriginalFileName: msiexec.exe

CommandLine: C:\Windows\System32\MsiExec.exe -Embedding D8B8F0F2C1EC368E78874503E2D8DF6D

CurrentDirectory: C:\Windows\system32\

User: WINDEV2309EVAL\User

LogonGuid: {f57bd86a-36f9-658c-7bf8-020000000000}

LogonId: 0x2F87B

TerminalSessionId: 1

IntegrityLevel: Medium

Hashes: MD5=302BE4B7434E679769029C8570825CC0,SHA256=5A31EA6A517A065166FAFA01A0AC6A350D0E2DCBA1B6DD4FDB41AE59109568E1,IMPHASH=0990A9500FF8DF93E0E059EE13E7C796

ParentProcessGuid: {f57bd86a-a83a-658c-c701-000000000f00}

ParentProcessId: 3264

ParentImage: C:\Windows\System32\msiexec.exe

ParentCommandLine: C:\Windows\system32\msiexec.exe /V

ParentUser: NT AUTHORITY\SYSTEM</Message>
      <Level>Information</Level>
      <Task>Process Create (rule: ProcessCreate)</Task>
      <Opcode>Info</Opcode>
    </RenderingInfo>
  </Event>
  
"
Microsoft-Windows-Sysmon/Operational,,,WinDev2309Eval,,,,,,,,,Binary Data,13,19576,SetValue,,,C:\Windows\system32\svchost.exe,,,0x8000000000000000,Information,,,"Registry value set:

RuleName: InvDB

EventType: SetValue

UtcTime: 2023-12-27 22:42:03.284

ProcessGuid: {f57bd86a-3753-658c-d500-000000000f00}

ProcessId: 6796

Image: C:\Windows\system32\svchost.exe

TargetObject: HKU\S-1-5-21-2835251196-2691927458-378326815-1000\Software\Microsoft\Windows NT\CurrentVersion\AppCompatFlags\Compatibility Assistant\Store\C:\Windows\System32\msiexec.exe

Details: Binary Data

User: NT AUTHORITY\SYSTEM",Info,,,,,,,{f57bd86a-3753-658c-d500-000000000f00},3588,6796,,,,,,"
      ",InvDB,,,,,,2023-12-27T22:42:03.2987573Z,,HKU\S-1-5-21-2835251196-2691927458-378326815-1000\Software\Microsoft\Windows NT\CurrentVersion\AppCompatFlags\Compatibility Assistant\Store\C:\Windows\System32\msiexec.exe,Registry value set (rule: RegistryEvent),,5124,NT AUTHORITY\SYSTEM,S-1-5-18,2023-12-27 22:42:03.284,2,"<Event xmlns=""http://schemas.microsoft.com/win/2004/08/events/event"">
    <System>
      <Provider Name=""Microsoft-Windows-Sysmon"" Guid=""{5770385f-c22a-43e0-bf4c-06f5698ffbd9}""/>
      <EventID>13</EventID>
      <Version>2</Version>
      <Level>4</Level>
      <Task>13</Task>
      <Opcode>0</Opcode>
      <Keywords>0x8000000000000000</Keywords>
      <TimeCreated SystemTime=""2023-12-27T22:42:03.2987573Z""/>
      <EventRecordID>19576</EventRecordID>
      <Correlation/>
      <Execution ProcessID=""3588"" ThreadID=""5124""/>
      <Channel>Microsoft-Windows-Sysmon/Operational</Channel>
      <Computer>WinDev2309Eval</Computer>
      <Security UserID=""S-1-5-18""/>
    </System>
    <EventData>
      <Data Name=""RuleName"">InvDB</Data>
      <Data Name=""EventType"">SetValue</Data>
      <Data Name=""UtcTime"">2023-12-27 22:42:03.284</Data>
      <Data Name=""ProcessGuid"">{f57bd86a-3753-658c-d500-000000000f00}</Data>
      <Data Name=""ProcessId"">6796</Data>
      <Data Name=""Image"">C:\Windows\system32\svchost.exe</Data>
      <Data Name=""TargetObject"">HKU\S-1-5-21-2835251196-2691927458-378326815-1000\Software\Microsoft\Windows NT\CurrentVersion\AppCompatFlags\Compatibility Assistant\Store\C:\Windows\System32\msiexec.exe</Data>
      <Data Name=""Details"">Binary Data</Data>
      <Data Name=""User"">NT AUTHORITY\SYSTEM</Data>
    </EventData>
    <RenderingInfo Culture=""en-US"">
      <Message>Registry value set:

RuleName: InvDB

EventType: SetValue

UtcTime: 2023-12-27 22:42:03.284

ProcessGuid: {f57bd86a-3753-658c-d500-000000000f00}

ProcessId: 6796

Image: C:\Windows\system32\svchost.exe

TargetObject: HKU\S-1-5-21-2835251196-2691927458-378326815-1000\Software\Microsoft\Windows NT\CurrentVersion\AppCompatFlags\Compatibility Assistant\Store\C:\Windows\System32\msiexec.exe

Details: Binary Data

User: NT AUTHORITY\SYSTEM</Message>
      <Level>Information</Level>
      <Task>Registry value set (rule: RegistryEvent)</Task>
      <Opcode>Info</Opcode>
    </RenderingInfo>
  </Event>
  
"
