Microsoft-Windows-Sysmon/Operational,"""powershell.exe"" & {Start-Process \""""C:\AtomicRedTeam\atomics\..\ExternalPayloads\ammyy.exe\""""}",Microsoft Corporation,WinDev2309Eval,,C:\Users\User\AppData\Local\Temp\,Windows PowerShell,,,,,,,1,19754,,10.0.22621.2506 (WinBuild.160101.0800),"MD5=2D1D70C92A419D9079B047954C611886,SHA256=C50057756CDB25D481CF2502ABCEF124F864C27618C5057468BFC6B82B2C4EDD,IMPHASH=E09C4F82A1DA13A09F4FF2E625FEBA20",C:\Windows\System32\WindowsPowerShell\v1.0\powershell.exe,,Medium,0x8000000000000000,Information,{f57bd86a-36f9-658c-7bf8-020000000000},0x2f87b,"Process Create:

RuleName: -

UtcTime: 2023-12-27 23:02:23.975

ProcessGuid: {f57bd86a-acff-658c-e401-000000000f00}

ProcessId: 2516

Image: C:\Windows\System32\WindowsPowerShell\v1.0\powershell.exe

FileVersion: 10.0.22621.2506 (WinBuild.160101.0800)

Description: Windows PowerShell

Product: Microsoft® Windows® Operating System

Company: Microsoft Corporation

OriginalFileName: PowerShell.EXE

CommandLine: ""powershell.exe"" & {Start-Process \""""C:\AtomicRedTeam\atomics\..\ExternalPayloads\ammyy.exe\""""}

CurrentDirectory: C:\Users\User\AppData\Local\Temp\

User: WINDEV2309EVAL\User

LogonGuid: {f57bd86a-36f9-658c-7bf8-020000000000}

LogonId: 0x2F87B

TerminalSessionId: 1

IntegrityLevel: Medium

Hashes: MD5=2D1D70C92A419D9079B047954C611886,SHA256=C50057756CDB25D481CF2502ABCEF124F864C27618C5057468BFC6B82B2C4EDD,IMPHASH=E09C4F82A1DA13A09F4FF2E625FEBA20

ParentProcessGuid: {00000000-0000-0000-0000-000000000000}

ParentProcessId: 1688

ParentImage: -

ParentCommandLine: -

ParentUser: -",Info,PowerShell.EXE,-,-,{00000000-0000-0000-0000-000000000000},1688,-,,{f57bd86a-acff-658c-e401-000000000f00},3588,2516,Microsoft® Windows® Operating System,,,,,"
      ",-,,,,,,2023-12-27T23:02:23.9763551Z,,,Process Create (rule: ProcessCreate),1,5124,WINDEV2309EVAL\User,S-1-5-18,2023-12-27 23:02:23.975,5,"<Event xmlns=""http://schemas.microsoft.com/win/2004/08/events/event"">
    <System>
      <Provider Name=""Microsoft-Windows-Sysmon"" Guid=""{5770385f-c22a-43e0-bf4c-06f5698ffbd9}""/>
      <EventID>1</EventID>
      <Version>5</Version>
      <Level>4</Level>
      <Task>1</Task>
      <Opcode>0</Opcode>
      <Keywords>0x8000000000000000</Keywords>
      <TimeCreated SystemTime=""2023-12-27T23:02:23.9763551Z""/>
      <EventRecordID>19754</EventRecordID>
      <Correlation/>
      <Execution ProcessID=""3588"" ThreadID=""5124""/>
      <Channel>Microsoft-Windows-Sysmon/Operational</Channel>
      <Computer>WinDev2309Eval</Computer>
      <Security UserID=""S-1-5-18""/>
    </System>
    <EventData>
      <Data Name=""RuleName"">-</Data>
      <Data Name=""UtcTime"">2023-12-27 23:02:23.975</Data>
      <Data Name=""ProcessGuid"">{f57bd86a-acff-658c-e401-000000000f00}</Data>
      <Data Name=""ProcessId"">2516</Data>
      <Data Name=""Image"">C:\Windows\System32\WindowsPowerShell\v1.0\powershell.exe</Data>
      <Data Name=""FileVersion"">10.0.22621.2506 (WinBuild.160101.0800)</Data>
      <Data Name=""Description"">Windows PowerShell</Data>
      <Data Name=""Product"">Microsoft&#174; Windows&#174; Operating System</Data>
      <Data Name=""Company"">Microsoft Corporation</Data>
      <Data Name=""OriginalFileName"">PowerShell.EXE</Data>
      <Data Name=""CommandLine"">""powershell.exe"" &amp; {Start-Process \""""C:\AtomicRedTeam\atomics\..\ExternalPayloads\ammyy.exe\""""}</Data>
      <Data Name=""CurrentDirectory"">C:\Users\User\AppData\Local\Temp\</Data>
      <Data Name=""User"">WINDEV2309EVAL\User</Data>
      <Data Name=""LogonGuid"">{f57bd86a-36f9-658c-7bf8-020000000000}</Data>
      <Data Name=""LogonId"">0x2f87b</Data>
      <Data Name=""TerminalSessionId"">1</Data>
      <Data Name=""IntegrityLevel"">Medium</Data>
      <Data Name=""Hashes"">MD5=2D1D70C92A419D9079B047954C611886,SHA256=C50057756CDB25D481CF2502ABCEF124F864C27618C5057468BFC6B82B2C4EDD,IMPHASH=E09C4F82A1DA13A09F4FF2E625FEBA20</Data>
      <Data Name=""ParentProcessGuid"">{00000000-0000-0000-0000-000000000000}</Data>
      <Data Name=""ParentProcessId"">1688</Data>
      <Data Name=""ParentImage"">-</Data>
      <Data Name=""ParentCommandLine"">-</Data>
      <Data Name=""ParentUser"">-</Data>
    </EventData>
    <RenderingInfo Culture=""en-US"">
      <Message>Process Create:

RuleName: -

UtcTime: 2023-12-27 23:02:23.975

ProcessGuid: {f57bd86a-acff-658c-e401-000000000f00}

ProcessId: 2516

Image: C:\Windows\System32\WindowsPowerShell\v1.0\powershell.exe

FileVersion: 10.0.22621.2506 (WinBuild.160101.0800)

Description: Windows PowerShell

Product: Microsoft&#174; Windows&#174; Operating System

Company: Microsoft Corporation

OriginalFileName: PowerShell.EXE

CommandLine: ""powershell.exe"" &amp; {Start-Process \""""C:\AtomicRedTeam\atomics\..\ExternalPayloads\ammyy.exe\""""}

CurrentDirectory: C:\Users\User\AppData\Local\Temp\

User: WINDEV2309EVAL\User

LogonGuid: {f57bd86a-36f9-658c-7bf8-020000000000}

LogonId: 0x2F87B

TerminalSessionId: 1

IntegrityLevel: Medium

Hashes: MD5=2D1D70C92A419D9079B047954C611886,SHA256=C50057756CDB25D481CF2502ABCEF124F864C27618C5057468BFC6B82B2C4EDD,IMPHASH=E09C4F82A1DA13A09F4FF2E625FEBA20

ParentProcessGuid: {00000000-0000-0000-0000-000000000000}

ParentProcessId: 1688

ParentImage: -

ParentCommandLine: -

ParentUser: -</Message>
      <Level>Information</Level>
      <Task>Process Create (rule: ProcessCreate)</Task>
      <Opcode>Info</Opcode>
    </RenderingInfo>
  </Event>
  
"
Microsoft-Windows-Sysmon/Operational,,,WinDev2309Eval,,,,,,,,,,5,19753,,,,C:\Users\User\AppData\Local\GoToAssist Remote Support Expert\1702\g2ax_session_expert.exe,,,0x8000000000000000,Information,,,"Process terminated:

RuleName: -

UtcTime: 2023-12-27 23:01:12.699

ProcessGuid: {f57bd86a-ac90-658c-dd01-000000000f00}

ProcessId: 8480

Image: C:\Users\User\AppData\Local\GoToAssist Remote Support Expert\1702\g2ax_session_expert.exe

User: WINDEV2309EVAL\User",Info,,,,,,,,{f57bd86a-ac90-658c-dd01-000000000f00},3588,8480,,,,,,"
      ",-,,,,,,2023-12-27T23:01:12.7062292Z,,,Process terminated (rule: ProcessTerminate),,5124,WINDEV2309EVAL\User,S-1-5-18,2023-12-27 23:01:12.699,3,"<Event xmlns=""http://schemas.microsoft.com/win/2004/08/events/event"">
    <System>
      <Provider Name=""Microsoft-Windows-Sysmon"" Guid=""{5770385f-c22a-43e0-bf4c-06f5698ffbd9}""/>
      <EventID>5</EventID>
      <Version>3</Version>
      <Level>4</Level>
      <Task>5</Task>
      <Opcode>0</Opcode>
      <Keywords>0x8000000000000000</Keywords>
      <TimeCreated SystemTime=""2023-12-27T23:01:12.7062292Z""/>
      <EventRecordID>19753</EventRecordID>
      <Correlation/>
      <Execution ProcessID=""3588"" ThreadID=""5124""/>
      <Channel>Microsoft-Windows-Sysmon/Operational</Channel>
      <Computer>WinDev2309Eval</Computer>
      <Security UserID=""S-1-5-18""/>
    </System>
    <EventData>
      <Data Name=""RuleName"">-</Data>
      <Data Name=""UtcTime"">2023-12-27 23:01:12.699</Data>
      <Data Name=""ProcessGuid"">{f57bd86a-ac90-658c-dd01-000000000f00}</Data>
      <Data Name=""ProcessId"">8480</Data>
      <Data Name=""Image"">C:\Users\User\AppData\Local\GoToAssist Remote Support Expert\1702\g2ax_session_expert.exe</Data>
      <Data Name=""User"">WINDEV2309EVAL\User</Data>
    </EventData>
    <RenderingInfo Culture=""en-US"">
      <Message>Process terminated:

RuleName: -

UtcTime: 2023-12-27 23:01:12.699

ProcessGuid: {f57bd86a-ac90-658c-dd01-000000000f00}

ProcessId: 8480

Image: C:\Users\User\AppData\Local\GoToAssist Remote Support Expert\1702\g2ax_session_expert.exe

User: WINDEV2309EVAL\User</Message>
      <Level>Information</Level>
      <Task>Process terminated (rule: ProcessTerminate)</Task>
      <Opcode>Info</Opcode>
    </RenderingInfo>
  </Event>
  
"
Microsoft-Windows-Sysmon/Operational,"""C:\Windows\system32\appidcertstorecheck.exe""",Microsoft Corporation,WinDev2309Eval,,C:\Windows\system32\,AppID Certificate Store Verification Task,,,,,,,1,19752,,10.0.22621.2506 (WinBuild.160101.0800),"MD5=A3D3C1CF254BF1B45F5950EFAD6621AF,SHA256=82906ECB6EE934ED28839F127F7994A517B9D9C83746187246D6F226FB6A65E6,IMPHASH=7168353EDBE3AB24A184BB681FD55AE6",C:\Windows\System32\appidcertstorecheck.exe,,System,0x8000000000000000,Information,{f57bd86a-36f6-658c-e503-000000000000},0x3e5,"Process Create:

RuleName: -

UtcTime: 2023-12-27 23:01:07.228

ProcessGuid: {f57bd86a-acb3-658c-e101-000000000f00}

ProcessId: 11900

Image: C:\Windows\System32\appidcertstorecheck.exe

FileVersion: 10.0.22621.2506 (WinBuild.160101.0800)

Description: AppID Certificate Store Verification Task

Product: Microsoft® Windows® Operating System

Company: Microsoft Corporation

OriginalFileName: AppIDCertstoreCheck.exe

CommandLine: ""C:\Windows\system32\appidcertstorecheck.exe""

CurrentDirectory: C:\Windows\system32\

User: NT AUTHORITY\LOCAL SERVICE

LogonGuid: {f57bd86a-36f6-658c-e503-000000000000}

LogonId: 0x3E5

TerminalSessionId: 0

IntegrityLevel: System

Hashes: MD5=A3D3C1CF254BF1B45F5950EFAD6621AF,SHA256=82906ECB6EE934ED28839F127F7994A517B9D9C83746187246D6F226FB6A65E6,IMPHASH=7168353EDBE3AB24A184BB681FD55AE6

ParentProcessGuid: {f57bd86a-36f6-658c-1d00-000000000f00}

ParentProcessId: 1496

ParentImage: C:\Windows\System32\svchost.exe

ParentCommandLine: C:\Windows\system32\svchost.exe -k netsvcs -p -s Schedule

ParentUser: NT AUTHORITY\SYSTEM",Info,AppIDCertstoreCheck.exe,C:\Windows\system32\svchost.exe -k netsvcs -p -s Schedule,C:\Windows\System32\svchost.exe,{f57bd86a-36f6-658c-1d00-000000000f00},1496,NT AUTHORITY\SYSTEM,,{f57bd86a-acb3-658c-e101-000000000f00},3588,11900,Microsoft® Windows® Operating System,,,,,"
      ",-,,,,,,2023-12-27T23:01:07.2291432Z,,,Process Create (rule: ProcessCreate),0,5124,NT AUTHORITY\LOCAL SERVICE,S-1-5-18,2023-12-27 23:01:07.228,5,"<Event xmlns=""http://schemas.microsoft.com/win/2004/08/events/event"">
    <System>
      <Provider Name=""Microsoft-Windows-Sysmon"" Guid=""{5770385f-c22a-43e0-bf4c-06f5698ffbd9}""/>
      <EventID>1</EventID>
      <Version>5</Version>
      <Level>4</Level>
      <Task>1</Task>
      <Opcode>0</Opcode>
      <Keywords>0x8000000000000000</Keywords>
      <TimeCreated SystemTime=""2023-12-27T23:01:07.2291432Z""/>
      <EventRecordID>19752</EventRecordID>
      <Correlation/>
      <Execution ProcessID=""3588"" ThreadID=""5124""/>
      <Channel>Microsoft-Windows-Sysmon/Operational</Channel>
      <Computer>WinDev2309Eval</Computer>
      <Security UserID=""S-1-5-18""/>
    </System>
    <EventData>
      <Data Name=""RuleName"">-</Data>
      <Data Name=""UtcTime"">2023-12-27 23:01:07.228</Data>
      <Data Name=""ProcessGuid"">{f57bd86a-acb3-658c-e101-000000000f00}</Data>
      <Data Name=""ProcessId"">11900</Data>
      <Data Name=""Image"">C:\Windows\System32\appidcertstorecheck.exe</Data>
      <Data Name=""FileVersion"">10.0.22621.2506 (WinBuild.160101.0800)</Data>
      <Data Name=""Description"">AppID Certificate Store Verification Task</Data>
      <Data Name=""Product"">Microsoft&#174; Windows&#174; Operating System</Data>
      <Data Name=""Company"">Microsoft Corporation</Data>
      <Data Name=""OriginalFileName"">AppIDCertstoreCheck.exe</Data>
      <Data Name=""CommandLine"">""C:\Windows\system32\appidcertstorecheck.exe""</Data>
      <Data Name=""CurrentDirectory"">C:\Windows\system32\</Data>
      <Data Name=""User"">NT AUTHORITY\LOCAL SERVICE</Data>
      <Data Name=""LogonGuid"">{f57bd86a-36f6-658c-e503-000000000000}</Data>
      <Data Name=""LogonId"">0x3e5</Data>
      <Data Name=""TerminalSessionId"">0</Data>
      <Data Name=""IntegrityLevel"">System</Data>
      <Data Name=""Hashes"">MD5=A3D3C1CF254BF1B45F5950EFAD6621AF,SHA256=82906ECB6EE934ED28839F127F7994A517B9D9C83746187246D6F226FB6A65E6,IMPHASH=7168353EDBE3AB24A184BB681FD55AE6</Data>
      <Data Name=""ParentProcessGuid"">{f57bd86a-36f6-658c-1d00-000000000f00}</Data>
      <Data Name=""ParentProcessId"">1496</Data>
      <Data Name=""ParentImage"">C:\Windows\System32\svchost.exe</Data>
      <Data Name=""ParentCommandLine"">C:\Windows\system32\svchost.exe -k netsvcs -p -s Schedule</Data>
      <Data Name=""ParentUser"">NT AUTHORITY\SYSTEM</Data>
    </EventData>
    <RenderingInfo Culture=""en-US"">
      <Message>Process Create:

RuleName: -

UtcTime: 2023-12-27 23:01:07.228

ProcessGuid: {f57bd86a-acb3-658c-e101-000000000f00}

ProcessId: 11900

Image: C:\Windows\System32\appidcertstorecheck.exe

FileVersion: 10.0.22621.2506 (WinBuild.160101.0800)

Description: AppID Certificate Store Verification Task

Product: Microsoft&#174; Windows&#174; Operating System

Company: Microsoft Corporation

OriginalFileName: AppIDCertstoreCheck.exe

CommandLine: ""C:\Windows\system32\appidcertstorecheck.exe""

CurrentDirectory: C:\Windows\system32\

User: NT AUTHORITY\LOCAL SERVICE

LogonGuid: {f57bd86a-36f6-658c-e503-000000000000}

LogonId: 0x3E5

TerminalSessionId: 0

IntegrityLevel: System

Hashes: MD5=A3D3C1CF254BF1B45F5950EFAD6621AF,SHA256=82906ECB6EE934ED28839F127F7994A517B9D9C83746187246D6F226FB6A65E6,IMPHASH=7168353EDBE3AB24A184BB681FD55AE6

ParentProcessGuid: {f57bd86a-36f6-658c-1d00-000000000f00}

ParentProcessId: 1496

ParentImage: C:\Windows\System32\svchost.exe

ParentCommandLine: C:\Windows\system32\svchost.exe -k netsvcs -p -s Schedule

ParentUser: NT AUTHORITY\SYSTEM</Message>
      <Level>Information</Level>
      <Task>Process Create (rule: ProcessCreate)</Task>
      <Opcode>Info</Opcode>
    </RenderingInfo>
  </Event>
  
"
Microsoft-Windows-Sysmon/Operational,,,WinDev2309Eval,,,,,,,,,4.8.1702.0,13,19751,SetValue,,,C:\Windows\system32\compattelrunner.exe,,,0x8000000000000000,Information,,,"Registry value set:

RuleName: InvDB-Ver

EventType: SetValue

UtcTime: 2023-12-27 23:01:00.723

ProcessGuid: {f57bd86a-acac-658c-df01-000000000f00}

ProcessId: 11836

Image: C:\Windows\system32\compattelrunner.exe

TargetObject: \REGISTRY\A\{b3b14332-edc6-625a-c682-62677f6d06d4}\Root\InventoryApplicationFile\g2ax_user_expert|ba068cff4b9d4416\BinProductVersion

Details: 4.8.1702.0

User: NT AUTHORITY\SYSTEM",Info,,,,,,,,{f57bd86a-acac-658c-df01-000000000f00},3588,11836,,,,,,"
      ",InvDB-Ver,,,,,,2023-12-27T23:01:00.7342613Z,,\REGISTRY\A\{b3b14332-edc6-625a-c682-62677f6d06d4}\Root\InventoryApplicationFile\g2ax_user_expert|ba068cff4b9d4416\BinProductVersion,Registry value set (rule: RegistryEvent),,5124,NT AUTHORITY\SYSTEM,S-1-5-18,2023-12-27 23:01:00.723,2,"<Event xmlns=""http://schemas.microsoft.com/win/2004/08/events/event"">
    <System>
      <Provider Name=""Microsoft-Windows-Sysmon"" Guid=""{5770385f-c22a-43e0-bf4c-06f5698ffbd9}""/>
      <EventID>13</EventID>
      <Version>2</Version>
      <Level>4</Level>
      <Task>13</Task>
      <Opcode>0</Opcode>
      <Keywords>0x8000000000000000</Keywords>
      <TimeCreated SystemTime=""2023-12-27T23:01:00.7342613Z""/>
      <EventRecordID>19751</EventRecordID>
      <Correlation/>
      <Execution ProcessID=""3588"" ThreadID=""5124""/>
      <Channel>Microsoft-Windows-Sysmon/Operational</Channel>
      <Computer>WinDev2309Eval</Computer>
      <Security UserID=""S-1-5-18""/>
    </System>
    <EventData>
      <Data Name=""RuleName"">InvDB-Ver</Data>
      <Data Name=""EventType"">SetValue</Data>
      <Data Name=""UtcTime"">2023-12-27 23:01:00.723</Data>
      <Data Name=""ProcessGuid"">{f57bd86a-acac-658c-df01-000000000f00}</Data>
      <Data Name=""ProcessId"">11836</Data>
      <Data Name=""Image"">C:\Windows\system32\compattelrunner.exe</Data>
      <Data Name=""TargetObject"">\REGISTRY\A\{b3b14332-edc6-625a-c682-62677f6d06d4}\Root\InventoryApplicationFile\g2ax_user_expert|ba068cff4b9d4416\BinProductVersion</Data>
      <Data Name=""Details"">4.8.1702.0</Data>
      <Data Name=""User"">NT AUTHORITY\SYSTEM</Data>
    </EventData>
    <RenderingInfo Culture=""en-US"">
      <Message>Registry value set:

RuleName: InvDB-Ver

EventType: SetValue

UtcTime: 2023-12-27 23:01:00.723

ProcessGuid: {f57bd86a-acac-658c-df01-000000000f00}

ProcessId: 11836

Image: C:\Windows\system32\compattelrunner.exe

TargetObject: \REGISTRY\A\{b3b14332-edc6-625a-c682-62677f6d06d4}\Root\InventoryApplicationFile\g2ax_user_expert|ba068cff4b9d4416\BinProductVersion

Details: 4.8.1702.0

User: NT AUTHORITY\SYSTEM</Message>
      <Level>Information</Level>
      <Task>Registry value set (rule: RegistryEvent)</Task>
      <Opcode>Info</Opcode>
    </RenderingInfo>
  </Event>
  
"
Microsoft-Windows-Sysmon/Operational,,,WinDev2309Eval,,,,,,,,,03/09/2021 09:51:58,13,19750,SetValue,,,C:\Windows\system32\compattelrunner.exe,,,0x8000000000000000,Information,,,"Registry value set:

RuleName: InvDB-CompileTimeClaim

EventType: SetValue

UtcTime: 2023-12-27 23:01:00.723

ProcessGuid: {f57bd86a-acac-658c-df01-000000000f00}

ProcessId: 11836

Image: C:\Windows\system32\compattelrunner.exe

TargetObject: \REGISTRY\A\{b3b14332-edc6-625a-c682-62677f6d06d4}\Root\InventoryApplicationFile\g2ax_user_expert|ba068cff4b9d4416\LinkDate

Details: 03/09/2021 09:51:58

User: NT AUTHORITY\SYSTEM",Info,,,,,,,,{f57bd86a-acac-658c-df01-000000000f00},3588,11836,,,,,,"
      ",InvDB-CompileTimeClaim,,,,,,2023-12-27T23:01:00.7342018Z,,\REGISTRY\A\{b3b14332-edc6-625a-c682-62677f6d06d4}\Root\InventoryApplicationFile\g2ax_user_expert|ba068cff4b9d4416\LinkDate,Registry value set (rule: RegistryEvent),,5124,NT AUTHORITY\SYSTEM,S-1-5-18,2023-12-27 23:01:00.723,2,"<Event xmlns=""http://schemas.microsoft.com/win/2004/08/events/event"">
    <System>
      <Provider Name=""Microsoft-Windows-Sysmon"" Guid=""{5770385f-c22a-43e0-bf4c-06f5698ffbd9}""/>
      <EventID>13</EventID>
      <Version>2</Version>
      <Level>4</Level>
      <Task>13</Task>
      <Opcode>0</Opcode>
      <Keywords>0x8000000000000000</Keywords>
      <TimeCreated SystemTime=""2023-12-27T23:01:00.7342018Z""/>
      <EventRecordID>19750</EventRecordID>
      <Correlation/>
      <Execution ProcessID=""3588"" ThreadID=""5124""/>
      <Channel>Microsoft-Windows-Sysmon/Operational</Channel>
      <Computer>WinDev2309Eval</Computer>
      <Security UserID=""S-1-5-18""/>
    </System>
    <EventData>
      <Data Name=""RuleName"">InvDB-CompileTimeClaim</Data>
      <Data Name=""EventType"">SetValue</Data>
      <Data Name=""UtcTime"">2023-12-27 23:01:00.723</Data>
      <Data Name=""ProcessGuid"">{f57bd86a-acac-658c-df01-000000000f00}</Data>
      <Data Name=""ProcessId"">11836</Data>
      <Data Name=""Image"">C:\Windows\system32\compattelrunner.exe</Data>
      <Data Name=""TargetObject"">\REGISTRY\A\{b3b14332-edc6-625a-c682-62677f6d06d4}\Root\InventoryApplicationFile\g2ax_user_expert|ba068cff4b9d4416\LinkDate</Data>
      <Data Name=""Details"">03/09/2021 09:51:58</Data>
      <Data Name=""User"">NT AUTHORITY\SYSTEM</Data>
    </EventData>
    <RenderingInfo Culture=""en-US"">
      <Message>Registry value set:

RuleName: InvDB-CompileTimeClaim

EventType: SetValue

UtcTime: 2023-12-27 23:01:00.723

ProcessGuid: {f57bd86a-acac-658c-df01-000000000f00}

ProcessId: 11836

Image: C:\Windows\system32\compattelrunner.exe

TargetObject: \REGISTRY\A\{b3b14332-edc6-625a-c682-62677f6d06d4}\Root\InventoryApplicationFile\g2ax_user_expert|ba068cff4b9d4416\LinkDate

Details: 03/09/2021 09:51:58

User: NT AUTHORITY\SYSTEM</Message>
      <Level>Information</Level>
      <Task>Registry value set (rule: RegistryEvent)</Task>
      <Opcode>Info</Opcode>
    </RenderingInfo>
  </Event>
  
"
Microsoft-Windows-Sysmon/Operational,,,WinDev2309Eval,,,,,,,,,"logmein, inc.",13,19749,SetValue,,,C:\Windows\system32\compattelrunner.exe,,,0x8000000000000000,Information,,,"Registry value set:

RuleName: InvDB-Pub

EventType: SetValue

UtcTime: 2023-12-27 23:01:00.723

ProcessGuid: {f57bd86a-acac-658c-df01-000000000f00}

ProcessId: 11836

Image: C:\Windows\system32\compattelrunner.exe

TargetObject: \REGISTRY\A\{b3b14332-edc6-625a-c682-62677f6d06d4}\Root\InventoryApplicationFile\g2ax_user_expert|ba068cff4b9d4416\Publisher

Details: logmein, inc.

User: NT AUTHORITY\SYSTEM",Info,,,,,,,,{f57bd86a-acac-658c-df01-000000000f00},3588,11836,,,,,,"
      ",InvDB-Pub,,,,,,2023-12-27T23:01:00.7337668Z,,\REGISTRY\A\{b3b14332-edc6-625a-c682-62677f6d06d4}\Root\InventoryApplicationFile\g2ax_user_expert|ba068cff4b9d4416\Publisher,Registry value set (rule: RegistryEvent),,5124,NT AUTHORITY\SYSTEM,S-1-5-18,2023-12-27 23:01:00.723,2,"<Event xmlns=""http://schemas.microsoft.com/win/2004/08/events/event"">
    <System>
      <Provider Name=""Microsoft-Windows-Sysmon"" Guid=""{5770385f-c22a-43e0-bf4c-06f5698ffbd9}""/>
      <EventID>13</EventID>
      <Version>2</Version>
      <Level>4</Level>
      <Task>13</Task>
      <Opcode>0</Opcode>
      <Keywords>0x8000000000000000</Keywords>
      <TimeCreated SystemTime=""2023-12-27T23:01:00.7337668Z""/>
      <EventRecordID>19749</EventRecordID>
      <Correlation/>
      <Execution ProcessID=""3588"" ThreadID=""5124""/>
      <Channel>Microsoft-Windows-Sysmon/Operational</Channel>
      <Computer>WinDev2309Eval</Computer>
      <Security UserID=""S-1-5-18""/>
    </System>
    <EventData>
      <Data Name=""RuleName"">InvDB-Pub</Data>
      <Data Name=""EventType"">SetValue</Data>
      <Data Name=""UtcTime"">2023-12-27 23:01:00.723</Data>
      <Data Name=""ProcessGuid"">{f57bd86a-acac-658c-df01-000000000f00}</Data>
      <Data Name=""ProcessId"">11836</Data>
      <Data Name=""Image"">C:\Windows\system32\compattelrunner.exe</Data>
      <Data Name=""TargetObject"">\REGISTRY\A\{b3b14332-edc6-625a-c682-62677f6d06d4}\Root\InventoryApplicationFile\g2ax_user_expert|ba068cff4b9d4416\Publisher</Data>
      <Data Name=""Details"">logmein, inc.</Data>
      <Data Name=""User"">NT AUTHORITY\SYSTEM</Data>
    </EventData>
    <RenderingInfo Culture=""en-US"">
      <Message>Registry value set:

RuleName: InvDB-Pub

EventType: SetValue

UtcTime: 2023-12-27 23:01:00.723

ProcessGuid: {f57bd86a-acac-658c-df01-000000000f00}

ProcessId: 11836

Image: C:\Windows\system32\compattelrunner.exe

TargetObject: \REGISTRY\A\{b3b14332-edc6-625a-c682-62677f6d06d4}\Root\InventoryApplicationFile\g2ax_user_expert|ba068cff4b9d4416\Publisher

Details: logmein, inc.

User: NT AUTHORITY\SYSTEM</Message>
      <Level>Information</Level>
      <Task>Registry value set (rule: RegistryEvent)</Task>
      <Opcode>Info</Opcode>
    </RenderingInfo>
  </Event>
  
"
Microsoft-Windows-Sysmon/Operational,,,WinDev2309Eval,,,,,,,,,c:\users\user\appdata\local\gotoassist remote support expert\1702\g2ax_user_expert.exe,13,19748,SetValue,,,C:\Windows\system32\compattelrunner.exe,,,0x8000000000000000,Information,,,"Registry value set:

RuleName: InvDB-Path

EventType: SetValue

UtcTime: 2023-12-27 23:01:00.723

ProcessGuid: {f57bd86a-acac-658c-df01-000000000f00}

ProcessId: 11836

Image: C:\Windows\system32\compattelrunner.exe

TargetObject: \REGISTRY\A\{b3b14332-edc6-625a-c682-62677f6d06d4}\Root\InventoryApplicationFile\g2ax_user_expert|ba068cff4b9d4416\LowerCaseLongPath

Details: c:\users\user\appdata\local\gotoassist remote support expert\1702\g2ax_user_expert.exe

User: NT AUTHORITY\SYSTEM",Info,,,,,,,,{f57bd86a-acac-658c-df01-000000000f00},3588,11836,,,,,,"
      ",InvDB-Path,,,,,,2023-12-27T23:01:00.7335968Z,,\REGISTRY\A\{b3b14332-edc6-625a-c682-62677f6d06d4}\Root\InventoryApplicationFile\g2ax_user_expert|ba068cff4b9d4416\LowerCaseLongPath,Registry value set (rule: RegistryEvent),,5124,NT AUTHORITY\SYSTEM,S-1-5-18,2023-12-27 23:01:00.723,2,"<Event xmlns=""http://schemas.microsoft.com/win/2004/08/events/event"">
    <System>
      <Provider Name=""Microsoft-Windows-Sysmon"" Guid=""{5770385f-c22a-43e0-bf4c-06f5698ffbd9}""/>
      <EventID>13</EventID>
      <Version>2</Version>
      <Level>4</Level>
      <Task>13</Task>
      <Opcode>0</Opcode>
      <Keywords>0x8000000000000000</Keywords>
      <TimeCreated SystemTime=""2023-12-27T23:01:00.7335968Z""/>
      <EventRecordID>19748</EventRecordID>
      <Correlation/>
      <Execution ProcessID=""3588"" ThreadID=""5124""/>
      <Channel>Microsoft-Windows-Sysmon/Operational</Channel>
      <Computer>WinDev2309Eval</Computer>
      <Security UserID=""S-1-5-18""/>
    </System>
    <EventData>
      <Data Name=""RuleName"">InvDB-Path</Data>
      <Data Name=""EventType"">SetValue</Data>
      <Data Name=""UtcTime"">2023-12-27 23:01:00.723</Data>
      <Data Name=""ProcessGuid"">{f57bd86a-acac-658c-df01-000000000f00}</Data>
      <Data Name=""ProcessId"">11836</Data>
      <Data Name=""Image"">C:\Windows\system32\compattelrunner.exe</Data>
      <Data Name=""TargetObject"">\REGISTRY\A\{b3b14332-edc6-625a-c682-62677f6d06d4}\Root\InventoryApplicationFile\g2ax_user_expert|ba068cff4b9d4416\LowerCaseLongPath</Data>
      <Data Name=""Details"">c:\users\user\appdata\local\gotoassist remote support expert\1702\g2ax_user_expert.exe</Data>
      <Data Name=""User"">NT AUTHORITY\SYSTEM</Data>
    </EventData>
    <RenderingInfo Culture=""en-US"">
      <Message>Registry value set:

RuleName: InvDB-Path

EventType: SetValue

UtcTime: 2023-12-27 23:01:00.723

ProcessGuid: {f57bd86a-acac-658c-df01-000000000f00}

ProcessId: 11836

Image: C:\Windows\system32\compattelrunner.exe

TargetObject: \REGISTRY\A\{b3b14332-edc6-625a-c682-62677f6d06d4}\Root\InventoryApplicationFile\g2ax_user_expert|ba068cff4b9d4416\LowerCaseLongPath

Details: c:\users\user\appdata\local\gotoassist remote support expert\1702\g2ax_user_expert.exe

User: NT AUTHORITY\SYSTEM</Message>
      <Level>Information</Level>
      <Task>Registry value set (rule: RegistryEvent)</Task>
      <Opcode>Info</Opcode>
    </RenderingInfo>
  </Event>
  
"
Microsoft-Windows-Sysmon/Operational,,,WinDev2309Eval,,,,,,,,,4.8.1702.0,13,19747,SetValue,,,C:\Windows\system32\compattelrunner.exe,,,0x8000000000000000,Information,,,"Registry value set:

RuleName: InvDB-Ver

EventType: SetValue

UtcTime: 2023-12-27 23:01:00.723

ProcessGuid: {f57bd86a-acac-658c-df01-000000000f00}

ProcessId: 11836

Image: C:\Windows\system32\compattelrunner.exe

TargetObject: \REGISTRY\A\{b3b14332-edc6-625a-c682-62677f6d06d4}\Root\InventoryApplicationFile\g2ax_uninstaller|e73fe03b1333ee2f\BinProductVersion

Details: 4.8.1702.0

User: NT AUTHORITY\SYSTEM",Info,,,,,,,,{f57bd86a-acac-658c-df01-000000000f00},3588,11836,,,,,,"
      ",InvDB-Ver,,,,,,2023-12-27T23:01:00.7332504Z,,\REGISTRY\A\{b3b14332-edc6-625a-c682-62677f6d06d4}\Root\InventoryApplicationFile\g2ax_uninstaller|e73fe03b1333ee2f\BinProductVersion,Registry value set (rule: RegistryEvent),,5124,NT AUTHORITY\SYSTEM,S-1-5-18,2023-12-27 23:01:00.723,2,"<Event xmlns=""http://schemas.microsoft.com/win/2004/08/events/event"">
    <System>
      <Provider Name=""Microsoft-Windows-Sysmon"" Guid=""{5770385f-c22a-43e0-bf4c-06f5698ffbd9}""/>
      <EventID>13</EventID>
      <Version>2</Version>
      <Level>4</Level>
      <Task>13</Task>
      <Opcode>0</Opcode>
      <Keywords>0x8000000000000000</Keywords>
      <TimeCreated SystemTime=""2023-12-27T23:01:00.7332504Z""/>
      <EventRecordID>19747</EventRecordID>
      <Correlation/>
      <Execution ProcessID=""3588"" ThreadID=""5124""/>
      <Channel>Microsoft-Windows-Sysmon/Operational</Channel>
      <Computer>WinDev2309Eval</Computer>
      <Security UserID=""S-1-5-18""/>
    </System>
    <EventData>
      <Data Name=""RuleName"">InvDB-Ver</Data>
      <Data Name=""EventType"">SetValue</Data>
      <Data Name=""UtcTime"">2023-12-27 23:01:00.723</Data>
      <Data Name=""ProcessGuid"">{f57bd86a-acac-658c-df01-000000000f00}</Data>
      <Data Name=""ProcessId"">11836</Data>
      <Data Name=""Image"">C:\Windows\system32\compattelrunner.exe</Data>
      <Data Name=""TargetObject"">\REGISTRY\A\{b3b14332-edc6-625a-c682-62677f6d06d4}\Root\InventoryApplicationFile\g2ax_uninstaller|e73fe03b1333ee2f\BinProductVersion</Data>
      <Data Name=""Details"">4.8.1702.0</Data>
      <Data Name=""User"">NT AUTHORITY\SYSTEM</Data>
    </EventData>
    <RenderingInfo Culture=""en-US"">
      <Message>Registry value set:

RuleName: InvDB-Ver

EventType: SetValue

UtcTime: 2023-12-27 23:01:00.723

ProcessGuid: {f57bd86a-acac-658c-df01-000000000f00}

ProcessId: 11836

Image: C:\Windows\system32\compattelrunner.exe

TargetObject: \REGISTRY\A\{b3b14332-edc6-625a-c682-62677f6d06d4}\Root\InventoryApplicationFile\g2ax_uninstaller|e73fe03b1333ee2f\BinProductVersion

Details: 4.8.1702.0

User: NT AUTHORITY\SYSTEM</Message>
      <Level>Information</Level>
      <Task>Registry value set (rule: RegistryEvent)</Task>
      <Opcode>Info</Opcode>
    </RenderingInfo>
  </Event>
  
"
Microsoft-Windows-Sysmon/Operational,,,WinDev2309Eval,,,,,,,,,03/09/2021 09:51:58,13,19746,SetValue,,,C:\Windows\system32\compattelrunner.exe,,,0x8000000000000000,Information,,,"Registry value set:

RuleName: InvDB-CompileTimeClaim

EventType: SetValue

UtcTime: 2023-12-27 23:01:00.723

ProcessGuid: {f57bd86a-acac-658c-df01-000000000f00}

ProcessId: 11836

Image: C:\Windows\system32\compattelrunner.exe

TargetObject: \REGISTRY\A\{b3b14332-edc6-625a-c682-62677f6d06d4}\Root\InventoryApplicationFile\g2ax_uninstaller|e73fe03b1333ee2f\LinkDate

Details: 03/09/2021 09:51:58

User: NT AUTHORITY\SYSTEM",Info,,,,,,,,{f57bd86a-acac-658c-df01-000000000f00},3588,11836,,,,,,"
      ",InvDB-CompileTimeClaim,,,,,,2023-12-27T23:01:00.7331913Z,,\REGISTRY\A\{b3b14332-edc6-625a-c682-62677f6d06d4}\Root\InventoryApplicationFile\g2ax_uninstaller|e73fe03b1333ee2f\LinkDate,Registry value set (rule: RegistryEvent),,5124,NT AUTHORITY\SYSTEM,S-1-5-18,2023-12-27 23:01:00.723,2,"<Event xmlns=""http://schemas.microsoft.com/win/2004/08/events/event"">
    <System>
      <Provider Name=""Microsoft-Windows-Sysmon"" Guid=""{5770385f-c22a-43e0-bf4c-06f5698ffbd9}""/>
      <EventID>13</EventID>
      <Version>2</Version>
      <Level>4</Level>
      <Task>13</Task>
      <Opcode>0</Opcode>
      <Keywords>0x8000000000000000</Keywords>
      <TimeCreated SystemTime=""2023-12-27T23:01:00.7331913Z""/>
      <EventRecordID>19746</EventRecordID>
      <Correlation/>
      <Execution ProcessID=""3588"" ThreadID=""5124""/>
      <Channel>Microsoft-Windows-Sysmon/Operational</Channel>
      <Computer>WinDev2309Eval</Computer>
      <Security UserID=""S-1-5-18""/>
    </System>
    <EventData>
      <Data Name=""RuleName"">InvDB-CompileTimeClaim</Data>
      <Data Name=""EventType"">SetValue</Data>
      <Data Name=""UtcTime"">2023-12-27 23:01:00.723</Data>
      <Data Name=""ProcessGuid"">{f57bd86a-acac-658c-df01-000000000f00}</Data>
      <Data Name=""ProcessId"">11836</Data>
      <Data Name=""Image"">C:\Windows\system32\compattelrunner.exe</Data>
      <Data Name=""TargetObject"">\REGISTRY\A\{b3b14332-edc6-625a-c682-62677f6d06d4}\Root\InventoryApplicationFile\g2ax_uninstaller|e73fe03b1333ee2f\LinkDate</Data>
      <Data Name=""Details"">03/09/2021 09:51:58</Data>
      <Data Name=""User"">NT AUTHORITY\SYSTEM</Data>
    </EventData>
    <RenderingInfo Culture=""en-US"">
      <Message>Registry value set:

RuleName: InvDB-CompileTimeClaim

EventType: SetValue

UtcTime: 2023-12-27 23:01:00.723

ProcessGuid: {f57bd86a-acac-658c-df01-000000000f00}

ProcessId: 11836

Image: C:\Windows\system32\compattelrunner.exe

TargetObject: \REGISTRY\A\{b3b14332-edc6-625a-c682-62677f6d06d4}\Root\InventoryApplicationFile\g2ax_uninstaller|e73fe03b1333ee2f\LinkDate

Details: 03/09/2021 09:51:58

User: NT AUTHORITY\SYSTEM</Message>
      <Level>Information</Level>
      <Task>Registry value set (rule: RegistryEvent)</Task>
      <Opcode>Info</Opcode>
    </RenderingInfo>
  </Event>
  
"
Microsoft-Windows-Sysmon/Operational,,,WinDev2309Eval,,,,,,,,,"logmein, inc.",13,19745,SetValue,,,C:\Windows\system32\compattelrunner.exe,,,0x8000000000000000,Information,,,"Registry value set:

RuleName: InvDB-Pub

EventType: SetValue

UtcTime: 2023-12-27 23:01:00.723

ProcessGuid: {f57bd86a-acac-658c-df01-000000000f00}

ProcessId: 11836

Image: C:\Windows\system32\compattelrunner.exe

TargetObject: \REGISTRY\A\{b3b14332-edc6-625a-c682-62677f6d06d4}\Root\InventoryApplicationFile\g2ax_uninstaller|e73fe03b1333ee2f\Publisher

Details: logmein, inc.

User: NT AUTHORITY\SYSTEM",Info,,,,,,,,{f57bd86a-acac-658c-df01-000000000f00},3588,11836,,,,,,"
      ",InvDB-Pub,,,,,,2023-12-27T23:01:00.7328559Z,,\REGISTRY\A\{b3b14332-edc6-625a-c682-62677f6d06d4}\Root\InventoryApplicationFile\g2ax_uninstaller|e73fe03b1333ee2f\Publisher,Registry value set (rule: RegistryEvent),,5124,NT AUTHORITY\SYSTEM,S-1-5-18,2023-12-27 23:01:00.723,2,"<Event xmlns=""http://schemas.microsoft.com/win/2004/08/events/event"">
    <System>
      <Provider Name=""Microsoft-Windows-Sysmon"" Guid=""{5770385f-c22a-43e0-bf4c-06f5698ffbd9}""/>
      <EventID>13</EventID>
      <Version>2</Version>
      <Level>4</Level>
      <Task>13</Task>
      <Opcode>0</Opcode>
      <Keywords>0x8000000000000000</Keywords>
      <TimeCreated SystemTime=""2023-12-27T23:01:00.7328559Z""/>
      <EventRecordID>19745</EventRecordID>
      <Correlation/>
      <Execution ProcessID=""3588"" ThreadID=""5124""/>
      <Channel>Microsoft-Windows-Sysmon/Operational</Channel>
      <Computer>WinDev2309Eval</Computer>
      <Security UserID=""S-1-5-18""/>
    </System>
    <EventData>
      <Data Name=""RuleName"">InvDB-Pub</Data>
      <Data Name=""EventType"">SetValue</Data>
      <Data Name=""UtcTime"">2023-12-27 23:01:00.723</Data>
      <Data Name=""ProcessGuid"">{f57bd86a-acac-658c-df01-000000000f00}</Data>
      <Data Name=""ProcessId"">11836</Data>
      <Data Name=""Image"">C:\Windows\system32\compattelrunner.exe</Data>
      <Data Name=""TargetObject"">\REGISTRY\A\{b3b14332-edc6-625a-c682-62677f6d06d4}\Root\InventoryApplicationFile\g2ax_uninstaller|e73fe03b1333ee2f\Publisher</Data>
      <Data Name=""Details"">logmein, inc.</Data>
      <Data Name=""User"">NT AUTHORITY\SYSTEM</Data>
    </EventData>
    <RenderingInfo Culture=""en-US"">
      <Message>Registry value set:

RuleName: InvDB-Pub

EventType: SetValue

UtcTime: 2023-12-27 23:01:00.723

ProcessGuid: {f57bd86a-acac-658c-df01-000000000f00}

ProcessId: 11836

Image: C:\Windows\system32\compattelrunner.exe

TargetObject: \REGISTRY\A\{b3b14332-edc6-625a-c682-62677f6d06d4}\Root\InventoryApplicationFile\g2ax_uninstaller|e73fe03b1333ee2f\Publisher

Details: logmein, inc.

User: NT AUTHORITY\SYSTEM</Message>
      <Level>Information</Level>
      <Task>Registry value set (rule: RegistryEvent)</Task>
      <Opcode>Info</Opcode>
    </RenderingInfo>
  </Event>
  
"
Microsoft-Windows-Sysmon/Operational,,,WinDev2309Eval,,,,,,,,,c:\users\user\appdata\local\gotoassist remote support expert\1702\g2ax_uninstaller_expert.exe,13,19744,SetValue,,,C:\Windows\system32\compattelrunner.exe,,,0x8000000000000000,Information,,,"Registry value set:

RuleName: InvDB-Path

EventType: SetValue

UtcTime: 2023-12-27 23:01:00.723

ProcessGuid: {f57bd86a-acac-658c-df01-000000000f00}

ProcessId: 11836

Image: C:\Windows\system32\compattelrunner.exe

TargetObject: \REGISTRY\A\{b3b14332-edc6-625a-c682-62677f6d06d4}\Root\InventoryApplicationFile\g2ax_uninstaller|e73fe03b1333ee2f\LowerCaseLongPath

Details: c:\users\user\appdata\local\gotoassist remote support expert\1702\g2ax_uninstaller_expert.exe

User: NT AUTHORITY\SYSTEM",Info,,,,,,,,{f57bd86a-acac-658c-df01-000000000f00},3588,11836,,,,,,"
      ",InvDB-Path,,,,,,2023-12-27T23:01:00.7326810Z,,\REGISTRY\A\{b3b14332-edc6-625a-c682-62677f6d06d4}\Root\InventoryApplicationFile\g2ax_uninstaller|e73fe03b1333ee2f\LowerCaseLongPath,Registry value set (rule: RegistryEvent),,5124,NT AUTHORITY\SYSTEM,S-1-5-18,2023-12-27 23:01:00.723,2,"<Event xmlns=""http://schemas.microsoft.com/win/2004/08/events/event"">
    <System>
      <Provider Name=""Microsoft-Windows-Sysmon"" Guid=""{5770385f-c22a-43e0-bf4c-06f5698ffbd9}""/>
      <EventID>13</EventID>
      <Version>2</Version>
      <Level>4</Level>
      <Task>13</Task>
      <Opcode>0</Opcode>
      <Keywords>0x8000000000000000</Keywords>
      <TimeCreated SystemTime=""2023-12-27T23:01:00.7326810Z""/>
      <EventRecordID>19744</EventRecordID>
      <Correlation/>
      <Execution ProcessID=""3588"" ThreadID=""5124""/>
      <Channel>Microsoft-Windows-Sysmon/Operational</Channel>
      <Computer>WinDev2309Eval</Computer>
      <Security UserID=""S-1-5-18""/>
    </System>
    <EventData>
      <Data Name=""RuleName"">InvDB-Path</Data>
      <Data Name=""EventType"">SetValue</Data>
      <Data Name=""UtcTime"">2023-12-27 23:01:00.723</Data>
      <Data Name=""ProcessGuid"">{f57bd86a-acac-658c-df01-000000000f00}</Data>
      <Data Name=""ProcessId"">11836</Data>
      <Data Name=""Image"">C:\Windows\system32\compattelrunner.exe</Data>
      <Data Name=""TargetObject"">\REGISTRY\A\{b3b14332-edc6-625a-c682-62677f6d06d4}\Root\InventoryApplicationFile\g2ax_uninstaller|e73fe03b1333ee2f\LowerCaseLongPath</Data>
      <Data Name=""Details"">c:\users\user\appdata\local\gotoassist remote support expert\1702\g2ax_uninstaller_expert.exe</Data>
      <Data Name=""User"">NT AUTHORITY\SYSTEM</Data>
    </EventData>
    <RenderingInfo Culture=""en-US"">
      <Message>Registry value set:

RuleName: InvDB-Path

EventType: SetValue

UtcTime: 2023-12-27 23:01:00.723

ProcessGuid: {f57bd86a-acac-658c-df01-000000000f00}

ProcessId: 11836

Image: C:\Windows\system32\compattelrunner.exe

TargetObject: \REGISTRY\A\{b3b14332-edc6-625a-c682-62677f6d06d4}\Root\InventoryApplicationFile\g2ax_uninstaller|e73fe03b1333ee2f\LowerCaseLongPath

Details: c:\users\user\appdata\local\gotoassist remote support expert\1702\g2ax_uninstaller_expert.exe

User: NT AUTHORITY\SYSTEM</Message>
      <Level>Information</Level>
      <Task>Registry value set (rule: RegistryEvent)</Task>
      <Opcode>Info</Opcode>
    </RenderingInfo>
  </Event>
  
"
Microsoft-Windows-Sysmon/Operational,,,WinDev2309Eval,,,,,,,,,4.8.1702.0,13,19743,SetValue,,,C:\Windows\system32\compattelrunner.exe,,,0x8000000000000000,Information,,,"Registry value set:

RuleName: InvDB-Ver

EventType: SetValue

UtcTime: 2023-12-27 23:01:00.723

ProcessGuid: {f57bd86a-acac-658c-df01-000000000f00}

ProcessId: 11836

Image: C:\Windows\system32\compattelrunner.exe

TargetObject: \REGISTRY\A\{b3b14332-edc6-625a-c682-62677f6d06d4}\Root\InventoryApplicationFile\g2ax_start.exe|87a146da68e5d936\BinProductVersion

Details: 4.8.1702.0

User: NT AUTHORITY\SYSTEM",Info,,,,,,,,{f57bd86a-acac-658c-df01-000000000f00},3588,11836,,,,,,"
      ",InvDB-Ver,,,,,,2023-12-27T23:01:00.7321883Z,,\REGISTRY\A\{b3b14332-edc6-625a-c682-62677f6d06d4}\Root\InventoryApplicationFile\g2ax_start.exe|87a146da68e5d936\BinProductVersion,Registry value set (rule: RegistryEvent),,5124,NT AUTHORITY\SYSTEM,S-1-5-18,2023-12-27 23:01:00.723,2,"<Event xmlns=""http://schemas.microsoft.com/win/2004/08/events/event"">
    <System>
      <Provider Name=""Microsoft-Windows-Sysmon"" Guid=""{5770385f-c22a-43e0-bf4c-06f5698ffbd9}""/>
      <EventID>13</EventID>
      <Version>2</Version>
      <Level>4</Level>
      <Task>13</Task>
      <Opcode>0</Opcode>
      <Keywords>0x8000000000000000</Keywords>
      <TimeCreated SystemTime=""2023-12-27T23:01:00.7321883Z""/>
      <EventRecordID>19743</EventRecordID>
      <Correlation/>
      <Execution ProcessID=""3588"" ThreadID=""5124""/>
      <Channel>Microsoft-Windows-Sysmon/Operational</Channel>
      <Computer>WinDev2309Eval</Computer>
      <Security UserID=""S-1-5-18""/>
    </System>
    <EventData>
      <Data Name=""RuleName"">InvDB-Ver</Data>
      <Data Name=""EventType"">SetValue</Data>
      <Data Name=""UtcTime"">2023-12-27 23:01:00.723</Data>
      <Data Name=""ProcessGuid"">{f57bd86a-acac-658c-df01-000000000f00}</Data>
      <Data Name=""ProcessId"">11836</Data>
      <Data Name=""Image"">C:\Windows\system32\compattelrunner.exe</Data>
      <Data Name=""TargetObject"">\REGISTRY\A\{b3b14332-edc6-625a-c682-62677f6d06d4}\Root\InventoryApplicationFile\g2ax_start.exe|87a146da68e5d936\BinProductVersion</Data>
      <Data Name=""Details"">4.8.1702.0</Data>
      <Data Name=""User"">NT AUTHORITY\SYSTEM</Data>
    </EventData>
    <RenderingInfo Culture=""en-US"">
      <Message>Registry value set:

RuleName: InvDB-Ver

EventType: SetValue

UtcTime: 2023-12-27 23:01:00.723

ProcessGuid: {f57bd86a-acac-658c-df01-000000000f00}

ProcessId: 11836

Image: C:\Windows\system32\compattelrunner.exe

TargetObject: \REGISTRY\A\{b3b14332-edc6-625a-c682-62677f6d06d4}\Root\InventoryApplicationFile\g2ax_start.exe|87a146da68e5d936\BinProductVersion

Details: 4.8.1702.0

User: NT AUTHORITY\SYSTEM</Message>
      <Level>Information</Level>
      <Task>Registry value set (rule: RegistryEvent)</Task>
      <Opcode>Info</Opcode>
    </RenderingInfo>
  </Event>
  
"
Microsoft-Windows-Sysmon/Operational,,,WinDev2309Eval,,,,,,,,,03/09/2021 09:51:58,13,19742,SetValue,,,C:\Windows\system32\compattelrunner.exe,,,0x8000000000000000,Information,,,"Registry value set:

RuleName: InvDB-CompileTimeClaim

EventType: SetValue

UtcTime: 2023-12-27 23:01:00.723

ProcessGuid: {f57bd86a-acac-658c-df01-000000000f00}

ProcessId: 11836

Image: C:\Windows\system32\compattelrunner.exe

TargetObject: \REGISTRY\A\{b3b14332-edc6-625a-c682-62677f6d06d4}\Root\InventoryApplicationFile\g2ax_start.exe|87a146da68e5d936\LinkDate

Details: 03/09/2021 09:51:58

User: NT AUTHORITY\SYSTEM",Info,,,,,,,,{f57bd86a-acac-658c-df01-000000000f00},3588,11836,,,,,,"
      ",InvDB-CompileTimeClaim,,,,,,2023-12-27T23:01:00.7321302Z,,\REGISTRY\A\{b3b14332-edc6-625a-c682-62677f6d06d4}\Root\InventoryApplicationFile\g2ax_start.exe|87a146da68e5d936\LinkDate,Registry value set (rule: RegistryEvent),,5124,NT AUTHORITY\SYSTEM,S-1-5-18,2023-12-27 23:01:00.723,2,"<Event xmlns=""http://schemas.microsoft.com/win/2004/08/events/event"">
    <System>
      <Provider Name=""Microsoft-Windows-Sysmon"" Guid=""{5770385f-c22a-43e0-bf4c-06f5698ffbd9}""/>
      <EventID>13</EventID>
      <Version>2</Version>
      <Level>4</Level>
      <Task>13</Task>
      <Opcode>0</Opcode>
      <Keywords>0x8000000000000000</Keywords>
      <TimeCreated SystemTime=""2023-12-27T23:01:00.7321302Z""/>
      <EventRecordID>19742</EventRecordID>
      <Correlation/>
      <Execution ProcessID=""3588"" ThreadID=""5124""/>
      <Channel>Microsoft-Windows-Sysmon/Operational</Channel>
      <Computer>WinDev2309Eval</Computer>
      <Security UserID=""S-1-5-18""/>
    </System>
    <EventData>
      <Data Name=""RuleName"">InvDB-CompileTimeClaim</Data>
      <Data Name=""EventType"">SetValue</Data>
      <Data Name=""UtcTime"">2023-12-27 23:01:00.723</Data>
      <Data Name=""ProcessGuid"">{f57bd86a-acac-658c-df01-000000000f00}</Data>
      <Data Name=""ProcessId"">11836</Data>
      <Data Name=""Image"">C:\Windows\system32\compattelrunner.exe</Data>
      <Data Name=""TargetObject"">\REGISTRY\A\{b3b14332-edc6-625a-c682-62677f6d06d4}\Root\InventoryApplicationFile\g2ax_start.exe|87a146da68e5d936\LinkDate</Data>
      <Data Name=""Details"">03/09/2021 09:51:58</Data>
      <Data Name=""User"">NT AUTHORITY\SYSTEM</Data>
    </EventData>
    <RenderingInfo Culture=""en-US"">
      <Message>Registry value set:

RuleName: InvDB-CompileTimeClaim

EventType: SetValue

UtcTime: 2023-12-27 23:01:00.723

ProcessGuid: {f57bd86a-acac-658c-df01-000000000f00}

ProcessId: 11836

Image: C:\Windows\system32\compattelrunner.exe

TargetObject: \REGISTRY\A\{b3b14332-edc6-625a-c682-62677f6d06d4}\Root\InventoryApplicationFile\g2ax_start.exe|87a146da68e5d936\LinkDate

Details: 03/09/2021 09:51:58

User: NT AUTHORITY\SYSTEM</Message>
      <Level>Information</Level>
      <Task>Registry value set (rule: RegistryEvent)</Task>
      <Opcode>Info</Opcode>
    </RenderingInfo>
  </Event>
  
"
Microsoft-Windows-Sysmon/Operational,,,WinDev2309Eval,,,,,,,,,"logmein, inc.",13,19741,SetValue,,,C:\Windows\system32\compattelrunner.exe,,,0x8000000000000000,Information,,,"Registry value set:

RuleName: InvDB-Pub

EventType: SetValue

UtcTime: 2023-12-27 23:01:00.723

ProcessGuid: {f57bd86a-acac-658c-df01-000000000f00}

ProcessId: 11836

Image: C:\Windows\system32\compattelrunner.exe

TargetObject: \REGISTRY\A\{b3b14332-edc6-625a-c682-62677f6d06d4}\Root\InventoryApplicationFile\g2ax_start.exe|87a146da68e5d936\Publisher

Details: logmein, inc.

User: NT AUTHORITY\SYSTEM",Info,,,,,,,,{f57bd86a-acac-658c-df01-000000000f00},3588,11836,,,,,,"
      ",InvDB-Pub,,,,,,2023-12-27T23:01:00.7317926Z,,\REGISTRY\A\{b3b14332-edc6-625a-c682-62677f6d06d4}\Root\InventoryApplicationFile\g2ax_start.exe|87a146da68e5d936\Publisher,Registry value set (rule: RegistryEvent),,5124,NT AUTHORITY\SYSTEM,S-1-5-18,2023-12-27 23:01:00.723,2,"<Event xmlns=""http://schemas.microsoft.com/win/2004/08/events/event"">
    <System>
      <Provider Name=""Microsoft-Windows-Sysmon"" Guid=""{5770385f-c22a-43e0-bf4c-06f5698ffbd9}""/>
      <EventID>13</EventID>
      <Version>2</Version>
      <Level>4</Level>
      <Task>13</Task>
      <Opcode>0</Opcode>
      <Keywords>0x8000000000000000</Keywords>
      <TimeCreated SystemTime=""2023-12-27T23:01:00.7317926Z""/>
      <EventRecordID>19741</EventRecordID>
      <Correlation/>
      <Execution ProcessID=""3588"" ThreadID=""5124""/>
      <Channel>Microsoft-Windows-Sysmon/Operational</Channel>
      <Computer>WinDev2309Eval</Computer>
      <Security UserID=""S-1-5-18""/>
    </System>
    <EventData>
      <Data Name=""RuleName"">InvDB-Pub</Data>
      <Data Name=""EventType"">SetValue</Data>
      <Data Name=""UtcTime"">2023-12-27 23:01:00.723</Data>
      <Data Name=""ProcessGuid"">{f57bd86a-acac-658c-df01-000000000f00}</Data>
      <Data Name=""ProcessId"">11836</Data>
      <Data Name=""Image"">C:\Windows\system32\compattelrunner.exe</Data>
      <Data Name=""TargetObject"">\REGISTRY\A\{b3b14332-edc6-625a-c682-62677f6d06d4}\Root\InventoryApplicationFile\g2ax_start.exe|87a146da68e5d936\Publisher</Data>
      <Data Name=""Details"">logmein, inc.</Data>
      <Data Name=""User"">NT AUTHORITY\SYSTEM</Data>
    </EventData>
    <RenderingInfo Culture=""en-US"">
      <Message>Registry value set:

RuleName: InvDB-Pub

EventType: SetValue

UtcTime: 2023-12-27 23:01:00.723

ProcessGuid: {f57bd86a-acac-658c-df01-000000000f00}

ProcessId: 11836

Image: C:\Windows\system32\compattelrunner.exe

TargetObject: \REGISTRY\A\{b3b14332-edc6-625a-c682-62677f6d06d4}\Root\InventoryApplicationFile\g2ax_start.exe|87a146da68e5d936\Publisher

Details: logmein, inc.

User: NT AUTHORITY\SYSTEM</Message>
      <Level>Information</Level>
      <Task>Registry value set (rule: RegistryEvent)</Task>
      <Opcode>Info</Opcode>
    </RenderingInfo>
  </Event>
  
"
Microsoft-Windows-Sysmon/Operational,,,WinDev2309Eval,,,,,,,,,c:\users\user\appdata\local\gotoassist remote support expert\1702\g2ax_start.exe,13,19740,SetValue,,,C:\Windows\system32\compattelrunner.exe,,,0x8000000000000000,Information,,,"Registry value set:

RuleName: InvDB-Path

EventType: SetValue

UtcTime: 2023-12-27 23:01:00.723

ProcessGuid: {f57bd86a-acac-658c-df01-000000000f00}

ProcessId: 11836

Image: C:\Windows\system32\compattelrunner.exe

TargetObject: \REGISTRY\A\{b3b14332-edc6-625a-c682-62677f6d06d4}\Root\InventoryApplicationFile\g2ax_start.exe|87a146da68e5d936\LowerCaseLongPath

Details: c:\users\user\appdata\local\gotoassist remote support expert\1702\g2ax_start.exe

User: NT AUTHORITY\SYSTEM",Info,,,,,,,,{f57bd86a-acac-658c-df01-000000000f00},3588,11836,,,,,,"
      ",InvDB-Path,,,,,,2023-12-27T23:01:00.7316097Z,,\REGISTRY\A\{b3b14332-edc6-625a-c682-62677f6d06d4}\Root\InventoryApplicationFile\g2ax_start.exe|87a146da68e5d936\LowerCaseLongPath,Registry value set (rule: RegistryEvent),,5124,NT AUTHORITY\SYSTEM,S-1-5-18,2023-12-27 23:01:00.723,2,"<Event xmlns=""http://schemas.microsoft.com/win/2004/08/events/event"">
    <System>
      <Provider Name=""Microsoft-Windows-Sysmon"" Guid=""{5770385f-c22a-43e0-bf4c-06f5698ffbd9}""/>
      <EventID>13</EventID>
      <Version>2</Version>
      <Level>4</Level>
      <Task>13</Task>
      <Opcode>0</Opcode>
      <Keywords>0x8000000000000000</Keywords>
      <TimeCreated SystemTime=""2023-12-27T23:01:00.7316097Z""/>
      <EventRecordID>19740</EventRecordID>
      <Correlation/>
      <Execution ProcessID=""3588"" ThreadID=""5124""/>
      <Channel>Microsoft-Windows-Sysmon/Operational</Channel>
      <Computer>WinDev2309Eval</Computer>
      <Security UserID=""S-1-5-18""/>
    </System>
    <EventData>
      <Data Name=""RuleName"">InvDB-Path</Data>
      <Data Name=""EventType"">SetValue</Data>
      <Data Name=""UtcTime"">2023-12-27 23:01:00.723</Data>
      <Data Name=""ProcessGuid"">{f57bd86a-acac-658c-df01-000000000f00}</Data>
      <Data Name=""ProcessId"">11836</Data>
      <Data Name=""Image"">C:\Windows\system32\compattelrunner.exe</Data>
      <Data Name=""TargetObject"">\REGISTRY\A\{b3b14332-edc6-625a-c682-62677f6d06d4}\Root\InventoryApplicationFile\g2ax_start.exe|87a146da68e5d936\LowerCaseLongPath</Data>
      <Data Name=""Details"">c:\users\user\appdata\local\gotoassist remote support expert\1702\g2ax_start.exe</Data>
      <Data Name=""User"">NT AUTHORITY\SYSTEM</Data>
    </EventData>
    <RenderingInfo Culture=""en-US"">
      <Message>Registry value set:

RuleName: InvDB-Path

EventType: SetValue

UtcTime: 2023-12-27 23:01:00.723

ProcessGuid: {f57bd86a-acac-658c-df01-000000000f00}

ProcessId: 11836

Image: C:\Windows\system32\compattelrunner.exe

TargetObject: \REGISTRY\A\{b3b14332-edc6-625a-c682-62677f6d06d4}\Root\InventoryApplicationFile\g2ax_start.exe|87a146da68e5d936\LowerCaseLongPath

Details: c:\users\user\appdata\local\gotoassist remote support expert\1702\g2ax_start.exe

User: NT AUTHORITY\SYSTEM</Message>
      <Level>Information</Level>
      <Task>Registry value set (rule: RegistryEvent)</Task>
      <Opcode>Info</Opcode>
    </RenderingInfo>
  </Event>
  
"
