Microsoft-Windows-Sysmon/Operational,,,WinDev2309Eval,,,,,,,,,"LogMeIn, Inc.",13,19614,SetValue,,,C:\Windows\system32\msiexec.exe,,,0x8000000000000000,Information,,,"Registry value set:

RuleName: InvDB-Pub

EventType: SetValue

UtcTime: 2023-12-27 23:00:25.780

ProcessGuid: {f57bd86a-ac89-658c-d001-000000000f00}

ProcessId: 10948

Image: C:\Windows\system32\msiexec.exe

TargetObject: HKLM\SOFTWARE\Microsoft\Windows\CurrentVersion\Installer\UserData\S-1-5-21-2835251196-2691927458-378326815-1000\Products\F37295676BE0BCE4CBD785983FDF0357\InstallProperties\Publisher

Details: LogMeIn, Inc.

User: NT AUTHORITY\SYSTEM",Info,,,,,,,,{f57bd86a-ac89-658c-d001-000000000f00},3588,10948,,,,,,"
      ",InvDB-Pub,,,,,,2023-12-27T23:00:25.7814421Z,,HKLM\SOFTWARE\Microsoft\Windows\CurrentVersion\Installer\UserData\S-1-5-21-2835251196-2691927458-378326815-1000\Products\F37295676BE0BCE4CBD785983FDF0357\InstallProperties\Publisher,Registry value set (rule: RegistryEvent),,5124,NT AUTHORITY\SYSTEM,S-1-5-18,2023-12-27 23:00:25.780,2,"<Event xmlns=""http://schemas.microsoft.com/win/2004/08/events/event"">
    <System>
      <Provider Name=""Microsoft-Windows-Sysmon"" Guid=""{5770385f-c22a-43e0-bf4c-06f5698ffbd9}""/>
      <EventID>13</EventID>
      <Version>2</Version>
      <Level>4</Level>
      <Task>13</Task>
      <Opcode>0</Opcode>
      <Keywords>0x8000000000000000</Keywords>
      <TimeCreated SystemTime=""2023-12-27T23:00:25.7814421Z""/>
      <EventRecordID>19614</EventRecordID>
      <Correlation/>
      <Execution ProcessID=""3588"" ThreadID=""5124""/>
      <Channel>Microsoft-Windows-Sysmon/Operational</Channel>
      <Computer>WinDev2309Eval</Computer>
      <Security UserID=""S-1-5-18""/>
    </System>
    <EventData>
      <Data Name=""RuleName"">InvDB-Pub</Data>
      <Data Name=""EventType"">SetValue</Data>
      <Data Name=""UtcTime"">2023-12-27 23:00:25.780</Data>
      <Data Name=""ProcessGuid"">{f57bd86a-ac89-658c-d001-000000000f00}</Data>
      <Data Name=""ProcessId"">10948</Data>
      <Data Name=""Image"">C:\Windows\system32\msiexec.exe</Data>
      <Data Name=""TargetObject"">HKLM\SOFTWARE\Microsoft\Windows\CurrentVersion\Installer\UserData\S-1-5-21-2835251196-2691927458-378326815-1000\Products\F37295676BE0BCE4CBD785983FDF0357\InstallProperties\Publisher</Data>
      <Data Name=""Details"">LogMeIn, Inc.</Data>
      <Data Name=""User"">NT AUTHORITY\SYSTEM</Data>
    </EventData>
    <RenderingInfo Culture=""en-US"">
      <Message>Registry value set:

RuleName: InvDB-Pub

EventType: SetValue

UtcTime: 2023-12-27 23:00:25.780

ProcessGuid: {f57bd86a-ac89-658c-d001-000000000f00}

ProcessId: 10948

Image: C:\Windows\system32\msiexec.exe

TargetObject: HKLM\SOFTWARE\Microsoft\Windows\CurrentVersion\Installer\UserData\S-1-5-21-2835251196-2691927458-378326815-1000\Products\F37295676BE0BCE4CBD785983FDF0357\InstallProperties\Publisher

Details: LogMeIn, Inc.

User: NT AUTHORITY\SYSTEM</Message>
      <Level>Information</Level>
      <Task>Registry value set (rule: RegistryEvent)</Task>
      <Opcode>Info</Opcode>
    </RenderingInfo>
  </Event>
  
"
Microsoft-Windows-Sysmon/Operational,,,WinDev2309Eval,,,,,,,,,C:\Users\User\AppData\Local\Temp\06DB06C4-B670-4618-83D4-AA7E179E152E\,13,19613,SetValue,,,C:\Windows\system32\msiexec.exe,,,0x8000000000000000,Information,,,"Registry value set:

RuleName: -

EventType: SetValue

UtcTime: 2023-12-27 23:00:25.780

ProcessGuid: {f57bd86a-ac89-658c-d001-000000000f00}

ProcessId: 10948

Image: C:\Windows\system32\msiexec.exe

TargetObject: HKLM\SOFTWARE\Microsoft\Windows\CurrentVersion\Installer\UserData\S-1-5-21-2835251196-2691927458-378326815-1000\Products\F37295676BE0BCE4CBD785983FDF0357\InstallProperties\InstallSource

Details: C:\Users\User\AppData\Local\Temp\06DB06C4-B670-4618-83D4-AA7E179E152E\

User: NT AUTHORITY\SYSTEM",Info,,,,,,,,{f57bd86a-ac89-658c-d001-000000000f00},3588,10948,,,,,,"
      ",-,,,,,,2023-12-27T23:00:25.7811672Z,,HKLM\SOFTWARE\Microsoft\Windows\CurrentVersion\Installer\UserData\S-1-5-21-2835251196-2691927458-378326815-1000\Products\F37295676BE0BCE4CBD785983FDF0357\InstallProperties\InstallSource,Registry value set (rule: RegistryEvent),,5124,NT AUTHORITY\SYSTEM,S-1-5-18,2023-12-27 23:00:25.780,2,"<Event xmlns=""http://schemas.microsoft.com/win/2004/08/events/event"">
    <System>
      <Provider Name=""Microsoft-Windows-Sysmon"" Guid=""{5770385f-c22a-43e0-bf4c-06f5698ffbd9}""/>
      <EventID>13</EventID>
      <Version>2</Version>
      <Level>4</Level>
      <Task>13</Task>
      <Opcode>0</Opcode>
      <Keywords>0x8000000000000000</Keywords>
      <TimeCreated SystemTime=""2023-12-27T23:00:25.7811672Z""/>
      <EventRecordID>19613</EventRecordID>
      <Correlation/>
      <Execution ProcessID=""3588"" ThreadID=""5124""/>
      <Channel>Microsoft-Windows-Sysmon/Operational</Channel>
      <Computer>WinDev2309Eval</Computer>
      <Security UserID=""S-1-5-18""/>
    </System>
    <EventData>
      <Data Name=""RuleName"">-</Data>
      <Data Name=""EventType"">SetValue</Data>
      <Data Name=""UtcTime"">2023-12-27 23:00:25.780</Data>
      <Data Name=""ProcessGuid"">{f57bd86a-ac89-658c-d001-000000000f00}</Data>
      <Data Name=""ProcessId"">10948</Data>
      <Data Name=""Image"">C:\Windows\system32\msiexec.exe</Data>
      <Data Name=""TargetObject"">HKLM\SOFTWARE\Microsoft\Windows\CurrentVersion\Installer\UserData\S-1-5-21-2835251196-2691927458-378326815-1000\Products\F37295676BE0BCE4CBD785983FDF0357\InstallProperties\InstallSource</Data>
      <Data Name=""Details"">C:\Users\User\AppData\Local\Temp\06DB06C4-B670-4618-83D4-AA7E179E152E\</Data>
      <Data Name=""User"">NT AUTHORITY\SYSTEM</Data>
    </EventData>
    <RenderingInfo Culture=""en-US"">
      <Message>Registry value set:

RuleName: -

EventType: SetValue

UtcTime: 2023-12-27 23:00:25.780

ProcessGuid: {f57bd86a-ac89-658c-d001-000000000f00}

ProcessId: 10948

Image: C:\Windows\system32\msiexec.exe

TargetObject: HKLM\SOFTWARE\Microsoft\Windows\CurrentVersion\Installer\UserData\S-1-5-21-2835251196-2691927458-378326815-1000\Products\F37295676BE0BCE4CBD785983FDF0357\InstallProperties\InstallSource

Details: C:\Users\User\AppData\Local\Temp\06DB06C4-B670-4618-83D4-AA7E179E152E\

User: NT AUTHORITY\SYSTEM</Message>
      <Level>Information</Level>
      <Task>Registry value set (rule: RegistryEvent)</Task>
      <Opcode>Info</Opcode>
    </RenderingInfo>
  </Event>
  
"
Microsoft-Windows-Sysmon/Operational,,,WinDev2309Eval,,,,,,,,,"""C:\Users\User\AppData\Local\GoTo Opener\GoTo Opener.exe"" ""/docArgs %%1""",13,19612,SetValue,,,C:\Windows\system32\msiexec.exe,,,0x8000000000000000,Information,,,"Registry value set:

RuleName: T1042

EventType: SetValue

UtcTime: 2023-12-27 23:00:25.765

ProcessGuid: {f57bd86a-ac89-658c-d001-000000000f00}

ProcessId: 10948

Image: C:\Windows\system32\msiexec.exe

TargetObject: HKU\S-1-5-21-2835251196-2691927458-378326815-1000_Classes\LogMeInInc.GoToOpener\Shell\Open\Command\(Default)

Details: ""C:\Users\User\AppData\Local\GoTo Opener\GoTo Opener.exe"" ""/docArgs Incorrect function. ""

User: NT AUTHORITY\SYSTEM",Info,,,,,,,,{f57bd86a-ac89-658c-d001-000000000f00},3588,10948,,,,,,"
      ",T1042,,,,,,2023-12-27T23:00:25.7711118Z,,HKU\S-1-5-21-2835251196-2691927458-378326815-1000_Classes\LogMeInInc.GoToOpener\Shell\Open\Command\(Default),Registry value set (rule: RegistryEvent),,5124,NT AUTHORITY\SYSTEM,S-1-5-18,2023-12-27 23:00:25.765,2,"<Event xmlns=""http://schemas.microsoft.com/win/2004/08/events/event"">
    <System>
      <Provider Name=""Microsoft-Windows-Sysmon"" Guid=""{5770385f-c22a-43e0-bf4c-06f5698ffbd9}""/>
      <EventID>13</EventID>
      <Version>2</Version>
      <Level>4</Level>
      <Task>13</Task>
      <Opcode>0</Opcode>
      <Keywords>0x8000000000000000</Keywords>
      <TimeCreated SystemTime=""2023-12-27T23:00:25.7711118Z""/>
      <EventRecordID>19612</EventRecordID>
      <Correlation/>
      <Execution ProcessID=""3588"" ThreadID=""5124""/>
      <Channel>Microsoft-Windows-Sysmon/Operational</Channel>
      <Computer>WinDev2309Eval</Computer>
      <Security UserID=""S-1-5-18""/>
    </System>
    <EventData>
      <Data Name=""RuleName"">T1042</Data>
      <Data Name=""EventType"">SetValue</Data>
      <Data Name=""UtcTime"">2023-12-27 23:00:25.765</Data>
      <Data Name=""ProcessGuid"">{f57bd86a-ac89-658c-d001-000000000f00}</Data>
      <Data Name=""ProcessId"">10948</Data>
      <Data Name=""Image"">C:\Windows\system32\msiexec.exe</Data>
      <Data Name=""TargetObject"">HKU\S-1-5-21-2835251196-2691927458-378326815-1000_Classes\LogMeInInc.GoToOpener\Shell\Open\Command\(Default)</Data>
      <Data Name=""Details"">""C:\Users\User\AppData\Local\GoTo Opener\GoTo Opener.exe"" ""/docArgs %%1""</Data>
      <Data Name=""User"">NT AUTHORITY\SYSTEM</Data>
    </EventData>
    <RenderingInfo Culture=""en-US"">
      <Message>Registry value set:

RuleName: T1042

EventType: SetValue

UtcTime: 2023-12-27 23:00:25.765

ProcessGuid: {f57bd86a-ac89-658c-d001-000000000f00}

ProcessId: 10948

Image: C:\Windows\system32\msiexec.exe

TargetObject: HKU\S-1-5-21-2835251196-2691927458-378326815-1000_Classes\LogMeInInc.GoToOpener\Shell\Open\Command\(Default)

Details: ""C:\Users\User\AppData\Local\GoTo Opener\GoTo Opener.exe"" ""/docArgs Incorrect function. ""

User: NT AUTHORITY\SYSTEM</Message>
      <Level>Information</Level>
      <Task>Registry value set (rule: RegistryEvent)</Task>
      <Opcode>Info</Opcode>
    </RenderingInfo>
  </Event>
  
"
Microsoft-Windows-Sysmon/Operational,,,WinDev2309Eval,,,,,,,,,,22,19611,,,,C:\Users\User\Downloads\GoToAssist.exe,,,0x8000000000000000,Information,,,"Dns query:

RuleName: -

UtcTime: 2023-12-27 14:52:16.952

ProcessGuid: {f57bd86a-ac87-658c-cc01-000000000f00}

ProcessId: 6888

QueryName: o.ss2.us

QueryStatus: 0

QueryResults: ::ffff:18.161.94.197;::ffff:18.161.94.163;::ffff:18.161.94.32;::ffff:18.161.94.147;

Image: C:\Users\User\Downloads\GoToAssist.exe

User: WINDEV2309EVAL\User",Info,,,,,,,,{f57bd86a-ac87-658c-cc01-000000000f00},3588,6888,,,o.ss2.us,::ffff:18.161.94.197;::ffff:18.161.94.163;::ffff:18.161.94.32;::ffff:18.161.94.147;,0,"
      ",-,,,,,,2023-12-27T23:00:25.7681339Z,,,Dns query (rule: DnsQuery),,5164,WINDEV2309EVAL\User,S-1-5-18,2023-12-27 14:52:16.952,5,"<Event xmlns=""http://schemas.microsoft.com/win/2004/08/events/event"">
    <System>
      <Provider Name=""Microsoft-Windows-Sysmon"" Guid=""{5770385f-c22a-43e0-bf4c-06f5698ffbd9}""/>
      <EventID>22</EventID>
      <Version>5</Version>
      <Level>4</Level>
      <Task>22</Task>
      <Opcode>0</Opcode>
      <Keywords>0x8000000000000000</Keywords>
      <TimeCreated SystemTime=""2023-12-27T23:00:25.7681339Z""/>
      <EventRecordID>19611</EventRecordID>
      <Correlation/>
      <Execution ProcessID=""3588"" ThreadID=""5164""/>
      <Channel>Microsoft-Windows-Sysmon/Operational</Channel>
      <Computer>WinDev2309Eval</Computer>
      <Security UserID=""S-1-5-18""/>
    </System>
    <EventData>
      <Data Name=""RuleName"">-</Data>
      <Data Name=""UtcTime"">2023-12-27 14:52:16.952</Data>
      <Data Name=""ProcessGuid"">{f57bd86a-ac87-658c-cc01-000000000f00}</Data>
      <Data Name=""ProcessId"">6888</Data>
      <Data Name=""QueryName"">o.ss2.us</Data>
      <Data Name=""QueryStatus"">0</Data>
      <Data Name=""QueryResults"">::ffff:18.161.94.197;::ffff:18.161.94.163;::ffff:18.161.94.32;::ffff:18.161.94.147;</Data>
      <Data Name=""Image"">C:\Users\User\Downloads\GoToAssist.exe</Data>
      <Data Name=""User"">WINDEV2309EVAL\User</Data>
    </EventData>
    <RenderingInfo Culture=""en-US"">
      <Message>Dns query:

RuleName: -

UtcTime: 2023-12-27 14:52:16.952

ProcessGuid: {f57bd86a-ac87-658c-cc01-000000000f00}

ProcessId: 6888

QueryName: o.ss2.us

QueryStatus: 0

QueryResults: ::ffff:18.161.94.197;::ffff:18.161.94.163;::ffff:18.161.94.32;::ffff:18.161.94.147;

Image: C:\Users\User\Downloads\GoToAssist.exe

User: WINDEV2309EVAL\User</Message>
      <Level>Information</Level>
      <Task>Dns query (rule: DnsQuery)</Task>
      <Opcode>Info</Opcode>
    </RenderingInfo>
  </Event>
  
"
Microsoft-Windows-Sysmon/Operational,,,WinDev2309Eval,,,,,,,,,,22,19610,,,,C:\Users\User\Downloads\GoToAssist.exe,,,0x8000000000000000,Information,,,"Dns query:

RuleName: -

UtcTime: 2023-12-27 14:52:16.683

ProcessGuid: {f57bd86a-ac87-658c-cc01-000000000f00}

ProcessId: 6888

QueryName: builds.cdn.getgo.com

QueryStatus: 0

QueryResults: type: 5 d1oqdhsokyodr9.cloudfront.net;::ffff:52.222.144.76;::ffff:52.222.144.49;::ffff:52.222.144.25;::ffff:52.222.144.63;

Image: C:\Users\User\Downloads\GoToAssist.exe

User: WINDEV2309EVAL\User",Info,,,,,,,,{f57bd86a-ac87-658c-cc01-000000000f00},3588,6888,,,builds.cdn.getgo.com,type: 5 d1oqdhsokyodr9.cloudfront.net;::ffff:52.222.144.76;::ffff:52.222.144.49;::ffff:52.222.144.25;::ffff:52.222.144.63;,0,"
      ",-,,,,,,2023-12-27T23:00:25.7676312Z,,,Dns query (rule: DnsQuery),,5164,WINDEV2309EVAL\User,S-1-5-18,2023-12-27 14:52:16.683,5,"<Event xmlns=""http://schemas.microsoft.com/win/2004/08/events/event"">
    <System>
      <Provider Name=""Microsoft-Windows-Sysmon"" Guid=""{5770385f-c22a-43e0-bf4c-06f5698ffbd9}""/>
      <EventID>22</EventID>
      <Version>5</Version>
      <Level>4</Level>
      <Task>22</Task>
      <Opcode>0</Opcode>
      <Keywords>0x8000000000000000</Keywords>
      <TimeCreated SystemTime=""2023-12-27T23:00:25.7676312Z""/>
      <EventRecordID>19610</EventRecordID>
      <Correlation/>
      <Execution ProcessID=""3588"" ThreadID=""5164""/>
      <Channel>Microsoft-Windows-Sysmon/Operational</Channel>
      <Computer>WinDev2309Eval</Computer>
      <Security UserID=""S-1-5-18""/>
    </System>
    <EventData>
      <Data Name=""RuleName"">-</Data>
      <Data Name=""UtcTime"">2023-12-27 14:52:16.683</Data>
      <Data Name=""ProcessGuid"">{f57bd86a-ac87-658c-cc01-000000000f00}</Data>
      <Data Name=""ProcessId"">6888</Data>
      <Data Name=""QueryName"">builds.cdn.getgo.com</Data>
      <Data Name=""QueryStatus"">0</Data>
      <Data Name=""QueryResults"">type: 5 d1oqdhsokyodr9.cloudfront.net;::ffff:52.222.144.76;::ffff:52.222.144.49;::ffff:52.222.144.25;::ffff:52.222.144.63;</Data>
      <Data Name=""Image"">C:\Users\User\Downloads\GoToAssist.exe</Data>
      <Data Name=""User"">WINDEV2309EVAL\User</Data>
    </EventData>
    <RenderingInfo Culture=""en-US"">
      <Message>Dns query:

RuleName: -

UtcTime: 2023-12-27 14:52:16.683

ProcessGuid: {f57bd86a-ac87-658c-cc01-000000000f00}

ProcessId: 6888

QueryName: builds.cdn.getgo.com

QueryStatus: 0

QueryResults: type: 5 d1oqdhsokyodr9.cloudfront.net;::ffff:52.222.144.76;::ffff:52.222.144.49;::ffff:52.222.144.25;::ffff:52.222.144.63;

Image: C:\Users\User\Downloads\GoToAssist.exe

User: WINDEV2309EVAL\User</Message>
      <Level>Information</Level>
      <Task>Dns query (rule: DnsQuery)</Task>
      <Opcode>Info</Opcode>
    </RenderingInfo>
  </Event>
  
"
Microsoft-Windows-Sysmon/Operational,,,WinDev2309Eval,,,,,,,,,,22,19609,,,,C:\Windows\System32\WindowsPowerShell\v1.0\powershell.exe,,,0x8000000000000000,Information,,,"Dns query:

RuleName: -

UtcTime: 2023-12-27 14:52:16.317

ProcessGuid: {f57bd86a-ac87-658c-cd01-000000000f00}

ProcessId: 5512

QueryName: d1kuyuqowve5id.cloudfront.net

QueryStatus: 0

QueryResults: ::ffff:3.160.203.107;::ffff:3.160.203.34;::ffff:3.160.203.63;::ffff:3.160.203.185;

Image: C:\Windows\System32\WindowsPowerShell\v1.0\powershell.exe

User: WINDEV2309EVAL\User",Info,,,,,,,,{f57bd86a-ac87-658c-cd01-000000000f00},3588,5512,,,d1kuyuqowve5id.cloudfront.net,::ffff:3.160.203.107;::ffff:3.160.203.34;::ffff:3.160.203.63;::ffff:3.160.203.185;,0,"
      ",-,,,,,,2023-12-27T23:00:25.7672441Z,,,Dns query (rule: DnsQuery),,5164,WINDEV2309EVAL\User,S-1-5-18,2023-12-27 14:52:16.317,5,"<Event xmlns=""http://schemas.microsoft.com/win/2004/08/events/event"">
    <System>
      <Provider Name=""Microsoft-Windows-Sysmon"" Guid=""{5770385f-c22a-43e0-bf4c-06f5698ffbd9}""/>
      <EventID>22</EventID>
      <Version>5</Version>
      <Level>4</Level>
      <Task>22</Task>
      <Opcode>0</Opcode>
      <Keywords>0x8000000000000000</Keywords>
      <TimeCreated SystemTime=""2023-12-27T23:00:25.7672441Z""/>
      <EventRecordID>19609</EventRecordID>
      <Correlation/>
      <Execution ProcessID=""3588"" ThreadID=""5164""/>
      <Channel>Microsoft-Windows-Sysmon/Operational</Channel>
      <Computer>WinDev2309Eval</Computer>
      <Security UserID=""S-1-5-18""/>
    </System>
    <EventData>
      <Data Name=""RuleName"">-</Data>
      <Data Name=""UtcTime"">2023-12-27 14:52:16.317</Data>
      <Data Name=""ProcessGuid"">{f57bd86a-ac87-658c-cd01-000000000f00}</Data>
      <Data Name=""ProcessId"">5512</Data>
      <Data Name=""QueryName"">d1kuyuqowve5id.cloudfront.net</Data>
      <Data Name=""QueryStatus"">0</Data>
      <Data Name=""QueryResults"">::ffff:3.160.203.107;::ffff:3.160.203.34;::ffff:3.160.203.63;::ffff:3.160.203.185;</Data>
      <Data Name=""Image"">C:\Windows\System32\WindowsPowerShell\v1.0\powershell.exe</Data>
      <Data Name=""User"">WINDEV2309EVAL\User</Data>
    </EventData>
    <RenderingInfo Culture=""en-US"">
      <Message>Dns query:

RuleName: -

UtcTime: 2023-12-27 14:52:16.317

ProcessGuid: {f57bd86a-ac87-658c-cd01-000000000f00}

ProcessId: 5512

QueryName: d1kuyuqowve5id.cloudfront.net

QueryStatus: 0

QueryResults: ::ffff:3.160.203.107;::ffff:3.160.203.34;::ffff:3.160.203.63;::ffff:3.160.203.185;

Image: C:\Windows\System32\WindowsPowerShell\v1.0\powershell.exe

User: WINDEV2309EVAL\User</Message>
      <Level>Information</Level>
      <Task>Dns query (rule: DnsQuery)</Task>
      <Opcode>Info</Opcode>
    </RenderingInfo>
  </Event>
  
"
Microsoft-Windows-Sysmon/Operational,,,WinDev2309Eval,,,,,,,,,"""C:\Users\User\AppData\Local\GoTo Opener\GoTo Opener.exe"" ""/urlQsArgs %%1""",13,19608,SetValue,,,C:\Windows\system32\msiexec.exe,,,0x8000000000000000,Information,,,"Registry value set:

RuleName: T1042

EventType: SetValue

UtcTime: 2023-12-27 23:00:25.749

ProcessGuid: {f57bd86a-ac89-658c-d001-000000000f00}

ProcessId: 10948

Image: C:\Windows\system32\msiexec.exe

TargetObject: HKU\S-1-5-21-2835251196-2691927458-378326815-1000_Classes\citrixonline562\Shell\Open\Command\(Default)

Details: ""C:\Users\User\AppData\Local\GoTo Opener\GoTo Opener.exe"" ""/urlQsArgs Incorrect function. ""

User: NT AUTHORITY\SYSTEM",Info,,,,,,,,{f57bd86a-ac89-658c-d001-000000000f00},3588,10948,,,,,,"
      ",T1042,,,,,,2023-12-27T23:00:25.7626250Z,,HKU\S-1-5-21-2835251196-2691927458-378326815-1000_Classes\citrixonline562\Shell\Open\Command\(Default),Registry value set (rule: RegistryEvent),,5124,NT AUTHORITY\SYSTEM,S-1-5-18,2023-12-27 23:00:25.749,2,"<Event xmlns=""http://schemas.microsoft.com/win/2004/08/events/event"">
    <System>
      <Provider Name=""Microsoft-Windows-Sysmon"" Guid=""{5770385f-c22a-43e0-bf4c-06f5698ffbd9}""/>
      <EventID>13</EventID>
      <Version>2</Version>
      <Level>4</Level>
      <Task>13</Task>
      <Opcode>0</Opcode>
      <Keywords>0x8000000000000000</Keywords>
      <TimeCreated SystemTime=""2023-12-27T23:00:25.7626250Z""/>
      <EventRecordID>19608</EventRecordID>
      <Correlation/>
      <Execution ProcessID=""3588"" ThreadID=""5124""/>
      <Channel>Microsoft-Windows-Sysmon/Operational</Channel>
      <Computer>WinDev2309Eval</Computer>
      <Security UserID=""S-1-5-18""/>
    </System>
    <EventData>
      <Data Name=""RuleName"">T1042</Data>
      <Data Name=""EventType"">SetValue</Data>
      <Data Name=""UtcTime"">2023-12-27 23:00:25.749</Data>
      <Data Name=""ProcessGuid"">{f57bd86a-ac89-658c-d001-000000000f00}</Data>
      <Data Name=""ProcessId"">10948</Data>
      <Data Name=""Image"">C:\Windows\system32\msiexec.exe</Data>
      <Data Name=""TargetObject"">HKU\S-1-5-21-2835251196-2691927458-378326815-1000_Classes\citrixonline562\Shell\Open\Command\(Default)</Data>
      <Data Name=""Details"">""C:\Users\User\AppData\Local\GoTo Opener\GoTo Opener.exe"" ""/urlQsArgs %%1""</Data>
      <Data Name=""User"">NT AUTHORITY\SYSTEM</Data>
    </EventData>
    <RenderingInfo Culture=""en-US"">
      <Message>Registry value set:

RuleName: T1042

EventType: SetValue

UtcTime: 2023-12-27 23:00:25.749

ProcessGuid: {f57bd86a-ac89-658c-d001-000000000f00}

ProcessId: 10948

Image: C:\Windows\system32\msiexec.exe

TargetObject: HKU\S-1-5-21-2835251196-2691927458-378326815-1000_Classes\citrixonline562\Shell\Open\Command\(Default)

Details: ""C:\Users\User\AppData\Local\GoTo Opener\GoTo Opener.exe"" ""/urlQsArgs Incorrect function. ""

User: NT AUTHORITY\SYSTEM</Message>
      <Level>Information</Level>
      <Task>Registry value set (rule: RegistryEvent)</Task>
      <Opcode>Info</Opcode>
    </RenderingInfo>
  </Event>
  
"
Microsoft-Windows-Sysmon/Operational,,,WinDev2309Eval,,,,,,,,,"""C:\Users\User\AppData\Local\GoTo Opener\GoTo Opener.exe"" ""/urlQsArgs %%1""",13,19607,SetValue,,,C:\Windows\system32\msiexec.exe,,,0x8000000000000000,Information,,,"Registry value set:

RuleName: T1042

EventType: SetValue

UtcTime: 2023-12-27 23:00:25.749

ProcessGuid: {f57bd86a-ac89-658c-d001-000000000f00}

ProcessId: 10948

Image: C:\Windows\system32\msiexec.exe

TargetObject: HKU\S-1-5-21-2835251196-2691927458-378326815-1000_Classes\gotoopener562\Shell\Open\Command\(Default)

Details: ""C:\Users\User\AppData\Local\GoTo Opener\GoTo Opener.exe"" ""/urlQsArgs Incorrect function. ""

User: NT AUTHORITY\SYSTEM",Info,,,,,,,,{f57bd86a-ac89-658c-d001-000000000f00},3588,10948,,,,,,"
      ",T1042,,,,,,2023-12-27T23:00:25.7581401Z,,HKU\S-1-5-21-2835251196-2691927458-378326815-1000_Classes\gotoopener562\Shell\Open\Command\(Default),Registry value set (rule: RegistryEvent),,5124,NT AUTHORITY\SYSTEM,S-1-5-18,2023-12-27 23:00:25.749,2,"<Event xmlns=""http://schemas.microsoft.com/win/2004/08/events/event"">
    <System>
      <Provider Name=""Microsoft-Windows-Sysmon"" Guid=""{5770385f-c22a-43e0-bf4c-06f5698ffbd9}""/>
      <EventID>13</EventID>
      <Version>2</Version>
      <Level>4</Level>
      <Task>13</Task>
      <Opcode>0</Opcode>
      <Keywords>0x8000000000000000</Keywords>
      <TimeCreated SystemTime=""2023-12-27T23:00:25.7581401Z""/>
      <EventRecordID>19607</EventRecordID>
      <Correlation/>
      <Execution ProcessID=""3588"" ThreadID=""5124""/>
      <Channel>Microsoft-Windows-Sysmon/Operational</Channel>
      <Computer>WinDev2309Eval</Computer>
      <Security UserID=""S-1-5-18""/>
    </System>
    <EventData>
      <Data Name=""RuleName"">T1042</Data>
      <Data Name=""EventType"">SetValue</Data>
      <Data Name=""UtcTime"">2023-12-27 23:00:25.749</Data>
      <Data Name=""ProcessGuid"">{f57bd86a-ac89-658c-d001-000000000f00}</Data>
      <Data Name=""ProcessId"">10948</Data>
      <Data Name=""Image"">C:\Windows\system32\msiexec.exe</Data>
      <Data Name=""TargetObject"">HKU\S-1-5-21-2835251196-2691927458-378326815-1000_Classes\gotoopener562\Shell\Open\Command\(Default)</Data>
      <Data Name=""Details"">""C:\Users\User\AppData\Local\GoTo Opener\GoTo Opener.exe"" ""/urlQsArgs %%1""</Data>
      <Data Name=""User"">NT AUTHORITY\SYSTEM</Data>
    </EventData>
    <RenderingInfo Culture=""en-US"">
      <Message>Registry value set:

RuleName: T1042

EventType: SetValue

UtcTime: 2023-12-27 23:00:25.749

ProcessGuid: {f57bd86a-ac89-658c-d001-000000000f00}

ProcessId: 10948

Image: C:\Windows\system32\msiexec.exe

TargetObject: HKU\S-1-5-21-2835251196-2691927458-378326815-1000_Classes\gotoopener562\Shell\Open\Command\(Default)

Details: ""C:\Users\User\AppData\Local\GoTo Opener\GoTo Opener.exe"" ""/urlQsArgs Incorrect function. ""

User: NT AUTHORITY\SYSTEM</Message>
      <Level>Information</Level>
      <Task>Registry value set (rule: RegistryEvent)</Task>
      <Opcode>Info</Opcode>
    </RenderingInfo>
  </Event>
  
"
Microsoft-Windows-Sysmon/Operational,,,WinDev2309Eval,,,,,,,,,"""C:\Users\User\AppData\Local\GoTo Opener\GoTo Opener.exe"" ""/docArgs %%1""",13,19606,SetValue,,,C:\Windows\system32\msiexec.exe,,,0x8000000000000000,Information,,,"Registry value set:

RuleName: T1042

EventType: SetValue

UtcTime: 2023-12-27 23:00:25.749

ProcessGuid: {f57bd86a-ac89-658c-d001-000000000f00}

ProcessId: 10948

Image: C:\Windows\system32\msiexec.exe

TargetObject: HKU\S-1-5-21-2835251196-2691927458-378326815-1000_Classes\LogMeInInc.GoToOpener562\Shell\Open\Command\(Default)

Details: ""C:\Users\User\AppData\Local\GoTo Opener\GoTo Opener.exe"" ""/docArgs Incorrect function. ""

User: NT AUTHORITY\SYSTEM",Info,,,,,,,,{f57bd86a-ac89-658c-d001-000000000f00},3588,10948,,,,,,"
      ",T1042,,,,,,2023-12-27T23:00:25.7533613Z,,HKU\S-1-5-21-2835251196-2691927458-378326815-1000_Classes\LogMeInInc.GoToOpener562\Shell\Open\Command\(Default),Registry value set (rule: RegistryEvent),,5124,NT AUTHORITY\SYSTEM,S-1-5-18,2023-12-27 23:00:25.749,2,"<Event xmlns=""http://schemas.microsoft.com/win/2004/08/events/event"">
    <System>
      <Provider Name=""Microsoft-Windows-Sysmon"" Guid=""{5770385f-c22a-43e0-bf4c-06f5698ffbd9}""/>
      <EventID>13</EventID>
      <Version>2</Version>
      <Level>4</Level>
      <Task>13</Task>
      <Opcode>0</Opcode>
      <Keywords>0x8000000000000000</Keywords>
      <TimeCreated SystemTime=""2023-12-27T23:00:25.7533613Z""/>
      <EventRecordID>19606</EventRecordID>
      <Correlation/>
      <Execution ProcessID=""3588"" ThreadID=""5124""/>
      <Channel>Microsoft-Windows-Sysmon/Operational</Channel>
      <Computer>WinDev2309Eval</Computer>
      <Security UserID=""S-1-5-18""/>
    </System>
    <EventData>
      <Data Name=""RuleName"">T1042</Data>
      <Data Name=""EventType"">SetValue</Data>
      <Data Name=""UtcTime"">2023-12-27 23:00:25.749</Data>
      <Data Name=""ProcessGuid"">{f57bd86a-ac89-658c-d001-000000000f00}</Data>
      <Data Name=""ProcessId"">10948</Data>
      <Data Name=""Image"">C:\Windows\system32\msiexec.exe</Data>
      <Data Name=""TargetObject"">HKU\S-1-5-21-2835251196-2691927458-378326815-1000_Classes\LogMeInInc.GoToOpener562\Shell\Open\Command\(Default)</Data>
      <Data Name=""Details"">""C:\Users\User\AppData\Local\GoTo Opener\GoTo Opener.exe"" ""/docArgs %%1""</Data>
      <Data Name=""User"">NT AUTHORITY\SYSTEM</Data>
    </EventData>
    <RenderingInfo Culture=""en-US"">
      <Message>Registry value set:

RuleName: T1042

EventType: SetValue

UtcTime: 2023-12-27 23:00:25.749

ProcessGuid: {f57bd86a-ac89-658c-d001-000000000f00}

ProcessId: 10948

Image: C:\Windows\system32\msiexec.exe

TargetObject: HKU\S-1-5-21-2835251196-2691927458-378326815-1000_Classes\LogMeInInc.GoToOpener562\Shell\Open\Command\(Default)

Details: ""C:\Users\User\AppData\Local\GoTo Opener\GoTo Opener.exe"" ""/docArgs Incorrect function. ""

User: NT AUTHORITY\SYSTEM</Message>
      <Level>Information</Level>
      <Task>Registry value set (rule: RegistryEvent)</Task>
      <Opcode>Info</Opcode>
    </RenderingInfo>
  </Event>
  
"
Microsoft-Windows-Sysmon/Operational,,,WinDev2309Eval,,,,,,,,,"""C:\Users\User\AppData\Local\GoTo Opener\GoTo Opener.exe"" ""/urlQsArgs %%1""",13,19605,SetValue,,,C:\Windows\system32\msiexec.exe,,,0x8000000000000000,Information,,,"Registry value set:

RuleName: T1042

EventType: SetValue

UtcTime: 2023-12-27 23:00:25.733

ProcessGuid: {f57bd86a-ac89-658c-d001-000000000f00}

ProcessId: 10948

Image: C:\Windows\system32\msiexec.exe

TargetObject: HKU\S-1-5-21-2835251196-2691927458-378326815-1000_Classes\citrixonline\Shell\Open\Command\(Default)

Details: ""C:\Users\User\AppData\Local\GoTo Opener\GoTo Opener.exe"" ""/urlQsArgs Incorrect function. ""

User: NT AUTHORITY\SYSTEM",Info,,,,,,,,{f57bd86a-ac89-658c-d001-000000000f00},3588,10948,,,,,,"
      ",T1042,,,,,,2023-12-27T23:00:25.7449448Z,,HKU\S-1-5-21-2835251196-2691927458-378326815-1000_Classes\citrixonline\Shell\Open\Command\(Default),Registry value set (rule: RegistryEvent),,5124,NT AUTHORITY\SYSTEM,S-1-5-18,2023-12-27 23:00:25.733,2,"<Event xmlns=""http://schemas.microsoft.com/win/2004/08/events/event"">
    <System>
      <Provider Name=""Microsoft-Windows-Sysmon"" Guid=""{5770385f-c22a-43e0-bf4c-06f5698ffbd9}""/>
      <EventID>13</EventID>
      <Version>2</Version>
      <Level>4</Level>
      <Task>13</Task>
      <Opcode>0</Opcode>
      <Keywords>0x8000000000000000</Keywords>
      <TimeCreated SystemTime=""2023-12-27T23:00:25.7449448Z""/>
      <EventRecordID>19605</EventRecordID>
      <Correlation/>
      <Execution ProcessID=""3588"" ThreadID=""5124""/>
      <Channel>Microsoft-Windows-Sysmon/Operational</Channel>
      <Computer>WinDev2309Eval</Computer>
      <Security UserID=""S-1-5-18""/>
    </System>
    <EventData>
      <Data Name=""RuleName"">T1042</Data>
      <Data Name=""EventType"">SetValue</Data>
      <Data Name=""UtcTime"">2023-12-27 23:00:25.733</Data>
      <Data Name=""ProcessGuid"">{f57bd86a-ac89-658c-d001-000000000f00}</Data>
      <Data Name=""ProcessId"">10948</Data>
      <Data Name=""Image"">C:\Windows\system32\msiexec.exe</Data>
      <Data Name=""TargetObject"">HKU\S-1-5-21-2835251196-2691927458-378326815-1000_Classes\citrixonline\Shell\Open\Command\(Default)</Data>
      <Data Name=""Details"">""C:\Users\User\AppData\Local\GoTo Opener\GoTo Opener.exe"" ""/urlQsArgs %%1""</Data>
      <Data Name=""User"">NT AUTHORITY\SYSTEM</Data>
    </EventData>
    <RenderingInfo Culture=""en-US"">
      <Message>Registry value set:

RuleName: T1042

EventType: SetValue

UtcTime: 2023-12-27 23:00:25.733

ProcessGuid: {f57bd86a-ac89-658c-d001-000000000f00}

ProcessId: 10948

Image: C:\Windows\system32\msiexec.exe

TargetObject: HKU\S-1-5-21-2835251196-2691927458-378326815-1000_Classes\citrixonline\Shell\Open\Command\(Default)

Details: ""C:\Users\User\AppData\Local\GoTo Opener\GoTo Opener.exe"" ""/urlQsArgs Incorrect function. ""

User: NT AUTHORITY\SYSTEM</Message>
      <Level>Information</Level>
      <Task>Registry value set (rule: RegistryEvent)</Task>
      <Opcode>Info</Opcode>
    </RenderingInfo>
  </Event>
  
"
Microsoft-Windows-Sysmon/Operational,,,WinDev2309Eval,,,,,,,,,"""C:\Users\User\AppData\Local\GoTo Opener\GoTo Opener.exe"" ""/urlQsArgs %%1""",13,19604,SetValue,,,C:\Windows\system32\msiexec.exe,,,0x8000000000000000,Information,,,"Registry value set:

RuleName: T1042

EventType: SetValue

UtcTime: 2023-12-27 23:00:25.733

ProcessGuid: {f57bd86a-ac89-658c-d001-000000000f00}

ProcessId: 10948

Image: C:\Windows\system32\msiexec.exe

TargetObject: HKU\S-1-5-21-2835251196-2691927458-378326815-1000_Classes\gotoopener\Shell\Open\Command\(Default)

Details: ""C:\Users\User\AppData\Local\GoTo Opener\GoTo Opener.exe"" ""/urlQsArgs Incorrect function. ""

User: NT AUTHORITY\SYSTEM",Info,,,,,,,,{f57bd86a-ac89-658c-d001-000000000f00},3588,10948,,,,,,"
      ",T1042,,,,,,2023-12-27T23:00:25.7403346Z,,HKU\S-1-5-21-2835251196-2691927458-378326815-1000_Classes\gotoopener\Shell\Open\Command\(Default),Registry value set (rule: RegistryEvent),,5124,NT AUTHORITY\SYSTEM,S-1-5-18,2023-12-27 23:00:25.733,2,"<Event xmlns=""http://schemas.microsoft.com/win/2004/08/events/event"">
    <System>
      <Provider Name=""Microsoft-Windows-Sysmon"" Guid=""{5770385f-c22a-43e0-bf4c-06f5698ffbd9}""/>
      <EventID>13</EventID>
      <Version>2</Version>
      <Level>4</Level>
      <Task>13</Task>
      <Opcode>0</Opcode>
      <Keywords>0x8000000000000000</Keywords>
      <TimeCreated SystemTime=""2023-12-27T23:00:25.7403346Z""/>
      <EventRecordID>19604</EventRecordID>
      <Correlation/>
      <Execution ProcessID=""3588"" ThreadID=""5124""/>
      <Channel>Microsoft-Windows-Sysmon/Operational</Channel>
      <Computer>WinDev2309Eval</Computer>
      <Security UserID=""S-1-5-18""/>
    </System>
    <EventData>
      <Data Name=""RuleName"">T1042</Data>
      <Data Name=""EventType"">SetValue</Data>
      <Data Name=""UtcTime"">2023-12-27 23:00:25.733</Data>
      <Data Name=""ProcessGuid"">{f57bd86a-ac89-658c-d001-000000000f00}</Data>
      <Data Name=""ProcessId"">10948</Data>
      <Data Name=""Image"">C:\Windows\system32\msiexec.exe</Data>
      <Data Name=""TargetObject"">HKU\S-1-5-21-2835251196-2691927458-378326815-1000_Classes\gotoopener\Shell\Open\Command\(Default)</Data>
      <Data Name=""Details"">""C:\Users\User\AppData\Local\GoTo Opener\GoTo Opener.exe"" ""/urlQsArgs %%1""</Data>
      <Data Name=""User"">NT AUTHORITY\SYSTEM</Data>
    </EventData>
    <RenderingInfo Culture=""en-US"">
      <Message>Registry value set:

RuleName: T1042

EventType: SetValue

UtcTime: 2023-12-27 23:00:25.733

ProcessGuid: {f57bd86a-ac89-658c-d001-000000000f00}

ProcessId: 10948

Image: C:\Windows\system32\msiexec.exe

TargetObject: HKU\S-1-5-21-2835251196-2691927458-378326815-1000_Classes\gotoopener\Shell\Open\Command\(Default)

Details: ""C:\Users\User\AppData\Local\GoTo Opener\GoTo Opener.exe"" ""/urlQsArgs Incorrect function. ""

User: NT AUTHORITY\SYSTEM</Message>
      <Level>Information</Level>
      <Task>Registry value set (rule: RegistryEvent)</Task>
      <Opcode>Info</Opcode>
    </RenderingInfo>
  </Event>
  
"
Microsoft-Windows-Sysmon/Operational,,,WinDev2309Eval,2023-12-27 23:00:23.713,,,,,,,,,2,19603,,,,C:\Windows\system32\msiexec.exe,,,0x8000000000000000,Information,,,"File creation time changed:

RuleName: T1099

UtcTime: 2023-12-27 23:00:25.717

ProcessGuid: {f57bd86a-ac89-658c-d001-000000000f00}

ProcessId: 10948

Image: C:\Windows\system32\msiexec.exe

TargetFilename: C:\Users\User\AppData\Local\GoTo Opener\GoTo Opener.exe

CreationUtcTime: 2023-12-27 23:00:23.713

PreviousCreationUtcTime: 2023-12-27 23:00:25.717

User: NT AUTHORITY\SYSTEM",Info,,,,,,,2023-12-27 23:00:25.717,{f57bd86a-ac89-658c-d001-000000000f00},3588,10948,,,,,,"
      ",T1099,,,,,,2023-12-27T23:00:25.7223474Z,C:\Users\User\AppData\Local\GoTo Opener\GoTo Opener.exe,,File creation time changed (rule: FileCreateTime),,5124,NT AUTHORITY\SYSTEM,S-1-5-18,2023-12-27 23:00:25.717,5,"<Event xmlns=""http://schemas.microsoft.com/win/2004/08/events/event"">
    <System>
      <Provider Name=""Microsoft-Windows-Sysmon"" Guid=""{5770385f-c22a-43e0-bf4c-06f5698ffbd9}""/>
      <EventID>2</EventID>
      <Version>5</Version>
      <Level>4</Level>
      <Task>2</Task>
      <Opcode>0</Opcode>
      <Keywords>0x8000000000000000</Keywords>
      <TimeCreated SystemTime=""2023-12-27T23:00:25.7223474Z""/>
      <EventRecordID>19603</EventRecordID>
      <Correlation/>
      <Execution ProcessID=""3588"" ThreadID=""5124""/>
      <Channel>Microsoft-Windows-Sysmon/Operational</Channel>
      <Computer>WinDev2309Eval</Computer>
      <Security UserID=""S-1-5-18""/>
    </System>
    <EventData>
      <Data Name=""RuleName"">T1099</Data>
      <Data Name=""UtcTime"">2023-12-27 23:00:25.717</Data>
      <Data Name=""ProcessGuid"">{f57bd86a-ac89-658c-d001-000000000f00}</Data>
      <Data Name=""ProcessId"">10948</Data>
      <Data Name=""Image"">C:\Windows\system32\msiexec.exe</Data>
      <Data Name=""TargetFilename"">C:\Users\User\AppData\Local\GoTo Opener\GoTo Opener.exe</Data>
      <Data Name=""CreationUtcTime"">2023-12-27 23:00:23.713</Data>
      <Data Name=""PreviousCreationUtcTime"">2023-12-27 23:00:25.717</Data>
      <Data Name=""User"">NT AUTHORITY\SYSTEM</Data>
    </EventData>
    <RenderingInfo Culture=""en-US"">
      <Message>File creation time changed:

RuleName: T1099

UtcTime: 2023-12-27 23:00:25.717

ProcessGuid: {f57bd86a-ac89-658c-d001-000000000f00}

ProcessId: 10948

Image: C:\Windows\system32\msiexec.exe

TargetFilename: C:\Users\User\AppData\Local\GoTo Opener\GoTo Opener.exe

CreationUtcTime: 2023-12-27 23:00:23.713

PreviousCreationUtcTime: 2023-12-27 23:00:25.717

User: NT AUTHORITY\SYSTEM</Message>
      <Level>Information</Level>
      <Task>File creation time changed (rule: FileCreateTime)</Task>
      <Opcode>Info</Opcode>
    </RenderingInfo>
  </Event>
  
"
Microsoft-Windows-Sysmon/Operational,,,WinDev2309Eval,2023-12-27 23:00:25.717,,,,,,,,,11,19602,,,,C:\Windows\system32\msiexec.exe,,,0x8000000000000000,Information,,,"File created:

RuleName: EXE

UtcTime: 2023-12-27 23:00:25.717

ProcessGuid: {f57bd86a-ac89-658c-d001-000000000f00}

ProcessId: 10948

Image: C:\Windows\system32\msiexec.exe

TargetFilename: C:\Users\User\AppData\Local\GoTo Opener\GoTo Opener.exe

CreationUtcTime: 2023-12-27 23:00:25.717

User: NT AUTHORITY\SYSTEM",Info,,,,,,,,{f57bd86a-ac89-658c-d001-000000000f00},3588,10948,,,,,,"
      ",EXE,,,,,,2023-12-27T23:00:25.7217223Z,C:\Users\User\AppData\Local\GoTo Opener\GoTo Opener.exe,,File created (rule: FileCreate),,5124,NT AUTHORITY\SYSTEM,S-1-5-18,2023-12-27 23:00:25.717,2,"<Event xmlns=""http://schemas.microsoft.com/win/2004/08/events/event"">
    <System>
      <Provider Name=""Microsoft-Windows-Sysmon"" Guid=""{5770385f-c22a-43e0-bf4c-06f5698ffbd9}""/>
      <EventID>11</EventID>
      <Version>2</Version>
      <Level>4</Level>
      <Task>11</Task>
      <Opcode>0</Opcode>
      <Keywords>0x8000000000000000</Keywords>
      <TimeCreated SystemTime=""2023-12-27T23:00:25.7217223Z""/>
      <EventRecordID>19602</EventRecordID>
      <Correlation/>
      <Execution ProcessID=""3588"" ThreadID=""5124""/>
      <Channel>Microsoft-Windows-Sysmon/Operational</Channel>
      <Computer>WinDev2309Eval</Computer>
      <Security UserID=""S-1-5-18""/>
    </System>
    <EventData>
      <Data Name=""RuleName"">EXE</Data>
      <Data Name=""UtcTime"">2023-12-27 23:00:25.717</Data>
      <Data Name=""ProcessGuid"">{f57bd86a-ac89-658c-d001-000000000f00}</Data>
      <Data Name=""ProcessId"">10948</Data>
      <Data Name=""Image"">C:\Windows\system32\msiexec.exe</Data>
      <Data Name=""TargetFilename"">C:\Users\User\AppData\Local\GoTo Opener\GoTo Opener.exe</Data>
      <Data Name=""CreationUtcTime"">2023-12-27 23:00:25.717</Data>
      <Data Name=""User"">NT AUTHORITY\SYSTEM</Data>
    </EventData>
    <RenderingInfo Culture=""en-US"">
      <Message>File created:

RuleName: EXE

UtcTime: 2023-12-27 23:00:25.717

ProcessGuid: {f57bd86a-ac89-658c-d001-000000000f00}

ProcessId: 10948

Image: C:\Windows\system32\msiexec.exe

TargetFilename: C:\Users\User\AppData\Local\GoTo Opener\GoTo Opener.exe

CreationUtcTime: 2023-12-27 23:00:25.717

User: NT AUTHORITY\SYSTEM</Message>
      <Level>Information</Level>
      <Task>File created (rule: FileCreate)</Task>
      <Opcode>Info</Opcode>
    </RenderingInfo>
  </Event>
  
"
Microsoft-Windows-Sysmon/Operational,,,WinDev2309Eval,,,,-,192.229.221.95,false,80,http,,3,19601,,,,C:\Users\User\Downloads\GoToAssist.exe,true,,0x8000000000000000,Information,,,"Network connection detected:

RuleName: Usermode

UtcTime: 2023-12-27 14:52:15.714

ProcessGuid: {f57bd86a-ac87-658c-cc01-000000000f00}

ProcessId: 6888

Image: C:\Users\User\Downloads\GoToAssist.exe

User: WINDEV2309EVAL\User

Protocol: tcp

Initiated: true

SourceIsIpv6: false

SourceIp: 192.168.126.163

SourceHostname: WinDev2309Eval.localdomain

SourcePort: 50101

SourcePortName: -

DestinationIsIpv6: false

DestinationIp: 192.229.221.95

DestinationHostname: -

DestinationPort: 80

DestinationPortName: http",Info,,,,,,,,{f57bd86a-ac87-658c-cc01-000000000f00},3588,6888,,tcp,,,,"
      ",Usermode,WinDev2309Eval.localdomain,192.168.126.163,false,50101,-,2023-12-27T23:00:25.5249789Z,,,Network connection detected (rule: NetworkConnect),,5136,WINDEV2309EVAL\User,S-1-5-18,2023-12-27 14:52:15.714,5,"<Event xmlns=""http://schemas.microsoft.com/win/2004/08/events/event"">
    <System>
      <Provider Name=""Microsoft-Windows-Sysmon"" Guid=""{5770385f-c22a-43e0-bf4c-06f5698ffbd9}""/>
      <EventID>3</EventID>
      <Version>5</Version>
      <Level>4</Level>
      <Task>3</Task>
      <Opcode>0</Opcode>
      <Keywords>0x8000000000000000</Keywords>
      <TimeCreated SystemTime=""2023-12-27T23:00:25.5249789Z""/>
      <EventRecordID>19601</EventRecordID>
      <Correlation/>
      <Execution ProcessID=""3588"" ThreadID=""5136""/>
      <Channel>Microsoft-Windows-Sysmon/Operational</Channel>
      <Computer>WinDev2309Eval</Computer>
      <Security UserID=""S-1-5-18""/>
    </System>
    <EventData>
      <Data Name=""RuleName"">Usermode</Data>
      <Data Name=""UtcTime"">2023-12-27 14:52:15.714</Data>
      <Data Name=""ProcessGuid"">{f57bd86a-ac87-658c-cc01-000000000f00}</Data>
      <Data Name=""ProcessId"">6888</Data>
      <Data Name=""Image"">C:\Users\User\Downloads\GoToAssist.exe</Data>
      <Data Name=""User"">WINDEV2309EVAL\User</Data>
      <Data Name=""Protocol"">tcp</Data>
      <Data Name=""Initiated"">true</Data>
      <Data Name=""SourceIsIpv6"">false</Data>
      <Data Name=""SourceIp"">192.168.126.163</Data>
      <Data Name=""SourceHostname"">WinDev2309Eval.localdomain</Data>
      <Data Name=""SourcePort"">50101</Data>
      <Data Name=""SourcePortName"">-</Data>
      <Data Name=""DestinationIsIpv6"">false</Data>
      <Data Name=""DestinationIp"">192.229.221.95</Data>
      <Data Name=""DestinationHostname"">-</Data>
      <Data Name=""DestinationPort"">80</Data>
      <Data Name=""DestinationPortName"">http</Data>
    </EventData>
    <RenderingInfo Culture=""en-US"">
      <Message>Network connection detected:

RuleName: Usermode

UtcTime: 2023-12-27 14:52:15.714

ProcessGuid: {f57bd86a-ac87-658c-cc01-000000000f00}

ProcessId: 6888

Image: C:\Users\User\Downloads\GoToAssist.exe

User: WINDEV2309EVAL\User

Protocol: tcp

Initiated: true

SourceIsIpv6: false

SourceIp: 192.168.126.163

SourceHostname: WinDev2309Eval.localdomain

SourcePort: 50101

SourcePortName: -

DestinationIsIpv6: false

DestinationIp: 192.229.221.95

DestinationHostname: -

DestinationPort: 80

DestinationPortName: http</Message>
      <Level>Information</Level>
      <Task>Network connection detected (rule: NetworkConnect)</Task>
      <Opcode>Info</Opcode>
    </RenderingInfo>
  </Event>
  
"
Microsoft-Windows-Sysmon/Operational,,,WinDev2309Eval,,,,,,,,,Binary Data,13,19600,SetValue,,,C:\Windows\system32\svchost.exe,,,0x8000000000000000,Information,,,"Registry value set:

RuleName: InvDB

EventType: SetValue

UtcTime: 2023-12-27 23:00:25.507

ProcessGuid: {f57bd86a-3753-658c-d500-000000000f00}

ProcessId: 6796

Image: C:\Windows\system32\svchost.exe

TargetObject: HKU\S-1-5-21-2835251196-2691927458-378326815-1000\Software\Microsoft\Windows NT\CurrentVersion\AppCompatFlags\Compatibility Assistant\Store\C:\Windows\SysWOW64\msiexec.exe

Details: Binary Data

User: NT AUTHORITY\SYSTEM",Info,,,,,,,,{f57bd86a-3753-658c-d500-000000000f00},3588,6796,,,,,,"
      ",InvDB,,,,,,2023-12-27T23:00:25.5106828Z,,HKU\S-1-5-21-2835251196-2691927458-378326815-1000\Software\Microsoft\Windows NT\CurrentVersion\AppCompatFlags\Compatibility Assistant\Store\C:\Windows\SysWOW64\msiexec.exe,Registry value set (rule: RegistryEvent),,5124,NT AUTHORITY\SYSTEM,S-1-5-18,2023-12-27 23:00:25.507,2,"<Event xmlns=""http://schemas.microsoft.com/win/2004/08/events/event"">
    <System>
      <Provider Name=""Microsoft-Windows-Sysmon"" Guid=""{5770385f-c22a-43e0-bf4c-06f5698ffbd9}""/>
      <EventID>13</EventID>
      <Version>2</Version>
      <Level>4</Level>
      <Task>13</Task>
      <Opcode>0</Opcode>
      <Keywords>0x8000000000000000</Keywords>
      <TimeCreated SystemTime=""2023-12-27T23:00:25.5106828Z""/>
      <EventRecordID>19600</EventRecordID>
      <Correlation/>
      <Execution ProcessID=""3588"" ThreadID=""5124""/>
      <Channel>Microsoft-Windows-Sysmon/Operational</Channel>
      <Computer>WinDev2309Eval</Computer>
      <Security UserID=""S-1-5-18""/>
    </System>
    <EventData>
      <Data Name=""RuleName"">InvDB</Data>
      <Data Name=""EventType"">SetValue</Data>
      <Data Name=""UtcTime"">2023-12-27 23:00:25.507</Data>
      <Data Name=""ProcessGuid"">{f57bd86a-3753-658c-d500-000000000f00}</Data>
      <Data Name=""ProcessId"">6796</Data>
      <Data Name=""Image"">C:\Windows\system32\svchost.exe</Data>
      <Data Name=""TargetObject"">HKU\S-1-5-21-2835251196-2691927458-378326815-1000\Software\Microsoft\Windows NT\CurrentVersion\AppCompatFlags\Compatibility Assistant\Store\C:\Windows\SysWOW64\msiexec.exe</Data>
      <Data Name=""Details"">Binary Data</Data>
      <Data Name=""User"">NT AUTHORITY\SYSTEM</Data>
    </EventData>
    <RenderingInfo Culture=""en-US"">
      <Message>Registry value set:

RuleName: InvDB

EventType: SetValue

UtcTime: 2023-12-27 23:00:25.507

ProcessGuid: {f57bd86a-3753-658c-d500-000000000f00}

ProcessId: 6796

Image: C:\Windows\system32\svchost.exe

TargetObject: HKU\S-1-5-21-2835251196-2691927458-378326815-1000\Software\Microsoft\Windows NT\CurrentVersion\AppCompatFlags\Compatibility Assistant\Store\C:\Windows\SysWOW64\msiexec.exe

Details: Binary Data

User: NT AUTHORITY\SYSTEM</Message>
      <Level>Information</Level>
      <Task>Registry value set (rule: RegistryEvent)</Task>
      <Opcode>Info</Opcode>
    </RenderingInfo>
  </Event>
  
"
