Microsoft-Windows-Sysmon/Operational,C:\Windows\system32\msiexec.exe /V,Microsoft Corporation,WinDev2309Eval,,C:\Windows\system32\,Windows® installer,,,,,,,1,19599,,5.0.22621.1 (WinBuild.160101.0800),"MD5=302BE4B7434E679769029C8570825CC0,SHA256=5A31EA6A517A065166FAFA01A0AC6A350D0E2DCBA1B6DD4FDB41AE59109568E1,IMPHASH=0990A9500FF8DF93E0E059EE13E7C796",C:\Windows\System32\msiexec.exe,,System,0x8000000000000000,Information,{f57bd86a-36f5-658c-e703-000000000000},0x3e7,"Process Create:

RuleName: -

UtcTime: 2023-12-27 23:00:25.186

ProcessGuid: {f57bd86a-ac89-658c-d001-000000000f00}

ProcessId: 10948

Image: C:\Windows\System32\msiexec.exe

FileVersion: 5.0.22621.1 (WinBuild.160101.0800)

Description: Windows® installer

Product: Windows Installer - Unicode

Company: Microsoft Corporation

OriginalFileName: msiexec.exe

CommandLine: C:\Windows\system32\msiexec.exe /V

CurrentDirectory: C:\Windows\system32\

User: NT AUTHORITY\SYSTEM

LogonGuid: {f57bd86a-36f5-658c-e703-000000000000}

LogonId: 0x3E7

TerminalSessionId: 0

IntegrityLevel: System

Hashes: MD5=302BE4B7434E679769029C8570825CC0,SHA256=5A31EA6A517A065166FAFA01A0AC6A350D0E2DCBA1B6DD4FDB41AE59109568E1,IMPHASH=0990A9500FF8DF93E0E059EE13E7C796

ParentProcessGuid: {f57bd86a-36f5-658c-0b00-000000000f00}

ParentProcessId: 780

ParentImage: C:\Windows\System32\services.exe

ParentCommandLine: C:\Windows\system32\services.exe

ParentUser: NT AUTHORITY\SYSTEM",Info,msiexec.exe,C:\Windows\system32\services.exe,C:\Windows\System32\services.exe,{f57bd86a-36f5-658c-0b00-000000000f00},780,NT AUTHORITY\SYSTEM,,{f57bd86a-ac89-658c-d001-000000000f00},3588,10948,Windows Installer - Unicode,,,,,"
      ",-,,,,,,2023-12-27T23:00:25.1903397Z,,,Process Create (rule: ProcessCreate),0,5124,NT AUTHORITY\SYSTEM,S-1-5-18,2023-12-27 23:00:25.186,5,"<Event xmlns=""http://schemas.microsoft.com/win/2004/08/events/event"">
    <System>
      <Provider Name=""Microsoft-Windows-Sysmon"" Guid=""{5770385f-c22a-43e0-bf4c-06f5698ffbd9}""/>
      <EventID>1</EventID>
      <Version>5</Version>
      <Level>4</Level>
      <Task>1</Task>
      <Opcode>0</Opcode>
      <Keywords>0x8000000000000000</Keywords>
      <TimeCreated SystemTime=""2023-12-27T23:00:25.1903397Z""/>
      <EventRecordID>19599</EventRecordID>
      <Correlation/>
      <Execution ProcessID=""3588"" ThreadID=""5124""/>
      <Channel>Microsoft-Windows-Sysmon/Operational</Channel>
      <Computer>WinDev2309Eval</Computer>
      <Security UserID=""S-1-5-18""/>
    </System>
    <EventData>
      <Data Name=""RuleName"">-</Data>
      <Data Name=""UtcTime"">2023-12-27 23:00:25.186</Data>
      <Data Name=""ProcessGuid"">{f57bd86a-ac89-658c-d001-000000000f00}</Data>
      <Data Name=""ProcessId"">10948</Data>
      <Data Name=""Image"">C:\Windows\System32\msiexec.exe</Data>
      <Data Name=""FileVersion"">5.0.22621.1 (WinBuild.160101.0800)</Data>
      <Data Name=""Description"">Windows&#174; installer</Data>
      <Data Name=""Product"">Windows Installer - Unicode</Data>
      <Data Name=""Company"">Microsoft Corporation</Data>
      <Data Name=""OriginalFileName"">msiexec.exe</Data>
      <Data Name=""CommandLine"">C:\Windows\system32\msiexec.exe /V</Data>
      <Data Name=""CurrentDirectory"">C:\Windows\system32\</Data>
      <Data Name=""User"">NT AUTHORITY\SYSTEM</Data>
      <Data Name=""LogonGuid"">{f57bd86a-36f5-658c-e703-000000000000}</Data>
      <Data Name=""LogonId"">0x3e7</Data>
      <Data Name=""TerminalSessionId"">0</Data>
      <Data Name=""IntegrityLevel"">System</Data>
      <Data Name=""Hashes"">MD5=302BE4B7434E679769029C8570825CC0,SHA256=5A31EA6A517A065166FAFA01A0AC6A350D0E2DCBA1B6DD4FDB41AE59109568E1,IMPHASH=0990A9500FF8DF93E0E059EE13E7C796</Data>
      <Data Name=""ParentProcessGuid"">{f57bd86a-36f5-658c-0b00-000000000f00}</Data>
      <Data Name=""ParentProcessId"">780</Data>
      <Data Name=""ParentImage"">C:\Windows\System32\services.exe</Data>
      <Data Name=""ParentCommandLine"">C:\Windows\system32\services.exe</Data>
      <Data Name=""ParentUser"">NT AUTHORITY\SYSTEM</Data>
    </EventData>
    <RenderingInfo Culture=""en-US"">
      <Message>Process Create:

RuleName: -

UtcTime: 2023-12-27 23:00:25.186

ProcessGuid: {f57bd86a-ac89-658c-d001-000000000f00}

ProcessId: 10948

Image: C:\Windows\System32\msiexec.exe

FileVersion: 5.0.22621.1 (WinBuild.160101.0800)

Description: Windows&#174; installer

Product: Windows Installer - Unicode

Company: Microsoft Corporation

OriginalFileName: msiexec.exe

CommandLine: C:\Windows\system32\msiexec.exe /V

CurrentDirectory: C:\Windows\system32\

User: NT AUTHORITY\SYSTEM

LogonGuid: {f57bd86a-36f5-658c-e703-000000000000}

LogonId: 0x3E7

TerminalSessionId: 0

IntegrityLevel: System

Hashes: MD5=302BE4B7434E679769029C8570825CC0,SHA256=5A31EA6A517A065166FAFA01A0AC6A350D0E2DCBA1B6DD4FDB41AE59109568E1,IMPHASH=0990A9500FF8DF93E0E059EE13E7C796

ParentProcessGuid: {f57bd86a-36f5-658c-0b00-000000000f00}

ParentProcessId: 780

ParentImage: C:\Windows\System32\services.exe

ParentCommandLine: C:\Windows\system32\services.exe

ParentUser: NT AUTHORITY\SYSTEM</Message>
      <Level>Information</Level>
      <Task>Process Create (rule: ProcessCreate)</Task>
      <Opcode>Info</Opcode>
    </RenderingInfo>
  </Event>
  
"
Microsoft-Windows-Sysmon/Operational,,,WinDev2309Eval,2023-12-27 23:00:25.075,,,,,,,,,11,19598,,,,C:\Windows\System32\WindowsPowerShell\v1.0\powershell.exe,,,0x8000000000000000,Information,,,"File created:

RuleName: Downloads

UtcTime: 2023-12-27 23:00:25.075

ProcessGuid: {f57bd86a-ac87-658c-cd01-000000000f00}

ProcessId: 5512

Image: C:\Windows\System32\WindowsPowerShell\v1.0\powershell.exe

TargetFilename: C:\Users\User\Downloads\ScreenConnect.msi

CreationUtcTime: 2023-12-27 23:00:25.075

User: WINDEV2309EVAL\User",Info,,,,,,,,{f57bd86a-ac87-658c-cd01-000000000f00},3588,5512,,,,,,"
      ",Downloads,,,,,,2023-12-27T23:00:25.0842384Z,C:\Users\User\Downloads\ScreenConnect.msi,,File created (rule: FileCreate),,5124,WINDEV2309EVAL\User,S-1-5-18,2023-12-27 23:00:25.075,2,"<Event xmlns=""http://schemas.microsoft.com/win/2004/08/events/event"">
    <System>
      <Provider Name=""Microsoft-Windows-Sysmon"" Guid=""{5770385f-c22a-43e0-bf4c-06f5698ffbd9}""/>
      <EventID>11</EventID>
      <Version>2</Version>
      <Level>4</Level>
      <Task>11</Task>
      <Opcode>0</Opcode>
      <Keywords>0x8000000000000000</Keywords>
      <TimeCreated SystemTime=""2023-12-27T23:00:25.0842384Z""/>
      <EventRecordID>19598</EventRecordID>
      <Correlation/>
      <Execution ProcessID=""3588"" ThreadID=""5124""/>
      <Channel>Microsoft-Windows-Sysmon/Operational</Channel>
      <Computer>WinDev2309Eval</Computer>
      <Security UserID=""S-1-5-18""/>
    </System>
    <EventData>
      <Data Name=""RuleName"">Downloads</Data>
      <Data Name=""UtcTime"">2023-12-27 23:00:25.075</Data>
      <Data Name=""ProcessGuid"">{f57bd86a-ac87-658c-cd01-000000000f00}</Data>
      <Data Name=""ProcessId"">5512</Data>
      <Data Name=""Image"">C:\Windows\System32\WindowsPowerShell\v1.0\powershell.exe</Data>
      <Data Name=""TargetFilename"">C:\Users\User\Downloads\ScreenConnect.msi</Data>
      <Data Name=""CreationUtcTime"">2023-12-27 23:00:25.075</Data>
      <Data Name=""User"">WINDEV2309EVAL\User</Data>
    </EventData>
    <RenderingInfo Culture=""en-US"">
      <Message>File created:

RuleName: Downloads

UtcTime: 2023-12-27 23:00:25.075

ProcessGuid: {f57bd86a-ac87-658c-cd01-000000000f00}

ProcessId: 5512

Image: C:\Windows\System32\WindowsPowerShell\v1.0\powershell.exe

TargetFilename: C:\Users\User\Downloads\ScreenConnect.msi

CreationUtcTime: 2023-12-27 23:00:25.075

User: WINDEV2309EVAL\User</Message>
      <Level>Information</Level>
      <Task>File created (rule: FileCreate)</Task>
      <Opcode>Info</Opcode>
    </RenderingInfo>
  </Event>
  
"
Microsoft-Windows-Sysmon/Operational,,,WinDev2309Eval,2023-12-27 23:00:25.075,,,,,,,,,11,19597,,,,C:\Users\User\Downloads\GoToAssist.exe,,,0x8000000000000000,Information,,,"File created:

RuleName: EXE

UtcTime: 2023-12-27 23:00:25.075

ProcessGuid: {f57bd86a-ac87-658c-cc01-000000000f00}

ProcessId: 6888

Image: C:\Users\User\Downloads\GoToAssist.exe

TargetFilename: C:\Users\User\AppData\Local\Temp\C5E048AF-BFB0-452C-AAB9-424E33E80428\g2ax_expert_combined_dll_core_win32_x86.exe

CreationUtcTime: 2023-12-27 23:00:25.075

User: WINDEV2309EVAL\User",Info,,,,,,,,{f57bd86a-ac87-658c-cc01-000000000f00},3588,6888,,,,,,"
      ",EXE,,,,,,2023-12-27T23:00:25.0837008Z,C:\Users\User\AppData\Local\Temp\C5E048AF-BFB0-452C-AAB9-424E33E80428\g2ax_expert_combined_dll_core_win32_x86.exe,,File created (rule: FileCreate),,5124,WINDEV2309EVAL\User,S-1-5-18,2023-12-27 23:00:25.075,2,"<Event xmlns=""http://schemas.microsoft.com/win/2004/08/events/event"">
    <System>
      <Provider Name=""Microsoft-Windows-Sysmon"" Guid=""{5770385f-c22a-43e0-bf4c-06f5698ffbd9}""/>
      <EventID>11</EventID>
      <Version>2</Version>
      <Level>4</Level>
      <Task>11</Task>
      <Opcode>0</Opcode>
      <Keywords>0x8000000000000000</Keywords>
      <TimeCreated SystemTime=""2023-12-27T23:00:25.0837008Z""/>
      <EventRecordID>19597</EventRecordID>
      <Correlation/>
      <Execution ProcessID=""3588"" ThreadID=""5124""/>
      <Channel>Microsoft-Windows-Sysmon/Operational</Channel>
      <Computer>WinDev2309Eval</Computer>
      <Security UserID=""S-1-5-18""/>
    </System>
    <EventData>
      <Data Name=""RuleName"">EXE</Data>
      <Data Name=""UtcTime"">2023-12-27 23:00:25.075</Data>
      <Data Name=""ProcessGuid"">{f57bd86a-ac87-658c-cc01-000000000f00}</Data>
      <Data Name=""ProcessId"">6888</Data>
      <Data Name=""Image"">C:\Users\User\Downloads\GoToAssist.exe</Data>
      <Data Name=""TargetFilename"">C:\Users\User\AppData\Local\Temp\C5E048AF-BFB0-452C-AAB9-424E33E80428\g2ax_expert_combined_dll_core_win32_x86.exe</Data>
      <Data Name=""CreationUtcTime"">2023-12-27 23:00:25.075</Data>
      <Data Name=""User"">WINDEV2309EVAL\User</Data>
    </EventData>
    <RenderingInfo Culture=""en-US"">
      <Message>File created:

RuleName: EXE

UtcTime: 2023-12-27 23:00:25.075

ProcessGuid: {f57bd86a-ac87-658c-cc01-000000000f00}

ProcessId: 6888

Image: C:\Users\User\Downloads\GoToAssist.exe

TargetFilename: C:\Users\User\AppData\Local\Temp\C5E048AF-BFB0-452C-AAB9-424E33E80428\g2ax_expert_combined_dll_core_win32_x86.exe

CreationUtcTime: 2023-12-27 23:00:25.075

User: WINDEV2309EVAL\User</Message>
      <Level>Information</Level>
      <Task>File created (rule: FileCreate)</Task>
      <Opcode>Info</Opcode>
    </RenderingInfo>
  </Event>
  
"
Microsoft-Windows-Sysmon/Operational,"""C:\Windows\system32\msiexec.exe"" /i ""C:\Users\User\AppData\Local\Temp\06DB06C4-B670-4618-83D4-AA7E179E152E\GoToOpener.msi"" /q /lvx ""C:\Users\User\AppData\Local\Temp\LogMeInLogs\GoToOpenerMsi\68C1131E-146A-4E24-B2B8-9646C65CC258.log""",Microsoft Corporation,WinDev2309Eval,,C:\Users\User\AppData\Local\Temp\,Windows® installer,,,,,,,1,19596,,5.0.22621.1 (WinBuild.160101.0800),"MD5=C3C32C10BB19551231829B438907BA6B,SHA256=04DE630D6F6CD8888597B55581032D01D6B6F1C26E106E7AAE40CE6F2374D865,IMPHASH=E4E40938E4BF6C66424859ED02171C41",C:\Windows\SysWOW64\msiexec.exe,,Medium,0x8000000000000000,Information,{f57bd86a-36f9-658c-7bf8-020000000000},0x2f87b,"Process Create:

RuleName: -

UtcTime: 2023-12-27 23:00:25.053

ProcessGuid: {f57bd86a-ac89-658c-cf01-000000000f00}

ProcessId: 3344

Image: C:\Windows\SysWOW64\msiexec.exe

FileVersion: 5.0.22621.1 (WinBuild.160101.0800)

Description: Windows® installer

Product: Windows Installer - Unicode

Company: Microsoft Corporation

OriginalFileName: msiexec.exe

CommandLine: ""C:\Windows\system32\msiexec.exe"" /i ""C:\Users\User\AppData\Local\Temp\06DB06C4-B670-4618-83D4-AA7E179E152E\GoToOpener.msi"" /q /lvx ""C:\Users\User\AppData\Local\Temp\LogMeInLogs\GoToOpenerMsi\68C1131E-146A-4E24-B2B8-9646C65CC258.log""

CurrentDirectory: C:\Users\User\AppData\Local\Temp\

User: WINDEV2309EVAL\User

LogonGuid: {f57bd86a-36f9-658c-7bf8-020000000000}

LogonId: 0x2F87B

TerminalSessionId: 1

IntegrityLevel: Medium

Hashes: MD5=C3C32C10BB19551231829B438907BA6B,SHA256=04DE630D6F6CD8888597B55581032D01D6B6F1C26E106E7AAE40CE6F2374D865,IMPHASH=E4E40938E4BF6C66424859ED02171C41

ParentProcessGuid: {f57bd86a-ac87-658c-cc01-000000000f00}

ParentProcessId: 6888

ParentImage: C:\Users\User\Downloads\GoToAssist.exe

ParentCommandLine: ""C:\Users\User\Downloads\GoToAssist.exe"" /S 

ParentUser: WINDEV2309EVAL\User",Info,msiexec.exe,"""C:\Users\User\Downloads\GoToAssist.exe"" /S ",C:\Users\User\Downloads\GoToAssist.exe,{f57bd86a-ac87-658c-cc01-000000000f00},6888,WINDEV2309EVAL\User,,{f57bd86a-ac89-658c-cf01-000000000f00},3588,3344,Windows Installer - Unicode,,,,,"
      ",-,,,,,,2023-12-27T23:00:25.0580589Z,,,Process Create (rule: ProcessCreate),1,5124,WINDEV2309EVAL\User,S-1-5-18,2023-12-27 23:00:25.053,5,"<Event xmlns=""http://schemas.microsoft.com/win/2004/08/events/event"">
    <System>
      <Provider Name=""Microsoft-Windows-Sysmon"" Guid=""{5770385f-c22a-43e0-bf4c-06f5698ffbd9}""/>
      <EventID>1</EventID>
      <Version>5</Version>
      <Level>4</Level>
      <Task>1</Task>
      <Opcode>0</Opcode>
      <Keywords>0x8000000000000000</Keywords>
      <TimeCreated SystemTime=""2023-12-27T23:00:25.0580589Z""/>
      <EventRecordID>19596</EventRecordID>
      <Correlation/>
      <Execution ProcessID=""3588"" ThreadID=""5124""/>
      <Channel>Microsoft-Windows-Sysmon/Operational</Channel>
      <Computer>WinDev2309Eval</Computer>
      <Security UserID=""S-1-5-18""/>
    </System>
    <EventData>
      <Data Name=""RuleName"">-</Data>
      <Data Name=""UtcTime"">2023-12-27 23:00:25.053</Data>
      <Data Name=""ProcessGuid"">{f57bd86a-ac89-658c-cf01-000000000f00}</Data>
      <Data Name=""ProcessId"">3344</Data>
      <Data Name=""Image"">C:\Windows\SysWOW64\msiexec.exe</Data>
      <Data Name=""FileVersion"">5.0.22621.1 (WinBuild.160101.0800)</Data>
      <Data Name=""Description"">Windows&#174; installer</Data>
      <Data Name=""Product"">Windows Installer - Unicode</Data>
      <Data Name=""Company"">Microsoft Corporation</Data>
      <Data Name=""OriginalFileName"">msiexec.exe</Data>
      <Data Name=""CommandLine"">""C:\Windows\system32\msiexec.exe"" /i ""C:\Users\User\AppData\Local\Temp\06DB06C4-B670-4618-83D4-AA7E179E152E\GoToOpener.msi"" /q /lvx ""C:\Users\User\AppData\Local\Temp\LogMeInLogs\GoToOpenerMsi\68C1131E-146A-4E24-B2B8-9646C65CC258.log""</Data>
      <Data Name=""CurrentDirectory"">C:\Users\User\AppData\Local\Temp\</Data>
      <Data Name=""User"">WINDEV2309EVAL\User</Data>
      <Data Name=""LogonGuid"">{f57bd86a-36f9-658c-7bf8-020000000000}</Data>
      <Data Name=""LogonId"">0x2f87b</Data>
      <Data Name=""TerminalSessionId"">1</Data>
      <Data Name=""IntegrityLevel"">Medium</Data>
      <Data Name=""Hashes"">MD5=C3C32C10BB19551231829B438907BA6B,SHA256=04DE630D6F6CD8888597B55581032D01D6B6F1C26E106E7AAE40CE6F2374D865,IMPHASH=E4E40938E4BF6C66424859ED02171C41</Data>
      <Data Name=""ParentProcessGuid"">{f57bd86a-ac87-658c-cc01-000000000f00}</Data>
      <Data Name=""ParentProcessId"">6888</Data>
      <Data Name=""ParentImage"">C:\Users\User\Downloads\GoToAssist.exe</Data>
      <Data Name=""ParentCommandLine"">""C:\Users\User\Downloads\GoToAssist.exe"" /S </Data>
      <Data Name=""ParentUser"">WINDEV2309EVAL\User</Data>
    </EventData>
    <RenderingInfo Culture=""en-US"">
      <Message>Process Create:

RuleName: -

UtcTime: 2023-12-27 23:00:25.053

ProcessGuid: {f57bd86a-ac89-658c-cf01-000000000f00}

ProcessId: 3344

Image: C:\Windows\SysWOW64\msiexec.exe

FileVersion: 5.0.22621.1 (WinBuild.160101.0800)

Description: Windows&#174; installer

Product: Windows Installer - Unicode

Company: Microsoft Corporation

OriginalFileName: msiexec.exe

CommandLine: ""C:\Windows\system32\msiexec.exe"" /i ""C:\Users\User\AppData\Local\Temp\06DB06C4-B670-4618-83D4-AA7E179E152E\GoToOpener.msi"" /q /lvx ""C:\Users\User\AppData\Local\Temp\LogMeInLogs\GoToOpenerMsi\68C1131E-146A-4E24-B2B8-9646C65CC258.log""

CurrentDirectory: C:\Users\User\AppData\Local\Temp\

User: WINDEV2309EVAL\User

LogonGuid: {f57bd86a-36f9-658c-7bf8-020000000000}

LogonId: 0x2F87B

TerminalSessionId: 1

IntegrityLevel: Medium

Hashes: MD5=C3C32C10BB19551231829B438907BA6B,SHA256=04DE630D6F6CD8888597B55581032D01D6B6F1C26E106E7AAE40CE6F2374D865,IMPHASH=E4E40938E4BF6C66424859ED02171C41

ParentProcessGuid: {f57bd86a-ac87-658c-cc01-000000000f00}

ParentProcessId: 6888

ParentImage: C:\Users\User\Downloads\GoToAssist.exe

ParentCommandLine: ""C:\Users\User\Downloads\GoToAssist.exe"" /S 

ParentUser: WINDEV2309EVAL\User</Message>
      <Level>Information</Level>
      <Task>Process Create (rule: ProcessCreate)</Task>
      <Opcode>Info</Opcode>
    </RenderingInfo>
  </Event>
  
"
Microsoft-Windows-Sysmon/Operational,,,WinDev2309Eval,,,,-,23.239.230.239,false,443,https,,3,19595,,,,C:\Users\User\Downloads\GoToAssist.exe,true,,0x8000000000000000,Information,,,"Network connection detected:

RuleName: Usermode

UtcTime: 2023-12-27 14:52:15.362

ProcessGuid: {f57bd86a-ac87-658c-cc01-000000000f00}

ProcessId: 6888

Image: C:\Users\User\Downloads\GoToAssist.exe

User: WINDEV2309EVAL\User

Protocol: tcp

Initiated: true

SourceIsIpv6: false

SourceIp: 192.168.126.163

SourceHostname: WinDev2309Eval.localdomain

SourcePort: 50100

SourcePortName: -

DestinationIsIpv6: false

DestinationIp: 23.239.230.239

DestinationHostname: -

DestinationPort: 443

DestinationPortName: https",Info,,,,,,,,{f57bd86a-ac87-658c-cc01-000000000f00},3588,6888,,tcp,,,,"
      ",Usermode,WinDev2309Eval.localdomain,192.168.126.163,false,50100,-,2023-12-27T23:00:25.0068241Z,,,Network connection detected (rule: NetworkConnect),,5136,WINDEV2309EVAL\User,S-1-5-18,2023-12-27 14:52:15.362,5,"<Event xmlns=""http://schemas.microsoft.com/win/2004/08/events/event"">
    <System>
      <Provider Name=""Microsoft-Windows-Sysmon"" Guid=""{5770385f-c22a-43e0-bf4c-06f5698ffbd9}""/>
      <EventID>3</EventID>
      <Version>5</Version>
      <Level>4</Level>
      <Task>3</Task>
      <Opcode>0</Opcode>
      <Keywords>0x8000000000000000</Keywords>
      <TimeCreated SystemTime=""2023-12-27T23:00:25.0068241Z""/>
      <EventRecordID>19595</EventRecordID>
      <Correlation/>
      <Execution ProcessID=""3588"" ThreadID=""5136""/>
      <Channel>Microsoft-Windows-Sysmon/Operational</Channel>
      <Computer>WinDev2309Eval</Computer>
      <Security UserID=""S-1-5-18""/>
    </System>
    <EventData>
      <Data Name=""RuleName"">Usermode</Data>
      <Data Name=""UtcTime"">2023-12-27 14:52:15.362</Data>
      <Data Name=""ProcessGuid"">{f57bd86a-ac87-658c-cc01-000000000f00}</Data>
      <Data Name=""ProcessId"">6888</Data>
      <Data Name=""Image"">C:\Users\User\Downloads\GoToAssist.exe</Data>
      <Data Name=""User"">WINDEV2309EVAL\User</Data>
      <Data Name=""Protocol"">tcp</Data>
      <Data Name=""Initiated"">true</Data>
      <Data Name=""SourceIsIpv6"">false</Data>
      <Data Name=""SourceIp"">192.168.126.163</Data>
      <Data Name=""SourceHostname"">WinDev2309Eval.localdomain</Data>
      <Data Name=""SourcePort"">50100</Data>
      <Data Name=""SourcePortName"">-</Data>
      <Data Name=""DestinationIsIpv6"">false</Data>
      <Data Name=""DestinationIp"">23.239.230.239</Data>
      <Data Name=""DestinationHostname"">-</Data>
      <Data Name=""DestinationPort"">443</Data>
      <Data Name=""DestinationPortName"">https</Data>
    </EventData>
    <RenderingInfo Culture=""en-US"">
      <Message>Network connection detected:

RuleName: Usermode

UtcTime: 2023-12-27 14:52:15.362

ProcessGuid: {f57bd86a-ac87-658c-cc01-000000000f00}

ProcessId: 6888

Image: C:\Users\User\Downloads\GoToAssist.exe

User: WINDEV2309EVAL\User

Protocol: tcp

Initiated: true

SourceIsIpv6: false

SourceIp: 192.168.126.163

SourceHostname: WinDev2309Eval.localdomain

SourcePort: 50100

SourcePortName: -

DestinationIsIpv6: false

DestinationIp: 23.239.230.239

DestinationHostname: -

DestinationPort: 443

DestinationPortName: https</Message>
      <Level>Information</Level>
      <Task>Network connection detected (rule: NetworkConnect)</Task>
      <Opcode>Info</Opcode>
    </RenderingInfo>
  </Event>
  
"
Microsoft-Windows-Sysmon/Operational,,,WinDev2309Eval,,,,-,23.239.230.239,false,443,https,,3,19594,,,,C:\Users\User\Downloads\GoToAssist.exe,true,,0x8000000000000000,Information,,,"Network connection detected:

RuleName: Usermode

UtcTime: 2023-12-27 14:52:15.362

ProcessGuid: {f57bd86a-ac87-658c-cc01-000000000f00}

ProcessId: 6888

Image: C:\Users\User\Downloads\GoToAssist.exe

User: WINDEV2309EVAL\User

Protocol: tcp

Initiated: true

SourceIsIpv6: false

SourceIp: 192.168.126.163

SourceHostname: WinDev2309Eval.localdomain

SourcePort: 50099

SourcePortName: -

DestinationIsIpv6: false

DestinationIp: 23.239.230.239

DestinationHostname: -

DestinationPort: 443

DestinationPortName: https",Info,,,,,,,,{f57bd86a-ac87-658c-cc01-000000000f00},3588,6888,,tcp,,,,"
      ",Usermode,WinDev2309Eval.localdomain,192.168.126.163,false,50099,-,2023-12-27T23:00:25.0064550Z,,,Network connection detected (rule: NetworkConnect),,5136,WINDEV2309EVAL\User,S-1-5-18,2023-12-27 14:52:15.362,5,"<Event xmlns=""http://schemas.microsoft.com/win/2004/08/events/event"">
    <System>
      <Provider Name=""Microsoft-Windows-Sysmon"" Guid=""{5770385f-c22a-43e0-bf4c-06f5698ffbd9}""/>
      <EventID>3</EventID>
      <Version>5</Version>
      <Level>4</Level>
      <Task>3</Task>
      <Opcode>0</Opcode>
      <Keywords>0x8000000000000000</Keywords>
      <TimeCreated SystemTime=""2023-12-27T23:00:25.0064550Z""/>
      <EventRecordID>19594</EventRecordID>
      <Correlation/>
      <Execution ProcessID=""3588"" ThreadID=""5136""/>
      <Channel>Microsoft-Windows-Sysmon/Operational</Channel>
      <Computer>WinDev2309Eval</Computer>
      <Security UserID=""S-1-5-18""/>
    </System>
    <EventData>
      <Data Name=""RuleName"">Usermode</Data>
      <Data Name=""UtcTime"">2023-12-27 14:52:15.362</Data>
      <Data Name=""ProcessGuid"">{f57bd86a-ac87-658c-cc01-000000000f00}</Data>
      <Data Name=""ProcessId"">6888</Data>
      <Data Name=""Image"">C:\Users\User\Downloads\GoToAssist.exe</Data>
      <Data Name=""User"">WINDEV2309EVAL\User</Data>
      <Data Name=""Protocol"">tcp</Data>
      <Data Name=""Initiated"">true</Data>
      <Data Name=""SourceIsIpv6"">false</Data>
      <Data Name=""SourceIp"">192.168.126.163</Data>
      <Data Name=""SourceHostname"">WinDev2309Eval.localdomain</Data>
      <Data Name=""SourcePort"">50099</Data>
      <Data Name=""SourcePortName"">-</Data>
      <Data Name=""DestinationIsIpv6"">false</Data>
      <Data Name=""DestinationIp"">23.239.230.239</Data>
      <Data Name=""DestinationHostname"">-</Data>
      <Data Name=""DestinationPort"">443</Data>
      <Data Name=""DestinationPortName"">https</Data>
    </EventData>
    <RenderingInfo Culture=""en-US"">
      <Message>Network connection detected:

RuleName: Usermode

UtcTime: 2023-12-27 14:52:15.362

ProcessGuid: {f57bd86a-ac87-658c-cc01-000000000f00}

ProcessId: 6888

Image: C:\Users\User\Downloads\GoToAssist.exe

User: WINDEV2309EVAL\User

Protocol: tcp

Initiated: true

SourceIsIpv6: false

SourceIp: 192.168.126.163

SourceHostname: WinDev2309Eval.localdomain

SourcePort: 50099

SourcePortName: -

DestinationIsIpv6: false

DestinationIp: 23.239.230.239

DestinationHostname: -

DestinationPort: 443

DestinationPortName: https</Message>
      <Level>Information</Level>
      <Task>Network connection detected (rule: NetworkConnect)</Task>
      <Opcode>Info</Opcode>
    </RenderingInfo>
  </Event>
  
"
Microsoft-Windows-Sysmon/Operational,,,WinDev2309Eval,,,,,,,,,,22,19593,,,,C:\Users\User\Downloads\GoToAssist.exe,,,0x8000000000000000,Information,,,"Dns query:

RuleName: -

UtcTime: 2023-12-27 14:52:15.340

ProcessGuid: {f57bd86a-ac87-658c-cc01-000000000f00}

ProcessId: 6888

QueryName: launch.getgo.com

QueryStatus: 0

QueryResults: type: 5 launch.services.goto.com;type: 5 launcher-rest-new.live.corecollab.ucc-prod.eva.goto.com;::ffff:23.239.230.239;

Image: C:\Users\User\Downloads\GoToAssist.exe

User: WINDEV2309EVAL\User",Info,,,,,,,,{f57bd86a-ac87-658c-cc01-000000000f00},3588,6888,,,launch.getgo.com,type: 5 launch.services.goto.com;type: 5 launcher-rest-new.live.corecollab.ucc-prod.eva.goto.com;::ffff:23.239.230.239;,0,"
      ",-,,,,,,2023-12-27T23:00:24.7520257Z,,,Dns query (rule: DnsQuery),,5164,WINDEV2309EVAL\User,S-1-5-18,2023-12-27 14:52:15.340,5,"<Event xmlns=""http://schemas.microsoft.com/win/2004/08/events/event"">
    <System>
      <Provider Name=""Microsoft-Windows-Sysmon"" Guid=""{5770385f-c22a-43e0-bf4c-06f5698ffbd9}""/>
      <EventID>22</EventID>
      <Version>5</Version>
      <Level>4</Level>
      <Task>22</Task>
      <Opcode>0</Opcode>
      <Keywords>0x8000000000000000</Keywords>
      <TimeCreated SystemTime=""2023-12-27T23:00:24.7520257Z""/>
      <EventRecordID>19593</EventRecordID>
      <Correlation/>
      <Execution ProcessID=""3588"" ThreadID=""5164""/>
      <Channel>Microsoft-Windows-Sysmon/Operational</Channel>
      <Computer>WinDev2309Eval</Computer>
      <Security UserID=""S-1-5-18""/>
    </System>
    <EventData>
      <Data Name=""RuleName"">-</Data>
      <Data Name=""UtcTime"">2023-12-27 14:52:15.340</Data>
      <Data Name=""ProcessGuid"">{f57bd86a-ac87-658c-cc01-000000000f00}</Data>
      <Data Name=""ProcessId"">6888</Data>
      <Data Name=""QueryName"">launch.getgo.com</Data>
      <Data Name=""QueryStatus"">0</Data>
      <Data Name=""QueryResults"">type: 5 launch.services.goto.com;type: 5 launcher-rest-new.live.corecollab.ucc-prod.eva.goto.com;::ffff:23.239.230.239;</Data>
      <Data Name=""Image"">C:\Users\User\Downloads\GoToAssist.exe</Data>
      <Data Name=""User"">WINDEV2309EVAL\User</Data>
    </EventData>
    <RenderingInfo Culture=""en-US"">
      <Message>Dns query:

RuleName: -

UtcTime: 2023-12-27 14:52:15.340

ProcessGuid: {f57bd86a-ac87-658c-cc01-000000000f00}

ProcessId: 6888

QueryName: launch.getgo.com

QueryStatus: 0

QueryResults: type: 5 launch.services.goto.com;type: 5 launcher-rest-new.live.corecollab.ucc-prod.eva.goto.com;::ffff:23.239.230.239;

Image: C:\Users\User\Downloads\GoToAssist.exe

User: WINDEV2309EVAL\User</Message>
      <Level>Information</Level>
      <Task>Dns query (rule: DnsQuery)</Task>
      <Opcode>Info</Opcode>
    </RenderingInfo>
  </Event>
  
"
Microsoft-Windows-Sysmon/Operational,,,WinDev2309Eval,2023-12-27 23:00:23.682,,,,,,,,,11,19592,,,,C:\Users\User\Downloads\GoToAssist.exe,,,0x8000000000000000,Information,,,"File created:

RuleName: EXE

UtcTime: 2023-12-27 23:00:23.682

ProcessGuid: {f57bd86a-ac87-658c-cc01-000000000f00}

ProcessId: 6888

Image: C:\Users\User\Downloads\GoToAssist.exe

TargetFilename: C:\Users\User\AppData\Local\Temp\06DB06C4-B670-4618-83D4-AA7E179E152E\GoTo Opener.exe

CreationUtcTime: 2023-12-27 23:00:23.682

User: WINDEV2309EVAL\User",Info,,,,,,,,{f57bd86a-ac87-658c-cc01-000000000f00},3588,6888,,,,,,"
      ",EXE,,,,,,2023-12-27T23:00:23.6886879Z,C:\Users\User\AppData\Local\Temp\06DB06C4-B670-4618-83D4-AA7E179E152E\GoTo Opener.exe,,File created (rule: FileCreate),,5124,WINDEV2309EVAL\User,S-1-5-18,2023-12-27 23:00:23.682,2,"<Event xmlns=""http://schemas.microsoft.com/win/2004/08/events/event"">
    <System>
      <Provider Name=""Microsoft-Windows-Sysmon"" Guid=""{5770385f-c22a-43e0-bf4c-06f5698ffbd9}""/>
      <EventID>11</EventID>
      <Version>2</Version>
      <Level>4</Level>
      <Task>11</Task>
      <Opcode>0</Opcode>
      <Keywords>0x8000000000000000</Keywords>
      <TimeCreated SystemTime=""2023-12-27T23:00:23.6886879Z""/>
      <EventRecordID>19592</EventRecordID>
      <Correlation/>
      <Execution ProcessID=""3588"" ThreadID=""5124""/>
      <Channel>Microsoft-Windows-Sysmon/Operational</Channel>
      <Computer>WinDev2309Eval</Computer>
      <Security UserID=""S-1-5-18""/>
    </System>
    <EventData>
      <Data Name=""RuleName"">EXE</Data>
      <Data Name=""UtcTime"">2023-12-27 23:00:23.682</Data>
      <Data Name=""ProcessGuid"">{f57bd86a-ac87-658c-cc01-000000000f00}</Data>
      <Data Name=""ProcessId"">6888</Data>
      <Data Name=""Image"">C:\Users\User\Downloads\GoToAssist.exe</Data>
      <Data Name=""TargetFilename"">C:\Users\User\AppData\Local\Temp\06DB06C4-B670-4618-83D4-AA7E179E152E\GoTo Opener.exe</Data>
      <Data Name=""CreationUtcTime"">2023-12-27 23:00:23.682</Data>
      <Data Name=""User"">WINDEV2309EVAL\User</Data>
    </EventData>
    <RenderingInfo Culture=""en-US"">
      <Message>File created:

RuleName: EXE

UtcTime: 2023-12-27 23:00:23.682

ProcessGuid: {f57bd86a-ac87-658c-cc01-000000000f00}

ProcessId: 6888

Image: C:\Users\User\Downloads\GoToAssist.exe

TargetFilename: C:\Users\User\AppData\Local\Temp\06DB06C4-B670-4618-83D4-AA7E179E152E\GoTo Opener.exe

CreationUtcTime: 2023-12-27 23:00:23.682

User: WINDEV2309EVAL\User</Message>
      <Level>Information</Level>
      <Task>File created (rule: FileCreate)</Task>
      <Opcode>Info</Opcode>
    </RenderingInfo>
  </Event>
  
"
Microsoft-Windows-Sysmon/Operational,,,WinDev2309Eval,2023-12-27 23:00:23.602,,,,,,,,,11,19591,,,,C:\Windows\System32\WindowsPowerShell\v1.0\powershell.exe,,,0x8000000000000000,Information,,,"File created:

RuleName: -

UtcTime: 2023-12-27 23:00:23.602

ProcessGuid: {f57bd86a-ac87-658c-cd01-000000000f00}

ProcessId: 5512

Image: C:\Windows\System32\WindowsPowerShell\v1.0\powershell.exe

TargetFilename: C:\Users\User\AppData\Local\Temp\__PSScriptPolicyTest_egq3dwrv.wmf.ps1

CreationUtcTime: 2023-12-27 23:00:23.602

User: WINDEV2309EVAL\User",Info,,,,,,,,{f57bd86a-ac87-658c-cd01-000000000f00},3588,5512,,,,,,"
      ",-,,,,,,2023-12-27T23:00:23.6088619Z,C:\Users\User\AppData\Local\Temp\__PSScriptPolicyTest_egq3dwrv.wmf.ps1,,File created (rule: FileCreate),,5124,WINDEV2309EVAL\User,S-1-5-18,2023-12-27 23:00:23.602,2,"<Event xmlns=""http://schemas.microsoft.com/win/2004/08/events/event"">
    <System>
      <Provider Name=""Microsoft-Windows-Sysmon"" Guid=""{5770385f-c22a-43e0-bf4c-06f5698ffbd9}""/>
      <EventID>11</EventID>
      <Version>2</Version>
      <Level>4</Level>
      <Task>11</Task>
      <Opcode>0</Opcode>
      <Keywords>0x8000000000000000</Keywords>
      <TimeCreated SystemTime=""2023-12-27T23:00:23.6088619Z""/>
      <EventRecordID>19591</EventRecordID>
      <Correlation/>
      <Execution ProcessID=""3588"" ThreadID=""5124""/>
      <Channel>Microsoft-Windows-Sysmon/Operational</Channel>
      <Computer>WinDev2309Eval</Computer>
      <Security UserID=""S-1-5-18""/>
    </System>
    <EventData>
      <Data Name=""RuleName"">-</Data>
      <Data Name=""UtcTime"">2023-12-27 23:00:23.602</Data>
      <Data Name=""ProcessGuid"">{f57bd86a-ac87-658c-cd01-000000000f00}</Data>
      <Data Name=""ProcessId"">5512</Data>
      <Data Name=""Image"">C:\Windows\System32\WindowsPowerShell\v1.0\powershell.exe</Data>
      <Data Name=""TargetFilename"">C:\Users\User\AppData\Local\Temp\__PSScriptPolicyTest_egq3dwrv.wmf.ps1</Data>
      <Data Name=""CreationUtcTime"">2023-12-27 23:00:23.602</Data>
      <Data Name=""User"">WINDEV2309EVAL\User</Data>
    </EventData>
    <RenderingInfo Culture=""en-US"">
      <Message>File created:

RuleName: -

UtcTime: 2023-12-27 23:00:23.602

ProcessGuid: {f57bd86a-ac87-658c-cd01-000000000f00}

ProcessId: 5512

Image: C:\Windows\System32\WindowsPowerShell\v1.0\powershell.exe

TargetFilename: C:\Users\User\AppData\Local\Temp\__PSScriptPolicyTest_egq3dwrv.wmf.ps1

CreationUtcTime: 2023-12-27 23:00:23.602

User: WINDEV2309EVAL\User</Message>
      <Level>Information</Level>
      <Task>File created (rule: FileCreate)</Task>
      <Opcode>Info</Opcode>
    </RenderingInfo>
  </Event>
  
"
Microsoft-Windows-Sysmon/Operational,"""powershell.exe"" & {$installer = \""""C:\Users\$env:username\Downloads\ScreenConnect.msi\""""
Invoke-WebRequest -OutFile $installer \""""https://d1kuyuqowve5id.cloudfront.net/ScreenConnect_21.11.4237.7885_Release.msi\""""
msiexec /i $installer /qn}",Microsoft Corporation,WinDev2309Eval,,C:\Users\User\AppData\Local\Temp\,Windows PowerShell,,,,,,,1,19590,,10.0.22621.2506 (WinBuild.160101.0800),"MD5=2D1D70C92A419D9079B047954C611886,SHA256=C50057756CDB25D481CF2502ABCEF124F864C27618C5057468BFC6B82B2C4EDD,IMPHASH=E09C4F82A1DA13A09F4FF2E625FEBA20",C:\Windows\System32\WindowsPowerShell\v1.0\powershell.exe,,Medium,0x8000000000000000,Information,{f57bd86a-36f9-658c-7bf8-020000000000},0x2f87b,"Process Create:

RuleName: -

UtcTime: 2023-12-27 23:00:23.443

ProcessGuid: {f57bd86a-ac87-658c-cd01-000000000f00}

ProcessId: 5512

Image: C:\Windows\System32\WindowsPowerShell\v1.0\powershell.exe

FileVersion: 10.0.22621.2506 (WinBuild.160101.0800)

Description: Windows PowerShell

Product: Microsoft® Windows® Operating System

Company: Microsoft Corporation

OriginalFileName: PowerShell.EXE

CommandLine: ""powershell.exe"" & {$installer = \""""C:\Users\$env:username\Downloads\ScreenConnect.msi\""""
Invoke-WebRequest -OutFile $installer \""""https://d1kuyuqowve5id.cloudfront.net/ScreenConnect_21.11.4237.7885_Release.msi\""""
msiexec /i $installer /qn}

CurrentDirectory: C:\Users\User\AppData\Local\Temp\

User: WINDEV2309EVAL\User

LogonGuid: {f57bd86a-36f9-658c-7bf8-020000000000}

LogonId: 0x2F87B

TerminalSessionId: 1

IntegrityLevel: Medium

Hashes: MD5=2D1D70C92A419D9079B047954C611886,SHA256=C50057756CDB25D481CF2502ABCEF124F864C27618C5057468BFC6B82B2C4EDD,IMPHASH=E09C4F82A1DA13A09F4FF2E625FEBA20

ParentProcessGuid: {00000000-0000-0000-0000-000000000000}

ParentProcessId: 1688

ParentImage: -

ParentCommandLine: -

ParentUser: -",Info,PowerShell.EXE,-,-,{00000000-0000-0000-0000-000000000000},1688,-,,{f57bd86a-ac87-658c-cd01-000000000f00},3588,5512,Microsoft® Windows® Operating System,,,,,"
      ",-,,,,,,2023-12-27T23:00:23.4462019Z,,,Process Create (rule: ProcessCreate),1,5124,WINDEV2309EVAL\User,S-1-5-18,2023-12-27 23:00:23.443,5,"<Event xmlns=""http://schemas.microsoft.com/win/2004/08/events/event"">
    <System>
      <Provider Name=""Microsoft-Windows-Sysmon"" Guid=""{5770385f-c22a-43e0-bf4c-06f5698ffbd9}""/>
      <EventID>1</EventID>
      <Version>5</Version>
      <Level>4</Level>
      <Task>1</Task>
      <Opcode>0</Opcode>
      <Keywords>0x8000000000000000</Keywords>
      <TimeCreated SystemTime=""2023-12-27T23:00:23.4462019Z""/>
      <EventRecordID>19590</EventRecordID>
      <Correlation/>
      <Execution ProcessID=""3588"" ThreadID=""5124""/>
      <Channel>Microsoft-Windows-Sysmon/Operational</Channel>
      <Computer>WinDev2309Eval</Computer>
      <Security UserID=""S-1-5-18""/>
    </System>
    <EventData>
      <Data Name=""RuleName"">-</Data>
      <Data Name=""UtcTime"">2023-12-27 23:00:23.443</Data>
      <Data Name=""ProcessGuid"">{f57bd86a-ac87-658c-cd01-000000000f00}</Data>
      <Data Name=""ProcessId"">5512</Data>
      <Data Name=""Image"">C:\Windows\System32\WindowsPowerShell\v1.0\powershell.exe</Data>
      <Data Name=""FileVersion"">10.0.22621.2506 (WinBuild.160101.0800)</Data>
      <Data Name=""Description"">Windows PowerShell</Data>
      <Data Name=""Product"">Microsoft&#174; Windows&#174; Operating System</Data>
      <Data Name=""Company"">Microsoft Corporation</Data>
      <Data Name=""OriginalFileName"">PowerShell.EXE</Data>
      <Data Name=""CommandLine"">""powershell.exe"" &amp; {$installer = \""""C:\Users\$env:username\Downloads\ScreenConnect.msi\""""
Invoke-WebRequest -OutFile $installer \""""https://d1kuyuqowve5id.cloudfront.net/ScreenConnect_21.11.4237.7885_Release.msi\""""
msiexec /i $installer /qn}</Data>
      <Data Name=""CurrentDirectory"">C:\Users\User\AppData\Local\Temp\</Data>
      <Data Name=""User"">WINDEV2309EVAL\User</Data>
      <Data Name=""LogonGuid"">{f57bd86a-36f9-658c-7bf8-020000000000}</Data>
      <Data Name=""LogonId"">0x2f87b</Data>
      <Data Name=""TerminalSessionId"">1</Data>
      <Data Name=""IntegrityLevel"">Medium</Data>
      <Data Name=""Hashes"">MD5=2D1D70C92A419D9079B047954C611886,SHA256=C50057756CDB25D481CF2502ABCEF124F864C27618C5057468BFC6B82B2C4EDD,IMPHASH=E09C4F82A1DA13A09F4FF2E625FEBA20</Data>
      <Data Name=""ParentProcessGuid"">{00000000-0000-0000-0000-000000000000}</Data>
      <Data Name=""ParentProcessId"">1688</Data>
      <Data Name=""ParentImage"">-</Data>
      <Data Name=""ParentCommandLine"">-</Data>
      <Data Name=""ParentUser"">-</Data>
    </EventData>
    <RenderingInfo Culture=""en-US"">
      <Message>Process Create:

RuleName: -

UtcTime: 2023-12-27 23:00:23.443

ProcessGuid: {f57bd86a-ac87-658c-cd01-000000000f00}

ProcessId: 5512

Image: C:\Windows\System32\WindowsPowerShell\v1.0\powershell.exe

FileVersion: 10.0.22621.2506 (WinBuild.160101.0800)

Description: Windows PowerShell

Product: Microsoft&#174; Windows&#174; Operating System

Company: Microsoft Corporation

OriginalFileName: PowerShell.EXE

CommandLine: ""powershell.exe"" &amp; {$installer = \""""C:\Users\$env:username\Downloads\ScreenConnect.msi\""""
Invoke-WebRequest -OutFile $installer \""""https://d1kuyuqowve5id.cloudfront.net/ScreenConnect_21.11.4237.7885_Release.msi\""""
msiexec /i $installer /qn}

CurrentDirectory: C:\Users\User\AppData\Local\Temp\

User: WINDEV2309EVAL\User

LogonGuid: {f57bd86a-36f9-658c-7bf8-020000000000}

LogonId: 0x2F87B

TerminalSessionId: 1

IntegrityLevel: Medium

Hashes: MD5=2D1D70C92A419D9079B047954C611886,SHA256=C50057756CDB25D481CF2502ABCEF124F864C27618C5057468BFC6B82B2C4EDD,IMPHASH=E09C4F82A1DA13A09F4FF2E625FEBA20

ParentProcessGuid: {00000000-0000-0000-0000-000000000000}

ParentProcessId: 1688

ParentImage: -

ParentCommandLine: -

ParentUser: -</Message>
      <Level>Information</Level>
      <Task>Process Create (rule: ProcessCreate)</Task>
      <Opcode>Info</Opcode>
    </RenderingInfo>
  </Event>
  
"
Microsoft-Windows-Sysmon/Operational,"""C:\Users\User\Downloads\GoToAssist.exe"" /S ","LogMeIn, Inc.",WinDev2309Eval,,C:\Users\User\AppData\Local\Temp\,GoTo Opener,,,,,,,1,19589,,1.0.0.562,"MD5=D8A7DD0A6E3B89F819662280CFE67498,SHA256=33B1AF4C6D7E05395A2806B173D6A87825B7D6741736CF02CF0FE1E535958A9D,IMPHASH=00000000000000000000000000000000",C:\Users\User\Downloads\GoToAssist.exe,,Medium,0x8000000000000000,Information,{f57bd86a-36f9-658c-7bf8-020000000000},0x2f87b,"Process Create:

RuleName: -

UtcTime: 2023-12-27 23:00:23.120

ProcessGuid: {f57bd86a-ac87-658c-cc01-000000000f00}

ProcessId: 6888

Image: C:\Users\User\Downloads\GoToAssist.exe

FileVersion: 1.0.0.562

Description: GoTo Opener

Product: GoTo Opener

Company: LogMeIn, Inc.

OriginalFileName: GoToOpener.exe

CommandLine: ""C:\Users\User\Downloads\GoToAssist.exe"" /S 

CurrentDirectory: C:\Users\User\AppData\Local\Temp\

User: WINDEV2309EVAL\User

LogonGuid: {f57bd86a-36f9-658c-7bf8-020000000000}

LogonId: 0x2F87B

TerminalSessionId: 1

IntegrityLevel: Medium

Hashes: MD5=D8A7DD0A6E3B89F819662280CFE67498,SHA256=33B1AF4C6D7E05395A2806B173D6A87825B7D6741736CF02CF0FE1E535958A9D,IMPHASH=00000000000000000000000000000000

ParentProcessGuid: {f57bd86a-ac81-658c-ca01-000000000f00}

ParentProcessId: 6220

ParentImage: C:\Windows\System32\WindowsPowerShell\v1.0\powershell.exe

ParentCommandLine: ""powershell.exe"" & {Invoke-WebRequest -OutFile C:\Users\$env:username\Downloads\GoToAssist.exe \""""https://launch.getgo.com/launcher2/helper?token=e0-FaCddxmtMoX8_cY4czssnTeGvy83ihp8CLREfvwQshiBW0_RcbdoaEp8IA-Qn8wpbKlpGIflS-39gW6RuWRM-XHwtkRVMLBsp5RSKp-a3PBM-Pb1Fliy73EDgoaxr-q83WtXbLKqD7-u3cfDl9gKsymmhdkTGsXcDXir90NqKj92LsN_KpyYwV06lIxsdRekhNZjNwhkWrBa_hG8RQJqWSGk6tkZLVMuMufmn37eC2Cqqiwq5bCGnH5dYiSUUsklSedRLjh4N46qPYT1bAU0qD25ZPr-Kvf4Kzu9bT02q3Yntj02ZA99TxL2-SKzgryizoopBPg4Ilfo5t78UxKTYeEwo4etQECfkCRvenkTRlIHmowdbd88zz7NiccXnbHJZehgs6_-JSVjQIdPTXZbF9T5z44mi4BQYMtZAS3DE86F0C3D4Tcd7fa5F6Ve8rQWt7pvqFCYyiJAailslxOw0LsGyFokoy65tMF980ReP8zhVcTKYP8s8mhGXihUQJQPNk20Sw&downloadTrigger=restart&renameFile=1\""""
$file1 = \""""C:\Users\\"""" + $env:username + \""""\Downloads\GoToAssist.exe\""""
Start-Process $file1 /S;}

ParentUser: WINDEV2309EVAL\User",Info,GoToOpener.exe,"""powershell.exe"" & {Invoke-WebRequest -OutFile C:\Users\$env:username\Downloads\GoToAssist.exe \""""https://launch.getgo.com/launcher2/helper?token=e0-FaCddxmtMoX8_cY4czssnTeGvy83ihp8CLREfvwQshiBW0_RcbdoaEp8IA-Qn8wpbKlpGIflS-39gW6RuWRM-XHwtkRVMLBsp5RSKp-a3PBM-Pb1Fliy73EDgoaxr-q83WtXbLKqD7-u3cfDl9gKsymmhdkTGsXcDXir90NqKj92LsN_KpyYwV06lIxsdRekhNZjNwhkWrBa_hG8RQJqWSGk6tkZLVMuMufmn37eC2Cqqiwq5bCGnH5dYiSUUsklSedRLjh4N46qPYT1bAU0qD25ZPr-Kvf4Kzu9bT02q3Yntj02ZA99TxL2-SKzgryizoopBPg4Ilfo5t78UxKTYeEwo4etQECfkCRvenkTRlIHmowdbd88zz7NiccXnbHJZehgs6_-JSVjQIdPTXZbF9T5z44mi4BQYMtZAS3DE86F0C3D4Tcd7fa5F6Ve8rQWt7pvqFCYyiJAailslxOw0LsGyFokoy65tMF980ReP8zhVcTKYP8s8mhGXihUQJQPNk20Sw&downloadTrigger=restart&renameFile=1\""""
$file1 = \""""C:\Users\\"""" + $env:username + \""""\Downloads\GoToAssist.exe\""""
Start-Process $file1 /S;}",C:\Windows\System32\WindowsPowerShell\v1.0\powershell.exe,{f57bd86a-ac81-658c-ca01-000000000f00},6220,WINDEV2309EVAL\User,,{f57bd86a-ac87-658c-cc01-000000000f00},3588,6888,GoTo Opener,,,,,"
      ",-,,,,,,2023-12-27T23:00:23.1242963Z,,,Process Create (rule: ProcessCreate),1,5124,WINDEV2309EVAL\User,S-1-5-18,2023-12-27 23:00:23.120,5,"<Event xmlns=""http://schemas.microsoft.com/win/2004/08/events/event"">
    <System>
      <Provider Name=""Microsoft-Windows-Sysmon"" Guid=""{5770385f-c22a-43e0-bf4c-06f5698ffbd9}""/>
      <EventID>1</EventID>
      <Version>5</Version>
      <Level>4</Level>
      <Task>1</Task>
      <Opcode>0</Opcode>
      <Keywords>0x8000000000000000</Keywords>
      <TimeCreated SystemTime=""2023-12-27T23:00:23.1242963Z""/>
      <EventRecordID>19589</EventRecordID>
      <Correlation/>
      <Execution ProcessID=""3588"" ThreadID=""5124""/>
      <Channel>Microsoft-Windows-Sysmon/Operational</Channel>
      <Computer>WinDev2309Eval</Computer>
      <Security UserID=""S-1-5-18""/>
    </System>
    <EventData>
      <Data Name=""RuleName"">-</Data>
      <Data Name=""UtcTime"">2023-12-27 23:00:23.120</Data>
      <Data Name=""ProcessGuid"">{f57bd86a-ac87-658c-cc01-000000000f00}</Data>
      <Data Name=""ProcessId"">6888</Data>
      <Data Name=""Image"">C:\Users\User\Downloads\GoToAssist.exe</Data>
      <Data Name=""FileVersion"">1.0.0.562</Data>
      <Data Name=""Description"">GoTo Opener</Data>
      <Data Name=""Product"">GoTo Opener</Data>
      <Data Name=""Company"">LogMeIn, Inc.</Data>
      <Data Name=""OriginalFileName"">GoToOpener.exe</Data>
      <Data Name=""CommandLine"">""C:\Users\User\Downloads\GoToAssist.exe"" /S </Data>
      <Data Name=""CurrentDirectory"">C:\Users\User\AppData\Local\Temp\</Data>
      <Data Name=""User"">WINDEV2309EVAL\User</Data>
      <Data Name=""LogonGuid"">{f57bd86a-36f9-658c-7bf8-020000000000}</Data>
      <Data Name=""LogonId"">0x2f87b</Data>
      <Data Name=""TerminalSessionId"">1</Data>
      <Data Name=""IntegrityLevel"">Medium</Data>
      <Data Name=""Hashes"">MD5=D8A7DD0A6E3B89F819662280CFE67498,SHA256=33B1AF4C6D7E05395A2806B173D6A87825B7D6741736CF02CF0FE1E535958A9D,IMPHASH=00000000000000000000000000000000</Data>
      <Data Name=""ParentProcessGuid"">{f57bd86a-ac81-658c-ca01-000000000f00}</Data>
      <Data Name=""ParentProcessId"">6220</Data>
      <Data Name=""ParentImage"">C:\Windows\System32\WindowsPowerShell\v1.0\powershell.exe</Data>
      <Data Name=""ParentCommandLine"">""powershell.exe"" &amp; {Invoke-WebRequest -OutFile C:\Users\$env:username\Downloads\GoToAssist.exe \""""https://launch.getgo.com/launcher2/helper?token=e0-FaCddxmtMoX8_cY4czssnTeGvy83ihp8CLREfvwQshiBW0_RcbdoaEp8IA-Qn8wpbKlpGIflS-39gW6RuWRM-XHwtkRVMLBsp5RSKp-a3PBM-Pb1Fliy73EDgoaxr-q83WtXbLKqD7-u3cfDl9gKsymmhdkTGsXcDXir90NqKj92LsN_KpyYwV06lIxsdRekhNZjNwhkWrBa_hG8RQJqWSGk6tkZLVMuMufmn37eC2Cqqiwq5bCGnH5dYiSUUsklSedRLjh4N46qPYT1bAU0qD25ZPr-Kvf4Kzu9bT02q3Yntj02ZA99TxL2-SKzgryizoopBPg4Ilfo5t78UxKTYeEwo4etQECfkCRvenkTRlIHmowdbd88zz7NiccXnbHJZehgs6_-JSVjQIdPTXZbF9T5z44mi4BQYMtZAS3DE86F0C3D4Tcd7fa5F6Ve8rQWt7pvqFCYyiJAailslxOw0LsGyFokoy65tMF980ReP8zhVcTKYP8s8mhGXihUQJQPNk20Sw&amp;downloadTrigger=restart&amp;renameFile=1\""""
$file1 = \""""C:\Users\\"""" + $env:username + \""""\Downloads\GoToAssist.exe\""""
Start-Process $file1 /S;}</Data>
      <Data Name=""ParentUser"">WINDEV2309EVAL\User</Data>
    </EventData>
    <RenderingInfo Culture=""en-US"">
      <Message>Process Create:

RuleName: -

UtcTime: 2023-12-27 23:00:23.120

ProcessGuid: {f57bd86a-ac87-658c-cc01-000000000f00}

ProcessId: 6888

Image: C:\Users\User\Downloads\GoToAssist.exe

FileVersion: 1.0.0.562

Description: GoTo Opener

Product: GoTo Opener

Company: LogMeIn, Inc.

OriginalFileName: GoToOpener.exe

CommandLine: ""C:\Users\User\Downloads\GoToAssist.exe"" /S 

CurrentDirectory: C:\Users\User\AppData\Local\Temp\

User: WINDEV2309EVAL\User

LogonGuid: {f57bd86a-36f9-658c-7bf8-020000000000}

LogonId: 0x2F87B

TerminalSessionId: 1

IntegrityLevel: Medium

Hashes: MD5=D8A7DD0A6E3B89F819662280CFE67498,SHA256=33B1AF4C6D7E05395A2806B173D6A87825B7D6741736CF02CF0FE1E535958A9D,IMPHASH=00000000000000000000000000000000

ParentProcessGuid: {f57bd86a-ac81-658c-ca01-000000000f00}

ParentProcessId: 6220

ParentImage: C:\Windows\System32\WindowsPowerShell\v1.0\powershell.exe

ParentCommandLine: ""powershell.exe"" &amp; {Invoke-WebRequest -OutFile C:\Users\$env:username\Downloads\GoToAssist.exe \""""https://launch.getgo.com/launcher2/helper?token=e0-FaCddxmtMoX8_cY4czssnTeGvy83ihp8CLREfvwQshiBW0_RcbdoaEp8IA-Qn8wpbKlpGIflS-39gW6RuWRM-XHwtkRVMLBsp5RSKp-a3PBM-Pb1Fliy73EDgoaxr-q83WtXbLKqD7-u3cfDl9gKsymmhdkTGsXcDXir90NqKj92LsN_KpyYwV06lIxsdRekhNZjNwhkWrBa_hG8RQJqWSGk6tkZLVMuMufmn37eC2Cqqiwq5bCGnH5dYiSUUsklSedRLjh4N46qPYT1bAU0qD25ZPr-Kvf4Kzu9bT02q3Yntj02ZA99TxL2-SKzgryizoopBPg4Ilfo5t78UxKTYeEwo4etQECfkCRvenkTRlIHmowdbd88zz7NiccXnbHJZehgs6_-JSVjQIdPTXZbF9T5z44mi4BQYMtZAS3DE86F0C3D4Tcd7fa5F6Ve8rQWt7pvqFCYyiJAailslxOw0LsGyFokoy65tMF980ReP8zhVcTKYP8s8mhGXihUQJQPNk20Sw&amp;downloadTrigger=restart&amp;renameFile=1\""""
$file1 = \""""C:\Users\\"""" + $env:username + \""""\Downloads\GoToAssist.exe\""""
Start-Process $file1 /S;}

ParentUser: WINDEV2309EVAL\User</Message>
      <Level>Information</Level>
      <Task>Process Create (rule: ProcessCreate)</Task>
      <Opcode>Info</Opcode>
    </RenderingInfo>
  </Event>
  
"
Microsoft-Windows-Sysmon/Operational,,,WinDev2309Eval,,,,-,23.239.230.239,false,443,https,,3,19588,,,,C:\Windows\System32\WindowsPowerShell\v1.0\powershell.exe,true,,0x8000000000000000,Information,,,"Network connection detected:

RuleName: -

UtcTime: 2023-12-27 14:52:09.970

ProcessGuid: {f57bd86a-ac81-658c-ca01-000000000f00}

ProcessId: 6220

Image: C:\Windows\System32\WindowsPowerShell\v1.0\powershell.exe

User: WINDEV2309EVAL\User

Protocol: tcp

Initiated: true

SourceIsIpv6: false

SourceIp: 192.168.126.163

SourceHostname: WinDev2309Eval.localdomain

SourcePort: 50097

SourcePortName: -

DestinationIsIpv6: false

DestinationIp: 23.239.230.239

DestinationHostname: -

DestinationPort: 443

DestinationPortName: https",Info,,,,,,,,{f57bd86a-ac81-658c-ca01-000000000f00},3588,6220,,tcp,,,,"
      ",-,WinDev2309Eval.localdomain,192.168.126.163,false,50097,-,2023-12-27T23:00:19.5929244Z,,,Network connection detected (rule: NetworkConnect),,5136,WINDEV2309EVAL\User,S-1-5-18,2023-12-27 14:52:09.970,5,"<Event xmlns=""http://schemas.microsoft.com/win/2004/08/events/event"">
    <System>
      <Provider Name=""Microsoft-Windows-Sysmon"" Guid=""{5770385f-c22a-43e0-bf4c-06f5698ffbd9}""/>
      <EventID>3</EventID>
      <Version>5</Version>
      <Level>4</Level>
      <Task>3</Task>
      <Opcode>0</Opcode>
      <Keywords>0x8000000000000000</Keywords>
      <TimeCreated SystemTime=""2023-12-27T23:00:19.5929244Z""/>
      <EventRecordID>19588</EventRecordID>
      <Correlation/>
      <Execution ProcessID=""3588"" ThreadID=""5136""/>
      <Channel>Microsoft-Windows-Sysmon/Operational</Channel>
      <Computer>WinDev2309Eval</Computer>
      <Security UserID=""S-1-5-18""/>
    </System>
    <EventData>
      <Data Name=""RuleName"">-</Data>
      <Data Name=""UtcTime"">2023-12-27 14:52:09.970</Data>
      <Data Name=""ProcessGuid"">{f57bd86a-ac81-658c-ca01-000000000f00}</Data>
      <Data Name=""ProcessId"">6220</Data>
      <Data Name=""Image"">C:\Windows\System32\WindowsPowerShell\v1.0\powershell.exe</Data>
      <Data Name=""User"">WINDEV2309EVAL\User</Data>
      <Data Name=""Protocol"">tcp</Data>
      <Data Name=""Initiated"">true</Data>
      <Data Name=""SourceIsIpv6"">false</Data>
      <Data Name=""SourceIp"">192.168.126.163</Data>
      <Data Name=""SourceHostname"">WinDev2309Eval.localdomain</Data>
      <Data Name=""SourcePort"">50097</Data>
      <Data Name=""SourcePortName"">-</Data>
      <Data Name=""DestinationIsIpv6"">false</Data>
      <Data Name=""DestinationIp"">23.239.230.239</Data>
      <Data Name=""DestinationHostname"">-</Data>
      <Data Name=""DestinationPort"">443</Data>
      <Data Name=""DestinationPortName"">https</Data>
    </EventData>
    <RenderingInfo Culture=""en-US"">
      <Message>Network connection detected:

RuleName: -

UtcTime: 2023-12-27 14:52:09.970

ProcessGuid: {f57bd86a-ac81-658c-ca01-000000000f00}

ProcessId: 6220

Image: C:\Windows\System32\WindowsPowerShell\v1.0\powershell.exe

User: WINDEV2309EVAL\User

Protocol: tcp

Initiated: true

SourceIsIpv6: false

SourceIp: 192.168.126.163

SourceHostname: WinDev2309Eval.localdomain

SourcePort: 50097

SourcePortName: -

DestinationIsIpv6: false

DestinationIp: 23.239.230.239

DestinationHostname: -

DestinationPort: 443

DestinationPortName: https</Message>
      <Level>Information</Level>
      <Task>Network connection detected (rule: NetworkConnect)</Task>
      <Opcode>Info</Opcode>
    </RenderingInfo>
  </Event>
  
"
