Microsoft-Windows-Sysmon/Operational,,,WinDev2309Eval,2023-12-27 23:00:30.214,,,,,,,,,11,19697,,,,C:\Users\User\Downloads\GoToAssist.exe,,,0x8000000000000000,Information,,,"File created:

RuleName: -

UtcTime: 2023-12-27 23:00:30.214

ProcessGuid: {f57bd86a-ac87-658c-cc01-000000000f00}

ProcessId: 6888

Image: C:\Users\User\Downloads\GoToAssist.exe

TargetFilename: C:\Users\User\AppData\Local\Temp\4720DB50-6093-4535-B9EA-9E8E03E17BC2.bat

CreationUtcTime: 2023-12-27 23:00:30.214

User: WINDEV2309EVAL\User",Info,,,,,,,,{f57bd86a-ac87-658c-cc01-000000000f00},3588,6888,,,,,,"
      ",-,,,,,,2023-12-27T23:00:30.2332206Z,C:\Users\User\AppData\Local\Temp\4720DB50-6093-4535-B9EA-9E8E03E17BC2.bat,,File created (rule: FileCreate),,5124,WINDEV2309EVAL\User,S-1-5-18,2023-12-27 23:00:30.214,2,"<Event xmlns=""http://schemas.microsoft.com/win/2004/08/events/event"">
    <System>
      <Provider Name=""Microsoft-Windows-Sysmon"" Guid=""{5770385f-c22a-43e0-bf4c-06f5698ffbd9}""/>
      <EventID>11</EventID>
      <Version>2</Version>
      <Level>4</Level>
      <Task>11</Task>
      <Opcode>0</Opcode>
      <Keywords>0x8000000000000000</Keywords>
      <TimeCreated SystemTime=""2023-12-27T23:00:30.2332206Z""/>
      <EventRecordID>19697</EventRecordID>
      <Correlation/>
      <Execution ProcessID=""3588"" ThreadID=""5124""/>
      <Channel>Microsoft-Windows-Sysmon/Operational</Channel>
      <Computer>WinDev2309Eval</Computer>
      <Security UserID=""S-1-5-18""/>
    </System>
    <EventData>
      <Data Name=""RuleName"">-</Data>
      <Data Name=""UtcTime"">2023-12-27 23:00:30.214</Data>
      <Data Name=""ProcessGuid"">{f57bd86a-ac87-658c-cc01-000000000f00}</Data>
      <Data Name=""ProcessId"">6888</Data>
      <Data Name=""Image"">C:\Users\User\Downloads\GoToAssist.exe</Data>
      <Data Name=""TargetFilename"">C:\Users\User\AppData\Local\Temp\4720DB50-6093-4535-B9EA-9E8E03E17BC2.bat</Data>
      <Data Name=""CreationUtcTime"">2023-12-27 23:00:30.214</Data>
      <Data Name=""User"">WINDEV2309EVAL\User</Data>
    </EventData>
    <RenderingInfo Culture=""en-US"">
      <Message>File created:

RuleName: -

UtcTime: 2023-12-27 23:00:30.214

ProcessGuid: {f57bd86a-ac87-658c-cc01-000000000f00}

ProcessId: 6888

Image: C:\Users\User\Downloads\GoToAssist.exe

TargetFilename: C:\Users\User\AppData\Local\Temp\4720DB50-6093-4535-B9EA-9E8E03E17BC2.bat

CreationUtcTime: 2023-12-27 23:00:30.214

User: WINDEV2309EVAL\User</Message>
      <Level>Information</Level>
      <Task>File created (rule: FileCreate)</Task>
      <Opcode>Info</Opcode>
    </RenderingInfo>
  </Event>
  
"
Microsoft-Windows-Sysmon/Operational,,,WinDev2309Eval,2023-12-27 23:00:30.166,,,,,,,,,11,19696,,,,C:\Users\User\AppData\Local\GoToAssist Remote Support Expert\1702\g2ax_user_expert.exe,,,0x8000000000000000,Information,,,"File created:

RuleName: T1023

UtcTime: 2023-12-27 23:00:30.166

ProcessGuid: {f57bd86a-ac8d-658c-d901-000000000f00}

ProcessId: 5020

Image: C:\Users\User\AppData\Local\GoToAssist Remote Support Expert\1702\g2ax_user_expert.exe

TargetFilename: C:\Users\User\AppData\Roaming\Microsoft\Windows\Start Menu\Programs\GoToAssist Expert.lnk

CreationUtcTime: 2023-12-27 23:00:30.166

User: WINDEV2309EVAL\User",Info,,,,,,,,{f57bd86a-ac8d-658c-d901-000000000f00},3588,5020,,,,,,"
      ",T1023,,,,,,2023-12-27T23:00:30.1753054Z,C:\Users\User\AppData\Roaming\Microsoft\Windows\Start Menu\Programs\GoToAssist Expert.lnk,,File created (rule: FileCreate),,5124,WINDEV2309EVAL\User,S-1-5-18,2023-12-27 23:00:30.166,2,"<Event xmlns=""http://schemas.microsoft.com/win/2004/08/events/event"">
    <System>
      <Provider Name=""Microsoft-Windows-Sysmon"" Guid=""{5770385f-c22a-43e0-bf4c-06f5698ffbd9}""/>
      <EventID>11</EventID>
      <Version>2</Version>
      <Level>4</Level>
      <Task>11</Task>
      <Opcode>0</Opcode>
      <Keywords>0x8000000000000000</Keywords>
      <TimeCreated SystemTime=""2023-12-27T23:00:30.1753054Z""/>
      <EventRecordID>19696</EventRecordID>
      <Correlation/>
      <Execution ProcessID=""3588"" ThreadID=""5124""/>
      <Channel>Microsoft-Windows-Sysmon/Operational</Channel>
      <Computer>WinDev2309Eval</Computer>
      <Security UserID=""S-1-5-18""/>
    </System>
    <EventData>
      <Data Name=""RuleName"">T1023</Data>
      <Data Name=""UtcTime"">2023-12-27 23:00:30.166</Data>
      <Data Name=""ProcessGuid"">{f57bd86a-ac8d-658c-d901-000000000f00}</Data>
      <Data Name=""ProcessId"">5020</Data>
      <Data Name=""Image"">C:\Users\User\AppData\Local\GoToAssist Remote Support Expert\1702\g2ax_user_expert.exe</Data>
      <Data Name=""TargetFilename"">C:\Users\User\AppData\Roaming\Microsoft\Windows\Start Menu\Programs\GoToAssist Expert.lnk</Data>
      <Data Name=""CreationUtcTime"">2023-12-27 23:00:30.166</Data>
      <Data Name=""User"">WINDEV2309EVAL\User</Data>
    </EventData>
    <RenderingInfo Culture=""en-US"">
      <Message>File created:

RuleName: T1023

UtcTime: 2023-12-27 23:00:30.166

ProcessGuid: {f57bd86a-ac8d-658c-d901-000000000f00}

ProcessId: 5020

Image: C:\Users\User\AppData\Local\GoToAssist Remote Support Expert\1702\g2ax_user_expert.exe

TargetFilename: C:\Users\User\AppData\Roaming\Microsoft\Windows\Start Menu\Programs\GoToAssist Expert.lnk

CreationUtcTime: 2023-12-27 23:00:30.166

User: WINDEV2309EVAL\User</Message>
      <Level>Information</Level>
      <Task>File created (rule: FileCreate)</Task>
      <Opcode>Info</Opcode>
    </RenderingInfo>
  </Event>
  
"
Microsoft-Windows-Sysmon/Operational,,,WinDev2309Eval,,,,,,,,,"""C:\Users\User\AppData\Local\GoToAssist Remote Support Expert\1702\g2ax_start.exe"" ""/Trigger RunAtLogon""",13,19695,SetValue,,,C:\Users\User\AppData\Local\GoToAssist Remote Support Expert\1702\g2ax_user_expert.exe,,,0x8000000000000000,Information,,,"Registry value set:

RuleName: T1060,RunKey

EventType: SetValue

UtcTime: 2023-12-27 23:00:29.992

ProcessGuid: {f57bd86a-ac8d-658c-d901-000000000f00}

ProcessId: 5020

Image: C:\Users\User\AppData\Local\GoToAssist Remote Support Expert\1702\g2ax_user_expert.exe

TargetObject: HKU\S-1-5-21-2835251196-2691927458-378326815-1000\Software\Microsoft\Windows\CurrentVersion\Run\GoToAssist Remote Support Expert

Details: ""C:\Users\User\AppData\Local\GoToAssist Remote Support Expert\1702\g2ax_start.exe"" ""/Trigger RunAtLogon""

User: WINDEV2309EVAL\User",Info,,,,,,,,{f57bd86a-ac8d-658c-d901-000000000f00},3588,5020,,,,,,"
      ","T1060,RunKey",,,,,,2023-12-27T23:00:30.0043858Z,,HKU\S-1-5-21-2835251196-2691927458-378326815-1000\Software\Microsoft\Windows\CurrentVersion\Run\GoToAssist Remote Support Expert,Registry value set (rule: RegistryEvent),,5124,WINDEV2309EVAL\User,S-1-5-18,2023-12-27 23:00:29.992,2,"<Event xmlns=""http://schemas.microsoft.com/win/2004/08/events/event"">
    <System>
      <Provider Name=""Microsoft-Windows-Sysmon"" Guid=""{5770385f-c22a-43e0-bf4c-06f5698ffbd9}""/>
      <EventID>13</EventID>
      <Version>2</Version>
      <Level>4</Level>
      <Task>13</Task>
      <Opcode>0</Opcode>
      <Keywords>0x8000000000000000</Keywords>
      <TimeCreated SystemTime=""2023-12-27T23:00:30.0043858Z""/>
      <EventRecordID>19695</EventRecordID>
      <Correlation/>
      <Execution ProcessID=""3588"" ThreadID=""5124""/>
      <Channel>Microsoft-Windows-Sysmon/Operational</Channel>
      <Computer>WinDev2309Eval</Computer>
      <Security UserID=""S-1-5-18""/>
    </System>
    <EventData>
      <Data Name=""RuleName"">T1060,RunKey</Data>
      <Data Name=""EventType"">SetValue</Data>
      <Data Name=""UtcTime"">2023-12-27 23:00:29.992</Data>
      <Data Name=""ProcessGuid"">{f57bd86a-ac8d-658c-d901-000000000f00}</Data>
      <Data Name=""ProcessId"">5020</Data>
      <Data Name=""Image"">C:\Users\User\AppData\Local\GoToAssist Remote Support Expert\1702\g2ax_user_expert.exe</Data>
      <Data Name=""TargetObject"">HKU\S-1-5-21-2835251196-2691927458-378326815-1000\Software\Microsoft\Windows\CurrentVersion\Run\GoToAssist Remote Support Expert</Data>
      <Data Name=""Details"">""C:\Users\User\AppData\Local\GoToAssist Remote Support Expert\1702\g2ax_start.exe"" ""/Trigger RunAtLogon""</Data>
      <Data Name=""User"">WINDEV2309EVAL\User</Data>
    </EventData>
    <RenderingInfo Culture=""en-US"">
      <Message>Registry value set:

RuleName: T1060,RunKey

EventType: SetValue

UtcTime: 2023-12-27 23:00:29.992

ProcessGuid: {f57bd86a-ac8d-658c-d901-000000000f00}

ProcessId: 5020

Image: C:\Users\User\AppData\Local\GoToAssist Remote Support Expert\1702\g2ax_user_expert.exe

TargetObject: HKU\S-1-5-21-2835251196-2691927458-378326815-1000\Software\Microsoft\Windows\CurrentVersion\Run\GoToAssist Remote Support Expert

Details: ""C:\Users\User\AppData\Local\GoToAssist Remote Support Expert\1702\g2ax_start.exe"" ""/Trigger RunAtLogon""

User: WINDEV2309EVAL\User</Message>
      <Level>Information</Level>
      <Task>Registry value set (rule: RegistryEvent)</Task>
      <Opcode>Info</Opcode>
    </RenderingInfo>
  </Event>
  
"
Microsoft-Windows-Sysmon/Operational,"""C:\Users\User\AppData\Local\GoToAssist Remote Support Expert\1702\g2ax_user_expert.exe"" ""StartID={BC6AAF82-798C-49D9-9B5E-C14C9E947BD8}&ResourceDll=g2ax_expert_resource_win32_x86_en_US.dll&Debug=On&Stat=On&StatDb=On&Index=0""","LogMeIn, Inc.",WinDev2309Eval,,C:\Users\User\AppData\Local\GoToAssist Remote Support Expert\1702\,GoToAssist,,,,,,,1,19694,,4.8 Build 1702,"MD5=71C703EA85154A4E246A04C6B40DEDC1,SHA256=F5CFC449095104529B490B8FE6015B9F77FD83E4A1B378D8DC091C24AE5A95DC,IMPHASH=D8BC47046472F3E346D78C720F941405",C:\Users\User\AppData\Local\GoToAssist Remote Support Expert\1702\g2ax_user_expert.exe,,Medium,0x8000000000000000,Information,{f57bd86a-36f9-658c-7bf8-020000000000},0x2f87b,"Process Create:

RuleName: -

UtcTime: 2023-12-27 23:00:29.852

ProcessGuid: {f57bd86a-ac8d-658c-d901-000000000f00}

ProcessId: 5020

Image: C:\Users\User\AppData\Local\GoToAssist Remote Support Expert\1702\g2ax_user_expert.exe

FileVersion: 4.8 Build 1702

Description: GoToAssist

Product: GoToAssist

Company: LogMeIn, Inc.

OriginalFileName: GoToAssist Remote Support.exe

CommandLine: ""C:\Users\User\AppData\Local\GoToAssist Remote Support Expert\1702\g2ax_user_expert.exe"" ""StartID={BC6AAF82-798C-49D9-9B5E-C14C9E947BD8}&ResourceDll=g2ax_expert_resource_win32_x86_en_US.dll&Debug=On&Stat=On&StatDb=On&Index=0""

CurrentDirectory: C:\Users\User\AppData\Local\GoToAssist Remote Support Expert\1702\

User: WINDEV2309EVAL\User

LogonGuid: {f57bd86a-36f9-658c-7bf8-020000000000}

LogonId: 0x2F87B

TerminalSessionId: 1

IntegrityLevel: Medium

Hashes: MD5=71C703EA85154A4E246A04C6B40DEDC1,SHA256=F5CFC449095104529B490B8FE6015B9F77FD83E4A1B378D8DC091C24AE5A95DC,IMPHASH=D8BC47046472F3E346D78C720F941405

ParentProcessGuid: {f57bd86a-ac8d-658c-d801-000000000f00}

ParentProcessId: 10740

ParentImage: C:\Users\User\AppData\Local\GoToAssist Remote Support Expert\1702\g2ax_comm_expert.exe

ParentCommandLine: ""C:\Users\User\AppData\Local\GoToAssist Remote Support Expert\1702\g2ax_comm_expert.exe"" ""Action=Default&Build=1702&colClientUiReadyEvent=Global\BDAE0CDF-A6E0-4620-B1DF-2D7E8A0E11E3&Debug=On&Digest=71c703ea85154a4e246a04c6b40dedc1&EGWAddress=3.218.246.74,52.55.102.23&EGWDNS=egw1.express.gotoassist.com&EGWPort=8200,80,443&Language=en_US&LoaderPath=C:\Users\User\AppData\Local\GoToAssist Remote Support Expert\1702\g2ax_start.exe&locale=en_US&LogLevel=Normal&LogName=C:\Users\User\AppData\Local\Temp\LogMeInLogs\GoToAssist Remote Support Expert\1702\20231227_150027\GoToAssist Remote Support Expert.log&LogPath=C:\Users\User\AppData\Local\Temp\LogMeInLogs\GoToAssist Remote Support Expert\1702\20231227_150027\&ResourceDll=g2ax_expert_resource_win32_x86_en_US.dll&RestartReason=Start&ServiceAllowed=Yes&sessionTrackingId=e0-FaCddxmtMoX8_cY4czssnTeGvy83i&StartAsService=Yes&Stat=On&StatDb=On&UninstallService=No&UniqueId=29c""

ParentUser: WINDEV2309EVAL\User",Info,GoToAssist Remote Support.exe,"""C:\Users\User\AppData\Local\GoToAssist Remote Support Expert\1702\g2ax_comm_expert.exe"" ""Action=Default&Build=1702&colClientUiReadyEvent=Global\BDAE0CDF-A6E0-4620-B1DF-2D7E8A0E11E3&Debug=On&Digest=71c703ea85154a4e246a04c6b40dedc1&EGWAddress=3.218.246.74,52.55.102.23&EGWDNS=egw1.express.gotoassist.com&EGWPort=8200,80,443&Language=en_US&LoaderPath=C:\Users\User\AppData\Local\GoToAssist Remote Support Expert\1702\g2ax_start.exe&locale=en_US&LogLevel=Normal&LogName=C:\Users\User\AppData\Local\Temp\LogMeInLogs\GoToAssist Remote Support Expert\1702\20231227_150027\GoToAssist Remote Support Expert.log&LogPath=C:\Users\User\AppData\Local\Temp\LogMeInLogs\GoToAssist Remote Support Expert\1702\20231227_150027\&ResourceDll=g2ax_expert_resource_win32_x86_en_US.dll&RestartReason=Start&ServiceAllowed=Yes&sessionTrackingId=e0-FaCddxmtMoX8_cY4czssnTeGvy83i&StartAsService=Yes&Stat=On&StatDb=On&UninstallService=No&UniqueId=29c""",C:\Users\User\AppData\Local\GoToAssist Remote Support Expert\1702\g2ax_comm_expert.exe,{f57bd86a-ac8d-658c-d801-000000000f00},10740,WINDEV2309EVAL\User,,{f57bd86a-ac8d-658c-d901-000000000f00},3588,5020,GoToAssist,,,,,"
      ",-,,,,,,2023-12-27T23:00:29.8570545Z,,,Process Create (rule: ProcessCreate),1,5124,WINDEV2309EVAL\User,S-1-5-18,2023-12-27 23:00:29.852,5,"<Event xmlns=""http://schemas.microsoft.com/win/2004/08/events/event"">
    <System>
      <Provider Name=""Microsoft-Windows-Sysmon"" Guid=""{5770385f-c22a-43e0-bf4c-06f5698ffbd9}""/>
      <EventID>1</EventID>
      <Version>5</Version>
      <Level>4</Level>
      <Task>1</Task>
      <Opcode>0</Opcode>
      <Keywords>0x8000000000000000</Keywords>
      <TimeCreated SystemTime=""2023-12-27T23:00:29.8570545Z""/>
      <EventRecordID>19694</EventRecordID>
      <Correlation/>
      <Execution ProcessID=""3588"" ThreadID=""5124""/>
      <Channel>Microsoft-Windows-Sysmon/Operational</Channel>
      <Computer>WinDev2309Eval</Computer>
      <Security UserID=""S-1-5-18""/>
    </System>
    <EventData>
      <Data Name=""RuleName"">-</Data>
      <Data Name=""UtcTime"">2023-12-27 23:00:29.852</Data>
      <Data Name=""ProcessGuid"">{f57bd86a-ac8d-658c-d901-000000000f00}</Data>
      <Data Name=""ProcessId"">5020</Data>
      <Data Name=""Image"">C:\Users\User\AppData\Local\GoToAssist Remote Support Expert\1702\g2ax_user_expert.exe</Data>
      <Data Name=""FileVersion"">4.8 Build 1702</Data>
      <Data Name=""Description"">GoToAssist</Data>
      <Data Name=""Product"">GoToAssist</Data>
      <Data Name=""Company"">LogMeIn, Inc.</Data>
      <Data Name=""OriginalFileName"">GoToAssist Remote Support.exe</Data>
      <Data Name=""CommandLine"">""C:\Users\User\AppData\Local\GoToAssist Remote Support Expert\1702\g2ax_user_expert.exe"" ""StartID={BC6AAF82-798C-49D9-9B5E-C14C9E947BD8}&amp;ResourceDll=g2ax_expert_resource_win32_x86_en_US.dll&amp;Debug=On&amp;Stat=On&amp;StatDb=On&amp;Index=0""</Data>
      <Data Name=""CurrentDirectory"">C:\Users\User\AppData\Local\GoToAssist Remote Support Expert\1702\</Data>
      <Data Name=""User"">WINDEV2309EVAL\User</Data>
      <Data Name=""LogonGuid"">{f57bd86a-36f9-658c-7bf8-020000000000}</Data>
      <Data Name=""LogonId"">0x2f87b</Data>
      <Data Name=""TerminalSessionId"">1</Data>
      <Data Name=""IntegrityLevel"">Medium</Data>
      <Data Name=""Hashes"">MD5=71C703EA85154A4E246A04C6B40DEDC1,SHA256=F5CFC449095104529B490B8FE6015B9F77FD83E4A1B378D8DC091C24AE5A95DC,IMPHASH=D8BC47046472F3E346D78C720F941405</Data>
      <Data Name=""ParentProcessGuid"">{f57bd86a-ac8d-658c-d801-000000000f00}</Data>
      <Data Name=""ParentProcessId"">10740</Data>
      <Data Name=""ParentImage"">C:\Users\User\AppData\Local\GoToAssist Remote Support Expert\1702\g2ax_comm_expert.exe</Data>
      <Data Name=""ParentCommandLine"">""C:\Users\User\AppData\Local\GoToAssist Remote Support Expert\1702\g2ax_comm_expert.exe"" ""Action=Default&amp;Build=1702&amp;colClientUiReadyEvent=Global\BDAE0CDF-A6E0-4620-B1DF-2D7E8A0E11E3&amp;Debug=On&amp;Digest=71c703ea85154a4e246a04c6b40dedc1&amp;EGWAddress=3.218.246.74,52.55.102.23&amp;EGWDNS=egw1.express.gotoassist.com&amp;EGWPort=8200,80,443&amp;Language=en_US&amp;LoaderPath=C:\Users\User\AppData\Local\GoToAssist Remote Support Expert\1702\g2ax_start.exe&amp;locale=en_US&amp;LogLevel=Normal&amp;LogName=C:\Users\User\AppData\Local\Temp\LogMeInLogs\GoToAssist Remote Support Expert\1702\20231227_150027\GoToAssist Remote Support Expert.log&amp;LogPath=C:\Users\User\AppData\Local\Temp\LogMeInLogs\GoToAssist Remote Support Expert\1702\20231227_150027\&amp;ResourceDll=g2ax_expert_resource_win32_x86_en_US.dll&amp;RestartReason=Start&amp;ServiceAllowed=Yes&amp;sessionTrackingId=e0-FaCddxmtMoX8_cY4czssnTeGvy83i&amp;StartAsService=Yes&amp;Stat=On&amp;StatDb=On&amp;UninstallService=No&amp;UniqueId=29c""</Data>
      <Data Name=""ParentUser"">WINDEV2309EVAL\User</Data>
    </EventData>
    <RenderingInfo Culture=""en-US"">
      <Message>Process Create:

RuleName: -

UtcTime: 2023-12-27 23:00:29.852

ProcessGuid: {f57bd86a-ac8d-658c-d901-000000000f00}

ProcessId: 5020

Image: C:\Users\User\AppData\Local\GoToAssist Remote Support Expert\1702\g2ax_user_expert.exe

FileVersion: 4.8 Build 1702

Description: GoToAssist

Product: GoToAssist

Company: LogMeIn, Inc.

OriginalFileName: GoToAssist Remote Support.exe

CommandLine: ""C:\Users\User\AppData\Local\GoToAssist Remote Support Expert\1702\g2ax_user_expert.exe"" ""StartID={BC6AAF82-798C-49D9-9B5E-C14C9E947BD8}&amp;ResourceDll=g2ax_expert_resource_win32_x86_en_US.dll&amp;Debug=On&amp;Stat=On&amp;StatDb=On&amp;Index=0""

CurrentDirectory: C:\Users\User\AppData\Local\GoToAssist Remote Support Expert\1702\

User: WINDEV2309EVAL\User

LogonGuid: {f57bd86a-36f9-658c-7bf8-020000000000}

LogonId: 0x2F87B

TerminalSessionId: 1

IntegrityLevel: Medium

Hashes: MD5=71C703EA85154A4E246A04C6B40DEDC1,SHA256=F5CFC449095104529B490B8FE6015B9F77FD83E4A1B378D8DC091C24AE5A95DC,IMPHASH=D8BC47046472F3E346D78C720F941405

ParentProcessGuid: {f57bd86a-ac8d-658c-d801-000000000f00}

ParentProcessId: 10740

ParentImage: C:\Users\User\AppData\Local\GoToAssist Remote Support Expert\1702\g2ax_comm_expert.exe

ParentCommandLine: ""C:\Users\User\AppData\Local\GoToAssist Remote Support Expert\1702\g2ax_comm_expert.exe"" ""Action=Default&amp;Build=1702&amp;colClientUiReadyEvent=Global\BDAE0CDF-A6E0-4620-B1DF-2D7E8A0E11E3&amp;Debug=On&amp;Digest=71c703ea85154a4e246a04c6b40dedc1&amp;EGWAddress=3.218.246.74,52.55.102.23&amp;EGWDNS=egw1.express.gotoassist.com&amp;EGWPort=8200,80,443&amp;Language=en_US&amp;LoaderPath=C:\Users\User\AppData\Local\GoToAssist Remote Support Expert\1702\g2ax_start.exe&amp;locale=en_US&amp;LogLevel=Normal&amp;LogName=C:\Users\User\AppData\Local\Temp\LogMeInLogs\GoToAssist Remote Support Expert\1702\20231227_150027\GoToAssist Remote Support Expert.log&amp;LogPath=C:\Users\User\AppData\Local\Temp\LogMeInLogs\GoToAssist Remote Support Expert\1702\20231227_150027\&amp;ResourceDll=g2ax_expert_resource_win32_x86_en_US.dll&amp;RestartReason=Start&amp;ServiceAllowed=Yes&amp;sessionTrackingId=e0-FaCddxmtMoX8_cY4czssnTeGvy83i&amp;StartAsService=Yes&amp;Stat=On&amp;StatDb=On&amp;UninstallService=No&amp;UniqueId=29c""

ParentUser: WINDEV2309EVAL\User</Message>
      <Level>Information</Level>
      <Task>Process Create (rule: ProcessCreate)</Task>
      <Opcode>Info</Opcode>
    </RenderingInfo>
  </Event>
  
"
Microsoft-Windows-Sysmon/Operational,,,WinDev2309Eval,,,,,,,,,,5,19693,,,,C:\Users\User\AppData\Local\GoToAssist Remote Support Expert\g2ax_expert_combined_dll_core_win32_x86_1702.exe,,,0x8000000000000000,Information,,,"Process terminated:

RuleName: -

UtcTime: 2023-12-27 23:00:29.492

ProcessGuid: {f57bd86a-ac8b-658c-d201-000000000f00}

ProcessId: 10416

Image: C:\Users\User\AppData\Local\GoToAssist Remote Support Expert\g2ax_expert_combined_dll_core_win32_x86_1702.exe

User: WINDEV2309EVAL\User",Info,,,,,,,,{f57bd86a-ac8b-658c-d201-000000000f00},3588,10416,,,,,,"
      ",-,,,,,,2023-12-27T23:00:29.4992051Z,,,Process terminated (rule: ProcessTerminate),,5124,WINDEV2309EVAL\User,S-1-5-18,2023-12-27 23:00:29.492,3,"<Event xmlns=""http://schemas.microsoft.com/win/2004/08/events/event"">
    <System>
      <Provider Name=""Microsoft-Windows-Sysmon"" Guid=""{5770385f-c22a-43e0-bf4c-06f5698ffbd9}""/>
      <EventID>5</EventID>
      <Version>3</Version>
      <Level>4</Level>
      <Task>5</Task>
      <Opcode>0</Opcode>
      <Keywords>0x8000000000000000</Keywords>
      <TimeCreated SystemTime=""2023-12-27T23:00:29.4992051Z""/>
      <EventRecordID>19693</EventRecordID>
      <Correlation/>
      <Execution ProcessID=""3588"" ThreadID=""5124""/>
      <Channel>Microsoft-Windows-Sysmon/Operational</Channel>
      <Computer>WinDev2309Eval</Computer>
      <Security UserID=""S-1-5-18""/>
    </System>
    <EventData>
      <Data Name=""RuleName"">-</Data>
      <Data Name=""UtcTime"">2023-12-27 23:00:29.492</Data>
      <Data Name=""ProcessGuid"">{f57bd86a-ac8b-658c-d201-000000000f00}</Data>
      <Data Name=""ProcessId"">10416</Data>
      <Data Name=""Image"">C:\Users\User\AppData\Local\GoToAssist Remote Support Expert\g2ax_expert_combined_dll_core_win32_x86_1702.exe</Data>
      <Data Name=""User"">WINDEV2309EVAL\User</Data>
    </EventData>
    <RenderingInfo Culture=""en-US"">
      <Message>Process terminated:

RuleName: -

UtcTime: 2023-12-27 23:00:29.492

ProcessGuid: {f57bd86a-ac8b-658c-d201-000000000f00}

ProcessId: 10416

Image: C:\Users\User\AppData\Local\GoToAssist Remote Support Expert\g2ax_expert_combined_dll_core_win32_x86_1702.exe

User: WINDEV2309EVAL\User</Message>
      <Level>Information</Level>
      <Task>Process terminated (rule: ProcessTerminate)</Task>
      <Opcode>Info</Opcode>
    </RenderingInfo>
  </Event>
  
"
Microsoft-Windows-Sysmon/Operational,"""C:\Users\User\AppData\Local\GoToAssist Remote Support Expert\1702\g2ax_comm_expert.exe"" ""Action=Default&Build=1702&colClientUiReadyEvent=Global\BDAE0CDF-A6E0-4620-B1DF-2D7E8A0E11E3&Debug=On&Digest=71c703ea85154a4e246a04c6b40dedc1&EGWAddress=3.218.246.74,52.55.102.23&EGWDNS=egw1.express.gotoassist.com&EGWPort=8200,80,443&Language=en_US&LoaderPath=C:\Users\User\AppData\Local\GoToAssist Remote Support Expert\1702\g2ax_start.exe&locale=en_US&LogLevel=Normal&LogName=C:\Users\User\AppData\Local\Temp\LogMeInLogs\GoToAssist Remote Support Expert\1702\20231227_150027\GoToAssist Remote Support Expert.log&LogPath=C:\Users\User\AppData\Local\Temp\LogMeInLogs\GoToAssist Remote Support Expert\1702\20231227_150027\&ResourceDll=g2ax_expert_resource_win32_x86_en_US.dll&RestartReason=Start&ServiceAllowed=Yes&sessionTrackingId=e0-FaCddxmtMoX8_cY4czssnTeGvy83i&StartAsService=Yes&Stat=On&StatDb=On&UninstallService=No&UniqueId=29c""","LogMeIn, Inc.",WinDev2309Eval,,C:\Users\User\AppData\Local\GoToAssist Remote Support Expert\1702\,GoToAssist,,,,,,,1,19692,,4.8 Build 1702,"MD5=71C703EA85154A4E246A04C6B40DEDC1,SHA256=F5CFC449095104529B490B8FE6015B9F77FD83E4A1B378D8DC091C24AE5A95DC,IMPHASH=D8BC47046472F3E346D78C720F941405",C:\Users\User\AppData\Local\GoToAssist Remote Support Expert\1702\g2ax_comm_expert.exe,,Medium,0x8000000000000000,Information,{f57bd86a-36f9-658c-7bf8-020000000000},0x2f87b,"Process Create:

RuleName: -

UtcTime: 2023-12-27 23:00:29.481

ProcessGuid: {f57bd86a-ac8d-658c-d801-000000000f00}

ProcessId: 10740

Image: C:\Users\User\AppData\Local\GoToAssist Remote Support Expert\1702\g2ax_comm_expert.exe

FileVersion: 4.8 Build 1702

Description: GoToAssist

Product: GoToAssist

Company: LogMeIn, Inc.

OriginalFileName: GoToAssist Remote Support.exe

CommandLine: ""C:\Users\User\AppData\Local\GoToAssist Remote Support Expert\1702\g2ax_comm_expert.exe"" ""Action=Default&Build=1702&colClientUiReadyEvent=Global\BDAE0CDF-A6E0-4620-B1DF-2D7E8A0E11E3&Debug=On&Digest=71c703ea85154a4e246a04c6b40dedc1&EGWAddress=3.218.246.74,52.55.102.23&EGWDNS=egw1.express.gotoassist.com&EGWPort=8200,80,443&Language=en_US&LoaderPath=C:\Users\User\AppData\Local\GoToAssist Remote Support Expert\1702\g2ax_start.exe&locale=en_US&LogLevel=Normal&LogName=C:\Users\User\AppData\Local\Temp\LogMeInLogs\GoToAssist Remote Support Expert\1702\20231227_150027\GoToAssist Remote Support Expert.log&LogPath=C:\Users\User\AppData\Local\Temp\LogMeInLogs\GoToAssist Remote Support Expert\1702\20231227_150027\&ResourceDll=g2ax_expert_resource_win32_x86_en_US.dll&RestartReason=Start&ServiceAllowed=Yes&sessionTrackingId=e0-FaCddxmtMoX8_cY4czssnTeGvy83i&StartAsService=Yes&Stat=On&StatDb=On&UninstallService=No&UniqueId=29c""

CurrentDirectory: C:\Users\User\AppData\Local\GoToAssist Remote Support Expert\1702\

User: WINDEV2309EVAL\User

LogonGuid: {f57bd86a-36f9-658c-7bf8-020000000000}

LogonId: 0x2F87B

TerminalSessionId: 1

IntegrityLevel: Medium

Hashes: MD5=71C703EA85154A4E246A04C6B40DEDC1,SHA256=F5CFC449095104529B490B8FE6015B9F77FD83E4A1B378D8DC091C24AE5A95DC,IMPHASH=D8BC47046472F3E346D78C720F941405

ParentProcessGuid: {f57bd86a-ac8d-658c-d701-000000000f00}

ParentProcessId: 668

ParentImage: C:\Users\User\AppData\Local\GoToAssist Remote Support Expert\1702\g2ax_start.exe

ParentCommandLine: ""C:\Users\User\AppData\Local\GoToAssist Remote Support Expert\1702\g2ax_start.exe"" ""/Action Default"" ""/Build 1702"" ""/Debug On"" ""/EGWAddress 3.218.246.74,52.55.102.23"" ""/EGWDNS egw1.express.gotoassist.com"" ""/EGWPort 8200,80,443"" ""/Language en_US"" ""/LoaderPath C:\Users\User\AppData\Local\GoToAssist Remote Support Expert\g2ax_expert_combined_dll_core_win32_x86_1702.exe"" ""/LogLevel Normal"" ""/LogPath C:\Users\User\AppData\Local\Temp\LogMeInLogs\GoToAssist Remote Support Expert\1702\20231227_150027\"" ""/ResourceDll g2ax_expert_resource_win32_x86_en_US.dll"" ""/RestartReason Start"" ""/ServiceAllowed Yes"" ""/StartAsService Yes"" ""/Stat On"" ""/StatDb On"" ""/UninstallService No"" ""/colClientUiReadyEvent Global\BDAE0CDF-A6E0-4620-B1DF-2D7E8A0E11E3"" ""/locale en_US"" ""/sessionTrackingId e0-FaCddxmtMoX8_cY4czssnTeGvy83i""

ParentUser: WINDEV2309EVAL\User",Info,GoToAssist Remote Support.exe,"""C:\Users\User\AppData\Local\GoToAssist Remote Support Expert\1702\g2ax_start.exe"" ""/Action Default"" ""/Build 1702"" ""/Debug On"" ""/EGWAddress 3.218.246.74,52.55.102.23"" ""/EGWDNS egw1.express.gotoassist.com"" ""/EGWPort 8200,80,443"" ""/Language en_US"" ""/LoaderPath C:\Users\User\AppData\Local\GoToAssist Remote Support Expert\g2ax_expert_combined_dll_core_win32_x86_1702.exe"" ""/LogLevel Normal"" ""/LogPath C:\Users\User\AppData\Local\Temp\LogMeInLogs\GoToAssist Remote Support Expert\1702\20231227_150027\"" ""/ResourceDll g2ax_expert_resource_win32_x86_en_US.dll"" ""/RestartReason Start"" ""/ServiceAllowed Yes"" ""/StartAsService Yes"" ""/Stat On"" ""/StatDb On"" ""/UninstallService No"" ""/colClientUiReadyEvent Global\BDAE0CDF-A6E0-4620-B1DF-2D7E8A0E11E3"" ""/locale en_US"" ""/sessionTrackingId e0-FaCddxmtMoX8_cY4czssnTeGvy83i""",C:\Users\User\AppData\Local\GoToAssist Remote Support Expert\1702\g2ax_start.exe,{f57bd86a-ac8d-658c-d701-000000000f00},668,WINDEV2309EVAL\User,,{f57bd86a-ac8d-658c-d801-000000000f00},3588,10740,GoToAssist,,,,,"
      ",-,,,,,,2023-12-27T23:00:29.4860047Z,,,Process Create (rule: ProcessCreate),1,5124,WINDEV2309EVAL\User,S-1-5-18,2023-12-27 23:00:29.481,5,"<Event xmlns=""http://schemas.microsoft.com/win/2004/08/events/event"">
    <System>
      <Provider Name=""Microsoft-Windows-Sysmon"" Guid=""{5770385f-c22a-43e0-bf4c-06f5698ffbd9}""/>
      <EventID>1</EventID>
      <Version>5</Version>
      <Level>4</Level>
      <Task>1</Task>
      <Opcode>0</Opcode>
      <Keywords>0x8000000000000000</Keywords>
      <TimeCreated SystemTime=""2023-12-27T23:00:29.4860047Z""/>
      <EventRecordID>19692</EventRecordID>
      <Correlation/>
      <Execution ProcessID=""3588"" ThreadID=""5124""/>
      <Channel>Microsoft-Windows-Sysmon/Operational</Channel>
      <Computer>WinDev2309Eval</Computer>
      <Security UserID=""S-1-5-18""/>
    </System>
    <EventData>
      <Data Name=""RuleName"">-</Data>
      <Data Name=""UtcTime"">2023-12-27 23:00:29.481</Data>
      <Data Name=""ProcessGuid"">{f57bd86a-ac8d-658c-d801-000000000f00}</Data>
      <Data Name=""ProcessId"">10740</Data>
      <Data Name=""Image"">C:\Users\User\AppData\Local\GoToAssist Remote Support Expert\1702\g2ax_comm_expert.exe</Data>
      <Data Name=""FileVersion"">4.8 Build 1702</Data>
      <Data Name=""Description"">GoToAssist</Data>
      <Data Name=""Product"">GoToAssist</Data>
      <Data Name=""Company"">LogMeIn, Inc.</Data>
      <Data Name=""OriginalFileName"">GoToAssist Remote Support.exe</Data>
      <Data Name=""CommandLine"">""C:\Users\User\AppData\Local\GoToAssist Remote Support Expert\1702\g2ax_comm_expert.exe"" ""Action=Default&amp;Build=1702&amp;colClientUiReadyEvent=Global\BDAE0CDF-A6E0-4620-B1DF-2D7E8A0E11E3&amp;Debug=On&amp;Digest=71c703ea85154a4e246a04c6b40dedc1&amp;EGWAddress=3.218.246.74,52.55.102.23&amp;EGWDNS=egw1.express.gotoassist.com&amp;EGWPort=8200,80,443&amp;Language=en_US&amp;LoaderPath=C:\Users\User\AppData\Local\GoToAssist Remote Support Expert\1702\g2ax_start.exe&amp;locale=en_US&amp;LogLevel=Normal&amp;LogName=C:\Users\User\AppData\Local\Temp\LogMeInLogs\GoToAssist Remote Support Expert\1702\20231227_150027\GoToAssist Remote Support Expert.log&amp;LogPath=C:\Users\User\AppData\Local\Temp\LogMeInLogs\GoToAssist Remote Support Expert\1702\20231227_150027\&amp;ResourceDll=g2ax_expert_resource_win32_x86_en_US.dll&amp;RestartReason=Start&amp;ServiceAllowed=Yes&amp;sessionTrackingId=e0-FaCddxmtMoX8_cY4czssnTeGvy83i&amp;StartAsService=Yes&amp;Stat=On&amp;StatDb=On&amp;UninstallService=No&amp;UniqueId=29c""</Data>
      <Data Name=""CurrentDirectory"">C:\Users\User\AppData\Local\GoToAssist Remote Support Expert\1702\</Data>
      <Data Name=""User"">WINDEV2309EVAL\User</Data>
      <Data Name=""LogonGuid"">{f57bd86a-36f9-658c-7bf8-020000000000}</Data>
      <Data Name=""LogonId"">0x2f87b</Data>
      <Data Name=""TerminalSessionId"">1</Data>
      <Data Name=""IntegrityLevel"">Medium</Data>
      <Data Name=""Hashes"">MD5=71C703EA85154A4E246A04C6B40DEDC1,SHA256=F5CFC449095104529B490B8FE6015B9F77FD83E4A1B378D8DC091C24AE5A95DC,IMPHASH=D8BC47046472F3E346D78C720F941405</Data>
      <Data Name=""ParentProcessGuid"">{f57bd86a-ac8d-658c-d701-000000000f00}</Data>
      <Data Name=""ParentProcessId"">668</Data>
      <Data Name=""ParentImage"">C:\Users\User\AppData\Local\GoToAssist Remote Support Expert\1702\g2ax_start.exe</Data>
      <Data Name=""ParentCommandLine"">""C:\Users\User\AppData\Local\GoToAssist Remote Support Expert\1702\g2ax_start.exe"" ""/Action Default"" ""/Build 1702"" ""/Debug On"" ""/EGWAddress 3.218.246.74,52.55.102.23"" ""/EGWDNS egw1.express.gotoassist.com"" ""/EGWPort 8200,80,443"" ""/Language en_US"" ""/LoaderPath C:\Users\User\AppData\Local\GoToAssist Remote Support Expert\g2ax_expert_combined_dll_core_win32_x86_1702.exe"" ""/LogLevel Normal"" ""/LogPath C:\Users\User\AppData\Local\Temp\LogMeInLogs\GoToAssist Remote Support Expert\1702\20231227_150027\"" ""/ResourceDll g2ax_expert_resource_win32_x86_en_US.dll"" ""/RestartReason Start"" ""/ServiceAllowed Yes"" ""/StartAsService Yes"" ""/Stat On"" ""/StatDb On"" ""/UninstallService No"" ""/colClientUiReadyEvent Global\BDAE0CDF-A6E0-4620-B1DF-2D7E8A0E11E3"" ""/locale en_US"" ""/sessionTrackingId e0-FaCddxmtMoX8_cY4czssnTeGvy83i""</Data>
      <Data Name=""ParentUser"">WINDEV2309EVAL\User</Data>
    </EventData>
    <RenderingInfo Culture=""en-US"">
      <Message>Process Create:

RuleName: -

UtcTime: 2023-12-27 23:00:29.481

ProcessGuid: {f57bd86a-ac8d-658c-d801-000000000f00}

ProcessId: 10740

Image: C:\Users\User\AppData\Local\GoToAssist Remote Support Expert\1702\g2ax_comm_expert.exe

FileVersion: 4.8 Build 1702

Description: GoToAssist

Product: GoToAssist

Company: LogMeIn, Inc.

OriginalFileName: GoToAssist Remote Support.exe

CommandLine: ""C:\Users\User\AppData\Local\GoToAssist Remote Support Expert\1702\g2ax_comm_expert.exe"" ""Action=Default&amp;Build=1702&amp;colClientUiReadyEvent=Global\BDAE0CDF-A6E0-4620-B1DF-2D7E8A0E11E3&amp;Debug=On&amp;Digest=71c703ea85154a4e246a04c6b40dedc1&amp;EGWAddress=3.218.246.74,52.55.102.23&amp;EGWDNS=egw1.express.gotoassist.com&amp;EGWPort=8200,80,443&amp;Language=en_US&amp;LoaderPath=C:\Users\User\AppData\Local\GoToAssist Remote Support Expert\1702\g2ax_start.exe&amp;locale=en_US&amp;LogLevel=Normal&amp;LogName=C:\Users\User\AppData\Local\Temp\LogMeInLogs\GoToAssist Remote Support Expert\1702\20231227_150027\GoToAssist Remote Support Expert.log&amp;LogPath=C:\Users\User\AppData\Local\Temp\LogMeInLogs\GoToAssist Remote Support Expert\1702\20231227_150027\&amp;ResourceDll=g2ax_expert_resource_win32_x86_en_US.dll&amp;RestartReason=Start&amp;ServiceAllowed=Yes&amp;sessionTrackingId=e0-FaCddxmtMoX8_cY4czssnTeGvy83i&amp;StartAsService=Yes&amp;Stat=On&amp;StatDb=On&amp;UninstallService=No&amp;UniqueId=29c""

CurrentDirectory: C:\Users\User\AppData\Local\GoToAssist Remote Support Expert\1702\

User: WINDEV2309EVAL\User

LogonGuid: {f57bd86a-36f9-658c-7bf8-020000000000}

LogonId: 0x2F87B

TerminalSessionId: 1

IntegrityLevel: Medium

Hashes: MD5=71C703EA85154A4E246A04C6B40DEDC1,SHA256=F5CFC449095104529B490B8FE6015B9F77FD83E4A1B378D8DC091C24AE5A95DC,IMPHASH=D8BC47046472F3E346D78C720F941405

ParentProcessGuid: {f57bd86a-ac8d-658c-d701-000000000f00}

ParentProcessId: 668

ParentImage: C:\Users\User\AppData\Local\GoToAssist Remote Support Expert\1702\g2ax_start.exe

ParentCommandLine: ""C:\Users\User\AppData\Local\GoToAssist Remote Support Expert\1702\g2ax_start.exe"" ""/Action Default"" ""/Build 1702"" ""/Debug On"" ""/EGWAddress 3.218.246.74,52.55.102.23"" ""/EGWDNS egw1.express.gotoassist.com"" ""/EGWPort 8200,80,443"" ""/Language en_US"" ""/LoaderPath C:\Users\User\AppData\Local\GoToAssist Remote Support Expert\g2ax_expert_combined_dll_core_win32_x86_1702.exe"" ""/LogLevel Normal"" ""/LogPath C:\Users\User\AppData\Local\Temp\LogMeInLogs\GoToAssist Remote Support Expert\1702\20231227_150027\"" ""/ResourceDll g2ax_expert_resource_win32_x86_en_US.dll"" ""/RestartReason Start"" ""/ServiceAllowed Yes"" ""/StartAsService Yes"" ""/Stat On"" ""/StatDb On"" ""/UninstallService No"" ""/colClientUiReadyEvent Global\BDAE0CDF-A6E0-4620-B1DF-2D7E8A0E11E3"" ""/locale en_US"" ""/sessionTrackingId e0-FaCddxmtMoX8_cY4czssnTeGvy83i""

ParentUser: WINDEV2309EVAL\User</Message>
      <Level>Information</Level>
      <Task>Process Create (rule: ProcessCreate)</Task>
      <Opcode>Info</Opcode>
    </RenderingInfo>
  </Event>
  
"
Microsoft-Windows-Sysmon/Operational,,,WinDev2309Eval,,,,,,,,,1.0.0.562,13,19691,SetValue,,,C:\Windows\system32\compattelrunner.exe,,,0x8000000000000000,Information,,,"Registry value set:

RuleName: InvDB-Ver

EventType: SetValue

UtcTime: 2023-12-27 23:00:29.460

ProcessGuid: {f57bd86a-ac8b-658c-d301-000000000f00}

ProcessId: 1336

Image: C:\Windows\system32\compattelrunner.exe

TargetObject: \REGISTRY\A\{b3b14332-edc6-625a-c682-62677f6d06d4}\Root\InventoryApplicationFile\goto opener.exe|53a8744b6fbc8b8d\BinProductVersion

Details: 1.0.0.562

User: NT AUTHORITY\SYSTEM",Info,,,,,,,,{f57bd86a-ac8b-658c-d301-000000000f00},3588,1336,,,,,,"
      ",InvDB-Ver,,,,,,2023-12-27T23:00:29.4657686Z,,\REGISTRY\A\{b3b14332-edc6-625a-c682-62677f6d06d4}\Root\InventoryApplicationFile\goto opener.exe|53a8744b6fbc8b8d\BinProductVersion,Registry value set (rule: RegistryEvent),,5124,NT AUTHORITY\SYSTEM,S-1-5-18,2023-12-27 23:00:29.460,2,"<Event xmlns=""http://schemas.microsoft.com/win/2004/08/events/event"">
    <System>
      <Provider Name=""Microsoft-Windows-Sysmon"" Guid=""{5770385f-c22a-43e0-bf4c-06f5698ffbd9}""/>
      <EventID>13</EventID>
      <Version>2</Version>
      <Level>4</Level>
      <Task>13</Task>
      <Opcode>0</Opcode>
      <Keywords>0x8000000000000000</Keywords>
      <TimeCreated SystemTime=""2023-12-27T23:00:29.4657686Z""/>
      <EventRecordID>19691</EventRecordID>
      <Correlation/>
      <Execution ProcessID=""3588"" ThreadID=""5124""/>
      <Channel>Microsoft-Windows-Sysmon/Operational</Channel>
      <Computer>WinDev2309Eval</Computer>
      <Security UserID=""S-1-5-18""/>
    </System>
    <EventData>
      <Data Name=""RuleName"">InvDB-Ver</Data>
      <Data Name=""EventType"">SetValue</Data>
      <Data Name=""UtcTime"">2023-12-27 23:00:29.460</Data>
      <Data Name=""ProcessGuid"">{f57bd86a-ac8b-658c-d301-000000000f00}</Data>
      <Data Name=""ProcessId"">1336</Data>
      <Data Name=""Image"">C:\Windows\system32\compattelrunner.exe</Data>
      <Data Name=""TargetObject"">\REGISTRY\A\{b3b14332-edc6-625a-c682-62677f6d06d4}\Root\InventoryApplicationFile\goto opener.exe|53a8744b6fbc8b8d\BinProductVersion</Data>
      <Data Name=""Details"">1.0.0.562</Data>
      <Data Name=""User"">NT AUTHORITY\SYSTEM</Data>
    </EventData>
    <RenderingInfo Culture=""en-US"">
      <Message>Registry value set:

RuleName: InvDB-Ver

EventType: SetValue

UtcTime: 2023-12-27 23:00:29.460

ProcessGuid: {f57bd86a-ac8b-658c-d301-000000000f00}

ProcessId: 1336

Image: C:\Windows\system32\compattelrunner.exe

TargetObject: \REGISTRY\A\{b3b14332-edc6-625a-c682-62677f6d06d4}\Root\InventoryApplicationFile\goto opener.exe|53a8744b6fbc8b8d\BinProductVersion

Details: 1.0.0.562

User: NT AUTHORITY\SYSTEM</Message>
      <Level>Information</Level>
      <Task>Registry value set (rule: RegistryEvent)</Task>
      <Opcode>Info</Opcode>
    </RenderingInfo>
  </Event>
  
"
Microsoft-Windows-Sysmon/Operational,,,WinDev2309Eval,,,,,,,,,04/06/2022 15:34:04,13,19690,SetValue,,,C:\Windows\system32\compattelrunner.exe,,,0x8000000000000000,Information,,,"Registry value set:

RuleName: InvDB-CompileTimeClaim

EventType: SetValue

UtcTime: 2023-12-27 23:00:29.460

ProcessGuid: {f57bd86a-ac8b-658c-d301-000000000f00}

ProcessId: 1336

Image: C:\Windows\system32\compattelrunner.exe

TargetObject: \REGISTRY\A\{b3b14332-edc6-625a-c682-62677f6d06d4}\Root\InventoryApplicationFile\goto opener.exe|53a8744b6fbc8b8d\LinkDate

Details: 04/06/2022 15:34:04

User: NT AUTHORITY\SYSTEM",Info,,,,,,,,{f57bd86a-ac8b-658c-d301-000000000f00},3588,1336,,,,,,"
      ",InvDB-CompileTimeClaim,,,,,,2023-12-27T23:00:29.4657088Z,,\REGISTRY\A\{b3b14332-edc6-625a-c682-62677f6d06d4}\Root\InventoryApplicationFile\goto opener.exe|53a8744b6fbc8b8d\LinkDate,Registry value set (rule: RegistryEvent),,5124,NT AUTHORITY\SYSTEM,S-1-5-18,2023-12-27 23:00:29.460,2,"<Event xmlns=""http://schemas.microsoft.com/win/2004/08/events/event"">
    <System>
      <Provider Name=""Microsoft-Windows-Sysmon"" Guid=""{5770385f-c22a-43e0-bf4c-06f5698ffbd9}""/>
      <EventID>13</EventID>
      <Version>2</Version>
      <Level>4</Level>
      <Task>13</Task>
      <Opcode>0</Opcode>
      <Keywords>0x8000000000000000</Keywords>
      <TimeCreated SystemTime=""2023-12-27T23:00:29.4657088Z""/>
      <EventRecordID>19690</EventRecordID>
      <Correlation/>
      <Execution ProcessID=""3588"" ThreadID=""5124""/>
      <Channel>Microsoft-Windows-Sysmon/Operational</Channel>
      <Computer>WinDev2309Eval</Computer>
      <Security UserID=""S-1-5-18""/>
    </System>
    <EventData>
      <Data Name=""RuleName"">InvDB-CompileTimeClaim</Data>
      <Data Name=""EventType"">SetValue</Data>
      <Data Name=""UtcTime"">2023-12-27 23:00:29.460</Data>
      <Data Name=""ProcessGuid"">{f57bd86a-ac8b-658c-d301-000000000f00}</Data>
      <Data Name=""ProcessId"">1336</Data>
      <Data Name=""Image"">C:\Windows\system32\compattelrunner.exe</Data>
      <Data Name=""TargetObject"">\REGISTRY\A\{b3b14332-edc6-625a-c682-62677f6d06d4}\Root\InventoryApplicationFile\goto opener.exe|53a8744b6fbc8b8d\LinkDate</Data>
      <Data Name=""Details"">04/06/2022 15:34:04</Data>
      <Data Name=""User"">NT AUTHORITY\SYSTEM</Data>
    </EventData>
    <RenderingInfo Culture=""en-US"">
      <Message>Registry value set:

RuleName: InvDB-CompileTimeClaim

EventType: SetValue

UtcTime: 2023-12-27 23:00:29.460

ProcessGuid: {f57bd86a-ac8b-658c-d301-000000000f00}

ProcessId: 1336

Image: C:\Windows\system32\compattelrunner.exe

TargetObject: \REGISTRY\A\{b3b14332-edc6-625a-c682-62677f6d06d4}\Root\InventoryApplicationFile\goto opener.exe|53a8744b6fbc8b8d\LinkDate

Details: 04/06/2022 15:34:04

User: NT AUTHORITY\SYSTEM</Message>
      <Level>Information</Level>
      <Task>Registry value set (rule: RegistryEvent)</Task>
      <Opcode>Info</Opcode>
    </RenderingInfo>
  </Event>
  
"
Microsoft-Windows-Sysmon/Operational,,,WinDev2309Eval,,,,,,,,,"logmein, inc.",13,19689,SetValue,,,C:\Windows\system32\compattelrunner.exe,,,0x8000000000000000,Information,,,"Registry value set:

RuleName: InvDB-Pub

EventType: SetValue

UtcTime: 2023-12-27 23:00:29.460

ProcessGuid: {f57bd86a-ac8b-658c-d301-000000000f00}

ProcessId: 1336

Image: C:\Windows\system32\compattelrunner.exe

TargetObject: \REGISTRY\A\{b3b14332-edc6-625a-c682-62677f6d06d4}\Root\InventoryApplicationFile\goto opener.exe|53a8744b6fbc8b8d\Publisher

Details: logmein, inc.

User: NT AUTHORITY\SYSTEM",Info,,,,,,,,{f57bd86a-ac8b-658c-d301-000000000f00},3588,1336,,,,,,"
      ",InvDB-Pub,,,,,,2023-12-27T23:00:29.4653552Z,,\REGISTRY\A\{b3b14332-edc6-625a-c682-62677f6d06d4}\Root\InventoryApplicationFile\goto opener.exe|53a8744b6fbc8b8d\Publisher,Registry value set (rule: RegistryEvent),,5124,NT AUTHORITY\SYSTEM,S-1-5-18,2023-12-27 23:00:29.460,2,"<Event xmlns=""http://schemas.microsoft.com/win/2004/08/events/event"">
    <System>
      <Provider Name=""Microsoft-Windows-Sysmon"" Guid=""{5770385f-c22a-43e0-bf4c-06f5698ffbd9}""/>
      <EventID>13</EventID>
      <Version>2</Version>
      <Level>4</Level>
      <Task>13</Task>
      <Opcode>0</Opcode>
      <Keywords>0x8000000000000000</Keywords>
      <TimeCreated SystemTime=""2023-12-27T23:00:29.4653552Z""/>
      <EventRecordID>19689</EventRecordID>
      <Correlation/>
      <Execution ProcessID=""3588"" ThreadID=""5124""/>
      <Channel>Microsoft-Windows-Sysmon/Operational</Channel>
      <Computer>WinDev2309Eval</Computer>
      <Security UserID=""S-1-5-18""/>
    </System>
    <EventData>
      <Data Name=""RuleName"">InvDB-Pub</Data>
      <Data Name=""EventType"">SetValue</Data>
      <Data Name=""UtcTime"">2023-12-27 23:00:29.460</Data>
      <Data Name=""ProcessGuid"">{f57bd86a-ac8b-658c-d301-000000000f00}</Data>
      <Data Name=""ProcessId"">1336</Data>
      <Data Name=""Image"">C:\Windows\system32\compattelrunner.exe</Data>
      <Data Name=""TargetObject"">\REGISTRY\A\{b3b14332-edc6-625a-c682-62677f6d06d4}\Root\InventoryApplicationFile\goto opener.exe|53a8744b6fbc8b8d\Publisher</Data>
      <Data Name=""Details"">logmein, inc.</Data>
      <Data Name=""User"">NT AUTHORITY\SYSTEM</Data>
    </EventData>
    <RenderingInfo Culture=""en-US"">
      <Message>Registry value set:

RuleName: InvDB-Pub

EventType: SetValue

UtcTime: 2023-12-27 23:00:29.460

ProcessGuid: {f57bd86a-ac8b-658c-d301-000000000f00}

ProcessId: 1336

Image: C:\Windows\system32\compattelrunner.exe

TargetObject: \REGISTRY\A\{b3b14332-edc6-625a-c682-62677f6d06d4}\Root\InventoryApplicationFile\goto opener.exe|53a8744b6fbc8b8d\Publisher

Details: logmein, inc.

User: NT AUTHORITY\SYSTEM</Message>
      <Level>Information</Level>
      <Task>Registry value set (rule: RegistryEvent)</Task>
      <Opcode>Info</Opcode>
    </RenderingInfo>
  </Event>
  
"
Microsoft-Windows-Sysmon/Operational,,,WinDev2309Eval,,,,,,,,,c:\users\user\appdata\local\temp\06db06c4-b670-4618-83d4-aa7e179e152e\goto opener.exe,13,19688,SetValue,,,C:\Windows\system32\compattelrunner.exe,,,0x8000000000000000,Information,,,"Registry value set:

RuleName: InvDB-Path

EventType: SetValue

UtcTime: 2023-12-27 23:00:29.460

ProcessGuid: {f57bd86a-ac8b-658c-d301-000000000f00}

ProcessId: 1336

Image: C:\Windows\system32\compattelrunner.exe

TargetObject: \REGISTRY\A\{b3b14332-edc6-625a-c682-62677f6d06d4}\Root\InventoryApplicationFile\goto opener.exe|53a8744b6fbc8b8d\LowerCaseLongPath

Details: c:\users\user\appdata\local\temp\06db06c4-b670-4618-83d4-aa7e179e152e\goto opener.exe

User: NT AUTHORITY\SYSTEM",Info,,,,,,,,{f57bd86a-ac8b-658c-d301-000000000f00},3588,1336,,,,,,"
      ",InvDB-Path,,,,,,2023-12-27T23:00:29.4651635Z,,\REGISTRY\A\{b3b14332-edc6-625a-c682-62677f6d06d4}\Root\InventoryApplicationFile\goto opener.exe|53a8744b6fbc8b8d\LowerCaseLongPath,Registry value set (rule: RegistryEvent),,5124,NT AUTHORITY\SYSTEM,S-1-5-18,2023-12-27 23:00:29.460,2,"<Event xmlns=""http://schemas.microsoft.com/win/2004/08/events/event"">
    <System>
      <Provider Name=""Microsoft-Windows-Sysmon"" Guid=""{5770385f-c22a-43e0-bf4c-06f5698ffbd9}""/>
      <EventID>13</EventID>
      <Version>2</Version>
      <Level>4</Level>
      <Task>13</Task>
      <Opcode>0</Opcode>
      <Keywords>0x8000000000000000</Keywords>
      <TimeCreated SystemTime=""2023-12-27T23:00:29.4651635Z""/>
      <EventRecordID>19688</EventRecordID>
      <Correlation/>
      <Execution ProcessID=""3588"" ThreadID=""5124""/>
      <Channel>Microsoft-Windows-Sysmon/Operational</Channel>
      <Computer>WinDev2309Eval</Computer>
      <Security UserID=""S-1-5-18""/>
    </System>
    <EventData>
      <Data Name=""RuleName"">InvDB-Path</Data>
      <Data Name=""EventType"">SetValue</Data>
      <Data Name=""UtcTime"">2023-12-27 23:00:29.460</Data>
      <Data Name=""ProcessGuid"">{f57bd86a-ac8b-658c-d301-000000000f00}</Data>
      <Data Name=""ProcessId"">1336</Data>
      <Data Name=""Image"">C:\Windows\system32\compattelrunner.exe</Data>
      <Data Name=""TargetObject"">\REGISTRY\A\{b3b14332-edc6-625a-c682-62677f6d06d4}\Root\InventoryApplicationFile\goto opener.exe|53a8744b6fbc8b8d\LowerCaseLongPath</Data>
      <Data Name=""Details"">c:\users\user\appdata\local\temp\06db06c4-b670-4618-83d4-aa7e179e152e\goto opener.exe</Data>
      <Data Name=""User"">NT AUTHORITY\SYSTEM</Data>
    </EventData>
    <RenderingInfo Culture=""en-US"">
      <Message>Registry value set:

RuleName: InvDB-Path

EventType: SetValue

UtcTime: 2023-12-27 23:00:29.460

ProcessGuid: {f57bd86a-ac8b-658c-d301-000000000f00}

ProcessId: 1336

Image: C:\Windows\system32\compattelrunner.exe

TargetObject: \REGISTRY\A\{b3b14332-edc6-625a-c682-62677f6d06d4}\Root\InventoryApplicationFile\goto opener.exe|53a8744b6fbc8b8d\LowerCaseLongPath

Details: c:\users\user\appdata\local\temp\06db06c4-b670-4618-83d4-aa7e179e152e\goto opener.exe

User: NT AUTHORITY\SYSTEM</Message>
      <Level>Information</Level>
      <Task>Registry value set (rule: RegistryEvent)</Task>
      <Opcode>Info</Opcode>
    </RenderingInfo>
  </Event>
  
"
Microsoft-Windows-Sysmon/Operational,,,WinDev2309Eval,,,,,,,,,"LogMeIn, Inc.",13,19687,SetValue,,,C:\Windows\system32\compattelrunner.exe,,,0x8000000000000000,Information,,,"Registry value set:

RuleName: InvDB-Pub

EventType: SetValue

UtcTime: 2023-12-27 23:00:29.460

ProcessGuid: {f57bd86a-ac8b-658c-d301-000000000f00}

ProcessId: 1336

Image: C:\Windows\system32\compattelrunner.exe

TargetObject: \REGISTRY\A\{b3b14332-edc6-625a-c682-62677f6d06d4}\Root\InventoryApplication\000075f951a9cd4b4b45d7a45e94af3f980300000904\Publisher

Details: LogMeIn, Inc.

User: NT AUTHORITY\SYSTEM",Info,,,,,,,,{f57bd86a-ac8b-658c-d301-000000000f00},3588,1336,,,,,,"
      ",InvDB-Pub,,,,,,2023-12-27T23:00:29.4640756Z,,\REGISTRY\A\{b3b14332-edc6-625a-c682-62677f6d06d4}\Root\InventoryApplication\000075f951a9cd4b4b45d7a45e94af3f980300000904\Publisher,Registry value set (rule: RegistryEvent),,5124,NT AUTHORITY\SYSTEM,S-1-5-18,2023-12-27 23:00:29.460,2,"<Event xmlns=""http://schemas.microsoft.com/win/2004/08/events/event"">
    <System>
      <Provider Name=""Microsoft-Windows-Sysmon"" Guid=""{5770385f-c22a-43e0-bf4c-06f5698ffbd9}""/>
      <EventID>13</EventID>
      <Version>2</Version>
      <Level>4</Level>
      <Task>13</Task>
      <Opcode>0</Opcode>
      <Keywords>0x8000000000000000</Keywords>
      <TimeCreated SystemTime=""2023-12-27T23:00:29.4640756Z""/>
      <EventRecordID>19687</EventRecordID>
      <Correlation/>
      <Execution ProcessID=""3588"" ThreadID=""5124""/>
      <Channel>Microsoft-Windows-Sysmon/Operational</Channel>
      <Computer>WinDev2309Eval</Computer>
      <Security UserID=""S-1-5-18""/>
    </System>
    <EventData>
      <Data Name=""RuleName"">InvDB-Pub</Data>
      <Data Name=""EventType"">SetValue</Data>
      <Data Name=""UtcTime"">2023-12-27 23:00:29.460</Data>
      <Data Name=""ProcessGuid"">{f57bd86a-ac8b-658c-d301-000000000f00}</Data>
      <Data Name=""ProcessId"">1336</Data>
      <Data Name=""Image"">C:\Windows\system32\compattelrunner.exe</Data>
      <Data Name=""TargetObject"">\REGISTRY\A\{b3b14332-edc6-625a-c682-62677f6d06d4}\Root\InventoryApplication\000075f951a9cd4b4b45d7a45e94af3f980300000904\Publisher</Data>
      <Data Name=""Details"">LogMeIn, Inc.</Data>
      <Data Name=""User"">NT AUTHORITY\SYSTEM</Data>
    </EventData>
    <RenderingInfo Culture=""en-US"">
      <Message>Registry value set:

RuleName: InvDB-Pub

EventType: SetValue

UtcTime: 2023-12-27 23:00:29.460

ProcessGuid: {f57bd86a-ac8b-658c-d301-000000000f00}

ProcessId: 1336

Image: C:\Windows\system32\compattelrunner.exe

TargetObject: \REGISTRY\A\{b3b14332-edc6-625a-c682-62677f6d06d4}\Root\InventoryApplication\000075f951a9cd4b4b45d7a45e94af3f980300000904\Publisher

Details: LogMeIn, Inc.

User: NT AUTHORITY\SYSTEM</Message>
      <Level>Information</Level>
      <Task>Registry value set (rule: RegistryEvent)</Task>
      <Opcode>Info</Opcode>
    </RenderingInfo>
  </Event>
  
"
