Microsoft-Windows-Sysmon/Operational,"""C:\Windows\System32\WScript.exe"" ""C:\AtomicRedTeam\atomics\T1218.011\src\akteullen.vbs"" ",Microsoft Corporation,WinDev2309Eval,,C:\Users\User\AppData\Local\Temp\,Microsoft ® Windows Based Script Host,,,,,,1,19601,5.812.10240.16384,"MD5=CD3C1773CEF2611325FA884926090538,SHA256=7478B567C9EC9A1E1061F9C6DB2993FCDC2EC4E8FB5CA6DA80FA307B54116E69,IMPHASH=ACD7356FA52D4E2866A873BF9AB94256",C:\Windows\System32\wscript.exe,,Medium,0x8000000000000000,Information,{f57bd86a-36f9-658c-7bf8-020000000000},0x2f87b,"Process Create:

RuleName: -

UtcTime: 2023-12-27 22:48:34.860

ProcessGuid: {f57bd86a-a9c2-658c-ea01-000000000f00}

ProcessId: 5316

Image: C:\Windows\System32\wscript.exe

FileVersion: 5.812.10240.16384

Description: Microsoft ® Windows Based Script Host

Product: Microsoft ® Windows Script Host

Company: Microsoft Corporation

OriginalFileName: wscript.exe

CommandLine: ""C:\Windows\System32\WScript.exe"" ""C:\AtomicRedTeam\atomics\T1218.011\src\akteullen.vbs"" 

CurrentDirectory: C:\Users\User\AppData\Local\Temp\

User: WINDEV2309EVAL\User

LogonGuid: {f57bd86a-36f9-658c-7bf8-020000000000}

LogonId: 0x2F87B

TerminalSessionId: 1

IntegrityLevel: Medium

Hashes: MD5=CD3C1773CEF2611325FA884926090538,SHA256=7478B567C9EC9A1E1061F9C6DB2993FCDC2EC4E8FB5CA6DA80FA307B54116E69,IMPHASH=ACD7356FA52D4E2866A873BF9AB94256

ParentProcessGuid: {f57bd86a-a9c0-658c-e901-000000000f00}

ParentProcessId: 5924

ParentImage: C:\Windows\System32\rundll32.exe

ParentCommandLine: rundll32.exe  URL.dll,FileProtocolHandler ""C:\AtomicRedTeam\atomics\T1218.011\src\akteullen.vbs""

ParentUser: WINDEV2309EVAL\User",Info,wscript.exe,"rundll32.exe  URL.dll,FileProtocolHandler ""C:\AtomicRedTeam\atomics\T1218.011\src\akteullen.vbs""",C:\Windows\System32\rundll32.exe,{f57bd86a-a9c0-658c-e901-000000000f00},5924,WINDEV2309EVAL\User,{f57bd86a-a9c2-658c-ea01-000000000f00},3588,5316,Microsoft ® Windows Script Host,,,,,"
      ",-,,,,,,2023-12-27T22:48:34.8622996Z,,Process Create (rule: ProcessCreate),1,5124,WINDEV2309EVAL\User,S-1-5-18,2023-12-27 22:48:34.860,5,"<Event xmlns=""http://schemas.microsoft.com/win/2004/08/events/event"">
    <System>
      <Provider Name=""Microsoft-Windows-Sysmon"" Guid=""{5770385f-c22a-43e0-bf4c-06f5698ffbd9}""/>
      <EventID>1</EventID>
      <Version>5</Version>
      <Level>4</Level>
      <Task>1</Task>
      <Opcode>0</Opcode>
      <Keywords>0x8000000000000000</Keywords>
      <TimeCreated SystemTime=""2023-12-27T22:48:34.8622996Z""/>
      <EventRecordID>19601</EventRecordID>
      <Correlation/>
      <Execution ProcessID=""3588"" ThreadID=""5124""/>
      <Channel>Microsoft-Windows-Sysmon/Operational</Channel>
      <Computer>WinDev2309Eval</Computer>
      <Security UserID=""S-1-5-18""/>
    </System>
    <EventData>
      <Data Name=""RuleName"">-</Data>
      <Data Name=""UtcTime"">2023-12-27 22:48:34.860</Data>
      <Data Name=""ProcessGuid"">{f57bd86a-a9c2-658c-ea01-000000000f00}</Data>
      <Data Name=""ProcessId"">5316</Data>
      <Data Name=""Image"">C:\Windows\System32\wscript.exe</Data>
      <Data Name=""FileVersion"">5.812.10240.16384</Data>
      <Data Name=""Description"">Microsoft &#174; Windows Based Script Host</Data>
      <Data Name=""Product"">Microsoft &#174; Windows Script Host</Data>
      <Data Name=""Company"">Microsoft Corporation</Data>
      <Data Name=""OriginalFileName"">wscript.exe</Data>
      <Data Name=""CommandLine"">""C:\Windows\System32\WScript.exe"" ""C:\AtomicRedTeam\atomics\T1218.011\src\akteullen.vbs"" </Data>
      <Data Name=""CurrentDirectory"">C:\Users\User\AppData\Local\Temp\</Data>
      <Data Name=""User"">WINDEV2309EVAL\User</Data>
      <Data Name=""LogonGuid"">{f57bd86a-36f9-658c-7bf8-020000000000}</Data>
      <Data Name=""LogonId"">0x2f87b</Data>
      <Data Name=""TerminalSessionId"">1</Data>
      <Data Name=""IntegrityLevel"">Medium</Data>
      <Data Name=""Hashes"">MD5=CD3C1773CEF2611325FA884926090538,SHA256=7478B567C9EC9A1E1061F9C6DB2993FCDC2EC4E8FB5CA6DA80FA307B54116E69,IMPHASH=ACD7356FA52D4E2866A873BF9AB94256</Data>
      <Data Name=""ParentProcessGuid"">{f57bd86a-a9c0-658c-e901-000000000f00}</Data>
      <Data Name=""ParentProcessId"">5924</Data>
      <Data Name=""ParentImage"">C:\Windows\System32\rundll32.exe</Data>
      <Data Name=""ParentCommandLine"">rundll32.exe  URL.dll,FileProtocolHandler ""C:\AtomicRedTeam\atomics\T1218.011\src\akteullen.vbs""</Data>
      <Data Name=""ParentUser"">WINDEV2309EVAL\User</Data>
    </EventData>
    <RenderingInfo Culture=""en-US"">
      <Message>Process Create:

RuleName: -

UtcTime: 2023-12-27 22:48:34.860

ProcessGuid: {f57bd86a-a9c2-658c-ea01-000000000f00}

ProcessId: 5316

Image: C:\Windows\System32\wscript.exe

FileVersion: 5.812.10240.16384

Description: Microsoft &#174; Windows Based Script Host

Product: Microsoft &#174; Windows Script Host

Company: Microsoft Corporation

OriginalFileName: wscript.exe

CommandLine: ""C:\Windows\System32\WScript.exe"" ""C:\AtomicRedTeam\atomics\T1218.011\src\akteullen.vbs"" 

CurrentDirectory: C:\Users\User\AppData\Local\Temp\

User: WINDEV2309EVAL\User

LogonGuid: {f57bd86a-36f9-658c-7bf8-020000000000}

LogonId: 0x2F87B

TerminalSessionId: 1

IntegrityLevel: Medium

Hashes: MD5=CD3C1773CEF2611325FA884926090538,SHA256=7478B567C9EC9A1E1061F9C6DB2993FCDC2EC4E8FB5CA6DA80FA307B54116E69,IMPHASH=ACD7356FA52D4E2866A873BF9AB94256

ParentProcessGuid: {f57bd86a-a9c0-658c-e901-000000000f00}

ParentProcessId: 5924

ParentImage: C:\Windows\System32\rundll32.exe

ParentCommandLine: rundll32.exe  URL.dll,FileProtocolHandler ""C:\AtomicRedTeam\atomics\T1218.011\src\akteullen.vbs""

ParentUser: WINDEV2309EVAL\User</Message>
      <Level>Information</Level>
      <Task>Process Create (rule: ProcessCreate)</Task>
      <Opcode>Info</Opcode>
    </RenderingInfo>
  </Event>
  
"
Microsoft-Windows-Sysmon/Operational,"rundll32.exe  URL.dll,FileProtocolHandler ""C:\AtomicRedTeam\atomics\T1218.011\src\akteullen.vbs""",Microsoft Corporation,WinDev2309Eval,,C:\Users\User\AppData\Local\Temp\,Windows host process (Rundll32),,,,,,1,19600,10.0.22621.1 (WinBuild.160101.0800),"MD5=57A6B4BDF247C1A6CA08AC09A8F9B742,SHA256=98D37EFF504A7ADB864131EA4A042AAF4D79C4356960A8AB2FA656CC59AEC014,IMPHASH=5C68DE198B5D2DD5C1129782AD19676C",C:\Windows\System32\rundll32.exe,,Medium,0x8000000000000000,Information,{f57bd86a-36f9-658c-7bf8-020000000000},0x2f87b,"Process Create:

RuleName: -

UtcTime: 2023-12-27 22:48:32.798

ProcessGuid: {f57bd86a-a9c0-658c-e901-000000000f00}

ProcessId: 5924

Image: C:\Windows\System32\rundll32.exe

FileVersion: 10.0.22621.1 (WinBuild.160101.0800)

Description: Windows host process (Rundll32)

Product: Microsoft® Windows® Operating System

Company: Microsoft Corporation

OriginalFileName: RUNDLL32.EXE

CommandLine: rundll32.exe  URL.dll,FileProtocolHandler ""C:\AtomicRedTeam\atomics\T1218.011\src\akteullen.vbs""

CurrentDirectory: C:\Users\User\AppData\Local\Temp\

User: WINDEV2309EVAL\User

LogonGuid: {f57bd86a-36f9-658c-7bf8-020000000000}

LogonId: 0x2F87B

TerminalSessionId: 1

IntegrityLevel: Medium

Hashes: MD5=57A6B4BDF247C1A6CA08AC09A8F9B742,SHA256=98D37EFF504A7ADB864131EA4A042AAF4D79C4356960A8AB2FA656CC59AEC014,IMPHASH=5C68DE198B5D2DD5C1129782AD19676C

ParentProcessGuid: {f57bd86a-a9c0-658c-e601-000000000f00}

ParentProcessId: 3912

ParentImage: C:\Windows\System32\cmd.exe

ParentCommandLine: ""cmd.exe"" /c rundll32.exe url.dll,OpenURL ""C:\AtomicRedTeam\atomics\T1218.011\src\index.hta"" & rundll32.exe URL.dll,FileProtocolHandler ""C:\AtomicRedTeam\atomics\T1218.011\src\akteullen.vbs""

ParentUser: WINDEV2309EVAL\User",Info,RUNDLL32.EXE,"""cmd.exe"" /c rundll32.exe url.dll,OpenURL ""C:\AtomicRedTeam\atomics\T1218.011\src\index.hta"" & rundll32.exe URL.dll,FileProtocolHandler ""C:\AtomicRedTeam\atomics\T1218.011\src\akteullen.vbs""",C:\Windows\System32\cmd.exe,{f57bd86a-a9c0-658c-e601-000000000f00},3912,WINDEV2309EVAL\User,{f57bd86a-a9c0-658c-e901-000000000f00},3588,5924,Microsoft® Windows® Operating System,,,,,"
      ",-,,,,,,2023-12-27T22:48:32.7991875Z,,Process Create (rule: ProcessCreate),1,5124,WINDEV2309EVAL\User,S-1-5-18,2023-12-27 22:48:32.798,5,"<Event xmlns=""http://schemas.microsoft.com/win/2004/08/events/event"">
    <System>
      <Provider Name=""Microsoft-Windows-Sysmon"" Guid=""{5770385f-c22a-43e0-bf4c-06f5698ffbd9}""/>
      <EventID>1</EventID>
      <Version>5</Version>
      <Level>4</Level>
      <Task>1</Task>
      <Opcode>0</Opcode>
      <Keywords>0x8000000000000000</Keywords>
      <TimeCreated SystemTime=""2023-12-27T22:48:32.7991875Z""/>
      <EventRecordID>19600</EventRecordID>
      <Correlation/>
      <Execution ProcessID=""3588"" ThreadID=""5124""/>
      <Channel>Microsoft-Windows-Sysmon/Operational</Channel>
      <Computer>WinDev2309Eval</Computer>
      <Security UserID=""S-1-5-18""/>
    </System>
    <EventData>
      <Data Name=""RuleName"">-</Data>
      <Data Name=""UtcTime"">2023-12-27 22:48:32.798</Data>
      <Data Name=""ProcessGuid"">{f57bd86a-a9c0-658c-e901-000000000f00}</Data>
      <Data Name=""ProcessId"">5924</Data>
      <Data Name=""Image"">C:\Windows\System32\rundll32.exe</Data>
      <Data Name=""FileVersion"">10.0.22621.1 (WinBuild.160101.0800)</Data>
      <Data Name=""Description"">Windows host process (Rundll32)</Data>
      <Data Name=""Product"">Microsoft&#174; Windows&#174; Operating System</Data>
      <Data Name=""Company"">Microsoft Corporation</Data>
      <Data Name=""OriginalFileName"">RUNDLL32.EXE</Data>
      <Data Name=""CommandLine"">rundll32.exe  URL.dll,FileProtocolHandler ""C:\AtomicRedTeam\atomics\T1218.011\src\akteullen.vbs""</Data>
      <Data Name=""CurrentDirectory"">C:\Users\User\AppData\Local\Temp\</Data>
      <Data Name=""User"">WINDEV2309EVAL\User</Data>
      <Data Name=""LogonGuid"">{f57bd86a-36f9-658c-7bf8-020000000000}</Data>
      <Data Name=""LogonId"">0x2f87b</Data>
      <Data Name=""TerminalSessionId"">1</Data>
      <Data Name=""IntegrityLevel"">Medium</Data>
      <Data Name=""Hashes"">MD5=57A6B4BDF247C1A6CA08AC09A8F9B742,SHA256=98D37EFF504A7ADB864131EA4A042AAF4D79C4356960A8AB2FA656CC59AEC014,IMPHASH=5C68DE198B5D2DD5C1129782AD19676C</Data>
      <Data Name=""ParentProcessGuid"">{f57bd86a-a9c0-658c-e601-000000000f00}</Data>
      <Data Name=""ParentProcessId"">3912</Data>
      <Data Name=""ParentImage"">C:\Windows\System32\cmd.exe</Data>
      <Data Name=""ParentCommandLine"">""cmd.exe"" /c rundll32.exe url.dll,OpenURL ""C:\AtomicRedTeam\atomics\T1218.011\src\index.hta"" &amp; rundll32.exe URL.dll,FileProtocolHandler ""C:\AtomicRedTeam\atomics\T1218.011\src\akteullen.vbs""</Data>
      <Data Name=""ParentUser"">WINDEV2309EVAL\User</Data>
    </EventData>
    <RenderingInfo Culture=""en-US"">
      <Message>Process Create:

RuleName: -

UtcTime: 2023-12-27 22:48:32.798

ProcessGuid: {f57bd86a-a9c0-658c-e901-000000000f00}

ProcessId: 5924

Image: C:\Windows\System32\rundll32.exe

FileVersion: 10.0.22621.1 (WinBuild.160101.0800)

Description: Windows host process (Rundll32)

Product: Microsoft&#174; Windows&#174; Operating System

Company: Microsoft Corporation

OriginalFileName: RUNDLL32.EXE

CommandLine: rundll32.exe  URL.dll,FileProtocolHandler ""C:\AtomicRedTeam\atomics\T1218.011\src\akteullen.vbs""

CurrentDirectory: C:\Users\User\AppData\Local\Temp\

User: WINDEV2309EVAL\User

LogonGuid: {f57bd86a-36f9-658c-7bf8-020000000000}

LogonId: 0x2F87B

TerminalSessionId: 1

IntegrityLevel: Medium

Hashes: MD5=57A6B4BDF247C1A6CA08AC09A8F9B742,SHA256=98D37EFF504A7ADB864131EA4A042AAF4D79C4356960A8AB2FA656CC59AEC014,IMPHASH=5C68DE198B5D2DD5C1129782AD19676C

ParentProcessGuid: {f57bd86a-a9c0-658c-e601-000000000f00}

ParentProcessId: 3912

ParentImage: C:\Windows\System32\cmd.exe

ParentCommandLine: ""cmd.exe"" /c rundll32.exe url.dll,OpenURL ""C:\AtomicRedTeam\atomics\T1218.011\src\index.hta"" &amp; rundll32.exe URL.dll,FileProtocolHandler ""C:\AtomicRedTeam\atomics\T1218.011\src\akteullen.vbs""

ParentUser: WINDEV2309EVAL\User</Message>
      <Level>Information</Level>
      <Task>Process Create (rule: ProcessCreate)</Task>
      <Opcode>Info</Opcode>
    </RenderingInfo>
  </Event>
  
"
Microsoft-Windows-Sysmon/Operational,"rundll32.exe  url.dll,OpenURL ""C:\AtomicRedTeam\atomics\T1218.011\src\index.hta"" ",Microsoft Corporation,WinDev2309Eval,,C:\Users\User\AppData\Local\Temp\,Windows host process (Rundll32),,,,,,1,19599,10.0.22621.1 (WinBuild.160101.0800),"MD5=57A6B4BDF247C1A6CA08AC09A8F9B742,SHA256=98D37EFF504A7ADB864131EA4A042AAF4D79C4356960A8AB2FA656CC59AEC014,IMPHASH=5C68DE198B5D2DD5C1129782AD19676C",C:\Windows\System32\rundll32.exe,,Medium,0x8000000000000000,Information,{f57bd86a-36f9-658c-7bf8-020000000000},0x2f87b,"Process Create:

RuleName: -

UtcTime: 2023-12-27 22:48:32.706

ProcessGuid: {f57bd86a-a9c0-658c-e801-000000000f00}

ProcessId: 2736

Image: C:\Windows\System32\rundll32.exe

FileVersion: 10.0.22621.1 (WinBuild.160101.0800)

Description: Windows host process (Rundll32)

Product: Microsoft® Windows® Operating System

Company: Microsoft Corporation

OriginalFileName: RUNDLL32.EXE

CommandLine: rundll32.exe  url.dll,OpenURL ""C:\AtomicRedTeam\atomics\T1218.011\src\index.hta"" 

CurrentDirectory: C:\Users\User\AppData\Local\Temp\

User: WINDEV2309EVAL\User

LogonGuid: {f57bd86a-36f9-658c-7bf8-020000000000}

LogonId: 0x2F87B

TerminalSessionId: 1

IntegrityLevel: Medium

Hashes: MD5=57A6B4BDF247C1A6CA08AC09A8F9B742,SHA256=98D37EFF504A7ADB864131EA4A042AAF4D79C4356960A8AB2FA656CC59AEC014,IMPHASH=5C68DE198B5D2DD5C1129782AD19676C

ParentProcessGuid: {f57bd86a-a9c0-658c-e601-000000000f00}

ParentProcessId: 3912

ParentImage: C:\Windows\System32\cmd.exe

ParentCommandLine: ""cmd.exe"" /c rundll32.exe url.dll,OpenURL ""C:\AtomicRedTeam\atomics\T1218.011\src\index.hta"" & rundll32.exe URL.dll,FileProtocolHandler ""C:\AtomicRedTeam\atomics\T1218.011\src\akteullen.vbs""

ParentUser: WINDEV2309EVAL\User",Info,RUNDLL32.EXE,"""cmd.exe"" /c rundll32.exe url.dll,OpenURL ""C:\AtomicRedTeam\atomics\T1218.011\src\index.hta"" & rundll32.exe URL.dll,FileProtocolHandler ""C:\AtomicRedTeam\atomics\T1218.011\src\akteullen.vbs""",C:\Windows\System32\cmd.exe,{f57bd86a-a9c0-658c-e601-000000000f00},3912,WINDEV2309EVAL\User,{f57bd86a-a9c0-658c-e801-000000000f00},3588,2736,Microsoft® Windows® Operating System,,,,,"
      ",-,,,,,,2023-12-27T22:48:32.7072005Z,,Process Create (rule: ProcessCreate),1,5124,WINDEV2309EVAL\User,S-1-5-18,2023-12-27 22:48:32.706,5,"<Event xmlns=""http://schemas.microsoft.com/win/2004/08/events/event"">
    <System>
      <Provider Name=""Microsoft-Windows-Sysmon"" Guid=""{5770385f-c22a-43e0-bf4c-06f5698ffbd9}""/>
      <EventID>1</EventID>
      <Version>5</Version>
      <Level>4</Level>
      <Task>1</Task>
      <Opcode>0</Opcode>
      <Keywords>0x8000000000000000</Keywords>
      <TimeCreated SystemTime=""2023-12-27T22:48:32.7072005Z""/>
      <EventRecordID>19599</EventRecordID>
      <Correlation/>
      <Execution ProcessID=""3588"" ThreadID=""5124""/>
      <Channel>Microsoft-Windows-Sysmon/Operational</Channel>
      <Computer>WinDev2309Eval</Computer>
      <Security UserID=""S-1-5-18""/>
    </System>
    <EventData>
      <Data Name=""RuleName"">-</Data>
      <Data Name=""UtcTime"">2023-12-27 22:48:32.706</Data>
      <Data Name=""ProcessGuid"">{f57bd86a-a9c0-658c-e801-000000000f00}</Data>
      <Data Name=""ProcessId"">2736</Data>
      <Data Name=""Image"">C:\Windows\System32\rundll32.exe</Data>
      <Data Name=""FileVersion"">10.0.22621.1 (WinBuild.160101.0800)</Data>
      <Data Name=""Description"">Windows host process (Rundll32)</Data>
      <Data Name=""Product"">Microsoft&#174; Windows&#174; Operating System</Data>
      <Data Name=""Company"">Microsoft Corporation</Data>
      <Data Name=""OriginalFileName"">RUNDLL32.EXE</Data>
      <Data Name=""CommandLine"">rundll32.exe  url.dll,OpenURL ""C:\AtomicRedTeam\atomics\T1218.011\src\index.hta"" </Data>
      <Data Name=""CurrentDirectory"">C:\Users\User\AppData\Local\Temp\</Data>
      <Data Name=""User"">WINDEV2309EVAL\User</Data>
      <Data Name=""LogonGuid"">{f57bd86a-36f9-658c-7bf8-020000000000}</Data>
      <Data Name=""LogonId"">0x2f87b</Data>
      <Data Name=""TerminalSessionId"">1</Data>
      <Data Name=""IntegrityLevel"">Medium</Data>
      <Data Name=""Hashes"">MD5=57A6B4BDF247C1A6CA08AC09A8F9B742,SHA256=98D37EFF504A7ADB864131EA4A042AAF4D79C4356960A8AB2FA656CC59AEC014,IMPHASH=5C68DE198B5D2DD5C1129782AD19676C</Data>
      <Data Name=""ParentProcessGuid"">{f57bd86a-a9c0-658c-e601-000000000f00}</Data>
      <Data Name=""ParentProcessId"">3912</Data>
      <Data Name=""ParentImage"">C:\Windows\System32\cmd.exe</Data>
      <Data Name=""ParentCommandLine"">""cmd.exe"" /c rundll32.exe url.dll,OpenURL ""C:\AtomicRedTeam\atomics\T1218.011\src\index.hta"" &amp; rundll32.exe URL.dll,FileProtocolHandler ""C:\AtomicRedTeam\atomics\T1218.011\src\akteullen.vbs""</Data>
      <Data Name=""ParentUser"">WINDEV2309EVAL\User</Data>
    </EventData>
    <RenderingInfo Culture=""en-US"">
      <Message>Process Create:

RuleName: -

UtcTime: 2023-12-27 22:48:32.706

ProcessGuid: {f57bd86a-a9c0-658c-e801-000000000f00}

ProcessId: 2736

Image: C:\Windows\System32\rundll32.exe

FileVersion: 10.0.22621.1 (WinBuild.160101.0800)

Description: Windows host process (Rundll32)

Product: Microsoft&#174; Windows&#174; Operating System

Company: Microsoft Corporation

OriginalFileName: RUNDLL32.EXE

CommandLine: rundll32.exe  url.dll,OpenURL ""C:\AtomicRedTeam\atomics\T1218.011\src\index.hta"" 

CurrentDirectory: C:\Users\User\AppData\Local\Temp\

User: WINDEV2309EVAL\User

LogonGuid: {f57bd86a-36f9-658c-7bf8-020000000000}

LogonId: 0x2F87B

TerminalSessionId: 1

IntegrityLevel: Medium

Hashes: MD5=57A6B4BDF247C1A6CA08AC09A8F9B742,SHA256=98D37EFF504A7ADB864131EA4A042AAF4D79C4356960A8AB2FA656CC59AEC014,IMPHASH=5C68DE198B5D2DD5C1129782AD19676C

ParentProcessGuid: {f57bd86a-a9c0-658c-e601-000000000f00}

ParentProcessId: 3912

ParentImage: C:\Windows\System32\cmd.exe

ParentCommandLine: ""cmd.exe"" /c rundll32.exe url.dll,OpenURL ""C:\AtomicRedTeam\atomics\T1218.011\src\index.hta"" &amp; rundll32.exe URL.dll,FileProtocolHandler ""C:\AtomicRedTeam\atomics\T1218.011\src\akteullen.vbs""

ParentUser: WINDEV2309EVAL\User</Message>
      <Level>Information</Level>
      <Task>Process Create (rule: ProcessCreate)</Task>
      <Opcode>Info</Opcode>
    </RenderingInfo>
  </Event>
  
"
Microsoft-Windows-Sysmon/Operational,"""cmd.exe"" /c rundll32.exe url.dll,OpenURL ""C:\AtomicRedTeam\atomics\T1218.011\src\index.hta"" & rundll32.exe URL.dll,FileProtocolHandler ""C:\AtomicRedTeam\atomics\T1218.011\src\akteullen.vbs""",Microsoft Corporation,WinDev2309Eval,,C:\Users\User\AppData\Local\Temp\,Windows Command Processor,,,,,,1,19598,10.0.22621.2506 (WinBuild.160101.0800),"MD5=133D568ECCB557E37BEA1459521CBAC2,SHA256=05A30592D2C3421C41121145C6EEFA7C81FEA6B42D6233A522240A8468326B9C,IMPHASH=D73E39DAB3C8B57AA408073D01254964",C:\Windows\System32\cmd.exe,,Medium,0x8000000000000000,Information,{f57bd86a-36f9-658c-7bf8-020000000000},0x2f87b,"Process Create:

RuleName: -

UtcTime: 2023-12-27 22:48:32.676

ProcessGuid: {f57bd86a-a9c0-658c-e601-000000000f00}

ProcessId: 3912

Image: C:\Windows\System32\cmd.exe

FileVersion: 10.0.22621.2506 (WinBuild.160101.0800)

Description: Windows Command Processor

Product: Microsoft® Windows® Operating System

Company: Microsoft Corporation

OriginalFileName: Cmd.Exe

CommandLine: ""cmd.exe"" /c rundll32.exe url.dll,OpenURL ""C:\AtomicRedTeam\atomics\T1218.011\src\index.hta"" & rundll32.exe URL.dll,FileProtocolHandler ""C:\AtomicRedTeam\atomics\T1218.011\src\akteullen.vbs""

CurrentDirectory: C:\Users\User\AppData\Local\Temp\

User: WINDEV2309EVAL\User

LogonGuid: {f57bd86a-36f9-658c-7bf8-020000000000}

LogonId: 0x2F87B

TerminalSessionId: 1

IntegrityLevel: Medium

Hashes: MD5=133D568ECCB557E37BEA1459521CBAC2,SHA256=05A30592D2C3421C41121145C6EEFA7C81FEA6B42D6233A522240A8468326B9C,IMPHASH=D73E39DAB3C8B57AA408073D01254964

ParentProcessGuid: {00000000-0000-0000-0000-000000000000}

ParentProcessId: 1688

ParentImage: -

ParentCommandLine: -

ParentUser: -",Info,Cmd.Exe,-,-,{00000000-0000-0000-0000-000000000000},1688,-,{f57bd86a-a9c0-658c-e601-000000000f00},3588,3912,Microsoft® Windows® Operating System,,,,,"
      ",-,,,,,,2023-12-27T22:48:32.6774584Z,,Process Create (rule: ProcessCreate),1,5124,WINDEV2309EVAL\User,S-1-5-18,2023-12-27 22:48:32.676,5,"<Event xmlns=""http://schemas.microsoft.com/win/2004/08/events/event"">
    <System>
      <Provider Name=""Microsoft-Windows-Sysmon"" Guid=""{5770385f-c22a-43e0-bf4c-06f5698ffbd9}""/>
      <EventID>1</EventID>
      <Version>5</Version>
      <Level>4</Level>
      <Task>1</Task>
      <Opcode>0</Opcode>
      <Keywords>0x8000000000000000</Keywords>
      <TimeCreated SystemTime=""2023-12-27T22:48:32.6774584Z""/>
      <EventRecordID>19598</EventRecordID>
      <Correlation/>
      <Execution ProcessID=""3588"" ThreadID=""5124""/>
      <Channel>Microsoft-Windows-Sysmon/Operational</Channel>
      <Computer>WinDev2309Eval</Computer>
      <Security UserID=""S-1-5-18""/>
    </System>
    <EventData>
      <Data Name=""RuleName"">-</Data>
      <Data Name=""UtcTime"">2023-12-27 22:48:32.676</Data>
      <Data Name=""ProcessGuid"">{f57bd86a-a9c0-658c-e601-000000000f00}</Data>
      <Data Name=""ProcessId"">3912</Data>
      <Data Name=""Image"">C:\Windows\System32\cmd.exe</Data>
      <Data Name=""FileVersion"">10.0.22621.2506 (WinBuild.160101.0800)</Data>
      <Data Name=""Description"">Windows Command Processor</Data>
      <Data Name=""Product"">Microsoft&#174; Windows&#174; Operating System</Data>
      <Data Name=""Company"">Microsoft Corporation</Data>
      <Data Name=""OriginalFileName"">Cmd.Exe</Data>
      <Data Name=""CommandLine"">""cmd.exe"" /c rundll32.exe url.dll,OpenURL ""C:\AtomicRedTeam\atomics\T1218.011\src\index.hta"" &amp; rundll32.exe URL.dll,FileProtocolHandler ""C:\AtomicRedTeam\atomics\T1218.011\src\akteullen.vbs""</Data>
      <Data Name=""CurrentDirectory"">C:\Users\User\AppData\Local\Temp\</Data>
      <Data Name=""User"">WINDEV2309EVAL\User</Data>
      <Data Name=""LogonGuid"">{f57bd86a-36f9-658c-7bf8-020000000000}</Data>
      <Data Name=""LogonId"">0x2f87b</Data>
      <Data Name=""TerminalSessionId"">1</Data>
      <Data Name=""IntegrityLevel"">Medium</Data>
      <Data Name=""Hashes"">MD5=133D568ECCB557E37BEA1459521CBAC2,SHA256=05A30592D2C3421C41121145C6EEFA7C81FEA6B42D6233A522240A8468326B9C,IMPHASH=D73E39DAB3C8B57AA408073D01254964</Data>
      <Data Name=""ParentProcessGuid"">{00000000-0000-0000-0000-000000000000}</Data>
      <Data Name=""ParentProcessId"">1688</Data>
      <Data Name=""ParentImage"">-</Data>
      <Data Name=""ParentCommandLine"">-</Data>
      <Data Name=""ParentUser"">-</Data>
    </EventData>
    <RenderingInfo Culture=""en-US"">
      <Message>Process Create:

RuleName: -

UtcTime: 2023-12-27 22:48:32.676

ProcessGuid: {f57bd86a-a9c0-658c-e601-000000000f00}

ProcessId: 3912

Image: C:\Windows\System32\cmd.exe

FileVersion: 10.0.22621.2506 (WinBuild.160101.0800)

Description: Windows Command Processor

Product: Microsoft&#174; Windows&#174; Operating System

Company: Microsoft Corporation

OriginalFileName: Cmd.Exe

CommandLine: ""cmd.exe"" /c rundll32.exe url.dll,OpenURL ""C:\AtomicRedTeam\atomics\T1218.011\src\index.hta"" &amp; rundll32.exe URL.dll,FileProtocolHandler ""C:\AtomicRedTeam\atomics\T1218.011\src\akteullen.vbs""

CurrentDirectory: C:\Users\User\AppData\Local\Temp\

User: WINDEV2309EVAL\User

LogonGuid: {f57bd86a-36f9-658c-7bf8-020000000000}

LogonId: 0x2F87B

TerminalSessionId: 1

IntegrityLevel: Medium

Hashes: MD5=133D568ECCB557E37BEA1459521CBAC2,SHA256=05A30592D2C3421C41121145C6EEFA7C81FEA6B42D6233A522240A8468326B9C,IMPHASH=D73E39DAB3C8B57AA408073D01254964

ParentProcessGuid: {00000000-0000-0000-0000-000000000000}

ParentProcessId: 1688

ParentImage: -

ParentCommandLine: -

ParentUser: -</Message>
      <Level>Information</Level>
      <Task>Process Create (rule: ProcessCreate)</Task>
      <Opcode>Info</Opcode>
    </RenderingInfo>
  </Event>
  
"
Microsoft-Windows-Sysmon/Operational,"rundll32.exe  setupapi.dll,InstallHinfSection DefaultInstall 128 ""C:\AtomicRedTeam\atomics\T1218.011\src\T1218.011_DefaultInstall.inf""",Microsoft Corporation,WinDev2309Eval,,C:\Users\User\AppData\Local\Temp\,Windows host process (Rundll32),,,,,,1,19597,10.0.22621.1 (WinBuild.160101.0800),"MD5=57A6B4BDF247C1A6CA08AC09A8F9B742,SHA256=98D37EFF504A7ADB864131EA4A042AAF4D79C4356960A8AB2FA656CC59AEC014,IMPHASH=5C68DE198B5D2DD5C1129782AD19676C",C:\Windows\System32\rundll32.exe,,Medium,0x8000000000000000,Information,{f57bd86a-36f9-658c-7bf8-020000000000},0x2f87b,"Process Create:

RuleName: -

UtcTime: 2023-12-27 22:48:31.203

ProcessGuid: {f57bd86a-a9bf-658c-e501-000000000f00}

ProcessId: 5412

Image: C:\Windows\System32\rundll32.exe

FileVersion: 10.0.22621.1 (WinBuild.160101.0800)

Description: Windows host process (Rundll32)

Product: Microsoft® Windows® Operating System

Company: Microsoft Corporation

OriginalFileName: RUNDLL32.EXE

CommandLine: rundll32.exe  setupapi.dll,InstallHinfSection DefaultInstall 128 ""C:\AtomicRedTeam\atomics\T1218.011\src\T1218.011_DefaultInstall.inf""

CurrentDirectory: C:\Users\User\AppData\Local\Temp\

User: WINDEV2309EVAL\User

LogonGuid: {f57bd86a-36f9-658c-7bf8-020000000000}

LogonId: 0x2F87B

TerminalSessionId: 1

IntegrityLevel: Medium

Hashes: MD5=57A6B4BDF247C1A6CA08AC09A8F9B742,SHA256=98D37EFF504A7ADB864131EA4A042AAF4D79C4356960A8AB2FA656CC59AEC014,IMPHASH=5C68DE198B5D2DD5C1129782AD19676C

ParentProcessGuid: {f57bd86a-a9bf-658c-e301-000000000f00}

ParentProcessId: 10384

ParentImage: C:\Windows\System32\cmd.exe

ParentCommandLine: ""cmd.exe"" /c rundll32.exe setupapi.dll,InstallHinfSection DefaultInstall 128 ""C:\AtomicRedTeam\atomics\T1218.011\src\T1218.011_DefaultInstall.inf""

ParentUser: WINDEV2309EVAL\User",Info,RUNDLL32.EXE,"""cmd.exe"" /c rundll32.exe setupapi.dll,InstallHinfSection DefaultInstall 128 ""C:\AtomicRedTeam\atomics\T1218.011\src\T1218.011_DefaultInstall.inf""",C:\Windows\System32\cmd.exe,{f57bd86a-a9bf-658c-e301-000000000f00},10384,WINDEV2309EVAL\User,{f57bd86a-a9bf-658c-e501-000000000f00},3588,5412,Microsoft® Windows® Operating System,,,,,"
      ",-,,,,,,2023-12-27T22:48:31.2046620Z,,Process Create (rule: ProcessCreate),1,5124,WINDEV2309EVAL\User,S-1-5-18,2023-12-27 22:48:31.203,5,"<Event xmlns=""http://schemas.microsoft.com/win/2004/08/events/event"">
    <System>
      <Provider Name=""Microsoft-Windows-Sysmon"" Guid=""{5770385f-c22a-43e0-bf4c-06f5698ffbd9}""/>
      <EventID>1</EventID>
      <Version>5</Version>
      <Level>4</Level>
      <Task>1</Task>
      <Opcode>0</Opcode>
      <Keywords>0x8000000000000000</Keywords>
      <TimeCreated SystemTime=""2023-12-27T22:48:31.2046620Z""/>
      <EventRecordID>19597</EventRecordID>
      <Correlation/>
      <Execution ProcessID=""3588"" ThreadID=""5124""/>
      <Channel>Microsoft-Windows-Sysmon/Operational</Channel>
      <Computer>WinDev2309Eval</Computer>
      <Security UserID=""S-1-5-18""/>
    </System>
    <EventData>
      <Data Name=""RuleName"">-</Data>
      <Data Name=""UtcTime"">2023-12-27 22:48:31.203</Data>
      <Data Name=""ProcessGuid"">{f57bd86a-a9bf-658c-e501-000000000f00}</Data>
      <Data Name=""ProcessId"">5412</Data>
      <Data Name=""Image"">C:\Windows\System32\rundll32.exe</Data>
      <Data Name=""FileVersion"">10.0.22621.1 (WinBuild.160101.0800)</Data>
      <Data Name=""Description"">Windows host process (Rundll32)</Data>
      <Data Name=""Product"">Microsoft&#174; Windows&#174; Operating System</Data>
      <Data Name=""Company"">Microsoft Corporation</Data>
      <Data Name=""OriginalFileName"">RUNDLL32.EXE</Data>
      <Data Name=""CommandLine"">rundll32.exe  setupapi.dll,InstallHinfSection DefaultInstall 128 ""C:\AtomicRedTeam\atomics\T1218.011\src\T1218.011_DefaultInstall.inf""</Data>
      <Data Name=""CurrentDirectory"">C:\Users\User\AppData\Local\Temp\</Data>
      <Data Name=""User"">WINDEV2309EVAL\User</Data>
      <Data Name=""LogonGuid"">{f57bd86a-36f9-658c-7bf8-020000000000}</Data>
      <Data Name=""LogonId"">0x2f87b</Data>
      <Data Name=""TerminalSessionId"">1</Data>
      <Data Name=""IntegrityLevel"">Medium</Data>
      <Data Name=""Hashes"">MD5=57A6B4BDF247C1A6CA08AC09A8F9B742,SHA256=98D37EFF504A7ADB864131EA4A042AAF4D79C4356960A8AB2FA656CC59AEC014,IMPHASH=5C68DE198B5D2DD5C1129782AD19676C</Data>
      <Data Name=""ParentProcessGuid"">{f57bd86a-a9bf-658c-e301-000000000f00}</Data>
      <Data Name=""ParentProcessId"">10384</Data>
      <Data Name=""ParentImage"">C:\Windows\System32\cmd.exe</Data>
      <Data Name=""ParentCommandLine"">""cmd.exe"" /c rundll32.exe setupapi.dll,InstallHinfSection DefaultInstall 128 ""C:\AtomicRedTeam\atomics\T1218.011\src\T1218.011_DefaultInstall.inf""</Data>
      <Data Name=""ParentUser"">WINDEV2309EVAL\User</Data>
    </EventData>
    <RenderingInfo Culture=""en-US"">
      <Message>Process Create:

RuleName: -

UtcTime: 2023-12-27 22:48:31.203

ProcessGuid: {f57bd86a-a9bf-658c-e501-000000000f00}

ProcessId: 5412

Image: C:\Windows\System32\rundll32.exe

FileVersion: 10.0.22621.1 (WinBuild.160101.0800)

Description: Windows host process (Rundll32)

Product: Microsoft&#174; Windows&#174; Operating System

Company: Microsoft Corporation

OriginalFileName: RUNDLL32.EXE

CommandLine: rundll32.exe  setupapi.dll,InstallHinfSection DefaultInstall 128 ""C:\AtomicRedTeam\atomics\T1218.011\src\T1218.011_DefaultInstall.inf""

CurrentDirectory: C:\Users\User\AppData\Local\Temp\

User: WINDEV2309EVAL\User

LogonGuid: {f57bd86a-36f9-658c-7bf8-020000000000}

LogonId: 0x2F87B

TerminalSessionId: 1

IntegrityLevel: Medium

Hashes: MD5=57A6B4BDF247C1A6CA08AC09A8F9B742,SHA256=98D37EFF504A7ADB864131EA4A042AAF4D79C4356960A8AB2FA656CC59AEC014,IMPHASH=5C68DE198B5D2DD5C1129782AD19676C

ParentProcessGuid: {f57bd86a-a9bf-658c-e301-000000000f00}

ParentProcessId: 10384

ParentImage: C:\Windows\System32\cmd.exe

ParentCommandLine: ""cmd.exe"" /c rundll32.exe setupapi.dll,InstallHinfSection DefaultInstall 128 ""C:\AtomicRedTeam\atomics\T1218.011\src\T1218.011_DefaultInstall.inf""

ParentUser: WINDEV2309EVAL\User</Message>
      <Level>Information</Level>
      <Task>Process Create (rule: ProcessCreate)</Task>
      <Opcode>Info</Opcode>
    </RenderingInfo>
  </Event>
  
"
Microsoft-Windows-Sysmon/Operational,"""cmd.exe"" /c rundll32.exe setupapi.dll,InstallHinfSection DefaultInstall 128 ""C:\AtomicRedTeam\atomics\T1218.011\src\T1218.011_DefaultInstall.inf""",Microsoft Corporation,WinDev2309Eval,,C:\Users\User\AppData\Local\Temp\,Windows Command Processor,,,,,,1,19596,10.0.22621.2506 (WinBuild.160101.0800),"MD5=133D568ECCB557E37BEA1459521CBAC2,SHA256=05A30592D2C3421C41121145C6EEFA7C81FEA6B42D6233A522240A8468326B9C,IMPHASH=D73E39DAB3C8B57AA408073D01254964",C:\Windows\System32\cmd.exe,,Medium,0x8000000000000000,Information,{f57bd86a-36f9-658c-7bf8-020000000000},0x2f87b,"Process Create:

RuleName: -

UtcTime: 2023-12-27 22:48:31.165

ProcessGuid: {f57bd86a-a9bf-658c-e301-000000000f00}

ProcessId: 10384

Image: C:\Windows\System32\cmd.exe

FileVersion: 10.0.22621.2506 (WinBuild.160101.0800)

Description: Windows Command Processor

Product: Microsoft® Windows® Operating System

Company: Microsoft Corporation

OriginalFileName: Cmd.Exe

CommandLine: ""cmd.exe"" /c rundll32.exe setupapi.dll,InstallHinfSection DefaultInstall 128 ""C:\AtomicRedTeam\atomics\T1218.011\src\T1218.011_DefaultInstall.inf""

CurrentDirectory: C:\Users\User\AppData\Local\Temp\

User: WINDEV2309EVAL\User

LogonGuid: {f57bd86a-36f9-658c-7bf8-020000000000}

LogonId: 0x2F87B

TerminalSessionId: 1

IntegrityLevel: Medium

Hashes: MD5=133D568ECCB557E37BEA1459521CBAC2,SHA256=05A30592D2C3421C41121145C6EEFA7C81FEA6B42D6233A522240A8468326B9C,IMPHASH=D73E39DAB3C8B57AA408073D01254964

ParentProcessGuid: {00000000-0000-0000-0000-000000000000}

ParentProcessId: 1688

ParentImage: -

ParentCommandLine: -

ParentUser: -",Info,Cmd.Exe,-,-,{00000000-0000-0000-0000-000000000000},1688,-,{f57bd86a-a9bf-658c-e301-000000000f00},3588,10384,Microsoft® Windows® Operating System,,,,,"
      ",-,,,,,,2023-12-27T22:48:31.1663119Z,,Process Create (rule: ProcessCreate),1,5124,WINDEV2309EVAL\User,S-1-5-18,2023-12-27 22:48:31.165,5,"<Event xmlns=""http://schemas.microsoft.com/win/2004/08/events/event"">
    <System>
      <Provider Name=""Microsoft-Windows-Sysmon"" Guid=""{5770385f-c22a-43e0-bf4c-06f5698ffbd9}""/>
      <EventID>1</EventID>
      <Version>5</Version>
      <Level>4</Level>
      <Task>1</Task>
      <Opcode>0</Opcode>
      <Keywords>0x8000000000000000</Keywords>
      <TimeCreated SystemTime=""2023-12-27T22:48:31.1663119Z""/>
      <EventRecordID>19596</EventRecordID>
      <Correlation/>
      <Execution ProcessID=""3588"" ThreadID=""5124""/>
      <Channel>Microsoft-Windows-Sysmon/Operational</Channel>
      <Computer>WinDev2309Eval</Computer>
      <Security UserID=""S-1-5-18""/>
    </System>
    <EventData>
      <Data Name=""RuleName"">-</Data>
      <Data Name=""UtcTime"">2023-12-27 22:48:31.165</Data>
      <Data Name=""ProcessGuid"">{f57bd86a-a9bf-658c-e301-000000000f00}</Data>
      <Data Name=""ProcessId"">10384</Data>
      <Data Name=""Image"">C:\Windows\System32\cmd.exe</Data>
      <Data Name=""FileVersion"">10.0.22621.2506 (WinBuild.160101.0800)</Data>
      <Data Name=""Description"">Windows Command Processor</Data>
      <Data Name=""Product"">Microsoft&#174; Windows&#174; Operating System</Data>
      <Data Name=""Company"">Microsoft Corporation</Data>
      <Data Name=""OriginalFileName"">Cmd.Exe</Data>
      <Data Name=""CommandLine"">""cmd.exe"" /c rundll32.exe setupapi.dll,InstallHinfSection DefaultInstall 128 ""C:\AtomicRedTeam\atomics\T1218.011\src\T1218.011_DefaultInstall.inf""</Data>
      <Data Name=""CurrentDirectory"">C:\Users\User\AppData\Local\Temp\</Data>
      <Data Name=""User"">WINDEV2309EVAL\User</Data>
      <Data Name=""LogonGuid"">{f57bd86a-36f9-658c-7bf8-020000000000}</Data>
      <Data Name=""LogonId"">0x2f87b</Data>
      <Data Name=""TerminalSessionId"">1</Data>
      <Data Name=""IntegrityLevel"">Medium</Data>
      <Data Name=""Hashes"">MD5=133D568ECCB557E37BEA1459521CBAC2,SHA256=05A30592D2C3421C41121145C6EEFA7C81FEA6B42D6233A522240A8468326B9C,IMPHASH=D73E39DAB3C8B57AA408073D01254964</Data>
      <Data Name=""ParentProcessGuid"">{00000000-0000-0000-0000-000000000000}</Data>
      <Data Name=""ParentProcessId"">1688</Data>
      <Data Name=""ParentImage"">-</Data>
      <Data Name=""ParentCommandLine"">-</Data>
      <Data Name=""ParentUser"">-</Data>
    </EventData>
    <RenderingInfo Culture=""en-US"">
      <Message>Process Create:

RuleName: -

UtcTime: 2023-12-27 22:48:31.165

ProcessGuid: {f57bd86a-a9bf-658c-e301-000000000f00}

ProcessId: 10384

Image: C:\Windows\System32\cmd.exe

FileVersion: 10.0.22621.2506 (WinBuild.160101.0800)

Description: Windows Command Processor

Product: Microsoft&#174; Windows&#174; Operating System

Company: Microsoft Corporation

OriginalFileName: Cmd.Exe

CommandLine: ""cmd.exe"" /c rundll32.exe setupapi.dll,InstallHinfSection DefaultInstall 128 ""C:\AtomicRedTeam\atomics\T1218.011\src\T1218.011_DefaultInstall.inf""

CurrentDirectory: C:\Users\User\AppData\Local\Temp\

User: WINDEV2309EVAL\User

LogonGuid: {f57bd86a-36f9-658c-7bf8-020000000000}

LogonId: 0x2F87B

TerminalSessionId: 1

IntegrityLevel: Medium

Hashes: MD5=133D568ECCB557E37BEA1459521CBAC2,SHA256=05A30592D2C3421C41121145C6EEFA7C81FEA6B42D6233A522240A8468326B9C,IMPHASH=D73E39DAB3C8B57AA408073D01254964

ParentProcessGuid: {00000000-0000-0000-0000-000000000000}

ParentProcessId: 1688

ParentImage: -

ParentCommandLine: -

ParentUser: -</Message>
      <Level>Information</Level>
      <Task>Process Create (rule: ProcessCreate)</Task>
      <Opcode>Info</Opcode>
    </RenderingInfo>
  </Event>
  
"
Microsoft-Windows-Sysmon/Operational,,,WinDev2309Eval,,,,,,,,,22,19595,,,<unknown process>,,,0x8000000000000000,Information,,,"Dns query:

RuleName: -

UtcTime: 2023-12-27 14:52:33.578

ProcessGuid: {00000000-0000-0000-0000-000000000000}

ProcessId: 2516

QueryName: raw.githubusercontent.com

QueryStatus: 0

QueryResults: ::ffff:185.199.108.133;::ffff:185.199.111.133;::ffff:185.199.109.133;::ffff:185.199.110.133;

Image: <unknown process>

User: WINDEV2309EVAL\User",Info,,,,,,,{00000000-0000-0000-0000-000000000000},3588,2516,,,raw.githubusercontent.com,::ffff:185.199.108.133;::ffff:185.199.111.133;::ffff:185.199.109.133;::ffff:185.199.110.133;,0,"
      ",-,,,,,,2023-12-27T22:48:27.9957216Z,,Dns query (rule: DnsQuery),,5164,WINDEV2309EVAL\User,S-1-5-18,2023-12-27 14:52:33.578,5,"<Event xmlns=""http://schemas.microsoft.com/win/2004/08/events/event"">
    <System>
      <Provider Name=""Microsoft-Windows-Sysmon"" Guid=""{5770385f-c22a-43e0-bf4c-06f5698ffbd9}""/>
      <EventID>22</EventID>
      <Version>5</Version>
      <Level>4</Level>
      <Task>22</Task>
      <Opcode>0</Opcode>
      <Keywords>0x8000000000000000</Keywords>
      <TimeCreated SystemTime=""2023-12-27T22:48:27.9957216Z""/>
      <EventRecordID>19595</EventRecordID>
      <Correlation/>
      <Execution ProcessID=""3588"" ThreadID=""5164""/>
      <Channel>Microsoft-Windows-Sysmon/Operational</Channel>
      <Computer>WinDev2309Eval</Computer>
      <Security UserID=""S-1-5-18""/>
    </System>
    <EventData>
      <Data Name=""RuleName"">-</Data>
      <Data Name=""UtcTime"">2023-12-27 14:52:33.578</Data>
      <Data Name=""ProcessGuid"">{00000000-0000-0000-0000-000000000000}</Data>
      <Data Name=""ProcessId"">2516</Data>
      <Data Name=""QueryName"">raw.githubusercontent.com</Data>
      <Data Name=""QueryStatus"">0</Data>
      <Data Name=""QueryResults"">::ffff:185.199.108.133;::ffff:185.199.111.133;::ffff:185.199.109.133;::ffff:185.199.110.133;</Data>
      <Data Name=""Image"">&lt;unknown process&gt;</Data>
      <Data Name=""User"">WINDEV2309EVAL\User</Data>
    </EventData>
    <RenderingInfo Culture=""en-US"">
      <Message>Dns query:

RuleName: -

UtcTime: 2023-12-27 14:52:33.578

ProcessGuid: {00000000-0000-0000-0000-000000000000}

ProcessId: 2516

QueryName: raw.githubusercontent.com

QueryStatus: 0

QueryResults: ::ffff:185.199.108.133;::ffff:185.199.111.133;::ffff:185.199.109.133;::ffff:185.199.110.133;

Image: &lt;unknown process&gt;

User: WINDEV2309EVAL\User</Message>
      <Level>Information</Level>
      <Task>Dns query (rule: DnsQuery)</Task>
      <Opcode>Info</Opcode>
    </RenderingInfo>
  </Event>
  
"
Microsoft-Windows-Sysmon/Operational,,,WinDev2309Eval,,,,,,,,,22,19594,,,<unknown process>,,,0x8000000000000000,Information,,,"Dns query:

RuleName: -

UtcTime: 2023-12-27 14:52:32.952

ProcessGuid: {00000000-0000-0000-0000-000000000000}

ProcessId: 1940

QueryName: raw.githubusercontent.com

QueryStatus: 0

QueryResults: ::ffff:185.199.108.133;::ffff:185.199.111.133;::ffff:185.199.109.133;::ffff:185.199.110.133;

Image: <unknown process>

User: WINDEV2309EVAL\User",Info,,,,,,,{00000000-0000-0000-0000-000000000000},3588,1940,,,raw.githubusercontent.com,::ffff:185.199.108.133;::ffff:185.199.111.133;::ffff:185.199.109.133;::ffff:185.199.110.133;,0,"
      ",-,,,,,,2023-12-27T22:48:27.9955152Z,,Dns query (rule: DnsQuery),,5164,WINDEV2309EVAL\User,S-1-5-18,2023-12-27 14:52:32.952,5,"<Event xmlns=""http://schemas.microsoft.com/win/2004/08/events/event"">
    <System>
      <Provider Name=""Microsoft-Windows-Sysmon"" Guid=""{5770385f-c22a-43e0-bf4c-06f5698ffbd9}""/>
      <EventID>22</EventID>
      <Version>5</Version>
      <Level>4</Level>
      <Task>22</Task>
      <Opcode>0</Opcode>
      <Keywords>0x8000000000000000</Keywords>
      <TimeCreated SystemTime=""2023-12-27T22:48:27.9955152Z""/>
      <EventRecordID>19594</EventRecordID>
      <Correlation/>
      <Execution ProcessID=""3588"" ThreadID=""5164""/>
      <Channel>Microsoft-Windows-Sysmon/Operational</Channel>
      <Computer>WinDev2309Eval</Computer>
      <Security UserID=""S-1-5-18""/>
    </System>
    <EventData>
      <Data Name=""RuleName"">-</Data>
      <Data Name=""UtcTime"">2023-12-27 14:52:32.952</Data>
      <Data Name=""ProcessGuid"">{00000000-0000-0000-0000-000000000000}</Data>
      <Data Name=""ProcessId"">1940</Data>
      <Data Name=""QueryName"">raw.githubusercontent.com</Data>
      <Data Name=""QueryStatus"">0</Data>
      <Data Name=""QueryResults"">::ffff:185.199.108.133;::ffff:185.199.111.133;::ffff:185.199.109.133;::ffff:185.199.110.133;</Data>
      <Data Name=""Image"">&lt;unknown process&gt;</Data>
      <Data Name=""User"">WINDEV2309EVAL\User</Data>
    </EventData>
    <RenderingInfo Culture=""en-US"">
      <Message>Dns query:

RuleName: -

UtcTime: 2023-12-27 14:52:32.952

ProcessGuid: {00000000-0000-0000-0000-000000000000}

ProcessId: 1940

QueryName: raw.githubusercontent.com

QueryStatus: 0

QueryResults: ::ffff:185.199.108.133;::ffff:185.199.111.133;::ffff:185.199.109.133;::ffff:185.199.110.133;

Image: &lt;unknown process&gt;

User: WINDEV2309EVAL\User</Message>
      <Level>Information</Level>
      <Task>Dns query (rule: DnsQuery)</Task>
      <Opcode>Info</Opcode>
    </RenderingInfo>
  </Event>
  
"
Microsoft-Windows-Sysmon/Operational,"rundll32.exe  syssetup.dll,SetupInfObjectInstallAction DefaultInstall 128 ""C:\AtomicRedTeam\atomics\T1218.011\src\T1218.011_DefaultInstall.inf""",Microsoft Corporation,WinDev2309Eval,,C:\Users\User\AppData\Local\Temp\,Windows host process (Rundll32),,,,,,1,19593,10.0.22621.1 (WinBuild.160101.0800),"MD5=57A6B4BDF247C1A6CA08AC09A8F9B742,SHA256=98D37EFF504A7ADB864131EA4A042AAF4D79C4356960A8AB2FA656CC59AEC014,IMPHASH=5C68DE198B5D2DD5C1129782AD19676C",C:\Windows\System32\rundll32.exe,,Medium,0x8000000000000000,Information,{f57bd86a-36f9-658c-7bf8-020000000000},0x2f87b,"Process Create:

RuleName: -

UtcTime: 2023-12-27 22:48:27.220

ProcessGuid: {f57bd86a-a9bb-658c-e201-000000000f00}

ProcessId: 5548

Image: C:\Windows\System32\rundll32.exe

FileVersion: 10.0.22621.1 (WinBuild.160101.0800)

Description: Windows host process (Rundll32)

Product: Microsoft® Windows® Operating System

Company: Microsoft Corporation

OriginalFileName: RUNDLL32.EXE

CommandLine: rundll32.exe  syssetup.dll,SetupInfObjectInstallAction DefaultInstall 128 ""C:\AtomicRedTeam\atomics\T1218.011\src\T1218.011_DefaultInstall.inf""

CurrentDirectory: C:\Users\User\AppData\Local\Temp\

User: WINDEV2309EVAL\User

LogonGuid: {f57bd86a-36f9-658c-7bf8-020000000000}

LogonId: 0x2F87B

TerminalSessionId: 1

IntegrityLevel: Medium

Hashes: MD5=57A6B4BDF247C1A6CA08AC09A8F9B742,SHA256=98D37EFF504A7ADB864131EA4A042AAF4D79C4356960A8AB2FA656CC59AEC014,IMPHASH=5C68DE198B5D2DD5C1129782AD19676C

ParentProcessGuid: {f57bd86a-a9bb-658c-e001-000000000f00}

ParentProcessId: 9192

ParentImage: C:\Windows\System32\cmd.exe

ParentCommandLine: ""cmd.exe"" /c rundll32.exe syssetup.dll,SetupInfObjectInstallAction DefaultInstall 128 ""C:\AtomicRedTeam\atomics\T1218.011\src\T1218.011_DefaultInstall.inf""

ParentUser: WINDEV2309EVAL\User",Info,RUNDLL32.EXE,"""cmd.exe"" /c rundll32.exe syssetup.dll,SetupInfObjectInstallAction DefaultInstall 128 ""C:\AtomicRedTeam\atomics\T1218.011\src\T1218.011_DefaultInstall.inf""",C:\Windows\System32\cmd.exe,{f57bd86a-a9bb-658c-e001-000000000f00},9192,WINDEV2309EVAL\User,{f57bd86a-a9bb-658c-e201-000000000f00},3588,5548,Microsoft® Windows® Operating System,,,,,"
      ",-,,,,,,2023-12-27T22:48:27.2212876Z,,Process Create (rule: ProcessCreate),1,5124,WINDEV2309EVAL\User,S-1-5-18,2023-12-27 22:48:27.220,5,"<Event xmlns=""http://schemas.microsoft.com/win/2004/08/events/event"">
    <System>
      <Provider Name=""Microsoft-Windows-Sysmon"" Guid=""{5770385f-c22a-43e0-bf4c-06f5698ffbd9}""/>
      <EventID>1</EventID>
      <Version>5</Version>
      <Level>4</Level>
      <Task>1</Task>
      <Opcode>0</Opcode>
      <Keywords>0x8000000000000000</Keywords>
      <TimeCreated SystemTime=""2023-12-27T22:48:27.2212876Z""/>
      <EventRecordID>19593</EventRecordID>
      <Correlation/>
      <Execution ProcessID=""3588"" ThreadID=""5124""/>
      <Channel>Microsoft-Windows-Sysmon/Operational</Channel>
      <Computer>WinDev2309Eval</Computer>
      <Security UserID=""S-1-5-18""/>
    </System>
    <EventData>
      <Data Name=""RuleName"">-</Data>
      <Data Name=""UtcTime"">2023-12-27 22:48:27.220</Data>
      <Data Name=""ProcessGuid"">{f57bd86a-a9bb-658c-e201-000000000f00}</Data>
      <Data Name=""ProcessId"">5548</Data>
      <Data Name=""Image"">C:\Windows\System32\rundll32.exe</Data>
      <Data Name=""FileVersion"">10.0.22621.1 (WinBuild.160101.0800)</Data>
      <Data Name=""Description"">Windows host process (Rundll32)</Data>
      <Data Name=""Product"">Microsoft&#174; Windows&#174; Operating System</Data>
      <Data Name=""Company"">Microsoft Corporation</Data>
      <Data Name=""OriginalFileName"">RUNDLL32.EXE</Data>
      <Data Name=""CommandLine"">rundll32.exe  syssetup.dll,SetupInfObjectInstallAction DefaultInstall 128 ""C:\AtomicRedTeam\atomics\T1218.011\src\T1218.011_DefaultInstall.inf""</Data>
      <Data Name=""CurrentDirectory"">C:\Users\User\AppData\Local\Temp\</Data>
      <Data Name=""User"">WINDEV2309EVAL\User</Data>
      <Data Name=""LogonGuid"">{f57bd86a-36f9-658c-7bf8-020000000000}</Data>
      <Data Name=""LogonId"">0x2f87b</Data>
      <Data Name=""TerminalSessionId"">1</Data>
      <Data Name=""IntegrityLevel"">Medium</Data>
      <Data Name=""Hashes"">MD5=57A6B4BDF247C1A6CA08AC09A8F9B742,SHA256=98D37EFF504A7ADB864131EA4A042AAF4D79C4356960A8AB2FA656CC59AEC014,IMPHASH=5C68DE198B5D2DD5C1129782AD19676C</Data>
      <Data Name=""ParentProcessGuid"">{f57bd86a-a9bb-658c-e001-000000000f00}</Data>
      <Data Name=""ParentProcessId"">9192</Data>
      <Data Name=""ParentImage"">C:\Windows\System32\cmd.exe</Data>
      <Data Name=""ParentCommandLine"">""cmd.exe"" /c rundll32.exe syssetup.dll,SetupInfObjectInstallAction DefaultInstall 128 ""C:\AtomicRedTeam\atomics\T1218.011\src\T1218.011_DefaultInstall.inf""</Data>
      <Data Name=""ParentUser"">WINDEV2309EVAL\User</Data>
    </EventData>
    <RenderingInfo Culture=""en-US"">
      <Message>Process Create:

RuleName: -

UtcTime: 2023-12-27 22:48:27.220

ProcessGuid: {f57bd86a-a9bb-658c-e201-000000000f00}

ProcessId: 5548

Image: C:\Windows\System32\rundll32.exe

FileVersion: 10.0.22621.1 (WinBuild.160101.0800)

Description: Windows host process (Rundll32)

Product: Microsoft&#174; Windows&#174; Operating System

Company: Microsoft Corporation

OriginalFileName: RUNDLL32.EXE

CommandLine: rundll32.exe  syssetup.dll,SetupInfObjectInstallAction DefaultInstall 128 ""C:\AtomicRedTeam\atomics\T1218.011\src\T1218.011_DefaultInstall.inf""

CurrentDirectory: C:\Users\User\AppData\Local\Temp\

User: WINDEV2309EVAL\User

LogonGuid: {f57bd86a-36f9-658c-7bf8-020000000000}

LogonId: 0x2F87B

TerminalSessionId: 1

IntegrityLevel: Medium

Hashes: MD5=57A6B4BDF247C1A6CA08AC09A8F9B742,SHA256=98D37EFF504A7ADB864131EA4A042AAF4D79C4356960A8AB2FA656CC59AEC014,IMPHASH=5C68DE198B5D2DD5C1129782AD19676C

ParentProcessGuid: {f57bd86a-a9bb-658c-e001-000000000f00}

ParentProcessId: 9192

ParentImage: C:\Windows\System32\cmd.exe

ParentCommandLine: ""cmd.exe"" /c rundll32.exe syssetup.dll,SetupInfObjectInstallAction DefaultInstall 128 ""C:\AtomicRedTeam\atomics\T1218.011\src\T1218.011_DefaultInstall.inf""

ParentUser: WINDEV2309EVAL\User</Message>
      <Level>Information</Level>
      <Task>Process Create (rule: ProcessCreate)</Task>
      <Opcode>Info</Opcode>
    </RenderingInfo>
  </Event>
  
"
