Microsoft-Windows-Sysmon/Operational,"""C:\Windows\Installer\MSI8E7D.tmp"" ""Hello, Atomic Red Team from an EXE!""",-,WinDev2309Eval,,C:\Windows\system32\, ,,,,,,,1,19617,,0.0.0.0,"MD5=712BD86DBDB06FD26F245F24BEE2F999,SHA256=DA97C4B389579841D5627E0C06FF7B8452121DF34BA5453819F74F071157CC9E,IMPHASH=F34D5F2D4577ED6D9CEEC516C1F5A744",C:\Windows\Installer\MSI8E7D.tmp,,Medium,0x8000000000000000,Information,{f57bd86a-36f9-658c-7bf8-020000000000},0x2f87b,"Process Create:

RuleName: -

UtcTime: 2023-12-27 22:42:18.915

ProcessGuid: {f57bd86a-a84a-658c-f001-000000000f00}

ProcessId: 5000

Image: C:\Windows\Installer\MSI8E7D.tmp

FileVersion: 0.0.0.0

Description:  

Product: -

Company: -

OriginalFileName: PrintArgs.exe

CommandLine: ""C:\Windows\Installer\MSI8E7D.tmp"" ""Hello, Atomic Red Team from an EXE!""

CurrentDirectory: C:\Windows\system32\

User: WINDEV2309EVAL\User

LogonGuid: {f57bd86a-36f9-658c-7bf8-020000000000}

LogonId: 0x2F87B

TerminalSessionId: 1

IntegrityLevel: Medium

Hashes: MD5=712BD86DBDB06FD26F245F24BEE2F999,SHA256=DA97C4B389579841D5627E0C06FF7B8452121DF34BA5453819F74F071157CC9E,IMPHASH=F34D5F2D4577ED6D9CEEC516C1F5A744

ParentProcessGuid: {f57bd86a-a83a-658c-c701-000000000f00}

ParentProcessId: 3264

ParentImage: C:\Windows\System32\msiexec.exe

ParentCommandLine: C:\Windows\system32\msiexec.exe /V

ParentUser: NT AUTHORITY\SYSTEM",Info,PrintArgs.exe,C:\Windows\system32\msiexec.exe /V,C:\Windows\System32\msiexec.exe,{f57bd86a-a83a-658c-c701-000000000f00},3264,NT AUTHORITY\SYSTEM,{f57bd86a-a84a-658c-f001-000000000f00},3588,5000,-,,,,,"
      ",-,,,,,,2023-12-27T22:42:18.9164593Z,,,Process Create (rule: ProcessCreate),1,5124,WINDEV2309EVAL\User,S-1-5-18,2023-12-27 22:42:18.915,5,"<Event xmlns=""http://schemas.microsoft.com/win/2004/08/events/event"">
    <System>
      <Provider Name=""Microsoft-Windows-Sysmon"" Guid=""{5770385f-c22a-43e0-bf4c-06f5698ffbd9}""/>
      <EventID>1</EventID>
      <Version>5</Version>
      <Level>4</Level>
      <Task>1</Task>
      <Opcode>0</Opcode>
      <Keywords>0x8000000000000000</Keywords>
      <TimeCreated SystemTime=""2023-12-27T22:42:18.9164593Z""/>
      <EventRecordID>19617</EventRecordID>
      <Correlation/>
      <Execution ProcessID=""3588"" ThreadID=""5124""/>
      <Channel>Microsoft-Windows-Sysmon/Operational</Channel>
      <Computer>WinDev2309Eval</Computer>
      <Security UserID=""S-1-5-18""/>
    </System>
    <EventData>
      <Data Name=""RuleName"">-</Data>
      <Data Name=""UtcTime"">2023-12-27 22:42:18.915</Data>
      <Data Name=""ProcessGuid"">{f57bd86a-a84a-658c-f001-000000000f00}</Data>
      <Data Name=""ProcessId"">5000</Data>
      <Data Name=""Image"">C:\Windows\Installer\MSI8E7D.tmp</Data>
      <Data Name=""FileVersion"">0.0.0.0</Data>
      <Data Name=""Description""> </Data>
      <Data Name=""Product"">-</Data>
      <Data Name=""Company"">-</Data>
      <Data Name=""OriginalFileName"">PrintArgs.exe</Data>
      <Data Name=""CommandLine"">""C:\Windows\Installer\MSI8E7D.tmp"" ""Hello, Atomic Red Team from an EXE!""</Data>
      <Data Name=""CurrentDirectory"">C:\Windows\system32\</Data>
      <Data Name=""User"">WINDEV2309EVAL\User</Data>
      <Data Name=""LogonGuid"">{f57bd86a-36f9-658c-7bf8-020000000000}</Data>
      <Data Name=""LogonId"">0x2f87b</Data>
      <Data Name=""TerminalSessionId"">1</Data>
      <Data Name=""IntegrityLevel"">Medium</Data>
      <Data Name=""Hashes"">MD5=712BD86DBDB06FD26F245F24BEE2F999,SHA256=DA97C4B389579841D5627E0C06FF7B8452121DF34BA5453819F74F071157CC9E,IMPHASH=F34D5F2D4577ED6D9CEEC516C1F5A744</Data>
      <Data Name=""ParentProcessGuid"">{f57bd86a-a83a-658c-c701-000000000f00}</Data>
      <Data Name=""ParentProcessId"">3264</Data>
      <Data Name=""ParentImage"">C:\Windows\System32\msiexec.exe</Data>
      <Data Name=""ParentCommandLine"">C:\Windows\system32\msiexec.exe /V</Data>
      <Data Name=""ParentUser"">NT AUTHORITY\SYSTEM</Data>
    </EventData>
    <RenderingInfo Culture=""en-US"">
      <Message>Process Create:

RuleName: -

UtcTime: 2023-12-27 22:42:18.915

ProcessGuid: {f57bd86a-a84a-658c-f001-000000000f00}

ProcessId: 5000

Image: C:\Windows\Installer\MSI8E7D.tmp

FileVersion: 0.0.0.0

Description:  

Product: -

Company: -

OriginalFileName: PrintArgs.exe

CommandLine: ""C:\Windows\Installer\MSI8E7D.tmp"" ""Hello, Atomic Red Team from an EXE!""

CurrentDirectory: C:\Windows\system32\

User: WINDEV2309EVAL\User

LogonGuid: {f57bd86a-36f9-658c-7bf8-020000000000}

LogonId: 0x2F87B

TerminalSessionId: 1

IntegrityLevel: Medium

Hashes: MD5=712BD86DBDB06FD26F245F24BEE2F999,SHA256=DA97C4B389579841D5627E0C06FF7B8452121DF34BA5453819F74F071157CC9E,IMPHASH=F34D5F2D4577ED6D9CEEC516C1F5A744

ParentProcessGuid: {f57bd86a-a83a-658c-c701-000000000f00}

ParentProcessId: 3264

ParentImage: C:\Windows\System32\msiexec.exe

ParentCommandLine: C:\Windows\system32\msiexec.exe /V

ParentUser: NT AUTHORITY\SYSTEM</Message>
      <Level>Information</Level>
      <Task>Process Create (rule: ProcessCreate)</Task>
      <Opcode>Info</Opcode>
    </RenderingInfo>
  </Event>
  
"
Microsoft-Windows-Sysmon/Operational,,,WinDev2309Eval,2023-12-27 22:42:17.738,,,,,,,,,11,19616,,,,C:\Windows\System32\WindowsPowerShell\v1.0\powershell.exe,,,0x8000000000000000,Information,,,"File created:

RuleName: -

UtcTime: 2023-12-27 22:42:17.738

ProcessGuid: {f57bd86a-a849-658c-ee01-000000000f00}

ProcessId: 6100

Image: C:\Windows\System32\WindowsPowerShell\v1.0\powershell.exe

TargetFilename: C:\Users\User\AppData\Local\Temp\__PSScriptPolicyTest_0iwmalzu.gem.ps1

CreationUtcTime: 2023-12-27 22:42:17.738

User: WINDEV2309EVAL\User",Info,,,,,,,{f57bd86a-a849-658c-ee01-000000000f00},3588,6100,,,,,,"
      ",-,,,,,,2023-12-27T22:42:17.7565853Z,C:\Users\User\AppData\Local\Temp\__PSScriptPolicyTest_0iwmalzu.gem.ps1,,File created (rule: FileCreate),,5124,WINDEV2309EVAL\User,S-1-5-18,2023-12-27 22:42:17.738,2,"<Event xmlns=""http://schemas.microsoft.com/win/2004/08/events/event"">
    <System>
      <Provider Name=""Microsoft-Windows-Sysmon"" Guid=""{5770385f-c22a-43e0-bf4c-06f5698ffbd9}""/>
      <EventID>11</EventID>
      <Version>2</Version>
      <Level>4</Level>
      <Task>11</Task>
      <Opcode>0</Opcode>
      <Keywords>0x8000000000000000</Keywords>
      <TimeCreated SystemTime=""2023-12-27T22:42:17.7565853Z""/>
      <EventRecordID>19616</EventRecordID>
      <Correlation/>
      <Execution ProcessID=""3588"" ThreadID=""5124""/>
      <Channel>Microsoft-Windows-Sysmon/Operational</Channel>
      <Computer>WinDev2309Eval</Computer>
      <Security UserID=""S-1-5-18""/>
    </System>
    <EventData>
      <Data Name=""RuleName"">-</Data>
      <Data Name=""UtcTime"">2023-12-27 22:42:17.738</Data>
      <Data Name=""ProcessGuid"">{f57bd86a-a849-658c-ee01-000000000f00}</Data>
      <Data Name=""ProcessId"">6100</Data>
      <Data Name=""Image"">C:\Windows\System32\WindowsPowerShell\v1.0\powershell.exe</Data>
      <Data Name=""TargetFilename"">C:\Users\User\AppData\Local\Temp\__PSScriptPolicyTest_0iwmalzu.gem.ps1</Data>
      <Data Name=""CreationUtcTime"">2023-12-27 22:42:17.738</Data>
      <Data Name=""User"">WINDEV2309EVAL\User</Data>
    </EventData>
    <RenderingInfo Culture=""en-US"">
      <Message>File created:

RuleName: -

UtcTime: 2023-12-27 22:42:17.738

ProcessGuid: {f57bd86a-a849-658c-ee01-000000000f00}

ProcessId: 6100

Image: C:\Windows\System32\WindowsPowerShell\v1.0\powershell.exe

TargetFilename: C:\Users\User\AppData\Local\Temp\__PSScriptPolicyTest_0iwmalzu.gem.ps1

CreationUtcTime: 2023-12-27 22:42:17.738

User: WINDEV2309EVAL\User</Message>
      <Level>Information</Level>
      <Task>File created (rule: FileCreate)</Task>
      <Opcode>Info</Opcode>
    </RenderingInfo>
  </Event>
  
"
Microsoft-Windows-Sysmon/Operational,"""powershell.exe"" & {Invoke-CimMethod -ClassName Win32_Product -MethodName Install -Arguments @{ PackageLocation = 'C:\AtomicRedTeam\atomics\T1218.007\bin\T1218.007_EXE.msi' }}",Microsoft Corporation,WinDev2309Eval,,C:\Users\User\AppData\Local\Temp\,Windows PowerShell,,,,,,,1,19615,,10.0.22621.2506 (WinBuild.160101.0800),"MD5=2D1D70C92A419D9079B047954C611886,SHA256=C50057756CDB25D481CF2502ABCEF124F864C27618C5057468BFC6B82B2C4EDD,IMPHASH=E09C4F82A1DA13A09F4FF2E625FEBA20",C:\Windows\System32\WindowsPowerShell\v1.0\powershell.exe,,Medium,0x8000000000000000,Information,{f57bd86a-36f9-658c-7bf8-020000000000},0x2f87b,"Process Create:

RuleName: -

UtcTime: 2023-12-27 22:42:17.549

ProcessGuid: {f57bd86a-a849-658c-ee01-000000000f00}

ProcessId: 6100

Image: C:\Windows\System32\WindowsPowerShell\v1.0\powershell.exe

FileVersion: 10.0.22621.2506 (WinBuild.160101.0800)

Description: Windows PowerShell

Product: Microsoft® Windows® Operating System

Company: Microsoft Corporation

OriginalFileName: PowerShell.EXE

CommandLine: ""powershell.exe"" & {Invoke-CimMethod -ClassName Win32_Product -MethodName Install -Arguments @{ PackageLocation = 'C:\AtomicRedTeam\atomics\T1218.007\bin\T1218.007_EXE.msi' }}

CurrentDirectory: C:\Users\User\AppData\Local\Temp\

User: WINDEV2309EVAL\User

LogonGuid: {f57bd86a-36f9-658c-7bf8-020000000000}

LogonId: 0x2F87B

TerminalSessionId: 1

IntegrityLevel: Medium

Hashes: MD5=2D1D70C92A419D9079B047954C611886,SHA256=C50057756CDB25D481CF2502ABCEF124F864C27618C5057468BFC6B82B2C4EDD,IMPHASH=E09C4F82A1DA13A09F4FF2E625FEBA20

ParentProcessGuid: {00000000-0000-0000-0000-000000000000}

ParentProcessId: 1688

ParentImage: -

ParentCommandLine: -

ParentUser: -",Info,PowerShell.EXE,-,-,{00000000-0000-0000-0000-000000000000},1688,-,{f57bd86a-a849-658c-ee01-000000000f00},3588,6100,Microsoft® Windows® Operating System,,,,,"
      ",-,,,,,,2023-12-27T22:42:17.5528448Z,,,Process Create (rule: ProcessCreate),1,5124,WINDEV2309EVAL\User,S-1-5-18,2023-12-27 22:42:17.549,5,"<Event xmlns=""http://schemas.microsoft.com/win/2004/08/events/event"">
    <System>
      <Provider Name=""Microsoft-Windows-Sysmon"" Guid=""{5770385f-c22a-43e0-bf4c-06f5698ffbd9}""/>
      <EventID>1</EventID>
      <Version>5</Version>
      <Level>4</Level>
      <Task>1</Task>
      <Opcode>0</Opcode>
      <Keywords>0x8000000000000000</Keywords>
      <TimeCreated SystemTime=""2023-12-27T22:42:17.5528448Z""/>
      <EventRecordID>19615</EventRecordID>
      <Correlation/>
      <Execution ProcessID=""3588"" ThreadID=""5124""/>
      <Channel>Microsoft-Windows-Sysmon/Operational</Channel>
      <Computer>WinDev2309Eval</Computer>
      <Security UserID=""S-1-5-18""/>
    </System>
    <EventData>
      <Data Name=""RuleName"">-</Data>
      <Data Name=""UtcTime"">2023-12-27 22:42:17.549</Data>
      <Data Name=""ProcessGuid"">{f57bd86a-a849-658c-ee01-000000000f00}</Data>
      <Data Name=""ProcessId"">6100</Data>
      <Data Name=""Image"">C:\Windows\System32\WindowsPowerShell\v1.0\powershell.exe</Data>
      <Data Name=""FileVersion"">10.0.22621.2506 (WinBuild.160101.0800)</Data>
      <Data Name=""Description"">Windows PowerShell</Data>
      <Data Name=""Product"">Microsoft&#174; Windows&#174; Operating System</Data>
      <Data Name=""Company"">Microsoft Corporation</Data>
      <Data Name=""OriginalFileName"">PowerShell.EXE</Data>
      <Data Name=""CommandLine"">""powershell.exe"" &amp; {Invoke-CimMethod -ClassName Win32_Product -MethodName Install -Arguments @{ PackageLocation = 'C:\AtomicRedTeam\atomics\T1218.007\bin\T1218.007_EXE.msi' }}</Data>
      <Data Name=""CurrentDirectory"">C:\Users\User\AppData\Local\Temp\</Data>
      <Data Name=""User"">WINDEV2309EVAL\User</Data>
      <Data Name=""LogonGuid"">{f57bd86a-36f9-658c-7bf8-020000000000}</Data>
      <Data Name=""LogonId"">0x2f87b</Data>
      <Data Name=""TerminalSessionId"">1</Data>
      <Data Name=""IntegrityLevel"">Medium</Data>
      <Data Name=""Hashes"">MD5=2D1D70C92A419D9079B047954C611886,SHA256=C50057756CDB25D481CF2502ABCEF124F864C27618C5057468BFC6B82B2C4EDD,IMPHASH=E09C4F82A1DA13A09F4FF2E625FEBA20</Data>
      <Data Name=""ParentProcessGuid"">{00000000-0000-0000-0000-000000000000}</Data>
      <Data Name=""ParentProcessId"">1688</Data>
      <Data Name=""ParentImage"">-</Data>
      <Data Name=""ParentCommandLine"">-</Data>
      <Data Name=""ParentUser"">-</Data>
    </EventData>
    <RenderingInfo Culture=""en-US"">
      <Message>Process Create:

RuleName: -

UtcTime: 2023-12-27 22:42:17.549

ProcessGuid: {f57bd86a-a849-658c-ee01-000000000f00}

ProcessId: 6100

Image: C:\Windows\System32\WindowsPowerShell\v1.0\powershell.exe

FileVersion: 10.0.22621.2506 (WinBuild.160101.0800)

Description: Windows PowerShell

Product: Microsoft&#174; Windows&#174; Operating System

Company: Microsoft Corporation

OriginalFileName: PowerShell.EXE

CommandLine: ""powershell.exe"" &amp; {Invoke-CimMethod -ClassName Win32_Product -MethodName Install -Arguments @{ PackageLocation = 'C:\AtomicRedTeam\atomics\T1218.007\bin\T1218.007_EXE.msi' }}

CurrentDirectory: C:\Users\User\AppData\Local\Temp\

User: WINDEV2309EVAL\User

LogonGuid: {f57bd86a-36f9-658c-7bf8-020000000000}

LogonId: 0x2F87B

TerminalSessionId: 1

IntegrityLevel: Medium

Hashes: MD5=2D1D70C92A419D9079B047954C611886,SHA256=C50057756CDB25D481CF2502ABCEF124F864C27618C5057468BFC6B82B2C4EDD,IMPHASH=E09C4F82A1DA13A09F4FF2E625FEBA20

ParentProcessGuid: {00000000-0000-0000-0000-000000000000}

ParentProcessId: 1688

ParentImage: -

ParentCommandLine: -

ParentUser: -</Message>
      <Level>Information</Level>
      <Task>Process Create (rule: ProcessCreate)</Task>
      <Opcode>Info</Opcode>
    </RenderingInfo>
  </Event>
  
"
Microsoft-Windows-Sysmon/Operational,,,WinDev2309Eval,2023-12-27 22:42:17.422,,,,,,,,,11,19614,,,,C:\Windows\System32\WindowsPowerShell\v1.0\powershell.exe,,,0x8000000000000000,Information,,,"File created:

RuleName: -

UtcTime: 2023-12-27 22:42:17.422

ProcessGuid: {f57bd86a-a849-658c-ec01-000000000f00}

ProcessId: 5636

Image: C:\Windows\System32\WindowsPowerShell\v1.0\powershell.exe

TargetFilename: C:\Users\User\AppData\Local\Temp\__PSScriptPolicyTest_zbjovhlt.s4u.ps1

CreationUtcTime: 2023-12-27 22:42:17.422

User: WINDEV2309EVAL\User",Info,,,,,,,{f57bd86a-a849-658c-ec01-000000000f00},3588,5636,,,,,,"
      ",-,,,,,,2023-12-27T22:42:17.4381920Z,C:\Users\User\AppData\Local\Temp\__PSScriptPolicyTest_zbjovhlt.s4u.ps1,,File created (rule: FileCreate),,5124,WINDEV2309EVAL\User,S-1-5-18,2023-12-27 22:42:17.422,2,"<Event xmlns=""http://schemas.microsoft.com/win/2004/08/events/event"">
    <System>
      <Provider Name=""Microsoft-Windows-Sysmon"" Guid=""{5770385f-c22a-43e0-bf4c-06f5698ffbd9}""/>
      <EventID>11</EventID>
      <Version>2</Version>
      <Level>4</Level>
      <Task>11</Task>
      <Opcode>0</Opcode>
      <Keywords>0x8000000000000000</Keywords>
      <TimeCreated SystemTime=""2023-12-27T22:42:17.4381920Z""/>
      <EventRecordID>19614</EventRecordID>
      <Correlation/>
      <Execution ProcessID=""3588"" ThreadID=""5124""/>
      <Channel>Microsoft-Windows-Sysmon/Operational</Channel>
      <Computer>WinDev2309Eval</Computer>
      <Security UserID=""S-1-5-18""/>
    </System>
    <EventData>
      <Data Name=""RuleName"">-</Data>
      <Data Name=""UtcTime"">2023-12-27 22:42:17.422</Data>
      <Data Name=""ProcessGuid"">{f57bd86a-a849-658c-ec01-000000000f00}</Data>
      <Data Name=""ProcessId"">5636</Data>
      <Data Name=""Image"">C:\Windows\System32\WindowsPowerShell\v1.0\powershell.exe</Data>
      <Data Name=""TargetFilename"">C:\Users\User\AppData\Local\Temp\__PSScriptPolicyTest_zbjovhlt.s4u.ps1</Data>
      <Data Name=""CreationUtcTime"">2023-12-27 22:42:17.422</Data>
      <Data Name=""User"">WINDEV2309EVAL\User</Data>
    </EventData>
    <RenderingInfo Culture=""en-US"">
      <Message>File created:

RuleName: -

UtcTime: 2023-12-27 22:42:17.422

ProcessGuid: {f57bd86a-a849-658c-ec01-000000000f00}

ProcessId: 5636

Image: C:\Windows\System32\WindowsPowerShell\v1.0\powershell.exe

TargetFilename: C:\Users\User\AppData\Local\Temp\__PSScriptPolicyTest_zbjovhlt.s4u.ps1

CreationUtcTime: 2023-12-27 22:42:17.422

User: WINDEV2309EVAL\User</Message>
      <Level>Information</Level>
      <Task>File created (rule: FileCreate)</Task>
      <Opcode>Info</Opcode>
    </RenderingInfo>
  </Event>
  
"
Microsoft-Windows-Sysmon/Operational,powershell.exe -nop -Command Write-Host CustomAction export executed me; exit,Microsoft Corporation,WinDev2309Eval,,C:\Windows\system32\,Windows PowerShell,,,,,,,1,19613,,10.0.22621.2506 (WinBuild.160101.0800),"MD5=2D1D70C92A419D9079B047954C611886,SHA256=C50057756CDB25D481CF2502ABCEF124F864C27618C5057468BFC6B82B2C4EDD,IMPHASH=E09C4F82A1DA13A09F4FF2E625FEBA20",C:\Windows\System32\WindowsPowerShell\v1.0\powershell.exe,,Medium,0x8000000000000000,Information,{f57bd86a-36f9-658c-7bf8-020000000000},0x2f87b,"Process Create:

RuleName: -

UtcTime: 2023-12-27 22:42:17.326

ProcessGuid: {f57bd86a-a849-658c-ec01-000000000f00}

ProcessId: 5636

Image: C:\Windows\System32\WindowsPowerShell\v1.0\powershell.exe

FileVersion: 10.0.22621.2506 (WinBuild.160101.0800)

Description: Windows PowerShell

Product: Microsoft® Windows® Operating System

Company: Microsoft Corporation

OriginalFileName: PowerShell.EXE

CommandLine: powershell.exe -nop -Command Write-Host CustomAction export executed me; exit

CurrentDirectory: C:\Windows\system32\

User: WINDEV2309EVAL\User

LogonGuid: {f57bd86a-36f9-658c-7bf8-020000000000}

LogonId: 0x2F87B

TerminalSessionId: 1

IntegrityLevel: Medium

Hashes: MD5=2D1D70C92A419D9079B047954C611886,SHA256=C50057756CDB25D481CF2502ABCEF124F864C27618C5057468BFC6B82B2C4EDD,IMPHASH=E09C4F82A1DA13A09F4FF2E625FEBA20

ParentProcessGuid: {f57bd86a-a849-658c-eb01-000000000f00}

ParentProcessId: 6256

ParentImage: C:\Windows\System32\msiexec.exe

ParentCommandLine: C:\Windows\System32\MsiExec.exe -Embedding 61BDDA95B72234EAB1F41306F40AB2DE

ParentUser: WINDEV2309EVAL\User",Info,PowerShell.EXE,C:\Windows\System32\MsiExec.exe -Embedding 61BDDA95B72234EAB1F41306F40AB2DE,C:\Windows\System32\msiexec.exe,{f57bd86a-a849-658c-eb01-000000000f00},6256,WINDEV2309EVAL\User,{f57bd86a-a849-658c-ec01-000000000f00},3588,5636,Microsoft® Windows® Operating System,,,,,"
      ",-,,,,,,2023-12-27T22:42:17.3275970Z,,,Process Create (rule: ProcessCreate),1,5124,WINDEV2309EVAL\User,S-1-5-18,2023-12-27 22:42:17.326,5,"<Event xmlns=""http://schemas.microsoft.com/win/2004/08/events/event"">
    <System>
      <Provider Name=""Microsoft-Windows-Sysmon"" Guid=""{5770385f-c22a-43e0-bf4c-06f5698ffbd9}""/>
      <EventID>1</EventID>
      <Version>5</Version>
      <Level>4</Level>
      <Task>1</Task>
      <Opcode>0</Opcode>
      <Keywords>0x8000000000000000</Keywords>
      <TimeCreated SystemTime=""2023-12-27T22:42:17.3275970Z""/>
      <EventRecordID>19613</EventRecordID>
      <Correlation/>
      <Execution ProcessID=""3588"" ThreadID=""5124""/>
      <Channel>Microsoft-Windows-Sysmon/Operational</Channel>
      <Computer>WinDev2309Eval</Computer>
      <Security UserID=""S-1-5-18""/>
    </System>
    <EventData>
      <Data Name=""RuleName"">-</Data>
      <Data Name=""UtcTime"">2023-12-27 22:42:17.326</Data>
      <Data Name=""ProcessGuid"">{f57bd86a-a849-658c-ec01-000000000f00}</Data>
      <Data Name=""ProcessId"">5636</Data>
      <Data Name=""Image"">C:\Windows\System32\WindowsPowerShell\v1.0\powershell.exe</Data>
      <Data Name=""FileVersion"">10.0.22621.2506 (WinBuild.160101.0800)</Data>
      <Data Name=""Description"">Windows PowerShell</Data>
      <Data Name=""Product"">Microsoft&#174; Windows&#174; Operating System</Data>
      <Data Name=""Company"">Microsoft Corporation</Data>
      <Data Name=""OriginalFileName"">PowerShell.EXE</Data>
      <Data Name=""CommandLine"">powershell.exe -nop -Command Write-Host CustomAction export executed me; exit</Data>
      <Data Name=""CurrentDirectory"">C:\Windows\system32\</Data>
      <Data Name=""User"">WINDEV2309EVAL\User</Data>
      <Data Name=""LogonGuid"">{f57bd86a-36f9-658c-7bf8-020000000000}</Data>
      <Data Name=""LogonId"">0x2f87b</Data>
      <Data Name=""TerminalSessionId"">1</Data>
      <Data Name=""IntegrityLevel"">Medium</Data>
      <Data Name=""Hashes"">MD5=2D1D70C92A419D9079B047954C611886,SHA256=C50057756CDB25D481CF2502ABCEF124F864C27618C5057468BFC6B82B2C4EDD,IMPHASH=E09C4F82A1DA13A09F4FF2E625FEBA20</Data>
      <Data Name=""ParentProcessGuid"">{f57bd86a-a849-658c-eb01-000000000f00}</Data>
      <Data Name=""ParentProcessId"">6256</Data>
      <Data Name=""ParentImage"">C:\Windows\System32\msiexec.exe</Data>
      <Data Name=""ParentCommandLine"">C:\Windows\System32\MsiExec.exe -Embedding 61BDDA95B72234EAB1F41306F40AB2DE</Data>
      <Data Name=""ParentUser"">WINDEV2309EVAL\User</Data>
    </EventData>
    <RenderingInfo Culture=""en-US"">
      <Message>Process Create:

RuleName: -

UtcTime: 2023-12-27 22:42:17.326

ProcessGuid: {f57bd86a-a849-658c-ec01-000000000f00}

ProcessId: 5636

Image: C:\Windows\System32\WindowsPowerShell\v1.0\powershell.exe

FileVersion: 10.0.22621.2506 (WinBuild.160101.0800)

Description: Windows PowerShell

Product: Microsoft&#174; Windows&#174; Operating System

Company: Microsoft Corporation

OriginalFileName: PowerShell.EXE

CommandLine: powershell.exe -nop -Command Write-Host CustomAction export executed me; exit

CurrentDirectory: C:\Windows\system32\

User: WINDEV2309EVAL\User

LogonGuid: {f57bd86a-36f9-658c-7bf8-020000000000}

LogonId: 0x2F87B

TerminalSessionId: 1

IntegrityLevel: Medium

Hashes: MD5=2D1D70C92A419D9079B047954C611886,SHA256=C50057756CDB25D481CF2502ABCEF124F864C27618C5057468BFC6B82B2C4EDD,IMPHASH=E09C4F82A1DA13A09F4FF2E625FEBA20

ParentProcessGuid: {f57bd86a-a849-658c-eb01-000000000f00}

ParentProcessId: 6256

ParentImage: C:\Windows\System32\msiexec.exe

ParentCommandLine: C:\Windows\System32\MsiExec.exe -Embedding 61BDDA95B72234EAB1F41306F40AB2DE

ParentUser: WINDEV2309EVAL\User</Message>
      <Level>Information</Level>
      <Task>Process Create (rule: ProcessCreate)</Task>
      <Opcode>Info</Opcode>
    </RenderingInfo>
  </Event>
  
"
Microsoft-Windows-Sysmon/Operational,C:\Windows\System32\MsiExec.exe -Embedding 61BDDA95B72234EAB1F41306F40AB2DE,Microsoft Corporation,WinDev2309Eval,,C:\Windows\system32\,Windows® installer,,,,,,,1,19612,,5.0.22621.1 (WinBuild.160101.0800),"MD5=302BE4B7434E679769029C8570825CC0,SHA256=5A31EA6A517A065166FAFA01A0AC6A350D0E2DCBA1B6DD4FDB41AE59109568E1,IMPHASH=0990A9500FF8DF93E0E059EE13E7C796",C:\Windows\System32\msiexec.exe,,Medium,0x8000000000000000,Information,{f57bd86a-36f9-658c-7bf8-020000000000},0x2f87b,"Process Create:

RuleName: -

UtcTime: 2023-12-27 22:42:17.245

ProcessGuid: {f57bd86a-a849-658c-eb01-000000000f00}

ProcessId: 6256

Image: C:\Windows\System32\msiexec.exe

FileVersion: 5.0.22621.1 (WinBuild.160101.0800)

Description: Windows® installer

Product: Windows Installer - Unicode

Company: Microsoft Corporation

OriginalFileName: msiexec.exe

CommandLine: C:\Windows\System32\MsiExec.exe -Embedding 61BDDA95B72234EAB1F41306F40AB2DE

CurrentDirectory: C:\Windows\system32\

User: WINDEV2309EVAL\User

LogonGuid: {f57bd86a-36f9-658c-7bf8-020000000000}

LogonId: 0x2F87B

TerminalSessionId: 1

IntegrityLevel: Medium

Hashes: MD5=302BE4B7434E679769029C8570825CC0,SHA256=5A31EA6A517A065166FAFA01A0AC6A350D0E2DCBA1B6DD4FDB41AE59109568E1,IMPHASH=0990A9500FF8DF93E0E059EE13E7C796

ParentProcessGuid: {f57bd86a-a83a-658c-c701-000000000f00}

ParentProcessId: 3264

ParentImage: C:\Windows\System32\msiexec.exe

ParentCommandLine: C:\Windows\system32\msiexec.exe /V

ParentUser: NT AUTHORITY\SYSTEM",Info,msiexec.exe,C:\Windows\system32\msiexec.exe /V,C:\Windows\System32\msiexec.exe,{f57bd86a-a83a-658c-c701-000000000f00},3264,NT AUTHORITY\SYSTEM,{f57bd86a-a849-658c-eb01-000000000f00},3588,6256,Windows Installer - Unicode,,,,,"
      ",-,,,,,,2023-12-27T22:42:17.2461376Z,,,Process Create (rule: ProcessCreate),1,5124,WINDEV2309EVAL\User,S-1-5-18,2023-12-27 22:42:17.245,5,"<Event xmlns=""http://schemas.microsoft.com/win/2004/08/events/event"">
    <System>
      <Provider Name=""Microsoft-Windows-Sysmon"" Guid=""{5770385f-c22a-43e0-bf4c-06f5698ffbd9}""/>
      <EventID>1</EventID>
      <Version>5</Version>
      <Level>4</Level>
      <Task>1</Task>
      <Opcode>0</Opcode>
      <Keywords>0x8000000000000000</Keywords>
      <TimeCreated SystemTime=""2023-12-27T22:42:17.2461376Z""/>
      <EventRecordID>19612</EventRecordID>
      <Correlation/>
      <Execution ProcessID=""3588"" ThreadID=""5124""/>
      <Channel>Microsoft-Windows-Sysmon/Operational</Channel>
      <Computer>WinDev2309Eval</Computer>
      <Security UserID=""S-1-5-18""/>
    </System>
    <EventData>
      <Data Name=""RuleName"">-</Data>
      <Data Name=""UtcTime"">2023-12-27 22:42:17.245</Data>
      <Data Name=""ProcessGuid"">{f57bd86a-a849-658c-eb01-000000000f00}</Data>
      <Data Name=""ProcessId"">6256</Data>
      <Data Name=""Image"">C:\Windows\System32\msiexec.exe</Data>
      <Data Name=""FileVersion"">5.0.22621.1 (WinBuild.160101.0800)</Data>
      <Data Name=""Description"">Windows&#174; installer</Data>
      <Data Name=""Product"">Windows Installer - Unicode</Data>
      <Data Name=""Company"">Microsoft Corporation</Data>
      <Data Name=""OriginalFileName"">msiexec.exe</Data>
      <Data Name=""CommandLine"">C:\Windows\System32\MsiExec.exe -Embedding 61BDDA95B72234EAB1F41306F40AB2DE</Data>
      <Data Name=""CurrentDirectory"">C:\Windows\system32\</Data>
      <Data Name=""User"">WINDEV2309EVAL\User</Data>
      <Data Name=""LogonGuid"">{f57bd86a-36f9-658c-7bf8-020000000000}</Data>
      <Data Name=""LogonId"">0x2f87b</Data>
      <Data Name=""TerminalSessionId"">1</Data>
      <Data Name=""IntegrityLevel"">Medium</Data>
      <Data Name=""Hashes"">MD5=302BE4B7434E679769029C8570825CC0,SHA256=5A31EA6A517A065166FAFA01A0AC6A350D0E2DCBA1B6DD4FDB41AE59109568E1,IMPHASH=0990A9500FF8DF93E0E059EE13E7C796</Data>
      <Data Name=""ParentProcessGuid"">{f57bd86a-a83a-658c-c701-000000000f00}</Data>
      <Data Name=""ParentProcessId"">3264</Data>
      <Data Name=""ParentImage"">C:\Windows\System32\msiexec.exe</Data>
      <Data Name=""ParentCommandLine"">C:\Windows\system32\msiexec.exe /V</Data>
      <Data Name=""ParentUser"">NT AUTHORITY\SYSTEM</Data>
    </EventData>
    <RenderingInfo Culture=""en-US"">
      <Message>Process Create:

RuleName: -

UtcTime: 2023-12-27 22:42:17.245

ProcessGuid: {f57bd86a-a849-658c-eb01-000000000f00}

ProcessId: 6256

Image: C:\Windows\System32\msiexec.exe

FileVersion: 5.0.22621.1 (WinBuild.160101.0800)

Description: Windows&#174; installer

Product: Windows Installer - Unicode

Company: Microsoft Corporation

OriginalFileName: msiexec.exe

CommandLine: C:\Windows\System32\MsiExec.exe -Embedding 61BDDA95B72234EAB1F41306F40AB2DE

CurrentDirectory: C:\Windows\system32\

User: WINDEV2309EVAL\User

LogonGuid: {f57bd86a-36f9-658c-7bf8-020000000000}

LogonId: 0x2F87B

TerminalSessionId: 1

IntegrityLevel: Medium

Hashes: MD5=302BE4B7434E679769029C8570825CC0,SHA256=5A31EA6A517A065166FAFA01A0AC6A350D0E2DCBA1B6DD4FDB41AE59109568E1,IMPHASH=0990A9500FF8DF93E0E059EE13E7C796

ParentProcessGuid: {f57bd86a-a83a-658c-c701-000000000f00}

ParentProcessId: 3264

ParentImage: C:\Windows\System32\msiexec.exe

ParentCommandLine: C:\Windows\system32\msiexec.exe /V

ParentUser: NT AUTHORITY\SYSTEM</Message>
      <Level>Information</Level>
      <Task>Process Create (rule: ProcessCreate)</Task>
      <Opcode>Info</Opcode>
    </RenderingInfo>
  </Event>
  
"
Microsoft-Windows-Sysmon/Operational,,,WinDev2309Eval,2023-12-27 22:42:16.115,,,,,,,,,11,19611,,,,C:\Windows\System32\WindowsPowerShell\v1.0\powershell.exe,,,0x8000000000000000,Information,,,"File created:

RuleName: -

UtcTime: 2023-12-27 22:42:16.115

ProcessGuid: {f57bd86a-a848-658c-e901-000000000f00}

ProcessId: 10416

Image: C:\Windows\System32\WindowsPowerShell\v1.0\powershell.exe

TargetFilename: C:\Users\User\AppData\Local\Temp\__PSScriptPolicyTest_n32bokqa.ahb.ps1

CreationUtcTime: 2023-12-27 22:42:16.115

User: WINDEV2309EVAL\User",Info,,,,,,,{f57bd86a-a848-658c-e901-000000000f00},3588,10416,,,,,,"
      ",-,,,,,,2023-12-27T22:42:16.1302826Z,C:\Users\User\AppData\Local\Temp\__PSScriptPolicyTest_n32bokqa.ahb.ps1,,File created (rule: FileCreate),,5124,WINDEV2309EVAL\User,S-1-5-18,2023-12-27 22:42:16.115,2,"<Event xmlns=""http://schemas.microsoft.com/win/2004/08/events/event"">
    <System>
      <Provider Name=""Microsoft-Windows-Sysmon"" Guid=""{5770385f-c22a-43e0-bf4c-06f5698ffbd9}""/>
      <EventID>11</EventID>
      <Version>2</Version>
      <Level>4</Level>
      <Task>11</Task>
      <Opcode>0</Opcode>
      <Keywords>0x8000000000000000</Keywords>
      <TimeCreated SystemTime=""2023-12-27T22:42:16.1302826Z""/>
      <EventRecordID>19611</EventRecordID>
      <Correlation/>
      <Execution ProcessID=""3588"" ThreadID=""5124""/>
      <Channel>Microsoft-Windows-Sysmon/Operational</Channel>
      <Computer>WinDev2309Eval</Computer>
      <Security UserID=""S-1-5-18""/>
    </System>
    <EventData>
      <Data Name=""RuleName"">-</Data>
      <Data Name=""UtcTime"">2023-12-27 22:42:16.115</Data>
      <Data Name=""ProcessGuid"">{f57bd86a-a848-658c-e901-000000000f00}</Data>
      <Data Name=""ProcessId"">10416</Data>
      <Data Name=""Image"">C:\Windows\System32\WindowsPowerShell\v1.0\powershell.exe</Data>
      <Data Name=""TargetFilename"">C:\Users\User\AppData\Local\Temp\__PSScriptPolicyTest_n32bokqa.ahb.ps1</Data>
      <Data Name=""CreationUtcTime"">2023-12-27 22:42:16.115</Data>
      <Data Name=""User"">WINDEV2309EVAL\User</Data>
    </EventData>
    <RenderingInfo Culture=""en-US"">
      <Message>File created:

RuleName: -

UtcTime: 2023-12-27 22:42:16.115

ProcessGuid: {f57bd86a-a848-658c-e901-000000000f00}

ProcessId: 10416

Image: C:\Windows\System32\WindowsPowerShell\v1.0\powershell.exe

TargetFilename: C:\Users\User\AppData\Local\Temp\__PSScriptPolicyTest_n32bokqa.ahb.ps1

CreationUtcTime: 2023-12-27 22:42:16.115

User: WINDEV2309EVAL\User</Message>
      <Level>Information</Level>
      <Task>File created (rule: FileCreate)</Task>
      <Opcode>Info</Opcode>
    </RenderingInfo>
  </Event>
  
"
Microsoft-Windows-Sysmon/Operational,"""powershell.exe"" & {Invoke-CimMethod -ClassName Win32_Product -MethodName Install -Arguments @{ PackageLocation = 'C:\AtomicRedTeam\atomics\T1218.007\bin\T1218.007_DLL.msi' }}",Microsoft Corporation,WinDev2309Eval,,C:\Users\User\AppData\Local\Temp\,Windows PowerShell,,,,,,,1,19610,,10.0.22621.2506 (WinBuild.160101.0800),"MD5=2D1D70C92A419D9079B047954C611886,SHA256=C50057756CDB25D481CF2502ABCEF124F864C27618C5057468BFC6B82B2C4EDD,IMPHASH=E09C4F82A1DA13A09F4FF2E625FEBA20",C:\Windows\System32\WindowsPowerShell\v1.0\powershell.exe,,Medium,0x8000000000000000,Information,{f57bd86a-36f9-658c-7bf8-020000000000},0x2f87b,"Process Create:

RuleName: -

UtcTime: 2023-12-27 22:42:16.018

ProcessGuid: {f57bd86a-a848-658c-e901-000000000f00}

ProcessId: 10416

Image: C:\Windows\System32\WindowsPowerShell\v1.0\powershell.exe

FileVersion: 10.0.22621.2506 (WinBuild.160101.0800)

Description: Windows PowerShell

Product: Microsoft® Windows® Operating System

Company: Microsoft Corporation

OriginalFileName: PowerShell.EXE

CommandLine: ""powershell.exe"" & {Invoke-CimMethod -ClassName Win32_Product -MethodName Install -Arguments @{ PackageLocation = 'C:\AtomicRedTeam\atomics\T1218.007\bin\T1218.007_DLL.msi' }}

CurrentDirectory: C:\Users\User\AppData\Local\Temp\

User: WINDEV2309EVAL\User

LogonGuid: {f57bd86a-36f9-658c-7bf8-020000000000}

LogonId: 0x2F87B

TerminalSessionId: 1

IntegrityLevel: Medium

Hashes: MD5=2D1D70C92A419D9079B047954C611886,SHA256=C50057756CDB25D481CF2502ABCEF124F864C27618C5057468BFC6B82B2C4EDD,IMPHASH=E09C4F82A1DA13A09F4FF2E625FEBA20

ParentProcessGuid: {00000000-0000-0000-0000-000000000000}

ParentProcessId: 1688

ParentImage: -

ParentCommandLine: -

ParentUser: -",Info,PowerShell.EXE,-,-,{00000000-0000-0000-0000-000000000000},1688,-,{f57bd86a-a848-658c-e901-000000000f00},3588,10416,Microsoft® Windows® Operating System,,,,,"
      ",-,,,,,,2023-12-27T22:42:16.0205749Z,,,Process Create (rule: ProcessCreate),1,5124,WINDEV2309EVAL\User,S-1-5-18,2023-12-27 22:42:16.018,5,"<Event xmlns=""http://schemas.microsoft.com/win/2004/08/events/event"">
    <System>
      <Provider Name=""Microsoft-Windows-Sysmon"" Guid=""{5770385f-c22a-43e0-bf4c-06f5698ffbd9}""/>
      <EventID>1</EventID>
      <Version>5</Version>
      <Level>4</Level>
      <Task>1</Task>
      <Opcode>0</Opcode>
      <Keywords>0x8000000000000000</Keywords>
      <TimeCreated SystemTime=""2023-12-27T22:42:16.0205749Z""/>
      <EventRecordID>19610</EventRecordID>
      <Correlation/>
      <Execution ProcessID=""3588"" ThreadID=""5124""/>
      <Channel>Microsoft-Windows-Sysmon/Operational</Channel>
      <Computer>WinDev2309Eval</Computer>
      <Security UserID=""S-1-5-18""/>
    </System>
    <EventData>
      <Data Name=""RuleName"">-</Data>
      <Data Name=""UtcTime"">2023-12-27 22:42:16.018</Data>
      <Data Name=""ProcessGuid"">{f57bd86a-a848-658c-e901-000000000f00}</Data>
      <Data Name=""ProcessId"">10416</Data>
      <Data Name=""Image"">C:\Windows\System32\WindowsPowerShell\v1.0\powershell.exe</Data>
      <Data Name=""FileVersion"">10.0.22621.2506 (WinBuild.160101.0800)</Data>
      <Data Name=""Description"">Windows PowerShell</Data>
      <Data Name=""Product"">Microsoft&#174; Windows&#174; Operating System</Data>
      <Data Name=""Company"">Microsoft Corporation</Data>
      <Data Name=""OriginalFileName"">PowerShell.EXE</Data>
      <Data Name=""CommandLine"">""powershell.exe"" &amp; {Invoke-CimMethod -ClassName Win32_Product -MethodName Install -Arguments @{ PackageLocation = 'C:\AtomicRedTeam\atomics\T1218.007\bin\T1218.007_DLL.msi' }}</Data>
      <Data Name=""CurrentDirectory"">C:\Users\User\AppData\Local\Temp\</Data>
      <Data Name=""User"">WINDEV2309EVAL\User</Data>
      <Data Name=""LogonGuid"">{f57bd86a-36f9-658c-7bf8-020000000000}</Data>
      <Data Name=""LogonId"">0x2f87b</Data>
      <Data Name=""TerminalSessionId"">1</Data>
      <Data Name=""IntegrityLevel"">Medium</Data>
      <Data Name=""Hashes"">MD5=2D1D70C92A419D9079B047954C611886,SHA256=C50057756CDB25D481CF2502ABCEF124F864C27618C5057468BFC6B82B2C4EDD,IMPHASH=E09C4F82A1DA13A09F4FF2E625FEBA20</Data>
      <Data Name=""ParentProcessGuid"">{00000000-0000-0000-0000-000000000000}</Data>
      <Data Name=""ParentProcessId"">1688</Data>
      <Data Name=""ParentImage"">-</Data>
      <Data Name=""ParentCommandLine"">-</Data>
      <Data Name=""ParentUser"">-</Data>
    </EventData>
    <RenderingInfo Culture=""en-US"">
      <Message>Process Create:

RuleName: -

UtcTime: 2023-12-27 22:42:16.018

ProcessGuid: {f57bd86a-a848-658c-e901-000000000f00}

ProcessId: 10416

Image: C:\Windows\System32\WindowsPowerShell\v1.0\powershell.exe

FileVersion: 10.0.22621.2506 (WinBuild.160101.0800)

Description: Windows PowerShell

Product: Microsoft&#174; Windows&#174; Operating System

Company: Microsoft Corporation

OriginalFileName: PowerShell.EXE

CommandLine: ""powershell.exe"" &amp; {Invoke-CimMethod -ClassName Win32_Product -MethodName Install -Arguments @{ PackageLocation = 'C:\AtomicRedTeam\atomics\T1218.007\bin\T1218.007_DLL.msi' }}

CurrentDirectory: C:\Users\User\AppData\Local\Temp\

User: WINDEV2309EVAL\User

LogonGuid: {f57bd86a-36f9-658c-7bf8-020000000000}

LogonId: 0x2F87B

TerminalSessionId: 1

IntegrityLevel: Medium

Hashes: MD5=2D1D70C92A419D9079B047954C611886,SHA256=C50057756CDB25D481CF2502ABCEF124F864C27618C5057468BFC6B82B2C4EDD,IMPHASH=E09C4F82A1DA13A09F4FF2E625FEBA20

ParentProcessGuid: {00000000-0000-0000-0000-000000000000}

ParentProcessId: 1688

ParentImage: -

ParentCommandLine: -

ParentUser: -</Message>
      <Level>Information</Level>
      <Task>Process Create (rule: ProcessCreate)</Task>
      <Opcode>Info</Opcode>
    </RenderingInfo>
  </Event>
  
"
Microsoft-Windows-Sysmon/Operational,,,WinDev2309Eval,2023-12-27 22:42:14.683,,,,,,,,,11,19609,,,,C:\Windows\System32\WindowsPowerShell\v1.0\powershell.exe,,,0x8000000000000000,Information,,,"File created:

RuleName: -

UtcTime: 2023-12-27 22:42:14.683

ProcessGuid: {f57bd86a-a846-658c-e701-000000000f00}

ProcessId: 1660

Image: C:\Windows\System32\WindowsPowerShell\v1.0\powershell.exe

TargetFilename: C:\Users\User\AppData\Local\Temp\__PSScriptPolicyTest_1slvcjbt.cyf.ps1

CreationUtcTime: 2023-12-27 22:42:14.683

User: WINDEV2309EVAL\User",Info,,,,,,,{f57bd86a-a846-658c-e701-000000000f00},3588,1660,,,,,,"
      ",-,,,,,,2023-12-27T22:42:14.6957159Z,C:\Users\User\AppData\Local\Temp\__PSScriptPolicyTest_1slvcjbt.cyf.ps1,,File created (rule: FileCreate),,5124,WINDEV2309EVAL\User,S-1-5-18,2023-12-27 22:42:14.683,2,"<Event xmlns=""http://schemas.microsoft.com/win/2004/08/events/event"">
    <System>
      <Provider Name=""Microsoft-Windows-Sysmon"" Guid=""{5770385f-c22a-43e0-bf4c-06f5698ffbd9}""/>
      <EventID>11</EventID>
      <Version>2</Version>
      <Level>4</Level>
      <Task>11</Task>
      <Opcode>0</Opcode>
      <Keywords>0x8000000000000000</Keywords>
      <TimeCreated SystemTime=""2023-12-27T22:42:14.6957159Z""/>
      <EventRecordID>19609</EventRecordID>
      <Correlation/>
      <Execution ProcessID=""3588"" ThreadID=""5124""/>
      <Channel>Microsoft-Windows-Sysmon/Operational</Channel>
      <Computer>WinDev2309Eval</Computer>
      <Security UserID=""S-1-5-18""/>
    </System>
    <EventData>
      <Data Name=""RuleName"">-</Data>
      <Data Name=""UtcTime"">2023-12-27 22:42:14.683</Data>
      <Data Name=""ProcessGuid"">{f57bd86a-a846-658c-e701-000000000f00}</Data>
      <Data Name=""ProcessId"">1660</Data>
      <Data Name=""Image"">C:\Windows\System32\WindowsPowerShell\v1.0\powershell.exe</Data>
      <Data Name=""TargetFilename"">C:\Users\User\AppData\Local\Temp\__PSScriptPolicyTest_1slvcjbt.cyf.ps1</Data>
      <Data Name=""CreationUtcTime"">2023-12-27 22:42:14.683</Data>
      <Data Name=""User"">WINDEV2309EVAL\User</Data>
    </EventData>
    <RenderingInfo Culture=""en-US"">
      <Message>File created:

RuleName: -

UtcTime: 2023-12-27 22:42:14.683

ProcessGuid: {f57bd86a-a846-658c-e701-000000000f00}

ProcessId: 1660

Image: C:\Windows\System32\WindowsPowerShell\v1.0\powershell.exe

TargetFilename: C:\Users\User\AppData\Local\Temp\__PSScriptPolicyTest_1slvcjbt.cyf.ps1

CreationUtcTime: 2023-12-27 22:42:14.683

User: WINDEV2309EVAL\User</Message>
      <Level>Information</Level>
      <Task>File created (rule: FileCreate)</Task>
      <Opcode>Info</Opcode>
    </RenderingInfo>
  </Event>
  
"
Microsoft-Windows-Sysmon/Operational,"""C:\Windows\System32\WindowsPowerShell\v1.0\powershell.exe"" -nop -Command Write-Host VBScript executed me!; exit",Microsoft Corporation,WinDev2309Eval,,C:\Windows\system32\,Windows PowerShell,,,,,,,1,19608,,10.0.22621.2506 (WinBuild.160101.0800),"MD5=2D1D70C92A419D9079B047954C611886,SHA256=C50057756CDB25D481CF2502ABCEF124F864C27618C5057468BFC6B82B2C4EDD,IMPHASH=E09C4F82A1DA13A09F4FF2E625FEBA20",C:\Windows\System32\WindowsPowerShell\v1.0\powershell.exe,,Medium,0x8000000000000000,Information,{f57bd86a-36f9-658c-7bf8-020000000000},0x2f87b,"Process Create:

RuleName: -

UtcTime: 2023-12-27 22:42:14.566

ProcessGuid: {f57bd86a-a846-658c-e701-000000000f00}

ProcessId: 1660

Image: C:\Windows\System32\WindowsPowerShell\v1.0\powershell.exe

FileVersion: 10.0.22621.2506 (WinBuild.160101.0800)

Description: Windows PowerShell

Product: Microsoft® Windows® Operating System

Company: Microsoft Corporation

OriginalFileName: PowerShell.EXE

CommandLine: ""C:\Windows\System32\WindowsPowerShell\v1.0\powershell.exe"" -nop -Command Write-Host VBScript executed me!; exit

CurrentDirectory: C:\Windows\system32\

User: WINDEV2309EVAL\User

LogonGuid: {f57bd86a-36f9-658c-7bf8-020000000000}

LogonId: 0x2F87B

TerminalSessionId: 1

IntegrityLevel: Medium

Hashes: MD5=2D1D70C92A419D9079B047954C611886,SHA256=C50057756CDB25D481CF2502ABCEF124F864C27618C5057468BFC6B82B2C4EDD,IMPHASH=E09C4F82A1DA13A09F4FF2E625FEBA20

ParentProcessGuid: {f57bd86a-a846-658c-e601-000000000f00}

ParentProcessId: 4500

ParentImage: C:\Windows\System32\msiexec.exe

ParentCommandLine: C:\Windows\System32\MsiExec.exe -Embedding 777AB73600D6F56BC095F839068E1E6E

ParentUser: WINDEV2309EVAL\User",Info,PowerShell.EXE,C:\Windows\System32\MsiExec.exe -Embedding 777AB73600D6F56BC095F839068E1E6E,C:\Windows\System32\msiexec.exe,{f57bd86a-a846-658c-e601-000000000f00},4500,WINDEV2309EVAL\User,{f57bd86a-a846-658c-e701-000000000f00},3588,1660,Microsoft® Windows® Operating System,,,,,"
      ",-,,,,,,2023-12-27T22:42:14.5678244Z,,,Process Create (rule: ProcessCreate),1,5124,WINDEV2309EVAL\User,S-1-5-18,2023-12-27 22:42:14.566,5,"<Event xmlns=""http://schemas.microsoft.com/win/2004/08/events/event"">
    <System>
      <Provider Name=""Microsoft-Windows-Sysmon"" Guid=""{5770385f-c22a-43e0-bf4c-06f5698ffbd9}""/>
      <EventID>1</EventID>
      <Version>5</Version>
      <Level>4</Level>
      <Task>1</Task>
      <Opcode>0</Opcode>
      <Keywords>0x8000000000000000</Keywords>
      <TimeCreated SystemTime=""2023-12-27T22:42:14.5678244Z""/>
      <EventRecordID>19608</EventRecordID>
      <Correlation/>
      <Execution ProcessID=""3588"" ThreadID=""5124""/>
      <Channel>Microsoft-Windows-Sysmon/Operational</Channel>
      <Computer>WinDev2309Eval</Computer>
      <Security UserID=""S-1-5-18""/>
    </System>
    <EventData>
      <Data Name=""RuleName"">-</Data>
      <Data Name=""UtcTime"">2023-12-27 22:42:14.566</Data>
      <Data Name=""ProcessGuid"">{f57bd86a-a846-658c-e701-000000000f00}</Data>
      <Data Name=""ProcessId"">1660</Data>
      <Data Name=""Image"">C:\Windows\System32\WindowsPowerShell\v1.0\powershell.exe</Data>
      <Data Name=""FileVersion"">10.0.22621.2506 (WinBuild.160101.0800)</Data>
      <Data Name=""Description"">Windows PowerShell</Data>
      <Data Name=""Product"">Microsoft&#174; Windows&#174; Operating System</Data>
      <Data Name=""Company"">Microsoft Corporation</Data>
      <Data Name=""OriginalFileName"">PowerShell.EXE</Data>
      <Data Name=""CommandLine"">""C:\Windows\System32\WindowsPowerShell\v1.0\powershell.exe"" -nop -Command Write-Host VBScript executed me!; exit</Data>
      <Data Name=""CurrentDirectory"">C:\Windows\system32\</Data>
      <Data Name=""User"">WINDEV2309EVAL\User</Data>
      <Data Name=""LogonGuid"">{f57bd86a-36f9-658c-7bf8-020000000000}</Data>
      <Data Name=""LogonId"">0x2f87b</Data>
      <Data Name=""TerminalSessionId"">1</Data>
      <Data Name=""IntegrityLevel"">Medium</Data>
      <Data Name=""Hashes"">MD5=2D1D70C92A419D9079B047954C611886,SHA256=C50057756CDB25D481CF2502ABCEF124F864C27618C5057468BFC6B82B2C4EDD,IMPHASH=E09C4F82A1DA13A09F4FF2E625FEBA20</Data>
      <Data Name=""ParentProcessGuid"">{f57bd86a-a846-658c-e601-000000000f00}</Data>
      <Data Name=""ParentProcessId"">4500</Data>
      <Data Name=""ParentImage"">C:\Windows\System32\msiexec.exe</Data>
      <Data Name=""ParentCommandLine"">C:\Windows\System32\MsiExec.exe -Embedding 777AB73600D6F56BC095F839068E1E6E</Data>
      <Data Name=""ParentUser"">WINDEV2309EVAL\User</Data>
    </EventData>
    <RenderingInfo Culture=""en-US"">
      <Message>Process Create:

RuleName: -

UtcTime: 2023-12-27 22:42:14.566

ProcessGuid: {f57bd86a-a846-658c-e701-000000000f00}

ProcessId: 1660

Image: C:\Windows\System32\WindowsPowerShell\v1.0\powershell.exe

FileVersion: 10.0.22621.2506 (WinBuild.160101.0800)

Description: Windows PowerShell

Product: Microsoft&#174; Windows&#174; Operating System

Company: Microsoft Corporation

OriginalFileName: PowerShell.EXE

CommandLine: ""C:\Windows\System32\WindowsPowerShell\v1.0\powershell.exe"" -nop -Command Write-Host VBScript executed me!; exit

CurrentDirectory: C:\Windows\system32\

User: WINDEV2309EVAL\User

LogonGuid: {f57bd86a-36f9-658c-7bf8-020000000000}

LogonId: 0x2F87B

TerminalSessionId: 1

IntegrityLevel: Medium

Hashes: MD5=2D1D70C92A419D9079B047954C611886,SHA256=C50057756CDB25D481CF2502ABCEF124F864C27618C5057468BFC6B82B2C4EDD,IMPHASH=E09C4F82A1DA13A09F4FF2E625FEBA20

ParentProcessGuid: {f57bd86a-a846-658c-e601-000000000f00}

ParentProcessId: 4500

ParentImage: C:\Windows\System32\msiexec.exe

ParentCommandLine: C:\Windows\System32\MsiExec.exe -Embedding 777AB73600D6F56BC095F839068E1E6E

ParentUser: WINDEV2309EVAL\User</Message>
      <Level>Information</Level>
      <Task>Process Create (rule: ProcessCreate)</Task>
      <Opcode>Info</Opcode>
    </RenderingInfo>
  </Event>
  
"
Microsoft-Windows-Sysmon/Operational,C:\Windows\System32\MsiExec.exe -Embedding 777AB73600D6F56BC095F839068E1E6E,Microsoft Corporation,WinDev2309Eval,,C:\Windows\system32\,Windows® installer,,,,,,,1,19607,,5.0.22621.1 (WinBuild.160101.0800),"MD5=302BE4B7434E679769029C8570825CC0,SHA256=5A31EA6A517A065166FAFA01A0AC6A350D0E2DCBA1B6DD4FDB41AE59109568E1,IMPHASH=0990A9500FF8DF93E0E059EE13E7C796",C:\Windows\System32\msiexec.exe,,Medium,0x8000000000000000,Information,{f57bd86a-36f9-658c-7bf8-020000000000},0x2f87b,"Process Create:

RuleName: -

UtcTime: 2023-12-27 22:42:14.459

ProcessGuid: {f57bd86a-a846-658c-e601-000000000f00}

ProcessId: 4500

Image: C:\Windows\System32\msiexec.exe

FileVersion: 5.0.22621.1 (WinBuild.160101.0800)

Description: Windows® installer

Product: Windows Installer - Unicode

Company: Microsoft Corporation

OriginalFileName: msiexec.exe

CommandLine: C:\Windows\System32\MsiExec.exe -Embedding 777AB73600D6F56BC095F839068E1E6E

CurrentDirectory: C:\Windows\system32\

User: WINDEV2309EVAL\User

LogonGuid: {f57bd86a-36f9-658c-7bf8-020000000000}

LogonId: 0x2F87B

TerminalSessionId: 1

IntegrityLevel: Medium

Hashes: MD5=302BE4B7434E679769029C8570825CC0,SHA256=5A31EA6A517A065166FAFA01A0AC6A350D0E2DCBA1B6DD4FDB41AE59109568E1,IMPHASH=0990A9500FF8DF93E0E059EE13E7C796

ParentProcessGuid: {f57bd86a-a83a-658c-c701-000000000f00}

ParentProcessId: 3264

ParentImage: C:\Windows\System32\msiexec.exe

ParentCommandLine: C:\Windows\system32\msiexec.exe /V

ParentUser: NT AUTHORITY\SYSTEM",Info,msiexec.exe,C:\Windows\system32\msiexec.exe /V,C:\Windows\System32\msiexec.exe,{f57bd86a-a83a-658c-c701-000000000f00},3264,NT AUTHORITY\SYSTEM,{f57bd86a-a846-658c-e601-000000000f00},3588,4500,Windows Installer - Unicode,,,,,"
      ",-,,,,,,2023-12-27T22:42:14.4603869Z,,,Process Create (rule: ProcessCreate),1,5124,WINDEV2309EVAL\User,S-1-5-18,2023-12-27 22:42:14.459,5,"<Event xmlns=""http://schemas.microsoft.com/win/2004/08/events/event"">
    <System>
      <Provider Name=""Microsoft-Windows-Sysmon"" Guid=""{5770385f-c22a-43e0-bf4c-06f5698ffbd9}""/>
      <EventID>1</EventID>
      <Version>5</Version>
      <Level>4</Level>
      <Task>1</Task>
      <Opcode>0</Opcode>
      <Keywords>0x8000000000000000</Keywords>
      <TimeCreated SystemTime=""2023-12-27T22:42:14.4603869Z""/>
      <EventRecordID>19607</EventRecordID>
      <Correlation/>
      <Execution ProcessID=""3588"" ThreadID=""5124""/>
      <Channel>Microsoft-Windows-Sysmon/Operational</Channel>
      <Computer>WinDev2309Eval</Computer>
      <Security UserID=""S-1-5-18""/>
    </System>
    <EventData>
      <Data Name=""RuleName"">-</Data>
      <Data Name=""UtcTime"">2023-12-27 22:42:14.459</Data>
      <Data Name=""ProcessGuid"">{f57bd86a-a846-658c-e601-000000000f00}</Data>
      <Data Name=""ProcessId"">4500</Data>
      <Data Name=""Image"">C:\Windows\System32\msiexec.exe</Data>
      <Data Name=""FileVersion"">5.0.22621.1 (WinBuild.160101.0800)</Data>
      <Data Name=""Description"">Windows&#174; installer</Data>
      <Data Name=""Product"">Windows Installer - Unicode</Data>
      <Data Name=""Company"">Microsoft Corporation</Data>
      <Data Name=""OriginalFileName"">msiexec.exe</Data>
      <Data Name=""CommandLine"">C:\Windows\System32\MsiExec.exe -Embedding 777AB73600D6F56BC095F839068E1E6E</Data>
      <Data Name=""CurrentDirectory"">C:\Windows\system32\</Data>
      <Data Name=""User"">WINDEV2309EVAL\User</Data>
      <Data Name=""LogonGuid"">{f57bd86a-36f9-658c-7bf8-020000000000}</Data>
      <Data Name=""LogonId"">0x2f87b</Data>
      <Data Name=""TerminalSessionId"">1</Data>
      <Data Name=""IntegrityLevel"">Medium</Data>
      <Data Name=""Hashes"">MD5=302BE4B7434E679769029C8570825CC0,SHA256=5A31EA6A517A065166FAFA01A0AC6A350D0E2DCBA1B6DD4FDB41AE59109568E1,IMPHASH=0990A9500FF8DF93E0E059EE13E7C796</Data>
      <Data Name=""ParentProcessGuid"">{f57bd86a-a83a-658c-c701-000000000f00}</Data>
      <Data Name=""ParentProcessId"">3264</Data>
      <Data Name=""ParentImage"">C:\Windows\System32\msiexec.exe</Data>
      <Data Name=""ParentCommandLine"">C:\Windows\system32\msiexec.exe /V</Data>
      <Data Name=""ParentUser"">NT AUTHORITY\SYSTEM</Data>
    </EventData>
    <RenderingInfo Culture=""en-US"">
      <Message>Process Create:

RuleName: -

UtcTime: 2023-12-27 22:42:14.459

ProcessGuid: {f57bd86a-a846-658c-e601-000000000f00}

ProcessId: 4500

Image: C:\Windows\System32\msiexec.exe

FileVersion: 5.0.22621.1 (WinBuild.160101.0800)

Description: Windows&#174; installer

Product: Windows Installer - Unicode

Company: Microsoft Corporation

OriginalFileName: msiexec.exe

CommandLine: C:\Windows\System32\MsiExec.exe -Embedding 777AB73600D6F56BC095F839068E1E6E

CurrentDirectory: C:\Windows\system32\

User: WINDEV2309EVAL\User

LogonGuid: {f57bd86a-36f9-658c-7bf8-020000000000}

LogonId: 0x2F87B

TerminalSessionId: 1

IntegrityLevel: Medium

Hashes: MD5=302BE4B7434E679769029C8570825CC0,SHA256=5A31EA6A517A065166FAFA01A0AC6A350D0E2DCBA1B6DD4FDB41AE59109568E1,IMPHASH=0990A9500FF8DF93E0E059EE13E7C796

ParentProcessGuid: {f57bd86a-a83a-658c-c701-000000000f00}

ParentProcessId: 3264

ParentImage: C:\Windows\System32\msiexec.exe

ParentCommandLine: C:\Windows\system32\msiexec.exe /V

ParentUser: NT AUTHORITY\SYSTEM</Message>
      <Level>Information</Level>
      <Task>Process Create (rule: ProcessCreate)</Task>
      <Opcode>Info</Opcode>
    </RenderingInfo>
  </Event>
  
"
