Channel,CommandLine,Company,Computer,CurrentDirectory,Description,Details,EventID,EventRecordID,EventType,FileVersion,Hashes,Image,IntegrityLevel,Keywords,Level,LogonGuid,LogonId,Message,Opcode,OriginalFileName,ParentCommandLine,ParentImage,ParentProcessGuid,ParentProcessId,ParentUser,ProcessGuid,ProcessID,ProcessId,Product,QueryName,QueryResults,QueryStatus,RenderingInfo,RuleName,SystemTime,TargetObject,Task,TerminalSessionId,ThreadID,User,UserID,UtcTime,Version,raw
Microsoft-Windows-Sysmon/Operational,c:\windows\system32\calc.exe,Microsoft Corporation,WinDev2309Eval,C:\Users\User\AppData\Local\Temp\,Windows Calculator,,1,19591,,10.0.22621.1 (WinBuild.160101.0800),"MD5=302021D31F2D0BCE01D7AFC26BFE2BA2,SHA256=E5C9058319C82EC44BB881FCC84D51D6F9E56CCE2931D5B6F4519157953CF572,IMPHASH=BA072A972FE6C47C8CF7A0347BB0AF7A",C:\Windows\SysWOW64\calc.exe,Medium,0x8000000000000000,Information,{f57bd86a-36f9-658c-7bf8-020000000000},0x2f87b,"Process Create:

RuleName: -

UtcTime: 2023-12-27 22:36:28.537

ProcessGuid: {f57bd86a-a6ec-658c-cd01-000000000f00}

ProcessId: 4920

Image: C:\Windows\SysWOW64\calc.exe

FileVersion: 10.0.22621.1 (WinBuild.160101.0800)

Description: Windows Calculator

Product: Microsoft速 Windows速 Operating System

Company: Microsoft Corporation

OriginalFileName: CALC.EXE

CommandLine: c:\windows\system32\calc.exe

CurrentDirectory: C:\Users\User\AppData\Local\Temp\

User: WINDEV2309EVAL\User

LogonGuid: {f57bd86a-36f9-658c-7bf8-020000000000}

LogonId: 0x2F87B

TerminalSessionId: 1

IntegrityLevel: Medium

Hashes: MD5=302021D31F2D0BCE01D7AFC26BFE2BA2,SHA256=E5C9058319C82EC44BB881FCC84D51D6F9E56CCE2931D5B6F4519157953CF572,IMPHASH=BA072A972FE6C47C8CF7A0347BB0AF7A

ParentProcessGuid: {f57bd86a-a6ec-658c-c901-000000000f00}

ParentProcessId: 3324

ParentImage: C:\Windows\SysWOW64\cmd.exe

ParentCommandLine: C:\Windows\system32\cmd.exe /c c:\windows\system32\calc.exe

ParentUser: WINDEV2309EVAL\User",Info,CALC.EXE,C:\Windows\system32\cmd.exe /c c:\windows\system32\calc.exe,C:\Windows\SysWOW64\cmd.exe,{f57bd86a-a6ec-658c-c901-000000000f00},3324,WINDEV2309EVAL\User,{f57bd86a-a6ec-658c-cd01-000000000f00},3588,4920,Microsoft速 Windows速 Operating System,,,,"
      ",-,2023-12-27T22:36:28.5437819Z,,Process Create (rule: ProcessCreate),1,5124,WINDEV2309EVAL\User,S-1-5-18,2023-12-27 22:36:28.537,5,"<Event xmlns=""http://schemas.microsoft.com/win/2004/08/events/event"">
    <System>
      <Provider Name=""Microsoft-Windows-Sysmon"" Guid=""{5770385f-c22a-43e0-bf4c-06f5698ffbd9}""/>
      <EventID>1</EventID>
      <Version>5</Version>
      <Level>4</Level>
      <Task>1</Task>
      <Opcode>0</Opcode>
      <Keywords>0x8000000000000000</Keywords>
      <TimeCreated SystemTime=""2023-12-27T22:36:28.5437819Z""/>
      <EventRecordID>19591</EventRecordID>
      <Correlation/>
      <Execution ProcessID=""3588"" ThreadID=""5124""/>
      <Channel>Microsoft-Windows-Sysmon/Operational</Channel>
      <Computer>WinDev2309Eval</Computer>
      <Security UserID=""S-1-5-18""/>
    </System>
    <EventData>
      <Data Name=""RuleName"">-</Data>
      <Data Name=""UtcTime"">2023-12-27 22:36:28.537</Data>
      <Data Name=""ProcessGuid"">{f57bd86a-a6ec-658c-cd01-000000000f00}</Data>
      <Data Name=""ProcessId"">4920</Data>
      <Data Name=""Image"">C:\Windows\SysWOW64\calc.exe</Data>
      <Data Name=""FileVersion"">10.0.22621.1 (WinBuild.160101.0800)</Data>
      <Data Name=""Description"">Windows Calculator</Data>
      <Data Name=""Product"">Microsoft&#174; Windows&#174; Operating System</Data>
      <Data Name=""Company"">Microsoft Corporation</Data>
      <Data Name=""OriginalFileName"">CALC.EXE</Data>
      <Data Name=""CommandLine"">c:\windows\system32\calc.exe</Data>
      <Data Name=""CurrentDirectory"">C:\Users\User\AppData\Local\Temp\</Data>
      <Data Name=""User"">WINDEV2309EVAL\User</Data>
      <Data Name=""LogonGuid"">{f57bd86a-36f9-658c-7bf8-020000000000}</Data>
      <Data Name=""LogonId"">0x2f87b</Data>
      <Data Name=""TerminalSessionId"">1</Data>
      <Data Name=""IntegrityLevel"">Medium</Data>
      <Data Name=""Hashes"">MD5=302021D31F2D0BCE01D7AFC26BFE2BA2,SHA256=E5C9058319C82EC44BB881FCC84D51D6F9E56CCE2931D5B6F4519157953CF572,IMPHASH=BA072A972FE6C47C8CF7A0347BB0AF7A</Data>
      <Data Name=""ParentProcessGuid"">{f57bd86a-a6ec-658c-c901-000000000f00}</Data>
      <Data Name=""ParentProcessId"">3324</Data>
      <Data Name=""ParentImage"">C:\Windows\SysWOW64\cmd.exe</Data>
      <Data Name=""ParentCommandLine"">C:\Windows\system32\cmd.exe /c c:\windows\system32\calc.exe</Data>
      <Data Name=""ParentUser"">WINDEV2309EVAL\User</Data>
    </EventData>
    <RenderingInfo Culture=""en-US"">
      <Message>Process Create:

RuleName: -

UtcTime: 2023-12-27 22:36:28.537

ProcessGuid: {f57bd86a-a6ec-658c-cd01-000000000f00}

ProcessId: 4920

Image: C:\Windows\SysWOW64\calc.exe

FileVersion: 10.0.22621.1 (WinBuild.160101.0800)

Description: Windows Calculator

Product: Microsoft&#174; Windows&#174; Operating System

Company: Microsoft Corporation

OriginalFileName: CALC.EXE

CommandLine: c:\windows\system32\calc.exe

CurrentDirectory: C:\Users\User\AppData\Local\Temp\

User: WINDEV2309EVAL\User

LogonGuid: {f57bd86a-36f9-658c-7bf8-020000000000}

LogonId: 0x2F87B

TerminalSessionId: 1

IntegrityLevel: Medium

Hashes: MD5=302021D31F2D0BCE01D7AFC26BFE2BA2,SHA256=E5C9058319C82EC44BB881FCC84D51D6F9E56CCE2931D5B6F4519157953CF572,IMPHASH=BA072A972FE6C47C8CF7A0347BB0AF7A

ParentProcessGuid: {f57bd86a-a6ec-658c-c901-000000000f00}

ParentProcessId: 3324

ParentImage: C:\Windows\SysWOW64\cmd.exe

ParentCommandLine: C:\Windows\system32\cmd.exe /c c:\windows\system32\calc.exe

ParentUser: WINDEV2309EVAL\User</Message>
      <Level>Information</Level>
      <Task>Process Create (rule: ProcessCreate)</Task>
      <Opcode>Info</Opcode>
    </RenderingInfo>
  </Event>
  
"
Microsoft-Windows-Sysmon/Operational,,,WinDev2309Eval,,,10.0.22621.2506,13,19590,SetValue,,,C:\Windows\System32\svchost.exe,,0x8000000000000000,Information,,,"Registry value set:

RuleName: InvDB-Ver

EventType: SetValue

UtcTime: 2023-12-27 22:36:28.431

ProcessGuid: {f57bd86a-36f8-658c-3e00-000000000f00}

ProcessId: 3212

Image: C:\Windows\System32\svchost.exe

TargetObject: \REGISTRY\A\{b3b14332-edc6-625a-c682-62677f6d06d4}\Root\InventoryApplicationFile\cmd.exe|c8de35b73d56cdba\BinProductVersion

Details: 10.0.22621.2506

User: NT AUTHORITY\SYSTEM",Info,,,,,,,{f57bd86a-36f8-658c-3e00-000000000f00},3588,3212,,,,,"
      ",InvDB-Ver,2023-12-27T22:36:28.4432612Z,\REGISTRY\A\{b3b14332-edc6-625a-c682-62677f6d06d4}\Root\InventoryApplicationFile\cmd.exe|c8de35b73d56cdba\BinProductVersion,Registry value set (rule: RegistryEvent),,5124,NT AUTHORITY\SYSTEM,S-1-5-18,2023-12-27 22:36:28.431,2,"<Event xmlns=""http://schemas.microsoft.com/win/2004/08/events/event"">
    <System>
      <Provider Name=""Microsoft-Windows-Sysmon"" Guid=""{5770385f-c22a-43e0-bf4c-06f5698ffbd9}""/>
      <EventID>13</EventID>
      <Version>2</Version>
      <Level>4</Level>
      <Task>13</Task>
      <Opcode>0</Opcode>
      <Keywords>0x8000000000000000</Keywords>
      <TimeCreated SystemTime=""2023-12-27T22:36:28.4432612Z""/>
      <EventRecordID>19590</EventRecordID>
      <Correlation/>
      <Execution ProcessID=""3588"" ThreadID=""5124""/>
      <Channel>Microsoft-Windows-Sysmon/Operational</Channel>
      <Computer>WinDev2309Eval</Computer>
      <Security UserID=""S-1-5-18""/>
    </System>
    <EventData>
      <Data Name=""RuleName"">InvDB-Ver</Data>
      <Data Name=""EventType"">SetValue</Data>
      <Data Name=""UtcTime"">2023-12-27 22:36:28.431</Data>
      <Data Name=""ProcessGuid"">{f57bd86a-36f8-658c-3e00-000000000f00}</Data>
      <Data Name=""ProcessId"">3212</Data>
      <Data Name=""Image"">C:\Windows\System32\svchost.exe</Data>
      <Data Name=""TargetObject"">\REGISTRY\A\{b3b14332-edc6-625a-c682-62677f6d06d4}\Root\InventoryApplicationFile\cmd.exe|c8de35b73d56cdba\BinProductVersion</Data>
      <Data Name=""Details"">10.0.22621.2506</Data>
      <Data Name=""User"">NT AUTHORITY\SYSTEM</Data>
    </EventData>
    <RenderingInfo Culture=""en-US"">
      <Message>Registry value set:

RuleName: InvDB-Ver

EventType: SetValue

UtcTime: 2023-12-27 22:36:28.431

ProcessGuid: {f57bd86a-36f8-658c-3e00-000000000f00}

ProcessId: 3212

Image: C:\Windows\System32\svchost.exe

TargetObject: \REGISTRY\A\{b3b14332-edc6-625a-c682-62677f6d06d4}\Root\InventoryApplicationFile\cmd.exe|c8de35b73d56cdba\BinProductVersion

Details: 10.0.22621.2506

User: NT AUTHORITY\SYSTEM</Message>
      <Level>Information</Level>
      <Task>Registry value set (rule: RegistryEvent)</Task>
      <Opcode>Info</Opcode>
    </RenderingInfo>
  </Event>
  
"
Microsoft-Windows-Sysmon/Operational,,,WinDev2309Eval,,,02/04/1972 04:54:33,13,19589,SetValue,,,C:\Windows\System32\svchost.exe,,0x8000000000000000,Information,,,"Registry value set:

RuleName: InvDB-CompileTimeClaim

EventType: SetValue

UtcTime: 2023-12-27 22:36:28.431

ProcessGuid: {f57bd86a-36f8-658c-3e00-000000000f00}

ProcessId: 3212

Image: C:\Windows\System32\svchost.exe

TargetObject: \REGISTRY\A\{b3b14332-edc6-625a-c682-62677f6d06d4}\Root\InventoryApplicationFile\cmd.exe|c8de35b73d56cdba\LinkDate

Details: 02/04/1972 04:54:33

User: NT AUTHORITY\SYSTEM",Info,,,,,,,{f57bd86a-36f8-658c-3e00-000000000f00},3588,3212,,,,,"
      ",InvDB-CompileTimeClaim,2023-12-27T22:36:28.4431901Z,\REGISTRY\A\{b3b14332-edc6-625a-c682-62677f6d06d4}\Root\InventoryApplicationFile\cmd.exe|c8de35b73d56cdba\LinkDate,Registry value set (rule: RegistryEvent),,5124,NT AUTHORITY\SYSTEM,S-1-5-18,2023-12-27 22:36:28.431,2,"<Event xmlns=""http://schemas.microsoft.com/win/2004/08/events/event"">
    <System>
      <Provider Name=""Microsoft-Windows-Sysmon"" Guid=""{5770385f-c22a-43e0-bf4c-06f5698ffbd9}""/>
      <EventID>13</EventID>
      <Version>2</Version>
      <Level>4</Level>
      <Task>13</Task>
      <Opcode>0</Opcode>
      <Keywords>0x8000000000000000</Keywords>
      <TimeCreated SystemTime=""2023-12-27T22:36:28.4431901Z""/>
      <EventRecordID>19589</EventRecordID>
      <Correlation/>
      <Execution ProcessID=""3588"" ThreadID=""5124""/>
      <Channel>Microsoft-Windows-Sysmon/Operational</Channel>
      <Computer>WinDev2309Eval</Computer>
      <Security UserID=""S-1-5-18""/>
    </System>
    <EventData>
      <Data Name=""RuleName"">InvDB-CompileTimeClaim</Data>
      <Data Name=""EventType"">SetValue</Data>
      <Data Name=""UtcTime"">2023-12-27 22:36:28.431</Data>
      <Data Name=""ProcessGuid"">{f57bd86a-36f8-658c-3e00-000000000f00}</Data>
      <Data Name=""ProcessId"">3212</Data>
      <Data Name=""Image"">C:\Windows\System32\svchost.exe</Data>
      <Data Name=""TargetObject"">\REGISTRY\A\{b3b14332-edc6-625a-c682-62677f6d06d4}\Root\InventoryApplicationFile\cmd.exe|c8de35b73d56cdba\LinkDate</Data>
      <Data Name=""Details"">02/04/1972 04:54:33</Data>
      <Data Name=""User"">NT AUTHORITY\SYSTEM</Data>
    </EventData>
    <RenderingInfo Culture=""en-US"">
      <Message>Registry value set:

RuleName: InvDB-CompileTimeClaim

EventType: SetValue

UtcTime: 2023-12-27 22:36:28.431

ProcessGuid: {f57bd86a-36f8-658c-3e00-000000000f00}

ProcessId: 3212

Image: C:\Windows\System32\svchost.exe

TargetObject: \REGISTRY\A\{b3b14332-edc6-625a-c682-62677f6d06d4}\Root\InventoryApplicationFile\cmd.exe|c8de35b73d56cdba\LinkDate

Details: 02/04/1972 04:54:33

User: NT AUTHORITY\SYSTEM</Message>
      <Level>Information</Level>
      <Task>Registry value set (rule: RegistryEvent)</Task>
      <Opcode>Info</Opcode>
    </RenderingInfo>
  </Event>
  
"
Microsoft-Windows-Sysmon/Operational,,,WinDev2309Eval,,,microsoft corporation,13,19588,SetValue,,,C:\Windows\System32\svchost.exe,,0x8000000000000000,Information,,,"Registry value set:

RuleName: InvDB-Pub

EventType: SetValue

UtcTime: 2023-12-27 22:36:28.431

ProcessGuid: {f57bd86a-36f8-658c-3e00-000000000f00}

ProcessId: 3212

Image: C:\Windows\System32\svchost.exe

TargetObject: \REGISTRY\A\{b3b14332-edc6-625a-c682-62677f6d06d4}\Root\InventoryApplicationFile\cmd.exe|c8de35b73d56cdba\Publisher

Details: microsoft corporation

User: NT AUTHORITY\SYSTEM",Info,,,,,,,{f57bd86a-36f8-658c-3e00-000000000f00},3588,3212,,,,,"
      ",InvDB-Pub,2023-12-27T22:36:28.4427536Z,\REGISTRY\A\{b3b14332-edc6-625a-c682-62677f6d06d4}\Root\InventoryApplicationFile\cmd.exe|c8de35b73d56cdba\Publisher,Registry value set (rule: RegistryEvent),,5124,NT AUTHORITY\SYSTEM,S-1-5-18,2023-12-27 22:36:28.431,2,"<Event xmlns=""http://schemas.microsoft.com/win/2004/08/events/event"">
    <System>
      <Provider Name=""Microsoft-Windows-Sysmon"" Guid=""{5770385f-c22a-43e0-bf4c-06f5698ffbd9}""/>
      <EventID>13</EventID>
      <Version>2</Version>
      <Level>4</Level>
      <Task>13</Task>
      <Opcode>0</Opcode>
      <Keywords>0x8000000000000000</Keywords>
      <TimeCreated SystemTime=""2023-12-27T22:36:28.4427536Z""/>
      <EventRecordID>19588</EventRecordID>
      <Correlation/>
      <Execution ProcessID=""3588"" ThreadID=""5124""/>
      <Channel>Microsoft-Windows-Sysmon/Operational</Channel>
      <Computer>WinDev2309Eval</Computer>
      <Security UserID=""S-1-5-18""/>
    </System>
    <EventData>
      <Data Name=""RuleName"">InvDB-Pub</Data>
      <Data Name=""EventType"">SetValue</Data>
      <Data Name=""UtcTime"">2023-12-27 22:36:28.431</Data>
      <Data Name=""ProcessGuid"">{f57bd86a-36f8-658c-3e00-000000000f00}</Data>
      <Data Name=""ProcessId"">3212</Data>
      <Data Name=""Image"">C:\Windows\System32\svchost.exe</Data>
      <Data Name=""TargetObject"">\REGISTRY\A\{b3b14332-edc6-625a-c682-62677f6d06d4}\Root\InventoryApplicationFile\cmd.exe|c8de35b73d56cdba\Publisher</Data>
      <Data Name=""Details"">microsoft corporation</Data>
      <Data Name=""User"">NT AUTHORITY\SYSTEM</Data>
    </EventData>
    <RenderingInfo Culture=""en-US"">
      <Message>Registry value set:

RuleName: InvDB-Pub

EventType: SetValue

UtcTime: 2023-12-27 22:36:28.431

ProcessGuid: {f57bd86a-36f8-658c-3e00-000000000f00}

ProcessId: 3212

Image: C:\Windows\System32\svchost.exe

TargetObject: \REGISTRY\A\{b3b14332-edc6-625a-c682-62677f6d06d4}\Root\InventoryApplicationFile\cmd.exe|c8de35b73d56cdba\Publisher

Details: microsoft corporation

User: NT AUTHORITY\SYSTEM</Message>
      <Level>Information</Level>
      <Task>Registry value set (rule: RegistryEvent)</Task>
      <Opcode>Info</Opcode>
    </RenderingInfo>
  </Event>
  
"
Microsoft-Windows-Sysmon/Operational,,,WinDev2309Eval,,,c:\windows\syswow64\cmd.exe,13,19587,SetValue,,,C:\Windows\System32\svchost.exe,,0x8000000000000000,Information,,,"Registry value set:

RuleName: InvDB-Path

EventType: SetValue

UtcTime: 2023-12-27 22:36:28.431

ProcessGuid: {f57bd86a-36f8-658c-3e00-000000000f00}

ProcessId: 3212

Image: C:\Windows\System32\svchost.exe

TargetObject: \REGISTRY\A\{b3b14332-edc6-625a-c682-62677f6d06d4}\Root\InventoryApplicationFile\cmd.exe|c8de35b73d56cdba\LowerCaseLongPath

Details: c:\windows\syswow64\cmd.exe

User: NT AUTHORITY\SYSTEM",Info,,,,,,,{f57bd86a-36f8-658c-3e00-000000000f00},3588,3212,,,,,"
      ",InvDB-Path,2023-12-27T22:36:28.4423743Z,\REGISTRY\A\{b3b14332-edc6-625a-c682-62677f6d06d4}\Root\InventoryApplicationFile\cmd.exe|c8de35b73d56cdba\LowerCaseLongPath,Registry value set (rule: RegistryEvent),,5124,NT AUTHORITY\SYSTEM,S-1-5-18,2023-12-27 22:36:28.431,2,"<Event xmlns=""http://schemas.microsoft.com/win/2004/08/events/event"">
    <System>
      <Provider Name=""Microsoft-Windows-Sysmon"" Guid=""{5770385f-c22a-43e0-bf4c-06f5698ffbd9}""/>
      <EventID>13</EventID>
      <Version>2</Version>
      <Level>4</Level>
      <Task>13</Task>
      <Opcode>0</Opcode>
      <Keywords>0x8000000000000000</Keywords>
      <TimeCreated SystemTime=""2023-12-27T22:36:28.4423743Z""/>
      <EventRecordID>19587</EventRecordID>
      <Correlation/>
      <Execution ProcessID=""3588"" ThreadID=""5124""/>
      <Channel>Microsoft-Windows-Sysmon/Operational</Channel>
      <Computer>WinDev2309Eval</Computer>
      <Security UserID=""S-1-5-18""/>
    </System>
    <EventData>
      <Data Name=""RuleName"">InvDB-Path</Data>
      <Data Name=""EventType"">SetValue</Data>
      <Data Name=""UtcTime"">2023-12-27 22:36:28.431</Data>
      <Data Name=""ProcessGuid"">{f57bd86a-36f8-658c-3e00-000000000f00}</Data>
      <Data Name=""ProcessId"">3212</Data>
      <Data Name=""Image"">C:\Windows\System32\svchost.exe</Data>
      <Data Name=""TargetObject"">\REGISTRY\A\{b3b14332-edc6-625a-c682-62677f6d06d4}\Root\InventoryApplicationFile\cmd.exe|c8de35b73d56cdba\LowerCaseLongPath</Data>
      <Data Name=""Details"">c:\windows\syswow64\cmd.exe</Data>
      <Data Name=""User"">NT AUTHORITY\SYSTEM</Data>
    </EventData>
    <RenderingInfo Culture=""en-US"">
      <Message>Registry value set:

RuleName: InvDB-Path

EventType: SetValue

UtcTime: 2023-12-27 22:36:28.431

ProcessGuid: {f57bd86a-36f8-658c-3e00-000000000f00}

ProcessId: 3212

Image: C:\Windows\System32\svchost.exe

TargetObject: \REGISTRY\A\{b3b14332-edc6-625a-c682-62677f6d06d4}\Root\InventoryApplicationFile\cmd.exe|c8de35b73d56cdba\LowerCaseLongPath

Details: c:\windows\syswow64\cmd.exe

User: NT AUTHORITY\SYSTEM</Message>
      <Level>Information</Level>
      <Task>Registry value set (rule: RegistryEvent)</Task>
      <Opcode>Info</Opcode>
    </RenderingInfo>
  </Event>
  
"
Microsoft-Windows-Sysmon/Operational,,,WinDev2309Eval,,,10.0.22621.1,13,19586,SetValue,,,C:\Windows\System32\svchost.exe,,0x8000000000000000,Information,,,"Registry value set:

RuleName: InvDB-Ver

EventType: SetValue

UtcTime: 2023-12-27 22:36:28.146

ProcessGuid: {f57bd86a-36f8-658c-3e00-000000000f00}

ProcessId: 3212

Image: C:\Windows\System32\svchost.exe

TargetObject: \REGISTRY\A\{b3b14332-edc6-625a-c682-62677f6d06d4}\Root\InventoryApplicationFile\rundll32.exe|ccf370e740f0e788\BinProductVersion

Details: 10.0.22621.1

User: NT AUTHORITY\SYSTEM",Info,,,,,,,{f57bd86a-36f8-658c-3e00-000000000f00},3588,3212,,,,,"
      ",InvDB-Ver,2023-12-27T22:36:28.1581280Z,\REGISTRY\A\{b3b14332-edc6-625a-c682-62677f6d06d4}\Root\InventoryApplicationFile\rundll32.exe|ccf370e740f0e788\BinProductVersion,Registry value set (rule: RegistryEvent),,5124,NT AUTHORITY\SYSTEM,S-1-5-18,2023-12-27 22:36:28.146,2,"<Event xmlns=""http://schemas.microsoft.com/win/2004/08/events/event"">
    <System>
      <Provider Name=""Microsoft-Windows-Sysmon"" Guid=""{5770385f-c22a-43e0-bf4c-06f5698ffbd9}""/>
      <EventID>13</EventID>
      <Version>2</Version>
      <Level>4</Level>
      <Task>13</Task>
      <Opcode>0</Opcode>
      <Keywords>0x8000000000000000</Keywords>
      <TimeCreated SystemTime=""2023-12-27T22:36:28.1581280Z""/>
      <EventRecordID>19586</EventRecordID>
      <Correlation/>
      <Execution ProcessID=""3588"" ThreadID=""5124""/>
      <Channel>Microsoft-Windows-Sysmon/Operational</Channel>
      <Computer>WinDev2309Eval</Computer>
      <Security UserID=""S-1-5-18""/>
    </System>
    <EventData>
      <Data Name=""RuleName"">InvDB-Ver</Data>
      <Data Name=""EventType"">SetValue</Data>
      <Data Name=""UtcTime"">2023-12-27 22:36:28.146</Data>
      <Data Name=""ProcessGuid"">{f57bd86a-36f8-658c-3e00-000000000f00}</Data>
      <Data Name=""ProcessId"">3212</Data>
      <Data Name=""Image"">C:\Windows\System32\svchost.exe</Data>
      <Data Name=""TargetObject"">\REGISTRY\A\{b3b14332-edc6-625a-c682-62677f6d06d4}\Root\InventoryApplicationFile\rundll32.exe|ccf370e740f0e788\BinProductVersion</Data>
      <Data Name=""Details"">10.0.22621.1</Data>
      <Data Name=""User"">NT AUTHORITY\SYSTEM</Data>
    </EventData>
    <RenderingInfo Culture=""en-US"">
      <Message>Registry value set:

RuleName: InvDB-Ver

EventType: SetValue

UtcTime: 2023-12-27 22:36:28.146

ProcessGuid: {f57bd86a-36f8-658c-3e00-000000000f00}

ProcessId: 3212

Image: C:\Windows\System32\svchost.exe

TargetObject: \REGISTRY\A\{b3b14332-edc6-625a-c682-62677f6d06d4}\Root\InventoryApplicationFile\rundll32.exe|ccf370e740f0e788\BinProductVersion

Details: 10.0.22621.1

User: NT AUTHORITY\SYSTEM</Message>
      <Level>Information</Level>
      <Task>Registry value set (rule: RegistryEvent)</Task>
      <Opcode>Info</Opcode>
    </RenderingInfo>
  </Event>
  
"
Microsoft-Windows-Sysmon/Operational,,,WinDev2309Eval,,,02/20/1988 14:21:11,13,19585,SetValue,,,C:\Windows\System32\svchost.exe,,0x8000000000000000,Information,,,"Registry value set:

RuleName: InvDB-CompileTimeClaim

EventType: SetValue

UtcTime: 2023-12-27 22:36:28.146

ProcessGuid: {f57bd86a-36f8-658c-3e00-000000000f00}

ProcessId: 3212

Image: C:\Windows\System32\svchost.exe

TargetObject: \REGISTRY\A\{b3b14332-edc6-625a-c682-62677f6d06d4}\Root\InventoryApplicationFile\rundll32.exe|ccf370e740f0e788\LinkDate

Details: 02/20/1988 14:21:11

User: NT AUTHORITY\SYSTEM",Info,,,,,,,{f57bd86a-36f8-658c-3e00-000000000f00},3588,3212,,,,,"
      ",InvDB-CompileTimeClaim,2023-12-27T22:36:28.1580683Z,\REGISTRY\A\{b3b14332-edc6-625a-c682-62677f6d06d4}\Root\InventoryApplicationFile\rundll32.exe|ccf370e740f0e788\LinkDate,Registry value set (rule: RegistryEvent),,5124,NT AUTHORITY\SYSTEM,S-1-5-18,2023-12-27 22:36:28.146,2,"<Event xmlns=""http://schemas.microsoft.com/win/2004/08/events/event"">
    <System>
      <Provider Name=""Microsoft-Windows-Sysmon"" Guid=""{5770385f-c22a-43e0-bf4c-06f5698ffbd9}""/>
      <EventID>13</EventID>
      <Version>2</Version>
      <Level>4</Level>
      <Task>13</Task>
      <Opcode>0</Opcode>
      <Keywords>0x8000000000000000</Keywords>
      <TimeCreated SystemTime=""2023-12-27T22:36:28.1580683Z""/>
      <EventRecordID>19585</EventRecordID>
      <Correlation/>
      <Execution ProcessID=""3588"" ThreadID=""5124""/>
      <Channel>Microsoft-Windows-Sysmon/Operational</Channel>
      <Computer>WinDev2309Eval</Computer>
      <Security UserID=""S-1-5-18""/>
    </System>
    <EventData>
      <Data Name=""RuleName"">InvDB-CompileTimeClaim</Data>
      <Data Name=""EventType"">SetValue</Data>
      <Data Name=""UtcTime"">2023-12-27 22:36:28.146</Data>
      <Data Name=""ProcessGuid"">{f57bd86a-36f8-658c-3e00-000000000f00}</Data>
      <Data Name=""ProcessId"">3212</Data>
      <Data Name=""Image"">C:\Windows\System32\svchost.exe</Data>
      <Data Name=""TargetObject"">\REGISTRY\A\{b3b14332-edc6-625a-c682-62677f6d06d4}\Root\InventoryApplicationFile\rundll32.exe|ccf370e740f0e788\LinkDate</Data>
      <Data Name=""Details"">02/20/1988 14:21:11</Data>
      <Data Name=""User"">NT AUTHORITY\SYSTEM</Data>
    </EventData>
    <RenderingInfo Culture=""en-US"">
      <Message>Registry value set:

RuleName: InvDB-CompileTimeClaim

EventType: SetValue

UtcTime: 2023-12-27 22:36:28.146

ProcessGuid: {f57bd86a-36f8-658c-3e00-000000000f00}

ProcessId: 3212

Image: C:\Windows\System32\svchost.exe

TargetObject: \REGISTRY\A\{b3b14332-edc6-625a-c682-62677f6d06d4}\Root\InventoryApplicationFile\rundll32.exe|ccf370e740f0e788\LinkDate

Details: 02/20/1988 14:21:11

User: NT AUTHORITY\SYSTEM</Message>
      <Level>Information</Level>
      <Task>Registry value set (rule: RegistryEvent)</Task>
      <Opcode>Info</Opcode>
    </RenderingInfo>
  </Event>
  
"
Microsoft-Windows-Sysmon/Operational,,,WinDev2309Eval,,,microsoft corporation,13,19584,SetValue,,,C:\Windows\System32\svchost.exe,,0x8000000000000000,Information,,,"Registry value set:

RuleName: InvDB-Pub

EventType: SetValue

UtcTime: 2023-12-27 22:36:28.146

ProcessGuid: {f57bd86a-36f8-658c-3e00-000000000f00}

ProcessId: 3212

Image: C:\Windows\System32\svchost.exe

TargetObject: \REGISTRY\A\{b3b14332-edc6-625a-c682-62677f6d06d4}\Root\InventoryApplicationFile\rundll32.exe|ccf370e740f0e788\Publisher

Details: microsoft corporation

User: NT AUTHORITY\SYSTEM",Info,,,,,,,{f57bd86a-36f8-658c-3e00-000000000f00},3588,3212,,,,,"
      ",InvDB-Pub,2023-12-27T22:36:28.1576890Z,\REGISTRY\A\{b3b14332-edc6-625a-c682-62677f6d06d4}\Root\InventoryApplicationFile\rundll32.exe|ccf370e740f0e788\Publisher,Registry value set (rule: RegistryEvent),,5124,NT AUTHORITY\SYSTEM,S-1-5-18,2023-12-27 22:36:28.146,2,"<Event xmlns=""http://schemas.microsoft.com/win/2004/08/events/event"">
    <System>
      <Provider Name=""Microsoft-Windows-Sysmon"" Guid=""{5770385f-c22a-43e0-bf4c-06f5698ffbd9}""/>
      <EventID>13</EventID>
      <Version>2</Version>
      <Level>4</Level>
      <Task>13</Task>
      <Opcode>0</Opcode>
      <Keywords>0x8000000000000000</Keywords>
      <TimeCreated SystemTime=""2023-12-27T22:36:28.1576890Z""/>
      <EventRecordID>19584</EventRecordID>
      <Correlation/>
      <Execution ProcessID=""3588"" ThreadID=""5124""/>
      <Channel>Microsoft-Windows-Sysmon/Operational</Channel>
      <Computer>WinDev2309Eval</Computer>
      <Security UserID=""S-1-5-18""/>
    </System>
    <EventData>
      <Data Name=""RuleName"">InvDB-Pub</Data>
      <Data Name=""EventType"">SetValue</Data>
      <Data Name=""UtcTime"">2023-12-27 22:36:28.146</Data>
      <Data Name=""ProcessGuid"">{f57bd86a-36f8-658c-3e00-000000000f00}</Data>
      <Data Name=""ProcessId"">3212</Data>
      <Data Name=""Image"">C:\Windows\System32\svchost.exe</Data>
      <Data Name=""TargetObject"">\REGISTRY\A\{b3b14332-edc6-625a-c682-62677f6d06d4}\Root\InventoryApplicationFile\rundll32.exe|ccf370e740f0e788\Publisher</Data>
      <Data Name=""Details"">microsoft corporation</Data>
      <Data Name=""User"">NT AUTHORITY\SYSTEM</Data>
    </EventData>
    <RenderingInfo Culture=""en-US"">
      <Message>Registry value set:

RuleName: InvDB-Pub

EventType: SetValue

UtcTime: 2023-12-27 22:36:28.146

ProcessGuid: {f57bd86a-36f8-658c-3e00-000000000f00}

ProcessId: 3212

Image: C:\Windows\System32\svchost.exe

TargetObject: \REGISTRY\A\{b3b14332-edc6-625a-c682-62677f6d06d4}\Root\InventoryApplicationFile\rundll32.exe|ccf370e740f0e788\Publisher

Details: microsoft corporation

User: NT AUTHORITY\SYSTEM</Message>
      <Level>Information</Level>
      <Task>Registry value set (rule: RegistryEvent)</Task>
      <Opcode>Info</Opcode>
    </RenderingInfo>
  </Event>
  
"
Microsoft-Windows-Sysmon/Operational,,,WinDev2309Eval,,,c:\windows\syswow64\rundll32.exe,13,19583,SetValue,,,C:\Windows\System32\svchost.exe,,0x8000000000000000,Information,,,"Registry value set:

RuleName: InvDB-Path

EventType: SetValue

UtcTime: 2023-12-27 22:36:28.146

ProcessGuid: {f57bd86a-36f8-658c-3e00-000000000f00}

ProcessId: 3212

Image: C:\Windows\System32\svchost.exe

TargetObject: \REGISTRY\A\{b3b14332-edc6-625a-c682-62677f6d06d4}\Root\InventoryApplicationFile\rundll32.exe|ccf370e740f0e788\LowerCaseLongPath

Details: c:\windows\syswow64\rundll32.exe

User: NT AUTHORITY\SYSTEM",Info,,,,,,,{f57bd86a-36f8-658c-3e00-000000000f00},3588,3212,,,,,"
      ",InvDB-Path,2023-12-27T22:36:28.1575230Z,\REGISTRY\A\{b3b14332-edc6-625a-c682-62677f6d06d4}\Root\InventoryApplicationFile\rundll32.exe|ccf370e740f0e788\LowerCaseLongPath,Registry value set (rule: RegistryEvent),,5124,NT AUTHORITY\SYSTEM,S-1-5-18,2023-12-27 22:36:28.146,2,"<Event xmlns=""http://schemas.microsoft.com/win/2004/08/events/event"">
    <System>
      <Provider Name=""Microsoft-Windows-Sysmon"" Guid=""{5770385f-c22a-43e0-bf4c-06f5698ffbd9}""/>
      <EventID>13</EventID>
      <Version>2</Version>
      <Level>4</Level>
      <Task>13</Task>
      <Opcode>0</Opcode>
      <Keywords>0x8000000000000000</Keywords>
      <TimeCreated SystemTime=""2023-12-27T22:36:28.1575230Z""/>
      <EventRecordID>19583</EventRecordID>
      <Correlation/>
      <Execution ProcessID=""3588"" ThreadID=""5124""/>
      <Channel>Microsoft-Windows-Sysmon/Operational</Channel>
      <Computer>WinDev2309Eval</Computer>
      <Security UserID=""S-1-5-18""/>
    </System>
    <EventData>
      <Data Name=""RuleName"">InvDB-Path</Data>
      <Data Name=""EventType"">SetValue</Data>
      <Data Name=""UtcTime"">2023-12-27 22:36:28.146</Data>
      <Data Name=""ProcessGuid"">{f57bd86a-36f8-658c-3e00-000000000f00}</Data>
      <Data Name=""ProcessId"">3212</Data>
      <Data Name=""Image"">C:\Windows\System32\svchost.exe</Data>
      <Data Name=""TargetObject"">\REGISTRY\A\{b3b14332-edc6-625a-c682-62677f6d06d4}\Root\InventoryApplicationFile\rundll32.exe|ccf370e740f0e788\LowerCaseLongPath</Data>
      <Data Name=""Details"">c:\windows\syswow64\rundll32.exe</Data>
      <Data Name=""User"">NT AUTHORITY\SYSTEM</Data>
    </EventData>
    <RenderingInfo Culture=""en-US"">
      <Message>Registry value set:

RuleName: InvDB-Path

EventType: SetValue

UtcTime: 2023-12-27 22:36:28.146

ProcessGuid: {f57bd86a-36f8-658c-3e00-000000000f00}

ProcessId: 3212

Image: C:\Windows\System32\svchost.exe

TargetObject: \REGISTRY\A\{b3b14332-edc6-625a-c682-62677f6d06d4}\Root\InventoryApplicationFile\rundll32.exe|ccf370e740f0e788\LowerCaseLongPath

Details: c:\windows\syswow64\rundll32.exe

User: NT AUTHORITY\SYSTEM</Message>
      <Level>Information</Level>
      <Task>Registry value set (rule: RegistryEvent)</Task>
      <Opcode>Info</Opcode>
    </RenderingInfo>
  </Event>
  
"
Microsoft-Windows-Sysmon/Operational,,,WinDev2309Eval,,,10.0.22621.1,13,19582,SetValue,,,C:\Windows\System32\svchost.exe,,0x8000000000000000,Information,,,"Registry value set:

RuleName: InvDB-Ver

EventType: SetValue

UtcTime: 2023-12-27 22:36:28.128

ProcessGuid: {f57bd86a-36f8-658c-3e00-000000000f00}

ProcessId: 3212

Image: C:\Windows\System32\svchost.exe

TargetObject: \REGISTRY\A\{b3b14332-edc6-625a-c682-62677f6d06d4}\Root\InventoryApplicationFile\control.exe|ad3e7d6cb5424ec4\BinProductVersion

Details: 10.0.22621.1

User: NT AUTHORITY\SYSTEM",Info,,,,,,,{f57bd86a-36f8-658c-3e00-000000000f00},3588,3212,,,,,"
      ",InvDB-Ver,2023-12-27T22:36:28.1398688Z,\REGISTRY\A\{b3b14332-edc6-625a-c682-62677f6d06d4}\Root\InventoryApplicationFile\control.exe|ad3e7d6cb5424ec4\BinProductVersion,Registry value set (rule: RegistryEvent),,5124,NT AUTHORITY\SYSTEM,S-1-5-18,2023-12-27 22:36:28.128,2,"<Event xmlns=""http://schemas.microsoft.com/win/2004/08/events/event"">
    <System>
      <Provider Name=""Microsoft-Windows-Sysmon"" Guid=""{5770385f-c22a-43e0-bf4c-06f5698ffbd9}""/>
      <EventID>13</EventID>
      <Version>2</Version>
      <Level>4</Level>
      <Task>13</Task>
      <Opcode>0</Opcode>
      <Keywords>0x8000000000000000</Keywords>
      <TimeCreated SystemTime=""2023-12-27T22:36:28.1398688Z""/>
      <EventRecordID>19582</EventRecordID>
      <Correlation/>
      <Execution ProcessID=""3588"" ThreadID=""5124""/>
      <Channel>Microsoft-Windows-Sysmon/Operational</Channel>
      <Computer>WinDev2309Eval</Computer>
      <Security UserID=""S-1-5-18""/>
    </System>
    <EventData>
      <Data Name=""RuleName"">InvDB-Ver</Data>
      <Data Name=""EventType"">SetValue</Data>
      <Data Name=""UtcTime"">2023-12-27 22:36:28.128</Data>
      <Data Name=""ProcessGuid"">{f57bd86a-36f8-658c-3e00-000000000f00}</Data>
      <Data Name=""ProcessId"">3212</Data>
      <Data Name=""Image"">C:\Windows\System32\svchost.exe</Data>
      <Data Name=""TargetObject"">\REGISTRY\A\{b3b14332-edc6-625a-c682-62677f6d06d4}\Root\InventoryApplicationFile\control.exe|ad3e7d6cb5424ec4\BinProductVersion</Data>
      <Data Name=""Details"">10.0.22621.1</Data>
      <Data Name=""User"">NT AUTHORITY\SYSTEM</Data>
    </EventData>
    <RenderingInfo Culture=""en-US"">
      <Message>Registry value set:

RuleName: InvDB-Ver

EventType: SetValue

UtcTime: 2023-12-27 22:36:28.128

ProcessGuid: {f57bd86a-36f8-658c-3e00-000000000f00}

ProcessId: 3212

Image: C:\Windows\System32\svchost.exe

TargetObject: \REGISTRY\A\{b3b14332-edc6-625a-c682-62677f6d06d4}\Root\InventoryApplicationFile\control.exe|ad3e7d6cb5424ec4\BinProductVersion

Details: 10.0.22621.1

User: NT AUTHORITY\SYSTEM</Message>
      <Level>Information</Level>
      <Task>Registry value set (rule: RegistryEvent)</Task>
      <Opcode>Info</Opcode>
    </RenderingInfo>
  </Event>
  
"
Microsoft-Windows-Sysmon/Operational,,,WinDev2309Eval,,,05/03/2053 01:27:35,13,19581,SetValue,,,C:\Windows\System32\svchost.exe,,0x8000000000000000,Information,,,"Registry value set:

RuleName: InvDB-CompileTimeClaim

EventType: SetValue

UtcTime: 2023-12-27 22:36:28.128

ProcessGuid: {f57bd86a-36f8-658c-3e00-000000000f00}

ProcessId: 3212

Image: C:\Windows\System32\svchost.exe

TargetObject: \REGISTRY\A\{b3b14332-edc6-625a-c682-62677f6d06d4}\Root\InventoryApplicationFile\control.exe|ad3e7d6cb5424ec4\LinkDate

Details: 05/03/2053 01:27:35

User: NT AUTHORITY\SYSTEM",Info,,,,,,,{f57bd86a-36f8-658c-3e00-000000000f00},3588,3212,,,,,"
      ",InvDB-CompileTimeClaim,2023-12-27T22:36:28.1398121Z,\REGISTRY\A\{b3b14332-edc6-625a-c682-62677f6d06d4}\Root\InventoryApplicationFile\control.exe|ad3e7d6cb5424ec4\LinkDate,Registry value set (rule: RegistryEvent),,5124,NT AUTHORITY\SYSTEM,S-1-5-18,2023-12-27 22:36:28.128,2,"<Event xmlns=""http://schemas.microsoft.com/win/2004/08/events/event"">
    <System>
      <Provider Name=""Microsoft-Windows-Sysmon"" Guid=""{5770385f-c22a-43e0-bf4c-06f5698ffbd9}""/>
      <EventID>13</EventID>
      <Version>2</Version>
      <Level>4</Level>
      <Task>13</Task>
      <Opcode>0</Opcode>
      <Keywords>0x8000000000000000</Keywords>
      <TimeCreated SystemTime=""2023-12-27T22:36:28.1398121Z""/>
      <EventRecordID>19581</EventRecordID>
      <Correlation/>
      <Execution ProcessID=""3588"" ThreadID=""5124""/>
      <Channel>Microsoft-Windows-Sysmon/Operational</Channel>
      <Computer>WinDev2309Eval</Computer>
      <Security UserID=""S-1-5-18""/>
    </System>
    <EventData>
      <Data Name=""RuleName"">InvDB-CompileTimeClaim</Data>
      <Data Name=""EventType"">SetValue</Data>
      <Data Name=""UtcTime"">2023-12-27 22:36:28.128</Data>
      <Data Name=""ProcessGuid"">{f57bd86a-36f8-658c-3e00-000000000f00}</Data>
      <Data Name=""ProcessId"">3212</Data>
      <Data Name=""Image"">C:\Windows\System32\svchost.exe</Data>
      <Data Name=""TargetObject"">\REGISTRY\A\{b3b14332-edc6-625a-c682-62677f6d06d4}\Root\InventoryApplicationFile\control.exe|ad3e7d6cb5424ec4\LinkDate</Data>
      <Data Name=""Details"">05/03/2053 01:27:35</Data>
      <Data Name=""User"">NT AUTHORITY\SYSTEM</Data>
    </EventData>
    <RenderingInfo Culture=""en-US"">
      <Message>Registry value set:

RuleName: InvDB-CompileTimeClaim

EventType: SetValue

UtcTime: 2023-12-27 22:36:28.128

ProcessGuid: {f57bd86a-36f8-658c-3e00-000000000f00}

ProcessId: 3212

Image: C:\Windows\System32\svchost.exe

TargetObject: \REGISTRY\A\{b3b14332-edc6-625a-c682-62677f6d06d4}\Root\InventoryApplicationFile\control.exe|ad3e7d6cb5424ec4\LinkDate

Details: 05/03/2053 01:27:35

User: NT AUTHORITY\SYSTEM</Message>
      <Level>Information</Level>
      <Task>Registry value set (rule: RegistryEvent)</Task>
      <Opcode>Info</Opcode>
    </RenderingInfo>
  </Event>
  
"
Microsoft-Windows-Sysmon/Operational,,,WinDev2309Eval,,,microsoft corporation,13,19580,SetValue,,,C:\Windows\System32\svchost.exe,,0x8000000000000000,Information,,,"Registry value set:

RuleName: InvDB-Pub

EventType: SetValue

UtcTime: 2023-12-27 22:36:28.128

ProcessGuid: {f57bd86a-36f8-658c-3e00-000000000f00}

ProcessId: 3212

Image: C:\Windows\System32\svchost.exe

TargetObject: \REGISTRY\A\{b3b14332-edc6-625a-c682-62677f6d06d4}\Root\InventoryApplicationFile\control.exe|ad3e7d6cb5424ec4\Publisher

Details: microsoft corporation

User: NT AUTHORITY\SYSTEM",Info,,,,,,,{f57bd86a-36f8-658c-3e00-000000000f00},3588,3212,,,,,"
      ",InvDB-Pub,2023-12-27T22:36:28.1394852Z,\REGISTRY\A\{b3b14332-edc6-625a-c682-62677f6d06d4}\Root\InventoryApplicationFile\control.exe|ad3e7d6cb5424ec4\Publisher,Registry value set (rule: RegistryEvent),,5124,NT AUTHORITY\SYSTEM,S-1-5-18,2023-12-27 22:36:28.128,2,"<Event xmlns=""http://schemas.microsoft.com/win/2004/08/events/event"">
    <System>
      <Provider Name=""Microsoft-Windows-Sysmon"" Guid=""{5770385f-c22a-43e0-bf4c-06f5698ffbd9}""/>
      <EventID>13</EventID>
      <Version>2</Version>
      <Level>4</Level>
      <Task>13</Task>
      <Opcode>0</Opcode>
      <Keywords>0x8000000000000000</Keywords>
      <TimeCreated SystemTime=""2023-12-27T22:36:28.1394852Z""/>
      <EventRecordID>19580</EventRecordID>
      <Correlation/>
      <Execution ProcessID=""3588"" ThreadID=""5124""/>
      <Channel>Microsoft-Windows-Sysmon/Operational</Channel>
      <Computer>WinDev2309Eval</Computer>
      <Security UserID=""S-1-5-18""/>
    </System>
    <EventData>
      <Data Name=""RuleName"">InvDB-Pub</Data>
      <Data Name=""EventType"">SetValue</Data>
      <Data Name=""UtcTime"">2023-12-27 22:36:28.128</Data>
      <Data Name=""ProcessGuid"">{f57bd86a-36f8-658c-3e00-000000000f00}</Data>
      <Data Name=""ProcessId"">3212</Data>
      <Data Name=""Image"">C:\Windows\System32\svchost.exe</Data>
      <Data Name=""TargetObject"">\REGISTRY\A\{b3b14332-edc6-625a-c682-62677f6d06d4}\Root\InventoryApplicationFile\control.exe|ad3e7d6cb5424ec4\Publisher</Data>
      <Data Name=""Details"">microsoft corporation</Data>
      <Data Name=""User"">NT AUTHORITY\SYSTEM</Data>
    </EventData>
    <RenderingInfo Culture=""en-US"">
      <Message>Registry value set:

RuleName: InvDB-Pub

EventType: SetValue

UtcTime: 2023-12-27 22:36:28.128

ProcessGuid: {f57bd86a-36f8-658c-3e00-000000000f00}

ProcessId: 3212

Image: C:\Windows\System32\svchost.exe

TargetObject: \REGISTRY\A\{b3b14332-edc6-625a-c682-62677f6d06d4}\Root\InventoryApplicationFile\control.exe|ad3e7d6cb5424ec4\Publisher

Details: microsoft corporation

User: NT AUTHORITY\SYSTEM</Message>
      <Level>Information</Level>
      <Task>Registry value set (rule: RegistryEvent)</Task>
      <Opcode>Info</Opcode>
    </RenderingInfo>
  </Event>
  
"
Microsoft-Windows-Sysmon/Operational,,,WinDev2309Eval,,,c:\windows\system32\control.exe,13,19579,SetValue,,,C:\Windows\System32\svchost.exe,,0x8000000000000000,Information,,,"Registry value set:

RuleName: InvDB-Path

EventType: SetValue

UtcTime: 2023-12-27 22:36:28.128

ProcessGuid: {f57bd86a-36f8-658c-3e00-000000000f00}

ProcessId: 3212

Image: C:\Windows\System32\svchost.exe

TargetObject: \REGISTRY\A\{b3b14332-edc6-625a-c682-62677f6d06d4}\Root\InventoryApplicationFile\control.exe|ad3e7d6cb5424ec4\LowerCaseLongPath

Details: c:\windows\system32\control.exe

User: NT AUTHORITY\SYSTEM",Info,,,,,,,{f57bd86a-36f8-658c-3e00-000000000f00},3588,3212,,,,,"
      ",InvDB-Path,2023-12-27T22:36:28.1392342Z,\REGISTRY\A\{b3b14332-edc6-625a-c682-62677f6d06d4}\Root\InventoryApplicationFile\control.exe|ad3e7d6cb5424ec4\LowerCaseLongPath,Registry value set (rule: RegistryEvent),,5124,NT AUTHORITY\SYSTEM,S-1-5-18,2023-12-27 22:36:28.128,2,"<Event xmlns=""http://schemas.microsoft.com/win/2004/08/events/event"">
    <System>
      <Provider Name=""Microsoft-Windows-Sysmon"" Guid=""{5770385f-c22a-43e0-bf4c-06f5698ffbd9}""/>
      <EventID>13</EventID>
      <Version>2</Version>
      <Level>4</Level>
      <Task>13</Task>
      <Opcode>0</Opcode>
      <Keywords>0x8000000000000000</Keywords>
      <TimeCreated SystemTime=""2023-12-27T22:36:28.1392342Z""/>
      <EventRecordID>19579</EventRecordID>
      <Correlation/>
      <Execution ProcessID=""3588"" ThreadID=""5124""/>
      <Channel>Microsoft-Windows-Sysmon/Operational</Channel>
      <Computer>WinDev2309Eval</Computer>
      <Security UserID=""S-1-5-18""/>
    </System>
    <EventData>
      <Data Name=""RuleName"">InvDB-Path</Data>
      <Data Name=""EventType"">SetValue</Data>
      <Data Name=""UtcTime"">2023-12-27 22:36:28.128</Data>
      <Data Name=""ProcessGuid"">{f57bd86a-36f8-658c-3e00-000000000f00}</Data>
      <Data Name=""ProcessId"">3212</Data>
      <Data Name=""Image"">C:\Windows\System32\svchost.exe</Data>
      <Data Name=""TargetObject"">\REGISTRY\A\{b3b14332-edc6-625a-c682-62677f6d06d4}\Root\InventoryApplicationFile\control.exe|ad3e7d6cb5424ec4\LowerCaseLongPath</Data>
      <Data Name=""Details"">c:\windows\system32\control.exe</Data>
      <Data Name=""User"">NT AUTHORITY\SYSTEM</Data>
    </EventData>
    <RenderingInfo Culture=""en-US"">
      <Message>Registry value set:

RuleName: InvDB-Path

EventType: SetValue

UtcTime: 2023-12-27 22:36:28.128

ProcessGuid: {f57bd86a-36f8-658c-3e00-000000000f00}

ProcessId: 3212

Image: C:\Windows\System32\svchost.exe

TargetObject: \REGISTRY\A\{b3b14332-edc6-625a-c682-62677f6d06d4}\Root\InventoryApplicationFile\control.exe|ad3e7d6cb5424ec4\LowerCaseLongPath

Details: c:\windows\system32\control.exe

User: NT AUTHORITY\SYSTEM</Message>
      <Level>Information</Level>
      <Task>Registry value set (rule: RegistryEvent)</Task>
      <Opcode>Info</Opcode>
    </RenderingInfo>
  </Event>
  
"
Microsoft-Windows-Sysmon/Operational,"""C:\Program Files\WindowsApps\Microsoft.WindowsTerminal_1.18.3181.0_x64__8wekyb3d8bbwe\WindowsTerminal.exe"" -Embedding",-,WinDev2309Eval,C:\Windows\system32\,-,,1,19578,,-,"MD5=69D536A57E2CA570BD305FC17A72FBA4,SHA256=DF554DF7C1611574C9B7D1B783FE851D19A6868FBE035D460EF8D0E0E27151DA,IMPHASH=89539BECC118C763F2798F0B697FEEC1",C:\Program Files\WindowsApps\Microsoft.WindowsTerminal_1.18.3181.0_x64__8wekyb3d8bbwe\WindowsTerminal.exe,Medium,0x8000000000000000,Information,{f57bd86a-36f9-658c-7bf8-020000000000},0x2f87b,"Process Create:

RuleName: -

UtcTime: 2023-12-27 22:36:28.109

ProcessGuid: {f57bd86a-a6ec-658c-cc01-000000000f00}

ProcessId: 10556

Image: C:\Program Files\WindowsApps\Microsoft.WindowsTerminal_1.18.3181.0_x64__8wekyb3d8bbwe\WindowsTerminal.exe

FileVersion: -

Description: -

Product: -

Company: -

OriginalFileName: -

CommandLine: ""C:\Program Files\WindowsApps\Microsoft.WindowsTerminal_1.18.3181.0_x64__8wekyb3d8bbwe\WindowsTerminal.exe"" -Embedding

CurrentDirectory: C:\Windows\system32\

User: WINDEV2309EVAL\User

LogonGuid: {f57bd86a-36f9-658c-7bf8-020000000000}

LogonId: 0x2F87B

TerminalSessionId: 1

IntegrityLevel: Medium

Hashes: MD5=69D536A57E2CA570BD305FC17A72FBA4,SHA256=DF554DF7C1611574C9B7D1B783FE851D19A6868FBE035D460EF8D0E0E27151DA,IMPHASH=89539BECC118C763F2798F0B697FEEC1

ParentProcessGuid: {f57bd86a-36f5-658c-0d00-000000000f00}

ParentProcessId: 932

ParentImage: C:\Windows\System32\svchost.exe

ParentCommandLine: C:\Windows\system32\svchost.exe -k DcomLaunch -p

ParentUser: NT AUTHORITY\SYSTEM",Info,-,C:\Windows\system32\svchost.exe -k DcomLaunch -p,C:\Windows\System32\svchost.exe,{f57bd86a-36f5-658c-0d00-000000000f00},932,NT AUTHORITY\SYSTEM,{f57bd86a-a6ec-658c-cc01-000000000f00},3588,10556,-,,,,"
      ",-,2023-12-27T22:36:28.1103072Z,,Process Create (rule: ProcessCreate),1,5124,WINDEV2309EVAL\User,S-1-5-18,2023-12-27 22:36:28.109,5,"<Event xmlns=""http://schemas.microsoft.com/win/2004/08/events/event"">
    <System>
      <Provider Name=""Microsoft-Windows-Sysmon"" Guid=""{5770385f-c22a-43e0-bf4c-06f5698ffbd9}""/>
      <EventID>1</EventID>
      <Version>5</Version>
      <Level>4</Level>
      <Task>1</Task>
      <Opcode>0</Opcode>
      <Keywords>0x8000000000000000</Keywords>
      <TimeCreated SystemTime=""2023-12-27T22:36:28.1103072Z""/>
      <EventRecordID>19578</EventRecordID>
      <Correlation/>
      <Execution ProcessID=""3588"" ThreadID=""5124""/>
      <Channel>Microsoft-Windows-Sysmon/Operational</Channel>
      <Computer>WinDev2309Eval</Computer>
      <Security UserID=""S-1-5-18""/>
    </System>
    <EventData>
      <Data Name=""RuleName"">-</Data>
      <Data Name=""UtcTime"">2023-12-27 22:36:28.109</Data>
      <Data Name=""ProcessGuid"">{f57bd86a-a6ec-658c-cc01-000000000f00}</Data>
      <Data Name=""ProcessId"">10556</Data>
      <Data Name=""Image"">C:\Program Files\WindowsApps\Microsoft.WindowsTerminal_1.18.3181.0_x64__8wekyb3d8bbwe\WindowsTerminal.exe</Data>
      <Data Name=""FileVersion"">-</Data>
      <Data Name=""Description"">-</Data>
      <Data Name=""Product"">-</Data>
      <Data Name=""Company"">-</Data>
      <Data Name=""OriginalFileName"">-</Data>
      <Data Name=""CommandLine"">""C:\Program Files\WindowsApps\Microsoft.WindowsTerminal_1.18.3181.0_x64__8wekyb3d8bbwe\WindowsTerminal.exe"" -Embedding</Data>
      <Data Name=""CurrentDirectory"">C:\Windows\system32\</Data>
      <Data Name=""User"">WINDEV2309EVAL\User</Data>
      <Data Name=""LogonGuid"">{f57bd86a-36f9-658c-7bf8-020000000000}</Data>
      <Data Name=""LogonId"">0x2f87b</Data>
      <Data Name=""TerminalSessionId"">1</Data>
      <Data Name=""IntegrityLevel"">Medium</Data>
      <Data Name=""Hashes"">MD5=69D536A57E2CA570BD305FC17A72FBA4,SHA256=DF554DF7C1611574C9B7D1B783FE851D19A6868FBE035D460EF8D0E0E27151DA,IMPHASH=89539BECC118C763F2798F0B697FEEC1</Data>
      <Data Name=""ParentProcessGuid"">{f57bd86a-36f5-658c-0d00-000000000f00}</Data>
      <Data Name=""ParentProcessId"">932</Data>
      <Data Name=""ParentImage"">C:\Windows\System32\svchost.exe</Data>
      <Data Name=""ParentCommandLine"">C:\Windows\system32\svchost.exe -k DcomLaunch -p</Data>
      <Data Name=""ParentUser"">NT AUTHORITY\SYSTEM</Data>
    </EventData>
    <RenderingInfo Culture=""en-US"">
      <Message>Process Create:

RuleName: -

UtcTime: 2023-12-27 22:36:28.109

ProcessGuid: {f57bd86a-a6ec-658c-cc01-000000000f00}

ProcessId: 10556

Image: C:\Program Files\WindowsApps\Microsoft.WindowsTerminal_1.18.3181.0_x64__8wekyb3d8bbwe\WindowsTerminal.exe

FileVersion: -

Description: -

Product: -

Company: -

OriginalFileName: -

CommandLine: ""C:\Program Files\WindowsApps\Microsoft.WindowsTerminal_1.18.3181.0_x64__8wekyb3d8bbwe\WindowsTerminal.exe"" -Embedding

CurrentDirectory: C:\Windows\system32\

User: WINDEV2309EVAL\User

LogonGuid: {f57bd86a-36f9-658c-7bf8-020000000000}

LogonId: 0x2F87B

TerminalSessionId: 1

IntegrityLevel: Medium

Hashes: MD5=69D536A57E2CA570BD305FC17A72FBA4,SHA256=DF554DF7C1611574C9B7D1B783FE851D19A6868FBE035D460EF8D0E0E27151DA,IMPHASH=89539BECC118C763F2798F0B697FEEC1

ParentProcessGuid: {f57bd86a-36f5-658c-0d00-000000000f00}

ParentProcessId: 932

ParentImage: C:\Windows\System32\svchost.exe

ParentCommandLine: C:\Windows\system32\svchost.exe -k DcomLaunch -p

ParentUser: NT AUTHORITY\SYSTEM</Message>
      <Level>Information</Level>
      <Task>Process Create (rule: ProcessCreate)</Task>
      <Opcode>Info</Opcode>
    </RenderingInfo>
  </Event>
  
"
