Microsoft-Windows-Sysmon/Operational,"rundll32.exe  ""C:\AtomicRedTeam\atomics\T1218.010\bin\AllTheThingsx64.dll"",#2",Microsoft Corporation,WinDev2309Eval,,C:\Users\User\AppData\Local\Temp\,Windows host process (Rundll32),,,,,,1,19610,10.0.22621.1 (WinBuild.160101.0800),"MD5=57A6B4BDF247C1A6CA08AC09A8F9B742,SHA256=98D37EFF504A7ADB864131EA4A042AAF4D79C4356960A8AB2FA656CC59AEC014,IMPHASH=5C68DE198B5D2DD5C1129782AD19676C",C:\Windows\System32\rundll32.exe,,Medium,0x8000000000000000,Information,{f57bd86a-36f9-658c-7bf8-020000000000},0x2f87b,"Process Create:

RuleName: -

UtcTime: 2023-12-27 22:48:37.325

ProcessGuid: {f57bd86a-a9c5-658c-f501-000000000f00}

ProcessId: 3060

Image: C:\Windows\System32\rundll32.exe

FileVersion: 10.0.22621.1 (WinBuild.160101.0800)

Description: Windows host process (Rundll32)

Product: Microsoft® Windows® Operating System

Company: Microsoft Corporation

OriginalFileName: RUNDLL32.EXE

CommandLine: rundll32.exe  ""C:\AtomicRedTeam\atomics\T1218.010\bin\AllTheThingsx64.dll"",#2

CurrentDirectory: C:\Users\User\AppData\Local\Temp\

User: WINDEV2309EVAL\User

LogonGuid: {f57bd86a-36f9-658c-7bf8-020000000000}

LogonId: 0x2F87B

TerminalSessionId: 1

IntegrityLevel: Medium

Hashes: MD5=57A6B4BDF247C1A6CA08AC09A8F9B742,SHA256=98D37EFF504A7ADB864131EA4A042AAF4D79C4356960A8AB2FA656CC59AEC014,IMPHASH=5C68DE198B5D2DD5C1129782AD19676C

ParentProcessGuid: {f57bd86a-a9c5-658c-f301-000000000f00}

ParentProcessId: 9568

ParentImage: C:\Windows\System32\cmd.exe

ParentCommandLine: ""cmd.exe"" /c rundll32.exe ""C:\AtomicRedTeam\atomics\T1218.010\bin\AllTheThingsx64.dll"",#2

ParentUser: WINDEV2309EVAL\User",Info,RUNDLL32.EXE,"""cmd.exe"" /c rundll32.exe ""C:\AtomicRedTeam\atomics\T1218.010\bin\AllTheThingsx64.dll"",#2",C:\Windows\System32\cmd.exe,{f57bd86a-a9c5-658c-f301-000000000f00},9568,WINDEV2309EVAL\User,{f57bd86a-a9c5-658c-f501-000000000f00},3588,3060,Microsoft® Windows® Operating System,,,,,"
      ",-,,,,,,2023-12-27T22:48:37.3296131Z,,Process Create (rule: ProcessCreate),1,5124,WINDEV2309EVAL\User,S-1-5-18,2023-12-27 22:48:37.325,5,"<Event xmlns=""http://schemas.microsoft.com/win/2004/08/events/event"">
    <System>
      <Provider Name=""Microsoft-Windows-Sysmon"" Guid=""{5770385f-c22a-43e0-bf4c-06f5698ffbd9}""/>
      <EventID>1</EventID>
      <Version>5</Version>
      <Level>4</Level>
      <Task>1</Task>
      <Opcode>0</Opcode>
      <Keywords>0x8000000000000000</Keywords>
      <TimeCreated SystemTime=""2023-12-27T22:48:37.3296131Z""/>
      <EventRecordID>19610</EventRecordID>
      <Correlation/>
      <Execution ProcessID=""3588"" ThreadID=""5124""/>
      <Channel>Microsoft-Windows-Sysmon/Operational</Channel>
      <Computer>WinDev2309Eval</Computer>
      <Security UserID=""S-1-5-18""/>
    </System>
    <EventData>
      <Data Name=""RuleName"">-</Data>
      <Data Name=""UtcTime"">2023-12-27 22:48:37.325</Data>
      <Data Name=""ProcessGuid"">{f57bd86a-a9c5-658c-f501-000000000f00}</Data>
      <Data Name=""ProcessId"">3060</Data>
      <Data Name=""Image"">C:\Windows\System32\rundll32.exe</Data>
      <Data Name=""FileVersion"">10.0.22621.1 (WinBuild.160101.0800)</Data>
      <Data Name=""Description"">Windows host process (Rundll32)</Data>
      <Data Name=""Product"">Microsoft&#174; Windows&#174; Operating System</Data>
      <Data Name=""Company"">Microsoft Corporation</Data>
      <Data Name=""OriginalFileName"">RUNDLL32.EXE</Data>
      <Data Name=""CommandLine"">rundll32.exe  ""C:\AtomicRedTeam\atomics\T1218.010\bin\AllTheThingsx64.dll"",#2</Data>
      <Data Name=""CurrentDirectory"">C:\Users\User\AppData\Local\Temp\</Data>
      <Data Name=""User"">WINDEV2309EVAL\User</Data>
      <Data Name=""LogonGuid"">{f57bd86a-36f9-658c-7bf8-020000000000}</Data>
      <Data Name=""LogonId"">0x2f87b</Data>
      <Data Name=""TerminalSessionId"">1</Data>
      <Data Name=""IntegrityLevel"">Medium</Data>
      <Data Name=""Hashes"">MD5=57A6B4BDF247C1A6CA08AC09A8F9B742,SHA256=98D37EFF504A7ADB864131EA4A042AAF4D79C4356960A8AB2FA656CC59AEC014,IMPHASH=5C68DE198B5D2DD5C1129782AD19676C</Data>
      <Data Name=""ParentProcessGuid"">{f57bd86a-a9c5-658c-f301-000000000f00}</Data>
      <Data Name=""ParentProcessId"">9568</Data>
      <Data Name=""ParentImage"">C:\Windows\System32\cmd.exe</Data>
      <Data Name=""ParentCommandLine"">""cmd.exe"" /c rundll32.exe ""C:\AtomicRedTeam\atomics\T1218.010\bin\AllTheThingsx64.dll"",#2</Data>
      <Data Name=""ParentUser"">WINDEV2309EVAL\User</Data>
    </EventData>
    <RenderingInfo Culture=""en-US"">
      <Message>Process Create:

RuleName: -

UtcTime: 2023-12-27 22:48:37.325

ProcessGuid: {f57bd86a-a9c5-658c-f501-000000000f00}

ProcessId: 3060

Image: C:\Windows\System32\rundll32.exe

FileVersion: 10.0.22621.1 (WinBuild.160101.0800)

Description: Windows host process (Rundll32)

Product: Microsoft&#174; Windows&#174; Operating System

Company: Microsoft Corporation

OriginalFileName: RUNDLL32.EXE

CommandLine: rundll32.exe  ""C:\AtomicRedTeam\atomics\T1218.010\bin\AllTheThingsx64.dll"",#2

CurrentDirectory: C:\Users\User\AppData\Local\Temp\

User: WINDEV2309EVAL\User

LogonGuid: {f57bd86a-36f9-658c-7bf8-020000000000}

LogonId: 0x2F87B

TerminalSessionId: 1

IntegrityLevel: Medium

Hashes: MD5=57A6B4BDF247C1A6CA08AC09A8F9B742,SHA256=98D37EFF504A7ADB864131EA4A042AAF4D79C4356960A8AB2FA656CC59AEC014,IMPHASH=5C68DE198B5D2DD5C1129782AD19676C

ParentProcessGuid: {f57bd86a-a9c5-658c-f301-000000000f00}

ParentProcessId: 9568

ParentImage: C:\Windows\System32\cmd.exe

ParentCommandLine: ""cmd.exe"" /c rundll32.exe ""C:\AtomicRedTeam\atomics\T1218.010\bin\AllTheThingsx64.dll"",#2

ParentUser: WINDEV2309EVAL\User</Message>
      <Level>Information</Level>
      <Task>Process Create (rule: ProcessCreate)</Task>
      <Opcode>Info</Opcode>
    </RenderingInfo>
  </Event>
  
"
Microsoft-Windows-Sysmon/Operational,"""cmd.exe"" /c rundll32.exe ""C:\AtomicRedTeam\atomics\T1218.010\bin\AllTheThingsx64.dll"",#2",Microsoft Corporation,WinDev2309Eval,,C:\Users\User\AppData\Local\Temp\,Windows Command Processor,,,,,,1,19609,10.0.22621.2506 (WinBuild.160101.0800),"MD5=133D568ECCB557E37BEA1459521CBAC2,SHA256=05A30592D2C3421C41121145C6EEFA7C81FEA6B42D6233A522240A8468326B9C,IMPHASH=D73E39DAB3C8B57AA408073D01254964",C:\Windows\System32\cmd.exe,,Medium,0x8000000000000000,Information,{f57bd86a-36f9-658c-7bf8-020000000000},0x2f87b,"Process Create:

RuleName: -

UtcTime: 2023-12-27 22:48:37.286

ProcessGuid: {f57bd86a-a9c5-658c-f301-000000000f00}

ProcessId: 9568

Image: C:\Windows\System32\cmd.exe

FileVersion: 10.0.22621.2506 (WinBuild.160101.0800)

Description: Windows Command Processor

Product: Microsoft® Windows® Operating System

Company: Microsoft Corporation

OriginalFileName: Cmd.Exe

CommandLine: ""cmd.exe"" /c rundll32.exe ""C:\AtomicRedTeam\atomics\T1218.010\bin\AllTheThingsx64.dll"",#2

CurrentDirectory: C:\Users\User\AppData\Local\Temp\

User: WINDEV2309EVAL\User

LogonGuid: {f57bd86a-36f9-658c-7bf8-020000000000}

LogonId: 0x2F87B

TerminalSessionId: 1

IntegrityLevel: Medium

Hashes: MD5=133D568ECCB557E37BEA1459521CBAC2,SHA256=05A30592D2C3421C41121145C6EEFA7C81FEA6B42D6233A522240A8468326B9C,IMPHASH=D73E39DAB3C8B57AA408073D01254964

ParentProcessGuid: {00000000-0000-0000-0000-000000000000}

ParentProcessId: 1688

ParentImage: -

ParentCommandLine: -

ParentUser: -",Info,Cmd.Exe,-,-,{00000000-0000-0000-0000-000000000000},1688,-,{f57bd86a-a9c5-658c-f301-000000000f00},3588,9568,Microsoft® Windows® Operating System,,,,,"
      ",-,,,,,,2023-12-27T22:48:37.2874038Z,,Process Create (rule: ProcessCreate),1,5124,WINDEV2309EVAL\User,S-1-5-18,2023-12-27 22:48:37.286,5,"<Event xmlns=""http://schemas.microsoft.com/win/2004/08/events/event"">
    <System>
      <Provider Name=""Microsoft-Windows-Sysmon"" Guid=""{5770385f-c22a-43e0-bf4c-06f5698ffbd9}""/>
      <EventID>1</EventID>
      <Version>5</Version>
      <Level>4</Level>
      <Task>1</Task>
      <Opcode>0</Opcode>
      <Keywords>0x8000000000000000</Keywords>
      <TimeCreated SystemTime=""2023-12-27T22:48:37.2874038Z""/>
      <EventRecordID>19609</EventRecordID>
      <Correlation/>
      <Execution ProcessID=""3588"" ThreadID=""5124""/>
      <Channel>Microsoft-Windows-Sysmon/Operational</Channel>
      <Computer>WinDev2309Eval</Computer>
      <Security UserID=""S-1-5-18""/>
    </System>
    <EventData>
      <Data Name=""RuleName"">-</Data>
      <Data Name=""UtcTime"">2023-12-27 22:48:37.286</Data>
      <Data Name=""ProcessGuid"">{f57bd86a-a9c5-658c-f301-000000000f00}</Data>
      <Data Name=""ProcessId"">9568</Data>
      <Data Name=""Image"">C:\Windows\System32\cmd.exe</Data>
      <Data Name=""FileVersion"">10.0.22621.2506 (WinBuild.160101.0800)</Data>
      <Data Name=""Description"">Windows Command Processor</Data>
      <Data Name=""Product"">Microsoft&#174; Windows&#174; Operating System</Data>
      <Data Name=""Company"">Microsoft Corporation</Data>
      <Data Name=""OriginalFileName"">Cmd.Exe</Data>
      <Data Name=""CommandLine"">""cmd.exe"" /c rundll32.exe ""C:\AtomicRedTeam\atomics\T1218.010\bin\AllTheThingsx64.dll"",#2</Data>
      <Data Name=""CurrentDirectory"">C:\Users\User\AppData\Local\Temp\</Data>
      <Data Name=""User"">WINDEV2309EVAL\User</Data>
      <Data Name=""LogonGuid"">{f57bd86a-36f9-658c-7bf8-020000000000}</Data>
      <Data Name=""LogonId"">0x2f87b</Data>
      <Data Name=""TerminalSessionId"">1</Data>
      <Data Name=""IntegrityLevel"">Medium</Data>
      <Data Name=""Hashes"">MD5=133D568ECCB557E37BEA1459521CBAC2,SHA256=05A30592D2C3421C41121145C6EEFA7C81FEA6B42D6233A522240A8468326B9C,IMPHASH=D73E39DAB3C8B57AA408073D01254964</Data>
      <Data Name=""ParentProcessGuid"">{00000000-0000-0000-0000-000000000000}</Data>
      <Data Name=""ParentProcessId"">1688</Data>
      <Data Name=""ParentImage"">-</Data>
      <Data Name=""ParentCommandLine"">-</Data>
      <Data Name=""ParentUser"">-</Data>
    </EventData>
    <RenderingInfo Culture=""en-US"">
      <Message>Process Create:

RuleName: -

UtcTime: 2023-12-27 22:48:37.286

ProcessGuid: {f57bd86a-a9c5-658c-f301-000000000f00}

ProcessId: 9568

Image: C:\Windows\System32\cmd.exe

FileVersion: 10.0.22621.2506 (WinBuild.160101.0800)

Description: Windows Command Processor

Product: Microsoft&#174; Windows&#174; Operating System

Company: Microsoft Corporation

OriginalFileName: Cmd.Exe

CommandLine: ""cmd.exe"" /c rundll32.exe ""C:\AtomicRedTeam\atomics\T1218.010\bin\AllTheThingsx64.dll"",#2

CurrentDirectory: C:\Users\User\AppData\Local\Temp\

User: WINDEV2309EVAL\User

LogonGuid: {f57bd86a-36f9-658c-7bf8-020000000000}

LogonId: 0x2F87B

TerminalSessionId: 1

IntegrityLevel: Medium

Hashes: MD5=133D568ECCB557E37BEA1459521CBAC2,SHA256=05A30592D2C3421C41121145C6EEFA7C81FEA6B42D6233A522240A8468326B9C,IMPHASH=D73E39DAB3C8B57AA408073D01254964

ParentProcessGuid: {00000000-0000-0000-0000-000000000000}

ParentProcessId: 1688

ParentImage: -

ParentCommandLine: -

ParentUser: -</Message>
      <Level>Information</Level>
      <Task>Process Create (rule: ProcessCreate)</Task>
      <Opcode>Info</Opcode>
    </RenderingInfo>
  </Event>
  
"
Microsoft-Windows-Sysmon/Operational,"""C:\Windows\system32\rundll32.exe"" C:\Users\User\Downloads\calc.png StartW",Microsoft Corporation,WinDev2309Eval,,C:\Users\User\AppData\Local\Temp\,Windows host process (Rundll32),,,,,,1,19608,10.0.22621.1 (WinBuild.160101.0800),"MD5=57A6B4BDF247C1A6CA08AC09A8F9B742,SHA256=98D37EFF504A7ADB864131EA4A042AAF4D79C4356960A8AB2FA656CC59AEC014,IMPHASH=5C68DE198B5D2DD5C1129782AD19676C",C:\Windows\System32\rundll32.exe,,Medium,0x8000000000000000,Information,{f57bd86a-36f9-658c-7bf8-020000000000},0x2f87b,"Process Create:

RuleName: -

UtcTime: 2023-12-27 22:48:36.994

ProcessGuid: {f57bd86a-a9c4-658c-f201-000000000f00}

ProcessId: 9400

Image: C:\Windows\System32\rundll32.exe

FileVersion: 10.0.22621.1 (WinBuild.160101.0800)

Description: Windows host process (Rundll32)

Product: Microsoft® Windows® Operating System

Company: Microsoft Corporation

OriginalFileName: RUNDLL32.EXE

CommandLine: ""C:\Windows\system32\rundll32.exe"" C:\Users\User\Downloads\calc.png StartW

CurrentDirectory: C:\Users\User\AppData\Local\Temp\

User: WINDEV2309EVAL\User

LogonGuid: {f57bd86a-36f9-658c-7bf8-020000000000}

LogonId: 0x2F87B

TerminalSessionId: 1

IntegrityLevel: Medium

Hashes: MD5=57A6B4BDF247C1A6CA08AC09A8F9B742,SHA256=98D37EFF504A7ADB864131EA4A042AAF4D79C4356960A8AB2FA656CC59AEC014,IMPHASH=5C68DE198B5D2DD5C1129782AD19676C

ParentProcessGuid: {f57bd86a-a9c3-658c-f001-000000000f00}

ParentProcessId: 1048

ParentImage: C:\Windows\System32\WindowsPowerShell\v1.0\powershell.exe

ParentCommandLine: ""powershell.exe"" & {rundll32.exe C:\Users\$env:username\Downloads\calc.png, StartW}

ParentUser: WINDEV2309EVAL\User",Info,RUNDLL32.EXE,"""powershell.exe"" & {rundll32.exe C:\Users\$env:username\Downloads\calc.png, StartW}",C:\Windows\System32\WindowsPowerShell\v1.0\powershell.exe,{f57bd86a-a9c3-658c-f001-000000000f00},1048,WINDEV2309EVAL\User,{f57bd86a-a9c4-658c-f201-000000000f00},3588,9400,Microsoft® Windows® Operating System,,,,,"
      ",-,,,,,,2023-12-27T22:48:36.9958213Z,,Process Create (rule: ProcessCreate),1,5124,WINDEV2309EVAL\User,S-1-5-18,2023-12-27 22:48:36.994,5,"<Event xmlns=""http://schemas.microsoft.com/win/2004/08/events/event"">
    <System>
      <Provider Name=""Microsoft-Windows-Sysmon"" Guid=""{5770385f-c22a-43e0-bf4c-06f5698ffbd9}""/>
      <EventID>1</EventID>
      <Version>5</Version>
      <Level>4</Level>
      <Task>1</Task>
      <Opcode>0</Opcode>
      <Keywords>0x8000000000000000</Keywords>
      <TimeCreated SystemTime=""2023-12-27T22:48:36.9958213Z""/>
      <EventRecordID>19608</EventRecordID>
      <Correlation/>
      <Execution ProcessID=""3588"" ThreadID=""5124""/>
      <Channel>Microsoft-Windows-Sysmon/Operational</Channel>
      <Computer>WinDev2309Eval</Computer>
      <Security UserID=""S-1-5-18""/>
    </System>
    <EventData>
      <Data Name=""RuleName"">-</Data>
      <Data Name=""UtcTime"">2023-12-27 22:48:36.994</Data>
      <Data Name=""ProcessGuid"">{f57bd86a-a9c4-658c-f201-000000000f00}</Data>
      <Data Name=""ProcessId"">9400</Data>
      <Data Name=""Image"">C:\Windows\System32\rundll32.exe</Data>
      <Data Name=""FileVersion"">10.0.22621.1 (WinBuild.160101.0800)</Data>
      <Data Name=""Description"">Windows host process (Rundll32)</Data>
      <Data Name=""Product"">Microsoft&#174; Windows&#174; Operating System</Data>
      <Data Name=""Company"">Microsoft Corporation</Data>
      <Data Name=""OriginalFileName"">RUNDLL32.EXE</Data>
      <Data Name=""CommandLine"">""C:\Windows\system32\rundll32.exe"" C:\Users\User\Downloads\calc.png StartW</Data>
      <Data Name=""CurrentDirectory"">C:\Users\User\AppData\Local\Temp\</Data>
      <Data Name=""User"">WINDEV2309EVAL\User</Data>
      <Data Name=""LogonGuid"">{f57bd86a-36f9-658c-7bf8-020000000000}</Data>
      <Data Name=""LogonId"">0x2f87b</Data>
      <Data Name=""TerminalSessionId"">1</Data>
      <Data Name=""IntegrityLevel"">Medium</Data>
      <Data Name=""Hashes"">MD5=57A6B4BDF247C1A6CA08AC09A8F9B742,SHA256=98D37EFF504A7ADB864131EA4A042AAF4D79C4356960A8AB2FA656CC59AEC014,IMPHASH=5C68DE198B5D2DD5C1129782AD19676C</Data>
      <Data Name=""ParentProcessGuid"">{f57bd86a-a9c3-658c-f001-000000000f00}</Data>
      <Data Name=""ParentProcessId"">1048</Data>
      <Data Name=""ParentImage"">C:\Windows\System32\WindowsPowerShell\v1.0\powershell.exe</Data>
      <Data Name=""ParentCommandLine"">""powershell.exe"" &amp; {rundll32.exe C:\Users\$env:username\Downloads\calc.png, StartW}</Data>
      <Data Name=""ParentUser"">WINDEV2309EVAL\User</Data>
    </EventData>
    <RenderingInfo Culture=""en-US"">
      <Message>Process Create:

RuleName: -

UtcTime: 2023-12-27 22:48:36.994

ProcessGuid: {f57bd86a-a9c4-658c-f201-000000000f00}

ProcessId: 9400

Image: C:\Windows\System32\rundll32.exe

FileVersion: 10.0.22621.1 (WinBuild.160101.0800)

Description: Windows host process (Rundll32)

Product: Microsoft&#174; Windows&#174; Operating System

Company: Microsoft Corporation

OriginalFileName: RUNDLL32.EXE

CommandLine: ""C:\Windows\system32\rundll32.exe"" C:\Users\User\Downloads\calc.png StartW

CurrentDirectory: C:\Users\User\AppData\Local\Temp\

User: WINDEV2309EVAL\User

LogonGuid: {f57bd86a-36f9-658c-7bf8-020000000000}

LogonId: 0x2F87B

TerminalSessionId: 1

IntegrityLevel: Medium

Hashes: MD5=57A6B4BDF247C1A6CA08AC09A8F9B742,SHA256=98D37EFF504A7ADB864131EA4A042AAF4D79C4356960A8AB2FA656CC59AEC014,IMPHASH=5C68DE198B5D2DD5C1129782AD19676C

ParentProcessGuid: {f57bd86a-a9c3-658c-f001-000000000f00}

ParentProcessId: 1048

ParentImage: C:\Windows\System32\WindowsPowerShell\v1.0\powershell.exe

ParentCommandLine: ""powershell.exe"" &amp; {rundll32.exe C:\Users\$env:username\Downloads\calc.png, StartW}

ParentUser: WINDEV2309EVAL\User</Message>
      <Level>Information</Level>
      <Task>Process Create (rule: ProcessCreate)</Task>
      <Opcode>Info</Opcode>
    </RenderingInfo>
  </Event>
  
"
Microsoft-Windows-Sysmon/Operational,,,WinDev2309Eval,2023-12-27 22:48:35.907,,,,,,,,11,19607,,,C:\Windows\System32\WindowsPowerShell\v1.0\powershell.exe,,,0x8000000000000000,Information,,,"File created:

RuleName: -

UtcTime: 2023-12-27 22:48:35.907

ProcessGuid: {f57bd86a-a9c3-658c-f001-000000000f00}

ProcessId: 1048

Image: C:\Windows\System32\WindowsPowerShell\v1.0\powershell.exe

TargetFilename: C:\Users\User\AppData\Local\Temp\__PSScriptPolicyTest_qxvxtbzy.mxd.ps1

CreationUtcTime: 2023-12-27 22:48:35.907

User: WINDEV2309EVAL\User",Info,,,,,,,{f57bd86a-a9c3-658c-f001-000000000f00},3588,1048,,,,,,"
      ",-,,,,,,2023-12-27T22:48:35.9110684Z,C:\Users\User\AppData\Local\Temp\__PSScriptPolicyTest_qxvxtbzy.mxd.ps1,File created (rule: FileCreate),,5124,WINDEV2309EVAL\User,S-1-5-18,2023-12-27 22:48:35.907,2,"<Event xmlns=""http://schemas.microsoft.com/win/2004/08/events/event"">
    <System>
      <Provider Name=""Microsoft-Windows-Sysmon"" Guid=""{5770385f-c22a-43e0-bf4c-06f5698ffbd9}""/>
      <EventID>11</EventID>
      <Version>2</Version>
      <Level>4</Level>
      <Task>11</Task>
      <Opcode>0</Opcode>
      <Keywords>0x8000000000000000</Keywords>
      <TimeCreated SystemTime=""2023-12-27T22:48:35.9110684Z""/>
      <EventRecordID>19607</EventRecordID>
      <Correlation/>
      <Execution ProcessID=""3588"" ThreadID=""5124""/>
      <Channel>Microsoft-Windows-Sysmon/Operational</Channel>
      <Computer>WinDev2309Eval</Computer>
      <Security UserID=""S-1-5-18""/>
    </System>
    <EventData>
      <Data Name=""RuleName"">-</Data>
      <Data Name=""UtcTime"">2023-12-27 22:48:35.907</Data>
      <Data Name=""ProcessGuid"">{f57bd86a-a9c3-658c-f001-000000000f00}</Data>
      <Data Name=""ProcessId"">1048</Data>
      <Data Name=""Image"">C:\Windows\System32\WindowsPowerShell\v1.0\powershell.exe</Data>
      <Data Name=""TargetFilename"">C:\Users\User\AppData\Local\Temp\__PSScriptPolicyTest_qxvxtbzy.mxd.ps1</Data>
      <Data Name=""CreationUtcTime"">2023-12-27 22:48:35.907</Data>
      <Data Name=""User"">WINDEV2309EVAL\User</Data>
    </EventData>
    <RenderingInfo Culture=""en-US"">
      <Message>File created:

RuleName: -

UtcTime: 2023-12-27 22:48:35.907

ProcessGuid: {f57bd86a-a9c3-658c-f001-000000000f00}

ProcessId: 1048

Image: C:\Windows\System32\WindowsPowerShell\v1.0\powershell.exe

TargetFilename: C:\Users\User\AppData\Local\Temp\__PSScriptPolicyTest_qxvxtbzy.mxd.ps1

CreationUtcTime: 2023-12-27 22:48:35.907

User: WINDEV2309EVAL\User</Message>
      <Level>Information</Level>
      <Task>File created (rule: FileCreate)</Task>
      <Opcode>Info</Opcode>
    </RenderingInfo>
  </Event>
  
"
Microsoft-Windows-Sysmon/Operational,"""powershell.exe"" & {rundll32.exe C:\Users\$env:username\Downloads\calc.png, StartW}",Microsoft Corporation,WinDev2309Eval,,C:\Users\User\AppData\Local\Temp\,Windows PowerShell,,,,,,1,19606,10.0.22621.2506 (WinBuild.160101.0800),"MD5=2D1D70C92A419D9079B047954C611886,SHA256=C50057756CDB25D481CF2502ABCEF124F864C27618C5057468BFC6B82B2C4EDD,IMPHASH=E09C4F82A1DA13A09F4FF2E625FEBA20",C:\Windows\System32\WindowsPowerShell\v1.0\powershell.exe,,Medium,0x8000000000000000,Information,{f57bd86a-36f9-658c-7bf8-020000000000},0x2f87b,"Process Create:

RuleName: -

UtcTime: 2023-12-27 22:48:35.675

ProcessGuid: {f57bd86a-a9c3-658c-f001-000000000f00}

ProcessId: 1048

Image: C:\Windows\System32\WindowsPowerShell\v1.0\powershell.exe

FileVersion: 10.0.22621.2506 (WinBuild.160101.0800)

Description: Windows PowerShell

Product: Microsoft® Windows® Operating System

Company: Microsoft Corporation

OriginalFileName: PowerShell.EXE

CommandLine: ""powershell.exe"" & {rundll32.exe C:\Users\$env:username\Downloads\calc.png, StartW}

CurrentDirectory: C:\Users\User\AppData\Local\Temp\

User: WINDEV2309EVAL\User

LogonGuid: {f57bd86a-36f9-658c-7bf8-020000000000}

LogonId: 0x2F87B

TerminalSessionId: 1

IntegrityLevel: Medium

Hashes: MD5=2D1D70C92A419D9079B047954C611886,SHA256=C50057756CDB25D481CF2502ABCEF124F864C27618C5057468BFC6B82B2C4EDD,IMPHASH=E09C4F82A1DA13A09F4FF2E625FEBA20

ParentProcessGuid: {00000000-0000-0000-0000-000000000000}

ParentProcessId: 1688

ParentImage: -

ParentCommandLine: -

ParentUser: -",Info,PowerShell.EXE,-,-,{00000000-0000-0000-0000-000000000000},1688,-,{f57bd86a-a9c3-658c-f001-000000000f00},3588,1048,Microsoft® Windows® Operating System,,,,,"
      ",-,,,,,,2023-12-27T22:48:35.6768929Z,,Process Create (rule: ProcessCreate),1,5124,WINDEV2309EVAL\User,S-1-5-18,2023-12-27 22:48:35.675,5,"<Event xmlns=""http://schemas.microsoft.com/win/2004/08/events/event"">
    <System>
      <Provider Name=""Microsoft-Windows-Sysmon"" Guid=""{5770385f-c22a-43e0-bf4c-06f5698ffbd9}""/>
      <EventID>1</EventID>
      <Version>5</Version>
      <Level>4</Level>
      <Task>1</Task>
      <Opcode>0</Opcode>
      <Keywords>0x8000000000000000</Keywords>
      <TimeCreated SystemTime=""2023-12-27T22:48:35.6768929Z""/>
      <EventRecordID>19606</EventRecordID>
      <Correlation/>
      <Execution ProcessID=""3588"" ThreadID=""5124""/>
      <Channel>Microsoft-Windows-Sysmon/Operational</Channel>
      <Computer>WinDev2309Eval</Computer>
      <Security UserID=""S-1-5-18""/>
    </System>
    <EventData>
      <Data Name=""RuleName"">-</Data>
      <Data Name=""UtcTime"">2023-12-27 22:48:35.675</Data>
      <Data Name=""ProcessGuid"">{f57bd86a-a9c3-658c-f001-000000000f00}</Data>
      <Data Name=""ProcessId"">1048</Data>
      <Data Name=""Image"">C:\Windows\System32\WindowsPowerShell\v1.0\powershell.exe</Data>
      <Data Name=""FileVersion"">10.0.22621.2506 (WinBuild.160101.0800)</Data>
      <Data Name=""Description"">Windows PowerShell</Data>
      <Data Name=""Product"">Microsoft&#174; Windows&#174; Operating System</Data>
      <Data Name=""Company"">Microsoft Corporation</Data>
      <Data Name=""OriginalFileName"">PowerShell.EXE</Data>
      <Data Name=""CommandLine"">""powershell.exe"" &amp; {rundll32.exe C:\Users\$env:username\Downloads\calc.png, StartW}</Data>
      <Data Name=""CurrentDirectory"">C:\Users\User\AppData\Local\Temp\</Data>
      <Data Name=""User"">WINDEV2309EVAL\User</Data>
      <Data Name=""LogonGuid"">{f57bd86a-36f9-658c-7bf8-020000000000}</Data>
      <Data Name=""LogonId"">0x2f87b</Data>
      <Data Name=""TerminalSessionId"">1</Data>
      <Data Name=""IntegrityLevel"">Medium</Data>
      <Data Name=""Hashes"">MD5=2D1D70C92A419D9079B047954C611886,SHA256=C50057756CDB25D481CF2502ABCEF124F864C27618C5057468BFC6B82B2C4EDD,IMPHASH=E09C4F82A1DA13A09F4FF2E625FEBA20</Data>
      <Data Name=""ParentProcessGuid"">{00000000-0000-0000-0000-000000000000}</Data>
      <Data Name=""ParentProcessId"">1688</Data>
      <Data Name=""ParentImage"">-</Data>
      <Data Name=""ParentCommandLine"">-</Data>
      <Data Name=""ParentUser"">-</Data>
    </EventData>
    <RenderingInfo Culture=""en-US"">
      <Message>Process Create:

RuleName: -

UtcTime: 2023-12-27 22:48:35.675

ProcessGuid: {f57bd86a-a9c3-658c-f001-000000000f00}

ProcessId: 1048

Image: C:\Windows\System32\WindowsPowerShell\v1.0\powershell.exe

FileVersion: 10.0.22621.2506 (WinBuild.160101.0800)

Description: Windows PowerShell

Product: Microsoft&#174; Windows&#174; Operating System

Company: Microsoft Corporation

OriginalFileName: PowerShell.EXE

CommandLine: ""powershell.exe"" &amp; {rundll32.exe C:\Users\$env:username\Downloads\calc.png, StartW}

CurrentDirectory: C:\Users\User\AppData\Local\Temp\

User: WINDEV2309EVAL\User

LogonGuid: {f57bd86a-36f9-658c-7bf8-020000000000}

LogonId: 0x2F87B

TerminalSessionId: 1

IntegrityLevel: Medium

Hashes: MD5=2D1D70C92A419D9079B047954C611886,SHA256=C50057756CDB25D481CF2502ABCEF124F864C27618C5057468BFC6B82B2C4EDD,IMPHASH=E09C4F82A1DA13A09F4FF2E625FEBA20

ParentProcessGuid: {00000000-0000-0000-0000-000000000000}

ParentProcessId: 1688

ParentImage: -

ParentCommandLine: -

ParentUser: -</Message>
      <Level>Information</Level>
      <Task>Process Create (rule: ProcessCreate)</Task>
      <Opcode>Info</Opcode>
    </RenderingInfo>
  </Event>
  
"
Microsoft-Windows-Sysmon/Operational,"""C:\Program Files\WindowsApps\Microsoft.WindowsNotepad_11.2310.13.0_x64__8wekyb3d8bbwe\Notepad\Notepad.exe"" /SESSION:lI9RDPIehUOWmzJlvwG4MwAAAAEBAAAAAYA6BAMAAAAAAAA=",-,WinDev2309Eval,,C:\Windows\System32\,-,,,,,,1,19605,-,"MD5=04EF2F92AB6A28772E9882231354AEA2,SHA256=3FCC0A03FF6CD99504403CF106558C149717C7A8CA025BD23137469456F1F065,IMPHASH=9872652735563E0952795DC53C6BFB45",C:\Program Files\WindowsApps\Microsoft.WindowsNotepad_11.2310.13.0_x64__8wekyb3d8bbwe\Notepad\Notepad.exe,,Medium,0x8000000000000000,Information,{f57bd86a-36f9-658c-7bf8-020000000000},0x2f87b,"Process Create:

RuleName: -

UtcTime: 2023-12-27 22:48:35.400

ProcessGuid: {f57bd86a-a9c3-658c-ef01-000000000f00}

ProcessId: 8580

Image: C:\Program Files\WindowsApps\Microsoft.WindowsNotepad_11.2310.13.0_x64__8wekyb3d8bbwe\Notepad\Notepad.exe

FileVersion: -

Description: -

Product: -

Company: -

OriginalFileName: -

CommandLine: ""C:\Program Files\WindowsApps\Microsoft.WindowsNotepad_11.2310.13.0_x64__8wekyb3d8bbwe\Notepad\Notepad.exe"" /SESSION:lI9RDPIehUOWmzJlvwG4MwAAAAEBAAAAAYA6BAMAAAAAAAA=

CurrentDirectory: C:\Windows\System32\

User: WINDEV2309EVAL\User

LogonGuid: {f57bd86a-36f9-658c-7bf8-020000000000}

LogonId: 0x2F87B

TerminalSessionId: 1

IntegrityLevel: Medium

Hashes: MD5=04EF2F92AB6A28772E9882231354AEA2,SHA256=3FCC0A03FF6CD99504403CF106558C149717C7A8CA025BD23137469456F1F065,IMPHASH=9872652735563E0952795DC53C6BFB45

ParentProcessGuid: {f57bd86a-a9c3-658c-ee01-000000000f00}

ParentProcessId: 7424

ParentImage: C:\Program Files\WindowsApps\Microsoft.WindowsNotepad_11.2310.13.0_x64__8wekyb3d8bbwe\Notepad\Notepad.exe

ParentCommandLine: ""C:\Windows\System32\notepad.exe"" 

ParentUser: WINDEV2309EVAL\User",Info,-,"""C:\Windows\System32\notepad.exe"" ",C:\Program Files\WindowsApps\Microsoft.WindowsNotepad_11.2310.13.0_x64__8wekyb3d8bbwe\Notepad\Notepad.exe,{f57bd86a-a9c3-658c-ee01-000000000f00},7424,WINDEV2309EVAL\User,{f57bd86a-a9c3-658c-ef01-000000000f00},3588,8580,-,,,,,"
      ",-,,,,,,2023-12-27T22:48:35.4015190Z,,Process Create (rule: ProcessCreate),1,5124,WINDEV2309EVAL\User,S-1-5-18,2023-12-27 22:48:35.400,5,"<Event xmlns=""http://schemas.microsoft.com/win/2004/08/events/event"">
    <System>
      <Provider Name=""Microsoft-Windows-Sysmon"" Guid=""{5770385f-c22a-43e0-bf4c-06f5698ffbd9}""/>
      <EventID>1</EventID>
      <Version>5</Version>
      <Level>4</Level>
      <Task>1</Task>
      <Opcode>0</Opcode>
      <Keywords>0x8000000000000000</Keywords>
      <TimeCreated SystemTime=""2023-12-27T22:48:35.4015190Z""/>
      <EventRecordID>19605</EventRecordID>
      <Correlation/>
      <Execution ProcessID=""3588"" ThreadID=""5124""/>
      <Channel>Microsoft-Windows-Sysmon/Operational</Channel>
      <Computer>WinDev2309Eval</Computer>
      <Security UserID=""S-1-5-18""/>
    </System>
    <EventData>
      <Data Name=""RuleName"">-</Data>
      <Data Name=""UtcTime"">2023-12-27 22:48:35.400</Data>
      <Data Name=""ProcessGuid"">{f57bd86a-a9c3-658c-ef01-000000000f00}</Data>
      <Data Name=""ProcessId"">8580</Data>
      <Data Name=""Image"">C:\Program Files\WindowsApps\Microsoft.WindowsNotepad_11.2310.13.0_x64__8wekyb3d8bbwe\Notepad\Notepad.exe</Data>
      <Data Name=""FileVersion"">-</Data>
      <Data Name=""Description"">-</Data>
      <Data Name=""Product"">-</Data>
      <Data Name=""Company"">-</Data>
      <Data Name=""OriginalFileName"">-</Data>
      <Data Name=""CommandLine"">""C:\Program Files\WindowsApps\Microsoft.WindowsNotepad_11.2310.13.0_x64__8wekyb3d8bbwe\Notepad\Notepad.exe"" /SESSION:lI9RDPIehUOWmzJlvwG4MwAAAAEBAAAAAYA6BAMAAAAAAAA=</Data>
      <Data Name=""CurrentDirectory"">C:\Windows\System32\</Data>
      <Data Name=""User"">WINDEV2309EVAL\User</Data>
      <Data Name=""LogonGuid"">{f57bd86a-36f9-658c-7bf8-020000000000}</Data>
      <Data Name=""LogonId"">0x2f87b</Data>
      <Data Name=""TerminalSessionId"">1</Data>
      <Data Name=""IntegrityLevel"">Medium</Data>
      <Data Name=""Hashes"">MD5=04EF2F92AB6A28772E9882231354AEA2,SHA256=3FCC0A03FF6CD99504403CF106558C149717C7A8CA025BD23137469456F1F065,IMPHASH=9872652735563E0952795DC53C6BFB45</Data>
      <Data Name=""ParentProcessGuid"">{f57bd86a-a9c3-658c-ee01-000000000f00}</Data>
      <Data Name=""ParentProcessId"">7424</Data>
      <Data Name=""ParentImage"">C:\Program Files\WindowsApps\Microsoft.WindowsNotepad_11.2310.13.0_x64__8wekyb3d8bbwe\Notepad\Notepad.exe</Data>
      <Data Name=""ParentCommandLine"">""C:\Windows\System32\notepad.exe"" </Data>
      <Data Name=""ParentUser"">WINDEV2309EVAL\User</Data>
    </EventData>
    <RenderingInfo Culture=""en-US"">
      <Message>Process Create:

RuleName: -

UtcTime: 2023-12-27 22:48:35.400

ProcessGuid: {f57bd86a-a9c3-658c-ef01-000000000f00}

ProcessId: 8580

Image: C:\Program Files\WindowsApps\Microsoft.WindowsNotepad_11.2310.13.0_x64__8wekyb3d8bbwe\Notepad\Notepad.exe

FileVersion: -

Description: -

Product: -

Company: -

OriginalFileName: -

CommandLine: ""C:\Program Files\WindowsApps\Microsoft.WindowsNotepad_11.2310.13.0_x64__8wekyb3d8bbwe\Notepad\Notepad.exe"" /SESSION:lI9RDPIehUOWmzJlvwG4MwAAAAEBAAAAAYA6BAMAAAAAAAA=

CurrentDirectory: C:\Windows\System32\

User: WINDEV2309EVAL\User

LogonGuid: {f57bd86a-36f9-658c-7bf8-020000000000}

LogonId: 0x2F87B

TerminalSessionId: 1

IntegrityLevel: Medium

Hashes: MD5=04EF2F92AB6A28772E9882231354AEA2,SHA256=3FCC0A03FF6CD99504403CF106558C149717C7A8CA025BD23137469456F1F065,IMPHASH=9872652735563E0952795DC53C6BFB45

ParentProcessGuid: {f57bd86a-a9c3-658c-ee01-000000000f00}

ParentProcessId: 7424

ParentImage: C:\Program Files\WindowsApps\Microsoft.WindowsNotepad_11.2310.13.0_x64__8wekyb3d8bbwe\Notepad\Notepad.exe

ParentCommandLine: ""C:\Windows\System32\notepad.exe"" 

ParentUser: WINDEV2309EVAL\User</Message>
      <Level>Information</Level>
      <Task>Process Create (rule: ProcessCreate)</Task>
      <Opcode>Info</Opcode>
    </RenderingInfo>
  </Event>
  
"
Microsoft-Windows-Sysmon/Operational,"""C:\Windows\System32\notepad.exe"" ",-,WinDev2309Eval,,C:\Windows\System32\,-,,,,,,1,19604,-,"MD5=04EF2F92AB6A28772E9882231354AEA2,SHA256=3FCC0A03FF6CD99504403CF106558C149717C7A8CA025BD23137469456F1F065,IMPHASH=9872652735563E0952795DC53C6BFB45",C:\Program Files\WindowsApps\Microsoft.WindowsNotepad_11.2310.13.0_x64__8wekyb3d8bbwe\Notepad\Notepad.exe,,Medium,0x8000000000000000,Information,{f57bd86a-36f9-658c-7bf8-020000000000},0x2f87b,"Process Create:

RuleName: -

UtcTime: 2023-12-27 22:48:35.324

ProcessGuid: {f57bd86a-a9c3-658c-ee01-000000000f00}

ProcessId: 7424

Image: C:\Program Files\WindowsApps\Microsoft.WindowsNotepad_11.2310.13.0_x64__8wekyb3d8bbwe\Notepad\Notepad.exe

FileVersion: -

Description: -

Product: -

Company: -

OriginalFileName: -

CommandLine: ""C:\Windows\System32\notepad.exe"" 

CurrentDirectory: C:\Windows\System32\

User: WINDEV2309EVAL\User

LogonGuid: {f57bd86a-36f9-658c-7bf8-020000000000}

LogonId: 0x2F87B

TerminalSessionId: 1

IntegrityLevel: Medium

Hashes: MD5=04EF2F92AB6A28772E9882231354AEA2,SHA256=3FCC0A03FF6CD99504403CF106558C149717C7A8CA025BD23137469456F1F065,IMPHASH=9872652735563E0952795DC53C6BFB45

ParentProcessGuid: {f57bd86a-a9c3-658c-ed01-000000000f00}

ParentProcessId: 10568

ParentImage: C:\Windows\System32\rundll32.exe

ParentCommandLine: rundll32.exe  pcwutl.dll,LaunchApplication C:\Windows\System32\notepad.exe

ParentUser: WINDEV2309EVAL\User",Info,-,"rundll32.exe  pcwutl.dll,LaunchApplication C:\Windows\System32\notepad.exe",C:\Windows\System32\rundll32.exe,{f57bd86a-a9c3-658c-ed01-000000000f00},10568,WINDEV2309EVAL\User,{f57bd86a-a9c3-658c-ee01-000000000f00},3588,7424,-,,,,,"
      ",-,,,,,,2023-12-27T22:48:35.3261462Z,,Process Create (rule: ProcessCreate),1,5124,WINDEV2309EVAL\User,S-1-5-18,2023-12-27 22:48:35.324,5,"<Event xmlns=""http://schemas.microsoft.com/win/2004/08/events/event"">
    <System>
      <Provider Name=""Microsoft-Windows-Sysmon"" Guid=""{5770385f-c22a-43e0-bf4c-06f5698ffbd9}""/>
      <EventID>1</EventID>
      <Version>5</Version>
      <Level>4</Level>
      <Task>1</Task>
      <Opcode>0</Opcode>
      <Keywords>0x8000000000000000</Keywords>
      <TimeCreated SystemTime=""2023-12-27T22:48:35.3261462Z""/>
      <EventRecordID>19604</EventRecordID>
      <Correlation/>
      <Execution ProcessID=""3588"" ThreadID=""5124""/>
      <Channel>Microsoft-Windows-Sysmon/Operational</Channel>
      <Computer>WinDev2309Eval</Computer>
      <Security UserID=""S-1-5-18""/>
    </System>
    <EventData>
      <Data Name=""RuleName"">-</Data>
      <Data Name=""UtcTime"">2023-12-27 22:48:35.324</Data>
      <Data Name=""ProcessGuid"">{f57bd86a-a9c3-658c-ee01-000000000f00}</Data>
      <Data Name=""ProcessId"">7424</Data>
      <Data Name=""Image"">C:\Program Files\WindowsApps\Microsoft.WindowsNotepad_11.2310.13.0_x64__8wekyb3d8bbwe\Notepad\Notepad.exe</Data>
      <Data Name=""FileVersion"">-</Data>
      <Data Name=""Description"">-</Data>
      <Data Name=""Product"">-</Data>
      <Data Name=""Company"">-</Data>
      <Data Name=""OriginalFileName"">-</Data>
      <Data Name=""CommandLine"">""C:\Windows\System32\notepad.exe"" </Data>
      <Data Name=""CurrentDirectory"">C:\Windows\System32\</Data>
      <Data Name=""User"">WINDEV2309EVAL\User</Data>
      <Data Name=""LogonGuid"">{f57bd86a-36f9-658c-7bf8-020000000000}</Data>
      <Data Name=""LogonId"">0x2f87b</Data>
      <Data Name=""TerminalSessionId"">1</Data>
      <Data Name=""IntegrityLevel"">Medium</Data>
      <Data Name=""Hashes"">MD5=04EF2F92AB6A28772E9882231354AEA2,SHA256=3FCC0A03FF6CD99504403CF106558C149717C7A8CA025BD23137469456F1F065,IMPHASH=9872652735563E0952795DC53C6BFB45</Data>
      <Data Name=""ParentProcessGuid"">{f57bd86a-a9c3-658c-ed01-000000000f00}</Data>
      <Data Name=""ParentProcessId"">10568</Data>
      <Data Name=""ParentImage"">C:\Windows\System32\rundll32.exe</Data>
      <Data Name=""ParentCommandLine"">rundll32.exe  pcwutl.dll,LaunchApplication C:\Windows\System32\notepad.exe</Data>
      <Data Name=""ParentUser"">WINDEV2309EVAL\User</Data>
    </EventData>
    <RenderingInfo Culture=""en-US"">
      <Message>Process Create:

RuleName: -

UtcTime: 2023-12-27 22:48:35.324

ProcessGuid: {f57bd86a-a9c3-658c-ee01-000000000f00}

ProcessId: 7424

Image: C:\Program Files\WindowsApps\Microsoft.WindowsNotepad_11.2310.13.0_x64__8wekyb3d8bbwe\Notepad\Notepad.exe

FileVersion: -

Description: -

Product: -

Company: -

OriginalFileName: -

CommandLine: ""C:\Windows\System32\notepad.exe"" 

CurrentDirectory: C:\Windows\System32\

User: WINDEV2309EVAL\User

LogonGuid: {f57bd86a-36f9-658c-7bf8-020000000000}

LogonId: 0x2F87B

TerminalSessionId: 1

IntegrityLevel: Medium

Hashes: MD5=04EF2F92AB6A28772E9882231354AEA2,SHA256=3FCC0A03FF6CD99504403CF106558C149717C7A8CA025BD23137469456F1F065,IMPHASH=9872652735563E0952795DC53C6BFB45

ParentProcessGuid: {f57bd86a-a9c3-658c-ed01-000000000f00}

ParentProcessId: 10568

ParentImage: C:\Windows\System32\rundll32.exe

ParentCommandLine: rundll32.exe  pcwutl.dll,LaunchApplication C:\Windows\System32\notepad.exe

ParentUser: WINDEV2309EVAL\User</Message>
      <Level>Information</Level>
      <Task>Process Create (rule: ProcessCreate)</Task>
      <Opcode>Info</Opcode>
    </RenderingInfo>
  </Event>
  
"
Microsoft-Windows-Sysmon/Operational,"rundll32.exe  pcwutl.dll,LaunchApplication C:\Windows\System32\notepad.exe",Microsoft Corporation,WinDev2309Eval,,C:\Users\User\AppData\Local\Temp\,Windows host process (Rundll32),,,,,,1,19603,10.0.22621.1 (WinBuild.160101.0800),"MD5=57A6B4BDF247C1A6CA08AC09A8F9B742,SHA256=98D37EFF504A7ADB864131EA4A042AAF4D79C4356960A8AB2FA656CC59AEC014,IMPHASH=5C68DE198B5D2DD5C1129782AD19676C",C:\Windows\System32\rundll32.exe,,Medium,0x8000000000000000,Information,{f57bd86a-36f9-658c-7bf8-020000000000},0x2f87b,"Process Create:

RuleName: -

UtcTime: 2023-12-27 22:48:35.158

ProcessGuid: {f57bd86a-a9c3-658c-ed01-000000000f00}

ProcessId: 10568

Image: C:\Windows\System32\rundll32.exe

FileVersion: 10.0.22621.1 (WinBuild.160101.0800)

Description: Windows host process (Rundll32)

Product: Microsoft® Windows® Operating System

Company: Microsoft Corporation

OriginalFileName: RUNDLL32.EXE

CommandLine: rundll32.exe  pcwutl.dll,LaunchApplication C:\Windows\System32\notepad.exe

CurrentDirectory: C:\Users\User\AppData\Local\Temp\

User: WINDEV2309EVAL\User

LogonGuid: {f57bd86a-36f9-658c-7bf8-020000000000}

LogonId: 0x2F87B

TerminalSessionId: 1

IntegrityLevel: Medium

Hashes: MD5=57A6B4BDF247C1A6CA08AC09A8F9B742,SHA256=98D37EFF504A7ADB864131EA4A042AAF4D79C4356960A8AB2FA656CC59AEC014,IMPHASH=5C68DE198B5D2DD5C1129782AD19676C

ParentProcessGuid: {f57bd86a-a9c3-658c-eb01-000000000f00}

ParentProcessId: 1320

ParentImage: C:\Windows\System32\cmd.exe

ParentCommandLine: ""cmd.exe"" /c rundll32.exe pcwutl.dll,LaunchApplication %windir%\System32\notepad.exe

ParentUser: WINDEV2309EVAL\User",Info,RUNDLL32.EXE,"""cmd.exe"" /c rundll32.exe pcwutl.dll,LaunchApplication %windir%\System32\notepad.exe",C:\Windows\System32\cmd.exe,{f57bd86a-a9c3-658c-eb01-000000000f00},1320,WINDEV2309EVAL\User,{f57bd86a-a9c3-658c-ed01-000000000f00},3588,10568,Microsoft® Windows® Operating System,,,,,"
      ",-,,,,,,2023-12-27T22:48:35.1599262Z,,Process Create (rule: ProcessCreate),1,5124,WINDEV2309EVAL\User,S-1-5-18,2023-12-27 22:48:35.158,5,"<Event xmlns=""http://schemas.microsoft.com/win/2004/08/events/event"">
    <System>
      <Provider Name=""Microsoft-Windows-Sysmon"" Guid=""{5770385f-c22a-43e0-bf4c-06f5698ffbd9}""/>
      <EventID>1</EventID>
      <Version>5</Version>
      <Level>4</Level>
      <Task>1</Task>
      <Opcode>0</Opcode>
      <Keywords>0x8000000000000000</Keywords>
      <TimeCreated SystemTime=""2023-12-27T22:48:35.1599262Z""/>
      <EventRecordID>19603</EventRecordID>
      <Correlation/>
      <Execution ProcessID=""3588"" ThreadID=""5124""/>
      <Channel>Microsoft-Windows-Sysmon/Operational</Channel>
      <Computer>WinDev2309Eval</Computer>
      <Security UserID=""S-1-5-18""/>
    </System>
    <EventData>
      <Data Name=""RuleName"">-</Data>
      <Data Name=""UtcTime"">2023-12-27 22:48:35.158</Data>
      <Data Name=""ProcessGuid"">{f57bd86a-a9c3-658c-ed01-000000000f00}</Data>
      <Data Name=""ProcessId"">10568</Data>
      <Data Name=""Image"">C:\Windows\System32\rundll32.exe</Data>
      <Data Name=""FileVersion"">10.0.22621.1 (WinBuild.160101.0800)</Data>
      <Data Name=""Description"">Windows host process (Rundll32)</Data>
      <Data Name=""Product"">Microsoft&#174; Windows&#174; Operating System</Data>
      <Data Name=""Company"">Microsoft Corporation</Data>
      <Data Name=""OriginalFileName"">RUNDLL32.EXE</Data>
      <Data Name=""CommandLine"">rundll32.exe  pcwutl.dll,LaunchApplication C:\Windows\System32\notepad.exe</Data>
      <Data Name=""CurrentDirectory"">C:\Users\User\AppData\Local\Temp\</Data>
      <Data Name=""User"">WINDEV2309EVAL\User</Data>
      <Data Name=""LogonGuid"">{f57bd86a-36f9-658c-7bf8-020000000000}</Data>
      <Data Name=""LogonId"">0x2f87b</Data>
      <Data Name=""TerminalSessionId"">1</Data>
      <Data Name=""IntegrityLevel"">Medium</Data>
      <Data Name=""Hashes"">MD5=57A6B4BDF247C1A6CA08AC09A8F9B742,SHA256=98D37EFF504A7ADB864131EA4A042AAF4D79C4356960A8AB2FA656CC59AEC014,IMPHASH=5C68DE198B5D2DD5C1129782AD19676C</Data>
      <Data Name=""ParentProcessGuid"">{f57bd86a-a9c3-658c-eb01-000000000f00}</Data>
      <Data Name=""ParentProcessId"">1320</Data>
      <Data Name=""ParentImage"">C:\Windows\System32\cmd.exe</Data>
      <Data Name=""ParentCommandLine"">""cmd.exe"" /c rundll32.exe pcwutl.dll,LaunchApplication %windir%\System32\notepad.exe</Data>
      <Data Name=""ParentUser"">WINDEV2309EVAL\User</Data>
    </EventData>
    <RenderingInfo Culture=""en-US"">
      <Message>Process Create:

RuleName: -

UtcTime: 2023-12-27 22:48:35.158

ProcessGuid: {f57bd86a-a9c3-658c-ed01-000000000f00}

ProcessId: 10568

Image: C:\Windows\System32\rundll32.exe

FileVersion: 10.0.22621.1 (WinBuild.160101.0800)

Description: Windows host process (Rundll32)

Product: Microsoft&#174; Windows&#174; Operating System

Company: Microsoft Corporation

OriginalFileName: RUNDLL32.EXE

CommandLine: rundll32.exe  pcwutl.dll,LaunchApplication C:\Windows\System32\notepad.exe

CurrentDirectory: C:\Users\User\AppData\Local\Temp\

User: WINDEV2309EVAL\User

LogonGuid: {f57bd86a-36f9-658c-7bf8-020000000000}

LogonId: 0x2F87B

TerminalSessionId: 1

IntegrityLevel: Medium

Hashes: MD5=57A6B4BDF247C1A6CA08AC09A8F9B742,SHA256=98D37EFF504A7ADB864131EA4A042AAF4D79C4356960A8AB2FA656CC59AEC014,IMPHASH=5C68DE198B5D2DD5C1129782AD19676C

ParentProcessGuid: {f57bd86a-a9c3-658c-eb01-000000000f00}

ParentProcessId: 1320

ParentImage: C:\Windows\System32\cmd.exe

ParentCommandLine: ""cmd.exe"" /c rundll32.exe pcwutl.dll,LaunchApplication %windir%\System32\notepad.exe

ParentUser: WINDEV2309EVAL\User</Message>
      <Level>Information</Level>
      <Task>Process Create (rule: ProcessCreate)</Task>
      <Opcode>Info</Opcode>
    </RenderingInfo>
  </Event>
  
"
Microsoft-Windows-Sysmon/Operational,"""cmd.exe"" /c rundll32.exe pcwutl.dll,LaunchApplication %%windir%%\System32\notepad.exe",Microsoft Corporation,WinDev2309Eval,,C:\Users\User\AppData\Local\Temp\,Windows Command Processor,,,,,,1,19602,10.0.22621.2506 (WinBuild.160101.0800),"MD5=133D568ECCB557E37BEA1459521CBAC2,SHA256=05A30592D2C3421C41121145C6EEFA7C81FEA6B42D6233A522240A8468326B9C,IMPHASH=D73E39DAB3C8B57AA408073D01254964",C:\Windows\System32\cmd.exe,,Medium,0x8000000000000000,Information,{f57bd86a-36f9-658c-7bf8-020000000000},0x2f87b,"Process Create:

RuleName: -

UtcTime: 2023-12-27 22:48:35.120

ProcessGuid: {f57bd86a-a9c3-658c-eb01-000000000f00}

ProcessId: 1320

Image: C:\Windows\System32\cmd.exe

FileVersion: 10.0.22621.2506 (WinBuild.160101.0800)

Description: Windows Command Processor

Product: Microsoft® Windows® Operating System

Company: Microsoft Corporation

OriginalFileName: Cmd.Exe

CommandLine: ""cmd.exe"" /c rundll32.exe pcwutl.dll,LaunchApplication %%windir%%\System32\notepad.exe

CurrentDirectory: C:\Users\User\AppData\Local\Temp\

User: WINDEV2309EVAL\User

LogonGuid: {f57bd86a-36f9-658c-7bf8-020000000000}

LogonId: 0x2F87B

TerminalSessionId: 1

IntegrityLevel: Medium

Hashes: MD5=133D568ECCB557E37BEA1459521CBAC2,SHA256=05A30592D2C3421C41121145C6EEFA7C81FEA6B42D6233A522240A8468326B9C,IMPHASH=D73E39DAB3C8B57AA408073D01254964

ParentProcessGuid: {00000000-0000-0000-0000-000000000000}

ParentProcessId: 1688

ParentImage: -

ParentCommandLine: -

ParentUser: -",Info,Cmd.Exe,-,-,{00000000-0000-0000-0000-000000000000},1688,-,{f57bd86a-a9c3-658c-eb01-000000000f00},3588,1320,Microsoft® Windows® Operating System,,,,,"
      ",-,,,,,,2023-12-27T22:48:35.1252629Z,,Process Create (rule: ProcessCreate),1,5124,WINDEV2309EVAL\User,S-1-5-18,2023-12-27 22:48:35.120,5,"<Event xmlns=""http://schemas.microsoft.com/win/2004/08/events/event"">
    <System>
      <Provider Name=""Microsoft-Windows-Sysmon"" Guid=""{5770385f-c22a-43e0-bf4c-06f5698ffbd9}""/>
      <EventID>1</EventID>
      <Version>5</Version>
      <Level>4</Level>
      <Task>1</Task>
      <Opcode>0</Opcode>
      <Keywords>0x8000000000000000</Keywords>
      <TimeCreated SystemTime=""2023-12-27T22:48:35.1252629Z""/>
      <EventRecordID>19602</EventRecordID>
      <Correlation/>
      <Execution ProcessID=""3588"" ThreadID=""5124""/>
      <Channel>Microsoft-Windows-Sysmon/Operational</Channel>
      <Computer>WinDev2309Eval</Computer>
      <Security UserID=""S-1-5-18""/>
    </System>
    <EventData>
      <Data Name=""RuleName"">-</Data>
      <Data Name=""UtcTime"">2023-12-27 22:48:35.120</Data>
      <Data Name=""ProcessGuid"">{f57bd86a-a9c3-658c-eb01-000000000f00}</Data>
      <Data Name=""ProcessId"">1320</Data>
      <Data Name=""Image"">C:\Windows\System32\cmd.exe</Data>
      <Data Name=""FileVersion"">10.0.22621.2506 (WinBuild.160101.0800)</Data>
      <Data Name=""Description"">Windows Command Processor</Data>
      <Data Name=""Product"">Microsoft&#174; Windows&#174; Operating System</Data>
      <Data Name=""Company"">Microsoft Corporation</Data>
      <Data Name=""OriginalFileName"">Cmd.Exe</Data>
      <Data Name=""CommandLine"">""cmd.exe"" /c rundll32.exe pcwutl.dll,LaunchApplication %%windir%%\System32\notepad.exe</Data>
      <Data Name=""CurrentDirectory"">C:\Users\User\AppData\Local\Temp\</Data>
      <Data Name=""User"">WINDEV2309EVAL\User</Data>
      <Data Name=""LogonGuid"">{f57bd86a-36f9-658c-7bf8-020000000000}</Data>
      <Data Name=""LogonId"">0x2f87b</Data>
      <Data Name=""TerminalSessionId"">1</Data>
      <Data Name=""IntegrityLevel"">Medium</Data>
      <Data Name=""Hashes"">MD5=133D568ECCB557E37BEA1459521CBAC2,SHA256=05A30592D2C3421C41121145C6EEFA7C81FEA6B42D6233A522240A8468326B9C,IMPHASH=D73E39DAB3C8B57AA408073D01254964</Data>
      <Data Name=""ParentProcessGuid"">{00000000-0000-0000-0000-000000000000}</Data>
      <Data Name=""ParentProcessId"">1688</Data>
      <Data Name=""ParentImage"">-</Data>
      <Data Name=""ParentCommandLine"">-</Data>
      <Data Name=""ParentUser"">-</Data>
    </EventData>
    <RenderingInfo Culture=""en-US"">
      <Message>Process Create:

RuleName: -

UtcTime: 2023-12-27 22:48:35.120

ProcessGuid: {f57bd86a-a9c3-658c-eb01-000000000f00}

ProcessId: 1320

Image: C:\Windows\System32\cmd.exe

FileVersion: 10.0.22621.2506 (WinBuild.160101.0800)

Description: Windows Command Processor

Product: Microsoft&#174; Windows&#174; Operating System

Company: Microsoft Corporation

OriginalFileName: Cmd.Exe

CommandLine: ""cmd.exe"" /c rundll32.exe pcwutl.dll,LaunchApplication %%windir%%\System32\notepad.exe

CurrentDirectory: C:\Users\User\AppData\Local\Temp\

User: WINDEV2309EVAL\User

LogonGuid: {f57bd86a-36f9-658c-7bf8-020000000000}

LogonId: 0x2F87B

TerminalSessionId: 1

IntegrityLevel: Medium

Hashes: MD5=133D568ECCB557E37BEA1459521CBAC2,SHA256=05A30592D2C3421C41121145C6EEFA7C81FEA6B42D6233A522240A8468326B9C,IMPHASH=D73E39DAB3C8B57AA408073D01254964

ParentProcessGuid: {00000000-0000-0000-0000-000000000000}

ParentProcessId: 1688

ParentImage: -

ParentCommandLine: -

ParentUser: -</Message>
      <Level>Information</Level>
      <Task>Process Create (rule: ProcessCreate)</Task>
      <Opcode>Info</Opcode>
    </RenderingInfo>
  </Event>
  
"
