Channel,CommandLine,Company,Computer,CreationUtcTime,CurrentDirectory,Description,Details,EventID,EventRecordID,EventType,FileVersion,Hashes,Image,IntegrityLevel,Keywords,Level,LogonGuid,LogonId,Message,Opcode,OriginalFileName,ParentCommandLine,ParentImage,ParentProcessGuid,ParentProcessId,ParentUser,ProcessGuid,ProcessID,ProcessId,Product,QueryName,QueryResults,QueryStatus,RenderingInfo,RuleName,SystemTime,TargetFilename,TargetObject,Task,TerminalSessionId,ThreadID,User,UserID,UtcTime,Version,raw
Microsoft-Windows-Sysmon/Operational,"""C:\Windows\System32\calc.exe"" ",Microsoft Corporation,WinDev2309Eval,,C:\Users\User\AppData\Local\Temp\,Windows Calculator,,1,19596,,10.0.22621.1 (WinBuild.160101.0800),"MD5=302021D31F2D0BCE01D7AFC26BFE2BA2,SHA256=E5C9058319C82EC44BB881FCC84D51D6F9E56CCE2931D5B6F4519157953CF572,IMPHASH=BA072A972FE6C47C8CF7A0347BB0AF7A",C:\Windows\SysWOW64\calc.exe,Medium,0x8000000000000000,Information,{f57bd86a-36f9-658c-7bf8-020000000000},0x2f87b,"Process Create:

RuleName: -

UtcTime: 2023-12-27 22:46:45.409

ProcessGuid: {f57bd86a-a955-658c-da01-000000000f00}

ProcessId: 1872

Image: C:\Windows\SysWOW64\calc.exe

FileVersion: 10.0.22621.1 (WinBuild.160101.0800)

Description: Windows Calculator

Product: Microsoft® Windows® Operating System

Company: Microsoft Corporation

OriginalFileName: CALC.EXE

CommandLine: ""C:\Windows\System32\calc.exe"" 

CurrentDirectory: C:\Users\User\AppData\Local\Temp\

User: WINDEV2309EVAL\User

LogonGuid: {f57bd86a-36f9-658c-7bf8-020000000000}

LogonId: 0x2F87B

TerminalSessionId: 1

IntegrityLevel: Medium

Hashes: MD5=302021D31F2D0BCE01D7AFC26BFE2BA2,SHA256=E5C9058319C82EC44BB881FCC84D51D6F9E56CCE2931D5B6F4519157953CF572,IMPHASH=BA072A972FE6C47C8CF7A0347BB0AF7A

ParentProcessGuid: {f57bd86a-a955-658c-d901-000000000f00}

ParentProcessId: 10972

ParentImage: C:\Windows\SysWOW64\regsvr32.exe

ParentCommandLine:   /s /i ""C:\AtomicRedTeam\atomics\T1218.010\bin\AllTheThingsx86.dll""

ParentUser: WINDEV2309EVAL\User",Info,CALC.EXE,"  /s /i ""C:\AtomicRedTeam\atomics\T1218.010\bin\AllTheThingsx86.dll""",C:\Windows\SysWOW64\regsvr32.exe,{f57bd86a-a955-658c-d901-000000000f00},10972,WINDEV2309EVAL\User,{f57bd86a-a955-658c-da01-000000000f00},3588,1872,Microsoft® Windows® Operating System,,,,"
      ",-,2023-12-27T22:46:45.4106973Z,,,Process Create (rule: ProcessCreate),1,5124,WINDEV2309EVAL\User,S-1-5-18,2023-12-27 22:46:45.409,5,"<Event xmlns=""http://schemas.microsoft.com/win/2004/08/events/event"">
    <System>
      <Provider Name=""Microsoft-Windows-Sysmon"" Guid=""{5770385f-c22a-43e0-bf4c-06f5698ffbd9}""/>
      <EventID>1</EventID>
      <Version>5</Version>
      <Level>4</Level>
      <Task>1</Task>
      <Opcode>0</Opcode>
      <Keywords>0x8000000000000000</Keywords>
      <TimeCreated SystemTime=""2023-12-27T22:46:45.4106973Z""/>
      <EventRecordID>19596</EventRecordID>
      <Correlation/>
      <Execution ProcessID=""3588"" ThreadID=""5124""/>
      <Channel>Microsoft-Windows-Sysmon/Operational</Channel>
      <Computer>WinDev2309Eval</Computer>
      <Security UserID=""S-1-5-18""/>
    </System>
    <EventData>
      <Data Name=""RuleName"">-</Data>
      <Data Name=""UtcTime"">2023-12-27 22:46:45.409</Data>
      <Data Name=""ProcessGuid"">{f57bd86a-a955-658c-da01-000000000f00}</Data>
      <Data Name=""ProcessId"">1872</Data>
      <Data Name=""Image"">C:\Windows\SysWOW64\calc.exe</Data>
      <Data Name=""FileVersion"">10.0.22621.1 (WinBuild.160101.0800)</Data>
      <Data Name=""Description"">Windows Calculator</Data>
      <Data Name=""Product"">Microsoft&#174; Windows&#174; Operating System</Data>
      <Data Name=""Company"">Microsoft Corporation</Data>
      <Data Name=""OriginalFileName"">CALC.EXE</Data>
      <Data Name=""CommandLine"">""C:\Windows\System32\calc.exe"" </Data>
      <Data Name=""CurrentDirectory"">C:\Users\User\AppData\Local\Temp\</Data>
      <Data Name=""User"">WINDEV2309EVAL\User</Data>
      <Data Name=""LogonGuid"">{f57bd86a-36f9-658c-7bf8-020000000000}</Data>
      <Data Name=""LogonId"">0x2f87b</Data>
      <Data Name=""TerminalSessionId"">1</Data>
      <Data Name=""IntegrityLevel"">Medium</Data>
      <Data Name=""Hashes"">MD5=302021D31F2D0BCE01D7AFC26BFE2BA2,SHA256=E5C9058319C82EC44BB881FCC84D51D6F9E56CCE2931D5B6F4519157953CF572,IMPHASH=BA072A972FE6C47C8CF7A0347BB0AF7A</Data>
      <Data Name=""ParentProcessGuid"">{f57bd86a-a955-658c-d901-000000000f00}</Data>
      <Data Name=""ParentProcessId"">10972</Data>
      <Data Name=""ParentImage"">C:\Windows\SysWOW64\regsvr32.exe</Data>
      <Data Name=""ParentCommandLine"">  /s /i ""C:\AtomicRedTeam\atomics\T1218.010\bin\AllTheThingsx86.dll""</Data>
      <Data Name=""ParentUser"">WINDEV2309EVAL\User</Data>
    </EventData>
    <RenderingInfo Culture=""en-US"">
      <Message>Process Create:

RuleName: -

UtcTime: 2023-12-27 22:46:45.409

ProcessGuid: {f57bd86a-a955-658c-da01-000000000f00}

ProcessId: 1872

Image: C:\Windows\SysWOW64\calc.exe

FileVersion: 10.0.22621.1 (WinBuild.160101.0800)

Description: Windows Calculator

Product: Microsoft&#174; Windows&#174; Operating System

Company: Microsoft Corporation

OriginalFileName: CALC.EXE

CommandLine: ""C:\Windows\System32\calc.exe"" 

CurrentDirectory: C:\Users\User\AppData\Local\Temp\

User: WINDEV2309EVAL\User

LogonGuid: {f57bd86a-36f9-658c-7bf8-020000000000}

LogonId: 0x2F87B

TerminalSessionId: 1

IntegrityLevel: Medium

Hashes: MD5=302021D31F2D0BCE01D7AFC26BFE2BA2,SHA256=E5C9058319C82EC44BB881FCC84D51D6F9E56CCE2931D5B6F4519157953CF572,IMPHASH=BA072A972FE6C47C8CF7A0347BB0AF7A

ParentProcessGuid: {f57bd86a-a955-658c-d901-000000000f00}

ParentProcessId: 10972

ParentImage: C:\Windows\SysWOW64\regsvr32.exe

ParentCommandLine:   /s /i ""C:\AtomicRedTeam\atomics\T1218.010\bin\AllTheThingsx86.dll""

ParentUser: WINDEV2309EVAL\User</Message>
      <Level>Information</Level>
      <Task>Process Create (rule: ProcessCreate)</Task>
      <Opcode>Info</Opcode>
    </RenderingInfo>
  </Event>
  
"
Microsoft-Windows-Sysmon/Operational,,,WinDev2309Eval,,,,10.0.22621.1,13,19595,SetValue,,,C:\Windows\System32\svchost.exe,,0x8000000000000000,Information,,,"Registry value set:

RuleName: InvDB-Ver

EventType: SetValue

UtcTime: 2023-12-27 22:46:45.189

ProcessGuid: {f57bd86a-36f8-658c-3e00-000000000f00}

ProcessId: 3212

Image: C:\Windows\System32\svchost.exe

TargetObject: \REGISTRY\A\{b3b14332-edc6-625a-c682-62677f6d06d4}\Root\InventoryApplicationFile\regsvr32.exe|8f2966bc37740081\BinProductVersion

Details: 10.0.22621.1

User: NT AUTHORITY\SYSTEM",Info,,,,,,,{f57bd86a-36f8-658c-3e00-000000000f00},3588,3212,,,,,"
      ",InvDB-Ver,2023-12-27T22:46:45.1934398Z,,\REGISTRY\A\{b3b14332-edc6-625a-c682-62677f6d06d4}\Root\InventoryApplicationFile\regsvr32.exe|8f2966bc37740081\BinProductVersion,Registry value set (rule: RegistryEvent),,5124,NT AUTHORITY\SYSTEM,S-1-5-18,2023-12-27 22:46:45.189,2,"<Event xmlns=""http://schemas.microsoft.com/win/2004/08/events/event"">
    <System>
      <Provider Name=""Microsoft-Windows-Sysmon"" Guid=""{5770385f-c22a-43e0-bf4c-06f5698ffbd9}""/>
      <EventID>13</EventID>
      <Version>2</Version>
      <Level>4</Level>
      <Task>13</Task>
      <Opcode>0</Opcode>
      <Keywords>0x8000000000000000</Keywords>
      <TimeCreated SystemTime=""2023-12-27T22:46:45.1934398Z""/>
      <EventRecordID>19595</EventRecordID>
      <Correlation/>
      <Execution ProcessID=""3588"" ThreadID=""5124""/>
      <Channel>Microsoft-Windows-Sysmon/Operational</Channel>
      <Computer>WinDev2309Eval</Computer>
      <Security UserID=""S-1-5-18""/>
    </System>
    <EventData>
      <Data Name=""RuleName"">InvDB-Ver</Data>
      <Data Name=""EventType"">SetValue</Data>
      <Data Name=""UtcTime"">2023-12-27 22:46:45.189</Data>
      <Data Name=""ProcessGuid"">{f57bd86a-36f8-658c-3e00-000000000f00}</Data>
      <Data Name=""ProcessId"">3212</Data>
      <Data Name=""Image"">C:\Windows\System32\svchost.exe</Data>
      <Data Name=""TargetObject"">\REGISTRY\A\{b3b14332-edc6-625a-c682-62677f6d06d4}\Root\InventoryApplicationFile\regsvr32.exe|8f2966bc37740081\BinProductVersion</Data>
      <Data Name=""Details"">10.0.22621.1</Data>
      <Data Name=""User"">NT AUTHORITY\SYSTEM</Data>
    </EventData>
    <RenderingInfo Culture=""en-US"">
      <Message>Registry value set:

RuleName: InvDB-Ver

EventType: SetValue

UtcTime: 2023-12-27 22:46:45.189

ProcessGuid: {f57bd86a-36f8-658c-3e00-000000000f00}

ProcessId: 3212

Image: C:\Windows\System32\svchost.exe

TargetObject: \REGISTRY\A\{b3b14332-edc6-625a-c682-62677f6d06d4}\Root\InventoryApplicationFile\regsvr32.exe|8f2966bc37740081\BinProductVersion

Details: 10.0.22621.1

User: NT AUTHORITY\SYSTEM</Message>
      <Level>Information</Level>
      <Task>Registry value set (rule: RegistryEvent)</Task>
      <Opcode>Info</Opcode>
    </RenderingInfo>
  </Event>
  
"
Microsoft-Windows-Sysmon/Operational,,,WinDev2309Eval,,,,11/14/2017 03:52:58,13,19594,SetValue,,,C:\Windows\System32\svchost.exe,,0x8000000000000000,Information,,,"Registry value set:

RuleName: InvDB-CompileTimeClaim

EventType: SetValue

UtcTime: 2023-12-27 22:46:45.189

ProcessGuid: {f57bd86a-36f8-658c-3e00-000000000f00}

ProcessId: 3212

Image: C:\Windows\System32\svchost.exe

TargetObject: \REGISTRY\A\{b3b14332-edc6-625a-c682-62677f6d06d4}\Root\InventoryApplicationFile\regsvr32.exe|8f2966bc37740081\LinkDate

Details: 11/14/2017 03:52:58

User: NT AUTHORITY\SYSTEM",Info,,,,,,,{f57bd86a-36f8-658c-3e00-000000000f00},3588,3212,,,,,"
      ",InvDB-CompileTimeClaim,2023-12-27T22:46:45.1933831Z,,\REGISTRY\A\{b3b14332-edc6-625a-c682-62677f6d06d4}\Root\InventoryApplicationFile\regsvr32.exe|8f2966bc37740081\LinkDate,Registry value set (rule: RegistryEvent),,5124,NT AUTHORITY\SYSTEM,S-1-5-18,2023-12-27 22:46:45.189,2,"<Event xmlns=""http://schemas.microsoft.com/win/2004/08/events/event"">
    <System>
      <Provider Name=""Microsoft-Windows-Sysmon"" Guid=""{5770385f-c22a-43e0-bf4c-06f5698ffbd9}""/>
      <EventID>13</EventID>
      <Version>2</Version>
      <Level>4</Level>
      <Task>13</Task>
      <Opcode>0</Opcode>
      <Keywords>0x8000000000000000</Keywords>
      <TimeCreated SystemTime=""2023-12-27T22:46:45.1933831Z""/>
      <EventRecordID>19594</EventRecordID>
      <Correlation/>
      <Execution ProcessID=""3588"" ThreadID=""5124""/>
      <Channel>Microsoft-Windows-Sysmon/Operational</Channel>
      <Computer>WinDev2309Eval</Computer>
      <Security UserID=""S-1-5-18""/>
    </System>
    <EventData>
      <Data Name=""RuleName"">InvDB-CompileTimeClaim</Data>
      <Data Name=""EventType"">SetValue</Data>
      <Data Name=""UtcTime"">2023-12-27 22:46:45.189</Data>
      <Data Name=""ProcessGuid"">{f57bd86a-36f8-658c-3e00-000000000f00}</Data>
      <Data Name=""ProcessId"">3212</Data>
      <Data Name=""Image"">C:\Windows\System32\svchost.exe</Data>
      <Data Name=""TargetObject"">\REGISTRY\A\{b3b14332-edc6-625a-c682-62677f6d06d4}\Root\InventoryApplicationFile\regsvr32.exe|8f2966bc37740081\LinkDate</Data>
      <Data Name=""Details"">11/14/2017 03:52:58</Data>
      <Data Name=""User"">NT AUTHORITY\SYSTEM</Data>
    </EventData>
    <RenderingInfo Culture=""en-US"">
      <Message>Registry value set:

RuleName: InvDB-CompileTimeClaim

EventType: SetValue

UtcTime: 2023-12-27 22:46:45.189

ProcessGuid: {f57bd86a-36f8-658c-3e00-000000000f00}

ProcessId: 3212

Image: C:\Windows\System32\svchost.exe

TargetObject: \REGISTRY\A\{b3b14332-edc6-625a-c682-62677f6d06d4}\Root\InventoryApplicationFile\regsvr32.exe|8f2966bc37740081\LinkDate

Details: 11/14/2017 03:52:58

User: NT AUTHORITY\SYSTEM</Message>
      <Level>Information</Level>
      <Task>Registry value set (rule: RegistryEvent)</Task>
      <Opcode>Info</Opcode>
    </RenderingInfo>
  </Event>
  
"
Microsoft-Windows-Sysmon/Operational,,,WinDev2309Eval,,,,microsoft corporation,13,19593,SetValue,,,C:\Windows\System32\svchost.exe,,0x8000000000000000,Information,,,"Registry value set:

RuleName: InvDB-Pub

EventType: SetValue

UtcTime: 2023-12-27 22:46:45.189

ProcessGuid: {f57bd86a-36f8-658c-3e00-000000000f00}

ProcessId: 3212

Image: C:\Windows\System32\svchost.exe

TargetObject: \REGISTRY\A\{b3b14332-edc6-625a-c682-62677f6d06d4}\Root\InventoryApplicationFile\regsvr32.exe|8f2966bc37740081\Publisher

Details: microsoft corporation

User: NT AUTHORITY\SYSTEM",Info,,,,,,,{f57bd86a-36f8-658c-3e00-000000000f00},3588,3212,,,,,"
      ",InvDB-Pub,2023-12-27T22:46:45.1930579Z,,\REGISTRY\A\{b3b14332-edc6-625a-c682-62677f6d06d4}\Root\InventoryApplicationFile\regsvr32.exe|8f2966bc37740081\Publisher,Registry value set (rule: RegistryEvent),,5124,NT AUTHORITY\SYSTEM,S-1-5-18,2023-12-27 22:46:45.189,2,"<Event xmlns=""http://schemas.microsoft.com/win/2004/08/events/event"">
    <System>
      <Provider Name=""Microsoft-Windows-Sysmon"" Guid=""{5770385f-c22a-43e0-bf4c-06f5698ffbd9}""/>
      <EventID>13</EventID>
      <Version>2</Version>
      <Level>4</Level>
      <Task>13</Task>
      <Opcode>0</Opcode>
      <Keywords>0x8000000000000000</Keywords>
      <TimeCreated SystemTime=""2023-12-27T22:46:45.1930579Z""/>
      <EventRecordID>19593</EventRecordID>
      <Correlation/>
      <Execution ProcessID=""3588"" ThreadID=""5124""/>
      <Channel>Microsoft-Windows-Sysmon/Operational</Channel>
      <Computer>WinDev2309Eval</Computer>
      <Security UserID=""S-1-5-18""/>
    </System>
    <EventData>
      <Data Name=""RuleName"">InvDB-Pub</Data>
      <Data Name=""EventType"">SetValue</Data>
      <Data Name=""UtcTime"">2023-12-27 22:46:45.189</Data>
      <Data Name=""ProcessGuid"">{f57bd86a-36f8-658c-3e00-000000000f00}</Data>
      <Data Name=""ProcessId"">3212</Data>
      <Data Name=""Image"">C:\Windows\System32\svchost.exe</Data>
      <Data Name=""TargetObject"">\REGISTRY\A\{b3b14332-edc6-625a-c682-62677f6d06d4}\Root\InventoryApplicationFile\regsvr32.exe|8f2966bc37740081\Publisher</Data>
      <Data Name=""Details"">microsoft corporation</Data>
      <Data Name=""User"">NT AUTHORITY\SYSTEM</Data>
    </EventData>
    <RenderingInfo Culture=""en-US"">
      <Message>Registry value set:

RuleName: InvDB-Pub

EventType: SetValue

UtcTime: 2023-12-27 22:46:45.189

ProcessGuid: {f57bd86a-36f8-658c-3e00-000000000f00}

ProcessId: 3212

Image: C:\Windows\System32\svchost.exe

TargetObject: \REGISTRY\A\{b3b14332-edc6-625a-c682-62677f6d06d4}\Root\InventoryApplicationFile\regsvr32.exe|8f2966bc37740081\Publisher

Details: microsoft corporation

User: NT AUTHORITY\SYSTEM</Message>
      <Level>Information</Level>
      <Task>Registry value set (rule: RegistryEvent)</Task>
      <Opcode>Info</Opcode>
    </RenderingInfo>
  </Event>
  
"
Microsoft-Windows-Sysmon/Operational,,,WinDev2309Eval,,,,c:\windows\syswow64\regsvr32.exe,13,19592,SetValue,,,C:\Windows\System32\svchost.exe,,0x8000000000000000,Information,,,"Registry value set:

RuleName: InvDB-Path

EventType: SetValue

UtcTime: 2023-12-27 22:46:45.189

ProcessGuid: {f57bd86a-36f8-658c-3e00-000000000f00}

ProcessId: 3212

Image: C:\Windows\System32\svchost.exe

TargetObject: \REGISTRY\A\{b3b14332-edc6-625a-c682-62677f6d06d4}\Root\InventoryApplicationFile\regsvr32.exe|8f2966bc37740081\LowerCaseLongPath

Details: c:\windows\syswow64\regsvr32.exe

User: NT AUTHORITY\SYSTEM",Info,,,,,,,{f57bd86a-36f8-658c-3e00-000000000f00},3588,3212,,,,,"
      ",InvDB-Path,2023-12-27T22:46:45.1928907Z,,\REGISTRY\A\{b3b14332-edc6-625a-c682-62677f6d06d4}\Root\InventoryApplicationFile\regsvr32.exe|8f2966bc37740081\LowerCaseLongPath,Registry value set (rule: RegistryEvent),,5124,NT AUTHORITY\SYSTEM,S-1-5-18,2023-12-27 22:46:45.189,2,"<Event xmlns=""http://schemas.microsoft.com/win/2004/08/events/event"">
    <System>
      <Provider Name=""Microsoft-Windows-Sysmon"" Guid=""{5770385f-c22a-43e0-bf4c-06f5698ffbd9}""/>
      <EventID>13</EventID>
      <Version>2</Version>
      <Level>4</Level>
      <Task>13</Task>
      <Opcode>0</Opcode>
      <Keywords>0x8000000000000000</Keywords>
      <TimeCreated SystemTime=""2023-12-27T22:46:45.1928907Z""/>
      <EventRecordID>19592</EventRecordID>
      <Correlation/>
      <Execution ProcessID=""3588"" ThreadID=""5124""/>
      <Channel>Microsoft-Windows-Sysmon/Operational</Channel>
      <Computer>WinDev2309Eval</Computer>
      <Security UserID=""S-1-5-18""/>
    </System>
    <EventData>
      <Data Name=""RuleName"">InvDB-Path</Data>
      <Data Name=""EventType"">SetValue</Data>
      <Data Name=""UtcTime"">2023-12-27 22:46:45.189</Data>
      <Data Name=""ProcessGuid"">{f57bd86a-36f8-658c-3e00-000000000f00}</Data>
      <Data Name=""ProcessId"">3212</Data>
      <Data Name=""Image"">C:\Windows\System32\svchost.exe</Data>
      <Data Name=""TargetObject"">\REGISTRY\A\{b3b14332-edc6-625a-c682-62677f6d06d4}\Root\InventoryApplicationFile\regsvr32.exe|8f2966bc37740081\LowerCaseLongPath</Data>
      <Data Name=""Details"">c:\windows\syswow64\regsvr32.exe</Data>
      <Data Name=""User"">NT AUTHORITY\SYSTEM</Data>
    </EventData>
    <RenderingInfo Culture=""en-US"">
      <Message>Registry value set:

RuleName: InvDB-Path

EventType: SetValue

UtcTime: 2023-12-27 22:46:45.189

ProcessGuid: {f57bd86a-36f8-658c-3e00-000000000f00}

ProcessId: 3212

Image: C:\Windows\System32\svchost.exe

TargetObject: \REGISTRY\A\{b3b14332-edc6-625a-c682-62677f6d06d4}\Root\InventoryApplicationFile\regsvr32.exe|8f2966bc37740081\LowerCaseLongPath

Details: c:\windows\syswow64\regsvr32.exe

User: NT AUTHORITY\SYSTEM</Message>
      <Level>Information</Level>
      <Task>Registry value set (rule: RegistryEvent)</Task>
      <Opcode>Info</Opcode>
    </RenderingInfo>
  </Event>
  
"
Microsoft-Windows-Sysmon/Operational,"  /s /i ""C:\AtomicRedTeam\atomics\T1218.010\bin\AllTheThingsx86.dll""",Microsoft Corporation,WinDev2309Eval,,C:\Users\User\AppData\Local\Temp\,Microsoft(C) Register Server,,1,19591,,10.0.22621.1 (WinBuild.160101.0800),"MD5=5F7264BD237FAEA46FB240785B78AFAC,SHA256=D9BE711BE2BF88096BB91C25DF775D90B964264AB25EC49CF04711D8C1F089F6,IMPHASH=73F03653209E82368127EB826216A6AD",C:\Windows\SysWOW64\regsvr32.exe,Medium,0x8000000000000000,Information,{f57bd86a-36f9-658c-7bf8-020000000000},0x2f87b,"Process Create:

RuleName: -

UtcTime: 2023-12-27 22:46:45.191

ProcessGuid: {f57bd86a-a955-658c-d901-000000000f00}

ProcessId: 10972

Image: C:\Windows\SysWOW64\regsvr32.exe

FileVersion: 10.0.22621.1 (WinBuild.160101.0800)

Description: Microsoft(C) Register Server

Product: Microsoft® Windows® Operating System

Company: Microsoft Corporation

OriginalFileName: REGSVR32.EXE

CommandLine:   /s /i ""C:\AtomicRedTeam\atomics\T1218.010\bin\AllTheThingsx86.dll""

CurrentDirectory: C:\Users\User\AppData\Local\Temp\

User: WINDEV2309EVAL\User

LogonGuid: {f57bd86a-36f9-658c-7bf8-020000000000}

LogonId: 0x2F87B

TerminalSessionId: 1

IntegrityLevel: Medium

Hashes: MD5=5F7264BD237FAEA46FB240785B78AFAC,SHA256=D9BE711BE2BF88096BB91C25DF775D90B964264AB25EC49CF04711D8C1F089F6,IMPHASH=73F03653209E82368127EB826216A6AD

ParentProcessGuid: {f57bd86a-a955-658c-d801-000000000f00}

ParentProcessId: 5464

ParentImage: C:\Windows\System32\regsvr32.exe

ParentCommandLine: C:\Windows\system32\regsvr32.exe  /s /i ""C:\AtomicRedTeam\atomics\T1218.010\bin\AllTheThingsx86.dll""

ParentUser: WINDEV2309EVAL\User",Info,REGSVR32.EXE,"C:\Windows\system32\regsvr32.exe  /s /i ""C:\AtomicRedTeam\atomics\T1218.010\bin\AllTheThingsx86.dll""",C:\Windows\System32\regsvr32.exe,{f57bd86a-a955-658c-d801-000000000f00},5464,WINDEV2309EVAL\User,{f57bd86a-a955-658c-d901-000000000f00},3588,10972,Microsoft® Windows® Operating System,,,,"
      ",-,2023-12-27T22:46:45.1926997Z,,,Process Create (rule: ProcessCreate),1,5124,WINDEV2309EVAL\User,S-1-5-18,2023-12-27 22:46:45.191,5,"<Event xmlns=""http://schemas.microsoft.com/win/2004/08/events/event"">
    <System>
      <Provider Name=""Microsoft-Windows-Sysmon"" Guid=""{5770385f-c22a-43e0-bf4c-06f5698ffbd9}""/>
      <EventID>1</EventID>
      <Version>5</Version>
      <Level>4</Level>
      <Task>1</Task>
      <Opcode>0</Opcode>
      <Keywords>0x8000000000000000</Keywords>
      <TimeCreated SystemTime=""2023-12-27T22:46:45.1926997Z""/>
      <EventRecordID>19591</EventRecordID>
      <Correlation/>
      <Execution ProcessID=""3588"" ThreadID=""5124""/>
      <Channel>Microsoft-Windows-Sysmon/Operational</Channel>
      <Computer>WinDev2309Eval</Computer>
      <Security UserID=""S-1-5-18""/>
    </System>
    <EventData>
      <Data Name=""RuleName"">-</Data>
      <Data Name=""UtcTime"">2023-12-27 22:46:45.191</Data>
      <Data Name=""ProcessGuid"">{f57bd86a-a955-658c-d901-000000000f00}</Data>
      <Data Name=""ProcessId"">10972</Data>
      <Data Name=""Image"">C:\Windows\SysWOW64\regsvr32.exe</Data>
      <Data Name=""FileVersion"">10.0.22621.1 (WinBuild.160101.0800)</Data>
      <Data Name=""Description"">Microsoft(C) Register Server</Data>
      <Data Name=""Product"">Microsoft&#174; Windows&#174; Operating System</Data>
      <Data Name=""Company"">Microsoft Corporation</Data>
      <Data Name=""OriginalFileName"">REGSVR32.EXE</Data>
      <Data Name=""CommandLine"">  /s /i ""C:\AtomicRedTeam\atomics\T1218.010\bin\AllTheThingsx86.dll""</Data>
      <Data Name=""CurrentDirectory"">C:\Users\User\AppData\Local\Temp\</Data>
      <Data Name=""User"">WINDEV2309EVAL\User</Data>
      <Data Name=""LogonGuid"">{f57bd86a-36f9-658c-7bf8-020000000000}</Data>
      <Data Name=""LogonId"">0x2f87b</Data>
      <Data Name=""TerminalSessionId"">1</Data>
      <Data Name=""IntegrityLevel"">Medium</Data>
      <Data Name=""Hashes"">MD5=5F7264BD237FAEA46FB240785B78AFAC,SHA256=D9BE711BE2BF88096BB91C25DF775D90B964264AB25EC49CF04711D8C1F089F6,IMPHASH=73F03653209E82368127EB826216A6AD</Data>
      <Data Name=""ParentProcessGuid"">{f57bd86a-a955-658c-d801-000000000f00}</Data>
      <Data Name=""ParentProcessId"">5464</Data>
      <Data Name=""ParentImage"">C:\Windows\System32\regsvr32.exe</Data>
      <Data Name=""ParentCommandLine"">C:\Windows\system32\regsvr32.exe  /s /i ""C:\AtomicRedTeam\atomics\T1218.010\bin\AllTheThingsx86.dll""</Data>
      <Data Name=""ParentUser"">WINDEV2309EVAL\User</Data>
    </EventData>
    <RenderingInfo Culture=""en-US"">
      <Message>Process Create:

RuleName: -

UtcTime: 2023-12-27 22:46:45.191

ProcessGuid: {f57bd86a-a955-658c-d901-000000000f00}

ProcessId: 10972

Image: C:\Windows\SysWOW64\regsvr32.exe

FileVersion: 10.0.22621.1 (WinBuild.160101.0800)

Description: Microsoft(C) Register Server

Product: Microsoft&#174; Windows&#174; Operating System

Company: Microsoft Corporation

OriginalFileName: REGSVR32.EXE

CommandLine:   /s /i ""C:\AtomicRedTeam\atomics\T1218.010\bin\AllTheThingsx86.dll""

CurrentDirectory: C:\Users\User\AppData\Local\Temp\

User: WINDEV2309EVAL\User

LogonGuid: {f57bd86a-36f9-658c-7bf8-020000000000}

LogonId: 0x2F87B

TerminalSessionId: 1

IntegrityLevel: Medium

Hashes: MD5=5F7264BD237FAEA46FB240785B78AFAC,SHA256=D9BE711BE2BF88096BB91C25DF775D90B964264AB25EC49CF04711D8C1F089F6,IMPHASH=73F03653209E82368127EB826216A6AD

ParentProcessGuid: {f57bd86a-a955-658c-d801-000000000f00}

ParentProcessId: 5464

ParentImage: C:\Windows\System32\regsvr32.exe

ParentCommandLine: C:\Windows\system32\regsvr32.exe  /s /i ""C:\AtomicRedTeam\atomics\T1218.010\bin\AllTheThingsx86.dll""

ParentUser: WINDEV2309EVAL\User</Message>
      <Level>Information</Level>
      <Task>Process Create (rule: ProcessCreate)</Task>
      <Opcode>Info</Opcode>
    </RenderingInfo>
  </Event>
  
"
Microsoft-Windows-Sysmon/Operational,"C:\Windows\system32\regsvr32.exe  /s /i ""C:\AtomicRedTeam\atomics\T1218.010\bin\AllTheThingsx86.dll""",Microsoft Corporation,WinDev2309Eval,,C:\Users\User\AppData\Local\Temp\,Microsoft(C) Register Server,,1,19590,,10.0.22621.1 (WinBuild.160101.0800),"MD5=AF0CDEF5F6ECB9B8EBEF4E480EBAAA5A,SHA256=02779144AF756AAB953F13F9E4D28AB3D01A77EB3962756D74099C06BABF21B1,IMPHASH=939D090D03567FAD6F1AC6F2C641A4B2",C:\Windows\System32\regsvr32.exe,Medium,0x8000000000000000,Information,{f57bd86a-36f9-658c-7bf8-020000000000},0x2f87b,"Process Create:

RuleName: -

UtcTime: 2023-12-27 22:46:45.142

ProcessGuid: {f57bd86a-a955-658c-d801-000000000f00}

ProcessId: 5464

Image: C:\Windows\System32\regsvr32.exe

FileVersion: 10.0.22621.1 (WinBuild.160101.0800)

Description: Microsoft(C) Register Server

Product: Microsoft® Windows® Operating System

Company: Microsoft Corporation

OriginalFileName: REGSVR32.EXE

CommandLine: C:\Windows\system32\regsvr32.exe  /s /i ""C:\AtomicRedTeam\atomics\T1218.010\bin\AllTheThingsx86.dll""

CurrentDirectory: C:\Users\User\AppData\Local\Temp\

User: WINDEV2309EVAL\User

LogonGuid: {f57bd86a-36f9-658c-7bf8-020000000000}

LogonId: 0x2F87B

TerminalSessionId: 1

IntegrityLevel: Medium

Hashes: MD5=AF0CDEF5F6ECB9B8EBEF4E480EBAAA5A,SHA256=02779144AF756AAB953F13F9E4D28AB3D01A77EB3962756D74099C06BABF21B1,IMPHASH=939D090D03567FAD6F1AC6F2C641A4B2

ParentProcessGuid: {f57bd86a-a955-658c-d601-000000000f00}

ParentProcessId: 9576

ParentImage: C:\Windows\System32\cmd.exe

ParentCommandLine: ""cmd.exe"" /c C:\Windows\system32\regsvr32.exe /s /i ""C:\AtomicRedTeam\atomics\T1218.010\bin\AllTheThingsx86.dll""

ParentUser: WINDEV2309EVAL\User",Info,REGSVR32.EXE,"""cmd.exe"" /c C:\Windows\system32\regsvr32.exe /s /i ""C:\AtomicRedTeam\atomics\T1218.010\bin\AllTheThingsx86.dll""",C:\Windows\System32\cmd.exe,{f57bd86a-a955-658c-d601-000000000f00},9576,WINDEV2309EVAL\User,{f57bd86a-a955-658c-d801-000000000f00},3588,5464,Microsoft® Windows® Operating System,,,,"
      ",-,2023-12-27T22:46:45.1493083Z,,,Process Create (rule: ProcessCreate),1,5124,WINDEV2309EVAL\User,S-1-5-18,2023-12-27 22:46:45.142,5,"<Event xmlns=""http://schemas.microsoft.com/win/2004/08/events/event"">
    <System>
      <Provider Name=""Microsoft-Windows-Sysmon"" Guid=""{5770385f-c22a-43e0-bf4c-06f5698ffbd9}""/>
      <EventID>1</EventID>
      <Version>5</Version>
      <Level>4</Level>
      <Task>1</Task>
      <Opcode>0</Opcode>
      <Keywords>0x8000000000000000</Keywords>
      <TimeCreated SystemTime=""2023-12-27T22:46:45.1493083Z""/>
      <EventRecordID>19590</EventRecordID>
      <Correlation/>
      <Execution ProcessID=""3588"" ThreadID=""5124""/>
      <Channel>Microsoft-Windows-Sysmon/Operational</Channel>
      <Computer>WinDev2309Eval</Computer>
      <Security UserID=""S-1-5-18""/>
    </System>
    <EventData>
      <Data Name=""RuleName"">-</Data>
      <Data Name=""UtcTime"">2023-12-27 22:46:45.142</Data>
      <Data Name=""ProcessGuid"">{f57bd86a-a955-658c-d801-000000000f00}</Data>
      <Data Name=""ProcessId"">5464</Data>
      <Data Name=""Image"">C:\Windows\System32\regsvr32.exe</Data>
      <Data Name=""FileVersion"">10.0.22621.1 (WinBuild.160101.0800)</Data>
      <Data Name=""Description"">Microsoft(C) Register Server</Data>
      <Data Name=""Product"">Microsoft&#174; Windows&#174; Operating System</Data>
      <Data Name=""Company"">Microsoft Corporation</Data>
      <Data Name=""OriginalFileName"">REGSVR32.EXE</Data>
      <Data Name=""CommandLine"">C:\Windows\system32\regsvr32.exe  /s /i ""C:\AtomicRedTeam\atomics\T1218.010\bin\AllTheThingsx86.dll""</Data>
      <Data Name=""CurrentDirectory"">C:\Users\User\AppData\Local\Temp\</Data>
      <Data Name=""User"">WINDEV2309EVAL\User</Data>
      <Data Name=""LogonGuid"">{f57bd86a-36f9-658c-7bf8-020000000000}</Data>
      <Data Name=""LogonId"">0x2f87b</Data>
      <Data Name=""TerminalSessionId"">1</Data>
      <Data Name=""IntegrityLevel"">Medium</Data>
      <Data Name=""Hashes"">MD5=AF0CDEF5F6ECB9B8EBEF4E480EBAAA5A,SHA256=02779144AF756AAB953F13F9E4D28AB3D01A77EB3962756D74099C06BABF21B1,IMPHASH=939D090D03567FAD6F1AC6F2C641A4B2</Data>
      <Data Name=""ParentProcessGuid"">{f57bd86a-a955-658c-d601-000000000f00}</Data>
      <Data Name=""ParentProcessId"">9576</Data>
      <Data Name=""ParentImage"">C:\Windows\System32\cmd.exe</Data>
      <Data Name=""ParentCommandLine"">""cmd.exe"" /c C:\Windows\system32\regsvr32.exe /s /i ""C:\AtomicRedTeam\atomics\T1218.010\bin\AllTheThingsx86.dll""</Data>
      <Data Name=""ParentUser"">WINDEV2309EVAL\User</Data>
    </EventData>
    <RenderingInfo Culture=""en-US"">
      <Message>Process Create:

RuleName: -

UtcTime: 2023-12-27 22:46:45.142

ProcessGuid: {f57bd86a-a955-658c-d801-000000000f00}

ProcessId: 5464

Image: C:\Windows\System32\regsvr32.exe

FileVersion: 10.0.22621.1 (WinBuild.160101.0800)

Description: Microsoft(C) Register Server

Product: Microsoft&#174; Windows&#174; Operating System

Company: Microsoft Corporation

OriginalFileName: REGSVR32.EXE

CommandLine: C:\Windows\system32\regsvr32.exe  /s /i ""C:\AtomicRedTeam\atomics\T1218.010\bin\AllTheThingsx86.dll""

CurrentDirectory: C:\Users\User\AppData\Local\Temp\

User: WINDEV2309EVAL\User

LogonGuid: {f57bd86a-36f9-658c-7bf8-020000000000}

LogonId: 0x2F87B

TerminalSessionId: 1

IntegrityLevel: Medium

Hashes: MD5=AF0CDEF5F6ECB9B8EBEF4E480EBAAA5A,SHA256=02779144AF756AAB953F13F9E4D28AB3D01A77EB3962756D74099C06BABF21B1,IMPHASH=939D090D03567FAD6F1AC6F2C641A4B2

ParentProcessGuid: {f57bd86a-a955-658c-d601-000000000f00}

ParentProcessId: 9576

ParentImage: C:\Windows\System32\cmd.exe

ParentCommandLine: ""cmd.exe"" /c C:\Windows\system32\regsvr32.exe /s /i ""C:\AtomicRedTeam\atomics\T1218.010\bin\AllTheThingsx86.dll""

ParentUser: WINDEV2309EVAL\User</Message>
      <Level>Information</Level>
      <Task>Process Create (rule: ProcessCreate)</Task>
      <Opcode>Info</Opcode>
    </RenderingInfo>
  </Event>
  
"
Microsoft-Windows-Sysmon/Operational,"""cmd.exe"" /c C:\Windows\system32\regsvr32.exe /s /i ""C:\AtomicRedTeam\atomics\T1218.010\bin\AllTheThingsx86.dll""",Microsoft Corporation,WinDev2309Eval,,C:\Users\User\AppData\Local\Temp\,Windows Command Processor,,1,19589,,10.0.22621.2506 (WinBuild.160101.0800),"MD5=133D568ECCB557E37BEA1459521CBAC2,SHA256=05A30592D2C3421C41121145C6EEFA7C81FEA6B42D6233A522240A8468326B9C,IMPHASH=D73E39DAB3C8B57AA408073D01254964",C:\Windows\System32\cmd.exe,Medium,0x8000000000000000,Information,{f57bd86a-36f9-658c-7bf8-020000000000},0x2f87b,"Process Create:

RuleName: -

UtcTime: 2023-12-27 22:46:45.091

ProcessGuid: {f57bd86a-a955-658c-d601-000000000f00}

ProcessId: 9576

Image: C:\Windows\System32\cmd.exe

FileVersion: 10.0.22621.2506 (WinBuild.160101.0800)

Description: Windows Command Processor

Product: Microsoft® Windows® Operating System

Company: Microsoft Corporation

OriginalFileName: Cmd.Exe

CommandLine: ""cmd.exe"" /c C:\Windows\system32\regsvr32.exe /s /i ""C:\AtomicRedTeam\atomics\T1218.010\bin\AllTheThingsx86.dll""

CurrentDirectory: C:\Users\User\AppData\Local\Temp\

User: WINDEV2309EVAL\User

LogonGuid: {f57bd86a-36f9-658c-7bf8-020000000000}

LogonId: 0x2F87B

TerminalSessionId: 1

IntegrityLevel: Medium

Hashes: MD5=133D568ECCB557E37BEA1459521CBAC2,SHA256=05A30592D2C3421C41121145C6EEFA7C81FEA6B42D6233A522240A8468326B9C,IMPHASH=D73E39DAB3C8B57AA408073D01254964

ParentProcessGuid: {00000000-0000-0000-0000-000000000000}

ParentProcessId: 1688

ParentImage: -

ParentCommandLine: -

ParentUser: -",Info,Cmd.Exe,-,-,{00000000-0000-0000-0000-000000000000},1688,-,{f57bd86a-a955-658c-d601-000000000f00},3588,9576,Microsoft® Windows® Operating System,,,,"
      ",-,2023-12-27T22:46:45.0921017Z,,,Process Create (rule: ProcessCreate),1,5124,WINDEV2309EVAL\User,S-1-5-18,2023-12-27 22:46:45.091,5,"<Event xmlns=""http://schemas.microsoft.com/win/2004/08/events/event"">
    <System>
      <Provider Name=""Microsoft-Windows-Sysmon"" Guid=""{5770385f-c22a-43e0-bf4c-06f5698ffbd9}""/>
      <EventID>1</EventID>
      <Version>5</Version>
      <Level>4</Level>
      <Task>1</Task>
      <Opcode>0</Opcode>
      <Keywords>0x8000000000000000</Keywords>
      <TimeCreated SystemTime=""2023-12-27T22:46:45.0921017Z""/>
      <EventRecordID>19589</EventRecordID>
      <Correlation/>
      <Execution ProcessID=""3588"" ThreadID=""5124""/>
      <Channel>Microsoft-Windows-Sysmon/Operational</Channel>
      <Computer>WinDev2309Eval</Computer>
      <Security UserID=""S-1-5-18""/>
    </System>
    <EventData>
      <Data Name=""RuleName"">-</Data>
      <Data Name=""UtcTime"">2023-12-27 22:46:45.091</Data>
      <Data Name=""ProcessGuid"">{f57bd86a-a955-658c-d601-000000000f00}</Data>
      <Data Name=""ProcessId"">9576</Data>
      <Data Name=""Image"">C:\Windows\System32\cmd.exe</Data>
      <Data Name=""FileVersion"">10.0.22621.2506 (WinBuild.160101.0800)</Data>
      <Data Name=""Description"">Windows Command Processor</Data>
      <Data Name=""Product"">Microsoft&#174; Windows&#174; Operating System</Data>
      <Data Name=""Company"">Microsoft Corporation</Data>
      <Data Name=""OriginalFileName"">Cmd.Exe</Data>
      <Data Name=""CommandLine"">""cmd.exe"" /c C:\Windows\system32\regsvr32.exe /s /i ""C:\AtomicRedTeam\atomics\T1218.010\bin\AllTheThingsx86.dll""</Data>
      <Data Name=""CurrentDirectory"">C:\Users\User\AppData\Local\Temp\</Data>
      <Data Name=""User"">WINDEV2309EVAL\User</Data>
      <Data Name=""LogonGuid"">{f57bd86a-36f9-658c-7bf8-020000000000}</Data>
      <Data Name=""LogonId"">0x2f87b</Data>
      <Data Name=""TerminalSessionId"">1</Data>
      <Data Name=""IntegrityLevel"">Medium</Data>
      <Data Name=""Hashes"">MD5=133D568ECCB557E37BEA1459521CBAC2,SHA256=05A30592D2C3421C41121145C6EEFA7C81FEA6B42D6233A522240A8468326B9C,IMPHASH=D73E39DAB3C8B57AA408073D01254964</Data>
      <Data Name=""ParentProcessGuid"">{00000000-0000-0000-0000-000000000000}</Data>
      <Data Name=""ParentProcessId"">1688</Data>
      <Data Name=""ParentImage"">-</Data>
      <Data Name=""ParentCommandLine"">-</Data>
      <Data Name=""ParentUser"">-</Data>
    </EventData>
    <RenderingInfo Culture=""en-US"">
      <Message>Process Create:

RuleName: -

UtcTime: 2023-12-27 22:46:45.091

ProcessGuid: {f57bd86a-a955-658c-d601-000000000f00}

ProcessId: 9576

Image: C:\Windows\System32\cmd.exe

FileVersion: 10.0.22621.2506 (WinBuild.160101.0800)

Description: Windows Command Processor

Product: Microsoft&#174; Windows&#174; Operating System

Company: Microsoft Corporation

OriginalFileName: Cmd.Exe

CommandLine: ""cmd.exe"" /c C:\Windows\system32\regsvr32.exe /s /i ""C:\AtomicRedTeam\atomics\T1218.010\bin\AllTheThingsx86.dll""

CurrentDirectory: C:\Users\User\AppData\Local\Temp\

User: WINDEV2309EVAL\User

LogonGuid: {f57bd86a-36f9-658c-7bf8-020000000000}

LogonId: 0x2F87B

TerminalSessionId: 1

IntegrityLevel: Medium

Hashes: MD5=133D568ECCB557E37BEA1459521CBAC2,SHA256=05A30592D2C3421C41121145C6EEFA7C81FEA6B42D6233A522240A8468326B9C,IMPHASH=D73E39DAB3C8B57AA408073D01254964

ParentProcessGuid: {00000000-0000-0000-0000-000000000000}

ParentProcessId: 1688

ParentImage: -

ParentCommandLine: -

ParentUser: -</Message>
      <Level>Information</Level>
      <Task>Process Create (rule: ProcessCreate)</Task>
      <Opcode>Info</Opcode>
    </RenderingInfo>
  </Event>
  
"
Microsoft-Windows-Sysmon/Operational,C:\Windows\system32\regsvr32.exe  /s C:\Users\User\AppData\Local\Temp\shell32.jpg,Microsoft Corporation,WinDev2309Eval,,C:\Users\User\AppData\Local\Temp\,Microsoft(C) Register Server,,1,19588,,10.0.22621.1 (WinBuild.160101.0800),"MD5=AF0CDEF5F6ECB9B8EBEF4E480EBAAA5A,SHA256=02779144AF756AAB953F13F9E4D28AB3D01A77EB3962756D74099C06BABF21B1,IMPHASH=939D090D03567FAD6F1AC6F2C641A4B2",C:\Windows\System32\regsvr32.exe,Medium,0x8000000000000000,Information,{f57bd86a-36f9-658c-7bf8-020000000000},0x2f87b,"Process Create:

RuleName: -

UtcTime: 2023-12-27 22:46:44.845

ProcessGuid: {f57bd86a-a954-658c-d501-000000000f00}

ProcessId: 5500

Image: C:\Windows\System32\regsvr32.exe

FileVersion: 10.0.22621.1 (WinBuild.160101.0800)

Description: Microsoft(C) Register Server

Product: Microsoft® Windows® Operating System

Company: Microsoft Corporation

OriginalFileName: REGSVR32.EXE

CommandLine: C:\Windows\system32\regsvr32.exe  /s C:\Users\User\AppData\Local\Temp\shell32.jpg

CurrentDirectory: C:\Users\User\AppData\Local\Temp\

User: WINDEV2309EVAL\User

LogonGuid: {f57bd86a-36f9-658c-7bf8-020000000000}

LogonId: 0x2F87B

TerminalSessionId: 1

IntegrityLevel: Medium

Hashes: MD5=AF0CDEF5F6ECB9B8EBEF4E480EBAAA5A,SHA256=02779144AF756AAB953F13F9E4D28AB3D01A77EB3962756D74099C06BABF21B1,IMPHASH=939D090D03567FAD6F1AC6F2C641A4B2

ParentProcessGuid: {f57bd86a-a954-658c-d301-000000000f00}

ParentProcessId: 4544

ParentImage: C:\Windows\System32\cmd.exe

ParentCommandLine: ""cmd.exe"" /c C:\Windows\system32\regsvr32.exe /s %temp%\shell32.jpg

ParentUser: WINDEV2309EVAL\User",Info,REGSVR32.EXE,"""cmd.exe"" /c C:\Windows\system32\regsvr32.exe /s %temp%\shell32.jpg",C:\Windows\System32\cmd.exe,{f57bd86a-a954-658c-d301-000000000f00},4544,WINDEV2309EVAL\User,{f57bd86a-a954-658c-d501-000000000f00},3588,5500,Microsoft® Windows® Operating System,,,,"
      ",-,2023-12-27T22:46:44.8481624Z,,,Process Create (rule: ProcessCreate),1,5124,WINDEV2309EVAL\User,S-1-5-18,2023-12-27 22:46:44.845,5,"<Event xmlns=""http://schemas.microsoft.com/win/2004/08/events/event"">
    <System>
      <Provider Name=""Microsoft-Windows-Sysmon"" Guid=""{5770385f-c22a-43e0-bf4c-06f5698ffbd9}""/>
      <EventID>1</EventID>
      <Version>5</Version>
      <Level>4</Level>
      <Task>1</Task>
      <Opcode>0</Opcode>
      <Keywords>0x8000000000000000</Keywords>
      <TimeCreated SystemTime=""2023-12-27T22:46:44.8481624Z""/>
      <EventRecordID>19588</EventRecordID>
      <Correlation/>
      <Execution ProcessID=""3588"" ThreadID=""5124""/>
      <Channel>Microsoft-Windows-Sysmon/Operational</Channel>
      <Computer>WinDev2309Eval</Computer>
      <Security UserID=""S-1-5-18""/>
    </System>
    <EventData>
      <Data Name=""RuleName"">-</Data>
      <Data Name=""UtcTime"">2023-12-27 22:46:44.845</Data>
      <Data Name=""ProcessGuid"">{f57bd86a-a954-658c-d501-000000000f00}</Data>
      <Data Name=""ProcessId"">5500</Data>
      <Data Name=""Image"">C:\Windows\System32\regsvr32.exe</Data>
      <Data Name=""FileVersion"">10.0.22621.1 (WinBuild.160101.0800)</Data>
      <Data Name=""Description"">Microsoft(C) Register Server</Data>
      <Data Name=""Product"">Microsoft&#174; Windows&#174; Operating System</Data>
      <Data Name=""Company"">Microsoft Corporation</Data>
      <Data Name=""OriginalFileName"">REGSVR32.EXE</Data>
      <Data Name=""CommandLine"">C:\Windows\system32\regsvr32.exe  /s C:\Users\User\AppData\Local\Temp\shell32.jpg</Data>
      <Data Name=""CurrentDirectory"">C:\Users\User\AppData\Local\Temp\</Data>
      <Data Name=""User"">WINDEV2309EVAL\User</Data>
      <Data Name=""LogonGuid"">{f57bd86a-36f9-658c-7bf8-020000000000}</Data>
      <Data Name=""LogonId"">0x2f87b</Data>
      <Data Name=""TerminalSessionId"">1</Data>
      <Data Name=""IntegrityLevel"">Medium</Data>
      <Data Name=""Hashes"">MD5=AF0CDEF5F6ECB9B8EBEF4E480EBAAA5A,SHA256=02779144AF756AAB953F13F9E4D28AB3D01A77EB3962756D74099C06BABF21B1,IMPHASH=939D090D03567FAD6F1AC6F2C641A4B2</Data>
      <Data Name=""ParentProcessGuid"">{f57bd86a-a954-658c-d301-000000000f00}</Data>
      <Data Name=""ParentProcessId"">4544</Data>
      <Data Name=""ParentImage"">C:\Windows\System32\cmd.exe</Data>
      <Data Name=""ParentCommandLine"">""cmd.exe"" /c C:\Windows\system32\regsvr32.exe /s %temp%\shell32.jpg</Data>
      <Data Name=""ParentUser"">WINDEV2309EVAL\User</Data>
    </EventData>
    <RenderingInfo Culture=""en-US"">
      <Message>Process Create:

RuleName: -

UtcTime: 2023-12-27 22:46:44.845

ProcessGuid: {f57bd86a-a954-658c-d501-000000000f00}

ProcessId: 5500

Image: C:\Windows\System32\regsvr32.exe

FileVersion: 10.0.22621.1 (WinBuild.160101.0800)

Description: Microsoft(C) Register Server

Product: Microsoft&#174; Windows&#174; Operating System

Company: Microsoft Corporation

OriginalFileName: REGSVR32.EXE

CommandLine: C:\Windows\system32\regsvr32.exe  /s C:\Users\User\AppData\Local\Temp\shell32.jpg

CurrentDirectory: C:\Users\User\AppData\Local\Temp\

User: WINDEV2309EVAL\User

LogonGuid: {f57bd86a-36f9-658c-7bf8-020000000000}

LogonId: 0x2F87B

TerminalSessionId: 1

IntegrityLevel: Medium

Hashes: MD5=AF0CDEF5F6ECB9B8EBEF4E480EBAAA5A,SHA256=02779144AF756AAB953F13F9E4D28AB3D01A77EB3962756D74099C06BABF21B1,IMPHASH=939D090D03567FAD6F1AC6F2C641A4B2

ParentProcessGuid: {f57bd86a-a954-658c-d301-000000000f00}

ParentProcessId: 4544

ParentImage: C:\Windows\System32\cmd.exe

ParentCommandLine: ""cmd.exe"" /c C:\Windows\system32\regsvr32.exe /s %temp%\shell32.jpg

ParentUser: WINDEV2309EVAL\User</Message>
      <Level>Information</Level>
      <Task>Process Create (rule: ProcessCreate)</Task>
      <Opcode>Info</Opcode>
    </RenderingInfo>
  </Event>
  
"
Microsoft-Windows-Sysmon/Operational,"""cmd.exe"" /c C:\Windows\system32\regsvr32.exe /s %%temp%%\shell32.jpg",Microsoft Corporation,WinDev2309Eval,,C:\Users\User\AppData\Local\Temp\,Windows Command Processor,,1,19587,,10.0.22621.2506 (WinBuild.160101.0800),"MD5=133D568ECCB557E37BEA1459521CBAC2,SHA256=05A30592D2C3421C41121145C6EEFA7C81FEA6B42D6233A522240A8468326B9C,IMPHASH=D73E39DAB3C8B57AA408073D01254964",C:\Windows\System32\cmd.exe,Medium,0x8000000000000000,Information,{f57bd86a-36f9-658c-7bf8-020000000000},0x2f87b,"Process Create:

RuleName: -

UtcTime: 2023-12-27 22:46:44.797

ProcessGuid: {f57bd86a-a954-658c-d301-000000000f00}

ProcessId: 4544

Image: C:\Windows\System32\cmd.exe

FileVersion: 10.0.22621.2506 (WinBuild.160101.0800)

Description: Windows Command Processor

Product: Microsoft® Windows® Operating System

Company: Microsoft Corporation

OriginalFileName: Cmd.Exe

CommandLine: ""cmd.exe"" /c C:\Windows\system32\regsvr32.exe /s %%temp%%\shell32.jpg

CurrentDirectory: C:\Users\User\AppData\Local\Temp\

User: WINDEV2309EVAL\User

LogonGuid: {f57bd86a-36f9-658c-7bf8-020000000000}

LogonId: 0x2F87B

TerminalSessionId: 1

IntegrityLevel: Medium

Hashes: MD5=133D568ECCB557E37BEA1459521CBAC2,SHA256=05A30592D2C3421C41121145C6EEFA7C81FEA6B42D6233A522240A8468326B9C,IMPHASH=D73E39DAB3C8B57AA408073D01254964

ParentProcessGuid: {00000000-0000-0000-0000-000000000000}

ParentProcessId: 1688

ParentImage: -

ParentCommandLine: -

ParentUser: -",Info,Cmd.Exe,-,-,{00000000-0000-0000-0000-000000000000},1688,-,{f57bd86a-a954-658c-d301-000000000f00},3588,4544,Microsoft® Windows® Operating System,,,,"
      ",-,2023-12-27T22:46:44.7979959Z,,,Process Create (rule: ProcessCreate),1,5124,WINDEV2309EVAL\User,S-1-5-18,2023-12-27 22:46:44.797,5,"<Event xmlns=""http://schemas.microsoft.com/win/2004/08/events/event"">
    <System>
      <Provider Name=""Microsoft-Windows-Sysmon"" Guid=""{5770385f-c22a-43e0-bf4c-06f5698ffbd9}""/>
      <EventID>1</EventID>
      <Version>5</Version>
      <Level>4</Level>
      <Task>1</Task>
      <Opcode>0</Opcode>
      <Keywords>0x8000000000000000</Keywords>
      <TimeCreated SystemTime=""2023-12-27T22:46:44.7979959Z""/>
      <EventRecordID>19587</EventRecordID>
      <Correlation/>
      <Execution ProcessID=""3588"" ThreadID=""5124""/>
      <Channel>Microsoft-Windows-Sysmon/Operational</Channel>
      <Computer>WinDev2309Eval</Computer>
      <Security UserID=""S-1-5-18""/>
    </System>
    <EventData>
      <Data Name=""RuleName"">-</Data>
      <Data Name=""UtcTime"">2023-12-27 22:46:44.797</Data>
      <Data Name=""ProcessGuid"">{f57bd86a-a954-658c-d301-000000000f00}</Data>
      <Data Name=""ProcessId"">4544</Data>
      <Data Name=""Image"">C:\Windows\System32\cmd.exe</Data>
      <Data Name=""FileVersion"">10.0.22621.2506 (WinBuild.160101.0800)</Data>
      <Data Name=""Description"">Windows Command Processor</Data>
      <Data Name=""Product"">Microsoft&#174; Windows&#174; Operating System</Data>
      <Data Name=""Company"">Microsoft Corporation</Data>
      <Data Name=""OriginalFileName"">Cmd.Exe</Data>
      <Data Name=""CommandLine"">""cmd.exe"" /c C:\Windows\system32\regsvr32.exe /s %%temp%%\shell32.jpg</Data>
      <Data Name=""CurrentDirectory"">C:\Users\User\AppData\Local\Temp\</Data>
      <Data Name=""User"">WINDEV2309EVAL\User</Data>
      <Data Name=""LogonGuid"">{f57bd86a-36f9-658c-7bf8-020000000000}</Data>
      <Data Name=""LogonId"">0x2f87b</Data>
      <Data Name=""TerminalSessionId"">1</Data>
      <Data Name=""IntegrityLevel"">Medium</Data>
      <Data Name=""Hashes"">MD5=133D568ECCB557E37BEA1459521CBAC2,SHA256=05A30592D2C3421C41121145C6EEFA7C81FEA6B42D6233A522240A8468326B9C,IMPHASH=D73E39DAB3C8B57AA408073D01254964</Data>
      <Data Name=""ParentProcessGuid"">{00000000-0000-0000-0000-000000000000}</Data>
      <Data Name=""ParentProcessId"">1688</Data>
      <Data Name=""ParentImage"">-</Data>
      <Data Name=""ParentCommandLine"">-</Data>
      <Data Name=""ParentUser"">-</Data>
    </EventData>
    <RenderingInfo Culture=""en-US"">
      <Message>Process Create:

RuleName: -

UtcTime: 2023-12-27 22:46:44.797

ProcessGuid: {f57bd86a-a954-658c-d301-000000000f00}

ProcessId: 4544

Image: C:\Windows\System32\cmd.exe

FileVersion: 10.0.22621.2506 (WinBuild.160101.0800)

Description: Windows Command Processor

Product: Microsoft&#174; Windows&#174; Operating System

Company: Microsoft Corporation

OriginalFileName: Cmd.Exe

CommandLine: ""cmd.exe"" /c C:\Windows\system32\regsvr32.exe /s %%temp%%\shell32.jpg

CurrentDirectory: C:\Users\User\AppData\Local\Temp\

User: WINDEV2309EVAL\User

LogonGuid: {f57bd86a-36f9-658c-7bf8-020000000000}

LogonId: 0x2F87B

TerminalSessionId: 1

IntegrityLevel: Medium

Hashes: MD5=133D568ECCB557E37BEA1459521CBAC2,SHA256=05A30592D2C3421C41121145C6EEFA7C81FEA6B42D6233A522240A8468326B9C,IMPHASH=D73E39DAB3C8B57AA408073D01254964

ParentProcessGuid: {00000000-0000-0000-0000-000000000000}

ParentProcessId: 1688

ParentImage: -

ParentCommandLine: -

ParentUser: -</Message>
      <Level>Information</Level>
      <Task>Process Create (rule: ProcessCreate)</Task>
      <Opcode>Info</Opcode>
    </RenderingInfo>
  </Event>
  
"
