Channel,CommandLine,Company,Computer,CreationUtcTime,CurrentDirectory,Description,Details,EventID,EventRecordID,EventType,FileVersion,Hashes,Image,IntegrityLevel,Keywords,Level,LogonGuid,LogonId,Message,Opcode,OriginalFileName,ParentCommandLine,ParentImage,ParentProcessGuid,ParentProcessId,ParentUser,ProcessGuid,ProcessID,ProcessId,Product,QueryName,QueryResults,QueryStatus,RenderingInfo,RuleName,SystemTime,TargetFilename,TargetObject,Task,TerminalSessionId,ThreadID,User,UserID,UtcTime,Version,raw
Microsoft-Windows-Sysmon/Operational,,,WinDev2309Eval,2023-12-27 22:39:03.624,,,,11,19672,,,,C:\Windows\System32\Tasks\notepad.exe,,0x8000000000000000,Information,,,"File created:

RuleName: T1053

UtcTime: 2023-12-27 22:39:03.624

ProcessGuid: {f57bd86a-a787-658c-fd01-000000000f00}

ProcessId: 7380

Image: C:\Windows\System32\Tasks\notepad.exe

TargetFilename: C:\Windows\System32\Tasks\readme.InstallState

CreationUtcTime: 2023-12-27 22:39:03.624

User: WINDEV2309EVAL\User",Info,,,,,,,{f57bd86a-a787-658c-fd01-000000000f00},3588,7380,,,,,"
      ",T1053,2023-12-27T22:39:03.6267027Z,C:\Windows\System32\Tasks\readme.InstallState,,File created (rule: FileCreate),,5124,WINDEV2309EVAL\User,S-1-5-18,2023-12-27 22:39:03.624,2,"<Event xmlns=""http://schemas.microsoft.com/win/2004/08/events/event"">
    <System>
      <Provider Name=""Microsoft-Windows-Sysmon"" Guid=""{5770385f-c22a-43e0-bf4c-06f5698ffbd9}""/>
      <EventID>11</EventID>
      <Version>2</Version>
      <Level>4</Level>
      <Task>11</Task>
      <Opcode>0</Opcode>
      <Keywords>0x8000000000000000</Keywords>
      <TimeCreated SystemTime=""2023-12-27T22:39:03.6267027Z""/>
      <EventRecordID>19672</EventRecordID>
      <Correlation/>
      <Execution ProcessID=""3588"" ThreadID=""5124""/>
      <Channel>Microsoft-Windows-Sysmon/Operational</Channel>
      <Computer>WinDev2309Eval</Computer>
      <Security UserID=""S-1-5-18""/>
    </System>
    <EventData>
      <Data Name=""RuleName"">T1053</Data>
      <Data Name=""UtcTime"">2023-12-27 22:39:03.624</Data>
      <Data Name=""ProcessGuid"">{f57bd86a-a787-658c-fd01-000000000f00}</Data>
      <Data Name=""ProcessId"">7380</Data>
      <Data Name=""Image"">C:\Windows\System32\Tasks\notepad.exe</Data>
      <Data Name=""TargetFilename"">C:\Windows\System32\Tasks\readme.InstallState</Data>
      <Data Name=""CreationUtcTime"">2023-12-27 22:39:03.624</Data>
      <Data Name=""User"">WINDEV2309EVAL\User</Data>
    </EventData>
    <RenderingInfo Culture=""en-US"">
      <Message>File created:

RuleName: T1053

UtcTime: 2023-12-27 22:39:03.624

ProcessGuid: {f57bd86a-a787-658c-fd01-000000000f00}

ProcessId: 7380

Image: C:\Windows\System32\Tasks\notepad.exe

TargetFilename: C:\Windows\System32\Tasks\readme.InstallState

CreationUtcTime: 2023-12-27 22:39:03.624

User: WINDEV2309EVAL\User</Message>
      <Level>Information</Level>
      <Task>File created (rule: FileCreate)</Task>
      <Opcode>Info</Opcode>
    </RenderingInfo>
  </Event>
  
"
Microsoft-Windows-Sysmon/Operational,,,WinDev2309Eval,2023-12-27 22:39:03.622,,,,11,19671,,,,C:\Windows\System32\Tasks\notepad.exe,,0x8000000000000000,Information,,,"File created:

RuleName: T1053

UtcTime: 2023-12-27 22:39:03.622

ProcessGuid: {f57bd86a-a787-658c-fd01-000000000f00}

ProcessId: 7380

Image: C:\Windows\System32\Tasks\notepad.exe

TargetFilename: C:\Windows\System32\Tasks\readme.InstallLog

CreationUtcTime: 2023-12-27 22:39:03.622

User: WINDEV2309EVAL\User",Info,,,,,,,{f57bd86a-a787-658c-fd01-000000000f00},3588,7380,,,,,"
      ",T1053,2023-12-27T22:39:03.6232499Z,C:\Windows\System32\Tasks\readme.InstallLog,,File created (rule: FileCreate),,5124,WINDEV2309EVAL\User,S-1-5-18,2023-12-27 22:39:03.622,2,"<Event xmlns=""http://schemas.microsoft.com/win/2004/08/events/event"">
    <System>
      <Provider Name=""Microsoft-Windows-Sysmon"" Guid=""{5770385f-c22a-43e0-bf4c-06f5698ffbd9}""/>
      <EventID>11</EventID>
      <Version>2</Version>
      <Level>4</Level>
      <Task>11</Task>
      <Opcode>0</Opcode>
      <Keywords>0x8000000000000000</Keywords>
      <TimeCreated SystemTime=""2023-12-27T22:39:03.6232499Z""/>
      <EventRecordID>19671</EventRecordID>
      <Correlation/>
      <Execution ProcessID=""3588"" ThreadID=""5124""/>
      <Channel>Microsoft-Windows-Sysmon/Operational</Channel>
      <Computer>WinDev2309Eval</Computer>
      <Security UserID=""S-1-5-18""/>
    </System>
    <EventData>
      <Data Name=""RuleName"">T1053</Data>
      <Data Name=""UtcTime"">2023-12-27 22:39:03.622</Data>
      <Data Name=""ProcessGuid"">{f57bd86a-a787-658c-fd01-000000000f00}</Data>
      <Data Name=""ProcessId"">7380</Data>
      <Data Name=""Image"">C:\Windows\System32\Tasks\notepad.exe</Data>
      <Data Name=""TargetFilename"">C:\Windows\System32\Tasks\readme.InstallLog</Data>
      <Data Name=""CreationUtcTime"">2023-12-27 22:39:03.622</Data>
      <Data Name=""User"">WINDEV2309EVAL\User</Data>
    </EventData>
    <RenderingInfo Culture=""en-US"">
      <Message>File created:

RuleName: T1053

UtcTime: 2023-12-27 22:39:03.622

ProcessGuid: {f57bd86a-a787-658c-fd01-000000000f00}

ProcessId: 7380

Image: C:\Windows\System32\Tasks\notepad.exe

TargetFilename: C:\Windows\System32\Tasks\readme.InstallLog

CreationUtcTime: 2023-12-27 22:39:03.622

User: WINDEV2309EVAL\User</Message>
      <Level>Information</Level>
      <Task>File created (rule: FileCreate)</Task>
      <Opcode>Info</Opcode>
    </RenderingInfo>
  </Event>
  
"
Microsoft-Windows-Sysmon/Operational,,,WinDev2309Eval,2023-12-27 22:39:03.607,,,,11,19670,,,,C:\Windows\System32\Tasks\notepad.exe,,0x8000000000000000,Information,,,"File created:

RuleName: T1053

UtcTime: 2023-12-27 22:39:03.607

ProcessGuid: {f57bd86a-a787-658c-fd01-000000000f00}

ProcessId: 7380

Image: C:\Windows\System32\Tasks\notepad.exe

TargetFilename: C:\Windows\System32\Tasks\InstallUtil.InstallLog

CreationUtcTime: 2023-12-27 22:39:03.607

User: WINDEV2309EVAL\User",Info,,,,,,,{f57bd86a-a787-658c-fd01-000000000f00},3588,7380,,,,,"
      ",T1053,2023-12-27T22:39:03.6192404Z,C:\Windows\System32\Tasks\InstallUtil.InstallLog,,File created (rule: FileCreate),,5124,WINDEV2309EVAL\User,S-1-5-18,2023-12-27 22:39:03.607,2,"<Event xmlns=""http://schemas.microsoft.com/win/2004/08/events/event"">
    <System>
      <Provider Name=""Microsoft-Windows-Sysmon"" Guid=""{5770385f-c22a-43e0-bf4c-06f5698ffbd9}""/>
      <EventID>11</EventID>
      <Version>2</Version>
      <Level>4</Level>
      <Task>11</Task>
      <Opcode>0</Opcode>
      <Keywords>0x8000000000000000</Keywords>
      <TimeCreated SystemTime=""2023-12-27T22:39:03.6192404Z""/>
      <EventRecordID>19670</EventRecordID>
      <Correlation/>
      <Execution ProcessID=""3588"" ThreadID=""5124""/>
      <Channel>Microsoft-Windows-Sysmon/Operational</Channel>
      <Computer>WinDev2309Eval</Computer>
      <Security UserID=""S-1-5-18""/>
    </System>
    <EventData>
      <Data Name=""RuleName"">T1053</Data>
      <Data Name=""UtcTime"">2023-12-27 22:39:03.607</Data>
      <Data Name=""ProcessGuid"">{f57bd86a-a787-658c-fd01-000000000f00}</Data>
      <Data Name=""ProcessId"">7380</Data>
      <Data Name=""Image"">C:\Windows\System32\Tasks\notepad.exe</Data>
      <Data Name=""TargetFilename"">C:\Windows\System32\Tasks\InstallUtil.InstallLog</Data>
      <Data Name=""CreationUtcTime"">2023-12-27 22:39:03.607</Data>
      <Data Name=""User"">WINDEV2309EVAL\User</Data>
    </EventData>
    <RenderingInfo Culture=""en-US"">
      <Message>File created:

RuleName: T1053

UtcTime: 2023-12-27 22:39:03.607

ProcessGuid: {f57bd86a-a787-658c-fd01-000000000f00}

ProcessId: 7380

Image: C:\Windows\System32\Tasks\notepad.exe

TargetFilename: C:\Windows\System32\Tasks\InstallUtil.InstallLog

CreationUtcTime: 2023-12-27 22:39:03.607

User: WINDEV2309EVAL\User</Message>
      <Level>Information</Level>
      <Task>File created (rule: FileCreate)</Task>
      <Opcode>Info</Opcode>
    </RenderingInfo>
  </Event>
  
"
Microsoft-Windows-Sysmon/Operational,"""C:\Windows\System32\Tasks\notepad.exe"" readme.txt ",Microsoft Corporation,WinDev2309Eval,,C:\Windows\System32\Tasks\,.NET Framework installation utility,,1,19669,,4.8.9032.0 built by: NET481REL1,"MD5=A5E23E43D623F49DB9F53E7719B1BE50,SHA256=4F02DE543316367945FDFB89DAFEB3A50E6C1E54DF015AD1732C15962206B647,IMPHASH=00000000000000000000000000000000",C:\Windows\System32\Tasks\notepad.exe,Medium,0x8000000000000000,Information,{f57bd86a-36f9-658c-7bf8-020000000000},0x2f87b,"Process Create:

RuleName: -

UtcTime: 2023-12-27 22:39:03.480

ProcessGuid: {f57bd86a-a787-658c-fd01-000000000f00}

ProcessId: 7380

Image: C:\Windows\System32\Tasks\notepad.exe

FileVersion: 4.8.9032.0 built by: NET481REL1

Description: .NET Framework installation utility

Product: Microsoft® .NET Framework

Company: Microsoft Corporation

OriginalFileName: InstallUtil.exe

CommandLine: ""C:\Windows\System32\Tasks\notepad.exe"" readme.txt 

CurrentDirectory: C:\Windows\System32\Tasks\

User: WINDEV2309EVAL\User

LogonGuid: {f57bd86a-36f9-658c-7bf8-020000000000}

LogonId: 0x2F87B

TerminalSessionId: 1

IntegrityLevel: Medium

Hashes: MD5=A5E23E43D623F49DB9F53E7719B1BE50,SHA256=4F02DE543316367945FDFB89DAFEB3A50E6C1E54DF015AD1732C15962206B647,IMPHASH=00000000000000000000000000000000

ParentProcessGuid: {f57bd86a-a785-658c-f701-000000000f00}

ParentProcessId: 10616

ParentImage: C:\Windows\System32\WindowsPowerShell\v1.0\powershell.exe

ParentCommandLine: ""powershell.exe"" & {# Import the required test harness function, Invoke-BuildAndInvokeInstallUtilAssembly
. \""""C:\AtomicRedTeam\atomics\T1218.004\src\InstallUtilTestHarness.ps1\""""

$InstallerAssemblyDir = \""""$Env:windir\System32\Tasks\""""
$InstallerAssemblyFileName = 'readme.txt'
$InstallerAssemblyFullPath = Join-Path -Path $InstallerAssemblyDir -ChildPath $InstallerAssemblyFileName

$CommandLine = \""""readme.txt\""""
$ExpectedOutput = 'Constructor_'

# Explicitly set the directory so that a relative path to readme.txt can be supplied.
Set-Location \""""$Env:windir\System32\Tasks\""""

Copy-Item -Path \""""$([System.Runtime.InteropServices.RuntimeEnvironment]::GetRuntimeDirectory())InstallUtil.exe\"""" -Destination \""""$Env:windir\System32\Tasks\notepad.exe\""""

$TestArgs = @{
    OutputAssemblyDirectory = $InstallerAssemblyDir
    OutputAssemblyFileName = $InstallerAssemblyFileName
    InvocationMethod = 'Executable'
    CommandLine = $CommandLine
    InstallUtilPath = \""""$Env:windir\System32\Tasks\notepad.exe\""""
}

$ActualOutput = Invoke-BuildAndInvokeInstallUtilAssembly @TestArgs -MinimumViableAssembly

if ($ActualOutput -ne $ExpectedOutput) {
    throw @\""""
Evasive Installutil invocation test failure. Installer assembly execution output did not match the expected output.
Expected: $ExpectedOutput
Actual: $ActualOutput
\""""@
}}

ParentUser: WINDEV2309EVAL\User",Info,InstallUtil.exe,"""powershell.exe"" & {# Import the required test harness function, Invoke-BuildAndInvokeInstallUtilAssembly
. \""""C:\AtomicRedTeam\atomics\T1218.004\src\InstallUtilTestHarness.ps1\""""

$InstallerAssemblyDir = \""""$Env:windir\System32\Tasks\""""
$InstallerAssemblyFileName = 'readme.txt'
$InstallerAssemblyFullPath = Join-Path -Path $InstallerAssemblyDir -ChildPath $InstallerAssemblyFileName

$CommandLine = \""""readme.txt\""""
$ExpectedOutput = 'Constructor_'

# Explicitly set the directory so that a relative path to readme.txt can be supplied.
Set-Location \""""$Env:windir\System32\Tasks\""""

Copy-Item -Path \""""$([System.Runtime.InteropServices.RuntimeEnvironment]::GetRuntimeDirectory())InstallUtil.exe\"""" -Destination \""""$Env:windir\System32\Tasks\notepad.exe\""""

$TestArgs = @{
    OutputAssemblyDirectory = $InstallerAssemblyDir
    OutputAssemblyFileName = $InstallerAssemblyFileName
    InvocationMethod = 'Executable'
    CommandLine = $CommandLine
    InstallUtilPath = \""""$Env:windir\System32\Tasks\notepad.exe\""""
}

$ActualOutput = Invoke-BuildAndInvokeInstallUtilAssembly @TestArgs -MinimumViableAssembly

if ($ActualOutput -ne $ExpectedOutput) {
    throw @\""""
Evasive Installutil invocation test failure. Installer assembly execution output did not match the expected output.
Expected: $ExpectedOutput
Actual: $ActualOutput
\""""@
}}",C:\Windows\System32\WindowsPowerShell\v1.0\powershell.exe,{f57bd86a-a785-658c-f701-000000000f00},10616,WINDEV2309EVAL\User,{f57bd86a-a787-658c-fd01-000000000f00},3588,7380,Microsoft® .NET Framework,,,,"
      ",-,2023-12-27T22:39:03.4840605Z,,,Process Create (rule: ProcessCreate),1,5124,WINDEV2309EVAL\User,S-1-5-18,2023-12-27 22:39:03.480,5,"<Event xmlns=""http://schemas.microsoft.com/win/2004/08/events/event"">
    <System>
      <Provider Name=""Microsoft-Windows-Sysmon"" Guid=""{5770385f-c22a-43e0-bf4c-06f5698ffbd9}""/>
      <EventID>1</EventID>
      <Version>5</Version>
      <Level>4</Level>
      <Task>1</Task>
      <Opcode>0</Opcode>
      <Keywords>0x8000000000000000</Keywords>
      <TimeCreated SystemTime=""2023-12-27T22:39:03.4840605Z""/>
      <EventRecordID>19669</EventRecordID>
      <Correlation/>
      <Execution ProcessID=""3588"" ThreadID=""5124""/>
      <Channel>Microsoft-Windows-Sysmon/Operational</Channel>
      <Computer>WinDev2309Eval</Computer>
      <Security UserID=""S-1-5-18""/>
    </System>
    <EventData>
      <Data Name=""RuleName"">-</Data>
      <Data Name=""UtcTime"">2023-12-27 22:39:03.480</Data>
      <Data Name=""ProcessGuid"">{f57bd86a-a787-658c-fd01-000000000f00}</Data>
      <Data Name=""ProcessId"">7380</Data>
      <Data Name=""Image"">C:\Windows\System32\Tasks\notepad.exe</Data>
      <Data Name=""FileVersion"">4.8.9032.0 built by: NET481REL1</Data>
      <Data Name=""Description"">.NET Framework installation utility</Data>
      <Data Name=""Product"">Microsoft&#174; .NET Framework</Data>
      <Data Name=""Company"">Microsoft Corporation</Data>
      <Data Name=""OriginalFileName"">InstallUtil.exe</Data>
      <Data Name=""CommandLine"">""C:\Windows\System32\Tasks\notepad.exe"" readme.txt </Data>
      <Data Name=""CurrentDirectory"">C:\Windows\System32\Tasks\</Data>
      <Data Name=""User"">WINDEV2309EVAL\User</Data>
      <Data Name=""LogonGuid"">{f57bd86a-36f9-658c-7bf8-020000000000}</Data>
      <Data Name=""LogonId"">0x2f87b</Data>
      <Data Name=""TerminalSessionId"">1</Data>
      <Data Name=""IntegrityLevel"">Medium</Data>
      <Data Name=""Hashes"">MD5=A5E23E43D623F49DB9F53E7719B1BE50,SHA256=4F02DE543316367945FDFB89DAFEB3A50E6C1E54DF015AD1732C15962206B647,IMPHASH=00000000000000000000000000000000</Data>
      <Data Name=""ParentProcessGuid"">{f57bd86a-a785-658c-f701-000000000f00}</Data>
      <Data Name=""ParentProcessId"">10616</Data>
      <Data Name=""ParentImage"">C:\Windows\System32\WindowsPowerShell\v1.0\powershell.exe</Data>
      <Data Name=""ParentCommandLine"">""powershell.exe"" &amp; {# Import the required test harness function, Invoke-BuildAndInvokeInstallUtilAssembly
. \""""C:\AtomicRedTeam\atomics\T1218.004\src\InstallUtilTestHarness.ps1\""""

$InstallerAssemblyDir = \""""$Env:windir\System32\Tasks\""""
$InstallerAssemblyFileName = 'readme.txt'
$InstallerAssemblyFullPath = Join-Path -Path $InstallerAssemblyDir -ChildPath $InstallerAssemblyFileName

$CommandLine = \""""readme.txt\""""
$ExpectedOutput = 'Constructor_'

# Explicitly set the directory so that a relative path to readme.txt can be supplied.
Set-Location \""""$Env:windir\System32\Tasks\""""

Copy-Item -Path \""""$([System.Runtime.InteropServices.RuntimeEnvironment]::GetRuntimeDirectory())InstallUtil.exe\"""" -Destination \""""$Env:windir\System32\Tasks\notepad.exe\""""

$TestArgs = @{
    OutputAssemblyDirectory = $InstallerAssemblyDir
    OutputAssemblyFileName = $InstallerAssemblyFileName
    InvocationMethod = 'Executable'
    CommandLine = $CommandLine
    InstallUtilPath = \""""$Env:windir\System32\Tasks\notepad.exe\""""
}

$ActualOutput = Invoke-BuildAndInvokeInstallUtilAssembly @TestArgs -MinimumViableAssembly

if ($ActualOutput -ne $ExpectedOutput) {
    throw @\""""
Evasive Installutil invocation test failure. Installer assembly execution output did not match the expected output.
Expected: $ExpectedOutput
Actual: $ActualOutput
\""""@
}}</Data>
      <Data Name=""ParentUser"">WINDEV2309EVAL\User</Data>
    </EventData>
    <RenderingInfo Culture=""en-US"">
      <Message>Process Create:

RuleName: -

UtcTime: 2023-12-27 22:39:03.480

ProcessGuid: {f57bd86a-a787-658c-fd01-000000000f00}

ProcessId: 7380

Image: C:\Windows\System32\Tasks\notepad.exe

FileVersion: 4.8.9032.0 built by: NET481REL1

Description: .NET Framework installation utility

Product: Microsoft&#174; .NET Framework

Company: Microsoft Corporation

OriginalFileName: InstallUtil.exe

CommandLine: ""C:\Windows\System32\Tasks\notepad.exe"" readme.txt 

CurrentDirectory: C:\Windows\System32\Tasks\

User: WINDEV2309EVAL\User

LogonGuid: {f57bd86a-36f9-658c-7bf8-020000000000}

LogonId: 0x2F87B

TerminalSessionId: 1

IntegrityLevel: Medium

Hashes: MD5=A5E23E43D623F49DB9F53E7719B1BE50,SHA256=4F02DE543316367945FDFB89DAFEB3A50E6C1E54DF015AD1732C15962206B647,IMPHASH=00000000000000000000000000000000

ParentProcessGuid: {f57bd86a-a785-658c-f701-000000000f00}

ParentProcessId: 10616

ParentImage: C:\Windows\System32\WindowsPowerShell\v1.0\powershell.exe

ParentCommandLine: ""powershell.exe"" &amp; {# Import the required test harness function, Invoke-BuildAndInvokeInstallUtilAssembly
. \""""C:\AtomicRedTeam\atomics\T1218.004\src\InstallUtilTestHarness.ps1\""""

$InstallerAssemblyDir = \""""$Env:windir\System32\Tasks\""""
$InstallerAssemblyFileName = 'readme.txt'
$InstallerAssemblyFullPath = Join-Path -Path $InstallerAssemblyDir -ChildPath $InstallerAssemblyFileName

$CommandLine = \""""readme.txt\""""
$ExpectedOutput = 'Constructor_'

# Explicitly set the directory so that a relative path to readme.txt can be supplied.
Set-Location \""""$Env:windir\System32\Tasks\""""

Copy-Item -Path \""""$([System.Runtime.InteropServices.RuntimeEnvironment]::GetRuntimeDirectory())InstallUtil.exe\"""" -Destination \""""$Env:windir\System32\Tasks\notepad.exe\""""

$TestArgs = @{
    OutputAssemblyDirectory = $InstallerAssemblyDir
    OutputAssemblyFileName = $InstallerAssemblyFileName
    InvocationMethod = 'Executable'
    CommandLine = $CommandLine
    InstallUtilPath = \""""$Env:windir\System32\Tasks\notepad.exe\""""
}

$ActualOutput = Invoke-BuildAndInvokeInstallUtilAssembly @TestArgs -MinimumViableAssembly

if ($ActualOutput -ne $ExpectedOutput) {
    throw @\""""
Evasive Installutil invocation test failure. Installer assembly execution output did not match the expected output.
Expected: $ExpectedOutput
Actual: $ActualOutput
\""""@
}}

ParentUser: WINDEV2309EVAL\User</Message>
      <Level>Information</Level>
      <Task>Process Create (rule: ProcessCreate)</Task>
      <Opcode>Info</Opcode>
    </RenderingInfo>
  </Event>
  
"
Microsoft-Windows-Sysmon/Operational,,,WinDev2309Eval,2023-12-27 22:39:03.300,,,,11,19668,,,,C:\Windows\Microsoft.NET\Framework64\v4.0.30319\csc.exe,,0x8000000000000000,Information,,,"File created:

RuleName: DLL

UtcTime: 2023-12-27 22:39:03.380

ProcessGuid: {f57bd86a-a787-658c-fb01-000000000f00}

ProcessId: 9892

Image: C:\Windows\Microsoft.NET\Framework64\v4.0.30319\csc.exe

TargetFilename: C:\Users\User\AppData\Local\Temp\ip3t1h3w.dll

CreationUtcTime: 2023-12-27 22:39:03.300

User: WINDEV2309EVAL\User",Info,,,,,,,{f57bd86a-a787-658c-fb01-000000000f00},3588,9892,,,,,"
      ",DLL,2023-12-27T22:39:03.3827169Z,C:\Users\User\AppData\Local\Temp\ip3t1h3w.dll,,File created (rule: FileCreate),,5124,WINDEV2309EVAL\User,S-1-5-18,2023-12-27 22:39:03.380,2,"<Event xmlns=""http://schemas.microsoft.com/win/2004/08/events/event"">
    <System>
      <Provider Name=""Microsoft-Windows-Sysmon"" Guid=""{5770385f-c22a-43e0-bf4c-06f5698ffbd9}""/>
      <EventID>11</EventID>
      <Version>2</Version>
      <Level>4</Level>
      <Task>11</Task>
      <Opcode>0</Opcode>
      <Keywords>0x8000000000000000</Keywords>
      <TimeCreated SystemTime=""2023-12-27T22:39:03.3827169Z""/>
      <EventRecordID>19668</EventRecordID>
      <Correlation/>
      <Execution ProcessID=""3588"" ThreadID=""5124""/>
      <Channel>Microsoft-Windows-Sysmon/Operational</Channel>
      <Computer>WinDev2309Eval</Computer>
      <Security UserID=""S-1-5-18""/>
    </System>
    <EventData>
      <Data Name=""RuleName"">DLL</Data>
      <Data Name=""UtcTime"">2023-12-27 22:39:03.380</Data>
      <Data Name=""ProcessGuid"">{f57bd86a-a787-658c-fb01-000000000f00}</Data>
      <Data Name=""ProcessId"">9892</Data>
      <Data Name=""Image"">C:\Windows\Microsoft.NET\Framework64\v4.0.30319\csc.exe</Data>
      <Data Name=""TargetFilename"">C:\Users\User\AppData\Local\Temp\ip3t1h3w.dll</Data>
      <Data Name=""CreationUtcTime"">2023-12-27 22:39:03.300</Data>
      <Data Name=""User"">WINDEV2309EVAL\User</Data>
    </EventData>
    <RenderingInfo Culture=""en-US"">
      <Message>File created:

RuleName: DLL

UtcTime: 2023-12-27 22:39:03.380

ProcessGuid: {f57bd86a-a787-658c-fb01-000000000f00}

ProcessId: 9892

Image: C:\Windows\Microsoft.NET\Framework64\v4.0.30319\csc.exe

TargetFilename: C:\Users\User\AppData\Local\Temp\ip3t1h3w.dll

CreationUtcTime: 2023-12-27 22:39:03.300

User: WINDEV2309EVAL\User</Message>
      <Level>Information</Level>
      <Task>File created (rule: FileCreate)</Task>
      <Opcode>Info</Opcode>
    </RenderingInfo>
  </Event>
  
"
Microsoft-Windows-Sysmon/Operational,"C:\Windows\Microsoft.NET\Framework64\v4.0.30319\cvtres.exe /NOLOGO /READONLY /MACHINE:IX86 ""/OUT:C:\Users\User\AppData\Local\Temp\RES9E58.tmp"" ""c:\Users\User\AppData\Local\Temp\CSC3668598A36AB4EEFA3B081B6D3A4FC74.TMP""",Microsoft Corporation,WinDev2309Eval,,C:\Users\User\AppData\Local\Temp\,Microsoft® Resource File To COFF Object Conversion Utility,,1,19667,,14.32.31326.0,"MD5=8166CCB6A04B855AA918B36079C63B7D,SHA256=FD3EF1B4C91B2E85CCD05724A7CD527A3A27D7D549B0DCDB70D3D78BE120C560,IMPHASH=45A00F7304B8F089973962FBEF618959",C:\Windows\Microsoft.NET\Framework64\v4.0.30319\cvtres.exe,Medium,0x8000000000000000,Information,{f57bd86a-36f9-658c-7bf8-020000000000},0x2f87b,"Process Create:

RuleName: -

UtcTime: 2023-12-27 22:39:03.365

ProcessGuid: {f57bd86a-a787-658c-fc01-000000000f00}

ProcessId: 10940

Image: C:\Windows\Microsoft.NET\Framework64\v4.0.30319\cvtres.exe

FileVersion: 14.32.31326.0

Description: Microsoft® Resource File To COFF Object Conversion Utility

Product: Microsoft® .NET Framework

Company: Microsoft Corporation

OriginalFileName: CVTRES.EXE

CommandLine: C:\Windows\Microsoft.NET\Framework64\v4.0.30319\cvtres.exe /NOLOGO /READONLY /MACHINE:IX86 ""/OUT:C:\Users\User\AppData\Local\Temp\RES9E58.tmp"" ""c:\Users\User\AppData\Local\Temp\CSC3668598A36AB4EEFA3B081B6D3A4FC74.TMP""

CurrentDirectory: C:\Users\User\AppData\Local\Temp\

User: WINDEV2309EVAL\User

LogonGuid: {f57bd86a-36f9-658c-7bf8-020000000000}

LogonId: 0x2F87B

TerminalSessionId: 1

IntegrityLevel: Medium

Hashes: MD5=8166CCB6A04B855AA918B36079C63B7D,SHA256=FD3EF1B4C91B2E85CCD05724A7CD527A3A27D7D549B0DCDB70D3D78BE120C560,IMPHASH=45A00F7304B8F089973962FBEF618959

ParentProcessGuid: {f57bd86a-a787-658c-fb01-000000000f00}

ParentProcessId: 9892

ParentImage: C:\Windows\Microsoft.NET\Framework64\v4.0.30319\csc.exe

ParentCommandLine: ""C:\Windows\Microsoft.NET\Framework64\v4.0.30319\csc.exe"" /noconfig /fullpaths @""C:\Users\User\AppData\Local\Temp\ip3t1h3w.cmdline""

ParentUser: WINDEV2309EVAL\User",Info,CVTRES.EXE,"""C:\Windows\Microsoft.NET\Framework64\v4.0.30319\csc.exe"" /noconfig /fullpaths @""C:\Users\User\AppData\Local\Temp\ip3t1h3w.cmdline""",C:\Windows\Microsoft.NET\Framework64\v4.0.30319\csc.exe,{f57bd86a-a787-658c-fb01-000000000f00},9892,WINDEV2309EVAL\User,{f57bd86a-a787-658c-fc01-000000000f00},3588,10940,Microsoft® .NET Framework,,,,"
      ",-,2023-12-27T22:39:03.3674346Z,,,Process Create (rule: ProcessCreate),1,5124,WINDEV2309EVAL\User,S-1-5-18,2023-12-27 22:39:03.365,5,"<Event xmlns=""http://schemas.microsoft.com/win/2004/08/events/event"">
    <System>
      <Provider Name=""Microsoft-Windows-Sysmon"" Guid=""{5770385f-c22a-43e0-bf4c-06f5698ffbd9}""/>
      <EventID>1</EventID>
      <Version>5</Version>
      <Level>4</Level>
      <Task>1</Task>
      <Opcode>0</Opcode>
      <Keywords>0x8000000000000000</Keywords>
      <TimeCreated SystemTime=""2023-12-27T22:39:03.3674346Z""/>
      <EventRecordID>19667</EventRecordID>
      <Correlation/>
      <Execution ProcessID=""3588"" ThreadID=""5124""/>
      <Channel>Microsoft-Windows-Sysmon/Operational</Channel>
      <Computer>WinDev2309Eval</Computer>
      <Security UserID=""S-1-5-18""/>
    </System>
    <EventData>
      <Data Name=""RuleName"">-</Data>
      <Data Name=""UtcTime"">2023-12-27 22:39:03.365</Data>
      <Data Name=""ProcessGuid"">{f57bd86a-a787-658c-fc01-000000000f00}</Data>
      <Data Name=""ProcessId"">10940</Data>
      <Data Name=""Image"">C:\Windows\Microsoft.NET\Framework64\v4.0.30319\cvtres.exe</Data>
      <Data Name=""FileVersion"">14.32.31326.0</Data>
      <Data Name=""Description"">Microsoft&#174; Resource File To COFF Object Conversion Utility</Data>
      <Data Name=""Product"">Microsoft&#174; .NET Framework</Data>
      <Data Name=""Company"">Microsoft Corporation</Data>
      <Data Name=""OriginalFileName"">CVTRES.EXE</Data>
      <Data Name=""CommandLine"">C:\Windows\Microsoft.NET\Framework64\v4.0.30319\cvtres.exe /NOLOGO /READONLY /MACHINE:IX86 ""/OUT:C:\Users\User\AppData\Local\Temp\RES9E58.tmp"" ""c:\Users\User\AppData\Local\Temp\CSC3668598A36AB4EEFA3B081B6D3A4FC74.TMP""</Data>
      <Data Name=""CurrentDirectory"">C:\Users\User\AppData\Local\Temp\</Data>
      <Data Name=""User"">WINDEV2309EVAL\User</Data>
      <Data Name=""LogonGuid"">{f57bd86a-36f9-658c-7bf8-020000000000}</Data>
      <Data Name=""LogonId"">0x2f87b</Data>
      <Data Name=""TerminalSessionId"">1</Data>
      <Data Name=""IntegrityLevel"">Medium</Data>
      <Data Name=""Hashes"">MD5=8166CCB6A04B855AA918B36079C63B7D,SHA256=FD3EF1B4C91B2E85CCD05724A7CD527A3A27D7D549B0DCDB70D3D78BE120C560,IMPHASH=45A00F7304B8F089973962FBEF618959</Data>
      <Data Name=""ParentProcessGuid"">{f57bd86a-a787-658c-fb01-000000000f00}</Data>
      <Data Name=""ParentProcessId"">9892</Data>
      <Data Name=""ParentImage"">C:\Windows\Microsoft.NET\Framework64\v4.0.30319\csc.exe</Data>
      <Data Name=""ParentCommandLine"">""C:\Windows\Microsoft.NET\Framework64\v4.0.30319\csc.exe"" /noconfig /fullpaths @""C:\Users\User\AppData\Local\Temp\ip3t1h3w.cmdline""</Data>
      <Data Name=""ParentUser"">WINDEV2309EVAL\User</Data>
    </EventData>
    <RenderingInfo Culture=""en-US"">
      <Message>Process Create:

RuleName: -

UtcTime: 2023-12-27 22:39:03.365

ProcessGuid: {f57bd86a-a787-658c-fc01-000000000f00}

ProcessId: 10940

Image: C:\Windows\Microsoft.NET\Framework64\v4.0.30319\cvtres.exe

FileVersion: 14.32.31326.0

Description: Microsoft&#174; Resource File To COFF Object Conversion Utility

Product: Microsoft&#174; .NET Framework

Company: Microsoft Corporation

OriginalFileName: CVTRES.EXE

CommandLine: C:\Windows\Microsoft.NET\Framework64\v4.0.30319\cvtres.exe /NOLOGO /READONLY /MACHINE:IX86 ""/OUT:C:\Users\User\AppData\Local\Temp\RES9E58.tmp"" ""c:\Users\User\AppData\Local\Temp\CSC3668598A36AB4EEFA3B081B6D3A4FC74.TMP""

CurrentDirectory: C:\Users\User\AppData\Local\Temp\

User: WINDEV2309EVAL\User

LogonGuid: {f57bd86a-36f9-658c-7bf8-020000000000}

LogonId: 0x2F87B

TerminalSessionId: 1

IntegrityLevel: Medium

Hashes: MD5=8166CCB6A04B855AA918B36079C63B7D,SHA256=FD3EF1B4C91B2E85CCD05724A7CD527A3A27D7D549B0DCDB70D3D78BE120C560,IMPHASH=45A00F7304B8F089973962FBEF618959

ParentProcessGuid: {f57bd86a-a787-658c-fb01-000000000f00}

ParentProcessId: 9892

ParentImage: C:\Windows\Microsoft.NET\Framework64\v4.0.30319\csc.exe

ParentCommandLine: ""C:\Windows\Microsoft.NET\Framework64\v4.0.30319\csc.exe"" /noconfig /fullpaths @""C:\Users\User\AppData\Local\Temp\ip3t1h3w.cmdline""

ParentUser: WINDEV2309EVAL\User</Message>
      <Level>Information</Level>
      <Task>Process Create (rule: ProcessCreate)</Task>
      <Opcode>Info</Opcode>
    </RenderingInfo>
  </Event>
  
"
Microsoft-Windows-Sysmon/Operational,"""C:\Windows\Microsoft.NET\Framework64\v4.0.30319\csc.exe"" /noconfig /fullpaths @""C:\Users\User\AppData\Local\Temp\ip3t1h3w.cmdline""",Microsoft Corporation,WinDev2309Eval,,C:\Users\User\AppData\Local\Temp\,Visual C# Command Line Compiler,,1,19666,,4.8.9032.0 built by: NET481REL1,"MD5=0700180046633A40D24729AE8CACC158,SHA256=A725546BDE53F1AD533E74ABB01DD5ED5F07B171F5C284738DA88F6CE478CF5F,IMPHASH=2E6A9097FBA347A254DAC72662FE1259",C:\Windows\Microsoft.NET\Framework64\v4.0.30319\csc.exe,Medium,0x8000000000000000,Information,{f57bd86a-36f9-658c-7bf8-020000000000},0x2f87b,"Process Create:

RuleName: -

UtcTime: 2023-12-27 22:39:03.304

ProcessGuid: {f57bd86a-a787-658c-fb01-000000000f00}

ProcessId: 9892

Image: C:\Windows\Microsoft.NET\Framework64\v4.0.30319\csc.exe

FileVersion: 4.8.9032.0 built by: NET481REL1

Description: Visual C# Command Line Compiler

Product: Microsoft® .NET Framework

Company: Microsoft Corporation

OriginalFileName: csc.exe

CommandLine: ""C:\Windows\Microsoft.NET\Framework64\v4.0.30319\csc.exe"" /noconfig /fullpaths @""C:\Users\User\AppData\Local\Temp\ip3t1h3w.cmdline""

CurrentDirectory: C:\Users\User\AppData\Local\Temp\

User: WINDEV2309EVAL\User

LogonGuid: {f57bd86a-36f9-658c-7bf8-020000000000}

LogonId: 0x2F87B

TerminalSessionId: 1

IntegrityLevel: Medium

Hashes: MD5=0700180046633A40D24729AE8CACC158,SHA256=A725546BDE53F1AD533E74ABB01DD5ED5F07B171F5C284738DA88F6CE478CF5F,IMPHASH=2E6A9097FBA347A254DAC72662FE1259

ParentProcessGuid: {f57bd86a-a785-658c-f701-000000000f00}

ParentProcessId: 10616

ParentImage: C:\Windows\System32\WindowsPowerShell\v1.0\powershell.exe

ParentCommandLine: ""powershell.exe"" & {# Import the required test harness function, Invoke-BuildAndInvokeInstallUtilAssembly
. \""""C:\AtomicRedTeam\atomics\T1218.004\src\InstallUtilTestHarness.ps1\""""

$InstallerAssemblyDir = \""""$Env:windir\System32\Tasks\""""
$InstallerAssemblyFileName = 'readme.txt'
$InstallerAssemblyFullPath = Join-Path -Path $InstallerAssemblyDir -ChildPath $InstallerAssemblyFileName

$CommandLine = \""""readme.txt\""""
$ExpectedOutput = 'Constructor_'

# Explicitly set the directory so that a relative path to readme.txt can be supplied.
Set-Location \""""$Env:windir\System32\Tasks\""""

Copy-Item -Path \""""$([System.Runtime.InteropServices.RuntimeEnvironment]::GetRuntimeDirectory())InstallUtil.exe\"""" -Destination \""""$Env:windir\System32\Tasks\notepad.exe\""""

$TestArgs = @{
    OutputAssemblyDirectory = $InstallerAssemblyDir
    OutputAssemblyFileName = $InstallerAssemblyFileName
    InvocationMethod = 'Executable'
    CommandLine = $CommandLine
    InstallUtilPath = \""""$Env:windir\System32\Tasks\notepad.exe\""""
}

$ActualOutput = Invoke-BuildAndInvokeInstallUtilAssembly @TestArgs -MinimumViableAssembly

if ($ActualOutput -ne $ExpectedOutput) {
    throw @\""""
Evasive Installutil invocation test failure. Installer assembly execution output did not match the expected output.
Expected: $ExpectedOutput
Actual: $ActualOutput
\""""@
}}

ParentUser: WINDEV2309EVAL\User",Info,csc.exe,"""powershell.exe"" & {# Import the required test harness function, Invoke-BuildAndInvokeInstallUtilAssembly
. \""""C:\AtomicRedTeam\atomics\T1218.004\src\InstallUtilTestHarness.ps1\""""

$InstallerAssemblyDir = \""""$Env:windir\System32\Tasks\""""
$InstallerAssemblyFileName = 'readme.txt'
$InstallerAssemblyFullPath = Join-Path -Path $InstallerAssemblyDir -ChildPath $InstallerAssemblyFileName

$CommandLine = \""""readme.txt\""""
$ExpectedOutput = 'Constructor_'

# Explicitly set the directory so that a relative path to readme.txt can be supplied.
Set-Location \""""$Env:windir\System32\Tasks\""""

Copy-Item -Path \""""$([System.Runtime.InteropServices.RuntimeEnvironment]::GetRuntimeDirectory())InstallUtil.exe\"""" -Destination \""""$Env:windir\System32\Tasks\notepad.exe\""""

$TestArgs = @{
    OutputAssemblyDirectory = $InstallerAssemblyDir
    OutputAssemblyFileName = $InstallerAssemblyFileName
    InvocationMethod = 'Executable'
    CommandLine = $CommandLine
    InstallUtilPath = \""""$Env:windir\System32\Tasks\notepad.exe\""""
}

$ActualOutput = Invoke-BuildAndInvokeInstallUtilAssembly @TestArgs -MinimumViableAssembly

if ($ActualOutput -ne $ExpectedOutput) {
    throw @\""""
Evasive Installutil invocation test failure. Installer assembly execution output did not match the expected output.
Expected: $ExpectedOutput
Actual: $ActualOutput
\""""@
}}",C:\Windows\System32\WindowsPowerShell\v1.0\powershell.exe,{f57bd86a-a785-658c-f701-000000000f00},10616,WINDEV2309EVAL\User,{f57bd86a-a787-658c-fb01-000000000f00},3588,9892,Microsoft® .NET Framework,,,,"
      ",-,2023-12-27T22:39:03.3066046Z,,,Process Create (rule: ProcessCreate),1,5124,WINDEV2309EVAL\User,S-1-5-18,2023-12-27 22:39:03.304,5,"<Event xmlns=""http://schemas.microsoft.com/win/2004/08/events/event"">
    <System>
      <Provider Name=""Microsoft-Windows-Sysmon"" Guid=""{5770385f-c22a-43e0-bf4c-06f5698ffbd9}""/>
      <EventID>1</EventID>
      <Version>5</Version>
      <Level>4</Level>
      <Task>1</Task>
      <Opcode>0</Opcode>
      <Keywords>0x8000000000000000</Keywords>
      <TimeCreated SystemTime=""2023-12-27T22:39:03.3066046Z""/>
      <EventRecordID>19666</EventRecordID>
      <Correlation/>
      <Execution ProcessID=""3588"" ThreadID=""5124""/>
      <Channel>Microsoft-Windows-Sysmon/Operational</Channel>
      <Computer>WinDev2309Eval</Computer>
      <Security UserID=""S-1-5-18""/>
    </System>
    <EventData>
      <Data Name=""RuleName"">-</Data>
      <Data Name=""UtcTime"">2023-12-27 22:39:03.304</Data>
      <Data Name=""ProcessGuid"">{f57bd86a-a787-658c-fb01-000000000f00}</Data>
      <Data Name=""ProcessId"">9892</Data>
      <Data Name=""Image"">C:\Windows\Microsoft.NET\Framework64\v4.0.30319\csc.exe</Data>
      <Data Name=""FileVersion"">4.8.9032.0 built by: NET481REL1</Data>
      <Data Name=""Description"">Visual C# Command Line Compiler</Data>
      <Data Name=""Product"">Microsoft&#174; .NET Framework</Data>
      <Data Name=""Company"">Microsoft Corporation</Data>
      <Data Name=""OriginalFileName"">csc.exe</Data>
      <Data Name=""CommandLine"">""C:\Windows\Microsoft.NET\Framework64\v4.0.30319\csc.exe"" /noconfig /fullpaths @""C:\Users\User\AppData\Local\Temp\ip3t1h3w.cmdline""</Data>
      <Data Name=""CurrentDirectory"">C:\Users\User\AppData\Local\Temp\</Data>
      <Data Name=""User"">WINDEV2309EVAL\User</Data>
      <Data Name=""LogonGuid"">{f57bd86a-36f9-658c-7bf8-020000000000}</Data>
      <Data Name=""LogonId"">0x2f87b</Data>
      <Data Name=""TerminalSessionId"">1</Data>
      <Data Name=""IntegrityLevel"">Medium</Data>
      <Data Name=""Hashes"">MD5=0700180046633A40D24729AE8CACC158,SHA256=A725546BDE53F1AD533E74ABB01DD5ED5F07B171F5C284738DA88F6CE478CF5F,IMPHASH=2E6A9097FBA347A254DAC72662FE1259</Data>
      <Data Name=""ParentProcessGuid"">{f57bd86a-a785-658c-f701-000000000f00}</Data>
      <Data Name=""ParentProcessId"">10616</Data>
      <Data Name=""ParentImage"">C:\Windows\System32\WindowsPowerShell\v1.0\powershell.exe</Data>
      <Data Name=""ParentCommandLine"">""powershell.exe"" &amp; {# Import the required test harness function, Invoke-BuildAndInvokeInstallUtilAssembly
. \""""C:\AtomicRedTeam\atomics\T1218.004\src\InstallUtilTestHarness.ps1\""""

$InstallerAssemblyDir = \""""$Env:windir\System32\Tasks\""""
$InstallerAssemblyFileName = 'readme.txt'
$InstallerAssemblyFullPath = Join-Path -Path $InstallerAssemblyDir -ChildPath $InstallerAssemblyFileName

$CommandLine = \""""readme.txt\""""
$ExpectedOutput = 'Constructor_'

# Explicitly set the directory so that a relative path to readme.txt can be supplied.
Set-Location \""""$Env:windir\System32\Tasks\""""

Copy-Item -Path \""""$([System.Runtime.InteropServices.RuntimeEnvironment]::GetRuntimeDirectory())InstallUtil.exe\"""" -Destination \""""$Env:windir\System32\Tasks\notepad.exe\""""

$TestArgs = @{
    OutputAssemblyDirectory = $InstallerAssemblyDir
    OutputAssemblyFileName = $InstallerAssemblyFileName
    InvocationMethod = 'Executable'
    CommandLine = $CommandLine
    InstallUtilPath = \""""$Env:windir\System32\Tasks\notepad.exe\""""
}

$ActualOutput = Invoke-BuildAndInvokeInstallUtilAssembly @TestArgs -MinimumViableAssembly

if ($ActualOutput -ne $ExpectedOutput) {
    throw @\""""
Evasive Installutil invocation test failure. Installer assembly execution output did not match the expected output.
Expected: $ExpectedOutput
Actual: $ActualOutput
\""""@
}}</Data>
      <Data Name=""ParentUser"">WINDEV2309EVAL\User</Data>
    </EventData>
    <RenderingInfo Culture=""en-US"">
      <Message>Process Create:

RuleName: -

UtcTime: 2023-12-27 22:39:03.304

ProcessGuid: {f57bd86a-a787-658c-fb01-000000000f00}

ProcessId: 9892

Image: C:\Windows\Microsoft.NET\Framework64\v4.0.30319\csc.exe

FileVersion: 4.8.9032.0 built by: NET481REL1

Description: Visual C# Command Line Compiler

Product: Microsoft&#174; .NET Framework

Company: Microsoft Corporation

OriginalFileName: csc.exe

CommandLine: ""C:\Windows\Microsoft.NET\Framework64\v4.0.30319\csc.exe"" /noconfig /fullpaths @""C:\Users\User\AppData\Local\Temp\ip3t1h3w.cmdline""

CurrentDirectory: C:\Users\User\AppData\Local\Temp\

User: WINDEV2309EVAL\User

LogonGuid: {f57bd86a-36f9-658c-7bf8-020000000000}

LogonId: 0x2F87B

TerminalSessionId: 1

IntegrityLevel: Medium

Hashes: MD5=0700180046633A40D24729AE8CACC158,SHA256=A725546BDE53F1AD533E74ABB01DD5ED5F07B171F5C284738DA88F6CE478CF5F,IMPHASH=2E6A9097FBA347A254DAC72662FE1259

ParentProcessGuid: {f57bd86a-a785-658c-f701-000000000f00}

ParentProcessId: 10616

ParentImage: C:\Windows\System32\WindowsPowerShell\v1.0\powershell.exe

ParentCommandLine: ""powershell.exe"" &amp; {# Import the required test harness function, Invoke-BuildAndInvokeInstallUtilAssembly
. \""""C:\AtomicRedTeam\atomics\T1218.004\src\InstallUtilTestHarness.ps1\""""

$InstallerAssemblyDir = \""""$Env:windir\System32\Tasks\""""
$InstallerAssemblyFileName = 'readme.txt'
$InstallerAssemblyFullPath = Join-Path -Path $InstallerAssemblyDir -ChildPath $InstallerAssemblyFileName

$CommandLine = \""""readme.txt\""""
$ExpectedOutput = 'Constructor_'

# Explicitly set the directory so that a relative path to readme.txt can be supplied.
Set-Location \""""$Env:windir\System32\Tasks\""""

Copy-Item -Path \""""$([System.Runtime.InteropServices.RuntimeEnvironment]::GetRuntimeDirectory())InstallUtil.exe\"""" -Destination \""""$Env:windir\System32\Tasks\notepad.exe\""""

$TestArgs = @{
    OutputAssemblyDirectory = $InstallerAssemblyDir
    OutputAssemblyFileName = $InstallerAssemblyFileName
    InvocationMethod = 'Executable'
    CommandLine = $CommandLine
    InstallUtilPath = \""""$Env:windir\System32\Tasks\notepad.exe\""""
}

$ActualOutput = Invoke-BuildAndInvokeInstallUtilAssembly @TestArgs -MinimumViableAssembly

if ($ActualOutput -ne $ExpectedOutput) {
    throw @\""""
Evasive Installutil invocation test failure. Installer assembly execution output did not match the expected output.
Expected: $ExpectedOutput
Actual: $ActualOutput
\""""@
}}

ParentUser: WINDEV2309EVAL\User</Message>
      <Level>Information</Level>
      <Task>Process Create (rule: ProcessCreate)</Task>
      <Opcode>Info</Opcode>
    </RenderingInfo>
  </Event>
  
"
Microsoft-Windows-Sysmon/Operational,,,WinDev2309Eval,2023-12-27 22:39:03.300,,,,11,19665,,,,C:\Windows\System32\WindowsPowerShell\v1.0\powershell.exe,,0x8000000000000000,Information,,,"File created:

RuleName: -

UtcTime: 2023-12-27 22:39:03.300

ProcessGuid: {f57bd86a-a785-658c-f701-000000000f00}

ProcessId: 10616

Image: C:\Windows\System32\WindowsPowerShell\v1.0\powershell.exe

TargetFilename: C:\Users\User\AppData\Local\Temp\ip3t1h3w.cmdline

CreationUtcTime: 2023-12-27 22:39:03.300

User: WINDEV2309EVAL\User",Info,,,,,,,{f57bd86a-a785-658c-f701-000000000f00},3588,10616,,,,,"
      ",-,2023-12-27T22:39:03.3027059Z,C:\Users\User\AppData\Local\Temp\ip3t1h3w.cmdline,,File created (rule: FileCreate),,5124,WINDEV2309EVAL\User,S-1-5-18,2023-12-27 22:39:03.300,2,"<Event xmlns=""http://schemas.microsoft.com/win/2004/08/events/event"">
    <System>
      <Provider Name=""Microsoft-Windows-Sysmon"" Guid=""{5770385f-c22a-43e0-bf4c-06f5698ffbd9}""/>
      <EventID>11</EventID>
      <Version>2</Version>
      <Level>4</Level>
      <Task>11</Task>
      <Opcode>0</Opcode>
      <Keywords>0x8000000000000000</Keywords>
      <TimeCreated SystemTime=""2023-12-27T22:39:03.3027059Z""/>
      <EventRecordID>19665</EventRecordID>
      <Correlation/>
      <Execution ProcessID=""3588"" ThreadID=""5124""/>
      <Channel>Microsoft-Windows-Sysmon/Operational</Channel>
      <Computer>WinDev2309Eval</Computer>
      <Security UserID=""S-1-5-18""/>
    </System>
    <EventData>
      <Data Name=""RuleName"">-</Data>
      <Data Name=""UtcTime"">2023-12-27 22:39:03.300</Data>
      <Data Name=""ProcessGuid"">{f57bd86a-a785-658c-f701-000000000f00}</Data>
      <Data Name=""ProcessId"">10616</Data>
      <Data Name=""Image"">C:\Windows\System32\WindowsPowerShell\v1.0\powershell.exe</Data>
      <Data Name=""TargetFilename"">C:\Users\User\AppData\Local\Temp\ip3t1h3w.cmdline</Data>
      <Data Name=""CreationUtcTime"">2023-12-27 22:39:03.300</Data>
      <Data Name=""User"">WINDEV2309EVAL\User</Data>
    </EventData>
    <RenderingInfo Culture=""en-US"">
      <Message>File created:

RuleName: -

UtcTime: 2023-12-27 22:39:03.300

ProcessGuid: {f57bd86a-a785-658c-f701-000000000f00}

ProcessId: 10616

Image: C:\Windows\System32\WindowsPowerShell\v1.0\powershell.exe

TargetFilename: C:\Users\User\AppData\Local\Temp\ip3t1h3w.cmdline

CreationUtcTime: 2023-12-27 22:39:03.300

User: WINDEV2309EVAL\User</Message>
      <Level>Information</Level>
      <Task>File created (rule: FileCreate)</Task>
      <Opcode>Info</Opcode>
    </RenderingInfo>
  </Event>
  
"
Microsoft-Windows-Sysmon/Operational,,,WinDev2309Eval,2023-12-27 22:39:03.300,,,,11,19664,,,,C:\Windows\System32\WindowsPowerShell\v1.0\powershell.exe,,0x8000000000000000,Information,,,"File created:

RuleName: DLL

UtcTime: 2023-12-27 22:39:03.300

ProcessGuid: {f57bd86a-a785-658c-f701-000000000f00}

ProcessId: 10616

Image: C:\Windows\System32\WindowsPowerShell\v1.0\powershell.exe

TargetFilename: C:\Users\User\AppData\Local\Temp\ip3t1h3w.dll

CreationUtcTime: 2023-12-27 22:39:03.300

User: WINDEV2309EVAL\User",Info,,,,,,,{f57bd86a-a785-658c-f701-000000000f00},3588,10616,,,,,"
      ",DLL,2023-12-27T22:39:03.3012535Z,C:\Users\User\AppData\Local\Temp\ip3t1h3w.dll,,File created (rule: FileCreate),,5124,WINDEV2309EVAL\User,S-1-5-18,2023-12-27 22:39:03.300,2,"<Event xmlns=""http://schemas.microsoft.com/win/2004/08/events/event"">
    <System>
      <Provider Name=""Microsoft-Windows-Sysmon"" Guid=""{5770385f-c22a-43e0-bf4c-06f5698ffbd9}""/>
      <EventID>11</EventID>
      <Version>2</Version>
      <Level>4</Level>
      <Task>11</Task>
      <Opcode>0</Opcode>
      <Keywords>0x8000000000000000</Keywords>
      <TimeCreated SystemTime=""2023-12-27T22:39:03.3012535Z""/>
      <EventRecordID>19664</EventRecordID>
      <Correlation/>
      <Execution ProcessID=""3588"" ThreadID=""5124""/>
      <Channel>Microsoft-Windows-Sysmon/Operational</Channel>
      <Computer>WinDev2309Eval</Computer>
      <Security UserID=""S-1-5-18""/>
    </System>
    <EventData>
      <Data Name=""RuleName"">DLL</Data>
      <Data Name=""UtcTime"">2023-12-27 22:39:03.300</Data>
      <Data Name=""ProcessGuid"">{f57bd86a-a785-658c-f701-000000000f00}</Data>
      <Data Name=""ProcessId"">10616</Data>
      <Data Name=""Image"">C:\Windows\System32\WindowsPowerShell\v1.0\powershell.exe</Data>
      <Data Name=""TargetFilename"">C:\Users\User\AppData\Local\Temp\ip3t1h3w.dll</Data>
      <Data Name=""CreationUtcTime"">2023-12-27 22:39:03.300</Data>
      <Data Name=""User"">WINDEV2309EVAL\User</Data>
    </EventData>
    <RenderingInfo Culture=""en-US"">
      <Message>File created:

RuleName: DLL

UtcTime: 2023-12-27 22:39:03.300

ProcessGuid: {f57bd86a-a785-658c-f701-000000000f00}

ProcessId: 10616

Image: C:\Windows\System32\WindowsPowerShell\v1.0\powershell.exe

TargetFilename: C:\Users\User\AppData\Local\Temp\ip3t1h3w.dll

CreationUtcTime: 2023-12-27 22:39:03.300

User: WINDEV2309EVAL\User</Message>
      <Level>Information</Level>
      <Task>File created (rule: FileCreate)</Task>
      <Opcode>Info</Opcode>
    </RenderingInfo>
  </Event>
  
"
Microsoft-Windows-Sysmon/Operational,,,WinDev2309Eval,2023-12-27 22:39:03.269,,,,11,19663,,,,C:\Windows\Microsoft.NET\Framework64\v4.0.30319\csc.exe,,0x8000000000000000,Information,,,"File created:

RuleName: T1053

UtcTime: 2023-12-27 22:39:03.269

ProcessGuid: {f57bd86a-a787-658c-f901-000000000f00}

ProcessId: 3912

Image: C:\Windows\Microsoft.NET\Framework64\v4.0.30319\csc.exe

TargetFilename: C:\Windows\System32\Tasks\readme.txt

CreationUtcTime: 2023-12-27 22:39:03.269

User: WINDEV2309EVAL\User",Info,,,,,,,{f57bd86a-a787-658c-f901-000000000f00},3588,3912,,,,,"
      ",T1053,2023-12-27T22:39:03.2819869Z,C:\Windows\System32\Tasks\readme.txt,,File created (rule: FileCreate),,5124,WINDEV2309EVAL\User,S-1-5-18,2023-12-27 22:39:03.269,2,"<Event xmlns=""http://schemas.microsoft.com/win/2004/08/events/event"">
    <System>
      <Provider Name=""Microsoft-Windows-Sysmon"" Guid=""{5770385f-c22a-43e0-bf4c-06f5698ffbd9}""/>
      <EventID>11</EventID>
      <Version>2</Version>
      <Level>4</Level>
      <Task>11</Task>
      <Opcode>0</Opcode>
      <Keywords>0x8000000000000000</Keywords>
      <TimeCreated SystemTime=""2023-12-27T22:39:03.2819869Z""/>
      <EventRecordID>19663</EventRecordID>
      <Correlation/>
      <Execution ProcessID=""3588"" ThreadID=""5124""/>
      <Channel>Microsoft-Windows-Sysmon/Operational</Channel>
      <Computer>WinDev2309Eval</Computer>
      <Security UserID=""S-1-5-18""/>
    </System>
    <EventData>
      <Data Name=""RuleName"">T1053</Data>
      <Data Name=""UtcTime"">2023-12-27 22:39:03.269</Data>
      <Data Name=""ProcessGuid"">{f57bd86a-a787-658c-f901-000000000f00}</Data>
      <Data Name=""ProcessId"">3912</Data>
      <Data Name=""Image"">C:\Windows\Microsoft.NET\Framework64\v4.0.30319\csc.exe</Data>
      <Data Name=""TargetFilename"">C:\Windows\System32\Tasks\readme.txt</Data>
      <Data Name=""CreationUtcTime"">2023-12-27 22:39:03.269</Data>
      <Data Name=""User"">WINDEV2309EVAL\User</Data>
    </EventData>
    <RenderingInfo Culture=""en-US"">
      <Message>File created:

RuleName: T1053

UtcTime: 2023-12-27 22:39:03.269

ProcessGuid: {f57bd86a-a787-658c-f901-000000000f00}

ProcessId: 3912

Image: C:\Windows\Microsoft.NET\Framework64\v4.0.30319\csc.exe

TargetFilename: C:\Windows\System32\Tasks\readme.txt

CreationUtcTime: 2023-12-27 22:39:03.269

User: WINDEV2309EVAL\User</Message>
      <Level>Information</Level>
      <Task>File created (rule: FileCreate)</Task>
      <Opcode>Info</Opcode>
    </RenderingInfo>
  </Event>
  
"
