Microsoft-Windows-Sysmon/Operational,"""powershell.exe"" & {# Import the required test harness function, Invoke-BuildAndInvokeInstallUtilAssembly
. \""""C:\AtomicRedTeam\atomics\T1218.004\src\InstallUtilTestHarness.ps1\""""

$InstallerAssemblyDir = \""""$Env:TEMP\\""""
$InstallerAssemblyFileName = \""""T1218.004.dll\""""
$InstallerAssemblyFullPath = Join-Path -Path $InstallerAssemblyDir -ChildPath $InstallerAssemblyFileName

$CommandLine = \""""/logfile= /logtoconsole=false /installtype=notransaction /action=install `\""""$InstallerAssemblyFullPath`\""""\""""
$ExpectedOutput = 'Constructor_Install_'

$TestArgs = @{
    OutputAssemblyDirectory = $InstallerAssemblyDir
    OutputAssemblyFileName = $InstallerAssemblyFileName
    InvocationMethod = 'Executable'
    CommandLine = $CommandLine
}

$ActualOutput = Invoke-BuildAndInvokeInstallUtilAssembly @TestArgs

if ($ActualOutput -ne $ExpectedOutput) {
    throw @\""""
InstallUtil Install method execution test failure. Installer assembly execution output did not match the expected output.
Expected: $ExpectedOutput
Actual: $ActualOutput
\""""@
}}",Microsoft Corporation,WinDev2309Eval,,C:\Users\User\AppData\Local\Temp\,Windows PowerShell,,1,19601,,10.0.22621.2506 (WinBuild.160101.0800),"MD5=2D1D70C92A419D9079B047954C611886,SHA256=C50057756CDB25D481CF2502ABCEF124F864C27618C5057468BFC6B82B2C4EDD,IMPHASH=E09C4F82A1DA13A09F4FF2E625FEBA20",C:\Windows\System32\WindowsPowerShell\v1.0\powershell.exe,Medium,0x8000000000000000,Information,{f57bd86a-36f9-658c-7bf8-020000000000},0x2f87b,"Process Create:

RuleName: -

UtcTime: 2023-12-27 22:38:48.991

ProcessGuid: {f57bd86a-a778-658c-d501-000000000f00}

ProcessId: 3840

Image: C:\Windows\System32\WindowsPowerShell\v1.0\powershell.exe

FileVersion: 10.0.22621.2506 (WinBuild.160101.0800)

Description: Windows PowerShell

Product: Microsoft® Windows® Operating System

Company: Microsoft Corporation

OriginalFileName: PowerShell.EXE

CommandLine: ""powershell.exe"" & {# Import the required test harness function, Invoke-BuildAndInvokeInstallUtilAssembly
. \""""C:\AtomicRedTeam\atomics\T1218.004\src\InstallUtilTestHarness.ps1\""""

$InstallerAssemblyDir = \""""$Env:TEMP\\""""
$InstallerAssemblyFileName = \""""T1218.004.dll\""""
$InstallerAssemblyFullPath = Join-Path -Path $InstallerAssemblyDir -ChildPath $InstallerAssemblyFileName

$CommandLine = \""""/logfile= /logtoconsole=false /installtype=notransaction /action=install `\""""$InstallerAssemblyFullPath`\""""\""""
$ExpectedOutput = 'Constructor_Install_'

$TestArgs = @{
    OutputAssemblyDirectory = $InstallerAssemblyDir
    OutputAssemblyFileName = $InstallerAssemblyFileName
    InvocationMethod = 'Executable'
    CommandLine = $CommandLine
}

$ActualOutput = Invoke-BuildAndInvokeInstallUtilAssembly @TestArgs

if ($ActualOutput -ne $ExpectedOutput) {
    throw @\""""
InstallUtil Install method execution test failure. Installer assembly execution output did not match the expected output.
Expected: $ExpectedOutput
Actual: $ActualOutput
\""""@
}}

CurrentDirectory: C:\Users\User\AppData\Local\Temp\

User: WINDEV2309EVAL\User

LogonGuid: {f57bd86a-36f9-658c-7bf8-020000000000}

LogonId: 0x2F87B

TerminalSessionId: 1

IntegrityLevel: Medium

Hashes: MD5=2D1D70C92A419D9079B047954C611886,SHA256=C50057756CDB25D481CF2502ABCEF124F864C27618C5057468BFC6B82B2C4EDD,IMPHASH=E09C4F82A1DA13A09F4FF2E625FEBA20

ParentProcessGuid: {00000000-0000-0000-0000-000000000000}

ParentProcessId: 1688

ParentImage: -

ParentCommandLine: -

ParentUser: -",Info,PowerShell.EXE,-,-,{00000000-0000-0000-0000-000000000000},1688,-,{f57bd86a-a778-658c-d501-000000000f00},3588,3840,Microsoft® Windows® Operating System,,,,"
      ",-,2023-12-27T22:38:48.9921332Z,,,Process Create (rule: ProcessCreate),1,5124,WINDEV2309EVAL\User,S-1-5-18,2023-12-27 22:38:48.991,5,"<Event xmlns=""http://schemas.microsoft.com/win/2004/08/events/event"">
    <System>
      <Provider Name=""Microsoft-Windows-Sysmon"" Guid=""{5770385f-c22a-43e0-bf4c-06f5698ffbd9}""/>
      <EventID>1</EventID>
      <Version>5</Version>
      <Level>4</Level>
      <Task>1</Task>
      <Opcode>0</Opcode>
      <Keywords>0x8000000000000000</Keywords>
      <TimeCreated SystemTime=""2023-12-27T22:38:48.9921332Z""/>
      <EventRecordID>19601</EventRecordID>
      <Correlation/>
      <Execution ProcessID=""3588"" ThreadID=""5124""/>
      <Channel>Microsoft-Windows-Sysmon/Operational</Channel>
      <Computer>WinDev2309Eval</Computer>
      <Security UserID=""S-1-5-18""/>
    </System>
    <EventData>
      <Data Name=""RuleName"">-</Data>
      <Data Name=""UtcTime"">2023-12-27 22:38:48.991</Data>
      <Data Name=""ProcessGuid"">{f57bd86a-a778-658c-d501-000000000f00}</Data>
      <Data Name=""ProcessId"">3840</Data>
      <Data Name=""Image"">C:\Windows\System32\WindowsPowerShell\v1.0\powershell.exe</Data>
      <Data Name=""FileVersion"">10.0.22621.2506 (WinBuild.160101.0800)</Data>
      <Data Name=""Description"">Windows PowerShell</Data>
      <Data Name=""Product"">Microsoft&#174; Windows&#174; Operating System</Data>
      <Data Name=""Company"">Microsoft Corporation</Data>
      <Data Name=""OriginalFileName"">PowerShell.EXE</Data>
      <Data Name=""CommandLine"">""powershell.exe"" &amp; {# Import the required test harness function, Invoke-BuildAndInvokeInstallUtilAssembly
. \""""C:\AtomicRedTeam\atomics\T1218.004\src\InstallUtilTestHarness.ps1\""""

$InstallerAssemblyDir = \""""$Env:TEMP\\""""
$InstallerAssemblyFileName = \""""T1218.004.dll\""""
$InstallerAssemblyFullPath = Join-Path -Path $InstallerAssemblyDir -ChildPath $InstallerAssemblyFileName

$CommandLine = \""""/logfile= /logtoconsole=false /installtype=notransaction /action=install `\""""$InstallerAssemblyFullPath`\""""\""""
$ExpectedOutput = 'Constructor_Install_'

$TestArgs = @{
    OutputAssemblyDirectory = $InstallerAssemblyDir
    OutputAssemblyFileName = $InstallerAssemblyFileName
    InvocationMethod = 'Executable'
    CommandLine = $CommandLine
}

$ActualOutput = Invoke-BuildAndInvokeInstallUtilAssembly @TestArgs

if ($ActualOutput -ne $ExpectedOutput) {
    throw @\""""
InstallUtil Install method execution test failure. Installer assembly execution output did not match the expected output.
Expected: $ExpectedOutput
Actual: $ActualOutput
\""""@
}}</Data>
      <Data Name=""CurrentDirectory"">C:\Users\User\AppData\Local\Temp\</Data>
      <Data Name=""User"">WINDEV2309EVAL\User</Data>
      <Data Name=""LogonGuid"">{f57bd86a-36f9-658c-7bf8-020000000000}</Data>
      <Data Name=""LogonId"">0x2f87b</Data>
      <Data Name=""TerminalSessionId"">1</Data>
      <Data Name=""IntegrityLevel"">Medium</Data>
      <Data Name=""Hashes"">MD5=2D1D70C92A419D9079B047954C611886,SHA256=C50057756CDB25D481CF2502ABCEF124F864C27618C5057468BFC6B82B2C4EDD,IMPHASH=E09C4F82A1DA13A09F4FF2E625FEBA20</Data>
      <Data Name=""ParentProcessGuid"">{00000000-0000-0000-0000-000000000000}</Data>
      <Data Name=""ParentProcessId"">1688</Data>
      <Data Name=""ParentImage"">-</Data>
      <Data Name=""ParentCommandLine"">-</Data>
      <Data Name=""ParentUser"">-</Data>
    </EventData>
    <RenderingInfo Culture=""en-US"">
      <Message>Process Create:

RuleName: -

UtcTime: 2023-12-27 22:38:48.991

ProcessGuid: {f57bd86a-a778-658c-d501-000000000f00}

ProcessId: 3840

Image: C:\Windows\System32\WindowsPowerShell\v1.0\powershell.exe

FileVersion: 10.0.22621.2506 (WinBuild.160101.0800)

Description: Windows PowerShell

Product: Microsoft&#174; Windows&#174; Operating System

Company: Microsoft Corporation

OriginalFileName: PowerShell.EXE

CommandLine: ""powershell.exe"" &amp; {# Import the required test harness function, Invoke-BuildAndInvokeInstallUtilAssembly
. \""""C:\AtomicRedTeam\atomics\T1218.004\src\InstallUtilTestHarness.ps1\""""

$InstallerAssemblyDir = \""""$Env:TEMP\\""""
$InstallerAssemblyFileName = \""""T1218.004.dll\""""
$InstallerAssemblyFullPath = Join-Path -Path $InstallerAssemblyDir -ChildPath $InstallerAssemblyFileName

$CommandLine = \""""/logfile= /logtoconsole=false /installtype=notransaction /action=install `\""""$InstallerAssemblyFullPath`\""""\""""
$ExpectedOutput = 'Constructor_Install_'

$TestArgs = @{
    OutputAssemblyDirectory = $InstallerAssemblyDir
    OutputAssemblyFileName = $InstallerAssemblyFileName
    InvocationMethod = 'Executable'
    CommandLine = $CommandLine
}

$ActualOutput = Invoke-BuildAndInvokeInstallUtilAssembly @TestArgs

if ($ActualOutput -ne $ExpectedOutput) {
    throw @\""""
InstallUtil Install method execution test failure. Installer assembly execution output did not match the expected output.
Expected: $ExpectedOutput
Actual: $ActualOutput
\""""@
}}

CurrentDirectory: C:\Users\User\AppData\Local\Temp\

User: WINDEV2309EVAL\User

LogonGuid: {f57bd86a-36f9-658c-7bf8-020000000000}

LogonId: 0x2F87B

TerminalSessionId: 1

IntegrityLevel: Medium

Hashes: MD5=2D1D70C92A419D9079B047954C611886,SHA256=C50057756CDB25D481CF2502ABCEF124F864C27618C5057468BFC6B82B2C4EDD,IMPHASH=E09C4F82A1DA13A09F4FF2E625FEBA20

ParentProcessGuid: {00000000-0000-0000-0000-000000000000}

ParentProcessId: 1688

ParentImage: -

ParentCommandLine: -

ParentUser: -</Message>
      <Level>Information</Level>
      <Task>Process Create (rule: ProcessCreate)</Task>
      <Opcode>Info</Opcode>
    </RenderingInfo>
  </Event>
  
"
Microsoft-Windows-Sysmon/Operational,"""C:\Windows\Microsoft.NET\Framework64\v4.0.30319\InstallUtil.exe"" /logfile= /logtoconsole=false C:\Users\User\AppData\Local\Temp\T1218.004.dll ",Microsoft Corporation,WinDev2309Eval,,C:\Users\User\AppData\Local\Temp\,.NET Framework installation utility,,1,19600,,4.8.9032.0 built by: NET481REL1,"MD5=A5E23E43D623F49DB9F53E7719B1BE50,SHA256=4F02DE543316367945FDFB89DAFEB3A50E6C1E54DF015AD1732C15962206B647,IMPHASH=00000000000000000000000000000000",C:\Windows\Microsoft.NET\Framework64\v4.0.30319\InstallUtil.exe,Medium,0x8000000000000000,Information,{f57bd86a-36f9-658c-7bf8-020000000000},0x2f87b,"Process Create:

RuleName: -

UtcTime: 2023-12-27 22:38:47.663

ProcessGuid: {f57bd86a-a777-658c-d401-000000000f00}

ProcessId: 10612

Image: C:\Windows\Microsoft.NET\Framework64\v4.0.30319\InstallUtil.exe

FileVersion: 4.8.9032.0 built by: NET481REL1

Description: .NET Framework installation utility

Product: Microsoft® .NET Framework

Company: Microsoft Corporation

OriginalFileName: InstallUtil.exe

CommandLine: ""C:\Windows\Microsoft.NET\Framework64\v4.0.30319\InstallUtil.exe"" /logfile= /logtoconsole=false C:\Users\User\AppData\Local\Temp\T1218.004.dll 

CurrentDirectory: C:\Users\User\AppData\Local\Temp\

User: WINDEV2309EVAL\User

LogonGuid: {f57bd86a-36f9-658c-7bf8-020000000000}

LogonId: 0x2F87B

TerminalSessionId: 1

IntegrityLevel: Medium

Hashes: MD5=A5E23E43D623F49DB9F53E7719B1BE50,SHA256=4F02DE543316367945FDFB89DAFEB3A50E6C1E54DF015AD1732C15962206B647,IMPHASH=00000000000000000000000000000000

ParentProcessGuid: {f57bd86a-a775-658c-ce01-000000000f00}

ParentProcessId: 2020

ParentImage: C:\Windows\System32\WindowsPowerShell\v1.0\powershell.exe

ParentCommandLine: ""powershell.exe"" & {# Import the required test harness function, Invoke-BuildAndInvokeInstallUtilAssembly
. \""""C:\AtomicRedTeam\atomics\T1218.004\src\InstallUtilTestHarness.ps1\""""

$InstallerAssemblyDir = \""""$Env:TEMP\\""""
$InstallerAssemblyFileName = \""""T1218.004.dll\""""
$InstallerAssemblyFullPath = Join-Path -Path $InstallerAssemblyDir -ChildPath $InstallerAssemblyFileName

$CommandLine = \""""/logfile= /logtoconsole=false `\""""$InstallerAssemblyFullPath`\""""\""""
$ExpectedOutput = 'Constructor_'

$TestArgs = @{
    OutputAssemblyDirectory = $InstallerAssemblyDir
    OutputAssemblyFileName = $InstallerAssemblyFileName
    InvocationMethod = 'Executable'
    CommandLine = $CommandLine
}

$ActualOutput = Invoke-BuildAndInvokeInstallUtilAssembly @TestArgs -MinimumViableAssembly

if ($ActualOutput -ne $ExpectedOutput) {
    throw @\""""
InstallUtil class constructor execution test failure. Installer assembly execution output did not match the expected output.
Expected: $ExpectedOutput
Actual: $ActualOutput
\""""@
}}

ParentUser: WINDEV2309EVAL\User",Info,InstallUtil.exe,"""powershell.exe"" & {# Import the required test harness function, Invoke-BuildAndInvokeInstallUtilAssembly
. \""""C:\AtomicRedTeam\atomics\T1218.004\src\InstallUtilTestHarness.ps1\""""

$InstallerAssemblyDir = \""""$Env:TEMP\\""""
$InstallerAssemblyFileName = \""""T1218.004.dll\""""
$InstallerAssemblyFullPath = Join-Path -Path $InstallerAssemblyDir -ChildPath $InstallerAssemblyFileName

$CommandLine = \""""/logfile= /logtoconsole=false `\""""$InstallerAssemblyFullPath`\""""\""""
$ExpectedOutput = 'Constructor_'

$TestArgs = @{
    OutputAssemblyDirectory = $InstallerAssemblyDir
    OutputAssemblyFileName = $InstallerAssemblyFileName
    InvocationMethod = 'Executable'
    CommandLine = $CommandLine
}

$ActualOutput = Invoke-BuildAndInvokeInstallUtilAssembly @TestArgs -MinimumViableAssembly

if ($ActualOutput -ne $ExpectedOutput) {
    throw @\""""
InstallUtil class constructor execution test failure. Installer assembly execution output did not match the expected output.
Expected: $ExpectedOutput
Actual: $ActualOutput
\""""@
}}",C:\Windows\System32\WindowsPowerShell\v1.0\powershell.exe,{f57bd86a-a775-658c-ce01-000000000f00},2020,WINDEV2309EVAL\User,{f57bd86a-a777-658c-d401-000000000f00},3588,10612,Microsoft® .NET Framework,,,,"
      ",-,2023-12-27T22:38:47.6649434Z,,,Process Create (rule: ProcessCreate),1,5124,WINDEV2309EVAL\User,S-1-5-18,2023-12-27 22:38:47.663,5,"<Event xmlns=""http://schemas.microsoft.com/win/2004/08/events/event"">
    <System>
      <Provider Name=""Microsoft-Windows-Sysmon"" Guid=""{5770385f-c22a-43e0-bf4c-06f5698ffbd9}""/>
      <EventID>1</EventID>
      <Version>5</Version>
      <Level>4</Level>
      <Task>1</Task>
      <Opcode>0</Opcode>
      <Keywords>0x8000000000000000</Keywords>
      <TimeCreated SystemTime=""2023-12-27T22:38:47.6649434Z""/>
      <EventRecordID>19600</EventRecordID>
      <Correlation/>
      <Execution ProcessID=""3588"" ThreadID=""5124""/>
      <Channel>Microsoft-Windows-Sysmon/Operational</Channel>
      <Computer>WinDev2309Eval</Computer>
      <Security UserID=""S-1-5-18""/>
    </System>
    <EventData>
      <Data Name=""RuleName"">-</Data>
      <Data Name=""UtcTime"">2023-12-27 22:38:47.663</Data>
      <Data Name=""ProcessGuid"">{f57bd86a-a777-658c-d401-000000000f00}</Data>
      <Data Name=""ProcessId"">10612</Data>
      <Data Name=""Image"">C:\Windows\Microsoft.NET\Framework64\v4.0.30319\InstallUtil.exe</Data>
      <Data Name=""FileVersion"">4.8.9032.0 built by: NET481REL1</Data>
      <Data Name=""Description"">.NET Framework installation utility</Data>
      <Data Name=""Product"">Microsoft&#174; .NET Framework</Data>
      <Data Name=""Company"">Microsoft Corporation</Data>
      <Data Name=""OriginalFileName"">InstallUtil.exe</Data>
      <Data Name=""CommandLine"">""C:\Windows\Microsoft.NET\Framework64\v4.0.30319\InstallUtil.exe"" /logfile= /logtoconsole=false C:\Users\User\AppData\Local\Temp\T1218.004.dll </Data>
      <Data Name=""CurrentDirectory"">C:\Users\User\AppData\Local\Temp\</Data>
      <Data Name=""User"">WINDEV2309EVAL\User</Data>
      <Data Name=""LogonGuid"">{f57bd86a-36f9-658c-7bf8-020000000000}</Data>
      <Data Name=""LogonId"">0x2f87b</Data>
      <Data Name=""TerminalSessionId"">1</Data>
      <Data Name=""IntegrityLevel"">Medium</Data>
      <Data Name=""Hashes"">MD5=A5E23E43D623F49DB9F53E7719B1BE50,SHA256=4F02DE543316367945FDFB89DAFEB3A50E6C1E54DF015AD1732C15962206B647,IMPHASH=00000000000000000000000000000000</Data>
      <Data Name=""ParentProcessGuid"">{f57bd86a-a775-658c-ce01-000000000f00}</Data>
      <Data Name=""ParentProcessId"">2020</Data>
      <Data Name=""ParentImage"">C:\Windows\System32\WindowsPowerShell\v1.0\powershell.exe</Data>
      <Data Name=""ParentCommandLine"">""powershell.exe"" &amp; {# Import the required test harness function, Invoke-BuildAndInvokeInstallUtilAssembly
. \""""C:\AtomicRedTeam\atomics\T1218.004\src\InstallUtilTestHarness.ps1\""""

$InstallerAssemblyDir = \""""$Env:TEMP\\""""
$InstallerAssemblyFileName = \""""T1218.004.dll\""""
$InstallerAssemblyFullPath = Join-Path -Path $InstallerAssemblyDir -ChildPath $InstallerAssemblyFileName

$CommandLine = \""""/logfile= /logtoconsole=false `\""""$InstallerAssemblyFullPath`\""""\""""
$ExpectedOutput = 'Constructor_'

$TestArgs = @{
    OutputAssemblyDirectory = $InstallerAssemblyDir
    OutputAssemblyFileName = $InstallerAssemblyFileName
    InvocationMethod = 'Executable'
    CommandLine = $CommandLine
}

$ActualOutput = Invoke-BuildAndInvokeInstallUtilAssembly @TestArgs -MinimumViableAssembly

if ($ActualOutput -ne $ExpectedOutput) {
    throw @\""""
InstallUtil class constructor execution test failure. Installer assembly execution output did not match the expected output.
Expected: $ExpectedOutput
Actual: $ActualOutput
\""""@
}}</Data>
      <Data Name=""ParentUser"">WINDEV2309EVAL\User</Data>
    </EventData>
    <RenderingInfo Culture=""en-US"">
      <Message>Process Create:

RuleName: -

UtcTime: 2023-12-27 22:38:47.663

ProcessGuid: {f57bd86a-a777-658c-d401-000000000f00}

ProcessId: 10612

Image: C:\Windows\Microsoft.NET\Framework64\v4.0.30319\InstallUtil.exe

FileVersion: 4.8.9032.0 built by: NET481REL1

Description: .NET Framework installation utility

Product: Microsoft&#174; .NET Framework

Company: Microsoft Corporation

OriginalFileName: InstallUtil.exe

CommandLine: ""C:\Windows\Microsoft.NET\Framework64\v4.0.30319\InstallUtil.exe"" /logfile= /logtoconsole=false C:\Users\User\AppData\Local\Temp\T1218.004.dll 

CurrentDirectory: C:\Users\User\AppData\Local\Temp\

User: WINDEV2309EVAL\User

LogonGuid: {f57bd86a-36f9-658c-7bf8-020000000000}

LogonId: 0x2F87B

TerminalSessionId: 1

IntegrityLevel: Medium

Hashes: MD5=A5E23E43D623F49DB9F53E7719B1BE50,SHA256=4F02DE543316367945FDFB89DAFEB3A50E6C1E54DF015AD1732C15962206B647,IMPHASH=00000000000000000000000000000000

ParentProcessGuid: {f57bd86a-a775-658c-ce01-000000000f00}

ParentProcessId: 2020

ParentImage: C:\Windows\System32\WindowsPowerShell\v1.0\powershell.exe

ParentCommandLine: ""powershell.exe"" &amp; {# Import the required test harness function, Invoke-BuildAndInvokeInstallUtilAssembly
. \""""C:\AtomicRedTeam\atomics\T1218.004\src\InstallUtilTestHarness.ps1\""""

$InstallerAssemblyDir = \""""$Env:TEMP\\""""
$InstallerAssemblyFileName = \""""T1218.004.dll\""""
$InstallerAssemblyFullPath = Join-Path -Path $InstallerAssemblyDir -ChildPath $InstallerAssemblyFileName

$CommandLine = \""""/logfile= /logtoconsole=false `\""""$InstallerAssemblyFullPath`\""""\""""
$ExpectedOutput = 'Constructor_'

$TestArgs = @{
    OutputAssemblyDirectory = $InstallerAssemblyDir
    OutputAssemblyFileName = $InstallerAssemblyFileName
    InvocationMethod = 'Executable'
    CommandLine = $CommandLine
}

$ActualOutput = Invoke-BuildAndInvokeInstallUtilAssembly @TestArgs -MinimumViableAssembly

if ($ActualOutput -ne $ExpectedOutput) {
    throw @\""""
InstallUtil class constructor execution test failure. Installer assembly execution output did not match the expected output.
Expected: $ExpectedOutput
Actual: $ActualOutput
\""""@
}}

ParentUser: WINDEV2309EVAL\User</Message>
      <Level>Information</Level>
      <Task>Process Create (rule: ProcessCreate)</Task>
      <Opcode>Info</Opcode>
    </RenderingInfo>
  </Event>
  
"
Microsoft-Windows-Sysmon/Operational,,,WinDev2309Eval,2023-12-27 22:38:47.432,,,,11,19599,,,,C:\Windows\Microsoft.NET\Framework64\v4.0.30319\csc.exe,,0x8000000000000000,Information,,,"File created:

RuleName: DLL

UtcTime: 2023-12-27 22:38:47.513

ProcessGuid: {f57bd86a-a777-658c-d201-000000000f00}

ProcessId: 6100

Image: C:\Windows\Microsoft.NET\Framework64\v4.0.30319\csc.exe

TargetFilename: C:\Users\User\AppData\Local\Temp\mnwhutmi.dll

CreationUtcTime: 2023-12-27 22:38:47.432

User: WINDEV2309EVAL\User",Info,,,,,,,{f57bd86a-a777-658c-d201-000000000f00},3588,6100,,,,,"
      ",DLL,2023-12-27T22:38:47.5165329Z,C:\Users\User\AppData\Local\Temp\mnwhutmi.dll,,File created (rule: FileCreate),,5124,WINDEV2309EVAL\User,S-1-5-18,2023-12-27 22:38:47.513,2,"<Event xmlns=""http://schemas.microsoft.com/win/2004/08/events/event"">
    <System>
      <Provider Name=""Microsoft-Windows-Sysmon"" Guid=""{5770385f-c22a-43e0-bf4c-06f5698ffbd9}""/>
      <EventID>11</EventID>
      <Version>2</Version>
      <Level>4</Level>
      <Task>11</Task>
      <Opcode>0</Opcode>
      <Keywords>0x8000000000000000</Keywords>
      <TimeCreated SystemTime=""2023-12-27T22:38:47.5165329Z""/>
      <EventRecordID>19599</EventRecordID>
      <Correlation/>
      <Execution ProcessID=""3588"" ThreadID=""5124""/>
      <Channel>Microsoft-Windows-Sysmon/Operational</Channel>
      <Computer>WinDev2309Eval</Computer>
      <Security UserID=""S-1-5-18""/>
    </System>
    <EventData>
      <Data Name=""RuleName"">DLL</Data>
      <Data Name=""UtcTime"">2023-12-27 22:38:47.513</Data>
      <Data Name=""ProcessGuid"">{f57bd86a-a777-658c-d201-000000000f00}</Data>
      <Data Name=""ProcessId"">6100</Data>
      <Data Name=""Image"">C:\Windows\Microsoft.NET\Framework64\v4.0.30319\csc.exe</Data>
      <Data Name=""TargetFilename"">C:\Users\User\AppData\Local\Temp\mnwhutmi.dll</Data>
      <Data Name=""CreationUtcTime"">2023-12-27 22:38:47.432</Data>
      <Data Name=""User"">WINDEV2309EVAL\User</Data>
    </EventData>
    <RenderingInfo Culture=""en-US"">
      <Message>File created:

RuleName: DLL

UtcTime: 2023-12-27 22:38:47.513

ProcessGuid: {f57bd86a-a777-658c-d201-000000000f00}

ProcessId: 6100

Image: C:\Windows\Microsoft.NET\Framework64\v4.0.30319\csc.exe

TargetFilename: C:\Users\User\AppData\Local\Temp\mnwhutmi.dll

CreationUtcTime: 2023-12-27 22:38:47.432

User: WINDEV2309EVAL\User</Message>
      <Level>Information</Level>
      <Task>File created (rule: FileCreate)</Task>
      <Opcode>Info</Opcode>
    </RenderingInfo>
  </Event>
  
"
Microsoft-Windows-Sysmon/Operational,"C:\Windows\Microsoft.NET\Framework64\v4.0.30319\cvtres.exe /NOLOGO /READONLY /MACHINE:IX86 ""/OUT:C:\Users\User\AppData\Local\Temp\RES6075.tmp"" ""c:\Users\User\AppData\Local\Temp\CSCF697730D1A1549CFB4298BE929791E.TMP""",Microsoft Corporation,WinDev2309Eval,,C:\Users\User\AppData\Local\Temp\,Microsoft® Resource File To COFF Object Conversion Utility,,1,19598,,14.32.31326.0,"MD5=8166CCB6A04B855AA918B36079C63B7D,SHA256=FD3EF1B4C91B2E85CCD05724A7CD527A3A27D7D549B0DCDB70D3D78BE120C560,IMPHASH=45A00F7304B8F089973962FBEF618959",C:\Windows\Microsoft.NET\Framework64\v4.0.30319\cvtres.exe,Medium,0x8000000000000000,Information,{f57bd86a-36f9-658c-7bf8-020000000000},0x2f87b,"Process Create:

RuleName: -

UtcTime: 2023-12-27 22:38:47.504

ProcessGuid: {f57bd86a-a777-658c-d301-000000000f00}

ProcessId: 9576

Image: C:\Windows\Microsoft.NET\Framework64\v4.0.30319\cvtres.exe

FileVersion: 14.32.31326.0

Description: Microsoft® Resource File To COFF Object Conversion Utility

Product: Microsoft® .NET Framework

Company: Microsoft Corporation

OriginalFileName: CVTRES.EXE

CommandLine: C:\Windows\Microsoft.NET\Framework64\v4.0.30319\cvtres.exe /NOLOGO /READONLY /MACHINE:IX86 ""/OUT:C:\Users\User\AppData\Local\Temp\RES6075.tmp"" ""c:\Users\User\AppData\Local\Temp\CSCF697730D1A1549CFB4298BE929791E.TMP""

CurrentDirectory: C:\Users\User\AppData\Local\Temp\

User: WINDEV2309EVAL\User

LogonGuid: {f57bd86a-36f9-658c-7bf8-020000000000}

LogonId: 0x2F87B

TerminalSessionId: 1

IntegrityLevel: Medium

Hashes: MD5=8166CCB6A04B855AA918B36079C63B7D,SHA256=FD3EF1B4C91B2E85CCD05724A7CD527A3A27D7D549B0DCDB70D3D78BE120C560,IMPHASH=45A00F7304B8F089973962FBEF618959

ParentProcessGuid: {f57bd86a-a777-658c-d201-000000000f00}

ParentProcessId: 6100

ParentImage: C:\Windows\Microsoft.NET\Framework64\v4.0.30319\csc.exe

ParentCommandLine: ""C:\Windows\Microsoft.NET\Framework64\v4.0.30319\csc.exe"" /noconfig /fullpaths @""C:\Users\User\AppData\Local\Temp\mnwhutmi.cmdline""

ParentUser: WINDEV2309EVAL\User",Info,CVTRES.EXE,"""C:\Windows\Microsoft.NET\Framework64\v4.0.30319\csc.exe"" /noconfig /fullpaths @""C:\Users\User\AppData\Local\Temp\mnwhutmi.cmdline""",C:\Windows\Microsoft.NET\Framework64\v4.0.30319\csc.exe,{f57bd86a-a777-658c-d201-000000000f00},6100,WINDEV2309EVAL\User,{f57bd86a-a777-658c-d301-000000000f00},3588,9576,Microsoft® .NET Framework,,,,"
      ",-,2023-12-27T22:38:47.5052737Z,,,Process Create (rule: ProcessCreate),1,5124,WINDEV2309EVAL\User,S-1-5-18,2023-12-27 22:38:47.504,5,"<Event xmlns=""http://schemas.microsoft.com/win/2004/08/events/event"">
    <System>
      <Provider Name=""Microsoft-Windows-Sysmon"" Guid=""{5770385f-c22a-43e0-bf4c-06f5698ffbd9}""/>
      <EventID>1</EventID>
      <Version>5</Version>
      <Level>4</Level>
      <Task>1</Task>
      <Opcode>0</Opcode>
      <Keywords>0x8000000000000000</Keywords>
      <TimeCreated SystemTime=""2023-12-27T22:38:47.5052737Z""/>
      <EventRecordID>19598</EventRecordID>
      <Correlation/>
      <Execution ProcessID=""3588"" ThreadID=""5124""/>
      <Channel>Microsoft-Windows-Sysmon/Operational</Channel>
      <Computer>WinDev2309Eval</Computer>
      <Security UserID=""S-1-5-18""/>
    </System>
    <EventData>
      <Data Name=""RuleName"">-</Data>
      <Data Name=""UtcTime"">2023-12-27 22:38:47.504</Data>
      <Data Name=""ProcessGuid"">{f57bd86a-a777-658c-d301-000000000f00}</Data>
      <Data Name=""ProcessId"">9576</Data>
      <Data Name=""Image"">C:\Windows\Microsoft.NET\Framework64\v4.0.30319\cvtres.exe</Data>
      <Data Name=""FileVersion"">14.32.31326.0</Data>
      <Data Name=""Description"">Microsoft&#174; Resource File To COFF Object Conversion Utility</Data>
      <Data Name=""Product"">Microsoft&#174; .NET Framework</Data>
      <Data Name=""Company"">Microsoft Corporation</Data>
      <Data Name=""OriginalFileName"">CVTRES.EXE</Data>
      <Data Name=""CommandLine"">C:\Windows\Microsoft.NET\Framework64\v4.0.30319\cvtres.exe /NOLOGO /READONLY /MACHINE:IX86 ""/OUT:C:\Users\User\AppData\Local\Temp\RES6075.tmp"" ""c:\Users\User\AppData\Local\Temp\CSCF697730D1A1549CFB4298BE929791E.TMP""</Data>
      <Data Name=""CurrentDirectory"">C:\Users\User\AppData\Local\Temp\</Data>
      <Data Name=""User"">WINDEV2309EVAL\User</Data>
      <Data Name=""LogonGuid"">{f57bd86a-36f9-658c-7bf8-020000000000}</Data>
      <Data Name=""LogonId"">0x2f87b</Data>
      <Data Name=""TerminalSessionId"">1</Data>
      <Data Name=""IntegrityLevel"">Medium</Data>
      <Data Name=""Hashes"">MD5=8166CCB6A04B855AA918B36079C63B7D,SHA256=FD3EF1B4C91B2E85CCD05724A7CD527A3A27D7D549B0DCDB70D3D78BE120C560,IMPHASH=45A00F7304B8F089973962FBEF618959</Data>
      <Data Name=""ParentProcessGuid"">{f57bd86a-a777-658c-d201-000000000f00}</Data>
      <Data Name=""ParentProcessId"">6100</Data>
      <Data Name=""ParentImage"">C:\Windows\Microsoft.NET\Framework64\v4.0.30319\csc.exe</Data>
      <Data Name=""ParentCommandLine"">""C:\Windows\Microsoft.NET\Framework64\v4.0.30319\csc.exe"" /noconfig /fullpaths @""C:\Users\User\AppData\Local\Temp\mnwhutmi.cmdline""</Data>
      <Data Name=""ParentUser"">WINDEV2309EVAL\User</Data>
    </EventData>
    <RenderingInfo Culture=""en-US"">
      <Message>Process Create:

RuleName: -

UtcTime: 2023-12-27 22:38:47.504

ProcessGuid: {f57bd86a-a777-658c-d301-000000000f00}

ProcessId: 9576

Image: C:\Windows\Microsoft.NET\Framework64\v4.0.30319\cvtres.exe

FileVersion: 14.32.31326.0

Description: Microsoft&#174; Resource File To COFF Object Conversion Utility

Product: Microsoft&#174; .NET Framework

Company: Microsoft Corporation

OriginalFileName: CVTRES.EXE

CommandLine: C:\Windows\Microsoft.NET\Framework64\v4.0.30319\cvtres.exe /NOLOGO /READONLY /MACHINE:IX86 ""/OUT:C:\Users\User\AppData\Local\Temp\RES6075.tmp"" ""c:\Users\User\AppData\Local\Temp\CSCF697730D1A1549CFB4298BE929791E.TMP""

CurrentDirectory: C:\Users\User\AppData\Local\Temp\

User: WINDEV2309EVAL\User

LogonGuid: {f57bd86a-36f9-658c-7bf8-020000000000}

LogonId: 0x2F87B

TerminalSessionId: 1

IntegrityLevel: Medium

Hashes: MD5=8166CCB6A04B855AA918B36079C63B7D,SHA256=FD3EF1B4C91B2E85CCD05724A7CD527A3A27D7D549B0DCDB70D3D78BE120C560,IMPHASH=45A00F7304B8F089973962FBEF618959

ParentProcessGuid: {f57bd86a-a777-658c-d201-000000000f00}

ParentProcessId: 6100

ParentImage: C:\Windows\Microsoft.NET\Framework64\v4.0.30319\csc.exe

ParentCommandLine: ""C:\Windows\Microsoft.NET\Framework64\v4.0.30319\csc.exe"" /noconfig /fullpaths @""C:\Users\User\AppData\Local\Temp\mnwhutmi.cmdline""

ParentUser: WINDEV2309EVAL\User</Message>
      <Level>Information</Level>
      <Task>Process Create (rule: ProcessCreate)</Task>
      <Opcode>Info</Opcode>
    </RenderingInfo>
  </Event>
  
"
Microsoft-Windows-Sysmon/Operational,"""C:\Windows\Microsoft.NET\Framework64\v4.0.30319\csc.exe"" /noconfig /fullpaths @""C:\Users\User\AppData\Local\Temp\mnwhutmi.cmdline""",Microsoft Corporation,WinDev2309Eval,,C:\Users\User\AppData\Local\Temp\,Visual C# Command Line Compiler,,1,19597,,4.8.9032.0 built by: NET481REL1,"MD5=0700180046633A40D24729AE8CACC158,SHA256=A725546BDE53F1AD533E74ABB01DD5ED5F07B171F5C284738DA88F6CE478CF5F,IMPHASH=2E6A9097FBA347A254DAC72662FE1259",C:\Windows\Microsoft.NET\Framework64\v4.0.30319\csc.exe,Medium,0x8000000000000000,Information,{f57bd86a-36f9-658c-7bf8-020000000000},0x2f87b,"Process Create:

RuleName: -

UtcTime: 2023-12-27 22:38:47.444

ProcessGuid: {f57bd86a-a777-658c-d201-000000000f00}

ProcessId: 6100

Image: C:\Windows\Microsoft.NET\Framework64\v4.0.30319\csc.exe

FileVersion: 4.8.9032.0 built by: NET481REL1

Description: Visual C# Command Line Compiler

Product: Microsoft® .NET Framework

Company: Microsoft Corporation

OriginalFileName: csc.exe

CommandLine: ""C:\Windows\Microsoft.NET\Framework64\v4.0.30319\csc.exe"" /noconfig /fullpaths @""C:\Users\User\AppData\Local\Temp\mnwhutmi.cmdline""

CurrentDirectory: C:\Users\User\AppData\Local\Temp\

User: WINDEV2309EVAL\User

LogonGuid: {f57bd86a-36f9-658c-7bf8-020000000000}

LogonId: 0x2F87B

TerminalSessionId: 1

IntegrityLevel: Medium

Hashes: MD5=0700180046633A40D24729AE8CACC158,SHA256=A725546BDE53F1AD533E74ABB01DD5ED5F07B171F5C284738DA88F6CE478CF5F,IMPHASH=2E6A9097FBA347A254DAC72662FE1259

ParentProcessGuid: {f57bd86a-a775-658c-ce01-000000000f00}

ParentProcessId: 2020

ParentImage: C:\Windows\System32\WindowsPowerShell\v1.0\powershell.exe

ParentCommandLine: ""powershell.exe"" & {# Import the required test harness function, Invoke-BuildAndInvokeInstallUtilAssembly
. \""""C:\AtomicRedTeam\atomics\T1218.004\src\InstallUtilTestHarness.ps1\""""

$InstallerAssemblyDir = \""""$Env:TEMP\\""""
$InstallerAssemblyFileName = \""""T1218.004.dll\""""
$InstallerAssemblyFullPath = Join-Path -Path $InstallerAssemblyDir -ChildPath $InstallerAssemblyFileName

$CommandLine = \""""/logfile= /logtoconsole=false `\""""$InstallerAssemblyFullPath`\""""\""""
$ExpectedOutput = 'Constructor_'

$TestArgs = @{
    OutputAssemblyDirectory = $InstallerAssemblyDir
    OutputAssemblyFileName = $InstallerAssemblyFileName
    InvocationMethod = 'Executable'
    CommandLine = $CommandLine
}

$ActualOutput = Invoke-BuildAndInvokeInstallUtilAssembly @TestArgs -MinimumViableAssembly

if ($ActualOutput -ne $ExpectedOutput) {
    throw @\""""
InstallUtil class constructor execution test failure. Installer assembly execution output did not match the expected output.
Expected: $ExpectedOutput
Actual: $ActualOutput
\""""@
}}

ParentUser: WINDEV2309EVAL\User",Info,csc.exe,"""powershell.exe"" & {# Import the required test harness function, Invoke-BuildAndInvokeInstallUtilAssembly
. \""""C:\AtomicRedTeam\atomics\T1218.004\src\InstallUtilTestHarness.ps1\""""

$InstallerAssemblyDir = \""""$Env:TEMP\\""""
$InstallerAssemblyFileName = \""""T1218.004.dll\""""
$InstallerAssemblyFullPath = Join-Path -Path $InstallerAssemblyDir -ChildPath $InstallerAssemblyFileName

$CommandLine = \""""/logfile= /logtoconsole=false `\""""$InstallerAssemblyFullPath`\""""\""""
$ExpectedOutput = 'Constructor_'

$TestArgs = @{
    OutputAssemblyDirectory = $InstallerAssemblyDir
    OutputAssemblyFileName = $InstallerAssemblyFileName
    InvocationMethod = 'Executable'
    CommandLine = $CommandLine
}

$ActualOutput = Invoke-BuildAndInvokeInstallUtilAssembly @TestArgs -MinimumViableAssembly

if ($ActualOutput -ne $ExpectedOutput) {
    throw @\""""
InstallUtil class constructor execution test failure. Installer assembly execution output did not match the expected output.
Expected: $ExpectedOutput
Actual: $ActualOutput
\""""@
}}",C:\Windows\System32\WindowsPowerShell\v1.0\powershell.exe,{f57bd86a-a775-658c-ce01-000000000f00},2020,WINDEV2309EVAL\User,{f57bd86a-a777-658c-d201-000000000f00},3588,6100,Microsoft® .NET Framework,,,,"
      ",-,2023-12-27T22:38:47.4459502Z,,,Process Create (rule: ProcessCreate),1,5124,WINDEV2309EVAL\User,S-1-5-18,2023-12-27 22:38:47.444,5,"<Event xmlns=""http://schemas.microsoft.com/win/2004/08/events/event"">
    <System>
      <Provider Name=""Microsoft-Windows-Sysmon"" Guid=""{5770385f-c22a-43e0-bf4c-06f5698ffbd9}""/>
      <EventID>1</EventID>
      <Version>5</Version>
      <Level>4</Level>
      <Task>1</Task>
      <Opcode>0</Opcode>
      <Keywords>0x8000000000000000</Keywords>
      <TimeCreated SystemTime=""2023-12-27T22:38:47.4459502Z""/>
      <EventRecordID>19597</EventRecordID>
      <Correlation/>
      <Execution ProcessID=""3588"" ThreadID=""5124""/>
      <Channel>Microsoft-Windows-Sysmon/Operational</Channel>
      <Computer>WinDev2309Eval</Computer>
      <Security UserID=""S-1-5-18""/>
    </System>
    <EventData>
      <Data Name=""RuleName"">-</Data>
      <Data Name=""UtcTime"">2023-12-27 22:38:47.444</Data>
      <Data Name=""ProcessGuid"">{f57bd86a-a777-658c-d201-000000000f00}</Data>
      <Data Name=""ProcessId"">6100</Data>
      <Data Name=""Image"">C:\Windows\Microsoft.NET\Framework64\v4.0.30319\csc.exe</Data>
      <Data Name=""FileVersion"">4.8.9032.0 built by: NET481REL1</Data>
      <Data Name=""Description"">Visual C# Command Line Compiler</Data>
      <Data Name=""Product"">Microsoft&#174; .NET Framework</Data>
      <Data Name=""Company"">Microsoft Corporation</Data>
      <Data Name=""OriginalFileName"">csc.exe</Data>
      <Data Name=""CommandLine"">""C:\Windows\Microsoft.NET\Framework64\v4.0.30319\csc.exe"" /noconfig /fullpaths @""C:\Users\User\AppData\Local\Temp\mnwhutmi.cmdline""</Data>
      <Data Name=""CurrentDirectory"">C:\Users\User\AppData\Local\Temp\</Data>
      <Data Name=""User"">WINDEV2309EVAL\User</Data>
      <Data Name=""LogonGuid"">{f57bd86a-36f9-658c-7bf8-020000000000}</Data>
      <Data Name=""LogonId"">0x2f87b</Data>
      <Data Name=""TerminalSessionId"">1</Data>
      <Data Name=""IntegrityLevel"">Medium</Data>
      <Data Name=""Hashes"">MD5=0700180046633A40D24729AE8CACC158,SHA256=A725546BDE53F1AD533E74ABB01DD5ED5F07B171F5C284738DA88F6CE478CF5F,IMPHASH=2E6A9097FBA347A254DAC72662FE1259</Data>
      <Data Name=""ParentProcessGuid"">{f57bd86a-a775-658c-ce01-000000000f00}</Data>
      <Data Name=""ParentProcessId"">2020</Data>
      <Data Name=""ParentImage"">C:\Windows\System32\WindowsPowerShell\v1.0\powershell.exe</Data>
      <Data Name=""ParentCommandLine"">""powershell.exe"" &amp; {# Import the required test harness function, Invoke-BuildAndInvokeInstallUtilAssembly
. \""""C:\AtomicRedTeam\atomics\T1218.004\src\InstallUtilTestHarness.ps1\""""

$InstallerAssemblyDir = \""""$Env:TEMP\\""""
$InstallerAssemblyFileName = \""""T1218.004.dll\""""
$InstallerAssemblyFullPath = Join-Path -Path $InstallerAssemblyDir -ChildPath $InstallerAssemblyFileName

$CommandLine = \""""/logfile= /logtoconsole=false `\""""$InstallerAssemblyFullPath`\""""\""""
$ExpectedOutput = 'Constructor_'

$TestArgs = @{
    OutputAssemblyDirectory = $InstallerAssemblyDir
    OutputAssemblyFileName = $InstallerAssemblyFileName
    InvocationMethod = 'Executable'
    CommandLine = $CommandLine
}

$ActualOutput = Invoke-BuildAndInvokeInstallUtilAssembly @TestArgs -MinimumViableAssembly

if ($ActualOutput -ne $ExpectedOutput) {
    throw @\""""
InstallUtil class constructor execution test failure. Installer assembly execution output did not match the expected output.
Expected: $ExpectedOutput
Actual: $ActualOutput
\""""@
}}</Data>
      <Data Name=""ParentUser"">WINDEV2309EVAL\User</Data>
    </EventData>
    <RenderingInfo Culture=""en-US"">
      <Message>Process Create:

RuleName: -

UtcTime: 2023-12-27 22:38:47.444

ProcessGuid: {f57bd86a-a777-658c-d201-000000000f00}

ProcessId: 6100

Image: C:\Windows\Microsoft.NET\Framework64\v4.0.30319\csc.exe

FileVersion: 4.8.9032.0 built by: NET481REL1

Description: Visual C# Command Line Compiler

Product: Microsoft&#174; .NET Framework

Company: Microsoft Corporation

OriginalFileName: csc.exe

CommandLine: ""C:\Windows\Microsoft.NET\Framework64\v4.0.30319\csc.exe"" /noconfig /fullpaths @""C:\Users\User\AppData\Local\Temp\mnwhutmi.cmdline""

CurrentDirectory: C:\Users\User\AppData\Local\Temp\

User: WINDEV2309EVAL\User

LogonGuid: {f57bd86a-36f9-658c-7bf8-020000000000}

LogonId: 0x2F87B

TerminalSessionId: 1

IntegrityLevel: Medium

Hashes: MD5=0700180046633A40D24729AE8CACC158,SHA256=A725546BDE53F1AD533E74ABB01DD5ED5F07B171F5C284738DA88F6CE478CF5F,IMPHASH=2E6A9097FBA347A254DAC72662FE1259

ParentProcessGuid: {f57bd86a-a775-658c-ce01-000000000f00}

ParentProcessId: 2020

ParentImage: C:\Windows\System32\WindowsPowerShell\v1.0\powershell.exe

ParentCommandLine: ""powershell.exe"" &amp; {# Import the required test harness function, Invoke-BuildAndInvokeInstallUtilAssembly
. \""""C:\AtomicRedTeam\atomics\T1218.004\src\InstallUtilTestHarness.ps1\""""

$InstallerAssemblyDir = \""""$Env:TEMP\\""""
$InstallerAssemblyFileName = \""""T1218.004.dll\""""
$InstallerAssemblyFullPath = Join-Path -Path $InstallerAssemblyDir -ChildPath $InstallerAssemblyFileName

$CommandLine = \""""/logfile= /logtoconsole=false `\""""$InstallerAssemblyFullPath`\""""\""""
$ExpectedOutput = 'Constructor_'

$TestArgs = @{
    OutputAssemblyDirectory = $InstallerAssemblyDir
    OutputAssemblyFileName = $InstallerAssemblyFileName
    InvocationMethod = 'Executable'
    CommandLine = $CommandLine
}

$ActualOutput = Invoke-BuildAndInvokeInstallUtilAssembly @TestArgs -MinimumViableAssembly

if ($ActualOutput -ne $ExpectedOutput) {
    throw @\""""
InstallUtil class constructor execution test failure. Installer assembly execution output did not match the expected output.
Expected: $ExpectedOutput
Actual: $ActualOutput
\""""@
}}

ParentUser: WINDEV2309EVAL\User</Message>
      <Level>Information</Level>
      <Task>Process Create (rule: ProcessCreate)</Task>
      <Opcode>Info</Opcode>
    </RenderingInfo>
  </Event>
  
"
Microsoft-Windows-Sysmon/Operational,,,WinDev2309Eval,2023-12-27 22:38:47.432,,,,11,19596,,,,C:\Windows\System32\WindowsPowerShell\v1.0\powershell.exe,,0x8000000000000000,Information,,,"File created:

RuleName: -

UtcTime: 2023-12-27 22:38:47.432

ProcessGuid: {f57bd86a-a775-658c-ce01-000000000f00}

ProcessId: 2020

Image: C:\Windows\System32\WindowsPowerShell\v1.0\powershell.exe

TargetFilename: C:\Users\User\AppData\Local\Temp\mnwhutmi.cmdline

CreationUtcTime: 2023-12-27 22:38:47.432

User: WINDEV2309EVAL\User",Info,,,,,,,{f57bd86a-a775-658c-ce01-000000000f00},3588,2020,,,,,"
      ",-,2023-12-27T22:38:47.4435099Z,C:\Users\User\AppData\Local\Temp\mnwhutmi.cmdline,,File created (rule: FileCreate),,5124,WINDEV2309EVAL\User,S-1-5-18,2023-12-27 22:38:47.432,2,"<Event xmlns=""http://schemas.microsoft.com/win/2004/08/events/event"">
    <System>
      <Provider Name=""Microsoft-Windows-Sysmon"" Guid=""{5770385f-c22a-43e0-bf4c-06f5698ffbd9}""/>
      <EventID>11</EventID>
      <Version>2</Version>
      <Level>4</Level>
      <Task>11</Task>
      <Opcode>0</Opcode>
      <Keywords>0x8000000000000000</Keywords>
      <TimeCreated SystemTime=""2023-12-27T22:38:47.4435099Z""/>
      <EventRecordID>19596</EventRecordID>
      <Correlation/>
      <Execution ProcessID=""3588"" ThreadID=""5124""/>
      <Channel>Microsoft-Windows-Sysmon/Operational</Channel>
      <Computer>WinDev2309Eval</Computer>
      <Security UserID=""S-1-5-18""/>
    </System>
    <EventData>
      <Data Name=""RuleName"">-</Data>
      <Data Name=""UtcTime"">2023-12-27 22:38:47.432</Data>
      <Data Name=""ProcessGuid"">{f57bd86a-a775-658c-ce01-000000000f00}</Data>
      <Data Name=""ProcessId"">2020</Data>
      <Data Name=""Image"">C:\Windows\System32\WindowsPowerShell\v1.0\powershell.exe</Data>
      <Data Name=""TargetFilename"">C:\Users\User\AppData\Local\Temp\mnwhutmi.cmdline</Data>
      <Data Name=""CreationUtcTime"">2023-12-27 22:38:47.432</Data>
      <Data Name=""User"">WINDEV2309EVAL\User</Data>
    </EventData>
    <RenderingInfo Culture=""en-US"">
      <Message>File created:

RuleName: -

UtcTime: 2023-12-27 22:38:47.432

ProcessGuid: {f57bd86a-a775-658c-ce01-000000000f00}

ProcessId: 2020

Image: C:\Windows\System32\WindowsPowerShell\v1.0\powershell.exe

TargetFilename: C:\Users\User\AppData\Local\Temp\mnwhutmi.cmdline

CreationUtcTime: 2023-12-27 22:38:47.432

User: WINDEV2309EVAL\User</Message>
      <Level>Information</Level>
      <Task>File created (rule: FileCreate)</Task>
      <Opcode>Info</Opcode>
    </RenderingInfo>
  </Event>
  
"
Microsoft-Windows-Sysmon/Operational,,,WinDev2309Eval,2023-12-27 22:38:47.432,,,,11,19595,,,,C:\Windows\System32\WindowsPowerShell\v1.0\powershell.exe,,0x8000000000000000,Information,,,"File created:

RuleName: DLL

UtcTime: 2023-12-27 22:38:47.432

ProcessGuid: {f57bd86a-a775-658c-ce01-000000000f00}

ProcessId: 2020

Image: C:\Windows\System32\WindowsPowerShell\v1.0\powershell.exe

TargetFilename: C:\Users\User\AppData\Local\Temp\mnwhutmi.dll

CreationUtcTime: 2023-12-27 22:38:47.432

User: WINDEV2309EVAL\User",Info,,,,,,,{f57bd86a-a775-658c-ce01-000000000f00},3588,2020,,,,,"
      ",DLL,2023-12-27T22:38:47.4431530Z,C:\Users\User\AppData\Local\Temp\mnwhutmi.dll,,File created (rule: FileCreate),,5124,WINDEV2309EVAL\User,S-1-5-18,2023-12-27 22:38:47.432,2,"<Event xmlns=""http://schemas.microsoft.com/win/2004/08/events/event"">
    <System>
      <Provider Name=""Microsoft-Windows-Sysmon"" Guid=""{5770385f-c22a-43e0-bf4c-06f5698ffbd9}""/>
      <EventID>11</EventID>
      <Version>2</Version>
      <Level>4</Level>
      <Task>11</Task>
      <Opcode>0</Opcode>
      <Keywords>0x8000000000000000</Keywords>
      <TimeCreated SystemTime=""2023-12-27T22:38:47.4431530Z""/>
      <EventRecordID>19595</EventRecordID>
      <Correlation/>
      <Execution ProcessID=""3588"" ThreadID=""5124""/>
      <Channel>Microsoft-Windows-Sysmon/Operational</Channel>
      <Computer>WinDev2309Eval</Computer>
      <Security UserID=""S-1-5-18""/>
    </System>
    <EventData>
      <Data Name=""RuleName"">DLL</Data>
      <Data Name=""UtcTime"">2023-12-27 22:38:47.432</Data>
      <Data Name=""ProcessGuid"">{f57bd86a-a775-658c-ce01-000000000f00}</Data>
      <Data Name=""ProcessId"">2020</Data>
      <Data Name=""Image"">C:\Windows\System32\WindowsPowerShell\v1.0\powershell.exe</Data>
      <Data Name=""TargetFilename"">C:\Users\User\AppData\Local\Temp\mnwhutmi.dll</Data>
      <Data Name=""CreationUtcTime"">2023-12-27 22:38:47.432</Data>
      <Data Name=""User"">WINDEV2309EVAL\User</Data>
    </EventData>
    <RenderingInfo Culture=""en-US"">
      <Message>File created:

RuleName: DLL

UtcTime: 2023-12-27 22:38:47.432

ProcessGuid: {f57bd86a-a775-658c-ce01-000000000f00}

ProcessId: 2020

Image: C:\Windows\System32\WindowsPowerShell\v1.0\powershell.exe

TargetFilename: C:\Users\User\AppData\Local\Temp\mnwhutmi.dll

CreationUtcTime: 2023-12-27 22:38:47.432

User: WINDEV2309EVAL\User</Message>
      <Level>Information</Level>
      <Task>File created (rule: FileCreate)</Task>
      <Opcode>Info</Opcode>
    </RenderingInfo>
  </Event>
  
"
Microsoft-Windows-Sysmon/Operational,,,WinDev2309Eval,2023-12-27 22:38:42.268,,,,11,19594,,,,C:\Windows\Microsoft.NET\Framework64\v4.0.30319\csc.exe,,0x8000000000000000,Information,,,"File created:

RuleName: DLL

UtcTime: 2023-12-27 22:38:47.416

ProcessGuid: {f57bd86a-a777-658c-d001-000000000f00}

ProcessId: 3824

Image: C:\Windows\Microsoft.NET\Framework64\v4.0.30319\csc.exe

TargetFilename: C:\Users\User\AppData\Local\Temp\T1218.004.dll

CreationUtcTime: 2023-12-27 22:38:42.268

User: WINDEV2309EVAL\User",Info,,,,,,,{f57bd86a-a777-658c-d001-000000000f00},3588,3824,,,,,"
      ",DLL,2023-12-27T22:38:47.4194419Z,C:\Users\User\AppData\Local\Temp\T1218.004.dll,,File created (rule: FileCreate),,5124,WINDEV2309EVAL\User,S-1-5-18,2023-12-27 22:38:47.416,2,"<Event xmlns=""http://schemas.microsoft.com/win/2004/08/events/event"">
    <System>
      <Provider Name=""Microsoft-Windows-Sysmon"" Guid=""{5770385f-c22a-43e0-bf4c-06f5698ffbd9}""/>
      <EventID>11</EventID>
      <Version>2</Version>
      <Level>4</Level>
      <Task>11</Task>
      <Opcode>0</Opcode>
      <Keywords>0x8000000000000000</Keywords>
      <TimeCreated SystemTime=""2023-12-27T22:38:47.4194419Z""/>
      <EventRecordID>19594</EventRecordID>
      <Correlation/>
      <Execution ProcessID=""3588"" ThreadID=""5124""/>
      <Channel>Microsoft-Windows-Sysmon/Operational</Channel>
      <Computer>WinDev2309Eval</Computer>
      <Security UserID=""S-1-5-18""/>
    </System>
    <EventData>
      <Data Name=""RuleName"">DLL</Data>
      <Data Name=""UtcTime"">2023-12-27 22:38:47.416</Data>
      <Data Name=""ProcessGuid"">{f57bd86a-a777-658c-d001-000000000f00}</Data>
      <Data Name=""ProcessId"">3824</Data>
      <Data Name=""Image"">C:\Windows\Microsoft.NET\Framework64\v4.0.30319\csc.exe</Data>
      <Data Name=""TargetFilename"">C:\Users\User\AppData\Local\Temp\T1218.004.dll</Data>
      <Data Name=""CreationUtcTime"">2023-12-27 22:38:42.268</Data>
      <Data Name=""User"">WINDEV2309EVAL\User</Data>
    </EventData>
    <RenderingInfo Culture=""en-US"">
      <Message>File created:

RuleName: DLL

UtcTime: 2023-12-27 22:38:47.416

ProcessGuid: {f57bd86a-a777-658c-d001-000000000f00}

ProcessId: 3824

Image: C:\Windows\Microsoft.NET\Framework64\v4.0.30319\csc.exe

TargetFilename: C:\Users\User\AppData\Local\Temp\T1218.004.dll

CreationUtcTime: 2023-12-27 22:38:42.268

User: WINDEV2309EVAL\User</Message>
      <Level>Information</Level>
      <Task>File created (rule: FileCreate)</Task>
      <Opcode>Info</Opcode>
    </RenderingInfo>
  </Event>
  
"
