Microsoft-Windows-Sysmon/Operational,,,WinDev2309Eval,,,,,,,,,c:\users\user\appdata\local\gotoassist remote support expert\1702\g2ax_comm_expert.exe,13,19657,SetValue,,,C:\Windows\system32\compattelrunner.exe,,,0x8000000000000000,Information,,,"Registry value set:

RuleName: InvDB-Path

EventType: SetValue

UtcTime: 2023-12-27 23:00:29.009

ProcessGuid: {f57bd86a-ac8b-658c-d301-000000000f00}

ProcessId: 1336

Image: C:\Windows\system32\compattelrunner.exe

TargetObject: \REGISTRY\A\{b3b14332-edc6-625a-c682-62677f6d06d4}\Root\InventoryApplicationFile\g2ax_comm_expert|b555a53a2bf1a91e\LowerCaseLongPath

Details: c:\users\user\appdata\local\gotoassist remote support expert\1702\g2ax_comm_expert.exe

User: NT AUTHORITY\SYSTEM",Info,,,,,,,,{f57bd86a-ac8b-658c-d301-000000000f00},3588,1336,,,,,,"
      ",InvDB-Path,,,,,,2023-12-27T23:00:29.0197444Z,,\REGISTRY\A\{b3b14332-edc6-625a-c682-62677f6d06d4}\Root\InventoryApplicationFile\g2ax_comm_expert|b555a53a2bf1a91e\LowerCaseLongPath,Registry value set (rule: RegistryEvent),,5124,NT AUTHORITY\SYSTEM,S-1-5-18,2023-12-27 23:00:29.009,2,"<Event xmlns=""http://schemas.microsoft.com/win/2004/08/events/event"">
    <System>
      <Provider Name=""Microsoft-Windows-Sysmon"" Guid=""{5770385f-c22a-43e0-bf4c-06f5698ffbd9}""/>
      <EventID>13</EventID>
      <Version>2</Version>
      <Level>4</Level>
      <Task>13</Task>
      <Opcode>0</Opcode>
      <Keywords>0x8000000000000000</Keywords>
      <TimeCreated SystemTime=""2023-12-27T23:00:29.0197444Z""/>
      <EventRecordID>19657</EventRecordID>
      <Correlation/>
      <Execution ProcessID=""3588"" ThreadID=""5124""/>
      <Channel>Microsoft-Windows-Sysmon/Operational</Channel>
      <Computer>WinDev2309Eval</Computer>
      <Security UserID=""S-1-5-18""/>
    </System>
    <EventData>
      <Data Name=""RuleName"">InvDB-Path</Data>
      <Data Name=""EventType"">SetValue</Data>
      <Data Name=""UtcTime"">2023-12-27 23:00:29.009</Data>
      <Data Name=""ProcessGuid"">{f57bd86a-ac8b-658c-d301-000000000f00}</Data>
      <Data Name=""ProcessId"">1336</Data>
      <Data Name=""Image"">C:\Windows\system32\compattelrunner.exe</Data>
      <Data Name=""TargetObject"">\REGISTRY\A\{b3b14332-edc6-625a-c682-62677f6d06d4}\Root\InventoryApplicationFile\g2ax_comm_expert|b555a53a2bf1a91e\LowerCaseLongPath</Data>
      <Data Name=""Details"">c:\users\user\appdata\local\gotoassist remote support expert\1702\g2ax_comm_expert.exe</Data>
      <Data Name=""User"">NT AUTHORITY\SYSTEM</Data>
    </EventData>
    <RenderingInfo Culture=""en-US"">
      <Message>Registry value set:

RuleName: InvDB-Path

EventType: SetValue

UtcTime: 2023-12-27 23:00:29.009

ProcessGuid: {f57bd86a-ac8b-658c-d301-000000000f00}

ProcessId: 1336

Image: C:\Windows\system32\compattelrunner.exe

TargetObject: \REGISTRY\A\{b3b14332-edc6-625a-c682-62677f6d06d4}\Root\InventoryApplicationFile\g2ax_comm_expert|b555a53a2bf1a91e\LowerCaseLongPath

Details: c:\users\user\appdata\local\gotoassist remote support expert\1702\g2ax_comm_expert.exe

User: NT AUTHORITY\SYSTEM</Message>
      <Level>Information</Level>
      <Task>Registry value set (rule: RegistryEvent)</Task>
      <Opcode>Info</Opcode>
    </RenderingInfo>
  </Event>
  
"
Microsoft-Windows-Sysmon/Operational,,,WinDev2309Eval,,,,,,,,,(Empty),13,19656,SetValue,,,C:\Windows\system32\compattelrunner.exe,,,0x8000000000000000,Information,,,"Registry value set:

RuleName: InvDB-Pub

EventType: SetValue

UtcTime: 2023-12-27 23:00:29.009

ProcessGuid: {f57bd86a-ac8b-658c-d301-000000000f00}

ProcessId: 1336

Image: C:\Windows\system32\compattelrunner.exe

TargetObject: \REGISTRY\A\{b3b14332-edc6-625a-c682-62677f6d06d4}\Root\InventoryApplication\0000e20fccdf2abf845fffad679a06530b180000ffff\Publisher

Details: (Empty)

User: NT AUTHORITY\SYSTEM",Info,,,,,,,,{f57bd86a-ac8b-658c-d301-000000000f00},3588,1336,,,,,,"
      ",InvDB-Pub,,,,,,2023-12-27T23:00:29.0190987Z,,\REGISTRY\A\{b3b14332-edc6-625a-c682-62677f6d06d4}\Root\InventoryApplication\0000e20fccdf2abf845fffad679a06530b180000ffff\Publisher,Registry value set (rule: RegistryEvent),,5124,NT AUTHORITY\SYSTEM,S-1-5-18,2023-12-27 23:00:29.009,2,"<Event xmlns=""http://schemas.microsoft.com/win/2004/08/events/event"">
    <System>
      <Provider Name=""Microsoft-Windows-Sysmon"" Guid=""{5770385f-c22a-43e0-bf4c-06f5698ffbd9}""/>
      <EventID>13</EventID>
      <Version>2</Version>
      <Level>4</Level>
      <Task>13</Task>
      <Opcode>0</Opcode>
      <Keywords>0x8000000000000000</Keywords>
      <TimeCreated SystemTime=""2023-12-27T23:00:29.0190987Z""/>
      <EventRecordID>19656</EventRecordID>
      <Correlation/>
      <Execution ProcessID=""3588"" ThreadID=""5124""/>
      <Channel>Microsoft-Windows-Sysmon/Operational</Channel>
      <Computer>WinDev2309Eval</Computer>
      <Security UserID=""S-1-5-18""/>
    </System>
    <EventData>
      <Data Name=""RuleName"">InvDB-Pub</Data>
      <Data Name=""EventType"">SetValue</Data>
      <Data Name=""UtcTime"">2023-12-27 23:00:29.009</Data>
      <Data Name=""ProcessGuid"">{f57bd86a-ac8b-658c-d301-000000000f00}</Data>
      <Data Name=""ProcessId"">1336</Data>
      <Data Name=""Image"">C:\Windows\system32\compattelrunner.exe</Data>
      <Data Name=""TargetObject"">\REGISTRY\A\{b3b14332-edc6-625a-c682-62677f6d06d4}\Root\InventoryApplication\0000e20fccdf2abf845fffad679a06530b180000ffff\Publisher</Data>
      <Data Name=""Details"">(Empty)</Data>
      <Data Name=""User"">NT AUTHORITY\SYSTEM</Data>
    </EventData>
    <RenderingInfo Culture=""en-US"">
      <Message>Registry value set:

RuleName: InvDB-Pub

EventType: SetValue

UtcTime: 2023-12-27 23:00:29.009

ProcessGuid: {f57bd86a-ac8b-658c-d301-000000000f00}

ProcessId: 1336

Image: C:\Windows\system32\compattelrunner.exe

TargetObject: \REGISTRY\A\{b3b14332-edc6-625a-c682-62677f6d06d4}\Root\InventoryApplication\0000e20fccdf2abf845fffad679a06530b180000ffff\Publisher

Details: (Empty)

User: NT AUTHORITY\SYSTEM</Message>
      <Level>Information</Level>
      <Task>Registry value set (rule: RegistryEvent)</Task>
      <Opcode>Info</Opcode>
    </RenderingInfo>
  </Event>
  
"
Microsoft-Windows-Sysmon/Operational,,,WinDev2309Eval,,,,,,,,,"LogMeIn, Inc.",13,19655,SetValue,,,C:\Users\User\AppData\Local\Temp\LogMeInInc\GoToAssist Remote Support Expert\1702\g2a9177.tmp\g2ax_installerexpert.exe,,,0x8000000000000000,Information,,,"Registry value set:

RuleName: InvDB-Pub

EventType: SetValue

UtcTime: 2023-12-27 23:00:29.009

ProcessGuid: {f57bd86a-ac8c-658c-d501-000000000f00}

ProcessId: 11244

Image: C:\Users\User\AppData\Local\Temp\LogMeInInc\GoToAssist Remote Support Expert\1702\g2a9177.tmp\g2ax_installerexpert.exe

TargetObject: HKU\S-1-5-21-2835251196-2691927458-378326815-1000\Software\Microsoft\Windows\CurrentVersion\Uninstall\GoToAssist Remote Support Expert\Publisher

Details: LogMeIn, Inc.

User: WINDEV2309EVAL\User",Info,,,,,,,,{f57bd86a-ac8c-658c-d501-000000000f00},3588,11244,,,,,,"
      ",InvDB-Pub,,,,,,2023-12-27T23:00:29.0134269Z,,HKU\S-1-5-21-2835251196-2691927458-378326815-1000\Software\Microsoft\Windows\CurrentVersion\Uninstall\GoToAssist Remote Support Expert\Publisher,Registry value set (rule: RegistryEvent),,5124,WINDEV2309EVAL\User,S-1-5-18,2023-12-27 23:00:29.009,2,"<Event xmlns=""http://schemas.microsoft.com/win/2004/08/events/event"">
    <System>
      <Provider Name=""Microsoft-Windows-Sysmon"" Guid=""{5770385f-c22a-43e0-bf4c-06f5698ffbd9}""/>
      <EventID>13</EventID>
      <Version>2</Version>
      <Level>4</Level>
      <Task>13</Task>
      <Opcode>0</Opcode>
      <Keywords>0x8000000000000000</Keywords>
      <TimeCreated SystemTime=""2023-12-27T23:00:29.0134269Z""/>
      <EventRecordID>19655</EventRecordID>
      <Correlation/>
      <Execution ProcessID=""3588"" ThreadID=""5124""/>
      <Channel>Microsoft-Windows-Sysmon/Operational</Channel>
      <Computer>WinDev2309Eval</Computer>
      <Security UserID=""S-1-5-18""/>
    </System>
    <EventData>
      <Data Name=""RuleName"">InvDB-Pub</Data>
      <Data Name=""EventType"">SetValue</Data>
      <Data Name=""UtcTime"">2023-12-27 23:00:29.009</Data>
      <Data Name=""ProcessGuid"">{f57bd86a-ac8c-658c-d501-000000000f00}</Data>
      <Data Name=""ProcessId"">11244</Data>
      <Data Name=""Image"">C:\Users\User\AppData\Local\Temp\LogMeInInc\GoToAssist Remote Support Expert\1702\g2a9177.tmp\g2ax_installerexpert.exe</Data>
      <Data Name=""TargetObject"">HKU\S-1-5-21-2835251196-2691927458-378326815-1000\Software\Microsoft\Windows\CurrentVersion\Uninstall\GoToAssist Remote Support Expert\Publisher</Data>
      <Data Name=""Details"">LogMeIn, Inc.</Data>
      <Data Name=""User"">WINDEV2309EVAL\User</Data>
    </EventData>
    <RenderingInfo Culture=""en-US"">
      <Message>Registry value set:

RuleName: InvDB-Pub

EventType: SetValue

UtcTime: 2023-12-27 23:00:29.009

ProcessGuid: {f57bd86a-ac8c-658c-d501-000000000f00}

ProcessId: 11244

Image: C:\Users\User\AppData\Local\Temp\LogMeInInc\GoToAssist Remote Support Expert\1702\g2a9177.tmp\g2ax_installerexpert.exe

TargetObject: HKU\S-1-5-21-2835251196-2691927458-378326815-1000\Software\Microsoft\Windows\CurrentVersion\Uninstall\GoToAssist Remote Support Expert\Publisher

Details: LogMeIn, Inc.

User: WINDEV2309EVAL\User</Message>
      <Level>Information</Level>
      <Task>Registry value set (rule: RegistryEvent)</Task>
      <Opcode>Info</Opcode>
    </RenderingInfo>
  </Event>
  
"
Microsoft-Windows-Sysmon/Operational,,,WinDev2309Eval,2023-12-27 23:00:28.896,,,,,,,,,11,19654,,,,C:\Users\User\AppData\Local\Temp\LogMeInInc\GoToAssist Remote Support Expert\1702\g2a9177.tmp\g2ax_installerexpert.exe,,,0x8000000000000000,Information,,,"File created:

RuleName: DLL

UtcTime: 2023-12-27 23:00:28.896

ProcessGuid: {f57bd86a-ac8c-658c-d501-000000000f00}

ProcessId: 11244

Image: C:\Users\User\AppData\Local\Temp\LogMeInInc\GoToAssist Remote Support Expert\1702\g2a9177.tmp\g2ax_installerexpert.exe

TargetFilename: C:\Users\User\AppData\Local\GoToAssist Remote Support Expert\1702\g2ax_expert_resource_win32_x86_pt.dll

CreationUtcTime: 2023-12-27 23:00:28.896

User: WINDEV2309EVAL\User",Info,,,,,,,,{f57bd86a-ac8c-658c-d501-000000000f00},3588,11244,,,,,,"
      ",DLL,,,,,,2023-12-27T23:00:28.9100180Z,C:\Users\User\AppData\Local\GoToAssist Remote Support Expert\1702\g2ax_expert_resource_win32_x86_pt.dll,,File created (rule: FileCreate),,5124,WINDEV2309EVAL\User,S-1-5-18,2023-12-27 23:00:28.896,2,"<Event xmlns=""http://schemas.microsoft.com/win/2004/08/events/event"">
    <System>
      <Provider Name=""Microsoft-Windows-Sysmon"" Guid=""{5770385f-c22a-43e0-bf4c-06f5698ffbd9}""/>
      <EventID>11</EventID>
      <Version>2</Version>
      <Level>4</Level>
      <Task>11</Task>
      <Opcode>0</Opcode>
      <Keywords>0x8000000000000000</Keywords>
      <TimeCreated SystemTime=""2023-12-27T23:00:28.9100180Z""/>
      <EventRecordID>19654</EventRecordID>
      <Correlation/>
      <Execution ProcessID=""3588"" ThreadID=""5124""/>
      <Channel>Microsoft-Windows-Sysmon/Operational</Channel>
      <Computer>WinDev2309Eval</Computer>
      <Security UserID=""S-1-5-18""/>
    </System>
    <EventData>
      <Data Name=""RuleName"">DLL</Data>
      <Data Name=""UtcTime"">2023-12-27 23:00:28.896</Data>
      <Data Name=""ProcessGuid"">{f57bd86a-ac8c-658c-d501-000000000f00}</Data>
      <Data Name=""ProcessId"">11244</Data>
      <Data Name=""Image"">C:\Users\User\AppData\Local\Temp\LogMeInInc\GoToAssist Remote Support Expert\1702\g2a9177.tmp\g2ax_installerexpert.exe</Data>
      <Data Name=""TargetFilename"">C:\Users\User\AppData\Local\GoToAssist Remote Support Expert\1702\g2ax_expert_resource_win32_x86_pt.dll</Data>
      <Data Name=""CreationUtcTime"">2023-12-27 23:00:28.896</Data>
      <Data Name=""User"">WINDEV2309EVAL\User</Data>
    </EventData>
    <RenderingInfo Culture=""en-US"">
      <Message>File created:

RuleName: DLL

UtcTime: 2023-12-27 23:00:28.896

ProcessGuid: {f57bd86a-ac8c-658c-d501-000000000f00}

ProcessId: 11244

Image: C:\Users\User\AppData\Local\Temp\LogMeInInc\GoToAssist Remote Support Expert\1702\g2a9177.tmp\g2ax_installerexpert.exe

TargetFilename: C:\Users\User\AppData\Local\GoToAssist Remote Support Expert\1702\g2ax_expert_resource_win32_x86_pt.dll

CreationUtcTime: 2023-12-27 23:00:28.896

User: WINDEV2309EVAL\User</Message>
      <Level>Information</Level>
      <Task>File created (rule: FileCreate)</Task>
      <Opcode>Info</Opcode>
    </RenderingInfo>
  </Event>
  
"
Microsoft-Windows-Sysmon/Operational,,,WinDev2309Eval,2023-12-27 23:00:28.864,,,,,,,,,11,19653,,,,C:\Users\User\AppData\Local\Temp\LogMeInInc\GoToAssist Remote Support Expert\1702\g2a9177.tmp\g2ax_installerexpert.exe,,,0x8000000000000000,Information,,,"File created:

RuleName: DLL

UtcTime: 2023-12-27 23:00:28.864

ProcessGuid: {f57bd86a-ac8c-658c-d501-000000000f00}

ProcessId: 11244

Image: C:\Users\User\AppData\Local\Temp\LogMeInInc\GoToAssist Remote Support Expert\1702\g2a9177.tmp\g2ax_installerexpert.exe

TargetFilename: C:\Users\User\AppData\Local\GoToAssist Remote Support Expert\1702\g2ax_expert_resource_win32_x86_it.dll

CreationUtcTime: 2023-12-27 23:00:28.864

User: WINDEV2309EVAL\User",Info,,,,,,,,{f57bd86a-ac8c-658c-d501-000000000f00},3588,11244,,,,,,"
      ",DLL,,,,,,2023-12-27T23:00:28.8784559Z,C:\Users\User\AppData\Local\GoToAssist Remote Support Expert\1702\g2ax_expert_resource_win32_x86_it.dll,,File created (rule: FileCreate),,5124,WINDEV2309EVAL\User,S-1-5-18,2023-12-27 23:00:28.864,2,"<Event xmlns=""http://schemas.microsoft.com/win/2004/08/events/event"">
    <System>
      <Provider Name=""Microsoft-Windows-Sysmon"" Guid=""{5770385f-c22a-43e0-bf4c-06f5698ffbd9}""/>
      <EventID>11</EventID>
      <Version>2</Version>
      <Level>4</Level>
      <Task>11</Task>
      <Opcode>0</Opcode>
      <Keywords>0x8000000000000000</Keywords>
      <TimeCreated SystemTime=""2023-12-27T23:00:28.8784559Z""/>
      <EventRecordID>19653</EventRecordID>
      <Correlation/>
      <Execution ProcessID=""3588"" ThreadID=""5124""/>
      <Channel>Microsoft-Windows-Sysmon/Operational</Channel>
      <Computer>WinDev2309Eval</Computer>
      <Security UserID=""S-1-5-18""/>
    </System>
    <EventData>
      <Data Name=""RuleName"">DLL</Data>
      <Data Name=""UtcTime"">2023-12-27 23:00:28.864</Data>
      <Data Name=""ProcessGuid"">{f57bd86a-ac8c-658c-d501-000000000f00}</Data>
      <Data Name=""ProcessId"">11244</Data>
      <Data Name=""Image"">C:\Users\User\AppData\Local\Temp\LogMeInInc\GoToAssist Remote Support Expert\1702\g2a9177.tmp\g2ax_installerexpert.exe</Data>
      <Data Name=""TargetFilename"">C:\Users\User\AppData\Local\GoToAssist Remote Support Expert\1702\g2ax_expert_resource_win32_x86_it.dll</Data>
      <Data Name=""CreationUtcTime"">2023-12-27 23:00:28.864</Data>
      <Data Name=""User"">WINDEV2309EVAL\User</Data>
    </EventData>
    <RenderingInfo Culture=""en-US"">
      <Message>File created:

RuleName: DLL

UtcTime: 2023-12-27 23:00:28.864

ProcessGuid: {f57bd86a-ac8c-658c-d501-000000000f00}

ProcessId: 11244

Image: C:\Users\User\AppData\Local\Temp\LogMeInInc\GoToAssist Remote Support Expert\1702\g2a9177.tmp\g2ax_installerexpert.exe

TargetFilename: C:\Users\User\AppData\Local\GoToAssist Remote Support Expert\1702\g2ax_expert_resource_win32_x86_it.dll

CreationUtcTime: 2023-12-27 23:00:28.864

User: WINDEV2309EVAL\User</Message>
      <Level>Information</Level>
      <Task>File created (rule: FileCreate)</Task>
      <Opcode>Info</Opcode>
    </RenderingInfo>
  </Event>
  
"
Microsoft-Windows-Sysmon/Operational,,,WinDev2309Eval,2023-12-27 23:00:28.829,,,,,,,,,11,19652,,,,C:\Users\User\AppData\Local\Temp\LogMeInInc\GoToAssist Remote Support Expert\1702\g2a9177.tmp\g2ax_installerexpert.exe,,,0x8000000000000000,Information,,,"File created:

RuleName: DLL

UtcTime: 2023-12-27 23:00:28.829

ProcessGuid: {f57bd86a-ac8c-658c-d501-000000000f00}

ProcessId: 11244

Image: C:\Users\User\AppData\Local\Temp\LogMeInInc\GoToAssist Remote Support Expert\1702\g2a9177.tmp\g2ax_installerexpert.exe

TargetFilename: C:\Users\User\AppData\Local\GoToAssist Remote Support Expert\1702\g2ax_expert_resource_win32_x86_fr.dll

CreationUtcTime: 2023-12-27 23:00:28.829

User: WINDEV2309EVAL\User",Info,,,,,,,,{f57bd86a-ac8c-658c-d501-000000000f00},3588,11244,,,,,,"
      ",DLL,,,,,,2023-12-27T23:00:28.8333934Z,C:\Users\User\AppData\Local\GoToAssist Remote Support Expert\1702\g2ax_expert_resource_win32_x86_fr.dll,,File created (rule: FileCreate),,5124,WINDEV2309EVAL\User,S-1-5-18,2023-12-27 23:00:28.829,2,"<Event xmlns=""http://schemas.microsoft.com/win/2004/08/events/event"">
    <System>
      <Provider Name=""Microsoft-Windows-Sysmon"" Guid=""{5770385f-c22a-43e0-bf4c-06f5698ffbd9}""/>
      <EventID>11</EventID>
      <Version>2</Version>
      <Level>4</Level>
      <Task>11</Task>
      <Opcode>0</Opcode>
      <Keywords>0x8000000000000000</Keywords>
      <TimeCreated SystemTime=""2023-12-27T23:00:28.8333934Z""/>
      <EventRecordID>19652</EventRecordID>
      <Correlation/>
      <Execution ProcessID=""3588"" ThreadID=""5124""/>
      <Channel>Microsoft-Windows-Sysmon/Operational</Channel>
      <Computer>WinDev2309Eval</Computer>
      <Security UserID=""S-1-5-18""/>
    </System>
    <EventData>
      <Data Name=""RuleName"">DLL</Data>
      <Data Name=""UtcTime"">2023-12-27 23:00:28.829</Data>
      <Data Name=""ProcessGuid"">{f57bd86a-ac8c-658c-d501-000000000f00}</Data>
      <Data Name=""ProcessId"">11244</Data>
      <Data Name=""Image"">C:\Users\User\AppData\Local\Temp\LogMeInInc\GoToAssist Remote Support Expert\1702\g2a9177.tmp\g2ax_installerexpert.exe</Data>
      <Data Name=""TargetFilename"">C:\Users\User\AppData\Local\GoToAssist Remote Support Expert\1702\g2ax_expert_resource_win32_x86_fr.dll</Data>
      <Data Name=""CreationUtcTime"">2023-12-27 23:00:28.829</Data>
      <Data Name=""User"">WINDEV2309EVAL\User</Data>
    </EventData>
    <RenderingInfo Culture=""en-US"">
      <Message>File created:

RuleName: DLL

UtcTime: 2023-12-27 23:00:28.829

ProcessGuid: {f57bd86a-ac8c-658c-d501-000000000f00}

ProcessId: 11244

Image: C:\Users\User\AppData\Local\Temp\LogMeInInc\GoToAssist Remote Support Expert\1702\g2a9177.tmp\g2ax_installerexpert.exe

TargetFilename: C:\Users\User\AppData\Local\GoToAssist Remote Support Expert\1702\g2ax_expert_resource_win32_x86_fr.dll

CreationUtcTime: 2023-12-27 23:00:28.829

User: WINDEV2309EVAL\User</Message>
      <Level>Information</Level>
      <Task>File created (rule: FileCreate)</Task>
      <Opcode>Info</Opcode>
    </RenderingInfo>
  </Event>
  
"
Microsoft-Windows-Sysmon/Operational,,,WinDev2309Eval,2023-12-27 23:00:28.798,,,,,,,,,11,19651,,,,C:\Users\User\AppData\Local\Temp\LogMeInInc\GoToAssist Remote Support Expert\1702\g2a9177.tmp\g2ax_installerexpert.exe,,,0x8000000000000000,Information,,,"File created:

RuleName: DLL

UtcTime: 2023-12-27 23:00:28.798

ProcessGuid: {f57bd86a-ac8c-658c-d501-000000000f00}

ProcessId: 11244

Image: C:\Users\User\AppData\Local\Temp\LogMeInInc\GoToAssist Remote Support Expert\1702\g2a9177.tmp\g2ax_installerexpert.exe

TargetFilename: C:\Users\User\AppData\Local\GoToAssist Remote Support Expert\1702\g2ax_expert_resource_win32_x86_es.dll

CreationUtcTime: 2023-12-27 23:00:28.798

User: WINDEV2309EVAL\User",Info,,,,,,,,{f57bd86a-ac8c-658c-d501-000000000f00},3588,11244,,,,,,"
      ",DLL,,,,,,2023-12-27T23:00:28.8048549Z,C:\Users\User\AppData\Local\GoToAssist Remote Support Expert\1702\g2ax_expert_resource_win32_x86_es.dll,,File created (rule: FileCreate),,5124,WINDEV2309EVAL\User,S-1-5-18,2023-12-27 23:00:28.798,2,"<Event xmlns=""http://schemas.microsoft.com/win/2004/08/events/event"">
    <System>
      <Provider Name=""Microsoft-Windows-Sysmon"" Guid=""{5770385f-c22a-43e0-bf4c-06f5698ffbd9}""/>
      <EventID>11</EventID>
      <Version>2</Version>
      <Level>4</Level>
      <Task>11</Task>
      <Opcode>0</Opcode>
      <Keywords>0x8000000000000000</Keywords>
      <TimeCreated SystemTime=""2023-12-27T23:00:28.8048549Z""/>
      <EventRecordID>19651</EventRecordID>
      <Correlation/>
      <Execution ProcessID=""3588"" ThreadID=""5124""/>
      <Channel>Microsoft-Windows-Sysmon/Operational</Channel>
      <Computer>WinDev2309Eval</Computer>
      <Security UserID=""S-1-5-18""/>
    </System>
    <EventData>
      <Data Name=""RuleName"">DLL</Data>
      <Data Name=""UtcTime"">2023-12-27 23:00:28.798</Data>
      <Data Name=""ProcessGuid"">{f57bd86a-ac8c-658c-d501-000000000f00}</Data>
      <Data Name=""ProcessId"">11244</Data>
      <Data Name=""Image"">C:\Users\User\AppData\Local\Temp\LogMeInInc\GoToAssist Remote Support Expert\1702\g2a9177.tmp\g2ax_installerexpert.exe</Data>
      <Data Name=""TargetFilename"">C:\Users\User\AppData\Local\GoToAssist Remote Support Expert\1702\g2ax_expert_resource_win32_x86_es.dll</Data>
      <Data Name=""CreationUtcTime"">2023-12-27 23:00:28.798</Data>
      <Data Name=""User"">WINDEV2309EVAL\User</Data>
    </EventData>
    <RenderingInfo Culture=""en-US"">
      <Message>File created:

RuleName: DLL

UtcTime: 2023-12-27 23:00:28.798

ProcessGuid: {f57bd86a-ac8c-658c-d501-000000000f00}

ProcessId: 11244

Image: C:\Users\User\AppData\Local\Temp\LogMeInInc\GoToAssist Remote Support Expert\1702\g2a9177.tmp\g2ax_installerexpert.exe

TargetFilename: C:\Users\User\AppData\Local\GoToAssist Remote Support Expert\1702\g2ax_expert_resource_win32_x86_es.dll

CreationUtcTime: 2023-12-27 23:00:28.798

User: WINDEV2309EVAL\User</Message>
      <Level>Information</Level>
      <Task>File created (rule: FileCreate)</Task>
      <Opcode>Info</Opcode>
    </RenderingInfo>
  </Event>
  
"
Microsoft-Windows-Sysmon/Operational,,,WinDev2309Eval,2023-12-27 23:00:28.767,,,,,,,,,11,19650,,,,C:\Users\User\AppData\Local\Temp\LogMeInInc\GoToAssist Remote Support Expert\1702\g2a9177.tmp\g2ax_installerexpert.exe,,,0x8000000000000000,Information,,,"File created:

RuleName: DLL

UtcTime: 2023-12-27 23:00:28.767

ProcessGuid: {f57bd86a-ac8c-658c-d501-000000000f00}

ProcessId: 11244

Image: C:\Users\User\AppData\Local\Temp\LogMeInInc\GoToAssist Remote Support Expert\1702\g2a9177.tmp\g2ax_installerexpert.exe

TargetFilename: C:\Users\User\AppData\Local\GoToAssist Remote Support Expert\1702\g2ax_expert_resource_win32_x86_en_US.dll

CreationUtcTime: 2023-12-27 23:00:28.767

User: WINDEV2309EVAL\User",Info,,,,,,,,{f57bd86a-ac8c-658c-d501-000000000f00},3588,11244,,,,,,"
      ",DLL,,,,,,2023-12-27T23:00:28.7729849Z,C:\Users\User\AppData\Local\GoToAssist Remote Support Expert\1702\g2ax_expert_resource_win32_x86_en_US.dll,,File created (rule: FileCreate),,5124,WINDEV2309EVAL\User,S-1-5-18,2023-12-27 23:00:28.767,2,"<Event xmlns=""http://schemas.microsoft.com/win/2004/08/events/event"">
    <System>
      <Provider Name=""Microsoft-Windows-Sysmon"" Guid=""{5770385f-c22a-43e0-bf4c-06f5698ffbd9}""/>
      <EventID>11</EventID>
      <Version>2</Version>
      <Level>4</Level>
      <Task>11</Task>
      <Opcode>0</Opcode>
      <Keywords>0x8000000000000000</Keywords>
      <TimeCreated SystemTime=""2023-12-27T23:00:28.7729849Z""/>
      <EventRecordID>19650</EventRecordID>
      <Correlation/>
      <Execution ProcessID=""3588"" ThreadID=""5124""/>
      <Channel>Microsoft-Windows-Sysmon/Operational</Channel>
      <Computer>WinDev2309Eval</Computer>
      <Security UserID=""S-1-5-18""/>
    </System>
    <EventData>
      <Data Name=""RuleName"">DLL</Data>
      <Data Name=""UtcTime"">2023-12-27 23:00:28.767</Data>
      <Data Name=""ProcessGuid"">{f57bd86a-ac8c-658c-d501-000000000f00}</Data>
      <Data Name=""ProcessId"">11244</Data>
      <Data Name=""Image"">C:\Users\User\AppData\Local\Temp\LogMeInInc\GoToAssist Remote Support Expert\1702\g2a9177.tmp\g2ax_installerexpert.exe</Data>
      <Data Name=""TargetFilename"">C:\Users\User\AppData\Local\GoToAssist Remote Support Expert\1702\g2ax_expert_resource_win32_x86_en_US.dll</Data>
      <Data Name=""CreationUtcTime"">2023-12-27 23:00:28.767</Data>
      <Data Name=""User"">WINDEV2309EVAL\User</Data>
    </EventData>
    <RenderingInfo Culture=""en-US"">
      <Message>File created:

RuleName: DLL

UtcTime: 2023-12-27 23:00:28.767

ProcessGuid: {f57bd86a-ac8c-658c-d501-000000000f00}

ProcessId: 11244

Image: C:\Users\User\AppData\Local\Temp\LogMeInInc\GoToAssist Remote Support Expert\1702\g2a9177.tmp\g2ax_installerexpert.exe

TargetFilename: C:\Users\User\AppData\Local\GoToAssist Remote Support Expert\1702\g2ax_expert_resource_win32_x86_en_US.dll

CreationUtcTime: 2023-12-27 23:00:28.767

User: WINDEV2309EVAL\User</Message>
      <Level>Information</Level>
      <Task>File created (rule: FileCreate)</Task>
      <Opcode>Info</Opcode>
    </RenderingInfo>
  </Event>
  
"
Microsoft-Windows-Sysmon/Operational,,,WinDev2309Eval,2023-12-27 23:00:28.735,,,,,,,,,11,19649,,,,C:\Users\User\AppData\Local\Temp\LogMeInInc\GoToAssist Remote Support Expert\1702\g2a9177.tmp\g2ax_installerexpert.exe,,,0x8000000000000000,Information,,,"File created:

RuleName: DLL

UtcTime: 2023-12-27 23:00:28.735

ProcessGuid: {f57bd86a-ac8c-658c-d501-000000000f00}

ProcessId: 11244

Image: C:\Users\User\AppData\Local\Temp\LogMeInInc\GoToAssist Remote Support Expert\1702\g2a9177.tmp\g2ax_installerexpert.exe

TargetFilename: C:\Users\User\AppData\Local\GoToAssist Remote Support Expert\1702\g2ax_expert_resource_win32_x86_de.dll

CreationUtcTime: 2023-12-27 23:00:28.735

User: WINDEV2309EVAL\User",Info,,,,,,,,{f57bd86a-ac8c-658c-d501-000000000f00},3588,11244,,,,,,"
      ",DLL,,,,,,2023-12-27T23:00:28.7450474Z,C:\Users\User\AppData\Local\GoToAssist Remote Support Expert\1702\g2ax_expert_resource_win32_x86_de.dll,,File created (rule: FileCreate),,5124,WINDEV2309EVAL\User,S-1-5-18,2023-12-27 23:00:28.735,2,"<Event xmlns=""http://schemas.microsoft.com/win/2004/08/events/event"">
    <System>
      <Provider Name=""Microsoft-Windows-Sysmon"" Guid=""{5770385f-c22a-43e0-bf4c-06f5698ffbd9}""/>
      <EventID>11</EventID>
      <Version>2</Version>
      <Level>4</Level>
      <Task>11</Task>
      <Opcode>0</Opcode>
      <Keywords>0x8000000000000000</Keywords>
      <TimeCreated SystemTime=""2023-12-27T23:00:28.7450474Z""/>
      <EventRecordID>19649</EventRecordID>
      <Correlation/>
      <Execution ProcessID=""3588"" ThreadID=""5124""/>
      <Channel>Microsoft-Windows-Sysmon/Operational</Channel>
      <Computer>WinDev2309Eval</Computer>
      <Security UserID=""S-1-5-18""/>
    </System>
    <EventData>
      <Data Name=""RuleName"">DLL</Data>
      <Data Name=""UtcTime"">2023-12-27 23:00:28.735</Data>
      <Data Name=""ProcessGuid"">{f57bd86a-ac8c-658c-d501-000000000f00}</Data>
      <Data Name=""ProcessId"">11244</Data>
      <Data Name=""Image"">C:\Users\User\AppData\Local\Temp\LogMeInInc\GoToAssist Remote Support Expert\1702\g2a9177.tmp\g2ax_installerexpert.exe</Data>
      <Data Name=""TargetFilename"">C:\Users\User\AppData\Local\GoToAssist Remote Support Expert\1702\g2ax_expert_resource_win32_x86_de.dll</Data>
      <Data Name=""CreationUtcTime"">2023-12-27 23:00:28.735</Data>
      <Data Name=""User"">WINDEV2309EVAL\User</Data>
    </EventData>
    <RenderingInfo Culture=""en-US"">
      <Message>File created:

RuleName: DLL

UtcTime: 2023-12-27 23:00:28.735

ProcessGuid: {f57bd86a-ac8c-658c-d501-000000000f00}

ProcessId: 11244

Image: C:\Users\User\AppData\Local\Temp\LogMeInInc\GoToAssist Remote Support Expert\1702\g2a9177.tmp\g2ax_installerexpert.exe

TargetFilename: C:\Users\User\AppData\Local\GoToAssist Remote Support Expert\1702\g2ax_expert_resource_win32_x86_de.dll

CreationUtcTime: 2023-12-27 23:00:28.735

User: WINDEV2309EVAL\User</Message>
      <Level>Information</Level>
      <Task>File created (rule: FileCreate)</Task>
      <Opcode>Info</Opcode>
    </RenderingInfo>
  </Event>
  
"
Microsoft-Windows-Sysmon/Operational,,,WinDev2309Eval,2023-12-27 23:00:28.735,,,,,,,,,11,19648,,,,C:\Users\User\AppData\Local\Temp\LogMeInInc\GoToAssist Remote Support Expert\1702\g2a9177.tmp\g2ax_installerexpert.exe,,,0x8000000000000000,Information,,,"File created:

RuleName: EXE

UtcTime: 2023-12-27 23:00:28.735

ProcessGuid: {f57bd86a-ac8c-658c-d501-000000000f00}

ProcessId: 11244

Image: C:\Users\User\AppData\Local\Temp\LogMeInInc\GoToAssist Remote Support Expert\1702\g2a9177.tmp\g2ax_installerexpert.exe

TargetFilename: C:\Users\User\AppData\Local\GoToAssist Remote Support Expert\1702\g2ax_session_expert.exe

CreationUtcTime: 2023-12-27 23:00:28.735

User: WINDEV2309EVAL\User",Info,,,,,,,,{f57bd86a-ac8c-658c-d501-000000000f00},3588,11244,,,,,,"
      ",EXE,,,,,,2023-12-27T23:00:28.7425103Z,C:\Users\User\AppData\Local\GoToAssist Remote Support Expert\1702\g2ax_session_expert.exe,,File created (rule: FileCreate),,5124,WINDEV2309EVAL\User,S-1-5-18,2023-12-27 23:00:28.735,2,"<Event xmlns=""http://schemas.microsoft.com/win/2004/08/events/event"">
    <System>
      <Provider Name=""Microsoft-Windows-Sysmon"" Guid=""{5770385f-c22a-43e0-bf4c-06f5698ffbd9}""/>
      <EventID>11</EventID>
      <Version>2</Version>
      <Level>4</Level>
      <Task>11</Task>
      <Opcode>0</Opcode>
      <Keywords>0x8000000000000000</Keywords>
      <TimeCreated SystemTime=""2023-12-27T23:00:28.7425103Z""/>
      <EventRecordID>19648</EventRecordID>
      <Correlation/>
      <Execution ProcessID=""3588"" ThreadID=""5124""/>
      <Channel>Microsoft-Windows-Sysmon/Operational</Channel>
      <Computer>WinDev2309Eval</Computer>
      <Security UserID=""S-1-5-18""/>
    </System>
    <EventData>
      <Data Name=""RuleName"">EXE</Data>
      <Data Name=""UtcTime"">2023-12-27 23:00:28.735</Data>
      <Data Name=""ProcessGuid"">{f57bd86a-ac8c-658c-d501-000000000f00}</Data>
      <Data Name=""ProcessId"">11244</Data>
      <Data Name=""Image"">C:\Users\User\AppData\Local\Temp\LogMeInInc\GoToAssist Remote Support Expert\1702\g2a9177.tmp\g2ax_installerexpert.exe</Data>
      <Data Name=""TargetFilename"">C:\Users\User\AppData\Local\GoToAssist Remote Support Expert\1702\g2ax_session_expert.exe</Data>
      <Data Name=""CreationUtcTime"">2023-12-27 23:00:28.735</Data>
      <Data Name=""User"">WINDEV2309EVAL\User</Data>
    </EventData>
    <RenderingInfo Culture=""en-US"">
      <Message>File created:

RuleName: EXE

UtcTime: 2023-12-27 23:00:28.735

ProcessGuid: {f57bd86a-ac8c-658c-d501-000000000f00}

ProcessId: 11244

Image: C:\Users\User\AppData\Local\Temp\LogMeInInc\GoToAssist Remote Support Expert\1702\g2a9177.tmp\g2ax_installerexpert.exe

TargetFilename: C:\Users\User\AppData\Local\GoToAssist Remote Support Expert\1702\g2ax_session_expert.exe

CreationUtcTime: 2023-12-27 23:00:28.735

User: WINDEV2309EVAL\User</Message>
      <Level>Information</Level>
      <Task>File created (rule: FileCreate)</Task>
      <Opcode>Info</Opcode>
    </RenderingInfo>
  </Event>
  
"
Microsoft-Windows-Sysmon/Operational,,,WinDev2309Eval,2023-12-27 23:00:28.735,,,,,,,,,11,19647,,,,C:\Users\User\AppData\Local\Temp\LogMeInInc\GoToAssist Remote Support Expert\1702\g2a9177.tmp\g2ax_installerexpert.exe,,,0x8000000000000000,Information,,,"File created:

RuleName: EXE

UtcTime: 2023-12-27 23:00:28.735

ProcessGuid: {f57bd86a-ac8c-658c-d501-000000000f00}

ProcessId: 11244

Image: C:\Users\User\AppData\Local\Temp\LogMeInInc\GoToAssist Remote Support Expert\1702\g2a9177.tmp\g2ax_installerexpert.exe

TargetFilename: C:\Users\User\AppData\Local\GoToAssist Remote Support Expert\1702\g2ax_user_expert.exe

CreationUtcTime: 2023-12-27 23:00:28.735

User: WINDEV2309EVAL\User",Info,,,,,,,,{f57bd86a-ac8c-658c-d501-000000000f00},3588,11244,,,,,,"
      ",EXE,,,,,,2023-12-27T23:00:28.7399451Z,C:\Users\User\AppData\Local\GoToAssist Remote Support Expert\1702\g2ax_user_expert.exe,,File created (rule: FileCreate),,5124,WINDEV2309EVAL\User,S-1-5-18,2023-12-27 23:00:28.735,2,"<Event xmlns=""http://schemas.microsoft.com/win/2004/08/events/event"">
    <System>
      <Provider Name=""Microsoft-Windows-Sysmon"" Guid=""{5770385f-c22a-43e0-bf4c-06f5698ffbd9}""/>
      <EventID>11</EventID>
      <Version>2</Version>
      <Level>4</Level>
      <Task>11</Task>
      <Opcode>0</Opcode>
      <Keywords>0x8000000000000000</Keywords>
      <TimeCreated SystemTime=""2023-12-27T23:00:28.7399451Z""/>
      <EventRecordID>19647</EventRecordID>
      <Correlation/>
      <Execution ProcessID=""3588"" ThreadID=""5124""/>
      <Channel>Microsoft-Windows-Sysmon/Operational</Channel>
      <Computer>WinDev2309Eval</Computer>
      <Security UserID=""S-1-5-18""/>
    </System>
    <EventData>
      <Data Name=""RuleName"">EXE</Data>
      <Data Name=""UtcTime"">2023-12-27 23:00:28.735</Data>
      <Data Name=""ProcessGuid"">{f57bd86a-ac8c-658c-d501-000000000f00}</Data>
      <Data Name=""ProcessId"">11244</Data>
      <Data Name=""Image"">C:\Users\User\AppData\Local\Temp\LogMeInInc\GoToAssist Remote Support Expert\1702\g2a9177.tmp\g2ax_installerexpert.exe</Data>
      <Data Name=""TargetFilename"">C:\Users\User\AppData\Local\GoToAssist Remote Support Expert\1702\g2ax_user_expert.exe</Data>
      <Data Name=""CreationUtcTime"">2023-12-27 23:00:28.735</Data>
      <Data Name=""User"">WINDEV2309EVAL\User</Data>
    </EventData>
    <RenderingInfo Culture=""en-US"">
      <Message>File created:

RuleName: EXE

UtcTime: 2023-12-27 23:00:28.735

ProcessGuid: {f57bd86a-ac8c-658c-d501-000000000f00}

ProcessId: 11244

Image: C:\Users\User\AppData\Local\Temp\LogMeInInc\GoToAssist Remote Support Expert\1702\g2a9177.tmp\g2ax_installerexpert.exe

TargetFilename: C:\Users\User\AppData\Local\GoToAssist Remote Support Expert\1702\g2ax_user_expert.exe

CreationUtcTime: 2023-12-27 23:00:28.735

User: WINDEV2309EVAL\User</Message>
      <Level>Information</Level>
      <Task>File created (rule: FileCreate)</Task>
      <Opcode>Info</Opcode>
    </RenderingInfo>
  </Event>
  
"
Microsoft-Windows-Sysmon/Operational,,,WinDev2309Eval,2023-12-27 23:00:28.735,,,,,,,,,11,19646,,,,C:\Users\User\AppData\Local\Temp\LogMeInInc\GoToAssist Remote Support Expert\1702\g2a9177.tmp\g2ax_installerexpert.exe,,,0x8000000000000000,Information,,,"File created:

RuleName: EXE

UtcTime: 2023-12-27 23:00:28.735

ProcessGuid: {f57bd86a-ac8c-658c-d501-000000000f00}

ProcessId: 11244

Image: C:\Users\User\AppData\Local\Temp\LogMeInInc\GoToAssist Remote Support Expert\1702\g2a9177.tmp\g2ax_installerexpert.exe

TargetFilename: C:\Users\User\AppData\Local\GoToAssist Remote Support Expert\1702\g2ax_start.exe

CreationUtcTime: 2023-12-27 23:00:28.735

User: WINDEV2309EVAL\User",Info,,,,,,,,{f57bd86a-ac8c-658c-d501-000000000f00},3588,11244,,,,,,"
      ",EXE,,,,,,2023-12-27T23:00:28.7377146Z,C:\Users\User\AppData\Local\GoToAssist Remote Support Expert\1702\g2ax_start.exe,,File created (rule: FileCreate),,5124,WINDEV2309EVAL\User,S-1-5-18,2023-12-27 23:00:28.735,2,"<Event xmlns=""http://schemas.microsoft.com/win/2004/08/events/event"">
    <System>
      <Provider Name=""Microsoft-Windows-Sysmon"" Guid=""{5770385f-c22a-43e0-bf4c-06f5698ffbd9}""/>
      <EventID>11</EventID>
      <Version>2</Version>
      <Level>4</Level>
      <Task>11</Task>
      <Opcode>0</Opcode>
      <Keywords>0x8000000000000000</Keywords>
      <TimeCreated SystemTime=""2023-12-27T23:00:28.7377146Z""/>
      <EventRecordID>19646</EventRecordID>
      <Correlation/>
      <Execution ProcessID=""3588"" ThreadID=""5124""/>
      <Channel>Microsoft-Windows-Sysmon/Operational</Channel>
      <Computer>WinDev2309Eval</Computer>
      <Security UserID=""S-1-5-18""/>
    </System>
    <EventData>
      <Data Name=""RuleName"">EXE</Data>
      <Data Name=""UtcTime"">2023-12-27 23:00:28.735</Data>
      <Data Name=""ProcessGuid"">{f57bd86a-ac8c-658c-d501-000000000f00}</Data>
      <Data Name=""ProcessId"">11244</Data>
      <Data Name=""Image"">C:\Users\User\AppData\Local\Temp\LogMeInInc\GoToAssist Remote Support Expert\1702\g2a9177.tmp\g2ax_installerexpert.exe</Data>
      <Data Name=""TargetFilename"">C:\Users\User\AppData\Local\GoToAssist Remote Support Expert\1702\g2ax_start.exe</Data>
      <Data Name=""CreationUtcTime"">2023-12-27 23:00:28.735</Data>
      <Data Name=""User"">WINDEV2309EVAL\User</Data>
    </EventData>
    <RenderingInfo Culture=""en-US"">
      <Message>File created:

RuleName: EXE

UtcTime: 2023-12-27 23:00:28.735

ProcessGuid: {f57bd86a-ac8c-658c-d501-000000000f00}

ProcessId: 11244

Image: C:\Users\User\AppData\Local\Temp\LogMeInInc\GoToAssist Remote Support Expert\1702\g2a9177.tmp\g2ax_installerexpert.exe

TargetFilename: C:\Users\User\AppData\Local\GoToAssist Remote Support Expert\1702\g2ax_start.exe

CreationUtcTime: 2023-12-27 23:00:28.735

User: WINDEV2309EVAL\User</Message>
      <Level>Information</Level>
      <Task>File created (rule: FileCreate)</Task>
      <Opcode>Info</Opcode>
    </RenderingInfo>
  </Event>
  
"
Microsoft-Windows-Sysmon/Operational,,,WinDev2309Eval,2023-12-27 23:00:28.733,,,,,,,,,11,19645,,,,C:\Users\User\AppData\Local\Temp\LogMeInInc\GoToAssist Remote Support Expert\1702\g2a9177.tmp\g2ax_installerexpert.exe,,,0x8000000000000000,Information,,,"File created:

RuleName: EXE

UtcTime: 2023-12-27 23:00:28.733

ProcessGuid: {f57bd86a-ac8c-658c-d501-000000000f00}

ProcessId: 11244

Image: C:\Users\User\AppData\Local\Temp\LogMeInInc\GoToAssist Remote Support Expert\1702\g2a9177.tmp\g2ax_installerexpert.exe

TargetFilename: C:\Users\User\AppData\Local\GoToAssist Remote Support Expert\1702\g2ax_comm_expert.exe

CreationUtcTime: 2023-12-27 23:00:28.733

User: WINDEV2309EVAL\User",Info,,,,,,,,{f57bd86a-ac8c-658c-d501-000000000f00},3588,11244,,,,,,"
      ",EXE,,,,,,2023-12-27T23:00:28.7347788Z,C:\Users\User\AppData\Local\GoToAssist Remote Support Expert\1702\g2ax_comm_expert.exe,,File created (rule: FileCreate),,5124,WINDEV2309EVAL\User,S-1-5-18,2023-12-27 23:00:28.733,2,"<Event xmlns=""http://schemas.microsoft.com/win/2004/08/events/event"">
    <System>
      <Provider Name=""Microsoft-Windows-Sysmon"" Guid=""{5770385f-c22a-43e0-bf4c-06f5698ffbd9}""/>
      <EventID>11</EventID>
      <Version>2</Version>
      <Level>4</Level>
      <Task>11</Task>
      <Opcode>0</Opcode>
      <Keywords>0x8000000000000000</Keywords>
      <TimeCreated SystemTime=""2023-12-27T23:00:28.7347788Z""/>
      <EventRecordID>19645</EventRecordID>
      <Correlation/>
      <Execution ProcessID=""3588"" ThreadID=""5124""/>
      <Channel>Microsoft-Windows-Sysmon/Operational</Channel>
      <Computer>WinDev2309Eval</Computer>
      <Security UserID=""S-1-5-18""/>
    </System>
    <EventData>
      <Data Name=""RuleName"">EXE</Data>
      <Data Name=""UtcTime"">2023-12-27 23:00:28.733</Data>
      <Data Name=""ProcessGuid"">{f57bd86a-ac8c-658c-d501-000000000f00}</Data>
      <Data Name=""ProcessId"">11244</Data>
      <Data Name=""Image"">C:\Users\User\AppData\Local\Temp\LogMeInInc\GoToAssist Remote Support Expert\1702\g2a9177.tmp\g2ax_installerexpert.exe</Data>
      <Data Name=""TargetFilename"">C:\Users\User\AppData\Local\GoToAssist Remote Support Expert\1702\g2ax_comm_expert.exe</Data>
      <Data Name=""CreationUtcTime"">2023-12-27 23:00:28.733</Data>
      <Data Name=""User"">WINDEV2309EVAL\User</Data>
    </EventData>
    <RenderingInfo Culture=""en-US"">
      <Message>File created:

RuleName: EXE

UtcTime: 2023-12-27 23:00:28.733

ProcessGuid: {f57bd86a-ac8c-658c-d501-000000000f00}

ProcessId: 11244

Image: C:\Users\User\AppData\Local\Temp\LogMeInInc\GoToAssist Remote Support Expert\1702\g2a9177.tmp\g2ax_installerexpert.exe

TargetFilename: C:\Users\User\AppData\Local\GoToAssist Remote Support Expert\1702\g2ax_comm_expert.exe

CreationUtcTime: 2023-12-27 23:00:28.733

User: WINDEV2309EVAL\User</Message>
      <Level>Information</Level>
      <Task>File created (rule: FileCreate)</Task>
      <Opcode>Info</Opcode>
    </RenderingInfo>
  </Event>
  
"
Microsoft-Windows-Sysmon/Operational,,,WinDev2309Eval,2023-12-27 23:00:28.702,,,,,,,,,11,19644,,,,C:\Users\User\AppData\Local\Temp\LogMeInInc\GoToAssist Remote Support Expert\1702\g2a9177.tmp\g2ax_installerexpert.exe,,,0x8000000000000000,Information,,,"File created:

RuleName: DLL

UtcTime: 2023-12-27 23:00:28.702

ProcessGuid: {f57bd86a-ac8c-658c-d501-000000000f00}

ProcessId: 11244

Image: C:\Users\User\AppData\Local\Temp\LogMeInInc\GoToAssist Remote Support Expert\1702\g2a9177.tmp\g2ax_installerexpert.exe

TargetFilename: C:\Users\User\AppData\Local\GoToAssist Remote Support Expert\1702\g2ax_combined_expert.dll

CreationUtcTime: 2023-12-27 23:00:28.702

User: WINDEV2309EVAL\User",Info,,,,,,,,{f57bd86a-ac8c-658c-d501-000000000f00},3588,11244,,,,,,"
      ",DLL,,,,,,2023-12-27T23:00:28.7113828Z,C:\Users\User\AppData\Local\GoToAssist Remote Support Expert\1702\g2ax_combined_expert.dll,,File created (rule: FileCreate),,5124,WINDEV2309EVAL\User,S-1-5-18,2023-12-27 23:00:28.702,2,"<Event xmlns=""http://schemas.microsoft.com/win/2004/08/events/event"">
    <System>
      <Provider Name=""Microsoft-Windows-Sysmon"" Guid=""{5770385f-c22a-43e0-bf4c-06f5698ffbd9}""/>
      <EventID>11</EventID>
      <Version>2</Version>
      <Level>4</Level>
      <Task>11</Task>
      <Opcode>0</Opcode>
      <Keywords>0x8000000000000000</Keywords>
      <TimeCreated SystemTime=""2023-12-27T23:00:28.7113828Z""/>
      <EventRecordID>19644</EventRecordID>
      <Correlation/>
      <Execution ProcessID=""3588"" ThreadID=""5124""/>
      <Channel>Microsoft-Windows-Sysmon/Operational</Channel>
      <Computer>WinDev2309Eval</Computer>
      <Security UserID=""S-1-5-18""/>
    </System>
    <EventData>
      <Data Name=""RuleName"">DLL</Data>
      <Data Name=""UtcTime"">2023-12-27 23:00:28.702</Data>
      <Data Name=""ProcessGuid"">{f57bd86a-ac8c-658c-d501-000000000f00}</Data>
      <Data Name=""ProcessId"">11244</Data>
      <Data Name=""Image"">C:\Users\User\AppData\Local\Temp\LogMeInInc\GoToAssist Remote Support Expert\1702\g2a9177.tmp\g2ax_installerexpert.exe</Data>
      <Data Name=""TargetFilename"">C:\Users\User\AppData\Local\GoToAssist Remote Support Expert\1702\g2ax_combined_expert.dll</Data>
      <Data Name=""CreationUtcTime"">2023-12-27 23:00:28.702</Data>
      <Data Name=""User"">WINDEV2309EVAL\User</Data>
    </EventData>
    <RenderingInfo Culture=""en-US"">
      <Message>File created:

RuleName: DLL

UtcTime: 2023-12-27 23:00:28.702

ProcessGuid: {f57bd86a-ac8c-658c-d501-000000000f00}

ProcessId: 11244

Image: C:\Users\User\AppData\Local\Temp\LogMeInInc\GoToAssist Remote Support Expert\1702\g2a9177.tmp\g2ax_installerexpert.exe

TargetFilename: C:\Users\User\AppData\Local\GoToAssist Remote Support Expert\1702\g2ax_combined_expert.dll

CreationUtcTime: 2023-12-27 23:00:28.702

User: WINDEV2309EVAL\User</Message>
      <Level>Information</Level>
      <Task>File created (rule: FileCreate)</Task>
      <Opcode>Info</Opcode>
    </RenderingInfo>
  </Event>
  
"
Microsoft-Windows-Sysmon/Operational,,,WinDev2309Eval,2023-12-27 23:00:28.702,,,,,,,,,11,19643,,,,C:\Users\User\AppData\Local\Temp\LogMeInInc\GoToAssist Remote Support Expert\1702\g2a9177.tmp\g2ax_installerexpert.exe,,,0x8000000000000000,Information,,,"File created:

RuleName: EXE

UtcTime: 2023-12-27 23:00:28.702

ProcessGuid: {f57bd86a-ac8c-658c-d501-000000000f00}

ProcessId: 11244

Image: C:\Users\User\AppData\Local\Temp\LogMeInInc\GoToAssist Remote Support Expert\1702\g2a9177.tmp\g2ax_installerexpert.exe

TargetFilename: C:\Users\User\AppData\Local\GoToAssist Remote Support Expert\1702\g2ax_uninstaller_expert.exe

CreationUtcTime: 2023-12-27 23:00:28.702

User: WINDEV2309EVAL\User",Info,,,,,,,,{f57bd86a-ac8c-658c-d501-000000000f00},3588,11244,,,,,,"
      ",EXE,,,,,,2023-12-27T23:00:28.7094964Z,C:\Users\User\AppData\Local\GoToAssist Remote Support Expert\1702\g2ax_uninstaller_expert.exe,,File created (rule: FileCreate),,5124,WINDEV2309EVAL\User,S-1-5-18,2023-12-27 23:00:28.702,2,"<Event xmlns=""http://schemas.microsoft.com/win/2004/08/events/event"">
    <System>
      <Provider Name=""Microsoft-Windows-Sysmon"" Guid=""{5770385f-c22a-43e0-bf4c-06f5698ffbd9}""/>
      <EventID>11</EventID>
      <Version>2</Version>
      <Level>4</Level>
      <Task>11</Task>
      <Opcode>0</Opcode>
      <Keywords>0x8000000000000000</Keywords>
      <TimeCreated SystemTime=""2023-12-27T23:00:28.7094964Z""/>
      <EventRecordID>19643</EventRecordID>
      <Correlation/>
      <Execution ProcessID=""3588"" ThreadID=""5124""/>
      <Channel>Microsoft-Windows-Sysmon/Operational</Channel>
      <Computer>WinDev2309Eval</Computer>
      <Security UserID=""S-1-5-18""/>
    </System>
    <EventData>
      <Data Name=""RuleName"">EXE</Data>
      <Data Name=""UtcTime"">2023-12-27 23:00:28.702</Data>
      <Data Name=""ProcessGuid"">{f57bd86a-ac8c-658c-d501-000000000f00}</Data>
      <Data Name=""ProcessId"">11244</Data>
      <Data Name=""Image"">C:\Users\User\AppData\Local\Temp\LogMeInInc\GoToAssist Remote Support Expert\1702\g2a9177.tmp\g2ax_installerexpert.exe</Data>
      <Data Name=""TargetFilename"">C:\Users\User\AppData\Local\GoToAssist Remote Support Expert\1702\g2ax_uninstaller_expert.exe</Data>
      <Data Name=""CreationUtcTime"">2023-12-27 23:00:28.702</Data>
      <Data Name=""User"">WINDEV2309EVAL\User</Data>
    </EventData>
    <RenderingInfo Culture=""en-US"">
      <Message>File created:

RuleName: EXE

UtcTime: 2023-12-27 23:00:28.702

ProcessGuid: {f57bd86a-ac8c-658c-d501-000000000f00}

ProcessId: 11244

Image: C:\Users\User\AppData\Local\Temp\LogMeInInc\GoToAssist Remote Support Expert\1702\g2a9177.tmp\g2ax_installerexpert.exe

TargetFilename: C:\Users\User\AppData\Local\GoToAssist Remote Support Expert\1702\g2ax_uninstaller_expert.exe

CreationUtcTime: 2023-12-27 23:00:28.702

User: WINDEV2309EVAL\User</Message>
      <Level>Information</Level>
      <Task>File created (rule: FileCreate)</Task>
      <Opcode>Info</Opcode>
    </RenderingInfo>
  </Event>
  
"
Microsoft-Windows-Sysmon/Operational,,,WinDev2309Eval,2023-12-27 23:00:28.702,,,,,,,,,11,19642,,,,C:\Users\User\AppData\Local\Temp\LogMeInInc\GoToAssist Remote Support Expert\1702\g2a9177.tmp\g2ax_installerexpert.exe,,,0x8000000000000000,Information,,,"File created:

RuleName: EXE

UtcTime: 2023-12-27 23:00:28.702

ProcessGuid: {f57bd86a-ac8c-658c-d501-000000000f00}

ProcessId: 11244

Image: C:\Users\User\AppData\Local\Temp\LogMeInInc\GoToAssist Remote Support Expert\1702\g2a9177.tmp\g2ax_installerexpert.exe

TargetFilename: C:\Users\User\AppData\Local\GoToAssist Remote Support Expert\1702\g2ax_installer_expert_admin.exe

CreationUtcTime: 2023-12-27 23:00:28.702

User: WINDEV2309EVAL\User",Info,,,,,,,,{f57bd86a-ac8c-658c-d501-000000000f00},3588,11244,,,,,,"
      ",EXE,,,,,,2023-12-27T23:00:28.7079639Z,C:\Users\User\AppData\Local\GoToAssist Remote Support Expert\1702\g2ax_installer_expert_admin.exe,,File created (rule: FileCreate),,5124,WINDEV2309EVAL\User,S-1-5-18,2023-12-27 23:00:28.702,2,"<Event xmlns=""http://schemas.microsoft.com/win/2004/08/events/event"">
    <System>
      <Provider Name=""Microsoft-Windows-Sysmon"" Guid=""{5770385f-c22a-43e0-bf4c-06f5698ffbd9}""/>
      <EventID>11</EventID>
      <Version>2</Version>
      <Level>4</Level>
      <Task>11</Task>
      <Opcode>0</Opcode>
      <Keywords>0x8000000000000000</Keywords>
      <TimeCreated SystemTime=""2023-12-27T23:00:28.7079639Z""/>
      <EventRecordID>19642</EventRecordID>
      <Correlation/>
      <Execution ProcessID=""3588"" ThreadID=""5124""/>
      <Channel>Microsoft-Windows-Sysmon/Operational</Channel>
      <Computer>WinDev2309Eval</Computer>
      <Security UserID=""S-1-5-18""/>
    </System>
    <EventData>
      <Data Name=""RuleName"">EXE</Data>
      <Data Name=""UtcTime"">2023-12-27 23:00:28.702</Data>
      <Data Name=""ProcessGuid"">{f57bd86a-ac8c-658c-d501-000000000f00}</Data>
      <Data Name=""ProcessId"">11244</Data>
      <Data Name=""Image"">C:\Users\User\AppData\Local\Temp\LogMeInInc\GoToAssist Remote Support Expert\1702\g2a9177.tmp\g2ax_installerexpert.exe</Data>
      <Data Name=""TargetFilename"">C:\Users\User\AppData\Local\GoToAssist Remote Support Expert\1702\g2ax_installer_expert_admin.exe</Data>
      <Data Name=""CreationUtcTime"">2023-12-27 23:00:28.702</Data>
      <Data Name=""User"">WINDEV2309EVAL\User</Data>
    </EventData>
    <RenderingInfo Culture=""en-US"">
      <Message>File created:

RuleName: EXE

UtcTime: 2023-12-27 23:00:28.702

ProcessGuid: {f57bd86a-ac8c-658c-d501-000000000f00}

ProcessId: 11244

Image: C:\Users\User\AppData\Local\Temp\LogMeInInc\GoToAssist Remote Support Expert\1702\g2a9177.tmp\g2ax_installerexpert.exe

TargetFilename: C:\Users\User\AppData\Local\GoToAssist Remote Support Expert\1702\g2ax_installer_expert_admin.exe

CreationUtcTime: 2023-12-27 23:00:28.702

User: WINDEV2309EVAL\User</Message>
      <Level>Information</Level>
      <Task>File created (rule: FileCreate)</Task>
      <Opcode>Info</Opcode>
    </RenderingInfo>
  </Event>
  
"
