Microsoft-Windows-Sysmon/Operational,,,WinDev2309Eval,,,,,,,,,,5,19686,,,,C:\Users\User\AppData\Local\Temp\LogMeInInc\GoToAssist Remote Support Expert\1702\g2a9177.tmp\g2ax_installerexpert.exe,,,0x8000000000000000,Information,,,"Process terminated:

RuleName: -

UtcTime: 2023-12-27 23:00:29.074

ProcessGuid: {f57bd86a-ac8c-658c-d501-000000000f00}

ProcessId: 11244

Image: C:\Users\User\AppData\Local\Temp\LogMeInInc\GoToAssist Remote Support Expert\1702\g2a9177.tmp\g2ax_installerexpert.exe

User: WINDEV2309EVAL\User",Info,,,,,,,,{f57bd86a-ac8c-658c-d501-000000000f00},3588,11244,,,,,,"
      ",-,,,,,,2023-12-27T23:00:29.0820741Z,,,Process terminated (rule: ProcessTerminate),,5124,WINDEV2309EVAL\User,S-1-5-18,2023-12-27 23:00:29.074,3,"<Event xmlns=""http://schemas.microsoft.com/win/2004/08/events/event"">
    <System>
      <Provider Name=""Microsoft-Windows-Sysmon"" Guid=""{5770385f-c22a-43e0-bf4c-06f5698ffbd9}""/>
      <EventID>5</EventID>
      <Version>3</Version>
      <Level>4</Level>
      <Task>5</Task>
      <Opcode>0</Opcode>
      <Keywords>0x8000000000000000</Keywords>
      <TimeCreated SystemTime=""2023-12-27T23:00:29.0820741Z""/>
      <EventRecordID>19686</EventRecordID>
      <Correlation/>
      <Execution ProcessID=""3588"" ThreadID=""5124""/>
      <Channel>Microsoft-Windows-Sysmon/Operational</Channel>
      <Computer>WinDev2309Eval</Computer>
      <Security UserID=""S-1-5-18""/>
    </System>
    <EventData>
      <Data Name=""RuleName"">-</Data>
      <Data Name=""UtcTime"">2023-12-27 23:00:29.074</Data>
      <Data Name=""ProcessGuid"">{f57bd86a-ac8c-658c-d501-000000000f00}</Data>
      <Data Name=""ProcessId"">11244</Data>
      <Data Name=""Image"">C:\Users\User\AppData\Local\Temp\LogMeInInc\GoToAssist Remote Support Expert\1702\g2a9177.tmp\g2ax_installerexpert.exe</Data>
      <Data Name=""User"">WINDEV2309EVAL\User</Data>
    </EventData>
    <RenderingInfo Culture=""en-US"">
      <Message>Process terminated:

RuleName: -

UtcTime: 2023-12-27 23:00:29.074

ProcessGuid: {f57bd86a-ac8c-658c-d501-000000000f00}

ProcessId: 11244

Image: C:\Users\User\AppData\Local\Temp\LogMeInInc\GoToAssist Remote Support Expert\1702\g2a9177.tmp\g2ax_installerexpert.exe

User: WINDEV2309EVAL\User</Message>
      <Level>Information</Level>
      <Task>Process terminated (rule: ProcessTerminate)</Task>
      <Opcode>Info</Opcode>
    </RenderingInfo>
  </Event>
  
"
Microsoft-Windows-Sysmon/Operational,"""C:\Users\User\AppData\Local\GoToAssist Remote Support Expert\1702\g2ax_start.exe"" ""/Action Default"" ""/Build 1702"" ""/Debug On"" ""/EGWAddress 3.218.246.74,52.55.102.23"" ""/EGWDNS egw1.express.gotoassist.com"" ""/EGWPort 8200,80,443"" ""/Language en_US"" ""/LoaderPath C:\Users\User\AppData\Local\GoToAssist Remote Support Expert\g2ax_expert_combined_dll_core_win32_x86_1702.exe"" ""/LogLevel Normal"" ""/LogPath C:\Users\User\AppData\Local\Temp\LogMeInLogs\GoToAssist Remote Support Expert\1702\20231227_150027\"" ""/ResourceDll g2ax_expert_resource_win32_x86_en_US.dll"" ""/RestartReason Start"" ""/ServiceAllowed Yes"" ""/StartAsService Yes"" ""/Stat On"" ""/StatDb On"" ""/UninstallService No"" ""/colClientUiReadyEvent Global\BDAE0CDF-A6E0-4620-B1DF-2D7E8A0E11E3"" ""/locale en_US"" ""/sessionTrackingId e0-FaCddxmtMoX8_cY4czssnTeGvy83i""","LogMeIn, Inc.",WinDev2309Eval,,C:\Users\User\AppData\Local\GoToAssist Remote Support Expert\1702\,GoToAssist,,,,,,,1,19685,,4.8 Build 1702,"MD5=71C703EA85154A4E246A04C6B40DEDC1,SHA256=F5CFC449095104529B490B8FE6015B9F77FD83E4A1B378D8DC091C24AE5A95DC,IMPHASH=D8BC47046472F3E346D78C720F941405",C:\Users\User\AppData\Local\GoToAssist Remote Support Expert\1702\g2ax_start.exe,,Medium,0x8000000000000000,Information,{f57bd86a-36f9-658c-7bf8-020000000000},0x2f87b,"Process Create:

RuleName: -

UtcTime: 2023-12-27 23:00:29.060

ProcessGuid: {f57bd86a-ac8d-658c-d701-000000000f00}

ProcessId: 668

Image: C:\Users\User\AppData\Local\GoToAssist Remote Support Expert\1702\g2ax_start.exe

FileVersion: 4.8 Build 1702

Description: GoToAssist

Product: GoToAssist

Company: LogMeIn, Inc.

OriginalFileName: GoToAssist Remote Support.exe

CommandLine: ""C:\Users\User\AppData\Local\GoToAssist Remote Support Expert\1702\g2ax_start.exe"" ""/Action Default"" ""/Build 1702"" ""/Debug On"" ""/EGWAddress 3.218.246.74,52.55.102.23"" ""/EGWDNS egw1.express.gotoassist.com"" ""/EGWPort 8200,80,443"" ""/Language en_US"" ""/LoaderPath C:\Users\User\AppData\Local\GoToAssist Remote Support Expert\g2ax_expert_combined_dll_core_win32_x86_1702.exe"" ""/LogLevel Normal"" ""/LogPath C:\Users\User\AppData\Local\Temp\LogMeInLogs\GoToAssist Remote Support Expert\1702\20231227_150027\"" ""/ResourceDll g2ax_expert_resource_win32_x86_en_US.dll"" ""/RestartReason Start"" ""/ServiceAllowed Yes"" ""/StartAsService Yes"" ""/Stat On"" ""/StatDb On"" ""/UninstallService No"" ""/colClientUiReadyEvent Global\BDAE0CDF-A6E0-4620-B1DF-2D7E8A0E11E3"" ""/locale en_US"" ""/sessionTrackingId e0-FaCddxmtMoX8_cY4czssnTeGvy83i""

CurrentDirectory: C:\Users\User\AppData\Local\GoToAssist Remote Support Expert\1702\

User: WINDEV2309EVAL\User

LogonGuid: {f57bd86a-36f9-658c-7bf8-020000000000}

LogonId: 0x2F87B

TerminalSessionId: 1

IntegrityLevel: Medium

Hashes: MD5=71C703EA85154A4E246A04C6B40DEDC1,SHA256=F5CFC449095104529B490B8FE6015B9F77FD83E4A1B378D8DC091C24AE5A95DC,IMPHASH=D8BC47046472F3E346D78C720F941405

ParentProcessGuid: {f57bd86a-ac8c-658c-d501-000000000f00}

ParentProcessId: 11244

ParentImage: C:\Users\User\AppData\Local\Temp\LogMeInInc\GoToAssist Remote Support Expert\1702\g2a9177.tmp\g2ax_installerexpert.exe

ParentCommandLine: ""C:\Users\User\AppData\Local\Temp\LogMeInInc\GoToAssist Remote Support Expert\1702\g2a9177.tmp\g2ax_installerexpert.exe "" ""/Action Default"" ""/Build 1702"" ""/Debug On"" ""/EGWAddress 3.218.246.74,52.55.102.23"" ""/EGWDNS egw1.express.gotoassist.com"" ""/EGWPort 8200,80,443"" ""/Language en_US"" ""/LoaderPath C:\Users\User\AppData\Local\GoToAssist Remote Support Expert\g2ax_expert_combined_dll_core_win32_x86_1702.exe"" ""/LogLevel Normal"" ""/LogPath C:\Users\User\AppData\Local\Temp\LogMeInLogs\GoToAssist Remote Support Expert\1702\20231227_150027\"" ""/ResourceDll g2ax_expert_resource_win32_x86_en_US.dll"" ""/RestartReason Start"" ""/ServiceAllowed Yes"" ""/StartAsService Yes"" ""/Stat On"" ""/StatDb On"" ""/UninstallService No"" ""/colClientUiReadyEvent Global\BDAE0CDF-A6E0-4620-B1DF-2D7E8A0E11E3"" ""/locale en_US"" ""/sessionTrackingId e0-FaCddxmtMoX8_cY4czssnTeGvy83i""

ParentUser: WINDEV2309EVAL\User",Info,GoToAssist Remote Support.exe,"""C:\Users\User\AppData\Local\Temp\LogMeInInc\GoToAssist Remote Support Expert\1702\g2a9177.tmp\g2ax_installerexpert.exe "" ""/Action Default"" ""/Build 1702"" ""/Debug On"" ""/EGWAddress 3.218.246.74,52.55.102.23"" ""/EGWDNS egw1.express.gotoassist.com"" ""/EGWPort 8200,80,443"" ""/Language en_US"" ""/LoaderPath C:\Users\User\AppData\Local\GoToAssist Remote Support Expert\g2ax_expert_combined_dll_core_win32_x86_1702.exe"" ""/LogLevel Normal"" ""/LogPath C:\Users\User\AppData\Local\Temp\LogMeInLogs\GoToAssist Remote Support Expert\1702\20231227_150027\"" ""/ResourceDll g2ax_expert_resource_win32_x86_en_US.dll"" ""/RestartReason Start"" ""/ServiceAllowed Yes"" ""/StartAsService Yes"" ""/Stat On"" ""/StatDb On"" ""/UninstallService No"" ""/colClientUiReadyEvent Global\BDAE0CDF-A6E0-4620-B1DF-2D7E8A0E11E3"" ""/locale en_US"" ""/sessionTrackingId e0-FaCddxmtMoX8_cY4czssnTeGvy83i""",C:\Users\User\AppData\Local\Temp\LogMeInInc\GoToAssist Remote Support Expert\1702\g2a9177.tmp\g2ax_installerexpert.exe,{f57bd86a-ac8c-658c-d501-000000000f00},11244,WINDEV2309EVAL\User,,{f57bd86a-ac8d-658c-d701-000000000f00},3588,668,GoToAssist,,,,,"
      ",-,,,,,,2023-12-27T23:00:29.0657515Z,,,Process Create (rule: ProcessCreate),1,5124,WINDEV2309EVAL\User,S-1-5-18,2023-12-27 23:00:29.060,5,"<Event xmlns=""http://schemas.microsoft.com/win/2004/08/events/event"">
    <System>
      <Provider Name=""Microsoft-Windows-Sysmon"" Guid=""{5770385f-c22a-43e0-bf4c-06f5698ffbd9}""/>
      <EventID>1</EventID>
      <Version>5</Version>
      <Level>4</Level>
      <Task>1</Task>
      <Opcode>0</Opcode>
      <Keywords>0x8000000000000000</Keywords>
      <TimeCreated SystemTime=""2023-12-27T23:00:29.0657515Z""/>
      <EventRecordID>19685</EventRecordID>
      <Correlation/>
      <Execution ProcessID=""3588"" ThreadID=""5124""/>
      <Channel>Microsoft-Windows-Sysmon/Operational</Channel>
      <Computer>WinDev2309Eval</Computer>
      <Security UserID=""S-1-5-18""/>
    </System>
    <EventData>
      <Data Name=""RuleName"">-</Data>
      <Data Name=""UtcTime"">2023-12-27 23:00:29.060</Data>
      <Data Name=""ProcessGuid"">{f57bd86a-ac8d-658c-d701-000000000f00}</Data>
      <Data Name=""ProcessId"">668</Data>
      <Data Name=""Image"">C:\Users\User\AppData\Local\GoToAssist Remote Support Expert\1702\g2ax_start.exe</Data>
      <Data Name=""FileVersion"">4.8 Build 1702</Data>
      <Data Name=""Description"">GoToAssist</Data>
      <Data Name=""Product"">GoToAssist</Data>
      <Data Name=""Company"">LogMeIn, Inc.</Data>
      <Data Name=""OriginalFileName"">GoToAssist Remote Support.exe</Data>
      <Data Name=""CommandLine"">""C:\Users\User\AppData\Local\GoToAssist Remote Support Expert\1702\g2ax_start.exe"" ""/Action Default"" ""/Build 1702"" ""/Debug On"" ""/EGWAddress 3.218.246.74,52.55.102.23"" ""/EGWDNS egw1.express.gotoassist.com"" ""/EGWPort 8200,80,443"" ""/Language en_US"" ""/LoaderPath C:\Users\User\AppData\Local\GoToAssist Remote Support Expert\g2ax_expert_combined_dll_core_win32_x86_1702.exe"" ""/LogLevel Normal"" ""/LogPath C:\Users\User\AppData\Local\Temp\LogMeInLogs\GoToAssist Remote Support Expert\1702\20231227_150027\"" ""/ResourceDll g2ax_expert_resource_win32_x86_en_US.dll"" ""/RestartReason Start"" ""/ServiceAllowed Yes"" ""/StartAsService Yes"" ""/Stat On"" ""/StatDb On"" ""/UninstallService No"" ""/colClientUiReadyEvent Global\BDAE0CDF-A6E0-4620-B1DF-2D7E8A0E11E3"" ""/locale en_US"" ""/sessionTrackingId e0-FaCddxmtMoX8_cY4czssnTeGvy83i""</Data>
      <Data Name=""CurrentDirectory"">C:\Users\User\AppData\Local\GoToAssist Remote Support Expert\1702\</Data>
      <Data Name=""User"">WINDEV2309EVAL\User</Data>
      <Data Name=""LogonGuid"">{f57bd86a-36f9-658c-7bf8-020000000000}</Data>
      <Data Name=""LogonId"">0x2f87b</Data>
      <Data Name=""TerminalSessionId"">1</Data>
      <Data Name=""IntegrityLevel"">Medium</Data>
      <Data Name=""Hashes"">MD5=71C703EA85154A4E246A04C6B40DEDC1,SHA256=F5CFC449095104529B490B8FE6015B9F77FD83E4A1B378D8DC091C24AE5A95DC,IMPHASH=D8BC47046472F3E346D78C720F941405</Data>
      <Data Name=""ParentProcessGuid"">{f57bd86a-ac8c-658c-d501-000000000f00}</Data>
      <Data Name=""ParentProcessId"">11244</Data>
      <Data Name=""ParentImage"">C:\Users\User\AppData\Local\Temp\LogMeInInc\GoToAssist Remote Support Expert\1702\g2a9177.tmp\g2ax_installerexpert.exe</Data>
      <Data Name=""ParentCommandLine"">""C:\Users\User\AppData\Local\Temp\LogMeInInc\GoToAssist Remote Support Expert\1702\g2a9177.tmp\g2ax_installerexpert.exe "" ""/Action Default"" ""/Build 1702"" ""/Debug On"" ""/EGWAddress 3.218.246.74,52.55.102.23"" ""/EGWDNS egw1.express.gotoassist.com"" ""/EGWPort 8200,80,443"" ""/Language en_US"" ""/LoaderPath C:\Users\User\AppData\Local\GoToAssist Remote Support Expert\g2ax_expert_combined_dll_core_win32_x86_1702.exe"" ""/LogLevel Normal"" ""/LogPath C:\Users\User\AppData\Local\Temp\LogMeInLogs\GoToAssist Remote Support Expert\1702\20231227_150027\"" ""/ResourceDll g2ax_expert_resource_win32_x86_en_US.dll"" ""/RestartReason Start"" ""/ServiceAllowed Yes"" ""/StartAsService Yes"" ""/Stat On"" ""/StatDb On"" ""/UninstallService No"" ""/colClientUiReadyEvent Global\BDAE0CDF-A6E0-4620-B1DF-2D7E8A0E11E3"" ""/locale en_US"" ""/sessionTrackingId e0-FaCddxmtMoX8_cY4czssnTeGvy83i""</Data>
      <Data Name=""ParentUser"">WINDEV2309EVAL\User</Data>
    </EventData>
    <RenderingInfo Culture=""en-US"">
      <Message>Process Create:

RuleName: -

UtcTime: 2023-12-27 23:00:29.060

ProcessGuid: {f57bd86a-ac8d-658c-d701-000000000f00}

ProcessId: 668

Image: C:\Users\User\AppData\Local\GoToAssist Remote Support Expert\1702\g2ax_start.exe

FileVersion: 4.8 Build 1702

Description: GoToAssist

Product: GoToAssist

Company: LogMeIn, Inc.

OriginalFileName: GoToAssist Remote Support.exe

CommandLine: ""C:\Users\User\AppData\Local\GoToAssist Remote Support Expert\1702\g2ax_start.exe"" ""/Action Default"" ""/Build 1702"" ""/Debug On"" ""/EGWAddress 3.218.246.74,52.55.102.23"" ""/EGWDNS egw1.express.gotoassist.com"" ""/EGWPort 8200,80,443"" ""/Language en_US"" ""/LoaderPath C:\Users\User\AppData\Local\GoToAssist Remote Support Expert\g2ax_expert_combined_dll_core_win32_x86_1702.exe"" ""/LogLevel Normal"" ""/LogPath C:\Users\User\AppData\Local\Temp\LogMeInLogs\GoToAssist Remote Support Expert\1702\20231227_150027\"" ""/ResourceDll g2ax_expert_resource_win32_x86_en_US.dll"" ""/RestartReason Start"" ""/ServiceAllowed Yes"" ""/StartAsService Yes"" ""/Stat On"" ""/StatDb On"" ""/UninstallService No"" ""/colClientUiReadyEvent Global\BDAE0CDF-A6E0-4620-B1DF-2D7E8A0E11E3"" ""/locale en_US"" ""/sessionTrackingId e0-FaCddxmtMoX8_cY4czssnTeGvy83i""

CurrentDirectory: C:\Users\User\AppData\Local\GoToAssist Remote Support Expert\1702\

User: WINDEV2309EVAL\User

LogonGuid: {f57bd86a-36f9-658c-7bf8-020000000000}

LogonId: 0x2F87B

TerminalSessionId: 1

IntegrityLevel: Medium

Hashes: MD5=71C703EA85154A4E246A04C6B40DEDC1,SHA256=F5CFC449095104529B490B8FE6015B9F77FD83E4A1B378D8DC091C24AE5A95DC,IMPHASH=D8BC47046472F3E346D78C720F941405

ParentProcessGuid: {f57bd86a-ac8c-658c-d501-000000000f00}

ParentProcessId: 11244

ParentImage: C:\Users\User\AppData\Local\Temp\LogMeInInc\GoToAssist Remote Support Expert\1702\g2a9177.tmp\g2ax_installerexpert.exe

ParentCommandLine: ""C:\Users\User\AppData\Local\Temp\LogMeInInc\GoToAssist Remote Support Expert\1702\g2a9177.tmp\g2ax_installerexpert.exe "" ""/Action Default"" ""/Build 1702"" ""/Debug On"" ""/EGWAddress 3.218.246.74,52.55.102.23"" ""/EGWDNS egw1.express.gotoassist.com"" ""/EGWPort 8200,80,443"" ""/Language en_US"" ""/LoaderPath C:\Users\User\AppData\Local\GoToAssist Remote Support Expert\g2ax_expert_combined_dll_core_win32_x86_1702.exe"" ""/LogLevel Normal"" ""/LogPath C:\Users\User\AppData\Local\Temp\LogMeInLogs\GoToAssist Remote Support Expert\1702\20231227_150027\"" ""/ResourceDll g2ax_expert_resource_win32_x86_en_US.dll"" ""/RestartReason Start"" ""/ServiceAllowed Yes"" ""/StartAsService Yes"" ""/Stat On"" ""/StatDb On"" ""/UninstallService No"" ""/colClientUiReadyEvent Global\BDAE0CDF-A6E0-4620-B1DF-2D7E8A0E11E3"" ""/locale en_US"" ""/sessionTrackingId e0-FaCddxmtMoX8_cY4czssnTeGvy83i""

ParentUser: WINDEV2309EVAL\User</Message>
      <Level>Information</Level>
      <Task>Process Create (rule: ProcessCreate)</Task>
      <Opcode>Info</Opcode>
    </RenderingInfo>
  </Event>
  
"
Microsoft-Windows-Sysmon/Operational,,,WinDev2309Eval,,,,,,,,,4.8.1702.0,13,19684,SetValue,,,C:\Windows\system32\compattelrunner.exe,,,0x8000000000000000,Information,,,"Registry value set:

RuleName: InvDB-Ver

EventType: SetValue

UtcTime: 2023-12-27 23:00:29.009

ProcessGuid: {f57bd86a-ac8b-658c-d301-000000000f00}

ProcessId: 1336

Image: C:\Windows\system32\compattelrunner.exe

TargetObject: \REGISTRY\A\{b3b14332-edc6-625a-c682-62677f6d06d4}\Root\InventoryApplicationFile\g2ax_user_expert|ba068cff4b9d4416\BinProductVersion

Details: 4.8.1702.0

User: NT AUTHORITY\SYSTEM",Info,,,,,,,,{f57bd86a-ac8b-658c-d301-000000000f00},3588,1336,,,,,,"
      ",InvDB-Ver,,,,,,2023-12-27T23:00:29.0262052Z,,\REGISTRY\A\{b3b14332-edc6-625a-c682-62677f6d06d4}\Root\InventoryApplicationFile\g2ax_user_expert|ba068cff4b9d4416\BinProductVersion,Registry value set (rule: RegistryEvent),,5124,NT AUTHORITY\SYSTEM,S-1-5-18,2023-12-27 23:00:29.009,2,"<Event xmlns=""http://schemas.microsoft.com/win/2004/08/events/event"">
    <System>
      <Provider Name=""Microsoft-Windows-Sysmon"" Guid=""{5770385f-c22a-43e0-bf4c-06f5698ffbd9}""/>
      <EventID>13</EventID>
      <Version>2</Version>
      <Level>4</Level>
      <Task>13</Task>
      <Opcode>0</Opcode>
      <Keywords>0x8000000000000000</Keywords>
      <TimeCreated SystemTime=""2023-12-27T23:00:29.0262052Z""/>
      <EventRecordID>19684</EventRecordID>
      <Correlation/>
      <Execution ProcessID=""3588"" ThreadID=""5124""/>
      <Channel>Microsoft-Windows-Sysmon/Operational</Channel>
      <Computer>WinDev2309Eval</Computer>
      <Security UserID=""S-1-5-18""/>
    </System>
    <EventData>
      <Data Name=""RuleName"">InvDB-Ver</Data>
      <Data Name=""EventType"">SetValue</Data>
      <Data Name=""UtcTime"">2023-12-27 23:00:29.009</Data>
      <Data Name=""ProcessGuid"">{f57bd86a-ac8b-658c-d301-000000000f00}</Data>
      <Data Name=""ProcessId"">1336</Data>
      <Data Name=""Image"">C:\Windows\system32\compattelrunner.exe</Data>
      <Data Name=""TargetObject"">\REGISTRY\A\{b3b14332-edc6-625a-c682-62677f6d06d4}\Root\InventoryApplicationFile\g2ax_user_expert|ba068cff4b9d4416\BinProductVersion</Data>
      <Data Name=""Details"">4.8.1702.0</Data>
      <Data Name=""User"">NT AUTHORITY\SYSTEM</Data>
    </EventData>
    <RenderingInfo Culture=""en-US"">
      <Message>Registry value set:

RuleName: InvDB-Ver

EventType: SetValue

UtcTime: 2023-12-27 23:00:29.009

ProcessGuid: {f57bd86a-ac8b-658c-d301-000000000f00}

ProcessId: 1336

Image: C:\Windows\system32\compattelrunner.exe

TargetObject: \REGISTRY\A\{b3b14332-edc6-625a-c682-62677f6d06d4}\Root\InventoryApplicationFile\g2ax_user_expert|ba068cff4b9d4416\BinProductVersion

Details: 4.8.1702.0

User: NT AUTHORITY\SYSTEM</Message>
      <Level>Information</Level>
      <Task>Registry value set (rule: RegistryEvent)</Task>
      <Opcode>Info</Opcode>
    </RenderingInfo>
  </Event>
  
"
Microsoft-Windows-Sysmon/Operational,,,WinDev2309Eval,,,,,,,,,03/09/2021 09:51:58,13,19683,SetValue,,,C:\Windows\system32\compattelrunner.exe,,,0x8000000000000000,Information,,,"Registry value set:

RuleName: InvDB-CompileTimeClaim

EventType: SetValue

UtcTime: 2023-12-27 23:00:29.009

ProcessGuid: {f57bd86a-ac8b-658c-d301-000000000f00}

ProcessId: 1336

Image: C:\Windows\system32\compattelrunner.exe

TargetObject: \REGISTRY\A\{b3b14332-edc6-625a-c682-62677f6d06d4}\Root\InventoryApplicationFile\g2ax_user_expert|ba068cff4b9d4416\LinkDate

Details: 03/09/2021 09:51:58

User: NT AUTHORITY\SYSTEM",Info,,,,,,,,{f57bd86a-ac8b-658c-d301-000000000f00},3588,1336,,,,,,"
      ",InvDB-CompileTimeClaim,,,,,,2023-12-27T23:00:29.0261460Z,,\REGISTRY\A\{b3b14332-edc6-625a-c682-62677f6d06d4}\Root\InventoryApplicationFile\g2ax_user_expert|ba068cff4b9d4416\LinkDate,Registry value set (rule: RegistryEvent),,5124,NT AUTHORITY\SYSTEM,S-1-5-18,2023-12-27 23:00:29.009,2,"<Event xmlns=""http://schemas.microsoft.com/win/2004/08/events/event"">
    <System>
      <Provider Name=""Microsoft-Windows-Sysmon"" Guid=""{5770385f-c22a-43e0-bf4c-06f5698ffbd9}""/>
      <EventID>13</EventID>
      <Version>2</Version>
      <Level>4</Level>
      <Task>13</Task>
      <Opcode>0</Opcode>
      <Keywords>0x8000000000000000</Keywords>
      <TimeCreated SystemTime=""2023-12-27T23:00:29.0261460Z""/>
      <EventRecordID>19683</EventRecordID>
      <Correlation/>
      <Execution ProcessID=""3588"" ThreadID=""5124""/>
      <Channel>Microsoft-Windows-Sysmon/Operational</Channel>
      <Computer>WinDev2309Eval</Computer>
      <Security UserID=""S-1-5-18""/>
    </System>
    <EventData>
      <Data Name=""RuleName"">InvDB-CompileTimeClaim</Data>
      <Data Name=""EventType"">SetValue</Data>
      <Data Name=""UtcTime"">2023-12-27 23:00:29.009</Data>
      <Data Name=""ProcessGuid"">{f57bd86a-ac8b-658c-d301-000000000f00}</Data>
      <Data Name=""ProcessId"">1336</Data>
      <Data Name=""Image"">C:\Windows\system32\compattelrunner.exe</Data>
      <Data Name=""TargetObject"">\REGISTRY\A\{b3b14332-edc6-625a-c682-62677f6d06d4}\Root\InventoryApplicationFile\g2ax_user_expert|ba068cff4b9d4416\LinkDate</Data>
      <Data Name=""Details"">03/09/2021 09:51:58</Data>
      <Data Name=""User"">NT AUTHORITY\SYSTEM</Data>
    </EventData>
    <RenderingInfo Culture=""en-US"">
      <Message>Registry value set:

RuleName: InvDB-CompileTimeClaim

EventType: SetValue

UtcTime: 2023-12-27 23:00:29.009

ProcessGuid: {f57bd86a-ac8b-658c-d301-000000000f00}

ProcessId: 1336

Image: C:\Windows\system32\compattelrunner.exe

TargetObject: \REGISTRY\A\{b3b14332-edc6-625a-c682-62677f6d06d4}\Root\InventoryApplicationFile\g2ax_user_expert|ba068cff4b9d4416\LinkDate

Details: 03/09/2021 09:51:58

User: NT AUTHORITY\SYSTEM</Message>
      <Level>Information</Level>
      <Task>Registry value set (rule: RegistryEvent)</Task>
      <Opcode>Info</Opcode>
    </RenderingInfo>
  </Event>
  
"
Microsoft-Windows-Sysmon/Operational,,,WinDev2309Eval,,,,,,,,,"logmein, inc.",13,19682,SetValue,,,C:\Windows\system32\compattelrunner.exe,,,0x8000000000000000,Information,,,"Registry value set:

RuleName: InvDB-Pub

EventType: SetValue

UtcTime: 2023-12-27 23:00:29.009

ProcessGuid: {f57bd86a-ac8b-658c-d301-000000000f00}

ProcessId: 1336

Image: C:\Windows\system32\compattelrunner.exe

TargetObject: \REGISTRY\A\{b3b14332-edc6-625a-c682-62677f6d06d4}\Root\InventoryApplicationFile\g2ax_user_expert|ba068cff4b9d4416\Publisher

Details: logmein, inc.

User: NT AUTHORITY\SYSTEM",Info,,,,,,,,{f57bd86a-ac8b-658c-d301-000000000f00},3588,1336,,,,,,"
      ",InvDB-Pub,,,,,,2023-12-27T23:00:29.0257941Z,,\REGISTRY\A\{b3b14332-edc6-625a-c682-62677f6d06d4}\Root\InventoryApplicationFile\g2ax_user_expert|ba068cff4b9d4416\Publisher,Registry value set (rule: RegistryEvent),,5124,NT AUTHORITY\SYSTEM,S-1-5-18,2023-12-27 23:00:29.009,2,"<Event xmlns=""http://schemas.microsoft.com/win/2004/08/events/event"">
    <System>
      <Provider Name=""Microsoft-Windows-Sysmon"" Guid=""{5770385f-c22a-43e0-bf4c-06f5698ffbd9}""/>
      <EventID>13</EventID>
      <Version>2</Version>
      <Level>4</Level>
      <Task>13</Task>
      <Opcode>0</Opcode>
      <Keywords>0x8000000000000000</Keywords>
      <TimeCreated SystemTime=""2023-12-27T23:00:29.0257941Z""/>
      <EventRecordID>19682</EventRecordID>
      <Correlation/>
      <Execution ProcessID=""3588"" ThreadID=""5124""/>
      <Channel>Microsoft-Windows-Sysmon/Operational</Channel>
      <Computer>WinDev2309Eval</Computer>
      <Security UserID=""S-1-5-18""/>
    </System>
    <EventData>
      <Data Name=""RuleName"">InvDB-Pub</Data>
      <Data Name=""EventType"">SetValue</Data>
      <Data Name=""UtcTime"">2023-12-27 23:00:29.009</Data>
      <Data Name=""ProcessGuid"">{f57bd86a-ac8b-658c-d301-000000000f00}</Data>
      <Data Name=""ProcessId"">1336</Data>
      <Data Name=""Image"">C:\Windows\system32\compattelrunner.exe</Data>
      <Data Name=""TargetObject"">\REGISTRY\A\{b3b14332-edc6-625a-c682-62677f6d06d4}\Root\InventoryApplicationFile\g2ax_user_expert|ba068cff4b9d4416\Publisher</Data>
      <Data Name=""Details"">logmein, inc.</Data>
      <Data Name=""User"">NT AUTHORITY\SYSTEM</Data>
    </EventData>
    <RenderingInfo Culture=""en-US"">
      <Message>Registry value set:

RuleName: InvDB-Pub

EventType: SetValue

UtcTime: 2023-12-27 23:00:29.009

ProcessGuid: {f57bd86a-ac8b-658c-d301-000000000f00}

ProcessId: 1336

Image: C:\Windows\system32\compattelrunner.exe

TargetObject: \REGISTRY\A\{b3b14332-edc6-625a-c682-62677f6d06d4}\Root\InventoryApplicationFile\g2ax_user_expert|ba068cff4b9d4416\Publisher

Details: logmein, inc.

User: NT AUTHORITY\SYSTEM</Message>
      <Level>Information</Level>
      <Task>Registry value set (rule: RegistryEvent)</Task>
      <Opcode>Info</Opcode>
    </RenderingInfo>
  </Event>
  
"
Microsoft-Windows-Sysmon/Operational,,,WinDev2309Eval,,,,,,,,,c:\users\user\appdata\local\gotoassist remote support expert\1702\g2ax_user_expert.exe,13,19681,SetValue,,,C:\Windows\system32\compattelrunner.exe,,,0x8000000000000000,Information,,,"Registry value set:

RuleName: InvDB-Path

EventType: SetValue

UtcTime: 2023-12-27 23:00:29.009

ProcessGuid: {f57bd86a-ac8b-658c-d301-000000000f00}

ProcessId: 1336

Image: C:\Windows\system32\compattelrunner.exe

TargetObject: \REGISTRY\A\{b3b14332-edc6-625a-c682-62677f6d06d4}\Root\InventoryApplicationFile\g2ax_user_expert|ba068cff4b9d4416\LowerCaseLongPath

Details: c:\users\user\appdata\local\gotoassist remote support expert\1702\g2ax_user_expert.exe

User: NT AUTHORITY\SYSTEM",Info,,,,,,,,{f57bd86a-ac8b-658c-d301-000000000f00},3588,1336,,,,,,"
      ",InvDB-Path,,,,,,2023-12-27T23:00:29.0256250Z,,\REGISTRY\A\{b3b14332-edc6-625a-c682-62677f6d06d4}\Root\InventoryApplicationFile\g2ax_user_expert|ba068cff4b9d4416\LowerCaseLongPath,Registry value set (rule: RegistryEvent),,5124,NT AUTHORITY\SYSTEM,S-1-5-18,2023-12-27 23:00:29.009,2,"<Event xmlns=""http://schemas.microsoft.com/win/2004/08/events/event"">
    <System>
      <Provider Name=""Microsoft-Windows-Sysmon"" Guid=""{5770385f-c22a-43e0-bf4c-06f5698ffbd9}""/>
      <EventID>13</EventID>
      <Version>2</Version>
      <Level>4</Level>
      <Task>13</Task>
      <Opcode>0</Opcode>
      <Keywords>0x8000000000000000</Keywords>
      <TimeCreated SystemTime=""2023-12-27T23:00:29.0256250Z""/>
      <EventRecordID>19681</EventRecordID>
      <Correlation/>
      <Execution ProcessID=""3588"" ThreadID=""5124""/>
      <Channel>Microsoft-Windows-Sysmon/Operational</Channel>
      <Computer>WinDev2309Eval</Computer>
      <Security UserID=""S-1-5-18""/>
    </System>
    <EventData>
      <Data Name=""RuleName"">InvDB-Path</Data>
      <Data Name=""EventType"">SetValue</Data>
      <Data Name=""UtcTime"">2023-12-27 23:00:29.009</Data>
      <Data Name=""ProcessGuid"">{f57bd86a-ac8b-658c-d301-000000000f00}</Data>
      <Data Name=""ProcessId"">1336</Data>
      <Data Name=""Image"">C:\Windows\system32\compattelrunner.exe</Data>
      <Data Name=""TargetObject"">\REGISTRY\A\{b3b14332-edc6-625a-c682-62677f6d06d4}\Root\InventoryApplicationFile\g2ax_user_expert|ba068cff4b9d4416\LowerCaseLongPath</Data>
      <Data Name=""Details"">c:\users\user\appdata\local\gotoassist remote support expert\1702\g2ax_user_expert.exe</Data>
      <Data Name=""User"">NT AUTHORITY\SYSTEM</Data>
    </EventData>
    <RenderingInfo Culture=""en-US"">
      <Message>Registry value set:

RuleName: InvDB-Path

EventType: SetValue

UtcTime: 2023-12-27 23:00:29.009

ProcessGuid: {f57bd86a-ac8b-658c-d301-000000000f00}

ProcessId: 1336

Image: C:\Windows\system32\compattelrunner.exe

TargetObject: \REGISTRY\A\{b3b14332-edc6-625a-c682-62677f6d06d4}\Root\InventoryApplicationFile\g2ax_user_expert|ba068cff4b9d4416\LowerCaseLongPath

Details: c:\users\user\appdata\local\gotoassist remote support expert\1702\g2ax_user_expert.exe

User: NT AUTHORITY\SYSTEM</Message>
      <Level>Information</Level>
      <Task>Registry value set (rule: RegistryEvent)</Task>
      <Opcode>Info</Opcode>
    </RenderingInfo>
  </Event>
  
"
Microsoft-Windows-Sysmon/Operational,,,WinDev2309Eval,,,,,,,,,4.8.1702.0,13,19680,SetValue,,,C:\Windows\system32\compattelrunner.exe,,,0x8000000000000000,Information,,,"Registry value set:

RuleName: InvDB-Ver

EventType: SetValue

UtcTime: 2023-12-27 23:00:29.009

ProcessGuid: {f57bd86a-ac8b-658c-d301-000000000f00}

ProcessId: 1336

Image: C:\Windows\system32\compattelrunner.exe

TargetObject: \REGISTRY\A\{b3b14332-edc6-625a-c682-62677f6d06d4}\Root\InventoryApplicationFile\g2ax_uninstaller|e73fe03b1333ee2f\BinProductVersion

Details: 4.8.1702.0

User: NT AUTHORITY\SYSTEM",Info,,,,,,,,{f57bd86a-ac8b-658c-d301-000000000f00},3588,1336,,,,,,"
      ",InvDB-Ver,,,,,,2023-12-27T23:00:29.0250244Z,,\REGISTRY\A\{b3b14332-edc6-625a-c682-62677f6d06d4}\Root\InventoryApplicationFile\g2ax_uninstaller|e73fe03b1333ee2f\BinProductVersion,Registry value set (rule: RegistryEvent),,5124,NT AUTHORITY\SYSTEM,S-1-5-18,2023-12-27 23:00:29.009,2,"<Event xmlns=""http://schemas.microsoft.com/win/2004/08/events/event"">
    <System>
      <Provider Name=""Microsoft-Windows-Sysmon"" Guid=""{5770385f-c22a-43e0-bf4c-06f5698ffbd9}""/>
      <EventID>13</EventID>
      <Version>2</Version>
      <Level>4</Level>
      <Task>13</Task>
      <Opcode>0</Opcode>
      <Keywords>0x8000000000000000</Keywords>
      <TimeCreated SystemTime=""2023-12-27T23:00:29.0250244Z""/>
      <EventRecordID>19680</EventRecordID>
      <Correlation/>
      <Execution ProcessID=""3588"" ThreadID=""5124""/>
      <Channel>Microsoft-Windows-Sysmon/Operational</Channel>
      <Computer>WinDev2309Eval</Computer>
      <Security UserID=""S-1-5-18""/>
    </System>
    <EventData>
      <Data Name=""RuleName"">InvDB-Ver</Data>
      <Data Name=""EventType"">SetValue</Data>
      <Data Name=""UtcTime"">2023-12-27 23:00:29.009</Data>
      <Data Name=""ProcessGuid"">{f57bd86a-ac8b-658c-d301-000000000f00}</Data>
      <Data Name=""ProcessId"">1336</Data>
      <Data Name=""Image"">C:\Windows\system32\compattelrunner.exe</Data>
      <Data Name=""TargetObject"">\REGISTRY\A\{b3b14332-edc6-625a-c682-62677f6d06d4}\Root\InventoryApplicationFile\g2ax_uninstaller|e73fe03b1333ee2f\BinProductVersion</Data>
      <Data Name=""Details"">4.8.1702.0</Data>
      <Data Name=""User"">NT AUTHORITY\SYSTEM</Data>
    </EventData>
    <RenderingInfo Culture=""en-US"">
      <Message>Registry value set:

RuleName: InvDB-Ver

EventType: SetValue

UtcTime: 2023-12-27 23:00:29.009

ProcessGuid: {f57bd86a-ac8b-658c-d301-000000000f00}

ProcessId: 1336

Image: C:\Windows\system32\compattelrunner.exe

TargetObject: \REGISTRY\A\{b3b14332-edc6-625a-c682-62677f6d06d4}\Root\InventoryApplicationFile\g2ax_uninstaller|e73fe03b1333ee2f\BinProductVersion

Details: 4.8.1702.0

User: NT AUTHORITY\SYSTEM</Message>
      <Level>Information</Level>
      <Task>Registry value set (rule: RegistryEvent)</Task>
      <Opcode>Info</Opcode>
    </RenderingInfo>
  </Event>
  
"
Microsoft-Windows-Sysmon/Operational,,,WinDev2309Eval,,,,,,,,,03/09/2021 09:51:58,13,19679,SetValue,,,C:\Windows\system32\compattelrunner.exe,,,0x8000000000000000,Information,,,"Registry value set:

RuleName: InvDB-CompileTimeClaim

EventType: SetValue

UtcTime: 2023-12-27 23:00:29.009

ProcessGuid: {f57bd86a-ac8b-658c-d301-000000000f00}

ProcessId: 1336

Image: C:\Windows\system32\compattelrunner.exe

TargetObject: \REGISTRY\A\{b3b14332-edc6-625a-c682-62677f6d06d4}\Root\InventoryApplicationFile\g2ax_uninstaller|e73fe03b1333ee2f\LinkDate

Details: 03/09/2021 09:51:58

User: NT AUTHORITY\SYSTEM",Info,,,,,,,,{f57bd86a-ac8b-658c-d301-000000000f00},3588,1336,,,,,,"
      ",InvDB-CompileTimeClaim,,,,,,2023-12-27T23:00:29.0249625Z,,\REGISTRY\A\{b3b14332-edc6-625a-c682-62677f6d06d4}\Root\InventoryApplicationFile\g2ax_uninstaller|e73fe03b1333ee2f\LinkDate,Registry value set (rule: RegistryEvent),,5124,NT AUTHORITY\SYSTEM,S-1-5-18,2023-12-27 23:00:29.009,2,"<Event xmlns=""http://schemas.microsoft.com/win/2004/08/events/event"">
    <System>
      <Provider Name=""Microsoft-Windows-Sysmon"" Guid=""{5770385f-c22a-43e0-bf4c-06f5698ffbd9}""/>
      <EventID>13</EventID>
      <Version>2</Version>
      <Level>4</Level>
      <Task>13</Task>
      <Opcode>0</Opcode>
      <Keywords>0x8000000000000000</Keywords>
      <TimeCreated SystemTime=""2023-12-27T23:00:29.0249625Z""/>
      <EventRecordID>19679</EventRecordID>
      <Correlation/>
      <Execution ProcessID=""3588"" ThreadID=""5124""/>
      <Channel>Microsoft-Windows-Sysmon/Operational</Channel>
      <Computer>WinDev2309Eval</Computer>
      <Security UserID=""S-1-5-18""/>
    </System>
    <EventData>
      <Data Name=""RuleName"">InvDB-CompileTimeClaim</Data>
      <Data Name=""EventType"">SetValue</Data>
      <Data Name=""UtcTime"">2023-12-27 23:00:29.009</Data>
      <Data Name=""ProcessGuid"">{f57bd86a-ac8b-658c-d301-000000000f00}</Data>
      <Data Name=""ProcessId"">1336</Data>
      <Data Name=""Image"">C:\Windows\system32\compattelrunner.exe</Data>
      <Data Name=""TargetObject"">\REGISTRY\A\{b3b14332-edc6-625a-c682-62677f6d06d4}\Root\InventoryApplicationFile\g2ax_uninstaller|e73fe03b1333ee2f\LinkDate</Data>
      <Data Name=""Details"">03/09/2021 09:51:58</Data>
      <Data Name=""User"">NT AUTHORITY\SYSTEM</Data>
    </EventData>
    <RenderingInfo Culture=""en-US"">
      <Message>Registry value set:

RuleName: InvDB-CompileTimeClaim

EventType: SetValue

UtcTime: 2023-12-27 23:00:29.009

ProcessGuid: {f57bd86a-ac8b-658c-d301-000000000f00}

ProcessId: 1336

Image: C:\Windows\system32\compattelrunner.exe

TargetObject: \REGISTRY\A\{b3b14332-edc6-625a-c682-62677f6d06d4}\Root\InventoryApplicationFile\g2ax_uninstaller|e73fe03b1333ee2f\LinkDate

Details: 03/09/2021 09:51:58

User: NT AUTHORITY\SYSTEM</Message>
      <Level>Information</Level>
      <Task>Registry value set (rule: RegistryEvent)</Task>
      <Opcode>Info</Opcode>
    </RenderingInfo>
  </Event>
  
"
Microsoft-Windows-Sysmon/Operational,,,WinDev2309Eval,,,,,,,,,"logmein, inc.",13,19678,SetValue,,,C:\Windows\system32\compattelrunner.exe,,,0x8000000000000000,Information,,,"Registry value set:

RuleName: InvDB-Pub

EventType: SetValue

UtcTime: 2023-12-27 23:00:29.009

ProcessGuid: {f57bd86a-ac8b-658c-d301-000000000f00}

ProcessId: 1336

Image: C:\Windows\system32\compattelrunner.exe

TargetObject: \REGISTRY\A\{b3b14332-edc6-625a-c682-62677f6d06d4}\Root\InventoryApplicationFile\g2ax_uninstaller|e73fe03b1333ee2f\Publisher

Details: logmein, inc.

User: NT AUTHORITY\SYSTEM",Info,,,,,,,,{f57bd86a-ac8b-658c-d301-000000000f00},3588,1336,,,,,,"
      ",InvDB-Pub,,,,,,2023-12-27T23:00:29.0245890Z,,\REGISTRY\A\{b3b14332-edc6-625a-c682-62677f6d06d4}\Root\InventoryApplicationFile\g2ax_uninstaller|e73fe03b1333ee2f\Publisher,Registry value set (rule: RegistryEvent),,5124,NT AUTHORITY\SYSTEM,S-1-5-18,2023-12-27 23:00:29.009,2,"<Event xmlns=""http://schemas.microsoft.com/win/2004/08/events/event"">
    <System>
      <Provider Name=""Microsoft-Windows-Sysmon"" Guid=""{5770385f-c22a-43e0-bf4c-06f5698ffbd9}""/>
      <EventID>13</EventID>
      <Version>2</Version>
      <Level>4</Level>
      <Task>13</Task>
      <Opcode>0</Opcode>
      <Keywords>0x8000000000000000</Keywords>
      <TimeCreated SystemTime=""2023-12-27T23:00:29.0245890Z""/>
      <EventRecordID>19678</EventRecordID>
      <Correlation/>
      <Execution ProcessID=""3588"" ThreadID=""5124""/>
      <Channel>Microsoft-Windows-Sysmon/Operational</Channel>
      <Computer>WinDev2309Eval</Computer>
      <Security UserID=""S-1-5-18""/>
    </System>
    <EventData>
      <Data Name=""RuleName"">InvDB-Pub</Data>
      <Data Name=""EventType"">SetValue</Data>
      <Data Name=""UtcTime"">2023-12-27 23:00:29.009</Data>
      <Data Name=""ProcessGuid"">{f57bd86a-ac8b-658c-d301-000000000f00}</Data>
      <Data Name=""ProcessId"">1336</Data>
      <Data Name=""Image"">C:\Windows\system32\compattelrunner.exe</Data>
      <Data Name=""TargetObject"">\REGISTRY\A\{b3b14332-edc6-625a-c682-62677f6d06d4}\Root\InventoryApplicationFile\g2ax_uninstaller|e73fe03b1333ee2f\Publisher</Data>
      <Data Name=""Details"">logmein, inc.</Data>
      <Data Name=""User"">NT AUTHORITY\SYSTEM</Data>
    </EventData>
    <RenderingInfo Culture=""en-US"">
      <Message>Registry value set:

RuleName: InvDB-Pub

EventType: SetValue

UtcTime: 2023-12-27 23:00:29.009

ProcessGuid: {f57bd86a-ac8b-658c-d301-000000000f00}

ProcessId: 1336

Image: C:\Windows\system32\compattelrunner.exe

TargetObject: \REGISTRY\A\{b3b14332-edc6-625a-c682-62677f6d06d4}\Root\InventoryApplicationFile\g2ax_uninstaller|e73fe03b1333ee2f\Publisher

Details: logmein, inc.

User: NT AUTHORITY\SYSTEM</Message>
      <Level>Information</Level>
      <Task>Registry value set (rule: RegistryEvent)</Task>
      <Opcode>Info</Opcode>
    </RenderingInfo>
  </Event>
  
"
Microsoft-Windows-Sysmon/Operational,,,WinDev2309Eval,,,,,,,,,c:\users\user\appdata\local\gotoassist remote support expert\1702\g2ax_uninstaller_expert.exe,13,19677,SetValue,,,C:\Windows\system32\compattelrunner.exe,,,0x8000000000000000,Information,,,"Registry value set:

RuleName: InvDB-Path

EventType: SetValue

UtcTime: 2023-12-27 23:00:29.009

ProcessGuid: {f57bd86a-ac8b-658c-d301-000000000f00}

ProcessId: 1336

Image: C:\Windows\system32\compattelrunner.exe

TargetObject: \REGISTRY\A\{b3b14332-edc6-625a-c682-62677f6d06d4}\Root\InventoryApplicationFile\g2ax_uninstaller|e73fe03b1333ee2f\LowerCaseLongPath

Details: c:\users\user\appdata\local\gotoassist remote support expert\1702\g2ax_uninstaller_expert.exe

User: NT AUTHORITY\SYSTEM",Info,,,,,,,,{f57bd86a-ac8b-658c-d301-000000000f00},3588,1336,,,,,,"
      ",InvDB-Path,,,,,,2023-12-27T23:00:29.0244230Z,,\REGISTRY\A\{b3b14332-edc6-625a-c682-62677f6d06d4}\Root\InventoryApplicationFile\g2ax_uninstaller|e73fe03b1333ee2f\LowerCaseLongPath,Registry value set (rule: RegistryEvent),,5124,NT AUTHORITY\SYSTEM,S-1-5-18,2023-12-27 23:00:29.009,2,"<Event xmlns=""http://schemas.microsoft.com/win/2004/08/events/event"">
    <System>
      <Provider Name=""Microsoft-Windows-Sysmon"" Guid=""{5770385f-c22a-43e0-bf4c-06f5698ffbd9}""/>
      <EventID>13</EventID>
      <Version>2</Version>
      <Level>4</Level>
      <Task>13</Task>
      <Opcode>0</Opcode>
      <Keywords>0x8000000000000000</Keywords>
      <TimeCreated SystemTime=""2023-12-27T23:00:29.0244230Z""/>
      <EventRecordID>19677</EventRecordID>
      <Correlation/>
      <Execution ProcessID=""3588"" ThreadID=""5124""/>
      <Channel>Microsoft-Windows-Sysmon/Operational</Channel>
      <Computer>WinDev2309Eval</Computer>
      <Security UserID=""S-1-5-18""/>
    </System>
    <EventData>
      <Data Name=""RuleName"">InvDB-Path</Data>
      <Data Name=""EventType"">SetValue</Data>
      <Data Name=""UtcTime"">2023-12-27 23:00:29.009</Data>
      <Data Name=""ProcessGuid"">{f57bd86a-ac8b-658c-d301-000000000f00}</Data>
      <Data Name=""ProcessId"">1336</Data>
      <Data Name=""Image"">C:\Windows\system32\compattelrunner.exe</Data>
      <Data Name=""TargetObject"">\REGISTRY\A\{b3b14332-edc6-625a-c682-62677f6d06d4}\Root\InventoryApplicationFile\g2ax_uninstaller|e73fe03b1333ee2f\LowerCaseLongPath</Data>
      <Data Name=""Details"">c:\users\user\appdata\local\gotoassist remote support expert\1702\g2ax_uninstaller_expert.exe</Data>
      <Data Name=""User"">NT AUTHORITY\SYSTEM</Data>
    </EventData>
    <RenderingInfo Culture=""en-US"">
      <Message>Registry value set:

RuleName: InvDB-Path

EventType: SetValue

UtcTime: 2023-12-27 23:00:29.009

ProcessGuid: {f57bd86a-ac8b-658c-d301-000000000f00}

ProcessId: 1336

Image: C:\Windows\system32\compattelrunner.exe

TargetObject: \REGISTRY\A\{b3b14332-edc6-625a-c682-62677f6d06d4}\Root\InventoryApplicationFile\g2ax_uninstaller|e73fe03b1333ee2f\LowerCaseLongPath

Details: c:\users\user\appdata\local\gotoassist remote support expert\1702\g2ax_uninstaller_expert.exe

User: NT AUTHORITY\SYSTEM</Message>
      <Level>Information</Level>
      <Task>Registry value set (rule: RegistryEvent)</Task>
      <Opcode>Info</Opcode>
    </RenderingInfo>
  </Event>
  
"
Microsoft-Windows-Sysmon/Operational,,,WinDev2309Eval,,,,,,,,,4.8.1702.0,13,19676,SetValue,,,C:\Windows\system32\compattelrunner.exe,,,0x8000000000000000,Information,,,"Registry value set:

RuleName: InvDB-Ver

EventType: SetValue

UtcTime: 2023-12-27 23:00:29.009

ProcessGuid: {f57bd86a-ac8b-658c-d301-000000000f00}

ProcessId: 1336

Image: C:\Windows\system32\compattelrunner.exe

TargetObject: \REGISTRY\A\{b3b14332-edc6-625a-c682-62677f6d06d4}\Root\InventoryApplicationFile\g2ax_start.exe|87a146da68e5d936\BinProductVersion

Details: 4.8.1702.0

User: NT AUTHORITY\SYSTEM",Info,,,,,,,,{f57bd86a-ac8b-658c-d301-000000000f00},3588,1336,,,,,,"
      ",InvDB-Ver,,,,,,2023-12-27T23:00:29.0240811Z,,\REGISTRY\A\{b3b14332-edc6-625a-c682-62677f6d06d4}\Root\InventoryApplicationFile\g2ax_start.exe|87a146da68e5d936\BinProductVersion,Registry value set (rule: RegistryEvent),,5124,NT AUTHORITY\SYSTEM,S-1-5-18,2023-12-27 23:00:29.009,2,"<Event xmlns=""http://schemas.microsoft.com/win/2004/08/events/event"">
    <System>
      <Provider Name=""Microsoft-Windows-Sysmon"" Guid=""{5770385f-c22a-43e0-bf4c-06f5698ffbd9}""/>
      <EventID>13</EventID>
      <Version>2</Version>
      <Level>4</Level>
      <Task>13</Task>
      <Opcode>0</Opcode>
      <Keywords>0x8000000000000000</Keywords>
      <TimeCreated SystemTime=""2023-12-27T23:00:29.0240811Z""/>
      <EventRecordID>19676</EventRecordID>
      <Correlation/>
      <Execution ProcessID=""3588"" ThreadID=""5124""/>
      <Channel>Microsoft-Windows-Sysmon/Operational</Channel>
      <Computer>WinDev2309Eval</Computer>
      <Security UserID=""S-1-5-18""/>
    </System>
    <EventData>
      <Data Name=""RuleName"">InvDB-Ver</Data>
      <Data Name=""EventType"">SetValue</Data>
      <Data Name=""UtcTime"">2023-12-27 23:00:29.009</Data>
      <Data Name=""ProcessGuid"">{f57bd86a-ac8b-658c-d301-000000000f00}</Data>
      <Data Name=""ProcessId"">1336</Data>
      <Data Name=""Image"">C:\Windows\system32\compattelrunner.exe</Data>
      <Data Name=""TargetObject"">\REGISTRY\A\{b3b14332-edc6-625a-c682-62677f6d06d4}\Root\InventoryApplicationFile\g2ax_start.exe|87a146da68e5d936\BinProductVersion</Data>
      <Data Name=""Details"">4.8.1702.0</Data>
      <Data Name=""User"">NT AUTHORITY\SYSTEM</Data>
    </EventData>
    <RenderingInfo Culture=""en-US"">
      <Message>Registry value set:

RuleName: InvDB-Ver

EventType: SetValue

UtcTime: 2023-12-27 23:00:29.009

ProcessGuid: {f57bd86a-ac8b-658c-d301-000000000f00}

ProcessId: 1336

Image: C:\Windows\system32\compattelrunner.exe

TargetObject: \REGISTRY\A\{b3b14332-edc6-625a-c682-62677f6d06d4}\Root\InventoryApplicationFile\g2ax_start.exe|87a146da68e5d936\BinProductVersion

Details: 4.8.1702.0

User: NT AUTHORITY\SYSTEM</Message>
      <Level>Information</Level>
      <Task>Registry value set (rule: RegistryEvent)</Task>
      <Opcode>Info</Opcode>
    </RenderingInfo>
  </Event>
  
"
Microsoft-Windows-Sysmon/Operational,,,WinDev2309Eval,,,,,,,,,03/09/2021 09:51:58,13,19675,SetValue,,,C:\Windows\system32\compattelrunner.exe,,,0x8000000000000000,Information,,,"Registry value set:

RuleName: InvDB-CompileTimeClaim

EventType: SetValue

UtcTime: 2023-12-27 23:00:29.009

ProcessGuid: {f57bd86a-ac8b-658c-d301-000000000f00}

ProcessId: 1336

Image: C:\Windows\system32\compattelrunner.exe

TargetObject: \REGISTRY\A\{b3b14332-edc6-625a-c682-62677f6d06d4}\Root\InventoryApplicationFile\g2ax_start.exe|87a146da68e5d936\LinkDate

Details: 03/09/2021 09:51:58

User: NT AUTHORITY\SYSTEM",Info,,,,,,,,{f57bd86a-ac8b-658c-d301-000000000f00},3588,1336,,,,,,"
      ",InvDB-CompileTimeClaim,,,,,,2023-12-27T23:00:29.0240229Z,,\REGISTRY\A\{b3b14332-edc6-625a-c682-62677f6d06d4}\Root\InventoryApplicationFile\g2ax_start.exe|87a146da68e5d936\LinkDate,Registry value set (rule: RegistryEvent),,5124,NT AUTHORITY\SYSTEM,S-1-5-18,2023-12-27 23:00:29.009,2,"<Event xmlns=""http://schemas.microsoft.com/win/2004/08/events/event"">
    <System>
      <Provider Name=""Microsoft-Windows-Sysmon"" Guid=""{5770385f-c22a-43e0-bf4c-06f5698ffbd9}""/>
      <EventID>13</EventID>
      <Version>2</Version>
      <Level>4</Level>
      <Task>13</Task>
      <Opcode>0</Opcode>
      <Keywords>0x8000000000000000</Keywords>
      <TimeCreated SystemTime=""2023-12-27T23:00:29.0240229Z""/>
      <EventRecordID>19675</EventRecordID>
      <Correlation/>
      <Execution ProcessID=""3588"" ThreadID=""5124""/>
      <Channel>Microsoft-Windows-Sysmon/Operational</Channel>
      <Computer>WinDev2309Eval</Computer>
      <Security UserID=""S-1-5-18""/>
    </System>
    <EventData>
      <Data Name=""RuleName"">InvDB-CompileTimeClaim</Data>
      <Data Name=""EventType"">SetValue</Data>
      <Data Name=""UtcTime"">2023-12-27 23:00:29.009</Data>
      <Data Name=""ProcessGuid"">{f57bd86a-ac8b-658c-d301-000000000f00}</Data>
      <Data Name=""ProcessId"">1336</Data>
      <Data Name=""Image"">C:\Windows\system32\compattelrunner.exe</Data>
      <Data Name=""TargetObject"">\REGISTRY\A\{b3b14332-edc6-625a-c682-62677f6d06d4}\Root\InventoryApplicationFile\g2ax_start.exe|87a146da68e5d936\LinkDate</Data>
      <Data Name=""Details"">03/09/2021 09:51:58</Data>
      <Data Name=""User"">NT AUTHORITY\SYSTEM</Data>
    </EventData>
    <RenderingInfo Culture=""en-US"">
      <Message>Registry value set:

RuleName: InvDB-CompileTimeClaim

EventType: SetValue

UtcTime: 2023-12-27 23:00:29.009

ProcessGuid: {f57bd86a-ac8b-658c-d301-000000000f00}

ProcessId: 1336

Image: C:\Windows\system32\compattelrunner.exe

TargetObject: \REGISTRY\A\{b3b14332-edc6-625a-c682-62677f6d06d4}\Root\InventoryApplicationFile\g2ax_start.exe|87a146da68e5d936\LinkDate

Details: 03/09/2021 09:51:58

User: NT AUTHORITY\SYSTEM</Message>
      <Level>Information</Level>
      <Task>Registry value set (rule: RegistryEvent)</Task>
      <Opcode>Info</Opcode>
    </RenderingInfo>
  </Event>
  
"
Microsoft-Windows-Sysmon/Operational,,,WinDev2309Eval,,,,,,,,,"logmein, inc.",13,19674,SetValue,,,C:\Windows\system32\compattelrunner.exe,,,0x8000000000000000,Information,,,"Registry value set:

RuleName: InvDB-Pub

EventType: SetValue

UtcTime: 2023-12-27 23:00:29.009

ProcessGuid: {f57bd86a-ac8b-658c-d301-000000000f00}

ProcessId: 1336

Image: C:\Windows\system32\compattelrunner.exe

TargetObject: \REGISTRY\A\{b3b14332-edc6-625a-c682-62677f6d06d4}\Root\InventoryApplicationFile\g2ax_start.exe|87a146da68e5d936\Publisher

Details: logmein, inc.

User: NT AUTHORITY\SYSTEM",Info,,,,,,,,{f57bd86a-ac8b-658c-d301-000000000f00},3588,1336,,,,,,"
      ",InvDB-Pub,,,,,,2023-12-27T23:00:29.0236750Z,,\REGISTRY\A\{b3b14332-edc6-625a-c682-62677f6d06d4}\Root\InventoryApplicationFile\g2ax_start.exe|87a146da68e5d936\Publisher,Registry value set (rule: RegistryEvent),,5124,NT AUTHORITY\SYSTEM,S-1-5-18,2023-12-27 23:00:29.009,2,"<Event xmlns=""http://schemas.microsoft.com/win/2004/08/events/event"">
    <System>
      <Provider Name=""Microsoft-Windows-Sysmon"" Guid=""{5770385f-c22a-43e0-bf4c-06f5698ffbd9}""/>
      <EventID>13</EventID>
      <Version>2</Version>
      <Level>4</Level>
      <Task>13</Task>
      <Opcode>0</Opcode>
      <Keywords>0x8000000000000000</Keywords>
      <TimeCreated SystemTime=""2023-12-27T23:00:29.0236750Z""/>
      <EventRecordID>19674</EventRecordID>
      <Correlation/>
      <Execution ProcessID=""3588"" ThreadID=""5124""/>
      <Channel>Microsoft-Windows-Sysmon/Operational</Channel>
      <Computer>WinDev2309Eval</Computer>
      <Security UserID=""S-1-5-18""/>
    </System>
    <EventData>
      <Data Name=""RuleName"">InvDB-Pub</Data>
      <Data Name=""EventType"">SetValue</Data>
      <Data Name=""UtcTime"">2023-12-27 23:00:29.009</Data>
      <Data Name=""ProcessGuid"">{f57bd86a-ac8b-658c-d301-000000000f00}</Data>
      <Data Name=""ProcessId"">1336</Data>
      <Data Name=""Image"">C:\Windows\system32\compattelrunner.exe</Data>
      <Data Name=""TargetObject"">\REGISTRY\A\{b3b14332-edc6-625a-c682-62677f6d06d4}\Root\InventoryApplicationFile\g2ax_start.exe|87a146da68e5d936\Publisher</Data>
      <Data Name=""Details"">logmein, inc.</Data>
      <Data Name=""User"">NT AUTHORITY\SYSTEM</Data>
    </EventData>
    <RenderingInfo Culture=""en-US"">
      <Message>Registry value set:

RuleName: InvDB-Pub

EventType: SetValue

UtcTime: 2023-12-27 23:00:29.009

ProcessGuid: {f57bd86a-ac8b-658c-d301-000000000f00}

ProcessId: 1336

Image: C:\Windows\system32\compattelrunner.exe

TargetObject: \REGISTRY\A\{b3b14332-edc6-625a-c682-62677f6d06d4}\Root\InventoryApplicationFile\g2ax_start.exe|87a146da68e5d936\Publisher

Details: logmein, inc.

User: NT AUTHORITY\SYSTEM</Message>
      <Level>Information</Level>
      <Task>Registry value set (rule: RegistryEvent)</Task>
      <Opcode>Info</Opcode>
    </RenderingInfo>
  </Event>
  
"
