Microsoft-Windows-Sysmon/Operational,"C:\Windows\Microsoft.NET\Framework64\v4.0.30319\cvtres.exe /NOLOGO /READONLY /MACHINE:IX86 ""/OUT:C:\Users\User\AppData\Local\Temp\RES6017.tmp"" ""c:\Users\User\AppData\Local\Temp\CSC12E233C279634D08B446B4E13096B949.TMP""",Microsoft Corporation,WinDev2309Eval,,C:\Users\User\AppData\Local\Temp\,Microsoft® Resource File To COFF Object Conversion Utility,,1,19593,,14.32.31326.0,"MD5=8166CCB6A04B855AA918B36079C63B7D,SHA256=FD3EF1B4C91B2E85CCD05724A7CD527A3A27D7D549B0DCDB70D3D78BE120C560,IMPHASH=45A00F7304B8F089973962FBEF618959",C:\Windows\Microsoft.NET\Framework64\v4.0.30319\cvtres.exe,Medium,0x8000000000000000,Information,{f57bd86a-36f9-658c-7bf8-020000000000},0x2f87b,"Process Create:

RuleName: -

UtcTime: 2023-12-27 22:38:47.407

ProcessGuid: {f57bd86a-a777-658c-d101-000000000f00}

ProcessId: 6936

Image: C:\Windows\Microsoft.NET\Framework64\v4.0.30319\cvtres.exe

FileVersion: 14.32.31326.0

Description: Microsoft® Resource File To COFF Object Conversion Utility

Product: Microsoft® .NET Framework

Company: Microsoft Corporation

OriginalFileName: CVTRES.EXE

CommandLine: C:\Windows\Microsoft.NET\Framework64\v4.0.30319\cvtres.exe /NOLOGO /READONLY /MACHINE:IX86 ""/OUT:C:\Users\User\AppData\Local\Temp\RES6017.tmp"" ""c:\Users\User\AppData\Local\Temp\CSC12E233C279634D08B446B4E13096B949.TMP""

CurrentDirectory: C:\Users\User\AppData\Local\Temp\

User: WINDEV2309EVAL\User

LogonGuid: {f57bd86a-36f9-658c-7bf8-020000000000}

LogonId: 0x2F87B

TerminalSessionId: 1

IntegrityLevel: Medium

Hashes: MD5=8166CCB6A04B855AA918B36079C63B7D,SHA256=FD3EF1B4C91B2E85CCD05724A7CD527A3A27D7D549B0DCDB70D3D78BE120C560,IMPHASH=45A00F7304B8F089973962FBEF618959

ParentProcessGuid: {f57bd86a-a777-658c-d001-000000000f00}

ParentProcessId: 3824

ParentImage: C:\Windows\Microsoft.NET\Framework64\v4.0.30319\csc.exe

ParentCommandLine: ""C:\Windows\Microsoft.NET\Framework64\v4.0.30319\csc.exe"" /noconfig /fullpaths @""C:\Users\User\AppData\Local\Temp\dhajhcsi.cmdline""

ParentUser: WINDEV2309EVAL\User",Info,CVTRES.EXE,"""C:\Windows\Microsoft.NET\Framework64\v4.0.30319\csc.exe"" /noconfig /fullpaths @""C:\Users\User\AppData\Local\Temp\dhajhcsi.cmdline""",C:\Windows\Microsoft.NET\Framework64\v4.0.30319\csc.exe,{f57bd86a-a777-658c-d001-000000000f00},3824,WINDEV2309EVAL\User,{f57bd86a-a777-658c-d101-000000000f00},3588,6936,Microsoft® .NET Framework,,,,"
      ",-,2023-12-27T22:38:47.4082404Z,,,Process Create (rule: ProcessCreate),1,5124,WINDEV2309EVAL\User,S-1-5-18,2023-12-27 22:38:47.407,5,"<Event xmlns=""http://schemas.microsoft.com/win/2004/08/events/event"">
    <System>
      <Provider Name=""Microsoft-Windows-Sysmon"" Guid=""{5770385f-c22a-43e0-bf4c-06f5698ffbd9}""/>
      <EventID>1</EventID>
      <Version>5</Version>
      <Level>4</Level>
      <Task>1</Task>
      <Opcode>0</Opcode>
      <Keywords>0x8000000000000000</Keywords>
      <TimeCreated SystemTime=""2023-12-27T22:38:47.4082404Z""/>
      <EventRecordID>19593</EventRecordID>
      <Correlation/>
      <Execution ProcessID=""3588"" ThreadID=""5124""/>
      <Channel>Microsoft-Windows-Sysmon/Operational</Channel>
      <Computer>WinDev2309Eval</Computer>
      <Security UserID=""S-1-5-18""/>
    </System>
    <EventData>
      <Data Name=""RuleName"">-</Data>
      <Data Name=""UtcTime"">2023-12-27 22:38:47.407</Data>
      <Data Name=""ProcessGuid"">{f57bd86a-a777-658c-d101-000000000f00}</Data>
      <Data Name=""ProcessId"">6936</Data>
      <Data Name=""Image"">C:\Windows\Microsoft.NET\Framework64\v4.0.30319\cvtres.exe</Data>
      <Data Name=""FileVersion"">14.32.31326.0</Data>
      <Data Name=""Description"">Microsoft&#174; Resource File To COFF Object Conversion Utility</Data>
      <Data Name=""Product"">Microsoft&#174; .NET Framework</Data>
      <Data Name=""Company"">Microsoft Corporation</Data>
      <Data Name=""OriginalFileName"">CVTRES.EXE</Data>
      <Data Name=""CommandLine"">C:\Windows\Microsoft.NET\Framework64\v4.0.30319\cvtres.exe /NOLOGO /READONLY /MACHINE:IX86 ""/OUT:C:\Users\User\AppData\Local\Temp\RES6017.tmp"" ""c:\Users\User\AppData\Local\Temp\CSC12E233C279634D08B446B4E13096B949.TMP""</Data>
      <Data Name=""CurrentDirectory"">C:\Users\User\AppData\Local\Temp\</Data>
      <Data Name=""User"">WINDEV2309EVAL\User</Data>
      <Data Name=""LogonGuid"">{f57bd86a-36f9-658c-7bf8-020000000000}</Data>
      <Data Name=""LogonId"">0x2f87b</Data>
      <Data Name=""TerminalSessionId"">1</Data>
      <Data Name=""IntegrityLevel"">Medium</Data>
      <Data Name=""Hashes"">MD5=8166CCB6A04B855AA918B36079C63B7D,SHA256=FD3EF1B4C91B2E85CCD05724A7CD527A3A27D7D549B0DCDB70D3D78BE120C560,IMPHASH=45A00F7304B8F089973962FBEF618959</Data>
      <Data Name=""ParentProcessGuid"">{f57bd86a-a777-658c-d001-000000000f00}</Data>
      <Data Name=""ParentProcessId"">3824</Data>
      <Data Name=""ParentImage"">C:\Windows\Microsoft.NET\Framework64\v4.0.30319\csc.exe</Data>
      <Data Name=""ParentCommandLine"">""C:\Windows\Microsoft.NET\Framework64\v4.0.30319\csc.exe"" /noconfig /fullpaths @""C:\Users\User\AppData\Local\Temp\dhajhcsi.cmdline""</Data>
      <Data Name=""ParentUser"">WINDEV2309EVAL\User</Data>
    </EventData>
    <RenderingInfo Culture=""en-US"">
      <Message>Process Create:

RuleName: -

UtcTime: 2023-12-27 22:38:47.407

ProcessGuid: {f57bd86a-a777-658c-d101-000000000f00}

ProcessId: 6936

Image: C:\Windows\Microsoft.NET\Framework64\v4.0.30319\cvtres.exe

FileVersion: 14.32.31326.0

Description: Microsoft&#174; Resource File To COFF Object Conversion Utility

Product: Microsoft&#174; .NET Framework

Company: Microsoft Corporation

OriginalFileName: CVTRES.EXE

CommandLine: C:\Windows\Microsoft.NET\Framework64\v4.0.30319\cvtres.exe /NOLOGO /READONLY /MACHINE:IX86 ""/OUT:C:\Users\User\AppData\Local\Temp\RES6017.tmp"" ""c:\Users\User\AppData\Local\Temp\CSC12E233C279634D08B446B4E13096B949.TMP""

CurrentDirectory: C:\Users\User\AppData\Local\Temp\

User: WINDEV2309EVAL\User

LogonGuid: {f57bd86a-36f9-658c-7bf8-020000000000}

LogonId: 0x2F87B

TerminalSessionId: 1

IntegrityLevel: Medium

Hashes: MD5=8166CCB6A04B855AA918B36079C63B7D,SHA256=FD3EF1B4C91B2E85CCD05724A7CD527A3A27D7D549B0DCDB70D3D78BE120C560,IMPHASH=45A00F7304B8F089973962FBEF618959

ParentProcessGuid: {f57bd86a-a777-658c-d001-000000000f00}

ParentProcessId: 3824

ParentImage: C:\Windows\Microsoft.NET\Framework64\v4.0.30319\csc.exe

ParentCommandLine: ""C:\Windows\Microsoft.NET\Framework64\v4.0.30319\csc.exe"" /noconfig /fullpaths @""C:\Users\User\AppData\Local\Temp\dhajhcsi.cmdline""

ParentUser: WINDEV2309EVAL\User</Message>
      <Level>Information</Level>
      <Task>Process Create (rule: ProcessCreate)</Task>
      <Opcode>Info</Opcode>
    </RenderingInfo>
  </Event>
  
"
Microsoft-Windows-Sysmon/Operational,"""C:\Windows\Microsoft.NET\Framework64\v4.0.30319\csc.exe"" /noconfig /fullpaths @""C:\Users\User\AppData\Local\Temp\dhajhcsi.cmdline""",Microsoft Corporation,WinDev2309Eval,,C:\Users\User\AppData\Local\Temp\,Visual C# Command Line Compiler,,1,19592,,4.8.9032.0 built by: NET481REL1,"MD5=0700180046633A40D24729AE8CACC158,SHA256=A725546BDE53F1AD533E74ABB01DD5ED5F07B171F5C284738DA88F6CE478CF5F,IMPHASH=2E6A9097FBA347A254DAC72662FE1259",C:\Windows\Microsoft.NET\Framework64\v4.0.30319\csc.exe,Medium,0x8000000000000000,Information,{f57bd86a-36f9-658c-7bf8-020000000000},0x2f87b,"Process Create:

RuleName: -

UtcTime: 2023-12-27 22:38:47.339

ProcessGuid: {f57bd86a-a777-658c-d001-000000000f00}

ProcessId: 3824

Image: C:\Windows\Microsoft.NET\Framework64\v4.0.30319\csc.exe

FileVersion: 4.8.9032.0 built by: NET481REL1

Description: Visual C# Command Line Compiler

Product: Microsoft® .NET Framework

Company: Microsoft Corporation

OriginalFileName: csc.exe

CommandLine: ""C:\Windows\Microsoft.NET\Framework64\v4.0.30319\csc.exe"" /noconfig /fullpaths @""C:\Users\User\AppData\Local\Temp\dhajhcsi.cmdline""

CurrentDirectory: C:\Users\User\AppData\Local\Temp\

User: WINDEV2309EVAL\User

LogonGuid: {f57bd86a-36f9-658c-7bf8-020000000000}

LogonId: 0x2F87B

TerminalSessionId: 1

IntegrityLevel: Medium

Hashes: MD5=0700180046633A40D24729AE8CACC158,SHA256=A725546BDE53F1AD533E74ABB01DD5ED5F07B171F5C284738DA88F6CE478CF5F,IMPHASH=2E6A9097FBA347A254DAC72662FE1259

ParentProcessGuid: {f57bd86a-a775-658c-ce01-000000000f00}

ParentProcessId: 2020

ParentImage: C:\Windows\System32\WindowsPowerShell\v1.0\powershell.exe

ParentCommandLine: ""powershell.exe"" & {# Import the required test harness function, Invoke-BuildAndInvokeInstallUtilAssembly
. \""""C:\AtomicRedTeam\atomics\T1218.004\src\InstallUtilTestHarness.ps1\""""

$InstallerAssemblyDir = \""""$Env:TEMP\\""""
$InstallerAssemblyFileName = \""""T1218.004.dll\""""
$InstallerAssemblyFullPath = Join-Path -Path $InstallerAssemblyDir -ChildPath $InstallerAssemblyFileName

$CommandLine = \""""/logfile= /logtoconsole=false `\""""$InstallerAssemblyFullPath`\""""\""""
$ExpectedOutput = 'Constructor_'

$TestArgs = @{
    OutputAssemblyDirectory = $InstallerAssemblyDir
    OutputAssemblyFileName = $InstallerAssemblyFileName
    InvocationMethod = 'Executable'
    CommandLine = $CommandLine
}

$ActualOutput = Invoke-BuildAndInvokeInstallUtilAssembly @TestArgs -MinimumViableAssembly

if ($ActualOutput -ne $ExpectedOutput) {
    throw @\""""
InstallUtil class constructor execution test failure. Installer assembly execution output did not match the expected output.
Expected: $ExpectedOutput
Actual: $ActualOutput
\""""@
}}

ParentUser: WINDEV2309EVAL\User",Info,csc.exe,"""powershell.exe"" & {# Import the required test harness function, Invoke-BuildAndInvokeInstallUtilAssembly
. \""""C:\AtomicRedTeam\atomics\T1218.004\src\InstallUtilTestHarness.ps1\""""

$InstallerAssemblyDir = \""""$Env:TEMP\\""""
$InstallerAssemblyFileName = \""""T1218.004.dll\""""
$InstallerAssemblyFullPath = Join-Path -Path $InstallerAssemblyDir -ChildPath $InstallerAssemblyFileName

$CommandLine = \""""/logfile= /logtoconsole=false `\""""$InstallerAssemblyFullPath`\""""\""""
$ExpectedOutput = 'Constructor_'

$TestArgs = @{
    OutputAssemblyDirectory = $InstallerAssemblyDir
    OutputAssemblyFileName = $InstallerAssemblyFileName
    InvocationMethod = 'Executable'
    CommandLine = $CommandLine
}

$ActualOutput = Invoke-BuildAndInvokeInstallUtilAssembly @TestArgs -MinimumViableAssembly

if ($ActualOutput -ne $ExpectedOutput) {
    throw @\""""
InstallUtil class constructor execution test failure. Installer assembly execution output did not match the expected output.
Expected: $ExpectedOutput
Actual: $ActualOutput
\""""@
}}",C:\Windows\System32\WindowsPowerShell\v1.0\powershell.exe,{f57bd86a-a775-658c-ce01-000000000f00},2020,WINDEV2309EVAL\User,{f57bd86a-a777-658c-d001-000000000f00},3588,3824,Microsoft® .NET Framework,,,,"
      ",-,2023-12-27T22:38:47.3401244Z,,,Process Create (rule: ProcessCreate),1,5124,WINDEV2309EVAL\User,S-1-5-18,2023-12-27 22:38:47.339,5,"<Event xmlns=""http://schemas.microsoft.com/win/2004/08/events/event"">
    <System>
      <Provider Name=""Microsoft-Windows-Sysmon"" Guid=""{5770385f-c22a-43e0-bf4c-06f5698ffbd9}""/>
      <EventID>1</EventID>
      <Version>5</Version>
      <Level>4</Level>
      <Task>1</Task>
      <Opcode>0</Opcode>
      <Keywords>0x8000000000000000</Keywords>
      <TimeCreated SystemTime=""2023-12-27T22:38:47.3401244Z""/>
      <EventRecordID>19592</EventRecordID>
      <Correlation/>
      <Execution ProcessID=""3588"" ThreadID=""5124""/>
      <Channel>Microsoft-Windows-Sysmon/Operational</Channel>
      <Computer>WinDev2309Eval</Computer>
      <Security UserID=""S-1-5-18""/>
    </System>
    <EventData>
      <Data Name=""RuleName"">-</Data>
      <Data Name=""UtcTime"">2023-12-27 22:38:47.339</Data>
      <Data Name=""ProcessGuid"">{f57bd86a-a777-658c-d001-000000000f00}</Data>
      <Data Name=""ProcessId"">3824</Data>
      <Data Name=""Image"">C:\Windows\Microsoft.NET\Framework64\v4.0.30319\csc.exe</Data>
      <Data Name=""FileVersion"">4.8.9032.0 built by: NET481REL1</Data>
      <Data Name=""Description"">Visual C# Command Line Compiler</Data>
      <Data Name=""Product"">Microsoft&#174; .NET Framework</Data>
      <Data Name=""Company"">Microsoft Corporation</Data>
      <Data Name=""OriginalFileName"">csc.exe</Data>
      <Data Name=""CommandLine"">""C:\Windows\Microsoft.NET\Framework64\v4.0.30319\csc.exe"" /noconfig /fullpaths @""C:\Users\User\AppData\Local\Temp\dhajhcsi.cmdline""</Data>
      <Data Name=""CurrentDirectory"">C:\Users\User\AppData\Local\Temp\</Data>
      <Data Name=""User"">WINDEV2309EVAL\User</Data>
      <Data Name=""LogonGuid"">{f57bd86a-36f9-658c-7bf8-020000000000}</Data>
      <Data Name=""LogonId"">0x2f87b</Data>
      <Data Name=""TerminalSessionId"">1</Data>
      <Data Name=""IntegrityLevel"">Medium</Data>
      <Data Name=""Hashes"">MD5=0700180046633A40D24729AE8CACC158,SHA256=A725546BDE53F1AD533E74ABB01DD5ED5F07B171F5C284738DA88F6CE478CF5F,IMPHASH=2E6A9097FBA347A254DAC72662FE1259</Data>
      <Data Name=""ParentProcessGuid"">{f57bd86a-a775-658c-ce01-000000000f00}</Data>
      <Data Name=""ParentProcessId"">2020</Data>
      <Data Name=""ParentImage"">C:\Windows\System32\WindowsPowerShell\v1.0\powershell.exe</Data>
      <Data Name=""ParentCommandLine"">""powershell.exe"" &amp; {# Import the required test harness function, Invoke-BuildAndInvokeInstallUtilAssembly
. \""""C:\AtomicRedTeam\atomics\T1218.004\src\InstallUtilTestHarness.ps1\""""

$InstallerAssemblyDir = \""""$Env:TEMP\\""""
$InstallerAssemblyFileName = \""""T1218.004.dll\""""
$InstallerAssemblyFullPath = Join-Path -Path $InstallerAssemblyDir -ChildPath $InstallerAssemblyFileName

$CommandLine = \""""/logfile= /logtoconsole=false `\""""$InstallerAssemblyFullPath`\""""\""""
$ExpectedOutput = 'Constructor_'

$TestArgs = @{
    OutputAssemblyDirectory = $InstallerAssemblyDir
    OutputAssemblyFileName = $InstallerAssemblyFileName
    InvocationMethod = 'Executable'
    CommandLine = $CommandLine
}

$ActualOutput = Invoke-BuildAndInvokeInstallUtilAssembly @TestArgs -MinimumViableAssembly

if ($ActualOutput -ne $ExpectedOutput) {
    throw @\""""
InstallUtil class constructor execution test failure. Installer assembly execution output did not match the expected output.
Expected: $ExpectedOutput
Actual: $ActualOutput
\""""@
}}</Data>
      <Data Name=""ParentUser"">WINDEV2309EVAL\User</Data>
    </EventData>
    <RenderingInfo Culture=""en-US"">
      <Message>Process Create:

RuleName: -

UtcTime: 2023-12-27 22:38:47.339

ProcessGuid: {f57bd86a-a777-658c-d001-000000000f00}

ProcessId: 3824

Image: C:\Windows\Microsoft.NET\Framework64\v4.0.30319\csc.exe

FileVersion: 4.8.9032.0 built by: NET481REL1

Description: Visual C# Command Line Compiler

Product: Microsoft&#174; .NET Framework

Company: Microsoft Corporation

OriginalFileName: csc.exe

CommandLine: ""C:\Windows\Microsoft.NET\Framework64\v4.0.30319\csc.exe"" /noconfig /fullpaths @""C:\Users\User\AppData\Local\Temp\dhajhcsi.cmdline""

CurrentDirectory: C:\Users\User\AppData\Local\Temp\

User: WINDEV2309EVAL\User

LogonGuid: {f57bd86a-36f9-658c-7bf8-020000000000}

LogonId: 0x2F87B

TerminalSessionId: 1

IntegrityLevel: Medium

Hashes: MD5=0700180046633A40D24729AE8CACC158,SHA256=A725546BDE53F1AD533E74ABB01DD5ED5F07B171F5C284738DA88F6CE478CF5F,IMPHASH=2E6A9097FBA347A254DAC72662FE1259

ParentProcessGuid: {f57bd86a-a775-658c-ce01-000000000f00}

ParentProcessId: 2020

ParentImage: C:\Windows\System32\WindowsPowerShell\v1.0\powershell.exe

ParentCommandLine: ""powershell.exe"" &amp; {# Import the required test harness function, Invoke-BuildAndInvokeInstallUtilAssembly
. \""""C:\AtomicRedTeam\atomics\T1218.004\src\InstallUtilTestHarness.ps1\""""

$InstallerAssemblyDir = \""""$Env:TEMP\\""""
$InstallerAssemblyFileName = \""""T1218.004.dll\""""
$InstallerAssemblyFullPath = Join-Path -Path $InstallerAssemblyDir -ChildPath $InstallerAssemblyFileName

$CommandLine = \""""/logfile= /logtoconsole=false `\""""$InstallerAssemblyFullPath`\""""\""""
$ExpectedOutput = 'Constructor_'

$TestArgs = @{
    OutputAssemblyDirectory = $InstallerAssemblyDir
    OutputAssemblyFileName = $InstallerAssemblyFileName
    InvocationMethod = 'Executable'
    CommandLine = $CommandLine
}

$ActualOutput = Invoke-BuildAndInvokeInstallUtilAssembly @TestArgs -MinimumViableAssembly

if ($ActualOutput -ne $ExpectedOutput) {
    throw @\""""
InstallUtil class constructor execution test failure. Installer assembly execution output did not match the expected output.
Expected: $ExpectedOutput
Actual: $ActualOutput
\""""@
}}

ParentUser: WINDEV2309EVAL\User</Message>
      <Level>Information</Level>
      <Task>Process Create (rule: ProcessCreate)</Task>
      <Opcode>Info</Opcode>
    </RenderingInfo>
  </Event>
  
"
Microsoft-Windows-Sysmon/Operational,,,WinDev2309Eval,2023-12-27 22:38:47.322,,,,11,19591,,,,C:\Windows\System32\WindowsPowerShell\v1.0\powershell.exe,,0x8000000000000000,Information,,,"File created:

RuleName: -

UtcTime: 2023-12-27 22:38:47.322

ProcessGuid: {f57bd86a-a775-658c-ce01-000000000f00}

ProcessId: 2020

Image: C:\Windows\System32\WindowsPowerShell\v1.0\powershell.exe

TargetFilename: C:\Users\User\AppData\Local\Temp\dhajhcsi.cmdline

CreationUtcTime: 2023-12-27 22:38:47.322

User: WINDEV2309EVAL\User",Info,,,,,,,{f57bd86a-a775-658c-ce01-000000000f00},3588,2020,,,,,"
      ",-,2023-12-27T22:38:47.3373415Z,C:\Users\User\AppData\Local\Temp\dhajhcsi.cmdline,,File created (rule: FileCreate),,5124,WINDEV2309EVAL\User,S-1-5-18,2023-12-27 22:38:47.322,2,"<Event xmlns=""http://schemas.microsoft.com/win/2004/08/events/event"">
    <System>
      <Provider Name=""Microsoft-Windows-Sysmon"" Guid=""{5770385f-c22a-43e0-bf4c-06f5698ffbd9}""/>
      <EventID>11</EventID>
      <Version>2</Version>
      <Level>4</Level>
      <Task>11</Task>
      <Opcode>0</Opcode>
      <Keywords>0x8000000000000000</Keywords>
      <TimeCreated SystemTime=""2023-12-27T22:38:47.3373415Z""/>
      <EventRecordID>19591</EventRecordID>
      <Correlation/>
      <Execution ProcessID=""3588"" ThreadID=""5124""/>
      <Channel>Microsoft-Windows-Sysmon/Operational</Channel>
      <Computer>WinDev2309Eval</Computer>
      <Security UserID=""S-1-5-18""/>
    </System>
    <EventData>
      <Data Name=""RuleName"">-</Data>
      <Data Name=""UtcTime"">2023-12-27 22:38:47.322</Data>
      <Data Name=""ProcessGuid"">{f57bd86a-a775-658c-ce01-000000000f00}</Data>
      <Data Name=""ProcessId"">2020</Data>
      <Data Name=""Image"">C:\Windows\System32\WindowsPowerShell\v1.0\powershell.exe</Data>
      <Data Name=""TargetFilename"">C:\Users\User\AppData\Local\Temp\dhajhcsi.cmdline</Data>
      <Data Name=""CreationUtcTime"">2023-12-27 22:38:47.322</Data>
      <Data Name=""User"">WINDEV2309EVAL\User</Data>
    </EventData>
    <RenderingInfo Culture=""en-US"">
      <Message>File created:

RuleName: -

UtcTime: 2023-12-27 22:38:47.322

ProcessGuid: {f57bd86a-a775-658c-ce01-000000000f00}

ProcessId: 2020

Image: C:\Windows\System32\WindowsPowerShell\v1.0\powershell.exe

TargetFilename: C:\Users\User\AppData\Local\Temp\dhajhcsi.cmdline

CreationUtcTime: 2023-12-27 22:38:47.322

User: WINDEV2309EVAL\User</Message>
      <Level>Information</Level>
      <Task>File created (rule: FileCreate)</Task>
      <Opcode>Info</Opcode>
    </RenderingInfo>
  </Event>
  
"
Microsoft-Windows-Sysmon/Operational,,,WinDev2309Eval,2023-12-27 22:38:46.088,,,,11,19590,,,,C:\Windows\System32\WindowsPowerShell\v1.0\powershell.exe,,0x8000000000000000,Information,,,"File created:

RuleName: -

UtcTime: 2023-12-27 22:38:46.088

ProcessGuid: {f57bd86a-a775-658c-ce01-000000000f00}

ProcessId: 2020

Image: C:\Windows\System32\WindowsPowerShell\v1.0\powershell.exe

TargetFilename: C:\Users\User\AppData\Local\Temp\__PSScriptPolicyTest_ed4oqmbu.bba.ps1

CreationUtcTime: 2023-12-27 22:38:46.088

User: WINDEV2309EVAL\User",Info,,,,,,,{f57bd86a-a775-658c-ce01-000000000f00},3588,2020,,,,,"
      ",-,2023-12-27T22:38:46.0963566Z,C:\Users\User\AppData\Local\Temp\__PSScriptPolicyTest_ed4oqmbu.bba.ps1,,File created (rule: FileCreate),,5124,WINDEV2309EVAL\User,S-1-5-18,2023-12-27 22:38:46.088,2,"<Event xmlns=""http://schemas.microsoft.com/win/2004/08/events/event"">
    <System>
      <Provider Name=""Microsoft-Windows-Sysmon"" Guid=""{5770385f-c22a-43e0-bf4c-06f5698ffbd9}""/>
      <EventID>11</EventID>
      <Version>2</Version>
      <Level>4</Level>
      <Task>11</Task>
      <Opcode>0</Opcode>
      <Keywords>0x8000000000000000</Keywords>
      <TimeCreated SystemTime=""2023-12-27T22:38:46.0963566Z""/>
      <EventRecordID>19590</EventRecordID>
      <Correlation/>
      <Execution ProcessID=""3588"" ThreadID=""5124""/>
      <Channel>Microsoft-Windows-Sysmon/Operational</Channel>
      <Computer>WinDev2309Eval</Computer>
      <Security UserID=""S-1-5-18""/>
    </System>
    <EventData>
      <Data Name=""RuleName"">-</Data>
      <Data Name=""UtcTime"">2023-12-27 22:38:46.088</Data>
      <Data Name=""ProcessGuid"">{f57bd86a-a775-658c-ce01-000000000f00}</Data>
      <Data Name=""ProcessId"">2020</Data>
      <Data Name=""Image"">C:\Windows\System32\WindowsPowerShell\v1.0\powershell.exe</Data>
      <Data Name=""TargetFilename"">C:\Users\User\AppData\Local\Temp\__PSScriptPolicyTest_ed4oqmbu.bba.ps1</Data>
      <Data Name=""CreationUtcTime"">2023-12-27 22:38:46.088</Data>
      <Data Name=""User"">WINDEV2309EVAL\User</Data>
    </EventData>
    <RenderingInfo Culture=""en-US"">
      <Message>File created:

RuleName: -

UtcTime: 2023-12-27 22:38:46.088

ProcessGuid: {f57bd86a-a775-658c-ce01-000000000f00}

ProcessId: 2020

Image: C:\Windows\System32\WindowsPowerShell\v1.0\powershell.exe

TargetFilename: C:\Users\User\AppData\Local\Temp\__PSScriptPolicyTest_ed4oqmbu.bba.ps1

CreationUtcTime: 2023-12-27 22:38:46.088

User: WINDEV2309EVAL\User</Message>
      <Level>Information</Level>
      <Task>File created (rule: FileCreate)</Task>
      <Opcode>Info</Opcode>
    </RenderingInfo>
  </Event>
  
"
Microsoft-Windows-Sysmon/Operational,"""powershell.exe"" & {# Import the required test harness function, Invoke-BuildAndInvokeInstallUtilAssembly
. \""""C:\AtomicRedTeam\atomics\T1218.004\src\InstallUtilTestHarness.ps1\""""

$InstallerAssemblyDir = \""""$Env:TEMP\\""""
$InstallerAssemblyFileName = \""""T1218.004.dll\""""
$InstallerAssemblyFullPath = Join-Path -Path $InstallerAssemblyDir -ChildPath $InstallerAssemblyFileName

$CommandLine = \""""/logfile= /logtoconsole=false `\""""$InstallerAssemblyFullPath`\""""\""""
$ExpectedOutput = 'Constructor_'

$TestArgs = @{
    OutputAssemblyDirectory = $InstallerAssemblyDir
    OutputAssemblyFileName = $InstallerAssemblyFileName
    InvocationMethod = 'Executable'
    CommandLine = $CommandLine
}

$ActualOutput = Invoke-BuildAndInvokeInstallUtilAssembly @TestArgs -MinimumViableAssembly

if ($ActualOutput -ne $ExpectedOutput) {
    throw @\""""
InstallUtil class constructor execution test failure. Installer assembly execution output did not match the expected output.
Expected: $ExpectedOutput
Actual: $ActualOutput
\""""@
}}",Microsoft Corporation,WinDev2309Eval,,C:\Users\User\AppData\Local\Temp\,Windows PowerShell,,1,19589,,10.0.22621.2506 (WinBuild.160101.0800),"MD5=2D1D70C92A419D9079B047954C611886,SHA256=C50057756CDB25D481CF2502ABCEF124F864C27618C5057468BFC6B82B2C4EDD,IMPHASH=E09C4F82A1DA13A09F4FF2E625FEBA20",C:\Windows\System32\WindowsPowerShell\v1.0\powershell.exe,Medium,0x8000000000000000,Information,{f57bd86a-36f9-658c-7bf8-020000000000},0x2f87b,"Process Create:

RuleName: -

UtcTime: 2023-12-27 22:38:45.977

ProcessGuid: {f57bd86a-a775-658c-ce01-000000000f00}

ProcessId: 2020

Image: C:\Windows\System32\WindowsPowerShell\v1.0\powershell.exe

FileVersion: 10.0.22621.2506 (WinBuild.160101.0800)

Description: Windows PowerShell

Product: Microsoft® Windows® Operating System

Company: Microsoft Corporation

OriginalFileName: PowerShell.EXE

CommandLine: ""powershell.exe"" & {# Import the required test harness function, Invoke-BuildAndInvokeInstallUtilAssembly
. \""""C:\AtomicRedTeam\atomics\T1218.004\src\InstallUtilTestHarness.ps1\""""

$InstallerAssemblyDir = \""""$Env:TEMP\\""""
$InstallerAssemblyFileName = \""""T1218.004.dll\""""
$InstallerAssemblyFullPath = Join-Path -Path $InstallerAssemblyDir -ChildPath $InstallerAssemblyFileName

$CommandLine = \""""/logfile= /logtoconsole=false `\""""$InstallerAssemblyFullPath`\""""\""""
$ExpectedOutput = 'Constructor_'

$TestArgs = @{
    OutputAssemblyDirectory = $InstallerAssemblyDir
    OutputAssemblyFileName = $InstallerAssemblyFileName
    InvocationMethod = 'Executable'
    CommandLine = $CommandLine
}

$ActualOutput = Invoke-BuildAndInvokeInstallUtilAssembly @TestArgs -MinimumViableAssembly

if ($ActualOutput -ne $ExpectedOutput) {
    throw @\""""
InstallUtil class constructor execution test failure. Installer assembly execution output did not match the expected output.
Expected: $ExpectedOutput
Actual: $ActualOutput
\""""@
}}

CurrentDirectory: C:\Users\User\AppData\Local\Temp\

User: WINDEV2309EVAL\User

LogonGuid: {f57bd86a-36f9-658c-7bf8-020000000000}

LogonId: 0x2F87B

TerminalSessionId: 1

IntegrityLevel: Medium

Hashes: MD5=2D1D70C92A419D9079B047954C611886,SHA256=C50057756CDB25D481CF2502ABCEF124F864C27618C5057468BFC6B82B2C4EDD,IMPHASH=E09C4F82A1DA13A09F4FF2E625FEBA20

ParentProcessGuid: {00000000-0000-0000-0000-000000000000}

ParentProcessId: 1688

ParentImage: -

ParentCommandLine: -

ParentUser: -",Info,PowerShell.EXE,-,-,{00000000-0000-0000-0000-000000000000},1688,-,{f57bd86a-a775-658c-ce01-000000000f00},3588,2020,Microsoft® Windows® Operating System,,,,"
      ",-,2023-12-27T22:38:45.9787704Z,,,Process Create (rule: ProcessCreate),1,5124,WINDEV2309EVAL\User,S-1-5-18,2023-12-27 22:38:45.977,5,"<Event xmlns=""http://schemas.microsoft.com/win/2004/08/events/event"">
    <System>
      <Provider Name=""Microsoft-Windows-Sysmon"" Guid=""{5770385f-c22a-43e0-bf4c-06f5698ffbd9}""/>
      <EventID>1</EventID>
      <Version>5</Version>
      <Level>4</Level>
      <Task>1</Task>
      <Opcode>0</Opcode>
      <Keywords>0x8000000000000000</Keywords>
      <TimeCreated SystemTime=""2023-12-27T22:38:45.9787704Z""/>
      <EventRecordID>19589</EventRecordID>
      <Correlation/>
      <Execution ProcessID=""3588"" ThreadID=""5124""/>
      <Channel>Microsoft-Windows-Sysmon/Operational</Channel>
      <Computer>WinDev2309Eval</Computer>
      <Security UserID=""S-1-5-18""/>
    </System>
    <EventData>
      <Data Name=""RuleName"">-</Data>
      <Data Name=""UtcTime"">2023-12-27 22:38:45.977</Data>
      <Data Name=""ProcessGuid"">{f57bd86a-a775-658c-ce01-000000000f00}</Data>
      <Data Name=""ProcessId"">2020</Data>
      <Data Name=""Image"">C:\Windows\System32\WindowsPowerShell\v1.0\powershell.exe</Data>
      <Data Name=""FileVersion"">10.0.22621.2506 (WinBuild.160101.0800)</Data>
      <Data Name=""Description"">Windows PowerShell</Data>
      <Data Name=""Product"">Microsoft&#174; Windows&#174; Operating System</Data>
      <Data Name=""Company"">Microsoft Corporation</Data>
      <Data Name=""OriginalFileName"">PowerShell.EXE</Data>
      <Data Name=""CommandLine"">""powershell.exe"" &amp; {# Import the required test harness function, Invoke-BuildAndInvokeInstallUtilAssembly
. \""""C:\AtomicRedTeam\atomics\T1218.004\src\InstallUtilTestHarness.ps1\""""

$InstallerAssemblyDir = \""""$Env:TEMP\\""""
$InstallerAssemblyFileName = \""""T1218.004.dll\""""
$InstallerAssemblyFullPath = Join-Path -Path $InstallerAssemblyDir -ChildPath $InstallerAssemblyFileName

$CommandLine = \""""/logfile= /logtoconsole=false `\""""$InstallerAssemblyFullPath`\""""\""""
$ExpectedOutput = 'Constructor_'

$TestArgs = @{
    OutputAssemblyDirectory = $InstallerAssemblyDir
    OutputAssemblyFileName = $InstallerAssemblyFileName
    InvocationMethod = 'Executable'
    CommandLine = $CommandLine
}

$ActualOutput = Invoke-BuildAndInvokeInstallUtilAssembly @TestArgs -MinimumViableAssembly

if ($ActualOutput -ne $ExpectedOutput) {
    throw @\""""
InstallUtil class constructor execution test failure. Installer assembly execution output did not match the expected output.
Expected: $ExpectedOutput
Actual: $ActualOutput
\""""@
}}</Data>
      <Data Name=""CurrentDirectory"">C:\Users\User\AppData\Local\Temp\</Data>
      <Data Name=""User"">WINDEV2309EVAL\User</Data>
      <Data Name=""LogonGuid"">{f57bd86a-36f9-658c-7bf8-020000000000}</Data>
      <Data Name=""LogonId"">0x2f87b</Data>
      <Data Name=""TerminalSessionId"">1</Data>
      <Data Name=""IntegrityLevel"">Medium</Data>
      <Data Name=""Hashes"">MD5=2D1D70C92A419D9079B047954C611886,SHA256=C50057756CDB25D481CF2502ABCEF124F864C27618C5057468BFC6B82B2C4EDD,IMPHASH=E09C4F82A1DA13A09F4FF2E625FEBA20</Data>
      <Data Name=""ParentProcessGuid"">{00000000-0000-0000-0000-000000000000}</Data>
      <Data Name=""ParentProcessId"">1688</Data>
      <Data Name=""ParentImage"">-</Data>
      <Data Name=""ParentCommandLine"">-</Data>
      <Data Name=""ParentUser"">-</Data>
    </EventData>
    <RenderingInfo Culture=""en-US"">
      <Message>Process Create:

RuleName: -

UtcTime: 2023-12-27 22:38:45.977

ProcessGuid: {f57bd86a-a775-658c-ce01-000000000f00}

ProcessId: 2020

Image: C:\Windows\System32\WindowsPowerShell\v1.0\powershell.exe

FileVersion: 10.0.22621.2506 (WinBuild.160101.0800)

Description: Windows PowerShell

Product: Microsoft&#174; Windows&#174; Operating System

Company: Microsoft Corporation

OriginalFileName: PowerShell.EXE

CommandLine: ""powershell.exe"" &amp; {# Import the required test harness function, Invoke-BuildAndInvokeInstallUtilAssembly
. \""""C:\AtomicRedTeam\atomics\T1218.004\src\InstallUtilTestHarness.ps1\""""

$InstallerAssemblyDir = \""""$Env:TEMP\\""""
$InstallerAssemblyFileName = \""""T1218.004.dll\""""
$InstallerAssemblyFullPath = Join-Path -Path $InstallerAssemblyDir -ChildPath $InstallerAssemblyFileName

$CommandLine = \""""/logfile= /logtoconsole=false `\""""$InstallerAssemblyFullPath`\""""\""""
$ExpectedOutput = 'Constructor_'

$TestArgs = @{
    OutputAssemblyDirectory = $InstallerAssemblyDir
    OutputAssemblyFileName = $InstallerAssemblyFileName
    InvocationMethod = 'Executable'
    CommandLine = $CommandLine
}

$ActualOutput = Invoke-BuildAndInvokeInstallUtilAssembly @TestArgs -MinimumViableAssembly

if ($ActualOutput -ne $ExpectedOutput) {
    throw @\""""
InstallUtil class constructor execution test failure. Installer assembly execution output did not match the expected output.
Expected: $ExpectedOutput
Actual: $ActualOutput
\""""@
}}

CurrentDirectory: C:\Users\User\AppData\Local\Temp\

User: WINDEV2309EVAL\User

LogonGuid: {f57bd86a-36f9-658c-7bf8-020000000000}

LogonId: 0x2F87B

TerminalSessionId: 1

IntegrityLevel: Medium

Hashes: MD5=2D1D70C92A419D9079B047954C611886,SHA256=C50057756CDB25D481CF2502ABCEF124F864C27618C5057468BFC6B82B2C4EDD,IMPHASH=E09C4F82A1DA13A09F4FF2E625FEBA20

ParentProcessGuid: {00000000-0000-0000-0000-000000000000}

ParentProcessId: 1688

ParentImage: -

ParentCommandLine: -

ParentUser: -</Message>
      <Level>Information</Level>
      <Task>Process Create (rule: ProcessCreate)</Task>
      <Opcode>Info</Opcode>
    </RenderingInfo>
  </Event>
  
"
Microsoft-Windows-Sysmon/Operational,,,WinDev2309Eval,2023-12-27 22:38:45.369,,,,11,19588,,,,C:\Windows\Microsoft.NET\Framework64\v4.0.30319\csc.exe,,0x8000000000000000,Information,,,"File created:

RuleName: DLL

UtcTime: 2023-12-27 22:38:45.468

ProcessGuid: {f57bd86a-a775-658c-cc01-000000000f00}

ProcessId: 3220

Image: C:\Windows\Microsoft.NET\Framework64\v4.0.30319\csc.exe

TargetFilename: C:\Users\User\AppData\Local\Temp\qppdpbdq.dll

CreationUtcTime: 2023-12-27 22:38:45.369

User: WINDEV2309EVAL\User",Info,,,,,,,{f57bd86a-a775-658c-cc01-000000000f00},3588,3220,,,,,"
      ",DLL,2023-12-27T22:38:45.4740506Z,C:\Users\User\AppData\Local\Temp\qppdpbdq.dll,,File created (rule: FileCreate),,5124,WINDEV2309EVAL\User,S-1-5-18,2023-12-27 22:38:45.468,2,"<Event xmlns=""http://schemas.microsoft.com/win/2004/08/events/event"">
    <System>
      <Provider Name=""Microsoft-Windows-Sysmon"" Guid=""{5770385f-c22a-43e0-bf4c-06f5698ffbd9}""/>
      <EventID>11</EventID>
      <Version>2</Version>
      <Level>4</Level>
      <Task>11</Task>
      <Opcode>0</Opcode>
      <Keywords>0x8000000000000000</Keywords>
      <TimeCreated SystemTime=""2023-12-27T22:38:45.4740506Z""/>
      <EventRecordID>19588</EventRecordID>
      <Correlation/>
      <Execution ProcessID=""3588"" ThreadID=""5124""/>
      <Channel>Microsoft-Windows-Sysmon/Operational</Channel>
      <Computer>WinDev2309Eval</Computer>
      <Security UserID=""S-1-5-18""/>
    </System>
    <EventData>
      <Data Name=""RuleName"">DLL</Data>
      <Data Name=""UtcTime"">2023-12-27 22:38:45.468</Data>
      <Data Name=""ProcessGuid"">{f57bd86a-a775-658c-cc01-000000000f00}</Data>
      <Data Name=""ProcessId"">3220</Data>
      <Data Name=""Image"">C:\Windows\Microsoft.NET\Framework64\v4.0.30319\csc.exe</Data>
      <Data Name=""TargetFilename"">C:\Users\User\AppData\Local\Temp\qppdpbdq.dll</Data>
      <Data Name=""CreationUtcTime"">2023-12-27 22:38:45.369</Data>
      <Data Name=""User"">WINDEV2309EVAL\User</Data>
    </EventData>
    <RenderingInfo Culture=""en-US"">
      <Message>File created:

RuleName: DLL

UtcTime: 2023-12-27 22:38:45.468

ProcessGuid: {f57bd86a-a775-658c-cc01-000000000f00}

ProcessId: 3220

Image: C:\Windows\Microsoft.NET\Framework64\v4.0.30319\csc.exe

TargetFilename: C:\Users\User\AppData\Local\Temp\qppdpbdq.dll

CreationUtcTime: 2023-12-27 22:38:45.369

User: WINDEV2309EVAL\User</Message>
      <Level>Information</Level>
      <Task>File created (rule: FileCreate)</Task>
      <Opcode>Info</Opcode>
    </RenderingInfo>
  </Event>
  
"
Microsoft-Windows-Sysmon/Operational,"C:\Windows\Microsoft.NET\Framework64\v4.0.30319\cvtres.exe /NOLOGO /READONLY /MACHINE:IX86 ""/OUT:C:\Users\User\AppData\Local\Temp\RES5866.tmp"" ""c:\Users\User\AppData\Local\Temp\CSC49BBA83E654414B0D2CC0DA7C53AA.TMP""",Microsoft Corporation,WinDev2309Eval,,C:\Users\User\AppData\Local\Temp\,Microsoft® Resource File To COFF Object Conversion Utility,,1,19587,,14.32.31326.0,"MD5=8166CCB6A04B855AA918B36079C63B7D,SHA256=FD3EF1B4C91B2E85CCD05724A7CD527A3A27D7D549B0DCDB70D3D78BE120C560,IMPHASH=45A00F7304B8F089973962FBEF618959",C:\Windows\Microsoft.NET\Framework64\v4.0.30319\cvtres.exe,Medium,0x8000000000000000,Information,{f57bd86a-36f9-658c-7bf8-020000000000},0x2f87b,"Process Create:

RuleName: -

UtcTime: 2023-12-27 22:38:45.447

ProcessGuid: {f57bd86a-a775-658c-cd01-000000000f00}

ProcessId: 4660

Image: C:\Windows\Microsoft.NET\Framework64\v4.0.30319\cvtres.exe

FileVersion: 14.32.31326.0

Description: Microsoft® Resource File To COFF Object Conversion Utility

Product: Microsoft® .NET Framework

Company: Microsoft Corporation

OriginalFileName: CVTRES.EXE

CommandLine: C:\Windows\Microsoft.NET\Framework64\v4.0.30319\cvtres.exe /NOLOGO /READONLY /MACHINE:IX86 ""/OUT:C:\Users\User\AppData\Local\Temp\RES5866.tmp"" ""c:\Users\User\AppData\Local\Temp\CSC49BBA83E654414B0D2CC0DA7C53AA.TMP""

CurrentDirectory: C:\Users\User\AppData\Local\Temp\

User: WINDEV2309EVAL\User

LogonGuid: {f57bd86a-36f9-658c-7bf8-020000000000}

LogonId: 0x2F87B

TerminalSessionId: 1

IntegrityLevel: Medium

Hashes: MD5=8166CCB6A04B855AA918B36079C63B7D,SHA256=FD3EF1B4C91B2E85CCD05724A7CD527A3A27D7D549B0DCDB70D3D78BE120C560,IMPHASH=45A00F7304B8F089973962FBEF618959

ParentProcessGuid: {f57bd86a-a775-658c-cc01-000000000f00}

ParentProcessId: 3220

ParentImage: C:\Windows\Microsoft.NET\Framework64\v4.0.30319\csc.exe

ParentCommandLine: ""C:\Windows\Microsoft.NET\Framework64\v4.0.30319\csc.exe"" /noconfig /fullpaths @""C:\Users\User\AppData\Local\Temp\qppdpbdq.cmdline""

ParentUser: WINDEV2309EVAL\User",Info,CVTRES.EXE,"""C:\Windows\Microsoft.NET\Framework64\v4.0.30319\csc.exe"" /noconfig /fullpaths @""C:\Users\User\AppData\Local\Temp\qppdpbdq.cmdline""",C:\Windows\Microsoft.NET\Framework64\v4.0.30319\csc.exe,{f57bd86a-a775-658c-cc01-000000000f00},3220,WINDEV2309EVAL\User,{f57bd86a-a775-658c-cd01-000000000f00},3588,4660,Microsoft® .NET Framework,,,,"
      ",-,2023-12-27T22:38:45.4487411Z,,,Process Create (rule: ProcessCreate),1,5124,WINDEV2309EVAL\User,S-1-5-18,2023-12-27 22:38:45.447,5,"<Event xmlns=""http://schemas.microsoft.com/win/2004/08/events/event"">
    <System>
      <Provider Name=""Microsoft-Windows-Sysmon"" Guid=""{5770385f-c22a-43e0-bf4c-06f5698ffbd9}""/>
      <EventID>1</EventID>
      <Version>5</Version>
      <Level>4</Level>
      <Task>1</Task>
      <Opcode>0</Opcode>
      <Keywords>0x8000000000000000</Keywords>
      <TimeCreated SystemTime=""2023-12-27T22:38:45.4487411Z""/>
      <EventRecordID>19587</EventRecordID>
      <Correlation/>
      <Execution ProcessID=""3588"" ThreadID=""5124""/>
      <Channel>Microsoft-Windows-Sysmon/Operational</Channel>
      <Computer>WinDev2309Eval</Computer>
      <Security UserID=""S-1-5-18""/>
    </System>
    <EventData>
      <Data Name=""RuleName"">-</Data>
      <Data Name=""UtcTime"">2023-12-27 22:38:45.447</Data>
      <Data Name=""ProcessGuid"">{f57bd86a-a775-658c-cd01-000000000f00}</Data>
      <Data Name=""ProcessId"">4660</Data>
      <Data Name=""Image"">C:\Windows\Microsoft.NET\Framework64\v4.0.30319\cvtres.exe</Data>
      <Data Name=""FileVersion"">14.32.31326.0</Data>
      <Data Name=""Description"">Microsoft&#174; Resource File To COFF Object Conversion Utility</Data>
      <Data Name=""Product"">Microsoft&#174; .NET Framework</Data>
      <Data Name=""Company"">Microsoft Corporation</Data>
      <Data Name=""OriginalFileName"">CVTRES.EXE</Data>
      <Data Name=""CommandLine"">C:\Windows\Microsoft.NET\Framework64\v4.0.30319\cvtres.exe /NOLOGO /READONLY /MACHINE:IX86 ""/OUT:C:\Users\User\AppData\Local\Temp\RES5866.tmp"" ""c:\Users\User\AppData\Local\Temp\CSC49BBA83E654414B0D2CC0DA7C53AA.TMP""</Data>
      <Data Name=""CurrentDirectory"">C:\Users\User\AppData\Local\Temp\</Data>
      <Data Name=""User"">WINDEV2309EVAL\User</Data>
      <Data Name=""LogonGuid"">{f57bd86a-36f9-658c-7bf8-020000000000}</Data>
      <Data Name=""LogonId"">0x2f87b</Data>
      <Data Name=""TerminalSessionId"">1</Data>
      <Data Name=""IntegrityLevel"">Medium</Data>
      <Data Name=""Hashes"">MD5=8166CCB6A04B855AA918B36079C63B7D,SHA256=FD3EF1B4C91B2E85CCD05724A7CD527A3A27D7D549B0DCDB70D3D78BE120C560,IMPHASH=45A00F7304B8F089973962FBEF618959</Data>
      <Data Name=""ParentProcessGuid"">{f57bd86a-a775-658c-cc01-000000000f00}</Data>
      <Data Name=""ParentProcessId"">3220</Data>
      <Data Name=""ParentImage"">C:\Windows\Microsoft.NET\Framework64\v4.0.30319\csc.exe</Data>
      <Data Name=""ParentCommandLine"">""C:\Windows\Microsoft.NET\Framework64\v4.0.30319\csc.exe"" /noconfig /fullpaths @""C:\Users\User\AppData\Local\Temp\qppdpbdq.cmdline""</Data>
      <Data Name=""ParentUser"">WINDEV2309EVAL\User</Data>
    </EventData>
    <RenderingInfo Culture=""en-US"">
      <Message>Process Create:

RuleName: -

UtcTime: 2023-12-27 22:38:45.447

ProcessGuid: {f57bd86a-a775-658c-cd01-000000000f00}

ProcessId: 4660

Image: C:\Windows\Microsoft.NET\Framework64\v4.0.30319\cvtres.exe

FileVersion: 14.32.31326.0

Description: Microsoft&#174; Resource File To COFF Object Conversion Utility

Product: Microsoft&#174; .NET Framework

Company: Microsoft Corporation

OriginalFileName: CVTRES.EXE

CommandLine: C:\Windows\Microsoft.NET\Framework64\v4.0.30319\cvtres.exe /NOLOGO /READONLY /MACHINE:IX86 ""/OUT:C:\Users\User\AppData\Local\Temp\RES5866.tmp"" ""c:\Users\User\AppData\Local\Temp\CSC49BBA83E654414B0D2CC0DA7C53AA.TMP""

CurrentDirectory: C:\Users\User\AppData\Local\Temp\

User: WINDEV2309EVAL\User

LogonGuid: {f57bd86a-36f9-658c-7bf8-020000000000}

LogonId: 0x2F87B

TerminalSessionId: 1

IntegrityLevel: Medium

Hashes: MD5=8166CCB6A04B855AA918B36079C63B7D,SHA256=FD3EF1B4C91B2E85CCD05724A7CD527A3A27D7D549B0DCDB70D3D78BE120C560,IMPHASH=45A00F7304B8F089973962FBEF618959

ParentProcessGuid: {f57bd86a-a775-658c-cc01-000000000f00}

ParentProcessId: 3220

ParentImage: C:\Windows\Microsoft.NET\Framework64\v4.0.30319\csc.exe

ParentCommandLine: ""C:\Windows\Microsoft.NET\Framework64\v4.0.30319\csc.exe"" /noconfig /fullpaths @""C:\Users\User\AppData\Local\Temp\qppdpbdq.cmdline""

ParentUser: WINDEV2309EVAL\User</Message>
      <Level>Information</Level>
      <Task>Process Create (rule: ProcessCreate)</Task>
      <Opcode>Info</Opcode>
    </RenderingInfo>
  </Event>
  
"
