Microsoft-Windows-Sysmon/Operational,,,WinDev2309Eval,2023-12-27 22:38:50.472,,,,11,19611,,,,C:\Windows\Microsoft.NET\Framework64\v4.0.30319\csc.exe,,0x8000000000000000,Information,,,"File created:

RuleName: DLL

UtcTime: 2023-12-27 22:38:50.550

ProcessGuid: {f57bd86a-a77a-658c-d901-000000000f00}

ProcessId: 1740

Image: C:\Windows\Microsoft.NET\Framework64\v4.0.30319\csc.exe

TargetFilename: C:\Users\User\AppData\Local\Temp\wnhhayem.dll

CreationUtcTime: 2023-12-27 22:38:50.472

User: WINDEV2309EVAL\User",Info,,,,,,,{f57bd86a-a77a-658c-d901-000000000f00},3588,1740,,,,,"
      ",DLL,2023-12-27T22:38:50.5571387Z,C:\Users\User\AppData\Local\Temp\wnhhayem.dll,,File created (rule: FileCreate),,5124,WINDEV2309EVAL\User,S-1-5-18,2023-12-27 22:38:50.550,2,"<Event xmlns=""http://schemas.microsoft.com/win/2004/08/events/event"">
    <System>
      <Provider Name=""Microsoft-Windows-Sysmon"" Guid=""{5770385f-c22a-43e0-bf4c-06f5698ffbd9}""/>
      <EventID>11</EventID>
      <Version>2</Version>
      <Level>4</Level>
      <Task>11</Task>
      <Opcode>0</Opcode>
      <Keywords>0x8000000000000000</Keywords>
      <TimeCreated SystemTime=""2023-12-27T22:38:50.5571387Z""/>
      <EventRecordID>19611</EventRecordID>
      <Correlation/>
      <Execution ProcessID=""3588"" ThreadID=""5124""/>
      <Channel>Microsoft-Windows-Sysmon/Operational</Channel>
      <Computer>WinDev2309Eval</Computer>
      <Security UserID=""S-1-5-18""/>
    </System>
    <EventData>
      <Data Name=""RuleName"">DLL</Data>
      <Data Name=""UtcTime"">2023-12-27 22:38:50.550</Data>
      <Data Name=""ProcessGuid"">{f57bd86a-a77a-658c-d901-000000000f00}</Data>
      <Data Name=""ProcessId"">1740</Data>
      <Data Name=""Image"">C:\Windows\Microsoft.NET\Framework64\v4.0.30319\csc.exe</Data>
      <Data Name=""TargetFilename"">C:\Users\User\AppData\Local\Temp\wnhhayem.dll</Data>
      <Data Name=""CreationUtcTime"">2023-12-27 22:38:50.472</Data>
      <Data Name=""User"">WINDEV2309EVAL\User</Data>
    </EventData>
    <RenderingInfo Culture=""en-US"">
      <Message>File created:

RuleName: DLL

UtcTime: 2023-12-27 22:38:50.550

ProcessGuid: {f57bd86a-a77a-658c-d901-000000000f00}

ProcessId: 1740

Image: C:\Windows\Microsoft.NET\Framework64\v4.0.30319\csc.exe

TargetFilename: C:\Users\User\AppData\Local\Temp\wnhhayem.dll

CreationUtcTime: 2023-12-27 22:38:50.472

User: WINDEV2309EVAL\User</Message>
      <Level>Information</Level>
      <Task>File created (rule: FileCreate)</Task>
      <Opcode>Info</Opcode>
    </RenderingInfo>
  </Event>
  
"
Microsoft-Windows-Sysmon/Operational,"C:\Windows\Microsoft.NET\Framework64\v4.0.30319\cvtres.exe /NOLOGO /READONLY /MACHINE:IX86 ""/OUT:C:\Users\User\AppData\Local\Temp\RES6C4C.tmp"" ""c:\Users\User\AppData\Local\Temp\CSC52F75632B83F4EC5B9BCF6D52F319FC.TMP""",Microsoft Corporation,WinDev2309Eval,,C:\Users\User\AppData\Local\Temp\,Microsoft® Resource File To COFF Object Conversion Utility,,1,19610,,14.32.31326.0,"MD5=8166CCB6A04B855AA918B36079C63B7D,SHA256=FD3EF1B4C91B2E85CCD05724A7CD527A3A27D7D549B0DCDB70D3D78BE120C560,IMPHASH=45A00F7304B8F089973962FBEF618959",C:\Windows\Microsoft.NET\Framework64\v4.0.30319\cvtres.exe,Medium,0x8000000000000000,Information,{f57bd86a-36f9-658c-7bf8-020000000000},0x2f87b,"Process Create:

RuleName: -

UtcTime: 2023-12-27 22:38:50.545

ProcessGuid: {f57bd86a-a77a-658c-da01-000000000f00}

ProcessId: 4032

Image: C:\Windows\Microsoft.NET\Framework64\v4.0.30319\cvtres.exe

FileVersion: 14.32.31326.0

Description: Microsoft® Resource File To COFF Object Conversion Utility

Product: Microsoft® .NET Framework

Company: Microsoft Corporation

OriginalFileName: CVTRES.EXE

CommandLine: C:\Windows\Microsoft.NET\Framework64\v4.0.30319\cvtres.exe /NOLOGO /READONLY /MACHINE:IX86 ""/OUT:C:\Users\User\AppData\Local\Temp\RES6C4C.tmp"" ""c:\Users\User\AppData\Local\Temp\CSC52F75632B83F4EC5B9BCF6D52F319FC.TMP""

CurrentDirectory: C:\Users\User\AppData\Local\Temp\

User: WINDEV2309EVAL\User

LogonGuid: {f57bd86a-36f9-658c-7bf8-020000000000}

LogonId: 0x2F87B

TerminalSessionId: 1

IntegrityLevel: Medium

Hashes: MD5=8166CCB6A04B855AA918B36079C63B7D,SHA256=FD3EF1B4C91B2E85CCD05724A7CD527A3A27D7D549B0DCDB70D3D78BE120C560,IMPHASH=45A00F7304B8F089973962FBEF618959

ParentProcessGuid: {f57bd86a-a77a-658c-d901-000000000f00}

ParentProcessId: 1740

ParentImage: C:\Windows\Microsoft.NET\Framework64\v4.0.30319\csc.exe

ParentCommandLine: ""C:\Windows\Microsoft.NET\Framework64\v4.0.30319\csc.exe"" /noconfig /fullpaths @""C:\Users\User\AppData\Local\Temp\wnhhayem.cmdline""

ParentUser: WINDEV2309EVAL\User",Info,CVTRES.EXE,"""C:\Windows\Microsoft.NET\Framework64\v4.0.30319\csc.exe"" /noconfig /fullpaths @""C:\Users\User\AppData\Local\Temp\wnhhayem.cmdline""",C:\Windows\Microsoft.NET\Framework64\v4.0.30319\csc.exe,{f57bd86a-a77a-658c-d901-000000000f00},1740,WINDEV2309EVAL\User,{f57bd86a-a77a-658c-da01-000000000f00},3588,4032,Microsoft® .NET Framework,,,,"
      ",-,2023-12-27T22:38:50.5460530Z,,,Process Create (rule: ProcessCreate),1,5124,WINDEV2309EVAL\User,S-1-5-18,2023-12-27 22:38:50.545,5,"<Event xmlns=""http://schemas.microsoft.com/win/2004/08/events/event"">
    <System>
      <Provider Name=""Microsoft-Windows-Sysmon"" Guid=""{5770385f-c22a-43e0-bf4c-06f5698ffbd9}""/>
      <EventID>1</EventID>
      <Version>5</Version>
      <Level>4</Level>
      <Task>1</Task>
      <Opcode>0</Opcode>
      <Keywords>0x8000000000000000</Keywords>
      <TimeCreated SystemTime=""2023-12-27T22:38:50.5460530Z""/>
      <EventRecordID>19610</EventRecordID>
      <Correlation/>
      <Execution ProcessID=""3588"" ThreadID=""5124""/>
      <Channel>Microsoft-Windows-Sysmon/Operational</Channel>
      <Computer>WinDev2309Eval</Computer>
      <Security UserID=""S-1-5-18""/>
    </System>
    <EventData>
      <Data Name=""RuleName"">-</Data>
      <Data Name=""UtcTime"">2023-12-27 22:38:50.545</Data>
      <Data Name=""ProcessGuid"">{f57bd86a-a77a-658c-da01-000000000f00}</Data>
      <Data Name=""ProcessId"">4032</Data>
      <Data Name=""Image"">C:\Windows\Microsoft.NET\Framework64\v4.0.30319\cvtres.exe</Data>
      <Data Name=""FileVersion"">14.32.31326.0</Data>
      <Data Name=""Description"">Microsoft&#174; Resource File To COFF Object Conversion Utility</Data>
      <Data Name=""Product"">Microsoft&#174; .NET Framework</Data>
      <Data Name=""Company"">Microsoft Corporation</Data>
      <Data Name=""OriginalFileName"">CVTRES.EXE</Data>
      <Data Name=""CommandLine"">C:\Windows\Microsoft.NET\Framework64\v4.0.30319\cvtres.exe /NOLOGO /READONLY /MACHINE:IX86 ""/OUT:C:\Users\User\AppData\Local\Temp\RES6C4C.tmp"" ""c:\Users\User\AppData\Local\Temp\CSC52F75632B83F4EC5B9BCF6D52F319FC.TMP""</Data>
      <Data Name=""CurrentDirectory"">C:\Users\User\AppData\Local\Temp\</Data>
      <Data Name=""User"">WINDEV2309EVAL\User</Data>
      <Data Name=""LogonGuid"">{f57bd86a-36f9-658c-7bf8-020000000000}</Data>
      <Data Name=""LogonId"">0x2f87b</Data>
      <Data Name=""TerminalSessionId"">1</Data>
      <Data Name=""IntegrityLevel"">Medium</Data>
      <Data Name=""Hashes"">MD5=8166CCB6A04B855AA918B36079C63B7D,SHA256=FD3EF1B4C91B2E85CCD05724A7CD527A3A27D7D549B0DCDB70D3D78BE120C560,IMPHASH=45A00F7304B8F089973962FBEF618959</Data>
      <Data Name=""ParentProcessGuid"">{f57bd86a-a77a-658c-d901-000000000f00}</Data>
      <Data Name=""ParentProcessId"">1740</Data>
      <Data Name=""ParentImage"">C:\Windows\Microsoft.NET\Framework64\v4.0.30319\csc.exe</Data>
      <Data Name=""ParentCommandLine"">""C:\Windows\Microsoft.NET\Framework64\v4.0.30319\csc.exe"" /noconfig /fullpaths @""C:\Users\User\AppData\Local\Temp\wnhhayem.cmdline""</Data>
      <Data Name=""ParentUser"">WINDEV2309EVAL\User</Data>
    </EventData>
    <RenderingInfo Culture=""en-US"">
      <Message>Process Create:

RuleName: -

UtcTime: 2023-12-27 22:38:50.545

ProcessGuid: {f57bd86a-a77a-658c-da01-000000000f00}

ProcessId: 4032

Image: C:\Windows\Microsoft.NET\Framework64\v4.0.30319\cvtres.exe

FileVersion: 14.32.31326.0

Description: Microsoft&#174; Resource File To COFF Object Conversion Utility

Product: Microsoft&#174; .NET Framework

Company: Microsoft Corporation

OriginalFileName: CVTRES.EXE

CommandLine: C:\Windows\Microsoft.NET\Framework64\v4.0.30319\cvtres.exe /NOLOGO /READONLY /MACHINE:IX86 ""/OUT:C:\Users\User\AppData\Local\Temp\RES6C4C.tmp"" ""c:\Users\User\AppData\Local\Temp\CSC52F75632B83F4EC5B9BCF6D52F319FC.TMP""

CurrentDirectory: C:\Users\User\AppData\Local\Temp\

User: WINDEV2309EVAL\User

LogonGuid: {f57bd86a-36f9-658c-7bf8-020000000000}

LogonId: 0x2F87B

TerminalSessionId: 1

IntegrityLevel: Medium

Hashes: MD5=8166CCB6A04B855AA918B36079C63B7D,SHA256=FD3EF1B4C91B2E85CCD05724A7CD527A3A27D7D549B0DCDB70D3D78BE120C560,IMPHASH=45A00F7304B8F089973962FBEF618959

ParentProcessGuid: {f57bd86a-a77a-658c-d901-000000000f00}

ParentProcessId: 1740

ParentImage: C:\Windows\Microsoft.NET\Framework64\v4.0.30319\csc.exe

ParentCommandLine: ""C:\Windows\Microsoft.NET\Framework64\v4.0.30319\csc.exe"" /noconfig /fullpaths @""C:\Users\User\AppData\Local\Temp\wnhhayem.cmdline""

ParentUser: WINDEV2309EVAL\User</Message>
      <Level>Information</Level>
      <Task>Process Create (rule: ProcessCreate)</Task>
      <Opcode>Info</Opcode>
    </RenderingInfo>
  </Event>
  
"
Microsoft-Windows-Sysmon/Operational,"""C:\Windows\Microsoft.NET\Framework64\v4.0.30319\csc.exe"" /noconfig /fullpaths @""C:\Users\User\AppData\Local\Temp\wnhhayem.cmdline""",Microsoft Corporation,WinDev2309Eval,,C:\Users\User\AppData\Local\Temp\,Visual C# Command Line Compiler,,1,19609,,4.8.9032.0 built by: NET481REL1,"MD5=0700180046633A40D24729AE8CACC158,SHA256=A725546BDE53F1AD533E74ABB01DD5ED5F07B171F5C284738DA88F6CE478CF5F,IMPHASH=2E6A9097FBA347A254DAC72662FE1259",C:\Windows\Microsoft.NET\Framework64\v4.0.30319\csc.exe,Medium,0x8000000000000000,Information,{f57bd86a-36f9-658c-7bf8-020000000000},0x2f87b,"Process Create:

RuleName: -

UtcTime: 2023-12-27 22:38:50.485

ProcessGuid: {f57bd86a-a77a-658c-d901-000000000f00}

ProcessId: 1740

Image: C:\Windows\Microsoft.NET\Framework64\v4.0.30319\csc.exe

FileVersion: 4.8.9032.0 built by: NET481REL1

Description: Visual C# Command Line Compiler

Product: Microsoft® .NET Framework

Company: Microsoft Corporation

OriginalFileName: csc.exe

CommandLine: ""C:\Windows\Microsoft.NET\Framework64\v4.0.30319\csc.exe"" /noconfig /fullpaths @""C:\Users\User\AppData\Local\Temp\wnhhayem.cmdline""

CurrentDirectory: C:\Users\User\AppData\Local\Temp\

User: WINDEV2309EVAL\User

LogonGuid: {f57bd86a-36f9-658c-7bf8-020000000000}

LogonId: 0x2F87B

TerminalSessionId: 1

IntegrityLevel: Medium

Hashes: MD5=0700180046633A40D24729AE8CACC158,SHA256=A725546BDE53F1AD533E74ABB01DD5ED5F07B171F5C284738DA88F6CE478CF5F,IMPHASH=2E6A9097FBA347A254DAC72662FE1259

ParentProcessGuid: {f57bd86a-a778-658c-d501-000000000f00}

ParentProcessId: 3840

ParentImage: C:\Windows\System32\WindowsPowerShell\v1.0\powershell.exe

ParentCommandLine: ""powershell.exe"" & {# Import the required test harness function, Invoke-BuildAndInvokeInstallUtilAssembly
. \""""C:\AtomicRedTeam\atomics\T1218.004\src\InstallUtilTestHarness.ps1\""""

$InstallerAssemblyDir = \""""$Env:TEMP\\""""
$InstallerAssemblyFileName = \""""T1218.004.dll\""""
$InstallerAssemblyFullPath = Join-Path -Path $InstallerAssemblyDir -ChildPath $InstallerAssemblyFileName

$CommandLine = \""""/logfile= /logtoconsole=false /installtype=notransaction /action=install `\""""$InstallerAssemblyFullPath`\""""\""""
$ExpectedOutput = 'Constructor_Install_'

$TestArgs = @{
    OutputAssemblyDirectory = $InstallerAssemblyDir
    OutputAssemblyFileName = $InstallerAssemblyFileName
    InvocationMethod = 'Executable'
    CommandLine = $CommandLine
}

$ActualOutput = Invoke-BuildAndInvokeInstallUtilAssembly @TestArgs

if ($ActualOutput -ne $ExpectedOutput) {
    throw @\""""
InstallUtil Install method execution test failure. Installer assembly execution output did not match the expected output.
Expected: $ExpectedOutput
Actual: $ActualOutput
\""""@
}}

ParentUser: WINDEV2309EVAL\User",Info,csc.exe,"""powershell.exe"" & {# Import the required test harness function, Invoke-BuildAndInvokeInstallUtilAssembly
. \""""C:\AtomicRedTeam\atomics\T1218.004\src\InstallUtilTestHarness.ps1\""""

$InstallerAssemblyDir = \""""$Env:TEMP\\""""
$InstallerAssemblyFileName = \""""T1218.004.dll\""""
$InstallerAssemblyFullPath = Join-Path -Path $InstallerAssemblyDir -ChildPath $InstallerAssemblyFileName

$CommandLine = \""""/logfile= /logtoconsole=false /installtype=notransaction /action=install `\""""$InstallerAssemblyFullPath`\""""\""""
$ExpectedOutput = 'Constructor_Install_'

$TestArgs = @{
    OutputAssemblyDirectory = $InstallerAssemblyDir
    OutputAssemblyFileName = $InstallerAssemblyFileName
    InvocationMethod = 'Executable'
    CommandLine = $CommandLine
}

$ActualOutput = Invoke-BuildAndInvokeInstallUtilAssembly @TestArgs

if ($ActualOutput -ne $ExpectedOutput) {
    throw @\""""
InstallUtil Install method execution test failure. Installer assembly execution output did not match the expected output.
Expected: $ExpectedOutput
Actual: $ActualOutput
\""""@
}}",C:\Windows\System32\WindowsPowerShell\v1.0\powershell.exe,{f57bd86a-a778-658c-d501-000000000f00},3840,WINDEV2309EVAL\User,{f57bd86a-a77a-658c-d901-000000000f00},3588,1740,Microsoft® .NET Framework,,,,"
      ",-,2023-12-27T22:38:50.4866095Z,,,Process Create (rule: ProcessCreate),1,5124,WINDEV2309EVAL\User,S-1-5-18,2023-12-27 22:38:50.485,5,"<Event xmlns=""http://schemas.microsoft.com/win/2004/08/events/event"">
    <System>
      <Provider Name=""Microsoft-Windows-Sysmon"" Guid=""{5770385f-c22a-43e0-bf4c-06f5698ffbd9}""/>
      <EventID>1</EventID>
      <Version>5</Version>
      <Level>4</Level>
      <Task>1</Task>
      <Opcode>0</Opcode>
      <Keywords>0x8000000000000000</Keywords>
      <TimeCreated SystemTime=""2023-12-27T22:38:50.4866095Z""/>
      <EventRecordID>19609</EventRecordID>
      <Correlation/>
      <Execution ProcessID=""3588"" ThreadID=""5124""/>
      <Channel>Microsoft-Windows-Sysmon/Operational</Channel>
      <Computer>WinDev2309Eval</Computer>
      <Security UserID=""S-1-5-18""/>
    </System>
    <EventData>
      <Data Name=""RuleName"">-</Data>
      <Data Name=""UtcTime"">2023-12-27 22:38:50.485</Data>
      <Data Name=""ProcessGuid"">{f57bd86a-a77a-658c-d901-000000000f00}</Data>
      <Data Name=""ProcessId"">1740</Data>
      <Data Name=""Image"">C:\Windows\Microsoft.NET\Framework64\v4.0.30319\csc.exe</Data>
      <Data Name=""FileVersion"">4.8.9032.0 built by: NET481REL1</Data>
      <Data Name=""Description"">Visual C# Command Line Compiler</Data>
      <Data Name=""Product"">Microsoft&#174; .NET Framework</Data>
      <Data Name=""Company"">Microsoft Corporation</Data>
      <Data Name=""OriginalFileName"">csc.exe</Data>
      <Data Name=""CommandLine"">""C:\Windows\Microsoft.NET\Framework64\v4.0.30319\csc.exe"" /noconfig /fullpaths @""C:\Users\User\AppData\Local\Temp\wnhhayem.cmdline""</Data>
      <Data Name=""CurrentDirectory"">C:\Users\User\AppData\Local\Temp\</Data>
      <Data Name=""User"">WINDEV2309EVAL\User</Data>
      <Data Name=""LogonGuid"">{f57bd86a-36f9-658c-7bf8-020000000000}</Data>
      <Data Name=""LogonId"">0x2f87b</Data>
      <Data Name=""TerminalSessionId"">1</Data>
      <Data Name=""IntegrityLevel"">Medium</Data>
      <Data Name=""Hashes"">MD5=0700180046633A40D24729AE8CACC158,SHA256=A725546BDE53F1AD533E74ABB01DD5ED5F07B171F5C284738DA88F6CE478CF5F,IMPHASH=2E6A9097FBA347A254DAC72662FE1259</Data>
      <Data Name=""ParentProcessGuid"">{f57bd86a-a778-658c-d501-000000000f00}</Data>
      <Data Name=""ParentProcessId"">3840</Data>
      <Data Name=""ParentImage"">C:\Windows\System32\WindowsPowerShell\v1.0\powershell.exe</Data>
      <Data Name=""ParentCommandLine"">""powershell.exe"" &amp; {# Import the required test harness function, Invoke-BuildAndInvokeInstallUtilAssembly
. \""""C:\AtomicRedTeam\atomics\T1218.004\src\InstallUtilTestHarness.ps1\""""

$InstallerAssemblyDir = \""""$Env:TEMP\\""""
$InstallerAssemblyFileName = \""""T1218.004.dll\""""
$InstallerAssemblyFullPath = Join-Path -Path $InstallerAssemblyDir -ChildPath $InstallerAssemblyFileName

$CommandLine = \""""/logfile= /logtoconsole=false /installtype=notransaction /action=install `\""""$InstallerAssemblyFullPath`\""""\""""
$ExpectedOutput = 'Constructor_Install_'

$TestArgs = @{
    OutputAssemblyDirectory = $InstallerAssemblyDir
    OutputAssemblyFileName = $InstallerAssemblyFileName
    InvocationMethod = 'Executable'
    CommandLine = $CommandLine
}

$ActualOutput = Invoke-BuildAndInvokeInstallUtilAssembly @TestArgs

if ($ActualOutput -ne $ExpectedOutput) {
    throw @\""""
InstallUtil Install method execution test failure. Installer assembly execution output did not match the expected output.
Expected: $ExpectedOutput
Actual: $ActualOutput
\""""@
}}</Data>
      <Data Name=""ParentUser"">WINDEV2309EVAL\User</Data>
    </EventData>
    <RenderingInfo Culture=""en-US"">
      <Message>Process Create:

RuleName: -

UtcTime: 2023-12-27 22:38:50.485

ProcessGuid: {f57bd86a-a77a-658c-d901-000000000f00}

ProcessId: 1740

Image: C:\Windows\Microsoft.NET\Framework64\v4.0.30319\csc.exe

FileVersion: 4.8.9032.0 built by: NET481REL1

Description: Visual C# Command Line Compiler

Product: Microsoft&#174; .NET Framework

Company: Microsoft Corporation

OriginalFileName: csc.exe

CommandLine: ""C:\Windows\Microsoft.NET\Framework64\v4.0.30319\csc.exe"" /noconfig /fullpaths @""C:\Users\User\AppData\Local\Temp\wnhhayem.cmdline""

CurrentDirectory: C:\Users\User\AppData\Local\Temp\

User: WINDEV2309EVAL\User

LogonGuid: {f57bd86a-36f9-658c-7bf8-020000000000}

LogonId: 0x2F87B

TerminalSessionId: 1

IntegrityLevel: Medium

Hashes: MD5=0700180046633A40D24729AE8CACC158,SHA256=A725546BDE53F1AD533E74ABB01DD5ED5F07B171F5C284738DA88F6CE478CF5F,IMPHASH=2E6A9097FBA347A254DAC72662FE1259

ParentProcessGuid: {f57bd86a-a778-658c-d501-000000000f00}

ParentProcessId: 3840

ParentImage: C:\Windows\System32\WindowsPowerShell\v1.0\powershell.exe

ParentCommandLine: ""powershell.exe"" &amp; {# Import the required test harness function, Invoke-BuildAndInvokeInstallUtilAssembly
. \""""C:\AtomicRedTeam\atomics\T1218.004\src\InstallUtilTestHarness.ps1\""""

$InstallerAssemblyDir = \""""$Env:TEMP\\""""
$InstallerAssemblyFileName = \""""T1218.004.dll\""""
$InstallerAssemblyFullPath = Join-Path -Path $InstallerAssemblyDir -ChildPath $InstallerAssemblyFileName

$CommandLine = \""""/logfile= /logtoconsole=false /installtype=notransaction /action=install `\""""$InstallerAssemblyFullPath`\""""\""""
$ExpectedOutput = 'Constructor_Install_'

$TestArgs = @{
    OutputAssemblyDirectory = $InstallerAssemblyDir
    OutputAssemblyFileName = $InstallerAssemblyFileName
    InvocationMethod = 'Executable'
    CommandLine = $CommandLine
}

$ActualOutput = Invoke-BuildAndInvokeInstallUtilAssembly @TestArgs

if ($ActualOutput -ne $ExpectedOutput) {
    throw @\""""
InstallUtil Install method execution test failure. Installer assembly execution output did not match the expected output.
Expected: $ExpectedOutput
Actual: $ActualOutput
\""""@
}}

ParentUser: WINDEV2309EVAL\User</Message>
      <Level>Information</Level>
      <Task>Process Create (rule: ProcessCreate)</Task>
      <Opcode>Info</Opcode>
    </RenderingInfo>
  </Event>
  
"
Microsoft-Windows-Sysmon/Operational,,,WinDev2309Eval,2023-12-27 22:38:50.472,,,,11,19608,,,,C:\Windows\System32\WindowsPowerShell\v1.0\powershell.exe,,0x8000000000000000,Information,,,"File created:

RuleName: -

UtcTime: 2023-12-27 22:38:50.472

ProcessGuid: {f57bd86a-a778-658c-d501-000000000f00}

ProcessId: 3840

Image: C:\Windows\System32\WindowsPowerShell\v1.0\powershell.exe

TargetFilename: C:\Users\User\AppData\Local\Temp\wnhhayem.cmdline

CreationUtcTime: 2023-12-27 22:38:50.472

User: WINDEV2309EVAL\User",Info,,,,,,,{f57bd86a-a778-658c-d501-000000000f00},3588,3840,,,,,"
      ",-,2023-12-27T22:38:50.4843549Z,C:\Users\User\AppData\Local\Temp\wnhhayem.cmdline,,File created (rule: FileCreate),,5124,WINDEV2309EVAL\User,S-1-5-18,2023-12-27 22:38:50.472,2,"<Event xmlns=""http://schemas.microsoft.com/win/2004/08/events/event"">
    <System>
      <Provider Name=""Microsoft-Windows-Sysmon"" Guid=""{5770385f-c22a-43e0-bf4c-06f5698ffbd9}""/>
      <EventID>11</EventID>
      <Version>2</Version>
      <Level>4</Level>
      <Task>11</Task>
      <Opcode>0</Opcode>
      <Keywords>0x8000000000000000</Keywords>
      <TimeCreated SystemTime=""2023-12-27T22:38:50.4843549Z""/>
      <EventRecordID>19608</EventRecordID>
      <Correlation/>
      <Execution ProcessID=""3588"" ThreadID=""5124""/>
      <Channel>Microsoft-Windows-Sysmon/Operational</Channel>
      <Computer>WinDev2309Eval</Computer>
      <Security UserID=""S-1-5-18""/>
    </System>
    <EventData>
      <Data Name=""RuleName"">-</Data>
      <Data Name=""UtcTime"">2023-12-27 22:38:50.472</Data>
      <Data Name=""ProcessGuid"">{f57bd86a-a778-658c-d501-000000000f00}</Data>
      <Data Name=""ProcessId"">3840</Data>
      <Data Name=""Image"">C:\Windows\System32\WindowsPowerShell\v1.0\powershell.exe</Data>
      <Data Name=""TargetFilename"">C:\Users\User\AppData\Local\Temp\wnhhayem.cmdline</Data>
      <Data Name=""CreationUtcTime"">2023-12-27 22:38:50.472</Data>
      <Data Name=""User"">WINDEV2309EVAL\User</Data>
    </EventData>
    <RenderingInfo Culture=""en-US"">
      <Message>File created:

RuleName: -

UtcTime: 2023-12-27 22:38:50.472

ProcessGuid: {f57bd86a-a778-658c-d501-000000000f00}

ProcessId: 3840

Image: C:\Windows\System32\WindowsPowerShell\v1.0\powershell.exe

TargetFilename: C:\Users\User\AppData\Local\Temp\wnhhayem.cmdline

CreationUtcTime: 2023-12-27 22:38:50.472

User: WINDEV2309EVAL\User</Message>
      <Level>Information</Level>
      <Task>File created (rule: FileCreate)</Task>
      <Opcode>Info</Opcode>
    </RenderingInfo>
  </Event>
  
"
Microsoft-Windows-Sysmon/Operational,,,WinDev2309Eval,2023-12-27 22:38:50.472,,,,11,19607,,,,C:\Windows\System32\WindowsPowerShell\v1.0\powershell.exe,,0x8000000000000000,Information,,,"File created:

RuleName: DLL

UtcTime: 2023-12-27 22:38:50.472

ProcessGuid: {f57bd86a-a778-658c-d501-000000000f00}

ProcessId: 3840

Image: C:\Windows\System32\WindowsPowerShell\v1.0\powershell.exe

TargetFilename: C:\Users\User\AppData\Local\Temp\wnhhayem.dll

CreationUtcTime: 2023-12-27 22:38:50.472

User: WINDEV2309EVAL\User",Info,,,,,,,{f57bd86a-a778-658c-d501-000000000f00},3588,3840,,,,,"
      ",DLL,2023-12-27T22:38:50.4840494Z,C:\Users\User\AppData\Local\Temp\wnhhayem.dll,,File created (rule: FileCreate),,5124,WINDEV2309EVAL\User,S-1-5-18,2023-12-27 22:38:50.472,2,"<Event xmlns=""http://schemas.microsoft.com/win/2004/08/events/event"">
    <System>
      <Provider Name=""Microsoft-Windows-Sysmon"" Guid=""{5770385f-c22a-43e0-bf4c-06f5698ffbd9}""/>
      <EventID>11</EventID>
      <Version>2</Version>
      <Level>4</Level>
      <Task>11</Task>
      <Opcode>0</Opcode>
      <Keywords>0x8000000000000000</Keywords>
      <TimeCreated SystemTime=""2023-12-27T22:38:50.4840494Z""/>
      <EventRecordID>19607</EventRecordID>
      <Correlation/>
      <Execution ProcessID=""3588"" ThreadID=""5124""/>
      <Channel>Microsoft-Windows-Sysmon/Operational</Channel>
      <Computer>WinDev2309Eval</Computer>
      <Security UserID=""S-1-5-18""/>
    </System>
    <EventData>
      <Data Name=""RuleName"">DLL</Data>
      <Data Name=""UtcTime"">2023-12-27 22:38:50.472</Data>
      <Data Name=""ProcessGuid"">{f57bd86a-a778-658c-d501-000000000f00}</Data>
      <Data Name=""ProcessId"">3840</Data>
      <Data Name=""Image"">C:\Windows\System32\WindowsPowerShell\v1.0\powershell.exe</Data>
      <Data Name=""TargetFilename"">C:\Users\User\AppData\Local\Temp\wnhhayem.dll</Data>
      <Data Name=""CreationUtcTime"">2023-12-27 22:38:50.472</Data>
      <Data Name=""User"">WINDEV2309EVAL\User</Data>
    </EventData>
    <RenderingInfo Culture=""en-US"">
      <Message>File created:

RuleName: DLL

UtcTime: 2023-12-27 22:38:50.472

ProcessGuid: {f57bd86a-a778-658c-d501-000000000f00}

ProcessId: 3840

Image: C:\Windows\System32\WindowsPowerShell\v1.0\powershell.exe

TargetFilename: C:\Users\User\AppData\Local\Temp\wnhhayem.dll

CreationUtcTime: 2023-12-27 22:38:50.472

User: WINDEV2309EVAL\User</Message>
      <Level>Information</Level>
      <Task>File created (rule: FileCreate)</Task>
      <Opcode>Info</Opcode>
    </RenderingInfo>
  </Event>
  
"
Microsoft-Windows-Sysmon/Operational,,,WinDev2309Eval,2023-12-27 22:38:42.268,,,,11,19606,,,,C:\Windows\Microsoft.NET\Framework64\v4.0.30319\csc.exe,,0x8000000000000000,Information,,,"File created:

RuleName: DLL

UtcTime: 2023-12-27 22:38:50.456

ProcessGuid: {f57bd86a-a77a-658c-d701-000000000f00}

ProcessId: 7064

Image: C:\Windows\Microsoft.NET\Framework64\v4.0.30319\csc.exe

TargetFilename: C:\Users\User\AppData\Local\Temp\T1218.004.dll

CreationUtcTime: 2023-12-27 22:38:42.268

User: WINDEV2309EVAL\User",Info,,,,,,,{f57bd86a-a77a-658c-d701-000000000f00},3588,7064,,,,,"
      ",DLL,2023-12-27T22:38:50.4660734Z,C:\Users\User\AppData\Local\Temp\T1218.004.dll,,File created (rule: FileCreate),,5124,WINDEV2309EVAL\User,S-1-5-18,2023-12-27 22:38:50.456,2,"<Event xmlns=""http://schemas.microsoft.com/win/2004/08/events/event"">
    <System>
      <Provider Name=""Microsoft-Windows-Sysmon"" Guid=""{5770385f-c22a-43e0-bf4c-06f5698ffbd9}""/>
      <EventID>11</EventID>
      <Version>2</Version>
      <Level>4</Level>
      <Task>11</Task>
      <Opcode>0</Opcode>
      <Keywords>0x8000000000000000</Keywords>
      <TimeCreated SystemTime=""2023-12-27T22:38:50.4660734Z""/>
      <EventRecordID>19606</EventRecordID>
      <Correlation/>
      <Execution ProcessID=""3588"" ThreadID=""5124""/>
      <Channel>Microsoft-Windows-Sysmon/Operational</Channel>
      <Computer>WinDev2309Eval</Computer>
      <Security UserID=""S-1-5-18""/>
    </System>
    <EventData>
      <Data Name=""RuleName"">DLL</Data>
      <Data Name=""UtcTime"">2023-12-27 22:38:50.456</Data>
      <Data Name=""ProcessGuid"">{f57bd86a-a77a-658c-d701-000000000f00}</Data>
      <Data Name=""ProcessId"">7064</Data>
      <Data Name=""Image"">C:\Windows\Microsoft.NET\Framework64\v4.0.30319\csc.exe</Data>
      <Data Name=""TargetFilename"">C:\Users\User\AppData\Local\Temp\T1218.004.dll</Data>
      <Data Name=""CreationUtcTime"">2023-12-27 22:38:42.268</Data>
      <Data Name=""User"">WINDEV2309EVAL\User</Data>
    </EventData>
    <RenderingInfo Culture=""en-US"">
      <Message>File created:

RuleName: DLL

UtcTime: 2023-12-27 22:38:50.456

ProcessGuid: {f57bd86a-a77a-658c-d701-000000000f00}

ProcessId: 7064

Image: C:\Windows\Microsoft.NET\Framework64\v4.0.30319\csc.exe

TargetFilename: C:\Users\User\AppData\Local\Temp\T1218.004.dll

CreationUtcTime: 2023-12-27 22:38:42.268

User: WINDEV2309EVAL\User</Message>
      <Level>Information</Level>
      <Task>File created (rule: FileCreate)</Task>
      <Opcode>Info</Opcode>
    </RenderingInfo>
  </Event>
  
"
Microsoft-Windows-Sysmon/Operational,"C:\Windows\Microsoft.NET\Framework64\v4.0.30319\cvtres.exe /NOLOGO /READONLY /MACHINE:IX86 ""/OUT:C:\Users\User\AppData\Local\Temp\RES6BEE.tmp"" ""c:\Users\User\AppData\Local\Temp\CSCB2013C6712CD42C2BE128557B44BD4C.TMP""",Microsoft Corporation,WinDev2309Eval,,C:\Users\User\AppData\Local\Temp\,Microsoft® Resource File To COFF Object Conversion Utility,,1,19605,,14.32.31326.0,"MD5=8166CCB6A04B855AA918B36079C63B7D,SHA256=FD3EF1B4C91B2E85CCD05724A7CD527A3A27D7D549B0DCDB70D3D78BE120C560,IMPHASH=45A00F7304B8F089973962FBEF618959",C:\Windows\Microsoft.NET\Framework64\v4.0.30319\cvtres.exe,Medium,0x8000000000000000,Information,{f57bd86a-36f9-658c-7bf8-020000000000},0x2f87b,"Process Create:

RuleName: -

UtcTime: 2023-12-27 22:38:50.452

ProcessGuid: {f57bd86a-a77a-658c-d801-000000000f00}

ProcessId: 3260

Image: C:\Windows\Microsoft.NET\Framework64\v4.0.30319\cvtres.exe

FileVersion: 14.32.31326.0

Description: Microsoft® Resource File To COFF Object Conversion Utility

Product: Microsoft® .NET Framework

Company: Microsoft Corporation

OriginalFileName: CVTRES.EXE

CommandLine: C:\Windows\Microsoft.NET\Framework64\v4.0.30319\cvtres.exe /NOLOGO /READONLY /MACHINE:IX86 ""/OUT:C:\Users\User\AppData\Local\Temp\RES6BEE.tmp"" ""c:\Users\User\AppData\Local\Temp\CSCB2013C6712CD42C2BE128557B44BD4C.TMP""

CurrentDirectory: C:\Users\User\AppData\Local\Temp\

User: WINDEV2309EVAL\User

LogonGuid: {f57bd86a-36f9-658c-7bf8-020000000000}

LogonId: 0x2F87B

TerminalSessionId: 1

IntegrityLevel: Medium

Hashes: MD5=8166CCB6A04B855AA918B36079C63B7D,SHA256=FD3EF1B4C91B2E85CCD05724A7CD527A3A27D7D549B0DCDB70D3D78BE120C560,IMPHASH=45A00F7304B8F089973962FBEF618959

ParentProcessGuid: {f57bd86a-a77a-658c-d701-000000000f00}

ParentProcessId: 7064

ParentImage: C:\Windows\Microsoft.NET\Framework64\v4.0.30319\csc.exe

ParentCommandLine: ""C:\Windows\Microsoft.NET\Framework64\v4.0.30319\csc.exe"" /noconfig /fullpaths @""C:\Users\User\AppData\Local\Temp\pwabavuh.cmdline""

ParentUser: WINDEV2309EVAL\User",Info,CVTRES.EXE,"""C:\Windows\Microsoft.NET\Framework64\v4.0.30319\csc.exe"" /noconfig /fullpaths @""C:\Users\User\AppData\Local\Temp\pwabavuh.cmdline""",C:\Windows\Microsoft.NET\Framework64\v4.0.30319\csc.exe,{f57bd86a-a77a-658c-d701-000000000f00},7064,WINDEV2309EVAL\User,{f57bd86a-a77a-658c-d801-000000000f00},3588,3260,Microsoft® .NET Framework,,,,"
      ",-,2023-12-27T22:38:50.4535770Z,,,Process Create (rule: ProcessCreate),1,5124,WINDEV2309EVAL\User,S-1-5-18,2023-12-27 22:38:50.452,5,"<Event xmlns=""http://schemas.microsoft.com/win/2004/08/events/event"">
    <System>
      <Provider Name=""Microsoft-Windows-Sysmon"" Guid=""{5770385f-c22a-43e0-bf4c-06f5698ffbd9}""/>
      <EventID>1</EventID>
      <Version>5</Version>
      <Level>4</Level>
      <Task>1</Task>
      <Opcode>0</Opcode>
      <Keywords>0x8000000000000000</Keywords>
      <TimeCreated SystemTime=""2023-12-27T22:38:50.4535770Z""/>
      <EventRecordID>19605</EventRecordID>
      <Correlation/>
      <Execution ProcessID=""3588"" ThreadID=""5124""/>
      <Channel>Microsoft-Windows-Sysmon/Operational</Channel>
      <Computer>WinDev2309Eval</Computer>
      <Security UserID=""S-1-5-18""/>
    </System>
    <EventData>
      <Data Name=""RuleName"">-</Data>
      <Data Name=""UtcTime"">2023-12-27 22:38:50.452</Data>
      <Data Name=""ProcessGuid"">{f57bd86a-a77a-658c-d801-000000000f00}</Data>
      <Data Name=""ProcessId"">3260</Data>
      <Data Name=""Image"">C:\Windows\Microsoft.NET\Framework64\v4.0.30319\cvtres.exe</Data>
      <Data Name=""FileVersion"">14.32.31326.0</Data>
      <Data Name=""Description"">Microsoft&#174; Resource File To COFF Object Conversion Utility</Data>
      <Data Name=""Product"">Microsoft&#174; .NET Framework</Data>
      <Data Name=""Company"">Microsoft Corporation</Data>
      <Data Name=""OriginalFileName"">CVTRES.EXE</Data>
      <Data Name=""CommandLine"">C:\Windows\Microsoft.NET\Framework64\v4.0.30319\cvtres.exe /NOLOGO /READONLY /MACHINE:IX86 ""/OUT:C:\Users\User\AppData\Local\Temp\RES6BEE.tmp"" ""c:\Users\User\AppData\Local\Temp\CSCB2013C6712CD42C2BE128557B44BD4C.TMP""</Data>
      <Data Name=""CurrentDirectory"">C:\Users\User\AppData\Local\Temp\</Data>
      <Data Name=""User"">WINDEV2309EVAL\User</Data>
      <Data Name=""LogonGuid"">{f57bd86a-36f9-658c-7bf8-020000000000}</Data>
      <Data Name=""LogonId"">0x2f87b</Data>
      <Data Name=""TerminalSessionId"">1</Data>
      <Data Name=""IntegrityLevel"">Medium</Data>
      <Data Name=""Hashes"">MD5=8166CCB6A04B855AA918B36079C63B7D,SHA256=FD3EF1B4C91B2E85CCD05724A7CD527A3A27D7D549B0DCDB70D3D78BE120C560,IMPHASH=45A00F7304B8F089973962FBEF618959</Data>
      <Data Name=""ParentProcessGuid"">{f57bd86a-a77a-658c-d701-000000000f00}</Data>
      <Data Name=""ParentProcessId"">7064</Data>
      <Data Name=""ParentImage"">C:\Windows\Microsoft.NET\Framework64\v4.0.30319\csc.exe</Data>
      <Data Name=""ParentCommandLine"">""C:\Windows\Microsoft.NET\Framework64\v4.0.30319\csc.exe"" /noconfig /fullpaths @""C:\Users\User\AppData\Local\Temp\pwabavuh.cmdline""</Data>
      <Data Name=""ParentUser"">WINDEV2309EVAL\User</Data>
    </EventData>
    <RenderingInfo Culture=""en-US"">
      <Message>Process Create:

RuleName: -

UtcTime: 2023-12-27 22:38:50.452

ProcessGuid: {f57bd86a-a77a-658c-d801-000000000f00}

ProcessId: 3260

Image: C:\Windows\Microsoft.NET\Framework64\v4.0.30319\cvtres.exe

FileVersion: 14.32.31326.0

Description: Microsoft&#174; Resource File To COFF Object Conversion Utility

Product: Microsoft&#174; .NET Framework

Company: Microsoft Corporation

OriginalFileName: CVTRES.EXE

CommandLine: C:\Windows\Microsoft.NET\Framework64\v4.0.30319\cvtres.exe /NOLOGO /READONLY /MACHINE:IX86 ""/OUT:C:\Users\User\AppData\Local\Temp\RES6BEE.tmp"" ""c:\Users\User\AppData\Local\Temp\CSCB2013C6712CD42C2BE128557B44BD4C.TMP""

CurrentDirectory: C:\Users\User\AppData\Local\Temp\

User: WINDEV2309EVAL\User

LogonGuid: {f57bd86a-36f9-658c-7bf8-020000000000}

LogonId: 0x2F87B

TerminalSessionId: 1

IntegrityLevel: Medium

Hashes: MD5=8166CCB6A04B855AA918B36079C63B7D,SHA256=FD3EF1B4C91B2E85CCD05724A7CD527A3A27D7D549B0DCDB70D3D78BE120C560,IMPHASH=45A00F7304B8F089973962FBEF618959

ParentProcessGuid: {f57bd86a-a77a-658c-d701-000000000f00}

ParentProcessId: 7064

ParentImage: C:\Windows\Microsoft.NET\Framework64\v4.0.30319\csc.exe

ParentCommandLine: ""C:\Windows\Microsoft.NET\Framework64\v4.0.30319\csc.exe"" /noconfig /fullpaths @""C:\Users\User\AppData\Local\Temp\pwabavuh.cmdline""

ParentUser: WINDEV2309EVAL\User</Message>
      <Level>Information</Level>
      <Task>Process Create (rule: ProcessCreate)</Task>
      <Opcode>Info</Opcode>
    </RenderingInfo>
  </Event>
  
"
Microsoft-Windows-Sysmon/Operational,"""C:\Windows\Microsoft.NET\Framework64\v4.0.30319\csc.exe"" /noconfig /fullpaths @""C:\Users\User\AppData\Local\Temp\pwabavuh.cmdline""",Microsoft Corporation,WinDev2309Eval,,C:\Users\User\AppData\Local\Temp\,Visual C# Command Line Compiler,,1,19604,,4.8.9032.0 built by: NET481REL1,"MD5=0700180046633A40D24729AE8CACC158,SHA256=A725546BDE53F1AD533E74ABB01DD5ED5F07B171F5C284738DA88F6CE478CF5F,IMPHASH=2E6A9097FBA347A254DAC72662FE1259",C:\Windows\Microsoft.NET\Framework64\v4.0.30319\csc.exe,Medium,0x8000000000000000,Information,{f57bd86a-36f9-658c-7bf8-020000000000},0x2f87b,"Process Create:

RuleName: -

UtcTime: 2023-12-27 22:38:50.382

ProcessGuid: {f57bd86a-a77a-658c-d701-000000000f00}

ProcessId: 7064

Image: C:\Windows\Microsoft.NET\Framework64\v4.0.30319\csc.exe

FileVersion: 4.8.9032.0 built by: NET481REL1

Description: Visual C# Command Line Compiler

Product: Microsoft® .NET Framework

Company: Microsoft Corporation

OriginalFileName: csc.exe

CommandLine: ""C:\Windows\Microsoft.NET\Framework64\v4.0.30319\csc.exe"" /noconfig /fullpaths @""C:\Users\User\AppData\Local\Temp\pwabavuh.cmdline""

CurrentDirectory: C:\Users\User\AppData\Local\Temp\

User: WINDEV2309EVAL\User

LogonGuid: {f57bd86a-36f9-658c-7bf8-020000000000}

LogonId: 0x2F87B

TerminalSessionId: 1

IntegrityLevel: Medium

Hashes: MD5=0700180046633A40D24729AE8CACC158,SHA256=A725546BDE53F1AD533E74ABB01DD5ED5F07B171F5C284738DA88F6CE478CF5F,IMPHASH=2E6A9097FBA347A254DAC72662FE1259

ParentProcessGuid: {f57bd86a-a778-658c-d501-000000000f00}

ParentProcessId: 3840

ParentImage: C:\Windows\System32\WindowsPowerShell\v1.0\powershell.exe

ParentCommandLine: ""powershell.exe"" & {# Import the required test harness function, Invoke-BuildAndInvokeInstallUtilAssembly
. \""""C:\AtomicRedTeam\atomics\T1218.004\src\InstallUtilTestHarness.ps1\""""

$InstallerAssemblyDir = \""""$Env:TEMP\\""""
$InstallerAssemblyFileName = \""""T1218.004.dll\""""
$InstallerAssemblyFullPath = Join-Path -Path $InstallerAssemblyDir -ChildPath $InstallerAssemblyFileName

$CommandLine = \""""/logfile= /logtoconsole=false /installtype=notransaction /action=install `\""""$InstallerAssemblyFullPath`\""""\""""
$ExpectedOutput = 'Constructor_Install_'

$TestArgs = @{
    OutputAssemblyDirectory = $InstallerAssemblyDir
    OutputAssemblyFileName = $InstallerAssemblyFileName
    InvocationMethod = 'Executable'
    CommandLine = $CommandLine
}

$ActualOutput = Invoke-BuildAndInvokeInstallUtilAssembly @TestArgs

if ($ActualOutput -ne $ExpectedOutput) {
    throw @\""""
InstallUtil Install method execution test failure. Installer assembly execution output did not match the expected output.
Expected: $ExpectedOutput
Actual: $ActualOutput
\""""@
}}

ParentUser: WINDEV2309EVAL\User",Info,csc.exe,"""powershell.exe"" & {# Import the required test harness function, Invoke-BuildAndInvokeInstallUtilAssembly
. \""""C:\AtomicRedTeam\atomics\T1218.004\src\InstallUtilTestHarness.ps1\""""

$InstallerAssemblyDir = \""""$Env:TEMP\\""""
$InstallerAssemblyFileName = \""""T1218.004.dll\""""
$InstallerAssemblyFullPath = Join-Path -Path $InstallerAssemblyDir -ChildPath $InstallerAssemblyFileName

$CommandLine = \""""/logfile= /logtoconsole=false /installtype=notransaction /action=install `\""""$InstallerAssemblyFullPath`\""""\""""
$ExpectedOutput = 'Constructor_Install_'

$TestArgs = @{
    OutputAssemblyDirectory = $InstallerAssemblyDir
    OutputAssemblyFileName = $InstallerAssemblyFileName
    InvocationMethod = 'Executable'
    CommandLine = $CommandLine
}

$ActualOutput = Invoke-BuildAndInvokeInstallUtilAssembly @TestArgs

if ($ActualOutput -ne $ExpectedOutput) {
    throw @\""""
InstallUtil Install method execution test failure. Installer assembly execution output did not match the expected output.
Expected: $ExpectedOutput
Actual: $ActualOutput
\""""@
}}",C:\Windows\System32\WindowsPowerShell\v1.0\powershell.exe,{f57bd86a-a778-658c-d501-000000000f00},3840,WINDEV2309EVAL\User,{f57bd86a-a77a-658c-d701-000000000f00},3588,7064,Microsoft® .NET Framework,,,,"
      ",-,2023-12-27T22:38:50.3833635Z,,,Process Create (rule: ProcessCreate),1,5124,WINDEV2309EVAL\User,S-1-5-18,2023-12-27 22:38:50.382,5,"<Event xmlns=""http://schemas.microsoft.com/win/2004/08/events/event"">
    <System>
      <Provider Name=""Microsoft-Windows-Sysmon"" Guid=""{5770385f-c22a-43e0-bf4c-06f5698ffbd9}""/>
      <EventID>1</EventID>
      <Version>5</Version>
      <Level>4</Level>
      <Task>1</Task>
      <Opcode>0</Opcode>
      <Keywords>0x8000000000000000</Keywords>
      <TimeCreated SystemTime=""2023-12-27T22:38:50.3833635Z""/>
      <EventRecordID>19604</EventRecordID>
      <Correlation/>
      <Execution ProcessID=""3588"" ThreadID=""5124""/>
      <Channel>Microsoft-Windows-Sysmon/Operational</Channel>
      <Computer>WinDev2309Eval</Computer>
      <Security UserID=""S-1-5-18""/>
    </System>
    <EventData>
      <Data Name=""RuleName"">-</Data>
      <Data Name=""UtcTime"">2023-12-27 22:38:50.382</Data>
      <Data Name=""ProcessGuid"">{f57bd86a-a77a-658c-d701-000000000f00}</Data>
      <Data Name=""ProcessId"">7064</Data>
      <Data Name=""Image"">C:\Windows\Microsoft.NET\Framework64\v4.0.30319\csc.exe</Data>
      <Data Name=""FileVersion"">4.8.9032.0 built by: NET481REL1</Data>
      <Data Name=""Description"">Visual C# Command Line Compiler</Data>
      <Data Name=""Product"">Microsoft&#174; .NET Framework</Data>
      <Data Name=""Company"">Microsoft Corporation</Data>
      <Data Name=""OriginalFileName"">csc.exe</Data>
      <Data Name=""CommandLine"">""C:\Windows\Microsoft.NET\Framework64\v4.0.30319\csc.exe"" /noconfig /fullpaths @""C:\Users\User\AppData\Local\Temp\pwabavuh.cmdline""</Data>
      <Data Name=""CurrentDirectory"">C:\Users\User\AppData\Local\Temp\</Data>
      <Data Name=""User"">WINDEV2309EVAL\User</Data>
      <Data Name=""LogonGuid"">{f57bd86a-36f9-658c-7bf8-020000000000}</Data>
      <Data Name=""LogonId"">0x2f87b</Data>
      <Data Name=""TerminalSessionId"">1</Data>
      <Data Name=""IntegrityLevel"">Medium</Data>
      <Data Name=""Hashes"">MD5=0700180046633A40D24729AE8CACC158,SHA256=A725546BDE53F1AD533E74ABB01DD5ED5F07B171F5C284738DA88F6CE478CF5F,IMPHASH=2E6A9097FBA347A254DAC72662FE1259</Data>
      <Data Name=""ParentProcessGuid"">{f57bd86a-a778-658c-d501-000000000f00}</Data>
      <Data Name=""ParentProcessId"">3840</Data>
      <Data Name=""ParentImage"">C:\Windows\System32\WindowsPowerShell\v1.0\powershell.exe</Data>
      <Data Name=""ParentCommandLine"">""powershell.exe"" &amp; {# Import the required test harness function, Invoke-BuildAndInvokeInstallUtilAssembly
. \""""C:\AtomicRedTeam\atomics\T1218.004\src\InstallUtilTestHarness.ps1\""""

$InstallerAssemblyDir = \""""$Env:TEMP\\""""
$InstallerAssemblyFileName = \""""T1218.004.dll\""""
$InstallerAssemblyFullPath = Join-Path -Path $InstallerAssemblyDir -ChildPath $InstallerAssemblyFileName

$CommandLine = \""""/logfile= /logtoconsole=false /installtype=notransaction /action=install `\""""$InstallerAssemblyFullPath`\""""\""""
$ExpectedOutput = 'Constructor_Install_'

$TestArgs = @{
    OutputAssemblyDirectory = $InstallerAssemblyDir
    OutputAssemblyFileName = $InstallerAssemblyFileName
    InvocationMethod = 'Executable'
    CommandLine = $CommandLine
}

$ActualOutput = Invoke-BuildAndInvokeInstallUtilAssembly @TestArgs

if ($ActualOutput -ne $ExpectedOutput) {
    throw @\""""
InstallUtil Install method execution test failure. Installer assembly execution output did not match the expected output.
Expected: $ExpectedOutput
Actual: $ActualOutput
\""""@
}}</Data>
      <Data Name=""ParentUser"">WINDEV2309EVAL\User</Data>
    </EventData>
    <RenderingInfo Culture=""en-US"">
      <Message>Process Create:

RuleName: -

UtcTime: 2023-12-27 22:38:50.382

ProcessGuid: {f57bd86a-a77a-658c-d701-000000000f00}

ProcessId: 7064

Image: C:\Windows\Microsoft.NET\Framework64\v4.0.30319\csc.exe

FileVersion: 4.8.9032.0 built by: NET481REL1

Description: Visual C# Command Line Compiler

Product: Microsoft&#174; .NET Framework

Company: Microsoft Corporation

OriginalFileName: csc.exe

CommandLine: ""C:\Windows\Microsoft.NET\Framework64\v4.0.30319\csc.exe"" /noconfig /fullpaths @""C:\Users\User\AppData\Local\Temp\pwabavuh.cmdline""

CurrentDirectory: C:\Users\User\AppData\Local\Temp\

User: WINDEV2309EVAL\User

LogonGuid: {f57bd86a-36f9-658c-7bf8-020000000000}

LogonId: 0x2F87B

TerminalSessionId: 1

IntegrityLevel: Medium

Hashes: MD5=0700180046633A40D24729AE8CACC158,SHA256=A725546BDE53F1AD533E74ABB01DD5ED5F07B171F5C284738DA88F6CE478CF5F,IMPHASH=2E6A9097FBA347A254DAC72662FE1259

ParentProcessGuid: {f57bd86a-a778-658c-d501-000000000f00}

ParentProcessId: 3840

ParentImage: C:\Windows\System32\WindowsPowerShell\v1.0\powershell.exe

ParentCommandLine: ""powershell.exe"" &amp; {# Import the required test harness function, Invoke-BuildAndInvokeInstallUtilAssembly
. \""""C:\AtomicRedTeam\atomics\T1218.004\src\InstallUtilTestHarness.ps1\""""

$InstallerAssemblyDir = \""""$Env:TEMP\\""""
$InstallerAssemblyFileName = \""""T1218.004.dll\""""
$InstallerAssemblyFullPath = Join-Path -Path $InstallerAssemblyDir -ChildPath $InstallerAssemblyFileName

$CommandLine = \""""/logfile= /logtoconsole=false /installtype=notransaction /action=install `\""""$InstallerAssemblyFullPath`\""""\""""
$ExpectedOutput = 'Constructor_Install_'

$TestArgs = @{
    OutputAssemblyDirectory = $InstallerAssemblyDir
    OutputAssemblyFileName = $InstallerAssemblyFileName
    InvocationMethod = 'Executable'
    CommandLine = $CommandLine
}

$ActualOutput = Invoke-BuildAndInvokeInstallUtilAssembly @TestArgs

if ($ActualOutput -ne $ExpectedOutput) {
    throw @\""""
InstallUtil Install method execution test failure. Installer assembly execution output did not match the expected output.
Expected: $ExpectedOutput
Actual: $ActualOutput
\""""@
}}

ParentUser: WINDEV2309EVAL\User</Message>
      <Level>Information</Level>
      <Task>Process Create (rule: ProcessCreate)</Task>
      <Opcode>Info</Opcode>
    </RenderingInfo>
  </Event>
  
"
Microsoft-Windows-Sysmon/Operational,,,WinDev2309Eval,2023-12-27 22:38:50.377,,,,11,19603,,,,C:\Windows\System32\WindowsPowerShell\v1.0\powershell.exe,,0x8000000000000000,Information,,,"File created:

RuleName: -

UtcTime: 2023-12-27 22:38:50.377

ProcessGuid: {f57bd86a-a778-658c-d501-000000000f00}

ProcessId: 3840

Image: C:\Windows\System32\WindowsPowerShell\v1.0\powershell.exe

TargetFilename: C:\Users\User\AppData\Local\Temp\pwabavuh.cmdline

CreationUtcTime: 2023-12-27 22:38:50.377

User: WINDEV2309EVAL\User",Info,,,,,,,{f57bd86a-a778-658c-d501-000000000f00},3588,3840,,,,,"
      ",-,2023-12-27T22:38:50.3808339Z,C:\Users\User\AppData\Local\Temp\pwabavuh.cmdline,,File created (rule: FileCreate),,5124,WINDEV2309EVAL\User,S-1-5-18,2023-12-27 22:38:50.377,2,"<Event xmlns=""http://schemas.microsoft.com/win/2004/08/events/event"">
    <System>
      <Provider Name=""Microsoft-Windows-Sysmon"" Guid=""{5770385f-c22a-43e0-bf4c-06f5698ffbd9}""/>
      <EventID>11</EventID>
      <Version>2</Version>
      <Level>4</Level>
      <Task>11</Task>
      <Opcode>0</Opcode>
      <Keywords>0x8000000000000000</Keywords>
      <TimeCreated SystemTime=""2023-12-27T22:38:50.3808339Z""/>
      <EventRecordID>19603</EventRecordID>
      <Correlation/>
      <Execution ProcessID=""3588"" ThreadID=""5124""/>
      <Channel>Microsoft-Windows-Sysmon/Operational</Channel>
      <Computer>WinDev2309Eval</Computer>
      <Security UserID=""S-1-5-18""/>
    </System>
    <EventData>
      <Data Name=""RuleName"">-</Data>
      <Data Name=""UtcTime"">2023-12-27 22:38:50.377</Data>
      <Data Name=""ProcessGuid"">{f57bd86a-a778-658c-d501-000000000f00}</Data>
      <Data Name=""ProcessId"">3840</Data>
      <Data Name=""Image"">C:\Windows\System32\WindowsPowerShell\v1.0\powershell.exe</Data>
      <Data Name=""TargetFilename"">C:\Users\User\AppData\Local\Temp\pwabavuh.cmdline</Data>
      <Data Name=""CreationUtcTime"">2023-12-27 22:38:50.377</Data>
      <Data Name=""User"">WINDEV2309EVAL\User</Data>
    </EventData>
    <RenderingInfo Culture=""en-US"">
      <Message>File created:

RuleName: -

UtcTime: 2023-12-27 22:38:50.377

ProcessGuid: {f57bd86a-a778-658c-d501-000000000f00}

ProcessId: 3840

Image: C:\Windows\System32\WindowsPowerShell\v1.0\powershell.exe

TargetFilename: C:\Users\User\AppData\Local\Temp\pwabavuh.cmdline

CreationUtcTime: 2023-12-27 22:38:50.377

User: WINDEV2309EVAL\User</Message>
      <Level>Information</Level>
      <Task>File created (rule: FileCreate)</Task>
      <Opcode>Info</Opcode>
    </RenderingInfo>
  </Event>
  
"
Microsoft-Windows-Sysmon/Operational,,,WinDev2309Eval,2023-12-27 22:38:49.091,,,,11,19602,,,,C:\Windows\System32\WindowsPowerShell\v1.0\powershell.exe,,0x8000000000000000,Information,,,"File created:

RuleName: -

UtcTime: 2023-12-27 22:38:49.091

ProcessGuid: {f57bd86a-a778-658c-d501-000000000f00}

ProcessId: 3840

Image: C:\Windows\System32\WindowsPowerShell\v1.0\powershell.exe

TargetFilename: C:\Users\User\AppData\Local\Temp\__PSScriptPolicyTest_qo0u2qxf.fwg.ps1

CreationUtcTime: 2023-12-27 22:38:49.091

User: WINDEV2309EVAL\User",Info,,,,,,,{f57bd86a-a778-658c-d501-000000000f00},3588,3840,,,,,"
      ",-,2023-12-27T22:38:49.1025291Z,C:\Users\User\AppData\Local\Temp\__PSScriptPolicyTest_qo0u2qxf.fwg.ps1,,File created (rule: FileCreate),,5124,WINDEV2309EVAL\User,S-1-5-18,2023-12-27 22:38:49.091,2,"<Event xmlns=""http://schemas.microsoft.com/win/2004/08/events/event"">
    <System>
      <Provider Name=""Microsoft-Windows-Sysmon"" Guid=""{5770385f-c22a-43e0-bf4c-06f5698ffbd9}""/>
      <EventID>11</EventID>
      <Version>2</Version>
      <Level>4</Level>
      <Task>11</Task>
      <Opcode>0</Opcode>
      <Keywords>0x8000000000000000</Keywords>
      <TimeCreated SystemTime=""2023-12-27T22:38:49.1025291Z""/>
      <EventRecordID>19602</EventRecordID>
      <Correlation/>
      <Execution ProcessID=""3588"" ThreadID=""5124""/>
      <Channel>Microsoft-Windows-Sysmon/Operational</Channel>
      <Computer>WinDev2309Eval</Computer>
      <Security UserID=""S-1-5-18""/>
    </System>
    <EventData>
      <Data Name=""RuleName"">-</Data>
      <Data Name=""UtcTime"">2023-12-27 22:38:49.091</Data>
      <Data Name=""ProcessGuid"">{f57bd86a-a778-658c-d501-000000000f00}</Data>
      <Data Name=""ProcessId"">3840</Data>
      <Data Name=""Image"">C:\Windows\System32\WindowsPowerShell\v1.0\powershell.exe</Data>
      <Data Name=""TargetFilename"">C:\Users\User\AppData\Local\Temp\__PSScriptPolicyTest_qo0u2qxf.fwg.ps1</Data>
      <Data Name=""CreationUtcTime"">2023-12-27 22:38:49.091</Data>
      <Data Name=""User"">WINDEV2309EVAL\User</Data>
    </EventData>
    <RenderingInfo Culture=""en-US"">
      <Message>File created:

RuleName: -

UtcTime: 2023-12-27 22:38:49.091

ProcessGuid: {f57bd86a-a778-658c-d501-000000000f00}

ProcessId: 3840

Image: C:\Windows\System32\WindowsPowerShell\v1.0\powershell.exe

TargetFilename: C:\Users\User\AppData\Local\Temp\__PSScriptPolicyTest_qo0u2qxf.fwg.ps1

CreationUtcTime: 2023-12-27 22:38:49.091

User: WINDEV2309EVAL\User</Message>
      <Level>Information</Level>
      <Task>File created (rule: FileCreate)</Task>
      <Opcode>Info</Opcode>
    </RenderingInfo>
  </Event>
  
"
