Microsoft-Windows-Sysmon/Operational,,,WinDev2309Eval,,,,,,,,,,22,19587,,,,C:\Windows\System32\WindowsPowerShell\v1.0\powershell.exe,,,0x8000000000000000,Information,,,"Dns query:

RuleName: -

UtcTime: 2023-12-27 14:52:09.965

ProcessGuid: {f57bd86a-ac81-658c-ca01-000000000f00}

ProcessId: 6220

QueryName: launch.getgo.com

QueryStatus: 0

QueryResults: type: 5 launch.services.goto.com;type: 5 launcher-rest-new.live.corecollab.ucc-prod.eva.goto.com;::ffff:23.239.230.239;

Image: C:\Windows\System32\WindowsPowerShell\v1.0\powershell.exe

User: WINDEV2309EVAL\User",Info,,,,,,,,{f57bd86a-ac81-658c-ca01-000000000f00},3588,6220,,,launch.getgo.com,type: 5 launch.services.goto.com;type: 5 launcher-rest-new.live.corecollab.ucc-prod.eva.goto.com;::ffff:23.239.230.239;,0,"
      ",-,,,,,,2023-12-27T23:00:19.4204512Z,,,Dns query (rule: DnsQuery),,5164,WINDEV2309EVAL\User,S-1-5-18,2023-12-27 14:52:09.965,5,"<Event xmlns=""http://schemas.microsoft.com/win/2004/08/events/event"">
    <System>
      <Provider Name=""Microsoft-Windows-Sysmon"" Guid=""{5770385f-c22a-43e0-bf4c-06f5698ffbd9}""/>
      <EventID>22</EventID>
      <Version>5</Version>
      <Level>4</Level>
      <Task>22</Task>
      <Opcode>0</Opcode>
      <Keywords>0x8000000000000000</Keywords>
      <TimeCreated SystemTime=""2023-12-27T23:00:19.4204512Z""/>
      <EventRecordID>19587</EventRecordID>
      <Correlation/>
      <Execution ProcessID=""3588"" ThreadID=""5164""/>
      <Channel>Microsoft-Windows-Sysmon/Operational</Channel>
      <Computer>WinDev2309Eval</Computer>
      <Security UserID=""S-1-5-18""/>
    </System>
    <EventData>
      <Data Name=""RuleName"">-</Data>
      <Data Name=""UtcTime"">2023-12-27 14:52:09.965</Data>
      <Data Name=""ProcessGuid"">{f57bd86a-ac81-658c-ca01-000000000f00}</Data>
      <Data Name=""ProcessId"">6220</Data>
      <Data Name=""QueryName"">launch.getgo.com</Data>
      <Data Name=""QueryStatus"">0</Data>
      <Data Name=""QueryResults"">type: 5 launch.services.goto.com;type: 5 launcher-rest-new.live.corecollab.ucc-prod.eva.goto.com;::ffff:23.239.230.239;</Data>
      <Data Name=""Image"">C:\Windows\System32\WindowsPowerShell\v1.0\powershell.exe</Data>
      <Data Name=""User"">WINDEV2309EVAL\User</Data>
    </EventData>
    <RenderingInfo Culture=""en-US"">
      <Message>Dns query:

RuleName: -

UtcTime: 2023-12-27 14:52:09.965

ProcessGuid: {f57bd86a-ac81-658c-ca01-000000000f00}

ProcessId: 6220

QueryName: launch.getgo.com

QueryStatus: 0

QueryResults: type: 5 launch.services.goto.com;type: 5 launcher-rest-new.live.corecollab.ucc-prod.eva.goto.com;::ffff:23.239.230.239;

Image: C:\Windows\System32\WindowsPowerShell\v1.0\powershell.exe

User: WINDEV2309EVAL\User</Message>
      <Level>Information</Level>
      <Task>Dns query (rule: DnsQuery)</Task>
      <Opcode>Info</Opcode>
    </RenderingInfo>
  </Event>
  
"
Microsoft-Windows-Sysmon/Operational,,,WinDev2309Eval,,,,,,,,,,22,19586,,,,C:\Windows\System32\WindowsPowerShell\v1.0\powershell.exe,,,0x8000000000000000,Information,,,"Dns query:

RuleName: -

UtcTime: 2023-12-27 14:52:09.962

ProcessGuid: {f57bd86a-ac81-658c-ca01-000000000f00}

ProcessId: 6220

QueryName: launch.getgo.com

QueryStatus: 0

QueryResults: type: 5 launch.services.goto.com;type: 5 launcher-rest-new.live.corecollab.ucc-prod.eva.goto.com;::ffff:23.239.230.239;

Image: C:\Windows\System32\WindowsPowerShell\v1.0\powershell.exe

User: WINDEV2309EVAL\User",Info,,,,,,,,{f57bd86a-ac81-658c-ca01-000000000f00},3588,6220,,,launch.getgo.com,type: 5 launch.services.goto.com;type: 5 launcher-rest-new.live.corecollab.ucc-prod.eva.goto.com;::ffff:23.239.230.239;,0,"
      ",-,,,,,,2023-12-27T23:00:19.4196546Z,,,Dns query (rule: DnsQuery),,5164,WINDEV2309EVAL\User,S-1-5-18,2023-12-27 14:52:09.962,5,"<Event xmlns=""http://schemas.microsoft.com/win/2004/08/events/event"">
    <System>
      <Provider Name=""Microsoft-Windows-Sysmon"" Guid=""{5770385f-c22a-43e0-bf4c-06f5698ffbd9}""/>
      <EventID>22</EventID>
      <Version>5</Version>
      <Level>4</Level>
      <Task>22</Task>
      <Opcode>0</Opcode>
      <Keywords>0x8000000000000000</Keywords>
      <TimeCreated SystemTime=""2023-12-27T23:00:19.4196546Z""/>
      <EventRecordID>19586</EventRecordID>
      <Correlation/>
      <Execution ProcessID=""3588"" ThreadID=""5164""/>
      <Channel>Microsoft-Windows-Sysmon/Operational</Channel>
      <Computer>WinDev2309Eval</Computer>
      <Security UserID=""S-1-5-18""/>
    </System>
    <EventData>
      <Data Name=""RuleName"">-</Data>
      <Data Name=""UtcTime"">2023-12-27 14:52:09.962</Data>
      <Data Name=""ProcessGuid"">{f57bd86a-ac81-658c-ca01-000000000f00}</Data>
      <Data Name=""ProcessId"">6220</Data>
      <Data Name=""QueryName"">launch.getgo.com</Data>
      <Data Name=""QueryStatus"">0</Data>
      <Data Name=""QueryResults"">type: 5 launch.services.goto.com;type: 5 launcher-rest-new.live.corecollab.ucc-prod.eva.goto.com;::ffff:23.239.230.239;</Data>
      <Data Name=""Image"">C:\Windows\System32\WindowsPowerShell\v1.0\powershell.exe</Data>
      <Data Name=""User"">WINDEV2309EVAL\User</Data>
    </EventData>
    <RenderingInfo Culture=""en-US"">
      <Message>Dns query:

RuleName: -

UtcTime: 2023-12-27 14:52:09.962

ProcessGuid: {f57bd86a-ac81-658c-ca01-000000000f00}

ProcessId: 6220

QueryName: launch.getgo.com

QueryStatus: 0

QueryResults: type: 5 launch.services.goto.com;type: 5 launcher-rest-new.live.corecollab.ucc-prod.eva.goto.com;::ffff:23.239.230.239;

Image: C:\Windows\System32\WindowsPowerShell\v1.0\powershell.exe

User: WINDEV2309EVAL\User</Message>
      <Level>Information</Level>
      <Task>Dns query (rule: DnsQuery)</Task>
      <Opcode>Info</Opcode>
    </RenderingInfo>
  </Event>
  
"
Microsoft-Windows-Sysmon/Operational,,,WinDev2309Eval,2023-12-27 23:00:19.195,,,,,,,,,11,19585,,,,C:\Windows\System32\WindowsPowerShell\v1.0\powershell.exe,,,0x8000000000000000,Information,,,"File created:

RuleName: Downloads

UtcTime: 2023-12-27 23:00:19.195

ProcessGuid: {f57bd86a-ac81-658c-ca01-000000000f00}

ProcessId: 6220

Image: C:\Windows\System32\WindowsPowerShell\v1.0\powershell.exe

TargetFilename: C:\Users\User\Downloads\GoToAssist.exe

CreationUtcTime: 2023-12-27 23:00:19.195

User: WINDEV2309EVAL\User",Info,,,,,,,,{f57bd86a-ac81-658c-ca01-000000000f00},3588,6220,,,,,,"
      ",Downloads,,,,,,2023-12-27T23:00:19.2061214Z,C:\Users\User\Downloads\GoToAssist.exe,,File created (rule: FileCreate),,5124,WINDEV2309EVAL\User,S-1-5-18,2023-12-27 23:00:19.195,2,"<Event xmlns=""http://schemas.microsoft.com/win/2004/08/events/event"">
    <System>
      <Provider Name=""Microsoft-Windows-Sysmon"" Guid=""{5770385f-c22a-43e0-bf4c-06f5698ffbd9}""/>
      <EventID>11</EventID>
      <Version>2</Version>
      <Level>4</Level>
      <Task>11</Task>
      <Opcode>0</Opcode>
      <Keywords>0x8000000000000000</Keywords>
      <TimeCreated SystemTime=""2023-12-27T23:00:19.2061214Z""/>
      <EventRecordID>19585</EventRecordID>
      <Correlation/>
      <Execution ProcessID=""3588"" ThreadID=""5124""/>
      <Channel>Microsoft-Windows-Sysmon/Operational</Channel>
      <Computer>WinDev2309Eval</Computer>
      <Security UserID=""S-1-5-18""/>
    </System>
    <EventData>
      <Data Name=""RuleName"">Downloads</Data>
      <Data Name=""UtcTime"">2023-12-27 23:00:19.195</Data>
      <Data Name=""ProcessGuid"">{f57bd86a-ac81-658c-ca01-000000000f00}</Data>
      <Data Name=""ProcessId"">6220</Data>
      <Data Name=""Image"">C:\Windows\System32\WindowsPowerShell\v1.0\powershell.exe</Data>
      <Data Name=""TargetFilename"">C:\Users\User\Downloads\GoToAssist.exe</Data>
      <Data Name=""CreationUtcTime"">2023-12-27 23:00:19.195</Data>
      <Data Name=""User"">WINDEV2309EVAL\User</Data>
    </EventData>
    <RenderingInfo Culture=""en-US"">
      <Message>File created:

RuleName: Downloads

UtcTime: 2023-12-27 23:00:19.195

ProcessGuid: {f57bd86a-ac81-658c-ca01-000000000f00}

ProcessId: 6220

Image: C:\Windows\System32\WindowsPowerShell\v1.0\powershell.exe

TargetFilename: C:\Users\User\Downloads\GoToAssist.exe

CreationUtcTime: 2023-12-27 23:00:19.195

User: WINDEV2309EVAL\User</Message>
      <Level>Information</Level>
      <Task>File created (rule: FileCreate)</Task>
      <Opcode>Info</Opcode>
    </RenderingInfo>
  </Event>
  
"
Microsoft-Windows-Sysmon/Operational,,,WinDev2309Eval,,,,,,,,,,22,19584,,,,<unknown process>,,,0x8000000000000000,Information,,,"Dns query:

RuleName: -

UtcTime: 2023-12-27 14:52:08.066

ProcessGuid: {f57bd86a-ac7f-658c-c801-000000000f00}

ProcessId: 1532

QueryName: secure.logmein.com

QueryStatus: 0

QueryResults: type: 5 secure.logmein.com.akadns.net;::ffff:158.120.16.3;

Image: <unknown process>

User: WINDEV2309EVAL\User",Info,,,,,,,,{f57bd86a-ac7f-658c-c801-000000000f00},3588,1532,,,secure.logmein.com,type: 5 secure.logmein.com.akadns.net;::ffff:158.120.16.3;,0,"
      ",-,,,,,,2023-12-27T23:00:18.4065627Z,,,Dns query (rule: DnsQuery),,5164,WINDEV2309EVAL\User,S-1-5-18,2023-12-27 14:52:08.066,5,"<Event xmlns=""http://schemas.microsoft.com/win/2004/08/events/event"">
    <System>
      <Provider Name=""Microsoft-Windows-Sysmon"" Guid=""{5770385f-c22a-43e0-bf4c-06f5698ffbd9}""/>
      <EventID>22</EventID>
      <Version>5</Version>
      <Level>4</Level>
      <Task>22</Task>
      <Opcode>0</Opcode>
      <Keywords>0x8000000000000000</Keywords>
      <TimeCreated SystemTime=""2023-12-27T23:00:18.4065627Z""/>
      <EventRecordID>19584</EventRecordID>
      <Correlation/>
      <Execution ProcessID=""3588"" ThreadID=""5164""/>
      <Channel>Microsoft-Windows-Sysmon/Operational</Channel>
      <Computer>WinDev2309Eval</Computer>
      <Security UserID=""S-1-5-18""/>
    </System>
    <EventData>
      <Data Name=""RuleName"">-</Data>
      <Data Name=""UtcTime"">2023-12-27 14:52:08.066</Data>
      <Data Name=""ProcessGuid"">{f57bd86a-ac7f-658c-c801-000000000f00}</Data>
      <Data Name=""ProcessId"">1532</Data>
      <Data Name=""QueryName"">secure.logmein.com</Data>
      <Data Name=""QueryStatus"">0</Data>
      <Data Name=""QueryResults"">type: 5 secure.logmein.com.akadns.net;::ffff:158.120.16.3;</Data>
      <Data Name=""Image"">&lt;unknown process&gt;</Data>
      <Data Name=""User"">WINDEV2309EVAL\User</Data>
    </EventData>
    <RenderingInfo Culture=""en-US"">
      <Message>Dns query:

RuleName: -

UtcTime: 2023-12-27 14:52:08.066

ProcessGuid: {f57bd86a-ac7f-658c-c801-000000000f00}

ProcessId: 1532

QueryName: secure.logmein.com

QueryStatus: 0

QueryResults: type: 5 secure.logmein.com.akadns.net;::ffff:158.120.16.3;

Image: &lt;unknown process&gt;

User: WINDEV2309EVAL\User</Message>
      <Level>Information</Level>
      <Task>Dns query (rule: DnsQuery)</Task>
      <Opcode>Info</Opcode>
    </RenderingInfo>
  </Event>
  
"
Microsoft-Windows-Sysmon/Operational,,,WinDev2309Eval,,,,,,,,,,22,19583,,,,<unknown process>,,,0x8000000000000000,Information,,,"Dns query:

RuleName: -

UtcTime: 2023-12-27 14:52:08.064

ProcessGuid: {f57bd86a-ac7f-658c-c801-000000000f00}

ProcessId: 1532

QueryName: secure.logmein.com

QueryStatus: 0

QueryResults: type: 5 secure.logmein.com.akadns.net;::ffff:158.120.16.3;

Image: <unknown process>

User: WINDEV2309EVAL\User",Info,,,,,,,,{f57bd86a-ac7f-658c-c801-000000000f00},3588,1532,,,secure.logmein.com,type: 5 secure.logmein.com.akadns.net;::ffff:158.120.16.3;,0,"
      ",-,,,,,,2023-12-27T23:00:18.4061730Z,,,Dns query (rule: DnsQuery),,5164,WINDEV2309EVAL\User,S-1-5-18,2023-12-27 14:52:08.064,5,"<Event xmlns=""http://schemas.microsoft.com/win/2004/08/events/event"">
    <System>
      <Provider Name=""Microsoft-Windows-Sysmon"" Guid=""{5770385f-c22a-43e0-bf4c-06f5698ffbd9}""/>
      <EventID>22</EventID>
      <Version>5</Version>
      <Level>4</Level>
      <Task>22</Task>
      <Opcode>0</Opcode>
      <Keywords>0x8000000000000000</Keywords>
      <TimeCreated SystemTime=""2023-12-27T23:00:18.4061730Z""/>
      <EventRecordID>19583</EventRecordID>
      <Correlation/>
      <Execution ProcessID=""3588"" ThreadID=""5164""/>
      <Channel>Microsoft-Windows-Sysmon/Operational</Channel>
      <Computer>WinDev2309Eval</Computer>
      <Security UserID=""S-1-5-18""/>
    </System>
    <EventData>
      <Data Name=""RuleName"">-</Data>
      <Data Name=""UtcTime"">2023-12-27 14:52:08.064</Data>
      <Data Name=""ProcessGuid"">{f57bd86a-ac7f-658c-c801-000000000f00}</Data>
      <Data Name=""ProcessId"">1532</Data>
      <Data Name=""QueryName"">secure.logmein.com</Data>
      <Data Name=""QueryStatus"">0</Data>
      <Data Name=""QueryResults"">type: 5 secure.logmein.com.akadns.net;::ffff:158.120.16.3;</Data>
      <Data Name=""Image"">&lt;unknown process&gt;</Data>
      <Data Name=""User"">WINDEV2309EVAL\User</Data>
    </EventData>
    <RenderingInfo Culture=""en-US"">
      <Message>Dns query:

RuleName: -

UtcTime: 2023-12-27 14:52:08.064

ProcessGuid: {f57bd86a-ac7f-658c-c801-000000000f00}

ProcessId: 1532

QueryName: secure.logmein.com

QueryStatus: 0

QueryResults: type: 5 secure.logmein.com.akadns.net;::ffff:158.120.16.3;

Image: &lt;unknown process&gt;

User: WINDEV2309EVAL\User</Message>
      <Level>Information</Level>
      <Task>Dns query (rule: DnsQuery)</Task>
      <Opcode>Info</Opcode>
    </RenderingInfo>
  </Event>
  
"
Microsoft-Windows-Sysmon/Operational,,,WinDev2309Eval,2023-12-27 23:00:17.321,,,,,,,,,11,19582,,,,C:\Windows\System32\WindowsPowerShell\v1.0\powershell.exe,,,0x8000000000000000,Information,,,"File created:

RuleName: -

UtcTime: 2023-12-27 23:00:17.321

ProcessGuid: {f57bd86a-ac81-658c-ca01-000000000f00}

ProcessId: 6220

Image: C:\Windows\System32\WindowsPowerShell\v1.0\powershell.exe

TargetFilename: C:\Users\User\AppData\Local\Temp\__PSScriptPolicyTest_ntimkpc2.ciw.ps1

CreationUtcTime: 2023-12-27 23:00:17.321

User: WINDEV2309EVAL\User",Info,,,,,,,,{f57bd86a-ac81-658c-ca01-000000000f00},3588,6220,,,,,,"
      ",-,,,,,,2023-12-27T23:00:17.3259879Z,C:\Users\User\AppData\Local\Temp\__PSScriptPolicyTest_ntimkpc2.ciw.ps1,,File created (rule: FileCreate),,5124,WINDEV2309EVAL\User,S-1-5-18,2023-12-27 23:00:17.321,2,"<Event xmlns=""http://schemas.microsoft.com/win/2004/08/events/event"">
    <System>
      <Provider Name=""Microsoft-Windows-Sysmon"" Guid=""{5770385f-c22a-43e0-bf4c-06f5698ffbd9}""/>
      <EventID>11</EventID>
      <Version>2</Version>
      <Level>4</Level>
      <Task>11</Task>
      <Opcode>0</Opcode>
      <Keywords>0x8000000000000000</Keywords>
      <TimeCreated SystemTime=""2023-12-27T23:00:17.3259879Z""/>
      <EventRecordID>19582</EventRecordID>
      <Correlation/>
      <Execution ProcessID=""3588"" ThreadID=""5124""/>
      <Channel>Microsoft-Windows-Sysmon/Operational</Channel>
      <Computer>WinDev2309Eval</Computer>
      <Security UserID=""S-1-5-18""/>
    </System>
    <EventData>
      <Data Name=""RuleName"">-</Data>
      <Data Name=""UtcTime"">2023-12-27 23:00:17.321</Data>
      <Data Name=""ProcessGuid"">{f57bd86a-ac81-658c-ca01-000000000f00}</Data>
      <Data Name=""ProcessId"">6220</Data>
      <Data Name=""Image"">C:\Windows\System32\WindowsPowerShell\v1.0\powershell.exe</Data>
      <Data Name=""TargetFilename"">C:\Users\User\AppData\Local\Temp\__PSScriptPolicyTest_ntimkpc2.ciw.ps1</Data>
      <Data Name=""CreationUtcTime"">2023-12-27 23:00:17.321</Data>
      <Data Name=""User"">WINDEV2309EVAL\User</Data>
    </EventData>
    <RenderingInfo Culture=""en-US"">
      <Message>File created:

RuleName: -

UtcTime: 2023-12-27 23:00:17.321

ProcessGuid: {f57bd86a-ac81-658c-ca01-000000000f00}

ProcessId: 6220

Image: C:\Windows\System32\WindowsPowerShell\v1.0\powershell.exe

TargetFilename: C:\Users\User\AppData\Local\Temp\__PSScriptPolicyTest_ntimkpc2.ciw.ps1

CreationUtcTime: 2023-12-27 23:00:17.321

User: WINDEV2309EVAL\User</Message>
      <Level>Information</Level>
      <Task>File created (rule: FileCreate)</Task>
      <Opcode>Info</Opcode>
    </RenderingInfo>
  </Event>
  
"
Microsoft-Windows-Sysmon/Operational,"""powershell.exe"" & {Invoke-WebRequest -OutFile C:\Users\$env:username\Downloads\GoToAssist.exe \""""https://launch.getgo.com/launcher2/helper?token=e0-FaCddxmtMoX8_cY4czssnTeGvy83ihp8CLREfvwQshiBW0_RcbdoaEp8IA-Qn8wpbKlpGIflS-39gW6RuWRM-XHwtkRVMLBsp5RSKp-a3PBM-Pb1Fliy73EDgoaxr-q83WtXbLKqD7-u3cfDl9gKsymmhdkTGsXcDXir90NqKj92LsN_KpyYwV06lIxsdRekhNZjNwhkWrBa_hG8RQJqWSGk6tkZLVMuMufmn37eC2Cqqiwq5bCGnH5dYiSUUsklSedRLjh4N46qPYT1bAU0qD25ZPr-Kvf4Kzu9bT02q3Yntj02ZA99TxL2-SKzgryizoopBPg4Ilfo5t78UxKTYeEwo4etQECfkCRvenkTRlIHmowdbd88zz7NiccXnbHJZehgs6_-JSVjQIdPTXZbF9T5z44mi4BQYMtZAS3DE86F0C3D4Tcd7fa5F6Ve8rQWt7pvqFCYyiJAailslxOw0LsGyFokoy65tMF980ReP8zhVcTKYP8s8mhGXihUQJQPNk20Sw&downloadTrigger=restart&renameFile=1\""""
$file1 = \""""C:\Users\\"""" + $env:username + \""""\Downloads\GoToAssist.exe\""""
Start-Process $file1 /S;}",Microsoft Corporation,WinDev2309Eval,,C:\Users\User\AppData\Local\Temp\,Windows PowerShell,,,,,,,1,19581,,10.0.22621.2506 (WinBuild.160101.0800),"MD5=2D1D70C92A419D9079B047954C611886,SHA256=C50057756CDB25D481CF2502ABCEF124F864C27618C5057468BFC6B82B2C4EDD,IMPHASH=E09C4F82A1DA13A09F4FF2E625FEBA20",C:\Windows\System32\WindowsPowerShell\v1.0\powershell.exe,,Medium,0x8000000000000000,Information,{f57bd86a-36f9-658c-7bf8-020000000000},0x2f87b,"Process Create:

RuleName: -

UtcTime: 2023-12-27 23:00:17.205

ProcessGuid: {f57bd86a-ac81-658c-ca01-000000000f00}

ProcessId: 6220

Image: C:\Windows\System32\WindowsPowerShell\v1.0\powershell.exe

FileVersion: 10.0.22621.2506 (WinBuild.160101.0800)

Description: Windows PowerShell

Product: Microsoft® Windows® Operating System

Company: Microsoft Corporation

OriginalFileName: PowerShell.EXE

CommandLine: ""powershell.exe"" & {Invoke-WebRequest -OutFile C:\Users\$env:username\Downloads\GoToAssist.exe \""""https://launch.getgo.com/launcher2/helper?token=e0-FaCddxmtMoX8_cY4czssnTeGvy83ihp8CLREfvwQshiBW0_RcbdoaEp8IA-Qn8wpbKlpGIflS-39gW6RuWRM-XHwtkRVMLBsp5RSKp-a3PBM-Pb1Fliy73EDgoaxr-q83WtXbLKqD7-u3cfDl9gKsymmhdkTGsXcDXir90NqKj92LsN_KpyYwV06lIxsdRekhNZjNwhkWrBa_hG8RQJqWSGk6tkZLVMuMufmn37eC2Cqqiwq5bCGnH5dYiSUUsklSedRLjh4N46qPYT1bAU0qD25ZPr-Kvf4Kzu9bT02q3Yntj02ZA99TxL2-SKzgryizoopBPg4Ilfo5t78UxKTYeEwo4etQECfkCRvenkTRlIHmowdbd88zz7NiccXnbHJZehgs6_-JSVjQIdPTXZbF9T5z44mi4BQYMtZAS3DE86F0C3D4Tcd7fa5F6Ve8rQWt7pvqFCYyiJAailslxOw0LsGyFokoy65tMF980ReP8zhVcTKYP8s8mhGXihUQJQPNk20Sw&downloadTrigger=restart&renameFile=1\""""
$file1 = \""""C:\Users\\"""" + $env:username + \""""\Downloads\GoToAssist.exe\""""
Start-Process $file1 /S;}

CurrentDirectory: C:\Users\User\AppData\Local\Temp\

User: WINDEV2309EVAL\User

LogonGuid: {f57bd86a-36f9-658c-7bf8-020000000000}

LogonId: 0x2F87B

TerminalSessionId: 1

IntegrityLevel: Medium

Hashes: MD5=2D1D70C92A419D9079B047954C611886,SHA256=C50057756CDB25D481CF2502ABCEF124F864C27618C5057468BFC6B82B2C4EDD,IMPHASH=E09C4F82A1DA13A09F4FF2E625FEBA20

ParentProcessGuid: {00000000-0000-0000-0000-000000000000}

ParentProcessId: 1688

ParentImage: -

ParentCommandLine: -

ParentUser: -",Info,PowerShell.EXE,-,-,{00000000-0000-0000-0000-000000000000},1688,-,,{f57bd86a-ac81-658c-ca01-000000000f00},3588,6220,Microsoft® Windows® Operating System,,,,,"
      ",-,,,,,,2023-12-27T23:00:17.2066479Z,,,Process Create (rule: ProcessCreate),1,5124,WINDEV2309EVAL\User,S-1-5-18,2023-12-27 23:00:17.205,5,"<Event xmlns=""http://schemas.microsoft.com/win/2004/08/events/event"">
    <System>
      <Provider Name=""Microsoft-Windows-Sysmon"" Guid=""{5770385f-c22a-43e0-bf4c-06f5698ffbd9}""/>
      <EventID>1</EventID>
      <Version>5</Version>
      <Level>4</Level>
      <Task>1</Task>
      <Opcode>0</Opcode>
      <Keywords>0x8000000000000000</Keywords>
      <TimeCreated SystemTime=""2023-12-27T23:00:17.2066479Z""/>
      <EventRecordID>19581</EventRecordID>
      <Correlation/>
      <Execution ProcessID=""3588"" ThreadID=""5124""/>
      <Channel>Microsoft-Windows-Sysmon/Operational</Channel>
      <Computer>WinDev2309Eval</Computer>
      <Security UserID=""S-1-5-18""/>
    </System>
    <EventData>
      <Data Name=""RuleName"">-</Data>
      <Data Name=""UtcTime"">2023-12-27 23:00:17.205</Data>
      <Data Name=""ProcessGuid"">{f57bd86a-ac81-658c-ca01-000000000f00}</Data>
      <Data Name=""ProcessId"">6220</Data>
      <Data Name=""Image"">C:\Windows\System32\WindowsPowerShell\v1.0\powershell.exe</Data>
      <Data Name=""FileVersion"">10.0.22621.2506 (WinBuild.160101.0800)</Data>
      <Data Name=""Description"">Windows PowerShell</Data>
      <Data Name=""Product"">Microsoft&#174; Windows&#174; Operating System</Data>
      <Data Name=""Company"">Microsoft Corporation</Data>
      <Data Name=""OriginalFileName"">PowerShell.EXE</Data>
      <Data Name=""CommandLine"">""powershell.exe"" &amp; {Invoke-WebRequest -OutFile C:\Users\$env:username\Downloads\GoToAssist.exe \""""https://launch.getgo.com/launcher2/helper?token=e0-FaCddxmtMoX8_cY4czssnTeGvy83ihp8CLREfvwQshiBW0_RcbdoaEp8IA-Qn8wpbKlpGIflS-39gW6RuWRM-XHwtkRVMLBsp5RSKp-a3PBM-Pb1Fliy73EDgoaxr-q83WtXbLKqD7-u3cfDl9gKsymmhdkTGsXcDXir90NqKj92LsN_KpyYwV06lIxsdRekhNZjNwhkWrBa_hG8RQJqWSGk6tkZLVMuMufmn37eC2Cqqiwq5bCGnH5dYiSUUsklSedRLjh4N46qPYT1bAU0qD25ZPr-Kvf4Kzu9bT02q3Yntj02ZA99TxL2-SKzgryizoopBPg4Ilfo5t78UxKTYeEwo4etQECfkCRvenkTRlIHmowdbd88zz7NiccXnbHJZehgs6_-JSVjQIdPTXZbF9T5z44mi4BQYMtZAS3DE86F0C3D4Tcd7fa5F6Ve8rQWt7pvqFCYyiJAailslxOw0LsGyFokoy65tMF980ReP8zhVcTKYP8s8mhGXihUQJQPNk20Sw&amp;downloadTrigger=restart&amp;renameFile=1\""""
$file1 = \""""C:\Users\\"""" + $env:username + \""""\Downloads\GoToAssist.exe\""""
Start-Process $file1 /S;}</Data>
      <Data Name=""CurrentDirectory"">C:\Users\User\AppData\Local\Temp\</Data>
      <Data Name=""User"">WINDEV2309EVAL\User</Data>
      <Data Name=""LogonGuid"">{f57bd86a-36f9-658c-7bf8-020000000000}</Data>
      <Data Name=""LogonId"">0x2f87b</Data>
      <Data Name=""TerminalSessionId"">1</Data>
      <Data Name=""IntegrityLevel"">Medium</Data>
      <Data Name=""Hashes"">MD5=2D1D70C92A419D9079B047954C611886,SHA256=C50057756CDB25D481CF2502ABCEF124F864C27618C5057468BFC6B82B2C4EDD,IMPHASH=E09C4F82A1DA13A09F4FF2E625FEBA20</Data>
      <Data Name=""ParentProcessGuid"">{00000000-0000-0000-0000-000000000000}</Data>
      <Data Name=""ParentProcessId"">1688</Data>
      <Data Name=""ParentImage"">-</Data>
      <Data Name=""ParentCommandLine"">-</Data>
      <Data Name=""ParentUser"">-</Data>
    </EventData>
    <RenderingInfo Culture=""en-US"">
      <Message>Process Create:

RuleName: -

UtcTime: 2023-12-27 23:00:17.205

ProcessGuid: {f57bd86a-ac81-658c-ca01-000000000f00}

ProcessId: 6220

Image: C:\Windows\System32\WindowsPowerShell\v1.0\powershell.exe

FileVersion: 10.0.22621.2506 (WinBuild.160101.0800)

Description: Windows PowerShell

Product: Microsoft&#174; Windows&#174; Operating System

Company: Microsoft Corporation

OriginalFileName: PowerShell.EXE

CommandLine: ""powershell.exe"" &amp; {Invoke-WebRequest -OutFile C:\Users\$env:username\Downloads\GoToAssist.exe \""""https://launch.getgo.com/launcher2/helper?token=e0-FaCddxmtMoX8_cY4czssnTeGvy83ihp8CLREfvwQshiBW0_RcbdoaEp8IA-Qn8wpbKlpGIflS-39gW6RuWRM-XHwtkRVMLBsp5RSKp-a3PBM-Pb1Fliy73EDgoaxr-q83WtXbLKqD7-u3cfDl9gKsymmhdkTGsXcDXir90NqKj92LsN_KpyYwV06lIxsdRekhNZjNwhkWrBa_hG8RQJqWSGk6tkZLVMuMufmn37eC2Cqqiwq5bCGnH5dYiSUUsklSedRLjh4N46qPYT1bAU0qD25ZPr-Kvf4Kzu9bT02q3Yntj02ZA99TxL2-SKzgryizoopBPg4Ilfo5t78UxKTYeEwo4etQECfkCRvenkTRlIHmowdbd88zz7NiccXnbHJZehgs6_-JSVjQIdPTXZbF9T5z44mi4BQYMtZAS3DE86F0C3D4Tcd7fa5F6Ve8rQWt7pvqFCYyiJAailslxOw0LsGyFokoy65tMF980ReP8zhVcTKYP8s8mhGXihUQJQPNk20Sw&amp;downloadTrigger=restart&amp;renameFile=1\""""
$file1 = \""""C:\Users\\"""" + $env:username + \""""\Downloads\GoToAssist.exe\""""
Start-Process $file1 /S;}

CurrentDirectory: C:\Users\User\AppData\Local\Temp\

User: WINDEV2309EVAL\User

LogonGuid: {f57bd86a-36f9-658c-7bf8-020000000000}

LogonId: 0x2F87B

TerminalSessionId: 1

IntegrityLevel: Medium

Hashes: MD5=2D1D70C92A419D9079B047954C611886,SHA256=C50057756CDB25D481CF2502ABCEF124F864C27618C5057468BFC6B82B2C4EDD,IMPHASH=E09C4F82A1DA13A09F4FF2E625FEBA20

ParentProcessGuid: {00000000-0000-0000-0000-000000000000}

ParentProcessId: 1688

ParentImage: -

ParentCommandLine: -

ParentUser: -</Message>
      <Level>Information</Level>
      <Task>Process Create (rule: ProcessCreate)</Task>
      <Opcode>Info</Opcode>
    </RenderingInfo>
  </Event>
  
"
Microsoft-Windows-Sysmon/Operational,,,WinDev2309Eval,2023-12-27 23:00:15.461,,,,,,,,,11,19580,,,,C:\Windows\System32\WindowsPowerShell\v1.0\powershell.exe,,,0x8000000000000000,Information,,,"File created:

RuleName: -

UtcTime: 2023-12-27 23:00:15.461

ProcessGuid: {f57bd86a-ac7f-658c-c801-000000000f00}

ProcessId: 1532

Image: C:\Windows\System32\WindowsPowerShell\v1.0\powershell.exe

TargetFilename: C:\Users\User\AppData\Local\Temp\__PSScriptPolicyTest_knth0po0.kwp.ps1

CreationUtcTime: 2023-12-27 23:00:15.461

User: WINDEV2309EVAL\User",Info,,,,,,,,{f57bd86a-ac7f-658c-c801-000000000f00},3588,1532,,,,,,"
      ",-,,,,,,2023-12-27T23:00:15.4739663Z,C:\Users\User\AppData\Local\Temp\__PSScriptPolicyTest_knth0po0.kwp.ps1,,File created (rule: FileCreate),,5124,WINDEV2309EVAL\User,S-1-5-18,2023-12-27 23:00:15.461,2,"<Event xmlns=""http://schemas.microsoft.com/win/2004/08/events/event"">
    <System>
      <Provider Name=""Microsoft-Windows-Sysmon"" Guid=""{5770385f-c22a-43e0-bf4c-06f5698ffbd9}""/>
      <EventID>11</EventID>
      <Version>2</Version>
      <Level>4</Level>
      <Task>11</Task>
      <Opcode>0</Opcode>
      <Keywords>0x8000000000000000</Keywords>
      <TimeCreated SystemTime=""2023-12-27T23:00:15.4739663Z""/>
      <EventRecordID>19580</EventRecordID>
      <Correlation/>
      <Execution ProcessID=""3588"" ThreadID=""5124""/>
      <Channel>Microsoft-Windows-Sysmon/Operational</Channel>
      <Computer>WinDev2309Eval</Computer>
      <Security UserID=""S-1-5-18""/>
    </System>
    <EventData>
      <Data Name=""RuleName"">-</Data>
      <Data Name=""UtcTime"">2023-12-27 23:00:15.461</Data>
      <Data Name=""ProcessGuid"">{f57bd86a-ac7f-658c-c801-000000000f00}</Data>
      <Data Name=""ProcessId"">1532</Data>
      <Data Name=""Image"">C:\Windows\System32\WindowsPowerShell\v1.0\powershell.exe</Data>
      <Data Name=""TargetFilename"">C:\Users\User\AppData\Local\Temp\__PSScriptPolicyTest_knth0po0.kwp.ps1</Data>
      <Data Name=""CreationUtcTime"">2023-12-27 23:00:15.461</Data>
      <Data Name=""User"">WINDEV2309EVAL\User</Data>
    </EventData>
    <RenderingInfo Culture=""en-US"">
      <Message>File created:

RuleName: -

UtcTime: 2023-12-27 23:00:15.461

ProcessGuid: {f57bd86a-ac7f-658c-c801-000000000f00}

ProcessId: 1532

Image: C:\Windows\System32\WindowsPowerShell\v1.0\powershell.exe

TargetFilename: C:\Users\User\AppData\Local\Temp\__PSScriptPolicyTest_knth0po0.kwp.ps1

CreationUtcTime: 2023-12-27 23:00:15.461

User: WINDEV2309EVAL\User</Message>
      <Level>Information</Level>
      <Task>File created (rule: FileCreate)</Task>
      <Opcode>Info</Opcode>
    </RenderingInfo>
  </Event>
  
"
Microsoft-Windows-Sysmon/Operational,,,WinDev2309Eval,,,,,,,,,,22,19579,,,,<unknown process>,,,0x8000000000000000,Information,,,"Dns query:

RuleName: -

UtcTime: 2023-12-27 14:52:06.188

ProcessGuid: {f57bd86a-ac7d-658c-c601-000000000f00}

ProcessId: 2860

QueryName: download.anydesk.com

QueryStatus: 0

QueryResults: ::ffff:159.69.19.197;

Image: <unknown process>

User: WINDEV2309EVAL\User",Info,,,,,,,,{f57bd86a-ac7d-658c-c601-000000000f00},3588,2860,,,download.anydesk.com,::ffff:159.69.19.197;,0,"
      ",-,,,,,,2023-12-27T23:00:15.3823944Z,,,Dns query (rule: DnsQuery),,5164,WINDEV2309EVAL\User,S-1-5-18,2023-12-27 14:52:06.188,5,"<Event xmlns=""http://schemas.microsoft.com/win/2004/08/events/event"">
    <System>
      <Provider Name=""Microsoft-Windows-Sysmon"" Guid=""{5770385f-c22a-43e0-bf4c-06f5698ffbd9}""/>
      <EventID>22</EventID>
      <Version>5</Version>
      <Level>4</Level>
      <Task>22</Task>
      <Opcode>0</Opcode>
      <Keywords>0x8000000000000000</Keywords>
      <TimeCreated SystemTime=""2023-12-27T23:00:15.3823944Z""/>
      <EventRecordID>19579</EventRecordID>
      <Correlation/>
      <Execution ProcessID=""3588"" ThreadID=""5164""/>
      <Channel>Microsoft-Windows-Sysmon/Operational</Channel>
      <Computer>WinDev2309Eval</Computer>
      <Security UserID=""S-1-5-18""/>
    </System>
    <EventData>
      <Data Name=""RuleName"">-</Data>
      <Data Name=""UtcTime"">2023-12-27 14:52:06.188</Data>
      <Data Name=""ProcessGuid"">{f57bd86a-ac7d-658c-c601-000000000f00}</Data>
      <Data Name=""ProcessId"">2860</Data>
      <Data Name=""QueryName"">download.anydesk.com</Data>
      <Data Name=""QueryStatus"">0</Data>
      <Data Name=""QueryResults"">::ffff:159.69.19.197;</Data>
      <Data Name=""Image"">&lt;unknown process&gt;</Data>
      <Data Name=""User"">WINDEV2309EVAL\User</Data>
    </EventData>
    <RenderingInfo Culture=""en-US"">
      <Message>Dns query:

RuleName: -

UtcTime: 2023-12-27 14:52:06.188

ProcessGuid: {f57bd86a-ac7d-658c-c601-000000000f00}

ProcessId: 2860

QueryName: download.anydesk.com

QueryStatus: 0

QueryResults: ::ffff:159.69.19.197;

Image: &lt;unknown process&gt;

User: WINDEV2309EVAL\User</Message>
      <Level>Information</Level>
      <Task>Dns query (rule: DnsQuery)</Task>
      <Opcode>Info</Opcode>
    </RenderingInfo>
  </Event>
  
"
Microsoft-Windows-Sysmon/Operational,"""powershell.exe"" & {Invoke-WebRequest -OutFile C:\Users\$env:username\Desktop\LogMeInIgnition.msi https://secure.logmein.com/LogMeInIgnition.msi
$file1 = \""""C:\Users\\"""" + $env:username + \""""\Desktop\LogMeInIgnition.msi\""""
Start-Process -Wait $file1 /quiet;
Start-Process 'C:\Program Files (x86)\LogMeIn Ignition\LMIIgnition.exe' \""""/S\""""}",Microsoft Corporation,WinDev2309Eval,,C:\Users\User\AppData\Local\Temp\,Windows PowerShell,,,,,,,1,19578,,10.0.22621.2506 (WinBuild.160101.0800),"MD5=2D1D70C92A419D9079B047954C611886,SHA256=C50057756CDB25D481CF2502ABCEF124F864C27618C5057468BFC6B82B2C4EDD,IMPHASH=E09C4F82A1DA13A09F4FF2E625FEBA20",C:\Windows\System32\WindowsPowerShell\v1.0\powershell.exe,,Medium,0x8000000000000000,Information,{f57bd86a-36f9-658c-7bf8-020000000000},0x2f87b,"Process Create:

RuleName: -

UtcTime: 2023-12-27 23:00:15.361

ProcessGuid: {f57bd86a-ac7f-658c-c801-000000000f00}

ProcessId: 1532

Image: C:\Windows\System32\WindowsPowerShell\v1.0\powershell.exe

FileVersion: 10.0.22621.2506 (WinBuild.160101.0800)

Description: Windows PowerShell

Product: Microsoft® Windows® Operating System

Company: Microsoft Corporation

OriginalFileName: PowerShell.EXE

CommandLine: ""powershell.exe"" & {Invoke-WebRequest -OutFile C:\Users\$env:username\Desktop\LogMeInIgnition.msi https://secure.logmein.com/LogMeInIgnition.msi
$file1 = \""""C:\Users\\"""" + $env:username + \""""\Desktop\LogMeInIgnition.msi\""""
Start-Process -Wait $file1 /quiet;
Start-Process 'C:\Program Files (x86)\LogMeIn Ignition\LMIIgnition.exe' \""""/S\""""}

CurrentDirectory: C:\Users\User\AppData\Local\Temp\

User: WINDEV2309EVAL\User

LogonGuid: {f57bd86a-36f9-658c-7bf8-020000000000}

LogonId: 0x2F87B

TerminalSessionId: 1

IntegrityLevel: Medium

Hashes: MD5=2D1D70C92A419D9079B047954C611886,SHA256=C50057756CDB25D481CF2502ABCEF124F864C27618C5057468BFC6B82B2C4EDD,IMPHASH=E09C4F82A1DA13A09F4FF2E625FEBA20

ParentProcessGuid: {00000000-0000-0000-0000-000000000000}

ParentProcessId: 1688

ParentImage: -

ParentCommandLine: -

ParentUser: -",Info,PowerShell.EXE,-,-,{00000000-0000-0000-0000-000000000000},1688,-,,{f57bd86a-ac7f-658c-c801-000000000f00},3588,1532,Microsoft® Windows® Operating System,,,,,"
      ",-,,,,,,2023-12-27T23:00:15.3624736Z,,,Process Create (rule: ProcessCreate),1,5124,WINDEV2309EVAL\User,S-1-5-18,2023-12-27 23:00:15.361,5,"<Event xmlns=""http://schemas.microsoft.com/win/2004/08/events/event"">
    <System>
      <Provider Name=""Microsoft-Windows-Sysmon"" Guid=""{5770385f-c22a-43e0-bf4c-06f5698ffbd9}""/>
      <EventID>1</EventID>
      <Version>5</Version>
      <Level>4</Level>
      <Task>1</Task>
      <Opcode>0</Opcode>
      <Keywords>0x8000000000000000</Keywords>
      <TimeCreated SystemTime=""2023-12-27T23:00:15.3624736Z""/>
      <EventRecordID>19578</EventRecordID>
      <Correlation/>
      <Execution ProcessID=""3588"" ThreadID=""5124""/>
      <Channel>Microsoft-Windows-Sysmon/Operational</Channel>
      <Computer>WinDev2309Eval</Computer>
      <Security UserID=""S-1-5-18""/>
    </System>
    <EventData>
      <Data Name=""RuleName"">-</Data>
      <Data Name=""UtcTime"">2023-12-27 23:00:15.361</Data>
      <Data Name=""ProcessGuid"">{f57bd86a-ac7f-658c-c801-000000000f00}</Data>
      <Data Name=""ProcessId"">1532</Data>
      <Data Name=""Image"">C:\Windows\System32\WindowsPowerShell\v1.0\powershell.exe</Data>
      <Data Name=""FileVersion"">10.0.22621.2506 (WinBuild.160101.0800)</Data>
      <Data Name=""Description"">Windows PowerShell</Data>
      <Data Name=""Product"">Microsoft&#174; Windows&#174; Operating System</Data>
      <Data Name=""Company"">Microsoft Corporation</Data>
      <Data Name=""OriginalFileName"">PowerShell.EXE</Data>
      <Data Name=""CommandLine"">""powershell.exe"" &amp; {Invoke-WebRequest -OutFile C:\Users\$env:username\Desktop\LogMeInIgnition.msi https://secure.logmein.com/LogMeInIgnition.msi
$file1 = \""""C:\Users\\"""" + $env:username + \""""\Desktop\LogMeInIgnition.msi\""""
Start-Process -Wait $file1 /quiet;
Start-Process 'C:\Program Files (x86)\LogMeIn Ignition\LMIIgnition.exe' \""""/S\""""}</Data>
      <Data Name=""CurrentDirectory"">C:\Users\User\AppData\Local\Temp\</Data>
      <Data Name=""User"">WINDEV2309EVAL\User</Data>
      <Data Name=""LogonGuid"">{f57bd86a-36f9-658c-7bf8-020000000000}</Data>
      <Data Name=""LogonId"">0x2f87b</Data>
      <Data Name=""TerminalSessionId"">1</Data>
      <Data Name=""IntegrityLevel"">Medium</Data>
      <Data Name=""Hashes"">MD5=2D1D70C92A419D9079B047954C611886,SHA256=C50057756CDB25D481CF2502ABCEF124F864C27618C5057468BFC6B82B2C4EDD,IMPHASH=E09C4F82A1DA13A09F4FF2E625FEBA20</Data>
      <Data Name=""ParentProcessGuid"">{00000000-0000-0000-0000-000000000000}</Data>
      <Data Name=""ParentProcessId"">1688</Data>
      <Data Name=""ParentImage"">-</Data>
      <Data Name=""ParentCommandLine"">-</Data>
      <Data Name=""ParentUser"">-</Data>
    </EventData>
    <RenderingInfo Culture=""en-US"">
      <Message>Process Create:

RuleName: -

UtcTime: 2023-12-27 23:00:15.361

ProcessGuid: {f57bd86a-ac7f-658c-c801-000000000f00}

ProcessId: 1532

Image: C:\Windows\System32\WindowsPowerShell\v1.0\powershell.exe

FileVersion: 10.0.22621.2506 (WinBuild.160101.0800)

Description: Windows PowerShell

Product: Microsoft&#174; Windows&#174; Operating System

Company: Microsoft Corporation

OriginalFileName: PowerShell.EXE

CommandLine: ""powershell.exe"" &amp; {Invoke-WebRequest -OutFile C:\Users\$env:username\Desktop\LogMeInIgnition.msi https://secure.logmein.com/LogMeInIgnition.msi
$file1 = \""""C:\Users\\"""" + $env:username + \""""\Desktop\LogMeInIgnition.msi\""""
Start-Process -Wait $file1 /quiet;
Start-Process 'C:\Program Files (x86)\LogMeIn Ignition\LMIIgnition.exe' \""""/S\""""}

CurrentDirectory: C:\Users\User\AppData\Local\Temp\

User: WINDEV2309EVAL\User

LogonGuid: {f57bd86a-36f9-658c-7bf8-020000000000}

LogonId: 0x2F87B

TerminalSessionId: 1

IntegrityLevel: Medium

Hashes: MD5=2D1D70C92A419D9079B047954C611886,SHA256=C50057756CDB25D481CF2502ABCEF124F864C27618C5057468BFC6B82B2C4EDD,IMPHASH=E09C4F82A1DA13A09F4FF2E625FEBA20

ParentProcessGuid: {00000000-0000-0000-0000-000000000000}

ParentProcessId: 1688

ParentImage: -

ParentCommandLine: -

ParentUser: -</Message>
      <Level>Information</Level>
      <Task>Process Create (rule: ProcessCreate)</Task>
      <Opcode>Info</Opcode>
    </RenderingInfo>
  </Event>
  
"
Microsoft-Windows-Sysmon/Operational,,,WinDev2309Eval,2023-12-27 23:00:13.574,,,,,,,,,11,19577,,,,C:\Windows\System32\WindowsPowerShell\v1.0\powershell.exe,,,0x8000000000000000,Information,,,"File created:

RuleName: -

UtcTime: 2023-12-27 23:00:13.574

ProcessGuid: {f57bd86a-ac7d-658c-c601-000000000f00}

ProcessId: 2860

Image: C:\Windows\System32\WindowsPowerShell\v1.0\powershell.exe

TargetFilename: C:\Users\User\AppData\Local\Temp\__PSScriptPolicyTest_fpvxiygv.izl.ps1

CreationUtcTime: 2023-12-27 23:00:13.574

User: WINDEV2309EVAL\User",Info,,,,,,,,{f57bd86a-ac7d-658c-c601-000000000f00},3588,2860,,,,,,"
      ",-,,,,,,2023-12-27T23:00:13.5869427Z,C:\Users\User\AppData\Local\Temp\__PSScriptPolicyTest_fpvxiygv.izl.ps1,,File created (rule: FileCreate),,5124,WINDEV2309EVAL\User,S-1-5-18,2023-12-27 23:00:13.574,2,"<Event xmlns=""http://schemas.microsoft.com/win/2004/08/events/event"">
    <System>
      <Provider Name=""Microsoft-Windows-Sysmon"" Guid=""{5770385f-c22a-43e0-bf4c-06f5698ffbd9}""/>
      <EventID>11</EventID>
      <Version>2</Version>
      <Level>4</Level>
      <Task>11</Task>
      <Opcode>0</Opcode>
      <Keywords>0x8000000000000000</Keywords>
      <TimeCreated SystemTime=""2023-12-27T23:00:13.5869427Z""/>
      <EventRecordID>19577</EventRecordID>
      <Correlation/>
      <Execution ProcessID=""3588"" ThreadID=""5124""/>
      <Channel>Microsoft-Windows-Sysmon/Operational</Channel>
      <Computer>WinDev2309Eval</Computer>
      <Security UserID=""S-1-5-18""/>
    </System>
    <EventData>
      <Data Name=""RuleName"">-</Data>
      <Data Name=""UtcTime"">2023-12-27 23:00:13.574</Data>
      <Data Name=""ProcessGuid"">{f57bd86a-ac7d-658c-c601-000000000f00}</Data>
      <Data Name=""ProcessId"">2860</Data>
      <Data Name=""Image"">C:\Windows\System32\WindowsPowerShell\v1.0\powershell.exe</Data>
      <Data Name=""TargetFilename"">C:\Users\User\AppData\Local\Temp\__PSScriptPolicyTest_fpvxiygv.izl.ps1</Data>
      <Data Name=""CreationUtcTime"">2023-12-27 23:00:13.574</Data>
      <Data Name=""User"">WINDEV2309EVAL\User</Data>
    </EventData>
    <RenderingInfo Culture=""en-US"">
      <Message>File created:

RuleName: -

UtcTime: 2023-12-27 23:00:13.574

ProcessGuid: {f57bd86a-ac7d-658c-c601-000000000f00}

ProcessId: 2860

Image: C:\Windows\System32\WindowsPowerShell\v1.0\powershell.exe

TargetFilename: C:\Users\User\AppData\Local\Temp\__PSScriptPolicyTest_fpvxiygv.izl.ps1

CreationUtcTime: 2023-12-27 23:00:13.574

User: WINDEV2309EVAL\User</Message>
      <Level>Information</Level>
      <Task>File created (rule: FileCreate)</Task>
      <Opcode>Info</Opcode>
    </RenderingInfo>
  </Event>
  
"
Microsoft-Windows-Sysmon/Operational,"""powershell.exe"" & {Invoke-WebRequest -OutFile C:\Users\$env:username\Desktop\AnyDesk.exe https://download.anydesk.com/AnyDesk.exe
$file1 = \""""C:\Users\\"""" + $env:username + \""""\Desktop\AnyDesk.exe\""""
Start-Process $file1 /S;}",Microsoft Corporation,WinDev2309Eval,,C:\Users\User\AppData\Local\Temp\,Windows PowerShell,,,,,,,1,19576,,10.0.22621.2506 (WinBuild.160101.0800),"MD5=2D1D70C92A419D9079B047954C611886,SHA256=C50057756CDB25D481CF2502ABCEF124F864C27618C5057468BFC6B82B2C4EDD,IMPHASH=E09C4F82A1DA13A09F4FF2E625FEBA20",C:\Windows\System32\WindowsPowerShell\v1.0\powershell.exe,,Medium,0x8000000000000000,Information,{f57bd86a-36f9-658c-7bf8-020000000000},0x2f87b,"Process Create:

RuleName: -

UtcTime: 2023-12-27 23:00:13.458

ProcessGuid: {f57bd86a-ac7d-658c-c601-000000000f00}

ProcessId: 2860

Image: C:\Windows\System32\WindowsPowerShell\v1.0\powershell.exe

FileVersion: 10.0.22621.2506 (WinBuild.160101.0800)

Description: Windows PowerShell

Product: Microsoft® Windows® Operating System

Company: Microsoft Corporation

OriginalFileName: PowerShell.EXE

CommandLine: ""powershell.exe"" & {Invoke-WebRequest -OutFile C:\Users\$env:username\Desktop\AnyDesk.exe https://download.anydesk.com/AnyDesk.exe
$file1 = \""""C:\Users\\"""" + $env:username + \""""\Desktop\AnyDesk.exe\""""
Start-Process $file1 /S;}

CurrentDirectory: C:\Users\User\AppData\Local\Temp\

User: WINDEV2309EVAL\User

LogonGuid: {f57bd86a-36f9-658c-7bf8-020000000000}

LogonId: 0x2F87B

TerminalSessionId: 1

IntegrityLevel: Medium

Hashes: MD5=2D1D70C92A419D9079B047954C611886,SHA256=C50057756CDB25D481CF2502ABCEF124F864C27618C5057468BFC6B82B2C4EDD,IMPHASH=E09C4F82A1DA13A09F4FF2E625FEBA20

ParentProcessGuid: {00000000-0000-0000-0000-000000000000}

ParentProcessId: 1688

ParentImage: -

ParentCommandLine: -

ParentUser: -",Info,PowerShell.EXE,-,-,{00000000-0000-0000-0000-000000000000},1688,-,,{f57bd86a-ac7d-658c-c601-000000000f00},3588,2860,Microsoft® Windows® Operating System,,,,,"
      ",-,,,,,,2023-12-27T23:00:13.4602371Z,,,Process Create (rule: ProcessCreate),1,5124,WINDEV2309EVAL\User,S-1-5-18,2023-12-27 23:00:13.458,5,"<Event xmlns=""http://schemas.microsoft.com/win/2004/08/events/event"">
    <System>
      <Provider Name=""Microsoft-Windows-Sysmon"" Guid=""{5770385f-c22a-43e0-bf4c-06f5698ffbd9}""/>
      <EventID>1</EventID>
      <Version>5</Version>
      <Level>4</Level>
      <Task>1</Task>
      <Opcode>0</Opcode>
      <Keywords>0x8000000000000000</Keywords>
      <TimeCreated SystemTime=""2023-12-27T23:00:13.4602371Z""/>
      <EventRecordID>19576</EventRecordID>
      <Correlation/>
      <Execution ProcessID=""3588"" ThreadID=""5124""/>
      <Channel>Microsoft-Windows-Sysmon/Operational</Channel>
      <Computer>WinDev2309Eval</Computer>
      <Security UserID=""S-1-5-18""/>
    </System>
    <EventData>
      <Data Name=""RuleName"">-</Data>
      <Data Name=""UtcTime"">2023-12-27 23:00:13.458</Data>
      <Data Name=""ProcessGuid"">{f57bd86a-ac7d-658c-c601-000000000f00}</Data>
      <Data Name=""ProcessId"">2860</Data>
      <Data Name=""Image"">C:\Windows\System32\WindowsPowerShell\v1.0\powershell.exe</Data>
      <Data Name=""FileVersion"">10.0.22621.2506 (WinBuild.160101.0800)</Data>
      <Data Name=""Description"">Windows PowerShell</Data>
      <Data Name=""Product"">Microsoft&#174; Windows&#174; Operating System</Data>
      <Data Name=""Company"">Microsoft Corporation</Data>
      <Data Name=""OriginalFileName"">PowerShell.EXE</Data>
      <Data Name=""CommandLine"">""powershell.exe"" &amp; {Invoke-WebRequest -OutFile C:\Users\$env:username\Desktop\AnyDesk.exe https://download.anydesk.com/AnyDesk.exe
$file1 = \""""C:\Users\\"""" + $env:username + \""""\Desktop\AnyDesk.exe\""""
Start-Process $file1 /S;}</Data>
      <Data Name=""CurrentDirectory"">C:\Users\User\AppData\Local\Temp\</Data>
      <Data Name=""User"">WINDEV2309EVAL\User</Data>
      <Data Name=""LogonGuid"">{f57bd86a-36f9-658c-7bf8-020000000000}</Data>
      <Data Name=""LogonId"">0x2f87b</Data>
      <Data Name=""TerminalSessionId"">1</Data>
      <Data Name=""IntegrityLevel"">Medium</Data>
      <Data Name=""Hashes"">MD5=2D1D70C92A419D9079B047954C611886,SHA256=C50057756CDB25D481CF2502ABCEF124F864C27618C5057468BFC6B82B2C4EDD,IMPHASH=E09C4F82A1DA13A09F4FF2E625FEBA20</Data>
      <Data Name=""ParentProcessGuid"">{00000000-0000-0000-0000-000000000000}</Data>
      <Data Name=""ParentProcessId"">1688</Data>
      <Data Name=""ParentImage"">-</Data>
      <Data Name=""ParentCommandLine"">-</Data>
      <Data Name=""ParentUser"">-</Data>
    </EventData>
    <RenderingInfo Culture=""en-US"">
      <Message>Process Create:

RuleName: -

UtcTime: 2023-12-27 23:00:13.458

ProcessGuid: {f57bd86a-ac7d-658c-c601-000000000f00}

ProcessId: 2860

Image: C:\Windows\System32\WindowsPowerShell\v1.0\powershell.exe

FileVersion: 10.0.22621.2506 (WinBuild.160101.0800)

Description: Windows PowerShell

Product: Microsoft&#174; Windows&#174; Operating System

Company: Microsoft Corporation

OriginalFileName: PowerShell.EXE

CommandLine: ""powershell.exe"" &amp; {Invoke-WebRequest -OutFile C:\Users\$env:username\Desktop\AnyDesk.exe https://download.anydesk.com/AnyDesk.exe
$file1 = \""""C:\Users\\"""" + $env:username + \""""\Desktop\AnyDesk.exe\""""
Start-Process $file1 /S;}

CurrentDirectory: C:\Users\User\AppData\Local\Temp\

User: WINDEV2309EVAL\User

LogonGuid: {f57bd86a-36f9-658c-7bf8-020000000000}

LogonId: 0x2F87B

TerminalSessionId: 1

IntegrityLevel: Medium

Hashes: MD5=2D1D70C92A419D9079B047954C611886,SHA256=C50057756CDB25D481CF2502ABCEF124F864C27618C5057468BFC6B82B2C4EDD,IMPHASH=E09C4F82A1DA13A09F4FF2E625FEBA20

ParentProcessGuid: {00000000-0000-0000-0000-000000000000}

ParentProcessId: 1688

ParentImage: -

ParentCommandLine: -

ParentUser: -</Message>
      <Level>Information</Level>
      <Task>Process Create (rule: ProcessCreate)</Task>
      <Opcode>Info</Opcode>
    </RenderingInfo>
  </Event>
  
"
Microsoft-Windows-Sysmon/Operational,,,WinDev2309Eval,,,,,,,,,,22,19575,,,,<unknown process>,,,0x8000000000000000,Information,,,"Dns query:

RuleName: -

UtcTime: 2023-12-27 14:52:03.021

ProcessGuid: {f57bd86a-ac79-658c-c401-000000000f00}

ProcessId: 1048

QueryName: download.teamviewer.com

QueryStatus: 0

QueryResults: type: 5 download.teamviewer.com.cdn.cloudflare.net;::ffff:104.16.62.16;::ffff:104.16.63.16;

Image: <unknown process>

User: WINDEV2309EVAL\User",Info,,,,,,,,{f57bd86a-ac79-658c-c401-000000000f00},3588,1048,,,download.teamviewer.com,type: 5 download.teamviewer.com.cdn.cloudflare.net;::ffff:104.16.62.16;::ffff:104.16.63.16;,0,"
      ",-,,,,,,2023-12-27T23:00:12.3644259Z,,,Dns query (rule: DnsQuery),,5164,WINDEV2309EVAL\User,S-1-5-18,2023-12-27 14:52:03.021,5,"<Event xmlns=""http://schemas.microsoft.com/win/2004/08/events/event"">
    <System>
      <Provider Name=""Microsoft-Windows-Sysmon"" Guid=""{5770385f-c22a-43e0-bf4c-06f5698ffbd9}""/>
      <EventID>22</EventID>
      <Version>5</Version>
      <Level>4</Level>
      <Task>22</Task>
      <Opcode>0</Opcode>
      <Keywords>0x8000000000000000</Keywords>
      <TimeCreated SystemTime=""2023-12-27T23:00:12.3644259Z""/>
      <EventRecordID>19575</EventRecordID>
      <Correlation/>
      <Execution ProcessID=""3588"" ThreadID=""5164""/>
      <Channel>Microsoft-Windows-Sysmon/Operational</Channel>
      <Computer>WinDev2309Eval</Computer>
      <Security UserID=""S-1-5-18""/>
    </System>
    <EventData>
      <Data Name=""RuleName"">-</Data>
      <Data Name=""UtcTime"">2023-12-27 14:52:03.021</Data>
      <Data Name=""ProcessGuid"">{f57bd86a-ac79-658c-c401-000000000f00}</Data>
      <Data Name=""ProcessId"">1048</Data>
      <Data Name=""QueryName"">download.teamviewer.com</Data>
      <Data Name=""QueryStatus"">0</Data>
      <Data Name=""QueryResults"">type: 5 download.teamviewer.com.cdn.cloudflare.net;::ffff:104.16.62.16;::ffff:104.16.63.16;</Data>
      <Data Name=""Image"">&lt;unknown process&gt;</Data>
      <Data Name=""User"">WINDEV2309EVAL\User</Data>
    </EventData>
    <RenderingInfo Culture=""en-US"">
      <Message>Dns query:

RuleName: -

UtcTime: 2023-12-27 14:52:03.021

ProcessGuid: {f57bd86a-ac79-658c-c401-000000000f00}

ProcessId: 1048

QueryName: download.teamviewer.com

QueryStatus: 0

QueryResults: type: 5 download.teamviewer.com.cdn.cloudflare.net;::ffff:104.16.62.16;::ffff:104.16.63.16;

Image: &lt;unknown process&gt;

User: WINDEV2309EVAL\User</Message>
      <Level>Information</Level>
      <Task>Dns query (rule: DnsQuery)</Task>
      <Opcode>Info</Opcode>
    </RenderingInfo>
  </Event>
  
"
Microsoft-Windows-Sysmon/Operational,,,WinDev2309Eval,,,,,,,,,,22,19574,,,,<unknown process>,,,0x8000000000000000,Information,,,"Dns query:

RuleName: -

UtcTime: 2023-12-27 14:52:03.019

ProcessGuid: {f57bd86a-ac79-658c-c401-000000000f00}

ProcessId: 1048

QueryName: download.teamviewer.com

QueryStatus: 0

QueryResults: type: 5 download.teamviewer.com.cdn.cloudflare.net;::ffff:104.16.62.16;::ffff:104.16.63.16;

Image: <unknown process>

User: WINDEV2309EVAL\User",Info,,,,,,,,{f57bd86a-ac79-658c-c401-000000000f00},3588,1048,,,download.teamviewer.com,type: 5 download.teamviewer.com.cdn.cloudflare.net;::ffff:104.16.62.16;::ffff:104.16.63.16;,0,"
      ",-,,,,,,2023-12-27T23:00:12.3641718Z,,,Dns query (rule: DnsQuery),,5164,WINDEV2309EVAL\User,S-1-5-18,2023-12-27 14:52:03.019,5,"<Event xmlns=""http://schemas.microsoft.com/win/2004/08/events/event"">
    <System>
      <Provider Name=""Microsoft-Windows-Sysmon"" Guid=""{5770385f-c22a-43e0-bf4c-06f5698ffbd9}""/>
      <EventID>22</EventID>
      <Version>5</Version>
      <Level>4</Level>
      <Task>22</Task>
      <Opcode>0</Opcode>
      <Keywords>0x8000000000000000</Keywords>
      <TimeCreated SystemTime=""2023-12-27T23:00:12.3641718Z""/>
      <EventRecordID>19574</EventRecordID>
      <Correlation/>
      <Execution ProcessID=""3588"" ThreadID=""5164""/>
      <Channel>Microsoft-Windows-Sysmon/Operational</Channel>
      <Computer>WinDev2309Eval</Computer>
      <Security UserID=""S-1-5-18""/>
    </System>
    <EventData>
      <Data Name=""RuleName"">-</Data>
      <Data Name=""UtcTime"">2023-12-27 14:52:03.019</Data>
      <Data Name=""ProcessGuid"">{f57bd86a-ac79-658c-c401-000000000f00}</Data>
      <Data Name=""ProcessId"">1048</Data>
      <Data Name=""QueryName"">download.teamviewer.com</Data>
      <Data Name=""QueryStatus"">0</Data>
      <Data Name=""QueryResults"">type: 5 download.teamviewer.com.cdn.cloudflare.net;::ffff:104.16.62.16;::ffff:104.16.63.16;</Data>
      <Data Name=""Image"">&lt;unknown process&gt;</Data>
      <Data Name=""User"">WINDEV2309EVAL\User</Data>
    </EventData>
    <RenderingInfo Culture=""en-US"">
      <Message>Dns query:

RuleName: -

UtcTime: 2023-12-27 14:52:03.019

ProcessGuid: {f57bd86a-ac79-658c-c401-000000000f00}

ProcessId: 1048

QueryName: download.teamviewer.com

QueryStatus: 0

QueryResults: type: 5 download.teamviewer.com.cdn.cloudflare.net;::ffff:104.16.62.16;::ffff:104.16.63.16;

Image: &lt;unknown process&gt;

User: WINDEV2309EVAL\User</Message>
      <Level>Information</Level>
      <Task>Dns query (rule: DnsQuery)</Task>
      <Opcode>Info</Opcode>
    </RenderingInfo>
  </Event>
  
"
