Microsoft-Windows-Sysmon/Operational,,,WinDev2309Eval,,,,,,,,,,22,19711,,,,C:\Users\User\AppData\Local\GoToAssist Remote Support Expert\1702\g2ax_comm_expert.exe,,,0x8000000000000000,Information,,,"Dns query:

RuleName: -

UtcTime: 2023-12-27 14:52:22.776

ProcessGuid: {f57bd86a-ac8d-658c-d801-000000000f00}

ProcessId: 10740

QueryName: egw1.express.gotoassist.com

QueryStatus: 0

QueryResults: type: 5 egw.classic.gotoassist.com;type: 5 g2ars-prd-ava-egw-lb-26-f1bceb0ee1485bfe.elb.us-east-1.amazonaws.com;::ffff:52.55.102.23;::ffff:3.218.246.74;

Image: C:\Users\User\AppData\Local\GoToAssist Remote Support Expert\1702\g2ax_comm_expert.exe

User: WINDEV2309EVAL\User",Info,,,,,,,,{f57bd86a-ac8d-658c-d801-000000000f00},3588,10740,,,egw1.express.gotoassist.com,type: 5 egw.classic.gotoassist.com;type: 5 g2ars-prd-ava-egw-lb-26-f1bceb0ee1485bfe.elb.us-east-1.amazonaws.com;::ffff:52.55.102.23;::ffff:3.218.246.74;,0,"
      ",-,,,,,,2023-12-27T23:00:32.5443653Z,,,Dns query (rule: DnsQuery),,5164,WINDEV2309EVAL\User,S-1-5-18,2023-12-27 14:52:22.776,5,"<Event xmlns=""http://schemas.microsoft.com/win/2004/08/events/event"">
    <System>
      <Provider Name=""Microsoft-Windows-Sysmon"" Guid=""{5770385f-c22a-43e0-bf4c-06f5698ffbd9}""/>
      <EventID>22</EventID>
      <Version>5</Version>
      <Level>4</Level>
      <Task>22</Task>
      <Opcode>0</Opcode>
      <Keywords>0x8000000000000000</Keywords>
      <TimeCreated SystemTime=""2023-12-27T23:00:32.5443653Z""/>
      <EventRecordID>19711</EventRecordID>
      <Correlation/>
      <Execution ProcessID=""3588"" ThreadID=""5164""/>
      <Channel>Microsoft-Windows-Sysmon/Operational</Channel>
      <Computer>WinDev2309Eval</Computer>
      <Security UserID=""S-1-5-18""/>
    </System>
    <EventData>
      <Data Name=""RuleName"">-</Data>
      <Data Name=""UtcTime"">2023-12-27 14:52:22.776</Data>
      <Data Name=""ProcessGuid"">{f57bd86a-ac8d-658c-d801-000000000f00}</Data>
      <Data Name=""ProcessId"">10740</Data>
      <Data Name=""QueryName"">egw1.express.gotoassist.com</Data>
      <Data Name=""QueryStatus"">0</Data>
      <Data Name=""QueryResults"">type: 5 egw.classic.gotoassist.com;type: 5 g2ars-prd-ava-egw-lb-26-f1bceb0ee1485bfe.elb.us-east-1.amazonaws.com;::ffff:52.55.102.23;::ffff:3.218.246.74;</Data>
      <Data Name=""Image"">C:\Users\User\AppData\Local\GoToAssist Remote Support Expert\1702\g2ax_comm_expert.exe</Data>
      <Data Name=""User"">WINDEV2309EVAL\User</Data>
    </EventData>
    <RenderingInfo Culture=""en-US"">
      <Message>Dns query:

RuleName: -

UtcTime: 2023-12-27 14:52:22.776

ProcessGuid: {f57bd86a-ac8d-658c-d801-000000000f00}

ProcessId: 10740

QueryName: egw1.express.gotoassist.com

QueryStatus: 0

QueryResults: type: 5 egw.classic.gotoassist.com;type: 5 g2ars-prd-ava-egw-lb-26-f1bceb0ee1485bfe.elb.us-east-1.amazonaws.com;::ffff:52.55.102.23;::ffff:3.218.246.74;

Image: C:\Users\User\AppData\Local\GoToAssist Remote Support Expert\1702\g2ax_comm_expert.exe

User: WINDEV2309EVAL\User</Message>
      <Level>Information</Level>
      <Task>Dns query (rule: DnsQuery)</Task>
      <Opcode>Info</Opcode>
    </RenderingInfo>
  </Event>
  
"
Microsoft-Windows-Sysmon/Operational,,,WinDev2309Eval,,,,ec2-52-55-102-23.compute-1.amazonaws.com,52.55.102.23,false,8200,-,,3,19710,,,,C:\Users\User\AppData\Local\GoToAssist Remote Support Expert\1702\g2ax_comm_expert.exe,true,,0x8000000000000000,Information,,,"Network connection detected:

RuleName: Usermode

UtcTime: 2023-12-27 14:52:22.021

ProcessGuid: {f57bd86a-ac8d-658c-d801-000000000f00}

ProcessId: 10740

Image: C:\Users\User\AppData\Local\GoToAssist Remote Support Expert\1702\g2ax_comm_expert.exe

User: WINDEV2309EVAL\User

Protocol: tcp

Initiated: true

SourceIsIpv6: false

SourceIp: 192.168.126.163

SourceHostname: WinDev2309Eval.localdomain

SourcePort: 50111

SourcePortName: -

DestinationIsIpv6: false

DestinationIp: 52.55.102.23

DestinationHostname: ec2-52-55-102-23.compute-1.amazonaws.com

DestinationPort: 8200

DestinationPortName: -",Info,,,,,,,,{f57bd86a-ac8d-658c-d801-000000000f00},3588,10740,,tcp,,,,"
      ",Usermode,WinDev2309Eval.localdomain,192.168.126.163,false,50111,-,2023-12-27T23:00:31.6856257Z,,,Network connection detected (rule: NetworkConnect),,5136,WINDEV2309EVAL\User,S-1-5-18,2023-12-27 14:52:22.021,5,"<Event xmlns=""http://schemas.microsoft.com/win/2004/08/events/event"">
    <System>
      <Provider Name=""Microsoft-Windows-Sysmon"" Guid=""{5770385f-c22a-43e0-bf4c-06f5698ffbd9}""/>
      <EventID>3</EventID>
      <Version>5</Version>
      <Level>4</Level>
      <Task>3</Task>
      <Opcode>0</Opcode>
      <Keywords>0x8000000000000000</Keywords>
      <TimeCreated SystemTime=""2023-12-27T23:00:31.6856257Z""/>
      <EventRecordID>19710</EventRecordID>
      <Correlation/>
      <Execution ProcessID=""3588"" ThreadID=""5136""/>
      <Channel>Microsoft-Windows-Sysmon/Operational</Channel>
      <Computer>WinDev2309Eval</Computer>
      <Security UserID=""S-1-5-18""/>
    </System>
    <EventData>
      <Data Name=""RuleName"">Usermode</Data>
      <Data Name=""UtcTime"">2023-12-27 14:52:22.021</Data>
      <Data Name=""ProcessGuid"">{f57bd86a-ac8d-658c-d801-000000000f00}</Data>
      <Data Name=""ProcessId"">10740</Data>
      <Data Name=""Image"">C:\Users\User\AppData\Local\GoToAssist Remote Support Expert\1702\g2ax_comm_expert.exe</Data>
      <Data Name=""User"">WINDEV2309EVAL\User</Data>
      <Data Name=""Protocol"">tcp</Data>
      <Data Name=""Initiated"">true</Data>
      <Data Name=""SourceIsIpv6"">false</Data>
      <Data Name=""SourceIp"">192.168.126.163</Data>
      <Data Name=""SourceHostname"">WinDev2309Eval.localdomain</Data>
      <Data Name=""SourcePort"">50111</Data>
      <Data Name=""SourcePortName"">-</Data>
      <Data Name=""DestinationIsIpv6"">false</Data>
      <Data Name=""DestinationIp"">52.55.102.23</Data>
      <Data Name=""DestinationHostname"">ec2-52-55-102-23.compute-1.amazonaws.com</Data>
      <Data Name=""DestinationPort"">8200</Data>
      <Data Name=""DestinationPortName"">-</Data>
    </EventData>
    <RenderingInfo Culture=""en-US"">
      <Message>Network connection detected:

RuleName: Usermode

UtcTime: 2023-12-27 14:52:22.021

ProcessGuid: {f57bd86a-ac8d-658c-d801-000000000f00}

ProcessId: 10740

Image: C:\Users\User\AppData\Local\GoToAssist Remote Support Expert\1702\g2ax_comm_expert.exe

User: WINDEV2309EVAL\User

Protocol: tcp

Initiated: true

SourceIsIpv6: false

SourceIp: 192.168.126.163

SourceHostname: WinDev2309Eval.localdomain

SourcePort: 50111

SourcePortName: -

DestinationIsIpv6: false

DestinationIp: 52.55.102.23

DestinationHostname: ec2-52-55-102-23.compute-1.amazonaws.com

DestinationPort: 8200

DestinationPortName: -</Message>
      <Level>Information</Level>
      <Task>Network connection detected (rule: NetworkConnect)</Task>
      <Opcode>Info</Opcode>
    </RenderingInfo>
  </Event>
  
"
Microsoft-Windows-Sysmon/Operational,,,WinDev2309Eval,,,,ec2-3-218-246-74.compute-1.amazonaws.com,3.218.246.74,false,8200,-,,3,19709,,,,C:\Users\User\AppData\Local\GoToAssist Remote Support Expert\1702\g2ax_comm_expert.exe,true,,0x8000000000000000,Information,,,"Network connection detected:

RuleName: Usermode

UtcTime: 2023-12-27 14:52:21.955

ProcessGuid: {f57bd86a-ac8d-658c-d801-000000000f00}

ProcessId: 10740

Image: C:\Users\User\AppData\Local\GoToAssist Remote Support Expert\1702\g2ax_comm_expert.exe

User: WINDEV2309EVAL\User

Protocol: tcp

Initiated: true

SourceIsIpv6: false

SourceIp: 192.168.126.163

SourceHostname: WinDev2309Eval.localdomain

SourcePort: 50108

SourcePortName: -

DestinationIsIpv6: false

DestinationIp: 3.218.246.74

DestinationHostname: ec2-3-218-246-74.compute-1.amazonaws.com

DestinationPort: 8200

DestinationPortName: -",Info,,,,,,,,{f57bd86a-ac8d-658c-d801-000000000f00},3588,10740,,tcp,,,,"
      ",Usermode,WinDev2309Eval.localdomain,192.168.126.163,false,50108,-,2023-12-27T23:00:31.6853332Z,,,Network connection detected (rule: NetworkConnect),,5136,WINDEV2309EVAL\User,S-1-5-18,2023-12-27 14:52:21.955,5,"<Event xmlns=""http://schemas.microsoft.com/win/2004/08/events/event"">
    <System>
      <Provider Name=""Microsoft-Windows-Sysmon"" Guid=""{5770385f-c22a-43e0-bf4c-06f5698ffbd9}""/>
      <EventID>3</EventID>
      <Version>5</Version>
      <Level>4</Level>
      <Task>3</Task>
      <Opcode>0</Opcode>
      <Keywords>0x8000000000000000</Keywords>
      <TimeCreated SystemTime=""2023-12-27T23:00:31.6853332Z""/>
      <EventRecordID>19709</EventRecordID>
      <Correlation/>
      <Execution ProcessID=""3588"" ThreadID=""5136""/>
      <Channel>Microsoft-Windows-Sysmon/Operational</Channel>
      <Computer>WinDev2309Eval</Computer>
      <Security UserID=""S-1-5-18""/>
    </System>
    <EventData>
      <Data Name=""RuleName"">Usermode</Data>
      <Data Name=""UtcTime"">2023-12-27 14:52:21.955</Data>
      <Data Name=""ProcessGuid"">{f57bd86a-ac8d-658c-d801-000000000f00}</Data>
      <Data Name=""ProcessId"">10740</Data>
      <Data Name=""Image"">C:\Users\User\AppData\Local\GoToAssist Remote Support Expert\1702\g2ax_comm_expert.exe</Data>
      <Data Name=""User"">WINDEV2309EVAL\User</Data>
      <Data Name=""Protocol"">tcp</Data>
      <Data Name=""Initiated"">true</Data>
      <Data Name=""SourceIsIpv6"">false</Data>
      <Data Name=""SourceIp"">192.168.126.163</Data>
      <Data Name=""SourceHostname"">WinDev2309Eval.localdomain</Data>
      <Data Name=""SourcePort"">50108</Data>
      <Data Name=""SourcePortName"">-</Data>
      <Data Name=""DestinationIsIpv6"">false</Data>
      <Data Name=""DestinationIp"">3.218.246.74</Data>
      <Data Name=""DestinationHostname"">ec2-3-218-246-74.compute-1.amazonaws.com</Data>
      <Data Name=""DestinationPort"">8200</Data>
      <Data Name=""DestinationPortName"">-</Data>
    </EventData>
    <RenderingInfo Culture=""en-US"">
      <Message>Network connection detected:

RuleName: Usermode

UtcTime: 2023-12-27 14:52:21.955

ProcessGuid: {f57bd86a-ac8d-658c-d801-000000000f00}

ProcessId: 10740

Image: C:\Users\User\AppData\Local\GoToAssist Remote Support Expert\1702\g2ax_comm_expert.exe

User: WINDEV2309EVAL\User

Protocol: tcp

Initiated: true

SourceIsIpv6: false

SourceIp: 192.168.126.163

SourceHostname: WinDev2309Eval.localdomain

SourcePort: 50108

SourcePortName: -

DestinationIsIpv6: false

DestinationIp: 3.218.246.74

DestinationHostname: ec2-3-218-246-74.compute-1.amazonaws.com

DestinationPort: 8200

DestinationPortName: -</Message>
      <Level>Information</Level>
      <Task>Network connection detected (rule: NetworkConnect)</Task>
      <Opcode>Info</Opcode>
    </RenderingInfo>
  </Event>
  
"
Microsoft-Windows-Sysmon/Operational,,,WinDev2309Eval,,,,ec2-52-55-102-23.compute-1.amazonaws.com,52.55.102.23,false,443,https,,3,19708,,,,C:\Users\User\AppData\Local\GoToAssist Remote Support Expert\1702\g2ax_comm_expert.exe,true,,0x8000000000000000,Information,,,"Network connection detected:

RuleName: Usermode

UtcTime: 2023-12-27 14:52:21.883

ProcessGuid: {f57bd86a-ac8d-658c-d801-000000000f00}

ProcessId: 10740

Image: C:\Users\User\AppData\Local\GoToAssist Remote Support Expert\1702\g2ax_comm_expert.exe

User: WINDEV2309EVAL\User

Protocol: tcp

Initiated: true

SourceIsIpv6: false

SourceIp: 192.168.126.163

SourceHostname: WinDev2309Eval.localdomain

SourcePort: 50110

SourcePortName: -

DestinationIsIpv6: false

DestinationIp: 52.55.102.23

DestinationHostname: ec2-52-55-102-23.compute-1.amazonaws.com

DestinationPort: 443

DestinationPortName: https",Info,,,,,,,,{f57bd86a-ac8d-658c-d801-000000000f00},3588,10740,,tcp,,,,"
      ",Usermode,WinDev2309Eval.localdomain,192.168.126.163,false,50110,-,2023-12-27T23:00:31.4266222Z,,,Network connection detected (rule: NetworkConnect),,5136,WINDEV2309EVAL\User,S-1-5-18,2023-12-27 14:52:21.883,5,"<Event xmlns=""http://schemas.microsoft.com/win/2004/08/events/event"">
    <System>
      <Provider Name=""Microsoft-Windows-Sysmon"" Guid=""{5770385f-c22a-43e0-bf4c-06f5698ffbd9}""/>
      <EventID>3</EventID>
      <Version>5</Version>
      <Level>4</Level>
      <Task>3</Task>
      <Opcode>0</Opcode>
      <Keywords>0x8000000000000000</Keywords>
      <TimeCreated SystemTime=""2023-12-27T23:00:31.4266222Z""/>
      <EventRecordID>19708</EventRecordID>
      <Correlation/>
      <Execution ProcessID=""3588"" ThreadID=""5136""/>
      <Channel>Microsoft-Windows-Sysmon/Operational</Channel>
      <Computer>WinDev2309Eval</Computer>
      <Security UserID=""S-1-5-18""/>
    </System>
    <EventData>
      <Data Name=""RuleName"">Usermode</Data>
      <Data Name=""UtcTime"">2023-12-27 14:52:21.883</Data>
      <Data Name=""ProcessGuid"">{f57bd86a-ac8d-658c-d801-000000000f00}</Data>
      <Data Name=""ProcessId"">10740</Data>
      <Data Name=""Image"">C:\Users\User\AppData\Local\GoToAssist Remote Support Expert\1702\g2ax_comm_expert.exe</Data>
      <Data Name=""User"">WINDEV2309EVAL\User</Data>
      <Data Name=""Protocol"">tcp</Data>
      <Data Name=""Initiated"">true</Data>
      <Data Name=""SourceIsIpv6"">false</Data>
      <Data Name=""SourceIp"">192.168.126.163</Data>
      <Data Name=""SourceHostname"">WinDev2309Eval.localdomain</Data>
      <Data Name=""SourcePort"">50110</Data>
      <Data Name=""SourcePortName"">-</Data>
      <Data Name=""DestinationIsIpv6"">false</Data>
      <Data Name=""DestinationIp"">52.55.102.23</Data>
      <Data Name=""DestinationHostname"">ec2-52-55-102-23.compute-1.amazonaws.com</Data>
      <Data Name=""DestinationPort"">443</Data>
      <Data Name=""DestinationPortName"">https</Data>
    </EventData>
    <RenderingInfo Culture=""en-US"">
      <Message>Network connection detected:

RuleName: Usermode

UtcTime: 2023-12-27 14:52:21.883

ProcessGuid: {f57bd86a-ac8d-658c-d801-000000000f00}

ProcessId: 10740

Image: C:\Users\User\AppData\Local\GoToAssist Remote Support Expert\1702\g2ax_comm_expert.exe

User: WINDEV2309EVAL\User

Protocol: tcp

Initiated: true

SourceIsIpv6: false

SourceIp: 192.168.126.163

SourceHostname: WinDev2309Eval.localdomain

SourcePort: 50110

SourcePortName: -

DestinationIsIpv6: false

DestinationIp: 52.55.102.23

DestinationHostname: ec2-52-55-102-23.compute-1.amazonaws.com

DestinationPort: 443

DestinationPortName: https</Message>
      <Level>Information</Level>
      <Task>Network connection detected (rule: NetworkConnect)</Task>
      <Opcode>Info</Opcode>
    </RenderingInfo>
  </Event>
  
"
Microsoft-Windows-Sysmon/Operational,,,WinDev2309Eval,,,,ec2-52-55-102-23.compute-1.amazonaws.com,52.55.102.23,false,80,http,,3,19707,,,,C:\Users\User\AppData\Local\GoToAssist Remote Support Expert\1702\g2ax_comm_expert.exe,true,,0x8000000000000000,Information,,,"Network connection detected:

RuleName: Usermode

UtcTime: 2023-12-27 14:52:21.883

ProcessGuid: {f57bd86a-ac8d-658c-d801-000000000f00}

ProcessId: 10740

Image: C:\Users\User\AppData\Local\GoToAssist Remote Support Expert\1702\g2ax_comm_expert.exe

User: WINDEV2309EVAL\User

Protocol: tcp

Initiated: true

SourceIsIpv6: false

SourceIp: 192.168.126.163

SourceHostname: WinDev2309Eval.localdomain

SourcePort: 50112

SourcePortName: -

DestinationIsIpv6: false

DestinationIp: 52.55.102.23

DestinationHostname: ec2-52-55-102-23.compute-1.amazonaws.com

DestinationPort: 80

DestinationPortName: http",Info,,,,,,,,{f57bd86a-ac8d-658c-d801-000000000f00},3588,10740,,tcp,,,,"
      ",Usermode,WinDev2309Eval.localdomain,192.168.126.163,false,50112,-,2023-12-27T23:00:31.4263918Z,,,Network connection detected (rule: NetworkConnect),,5136,WINDEV2309EVAL\User,S-1-5-18,2023-12-27 14:52:21.883,5,"<Event xmlns=""http://schemas.microsoft.com/win/2004/08/events/event"">
    <System>
      <Provider Name=""Microsoft-Windows-Sysmon"" Guid=""{5770385f-c22a-43e0-bf4c-06f5698ffbd9}""/>
      <EventID>3</EventID>
      <Version>5</Version>
      <Level>4</Level>
      <Task>3</Task>
      <Opcode>0</Opcode>
      <Keywords>0x8000000000000000</Keywords>
      <TimeCreated SystemTime=""2023-12-27T23:00:31.4263918Z""/>
      <EventRecordID>19707</EventRecordID>
      <Correlation/>
      <Execution ProcessID=""3588"" ThreadID=""5136""/>
      <Channel>Microsoft-Windows-Sysmon/Operational</Channel>
      <Computer>WinDev2309Eval</Computer>
      <Security UserID=""S-1-5-18""/>
    </System>
    <EventData>
      <Data Name=""RuleName"">Usermode</Data>
      <Data Name=""UtcTime"">2023-12-27 14:52:21.883</Data>
      <Data Name=""ProcessGuid"">{f57bd86a-ac8d-658c-d801-000000000f00}</Data>
      <Data Name=""ProcessId"">10740</Data>
      <Data Name=""Image"">C:\Users\User\AppData\Local\GoToAssist Remote Support Expert\1702\g2ax_comm_expert.exe</Data>
      <Data Name=""User"">WINDEV2309EVAL\User</Data>
      <Data Name=""Protocol"">tcp</Data>
      <Data Name=""Initiated"">true</Data>
      <Data Name=""SourceIsIpv6"">false</Data>
      <Data Name=""SourceIp"">192.168.126.163</Data>
      <Data Name=""SourceHostname"">WinDev2309Eval.localdomain</Data>
      <Data Name=""SourcePort"">50112</Data>
      <Data Name=""SourcePortName"">-</Data>
      <Data Name=""DestinationIsIpv6"">false</Data>
      <Data Name=""DestinationIp"">52.55.102.23</Data>
      <Data Name=""DestinationHostname"">ec2-52-55-102-23.compute-1.amazonaws.com</Data>
      <Data Name=""DestinationPort"">80</Data>
      <Data Name=""DestinationPortName"">http</Data>
    </EventData>
    <RenderingInfo Culture=""en-US"">
      <Message>Network connection detected:

RuleName: Usermode

UtcTime: 2023-12-27 14:52:21.883

ProcessGuid: {f57bd86a-ac8d-658c-d801-000000000f00}

ProcessId: 10740

Image: C:\Users\User\AppData\Local\GoToAssist Remote Support Expert\1702\g2ax_comm_expert.exe

User: WINDEV2309EVAL\User

Protocol: tcp

Initiated: true

SourceIsIpv6: false

SourceIp: 192.168.126.163

SourceHostname: WinDev2309Eval.localdomain

SourcePort: 50112

SourcePortName: -

DestinationIsIpv6: false

DestinationIp: 52.55.102.23

DestinationHostname: ec2-52-55-102-23.compute-1.amazonaws.com

DestinationPort: 80

DestinationPortName: http</Message>
      <Level>Information</Level>
      <Task>Network connection detected (rule: NetworkConnect)</Task>
      <Opcode>Info</Opcode>
    </RenderingInfo>
  </Event>
  
"
Microsoft-Windows-Sysmon/Operational,,,WinDev2309Eval,,,,ec2-3-218-246-74.compute-1.amazonaws.com,3.218.246.74,false,80,http,,3,19706,,,,C:\Users\User\AppData\Local\GoToAssist Remote Support Expert\1702\g2ax_comm_expert.exe,true,,0x8000000000000000,Information,,,"Network connection detected:

RuleName: Usermode

UtcTime: 2023-12-27 14:52:21.818

ProcessGuid: {f57bd86a-ac8d-658c-d801-000000000f00}

ProcessId: 10740

Image: C:\Users\User\AppData\Local\GoToAssist Remote Support Expert\1702\g2ax_comm_expert.exe

User: WINDEV2309EVAL\User

Protocol: tcp

Initiated: true

SourceIsIpv6: false

SourceIp: 192.168.126.163

SourceHostname: WinDev2309Eval.localdomain

SourcePort: 50109

SourcePortName: -

DestinationIsIpv6: false

DestinationIp: 3.218.246.74

DestinationHostname: ec2-3-218-246-74.compute-1.amazonaws.com

DestinationPort: 80

DestinationPortName: http",Info,,,,,,,,{f57bd86a-ac8d-658c-d801-000000000f00},3588,10740,,tcp,,,,"
      ",Usermode,WinDev2309Eval.localdomain,192.168.126.163,false,50109,-,2023-12-27T23:00:31.4261214Z,,,Network connection detected (rule: NetworkConnect),,5136,WINDEV2309EVAL\User,S-1-5-18,2023-12-27 14:52:21.818,5,"<Event xmlns=""http://schemas.microsoft.com/win/2004/08/events/event"">
    <System>
      <Provider Name=""Microsoft-Windows-Sysmon"" Guid=""{5770385f-c22a-43e0-bf4c-06f5698ffbd9}""/>
      <EventID>3</EventID>
      <Version>5</Version>
      <Level>4</Level>
      <Task>3</Task>
      <Opcode>0</Opcode>
      <Keywords>0x8000000000000000</Keywords>
      <TimeCreated SystemTime=""2023-12-27T23:00:31.4261214Z""/>
      <EventRecordID>19706</EventRecordID>
      <Correlation/>
      <Execution ProcessID=""3588"" ThreadID=""5136""/>
      <Channel>Microsoft-Windows-Sysmon/Operational</Channel>
      <Computer>WinDev2309Eval</Computer>
      <Security UserID=""S-1-5-18""/>
    </System>
    <EventData>
      <Data Name=""RuleName"">Usermode</Data>
      <Data Name=""UtcTime"">2023-12-27 14:52:21.818</Data>
      <Data Name=""ProcessGuid"">{f57bd86a-ac8d-658c-d801-000000000f00}</Data>
      <Data Name=""ProcessId"">10740</Data>
      <Data Name=""Image"">C:\Users\User\AppData\Local\GoToAssist Remote Support Expert\1702\g2ax_comm_expert.exe</Data>
      <Data Name=""User"">WINDEV2309EVAL\User</Data>
      <Data Name=""Protocol"">tcp</Data>
      <Data Name=""Initiated"">true</Data>
      <Data Name=""SourceIsIpv6"">false</Data>
      <Data Name=""SourceIp"">192.168.126.163</Data>
      <Data Name=""SourceHostname"">WinDev2309Eval.localdomain</Data>
      <Data Name=""SourcePort"">50109</Data>
      <Data Name=""SourcePortName"">-</Data>
      <Data Name=""DestinationIsIpv6"">false</Data>
      <Data Name=""DestinationIp"">3.218.246.74</Data>
      <Data Name=""DestinationHostname"">ec2-3-218-246-74.compute-1.amazonaws.com</Data>
      <Data Name=""DestinationPort"">80</Data>
      <Data Name=""DestinationPortName"">http</Data>
    </EventData>
    <RenderingInfo Culture=""en-US"">
      <Message>Network connection detected:

RuleName: Usermode

UtcTime: 2023-12-27 14:52:21.818

ProcessGuid: {f57bd86a-ac8d-658c-d801-000000000f00}

ProcessId: 10740

Image: C:\Users\User\AppData\Local\GoToAssist Remote Support Expert\1702\g2ax_comm_expert.exe

User: WINDEV2309EVAL\User

Protocol: tcp

Initiated: true

SourceIsIpv6: false

SourceIp: 192.168.126.163

SourceHostname: WinDev2309Eval.localdomain

SourcePort: 50109

SourcePortName: -

DestinationIsIpv6: false

DestinationIp: 3.218.246.74

DestinationHostname: ec2-3-218-246-74.compute-1.amazonaws.com

DestinationPort: 80

DestinationPortName: http</Message>
      <Level>Information</Level>
      <Task>Network connection detected (rule: NetworkConnect)</Task>
      <Opcode>Info</Opcode>
    </RenderingInfo>
  </Event>
  
"
Microsoft-Windows-Sysmon/Operational,,,WinDev2309Eval,,,,ec2-3-218-246-74.compute-1.amazonaws.com,3.218.246.74,false,443,https,,3,19705,,,,C:\Users\User\AppData\Local\GoToAssist Remote Support Expert\1702\g2ax_comm_expert.exe,true,,0x8000000000000000,Information,,,"Network connection detected:

RuleName: Usermode

UtcTime: 2023-12-27 14:52:21.815

ProcessGuid: {f57bd86a-ac8d-658c-d801-000000000f00}

ProcessId: 10740

Image: C:\Users\User\AppData\Local\GoToAssist Remote Support Expert\1702\g2ax_comm_expert.exe

User: WINDEV2309EVAL\User

Protocol: tcp

Initiated: true

SourceIsIpv6: false

SourceIp: 192.168.126.163

SourceHostname: WinDev2309Eval.localdomain

SourcePort: 50107

SourcePortName: -

DestinationIsIpv6: false

DestinationIp: 3.218.246.74

DestinationHostname: ec2-3-218-246-74.compute-1.amazonaws.com

DestinationPort: 443

DestinationPortName: https",Info,,,,,,,,{f57bd86a-ac8d-658c-d801-000000000f00},3588,10740,,tcp,,,,"
      ",Usermode,WinDev2309Eval.localdomain,192.168.126.163,false,50107,-,2023-12-27T23:00:31.4258584Z,,,Network connection detected (rule: NetworkConnect),,5136,WINDEV2309EVAL\User,S-1-5-18,2023-12-27 14:52:21.815,5,"<Event xmlns=""http://schemas.microsoft.com/win/2004/08/events/event"">
    <System>
      <Provider Name=""Microsoft-Windows-Sysmon"" Guid=""{5770385f-c22a-43e0-bf4c-06f5698ffbd9}""/>
      <EventID>3</EventID>
      <Version>5</Version>
      <Level>4</Level>
      <Task>3</Task>
      <Opcode>0</Opcode>
      <Keywords>0x8000000000000000</Keywords>
      <TimeCreated SystemTime=""2023-12-27T23:00:31.4258584Z""/>
      <EventRecordID>19705</EventRecordID>
      <Correlation/>
      <Execution ProcessID=""3588"" ThreadID=""5136""/>
      <Channel>Microsoft-Windows-Sysmon/Operational</Channel>
      <Computer>WinDev2309Eval</Computer>
      <Security UserID=""S-1-5-18""/>
    </System>
    <EventData>
      <Data Name=""RuleName"">Usermode</Data>
      <Data Name=""UtcTime"">2023-12-27 14:52:21.815</Data>
      <Data Name=""ProcessGuid"">{f57bd86a-ac8d-658c-d801-000000000f00}</Data>
      <Data Name=""ProcessId"">10740</Data>
      <Data Name=""Image"">C:\Users\User\AppData\Local\GoToAssist Remote Support Expert\1702\g2ax_comm_expert.exe</Data>
      <Data Name=""User"">WINDEV2309EVAL\User</Data>
      <Data Name=""Protocol"">tcp</Data>
      <Data Name=""Initiated"">true</Data>
      <Data Name=""SourceIsIpv6"">false</Data>
      <Data Name=""SourceIp"">192.168.126.163</Data>
      <Data Name=""SourceHostname"">WinDev2309Eval.localdomain</Data>
      <Data Name=""SourcePort"">50107</Data>
      <Data Name=""SourcePortName"">-</Data>
      <Data Name=""DestinationIsIpv6"">false</Data>
      <Data Name=""DestinationIp"">3.218.246.74</Data>
      <Data Name=""DestinationHostname"">ec2-3-218-246-74.compute-1.amazonaws.com</Data>
      <Data Name=""DestinationPort"">443</Data>
      <Data Name=""DestinationPortName"">https</Data>
    </EventData>
    <RenderingInfo Culture=""en-US"">
      <Message>Network connection detected:

RuleName: Usermode

UtcTime: 2023-12-27 14:52:21.815

ProcessGuid: {f57bd86a-ac8d-658c-d801-000000000f00}

ProcessId: 10740

Image: C:\Users\User\AppData\Local\GoToAssist Remote Support Expert\1702\g2ax_comm_expert.exe

User: WINDEV2309EVAL\User

Protocol: tcp

Initiated: true

SourceIsIpv6: false

SourceIp: 192.168.126.163

SourceHostname: WinDev2309Eval.localdomain

SourcePort: 50107

SourcePortName: -

DestinationIsIpv6: false

DestinationIp: 3.218.246.74

DestinationHostname: ec2-3-218-246-74.compute-1.amazonaws.com

DestinationPort: 443

DestinationPortName: https</Message>
      <Level>Information</Level>
      <Task>Network connection detected (rule: NetworkConnect)</Task>
      <Opcode>Info</Opcode>
    </RenderingInfo>
  </Event>
  
"
Microsoft-Windows-Sysmon/Operational,,,WinDev2309Eval,,,,,,,,,10.0.22621.2506,13,19704,SetValue,,,C:\Windows\System32\svchost.exe,,,0x8000000000000000,Information,,,"Registry value set:

RuleName: InvDB-Ver

EventType: SetValue

UtcTime: 2023-12-27 23:00:30.706

ProcessGuid: {f57bd86a-36f8-658c-3e00-000000000f00}

ProcessId: 3212

Image: C:\Windows\System32\svchost.exe

TargetObject: \REGISTRY\A\{b3b14332-edc6-625a-c682-62677f6d06d4}\Root\InventoryApplicationFile\cmd.exe|c8de35b73d56cdba\BinProductVersion

Details: 10.0.22621.2506

User: NT AUTHORITY\SYSTEM",Info,,,,,,,,{f57bd86a-36f8-658c-3e00-000000000f00},3588,3212,,,,,,"
      ",InvDB-Ver,,,,,,2023-12-27T23:00:30.7191919Z,,\REGISTRY\A\{b3b14332-edc6-625a-c682-62677f6d06d4}\Root\InventoryApplicationFile\cmd.exe|c8de35b73d56cdba\BinProductVersion,Registry value set (rule: RegistryEvent),,5124,NT AUTHORITY\SYSTEM,S-1-5-18,2023-12-27 23:00:30.706,2,"<Event xmlns=""http://schemas.microsoft.com/win/2004/08/events/event"">
    <System>
      <Provider Name=""Microsoft-Windows-Sysmon"" Guid=""{5770385f-c22a-43e0-bf4c-06f5698ffbd9}""/>
      <EventID>13</EventID>
      <Version>2</Version>
      <Level>4</Level>
      <Task>13</Task>
      <Opcode>0</Opcode>
      <Keywords>0x8000000000000000</Keywords>
      <TimeCreated SystemTime=""2023-12-27T23:00:30.7191919Z""/>
      <EventRecordID>19704</EventRecordID>
      <Correlation/>
      <Execution ProcessID=""3588"" ThreadID=""5124""/>
      <Channel>Microsoft-Windows-Sysmon/Operational</Channel>
      <Computer>WinDev2309Eval</Computer>
      <Security UserID=""S-1-5-18""/>
    </System>
    <EventData>
      <Data Name=""RuleName"">InvDB-Ver</Data>
      <Data Name=""EventType"">SetValue</Data>
      <Data Name=""UtcTime"">2023-12-27 23:00:30.706</Data>
      <Data Name=""ProcessGuid"">{f57bd86a-36f8-658c-3e00-000000000f00}</Data>
      <Data Name=""ProcessId"">3212</Data>
      <Data Name=""Image"">C:\Windows\System32\svchost.exe</Data>
      <Data Name=""TargetObject"">\REGISTRY\A\{b3b14332-edc6-625a-c682-62677f6d06d4}\Root\InventoryApplicationFile\cmd.exe|c8de35b73d56cdba\BinProductVersion</Data>
      <Data Name=""Details"">10.0.22621.2506</Data>
      <Data Name=""User"">NT AUTHORITY\SYSTEM</Data>
    </EventData>
    <RenderingInfo Culture=""en-US"">
      <Message>Registry value set:

RuleName: InvDB-Ver

EventType: SetValue

UtcTime: 2023-12-27 23:00:30.706

ProcessGuid: {f57bd86a-36f8-658c-3e00-000000000f00}

ProcessId: 3212

Image: C:\Windows\System32\svchost.exe

TargetObject: \REGISTRY\A\{b3b14332-edc6-625a-c682-62677f6d06d4}\Root\InventoryApplicationFile\cmd.exe|c8de35b73d56cdba\BinProductVersion

Details: 10.0.22621.2506

User: NT AUTHORITY\SYSTEM</Message>
      <Level>Information</Level>
      <Task>Registry value set (rule: RegistryEvent)</Task>
      <Opcode>Info</Opcode>
    </RenderingInfo>
  </Event>
  
"
Microsoft-Windows-Sysmon/Operational,,,WinDev2309Eval,,,,,,,,,02/04/1972 04:54:33,13,19703,SetValue,,,C:\Windows\System32\svchost.exe,,,0x8000000000000000,Information,,,"Registry value set:

RuleName: InvDB-CompileTimeClaim

EventType: SetValue

UtcTime: 2023-12-27 23:00:30.706

ProcessGuid: {f57bd86a-36f8-658c-3e00-000000000f00}

ProcessId: 3212

Image: C:\Windows\System32\svchost.exe

TargetObject: \REGISTRY\A\{b3b14332-edc6-625a-c682-62677f6d06d4}\Root\InventoryApplicationFile\cmd.exe|c8de35b73d56cdba\LinkDate

Details: 02/04/1972 04:54:33

User: NT AUTHORITY\SYSTEM",Info,,,,,,,,{f57bd86a-36f8-658c-3e00-000000000f00},3588,3212,,,,,,"
      ",InvDB-CompileTimeClaim,,,,,,2023-12-27T23:00:30.7191343Z,,\REGISTRY\A\{b3b14332-edc6-625a-c682-62677f6d06d4}\Root\InventoryApplicationFile\cmd.exe|c8de35b73d56cdba\LinkDate,Registry value set (rule: RegistryEvent),,5124,NT AUTHORITY\SYSTEM,S-1-5-18,2023-12-27 23:00:30.706,2,"<Event xmlns=""http://schemas.microsoft.com/win/2004/08/events/event"">
    <System>
      <Provider Name=""Microsoft-Windows-Sysmon"" Guid=""{5770385f-c22a-43e0-bf4c-06f5698ffbd9}""/>
      <EventID>13</EventID>
      <Version>2</Version>
      <Level>4</Level>
      <Task>13</Task>
      <Opcode>0</Opcode>
      <Keywords>0x8000000000000000</Keywords>
      <TimeCreated SystemTime=""2023-12-27T23:00:30.7191343Z""/>
      <EventRecordID>19703</EventRecordID>
      <Correlation/>
      <Execution ProcessID=""3588"" ThreadID=""5124""/>
      <Channel>Microsoft-Windows-Sysmon/Operational</Channel>
      <Computer>WinDev2309Eval</Computer>
      <Security UserID=""S-1-5-18""/>
    </System>
    <EventData>
      <Data Name=""RuleName"">InvDB-CompileTimeClaim</Data>
      <Data Name=""EventType"">SetValue</Data>
      <Data Name=""UtcTime"">2023-12-27 23:00:30.706</Data>
      <Data Name=""ProcessGuid"">{f57bd86a-36f8-658c-3e00-000000000f00}</Data>
      <Data Name=""ProcessId"">3212</Data>
      <Data Name=""Image"">C:\Windows\System32\svchost.exe</Data>
      <Data Name=""TargetObject"">\REGISTRY\A\{b3b14332-edc6-625a-c682-62677f6d06d4}\Root\InventoryApplicationFile\cmd.exe|c8de35b73d56cdba\LinkDate</Data>
      <Data Name=""Details"">02/04/1972 04:54:33</Data>
      <Data Name=""User"">NT AUTHORITY\SYSTEM</Data>
    </EventData>
    <RenderingInfo Culture=""en-US"">
      <Message>Registry value set:

RuleName: InvDB-CompileTimeClaim

EventType: SetValue

UtcTime: 2023-12-27 23:00:30.706

ProcessGuid: {f57bd86a-36f8-658c-3e00-000000000f00}

ProcessId: 3212

Image: C:\Windows\System32\svchost.exe

TargetObject: \REGISTRY\A\{b3b14332-edc6-625a-c682-62677f6d06d4}\Root\InventoryApplicationFile\cmd.exe|c8de35b73d56cdba\LinkDate

Details: 02/04/1972 04:54:33

User: NT AUTHORITY\SYSTEM</Message>
      <Level>Information</Level>
      <Task>Registry value set (rule: RegistryEvent)</Task>
      <Opcode>Info</Opcode>
    </RenderingInfo>
  </Event>
  
"
Microsoft-Windows-Sysmon/Operational,,,WinDev2309Eval,,,,,,,,,microsoft corporation,13,19702,SetValue,,,C:\Windows\System32\svchost.exe,,,0x8000000000000000,Information,,,"Registry value set:

RuleName: InvDB-Pub

EventType: SetValue

UtcTime: 2023-12-27 23:00:30.706

ProcessGuid: {f57bd86a-36f8-658c-3e00-000000000f00}

ProcessId: 3212

Image: C:\Windows\System32\svchost.exe

TargetObject: \REGISTRY\A\{b3b14332-edc6-625a-c682-62677f6d06d4}\Root\InventoryApplicationFile\cmd.exe|c8de35b73d56cdba\Publisher

Details: microsoft corporation

User: NT AUTHORITY\SYSTEM",Info,,,,,,,,{f57bd86a-36f8-658c-3e00-000000000f00},3588,3212,,,,,,"
      ",InvDB-Pub,,,,,,2023-12-27T23:00:30.7187828Z,,\REGISTRY\A\{b3b14332-edc6-625a-c682-62677f6d06d4}\Root\InventoryApplicationFile\cmd.exe|c8de35b73d56cdba\Publisher,Registry value set (rule: RegistryEvent),,5124,NT AUTHORITY\SYSTEM,S-1-5-18,2023-12-27 23:00:30.706,2,"<Event xmlns=""http://schemas.microsoft.com/win/2004/08/events/event"">
    <System>
      <Provider Name=""Microsoft-Windows-Sysmon"" Guid=""{5770385f-c22a-43e0-bf4c-06f5698ffbd9}""/>
      <EventID>13</EventID>
      <Version>2</Version>
      <Level>4</Level>
      <Task>13</Task>
      <Opcode>0</Opcode>
      <Keywords>0x8000000000000000</Keywords>
      <TimeCreated SystemTime=""2023-12-27T23:00:30.7187828Z""/>
      <EventRecordID>19702</EventRecordID>
      <Correlation/>
      <Execution ProcessID=""3588"" ThreadID=""5124""/>
      <Channel>Microsoft-Windows-Sysmon/Operational</Channel>
      <Computer>WinDev2309Eval</Computer>
      <Security UserID=""S-1-5-18""/>
    </System>
    <EventData>
      <Data Name=""RuleName"">InvDB-Pub</Data>
      <Data Name=""EventType"">SetValue</Data>
      <Data Name=""UtcTime"">2023-12-27 23:00:30.706</Data>
      <Data Name=""ProcessGuid"">{f57bd86a-36f8-658c-3e00-000000000f00}</Data>
      <Data Name=""ProcessId"">3212</Data>
      <Data Name=""Image"">C:\Windows\System32\svchost.exe</Data>
      <Data Name=""TargetObject"">\REGISTRY\A\{b3b14332-edc6-625a-c682-62677f6d06d4}\Root\InventoryApplicationFile\cmd.exe|c8de35b73d56cdba\Publisher</Data>
      <Data Name=""Details"">microsoft corporation</Data>
      <Data Name=""User"">NT AUTHORITY\SYSTEM</Data>
    </EventData>
    <RenderingInfo Culture=""en-US"">
      <Message>Registry value set:

RuleName: InvDB-Pub

EventType: SetValue

UtcTime: 2023-12-27 23:00:30.706

ProcessGuid: {f57bd86a-36f8-658c-3e00-000000000f00}

ProcessId: 3212

Image: C:\Windows\System32\svchost.exe

TargetObject: \REGISTRY\A\{b3b14332-edc6-625a-c682-62677f6d06d4}\Root\InventoryApplicationFile\cmd.exe|c8de35b73d56cdba\Publisher

Details: microsoft corporation

User: NT AUTHORITY\SYSTEM</Message>
      <Level>Information</Level>
      <Task>Registry value set (rule: RegistryEvent)</Task>
      <Opcode>Info</Opcode>
    </RenderingInfo>
  </Event>
  
"
Microsoft-Windows-Sysmon/Operational,,,WinDev2309Eval,,,,,,,,,c:\windows\syswow64\cmd.exe,13,19701,SetValue,,,C:\Windows\System32\svchost.exe,,,0x8000000000000000,Information,,,"Registry value set:

RuleName: InvDB-Path

EventType: SetValue

UtcTime: 2023-12-27 23:00:30.706

ProcessGuid: {f57bd86a-36f8-658c-3e00-000000000f00}

ProcessId: 3212

Image: C:\Windows\System32\svchost.exe

TargetObject: \REGISTRY\A\{b3b14332-edc6-625a-c682-62677f6d06d4}\Root\InventoryApplicationFile\cmd.exe|c8de35b73d56cdba\LowerCaseLongPath

Details: c:\windows\syswow64\cmd.exe

User: NT AUTHORITY\SYSTEM",Info,,,,,,,,{f57bd86a-36f8-658c-3e00-000000000f00},3588,3212,,,,,,"
      ",InvDB-Path,,,,,,2023-12-27T23:00:30.7186060Z,,\REGISTRY\A\{b3b14332-edc6-625a-c682-62677f6d06d4}\Root\InventoryApplicationFile\cmd.exe|c8de35b73d56cdba\LowerCaseLongPath,Registry value set (rule: RegistryEvent),,5124,NT AUTHORITY\SYSTEM,S-1-5-18,2023-12-27 23:00:30.706,2,"<Event xmlns=""http://schemas.microsoft.com/win/2004/08/events/event"">
    <System>
      <Provider Name=""Microsoft-Windows-Sysmon"" Guid=""{5770385f-c22a-43e0-bf4c-06f5698ffbd9}""/>
      <EventID>13</EventID>
      <Version>2</Version>
      <Level>4</Level>
      <Task>13</Task>
      <Opcode>0</Opcode>
      <Keywords>0x8000000000000000</Keywords>
      <TimeCreated SystemTime=""2023-12-27T23:00:30.7186060Z""/>
      <EventRecordID>19701</EventRecordID>
      <Correlation/>
      <Execution ProcessID=""3588"" ThreadID=""5124""/>
      <Channel>Microsoft-Windows-Sysmon/Operational</Channel>
      <Computer>WinDev2309Eval</Computer>
      <Security UserID=""S-1-5-18""/>
    </System>
    <EventData>
      <Data Name=""RuleName"">InvDB-Path</Data>
      <Data Name=""EventType"">SetValue</Data>
      <Data Name=""UtcTime"">2023-12-27 23:00:30.706</Data>
      <Data Name=""ProcessGuid"">{f57bd86a-36f8-658c-3e00-000000000f00}</Data>
      <Data Name=""ProcessId"">3212</Data>
      <Data Name=""Image"">C:\Windows\System32\svchost.exe</Data>
      <Data Name=""TargetObject"">\REGISTRY\A\{b3b14332-edc6-625a-c682-62677f6d06d4}\Root\InventoryApplicationFile\cmd.exe|c8de35b73d56cdba\LowerCaseLongPath</Data>
      <Data Name=""Details"">c:\windows\syswow64\cmd.exe</Data>
      <Data Name=""User"">NT AUTHORITY\SYSTEM</Data>
    </EventData>
    <RenderingInfo Culture=""en-US"">
      <Message>Registry value set:

RuleName: InvDB-Path

EventType: SetValue

UtcTime: 2023-12-27 23:00:30.706

ProcessGuid: {f57bd86a-36f8-658c-3e00-000000000f00}

ProcessId: 3212

Image: C:\Windows\System32\svchost.exe

TargetObject: \REGISTRY\A\{b3b14332-edc6-625a-c682-62677f6d06d4}\Root\InventoryApplicationFile\cmd.exe|c8de35b73d56cdba\LowerCaseLongPath

Details: c:\windows\syswow64\cmd.exe

User: NT AUTHORITY\SYSTEM</Message>
      <Level>Information</Level>
      <Task>Registry value set (rule: RegistryEvent)</Task>
      <Opcode>Info</Opcode>
    </RenderingInfo>
  </Event>
  
"
Microsoft-Windows-Sysmon/Operational,,,WinDev2309Eval,,,,,,,,,,22,19700,,,,C:\Users\User\AppData\Local\GoToAssist Remote Support Expert\1702\g2ax_comm_expert.exe,,,0x8000000000000000,Information,,,"Dns query:

RuleName: -

UtcTime: 2023-12-27 14:52:21.880

ProcessGuid: {f57bd86a-ac8d-658c-d801-000000000f00}

ProcessId: 10740

QueryName: egw1.express.gotoassist.com

QueryStatus: 0

QueryResults: type: 5 egw.classic.gotoassist.com;type: 5 g2ars-prd-ava-egw-lb-26-f1bceb0ee1485bfe.elb.us-east-1.amazonaws.com;::ffff:52.55.102.23;::ffff:3.218.246.74;

Image: C:\Users\User\AppData\Local\GoToAssist Remote Support Expert\1702\g2ax_comm_expert.exe

User: WINDEV2309EVAL\User",Info,,,,,,,,{f57bd86a-ac8d-658c-d801-000000000f00},3588,10740,,,egw1.express.gotoassist.com,type: 5 egw.classic.gotoassist.com;type: 5 g2ars-prd-ava-egw-lb-26-f1bceb0ee1485bfe.elb.us-east-1.amazonaws.com;::ffff:52.55.102.23;::ffff:3.218.246.74;,0,"
      ",-,,,,,,2023-12-27T23:00:30.5285210Z,,,Dns query (rule: DnsQuery),,5164,WINDEV2309EVAL\User,S-1-5-18,2023-12-27 14:52:21.880,5,"<Event xmlns=""http://schemas.microsoft.com/win/2004/08/events/event"">
    <System>
      <Provider Name=""Microsoft-Windows-Sysmon"" Guid=""{5770385f-c22a-43e0-bf4c-06f5698ffbd9}""/>
      <EventID>22</EventID>
      <Version>5</Version>
      <Level>4</Level>
      <Task>22</Task>
      <Opcode>0</Opcode>
      <Keywords>0x8000000000000000</Keywords>
      <TimeCreated SystemTime=""2023-12-27T23:00:30.5285210Z""/>
      <EventRecordID>19700</EventRecordID>
      <Correlation/>
      <Execution ProcessID=""3588"" ThreadID=""5164""/>
      <Channel>Microsoft-Windows-Sysmon/Operational</Channel>
      <Computer>WinDev2309Eval</Computer>
      <Security UserID=""S-1-5-18""/>
    </System>
    <EventData>
      <Data Name=""RuleName"">-</Data>
      <Data Name=""UtcTime"">2023-12-27 14:52:21.880</Data>
      <Data Name=""ProcessGuid"">{f57bd86a-ac8d-658c-d801-000000000f00}</Data>
      <Data Name=""ProcessId"">10740</Data>
      <Data Name=""QueryName"">egw1.express.gotoassist.com</Data>
      <Data Name=""QueryStatus"">0</Data>
      <Data Name=""QueryResults"">type: 5 egw.classic.gotoassist.com;type: 5 g2ars-prd-ava-egw-lb-26-f1bceb0ee1485bfe.elb.us-east-1.amazonaws.com;::ffff:52.55.102.23;::ffff:3.218.246.74;</Data>
      <Data Name=""Image"">C:\Users\User\AppData\Local\GoToAssist Remote Support Expert\1702\g2ax_comm_expert.exe</Data>
      <Data Name=""User"">WINDEV2309EVAL\User</Data>
    </EventData>
    <RenderingInfo Culture=""en-US"">
      <Message>Dns query:

RuleName: -

UtcTime: 2023-12-27 14:52:21.880

ProcessGuid: {f57bd86a-ac8d-658c-d801-000000000f00}

ProcessId: 10740

QueryName: egw1.express.gotoassist.com

QueryStatus: 0

QueryResults: type: 5 egw.classic.gotoassist.com;type: 5 g2ars-prd-ava-egw-lb-26-f1bceb0ee1485bfe.elb.us-east-1.amazonaws.com;::ffff:52.55.102.23;::ffff:3.218.246.74;

Image: C:\Users\User\AppData\Local\GoToAssist Remote Support Expert\1702\g2ax_comm_expert.exe

User: WINDEV2309EVAL\User</Message>
      <Level>Information</Level>
      <Task>Dns query (rule: DnsQuery)</Task>
      <Opcode>Info</Opcode>
    </RenderingInfo>
  </Event>
  
"
Microsoft-Windows-Sysmon/Operational,,,WinDev2309Eval,,,,,,,,,,5,19699,,,,C:\Users\User\Downloads\GoToAssist.exe,,,0x8000000000000000,Information,,,"Process terminated:

RuleName: -

UtcTime: 2023-12-27 23:00:30.261

ProcessGuid: {f57bd86a-ac87-658c-cc01-000000000f00}

ProcessId: 6888

Image: C:\Users\User\Downloads\GoToAssist.exe

User: WINDEV2309EVAL\User",Info,,,,,,,,{f57bd86a-ac87-658c-cc01-000000000f00},3588,6888,,,,,,"
      ",-,,,,,,2023-12-27T23:00:30.2617175Z,,,Process terminated (rule: ProcessTerminate),,5124,WINDEV2309EVAL\User,S-1-5-18,2023-12-27 23:00:30.261,3,"<Event xmlns=""http://schemas.microsoft.com/win/2004/08/events/event"">
    <System>
      <Provider Name=""Microsoft-Windows-Sysmon"" Guid=""{5770385f-c22a-43e0-bf4c-06f5698ffbd9}""/>
      <EventID>5</EventID>
      <Version>3</Version>
      <Level>4</Level>
      <Task>5</Task>
      <Opcode>0</Opcode>
      <Keywords>0x8000000000000000</Keywords>
      <TimeCreated SystemTime=""2023-12-27T23:00:30.2617175Z""/>
      <EventRecordID>19699</EventRecordID>
      <Correlation/>
      <Execution ProcessID=""3588"" ThreadID=""5124""/>
      <Channel>Microsoft-Windows-Sysmon/Operational</Channel>
      <Computer>WinDev2309Eval</Computer>
      <Security UserID=""S-1-5-18""/>
    </System>
    <EventData>
      <Data Name=""RuleName"">-</Data>
      <Data Name=""UtcTime"">2023-12-27 23:00:30.261</Data>
      <Data Name=""ProcessGuid"">{f57bd86a-ac87-658c-cc01-000000000f00}</Data>
      <Data Name=""ProcessId"">6888</Data>
      <Data Name=""Image"">C:\Users\User\Downloads\GoToAssist.exe</Data>
      <Data Name=""User"">WINDEV2309EVAL\User</Data>
    </EventData>
    <RenderingInfo Culture=""en-US"">
      <Message>Process terminated:

RuleName: -

UtcTime: 2023-12-27 23:00:30.261

ProcessGuid: {f57bd86a-ac87-658c-cc01-000000000f00}

ProcessId: 6888

Image: C:\Users\User\Downloads\GoToAssist.exe

User: WINDEV2309EVAL\User</Message>
      <Level>Information</Level>
      <Task>Process terminated (rule: ProcessTerminate)</Task>
      <Opcode>Info</Opcode>
    </RenderingInfo>
  </Event>
  
"
Microsoft-Windows-Sysmon/Operational,"C:\Windows\system32\cmd.exe /c """"C:\Users\User\AppData\Local\Temp\4720DB50-6093-4535-B9EA-9E8E03E17BC2.bat"" ""C:\Users\User\Downloads\GoToAssist.exe""""",Microsoft Corporation,WinDev2309Eval,,C:\Users\User\AppData\Local\Temp\,Windows Command Processor,,,,,,,1,19698,,10.0.22621.2506 (WinBuild.160101.0800),"MD5=E5BA544D97DD913B87923C550353D35A,SHA256=CB59897A1E8EE8D527CE4D3CAB7E8C80A290DFC24EC55F8923D9BD35E8D28AF9,IMPHASH=FD97AFEC4DC549DCD1FE1DAD15035DF9",C:\Windows\SysWOW64\cmd.exe,,Medium,0x8000000000000000,Information,{f57bd86a-36f9-658c-7bf8-020000000000},0x2f87b,"Process Create:

RuleName: -

UtcTime: 2023-12-27 23:00:30.221

ProcessGuid: {f57bd86a-ac8e-658c-da01-000000000f00}

ProcessId: 1204

Image: C:\Windows\SysWOW64\cmd.exe

FileVersion: 10.0.22621.2506 (WinBuild.160101.0800)

Description: Windows Command Processor

Product: Microsoft® Windows® Operating System

Company: Microsoft Corporation

OriginalFileName: Cmd.Exe

CommandLine: C:\Windows\system32\cmd.exe /c """"C:\Users\User\AppData\Local\Temp\4720DB50-6093-4535-B9EA-9E8E03E17BC2.bat"" ""C:\Users\User\Downloads\GoToAssist.exe""""

CurrentDirectory: C:\Users\User\AppData\Local\Temp\

User: WINDEV2309EVAL\User

LogonGuid: {f57bd86a-36f9-658c-7bf8-020000000000}

LogonId: 0x2F87B

TerminalSessionId: 1

IntegrityLevel: Medium

Hashes: MD5=E5BA544D97DD913B87923C550353D35A,SHA256=CB59897A1E8EE8D527CE4D3CAB7E8C80A290DFC24EC55F8923D9BD35E8D28AF9,IMPHASH=FD97AFEC4DC549DCD1FE1DAD15035DF9

ParentProcessGuid: {f57bd86a-ac87-658c-cc01-000000000f00}

ParentProcessId: 6888

ParentImage: C:\Users\User\Downloads\GoToAssist.exe

ParentCommandLine: ""C:\Users\User\Downloads\GoToAssist.exe"" /S 

ParentUser: WINDEV2309EVAL\User",Info,Cmd.Exe,"""C:\Users\User\Downloads\GoToAssist.exe"" /S ",C:\Users\User\Downloads\GoToAssist.exe,{f57bd86a-ac87-658c-cc01-000000000f00},6888,WINDEV2309EVAL\User,,{f57bd86a-ac8e-658c-da01-000000000f00},3588,1204,Microsoft® Windows® Operating System,,,,,"
      ",-,,,,,,2023-12-27T23:00:30.2367352Z,,,Process Create (rule: ProcessCreate),1,5124,WINDEV2309EVAL\User,S-1-5-18,2023-12-27 23:00:30.221,5,"<Event xmlns=""http://schemas.microsoft.com/win/2004/08/events/event"">
    <System>
      <Provider Name=""Microsoft-Windows-Sysmon"" Guid=""{5770385f-c22a-43e0-bf4c-06f5698ffbd9}""/>
      <EventID>1</EventID>
      <Version>5</Version>
      <Level>4</Level>
      <Task>1</Task>
      <Opcode>0</Opcode>
      <Keywords>0x8000000000000000</Keywords>
      <TimeCreated SystemTime=""2023-12-27T23:00:30.2367352Z""/>
      <EventRecordID>19698</EventRecordID>
      <Correlation/>
      <Execution ProcessID=""3588"" ThreadID=""5124""/>
      <Channel>Microsoft-Windows-Sysmon/Operational</Channel>
      <Computer>WinDev2309Eval</Computer>
      <Security UserID=""S-1-5-18""/>
    </System>
    <EventData>
      <Data Name=""RuleName"">-</Data>
      <Data Name=""UtcTime"">2023-12-27 23:00:30.221</Data>
      <Data Name=""ProcessGuid"">{f57bd86a-ac8e-658c-da01-000000000f00}</Data>
      <Data Name=""ProcessId"">1204</Data>
      <Data Name=""Image"">C:\Windows\SysWOW64\cmd.exe</Data>
      <Data Name=""FileVersion"">10.0.22621.2506 (WinBuild.160101.0800)</Data>
      <Data Name=""Description"">Windows Command Processor</Data>
      <Data Name=""Product"">Microsoft&#174; Windows&#174; Operating System</Data>
      <Data Name=""Company"">Microsoft Corporation</Data>
      <Data Name=""OriginalFileName"">Cmd.Exe</Data>
      <Data Name=""CommandLine"">C:\Windows\system32\cmd.exe /c """"C:\Users\User\AppData\Local\Temp\4720DB50-6093-4535-B9EA-9E8E03E17BC2.bat"" ""C:\Users\User\Downloads\GoToAssist.exe""""</Data>
      <Data Name=""CurrentDirectory"">C:\Users\User\AppData\Local\Temp\</Data>
      <Data Name=""User"">WINDEV2309EVAL\User</Data>
      <Data Name=""LogonGuid"">{f57bd86a-36f9-658c-7bf8-020000000000}</Data>
      <Data Name=""LogonId"">0x2f87b</Data>
      <Data Name=""TerminalSessionId"">1</Data>
      <Data Name=""IntegrityLevel"">Medium</Data>
      <Data Name=""Hashes"">MD5=E5BA544D97DD913B87923C550353D35A,SHA256=CB59897A1E8EE8D527CE4D3CAB7E8C80A290DFC24EC55F8923D9BD35E8D28AF9,IMPHASH=FD97AFEC4DC549DCD1FE1DAD15035DF9</Data>
      <Data Name=""ParentProcessGuid"">{f57bd86a-ac87-658c-cc01-000000000f00}</Data>
      <Data Name=""ParentProcessId"">6888</Data>
      <Data Name=""ParentImage"">C:\Users\User\Downloads\GoToAssist.exe</Data>
      <Data Name=""ParentCommandLine"">""C:\Users\User\Downloads\GoToAssist.exe"" /S </Data>
      <Data Name=""ParentUser"">WINDEV2309EVAL\User</Data>
    </EventData>
    <RenderingInfo Culture=""en-US"">
      <Message>Process Create:

RuleName: -

UtcTime: 2023-12-27 23:00:30.221

ProcessGuid: {f57bd86a-ac8e-658c-da01-000000000f00}

ProcessId: 1204

Image: C:\Windows\SysWOW64\cmd.exe

FileVersion: 10.0.22621.2506 (WinBuild.160101.0800)

Description: Windows Command Processor

Product: Microsoft&#174; Windows&#174; Operating System

Company: Microsoft Corporation

OriginalFileName: Cmd.Exe

CommandLine: C:\Windows\system32\cmd.exe /c """"C:\Users\User\AppData\Local\Temp\4720DB50-6093-4535-B9EA-9E8E03E17BC2.bat"" ""C:\Users\User\Downloads\GoToAssist.exe""""

CurrentDirectory: C:\Users\User\AppData\Local\Temp\

User: WINDEV2309EVAL\User

LogonGuid: {f57bd86a-36f9-658c-7bf8-020000000000}

LogonId: 0x2F87B

TerminalSessionId: 1

IntegrityLevel: Medium

Hashes: MD5=E5BA544D97DD913B87923C550353D35A,SHA256=CB59897A1E8EE8D527CE4D3CAB7E8C80A290DFC24EC55F8923D9BD35E8D28AF9,IMPHASH=FD97AFEC4DC549DCD1FE1DAD15035DF9

ParentProcessGuid: {f57bd86a-ac87-658c-cc01-000000000f00}

ParentProcessId: 6888

ParentImage: C:\Users\User\Downloads\GoToAssist.exe

ParentCommandLine: ""C:\Users\User\Downloads\GoToAssist.exe"" /S 

ParentUser: WINDEV2309EVAL\User</Message>
      <Level>Information</Level>
      <Task>Process Create (rule: ProcessCreate)</Task>
      <Opcode>Info</Opcode>
    </RenderingInfo>
  </Event>
  
"
