Microsoft-Windows-Sysmon/Operational,"""C:\Program Files\WindowsApps\Microsoft.WindowsTerminal_1.18.3181.0_x64__8wekyb3d8bbwe\OpenConsole.exe"" -Embedding",-,WinDev2309Eval,C:\Windows\system32\,-,,1,19577,,-,"MD5=3E8BF6C2578C0E26CBD699A9E1A48A32,SHA256=34E13A88400216D70CC4BF03DC91AB7911F8A9354A735E4DCB090E73AEB0CE56,IMPHASH=8AEDC24AD9CD564AA66BAB6D1F8D2FDB",C:\Program Files\WindowsApps\Microsoft.WindowsTerminal_1.18.3181.0_x64__8wekyb3d8bbwe\OpenConsole.exe,Medium,0x8000000000000000,Information,{f57bd86a-36f9-658c-7bf8-020000000000},0x2f87b,"Process Create:

RuleName: -

UtcTime: 2023-12-27 22:36:28.039

ProcessGuid: {f57bd86a-a6ec-658c-cb01-000000000f00}

ProcessId: 5612

Image: C:\Program Files\WindowsApps\Microsoft.WindowsTerminal_1.18.3181.0_x64__8wekyb3d8bbwe\OpenConsole.exe

FileVersion: -

Description: -

Product: -

Company: -

OriginalFileName: -

CommandLine: ""C:\Program Files\WindowsApps\Microsoft.WindowsTerminal_1.18.3181.0_x64__8wekyb3d8bbwe\OpenConsole.exe"" -Embedding

CurrentDirectory: C:\Windows\system32\

User: WINDEV2309EVAL\User

LogonGuid: {f57bd86a-36f9-658c-7bf8-020000000000}

LogonId: 0x2F87B

TerminalSessionId: 1

IntegrityLevel: Medium

Hashes: MD5=3E8BF6C2578C0E26CBD699A9E1A48A32,SHA256=34E13A88400216D70CC4BF03DC91AB7911F8A9354A735E4DCB090E73AEB0CE56,IMPHASH=8AEDC24AD9CD564AA66BAB6D1F8D2FDB

ParentProcessGuid: {f57bd86a-36f5-658c-0d00-000000000f00}

ParentProcessId: 932

ParentImage: C:\Windows\System32\svchost.exe

ParentCommandLine: C:\Windows\system32\svchost.exe -k DcomLaunch -p

ParentUser: NT AUTHORITY\SYSTEM",Info,-,C:\Windows\system32\svchost.exe -k DcomLaunch -p,C:\Windows\System32\svchost.exe,{f57bd86a-36f5-658c-0d00-000000000f00},932,NT AUTHORITY\SYSTEM,{f57bd86a-a6ec-658c-cb01-000000000f00},3588,5612,-,,,,"
      ",-,2023-12-27T22:36:28.0409601Z,,Process Create (rule: ProcessCreate),1,5124,WINDEV2309EVAL\User,S-1-5-18,2023-12-27 22:36:28.039,5,"<Event xmlns=""http://schemas.microsoft.com/win/2004/08/events/event"">
    <System>
      <Provider Name=""Microsoft-Windows-Sysmon"" Guid=""{5770385f-c22a-43e0-bf4c-06f5698ffbd9}""/>
      <EventID>1</EventID>
      <Version>5</Version>
      <Level>4</Level>
      <Task>1</Task>
      <Opcode>0</Opcode>
      <Keywords>0x8000000000000000</Keywords>
      <TimeCreated SystemTime=""2023-12-27T22:36:28.0409601Z""/>
      <EventRecordID>19577</EventRecordID>
      <Correlation/>
      <Execution ProcessID=""3588"" ThreadID=""5124""/>
      <Channel>Microsoft-Windows-Sysmon/Operational</Channel>
      <Computer>WinDev2309Eval</Computer>
      <Security UserID=""S-1-5-18""/>
    </System>
    <EventData>
      <Data Name=""RuleName"">-</Data>
      <Data Name=""UtcTime"">2023-12-27 22:36:28.039</Data>
      <Data Name=""ProcessGuid"">{f57bd86a-a6ec-658c-cb01-000000000f00}</Data>
      <Data Name=""ProcessId"">5612</Data>
      <Data Name=""Image"">C:\Program Files\WindowsApps\Microsoft.WindowsTerminal_1.18.3181.0_x64__8wekyb3d8bbwe\OpenConsole.exe</Data>
      <Data Name=""FileVersion"">-</Data>
      <Data Name=""Description"">-</Data>
      <Data Name=""Product"">-</Data>
      <Data Name=""Company"">-</Data>
      <Data Name=""OriginalFileName"">-</Data>
      <Data Name=""CommandLine"">""C:\Program Files\WindowsApps\Microsoft.WindowsTerminal_1.18.3181.0_x64__8wekyb3d8bbwe\OpenConsole.exe"" -Embedding</Data>
      <Data Name=""CurrentDirectory"">C:\Windows\system32\</Data>
      <Data Name=""User"">WINDEV2309EVAL\User</Data>
      <Data Name=""LogonGuid"">{f57bd86a-36f9-658c-7bf8-020000000000}</Data>
      <Data Name=""LogonId"">0x2f87b</Data>
      <Data Name=""TerminalSessionId"">1</Data>
      <Data Name=""IntegrityLevel"">Medium</Data>
      <Data Name=""Hashes"">MD5=3E8BF6C2578C0E26CBD699A9E1A48A32,SHA256=34E13A88400216D70CC4BF03DC91AB7911F8A9354A735E4DCB090E73AEB0CE56,IMPHASH=8AEDC24AD9CD564AA66BAB6D1F8D2FDB</Data>
      <Data Name=""ParentProcessGuid"">{f57bd86a-36f5-658c-0d00-000000000f00}</Data>
      <Data Name=""ParentProcessId"">932</Data>
      <Data Name=""ParentImage"">C:\Windows\System32\svchost.exe</Data>
      <Data Name=""ParentCommandLine"">C:\Windows\system32\svchost.exe -k DcomLaunch -p</Data>
      <Data Name=""ParentUser"">NT AUTHORITY\SYSTEM</Data>
    </EventData>
    <RenderingInfo Culture=""en-US"">
      <Message>Process Create:

RuleName: -

UtcTime: 2023-12-27 22:36:28.039

ProcessGuid: {f57bd86a-a6ec-658c-cb01-000000000f00}

ProcessId: 5612

Image: C:\Program Files\WindowsApps\Microsoft.WindowsTerminal_1.18.3181.0_x64__8wekyb3d8bbwe\OpenConsole.exe

FileVersion: -

Description: -

Product: -

Company: -

OriginalFileName: -

CommandLine: ""C:\Program Files\WindowsApps\Microsoft.WindowsTerminal_1.18.3181.0_x64__8wekyb3d8bbwe\OpenConsole.exe"" -Embedding

CurrentDirectory: C:\Windows\system32\

User: WINDEV2309EVAL\User

LogonGuid: {f57bd86a-36f9-658c-7bf8-020000000000}

LogonId: 0x2F87B

TerminalSessionId: 1

IntegrityLevel: Medium

Hashes: MD5=3E8BF6C2578C0E26CBD699A9E1A48A32,SHA256=34E13A88400216D70CC4BF03DC91AB7911F8A9354A735E4DCB090E73AEB0CE56,IMPHASH=8AEDC24AD9CD564AA66BAB6D1F8D2FDB

ParentProcessGuid: {f57bd86a-36f5-658c-0d00-000000000f00}

ParentProcessId: 932

ParentImage: C:\Windows\System32\svchost.exe

ParentCommandLine: C:\Windows\system32\svchost.exe -k DcomLaunch -p

ParentUser: NT AUTHORITY\SYSTEM</Message>
      <Level>Information</Level>
      <Task>Process Create (rule: ProcessCreate)</Task>
      <Opcode>Info</Opcode>
    </RenderingInfo>
  </Event>
  
"
Microsoft-Windows-Sysmon/Operational,C:\Windows\system32\cmd.exe /c c:\windows\system32\calc.exe,Microsoft Corporation,WinDev2309Eval,C:\Users\User\AppData\Local\Temp\,Windows Command Processor,,1,19576,,10.0.22621.2506 (WinBuild.160101.0800),"MD5=E5BA544D97DD913B87923C550353D35A,SHA256=CB59897A1E8EE8D527CE4D3CAB7E8C80A290DFC24EC55F8923D9BD35E8D28AF9,IMPHASH=FD97AFEC4DC549DCD1FE1DAD15035DF9",C:\Windows\SysWOW64\cmd.exe,Medium,0x8000000000000000,Information,{f57bd86a-36f9-658c-7bf8-020000000000},0x2f87b,"Process Create:

RuleName: -

UtcTime: 2023-12-27 22:36:28.002

ProcessGuid: {f57bd86a-a6ec-658c-c901-000000000f00}

ProcessId: 3324

Image: C:\Windows\SysWOW64\cmd.exe

FileVersion: 10.0.22621.2506 (WinBuild.160101.0800)

Description: Windows Command Processor

Product: Microsoft速 Windows速 Operating System

Company: Microsoft Corporation

OriginalFileName: Cmd.Exe

CommandLine: C:\Windows\system32\cmd.exe /c c:\windows\system32\calc.exe

CurrentDirectory: C:\Users\User\AppData\Local\Temp\

User: WINDEV2309EVAL\User

LogonGuid: {f57bd86a-36f9-658c-7bf8-020000000000}

LogonId: 0x2F87B

TerminalSessionId: 1

IntegrityLevel: Medium

Hashes: MD5=E5BA544D97DD913B87923C550353D35A,SHA256=CB59897A1E8EE8D527CE4D3CAB7E8C80A290DFC24EC55F8923D9BD35E8D28AF9,IMPHASH=FD97AFEC4DC549DCD1FE1DAD15035DF9

ParentProcessGuid: {f57bd86a-a6eb-658c-c801-000000000f00}

ParentProcessId: 5732

ParentImage: C:\Windows\SysWOW64\rundll32.exe

ParentCommandLine: ""C:\Windows\SysWOW64\rundll32.exe"" ""C:\Windows\SysWOW64\shell32.dll"",#44 ""C:\AtomicRedTeam\atomics\T1218.002\bin\calc.cpl""

ParentUser: WINDEV2309EVAL\User",Info,Cmd.Exe,"""C:\Windows\SysWOW64\rundll32.exe"" ""C:\Windows\SysWOW64\shell32.dll"",#44 ""C:\AtomicRedTeam\atomics\T1218.002\bin\calc.cpl""",C:\Windows\SysWOW64\rundll32.exe,{f57bd86a-a6eb-658c-c801-000000000f00},5732,WINDEV2309EVAL\User,{f57bd86a-a6ec-658c-c901-000000000f00},3588,3324,Microsoft速 Windows速 Operating System,,,,"
      ",-,2023-12-27T22:36:28.0082618Z,,Process Create (rule: ProcessCreate),1,5124,WINDEV2309EVAL\User,S-1-5-18,2023-12-27 22:36:28.002,5,"<Event xmlns=""http://schemas.microsoft.com/win/2004/08/events/event"">
    <System>
      <Provider Name=""Microsoft-Windows-Sysmon"" Guid=""{5770385f-c22a-43e0-bf4c-06f5698ffbd9}""/>
      <EventID>1</EventID>
      <Version>5</Version>
      <Level>4</Level>
      <Task>1</Task>
      <Opcode>0</Opcode>
      <Keywords>0x8000000000000000</Keywords>
      <TimeCreated SystemTime=""2023-12-27T22:36:28.0082618Z""/>
      <EventRecordID>19576</EventRecordID>
      <Correlation/>
      <Execution ProcessID=""3588"" ThreadID=""5124""/>
      <Channel>Microsoft-Windows-Sysmon/Operational</Channel>
      <Computer>WinDev2309Eval</Computer>
      <Security UserID=""S-1-5-18""/>
    </System>
    <EventData>
      <Data Name=""RuleName"">-</Data>
      <Data Name=""UtcTime"">2023-12-27 22:36:28.002</Data>
      <Data Name=""ProcessGuid"">{f57bd86a-a6ec-658c-c901-000000000f00}</Data>
      <Data Name=""ProcessId"">3324</Data>
      <Data Name=""Image"">C:\Windows\SysWOW64\cmd.exe</Data>
      <Data Name=""FileVersion"">10.0.22621.2506 (WinBuild.160101.0800)</Data>
      <Data Name=""Description"">Windows Command Processor</Data>
      <Data Name=""Product"">Microsoft&#174; Windows&#174; Operating System</Data>
      <Data Name=""Company"">Microsoft Corporation</Data>
      <Data Name=""OriginalFileName"">Cmd.Exe</Data>
      <Data Name=""CommandLine"">C:\Windows\system32\cmd.exe /c c:\windows\system32\calc.exe</Data>
      <Data Name=""CurrentDirectory"">C:\Users\User\AppData\Local\Temp\</Data>
      <Data Name=""User"">WINDEV2309EVAL\User</Data>
      <Data Name=""LogonGuid"">{f57bd86a-36f9-658c-7bf8-020000000000}</Data>
      <Data Name=""LogonId"">0x2f87b</Data>
      <Data Name=""TerminalSessionId"">1</Data>
      <Data Name=""IntegrityLevel"">Medium</Data>
      <Data Name=""Hashes"">MD5=E5BA544D97DD913B87923C550353D35A,SHA256=CB59897A1E8EE8D527CE4D3CAB7E8C80A290DFC24EC55F8923D9BD35E8D28AF9,IMPHASH=FD97AFEC4DC549DCD1FE1DAD15035DF9</Data>
      <Data Name=""ParentProcessGuid"">{f57bd86a-a6eb-658c-c801-000000000f00}</Data>
      <Data Name=""ParentProcessId"">5732</Data>
      <Data Name=""ParentImage"">C:\Windows\SysWOW64\rundll32.exe</Data>
      <Data Name=""ParentCommandLine"">""C:\Windows\SysWOW64\rundll32.exe"" ""C:\Windows\SysWOW64\shell32.dll"",#44 ""C:\AtomicRedTeam\atomics\T1218.002\bin\calc.cpl""</Data>
      <Data Name=""ParentUser"">WINDEV2309EVAL\User</Data>
    </EventData>
    <RenderingInfo Culture=""en-US"">
      <Message>Process Create:

RuleName: -

UtcTime: 2023-12-27 22:36:28.002

ProcessGuid: {f57bd86a-a6ec-658c-c901-000000000f00}

ProcessId: 3324

Image: C:\Windows\SysWOW64\cmd.exe

FileVersion: 10.0.22621.2506 (WinBuild.160101.0800)

Description: Windows Command Processor

Product: Microsoft&#174; Windows&#174; Operating System

Company: Microsoft Corporation

OriginalFileName: Cmd.Exe

CommandLine: C:\Windows\system32\cmd.exe /c c:\windows\system32\calc.exe

CurrentDirectory: C:\Users\User\AppData\Local\Temp\

User: WINDEV2309EVAL\User

LogonGuid: {f57bd86a-36f9-658c-7bf8-020000000000}

LogonId: 0x2F87B

TerminalSessionId: 1

IntegrityLevel: Medium

Hashes: MD5=E5BA544D97DD913B87923C550353D35A,SHA256=CB59897A1E8EE8D527CE4D3CAB7E8C80A290DFC24EC55F8923D9BD35E8D28AF9,IMPHASH=FD97AFEC4DC549DCD1FE1DAD15035DF9

ParentProcessGuid: {f57bd86a-a6eb-658c-c801-000000000f00}

ParentProcessId: 5732

ParentImage: C:\Windows\SysWOW64\rundll32.exe

ParentCommandLine: ""C:\Windows\SysWOW64\rundll32.exe"" ""C:\Windows\SysWOW64\shell32.dll"",#44 ""C:\AtomicRedTeam\atomics\T1218.002\bin\calc.cpl""

ParentUser: WINDEV2309EVAL\User</Message>
      <Level>Information</Level>
      <Task>Process Create (rule: ProcessCreate)</Task>
      <Opcode>Info</Opcode>
    </RenderingInfo>
  </Event>
  
"
Microsoft-Windows-Sysmon/Operational,"""C:\Windows\SysWOW64\rundll32.exe"" ""C:\Windows\SysWOW64\shell32.dll"",#44 ""C:\AtomicRedTeam\atomics\T1218.002\bin\calc.cpl""",Microsoft Corporation,WinDev2309Eval,C:\Users\User\AppData\Local\Temp\,Windows host process (Rundll32),,1,19575,,10.0.22621.1 (WinBuild.160101.0800),"MD5=5B45C34204257E0E087526D7463057E4,SHA256=C4815EAD0ABE44972AE918CAB9B21289B29CF5D3471FE102C27E1A86601A729C,IMPHASH=CE6ABBD952DD0B6F657F35A471588FD1",C:\Windows\SysWOW64\rundll32.exe,Medium,0x8000000000000000,Information,{f57bd86a-36f9-658c-7bf8-020000000000},0x2f87b,"Process Create:

RuleName: -

UtcTime: 2023-12-27 22:36:27.675

ProcessGuid: {f57bd86a-a6eb-658c-c801-000000000f00}

ProcessId: 5732

Image: C:\Windows\SysWOW64\rundll32.exe

FileVersion: 10.0.22621.1 (WinBuild.160101.0800)

Description: Windows host process (Rundll32)

Product: Microsoft速 Windows速 Operating System

Company: Microsoft Corporation

OriginalFileName: RUNDLL32.EXE

CommandLine: ""C:\Windows\SysWOW64\rundll32.exe"" ""C:\Windows\SysWOW64\shell32.dll"",#44 ""C:\AtomicRedTeam\atomics\T1218.002\bin\calc.cpl""

CurrentDirectory: C:\Users\User\AppData\Local\Temp\

User: WINDEV2309EVAL\User

LogonGuid: {f57bd86a-36f9-658c-7bf8-020000000000}

LogonId: 0x2F87B

TerminalSessionId: 1

IntegrityLevel: Medium

Hashes: MD5=5B45C34204257E0E087526D7463057E4,SHA256=C4815EAD0ABE44972AE918CAB9B21289B29CF5D3471FE102C27E1A86601A729C,IMPHASH=CE6ABBD952DD0B6F657F35A471588FD1

ParentProcessGuid: {f57bd86a-a6eb-658c-c701-000000000f00}

ParentProcessId: 10724

ParentImage: C:\Windows\System32\rundll32.exe

ParentCommandLine: ""C:\Windows\system32\rundll32.exe"" Shell32.dll,Control_RunDLL ""C:\AtomicRedTeam\atomics\T1218.002\bin\calc.cpl""

ParentUser: WINDEV2309EVAL\User",Info,RUNDLL32.EXE,"""C:\Windows\system32\rundll32.exe"" Shell32.dll,Control_RunDLL ""C:\AtomicRedTeam\atomics\T1218.002\bin\calc.cpl""",C:\Windows\System32\rundll32.exe,{f57bd86a-a6eb-658c-c701-000000000f00},10724,WINDEV2309EVAL\User,{f57bd86a-a6eb-658c-c801-000000000f00},3588,5732,Microsoft速 Windows速 Operating System,,,,"
      ",-,2023-12-27T22:36:27.6778049Z,,Process Create (rule: ProcessCreate),1,5124,WINDEV2309EVAL\User,S-1-5-18,2023-12-27 22:36:27.675,5,"<Event xmlns=""http://schemas.microsoft.com/win/2004/08/events/event"">
    <System>
      <Provider Name=""Microsoft-Windows-Sysmon"" Guid=""{5770385f-c22a-43e0-bf4c-06f5698ffbd9}""/>
      <EventID>1</EventID>
      <Version>5</Version>
      <Level>4</Level>
      <Task>1</Task>
      <Opcode>0</Opcode>
      <Keywords>0x8000000000000000</Keywords>
      <TimeCreated SystemTime=""2023-12-27T22:36:27.6778049Z""/>
      <EventRecordID>19575</EventRecordID>
      <Correlation/>
      <Execution ProcessID=""3588"" ThreadID=""5124""/>
      <Channel>Microsoft-Windows-Sysmon/Operational</Channel>
      <Computer>WinDev2309Eval</Computer>
      <Security UserID=""S-1-5-18""/>
    </System>
    <EventData>
      <Data Name=""RuleName"">-</Data>
      <Data Name=""UtcTime"">2023-12-27 22:36:27.675</Data>
      <Data Name=""ProcessGuid"">{f57bd86a-a6eb-658c-c801-000000000f00}</Data>
      <Data Name=""ProcessId"">5732</Data>
      <Data Name=""Image"">C:\Windows\SysWOW64\rundll32.exe</Data>
      <Data Name=""FileVersion"">10.0.22621.1 (WinBuild.160101.0800)</Data>
      <Data Name=""Description"">Windows host process (Rundll32)</Data>
      <Data Name=""Product"">Microsoft&#174; Windows&#174; Operating System</Data>
      <Data Name=""Company"">Microsoft Corporation</Data>
      <Data Name=""OriginalFileName"">RUNDLL32.EXE</Data>
      <Data Name=""CommandLine"">""C:\Windows\SysWOW64\rundll32.exe"" ""C:\Windows\SysWOW64\shell32.dll"",#44 ""C:\AtomicRedTeam\atomics\T1218.002\bin\calc.cpl""</Data>
      <Data Name=""CurrentDirectory"">C:\Users\User\AppData\Local\Temp\</Data>
      <Data Name=""User"">WINDEV2309EVAL\User</Data>
      <Data Name=""LogonGuid"">{f57bd86a-36f9-658c-7bf8-020000000000}</Data>
      <Data Name=""LogonId"">0x2f87b</Data>
      <Data Name=""TerminalSessionId"">1</Data>
      <Data Name=""IntegrityLevel"">Medium</Data>
      <Data Name=""Hashes"">MD5=5B45C34204257E0E087526D7463057E4,SHA256=C4815EAD0ABE44972AE918CAB9B21289B29CF5D3471FE102C27E1A86601A729C,IMPHASH=CE6ABBD952DD0B6F657F35A471588FD1</Data>
      <Data Name=""ParentProcessGuid"">{f57bd86a-a6eb-658c-c701-000000000f00}</Data>
      <Data Name=""ParentProcessId"">10724</Data>
      <Data Name=""ParentImage"">C:\Windows\System32\rundll32.exe</Data>
      <Data Name=""ParentCommandLine"">""C:\Windows\system32\rundll32.exe"" Shell32.dll,Control_RunDLL ""C:\AtomicRedTeam\atomics\T1218.002\bin\calc.cpl""</Data>
      <Data Name=""ParentUser"">WINDEV2309EVAL\User</Data>
    </EventData>
    <RenderingInfo Culture=""en-US"">
      <Message>Process Create:

RuleName: -

UtcTime: 2023-12-27 22:36:27.675

ProcessGuid: {f57bd86a-a6eb-658c-c801-000000000f00}

ProcessId: 5732

Image: C:\Windows\SysWOW64\rundll32.exe

FileVersion: 10.0.22621.1 (WinBuild.160101.0800)

Description: Windows host process (Rundll32)

Product: Microsoft&#174; Windows&#174; Operating System

Company: Microsoft Corporation

OriginalFileName: RUNDLL32.EXE

CommandLine: ""C:\Windows\SysWOW64\rundll32.exe"" ""C:\Windows\SysWOW64\shell32.dll"",#44 ""C:\AtomicRedTeam\atomics\T1218.002\bin\calc.cpl""

CurrentDirectory: C:\Users\User\AppData\Local\Temp\

User: WINDEV2309EVAL\User

LogonGuid: {f57bd86a-36f9-658c-7bf8-020000000000}

LogonId: 0x2F87B

TerminalSessionId: 1

IntegrityLevel: Medium

Hashes: MD5=5B45C34204257E0E087526D7463057E4,SHA256=C4815EAD0ABE44972AE918CAB9B21289B29CF5D3471FE102C27E1A86601A729C,IMPHASH=CE6ABBD952DD0B6F657F35A471588FD1

ParentProcessGuid: {f57bd86a-a6eb-658c-c701-000000000f00}

ParentProcessId: 10724

ParentImage: C:\Windows\System32\rundll32.exe

ParentCommandLine: ""C:\Windows\system32\rundll32.exe"" Shell32.dll,Control_RunDLL ""C:\AtomicRedTeam\atomics\T1218.002\bin\calc.cpl""

ParentUser: WINDEV2309EVAL\User</Message>
      <Level>Information</Level>
      <Task>Process Create (rule: ProcessCreate)</Task>
      <Opcode>Info</Opcode>
    </RenderingInfo>
  </Event>
  
"
Microsoft-Windows-Sysmon/Operational,"""C:\Windows\system32\rundll32.exe"" Shell32.dll,Control_RunDLL ""C:\AtomicRedTeam\atomics\T1218.002\bin\calc.cpl""",Microsoft Corporation,WinDev2309Eval,C:\Users\User\AppData\Local\Temp\,Windows host process (Rundll32),,1,19574,,10.0.22621.1 (WinBuild.160101.0800),"MD5=57A6B4BDF247C1A6CA08AC09A8F9B742,SHA256=98D37EFF504A7ADB864131EA4A042AAF4D79C4356960A8AB2FA656CC59AEC014,IMPHASH=5C68DE198B5D2DD5C1129782AD19676C",C:\Windows\System32\rundll32.exe,Medium,0x8000000000000000,Information,{f57bd86a-36f9-658c-7bf8-020000000000},0x2f87b,"Process Create:

RuleName: -

UtcTime: 2023-12-27 22:36:27.642

ProcessGuid: {f57bd86a-a6eb-658c-c701-000000000f00}

ProcessId: 10724

Image: C:\Windows\System32\rundll32.exe

FileVersion: 10.0.22621.1 (WinBuild.160101.0800)

Description: Windows host process (Rundll32)

Product: Microsoft速 Windows速 Operating System

Company: Microsoft Corporation

OriginalFileName: RUNDLL32.EXE

CommandLine: ""C:\Windows\system32\rundll32.exe"" Shell32.dll,Control_RunDLL ""C:\AtomicRedTeam\atomics\T1218.002\bin\calc.cpl""

CurrentDirectory: C:\Users\User\AppData\Local\Temp\

User: WINDEV2309EVAL\User

LogonGuid: {f57bd86a-36f9-658c-7bf8-020000000000}

LogonId: 0x2F87B

TerminalSessionId: 1

IntegrityLevel: Medium

Hashes: MD5=57A6B4BDF247C1A6CA08AC09A8F9B742,SHA256=98D37EFF504A7ADB864131EA4A042AAF4D79C4356960A8AB2FA656CC59AEC014,IMPHASH=5C68DE198B5D2DD5C1129782AD19676C

ParentProcessGuid: {f57bd86a-a6eb-658c-c601-000000000f00}

ParentProcessId: 10068

ParentImage: C:\Windows\System32\control.exe

ParentCommandLine: control.exe  ""C:\AtomicRedTeam\atomics\T1218.002\bin\calc.cpl""

ParentUser: WINDEV2309EVAL\User",Info,RUNDLL32.EXE,"control.exe  ""C:\AtomicRedTeam\atomics\T1218.002\bin\calc.cpl""",C:\Windows\System32\control.exe,{f57bd86a-a6eb-658c-c601-000000000f00},10068,WINDEV2309EVAL\User,{f57bd86a-a6eb-658c-c701-000000000f00},3588,10724,Microsoft速 Windows速 Operating System,,,,"
      ",-,2023-12-27T22:36:27.6429299Z,,Process Create (rule: ProcessCreate),1,5124,WINDEV2309EVAL\User,S-1-5-18,2023-12-27 22:36:27.642,5,"<Event xmlns=""http://schemas.microsoft.com/win/2004/08/events/event"">
    <System>
      <Provider Name=""Microsoft-Windows-Sysmon"" Guid=""{5770385f-c22a-43e0-bf4c-06f5698ffbd9}""/>
      <EventID>1</EventID>
      <Version>5</Version>
      <Level>4</Level>
      <Task>1</Task>
      <Opcode>0</Opcode>
      <Keywords>0x8000000000000000</Keywords>
      <TimeCreated SystemTime=""2023-12-27T22:36:27.6429299Z""/>
      <EventRecordID>19574</EventRecordID>
      <Correlation/>
      <Execution ProcessID=""3588"" ThreadID=""5124""/>
      <Channel>Microsoft-Windows-Sysmon/Operational</Channel>
      <Computer>WinDev2309Eval</Computer>
      <Security UserID=""S-1-5-18""/>
    </System>
    <EventData>
      <Data Name=""RuleName"">-</Data>
      <Data Name=""UtcTime"">2023-12-27 22:36:27.642</Data>
      <Data Name=""ProcessGuid"">{f57bd86a-a6eb-658c-c701-000000000f00}</Data>
      <Data Name=""ProcessId"">10724</Data>
      <Data Name=""Image"">C:\Windows\System32\rundll32.exe</Data>
      <Data Name=""FileVersion"">10.0.22621.1 (WinBuild.160101.0800)</Data>
      <Data Name=""Description"">Windows host process (Rundll32)</Data>
      <Data Name=""Product"">Microsoft&#174; Windows&#174; Operating System</Data>
      <Data Name=""Company"">Microsoft Corporation</Data>
      <Data Name=""OriginalFileName"">RUNDLL32.EXE</Data>
      <Data Name=""CommandLine"">""C:\Windows\system32\rundll32.exe"" Shell32.dll,Control_RunDLL ""C:\AtomicRedTeam\atomics\T1218.002\bin\calc.cpl""</Data>
      <Data Name=""CurrentDirectory"">C:\Users\User\AppData\Local\Temp\</Data>
      <Data Name=""User"">WINDEV2309EVAL\User</Data>
      <Data Name=""LogonGuid"">{f57bd86a-36f9-658c-7bf8-020000000000}</Data>
      <Data Name=""LogonId"">0x2f87b</Data>
      <Data Name=""TerminalSessionId"">1</Data>
      <Data Name=""IntegrityLevel"">Medium</Data>
      <Data Name=""Hashes"">MD5=57A6B4BDF247C1A6CA08AC09A8F9B742,SHA256=98D37EFF504A7ADB864131EA4A042AAF4D79C4356960A8AB2FA656CC59AEC014,IMPHASH=5C68DE198B5D2DD5C1129782AD19676C</Data>
      <Data Name=""ParentProcessGuid"">{f57bd86a-a6eb-658c-c601-000000000f00}</Data>
      <Data Name=""ParentProcessId"">10068</Data>
      <Data Name=""ParentImage"">C:\Windows\System32\control.exe</Data>
      <Data Name=""ParentCommandLine"">control.exe  ""C:\AtomicRedTeam\atomics\T1218.002\bin\calc.cpl""</Data>
      <Data Name=""ParentUser"">WINDEV2309EVAL\User</Data>
    </EventData>
    <RenderingInfo Culture=""en-US"">
      <Message>Process Create:

RuleName: -

UtcTime: 2023-12-27 22:36:27.642

ProcessGuid: {f57bd86a-a6eb-658c-c701-000000000f00}

ProcessId: 10724

Image: C:\Windows\System32\rundll32.exe

FileVersion: 10.0.22621.1 (WinBuild.160101.0800)

Description: Windows host process (Rundll32)

Product: Microsoft&#174; Windows&#174; Operating System

Company: Microsoft Corporation

OriginalFileName: RUNDLL32.EXE

CommandLine: ""C:\Windows\system32\rundll32.exe"" Shell32.dll,Control_RunDLL ""C:\AtomicRedTeam\atomics\T1218.002\bin\calc.cpl""

CurrentDirectory: C:\Users\User\AppData\Local\Temp\

User: WINDEV2309EVAL\User

LogonGuid: {f57bd86a-36f9-658c-7bf8-020000000000}

LogonId: 0x2F87B

TerminalSessionId: 1

IntegrityLevel: Medium

Hashes: MD5=57A6B4BDF247C1A6CA08AC09A8F9B742,SHA256=98D37EFF504A7ADB864131EA4A042AAF4D79C4356960A8AB2FA656CC59AEC014,IMPHASH=5C68DE198B5D2DD5C1129782AD19676C

ParentProcessGuid: {f57bd86a-a6eb-658c-c601-000000000f00}

ParentProcessId: 10068

ParentImage: C:\Windows\System32\control.exe

ParentCommandLine: control.exe  ""C:\AtomicRedTeam\atomics\T1218.002\bin\calc.cpl""

ParentUser: WINDEV2309EVAL\User</Message>
      <Level>Information</Level>
      <Task>Process Create (rule: ProcessCreate)</Task>
      <Opcode>Info</Opcode>
    </RenderingInfo>
  </Event>
  
"
Microsoft-Windows-Sysmon/Operational,"control.exe  ""C:\AtomicRedTeam\atomics\T1218.002\bin\calc.cpl""",Microsoft Corporation,WinDev2309Eval,C:\Users\User\AppData\Local\Temp\,Windows Control Panel,,1,19573,,10.0.22621.1 (WinBuild.160101.0800),"MD5=79B6117B440B0B580156E9FB0A475108,SHA256=2A1DFE6E7A7A3083E5AAB487846A6F111F21A9F12104B84D363191AA09095064,IMPHASH=8DA21F5AC3ED3474562A273F937BBF3D",C:\Windows\System32\control.exe,Medium,0x8000000000000000,Information,{f57bd86a-36f9-658c-7bf8-020000000000},0x2f87b,"Process Create:

RuleName: -

UtcTime: 2023-12-27 22:36:27.548

ProcessGuid: {f57bd86a-a6eb-658c-c601-000000000f00}

ProcessId: 10068

Image: C:\Windows\System32\control.exe

FileVersion: 10.0.22621.1 (WinBuild.160101.0800)

Description: Windows Control Panel

Product: Microsoft速 Windows速 Operating System

Company: Microsoft Corporation

OriginalFileName: CONTROL.EXE

CommandLine: control.exe  ""C:\AtomicRedTeam\atomics\T1218.002\bin\calc.cpl""

CurrentDirectory: C:\Users\User\AppData\Local\Temp\

User: WINDEV2309EVAL\User

LogonGuid: {f57bd86a-36f9-658c-7bf8-020000000000}

LogonId: 0x2F87B

TerminalSessionId: 1

IntegrityLevel: Medium

Hashes: MD5=79B6117B440B0B580156E9FB0A475108,SHA256=2A1DFE6E7A7A3083E5AAB487846A6F111F21A9F12104B84D363191AA09095064,IMPHASH=8DA21F5AC3ED3474562A273F937BBF3D

ParentProcessGuid: {f57bd86a-a6eb-658c-c401-000000000f00}

ParentProcessId: 6360

ParentImage: C:\Windows\System32\cmd.exe

ParentCommandLine: ""cmd.exe"" /c control.exe ""C:\AtomicRedTeam\atomics\T1218.002\bin\calc.cpl""

ParentUser: WINDEV2309EVAL\User",Info,CONTROL.EXE,"""cmd.exe"" /c control.exe ""C:\AtomicRedTeam\atomics\T1218.002\bin\calc.cpl""",C:\Windows\System32\cmd.exe,{f57bd86a-a6eb-658c-c401-000000000f00},6360,WINDEV2309EVAL\User,{f57bd86a-a6eb-658c-c601-000000000f00},3588,10068,Microsoft速 Windows速 Operating System,,,,"
      ",-,2023-12-27T22:36:27.5517237Z,,Process Create (rule: ProcessCreate),1,5124,WINDEV2309EVAL\User,S-1-5-18,2023-12-27 22:36:27.548,5,"<Event xmlns=""http://schemas.microsoft.com/win/2004/08/events/event"">
    <System>
      <Provider Name=""Microsoft-Windows-Sysmon"" Guid=""{5770385f-c22a-43e0-bf4c-06f5698ffbd9}""/>
      <EventID>1</EventID>
      <Version>5</Version>
      <Level>4</Level>
      <Task>1</Task>
      <Opcode>0</Opcode>
      <Keywords>0x8000000000000000</Keywords>
      <TimeCreated SystemTime=""2023-12-27T22:36:27.5517237Z""/>
      <EventRecordID>19573</EventRecordID>
      <Correlation/>
      <Execution ProcessID=""3588"" ThreadID=""5124""/>
      <Channel>Microsoft-Windows-Sysmon/Operational</Channel>
      <Computer>WinDev2309Eval</Computer>
      <Security UserID=""S-1-5-18""/>
    </System>
    <EventData>
      <Data Name=""RuleName"">-</Data>
      <Data Name=""UtcTime"">2023-12-27 22:36:27.548</Data>
      <Data Name=""ProcessGuid"">{f57bd86a-a6eb-658c-c601-000000000f00}</Data>
      <Data Name=""ProcessId"">10068</Data>
      <Data Name=""Image"">C:\Windows\System32\control.exe</Data>
      <Data Name=""FileVersion"">10.0.22621.1 (WinBuild.160101.0800)</Data>
      <Data Name=""Description"">Windows Control Panel</Data>
      <Data Name=""Product"">Microsoft&#174; Windows&#174; Operating System</Data>
      <Data Name=""Company"">Microsoft Corporation</Data>
      <Data Name=""OriginalFileName"">CONTROL.EXE</Data>
      <Data Name=""CommandLine"">control.exe  ""C:\AtomicRedTeam\atomics\T1218.002\bin\calc.cpl""</Data>
      <Data Name=""CurrentDirectory"">C:\Users\User\AppData\Local\Temp\</Data>
      <Data Name=""User"">WINDEV2309EVAL\User</Data>
      <Data Name=""LogonGuid"">{f57bd86a-36f9-658c-7bf8-020000000000}</Data>
      <Data Name=""LogonId"">0x2f87b</Data>
      <Data Name=""TerminalSessionId"">1</Data>
      <Data Name=""IntegrityLevel"">Medium</Data>
      <Data Name=""Hashes"">MD5=79B6117B440B0B580156E9FB0A475108,SHA256=2A1DFE6E7A7A3083E5AAB487846A6F111F21A9F12104B84D363191AA09095064,IMPHASH=8DA21F5AC3ED3474562A273F937BBF3D</Data>
      <Data Name=""ParentProcessGuid"">{f57bd86a-a6eb-658c-c401-000000000f00}</Data>
      <Data Name=""ParentProcessId"">6360</Data>
      <Data Name=""ParentImage"">C:\Windows\System32\cmd.exe</Data>
      <Data Name=""ParentCommandLine"">""cmd.exe"" /c control.exe ""C:\AtomicRedTeam\atomics\T1218.002\bin\calc.cpl""</Data>
      <Data Name=""ParentUser"">WINDEV2309EVAL\User</Data>
    </EventData>
    <RenderingInfo Culture=""en-US"">
      <Message>Process Create:

RuleName: -

UtcTime: 2023-12-27 22:36:27.548

ProcessGuid: {f57bd86a-a6eb-658c-c601-000000000f00}

ProcessId: 10068

Image: C:\Windows\System32\control.exe

FileVersion: 10.0.22621.1 (WinBuild.160101.0800)

Description: Windows Control Panel

Product: Microsoft&#174; Windows&#174; Operating System

Company: Microsoft Corporation

OriginalFileName: CONTROL.EXE

CommandLine: control.exe  ""C:\AtomicRedTeam\atomics\T1218.002\bin\calc.cpl""

CurrentDirectory: C:\Users\User\AppData\Local\Temp\

User: WINDEV2309EVAL\User

LogonGuid: {f57bd86a-36f9-658c-7bf8-020000000000}

LogonId: 0x2F87B

TerminalSessionId: 1

IntegrityLevel: Medium

Hashes: MD5=79B6117B440B0B580156E9FB0A475108,SHA256=2A1DFE6E7A7A3083E5AAB487846A6F111F21A9F12104B84D363191AA09095064,IMPHASH=8DA21F5AC3ED3474562A273F937BBF3D

ParentProcessGuid: {f57bd86a-a6eb-658c-c401-000000000f00}

ParentProcessId: 6360

ParentImage: C:\Windows\System32\cmd.exe

ParentCommandLine: ""cmd.exe"" /c control.exe ""C:\AtomicRedTeam\atomics\T1218.002\bin\calc.cpl""

ParentUser: WINDEV2309EVAL\User</Message>
      <Level>Information</Level>
      <Task>Process Create (rule: ProcessCreate)</Task>
      <Opcode>Info</Opcode>
    </RenderingInfo>
  </Event>
  
"
Microsoft-Windows-Sysmon/Operational,"""cmd.exe"" /c control.exe ""C:\AtomicRedTeam\atomics\T1218.002\bin\calc.cpl""",Microsoft Corporation,WinDev2309Eval,C:\Users\User\AppData\Local\Temp\,Windows Command Processor,,1,19572,,10.0.22621.2506 (WinBuild.160101.0800),"MD5=133D568ECCB557E37BEA1459521CBAC2,SHA256=05A30592D2C3421C41121145C6EEFA7C81FEA6B42D6233A522240A8468326B9C,IMPHASH=D73E39DAB3C8B57AA408073D01254964",C:\Windows\System32\cmd.exe,Medium,0x8000000000000000,Information,{f57bd86a-36f9-658c-7bf8-020000000000},0x2f87b,"Process Create:

RuleName: -

UtcTime: 2023-12-27 22:36:27.516

ProcessGuid: {f57bd86a-a6eb-658c-c401-000000000f00}

ProcessId: 6360

Image: C:\Windows\System32\cmd.exe

FileVersion: 10.0.22621.2506 (WinBuild.160101.0800)

Description: Windows Command Processor

Product: Microsoft速 Windows速 Operating System

Company: Microsoft Corporation

OriginalFileName: Cmd.Exe

CommandLine: ""cmd.exe"" /c control.exe ""C:\AtomicRedTeam\atomics\T1218.002\bin\calc.cpl""

CurrentDirectory: C:\Users\User\AppData\Local\Temp\

User: WINDEV2309EVAL\User

LogonGuid: {f57bd86a-36f9-658c-7bf8-020000000000}

LogonId: 0x2F87B

TerminalSessionId: 1

IntegrityLevel: Medium

Hashes: MD5=133D568ECCB557E37BEA1459521CBAC2,SHA256=05A30592D2C3421C41121145C6EEFA7C81FEA6B42D6233A522240A8468326B9C,IMPHASH=D73E39DAB3C8B57AA408073D01254964

ParentProcessGuid: {00000000-0000-0000-0000-000000000000}

ParentProcessId: 1688

ParentImage: -

ParentCommandLine: -

ParentUser: -",Info,Cmd.Exe,-,-,{00000000-0000-0000-0000-000000000000},1688,-,{f57bd86a-a6eb-658c-c401-000000000f00},3588,6360,Microsoft速 Windows速 Operating System,,,,"
      ",-,2023-12-27T22:36:27.5179979Z,,Process Create (rule: ProcessCreate),1,5124,WINDEV2309EVAL\User,S-1-5-18,2023-12-27 22:36:27.516,5,"<Event xmlns=""http://schemas.microsoft.com/win/2004/08/events/event"">
    <System>
      <Provider Name=""Microsoft-Windows-Sysmon"" Guid=""{5770385f-c22a-43e0-bf4c-06f5698ffbd9}""/>
      <EventID>1</EventID>
      <Version>5</Version>
      <Level>4</Level>
      <Task>1</Task>
      <Opcode>0</Opcode>
      <Keywords>0x8000000000000000</Keywords>
      <TimeCreated SystemTime=""2023-12-27T22:36:27.5179979Z""/>
      <EventRecordID>19572</EventRecordID>
      <Correlation/>
      <Execution ProcessID=""3588"" ThreadID=""5124""/>
      <Channel>Microsoft-Windows-Sysmon/Operational</Channel>
      <Computer>WinDev2309Eval</Computer>
      <Security UserID=""S-1-5-18""/>
    </System>
    <EventData>
      <Data Name=""RuleName"">-</Data>
      <Data Name=""UtcTime"">2023-12-27 22:36:27.516</Data>
      <Data Name=""ProcessGuid"">{f57bd86a-a6eb-658c-c401-000000000f00}</Data>
      <Data Name=""ProcessId"">6360</Data>
      <Data Name=""Image"">C:\Windows\System32\cmd.exe</Data>
      <Data Name=""FileVersion"">10.0.22621.2506 (WinBuild.160101.0800)</Data>
      <Data Name=""Description"">Windows Command Processor</Data>
      <Data Name=""Product"">Microsoft&#174; Windows&#174; Operating System</Data>
      <Data Name=""Company"">Microsoft Corporation</Data>
      <Data Name=""OriginalFileName"">Cmd.Exe</Data>
      <Data Name=""CommandLine"">""cmd.exe"" /c control.exe ""C:\AtomicRedTeam\atomics\T1218.002\bin\calc.cpl""</Data>
      <Data Name=""CurrentDirectory"">C:\Users\User\AppData\Local\Temp\</Data>
      <Data Name=""User"">WINDEV2309EVAL\User</Data>
      <Data Name=""LogonGuid"">{f57bd86a-36f9-658c-7bf8-020000000000}</Data>
      <Data Name=""LogonId"">0x2f87b</Data>
      <Data Name=""TerminalSessionId"">1</Data>
      <Data Name=""IntegrityLevel"">Medium</Data>
      <Data Name=""Hashes"">MD5=133D568ECCB557E37BEA1459521CBAC2,SHA256=05A30592D2C3421C41121145C6EEFA7C81FEA6B42D6233A522240A8468326B9C,IMPHASH=D73E39DAB3C8B57AA408073D01254964</Data>
      <Data Name=""ParentProcessGuid"">{00000000-0000-0000-0000-000000000000}</Data>
      <Data Name=""ParentProcessId"">1688</Data>
      <Data Name=""ParentImage"">-</Data>
      <Data Name=""ParentCommandLine"">-</Data>
      <Data Name=""ParentUser"">-</Data>
    </EventData>
    <RenderingInfo Culture=""en-US"">
      <Message>Process Create:

RuleName: -

UtcTime: 2023-12-27 22:36:27.516

ProcessGuid: {f57bd86a-a6eb-658c-c401-000000000f00}

ProcessId: 6360

Image: C:\Windows\System32\cmd.exe

FileVersion: 10.0.22621.2506 (WinBuild.160101.0800)

Description: Windows Command Processor

Product: Microsoft&#174; Windows&#174; Operating System

Company: Microsoft Corporation

OriginalFileName: Cmd.Exe

CommandLine: ""cmd.exe"" /c control.exe ""C:\AtomicRedTeam\atomics\T1218.002\bin\calc.cpl""

CurrentDirectory: C:\Users\User\AppData\Local\Temp\

User: WINDEV2309EVAL\User

LogonGuid: {f57bd86a-36f9-658c-7bf8-020000000000}

LogonId: 0x2F87B

TerminalSessionId: 1

IntegrityLevel: Medium

Hashes: MD5=133D568ECCB557E37BEA1459521CBAC2,SHA256=05A30592D2C3421C41121145C6EEFA7C81FEA6B42D6233A522240A8468326B9C,IMPHASH=D73E39DAB3C8B57AA408073D01254964

ParentProcessGuid: {00000000-0000-0000-0000-000000000000}

ParentProcessId: 1688

ParentImage: -

ParentCommandLine: -

ParentUser: -</Message>
      <Level>Information</Level>
      <Task>Process Create (rule: ProcessCreate)</Task>
      <Opcode>Info</Opcode>
    </RenderingInfo>
  </Event>
  
"
Microsoft-Windows-Sysmon/Operational,"""C:\Windows\system32\whoami.exe""",Microsoft Corporation,WinDev2309Eval,C:\Users\User\,whoami - displays logged on user information,,1,19571,,10.0.22621.1 (WinBuild.160101.0800),"MD5=E0F37DB23E4F3163159A815610DF8CF2,SHA256=574BC2A2995FE2B1F732CCD39F2D99460ACE980AF29EFDF1EB0D3E888BE7D6F0,IMPHASH=62935820E434AF643547B7F5F5BD0292",C:\Windows\System32\whoami.exe,Medium,0x8000000000000000,Information,{f57bd86a-36f9-658c-7bf8-020000000000},0x2f87b,"Process Create:

RuleName: -

UtcTime: 2023-12-27 22:36:26.396

ProcessGuid: {f57bd86a-a6ea-658c-c301-000000000f00}

ProcessId: 5520

Image: C:\Windows\System32\whoami.exe

FileVersion: 10.0.22621.1 (WinBuild.160101.0800)

Description: whoami - displays logged on user information

Product: Microsoft速 Windows速 Operating System

Company: Microsoft Corporation

OriginalFileName: whoami.exe

CommandLine: ""C:\Windows\system32\whoami.exe""

CurrentDirectory: C:\Users\User\

User: WINDEV2309EVAL\User

LogonGuid: {f57bd86a-36f9-658c-7bf8-020000000000}

LogonId: 0x2F87B

TerminalSessionId: 1

IntegrityLevel: Medium

Hashes: MD5=E0F37DB23E4F3163159A815610DF8CF2,SHA256=574BC2A2995FE2B1F732CCD39F2D99460ACE980AF29EFDF1EB0D3E888BE7D6F0,IMPHASH=62935820E434AF643547B7F5F5BD0292

ParentProcessGuid: {00000000-0000-0000-0000-000000000000}

ParentProcessId: 1688

ParentImage: -

ParentCommandLine: -

ParentUser: -",Info,whoami.exe,-,-,{00000000-0000-0000-0000-000000000000},1688,-,{f57bd86a-a6ea-658c-c301-000000000f00},3588,5520,Microsoft速 Windows速 Operating System,,,,"
      ",-,2023-12-27T22:36:26.3995004Z,,Process Create (rule: ProcessCreate),1,5124,WINDEV2309EVAL\User,S-1-5-18,2023-12-27 22:36:26.396,5,"<Event xmlns=""http://schemas.microsoft.com/win/2004/08/events/event"">
    <System>
      <Provider Name=""Microsoft-Windows-Sysmon"" Guid=""{5770385f-c22a-43e0-bf4c-06f5698ffbd9}""/>
      <EventID>1</EventID>
      <Version>5</Version>
      <Level>4</Level>
      <Task>1</Task>
      <Opcode>0</Opcode>
      <Keywords>0x8000000000000000</Keywords>
      <TimeCreated SystemTime=""2023-12-27T22:36:26.3995004Z""/>
      <EventRecordID>19571</EventRecordID>
      <Correlation/>
      <Execution ProcessID=""3588"" ThreadID=""5124""/>
      <Channel>Microsoft-Windows-Sysmon/Operational</Channel>
      <Computer>WinDev2309Eval</Computer>
      <Security UserID=""S-1-5-18""/>
    </System>
    <EventData>
      <Data Name=""RuleName"">-</Data>
      <Data Name=""UtcTime"">2023-12-27 22:36:26.396</Data>
      <Data Name=""ProcessGuid"">{f57bd86a-a6ea-658c-c301-000000000f00}</Data>
      <Data Name=""ProcessId"">5520</Data>
      <Data Name=""Image"">C:\Windows\System32\whoami.exe</Data>
      <Data Name=""FileVersion"">10.0.22621.1 (WinBuild.160101.0800)</Data>
      <Data Name=""Description"">whoami - displays logged on user information</Data>
      <Data Name=""Product"">Microsoft&#174; Windows&#174; Operating System</Data>
      <Data Name=""Company"">Microsoft Corporation</Data>
      <Data Name=""OriginalFileName"">whoami.exe</Data>
      <Data Name=""CommandLine"">""C:\Windows\system32\whoami.exe""</Data>
      <Data Name=""CurrentDirectory"">C:\Users\User\</Data>
      <Data Name=""User"">WINDEV2309EVAL\User</Data>
      <Data Name=""LogonGuid"">{f57bd86a-36f9-658c-7bf8-020000000000}</Data>
      <Data Name=""LogonId"">0x2f87b</Data>
      <Data Name=""TerminalSessionId"">1</Data>
      <Data Name=""IntegrityLevel"">Medium</Data>
      <Data Name=""Hashes"">MD5=E0F37DB23E4F3163159A815610DF8CF2,SHA256=574BC2A2995FE2B1F732CCD39F2D99460ACE980AF29EFDF1EB0D3E888BE7D6F0,IMPHASH=62935820E434AF643547B7F5F5BD0292</Data>
      <Data Name=""ParentProcessGuid"">{00000000-0000-0000-0000-000000000000}</Data>
      <Data Name=""ParentProcessId"">1688</Data>
      <Data Name=""ParentImage"">-</Data>
      <Data Name=""ParentCommandLine"">-</Data>
      <Data Name=""ParentUser"">-</Data>
    </EventData>
    <RenderingInfo Culture=""en-US"">
      <Message>Process Create:

RuleName: -

UtcTime: 2023-12-27 22:36:26.396

ProcessGuid: {f57bd86a-a6ea-658c-c301-000000000f00}

ProcessId: 5520

Image: C:\Windows\System32\whoami.exe

FileVersion: 10.0.22621.1 (WinBuild.160101.0800)

Description: whoami - displays logged on user information

Product: Microsoft&#174; Windows&#174; Operating System

Company: Microsoft Corporation

OriginalFileName: whoami.exe

CommandLine: ""C:\Windows\system32\whoami.exe""

CurrentDirectory: C:\Users\User\

User: WINDEV2309EVAL\User

LogonGuid: {f57bd86a-36f9-658c-7bf8-020000000000}

LogonId: 0x2F87B

TerminalSessionId: 1

IntegrityLevel: Medium

Hashes: MD5=E0F37DB23E4F3163159A815610DF8CF2,SHA256=574BC2A2995FE2B1F732CCD39F2D99460ACE980AF29EFDF1EB0D3E888BE7D6F0,IMPHASH=62935820E434AF643547B7F5F5BD0292

ParentProcessGuid: {00000000-0000-0000-0000-000000000000}

ParentProcessId: 1688

ParentImage: -

ParentCommandLine: -

ParentUser: -</Message>
      <Level>Information</Level>
      <Task>Process Create (rule: ProcessCreate)</Task>
      <Opcode>Info</Opcode>
    </RenderingInfo>
  </Event>
  
"
Microsoft-Windows-Sysmon/Operational,"""C:\Windows\system32\HOSTNAME.EXE""",Microsoft Corporation,WinDev2309Eval,C:\Users\User\,Hostname APP,,1,19570,,10.0.22621.2506 (WinBuild.160101.0800),"MD5=E1EA6EFF1F45AA136A2A2E18EACC1F73,SHA256=4634E6685E402CC3CC8843589F4E8D8AC515F5F05D319E835A262B69B32BDB45,IMPHASH=23013EDF627646AB5226D15AC880BAD8",C:\Windows\System32\HOSTNAME.EXE,Medium,0x8000000000000000,Information,{f57bd86a-36f9-658c-7bf8-020000000000},0x2f87b,"Process Create:

RuleName: -

UtcTime: 2023-12-27 22:36:26.364

ProcessGuid: {f57bd86a-a6ea-658c-c201-000000000f00}

ProcessId: 4956

Image: C:\Windows\System32\HOSTNAME.EXE

FileVersion: 10.0.22621.2506 (WinBuild.160101.0800)

Description: Hostname APP

Product: Microsoft速 Windows速 Operating System

Company: Microsoft Corporation

OriginalFileName: hostname.exe

CommandLine: ""C:\Windows\system32\HOSTNAME.EXE""

CurrentDirectory: C:\Users\User\

User: WINDEV2309EVAL\User

LogonGuid: {f57bd86a-36f9-658c-7bf8-020000000000}

LogonId: 0x2F87B

TerminalSessionId: 1

IntegrityLevel: Medium

Hashes: MD5=E1EA6EFF1F45AA136A2A2E18EACC1F73,SHA256=4634E6685E402CC3CC8843589F4E8D8AC515F5F05D319E835A262B69B32BDB45,IMPHASH=23013EDF627646AB5226D15AC880BAD8

ParentProcessGuid: {00000000-0000-0000-0000-000000000000}

ParentProcessId: 1688

ParentImage: -

ParentCommandLine: -

ParentUser: -",Info,hostname.exe,-,-,{00000000-0000-0000-0000-000000000000},1688,-,{f57bd86a-a6ea-658c-c201-000000000f00},3588,4956,Microsoft速 Windows速 Operating System,,,,"
      ",-,2023-12-27T22:36:26.3658631Z,,Process Create (rule: ProcessCreate),1,5124,WINDEV2309EVAL\User,S-1-5-18,2023-12-27 22:36:26.364,5,"<Event xmlns=""http://schemas.microsoft.com/win/2004/08/events/event"">
    <System>
      <Provider Name=""Microsoft-Windows-Sysmon"" Guid=""{5770385f-c22a-43e0-bf4c-06f5698ffbd9}""/>
      <EventID>1</EventID>
      <Version>5</Version>
      <Level>4</Level>
      <Task>1</Task>
      <Opcode>0</Opcode>
      <Keywords>0x8000000000000000</Keywords>
      <TimeCreated SystemTime=""2023-12-27T22:36:26.3658631Z""/>
      <EventRecordID>19570</EventRecordID>
      <Correlation/>
      <Execution ProcessID=""3588"" ThreadID=""5124""/>
      <Channel>Microsoft-Windows-Sysmon/Operational</Channel>
      <Computer>WinDev2309Eval</Computer>
      <Security UserID=""S-1-5-18""/>
    </System>
    <EventData>
      <Data Name=""RuleName"">-</Data>
      <Data Name=""UtcTime"">2023-12-27 22:36:26.364</Data>
      <Data Name=""ProcessGuid"">{f57bd86a-a6ea-658c-c201-000000000f00}</Data>
      <Data Name=""ProcessId"">4956</Data>
      <Data Name=""Image"">C:\Windows\System32\HOSTNAME.EXE</Data>
      <Data Name=""FileVersion"">10.0.22621.2506 (WinBuild.160101.0800)</Data>
      <Data Name=""Description"">Hostname APP</Data>
      <Data Name=""Product"">Microsoft&#174; Windows&#174; Operating System</Data>
      <Data Name=""Company"">Microsoft Corporation</Data>
      <Data Name=""OriginalFileName"">hostname.exe</Data>
      <Data Name=""CommandLine"">""C:\Windows\system32\HOSTNAME.EXE""</Data>
      <Data Name=""CurrentDirectory"">C:\Users\User\</Data>
      <Data Name=""User"">WINDEV2309EVAL\User</Data>
      <Data Name=""LogonGuid"">{f57bd86a-36f9-658c-7bf8-020000000000}</Data>
      <Data Name=""LogonId"">0x2f87b</Data>
      <Data Name=""TerminalSessionId"">1</Data>
      <Data Name=""IntegrityLevel"">Medium</Data>
      <Data Name=""Hashes"">MD5=E1EA6EFF1F45AA136A2A2E18EACC1F73,SHA256=4634E6685E402CC3CC8843589F4E8D8AC515F5F05D319E835A262B69B32BDB45,IMPHASH=23013EDF627646AB5226D15AC880BAD8</Data>
      <Data Name=""ParentProcessGuid"">{00000000-0000-0000-0000-000000000000}</Data>
      <Data Name=""ParentProcessId"">1688</Data>
      <Data Name=""ParentImage"">-</Data>
      <Data Name=""ParentCommandLine"">-</Data>
      <Data Name=""ParentUser"">-</Data>
    </EventData>
    <RenderingInfo Culture=""en-US"">
      <Message>Process Create:

RuleName: -

UtcTime: 2023-12-27 22:36:26.364

ProcessGuid: {f57bd86a-a6ea-658c-c201-000000000f00}

ProcessId: 4956

Image: C:\Windows\System32\HOSTNAME.EXE

FileVersion: 10.0.22621.2506 (WinBuild.160101.0800)

Description: Hostname APP

Product: Microsoft&#174; Windows&#174; Operating System

Company: Microsoft Corporation

OriginalFileName: hostname.exe

CommandLine: ""C:\Windows\system32\HOSTNAME.EXE""

CurrentDirectory: C:\Users\User\

User: WINDEV2309EVAL\User

LogonGuid: {f57bd86a-36f9-658c-7bf8-020000000000}

LogonId: 0x2F87B

TerminalSessionId: 1

IntegrityLevel: Medium

Hashes: MD5=E1EA6EFF1F45AA136A2A2E18EACC1F73,SHA256=4634E6685E402CC3CC8843589F4E8D8AC515F5F05D319E835A262B69B32BDB45,IMPHASH=23013EDF627646AB5226D15AC880BAD8

ParentProcessGuid: {00000000-0000-0000-0000-000000000000}

ParentProcessId: 1688

ParentImage: -

ParentCommandLine: -

ParentUser: -</Message>
      <Level>Information</Level>
      <Task>Process Create (rule: ProcessCreate)</Task>
      <Opcode>Info</Opcode>
    </RenderingInfo>
  </Event>
  
"
Microsoft-Windows-Sysmon/Operational,,,WinDev2309Eval,,,,22,19569,,,,C:\Program Files (x86)\Microsoft\EdgeWebView\Application\120.0.2210.91\msedgewebview2.exe,,0x8000000000000000,Information,,,"Dns query:

RuleName: -

UtcTime: 2023-12-27 14:51:55.055

ProcessGuid: {f57bd86a-382d-658c-4e01-000000000f00}

ProcessId: 4456

QueryName: img-s-msn-com.akamaized.net

QueryStatus: 0

QueryResults: type: 5 a1834.dscg2.akamai.net;::ffff:104.77.160.143;::ffff:104.77.160.140;

Image: C:\Program Files (x86)\Microsoft\EdgeWebView\Application\120.0.2210.91\msedgewebview2.exe

User: WINDEV2309EVAL\User",Info,,,,,,,{f57bd86a-382d-658c-4e01-000000000f00},3588,4456,,img-s-msn-com.akamaized.net,type: 5 a1834.dscg2.akamai.net;::ffff:104.77.160.143;::ffff:104.77.160.140;,0,"
      ",-,2023-12-27T22:36:18.0547029Z,,Dns query (rule: DnsQuery),,5164,WINDEV2309EVAL\User,S-1-5-18,2023-12-27 14:51:55.055,5,"<Event xmlns=""http://schemas.microsoft.com/win/2004/08/events/event"">
    <System>
      <Provider Name=""Microsoft-Windows-Sysmon"" Guid=""{5770385f-c22a-43e0-bf4c-06f5698ffbd9}""/>
      <EventID>22</EventID>
      <Version>5</Version>
      <Level>4</Level>
      <Task>22</Task>
      <Opcode>0</Opcode>
      <Keywords>0x8000000000000000</Keywords>
      <TimeCreated SystemTime=""2023-12-27T22:36:18.0547029Z""/>
      <EventRecordID>19569</EventRecordID>
      <Correlation/>
      <Execution ProcessID=""3588"" ThreadID=""5164""/>
      <Channel>Microsoft-Windows-Sysmon/Operational</Channel>
      <Computer>WinDev2309Eval</Computer>
      <Security UserID=""S-1-5-18""/>
    </System>
    <EventData>
      <Data Name=""RuleName"">-</Data>
      <Data Name=""UtcTime"">2023-12-27 14:51:55.055</Data>
      <Data Name=""ProcessGuid"">{f57bd86a-382d-658c-4e01-000000000f00}</Data>
      <Data Name=""ProcessId"">4456</Data>
      <Data Name=""QueryName"">img-s-msn-com.akamaized.net</Data>
      <Data Name=""QueryStatus"">0</Data>
      <Data Name=""QueryResults"">type: 5 a1834.dscg2.akamai.net;::ffff:104.77.160.143;::ffff:104.77.160.140;</Data>
      <Data Name=""Image"">C:\Program Files (x86)\Microsoft\EdgeWebView\Application\120.0.2210.91\msedgewebview2.exe</Data>
      <Data Name=""User"">WINDEV2309EVAL\User</Data>
    </EventData>
    <RenderingInfo Culture=""en-US"">
      <Message>Dns query:

RuleName: -

UtcTime: 2023-12-27 14:51:55.055

ProcessGuid: {f57bd86a-382d-658c-4e01-000000000f00}

ProcessId: 4456

QueryName: img-s-msn-com.akamaized.net

QueryStatus: 0

QueryResults: type: 5 a1834.dscg2.akamai.net;::ffff:104.77.160.143;::ffff:104.77.160.140;

Image: C:\Program Files (x86)\Microsoft\EdgeWebView\Application\120.0.2210.91\msedgewebview2.exe

User: WINDEV2309EVAL\User</Message>
      <Level>Information</Level>
      <Task>Dns query (rule: DnsQuery)</Task>
      <Opcode>Info</Opcode>
    </RenderingInfo>
  </Event>

"
