Microsoft-Windows-Sysmon/Operational,,,WinDev2309Eval,,,,,,,,,"LogMeIn, Inc.",13,19723,SetValue,,,C:\Windows\system32\compattelrunner.exe,,,0x8000000000000000,Information,,,"Registry value set:

RuleName: InvDB-Pub

EventType: SetValue

UtcTime: 2023-12-27 23:01:00.723

ProcessGuid: {f57bd86a-acac-658c-df01-000000000f00}

ProcessId: 11836

Image: C:\Windows\system32\compattelrunner.exe

TargetObject: \REGISTRY\A\{b3b14332-edc6-625a-c682-62677f6d06d4}\Root\InventoryApplication\0000a9a78f684c9455254da452128a9caf260000ffff\Publisher

Details: LogMeIn, Inc.

User: NT AUTHORITY\SYSTEM",Info,,,,,,,,{f57bd86a-acac-658c-df01-000000000f00},3588,11836,,,,,,"
      ",InvDB-Pub,,,,,,2023-12-27T23:01:00.7272480Z,,\REGISTRY\A\{b3b14332-edc6-625a-c682-62677f6d06d4}\Root\InventoryApplication\0000a9a78f684c9455254da452128a9caf260000ffff\Publisher,Registry value set (rule: RegistryEvent),,5124,NT AUTHORITY\SYSTEM,S-1-5-18,2023-12-27 23:01:00.723,2,"<Event xmlns=""http://schemas.microsoft.com/win/2004/08/events/event"">
    <System>
      <Provider Name=""Microsoft-Windows-Sysmon"" Guid=""{5770385f-c22a-43e0-bf4c-06f5698ffbd9}""/>
      <EventID>13</EventID>
      <Version>2</Version>
      <Level>4</Level>
      <Task>13</Task>
      <Opcode>0</Opcode>
      <Keywords>0x8000000000000000</Keywords>
      <TimeCreated SystemTime=""2023-12-27T23:01:00.7272480Z""/>
      <EventRecordID>19723</EventRecordID>
      <Correlation/>
      <Execution ProcessID=""3588"" ThreadID=""5124""/>
      <Channel>Microsoft-Windows-Sysmon/Operational</Channel>
      <Computer>WinDev2309Eval</Computer>
      <Security UserID=""S-1-5-18""/>
    </System>
    <EventData>
      <Data Name=""RuleName"">InvDB-Pub</Data>
      <Data Name=""EventType"">SetValue</Data>
      <Data Name=""UtcTime"">2023-12-27 23:01:00.723</Data>
      <Data Name=""ProcessGuid"">{f57bd86a-acac-658c-df01-000000000f00}</Data>
      <Data Name=""ProcessId"">11836</Data>
      <Data Name=""Image"">C:\Windows\system32\compattelrunner.exe</Data>
      <Data Name=""TargetObject"">\REGISTRY\A\{b3b14332-edc6-625a-c682-62677f6d06d4}\Root\InventoryApplication\0000a9a78f684c9455254da452128a9caf260000ffff\Publisher</Data>
      <Data Name=""Details"">LogMeIn, Inc.</Data>
      <Data Name=""User"">NT AUTHORITY\SYSTEM</Data>
    </EventData>
    <RenderingInfo Culture=""en-US"">
      <Message>Registry value set:

RuleName: InvDB-Pub

EventType: SetValue

UtcTime: 2023-12-27 23:01:00.723

ProcessGuid: {f57bd86a-acac-658c-df01-000000000f00}

ProcessId: 11836

Image: C:\Windows\system32\compattelrunner.exe

TargetObject: \REGISTRY\A\{b3b14332-edc6-625a-c682-62677f6d06d4}\Root\InventoryApplication\0000a9a78f684c9455254da452128a9caf260000ffff\Publisher

Details: LogMeIn, Inc.

User: NT AUTHORITY\SYSTEM</Message>
      <Level>Information</Level>
      <Task>Registry value set (rule: RegistryEvent)</Task>
      <Opcode>Info</Opcode>
    </RenderingInfo>
  </Event>
  
"
Microsoft-Windows-Sysmon/Operational,,,WinDev2309Eval,,,,,,,,,DWORD (0x00000001),13,19722,SetValue,,,C:\Windows\system32\sihost.exe,,,0x8000000000000000,Information,,,"Registry value set:

RuleName: T1060,RunKey

EventType: SetValue

UtcTime: 2023-12-27 23:00:50.005

ProcessGuid: {f57bd86a-36f9-658c-5900-000000000f00}

ProcessId: 4480

Image: C:\Windows\system32\sihost.exe

TargetObject: HKU\S-1-5-21-2835251196-2691927458-378326815-1000\Software\Microsoft\Windows\CurrentVersion\RunNotification\StartupTNotiGoToAssist Remote Support Expert

Details: DWORD (0x00000001)

User: WINDEV2309EVAL\User",Info,,,,,,,,{f57bd86a-36f9-658c-5900-000000000f00},3588,4480,,,,,,"
      ","T1060,RunKey",,,,,,2023-12-27T23:00:50.0072257Z,,HKU\S-1-5-21-2835251196-2691927458-378326815-1000\Software\Microsoft\Windows\CurrentVersion\RunNotification\StartupTNotiGoToAssist Remote Support Expert,Registry value set (rule: RegistryEvent),,5124,WINDEV2309EVAL\User,S-1-5-18,2023-12-27 23:00:50.005,2,"<Event xmlns=""http://schemas.microsoft.com/win/2004/08/events/event"">
    <System>
      <Provider Name=""Microsoft-Windows-Sysmon"" Guid=""{5770385f-c22a-43e0-bf4c-06f5698ffbd9}""/>
      <EventID>13</EventID>
      <Version>2</Version>
      <Level>4</Level>
      <Task>13</Task>
      <Opcode>0</Opcode>
      <Keywords>0x8000000000000000</Keywords>
      <TimeCreated SystemTime=""2023-12-27T23:00:50.0072257Z""/>
      <EventRecordID>19722</EventRecordID>
      <Correlation/>
      <Execution ProcessID=""3588"" ThreadID=""5124""/>
      <Channel>Microsoft-Windows-Sysmon/Operational</Channel>
      <Computer>WinDev2309Eval</Computer>
      <Security UserID=""S-1-5-18""/>
    </System>
    <EventData>
      <Data Name=""RuleName"">T1060,RunKey</Data>
      <Data Name=""EventType"">SetValue</Data>
      <Data Name=""UtcTime"">2023-12-27 23:00:50.005</Data>
      <Data Name=""ProcessGuid"">{f57bd86a-36f9-658c-5900-000000000f00}</Data>
      <Data Name=""ProcessId"">4480</Data>
      <Data Name=""Image"">C:\Windows\system32\sihost.exe</Data>
      <Data Name=""TargetObject"">HKU\S-1-5-21-2835251196-2691927458-378326815-1000\Software\Microsoft\Windows\CurrentVersion\RunNotification\StartupTNotiGoToAssist Remote Support Expert</Data>
      <Data Name=""Details"">DWORD (0x00000001)</Data>
      <Data Name=""User"">WINDEV2309EVAL\User</Data>
    </EventData>
    <RenderingInfo Culture=""en-US"">
      <Message>Registry value set:

RuleName: T1060,RunKey

EventType: SetValue

UtcTime: 2023-12-27 23:00:50.005

ProcessGuid: {f57bd86a-36f9-658c-5900-000000000f00}

ProcessId: 4480

Image: C:\Windows\system32\sihost.exe

TargetObject: HKU\S-1-5-21-2835251196-2691927458-378326815-1000\Software\Microsoft\Windows\CurrentVersion\RunNotification\StartupTNotiGoToAssist Remote Support Expert

Details: DWORD (0x00000001)

User: WINDEV2309EVAL\User</Message>
      <Level>Information</Level>
      <Task>Registry value set (rule: RegistryEvent)</Task>
      <Opcode>Info</Opcode>
    </RenderingInfo>
  </Event>
  
"
Microsoft-Windows-Sysmon/Operational,,,WinDev2309Eval,,,,,,,,,,22,19721,,,,C:\Users\User\AppData\Local\GoToAssist Remote Support Expert\1702\g2ax_comm_expert.exe,,,0x8000000000000000,Information,,,"Dns query:

RuleName: -

UtcTime: 2023-12-27 14:52:28.866

ProcessGuid: {f57bd86a-ac8d-658c-d801-000000000f00}

ProcessId: 10740

QueryName: wpad

QueryStatus: 1460

QueryResults: -

Image: C:\Users\User\AppData\Local\GoToAssist Remote Support Expert\1702\g2ax_comm_expert.exe

User: WINDEV2309EVAL\User",Info,,,,,,,,{f57bd86a-ac8d-658c-d801-000000000f00},3588,10740,,,wpad,-,1460,"
      ",-,,,,,,2023-12-27T23:00:38.3655661Z,,,Dns query (rule: DnsQuery),,5164,WINDEV2309EVAL\User,S-1-5-18,2023-12-27 14:52:28.866,5,"<Event xmlns=""http://schemas.microsoft.com/win/2004/08/events/event"">
    <System>
      <Provider Name=""Microsoft-Windows-Sysmon"" Guid=""{5770385f-c22a-43e0-bf4c-06f5698ffbd9}""/>
      <EventID>22</EventID>
      <Version>5</Version>
      <Level>4</Level>
      <Task>22</Task>
      <Opcode>0</Opcode>
      <Keywords>0x8000000000000000</Keywords>
      <TimeCreated SystemTime=""2023-12-27T23:00:38.3655661Z""/>
      <EventRecordID>19721</EventRecordID>
      <Correlation/>
      <Execution ProcessID=""3588"" ThreadID=""5164""/>
      <Channel>Microsoft-Windows-Sysmon/Operational</Channel>
      <Computer>WinDev2309Eval</Computer>
      <Security UserID=""S-1-5-18""/>
    </System>
    <EventData>
      <Data Name=""RuleName"">-</Data>
      <Data Name=""UtcTime"">2023-12-27 14:52:28.866</Data>
      <Data Name=""ProcessGuid"">{f57bd86a-ac8d-658c-d801-000000000f00}</Data>
      <Data Name=""ProcessId"">10740</Data>
      <Data Name=""QueryName"">wpad</Data>
      <Data Name=""QueryStatus"">1460</Data>
      <Data Name=""QueryResults"">-</Data>
      <Data Name=""Image"">C:\Users\User\AppData\Local\GoToAssist Remote Support Expert\1702\g2ax_comm_expert.exe</Data>
      <Data Name=""User"">WINDEV2309EVAL\User</Data>
    </EventData>
    <RenderingInfo Culture=""en-US"">
      <Message>Dns query:

RuleName: -

UtcTime: 2023-12-27 14:52:28.866

ProcessGuid: {f57bd86a-ac8d-658c-d801-000000000f00}

ProcessId: 10740

QueryName: wpad

QueryStatus: 1460

QueryResults: -

Image: C:\Users\User\AppData\Local\GoToAssist Remote Support Expert\1702\g2ax_comm_expert.exe

User: WINDEV2309EVAL\User</Message>
      <Level>Information</Level>
      <Task>Dns query (rule: DnsQuery)</Task>
      <Opcode>Info</Opcode>
    </RenderingInfo>
  </Event>
  
"
Microsoft-Windows-Sysmon/Operational,,,WinDev2309Eval,,,,server-54-230-153-187.mrs52.r.cloudfront.net,54.230.153.187,false,80,http,,3,19720,,,,C:\Users\User\AppData\Local\GoToAssist Remote Support Expert\1702\g2ax_user_expert.exe,true,,0x8000000000000000,Information,,,"Network connection detected:

RuleName: Usermode

UtcTime: 2023-12-27 14:52:26.321

ProcessGuid: {f57bd86a-ac8d-658c-d901-000000000f00}

ProcessId: 5020

Image: C:\Users\User\AppData\Local\GoToAssist Remote Support Expert\1702\g2ax_user_expert.exe

User: WINDEV2309EVAL\User

Protocol: tcp

Initiated: true

SourceIsIpv6: false

SourceIp: 192.168.126.163

SourceHostname: WinDev2309Eval.localdomain

SourcePort: 50118

SourcePortName: -

DestinationIsIpv6: false

DestinationIp: 54.230.153.187

DestinationHostname: server-54-230-153-187.mrs52.r.cloudfront.net

DestinationPort: 80

DestinationPortName: http",Info,,,,,,,,{f57bd86a-ac8d-658c-d901-000000000f00},3588,5020,,tcp,,,,"
      ",Usermode,WinDev2309Eval.localdomain,192.168.126.163,false,50118,-,2023-12-27T23:00:36.0380104Z,,,Network connection detected (rule: NetworkConnect),,5136,WINDEV2309EVAL\User,S-1-5-18,2023-12-27 14:52:26.321,5,"<Event xmlns=""http://schemas.microsoft.com/win/2004/08/events/event"">
    <System>
      <Provider Name=""Microsoft-Windows-Sysmon"" Guid=""{5770385f-c22a-43e0-bf4c-06f5698ffbd9}""/>
      <EventID>3</EventID>
      <Version>5</Version>
      <Level>4</Level>
      <Task>3</Task>
      <Opcode>0</Opcode>
      <Keywords>0x8000000000000000</Keywords>
      <TimeCreated SystemTime=""2023-12-27T23:00:36.0380104Z""/>
      <EventRecordID>19720</EventRecordID>
      <Correlation/>
      <Execution ProcessID=""3588"" ThreadID=""5136""/>
      <Channel>Microsoft-Windows-Sysmon/Operational</Channel>
      <Computer>WinDev2309Eval</Computer>
      <Security UserID=""S-1-5-18""/>
    </System>
    <EventData>
      <Data Name=""RuleName"">Usermode</Data>
      <Data Name=""UtcTime"">2023-12-27 14:52:26.321</Data>
      <Data Name=""ProcessGuid"">{f57bd86a-ac8d-658c-d901-000000000f00}</Data>
      <Data Name=""ProcessId"">5020</Data>
      <Data Name=""Image"">C:\Users\User\AppData\Local\GoToAssist Remote Support Expert\1702\g2ax_user_expert.exe</Data>
      <Data Name=""User"">WINDEV2309EVAL\User</Data>
      <Data Name=""Protocol"">tcp</Data>
      <Data Name=""Initiated"">true</Data>
      <Data Name=""SourceIsIpv6"">false</Data>
      <Data Name=""SourceIp"">192.168.126.163</Data>
      <Data Name=""SourceHostname"">WinDev2309Eval.localdomain</Data>
      <Data Name=""SourcePort"">50118</Data>
      <Data Name=""SourcePortName"">-</Data>
      <Data Name=""DestinationIsIpv6"">false</Data>
      <Data Name=""DestinationIp"">54.230.153.187</Data>
      <Data Name=""DestinationHostname"">server-54-230-153-187.mrs52.r.cloudfront.net</Data>
      <Data Name=""DestinationPort"">80</Data>
      <Data Name=""DestinationPortName"">http</Data>
    </EventData>
    <RenderingInfo Culture=""en-US"">
      <Message>Network connection detected:

RuleName: Usermode

UtcTime: 2023-12-27 14:52:26.321

ProcessGuid: {f57bd86a-ac8d-658c-d901-000000000f00}

ProcessId: 5020

Image: C:\Users\User\AppData\Local\GoToAssist Remote Support Expert\1702\g2ax_user_expert.exe

User: WINDEV2309EVAL\User

Protocol: tcp

Initiated: true

SourceIsIpv6: false

SourceIp: 192.168.126.163

SourceHostname: WinDev2309Eval.localdomain

SourcePort: 50118

SourcePortName: -

DestinationIsIpv6: false

DestinationIp: 54.230.153.187

DestinationHostname: server-54-230-153-187.mrs52.r.cloudfront.net

DestinationPort: 80

DestinationPortName: http</Message>
      <Level>Information</Level>
      <Task>Network connection detected (rule: NetworkConnect)</Task>
      <Opcode>Info</Opcode>
    </RenderingInfo>
  </Event>
  
"
Microsoft-Windows-Sysmon/Operational,,,WinDev2309Eval,,,,server-18-161-111-80.mrs52.r.cloudfront.net,18.161.111.80,false,443,https,,3,19719,,,,C:\Users\User\AppData\Local\GoToAssist Remote Support Expert\1702\g2ax_user_expert.exe,true,,0x8000000000000000,Information,,,"Network connection detected:

RuleName: Usermode

UtcTime: 2023-12-27 14:52:26.053

ProcessGuid: {f57bd86a-ac8d-658c-d901-000000000f00}

ProcessId: 5020

Image: C:\Users\User\AppData\Local\GoToAssist Remote Support Expert\1702\g2ax_user_expert.exe

User: WINDEV2309EVAL\User

Protocol: tcp

Initiated: true

SourceIsIpv6: false

SourceIp: 192.168.126.163

SourceHostname: WinDev2309Eval.localdomain

SourcePort: 50117

SourcePortName: -

DestinationIsIpv6: false

DestinationIp: 18.161.111.80

DestinationHostname: server-18-161-111-80.mrs52.r.cloudfront.net

DestinationPort: 443

DestinationPortName: https",Info,,,,,,,,{f57bd86a-ac8d-658c-d901-000000000f00},3588,5020,,tcp,,,,"
      ",Usermode,WinDev2309Eval.localdomain,192.168.126.163,false,50117,-,2023-12-27T23:00:35.5357810Z,,,Network connection detected (rule: NetworkConnect),,5136,WINDEV2309EVAL\User,S-1-5-18,2023-12-27 14:52:26.053,5,"<Event xmlns=""http://schemas.microsoft.com/win/2004/08/events/event"">
    <System>
      <Provider Name=""Microsoft-Windows-Sysmon"" Guid=""{5770385f-c22a-43e0-bf4c-06f5698ffbd9}""/>
      <EventID>3</EventID>
      <Version>5</Version>
      <Level>4</Level>
      <Task>3</Task>
      <Opcode>0</Opcode>
      <Keywords>0x8000000000000000</Keywords>
      <TimeCreated SystemTime=""2023-12-27T23:00:35.5357810Z""/>
      <EventRecordID>19719</EventRecordID>
      <Correlation/>
      <Execution ProcessID=""3588"" ThreadID=""5136""/>
      <Channel>Microsoft-Windows-Sysmon/Operational</Channel>
      <Computer>WinDev2309Eval</Computer>
      <Security UserID=""S-1-5-18""/>
    </System>
    <EventData>
      <Data Name=""RuleName"">Usermode</Data>
      <Data Name=""UtcTime"">2023-12-27 14:52:26.053</Data>
      <Data Name=""ProcessGuid"">{f57bd86a-ac8d-658c-d901-000000000f00}</Data>
      <Data Name=""ProcessId"">5020</Data>
      <Data Name=""Image"">C:\Users\User\AppData\Local\GoToAssist Remote Support Expert\1702\g2ax_user_expert.exe</Data>
      <Data Name=""User"">WINDEV2309EVAL\User</Data>
      <Data Name=""Protocol"">tcp</Data>
      <Data Name=""Initiated"">true</Data>
      <Data Name=""SourceIsIpv6"">false</Data>
      <Data Name=""SourceIp"">192.168.126.163</Data>
      <Data Name=""SourceHostname"">WinDev2309Eval.localdomain</Data>
      <Data Name=""SourcePort"">50117</Data>
      <Data Name=""SourcePortName"">-</Data>
      <Data Name=""DestinationIsIpv6"">false</Data>
      <Data Name=""DestinationIp"">18.161.111.80</Data>
      <Data Name=""DestinationHostname"">server-18-161-111-80.mrs52.r.cloudfront.net</Data>
      <Data Name=""DestinationPort"">443</Data>
      <Data Name=""DestinationPortName"">https</Data>
    </EventData>
    <RenderingInfo Culture=""en-US"">
      <Message>Network connection detected:

RuleName: Usermode

UtcTime: 2023-12-27 14:52:26.053

ProcessGuid: {f57bd86a-ac8d-658c-d901-000000000f00}

ProcessId: 5020

Image: C:\Users\User\AppData\Local\GoToAssist Remote Support Expert\1702\g2ax_user_expert.exe

User: WINDEV2309EVAL\User

Protocol: tcp

Initiated: true

SourceIsIpv6: false

SourceIp: 192.168.126.163

SourceHostname: WinDev2309Eval.localdomain

SourcePort: 50117

SourcePortName: -

DestinationIsIpv6: false

DestinationIp: 18.161.111.80

DestinationHostname: server-18-161-111-80.mrs52.r.cloudfront.net

DestinationPort: 443

DestinationPortName: https</Message>
      <Level>Information</Level>
      <Task>Network connection detected (rule: NetworkConnect)</Task>
      <Opcode>Info</Opcode>
    </RenderingInfo>
  </Event>
  
"
Microsoft-Windows-Sysmon/Operational,,,WinDev2309Eval,,,,,,,,,,22,19718,,,,C:\Users\User\AppData\Local\GoToAssist Remote Support Expert\1702\g2ax_user_expert.exe,,,0x8000000000000000,Information,,,"Dns query:

RuleName: -

UtcTime: 2023-12-27 14:52:26.053

ProcessGuid: {f57bd86a-ac8d-658c-d901-000000000f00}

ProcessId: 5020

QueryName: weblibrary.cdn.getgo.com

QueryStatus: 0

QueryResults: ::ffff:18.161.111.80;::ffff:18.161.111.22;::ffff:18.161.111.67;::ffff:18.161.111.85;

Image: C:\Users\User\AppData\Local\GoToAssist Remote Support Expert\1702\g2ax_user_expert.exe

User: WINDEV2309EVAL\User",Info,,,,,,,,{f57bd86a-ac8d-658c-d901-000000000f00},3588,5020,,,weblibrary.cdn.getgo.com,::ffff:18.161.111.80;::ffff:18.161.111.22;::ffff:18.161.111.67;::ffff:18.161.111.85;,0,"
      ",-,,,,,,2023-12-27T23:00:35.3398607Z,,,Dns query (rule: DnsQuery),,5164,WINDEV2309EVAL\User,S-1-5-18,2023-12-27 14:52:26.053,5,"<Event xmlns=""http://schemas.microsoft.com/win/2004/08/events/event"">
    <System>
      <Provider Name=""Microsoft-Windows-Sysmon"" Guid=""{5770385f-c22a-43e0-bf4c-06f5698ffbd9}""/>
      <EventID>22</EventID>
      <Version>5</Version>
      <Level>4</Level>
      <Task>22</Task>
      <Opcode>0</Opcode>
      <Keywords>0x8000000000000000</Keywords>
      <TimeCreated SystemTime=""2023-12-27T23:00:35.3398607Z""/>
      <EventRecordID>19718</EventRecordID>
      <Correlation/>
      <Execution ProcessID=""3588"" ThreadID=""5164""/>
      <Channel>Microsoft-Windows-Sysmon/Operational</Channel>
      <Computer>WinDev2309Eval</Computer>
      <Security UserID=""S-1-5-18""/>
    </System>
    <EventData>
      <Data Name=""RuleName"">-</Data>
      <Data Name=""UtcTime"">2023-12-27 14:52:26.053</Data>
      <Data Name=""ProcessGuid"">{f57bd86a-ac8d-658c-d901-000000000f00}</Data>
      <Data Name=""ProcessId"">5020</Data>
      <Data Name=""QueryName"">weblibrary.cdn.getgo.com</Data>
      <Data Name=""QueryStatus"">0</Data>
      <Data Name=""QueryResults"">::ffff:18.161.111.80;::ffff:18.161.111.22;::ffff:18.161.111.67;::ffff:18.161.111.85;</Data>
      <Data Name=""Image"">C:\Users\User\AppData\Local\GoToAssist Remote Support Expert\1702\g2ax_user_expert.exe</Data>
      <Data Name=""User"">WINDEV2309EVAL\User</Data>
    </EventData>
    <RenderingInfo Culture=""en-US"">
      <Message>Dns query:

RuleName: -

UtcTime: 2023-12-27 14:52:26.053

ProcessGuid: {f57bd86a-ac8d-658c-d901-000000000f00}

ProcessId: 5020

QueryName: weblibrary.cdn.getgo.com

QueryStatus: 0

QueryResults: ::ffff:18.161.111.80;::ffff:18.161.111.22;::ffff:18.161.111.67;::ffff:18.161.111.85;

Image: C:\Users\User\AppData\Local\GoToAssist Remote Support Expert\1702\g2ax_user_expert.exe

User: WINDEV2309EVAL\User</Message>
      <Level>Information</Level>
      <Task>Dns query (rule: DnsQuery)</Task>
      <Opcode>Info</Opcode>
    </RenderingInfo>
  </Event>
  
"
Microsoft-Windows-Sysmon/Operational,,,WinDev2309Eval,,,,,,,,,,22,19717,,,,C:\Users\User\AppData\Local\GoToAssist Remote Support Expert\1702\g2ax_user_expert.exe,,,0x8000000000000000,Information,,,"Dns query:

RuleName: -

UtcTime: 2023-12-27 14:52:25.000

ProcessGuid: {f57bd86a-ac8d-658c-d901-000000000f00}

ProcessId: 5020

QueryName: authentication.logmeininc.com

QueryStatus: 0

QueryResults: ::ffff:35.158.198.64;::ffff:3.125.174.18;

Image: C:\Users\User\AppData\Local\GoToAssist Remote Support Expert\1702\g2ax_user_expert.exe

User: WINDEV2309EVAL\User",Info,,,,,,,,{f57bd86a-ac8d-658c-d901-000000000f00},3588,5020,,,authentication.logmeininc.com,::ffff:35.158.198.64;::ffff:3.125.174.18;,0,"
      ",-,,,,,,2023-12-27T23:00:35.3393699Z,,,Dns query (rule: DnsQuery),,5164,WINDEV2309EVAL\User,S-1-5-18,2023-12-27 14:52:25.000,5,"<Event xmlns=""http://schemas.microsoft.com/win/2004/08/events/event"">
    <System>
      <Provider Name=""Microsoft-Windows-Sysmon"" Guid=""{5770385f-c22a-43e0-bf4c-06f5698ffbd9}""/>
      <EventID>22</EventID>
      <Version>5</Version>
      <Level>4</Level>
      <Task>22</Task>
      <Opcode>0</Opcode>
      <Keywords>0x8000000000000000</Keywords>
      <TimeCreated SystemTime=""2023-12-27T23:00:35.3393699Z""/>
      <EventRecordID>19717</EventRecordID>
      <Correlation/>
      <Execution ProcessID=""3588"" ThreadID=""5164""/>
      <Channel>Microsoft-Windows-Sysmon/Operational</Channel>
      <Computer>WinDev2309Eval</Computer>
      <Security UserID=""S-1-5-18""/>
    </System>
    <EventData>
      <Data Name=""RuleName"">-</Data>
      <Data Name=""UtcTime"">2023-12-27 14:52:25.000</Data>
      <Data Name=""ProcessGuid"">{f57bd86a-ac8d-658c-d901-000000000f00}</Data>
      <Data Name=""ProcessId"">5020</Data>
      <Data Name=""QueryName"">authentication.logmeininc.com</Data>
      <Data Name=""QueryStatus"">0</Data>
      <Data Name=""QueryResults"">::ffff:35.158.198.64;::ffff:3.125.174.18;</Data>
      <Data Name=""Image"">C:\Users\User\AppData\Local\GoToAssist Remote Support Expert\1702\g2ax_user_expert.exe</Data>
      <Data Name=""User"">WINDEV2309EVAL\User</Data>
    </EventData>
    <RenderingInfo Culture=""en-US"">
      <Message>Dns query:

RuleName: -

UtcTime: 2023-12-27 14:52:25.000

ProcessGuid: {f57bd86a-ac8d-658c-d901-000000000f00}

ProcessId: 5020

QueryName: authentication.logmeininc.com

QueryStatus: 0

QueryResults: ::ffff:35.158.198.64;::ffff:3.125.174.18;

Image: C:\Users\User\AppData\Local\GoToAssist Remote Support Expert\1702\g2ax_user_expert.exe

User: WINDEV2309EVAL\User</Message>
      <Level>Information</Level>
      <Task>Dns query (rule: DnsQuery)</Task>
      <Opcode>Info</Opcode>
    </RenderingInfo>
  </Event>
  
"
Microsoft-Windows-Sysmon/Operational,,,WinDev2309Eval,,,,ec2-35-158-198-64.eu-central-1.compute.amazonaws.com,35.158.198.64,false,443,https,,3,19716,,,,C:\Users\User\AppData\Local\GoToAssist Remote Support Expert\1702\g2ax_user_expert.exe,true,,0x8000000000000000,Information,,,"Network connection detected:

RuleName: Usermode

UtcTime: 2023-12-27 14:52:25.781

ProcessGuid: {f57bd86a-ac8d-658c-d901-000000000f00}

ProcessId: 5020

Image: C:\Users\User\AppData\Local\GoToAssist Remote Support Expert\1702\g2ax_user_expert.exe

User: WINDEV2309EVAL\User

Protocol: tcp

Initiated: true

SourceIsIpv6: false

SourceIp: 192.168.126.163

SourceHostname: WinDev2309Eval.localdomain

SourcePort: 50116

SourcePortName: -

DestinationIsIpv6: false

DestinationIp: 35.158.198.64

DestinationHostname: ec2-35-158-198-64.eu-central-1.compute.amazonaws.com

DestinationPort: 443

DestinationPortName: https",Info,,,,,,,,{f57bd86a-ac8d-658c-d901-000000000f00},3588,5020,,tcp,,,,"
      ",Usermode,WinDev2309Eval.localdomain,192.168.126.163,false,50116,-,2023-12-27T23:00:35.2760841Z,,,Network connection detected (rule: NetworkConnect),,5136,WINDEV2309EVAL\User,S-1-5-18,2023-12-27 14:52:25.781,5,"<Event xmlns=""http://schemas.microsoft.com/win/2004/08/events/event"">
    <System>
      <Provider Name=""Microsoft-Windows-Sysmon"" Guid=""{5770385f-c22a-43e0-bf4c-06f5698ffbd9}""/>
      <EventID>3</EventID>
      <Version>5</Version>
      <Level>4</Level>
      <Task>3</Task>
      <Opcode>0</Opcode>
      <Keywords>0x8000000000000000</Keywords>
      <TimeCreated SystemTime=""2023-12-27T23:00:35.2760841Z""/>
      <EventRecordID>19716</EventRecordID>
      <Correlation/>
      <Execution ProcessID=""3588"" ThreadID=""5136""/>
      <Channel>Microsoft-Windows-Sysmon/Operational</Channel>
      <Computer>WinDev2309Eval</Computer>
      <Security UserID=""S-1-5-18""/>
    </System>
    <EventData>
      <Data Name=""RuleName"">Usermode</Data>
      <Data Name=""UtcTime"">2023-12-27 14:52:25.781</Data>
      <Data Name=""ProcessGuid"">{f57bd86a-ac8d-658c-d901-000000000f00}</Data>
      <Data Name=""ProcessId"">5020</Data>
      <Data Name=""Image"">C:\Users\User\AppData\Local\GoToAssist Remote Support Expert\1702\g2ax_user_expert.exe</Data>
      <Data Name=""User"">WINDEV2309EVAL\User</Data>
      <Data Name=""Protocol"">tcp</Data>
      <Data Name=""Initiated"">true</Data>
      <Data Name=""SourceIsIpv6"">false</Data>
      <Data Name=""SourceIp"">192.168.126.163</Data>
      <Data Name=""SourceHostname"">WinDev2309Eval.localdomain</Data>
      <Data Name=""SourcePort"">50116</Data>
      <Data Name=""SourcePortName"">-</Data>
      <Data Name=""DestinationIsIpv6"">false</Data>
      <Data Name=""DestinationIp"">35.158.198.64</Data>
      <Data Name=""DestinationHostname"">ec2-35-158-198-64.eu-central-1.compute.amazonaws.com</Data>
      <Data Name=""DestinationPort"">443</Data>
      <Data Name=""DestinationPortName"">https</Data>
    </EventData>
    <RenderingInfo Culture=""en-US"">
      <Message>Network connection detected:

RuleName: Usermode

UtcTime: 2023-12-27 14:52:25.781

ProcessGuid: {f57bd86a-ac8d-658c-d901-000000000f00}

ProcessId: 5020

Image: C:\Users\User\AppData\Local\GoToAssist Remote Support Expert\1702\g2ax_user_expert.exe

User: WINDEV2309EVAL\User

Protocol: tcp

Initiated: true

SourceIsIpv6: false

SourceIp: 192.168.126.163

SourceHostname: WinDev2309Eval.localdomain

SourcePort: 50116

SourcePortName: -

DestinationIsIpv6: false

DestinationIp: 35.158.198.64

DestinationHostname: ec2-35-158-198-64.eu-central-1.compute.amazonaws.com

DestinationPort: 443

DestinationPortName: https</Message>
      <Level>Information</Level>
      <Task>Network connection detected (rule: NetworkConnect)</Task>
      <Opcode>Info</Opcode>
    </RenderingInfo>
  </Event>
  
"
Microsoft-Windows-Sysmon/Operational,,,WinDev2309Eval,,,,server-13-33-93-12.mrs52.r.cloudfront.net,13.33.93.12,false,80,http,,3,19715,,,,C:\Users\User\AppData\Local\GoToAssist Remote Support Expert\1702\g2ax_user_expert.exe,true,,0x8000000000000000,Information,,,"Network connection detected:

RuleName: Usermode

UtcTime: 2023-12-27 14:52:25.417

ProcessGuid: {f57bd86a-ac8d-658c-d901-000000000f00}

ProcessId: 5020

Image: C:\Users\User\AppData\Local\GoToAssist Remote Support Expert\1702\g2ax_user_expert.exe

User: WINDEV2309EVAL\User

Protocol: tcp

Initiated: true

SourceIsIpv6: false

SourceIp: 192.168.126.163

SourceHostname: WinDev2309Eval.localdomain

SourcePort: 50115

SourcePortName: -

DestinationIsIpv6: false

DestinationIp: 13.33.93.12

DestinationHostname: server-13-33-93-12.mrs52.r.cloudfront.net

DestinationPort: 80

DestinationPortName: http",Info,,,,,,,,{f57bd86a-ac8d-658c-d901-000000000f00},3588,5020,,tcp,,,,"
      ",Usermode,WinDev2309Eval.localdomain,192.168.126.163,false,50115,-,2023-12-27T23:00:35.0200649Z,,,Network connection detected (rule: NetworkConnect),,5136,WINDEV2309EVAL\User,S-1-5-18,2023-12-27 14:52:25.417,5,"<Event xmlns=""http://schemas.microsoft.com/win/2004/08/events/event"">
    <System>
      <Provider Name=""Microsoft-Windows-Sysmon"" Guid=""{5770385f-c22a-43e0-bf4c-06f5698ffbd9}""/>
      <EventID>3</EventID>
      <Version>5</Version>
      <Level>4</Level>
      <Task>3</Task>
      <Opcode>0</Opcode>
      <Keywords>0x8000000000000000</Keywords>
      <TimeCreated SystemTime=""2023-12-27T23:00:35.0200649Z""/>
      <EventRecordID>19715</EventRecordID>
      <Correlation/>
      <Execution ProcessID=""3588"" ThreadID=""5136""/>
      <Channel>Microsoft-Windows-Sysmon/Operational</Channel>
      <Computer>WinDev2309Eval</Computer>
      <Security UserID=""S-1-5-18""/>
    </System>
    <EventData>
      <Data Name=""RuleName"">Usermode</Data>
      <Data Name=""UtcTime"">2023-12-27 14:52:25.417</Data>
      <Data Name=""ProcessGuid"">{f57bd86a-ac8d-658c-d901-000000000f00}</Data>
      <Data Name=""ProcessId"">5020</Data>
      <Data Name=""Image"">C:\Users\User\AppData\Local\GoToAssist Remote Support Expert\1702\g2ax_user_expert.exe</Data>
      <Data Name=""User"">WINDEV2309EVAL\User</Data>
      <Data Name=""Protocol"">tcp</Data>
      <Data Name=""Initiated"">true</Data>
      <Data Name=""SourceIsIpv6"">false</Data>
      <Data Name=""SourceIp"">192.168.126.163</Data>
      <Data Name=""SourceHostname"">WinDev2309Eval.localdomain</Data>
      <Data Name=""SourcePort"">50115</Data>
      <Data Name=""SourcePortName"">-</Data>
      <Data Name=""DestinationIsIpv6"">false</Data>
      <Data Name=""DestinationIp"">13.33.93.12</Data>
      <Data Name=""DestinationHostname"">server-13-33-93-12.mrs52.r.cloudfront.net</Data>
      <Data Name=""DestinationPort"">80</Data>
      <Data Name=""DestinationPortName"">http</Data>
    </EventData>
    <RenderingInfo Culture=""en-US"">
      <Message>Network connection detected:

RuleName: Usermode

UtcTime: 2023-12-27 14:52:25.417

ProcessGuid: {f57bd86a-ac8d-658c-d901-000000000f00}

ProcessId: 5020

Image: C:\Users\User\AppData\Local\GoToAssist Remote Support Expert\1702\g2ax_user_expert.exe

User: WINDEV2309EVAL\User

Protocol: tcp

Initiated: true

SourceIsIpv6: false

SourceIp: 192.168.126.163

SourceHostname: WinDev2309Eval.localdomain

SourcePort: 50115

SourcePortName: -

DestinationIsIpv6: false

DestinationIp: 13.33.93.12

DestinationHostname: server-13-33-93-12.mrs52.r.cloudfront.net

DestinationPort: 80

DestinationPortName: http</Message>
      <Level>Information</Level>
      <Task>Network connection detected (rule: NetworkConnect)</Task>
      <Opcode>Info</Opcode>
    </RenderingInfo>
  </Event>
  
"
Microsoft-Windows-Sysmon/Operational,,,WinDev2309Eval,,,,-,35.158.198.64,false,443,https,,3,19714,,,,C:\Users\User\AppData\Local\GoToAssist Remote Support Expert\1702\g2ax_user_expert.exe,true,,0x8000000000000000,Information,,,"Network connection detected:

RuleName: Usermode

UtcTime: 2023-12-27 14:52:25.002

ProcessGuid: {f57bd86a-ac8d-658c-d901-000000000f00}

ProcessId: 5020

Image: C:\Users\User\AppData\Local\GoToAssist Remote Support Expert\1702\g2ax_user_expert.exe

User: WINDEV2309EVAL\User

Protocol: tcp

Initiated: true

SourceIsIpv6: false

SourceIp: 192.168.126.163

SourceHostname: WinDev2309Eval.localdomain

SourcePort: 50114

SourcePortName: -

DestinationIsIpv6: false

DestinationIp: 35.158.198.64

DestinationHostname: -

DestinationPort: 443

DestinationPortName: https",Info,,,,,,,,{f57bd86a-ac8d-658c-d901-000000000f00},3588,5020,,tcp,,,,"
      ",Usermode,WinDev2309Eval.localdomain,192.168.126.163,false,50114,-,2023-12-27T23:00:34.5163158Z,,,Network connection detected (rule: NetworkConnect),,5136,WINDEV2309EVAL\User,S-1-5-18,2023-12-27 14:52:25.002,5,"<Event xmlns=""http://schemas.microsoft.com/win/2004/08/events/event"">
    <System>
      <Provider Name=""Microsoft-Windows-Sysmon"" Guid=""{5770385f-c22a-43e0-bf4c-06f5698ffbd9}""/>
      <EventID>3</EventID>
      <Version>5</Version>
      <Level>4</Level>
      <Task>3</Task>
      <Opcode>0</Opcode>
      <Keywords>0x8000000000000000</Keywords>
      <TimeCreated SystemTime=""2023-12-27T23:00:34.5163158Z""/>
      <EventRecordID>19714</EventRecordID>
      <Correlation/>
      <Execution ProcessID=""3588"" ThreadID=""5136""/>
      <Channel>Microsoft-Windows-Sysmon/Operational</Channel>
      <Computer>WinDev2309Eval</Computer>
      <Security UserID=""S-1-5-18""/>
    </System>
    <EventData>
      <Data Name=""RuleName"">Usermode</Data>
      <Data Name=""UtcTime"">2023-12-27 14:52:25.002</Data>
      <Data Name=""ProcessGuid"">{f57bd86a-ac8d-658c-d901-000000000f00}</Data>
      <Data Name=""ProcessId"">5020</Data>
      <Data Name=""Image"">C:\Users\User\AppData\Local\GoToAssist Remote Support Expert\1702\g2ax_user_expert.exe</Data>
      <Data Name=""User"">WINDEV2309EVAL\User</Data>
      <Data Name=""Protocol"">tcp</Data>
      <Data Name=""Initiated"">true</Data>
      <Data Name=""SourceIsIpv6"">false</Data>
      <Data Name=""SourceIp"">192.168.126.163</Data>
      <Data Name=""SourceHostname"">WinDev2309Eval.localdomain</Data>
      <Data Name=""SourcePort"">50114</Data>
      <Data Name=""SourcePortName"">-</Data>
      <Data Name=""DestinationIsIpv6"">false</Data>
      <Data Name=""DestinationIp"">35.158.198.64</Data>
      <Data Name=""DestinationHostname"">-</Data>
      <Data Name=""DestinationPort"">443</Data>
      <Data Name=""DestinationPortName"">https</Data>
    </EventData>
    <RenderingInfo Culture=""en-US"">
      <Message>Network connection detected:

RuleName: Usermode

UtcTime: 2023-12-27 14:52:25.002

ProcessGuid: {f57bd86a-ac8d-658c-d901-000000000f00}

ProcessId: 5020

Image: C:\Users\User\AppData\Local\GoToAssist Remote Support Expert\1702\g2ax_user_expert.exe

User: WINDEV2309EVAL\User

Protocol: tcp

Initiated: true

SourceIsIpv6: false

SourceIp: 192.168.126.163

SourceHostname: WinDev2309Eval.localdomain

SourcePort: 50114

SourcePortName: -

DestinationIsIpv6: false

DestinationIp: 35.158.198.64

DestinationHostname: -

DestinationPort: 443

DestinationPortName: https</Message>
      <Level>Information</Level>
      <Task>Network connection detected (rule: NetworkConnect)</Task>
      <Opcode>Info</Opcode>
    </RenderingInfo>
  </Event>
  
"
Microsoft-Windows-Sysmon/Operational,,,WinDev2309Eval,,,,ec2-52-55-102-23.compute-1.amazonaws.com,52.55.102.23,false,8200,-,,3,19713,,,,C:\Users\User\AppData\Local\GoToAssist Remote Support Expert\1702\g2ax_comm_expert.exe,true,,0x8000000000000000,Information,,,"Network connection detected:

RuleName: Usermode

UtcTime: 2023-12-27 14:52:22.929

ProcessGuid: {f57bd86a-ac8d-658c-d801-000000000f00}

ProcessId: 10740

Image: C:\Users\User\AppData\Local\GoToAssist Remote Support Expert\1702\g2ax_comm_expert.exe

User: WINDEV2309EVAL\User

Protocol: tcp

Initiated: true

SourceIsIpv6: false

SourceIp: 192.168.126.163

SourceHostname: WinDev2309Eval.localdomain

SourcePort: 50113

SourcePortName: -

DestinationIsIpv6: false

DestinationIp: 52.55.102.23

DestinationHostname: ec2-52-55-102-23.compute-1.amazonaws.com

DestinationPort: 8200

DestinationPortName: -",Info,,,,,,,,{f57bd86a-ac8d-658c-d801-000000000f00},3588,10740,,tcp,,,,"
      ",Usermode,WinDev2309Eval.localdomain,192.168.126.163,false,50113,-,2023-12-27T23:00:32.7207219Z,,,Network connection detected (rule: NetworkConnect),,5136,WINDEV2309EVAL\User,S-1-5-18,2023-12-27 14:52:22.929,5,"<Event xmlns=""http://schemas.microsoft.com/win/2004/08/events/event"">
    <System>
      <Provider Name=""Microsoft-Windows-Sysmon"" Guid=""{5770385f-c22a-43e0-bf4c-06f5698ffbd9}""/>
      <EventID>3</EventID>
      <Version>5</Version>
      <Level>4</Level>
      <Task>3</Task>
      <Opcode>0</Opcode>
      <Keywords>0x8000000000000000</Keywords>
      <TimeCreated SystemTime=""2023-12-27T23:00:32.7207219Z""/>
      <EventRecordID>19713</EventRecordID>
      <Correlation/>
      <Execution ProcessID=""3588"" ThreadID=""5136""/>
      <Channel>Microsoft-Windows-Sysmon/Operational</Channel>
      <Computer>WinDev2309Eval</Computer>
      <Security UserID=""S-1-5-18""/>
    </System>
    <EventData>
      <Data Name=""RuleName"">Usermode</Data>
      <Data Name=""UtcTime"">2023-12-27 14:52:22.929</Data>
      <Data Name=""ProcessGuid"">{f57bd86a-ac8d-658c-d801-000000000f00}</Data>
      <Data Name=""ProcessId"">10740</Data>
      <Data Name=""Image"">C:\Users\User\AppData\Local\GoToAssist Remote Support Expert\1702\g2ax_comm_expert.exe</Data>
      <Data Name=""User"">WINDEV2309EVAL\User</Data>
      <Data Name=""Protocol"">tcp</Data>
      <Data Name=""Initiated"">true</Data>
      <Data Name=""SourceIsIpv6"">false</Data>
      <Data Name=""SourceIp"">192.168.126.163</Data>
      <Data Name=""SourceHostname"">WinDev2309Eval.localdomain</Data>
      <Data Name=""SourcePort"">50113</Data>
      <Data Name=""SourcePortName"">-</Data>
      <Data Name=""DestinationIsIpv6"">false</Data>
      <Data Name=""DestinationIp"">52.55.102.23</Data>
      <Data Name=""DestinationHostname"">ec2-52-55-102-23.compute-1.amazonaws.com</Data>
      <Data Name=""DestinationPort"">8200</Data>
      <Data Name=""DestinationPortName"">-</Data>
    </EventData>
    <RenderingInfo Culture=""en-US"">
      <Message>Network connection detected:

RuleName: Usermode

UtcTime: 2023-12-27 14:52:22.929

ProcessGuid: {f57bd86a-ac8d-658c-d801-000000000f00}

ProcessId: 10740

Image: C:\Users\User\AppData\Local\GoToAssist Remote Support Expert\1702\g2ax_comm_expert.exe

User: WINDEV2309EVAL\User

Protocol: tcp

Initiated: true

SourceIsIpv6: false

SourceIp: 192.168.126.163

SourceHostname: WinDev2309Eval.localdomain

SourcePort: 50113

SourcePortName: -

DestinationIsIpv6: false

DestinationIp: 52.55.102.23

DestinationHostname: ec2-52-55-102-23.compute-1.amazonaws.com

DestinationPort: 8200

DestinationPortName: -</Message>
      <Level>Information</Level>
      <Task>Network connection detected (rule: NetworkConnect)</Task>
      <Opcode>Info</Opcode>
    </RenderingInfo>
  </Event>
  
"
Microsoft-Windows-Sysmon/Operational,"""C:\Users\User\AppData\Local\GoToAssist Remote Support Expert\1702\g2ax_session_expert.exe"" ""StartID={810FA844-DC3B-4C6D-9F15-CD212E783932}&ResourceDll=g2ax_expert_resource_win32_x86_en_US.dll&Debug=On&Stat=On&StatDb=On&Index=1""","LogMeIn, Inc.",WinDev2309Eval,,C:\Users\User\AppData\Local\GoToAssist Remote Support Expert\1702\,GoToAssist,,,,,,,1,19712,,4.8 Build 1702,"MD5=71C703EA85154A4E246A04C6B40DEDC1,SHA256=F5CFC449095104529B490B8FE6015B9F77FD83E4A1B378D8DC091C24AE5A95DC,IMPHASH=D8BC47046472F3E346D78C720F941405",C:\Users\User\AppData\Local\GoToAssist Remote Support Expert\1702\g2ax_session_expert.exe,,Medium,0x8000000000000000,Information,{f57bd86a-36f9-658c-7bf8-020000000000},0x2f87b,"Process Create:

RuleName: -

UtcTime: 2023-12-27 23:00:32.553

ProcessGuid: {f57bd86a-ac90-658c-dd01-000000000f00}

ProcessId: 8480

Image: C:\Users\User\AppData\Local\GoToAssist Remote Support Expert\1702\g2ax_session_expert.exe

FileVersion: 4.8 Build 1702

Description: GoToAssist

Product: GoToAssist

Company: LogMeIn, Inc.

OriginalFileName: GoToAssist Remote Support.exe

CommandLine: ""C:\Users\User\AppData\Local\GoToAssist Remote Support Expert\1702\g2ax_session_expert.exe"" ""StartID={810FA844-DC3B-4C6D-9F15-CD212E783932}&ResourceDll=g2ax_expert_resource_win32_x86_en_US.dll&Debug=On&Stat=On&StatDb=On&Index=1""

CurrentDirectory: C:\Users\User\AppData\Local\GoToAssist Remote Support Expert\1702\

User: WINDEV2309EVAL\User

LogonGuid: {f57bd86a-36f9-658c-7bf8-020000000000}

LogonId: 0x2F87B

TerminalSessionId: 1

IntegrityLevel: Medium

Hashes: MD5=71C703EA85154A4E246A04C6B40DEDC1,SHA256=F5CFC449095104529B490B8FE6015B9F77FD83E4A1B378D8DC091C24AE5A95DC,IMPHASH=D8BC47046472F3E346D78C720F941405

ParentProcessGuid: {f57bd86a-ac8d-658c-d801-000000000f00}

ParentProcessId: 10740

ParentImage: C:\Users\User\AppData\Local\GoToAssist Remote Support Expert\1702\g2ax_comm_expert.exe

ParentCommandLine: ""C:\Users\User\AppData\Local\GoToAssist Remote Support Expert\1702\g2ax_comm_expert.exe"" ""Action=Default&Build=1702&colClientUiReadyEvent=Global\BDAE0CDF-A6E0-4620-B1DF-2D7E8A0E11E3&Debug=On&Digest=71c703ea85154a4e246a04c6b40dedc1&EGWAddress=3.218.246.74,52.55.102.23&EGWDNS=egw1.express.gotoassist.com&EGWPort=8200,80,443&Language=en_US&LoaderPath=C:\Users\User\AppData\Local\GoToAssist Remote Support Expert\1702\g2ax_start.exe&locale=en_US&LogLevel=Normal&LogName=C:\Users\User\AppData\Local\Temp\LogMeInLogs\GoToAssist Remote Support Expert\1702\20231227_150027\GoToAssist Remote Support Expert.log&LogPath=C:\Users\User\AppData\Local\Temp\LogMeInLogs\GoToAssist Remote Support Expert\1702\20231227_150027\&ResourceDll=g2ax_expert_resource_win32_x86_en_US.dll&RestartReason=Start&ServiceAllowed=Yes&sessionTrackingId=e0-FaCddxmtMoX8_cY4czssnTeGvy83i&StartAsService=Yes&Stat=On&StatDb=On&UninstallService=No&UniqueId=29c""

ParentUser: WINDEV2309EVAL\User",Info,GoToAssist Remote Support.exe,"""C:\Users\User\AppData\Local\GoToAssist Remote Support Expert\1702\g2ax_comm_expert.exe"" ""Action=Default&Build=1702&colClientUiReadyEvent=Global\BDAE0CDF-A6E0-4620-B1DF-2D7E8A0E11E3&Debug=On&Digest=71c703ea85154a4e246a04c6b40dedc1&EGWAddress=3.218.246.74,52.55.102.23&EGWDNS=egw1.express.gotoassist.com&EGWPort=8200,80,443&Language=en_US&LoaderPath=C:\Users\User\AppData\Local\GoToAssist Remote Support Expert\1702\g2ax_start.exe&locale=en_US&LogLevel=Normal&LogName=C:\Users\User\AppData\Local\Temp\LogMeInLogs\GoToAssist Remote Support Expert\1702\20231227_150027\GoToAssist Remote Support Expert.log&LogPath=C:\Users\User\AppData\Local\Temp\LogMeInLogs\GoToAssist Remote Support Expert\1702\20231227_150027\&ResourceDll=g2ax_expert_resource_win32_x86_en_US.dll&RestartReason=Start&ServiceAllowed=Yes&sessionTrackingId=e0-FaCddxmtMoX8_cY4czssnTeGvy83i&StartAsService=Yes&Stat=On&StatDb=On&UninstallService=No&UniqueId=29c""",C:\Users\User\AppData\Local\GoToAssist Remote Support Expert\1702\g2ax_comm_expert.exe,{f57bd86a-ac8d-658c-d801-000000000f00},10740,WINDEV2309EVAL\User,,{f57bd86a-ac90-658c-dd01-000000000f00},3588,8480,GoToAssist,,,,,"
      ",-,,,,,,2023-12-27T23:00:32.5582599Z,,,Process Create (rule: ProcessCreate),1,5124,WINDEV2309EVAL\User,S-1-5-18,2023-12-27 23:00:32.553,5,"<Event xmlns=""http://schemas.microsoft.com/win/2004/08/events/event"">
    <System>
      <Provider Name=""Microsoft-Windows-Sysmon"" Guid=""{5770385f-c22a-43e0-bf4c-06f5698ffbd9}""/>
      <EventID>1</EventID>
      <Version>5</Version>
      <Level>4</Level>
      <Task>1</Task>
      <Opcode>0</Opcode>
      <Keywords>0x8000000000000000</Keywords>
      <TimeCreated SystemTime=""2023-12-27T23:00:32.5582599Z""/>
      <EventRecordID>19712</EventRecordID>
      <Correlation/>
      <Execution ProcessID=""3588"" ThreadID=""5124""/>
      <Channel>Microsoft-Windows-Sysmon/Operational</Channel>
      <Computer>WinDev2309Eval</Computer>
      <Security UserID=""S-1-5-18""/>
    </System>
    <EventData>
      <Data Name=""RuleName"">-</Data>
      <Data Name=""UtcTime"">2023-12-27 23:00:32.553</Data>
      <Data Name=""ProcessGuid"">{f57bd86a-ac90-658c-dd01-000000000f00}</Data>
      <Data Name=""ProcessId"">8480</Data>
      <Data Name=""Image"">C:\Users\User\AppData\Local\GoToAssist Remote Support Expert\1702\g2ax_session_expert.exe</Data>
      <Data Name=""FileVersion"">4.8 Build 1702</Data>
      <Data Name=""Description"">GoToAssist</Data>
      <Data Name=""Product"">GoToAssist</Data>
      <Data Name=""Company"">LogMeIn, Inc.</Data>
      <Data Name=""OriginalFileName"">GoToAssist Remote Support.exe</Data>
      <Data Name=""CommandLine"">""C:\Users\User\AppData\Local\GoToAssist Remote Support Expert\1702\g2ax_session_expert.exe"" ""StartID={810FA844-DC3B-4C6D-9F15-CD212E783932}&amp;ResourceDll=g2ax_expert_resource_win32_x86_en_US.dll&amp;Debug=On&amp;Stat=On&amp;StatDb=On&amp;Index=1""</Data>
      <Data Name=""CurrentDirectory"">C:\Users\User\AppData\Local\GoToAssist Remote Support Expert\1702\</Data>
      <Data Name=""User"">WINDEV2309EVAL\User</Data>
      <Data Name=""LogonGuid"">{f57bd86a-36f9-658c-7bf8-020000000000}</Data>
      <Data Name=""LogonId"">0x2f87b</Data>
      <Data Name=""TerminalSessionId"">1</Data>
      <Data Name=""IntegrityLevel"">Medium</Data>
      <Data Name=""Hashes"">MD5=71C703EA85154A4E246A04C6B40DEDC1,SHA256=F5CFC449095104529B490B8FE6015B9F77FD83E4A1B378D8DC091C24AE5A95DC,IMPHASH=D8BC47046472F3E346D78C720F941405</Data>
      <Data Name=""ParentProcessGuid"">{f57bd86a-ac8d-658c-d801-000000000f00}</Data>
      <Data Name=""ParentProcessId"">10740</Data>
      <Data Name=""ParentImage"">C:\Users\User\AppData\Local\GoToAssist Remote Support Expert\1702\g2ax_comm_expert.exe</Data>
      <Data Name=""ParentCommandLine"">""C:\Users\User\AppData\Local\GoToAssist Remote Support Expert\1702\g2ax_comm_expert.exe"" ""Action=Default&amp;Build=1702&amp;colClientUiReadyEvent=Global\BDAE0CDF-A6E0-4620-B1DF-2D7E8A0E11E3&amp;Debug=On&amp;Digest=71c703ea85154a4e246a04c6b40dedc1&amp;EGWAddress=3.218.246.74,52.55.102.23&amp;EGWDNS=egw1.express.gotoassist.com&amp;EGWPort=8200,80,443&amp;Language=en_US&amp;LoaderPath=C:\Users\User\AppData\Local\GoToAssist Remote Support Expert\1702\g2ax_start.exe&amp;locale=en_US&amp;LogLevel=Normal&amp;LogName=C:\Users\User\AppData\Local\Temp\LogMeInLogs\GoToAssist Remote Support Expert\1702\20231227_150027\GoToAssist Remote Support Expert.log&amp;LogPath=C:\Users\User\AppData\Local\Temp\LogMeInLogs\GoToAssist Remote Support Expert\1702\20231227_150027\&amp;ResourceDll=g2ax_expert_resource_win32_x86_en_US.dll&amp;RestartReason=Start&amp;ServiceAllowed=Yes&amp;sessionTrackingId=e0-FaCddxmtMoX8_cY4czssnTeGvy83i&amp;StartAsService=Yes&amp;Stat=On&amp;StatDb=On&amp;UninstallService=No&amp;UniqueId=29c""</Data>
      <Data Name=""ParentUser"">WINDEV2309EVAL\User</Data>
    </EventData>
    <RenderingInfo Culture=""en-US"">
      <Message>Process Create:

RuleName: -

UtcTime: 2023-12-27 23:00:32.553

ProcessGuid: {f57bd86a-ac90-658c-dd01-000000000f00}

ProcessId: 8480

Image: C:\Users\User\AppData\Local\GoToAssist Remote Support Expert\1702\g2ax_session_expert.exe

FileVersion: 4.8 Build 1702

Description: GoToAssist

Product: GoToAssist

Company: LogMeIn, Inc.

OriginalFileName: GoToAssist Remote Support.exe

CommandLine: ""C:\Users\User\AppData\Local\GoToAssist Remote Support Expert\1702\g2ax_session_expert.exe"" ""StartID={810FA844-DC3B-4C6D-9F15-CD212E783932}&amp;ResourceDll=g2ax_expert_resource_win32_x86_en_US.dll&amp;Debug=On&amp;Stat=On&amp;StatDb=On&amp;Index=1""

CurrentDirectory: C:\Users\User\AppData\Local\GoToAssist Remote Support Expert\1702\

User: WINDEV2309EVAL\User

LogonGuid: {f57bd86a-36f9-658c-7bf8-020000000000}

LogonId: 0x2F87B

TerminalSessionId: 1

IntegrityLevel: Medium

Hashes: MD5=71C703EA85154A4E246A04C6B40DEDC1,SHA256=F5CFC449095104529B490B8FE6015B9F77FD83E4A1B378D8DC091C24AE5A95DC,IMPHASH=D8BC47046472F3E346D78C720F941405

ParentProcessGuid: {f57bd86a-ac8d-658c-d801-000000000f00}

ParentProcessId: 10740

ParentImage: C:\Users\User\AppData\Local\GoToAssist Remote Support Expert\1702\g2ax_comm_expert.exe

ParentCommandLine: ""C:\Users\User\AppData\Local\GoToAssist Remote Support Expert\1702\g2ax_comm_expert.exe"" ""Action=Default&amp;Build=1702&amp;colClientUiReadyEvent=Global\BDAE0CDF-A6E0-4620-B1DF-2D7E8A0E11E3&amp;Debug=On&amp;Digest=71c703ea85154a4e246a04c6b40dedc1&amp;EGWAddress=3.218.246.74,52.55.102.23&amp;EGWDNS=egw1.express.gotoassist.com&amp;EGWPort=8200,80,443&amp;Language=en_US&amp;LoaderPath=C:\Users\User\AppData\Local\GoToAssist Remote Support Expert\1702\g2ax_start.exe&amp;locale=en_US&amp;LogLevel=Normal&amp;LogName=C:\Users\User\AppData\Local\Temp\LogMeInLogs\GoToAssist Remote Support Expert\1702\20231227_150027\GoToAssist Remote Support Expert.log&amp;LogPath=C:\Users\User\AppData\Local\Temp\LogMeInLogs\GoToAssist Remote Support Expert\1702\20231227_150027\&amp;ResourceDll=g2ax_expert_resource_win32_x86_en_US.dll&amp;RestartReason=Start&amp;ServiceAllowed=Yes&amp;sessionTrackingId=e0-FaCddxmtMoX8_cY4czssnTeGvy83i&amp;StartAsService=Yes&amp;Stat=On&amp;StatDb=On&amp;UninstallService=No&amp;UniqueId=29c""

ParentUser: WINDEV2309EVAL\User</Message>
      <Level>Information</Level>
      <Task>Process Create (rule: ProcessCreate)</Task>
      <Opcode>Info</Opcode>
    </RenderingInfo>
  </Event>
  
"
