Microsoft-Windows-Sysmon/Operational,,,WinDev2309Eval,2023-12-27 23:00:27.956,,,,,,,,,11,19628,,,,C:\Users\User\AppData\Local\GoToAssist Remote Support Expert\g2ax_expert_combined_dll_core_win32_x86_1702.exe,,,0x8000000000000000,Information,,,"File created:

RuleName: EXE

UtcTime: 2023-12-27 23:00:27.956

ProcessGuid: {f57bd86a-ac8b-658c-d201-000000000f00}

ProcessId: 10416

Image: C:\Users\User\AppData\Local\GoToAssist Remote Support Expert\g2ax_expert_combined_dll_core_win32_x86_1702.exe

TargetFilename: C:\Users\User\AppData\Local\Temp\LogMeInInc\GoToAssist Remote Support Expert\1702\g2a9177.tmp\g2ax_installerexpert.exe

CreationUtcTime: 2023-12-27 23:00:27.956

User: WINDEV2309EVAL\User",Info,,,,,,,,{f57bd86a-ac8b-658c-d201-000000000f00},3588,10416,,,,,,"
      ",EXE,,,,,,2023-12-27T23:00:27.9696929Z,C:\Users\User\AppData\Local\Temp\LogMeInInc\GoToAssist Remote Support Expert\1702\g2a9177.tmp\g2ax_installerexpert.exe,,File created (rule: FileCreate),,5124,WINDEV2309EVAL\User,S-1-5-18,2023-12-27 23:00:27.956,2,"<Event xmlns=""http://schemas.microsoft.com/win/2004/08/events/event"">
    <System>
      <Provider Name=""Microsoft-Windows-Sysmon"" Guid=""{5770385f-c22a-43e0-bf4c-06f5698ffbd9}""/>
      <EventID>11</EventID>
      <Version>2</Version>
      <Level>4</Level>
      <Task>11</Task>
      <Opcode>0</Opcode>
      <Keywords>0x8000000000000000</Keywords>
      <TimeCreated SystemTime=""2023-12-27T23:00:27.9696929Z""/>
      <EventRecordID>19628</EventRecordID>
      <Correlation/>
      <Execution ProcessID=""3588"" ThreadID=""5124""/>
      <Channel>Microsoft-Windows-Sysmon/Operational</Channel>
      <Computer>WinDev2309Eval</Computer>
      <Security UserID=""S-1-5-18""/>
    </System>
    <EventData>
      <Data Name=""RuleName"">EXE</Data>
      <Data Name=""UtcTime"">2023-12-27 23:00:27.956</Data>
      <Data Name=""ProcessGuid"">{f57bd86a-ac8b-658c-d201-000000000f00}</Data>
      <Data Name=""ProcessId"">10416</Data>
      <Data Name=""Image"">C:\Users\User\AppData\Local\GoToAssist Remote Support Expert\g2ax_expert_combined_dll_core_win32_x86_1702.exe</Data>
      <Data Name=""TargetFilename"">C:\Users\User\AppData\Local\Temp\LogMeInInc\GoToAssist Remote Support Expert\1702\g2a9177.tmp\g2ax_installerexpert.exe</Data>
      <Data Name=""CreationUtcTime"">2023-12-27 23:00:27.956</Data>
      <Data Name=""User"">WINDEV2309EVAL\User</Data>
    </EventData>
    <RenderingInfo Culture=""en-US"">
      <Message>File created:

RuleName: EXE

UtcTime: 2023-12-27 23:00:27.956

ProcessGuid: {f57bd86a-ac8b-658c-d201-000000000f00}

ProcessId: 10416

Image: C:\Users\User\AppData\Local\GoToAssist Remote Support Expert\g2ax_expert_combined_dll_core_win32_x86_1702.exe

TargetFilename: C:\Users\User\AppData\Local\Temp\LogMeInInc\GoToAssist Remote Support Expert\1702\g2a9177.tmp\g2ax_installerexpert.exe

CreationUtcTime: 2023-12-27 23:00:27.956

User: WINDEV2309EVAL\User</Message>
      <Level>Information</Level>
      <Task>File created (rule: FileCreate)</Task>
      <Opcode>Info</Opcode>
    </RenderingInfo>
  </Event>
  
"
Microsoft-Windows-Sysmon/Operational,,,WinDev2309Eval,2023-12-27 23:00:27.941,,,,,,,,,11,19627,,,,C:\Users\User\AppData\Local\GoToAssist Remote Support Expert\g2ax_expert_combined_dll_core_win32_x86_1702.exe,,,0x8000000000000000,Information,,,"File created:

RuleName: DLL

UtcTime: 2023-12-27 23:00:27.941

ProcessGuid: {f57bd86a-ac8b-658c-d201-000000000f00}

ProcessId: 10416

Image: C:\Users\User\AppData\Local\GoToAssist Remote Support Expert\g2ax_expert_combined_dll_core_win32_x86_1702.exe

TargetFilename: C:\Users\User\AppData\Local\Temp\LogMeInInc\GoToAssist Remote Support Expert\1702\g2a9177.tmp\g2ax_combined_expert.dll

CreationUtcTime: 2023-12-27 23:00:27.941

User: WINDEV2309EVAL\User",Info,,,,,,,,{f57bd86a-ac8b-658c-d201-000000000f00},3588,10416,,,,,,"
      ",DLL,,,,,,2023-12-27T23:00:27.9488465Z,C:\Users\User\AppData\Local\Temp\LogMeInInc\GoToAssist Remote Support Expert\1702\g2a9177.tmp\g2ax_combined_expert.dll,,File created (rule: FileCreate),,5124,WINDEV2309EVAL\User,S-1-5-18,2023-12-27 23:00:27.941,2,"<Event xmlns=""http://schemas.microsoft.com/win/2004/08/events/event"">
    <System>
      <Provider Name=""Microsoft-Windows-Sysmon"" Guid=""{5770385f-c22a-43e0-bf4c-06f5698ffbd9}""/>
      <EventID>11</EventID>
      <Version>2</Version>
      <Level>4</Level>
      <Task>11</Task>
      <Opcode>0</Opcode>
      <Keywords>0x8000000000000000</Keywords>
      <TimeCreated SystemTime=""2023-12-27T23:00:27.9488465Z""/>
      <EventRecordID>19627</EventRecordID>
      <Correlation/>
      <Execution ProcessID=""3588"" ThreadID=""5124""/>
      <Channel>Microsoft-Windows-Sysmon/Operational</Channel>
      <Computer>WinDev2309Eval</Computer>
      <Security UserID=""S-1-5-18""/>
    </System>
    <EventData>
      <Data Name=""RuleName"">DLL</Data>
      <Data Name=""UtcTime"">2023-12-27 23:00:27.941</Data>
      <Data Name=""ProcessGuid"">{f57bd86a-ac8b-658c-d201-000000000f00}</Data>
      <Data Name=""ProcessId"">10416</Data>
      <Data Name=""Image"">C:\Users\User\AppData\Local\GoToAssist Remote Support Expert\g2ax_expert_combined_dll_core_win32_x86_1702.exe</Data>
      <Data Name=""TargetFilename"">C:\Users\User\AppData\Local\Temp\LogMeInInc\GoToAssist Remote Support Expert\1702\g2a9177.tmp\g2ax_combined_expert.dll</Data>
      <Data Name=""CreationUtcTime"">2023-12-27 23:00:27.941</Data>
      <Data Name=""User"">WINDEV2309EVAL\User</Data>
    </EventData>
    <RenderingInfo Culture=""en-US"">
      <Message>File created:

RuleName: DLL

UtcTime: 2023-12-27 23:00:27.941

ProcessGuid: {f57bd86a-ac8b-658c-d201-000000000f00}

ProcessId: 10416

Image: C:\Users\User\AppData\Local\GoToAssist Remote Support Expert\g2ax_expert_combined_dll_core_win32_x86_1702.exe

TargetFilename: C:\Users\User\AppData\Local\Temp\LogMeInInc\GoToAssist Remote Support Expert\1702\g2a9177.tmp\g2ax_combined_expert.dll

CreationUtcTime: 2023-12-27 23:00:27.941

User: WINDEV2309EVAL\User</Message>
      <Level>Information</Level>
      <Task>File created (rule: FileCreate)</Task>
      <Opcode>Info</Opcode>
    </RenderingInfo>
  </Event>
  
"
Microsoft-Windows-Sysmon/Operational,,,WinDev2309Eval,,,,,,,,,Binary Data,13,19626,SetValue,,,C:\Windows\system32\svchost.exe,,,0x8000000000000000,Information,,,"Registry value set:

RuleName: InvDB

EventType: SetValue

UtcTime: 2023-12-27 23:00:27.863

ProcessGuid: {f57bd86a-3753-658c-d500-000000000f00}

ProcessId: 6796

Image: C:\Windows\system32\svchost.exe

TargetObject: HKU\S-1-5-21-2835251196-2691927458-378326815-1000\Software\Microsoft\Windows NT\CurrentVersion\AppCompatFlags\Compatibility Assistant\Store\C:\Windows\SysWOW64\msiexec.exe

Details: Binary Data

User: NT AUTHORITY\SYSTEM",Info,,,,,,,,{f57bd86a-3753-658c-d500-000000000f00},3588,6796,,,,,,"
      ",InvDB,,,,,,2023-12-27T23:00:27.8693779Z,,HKU\S-1-5-21-2835251196-2691927458-378326815-1000\Software\Microsoft\Windows NT\CurrentVersion\AppCompatFlags\Compatibility Assistant\Store\C:\Windows\SysWOW64\msiexec.exe,Registry value set (rule: RegistryEvent),,5124,NT AUTHORITY\SYSTEM,S-1-5-18,2023-12-27 23:00:27.863,2,"<Event xmlns=""http://schemas.microsoft.com/win/2004/08/events/event"">
    <System>
      <Provider Name=""Microsoft-Windows-Sysmon"" Guid=""{5770385f-c22a-43e0-bf4c-06f5698ffbd9}""/>
      <EventID>13</EventID>
      <Version>2</Version>
      <Level>4</Level>
      <Task>13</Task>
      <Opcode>0</Opcode>
      <Keywords>0x8000000000000000</Keywords>
      <TimeCreated SystemTime=""2023-12-27T23:00:27.8693779Z""/>
      <EventRecordID>19626</EventRecordID>
      <Correlation/>
      <Execution ProcessID=""3588"" ThreadID=""5124""/>
      <Channel>Microsoft-Windows-Sysmon/Operational</Channel>
      <Computer>WinDev2309Eval</Computer>
      <Security UserID=""S-1-5-18""/>
    </System>
    <EventData>
      <Data Name=""RuleName"">InvDB</Data>
      <Data Name=""EventType"">SetValue</Data>
      <Data Name=""UtcTime"">2023-12-27 23:00:27.863</Data>
      <Data Name=""ProcessGuid"">{f57bd86a-3753-658c-d500-000000000f00}</Data>
      <Data Name=""ProcessId"">6796</Data>
      <Data Name=""Image"">C:\Windows\system32\svchost.exe</Data>
      <Data Name=""TargetObject"">HKU\S-1-5-21-2835251196-2691927458-378326815-1000\Software\Microsoft\Windows NT\CurrentVersion\AppCompatFlags\Compatibility Assistant\Store\C:\Windows\SysWOW64\msiexec.exe</Data>
      <Data Name=""Details"">Binary Data</Data>
      <Data Name=""User"">NT AUTHORITY\SYSTEM</Data>
    </EventData>
    <RenderingInfo Culture=""en-US"">
      <Message>Registry value set:

RuleName: InvDB

EventType: SetValue

UtcTime: 2023-12-27 23:00:27.863

ProcessGuid: {f57bd86a-3753-658c-d500-000000000f00}

ProcessId: 6796

Image: C:\Windows\system32\svchost.exe

TargetObject: HKU\S-1-5-21-2835251196-2691927458-378326815-1000\Software\Microsoft\Windows NT\CurrentVersion\AppCompatFlags\Compatibility Assistant\Store\C:\Windows\SysWOW64\msiexec.exe

Details: Binary Data

User: NT AUTHORITY\SYSTEM</Message>
      <Level>Information</Level>
      <Task>Registry value set (rule: RegistryEvent)</Task>
      <Opcode>Info</Opcode>
    </RenderingInfo>
  </Event>
  
"
Microsoft-Windows-Sysmon/Operational,"""C:\Users\User\AppData\Local\GoToAssist Remote Support Expert\g2ax_expert_combined_dll_core_win32_x86_1702.exe"" ""/Action Default"" ""/Build 1702"" ""/Debug On"" ""/EGWAddress 3.218.246.74,52.55.102.23"" ""/EGWDNS egw1.express.gotoassist.com"" ""/EGWPort 8200,80,443"" ""/Language en_US"" ""/LogLevel Normal"" ""/ResourceDll g2ax_expert_resource_win32_x86_en_US.dll"" ""/ServiceAllowed Yes"" ""/StartAsService Yes"" ""/Stat On"" ""/StatDb On"" ""/UninstallService No"" ""/colClientUiReadyEvent Global\BDAE0CDF-A6E0-4620-B1DF-2D7E8A0E11E3"" ""/locale en_US"" ""/sessionTrackingId e0-FaCddxmtMoX8_cY4czssnTeGvy83i""","LogMeIn, Inc.",WinDev2309Eval,,C:\Users\User\AppData\Local\GoToAssist Remote Support Expert\,GoToAssist,,,,,,,1,19625,,4.8 Build 1702,"MD5=FDE0E1B5C13DBC7CE1CE0E88A30E993A,SHA256=0DB5CC40EE41D2BA148720097AA58BEEC26F41530DA25E424F9C10B6323C0B2D,IMPHASH=00000000000000000000000000000000",C:\Users\User\AppData\Local\GoToAssist Remote Support Expert\g2ax_expert_combined_dll_core_win32_x86_1702.exe,,Medium,0x8000000000000000,Information,{f57bd86a-36f9-658c-7bf8-020000000000},0x2f87b,"Process Create:

RuleName: -

UtcTime: 2023-12-27 23:00:27.069

ProcessGuid: {f57bd86a-ac8b-658c-d201-000000000f00}

ProcessId: 10416

Image: C:\Users\User\AppData\Local\GoToAssist Remote Support Expert\g2ax_expert_combined_dll_core_win32_x86_1702.exe

FileVersion: 4.8 Build 1702

Description: GoToAssist

Product: GoToAssist

Company: LogMeIn, Inc.

OriginalFileName: GoToAssist Remote Support.exe

CommandLine: ""C:\Users\User\AppData\Local\GoToAssist Remote Support Expert\g2ax_expert_combined_dll_core_win32_x86_1702.exe"" ""/Action Default"" ""/Build 1702"" ""/Debug On"" ""/EGWAddress 3.218.246.74,52.55.102.23"" ""/EGWDNS egw1.express.gotoassist.com"" ""/EGWPort 8200,80,443"" ""/Language en_US"" ""/LogLevel Normal"" ""/ResourceDll g2ax_expert_resource_win32_x86_en_US.dll"" ""/ServiceAllowed Yes"" ""/StartAsService Yes"" ""/Stat On"" ""/StatDb On"" ""/UninstallService No"" ""/colClientUiReadyEvent Global\BDAE0CDF-A6E0-4620-B1DF-2D7E8A0E11E3"" ""/locale en_US"" ""/sessionTrackingId e0-FaCddxmtMoX8_cY4czssnTeGvy83i""

CurrentDirectory: C:\Users\User\AppData\Local\GoToAssist Remote Support Expert\

User: WINDEV2309EVAL\User

LogonGuid: {f57bd86a-36f9-658c-7bf8-020000000000}

LogonId: 0x2F87B

TerminalSessionId: 1

IntegrityLevel: Medium

Hashes: MD5=FDE0E1B5C13DBC7CE1CE0E88A30E993A,SHA256=0DB5CC40EE41D2BA148720097AA58BEEC26F41530DA25E424F9C10B6323C0B2D,IMPHASH=00000000000000000000000000000000

ParentProcessGuid: {f57bd86a-ac87-658c-cc01-000000000f00}

ParentProcessId: 6888

ParentImage: C:\Users\User\Downloads\GoToAssist.exe

ParentCommandLine: ""C:\Users\User\Downloads\GoToAssist.exe"" /S 

ParentUser: WINDEV2309EVAL\User",Info,GoToAssist Remote Support.exe,"""C:\Users\User\Downloads\GoToAssist.exe"" /S ",C:\Users\User\Downloads\GoToAssist.exe,{f57bd86a-ac87-658c-cc01-000000000f00},6888,WINDEV2309EVAL\User,,{f57bd86a-ac8b-658c-d201-000000000f00},3588,10416,GoToAssist,,,,,"
      ",-,,,,,,2023-12-27T23:00:27.1001212Z,,,Process Create (rule: ProcessCreate),1,5124,WINDEV2309EVAL\User,S-1-5-18,2023-12-27 23:00:27.069,5,"<Event xmlns=""http://schemas.microsoft.com/win/2004/08/events/event"">
    <System>
      <Provider Name=""Microsoft-Windows-Sysmon"" Guid=""{5770385f-c22a-43e0-bf4c-06f5698ffbd9}""/>
      <EventID>1</EventID>
      <Version>5</Version>
      <Level>4</Level>
      <Task>1</Task>
      <Opcode>0</Opcode>
      <Keywords>0x8000000000000000</Keywords>
      <TimeCreated SystemTime=""2023-12-27T23:00:27.1001212Z""/>
      <EventRecordID>19625</EventRecordID>
      <Correlation/>
      <Execution ProcessID=""3588"" ThreadID=""5124""/>
      <Channel>Microsoft-Windows-Sysmon/Operational</Channel>
      <Computer>WinDev2309Eval</Computer>
      <Security UserID=""S-1-5-18""/>
    </System>
    <EventData>
      <Data Name=""RuleName"">-</Data>
      <Data Name=""UtcTime"">2023-12-27 23:00:27.069</Data>
      <Data Name=""ProcessGuid"">{f57bd86a-ac8b-658c-d201-000000000f00}</Data>
      <Data Name=""ProcessId"">10416</Data>
      <Data Name=""Image"">C:\Users\User\AppData\Local\GoToAssist Remote Support Expert\g2ax_expert_combined_dll_core_win32_x86_1702.exe</Data>
      <Data Name=""FileVersion"">4.8 Build 1702</Data>
      <Data Name=""Description"">GoToAssist</Data>
      <Data Name=""Product"">GoToAssist</Data>
      <Data Name=""Company"">LogMeIn, Inc.</Data>
      <Data Name=""OriginalFileName"">GoToAssist Remote Support.exe</Data>
      <Data Name=""CommandLine"">""C:\Users\User\AppData\Local\GoToAssist Remote Support Expert\g2ax_expert_combined_dll_core_win32_x86_1702.exe"" ""/Action Default"" ""/Build 1702"" ""/Debug On"" ""/EGWAddress 3.218.246.74,52.55.102.23"" ""/EGWDNS egw1.express.gotoassist.com"" ""/EGWPort 8200,80,443"" ""/Language en_US"" ""/LogLevel Normal"" ""/ResourceDll g2ax_expert_resource_win32_x86_en_US.dll"" ""/ServiceAllowed Yes"" ""/StartAsService Yes"" ""/Stat On"" ""/StatDb On"" ""/UninstallService No"" ""/colClientUiReadyEvent Global\BDAE0CDF-A6E0-4620-B1DF-2D7E8A0E11E3"" ""/locale en_US"" ""/sessionTrackingId e0-FaCddxmtMoX8_cY4czssnTeGvy83i""</Data>
      <Data Name=""CurrentDirectory"">C:\Users\User\AppData\Local\GoToAssist Remote Support Expert\</Data>
      <Data Name=""User"">WINDEV2309EVAL\User</Data>
      <Data Name=""LogonGuid"">{f57bd86a-36f9-658c-7bf8-020000000000}</Data>
      <Data Name=""LogonId"">0x2f87b</Data>
      <Data Name=""TerminalSessionId"">1</Data>
      <Data Name=""IntegrityLevel"">Medium</Data>
      <Data Name=""Hashes"">MD5=FDE0E1B5C13DBC7CE1CE0E88A30E993A,SHA256=0DB5CC40EE41D2BA148720097AA58BEEC26F41530DA25E424F9C10B6323C0B2D,IMPHASH=00000000000000000000000000000000</Data>
      <Data Name=""ParentProcessGuid"">{f57bd86a-ac87-658c-cc01-000000000f00}</Data>
      <Data Name=""ParentProcessId"">6888</Data>
      <Data Name=""ParentImage"">C:\Users\User\Downloads\GoToAssist.exe</Data>
      <Data Name=""ParentCommandLine"">""C:\Users\User\Downloads\GoToAssist.exe"" /S </Data>
      <Data Name=""ParentUser"">WINDEV2309EVAL\User</Data>
    </EventData>
    <RenderingInfo Culture=""en-US"">
      <Message>Process Create:

RuleName: -

UtcTime: 2023-12-27 23:00:27.069

ProcessGuid: {f57bd86a-ac8b-658c-d201-000000000f00}

ProcessId: 10416

Image: C:\Users\User\AppData\Local\GoToAssist Remote Support Expert\g2ax_expert_combined_dll_core_win32_x86_1702.exe

FileVersion: 4.8 Build 1702

Description: GoToAssist

Product: GoToAssist

Company: LogMeIn, Inc.

OriginalFileName: GoToAssist Remote Support.exe

CommandLine: ""C:\Users\User\AppData\Local\GoToAssist Remote Support Expert\g2ax_expert_combined_dll_core_win32_x86_1702.exe"" ""/Action Default"" ""/Build 1702"" ""/Debug On"" ""/EGWAddress 3.218.246.74,52.55.102.23"" ""/EGWDNS egw1.express.gotoassist.com"" ""/EGWPort 8200,80,443"" ""/Language en_US"" ""/LogLevel Normal"" ""/ResourceDll g2ax_expert_resource_win32_x86_en_US.dll"" ""/ServiceAllowed Yes"" ""/StartAsService Yes"" ""/Stat On"" ""/StatDb On"" ""/UninstallService No"" ""/colClientUiReadyEvent Global\BDAE0CDF-A6E0-4620-B1DF-2D7E8A0E11E3"" ""/locale en_US"" ""/sessionTrackingId e0-FaCddxmtMoX8_cY4czssnTeGvy83i""

CurrentDirectory: C:\Users\User\AppData\Local\GoToAssist Remote Support Expert\

User: WINDEV2309EVAL\User

LogonGuid: {f57bd86a-36f9-658c-7bf8-020000000000}

LogonId: 0x2F87B

TerminalSessionId: 1

IntegrityLevel: Medium

Hashes: MD5=FDE0E1B5C13DBC7CE1CE0E88A30E993A,SHA256=0DB5CC40EE41D2BA148720097AA58BEEC26F41530DA25E424F9C10B6323C0B2D,IMPHASH=00000000000000000000000000000000

ParentProcessGuid: {f57bd86a-ac87-658c-cc01-000000000f00}

ParentProcessId: 6888

ParentImage: C:\Users\User\Downloads\GoToAssist.exe

ParentCommandLine: ""C:\Users\User\Downloads\GoToAssist.exe"" /S 

ParentUser: WINDEV2309EVAL\User</Message>
      <Level>Information</Level>
      <Task>Process Create (rule: ProcessCreate)</Task>
      <Opcode>Info</Opcode>
    </RenderingInfo>
  </Event>
  
"
Microsoft-Windows-Sysmon/Operational,,,WinDev2309Eval,,,,server-54-230-153-187.mrs52.r.cloudfront.net,54.230.153.187,false,80,http,,3,19624,,,,C:\Users\User\Downloads\GoToAssist.exe,true,,0x8000000000000000,Information,,,"Network connection detected:

RuleName: Usermode

UtcTime: 2023-12-27 14:52:17.327

ProcessGuid: {f57bd86a-ac87-658c-cc01-000000000f00}

ProcessId: 6888

Image: C:\Users\User\Downloads\GoToAssist.exe

User: WINDEV2309EVAL\User

Protocol: tcp

Initiated: true

SourceIsIpv6: false

SourceIp: 192.168.126.163

SourceHostname: WinDev2309Eval.localdomain

SourcePort: 50106

SourcePortName: -

DestinationIsIpv6: false

DestinationIp: 54.230.153.187

DestinationHostname: server-54-230-153-187.mrs52.r.cloudfront.net

DestinationPort: 80

DestinationPortName: http",Info,,,,,,,,{f57bd86a-ac87-658c-cc01-000000000f00},3588,6888,,tcp,,,,"
      ",Usermode,WinDev2309Eval.localdomain,192.168.126.163,false,50106,-,2023-12-27T23:00:27.0476032Z,,,Network connection detected (rule: NetworkConnect),,5136,WINDEV2309EVAL\User,S-1-5-18,2023-12-27 14:52:17.327,5,"<Event xmlns=""http://schemas.microsoft.com/win/2004/08/events/event"">
    <System>
      <Provider Name=""Microsoft-Windows-Sysmon"" Guid=""{5770385f-c22a-43e0-bf4c-06f5698ffbd9}""/>
      <EventID>3</EventID>
      <Version>5</Version>
      <Level>4</Level>
      <Task>3</Task>
      <Opcode>0</Opcode>
      <Keywords>0x8000000000000000</Keywords>
      <TimeCreated SystemTime=""2023-12-27T23:00:27.0476032Z""/>
      <EventRecordID>19624</EventRecordID>
      <Correlation/>
      <Execution ProcessID=""3588"" ThreadID=""5136""/>
      <Channel>Microsoft-Windows-Sysmon/Operational</Channel>
      <Computer>WinDev2309Eval</Computer>
      <Security UserID=""S-1-5-18""/>
    </System>
    <EventData>
      <Data Name=""RuleName"">Usermode</Data>
      <Data Name=""UtcTime"">2023-12-27 14:52:17.327</Data>
      <Data Name=""ProcessGuid"">{f57bd86a-ac87-658c-cc01-000000000f00}</Data>
      <Data Name=""ProcessId"">6888</Data>
      <Data Name=""Image"">C:\Users\User\Downloads\GoToAssist.exe</Data>
      <Data Name=""User"">WINDEV2309EVAL\User</Data>
      <Data Name=""Protocol"">tcp</Data>
      <Data Name=""Initiated"">true</Data>
      <Data Name=""SourceIsIpv6"">false</Data>
      <Data Name=""SourceIp"">192.168.126.163</Data>
      <Data Name=""SourceHostname"">WinDev2309Eval.localdomain</Data>
      <Data Name=""SourcePort"">50106</Data>
      <Data Name=""SourcePortName"">-</Data>
      <Data Name=""DestinationIsIpv6"">false</Data>
      <Data Name=""DestinationIp"">54.230.153.187</Data>
      <Data Name=""DestinationHostname"">server-54-230-153-187.mrs52.r.cloudfront.net</Data>
      <Data Name=""DestinationPort"">80</Data>
      <Data Name=""DestinationPortName"">http</Data>
    </EventData>
    <RenderingInfo Culture=""en-US"">
      <Message>Network connection detected:

RuleName: Usermode

UtcTime: 2023-12-27 14:52:17.327

ProcessGuid: {f57bd86a-ac87-658c-cc01-000000000f00}

ProcessId: 6888

Image: C:\Users\User\Downloads\GoToAssist.exe

User: WINDEV2309EVAL\User

Protocol: tcp

Initiated: true

SourceIsIpv6: false

SourceIp: 192.168.126.163

SourceHostname: WinDev2309Eval.localdomain

SourcePort: 50106

SourcePortName: -

DestinationIsIpv6: false

DestinationIp: 54.230.153.187

DestinationHostname: server-54-230-153-187.mrs52.r.cloudfront.net

DestinationPort: 80

DestinationPortName: http</Message>
      <Level>Information</Level>
      <Task>Network connection detected (rule: NetworkConnect)</Task>
      <Opcode>Info</Opcode>
    </RenderingInfo>
  </Event>
  
"
Microsoft-Windows-Sysmon/Operational,,,WinDev2309Eval,,,,server-54-230-153-187.mrs52.r.cloudfront.net,54.230.153.187,false,80,http,,3,19623,,,,C:\Users\User\Downloads\GoToAssist.exe,true,,0x8000000000000000,Information,,,"Network connection detected:

RuleName: Usermode

UtcTime: 2023-12-27 14:52:17.140

ProcessGuid: {f57bd86a-ac87-658c-cc01-000000000f00}

ProcessId: 6888

Image: C:\Users\User\Downloads\GoToAssist.exe

User: WINDEV2309EVAL\User

Protocol: tcp

Initiated: true

SourceIsIpv6: false

SourceIp: 192.168.126.163

SourceHostname: WinDev2309Eval.localdomain

SourcePort: 50105

SourcePortName: -

DestinationIsIpv6: false

DestinationIp: 54.230.153.187

DestinationHostname: server-54-230-153-187.mrs52.r.cloudfront.net

DestinationPort: 80

DestinationPortName: http",Info,,,,,,,,{f57bd86a-ac87-658c-cc01-000000000f00},3588,6888,,tcp,,,,"
      ",Usermode,WinDev2309Eval.localdomain,192.168.126.163,false,50105,-,2023-12-27T23:00:26.7904643Z,,,Network connection detected (rule: NetworkConnect),,5136,WINDEV2309EVAL\User,S-1-5-18,2023-12-27 14:52:17.140,5,"<Event xmlns=""http://schemas.microsoft.com/win/2004/08/events/event"">
    <System>
      <Provider Name=""Microsoft-Windows-Sysmon"" Guid=""{5770385f-c22a-43e0-bf4c-06f5698ffbd9}""/>
      <EventID>3</EventID>
      <Version>5</Version>
      <Level>4</Level>
      <Task>3</Task>
      <Opcode>0</Opcode>
      <Keywords>0x8000000000000000</Keywords>
      <TimeCreated SystemTime=""2023-12-27T23:00:26.7904643Z""/>
      <EventRecordID>19623</EventRecordID>
      <Correlation/>
      <Execution ProcessID=""3588"" ThreadID=""5136""/>
      <Channel>Microsoft-Windows-Sysmon/Operational</Channel>
      <Computer>WinDev2309Eval</Computer>
      <Security UserID=""S-1-5-18""/>
    </System>
    <EventData>
      <Data Name=""RuleName"">Usermode</Data>
      <Data Name=""UtcTime"">2023-12-27 14:52:17.140</Data>
      <Data Name=""ProcessGuid"">{f57bd86a-ac87-658c-cc01-000000000f00}</Data>
      <Data Name=""ProcessId"">6888</Data>
      <Data Name=""Image"">C:\Users\User\Downloads\GoToAssist.exe</Data>
      <Data Name=""User"">WINDEV2309EVAL\User</Data>
      <Data Name=""Protocol"">tcp</Data>
      <Data Name=""Initiated"">true</Data>
      <Data Name=""SourceIsIpv6"">false</Data>
      <Data Name=""SourceIp"">192.168.126.163</Data>
      <Data Name=""SourceHostname"">WinDev2309Eval.localdomain</Data>
      <Data Name=""SourcePort"">50105</Data>
      <Data Name=""SourcePortName"">-</Data>
      <Data Name=""DestinationIsIpv6"">false</Data>
      <Data Name=""DestinationIp"">54.230.153.187</Data>
      <Data Name=""DestinationHostname"">server-54-230-153-187.mrs52.r.cloudfront.net</Data>
      <Data Name=""DestinationPort"">80</Data>
      <Data Name=""DestinationPortName"">http</Data>
    </EventData>
    <RenderingInfo Culture=""en-US"">
      <Message>Network connection detected:

RuleName: Usermode

UtcTime: 2023-12-27 14:52:17.140

ProcessGuid: {f57bd86a-ac87-658c-cc01-000000000f00}

ProcessId: 6888

Image: C:\Users\User\Downloads\GoToAssist.exe

User: WINDEV2309EVAL\User

Protocol: tcp

Initiated: true

SourceIsIpv6: false

SourceIp: 192.168.126.163

SourceHostname: WinDev2309Eval.localdomain

SourcePort: 50105

SourcePortName: -

DestinationIsIpv6: false

DestinationIp: 54.230.153.187

DestinationHostname: server-54-230-153-187.mrs52.r.cloudfront.net

DestinationPort: 80

DestinationPortName: http</Message>
      <Level>Information</Level>
      <Task>Network connection detected (rule: NetworkConnect)</Task>
      <Opcode>Info</Opcode>
    </RenderingInfo>
  </Event>
  
"
Microsoft-Windows-Sysmon/Operational,,,WinDev2309Eval,,,,server-18-161-94-197.mrs52.r.cloudfront.net,18.161.94.197,false,80,http,,3,19622,,,,C:\Users\User\Downloads\GoToAssist.exe,true,,0x8000000000000000,Information,,,"Network connection detected:

RuleName: Usermode

UtcTime: 2023-12-27 14:52:16.954

ProcessGuid: {f57bd86a-ac87-658c-cc01-000000000f00}

ProcessId: 6888

Image: C:\Users\User\Downloads\GoToAssist.exe

User: WINDEV2309EVAL\User

Protocol: tcp

Initiated: true

SourceIsIpv6: false

SourceIp: 192.168.126.163

SourceHostname: WinDev2309Eval.localdomain

SourcePort: 50104

SourcePortName: -

DestinationIsIpv6: false

DestinationIp: 18.161.94.197

DestinationHostname: server-18-161-94-197.mrs52.r.cloudfront.net

DestinationPort: 80

DestinationPortName: http",Info,,,,,,,,{f57bd86a-ac87-658c-cc01-000000000f00},3588,6888,,tcp,,,,"
      ",Usermode,WinDev2309Eval.localdomain,192.168.126.163,false,50104,-,2023-12-27T23:00:26.5389944Z,,,Network connection detected (rule: NetworkConnect),,5136,WINDEV2309EVAL\User,S-1-5-18,2023-12-27 14:52:16.954,5,"<Event xmlns=""http://schemas.microsoft.com/win/2004/08/events/event"">
    <System>
      <Provider Name=""Microsoft-Windows-Sysmon"" Guid=""{5770385f-c22a-43e0-bf4c-06f5698ffbd9}""/>
      <EventID>3</EventID>
      <Version>5</Version>
      <Level>4</Level>
      <Task>3</Task>
      <Opcode>0</Opcode>
      <Keywords>0x8000000000000000</Keywords>
      <TimeCreated SystemTime=""2023-12-27T23:00:26.5389944Z""/>
      <EventRecordID>19622</EventRecordID>
      <Correlation/>
      <Execution ProcessID=""3588"" ThreadID=""5136""/>
      <Channel>Microsoft-Windows-Sysmon/Operational</Channel>
      <Computer>WinDev2309Eval</Computer>
      <Security UserID=""S-1-5-18""/>
    </System>
    <EventData>
      <Data Name=""RuleName"">Usermode</Data>
      <Data Name=""UtcTime"">2023-12-27 14:52:16.954</Data>
      <Data Name=""ProcessGuid"">{f57bd86a-ac87-658c-cc01-000000000f00}</Data>
      <Data Name=""ProcessId"">6888</Data>
      <Data Name=""Image"">C:\Users\User\Downloads\GoToAssist.exe</Data>
      <Data Name=""User"">WINDEV2309EVAL\User</Data>
      <Data Name=""Protocol"">tcp</Data>
      <Data Name=""Initiated"">true</Data>
      <Data Name=""SourceIsIpv6"">false</Data>
      <Data Name=""SourceIp"">192.168.126.163</Data>
      <Data Name=""SourceHostname"">WinDev2309Eval.localdomain</Data>
      <Data Name=""SourcePort"">50104</Data>
      <Data Name=""SourcePortName"">-</Data>
      <Data Name=""DestinationIsIpv6"">false</Data>
      <Data Name=""DestinationIp"">18.161.94.197</Data>
      <Data Name=""DestinationHostname"">server-18-161-94-197.mrs52.r.cloudfront.net</Data>
      <Data Name=""DestinationPort"">80</Data>
      <Data Name=""DestinationPortName"">http</Data>
    </EventData>
    <RenderingInfo Culture=""en-US"">
      <Message>Network connection detected:

RuleName: Usermode

UtcTime: 2023-12-27 14:52:16.954

ProcessGuid: {f57bd86a-ac87-658c-cc01-000000000f00}

ProcessId: 6888

Image: C:\Users\User\Downloads\GoToAssist.exe

User: WINDEV2309EVAL\User

Protocol: tcp

Initiated: true

SourceIsIpv6: false

SourceIp: 192.168.126.163

SourceHostname: WinDev2309Eval.localdomain

SourcePort: 50104

SourcePortName: -

DestinationIsIpv6: false

DestinationIp: 18.161.94.197

DestinationHostname: server-18-161-94-197.mrs52.r.cloudfront.net

DestinationPort: 80

DestinationPortName: http</Message>
      <Level>Information</Level>
      <Task>Network connection detected (rule: NetworkConnect)</Task>
      <Opcode>Info</Opcode>
    </RenderingInfo>
  </Event>
  
"
Microsoft-Windows-Sysmon/Operational,,,WinDev2309Eval,,,,server-52-222-144-76.mrs52.r.cloudfront.net,52.222.144.76,false,443,https,,3,19621,,,,C:\Users\User\Downloads\GoToAssist.exe,true,,0x8000000000000000,Information,,,"Network connection detected:

RuleName: Usermode

UtcTime: 2023-12-27 14:52:16.682

ProcessGuid: {f57bd86a-ac87-658c-cc01-000000000f00}

ProcessId: 6888

Image: C:\Users\User\Downloads\GoToAssist.exe

User: WINDEV2309EVAL\User

Protocol: tcp

Initiated: true

SourceIsIpv6: false

SourceIp: 192.168.126.163

SourceHostname: WinDev2309Eval.localdomain

SourcePort: 50103

SourcePortName: -

DestinationIsIpv6: false

DestinationIp: 52.222.144.76

DestinationHostname: server-52-222-144-76.mrs52.r.cloudfront.net

DestinationPort: 443

DestinationPortName: https",Info,,,,,,,,{f57bd86a-ac87-658c-cc01-000000000f00},3588,6888,,tcp,,,,"
      ",Usermode,WinDev2309Eval.localdomain,192.168.126.163,false,50103,-,2023-12-27T23:00:26.2846327Z,,,Network connection detected (rule: NetworkConnect),,5136,WINDEV2309EVAL\User,S-1-5-18,2023-12-27 14:52:16.682,5,"<Event xmlns=""http://schemas.microsoft.com/win/2004/08/events/event"">
    <System>
      <Provider Name=""Microsoft-Windows-Sysmon"" Guid=""{5770385f-c22a-43e0-bf4c-06f5698ffbd9}""/>
      <EventID>3</EventID>
      <Version>5</Version>
      <Level>4</Level>
      <Task>3</Task>
      <Opcode>0</Opcode>
      <Keywords>0x8000000000000000</Keywords>
      <TimeCreated SystemTime=""2023-12-27T23:00:26.2846327Z""/>
      <EventRecordID>19621</EventRecordID>
      <Correlation/>
      <Execution ProcessID=""3588"" ThreadID=""5136""/>
      <Channel>Microsoft-Windows-Sysmon/Operational</Channel>
      <Computer>WinDev2309Eval</Computer>
      <Security UserID=""S-1-5-18""/>
    </System>
    <EventData>
      <Data Name=""RuleName"">Usermode</Data>
      <Data Name=""UtcTime"">2023-12-27 14:52:16.682</Data>
      <Data Name=""ProcessGuid"">{f57bd86a-ac87-658c-cc01-000000000f00}</Data>
      <Data Name=""ProcessId"">6888</Data>
      <Data Name=""Image"">C:\Users\User\Downloads\GoToAssist.exe</Data>
      <Data Name=""User"">WINDEV2309EVAL\User</Data>
      <Data Name=""Protocol"">tcp</Data>
      <Data Name=""Initiated"">true</Data>
      <Data Name=""SourceIsIpv6"">false</Data>
      <Data Name=""SourceIp"">192.168.126.163</Data>
      <Data Name=""SourceHostname"">WinDev2309Eval.localdomain</Data>
      <Data Name=""SourcePort"">50103</Data>
      <Data Name=""SourcePortName"">-</Data>
      <Data Name=""DestinationIsIpv6"">false</Data>
      <Data Name=""DestinationIp"">52.222.144.76</Data>
      <Data Name=""DestinationHostname"">server-52-222-144-76.mrs52.r.cloudfront.net</Data>
      <Data Name=""DestinationPort"">443</Data>
      <Data Name=""DestinationPortName"">https</Data>
    </EventData>
    <RenderingInfo Culture=""en-US"">
      <Message>Network connection detected:

RuleName: Usermode

UtcTime: 2023-12-27 14:52:16.682

ProcessGuid: {f57bd86a-ac87-658c-cc01-000000000f00}

ProcessId: 6888

Image: C:\Users\User\Downloads\GoToAssist.exe

User: WINDEV2309EVAL\User

Protocol: tcp

Initiated: true

SourceIsIpv6: false

SourceIp: 192.168.126.163

SourceHostname: WinDev2309Eval.localdomain

SourcePort: 50103

SourcePortName: -

DestinationIsIpv6: false

DestinationIp: 52.222.144.76

DestinationHostname: server-52-222-144-76.mrs52.r.cloudfront.net

DestinationPort: 443

DestinationPortName: https</Message>
      <Level>Information</Level>
      <Task>Network connection detected (rule: NetworkConnect)</Task>
      <Opcode>Info</Opcode>
    </RenderingInfo>
  </Event>
  
"
Microsoft-Windows-Sysmon/Operational,,,WinDev2309Eval,,,,server-3-160-203-107.mrs52.r.cloudfront.net,3.160.203.107,false,443,https,,3,19620,,,,C:\Windows\System32\WindowsPowerShell\v1.0\powershell.exe,true,,0x8000000000000000,Information,,,"Network connection detected:

RuleName: -

UtcTime: 2023-12-27 14:52:16.322

ProcessGuid: {f57bd86a-ac87-658c-cd01-000000000f00}

ProcessId: 5512

Image: C:\Windows\System32\WindowsPowerShell\v1.0\powershell.exe

User: WINDEV2309EVAL\User

Protocol: tcp

Initiated: true

SourceIsIpv6: false

SourceIp: 192.168.126.163

SourceHostname: WinDev2309Eval.localdomain

SourcePort: 50102

SourcePortName: -

DestinationIsIpv6: false

DestinationIp: 3.160.203.107

DestinationHostname: server-3-160-203-107.mrs52.r.cloudfront.net

DestinationPort: 443

DestinationPortName: https",Info,,,,,,,,{f57bd86a-ac87-658c-cd01-000000000f00},3588,5512,,tcp,,,,"
      ",-,WinDev2309Eval.localdomain,192.168.126.163,false,50102,-,2023-12-27T23:00:26.0352266Z,,,Network connection detected (rule: NetworkConnect),,5136,WINDEV2309EVAL\User,S-1-5-18,2023-12-27 14:52:16.322,5,"<Event xmlns=""http://schemas.microsoft.com/win/2004/08/events/event"">
    <System>
      <Provider Name=""Microsoft-Windows-Sysmon"" Guid=""{5770385f-c22a-43e0-bf4c-06f5698ffbd9}""/>
      <EventID>3</EventID>
      <Version>5</Version>
      <Level>4</Level>
      <Task>3</Task>
      <Opcode>0</Opcode>
      <Keywords>0x8000000000000000</Keywords>
      <TimeCreated SystemTime=""2023-12-27T23:00:26.0352266Z""/>
      <EventRecordID>19620</EventRecordID>
      <Correlation/>
      <Execution ProcessID=""3588"" ThreadID=""5136""/>
      <Channel>Microsoft-Windows-Sysmon/Operational</Channel>
      <Computer>WinDev2309Eval</Computer>
      <Security UserID=""S-1-5-18""/>
    </System>
    <EventData>
      <Data Name=""RuleName"">-</Data>
      <Data Name=""UtcTime"">2023-12-27 14:52:16.322</Data>
      <Data Name=""ProcessGuid"">{f57bd86a-ac87-658c-cd01-000000000f00}</Data>
      <Data Name=""ProcessId"">5512</Data>
      <Data Name=""Image"">C:\Windows\System32\WindowsPowerShell\v1.0\powershell.exe</Data>
      <Data Name=""User"">WINDEV2309EVAL\User</Data>
      <Data Name=""Protocol"">tcp</Data>
      <Data Name=""Initiated"">true</Data>
      <Data Name=""SourceIsIpv6"">false</Data>
      <Data Name=""SourceIp"">192.168.126.163</Data>
      <Data Name=""SourceHostname"">WinDev2309Eval.localdomain</Data>
      <Data Name=""SourcePort"">50102</Data>
      <Data Name=""SourcePortName"">-</Data>
      <Data Name=""DestinationIsIpv6"">false</Data>
      <Data Name=""DestinationIp"">3.160.203.107</Data>
      <Data Name=""DestinationHostname"">server-3-160-203-107.mrs52.r.cloudfront.net</Data>
      <Data Name=""DestinationPort"">443</Data>
      <Data Name=""DestinationPortName"">https</Data>
    </EventData>
    <RenderingInfo Culture=""en-US"">
      <Message>Network connection detected:

RuleName: -

UtcTime: 2023-12-27 14:52:16.322

ProcessGuid: {f57bd86a-ac87-658c-cd01-000000000f00}

ProcessId: 5512

Image: C:\Windows\System32\WindowsPowerShell\v1.0\powershell.exe

User: WINDEV2309EVAL\User

Protocol: tcp

Initiated: true

SourceIsIpv6: false

SourceIp: 192.168.126.163

SourceHostname: WinDev2309Eval.localdomain

SourcePort: 50102

SourcePortName: -

DestinationIsIpv6: false

DestinationIp: 3.160.203.107

DestinationHostname: server-3-160-203-107.mrs52.r.cloudfront.net

DestinationPort: 443

DestinationPortName: https</Message>
      <Level>Information</Level>
      <Task>Network connection detected (rule: NetworkConnect)</Task>
      <Opcode>Info</Opcode>
    </RenderingInfo>
  </Event>
  
"
Microsoft-Windows-Sysmon/Operational,,,WinDev2309Eval,2023-12-27 23:00:25.985,,,,,,,,,11,19619,,,,C:\Users\User\Downloads\GoToAssist.exe,,,0x8000000000000000,Information,,,"File created:

RuleName: EXE

UtcTime: 2023-12-27 23:00:25.985

ProcessGuid: {f57bd86a-ac87-658c-cc01-000000000f00}

ProcessId: 6888

Image: C:\Users\User\Downloads\GoToAssist.exe

TargetFilename: C:\Users\User\AppData\Local\Microsoft\Windows\INetCache\IE\82UPYX59\g2ax_expert_combined_dll_core_win32_x86[1].exe

CreationUtcTime: 2023-12-27 23:00:25.985

User: WINDEV2309EVAL\User",Info,,,,,,,,{f57bd86a-ac87-658c-cc01-000000000f00},3588,6888,,,,,,"
      ",EXE,,,,,,2023-12-27T23:00:25.9988269Z,C:\Users\User\AppData\Local\Microsoft\Windows\INetCache\IE\82UPYX59\g2ax_expert_combined_dll_core_win32_x86[1].exe,,File created (rule: FileCreate),,5124,WINDEV2309EVAL\User,S-1-5-18,2023-12-27 23:00:25.985,2,"<Event xmlns=""http://schemas.microsoft.com/win/2004/08/events/event"">
    <System>
      <Provider Name=""Microsoft-Windows-Sysmon"" Guid=""{5770385f-c22a-43e0-bf4c-06f5698ffbd9}""/>
      <EventID>11</EventID>
      <Version>2</Version>
      <Level>4</Level>
      <Task>11</Task>
      <Opcode>0</Opcode>
      <Keywords>0x8000000000000000</Keywords>
      <TimeCreated SystemTime=""2023-12-27T23:00:25.9988269Z""/>
      <EventRecordID>19619</EventRecordID>
      <Correlation/>
      <Execution ProcessID=""3588"" ThreadID=""5124""/>
      <Channel>Microsoft-Windows-Sysmon/Operational</Channel>
      <Computer>WinDev2309Eval</Computer>
      <Security UserID=""S-1-5-18""/>
    </System>
    <EventData>
      <Data Name=""RuleName"">EXE</Data>
      <Data Name=""UtcTime"">2023-12-27 23:00:25.985</Data>
      <Data Name=""ProcessGuid"">{f57bd86a-ac87-658c-cc01-000000000f00}</Data>
      <Data Name=""ProcessId"">6888</Data>
      <Data Name=""Image"">C:\Users\User\Downloads\GoToAssist.exe</Data>
      <Data Name=""TargetFilename"">C:\Users\User\AppData\Local\Microsoft\Windows\INetCache\IE\82UPYX59\g2ax_expert_combined_dll_core_win32_x86[1].exe</Data>
      <Data Name=""CreationUtcTime"">2023-12-27 23:00:25.985</Data>
      <Data Name=""User"">WINDEV2309EVAL\User</Data>
    </EventData>
    <RenderingInfo Culture=""en-US"">
      <Message>File created:

RuleName: EXE

UtcTime: 2023-12-27 23:00:25.985

ProcessGuid: {f57bd86a-ac87-658c-cc01-000000000f00}

ProcessId: 6888

Image: C:\Users\User\Downloads\GoToAssist.exe

TargetFilename: C:\Users\User\AppData\Local\Microsoft\Windows\INetCache\IE\82UPYX59\g2ax_expert_combined_dll_core_win32_x86[1].exe

CreationUtcTime: 2023-12-27 23:00:25.985

User: WINDEV2309EVAL\User</Message>
      <Level>Information</Level>
      <Task>File created (rule: FileCreate)</Task>
      <Opcode>Info</Opcode>
    </RenderingInfo>
  </Event>
  
"
Microsoft-Windows-Sysmon/Operational,,,WinDev2309Eval,,,,,,,,,(Empty),13,19618,SetValue,,,C:\Windows\system32\msiexec.exe,,,0x8000000000000000,Information,,,"Registry value set:

RuleName: -

EventType: SetValue

UtcTime: 2023-12-27 23:00:25.780

ProcessGuid: {f57bd86a-ac89-658c-d001-000000000f00}

ProcessId: 10948

Image: C:\Windows\system32\msiexec.exe

TargetObject: HKLM\SOFTWARE\WOW6432Node\Microsoft\Windows\CurrentVersion\Uninstall\{7659273F-0EB6-4ECB-BC7D-5889F3FD3075}\URLUpdateInfo

Details: (Empty)

User: NT AUTHORITY\SYSTEM",Info,,,,,,,,{f57bd86a-ac89-658c-d001-000000000f00},3588,10948,,,,,,"
      ",-,,,,,,2023-12-27T23:00:25.7854681Z,,HKLM\SOFTWARE\WOW6432Node\Microsoft\Windows\CurrentVersion\Uninstall\{7659273F-0EB6-4ECB-BC7D-5889F3FD3075}\URLUpdateInfo,Registry value set (rule: RegistryEvent),,5124,NT AUTHORITY\SYSTEM,S-1-5-18,2023-12-27 23:00:25.780,2,"<Event xmlns=""http://schemas.microsoft.com/win/2004/08/events/event"">
    <System>
      <Provider Name=""Microsoft-Windows-Sysmon"" Guid=""{5770385f-c22a-43e0-bf4c-06f5698ffbd9}""/>
      <EventID>13</EventID>
      <Version>2</Version>
      <Level>4</Level>
      <Task>13</Task>
      <Opcode>0</Opcode>
      <Keywords>0x8000000000000000</Keywords>
      <TimeCreated SystemTime=""2023-12-27T23:00:25.7854681Z""/>
      <EventRecordID>19618</EventRecordID>
      <Correlation/>
      <Execution ProcessID=""3588"" ThreadID=""5124""/>
      <Channel>Microsoft-Windows-Sysmon/Operational</Channel>
      <Computer>WinDev2309Eval</Computer>
      <Security UserID=""S-1-5-18""/>
    </System>
    <EventData>
      <Data Name=""RuleName"">-</Data>
      <Data Name=""EventType"">SetValue</Data>
      <Data Name=""UtcTime"">2023-12-27 23:00:25.780</Data>
      <Data Name=""ProcessGuid"">{f57bd86a-ac89-658c-d001-000000000f00}</Data>
      <Data Name=""ProcessId"">10948</Data>
      <Data Name=""Image"">C:\Windows\system32\msiexec.exe</Data>
      <Data Name=""TargetObject"">HKLM\SOFTWARE\WOW6432Node\Microsoft\Windows\CurrentVersion\Uninstall\{7659273F-0EB6-4ECB-BC7D-5889F3FD3075}\URLUpdateInfo</Data>
      <Data Name=""Details"">(Empty)</Data>
      <Data Name=""User"">NT AUTHORITY\SYSTEM</Data>
    </EventData>
    <RenderingInfo Culture=""en-US"">
      <Message>Registry value set:

RuleName: -

EventType: SetValue

UtcTime: 2023-12-27 23:00:25.780

ProcessGuid: {f57bd86a-ac89-658c-d001-000000000f00}

ProcessId: 10948

Image: C:\Windows\system32\msiexec.exe

TargetObject: HKLM\SOFTWARE\WOW6432Node\Microsoft\Windows\CurrentVersion\Uninstall\{7659273F-0EB6-4ECB-BC7D-5889F3FD3075}\URLUpdateInfo

Details: (Empty)

User: NT AUTHORITY\SYSTEM</Message>
      <Level>Information</Level>
      <Task>Registry value set (rule: RegistryEvent)</Task>
      <Opcode>Info</Opcode>
    </RenderingInfo>
  </Event>
  
"
Microsoft-Windows-Sysmon/Operational,,,WinDev2309Eval,,,,,,,,,"LogMeIn, Inc.",13,19617,SetValue,,,C:\Windows\system32\msiexec.exe,,,0x8000000000000000,Information,,,"Registry value set:

RuleName: InvDB-Pub

EventType: SetValue

UtcTime: 2023-12-27 23:00:25.780

ProcessGuid: {f57bd86a-ac89-658c-d001-000000000f00}

ProcessId: 10948

Image: C:\Windows\system32\msiexec.exe

TargetObject: HKLM\SOFTWARE\WOW6432Node\Microsoft\Windows\CurrentVersion\Uninstall\{7659273F-0EB6-4ECB-BC7D-5889F3FD3075}\Publisher

Details: LogMeIn, Inc.

User: NT AUTHORITY\SYSTEM",Info,,,,,,,,{f57bd86a-ac89-658c-d001-000000000f00},3588,10948,,,,,,"
      ",InvDB-Pub,,,,,,2023-12-27T23:00:25.7847724Z,,HKLM\SOFTWARE\WOW6432Node\Microsoft\Windows\CurrentVersion\Uninstall\{7659273F-0EB6-4ECB-BC7D-5889F3FD3075}\Publisher,Registry value set (rule: RegistryEvent),,5124,NT AUTHORITY\SYSTEM,S-1-5-18,2023-12-27 23:00:25.780,2,"<Event xmlns=""http://schemas.microsoft.com/win/2004/08/events/event"">
    <System>
      <Provider Name=""Microsoft-Windows-Sysmon"" Guid=""{5770385f-c22a-43e0-bf4c-06f5698ffbd9}""/>
      <EventID>13</EventID>
      <Version>2</Version>
      <Level>4</Level>
      <Task>13</Task>
      <Opcode>0</Opcode>
      <Keywords>0x8000000000000000</Keywords>
      <TimeCreated SystemTime=""2023-12-27T23:00:25.7847724Z""/>
      <EventRecordID>19617</EventRecordID>
      <Correlation/>
      <Execution ProcessID=""3588"" ThreadID=""5124""/>
      <Channel>Microsoft-Windows-Sysmon/Operational</Channel>
      <Computer>WinDev2309Eval</Computer>
      <Security UserID=""S-1-5-18""/>
    </System>
    <EventData>
      <Data Name=""RuleName"">InvDB-Pub</Data>
      <Data Name=""EventType"">SetValue</Data>
      <Data Name=""UtcTime"">2023-12-27 23:00:25.780</Data>
      <Data Name=""ProcessGuid"">{f57bd86a-ac89-658c-d001-000000000f00}</Data>
      <Data Name=""ProcessId"">10948</Data>
      <Data Name=""Image"">C:\Windows\system32\msiexec.exe</Data>
      <Data Name=""TargetObject"">HKLM\SOFTWARE\WOW6432Node\Microsoft\Windows\CurrentVersion\Uninstall\{7659273F-0EB6-4ECB-BC7D-5889F3FD3075}\Publisher</Data>
      <Data Name=""Details"">LogMeIn, Inc.</Data>
      <Data Name=""User"">NT AUTHORITY\SYSTEM</Data>
    </EventData>
    <RenderingInfo Culture=""en-US"">
      <Message>Registry value set:

RuleName: InvDB-Pub

EventType: SetValue

UtcTime: 2023-12-27 23:00:25.780

ProcessGuid: {f57bd86a-ac89-658c-d001-000000000f00}

ProcessId: 10948

Image: C:\Windows\system32\msiexec.exe

TargetObject: HKLM\SOFTWARE\WOW6432Node\Microsoft\Windows\CurrentVersion\Uninstall\{7659273F-0EB6-4ECB-BC7D-5889F3FD3075}\Publisher

Details: LogMeIn, Inc.

User: NT AUTHORITY\SYSTEM</Message>
      <Level>Information</Level>
      <Task>Registry value set (rule: RegistryEvent)</Task>
      <Opcode>Info</Opcode>
    </RenderingInfo>
  </Event>
  
"
Microsoft-Windows-Sysmon/Operational,,,WinDev2309Eval,,,,,,,,,C:\Users\User\AppData\Local\Temp\06DB06C4-B670-4618-83D4-AA7E179E152E\,13,19616,SetValue,,,C:\Windows\system32\msiexec.exe,,,0x8000000000000000,Information,,,"Registry value set:

RuleName: -

EventType: SetValue

UtcTime: 2023-12-27 23:00:25.780

ProcessGuid: {f57bd86a-ac89-658c-d001-000000000f00}

ProcessId: 10948

Image: C:\Windows\system32\msiexec.exe

TargetObject: HKLM\SOFTWARE\WOW6432Node\Microsoft\Windows\CurrentVersion\Uninstall\{7659273F-0EB6-4ECB-BC7D-5889F3FD3075}\InstallSource

Details: C:\Users\User\AppData\Local\Temp\06DB06C4-B670-4618-83D4-AA7E179E152E\

User: NT AUTHORITY\SYSTEM",Info,,,,,,,,{f57bd86a-ac89-658c-d001-000000000f00},3588,10948,,,,,,"
      ",-,,,,,,2023-12-27T23:00:25.7844469Z,,HKLM\SOFTWARE\WOW6432Node\Microsoft\Windows\CurrentVersion\Uninstall\{7659273F-0EB6-4ECB-BC7D-5889F3FD3075}\InstallSource,Registry value set (rule: RegistryEvent),,5124,NT AUTHORITY\SYSTEM,S-1-5-18,2023-12-27 23:00:25.780,2,"<Event xmlns=""http://schemas.microsoft.com/win/2004/08/events/event"">
    <System>
      <Provider Name=""Microsoft-Windows-Sysmon"" Guid=""{5770385f-c22a-43e0-bf4c-06f5698ffbd9}""/>
      <EventID>13</EventID>
      <Version>2</Version>
      <Level>4</Level>
      <Task>13</Task>
      <Opcode>0</Opcode>
      <Keywords>0x8000000000000000</Keywords>
      <TimeCreated SystemTime=""2023-12-27T23:00:25.7844469Z""/>
      <EventRecordID>19616</EventRecordID>
      <Correlation/>
      <Execution ProcessID=""3588"" ThreadID=""5124""/>
      <Channel>Microsoft-Windows-Sysmon/Operational</Channel>
      <Computer>WinDev2309Eval</Computer>
      <Security UserID=""S-1-5-18""/>
    </System>
    <EventData>
      <Data Name=""RuleName"">-</Data>
      <Data Name=""EventType"">SetValue</Data>
      <Data Name=""UtcTime"">2023-12-27 23:00:25.780</Data>
      <Data Name=""ProcessGuid"">{f57bd86a-ac89-658c-d001-000000000f00}</Data>
      <Data Name=""ProcessId"">10948</Data>
      <Data Name=""Image"">C:\Windows\system32\msiexec.exe</Data>
      <Data Name=""TargetObject"">HKLM\SOFTWARE\WOW6432Node\Microsoft\Windows\CurrentVersion\Uninstall\{7659273F-0EB6-4ECB-BC7D-5889F3FD3075}\InstallSource</Data>
      <Data Name=""Details"">C:\Users\User\AppData\Local\Temp\06DB06C4-B670-4618-83D4-AA7E179E152E\</Data>
      <Data Name=""User"">NT AUTHORITY\SYSTEM</Data>
    </EventData>
    <RenderingInfo Culture=""en-US"">
      <Message>Registry value set:

RuleName: -

EventType: SetValue

UtcTime: 2023-12-27 23:00:25.780

ProcessGuid: {f57bd86a-ac89-658c-d001-000000000f00}

ProcessId: 10948

Image: C:\Windows\system32\msiexec.exe

TargetObject: HKLM\SOFTWARE\WOW6432Node\Microsoft\Windows\CurrentVersion\Uninstall\{7659273F-0EB6-4ECB-BC7D-5889F3FD3075}\InstallSource

Details: C:\Users\User\AppData\Local\Temp\06DB06C4-B670-4618-83D4-AA7E179E152E\

User: NT AUTHORITY\SYSTEM</Message>
      <Level>Information</Level>
      <Task>Registry value set (rule: RegistryEvent)</Task>
      <Opcode>Info</Opcode>
    </RenderingInfo>
  </Event>
  
"
Microsoft-Windows-Sysmon/Operational,,,WinDev2309Eval,,,,,,,,,(Empty),13,19615,SetValue,,,C:\Windows\system32\msiexec.exe,,,0x8000000000000000,Information,,,"Registry value set:

RuleName: -

EventType: SetValue

UtcTime: 2023-12-27 23:00:25.780

ProcessGuid: {f57bd86a-ac89-658c-d001-000000000f00}

ProcessId: 10948

Image: C:\Windows\system32\msiexec.exe

TargetObject: HKLM\SOFTWARE\Microsoft\Windows\CurrentVersion\Installer\UserData\S-1-5-21-2835251196-2691927458-378326815-1000\Products\F37295676BE0BCE4CBD785983FDF0357\InstallProperties\URLUpdateInfo

Details: (Empty)

User: NT AUTHORITY\SYSTEM",Info,,,,,,,,{f57bd86a-ac89-658c-d001-000000000f00},3588,10948,,,,,,"
      ",-,,,,,,2023-12-27T23:00:25.7820600Z,,HKLM\SOFTWARE\Microsoft\Windows\CurrentVersion\Installer\UserData\S-1-5-21-2835251196-2691927458-378326815-1000\Products\F37295676BE0BCE4CBD785983FDF0357\InstallProperties\URLUpdateInfo,Registry value set (rule: RegistryEvent),,5124,NT AUTHORITY\SYSTEM,S-1-5-18,2023-12-27 23:00:25.780,2,"<Event xmlns=""http://schemas.microsoft.com/win/2004/08/events/event"">
    <System>
      <Provider Name=""Microsoft-Windows-Sysmon"" Guid=""{5770385f-c22a-43e0-bf4c-06f5698ffbd9}""/>
      <EventID>13</EventID>
      <Version>2</Version>
      <Level>4</Level>
      <Task>13</Task>
      <Opcode>0</Opcode>
      <Keywords>0x8000000000000000</Keywords>
      <TimeCreated SystemTime=""2023-12-27T23:00:25.7820600Z""/>
      <EventRecordID>19615</EventRecordID>
      <Correlation/>
      <Execution ProcessID=""3588"" ThreadID=""5124""/>
      <Channel>Microsoft-Windows-Sysmon/Operational</Channel>
      <Computer>WinDev2309Eval</Computer>
      <Security UserID=""S-1-5-18""/>
    </System>
    <EventData>
      <Data Name=""RuleName"">-</Data>
      <Data Name=""EventType"">SetValue</Data>
      <Data Name=""UtcTime"">2023-12-27 23:00:25.780</Data>
      <Data Name=""ProcessGuid"">{f57bd86a-ac89-658c-d001-000000000f00}</Data>
      <Data Name=""ProcessId"">10948</Data>
      <Data Name=""Image"">C:\Windows\system32\msiexec.exe</Data>
      <Data Name=""TargetObject"">HKLM\SOFTWARE\Microsoft\Windows\CurrentVersion\Installer\UserData\S-1-5-21-2835251196-2691927458-378326815-1000\Products\F37295676BE0BCE4CBD785983FDF0357\InstallProperties\URLUpdateInfo</Data>
      <Data Name=""Details"">(Empty)</Data>
      <Data Name=""User"">NT AUTHORITY\SYSTEM</Data>
    </EventData>
    <RenderingInfo Culture=""en-US"">
      <Message>Registry value set:

RuleName: -

EventType: SetValue

UtcTime: 2023-12-27 23:00:25.780

ProcessGuid: {f57bd86a-ac89-658c-d001-000000000f00}

ProcessId: 10948

Image: C:\Windows\system32\msiexec.exe

TargetObject: HKLM\SOFTWARE\Microsoft\Windows\CurrentVersion\Installer\UserData\S-1-5-21-2835251196-2691927458-378326815-1000\Products\F37295676BE0BCE4CBD785983FDF0357\InstallProperties\URLUpdateInfo

Details: (Empty)

User: NT AUTHORITY\SYSTEM</Message>
      <Level>Information</Level>
      <Task>Registry value set (rule: RegistryEvent)</Task>
      <Opcode>Info</Opcode>
    </RenderingInfo>
  </Event>
  
"
