Microsoft-Windows-Sysmon/Operational,,,WinDev2309Eval,,,,,,,,,c:\users\user\appdata\local\gotoassist remote support expert\1702\g2ax_start.exe,13,19673,SetValue,,,C:\Windows\system32\compattelrunner.exe,,,0x8000000000000000,Information,,,"Registry value set:

RuleName: InvDB-Path

EventType: SetValue

UtcTime: 2023-12-27 23:00:29.009

ProcessGuid: {f57bd86a-ac8b-658c-d301-000000000f00}

ProcessId: 1336

Image: C:\Windows\system32\compattelrunner.exe

TargetObject: \REGISTRY\A\{b3b14332-edc6-625a-c682-62677f6d06d4}\Root\InventoryApplicationFile\g2ax_start.exe|87a146da68e5d936\LowerCaseLongPath

Details: c:\users\user\appdata\local\gotoassist remote support expert\1702\g2ax_start.exe

User: NT AUTHORITY\SYSTEM",Info,,,,,,,,{f57bd86a-ac8b-658c-d301-000000000f00},3588,1336,,,,,,"
      ",InvDB-Path,,,,,,2023-12-27T23:00:29.0235093Z,,\REGISTRY\A\{b3b14332-edc6-625a-c682-62677f6d06d4}\Root\InventoryApplicationFile\g2ax_start.exe|87a146da68e5d936\LowerCaseLongPath,Registry value set (rule: RegistryEvent),,5124,NT AUTHORITY\SYSTEM,S-1-5-18,2023-12-27 23:00:29.009,2,"<Event xmlns=""http://schemas.microsoft.com/win/2004/08/events/event"">
    <System>
      <Provider Name=""Microsoft-Windows-Sysmon"" Guid=""{5770385f-c22a-43e0-bf4c-06f5698ffbd9}""/>
      <EventID>13</EventID>
      <Version>2</Version>
      <Level>4</Level>
      <Task>13</Task>
      <Opcode>0</Opcode>
      <Keywords>0x8000000000000000</Keywords>
      <TimeCreated SystemTime=""2023-12-27T23:00:29.0235093Z""/>
      <EventRecordID>19673</EventRecordID>
      <Correlation/>
      <Execution ProcessID=""3588"" ThreadID=""5124""/>
      <Channel>Microsoft-Windows-Sysmon/Operational</Channel>
      <Computer>WinDev2309Eval</Computer>
      <Security UserID=""S-1-5-18""/>
    </System>
    <EventData>
      <Data Name=""RuleName"">InvDB-Path</Data>
      <Data Name=""EventType"">SetValue</Data>
      <Data Name=""UtcTime"">2023-12-27 23:00:29.009</Data>
      <Data Name=""ProcessGuid"">{f57bd86a-ac8b-658c-d301-000000000f00}</Data>
      <Data Name=""ProcessId"">1336</Data>
      <Data Name=""Image"">C:\Windows\system32\compattelrunner.exe</Data>
      <Data Name=""TargetObject"">\REGISTRY\A\{b3b14332-edc6-625a-c682-62677f6d06d4}\Root\InventoryApplicationFile\g2ax_start.exe|87a146da68e5d936\LowerCaseLongPath</Data>
      <Data Name=""Details"">c:\users\user\appdata\local\gotoassist remote support expert\1702\g2ax_start.exe</Data>
      <Data Name=""User"">NT AUTHORITY\SYSTEM</Data>
    </EventData>
    <RenderingInfo Culture=""en-US"">
      <Message>Registry value set:

RuleName: InvDB-Path

EventType: SetValue

UtcTime: 2023-12-27 23:00:29.009

ProcessGuid: {f57bd86a-ac8b-658c-d301-000000000f00}

ProcessId: 1336

Image: C:\Windows\system32\compattelrunner.exe

TargetObject: \REGISTRY\A\{b3b14332-edc6-625a-c682-62677f6d06d4}\Root\InventoryApplicationFile\g2ax_start.exe|87a146da68e5d936\LowerCaseLongPath

Details: c:\users\user\appdata\local\gotoassist remote support expert\1702\g2ax_start.exe

User: NT AUTHORITY\SYSTEM</Message>
      <Level>Information</Level>
      <Task>Registry value set (rule: RegistryEvent)</Task>
      <Opcode>Info</Opcode>
    </RenderingInfo>
  </Event>
  
"
Microsoft-Windows-Sysmon/Operational,,,WinDev2309Eval,,,,,,,,,4.8.1702.0,13,19672,SetValue,,,C:\Windows\system32\compattelrunner.exe,,,0x8000000000000000,Information,,,"Registry value set:

RuleName: InvDB-Ver

EventType: SetValue

UtcTime: 2023-12-27 23:00:29.009

ProcessGuid: {f57bd86a-ac8b-658c-d301-000000000f00}

ProcessId: 1336

Image: C:\Windows\system32\compattelrunner.exe

TargetObject: \REGISTRY\A\{b3b14332-edc6-625a-c682-62677f6d06d4}\Root\InventoryApplicationFile\g2ax_session_exp|e1af8c93592310bc\BinProductVersion

Details: 4.8.1702.0

User: NT AUTHORITY\SYSTEM",Info,,,,,,,,{f57bd86a-ac8b-658c-d301-000000000f00},3588,1336,,,,,,"
      ",InvDB-Ver,,,,,,2023-12-27T23:00:29.0231641Z,,\REGISTRY\A\{b3b14332-edc6-625a-c682-62677f6d06d4}\Root\InventoryApplicationFile\g2ax_session_exp|e1af8c93592310bc\BinProductVersion,Registry value set (rule: RegistryEvent),,5124,NT AUTHORITY\SYSTEM,S-1-5-18,2023-12-27 23:00:29.009,2,"<Event xmlns=""http://schemas.microsoft.com/win/2004/08/events/event"">
    <System>
      <Provider Name=""Microsoft-Windows-Sysmon"" Guid=""{5770385f-c22a-43e0-bf4c-06f5698ffbd9}""/>
      <EventID>13</EventID>
      <Version>2</Version>
      <Level>4</Level>
      <Task>13</Task>
      <Opcode>0</Opcode>
      <Keywords>0x8000000000000000</Keywords>
      <TimeCreated SystemTime=""2023-12-27T23:00:29.0231641Z""/>
      <EventRecordID>19672</EventRecordID>
      <Correlation/>
      <Execution ProcessID=""3588"" ThreadID=""5124""/>
      <Channel>Microsoft-Windows-Sysmon/Operational</Channel>
      <Computer>WinDev2309Eval</Computer>
      <Security UserID=""S-1-5-18""/>
    </System>
    <EventData>
      <Data Name=""RuleName"">InvDB-Ver</Data>
      <Data Name=""EventType"">SetValue</Data>
      <Data Name=""UtcTime"">2023-12-27 23:00:29.009</Data>
      <Data Name=""ProcessGuid"">{f57bd86a-ac8b-658c-d301-000000000f00}</Data>
      <Data Name=""ProcessId"">1336</Data>
      <Data Name=""Image"">C:\Windows\system32\compattelrunner.exe</Data>
      <Data Name=""TargetObject"">\REGISTRY\A\{b3b14332-edc6-625a-c682-62677f6d06d4}\Root\InventoryApplicationFile\g2ax_session_exp|e1af8c93592310bc\BinProductVersion</Data>
      <Data Name=""Details"">4.8.1702.0</Data>
      <Data Name=""User"">NT AUTHORITY\SYSTEM</Data>
    </EventData>
    <RenderingInfo Culture=""en-US"">
      <Message>Registry value set:

RuleName: InvDB-Ver

EventType: SetValue

UtcTime: 2023-12-27 23:00:29.009

ProcessGuid: {f57bd86a-ac8b-658c-d301-000000000f00}

ProcessId: 1336

Image: C:\Windows\system32\compattelrunner.exe

TargetObject: \REGISTRY\A\{b3b14332-edc6-625a-c682-62677f6d06d4}\Root\InventoryApplicationFile\g2ax_session_exp|e1af8c93592310bc\BinProductVersion

Details: 4.8.1702.0

User: NT AUTHORITY\SYSTEM</Message>
      <Level>Information</Level>
      <Task>Registry value set (rule: RegistryEvent)</Task>
      <Opcode>Info</Opcode>
    </RenderingInfo>
  </Event>
  
"
Microsoft-Windows-Sysmon/Operational,,,WinDev2309Eval,,,,,,,,,03/09/2021 09:51:58,13,19671,SetValue,,,C:\Windows\system32\compattelrunner.exe,,,0x8000000000000000,Information,,,"Registry value set:

RuleName: InvDB-CompileTimeClaim

EventType: SetValue

UtcTime: 2023-12-27 23:00:29.009

ProcessGuid: {f57bd86a-ac8b-658c-d301-000000000f00}

ProcessId: 1336

Image: C:\Windows\system32\compattelrunner.exe

TargetObject: \REGISTRY\A\{b3b14332-edc6-625a-c682-62677f6d06d4}\Root\InventoryApplicationFile\g2ax_session_exp|e1af8c93592310bc\LinkDate

Details: 03/09/2021 09:51:58

User: NT AUTHORITY\SYSTEM",Info,,,,,,,,{f57bd86a-ac8b-658c-d301-000000000f00},3588,1336,,,,,,"
      ",InvDB-CompileTimeClaim,,,,,,2023-12-27T23:00:29.0231046Z,,\REGISTRY\A\{b3b14332-edc6-625a-c682-62677f6d06d4}\Root\InventoryApplicationFile\g2ax_session_exp|e1af8c93592310bc\LinkDate,Registry value set (rule: RegistryEvent),,5124,NT AUTHORITY\SYSTEM,S-1-5-18,2023-12-27 23:00:29.009,2,"<Event xmlns=""http://schemas.microsoft.com/win/2004/08/events/event"">
    <System>
      <Provider Name=""Microsoft-Windows-Sysmon"" Guid=""{5770385f-c22a-43e0-bf4c-06f5698ffbd9}""/>
      <EventID>13</EventID>
      <Version>2</Version>
      <Level>4</Level>
      <Task>13</Task>
      <Opcode>0</Opcode>
      <Keywords>0x8000000000000000</Keywords>
      <TimeCreated SystemTime=""2023-12-27T23:00:29.0231046Z""/>
      <EventRecordID>19671</EventRecordID>
      <Correlation/>
      <Execution ProcessID=""3588"" ThreadID=""5124""/>
      <Channel>Microsoft-Windows-Sysmon/Operational</Channel>
      <Computer>WinDev2309Eval</Computer>
      <Security UserID=""S-1-5-18""/>
    </System>
    <EventData>
      <Data Name=""RuleName"">InvDB-CompileTimeClaim</Data>
      <Data Name=""EventType"">SetValue</Data>
      <Data Name=""UtcTime"">2023-12-27 23:00:29.009</Data>
      <Data Name=""ProcessGuid"">{f57bd86a-ac8b-658c-d301-000000000f00}</Data>
      <Data Name=""ProcessId"">1336</Data>
      <Data Name=""Image"">C:\Windows\system32\compattelrunner.exe</Data>
      <Data Name=""TargetObject"">\REGISTRY\A\{b3b14332-edc6-625a-c682-62677f6d06d4}\Root\InventoryApplicationFile\g2ax_session_exp|e1af8c93592310bc\LinkDate</Data>
      <Data Name=""Details"">03/09/2021 09:51:58</Data>
      <Data Name=""User"">NT AUTHORITY\SYSTEM</Data>
    </EventData>
    <RenderingInfo Culture=""en-US"">
      <Message>Registry value set:

RuleName: InvDB-CompileTimeClaim

EventType: SetValue

UtcTime: 2023-12-27 23:00:29.009

ProcessGuid: {f57bd86a-ac8b-658c-d301-000000000f00}

ProcessId: 1336

Image: C:\Windows\system32\compattelrunner.exe

TargetObject: \REGISTRY\A\{b3b14332-edc6-625a-c682-62677f6d06d4}\Root\InventoryApplicationFile\g2ax_session_exp|e1af8c93592310bc\LinkDate

Details: 03/09/2021 09:51:58

User: NT AUTHORITY\SYSTEM</Message>
      <Level>Information</Level>
      <Task>Registry value set (rule: RegistryEvent)</Task>
      <Opcode>Info</Opcode>
    </RenderingInfo>
  </Event>
  
"
Microsoft-Windows-Sysmon/Operational,,,WinDev2309Eval,,,,,,,,,"logmein, inc.",13,19670,SetValue,,,C:\Windows\system32\compattelrunner.exe,,,0x8000000000000000,Information,,,"Registry value set:

RuleName: InvDB-Pub

EventType: SetValue

UtcTime: 2023-12-27 23:00:29.009

ProcessGuid: {f57bd86a-ac8b-658c-d301-000000000f00}

ProcessId: 1336

Image: C:\Windows\system32\compattelrunner.exe

TargetObject: \REGISTRY\A\{b3b14332-edc6-625a-c682-62677f6d06d4}\Root\InventoryApplicationFile\g2ax_session_exp|e1af8c93592310bc\Publisher

Details: logmein, inc.

User: NT AUTHORITY\SYSTEM",Info,,,,,,,,{f57bd86a-ac8b-658c-d301-000000000f00},3588,1336,,,,,,"
      ",InvDB-Pub,,,,,,2023-12-27T23:00:29.0227501Z,,\REGISTRY\A\{b3b14332-edc6-625a-c682-62677f6d06d4}\Root\InventoryApplicationFile\g2ax_session_exp|e1af8c93592310bc\Publisher,Registry value set (rule: RegistryEvent),,5124,NT AUTHORITY\SYSTEM,S-1-5-18,2023-12-27 23:00:29.009,2,"<Event xmlns=""http://schemas.microsoft.com/win/2004/08/events/event"">
    <System>
      <Provider Name=""Microsoft-Windows-Sysmon"" Guid=""{5770385f-c22a-43e0-bf4c-06f5698ffbd9}""/>
      <EventID>13</EventID>
      <Version>2</Version>
      <Level>4</Level>
      <Task>13</Task>
      <Opcode>0</Opcode>
      <Keywords>0x8000000000000000</Keywords>
      <TimeCreated SystemTime=""2023-12-27T23:00:29.0227501Z""/>
      <EventRecordID>19670</EventRecordID>
      <Correlation/>
      <Execution ProcessID=""3588"" ThreadID=""5124""/>
      <Channel>Microsoft-Windows-Sysmon/Operational</Channel>
      <Computer>WinDev2309Eval</Computer>
      <Security UserID=""S-1-5-18""/>
    </System>
    <EventData>
      <Data Name=""RuleName"">InvDB-Pub</Data>
      <Data Name=""EventType"">SetValue</Data>
      <Data Name=""UtcTime"">2023-12-27 23:00:29.009</Data>
      <Data Name=""ProcessGuid"">{f57bd86a-ac8b-658c-d301-000000000f00}</Data>
      <Data Name=""ProcessId"">1336</Data>
      <Data Name=""Image"">C:\Windows\system32\compattelrunner.exe</Data>
      <Data Name=""TargetObject"">\REGISTRY\A\{b3b14332-edc6-625a-c682-62677f6d06d4}\Root\InventoryApplicationFile\g2ax_session_exp|e1af8c93592310bc\Publisher</Data>
      <Data Name=""Details"">logmein, inc.</Data>
      <Data Name=""User"">NT AUTHORITY\SYSTEM</Data>
    </EventData>
    <RenderingInfo Culture=""en-US"">
      <Message>Registry value set:

RuleName: InvDB-Pub

EventType: SetValue

UtcTime: 2023-12-27 23:00:29.009

ProcessGuid: {f57bd86a-ac8b-658c-d301-000000000f00}

ProcessId: 1336

Image: C:\Windows\system32\compattelrunner.exe

TargetObject: \REGISTRY\A\{b3b14332-edc6-625a-c682-62677f6d06d4}\Root\InventoryApplicationFile\g2ax_session_exp|e1af8c93592310bc\Publisher

Details: logmein, inc.

User: NT AUTHORITY\SYSTEM</Message>
      <Level>Information</Level>
      <Task>Registry value set (rule: RegistryEvent)</Task>
      <Opcode>Info</Opcode>
    </RenderingInfo>
  </Event>
  
"
Microsoft-Windows-Sysmon/Operational,,,WinDev2309Eval,,,,,,,,,c:\users\user\appdata\local\gotoassist remote support expert\1702\g2ax_session_expert.exe,13,19669,SetValue,,,C:\Windows\system32\compattelrunner.exe,,,0x8000000000000000,Information,,,"Registry value set:

RuleName: InvDB-Path

EventType: SetValue

UtcTime: 2023-12-27 23:00:29.009

ProcessGuid: {f57bd86a-ac8b-658c-d301-000000000f00}

ProcessId: 1336

Image: C:\Windows\system32\compattelrunner.exe

TargetObject: \REGISTRY\A\{b3b14332-edc6-625a-c682-62677f6d06d4}\Root\InventoryApplicationFile\g2ax_session_exp|e1af8c93592310bc\LowerCaseLongPath

Details: c:\users\user\appdata\local\gotoassist remote support expert\1702\g2ax_session_expert.exe

User: NT AUTHORITY\SYSTEM",Info,,,,,,,,{f57bd86a-ac8b-658c-d301-000000000f00},3588,1336,,,,,,"
      ",InvDB-Path,,,,,,2023-12-27T23:00:29.0225812Z,,\REGISTRY\A\{b3b14332-edc6-625a-c682-62677f6d06d4}\Root\InventoryApplicationFile\g2ax_session_exp|e1af8c93592310bc\LowerCaseLongPath,Registry value set (rule: RegistryEvent),,5124,NT AUTHORITY\SYSTEM,S-1-5-18,2023-12-27 23:00:29.009,2,"<Event xmlns=""http://schemas.microsoft.com/win/2004/08/events/event"">
    <System>
      <Provider Name=""Microsoft-Windows-Sysmon"" Guid=""{5770385f-c22a-43e0-bf4c-06f5698ffbd9}""/>
      <EventID>13</EventID>
      <Version>2</Version>
      <Level>4</Level>
      <Task>13</Task>
      <Opcode>0</Opcode>
      <Keywords>0x8000000000000000</Keywords>
      <TimeCreated SystemTime=""2023-12-27T23:00:29.0225812Z""/>
      <EventRecordID>19669</EventRecordID>
      <Correlation/>
      <Execution ProcessID=""3588"" ThreadID=""5124""/>
      <Channel>Microsoft-Windows-Sysmon/Operational</Channel>
      <Computer>WinDev2309Eval</Computer>
      <Security UserID=""S-1-5-18""/>
    </System>
    <EventData>
      <Data Name=""RuleName"">InvDB-Path</Data>
      <Data Name=""EventType"">SetValue</Data>
      <Data Name=""UtcTime"">2023-12-27 23:00:29.009</Data>
      <Data Name=""ProcessGuid"">{f57bd86a-ac8b-658c-d301-000000000f00}</Data>
      <Data Name=""ProcessId"">1336</Data>
      <Data Name=""Image"">C:\Windows\system32\compattelrunner.exe</Data>
      <Data Name=""TargetObject"">\REGISTRY\A\{b3b14332-edc6-625a-c682-62677f6d06d4}\Root\InventoryApplicationFile\g2ax_session_exp|e1af8c93592310bc\LowerCaseLongPath</Data>
      <Data Name=""Details"">c:\users\user\appdata\local\gotoassist remote support expert\1702\g2ax_session_expert.exe</Data>
      <Data Name=""User"">NT AUTHORITY\SYSTEM</Data>
    </EventData>
    <RenderingInfo Culture=""en-US"">
      <Message>Registry value set:

RuleName: InvDB-Path

EventType: SetValue

UtcTime: 2023-12-27 23:00:29.009

ProcessGuid: {f57bd86a-ac8b-658c-d301-000000000f00}

ProcessId: 1336

Image: C:\Windows\system32\compattelrunner.exe

TargetObject: \REGISTRY\A\{b3b14332-edc6-625a-c682-62677f6d06d4}\Root\InventoryApplicationFile\g2ax_session_exp|e1af8c93592310bc\LowerCaseLongPath

Details: c:\users\user\appdata\local\gotoassist remote support expert\1702\g2ax_session_expert.exe

User: NT AUTHORITY\SYSTEM</Message>
      <Level>Information</Level>
      <Task>Registry value set (rule: RegistryEvent)</Task>
      <Opcode>Info</Opcode>
    </RenderingInfo>
  </Event>
  
"
Microsoft-Windows-Sysmon/Operational,,,WinDev2309Eval,,,,,,,,,4.8.1702.0,13,19668,SetValue,,,C:\Windows\system32\compattelrunner.exe,,,0x8000000000000000,Information,,,"Registry value set:

RuleName: InvDB-Ver

EventType: SetValue

UtcTime: 2023-12-27 23:00:29.009

ProcessGuid: {f57bd86a-ac8b-658c-d301-000000000f00}

ProcessId: 1336

Image: C:\Windows\system32\compattelrunner.exe

TargetObject: \REGISTRY\A\{b3b14332-edc6-625a-c682-62677f6d06d4}\Root\InventoryApplicationFile\g2ax_installerex|80c6d695ee3feb2d\BinProductVersion

Details: 4.8.1702.0

User: NT AUTHORITY\SYSTEM",Info,,,,,,,,{f57bd86a-ac8b-658c-d301-000000000f00},3588,1336,,,,,,"
      ",InvDB-Ver,,,,,,2023-12-27T23:00:29.0222333Z,,\REGISTRY\A\{b3b14332-edc6-625a-c682-62677f6d06d4}\Root\InventoryApplicationFile\g2ax_installerex|80c6d695ee3feb2d\BinProductVersion,Registry value set (rule: RegistryEvent),,5124,NT AUTHORITY\SYSTEM,S-1-5-18,2023-12-27 23:00:29.009,2,"<Event xmlns=""http://schemas.microsoft.com/win/2004/08/events/event"">
    <System>
      <Provider Name=""Microsoft-Windows-Sysmon"" Guid=""{5770385f-c22a-43e0-bf4c-06f5698ffbd9}""/>
      <EventID>13</EventID>
      <Version>2</Version>
      <Level>4</Level>
      <Task>13</Task>
      <Opcode>0</Opcode>
      <Keywords>0x8000000000000000</Keywords>
      <TimeCreated SystemTime=""2023-12-27T23:00:29.0222333Z""/>
      <EventRecordID>19668</EventRecordID>
      <Correlation/>
      <Execution ProcessID=""3588"" ThreadID=""5124""/>
      <Channel>Microsoft-Windows-Sysmon/Operational</Channel>
      <Computer>WinDev2309Eval</Computer>
      <Security UserID=""S-1-5-18""/>
    </System>
    <EventData>
      <Data Name=""RuleName"">InvDB-Ver</Data>
      <Data Name=""EventType"">SetValue</Data>
      <Data Name=""UtcTime"">2023-12-27 23:00:29.009</Data>
      <Data Name=""ProcessGuid"">{f57bd86a-ac8b-658c-d301-000000000f00}</Data>
      <Data Name=""ProcessId"">1336</Data>
      <Data Name=""Image"">C:\Windows\system32\compattelrunner.exe</Data>
      <Data Name=""TargetObject"">\REGISTRY\A\{b3b14332-edc6-625a-c682-62677f6d06d4}\Root\InventoryApplicationFile\g2ax_installerex|80c6d695ee3feb2d\BinProductVersion</Data>
      <Data Name=""Details"">4.8.1702.0</Data>
      <Data Name=""User"">NT AUTHORITY\SYSTEM</Data>
    </EventData>
    <RenderingInfo Culture=""en-US"">
      <Message>Registry value set:

RuleName: InvDB-Ver

EventType: SetValue

UtcTime: 2023-12-27 23:00:29.009

ProcessGuid: {f57bd86a-ac8b-658c-d301-000000000f00}

ProcessId: 1336

Image: C:\Windows\system32\compattelrunner.exe

TargetObject: \REGISTRY\A\{b3b14332-edc6-625a-c682-62677f6d06d4}\Root\InventoryApplicationFile\g2ax_installerex|80c6d695ee3feb2d\BinProductVersion

Details: 4.8.1702.0

User: NT AUTHORITY\SYSTEM</Message>
      <Level>Information</Level>
      <Task>Registry value set (rule: RegistryEvent)</Task>
      <Opcode>Info</Opcode>
    </RenderingInfo>
  </Event>
  
"
Microsoft-Windows-Sysmon/Operational,,,WinDev2309Eval,,,,,,,,,03/09/2021 09:51:58,13,19667,SetValue,,,C:\Windows\system32\compattelrunner.exe,,,0x8000000000000000,Information,,,"Registry value set:

RuleName: InvDB-CompileTimeClaim

EventType: SetValue

UtcTime: 2023-12-27 23:00:29.009

ProcessGuid: {f57bd86a-ac8b-658c-d301-000000000f00}

ProcessId: 1336

Image: C:\Windows\system32\compattelrunner.exe

TargetObject: \REGISTRY\A\{b3b14332-edc6-625a-c682-62677f6d06d4}\Root\InventoryApplicationFile\g2ax_installerex|80c6d695ee3feb2d\LinkDate

Details: 03/09/2021 09:51:58

User: NT AUTHORITY\SYSTEM",Info,,,,,,,,{f57bd86a-ac8b-658c-d301-000000000f00},3588,1336,,,,,,"
      ",InvDB-CompileTimeClaim,,,,,,2023-12-27T23:00:29.0221739Z,,\REGISTRY\A\{b3b14332-edc6-625a-c682-62677f6d06d4}\Root\InventoryApplicationFile\g2ax_installerex|80c6d695ee3feb2d\LinkDate,Registry value set (rule: RegistryEvent),,5124,NT AUTHORITY\SYSTEM,S-1-5-18,2023-12-27 23:00:29.009,2,"<Event xmlns=""http://schemas.microsoft.com/win/2004/08/events/event"">
    <System>
      <Provider Name=""Microsoft-Windows-Sysmon"" Guid=""{5770385f-c22a-43e0-bf4c-06f5698ffbd9}""/>
      <EventID>13</EventID>
      <Version>2</Version>
      <Level>4</Level>
      <Task>13</Task>
      <Opcode>0</Opcode>
      <Keywords>0x8000000000000000</Keywords>
      <TimeCreated SystemTime=""2023-12-27T23:00:29.0221739Z""/>
      <EventRecordID>19667</EventRecordID>
      <Correlation/>
      <Execution ProcessID=""3588"" ThreadID=""5124""/>
      <Channel>Microsoft-Windows-Sysmon/Operational</Channel>
      <Computer>WinDev2309Eval</Computer>
      <Security UserID=""S-1-5-18""/>
    </System>
    <EventData>
      <Data Name=""RuleName"">InvDB-CompileTimeClaim</Data>
      <Data Name=""EventType"">SetValue</Data>
      <Data Name=""UtcTime"">2023-12-27 23:00:29.009</Data>
      <Data Name=""ProcessGuid"">{f57bd86a-ac8b-658c-d301-000000000f00}</Data>
      <Data Name=""ProcessId"">1336</Data>
      <Data Name=""Image"">C:\Windows\system32\compattelrunner.exe</Data>
      <Data Name=""TargetObject"">\REGISTRY\A\{b3b14332-edc6-625a-c682-62677f6d06d4}\Root\InventoryApplicationFile\g2ax_installerex|80c6d695ee3feb2d\LinkDate</Data>
      <Data Name=""Details"">03/09/2021 09:51:58</Data>
      <Data Name=""User"">NT AUTHORITY\SYSTEM</Data>
    </EventData>
    <RenderingInfo Culture=""en-US"">
      <Message>Registry value set:

RuleName: InvDB-CompileTimeClaim

EventType: SetValue

UtcTime: 2023-12-27 23:00:29.009

ProcessGuid: {f57bd86a-ac8b-658c-d301-000000000f00}

ProcessId: 1336

Image: C:\Windows\system32\compattelrunner.exe

TargetObject: \REGISTRY\A\{b3b14332-edc6-625a-c682-62677f6d06d4}\Root\InventoryApplicationFile\g2ax_installerex|80c6d695ee3feb2d\LinkDate

Details: 03/09/2021 09:51:58

User: NT AUTHORITY\SYSTEM</Message>
      <Level>Information</Level>
      <Task>Registry value set (rule: RegistryEvent)</Task>
      <Opcode>Info</Opcode>
    </RenderingInfo>
  </Event>
  
"
Microsoft-Windows-Sysmon/Operational,,,WinDev2309Eval,,,,,,,,,"logmein, inc.",13,19666,SetValue,,,C:\Windows\system32\compattelrunner.exe,,,0x8000000000000000,Information,,,"Registry value set:

RuleName: InvDB-Pub

EventType: SetValue

UtcTime: 2023-12-27 23:00:29.009

ProcessGuid: {f57bd86a-ac8b-658c-d301-000000000f00}

ProcessId: 1336

Image: C:\Windows\system32\compattelrunner.exe

TargetObject: \REGISTRY\A\{b3b14332-edc6-625a-c682-62677f6d06d4}\Root\InventoryApplicationFile\g2ax_installerex|80c6d695ee3feb2d\Publisher

Details: logmein, inc.

User: NT AUTHORITY\SYSTEM",Info,,,,,,,,{f57bd86a-ac8b-658c-d301-000000000f00},3588,1336,,,,,,"
      ",InvDB-Pub,,,,,,2023-12-27T23:00:29.0218191Z,,\REGISTRY\A\{b3b14332-edc6-625a-c682-62677f6d06d4}\Root\InventoryApplicationFile\g2ax_installerex|80c6d695ee3feb2d\Publisher,Registry value set (rule: RegistryEvent),,5124,NT AUTHORITY\SYSTEM,S-1-5-18,2023-12-27 23:00:29.009,2,"<Event xmlns=""http://schemas.microsoft.com/win/2004/08/events/event"">
    <System>
      <Provider Name=""Microsoft-Windows-Sysmon"" Guid=""{5770385f-c22a-43e0-bf4c-06f5698ffbd9}""/>
      <EventID>13</EventID>
      <Version>2</Version>
      <Level>4</Level>
      <Task>13</Task>
      <Opcode>0</Opcode>
      <Keywords>0x8000000000000000</Keywords>
      <TimeCreated SystemTime=""2023-12-27T23:00:29.0218191Z""/>
      <EventRecordID>19666</EventRecordID>
      <Correlation/>
      <Execution ProcessID=""3588"" ThreadID=""5124""/>
      <Channel>Microsoft-Windows-Sysmon/Operational</Channel>
      <Computer>WinDev2309Eval</Computer>
      <Security UserID=""S-1-5-18""/>
    </System>
    <EventData>
      <Data Name=""RuleName"">InvDB-Pub</Data>
      <Data Name=""EventType"">SetValue</Data>
      <Data Name=""UtcTime"">2023-12-27 23:00:29.009</Data>
      <Data Name=""ProcessGuid"">{f57bd86a-ac8b-658c-d301-000000000f00}</Data>
      <Data Name=""ProcessId"">1336</Data>
      <Data Name=""Image"">C:\Windows\system32\compattelrunner.exe</Data>
      <Data Name=""TargetObject"">\REGISTRY\A\{b3b14332-edc6-625a-c682-62677f6d06d4}\Root\InventoryApplicationFile\g2ax_installerex|80c6d695ee3feb2d\Publisher</Data>
      <Data Name=""Details"">logmein, inc.</Data>
      <Data Name=""User"">NT AUTHORITY\SYSTEM</Data>
    </EventData>
    <RenderingInfo Culture=""en-US"">
      <Message>Registry value set:

RuleName: InvDB-Pub

EventType: SetValue

UtcTime: 2023-12-27 23:00:29.009

ProcessGuid: {f57bd86a-ac8b-658c-d301-000000000f00}

ProcessId: 1336

Image: C:\Windows\system32\compattelrunner.exe

TargetObject: \REGISTRY\A\{b3b14332-edc6-625a-c682-62677f6d06d4}\Root\InventoryApplicationFile\g2ax_installerex|80c6d695ee3feb2d\Publisher

Details: logmein, inc.

User: NT AUTHORITY\SYSTEM</Message>
      <Level>Information</Level>
      <Task>Registry value set (rule: RegistryEvent)</Task>
      <Opcode>Info</Opcode>
    </RenderingInfo>
  </Event>
  
"
Microsoft-Windows-Sysmon/Operational,,,WinDev2309Eval,,,,,,,,,c:\users\user\appdata\local\gotoassist remote support expert\1702\g2ax_installerexpert.exe,13,19665,SetValue,,,C:\Windows\system32\compattelrunner.exe,,,0x8000000000000000,Information,,,"Registry value set:

RuleName: InvDB-Path

EventType: SetValue

UtcTime: 2023-12-27 23:00:29.009

ProcessGuid: {f57bd86a-ac8b-658c-d301-000000000f00}

ProcessId: 1336

Image: C:\Windows\system32\compattelrunner.exe

TargetObject: \REGISTRY\A\{b3b14332-edc6-625a-c682-62677f6d06d4}\Root\InventoryApplicationFile\g2ax_installerex|80c6d695ee3feb2d\LowerCaseLongPath

Details: c:\users\user\appdata\local\gotoassist remote support expert\1702\g2ax_installerexpert.exe

User: NT AUTHORITY\SYSTEM",Info,,,,,,,,{f57bd86a-ac8b-658c-d301-000000000f00},3588,1336,,,,,,"
      ",InvDB-Path,,,,,,2023-12-27T23:00:29.0216501Z,,\REGISTRY\A\{b3b14332-edc6-625a-c682-62677f6d06d4}\Root\InventoryApplicationFile\g2ax_installerex|80c6d695ee3feb2d\LowerCaseLongPath,Registry value set (rule: RegistryEvent),,5124,NT AUTHORITY\SYSTEM,S-1-5-18,2023-12-27 23:00:29.009,2,"<Event xmlns=""http://schemas.microsoft.com/win/2004/08/events/event"">
    <System>
      <Provider Name=""Microsoft-Windows-Sysmon"" Guid=""{5770385f-c22a-43e0-bf4c-06f5698ffbd9}""/>
      <EventID>13</EventID>
      <Version>2</Version>
      <Level>4</Level>
      <Task>13</Task>
      <Opcode>0</Opcode>
      <Keywords>0x8000000000000000</Keywords>
      <TimeCreated SystemTime=""2023-12-27T23:00:29.0216501Z""/>
      <EventRecordID>19665</EventRecordID>
      <Correlation/>
      <Execution ProcessID=""3588"" ThreadID=""5124""/>
      <Channel>Microsoft-Windows-Sysmon/Operational</Channel>
      <Computer>WinDev2309Eval</Computer>
      <Security UserID=""S-1-5-18""/>
    </System>
    <EventData>
      <Data Name=""RuleName"">InvDB-Path</Data>
      <Data Name=""EventType"">SetValue</Data>
      <Data Name=""UtcTime"">2023-12-27 23:00:29.009</Data>
      <Data Name=""ProcessGuid"">{f57bd86a-ac8b-658c-d301-000000000f00}</Data>
      <Data Name=""ProcessId"">1336</Data>
      <Data Name=""Image"">C:\Windows\system32\compattelrunner.exe</Data>
      <Data Name=""TargetObject"">\REGISTRY\A\{b3b14332-edc6-625a-c682-62677f6d06d4}\Root\InventoryApplicationFile\g2ax_installerex|80c6d695ee3feb2d\LowerCaseLongPath</Data>
      <Data Name=""Details"">c:\users\user\appdata\local\gotoassist remote support expert\1702\g2ax_installerexpert.exe</Data>
      <Data Name=""User"">NT AUTHORITY\SYSTEM</Data>
    </EventData>
    <RenderingInfo Culture=""en-US"">
      <Message>Registry value set:

RuleName: InvDB-Path

EventType: SetValue

UtcTime: 2023-12-27 23:00:29.009

ProcessGuid: {f57bd86a-ac8b-658c-d301-000000000f00}

ProcessId: 1336

Image: C:\Windows\system32\compattelrunner.exe

TargetObject: \REGISTRY\A\{b3b14332-edc6-625a-c682-62677f6d06d4}\Root\InventoryApplicationFile\g2ax_installerex|80c6d695ee3feb2d\LowerCaseLongPath

Details: c:\users\user\appdata\local\gotoassist remote support expert\1702\g2ax_installerexpert.exe

User: NT AUTHORITY\SYSTEM</Message>
      <Level>Information</Level>
      <Task>Registry value set (rule: RegistryEvent)</Task>
      <Opcode>Info</Opcode>
    </RenderingInfo>
  </Event>
  
"
Microsoft-Windows-Sysmon/Operational,,,WinDev2309Eval,,,,,,,,,4.8.1702.0,13,19664,SetValue,,,C:\Windows\system32\compattelrunner.exe,,,0x8000000000000000,Information,,,"Registry value set:

RuleName: InvDB-Ver

EventType: SetValue

UtcTime: 2023-12-27 23:00:29.009

ProcessGuid: {f57bd86a-ac8b-658c-d301-000000000f00}

ProcessId: 1336

Image: C:\Windows\system32\compattelrunner.exe

TargetObject: \REGISTRY\A\{b3b14332-edc6-625a-c682-62677f6d06d4}\Root\InventoryApplicationFile\g2ax_installer_e|daa097ab8cf18edc\BinProductVersion

Details: 4.8.1702.0

User: NT AUTHORITY\SYSTEM",Info,,,,,,,,{f57bd86a-ac8b-658c-d301-000000000f00},3588,1336,,,,,,"
      ",InvDB-Ver,,,,,,2023-12-27T23:00:29.0212989Z,,\REGISTRY\A\{b3b14332-edc6-625a-c682-62677f6d06d4}\Root\InventoryApplicationFile\g2ax_installer_e|daa097ab8cf18edc\BinProductVersion,Registry value set (rule: RegistryEvent),,5124,NT AUTHORITY\SYSTEM,S-1-5-18,2023-12-27 23:00:29.009,2,"<Event xmlns=""http://schemas.microsoft.com/win/2004/08/events/event"">
    <System>
      <Provider Name=""Microsoft-Windows-Sysmon"" Guid=""{5770385f-c22a-43e0-bf4c-06f5698ffbd9}""/>
      <EventID>13</EventID>
      <Version>2</Version>
      <Level>4</Level>
      <Task>13</Task>
      <Opcode>0</Opcode>
      <Keywords>0x8000000000000000</Keywords>
      <TimeCreated SystemTime=""2023-12-27T23:00:29.0212989Z""/>
      <EventRecordID>19664</EventRecordID>
      <Correlation/>
      <Execution ProcessID=""3588"" ThreadID=""5124""/>
      <Channel>Microsoft-Windows-Sysmon/Operational</Channel>
      <Computer>WinDev2309Eval</Computer>
      <Security UserID=""S-1-5-18""/>
    </System>
    <EventData>
      <Data Name=""RuleName"">InvDB-Ver</Data>
      <Data Name=""EventType"">SetValue</Data>
      <Data Name=""UtcTime"">2023-12-27 23:00:29.009</Data>
      <Data Name=""ProcessGuid"">{f57bd86a-ac8b-658c-d301-000000000f00}</Data>
      <Data Name=""ProcessId"">1336</Data>
      <Data Name=""Image"">C:\Windows\system32\compattelrunner.exe</Data>
      <Data Name=""TargetObject"">\REGISTRY\A\{b3b14332-edc6-625a-c682-62677f6d06d4}\Root\InventoryApplicationFile\g2ax_installer_e|daa097ab8cf18edc\BinProductVersion</Data>
      <Data Name=""Details"">4.8.1702.0</Data>
      <Data Name=""User"">NT AUTHORITY\SYSTEM</Data>
    </EventData>
    <RenderingInfo Culture=""en-US"">
      <Message>Registry value set:

RuleName: InvDB-Ver

EventType: SetValue

UtcTime: 2023-12-27 23:00:29.009

ProcessGuid: {f57bd86a-ac8b-658c-d301-000000000f00}

ProcessId: 1336

Image: C:\Windows\system32\compattelrunner.exe

TargetObject: \REGISTRY\A\{b3b14332-edc6-625a-c682-62677f6d06d4}\Root\InventoryApplicationFile\g2ax_installer_e|daa097ab8cf18edc\BinProductVersion

Details: 4.8.1702.0

User: NT AUTHORITY\SYSTEM</Message>
      <Level>Information</Level>
      <Task>Registry value set (rule: RegistryEvent)</Task>
      <Opcode>Info</Opcode>
    </RenderingInfo>
  </Event>
  
"
Microsoft-Windows-Sysmon/Operational,,,WinDev2309Eval,,,,,,,,,03/09/2021 09:51:58,13,19663,SetValue,,,C:\Windows\system32\compattelrunner.exe,,,0x8000000000000000,Information,,,"Registry value set:

RuleName: InvDB-CompileTimeClaim

EventType: SetValue

UtcTime: 2023-12-27 23:00:29.009

ProcessGuid: {f57bd86a-ac8b-658c-d301-000000000f00}

ProcessId: 1336

Image: C:\Windows\system32\compattelrunner.exe

TargetObject: \REGISTRY\A\{b3b14332-edc6-625a-c682-62677f6d06d4}\Root\InventoryApplicationFile\g2ax_installer_e|daa097ab8cf18edc\LinkDate

Details: 03/09/2021 09:51:58

User: NT AUTHORITY\SYSTEM",Info,,,,,,,,{f57bd86a-ac8b-658c-d301-000000000f00},3588,1336,,,,,,"
      ",InvDB-CompileTimeClaim,,,,,,2023-12-27T23:00:29.0212200Z,,\REGISTRY\A\{b3b14332-edc6-625a-c682-62677f6d06d4}\Root\InventoryApplicationFile\g2ax_installer_e|daa097ab8cf18edc\LinkDate,Registry value set (rule: RegistryEvent),,5124,NT AUTHORITY\SYSTEM,S-1-5-18,2023-12-27 23:00:29.009,2,"<Event xmlns=""http://schemas.microsoft.com/win/2004/08/events/event"">
    <System>
      <Provider Name=""Microsoft-Windows-Sysmon"" Guid=""{5770385f-c22a-43e0-bf4c-06f5698ffbd9}""/>
      <EventID>13</EventID>
      <Version>2</Version>
      <Level>4</Level>
      <Task>13</Task>
      <Opcode>0</Opcode>
      <Keywords>0x8000000000000000</Keywords>
      <TimeCreated SystemTime=""2023-12-27T23:00:29.0212200Z""/>
      <EventRecordID>19663</EventRecordID>
      <Correlation/>
      <Execution ProcessID=""3588"" ThreadID=""5124""/>
      <Channel>Microsoft-Windows-Sysmon/Operational</Channel>
      <Computer>WinDev2309Eval</Computer>
      <Security UserID=""S-1-5-18""/>
    </System>
    <EventData>
      <Data Name=""RuleName"">InvDB-CompileTimeClaim</Data>
      <Data Name=""EventType"">SetValue</Data>
      <Data Name=""UtcTime"">2023-12-27 23:00:29.009</Data>
      <Data Name=""ProcessGuid"">{f57bd86a-ac8b-658c-d301-000000000f00}</Data>
      <Data Name=""ProcessId"">1336</Data>
      <Data Name=""Image"">C:\Windows\system32\compattelrunner.exe</Data>
      <Data Name=""TargetObject"">\REGISTRY\A\{b3b14332-edc6-625a-c682-62677f6d06d4}\Root\InventoryApplicationFile\g2ax_installer_e|daa097ab8cf18edc\LinkDate</Data>
      <Data Name=""Details"">03/09/2021 09:51:58</Data>
      <Data Name=""User"">NT AUTHORITY\SYSTEM</Data>
    </EventData>
    <RenderingInfo Culture=""en-US"">
      <Message>Registry value set:

RuleName: InvDB-CompileTimeClaim

EventType: SetValue

UtcTime: 2023-12-27 23:00:29.009

ProcessGuid: {f57bd86a-ac8b-658c-d301-000000000f00}

ProcessId: 1336

Image: C:\Windows\system32\compattelrunner.exe

TargetObject: \REGISTRY\A\{b3b14332-edc6-625a-c682-62677f6d06d4}\Root\InventoryApplicationFile\g2ax_installer_e|daa097ab8cf18edc\LinkDate

Details: 03/09/2021 09:51:58

User: NT AUTHORITY\SYSTEM</Message>
      <Level>Information</Level>
      <Task>Registry value set (rule: RegistryEvent)</Task>
      <Opcode>Info</Opcode>
    </RenderingInfo>
  </Event>
  
"
Microsoft-Windows-Sysmon/Operational,,,WinDev2309Eval,,,,,,,,,"logmein, inc.",13,19662,SetValue,,,C:\Windows\system32\compattelrunner.exe,,,0x8000000000000000,Information,,,"Registry value set:

RuleName: InvDB-Pub

EventType: SetValue

UtcTime: 2023-12-27 23:00:29.009

ProcessGuid: {f57bd86a-ac8b-658c-d301-000000000f00}

ProcessId: 1336

Image: C:\Windows\system32\compattelrunner.exe

TargetObject: \REGISTRY\A\{b3b14332-edc6-625a-c682-62677f6d06d4}\Root\InventoryApplicationFile\g2ax_installer_e|daa097ab8cf18edc\Publisher

Details: logmein, inc.

User: NT AUTHORITY\SYSTEM",Info,,,,,,,,{f57bd86a-ac8b-658c-d301-000000000f00},3588,1336,,,,,,"
      ",InvDB-Pub,,,,,,2023-12-27T23:00:29.0208454Z,,\REGISTRY\A\{b3b14332-edc6-625a-c682-62677f6d06d4}\Root\InventoryApplicationFile\g2ax_installer_e|daa097ab8cf18edc\Publisher,Registry value set (rule: RegistryEvent),,5124,NT AUTHORITY\SYSTEM,S-1-5-18,2023-12-27 23:00:29.009,2,"<Event xmlns=""http://schemas.microsoft.com/win/2004/08/events/event"">
    <System>
      <Provider Name=""Microsoft-Windows-Sysmon"" Guid=""{5770385f-c22a-43e0-bf4c-06f5698ffbd9}""/>
      <EventID>13</EventID>
      <Version>2</Version>
      <Level>4</Level>
      <Task>13</Task>
      <Opcode>0</Opcode>
      <Keywords>0x8000000000000000</Keywords>
      <TimeCreated SystemTime=""2023-12-27T23:00:29.0208454Z""/>
      <EventRecordID>19662</EventRecordID>
      <Correlation/>
      <Execution ProcessID=""3588"" ThreadID=""5124""/>
      <Channel>Microsoft-Windows-Sysmon/Operational</Channel>
      <Computer>WinDev2309Eval</Computer>
      <Security UserID=""S-1-5-18""/>
    </System>
    <EventData>
      <Data Name=""RuleName"">InvDB-Pub</Data>
      <Data Name=""EventType"">SetValue</Data>
      <Data Name=""UtcTime"">2023-12-27 23:00:29.009</Data>
      <Data Name=""ProcessGuid"">{f57bd86a-ac8b-658c-d301-000000000f00}</Data>
      <Data Name=""ProcessId"">1336</Data>
      <Data Name=""Image"">C:\Windows\system32\compattelrunner.exe</Data>
      <Data Name=""TargetObject"">\REGISTRY\A\{b3b14332-edc6-625a-c682-62677f6d06d4}\Root\InventoryApplicationFile\g2ax_installer_e|daa097ab8cf18edc\Publisher</Data>
      <Data Name=""Details"">logmein, inc.</Data>
      <Data Name=""User"">NT AUTHORITY\SYSTEM</Data>
    </EventData>
    <RenderingInfo Culture=""en-US"">
      <Message>Registry value set:

RuleName: InvDB-Pub

EventType: SetValue

UtcTime: 2023-12-27 23:00:29.009

ProcessGuid: {f57bd86a-ac8b-658c-d301-000000000f00}

ProcessId: 1336

Image: C:\Windows\system32\compattelrunner.exe

TargetObject: \REGISTRY\A\{b3b14332-edc6-625a-c682-62677f6d06d4}\Root\InventoryApplicationFile\g2ax_installer_e|daa097ab8cf18edc\Publisher

Details: logmein, inc.

User: NT AUTHORITY\SYSTEM</Message>
      <Level>Information</Level>
      <Task>Registry value set (rule: RegistryEvent)</Task>
      <Opcode>Info</Opcode>
    </RenderingInfo>
  </Event>
  
"
Microsoft-Windows-Sysmon/Operational,,,WinDev2309Eval,,,,,,,,,c:\users\user\appdata\local\gotoassist remote support expert\1702\g2ax_installer_expert_admin.exe,13,19661,SetValue,,,C:\Windows\system32\compattelrunner.exe,,,0x8000000000000000,Information,,,"Registry value set:

RuleName: InvDB-Path

EventType: SetValue

UtcTime: 2023-12-27 23:00:29.009

ProcessGuid: {f57bd86a-ac8b-658c-d301-000000000f00}

ProcessId: 1336

Image: C:\Windows\system32\compattelrunner.exe

TargetObject: \REGISTRY\A\{b3b14332-edc6-625a-c682-62677f6d06d4}\Root\InventoryApplicationFile\g2ax_installer_e|daa097ab8cf18edc\LowerCaseLongPath

Details: c:\users\user\appdata\local\gotoassist remote support expert\1702\g2ax_installer_expert_admin.exe

User: NT AUTHORITY\SYSTEM",Info,,,,,,,,{f57bd86a-ac8b-658c-d301-000000000f00},3588,1336,,,,,,"
      ",InvDB-Path,,,,,,2023-12-27T23:00:29.0206734Z,,\REGISTRY\A\{b3b14332-edc6-625a-c682-62677f6d06d4}\Root\InventoryApplicationFile\g2ax_installer_e|daa097ab8cf18edc\LowerCaseLongPath,Registry value set (rule: RegistryEvent),,5124,NT AUTHORITY\SYSTEM,S-1-5-18,2023-12-27 23:00:29.009,2,"<Event xmlns=""http://schemas.microsoft.com/win/2004/08/events/event"">
    <System>
      <Provider Name=""Microsoft-Windows-Sysmon"" Guid=""{5770385f-c22a-43e0-bf4c-06f5698ffbd9}""/>
      <EventID>13</EventID>
      <Version>2</Version>
      <Level>4</Level>
      <Task>13</Task>
      <Opcode>0</Opcode>
      <Keywords>0x8000000000000000</Keywords>
      <TimeCreated SystemTime=""2023-12-27T23:00:29.0206734Z""/>
      <EventRecordID>19661</EventRecordID>
      <Correlation/>
      <Execution ProcessID=""3588"" ThreadID=""5124""/>
      <Channel>Microsoft-Windows-Sysmon/Operational</Channel>
      <Computer>WinDev2309Eval</Computer>
      <Security UserID=""S-1-5-18""/>
    </System>
    <EventData>
      <Data Name=""RuleName"">InvDB-Path</Data>
      <Data Name=""EventType"">SetValue</Data>
      <Data Name=""UtcTime"">2023-12-27 23:00:29.009</Data>
      <Data Name=""ProcessGuid"">{f57bd86a-ac8b-658c-d301-000000000f00}</Data>
      <Data Name=""ProcessId"">1336</Data>
      <Data Name=""Image"">C:\Windows\system32\compattelrunner.exe</Data>
      <Data Name=""TargetObject"">\REGISTRY\A\{b3b14332-edc6-625a-c682-62677f6d06d4}\Root\InventoryApplicationFile\g2ax_installer_e|daa097ab8cf18edc\LowerCaseLongPath</Data>
      <Data Name=""Details"">c:\users\user\appdata\local\gotoassist remote support expert\1702\g2ax_installer_expert_admin.exe</Data>
      <Data Name=""User"">NT AUTHORITY\SYSTEM</Data>
    </EventData>
    <RenderingInfo Culture=""en-US"">
      <Message>Registry value set:

RuleName: InvDB-Path

EventType: SetValue

UtcTime: 2023-12-27 23:00:29.009

ProcessGuid: {f57bd86a-ac8b-658c-d301-000000000f00}

ProcessId: 1336

Image: C:\Windows\system32\compattelrunner.exe

TargetObject: \REGISTRY\A\{b3b14332-edc6-625a-c682-62677f6d06d4}\Root\InventoryApplicationFile\g2ax_installer_e|daa097ab8cf18edc\LowerCaseLongPath

Details: c:\users\user\appdata\local\gotoassist remote support expert\1702\g2ax_installer_expert_admin.exe

User: NT AUTHORITY\SYSTEM</Message>
      <Level>Information</Level>
      <Task>Registry value set (rule: RegistryEvent)</Task>
      <Opcode>Info</Opcode>
    </RenderingInfo>
  </Event>
  
"
Microsoft-Windows-Sysmon/Operational,,,WinDev2309Eval,,,,,,,,,4.8.1702.0,13,19660,SetValue,,,C:\Windows\system32\compattelrunner.exe,,,0x8000000000000000,Information,,,"Registry value set:

RuleName: InvDB-Ver

EventType: SetValue

UtcTime: 2023-12-27 23:00:29.009

ProcessGuid: {f57bd86a-ac8b-658c-d301-000000000f00}

ProcessId: 1336

Image: C:\Windows\system32\compattelrunner.exe

TargetObject: \REGISTRY\A\{b3b14332-edc6-625a-c682-62677f6d06d4}\Root\InventoryApplicationFile\g2ax_comm_expert|b555a53a2bf1a91e\BinProductVersion

Details: 4.8.1702.0

User: NT AUTHORITY\SYSTEM",Info,,,,,,,,{f57bd86a-ac8b-658c-d301-000000000f00},3588,1336,,,,,,"
      ",InvDB-Ver,,,,,,2023-12-27T23:00:29.0203262Z,,\REGISTRY\A\{b3b14332-edc6-625a-c682-62677f6d06d4}\Root\InventoryApplicationFile\g2ax_comm_expert|b555a53a2bf1a91e\BinProductVersion,Registry value set (rule: RegistryEvent),,5124,NT AUTHORITY\SYSTEM,S-1-5-18,2023-12-27 23:00:29.009,2,"<Event xmlns=""http://schemas.microsoft.com/win/2004/08/events/event"">
    <System>
      <Provider Name=""Microsoft-Windows-Sysmon"" Guid=""{5770385f-c22a-43e0-bf4c-06f5698ffbd9}""/>
      <EventID>13</EventID>
      <Version>2</Version>
      <Level>4</Level>
      <Task>13</Task>
      <Opcode>0</Opcode>
      <Keywords>0x8000000000000000</Keywords>
      <TimeCreated SystemTime=""2023-12-27T23:00:29.0203262Z""/>
      <EventRecordID>19660</EventRecordID>
      <Correlation/>
      <Execution ProcessID=""3588"" ThreadID=""5124""/>
      <Channel>Microsoft-Windows-Sysmon/Operational</Channel>
      <Computer>WinDev2309Eval</Computer>
      <Security UserID=""S-1-5-18""/>
    </System>
    <EventData>
      <Data Name=""RuleName"">InvDB-Ver</Data>
      <Data Name=""EventType"">SetValue</Data>
      <Data Name=""UtcTime"">2023-12-27 23:00:29.009</Data>
      <Data Name=""ProcessGuid"">{f57bd86a-ac8b-658c-d301-000000000f00}</Data>
      <Data Name=""ProcessId"">1336</Data>
      <Data Name=""Image"">C:\Windows\system32\compattelrunner.exe</Data>
      <Data Name=""TargetObject"">\REGISTRY\A\{b3b14332-edc6-625a-c682-62677f6d06d4}\Root\InventoryApplicationFile\g2ax_comm_expert|b555a53a2bf1a91e\BinProductVersion</Data>
      <Data Name=""Details"">4.8.1702.0</Data>
      <Data Name=""User"">NT AUTHORITY\SYSTEM</Data>
    </EventData>
    <RenderingInfo Culture=""en-US"">
      <Message>Registry value set:

RuleName: InvDB-Ver

EventType: SetValue

UtcTime: 2023-12-27 23:00:29.009

ProcessGuid: {f57bd86a-ac8b-658c-d301-000000000f00}

ProcessId: 1336

Image: C:\Windows\system32\compattelrunner.exe

TargetObject: \REGISTRY\A\{b3b14332-edc6-625a-c682-62677f6d06d4}\Root\InventoryApplicationFile\g2ax_comm_expert|b555a53a2bf1a91e\BinProductVersion

Details: 4.8.1702.0

User: NT AUTHORITY\SYSTEM</Message>
      <Level>Information</Level>
      <Task>Registry value set (rule: RegistryEvent)</Task>
      <Opcode>Info</Opcode>
    </RenderingInfo>
  </Event>
  
"
Microsoft-Windows-Sysmon/Operational,,,WinDev2309Eval,,,,,,,,,03/09/2021 09:51:58,13,19659,SetValue,,,C:\Windows\system32\compattelrunner.exe,,,0x8000000000000000,Information,,,"Registry value set:

RuleName: InvDB-CompileTimeClaim

EventType: SetValue

UtcTime: 2023-12-27 23:00:29.009

ProcessGuid: {f57bd86a-ac8b-658c-d301-000000000f00}

ProcessId: 1336

Image: C:\Windows\system32\compattelrunner.exe

TargetObject: \REGISTRY\A\{b3b14332-edc6-625a-c682-62677f6d06d4}\Root\InventoryApplicationFile\g2ax_comm_expert|b555a53a2bf1a91e\LinkDate

Details: 03/09/2021 09:51:58

User: NT AUTHORITY\SYSTEM",Info,,,,,,,,{f57bd86a-ac8b-658c-d301-000000000f00},3588,1336,,,,,,"
      ",InvDB-CompileTimeClaim,,,,,,2023-12-27T23:00:29.0202653Z,,\REGISTRY\A\{b3b14332-edc6-625a-c682-62677f6d06d4}\Root\InventoryApplicationFile\g2ax_comm_expert|b555a53a2bf1a91e\LinkDate,Registry value set (rule: RegistryEvent),,5124,NT AUTHORITY\SYSTEM,S-1-5-18,2023-12-27 23:00:29.009,2,"<Event xmlns=""http://schemas.microsoft.com/win/2004/08/events/event"">
    <System>
      <Provider Name=""Microsoft-Windows-Sysmon"" Guid=""{5770385f-c22a-43e0-bf4c-06f5698ffbd9}""/>
      <EventID>13</EventID>
      <Version>2</Version>
      <Level>4</Level>
      <Task>13</Task>
      <Opcode>0</Opcode>
      <Keywords>0x8000000000000000</Keywords>
      <TimeCreated SystemTime=""2023-12-27T23:00:29.0202653Z""/>
      <EventRecordID>19659</EventRecordID>
      <Correlation/>
      <Execution ProcessID=""3588"" ThreadID=""5124""/>
      <Channel>Microsoft-Windows-Sysmon/Operational</Channel>
      <Computer>WinDev2309Eval</Computer>
      <Security UserID=""S-1-5-18""/>
    </System>
    <EventData>
      <Data Name=""RuleName"">InvDB-CompileTimeClaim</Data>
      <Data Name=""EventType"">SetValue</Data>
      <Data Name=""UtcTime"">2023-12-27 23:00:29.009</Data>
      <Data Name=""ProcessGuid"">{f57bd86a-ac8b-658c-d301-000000000f00}</Data>
      <Data Name=""ProcessId"">1336</Data>
      <Data Name=""Image"">C:\Windows\system32\compattelrunner.exe</Data>
      <Data Name=""TargetObject"">\REGISTRY\A\{b3b14332-edc6-625a-c682-62677f6d06d4}\Root\InventoryApplicationFile\g2ax_comm_expert|b555a53a2bf1a91e\LinkDate</Data>
      <Data Name=""Details"">03/09/2021 09:51:58</Data>
      <Data Name=""User"">NT AUTHORITY\SYSTEM</Data>
    </EventData>
    <RenderingInfo Culture=""en-US"">
      <Message>Registry value set:

RuleName: InvDB-CompileTimeClaim

EventType: SetValue

UtcTime: 2023-12-27 23:00:29.009

ProcessGuid: {f57bd86a-ac8b-658c-d301-000000000f00}

ProcessId: 1336

Image: C:\Windows\system32\compattelrunner.exe

TargetObject: \REGISTRY\A\{b3b14332-edc6-625a-c682-62677f6d06d4}\Root\InventoryApplicationFile\g2ax_comm_expert|b555a53a2bf1a91e\LinkDate

Details: 03/09/2021 09:51:58

User: NT AUTHORITY\SYSTEM</Message>
      <Level>Information</Level>
      <Task>Registry value set (rule: RegistryEvent)</Task>
      <Opcode>Info</Opcode>
    </RenderingInfo>
  </Event>
  
"
Microsoft-Windows-Sysmon/Operational,,,WinDev2309Eval,,,,,,,,,"logmein, inc.",13,19658,SetValue,,,C:\Windows\system32\compattelrunner.exe,,,0x8000000000000000,Information,,,"Registry value set:

RuleName: InvDB-Pub

EventType: SetValue

UtcTime: 2023-12-27 23:00:29.009

ProcessGuid: {f57bd86a-ac8b-658c-d301-000000000f00}

ProcessId: 1336

Image: C:\Windows\system32\compattelrunner.exe

TargetObject: \REGISTRY\A\{b3b14332-edc6-625a-c682-62677f6d06d4}\Root\InventoryApplicationFile\g2ax_comm_expert|b555a53a2bf1a91e\Publisher

Details: logmein, inc.

User: NT AUTHORITY\SYSTEM",Info,,,,,,,,{f57bd86a-ac8b-658c-d301-000000000f00},3588,1336,,,,,,"
      ",InvDB-Pub,,,,,,2023-12-27T23:00:29.0199133Z,,\REGISTRY\A\{b3b14332-edc6-625a-c682-62677f6d06d4}\Root\InventoryApplicationFile\g2ax_comm_expert|b555a53a2bf1a91e\Publisher,Registry value set (rule: RegistryEvent),,5124,NT AUTHORITY\SYSTEM,S-1-5-18,2023-12-27 23:00:29.009,2,"<Event xmlns=""http://schemas.microsoft.com/win/2004/08/events/event"">
    <System>
      <Provider Name=""Microsoft-Windows-Sysmon"" Guid=""{5770385f-c22a-43e0-bf4c-06f5698ffbd9}""/>
      <EventID>13</EventID>
      <Version>2</Version>
      <Level>4</Level>
      <Task>13</Task>
      <Opcode>0</Opcode>
      <Keywords>0x8000000000000000</Keywords>
      <TimeCreated SystemTime=""2023-12-27T23:00:29.0199133Z""/>
      <EventRecordID>19658</EventRecordID>
      <Correlation/>
      <Execution ProcessID=""3588"" ThreadID=""5124""/>
      <Channel>Microsoft-Windows-Sysmon/Operational</Channel>
      <Computer>WinDev2309Eval</Computer>
      <Security UserID=""S-1-5-18""/>
    </System>
    <EventData>
      <Data Name=""RuleName"">InvDB-Pub</Data>
      <Data Name=""EventType"">SetValue</Data>
      <Data Name=""UtcTime"">2023-12-27 23:00:29.009</Data>
      <Data Name=""ProcessGuid"">{f57bd86a-ac8b-658c-d301-000000000f00}</Data>
      <Data Name=""ProcessId"">1336</Data>
      <Data Name=""Image"">C:\Windows\system32\compattelrunner.exe</Data>
      <Data Name=""TargetObject"">\REGISTRY\A\{b3b14332-edc6-625a-c682-62677f6d06d4}\Root\InventoryApplicationFile\g2ax_comm_expert|b555a53a2bf1a91e\Publisher</Data>
      <Data Name=""Details"">logmein, inc.</Data>
      <Data Name=""User"">NT AUTHORITY\SYSTEM</Data>
    </EventData>
    <RenderingInfo Culture=""en-US"">
      <Message>Registry value set:

RuleName: InvDB-Pub

EventType: SetValue

UtcTime: 2023-12-27 23:00:29.009

ProcessGuid: {f57bd86a-ac8b-658c-d301-000000000f00}

ProcessId: 1336

Image: C:\Windows\system32\compattelrunner.exe

TargetObject: \REGISTRY\A\{b3b14332-edc6-625a-c682-62677f6d06d4}\Root\InventoryApplicationFile\g2ax_comm_expert|b555a53a2bf1a91e\Publisher

Details: logmein, inc.

User: NT AUTHORITY\SYSTEM</Message>
      <Level>Information</Level>
      <Task>Registry value set (rule: RegistryEvent)</Task>
      <Opcode>Info</Opcode>
    </RenderingInfo>
  </Event>
  
"
