Microsoft-Windows-Sysmon/Operational,"C:\Windows\Microsoft.NET\Framework64\v4.0.30319\cvtres.exe /NOLOGO /READONLY /MACHINE:IX86 ""/OUT:C:\Users\User\AppData\Local\Temp\RES9DFB.tmp"" ""c:\Windows\System32\Tasks\CSCA8060D7F3E4B4FCE825FFBD9C35C35F.TMP""",Microsoft Corporation,WinDev2309Eval,,C:\Users\User\AppData\Local\Temp\,Microsoft® Resource File To COFF Object Conversion Utility,,1,19662,,14.32.31326.0,"MD5=8166CCB6A04B855AA918B36079C63B7D,SHA256=FD3EF1B4C91B2E85CCD05724A7CD527A3A27D7D549B0DCDB70D3D78BE120C560,IMPHASH=45A00F7304B8F089973962FBEF618959",C:\Windows\Microsoft.NET\Framework64\v4.0.30319\cvtres.exe,Medium,0x8000000000000000,Information,{f57bd86a-36f9-658c-7bf8-020000000000},0x2f87b,"Process Create:

RuleName: -

UtcTime: 2023-12-27 22:39:03.263

ProcessGuid: {f57bd86a-a787-658c-fa01-000000000f00}

ProcessId: 2736

Image: C:\Windows\Microsoft.NET\Framework64\v4.0.30319\cvtres.exe

FileVersion: 14.32.31326.0

Description: Microsoft® Resource File To COFF Object Conversion Utility

Product: Microsoft® .NET Framework

Company: Microsoft Corporation

OriginalFileName: CVTRES.EXE

CommandLine: C:\Windows\Microsoft.NET\Framework64\v4.0.30319\cvtres.exe /NOLOGO /READONLY /MACHINE:IX86 ""/OUT:C:\Users\User\AppData\Local\Temp\RES9DFB.tmp"" ""c:\Windows\System32\Tasks\CSCA8060D7F3E4B4FCE825FFBD9C35C35F.TMP""

CurrentDirectory: C:\Users\User\AppData\Local\Temp\

User: WINDEV2309EVAL\User

LogonGuid: {f57bd86a-36f9-658c-7bf8-020000000000}

LogonId: 0x2F87B

TerminalSessionId: 1

IntegrityLevel: Medium

Hashes: MD5=8166CCB6A04B855AA918B36079C63B7D,SHA256=FD3EF1B4C91B2E85CCD05724A7CD527A3A27D7D549B0DCDB70D3D78BE120C560,IMPHASH=45A00F7304B8F089973962FBEF618959

ParentProcessGuid: {f57bd86a-a787-658c-f901-000000000f00}

ParentProcessId: 3912

ParentImage: C:\Windows\Microsoft.NET\Framework64\v4.0.30319\csc.exe

ParentCommandLine: ""C:\Windows\Microsoft.NET\Framework64\v4.0.30319\csc.exe"" /noconfig /fullpaths @""C:\Users\User\AppData\Local\Temp\eiwwylrd.cmdline""

ParentUser: WINDEV2309EVAL\User",Info,CVTRES.EXE,"""C:\Windows\Microsoft.NET\Framework64\v4.0.30319\csc.exe"" /noconfig /fullpaths @""C:\Users\User\AppData\Local\Temp\eiwwylrd.cmdline""",C:\Windows\Microsoft.NET\Framework64\v4.0.30319\csc.exe,{f57bd86a-a787-658c-f901-000000000f00},3912,WINDEV2309EVAL\User,{f57bd86a-a787-658c-fa01-000000000f00},3588,2736,Microsoft® .NET Framework,,,,"
      ",-,2023-12-27T22:39:03.2656319Z,,,Process Create (rule: ProcessCreate),1,5124,WINDEV2309EVAL\User,S-1-5-18,2023-12-27 22:39:03.263,5,"<Event xmlns=""http://schemas.microsoft.com/win/2004/08/events/event"">
    <System>
      <Provider Name=""Microsoft-Windows-Sysmon"" Guid=""{5770385f-c22a-43e0-bf4c-06f5698ffbd9}""/>
      <EventID>1</EventID>
      <Version>5</Version>
      <Level>4</Level>
      <Task>1</Task>
      <Opcode>0</Opcode>
      <Keywords>0x8000000000000000</Keywords>
      <TimeCreated SystemTime=""2023-12-27T22:39:03.2656319Z""/>
      <EventRecordID>19662</EventRecordID>
      <Correlation/>
      <Execution ProcessID=""3588"" ThreadID=""5124""/>
      <Channel>Microsoft-Windows-Sysmon/Operational</Channel>
      <Computer>WinDev2309Eval</Computer>
      <Security UserID=""S-1-5-18""/>
    </System>
    <EventData>
      <Data Name=""RuleName"">-</Data>
      <Data Name=""UtcTime"">2023-12-27 22:39:03.263</Data>
      <Data Name=""ProcessGuid"">{f57bd86a-a787-658c-fa01-000000000f00}</Data>
      <Data Name=""ProcessId"">2736</Data>
      <Data Name=""Image"">C:\Windows\Microsoft.NET\Framework64\v4.0.30319\cvtres.exe</Data>
      <Data Name=""FileVersion"">14.32.31326.0</Data>
      <Data Name=""Description"">Microsoft&#174; Resource File To COFF Object Conversion Utility</Data>
      <Data Name=""Product"">Microsoft&#174; .NET Framework</Data>
      <Data Name=""Company"">Microsoft Corporation</Data>
      <Data Name=""OriginalFileName"">CVTRES.EXE</Data>
      <Data Name=""CommandLine"">C:\Windows\Microsoft.NET\Framework64\v4.0.30319\cvtres.exe /NOLOGO /READONLY /MACHINE:IX86 ""/OUT:C:\Users\User\AppData\Local\Temp\RES9DFB.tmp"" ""c:\Windows\System32\Tasks\CSCA8060D7F3E4B4FCE825FFBD9C35C35F.TMP""</Data>
      <Data Name=""CurrentDirectory"">C:\Users\User\AppData\Local\Temp\</Data>
      <Data Name=""User"">WINDEV2309EVAL\User</Data>
      <Data Name=""LogonGuid"">{f57bd86a-36f9-658c-7bf8-020000000000}</Data>
      <Data Name=""LogonId"">0x2f87b</Data>
      <Data Name=""TerminalSessionId"">1</Data>
      <Data Name=""IntegrityLevel"">Medium</Data>
      <Data Name=""Hashes"">MD5=8166CCB6A04B855AA918B36079C63B7D,SHA256=FD3EF1B4C91B2E85CCD05724A7CD527A3A27D7D549B0DCDB70D3D78BE120C560,IMPHASH=45A00F7304B8F089973962FBEF618959</Data>
      <Data Name=""ParentProcessGuid"">{f57bd86a-a787-658c-f901-000000000f00}</Data>
      <Data Name=""ParentProcessId"">3912</Data>
      <Data Name=""ParentImage"">C:\Windows\Microsoft.NET\Framework64\v4.0.30319\csc.exe</Data>
      <Data Name=""ParentCommandLine"">""C:\Windows\Microsoft.NET\Framework64\v4.0.30319\csc.exe"" /noconfig /fullpaths @""C:\Users\User\AppData\Local\Temp\eiwwylrd.cmdline""</Data>
      <Data Name=""ParentUser"">WINDEV2309EVAL\User</Data>
    </EventData>
    <RenderingInfo Culture=""en-US"">
      <Message>Process Create:

RuleName: -

UtcTime: 2023-12-27 22:39:03.263

ProcessGuid: {f57bd86a-a787-658c-fa01-000000000f00}

ProcessId: 2736

Image: C:\Windows\Microsoft.NET\Framework64\v4.0.30319\cvtres.exe

FileVersion: 14.32.31326.0

Description: Microsoft&#174; Resource File To COFF Object Conversion Utility

Product: Microsoft&#174; .NET Framework

Company: Microsoft Corporation

OriginalFileName: CVTRES.EXE

CommandLine: C:\Windows\Microsoft.NET\Framework64\v4.0.30319\cvtres.exe /NOLOGO /READONLY /MACHINE:IX86 ""/OUT:C:\Users\User\AppData\Local\Temp\RES9DFB.tmp"" ""c:\Windows\System32\Tasks\CSCA8060D7F3E4B4FCE825FFBD9C35C35F.TMP""

CurrentDirectory: C:\Users\User\AppData\Local\Temp\

User: WINDEV2309EVAL\User

LogonGuid: {f57bd86a-36f9-658c-7bf8-020000000000}

LogonId: 0x2F87B

TerminalSessionId: 1

IntegrityLevel: Medium

Hashes: MD5=8166CCB6A04B855AA918B36079C63B7D,SHA256=FD3EF1B4C91B2E85CCD05724A7CD527A3A27D7D549B0DCDB70D3D78BE120C560,IMPHASH=45A00F7304B8F089973962FBEF618959

ParentProcessGuid: {f57bd86a-a787-658c-f901-000000000f00}

ParentProcessId: 3912

ParentImage: C:\Windows\Microsoft.NET\Framework64\v4.0.30319\csc.exe

ParentCommandLine: ""C:\Windows\Microsoft.NET\Framework64\v4.0.30319\csc.exe"" /noconfig /fullpaths @""C:\Users\User\AppData\Local\Temp\eiwwylrd.cmdline""

ParentUser: WINDEV2309EVAL\User</Message>
      <Level>Information</Level>
      <Task>Process Create (rule: ProcessCreate)</Task>
      <Opcode>Info</Opcode>
    </RenderingInfo>
  </Event>
  
"
Microsoft-Windows-Sysmon/Operational,,,WinDev2309Eval,2023-12-27 22:39:03.253,,,,11,19661,,,,C:\Windows\Microsoft.NET\Framework64\v4.0.30319\csc.exe,,0x8000000000000000,Information,,,"File created:

RuleName: T1053

UtcTime: 2023-12-27 22:39:03.253

ProcessGuid: {f57bd86a-a787-658c-f901-000000000f00}

ProcessId: 3912

Image: C:\Windows\Microsoft.NET\Framework64\v4.0.30319\csc.exe

TargetFilename: C:\Windows\System32\Tasks\CSCA8060D7F3E4B4FCE825FFBD9C35C35F.TMP

CreationUtcTime: 2023-12-27 22:39:03.253

User: WINDEV2309EVAL\User",Info,,,,,,,{f57bd86a-a787-658c-f901-000000000f00},3588,3912,,,,,"
      ",T1053,2023-12-27T22:39:03.2611112Z,C:\Windows\System32\Tasks\CSCA8060D7F3E4B4FCE825FFBD9C35C35F.TMP,,File created (rule: FileCreate),,5124,WINDEV2309EVAL\User,S-1-5-18,2023-12-27 22:39:03.253,2,"<Event xmlns=""http://schemas.microsoft.com/win/2004/08/events/event"">
    <System>
      <Provider Name=""Microsoft-Windows-Sysmon"" Guid=""{5770385f-c22a-43e0-bf4c-06f5698ffbd9}""/>
      <EventID>11</EventID>
      <Version>2</Version>
      <Level>4</Level>
      <Task>11</Task>
      <Opcode>0</Opcode>
      <Keywords>0x8000000000000000</Keywords>
      <TimeCreated SystemTime=""2023-12-27T22:39:03.2611112Z""/>
      <EventRecordID>19661</EventRecordID>
      <Correlation/>
      <Execution ProcessID=""3588"" ThreadID=""5124""/>
      <Channel>Microsoft-Windows-Sysmon/Operational</Channel>
      <Computer>WinDev2309Eval</Computer>
      <Security UserID=""S-1-5-18""/>
    </System>
    <EventData>
      <Data Name=""RuleName"">T1053</Data>
      <Data Name=""UtcTime"">2023-12-27 22:39:03.253</Data>
      <Data Name=""ProcessGuid"">{f57bd86a-a787-658c-f901-000000000f00}</Data>
      <Data Name=""ProcessId"">3912</Data>
      <Data Name=""Image"">C:\Windows\Microsoft.NET\Framework64\v4.0.30319\csc.exe</Data>
      <Data Name=""TargetFilename"">C:\Windows\System32\Tasks\CSCA8060D7F3E4B4FCE825FFBD9C35C35F.TMP</Data>
      <Data Name=""CreationUtcTime"">2023-12-27 22:39:03.253</Data>
      <Data Name=""User"">WINDEV2309EVAL\User</Data>
    </EventData>
    <RenderingInfo Culture=""en-US"">
      <Message>File created:

RuleName: T1053

UtcTime: 2023-12-27 22:39:03.253

ProcessGuid: {f57bd86a-a787-658c-f901-000000000f00}

ProcessId: 3912

Image: C:\Windows\Microsoft.NET\Framework64\v4.0.30319\csc.exe

TargetFilename: C:\Windows\System32\Tasks\CSCA8060D7F3E4B4FCE825FFBD9C35C35F.TMP

CreationUtcTime: 2023-12-27 22:39:03.253

User: WINDEV2309EVAL\User</Message>
      <Level>Information</Level>
      <Task>File created (rule: FileCreate)</Task>
      <Opcode>Info</Opcode>
    </RenderingInfo>
  </Event>
  
"
Microsoft-Windows-Sysmon/Operational,"""C:\Windows\Microsoft.NET\Framework64\v4.0.30319\csc.exe"" /noconfig /fullpaths @""C:\Users\User\AppData\Local\Temp\eiwwylrd.cmdline""",Microsoft Corporation,WinDev2309Eval,,C:\Users\User\AppData\Local\Temp\,Visual C# Command Line Compiler,,1,19660,,4.8.9032.0 built by: NET481REL1,"MD5=0700180046633A40D24729AE8CACC158,SHA256=A725546BDE53F1AD533E74ABB01DD5ED5F07B171F5C284738DA88F6CE478CF5F,IMPHASH=2E6A9097FBA347A254DAC72662FE1259",C:\Windows\Microsoft.NET\Framework64\v4.0.30319\csc.exe,Medium,0x8000000000000000,Information,{f57bd86a-36f9-658c-7bf8-020000000000},0x2f87b,"Process Create:

RuleName: -

UtcTime: 2023-12-27 22:39:03.175

ProcessGuid: {f57bd86a-a787-658c-f901-000000000f00}

ProcessId: 3912

Image: C:\Windows\Microsoft.NET\Framework64\v4.0.30319\csc.exe

FileVersion: 4.8.9032.0 built by: NET481REL1

Description: Visual C# Command Line Compiler

Product: Microsoft® .NET Framework

Company: Microsoft Corporation

OriginalFileName: csc.exe

CommandLine: ""C:\Windows\Microsoft.NET\Framework64\v4.0.30319\csc.exe"" /noconfig /fullpaths @""C:\Users\User\AppData\Local\Temp\eiwwylrd.cmdline""

CurrentDirectory: C:\Users\User\AppData\Local\Temp\

User: WINDEV2309EVAL\User

LogonGuid: {f57bd86a-36f9-658c-7bf8-020000000000}

LogonId: 0x2F87B

TerminalSessionId: 1

IntegrityLevel: Medium

Hashes: MD5=0700180046633A40D24729AE8CACC158,SHA256=A725546BDE53F1AD533E74ABB01DD5ED5F07B171F5C284738DA88F6CE478CF5F,IMPHASH=2E6A9097FBA347A254DAC72662FE1259

ParentProcessGuid: {f57bd86a-a785-658c-f701-000000000f00}

ParentProcessId: 10616

ParentImage: C:\Windows\System32\WindowsPowerShell\v1.0\powershell.exe

ParentCommandLine: ""powershell.exe"" & {# Import the required test harness function, Invoke-BuildAndInvokeInstallUtilAssembly
. \""""C:\AtomicRedTeam\atomics\T1218.004\src\InstallUtilTestHarness.ps1\""""

$InstallerAssemblyDir = \""""$Env:windir\System32\Tasks\""""
$InstallerAssemblyFileName = 'readme.txt'
$InstallerAssemblyFullPath = Join-Path -Path $InstallerAssemblyDir -ChildPath $InstallerAssemblyFileName

$CommandLine = \""""readme.txt\""""
$ExpectedOutput = 'Constructor_'

# Explicitly set the directory so that a relative path to readme.txt can be supplied.
Set-Location \""""$Env:windir\System32\Tasks\""""

Copy-Item -Path \""""$([System.Runtime.InteropServices.RuntimeEnvironment]::GetRuntimeDirectory())InstallUtil.exe\"""" -Destination \""""$Env:windir\System32\Tasks\notepad.exe\""""

$TestArgs = @{
    OutputAssemblyDirectory = $InstallerAssemblyDir
    OutputAssemblyFileName = $InstallerAssemblyFileName
    InvocationMethod = 'Executable'
    CommandLine = $CommandLine
    InstallUtilPath = \""""$Env:windir\System32\Tasks\notepad.exe\""""
}

$ActualOutput = Invoke-BuildAndInvokeInstallUtilAssembly @TestArgs -MinimumViableAssembly

if ($ActualOutput -ne $ExpectedOutput) {
    throw @\""""
Evasive Installutil invocation test failure. Installer assembly execution output did not match the expected output.
Expected: $ExpectedOutput
Actual: $ActualOutput
\""""@
}}

ParentUser: WINDEV2309EVAL\User",Info,csc.exe,"""powershell.exe"" & {# Import the required test harness function, Invoke-BuildAndInvokeInstallUtilAssembly
. \""""C:\AtomicRedTeam\atomics\T1218.004\src\InstallUtilTestHarness.ps1\""""

$InstallerAssemblyDir = \""""$Env:windir\System32\Tasks\""""
$InstallerAssemblyFileName = 'readme.txt'
$InstallerAssemblyFullPath = Join-Path -Path $InstallerAssemblyDir -ChildPath $InstallerAssemblyFileName

$CommandLine = \""""readme.txt\""""
$ExpectedOutput = 'Constructor_'

# Explicitly set the directory so that a relative path to readme.txt can be supplied.
Set-Location \""""$Env:windir\System32\Tasks\""""

Copy-Item -Path \""""$([System.Runtime.InteropServices.RuntimeEnvironment]::GetRuntimeDirectory())InstallUtil.exe\"""" -Destination \""""$Env:windir\System32\Tasks\notepad.exe\""""

$TestArgs = @{
    OutputAssemblyDirectory = $InstallerAssemblyDir
    OutputAssemblyFileName = $InstallerAssemblyFileName
    InvocationMethod = 'Executable'
    CommandLine = $CommandLine
    InstallUtilPath = \""""$Env:windir\System32\Tasks\notepad.exe\""""
}

$ActualOutput = Invoke-BuildAndInvokeInstallUtilAssembly @TestArgs -MinimumViableAssembly

if ($ActualOutput -ne $ExpectedOutput) {
    throw @\""""
Evasive Installutil invocation test failure. Installer assembly execution output did not match the expected output.
Expected: $ExpectedOutput
Actual: $ActualOutput
\""""@
}}",C:\Windows\System32\WindowsPowerShell\v1.0\powershell.exe,{f57bd86a-a785-658c-f701-000000000f00},10616,WINDEV2309EVAL\User,{f57bd86a-a787-658c-f901-000000000f00},3588,3912,Microsoft® .NET Framework,,,,"
      ",-,2023-12-27T22:39:03.1784111Z,,,Process Create (rule: ProcessCreate),1,5124,WINDEV2309EVAL\User,S-1-5-18,2023-12-27 22:39:03.175,5,"<Event xmlns=""http://schemas.microsoft.com/win/2004/08/events/event"">
    <System>
      <Provider Name=""Microsoft-Windows-Sysmon"" Guid=""{5770385f-c22a-43e0-bf4c-06f5698ffbd9}""/>
      <EventID>1</EventID>
      <Version>5</Version>
      <Level>4</Level>
      <Task>1</Task>
      <Opcode>0</Opcode>
      <Keywords>0x8000000000000000</Keywords>
      <TimeCreated SystemTime=""2023-12-27T22:39:03.1784111Z""/>
      <EventRecordID>19660</EventRecordID>
      <Correlation/>
      <Execution ProcessID=""3588"" ThreadID=""5124""/>
      <Channel>Microsoft-Windows-Sysmon/Operational</Channel>
      <Computer>WinDev2309Eval</Computer>
      <Security UserID=""S-1-5-18""/>
    </System>
    <EventData>
      <Data Name=""RuleName"">-</Data>
      <Data Name=""UtcTime"">2023-12-27 22:39:03.175</Data>
      <Data Name=""ProcessGuid"">{f57bd86a-a787-658c-f901-000000000f00}</Data>
      <Data Name=""ProcessId"">3912</Data>
      <Data Name=""Image"">C:\Windows\Microsoft.NET\Framework64\v4.0.30319\csc.exe</Data>
      <Data Name=""FileVersion"">4.8.9032.0 built by: NET481REL1</Data>
      <Data Name=""Description"">Visual C# Command Line Compiler</Data>
      <Data Name=""Product"">Microsoft&#174; .NET Framework</Data>
      <Data Name=""Company"">Microsoft Corporation</Data>
      <Data Name=""OriginalFileName"">csc.exe</Data>
      <Data Name=""CommandLine"">""C:\Windows\Microsoft.NET\Framework64\v4.0.30319\csc.exe"" /noconfig /fullpaths @""C:\Users\User\AppData\Local\Temp\eiwwylrd.cmdline""</Data>
      <Data Name=""CurrentDirectory"">C:\Users\User\AppData\Local\Temp\</Data>
      <Data Name=""User"">WINDEV2309EVAL\User</Data>
      <Data Name=""LogonGuid"">{f57bd86a-36f9-658c-7bf8-020000000000}</Data>
      <Data Name=""LogonId"">0x2f87b</Data>
      <Data Name=""TerminalSessionId"">1</Data>
      <Data Name=""IntegrityLevel"">Medium</Data>
      <Data Name=""Hashes"">MD5=0700180046633A40D24729AE8CACC158,SHA256=A725546BDE53F1AD533E74ABB01DD5ED5F07B171F5C284738DA88F6CE478CF5F,IMPHASH=2E6A9097FBA347A254DAC72662FE1259</Data>
      <Data Name=""ParentProcessGuid"">{f57bd86a-a785-658c-f701-000000000f00}</Data>
      <Data Name=""ParentProcessId"">10616</Data>
      <Data Name=""ParentImage"">C:\Windows\System32\WindowsPowerShell\v1.0\powershell.exe</Data>
      <Data Name=""ParentCommandLine"">""powershell.exe"" &amp; {# Import the required test harness function, Invoke-BuildAndInvokeInstallUtilAssembly
. \""""C:\AtomicRedTeam\atomics\T1218.004\src\InstallUtilTestHarness.ps1\""""

$InstallerAssemblyDir = \""""$Env:windir\System32\Tasks\""""
$InstallerAssemblyFileName = 'readme.txt'
$InstallerAssemblyFullPath = Join-Path -Path $InstallerAssemblyDir -ChildPath $InstallerAssemblyFileName

$CommandLine = \""""readme.txt\""""
$ExpectedOutput = 'Constructor_'

# Explicitly set the directory so that a relative path to readme.txt can be supplied.
Set-Location \""""$Env:windir\System32\Tasks\""""

Copy-Item -Path \""""$([System.Runtime.InteropServices.RuntimeEnvironment]::GetRuntimeDirectory())InstallUtil.exe\"""" -Destination \""""$Env:windir\System32\Tasks\notepad.exe\""""

$TestArgs = @{
    OutputAssemblyDirectory = $InstallerAssemblyDir
    OutputAssemblyFileName = $InstallerAssemblyFileName
    InvocationMethod = 'Executable'
    CommandLine = $CommandLine
    InstallUtilPath = \""""$Env:windir\System32\Tasks\notepad.exe\""""
}

$ActualOutput = Invoke-BuildAndInvokeInstallUtilAssembly @TestArgs -MinimumViableAssembly

if ($ActualOutput -ne $ExpectedOutput) {
    throw @\""""
Evasive Installutil invocation test failure. Installer assembly execution output did not match the expected output.
Expected: $ExpectedOutput
Actual: $ActualOutput
\""""@
}}</Data>
      <Data Name=""ParentUser"">WINDEV2309EVAL\User</Data>
    </EventData>
    <RenderingInfo Culture=""en-US"">
      <Message>Process Create:

RuleName: -

UtcTime: 2023-12-27 22:39:03.175

ProcessGuid: {f57bd86a-a787-658c-f901-000000000f00}

ProcessId: 3912

Image: C:\Windows\Microsoft.NET\Framework64\v4.0.30319\csc.exe

FileVersion: 4.8.9032.0 built by: NET481REL1

Description: Visual C# Command Line Compiler

Product: Microsoft&#174; .NET Framework

Company: Microsoft Corporation

OriginalFileName: csc.exe

CommandLine: ""C:\Windows\Microsoft.NET\Framework64\v4.0.30319\csc.exe"" /noconfig /fullpaths @""C:\Users\User\AppData\Local\Temp\eiwwylrd.cmdline""

CurrentDirectory: C:\Users\User\AppData\Local\Temp\

User: WINDEV2309EVAL\User

LogonGuid: {f57bd86a-36f9-658c-7bf8-020000000000}

LogonId: 0x2F87B

TerminalSessionId: 1

IntegrityLevel: Medium

Hashes: MD5=0700180046633A40D24729AE8CACC158,SHA256=A725546BDE53F1AD533E74ABB01DD5ED5F07B171F5C284738DA88F6CE478CF5F,IMPHASH=2E6A9097FBA347A254DAC72662FE1259

ParentProcessGuid: {f57bd86a-a785-658c-f701-000000000f00}

ParentProcessId: 10616

ParentImage: C:\Windows\System32\WindowsPowerShell\v1.0\powershell.exe

ParentCommandLine: ""powershell.exe"" &amp; {# Import the required test harness function, Invoke-BuildAndInvokeInstallUtilAssembly
. \""""C:\AtomicRedTeam\atomics\T1218.004\src\InstallUtilTestHarness.ps1\""""

$InstallerAssemblyDir = \""""$Env:windir\System32\Tasks\""""
$InstallerAssemblyFileName = 'readme.txt'
$InstallerAssemblyFullPath = Join-Path -Path $InstallerAssemblyDir -ChildPath $InstallerAssemblyFileName

$CommandLine = \""""readme.txt\""""
$ExpectedOutput = 'Constructor_'

# Explicitly set the directory so that a relative path to readme.txt can be supplied.
Set-Location \""""$Env:windir\System32\Tasks\""""

Copy-Item -Path \""""$([System.Runtime.InteropServices.RuntimeEnvironment]::GetRuntimeDirectory())InstallUtil.exe\"""" -Destination \""""$Env:windir\System32\Tasks\notepad.exe\""""

$TestArgs = @{
    OutputAssemblyDirectory = $InstallerAssemblyDir
    OutputAssemblyFileName = $InstallerAssemblyFileName
    InvocationMethod = 'Executable'
    CommandLine = $CommandLine
    InstallUtilPath = \""""$Env:windir\System32\Tasks\notepad.exe\""""
}

$ActualOutput = Invoke-BuildAndInvokeInstallUtilAssembly @TestArgs -MinimumViableAssembly

if ($ActualOutput -ne $ExpectedOutput) {
    throw @\""""
Evasive Installutil invocation test failure. Installer assembly execution output did not match the expected output.
Expected: $ExpectedOutput
Actual: $ActualOutput
\""""@
}}

ParentUser: WINDEV2309EVAL\User</Message>
      <Level>Information</Level>
      <Task>Process Create (rule: ProcessCreate)</Task>
      <Opcode>Info</Opcode>
    </RenderingInfo>
  </Event>
  
"
Microsoft-Windows-Sysmon/Operational,,,WinDev2309Eval,2023-12-27 22:39:03.160,,,,11,19659,,,,C:\Windows\System32\WindowsPowerShell\v1.0\powershell.exe,,0x8000000000000000,Information,,,"File created:

RuleName: -

UtcTime: 2023-12-27 22:39:03.160

ProcessGuid: {f57bd86a-a785-658c-f701-000000000f00}

ProcessId: 10616

Image: C:\Windows\System32\WindowsPowerShell\v1.0\powershell.exe

TargetFilename: C:\Users\User\AppData\Local\Temp\eiwwylrd.cmdline

CreationUtcTime: 2023-12-27 22:39:03.160

User: WINDEV2309EVAL\User",Info,,,,,,,{f57bd86a-a785-658c-f701-000000000f00},3588,10616,,,,,"
      ",-,2023-12-27T22:39:03.1732327Z,C:\Users\User\AppData\Local\Temp\eiwwylrd.cmdline,,File created (rule: FileCreate),,5124,WINDEV2309EVAL\User,S-1-5-18,2023-12-27 22:39:03.160,2,"<Event xmlns=""http://schemas.microsoft.com/win/2004/08/events/event"">
    <System>
      <Provider Name=""Microsoft-Windows-Sysmon"" Guid=""{5770385f-c22a-43e0-bf4c-06f5698ffbd9}""/>
      <EventID>11</EventID>
      <Version>2</Version>
      <Level>4</Level>
      <Task>11</Task>
      <Opcode>0</Opcode>
      <Keywords>0x8000000000000000</Keywords>
      <TimeCreated SystemTime=""2023-12-27T22:39:03.1732327Z""/>
      <EventRecordID>19659</EventRecordID>
      <Correlation/>
      <Execution ProcessID=""3588"" ThreadID=""5124""/>
      <Channel>Microsoft-Windows-Sysmon/Operational</Channel>
      <Computer>WinDev2309Eval</Computer>
      <Security UserID=""S-1-5-18""/>
    </System>
    <EventData>
      <Data Name=""RuleName"">-</Data>
      <Data Name=""UtcTime"">2023-12-27 22:39:03.160</Data>
      <Data Name=""ProcessGuid"">{f57bd86a-a785-658c-f701-000000000f00}</Data>
      <Data Name=""ProcessId"">10616</Data>
      <Data Name=""Image"">C:\Windows\System32\WindowsPowerShell\v1.0\powershell.exe</Data>
      <Data Name=""TargetFilename"">C:\Users\User\AppData\Local\Temp\eiwwylrd.cmdline</Data>
      <Data Name=""CreationUtcTime"">2023-12-27 22:39:03.160</Data>
      <Data Name=""User"">WINDEV2309EVAL\User</Data>
    </EventData>
    <RenderingInfo Culture=""en-US"">
      <Message>File created:

RuleName: -

UtcTime: 2023-12-27 22:39:03.160

ProcessGuid: {f57bd86a-a785-658c-f701-000000000f00}

ProcessId: 10616

Image: C:\Windows\System32\WindowsPowerShell\v1.0\powershell.exe

TargetFilename: C:\Users\User\AppData\Local\Temp\eiwwylrd.cmdline

CreationUtcTime: 2023-12-27 22:39:03.160

User: WINDEV2309EVAL\User</Message>
      <Level>Information</Level>
      <Task>File created (rule: FileCreate)</Task>
      <Opcode>Info</Opcode>
    </RenderingInfo>
  </Event>
  
"
Microsoft-Windows-Sysmon/Operational,,,WinDev2309Eval,2023-12-27 22:39:02.871,,,,11,19658,,,,C:\Windows\System32\WindowsPowerShell\v1.0\powershell.exe,,0x8000000000000000,Information,,,"File created:

RuleName: EXE

UtcTime: 2023-12-27 22:39:02.871

ProcessGuid: {f57bd86a-a785-658c-f701-000000000f00}

ProcessId: 10616

Image: C:\Windows\System32\WindowsPowerShell\v1.0\powershell.exe

TargetFilename: C:\Windows\System32\Tasks\notepad.exe

CreationUtcTime: 2023-12-27 22:39:02.871

User: WINDEV2309EVAL\User",Info,,,,,,,{f57bd86a-a785-658c-f701-000000000f00},3588,10616,,,,,"
      ",EXE,2023-12-27T22:39:02.8797895Z,C:\Windows\System32\Tasks\notepad.exe,,File created (rule: FileCreate),,5124,WINDEV2309EVAL\User,S-1-5-18,2023-12-27 22:39:02.871,2,"<Event xmlns=""http://schemas.microsoft.com/win/2004/08/events/event"">
    <System>
      <Provider Name=""Microsoft-Windows-Sysmon"" Guid=""{5770385f-c22a-43e0-bf4c-06f5698ffbd9}""/>
      <EventID>11</EventID>
      <Version>2</Version>
      <Level>4</Level>
      <Task>11</Task>
      <Opcode>0</Opcode>
      <Keywords>0x8000000000000000</Keywords>
      <TimeCreated SystemTime=""2023-12-27T22:39:02.8797895Z""/>
      <EventRecordID>19658</EventRecordID>
      <Correlation/>
      <Execution ProcessID=""3588"" ThreadID=""5124""/>
      <Channel>Microsoft-Windows-Sysmon/Operational</Channel>
      <Computer>WinDev2309Eval</Computer>
      <Security UserID=""S-1-5-18""/>
    </System>
    <EventData>
      <Data Name=""RuleName"">EXE</Data>
      <Data Name=""UtcTime"">2023-12-27 22:39:02.871</Data>
      <Data Name=""ProcessGuid"">{f57bd86a-a785-658c-f701-000000000f00}</Data>
      <Data Name=""ProcessId"">10616</Data>
      <Data Name=""Image"">C:\Windows\System32\WindowsPowerShell\v1.0\powershell.exe</Data>
      <Data Name=""TargetFilename"">C:\Windows\System32\Tasks\notepad.exe</Data>
      <Data Name=""CreationUtcTime"">2023-12-27 22:39:02.871</Data>
      <Data Name=""User"">WINDEV2309EVAL\User</Data>
    </EventData>
    <RenderingInfo Culture=""en-US"">
      <Message>File created:

RuleName: EXE

UtcTime: 2023-12-27 22:39:02.871

ProcessGuid: {f57bd86a-a785-658c-f701-000000000f00}

ProcessId: 10616

Image: C:\Windows\System32\WindowsPowerShell\v1.0\powershell.exe

TargetFilename: C:\Windows\System32\Tasks\notepad.exe

CreationUtcTime: 2023-12-27 22:39:02.871

User: WINDEV2309EVAL\User</Message>
      <Level>Information</Level>
      <Task>File created (rule: FileCreate)</Task>
      <Opcode>Info</Opcode>
    </RenderingInfo>
  </Event>
  
"
Microsoft-Windows-Sysmon/Operational,,,WinDev2309Eval,2023-12-27 22:39:01.829,,,,11,19657,,,,C:\Windows\System32\WindowsPowerShell\v1.0\powershell.exe,,0x8000000000000000,Information,,,"File created:

RuleName: -

UtcTime: 2023-12-27 22:39:01.829

ProcessGuid: {f57bd86a-a785-658c-f701-000000000f00}

ProcessId: 10616

Image: C:\Windows\System32\WindowsPowerShell\v1.0\powershell.exe

TargetFilename: C:\Users\User\AppData\Local\Temp\__PSScriptPolicyTest_5miu0qrn.mb1.ps1

CreationUtcTime: 2023-12-27 22:39:01.829

User: WINDEV2309EVAL\User",Info,,,,,,,{f57bd86a-a785-658c-f701-000000000f00},3588,10616,,,,,"
      ",-,2023-12-27T22:39:01.8385815Z,C:\Users\User\AppData\Local\Temp\__PSScriptPolicyTest_5miu0qrn.mb1.ps1,,File created (rule: FileCreate),,5124,WINDEV2309EVAL\User,S-1-5-18,2023-12-27 22:39:01.829,2,"<Event xmlns=""http://schemas.microsoft.com/win/2004/08/events/event"">
    <System>
      <Provider Name=""Microsoft-Windows-Sysmon"" Guid=""{5770385f-c22a-43e0-bf4c-06f5698ffbd9}""/>
      <EventID>11</EventID>
      <Version>2</Version>
      <Level>4</Level>
      <Task>11</Task>
      <Opcode>0</Opcode>
      <Keywords>0x8000000000000000</Keywords>
      <TimeCreated SystemTime=""2023-12-27T22:39:01.8385815Z""/>
      <EventRecordID>19657</EventRecordID>
      <Correlation/>
      <Execution ProcessID=""3588"" ThreadID=""5124""/>
      <Channel>Microsoft-Windows-Sysmon/Operational</Channel>
      <Computer>WinDev2309Eval</Computer>
      <Security UserID=""S-1-5-18""/>
    </System>
    <EventData>
      <Data Name=""RuleName"">-</Data>
      <Data Name=""UtcTime"">2023-12-27 22:39:01.829</Data>
      <Data Name=""ProcessGuid"">{f57bd86a-a785-658c-f701-000000000f00}</Data>
      <Data Name=""ProcessId"">10616</Data>
      <Data Name=""Image"">C:\Windows\System32\WindowsPowerShell\v1.0\powershell.exe</Data>
      <Data Name=""TargetFilename"">C:\Users\User\AppData\Local\Temp\__PSScriptPolicyTest_5miu0qrn.mb1.ps1</Data>
      <Data Name=""CreationUtcTime"">2023-12-27 22:39:01.829</Data>
      <Data Name=""User"">WINDEV2309EVAL\User</Data>
    </EventData>
    <RenderingInfo Culture=""en-US"">
      <Message>File created:

RuleName: -

UtcTime: 2023-12-27 22:39:01.829

ProcessGuid: {f57bd86a-a785-658c-f701-000000000f00}

ProcessId: 10616

Image: C:\Windows\System32\WindowsPowerShell\v1.0\powershell.exe

TargetFilename: C:\Users\User\AppData\Local\Temp\__PSScriptPolicyTest_5miu0qrn.mb1.ps1

CreationUtcTime: 2023-12-27 22:39:01.829

User: WINDEV2309EVAL\User</Message>
      <Level>Information</Level>
      <Task>File created (rule: FileCreate)</Task>
      <Opcode>Info</Opcode>
    </RenderingInfo>
  </Event>
  
"
Microsoft-Windows-Sysmon/Operational,"""powershell.exe"" & {# Import the required test harness function, Invoke-BuildAndInvokeInstallUtilAssembly
. \""""C:\AtomicRedTeam\atomics\T1218.004\src\InstallUtilTestHarness.ps1\""""

$InstallerAssemblyDir = \""""$Env:windir\System32\Tasks\""""
$InstallerAssemblyFileName = 'readme.txt'
$InstallerAssemblyFullPath = Join-Path -Path $InstallerAssemblyDir -ChildPath $InstallerAssemblyFileName

$CommandLine = \""""readme.txt\""""
$ExpectedOutput = 'Constructor_'

# Explicitly set the directory so that a relative path to readme.txt can be supplied.
Set-Location \""""$Env:windir\System32\Tasks\""""

Copy-Item -Path \""""$([System.Runtime.InteropServices.RuntimeEnvironment]::GetRuntimeDirectory())InstallUtil.exe\"""" -Destination \""""$Env:windir\System32\Tasks\notepad.exe\""""

$TestArgs = @{
    OutputAssemblyDirectory = $InstallerAssemblyDir
    OutputAssemblyFileName = $InstallerAssemblyFileName
    InvocationMethod = 'Executable'
    CommandLine = $CommandLine
    InstallUtilPath = \""""$Env:windir\System32\Tasks\notepad.exe\""""
}

$ActualOutput = Invoke-BuildAndInvokeInstallUtilAssembly @TestArgs -MinimumViableAssembly

if ($ActualOutput -ne $ExpectedOutput) {
    throw @\""""
Evasive Installutil invocation test failure. Installer assembly execution output did not match the expected output.
Expected: $ExpectedOutput
Actual: $ActualOutput
\""""@
}}",Microsoft Corporation,WinDev2309Eval,,C:\Users\User\AppData\Local\Temp\,Windows PowerShell,,1,19656,,10.0.22621.2506 (WinBuild.160101.0800),"MD5=2D1D70C92A419D9079B047954C611886,SHA256=C50057756CDB25D481CF2502ABCEF124F864C27618C5057468BFC6B82B2C4EDD,IMPHASH=E09C4F82A1DA13A09F4FF2E625FEBA20",C:\Windows\System32\WindowsPowerShell\v1.0\powershell.exe,Medium,0x8000000000000000,Information,{f57bd86a-36f9-658c-7bf8-020000000000},0x2f87b,"Process Create:

RuleName: -

UtcTime: 2023-12-27 22:39:01.719

ProcessGuid: {f57bd86a-a785-658c-f701-000000000f00}

ProcessId: 10616

Image: C:\Windows\System32\WindowsPowerShell\v1.0\powershell.exe

FileVersion: 10.0.22621.2506 (WinBuild.160101.0800)

Description: Windows PowerShell

Product: Microsoft® Windows® Operating System

Company: Microsoft Corporation

OriginalFileName: PowerShell.EXE

CommandLine: ""powershell.exe"" & {# Import the required test harness function, Invoke-BuildAndInvokeInstallUtilAssembly
. \""""C:\AtomicRedTeam\atomics\T1218.004\src\InstallUtilTestHarness.ps1\""""

$InstallerAssemblyDir = \""""$Env:windir\System32\Tasks\""""
$InstallerAssemblyFileName = 'readme.txt'
$InstallerAssemblyFullPath = Join-Path -Path $InstallerAssemblyDir -ChildPath $InstallerAssemblyFileName

$CommandLine = \""""readme.txt\""""
$ExpectedOutput = 'Constructor_'

# Explicitly set the directory so that a relative path to readme.txt can be supplied.
Set-Location \""""$Env:windir\System32\Tasks\""""

Copy-Item -Path \""""$([System.Runtime.InteropServices.RuntimeEnvironment]::GetRuntimeDirectory())InstallUtil.exe\"""" -Destination \""""$Env:windir\System32\Tasks\notepad.exe\""""

$TestArgs = @{
    OutputAssemblyDirectory = $InstallerAssemblyDir
    OutputAssemblyFileName = $InstallerAssemblyFileName
    InvocationMethod = 'Executable'
    CommandLine = $CommandLine
    InstallUtilPath = \""""$Env:windir\System32\Tasks\notepad.exe\""""
}

$ActualOutput = Invoke-BuildAndInvokeInstallUtilAssembly @TestArgs -MinimumViableAssembly

if ($ActualOutput -ne $ExpectedOutput) {
    throw @\""""
Evasive Installutil invocation test failure. Installer assembly execution output did not match the expected output.
Expected: $ExpectedOutput
Actual: $ActualOutput
\""""@
}}

CurrentDirectory: C:\Users\User\AppData\Local\Temp\

User: WINDEV2309EVAL\User

LogonGuid: {f57bd86a-36f9-658c-7bf8-020000000000}

LogonId: 0x2F87B

TerminalSessionId: 1

IntegrityLevel: Medium

Hashes: MD5=2D1D70C92A419D9079B047954C611886,SHA256=C50057756CDB25D481CF2502ABCEF124F864C27618C5057468BFC6B82B2C4EDD,IMPHASH=E09C4F82A1DA13A09F4FF2E625FEBA20

ParentProcessGuid: {00000000-0000-0000-0000-000000000000}

ParentProcessId: 1688

ParentImage: -

ParentCommandLine: -

ParentUser: -",Info,PowerShell.EXE,-,-,{00000000-0000-0000-0000-000000000000},1688,-,{f57bd86a-a785-658c-f701-000000000f00},3588,10616,Microsoft® Windows® Operating System,,,,"
      ",-,2023-12-27T22:39:01.7243003Z,,,Process Create (rule: ProcessCreate),1,5124,WINDEV2309EVAL\User,S-1-5-18,2023-12-27 22:39:01.719,5,"<Event xmlns=""http://schemas.microsoft.com/win/2004/08/events/event"">
    <System>
      <Provider Name=""Microsoft-Windows-Sysmon"" Guid=""{5770385f-c22a-43e0-bf4c-06f5698ffbd9}""/>
      <EventID>1</EventID>
      <Version>5</Version>
      <Level>4</Level>
      <Task>1</Task>
      <Opcode>0</Opcode>
      <Keywords>0x8000000000000000</Keywords>
      <TimeCreated SystemTime=""2023-12-27T22:39:01.7243003Z""/>
      <EventRecordID>19656</EventRecordID>
      <Correlation/>
      <Execution ProcessID=""3588"" ThreadID=""5124""/>
      <Channel>Microsoft-Windows-Sysmon/Operational</Channel>
      <Computer>WinDev2309Eval</Computer>
      <Security UserID=""S-1-5-18""/>
    </System>
    <EventData>
      <Data Name=""RuleName"">-</Data>
      <Data Name=""UtcTime"">2023-12-27 22:39:01.719</Data>
      <Data Name=""ProcessGuid"">{f57bd86a-a785-658c-f701-000000000f00}</Data>
      <Data Name=""ProcessId"">10616</Data>
      <Data Name=""Image"">C:\Windows\System32\WindowsPowerShell\v1.0\powershell.exe</Data>
      <Data Name=""FileVersion"">10.0.22621.2506 (WinBuild.160101.0800)</Data>
      <Data Name=""Description"">Windows PowerShell</Data>
      <Data Name=""Product"">Microsoft&#174; Windows&#174; Operating System</Data>
      <Data Name=""Company"">Microsoft Corporation</Data>
      <Data Name=""OriginalFileName"">PowerShell.EXE</Data>
      <Data Name=""CommandLine"">""powershell.exe"" &amp; {# Import the required test harness function, Invoke-BuildAndInvokeInstallUtilAssembly
. \""""C:\AtomicRedTeam\atomics\T1218.004\src\InstallUtilTestHarness.ps1\""""

$InstallerAssemblyDir = \""""$Env:windir\System32\Tasks\""""
$InstallerAssemblyFileName = 'readme.txt'
$InstallerAssemblyFullPath = Join-Path -Path $InstallerAssemblyDir -ChildPath $InstallerAssemblyFileName

$CommandLine = \""""readme.txt\""""
$ExpectedOutput = 'Constructor_'

# Explicitly set the directory so that a relative path to readme.txt can be supplied.
Set-Location \""""$Env:windir\System32\Tasks\""""

Copy-Item -Path \""""$([System.Runtime.InteropServices.RuntimeEnvironment]::GetRuntimeDirectory())InstallUtil.exe\"""" -Destination \""""$Env:windir\System32\Tasks\notepad.exe\""""

$TestArgs = @{
    OutputAssemblyDirectory = $InstallerAssemblyDir
    OutputAssemblyFileName = $InstallerAssemblyFileName
    InvocationMethod = 'Executable'
    CommandLine = $CommandLine
    InstallUtilPath = \""""$Env:windir\System32\Tasks\notepad.exe\""""
}

$ActualOutput = Invoke-BuildAndInvokeInstallUtilAssembly @TestArgs -MinimumViableAssembly

if ($ActualOutput -ne $ExpectedOutput) {
    throw @\""""
Evasive Installutil invocation test failure. Installer assembly execution output did not match the expected output.
Expected: $ExpectedOutput
Actual: $ActualOutput
\""""@
}}</Data>
      <Data Name=""CurrentDirectory"">C:\Users\User\AppData\Local\Temp\</Data>
      <Data Name=""User"">WINDEV2309EVAL\User</Data>
      <Data Name=""LogonGuid"">{f57bd86a-36f9-658c-7bf8-020000000000}</Data>
      <Data Name=""LogonId"">0x2f87b</Data>
      <Data Name=""TerminalSessionId"">1</Data>
      <Data Name=""IntegrityLevel"">Medium</Data>
      <Data Name=""Hashes"">MD5=2D1D70C92A419D9079B047954C611886,SHA256=C50057756CDB25D481CF2502ABCEF124F864C27618C5057468BFC6B82B2C4EDD,IMPHASH=E09C4F82A1DA13A09F4FF2E625FEBA20</Data>
      <Data Name=""ParentProcessGuid"">{00000000-0000-0000-0000-000000000000}</Data>
      <Data Name=""ParentProcessId"">1688</Data>
      <Data Name=""ParentImage"">-</Data>
      <Data Name=""ParentCommandLine"">-</Data>
      <Data Name=""ParentUser"">-</Data>
    </EventData>
    <RenderingInfo Culture=""en-US"">
      <Message>Process Create:

RuleName: -

UtcTime: 2023-12-27 22:39:01.719

ProcessGuid: {f57bd86a-a785-658c-f701-000000000f00}

ProcessId: 10616

Image: C:\Windows\System32\WindowsPowerShell\v1.0\powershell.exe

FileVersion: 10.0.22621.2506 (WinBuild.160101.0800)

Description: Windows PowerShell

Product: Microsoft&#174; Windows&#174; Operating System

Company: Microsoft Corporation

OriginalFileName: PowerShell.EXE

CommandLine: ""powershell.exe"" &amp; {# Import the required test harness function, Invoke-BuildAndInvokeInstallUtilAssembly
. \""""C:\AtomicRedTeam\atomics\T1218.004\src\InstallUtilTestHarness.ps1\""""

$InstallerAssemblyDir = \""""$Env:windir\System32\Tasks\""""
$InstallerAssemblyFileName = 'readme.txt'
$InstallerAssemblyFullPath = Join-Path -Path $InstallerAssemblyDir -ChildPath $InstallerAssemblyFileName

$CommandLine = \""""readme.txt\""""
$ExpectedOutput = 'Constructor_'

# Explicitly set the directory so that a relative path to readme.txt can be supplied.
Set-Location \""""$Env:windir\System32\Tasks\""""

Copy-Item -Path \""""$([System.Runtime.InteropServices.RuntimeEnvironment]::GetRuntimeDirectory())InstallUtil.exe\"""" -Destination \""""$Env:windir\System32\Tasks\notepad.exe\""""

$TestArgs = @{
    OutputAssemblyDirectory = $InstallerAssemblyDir
    OutputAssemblyFileName = $InstallerAssemblyFileName
    InvocationMethod = 'Executable'
    CommandLine = $CommandLine
    InstallUtilPath = \""""$Env:windir\System32\Tasks\notepad.exe\""""
}

$ActualOutput = Invoke-BuildAndInvokeInstallUtilAssembly @TestArgs -MinimumViableAssembly

if ($ActualOutput -ne $ExpectedOutput) {
    throw @\""""
Evasive Installutil invocation test failure. Installer assembly execution output did not match the expected output.
Expected: $ExpectedOutput
Actual: $ActualOutput
\""""@
}}

CurrentDirectory: C:\Users\User\AppData\Local\Temp\

User: WINDEV2309EVAL\User

LogonGuid: {f57bd86a-36f9-658c-7bf8-020000000000}

LogonId: 0x2F87B

TerminalSessionId: 1

IntegrityLevel: Medium

Hashes: MD5=2D1D70C92A419D9079B047954C611886,SHA256=C50057756CDB25D481CF2502ABCEF124F864C27618C5057468BFC6B82B2C4EDD,IMPHASH=E09C4F82A1DA13A09F4FF2E625FEBA20

ParentProcessGuid: {00000000-0000-0000-0000-000000000000}

ParentProcessId: 1688

ParentImage: -

ParentCommandLine: -

ParentUser: -</Message>
      <Level>Information</Level>
      <Task>Process Create (rule: ProcessCreate)</Task>
      <Opcode>Info</Opcode>
    </RenderingInfo>
  </Event>
  
"
Microsoft-Windows-Sysmon/Operational,"""C:\Windows\Microsoft.NET\Framework64\v4.0.30319\InstallUtil.exe"" /? C:\Users\User\AppData\Local\Temp\T1218.004.dll ",Microsoft Corporation,WinDev2309Eval,,C:\Users\User\AppData\Local\Temp\,.NET Framework installation utility,,1,19655,,4.8.9032.0 built by: NET481REL1,"MD5=A5E23E43D623F49DB9F53E7719B1BE50,SHA256=4F02DE543316367945FDFB89DAFEB3A50E6C1E54DF015AD1732C15962206B647,IMPHASH=00000000000000000000000000000000",C:\Windows\Microsoft.NET\Framework64\v4.0.30319\InstallUtil.exe,Medium,0x8000000000000000,Information,{f57bd86a-36f9-658c-7bf8-020000000000},0x2f87b,"Process Create:

RuleName: -

UtcTime: 2023-12-27 22:39:00.464

ProcessGuid: {f57bd86a-a784-658c-f601-000000000f00}

ProcessId: 10416

Image: C:\Windows\Microsoft.NET\Framework64\v4.0.30319\InstallUtil.exe

FileVersion: 4.8.9032.0 built by: NET481REL1

Description: .NET Framework installation utility

Product: Microsoft® .NET Framework

Company: Microsoft Corporation

OriginalFileName: InstallUtil.exe

CommandLine: ""C:\Windows\Microsoft.NET\Framework64\v4.0.30319\InstallUtil.exe"" /? C:\Users\User\AppData\Local\Temp\T1218.004.dll 

CurrentDirectory: C:\Users\User\AppData\Local\Temp\

User: WINDEV2309EVAL\User

LogonGuid: {f57bd86a-36f9-658c-7bf8-020000000000}

LogonId: 0x2F87B

TerminalSessionId: 1

IntegrityLevel: Medium

Hashes: MD5=A5E23E43D623F49DB9F53E7719B1BE50,SHA256=4F02DE543316367945FDFB89DAFEB3A50E6C1E54DF015AD1732C15962206B647,IMPHASH=00000000000000000000000000000000

ParentProcessGuid: {f57bd86a-a782-658c-f001-000000000f00}

ParentProcessId: 5468

ParentImage: C:\Windows\System32\WindowsPowerShell\v1.0\powershell.exe

ParentCommandLine: ""powershell.exe"" & {# Import the required test harness function, Invoke-BuildAndInvokeInstallUtilAssembly
. \""""C:\AtomicRedTeam\atomics\T1218.004\src\InstallUtilTestHarness.ps1\""""

$InstallerAssemblyDir = \""""$Env:TEMP\\""""
$InstallerAssemblyFileName = \""""T1218.004.dll\""""
$InstallerAssemblyFullPath = Join-Path -Path $InstallerAssemblyDir -ChildPath $InstallerAssemblyFileName

$CommandLine = \""""/? `\""""$InstallerAssemblyFullPath`\""""\""""
$ExpectedOutput = 'Constructor_HelpText_'

$TestArgs = @{
    OutputAssemblyDirectory = $InstallerAssemblyDir
    OutputAssemblyFileName = $InstallerAssemblyFileName
    InvocationMethod = 'Executable'
    CommandLine = $CommandLine
}

$ActualOutput = Invoke-BuildAndInvokeInstallUtilAssembly @TestArgs

if ($ActualOutput -ne $ExpectedOutput) {
    throw @\""""
InstallUtil HelpText property execution test failure. Installer assembly execution output did not match the expected output.
Expected: $ExpectedOutput
Actual: $ActualOutput
\""""@
}}

ParentUser: WINDEV2309EVAL\User",Info,InstallUtil.exe,"""powershell.exe"" & {# Import the required test harness function, Invoke-BuildAndInvokeInstallUtilAssembly
. \""""C:\AtomicRedTeam\atomics\T1218.004\src\InstallUtilTestHarness.ps1\""""

$InstallerAssemblyDir = \""""$Env:TEMP\\""""
$InstallerAssemblyFileName = \""""T1218.004.dll\""""
$InstallerAssemblyFullPath = Join-Path -Path $InstallerAssemblyDir -ChildPath $InstallerAssemblyFileName

$CommandLine = \""""/? `\""""$InstallerAssemblyFullPath`\""""\""""
$ExpectedOutput = 'Constructor_HelpText_'

$TestArgs = @{
    OutputAssemblyDirectory = $InstallerAssemblyDir
    OutputAssemblyFileName = $InstallerAssemblyFileName
    InvocationMethod = 'Executable'
    CommandLine = $CommandLine
}

$ActualOutput = Invoke-BuildAndInvokeInstallUtilAssembly @TestArgs

if ($ActualOutput -ne $ExpectedOutput) {
    throw @\""""
InstallUtil HelpText property execution test failure. Installer assembly execution output did not match the expected output.
Expected: $ExpectedOutput
Actual: $ActualOutput
\""""@
}}",C:\Windows\System32\WindowsPowerShell\v1.0\powershell.exe,{f57bd86a-a782-658c-f001-000000000f00},5468,WINDEV2309EVAL\User,{f57bd86a-a784-658c-f601-000000000f00},3588,10416,Microsoft® .NET Framework,,,,"
      ",-,2023-12-27T22:39:00.4681416Z,,,Process Create (rule: ProcessCreate),1,5124,WINDEV2309EVAL\User,S-1-5-18,2023-12-27 22:39:00.464,5,"<Event xmlns=""http://schemas.microsoft.com/win/2004/08/events/event"">
    <System>
      <Provider Name=""Microsoft-Windows-Sysmon"" Guid=""{5770385f-c22a-43e0-bf4c-06f5698ffbd9}""/>
      <EventID>1</EventID>
      <Version>5</Version>
      <Level>4</Level>
      <Task>1</Task>
      <Opcode>0</Opcode>
      <Keywords>0x8000000000000000</Keywords>
      <TimeCreated SystemTime=""2023-12-27T22:39:00.4681416Z""/>
      <EventRecordID>19655</EventRecordID>
      <Correlation/>
      <Execution ProcessID=""3588"" ThreadID=""5124""/>
      <Channel>Microsoft-Windows-Sysmon/Operational</Channel>
      <Computer>WinDev2309Eval</Computer>
      <Security UserID=""S-1-5-18""/>
    </System>
    <EventData>
      <Data Name=""RuleName"">-</Data>
      <Data Name=""UtcTime"">2023-12-27 22:39:00.464</Data>
      <Data Name=""ProcessGuid"">{f57bd86a-a784-658c-f601-000000000f00}</Data>
      <Data Name=""ProcessId"">10416</Data>
      <Data Name=""Image"">C:\Windows\Microsoft.NET\Framework64\v4.0.30319\InstallUtil.exe</Data>
      <Data Name=""FileVersion"">4.8.9032.0 built by: NET481REL1</Data>
      <Data Name=""Description"">.NET Framework installation utility</Data>
      <Data Name=""Product"">Microsoft&#174; .NET Framework</Data>
      <Data Name=""Company"">Microsoft Corporation</Data>
      <Data Name=""OriginalFileName"">InstallUtil.exe</Data>
      <Data Name=""CommandLine"">""C:\Windows\Microsoft.NET\Framework64\v4.0.30319\InstallUtil.exe"" /? C:\Users\User\AppData\Local\Temp\T1218.004.dll </Data>
      <Data Name=""CurrentDirectory"">C:\Users\User\AppData\Local\Temp\</Data>
      <Data Name=""User"">WINDEV2309EVAL\User</Data>
      <Data Name=""LogonGuid"">{f57bd86a-36f9-658c-7bf8-020000000000}</Data>
      <Data Name=""LogonId"">0x2f87b</Data>
      <Data Name=""TerminalSessionId"">1</Data>
      <Data Name=""IntegrityLevel"">Medium</Data>
      <Data Name=""Hashes"">MD5=A5E23E43D623F49DB9F53E7719B1BE50,SHA256=4F02DE543316367945FDFB89DAFEB3A50E6C1E54DF015AD1732C15962206B647,IMPHASH=00000000000000000000000000000000</Data>
      <Data Name=""ParentProcessGuid"">{f57bd86a-a782-658c-f001-000000000f00}</Data>
      <Data Name=""ParentProcessId"">5468</Data>
      <Data Name=""ParentImage"">C:\Windows\System32\WindowsPowerShell\v1.0\powershell.exe</Data>
      <Data Name=""ParentCommandLine"">""powershell.exe"" &amp; {# Import the required test harness function, Invoke-BuildAndInvokeInstallUtilAssembly
. \""""C:\AtomicRedTeam\atomics\T1218.004\src\InstallUtilTestHarness.ps1\""""

$InstallerAssemblyDir = \""""$Env:TEMP\\""""
$InstallerAssemblyFileName = \""""T1218.004.dll\""""
$InstallerAssemblyFullPath = Join-Path -Path $InstallerAssemblyDir -ChildPath $InstallerAssemblyFileName

$CommandLine = \""""/? `\""""$InstallerAssemblyFullPath`\""""\""""
$ExpectedOutput = 'Constructor_HelpText_'

$TestArgs = @{
    OutputAssemblyDirectory = $InstallerAssemblyDir
    OutputAssemblyFileName = $InstallerAssemblyFileName
    InvocationMethod = 'Executable'
    CommandLine = $CommandLine
}

$ActualOutput = Invoke-BuildAndInvokeInstallUtilAssembly @TestArgs

if ($ActualOutput -ne $ExpectedOutput) {
    throw @\""""
InstallUtil HelpText property execution test failure. Installer assembly execution output did not match the expected output.
Expected: $ExpectedOutput
Actual: $ActualOutput
\""""@
}}</Data>
      <Data Name=""ParentUser"">WINDEV2309EVAL\User</Data>
    </EventData>
    <RenderingInfo Culture=""en-US"">
      <Message>Process Create:

RuleName: -

UtcTime: 2023-12-27 22:39:00.464

ProcessGuid: {f57bd86a-a784-658c-f601-000000000f00}

ProcessId: 10416

Image: C:\Windows\Microsoft.NET\Framework64\v4.0.30319\InstallUtil.exe

FileVersion: 4.8.9032.0 built by: NET481REL1

Description: .NET Framework installation utility

Product: Microsoft&#174; .NET Framework

Company: Microsoft Corporation

OriginalFileName: InstallUtil.exe

CommandLine: ""C:\Windows\Microsoft.NET\Framework64\v4.0.30319\InstallUtil.exe"" /? C:\Users\User\AppData\Local\Temp\T1218.004.dll 

CurrentDirectory: C:\Users\User\AppData\Local\Temp\

User: WINDEV2309EVAL\User

LogonGuid: {f57bd86a-36f9-658c-7bf8-020000000000}

LogonId: 0x2F87B

TerminalSessionId: 1

IntegrityLevel: Medium

Hashes: MD5=A5E23E43D623F49DB9F53E7719B1BE50,SHA256=4F02DE543316367945FDFB89DAFEB3A50E6C1E54DF015AD1732C15962206B647,IMPHASH=00000000000000000000000000000000

ParentProcessGuid: {f57bd86a-a782-658c-f001-000000000f00}

ParentProcessId: 5468

ParentImage: C:\Windows\System32\WindowsPowerShell\v1.0\powershell.exe

ParentCommandLine: ""powershell.exe"" &amp; {# Import the required test harness function, Invoke-BuildAndInvokeInstallUtilAssembly
. \""""C:\AtomicRedTeam\atomics\T1218.004\src\InstallUtilTestHarness.ps1\""""

$InstallerAssemblyDir = \""""$Env:TEMP\\""""
$InstallerAssemblyFileName = \""""T1218.004.dll\""""
$InstallerAssemblyFullPath = Join-Path -Path $InstallerAssemblyDir -ChildPath $InstallerAssemblyFileName

$CommandLine = \""""/? `\""""$InstallerAssemblyFullPath`\""""\""""
$ExpectedOutput = 'Constructor_HelpText_'

$TestArgs = @{
    OutputAssemblyDirectory = $InstallerAssemblyDir
    OutputAssemblyFileName = $InstallerAssemblyFileName
    InvocationMethod = 'Executable'
    CommandLine = $CommandLine
}

$ActualOutput = Invoke-BuildAndInvokeInstallUtilAssembly @TestArgs

if ($ActualOutput -ne $ExpectedOutput) {
    throw @\""""
InstallUtil HelpText property execution test failure. Installer assembly execution output did not match the expected output.
Expected: $ExpectedOutput
Actual: $ActualOutput
\""""@
}}

ParentUser: WINDEV2309EVAL\User</Message>
      <Level>Information</Level>
      <Task>Process Create (rule: ProcessCreate)</Task>
      <Opcode>Info</Opcode>
    </RenderingInfo>
  </Event>
  
"
