Microsoft-Windows-Sysmon/Operational,"""C:\Windows\System32\grpconv.exe"" -o",Microsoft Corporation,WinDev2309Eval,,C:\Windows\system32\,Windows Progman Group Converter,,1,19595,,10.0.22621.1 (WinBuild.160101.0800),"MD5=188528E2957C14C4B2327C8925A3BF95,SHA256=5E3CCD2368D635E2A15ABE58F599B9D2C7313FDE597EE7727C2BB2411814EDE1,IMPHASH=DF6575A8914FBE570472A31E0CECAC12",C:\Windows\System32\grpconv.exe,High,0x8000000000000000,Information,{f57bd86a-36f9-658c-bff7-020000000000},0x2f7bf,"Process Create:

RuleName: -

UtcTime: 2023-12-27 22:32:37.242

ProcessGuid: {f57bd86a-a605-658c-d801-000000000f00}

ProcessId: 11680

Image: C:\Windows\System32\grpconv.exe

FileVersion: 10.0.22621.1 (WinBuild.160101.0800)

Description: Windows Progman Group Converter

Product: Microsoft® Windows® Operating System

Company: Microsoft Corporation

OriginalFileName: GRPCONV.EXE

CommandLine: ""C:\Windows\System32\grpconv.exe"" -o

CurrentDirectory: C:\Windows\system32\

User: WINDEV2309EVAL\User

LogonGuid: {f57bd86a-36f9-658c-bff7-020000000000}

LogonId: 0x2F7BF

TerminalSessionId: 1

IntegrityLevel: High

Hashes: MD5=188528E2957C14C4B2327C8925A3BF95,SHA256=5E3CCD2368D635E2A15ABE58F599B9D2C7313FDE597EE7727C2BB2411814EDE1,IMPHASH=DF6575A8914FBE570472A31E0CECAC12

ParentProcessGuid: {f57bd86a-a605-658c-d701-000000000f00}

ParentProcessId: 11620

ParentImage: C:\Windows\System32\runonce.exe

ParentCommandLine: ""C:\Windows\system32\runonce.exe"" -r

ParentUser: WINDEV2309EVAL\User",Info,GRPCONV.EXE,"""C:\Windows\system32\runonce.exe"" -r",C:\Windows\System32\runonce.exe,{f57bd86a-a605-658c-d701-000000000f00},11620,WINDEV2309EVAL\User,{f57bd86a-a605-658c-d801-000000000f00},3588,11680,Microsoft® Windows® Operating System,,,,"
      ",-,2023-12-27T22:32:37.2451901Z,,,Process Create (rule: ProcessCreate),1,5124,WINDEV2309EVAL\User,S-1-5-18,2023-12-27 22:32:37.242,5,"<Event xmlns=""http://schemas.microsoft.com/win/2004/08/events/event"">
    <System>
      <Provider Name=""Microsoft-Windows-Sysmon"" Guid=""{5770385f-c22a-43e0-bf4c-06f5698ffbd9}""/>
      <EventID>1</EventID>
      <Version>5</Version>
      <Level>4</Level>
      <Task>1</Task>
      <Opcode>0</Opcode>
      <Keywords>0x8000000000000000</Keywords>
      <TimeCreated SystemTime=""2023-12-27T22:32:37.2451901Z""/>
      <EventRecordID>19595</EventRecordID>
      <Correlation/>
      <Execution ProcessID=""3588"" ThreadID=""5124""/>
      <Channel>Microsoft-Windows-Sysmon/Operational</Channel>
      <Computer>WinDev2309Eval</Computer>
      <Security UserID=""S-1-5-18""/>
    </System>
    <EventData>
      <Data Name=""RuleName"">-</Data>
      <Data Name=""UtcTime"">2023-12-27 22:32:37.242</Data>
      <Data Name=""ProcessGuid"">{f57bd86a-a605-658c-d801-000000000f00}</Data>
      <Data Name=""ProcessId"">11680</Data>
      <Data Name=""Image"">C:\Windows\System32\grpconv.exe</Data>
      <Data Name=""FileVersion"">10.0.22621.1 (WinBuild.160101.0800)</Data>
      <Data Name=""Description"">Windows Progman Group Converter</Data>
      <Data Name=""Product"">Microsoft&#174; Windows&#174; Operating System</Data>
      <Data Name=""Company"">Microsoft Corporation</Data>
      <Data Name=""OriginalFileName"">GRPCONV.EXE</Data>
      <Data Name=""CommandLine"">""C:\Windows\System32\grpconv.exe"" -o</Data>
      <Data Name=""CurrentDirectory"">C:\Windows\system32\</Data>
      <Data Name=""User"">WINDEV2309EVAL\User</Data>
      <Data Name=""LogonGuid"">{f57bd86a-36f9-658c-bff7-020000000000}</Data>
      <Data Name=""LogonId"">0x2f7bf</Data>
      <Data Name=""TerminalSessionId"">1</Data>
      <Data Name=""IntegrityLevel"">High</Data>
      <Data Name=""Hashes"">MD5=188528E2957C14C4B2327C8925A3BF95,SHA256=5E3CCD2368D635E2A15ABE58F599B9D2C7313FDE597EE7727C2BB2411814EDE1,IMPHASH=DF6575A8914FBE570472A31E0CECAC12</Data>
      <Data Name=""ParentProcessGuid"">{f57bd86a-a605-658c-d701-000000000f00}</Data>
      <Data Name=""ParentProcessId"">11620</Data>
      <Data Name=""ParentImage"">C:\Windows\System32\runonce.exe</Data>
      <Data Name=""ParentCommandLine"">""C:\Windows\system32\runonce.exe"" -r</Data>
      <Data Name=""ParentUser"">WINDEV2309EVAL\User</Data>
    </EventData>
    <RenderingInfo Culture=""en-US"">
      <Message>Process Create:

RuleName: -

UtcTime: 2023-12-27 22:32:37.242

ProcessGuid: {f57bd86a-a605-658c-d801-000000000f00}

ProcessId: 11680

Image: C:\Windows\System32\grpconv.exe

FileVersion: 10.0.22621.1 (WinBuild.160101.0800)

Description: Windows Progman Group Converter

Product: Microsoft&#174; Windows&#174; Operating System

Company: Microsoft Corporation

OriginalFileName: GRPCONV.EXE

CommandLine: ""C:\Windows\System32\grpconv.exe"" -o

CurrentDirectory: C:\Windows\system32\

User: WINDEV2309EVAL\User

LogonGuid: {f57bd86a-36f9-658c-bff7-020000000000}

LogonId: 0x2F7BF

TerminalSessionId: 1

IntegrityLevel: High

Hashes: MD5=188528E2957C14C4B2327C8925A3BF95,SHA256=5E3CCD2368D635E2A15ABE58F599B9D2C7313FDE597EE7727C2BB2411814EDE1,IMPHASH=DF6575A8914FBE570472A31E0CECAC12

ParentProcessGuid: {f57bd86a-a605-658c-d701-000000000f00}

ParentProcessId: 11620

ParentImage: C:\Windows\System32\runonce.exe

ParentCommandLine: ""C:\Windows\system32\runonce.exe"" -r

ParentUser: WINDEV2309EVAL\User</Message>
      <Level>Information</Level>
      <Task>Process Create (rule: ProcessCreate)</Task>
      <Opcode>Info</Opcode>
    </RenderingInfo>
  </Event>
  
"
Microsoft-Windows-Sysmon/Operational,,,WinDev2309Eval,,,,,22,19594,,,,C:\Windows\system32\InfDefaultInstall.exe,,0x8000000000000000,Information,,,"Dns query:

RuleName: -

UtcTime: 2023-12-27 14:52:13.128

ProcessGuid: {f57bd86a-a604-658c-d501-000000000f00}

ProcessId: 11544

QueryName: raw.githubusercontent.com

QueryStatus: 0

QueryResults: ::ffff:185.199.111.133;::ffff:185.199.109.133;::ffff:185.199.108.133;::ffff:185.199.110.133;

Image: C:\Windows\system32\InfDefaultInstall.exe

User: WINDEV2309EVAL\User",Info,,,,,,,{f57bd86a-a604-658c-d501-000000000f00},3588,11544,,raw.githubusercontent.com,::ffff:185.199.111.133;::ffff:185.199.109.133;::ffff:185.199.108.133;::ffff:185.199.110.133;,0,"
      ",-,2023-12-27T22:32:37.1872954Z,,,Dns query (rule: DnsQuery),,5164,WINDEV2309EVAL\User,S-1-5-18,2023-12-27 14:52:13.128,5,"<Event xmlns=""http://schemas.microsoft.com/win/2004/08/events/event"">
    <System>
      <Provider Name=""Microsoft-Windows-Sysmon"" Guid=""{5770385f-c22a-43e0-bf4c-06f5698ffbd9}""/>
      <EventID>22</EventID>
      <Version>5</Version>
      <Level>4</Level>
      <Task>22</Task>
      <Opcode>0</Opcode>
      <Keywords>0x8000000000000000</Keywords>
      <TimeCreated SystemTime=""2023-12-27T22:32:37.1872954Z""/>
      <EventRecordID>19594</EventRecordID>
      <Correlation/>
      <Execution ProcessID=""3588"" ThreadID=""5164""/>
      <Channel>Microsoft-Windows-Sysmon/Operational</Channel>
      <Computer>WinDev2309Eval</Computer>
      <Security UserID=""S-1-5-18""/>
    </System>
    <EventData>
      <Data Name=""RuleName"">-</Data>
      <Data Name=""UtcTime"">2023-12-27 14:52:13.128</Data>
      <Data Name=""ProcessGuid"">{f57bd86a-a604-658c-d501-000000000f00}</Data>
      <Data Name=""ProcessId"">11544</Data>
      <Data Name=""QueryName"">raw.githubusercontent.com</Data>
      <Data Name=""QueryStatus"">0</Data>
      <Data Name=""QueryResults"">::ffff:185.199.111.133;::ffff:185.199.109.133;::ffff:185.199.108.133;::ffff:185.199.110.133;</Data>
      <Data Name=""Image"">C:\Windows\system32\InfDefaultInstall.exe</Data>
      <Data Name=""User"">WINDEV2309EVAL\User</Data>
    </EventData>
    <RenderingInfo Culture=""en-US"">
      <Message>Dns query:

RuleName: -

UtcTime: 2023-12-27 14:52:13.128

ProcessGuid: {f57bd86a-a604-658c-d501-000000000f00}

ProcessId: 11544

QueryName: raw.githubusercontent.com

QueryStatus: 0

QueryResults: ::ffff:185.199.111.133;::ffff:185.199.109.133;::ffff:185.199.108.133;::ffff:185.199.110.133;

Image: C:\Windows\system32\InfDefaultInstall.exe

User: WINDEV2309EVAL\User</Message>
      <Level>Information</Level>
      <Task>Dns query (rule: DnsQuery)</Task>
      <Opcode>Info</Opcode>
    </RenderingInfo>
  </Event>
  
"
Microsoft-Windows-Sysmon/Operational,,,WinDev2309Eval,,,,,12,19593,DeleteValue,,,C:\Windows\system32\runonce.exe,,0x8000000000000000,Information,,,"Registry object added or deleted:

RuleName: T1060,RunKey

EventType: DeleteValue

UtcTime: 2023-12-27 22:32:37.169

ProcessGuid: {f57bd86a-a605-658c-d701-000000000f00}

ProcessId: 11620

Image: C:\Windows\system32\runonce.exe

TargetObject: HKLM\SOFTWARE\Microsoft\Windows\CurrentVersion\RunOnce\GrpConv

User: WINDEV2309EVAL\User",Info,,,,,,,{f57bd86a-a605-658c-d701-000000000f00},3588,11620,,,,,"
      ","T1060,RunKey",2023-12-27T22:32:37.1847395Z,,HKLM\SOFTWARE\Microsoft\Windows\CurrentVersion\RunOnce\GrpConv,Registry object added or deleted (rule: RegistryEvent),,5124,WINDEV2309EVAL\User,S-1-5-18,2023-12-27 22:32:37.169,2,"<Event xmlns=""http://schemas.microsoft.com/win/2004/08/events/event"">
    <System>
      <Provider Name=""Microsoft-Windows-Sysmon"" Guid=""{5770385f-c22a-43e0-bf4c-06f5698ffbd9}""/>
      <EventID>12</EventID>
      <Version>2</Version>
      <Level>4</Level>
      <Task>12</Task>
      <Opcode>0</Opcode>
      <Keywords>0x8000000000000000</Keywords>
      <TimeCreated SystemTime=""2023-12-27T22:32:37.1847395Z""/>
      <EventRecordID>19593</EventRecordID>
      <Correlation/>
      <Execution ProcessID=""3588"" ThreadID=""5124""/>
      <Channel>Microsoft-Windows-Sysmon/Operational</Channel>
      <Computer>WinDev2309Eval</Computer>
      <Security UserID=""S-1-5-18""/>
    </System>
    <EventData>
      <Data Name=""RuleName"">T1060,RunKey</Data>
      <Data Name=""EventType"">DeleteValue</Data>
      <Data Name=""UtcTime"">2023-12-27 22:32:37.169</Data>
      <Data Name=""ProcessGuid"">{f57bd86a-a605-658c-d701-000000000f00}</Data>
      <Data Name=""ProcessId"">11620</Data>
      <Data Name=""Image"">C:\Windows\system32\runonce.exe</Data>
      <Data Name=""TargetObject"">HKLM\SOFTWARE\Microsoft\Windows\CurrentVersion\RunOnce\GrpConv</Data>
      <Data Name=""User"">WINDEV2309EVAL\User</Data>
    </EventData>
    <RenderingInfo Culture=""en-US"">
      <Message>Registry object added or deleted:

RuleName: T1060,RunKey

EventType: DeleteValue

UtcTime: 2023-12-27 22:32:37.169

ProcessGuid: {f57bd86a-a605-658c-d701-000000000f00}

ProcessId: 11620

Image: C:\Windows\system32\runonce.exe

TargetObject: HKLM\SOFTWARE\Microsoft\Windows\CurrentVersion\RunOnce\GrpConv

User: WINDEV2309EVAL\User</Message>
      <Level>Information</Level>
      <Task>Registry object added or deleted (rule: RegistryEvent)</Task>
      <Opcode>Info</Opcode>
    </RenderingInfo>
  </Event>
  
"
Microsoft-Windows-Sysmon/Operational,"""C:\Windows\system32\runonce.exe"" -r",Microsoft Corporation,WinDev2309Eval,,C:\Windows\system32\,Run Once Wrapper,,1,19592,,10.0.22621.2506 (WinBuild.160101.0800),"MD5=15D12BAEBAB388C1EC1115FA975B752F,SHA256=BB43CD79B5E777FCD6CCF7C449C320CC5B79F7A4B6C5F2405048CD720FF221DB,IMPHASH=4067C20E2F86EF6B2B939CF1FDAC37F3",C:\Windows\System32\runonce.exe,High,0x8000000000000000,Information,{f57bd86a-36f9-658c-bff7-020000000000},0x2f7bf,"Process Create:

RuleName: -

UtcTime: 2023-12-27 22:32:37.164

ProcessGuid: {f57bd86a-a605-658c-d701-000000000f00}

ProcessId: 11620

Image: C:\Windows\System32\runonce.exe

FileVersion: 10.0.22621.2506 (WinBuild.160101.0800)

Description: Run Once Wrapper

Product: Microsoft® Windows® Operating System

Company: Microsoft Corporation

OriginalFileName: RUNONCE.EXE

CommandLine: ""C:\Windows\system32\runonce.exe"" -r

CurrentDirectory: C:\Windows\system32\

User: WINDEV2309EVAL\User

LogonGuid: {f57bd86a-36f9-658c-bff7-020000000000}

LogonId: 0x2F7BF

TerminalSessionId: 1

IntegrityLevel: High

Hashes: MD5=15D12BAEBAB388C1EC1115FA975B752F,SHA256=BB43CD79B5E777FCD6CCF7C449C320CC5B79F7A4B6C5F2405048CD720FF221DB,IMPHASH=4067C20E2F86EF6B2B939CF1FDAC37F3

ParentProcessGuid: {f57bd86a-a604-658c-d501-000000000f00}

ParentProcessId: 11544

ParentImage: C:\Windows\System32\InfDefaultInstall.exe

ParentCommandLine: ""C:\Windows\system32\InfDefaultInstall.exe""  ""C:\AtomicRedTeam\atomics\T1218\src\Infdefaultinstall.inf""

ParentUser: WINDEV2309EVAL\User",Info,RUNONCE.EXE,"""C:\Windows\system32\InfDefaultInstall.exe""  ""C:\AtomicRedTeam\atomics\T1218\src\Infdefaultinstall.inf""",C:\Windows\System32\InfDefaultInstall.exe,{f57bd86a-a604-658c-d501-000000000f00},11544,WINDEV2309EVAL\User,{f57bd86a-a605-658c-d701-000000000f00},3588,11620,Microsoft® Windows® Operating System,,,,"
      ",-,2023-12-27T22:32:37.1650016Z,,,Process Create (rule: ProcessCreate),1,5124,WINDEV2309EVAL\User,S-1-5-18,2023-12-27 22:32:37.164,5,"<Event xmlns=""http://schemas.microsoft.com/win/2004/08/events/event"">
    <System>
      <Provider Name=""Microsoft-Windows-Sysmon"" Guid=""{5770385f-c22a-43e0-bf4c-06f5698ffbd9}""/>
      <EventID>1</EventID>
      <Version>5</Version>
      <Level>4</Level>
      <Task>1</Task>
      <Opcode>0</Opcode>
      <Keywords>0x8000000000000000</Keywords>
      <TimeCreated SystemTime=""2023-12-27T22:32:37.1650016Z""/>
      <EventRecordID>19592</EventRecordID>
      <Correlation/>
      <Execution ProcessID=""3588"" ThreadID=""5124""/>
      <Channel>Microsoft-Windows-Sysmon/Operational</Channel>
      <Computer>WinDev2309Eval</Computer>
      <Security UserID=""S-1-5-18""/>
    </System>
    <EventData>
      <Data Name=""RuleName"">-</Data>
      <Data Name=""UtcTime"">2023-12-27 22:32:37.164</Data>
      <Data Name=""ProcessGuid"">{f57bd86a-a605-658c-d701-000000000f00}</Data>
      <Data Name=""ProcessId"">11620</Data>
      <Data Name=""Image"">C:\Windows\System32\runonce.exe</Data>
      <Data Name=""FileVersion"">10.0.22621.2506 (WinBuild.160101.0800)</Data>
      <Data Name=""Description"">Run Once Wrapper</Data>
      <Data Name=""Product"">Microsoft&#174; Windows&#174; Operating System</Data>
      <Data Name=""Company"">Microsoft Corporation</Data>
      <Data Name=""OriginalFileName"">RUNONCE.EXE</Data>
      <Data Name=""CommandLine"">""C:\Windows\system32\runonce.exe"" -r</Data>
      <Data Name=""CurrentDirectory"">C:\Windows\system32\</Data>
      <Data Name=""User"">WINDEV2309EVAL\User</Data>
      <Data Name=""LogonGuid"">{f57bd86a-36f9-658c-bff7-020000000000}</Data>
      <Data Name=""LogonId"">0x2f7bf</Data>
      <Data Name=""TerminalSessionId"">1</Data>
      <Data Name=""IntegrityLevel"">High</Data>
      <Data Name=""Hashes"">MD5=15D12BAEBAB388C1EC1115FA975B752F,SHA256=BB43CD79B5E777FCD6CCF7C449C320CC5B79F7A4B6C5F2405048CD720FF221DB,IMPHASH=4067C20E2F86EF6B2B939CF1FDAC37F3</Data>
      <Data Name=""ParentProcessGuid"">{f57bd86a-a604-658c-d501-000000000f00}</Data>
      <Data Name=""ParentProcessId"">11544</Data>
      <Data Name=""ParentImage"">C:\Windows\System32\InfDefaultInstall.exe</Data>
      <Data Name=""ParentCommandLine"">""C:\Windows\system32\InfDefaultInstall.exe""  ""C:\AtomicRedTeam\atomics\T1218\src\Infdefaultinstall.inf""</Data>
      <Data Name=""ParentUser"">WINDEV2309EVAL\User</Data>
    </EventData>
    <RenderingInfo Culture=""en-US"">
      <Message>Process Create:

RuleName: -

UtcTime: 2023-12-27 22:32:37.164

ProcessGuid: {f57bd86a-a605-658c-d701-000000000f00}

ProcessId: 11620

Image: C:\Windows\System32\runonce.exe

FileVersion: 10.0.22621.2506 (WinBuild.160101.0800)

Description: Run Once Wrapper

Product: Microsoft&#174; Windows&#174; Operating System

Company: Microsoft Corporation

OriginalFileName: RUNONCE.EXE

CommandLine: ""C:\Windows\system32\runonce.exe"" -r

CurrentDirectory: C:\Windows\system32\

User: WINDEV2309EVAL\User

LogonGuid: {f57bd86a-36f9-658c-bff7-020000000000}

LogonId: 0x2F7BF

TerminalSessionId: 1

IntegrityLevel: High

Hashes: MD5=15D12BAEBAB388C1EC1115FA975B752F,SHA256=BB43CD79B5E777FCD6CCF7C449C320CC5B79F7A4B6C5F2405048CD720FF221DB,IMPHASH=4067C20E2F86EF6B2B939CF1FDAC37F3

ParentProcessGuid: {f57bd86a-a604-658c-d501-000000000f00}

ParentProcessId: 11544

ParentImage: C:\Windows\System32\InfDefaultInstall.exe

ParentCommandLine: ""C:\Windows\system32\InfDefaultInstall.exe""  ""C:\AtomicRedTeam\atomics\T1218\src\Infdefaultinstall.inf""

ParentUser: WINDEV2309EVAL\User</Message>
      <Level>Information</Level>
      <Task>Process Create (rule: ProcessCreate)</Task>
      <Opcode>Info</Opcode>
    </RenderingInfo>
  </Event>
  
"
Microsoft-Windows-Sysmon/Operational,,,WinDev2309Eval,,,,grpconv -o,13,19591,SetValue,,,C:\Windows\system32\InfDefaultInstall.exe,,0x8000000000000000,Information,,,"Registry value set:

RuleName: T1060,RunKey

EventType: SetValue

UtcTime: 2023-12-27 22:32:37.153

ProcessGuid: {f57bd86a-a604-658c-d501-000000000f00}

ProcessId: 11544

Image: C:\Windows\system32\InfDefaultInstall.exe

TargetObject: HKLM\SOFTWARE\Microsoft\Windows\CurrentVersion\RunOnce\GrpConv

Details: grpconv -o

User: WINDEV2309EVAL\User",Info,,,,,,,{f57bd86a-a604-658c-d501-000000000f00},3588,11544,,,,,"
      ","T1060,RunKey",2023-12-27T22:32:37.1636551Z,,HKLM\SOFTWARE\Microsoft\Windows\CurrentVersion\RunOnce\GrpConv,Registry value set (rule: RegistryEvent),,5124,WINDEV2309EVAL\User,S-1-5-18,2023-12-27 22:32:37.153,2,"<Event xmlns=""http://schemas.microsoft.com/win/2004/08/events/event"">
    <System>
      <Provider Name=""Microsoft-Windows-Sysmon"" Guid=""{5770385f-c22a-43e0-bf4c-06f5698ffbd9}""/>
      <EventID>13</EventID>
      <Version>2</Version>
      <Level>4</Level>
      <Task>13</Task>
      <Opcode>0</Opcode>
      <Keywords>0x8000000000000000</Keywords>
      <TimeCreated SystemTime=""2023-12-27T22:32:37.1636551Z""/>
      <EventRecordID>19591</EventRecordID>
      <Correlation/>
      <Execution ProcessID=""3588"" ThreadID=""5124""/>
      <Channel>Microsoft-Windows-Sysmon/Operational</Channel>
      <Computer>WinDev2309Eval</Computer>
      <Security UserID=""S-1-5-18""/>
    </System>
    <EventData>
      <Data Name=""RuleName"">T1060,RunKey</Data>
      <Data Name=""EventType"">SetValue</Data>
      <Data Name=""UtcTime"">2023-12-27 22:32:37.153</Data>
      <Data Name=""ProcessGuid"">{f57bd86a-a604-658c-d501-000000000f00}</Data>
      <Data Name=""ProcessId"">11544</Data>
      <Data Name=""Image"">C:\Windows\system32\InfDefaultInstall.exe</Data>
      <Data Name=""TargetObject"">HKLM\SOFTWARE\Microsoft\Windows\CurrentVersion\RunOnce\GrpConv</Data>
      <Data Name=""Details"">grpconv -o</Data>
      <Data Name=""User"">WINDEV2309EVAL\User</Data>
    </EventData>
    <RenderingInfo Culture=""en-US"">
      <Message>Registry value set:

RuleName: T1060,RunKey

EventType: SetValue

UtcTime: 2023-12-27 22:32:37.153

ProcessGuid: {f57bd86a-a604-658c-d501-000000000f00}

ProcessId: 11544

Image: C:\Windows\system32\InfDefaultInstall.exe

TargetObject: HKLM\SOFTWARE\Microsoft\Windows\CurrentVersion\RunOnce\GrpConv

Details: grpconv -o

User: WINDEV2309EVAL\User</Message>
      <Level>Information</Level>
      <Task>Registry value set (rule: RegistryEvent)</Task>
      <Opcode>Info</Opcode>
    </RenderingInfo>
  </Event>
  
"
Microsoft-Windows-Sysmon/Operational,"""C:\Windows\System32\calc.exe"" ",Microsoft Corporation,WinDev2309Eval,,C:\Windows\system32\,Windows Calculator,,1,19590,,10.0.22621.1 (WinBuild.160101.0800),"MD5=2F82623F9523C0D167862CAD0EFF6806,SHA256=9C2C8A8588FE6DB09C09337E78437CB056CD557DB1BCF5240112CBFB7B600EFB,IMPHASH=8EEAA9499666119D13B3F44ECD77A729",C:\Windows\System32\calc.exe,High,0x8000000000000000,Information,{f57bd86a-36f9-658c-bff7-020000000000},0x2f7bf,"Process Create:

RuleName: -

UtcTime: 2023-12-27 22:32:37.155

ProcessGuid: {f57bd86a-a605-658c-d601-000000000f00}

ProcessId: 11604

Image: C:\Windows\System32\calc.exe

FileVersion: 10.0.22621.1 (WinBuild.160101.0800)

Description: Windows Calculator

Product: Microsoft® Windows® Operating System

Company: Microsoft Corporation

OriginalFileName: CALC.EXE

CommandLine: ""C:\Windows\System32\calc.exe"" 

CurrentDirectory: C:\Windows\system32\

User: WINDEV2309EVAL\User

LogonGuid: {f57bd86a-36f9-658c-bff7-020000000000}

LogonId: 0x2F7BF

TerminalSessionId: 1

IntegrityLevel: High

Hashes: MD5=2F82623F9523C0D167862CAD0EFF6806,SHA256=9C2C8A8588FE6DB09C09337E78437CB056CD557DB1BCF5240112CBFB7B600EFB,IMPHASH=8EEAA9499666119D13B3F44ECD77A729

ParentProcessGuid: {f57bd86a-a604-658c-d501-000000000f00}

ParentProcessId: 11544

ParentImage: C:\Windows\System32\InfDefaultInstall.exe

ParentCommandLine: ""C:\Windows\system32\InfDefaultInstall.exe""  ""C:\AtomicRedTeam\atomics\T1218\src\Infdefaultinstall.inf""

ParentUser: WINDEV2309EVAL\User",Info,CALC.EXE,"""C:\Windows\system32\InfDefaultInstall.exe""  ""C:\AtomicRedTeam\atomics\T1218\src\Infdefaultinstall.inf""",C:\Windows\System32\InfDefaultInstall.exe,{f57bd86a-a604-658c-d501-000000000f00},11544,WINDEV2309EVAL\User,{f57bd86a-a605-658c-d601-000000000f00},3588,11604,Microsoft® Windows® Operating System,,,,"
      ",-,2023-12-27T22:32:37.1570690Z,,,Process Create (rule: ProcessCreate),1,5124,WINDEV2309EVAL\User,S-1-5-18,2023-12-27 22:32:37.155,5,"<Event xmlns=""http://schemas.microsoft.com/win/2004/08/events/event"">
    <System>
      <Provider Name=""Microsoft-Windows-Sysmon"" Guid=""{5770385f-c22a-43e0-bf4c-06f5698ffbd9}""/>
      <EventID>1</EventID>
      <Version>5</Version>
      <Level>4</Level>
      <Task>1</Task>
      <Opcode>0</Opcode>
      <Keywords>0x8000000000000000</Keywords>
      <TimeCreated SystemTime=""2023-12-27T22:32:37.1570690Z""/>
      <EventRecordID>19590</EventRecordID>
      <Correlation/>
      <Execution ProcessID=""3588"" ThreadID=""5124""/>
      <Channel>Microsoft-Windows-Sysmon/Operational</Channel>
      <Computer>WinDev2309Eval</Computer>
      <Security UserID=""S-1-5-18""/>
    </System>
    <EventData>
      <Data Name=""RuleName"">-</Data>
      <Data Name=""UtcTime"">2023-12-27 22:32:37.155</Data>
      <Data Name=""ProcessGuid"">{f57bd86a-a605-658c-d601-000000000f00}</Data>
      <Data Name=""ProcessId"">11604</Data>
      <Data Name=""Image"">C:\Windows\System32\calc.exe</Data>
      <Data Name=""FileVersion"">10.0.22621.1 (WinBuild.160101.0800)</Data>
      <Data Name=""Description"">Windows Calculator</Data>
      <Data Name=""Product"">Microsoft&#174; Windows&#174; Operating System</Data>
      <Data Name=""Company"">Microsoft Corporation</Data>
      <Data Name=""OriginalFileName"">CALC.EXE</Data>
      <Data Name=""CommandLine"">""C:\Windows\System32\calc.exe"" </Data>
      <Data Name=""CurrentDirectory"">C:\Windows\system32\</Data>
      <Data Name=""User"">WINDEV2309EVAL\User</Data>
      <Data Name=""LogonGuid"">{f57bd86a-36f9-658c-bff7-020000000000}</Data>
      <Data Name=""LogonId"">0x2f7bf</Data>
      <Data Name=""TerminalSessionId"">1</Data>
      <Data Name=""IntegrityLevel"">High</Data>
      <Data Name=""Hashes"">MD5=2F82623F9523C0D167862CAD0EFF6806,SHA256=9C2C8A8588FE6DB09C09337E78437CB056CD557DB1BCF5240112CBFB7B600EFB,IMPHASH=8EEAA9499666119D13B3F44ECD77A729</Data>
      <Data Name=""ParentProcessGuid"">{f57bd86a-a604-658c-d501-000000000f00}</Data>
      <Data Name=""ParentProcessId"">11544</Data>
      <Data Name=""ParentImage"">C:\Windows\System32\InfDefaultInstall.exe</Data>
      <Data Name=""ParentCommandLine"">""C:\Windows\system32\InfDefaultInstall.exe""  ""C:\AtomicRedTeam\atomics\T1218\src\Infdefaultinstall.inf""</Data>
      <Data Name=""ParentUser"">WINDEV2309EVAL\User</Data>
    </EventData>
    <RenderingInfo Culture=""en-US"">
      <Message>Process Create:

RuleName: -

UtcTime: 2023-12-27 22:32:37.155

ProcessGuid: {f57bd86a-a605-658c-d601-000000000f00}

ProcessId: 11604

Image: C:\Windows\System32\calc.exe

FileVersion: 10.0.22621.1 (WinBuild.160101.0800)

Description: Windows Calculator

Product: Microsoft&#174; Windows&#174; Operating System

Company: Microsoft Corporation

OriginalFileName: CALC.EXE

CommandLine: ""C:\Windows\System32\calc.exe"" 

CurrentDirectory: C:\Windows\system32\

User: WINDEV2309EVAL\User

LogonGuid: {f57bd86a-36f9-658c-bff7-020000000000}

LogonId: 0x2F7BF

TerminalSessionId: 1

IntegrityLevel: High

Hashes: MD5=2F82623F9523C0D167862CAD0EFF6806,SHA256=9C2C8A8588FE6DB09C09337E78437CB056CD557DB1BCF5240112CBFB7B600EFB,IMPHASH=8EEAA9499666119D13B3F44ECD77A729

ParentProcessGuid: {f57bd86a-a604-658c-d501-000000000f00}

ParentProcessId: 11544

ParentImage: C:\Windows\System32\InfDefaultInstall.exe

ParentCommandLine: ""C:\Windows\system32\InfDefaultInstall.exe""  ""C:\AtomicRedTeam\atomics\T1218\src\Infdefaultinstall.inf""

ParentUser: WINDEV2309EVAL\User</Message>
      <Level>Information</Level>
      <Task>Process Create (rule: ProcessCreate)</Task>
      <Opcode>Info</Opcode>
    </RenderingInfo>
  </Event>
  
"
Microsoft-Windows-Sysmon/Operational,,,WinDev2309Eval,2023-12-27 22:32:37.017,,,,11,19589,,,,C:\Windows\system32\InfDefaultInstall.exe,,0x8000000000000000,Information,,,"File created:

RuleName: -

UtcTime: 2023-12-27 22:32:37.017

ProcessGuid: {f57bd86a-a604-658c-d501-000000000f00}

ProcessId: 11544

Image: C:\Windows\system32\InfDefaultInstall.exe

TargetFilename: C:\Users\User\AppData\Local\Microsoft\Windows\INetCache\IE\82UPYX59\RegSvr32[1].sct

CreationUtcTime: 2023-12-27 22:32:37.017

User: WINDEV2309EVAL\User",Info,,,,,,,{f57bd86a-a604-658c-d501-000000000f00},3588,11544,,,,,"
      ",-,2023-12-27T22:32:37.0224877Z,C:\Users\User\AppData\Local\Microsoft\Windows\INetCache\IE\82UPYX59\RegSvr32[1].sct,,File created (rule: FileCreate),,5124,WINDEV2309EVAL\User,S-1-5-18,2023-12-27 22:32:37.017,2,"<Event xmlns=""http://schemas.microsoft.com/win/2004/08/events/event"">
    <System>
      <Provider Name=""Microsoft-Windows-Sysmon"" Guid=""{5770385f-c22a-43e0-bf4c-06f5698ffbd9}""/>
      <EventID>11</EventID>
      <Version>2</Version>
      <Level>4</Level>
      <Task>11</Task>
      <Opcode>0</Opcode>
      <Keywords>0x8000000000000000</Keywords>
      <TimeCreated SystemTime=""2023-12-27T22:32:37.0224877Z""/>
      <EventRecordID>19589</EventRecordID>
      <Correlation/>
      <Execution ProcessID=""3588"" ThreadID=""5124""/>
      <Channel>Microsoft-Windows-Sysmon/Operational</Channel>
      <Computer>WinDev2309Eval</Computer>
      <Security UserID=""S-1-5-18""/>
    </System>
    <EventData>
      <Data Name=""RuleName"">-</Data>
      <Data Name=""UtcTime"">2023-12-27 22:32:37.017</Data>
      <Data Name=""ProcessGuid"">{f57bd86a-a604-658c-d501-000000000f00}</Data>
      <Data Name=""ProcessId"">11544</Data>
      <Data Name=""Image"">C:\Windows\system32\InfDefaultInstall.exe</Data>
      <Data Name=""TargetFilename"">C:\Users\User\AppData\Local\Microsoft\Windows\INetCache\IE\82UPYX59\RegSvr32[1].sct</Data>
      <Data Name=""CreationUtcTime"">2023-12-27 22:32:37.017</Data>
      <Data Name=""User"">WINDEV2309EVAL\User</Data>
    </EventData>
    <RenderingInfo Culture=""en-US"">
      <Message>File created:

RuleName: -

UtcTime: 2023-12-27 22:32:37.017

ProcessGuid: {f57bd86a-a604-658c-d501-000000000f00}

ProcessId: 11544

Image: C:\Windows\system32\InfDefaultInstall.exe

TargetFilename: C:\Users\User\AppData\Local\Microsoft\Windows\INetCache\IE\82UPYX59\RegSvr32[1].sct

CreationUtcTime: 2023-12-27 22:32:37.017

User: WINDEV2309EVAL\User</Message>
      <Level>Information</Level>
      <Task>File created (rule: FileCreate)</Task>
      <Opcode>Info</Opcode>
    </RenderingInfo>
  </Event>
  
"
Microsoft-Windows-Sysmon/Operational,"""C:\Windows\system32\InfDefaultInstall.exe""  ""C:\AtomicRedTeam\atomics\T1218\src\Infdefaultinstall.inf""",Microsoft Corporation,WinDev2309Eval,,C:\Windows\system32\,INF Default Install,,1,19588,,5.2.3668.0,"MD5=CC203F9952F393B54F5457D8928DCE15,SHA256=D6A03550FBD2313A8B1F4E71180BF27DB436A86BD54660E4A6C6B6707BDF8D63,IMPHASH=85E247AC00016C5D35435F22FC7AB82E",C:\Windows\System32\InfDefaultInstall.exe,High,0x8000000000000000,Information,{f57bd86a-36f9-658c-bff7-020000000000},0x2f7bf,"Process Create:

RuleName: -

UtcTime: 2023-12-27 22:32:36.218

ProcessGuid: {f57bd86a-a604-658c-d501-000000000f00}

ProcessId: 11544

Image: C:\Windows\System32\InfDefaultInstall.exe

FileVersion: 5.2.3668.0

Description: INF Default Install

Product: Microsoft® Windows® Operating System

Company: Microsoft Corporation

OriginalFileName: InfDefaultInstall.EXE

CommandLine: ""C:\Windows\system32\InfDefaultInstall.exe""  ""C:\AtomicRedTeam\atomics\T1218\src\Infdefaultinstall.inf""

CurrentDirectory: C:\Windows\system32\

User: WINDEV2309EVAL\User

LogonGuid: {f57bd86a-36f9-658c-bff7-020000000000}

LogonId: 0x2F7BF

TerminalSessionId: 1

IntegrityLevel: High

Hashes: MD5=CC203F9952F393B54F5457D8928DCE15,SHA256=D6A03550FBD2313A8B1F4E71180BF27DB436A86BD54660E4A6C6B6707BDF8D63,IMPHASH=85E247AC00016C5D35435F22FC7AB82E

ParentProcessGuid: {f57bd86a-a601-658c-cd01-000000000f00}

ParentProcessId: 7920

ParentImage: C:\Windows\System32\cmd.exe

ParentCommandLine: ""cmd.exe"" /c InfDefaultInstall.exe ""C:\AtomicRedTeam\atomics\T1218\src\Infdefaultinstall.inf""

ParentUser: WINDEV2309EVAL\User",Info,InfDefaultInstall.EXE,"""cmd.exe"" /c InfDefaultInstall.exe ""C:\AtomicRedTeam\atomics\T1218\src\Infdefaultinstall.inf""",C:\Windows\System32\cmd.exe,{f57bd86a-a601-658c-cd01-000000000f00},7920,WINDEV2309EVAL\User,{f57bd86a-a604-658c-d501-000000000f00},3588,11544,Microsoft® Windows® Operating System,,,,"
      ",-,2023-12-27T22:32:36.2204856Z,,,Process Create (rule: ProcessCreate),1,5124,WINDEV2309EVAL\User,S-1-5-18,2023-12-27 22:32:36.218,5,"<Event xmlns=""http://schemas.microsoft.com/win/2004/08/events/event"">
    <System>
      <Provider Name=""Microsoft-Windows-Sysmon"" Guid=""{5770385f-c22a-43e0-bf4c-06f5698ffbd9}""/>
      <EventID>1</EventID>
      <Version>5</Version>
      <Level>4</Level>
      <Task>1</Task>
      <Opcode>0</Opcode>
      <Keywords>0x8000000000000000</Keywords>
      <TimeCreated SystemTime=""2023-12-27T22:32:36.2204856Z""/>
      <EventRecordID>19588</EventRecordID>
      <Correlation/>
      <Execution ProcessID=""3588"" ThreadID=""5124""/>
      <Channel>Microsoft-Windows-Sysmon/Operational</Channel>
      <Computer>WinDev2309Eval</Computer>
      <Security UserID=""S-1-5-18""/>
    </System>
    <EventData>
      <Data Name=""RuleName"">-</Data>
      <Data Name=""UtcTime"">2023-12-27 22:32:36.218</Data>
      <Data Name=""ProcessGuid"">{f57bd86a-a604-658c-d501-000000000f00}</Data>
      <Data Name=""ProcessId"">11544</Data>
      <Data Name=""Image"">C:\Windows\System32\InfDefaultInstall.exe</Data>
      <Data Name=""FileVersion"">5.2.3668.0</Data>
      <Data Name=""Description"">INF Default Install</Data>
      <Data Name=""Product"">Microsoft&#174; Windows&#174; Operating System</Data>
      <Data Name=""Company"">Microsoft Corporation</Data>
      <Data Name=""OriginalFileName"">InfDefaultInstall.EXE</Data>
      <Data Name=""CommandLine"">""C:\Windows\system32\InfDefaultInstall.exe""  ""C:\AtomicRedTeam\atomics\T1218\src\Infdefaultinstall.inf""</Data>
      <Data Name=""CurrentDirectory"">C:\Windows\system32\</Data>
      <Data Name=""User"">WINDEV2309EVAL\User</Data>
      <Data Name=""LogonGuid"">{f57bd86a-36f9-658c-bff7-020000000000}</Data>
      <Data Name=""LogonId"">0x2f7bf</Data>
      <Data Name=""TerminalSessionId"">1</Data>
      <Data Name=""IntegrityLevel"">High</Data>
      <Data Name=""Hashes"">MD5=CC203F9952F393B54F5457D8928DCE15,SHA256=D6A03550FBD2313A8B1F4E71180BF27DB436A86BD54660E4A6C6B6707BDF8D63,IMPHASH=85E247AC00016C5D35435F22FC7AB82E</Data>
      <Data Name=""ParentProcessGuid"">{f57bd86a-a601-658c-cd01-000000000f00}</Data>
      <Data Name=""ParentProcessId"">7920</Data>
      <Data Name=""ParentImage"">C:\Windows\System32\cmd.exe</Data>
      <Data Name=""ParentCommandLine"">""cmd.exe"" /c InfDefaultInstall.exe ""C:\AtomicRedTeam\atomics\T1218\src\Infdefaultinstall.inf""</Data>
      <Data Name=""ParentUser"">WINDEV2309EVAL\User</Data>
    </EventData>
    <RenderingInfo Culture=""en-US"">
      <Message>Process Create:

RuleName: -

UtcTime: 2023-12-27 22:32:36.218

ProcessGuid: {f57bd86a-a604-658c-d501-000000000f00}

ProcessId: 11544

Image: C:\Windows\System32\InfDefaultInstall.exe

FileVersion: 5.2.3668.0

Description: INF Default Install

Product: Microsoft&#174; Windows&#174; Operating System

Company: Microsoft Corporation

OriginalFileName: InfDefaultInstall.EXE

CommandLine: ""C:\Windows\system32\InfDefaultInstall.exe""  ""C:\AtomicRedTeam\atomics\T1218\src\Infdefaultinstall.inf""

CurrentDirectory: C:\Windows\system32\

User: WINDEV2309EVAL\User

LogonGuid: {f57bd86a-36f9-658c-bff7-020000000000}

LogonId: 0x2F7BF

TerminalSessionId: 1

IntegrityLevel: High

Hashes: MD5=CC203F9952F393B54F5457D8928DCE15,SHA256=D6A03550FBD2313A8B1F4E71180BF27DB436A86BD54660E4A6C6B6707BDF8D63,IMPHASH=85E247AC00016C5D35435F22FC7AB82E

ParentProcessGuid: {f57bd86a-a601-658c-cd01-000000000f00}

ParentProcessId: 7920

ParentImage: C:\Windows\System32\cmd.exe

ParentCommandLine: ""cmd.exe"" /c InfDefaultInstall.exe ""C:\AtomicRedTeam\atomics\T1218\src\Infdefaultinstall.inf""

ParentUser: WINDEV2309EVAL\User</Message>
      <Level>Information</Level>
      <Task>Process Create (rule: ProcessCreate)</Task>
      <Opcode>Info</Opcode>
    </RenderingInfo>
  </Event>
  
"
Microsoft-Windows-Sysmon/Operational,,,WinDev2309Eval,,,,10.0.22621.1,13,19587,SetValue,,,C:\Windows\System32\svchost.exe,,0x8000000000000000,Information,,,"Registry value set:

RuleName: InvDB-Ver

EventType: SetValue

UtcTime: 2023-12-27 22:32:34.016

ProcessGuid: {f57bd86a-36f8-658c-3e00-000000000f00}

ProcessId: 3212

Image: C:\Windows\System32\svchost.exe

TargetObject: \REGISTRY\A\{b3b14332-edc6-625a-c682-62677f6d06d4}\Root\InventoryApplicationFile\register-cimprov|2c0c9745065b1f73\BinProductVersion

Details: 10.0.22621.1

User: NT AUTHORITY\SYSTEM",Info,,,,,,,{f57bd86a-36f8-658c-3e00-000000000f00},3588,3212,,,,,"
      ",InvDB-Ver,2023-12-27T22:32:34.0205186Z,,\REGISTRY\A\{b3b14332-edc6-625a-c682-62677f6d06d4}\Root\InventoryApplicationFile\register-cimprov|2c0c9745065b1f73\BinProductVersion,Registry value set (rule: RegistryEvent),,5124,NT AUTHORITY\SYSTEM,S-1-5-18,2023-12-27 22:32:34.016,2,"<Event xmlns=""http://schemas.microsoft.com/win/2004/08/events/event"">
    <System>
      <Provider Name=""Microsoft-Windows-Sysmon"" Guid=""{5770385f-c22a-43e0-bf4c-06f5698ffbd9}""/>
      <EventID>13</EventID>
      <Version>2</Version>
      <Level>4</Level>
      <Task>13</Task>
      <Opcode>0</Opcode>
      <Keywords>0x8000000000000000</Keywords>
      <TimeCreated SystemTime=""2023-12-27T22:32:34.0205186Z""/>
      <EventRecordID>19587</EventRecordID>
      <Correlation/>
      <Execution ProcessID=""3588"" ThreadID=""5124""/>
      <Channel>Microsoft-Windows-Sysmon/Operational</Channel>
      <Computer>WinDev2309Eval</Computer>
      <Security UserID=""S-1-5-18""/>
    </System>
    <EventData>
      <Data Name=""RuleName"">InvDB-Ver</Data>
      <Data Name=""EventType"">SetValue</Data>
      <Data Name=""UtcTime"">2023-12-27 22:32:34.016</Data>
      <Data Name=""ProcessGuid"">{f57bd86a-36f8-658c-3e00-000000000f00}</Data>
      <Data Name=""ProcessId"">3212</Data>
      <Data Name=""Image"">C:\Windows\System32\svchost.exe</Data>
      <Data Name=""TargetObject"">\REGISTRY\A\{b3b14332-edc6-625a-c682-62677f6d06d4}\Root\InventoryApplicationFile\register-cimprov|2c0c9745065b1f73\BinProductVersion</Data>
      <Data Name=""Details"">10.0.22621.1</Data>
      <Data Name=""User"">NT AUTHORITY\SYSTEM</Data>
    </EventData>
    <RenderingInfo Culture=""en-US"">
      <Message>Registry value set:

RuleName: InvDB-Ver

EventType: SetValue

UtcTime: 2023-12-27 22:32:34.016

ProcessGuid: {f57bd86a-36f8-658c-3e00-000000000f00}

ProcessId: 3212

Image: C:\Windows\System32\svchost.exe

TargetObject: \REGISTRY\A\{b3b14332-edc6-625a-c682-62677f6d06d4}\Root\InventoryApplicationFile\register-cimprov|2c0c9745065b1f73\BinProductVersion

Details: 10.0.22621.1

User: NT AUTHORITY\SYSTEM</Message>
      <Level>Information</Level>
      <Task>Registry value set (rule: RegistryEvent)</Task>
      <Opcode>Info</Opcode>
    </RenderingInfo>
  </Event>
  
"
Microsoft-Windows-Sysmon/Operational,,,WinDev2309Eval,,,,11/05/1977 14:36:31,13,19586,SetValue,,,C:\Windows\System32\svchost.exe,,0x8000000000000000,Information,,,"Registry value set:

RuleName: InvDB-CompileTimeClaim

EventType: SetValue

UtcTime: 2023-12-27 22:32:34.016

ProcessGuid: {f57bd86a-36f8-658c-3e00-000000000f00}

ProcessId: 3212

Image: C:\Windows\System32\svchost.exe

TargetObject: \REGISTRY\A\{b3b14332-edc6-625a-c682-62677f6d06d4}\Root\InventoryApplicationFile\register-cimprov|2c0c9745065b1f73\LinkDate

Details: 11/05/1977 14:36:31

User: NT AUTHORITY\SYSTEM",Info,,,,,,,{f57bd86a-36f8-658c-3e00-000000000f00},3588,3212,,,,,"
      ",InvDB-CompileTimeClaim,2023-12-27T22:32:34.0204156Z,,\REGISTRY\A\{b3b14332-edc6-625a-c682-62677f6d06d4}\Root\InventoryApplicationFile\register-cimprov|2c0c9745065b1f73\LinkDate,Registry value set (rule: RegistryEvent),,5124,NT AUTHORITY\SYSTEM,S-1-5-18,2023-12-27 22:32:34.016,2,"<Event xmlns=""http://schemas.microsoft.com/win/2004/08/events/event"">
    <System>
      <Provider Name=""Microsoft-Windows-Sysmon"" Guid=""{5770385f-c22a-43e0-bf4c-06f5698ffbd9}""/>
      <EventID>13</EventID>
      <Version>2</Version>
      <Level>4</Level>
      <Task>13</Task>
      <Opcode>0</Opcode>
      <Keywords>0x8000000000000000</Keywords>
      <TimeCreated SystemTime=""2023-12-27T22:32:34.0204156Z""/>
      <EventRecordID>19586</EventRecordID>
      <Correlation/>
      <Execution ProcessID=""3588"" ThreadID=""5124""/>
      <Channel>Microsoft-Windows-Sysmon/Operational</Channel>
      <Computer>WinDev2309Eval</Computer>
      <Security UserID=""S-1-5-18""/>
    </System>
    <EventData>
      <Data Name=""RuleName"">InvDB-CompileTimeClaim</Data>
      <Data Name=""EventType"">SetValue</Data>
      <Data Name=""UtcTime"">2023-12-27 22:32:34.016</Data>
      <Data Name=""ProcessGuid"">{f57bd86a-36f8-658c-3e00-000000000f00}</Data>
      <Data Name=""ProcessId"">3212</Data>
      <Data Name=""Image"">C:\Windows\System32\svchost.exe</Data>
      <Data Name=""TargetObject"">\REGISTRY\A\{b3b14332-edc6-625a-c682-62677f6d06d4}\Root\InventoryApplicationFile\register-cimprov|2c0c9745065b1f73\LinkDate</Data>
      <Data Name=""Details"">11/05/1977 14:36:31</Data>
      <Data Name=""User"">NT AUTHORITY\SYSTEM</Data>
    </EventData>
    <RenderingInfo Culture=""en-US"">
      <Message>Registry value set:

RuleName: InvDB-CompileTimeClaim

EventType: SetValue

UtcTime: 2023-12-27 22:32:34.016

ProcessGuid: {f57bd86a-36f8-658c-3e00-000000000f00}

ProcessId: 3212

Image: C:\Windows\System32\svchost.exe

TargetObject: \REGISTRY\A\{b3b14332-edc6-625a-c682-62677f6d06d4}\Root\InventoryApplicationFile\register-cimprov|2c0c9745065b1f73\LinkDate

Details: 11/05/1977 14:36:31

User: NT AUTHORITY\SYSTEM</Message>
      <Level>Information</Level>
      <Task>Registry value set (rule: RegistryEvent)</Task>
      <Opcode>Info</Opcode>
    </RenderingInfo>
  </Event>
  
"
Microsoft-Windows-Sysmon/Operational,,,WinDev2309Eval,,,,microsoft corporation,13,19585,SetValue,,,C:\Windows\System32\svchost.exe,,0x8000000000000000,Information,,,"Registry value set:

RuleName: InvDB-Pub

EventType: SetValue

UtcTime: 2023-12-27 22:32:34.016

ProcessGuid: {f57bd86a-36f8-658c-3e00-000000000f00}

ProcessId: 3212

Image: C:\Windows\System32\svchost.exe

TargetObject: \REGISTRY\A\{b3b14332-edc6-625a-c682-62677f6d06d4}\Root\InventoryApplicationFile\register-cimprov|2c0c9745065b1f73\Publisher

Details: microsoft corporation

User: NT AUTHORITY\SYSTEM",Info,,,,,,,{f57bd86a-36f8-658c-3e00-000000000f00},3588,3212,,,,,"
      ",InvDB-Pub,2023-12-27T22:32:34.0200006Z,,\REGISTRY\A\{b3b14332-edc6-625a-c682-62677f6d06d4}\Root\InventoryApplicationFile\register-cimprov|2c0c9745065b1f73\Publisher,Registry value set (rule: RegistryEvent),,5124,NT AUTHORITY\SYSTEM,S-1-5-18,2023-12-27 22:32:34.016,2,"<Event xmlns=""http://schemas.microsoft.com/win/2004/08/events/event"">
    <System>
      <Provider Name=""Microsoft-Windows-Sysmon"" Guid=""{5770385f-c22a-43e0-bf4c-06f5698ffbd9}""/>
      <EventID>13</EventID>
      <Version>2</Version>
      <Level>4</Level>
      <Task>13</Task>
      <Opcode>0</Opcode>
      <Keywords>0x8000000000000000</Keywords>
      <TimeCreated SystemTime=""2023-12-27T22:32:34.0200006Z""/>
      <EventRecordID>19585</EventRecordID>
      <Correlation/>
      <Execution ProcessID=""3588"" ThreadID=""5124""/>
      <Channel>Microsoft-Windows-Sysmon/Operational</Channel>
      <Computer>WinDev2309Eval</Computer>
      <Security UserID=""S-1-5-18""/>
    </System>
    <EventData>
      <Data Name=""RuleName"">InvDB-Pub</Data>
      <Data Name=""EventType"">SetValue</Data>
      <Data Name=""UtcTime"">2023-12-27 22:32:34.016</Data>
      <Data Name=""ProcessGuid"">{f57bd86a-36f8-658c-3e00-000000000f00}</Data>
      <Data Name=""ProcessId"">3212</Data>
      <Data Name=""Image"">C:\Windows\System32\svchost.exe</Data>
      <Data Name=""TargetObject"">\REGISTRY\A\{b3b14332-edc6-625a-c682-62677f6d06d4}\Root\InventoryApplicationFile\register-cimprov|2c0c9745065b1f73\Publisher</Data>
      <Data Name=""Details"">microsoft corporation</Data>
      <Data Name=""User"">NT AUTHORITY\SYSTEM</Data>
    </EventData>
    <RenderingInfo Culture=""en-US"">
      <Message>Registry value set:

RuleName: InvDB-Pub

EventType: SetValue

UtcTime: 2023-12-27 22:32:34.016

ProcessGuid: {f57bd86a-36f8-658c-3e00-000000000f00}

ProcessId: 3212

Image: C:\Windows\System32\svchost.exe

TargetObject: \REGISTRY\A\{b3b14332-edc6-625a-c682-62677f6d06d4}\Root\InventoryApplicationFile\register-cimprov|2c0c9745065b1f73\Publisher

Details: microsoft corporation

User: NT AUTHORITY\SYSTEM</Message>
      <Level>Information</Level>
      <Task>Registry value set (rule: RegistryEvent)</Task>
      <Opcode>Info</Opcode>
    </RenderingInfo>
  </Event>
  
"
Microsoft-Windows-Sysmon/Operational,,,WinDev2309Eval,,,,c:\windows\syswow64\register-cimprovider.exe,13,19584,SetValue,,,C:\Windows\System32\svchost.exe,,0x8000000000000000,Information,,,"Registry value set:

RuleName: InvDB-Path

EventType: SetValue

UtcTime: 2023-12-27 22:32:34.016

ProcessGuid: {f57bd86a-36f8-658c-3e00-000000000f00}

ProcessId: 3212

Image: C:\Windows\System32\svchost.exe

TargetObject: \REGISTRY\A\{b3b14332-edc6-625a-c682-62677f6d06d4}\Root\InventoryApplicationFile\register-cimprov|2c0c9745065b1f73\LowerCaseLongPath

Details: c:\windows\syswow64\register-cimprovider.exe

User: NT AUTHORITY\SYSTEM",Info,,,,,,,{f57bd86a-36f8-658c-3e00-000000000f00},3588,3212,,,,,"
      ",InvDB-Path,2023-12-27T22:32:34.0196936Z,,\REGISTRY\A\{b3b14332-edc6-625a-c682-62677f6d06d4}\Root\InventoryApplicationFile\register-cimprov|2c0c9745065b1f73\LowerCaseLongPath,Registry value set (rule: RegistryEvent),,5124,NT AUTHORITY\SYSTEM,S-1-5-18,2023-12-27 22:32:34.016,2,"<Event xmlns=""http://schemas.microsoft.com/win/2004/08/events/event"">
    <System>
      <Provider Name=""Microsoft-Windows-Sysmon"" Guid=""{5770385f-c22a-43e0-bf4c-06f5698ffbd9}""/>
      <EventID>13</EventID>
      <Version>2</Version>
      <Level>4</Level>
      <Task>13</Task>
      <Opcode>0</Opcode>
      <Keywords>0x8000000000000000</Keywords>
      <TimeCreated SystemTime=""2023-12-27T22:32:34.0196936Z""/>
      <EventRecordID>19584</EventRecordID>
      <Correlation/>
      <Execution ProcessID=""3588"" ThreadID=""5124""/>
      <Channel>Microsoft-Windows-Sysmon/Operational</Channel>
      <Computer>WinDev2309Eval</Computer>
      <Security UserID=""S-1-5-18""/>
    </System>
    <EventData>
      <Data Name=""RuleName"">InvDB-Path</Data>
      <Data Name=""EventType"">SetValue</Data>
      <Data Name=""UtcTime"">2023-12-27 22:32:34.016</Data>
      <Data Name=""ProcessGuid"">{f57bd86a-36f8-658c-3e00-000000000f00}</Data>
      <Data Name=""ProcessId"">3212</Data>
      <Data Name=""Image"">C:\Windows\System32\svchost.exe</Data>
      <Data Name=""TargetObject"">\REGISTRY\A\{b3b14332-edc6-625a-c682-62677f6d06d4}\Root\InventoryApplicationFile\register-cimprov|2c0c9745065b1f73\LowerCaseLongPath</Data>
      <Data Name=""Details"">c:\windows\syswow64\register-cimprovider.exe</Data>
      <Data Name=""User"">NT AUTHORITY\SYSTEM</Data>
    </EventData>
    <RenderingInfo Culture=""en-US"">
      <Message>Registry value set:

RuleName: InvDB-Path

EventType: SetValue

UtcTime: 2023-12-27 22:32:34.016

ProcessGuid: {f57bd86a-36f8-658c-3e00-000000000f00}

ProcessId: 3212

Image: C:\Windows\System32\svchost.exe

TargetObject: \REGISTRY\A\{b3b14332-edc6-625a-c682-62677f6d06d4}\Root\InventoryApplicationFile\register-cimprov|2c0c9745065b1f73\LowerCaseLongPath

Details: c:\windows\syswow64\register-cimprovider.exe

User: NT AUTHORITY\SYSTEM</Message>
      <Level>Information</Level>
      <Task>Registry value set (rule: RegistryEvent)</Task>
      <Opcode>Info</Opcode>
    </RenderingInfo>
  </Event>
  
"
