Microsoft-Windows-Sysmon/Operational,cipher.exe  /w:C:,Microsoft Corporation,WinDev2309Eval,,C:\Users\User\AppData\Local\Temp\,File Encryption Utility,1,9530,10.0.22621.1 (WinBuild.160101.0800),"MD5=AAE00CBBCA3A919BA67B9CE6B46F0660,SHA256=8A939F48D396436C4E905F179CE961897BC552EBB818E387154F5D190F1F7532,IMPHASH=FE142A8422AFB09C003CF4A177E3972A",C:\Windows\System32\cipher.exe,Medium,0x8000000000000000,Information,{fda94052-3502-658d-b367-080000000000},0x867b3,"Process Create:

RuleName: -

UtcTime: 2023-12-28 00:03:49.675

ProcessGuid: {fda94052-bb65-658c-6a02-000000000b00}

ProcessId: 5196

Image: C:\Windows\System32\cipher.exe

FileVersion: 10.0.22621.1 (WinBuild.160101.0800)

Description: File Encryption Utility

Product: Microsoft® Windows® Operating System

Company: Microsoft Corporation

OriginalFileName: CIPHER.EXE

CommandLine: cipher.exe  /w:C:

CurrentDirectory: C:\Users\User\AppData\Local\Temp\

User: WINDEV2309EVAL\User

LogonGuid: {fda94052-3502-658d-b367-080000000000}

LogonId: 0x867B3

TerminalSessionId: 1

IntegrityLevel: Medium

Hashes: MD5=AAE00CBBCA3A919BA67B9CE6B46F0660,SHA256=8A939F48D396436C4E905F179CE961897BC552EBB818E387154F5D190F1F7532,IMPHASH=FE142A8422AFB09C003CF4A177E3972A

ParentProcessGuid: {fda94052-bb65-658c-6802-000000000b00}

ParentProcessId: 7100

ParentImage: C:\Windows\System32\cmd.exe

ParentCommandLine: ""cmd.exe"" /c cipher.exe /w:C:

ParentUser: WINDEV2309EVAL\User",Info,CIPHER.EXE,"""cmd.exe"" /c cipher.exe /w:C:",C:\Windows\System32\cmd.exe,{fda94052-bb65-658c-6802-000000000b00},7100,WINDEV2309EVAL\User,{fda94052-bb65-658c-6a02-000000000b00},7044,5196,Microsoft® Windows® Operating System,,,,"
      ",-,2023-12-28T00:03:49.6771842Z,,Process Create (rule: ProcessCreate),1,6672,WINDEV2309EVAL\User,S-1-5-18,2023-12-28 00:03:49.675,5,"<Event xmlns=""http://schemas.microsoft.com/win/2004/08/events/event"">
    <System>
      <Provider Name=""Microsoft-Windows-Sysmon"" Guid=""{5770385f-c22a-43e0-bf4c-06f5698ffbd9}""/>
      <EventID>1</EventID>
      <Version>5</Version>
      <Level>4</Level>
      <Task>1</Task>
      <Opcode>0</Opcode>
      <Keywords>0x8000000000000000</Keywords>
      <TimeCreated SystemTime=""2023-12-28T00:03:49.6771842Z""/>
      <EventRecordID>9530</EventRecordID>
      <Correlation/>
      <Execution ProcessID=""7044"" ThreadID=""6672""/>
      <Channel>Microsoft-Windows-Sysmon/Operational</Channel>
      <Computer>WinDev2309Eval</Computer>
      <Security UserID=""S-1-5-18""/>
    </System>
    <EventData>
      <Data Name=""RuleName"">-</Data>
      <Data Name=""UtcTime"">2023-12-28 00:03:49.675</Data>
      <Data Name=""ProcessGuid"">{fda94052-bb65-658c-6a02-000000000b00}</Data>
      <Data Name=""ProcessId"">5196</Data>
      <Data Name=""Image"">C:\Windows\System32\cipher.exe</Data>
      <Data Name=""FileVersion"">10.0.22621.1 (WinBuild.160101.0800)</Data>
      <Data Name=""Description"">File Encryption Utility</Data>
      <Data Name=""Product"">Microsoft&#174; Windows&#174; Operating System</Data>
      <Data Name=""Company"">Microsoft Corporation</Data>
      <Data Name=""OriginalFileName"">CIPHER.EXE</Data>
      <Data Name=""CommandLine"">cipher.exe  /w:C:</Data>
      <Data Name=""CurrentDirectory"">C:\Users\User\AppData\Local\Temp\</Data>
      <Data Name=""User"">WINDEV2309EVAL\User</Data>
      <Data Name=""LogonGuid"">{fda94052-3502-658d-b367-080000000000}</Data>
      <Data Name=""LogonId"">0x867b3</Data>
      <Data Name=""TerminalSessionId"">1</Data>
      <Data Name=""IntegrityLevel"">Medium</Data>
      <Data Name=""Hashes"">MD5=AAE00CBBCA3A919BA67B9CE6B46F0660,SHA256=8A939F48D396436C4E905F179CE961897BC552EBB818E387154F5D190F1F7532,IMPHASH=FE142A8422AFB09C003CF4A177E3972A</Data>
      <Data Name=""ParentProcessGuid"">{fda94052-bb65-658c-6802-000000000b00}</Data>
      <Data Name=""ParentProcessId"">7100</Data>
      <Data Name=""ParentImage"">C:\Windows\System32\cmd.exe</Data>
      <Data Name=""ParentCommandLine"">""cmd.exe"" /c cipher.exe /w:C:</Data>
      <Data Name=""ParentUser"">WINDEV2309EVAL\User</Data>
    </EventData>
    <RenderingInfo Culture=""en-US"">
      <Message>Process Create:

RuleName: -

UtcTime: 2023-12-28 00:03:49.675

ProcessGuid: {fda94052-bb65-658c-6a02-000000000b00}

ProcessId: 5196

Image: C:\Windows\System32\cipher.exe

FileVersion: 10.0.22621.1 (WinBuild.160101.0800)

Description: File Encryption Utility

Product: Microsoft&#174; Windows&#174; Operating System

Company: Microsoft Corporation

OriginalFileName: CIPHER.EXE

CommandLine: cipher.exe  /w:C:

CurrentDirectory: C:\Users\User\AppData\Local\Temp\

User: WINDEV2309EVAL\User

LogonGuid: {fda94052-3502-658d-b367-080000000000}

LogonId: 0x867B3

TerminalSessionId: 1

IntegrityLevel: Medium

Hashes: MD5=AAE00CBBCA3A919BA67B9CE6B46F0660,SHA256=8A939F48D396436C4E905F179CE961897BC552EBB818E387154F5D190F1F7532,IMPHASH=FE142A8422AFB09C003CF4A177E3972A

ParentProcessGuid: {fda94052-bb65-658c-6802-000000000b00}

ParentProcessId: 7100

ParentImage: C:\Windows\System32\cmd.exe

ParentCommandLine: ""cmd.exe"" /c cipher.exe /w:C:

ParentUser: WINDEV2309EVAL\User</Message>
      <Level>Information</Level>
      <Task>Process Create (rule: ProcessCreate)</Task>
      <Opcode>Info</Opcode>
    </RenderingInfo>
  </Event>
  
"
Microsoft-Windows-Sysmon/Operational,"""cmd.exe"" /c cipher.exe /w:C:",Microsoft Corporation,WinDev2309Eval,,C:\Users\User\AppData\Local\Temp\,Windows Command Processor,1,9529,10.0.22621.1635 (WinBuild.160101.0800),"MD5=5A6BE4D2519515241D0C133A26CF62C0,SHA256=423E0E810A69AACEBA0E5670E58AFF898CF0EBFFAB99CCB46EBB3464C3D2FACB,IMPHASH=D73E39DAB3C8B57AA408073D01254964",C:\Windows\System32\cmd.exe,Medium,0x8000000000000000,Information,{fda94052-3502-658d-b367-080000000000},0x867b3,"Process Create:

RuleName: -

UtcTime: 2023-12-28 00:03:49.640

ProcessGuid: {fda94052-bb65-658c-6802-000000000b00}

ProcessId: 7100

Image: C:\Windows\System32\cmd.exe

FileVersion: 10.0.22621.1635 (WinBuild.160101.0800)

Description: Windows Command Processor

Product: Microsoft® Windows® Operating System

Company: Microsoft Corporation

OriginalFileName: Cmd.Exe

CommandLine: ""cmd.exe"" /c cipher.exe /w:C:

CurrentDirectory: C:\Users\User\AppData\Local\Temp\

User: WINDEV2309EVAL\User

LogonGuid: {fda94052-3502-658d-b367-080000000000}

LogonId: 0x867B3

TerminalSessionId: 1

IntegrityLevel: Medium

Hashes: MD5=5A6BE4D2519515241D0C133A26CF62C0,SHA256=423E0E810A69AACEBA0E5670E58AFF898CF0EBFFAB99CCB46EBB3464C3D2FACB,IMPHASH=D73E39DAB3C8B57AA408073D01254964

ParentProcessGuid: {fda94052-b87a-658c-2702-000000000b00}

ParentProcessId: 5076

ParentImage: C:\Windows\System32\WindowsPowerShell\v1.0\powershell.exe

ParentCommandLine: ""C:\Windows\System32\WindowsPowerShell\v1.0\powershell.exe"" -exec bypass

ParentUser: WINDEV2309EVAL\User",Info,Cmd.Exe,"""C:\Windows\System32\WindowsPowerShell\v1.0\powershell.exe"" -exec bypass",C:\Windows\System32\WindowsPowerShell\v1.0\powershell.exe,{fda94052-b87a-658c-2702-000000000b00},5076,WINDEV2309EVAL\User,{fda94052-bb65-658c-6802-000000000b00},7044,7100,Microsoft® Windows® Operating System,,,,"
      ",-,2023-12-28T00:03:49.6413762Z,,Process Create (rule: ProcessCreate),1,6672,WINDEV2309EVAL\User,S-1-5-18,2023-12-28 00:03:49.640,5,"<Event xmlns=""http://schemas.microsoft.com/win/2004/08/events/event"">
    <System>
      <Provider Name=""Microsoft-Windows-Sysmon"" Guid=""{5770385f-c22a-43e0-bf4c-06f5698ffbd9}""/>
      <EventID>1</EventID>
      <Version>5</Version>
      <Level>4</Level>
      <Task>1</Task>
      <Opcode>0</Opcode>
      <Keywords>0x8000000000000000</Keywords>
      <TimeCreated SystemTime=""2023-12-28T00:03:49.6413762Z""/>
      <EventRecordID>9529</EventRecordID>
      <Correlation/>
      <Execution ProcessID=""7044"" ThreadID=""6672""/>
      <Channel>Microsoft-Windows-Sysmon/Operational</Channel>
      <Computer>WinDev2309Eval</Computer>
      <Security UserID=""S-1-5-18""/>
    </System>
    <EventData>
      <Data Name=""RuleName"">-</Data>
      <Data Name=""UtcTime"">2023-12-28 00:03:49.640</Data>
      <Data Name=""ProcessGuid"">{fda94052-bb65-658c-6802-000000000b00}</Data>
      <Data Name=""ProcessId"">7100</Data>
      <Data Name=""Image"">C:\Windows\System32\cmd.exe</Data>
      <Data Name=""FileVersion"">10.0.22621.1635 (WinBuild.160101.0800)</Data>
      <Data Name=""Description"">Windows Command Processor</Data>
      <Data Name=""Product"">Microsoft&#174; Windows&#174; Operating System</Data>
      <Data Name=""Company"">Microsoft Corporation</Data>
      <Data Name=""OriginalFileName"">Cmd.Exe</Data>
      <Data Name=""CommandLine"">""cmd.exe"" /c cipher.exe /w:C:</Data>
      <Data Name=""CurrentDirectory"">C:\Users\User\AppData\Local\Temp\</Data>
      <Data Name=""User"">WINDEV2309EVAL\User</Data>
      <Data Name=""LogonGuid"">{fda94052-3502-658d-b367-080000000000}</Data>
      <Data Name=""LogonId"">0x867b3</Data>
      <Data Name=""TerminalSessionId"">1</Data>
      <Data Name=""IntegrityLevel"">Medium</Data>
      <Data Name=""Hashes"">MD5=5A6BE4D2519515241D0C133A26CF62C0,SHA256=423E0E810A69AACEBA0E5670E58AFF898CF0EBFFAB99CCB46EBB3464C3D2FACB,IMPHASH=D73E39DAB3C8B57AA408073D01254964</Data>
      <Data Name=""ParentProcessGuid"">{fda94052-b87a-658c-2702-000000000b00}</Data>
      <Data Name=""ParentProcessId"">5076</Data>
      <Data Name=""ParentImage"">C:\Windows\System32\WindowsPowerShell\v1.0\powershell.exe</Data>
      <Data Name=""ParentCommandLine"">""C:\Windows\System32\WindowsPowerShell\v1.0\powershell.exe"" -exec bypass</Data>
      <Data Name=""ParentUser"">WINDEV2309EVAL\User</Data>
    </EventData>
    <RenderingInfo Culture=""en-US"">
      <Message>Process Create:

RuleName: -

UtcTime: 2023-12-28 00:03:49.640

ProcessGuid: {fda94052-bb65-658c-6802-000000000b00}

ProcessId: 7100

Image: C:\Windows\System32\cmd.exe

FileVersion: 10.0.22621.1635 (WinBuild.160101.0800)

Description: Windows Command Processor

Product: Microsoft&#174; Windows&#174; Operating System

Company: Microsoft Corporation

OriginalFileName: Cmd.Exe

CommandLine: ""cmd.exe"" /c cipher.exe /w:C:

CurrentDirectory: C:\Users\User\AppData\Local\Temp\

User: WINDEV2309EVAL\User

LogonGuid: {fda94052-3502-658d-b367-080000000000}

LogonId: 0x867B3

TerminalSessionId: 1

IntegrityLevel: Medium

Hashes: MD5=5A6BE4D2519515241D0C133A26CF62C0,SHA256=423E0E810A69AACEBA0E5670E58AFF898CF0EBFFAB99CCB46EBB3464C3D2FACB,IMPHASH=D73E39DAB3C8B57AA408073D01254964

ParentProcessGuid: {fda94052-b87a-658c-2702-000000000b00}

ParentProcessId: 5076

ParentImage: C:\Windows\System32\WindowsPowerShell\v1.0\powershell.exe

ParentCommandLine: ""C:\Windows\System32\WindowsPowerShell\v1.0\powershell.exe"" -exec bypass

ParentUser: WINDEV2309EVAL\User</Message>
      <Level>Information</Level>
      <Task>Process Create (rule: ProcessCreate)</Task>
      <Opcode>Info</Opcode>
    </RenderingInfo>
  </Event>
  
"
Microsoft-Windows-Sysmon/Operational,"""C:\Program Files (x86)\Microsoft\Edge\Application\msedge.exe"" --type=utility --utility-sub-type=unzip.mojom.Unzipper --lang=en-US --service-sandbox-type=service --mojo-platform-channel-handle=3360 --field-trial-handle=2012,i,14121881332492415831,1209340753367914572,262144 --variations-seed-version /prefetch:8",Microsoft Corporation,WinDev2309Eval,,C:\Program Files (x86)\Microsoft\Edge\Application\120.0.2210.91\,Microsoft Edge,1,9528,120.0.2210.91,"MD5=F6E7A024CC79AC12294D0DA6072C5073,SHA256=628792B5B5A4D71B8D66B1A1C6B775B84E3A5E64C0C05B8D7138164FBAD5C21A,IMPHASH=EA4CA1F8E3B3D9373D39C13FD1348A63",C:\Program Files (x86)\Microsoft\Edge\Application\msedge.exe,Low,0x8000000000000000,Information,{fda94052-3502-658d-b367-080000000000},0x867b3,"Process Create:

RuleName: -

UtcTime: 2023-12-28 00:03:47.265

ProcessGuid: {fda94052-bb63-658c-6702-000000000b00}

ProcessId: 9608

Image: C:\Program Files (x86)\Microsoft\Edge\Application\msedge.exe

FileVersion: 120.0.2210.91

Description: Microsoft Edge

Product: Microsoft Edge

Company: Microsoft Corporation

OriginalFileName: msedge.exe

CommandLine: ""C:\Program Files (x86)\Microsoft\Edge\Application\msedge.exe"" --type=utility --utility-sub-type=unzip.mojom.Unzipper --lang=en-US --service-sandbox-type=service --mojo-platform-channel-handle=3360 --field-trial-handle=2012,i,14121881332492415831,1209340753367914572,262144 --variations-seed-version /prefetch:8

CurrentDirectory: C:\Program Files (x86)\Microsoft\Edge\Application\120.0.2210.91\

User: WINDEV2309EVAL\User

LogonGuid: {fda94052-3502-658d-b367-080000000000}

LogonId: 0x867B3

TerminalSessionId: 1

IntegrityLevel: Low

Hashes: MD5=F6E7A024CC79AC12294D0DA6072C5073,SHA256=628792B5B5A4D71B8D66B1A1C6B775B84E3A5E64C0C05B8D7138164FBAD5C21A,IMPHASH=EA4CA1F8E3B3D9373D39C13FD1348A63

ParentProcessGuid: {fda94052-b84e-658c-0402-000000000b00}

ParentProcessId: 8488

ParentImage: C:\Program Files (x86)\Microsoft\Edge\Application\msedge.exe

ParentCommandLine: ""C:\Program Files (x86)\Microsoft\Edge\Application\msedge.exe"" --no-startup-window /prefetch:5

ParentUser: WINDEV2309EVAL\User",Info,msedge.exe,"""C:\Program Files (x86)\Microsoft\Edge\Application\msedge.exe"" --no-startup-window /prefetch:5",C:\Program Files (x86)\Microsoft\Edge\Application\msedge.exe,{fda94052-b84e-658c-0402-000000000b00},8488,WINDEV2309EVAL\User,{fda94052-bb63-658c-6702-000000000b00},7044,9608,Microsoft Edge,,,,"
      ",-,2023-12-28T00:03:47.2661924Z,,Process Create (rule: ProcessCreate),1,6672,WINDEV2309EVAL\User,S-1-5-18,2023-12-28 00:03:47.265,5,"<Event xmlns=""http://schemas.microsoft.com/win/2004/08/events/event"">
    <System>
      <Provider Name=""Microsoft-Windows-Sysmon"" Guid=""{5770385f-c22a-43e0-bf4c-06f5698ffbd9}""/>
      <EventID>1</EventID>
      <Version>5</Version>
      <Level>4</Level>
      <Task>1</Task>
      <Opcode>0</Opcode>
      <Keywords>0x8000000000000000</Keywords>
      <TimeCreated SystemTime=""2023-12-28T00:03:47.2661924Z""/>
      <EventRecordID>9528</EventRecordID>
      <Correlation/>
      <Execution ProcessID=""7044"" ThreadID=""6672""/>
      <Channel>Microsoft-Windows-Sysmon/Operational</Channel>
      <Computer>WinDev2309Eval</Computer>
      <Security UserID=""S-1-5-18""/>
    </System>
    <EventData>
      <Data Name=""RuleName"">-</Data>
      <Data Name=""UtcTime"">2023-12-28 00:03:47.265</Data>
      <Data Name=""ProcessGuid"">{fda94052-bb63-658c-6702-000000000b00}</Data>
      <Data Name=""ProcessId"">9608</Data>
      <Data Name=""Image"">C:\Program Files (x86)\Microsoft\Edge\Application\msedge.exe</Data>
      <Data Name=""FileVersion"">120.0.2210.91</Data>
      <Data Name=""Description"">Microsoft Edge</Data>
      <Data Name=""Product"">Microsoft Edge</Data>
      <Data Name=""Company"">Microsoft Corporation</Data>
      <Data Name=""OriginalFileName"">msedge.exe</Data>
      <Data Name=""CommandLine"">""C:\Program Files (x86)\Microsoft\Edge\Application\msedge.exe"" --type=utility --utility-sub-type=unzip.mojom.Unzipper --lang=en-US --service-sandbox-type=service --mojo-platform-channel-handle=3360 --field-trial-handle=2012,i,14121881332492415831,1209340753367914572,262144 --variations-seed-version /prefetch:8</Data>
      <Data Name=""CurrentDirectory"">C:\Program Files (x86)\Microsoft\Edge\Application\120.0.2210.91\</Data>
      <Data Name=""User"">WINDEV2309EVAL\User</Data>
      <Data Name=""LogonGuid"">{fda94052-3502-658d-b367-080000000000}</Data>
      <Data Name=""LogonId"">0x867b3</Data>
      <Data Name=""TerminalSessionId"">1</Data>
      <Data Name=""IntegrityLevel"">Low</Data>
      <Data Name=""Hashes"">MD5=F6E7A024CC79AC12294D0DA6072C5073,SHA256=628792B5B5A4D71B8D66B1A1C6B775B84E3A5E64C0C05B8D7138164FBAD5C21A,IMPHASH=EA4CA1F8E3B3D9373D39C13FD1348A63</Data>
      <Data Name=""ParentProcessGuid"">{fda94052-b84e-658c-0402-000000000b00}</Data>
      <Data Name=""ParentProcessId"">8488</Data>
      <Data Name=""ParentImage"">C:\Program Files (x86)\Microsoft\Edge\Application\msedge.exe</Data>
      <Data Name=""ParentCommandLine"">""C:\Program Files (x86)\Microsoft\Edge\Application\msedge.exe"" --no-startup-window /prefetch:5</Data>
      <Data Name=""ParentUser"">WINDEV2309EVAL\User</Data>
    </EventData>
    <RenderingInfo Culture=""en-US"">
      <Message>Process Create:

RuleName: -

UtcTime: 2023-12-28 00:03:47.265

ProcessGuid: {fda94052-bb63-658c-6702-000000000b00}

ProcessId: 9608

Image: C:\Program Files (x86)\Microsoft\Edge\Application\msedge.exe

FileVersion: 120.0.2210.91

Description: Microsoft Edge

Product: Microsoft Edge

Company: Microsoft Corporation

OriginalFileName: msedge.exe

CommandLine: ""C:\Program Files (x86)\Microsoft\Edge\Application\msedge.exe"" --type=utility --utility-sub-type=unzip.mojom.Unzipper --lang=en-US --service-sandbox-type=service --mojo-platform-channel-handle=3360 --field-trial-handle=2012,i,14121881332492415831,1209340753367914572,262144 --variations-seed-version /prefetch:8

CurrentDirectory: C:\Program Files (x86)\Microsoft\Edge\Application\120.0.2210.91\

User: WINDEV2309EVAL\User

LogonGuid: {fda94052-3502-658d-b367-080000000000}

LogonId: 0x867B3

TerminalSessionId: 1

IntegrityLevel: Low

Hashes: MD5=F6E7A024CC79AC12294D0DA6072C5073,SHA256=628792B5B5A4D71B8D66B1A1C6B775B84E3A5E64C0C05B8D7138164FBAD5C21A,IMPHASH=EA4CA1F8E3B3D9373D39C13FD1348A63

ParentProcessGuid: {fda94052-b84e-658c-0402-000000000b00}

ParentProcessId: 8488

ParentImage: C:\Program Files (x86)\Microsoft\Edge\Application\msedge.exe

ParentCommandLine: ""C:\Program Files (x86)\Microsoft\Edge\Application\msedge.exe"" --no-startup-window /prefetch:5

ParentUser: WINDEV2309EVAL\User</Message>
      <Level>Information</Level>
      <Task>Process Create (rule: ProcessCreate)</Task>
      <Opcode>Info</Opcode>
    </RenderingInfo>
  </Event>
  
"
Microsoft-Windows-Sysmon/Operational,,,WinDev2309Eval,2023-12-28 00:03:46.599,,,11,9527,,,C:\Windows\System32\WindowsPowerShell\v1.0\powershell.exe,,0x8000000000000000,Information,,,"File created:

RuleName: -

UtcTime: 2023-12-28 00:03:46.599

ProcessGuid: {fda94052-bb62-658c-6502-000000000b00}

ProcessId: 9292

Image: C:\Windows\System32\WindowsPowerShell\v1.0\powershell.exe

TargetFilename: C:\Users\User\AppData\Local\Temp\__PSScriptPolicyTest_vdgympg0.zf5.ps1

CreationUtcTime: 2023-12-28 00:03:46.599

User: WINDEV2309EVAL\User",Info,,,,,,,{fda94052-bb62-658c-6502-000000000b00},7044,9292,,,,,"
      ",-,2023-12-28T00:03:46.6040804Z,C:\Users\User\AppData\Local\Temp\__PSScriptPolicyTest_vdgympg0.zf5.ps1,File created (rule: FileCreate),,6672,WINDEV2309EVAL\User,S-1-5-18,2023-12-28 00:03:46.599,2,"<Event xmlns=""http://schemas.microsoft.com/win/2004/08/events/event"">
    <System>
      <Provider Name=""Microsoft-Windows-Sysmon"" Guid=""{5770385f-c22a-43e0-bf4c-06f5698ffbd9}""/>
      <EventID>11</EventID>
      <Version>2</Version>
      <Level>4</Level>
      <Task>11</Task>
      <Opcode>0</Opcode>
      <Keywords>0x8000000000000000</Keywords>
      <TimeCreated SystemTime=""2023-12-28T00:03:46.6040804Z""/>
      <EventRecordID>9527</EventRecordID>
      <Correlation/>
      <Execution ProcessID=""7044"" ThreadID=""6672""/>
      <Channel>Microsoft-Windows-Sysmon/Operational</Channel>
      <Computer>WinDev2309Eval</Computer>
      <Security UserID=""S-1-5-18""/>
    </System>
    <EventData>
      <Data Name=""RuleName"">-</Data>
      <Data Name=""UtcTime"">2023-12-28 00:03:46.599</Data>
      <Data Name=""ProcessGuid"">{fda94052-bb62-658c-6502-000000000b00}</Data>
      <Data Name=""ProcessId"">9292</Data>
      <Data Name=""Image"">C:\Windows\System32\WindowsPowerShell\v1.0\powershell.exe</Data>
      <Data Name=""TargetFilename"">C:\Users\User\AppData\Local\Temp\__PSScriptPolicyTest_vdgympg0.zf5.ps1</Data>
      <Data Name=""CreationUtcTime"">2023-12-28 00:03:46.599</Data>
      <Data Name=""User"">WINDEV2309EVAL\User</Data>
    </EventData>
    <RenderingInfo Culture=""en-US"">
      <Message>File created:

RuleName: -

UtcTime: 2023-12-28 00:03:46.599

ProcessGuid: {fda94052-bb62-658c-6502-000000000b00}

ProcessId: 9292

Image: C:\Windows\System32\WindowsPowerShell\v1.0\powershell.exe

TargetFilename: C:\Users\User\AppData\Local\Temp\__PSScriptPolicyTest_vdgympg0.zf5.ps1

CreationUtcTime: 2023-12-28 00:03:46.599

User: WINDEV2309EVAL\User</Message>
      <Level>Information</Level>
      <Task>File created (rule: FileCreate)</Task>
      <Opcode>Info</Opcode>
    </RenderingInfo>
  </Event>
  
"
Microsoft-Windows-Sysmon/Operational,"""powershell.exe"" & {if (-not (Test-Path \""""C:\AtomicRedTeam\atomics\..\ExternalPayloads\T1485.txt\"""")) { New-Item \""""C:\AtomicRedTeam\atomics\..\ExternalPayloads\T1485.txt\"""" -Force }
& \""""C:\AtomicRedTeam\atomics\..\ExternalPayloads\Sdelete\sdelete.exe\"""" -accepteula \""""C:\AtomicRedTeam\atomics\..\ExternalPayloads\T1485.txt\""""}",Microsoft Corporation,WinDev2309Eval,,C:\Users\User\AppData\Local\Temp\,Windows PowerShell,1,9526,10.0.22621.2215 (WinBuild.160101.0800),"MD5=824B9F337E68DD8C117595071AC11E23,SHA256=17083405E7DECB3DDEF837C2FA599293A4E8133736969DFD5CE92EF15608A587,IMPHASH=51B0FFFA02CA6C1B85189E2E6C139F36",C:\Windows\System32\WindowsPowerShell\v1.0\powershell.exe,Medium,0x8000000000000000,Information,{fda94052-3502-658d-b367-080000000000},0x867b3,"Process Create:

RuleName: -

UtcTime: 2023-12-28 00:03:46.444

ProcessGuid: {fda94052-bb62-658c-6502-000000000b00}

ProcessId: 9292

Image: C:\Windows\System32\WindowsPowerShell\v1.0\powershell.exe

FileVersion: 10.0.22621.2215 (WinBuild.160101.0800)

Description: Windows PowerShell

Product: Microsoft® Windows® Operating System

Company: Microsoft Corporation

OriginalFileName: PowerShell.EXE

CommandLine: ""powershell.exe"" & {if (-not (Test-Path \""""C:\AtomicRedTeam\atomics\..\ExternalPayloads\T1485.txt\"""")) { New-Item \""""C:\AtomicRedTeam\atomics\..\ExternalPayloads\T1485.txt\"""" -Force }
& \""""C:\AtomicRedTeam\atomics\..\ExternalPayloads\Sdelete\sdelete.exe\"""" -accepteula \""""C:\AtomicRedTeam\atomics\..\ExternalPayloads\T1485.txt\""""}

CurrentDirectory: C:\Users\User\AppData\Local\Temp\

User: WINDEV2309EVAL\User

LogonGuid: {fda94052-3502-658d-b367-080000000000}

LogonId: 0x867B3

TerminalSessionId: 1

IntegrityLevel: Medium

Hashes: MD5=824B9F337E68DD8C117595071AC11E23,SHA256=17083405E7DECB3DDEF837C2FA599293A4E8133736969DFD5CE92EF15608A587,IMPHASH=51B0FFFA02CA6C1B85189E2E6C139F36

ParentProcessGuid: {fda94052-b87a-658c-2702-000000000b00}

ParentProcessId: 5076

ParentImage: C:\Windows\System32\WindowsPowerShell\v1.0\powershell.exe

ParentCommandLine: ""C:\Windows\System32\WindowsPowerShell\v1.0\powershell.exe"" -exec bypass

ParentUser: WINDEV2309EVAL\User",Info,PowerShell.EXE,"""C:\Windows\System32\WindowsPowerShell\v1.0\powershell.exe"" -exec bypass",C:\Windows\System32\WindowsPowerShell\v1.0\powershell.exe,{fda94052-b87a-658c-2702-000000000b00},5076,WINDEV2309EVAL\User,{fda94052-bb62-658c-6502-000000000b00},7044,9292,Microsoft® Windows® Operating System,,,,"
      ",-,2023-12-28T00:03:46.4457499Z,,Process Create (rule: ProcessCreate),1,6672,WINDEV2309EVAL\User,S-1-5-18,2023-12-28 00:03:46.444,5,"<Event xmlns=""http://schemas.microsoft.com/win/2004/08/events/event"">
    <System>
      <Provider Name=""Microsoft-Windows-Sysmon"" Guid=""{5770385f-c22a-43e0-bf4c-06f5698ffbd9}""/>
      <EventID>1</EventID>
      <Version>5</Version>
      <Level>4</Level>
      <Task>1</Task>
      <Opcode>0</Opcode>
      <Keywords>0x8000000000000000</Keywords>
      <TimeCreated SystemTime=""2023-12-28T00:03:46.4457499Z""/>
      <EventRecordID>9526</EventRecordID>
      <Correlation/>
      <Execution ProcessID=""7044"" ThreadID=""6672""/>
      <Channel>Microsoft-Windows-Sysmon/Operational</Channel>
      <Computer>WinDev2309Eval</Computer>
      <Security UserID=""S-1-5-18""/>
    </System>
    <EventData>
      <Data Name=""RuleName"">-</Data>
      <Data Name=""UtcTime"">2023-12-28 00:03:46.444</Data>
      <Data Name=""ProcessGuid"">{fda94052-bb62-658c-6502-000000000b00}</Data>
      <Data Name=""ProcessId"">9292</Data>
      <Data Name=""Image"">C:\Windows\System32\WindowsPowerShell\v1.0\powershell.exe</Data>
      <Data Name=""FileVersion"">10.0.22621.2215 (WinBuild.160101.0800)</Data>
      <Data Name=""Description"">Windows PowerShell</Data>
      <Data Name=""Product"">Microsoft&#174; Windows&#174; Operating System</Data>
      <Data Name=""Company"">Microsoft Corporation</Data>
      <Data Name=""OriginalFileName"">PowerShell.EXE</Data>
      <Data Name=""CommandLine"">""powershell.exe"" &amp; {if (-not (Test-Path \""""C:\AtomicRedTeam\atomics\..\ExternalPayloads\T1485.txt\"""")) { New-Item \""""C:\AtomicRedTeam\atomics\..\ExternalPayloads\T1485.txt\"""" -Force }
&amp; \""""C:\AtomicRedTeam\atomics\..\ExternalPayloads\Sdelete\sdelete.exe\"""" -accepteula \""""C:\AtomicRedTeam\atomics\..\ExternalPayloads\T1485.txt\""""}</Data>
      <Data Name=""CurrentDirectory"">C:\Users\User\AppData\Local\Temp\</Data>
      <Data Name=""User"">WINDEV2309EVAL\User</Data>
      <Data Name=""LogonGuid"">{fda94052-3502-658d-b367-080000000000}</Data>
      <Data Name=""LogonId"">0x867b3</Data>
      <Data Name=""TerminalSessionId"">1</Data>
      <Data Name=""IntegrityLevel"">Medium</Data>
      <Data Name=""Hashes"">MD5=824B9F337E68DD8C117595071AC11E23,SHA256=17083405E7DECB3DDEF837C2FA599293A4E8133736969DFD5CE92EF15608A587,IMPHASH=51B0FFFA02CA6C1B85189E2E6C139F36</Data>
      <Data Name=""ParentProcessGuid"">{fda94052-b87a-658c-2702-000000000b00}</Data>
      <Data Name=""ParentProcessId"">5076</Data>
      <Data Name=""ParentImage"">C:\Windows\System32\WindowsPowerShell\v1.0\powershell.exe</Data>
      <Data Name=""ParentCommandLine"">""C:\Windows\System32\WindowsPowerShell\v1.0\powershell.exe"" -exec bypass</Data>
      <Data Name=""ParentUser"">WINDEV2309EVAL\User</Data>
    </EventData>
    <RenderingInfo Culture=""en-US"">
      <Message>Process Create:

RuleName: -

UtcTime: 2023-12-28 00:03:46.444

ProcessGuid: {fda94052-bb62-658c-6502-000000000b00}

ProcessId: 9292

Image: C:\Windows\System32\WindowsPowerShell\v1.0\powershell.exe

FileVersion: 10.0.22621.2215 (WinBuild.160101.0800)

Description: Windows PowerShell

Product: Microsoft&#174; Windows&#174; Operating System

Company: Microsoft Corporation

OriginalFileName: PowerShell.EXE

CommandLine: ""powershell.exe"" &amp; {if (-not (Test-Path \""""C:\AtomicRedTeam\atomics\..\ExternalPayloads\T1485.txt\"""")) { New-Item \""""C:\AtomicRedTeam\atomics\..\ExternalPayloads\T1485.txt\"""" -Force }
&amp; \""""C:\AtomicRedTeam\atomics\..\ExternalPayloads\Sdelete\sdelete.exe\"""" -accepteula \""""C:\AtomicRedTeam\atomics\..\ExternalPayloads\T1485.txt\""""}

CurrentDirectory: C:\Users\User\AppData\Local\Temp\

User: WINDEV2309EVAL\User

LogonGuid: {fda94052-3502-658d-b367-080000000000}

LogonId: 0x867B3

TerminalSessionId: 1

IntegrityLevel: Medium

Hashes: MD5=824B9F337E68DD8C117595071AC11E23,SHA256=17083405E7DECB3DDEF837C2FA599293A4E8133736969DFD5CE92EF15608A587,IMPHASH=51B0FFFA02CA6C1B85189E2E6C139F36

ParentProcessGuid: {fda94052-b87a-658c-2702-000000000b00}

ParentProcessId: 5076

ParentImage: C:\Windows\System32\WindowsPowerShell\v1.0\powershell.exe

ParentCommandLine: ""C:\Windows\System32\WindowsPowerShell\v1.0\powershell.exe"" -exec bypass

ParentUser: WINDEV2309EVAL\User</Message>
      <Level>Information</Level>
      <Task>Process Create (rule: ProcessCreate)</Task>
      <Opcode>Info</Opcode>
    </RenderingInfo>
  </Event>
  
"
Microsoft-Windows-Sysmon/Operational,"""C:\Windows\system32\whoami.exe""",Microsoft Corporation,WinDev2309Eval,,C:\Users\User\,whoami - displays logged on user information,1,9525,10.0.22621.1 (WinBuild.160101.0800),"MD5=E0F37DB23E4F3163159A815610DF8CF2,SHA256=574BC2A2995FE2B1F732CCD39F2D99460ACE980AF29EFDF1EB0D3E888BE7D6F0,IMPHASH=62935820E434AF643547B7F5F5BD0292",C:\Windows\System32\whoami.exe,Medium,0x8000000000000000,Information,{fda94052-3502-658d-b367-080000000000},0x867b3,"Process Create:

RuleName: -

UtcTime: 2023-12-28 00:03:45.382

ProcessGuid: {fda94052-bb61-658c-6402-000000000b00}

ProcessId: 3592

Image: C:\Windows\System32\whoami.exe

FileVersion: 10.0.22621.1 (WinBuild.160101.0800)

Description: whoami - displays logged on user information

Product: Microsoft® Windows® Operating System

Company: Microsoft Corporation

OriginalFileName: whoami.exe

CommandLine: ""C:\Windows\system32\whoami.exe""

CurrentDirectory: C:\Users\User\

User: WINDEV2309EVAL\User

LogonGuid: {fda94052-3502-658d-b367-080000000000}

LogonId: 0x867B3

TerminalSessionId: 1

IntegrityLevel: Medium

Hashes: MD5=E0F37DB23E4F3163159A815610DF8CF2,SHA256=574BC2A2995FE2B1F732CCD39F2D99460ACE980AF29EFDF1EB0D3E888BE7D6F0,IMPHASH=62935820E434AF643547B7F5F5BD0292

ParentProcessGuid: {fda94052-b87a-658c-2702-000000000b00}

ParentProcessId: 5076

ParentImage: C:\Windows\System32\WindowsPowerShell\v1.0\powershell.exe

ParentCommandLine: ""C:\Windows\System32\WindowsPowerShell\v1.0\powershell.exe"" -exec bypass

ParentUser: WINDEV2309EVAL\User",Info,whoami.exe,"""C:\Windows\System32\WindowsPowerShell\v1.0\powershell.exe"" -exec bypass",C:\Windows\System32\WindowsPowerShell\v1.0\powershell.exe,{fda94052-b87a-658c-2702-000000000b00},5076,WINDEV2309EVAL\User,{fda94052-bb61-658c-6402-000000000b00},7044,3592,Microsoft® Windows® Operating System,,,,"
      ",-,2023-12-28T00:03:45.3849903Z,,Process Create (rule: ProcessCreate),1,6672,WINDEV2309EVAL\User,S-1-5-18,2023-12-28 00:03:45.382,5,"<Event xmlns=""http://schemas.microsoft.com/win/2004/08/events/event"">
    <System>
      <Provider Name=""Microsoft-Windows-Sysmon"" Guid=""{5770385f-c22a-43e0-bf4c-06f5698ffbd9}""/>
      <EventID>1</EventID>
      <Version>5</Version>
      <Level>4</Level>
      <Task>1</Task>
      <Opcode>0</Opcode>
      <Keywords>0x8000000000000000</Keywords>
      <TimeCreated SystemTime=""2023-12-28T00:03:45.3849903Z""/>
      <EventRecordID>9525</EventRecordID>
      <Correlation/>
      <Execution ProcessID=""7044"" ThreadID=""6672""/>
      <Channel>Microsoft-Windows-Sysmon/Operational</Channel>
      <Computer>WinDev2309Eval</Computer>
      <Security UserID=""S-1-5-18""/>
    </System>
    <EventData>
      <Data Name=""RuleName"">-</Data>
      <Data Name=""UtcTime"">2023-12-28 00:03:45.382</Data>
      <Data Name=""ProcessGuid"">{fda94052-bb61-658c-6402-000000000b00}</Data>
      <Data Name=""ProcessId"">3592</Data>
      <Data Name=""Image"">C:\Windows\System32\whoami.exe</Data>
      <Data Name=""FileVersion"">10.0.22621.1 (WinBuild.160101.0800)</Data>
      <Data Name=""Description"">whoami - displays logged on user information</Data>
      <Data Name=""Product"">Microsoft&#174; Windows&#174; Operating System</Data>
      <Data Name=""Company"">Microsoft Corporation</Data>
      <Data Name=""OriginalFileName"">whoami.exe</Data>
      <Data Name=""CommandLine"">""C:\Windows\system32\whoami.exe""</Data>
      <Data Name=""CurrentDirectory"">C:\Users\User\</Data>
      <Data Name=""User"">WINDEV2309EVAL\User</Data>
      <Data Name=""LogonGuid"">{fda94052-3502-658d-b367-080000000000}</Data>
      <Data Name=""LogonId"">0x867b3</Data>
      <Data Name=""TerminalSessionId"">1</Data>
      <Data Name=""IntegrityLevel"">Medium</Data>
      <Data Name=""Hashes"">MD5=E0F37DB23E4F3163159A815610DF8CF2,SHA256=574BC2A2995FE2B1F732CCD39F2D99460ACE980AF29EFDF1EB0D3E888BE7D6F0,IMPHASH=62935820E434AF643547B7F5F5BD0292</Data>
      <Data Name=""ParentProcessGuid"">{fda94052-b87a-658c-2702-000000000b00}</Data>
      <Data Name=""ParentProcessId"">5076</Data>
      <Data Name=""ParentImage"">C:\Windows\System32\WindowsPowerShell\v1.0\powershell.exe</Data>
      <Data Name=""ParentCommandLine"">""C:\Windows\System32\WindowsPowerShell\v1.0\powershell.exe"" -exec bypass</Data>
      <Data Name=""ParentUser"">WINDEV2309EVAL\User</Data>
    </EventData>
    <RenderingInfo Culture=""en-US"">
      <Message>Process Create:

RuleName: -

UtcTime: 2023-12-28 00:03:45.382

ProcessGuid: {fda94052-bb61-658c-6402-000000000b00}

ProcessId: 3592

Image: C:\Windows\System32\whoami.exe

FileVersion: 10.0.22621.1 (WinBuild.160101.0800)

Description: whoami - displays logged on user information

Product: Microsoft&#174; Windows&#174; Operating System

Company: Microsoft Corporation

OriginalFileName: whoami.exe

CommandLine: ""C:\Windows\system32\whoami.exe""

CurrentDirectory: C:\Users\User\

User: WINDEV2309EVAL\User

LogonGuid: {fda94052-3502-658d-b367-080000000000}

LogonId: 0x867B3

TerminalSessionId: 1

IntegrityLevel: Medium

Hashes: MD5=E0F37DB23E4F3163159A815610DF8CF2,SHA256=574BC2A2995FE2B1F732CCD39F2D99460ACE980AF29EFDF1EB0D3E888BE7D6F0,IMPHASH=62935820E434AF643547B7F5F5BD0292

ParentProcessGuid: {fda94052-b87a-658c-2702-000000000b00}

ParentProcessId: 5076

ParentImage: C:\Windows\System32\WindowsPowerShell\v1.0\powershell.exe

ParentCommandLine: ""C:\Windows\System32\WindowsPowerShell\v1.0\powershell.exe"" -exec bypass

ParentUser: WINDEV2309EVAL\User</Message>
      <Level>Information</Level>
      <Task>Process Create (rule: ProcessCreate)</Task>
      <Opcode>Info</Opcode>
    </RenderingInfo>
  </Event>
  
"
Microsoft-Windows-Sysmon/Operational,"""C:\Windows\system32\HOSTNAME.EXE""",Microsoft Corporation,WinDev2309Eval,,C:\Users\User\,Hostname APP,1,9524,10.0.22621.2215 (WinBuild.160101.0800),"MD5=26D86E5BDA0ECA6C6C86541A141A3598,SHA256=D35B9869DA6A1894CB3F3D3E4808EADFF9ADF9B27677194D3F896FCBCDDFFACC,IMPHASH=23013EDF627646AB5226D15AC880BAD8",C:\Windows\System32\HOSTNAME.EXE,Medium,0x8000000000000000,Information,{fda94052-3502-658d-b367-080000000000},0x867b3,"Process Create:

RuleName: -

UtcTime: 2023-12-28 00:03:45.356

ProcessGuid: {fda94052-bb61-658c-6302-000000000b00}

ProcessId: 11224

Image: C:\Windows\System32\HOSTNAME.EXE

FileVersion: 10.0.22621.2215 (WinBuild.160101.0800)

Description: Hostname APP

Product: Microsoft® Windows® Operating System

Company: Microsoft Corporation

OriginalFileName: hostname.exe

CommandLine: ""C:\Windows\system32\HOSTNAME.EXE""

CurrentDirectory: C:\Users\User\

User: WINDEV2309EVAL\User

LogonGuid: {fda94052-3502-658d-b367-080000000000}

LogonId: 0x867B3

TerminalSessionId: 1

IntegrityLevel: Medium

Hashes: MD5=26D86E5BDA0ECA6C6C86541A141A3598,SHA256=D35B9869DA6A1894CB3F3D3E4808EADFF9ADF9B27677194D3F896FCBCDDFFACC,IMPHASH=23013EDF627646AB5226D15AC880BAD8

ParentProcessGuid: {fda94052-b87a-658c-2702-000000000b00}

ParentProcessId: 5076

ParentImage: C:\Windows\System32\WindowsPowerShell\v1.0\powershell.exe

ParentCommandLine: ""C:\Windows\System32\WindowsPowerShell\v1.0\powershell.exe"" -exec bypass

ParentUser: WINDEV2309EVAL\User",Info,hostname.exe,"""C:\Windows\System32\WindowsPowerShell\v1.0\powershell.exe"" -exec bypass",C:\Windows\System32\WindowsPowerShell\v1.0\powershell.exe,{fda94052-b87a-658c-2702-000000000b00},5076,WINDEV2309EVAL\User,{fda94052-bb61-658c-6302-000000000b00},7044,11224,Microsoft® Windows® Operating System,,,,"
      ",-,2023-12-28T00:03:45.3577752Z,,Process Create (rule: ProcessCreate),1,6672,WINDEV2309EVAL\User,S-1-5-18,2023-12-28 00:03:45.356,5,"<Event xmlns=""http://schemas.microsoft.com/win/2004/08/events/event"">
    <System>
      <Provider Name=""Microsoft-Windows-Sysmon"" Guid=""{5770385f-c22a-43e0-bf4c-06f5698ffbd9}""/>
      <EventID>1</EventID>
      <Version>5</Version>
      <Level>4</Level>
      <Task>1</Task>
      <Opcode>0</Opcode>
      <Keywords>0x8000000000000000</Keywords>
      <TimeCreated SystemTime=""2023-12-28T00:03:45.3577752Z""/>
      <EventRecordID>9524</EventRecordID>
      <Correlation/>
      <Execution ProcessID=""7044"" ThreadID=""6672""/>
      <Channel>Microsoft-Windows-Sysmon/Operational</Channel>
      <Computer>WinDev2309Eval</Computer>
      <Security UserID=""S-1-5-18""/>
    </System>
    <EventData>
      <Data Name=""RuleName"">-</Data>
      <Data Name=""UtcTime"">2023-12-28 00:03:45.356</Data>
      <Data Name=""ProcessGuid"">{fda94052-bb61-658c-6302-000000000b00}</Data>
      <Data Name=""ProcessId"">11224</Data>
      <Data Name=""Image"">C:\Windows\System32\HOSTNAME.EXE</Data>
      <Data Name=""FileVersion"">10.0.22621.2215 (WinBuild.160101.0800)</Data>
      <Data Name=""Description"">Hostname APP</Data>
      <Data Name=""Product"">Microsoft&#174; Windows&#174; Operating System</Data>
      <Data Name=""Company"">Microsoft Corporation</Data>
      <Data Name=""OriginalFileName"">hostname.exe</Data>
      <Data Name=""CommandLine"">""C:\Windows\system32\HOSTNAME.EXE""</Data>
      <Data Name=""CurrentDirectory"">C:\Users\User\</Data>
      <Data Name=""User"">WINDEV2309EVAL\User</Data>
      <Data Name=""LogonGuid"">{fda94052-3502-658d-b367-080000000000}</Data>
      <Data Name=""LogonId"">0x867b3</Data>
      <Data Name=""TerminalSessionId"">1</Data>
      <Data Name=""IntegrityLevel"">Medium</Data>
      <Data Name=""Hashes"">MD5=26D86E5BDA0ECA6C6C86541A141A3598,SHA256=D35B9869DA6A1894CB3F3D3E4808EADFF9ADF9B27677194D3F896FCBCDDFFACC,IMPHASH=23013EDF627646AB5226D15AC880BAD8</Data>
      <Data Name=""ParentProcessGuid"">{fda94052-b87a-658c-2702-000000000b00}</Data>
      <Data Name=""ParentProcessId"">5076</Data>
      <Data Name=""ParentImage"">C:\Windows\System32\WindowsPowerShell\v1.0\powershell.exe</Data>
      <Data Name=""ParentCommandLine"">""C:\Windows\System32\WindowsPowerShell\v1.0\powershell.exe"" -exec bypass</Data>
      <Data Name=""ParentUser"">WINDEV2309EVAL\User</Data>
    </EventData>
    <RenderingInfo Culture=""en-US"">
      <Message>Process Create:

RuleName: -

UtcTime: 2023-12-28 00:03:45.356

ProcessGuid: {fda94052-bb61-658c-6302-000000000b00}

ProcessId: 11224

Image: C:\Windows\System32\HOSTNAME.EXE

FileVersion: 10.0.22621.2215 (WinBuild.160101.0800)

Description: Hostname APP

Product: Microsoft&#174; Windows&#174; Operating System

Company: Microsoft Corporation

OriginalFileName: hostname.exe

CommandLine: ""C:\Windows\system32\HOSTNAME.EXE""

CurrentDirectory: C:\Users\User\

User: WINDEV2309EVAL\User

LogonGuid: {fda94052-3502-658d-b367-080000000000}

LogonId: 0x867B3

TerminalSessionId: 1

IntegrityLevel: Medium

Hashes: MD5=26D86E5BDA0ECA6C6C86541A141A3598,SHA256=D35B9869DA6A1894CB3F3D3E4808EADFF9ADF9B27677194D3F896FCBCDDFFACC,IMPHASH=23013EDF627646AB5226D15AC880BAD8

ParentProcessGuid: {fda94052-b87a-658c-2702-000000000b00}

ParentProcessId: 5076

ParentImage: C:\Windows\System32\WindowsPowerShell\v1.0\powershell.exe

ParentCommandLine: ""C:\Windows\System32\WindowsPowerShell\v1.0\powershell.exe"" -exec bypass

ParentUser: WINDEV2309EVAL\User</Message>
      <Level>Information</Level>
      <Task>Process Create (rule: ProcessCreate)</Task>
      <Opcode>Info</Opcode>
    </RenderingInfo>
  </Event>
  
"
Microsoft-Windows-Sysmon/Operational,,,WinDev2309Eval,,,,22,9523,,,C:\Windows\system32\svchost.exe,,0x8000000000000000,Information,,,"Dns query:

RuleName: -

UtcTime: 2023-12-27 23:54:57.974

ProcessGuid: {fda94052-34f2-658d-3f00-000000000b00}

ProcessId: 2948

QueryName: wpad

QueryStatus: 1460

QueryResults: -

Image: C:\Windows\system32\svchost.exe

User: NT AUTHORITY\LOCAL SERVICE",Info,,,,,,,{fda94052-34f2-658d-3f00-000000000b00},7044,2948,,wpad,-,1460,"
      ",-,2023-12-28T00:03:43.1926009Z,,Dns query (rule: DnsQuery),,1124,NT AUTHORITY\LOCAL SERVICE,S-1-5-18,2023-12-27 23:54:57.974,5,"<Event xmlns=""http://schemas.microsoft.com/win/2004/08/events/event"">
    <System>
      <Provider Name=""Microsoft-Windows-Sysmon"" Guid=""{5770385f-c22a-43e0-bf4c-06f5698ffbd9}""/>
      <EventID>22</EventID>
      <Version>5</Version>
      <Level>4</Level>
      <Task>22</Task>
      <Opcode>0</Opcode>
      <Keywords>0x8000000000000000</Keywords>
      <TimeCreated SystemTime=""2023-12-28T00:03:43.1926009Z""/>
      <EventRecordID>9523</EventRecordID>
      <Correlation/>
      <Execution ProcessID=""7044"" ThreadID=""1124""/>
      <Channel>Microsoft-Windows-Sysmon/Operational</Channel>
      <Computer>WinDev2309Eval</Computer>
      <Security UserID=""S-1-5-18""/>
    </System>
    <EventData>
      <Data Name=""RuleName"">-</Data>
      <Data Name=""UtcTime"">2023-12-27 23:54:57.974</Data>
      <Data Name=""ProcessGuid"">{fda94052-34f2-658d-3f00-000000000b00}</Data>
      <Data Name=""ProcessId"">2948</Data>
      <Data Name=""QueryName"">wpad</Data>
      <Data Name=""QueryStatus"">1460</Data>
      <Data Name=""QueryResults"">-</Data>
      <Data Name=""Image"">C:\Windows\system32\svchost.exe</Data>
      <Data Name=""User"">NT AUTHORITY\LOCAL SERVICE</Data>
    </EventData>
    <RenderingInfo Culture=""en-US"">
      <Message>Dns query:

RuleName: -

UtcTime: 2023-12-27 23:54:57.974

ProcessGuid: {fda94052-34f2-658d-3f00-000000000b00}

ProcessId: 2948

QueryName: wpad

QueryStatus: 1460

QueryResults: -

Image: C:\Windows\system32\svchost.exe

User: NT AUTHORITY\LOCAL SERVICE</Message>
      <Level>Information</Level>
      <Task>Dns query (rule: DnsQuery)</Task>
      <Opcode>Info</Opcode>
    </RenderingInfo>
  </Event>
  
"
Microsoft-Windows-Sysmon/Operational,,,WinDev2309Eval,,,,22,9522,,,C:\Windows\system32\svchost.exe,,0x8000000000000000,Information,,,"Dns query:

RuleName: -

UtcTime: 2023-12-27 23:54:57.974

ProcessGuid: {fda94052-34f2-658d-3f00-000000000b00}

ProcessId: 2948

QueryName: wpad

QueryStatus: 1460

QueryResults: -

Image: C:\Windows\system32\svchost.exe

User: NT AUTHORITY\LOCAL SERVICE",Info,,,,,,,{fda94052-34f2-658d-3f00-000000000b00},7044,2948,,wpad,-,1460,"
      ",-,2023-12-28T00:03:43.1908916Z,,Dns query (rule: DnsQuery),,1124,NT AUTHORITY\LOCAL SERVICE,S-1-5-18,2023-12-27 23:54:57.974,5,"<Event xmlns=""http://schemas.microsoft.com/win/2004/08/events/event"">
    <System>
      <Provider Name=""Microsoft-Windows-Sysmon"" Guid=""{5770385f-c22a-43e0-bf4c-06f5698ffbd9}""/>
      <EventID>22</EventID>
      <Version>5</Version>
      <Level>4</Level>
      <Task>22</Task>
      <Opcode>0</Opcode>
      <Keywords>0x8000000000000000</Keywords>
      <TimeCreated SystemTime=""2023-12-28T00:03:43.1908916Z""/>
      <EventRecordID>9522</EventRecordID>
      <Correlation/>
      <Execution ProcessID=""7044"" ThreadID=""1124""/>
      <Channel>Microsoft-Windows-Sysmon/Operational</Channel>
      <Computer>WinDev2309Eval</Computer>
      <Security UserID=""S-1-5-18""/>
    </System>
    <EventData>
      <Data Name=""RuleName"">-</Data>
      <Data Name=""UtcTime"">2023-12-27 23:54:57.974</Data>
      <Data Name=""ProcessGuid"">{fda94052-34f2-658d-3f00-000000000b00}</Data>
      <Data Name=""ProcessId"">2948</Data>
      <Data Name=""QueryName"">wpad</Data>
      <Data Name=""QueryStatus"">1460</Data>
      <Data Name=""QueryResults"">-</Data>
      <Data Name=""Image"">C:\Windows\system32\svchost.exe</Data>
      <Data Name=""User"">NT AUTHORITY\LOCAL SERVICE</Data>
    </EventData>
    <RenderingInfo Culture=""en-US"">
      <Message>Dns query:

RuleName: -

UtcTime: 2023-12-27 23:54:57.974

ProcessGuid: {fda94052-34f2-658d-3f00-000000000b00}

ProcessId: 2948

QueryName: wpad

QueryStatus: 1460

QueryResults: -

Image: C:\Windows\system32\svchost.exe

User: NT AUTHORITY\LOCAL SERVICE</Message>
      <Level>Information</Level>
      <Task>Dns query (rule: DnsQuery)</Task>
      <Opcode>Info</Opcode>
    </RenderingInfo>
  </Event>
  
"
Microsoft-Windows-Sysmon/Operational,,,WinDev2309Eval,,,,22,9521,,,C:\Windows\system32\svchost.exe,,0x8000000000000000,Information,,,"Dns query:

RuleName: -

UtcTime: 2023-12-27 23:54:57.974

ProcessGuid: {fda94052-34f2-658d-3f00-000000000b00}

ProcessId: 2948

QueryName: wpad

QueryStatus: 1460

QueryResults: -

Image: C:\Windows\system32\svchost.exe

User: NT AUTHORITY\LOCAL SERVICE",Info,,,,,,,{fda94052-34f2-658d-3f00-000000000b00},7044,2948,,wpad,-,1460,"
      ",-,2023-12-28T00:03:43.1892041Z,,Dns query (rule: DnsQuery),,1124,NT AUTHORITY\LOCAL SERVICE,S-1-5-18,2023-12-27 23:54:57.974,5,"<Event xmlns=""http://schemas.microsoft.com/win/2004/08/events/event"">
    <System>
      <Provider Name=""Microsoft-Windows-Sysmon"" Guid=""{5770385f-c22a-43e0-bf4c-06f5698ffbd9}""/>
      <EventID>22</EventID>
      <Version>5</Version>
      <Level>4</Level>
      <Task>22</Task>
      <Opcode>0</Opcode>
      <Keywords>0x8000000000000000</Keywords>
      <TimeCreated SystemTime=""2023-12-28T00:03:43.1892041Z""/>
      <EventRecordID>9521</EventRecordID>
      <Correlation/>
      <Execution ProcessID=""7044"" ThreadID=""1124""/>
      <Channel>Microsoft-Windows-Sysmon/Operational</Channel>
      <Computer>WinDev2309Eval</Computer>
      <Security UserID=""S-1-5-18""/>
    </System>
    <EventData>
      <Data Name=""RuleName"">-</Data>
      <Data Name=""UtcTime"">2023-12-27 23:54:57.974</Data>
      <Data Name=""ProcessGuid"">{fda94052-34f2-658d-3f00-000000000b00}</Data>
      <Data Name=""ProcessId"">2948</Data>
      <Data Name=""QueryName"">wpad</Data>
      <Data Name=""QueryStatus"">1460</Data>
      <Data Name=""QueryResults"">-</Data>
      <Data Name=""Image"">C:\Windows\system32\svchost.exe</Data>
      <Data Name=""User"">NT AUTHORITY\LOCAL SERVICE</Data>
    </EventData>
    <RenderingInfo Culture=""en-US"">
      <Message>Dns query:

RuleName: -

UtcTime: 2023-12-27 23:54:57.974

ProcessGuid: {fda94052-34f2-658d-3f00-000000000b00}

ProcessId: 2948

QueryName: wpad

QueryStatus: 1460

QueryResults: -

Image: C:\Windows\system32\svchost.exe

User: NT AUTHORITY\LOCAL SERVICE</Message>
      <Level>Information</Level>
      <Task>Dns query (rule: DnsQuery)</Task>
      <Opcode>Info</Opcode>
    </RenderingInfo>
  </Event>
  
"
