Microsoft-Windows-Sysmon/Operational,"reg  add ""HKLM\SOFTWARE\Policies\Microsoft\Windows NT\SystemRestore"" /v ""DisableSR"" /t ""REG_DWORD"" /d ""1"" /f ",Microsoft Corporation,WinDev2309Eval,,C:\Users\User\AppData\Local\Temp\,Registry Console Tool,1,9498,10.0.22621.1 (WinBuild.160101.0800),"MD5=CDB58D0BCABE76AFC60428F364834463,SHA256=411AE446FE37B30C0727888C7FA5E88994A46DAFD41AA5B3B06C9E884549AFDE,IMPHASH=1085BD82B37A225F6D356012D2E69C3D",C:\Windows\System32\reg.exe,Medium,0x8000000000000000,Information,{fda94052-3502-658d-b367-080000000000},0x867b3,"Process Create:

RuleName: -

UtcTime: 2023-12-28 00:12:18.270

ProcessGuid: {fda94052-bd62-658c-7f02-000000000b00}

ProcessId: 10140

Image: C:\Windows\System32\reg.exe

FileVersion: 10.0.22621.1 (WinBuild.160101.0800)

Description: Registry Console Tool

Product: Microsoft® Windows® Operating System

Company: Microsoft Corporation

OriginalFileName: reg.exe

CommandLine: reg  add ""HKLM\SOFTWARE\Policies\Microsoft\Windows NT\SystemRestore"" /v ""DisableSR"" /t ""REG_DWORD"" /d ""1"" /f 

CurrentDirectory: C:\Users\User\AppData\Local\Temp\

User: WINDEV2309EVAL\User

LogonGuid: {fda94052-3502-658d-b367-080000000000}

LogonId: 0x867B3

TerminalSessionId: 1

IntegrityLevel: Medium

Hashes: MD5=CDB58D0BCABE76AFC60428F364834463,SHA256=411AE446FE37B30C0727888C7FA5E88994A46DAFD41AA5B3B06C9E884549AFDE,IMPHASH=1085BD82B37A225F6D356012D2E69C3D

ParentProcessGuid: {fda94052-bd62-658c-7c02-000000000b00}

ParentProcessId: 8516

ParentImage: C:\Windows\System32\cmd.exe

ParentCommandLine: ""cmd.exe"" /c reg add ""HKLM\SOFTWARE\Policies\Microsoft\Windows NT\SystemRestore"" /v ""DisableConfig"" /t ""REG_DWORD"" /d ""1"" /f & reg add ""HKLM\SOFTWARE\Policies\Microsoft\Windows NT\SystemRestore"" /v ""DisableSR"" /t ""REG_DWORD"" /d ""1"" /f & reg add ""HKLM\SOFTWARE\Microsoft\Windows NT\CurrentVersion\SystemRestore"" /v ""DisableConfig"" /t ""REG_DWORD"" /d ""1"" /f & reg add ""HKLM\SOFTWARE\Microsoft\Windows NT\CurrentVersion\SystemRestore"" /v ""DisableSR"" /t ""REG_DWORD"" /d ""1"" /f

ParentUser: WINDEV2309EVAL\User",Info,reg.exe,"""cmd.exe"" /c reg add ""HKLM\SOFTWARE\Policies\Microsoft\Windows NT\SystemRestore"" /v ""DisableConfig"" /t ""REG_DWORD"" /d ""1"" /f & reg add ""HKLM\SOFTWARE\Policies\Microsoft\Windows NT\SystemRestore"" /v ""DisableSR"" /t ""REG_DWORD"" /d ""1"" /f & reg add ""HKLM\SOFTWARE\Microsoft\Windows NT\CurrentVersion\SystemRestore"" /v ""DisableConfig"" /t ""REG_DWORD"" /d ""1"" /f & reg add ""HKLM\SOFTWARE\Microsoft\Windows NT\CurrentVersion\SystemRestore"" /v ""DisableSR"" /t ""REG_DWORD"" /d ""1"" /f",C:\Windows\System32\cmd.exe,{fda94052-bd62-658c-7c02-000000000b00},8516,WINDEV2309EVAL\User,{fda94052-bd62-658c-7f02-000000000b00},7044,10140,Microsoft® Windows® Operating System,,,,"
      ",-,2023-12-28T00:12:18.2713929Z,,Process Create (rule: ProcessCreate),1,6672,WINDEV2309EVAL\User,S-1-5-18,2023-12-28 00:12:18.270,5,"<Event xmlns=""http://schemas.microsoft.com/win/2004/08/events/event"">
    <System>
      <Provider Name=""Microsoft-Windows-Sysmon"" Guid=""{5770385f-c22a-43e0-bf4c-06f5698ffbd9}""/>
      <EventID>1</EventID>
      <Version>5</Version>
      <Level>4</Level>
      <Task>1</Task>
      <Opcode>0</Opcode>
      <Keywords>0x8000000000000000</Keywords>
      <TimeCreated SystemTime=""2023-12-28T00:12:18.2713929Z""/>
      <EventRecordID>9498</EventRecordID>
      <Correlation/>
      <Execution ProcessID=""7044"" ThreadID=""6672""/>
      <Channel>Microsoft-Windows-Sysmon/Operational</Channel>
      <Computer>WinDev2309Eval</Computer>
      <Security UserID=""S-1-5-18""/>
    </System>
    <EventData>
      <Data Name=""RuleName"">-</Data>
      <Data Name=""UtcTime"">2023-12-28 00:12:18.270</Data>
      <Data Name=""ProcessGuid"">{fda94052-bd62-658c-7f02-000000000b00}</Data>
      <Data Name=""ProcessId"">10140</Data>
      <Data Name=""Image"">C:\Windows\System32\reg.exe</Data>
      <Data Name=""FileVersion"">10.0.22621.1 (WinBuild.160101.0800)</Data>
      <Data Name=""Description"">Registry Console Tool</Data>
      <Data Name=""Product"">Microsoft&#174; Windows&#174; Operating System</Data>
      <Data Name=""Company"">Microsoft Corporation</Data>
      <Data Name=""OriginalFileName"">reg.exe</Data>
      <Data Name=""CommandLine"">reg  add ""HKLM\SOFTWARE\Policies\Microsoft\Windows NT\SystemRestore"" /v ""DisableSR"" /t ""REG_DWORD"" /d ""1"" /f </Data>
      <Data Name=""CurrentDirectory"">C:\Users\User\AppData\Local\Temp\</Data>
      <Data Name=""User"">WINDEV2309EVAL\User</Data>
      <Data Name=""LogonGuid"">{fda94052-3502-658d-b367-080000000000}</Data>
      <Data Name=""LogonId"">0x867b3</Data>
      <Data Name=""TerminalSessionId"">1</Data>
      <Data Name=""IntegrityLevel"">Medium</Data>
      <Data Name=""Hashes"">MD5=CDB58D0BCABE76AFC60428F364834463,SHA256=411AE446FE37B30C0727888C7FA5E88994A46DAFD41AA5B3B06C9E884549AFDE,IMPHASH=1085BD82B37A225F6D356012D2E69C3D</Data>
      <Data Name=""ParentProcessGuid"">{fda94052-bd62-658c-7c02-000000000b00}</Data>
      <Data Name=""ParentProcessId"">8516</Data>
      <Data Name=""ParentImage"">C:\Windows\System32\cmd.exe</Data>
      <Data Name=""ParentCommandLine"">""cmd.exe"" /c reg add ""HKLM\SOFTWARE\Policies\Microsoft\Windows NT\SystemRestore"" /v ""DisableConfig"" /t ""REG_DWORD"" /d ""1"" /f &amp; reg add ""HKLM\SOFTWARE\Policies\Microsoft\Windows NT\SystemRestore"" /v ""DisableSR"" /t ""REG_DWORD"" /d ""1"" /f &amp; reg add ""HKLM\SOFTWARE\Microsoft\Windows NT\CurrentVersion\SystemRestore"" /v ""DisableConfig"" /t ""REG_DWORD"" /d ""1"" /f &amp; reg add ""HKLM\SOFTWARE\Microsoft\Windows NT\CurrentVersion\SystemRestore"" /v ""DisableSR"" /t ""REG_DWORD"" /d ""1"" /f</Data>
      <Data Name=""ParentUser"">WINDEV2309EVAL\User</Data>
    </EventData>
    <RenderingInfo Culture=""en-US"">
      <Message>Process Create:

RuleName: -

UtcTime: 2023-12-28 00:12:18.270

ProcessGuid: {fda94052-bd62-658c-7f02-000000000b00}

ProcessId: 10140

Image: C:\Windows\System32\reg.exe

FileVersion: 10.0.22621.1 (WinBuild.160101.0800)

Description: Registry Console Tool

Product: Microsoft&#174; Windows&#174; Operating System

Company: Microsoft Corporation

OriginalFileName: reg.exe

CommandLine: reg  add ""HKLM\SOFTWARE\Policies\Microsoft\Windows NT\SystemRestore"" /v ""DisableSR"" /t ""REG_DWORD"" /d ""1"" /f 

CurrentDirectory: C:\Users\User\AppData\Local\Temp\

User: WINDEV2309EVAL\User

LogonGuid: {fda94052-3502-658d-b367-080000000000}

LogonId: 0x867B3

TerminalSessionId: 1

IntegrityLevel: Medium

Hashes: MD5=CDB58D0BCABE76AFC60428F364834463,SHA256=411AE446FE37B30C0727888C7FA5E88994A46DAFD41AA5B3B06C9E884549AFDE,IMPHASH=1085BD82B37A225F6D356012D2E69C3D

ParentProcessGuid: {fda94052-bd62-658c-7c02-000000000b00}

ParentProcessId: 8516

ParentImage: C:\Windows\System32\cmd.exe

ParentCommandLine: ""cmd.exe"" /c reg add ""HKLM\SOFTWARE\Policies\Microsoft\Windows NT\SystemRestore"" /v ""DisableConfig"" /t ""REG_DWORD"" /d ""1"" /f &amp; reg add ""HKLM\SOFTWARE\Policies\Microsoft\Windows NT\SystemRestore"" /v ""DisableSR"" /t ""REG_DWORD"" /d ""1"" /f &amp; reg add ""HKLM\SOFTWARE\Microsoft\Windows NT\CurrentVersion\SystemRestore"" /v ""DisableConfig"" /t ""REG_DWORD"" /d ""1"" /f &amp; reg add ""HKLM\SOFTWARE\Microsoft\Windows NT\CurrentVersion\SystemRestore"" /v ""DisableSR"" /t ""REG_DWORD"" /d ""1"" /f

ParentUser: WINDEV2309EVAL\User</Message>
      <Level>Information</Level>
      <Task>Process Create (rule: ProcessCreate)</Task>
      <Opcode>Info</Opcode>
    </RenderingInfo>
  </Event>
  
"
Microsoft-Windows-Sysmon/Operational,"reg  add ""HKLM\SOFTWARE\Policies\Microsoft\Windows NT\SystemRestore"" /v ""DisableConfig"" /t ""REG_DWORD"" /d ""1"" /f ",Microsoft Corporation,WinDev2309Eval,,C:\Users\User\AppData\Local\Temp\,Registry Console Tool,1,9497,10.0.22621.1 (WinBuild.160101.0800),"MD5=CDB58D0BCABE76AFC60428F364834463,SHA256=411AE446FE37B30C0727888C7FA5E88994A46DAFD41AA5B3B06C9E884549AFDE,IMPHASH=1085BD82B37A225F6D356012D2E69C3D",C:\Windows\System32\reg.exe,Medium,0x8000000000000000,Information,{fda94052-3502-658d-b367-080000000000},0x867b3,"Process Create:

RuleName: -

UtcTime: 2023-12-28 00:12:18.254

ProcessGuid: {fda94052-bd62-658c-7e02-000000000b00}

ProcessId: 9976

Image: C:\Windows\System32\reg.exe

FileVersion: 10.0.22621.1 (WinBuild.160101.0800)

Description: Registry Console Tool

Product: Microsoft® Windows® Operating System

Company: Microsoft Corporation

OriginalFileName: reg.exe

CommandLine: reg  add ""HKLM\SOFTWARE\Policies\Microsoft\Windows NT\SystemRestore"" /v ""DisableConfig"" /t ""REG_DWORD"" /d ""1"" /f 

CurrentDirectory: C:\Users\User\AppData\Local\Temp\

User: WINDEV2309EVAL\User

LogonGuid: {fda94052-3502-658d-b367-080000000000}

LogonId: 0x867B3

TerminalSessionId: 1

IntegrityLevel: Medium

Hashes: MD5=CDB58D0BCABE76AFC60428F364834463,SHA256=411AE446FE37B30C0727888C7FA5E88994A46DAFD41AA5B3B06C9E884549AFDE,IMPHASH=1085BD82B37A225F6D356012D2E69C3D

ParentProcessGuid: {fda94052-bd62-658c-7c02-000000000b00}

ParentProcessId: 8516

ParentImage: C:\Windows\System32\cmd.exe

ParentCommandLine: ""cmd.exe"" /c reg add ""HKLM\SOFTWARE\Policies\Microsoft\Windows NT\SystemRestore"" /v ""DisableConfig"" /t ""REG_DWORD"" /d ""1"" /f & reg add ""HKLM\SOFTWARE\Policies\Microsoft\Windows NT\SystemRestore"" /v ""DisableSR"" /t ""REG_DWORD"" /d ""1"" /f & reg add ""HKLM\SOFTWARE\Microsoft\Windows NT\CurrentVersion\SystemRestore"" /v ""DisableConfig"" /t ""REG_DWORD"" /d ""1"" /f & reg add ""HKLM\SOFTWARE\Microsoft\Windows NT\CurrentVersion\SystemRestore"" /v ""DisableSR"" /t ""REG_DWORD"" /d ""1"" /f

ParentUser: WINDEV2309EVAL\User",Info,reg.exe,"""cmd.exe"" /c reg add ""HKLM\SOFTWARE\Policies\Microsoft\Windows NT\SystemRestore"" /v ""DisableConfig"" /t ""REG_DWORD"" /d ""1"" /f & reg add ""HKLM\SOFTWARE\Policies\Microsoft\Windows NT\SystemRestore"" /v ""DisableSR"" /t ""REG_DWORD"" /d ""1"" /f & reg add ""HKLM\SOFTWARE\Microsoft\Windows NT\CurrentVersion\SystemRestore"" /v ""DisableConfig"" /t ""REG_DWORD"" /d ""1"" /f & reg add ""HKLM\SOFTWARE\Microsoft\Windows NT\CurrentVersion\SystemRestore"" /v ""DisableSR"" /t ""REG_DWORD"" /d ""1"" /f",C:\Windows\System32\cmd.exe,{fda94052-bd62-658c-7c02-000000000b00},8516,WINDEV2309EVAL\User,{fda94052-bd62-658c-7e02-000000000b00},7044,9976,Microsoft® Windows® Operating System,,,,"
      ",-,2023-12-28T00:12:18.2570401Z,,Process Create (rule: ProcessCreate),1,6672,WINDEV2309EVAL\User,S-1-5-18,2023-12-28 00:12:18.254,5,"<Event xmlns=""http://schemas.microsoft.com/win/2004/08/events/event"">
    <System>
      <Provider Name=""Microsoft-Windows-Sysmon"" Guid=""{5770385f-c22a-43e0-bf4c-06f5698ffbd9}""/>
      <EventID>1</EventID>
      <Version>5</Version>
      <Level>4</Level>
      <Task>1</Task>
      <Opcode>0</Opcode>
      <Keywords>0x8000000000000000</Keywords>
      <TimeCreated SystemTime=""2023-12-28T00:12:18.2570401Z""/>
      <EventRecordID>9497</EventRecordID>
      <Correlation/>
      <Execution ProcessID=""7044"" ThreadID=""6672""/>
      <Channel>Microsoft-Windows-Sysmon/Operational</Channel>
      <Computer>WinDev2309Eval</Computer>
      <Security UserID=""S-1-5-18""/>
    </System>
    <EventData>
      <Data Name=""RuleName"">-</Data>
      <Data Name=""UtcTime"">2023-12-28 00:12:18.254</Data>
      <Data Name=""ProcessGuid"">{fda94052-bd62-658c-7e02-000000000b00}</Data>
      <Data Name=""ProcessId"">9976</Data>
      <Data Name=""Image"">C:\Windows\System32\reg.exe</Data>
      <Data Name=""FileVersion"">10.0.22621.1 (WinBuild.160101.0800)</Data>
      <Data Name=""Description"">Registry Console Tool</Data>
      <Data Name=""Product"">Microsoft&#174; Windows&#174; Operating System</Data>
      <Data Name=""Company"">Microsoft Corporation</Data>
      <Data Name=""OriginalFileName"">reg.exe</Data>
      <Data Name=""CommandLine"">reg  add ""HKLM\SOFTWARE\Policies\Microsoft\Windows NT\SystemRestore"" /v ""DisableConfig"" /t ""REG_DWORD"" /d ""1"" /f </Data>
      <Data Name=""CurrentDirectory"">C:\Users\User\AppData\Local\Temp\</Data>
      <Data Name=""User"">WINDEV2309EVAL\User</Data>
      <Data Name=""LogonGuid"">{fda94052-3502-658d-b367-080000000000}</Data>
      <Data Name=""LogonId"">0x867b3</Data>
      <Data Name=""TerminalSessionId"">1</Data>
      <Data Name=""IntegrityLevel"">Medium</Data>
      <Data Name=""Hashes"">MD5=CDB58D0BCABE76AFC60428F364834463,SHA256=411AE446FE37B30C0727888C7FA5E88994A46DAFD41AA5B3B06C9E884549AFDE,IMPHASH=1085BD82B37A225F6D356012D2E69C3D</Data>
      <Data Name=""ParentProcessGuid"">{fda94052-bd62-658c-7c02-000000000b00}</Data>
      <Data Name=""ParentProcessId"">8516</Data>
      <Data Name=""ParentImage"">C:\Windows\System32\cmd.exe</Data>
      <Data Name=""ParentCommandLine"">""cmd.exe"" /c reg add ""HKLM\SOFTWARE\Policies\Microsoft\Windows NT\SystemRestore"" /v ""DisableConfig"" /t ""REG_DWORD"" /d ""1"" /f &amp; reg add ""HKLM\SOFTWARE\Policies\Microsoft\Windows NT\SystemRestore"" /v ""DisableSR"" /t ""REG_DWORD"" /d ""1"" /f &amp; reg add ""HKLM\SOFTWARE\Microsoft\Windows NT\CurrentVersion\SystemRestore"" /v ""DisableConfig"" /t ""REG_DWORD"" /d ""1"" /f &amp; reg add ""HKLM\SOFTWARE\Microsoft\Windows NT\CurrentVersion\SystemRestore"" /v ""DisableSR"" /t ""REG_DWORD"" /d ""1"" /f</Data>
      <Data Name=""ParentUser"">WINDEV2309EVAL\User</Data>
    </EventData>
    <RenderingInfo Culture=""en-US"">
      <Message>Process Create:

RuleName: -

UtcTime: 2023-12-28 00:12:18.254

ProcessGuid: {fda94052-bd62-658c-7e02-000000000b00}

ProcessId: 9976

Image: C:\Windows\System32\reg.exe

FileVersion: 10.0.22621.1 (WinBuild.160101.0800)

Description: Registry Console Tool

Product: Microsoft&#174; Windows&#174; Operating System

Company: Microsoft Corporation

OriginalFileName: reg.exe

CommandLine: reg  add ""HKLM\SOFTWARE\Policies\Microsoft\Windows NT\SystemRestore"" /v ""DisableConfig"" /t ""REG_DWORD"" /d ""1"" /f 

CurrentDirectory: C:\Users\User\AppData\Local\Temp\

User: WINDEV2309EVAL\User

LogonGuid: {fda94052-3502-658d-b367-080000000000}

LogonId: 0x867B3

TerminalSessionId: 1

IntegrityLevel: Medium

Hashes: MD5=CDB58D0BCABE76AFC60428F364834463,SHA256=411AE446FE37B30C0727888C7FA5E88994A46DAFD41AA5B3B06C9E884549AFDE,IMPHASH=1085BD82B37A225F6D356012D2E69C3D

ParentProcessGuid: {fda94052-bd62-658c-7c02-000000000b00}

ParentProcessId: 8516

ParentImage: C:\Windows\System32\cmd.exe

ParentCommandLine: ""cmd.exe"" /c reg add ""HKLM\SOFTWARE\Policies\Microsoft\Windows NT\SystemRestore"" /v ""DisableConfig"" /t ""REG_DWORD"" /d ""1"" /f &amp; reg add ""HKLM\SOFTWARE\Policies\Microsoft\Windows NT\SystemRestore"" /v ""DisableSR"" /t ""REG_DWORD"" /d ""1"" /f &amp; reg add ""HKLM\SOFTWARE\Microsoft\Windows NT\CurrentVersion\SystemRestore"" /v ""DisableConfig"" /t ""REG_DWORD"" /d ""1"" /f &amp; reg add ""HKLM\SOFTWARE\Microsoft\Windows NT\CurrentVersion\SystemRestore"" /v ""DisableSR"" /t ""REG_DWORD"" /d ""1"" /f

ParentUser: WINDEV2309EVAL\User</Message>
      <Level>Information</Level>
      <Task>Process Create (rule: ProcessCreate)</Task>
      <Opcode>Info</Opcode>
    </RenderingInfo>
  </Event>
  
"
Microsoft-Windows-Sysmon/Operational,"""cmd.exe"" /c reg add ""HKLM\SOFTWARE\Policies\Microsoft\Windows NT\SystemRestore"" /v ""DisableConfig"" /t ""REG_DWORD"" /d ""1"" /f & reg add ""HKLM\SOFTWARE\Policies\Microsoft\Windows NT\SystemRestore"" /v ""DisableSR"" /t ""REG_DWORD"" /d ""1"" /f & reg add ""HKLM\SOFTWARE\Microsoft\Windows NT\CurrentVersion\SystemRestore"" /v ""DisableConfig"" /t ""REG_DWORD"" /d ""1"" /f & reg add ""HKLM\SOFTWARE\Microsoft\Windows NT\CurrentVersion\SystemRestore"" /v ""DisableSR"" /t ""REG_DWORD"" /d ""1"" /f",Microsoft Corporation,WinDev2309Eval,,C:\Users\User\AppData\Local\Temp\,Windows Command Processor,1,9496,10.0.22621.1635 (WinBuild.160101.0800),"MD5=5A6BE4D2519515241D0C133A26CF62C0,SHA256=423E0E810A69AACEBA0E5670E58AFF898CF0EBFFAB99CCB46EBB3464C3D2FACB,IMPHASH=D73E39DAB3C8B57AA408073D01254964",C:\Windows\System32\cmd.exe,Medium,0x8000000000000000,Information,{fda94052-3502-658d-b367-080000000000},0x867b3,"Process Create:

RuleName: -

UtcTime: 2023-12-28 00:12:18.224

ProcessGuid: {fda94052-bd62-658c-7c02-000000000b00}

ProcessId: 8516

Image: C:\Windows\System32\cmd.exe

FileVersion: 10.0.22621.1635 (WinBuild.160101.0800)

Description: Windows Command Processor

Product: Microsoft® Windows® Operating System

Company: Microsoft Corporation

OriginalFileName: Cmd.Exe

CommandLine: ""cmd.exe"" /c reg add ""HKLM\SOFTWARE\Policies\Microsoft\Windows NT\SystemRestore"" /v ""DisableConfig"" /t ""REG_DWORD"" /d ""1"" /f & reg add ""HKLM\SOFTWARE\Policies\Microsoft\Windows NT\SystemRestore"" /v ""DisableSR"" /t ""REG_DWORD"" /d ""1"" /f & reg add ""HKLM\SOFTWARE\Microsoft\Windows NT\CurrentVersion\SystemRestore"" /v ""DisableConfig"" /t ""REG_DWORD"" /d ""1"" /f & reg add ""HKLM\SOFTWARE\Microsoft\Windows NT\CurrentVersion\SystemRestore"" /v ""DisableSR"" /t ""REG_DWORD"" /d ""1"" /f

CurrentDirectory: C:\Users\User\AppData\Local\Temp\

User: WINDEV2309EVAL\User

LogonGuid: {fda94052-3502-658d-b367-080000000000}

LogonId: 0x867B3

TerminalSessionId: 1

IntegrityLevel: Medium

Hashes: MD5=5A6BE4D2519515241D0C133A26CF62C0,SHA256=423E0E810A69AACEBA0E5670E58AFF898CF0EBFFAB99CCB46EBB3464C3D2FACB,IMPHASH=D73E39DAB3C8B57AA408073D01254964

ParentProcessGuid: {fda94052-b87a-658c-2702-000000000b00}

ParentProcessId: 5076

ParentImage: C:\Windows\System32\WindowsPowerShell\v1.0\powershell.exe

ParentCommandLine: ""C:\Windows\System32\WindowsPowerShell\v1.0\powershell.exe"" -exec bypass

ParentUser: WINDEV2309EVAL\User",Info,Cmd.Exe,"""C:\Windows\System32\WindowsPowerShell\v1.0\powershell.exe"" -exec bypass",C:\Windows\System32\WindowsPowerShell\v1.0\powershell.exe,{fda94052-b87a-658c-2702-000000000b00},5076,WINDEV2309EVAL\User,{fda94052-bd62-658c-7c02-000000000b00},7044,8516,Microsoft® Windows® Operating System,,,,"
      ",-,2023-12-28T00:12:18.2254918Z,,Process Create (rule: ProcessCreate),1,6672,WINDEV2309EVAL\User,S-1-5-18,2023-12-28 00:12:18.224,5,"<Event xmlns=""http://schemas.microsoft.com/win/2004/08/events/event"">
    <System>
      <Provider Name=""Microsoft-Windows-Sysmon"" Guid=""{5770385f-c22a-43e0-bf4c-06f5698ffbd9}""/>
      <EventID>1</EventID>
      <Version>5</Version>
      <Level>4</Level>
      <Task>1</Task>
      <Opcode>0</Opcode>
      <Keywords>0x8000000000000000</Keywords>
      <TimeCreated SystemTime=""2023-12-28T00:12:18.2254918Z""/>
      <EventRecordID>9496</EventRecordID>
      <Correlation/>
      <Execution ProcessID=""7044"" ThreadID=""6672""/>
      <Channel>Microsoft-Windows-Sysmon/Operational</Channel>
      <Computer>WinDev2309Eval</Computer>
      <Security UserID=""S-1-5-18""/>
    </System>
    <EventData>
      <Data Name=""RuleName"">-</Data>
      <Data Name=""UtcTime"">2023-12-28 00:12:18.224</Data>
      <Data Name=""ProcessGuid"">{fda94052-bd62-658c-7c02-000000000b00}</Data>
      <Data Name=""ProcessId"">8516</Data>
      <Data Name=""Image"">C:\Windows\System32\cmd.exe</Data>
      <Data Name=""FileVersion"">10.0.22621.1635 (WinBuild.160101.0800)</Data>
      <Data Name=""Description"">Windows Command Processor</Data>
      <Data Name=""Product"">Microsoft&#174; Windows&#174; Operating System</Data>
      <Data Name=""Company"">Microsoft Corporation</Data>
      <Data Name=""OriginalFileName"">Cmd.Exe</Data>
      <Data Name=""CommandLine"">""cmd.exe"" /c reg add ""HKLM\SOFTWARE\Policies\Microsoft\Windows NT\SystemRestore"" /v ""DisableConfig"" /t ""REG_DWORD"" /d ""1"" /f &amp; reg add ""HKLM\SOFTWARE\Policies\Microsoft\Windows NT\SystemRestore"" /v ""DisableSR"" /t ""REG_DWORD"" /d ""1"" /f &amp; reg add ""HKLM\SOFTWARE\Microsoft\Windows NT\CurrentVersion\SystemRestore"" /v ""DisableConfig"" /t ""REG_DWORD"" /d ""1"" /f &amp; reg add ""HKLM\SOFTWARE\Microsoft\Windows NT\CurrentVersion\SystemRestore"" /v ""DisableSR"" /t ""REG_DWORD"" /d ""1"" /f</Data>
      <Data Name=""CurrentDirectory"">C:\Users\User\AppData\Local\Temp\</Data>
      <Data Name=""User"">WINDEV2309EVAL\User</Data>
      <Data Name=""LogonGuid"">{fda94052-3502-658d-b367-080000000000}</Data>
      <Data Name=""LogonId"">0x867b3</Data>
      <Data Name=""TerminalSessionId"">1</Data>
      <Data Name=""IntegrityLevel"">Medium</Data>
      <Data Name=""Hashes"">MD5=5A6BE4D2519515241D0C133A26CF62C0,SHA256=423E0E810A69AACEBA0E5670E58AFF898CF0EBFFAB99CCB46EBB3464C3D2FACB,IMPHASH=D73E39DAB3C8B57AA408073D01254964</Data>
      <Data Name=""ParentProcessGuid"">{fda94052-b87a-658c-2702-000000000b00}</Data>
      <Data Name=""ParentProcessId"">5076</Data>
      <Data Name=""ParentImage"">C:\Windows\System32\WindowsPowerShell\v1.0\powershell.exe</Data>
      <Data Name=""ParentCommandLine"">""C:\Windows\System32\WindowsPowerShell\v1.0\powershell.exe"" -exec bypass</Data>
      <Data Name=""ParentUser"">WINDEV2309EVAL\User</Data>
    </EventData>
    <RenderingInfo Culture=""en-US"">
      <Message>Process Create:

RuleName: -

UtcTime: 2023-12-28 00:12:18.224

ProcessGuid: {fda94052-bd62-658c-7c02-000000000b00}

ProcessId: 8516

Image: C:\Windows\System32\cmd.exe

FileVersion: 10.0.22621.1635 (WinBuild.160101.0800)

Description: Windows Command Processor

Product: Microsoft&#174; Windows&#174; Operating System

Company: Microsoft Corporation

OriginalFileName: Cmd.Exe

CommandLine: ""cmd.exe"" /c reg add ""HKLM\SOFTWARE\Policies\Microsoft\Windows NT\SystemRestore"" /v ""DisableConfig"" /t ""REG_DWORD"" /d ""1"" /f &amp; reg add ""HKLM\SOFTWARE\Policies\Microsoft\Windows NT\SystemRestore"" /v ""DisableSR"" /t ""REG_DWORD"" /d ""1"" /f &amp; reg add ""HKLM\SOFTWARE\Microsoft\Windows NT\CurrentVersion\SystemRestore"" /v ""DisableConfig"" /t ""REG_DWORD"" /d ""1"" /f &amp; reg add ""HKLM\SOFTWARE\Microsoft\Windows NT\CurrentVersion\SystemRestore"" /v ""DisableSR"" /t ""REG_DWORD"" /d ""1"" /f

CurrentDirectory: C:\Users\User\AppData\Local\Temp\

User: WINDEV2309EVAL\User

LogonGuid: {fda94052-3502-658d-b367-080000000000}

LogonId: 0x867B3

TerminalSessionId: 1

IntegrityLevel: Medium

Hashes: MD5=5A6BE4D2519515241D0C133A26CF62C0,SHA256=423E0E810A69AACEBA0E5670E58AFF898CF0EBFFAB99CCB46EBB3464C3D2FACB,IMPHASH=D73E39DAB3C8B57AA408073D01254964

ParentProcessGuid: {fda94052-b87a-658c-2702-000000000b00}

ParentProcessId: 5076

ParentImage: C:\Windows\System32\WindowsPowerShell\v1.0\powershell.exe

ParentCommandLine: ""C:\Windows\System32\WindowsPowerShell\v1.0\powershell.exe"" -exec bypass

ParentUser: WINDEV2309EVAL\User</Message>
      <Level>Information</Level>
      <Task>Process Create (rule: ProcessCreate)</Task>
      <Opcode>Info</Opcode>
    </RenderingInfo>
  </Event>
  
"
Microsoft-Windows-Sysmon/Operational,"schtasks.exe  /Change /TN ""\Microsoft\Windows\SystemRestore\SR"" /disable",Microsoft Corporation,WinDev2309Eval,,C:\Users\User\AppData\Local\Temp\,Task Scheduler Configuration Tool,1,9495,10.0.22621.1 (WinBuild.160101.0800),"MD5=D857FA7279E2861199583474C17A1C6C,SHA256=DDDE64F0F55751763C1BCD53DE9CDFFC0D725D45A8476464A2A0422661813004,IMPHASH=44E70F20C235C150D75F6FC8B1E29CD1",C:\Windows\System32\schtasks.exe,Medium,0x8000000000000000,Information,{fda94052-3502-658d-b367-080000000000},0x867b3,"Process Create:

RuleName: -

UtcTime: 2023-12-28 00:12:18.001

ProcessGuid: {fda94052-bd62-658c-7b02-000000000b00}

ProcessId: 9256

Image: C:\Windows\System32\schtasks.exe

FileVersion: 10.0.22621.1 (WinBuild.160101.0800)

Description: Task Scheduler Configuration Tool

Product: Microsoft® Windows® Operating System

Company: Microsoft Corporation

OriginalFileName: schtasks.exe

CommandLine: schtasks.exe  /Change /TN ""\Microsoft\Windows\SystemRestore\SR"" /disable

CurrentDirectory: C:\Users\User\AppData\Local\Temp\

User: WINDEV2309EVAL\User

LogonGuid: {fda94052-3502-658d-b367-080000000000}

LogonId: 0x867B3

TerminalSessionId: 1

IntegrityLevel: Medium

Hashes: MD5=D857FA7279E2861199583474C17A1C6C,SHA256=DDDE64F0F55751763C1BCD53DE9CDFFC0D725D45A8476464A2A0422661813004,IMPHASH=44E70F20C235C150D75F6FC8B1E29CD1

ParentProcessGuid: {fda94052-bd61-658c-7902-000000000b00}

ParentProcessId: 9912

ParentImage: C:\Windows\System32\cmd.exe

ParentCommandLine: ""cmd.exe"" /c schtasks.exe /Change /TN ""\Microsoft\Windows\SystemRestore\SR"" /disable

ParentUser: WINDEV2309EVAL\User",Info,schtasks.exe,"""cmd.exe"" /c schtasks.exe /Change /TN ""\Microsoft\Windows\SystemRestore\SR"" /disable",C:\Windows\System32\cmd.exe,{fda94052-bd61-658c-7902-000000000b00},9912,WINDEV2309EVAL\User,{fda94052-bd62-658c-7b02-000000000b00},7044,9256,Microsoft® Windows® Operating System,,,,"
      ",-,2023-12-28T00:12:18.0052346Z,,Process Create (rule: ProcessCreate),1,6672,WINDEV2309EVAL\User,S-1-5-18,2023-12-28 00:12:18.001,5,"<Event xmlns=""http://schemas.microsoft.com/win/2004/08/events/event"">
    <System>
      <Provider Name=""Microsoft-Windows-Sysmon"" Guid=""{5770385f-c22a-43e0-bf4c-06f5698ffbd9}""/>
      <EventID>1</EventID>
      <Version>5</Version>
      <Level>4</Level>
      <Task>1</Task>
      <Opcode>0</Opcode>
      <Keywords>0x8000000000000000</Keywords>
      <TimeCreated SystemTime=""2023-12-28T00:12:18.0052346Z""/>
      <EventRecordID>9495</EventRecordID>
      <Correlation/>
      <Execution ProcessID=""7044"" ThreadID=""6672""/>
      <Channel>Microsoft-Windows-Sysmon/Operational</Channel>
      <Computer>WinDev2309Eval</Computer>
      <Security UserID=""S-1-5-18""/>
    </System>
    <EventData>
      <Data Name=""RuleName"">-</Data>
      <Data Name=""UtcTime"">2023-12-28 00:12:18.001</Data>
      <Data Name=""ProcessGuid"">{fda94052-bd62-658c-7b02-000000000b00}</Data>
      <Data Name=""ProcessId"">9256</Data>
      <Data Name=""Image"">C:\Windows\System32\schtasks.exe</Data>
      <Data Name=""FileVersion"">10.0.22621.1 (WinBuild.160101.0800)</Data>
      <Data Name=""Description"">Task Scheduler Configuration Tool</Data>
      <Data Name=""Product"">Microsoft&#174; Windows&#174; Operating System</Data>
      <Data Name=""Company"">Microsoft Corporation</Data>
      <Data Name=""OriginalFileName"">schtasks.exe</Data>
      <Data Name=""CommandLine"">schtasks.exe  /Change /TN ""\Microsoft\Windows\SystemRestore\SR"" /disable</Data>
      <Data Name=""CurrentDirectory"">C:\Users\User\AppData\Local\Temp\</Data>
      <Data Name=""User"">WINDEV2309EVAL\User</Data>
      <Data Name=""LogonGuid"">{fda94052-3502-658d-b367-080000000000}</Data>
      <Data Name=""LogonId"">0x867b3</Data>
      <Data Name=""TerminalSessionId"">1</Data>
      <Data Name=""IntegrityLevel"">Medium</Data>
      <Data Name=""Hashes"">MD5=D857FA7279E2861199583474C17A1C6C,SHA256=DDDE64F0F55751763C1BCD53DE9CDFFC0D725D45A8476464A2A0422661813004,IMPHASH=44E70F20C235C150D75F6FC8B1E29CD1</Data>
      <Data Name=""ParentProcessGuid"">{fda94052-bd61-658c-7902-000000000b00}</Data>
      <Data Name=""ParentProcessId"">9912</Data>
      <Data Name=""ParentImage"">C:\Windows\System32\cmd.exe</Data>
      <Data Name=""ParentCommandLine"">""cmd.exe"" /c schtasks.exe /Change /TN ""\Microsoft\Windows\SystemRestore\SR"" /disable</Data>
      <Data Name=""ParentUser"">WINDEV2309EVAL\User</Data>
    </EventData>
    <RenderingInfo Culture=""en-US"">
      <Message>Process Create:

RuleName: -

UtcTime: 2023-12-28 00:12:18.001

ProcessGuid: {fda94052-bd62-658c-7b02-000000000b00}

ProcessId: 9256

Image: C:\Windows\System32\schtasks.exe

FileVersion: 10.0.22621.1 (WinBuild.160101.0800)

Description: Task Scheduler Configuration Tool

Product: Microsoft&#174; Windows&#174; Operating System

Company: Microsoft Corporation

OriginalFileName: schtasks.exe

CommandLine: schtasks.exe  /Change /TN ""\Microsoft\Windows\SystemRestore\SR"" /disable

CurrentDirectory: C:\Users\User\AppData\Local\Temp\

User: WINDEV2309EVAL\User

LogonGuid: {fda94052-3502-658d-b367-080000000000}

LogonId: 0x867B3

TerminalSessionId: 1

IntegrityLevel: Medium

Hashes: MD5=D857FA7279E2861199583474C17A1C6C,SHA256=DDDE64F0F55751763C1BCD53DE9CDFFC0D725D45A8476464A2A0422661813004,IMPHASH=44E70F20C235C150D75F6FC8B1E29CD1

ParentProcessGuid: {fda94052-bd61-658c-7902-000000000b00}

ParentProcessId: 9912

ParentImage: C:\Windows\System32\cmd.exe

ParentCommandLine: ""cmd.exe"" /c schtasks.exe /Change /TN ""\Microsoft\Windows\SystemRestore\SR"" /disable

ParentUser: WINDEV2309EVAL\User</Message>
      <Level>Information</Level>
      <Task>Process Create (rule: ProcessCreate)</Task>
      <Opcode>Info</Opcode>
    </RenderingInfo>
  </Event>
  
"
Microsoft-Windows-Sysmon/Operational,"""cmd.exe"" /c schtasks.exe /Change /TN ""\Microsoft\Windows\SystemRestore\SR"" /disable",Microsoft Corporation,WinDev2309Eval,,C:\Users\User\AppData\Local\Temp\,Windows Command Processor,1,9494,10.0.22621.1635 (WinBuild.160101.0800),"MD5=5A6BE4D2519515241D0C133A26CF62C0,SHA256=423E0E810A69AACEBA0E5670E58AFF898CF0EBFFAB99CCB46EBB3464C3D2FACB,IMPHASH=D73E39DAB3C8B57AA408073D01254964",C:\Windows\System32\cmd.exe,Medium,0x8000000000000000,Information,{fda94052-3502-658d-b367-080000000000},0x867b3,"Process Create:

RuleName: -

UtcTime: 2023-12-28 00:12:17.969

ProcessGuid: {fda94052-bd61-658c-7902-000000000b00}

ProcessId: 9912

Image: C:\Windows\System32\cmd.exe

FileVersion: 10.0.22621.1635 (WinBuild.160101.0800)

Description: Windows Command Processor

Product: Microsoft® Windows® Operating System

Company: Microsoft Corporation

OriginalFileName: Cmd.Exe

CommandLine: ""cmd.exe"" /c schtasks.exe /Change /TN ""\Microsoft\Windows\SystemRestore\SR"" /disable

CurrentDirectory: C:\Users\User\AppData\Local\Temp\

User: WINDEV2309EVAL\User

LogonGuid: {fda94052-3502-658d-b367-080000000000}

LogonId: 0x867B3

TerminalSessionId: 1

IntegrityLevel: Medium

Hashes: MD5=5A6BE4D2519515241D0C133A26CF62C0,SHA256=423E0E810A69AACEBA0E5670E58AFF898CF0EBFFAB99CCB46EBB3464C3D2FACB,IMPHASH=D73E39DAB3C8B57AA408073D01254964

ParentProcessGuid: {fda94052-b87a-658c-2702-000000000b00}

ParentProcessId: 5076

ParentImage: C:\Windows\System32\WindowsPowerShell\v1.0\powershell.exe

ParentCommandLine: ""C:\Windows\System32\WindowsPowerShell\v1.0\powershell.exe"" -exec bypass

ParentUser: WINDEV2309EVAL\User",Info,Cmd.Exe,"""C:\Windows\System32\WindowsPowerShell\v1.0\powershell.exe"" -exec bypass",C:\Windows\System32\WindowsPowerShell\v1.0\powershell.exe,{fda94052-b87a-658c-2702-000000000b00},5076,WINDEV2309EVAL\User,{fda94052-bd61-658c-7902-000000000b00},7044,9912,Microsoft® Windows® Operating System,,,,"
      ",-,2023-12-28T00:12:17.9701167Z,,Process Create (rule: ProcessCreate),1,6672,WINDEV2309EVAL\User,S-1-5-18,2023-12-28 00:12:17.969,5,"<Event xmlns=""http://schemas.microsoft.com/win/2004/08/events/event"">
    <System>
      <Provider Name=""Microsoft-Windows-Sysmon"" Guid=""{5770385f-c22a-43e0-bf4c-06f5698ffbd9}""/>
      <EventID>1</EventID>
      <Version>5</Version>
      <Level>4</Level>
      <Task>1</Task>
      <Opcode>0</Opcode>
      <Keywords>0x8000000000000000</Keywords>
      <TimeCreated SystemTime=""2023-12-28T00:12:17.9701167Z""/>
      <EventRecordID>9494</EventRecordID>
      <Correlation/>
      <Execution ProcessID=""7044"" ThreadID=""6672""/>
      <Channel>Microsoft-Windows-Sysmon/Operational</Channel>
      <Computer>WinDev2309Eval</Computer>
      <Security UserID=""S-1-5-18""/>
    </System>
    <EventData>
      <Data Name=""RuleName"">-</Data>
      <Data Name=""UtcTime"">2023-12-28 00:12:17.969</Data>
      <Data Name=""ProcessGuid"">{fda94052-bd61-658c-7902-000000000b00}</Data>
      <Data Name=""ProcessId"">9912</Data>
      <Data Name=""Image"">C:\Windows\System32\cmd.exe</Data>
      <Data Name=""FileVersion"">10.0.22621.1635 (WinBuild.160101.0800)</Data>
      <Data Name=""Description"">Windows Command Processor</Data>
      <Data Name=""Product"">Microsoft&#174; Windows&#174; Operating System</Data>
      <Data Name=""Company"">Microsoft Corporation</Data>
      <Data Name=""OriginalFileName"">Cmd.Exe</Data>
      <Data Name=""CommandLine"">""cmd.exe"" /c schtasks.exe /Change /TN ""\Microsoft\Windows\SystemRestore\SR"" /disable</Data>
      <Data Name=""CurrentDirectory"">C:\Users\User\AppData\Local\Temp\</Data>
      <Data Name=""User"">WINDEV2309EVAL\User</Data>
      <Data Name=""LogonGuid"">{fda94052-3502-658d-b367-080000000000}</Data>
      <Data Name=""LogonId"">0x867b3</Data>
      <Data Name=""TerminalSessionId"">1</Data>
      <Data Name=""IntegrityLevel"">Medium</Data>
      <Data Name=""Hashes"">MD5=5A6BE4D2519515241D0C133A26CF62C0,SHA256=423E0E810A69AACEBA0E5670E58AFF898CF0EBFFAB99CCB46EBB3464C3D2FACB,IMPHASH=D73E39DAB3C8B57AA408073D01254964</Data>
      <Data Name=""ParentProcessGuid"">{fda94052-b87a-658c-2702-000000000b00}</Data>
      <Data Name=""ParentProcessId"">5076</Data>
      <Data Name=""ParentImage"">C:\Windows\System32\WindowsPowerShell\v1.0\powershell.exe</Data>
      <Data Name=""ParentCommandLine"">""C:\Windows\System32\WindowsPowerShell\v1.0\powershell.exe"" -exec bypass</Data>
      <Data Name=""ParentUser"">WINDEV2309EVAL\User</Data>
    </EventData>
    <RenderingInfo Culture=""en-US"">
      <Message>Process Create:

RuleName: -

UtcTime: 2023-12-28 00:12:17.969

ProcessGuid: {fda94052-bd61-658c-7902-000000000b00}

ProcessId: 9912

Image: C:\Windows\System32\cmd.exe

FileVersion: 10.0.22621.1635 (WinBuild.160101.0800)

Description: Windows Command Processor

Product: Microsoft&#174; Windows&#174; Operating System

Company: Microsoft Corporation

OriginalFileName: Cmd.Exe

CommandLine: ""cmd.exe"" /c schtasks.exe /Change /TN ""\Microsoft\Windows\SystemRestore\SR"" /disable

CurrentDirectory: C:\Users\User\AppData\Local\Temp\

User: WINDEV2309EVAL\User

LogonGuid: {fda94052-3502-658d-b367-080000000000}

LogonId: 0x867B3

TerminalSessionId: 1

IntegrityLevel: Medium

Hashes: MD5=5A6BE4D2519515241D0C133A26CF62C0,SHA256=423E0E810A69AACEBA0E5670E58AFF898CF0EBFFAB99CCB46EBB3464C3D2FACB,IMPHASH=D73E39DAB3C8B57AA408073D01254964

ParentProcessGuid: {fda94052-b87a-658c-2702-000000000b00}

ParentProcessId: 5076

ParentImage: C:\Windows\System32\WindowsPowerShell\v1.0\powershell.exe

ParentCommandLine: ""C:\Windows\System32\WindowsPowerShell\v1.0\powershell.exe"" -exec bypass

ParentUser: WINDEV2309EVAL\User</Message>
      <Level>Information</Level>
      <Task>Process Create (rule: ProcessCreate)</Task>
      <Opcode>Info</Opcode>
    </RenderingInfo>
  </Event>
  
"
Microsoft-Windows-Sysmon/Operational,wbadmin  delete systemstatebackup -keepVersions:0,Microsoft Corporation,WinDev2309Eval,,C:\Users\User\AppData\Local\Temp\,Command Line Interface for Microsoft® BLB Backup,1,9493,10.0.22621.1 (WinBuild.160101.0800),"MD5=6DD328F02983A56C61838C15BA0BCAE7,SHA256=EB964B1306E00A58D387C1394A2E48F614B16FBB4EA73E55F444C4BC7AD757CE,IMPHASH=0257D3A9F8FBE3F6C74B054B5A868005",C:\Windows\System32\wbadmin.exe,Medium,0x8000000000000000,Information,{fda94052-3502-658d-b367-080000000000},0x867b3,"Process Create:

RuleName: -

UtcTime: 2023-12-28 00:12:17.720

ProcessGuid: {fda94052-bd61-658c-7802-000000000b00}

ProcessId: 6192

Image: C:\Windows\System32\wbadmin.exe

FileVersion: 10.0.22621.1 (WinBuild.160101.0800)

Description: Command Line Interface for Microsoft® BLB Backup

Product: Microsoft® Windows® Operating System

Company: Microsoft Corporation

OriginalFileName: WBADMIN.EXE

CommandLine: wbadmin  delete systemstatebackup -keepVersions:0

CurrentDirectory: C:\Users\User\AppData\Local\Temp\

User: WINDEV2309EVAL\User

LogonGuid: {fda94052-3502-658d-b367-080000000000}

LogonId: 0x867B3

TerminalSessionId: 1

IntegrityLevel: Medium

Hashes: MD5=6DD328F02983A56C61838C15BA0BCAE7,SHA256=EB964B1306E00A58D387C1394A2E48F614B16FBB4EA73E55F444C4BC7AD757CE,IMPHASH=0257D3A9F8FBE3F6C74B054B5A868005

ParentProcessGuid: {fda94052-bd61-658c-7602-000000000b00}

ParentProcessId: 10872

ParentImage: C:\Windows\System32\cmd.exe

ParentCommandLine: ""cmd.exe"" /c wbadmin delete systemstatebackup -keepVersions:0

ParentUser: WINDEV2309EVAL\User",Info,WBADMIN.EXE,"""cmd.exe"" /c wbadmin delete systemstatebackup -keepVersions:0",C:\Windows\System32\cmd.exe,{fda94052-bd61-658c-7602-000000000b00},10872,WINDEV2309EVAL\User,{fda94052-bd61-658c-7802-000000000b00},7044,6192,Microsoft® Windows® Operating System,,,,"
      ",-,2023-12-28T00:12:17.7216409Z,,Process Create (rule: ProcessCreate),1,6672,WINDEV2309EVAL\User,S-1-5-18,2023-12-28 00:12:17.720,5,"<Event xmlns=""http://schemas.microsoft.com/win/2004/08/events/event"">
    <System>
      <Provider Name=""Microsoft-Windows-Sysmon"" Guid=""{5770385f-c22a-43e0-bf4c-06f5698ffbd9}""/>
      <EventID>1</EventID>
      <Version>5</Version>
      <Level>4</Level>
      <Task>1</Task>
      <Opcode>0</Opcode>
      <Keywords>0x8000000000000000</Keywords>
      <TimeCreated SystemTime=""2023-12-28T00:12:17.7216409Z""/>
      <EventRecordID>9493</EventRecordID>
      <Correlation/>
      <Execution ProcessID=""7044"" ThreadID=""6672""/>
      <Channel>Microsoft-Windows-Sysmon/Operational</Channel>
      <Computer>WinDev2309Eval</Computer>
      <Security UserID=""S-1-5-18""/>
    </System>
    <EventData>
      <Data Name=""RuleName"">-</Data>
      <Data Name=""UtcTime"">2023-12-28 00:12:17.720</Data>
      <Data Name=""ProcessGuid"">{fda94052-bd61-658c-7802-000000000b00}</Data>
      <Data Name=""ProcessId"">6192</Data>
      <Data Name=""Image"">C:\Windows\System32\wbadmin.exe</Data>
      <Data Name=""FileVersion"">10.0.22621.1 (WinBuild.160101.0800)</Data>
      <Data Name=""Description"">Command Line Interface for Microsoft&#174; BLB Backup</Data>
      <Data Name=""Product"">Microsoft&#174; Windows&#174; Operating System</Data>
      <Data Name=""Company"">Microsoft Corporation</Data>
      <Data Name=""OriginalFileName"">WBADMIN.EXE</Data>
      <Data Name=""CommandLine"">wbadmin  delete systemstatebackup -keepVersions:0</Data>
      <Data Name=""CurrentDirectory"">C:\Users\User\AppData\Local\Temp\</Data>
      <Data Name=""User"">WINDEV2309EVAL\User</Data>
      <Data Name=""LogonGuid"">{fda94052-3502-658d-b367-080000000000}</Data>
      <Data Name=""LogonId"">0x867b3</Data>
      <Data Name=""TerminalSessionId"">1</Data>
      <Data Name=""IntegrityLevel"">Medium</Data>
      <Data Name=""Hashes"">MD5=6DD328F02983A56C61838C15BA0BCAE7,SHA256=EB964B1306E00A58D387C1394A2E48F614B16FBB4EA73E55F444C4BC7AD757CE,IMPHASH=0257D3A9F8FBE3F6C74B054B5A868005</Data>
      <Data Name=""ParentProcessGuid"">{fda94052-bd61-658c-7602-000000000b00}</Data>
      <Data Name=""ParentProcessId"">10872</Data>
      <Data Name=""ParentImage"">C:\Windows\System32\cmd.exe</Data>
      <Data Name=""ParentCommandLine"">""cmd.exe"" /c wbadmin delete systemstatebackup -keepVersions:0</Data>
      <Data Name=""ParentUser"">WINDEV2309EVAL\User</Data>
    </EventData>
    <RenderingInfo Culture=""en-US"">
      <Message>Process Create:

RuleName: -

UtcTime: 2023-12-28 00:12:17.720

ProcessGuid: {fda94052-bd61-658c-7802-000000000b00}

ProcessId: 6192

Image: C:\Windows\System32\wbadmin.exe

FileVersion: 10.0.22621.1 (WinBuild.160101.0800)

Description: Command Line Interface for Microsoft&#174; BLB Backup

Product: Microsoft&#174; Windows&#174; Operating System

Company: Microsoft Corporation

OriginalFileName: WBADMIN.EXE

CommandLine: wbadmin  delete systemstatebackup -keepVersions:0

CurrentDirectory: C:\Users\User\AppData\Local\Temp\

User: WINDEV2309EVAL\User

LogonGuid: {fda94052-3502-658d-b367-080000000000}

LogonId: 0x867B3

TerminalSessionId: 1

IntegrityLevel: Medium

Hashes: MD5=6DD328F02983A56C61838C15BA0BCAE7,SHA256=EB964B1306E00A58D387C1394A2E48F614B16FBB4EA73E55F444C4BC7AD757CE,IMPHASH=0257D3A9F8FBE3F6C74B054B5A868005

ParentProcessGuid: {fda94052-bd61-658c-7602-000000000b00}

ParentProcessId: 10872

ParentImage: C:\Windows\System32\cmd.exe

ParentCommandLine: ""cmd.exe"" /c wbadmin delete systemstatebackup -keepVersions:0

ParentUser: WINDEV2309EVAL\User</Message>
      <Level>Information</Level>
      <Task>Process Create (rule: ProcessCreate)</Task>
      <Opcode>Info</Opcode>
    </RenderingInfo>
  </Event>
  
"
Microsoft-Windows-Sysmon/Operational,"""cmd.exe"" /c wbadmin delete systemstatebackup -keepVersions:0",Microsoft Corporation,WinDev2309Eval,,C:\Users\User\AppData\Local\Temp\,Windows Command Processor,1,9492,10.0.22621.1635 (WinBuild.160101.0800),"MD5=5A6BE4D2519515241D0C133A26CF62C0,SHA256=423E0E810A69AACEBA0E5670E58AFF898CF0EBFFAB99CCB46EBB3464C3D2FACB,IMPHASH=D73E39DAB3C8B57AA408073D01254964",C:\Windows\System32\cmd.exe,Medium,0x8000000000000000,Information,{fda94052-3502-658d-b367-080000000000},0x867b3,"Process Create:

RuleName: -

UtcTime: 2023-12-28 00:12:17.691

ProcessGuid: {fda94052-bd61-658c-7602-000000000b00}

ProcessId: 10872

Image: C:\Windows\System32\cmd.exe

FileVersion: 10.0.22621.1635 (WinBuild.160101.0800)

Description: Windows Command Processor

Product: Microsoft® Windows® Operating System

Company: Microsoft Corporation

OriginalFileName: Cmd.Exe

CommandLine: ""cmd.exe"" /c wbadmin delete systemstatebackup -keepVersions:0

CurrentDirectory: C:\Users\User\AppData\Local\Temp\

User: WINDEV2309EVAL\User

LogonGuid: {fda94052-3502-658d-b367-080000000000}

LogonId: 0x867B3

TerminalSessionId: 1

IntegrityLevel: Medium

Hashes: MD5=5A6BE4D2519515241D0C133A26CF62C0,SHA256=423E0E810A69AACEBA0E5670E58AFF898CF0EBFFAB99CCB46EBB3464C3D2FACB,IMPHASH=D73E39DAB3C8B57AA408073D01254964

ParentProcessGuid: {fda94052-b87a-658c-2702-000000000b00}

ParentProcessId: 5076

ParentImage: C:\Windows\System32\WindowsPowerShell\v1.0\powershell.exe

ParentCommandLine: ""C:\Windows\System32\WindowsPowerShell\v1.0\powershell.exe"" -exec bypass

ParentUser: WINDEV2309EVAL\User",Info,Cmd.Exe,"""C:\Windows\System32\WindowsPowerShell\v1.0\powershell.exe"" -exec bypass",C:\Windows\System32\WindowsPowerShell\v1.0\powershell.exe,{fda94052-b87a-658c-2702-000000000b00},5076,WINDEV2309EVAL\User,{fda94052-bd61-658c-7602-000000000b00},7044,10872,Microsoft® Windows® Operating System,,,,"
      ",-,2023-12-28T00:12:17.6927604Z,,Process Create (rule: ProcessCreate),1,6672,WINDEV2309EVAL\User,S-1-5-18,2023-12-28 00:12:17.691,5,"<Event xmlns=""http://schemas.microsoft.com/win/2004/08/events/event"">
    <System>
      <Provider Name=""Microsoft-Windows-Sysmon"" Guid=""{5770385f-c22a-43e0-bf4c-06f5698ffbd9}""/>
      <EventID>1</EventID>
      <Version>5</Version>
      <Level>4</Level>
      <Task>1</Task>
      <Opcode>0</Opcode>
      <Keywords>0x8000000000000000</Keywords>
      <TimeCreated SystemTime=""2023-12-28T00:12:17.6927604Z""/>
      <EventRecordID>9492</EventRecordID>
      <Correlation/>
      <Execution ProcessID=""7044"" ThreadID=""6672""/>
      <Channel>Microsoft-Windows-Sysmon/Operational</Channel>
      <Computer>WinDev2309Eval</Computer>
      <Security UserID=""S-1-5-18""/>
    </System>
    <EventData>
      <Data Name=""RuleName"">-</Data>
      <Data Name=""UtcTime"">2023-12-28 00:12:17.691</Data>
      <Data Name=""ProcessGuid"">{fda94052-bd61-658c-7602-000000000b00}</Data>
      <Data Name=""ProcessId"">10872</Data>
      <Data Name=""Image"">C:\Windows\System32\cmd.exe</Data>
      <Data Name=""FileVersion"">10.0.22621.1635 (WinBuild.160101.0800)</Data>
      <Data Name=""Description"">Windows Command Processor</Data>
      <Data Name=""Product"">Microsoft&#174; Windows&#174; Operating System</Data>
      <Data Name=""Company"">Microsoft Corporation</Data>
      <Data Name=""OriginalFileName"">Cmd.Exe</Data>
      <Data Name=""CommandLine"">""cmd.exe"" /c wbadmin delete systemstatebackup -keepVersions:0</Data>
      <Data Name=""CurrentDirectory"">C:\Users\User\AppData\Local\Temp\</Data>
      <Data Name=""User"">WINDEV2309EVAL\User</Data>
      <Data Name=""LogonGuid"">{fda94052-3502-658d-b367-080000000000}</Data>
      <Data Name=""LogonId"">0x867b3</Data>
      <Data Name=""TerminalSessionId"">1</Data>
      <Data Name=""IntegrityLevel"">Medium</Data>
      <Data Name=""Hashes"">MD5=5A6BE4D2519515241D0C133A26CF62C0,SHA256=423E0E810A69AACEBA0E5670E58AFF898CF0EBFFAB99CCB46EBB3464C3D2FACB,IMPHASH=D73E39DAB3C8B57AA408073D01254964</Data>
      <Data Name=""ParentProcessGuid"">{fda94052-b87a-658c-2702-000000000b00}</Data>
      <Data Name=""ParentProcessId"">5076</Data>
      <Data Name=""ParentImage"">C:\Windows\System32\WindowsPowerShell\v1.0\powershell.exe</Data>
      <Data Name=""ParentCommandLine"">""C:\Windows\System32\WindowsPowerShell\v1.0\powershell.exe"" -exec bypass</Data>
      <Data Name=""ParentUser"">WINDEV2309EVAL\User</Data>
    </EventData>
    <RenderingInfo Culture=""en-US"">
      <Message>Process Create:

RuleName: -

UtcTime: 2023-12-28 00:12:17.691

ProcessGuid: {fda94052-bd61-658c-7602-000000000b00}

ProcessId: 10872

Image: C:\Windows\System32\cmd.exe

FileVersion: 10.0.22621.1635 (WinBuild.160101.0800)

Description: Windows Command Processor

Product: Microsoft&#174; Windows&#174; Operating System

Company: Microsoft Corporation

OriginalFileName: Cmd.Exe

CommandLine: ""cmd.exe"" /c wbadmin delete systemstatebackup -keepVersions:0

CurrentDirectory: C:\Users\User\AppData\Local\Temp\

User: WINDEV2309EVAL\User

LogonGuid: {fda94052-3502-658d-b367-080000000000}

LogonId: 0x867B3

TerminalSessionId: 1

IntegrityLevel: Medium

Hashes: MD5=5A6BE4D2519515241D0C133A26CF62C0,SHA256=423E0E810A69AACEBA0E5670E58AFF898CF0EBFFAB99CCB46EBB3464C3D2FACB,IMPHASH=D73E39DAB3C8B57AA408073D01254964

ParentProcessGuid: {fda94052-b87a-658c-2702-000000000b00}

ParentProcessId: 5076

ParentImage: C:\Windows\System32\WindowsPowerShell\v1.0\powershell.exe

ParentCommandLine: ""C:\Windows\System32\WindowsPowerShell\v1.0\powershell.exe"" -exec bypass

ParentUser: WINDEV2309EVAL\User</Message>
      <Level>Information</Level>
      <Task>Process Create (rule: ProcessCreate)</Task>
      <Opcode>Info</Opcode>
    </RenderingInfo>
  </Event>
  
"
