Microsoft-Windows-Sysmon/Operational,,,WinDev2309Eval,2023-12-02 04:14:28.000,,,11,9480,,,C:\Windows\system32\svchost.exe,,0x8000000000000000,Information,,,"File created:

RuleName: DLL

UtcTime: 2023-12-28 00:11:39.931

ProcessGuid: {fda94052-34fa-658d-8a00-000000000b00}

ProcessId: 5868

Image: C:\Windows\system32\svchost.exe

TargetFilename: C:\Windows\SoftwareDistribution\Download\7bd97cc524ebd8114e77ca1991fbf2f3\Metadata\wcp.dll

CreationUtcTime: 2023-12-02 04:14:28.000

User: NT AUTHORITY\SYSTEM",Info,,,,,,,{fda94052-34fa-658d-8a00-000000000b00},7044,5868,,,,,"
      ",DLL,2023-12-28T00:11:39.9408470Z,C:\Windows\SoftwareDistribution\Download\7bd97cc524ebd8114e77ca1991fbf2f3\Metadata\wcp.dll,File created (rule: FileCreate),,6672,NT AUTHORITY\SYSTEM,S-1-5-18,2023-12-28 00:11:39.931,2,"<Event xmlns=""http://schemas.microsoft.com/win/2004/08/events/event"">
    <System>
      <Provider Name=""Microsoft-Windows-Sysmon"" Guid=""{5770385f-c22a-43e0-bf4c-06f5698ffbd9}""/>
      <EventID>11</EventID>
      <Version>2</Version>
      <Level>4</Level>
      <Task>11</Task>
      <Opcode>0</Opcode>
      <Keywords>0x8000000000000000</Keywords>
      <TimeCreated SystemTime=""2023-12-28T00:11:39.9408470Z""/>
      <EventRecordID>9480</EventRecordID>
      <Correlation/>
      <Execution ProcessID=""7044"" ThreadID=""6672""/>
      <Channel>Microsoft-Windows-Sysmon/Operational</Channel>
      <Computer>WinDev2309Eval</Computer>
      <Security UserID=""S-1-5-18""/>
    </System>
    <EventData>
      <Data Name=""RuleName"">DLL</Data>
      <Data Name=""UtcTime"">2023-12-28 00:11:39.931</Data>
      <Data Name=""ProcessGuid"">{fda94052-34fa-658d-8a00-000000000b00}</Data>
      <Data Name=""ProcessId"">5868</Data>
      <Data Name=""Image"">C:\Windows\system32\svchost.exe</Data>
      <Data Name=""TargetFilename"">C:\Windows\SoftwareDistribution\Download\7bd97cc524ebd8114e77ca1991fbf2f3\Metadata\wcp.dll</Data>
      <Data Name=""CreationUtcTime"">2023-12-02 04:14:28.000</Data>
      <Data Name=""User"">NT AUTHORITY\SYSTEM</Data>
    </EventData>
    <RenderingInfo Culture=""en-US"">
      <Message>File created:

RuleName: DLL

UtcTime: 2023-12-28 00:11:39.931

ProcessGuid: {fda94052-34fa-658d-8a00-000000000b00}

ProcessId: 5868

Image: C:\Windows\system32\svchost.exe

TargetFilename: C:\Windows\SoftwareDistribution\Download\7bd97cc524ebd8114e77ca1991fbf2f3\Metadata\wcp.dll

CreationUtcTime: 2023-12-02 04:14:28.000

User: NT AUTHORITY\SYSTEM</Message>
      <Level>Information</Level>
      <Task>File created (rule: FileCreate)</Task>
      <Opcode>Info</Opcode>
    </RenderingInfo>
  </Event>
  
"
Microsoft-Windows-Sysmon/Operational,,,WinDev2309Eval,2023-12-02 04:21:42.000,,,11,9479,,,C:\Windows\system32\svchost.exe,,0x8000000000000000,Information,,,"File created:

RuleName: DLL

UtcTime: 2023-12-28 00:11:39.931

ProcessGuid: {fda94052-34fa-658d-8a00-000000000b00}

ProcessId: 5868

Image: C:\Windows\system32\svchost.exe

TargetFilename: C:\Windows\SoftwareDistribution\Download\7bd97cc524ebd8114e77ca1991fbf2f3\Metadata\UAOneSettings.dll

CreationUtcTime: 2023-12-02 04:21:42.000

User: NT AUTHORITY\SYSTEM",Info,,,,,,,{fda94052-34fa-658d-8a00-000000000b00},7044,5868,,,,,"
      ",DLL,2023-12-28T00:11:39.9385719Z,C:\Windows\SoftwareDistribution\Download\7bd97cc524ebd8114e77ca1991fbf2f3\Metadata\UAOneSettings.dll,File created (rule: FileCreate),,6672,NT AUTHORITY\SYSTEM,S-1-5-18,2023-12-28 00:11:39.931,2,"<Event xmlns=""http://schemas.microsoft.com/win/2004/08/events/event"">
    <System>
      <Provider Name=""Microsoft-Windows-Sysmon"" Guid=""{5770385f-c22a-43e0-bf4c-06f5698ffbd9}""/>
      <EventID>11</EventID>
      <Version>2</Version>
      <Level>4</Level>
      <Task>11</Task>
      <Opcode>0</Opcode>
      <Keywords>0x8000000000000000</Keywords>
      <TimeCreated SystemTime=""2023-12-28T00:11:39.9385719Z""/>
      <EventRecordID>9479</EventRecordID>
      <Correlation/>
      <Execution ProcessID=""7044"" ThreadID=""6672""/>
      <Channel>Microsoft-Windows-Sysmon/Operational</Channel>
      <Computer>WinDev2309Eval</Computer>
      <Security UserID=""S-1-5-18""/>
    </System>
    <EventData>
      <Data Name=""RuleName"">DLL</Data>
      <Data Name=""UtcTime"">2023-12-28 00:11:39.931</Data>
      <Data Name=""ProcessGuid"">{fda94052-34fa-658d-8a00-000000000b00}</Data>
      <Data Name=""ProcessId"">5868</Data>
      <Data Name=""Image"">C:\Windows\system32\svchost.exe</Data>
      <Data Name=""TargetFilename"">C:\Windows\SoftwareDistribution\Download\7bd97cc524ebd8114e77ca1991fbf2f3\Metadata\UAOneSettings.dll</Data>
      <Data Name=""CreationUtcTime"">2023-12-02 04:21:42.000</Data>
      <Data Name=""User"">NT AUTHORITY\SYSTEM</Data>
    </EventData>
    <RenderingInfo Culture=""en-US"">
      <Message>File created:

RuleName: DLL

UtcTime: 2023-12-28 00:11:39.931

ProcessGuid: {fda94052-34fa-658d-8a00-000000000b00}

ProcessId: 5868

Image: C:\Windows\system32\svchost.exe

TargetFilename: C:\Windows\SoftwareDistribution\Download\7bd97cc524ebd8114e77ca1991fbf2f3\Metadata\UAOneSettings.dll

CreationUtcTime: 2023-12-02 04:21:42.000

User: NT AUTHORITY\SYSTEM</Message>
      <Level>Information</Level>
      <Task>File created (rule: FileCreate)</Task>
      <Opcode>Info</Opcode>
    </RenderingInfo>
  </Event>
  
"
Microsoft-Windows-Sysmon/Operational,,,WinDev2309Eval,2023-12-02 10:04:50.000,,,11,9478,,,C:\Windows\system32\svchost.exe,,0x8000000000000000,Information,,,"File created:

RuleName: DLL

UtcTime: 2023-12-28 00:11:39.931

ProcessGuid: {fda94052-34fa-658d-8a00-000000000b00}

ProcessId: 5868

Image: C:\Windows\system32\svchost.exe

TargetFilename: C:\Windows\SoftwareDistribution\Download\7bd97cc524ebd8114e77ca1991fbf2f3\Metadata\Mitigation.dll

CreationUtcTime: 2023-12-02 10:04:50.000

User: NT AUTHORITY\SYSTEM",Info,,,,,,,{fda94052-34fa-658d-8a00-000000000b00},7044,5868,,,,,"
      ",DLL,2023-12-28T00:11:39.9344492Z,C:\Windows\SoftwareDistribution\Download\7bd97cc524ebd8114e77ca1991fbf2f3\Metadata\Mitigation.dll,File created (rule: FileCreate),,6672,NT AUTHORITY\SYSTEM,S-1-5-18,2023-12-28 00:11:39.931,2,"<Event xmlns=""http://schemas.microsoft.com/win/2004/08/events/event"">
    <System>
      <Provider Name=""Microsoft-Windows-Sysmon"" Guid=""{5770385f-c22a-43e0-bf4c-06f5698ffbd9}""/>
      <EventID>11</EventID>
      <Version>2</Version>
      <Level>4</Level>
      <Task>11</Task>
      <Opcode>0</Opcode>
      <Keywords>0x8000000000000000</Keywords>
      <TimeCreated SystemTime=""2023-12-28T00:11:39.9344492Z""/>
      <EventRecordID>9478</EventRecordID>
      <Correlation/>
      <Execution ProcessID=""7044"" ThreadID=""6672""/>
      <Channel>Microsoft-Windows-Sysmon/Operational</Channel>
      <Computer>WinDev2309Eval</Computer>
      <Security UserID=""S-1-5-18""/>
    </System>
    <EventData>
      <Data Name=""RuleName"">DLL</Data>
      <Data Name=""UtcTime"">2023-12-28 00:11:39.931</Data>
      <Data Name=""ProcessGuid"">{fda94052-34fa-658d-8a00-000000000b00}</Data>
      <Data Name=""ProcessId"">5868</Data>
      <Data Name=""Image"">C:\Windows\system32\svchost.exe</Data>
      <Data Name=""TargetFilename"">C:\Windows\SoftwareDistribution\Download\7bd97cc524ebd8114e77ca1991fbf2f3\Metadata\Mitigation.dll</Data>
      <Data Name=""CreationUtcTime"">2023-12-02 10:04:50.000</Data>
      <Data Name=""User"">NT AUTHORITY\SYSTEM</Data>
    </EventData>
    <RenderingInfo Culture=""en-US"">
      <Message>File created:

RuleName: DLL

UtcTime: 2023-12-28 00:11:39.931

ProcessGuid: {fda94052-34fa-658d-8a00-000000000b00}

ProcessId: 5868

Image: C:\Windows\system32\svchost.exe

TargetFilename: C:\Windows\SoftwareDistribution\Download\7bd97cc524ebd8114e77ca1991fbf2f3\Metadata\Mitigation.dll

CreationUtcTime: 2023-12-02 10:04:50.000

User: NT AUTHORITY\SYSTEM</Message>
      <Level>Information</Level>
      <Task>File created (rule: FileCreate)</Task>
      <Opcode>Info</Opcode>
    </RenderingInfo>
  </Event>
  
"
Microsoft-Windows-Sysmon/Operational,,,WinDev2309Eval,2023-12-02 04:13:54.000,,,11,9477,,,C:\Windows\system32\svchost.exe,,0x8000000000000000,Information,,,"File created:

RuleName: DLL

UtcTime: 2023-12-28 00:11:39.915

ProcessGuid: {fda94052-34fa-658d-8a00-000000000b00}

ProcessId: 5868

Image: C:\Windows\system32\svchost.exe

TargetFilename: C:\Windows\SoftwareDistribution\Download\7bd97cc524ebd8114e77ca1991fbf2f3\Metadata\dpx.dll

CreationUtcTime: 2023-12-02 04:13:54.000

User: NT AUTHORITY\SYSTEM",Info,,,,,,,{fda94052-34fa-658d-8a00-000000000b00},7044,5868,,,,,"
      ",DLL,2023-12-28T00:11:39.9278070Z,C:\Windows\SoftwareDistribution\Download\7bd97cc524ebd8114e77ca1991fbf2f3\Metadata\dpx.dll,File created (rule: FileCreate),,6672,NT AUTHORITY\SYSTEM,S-1-5-18,2023-12-28 00:11:39.915,2,"<Event xmlns=""http://schemas.microsoft.com/win/2004/08/events/event"">
    <System>
      <Provider Name=""Microsoft-Windows-Sysmon"" Guid=""{5770385f-c22a-43e0-bf4c-06f5698ffbd9}""/>
      <EventID>11</EventID>
      <Version>2</Version>
      <Level>4</Level>
      <Task>11</Task>
      <Opcode>0</Opcode>
      <Keywords>0x8000000000000000</Keywords>
      <TimeCreated SystemTime=""2023-12-28T00:11:39.9278070Z""/>
      <EventRecordID>9477</EventRecordID>
      <Correlation/>
      <Execution ProcessID=""7044"" ThreadID=""6672""/>
      <Channel>Microsoft-Windows-Sysmon/Operational</Channel>
      <Computer>WinDev2309Eval</Computer>
      <Security UserID=""S-1-5-18""/>
    </System>
    <EventData>
      <Data Name=""RuleName"">DLL</Data>
      <Data Name=""UtcTime"">2023-12-28 00:11:39.915</Data>
      <Data Name=""ProcessGuid"">{fda94052-34fa-658d-8a00-000000000b00}</Data>
      <Data Name=""ProcessId"">5868</Data>
      <Data Name=""Image"">C:\Windows\system32\svchost.exe</Data>
      <Data Name=""TargetFilename"">C:\Windows\SoftwareDistribution\Download\7bd97cc524ebd8114e77ca1991fbf2f3\Metadata\dpx.dll</Data>
      <Data Name=""CreationUtcTime"">2023-12-02 04:13:54.000</Data>
      <Data Name=""User"">NT AUTHORITY\SYSTEM</Data>
    </EventData>
    <RenderingInfo Culture=""en-US"">
      <Message>File created:

RuleName: DLL

UtcTime: 2023-12-28 00:11:39.915

ProcessGuid: {fda94052-34fa-658d-8a00-000000000b00}

ProcessId: 5868

Image: C:\Windows\system32\svchost.exe

TargetFilename: C:\Windows\SoftwareDistribution\Download\7bd97cc524ebd8114e77ca1991fbf2f3\Metadata\dpx.dll

CreationUtcTime: 2023-12-02 04:13:54.000

User: NT AUTHORITY\SYSTEM</Message>
      <Level>Information</Level>
      <Task>File created (rule: FileCreate)</Task>
      <Opcode>Info</Opcode>
    </RenderingInfo>
  </Event>
  
"
Microsoft-Windows-Sysmon/Operational,,,WinDev2309Eval,2023-12-02 04:13:52.000,,,11,9476,,,C:\Windows\system32\svchost.exe,,0x8000000000000000,Information,,,"File created:

RuleName: DLL

UtcTime: 2023-12-28 00:11:39.899

ProcessGuid: {fda94052-34fa-658d-8a00-000000000b00}

ProcessId: 5868

Image: C:\Windows\system32\svchost.exe

TargetFilename: C:\Windows\SoftwareDistribution\Download\7bd97cc524ebd8114e77ca1991fbf2f3\Metadata\UpdateAgent.dll

CreationUtcTime: 2023-12-02 04:13:52.000

User: NT AUTHORITY\SYSTEM",Info,,,,,,,{fda94052-34fa-658d-8a00-000000000b00},7044,5868,,,,,"
      ",DLL,2023-12-28T00:11:39.9007393Z,C:\Windows\SoftwareDistribution\Download\7bd97cc524ebd8114e77ca1991fbf2f3\Metadata\UpdateAgent.dll,File created (rule: FileCreate),,6672,NT AUTHORITY\SYSTEM,S-1-5-18,2023-12-28 00:11:39.899,2,"<Event xmlns=""http://schemas.microsoft.com/win/2004/08/events/event"">
    <System>
      <Provider Name=""Microsoft-Windows-Sysmon"" Guid=""{5770385f-c22a-43e0-bf4c-06f5698ffbd9}""/>
      <EventID>11</EventID>
      <Version>2</Version>
      <Level>4</Level>
      <Task>11</Task>
      <Opcode>0</Opcode>
      <Keywords>0x8000000000000000</Keywords>
      <TimeCreated SystemTime=""2023-12-28T00:11:39.9007393Z""/>
      <EventRecordID>9476</EventRecordID>
      <Correlation/>
      <Execution ProcessID=""7044"" ThreadID=""6672""/>
      <Channel>Microsoft-Windows-Sysmon/Operational</Channel>
      <Computer>WinDev2309Eval</Computer>
      <Security UserID=""S-1-5-18""/>
    </System>
    <EventData>
      <Data Name=""RuleName"">DLL</Data>
      <Data Name=""UtcTime"">2023-12-28 00:11:39.899</Data>
      <Data Name=""ProcessGuid"">{fda94052-34fa-658d-8a00-000000000b00}</Data>
      <Data Name=""ProcessId"">5868</Data>
      <Data Name=""Image"">C:\Windows\system32\svchost.exe</Data>
      <Data Name=""TargetFilename"">C:\Windows\SoftwareDistribution\Download\7bd97cc524ebd8114e77ca1991fbf2f3\Metadata\UpdateAgent.dll</Data>
      <Data Name=""CreationUtcTime"">2023-12-02 04:13:52.000</Data>
      <Data Name=""User"">NT AUTHORITY\SYSTEM</Data>
    </EventData>
    <RenderingInfo Culture=""en-US"">
      <Message>File created:

RuleName: DLL

UtcTime: 2023-12-28 00:11:39.899

ProcessGuid: {fda94052-34fa-658d-8a00-000000000b00}

ProcessId: 5868

Image: C:\Windows\system32\svchost.exe

TargetFilename: C:\Windows\SoftwareDistribution\Download\7bd97cc524ebd8114e77ca1991fbf2f3\Metadata\UpdateAgent.dll

CreationUtcTime: 2023-12-02 04:13:52.000

User: NT AUTHORITY\SYSTEM</Message>
      <Level>Information</Level>
      <Task>File created (rule: FileCreate)</Task>
      <Opcode>Info</Opcode>
    </RenderingInfo>
  </Event>
  
"
Microsoft-Windows-Sysmon/Operational,,,WinDev2309Eval,2023-12-28 00:11:39.627,,,11,9475,,,C:\Windows\system32\svchost.exe,,0x8000000000000000,Information,,,"File created:

RuleName: DLL

UtcTime: 2023-12-28 00:11:39.627

ProcessGuid: {fda94052-34fa-658d-8a00-000000000b00}

ProcessId: 5868

Image: C:\Windows\system32\svchost.exe

TargetFilename: C:\Windows\SystemTemp\{F3BBD157-C912-4311-8D5E-88625F1E109D}\ssshim.dll

CreationUtcTime: 2023-12-28 00:11:39.627

User: NT AUTHORITY\SYSTEM",Info,,,,,,,{fda94052-34fa-658d-8a00-000000000b00},7044,5868,,,,,"
      ",DLL,2023-12-28T00:11:39.6317589Z,C:\Windows\SystemTemp\{F3BBD157-C912-4311-8D5E-88625F1E109D}\ssshim.dll,File created (rule: FileCreate),,6672,NT AUTHORITY\SYSTEM,S-1-5-18,2023-12-28 00:11:39.627,2,"<Event xmlns=""http://schemas.microsoft.com/win/2004/08/events/event"">
    <System>
      <Provider Name=""Microsoft-Windows-Sysmon"" Guid=""{5770385f-c22a-43e0-bf4c-06f5698ffbd9}""/>
      <EventID>11</EventID>
      <Version>2</Version>
      <Level>4</Level>
      <Task>11</Task>
      <Opcode>0</Opcode>
      <Keywords>0x8000000000000000</Keywords>
      <TimeCreated SystemTime=""2023-12-28T00:11:39.6317589Z""/>
      <EventRecordID>9475</EventRecordID>
      <Correlation/>
      <Execution ProcessID=""7044"" ThreadID=""6672""/>
      <Channel>Microsoft-Windows-Sysmon/Operational</Channel>
      <Computer>WinDev2309Eval</Computer>
      <Security UserID=""S-1-5-18""/>
    </System>
    <EventData>
      <Data Name=""RuleName"">DLL</Data>
      <Data Name=""UtcTime"">2023-12-28 00:11:39.627</Data>
      <Data Name=""ProcessGuid"">{fda94052-34fa-658d-8a00-000000000b00}</Data>
      <Data Name=""ProcessId"">5868</Data>
      <Data Name=""Image"">C:\Windows\system32\svchost.exe</Data>
      <Data Name=""TargetFilename"">C:\Windows\SystemTemp\{F3BBD157-C912-4311-8D5E-88625F1E109D}\ssshim.dll</Data>
      <Data Name=""CreationUtcTime"">2023-12-28 00:11:39.627</Data>
      <Data Name=""User"">NT AUTHORITY\SYSTEM</Data>
    </EventData>
    <RenderingInfo Culture=""en-US"">
      <Message>File created:

RuleName: DLL

UtcTime: 2023-12-28 00:11:39.627

ProcessGuid: {fda94052-34fa-658d-8a00-000000000b00}

ProcessId: 5868

Image: C:\Windows\system32\svchost.exe

TargetFilename: C:\Windows\SystemTemp\{F3BBD157-C912-4311-8D5E-88625F1E109D}\ssshim.dll

CreationUtcTime: 2023-12-28 00:11:39.627

User: NT AUTHORITY\SYSTEM</Message>
      <Level>Information</Level>
      <Task>File created (rule: FileCreate)</Task>
      <Opcode>Info</Opcode>
    </RenderingInfo>
  </Event>
  
"
Microsoft-Windows-Sysmon/Operational,,,WinDev2309Eval,2023-12-28 00:11:39.452,,,11,9474,,,C:\Windows\uus\packages\preview\AMD64\MoUsoCoreWorker.exe,,0x8000000000000000,Information,,,"File created:

RuleName: DLL

UtcTime: 2023-12-28 00:11:39.452

ProcessGuid: {fda94052-34fa-658d-8900-000000000b00}

ProcessId: 5812

Image: C:\Windows\uus\packages\preview\AMD64\MoUsoCoreWorker.exe

TargetFilename: C:\Windows\SystemTemp\{EE37A64C-B33A-4349-ACD9-7F9B88699E5C}\ssshim.dll

CreationUtcTime: 2023-12-28 00:11:39.452

User: NT AUTHORITY\SYSTEM",Info,,,,,,,{fda94052-34fa-658d-8900-000000000b00},7044,5812,,,,,"
      ",DLL,2023-12-28T00:11:39.4567114Z,C:\Windows\SystemTemp\{EE37A64C-B33A-4349-ACD9-7F9B88699E5C}\ssshim.dll,File created (rule: FileCreate),,6672,NT AUTHORITY\SYSTEM,S-1-5-18,2023-12-28 00:11:39.452,2,"<Event xmlns=""http://schemas.microsoft.com/win/2004/08/events/event"">
    <System>
      <Provider Name=""Microsoft-Windows-Sysmon"" Guid=""{5770385f-c22a-43e0-bf4c-06f5698ffbd9}""/>
      <EventID>11</EventID>
      <Version>2</Version>
      <Level>4</Level>
      <Task>11</Task>
      <Opcode>0</Opcode>
      <Keywords>0x8000000000000000</Keywords>
      <TimeCreated SystemTime=""2023-12-28T00:11:39.4567114Z""/>
      <EventRecordID>9474</EventRecordID>
      <Correlation/>
      <Execution ProcessID=""7044"" ThreadID=""6672""/>
      <Channel>Microsoft-Windows-Sysmon/Operational</Channel>
      <Computer>WinDev2309Eval</Computer>
      <Security UserID=""S-1-5-18""/>
    </System>
    <EventData>
      <Data Name=""RuleName"">DLL</Data>
      <Data Name=""UtcTime"">2023-12-28 00:11:39.452</Data>
      <Data Name=""ProcessGuid"">{fda94052-34fa-658d-8900-000000000b00}</Data>
      <Data Name=""ProcessId"">5812</Data>
      <Data Name=""Image"">C:\Windows\uus\packages\preview\AMD64\MoUsoCoreWorker.exe</Data>
      <Data Name=""TargetFilename"">C:\Windows\SystemTemp\{EE37A64C-B33A-4349-ACD9-7F9B88699E5C}\ssshim.dll</Data>
      <Data Name=""CreationUtcTime"">2023-12-28 00:11:39.452</Data>
      <Data Name=""User"">NT AUTHORITY\SYSTEM</Data>
    </EventData>
    <RenderingInfo Culture=""en-US"">
      <Message>File created:

RuleName: DLL

UtcTime: 2023-12-28 00:11:39.452

ProcessGuid: {fda94052-34fa-658d-8900-000000000b00}

ProcessId: 5812

Image: C:\Windows\uus\packages\preview\AMD64\MoUsoCoreWorker.exe

TargetFilename: C:\Windows\SystemTemp\{EE37A64C-B33A-4349-ACD9-7F9B88699E5C}\ssshim.dll

CreationUtcTime: 2023-12-28 00:11:39.452

User: NT AUTHORITY\SYSTEM</Message>
      <Level>Information</Level>
      <Task>File created (rule: FileCreate)</Task>
      <Opcode>Info</Opcode>
    </RenderingInfo>
  </Event>
  
"
Microsoft-Windows-Sysmon/Operational,,,WinDev2309Eval,2023-12-28 00:11:38.064,,,11,9473,,,C:\Windows\system32\svchost.exe,,0x8000000000000000,Information,,,"File created:

RuleName: DLL

UtcTime: 2023-12-28 00:11:38.064

ProcessGuid: {fda94052-34fa-658d-8a00-000000000b00}

ProcessId: 5868

Image: C:\Windows\system32\svchost.exe

TargetFilename: C:\Windows\SystemTemp\{3F385BE8-B88F-412E-A920-E10E519DB8F1}\ssshim.dll

CreationUtcTime: 2023-12-28 00:11:38.064

User: NT AUTHORITY\SYSTEM",Info,,,,,,,{fda94052-34fa-658d-8a00-000000000b00},7044,5868,,,,,"
      ",DLL,2023-12-28T00:11:38.0749179Z,C:\Windows\SystemTemp\{3F385BE8-B88F-412E-A920-E10E519DB8F1}\ssshim.dll,File created (rule: FileCreate),,6672,NT AUTHORITY\SYSTEM,S-1-5-18,2023-12-28 00:11:38.064,2,"<Event xmlns=""http://schemas.microsoft.com/win/2004/08/events/event"">
    <System>
      <Provider Name=""Microsoft-Windows-Sysmon"" Guid=""{5770385f-c22a-43e0-bf4c-06f5698ffbd9}""/>
      <EventID>11</EventID>
      <Version>2</Version>
      <Level>4</Level>
      <Task>11</Task>
      <Opcode>0</Opcode>
      <Keywords>0x8000000000000000</Keywords>
      <TimeCreated SystemTime=""2023-12-28T00:11:38.0749179Z""/>
      <EventRecordID>9473</EventRecordID>
      <Correlation/>
      <Execution ProcessID=""7044"" ThreadID=""6672""/>
      <Channel>Microsoft-Windows-Sysmon/Operational</Channel>
      <Computer>WinDev2309Eval</Computer>
      <Security UserID=""S-1-5-18""/>
    </System>
    <EventData>
      <Data Name=""RuleName"">DLL</Data>
      <Data Name=""UtcTime"">2023-12-28 00:11:38.064</Data>
      <Data Name=""ProcessGuid"">{fda94052-34fa-658d-8a00-000000000b00}</Data>
      <Data Name=""ProcessId"">5868</Data>
      <Data Name=""Image"">C:\Windows\system32\svchost.exe</Data>
      <Data Name=""TargetFilename"">C:\Windows\SystemTemp\{3F385BE8-B88F-412E-A920-E10E519DB8F1}\ssshim.dll</Data>
      <Data Name=""CreationUtcTime"">2023-12-28 00:11:38.064</Data>
      <Data Name=""User"">NT AUTHORITY\SYSTEM</Data>
    </EventData>
    <RenderingInfo Culture=""en-US"">
      <Message>File created:

RuleName: DLL

UtcTime: 2023-12-28 00:11:38.064

ProcessGuid: {fda94052-34fa-658d-8a00-000000000b00}

ProcessId: 5868

Image: C:\Windows\system32\svchost.exe

TargetFilename: C:\Windows\SystemTemp\{3F385BE8-B88F-412E-A920-E10E519DB8F1}\ssshim.dll

CreationUtcTime: 2023-12-28 00:11:38.064

User: NT AUTHORITY\SYSTEM</Message>
      <Level>Information</Level>
      <Task>File created (rule: FileCreate)</Task>
      <Opcode>Info</Opcode>
    </RenderingInfo>
  </Event>
  
"
Microsoft-Windows-Sysmon/Operational,,,WinDev2309Eval,,,,22,9472,,,C:\Windows\system32\svchost.exe,,0x8000000000000000,Information,,,"Dns query:

RuleName: -

UtcTime: 2023-12-27 23:54:35.102

ProcessGuid: {fda94052-34f2-658d-3f00-000000000b00}

ProcessId: 2948

QueryName: wpad

QueryStatus: 1460

QueryResults: -

Image: C:\Windows\system32\svchost.exe

User: NT AUTHORITY\LOCAL SERVICE",Info,,,,,,,{fda94052-34f2-658d-3f00-000000000b00},7044,2948,,wpad,-,1460,"
      ",-,2023-12-28T00:11:36.9330769Z,,Dns query (rule: DnsQuery),,1124,NT AUTHORITY\LOCAL SERVICE,S-1-5-18,2023-12-27 23:54:35.102,5,"<Event xmlns=""http://schemas.microsoft.com/win/2004/08/events/event"">
    <System>
      <Provider Name=""Microsoft-Windows-Sysmon"" Guid=""{5770385f-c22a-43e0-bf4c-06f5698ffbd9}""/>
      <EventID>22</EventID>
      <Version>5</Version>
      <Level>4</Level>
      <Task>22</Task>
      <Opcode>0</Opcode>
      <Keywords>0x8000000000000000</Keywords>
      <TimeCreated SystemTime=""2023-12-28T00:11:36.9330769Z""/>
      <EventRecordID>9472</EventRecordID>
      <Correlation/>
      <Execution ProcessID=""7044"" ThreadID=""1124""/>
      <Channel>Microsoft-Windows-Sysmon/Operational</Channel>
      <Computer>WinDev2309Eval</Computer>
      <Security UserID=""S-1-5-18""/>
    </System>
    <EventData>
      <Data Name=""RuleName"">-</Data>
      <Data Name=""UtcTime"">2023-12-27 23:54:35.102</Data>
      <Data Name=""ProcessGuid"">{fda94052-34f2-658d-3f00-000000000b00}</Data>
      <Data Name=""ProcessId"">2948</Data>
      <Data Name=""QueryName"">wpad</Data>
      <Data Name=""QueryStatus"">1460</Data>
      <Data Name=""QueryResults"">-</Data>
      <Data Name=""Image"">C:\Windows\system32\svchost.exe</Data>
      <Data Name=""User"">NT AUTHORITY\LOCAL SERVICE</Data>
    </EventData>
    <RenderingInfo Culture=""en-US"">
      <Message>Dns query:

RuleName: -

UtcTime: 2023-12-27 23:54:35.102

ProcessGuid: {fda94052-34f2-658d-3f00-000000000b00}

ProcessId: 2948

QueryName: wpad

QueryStatus: 1460

QueryResults: -

Image: C:\Windows\system32\svchost.exe

User: NT AUTHORITY\LOCAL SERVICE</Message>
      <Level>Information</Level>
      <Task>Dns query (rule: DnsQuery)</Task>
      <Opcode>Info</Opcode>
    </RenderingInfo>
  </Event>
  
"
Microsoft-Windows-Sysmon/Operational,,,WinDev2309Eval,,,,22,9471,,,C:\Windows\system32\svchost.exe,,0x8000000000000000,Information,,,"Dns query:

RuleName: -

UtcTime: 2023-12-27 23:54:35.101

ProcessGuid: {fda94052-34f2-658d-3f00-000000000b00}

ProcessId: 2948

QueryName: wpad

QueryStatus: 1460

QueryResults: -

Image: C:\Windows\system32\svchost.exe

User: NT AUTHORITY\LOCAL SERVICE",Info,,,,,,,{fda94052-34f2-658d-3f00-000000000b00},7044,2948,,wpad,-,1460,"
      ",-,2023-12-28T00:11:36.9326094Z,,Dns query (rule: DnsQuery),,1124,NT AUTHORITY\LOCAL SERVICE,S-1-5-18,2023-12-27 23:54:35.101,5,"<Event xmlns=""http://schemas.microsoft.com/win/2004/08/events/event"">
    <System>
      <Provider Name=""Microsoft-Windows-Sysmon"" Guid=""{5770385f-c22a-43e0-bf4c-06f5698ffbd9}""/>
      <EventID>22</EventID>
      <Version>5</Version>
      <Level>4</Level>
      <Task>22</Task>
      <Opcode>0</Opcode>
      <Keywords>0x8000000000000000</Keywords>
      <TimeCreated SystemTime=""2023-12-28T00:11:36.9326094Z""/>
      <EventRecordID>9471</EventRecordID>
      <Correlation/>
      <Execution ProcessID=""7044"" ThreadID=""1124""/>
      <Channel>Microsoft-Windows-Sysmon/Operational</Channel>
      <Computer>WinDev2309Eval</Computer>
      <Security UserID=""S-1-5-18""/>
    </System>
    <EventData>
      <Data Name=""RuleName"">-</Data>
      <Data Name=""UtcTime"">2023-12-27 23:54:35.101</Data>
      <Data Name=""ProcessGuid"">{fda94052-34f2-658d-3f00-000000000b00}</Data>
      <Data Name=""ProcessId"">2948</Data>
      <Data Name=""QueryName"">wpad</Data>
      <Data Name=""QueryStatus"">1460</Data>
      <Data Name=""QueryResults"">-</Data>
      <Data Name=""Image"">C:\Windows\system32\svchost.exe</Data>
      <Data Name=""User"">NT AUTHORITY\LOCAL SERVICE</Data>
    </EventData>
    <RenderingInfo Culture=""en-US"">
      <Message>Dns query:

RuleName: -

UtcTime: 2023-12-27 23:54:35.101

ProcessGuid: {fda94052-34f2-658d-3f00-000000000b00}

ProcessId: 2948

QueryName: wpad

QueryStatus: 1460

QueryResults: -

Image: C:\Windows\system32\svchost.exe

User: NT AUTHORITY\LOCAL SERVICE</Message>
      <Level>Information</Level>
      <Task>Dns query (rule: DnsQuery)</Task>
      <Opcode>Info</Opcode>
    </RenderingInfo>
  </Event>
  
"
Microsoft-Windows-Sysmon/Operational,,,WinDev2309Eval,,,,22,9470,,,C:\Windows\system32\svchost.exe,,0x8000000000000000,Information,,,"Dns query:

RuleName: -

UtcTime: 2023-12-27 23:54:34.089

ProcessGuid: {fda94052-34f2-658d-3f00-000000000b00}

ProcessId: 2948

QueryName: wpad

QueryStatus: 1460

QueryResults: -

Image: C:\Windows\system32\svchost.exe

User: NT AUTHORITY\LOCAL SERVICE",Info,,,,,,,{fda94052-34f2-658d-3f00-000000000b00},7044,2948,,wpad,-,1460,"
      ",-,2023-12-28T00:11:35.9314771Z,,Dns query (rule: DnsQuery),,1124,NT AUTHORITY\LOCAL SERVICE,S-1-5-18,2023-12-27 23:54:34.089,5,"<Event xmlns=""http://schemas.microsoft.com/win/2004/08/events/event"">
    <System>
      <Provider Name=""Microsoft-Windows-Sysmon"" Guid=""{5770385f-c22a-43e0-bf4c-06f5698ffbd9}""/>
      <EventID>22</EventID>
      <Version>5</Version>
      <Level>4</Level>
      <Task>22</Task>
      <Opcode>0</Opcode>
      <Keywords>0x8000000000000000</Keywords>
      <TimeCreated SystemTime=""2023-12-28T00:11:35.9314771Z""/>
      <EventRecordID>9470</EventRecordID>
      <Correlation/>
      <Execution ProcessID=""7044"" ThreadID=""1124""/>
      <Channel>Microsoft-Windows-Sysmon/Operational</Channel>
      <Computer>WinDev2309Eval</Computer>
      <Security UserID=""S-1-5-18""/>
    </System>
    <EventData>
      <Data Name=""RuleName"">-</Data>
      <Data Name=""UtcTime"">2023-12-27 23:54:34.089</Data>
      <Data Name=""ProcessGuid"">{fda94052-34f2-658d-3f00-000000000b00}</Data>
      <Data Name=""ProcessId"">2948</Data>
      <Data Name=""QueryName"">wpad</Data>
      <Data Name=""QueryStatus"">1460</Data>
      <Data Name=""QueryResults"">-</Data>
      <Data Name=""Image"">C:\Windows\system32\svchost.exe</Data>
      <Data Name=""User"">NT AUTHORITY\LOCAL SERVICE</Data>
    </EventData>
    <RenderingInfo Culture=""en-US"">
      <Message>Dns query:

RuleName: -

UtcTime: 2023-12-27 23:54:34.089

ProcessGuid: {fda94052-34f2-658d-3f00-000000000b00}

ProcessId: 2948

QueryName: wpad

QueryStatus: 1460

QueryResults: -

Image: C:\Windows\system32\svchost.exe

User: NT AUTHORITY\LOCAL SERVICE</Message>
      <Level>Information</Level>
      <Task>Dns query (rule: DnsQuery)</Task>
      <Opcode>Info</Opcode>
    </RenderingInfo>
  </Event>
  
"
Microsoft-Windows-Sysmon/Operational,"""C:\Program Files (x86)\Microsoft\EdgeWebView\Application\120.0.2210.91\msedgewebview2.exe"" --type=utility --utility-sub-type=unzip.mojom.Unzipper --lang=en-US --service-sandbox-type=service --noerrdialogs --user-data-dir=""C:\Users\User\AppData\Local\Packages\MicrosoftWindows.Client.WebExperience_cw5n1h2txyewy\LocalState\EBWebView"" --webview-exe-name=Widgets.exe --webview-exe-version=421.20070.1820.0 --embedded-browser-webview=1 --mojo-platform-channel-handle=5308 --field-trial-handle=1784,i,2295490780030403019,2821906385101450000,262144 --enable-features=MojoIpcz,UseBackgroundNativeThreadPool,UseNativeThreadPool,msWebView2TreatAppSuspendAsDeviceSuspend --variations-seed-version /prefetch:8 /pfhostedapp:017373b2a5c4ead1a08d36a47bf86195c1909a61",Microsoft Corporation,WinDev2309Eval,,C:\Program Files (x86)\Microsoft\EdgeWebView\Application\120.0.2210.91\,Microsoft Edge WebView2,1,9469,120.0.2210.91,"MD5=8094151812FF45079C840986A0489C78,SHA256=6A4E8A5761C51840CE988C9241B514028A5E45FDB386B072DB0447E3961E3A06,IMPHASH=EA4CA1F8E3B3D9373D39C13FD1348A63",C:\Program Files (x86)\Microsoft\EdgeWebView\Application\120.0.2210.91\msedgewebview2.exe,Low,0x8000000000000000,Information,{fda94052-3502-658d-b367-080000000000},0x867b3,"Process Create:

RuleName: -

UtcTime: 2023-12-28 00:11:34.129

ProcessGuid: {fda94052-bd36-658c-6c02-000000000b00}

ProcessId: 11056

Image: C:\Program Files (x86)\Microsoft\EdgeWebView\Application\120.0.2210.91\msedgewebview2.exe

FileVersion: 120.0.2210.91

Description: Microsoft Edge WebView2

Product: Microsoft Edge WebView2

Company: Microsoft Corporation

OriginalFileName: msedgewebview2.exe

CommandLine: ""C:\Program Files (x86)\Microsoft\EdgeWebView\Application\120.0.2210.91\msedgewebview2.exe"" --type=utility --utility-sub-type=unzip.mojom.Unzipper --lang=en-US --service-sandbox-type=service --noerrdialogs --user-data-dir=""C:\Users\User\AppData\Local\Packages\MicrosoftWindows.Client.WebExperience_cw5n1h2txyewy\LocalState\EBWebView"" --webview-exe-name=Widgets.exe --webview-exe-version=421.20070.1820.0 --embedded-browser-webview=1 --mojo-platform-channel-handle=5308 --field-trial-handle=1784,i,2295490780030403019,2821906385101450000,262144 --enable-features=MojoIpcz,UseBackgroundNativeThreadPool,UseNativeThreadPool,msWebView2TreatAppSuspendAsDeviceSuspend --variations-seed-version /prefetch:8 /pfhostedapp:017373b2a5c4ead1a08d36a47bf86195c1909a61

CurrentDirectory: C:\Program Files (x86)\Microsoft\EdgeWebView\Application\120.0.2210.91\

User: WINDEV2309EVAL\User

LogonGuid: {fda94052-3502-658d-b367-080000000000}

LogonId: 0x867B3

TerminalSessionId: 1

IntegrityLevel: Low

Hashes: MD5=8094151812FF45079C840986A0489C78,SHA256=6A4E8A5761C51840CE988C9241B514028A5E45FDB386B072DB0447E3961E3A06,IMPHASH=EA4CA1F8E3B3D9373D39C13FD1348A63

ParentProcessGuid: {fda94052-b85d-658c-1702-000000000b00}

ParentProcessId: 4184

ParentImage: C:\Program Files (x86)\Microsoft\EdgeWebView\Application\120.0.2210.91\msedgewebview2.exe

ParentCommandLine: ""C:\Program Files (x86)\Microsoft\EdgeWebView\Application\120.0.2210.91\msedgewebview2.exe"" --embedded-browser-webview=1 --webview-exe-name=Widgets.exe --webview-exe-version=421.20070.1820.0 --user-data-dir=""C:\Users\User\AppData\Local\Packages\MicrosoftWindows.Client.WebExperience_cw5n1h2txyewy\LocalState\EBWebView"" --noerrdialogs --disk-cache-size=52428800 --edge-webview-is-background --enable-features=MojoIpcz,msWebView2TreatAppSuspendAsDeviceSuspend,UseNativeThreadPool,UseBackgroundNativeThreadPool --lang=en-US --accept-lang=en-US --mojo-named-platform-channel-pipe=8112.2288.17893317180732402091 /pfhostedapp:017373b2a5c4ead1a08d36a47bf86195c1909a61

ParentUser: WINDEV2309EVAL\User",Info,msedgewebview2.exe,"""C:\Program Files (x86)\Microsoft\EdgeWebView\Application\120.0.2210.91\msedgewebview2.exe"" --embedded-browser-webview=1 --webview-exe-name=Widgets.exe --webview-exe-version=421.20070.1820.0 --user-data-dir=""C:\Users\User\AppData\Local\Packages\MicrosoftWindows.Client.WebExperience_cw5n1h2txyewy\LocalState\EBWebView"" --noerrdialogs --disk-cache-size=52428800 --edge-webview-is-background --enable-features=MojoIpcz,msWebView2TreatAppSuspendAsDeviceSuspend,UseNativeThreadPool,UseBackgroundNativeThreadPool --lang=en-US --accept-lang=en-US --mojo-named-platform-channel-pipe=8112.2288.17893317180732402091 /pfhostedapp:017373b2a5c4ead1a08d36a47bf86195c1909a61",C:\Program Files (x86)\Microsoft\EdgeWebView\Application\120.0.2210.91\msedgewebview2.exe,{fda94052-b85d-658c-1702-000000000b00},4184,WINDEV2309EVAL\User,{fda94052-bd36-658c-6c02-000000000b00},7044,11056,Microsoft Edge WebView2,,,,"
      ",-,2023-12-28T00:11:34.1312976Z,,Process Create (rule: ProcessCreate),1,6672,WINDEV2309EVAL\User,S-1-5-18,2023-12-28 00:11:34.129,5,"<Event xmlns=""http://schemas.microsoft.com/win/2004/08/events/event"">
    <System>
      <Provider Name=""Microsoft-Windows-Sysmon"" Guid=""{5770385f-c22a-43e0-bf4c-06f5698ffbd9}""/>
      <EventID>1</EventID>
      <Version>5</Version>
      <Level>4</Level>
      <Task>1</Task>
      <Opcode>0</Opcode>
      <Keywords>0x8000000000000000</Keywords>
      <TimeCreated SystemTime=""2023-12-28T00:11:34.1312976Z""/>
      <EventRecordID>9469</EventRecordID>
      <Correlation/>
      <Execution ProcessID=""7044"" ThreadID=""6672""/>
      <Channel>Microsoft-Windows-Sysmon/Operational</Channel>
      <Computer>WinDev2309Eval</Computer>
      <Security UserID=""S-1-5-18""/>
    </System>
    <EventData>
      <Data Name=""RuleName"">-</Data>
      <Data Name=""UtcTime"">2023-12-28 00:11:34.129</Data>
      <Data Name=""ProcessGuid"">{fda94052-bd36-658c-6c02-000000000b00}</Data>
      <Data Name=""ProcessId"">11056</Data>
      <Data Name=""Image"">C:\Program Files (x86)\Microsoft\EdgeWebView\Application\120.0.2210.91\msedgewebview2.exe</Data>
      <Data Name=""FileVersion"">120.0.2210.91</Data>
      <Data Name=""Description"">Microsoft Edge WebView2</Data>
      <Data Name=""Product"">Microsoft Edge WebView2</Data>
      <Data Name=""Company"">Microsoft Corporation</Data>
      <Data Name=""OriginalFileName"">msedgewebview2.exe</Data>
      <Data Name=""CommandLine"">""C:\Program Files (x86)\Microsoft\EdgeWebView\Application\120.0.2210.91\msedgewebview2.exe"" --type=utility --utility-sub-type=unzip.mojom.Unzipper --lang=en-US --service-sandbox-type=service --noerrdialogs --user-data-dir=""C:\Users\User\AppData\Local\Packages\MicrosoftWindows.Client.WebExperience_cw5n1h2txyewy\LocalState\EBWebView"" --webview-exe-name=Widgets.exe --webview-exe-version=421.20070.1820.0 --embedded-browser-webview=1 --mojo-platform-channel-handle=5308 --field-trial-handle=1784,i,2295490780030403019,2821906385101450000,262144 --enable-features=MojoIpcz,UseBackgroundNativeThreadPool,UseNativeThreadPool,msWebView2TreatAppSuspendAsDeviceSuspend --variations-seed-version /prefetch:8 /pfhostedapp:017373b2a5c4ead1a08d36a47bf86195c1909a61</Data>
      <Data Name=""CurrentDirectory"">C:\Program Files (x86)\Microsoft\EdgeWebView\Application\120.0.2210.91\</Data>
      <Data Name=""User"">WINDEV2309EVAL\User</Data>
      <Data Name=""LogonGuid"">{fda94052-3502-658d-b367-080000000000}</Data>
      <Data Name=""LogonId"">0x867b3</Data>
      <Data Name=""TerminalSessionId"">1</Data>
      <Data Name=""IntegrityLevel"">Low</Data>
      <Data Name=""Hashes"">MD5=8094151812FF45079C840986A0489C78,SHA256=6A4E8A5761C51840CE988C9241B514028A5E45FDB386B072DB0447E3961E3A06,IMPHASH=EA4CA1F8E3B3D9373D39C13FD1348A63</Data>
      <Data Name=""ParentProcessGuid"">{fda94052-b85d-658c-1702-000000000b00}</Data>
      <Data Name=""ParentProcessId"">4184</Data>
      <Data Name=""ParentImage"">C:\Program Files (x86)\Microsoft\EdgeWebView\Application\120.0.2210.91\msedgewebview2.exe</Data>
      <Data Name=""ParentCommandLine"">""C:\Program Files (x86)\Microsoft\EdgeWebView\Application\120.0.2210.91\msedgewebview2.exe"" --embedded-browser-webview=1 --webview-exe-name=Widgets.exe --webview-exe-version=421.20070.1820.0 --user-data-dir=""C:\Users\User\AppData\Local\Packages\MicrosoftWindows.Client.WebExperience_cw5n1h2txyewy\LocalState\EBWebView"" --noerrdialogs --disk-cache-size=52428800 --edge-webview-is-background --enable-features=MojoIpcz,msWebView2TreatAppSuspendAsDeviceSuspend,UseNativeThreadPool,UseBackgroundNativeThreadPool --lang=en-US --accept-lang=en-US --mojo-named-platform-channel-pipe=8112.2288.17893317180732402091 /pfhostedapp:017373b2a5c4ead1a08d36a47bf86195c1909a61</Data>
      <Data Name=""ParentUser"">WINDEV2309EVAL\User</Data>
    </EventData>
    <RenderingInfo Culture=""en-US"">
      <Message>Process Create:

RuleName: -

UtcTime: 2023-12-28 00:11:34.129

ProcessGuid: {fda94052-bd36-658c-6c02-000000000b00}

ProcessId: 11056

Image: C:\Program Files (x86)\Microsoft\EdgeWebView\Application\120.0.2210.91\msedgewebview2.exe

FileVersion: 120.0.2210.91

Description: Microsoft Edge WebView2

Product: Microsoft Edge WebView2

Company: Microsoft Corporation

OriginalFileName: msedgewebview2.exe

CommandLine: ""C:\Program Files (x86)\Microsoft\EdgeWebView\Application\120.0.2210.91\msedgewebview2.exe"" --type=utility --utility-sub-type=unzip.mojom.Unzipper --lang=en-US --service-sandbox-type=service --noerrdialogs --user-data-dir=""C:\Users\User\AppData\Local\Packages\MicrosoftWindows.Client.WebExperience_cw5n1h2txyewy\LocalState\EBWebView"" --webview-exe-name=Widgets.exe --webview-exe-version=421.20070.1820.0 --embedded-browser-webview=1 --mojo-platform-channel-handle=5308 --field-trial-handle=1784,i,2295490780030403019,2821906385101450000,262144 --enable-features=MojoIpcz,UseBackgroundNativeThreadPool,UseNativeThreadPool,msWebView2TreatAppSuspendAsDeviceSuspend --variations-seed-version /prefetch:8 /pfhostedapp:017373b2a5c4ead1a08d36a47bf86195c1909a61

CurrentDirectory: C:\Program Files (x86)\Microsoft\EdgeWebView\Application\120.0.2210.91\

User: WINDEV2309EVAL\User

LogonGuid: {fda94052-3502-658d-b367-080000000000}

LogonId: 0x867B3

TerminalSessionId: 1

IntegrityLevel: Low

Hashes: MD5=8094151812FF45079C840986A0489C78,SHA256=6A4E8A5761C51840CE988C9241B514028A5E45FDB386B072DB0447E3961E3A06,IMPHASH=EA4CA1F8E3B3D9373D39C13FD1348A63

ParentProcessGuid: {fda94052-b85d-658c-1702-000000000b00}

ParentProcessId: 4184

ParentImage: C:\Program Files (x86)\Microsoft\EdgeWebView\Application\120.0.2210.91\msedgewebview2.exe

ParentCommandLine: ""C:\Program Files (x86)\Microsoft\EdgeWebView\Application\120.0.2210.91\msedgewebview2.exe"" --embedded-browser-webview=1 --webview-exe-name=Widgets.exe --webview-exe-version=421.20070.1820.0 --user-data-dir=""C:\Users\User\AppData\Local\Packages\MicrosoftWindows.Client.WebExperience_cw5n1h2txyewy\LocalState\EBWebView"" --noerrdialogs --disk-cache-size=52428800 --edge-webview-is-background --enable-features=MojoIpcz,msWebView2TreatAppSuspendAsDeviceSuspend,UseNativeThreadPool,UseBackgroundNativeThreadPool --lang=en-US --accept-lang=en-US --mojo-named-platform-channel-pipe=8112.2288.17893317180732402091 /pfhostedapp:017373b2a5c4ead1a08d36a47bf86195c1909a61

ParentUser: WINDEV2309EVAL\User</Message>
      <Level>Information</Level>
      <Task>Process Create (rule: ProcessCreate)</Task>
      <Opcode>Info</Opcode>
    </RenderingInfo>
  </Event>
  
"
Microsoft-Windows-Sysmon/Operational,,,WinDev2309Eval,2023-12-02 04:35:48.000,,,11,9468,,,C:\Windows\system32\svchost.exe,,0x8000000000000000,Information,,,"File created:

RuleName: DLL

UtcTime: 2023-12-28 00:11:30.209

ProcessGuid: {fda94052-34fa-658d-8a00-000000000b00}

ProcessId: 5868

Image: C:\Windows\system32\svchost.exe

TargetFilename: C:\Windows\SoftwareDistribution\Download\7bd97cc524ebd8114e77ca1991fbf2f3\Metadata\AppxDeviceInventory.dll

CreationUtcTime: 2023-12-02 04:35:48.000

User: NT AUTHORITY\SYSTEM",Info,,,,,,,{fda94052-34fa-658d-8a00-000000000b00},7044,5868,,,,,"
      ",DLL,2023-12-28T00:11:30.2241786Z,C:\Windows\SoftwareDistribution\Download\7bd97cc524ebd8114e77ca1991fbf2f3\Metadata\AppxDeviceInventory.dll,File created (rule: FileCreate),,6672,NT AUTHORITY\SYSTEM,S-1-5-18,2023-12-28 00:11:30.209,2,"<Event xmlns=""http://schemas.microsoft.com/win/2004/08/events/event"">
    <System>
      <Provider Name=""Microsoft-Windows-Sysmon"" Guid=""{5770385f-c22a-43e0-bf4c-06f5698ffbd9}""/>
      <EventID>11</EventID>
      <Version>2</Version>
      <Level>4</Level>
      <Task>11</Task>
      <Opcode>0</Opcode>
      <Keywords>0x8000000000000000</Keywords>
      <TimeCreated SystemTime=""2023-12-28T00:11:30.2241786Z""/>
      <EventRecordID>9468</EventRecordID>
      <Correlation/>
      <Execution ProcessID=""7044"" ThreadID=""6672""/>
      <Channel>Microsoft-Windows-Sysmon/Operational</Channel>
      <Computer>WinDev2309Eval</Computer>
      <Security UserID=""S-1-5-18""/>
    </System>
    <EventData>
      <Data Name=""RuleName"">DLL</Data>
      <Data Name=""UtcTime"">2023-12-28 00:11:30.209</Data>
      <Data Name=""ProcessGuid"">{fda94052-34fa-658d-8a00-000000000b00}</Data>
      <Data Name=""ProcessId"">5868</Data>
      <Data Name=""Image"">C:\Windows\system32\svchost.exe</Data>
      <Data Name=""TargetFilename"">C:\Windows\SoftwareDistribution\Download\7bd97cc524ebd8114e77ca1991fbf2f3\Metadata\AppxDeviceInventory.dll</Data>
      <Data Name=""CreationUtcTime"">2023-12-02 04:35:48.000</Data>
      <Data Name=""User"">NT AUTHORITY\SYSTEM</Data>
    </EventData>
    <RenderingInfo Culture=""en-US"">
      <Message>File created:

RuleName: DLL

UtcTime: 2023-12-28 00:11:30.209

ProcessGuid: {fda94052-34fa-658d-8a00-000000000b00}

ProcessId: 5868

Image: C:\Windows\system32\svchost.exe

TargetFilename: C:\Windows\SoftwareDistribution\Download\7bd97cc524ebd8114e77ca1991fbf2f3\Metadata\AppxDeviceInventory.dll

CreationUtcTime: 2023-12-02 04:35:48.000

User: NT AUTHORITY\SYSTEM</Message>
      <Level>Information</Level>
      <Task>File created (rule: FileCreate)</Task>
      <Opcode>Info</Opcode>
    </RenderingInfo>
  </Event>
  
"
Microsoft-Windows-Sysmon/Operational,,,WinDev2309Eval,2023-12-02 04:13:16.000,,,11,9467,,,C:\Windows\system32\svchost.exe,,0x8000000000000000,Information,,,"File created:

RuleName: DLL

UtcTime: 2023-12-28 00:11:30.209

ProcessGuid: {fda94052-34fa-658d-8a00-000000000b00}

ProcessId: 5868

Image: C:\Windows\system32\svchost.exe

TargetFilename: C:\Windows\SoftwareDistribution\Download\7bd97cc524ebd8114e77ca1991fbf2f3\Metadata\UpdateDeploy.dll

CreationUtcTime: 2023-12-02 04:13:16.000

User: NT AUTHORITY\SYSTEM",Info,,,,,,,{fda94052-34fa-658d-8a00-000000000b00},7044,5868,,,,,"
      ",DLL,2023-12-28T00:11:30.2142125Z,C:\Windows\SoftwareDistribution\Download\7bd97cc524ebd8114e77ca1991fbf2f3\Metadata\UpdateDeploy.dll,File created (rule: FileCreate),,6672,NT AUTHORITY\SYSTEM,S-1-5-18,2023-12-28 00:11:30.209,2,"<Event xmlns=""http://schemas.microsoft.com/win/2004/08/events/event"">
    <System>
      <Provider Name=""Microsoft-Windows-Sysmon"" Guid=""{5770385f-c22a-43e0-bf4c-06f5698ffbd9}""/>
      <EventID>11</EventID>
      <Version>2</Version>
      <Level>4</Level>
      <Task>11</Task>
      <Opcode>0</Opcode>
      <Keywords>0x8000000000000000</Keywords>
      <TimeCreated SystemTime=""2023-12-28T00:11:30.2142125Z""/>
      <EventRecordID>9467</EventRecordID>
      <Correlation/>
      <Execution ProcessID=""7044"" ThreadID=""6672""/>
      <Channel>Microsoft-Windows-Sysmon/Operational</Channel>
      <Computer>WinDev2309Eval</Computer>
      <Security UserID=""S-1-5-18""/>
    </System>
    <EventData>
      <Data Name=""RuleName"">DLL</Data>
      <Data Name=""UtcTime"">2023-12-28 00:11:30.209</Data>
      <Data Name=""ProcessGuid"">{fda94052-34fa-658d-8a00-000000000b00}</Data>
      <Data Name=""ProcessId"">5868</Data>
      <Data Name=""Image"">C:\Windows\system32\svchost.exe</Data>
      <Data Name=""TargetFilename"">C:\Windows\SoftwareDistribution\Download\7bd97cc524ebd8114e77ca1991fbf2f3\Metadata\UpdateDeploy.dll</Data>
      <Data Name=""CreationUtcTime"">2023-12-02 04:13:16.000</Data>
      <Data Name=""User"">NT AUTHORITY\SYSTEM</Data>
    </EventData>
    <RenderingInfo Culture=""en-US"">
      <Message>File created:

RuleName: DLL

UtcTime: 2023-12-28 00:11:30.209

ProcessGuid: {fda94052-34fa-658d-8a00-000000000b00}

ProcessId: 5868

Image: C:\Windows\system32\svchost.exe

TargetFilename: C:\Windows\SoftwareDistribution\Download\7bd97cc524ebd8114e77ca1991fbf2f3\Metadata\UpdateDeploy.dll

CreationUtcTime: 2023-12-02 04:13:16.000

User: NT AUTHORITY\SYSTEM</Message>
      <Level>Information</Level>
      <Task>File created (rule: FileCreate)</Task>
      <Opcode>Info</Opcode>
    </RenderingInfo>
  </Event>
  
"
Microsoft-Windows-Sysmon/Operational,,,WinDev2309Eval,2023-12-02 09:56:52.000,,,11,9466,,,C:\Windows\system32\svchost.exe,,0x8000000000000000,Information,,,"File created:

RuleName: DLL

UtcTime: 2023-12-28 00:11:30.194

ProcessGuid: {fda94052-34fa-658d-8a00-000000000b00}

ProcessId: 5868

Image: C:\Windows\system32\svchost.exe

TargetFilename: C:\Windows\SoftwareDistribution\Download\7bd97cc524ebd8114e77ca1991fbf2f3\Metadata\WinREAgent.dll

CreationUtcTime: 2023-12-02 09:56:52.000

User: NT AUTHORITY\SYSTEM",Info,,,,,,,{fda94052-34fa-658d-8a00-000000000b00},7044,5868,,,,,"
      ",DLL,2023-12-28T00:11:30.2047549Z,C:\Windows\SoftwareDistribution\Download\7bd97cc524ebd8114e77ca1991fbf2f3\Metadata\WinREAgent.dll,File created (rule: FileCreate),,6672,NT AUTHORITY\SYSTEM,S-1-5-18,2023-12-28 00:11:30.194,2,"<Event xmlns=""http://schemas.microsoft.com/win/2004/08/events/event"">
    <System>
      <Provider Name=""Microsoft-Windows-Sysmon"" Guid=""{5770385f-c22a-43e0-bf4c-06f5698ffbd9}""/>
      <EventID>11</EventID>
      <Version>2</Version>
      <Level>4</Level>
      <Task>11</Task>
      <Opcode>0</Opcode>
      <Keywords>0x8000000000000000</Keywords>
      <TimeCreated SystemTime=""2023-12-28T00:11:30.2047549Z""/>
      <EventRecordID>9466</EventRecordID>
      <Correlation/>
      <Execution ProcessID=""7044"" ThreadID=""6672""/>
      <Channel>Microsoft-Windows-Sysmon/Operational</Channel>
      <Computer>WinDev2309Eval</Computer>
      <Security UserID=""S-1-5-18""/>
    </System>
    <EventData>
      <Data Name=""RuleName"">DLL</Data>
      <Data Name=""UtcTime"">2023-12-28 00:11:30.194</Data>
      <Data Name=""ProcessGuid"">{fda94052-34fa-658d-8a00-000000000b00}</Data>
      <Data Name=""ProcessId"">5868</Data>
      <Data Name=""Image"">C:\Windows\system32\svchost.exe</Data>
      <Data Name=""TargetFilename"">C:\Windows\SoftwareDistribution\Download\7bd97cc524ebd8114e77ca1991fbf2f3\Metadata\WinREAgent.dll</Data>
      <Data Name=""CreationUtcTime"">2023-12-02 09:56:52.000</Data>
      <Data Name=""User"">NT AUTHORITY\SYSTEM</Data>
    </EventData>
    <RenderingInfo Culture=""en-US"">
      <Message>File created:

RuleName: DLL

UtcTime: 2023-12-28 00:11:30.194

ProcessGuid: {fda94052-34fa-658d-8a00-000000000b00}

ProcessId: 5868

Image: C:\Windows\system32\svchost.exe

TargetFilename: C:\Windows\SoftwareDistribution\Download\7bd97cc524ebd8114e77ca1991fbf2f3\Metadata\WinREAgent.dll

CreationUtcTime: 2023-12-02 09:56:52.000

User: NT AUTHORITY\SYSTEM</Message>
      <Level>Information</Level>
      <Task>File created (rule: FileCreate)</Task>
      <Opcode>Info</Opcode>
    </RenderingInfo>
  </Event>
  
"
Microsoft-Windows-Sysmon/Operational,,,WinDev2309Eval,2023-12-02 04:14:20.000,,,11,9465,,,C:\Windows\system32\svchost.exe,,0x8000000000000000,Information,,,"File created:

RuleName: DLL

UtcTime: 2023-12-28 00:11:30.194

ProcessGuid: {fda94052-34fa-658d-8a00-000000000b00}

ProcessId: 5868

Image: C:\Windows\system32\svchost.exe

TargetFilename: C:\Windows\SoftwareDistribution\Download\7bd97cc524ebd8114e77ca1991fbf2f3\Metadata\ReserveManager.dll

CreationUtcTime: 2023-12-02 04:14:20.000

User: NT AUTHORITY\SYSTEM",Info,,,,,,,{fda94052-34fa-658d-8a00-000000000b00},7044,5868,,,,,"
      ",DLL,2023-12-28T00:11:30.1994533Z,C:\Windows\SoftwareDistribution\Download\7bd97cc524ebd8114e77ca1991fbf2f3\Metadata\ReserveManager.dll,File created (rule: FileCreate),,6672,NT AUTHORITY\SYSTEM,S-1-5-18,2023-12-28 00:11:30.194,2,"<Event xmlns=""http://schemas.microsoft.com/win/2004/08/events/event"">
    <System>
      <Provider Name=""Microsoft-Windows-Sysmon"" Guid=""{5770385f-c22a-43e0-bf4c-06f5698ffbd9}""/>
      <EventID>11</EventID>
      <Version>2</Version>
      <Level>4</Level>
      <Task>11</Task>
      <Opcode>0</Opcode>
      <Keywords>0x8000000000000000</Keywords>
      <TimeCreated SystemTime=""2023-12-28T00:11:30.1994533Z""/>
      <EventRecordID>9465</EventRecordID>
      <Correlation/>
      <Execution ProcessID=""7044"" ThreadID=""6672""/>
      <Channel>Microsoft-Windows-Sysmon/Operational</Channel>
      <Computer>WinDev2309Eval</Computer>
      <Security UserID=""S-1-5-18""/>
    </System>
    <EventData>
      <Data Name=""RuleName"">DLL</Data>
      <Data Name=""UtcTime"">2023-12-28 00:11:30.194</Data>
      <Data Name=""ProcessGuid"">{fda94052-34fa-658d-8a00-000000000b00}</Data>
      <Data Name=""ProcessId"">5868</Data>
      <Data Name=""Image"">C:\Windows\system32\svchost.exe</Data>
      <Data Name=""TargetFilename"">C:\Windows\SoftwareDistribution\Download\7bd97cc524ebd8114e77ca1991fbf2f3\Metadata\ReserveManager.dll</Data>
      <Data Name=""CreationUtcTime"">2023-12-02 04:14:20.000</Data>
      <Data Name=""User"">NT AUTHORITY\SYSTEM</Data>
    </EventData>
    <RenderingInfo Culture=""en-US"">
      <Message>File created:

RuleName: DLL

UtcTime: 2023-12-28 00:11:30.194

ProcessGuid: {fda94052-34fa-658d-8a00-000000000b00}

ProcessId: 5868

Image: C:\Windows\system32\svchost.exe

TargetFilename: C:\Windows\SoftwareDistribution\Download\7bd97cc524ebd8114e77ca1991fbf2f3\Metadata\ReserveManager.dll

CreationUtcTime: 2023-12-02 04:14:20.000

User: NT AUTHORITY\SYSTEM</Message>
      <Level>Information</Level>
      <Task>File created (rule: FileCreate)</Task>
      <Opcode>Info</Opcode>
    </RenderingInfo>
  </Event>
  
"
