Microsoft-Windows-Sysmon/Operational,,,WinDev2309Eval,,,,22,9434,,,C:\Windows\system32\svchost.exe,,0x8000000000000000,Information,,,"Dns query:

RuleName: -

UtcTime: 2023-12-27 23:54:07.614

ProcessGuid: {fda94052-34f2-658d-3f00-000000000b00}

ProcessId: 2948

QueryName: wpad

QueryStatus: 1460

QueryResults: -

Image: C:\Windows\system32\svchost.exe

User: NT AUTHORITY\LOCAL SERVICE",Info,,,,,,,{fda94052-34f2-658d-3f00-000000000b00},7044,2948,,wpad,-,1460,"
      ",-,2023-12-28T00:11:08.1327852Z,,Dns query (rule: DnsQuery),,1124,NT AUTHORITY\LOCAL SERVICE,S-1-5-18,2023-12-27 23:54:07.614,5,"<Event xmlns=""http://schemas.microsoft.com/win/2004/08/events/event"">
    <System>
      <Provider Name=""Microsoft-Windows-Sysmon"" Guid=""{5770385f-c22a-43e0-bf4c-06f5698ffbd9}""/>
      <EventID>22</EventID>
      <Version>5</Version>
      <Level>4</Level>
      <Task>22</Task>
      <Opcode>0</Opcode>
      <Keywords>0x8000000000000000</Keywords>
      <TimeCreated SystemTime=""2023-12-28T00:11:08.1327852Z""/>
      <EventRecordID>9434</EventRecordID>
      <Correlation/>
      <Execution ProcessID=""7044"" ThreadID=""1124""/>
      <Channel>Microsoft-Windows-Sysmon/Operational</Channel>
      <Computer>WinDev2309Eval</Computer>
      <Security UserID=""S-1-5-18""/>
    </System>
    <EventData>
      <Data Name=""RuleName"">-</Data>
      <Data Name=""UtcTime"">2023-12-27 23:54:07.614</Data>
      <Data Name=""ProcessGuid"">{fda94052-34f2-658d-3f00-000000000b00}</Data>
      <Data Name=""ProcessId"">2948</Data>
      <Data Name=""QueryName"">wpad</Data>
      <Data Name=""QueryStatus"">1460</Data>
      <Data Name=""QueryResults"">-</Data>
      <Data Name=""Image"">C:\Windows\system32\svchost.exe</Data>
      <Data Name=""User"">NT AUTHORITY\LOCAL SERVICE</Data>
    </EventData>
    <RenderingInfo Culture=""en-US"">
      <Message>Dns query:

RuleName: -

UtcTime: 2023-12-27 23:54:07.614

ProcessGuid: {fda94052-34f2-658d-3f00-000000000b00}

ProcessId: 2948

QueryName: wpad

QueryStatus: 1460

QueryResults: -

Image: C:\Windows\system32\svchost.exe

User: NT AUTHORITY\LOCAL SERVICE</Message>
      <Level>Information</Level>
      <Task>Dns query (rule: DnsQuery)</Task>
      <Opcode>Info</Opcode>
    </RenderingInfo>
  </Event>
  
"
Microsoft-Windows-Sysmon/Operational,,,WinDev2309Eval,,,,22,9433,,,C:\Windows\system32\svchost.exe,,0x8000000000000000,Information,,,"Dns query:

RuleName: -

UtcTime: 2023-12-27 23:54:07.582

ProcessGuid: {fda94052-34f2-658d-3f00-000000000b00}

ProcessId: 2948

QueryName: wpad

QueryStatus: 1460

QueryResults: -

Image: C:\Windows\system32\svchost.exe

User: NT AUTHORITY\LOCAL SERVICE",Info,,,,,,,{fda94052-34f2-658d-3f00-000000000b00},7044,2948,,wpad,-,1460,"
      ",-,2023-12-28T00:11:08.1319935Z,,Dns query (rule: DnsQuery),,1124,NT AUTHORITY\LOCAL SERVICE,S-1-5-18,2023-12-27 23:54:07.582,5,"<Event xmlns=""http://schemas.microsoft.com/win/2004/08/events/event"">
    <System>
      <Provider Name=""Microsoft-Windows-Sysmon"" Guid=""{5770385f-c22a-43e0-bf4c-06f5698ffbd9}""/>
      <EventID>22</EventID>
      <Version>5</Version>
      <Level>4</Level>
      <Task>22</Task>
      <Opcode>0</Opcode>
      <Keywords>0x8000000000000000</Keywords>
      <TimeCreated SystemTime=""2023-12-28T00:11:08.1319935Z""/>
      <EventRecordID>9433</EventRecordID>
      <Correlation/>
      <Execution ProcessID=""7044"" ThreadID=""1124""/>
      <Channel>Microsoft-Windows-Sysmon/Operational</Channel>
      <Computer>WinDev2309Eval</Computer>
      <Security UserID=""S-1-5-18""/>
    </System>
    <EventData>
      <Data Name=""RuleName"">-</Data>
      <Data Name=""UtcTime"">2023-12-27 23:54:07.582</Data>
      <Data Name=""ProcessGuid"">{fda94052-34f2-658d-3f00-000000000b00}</Data>
      <Data Name=""ProcessId"">2948</Data>
      <Data Name=""QueryName"">wpad</Data>
      <Data Name=""QueryStatus"">1460</Data>
      <Data Name=""QueryResults"">-</Data>
      <Data Name=""Image"">C:\Windows\system32\svchost.exe</Data>
      <Data Name=""User"">NT AUTHORITY\LOCAL SERVICE</Data>
    </EventData>
    <RenderingInfo Culture=""en-US"">
      <Message>Dns query:

RuleName: -

UtcTime: 2023-12-27 23:54:07.582

ProcessGuid: {fda94052-34f2-658d-3f00-000000000b00}

ProcessId: 2948

QueryName: wpad

QueryStatus: 1460

QueryResults: -

Image: C:\Windows\system32\svchost.exe

User: NT AUTHORITY\LOCAL SERVICE</Message>
      <Level>Information</Level>
      <Task>Dns query (rule: DnsQuery)</Task>
      <Opcode>Info</Opcode>
    </RenderingInfo>
  </Event>
  
"
Microsoft-Windows-Sysmon/Operational,"""C:\Program Files (x86)\Microsoft\EdgeWebView\Application\120.0.2210.91\msedgewebview2.exe"" --type=gpu-process --disable-gpu-sandbox --use-gl=disabled --gpu-vendor-id=5140 --gpu-device-id=140 --gpu-sub-system-id=0 --gpu-revision=0 --gpu-driver-version=10.0.22621.1194 --noerrdialogs --user-data-dir=""C:\Users\User\AppData\Local\Packages\MicrosoftWindows.Client.WebExperience_cw5n1h2txyewy\LocalState\EBWebView"" --webview-exe-name=Widgets.exe --webview-exe-version=421.20070.1820.0 --embedded-browser-webview=1 --gpu-preferences=WAAAAAAAAADoAAAMAAAAAAAAAAAAAAAAAABgAAAAAAA4AAAAAAAAAAAAAACEAAAAAAAAAAAAAAAAAAAAAAAAAAAAAAAAAAAAGAAAAAAAAAAYAAAAAAAAAAgAAAAAAAAACAAAAAAAAAAIAAAAAAAAAA== --mojo-platform-channel-handle=4464 --field-trial-handle=1784,i,2295490780030403019,2821906385101450000,262144 --enable-features=MojoIpcz,UseBackgroundNativeThreadPool,UseNativeThreadPool,msWebView2TreatAppSuspendAsDeviceSuspend --variations-seed-version /prefetch:8 /pfhostedapp:017373b2a5c4ead1a08d36a47bf86195c1909a61",Microsoft Corporation,WinDev2309Eval,,C:\Program Files (x86)\Microsoft\EdgeWebView\Application\120.0.2210.91\,Microsoft Edge WebView2,1,9432,120.0.2210.91,"MD5=8094151812FF45079C840986A0489C78,SHA256=6A4E8A5761C51840CE988C9241B514028A5E45FDB386B072DB0447E3961E3A06,IMPHASH=EA4CA1F8E3B3D9373D39C13FD1348A63",C:\Program Files (x86)\Microsoft\EdgeWebView\Application\120.0.2210.91\msedgewebview2.exe,Medium,0x8000000000000000,Information,{fda94052-3502-658d-b367-080000000000},0x867b3,"Process Create:

RuleName: -

UtcTime: 2023-12-28 00:11:07.737

ProcessGuid: {fda94052-bd1b-658c-5202-000000000b00}

ProcessId: 7284

Image: C:\Program Files (x86)\Microsoft\EdgeWebView\Application\120.0.2210.91\msedgewebview2.exe

FileVersion: 120.0.2210.91

Description: Microsoft Edge WebView2

Product: Microsoft Edge WebView2

Company: Microsoft Corporation

OriginalFileName: msedgewebview2.exe

CommandLine: ""C:\Program Files (x86)\Microsoft\EdgeWebView\Application\120.0.2210.91\msedgewebview2.exe"" --type=gpu-process --disable-gpu-sandbox --use-gl=disabled --gpu-vendor-id=5140 --gpu-device-id=140 --gpu-sub-system-id=0 --gpu-revision=0 --gpu-driver-version=10.0.22621.1194 --noerrdialogs --user-data-dir=""C:\Users\User\AppData\Local\Packages\MicrosoftWindows.Client.WebExperience_cw5n1h2txyewy\LocalState\EBWebView"" --webview-exe-name=Widgets.exe --webview-exe-version=421.20070.1820.0 --embedded-browser-webview=1 --gpu-preferences=WAAAAAAAAADoAAAMAAAAAAAAAAAAAAAAAABgAAAAAAA4AAAAAAAAAAAAAACEAAAAAAAAAAAAAAAAAAAAAAAAAAAAAAAAAAAAGAAAAAAAAAAYAAAAAAAAAAgAAAAAAAAACAAAAAAAAAAIAAAAAAAAAA== --mojo-platform-channel-handle=4464 --field-trial-handle=1784,i,2295490780030403019,2821906385101450000,262144 --enable-features=MojoIpcz,UseBackgroundNativeThreadPool,UseNativeThreadPool,msWebView2TreatAppSuspendAsDeviceSuspend --variations-seed-version /prefetch:8 /pfhostedapp:017373b2a5c4ead1a08d36a47bf86195c1909a61

CurrentDirectory: C:\Program Files (x86)\Microsoft\EdgeWebView\Application\120.0.2210.91\

User: WINDEV2309EVAL\User

LogonGuid: {fda94052-3502-658d-b367-080000000000}

LogonId: 0x867B3

TerminalSessionId: 1

IntegrityLevel: Medium

Hashes: MD5=8094151812FF45079C840986A0489C78,SHA256=6A4E8A5761C51840CE988C9241B514028A5E45FDB386B072DB0447E3961E3A06,IMPHASH=EA4CA1F8E3B3D9373D39C13FD1348A63

ParentProcessGuid: {fda94052-b85d-658c-1702-000000000b00}

ParentProcessId: 4184

ParentImage: C:\Program Files (x86)\Microsoft\EdgeWebView\Application\120.0.2210.91\msedgewebview2.exe

ParentCommandLine: ""C:\Program Files (x86)\Microsoft\EdgeWebView\Application\120.0.2210.91\msedgewebview2.exe"" --embedded-browser-webview=1 --webview-exe-name=Widgets.exe --webview-exe-version=421.20070.1820.0 --user-data-dir=""C:\Users\User\AppData\Local\Packages\MicrosoftWindows.Client.WebExperience_cw5n1h2txyewy\LocalState\EBWebView"" --noerrdialogs --disk-cache-size=52428800 --edge-webview-is-background --enable-features=MojoIpcz,msWebView2TreatAppSuspendAsDeviceSuspend,UseNativeThreadPool,UseBackgroundNativeThreadPool --lang=en-US --accept-lang=en-US --mojo-named-platform-channel-pipe=8112.2288.17893317180732402091 /pfhostedapp:017373b2a5c4ead1a08d36a47bf86195c1909a61

ParentUser: WINDEV2309EVAL\User",Info,msedgewebview2.exe,"""C:\Program Files (x86)\Microsoft\EdgeWebView\Application\120.0.2210.91\msedgewebview2.exe"" --embedded-browser-webview=1 --webview-exe-name=Widgets.exe --webview-exe-version=421.20070.1820.0 --user-data-dir=""C:\Users\User\AppData\Local\Packages\MicrosoftWindows.Client.WebExperience_cw5n1h2txyewy\LocalState\EBWebView"" --noerrdialogs --disk-cache-size=52428800 --edge-webview-is-background --enable-features=MojoIpcz,msWebView2TreatAppSuspendAsDeviceSuspend,UseNativeThreadPool,UseBackgroundNativeThreadPool --lang=en-US --accept-lang=en-US --mojo-named-platform-channel-pipe=8112.2288.17893317180732402091 /pfhostedapp:017373b2a5c4ead1a08d36a47bf86195c1909a61",C:\Program Files (x86)\Microsoft\EdgeWebView\Application\120.0.2210.91\msedgewebview2.exe,{fda94052-b85d-658c-1702-000000000b00},4184,WINDEV2309EVAL\User,{fda94052-bd1b-658c-5202-000000000b00},7044,7284,Microsoft Edge WebView2,,,,"
      ",-,2023-12-28T00:11:07.7458477Z,,Process Create (rule: ProcessCreate),1,6672,WINDEV2309EVAL\User,S-1-5-18,2023-12-28 00:11:07.737,5,"<Event xmlns=""http://schemas.microsoft.com/win/2004/08/events/event"">
    <System>
      <Provider Name=""Microsoft-Windows-Sysmon"" Guid=""{5770385f-c22a-43e0-bf4c-06f5698ffbd9}""/>
      <EventID>1</EventID>
      <Version>5</Version>
      <Level>4</Level>
      <Task>1</Task>
      <Opcode>0</Opcode>
      <Keywords>0x8000000000000000</Keywords>
      <TimeCreated SystemTime=""2023-12-28T00:11:07.7458477Z""/>
      <EventRecordID>9432</EventRecordID>
      <Correlation/>
      <Execution ProcessID=""7044"" ThreadID=""6672""/>
      <Channel>Microsoft-Windows-Sysmon/Operational</Channel>
      <Computer>WinDev2309Eval</Computer>
      <Security UserID=""S-1-5-18""/>
    </System>
    <EventData>
      <Data Name=""RuleName"">-</Data>
      <Data Name=""UtcTime"">2023-12-28 00:11:07.737</Data>
      <Data Name=""ProcessGuid"">{fda94052-bd1b-658c-5202-000000000b00}</Data>
      <Data Name=""ProcessId"">7284</Data>
      <Data Name=""Image"">C:\Program Files (x86)\Microsoft\EdgeWebView\Application\120.0.2210.91\msedgewebview2.exe</Data>
      <Data Name=""FileVersion"">120.0.2210.91</Data>
      <Data Name=""Description"">Microsoft Edge WebView2</Data>
      <Data Name=""Product"">Microsoft Edge WebView2</Data>
      <Data Name=""Company"">Microsoft Corporation</Data>
      <Data Name=""OriginalFileName"">msedgewebview2.exe</Data>
      <Data Name=""CommandLine"">""C:\Program Files (x86)\Microsoft\EdgeWebView\Application\120.0.2210.91\msedgewebview2.exe"" --type=gpu-process --disable-gpu-sandbox --use-gl=disabled --gpu-vendor-id=5140 --gpu-device-id=140 --gpu-sub-system-id=0 --gpu-revision=0 --gpu-driver-version=10.0.22621.1194 --noerrdialogs --user-data-dir=""C:\Users\User\AppData\Local\Packages\MicrosoftWindows.Client.WebExperience_cw5n1h2txyewy\LocalState\EBWebView"" --webview-exe-name=Widgets.exe --webview-exe-version=421.20070.1820.0 --embedded-browser-webview=1 --gpu-preferences=WAAAAAAAAADoAAAMAAAAAAAAAAAAAAAAAABgAAAAAAA4AAAAAAAAAAAAAACEAAAAAAAAAAAAAAAAAAAAAAAAAAAAAAAAAAAAGAAAAAAAAAAYAAAAAAAAAAgAAAAAAAAACAAAAAAAAAAIAAAAAAAAAA== --mojo-platform-channel-handle=4464 --field-trial-handle=1784,i,2295490780030403019,2821906385101450000,262144 --enable-features=MojoIpcz,UseBackgroundNativeThreadPool,UseNativeThreadPool,msWebView2TreatAppSuspendAsDeviceSuspend --variations-seed-version /prefetch:8 /pfhostedapp:017373b2a5c4ead1a08d36a47bf86195c1909a61</Data>
      <Data Name=""CurrentDirectory"">C:\Program Files (x86)\Microsoft\EdgeWebView\Application\120.0.2210.91\</Data>
      <Data Name=""User"">WINDEV2309EVAL\User</Data>
      <Data Name=""LogonGuid"">{fda94052-3502-658d-b367-080000000000}</Data>
      <Data Name=""LogonId"">0x867b3</Data>
      <Data Name=""TerminalSessionId"">1</Data>
      <Data Name=""IntegrityLevel"">Medium</Data>
      <Data Name=""Hashes"">MD5=8094151812FF45079C840986A0489C78,SHA256=6A4E8A5761C51840CE988C9241B514028A5E45FDB386B072DB0447E3961E3A06,IMPHASH=EA4CA1F8E3B3D9373D39C13FD1348A63</Data>
      <Data Name=""ParentProcessGuid"">{fda94052-b85d-658c-1702-000000000b00}</Data>
      <Data Name=""ParentProcessId"">4184</Data>
      <Data Name=""ParentImage"">C:\Program Files (x86)\Microsoft\EdgeWebView\Application\120.0.2210.91\msedgewebview2.exe</Data>
      <Data Name=""ParentCommandLine"">""C:\Program Files (x86)\Microsoft\EdgeWebView\Application\120.0.2210.91\msedgewebview2.exe"" --embedded-browser-webview=1 --webview-exe-name=Widgets.exe --webview-exe-version=421.20070.1820.0 --user-data-dir=""C:\Users\User\AppData\Local\Packages\MicrosoftWindows.Client.WebExperience_cw5n1h2txyewy\LocalState\EBWebView"" --noerrdialogs --disk-cache-size=52428800 --edge-webview-is-background --enable-features=MojoIpcz,msWebView2TreatAppSuspendAsDeviceSuspend,UseNativeThreadPool,UseBackgroundNativeThreadPool --lang=en-US --accept-lang=en-US --mojo-named-platform-channel-pipe=8112.2288.17893317180732402091 /pfhostedapp:017373b2a5c4ead1a08d36a47bf86195c1909a61</Data>
      <Data Name=""ParentUser"">WINDEV2309EVAL\User</Data>
    </EventData>
    <RenderingInfo Culture=""en-US"">
      <Message>Process Create:

RuleName: -

UtcTime: 2023-12-28 00:11:07.737

ProcessGuid: {fda94052-bd1b-658c-5202-000000000b00}

ProcessId: 7284

Image: C:\Program Files (x86)\Microsoft\EdgeWebView\Application\120.0.2210.91\msedgewebview2.exe

FileVersion: 120.0.2210.91

Description: Microsoft Edge WebView2

Product: Microsoft Edge WebView2

Company: Microsoft Corporation

OriginalFileName: msedgewebview2.exe

CommandLine: ""C:\Program Files (x86)\Microsoft\EdgeWebView\Application\120.0.2210.91\msedgewebview2.exe"" --type=gpu-process --disable-gpu-sandbox --use-gl=disabled --gpu-vendor-id=5140 --gpu-device-id=140 --gpu-sub-system-id=0 --gpu-revision=0 --gpu-driver-version=10.0.22621.1194 --noerrdialogs --user-data-dir=""C:\Users\User\AppData\Local\Packages\MicrosoftWindows.Client.WebExperience_cw5n1h2txyewy\LocalState\EBWebView"" --webview-exe-name=Widgets.exe --webview-exe-version=421.20070.1820.0 --embedded-browser-webview=1 --gpu-preferences=WAAAAAAAAADoAAAMAAAAAAAAAAAAAAAAAABgAAAAAAA4AAAAAAAAAAAAAACEAAAAAAAAAAAAAAAAAAAAAAAAAAAAAAAAAAAAGAAAAAAAAAAYAAAAAAAAAAgAAAAAAAAACAAAAAAAAAAIAAAAAAAAAA== --mojo-platform-channel-handle=4464 --field-trial-handle=1784,i,2295490780030403019,2821906385101450000,262144 --enable-features=MojoIpcz,UseBackgroundNativeThreadPool,UseNativeThreadPool,msWebView2TreatAppSuspendAsDeviceSuspend --variations-seed-version /prefetch:8 /pfhostedapp:017373b2a5c4ead1a08d36a47bf86195c1909a61

CurrentDirectory: C:\Program Files (x86)\Microsoft\EdgeWebView\Application\120.0.2210.91\

User: WINDEV2309EVAL\User

LogonGuid: {fda94052-3502-658d-b367-080000000000}

LogonId: 0x867B3

TerminalSessionId: 1

IntegrityLevel: Medium

Hashes: MD5=8094151812FF45079C840986A0489C78,SHA256=6A4E8A5761C51840CE988C9241B514028A5E45FDB386B072DB0447E3961E3A06,IMPHASH=EA4CA1F8E3B3D9373D39C13FD1348A63

ParentProcessGuid: {fda94052-b85d-658c-1702-000000000b00}

ParentProcessId: 4184

ParentImage: C:\Program Files (x86)\Microsoft\EdgeWebView\Application\120.0.2210.91\msedgewebview2.exe

ParentCommandLine: ""C:\Program Files (x86)\Microsoft\EdgeWebView\Application\120.0.2210.91\msedgewebview2.exe"" --embedded-browser-webview=1 --webview-exe-name=Widgets.exe --webview-exe-version=421.20070.1820.0 --user-data-dir=""C:\Users\User\AppData\Local\Packages\MicrosoftWindows.Client.WebExperience_cw5n1h2txyewy\LocalState\EBWebView"" --noerrdialogs --disk-cache-size=52428800 --edge-webview-is-background --enable-features=MojoIpcz,msWebView2TreatAppSuspendAsDeviceSuspend,UseNativeThreadPool,UseBackgroundNativeThreadPool --lang=en-US --accept-lang=en-US --mojo-named-platform-channel-pipe=8112.2288.17893317180732402091 /pfhostedapp:017373b2a5c4ead1a08d36a47bf86195c1909a61

ParentUser: WINDEV2309EVAL\User</Message>
      <Level>Information</Level>
      <Task>Process Create (rule: ProcessCreate)</Task>
      <Opcode>Info</Opcode>
    </RenderingInfo>
  </Event>

"
