Microsoft-Windows-Sysmon/Operational,bcdedit.exe  /set {default} recoveryenabled no,Microsoft Corporation,WinDev2309Eval,,C:\Users\User\AppData\Local\Temp\,Boot Configuration Data Editor,1,9453,10.0.22621.2283 (WinBuild.160101.0800),"MD5=66C9959757BEF4662207DEC8B6F0DD68,SHA256=7BFBBC8745439B771B4FE1DE9DEEA77804F80C9E6AA15A1A1F1CEDB154325539,IMPHASH=C8C8203BDCE2871D4A59D4EBD68D8D21",C:\Windows\System32\bcdedit.exe,Medium,0x8000000000000000,Information,{fda94052-3502-658d-b367-080000000000},0x867b3,"Process Create:

RuleName: -

UtcTime: 2023-12-28 00:11:21.044

ProcessGuid: {fda94052-bd29-658c-6602-000000000b00}

ProcessId: 4716

Image: C:\Windows\System32\bcdedit.exe

FileVersion: 10.0.22621.2283 (WinBuild.160101.0800)

Description: Boot Configuration Data Editor

Product: Microsoft® Windows® Operating System

Company: Microsoft Corporation

OriginalFileName: bcdedit.exe

CommandLine: bcdedit.exe  /set {default} recoveryenabled no

CurrentDirectory: C:\Users\User\AppData\Local\Temp\

User: WINDEV2309EVAL\User

LogonGuid: {fda94052-3502-658d-b367-080000000000}

LogonId: 0x867B3

TerminalSessionId: 1

IntegrityLevel: Medium

Hashes: MD5=66C9959757BEF4662207DEC8B6F0DD68,SHA256=7BFBBC8745439B771B4FE1DE9DEEA77804F80C9E6AA15A1A1F1CEDB154325539,IMPHASH=C8C8203BDCE2871D4A59D4EBD68D8D21

ParentProcessGuid: {fda94052-bd28-658c-6302-000000000b00}

ParentProcessId: 1728

ParentImage: C:\Windows\System32\cmd.exe

ParentCommandLine: ""cmd.exe"" /c bcdedit.exe /set {default} bootstatuspolicy ignoreallfailures & bcdedit.exe /set {default} recoveryenabled no

ParentUser: WINDEV2309EVAL\User",Info,bcdedit.exe,"""cmd.exe"" /c bcdedit.exe /set {default} bootstatuspolicy ignoreallfailures & bcdedit.exe /set {default} recoveryenabled no",C:\Windows\System32\cmd.exe,{fda94052-bd28-658c-6302-000000000b00},1728,WINDEV2309EVAL\User,{fda94052-bd29-658c-6602-000000000b00},7044,4716,Microsoft® Windows® Operating System,,,,"
      ",-,2023-12-28T00:11:21.0451947Z,,Process Create (rule: ProcessCreate),1,6672,WINDEV2309EVAL\User,S-1-5-18,2023-12-28 00:11:21.044,5,"<Event xmlns=""http://schemas.microsoft.com/win/2004/08/events/event"">
    <System>
      <Provider Name=""Microsoft-Windows-Sysmon"" Guid=""{5770385f-c22a-43e0-bf4c-06f5698ffbd9}""/>
      <EventID>1</EventID>
      <Version>5</Version>
      <Level>4</Level>
      <Task>1</Task>
      <Opcode>0</Opcode>
      <Keywords>0x8000000000000000</Keywords>
      <TimeCreated SystemTime=""2023-12-28T00:11:21.0451947Z""/>
      <EventRecordID>9453</EventRecordID>
      <Correlation/>
      <Execution ProcessID=""7044"" ThreadID=""6672""/>
      <Channel>Microsoft-Windows-Sysmon/Operational</Channel>
      <Computer>WinDev2309Eval</Computer>
      <Security UserID=""S-1-5-18""/>
    </System>
    <EventData>
      <Data Name=""RuleName"">-</Data>
      <Data Name=""UtcTime"">2023-12-28 00:11:21.044</Data>
      <Data Name=""ProcessGuid"">{fda94052-bd29-658c-6602-000000000b00}</Data>
      <Data Name=""ProcessId"">4716</Data>
      <Data Name=""Image"">C:\Windows\System32\bcdedit.exe</Data>
      <Data Name=""FileVersion"">10.0.22621.2283 (WinBuild.160101.0800)</Data>
      <Data Name=""Description"">Boot Configuration Data Editor</Data>
      <Data Name=""Product"">Microsoft&#174; Windows&#174; Operating System</Data>
      <Data Name=""Company"">Microsoft Corporation</Data>
      <Data Name=""OriginalFileName"">bcdedit.exe</Data>
      <Data Name=""CommandLine"">bcdedit.exe  /set {default} recoveryenabled no</Data>
      <Data Name=""CurrentDirectory"">C:\Users\User\AppData\Local\Temp\</Data>
      <Data Name=""User"">WINDEV2309EVAL\User</Data>
      <Data Name=""LogonGuid"">{fda94052-3502-658d-b367-080000000000}</Data>
      <Data Name=""LogonId"">0x867b3</Data>
      <Data Name=""TerminalSessionId"">1</Data>
      <Data Name=""IntegrityLevel"">Medium</Data>
      <Data Name=""Hashes"">MD5=66C9959757BEF4662207DEC8B6F0DD68,SHA256=7BFBBC8745439B771B4FE1DE9DEEA77804F80C9E6AA15A1A1F1CEDB154325539,IMPHASH=C8C8203BDCE2871D4A59D4EBD68D8D21</Data>
      <Data Name=""ParentProcessGuid"">{fda94052-bd28-658c-6302-000000000b00}</Data>
      <Data Name=""ParentProcessId"">1728</Data>
      <Data Name=""ParentImage"">C:\Windows\System32\cmd.exe</Data>
      <Data Name=""ParentCommandLine"">""cmd.exe"" /c bcdedit.exe /set {default} bootstatuspolicy ignoreallfailures &amp; bcdedit.exe /set {default} recoveryenabled no</Data>
      <Data Name=""ParentUser"">WINDEV2309EVAL\User</Data>
    </EventData>
    <RenderingInfo Culture=""en-US"">
      <Message>Process Create:

RuleName: -

UtcTime: 2023-12-28 00:11:21.044

ProcessGuid: {fda94052-bd29-658c-6602-000000000b00}

ProcessId: 4716

Image: C:\Windows\System32\bcdedit.exe

FileVersion: 10.0.22621.2283 (WinBuild.160101.0800)

Description: Boot Configuration Data Editor

Product: Microsoft&#174; Windows&#174; Operating System

Company: Microsoft Corporation

OriginalFileName: bcdedit.exe

CommandLine: bcdedit.exe  /set {default} recoveryenabled no

CurrentDirectory: C:\Users\User\AppData\Local\Temp\

User: WINDEV2309EVAL\User

LogonGuid: {fda94052-3502-658d-b367-080000000000}

LogonId: 0x867B3

TerminalSessionId: 1

IntegrityLevel: Medium

Hashes: MD5=66C9959757BEF4662207DEC8B6F0DD68,SHA256=7BFBBC8745439B771B4FE1DE9DEEA77804F80C9E6AA15A1A1F1CEDB154325539,IMPHASH=C8C8203BDCE2871D4A59D4EBD68D8D21

ParentProcessGuid: {fda94052-bd28-658c-6302-000000000b00}

ParentProcessId: 1728

ParentImage: C:\Windows\System32\cmd.exe

ParentCommandLine: ""cmd.exe"" /c bcdedit.exe /set {default} bootstatuspolicy ignoreallfailures &amp; bcdedit.exe /set {default} recoveryenabled no

ParentUser: WINDEV2309EVAL\User</Message>
      <Level>Information</Level>
      <Task>Process Create (rule: ProcessCreate)</Task>
      <Opcode>Info</Opcode>
    </RenderingInfo>
  </Event>
  
"
Microsoft-Windows-Sysmon/Operational,bcdedit.exe  /set {default} bootstatuspolicy ignoreallfailures ,Microsoft Corporation,WinDev2309Eval,,C:\Users\User\AppData\Local\Temp\,Boot Configuration Data Editor,1,9452,10.0.22621.2283 (WinBuild.160101.0800),"MD5=66C9959757BEF4662207DEC8B6F0DD68,SHA256=7BFBBC8745439B771B4FE1DE9DEEA77804F80C9E6AA15A1A1F1CEDB154325539,IMPHASH=C8C8203BDCE2871D4A59D4EBD68D8D21",C:\Windows\System32\bcdedit.exe,Medium,0x8000000000000000,Information,{fda94052-3502-658d-b367-080000000000},0x867b3,"Process Create:

RuleName: -

UtcTime: 2023-12-28 00:11:21.024

ProcessGuid: {fda94052-bd29-658c-6502-000000000b00}

ProcessId: 5228

Image: C:\Windows\System32\bcdedit.exe

FileVersion: 10.0.22621.2283 (WinBuild.160101.0800)

Description: Boot Configuration Data Editor

Product: Microsoft® Windows® Operating System

Company: Microsoft Corporation

OriginalFileName: bcdedit.exe

CommandLine: bcdedit.exe  /set {default} bootstatuspolicy ignoreallfailures 

CurrentDirectory: C:\Users\User\AppData\Local\Temp\

User: WINDEV2309EVAL\User

LogonGuid: {fda94052-3502-658d-b367-080000000000}

LogonId: 0x867B3

TerminalSessionId: 1

IntegrityLevel: Medium

Hashes: MD5=66C9959757BEF4662207DEC8B6F0DD68,SHA256=7BFBBC8745439B771B4FE1DE9DEEA77804F80C9E6AA15A1A1F1CEDB154325539,IMPHASH=C8C8203BDCE2871D4A59D4EBD68D8D21

ParentProcessGuid: {fda94052-bd28-658c-6302-000000000b00}

ParentProcessId: 1728

ParentImage: C:\Windows\System32\cmd.exe

ParentCommandLine: ""cmd.exe"" /c bcdedit.exe /set {default} bootstatuspolicy ignoreallfailures & bcdedit.exe /set {default} recoveryenabled no

ParentUser: WINDEV2309EVAL\User",Info,bcdedit.exe,"""cmd.exe"" /c bcdedit.exe /set {default} bootstatuspolicy ignoreallfailures & bcdedit.exe /set {default} recoveryenabled no",C:\Windows\System32\cmd.exe,{fda94052-bd28-658c-6302-000000000b00},1728,WINDEV2309EVAL\User,{fda94052-bd29-658c-6502-000000000b00},7044,5228,Microsoft® Windows® Operating System,,,,"
      ",-,2023-12-28T00:11:21.0319652Z,,Process Create (rule: ProcessCreate),1,6672,WINDEV2309EVAL\User,S-1-5-18,2023-12-28 00:11:21.024,5,"<Event xmlns=""http://schemas.microsoft.com/win/2004/08/events/event"">
    <System>
      <Provider Name=""Microsoft-Windows-Sysmon"" Guid=""{5770385f-c22a-43e0-bf4c-06f5698ffbd9}""/>
      <EventID>1</EventID>
      <Version>5</Version>
      <Level>4</Level>
      <Task>1</Task>
      <Opcode>0</Opcode>
      <Keywords>0x8000000000000000</Keywords>
      <TimeCreated SystemTime=""2023-12-28T00:11:21.0319652Z""/>
      <EventRecordID>9452</EventRecordID>
      <Correlation/>
      <Execution ProcessID=""7044"" ThreadID=""6672""/>
      <Channel>Microsoft-Windows-Sysmon/Operational</Channel>
      <Computer>WinDev2309Eval</Computer>
      <Security UserID=""S-1-5-18""/>
    </System>
    <EventData>
      <Data Name=""RuleName"">-</Data>
      <Data Name=""UtcTime"">2023-12-28 00:11:21.024</Data>
      <Data Name=""ProcessGuid"">{fda94052-bd29-658c-6502-000000000b00}</Data>
      <Data Name=""ProcessId"">5228</Data>
      <Data Name=""Image"">C:\Windows\System32\bcdedit.exe</Data>
      <Data Name=""FileVersion"">10.0.22621.2283 (WinBuild.160101.0800)</Data>
      <Data Name=""Description"">Boot Configuration Data Editor</Data>
      <Data Name=""Product"">Microsoft&#174; Windows&#174; Operating System</Data>
      <Data Name=""Company"">Microsoft Corporation</Data>
      <Data Name=""OriginalFileName"">bcdedit.exe</Data>
      <Data Name=""CommandLine"">bcdedit.exe  /set {default} bootstatuspolicy ignoreallfailures </Data>
      <Data Name=""CurrentDirectory"">C:\Users\User\AppData\Local\Temp\</Data>
      <Data Name=""User"">WINDEV2309EVAL\User</Data>
      <Data Name=""LogonGuid"">{fda94052-3502-658d-b367-080000000000}</Data>
      <Data Name=""LogonId"">0x867b3</Data>
      <Data Name=""TerminalSessionId"">1</Data>
      <Data Name=""IntegrityLevel"">Medium</Data>
      <Data Name=""Hashes"">MD5=66C9959757BEF4662207DEC8B6F0DD68,SHA256=7BFBBC8745439B771B4FE1DE9DEEA77804F80C9E6AA15A1A1F1CEDB154325539,IMPHASH=C8C8203BDCE2871D4A59D4EBD68D8D21</Data>
      <Data Name=""ParentProcessGuid"">{fda94052-bd28-658c-6302-000000000b00}</Data>
      <Data Name=""ParentProcessId"">1728</Data>
      <Data Name=""ParentImage"">C:\Windows\System32\cmd.exe</Data>
      <Data Name=""ParentCommandLine"">""cmd.exe"" /c bcdedit.exe /set {default} bootstatuspolicy ignoreallfailures &amp; bcdedit.exe /set {default} recoveryenabled no</Data>
      <Data Name=""ParentUser"">WINDEV2309EVAL\User</Data>
    </EventData>
    <RenderingInfo Culture=""en-US"">
      <Message>Process Create:

RuleName: -

UtcTime: 2023-12-28 00:11:21.024

ProcessGuid: {fda94052-bd29-658c-6502-000000000b00}

ProcessId: 5228

Image: C:\Windows\System32\bcdedit.exe

FileVersion: 10.0.22621.2283 (WinBuild.160101.0800)

Description: Boot Configuration Data Editor

Product: Microsoft&#174; Windows&#174; Operating System

Company: Microsoft Corporation

OriginalFileName: bcdedit.exe

CommandLine: bcdedit.exe  /set {default} bootstatuspolicy ignoreallfailures 

CurrentDirectory: C:\Users\User\AppData\Local\Temp\

User: WINDEV2309EVAL\User

LogonGuid: {fda94052-3502-658d-b367-080000000000}

LogonId: 0x867B3

TerminalSessionId: 1

IntegrityLevel: Medium

Hashes: MD5=66C9959757BEF4662207DEC8B6F0DD68,SHA256=7BFBBC8745439B771B4FE1DE9DEEA77804F80C9E6AA15A1A1F1CEDB154325539,IMPHASH=C8C8203BDCE2871D4A59D4EBD68D8D21

ParentProcessGuid: {fda94052-bd28-658c-6302-000000000b00}

ParentProcessId: 1728

ParentImage: C:\Windows\System32\cmd.exe

ParentCommandLine: ""cmd.exe"" /c bcdedit.exe /set {default} bootstatuspolicy ignoreallfailures &amp; bcdedit.exe /set {default} recoveryenabled no

ParentUser: WINDEV2309EVAL\User</Message>
      <Level>Information</Level>
      <Task>Process Create (rule: ProcessCreate)</Task>
      <Opcode>Info</Opcode>
    </RenderingInfo>
  </Event>
  
"
Microsoft-Windows-Sysmon/Operational,"""cmd.exe"" /c bcdedit.exe /set {default} bootstatuspolicy ignoreallfailures & bcdedit.exe /set {default} recoveryenabled no",Microsoft Corporation,WinDev2309Eval,,C:\Users\User\AppData\Local\Temp\,Windows Command Processor,1,9451,10.0.22621.1635 (WinBuild.160101.0800),"MD5=5A6BE4D2519515241D0C133A26CF62C0,SHA256=423E0E810A69AACEBA0E5670E58AFF898CF0EBFFAB99CCB46EBB3464C3D2FACB,IMPHASH=D73E39DAB3C8B57AA408073D01254964",C:\Windows\System32\cmd.exe,Medium,0x8000000000000000,Information,{fda94052-3502-658d-b367-080000000000},0x867b3,"Process Create:

RuleName: -

UtcTime: 2023-12-28 00:11:20.982

ProcessGuid: {fda94052-bd28-658c-6302-000000000b00}

ProcessId: 1728

Image: C:\Windows\System32\cmd.exe

FileVersion: 10.0.22621.1635 (WinBuild.160101.0800)

Description: Windows Command Processor

Product: Microsoft® Windows® Operating System

Company: Microsoft Corporation

OriginalFileName: Cmd.Exe

CommandLine: ""cmd.exe"" /c bcdedit.exe /set {default} bootstatuspolicy ignoreallfailures & bcdedit.exe /set {default} recoveryenabled no

CurrentDirectory: C:\Users\User\AppData\Local\Temp\

User: WINDEV2309EVAL\User

LogonGuid: {fda94052-3502-658d-b367-080000000000}

LogonId: 0x867B3

TerminalSessionId: 1

IntegrityLevel: Medium

Hashes: MD5=5A6BE4D2519515241D0C133A26CF62C0,SHA256=423E0E810A69AACEBA0E5670E58AFF898CF0EBFFAB99CCB46EBB3464C3D2FACB,IMPHASH=D73E39DAB3C8B57AA408073D01254964

ParentProcessGuid: {fda94052-b87a-658c-2702-000000000b00}

ParentProcessId: 5076

ParentImage: C:\Windows\System32\WindowsPowerShell\v1.0\powershell.exe

ParentCommandLine: ""C:\Windows\System32\WindowsPowerShell\v1.0\powershell.exe"" -exec bypass

ParentUser: WINDEV2309EVAL\User",Info,Cmd.Exe,"""C:\Windows\System32\WindowsPowerShell\v1.0\powershell.exe"" -exec bypass",C:\Windows\System32\WindowsPowerShell\v1.0\powershell.exe,{fda94052-b87a-658c-2702-000000000b00},5076,WINDEV2309EVAL\User,{fda94052-bd28-658c-6302-000000000b00},7044,1728,Microsoft® Windows® Operating System,,,,"
      ",-,2023-12-28T00:11:20.9840499Z,,Process Create (rule: ProcessCreate),1,6672,WINDEV2309EVAL\User,S-1-5-18,2023-12-28 00:11:20.982,5,"<Event xmlns=""http://schemas.microsoft.com/win/2004/08/events/event"">
    <System>
      <Provider Name=""Microsoft-Windows-Sysmon"" Guid=""{5770385f-c22a-43e0-bf4c-06f5698ffbd9}""/>
      <EventID>1</EventID>
      <Version>5</Version>
      <Level>4</Level>
      <Task>1</Task>
      <Opcode>0</Opcode>
      <Keywords>0x8000000000000000</Keywords>
      <TimeCreated SystemTime=""2023-12-28T00:11:20.9840499Z""/>
      <EventRecordID>9451</EventRecordID>
      <Correlation/>
      <Execution ProcessID=""7044"" ThreadID=""6672""/>
      <Channel>Microsoft-Windows-Sysmon/Operational</Channel>
      <Computer>WinDev2309Eval</Computer>
      <Security UserID=""S-1-5-18""/>
    </System>
    <EventData>
      <Data Name=""RuleName"">-</Data>
      <Data Name=""UtcTime"">2023-12-28 00:11:20.982</Data>
      <Data Name=""ProcessGuid"">{fda94052-bd28-658c-6302-000000000b00}</Data>
      <Data Name=""ProcessId"">1728</Data>
      <Data Name=""Image"">C:\Windows\System32\cmd.exe</Data>
      <Data Name=""FileVersion"">10.0.22621.1635 (WinBuild.160101.0800)</Data>
      <Data Name=""Description"">Windows Command Processor</Data>
      <Data Name=""Product"">Microsoft&#174; Windows&#174; Operating System</Data>
      <Data Name=""Company"">Microsoft Corporation</Data>
      <Data Name=""OriginalFileName"">Cmd.Exe</Data>
      <Data Name=""CommandLine"">""cmd.exe"" /c bcdedit.exe /set {default} bootstatuspolicy ignoreallfailures &amp; bcdedit.exe /set {default} recoveryenabled no</Data>
      <Data Name=""CurrentDirectory"">C:\Users\User\AppData\Local\Temp\</Data>
      <Data Name=""User"">WINDEV2309EVAL\User</Data>
      <Data Name=""LogonGuid"">{fda94052-3502-658d-b367-080000000000}</Data>
      <Data Name=""LogonId"">0x867b3</Data>
      <Data Name=""TerminalSessionId"">1</Data>
      <Data Name=""IntegrityLevel"">Medium</Data>
      <Data Name=""Hashes"">MD5=5A6BE4D2519515241D0C133A26CF62C0,SHA256=423E0E810A69AACEBA0E5670E58AFF898CF0EBFFAB99CCB46EBB3464C3D2FACB,IMPHASH=D73E39DAB3C8B57AA408073D01254964</Data>
      <Data Name=""ParentProcessGuid"">{fda94052-b87a-658c-2702-000000000b00}</Data>
      <Data Name=""ParentProcessId"">5076</Data>
      <Data Name=""ParentImage"">C:\Windows\System32\WindowsPowerShell\v1.0\powershell.exe</Data>
      <Data Name=""ParentCommandLine"">""C:\Windows\System32\WindowsPowerShell\v1.0\powershell.exe"" -exec bypass</Data>
      <Data Name=""ParentUser"">WINDEV2309EVAL\User</Data>
    </EventData>
    <RenderingInfo Culture=""en-US"">
      <Message>Process Create:

RuleName: -

UtcTime: 2023-12-28 00:11:20.982

ProcessGuid: {fda94052-bd28-658c-6302-000000000b00}

ProcessId: 1728

Image: C:\Windows\System32\cmd.exe

FileVersion: 10.0.22621.1635 (WinBuild.160101.0800)

Description: Windows Command Processor

Product: Microsoft&#174; Windows&#174; Operating System

Company: Microsoft Corporation

OriginalFileName: Cmd.Exe

CommandLine: ""cmd.exe"" /c bcdedit.exe /set {default} bootstatuspolicy ignoreallfailures &amp; bcdedit.exe /set {default} recoveryenabled no

CurrentDirectory: C:\Users\User\AppData\Local\Temp\

User: WINDEV2309EVAL\User

LogonGuid: {fda94052-3502-658d-b367-080000000000}

LogonId: 0x867B3

TerminalSessionId: 1

IntegrityLevel: Medium

Hashes: MD5=5A6BE4D2519515241D0C133A26CF62C0,SHA256=423E0E810A69AACEBA0E5670E58AFF898CF0EBFFAB99CCB46EBB3464C3D2FACB,IMPHASH=D73E39DAB3C8B57AA408073D01254964

ParentProcessGuid: {fda94052-b87a-658c-2702-000000000b00}

ParentProcessId: 5076

ParentImage: C:\Windows\System32\WindowsPowerShell\v1.0\powershell.exe

ParentCommandLine: ""C:\Windows\System32\WindowsPowerShell\v1.0\powershell.exe"" -exec bypass

ParentUser: WINDEV2309EVAL\User</Message>
      <Level>Information</Level>
      <Task>Process Create (rule: ProcessCreate)</Task>
      <Opcode>Info</Opcode>
    </RenderingInfo>
  </Event>
  
"
Microsoft-Windows-Sysmon/Operational,wbadmin  delete catalog -quiet,Microsoft Corporation,WinDev2309Eval,,C:\Users\User\AppData\Local\Temp\,Command Line Interface for Microsoft® BLB Backup,1,9450,10.0.22621.1 (WinBuild.160101.0800),"MD5=6DD328F02983A56C61838C15BA0BCAE7,SHA256=EB964B1306E00A58D387C1394A2E48F614B16FBB4EA73E55F444C4BC7AD757CE,IMPHASH=0257D3A9F8FBE3F6C74B054B5A868005",C:\Windows\System32\wbadmin.exe,Medium,0x8000000000000000,Information,{fda94052-3502-658d-b367-080000000000},0x867b3,"Process Create:

RuleName: -

UtcTime: 2023-12-28 00:11:20.746

ProcessGuid: {fda94052-bd28-658c-6202-000000000b00}

ProcessId: 8684

Image: C:\Windows\System32\wbadmin.exe

FileVersion: 10.0.22621.1 (WinBuild.160101.0800)

Description: Command Line Interface for Microsoft® BLB Backup

Product: Microsoft® Windows® Operating System

Company: Microsoft Corporation

OriginalFileName: WBADMIN.EXE

CommandLine: wbadmin  delete catalog -quiet

CurrentDirectory: C:\Users\User\AppData\Local\Temp\

User: WINDEV2309EVAL\User

LogonGuid: {fda94052-3502-658d-b367-080000000000}

LogonId: 0x867B3

TerminalSessionId: 1

IntegrityLevel: Medium

Hashes: MD5=6DD328F02983A56C61838C15BA0BCAE7,SHA256=EB964B1306E00A58D387C1394A2E48F614B16FBB4EA73E55F444C4BC7AD757CE,IMPHASH=0257D3A9F8FBE3F6C74B054B5A868005

ParentProcessGuid: {fda94052-bd28-658c-6002-000000000b00}

ParentProcessId: 10804

ParentImage: C:\Windows\System32\cmd.exe

ParentCommandLine: ""cmd.exe"" /c wbadmin delete catalog -quiet

ParentUser: WINDEV2309EVAL\User",Info,WBADMIN.EXE,"""cmd.exe"" /c wbadmin delete catalog -quiet",C:\Windows\System32\cmd.exe,{fda94052-bd28-658c-6002-000000000b00},10804,WINDEV2309EVAL\User,{fda94052-bd28-658c-6202-000000000b00},7044,8684,Microsoft® Windows® Operating System,,,,"
      ",-,2023-12-28T00:11:20.7529705Z,,Process Create (rule: ProcessCreate),1,6672,WINDEV2309EVAL\User,S-1-5-18,2023-12-28 00:11:20.746,5,"<Event xmlns=""http://schemas.microsoft.com/win/2004/08/events/event"">
    <System>
      <Provider Name=""Microsoft-Windows-Sysmon"" Guid=""{5770385f-c22a-43e0-bf4c-06f5698ffbd9}""/>
      <EventID>1</EventID>
      <Version>5</Version>
      <Level>4</Level>
      <Task>1</Task>
      <Opcode>0</Opcode>
      <Keywords>0x8000000000000000</Keywords>
      <TimeCreated SystemTime=""2023-12-28T00:11:20.7529705Z""/>
      <EventRecordID>9450</EventRecordID>
      <Correlation/>
      <Execution ProcessID=""7044"" ThreadID=""6672""/>
      <Channel>Microsoft-Windows-Sysmon/Operational</Channel>
      <Computer>WinDev2309Eval</Computer>
      <Security UserID=""S-1-5-18""/>
    </System>
    <EventData>
      <Data Name=""RuleName"">-</Data>
      <Data Name=""UtcTime"">2023-12-28 00:11:20.746</Data>
      <Data Name=""ProcessGuid"">{fda94052-bd28-658c-6202-000000000b00}</Data>
      <Data Name=""ProcessId"">8684</Data>
      <Data Name=""Image"">C:\Windows\System32\wbadmin.exe</Data>
      <Data Name=""FileVersion"">10.0.22621.1 (WinBuild.160101.0800)</Data>
      <Data Name=""Description"">Command Line Interface for Microsoft&#174; BLB Backup</Data>
      <Data Name=""Product"">Microsoft&#174; Windows&#174; Operating System</Data>
      <Data Name=""Company"">Microsoft Corporation</Data>
      <Data Name=""OriginalFileName"">WBADMIN.EXE</Data>
      <Data Name=""CommandLine"">wbadmin  delete catalog -quiet</Data>
      <Data Name=""CurrentDirectory"">C:\Users\User\AppData\Local\Temp\</Data>
      <Data Name=""User"">WINDEV2309EVAL\User</Data>
      <Data Name=""LogonGuid"">{fda94052-3502-658d-b367-080000000000}</Data>
      <Data Name=""LogonId"">0x867b3</Data>
      <Data Name=""TerminalSessionId"">1</Data>
      <Data Name=""IntegrityLevel"">Medium</Data>
      <Data Name=""Hashes"">MD5=6DD328F02983A56C61838C15BA0BCAE7,SHA256=EB964B1306E00A58D387C1394A2E48F614B16FBB4EA73E55F444C4BC7AD757CE,IMPHASH=0257D3A9F8FBE3F6C74B054B5A868005</Data>
      <Data Name=""ParentProcessGuid"">{fda94052-bd28-658c-6002-000000000b00}</Data>
      <Data Name=""ParentProcessId"">10804</Data>
      <Data Name=""ParentImage"">C:\Windows\System32\cmd.exe</Data>
      <Data Name=""ParentCommandLine"">""cmd.exe"" /c wbadmin delete catalog -quiet</Data>
      <Data Name=""ParentUser"">WINDEV2309EVAL\User</Data>
    </EventData>
    <RenderingInfo Culture=""en-US"">
      <Message>Process Create:

RuleName: -

UtcTime: 2023-12-28 00:11:20.746

ProcessGuid: {fda94052-bd28-658c-6202-000000000b00}

ProcessId: 8684

Image: C:\Windows\System32\wbadmin.exe

FileVersion: 10.0.22621.1 (WinBuild.160101.0800)

Description: Command Line Interface for Microsoft&#174; BLB Backup

Product: Microsoft&#174; Windows&#174; Operating System

Company: Microsoft Corporation

OriginalFileName: WBADMIN.EXE

CommandLine: wbadmin  delete catalog -quiet

CurrentDirectory: C:\Users\User\AppData\Local\Temp\

User: WINDEV2309EVAL\User

LogonGuid: {fda94052-3502-658d-b367-080000000000}

LogonId: 0x867B3

TerminalSessionId: 1

IntegrityLevel: Medium

Hashes: MD5=6DD328F02983A56C61838C15BA0BCAE7,SHA256=EB964B1306E00A58D387C1394A2E48F614B16FBB4EA73E55F444C4BC7AD757CE,IMPHASH=0257D3A9F8FBE3F6C74B054B5A868005

ParentProcessGuid: {fda94052-bd28-658c-6002-000000000b00}

ParentProcessId: 10804

ParentImage: C:\Windows\System32\cmd.exe

ParentCommandLine: ""cmd.exe"" /c wbadmin delete catalog -quiet

ParentUser: WINDEV2309EVAL\User</Message>
      <Level>Information</Level>
      <Task>Process Create (rule: ProcessCreate)</Task>
      <Opcode>Info</Opcode>
    </RenderingInfo>
  </Event>
  
"
Microsoft-Windows-Sysmon/Operational,"""cmd.exe"" /c wbadmin delete catalog -quiet",Microsoft Corporation,WinDev2309Eval,,C:\Users\User\AppData\Local\Temp\,Windows Command Processor,1,9449,10.0.22621.1635 (WinBuild.160101.0800),"MD5=5A6BE4D2519515241D0C133A26CF62C0,SHA256=423E0E810A69AACEBA0E5670E58AFF898CF0EBFFAB99CCB46EBB3464C3D2FACB,IMPHASH=D73E39DAB3C8B57AA408073D01254964",C:\Windows\System32\cmd.exe,Medium,0x8000000000000000,Information,{fda94052-3502-658d-b367-080000000000},0x867b3,"Process Create:

RuleName: -

UtcTime: 2023-12-28 00:11:20.690

ProcessGuid: {fda94052-bd28-658c-6002-000000000b00}

ProcessId: 10804

Image: C:\Windows\System32\cmd.exe

FileVersion: 10.0.22621.1635 (WinBuild.160101.0800)

Description: Windows Command Processor

Product: Microsoft® Windows® Operating System

Company: Microsoft Corporation

OriginalFileName: Cmd.Exe

CommandLine: ""cmd.exe"" /c wbadmin delete catalog -quiet

CurrentDirectory: C:\Users\User\AppData\Local\Temp\

User: WINDEV2309EVAL\User

LogonGuid: {fda94052-3502-658d-b367-080000000000}

LogonId: 0x867B3

TerminalSessionId: 1

IntegrityLevel: Medium

Hashes: MD5=5A6BE4D2519515241D0C133A26CF62C0,SHA256=423E0E810A69AACEBA0E5670E58AFF898CF0EBFFAB99CCB46EBB3464C3D2FACB,IMPHASH=D73E39DAB3C8B57AA408073D01254964

ParentProcessGuid: {fda94052-b87a-658c-2702-000000000b00}

ParentProcessId: 5076

ParentImage: C:\Windows\System32\WindowsPowerShell\v1.0\powershell.exe

ParentCommandLine: ""C:\Windows\System32\WindowsPowerShell\v1.0\powershell.exe"" -exec bypass

ParentUser: WINDEV2309EVAL\User",Info,Cmd.Exe,"""C:\Windows\System32\WindowsPowerShell\v1.0\powershell.exe"" -exec bypass",C:\Windows\System32\WindowsPowerShell\v1.0\powershell.exe,{fda94052-b87a-658c-2702-000000000b00},5076,WINDEV2309EVAL\User,{fda94052-bd28-658c-6002-000000000b00},7044,10804,Microsoft® Windows® Operating System,,,,"
      ",-,2023-12-28T00:11:20.6919577Z,,Process Create (rule: ProcessCreate),1,6672,WINDEV2309EVAL\User,S-1-5-18,2023-12-28 00:11:20.690,5,"<Event xmlns=""http://schemas.microsoft.com/win/2004/08/events/event"">
    <System>
      <Provider Name=""Microsoft-Windows-Sysmon"" Guid=""{5770385f-c22a-43e0-bf4c-06f5698ffbd9}""/>
      <EventID>1</EventID>
      <Version>5</Version>
      <Level>4</Level>
      <Task>1</Task>
      <Opcode>0</Opcode>
      <Keywords>0x8000000000000000</Keywords>
      <TimeCreated SystemTime=""2023-12-28T00:11:20.6919577Z""/>
      <EventRecordID>9449</EventRecordID>
      <Correlation/>
      <Execution ProcessID=""7044"" ThreadID=""6672""/>
      <Channel>Microsoft-Windows-Sysmon/Operational</Channel>
      <Computer>WinDev2309Eval</Computer>
      <Security UserID=""S-1-5-18""/>
    </System>
    <EventData>
      <Data Name=""RuleName"">-</Data>
      <Data Name=""UtcTime"">2023-12-28 00:11:20.690</Data>
      <Data Name=""ProcessGuid"">{fda94052-bd28-658c-6002-000000000b00}</Data>
      <Data Name=""ProcessId"">10804</Data>
      <Data Name=""Image"">C:\Windows\System32\cmd.exe</Data>
      <Data Name=""FileVersion"">10.0.22621.1635 (WinBuild.160101.0800)</Data>
      <Data Name=""Description"">Windows Command Processor</Data>
      <Data Name=""Product"">Microsoft&#174; Windows&#174; Operating System</Data>
      <Data Name=""Company"">Microsoft Corporation</Data>
      <Data Name=""OriginalFileName"">Cmd.Exe</Data>
      <Data Name=""CommandLine"">""cmd.exe"" /c wbadmin delete catalog -quiet</Data>
      <Data Name=""CurrentDirectory"">C:\Users\User\AppData\Local\Temp\</Data>
      <Data Name=""User"">WINDEV2309EVAL\User</Data>
      <Data Name=""LogonGuid"">{fda94052-3502-658d-b367-080000000000}</Data>
      <Data Name=""LogonId"">0x867b3</Data>
      <Data Name=""TerminalSessionId"">1</Data>
      <Data Name=""IntegrityLevel"">Medium</Data>
      <Data Name=""Hashes"">MD5=5A6BE4D2519515241D0C133A26CF62C0,SHA256=423E0E810A69AACEBA0E5670E58AFF898CF0EBFFAB99CCB46EBB3464C3D2FACB,IMPHASH=D73E39DAB3C8B57AA408073D01254964</Data>
      <Data Name=""ParentProcessGuid"">{fda94052-b87a-658c-2702-000000000b00}</Data>
      <Data Name=""ParentProcessId"">5076</Data>
      <Data Name=""ParentImage"">C:\Windows\System32\WindowsPowerShell\v1.0\powershell.exe</Data>
      <Data Name=""ParentCommandLine"">""C:\Windows\System32\WindowsPowerShell\v1.0\powershell.exe"" -exec bypass</Data>
      <Data Name=""ParentUser"">WINDEV2309EVAL\User</Data>
    </EventData>
    <RenderingInfo Culture=""en-US"">
      <Message>Process Create:

RuleName: -

UtcTime: 2023-12-28 00:11:20.690

ProcessGuid: {fda94052-bd28-658c-6002-000000000b00}

ProcessId: 10804

Image: C:\Windows\System32\cmd.exe

FileVersion: 10.0.22621.1635 (WinBuild.160101.0800)

Description: Windows Command Processor

Product: Microsoft&#174; Windows&#174; Operating System

Company: Microsoft Corporation

OriginalFileName: Cmd.Exe

CommandLine: ""cmd.exe"" /c wbadmin delete catalog -quiet

CurrentDirectory: C:\Users\User\AppData\Local\Temp\

User: WINDEV2309EVAL\User

LogonGuid: {fda94052-3502-658d-b367-080000000000}

LogonId: 0x867B3

TerminalSessionId: 1

IntegrityLevel: Medium

Hashes: MD5=5A6BE4D2519515241D0C133A26CF62C0,SHA256=423E0E810A69AACEBA0E5670E58AFF898CF0EBFFAB99CCB46EBB3464C3D2FACB,IMPHASH=D73E39DAB3C8B57AA408073D01254964

ParentProcessGuid: {fda94052-b87a-658c-2702-000000000b00}

ParentProcessId: 5076

ParentImage: C:\Windows\System32\WindowsPowerShell\v1.0\powershell.exe

ParentCommandLine: ""C:\Windows\System32\WindowsPowerShell\v1.0\powershell.exe"" -exec bypass

ParentUser: WINDEV2309EVAL\User</Message>
      <Level>Information</Level>
      <Task>Process Create (rule: ProcessCreate)</Task>
      <Opcode>Info</Opcode>
    </RenderingInfo>
  </Event>
  
"
Microsoft-Windows-Sysmon/Operational,wmic.exe  shadowcopy delete,Microsoft Corporation,WinDev2309Eval,,C:\Users\User\AppData\Local\Temp\,WMI Commandline Utility,1,9448,10.0.22621.2215 (WinBuild.160101.0800),"MD5=E4CF847182D343390B2CFEF403FDC4B4,SHA256=AD00BAC8EF95A836700EB8FCAC345AD8DA6601A45FA83416041896233269700F,IMPHASH=43C6BE584D77B658A53A9A5C606724DD",C:\Windows\System32\wbem\WMIC.exe,Medium,0x8000000000000000,Information,{fda94052-3502-658d-b367-080000000000},0x867b3,"Process Create:

RuleName: -

UtcTime: 2023-12-28 00:11:20.407

ProcessGuid: {fda94052-bd28-658c-5f02-000000000b00}

ProcessId: 8760

Image: C:\Windows\System32\wbem\WMIC.exe

FileVersion: 10.0.22621.2215 (WinBuild.160101.0800)

Description: WMI Commandline Utility

Product: Microsoft® Windows® Operating System

Company: Microsoft Corporation

OriginalFileName: wmic.exe

CommandLine: wmic.exe  shadowcopy delete

CurrentDirectory: C:\Users\User\AppData\Local\Temp\

User: WINDEV2309EVAL\User

LogonGuid: {fda94052-3502-658d-b367-080000000000}

LogonId: 0x867B3

TerminalSessionId: 1

IntegrityLevel: Medium

Hashes: MD5=E4CF847182D343390B2CFEF403FDC4B4,SHA256=AD00BAC8EF95A836700EB8FCAC345AD8DA6601A45FA83416041896233269700F,IMPHASH=43C6BE584D77B658A53A9A5C606724DD

ParentProcessGuid: {fda94052-bd28-658c-5d02-000000000b00}

ParentProcessId: 6116

ParentImage: C:\Windows\System32\cmd.exe

ParentCommandLine: ""cmd.exe"" /c wmic.exe shadowcopy delete

ParentUser: WINDEV2309EVAL\User",Info,wmic.exe,"""cmd.exe"" /c wmic.exe shadowcopy delete",C:\Windows\System32\cmd.exe,{fda94052-bd28-658c-5d02-000000000b00},6116,WINDEV2309EVAL\User,{fda94052-bd28-658c-5f02-000000000b00},7044,8760,Microsoft® Windows® Operating System,,,,"
      ",-,2023-12-28T00:11:20.4120848Z,,Process Create (rule: ProcessCreate),1,6672,WINDEV2309EVAL\User,S-1-5-18,2023-12-28 00:11:20.407,5,"<Event xmlns=""http://schemas.microsoft.com/win/2004/08/events/event"">
    <System>
      <Provider Name=""Microsoft-Windows-Sysmon"" Guid=""{5770385f-c22a-43e0-bf4c-06f5698ffbd9}""/>
      <EventID>1</EventID>
      <Version>5</Version>
      <Level>4</Level>
      <Task>1</Task>
      <Opcode>0</Opcode>
      <Keywords>0x8000000000000000</Keywords>
      <TimeCreated SystemTime=""2023-12-28T00:11:20.4120848Z""/>
      <EventRecordID>9448</EventRecordID>
      <Correlation/>
      <Execution ProcessID=""7044"" ThreadID=""6672""/>
      <Channel>Microsoft-Windows-Sysmon/Operational</Channel>
      <Computer>WinDev2309Eval</Computer>
      <Security UserID=""S-1-5-18""/>
    </System>
    <EventData>
      <Data Name=""RuleName"">-</Data>
      <Data Name=""UtcTime"">2023-12-28 00:11:20.407</Data>
      <Data Name=""ProcessGuid"">{fda94052-bd28-658c-5f02-000000000b00}</Data>
      <Data Name=""ProcessId"">8760</Data>
      <Data Name=""Image"">C:\Windows\System32\wbem\WMIC.exe</Data>
      <Data Name=""FileVersion"">10.0.22621.2215 (WinBuild.160101.0800)</Data>
      <Data Name=""Description"">WMI Commandline Utility</Data>
      <Data Name=""Product"">Microsoft&#174; Windows&#174; Operating System</Data>
      <Data Name=""Company"">Microsoft Corporation</Data>
      <Data Name=""OriginalFileName"">wmic.exe</Data>
      <Data Name=""CommandLine"">wmic.exe  shadowcopy delete</Data>
      <Data Name=""CurrentDirectory"">C:\Users\User\AppData\Local\Temp\</Data>
      <Data Name=""User"">WINDEV2309EVAL\User</Data>
      <Data Name=""LogonGuid"">{fda94052-3502-658d-b367-080000000000}</Data>
      <Data Name=""LogonId"">0x867b3</Data>
      <Data Name=""TerminalSessionId"">1</Data>
      <Data Name=""IntegrityLevel"">Medium</Data>
      <Data Name=""Hashes"">MD5=E4CF847182D343390B2CFEF403FDC4B4,SHA256=AD00BAC8EF95A836700EB8FCAC345AD8DA6601A45FA83416041896233269700F,IMPHASH=43C6BE584D77B658A53A9A5C606724DD</Data>
      <Data Name=""ParentProcessGuid"">{fda94052-bd28-658c-5d02-000000000b00}</Data>
      <Data Name=""ParentProcessId"">6116</Data>
      <Data Name=""ParentImage"">C:\Windows\System32\cmd.exe</Data>
      <Data Name=""ParentCommandLine"">""cmd.exe"" /c wmic.exe shadowcopy delete</Data>
      <Data Name=""ParentUser"">WINDEV2309EVAL\User</Data>
    </EventData>
    <RenderingInfo Culture=""en-US"">
      <Message>Process Create:

RuleName: -

UtcTime: 2023-12-28 00:11:20.407

ProcessGuid: {fda94052-bd28-658c-5f02-000000000b00}

ProcessId: 8760

Image: C:\Windows\System32\wbem\WMIC.exe

FileVersion: 10.0.22621.2215 (WinBuild.160101.0800)

Description: WMI Commandline Utility

Product: Microsoft&#174; Windows&#174; Operating System

Company: Microsoft Corporation

OriginalFileName: wmic.exe

CommandLine: wmic.exe  shadowcopy delete

CurrentDirectory: C:\Users\User\AppData\Local\Temp\

User: WINDEV2309EVAL\User

LogonGuid: {fda94052-3502-658d-b367-080000000000}

LogonId: 0x867B3

TerminalSessionId: 1

IntegrityLevel: Medium

Hashes: MD5=E4CF847182D343390B2CFEF403FDC4B4,SHA256=AD00BAC8EF95A836700EB8FCAC345AD8DA6601A45FA83416041896233269700F,IMPHASH=43C6BE584D77B658A53A9A5C606724DD

ParentProcessGuid: {fda94052-bd28-658c-5d02-000000000b00}

ParentProcessId: 6116

ParentImage: C:\Windows\System32\cmd.exe

ParentCommandLine: ""cmd.exe"" /c wmic.exe shadowcopy delete

ParentUser: WINDEV2309EVAL\User</Message>
      <Level>Information</Level>
      <Task>Process Create (rule: ProcessCreate)</Task>
      <Opcode>Info</Opcode>
    </RenderingInfo>
  </Event>
  
"
Microsoft-Windows-Sysmon/Operational,"""cmd.exe"" /c wmic.exe shadowcopy delete",Microsoft Corporation,WinDev2309Eval,,C:\Users\User\AppData\Local\Temp\,Windows Command Processor,1,9447,10.0.22621.1635 (WinBuild.160101.0800),"MD5=5A6BE4D2519515241D0C133A26CF62C0,SHA256=423E0E810A69AACEBA0E5670E58AFF898CF0EBFFAB99CCB46EBB3464C3D2FACB,IMPHASH=D73E39DAB3C8B57AA408073D01254964",C:\Windows\System32\cmd.exe,Medium,0x8000000000000000,Information,{fda94052-3502-658d-b367-080000000000},0x867b3,"Process Create:

RuleName: -

UtcTime: 2023-12-28 00:11:20.356

ProcessGuid: {fda94052-bd28-658c-5d02-000000000b00}

ProcessId: 6116

Image: C:\Windows\System32\cmd.exe

FileVersion: 10.0.22621.1635 (WinBuild.160101.0800)

Description: Windows Command Processor

Product: Microsoft® Windows® Operating System

Company: Microsoft Corporation

OriginalFileName: Cmd.Exe

CommandLine: ""cmd.exe"" /c wmic.exe shadowcopy delete

CurrentDirectory: C:\Users\User\AppData\Local\Temp\

User: WINDEV2309EVAL\User

LogonGuid: {fda94052-3502-658d-b367-080000000000}

LogonId: 0x867B3

TerminalSessionId: 1

IntegrityLevel: Medium

Hashes: MD5=5A6BE4D2519515241D0C133A26CF62C0,SHA256=423E0E810A69AACEBA0E5670E58AFF898CF0EBFFAB99CCB46EBB3464C3D2FACB,IMPHASH=D73E39DAB3C8B57AA408073D01254964

ParentProcessGuid: {fda94052-b87a-658c-2702-000000000b00}

ParentProcessId: 5076

ParentImage: C:\Windows\System32\WindowsPowerShell\v1.0\powershell.exe

ParentCommandLine: ""C:\Windows\System32\WindowsPowerShell\v1.0\powershell.exe"" -exec bypass

ParentUser: WINDEV2309EVAL\User",Info,Cmd.Exe,"""C:\Windows\System32\WindowsPowerShell\v1.0\powershell.exe"" -exec bypass",C:\Windows\System32\WindowsPowerShell\v1.0\powershell.exe,{fda94052-b87a-658c-2702-000000000b00},5076,WINDEV2309EVAL\User,{fda94052-bd28-658c-5d02-000000000b00},7044,6116,Microsoft® Windows® Operating System,,,,"
      ",-,2023-12-28T00:11:20.3571267Z,,Process Create (rule: ProcessCreate),1,6672,WINDEV2309EVAL\User,S-1-5-18,2023-12-28 00:11:20.356,5,"<Event xmlns=""http://schemas.microsoft.com/win/2004/08/events/event"">
    <System>
      <Provider Name=""Microsoft-Windows-Sysmon"" Guid=""{5770385f-c22a-43e0-bf4c-06f5698ffbd9}""/>
      <EventID>1</EventID>
      <Version>5</Version>
      <Level>4</Level>
      <Task>1</Task>
      <Opcode>0</Opcode>
      <Keywords>0x8000000000000000</Keywords>
      <TimeCreated SystemTime=""2023-12-28T00:11:20.3571267Z""/>
      <EventRecordID>9447</EventRecordID>
      <Correlation/>
      <Execution ProcessID=""7044"" ThreadID=""6672""/>
      <Channel>Microsoft-Windows-Sysmon/Operational</Channel>
      <Computer>WinDev2309Eval</Computer>
      <Security UserID=""S-1-5-18""/>
    </System>
    <EventData>
      <Data Name=""RuleName"">-</Data>
      <Data Name=""UtcTime"">2023-12-28 00:11:20.356</Data>
      <Data Name=""ProcessGuid"">{fda94052-bd28-658c-5d02-000000000b00}</Data>
      <Data Name=""ProcessId"">6116</Data>
      <Data Name=""Image"">C:\Windows\System32\cmd.exe</Data>
      <Data Name=""FileVersion"">10.0.22621.1635 (WinBuild.160101.0800)</Data>
      <Data Name=""Description"">Windows Command Processor</Data>
      <Data Name=""Product"">Microsoft&#174; Windows&#174; Operating System</Data>
      <Data Name=""Company"">Microsoft Corporation</Data>
      <Data Name=""OriginalFileName"">Cmd.Exe</Data>
      <Data Name=""CommandLine"">""cmd.exe"" /c wmic.exe shadowcopy delete</Data>
      <Data Name=""CurrentDirectory"">C:\Users\User\AppData\Local\Temp\</Data>
      <Data Name=""User"">WINDEV2309EVAL\User</Data>
      <Data Name=""LogonGuid"">{fda94052-3502-658d-b367-080000000000}</Data>
      <Data Name=""LogonId"">0x867b3</Data>
      <Data Name=""TerminalSessionId"">1</Data>
      <Data Name=""IntegrityLevel"">Medium</Data>
      <Data Name=""Hashes"">MD5=5A6BE4D2519515241D0C133A26CF62C0,SHA256=423E0E810A69AACEBA0E5670E58AFF898CF0EBFFAB99CCB46EBB3464C3D2FACB,IMPHASH=D73E39DAB3C8B57AA408073D01254964</Data>
      <Data Name=""ParentProcessGuid"">{fda94052-b87a-658c-2702-000000000b00}</Data>
      <Data Name=""ParentProcessId"">5076</Data>
      <Data Name=""ParentImage"">C:\Windows\System32\WindowsPowerShell\v1.0\powershell.exe</Data>
      <Data Name=""ParentCommandLine"">""C:\Windows\System32\WindowsPowerShell\v1.0\powershell.exe"" -exec bypass</Data>
      <Data Name=""ParentUser"">WINDEV2309EVAL\User</Data>
    </EventData>
    <RenderingInfo Culture=""en-US"">
      <Message>Process Create:

RuleName: -

UtcTime: 2023-12-28 00:11:20.356

ProcessGuid: {fda94052-bd28-658c-5d02-000000000b00}

ProcessId: 6116

Image: C:\Windows\System32\cmd.exe

FileVersion: 10.0.22621.1635 (WinBuild.160101.0800)

Description: Windows Command Processor

Product: Microsoft&#174; Windows&#174; Operating System

Company: Microsoft Corporation

OriginalFileName: Cmd.Exe

CommandLine: ""cmd.exe"" /c wmic.exe shadowcopy delete

CurrentDirectory: C:\Users\User\AppData\Local\Temp\

User: WINDEV2309EVAL\User

LogonGuid: {fda94052-3502-658d-b367-080000000000}

LogonId: 0x867B3

TerminalSessionId: 1

IntegrityLevel: Medium

Hashes: MD5=5A6BE4D2519515241D0C133A26CF62C0,SHA256=423E0E810A69AACEBA0E5670E58AFF898CF0EBFFAB99CCB46EBB3464C3D2FACB,IMPHASH=D73E39DAB3C8B57AA408073D01254964

ParentProcessGuid: {fda94052-b87a-658c-2702-000000000b00}

ParentProcessId: 5076

ParentImage: C:\Windows\System32\WindowsPowerShell\v1.0\powershell.exe

ParentCommandLine: ""C:\Windows\System32\WindowsPowerShell\v1.0\powershell.exe"" -exec bypass

ParentUser: WINDEV2309EVAL\User</Message>
      <Level>Information</Level>
      <Task>Process Create (rule: ProcessCreate)</Task>
      <Opcode>Info</Opcode>
    </RenderingInfo>
  </Event>
  
"
Microsoft-Windows-Sysmon/Operational,vssadmin.exe  delete shadows /all /quiet,Microsoft Corporation,WinDev2309Eval,,C:\Users\User\AppData\Local\Temp\,Command Line Interface for Microsoft® Volume Shadow Copy Service ,1,9446,10.0.22621.1 (WinBuild.160101.0800),"MD5=E4312AD49EBBB7C2BA3DC77FB76A8263,SHA256=39D1BCA6060207C9F8D9F3EEA060428F250F4AA542C6AAC6E66DA24464DFC10F,IMPHASH=D509661209CA0D9B45580702D62B63C0",C:\Windows\System32\vssadmin.exe,Medium,0x8000000000000000,Information,{fda94052-3502-658d-b367-080000000000},0x867b3,"Process Create:

RuleName: -

UtcTime: 2023-12-28 00:11:18.617

ProcessGuid: {fda94052-bd26-658c-5c02-000000000b00}

ProcessId: 5380

Image: C:\Windows\System32\vssadmin.exe

FileVersion: 10.0.22621.1 (WinBuild.160101.0800)

Description: Command Line Interface for Microsoft® Volume Shadow Copy Service 

Product: Microsoft® Windows® Operating System

Company: Microsoft Corporation

OriginalFileName: VSSADMIN.EXE

CommandLine: vssadmin.exe  delete shadows /all /quiet

CurrentDirectory: C:\Users\User\AppData\Local\Temp\

User: WINDEV2309EVAL\User

LogonGuid: {fda94052-3502-658d-b367-080000000000}

LogonId: 0x867B3

TerminalSessionId: 1

IntegrityLevel: Medium

Hashes: MD5=E4312AD49EBBB7C2BA3DC77FB76A8263,SHA256=39D1BCA6060207C9F8D9F3EEA060428F250F4AA542C6AAC6E66DA24464DFC10F,IMPHASH=D509661209CA0D9B45580702D62B63C0

ParentProcessGuid: {fda94052-bd26-658c-5a02-000000000b00}

ParentProcessId: 9336

ParentImage: C:\Windows\System32\cmd.exe

ParentCommandLine: ""cmd.exe"" /c vssadmin.exe delete shadows /all /quiet

ParentUser: WINDEV2309EVAL\User",Info,VSSADMIN.EXE,"""cmd.exe"" /c vssadmin.exe delete shadows /all /quiet",C:\Windows\System32\cmd.exe,{fda94052-bd26-658c-5a02-000000000b00},9336,WINDEV2309EVAL\User,{fda94052-bd26-658c-5c02-000000000b00},7044,5380,Microsoft® Windows® Operating System,,,,"
      ",-,2023-12-28T00:11:18.6238060Z,,Process Create (rule: ProcessCreate),1,6672,WINDEV2309EVAL\User,S-1-5-18,2023-12-28 00:11:18.617,5,"<Event xmlns=""http://schemas.microsoft.com/win/2004/08/events/event"">
    <System>
      <Provider Name=""Microsoft-Windows-Sysmon"" Guid=""{5770385f-c22a-43e0-bf4c-06f5698ffbd9}""/>
      <EventID>1</EventID>
      <Version>5</Version>
      <Level>4</Level>
      <Task>1</Task>
      <Opcode>0</Opcode>
      <Keywords>0x8000000000000000</Keywords>
      <TimeCreated SystemTime=""2023-12-28T00:11:18.6238060Z""/>
      <EventRecordID>9446</EventRecordID>
      <Correlation/>
      <Execution ProcessID=""7044"" ThreadID=""6672""/>
      <Channel>Microsoft-Windows-Sysmon/Operational</Channel>
      <Computer>WinDev2309Eval</Computer>
      <Security UserID=""S-1-5-18""/>
    </System>
    <EventData>
      <Data Name=""RuleName"">-</Data>
      <Data Name=""UtcTime"">2023-12-28 00:11:18.617</Data>
      <Data Name=""ProcessGuid"">{fda94052-bd26-658c-5c02-000000000b00}</Data>
      <Data Name=""ProcessId"">5380</Data>
      <Data Name=""Image"">C:\Windows\System32\vssadmin.exe</Data>
      <Data Name=""FileVersion"">10.0.22621.1 (WinBuild.160101.0800)</Data>
      <Data Name=""Description"">Command Line Interface for Microsoft&#174; Volume Shadow Copy Service </Data>
      <Data Name=""Product"">Microsoft&#174; Windows&#174; Operating System</Data>
      <Data Name=""Company"">Microsoft Corporation</Data>
      <Data Name=""OriginalFileName"">VSSADMIN.EXE</Data>
      <Data Name=""CommandLine"">vssadmin.exe  delete shadows /all /quiet</Data>
      <Data Name=""CurrentDirectory"">C:\Users\User\AppData\Local\Temp\</Data>
      <Data Name=""User"">WINDEV2309EVAL\User</Data>
      <Data Name=""LogonGuid"">{fda94052-3502-658d-b367-080000000000}</Data>
      <Data Name=""LogonId"">0x867b3</Data>
      <Data Name=""TerminalSessionId"">1</Data>
      <Data Name=""IntegrityLevel"">Medium</Data>
      <Data Name=""Hashes"">MD5=E4312AD49EBBB7C2BA3DC77FB76A8263,SHA256=39D1BCA6060207C9F8D9F3EEA060428F250F4AA542C6AAC6E66DA24464DFC10F,IMPHASH=D509661209CA0D9B45580702D62B63C0</Data>
      <Data Name=""ParentProcessGuid"">{fda94052-bd26-658c-5a02-000000000b00}</Data>
      <Data Name=""ParentProcessId"">9336</Data>
      <Data Name=""ParentImage"">C:\Windows\System32\cmd.exe</Data>
      <Data Name=""ParentCommandLine"">""cmd.exe"" /c vssadmin.exe delete shadows /all /quiet</Data>
      <Data Name=""ParentUser"">WINDEV2309EVAL\User</Data>
    </EventData>
    <RenderingInfo Culture=""en-US"">
      <Message>Process Create:

RuleName: -

UtcTime: 2023-12-28 00:11:18.617

ProcessGuid: {fda94052-bd26-658c-5c02-000000000b00}

ProcessId: 5380

Image: C:\Windows\System32\vssadmin.exe

FileVersion: 10.0.22621.1 (WinBuild.160101.0800)

Description: Command Line Interface for Microsoft&#174; Volume Shadow Copy Service 

Product: Microsoft&#174; Windows&#174; Operating System

Company: Microsoft Corporation

OriginalFileName: VSSADMIN.EXE

CommandLine: vssadmin.exe  delete shadows /all /quiet

CurrentDirectory: C:\Users\User\AppData\Local\Temp\

User: WINDEV2309EVAL\User

LogonGuid: {fda94052-3502-658d-b367-080000000000}

LogonId: 0x867B3

TerminalSessionId: 1

IntegrityLevel: Medium

Hashes: MD5=E4312AD49EBBB7C2BA3DC77FB76A8263,SHA256=39D1BCA6060207C9F8D9F3EEA060428F250F4AA542C6AAC6E66DA24464DFC10F,IMPHASH=D509661209CA0D9B45580702D62B63C0

ParentProcessGuid: {fda94052-bd26-658c-5a02-000000000b00}

ParentProcessId: 9336

ParentImage: C:\Windows\System32\cmd.exe

ParentCommandLine: ""cmd.exe"" /c vssadmin.exe delete shadows /all /quiet

ParentUser: WINDEV2309EVAL\User</Message>
      <Level>Information</Level>
      <Task>Process Create (rule: ProcessCreate)</Task>
      <Opcode>Info</Opcode>
    </RenderingInfo>
  </Event>
  
"
