Microsoft-Windows-Sysmon/Operational,"""C:\Program Files (x86)\Microsoft\EdgeWebView\Application\120.0.2210.91\msedgewebview2.exe"" --type=utility --utility-sub-type=unzip.mojom.Unzipper --lang=en-US --service-sandbox-type=service --noerrdialogs --user-data-dir=""C:\Users\User\AppData\Local\Packages\MicrosoftWindows.Client.WebExperience_cw5n1h2txyewy\LocalState\EBWebView"" --webview-exe-name=Widgets.exe --webview-exe-version=421.20070.1820.0 --embedded-browser-webview=1 --mojo-platform-channel-handle=5204 --field-trial-handle=1784,i,2295490780030403019,2821906385101450000,262144 --enable-features=MojoIpcz,UseBackgroundNativeThreadPool,UseNativeThreadPool,msWebView2TreatAppSuspendAsDeviceSuspend --variations-seed-version /prefetch:8 /pfhostedapp:017373b2a5c4ead1a08d36a47bf86195c1909a61",Microsoft Corporation,WinDev2309Eval,,C:\Program Files (x86)\Microsoft\EdgeWebView\Application\120.0.2210.91\,Microsoft Edge WebView2,1,9449,120.0.2210.91,"MD5=8094151812FF45079C840986A0489C78,SHA256=6A4E8A5761C51840CE988C9241B514028A5E45FDB386B072DB0447E3961E3A06,IMPHASH=EA4CA1F8E3B3D9373D39C13FD1348A63",C:\Program Files (x86)\Microsoft\EdgeWebView\Application\120.0.2210.91\msedgewebview2.exe,Low,0x8000000000000000,Information,{fda94052-3502-658d-b367-080000000000},0x867b3,"Process Create:

RuleName: -

UtcTime: 2023-12-28 00:25:55.307

ProcessGuid: {fda94052-c093-658c-5b02-000000000b00}

ProcessId: 5392

Image: C:\Program Files (x86)\Microsoft\EdgeWebView\Application\120.0.2210.91\msedgewebview2.exe

FileVersion: 120.0.2210.91

Description: Microsoft Edge WebView2

Product: Microsoft Edge WebView2

Company: Microsoft Corporation

OriginalFileName: msedgewebview2.exe

CommandLine: ""C:\Program Files (x86)\Microsoft\EdgeWebView\Application\120.0.2210.91\msedgewebview2.exe"" --type=utility --utility-sub-type=unzip.mojom.Unzipper --lang=en-US --service-sandbox-type=service --noerrdialogs --user-data-dir=""C:\Users\User\AppData\Local\Packages\MicrosoftWindows.Client.WebExperience_cw5n1h2txyewy\LocalState\EBWebView"" --webview-exe-name=Widgets.exe --webview-exe-version=421.20070.1820.0 --embedded-browser-webview=1 --mojo-platform-channel-handle=5204 --field-trial-handle=1784,i,2295490780030403019,2821906385101450000,262144 --enable-features=MojoIpcz,UseBackgroundNativeThreadPool,UseNativeThreadPool,msWebView2TreatAppSuspendAsDeviceSuspend --variations-seed-version /prefetch:8 /pfhostedapp:017373b2a5c4ead1a08d36a47bf86195c1909a61

CurrentDirectory: C:\Program Files (x86)\Microsoft\EdgeWebView\Application\120.0.2210.91\

User: WINDEV2309EVAL\User

LogonGuid: {fda94052-3502-658d-b367-080000000000}

LogonId: 0x867B3

TerminalSessionId: 1

IntegrityLevel: Low

Hashes: MD5=8094151812FF45079C840986A0489C78,SHA256=6A4E8A5761C51840CE988C9241B514028A5E45FDB386B072DB0447E3961E3A06,IMPHASH=EA4CA1F8E3B3D9373D39C13FD1348A63

ParentProcessGuid: {fda94052-b85d-658c-1702-000000000b00}

ParentProcessId: 4184

ParentImage: C:\Program Files (x86)\Microsoft\EdgeWebView\Application\120.0.2210.91\msedgewebview2.exe

ParentCommandLine: ""C:\Program Files (x86)\Microsoft\EdgeWebView\Application\120.0.2210.91\msedgewebview2.exe"" --embedded-browser-webview=1 --webview-exe-name=Widgets.exe --webview-exe-version=421.20070.1820.0 --user-data-dir=""C:\Users\User\AppData\Local\Packages\MicrosoftWindows.Client.WebExperience_cw5n1h2txyewy\LocalState\EBWebView"" --noerrdialogs --disk-cache-size=52428800 --edge-webview-is-background --enable-features=MojoIpcz,msWebView2TreatAppSuspendAsDeviceSuspend,UseNativeThreadPool,UseBackgroundNativeThreadPool --lang=en-US --accept-lang=en-US --mojo-named-platform-channel-pipe=8112.2288.17893317180732402091 /pfhostedapp:017373b2a5c4ead1a08d36a47bf86195c1909a61

ParentUser: WINDEV2309EVAL\User",Info,msedgewebview2.exe,"""C:\Program Files (x86)\Microsoft\EdgeWebView\Application\120.0.2210.91\msedgewebview2.exe"" --embedded-browser-webview=1 --webview-exe-name=Widgets.exe --webview-exe-version=421.20070.1820.0 --user-data-dir=""C:\Users\User\AppData\Local\Packages\MicrosoftWindows.Client.WebExperience_cw5n1h2txyewy\LocalState\EBWebView"" --noerrdialogs --disk-cache-size=52428800 --edge-webview-is-background --enable-features=MojoIpcz,msWebView2TreatAppSuspendAsDeviceSuspend,UseNativeThreadPool,UseBackgroundNativeThreadPool --lang=en-US --accept-lang=en-US --mojo-named-platform-channel-pipe=8112.2288.17893317180732402091 /pfhostedapp:017373b2a5c4ead1a08d36a47bf86195c1909a61",C:\Program Files (x86)\Microsoft\EdgeWebView\Application\120.0.2210.91\msedgewebview2.exe,{fda94052-b85d-658c-1702-000000000b00},4184,WINDEV2309EVAL\User,{fda94052-c093-658c-5b02-000000000b00},7044,5392,Microsoft Edge WebView2,,,,"
      ",-,2023-12-28T00:25:55.3090209Z,,Process Create (rule: ProcessCreate),1,6672,WINDEV2309EVAL\User,S-1-5-18,2023-12-28 00:25:55.307,5,"<Event xmlns=""http://schemas.microsoft.com/win/2004/08/events/event"">
    <System>
      <Provider Name=""Microsoft-Windows-Sysmon"" Guid=""{5770385f-c22a-43e0-bf4c-06f5698ffbd9}""/>
      <EventID>1</EventID>
      <Version>5</Version>
      <Level>4</Level>
      <Task>1</Task>
      <Opcode>0</Opcode>
      <Keywords>0x8000000000000000</Keywords>
      <TimeCreated SystemTime=""2023-12-28T00:25:55.3090209Z""/>
      <EventRecordID>9449</EventRecordID>
      <Correlation/>
      <Execution ProcessID=""7044"" ThreadID=""6672""/>
      <Channel>Microsoft-Windows-Sysmon/Operational</Channel>
      <Computer>WinDev2309Eval</Computer>
      <Security UserID=""S-1-5-18""/>
    </System>
    <EventData>
      <Data Name=""RuleName"">-</Data>
      <Data Name=""UtcTime"">2023-12-28 00:25:55.307</Data>
      <Data Name=""ProcessGuid"">{fda94052-c093-658c-5b02-000000000b00}</Data>
      <Data Name=""ProcessId"">5392</Data>
      <Data Name=""Image"">C:\Program Files (x86)\Microsoft\EdgeWebView\Application\120.0.2210.91\msedgewebview2.exe</Data>
      <Data Name=""FileVersion"">120.0.2210.91</Data>
      <Data Name=""Description"">Microsoft Edge WebView2</Data>
      <Data Name=""Product"">Microsoft Edge WebView2</Data>
      <Data Name=""Company"">Microsoft Corporation</Data>
      <Data Name=""OriginalFileName"">msedgewebview2.exe</Data>
      <Data Name=""CommandLine"">""C:\Program Files (x86)\Microsoft\EdgeWebView\Application\120.0.2210.91\msedgewebview2.exe"" --type=utility --utility-sub-type=unzip.mojom.Unzipper --lang=en-US --service-sandbox-type=service --noerrdialogs --user-data-dir=""C:\Users\User\AppData\Local\Packages\MicrosoftWindows.Client.WebExperience_cw5n1h2txyewy\LocalState\EBWebView"" --webview-exe-name=Widgets.exe --webview-exe-version=421.20070.1820.0 --embedded-browser-webview=1 --mojo-platform-channel-handle=5204 --field-trial-handle=1784,i,2295490780030403019,2821906385101450000,262144 --enable-features=MojoIpcz,UseBackgroundNativeThreadPool,UseNativeThreadPool,msWebView2TreatAppSuspendAsDeviceSuspend --variations-seed-version /prefetch:8 /pfhostedapp:017373b2a5c4ead1a08d36a47bf86195c1909a61</Data>
      <Data Name=""CurrentDirectory"">C:\Program Files (x86)\Microsoft\EdgeWebView\Application\120.0.2210.91\</Data>
      <Data Name=""User"">WINDEV2309EVAL\User</Data>
      <Data Name=""LogonGuid"">{fda94052-3502-658d-b367-080000000000}</Data>
      <Data Name=""LogonId"">0x867b3</Data>
      <Data Name=""TerminalSessionId"">1</Data>
      <Data Name=""IntegrityLevel"">Low</Data>
      <Data Name=""Hashes"">MD5=8094151812FF45079C840986A0489C78,SHA256=6A4E8A5761C51840CE988C9241B514028A5E45FDB386B072DB0447E3961E3A06,IMPHASH=EA4CA1F8E3B3D9373D39C13FD1348A63</Data>
      <Data Name=""ParentProcessGuid"">{fda94052-b85d-658c-1702-000000000b00}</Data>
      <Data Name=""ParentProcessId"">4184</Data>
      <Data Name=""ParentImage"">C:\Program Files (x86)\Microsoft\EdgeWebView\Application\120.0.2210.91\msedgewebview2.exe</Data>
      <Data Name=""ParentCommandLine"">""C:\Program Files (x86)\Microsoft\EdgeWebView\Application\120.0.2210.91\msedgewebview2.exe"" --embedded-browser-webview=1 --webview-exe-name=Widgets.exe --webview-exe-version=421.20070.1820.0 --user-data-dir=""C:\Users\User\AppData\Local\Packages\MicrosoftWindows.Client.WebExperience_cw5n1h2txyewy\LocalState\EBWebView"" --noerrdialogs --disk-cache-size=52428800 --edge-webview-is-background --enable-features=MojoIpcz,msWebView2TreatAppSuspendAsDeviceSuspend,UseNativeThreadPool,UseBackgroundNativeThreadPool --lang=en-US --accept-lang=en-US --mojo-named-platform-channel-pipe=8112.2288.17893317180732402091 /pfhostedapp:017373b2a5c4ead1a08d36a47bf86195c1909a61</Data>
      <Data Name=""ParentUser"">WINDEV2309EVAL\User</Data>
    </EventData>
    <RenderingInfo Culture=""en-US"">
      <Message>Process Create:

RuleName: -

UtcTime: 2023-12-28 00:25:55.307

ProcessGuid: {fda94052-c093-658c-5b02-000000000b00}

ProcessId: 5392

Image: C:\Program Files (x86)\Microsoft\EdgeWebView\Application\120.0.2210.91\msedgewebview2.exe

FileVersion: 120.0.2210.91

Description: Microsoft Edge WebView2

Product: Microsoft Edge WebView2

Company: Microsoft Corporation

OriginalFileName: msedgewebview2.exe

CommandLine: ""C:\Program Files (x86)\Microsoft\EdgeWebView\Application\120.0.2210.91\msedgewebview2.exe"" --type=utility --utility-sub-type=unzip.mojom.Unzipper --lang=en-US --service-sandbox-type=service --noerrdialogs --user-data-dir=""C:\Users\User\AppData\Local\Packages\MicrosoftWindows.Client.WebExperience_cw5n1h2txyewy\LocalState\EBWebView"" --webview-exe-name=Widgets.exe --webview-exe-version=421.20070.1820.0 --embedded-browser-webview=1 --mojo-platform-channel-handle=5204 --field-trial-handle=1784,i,2295490780030403019,2821906385101450000,262144 --enable-features=MojoIpcz,UseBackgroundNativeThreadPool,UseNativeThreadPool,msWebView2TreatAppSuspendAsDeviceSuspend --variations-seed-version /prefetch:8 /pfhostedapp:017373b2a5c4ead1a08d36a47bf86195c1909a61

CurrentDirectory: C:\Program Files (x86)\Microsoft\EdgeWebView\Application\120.0.2210.91\

User: WINDEV2309EVAL\User

LogonGuid: {fda94052-3502-658d-b367-080000000000}

LogonId: 0x867B3

TerminalSessionId: 1

IntegrityLevel: Low

Hashes: MD5=8094151812FF45079C840986A0489C78,SHA256=6A4E8A5761C51840CE988C9241B514028A5E45FDB386B072DB0447E3961E3A06,IMPHASH=EA4CA1F8E3B3D9373D39C13FD1348A63

ParentProcessGuid: {fda94052-b85d-658c-1702-000000000b00}

ParentProcessId: 4184

ParentImage: C:\Program Files (x86)\Microsoft\EdgeWebView\Application\120.0.2210.91\msedgewebview2.exe

ParentCommandLine: ""C:\Program Files (x86)\Microsoft\EdgeWebView\Application\120.0.2210.91\msedgewebview2.exe"" --embedded-browser-webview=1 --webview-exe-name=Widgets.exe --webview-exe-version=421.20070.1820.0 --user-data-dir=""C:\Users\User\AppData\Local\Packages\MicrosoftWindows.Client.WebExperience_cw5n1h2txyewy\LocalState\EBWebView"" --noerrdialogs --disk-cache-size=52428800 --edge-webview-is-background --enable-features=MojoIpcz,msWebView2TreatAppSuspendAsDeviceSuspend,UseNativeThreadPool,UseBackgroundNativeThreadPool --lang=en-US --accept-lang=en-US --mojo-named-platform-channel-pipe=8112.2288.17893317180732402091 /pfhostedapp:017373b2a5c4ead1a08d36a47bf86195c1909a61

ParentUser: WINDEV2309EVAL\User</Message>
      <Level>Information</Level>
      <Task>Process Create (rule: ProcessCreate)</Task>
      <Opcode>Info</Opcode>
    </RenderingInfo>
  </Event>
  
"
Microsoft-Windows-Sysmon/Operational,"""C:\Program Files (x86)\Microsoft\Edge\Application\msedge.exe"" --type=utility --utility-sub-type=unzip.mojom.Unzipper --lang=en-US --service-sandbox-type=service --mojo-platform-channel-handle=5052 --field-trial-handle=2012,i,14121881332492415831,1209340753367914572,262144 --variations-seed-version /prefetch:8",Microsoft Corporation,WinDev2309Eval,,C:\Program Files (x86)\Microsoft\Edge\Application\120.0.2210.91\,Microsoft Edge,1,9448,120.0.2210.91,"MD5=F6E7A024CC79AC12294D0DA6072C5073,SHA256=628792B5B5A4D71B8D66B1A1C6B775B84E3A5E64C0C05B8D7138164FBAD5C21A,IMPHASH=EA4CA1F8E3B3D9373D39C13FD1348A63",C:\Program Files (x86)\Microsoft\Edge\Application\msedge.exe,Low,0x8000000000000000,Information,{fda94052-3502-658d-b367-080000000000},0x867b3,"Process Create:

RuleName: -

UtcTime: 2023-12-28 00:25:55.225

ProcessGuid: {fda94052-c093-658c-5a02-000000000b00}

ProcessId: 2552

Image: C:\Program Files (x86)\Microsoft\Edge\Application\msedge.exe

FileVersion: 120.0.2210.91

Description: Microsoft Edge

Product: Microsoft Edge

Company: Microsoft Corporation

OriginalFileName: msedge.exe

CommandLine: ""C:\Program Files (x86)\Microsoft\Edge\Application\msedge.exe"" --type=utility --utility-sub-type=unzip.mojom.Unzipper --lang=en-US --service-sandbox-type=service --mojo-platform-channel-handle=5052 --field-trial-handle=2012,i,14121881332492415831,1209340753367914572,262144 --variations-seed-version /prefetch:8

CurrentDirectory: C:\Program Files (x86)\Microsoft\Edge\Application\120.0.2210.91\

User: WINDEV2309EVAL\User

LogonGuid: {fda94052-3502-658d-b367-080000000000}

LogonId: 0x867B3

TerminalSessionId: 1

IntegrityLevel: Low

Hashes: MD5=F6E7A024CC79AC12294D0DA6072C5073,SHA256=628792B5B5A4D71B8D66B1A1C6B775B84E3A5E64C0C05B8D7138164FBAD5C21A,IMPHASH=EA4CA1F8E3B3D9373D39C13FD1348A63

ParentProcessGuid: {fda94052-b84e-658c-0402-000000000b00}

ParentProcessId: 8488

ParentImage: C:\Program Files (x86)\Microsoft\Edge\Application\msedge.exe

ParentCommandLine: ""C:\Program Files (x86)\Microsoft\Edge\Application\msedge.exe"" --no-startup-window /prefetch:5

ParentUser: WINDEV2309EVAL\User",Info,msedge.exe,"""C:\Program Files (x86)\Microsoft\Edge\Application\msedge.exe"" --no-startup-window /prefetch:5",C:\Program Files (x86)\Microsoft\Edge\Application\msedge.exe,{fda94052-b84e-658c-0402-000000000b00},8488,WINDEV2309EVAL\User,{fda94052-c093-658c-5a02-000000000b00},7044,2552,Microsoft Edge,,,,"
      ",-,2023-12-28T00:25:55.2273682Z,,Process Create (rule: ProcessCreate),1,6672,WINDEV2309EVAL\User,S-1-5-18,2023-12-28 00:25:55.225,5,"<Event xmlns=""http://schemas.microsoft.com/win/2004/08/events/event"">
    <System>
      <Provider Name=""Microsoft-Windows-Sysmon"" Guid=""{5770385f-c22a-43e0-bf4c-06f5698ffbd9}""/>
      <EventID>1</EventID>
      <Version>5</Version>
      <Level>4</Level>
      <Task>1</Task>
      <Opcode>0</Opcode>
      <Keywords>0x8000000000000000</Keywords>
      <TimeCreated SystemTime=""2023-12-28T00:25:55.2273682Z""/>
      <EventRecordID>9448</EventRecordID>
      <Correlation/>
      <Execution ProcessID=""7044"" ThreadID=""6672""/>
      <Channel>Microsoft-Windows-Sysmon/Operational</Channel>
      <Computer>WinDev2309Eval</Computer>
      <Security UserID=""S-1-5-18""/>
    </System>
    <EventData>
      <Data Name=""RuleName"">-</Data>
      <Data Name=""UtcTime"">2023-12-28 00:25:55.225</Data>
      <Data Name=""ProcessGuid"">{fda94052-c093-658c-5a02-000000000b00}</Data>
      <Data Name=""ProcessId"">2552</Data>
      <Data Name=""Image"">C:\Program Files (x86)\Microsoft\Edge\Application\msedge.exe</Data>
      <Data Name=""FileVersion"">120.0.2210.91</Data>
      <Data Name=""Description"">Microsoft Edge</Data>
      <Data Name=""Product"">Microsoft Edge</Data>
      <Data Name=""Company"">Microsoft Corporation</Data>
      <Data Name=""OriginalFileName"">msedge.exe</Data>
      <Data Name=""CommandLine"">""C:\Program Files (x86)\Microsoft\Edge\Application\msedge.exe"" --type=utility --utility-sub-type=unzip.mojom.Unzipper --lang=en-US --service-sandbox-type=service --mojo-platform-channel-handle=5052 --field-trial-handle=2012,i,14121881332492415831,1209340753367914572,262144 --variations-seed-version /prefetch:8</Data>
      <Data Name=""CurrentDirectory"">C:\Program Files (x86)\Microsoft\Edge\Application\120.0.2210.91\</Data>
      <Data Name=""User"">WINDEV2309EVAL\User</Data>
      <Data Name=""LogonGuid"">{fda94052-3502-658d-b367-080000000000}</Data>
      <Data Name=""LogonId"">0x867b3</Data>
      <Data Name=""TerminalSessionId"">1</Data>
      <Data Name=""IntegrityLevel"">Low</Data>
      <Data Name=""Hashes"">MD5=F6E7A024CC79AC12294D0DA6072C5073,SHA256=628792B5B5A4D71B8D66B1A1C6B775B84E3A5E64C0C05B8D7138164FBAD5C21A,IMPHASH=EA4CA1F8E3B3D9373D39C13FD1348A63</Data>
      <Data Name=""ParentProcessGuid"">{fda94052-b84e-658c-0402-000000000b00}</Data>
      <Data Name=""ParentProcessId"">8488</Data>
      <Data Name=""ParentImage"">C:\Program Files (x86)\Microsoft\Edge\Application\msedge.exe</Data>
      <Data Name=""ParentCommandLine"">""C:\Program Files (x86)\Microsoft\Edge\Application\msedge.exe"" --no-startup-window /prefetch:5</Data>
      <Data Name=""ParentUser"">WINDEV2309EVAL\User</Data>
    </EventData>
    <RenderingInfo Culture=""en-US"">
      <Message>Process Create:

RuleName: -

UtcTime: 2023-12-28 00:25:55.225

ProcessGuid: {fda94052-c093-658c-5a02-000000000b00}

ProcessId: 2552

Image: C:\Program Files (x86)\Microsoft\Edge\Application\msedge.exe

FileVersion: 120.0.2210.91

Description: Microsoft Edge

Product: Microsoft Edge

Company: Microsoft Corporation

OriginalFileName: msedge.exe

CommandLine: ""C:\Program Files (x86)\Microsoft\Edge\Application\msedge.exe"" --type=utility --utility-sub-type=unzip.mojom.Unzipper --lang=en-US --service-sandbox-type=service --mojo-platform-channel-handle=5052 --field-trial-handle=2012,i,14121881332492415831,1209340753367914572,262144 --variations-seed-version /prefetch:8

CurrentDirectory: C:\Program Files (x86)\Microsoft\Edge\Application\120.0.2210.91\

User: WINDEV2309EVAL\User

LogonGuid: {fda94052-3502-658d-b367-080000000000}

LogonId: 0x867B3

TerminalSessionId: 1

IntegrityLevel: Low

Hashes: MD5=F6E7A024CC79AC12294D0DA6072C5073,SHA256=628792B5B5A4D71B8D66B1A1C6B775B84E3A5E64C0C05B8D7138164FBAD5C21A,IMPHASH=EA4CA1F8E3B3D9373D39C13FD1348A63

ParentProcessGuid: {fda94052-b84e-658c-0402-000000000b00}

ParentProcessId: 8488

ParentImage: C:\Program Files (x86)\Microsoft\Edge\Application\msedge.exe

ParentCommandLine: ""C:\Program Files (x86)\Microsoft\Edge\Application\msedge.exe"" --no-startup-window /prefetch:5

ParentUser: WINDEV2309EVAL\User</Message>
      <Level>Information</Level>
      <Task>Process Create (rule: ProcessCreate)</Task>
      <Opcode>Info</Opcode>
    </RenderingInfo>
  </Event>
  
"
Microsoft-Windows-Sysmon/Operational,,,WinDev2309Eval,2023-12-02 04:35:48.000,,,11,9447,,,C:\Windows\system32\svchost.exe,,0x8000000000000000,Information,,,"File created:

RuleName: DLL

UtcTime: 2023-12-28 00:25:55.201

ProcessGuid: {fda94052-34fa-658d-8a00-000000000b00}

ProcessId: 5868

Image: C:\Windows\system32\svchost.exe

TargetFilename: C:\Windows\SoftwareDistribution\Download\7bd97cc524ebd8114e77ca1991fbf2f3\Metadata\AppxDeviceInventory.dll

CreationUtcTime: 2023-12-02 04:35:48.000

User: NT AUTHORITY\SYSTEM",Info,,,,,,,{fda94052-34fa-658d-8a00-000000000b00},7044,5868,,,,,"
      ",DLL,2023-12-28T00:25:55.2171928Z,C:\Windows\SoftwareDistribution\Download\7bd97cc524ebd8114e77ca1991fbf2f3\Metadata\AppxDeviceInventory.dll,File created (rule: FileCreate),,6672,NT AUTHORITY\SYSTEM,S-1-5-18,2023-12-28 00:25:55.201,2,"<Event xmlns=""http://schemas.microsoft.com/win/2004/08/events/event"">
    <System>
      <Provider Name=""Microsoft-Windows-Sysmon"" Guid=""{5770385f-c22a-43e0-bf4c-06f5698ffbd9}""/>
      <EventID>11</EventID>
      <Version>2</Version>
      <Level>4</Level>
      <Task>11</Task>
      <Opcode>0</Opcode>
      <Keywords>0x8000000000000000</Keywords>
      <TimeCreated SystemTime=""2023-12-28T00:25:55.2171928Z""/>
      <EventRecordID>9447</EventRecordID>
      <Correlation/>
      <Execution ProcessID=""7044"" ThreadID=""6672""/>
      <Channel>Microsoft-Windows-Sysmon/Operational</Channel>
      <Computer>WinDev2309Eval</Computer>
      <Security UserID=""S-1-5-18""/>
    </System>
    <EventData>
      <Data Name=""RuleName"">DLL</Data>
      <Data Name=""UtcTime"">2023-12-28 00:25:55.201</Data>
      <Data Name=""ProcessGuid"">{fda94052-34fa-658d-8a00-000000000b00}</Data>
      <Data Name=""ProcessId"">5868</Data>
      <Data Name=""Image"">C:\Windows\system32\svchost.exe</Data>
      <Data Name=""TargetFilename"">C:\Windows\SoftwareDistribution\Download\7bd97cc524ebd8114e77ca1991fbf2f3\Metadata\AppxDeviceInventory.dll</Data>
      <Data Name=""CreationUtcTime"">2023-12-02 04:35:48.000</Data>
      <Data Name=""User"">NT AUTHORITY\SYSTEM</Data>
    </EventData>
    <RenderingInfo Culture=""en-US"">
      <Message>File created:

RuleName: DLL

UtcTime: 2023-12-28 00:25:55.201

ProcessGuid: {fda94052-34fa-658d-8a00-000000000b00}

ProcessId: 5868

Image: C:\Windows\system32\svchost.exe

TargetFilename: C:\Windows\SoftwareDistribution\Download\7bd97cc524ebd8114e77ca1991fbf2f3\Metadata\AppxDeviceInventory.dll

CreationUtcTime: 2023-12-02 04:35:48.000

User: NT AUTHORITY\SYSTEM</Message>
      <Level>Information</Level>
      <Task>File created (rule: FileCreate)</Task>
      <Opcode>Info</Opcode>
    </RenderingInfo>
  </Event>
  
"
Microsoft-Windows-Sysmon/Operational,,,WinDev2309Eval,2023-12-02 04:13:16.000,,,11,9446,,,C:\Windows\system32\svchost.exe,,0x8000000000000000,Information,,,"File created:

RuleName: DLL

UtcTime: 2023-12-28 00:25:55.201

ProcessGuid: {fda94052-34fa-658d-8a00-000000000b00}

ProcessId: 5868

Image: C:\Windows\system32\svchost.exe

TargetFilename: C:\Windows\SoftwareDistribution\Download\7bd97cc524ebd8114e77ca1991fbf2f3\Metadata\UpdateDeploy.dll

CreationUtcTime: 2023-12-02 04:13:16.000

User: NT AUTHORITY\SYSTEM",Info,,,,,,,{fda94052-34fa-658d-8a00-000000000b00},7044,5868,,,,,"
      ",DLL,2023-12-28T00:25:55.2101885Z,C:\Windows\SoftwareDistribution\Download\7bd97cc524ebd8114e77ca1991fbf2f3\Metadata\UpdateDeploy.dll,File created (rule: FileCreate),,6672,NT AUTHORITY\SYSTEM,S-1-5-18,2023-12-28 00:25:55.201,2,"<Event xmlns=""http://schemas.microsoft.com/win/2004/08/events/event"">
    <System>
      <Provider Name=""Microsoft-Windows-Sysmon"" Guid=""{5770385f-c22a-43e0-bf4c-06f5698ffbd9}""/>
      <EventID>11</EventID>
      <Version>2</Version>
      <Level>4</Level>
      <Task>11</Task>
      <Opcode>0</Opcode>
      <Keywords>0x8000000000000000</Keywords>
      <TimeCreated SystemTime=""2023-12-28T00:25:55.2101885Z""/>
      <EventRecordID>9446</EventRecordID>
      <Correlation/>
      <Execution ProcessID=""7044"" ThreadID=""6672""/>
      <Channel>Microsoft-Windows-Sysmon/Operational</Channel>
      <Computer>WinDev2309Eval</Computer>
      <Security UserID=""S-1-5-18""/>
    </System>
    <EventData>
      <Data Name=""RuleName"">DLL</Data>
      <Data Name=""UtcTime"">2023-12-28 00:25:55.201</Data>
      <Data Name=""ProcessGuid"">{fda94052-34fa-658d-8a00-000000000b00}</Data>
      <Data Name=""ProcessId"">5868</Data>
      <Data Name=""Image"">C:\Windows\system32\svchost.exe</Data>
      <Data Name=""TargetFilename"">C:\Windows\SoftwareDistribution\Download\7bd97cc524ebd8114e77ca1991fbf2f3\Metadata\UpdateDeploy.dll</Data>
      <Data Name=""CreationUtcTime"">2023-12-02 04:13:16.000</Data>
      <Data Name=""User"">NT AUTHORITY\SYSTEM</Data>
    </EventData>
    <RenderingInfo Culture=""en-US"">
      <Message>File created:

RuleName: DLL

UtcTime: 2023-12-28 00:25:55.201

ProcessGuid: {fda94052-34fa-658d-8a00-000000000b00}

ProcessId: 5868

Image: C:\Windows\system32\svchost.exe

TargetFilename: C:\Windows\SoftwareDistribution\Download\7bd97cc524ebd8114e77ca1991fbf2f3\Metadata\UpdateDeploy.dll

CreationUtcTime: 2023-12-02 04:13:16.000

User: NT AUTHORITY\SYSTEM</Message>
      <Level>Information</Level>
      <Task>File created (rule: FileCreate)</Task>
      <Opcode>Info</Opcode>
    </RenderingInfo>
  </Event>
  
"
Microsoft-Windows-Sysmon/Operational,,,WinDev2309Eval,2023-12-02 09:56:52.000,,,11,9445,,,C:\Windows\system32\svchost.exe,,0x8000000000000000,Information,,,"File created:

RuleName: DLL

UtcTime: 2023-12-28 00:25:55.201

ProcessGuid: {fda94052-34fa-658d-8a00-000000000b00}

ProcessId: 5868

Image: C:\Windows\system32\svchost.exe

TargetFilename: C:\Windows\SoftwareDistribution\Download\7bd97cc524ebd8114e77ca1991fbf2f3\Metadata\WinREAgent.dll

CreationUtcTime: 2023-12-02 09:56:52.000

User: NT AUTHORITY\SYSTEM",Info,,,,,,,{fda94052-34fa-658d-8a00-000000000b00},7044,5868,,,,,"
      ",DLL,2023-12-28T00:25:55.2030533Z,C:\Windows\SoftwareDistribution\Download\7bd97cc524ebd8114e77ca1991fbf2f3\Metadata\WinREAgent.dll,File created (rule: FileCreate),,6672,NT AUTHORITY\SYSTEM,S-1-5-18,2023-12-28 00:25:55.201,2,"<Event xmlns=""http://schemas.microsoft.com/win/2004/08/events/event"">
    <System>
      <Provider Name=""Microsoft-Windows-Sysmon"" Guid=""{5770385f-c22a-43e0-bf4c-06f5698ffbd9}""/>
      <EventID>11</EventID>
      <Version>2</Version>
      <Level>4</Level>
      <Task>11</Task>
      <Opcode>0</Opcode>
      <Keywords>0x8000000000000000</Keywords>
      <TimeCreated SystemTime=""2023-12-28T00:25:55.2030533Z""/>
      <EventRecordID>9445</EventRecordID>
      <Correlation/>
      <Execution ProcessID=""7044"" ThreadID=""6672""/>
      <Channel>Microsoft-Windows-Sysmon/Operational</Channel>
      <Computer>WinDev2309Eval</Computer>
      <Security UserID=""S-1-5-18""/>
    </System>
    <EventData>
      <Data Name=""RuleName"">DLL</Data>
      <Data Name=""UtcTime"">2023-12-28 00:25:55.201</Data>
      <Data Name=""ProcessGuid"">{fda94052-34fa-658d-8a00-000000000b00}</Data>
      <Data Name=""ProcessId"">5868</Data>
      <Data Name=""Image"">C:\Windows\system32\svchost.exe</Data>
      <Data Name=""TargetFilename"">C:\Windows\SoftwareDistribution\Download\7bd97cc524ebd8114e77ca1991fbf2f3\Metadata\WinREAgent.dll</Data>
      <Data Name=""CreationUtcTime"">2023-12-02 09:56:52.000</Data>
      <Data Name=""User"">NT AUTHORITY\SYSTEM</Data>
    </EventData>
    <RenderingInfo Culture=""en-US"">
      <Message>File created:

RuleName: DLL

UtcTime: 2023-12-28 00:25:55.201

ProcessGuid: {fda94052-34fa-658d-8a00-000000000b00}

ProcessId: 5868

Image: C:\Windows\system32\svchost.exe

TargetFilename: C:\Windows\SoftwareDistribution\Download\7bd97cc524ebd8114e77ca1991fbf2f3\Metadata\WinREAgent.dll

CreationUtcTime: 2023-12-02 09:56:52.000

User: NT AUTHORITY\SYSTEM</Message>
      <Level>Information</Level>
      <Task>File created (rule: FileCreate)</Task>
      <Opcode>Info</Opcode>
    </RenderingInfo>
  </Event>
  
"
Microsoft-Windows-Sysmon/Operational,,,WinDev2309Eval,2023-12-02 04:14:20.000,,,11,9444,,,C:\Windows\system32\svchost.exe,,0x8000000000000000,Information,,,"File created:

RuleName: DLL

UtcTime: 2023-12-28 00:25:55.186

ProcessGuid: {fda94052-34fa-658d-8a00-000000000b00}

ProcessId: 5868

Image: C:\Windows\system32\svchost.exe

TargetFilename: C:\Windows\SoftwareDistribution\Download\7bd97cc524ebd8114e77ca1991fbf2f3\Metadata\ReserveManager.dll

CreationUtcTime: 2023-12-02 04:14:20.000

User: NT AUTHORITY\SYSTEM",Info,,,,,,,{fda94052-34fa-658d-8a00-000000000b00},7044,5868,,,,,"
      ",DLL,2023-12-28T00:25:55.1982245Z,C:\Windows\SoftwareDistribution\Download\7bd97cc524ebd8114e77ca1991fbf2f3\Metadata\ReserveManager.dll,File created (rule: FileCreate),,6672,NT AUTHORITY\SYSTEM,S-1-5-18,2023-12-28 00:25:55.186,2,"<Event xmlns=""http://schemas.microsoft.com/win/2004/08/events/event"">
    <System>
      <Provider Name=""Microsoft-Windows-Sysmon"" Guid=""{5770385f-c22a-43e0-bf4c-06f5698ffbd9}""/>
      <EventID>11</EventID>
      <Version>2</Version>
      <Level>4</Level>
      <Task>11</Task>
      <Opcode>0</Opcode>
      <Keywords>0x8000000000000000</Keywords>
      <TimeCreated SystemTime=""2023-12-28T00:25:55.1982245Z""/>
      <EventRecordID>9444</EventRecordID>
      <Correlation/>
      <Execution ProcessID=""7044"" ThreadID=""6672""/>
      <Channel>Microsoft-Windows-Sysmon/Operational</Channel>
      <Computer>WinDev2309Eval</Computer>
      <Security UserID=""S-1-5-18""/>
    </System>
    <EventData>
      <Data Name=""RuleName"">DLL</Data>
      <Data Name=""UtcTime"">2023-12-28 00:25:55.186</Data>
      <Data Name=""ProcessGuid"">{fda94052-34fa-658d-8a00-000000000b00}</Data>
      <Data Name=""ProcessId"">5868</Data>
      <Data Name=""Image"">C:\Windows\system32\svchost.exe</Data>
      <Data Name=""TargetFilename"">C:\Windows\SoftwareDistribution\Download\7bd97cc524ebd8114e77ca1991fbf2f3\Metadata\ReserveManager.dll</Data>
      <Data Name=""CreationUtcTime"">2023-12-02 04:14:20.000</Data>
      <Data Name=""User"">NT AUTHORITY\SYSTEM</Data>
    </EventData>
    <RenderingInfo Culture=""en-US"">
      <Message>File created:

RuleName: DLL

UtcTime: 2023-12-28 00:25:55.186

ProcessGuid: {fda94052-34fa-658d-8a00-000000000b00}

ProcessId: 5868

Image: C:\Windows\system32\svchost.exe

TargetFilename: C:\Windows\SoftwareDistribution\Download\7bd97cc524ebd8114e77ca1991fbf2f3\Metadata\ReserveManager.dll

CreationUtcTime: 2023-12-02 04:14:20.000

User: NT AUTHORITY\SYSTEM</Message>
      <Level>Information</Level>
      <Task>File created (rule: FileCreate)</Task>
      <Opcode>Info</Opcode>
    </RenderingInfo>
  </Event>
  
"
Microsoft-Windows-Sysmon/Operational,,,WinDev2309Eval,2023-12-02 04:14:10.000,,,11,9443,,,C:\Windows\system32\svchost.exe,,0x8000000000000000,Information,,,"File created:

RuleName: DLL

UtcTime: 2023-12-28 00:25:55.171

ProcessGuid: {fda94052-34fa-658d-8a00-000000000b00}

ProcessId: 5868

Image: C:\Windows\system32\svchost.exe

TargetFilename: C:\Windows\SoftwareDistribution\Download\7bd97cc524ebd8114e77ca1991fbf2f3\Metadata\TurboStack.dll

CreationUtcTime: 2023-12-02 04:14:10.000

User: NT AUTHORITY\SYSTEM",Info,,,,,,,{fda94052-34fa-658d-8a00-000000000b00},7044,5868,,,,,"
      ",DLL,2023-12-28T00:25:55.1820342Z,C:\Windows\SoftwareDistribution\Download\7bd97cc524ebd8114e77ca1991fbf2f3\Metadata\TurboStack.dll,File created (rule: FileCreate),,6672,NT AUTHORITY\SYSTEM,S-1-5-18,2023-12-28 00:25:55.171,2,"<Event xmlns=""http://schemas.microsoft.com/win/2004/08/events/event"">
    <System>
      <Provider Name=""Microsoft-Windows-Sysmon"" Guid=""{5770385f-c22a-43e0-bf4c-06f5698ffbd9}""/>
      <EventID>11</EventID>
      <Version>2</Version>
      <Level>4</Level>
      <Task>11</Task>
      <Opcode>0</Opcode>
      <Keywords>0x8000000000000000</Keywords>
      <TimeCreated SystemTime=""2023-12-28T00:25:55.1820342Z""/>
      <EventRecordID>9443</EventRecordID>
      <Correlation/>
      <Execution ProcessID=""7044"" ThreadID=""6672""/>
      <Channel>Microsoft-Windows-Sysmon/Operational</Channel>
      <Computer>WinDev2309Eval</Computer>
      <Security UserID=""S-1-5-18""/>
    </System>
    <EventData>
      <Data Name=""RuleName"">DLL</Data>
      <Data Name=""UtcTime"">2023-12-28 00:25:55.171</Data>
      <Data Name=""ProcessGuid"">{fda94052-34fa-658d-8a00-000000000b00}</Data>
      <Data Name=""ProcessId"">5868</Data>
      <Data Name=""Image"">C:\Windows\system32\svchost.exe</Data>
      <Data Name=""TargetFilename"">C:\Windows\SoftwareDistribution\Download\7bd97cc524ebd8114e77ca1991fbf2f3\Metadata\TurboStack.dll</Data>
      <Data Name=""CreationUtcTime"">2023-12-02 04:14:10.000</Data>
      <Data Name=""User"">NT AUTHORITY\SYSTEM</Data>
    </EventData>
    <RenderingInfo Culture=""en-US"">
      <Message>File created:

RuleName: DLL

UtcTime: 2023-12-28 00:25:55.171

ProcessGuid: {fda94052-34fa-658d-8a00-000000000b00}

ProcessId: 5868

Image: C:\Windows\system32\svchost.exe

TargetFilename: C:\Windows\SoftwareDistribution\Download\7bd97cc524ebd8114e77ca1991fbf2f3\Metadata\TurboStack.dll

CreationUtcTime: 2023-12-02 04:14:10.000

User: NT AUTHORITY\SYSTEM</Message>
      <Level>Information</Level>
      <Task>File created (rule: FileCreate)</Task>
      <Opcode>Info</Opcode>
    </RenderingInfo>
  </Event>
  
"
Microsoft-Windows-Sysmon/Operational,,,WinDev2309Eval,2023-12-02 04:14:28.000,,,11,9442,,,C:\Windows\system32\svchost.exe,,0x8000000000000000,Information,,,"File created:

RuleName: DLL

UtcTime: 2023-12-28 00:25:55.121

ProcessGuid: {fda94052-34fa-658d-8a00-000000000b00}

ProcessId: 5868

Image: C:\Windows\system32\svchost.exe

TargetFilename: C:\Windows\SoftwareDistribution\Download\7bd97cc524ebd8114e77ca1991fbf2f3\Metadata\wcp.dll

CreationUtcTime: 2023-12-02 04:14:28.000

User: NT AUTHORITY\SYSTEM",Info,,,,,,,{fda94052-34fa-658d-8a00-000000000b00},7044,5868,,,,,"
      ",DLL,2023-12-28T00:25:55.1341844Z,C:\Windows\SoftwareDistribution\Download\7bd97cc524ebd8114e77ca1991fbf2f3\Metadata\wcp.dll,File created (rule: FileCreate),,6672,NT AUTHORITY\SYSTEM,S-1-5-18,2023-12-28 00:25:55.121,2,"<Event xmlns=""http://schemas.microsoft.com/win/2004/08/events/event"">
    <System>
      <Provider Name=""Microsoft-Windows-Sysmon"" Guid=""{5770385f-c22a-43e0-bf4c-06f5698ffbd9}""/>
      <EventID>11</EventID>
      <Version>2</Version>
      <Level>4</Level>
      <Task>11</Task>
      <Opcode>0</Opcode>
      <Keywords>0x8000000000000000</Keywords>
      <TimeCreated SystemTime=""2023-12-28T00:25:55.1341844Z""/>
      <EventRecordID>9442</EventRecordID>
      <Correlation/>
      <Execution ProcessID=""7044"" ThreadID=""6672""/>
      <Channel>Microsoft-Windows-Sysmon/Operational</Channel>
      <Computer>WinDev2309Eval</Computer>
      <Security UserID=""S-1-5-18""/>
    </System>
    <EventData>
      <Data Name=""RuleName"">DLL</Data>
      <Data Name=""UtcTime"">2023-12-28 00:25:55.121</Data>
      <Data Name=""ProcessGuid"">{fda94052-34fa-658d-8a00-000000000b00}</Data>
      <Data Name=""ProcessId"">5868</Data>
      <Data Name=""Image"">C:\Windows\system32\svchost.exe</Data>
      <Data Name=""TargetFilename"">C:\Windows\SoftwareDistribution\Download\7bd97cc524ebd8114e77ca1991fbf2f3\Metadata\wcp.dll</Data>
      <Data Name=""CreationUtcTime"">2023-12-02 04:14:28.000</Data>
      <Data Name=""User"">NT AUTHORITY\SYSTEM</Data>
    </EventData>
    <RenderingInfo Culture=""en-US"">
      <Message>File created:

RuleName: DLL

UtcTime: 2023-12-28 00:25:55.121

ProcessGuid: {fda94052-34fa-658d-8a00-000000000b00}

ProcessId: 5868

Image: C:\Windows\system32\svchost.exe

TargetFilename: C:\Windows\SoftwareDistribution\Download\7bd97cc524ebd8114e77ca1991fbf2f3\Metadata\wcp.dll

CreationUtcTime: 2023-12-02 04:14:28.000

User: NT AUTHORITY\SYSTEM</Message>
      <Level>Information</Level>
      <Task>File created (rule: FileCreate)</Task>
      <Opcode>Info</Opcode>
    </RenderingInfo>
  </Event>
  
"
Microsoft-Windows-Sysmon/Operational,,,WinDev2309Eval,2023-12-02 04:21:42.000,,,11,9441,,,C:\Windows\system32\svchost.exe,,0x8000000000000000,Information,,,"File created:

RuleName: DLL

UtcTime: 2023-12-28 00:25:55.121

ProcessGuid: {fda94052-34fa-658d-8a00-000000000b00}

ProcessId: 5868

Image: C:\Windows\system32\svchost.exe

TargetFilename: C:\Windows\SoftwareDistribution\Download\7bd97cc524ebd8114e77ca1991fbf2f3\Metadata\UAOneSettings.dll

CreationUtcTime: 2023-12-02 04:21:42.000

User: NT AUTHORITY\SYSTEM",Info,,,,,,,{fda94052-34fa-658d-8a00-000000000b00},7044,5868,,,,,"
      ",DLL,2023-12-28T00:25:55.1309244Z,C:\Windows\SoftwareDistribution\Download\7bd97cc524ebd8114e77ca1991fbf2f3\Metadata\UAOneSettings.dll,File created (rule: FileCreate),,6672,NT AUTHORITY\SYSTEM,S-1-5-18,2023-12-28 00:25:55.121,2,"<Event xmlns=""http://schemas.microsoft.com/win/2004/08/events/event"">
    <System>
      <Provider Name=""Microsoft-Windows-Sysmon"" Guid=""{5770385f-c22a-43e0-bf4c-06f5698ffbd9}""/>
      <EventID>11</EventID>
      <Version>2</Version>
      <Level>4</Level>
      <Task>11</Task>
      <Opcode>0</Opcode>
      <Keywords>0x8000000000000000</Keywords>
      <TimeCreated SystemTime=""2023-12-28T00:25:55.1309244Z""/>
      <EventRecordID>9441</EventRecordID>
      <Correlation/>
      <Execution ProcessID=""7044"" ThreadID=""6672""/>
      <Channel>Microsoft-Windows-Sysmon/Operational</Channel>
      <Computer>WinDev2309Eval</Computer>
      <Security UserID=""S-1-5-18""/>
    </System>
    <EventData>
      <Data Name=""RuleName"">DLL</Data>
      <Data Name=""UtcTime"">2023-12-28 00:25:55.121</Data>
      <Data Name=""ProcessGuid"">{fda94052-34fa-658d-8a00-000000000b00}</Data>
      <Data Name=""ProcessId"">5868</Data>
      <Data Name=""Image"">C:\Windows\system32\svchost.exe</Data>
      <Data Name=""TargetFilename"">C:\Windows\SoftwareDistribution\Download\7bd97cc524ebd8114e77ca1991fbf2f3\Metadata\UAOneSettings.dll</Data>
      <Data Name=""CreationUtcTime"">2023-12-02 04:21:42.000</Data>
      <Data Name=""User"">NT AUTHORITY\SYSTEM</Data>
    </EventData>
    <RenderingInfo Culture=""en-US"">
      <Message>File created:

RuleName: DLL

UtcTime: 2023-12-28 00:25:55.121

ProcessGuid: {fda94052-34fa-658d-8a00-000000000b00}

ProcessId: 5868

Image: C:\Windows\system32\svchost.exe

TargetFilename: C:\Windows\SoftwareDistribution\Download\7bd97cc524ebd8114e77ca1991fbf2f3\Metadata\UAOneSettings.dll

CreationUtcTime: 2023-12-02 04:21:42.000

User: NT AUTHORITY\SYSTEM</Message>
      <Level>Information</Level>
      <Task>File created (rule: FileCreate)</Task>
      <Opcode>Info</Opcode>
    </RenderingInfo>
  </Event>
  
"
Microsoft-Windows-Sysmon/Operational,,,WinDev2309Eval,2023-12-02 10:04:50.000,,,11,9440,,,C:\Windows\system32\svchost.exe,,0x8000000000000000,Information,,,"File created:

RuleName: DLL

UtcTime: 2023-12-28 00:25:55.121

ProcessGuid: {fda94052-34fa-658d-8a00-000000000b00}

ProcessId: 5868

Image: C:\Windows\system32\svchost.exe

TargetFilename: C:\Windows\SoftwareDistribution\Download\7bd97cc524ebd8114e77ca1991fbf2f3\Metadata\Mitigation.dll

CreationUtcTime: 2023-12-02 10:04:50.000

User: NT AUTHORITY\SYSTEM",Info,,,,,,,{fda94052-34fa-658d-8a00-000000000b00},7044,5868,,,,,"
      ",DLL,2023-12-28T00:25:55.1261113Z,C:\Windows\SoftwareDistribution\Download\7bd97cc524ebd8114e77ca1991fbf2f3\Metadata\Mitigation.dll,File created (rule: FileCreate),,6672,NT AUTHORITY\SYSTEM,S-1-5-18,2023-12-28 00:25:55.121,2,"<Event xmlns=""http://schemas.microsoft.com/win/2004/08/events/event"">
    <System>
      <Provider Name=""Microsoft-Windows-Sysmon"" Guid=""{5770385f-c22a-43e0-bf4c-06f5698ffbd9}""/>
      <EventID>11</EventID>
      <Version>2</Version>
      <Level>4</Level>
      <Task>11</Task>
      <Opcode>0</Opcode>
      <Keywords>0x8000000000000000</Keywords>
      <TimeCreated SystemTime=""2023-12-28T00:25:55.1261113Z""/>
      <EventRecordID>9440</EventRecordID>
      <Correlation/>
      <Execution ProcessID=""7044"" ThreadID=""6672""/>
      <Channel>Microsoft-Windows-Sysmon/Operational</Channel>
      <Computer>WinDev2309Eval</Computer>
      <Security UserID=""S-1-5-18""/>
    </System>
    <EventData>
      <Data Name=""RuleName"">DLL</Data>
      <Data Name=""UtcTime"">2023-12-28 00:25:55.121</Data>
      <Data Name=""ProcessGuid"">{fda94052-34fa-658d-8a00-000000000b00}</Data>
      <Data Name=""ProcessId"">5868</Data>
      <Data Name=""Image"">C:\Windows\system32\svchost.exe</Data>
      <Data Name=""TargetFilename"">C:\Windows\SoftwareDistribution\Download\7bd97cc524ebd8114e77ca1991fbf2f3\Metadata\Mitigation.dll</Data>
      <Data Name=""CreationUtcTime"">2023-12-02 10:04:50.000</Data>
      <Data Name=""User"">NT AUTHORITY\SYSTEM</Data>
    </EventData>
    <RenderingInfo Culture=""en-US"">
      <Message>File created:

RuleName: DLL

UtcTime: 2023-12-28 00:25:55.121

ProcessGuid: {fda94052-34fa-658d-8a00-000000000b00}

ProcessId: 5868

Image: C:\Windows\system32\svchost.exe

TargetFilename: C:\Windows\SoftwareDistribution\Download\7bd97cc524ebd8114e77ca1991fbf2f3\Metadata\Mitigation.dll

CreationUtcTime: 2023-12-02 10:04:50.000

User: NT AUTHORITY\SYSTEM</Message>
      <Level>Information</Level>
      <Task>File created (rule: FileCreate)</Task>
      <Opcode>Info</Opcode>
    </RenderingInfo>
  </Event>
  
"
Microsoft-Windows-Sysmon/Operational,,,WinDev2309Eval,2023-12-02 04:13:54.000,,,11,9439,,,C:\Windows\system32\svchost.exe,,0x8000000000000000,Information,,,"File created:

RuleName: DLL

UtcTime: 2023-12-28 00:25:55.104

ProcessGuid: {fda94052-34fa-658d-8a00-000000000b00}

ProcessId: 5868

Image: C:\Windows\system32\svchost.exe

TargetFilename: C:\Windows\SoftwareDistribution\Download\7bd97cc524ebd8114e77ca1991fbf2f3\Metadata\dpx.dll

CreationUtcTime: 2023-12-02 04:13:54.000

User: NT AUTHORITY\SYSTEM",Info,,,,,,,{fda94052-34fa-658d-8a00-000000000b00},7044,5868,,,,,"
      ",DLL,2023-12-28T00:25:55.1163668Z,C:\Windows\SoftwareDistribution\Download\7bd97cc524ebd8114e77ca1991fbf2f3\Metadata\dpx.dll,File created (rule: FileCreate),,6672,NT AUTHORITY\SYSTEM,S-1-5-18,2023-12-28 00:25:55.104,2,"<Event xmlns=""http://schemas.microsoft.com/win/2004/08/events/event"">
    <System>
      <Provider Name=""Microsoft-Windows-Sysmon"" Guid=""{5770385f-c22a-43e0-bf4c-06f5698ffbd9}""/>
      <EventID>11</EventID>
      <Version>2</Version>
      <Level>4</Level>
      <Task>11</Task>
      <Opcode>0</Opcode>
      <Keywords>0x8000000000000000</Keywords>
      <TimeCreated SystemTime=""2023-12-28T00:25:55.1163668Z""/>
      <EventRecordID>9439</EventRecordID>
      <Correlation/>
      <Execution ProcessID=""7044"" ThreadID=""6672""/>
      <Channel>Microsoft-Windows-Sysmon/Operational</Channel>
      <Computer>WinDev2309Eval</Computer>
      <Security UserID=""S-1-5-18""/>
    </System>
    <EventData>
      <Data Name=""RuleName"">DLL</Data>
      <Data Name=""UtcTime"">2023-12-28 00:25:55.104</Data>
      <Data Name=""ProcessGuid"">{fda94052-34fa-658d-8a00-000000000b00}</Data>
      <Data Name=""ProcessId"">5868</Data>
      <Data Name=""Image"">C:\Windows\system32\svchost.exe</Data>
      <Data Name=""TargetFilename"">C:\Windows\SoftwareDistribution\Download\7bd97cc524ebd8114e77ca1991fbf2f3\Metadata\dpx.dll</Data>
      <Data Name=""CreationUtcTime"">2023-12-02 04:13:54.000</Data>
      <Data Name=""User"">NT AUTHORITY\SYSTEM</Data>
    </EventData>
    <RenderingInfo Culture=""en-US"">
      <Message>File created:

RuleName: DLL

UtcTime: 2023-12-28 00:25:55.104

ProcessGuid: {fda94052-34fa-658d-8a00-000000000b00}

ProcessId: 5868

Image: C:\Windows\system32\svchost.exe

TargetFilename: C:\Windows\SoftwareDistribution\Download\7bd97cc524ebd8114e77ca1991fbf2f3\Metadata\dpx.dll

CreationUtcTime: 2023-12-02 04:13:54.000

User: NT AUTHORITY\SYSTEM</Message>
      <Level>Information</Level>
      <Task>File created (rule: FileCreate)</Task>
      <Opcode>Info</Opcode>
    </RenderingInfo>
  </Event>
  
"
Microsoft-Windows-Sysmon/Operational,,,WinDev2309Eval,2023-12-02 04:13:52.000,,,11,9438,,,C:\Windows\system32\svchost.exe,,0x8000000000000000,Information,,,"File created:

RuleName: DLL

UtcTime: 2023-12-28 00:25:55.073

ProcessGuid: {fda94052-34fa-658d-8a00-000000000b00}

ProcessId: 5868

Image: C:\Windows\system32\svchost.exe

TargetFilename: C:\Windows\SoftwareDistribution\Download\7bd97cc524ebd8114e77ca1991fbf2f3\Metadata\UpdateAgent.dll

CreationUtcTime: 2023-12-02 04:13:52.000

User: NT AUTHORITY\SYSTEM",Info,,,,,,,{fda94052-34fa-658d-8a00-000000000b00},7044,5868,,,,,"
      ",DLL,2023-12-28T00:25:55.0801438Z,C:\Windows\SoftwareDistribution\Download\7bd97cc524ebd8114e77ca1991fbf2f3\Metadata\UpdateAgent.dll,File created (rule: FileCreate),,6672,NT AUTHORITY\SYSTEM,S-1-5-18,2023-12-28 00:25:55.073,2,"<Event xmlns=""http://schemas.microsoft.com/win/2004/08/events/event"">
    <System>
      <Provider Name=""Microsoft-Windows-Sysmon"" Guid=""{5770385f-c22a-43e0-bf4c-06f5698ffbd9}""/>
      <EventID>11</EventID>
      <Version>2</Version>
      <Level>4</Level>
      <Task>11</Task>
      <Opcode>0</Opcode>
      <Keywords>0x8000000000000000</Keywords>
      <TimeCreated SystemTime=""2023-12-28T00:25:55.0801438Z""/>
      <EventRecordID>9438</EventRecordID>
      <Correlation/>
      <Execution ProcessID=""7044"" ThreadID=""6672""/>
      <Channel>Microsoft-Windows-Sysmon/Operational</Channel>
      <Computer>WinDev2309Eval</Computer>
      <Security UserID=""S-1-5-18""/>
    </System>
    <EventData>
      <Data Name=""RuleName"">DLL</Data>
      <Data Name=""UtcTime"">2023-12-28 00:25:55.073</Data>
      <Data Name=""ProcessGuid"">{fda94052-34fa-658d-8a00-000000000b00}</Data>
      <Data Name=""ProcessId"">5868</Data>
      <Data Name=""Image"">C:\Windows\system32\svchost.exe</Data>
      <Data Name=""TargetFilename"">C:\Windows\SoftwareDistribution\Download\7bd97cc524ebd8114e77ca1991fbf2f3\Metadata\UpdateAgent.dll</Data>
      <Data Name=""CreationUtcTime"">2023-12-02 04:13:52.000</Data>
      <Data Name=""User"">NT AUTHORITY\SYSTEM</Data>
    </EventData>
    <RenderingInfo Culture=""en-US"">
      <Message>File created:

RuleName: DLL

UtcTime: 2023-12-28 00:25:55.073

ProcessGuid: {fda94052-34fa-658d-8a00-000000000b00}

ProcessId: 5868

Image: C:\Windows\system32\svchost.exe

TargetFilename: C:\Windows\SoftwareDistribution\Download\7bd97cc524ebd8114e77ca1991fbf2f3\Metadata\UpdateAgent.dll

CreationUtcTime: 2023-12-02 04:13:52.000

User: NT AUTHORITY\SYSTEM</Message>
      <Level>Information</Level>
      <Task>File created (rule: FileCreate)</Task>
      <Opcode>Info</Opcode>
    </RenderingInfo>
  </Event>
  
"
Microsoft-Windows-Sysmon/Operational,,,WinDev2309Eval,2023-12-28 00:25:54.787,,,11,9437,,,C:\Windows\system32\svchost.exe,,0x8000000000000000,Information,,,"File created:

RuleName: DLL

UtcTime: 2023-12-28 00:25:54.787

ProcessGuid: {fda94052-34fa-658d-8a00-000000000b00}

ProcessId: 5868

Image: C:\Windows\system32\svchost.exe

TargetFilename: C:\Windows\SystemTemp\{9914DB36-0249-4CA7-9C8A-131ABABA5C93}\ssshim.dll

CreationUtcTime: 2023-12-28 00:25:54.787

User: NT AUTHORITY\SYSTEM",Info,,,,,,,{fda94052-34fa-658d-8a00-000000000b00},7044,5868,,,,,"
      ",DLL,2023-12-28T00:25:54.7978519Z,C:\Windows\SystemTemp\{9914DB36-0249-4CA7-9C8A-131ABABA5C93}\ssshim.dll,File created (rule: FileCreate),,6672,NT AUTHORITY\SYSTEM,S-1-5-18,2023-12-28 00:25:54.787,2,"<Event xmlns=""http://schemas.microsoft.com/win/2004/08/events/event"">
    <System>
      <Provider Name=""Microsoft-Windows-Sysmon"" Guid=""{5770385f-c22a-43e0-bf4c-06f5698ffbd9}""/>
      <EventID>11</EventID>
      <Version>2</Version>
      <Level>4</Level>
      <Task>11</Task>
      <Opcode>0</Opcode>
      <Keywords>0x8000000000000000</Keywords>
      <TimeCreated SystemTime=""2023-12-28T00:25:54.7978519Z""/>
      <EventRecordID>9437</EventRecordID>
      <Correlation/>
      <Execution ProcessID=""7044"" ThreadID=""6672""/>
      <Channel>Microsoft-Windows-Sysmon/Operational</Channel>
      <Computer>WinDev2309Eval</Computer>
      <Security UserID=""S-1-5-18""/>
    </System>
    <EventData>
      <Data Name=""RuleName"">DLL</Data>
      <Data Name=""UtcTime"">2023-12-28 00:25:54.787</Data>
      <Data Name=""ProcessGuid"">{fda94052-34fa-658d-8a00-000000000b00}</Data>
      <Data Name=""ProcessId"">5868</Data>
      <Data Name=""Image"">C:\Windows\system32\svchost.exe</Data>
      <Data Name=""TargetFilename"">C:\Windows\SystemTemp\{9914DB36-0249-4CA7-9C8A-131ABABA5C93}\ssshim.dll</Data>
      <Data Name=""CreationUtcTime"">2023-12-28 00:25:54.787</Data>
      <Data Name=""User"">NT AUTHORITY\SYSTEM</Data>
    </EventData>
    <RenderingInfo Culture=""en-US"">
      <Message>File created:

RuleName: DLL

UtcTime: 2023-12-28 00:25:54.787

ProcessGuid: {fda94052-34fa-658d-8a00-000000000b00}

ProcessId: 5868

Image: C:\Windows\system32\svchost.exe

TargetFilename: C:\Windows\SystemTemp\{9914DB36-0249-4CA7-9C8A-131ABABA5C93}\ssshim.dll

CreationUtcTime: 2023-12-28 00:25:54.787

User: NT AUTHORITY\SYSTEM</Message>
      <Level>Information</Level>
      <Task>File created (rule: FileCreate)</Task>
      <Opcode>Info</Opcode>
    </RenderingInfo>
  </Event>
  
"
Microsoft-Windows-Sysmon/Operational,,,WinDev2309Eval,2023-12-28 00:25:54.417,,,11,9436,,,C:\Windows\System32\WindowsPowerShell\v1.0\powershell.exe,,0x8000000000000000,Information,,,"File created:

RuleName: DLL

UtcTime: 2023-12-28 00:25:54.417

ProcessGuid: {fda94052-c090-658c-5802-000000000b00}

ProcessId: 6536

Image: C:\Windows\System32\WindowsPowerShell\v1.0\powershell.exe

TargetFilename: C:\Users\User\AtomicTest.dll

CreationUtcTime: 2023-12-28 00:25:54.417

User: WINDEV2309EVAL\User",Info,,,,,,,{fda94052-c090-658c-5802-000000000b00},7044,6536,,,,,"
      ",DLL,2023-12-28T00:25:54.4191465Z,C:\Users\User\AtomicTest.dll,File created (rule: FileCreate),,6672,WINDEV2309EVAL\User,S-1-5-18,2023-12-28 00:25:54.417,2,"<Event xmlns=""http://schemas.microsoft.com/win/2004/08/events/event"">
    <System>
      <Provider Name=""Microsoft-Windows-Sysmon"" Guid=""{5770385f-c22a-43e0-bf4c-06f5698ffbd9}""/>
      <EventID>11</EventID>
      <Version>2</Version>
      <Level>4</Level>
      <Task>11</Task>
      <Opcode>0</Opcode>
      <Keywords>0x8000000000000000</Keywords>
      <TimeCreated SystemTime=""2023-12-28T00:25:54.4191465Z""/>
      <EventRecordID>9436</EventRecordID>
      <Correlation/>
      <Execution ProcessID=""7044"" ThreadID=""6672""/>
      <Channel>Microsoft-Windows-Sysmon/Operational</Channel>
      <Computer>WinDev2309Eval</Computer>
      <Security UserID=""S-1-5-18""/>
    </System>
    <EventData>
      <Data Name=""RuleName"">DLL</Data>
      <Data Name=""UtcTime"">2023-12-28 00:25:54.417</Data>
      <Data Name=""ProcessGuid"">{fda94052-c090-658c-5802-000000000b00}</Data>
      <Data Name=""ProcessId"">6536</Data>
      <Data Name=""Image"">C:\Windows\System32\WindowsPowerShell\v1.0\powershell.exe</Data>
      <Data Name=""TargetFilename"">C:\Users\User\AtomicTest.dll</Data>
      <Data Name=""CreationUtcTime"">2023-12-28 00:25:54.417</Data>
      <Data Name=""User"">WINDEV2309EVAL\User</Data>
    </EventData>
    <RenderingInfo Culture=""en-US"">
      <Message>File created:

RuleName: DLL

UtcTime: 2023-12-28 00:25:54.417

ProcessGuid: {fda94052-c090-658c-5802-000000000b00}

ProcessId: 6536

Image: C:\Windows\System32\WindowsPowerShell\v1.0\powershell.exe

TargetFilename: C:\Users\User\AtomicTest.dll

CreationUtcTime: 2023-12-28 00:25:54.417

User: WINDEV2309EVAL\User</Message>
      <Level>Information</Level>
      <Task>File created (rule: FileCreate)</Task>
      <Opcode>Info</Opcode>
    </RenderingInfo>
  </Event>
  
"
