Channel,CommandLine,Company,Computer,CreationUtcTime,CurrentDirectory,Description,EventID,EventRecordID,FileVersion,Hashes,Image,IntegrityLevel,Keywords,Level,LogonGuid,LogonId,Message,Opcode,OriginalFileName,ParentCommandLine,ParentImage,ParentProcessGuid,ParentProcessId,ParentUser,ProcessGuid,ProcessID,ProcessId,Product,RenderingInfo,RuleName,SystemTime,TargetFilename,Task,TerminalSessionId,ThreadID,User,UserID,UtcTime,Version,raw
Microsoft-Windows-Sysmon/Operational,"""C:\Windows\System32\SearchProtocolHost.exe"" Global\UsGthrFltPipeMssGthrPipe4_ Global\UsGthrCtrlFltPipeMssGthrPipe4 1 -2147483646 ""Software\Microsoft\Windows Search"" ""Mozilla/4.0 (compatible; MSIE 6.0; Windows NT; MS Search 4.0 Robot)"" ""C:\ProgramData\Microsoft\Search\Data\Temp\usgthrsvc"" ""DownLevelDaemon"" ",Microsoft Corporation,WinDev2309Eval,,C:\Windows\system32\,Microsoft Windows Search Protocol Host,1,9474,7.0.22621.2070 (WinBuild.160101.0800),"MD5=CB9F6BDA8D73F5098E0FD3FAA9061504,SHA256=C21828068B220A2BE1A663151A768BCD53BA7A7B9F75922E0456E0493222E729,IMPHASH=D19C10BF248BF708A424A2725CD3D721",C:\Windows\System32\SearchProtocolHost.exe,System,0x8000000000000000,Information,{fda94052-34eb-658d-e703-000000000000},0x3e7,"Process Create:

RuleName: -

UtcTime: 2023-12-28 00:20:54.843

ProcessGuid: {fda94052-bf66-658c-6802-000000000b00}

ProcessId: 2368

Image: C:\Windows\System32\SearchProtocolHost.exe

FileVersion: 7.0.22621.2070 (WinBuild.160101.0800)

Description: Microsoft Windows Search Protocol Host

Product: Windows® Search

Company: Microsoft Corporation

OriginalFileName: SearchProtocolHost.exe

CommandLine: ""C:\Windows\System32\SearchProtocolHost.exe"" Global\UsGthrFltPipeMssGthrPipe4_ Global\UsGthrCtrlFltPipeMssGthrPipe4 1 -2147483646 ""Software\Microsoft\Windows Search"" ""Mozilla/4.0 (compatible; MSIE 6.0; Windows NT; MS Search 4.0 Robot)"" ""C:\ProgramData\Microsoft\Search\Data\Temp\usgthrsvc"" ""DownLevelDaemon"" 

CurrentDirectory: C:\Windows\system32\

User: NT AUTHORITY\SYSTEM

LogonGuid: {fda94052-34eb-658d-e703-000000000000}

LogonId: 0x3E7

TerminalSessionId: 0

IntegrityLevel: System

Hashes: MD5=CB9F6BDA8D73F5098E0FD3FAA9061504,SHA256=C21828068B220A2BE1A663151A768BCD53BA7A7B9F75922E0456E0493222E729,IMPHASH=D19C10BF248BF708A424A2725CD3D721

ParentProcessGuid: {00000000-0000-0000-0000-000000000000}

ParentProcessId: 4988

ParentImage: -

ParentCommandLine: -

ParentUser: -",Info,SearchProtocolHost.exe,-,-,{00000000-0000-0000-0000-000000000000},4988,-,{fda94052-bf66-658c-6802-000000000b00},7044,2368,Windows® Search,"
      ",-,2023-12-28T00:20:54.8486602Z,,Process Create (rule: ProcessCreate),0,6672,NT AUTHORITY\SYSTEM,S-1-5-18,2023-12-28 00:20:54.843,5,"<Event xmlns=""http://schemas.microsoft.com/win/2004/08/events/event"">
    <System>
      <Provider Name=""Microsoft-Windows-Sysmon"" Guid=""{5770385f-c22a-43e0-bf4c-06f5698ffbd9}""/>
      <EventID>1</EventID>
      <Version>5</Version>
      <Level>4</Level>
      <Task>1</Task>
      <Opcode>0</Opcode>
      <Keywords>0x8000000000000000</Keywords>
      <TimeCreated SystemTime=""2023-12-28T00:20:54.8486602Z""/>
      <EventRecordID>9474</EventRecordID>
      <Correlation/>
      <Execution ProcessID=""7044"" ThreadID=""6672""/>
      <Channel>Microsoft-Windows-Sysmon/Operational</Channel>
      <Computer>WinDev2309Eval</Computer>
      <Security UserID=""S-1-5-18""/>
    </System>
    <EventData>
      <Data Name=""RuleName"">-</Data>
      <Data Name=""UtcTime"">2023-12-28 00:20:54.843</Data>
      <Data Name=""ProcessGuid"">{fda94052-bf66-658c-6802-000000000b00}</Data>
      <Data Name=""ProcessId"">2368</Data>
      <Data Name=""Image"">C:\Windows\System32\SearchProtocolHost.exe</Data>
      <Data Name=""FileVersion"">7.0.22621.2070 (WinBuild.160101.0800)</Data>
      <Data Name=""Description"">Microsoft Windows Search Protocol Host</Data>
      <Data Name=""Product"">Windows&#174; Search</Data>
      <Data Name=""Company"">Microsoft Corporation</Data>
      <Data Name=""OriginalFileName"">SearchProtocolHost.exe</Data>
      <Data Name=""CommandLine"">""C:\Windows\System32\SearchProtocolHost.exe"" Global\UsGthrFltPipeMssGthrPipe4_ Global\UsGthrCtrlFltPipeMssGthrPipe4 1 -2147483646 ""Software\Microsoft\Windows Search"" ""Mozilla/4.0 (compatible; MSIE 6.0; Windows NT; MS Search 4.0 Robot)"" ""C:\ProgramData\Microsoft\Search\Data\Temp\usgthrsvc"" ""DownLevelDaemon"" </Data>
      <Data Name=""CurrentDirectory"">C:\Windows\system32\</Data>
      <Data Name=""User"">NT AUTHORITY\SYSTEM</Data>
      <Data Name=""LogonGuid"">{fda94052-34eb-658d-e703-000000000000}</Data>
      <Data Name=""LogonId"">0x3e7</Data>
      <Data Name=""TerminalSessionId"">0</Data>
      <Data Name=""IntegrityLevel"">System</Data>
      <Data Name=""Hashes"">MD5=CB9F6BDA8D73F5098E0FD3FAA9061504,SHA256=C21828068B220A2BE1A663151A768BCD53BA7A7B9F75922E0456E0493222E729,IMPHASH=D19C10BF248BF708A424A2725CD3D721</Data>
      <Data Name=""ParentProcessGuid"">{00000000-0000-0000-0000-000000000000}</Data>
      <Data Name=""ParentProcessId"">4988</Data>
      <Data Name=""ParentImage"">-</Data>
      <Data Name=""ParentCommandLine"">-</Data>
      <Data Name=""ParentUser"">-</Data>
    </EventData>
    <RenderingInfo Culture=""en-US"">
      <Message>Process Create:

RuleName: -

UtcTime: 2023-12-28 00:20:54.843

ProcessGuid: {fda94052-bf66-658c-6802-000000000b00}

ProcessId: 2368

Image: C:\Windows\System32\SearchProtocolHost.exe

FileVersion: 7.0.22621.2070 (WinBuild.160101.0800)

Description: Microsoft Windows Search Protocol Host

Product: Windows&#174; Search

Company: Microsoft Corporation

OriginalFileName: SearchProtocolHost.exe

CommandLine: ""C:\Windows\System32\SearchProtocolHost.exe"" Global\UsGthrFltPipeMssGthrPipe4_ Global\UsGthrCtrlFltPipeMssGthrPipe4 1 -2147483646 ""Software\Microsoft\Windows Search"" ""Mozilla/4.0 (compatible; MSIE 6.0; Windows NT; MS Search 4.0 Robot)"" ""C:\ProgramData\Microsoft\Search\Data\Temp\usgthrsvc"" ""DownLevelDaemon"" 

CurrentDirectory: C:\Windows\system32\

User: NT AUTHORITY\SYSTEM

LogonGuid: {fda94052-34eb-658d-e703-000000000000}

LogonId: 0x3E7

TerminalSessionId: 0

IntegrityLevel: System

Hashes: MD5=CB9F6BDA8D73F5098E0FD3FAA9061504,SHA256=C21828068B220A2BE1A663151A768BCD53BA7A7B9F75922E0456E0493222E729,IMPHASH=D19C10BF248BF708A424A2725CD3D721

ParentProcessGuid: {00000000-0000-0000-0000-000000000000}

ParentProcessId: 4988

ParentImage: -

ParentCommandLine: -

ParentUser: -</Message>
      <Level>Information</Level>
      <Task>Process Create (rule: ProcessCreate)</Task>
      <Opcode>Info</Opcode>
    </RenderingInfo>
  </Event>
  
"
Microsoft-Windows-Sysmon/Operational,,,WinDev2309Eval,2023-12-28 00:20:48.790,,,11,9473,,,C:\Windows\System32\WindowsPowerShell\v1.0\powershell.exe,,0x8000000000000000,Information,,,"File created:

RuleName: DLL

UtcTime: 2023-12-28 00:20:48.790

ProcessGuid: {fda94052-bf5f-658c-6602-000000000b00}

ProcessId: 3180

Image: C:\Windows\System32\WindowsPowerShell\v1.0\powershell.exe

TargetFilename: C:\Users\User\AtomicTest.dll

CreationUtcTime: 2023-12-28 00:20:48.790

User: WINDEV2309EVAL\User",Info,,,,,,,{fda94052-bf5f-658c-6602-000000000b00},7044,3180,,"
      ",DLL,2023-12-28T00:20:48.7984927Z,C:\Users\User\AtomicTest.dll,File created (rule: FileCreate),,6672,WINDEV2309EVAL\User,S-1-5-18,2023-12-28 00:20:48.790,2,"<Event xmlns=""http://schemas.microsoft.com/win/2004/08/events/event"">
    <System>
      <Provider Name=""Microsoft-Windows-Sysmon"" Guid=""{5770385f-c22a-43e0-bf4c-06f5698ffbd9}""/>
      <EventID>11</EventID>
      <Version>2</Version>
      <Level>4</Level>
      <Task>11</Task>
      <Opcode>0</Opcode>
      <Keywords>0x8000000000000000</Keywords>
      <TimeCreated SystemTime=""2023-12-28T00:20:48.7984927Z""/>
      <EventRecordID>9473</EventRecordID>
      <Correlation/>
      <Execution ProcessID=""7044"" ThreadID=""6672""/>
      <Channel>Microsoft-Windows-Sysmon/Operational</Channel>
      <Computer>WinDev2309Eval</Computer>
      <Security UserID=""S-1-5-18""/>
    </System>
    <EventData>
      <Data Name=""RuleName"">DLL</Data>
      <Data Name=""UtcTime"">2023-12-28 00:20:48.790</Data>
      <Data Name=""ProcessGuid"">{fda94052-bf5f-658c-6602-000000000b00}</Data>
      <Data Name=""ProcessId"">3180</Data>
      <Data Name=""Image"">C:\Windows\System32\WindowsPowerShell\v1.0\powershell.exe</Data>
      <Data Name=""TargetFilename"">C:\Users\User\AtomicTest.dll</Data>
      <Data Name=""CreationUtcTime"">2023-12-28 00:20:48.790</Data>
      <Data Name=""User"">WINDEV2309EVAL\User</Data>
    </EventData>
    <RenderingInfo Culture=""en-US"">
      <Message>File created:

RuleName: DLL

UtcTime: 2023-12-28 00:20:48.790

ProcessGuid: {fda94052-bf5f-658c-6602-000000000b00}

ProcessId: 3180

Image: C:\Windows\System32\WindowsPowerShell\v1.0\powershell.exe

TargetFilename: C:\Users\User\AtomicTest.dll

CreationUtcTime: 2023-12-28 00:20:48.790

User: WINDEV2309EVAL\User</Message>
      <Level>Information</Level>
      <Task>File created (rule: FileCreate)</Task>
      <Opcode>Info</Opcode>
    </RenderingInfo>
  </Event>
  
"
Microsoft-Windows-Sysmon/Operational,,,WinDev2309Eval,2023-12-28 00:20:47.343,,,11,9472,,,C:\Windows\System32\WindowsPowerShell\v1.0\powershell.exe,,0x8000000000000000,Information,,,"File created:

RuleName: -

UtcTime: 2023-12-28 00:20:47.343

ProcessGuid: {fda94052-bf5f-658c-6602-000000000b00}

ProcessId: 3180

Image: C:\Windows\System32\WindowsPowerShell\v1.0\powershell.exe

TargetFilename: C:\Users\User\AppData\Local\Temp\__PSScriptPolicyTest_5xviwsot.qyo.ps1

CreationUtcTime: 2023-12-28 00:20:47.343

User: WINDEV2309EVAL\User",Info,,,,,,,{fda94052-bf5f-658c-6602-000000000b00},7044,3180,,"
      ",-,2023-12-28T00:20:47.3521912Z,C:\Users\User\AppData\Local\Temp\__PSScriptPolicyTest_5xviwsot.qyo.ps1,File created (rule: FileCreate),,6672,WINDEV2309EVAL\User,S-1-5-18,2023-12-28 00:20:47.343,2,"<Event xmlns=""http://schemas.microsoft.com/win/2004/08/events/event"">
    <System>
      <Provider Name=""Microsoft-Windows-Sysmon"" Guid=""{5770385f-c22a-43e0-bf4c-06f5698ffbd9}""/>
      <EventID>11</EventID>
      <Version>2</Version>
      <Level>4</Level>
      <Task>11</Task>
      <Opcode>0</Opcode>
      <Keywords>0x8000000000000000</Keywords>
      <TimeCreated SystemTime=""2023-12-28T00:20:47.3521912Z""/>
      <EventRecordID>9472</EventRecordID>
      <Correlation/>
      <Execution ProcessID=""7044"" ThreadID=""6672""/>
      <Channel>Microsoft-Windows-Sysmon/Operational</Channel>
      <Computer>WinDev2309Eval</Computer>
      <Security UserID=""S-1-5-18""/>
    </System>
    <EventData>
      <Data Name=""RuleName"">-</Data>
      <Data Name=""UtcTime"">2023-12-28 00:20:47.343</Data>
      <Data Name=""ProcessGuid"">{fda94052-bf5f-658c-6602-000000000b00}</Data>
      <Data Name=""ProcessId"">3180</Data>
      <Data Name=""Image"">C:\Windows\System32\WindowsPowerShell\v1.0\powershell.exe</Data>
      <Data Name=""TargetFilename"">C:\Users\User\AppData\Local\Temp\__PSScriptPolicyTest_5xviwsot.qyo.ps1</Data>
      <Data Name=""CreationUtcTime"">2023-12-28 00:20:47.343</Data>
      <Data Name=""User"">WINDEV2309EVAL\User</Data>
    </EventData>
    <RenderingInfo Culture=""en-US"">
      <Message>File created:

RuleName: -

UtcTime: 2023-12-28 00:20:47.343

ProcessGuid: {fda94052-bf5f-658c-6602-000000000b00}

ProcessId: 3180

Image: C:\Windows\System32\WindowsPowerShell\v1.0\powershell.exe

TargetFilename: C:\Users\User\AppData\Local\Temp\__PSScriptPolicyTest_5xviwsot.qyo.ps1

CreationUtcTime: 2023-12-28 00:20:47.343

User: WINDEV2309EVAL\User</Message>
      <Level>Information</Level>
      <Task>File created (rule: FileCreate)</Task>
      <Opcode>Info</Opcode>
    </RenderingInfo>
  </Event>
  
"
Microsoft-Windows-Sysmon/Operational,"""powershell.exe"" & {$termsrvDll = \""""C:\Windows\System32\termsrv.dll\""""

$ACL = Get-Acl $termsrvDll
$permission = \""""Administrators\"""",\""""FullControl\"""",\""""Allow\""""
$accessRule = New-Object System.Security.AccessControl.FileSystemAccessRule $permission
$ACL.SetAccessRule($accessRule)
Set-Acl -Path $termsrvDll -AclObject $ACL

Copy-Item -Path $termsrvDll -Destination \""""$HOME\AtomicTest.dll\""""

$newServiceDll = \""""$HOME\AtomicTest.dll\""""

$registryPath = \""""HKLM:\System\CurrentControlSet\services\TermService\Parameters\""""

# Check if the registry key exists
if (Test-Path -Path $registryPath) {
    # Modify the ServiceDll value in the registry
    Set-ItemProperty -Path $registryPath -Name \""""ServiceDll\"""" -Value $newServiceDll
    Write-Host \""""ServiceDll value in the registry has been updated to: $newServiceDll\""""
} else {
    Write-Host \""""Registry key not found. Make sure the 'TermService\Parameters' key exists.\""""
}}",Microsoft Corporation,WinDev2309Eval,,C:\Users\User\AppData\Local\Temp\,Windows PowerShell,1,9471,10.0.22621.2215 (WinBuild.160101.0800),"MD5=824B9F337E68DD8C117595071AC11E23,SHA256=17083405E7DECB3DDEF837C2FA599293A4E8133736969DFD5CE92EF15608A587,IMPHASH=51B0FFFA02CA6C1B85189E2E6C139F36",C:\Windows\System32\WindowsPowerShell\v1.0\powershell.exe,Medium,0x8000000000000000,Information,{fda94052-3502-658d-b367-080000000000},0x867b3,"Process Create:

RuleName: -

UtcTime: 2023-12-28 00:20:47.214

ProcessGuid: {fda94052-bf5f-658c-6602-000000000b00}

ProcessId: 3180

Image: C:\Windows\System32\WindowsPowerShell\v1.0\powershell.exe

FileVersion: 10.0.22621.2215 (WinBuild.160101.0800)

Description: Windows PowerShell

Product: Microsoft® Windows® Operating System

Company: Microsoft Corporation

OriginalFileName: PowerShell.EXE

CommandLine: ""powershell.exe"" & {$termsrvDll = \""""C:\Windows\System32\termsrv.dll\""""

$ACL = Get-Acl $termsrvDll
$permission = \""""Administrators\"""",\""""FullControl\"""",\""""Allow\""""
$accessRule = New-Object System.Security.AccessControl.FileSystemAccessRule $permission
$ACL.SetAccessRule($accessRule)
Set-Acl -Path $termsrvDll -AclObject $ACL

Copy-Item -Path $termsrvDll -Destination \""""$HOME\AtomicTest.dll\""""

$newServiceDll = \""""$HOME\AtomicTest.dll\""""

$registryPath = \""""HKLM:\System\CurrentControlSet\services\TermService\Parameters\""""

# Check if the registry key exists
if (Test-Path -Path $registryPath) {
    # Modify the ServiceDll value in the registry
    Set-ItemProperty -Path $registryPath -Name \""""ServiceDll\"""" -Value $newServiceDll
    Write-Host \""""ServiceDll value in the registry has been updated to: $newServiceDll\""""
} else {
    Write-Host \""""Registry key not found. Make sure the 'TermService\Parameters' key exists.\""""
}}

CurrentDirectory: C:\Users\User\AppData\Local\Temp\

User: WINDEV2309EVAL\User

LogonGuid: {fda94052-3502-658d-b367-080000000000}

LogonId: 0x867B3

TerminalSessionId: 1

IntegrityLevel: Medium

Hashes: MD5=824B9F337E68DD8C117595071AC11E23,SHA256=17083405E7DECB3DDEF837C2FA599293A4E8133736969DFD5CE92EF15608A587,IMPHASH=51B0FFFA02CA6C1B85189E2E6C139F36

ParentProcessGuid: {fda94052-b87a-658c-2702-000000000b00}

ParentProcessId: 5076

ParentImage: C:\Windows\System32\WindowsPowerShell\v1.0\powershell.exe

ParentCommandLine: ""C:\Windows\System32\WindowsPowerShell\v1.0\powershell.exe"" -exec bypass

ParentUser: WINDEV2309EVAL\User",Info,PowerShell.EXE,"""C:\Windows\System32\WindowsPowerShell\v1.0\powershell.exe"" -exec bypass",C:\Windows\System32\WindowsPowerShell\v1.0\powershell.exe,{fda94052-b87a-658c-2702-000000000b00},5076,WINDEV2309EVAL\User,{fda94052-bf5f-658c-6602-000000000b00},7044,3180,Microsoft® Windows® Operating System,"
      ",-,2023-12-28T00:20:47.2164721Z,,Process Create (rule: ProcessCreate),1,6672,WINDEV2309EVAL\User,S-1-5-18,2023-12-28 00:20:47.214,5,"<Event xmlns=""http://schemas.microsoft.com/win/2004/08/events/event"">
    <System>
      <Provider Name=""Microsoft-Windows-Sysmon"" Guid=""{5770385f-c22a-43e0-bf4c-06f5698ffbd9}""/>
      <EventID>1</EventID>
      <Version>5</Version>
      <Level>4</Level>
      <Task>1</Task>
      <Opcode>0</Opcode>
      <Keywords>0x8000000000000000</Keywords>
      <TimeCreated SystemTime=""2023-12-28T00:20:47.2164721Z""/>
      <EventRecordID>9471</EventRecordID>
      <Correlation/>
      <Execution ProcessID=""7044"" ThreadID=""6672""/>
      <Channel>Microsoft-Windows-Sysmon/Operational</Channel>
      <Computer>WinDev2309Eval</Computer>
      <Security UserID=""S-1-5-18""/>
    </System>
    <EventData>
      <Data Name=""RuleName"">-</Data>
      <Data Name=""UtcTime"">2023-12-28 00:20:47.214</Data>
      <Data Name=""ProcessGuid"">{fda94052-bf5f-658c-6602-000000000b00}</Data>
      <Data Name=""ProcessId"">3180</Data>
      <Data Name=""Image"">C:\Windows\System32\WindowsPowerShell\v1.0\powershell.exe</Data>
      <Data Name=""FileVersion"">10.0.22621.2215 (WinBuild.160101.0800)</Data>
      <Data Name=""Description"">Windows PowerShell</Data>
      <Data Name=""Product"">Microsoft&#174; Windows&#174; Operating System</Data>
      <Data Name=""Company"">Microsoft Corporation</Data>
      <Data Name=""OriginalFileName"">PowerShell.EXE</Data>
      <Data Name=""CommandLine"">""powershell.exe"" &amp; {$termsrvDll = \""""C:\Windows\System32\termsrv.dll\""""

$ACL = Get-Acl $termsrvDll
$permission = \""""Administrators\"""",\""""FullControl\"""",\""""Allow\""""
$accessRule = New-Object System.Security.AccessControl.FileSystemAccessRule $permission
$ACL.SetAccessRule($accessRule)
Set-Acl -Path $termsrvDll -AclObject $ACL

Copy-Item -Path $termsrvDll -Destination \""""$HOME\AtomicTest.dll\""""

$newServiceDll = \""""$HOME\AtomicTest.dll\""""

$registryPath = \""""HKLM:\System\CurrentControlSet\services\TermService\Parameters\""""

# Check if the registry key exists
if (Test-Path -Path $registryPath) {
    # Modify the ServiceDll value in the registry
    Set-ItemProperty -Path $registryPath -Name \""""ServiceDll\"""" -Value $newServiceDll
    Write-Host \""""ServiceDll value in the registry has been updated to: $newServiceDll\""""
} else {
    Write-Host \""""Registry key not found. Make sure the 'TermService\Parameters' key exists.\""""
}}</Data>
      <Data Name=""CurrentDirectory"">C:\Users\User\AppData\Local\Temp\</Data>
      <Data Name=""User"">WINDEV2309EVAL\User</Data>
      <Data Name=""LogonGuid"">{fda94052-3502-658d-b367-080000000000}</Data>
      <Data Name=""LogonId"">0x867b3</Data>
      <Data Name=""TerminalSessionId"">1</Data>
      <Data Name=""IntegrityLevel"">Medium</Data>
      <Data Name=""Hashes"">MD5=824B9F337E68DD8C117595071AC11E23,SHA256=17083405E7DECB3DDEF837C2FA599293A4E8133736969DFD5CE92EF15608A587,IMPHASH=51B0FFFA02CA6C1B85189E2E6C139F36</Data>
      <Data Name=""ParentProcessGuid"">{fda94052-b87a-658c-2702-000000000b00}</Data>
      <Data Name=""ParentProcessId"">5076</Data>
      <Data Name=""ParentImage"">C:\Windows\System32\WindowsPowerShell\v1.0\powershell.exe</Data>
      <Data Name=""ParentCommandLine"">""C:\Windows\System32\WindowsPowerShell\v1.0\powershell.exe"" -exec bypass</Data>
      <Data Name=""ParentUser"">WINDEV2309EVAL\User</Data>
    </EventData>
    <RenderingInfo Culture=""en-US"">
      <Message>Process Create:

RuleName: -

UtcTime: 2023-12-28 00:20:47.214

ProcessGuid: {fda94052-bf5f-658c-6602-000000000b00}

ProcessId: 3180

Image: C:\Windows\System32\WindowsPowerShell\v1.0\powershell.exe

FileVersion: 10.0.22621.2215 (WinBuild.160101.0800)

Description: Windows PowerShell

Product: Microsoft&#174; Windows&#174; Operating System

Company: Microsoft Corporation

OriginalFileName: PowerShell.EXE

CommandLine: ""powershell.exe"" &amp; {$termsrvDll = \""""C:\Windows\System32\termsrv.dll\""""

$ACL = Get-Acl $termsrvDll
$permission = \""""Administrators\"""",\""""FullControl\"""",\""""Allow\""""
$accessRule = New-Object System.Security.AccessControl.FileSystemAccessRule $permission
$ACL.SetAccessRule($accessRule)
Set-Acl -Path $termsrvDll -AclObject $ACL

Copy-Item -Path $termsrvDll -Destination \""""$HOME\AtomicTest.dll\""""

$newServiceDll = \""""$HOME\AtomicTest.dll\""""

$registryPath = \""""HKLM:\System\CurrentControlSet\services\TermService\Parameters\""""

# Check if the registry key exists
if (Test-Path -Path $registryPath) {
    # Modify the ServiceDll value in the registry
    Set-ItemProperty -Path $registryPath -Name \""""ServiceDll\"""" -Value $newServiceDll
    Write-Host \""""ServiceDll value in the registry has been updated to: $newServiceDll\""""
} else {
    Write-Host \""""Registry key not found. Make sure the 'TermService\Parameters' key exists.\""""
}}

CurrentDirectory: C:\Users\User\AppData\Local\Temp\

User: WINDEV2309EVAL\User

LogonGuid: {fda94052-3502-658d-b367-080000000000}

LogonId: 0x867B3

TerminalSessionId: 1

IntegrityLevel: Medium

Hashes: MD5=824B9F337E68DD8C117595071AC11E23,SHA256=17083405E7DECB3DDEF837C2FA599293A4E8133736969DFD5CE92EF15608A587,IMPHASH=51B0FFFA02CA6C1B85189E2E6C139F36

ParentProcessGuid: {fda94052-b87a-658c-2702-000000000b00}

ParentProcessId: 5076

ParentImage: C:\Windows\System32\WindowsPowerShell\v1.0\powershell.exe

ParentCommandLine: ""C:\Windows\System32\WindowsPowerShell\v1.0\powershell.exe"" -exec bypass

ParentUser: WINDEV2309EVAL\User</Message>
      <Level>Information</Level>
      <Task>Process Create (rule: ProcessCreate)</Task>
      <Opcode>Info</Opcode>
    </RenderingInfo>
  </Event>
  
"
Microsoft-Windows-Sysmon/Operational,,,WinDev2309Eval,2023-12-28 00:20:44.102,,,11,9470,,,C:\Windows\System32\WindowsPowerShell\v1.0\powershell.exe,,0x8000000000000000,Information,,,"File created:

RuleName: -

UtcTime: 2023-12-28 00:20:44.102

ProcessGuid: {fda94052-bf5b-658c-6402-000000000b00}

ProcessId: 7460

Image: C:\Windows\System32\WindowsPowerShell\v1.0\powershell.exe

TargetFilename: C:\Users\User\AppData\Local\Temp\__PSScriptPolicyTest_roojodui.3lp.ps1

CreationUtcTime: 2023-12-28 00:20:44.102

User: WINDEV2309EVAL\User",Info,,,,,,,{fda94052-bf5b-658c-6402-000000000b00},7044,7460,,"
      ",-,2023-12-28T00:20:44.1104557Z,C:\Users\User\AppData\Local\Temp\__PSScriptPolicyTest_roojodui.3lp.ps1,File created (rule: FileCreate),,6672,WINDEV2309EVAL\User,S-1-5-18,2023-12-28 00:20:44.102,2,"<Event xmlns=""http://schemas.microsoft.com/win/2004/08/events/event"">
    <System>
      <Provider Name=""Microsoft-Windows-Sysmon"" Guid=""{5770385f-c22a-43e0-bf4c-06f5698ffbd9}""/>
      <EventID>11</EventID>
      <Version>2</Version>
      <Level>4</Level>
      <Task>11</Task>
      <Opcode>0</Opcode>
      <Keywords>0x8000000000000000</Keywords>
      <TimeCreated SystemTime=""2023-12-28T00:20:44.1104557Z""/>
      <EventRecordID>9470</EventRecordID>
      <Correlation/>
      <Execution ProcessID=""7044"" ThreadID=""6672""/>
      <Channel>Microsoft-Windows-Sysmon/Operational</Channel>
      <Computer>WinDev2309Eval</Computer>
      <Security UserID=""S-1-5-18""/>
    </System>
    <EventData>
      <Data Name=""RuleName"">-</Data>
      <Data Name=""UtcTime"">2023-12-28 00:20:44.102</Data>
      <Data Name=""ProcessGuid"">{fda94052-bf5b-658c-6402-000000000b00}</Data>
      <Data Name=""ProcessId"">7460</Data>
      <Data Name=""Image"">C:\Windows\System32\WindowsPowerShell\v1.0\powershell.exe</Data>
      <Data Name=""TargetFilename"">C:\Users\User\AppData\Local\Temp\__PSScriptPolicyTest_roojodui.3lp.ps1</Data>
      <Data Name=""CreationUtcTime"">2023-12-28 00:20:44.102</Data>
      <Data Name=""User"">WINDEV2309EVAL\User</Data>
    </EventData>
    <RenderingInfo Culture=""en-US"">
      <Message>File created:

RuleName: -

UtcTime: 2023-12-28 00:20:44.102

ProcessGuid: {fda94052-bf5b-658c-6402-000000000b00}

ProcessId: 7460

Image: C:\Windows\System32\WindowsPowerShell\v1.0\powershell.exe

TargetFilename: C:\Users\User\AppData\Local\Temp\__PSScriptPolicyTest_roojodui.3lp.ps1

CreationUtcTime: 2023-12-28 00:20:44.102

User: WINDEV2309EVAL\User</Message>
      <Level>Information</Level>
      <Task>File created (rule: FileCreate)</Task>
      <Opcode>Info</Opcode>
    </RenderingInfo>
  </Event>
  
"
Microsoft-Windows-Sysmon/Operational,"""powershell.exe"" & {$termsrvDll = \""""C:\Windows\System32\termsrv.dll\""""

$ACL = Get-Acl $termsrvDll
$permission = \""""Administrators\"""",\""""FullControl\"""",\""""Allow\""""
$accessRule = New-Object System.Security.AccessControl.FileSystemAccessRule $permission
$ACL.SetAccessRule($accessRule)
Set-Acl -Path $termsrvDll -AclObject $ACL

Copy-Item -Path \""""C:\Windows\System32\termsrv.dll\"""" -Destination \""""C:\Windows\System32\termsrv_backup.dll\"""" -ErrorAction Ignore
Add-Content -Path \""""C:\Windows\System32\termsrv.dll\"""" -Value \""""`n\"""" -NoNewline -ErrorAction Ignore
Move-Item -Path \""""C:\Windows\System32\termsrv_backup.dll\"""" -Destination \""""C:\Windows\System32\termsrv.dll\"""" -Force -ErrorAction Ignore}",Microsoft Corporation,WinDev2309Eval,,C:\Users\User\AppData\Local\Temp\,Windows PowerShell,1,9469,10.0.22621.2215 (WinBuild.160101.0800),"MD5=824B9F337E68DD8C117595071AC11E23,SHA256=17083405E7DECB3DDEF837C2FA599293A4E8133736969DFD5CE92EF15608A587,IMPHASH=51B0FFFA02CA6C1B85189E2E6C139F36",C:\Windows\System32\WindowsPowerShell\v1.0\powershell.exe,Medium,0x8000000000000000,Information,{fda94052-3502-658d-b367-080000000000},0x867b3,"Process Create:

RuleName: -

UtcTime: 2023-12-28 00:20:43.951

ProcessGuid: {fda94052-bf5b-658c-6402-000000000b00}

ProcessId: 7460

Image: C:\Windows\System32\WindowsPowerShell\v1.0\powershell.exe

FileVersion: 10.0.22621.2215 (WinBuild.160101.0800)

Description: Windows PowerShell

Product: Microsoft® Windows® Operating System

Company: Microsoft Corporation

OriginalFileName: PowerShell.EXE

CommandLine: ""powershell.exe"" & {$termsrvDll = \""""C:\Windows\System32\termsrv.dll\""""

$ACL = Get-Acl $termsrvDll
$permission = \""""Administrators\"""",\""""FullControl\"""",\""""Allow\""""
$accessRule = New-Object System.Security.AccessControl.FileSystemAccessRule $permission
$ACL.SetAccessRule($accessRule)
Set-Acl -Path $termsrvDll -AclObject $ACL

Copy-Item -Path \""""C:\Windows\System32\termsrv.dll\"""" -Destination \""""C:\Windows\System32\termsrv_backup.dll\"""" -ErrorAction Ignore
Add-Content -Path \""""C:\Windows\System32\termsrv.dll\"""" -Value \""""`n\"""" -NoNewline -ErrorAction Ignore
Move-Item -Path \""""C:\Windows\System32\termsrv_backup.dll\"""" -Destination \""""C:\Windows\System32\termsrv.dll\"""" -Force -ErrorAction Ignore}

CurrentDirectory: C:\Users\User\AppData\Local\Temp\

User: WINDEV2309EVAL\User

LogonGuid: {fda94052-3502-658d-b367-080000000000}

LogonId: 0x867B3

TerminalSessionId: 1

IntegrityLevel: Medium

Hashes: MD5=824B9F337E68DD8C117595071AC11E23,SHA256=17083405E7DECB3DDEF837C2FA599293A4E8133736969DFD5CE92EF15608A587,IMPHASH=51B0FFFA02CA6C1B85189E2E6C139F36

ParentProcessGuid: {fda94052-b87a-658c-2702-000000000b00}

ParentProcessId: 5076

ParentImage: C:\Windows\System32\WindowsPowerShell\v1.0\powershell.exe

ParentCommandLine: ""C:\Windows\System32\WindowsPowerShell\v1.0\powershell.exe"" -exec bypass

ParentUser: WINDEV2309EVAL\User",Info,PowerShell.EXE,"""C:\Windows\System32\WindowsPowerShell\v1.0\powershell.exe"" -exec bypass",C:\Windows\System32\WindowsPowerShell\v1.0\powershell.exe,{fda94052-b87a-658c-2702-000000000b00},5076,WINDEV2309EVAL\User,{fda94052-bf5b-658c-6402-000000000b00},7044,7460,Microsoft® Windows® Operating System,"
      ",-,2023-12-28T00:20:43.9527456Z,,Process Create (rule: ProcessCreate),1,6672,WINDEV2309EVAL\User,S-1-5-18,2023-12-28 00:20:43.951,5,"<Event xmlns=""http://schemas.microsoft.com/win/2004/08/events/event"">
    <System>
      <Provider Name=""Microsoft-Windows-Sysmon"" Guid=""{5770385f-c22a-43e0-bf4c-06f5698ffbd9}""/>
      <EventID>1</EventID>
      <Version>5</Version>
      <Level>4</Level>
      <Task>1</Task>
      <Opcode>0</Opcode>
      <Keywords>0x8000000000000000</Keywords>
      <TimeCreated SystemTime=""2023-12-28T00:20:43.9527456Z""/>
      <EventRecordID>9469</EventRecordID>
      <Correlation/>
      <Execution ProcessID=""7044"" ThreadID=""6672""/>
      <Channel>Microsoft-Windows-Sysmon/Operational</Channel>
      <Computer>WinDev2309Eval</Computer>
      <Security UserID=""S-1-5-18""/>
    </System>
    <EventData>
      <Data Name=""RuleName"">-</Data>
      <Data Name=""UtcTime"">2023-12-28 00:20:43.951</Data>
      <Data Name=""ProcessGuid"">{fda94052-bf5b-658c-6402-000000000b00}</Data>
      <Data Name=""ProcessId"">7460</Data>
      <Data Name=""Image"">C:\Windows\System32\WindowsPowerShell\v1.0\powershell.exe</Data>
      <Data Name=""FileVersion"">10.0.22621.2215 (WinBuild.160101.0800)</Data>
      <Data Name=""Description"">Windows PowerShell</Data>
      <Data Name=""Product"">Microsoft&#174; Windows&#174; Operating System</Data>
      <Data Name=""Company"">Microsoft Corporation</Data>
      <Data Name=""OriginalFileName"">PowerShell.EXE</Data>
      <Data Name=""CommandLine"">""powershell.exe"" &amp; {$termsrvDll = \""""C:\Windows\System32\termsrv.dll\""""

$ACL = Get-Acl $termsrvDll
$permission = \""""Administrators\"""",\""""FullControl\"""",\""""Allow\""""
$accessRule = New-Object System.Security.AccessControl.FileSystemAccessRule $permission
$ACL.SetAccessRule($accessRule)
Set-Acl -Path $termsrvDll -AclObject $ACL

Copy-Item -Path \""""C:\Windows\System32\termsrv.dll\"""" -Destination \""""C:\Windows\System32\termsrv_backup.dll\"""" -ErrorAction Ignore
Add-Content -Path \""""C:\Windows\System32\termsrv.dll\"""" -Value \""""`n\"""" -NoNewline -ErrorAction Ignore
Move-Item -Path \""""C:\Windows\System32\termsrv_backup.dll\"""" -Destination \""""C:\Windows\System32\termsrv.dll\"""" -Force -ErrorAction Ignore}</Data>
      <Data Name=""CurrentDirectory"">C:\Users\User\AppData\Local\Temp\</Data>
      <Data Name=""User"">WINDEV2309EVAL\User</Data>
      <Data Name=""LogonGuid"">{fda94052-3502-658d-b367-080000000000}</Data>
      <Data Name=""LogonId"">0x867b3</Data>
      <Data Name=""TerminalSessionId"">1</Data>
      <Data Name=""IntegrityLevel"">Medium</Data>
      <Data Name=""Hashes"">MD5=824B9F337E68DD8C117595071AC11E23,SHA256=17083405E7DECB3DDEF837C2FA599293A4E8133736969DFD5CE92EF15608A587,IMPHASH=51B0FFFA02CA6C1B85189E2E6C139F36</Data>
      <Data Name=""ParentProcessGuid"">{fda94052-b87a-658c-2702-000000000b00}</Data>
      <Data Name=""ParentProcessId"">5076</Data>
      <Data Name=""ParentImage"">C:\Windows\System32\WindowsPowerShell\v1.0\powershell.exe</Data>
      <Data Name=""ParentCommandLine"">""C:\Windows\System32\WindowsPowerShell\v1.0\powershell.exe"" -exec bypass</Data>
      <Data Name=""ParentUser"">WINDEV2309EVAL\User</Data>
    </EventData>
    <RenderingInfo Culture=""en-US"">
      <Message>Process Create:

RuleName: -

UtcTime: 2023-12-28 00:20:43.951

ProcessGuid: {fda94052-bf5b-658c-6402-000000000b00}

ProcessId: 7460

Image: C:\Windows\System32\WindowsPowerShell\v1.0\powershell.exe

FileVersion: 10.0.22621.2215 (WinBuild.160101.0800)

Description: Windows PowerShell

Product: Microsoft&#174; Windows&#174; Operating System

Company: Microsoft Corporation

OriginalFileName: PowerShell.EXE

CommandLine: ""powershell.exe"" &amp; {$termsrvDll = \""""C:\Windows\System32\termsrv.dll\""""

$ACL = Get-Acl $termsrvDll
$permission = \""""Administrators\"""",\""""FullControl\"""",\""""Allow\""""
$accessRule = New-Object System.Security.AccessControl.FileSystemAccessRule $permission
$ACL.SetAccessRule($accessRule)
Set-Acl -Path $termsrvDll -AclObject $ACL

Copy-Item -Path \""""C:\Windows\System32\termsrv.dll\"""" -Destination \""""C:\Windows\System32\termsrv_backup.dll\"""" -ErrorAction Ignore
Add-Content -Path \""""C:\Windows\System32\termsrv.dll\"""" -Value \""""`n\"""" -NoNewline -ErrorAction Ignore
Move-Item -Path \""""C:\Windows\System32\termsrv_backup.dll\"""" -Destination \""""C:\Windows\System32\termsrv.dll\"""" -Force -ErrorAction Ignore}

CurrentDirectory: C:\Users\User\AppData\Local\Temp\

User: WINDEV2309EVAL\User

LogonGuid: {fda94052-3502-658d-b367-080000000000}

LogonId: 0x867B3

TerminalSessionId: 1

IntegrityLevel: Medium

Hashes: MD5=824B9F337E68DD8C117595071AC11E23,SHA256=17083405E7DECB3DDEF837C2FA599293A4E8133736969DFD5CE92EF15608A587,IMPHASH=51B0FFFA02CA6C1B85189E2E6C139F36

ParentProcessGuid: {fda94052-b87a-658c-2702-000000000b00}

ParentProcessId: 5076

ParentImage: C:\Windows\System32\WindowsPowerShell\v1.0\powershell.exe

ParentCommandLine: ""C:\Windows\System32\WindowsPowerShell\v1.0\powershell.exe"" -exec bypass

ParentUser: WINDEV2309EVAL\User</Message>
      <Level>Information</Level>
      <Task>Process Create (rule: ProcessCreate)</Task>
      <Opcode>Info</Opcode>
    </RenderingInfo>
  </Event>
  
"
Microsoft-Windows-Sysmon/Operational,"""C:\Windows\system32\whoami.exe""",Microsoft Corporation,WinDev2309Eval,,C:\Users\User\,whoami - displays logged on user information,1,9468,10.0.22621.1 (WinBuild.160101.0800),"MD5=E0F37DB23E4F3163159A815610DF8CF2,SHA256=574BC2A2995FE2B1F732CCD39F2D99460ACE980AF29EFDF1EB0D3E888BE7D6F0,IMPHASH=62935820E434AF643547B7F5F5BD0292",C:\Windows\System32\whoami.exe,Medium,0x8000000000000000,Information,{fda94052-3502-658d-b367-080000000000},0x867b3,"Process Create:

RuleName: -

UtcTime: 2023-12-28 00:20:42.898

ProcessGuid: {fda94052-bf5a-658c-6202-000000000b00}

ProcessId: 8744

Image: C:\Windows\System32\whoami.exe

FileVersion: 10.0.22621.1 (WinBuild.160101.0800)

Description: whoami - displays logged on user information

Product: Microsoft® Windows® Operating System

Company: Microsoft Corporation

OriginalFileName: whoami.exe

CommandLine: ""C:\Windows\system32\whoami.exe""

CurrentDirectory: C:\Users\User\

User: WINDEV2309EVAL\User

LogonGuid: {fda94052-3502-658d-b367-080000000000}

LogonId: 0x867B3

TerminalSessionId: 1

IntegrityLevel: Medium

Hashes: MD5=E0F37DB23E4F3163159A815610DF8CF2,SHA256=574BC2A2995FE2B1F732CCD39F2D99460ACE980AF29EFDF1EB0D3E888BE7D6F0,IMPHASH=62935820E434AF643547B7F5F5BD0292

ParentProcessGuid: {fda94052-b87a-658c-2702-000000000b00}

ParentProcessId: 5076

ParentImage: C:\Windows\System32\WindowsPowerShell\v1.0\powershell.exe

ParentCommandLine: ""C:\Windows\System32\WindowsPowerShell\v1.0\powershell.exe"" -exec bypass

ParentUser: WINDEV2309EVAL\User",Info,whoami.exe,"""C:\Windows\System32\WindowsPowerShell\v1.0\powershell.exe"" -exec bypass",C:\Windows\System32\WindowsPowerShell\v1.0\powershell.exe,{fda94052-b87a-658c-2702-000000000b00},5076,WINDEV2309EVAL\User,{fda94052-bf5a-658c-6202-000000000b00},7044,8744,Microsoft® Windows® Operating System,"
      ",-,2023-12-28T00:20:42.9008138Z,,Process Create (rule: ProcessCreate),1,6672,WINDEV2309EVAL\User,S-1-5-18,2023-12-28 00:20:42.898,5,"<Event xmlns=""http://schemas.microsoft.com/win/2004/08/events/event"">
    <System>
      <Provider Name=""Microsoft-Windows-Sysmon"" Guid=""{5770385f-c22a-43e0-bf4c-06f5698ffbd9}""/>
      <EventID>1</EventID>
      <Version>5</Version>
      <Level>4</Level>
      <Task>1</Task>
      <Opcode>0</Opcode>
      <Keywords>0x8000000000000000</Keywords>
      <TimeCreated SystemTime=""2023-12-28T00:20:42.9008138Z""/>
      <EventRecordID>9468</EventRecordID>
      <Correlation/>
      <Execution ProcessID=""7044"" ThreadID=""6672""/>
      <Channel>Microsoft-Windows-Sysmon/Operational</Channel>
      <Computer>WinDev2309Eval</Computer>
      <Security UserID=""S-1-5-18""/>
    </System>
    <EventData>
      <Data Name=""RuleName"">-</Data>
      <Data Name=""UtcTime"">2023-12-28 00:20:42.898</Data>
      <Data Name=""ProcessGuid"">{fda94052-bf5a-658c-6202-000000000b00}</Data>
      <Data Name=""ProcessId"">8744</Data>
      <Data Name=""Image"">C:\Windows\System32\whoami.exe</Data>
      <Data Name=""FileVersion"">10.0.22621.1 (WinBuild.160101.0800)</Data>
      <Data Name=""Description"">whoami - displays logged on user information</Data>
      <Data Name=""Product"">Microsoft&#174; Windows&#174; Operating System</Data>
      <Data Name=""Company"">Microsoft Corporation</Data>
      <Data Name=""OriginalFileName"">whoami.exe</Data>
      <Data Name=""CommandLine"">""C:\Windows\system32\whoami.exe""</Data>
      <Data Name=""CurrentDirectory"">C:\Users\User\</Data>
      <Data Name=""User"">WINDEV2309EVAL\User</Data>
      <Data Name=""LogonGuid"">{fda94052-3502-658d-b367-080000000000}</Data>
      <Data Name=""LogonId"">0x867b3</Data>
      <Data Name=""TerminalSessionId"">1</Data>
      <Data Name=""IntegrityLevel"">Medium</Data>
      <Data Name=""Hashes"">MD5=E0F37DB23E4F3163159A815610DF8CF2,SHA256=574BC2A2995FE2B1F732CCD39F2D99460ACE980AF29EFDF1EB0D3E888BE7D6F0,IMPHASH=62935820E434AF643547B7F5F5BD0292</Data>
      <Data Name=""ParentProcessGuid"">{fda94052-b87a-658c-2702-000000000b00}</Data>
      <Data Name=""ParentProcessId"">5076</Data>
      <Data Name=""ParentImage"">C:\Windows\System32\WindowsPowerShell\v1.0\powershell.exe</Data>
      <Data Name=""ParentCommandLine"">""C:\Windows\System32\WindowsPowerShell\v1.0\powershell.exe"" -exec bypass</Data>
      <Data Name=""ParentUser"">WINDEV2309EVAL\User</Data>
    </EventData>
    <RenderingInfo Culture=""en-US"">
      <Message>Process Create:

RuleName: -

UtcTime: 2023-12-28 00:20:42.898

ProcessGuid: {fda94052-bf5a-658c-6202-000000000b00}

ProcessId: 8744

Image: C:\Windows\System32\whoami.exe

FileVersion: 10.0.22621.1 (WinBuild.160101.0800)

Description: whoami - displays logged on user information

Product: Microsoft&#174; Windows&#174; Operating System

Company: Microsoft Corporation

OriginalFileName: whoami.exe

CommandLine: ""C:\Windows\system32\whoami.exe""

CurrentDirectory: C:\Users\User\

User: WINDEV2309EVAL\User

LogonGuid: {fda94052-3502-658d-b367-080000000000}

LogonId: 0x867B3

TerminalSessionId: 1

IntegrityLevel: Medium

Hashes: MD5=E0F37DB23E4F3163159A815610DF8CF2,SHA256=574BC2A2995FE2B1F732CCD39F2D99460ACE980AF29EFDF1EB0D3E888BE7D6F0,IMPHASH=62935820E434AF643547B7F5F5BD0292

ParentProcessGuid: {fda94052-b87a-658c-2702-000000000b00}

ParentProcessId: 5076

ParentImage: C:\Windows\System32\WindowsPowerShell\v1.0\powershell.exe

ParentCommandLine: ""C:\Windows\System32\WindowsPowerShell\v1.0\powershell.exe"" -exec bypass

ParentUser: WINDEV2309EVAL\User</Message>
      <Level>Information</Level>
      <Task>Process Create (rule: ProcessCreate)</Task>
      <Opcode>Info</Opcode>
    </RenderingInfo>
  </Event>
  
"
Microsoft-Windows-Sysmon/Operational,"""C:\Windows\system32\HOSTNAME.EXE""",Microsoft Corporation,WinDev2309Eval,,C:\Users\User\,Hostname APP,1,9467,10.0.22621.2215 (WinBuild.160101.0800),"MD5=26D86E5BDA0ECA6C6C86541A141A3598,SHA256=D35B9869DA6A1894CB3F3D3E4808EADFF9ADF9B27677194D3F896FCBCDDFFACC,IMPHASH=23013EDF627646AB5226D15AC880BAD8",C:\Windows\System32\HOSTNAME.EXE,Medium,0x8000000000000000,Information,{fda94052-3502-658d-b367-080000000000},0x867b3,"Process Create:

RuleName: -

UtcTime: 2023-12-28 00:20:42.873

ProcessGuid: {fda94052-bf5a-658c-6102-000000000b00}

ProcessId: 2628

Image: C:\Windows\System32\HOSTNAME.EXE

FileVersion: 10.0.22621.2215 (WinBuild.160101.0800)

Description: Hostname APP

Product: Microsoft® Windows® Operating System

Company: Microsoft Corporation

OriginalFileName: hostname.exe

CommandLine: ""C:\Windows\system32\HOSTNAME.EXE""

CurrentDirectory: C:\Users\User\

User: WINDEV2309EVAL\User

LogonGuid: {fda94052-3502-658d-b367-080000000000}

LogonId: 0x867B3

TerminalSessionId: 1

IntegrityLevel: Medium

Hashes: MD5=26D86E5BDA0ECA6C6C86541A141A3598,SHA256=D35B9869DA6A1894CB3F3D3E4808EADFF9ADF9B27677194D3F896FCBCDDFFACC,IMPHASH=23013EDF627646AB5226D15AC880BAD8

ParentProcessGuid: {fda94052-b87a-658c-2702-000000000b00}

ParentProcessId: 5076

ParentImage: C:\Windows\System32\WindowsPowerShell\v1.0\powershell.exe

ParentCommandLine: ""C:\Windows\System32\WindowsPowerShell\v1.0\powershell.exe"" -exec bypass

ParentUser: WINDEV2309EVAL\User",Info,hostname.exe,"""C:\Windows\System32\WindowsPowerShell\v1.0\powershell.exe"" -exec bypass",C:\Windows\System32\WindowsPowerShell\v1.0\powershell.exe,{fda94052-b87a-658c-2702-000000000b00},5076,WINDEV2309EVAL\User,{fda94052-bf5a-658c-6102-000000000b00},7044,2628,Microsoft® Windows® Operating System,"
      ",-,2023-12-28T00:20:42.8743610Z,,Process Create (rule: ProcessCreate),1,6672,WINDEV2309EVAL\User,S-1-5-18,2023-12-28 00:20:42.873,5,"<Event xmlns=""http://schemas.microsoft.com/win/2004/08/events/event"">
    <System>
      <Provider Name=""Microsoft-Windows-Sysmon"" Guid=""{5770385f-c22a-43e0-bf4c-06f5698ffbd9}""/>
      <EventID>1</EventID>
      <Version>5</Version>
      <Level>4</Level>
      <Task>1</Task>
      <Opcode>0</Opcode>
      <Keywords>0x8000000000000000</Keywords>
      <TimeCreated SystemTime=""2023-12-28T00:20:42.8743610Z""/>
      <EventRecordID>9467</EventRecordID>
      <Correlation/>
      <Execution ProcessID=""7044"" ThreadID=""6672""/>
      <Channel>Microsoft-Windows-Sysmon/Operational</Channel>
      <Computer>WinDev2309Eval</Computer>
      <Security UserID=""S-1-5-18""/>
    </System>
    <EventData>
      <Data Name=""RuleName"">-</Data>
      <Data Name=""UtcTime"">2023-12-28 00:20:42.873</Data>
      <Data Name=""ProcessGuid"">{fda94052-bf5a-658c-6102-000000000b00}</Data>
      <Data Name=""ProcessId"">2628</Data>
      <Data Name=""Image"">C:\Windows\System32\HOSTNAME.EXE</Data>
      <Data Name=""FileVersion"">10.0.22621.2215 (WinBuild.160101.0800)</Data>
      <Data Name=""Description"">Hostname APP</Data>
      <Data Name=""Product"">Microsoft&#174; Windows&#174; Operating System</Data>
      <Data Name=""Company"">Microsoft Corporation</Data>
      <Data Name=""OriginalFileName"">hostname.exe</Data>
      <Data Name=""CommandLine"">""C:\Windows\system32\HOSTNAME.EXE""</Data>
      <Data Name=""CurrentDirectory"">C:\Users\User\</Data>
      <Data Name=""User"">WINDEV2309EVAL\User</Data>
      <Data Name=""LogonGuid"">{fda94052-3502-658d-b367-080000000000}</Data>
      <Data Name=""LogonId"">0x867b3</Data>
      <Data Name=""TerminalSessionId"">1</Data>
      <Data Name=""IntegrityLevel"">Medium</Data>
      <Data Name=""Hashes"">MD5=26D86E5BDA0ECA6C6C86541A141A3598,SHA256=D35B9869DA6A1894CB3F3D3E4808EADFF9ADF9B27677194D3F896FCBCDDFFACC,IMPHASH=23013EDF627646AB5226D15AC880BAD8</Data>
      <Data Name=""ParentProcessGuid"">{fda94052-b87a-658c-2702-000000000b00}</Data>
      <Data Name=""ParentProcessId"">5076</Data>
      <Data Name=""ParentImage"">C:\Windows\System32\WindowsPowerShell\v1.0\powershell.exe</Data>
      <Data Name=""ParentCommandLine"">""C:\Windows\System32\WindowsPowerShell\v1.0\powershell.exe"" -exec bypass</Data>
      <Data Name=""ParentUser"">WINDEV2309EVAL\User</Data>
    </EventData>
    <RenderingInfo Culture=""en-US"">
      <Message>Process Create:

RuleName: -

UtcTime: 2023-12-28 00:20:42.873

ProcessGuid: {fda94052-bf5a-658c-6102-000000000b00}

ProcessId: 2628

Image: C:\Windows\System32\HOSTNAME.EXE

FileVersion: 10.0.22621.2215 (WinBuild.160101.0800)

Description: Hostname APP

Product: Microsoft&#174; Windows&#174; Operating System

Company: Microsoft Corporation

OriginalFileName: hostname.exe

CommandLine: ""C:\Windows\system32\HOSTNAME.EXE""

CurrentDirectory: C:\Users\User\

User: WINDEV2309EVAL\User

LogonGuid: {fda94052-3502-658d-b367-080000000000}

LogonId: 0x867B3

TerminalSessionId: 1

IntegrityLevel: Medium

Hashes: MD5=26D86E5BDA0ECA6C6C86541A141A3598,SHA256=D35B9869DA6A1894CB3F3D3E4808EADFF9ADF9B27677194D3F896FCBCDDFFACC,IMPHASH=23013EDF627646AB5226D15AC880BAD8

ParentProcessGuid: {fda94052-b87a-658c-2702-000000000b00}

ParentProcessId: 5076

ParentImage: C:\Windows\System32\WindowsPowerShell\v1.0\powershell.exe

ParentCommandLine: ""C:\Windows\System32\WindowsPowerShell\v1.0\powershell.exe"" -exec bypass

ParentUser: WINDEV2309EVAL\User</Message>
      <Level>Information</Level>
      <Task>Process Create (rule: ProcessCreate)</Task>
      <Opcode>Info</Opcode>
    </RenderingInfo>
  </Event>

"
