Microsoft-Windows-Sysmon/Operational,netsh.exe  advfirewall show currentprofile ,Microsoft Corporation,WinDev2309Eval,,C:\Users\User\AppData\Local\Temp\,Network Command Shell,1,9440,10.0.22621.1 (WinBuild.160101.0800),"MD5=52B4651083081201E243E97ED965B60A,SHA256=3E91414A1A005937925E449627D4634E73B1DA9DC12D1008B1BAA54C77637C44,IMPHASH=06F091DBEC9C3F0DD14808FFE59B95DE",C:\Windows\System32\netsh.exe,Medium,0x8000000000000000,Information,{fda94052-3502-658d-b367-080000000000},0x867b3,"Process Create:

RuleName: -

UtcTime: 2023-12-28 00:31:51.098

ProcessGuid: {fda94052-c1f7-658c-6002-000000000b00}

ProcessId: 2064

Image: C:\Windows\System32\netsh.exe

FileVersion: 10.0.22621.1 (WinBuild.160101.0800)

Description: Network Command Shell

Product: Microsoft® Windows® Operating System

Company: Microsoft Corporation

OriginalFileName: netsh.exe

CommandLine: netsh.exe  advfirewall show currentprofile 

CurrentDirectory: C:\Users\User\AppData\Local\Temp\

User: WINDEV2309EVAL\User

LogonGuid: {fda94052-3502-658d-b367-080000000000}

LogonId: 0x867B3

TerminalSessionId: 1

IntegrityLevel: Medium

Hashes: MD5=52B4651083081201E243E97ED965B60A,SHA256=3E91414A1A005937925E449627D4634E73B1DA9DC12D1008B1BAA54C77637C44,IMPHASH=06F091DBEC9C3F0DD14808FFE59B95DE

ParentProcessGuid: {fda94052-c1f6-658c-5c02-000000000b00}

ParentProcessId: 8712

ParentImage: C:\Windows\System32\cmd.exe

ParentCommandLine: ""cmd.exe"" /c netsh.exe advfirewall  show allprofiles  & netsh.exe advfirewall firewall dump & netsh.exe advfirewall show currentprofile & netsh.exe advfirewall firewall show rule name=all & netsh.exe firewall show state & netsh.exe firewall show config & sc query windefend & powershell.exe /c ""Get-Process | Where-Object { $_.ProcessName -eq 'Sysmon' }"" & powershell.exe /c ""Get-Service | where-object {$_.DisplayName -like '*sysm*'}"" & powershell.exe /c ""Get-CimInstance Win32_Service -Filter 'Description = ''System Monitor service'''"" & tasklist.exe & tasklist.exe | findstr /i virus & tasklist.exe | findstr /i cb & tasklist.exe | findstr /i defender & tasklist.exe | findstr /i cylance & tasklist.exe | findstr /i mc & tasklist.exe | findstr /i ""virus cb defender cylance mc""

ParentUser: WINDEV2309EVAL\User",Info,netsh.exe,"""cmd.exe"" /c netsh.exe advfirewall  show allprofiles  & netsh.exe advfirewall firewall dump & netsh.exe advfirewall show currentprofile & netsh.exe advfirewall firewall show rule name=all & netsh.exe firewall show state & netsh.exe firewall show config & sc query windefend & powershell.exe /c ""Get-Process | Where-Object { $_.ProcessName -eq 'Sysmon' }"" & powershell.exe /c ""Get-Service | where-object {$_.DisplayName -like '*sysm*'}"" & powershell.exe /c ""Get-CimInstance Win32_Service -Filter 'Description = ''System Monitor service'''"" & tasklist.exe & tasklist.exe | findstr /i virus & tasklist.exe | findstr /i cb & tasklist.exe | findstr /i defender & tasklist.exe | findstr /i cylance & tasklist.exe | findstr /i mc & tasklist.exe | findstr /i ""virus cb defender cylance mc""",C:\Windows\System32\cmd.exe,{fda94052-c1f6-658c-5c02-000000000b00},8712,WINDEV2309EVAL\User,{fda94052-c1f7-658c-6002-000000000b00},7044,2064,Microsoft® Windows® Operating System,,,,"
      ",-,2023-12-28T00:31:51.0996865Z,,Process Create (rule: ProcessCreate),1,6672,WINDEV2309EVAL\User,S-1-5-18,2023-12-28 00:31:51.098,5,"<Event xmlns=""http://schemas.microsoft.com/win/2004/08/events/event"">
    <System>
      <Provider Name=""Microsoft-Windows-Sysmon"" Guid=""{5770385f-c22a-43e0-bf4c-06f5698ffbd9}""/>
      <EventID>1</EventID>
      <Version>5</Version>
      <Level>4</Level>
      <Task>1</Task>
      <Opcode>0</Opcode>
      <Keywords>0x8000000000000000</Keywords>
      <TimeCreated SystemTime=""2023-12-28T00:31:51.0996865Z""/>
      <EventRecordID>9440</EventRecordID>
      <Correlation/>
      <Execution ProcessID=""7044"" ThreadID=""6672""/>
      <Channel>Microsoft-Windows-Sysmon/Operational</Channel>
      <Computer>WinDev2309Eval</Computer>
      <Security UserID=""S-1-5-18""/>
    </System>
    <EventData>
      <Data Name=""RuleName"">-</Data>
      <Data Name=""UtcTime"">2023-12-28 00:31:51.098</Data>
      <Data Name=""ProcessGuid"">{fda94052-c1f7-658c-6002-000000000b00}</Data>
      <Data Name=""ProcessId"">2064</Data>
      <Data Name=""Image"">C:\Windows\System32\netsh.exe</Data>
      <Data Name=""FileVersion"">10.0.22621.1 (WinBuild.160101.0800)</Data>
      <Data Name=""Description"">Network Command Shell</Data>
      <Data Name=""Product"">Microsoft&#174; Windows&#174; Operating System</Data>
      <Data Name=""Company"">Microsoft Corporation</Data>
      <Data Name=""OriginalFileName"">netsh.exe</Data>
      <Data Name=""CommandLine"">netsh.exe  advfirewall show currentprofile </Data>
      <Data Name=""CurrentDirectory"">C:\Users\User\AppData\Local\Temp\</Data>
      <Data Name=""User"">WINDEV2309EVAL\User</Data>
      <Data Name=""LogonGuid"">{fda94052-3502-658d-b367-080000000000}</Data>
      <Data Name=""LogonId"">0x867b3</Data>
      <Data Name=""TerminalSessionId"">1</Data>
      <Data Name=""IntegrityLevel"">Medium</Data>
      <Data Name=""Hashes"">MD5=52B4651083081201E243E97ED965B60A,SHA256=3E91414A1A005937925E449627D4634E73B1DA9DC12D1008B1BAA54C77637C44,IMPHASH=06F091DBEC9C3F0DD14808FFE59B95DE</Data>
      <Data Name=""ParentProcessGuid"">{fda94052-c1f6-658c-5c02-000000000b00}</Data>
      <Data Name=""ParentProcessId"">8712</Data>
      <Data Name=""ParentImage"">C:\Windows\System32\cmd.exe</Data>
      <Data Name=""ParentCommandLine"">""cmd.exe"" /c netsh.exe advfirewall  show allprofiles  &amp; netsh.exe advfirewall firewall dump &amp; netsh.exe advfirewall show currentprofile &amp; netsh.exe advfirewall firewall show rule name=all &amp; netsh.exe firewall show state &amp; netsh.exe firewall show config &amp; sc query windefend &amp; powershell.exe /c ""Get-Process | Where-Object { $_.ProcessName -eq 'Sysmon' }"" &amp; powershell.exe /c ""Get-Service | where-object {$_.DisplayName -like '*sysm*'}"" &amp; powershell.exe /c ""Get-CimInstance Win32_Service -Filter 'Description = ''System Monitor service'''"" &amp; tasklist.exe &amp; tasklist.exe | findstr /i virus &amp; tasklist.exe | findstr /i cb &amp; tasklist.exe | findstr /i defender &amp; tasklist.exe | findstr /i cylance &amp; tasklist.exe | findstr /i mc &amp; tasklist.exe | findstr /i ""virus cb defender cylance mc""</Data>
      <Data Name=""ParentUser"">WINDEV2309EVAL\User</Data>
    </EventData>
    <RenderingInfo Culture=""en-US"">
      <Message>Process Create:

RuleName: -

UtcTime: 2023-12-28 00:31:51.098

ProcessGuid: {fda94052-c1f7-658c-6002-000000000b00}

ProcessId: 2064

Image: C:\Windows\System32\netsh.exe

FileVersion: 10.0.22621.1 (WinBuild.160101.0800)

Description: Network Command Shell

Product: Microsoft&#174; Windows&#174; Operating System

Company: Microsoft Corporation

OriginalFileName: netsh.exe

CommandLine: netsh.exe  advfirewall show currentprofile 

CurrentDirectory: C:\Users\User\AppData\Local\Temp\

User: WINDEV2309EVAL\User

LogonGuid: {fda94052-3502-658d-b367-080000000000}

LogonId: 0x867B3

TerminalSessionId: 1

IntegrityLevel: Medium

Hashes: MD5=52B4651083081201E243E97ED965B60A,SHA256=3E91414A1A005937925E449627D4634E73B1DA9DC12D1008B1BAA54C77637C44,IMPHASH=06F091DBEC9C3F0DD14808FFE59B95DE

ParentProcessGuid: {fda94052-c1f6-658c-5c02-000000000b00}

ParentProcessId: 8712

ParentImage: C:\Windows\System32\cmd.exe

ParentCommandLine: ""cmd.exe"" /c netsh.exe advfirewall  show allprofiles  &amp; netsh.exe advfirewall firewall dump &amp; netsh.exe advfirewall show currentprofile &amp; netsh.exe advfirewall firewall show rule name=all &amp; netsh.exe firewall show state &amp; netsh.exe firewall show config &amp; sc query windefend &amp; powershell.exe /c ""Get-Process | Where-Object { $_.ProcessName -eq 'Sysmon' }"" &amp; powershell.exe /c ""Get-Service | where-object {$_.DisplayName -like '*sysm*'}"" &amp; powershell.exe /c ""Get-CimInstance Win32_Service -Filter 'Description = ''System Monitor service'''"" &amp; tasklist.exe &amp; tasklist.exe | findstr /i virus &amp; tasklist.exe | findstr /i cb &amp; tasklist.exe | findstr /i defender &amp; tasklist.exe | findstr /i cylance &amp; tasklist.exe | findstr /i mc &amp; tasklist.exe | findstr /i ""virus cb defender cylance mc""

ParentUser: WINDEV2309EVAL\User</Message>
      <Level>Information</Level>
      <Task>Process Create (rule: ProcessCreate)</Task>
      <Opcode>Info</Opcode>
    </RenderingInfo>
  </Event>
  
"
Microsoft-Windows-Sysmon/Operational,netsh.exe  advfirewall firewall dump ,Microsoft Corporation,WinDev2309Eval,,C:\Users\User\AppData\Local\Temp\,Network Command Shell,1,9439,10.0.22621.1 (WinBuild.160101.0800),"MD5=52B4651083081201E243E97ED965B60A,SHA256=3E91414A1A005937925E449627D4634E73B1DA9DC12D1008B1BAA54C77637C44,IMPHASH=06F091DBEC9C3F0DD14808FFE59B95DE",C:\Windows\System32\netsh.exe,Medium,0x8000000000000000,Information,{fda94052-3502-658d-b367-080000000000},0x867b3,"Process Create:

RuleName: -

UtcTime: 2023-12-28 00:31:50.985

ProcessGuid: {fda94052-c1f6-658c-5f02-000000000b00}

ProcessId: 7148

Image: C:\Windows\System32\netsh.exe

FileVersion: 10.0.22621.1 (WinBuild.160101.0800)

Description: Network Command Shell

Product: Microsoft® Windows® Operating System

Company: Microsoft Corporation

OriginalFileName: netsh.exe

CommandLine: netsh.exe  advfirewall firewall dump 

CurrentDirectory: C:\Users\User\AppData\Local\Temp\

User: WINDEV2309EVAL\User

LogonGuid: {fda94052-3502-658d-b367-080000000000}

LogonId: 0x867B3

TerminalSessionId: 1

IntegrityLevel: Medium

Hashes: MD5=52B4651083081201E243E97ED965B60A,SHA256=3E91414A1A005937925E449627D4634E73B1DA9DC12D1008B1BAA54C77637C44,IMPHASH=06F091DBEC9C3F0DD14808FFE59B95DE

ParentProcessGuid: {fda94052-c1f6-658c-5c02-000000000b00}

ParentProcessId: 8712

ParentImage: C:\Windows\System32\cmd.exe

ParentCommandLine: ""cmd.exe"" /c netsh.exe advfirewall  show allprofiles  & netsh.exe advfirewall firewall dump & netsh.exe advfirewall show currentprofile & netsh.exe advfirewall firewall show rule name=all & netsh.exe firewall show state & netsh.exe firewall show config & sc query windefend & powershell.exe /c ""Get-Process | Where-Object { $_.ProcessName -eq 'Sysmon' }"" & powershell.exe /c ""Get-Service | where-object {$_.DisplayName -like '*sysm*'}"" & powershell.exe /c ""Get-CimInstance Win32_Service -Filter 'Description = ''System Monitor service'''"" & tasklist.exe & tasklist.exe | findstr /i virus & tasklist.exe | findstr /i cb & tasklist.exe | findstr /i defender & tasklist.exe | findstr /i cylance & tasklist.exe | findstr /i mc & tasklist.exe | findstr /i ""virus cb defender cylance mc""

ParentUser: WINDEV2309EVAL\User",Info,netsh.exe,"""cmd.exe"" /c netsh.exe advfirewall  show allprofiles  & netsh.exe advfirewall firewall dump & netsh.exe advfirewall show currentprofile & netsh.exe advfirewall firewall show rule name=all & netsh.exe firewall show state & netsh.exe firewall show config & sc query windefend & powershell.exe /c ""Get-Process | Where-Object { $_.ProcessName -eq 'Sysmon' }"" & powershell.exe /c ""Get-Service | where-object {$_.DisplayName -like '*sysm*'}"" & powershell.exe /c ""Get-CimInstance Win32_Service -Filter 'Description = ''System Monitor service'''"" & tasklist.exe & tasklist.exe | findstr /i virus & tasklist.exe | findstr /i cb & tasklist.exe | findstr /i defender & tasklist.exe | findstr /i cylance & tasklist.exe | findstr /i mc & tasklist.exe | findstr /i ""virus cb defender cylance mc""",C:\Windows\System32\cmd.exe,{fda94052-c1f6-658c-5c02-000000000b00},8712,WINDEV2309EVAL\User,{fda94052-c1f6-658c-5f02-000000000b00},7044,7148,Microsoft® Windows® Operating System,,,,"
      ",-,2023-12-28T00:31:50.9870405Z,,Process Create (rule: ProcessCreate),1,6672,WINDEV2309EVAL\User,S-1-5-18,2023-12-28 00:31:50.985,5,"<Event xmlns=""http://schemas.microsoft.com/win/2004/08/events/event"">
    <System>
      <Provider Name=""Microsoft-Windows-Sysmon"" Guid=""{5770385f-c22a-43e0-bf4c-06f5698ffbd9}""/>
      <EventID>1</EventID>
      <Version>5</Version>
      <Level>4</Level>
      <Task>1</Task>
      <Opcode>0</Opcode>
      <Keywords>0x8000000000000000</Keywords>
      <TimeCreated SystemTime=""2023-12-28T00:31:50.9870405Z""/>
      <EventRecordID>9439</EventRecordID>
      <Correlation/>
      <Execution ProcessID=""7044"" ThreadID=""6672""/>
      <Channel>Microsoft-Windows-Sysmon/Operational</Channel>
      <Computer>WinDev2309Eval</Computer>
      <Security UserID=""S-1-5-18""/>
    </System>
    <EventData>
      <Data Name=""RuleName"">-</Data>
      <Data Name=""UtcTime"">2023-12-28 00:31:50.985</Data>
      <Data Name=""ProcessGuid"">{fda94052-c1f6-658c-5f02-000000000b00}</Data>
      <Data Name=""ProcessId"">7148</Data>
      <Data Name=""Image"">C:\Windows\System32\netsh.exe</Data>
      <Data Name=""FileVersion"">10.0.22621.1 (WinBuild.160101.0800)</Data>
      <Data Name=""Description"">Network Command Shell</Data>
      <Data Name=""Product"">Microsoft&#174; Windows&#174; Operating System</Data>
      <Data Name=""Company"">Microsoft Corporation</Data>
      <Data Name=""OriginalFileName"">netsh.exe</Data>
      <Data Name=""CommandLine"">netsh.exe  advfirewall firewall dump </Data>
      <Data Name=""CurrentDirectory"">C:\Users\User\AppData\Local\Temp\</Data>
      <Data Name=""User"">WINDEV2309EVAL\User</Data>
      <Data Name=""LogonGuid"">{fda94052-3502-658d-b367-080000000000}</Data>
      <Data Name=""LogonId"">0x867b3</Data>
      <Data Name=""TerminalSessionId"">1</Data>
      <Data Name=""IntegrityLevel"">Medium</Data>
      <Data Name=""Hashes"">MD5=52B4651083081201E243E97ED965B60A,SHA256=3E91414A1A005937925E449627D4634E73B1DA9DC12D1008B1BAA54C77637C44,IMPHASH=06F091DBEC9C3F0DD14808FFE59B95DE</Data>
      <Data Name=""ParentProcessGuid"">{fda94052-c1f6-658c-5c02-000000000b00}</Data>
      <Data Name=""ParentProcessId"">8712</Data>
      <Data Name=""ParentImage"">C:\Windows\System32\cmd.exe</Data>
      <Data Name=""ParentCommandLine"">""cmd.exe"" /c netsh.exe advfirewall  show allprofiles  &amp; netsh.exe advfirewall firewall dump &amp; netsh.exe advfirewall show currentprofile &amp; netsh.exe advfirewall firewall show rule name=all &amp; netsh.exe firewall show state &amp; netsh.exe firewall show config &amp; sc query windefend &amp; powershell.exe /c ""Get-Process | Where-Object { $_.ProcessName -eq 'Sysmon' }"" &amp; powershell.exe /c ""Get-Service | where-object {$_.DisplayName -like '*sysm*'}"" &amp; powershell.exe /c ""Get-CimInstance Win32_Service -Filter 'Description = ''System Monitor service'''"" &amp; tasklist.exe &amp; tasklist.exe | findstr /i virus &amp; tasklist.exe | findstr /i cb &amp; tasklist.exe | findstr /i defender &amp; tasklist.exe | findstr /i cylance &amp; tasklist.exe | findstr /i mc &amp; tasklist.exe | findstr /i ""virus cb defender cylance mc""</Data>
      <Data Name=""ParentUser"">WINDEV2309EVAL\User</Data>
    </EventData>
    <RenderingInfo Culture=""en-US"">
      <Message>Process Create:

RuleName: -

UtcTime: 2023-12-28 00:31:50.985

ProcessGuid: {fda94052-c1f6-658c-5f02-000000000b00}

ProcessId: 7148

Image: C:\Windows\System32\netsh.exe

FileVersion: 10.0.22621.1 (WinBuild.160101.0800)

Description: Network Command Shell

Product: Microsoft&#174; Windows&#174; Operating System

Company: Microsoft Corporation

OriginalFileName: netsh.exe

CommandLine: netsh.exe  advfirewall firewall dump 

CurrentDirectory: C:\Users\User\AppData\Local\Temp\

User: WINDEV2309EVAL\User

LogonGuid: {fda94052-3502-658d-b367-080000000000}

LogonId: 0x867B3

TerminalSessionId: 1

IntegrityLevel: Medium

Hashes: MD5=52B4651083081201E243E97ED965B60A,SHA256=3E91414A1A005937925E449627D4634E73B1DA9DC12D1008B1BAA54C77637C44,IMPHASH=06F091DBEC9C3F0DD14808FFE59B95DE

ParentProcessGuid: {fda94052-c1f6-658c-5c02-000000000b00}

ParentProcessId: 8712

ParentImage: C:\Windows\System32\cmd.exe

ParentCommandLine: ""cmd.exe"" /c netsh.exe advfirewall  show allprofiles  &amp; netsh.exe advfirewall firewall dump &amp; netsh.exe advfirewall show currentprofile &amp; netsh.exe advfirewall firewall show rule name=all &amp; netsh.exe firewall show state &amp; netsh.exe firewall show config &amp; sc query windefend &amp; powershell.exe /c ""Get-Process | Where-Object { $_.ProcessName -eq 'Sysmon' }"" &amp; powershell.exe /c ""Get-Service | where-object {$_.DisplayName -like '*sysm*'}"" &amp; powershell.exe /c ""Get-CimInstance Win32_Service -Filter 'Description = ''System Monitor service'''"" &amp; tasklist.exe &amp; tasklist.exe | findstr /i virus &amp; tasklist.exe | findstr /i cb &amp; tasklist.exe | findstr /i defender &amp; tasklist.exe | findstr /i cylance &amp; tasklist.exe | findstr /i mc &amp; tasklist.exe | findstr /i ""virus cb defender cylance mc""

ParentUser: WINDEV2309EVAL\User</Message>
      <Level>Information</Level>
      <Task>Process Create (rule: ProcessCreate)</Task>
      <Opcode>Info</Opcode>
    </RenderingInfo>
  </Event>
  
"
Microsoft-Windows-Sysmon/Operational,netsh.exe  advfirewall  show allprofiles  ,Microsoft Corporation,WinDev2309Eval,,C:\Users\User\AppData\Local\Temp\,Network Command Shell,1,9438,10.0.22621.1 (WinBuild.160101.0800),"MD5=52B4651083081201E243E97ED965B60A,SHA256=3E91414A1A005937925E449627D4634E73B1DA9DC12D1008B1BAA54C77637C44,IMPHASH=06F091DBEC9C3F0DD14808FFE59B95DE",C:\Windows\System32\netsh.exe,Medium,0x8000000000000000,Information,{fda94052-3502-658d-b367-080000000000},0x867b3,"Process Create:

RuleName: -

UtcTime: 2023-12-28 00:31:50.519

ProcessGuid: {fda94052-c1f6-658c-5e02-000000000b00}

ProcessId: 10432

Image: C:\Windows\System32\netsh.exe

FileVersion: 10.0.22621.1 (WinBuild.160101.0800)

Description: Network Command Shell

Product: Microsoft® Windows® Operating System

Company: Microsoft Corporation

OriginalFileName: netsh.exe

CommandLine: netsh.exe  advfirewall  show allprofiles  

CurrentDirectory: C:\Users\User\AppData\Local\Temp\

User: WINDEV2309EVAL\User

LogonGuid: {fda94052-3502-658d-b367-080000000000}

LogonId: 0x867B3

TerminalSessionId: 1

IntegrityLevel: Medium

Hashes: MD5=52B4651083081201E243E97ED965B60A,SHA256=3E91414A1A005937925E449627D4634E73B1DA9DC12D1008B1BAA54C77637C44,IMPHASH=06F091DBEC9C3F0DD14808FFE59B95DE

ParentProcessGuid: {fda94052-c1f6-658c-5c02-000000000b00}

ParentProcessId: 8712

ParentImage: C:\Windows\System32\cmd.exe

ParentCommandLine: ""cmd.exe"" /c netsh.exe advfirewall  show allprofiles  & netsh.exe advfirewall firewall dump & netsh.exe advfirewall show currentprofile & netsh.exe advfirewall firewall show rule name=all & netsh.exe firewall show state & netsh.exe firewall show config & sc query windefend & powershell.exe /c ""Get-Process | Where-Object { $_.ProcessName -eq 'Sysmon' }"" & powershell.exe /c ""Get-Service | where-object {$_.DisplayName -like '*sysm*'}"" & powershell.exe /c ""Get-CimInstance Win32_Service -Filter 'Description = ''System Monitor service'''"" & tasklist.exe & tasklist.exe | findstr /i virus & tasklist.exe | findstr /i cb & tasklist.exe | findstr /i defender & tasklist.exe | findstr /i cylance & tasklist.exe | findstr /i mc & tasklist.exe | findstr /i ""virus cb defender cylance mc""

ParentUser: WINDEV2309EVAL\User",Info,netsh.exe,"""cmd.exe"" /c netsh.exe advfirewall  show allprofiles  & netsh.exe advfirewall firewall dump & netsh.exe advfirewall show currentprofile & netsh.exe advfirewall firewall show rule name=all & netsh.exe firewall show state & netsh.exe firewall show config & sc query windefend & powershell.exe /c ""Get-Process | Where-Object { $_.ProcessName -eq 'Sysmon' }"" & powershell.exe /c ""Get-Service | where-object {$_.DisplayName -like '*sysm*'}"" & powershell.exe /c ""Get-CimInstance Win32_Service -Filter 'Description = ''System Monitor service'''"" & tasklist.exe & tasklist.exe | findstr /i virus & tasklist.exe | findstr /i cb & tasklist.exe | findstr /i defender & tasklist.exe | findstr /i cylance & tasklist.exe | findstr /i mc & tasklist.exe | findstr /i ""virus cb defender cylance mc""",C:\Windows\System32\cmd.exe,{fda94052-c1f6-658c-5c02-000000000b00},8712,WINDEV2309EVAL\User,{fda94052-c1f6-658c-5e02-000000000b00},7044,10432,Microsoft® Windows® Operating System,,,,"
      ",-,2023-12-28T00:31:50.5223780Z,,Process Create (rule: ProcessCreate),1,6672,WINDEV2309EVAL\User,S-1-5-18,2023-12-28 00:31:50.519,5,"<Event xmlns=""http://schemas.microsoft.com/win/2004/08/events/event"">
    <System>
      <Provider Name=""Microsoft-Windows-Sysmon"" Guid=""{5770385f-c22a-43e0-bf4c-06f5698ffbd9}""/>
      <EventID>1</EventID>
      <Version>5</Version>
      <Level>4</Level>
      <Task>1</Task>
      <Opcode>0</Opcode>
      <Keywords>0x8000000000000000</Keywords>
      <TimeCreated SystemTime=""2023-12-28T00:31:50.5223780Z""/>
      <EventRecordID>9438</EventRecordID>
      <Correlation/>
      <Execution ProcessID=""7044"" ThreadID=""6672""/>
      <Channel>Microsoft-Windows-Sysmon/Operational</Channel>
      <Computer>WinDev2309Eval</Computer>
      <Security UserID=""S-1-5-18""/>
    </System>
    <EventData>
      <Data Name=""RuleName"">-</Data>
      <Data Name=""UtcTime"">2023-12-28 00:31:50.519</Data>
      <Data Name=""ProcessGuid"">{fda94052-c1f6-658c-5e02-000000000b00}</Data>
      <Data Name=""ProcessId"">10432</Data>
      <Data Name=""Image"">C:\Windows\System32\netsh.exe</Data>
      <Data Name=""FileVersion"">10.0.22621.1 (WinBuild.160101.0800)</Data>
      <Data Name=""Description"">Network Command Shell</Data>
      <Data Name=""Product"">Microsoft&#174; Windows&#174; Operating System</Data>
      <Data Name=""Company"">Microsoft Corporation</Data>
      <Data Name=""OriginalFileName"">netsh.exe</Data>
      <Data Name=""CommandLine"">netsh.exe  advfirewall  show allprofiles  </Data>
      <Data Name=""CurrentDirectory"">C:\Users\User\AppData\Local\Temp\</Data>
      <Data Name=""User"">WINDEV2309EVAL\User</Data>
      <Data Name=""LogonGuid"">{fda94052-3502-658d-b367-080000000000}</Data>
      <Data Name=""LogonId"">0x867b3</Data>
      <Data Name=""TerminalSessionId"">1</Data>
      <Data Name=""IntegrityLevel"">Medium</Data>
      <Data Name=""Hashes"">MD5=52B4651083081201E243E97ED965B60A,SHA256=3E91414A1A005937925E449627D4634E73B1DA9DC12D1008B1BAA54C77637C44,IMPHASH=06F091DBEC9C3F0DD14808FFE59B95DE</Data>
      <Data Name=""ParentProcessGuid"">{fda94052-c1f6-658c-5c02-000000000b00}</Data>
      <Data Name=""ParentProcessId"">8712</Data>
      <Data Name=""ParentImage"">C:\Windows\System32\cmd.exe</Data>
      <Data Name=""ParentCommandLine"">""cmd.exe"" /c netsh.exe advfirewall  show allprofiles  &amp; netsh.exe advfirewall firewall dump &amp; netsh.exe advfirewall show currentprofile &amp; netsh.exe advfirewall firewall show rule name=all &amp; netsh.exe firewall show state &amp; netsh.exe firewall show config &amp; sc query windefend &amp; powershell.exe /c ""Get-Process | Where-Object { $_.ProcessName -eq 'Sysmon' }"" &amp; powershell.exe /c ""Get-Service | where-object {$_.DisplayName -like '*sysm*'}"" &amp; powershell.exe /c ""Get-CimInstance Win32_Service -Filter 'Description = ''System Monitor service'''"" &amp; tasklist.exe &amp; tasklist.exe | findstr /i virus &amp; tasklist.exe | findstr /i cb &amp; tasklist.exe | findstr /i defender &amp; tasklist.exe | findstr /i cylance &amp; tasklist.exe | findstr /i mc &amp; tasklist.exe | findstr /i ""virus cb defender cylance mc""</Data>
      <Data Name=""ParentUser"">WINDEV2309EVAL\User</Data>
    </EventData>
    <RenderingInfo Culture=""en-US"">
      <Message>Process Create:

RuleName: -

UtcTime: 2023-12-28 00:31:50.519

ProcessGuid: {fda94052-c1f6-658c-5e02-000000000b00}

ProcessId: 10432

Image: C:\Windows\System32\netsh.exe

FileVersion: 10.0.22621.1 (WinBuild.160101.0800)

Description: Network Command Shell

Product: Microsoft&#174; Windows&#174; Operating System

Company: Microsoft Corporation

OriginalFileName: netsh.exe

CommandLine: netsh.exe  advfirewall  show allprofiles  

CurrentDirectory: C:\Users\User\AppData\Local\Temp\

User: WINDEV2309EVAL\User

LogonGuid: {fda94052-3502-658d-b367-080000000000}

LogonId: 0x867B3

TerminalSessionId: 1

IntegrityLevel: Medium

Hashes: MD5=52B4651083081201E243E97ED965B60A,SHA256=3E91414A1A005937925E449627D4634E73B1DA9DC12D1008B1BAA54C77637C44,IMPHASH=06F091DBEC9C3F0DD14808FFE59B95DE

ParentProcessGuid: {fda94052-c1f6-658c-5c02-000000000b00}

ParentProcessId: 8712

ParentImage: C:\Windows\System32\cmd.exe

ParentCommandLine: ""cmd.exe"" /c netsh.exe advfirewall  show allprofiles  &amp; netsh.exe advfirewall firewall dump &amp; netsh.exe advfirewall show currentprofile &amp; netsh.exe advfirewall firewall show rule name=all &amp; netsh.exe firewall show state &amp; netsh.exe firewall show config &amp; sc query windefend &amp; powershell.exe /c ""Get-Process | Where-Object { $_.ProcessName -eq 'Sysmon' }"" &amp; powershell.exe /c ""Get-Service | where-object {$_.DisplayName -like '*sysm*'}"" &amp; powershell.exe /c ""Get-CimInstance Win32_Service -Filter 'Description = ''System Monitor service'''"" &amp; tasklist.exe &amp; tasklist.exe | findstr /i virus &amp; tasklist.exe | findstr /i cb &amp; tasklist.exe | findstr /i defender &amp; tasklist.exe | findstr /i cylance &amp; tasklist.exe | findstr /i mc &amp; tasklist.exe | findstr /i ""virus cb defender cylance mc""

ParentUser: WINDEV2309EVAL\User</Message>
      <Level>Information</Level>
      <Task>Process Create (rule: ProcessCreate)</Task>
      <Opcode>Info</Opcode>
    </RenderingInfo>
  </Event>
  
"
Microsoft-Windows-Sysmon/Operational,"""cmd.exe"" /c netsh.exe advfirewall  show allprofiles  & netsh.exe advfirewall firewall dump & netsh.exe advfirewall show currentprofile & netsh.exe advfirewall firewall show rule name=all & netsh.exe firewall show state & netsh.exe firewall show config & sc query windefend & powershell.exe /c ""Get-Process | Where-Object { $_.ProcessName -eq 'Sysmon' }"" & powershell.exe /c ""Get-Service | where-object {$_.DisplayName -like '*sysm*'}"" & powershell.exe /c ""Get-CimInstance Win32_Service -Filter 'Description = ''System Monitor service'''"" & tasklist.exe & tasklist.exe | findstr /i virus & tasklist.exe | findstr /i cb & tasklist.exe | findstr /i defender & tasklist.exe | findstr /i cylance & tasklist.exe | findstr /i mc & tasklist.exe | findstr /i ""virus cb defender cylance mc""",Microsoft Corporation,WinDev2309Eval,,C:\Users\User\AppData\Local\Temp\,Windows Command Processor,1,9437,10.0.22621.1635 (WinBuild.160101.0800),"MD5=5A6BE4D2519515241D0C133A26CF62C0,SHA256=423E0E810A69AACEBA0E5670E58AFF898CF0EBFFAB99CCB46EBB3464C3D2FACB,IMPHASH=D73E39DAB3C8B57AA408073D01254964",C:\Windows\System32\cmd.exe,Medium,0x8000000000000000,Information,{fda94052-3502-658d-b367-080000000000},0x867b3,"Process Create:

RuleName: -

UtcTime: 2023-12-28 00:31:50.485

ProcessGuid: {fda94052-c1f6-658c-5c02-000000000b00}

ProcessId: 8712

Image: C:\Windows\System32\cmd.exe

FileVersion: 10.0.22621.1635 (WinBuild.160101.0800)

Description: Windows Command Processor

Product: Microsoft® Windows® Operating System

Company: Microsoft Corporation

OriginalFileName: Cmd.Exe

CommandLine: ""cmd.exe"" /c netsh.exe advfirewall  show allprofiles  & netsh.exe advfirewall firewall dump & netsh.exe advfirewall show currentprofile & netsh.exe advfirewall firewall show rule name=all & netsh.exe firewall show state & netsh.exe firewall show config & sc query windefend & powershell.exe /c ""Get-Process | Where-Object { $_.ProcessName -eq 'Sysmon' }"" & powershell.exe /c ""Get-Service | where-object {$_.DisplayName -like '*sysm*'}"" & powershell.exe /c ""Get-CimInstance Win32_Service -Filter 'Description = ''System Monitor service'''"" & tasklist.exe & tasklist.exe | findstr /i virus & tasklist.exe | findstr /i cb & tasklist.exe | findstr /i defender & tasklist.exe | findstr /i cylance & tasklist.exe | findstr /i mc & tasklist.exe | findstr /i ""virus cb defender cylance mc""

CurrentDirectory: C:\Users\User\AppData\Local\Temp\

User: WINDEV2309EVAL\User

LogonGuid: {fda94052-3502-658d-b367-080000000000}

LogonId: 0x867B3

TerminalSessionId: 1

IntegrityLevel: Medium

Hashes: MD5=5A6BE4D2519515241D0C133A26CF62C0,SHA256=423E0E810A69AACEBA0E5670E58AFF898CF0EBFFAB99CCB46EBB3464C3D2FACB,IMPHASH=D73E39DAB3C8B57AA408073D01254964

ParentProcessGuid: {fda94052-b87a-658c-2702-000000000b00}

ParentProcessId: 5076

ParentImage: C:\Windows\System32\WindowsPowerShell\v1.0\powershell.exe

ParentCommandLine: ""C:\Windows\System32\WindowsPowerShell\v1.0\powershell.exe"" -exec bypass

ParentUser: WINDEV2309EVAL\User",Info,Cmd.Exe,"""C:\Windows\System32\WindowsPowerShell\v1.0\powershell.exe"" -exec bypass",C:\Windows\System32\WindowsPowerShell\v1.0\powershell.exe,{fda94052-b87a-658c-2702-000000000b00},5076,WINDEV2309EVAL\User,{fda94052-c1f6-658c-5c02-000000000b00},7044,8712,Microsoft® Windows® Operating System,,,,"
      ",-,2023-12-28T00:31:50.4865049Z,,Process Create (rule: ProcessCreate),1,6672,WINDEV2309EVAL\User,S-1-5-18,2023-12-28 00:31:50.485,5,"<Event xmlns=""http://schemas.microsoft.com/win/2004/08/events/event"">
    <System>
      <Provider Name=""Microsoft-Windows-Sysmon"" Guid=""{5770385f-c22a-43e0-bf4c-06f5698ffbd9}""/>
      <EventID>1</EventID>
      <Version>5</Version>
      <Level>4</Level>
      <Task>1</Task>
      <Opcode>0</Opcode>
      <Keywords>0x8000000000000000</Keywords>
      <TimeCreated SystemTime=""2023-12-28T00:31:50.4865049Z""/>
      <EventRecordID>9437</EventRecordID>
      <Correlation/>
      <Execution ProcessID=""7044"" ThreadID=""6672""/>
      <Channel>Microsoft-Windows-Sysmon/Operational</Channel>
      <Computer>WinDev2309Eval</Computer>
      <Security UserID=""S-1-5-18""/>
    </System>
    <EventData>
      <Data Name=""RuleName"">-</Data>
      <Data Name=""UtcTime"">2023-12-28 00:31:50.485</Data>
      <Data Name=""ProcessGuid"">{fda94052-c1f6-658c-5c02-000000000b00}</Data>
      <Data Name=""ProcessId"">8712</Data>
      <Data Name=""Image"">C:\Windows\System32\cmd.exe</Data>
      <Data Name=""FileVersion"">10.0.22621.1635 (WinBuild.160101.0800)</Data>
      <Data Name=""Description"">Windows Command Processor</Data>
      <Data Name=""Product"">Microsoft&#174; Windows&#174; Operating System</Data>
      <Data Name=""Company"">Microsoft Corporation</Data>
      <Data Name=""OriginalFileName"">Cmd.Exe</Data>
      <Data Name=""CommandLine"">""cmd.exe"" /c netsh.exe advfirewall  show allprofiles  &amp; netsh.exe advfirewall firewall dump &amp; netsh.exe advfirewall show currentprofile &amp; netsh.exe advfirewall firewall show rule name=all &amp; netsh.exe firewall show state &amp; netsh.exe firewall show config &amp; sc query windefend &amp; powershell.exe /c ""Get-Process | Where-Object { $_.ProcessName -eq 'Sysmon' }"" &amp; powershell.exe /c ""Get-Service | where-object {$_.DisplayName -like '*sysm*'}"" &amp; powershell.exe /c ""Get-CimInstance Win32_Service -Filter 'Description = ''System Monitor service'''"" &amp; tasklist.exe &amp; tasklist.exe | findstr /i virus &amp; tasklist.exe | findstr /i cb &amp; tasklist.exe | findstr /i defender &amp; tasklist.exe | findstr /i cylance &amp; tasklist.exe | findstr /i mc &amp; tasklist.exe | findstr /i ""virus cb defender cylance mc""</Data>
      <Data Name=""CurrentDirectory"">C:\Users\User\AppData\Local\Temp\</Data>
      <Data Name=""User"">WINDEV2309EVAL\User</Data>
      <Data Name=""LogonGuid"">{fda94052-3502-658d-b367-080000000000}</Data>
      <Data Name=""LogonId"">0x867b3</Data>
      <Data Name=""TerminalSessionId"">1</Data>
      <Data Name=""IntegrityLevel"">Medium</Data>
      <Data Name=""Hashes"">MD5=5A6BE4D2519515241D0C133A26CF62C0,SHA256=423E0E810A69AACEBA0E5670E58AFF898CF0EBFFAB99CCB46EBB3464C3D2FACB,IMPHASH=D73E39DAB3C8B57AA408073D01254964</Data>
      <Data Name=""ParentProcessGuid"">{fda94052-b87a-658c-2702-000000000b00}</Data>
      <Data Name=""ParentProcessId"">5076</Data>
      <Data Name=""ParentImage"">C:\Windows\System32\WindowsPowerShell\v1.0\powershell.exe</Data>
      <Data Name=""ParentCommandLine"">""C:\Windows\System32\WindowsPowerShell\v1.0\powershell.exe"" -exec bypass</Data>
      <Data Name=""ParentUser"">WINDEV2309EVAL\User</Data>
    </EventData>
    <RenderingInfo Culture=""en-US"">
      <Message>Process Create:

RuleName: -

UtcTime: 2023-12-28 00:31:50.485

ProcessGuid: {fda94052-c1f6-658c-5c02-000000000b00}

ProcessId: 8712

Image: C:\Windows\System32\cmd.exe

FileVersion: 10.0.22621.1635 (WinBuild.160101.0800)

Description: Windows Command Processor

Product: Microsoft&#174; Windows&#174; Operating System

Company: Microsoft Corporation

OriginalFileName: Cmd.Exe

CommandLine: ""cmd.exe"" /c netsh.exe advfirewall  show allprofiles  &amp; netsh.exe advfirewall firewall dump &amp; netsh.exe advfirewall show currentprofile &amp; netsh.exe advfirewall firewall show rule name=all &amp; netsh.exe firewall show state &amp; netsh.exe firewall show config &amp; sc query windefend &amp; powershell.exe /c ""Get-Process | Where-Object { $_.ProcessName -eq 'Sysmon' }"" &amp; powershell.exe /c ""Get-Service | where-object {$_.DisplayName -like '*sysm*'}"" &amp; powershell.exe /c ""Get-CimInstance Win32_Service -Filter 'Description = ''System Monitor service'''"" &amp; tasklist.exe &amp; tasklist.exe | findstr /i virus &amp; tasklist.exe | findstr /i cb &amp; tasklist.exe | findstr /i defender &amp; tasklist.exe | findstr /i cylance &amp; tasklist.exe | findstr /i mc &amp; tasklist.exe | findstr /i ""virus cb defender cylance mc""

CurrentDirectory: C:\Users\User\AppData\Local\Temp\

User: WINDEV2309EVAL\User

LogonGuid: {fda94052-3502-658d-b367-080000000000}

LogonId: 0x867B3

TerminalSessionId: 1

IntegrityLevel: Medium

Hashes: MD5=5A6BE4D2519515241D0C133A26CF62C0,SHA256=423E0E810A69AACEBA0E5670E58AFF898CF0EBFFAB99CCB46EBB3464C3D2FACB,IMPHASH=D73E39DAB3C8B57AA408073D01254964

ParentProcessGuid: {fda94052-b87a-658c-2702-000000000b00}

ParentProcessId: 5076

ParentImage: C:\Windows\System32\WindowsPowerShell\v1.0\powershell.exe

ParentCommandLine: ""C:\Windows\System32\WindowsPowerShell\v1.0\powershell.exe"" -exec bypass

ParentUser: WINDEV2309EVAL\User</Message>
      <Level>Information</Level>
      <Task>Process Create (rule: ProcessCreate)</Task>
      <Opcode>Info</Opcode>
    </RenderingInfo>
  </Event>
  
"
Microsoft-Windows-Sysmon/Operational,"""C:\Windows\system32\whoami.exe""",Microsoft Corporation,WinDev2309Eval,,C:\Users\User\,whoami - displays logged on user information,1,9436,10.0.22621.1 (WinBuild.160101.0800),"MD5=E0F37DB23E4F3163159A815610DF8CF2,SHA256=574BC2A2995FE2B1F732CCD39F2D99460ACE980AF29EFDF1EB0D3E888BE7D6F0,IMPHASH=62935820E434AF643547B7F5F5BD0292",C:\Windows\System32\whoami.exe,Medium,0x8000000000000000,Information,{fda94052-3502-658d-b367-080000000000},0x867b3,"Process Create:

RuleName: -

UtcTime: 2023-12-28 00:31:49.048

ProcessGuid: {fda94052-c1f5-658c-5b02-000000000b00}

ProcessId: 7172

Image: C:\Windows\System32\whoami.exe

FileVersion: 10.0.22621.1 (WinBuild.160101.0800)

Description: whoami - displays logged on user information

Product: Microsoft® Windows® Operating System

Company: Microsoft Corporation

OriginalFileName: whoami.exe

CommandLine: ""C:\Windows\system32\whoami.exe""

CurrentDirectory: C:\Users\User\

User: WINDEV2309EVAL\User

LogonGuid: {fda94052-3502-658d-b367-080000000000}

LogonId: 0x867B3

TerminalSessionId: 1

IntegrityLevel: Medium

Hashes: MD5=E0F37DB23E4F3163159A815610DF8CF2,SHA256=574BC2A2995FE2B1F732CCD39F2D99460ACE980AF29EFDF1EB0D3E888BE7D6F0,IMPHASH=62935820E434AF643547B7F5F5BD0292

ParentProcessGuid: {fda94052-b87a-658c-2702-000000000b00}

ParentProcessId: 5076

ParentImage: C:\Windows\System32\WindowsPowerShell\v1.0\powershell.exe

ParentCommandLine: ""C:\Windows\System32\WindowsPowerShell\v1.0\powershell.exe"" -exec bypass

ParentUser: WINDEV2309EVAL\User",Info,whoami.exe,"""C:\Windows\System32\WindowsPowerShell\v1.0\powershell.exe"" -exec bypass",C:\Windows\System32\WindowsPowerShell\v1.0\powershell.exe,{fda94052-b87a-658c-2702-000000000b00},5076,WINDEV2309EVAL\User,{fda94052-c1f5-658c-5b02-000000000b00},7044,7172,Microsoft® Windows® Operating System,,,,"
      ",-,2023-12-28T00:31:49.0524741Z,,Process Create (rule: ProcessCreate),1,6672,WINDEV2309EVAL\User,S-1-5-18,2023-12-28 00:31:49.048,5,"<Event xmlns=""http://schemas.microsoft.com/win/2004/08/events/event"">
    <System>
      <Provider Name=""Microsoft-Windows-Sysmon"" Guid=""{5770385f-c22a-43e0-bf4c-06f5698ffbd9}""/>
      <EventID>1</EventID>
      <Version>5</Version>
      <Level>4</Level>
      <Task>1</Task>
      <Opcode>0</Opcode>
      <Keywords>0x8000000000000000</Keywords>
      <TimeCreated SystemTime=""2023-12-28T00:31:49.0524741Z""/>
      <EventRecordID>9436</EventRecordID>
      <Correlation/>
      <Execution ProcessID=""7044"" ThreadID=""6672""/>
      <Channel>Microsoft-Windows-Sysmon/Operational</Channel>
      <Computer>WinDev2309Eval</Computer>
      <Security UserID=""S-1-5-18""/>
    </System>
    <EventData>
      <Data Name=""RuleName"">-</Data>
      <Data Name=""UtcTime"">2023-12-28 00:31:49.048</Data>
      <Data Name=""ProcessGuid"">{fda94052-c1f5-658c-5b02-000000000b00}</Data>
      <Data Name=""ProcessId"">7172</Data>
      <Data Name=""Image"">C:\Windows\System32\whoami.exe</Data>
      <Data Name=""FileVersion"">10.0.22621.1 (WinBuild.160101.0800)</Data>
      <Data Name=""Description"">whoami - displays logged on user information</Data>
      <Data Name=""Product"">Microsoft&#174; Windows&#174; Operating System</Data>
      <Data Name=""Company"">Microsoft Corporation</Data>
      <Data Name=""OriginalFileName"">whoami.exe</Data>
      <Data Name=""CommandLine"">""C:\Windows\system32\whoami.exe""</Data>
      <Data Name=""CurrentDirectory"">C:\Users\User\</Data>
      <Data Name=""User"">WINDEV2309EVAL\User</Data>
      <Data Name=""LogonGuid"">{fda94052-3502-658d-b367-080000000000}</Data>
      <Data Name=""LogonId"">0x867b3</Data>
      <Data Name=""TerminalSessionId"">1</Data>
      <Data Name=""IntegrityLevel"">Medium</Data>
      <Data Name=""Hashes"">MD5=E0F37DB23E4F3163159A815610DF8CF2,SHA256=574BC2A2995FE2B1F732CCD39F2D99460ACE980AF29EFDF1EB0D3E888BE7D6F0,IMPHASH=62935820E434AF643547B7F5F5BD0292</Data>
      <Data Name=""ParentProcessGuid"">{fda94052-b87a-658c-2702-000000000b00}</Data>
      <Data Name=""ParentProcessId"">5076</Data>
      <Data Name=""ParentImage"">C:\Windows\System32\WindowsPowerShell\v1.0\powershell.exe</Data>
      <Data Name=""ParentCommandLine"">""C:\Windows\System32\WindowsPowerShell\v1.0\powershell.exe"" -exec bypass</Data>
      <Data Name=""ParentUser"">WINDEV2309EVAL\User</Data>
    </EventData>
    <RenderingInfo Culture=""en-US"">
      <Message>Process Create:

RuleName: -

UtcTime: 2023-12-28 00:31:49.048

ProcessGuid: {fda94052-c1f5-658c-5b02-000000000b00}

ProcessId: 7172

Image: C:\Windows\System32\whoami.exe

FileVersion: 10.0.22621.1 (WinBuild.160101.0800)

Description: whoami - displays logged on user information

Product: Microsoft&#174; Windows&#174; Operating System

Company: Microsoft Corporation

OriginalFileName: whoami.exe

CommandLine: ""C:\Windows\system32\whoami.exe""

CurrentDirectory: C:\Users\User\

User: WINDEV2309EVAL\User

LogonGuid: {fda94052-3502-658d-b367-080000000000}

LogonId: 0x867B3

TerminalSessionId: 1

IntegrityLevel: Medium

Hashes: MD5=E0F37DB23E4F3163159A815610DF8CF2,SHA256=574BC2A2995FE2B1F732CCD39F2D99460ACE980AF29EFDF1EB0D3E888BE7D6F0,IMPHASH=62935820E434AF643547B7F5F5BD0292

ParentProcessGuid: {fda94052-b87a-658c-2702-000000000b00}

ParentProcessId: 5076

ParentImage: C:\Windows\System32\WindowsPowerShell\v1.0\powershell.exe

ParentCommandLine: ""C:\Windows\System32\WindowsPowerShell\v1.0\powershell.exe"" -exec bypass

ParentUser: WINDEV2309EVAL\User</Message>
      <Level>Information</Level>
      <Task>Process Create (rule: ProcessCreate)</Task>
      <Opcode>Info</Opcode>
    </RenderingInfo>
  </Event>
  
"
Microsoft-Windows-Sysmon/Operational,"""C:\Windows\system32\HOSTNAME.EXE""",Microsoft Corporation,WinDev2309Eval,,C:\Users\User\,Hostname APP,1,9435,10.0.22621.2215 (WinBuild.160101.0800),"MD5=26D86E5BDA0ECA6C6C86541A141A3598,SHA256=D35B9869DA6A1894CB3F3D3E4808EADFF9ADF9B27677194D3F896FCBCDDFFACC,IMPHASH=23013EDF627646AB5226D15AC880BAD8",C:\Windows\System32\HOSTNAME.EXE,Medium,0x8000000000000000,Information,{fda94052-3502-658d-b367-080000000000},0x867b3,"Process Create:

RuleName: -

UtcTime: 2023-12-28 00:31:49.011

ProcessGuid: {fda94052-c1f5-658c-5a02-000000000b00}

ProcessId: 3672

Image: C:\Windows\System32\HOSTNAME.EXE

FileVersion: 10.0.22621.2215 (WinBuild.160101.0800)

Description: Hostname APP

Product: Microsoft® Windows® Operating System

Company: Microsoft Corporation

OriginalFileName: hostname.exe

CommandLine: ""C:\Windows\system32\HOSTNAME.EXE""

CurrentDirectory: C:\Users\User\

User: WINDEV2309EVAL\User

LogonGuid: {fda94052-3502-658d-b367-080000000000}

LogonId: 0x867B3

TerminalSessionId: 1

IntegrityLevel: Medium

Hashes: MD5=26D86E5BDA0ECA6C6C86541A141A3598,SHA256=D35B9869DA6A1894CB3F3D3E4808EADFF9ADF9B27677194D3F896FCBCDDFFACC,IMPHASH=23013EDF627646AB5226D15AC880BAD8

ParentProcessGuid: {fda94052-b87a-658c-2702-000000000b00}

ParentProcessId: 5076

ParentImage: C:\Windows\System32\WindowsPowerShell\v1.0\powershell.exe

ParentCommandLine: ""C:\Windows\System32\WindowsPowerShell\v1.0\powershell.exe"" -exec bypass

ParentUser: WINDEV2309EVAL\User",Info,hostname.exe,"""C:\Windows\System32\WindowsPowerShell\v1.0\powershell.exe"" -exec bypass",C:\Windows\System32\WindowsPowerShell\v1.0\powershell.exe,{fda94052-b87a-658c-2702-000000000b00},5076,WINDEV2309EVAL\User,{fda94052-c1f5-658c-5a02-000000000b00},7044,3672,Microsoft® Windows® Operating System,,,,"
      ",-,2023-12-28T00:31:49.0130123Z,,Process Create (rule: ProcessCreate),1,6672,WINDEV2309EVAL\User,S-1-5-18,2023-12-28 00:31:49.011,5,"<Event xmlns=""http://schemas.microsoft.com/win/2004/08/events/event"">
    <System>
      <Provider Name=""Microsoft-Windows-Sysmon"" Guid=""{5770385f-c22a-43e0-bf4c-06f5698ffbd9}""/>
      <EventID>1</EventID>
      <Version>5</Version>
      <Level>4</Level>
      <Task>1</Task>
      <Opcode>0</Opcode>
      <Keywords>0x8000000000000000</Keywords>
      <TimeCreated SystemTime=""2023-12-28T00:31:49.0130123Z""/>
      <EventRecordID>9435</EventRecordID>
      <Correlation/>
      <Execution ProcessID=""7044"" ThreadID=""6672""/>
      <Channel>Microsoft-Windows-Sysmon/Operational</Channel>
      <Computer>WinDev2309Eval</Computer>
      <Security UserID=""S-1-5-18""/>
    </System>
    <EventData>
      <Data Name=""RuleName"">-</Data>
      <Data Name=""UtcTime"">2023-12-28 00:31:49.011</Data>
      <Data Name=""ProcessGuid"">{fda94052-c1f5-658c-5a02-000000000b00}</Data>
      <Data Name=""ProcessId"">3672</Data>
      <Data Name=""Image"">C:\Windows\System32\HOSTNAME.EXE</Data>
      <Data Name=""FileVersion"">10.0.22621.2215 (WinBuild.160101.0800)</Data>
      <Data Name=""Description"">Hostname APP</Data>
      <Data Name=""Product"">Microsoft&#174; Windows&#174; Operating System</Data>
      <Data Name=""Company"">Microsoft Corporation</Data>
      <Data Name=""OriginalFileName"">hostname.exe</Data>
      <Data Name=""CommandLine"">""C:\Windows\system32\HOSTNAME.EXE""</Data>
      <Data Name=""CurrentDirectory"">C:\Users\User\</Data>
      <Data Name=""User"">WINDEV2309EVAL\User</Data>
      <Data Name=""LogonGuid"">{fda94052-3502-658d-b367-080000000000}</Data>
      <Data Name=""LogonId"">0x867b3</Data>
      <Data Name=""TerminalSessionId"">1</Data>
      <Data Name=""IntegrityLevel"">Medium</Data>
      <Data Name=""Hashes"">MD5=26D86E5BDA0ECA6C6C86541A141A3598,SHA256=D35B9869DA6A1894CB3F3D3E4808EADFF9ADF9B27677194D3F896FCBCDDFFACC,IMPHASH=23013EDF627646AB5226D15AC880BAD8</Data>
      <Data Name=""ParentProcessGuid"">{fda94052-b87a-658c-2702-000000000b00}</Data>
      <Data Name=""ParentProcessId"">5076</Data>
      <Data Name=""ParentImage"">C:\Windows\System32\WindowsPowerShell\v1.0\powershell.exe</Data>
      <Data Name=""ParentCommandLine"">""C:\Windows\System32\WindowsPowerShell\v1.0\powershell.exe"" -exec bypass</Data>
      <Data Name=""ParentUser"">WINDEV2309EVAL\User</Data>
    </EventData>
    <RenderingInfo Culture=""en-US"">
      <Message>Process Create:

RuleName: -

UtcTime: 2023-12-28 00:31:49.011

ProcessGuid: {fda94052-c1f5-658c-5a02-000000000b00}

ProcessId: 3672

Image: C:\Windows\System32\HOSTNAME.EXE

FileVersion: 10.0.22621.2215 (WinBuild.160101.0800)

Description: Hostname APP

Product: Microsoft&#174; Windows&#174; Operating System

Company: Microsoft Corporation

OriginalFileName: hostname.exe

CommandLine: ""C:\Windows\system32\HOSTNAME.EXE""

CurrentDirectory: C:\Users\User\

User: WINDEV2309EVAL\User

LogonGuid: {fda94052-3502-658d-b367-080000000000}

LogonId: 0x867B3

TerminalSessionId: 1

IntegrityLevel: Medium

Hashes: MD5=26D86E5BDA0ECA6C6C86541A141A3598,SHA256=D35B9869DA6A1894CB3F3D3E4808EADFF9ADF9B27677194D3F896FCBCDDFFACC,IMPHASH=23013EDF627646AB5226D15AC880BAD8

ParentProcessGuid: {fda94052-b87a-658c-2702-000000000b00}

ParentProcessId: 5076

ParentImage: C:\Windows\System32\WindowsPowerShell\v1.0\powershell.exe

ParentCommandLine: ""C:\Windows\System32\WindowsPowerShell\v1.0\powershell.exe"" -exec bypass

ParentUser: WINDEV2309EVAL\User</Message>
      <Level>Information</Level>
      <Task>Process Create (rule: ProcessCreate)</Task>
      <Opcode>Info</Opcode>
    </RenderingInfo>
  </Event>
  
"
