Microsoft-Windows-Sysmon/Operational,tasklist.exe  ,Microsoft Corporation,WinDev2309Eval,,C:\Users\User\AppData\Local\Temp\,Lists the current running tasks,1,9473,10.0.22621.1 (WinBuild.160101.0800),"MD5=3D705BA430E4E045884234A98B3388CF,SHA256=C54FDD83D88404A62EB945B862E13979481526D2AF7A97ABC92C50ECD06D4F70,IMPHASH=FCEA32ABE79C10DFACC88F5335DD89DE",C:\Windows\System32\tasklist.exe,Medium,0x8000000000000000,Information,{fda94052-3502-658d-b367-080000000000},0x867b3,"Process Create:

RuleName: -

UtcTime: 2023-12-28 00:32:01.535

ProcessGuid: {fda94052-c201-658c-7002-000000000b00}

ProcessId: 4384

Image: C:\Windows\System32\tasklist.exe

FileVersion: 10.0.22621.1 (WinBuild.160101.0800)

Description: Lists the current running tasks

Product: Microsoft® Windows® Operating System

Company: Microsoft Corporation

OriginalFileName: tasklist.exe

CommandLine: tasklist.exe  

CurrentDirectory: C:\Users\User\AppData\Local\Temp\

User: WINDEV2309EVAL\User

LogonGuid: {fda94052-3502-658d-b367-080000000000}

LogonId: 0x867B3

TerminalSessionId: 1

IntegrityLevel: Medium

Hashes: MD5=3D705BA430E4E045884234A98B3388CF,SHA256=C54FDD83D88404A62EB945B862E13979481526D2AF7A97ABC92C50ECD06D4F70,IMPHASH=FCEA32ABE79C10DFACC88F5335DD89DE

ParentProcessGuid: {fda94052-c1f6-658c-5c02-000000000b00}

ParentProcessId: 8712

ParentImage: C:\Windows\System32\cmd.exe

ParentCommandLine: ""cmd.exe"" /c netsh.exe advfirewall  show allprofiles  & netsh.exe advfirewall firewall dump & netsh.exe advfirewall show currentprofile & netsh.exe advfirewall firewall show rule name=all & netsh.exe firewall show state & netsh.exe firewall show config & sc query windefend & powershell.exe /c ""Get-Process | Where-Object { $_.ProcessName -eq 'Sysmon' }"" & powershell.exe /c ""Get-Service | where-object {$_.DisplayName -like '*sysm*'}"" & powershell.exe /c ""Get-CimInstance Win32_Service -Filter 'Description = ''System Monitor service'''"" & tasklist.exe & tasklist.exe | findstr /i virus & tasklist.exe | findstr /i cb & tasklist.exe | findstr /i defender & tasklist.exe | findstr /i cylance & tasklist.exe | findstr /i mc & tasklist.exe | findstr /i ""virus cb defender cylance mc""

ParentUser: WINDEV2309EVAL\User",Info,tasklist.exe,"""cmd.exe"" /c netsh.exe advfirewall  show allprofiles  & netsh.exe advfirewall firewall dump & netsh.exe advfirewall show currentprofile & netsh.exe advfirewall firewall show rule name=all & netsh.exe firewall show state & netsh.exe firewall show config & sc query windefend & powershell.exe /c ""Get-Process | Where-Object { $_.ProcessName -eq 'Sysmon' }"" & powershell.exe /c ""Get-Service | where-object {$_.DisplayName -like '*sysm*'}"" & powershell.exe /c ""Get-CimInstance Win32_Service -Filter 'Description = ''System Monitor service'''"" & tasklist.exe & tasklist.exe | findstr /i virus & tasklist.exe | findstr /i cb & tasklist.exe | findstr /i defender & tasklist.exe | findstr /i cylance & tasklist.exe | findstr /i mc & tasklist.exe | findstr /i ""virus cb defender cylance mc""",C:\Windows\System32\cmd.exe,{fda94052-c1f6-658c-5c02-000000000b00},8712,WINDEV2309EVAL\User,{fda94052-c201-658c-7002-000000000b00},7044,4384,Microsoft® Windows® Operating System,,,,"
      ",-,2023-12-28T00:32:01.5361328Z,,Process Create (rule: ProcessCreate),1,6672,WINDEV2309EVAL\User,S-1-5-18,2023-12-28 00:32:01.535,5,"<Event xmlns=""http://schemas.microsoft.com/win/2004/08/events/event"">
    <System>
      <Provider Name=""Microsoft-Windows-Sysmon"" Guid=""{5770385f-c22a-43e0-bf4c-06f5698ffbd9}""/>
      <EventID>1</EventID>
      <Version>5</Version>
      <Level>4</Level>
      <Task>1</Task>
      <Opcode>0</Opcode>
      <Keywords>0x8000000000000000</Keywords>
      <TimeCreated SystemTime=""2023-12-28T00:32:01.5361328Z""/>
      <EventRecordID>9473</EventRecordID>
      <Correlation/>
      <Execution ProcessID=""7044"" ThreadID=""6672""/>
      <Channel>Microsoft-Windows-Sysmon/Operational</Channel>
      <Computer>WinDev2309Eval</Computer>
      <Security UserID=""S-1-5-18""/>
    </System>
    <EventData>
      <Data Name=""RuleName"">-</Data>
      <Data Name=""UtcTime"">2023-12-28 00:32:01.535</Data>
      <Data Name=""ProcessGuid"">{fda94052-c201-658c-7002-000000000b00}</Data>
      <Data Name=""ProcessId"">4384</Data>
      <Data Name=""Image"">C:\Windows\System32\tasklist.exe</Data>
      <Data Name=""FileVersion"">10.0.22621.1 (WinBuild.160101.0800)</Data>
      <Data Name=""Description"">Lists the current running tasks</Data>
      <Data Name=""Product"">Microsoft&#174; Windows&#174; Operating System</Data>
      <Data Name=""Company"">Microsoft Corporation</Data>
      <Data Name=""OriginalFileName"">tasklist.exe</Data>
      <Data Name=""CommandLine"">tasklist.exe  </Data>
      <Data Name=""CurrentDirectory"">C:\Users\User\AppData\Local\Temp\</Data>
      <Data Name=""User"">WINDEV2309EVAL\User</Data>
      <Data Name=""LogonGuid"">{fda94052-3502-658d-b367-080000000000}</Data>
      <Data Name=""LogonId"">0x867b3</Data>
      <Data Name=""TerminalSessionId"">1</Data>
      <Data Name=""IntegrityLevel"">Medium</Data>
      <Data Name=""Hashes"">MD5=3D705BA430E4E045884234A98B3388CF,SHA256=C54FDD83D88404A62EB945B862E13979481526D2AF7A97ABC92C50ECD06D4F70,IMPHASH=FCEA32ABE79C10DFACC88F5335DD89DE</Data>
      <Data Name=""ParentProcessGuid"">{fda94052-c1f6-658c-5c02-000000000b00}</Data>
      <Data Name=""ParentProcessId"">8712</Data>
      <Data Name=""ParentImage"">C:\Windows\System32\cmd.exe</Data>
      <Data Name=""ParentCommandLine"">""cmd.exe"" /c netsh.exe advfirewall  show allprofiles  &amp; netsh.exe advfirewall firewall dump &amp; netsh.exe advfirewall show currentprofile &amp; netsh.exe advfirewall firewall show rule name=all &amp; netsh.exe firewall show state &amp; netsh.exe firewall show config &amp; sc query windefend &amp; powershell.exe /c ""Get-Process | Where-Object { $_.ProcessName -eq 'Sysmon' }"" &amp; powershell.exe /c ""Get-Service | where-object {$_.DisplayName -like '*sysm*'}"" &amp; powershell.exe /c ""Get-CimInstance Win32_Service -Filter 'Description = ''System Monitor service'''"" &amp; tasklist.exe &amp; tasklist.exe | findstr /i virus &amp; tasklist.exe | findstr /i cb &amp; tasklist.exe | findstr /i defender &amp; tasklist.exe | findstr /i cylance &amp; tasklist.exe | findstr /i mc &amp; tasklist.exe | findstr /i ""virus cb defender cylance mc""</Data>
      <Data Name=""ParentUser"">WINDEV2309EVAL\User</Data>
    </EventData>
    <RenderingInfo Culture=""en-US"">
      <Message>Process Create:

RuleName: -

UtcTime: 2023-12-28 00:32:01.535

ProcessGuid: {fda94052-c201-658c-7002-000000000b00}

ProcessId: 4384

Image: C:\Windows\System32\tasklist.exe

FileVersion: 10.0.22621.1 (WinBuild.160101.0800)

Description: Lists the current running tasks

Product: Microsoft&#174; Windows&#174; Operating System

Company: Microsoft Corporation

OriginalFileName: tasklist.exe

CommandLine: tasklist.exe  

CurrentDirectory: C:\Users\User\AppData\Local\Temp\

User: WINDEV2309EVAL\User

LogonGuid: {fda94052-3502-658d-b367-080000000000}

LogonId: 0x867B3

TerminalSessionId: 1

IntegrityLevel: Medium

Hashes: MD5=3D705BA430E4E045884234A98B3388CF,SHA256=C54FDD83D88404A62EB945B862E13979481526D2AF7A97ABC92C50ECD06D4F70,IMPHASH=FCEA32ABE79C10DFACC88F5335DD89DE

ParentProcessGuid: {fda94052-c1f6-658c-5c02-000000000b00}

ParentProcessId: 8712

ParentImage: C:\Windows\System32\cmd.exe

ParentCommandLine: ""cmd.exe"" /c netsh.exe advfirewall  show allprofiles  &amp; netsh.exe advfirewall firewall dump &amp; netsh.exe advfirewall show currentprofile &amp; netsh.exe advfirewall firewall show rule name=all &amp; netsh.exe firewall show state &amp; netsh.exe firewall show config &amp; sc query windefend &amp; powershell.exe /c ""Get-Process | Where-Object { $_.ProcessName -eq 'Sysmon' }"" &amp; powershell.exe /c ""Get-Service | where-object {$_.DisplayName -like '*sysm*'}"" &amp; powershell.exe /c ""Get-CimInstance Win32_Service -Filter 'Description = ''System Monitor service'''"" &amp; tasklist.exe &amp; tasklist.exe | findstr /i virus &amp; tasklist.exe | findstr /i cb &amp; tasklist.exe | findstr /i defender &amp; tasklist.exe | findstr /i cylance &amp; tasklist.exe | findstr /i mc &amp; tasklist.exe | findstr /i ""virus cb defender cylance mc""

ParentUser: WINDEV2309EVAL\User</Message>
      <Level>Information</Level>
      <Task>Process Create (rule: ProcessCreate)</Task>
      <Opcode>Info</Opcode>
    </RenderingInfo>
  </Event>
  
"
Microsoft-Windows-Sysmon/Operational,"""C:\Program Files (x86)\Microsoft\EdgeWebView\Application\120.0.2210.91\msedgewebview2.exe"" --type=utility --utility-sub-type=unzip.mojom.Unzipper --lang=en-US --service-sandbox-type=service --noerrdialogs --user-data-dir=""C:\Users\User\AppData\Local\Packages\MicrosoftWindows.Client.WebExperience_cw5n1h2txyewy\LocalState\EBWebView"" --webview-exe-name=Widgets.exe --webview-exe-version=421.20070.1820.0 --embedded-browser-webview=1 --mojo-platform-channel-handle=5264 --field-trial-handle=1784,i,2295490780030403019,2821906385101450000,262144 --enable-features=MojoIpcz,UseBackgroundNativeThreadPool,UseNativeThreadPool,msWebView2TreatAppSuspendAsDeviceSuspend --variations-seed-version /prefetch:8 /pfhostedapp:017373b2a5c4ead1a08d36a47bf86195c1909a61",Microsoft Corporation,WinDev2309Eval,,C:\Program Files (x86)\Microsoft\EdgeWebView\Application\120.0.2210.91\,Microsoft Edge WebView2,1,9472,120.0.2210.91,"MD5=8094151812FF45079C840986A0489C78,SHA256=6A4E8A5761C51840CE988C9241B514028A5E45FDB386B072DB0447E3961E3A06,IMPHASH=EA4CA1F8E3B3D9373D39C13FD1348A63",C:\Program Files (x86)\Microsoft\EdgeWebView\Application\120.0.2210.91\msedgewebview2.exe,Low,0x8000000000000000,Information,{fda94052-3502-658d-b367-080000000000},0x867b3,"Process Create:

RuleName: -

UtcTime: 2023-12-28 00:32:01.451

ProcessGuid: {fda94052-c201-658c-6f02-000000000b00}

ProcessId: 2584

Image: C:\Program Files (x86)\Microsoft\EdgeWebView\Application\120.0.2210.91\msedgewebview2.exe

FileVersion: 120.0.2210.91

Description: Microsoft Edge WebView2

Product: Microsoft Edge WebView2

Company: Microsoft Corporation

OriginalFileName: msedgewebview2.exe

CommandLine: ""C:\Program Files (x86)\Microsoft\EdgeWebView\Application\120.0.2210.91\msedgewebview2.exe"" --type=utility --utility-sub-type=unzip.mojom.Unzipper --lang=en-US --service-sandbox-type=service --noerrdialogs --user-data-dir=""C:\Users\User\AppData\Local\Packages\MicrosoftWindows.Client.WebExperience_cw5n1h2txyewy\LocalState\EBWebView"" --webview-exe-name=Widgets.exe --webview-exe-version=421.20070.1820.0 --embedded-browser-webview=1 --mojo-platform-channel-handle=5264 --field-trial-handle=1784,i,2295490780030403019,2821906385101450000,262144 --enable-features=MojoIpcz,UseBackgroundNativeThreadPool,UseNativeThreadPool,msWebView2TreatAppSuspendAsDeviceSuspend --variations-seed-version /prefetch:8 /pfhostedapp:017373b2a5c4ead1a08d36a47bf86195c1909a61

CurrentDirectory: C:\Program Files (x86)\Microsoft\EdgeWebView\Application\120.0.2210.91\

User: WINDEV2309EVAL\User

LogonGuid: {fda94052-3502-658d-b367-080000000000}

LogonId: 0x867B3

TerminalSessionId: 1

IntegrityLevel: Low

Hashes: MD5=8094151812FF45079C840986A0489C78,SHA256=6A4E8A5761C51840CE988C9241B514028A5E45FDB386B072DB0447E3961E3A06,IMPHASH=EA4CA1F8E3B3D9373D39C13FD1348A63

ParentProcessGuid: {fda94052-b85d-658c-1702-000000000b00}

ParentProcessId: 4184

ParentImage: C:\Program Files (x86)\Microsoft\EdgeWebView\Application\120.0.2210.91\msedgewebview2.exe

ParentCommandLine: ""C:\Program Files (x86)\Microsoft\EdgeWebView\Application\120.0.2210.91\msedgewebview2.exe"" --embedded-browser-webview=1 --webview-exe-name=Widgets.exe --webview-exe-version=421.20070.1820.0 --user-data-dir=""C:\Users\User\AppData\Local\Packages\MicrosoftWindows.Client.WebExperience_cw5n1h2txyewy\LocalState\EBWebView"" --noerrdialogs --disk-cache-size=52428800 --edge-webview-is-background --enable-features=MojoIpcz,msWebView2TreatAppSuspendAsDeviceSuspend,UseNativeThreadPool,UseBackgroundNativeThreadPool --lang=en-US --accept-lang=en-US --mojo-named-platform-channel-pipe=8112.2288.17893317180732402091 /pfhostedapp:017373b2a5c4ead1a08d36a47bf86195c1909a61

ParentUser: WINDEV2309EVAL\User",Info,msedgewebview2.exe,"""C:\Program Files (x86)\Microsoft\EdgeWebView\Application\120.0.2210.91\msedgewebview2.exe"" --embedded-browser-webview=1 --webview-exe-name=Widgets.exe --webview-exe-version=421.20070.1820.0 --user-data-dir=""C:\Users\User\AppData\Local\Packages\MicrosoftWindows.Client.WebExperience_cw5n1h2txyewy\LocalState\EBWebView"" --noerrdialogs --disk-cache-size=52428800 --edge-webview-is-background --enable-features=MojoIpcz,msWebView2TreatAppSuspendAsDeviceSuspend,UseNativeThreadPool,UseBackgroundNativeThreadPool --lang=en-US --accept-lang=en-US --mojo-named-platform-channel-pipe=8112.2288.17893317180732402091 /pfhostedapp:017373b2a5c4ead1a08d36a47bf86195c1909a61",C:\Program Files (x86)\Microsoft\EdgeWebView\Application\120.0.2210.91\msedgewebview2.exe,{fda94052-b85d-658c-1702-000000000b00},4184,WINDEV2309EVAL\User,{fda94052-c201-658c-6f02-000000000b00},7044,2584,Microsoft Edge WebView2,,,,"
      ",-,2023-12-28T00:32:01.4552917Z,,Process Create (rule: ProcessCreate),1,6672,WINDEV2309EVAL\User,S-1-5-18,2023-12-28 00:32:01.451,5,"<Event xmlns=""http://schemas.microsoft.com/win/2004/08/events/event"">
    <System>
      <Provider Name=""Microsoft-Windows-Sysmon"" Guid=""{5770385f-c22a-43e0-bf4c-06f5698ffbd9}""/>
      <EventID>1</EventID>
      <Version>5</Version>
      <Level>4</Level>
      <Task>1</Task>
      <Opcode>0</Opcode>
      <Keywords>0x8000000000000000</Keywords>
      <TimeCreated SystemTime=""2023-12-28T00:32:01.4552917Z""/>
      <EventRecordID>9472</EventRecordID>
      <Correlation/>
      <Execution ProcessID=""7044"" ThreadID=""6672""/>
      <Channel>Microsoft-Windows-Sysmon/Operational</Channel>
      <Computer>WinDev2309Eval</Computer>
      <Security UserID=""S-1-5-18""/>
    </System>
    <EventData>
      <Data Name=""RuleName"">-</Data>
      <Data Name=""UtcTime"">2023-12-28 00:32:01.451</Data>
      <Data Name=""ProcessGuid"">{fda94052-c201-658c-6f02-000000000b00}</Data>
      <Data Name=""ProcessId"">2584</Data>
      <Data Name=""Image"">C:\Program Files (x86)\Microsoft\EdgeWebView\Application\120.0.2210.91\msedgewebview2.exe</Data>
      <Data Name=""FileVersion"">120.0.2210.91</Data>
      <Data Name=""Description"">Microsoft Edge WebView2</Data>
      <Data Name=""Product"">Microsoft Edge WebView2</Data>
      <Data Name=""Company"">Microsoft Corporation</Data>
      <Data Name=""OriginalFileName"">msedgewebview2.exe</Data>
      <Data Name=""CommandLine"">""C:\Program Files (x86)\Microsoft\EdgeWebView\Application\120.0.2210.91\msedgewebview2.exe"" --type=utility --utility-sub-type=unzip.mojom.Unzipper --lang=en-US --service-sandbox-type=service --noerrdialogs --user-data-dir=""C:\Users\User\AppData\Local\Packages\MicrosoftWindows.Client.WebExperience_cw5n1h2txyewy\LocalState\EBWebView"" --webview-exe-name=Widgets.exe --webview-exe-version=421.20070.1820.0 --embedded-browser-webview=1 --mojo-platform-channel-handle=5264 --field-trial-handle=1784,i,2295490780030403019,2821906385101450000,262144 --enable-features=MojoIpcz,UseBackgroundNativeThreadPool,UseNativeThreadPool,msWebView2TreatAppSuspendAsDeviceSuspend --variations-seed-version /prefetch:8 /pfhostedapp:017373b2a5c4ead1a08d36a47bf86195c1909a61</Data>
      <Data Name=""CurrentDirectory"">C:\Program Files (x86)\Microsoft\EdgeWebView\Application\120.0.2210.91\</Data>
      <Data Name=""User"">WINDEV2309EVAL\User</Data>
      <Data Name=""LogonGuid"">{fda94052-3502-658d-b367-080000000000}</Data>
      <Data Name=""LogonId"">0x867b3</Data>
      <Data Name=""TerminalSessionId"">1</Data>
      <Data Name=""IntegrityLevel"">Low</Data>
      <Data Name=""Hashes"">MD5=8094151812FF45079C840986A0489C78,SHA256=6A4E8A5761C51840CE988C9241B514028A5E45FDB386B072DB0447E3961E3A06,IMPHASH=EA4CA1F8E3B3D9373D39C13FD1348A63</Data>
      <Data Name=""ParentProcessGuid"">{fda94052-b85d-658c-1702-000000000b00}</Data>
      <Data Name=""ParentProcessId"">4184</Data>
      <Data Name=""ParentImage"">C:\Program Files (x86)\Microsoft\EdgeWebView\Application\120.0.2210.91\msedgewebview2.exe</Data>
      <Data Name=""ParentCommandLine"">""C:\Program Files (x86)\Microsoft\EdgeWebView\Application\120.0.2210.91\msedgewebview2.exe"" --embedded-browser-webview=1 --webview-exe-name=Widgets.exe --webview-exe-version=421.20070.1820.0 --user-data-dir=""C:\Users\User\AppData\Local\Packages\MicrosoftWindows.Client.WebExperience_cw5n1h2txyewy\LocalState\EBWebView"" --noerrdialogs --disk-cache-size=52428800 --edge-webview-is-background --enable-features=MojoIpcz,msWebView2TreatAppSuspendAsDeviceSuspend,UseNativeThreadPool,UseBackgroundNativeThreadPool --lang=en-US --accept-lang=en-US --mojo-named-platform-channel-pipe=8112.2288.17893317180732402091 /pfhostedapp:017373b2a5c4ead1a08d36a47bf86195c1909a61</Data>
      <Data Name=""ParentUser"">WINDEV2309EVAL\User</Data>
    </EventData>
    <RenderingInfo Culture=""en-US"">
      <Message>Process Create:

RuleName: -

UtcTime: 2023-12-28 00:32:01.451

ProcessGuid: {fda94052-c201-658c-6f02-000000000b00}

ProcessId: 2584

Image: C:\Program Files (x86)\Microsoft\EdgeWebView\Application\120.0.2210.91\msedgewebview2.exe

FileVersion: 120.0.2210.91

Description: Microsoft Edge WebView2

Product: Microsoft Edge WebView2

Company: Microsoft Corporation

OriginalFileName: msedgewebview2.exe

CommandLine: ""C:\Program Files (x86)\Microsoft\EdgeWebView\Application\120.0.2210.91\msedgewebview2.exe"" --type=utility --utility-sub-type=unzip.mojom.Unzipper --lang=en-US --service-sandbox-type=service --noerrdialogs --user-data-dir=""C:\Users\User\AppData\Local\Packages\MicrosoftWindows.Client.WebExperience_cw5n1h2txyewy\LocalState\EBWebView"" --webview-exe-name=Widgets.exe --webview-exe-version=421.20070.1820.0 --embedded-browser-webview=1 --mojo-platform-channel-handle=5264 --field-trial-handle=1784,i,2295490780030403019,2821906385101450000,262144 --enable-features=MojoIpcz,UseBackgroundNativeThreadPool,UseNativeThreadPool,msWebView2TreatAppSuspendAsDeviceSuspend --variations-seed-version /prefetch:8 /pfhostedapp:017373b2a5c4ead1a08d36a47bf86195c1909a61

CurrentDirectory: C:\Program Files (x86)\Microsoft\EdgeWebView\Application\120.0.2210.91\

User: WINDEV2309EVAL\User

LogonGuid: {fda94052-3502-658d-b367-080000000000}

LogonId: 0x867B3

TerminalSessionId: 1

IntegrityLevel: Low

Hashes: MD5=8094151812FF45079C840986A0489C78,SHA256=6A4E8A5761C51840CE988C9241B514028A5E45FDB386B072DB0447E3961E3A06,IMPHASH=EA4CA1F8E3B3D9373D39C13FD1348A63

ParentProcessGuid: {fda94052-b85d-658c-1702-000000000b00}

ParentProcessId: 4184

ParentImage: C:\Program Files (x86)\Microsoft\EdgeWebView\Application\120.0.2210.91\msedgewebview2.exe

ParentCommandLine: ""C:\Program Files (x86)\Microsoft\EdgeWebView\Application\120.0.2210.91\msedgewebview2.exe"" --embedded-browser-webview=1 --webview-exe-name=Widgets.exe --webview-exe-version=421.20070.1820.0 --user-data-dir=""C:\Users\User\AppData\Local\Packages\MicrosoftWindows.Client.WebExperience_cw5n1h2txyewy\LocalState\EBWebView"" --noerrdialogs --disk-cache-size=52428800 --edge-webview-is-background --enable-features=MojoIpcz,msWebView2TreatAppSuspendAsDeviceSuspend,UseNativeThreadPool,UseBackgroundNativeThreadPool --lang=en-US --accept-lang=en-US --mojo-named-platform-channel-pipe=8112.2288.17893317180732402091 /pfhostedapp:017373b2a5c4ead1a08d36a47bf86195c1909a61

ParentUser: WINDEV2309EVAL\User</Message>
      <Level>Information</Level>
      <Task>Process Create (rule: ProcessCreate)</Task>
      <Opcode>Info</Opcode>
    </RenderingInfo>
  </Event>
  
"
Microsoft-Windows-Sysmon/Operational,findstr  /i defender ,Microsoft Corporation,WinDev2309Eval,,C:\Users\User\AppData\Local\Temp\,Find String (QGREP) Utility,1,9471,10.0.22621.1 (WinBuild.160101.0800),"MD5=6DB3BB45E7555B0912B668395B2AEF41,SHA256=C9541AF1D88CD6D38F1E6EBA2FD7EACCE3C1181166E50B523ED7CEDB92FEA045,IMPHASH=FAF6C2ABBD03B51B5852A294EAAFC7CE",C:\Windows\System32\findstr.exe,Medium,0x8000000000000000,Information,{fda94052-3502-658d-b367-080000000000},0x867b3,"Process Create:

RuleName: -

UtcTime: 2023-12-28 00:32:01.134

ProcessGuid: {fda94052-c201-658c-6e02-000000000b00}

ProcessId: 6616

Image: C:\Windows\System32\findstr.exe

FileVersion: 10.0.22621.1 (WinBuild.160101.0800)

Description: Find String (QGREP) Utility

Product: Microsoft® Windows® Operating System

Company: Microsoft Corporation

OriginalFileName: FINDSTR.EXE

CommandLine: findstr  /i defender 

CurrentDirectory: C:\Users\User\AppData\Local\Temp\

User: WINDEV2309EVAL\User

LogonGuid: {fda94052-3502-658d-b367-080000000000}

LogonId: 0x867B3

TerminalSessionId: 1

IntegrityLevel: Medium

Hashes: MD5=6DB3BB45E7555B0912B668395B2AEF41,SHA256=C9541AF1D88CD6D38F1E6EBA2FD7EACCE3C1181166E50B523ED7CEDB92FEA045,IMPHASH=FAF6C2ABBD03B51B5852A294EAAFC7CE

ParentProcessGuid: {fda94052-c1f6-658c-5c02-000000000b00}

ParentProcessId: 8712

ParentImage: C:\Windows\System32\cmd.exe

ParentCommandLine: ""cmd.exe"" /c netsh.exe advfirewall  show allprofiles  & netsh.exe advfirewall firewall dump & netsh.exe advfirewall show currentprofile & netsh.exe advfirewall firewall show rule name=all & netsh.exe firewall show state & netsh.exe firewall show config & sc query windefend & powershell.exe /c ""Get-Process | Where-Object { $_.ProcessName -eq 'Sysmon' }"" & powershell.exe /c ""Get-Service | where-object {$_.DisplayName -like '*sysm*'}"" & powershell.exe /c ""Get-CimInstance Win32_Service -Filter 'Description = ''System Monitor service'''"" & tasklist.exe & tasklist.exe | findstr /i virus & tasklist.exe | findstr /i cb & tasklist.exe | findstr /i defender & tasklist.exe | findstr /i cylance & tasklist.exe | findstr /i mc & tasklist.exe | findstr /i ""virus cb defender cylance mc""

ParentUser: WINDEV2309EVAL\User",Info,FINDSTR.EXE,"""cmd.exe"" /c netsh.exe advfirewall  show allprofiles  & netsh.exe advfirewall firewall dump & netsh.exe advfirewall show currentprofile & netsh.exe advfirewall firewall show rule name=all & netsh.exe firewall show state & netsh.exe firewall show config & sc query windefend & powershell.exe /c ""Get-Process | Where-Object { $_.ProcessName -eq 'Sysmon' }"" & powershell.exe /c ""Get-Service | where-object {$_.DisplayName -like '*sysm*'}"" & powershell.exe /c ""Get-CimInstance Win32_Service -Filter 'Description = ''System Monitor service'''"" & tasklist.exe & tasklist.exe | findstr /i virus & tasklist.exe | findstr /i cb & tasklist.exe | findstr /i defender & tasklist.exe | findstr /i cylance & tasklist.exe | findstr /i mc & tasklist.exe | findstr /i ""virus cb defender cylance mc""",C:\Windows\System32\cmd.exe,{fda94052-c1f6-658c-5c02-000000000b00},8712,WINDEV2309EVAL\User,{fda94052-c201-658c-6e02-000000000b00},7044,6616,Microsoft® Windows® Operating System,,,,"
      ",-,2023-12-28T00:32:01.1354505Z,,Process Create (rule: ProcessCreate),1,6672,WINDEV2309EVAL\User,S-1-5-18,2023-12-28 00:32:01.134,5,"<Event xmlns=""http://schemas.microsoft.com/win/2004/08/events/event"">
    <System>
      <Provider Name=""Microsoft-Windows-Sysmon"" Guid=""{5770385f-c22a-43e0-bf4c-06f5698ffbd9}""/>
      <EventID>1</EventID>
      <Version>5</Version>
      <Level>4</Level>
      <Task>1</Task>
      <Opcode>0</Opcode>
      <Keywords>0x8000000000000000</Keywords>
      <TimeCreated SystemTime=""2023-12-28T00:32:01.1354505Z""/>
      <EventRecordID>9471</EventRecordID>
      <Correlation/>
      <Execution ProcessID=""7044"" ThreadID=""6672""/>
      <Channel>Microsoft-Windows-Sysmon/Operational</Channel>
      <Computer>WinDev2309Eval</Computer>
      <Security UserID=""S-1-5-18""/>
    </System>
    <EventData>
      <Data Name=""RuleName"">-</Data>
      <Data Name=""UtcTime"">2023-12-28 00:32:01.134</Data>
      <Data Name=""ProcessGuid"">{fda94052-c201-658c-6e02-000000000b00}</Data>
      <Data Name=""ProcessId"">6616</Data>
      <Data Name=""Image"">C:\Windows\System32\findstr.exe</Data>
      <Data Name=""FileVersion"">10.0.22621.1 (WinBuild.160101.0800)</Data>
      <Data Name=""Description"">Find String (QGREP) Utility</Data>
      <Data Name=""Product"">Microsoft&#174; Windows&#174; Operating System</Data>
      <Data Name=""Company"">Microsoft Corporation</Data>
      <Data Name=""OriginalFileName"">FINDSTR.EXE</Data>
      <Data Name=""CommandLine"">findstr  /i defender </Data>
      <Data Name=""CurrentDirectory"">C:\Users\User\AppData\Local\Temp\</Data>
      <Data Name=""User"">WINDEV2309EVAL\User</Data>
      <Data Name=""LogonGuid"">{fda94052-3502-658d-b367-080000000000}</Data>
      <Data Name=""LogonId"">0x867b3</Data>
      <Data Name=""TerminalSessionId"">1</Data>
      <Data Name=""IntegrityLevel"">Medium</Data>
      <Data Name=""Hashes"">MD5=6DB3BB45E7555B0912B668395B2AEF41,SHA256=C9541AF1D88CD6D38F1E6EBA2FD7EACCE3C1181166E50B523ED7CEDB92FEA045,IMPHASH=FAF6C2ABBD03B51B5852A294EAAFC7CE</Data>
      <Data Name=""ParentProcessGuid"">{fda94052-c1f6-658c-5c02-000000000b00}</Data>
      <Data Name=""ParentProcessId"">8712</Data>
      <Data Name=""ParentImage"">C:\Windows\System32\cmd.exe</Data>
      <Data Name=""ParentCommandLine"">""cmd.exe"" /c netsh.exe advfirewall  show allprofiles  &amp; netsh.exe advfirewall firewall dump &amp; netsh.exe advfirewall show currentprofile &amp; netsh.exe advfirewall firewall show rule name=all &amp; netsh.exe firewall show state &amp; netsh.exe firewall show config &amp; sc query windefend &amp; powershell.exe /c ""Get-Process | Where-Object { $_.ProcessName -eq 'Sysmon' }"" &amp; powershell.exe /c ""Get-Service | where-object {$_.DisplayName -like '*sysm*'}"" &amp; powershell.exe /c ""Get-CimInstance Win32_Service -Filter 'Description = ''System Monitor service'''"" &amp; tasklist.exe &amp; tasklist.exe | findstr /i virus &amp; tasklist.exe | findstr /i cb &amp; tasklist.exe | findstr /i defender &amp; tasklist.exe | findstr /i cylance &amp; tasklist.exe | findstr /i mc &amp; tasklist.exe | findstr /i ""virus cb defender cylance mc""</Data>
      <Data Name=""ParentUser"">WINDEV2309EVAL\User</Data>
    </EventData>
    <RenderingInfo Culture=""en-US"">
      <Message>Process Create:

RuleName: -

UtcTime: 2023-12-28 00:32:01.134

ProcessGuid: {fda94052-c201-658c-6e02-000000000b00}

ProcessId: 6616

Image: C:\Windows\System32\findstr.exe

FileVersion: 10.0.22621.1 (WinBuild.160101.0800)

Description: Find String (QGREP) Utility

Product: Microsoft&#174; Windows&#174; Operating System

Company: Microsoft Corporation

OriginalFileName: FINDSTR.EXE

CommandLine: findstr  /i defender 

CurrentDirectory: C:\Users\User\AppData\Local\Temp\

User: WINDEV2309EVAL\User

LogonGuid: {fda94052-3502-658d-b367-080000000000}

LogonId: 0x867B3

TerminalSessionId: 1

IntegrityLevel: Medium

Hashes: MD5=6DB3BB45E7555B0912B668395B2AEF41,SHA256=C9541AF1D88CD6D38F1E6EBA2FD7EACCE3C1181166E50B523ED7CEDB92FEA045,IMPHASH=FAF6C2ABBD03B51B5852A294EAAFC7CE

ParentProcessGuid: {fda94052-c1f6-658c-5c02-000000000b00}

ParentProcessId: 8712

ParentImage: C:\Windows\System32\cmd.exe

ParentCommandLine: ""cmd.exe"" /c netsh.exe advfirewall  show allprofiles  &amp; netsh.exe advfirewall firewall dump &amp; netsh.exe advfirewall show currentprofile &amp; netsh.exe advfirewall firewall show rule name=all &amp; netsh.exe firewall show state &amp; netsh.exe firewall show config &amp; sc query windefend &amp; powershell.exe /c ""Get-Process | Where-Object { $_.ProcessName -eq 'Sysmon' }"" &amp; powershell.exe /c ""Get-Service | where-object {$_.DisplayName -like '*sysm*'}"" &amp; powershell.exe /c ""Get-CimInstance Win32_Service -Filter 'Description = ''System Monitor service'''"" &amp; tasklist.exe &amp; tasklist.exe | findstr /i virus &amp; tasklist.exe | findstr /i cb &amp; tasklist.exe | findstr /i defender &amp; tasklist.exe | findstr /i cylance &amp; tasklist.exe | findstr /i mc &amp; tasklist.exe | findstr /i ""virus cb defender cylance mc""

ParentUser: WINDEV2309EVAL\User</Message>
      <Level>Information</Level>
      <Task>Process Create (rule: ProcessCreate)</Task>
      <Opcode>Info</Opcode>
    </RenderingInfo>
  </Event>
  
"
Microsoft-Windows-Sysmon/Operational,tasklist.exe  ,Microsoft Corporation,WinDev2309Eval,,C:\Users\User\AppData\Local\Temp\,Lists the current running tasks,1,9470,10.0.22621.1 (WinBuild.160101.0800),"MD5=3D705BA430E4E045884234A98B3388CF,SHA256=C54FDD83D88404A62EB945B862E13979481526D2AF7A97ABC92C50ECD06D4F70,IMPHASH=FCEA32ABE79C10DFACC88F5335DD89DE",C:\Windows\System32\tasklist.exe,Medium,0x8000000000000000,Information,{fda94052-3502-658d-b367-080000000000},0x867b3,"Process Create:

RuleName: -

UtcTime: 2023-12-28 00:32:01.132

ProcessGuid: {fda94052-c201-658c-6d02-000000000b00}

ProcessId: 9748

Image: C:\Windows\System32\tasklist.exe

FileVersion: 10.0.22621.1 (WinBuild.160101.0800)

Description: Lists the current running tasks

Product: Microsoft® Windows® Operating System

Company: Microsoft Corporation

OriginalFileName: tasklist.exe

CommandLine: tasklist.exe  

CurrentDirectory: C:\Users\User\AppData\Local\Temp\

User: WINDEV2309EVAL\User

LogonGuid: {fda94052-3502-658d-b367-080000000000}

LogonId: 0x867B3

TerminalSessionId: 1

IntegrityLevel: Medium

Hashes: MD5=3D705BA430E4E045884234A98B3388CF,SHA256=C54FDD83D88404A62EB945B862E13979481526D2AF7A97ABC92C50ECD06D4F70,IMPHASH=FCEA32ABE79C10DFACC88F5335DD89DE

ParentProcessGuid: {fda94052-c1f6-658c-5c02-000000000b00}

ParentProcessId: 8712

ParentImage: C:\Windows\System32\cmd.exe

ParentCommandLine: ""cmd.exe"" /c netsh.exe advfirewall  show allprofiles  & netsh.exe advfirewall firewall dump & netsh.exe advfirewall show currentprofile & netsh.exe advfirewall firewall show rule name=all & netsh.exe firewall show state & netsh.exe firewall show config & sc query windefend & powershell.exe /c ""Get-Process | Where-Object { $_.ProcessName -eq 'Sysmon' }"" & powershell.exe /c ""Get-Service | where-object {$_.DisplayName -like '*sysm*'}"" & powershell.exe /c ""Get-CimInstance Win32_Service -Filter 'Description = ''System Monitor service'''"" & tasklist.exe & tasklist.exe | findstr /i virus & tasklist.exe | findstr /i cb & tasklist.exe | findstr /i defender & tasklist.exe | findstr /i cylance & tasklist.exe | findstr /i mc & tasklist.exe | findstr /i ""virus cb defender cylance mc""

ParentUser: WINDEV2309EVAL\User",Info,tasklist.exe,"""cmd.exe"" /c netsh.exe advfirewall  show allprofiles  & netsh.exe advfirewall firewall dump & netsh.exe advfirewall show currentprofile & netsh.exe advfirewall firewall show rule name=all & netsh.exe firewall show state & netsh.exe firewall show config & sc query windefend & powershell.exe /c ""Get-Process | Where-Object { $_.ProcessName -eq 'Sysmon' }"" & powershell.exe /c ""Get-Service | where-object {$_.DisplayName -like '*sysm*'}"" & powershell.exe /c ""Get-CimInstance Win32_Service -Filter 'Description = ''System Monitor service'''"" & tasklist.exe & tasklist.exe | findstr /i virus & tasklist.exe | findstr /i cb & tasklist.exe | findstr /i defender & tasklist.exe | findstr /i cylance & tasklist.exe | findstr /i mc & tasklist.exe | findstr /i ""virus cb defender cylance mc""",C:\Windows\System32\cmd.exe,{fda94052-c1f6-658c-5c02-000000000b00},8712,WINDEV2309EVAL\User,{fda94052-c201-658c-6d02-000000000b00},7044,9748,Microsoft® Windows® Operating System,,,,"
      ",-,2023-12-28T00:32:01.1334659Z,,Process Create (rule: ProcessCreate),1,6672,WINDEV2309EVAL\User,S-1-5-18,2023-12-28 00:32:01.132,5,"<Event xmlns=""http://schemas.microsoft.com/win/2004/08/events/event"">
    <System>
      <Provider Name=""Microsoft-Windows-Sysmon"" Guid=""{5770385f-c22a-43e0-bf4c-06f5698ffbd9}""/>
      <EventID>1</EventID>
      <Version>5</Version>
      <Level>4</Level>
      <Task>1</Task>
      <Opcode>0</Opcode>
      <Keywords>0x8000000000000000</Keywords>
      <TimeCreated SystemTime=""2023-12-28T00:32:01.1334659Z""/>
      <EventRecordID>9470</EventRecordID>
      <Correlation/>
      <Execution ProcessID=""7044"" ThreadID=""6672""/>
      <Channel>Microsoft-Windows-Sysmon/Operational</Channel>
      <Computer>WinDev2309Eval</Computer>
      <Security UserID=""S-1-5-18""/>
    </System>
    <EventData>
      <Data Name=""RuleName"">-</Data>
      <Data Name=""UtcTime"">2023-12-28 00:32:01.132</Data>
      <Data Name=""ProcessGuid"">{fda94052-c201-658c-6d02-000000000b00}</Data>
      <Data Name=""ProcessId"">9748</Data>
      <Data Name=""Image"">C:\Windows\System32\tasklist.exe</Data>
      <Data Name=""FileVersion"">10.0.22621.1 (WinBuild.160101.0800)</Data>
      <Data Name=""Description"">Lists the current running tasks</Data>
      <Data Name=""Product"">Microsoft&#174; Windows&#174; Operating System</Data>
      <Data Name=""Company"">Microsoft Corporation</Data>
      <Data Name=""OriginalFileName"">tasklist.exe</Data>
      <Data Name=""CommandLine"">tasklist.exe  </Data>
      <Data Name=""CurrentDirectory"">C:\Users\User\AppData\Local\Temp\</Data>
      <Data Name=""User"">WINDEV2309EVAL\User</Data>
      <Data Name=""LogonGuid"">{fda94052-3502-658d-b367-080000000000}</Data>
      <Data Name=""LogonId"">0x867b3</Data>
      <Data Name=""TerminalSessionId"">1</Data>
      <Data Name=""IntegrityLevel"">Medium</Data>
      <Data Name=""Hashes"">MD5=3D705BA430E4E045884234A98B3388CF,SHA256=C54FDD83D88404A62EB945B862E13979481526D2AF7A97ABC92C50ECD06D4F70,IMPHASH=FCEA32ABE79C10DFACC88F5335DD89DE</Data>
      <Data Name=""ParentProcessGuid"">{fda94052-c1f6-658c-5c02-000000000b00}</Data>
      <Data Name=""ParentProcessId"">8712</Data>
      <Data Name=""ParentImage"">C:\Windows\System32\cmd.exe</Data>
      <Data Name=""ParentCommandLine"">""cmd.exe"" /c netsh.exe advfirewall  show allprofiles  &amp; netsh.exe advfirewall firewall dump &amp; netsh.exe advfirewall show currentprofile &amp; netsh.exe advfirewall firewall show rule name=all &amp; netsh.exe firewall show state &amp; netsh.exe firewall show config &amp; sc query windefend &amp; powershell.exe /c ""Get-Process | Where-Object { $_.ProcessName -eq 'Sysmon' }"" &amp; powershell.exe /c ""Get-Service | where-object {$_.DisplayName -like '*sysm*'}"" &amp; powershell.exe /c ""Get-CimInstance Win32_Service -Filter 'Description = ''System Monitor service'''"" &amp; tasklist.exe &amp; tasklist.exe | findstr /i virus &amp; tasklist.exe | findstr /i cb &amp; tasklist.exe | findstr /i defender &amp; tasklist.exe | findstr /i cylance &amp; tasklist.exe | findstr /i mc &amp; tasklist.exe | findstr /i ""virus cb defender cylance mc""</Data>
      <Data Name=""ParentUser"">WINDEV2309EVAL\User</Data>
    </EventData>
    <RenderingInfo Culture=""en-US"">
      <Message>Process Create:

RuleName: -

UtcTime: 2023-12-28 00:32:01.132

ProcessGuid: {fda94052-c201-658c-6d02-000000000b00}

ProcessId: 9748

Image: C:\Windows\System32\tasklist.exe

FileVersion: 10.0.22621.1 (WinBuild.160101.0800)

Description: Lists the current running tasks

Product: Microsoft&#174; Windows&#174; Operating System

Company: Microsoft Corporation

OriginalFileName: tasklist.exe

CommandLine: tasklist.exe  

CurrentDirectory: C:\Users\User\AppData\Local\Temp\

User: WINDEV2309EVAL\User

LogonGuid: {fda94052-3502-658d-b367-080000000000}

LogonId: 0x867B3

TerminalSessionId: 1

IntegrityLevel: Medium

Hashes: MD5=3D705BA430E4E045884234A98B3388CF,SHA256=C54FDD83D88404A62EB945B862E13979481526D2AF7A97ABC92C50ECD06D4F70,IMPHASH=FCEA32ABE79C10DFACC88F5335DD89DE

ParentProcessGuid: {fda94052-c1f6-658c-5c02-000000000b00}

ParentProcessId: 8712

ParentImage: C:\Windows\System32\cmd.exe

ParentCommandLine: ""cmd.exe"" /c netsh.exe advfirewall  show allprofiles  &amp; netsh.exe advfirewall firewall dump &amp; netsh.exe advfirewall show currentprofile &amp; netsh.exe advfirewall firewall show rule name=all &amp; netsh.exe firewall show state &amp; netsh.exe firewall show config &amp; sc query windefend &amp; powershell.exe /c ""Get-Process | Where-Object { $_.ProcessName -eq 'Sysmon' }"" &amp; powershell.exe /c ""Get-Service | where-object {$_.DisplayName -like '*sysm*'}"" &amp; powershell.exe /c ""Get-CimInstance Win32_Service -Filter 'Description = ''System Monitor service'''"" &amp; tasklist.exe &amp; tasklist.exe | findstr /i virus &amp; tasklist.exe | findstr /i cb &amp; tasklist.exe | findstr /i defender &amp; tasklist.exe | findstr /i cylance &amp; tasklist.exe | findstr /i mc &amp; tasklist.exe | findstr /i ""virus cb defender cylance mc""

ParentUser: WINDEV2309EVAL\User</Message>
      <Level>Information</Level>
      <Task>Process Create (rule: ProcessCreate)</Task>
      <Opcode>Info</Opcode>
    </RenderingInfo>
  </Event>
  
"
Microsoft-Windows-Sysmon/Operational,findstr  /i cb ,Microsoft Corporation,WinDev2309Eval,,C:\Users\User\AppData\Local\Temp\,Find String (QGREP) Utility,1,9469,10.0.22621.1 (WinBuild.160101.0800),"MD5=6DB3BB45E7555B0912B668395B2AEF41,SHA256=C9541AF1D88CD6D38F1E6EBA2FD7EACCE3C1181166E50B523ED7CEDB92FEA045,IMPHASH=FAF6C2ABBD03B51B5852A294EAAFC7CE",C:\Windows\System32\findstr.exe,Medium,0x8000000000000000,Information,{fda94052-3502-658d-b367-080000000000},0x867b3,"Process Create:

RuleName: -

UtcTime: 2023-12-28 00:32:00.735

ProcessGuid: {fda94052-c200-658c-6c02-000000000b00}

ProcessId: 11196

Image: C:\Windows\System32\findstr.exe

FileVersion: 10.0.22621.1 (WinBuild.160101.0800)

Description: Find String (QGREP) Utility

Product: Microsoft® Windows® Operating System

Company: Microsoft Corporation

OriginalFileName: FINDSTR.EXE

CommandLine: findstr  /i cb 

CurrentDirectory: C:\Users\User\AppData\Local\Temp\

User: WINDEV2309EVAL\User

LogonGuid: {fda94052-3502-658d-b367-080000000000}

LogonId: 0x867B3

TerminalSessionId: 1

IntegrityLevel: Medium

Hashes: MD5=6DB3BB45E7555B0912B668395B2AEF41,SHA256=C9541AF1D88CD6D38F1E6EBA2FD7EACCE3C1181166E50B523ED7CEDB92FEA045,IMPHASH=FAF6C2ABBD03B51B5852A294EAAFC7CE

ParentProcessGuid: {fda94052-c1f6-658c-5c02-000000000b00}

ParentProcessId: 8712

ParentImage: C:\Windows\System32\cmd.exe

ParentCommandLine: ""cmd.exe"" /c netsh.exe advfirewall  show allprofiles  & netsh.exe advfirewall firewall dump & netsh.exe advfirewall show currentprofile & netsh.exe advfirewall firewall show rule name=all & netsh.exe firewall show state & netsh.exe firewall show config & sc query windefend & powershell.exe /c ""Get-Process | Where-Object { $_.ProcessName -eq 'Sysmon' }"" & powershell.exe /c ""Get-Service | where-object {$_.DisplayName -like '*sysm*'}"" & powershell.exe /c ""Get-CimInstance Win32_Service -Filter 'Description = ''System Monitor service'''"" & tasklist.exe & tasklist.exe | findstr /i virus & tasklist.exe | findstr /i cb & tasklist.exe | findstr /i defender & tasklist.exe | findstr /i cylance & tasklist.exe | findstr /i mc & tasklist.exe | findstr /i ""virus cb defender cylance mc""

ParentUser: WINDEV2309EVAL\User",Info,FINDSTR.EXE,"""cmd.exe"" /c netsh.exe advfirewall  show allprofiles  & netsh.exe advfirewall firewall dump & netsh.exe advfirewall show currentprofile & netsh.exe advfirewall firewall show rule name=all & netsh.exe firewall show state & netsh.exe firewall show config & sc query windefend & powershell.exe /c ""Get-Process | Where-Object { $_.ProcessName -eq 'Sysmon' }"" & powershell.exe /c ""Get-Service | where-object {$_.DisplayName -like '*sysm*'}"" & powershell.exe /c ""Get-CimInstance Win32_Service -Filter 'Description = ''System Monitor service'''"" & tasklist.exe & tasklist.exe | findstr /i virus & tasklist.exe | findstr /i cb & tasklist.exe | findstr /i defender & tasklist.exe | findstr /i cylance & tasklist.exe | findstr /i mc & tasklist.exe | findstr /i ""virus cb defender cylance mc""",C:\Windows\System32\cmd.exe,{fda94052-c1f6-658c-5c02-000000000b00},8712,WINDEV2309EVAL\User,{fda94052-c200-658c-6c02-000000000b00},7044,11196,Microsoft® Windows® Operating System,,,,"
      ",-,2023-12-28T00:32:00.7359363Z,,Process Create (rule: ProcessCreate),1,6672,WINDEV2309EVAL\User,S-1-5-18,2023-12-28 00:32:00.735,5,"<Event xmlns=""http://schemas.microsoft.com/win/2004/08/events/event"">
    <System>
      <Provider Name=""Microsoft-Windows-Sysmon"" Guid=""{5770385f-c22a-43e0-bf4c-06f5698ffbd9}""/>
      <EventID>1</EventID>
      <Version>5</Version>
      <Level>4</Level>
      <Task>1</Task>
      <Opcode>0</Opcode>
      <Keywords>0x8000000000000000</Keywords>
      <TimeCreated SystemTime=""2023-12-28T00:32:00.7359363Z""/>
      <EventRecordID>9469</EventRecordID>
      <Correlation/>
      <Execution ProcessID=""7044"" ThreadID=""6672""/>
      <Channel>Microsoft-Windows-Sysmon/Operational</Channel>
      <Computer>WinDev2309Eval</Computer>
      <Security UserID=""S-1-5-18""/>
    </System>
    <EventData>
      <Data Name=""RuleName"">-</Data>
      <Data Name=""UtcTime"">2023-12-28 00:32:00.735</Data>
      <Data Name=""ProcessGuid"">{fda94052-c200-658c-6c02-000000000b00}</Data>
      <Data Name=""ProcessId"">11196</Data>
      <Data Name=""Image"">C:\Windows\System32\findstr.exe</Data>
      <Data Name=""FileVersion"">10.0.22621.1 (WinBuild.160101.0800)</Data>
      <Data Name=""Description"">Find String (QGREP) Utility</Data>
      <Data Name=""Product"">Microsoft&#174; Windows&#174; Operating System</Data>
      <Data Name=""Company"">Microsoft Corporation</Data>
      <Data Name=""OriginalFileName"">FINDSTR.EXE</Data>
      <Data Name=""CommandLine"">findstr  /i cb </Data>
      <Data Name=""CurrentDirectory"">C:\Users\User\AppData\Local\Temp\</Data>
      <Data Name=""User"">WINDEV2309EVAL\User</Data>
      <Data Name=""LogonGuid"">{fda94052-3502-658d-b367-080000000000}</Data>
      <Data Name=""LogonId"">0x867b3</Data>
      <Data Name=""TerminalSessionId"">1</Data>
      <Data Name=""IntegrityLevel"">Medium</Data>
      <Data Name=""Hashes"">MD5=6DB3BB45E7555B0912B668395B2AEF41,SHA256=C9541AF1D88CD6D38F1E6EBA2FD7EACCE3C1181166E50B523ED7CEDB92FEA045,IMPHASH=FAF6C2ABBD03B51B5852A294EAAFC7CE</Data>
      <Data Name=""ParentProcessGuid"">{fda94052-c1f6-658c-5c02-000000000b00}</Data>
      <Data Name=""ParentProcessId"">8712</Data>
      <Data Name=""ParentImage"">C:\Windows\System32\cmd.exe</Data>
      <Data Name=""ParentCommandLine"">""cmd.exe"" /c netsh.exe advfirewall  show allprofiles  &amp; netsh.exe advfirewall firewall dump &amp; netsh.exe advfirewall show currentprofile &amp; netsh.exe advfirewall firewall show rule name=all &amp; netsh.exe firewall show state &amp; netsh.exe firewall show config &amp; sc query windefend &amp; powershell.exe /c ""Get-Process | Where-Object { $_.ProcessName -eq 'Sysmon' }"" &amp; powershell.exe /c ""Get-Service | where-object {$_.DisplayName -like '*sysm*'}"" &amp; powershell.exe /c ""Get-CimInstance Win32_Service -Filter 'Description = ''System Monitor service'''"" &amp; tasklist.exe &amp; tasklist.exe | findstr /i virus &amp; tasklist.exe | findstr /i cb &amp; tasklist.exe | findstr /i defender &amp; tasklist.exe | findstr /i cylance &amp; tasklist.exe | findstr /i mc &amp; tasklist.exe | findstr /i ""virus cb defender cylance mc""</Data>
      <Data Name=""ParentUser"">WINDEV2309EVAL\User</Data>
    </EventData>
    <RenderingInfo Culture=""en-US"">
      <Message>Process Create:

RuleName: -

UtcTime: 2023-12-28 00:32:00.735

ProcessGuid: {fda94052-c200-658c-6c02-000000000b00}

ProcessId: 11196

Image: C:\Windows\System32\findstr.exe

FileVersion: 10.0.22621.1 (WinBuild.160101.0800)

Description: Find String (QGREP) Utility

Product: Microsoft&#174; Windows&#174; Operating System

Company: Microsoft Corporation

OriginalFileName: FINDSTR.EXE

CommandLine: findstr  /i cb 

CurrentDirectory: C:\Users\User\AppData\Local\Temp\

User: WINDEV2309EVAL\User

LogonGuid: {fda94052-3502-658d-b367-080000000000}

LogonId: 0x867B3

TerminalSessionId: 1

IntegrityLevel: Medium

Hashes: MD5=6DB3BB45E7555B0912B668395B2AEF41,SHA256=C9541AF1D88CD6D38F1E6EBA2FD7EACCE3C1181166E50B523ED7CEDB92FEA045,IMPHASH=FAF6C2ABBD03B51B5852A294EAAFC7CE

ParentProcessGuid: {fda94052-c1f6-658c-5c02-000000000b00}

ParentProcessId: 8712

ParentImage: C:\Windows\System32\cmd.exe

ParentCommandLine: ""cmd.exe"" /c netsh.exe advfirewall  show allprofiles  &amp; netsh.exe advfirewall firewall dump &amp; netsh.exe advfirewall show currentprofile &amp; netsh.exe advfirewall firewall show rule name=all &amp; netsh.exe firewall show state &amp; netsh.exe firewall show config &amp; sc query windefend &amp; powershell.exe /c ""Get-Process | Where-Object { $_.ProcessName -eq 'Sysmon' }"" &amp; powershell.exe /c ""Get-Service | where-object {$_.DisplayName -like '*sysm*'}"" &amp; powershell.exe /c ""Get-CimInstance Win32_Service -Filter 'Description = ''System Monitor service'''"" &amp; tasklist.exe &amp; tasklist.exe | findstr /i virus &amp; tasklist.exe | findstr /i cb &amp; tasklist.exe | findstr /i defender &amp; tasklist.exe | findstr /i cylance &amp; tasklist.exe | findstr /i mc &amp; tasklist.exe | findstr /i ""virus cb defender cylance mc""

ParentUser: WINDEV2309EVAL\User</Message>
      <Level>Information</Level>
      <Task>Process Create (rule: ProcessCreate)</Task>
      <Opcode>Info</Opcode>
    </RenderingInfo>
  </Event>
  
"
