Microsoft-Windows-Sysmon/Operational,powershell  Get-WmiObject -Namespace root\securitycenter2 -Class antivirusproduct,Microsoft Corporation,WinDev2309Eval,,C:\Users\User\AppData\Local\Temp\,Windows PowerShell,1,9502,10.0.22621.2215 (WinBuild.160101.0800),"MD5=824B9F337E68DD8C117595071AC11E23,SHA256=17083405E7DECB3DDEF837C2FA599293A4E8133736969DFD5CE92EF15608A587,IMPHASH=51B0FFFA02CA6C1B85189E2E6C139F36",C:\Windows\System32\WindowsPowerShell\v1.0\powershell.exe,Medium,0x8000000000000000,Information,{fda94052-3502-658d-b367-080000000000},0x867b3,"Process Create:

RuleName: -

UtcTime: 2023-12-28 00:32:09.593

ProcessGuid: {fda94052-c209-658c-8402-000000000b00}

ProcessId: 8400

Image: C:\Windows\System32\WindowsPowerShell\v1.0\powershell.exe

FileVersion: 10.0.22621.2215 (WinBuild.160101.0800)

Description: Windows PowerShell

Product: Microsoft® Windows® Operating System

Company: Microsoft Corporation

OriginalFileName: PowerShell.EXE

CommandLine: powershell  Get-WmiObject -Namespace root\securitycenter2 -Class antivirusproduct

CurrentDirectory: C:\Users\User\AppData\Local\Temp\

User: WINDEV2309EVAL\User

LogonGuid: {fda94052-3502-658d-b367-080000000000}

LogonId: 0x867B3

TerminalSessionId: 1

IntegrityLevel: Medium

Hashes: MD5=824B9F337E68DD8C117595071AC11E23,SHA256=17083405E7DECB3DDEF837C2FA599293A4E8133736969DFD5CE92EF15608A587,IMPHASH=51B0FFFA02CA6C1B85189E2E6C139F36

ParentProcessGuid: {fda94052-c207-658c-8102-000000000b00}

ParentProcessId: 8244

ParentImage: C:\Windows\System32\cmd.exe

ParentCommandLine: ""cmd.exe"" /c powershell Get-CimInstance -Namespace root/securityCenter2 -classname antivirusproduct & powershell Get-WmiObject -Namespace root\securitycenter2 -Class antivirusproduct

ParentUser: WINDEV2309EVAL\User",Info,PowerShell.EXE,"""cmd.exe"" /c powershell Get-CimInstance -Namespace root/securityCenter2 -classname antivirusproduct & powershell Get-WmiObject -Namespace root\securitycenter2 -Class antivirusproduct",C:\Windows\System32\cmd.exe,{fda94052-c207-658c-8102-000000000b00},8244,WINDEV2309EVAL\User,{fda94052-c209-658c-8402-000000000b00},7044,8400,Microsoft® Windows® Operating System,,,,"
      ",-,2023-12-28T00:32:09.5947301Z,,Process Create (rule: ProcessCreate),1,6672,WINDEV2309EVAL\User,S-1-5-18,2023-12-28 00:32:09.593,5,"<Event xmlns=""http://schemas.microsoft.com/win/2004/08/events/event"">
    <System>
      <Provider Name=""Microsoft-Windows-Sysmon"" Guid=""{5770385f-c22a-43e0-bf4c-06f5698ffbd9}""/>
      <EventID>1</EventID>
      <Version>5</Version>
      <Level>4</Level>
      <Task>1</Task>
      <Opcode>0</Opcode>
      <Keywords>0x8000000000000000</Keywords>
      <TimeCreated SystemTime=""2023-12-28T00:32:09.5947301Z""/>
      <EventRecordID>9502</EventRecordID>
      <Correlation/>
      <Execution ProcessID=""7044"" ThreadID=""6672""/>
      <Channel>Microsoft-Windows-Sysmon/Operational</Channel>
      <Computer>WinDev2309Eval</Computer>
      <Security UserID=""S-1-5-18""/>
    </System>
    <EventData>
      <Data Name=""RuleName"">-</Data>
      <Data Name=""UtcTime"">2023-12-28 00:32:09.593</Data>
      <Data Name=""ProcessGuid"">{fda94052-c209-658c-8402-000000000b00}</Data>
      <Data Name=""ProcessId"">8400</Data>
      <Data Name=""Image"">C:\Windows\System32\WindowsPowerShell\v1.0\powershell.exe</Data>
      <Data Name=""FileVersion"">10.0.22621.2215 (WinBuild.160101.0800)</Data>
      <Data Name=""Description"">Windows PowerShell</Data>
      <Data Name=""Product"">Microsoft&#174; Windows&#174; Operating System</Data>
      <Data Name=""Company"">Microsoft Corporation</Data>
      <Data Name=""OriginalFileName"">PowerShell.EXE</Data>
      <Data Name=""CommandLine"">powershell  Get-WmiObject -Namespace root\securitycenter2 -Class antivirusproduct</Data>
      <Data Name=""CurrentDirectory"">C:\Users\User\AppData\Local\Temp\</Data>
      <Data Name=""User"">WINDEV2309EVAL\User</Data>
      <Data Name=""LogonGuid"">{fda94052-3502-658d-b367-080000000000}</Data>
      <Data Name=""LogonId"">0x867b3</Data>
      <Data Name=""TerminalSessionId"">1</Data>
      <Data Name=""IntegrityLevel"">Medium</Data>
      <Data Name=""Hashes"">MD5=824B9F337E68DD8C117595071AC11E23,SHA256=17083405E7DECB3DDEF837C2FA599293A4E8133736969DFD5CE92EF15608A587,IMPHASH=51B0FFFA02CA6C1B85189E2E6C139F36</Data>
      <Data Name=""ParentProcessGuid"">{fda94052-c207-658c-8102-000000000b00}</Data>
      <Data Name=""ParentProcessId"">8244</Data>
      <Data Name=""ParentImage"">C:\Windows\System32\cmd.exe</Data>
      <Data Name=""ParentCommandLine"">""cmd.exe"" /c powershell Get-CimInstance -Namespace root/securityCenter2 -classname antivirusproduct &amp; powershell Get-WmiObject -Namespace root\securitycenter2 -Class antivirusproduct</Data>
      <Data Name=""ParentUser"">WINDEV2309EVAL\User</Data>
    </EventData>
    <RenderingInfo Culture=""en-US"">
      <Message>Process Create:

RuleName: -

UtcTime: 2023-12-28 00:32:09.593

ProcessGuid: {fda94052-c209-658c-8402-000000000b00}

ProcessId: 8400

Image: C:\Windows\System32\WindowsPowerShell\v1.0\powershell.exe

FileVersion: 10.0.22621.2215 (WinBuild.160101.0800)

Description: Windows PowerShell

Product: Microsoft&#174; Windows&#174; Operating System

Company: Microsoft Corporation

OriginalFileName: PowerShell.EXE

CommandLine: powershell  Get-WmiObject -Namespace root\securitycenter2 -Class antivirusproduct

CurrentDirectory: C:\Users\User\AppData\Local\Temp\

User: WINDEV2309EVAL\User

LogonGuid: {fda94052-3502-658d-b367-080000000000}

LogonId: 0x867B3

TerminalSessionId: 1

IntegrityLevel: Medium

Hashes: MD5=824B9F337E68DD8C117595071AC11E23,SHA256=17083405E7DECB3DDEF837C2FA599293A4E8133736969DFD5CE92EF15608A587,IMPHASH=51B0FFFA02CA6C1B85189E2E6C139F36

ParentProcessGuid: {fda94052-c207-658c-8102-000000000b00}

ParentProcessId: 8244

ParentImage: C:\Windows\System32\cmd.exe

ParentCommandLine: ""cmd.exe"" /c powershell Get-CimInstance -Namespace root/securityCenter2 -classname antivirusproduct &amp; powershell Get-WmiObject -Namespace root\securitycenter2 -Class antivirusproduct

ParentUser: WINDEV2309EVAL\User</Message>
      <Level>Information</Level>
      <Task>Process Create (rule: ProcessCreate)</Task>
      <Opcode>Info</Opcode>
    </RenderingInfo>
  </Event>
  
"
Microsoft-Windows-Sysmon/Operational,,,WinDev2309Eval,2023-12-28 00:32:08.031,,,11,9501,,,C:\Windows\System32\WindowsPowerShell\v1.0\powershell.exe,,0x8000000000000000,Information,,,"File created:

RuleName: -

UtcTime: 2023-12-28 00:32:08.031

ProcessGuid: {fda94052-c207-658c-8302-000000000b00}

ProcessId: 5464

Image: C:\Windows\System32\WindowsPowerShell\v1.0\powershell.exe

TargetFilename: C:\Users\User\AppData\Local\Temp\__PSScriptPolicyTest_2f3svsxr.qs0.ps1

CreationUtcTime: 2023-12-28 00:32:08.031

User: WINDEV2309EVAL\User",Info,,,,,,,{fda94052-c207-658c-8302-000000000b00},7044,5464,,,,,"
      ",-,2023-12-28T00:32:08.0439675Z,C:\Users\User\AppData\Local\Temp\__PSScriptPolicyTest_2f3svsxr.qs0.ps1,File created (rule: FileCreate),,6672,WINDEV2309EVAL\User,S-1-5-18,2023-12-28 00:32:08.031,2,"<Event xmlns=""http://schemas.microsoft.com/win/2004/08/events/event"">
    <System>
      <Provider Name=""Microsoft-Windows-Sysmon"" Guid=""{5770385f-c22a-43e0-bf4c-06f5698ffbd9}""/>
      <EventID>11</EventID>
      <Version>2</Version>
      <Level>4</Level>
      <Task>11</Task>
      <Opcode>0</Opcode>
      <Keywords>0x8000000000000000</Keywords>
      <TimeCreated SystemTime=""2023-12-28T00:32:08.0439675Z""/>
      <EventRecordID>9501</EventRecordID>
      <Correlation/>
      <Execution ProcessID=""7044"" ThreadID=""6672""/>
      <Channel>Microsoft-Windows-Sysmon/Operational</Channel>
      <Computer>WinDev2309Eval</Computer>
      <Security UserID=""S-1-5-18""/>
    </System>
    <EventData>
      <Data Name=""RuleName"">-</Data>
      <Data Name=""UtcTime"">2023-12-28 00:32:08.031</Data>
      <Data Name=""ProcessGuid"">{fda94052-c207-658c-8302-000000000b00}</Data>
      <Data Name=""ProcessId"">5464</Data>
      <Data Name=""Image"">C:\Windows\System32\WindowsPowerShell\v1.0\powershell.exe</Data>
      <Data Name=""TargetFilename"">C:\Users\User\AppData\Local\Temp\__PSScriptPolicyTest_2f3svsxr.qs0.ps1</Data>
      <Data Name=""CreationUtcTime"">2023-12-28 00:32:08.031</Data>
      <Data Name=""User"">WINDEV2309EVAL\User</Data>
    </EventData>
    <RenderingInfo Culture=""en-US"">
      <Message>File created:

RuleName: -

UtcTime: 2023-12-28 00:32:08.031

ProcessGuid: {fda94052-c207-658c-8302-000000000b00}

ProcessId: 5464

Image: C:\Windows\System32\WindowsPowerShell\v1.0\powershell.exe

TargetFilename: C:\Users\User\AppData\Local\Temp\__PSScriptPolicyTest_2f3svsxr.qs0.ps1

CreationUtcTime: 2023-12-28 00:32:08.031

User: WINDEV2309EVAL\User</Message>
      <Level>Information</Level>
      <Task>File created (rule: FileCreate)</Task>
      <Opcode>Info</Opcode>
    </RenderingInfo>
  </Event>
  
"
Microsoft-Windows-Sysmon/Operational,powershell  Get-CimInstance -Namespace root/securityCenter2 -classname antivirusproduct ,Microsoft Corporation,WinDev2309Eval,,C:\Users\User\AppData\Local\Temp\,Windows PowerShell,1,9500,10.0.22621.2215 (WinBuild.160101.0800),"MD5=824B9F337E68DD8C117595071AC11E23,SHA256=17083405E7DECB3DDEF837C2FA599293A4E8133736969DFD5CE92EF15608A587,IMPHASH=51B0FFFA02CA6C1B85189E2E6C139F36",C:\Windows\System32\WindowsPowerShell\v1.0\powershell.exe,Medium,0x8000000000000000,Information,{fda94052-3502-658d-b367-080000000000},0x867b3,"Process Create:

RuleName: -

UtcTime: 2023-12-28 00:32:07.925

ProcessGuid: {fda94052-c207-658c-8302-000000000b00}

ProcessId: 5464

Image: C:\Windows\System32\WindowsPowerShell\v1.0\powershell.exe

FileVersion: 10.0.22621.2215 (WinBuild.160101.0800)

Description: Windows PowerShell

Product: Microsoft® Windows® Operating System

Company: Microsoft Corporation

OriginalFileName: PowerShell.EXE

CommandLine: powershell  Get-CimInstance -Namespace root/securityCenter2 -classname antivirusproduct 

CurrentDirectory: C:\Users\User\AppData\Local\Temp\

User: WINDEV2309EVAL\User

LogonGuid: {fda94052-3502-658d-b367-080000000000}

LogonId: 0x867B3

TerminalSessionId: 1

IntegrityLevel: Medium

Hashes: MD5=824B9F337E68DD8C117595071AC11E23,SHA256=17083405E7DECB3DDEF837C2FA599293A4E8133736969DFD5CE92EF15608A587,IMPHASH=51B0FFFA02CA6C1B85189E2E6C139F36

ParentProcessGuid: {fda94052-c207-658c-8102-000000000b00}

ParentProcessId: 8244

ParentImage: C:\Windows\System32\cmd.exe

ParentCommandLine: ""cmd.exe"" /c powershell Get-CimInstance -Namespace root/securityCenter2 -classname antivirusproduct & powershell Get-WmiObject -Namespace root\securitycenter2 -Class antivirusproduct

ParentUser: WINDEV2309EVAL\User",Info,PowerShell.EXE,"""cmd.exe"" /c powershell Get-CimInstance -Namespace root/securityCenter2 -classname antivirusproduct & powershell Get-WmiObject -Namespace root\securitycenter2 -Class antivirusproduct",C:\Windows\System32\cmd.exe,{fda94052-c207-658c-8102-000000000b00},8244,WINDEV2309EVAL\User,{fda94052-c207-658c-8302-000000000b00},7044,5464,Microsoft® Windows® Operating System,,,,"
      ",-,2023-12-28T00:32:07.9266789Z,,Process Create (rule: ProcessCreate),1,6672,WINDEV2309EVAL\User,S-1-5-18,2023-12-28 00:32:07.925,5,"<Event xmlns=""http://schemas.microsoft.com/win/2004/08/events/event"">
    <System>
      <Provider Name=""Microsoft-Windows-Sysmon"" Guid=""{5770385f-c22a-43e0-bf4c-06f5698ffbd9}""/>
      <EventID>1</EventID>
      <Version>5</Version>
      <Level>4</Level>
      <Task>1</Task>
      <Opcode>0</Opcode>
      <Keywords>0x8000000000000000</Keywords>
      <TimeCreated SystemTime=""2023-12-28T00:32:07.9266789Z""/>
      <EventRecordID>9500</EventRecordID>
      <Correlation/>
      <Execution ProcessID=""7044"" ThreadID=""6672""/>
      <Channel>Microsoft-Windows-Sysmon/Operational</Channel>
      <Computer>WinDev2309Eval</Computer>
      <Security UserID=""S-1-5-18""/>
    </System>
    <EventData>
      <Data Name=""RuleName"">-</Data>
      <Data Name=""UtcTime"">2023-12-28 00:32:07.925</Data>
      <Data Name=""ProcessGuid"">{fda94052-c207-658c-8302-000000000b00}</Data>
      <Data Name=""ProcessId"">5464</Data>
      <Data Name=""Image"">C:\Windows\System32\WindowsPowerShell\v1.0\powershell.exe</Data>
      <Data Name=""FileVersion"">10.0.22621.2215 (WinBuild.160101.0800)</Data>
      <Data Name=""Description"">Windows PowerShell</Data>
      <Data Name=""Product"">Microsoft&#174; Windows&#174; Operating System</Data>
      <Data Name=""Company"">Microsoft Corporation</Data>
      <Data Name=""OriginalFileName"">PowerShell.EXE</Data>
      <Data Name=""CommandLine"">powershell  Get-CimInstance -Namespace root/securityCenter2 -classname antivirusproduct </Data>
      <Data Name=""CurrentDirectory"">C:\Users\User\AppData\Local\Temp\</Data>
      <Data Name=""User"">WINDEV2309EVAL\User</Data>
      <Data Name=""LogonGuid"">{fda94052-3502-658d-b367-080000000000}</Data>
      <Data Name=""LogonId"">0x867b3</Data>
      <Data Name=""TerminalSessionId"">1</Data>
      <Data Name=""IntegrityLevel"">Medium</Data>
      <Data Name=""Hashes"">MD5=824B9F337E68DD8C117595071AC11E23,SHA256=17083405E7DECB3DDEF837C2FA599293A4E8133736969DFD5CE92EF15608A587,IMPHASH=51B0FFFA02CA6C1B85189E2E6C139F36</Data>
      <Data Name=""ParentProcessGuid"">{fda94052-c207-658c-8102-000000000b00}</Data>
      <Data Name=""ParentProcessId"">8244</Data>
      <Data Name=""ParentImage"">C:\Windows\System32\cmd.exe</Data>
      <Data Name=""ParentCommandLine"">""cmd.exe"" /c powershell Get-CimInstance -Namespace root/securityCenter2 -classname antivirusproduct &amp; powershell Get-WmiObject -Namespace root\securitycenter2 -Class antivirusproduct</Data>
      <Data Name=""ParentUser"">WINDEV2309EVAL\User</Data>
    </EventData>
    <RenderingInfo Culture=""en-US"">
      <Message>Process Create:

RuleName: -

UtcTime: 2023-12-28 00:32:07.925

ProcessGuid: {fda94052-c207-658c-8302-000000000b00}

ProcessId: 5464

Image: C:\Windows\System32\WindowsPowerShell\v1.0\powershell.exe

FileVersion: 10.0.22621.2215 (WinBuild.160101.0800)

Description: Windows PowerShell

Product: Microsoft&#174; Windows&#174; Operating System

Company: Microsoft Corporation

OriginalFileName: PowerShell.EXE

CommandLine: powershell  Get-CimInstance -Namespace root/securityCenter2 -classname antivirusproduct 

CurrentDirectory: C:\Users\User\AppData\Local\Temp\

User: WINDEV2309EVAL\User

LogonGuid: {fda94052-3502-658d-b367-080000000000}

LogonId: 0x867B3

TerminalSessionId: 1

IntegrityLevel: Medium

Hashes: MD5=824B9F337E68DD8C117595071AC11E23,SHA256=17083405E7DECB3DDEF837C2FA599293A4E8133736969DFD5CE92EF15608A587,IMPHASH=51B0FFFA02CA6C1B85189E2E6C139F36

ParentProcessGuid: {fda94052-c207-658c-8102-000000000b00}

ParentProcessId: 8244

ParentImage: C:\Windows\System32\cmd.exe

ParentCommandLine: ""cmd.exe"" /c powershell Get-CimInstance -Namespace root/securityCenter2 -classname antivirusproduct &amp; powershell Get-WmiObject -Namespace root\securitycenter2 -Class antivirusproduct

ParentUser: WINDEV2309EVAL\User</Message>
      <Level>Information</Level>
      <Task>Process Create (rule: ProcessCreate)</Task>
      <Opcode>Info</Opcode>
    </RenderingInfo>
  </Event>
  
"
Microsoft-Windows-Sysmon/Operational,"""cmd.exe"" /c powershell Get-CimInstance -Namespace root/securityCenter2 -classname antivirusproduct & powershell Get-WmiObject -Namespace root\securitycenter2 -Class antivirusproduct",Microsoft Corporation,WinDev2309Eval,,C:\Users\User\AppData\Local\Temp\,Windows Command Processor,1,9499,10.0.22621.1635 (WinBuild.160101.0800),"MD5=5A6BE4D2519515241D0C133A26CF62C0,SHA256=423E0E810A69AACEBA0E5670E58AFF898CF0EBFFAB99CCB46EBB3464C3D2FACB,IMPHASH=D73E39DAB3C8B57AA408073D01254964",C:\Windows\System32\cmd.exe,Medium,0x8000000000000000,Information,{fda94052-3502-658d-b367-080000000000},0x867b3,"Process Create:

RuleName: -

UtcTime: 2023-12-28 00:32:07.900

ProcessGuid: {fda94052-c207-658c-8102-000000000b00}

ProcessId: 8244

Image: C:\Windows\System32\cmd.exe

FileVersion: 10.0.22621.1635 (WinBuild.160101.0800)

Description: Windows Command Processor

Product: Microsoft® Windows® Operating System

Company: Microsoft Corporation

OriginalFileName: Cmd.Exe

CommandLine: ""cmd.exe"" /c powershell Get-CimInstance -Namespace root/securityCenter2 -classname antivirusproduct & powershell Get-WmiObject -Namespace root\securitycenter2 -Class antivirusproduct

CurrentDirectory: C:\Users\User\AppData\Local\Temp\

User: WINDEV2309EVAL\User

LogonGuid: {fda94052-3502-658d-b367-080000000000}

LogonId: 0x867B3

TerminalSessionId: 1

IntegrityLevel: Medium

Hashes: MD5=5A6BE4D2519515241D0C133A26CF62C0,SHA256=423E0E810A69AACEBA0E5670E58AFF898CF0EBFFAB99CCB46EBB3464C3D2FACB,IMPHASH=D73E39DAB3C8B57AA408073D01254964

ParentProcessGuid: {fda94052-b87a-658c-2702-000000000b00}

ParentProcessId: 5076

ParentImage: C:\Windows\System32\WindowsPowerShell\v1.0\powershell.exe

ParentCommandLine: ""C:\Windows\System32\WindowsPowerShell\v1.0\powershell.exe"" -exec bypass

ParentUser: WINDEV2309EVAL\User",Info,Cmd.Exe,"""C:\Windows\System32\WindowsPowerShell\v1.0\powershell.exe"" -exec bypass",C:\Windows\System32\WindowsPowerShell\v1.0\powershell.exe,{fda94052-b87a-658c-2702-000000000b00},5076,WINDEV2309EVAL\User,{fda94052-c207-658c-8102-000000000b00},7044,8244,Microsoft® Windows® Operating System,,,,"
      ",-,2023-12-28T00:32:07.9019921Z,,Process Create (rule: ProcessCreate),1,6672,WINDEV2309EVAL\User,S-1-5-18,2023-12-28 00:32:07.900,5,"<Event xmlns=""http://schemas.microsoft.com/win/2004/08/events/event"">
    <System>
      <Provider Name=""Microsoft-Windows-Sysmon"" Guid=""{5770385f-c22a-43e0-bf4c-06f5698ffbd9}""/>
      <EventID>1</EventID>
      <Version>5</Version>
      <Level>4</Level>
      <Task>1</Task>
      <Opcode>0</Opcode>
      <Keywords>0x8000000000000000</Keywords>
      <TimeCreated SystemTime=""2023-12-28T00:32:07.9019921Z""/>
      <EventRecordID>9499</EventRecordID>
      <Correlation/>
      <Execution ProcessID=""7044"" ThreadID=""6672""/>
      <Channel>Microsoft-Windows-Sysmon/Operational</Channel>
      <Computer>WinDev2309Eval</Computer>
      <Security UserID=""S-1-5-18""/>
    </System>
    <EventData>
      <Data Name=""RuleName"">-</Data>
      <Data Name=""UtcTime"">2023-12-28 00:32:07.900</Data>
      <Data Name=""ProcessGuid"">{fda94052-c207-658c-8102-000000000b00}</Data>
      <Data Name=""ProcessId"">8244</Data>
      <Data Name=""Image"">C:\Windows\System32\cmd.exe</Data>
      <Data Name=""FileVersion"">10.0.22621.1635 (WinBuild.160101.0800)</Data>
      <Data Name=""Description"">Windows Command Processor</Data>
      <Data Name=""Product"">Microsoft&#174; Windows&#174; Operating System</Data>
      <Data Name=""Company"">Microsoft Corporation</Data>
      <Data Name=""OriginalFileName"">Cmd.Exe</Data>
      <Data Name=""CommandLine"">""cmd.exe"" /c powershell Get-CimInstance -Namespace root/securityCenter2 -classname antivirusproduct &amp; powershell Get-WmiObject -Namespace root\securitycenter2 -Class antivirusproduct</Data>
      <Data Name=""CurrentDirectory"">C:\Users\User\AppData\Local\Temp\</Data>
      <Data Name=""User"">WINDEV2309EVAL\User</Data>
      <Data Name=""LogonGuid"">{fda94052-3502-658d-b367-080000000000}</Data>
      <Data Name=""LogonId"">0x867b3</Data>
      <Data Name=""TerminalSessionId"">1</Data>
      <Data Name=""IntegrityLevel"">Medium</Data>
      <Data Name=""Hashes"">MD5=5A6BE4D2519515241D0C133A26CF62C0,SHA256=423E0E810A69AACEBA0E5670E58AFF898CF0EBFFAB99CCB46EBB3464C3D2FACB,IMPHASH=D73E39DAB3C8B57AA408073D01254964</Data>
      <Data Name=""ParentProcessGuid"">{fda94052-b87a-658c-2702-000000000b00}</Data>
      <Data Name=""ParentProcessId"">5076</Data>
      <Data Name=""ParentImage"">C:\Windows\System32\WindowsPowerShell\v1.0\powershell.exe</Data>
      <Data Name=""ParentCommandLine"">""C:\Windows\System32\WindowsPowerShell\v1.0\powershell.exe"" -exec bypass</Data>
      <Data Name=""ParentUser"">WINDEV2309EVAL\User</Data>
    </EventData>
    <RenderingInfo Culture=""en-US"">
      <Message>Process Create:

RuleName: -

UtcTime: 2023-12-28 00:32:07.900

ProcessGuid: {fda94052-c207-658c-8102-000000000b00}

ProcessId: 8244

Image: C:\Windows\System32\cmd.exe

FileVersion: 10.0.22621.1635 (WinBuild.160101.0800)

Description: Windows Command Processor

Product: Microsoft&#174; Windows&#174; Operating System

Company: Microsoft Corporation

OriginalFileName: Cmd.Exe

CommandLine: ""cmd.exe"" /c powershell Get-CimInstance -Namespace root/securityCenter2 -classname antivirusproduct &amp; powershell Get-WmiObject -Namespace root\securitycenter2 -Class antivirusproduct

CurrentDirectory: C:\Users\User\AppData\Local\Temp\

User: WINDEV2309EVAL\User

LogonGuid: {fda94052-3502-658d-b367-080000000000}

LogonId: 0x867B3

TerminalSessionId: 1

IntegrityLevel: Medium

Hashes: MD5=5A6BE4D2519515241D0C133A26CF62C0,SHA256=423E0E810A69AACEBA0E5670E58AFF898CF0EBFFAB99CCB46EBB3464C3D2FACB,IMPHASH=D73E39DAB3C8B57AA408073D01254964

ParentProcessGuid: {fda94052-b87a-658c-2702-000000000b00}

ParentProcessId: 5076

ParentImage: C:\Windows\System32\WindowsPowerShell\v1.0\powershell.exe

ParentCommandLine: ""C:\Windows\System32\WindowsPowerShell\v1.0\powershell.exe"" -exec bypass

ParentUser: WINDEV2309EVAL\User</Message>
      <Level>Information</Level>
      <Task>Process Create (rule: ProcessCreate)</Task>
      <Opcode>Info</Opcode>
    </RenderingInfo>
  </Event>
  
"
Microsoft-Windows-Sysmon/Operational,wmic.exe  /Namespace:\\root\SecurityCenter2 Path AntiVirusProduct Get displayName /Format:List,Microsoft Corporation,WinDev2309Eval,,C:\Users\User\AppData\Local\Temp\,WMI Commandline Utility,1,9498,10.0.22621.2215 (WinBuild.160101.0800),"MD5=E4CF847182D343390B2CFEF403FDC4B4,SHA256=AD00BAC8EF95A836700EB8FCAC345AD8DA6601A45FA83416041896233269700F,IMPHASH=43C6BE584D77B658A53A9A5C606724DD",C:\Windows\System32\wbem\WMIC.exe,Medium,0x8000000000000000,Information,{fda94052-3502-658d-b367-080000000000},0x867b3,"Process Create:

RuleName: -

UtcTime: 2023-12-28 00:32:07.612

ProcessGuid: {fda94052-c207-658c-8002-000000000b00}

ProcessId: 5308

Image: C:\Windows\System32\wbem\WMIC.exe

FileVersion: 10.0.22621.2215 (WinBuild.160101.0800)

Description: WMI Commandline Utility

Product: Microsoft® Windows® Operating System

Company: Microsoft Corporation

OriginalFileName: wmic.exe

CommandLine: wmic.exe  /Namespace:\\root\SecurityCenter2 Path AntiVirusProduct Get displayName /Format:List

CurrentDirectory: C:\Users\User\AppData\Local\Temp\

User: WINDEV2309EVAL\User

LogonGuid: {fda94052-3502-658d-b367-080000000000}

LogonId: 0x867B3

TerminalSessionId: 1

IntegrityLevel: Medium

Hashes: MD5=E4CF847182D343390B2CFEF403FDC4B4,SHA256=AD00BAC8EF95A836700EB8FCAC345AD8DA6601A45FA83416041896233269700F,IMPHASH=43C6BE584D77B658A53A9A5C606724DD

ParentProcessGuid: {fda94052-c207-658c-7e02-000000000b00}

ParentProcessId: 8968

ParentImage: C:\Windows\System32\cmd.exe

ParentCommandLine: ""cmd.exe"" /c wmic.exe /Namespace:\\root\SecurityCenter2 Path AntiVirusProduct Get displayName /Format:List

ParentUser: WINDEV2309EVAL\User",Info,wmic.exe,"""cmd.exe"" /c wmic.exe /Namespace:\\root\SecurityCenter2 Path AntiVirusProduct Get displayName /Format:List",C:\Windows\System32\cmd.exe,{fda94052-c207-658c-7e02-000000000b00},8968,WINDEV2309EVAL\User,{fda94052-c207-658c-8002-000000000b00},7044,5308,Microsoft® Windows® Operating System,,,,"
      ",-,2023-12-28T00:32:07.6169390Z,,Process Create (rule: ProcessCreate),1,6672,WINDEV2309EVAL\User,S-1-5-18,2023-12-28 00:32:07.612,5,"<Event xmlns=""http://schemas.microsoft.com/win/2004/08/events/event"">
    <System>
      <Provider Name=""Microsoft-Windows-Sysmon"" Guid=""{5770385f-c22a-43e0-bf4c-06f5698ffbd9}""/>
      <EventID>1</EventID>
      <Version>5</Version>
      <Level>4</Level>
      <Task>1</Task>
      <Opcode>0</Opcode>
      <Keywords>0x8000000000000000</Keywords>
      <TimeCreated SystemTime=""2023-12-28T00:32:07.6169390Z""/>
      <EventRecordID>9498</EventRecordID>
      <Correlation/>
      <Execution ProcessID=""7044"" ThreadID=""6672""/>
      <Channel>Microsoft-Windows-Sysmon/Operational</Channel>
      <Computer>WinDev2309Eval</Computer>
      <Security UserID=""S-1-5-18""/>
    </System>
    <EventData>
      <Data Name=""RuleName"">-</Data>
      <Data Name=""UtcTime"">2023-12-28 00:32:07.612</Data>
      <Data Name=""ProcessGuid"">{fda94052-c207-658c-8002-000000000b00}</Data>
      <Data Name=""ProcessId"">5308</Data>
      <Data Name=""Image"">C:\Windows\System32\wbem\WMIC.exe</Data>
      <Data Name=""FileVersion"">10.0.22621.2215 (WinBuild.160101.0800)</Data>
      <Data Name=""Description"">WMI Commandline Utility</Data>
      <Data Name=""Product"">Microsoft&#174; Windows&#174; Operating System</Data>
      <Data Name=""Company"">Microsoft Corporation</Data>
      <Data Name=""OriginalFileName"">wmic.exe</Data>
      <Data Name=""CommandLine"">wmic.exe  /Namespace:\\root\SecurityCenter2 Path AntiVirusProduct Get displayName /Format:List</Data>
      <Data Name=""CurrentDirectory"">C:\Users\User\AppData\Local\Temp\</Data>
      <Data Name=""User"">WINDEV2309EVAL\User</Data>
      <Data Name=""LogonGuid"">{fda94052-3502-658d-b367-080000000000}</Data>
      <Data Name=""LogonId"">0x867b3</Data>
      <Data Name=""TerminalSessionId"">1</Data>
      <Data Name=""IntegrityLevel"">Medium</Data>
      <Data Name=""Hashes"">MD5=E4CF847182D343390B2CFEF403FDC4B4,SHA256=AD00BAC8EF95A836700EB8FCAC345AD8DA6601A45FA83416041896233269700F,IMPHASH=43C6BE584D77B658A53A9A5C606724DD</Data>
      <Data Name=""ParentProcessGuid"">{fda94052-c207-658c-7e02-000000000b00}</Data>
      <Data Name=""ParentProcessId"">8968</Data>
      <Data Name=""ParentImage"">C:\Windows\System32\cmd.exe</Data>
      <Data Name=""ParentCommandLine"">""cmd.exe"" /c wmic.exe /Namespace:\\root\SecurityCenter2 Path AntiVirusProduct Get displayName /Format:List</Data>
      <Data Name=""ParentUser"">WINDEV2309EVAL\User</Data>
    </EventData>
    <RenderingInfo Culture=""en-US"">
      <Message>Process Create:

RuleName: -

UtcTime: 2023-12-28 00:32:07.612

ProcessGuid: {fda94052-c207-658c-8002-000000000b00}

ProcessId: 5308

Image: C:\Windows\System32\wbem\WMIC.exe

FileVersion: 10.0.22621.2215 (WinBuild.160101.0800)

Description: WMI Commandline Utility

Product: Microsoft&#174; Windows&#174; Operating System

Company: Microsoft Corporation

OriginalFileName: wmic.exe

CommandLine: wmic.exe  /Namespace:\\root\SecurityCenter2 Path AntiVirusProduct Get displayName /Format:List

CurrentDirectory: C:\Users\User\AppData\Local\Temp\

User: WINDEV2309EVAL\User

LogonGuid: {fda94052-3502-658d-b367-080000000000}

LogonId: 0x867B3

TerminalSessionId: 1

IntegrityLevel: Medium

Hashes: MD5=E4CF847182D343390B2CFEF403FDC4B4,SHA256=AD00BAC8EF95A836700EB8FCAC345AD8DA6601A45FA83416041896233269700F,IMPHASH=43C6BE584D77B658A53A9A5C606724DD

ParentProcessGuid: {fda94052-c207-658c-7e02-000000000b00}

ParentProcessId: 8968

ParentImage: C:\Windows\System32\cmd.exe

ParentCommandLine: ""cmd.exe"" /c wmic.exe /Namespace:\\root\SecurityCenter2 Path AntiVirusProduct Get displayName /Format:List

ParentUser: WINDEV2309EVAL\User</Message>
      <Level>Information</Level>
      <Task>Process Create (rule: ProcessCreate)</Task>
      <Opcode>Info</Opcode>
    </RenderingInfo>
  </Event>
  
"
Microsoft-Windows-Sysmon/Operational,"""cmd.exe"" /c wmic.exe /Namespace:\\root\SecurityCenter2 Path AntiVirusProduct Get displayName /Format:List",Microsoft Corporation,WinDev2309Eval,,C:\Users\User\AppData\Local\Temp\,Windows Command Processor,1,9497,10.0.22621.1635 (WinBuild.160101.0800),"MD5=5A6BE4D2519515241D0C133A26CF62C0,SHA256=423E0E810A69AACEBA0E5670E58AFF898CF0EBFFAB99CCB46EBB3464C3D2FACB,IMPHASH=D73E39DAB3C8B57AA408073D01254964",C:\Windows\System32\cmd.exe,Medium,0x8000000000000000,Information,{fda94052-3502-658d-b367-080000000000},0x867b3,"Process Create:

RuleName: -

UtcTime: 2023-12-28 00:32:07.575

ProcessGuid: {fda94052-c207-658c-7e02-000000000b00}

ProcessId: 8968

Image: C:\Windows\System32\cmd.exe

FileVersion: 10.0.22621.1635 (WinBuild.160101.0800)

Description: Windows Command Processor

Product: Microsoft® Windows® Operating System

Company: Microsoft Corporation

OriginalFileName: Cmd.Exe

CommandLine: ""cmd.exe"" /c wmic.exe /Namespace:\\root\SecurityCenter2 Path AntiVirusProduct Get displayName /Format:List

CurrentDirectory: C:\Users\User\AppData\Local\Temp\

User: WINDEV2309EVAL\User

LogonGuid: {fda94052-3502-658d-b367-080000000000}

LogonId: 0x867B3

TerminalSessionId: 1

IntegrityLevel: Medium

Hashes: MD5=5A6BE4D2519515241D0C133A26CF62C0,SHA256=423E0E810A69AACEBA0E5670E58AFF898CF0EBFFAB99CCB46EBB3464C3D2FACB,IMPHASH=D73E39DAB3C8B57AA408073D01254964

ParentProcessGuid: {fda94052-b87a-658c-2702-000000000b00}

ParentProcessId: 5076

ParentImage: C:\Windows\System32\WindowsPowerShell\v1.0\powershell.exe

ParentCommandLine: ""C:\Windows\System32\WindowsPowerShell\v1.0\powershell.exe"" -exec bypass

ParentUser: WINDEV2309EVAL\User",Info,Cmd.Exe,"""C:\Windows\System32\WindowsPowerShell\v1.0\powershell.exe"" -exec bypass",C:\Windows\System32\WindowsPowerShell\v1.0\powershell.exe,{fda94052-b87a-658c-2702-000000000b00},5076,WINDEV2309EVAL\User,{fda94052-c207-658c-7e02-000000000b00},7044,8968,Microsoft® Windows® Operating System,,,,"
      ",-,2023-12-28T00:32:07.5769672Z,,Process Create (rule: ProcessCreate),1,6672,WINDEV2309EVAL\User,S-1-5-18,2023-12-28 00:32:07.575,5,"<Event xmlns=""http://schemas.microsoft.com/win/2004/08/events/event"">
    <System>
      <Provider Name=""Microsoft-Windows-Sysmon"" Guid=""{5770385f-c22a-43e0-bf4c-06f5698ffbd9}""/>
      <EventID>1</EventID>
      <Version>5</Version>
      <Level>4</Level>
      <Task>1</Task>
      <Opcode>0</Opcode>
      <Keywords>0x8000000000000000</Keywords>
      <TimeCreated SystemTime=""2023-12-28T00:32:07.5769672Z""/>
      <EventRecordID>9497</EventRecordID>
      <Correlation/>
      <Execution ProcessID=""7044"" ThreadID=""6672""/>
      <Channel>Microsoft-Windows-Sysmon/Operational</Channel>
      <Computer>WinDev2309Eval</Computer>
      <Security UserID=""S-1-5-18""/>
    </System>
    <EventData>
      <Data Name=""RuleName"">-</Data>
      <Data Name=""UtcTime"">2023-12-28 00:32:07.575</Data>
      <Data Name=""ProcessGuid"">{fda94052-c207-658c-7e02-000000000b00}</Data>
      <Data Name=""ProcessId"">8968</Data>
      <Data Name=""Image"">C:\Windows\System32\cmd.exe</Data>
      <Data Name=""FileVersion"">10.0.22621.1635 (WinBuild.160101.0800)</Data>
      <Data Name=""Description"">Windows Command Processor</Data>
      <Data Name=""Product"">Microsoft&#174; Windows&#174; Operating System</Data>
      <Data Name=""Company"">Microsoft Corporation</Data>
      <Data Name=""OriginalFileName"">Cmd.Exe</Data>
      <Data Name=""CommandLine"">""cmd.exe"" /c wmic.exe /Namespace:\\root\SecurityCenter2 Path AntiVirusProduct Get displayName /Format:List</Data>
      <Data Name=""CurrentDirectory"">C:\Users\User\AppData\Local\Temp\</Data>
      <Data Name=""User"">WINDEV2309EVAL\User</Data>
      <Data Name=""LogonGuid"">{fda94052-3502-658d-b367-080000000000}</Data>
      <Data Name=""LogonId"">0x867b3</Data>
      <Data Name=""TerminalSessionId"">1</Data>
      <Data Name=""IntegrityLevel"">Medium</Data>
      <Data Name=""Hashes"">MD5=5A6BE4D2519515241D0C133A26CF62C0,SHA256=423E0E810A69AACEBA0E5670E58AFF898CF0EBFFAB99CCB46EBB3464C3D2FACB,IMPHASH=D73E39DAB3C8B57AA408073D01254964</Data>
      <Data Name=""ParentProcessGuid"">{fda94052-b87a-658c-2702-000000000b00}</Data>
      <Data Name=""ParentProcessId"">5076</Data>
      <Data Name=""ParentImage"">C:\Windows\System32\WindowsPowerShell\v1.0\powershell.exe</Data>
      <Data Name=""ParentCommandLine"">""C:\Windows\System32\WindowsPowerShell\v1.0\powershell.exe"" -exec bypass</Data>
      <Data Name=""ParentUser"">WINDEV2309EVAL\User</Data>
    </EventData>
    <RenderingInfo Culture=""en-US"">
      <Message>Process Create:

RuleName: -

UtcTime: 2023-12-28 00:32:07.575

ProcessGuid: {fda94052-c207-658c-7e02-000000000b00}

ProcessId: 8968

Image: C:\Windows\System32\cmd.exe

FileVersion: 10.0.22621.1635 (WinBuild.160101.0800)

Description: Windows Command Processor

Product: Microsoft&#174; Windows&#174; Operating System

Company: Microsoft Corporation

OriginalFileName: Cmd.Exe

CommandLine: ""cmd.exe"" /c wmic.exe /Namespace:\\root\SecurityCenter2 Path AntiVirusProduct Get displayName /Format:List

CurrentDirectory: C:\Users\User\AppData\Local\Temp\

User: WINDEV2309EVAL\User

LogonGuid: {fda94052-3502-658d-b367-080000000000}

LogonId: 0x867B3

TerminalSessionId: 1

IntegrityLevel: Medium

Hashes: MD5=5A6BE4D2519515241D0C133A26CF62C0,SHA256=423E0E810A69AACEBA0E5670E58AFF898CF0EBFFAB99CCB46EBB3464C3D2FACB,IMPHASH=D73E39DAB3C8B57AA408073D01254964

ParentProcessGuid: {fda94052-b87a-658c-2702-000000000b00}

ParentProcessId: 5076

ParentImage: C:\Windows\System32\WindowsPowerShell\v1.0\powershell.exe

ParentCommandLine: ""C:\Windows\System32\WindowsPowerShell\v1.0\powershell.exe"" -exec bypass

ParentUser: WINDEV2309EVAL\User</Message>
      <Level>Information</Level>
      <Task>Process Create (rule: ProcessCreate)</Task>
      <Opcode>Info</Opcode>
    </RenderingInfo>
  </Event>
  
"
Microsoft-Windows-Sysmon/Operational,findstr.exe  385201,Microsoft Corporation,WinDev2309Eval,,C:\Users\User\AppData\Local\Temp\,Find String (QGREP) Utility,1,9496,10.0.22621.1 (WinBuild.160101.0800),"MD5=6DB3BB45E7555B0912B668395B2AEF41,SHA256=C9541AF1D88CD6D38F1E6EBA2FD7EACCE3C1181166E50B523ED7CEDB92FEA045,IMPHASH=FAF6C2ABBD03B51B5852A294EAAFC7CE",C:\Windows\System32\findstr.exe,Medium,0x8000000000000000,Information,{fda94052-3502-658d-b367-080000000000},0x867b3,"Process Create:

RuleName: -

UtcTime: 2023-12-28 00:32:07.389

ProcessGuid: {fda94052-c207-658c-7d02-000000000b00}

ProcessId: 2172

Image: C:\Windows\System32\findstr.exe

FileVersion: 10.0.22621.1 (WinBuild.160101.0800)

Description: Find String (QGREP) Utility

Product: Microsoft® Windows® Operating System

Company: Microsoft Corporation

OriginalFileName: FINDSTR.EXE

CommandLine: findstr.exe  385201

CurrentDirectory: C:\Users\User\AppData\Local\Temp\

User: WINDEV2309EVAL\User

LogonGuid: {fda94052-3502-658d-b367-080000000000}

LogonId: 0x867B3

TerminalSessionId: 1

IntegrityLevel: Medium

Hashes: MD5=6DB3BB45E7555B0912B668395B2AEF41,SHA256=C9541AF1D88CD6D38F1E6EBA2FD7EACCE3C1181166E50B523ED7CEDB92FEA045,IMPHASH=FAF6C2ABBD03B51B5852A294EAAFC7CE

ParentProcessGuid: {fda94052-c207-658c-7a02-000000000b00}

ParentProcessId: 10888

ParentImage: C:\Windows\System32\cmd.exe

ParentCommandLine: ""cmd.exe"" /c fltmc.exe | findstr.exe 385201

ParentUser: WINDEV2309EVAL\User",Info,FINDSTR.EXE,"""cmd.exe"" /c fltmc.exe | findstr.exe 385201",C:\Windows\System32\cmd.exe,{fda94052-c207-658c-7a02-000000000b00},10888,WINDEV2309EVAL\User,{fda94052-c207-658c-7d02-000000000b00},7044,2172,Microsoft® Windows® Operating System,,,,"
      ",-,2023-12-28T00:32:07.3912517Z,,Process Create (rule: ProcessCreate),1,6672,WINDEV2309EVAL\User,S-1-5-18,2023-12-28 00:32:07.389,5,"<Event xmlns=""http://schemas.microsoft.com/win/2004/08/events/event"">
    <System>
      <Provider Name=""Microsoft-Windows-Sysmon"" Guid=""{5770385f-c22a-43e0-bf4c-06f5698ffbd9}""/>
      <EventID>1</EventID>
      <Version>5</Version>
      <Level>4</Level>
      <Task>1</Task>
      <Opcode>0</Opcode>
      <Keywords>0x8000000000000000</Keywords>
      <TimeCreated SystemTime=""2023-12-28T00:32:07.3912517Z""/>
      <EventRecordID>9496</EventRecordID>
      <Correlation/>
      <Execution ProcessID=""7044"" ThreadID=""6672""/>
      <Channel>Microsoft-Windows-Sysmon/Operational</Channel>
      <Computer>WinDev2309Eval</Computer>
      <Security UserID=""S-1-5-18""/>
    </System>
    <EventData>
      <Data Name=""RuleName"">-</Data>
      <Data Name=""UtcTime"">2023-12-28 00:32:07.389</Data>
      <Data Name=""ProcessGuid"">{fda94052-c207-658c-7d02-000000000b00}</Data>
      <Data Name=""ProcessId"">2172</Data>
      <Data Name=""Image"">C:\Windows\System32\findstr.exe</Data>
      <Data Name=""FileVersion"">10.0.22621.1 (WinBuild.160101.0800)</Data>
      <Data Name=""Description"">Find String (QGREP) Utility</Data>
      <Data Name=""Product"">Microsoft&#174; Windows&#174; Operating System</Data>
      <Data Name=""Company"">Microsoft Corporation</Data>
      <Data Name=""OriginalFileName"">FINDSTR.EXE</Data>
      <Data Name=""CommandLine"">findstr.exe  385201</Data>
      <Data Name=""CurrentDirectory"">C:\Users\User\AppData\Local\Temp\</Data>
      <Data Name=""User"">WINDEV2309EVAL\User</Data>
      <Data Name=""LogonGuid"">{fda94052-3502-658d-b367-080000000000}</Data>
      <Data Name=""LogonId"">0x867b3</Data>
      <Data Name=""TerminalSessionId"">1</Data>
      <Data Name=""IntegrityLevel"">Medium</Data>
      <Data Name=""Hashes"">MD5=6DB3BB45E7555B0912B668395B2AEF41,SHA256=C9541AF1D88CD6D38F1E6EBA2FD7EACCE3C1181166E50B523ED7CEDB92FEA045,IMPHASH=FAF6C2ABBD03B51B5852A294EAAFC7CE</Data>
      <Data Name=""ParentProcessGuid"">{fda94052-c207-658c-7a02-000000000b00}</Data>
      <Data Name=""ParentProcessId"">10888</Data>
      <Data Name=""ParentImage"">C:\Windows\System32\cmd.exe</Data>
      <Data Name=""ParentCommandLine"">""cmd.exe"" /c fltmc.exe | findstr.exe 385201</Data>
      <Data Name=""ParentUser"">WINDEV2309EVAL\User</Data>
    </EventData>
    <RenderingInfo Culture=""en-US"">
      <Message>Process Create:

RuleName: -

UtcTime: 2023-12-28 00:32:07.389

ProcessGuid: {fda94052-c207-658c-7d02-000000000b00}

ProcessId: 2172

Image: C:\Windows\System32\findstr.exe

FileVersion: 10.0.22621.1 (WinBuild.160101.0800)

Description: Find String (QGREP) Utility

Product: Microsoft&#174; Windows&#174; Operating System

Company: Microsoft Corporation

OriginalFileName: FINDSTR.EXE

CommandLine: findstr.exe  385201

CurrentDirectory: C:\Users\User\AppData\Local\Temp\

User: WINDEV2309EVAL\User

LogonGuid: {fda94052-3502-658d-b367-080000000000}

LogonId: 0x867B3

TerminalSessionId: 1

IntegrityLevel: Medium

Hashes: MD5=6DB3BB45E7555B0912B668395B2AEF41,SHA256=C9541AF1D88CD6D38F1E6EBA2FD7EACCE3C1181166E50B523ED7CEDB92FEA045,IMPHASH=FAF6C2ABBD03B51B5852A294EAAFC7CE

ParentProcessGuid: {fda94052-c207-658c-7a02-000000000b00}

ParentProcessId: 10888

ParentImage: C:\Windows\System32\cmd.exe

ParentCommandLine: ""cmd.exe"" /c fltmc.exe | findstr.exe 385201

ParentUser: WINDEV2309EVAL\User</Message>
      <Level>Information</Level>
      <Task>Process Create (rule: ProcessCreate)</Task>
      <Opcode>Info</Opcode>
    </RenderingInfo>
  </Event>
  
"
Microsoft-Windows-Sysmon/Operational,fltmc.exe  ,Microsoft Corporation,WinDev2309Eval,,C:\Users\User\AppData\Local\Temp\,Filter Manager Control Program,1,9495,10.0.22621.1 (WinBuild.160101.0800),"MD5=7F5BB7A6C52C83744227622A671D5E12,SHA256=729BEF61EC88D4C195D3BA78EB138B3D6E00DD43BA3E4B000FF655A95A4AD6D1,IMPHASH=3BB9381340F6C7B1E51AD45AB82E32D2",C:\Windows\System32\fltMC.exe,Medium,0x8000000000000000,Information,{fda94052-3502-658d-b367-080000000000},0x867b3,"Process Create:

RuleName: -

UtcTime: 2023-12-28 00:32:07.386

ProcessGuid: {fda94052-c207-658c-7c02-000000000b00}

ProcessId: 5564

Image: C:\Windows\System32\fltMC.exe

FileVersion: 10.0.22621.1 (WinBuild.160101.0800)

Description: Filter Manager Control Program

Product: Microsoft® Windows® Operating System

Company: Microsoft Corporation

OriginalFileName: fltMC.exe

CommandLine: fltmc.exe  

CurrentDirectory: C:\Users\User\AppData\Local\Temp\

User: WINDEV2309EVAL\User

LogonGuid: {fda94052-3502-658d-b367-080000000000}

LogonId: 0x867B3

TerminalSessionId: 1

IntegrityLevel: Medium

Hashes: MD5=7F5BB7A6C52C83744227622A671D5E12,SHA256=729BEF61EC88D4C195D3BA78EB138B3D6E00DD43BA3E4B000FF655A95A4AD6D1,IMPHASH=3BB9381340F6C7B1E51AD45AB82E32D2

ParentProcessGuid: {fda94052-c207-658c-7a02-000000000b00}

ParentProcessId: 10888

ParentImage: C:\Windows\System32\cmd.exe

ParentCommandLine: ""cmd.exe"" /c fltmc.exe | findstr.exe 385201

ParentUser: WINDEV2309EVAL\User",Info,fltMC.exe,"""cmd.exe"" /c fltmc.exe | findstr.exe 385201",C:\Windows\System32\cmd.exe,{fda94052-c207-658c-7a02-000000000b00},10888,WINDEV2309EVAL\User,{fda94052-c207-658c-7c02-000000000b00},7044,5564,Microsoft® Windows® Operating System,,,,"
      ",-,2023-12-28T00:32:07.3879497Z,,Process Create (rule: ProcessCreate),1,6672,WINDEV2309EVAL\User,S-1-5-18,2023-12-28 00:32:07.386,5,"<Event xmlns=""http://schemas.microsoft.com/win/2004/08/events/event"">
    <System>
      <Provider Name=""Microsoft-Windows-Sysmon"" Guid=""{5770385f-c22a-43e0-bf4c-06f5698ffbd9}""/>
      <EventID>1</EventID>
      <Version>5</Version>
      <Level>4</Level>
      <Task>1</Task>
      <Opcode>0</Opcode>
      <Keywords>0x8000000000000000</Keywords>
      <TimeCreated SystemTime=""2023-12-28T00:32:07.3879497Z""/>
      <EventRecordID>9495</EventRecordID>
      <Correlation/>
      <Execution ProcessID=""7044"" ThreadID=""6672""/>
      <Channel>Microsoft-Windows-Sysmon/Operational</Channel>
      <Computer>WinDev2309Eval</Computer>
      <Security UserID=""S-1-5-18""/>
    </System>
    <EventData>
      <Data Name=""RuleName"">-</Data>
      <Data Name=""UtcTime"">2023-12-28 00:32:07.386</Data>
      <Data Name=""ProcessGuid"">{fda94052-c207-658c-7c02-000000000b00}</Data>
      <Data Name=""ProcessId"">5564</Data>
      <Data Name=""Image"">C:\Windows\System32\fltMC.exe</Data>
      <Data Name=""FileVersion"">10.0.22621.1 (WinBuild.160101.0800)</Data>
      <Data Name=""Description"">Filter Manager Control Program</Data>
      <Data Name=""Product"">Microsoft&#174; Windows&#174; Operating System</Data>
      <Data Name=""Company"">Microsoft Corporation</Data>
      <Data Name=""OriginalFileName"">fltMC.exe</Data>
      <Data Name=""CommandLine"">fltmc.exe  </Data>
      <Data Name=""CurrentDirectory"">C:\Users\User\AppData\Local\Temp\</Data>
      <Data Name=""User"">WINDEV2309EVAL\User</Data>
      <Data Name=""LogonGuid"">{fda94052-3502-658d-b367-080000000000}</Data>
      <Data Name=""LogonId"">0x867b3</Data>
      <Data Name=""TerminalSessionId"">1</Data>
      <Data Name=""IntegrityLevel"">Medium</Data>
      <Data Name=""Hashes"">MD5=7F5BB7A6C52C83744227622A671D5E12,SHA256=729BEF61EC88D4C195D3BA78EB138B3D6E00DD43BA3E4B000FF655A95A4AD6D1,IMPHASH=3BB9381340F6C7B1E51AD45AB82E32D2</Data>
      <Data Name=""ParentProcessGuid"">{fda94052-c207-658c-7a02-000000000b00}</Data>
      <Data Name=""ParentProcessId"">10888</Data>
      <Data Name=""ParentImage"">C:\Windows\System32\cmd.exe</Data>
      <Data Name=""ParentCommandLine"">""cmd.exe"" /c fltmc.exe | findstr.exe 385201</Data>
      <Data Name=""ParentUser"">WINDEV2309EVAL\User</Data>
    </EventData>
    <RenderingInfo Culture=""en-US"">
      <Message>Process Create:

RuleName: -

UtcTime: 2023-12-28 00:32:07.386

ProcessGuid: {fda94052-c207-658c-7c02-000000000b00}

ProcessId: 5564

Image: C:\Windows\System32\fltMC.exe

FileVersion: 10.0.22621.1 (WinBuild.160101.0800)

Description: Filter Manager Control Program

Product: Microsoft&#174; Windows&#174; Operating System

Company: Microsoft Corporation

OriginalFileName: fltMC.exe

CommandLine: fltmc.exe  

CurrentDirectory: C:\Users\User\AppData\Local\Temp\

User: WINDEV2309EVAL\User

LogonGuid: {fda94052-3502-658d-b367-080000000000}

LogonId: 0x867B3

TerminalSessionId: 1

IntegrityLevel: Medium

Hashes: MD5=7F5BB7A6C52C83744227622A671D5E12,SHA256=729BEF61EC88D4C195D3BA78EB138B3D6E00DD43BA3E4B000FF655A95A4AD6D1,IMPHASH=3BB9381340F6C7B1E51AD45AB82E32D2

ParentProcessGuid: {fda94052-c207-658c-7a02-000000000b00}

ParentProcessId: 10888

ParentImage: C:\Windows\System32\cmd.exe

ParentCommandLine: ""cmd.exe"" /c fltmc.exe | findstr.exe 385201

ParentUser: WINDEV2309EVAL\User</Message>
      <Level>Information</Level>
      <Task>Process Create (rule: ProcessCreate)</Task>
      <Opcode>Info</Opcode>
    </RenderingInfo>
  </Event>
  
"
Microsoft-Windows-Sysmon/Operational,"""cmd.exe"" /c fltmc.exe | findstr.exe 385201",Microsoft Corporation,WinDev2309Eval,,C:\Users\User\AppData\Local\Temp\,Windows Command Processor,1,9494,10.0.22621.1635 (WinBuild.160101.0800),"MD5=5A6BE4D2519515241D0C133A26CF62C0,SHA256=423E0E810A69AACEBA0E5670E58AFF898CF0EBFFAB99CCB46EBB3464C3D2FACB,IMPHASH=D73E39DAB3C8B57AA408073D01254964",C:\Windows\System32\cmd.exe,Medium,0x8000000000000000,Information,{fda94052-3502-658d-b367-080000000000},0x867b3,"Process Create:

RuleName: -

UtcTime: 2023-12-28 00:32:07.359

ProcessGuid: {fda94052-c207-658c-7a02-000000000b00}

ProcessId: 10888

Image: C:\Windows\System32\cmd.exe

FileVersion: 10.0.22621.1635 (WinBuild.160101.0800)

Description: Windows Command Processor

Product: Microsoft® Windows® Operating System

Company: Microsoft Corporation

OriginalFileName: Cmd.Exe

CommandLine: ""cmd.exe"" /c fltmc.exe | findstr.exe 385201

CurrentDirectory: C:\Users\User\AppData\Local\Temp\

User: WINDEV2309EVAL\User

LogonGuid: {fda94052-3502-658d-b367-080000000000}

LogonId: 0x867B3

TerminalSessionId: 1

IntegrityLevel: Medium

Hashes: MD5=5A6BE4D2519515241D0C133A26CF62C0,SHA256=423E0E810A69AACEBA0E5670E58AFF898CF0EBFFAB99CCB46EBB3464C3D2FACB,IMPHASH=D73E39DAB3C8B57AA408073D01254964

ParentProcessGuid: {fda94052-b87a-658c-2702-000000000b00}

ParentProcessId: 5076

ParentImage: C:\Windows\System32\WindowsPowerShell\v1.0\powershell.exe

ParentCommandLine: ""C:\Windows\System32\WindowsPowerShell\v1.0\powershell.exe"" -exec bypass

ParentUser: WINDEV2309EVAL\User",Info,Cmd.Exe,"""C:\Windows\System32\WindowsPowerShell\v1.0\powershell.exe"" -exec bypass",C:\Windows\System32\WindowsPowerShell\v1.0\powershell.exe,{fda94052-b87a-658c-2702-000000000b00},5076,WINDEV2309EVAL\User,{fda94052-c207-658c-7a02-000000000b00},7044,10888,Microsoft® Windows® Operating System,,,,"
      ",-,2023-12-28T00:32:07.3606126Z,,Process Create (rule: ProcessCreate),1,6672,WINDEV2309EVAL\User,S-1-5-18,2023-12-28 00:32:07.359,5,"<Event xmlns=""http://schemas.microsoft.com/win/2004/08/events/event"">
    <System>
      <Provider Name=""Microsoft-Windows-Sysmon"" Guid=""{5770385f-c22a-43e0-bf4c-06f5698ffbd9}""/>
      <EventID>1</EventID>
      <Version>5</Version>
      <Level>4</Level>
      <Task>1</Task>
      <Opcode>0</Opcode>
      <Keywords>0x8000000000000000</Keywords>
      <TimeCreated SystemTime=""2023-12-28T00:32:07.3606126Z""/>
      <EventRecordID>9494</EventRecordID>
      <Correlation/>
      <Execution ProcessID=""7044"" ThreadID=""6672""/>
      <Channel>Microsoft-Windows-Sysmon/Operational</Channel>
      <Computer>WinDev2309Eval</Computer>
      <Security UserID=""S-1-5-18""/>
    </System>
    <EventData>
      <Data Name=""RuleName"">-</Data>
      <Data Name=""UtcTime"">2023-12-28 00:32:07.359</Data>
      <Data Name=""ProcessGuid"">{fda94052-c207-658c-7a02-000000000b00}</Data>
      <Data Name=""ProcessId"">10888</Data>
      <Data Name=""Image"">C:\Windows\System32\cmd.exe</Data>
      <Data Name=""FileVersion"">10.0.22621.1635 (WinBuild.160101.0800)</Data>
      <Data Name=""Description"">Windows Command Processor</Data>
      <Data Name=""Product"">Microsoft&#174; Windows&#174; Operating System</Data>
      <Data Name=""Company"">Microsoft Corporation</Data>
      <Data Name=""OriginalFileName"">Cmd.Exe</Data>
      <Data Name=""CommandLine"">""cmd.exe"" /c fltmc.exe | findstr.exe 385201</Data>
      <Data Name=""CurrentDirectory"">C:\Users\User\AppData\Local\Temp\</Data>
      <Data Name=""User"">WINDEV2309EVAL\User</Data>
      <Data Name=""LogonGuid"">{fda94052-3502-658d-b367-080000000000}</Data>
      <Data Name=""LogonId"">0x867b3</Data>
      <Data Name=""TerminalSessionId"">1</Data>
      <Data Name=""IntegrityLevel"">Medium</Data>
      <Data Name=""Hashes"">MD5=5A6BE4D2519515241D0C133A26CF62C0,SHA256=423E0E810A69AACEBA0E5670E58AFF898CF0EBFFAB99CCB46EBB3464C3D2FACB,IMPHASH=D73E39DAB3C8B57AA408073D01254964</Data>
      <Data Name=""ParentProcessGuid"">{fda94052-b87a-658c-2702-000000000b00}</Data>
      <Data Name=""ParentProcessId"">5076</Data>
      <Data Name=""ParentImage"">C:\Windows\System32\WindowsPowerShell\v1.0\powershell.exe</Data>
      <Data Name=""ParentCommandLine"">""C:\Windows\System32\WindowsPowerShell\v1.0\powershell.exe"" -exec bypass</Data>
      <Data Name=""ParentUser"">WINDEV2309EVAL\User</Data>
    </EventData>
    <RenderingInfo Culture=""en-US"">
      <Message>Process Create:

RuleName: -

UtcTime: 2023-12-28 00:32:07.359

ProcessGuid: {fda94052-c207-658c-7a02-000000000b00}

ProcessId: 10888

Image: C:\Windows\System32\cmd.exe

FileVersion: 10.0.22621.1635 (WinBuild.160101.0800)

Description: Windows Command Processor

Product: Microsoft&#174; Windows&#174; Operating System

Company: Microsoft Corporation

OriginalFileName: Cmd.Exe

CommandLine: ""cmd.exe"" /c fltmc.exe | findstr.exe 385201

CurrentDirectory: C:\Users\User\AppData\Local\Temp\

User: WINDEV2309EVAL\User

LogonGuid: {fda94052-3502-658d-b367-080000000000}

LogonId: 0x867B3

TerminalSessionId: 1

IntegrityLevel: Medium

Hashes: MD5=5A6BE4D2519515241D0C133A26CF62C0,SHA256=423E0E810A69AACEBA0E5670E58AFF898CF0EBFFAB99CCB46EBB3464C3D2FACB,IMPHASH=D73E39DAB3C8B57AA408073D01254964

ParentProcessGuid: {fda94052-b87a-658c-2702-000000000b00}

ParentProcessId: 5076

ParentImage: C:\Windows\System32\WindowsPowerShell\v1.0\powershell.exe

ParentCommandLine: ""C:\Windows\System32\WindowsPowerShell\v1.0\powershell.exe"" -exec bypass

ParentUser: WINDEV2309EVAL\User</Message>
      <Level>Information</Level>
      <Task>Process Create (rule: ProcessCreate)</Task>
      <Opcode>Info</Opcode>
    </RenderingInfo>
  </Event>
  
"
