Microsoft-Windows-Sysmon/Operational,tasklist.exe  ,Microsoft Corporation,WinDev2309Eval,,C:\Users\User\AppData\Local\Temp\,Lists the current running tasks,1,9468,10.0.22621.1 (WinBuild.160101.0800),"MD5=3D705BA430E4E045884234A98B3388CF,SHA256=C54FDD83D88404A62EB945B862E13979481526D2AF7A97ABC92C50ECD06D4F70,IMPHASH=FCEA32ABE79C10DFACC88F5335DD89DE",C:\Windows\System32\tasklist.exe,Medium,0x8000000000000000,Information,{fda94052-3502-658d-b367-080000000000},0x867b3,"Process Create:

RuleName: -

UtcTime: 2023-12-28 00:32:00.732

ProcessGuid: {fda94052-c200-658c-6b02-000000000b00}

ProcessId: 9912

Image: C:\Windows\System32\tasklist.exe

FileVersion: 10.0.22621.1 (WinBuild.160101.0800)

Description: Lists the current running tasks

Product: Microsoft® Windows® Operating System

Company: Microsoft Corporation

OriginalFileName: tasklist.exe

CommandLine: tasklist.exe  

CurrentDirectory: C:\Users\User\AppData\Local\Temp\

User: WINDEV2309EVAL\User

LogonGuid: {fda94052-3502-658d-b367-080000000000}

LogonId: 0x867B3

TerminalSessionId: 1

IntegrityLevel: Medium

Hashes: MD5=3D705BA430E4E045884234A98B3388CF,SHA256=C54FDD83D88404A62EB945B862E13979481526D2AF7A97ABC92C50ECD06D4F70,IMPHASH=FCEA32ABE79C10DFACC88F5335DD89DE

ParentProcessGuid: {fda94052-c1f6-658c-5c02-000000000b00}

ParentProcessId: 8712

ParentImage: C:\Windows\System32\cmd.exe

ParentCommandLine: ""cmd.exe"" /c netsh.exe advfirewall  show allprofiles  & netsh.exe advfirewall firewall dump & netsh.exe advfirewall show currentprofile & netsh.exe advfirewall firewall show rule name=all & netsh.exe firewall show state & netsh.exe firewall show config & sc query windefend & powershell.exe /c ""Get-Process | Where-Object { $_.ProcessName -eq 'Sysmon' }"" & powershell.exe /c ""Get-Service | where-object {$_.DisplayName -like '*sysm*'}"" & powershell.exe /c ""Get-CimInstance Win32_Service -Filter 'Description = ''System Monitor service'''"" & tasklist.exe & tasklist.exe | findstr /i virus & tasklist.exe | findstr /i cb & tasklist.exe | findstr /i defender & tasklist.exe | findstr /i cylance & tasklist.exe | findstr /i mc & tasklist.exe | findstr /i ""virus cb defender cylance mc""

ParentUser: WINDEV2309EVAL\User",Info,tasklist.exe,"""cmd.exe"" /c netsh.exe advfirewall  show allprofiles  & netsh.exe advfirewall firewall dump & netsh.exe advfirewall show currentprofile & netsh.exe advfirewall firewall show rule name=all & netsh.exe firewall show state & netsh.exe firewall show config & sc query windefend & powershell.exe /c ""Get-Process | Where-Object { $_.ProcessName -eq 'Sysmon' }"" & powershell.exe /c ""Get-Service | where-object {$_.DisplayName -like '*sysm*'}"" & powershell.exe /c ""Get-CimInstance Win32_Service -Filter 'Description = ''System Monitor service'''"" & tasklist.exe & tasklist.exe | findstr /i virus & tasklist.exe | findstr /i cb & tasklist.exe | findstr /i defender & tasklist.exe | findstr /i cylance & tasklist.exe | findstr /i mc & tasklist.exe | findstr /i ""virus cb defender cylance mc""",C:\Windows\System32\cmd.exe,{fda94052-c1f6-658c-5c02-000000000b00},8712,WINDEV2309EVAL\User,{fda94052-c200-658c-6b02-000000000b00},7044,9912,Microsoft® Windows® Operating System,,,,"
      ",-,2023-12-28T00:32:00.7337146Z,,Process Create (rule: ProcessCreate),1,6672,WINDEV2309EVAL\User,S-1-5-18,2023-12-28 00:32:00.732,5,"<Event xmlns=""http://schemas.microsoft.com/win/2004/08/events/event"">
    <System>
      <Provider Name=""Microsoft-Windows-Sysmon"" Guid=""{5770385f-c22a-43e0-bf4c-06f5698ffbd9}""/>
      <EventID>1</EventID>
      <Version>5</Version>
      <Level>4</Level>
      <Task>1</Task>
      <Opcode>0</Opcode>
      <Keywords>0x8000000000000000</Keywords>
      <TimeCreated SystemTime=""2023-12-28T00:32:00.7337146Z""/>
      <EventRecordID>9468</EventRecordID>
      <Correlation/>
      <Execution ProcessID=""7044"" ThreadID=""6672""/>
      <Channel>Microsoft-Windows-Sysmon/Operational</Channel>
      <Computer>WinDev2309Eval</Computer>
      <Security UserID=""S-1-5-18""/>
    </System>
    <EventData>
      <Data Name=""RuleName"">-</Data>
      <Data Name=""UtcTime"">2023-12-28 00:32:00.732</Data>
      <Data Name=""ProcessGuid"">{fda94052-c200-658c-6b02-000000000b00}</Data>
      <Data Name=""ProcessId"">9912</Data>
      <Data Name=""Image"">C:\Windows\System32\tasklist.exe</Data>
      <Data Name=""FileVersion"">10.0.22621.1 (WinBuild.160101.0800)</Data>
      <Data Name=""Description"">Lists the current running tasks</Data>
      <Data Name=""Product"">Microsoft&#174; Windows&#174; Operating System</Data>
      <Data Name=""Company"">Microsoft Corporation</Data>
      <Data Name=""OriginalFileName"">tasklist.exe</Data>
      <Data Name=""CommandLine"">tasklist.exe  </Data>
      <Data Name=""CurrentDirectory"">C:\Users\User\AppData\Local\Temp\</Data>
      <Data Name=""User"">WINDEV2309EVAL\User</Data>
      <Data Name=""LogonGuid"">{fda94052-3502-658d-b367-080000000000}</Data>
      <Data Name=""LogonId"">0x867b3</Data>
      <Data Name=""TerminalSessionId"">1</Data>
      <Data Name=""IntegrityLevel"">Medium</Data>
      <Data Name=""Hashes"">MD5=3D705BA430E4E045884234A98B3388CF,SHA256=C54FDD83D88404A62EB945B862E13979481526D2AF7A97ABC92C50ECD06D4F70,IMPHASH=FCEA32ABE79C10DFACC88F5335DD89DE</Data>
      <Data Name=""ParentProcessGuid"">{fda94052-c1f6-658c-5c02-000000000b00}</Data>
      <Data Name=""ParentProcessId"">8712</Data>
      <Data Name=""ParentImage"">C:\Windows\System32\cmd.exe</Data>
      <Data Name=""ParentCommandLine"">""cmd.exe"" /c netsh.exe advfirewall  show allprofiles  &amp; netsh.exe advfirewall firewall dump &amp; netsh.exe advfirewall show currentprofile &amp; netsh.exe advfirewall firewall show rule name=all &amp; netsh.exe firewall show state &amp; netsh.exe firewall show config &amp; sc query windefend &amp; powershell.exe /c ""Get-Process | Where-Object { $_.ProcessName -eq 'Sysmon' }"" &amp; powershell.exe /c ""Get-Service | where-object {$_.DisplayName -like '*sysm*'}"" &amp; powershell.exe /c ""Get-CimInstance Win32_Service -Filter 'Description = ''System Monitor service'''"" &amp; tasklist.exe &amp; tasklist.exe | findstr /i virus &amp; tasklist.exe | findstr /i cb &amp; tasklist.exe | findstr /i defender &amp; tasklist.exe | findstr /i cylance &amp; tasklist.exe | findstr /i mc &amp; tasklist.exe | findstr /i ""virus cb defender cylance mc""</Data>
      <Data Name=""ParentUser"">WINDEV2309EVAL\User</Data>
    </EventData>
    <RenderingInfo Culture=""en-US"">
      <Message>Process Create:

RuleName: -

UtcTime: 2023-12-28 00:32:00.732

ProcessGuid: {fda94052-c200-658c-6b02-000000000b00}

ProcessId: 9912

Image: C:\Windows\System32\tasklist.exe

FileVersion: 10.0.22621.1 (WinBuild.160101.0800)

Description: Lists the current running tasks

Product: Microsoft&#174; Windows&#174; Operating System

Company: Microsoft Corporation

OriginalFileName: tasklist.exe

CommandLine: tasklist.exe  

CurrentDirectory: C:\Users\User\AppData\Local\Temp\

User: WINDEV2309EVAL\User

LogonGuid: {fda94052-3502-658d-b367-080000000000}

LogonId: 0x867B3

TerminalSessionId: 1

IntegrityLevel: Medium

Hashes: MD5=3D705BA430E4E045884234A98B3388CF,SHA256=C54FDD83D88404A62EB945B862E13979481526D2AF7A97ABC92C50ECD06D4F70,IMPHASH=FCEA32ABE79C10DFACC88F5335DD89DE

ParentProcessGuid: {fda94052-c1f6-658c-5c02-000000000b00}

ParentProcessId: 8712

ParentImage: C:\Windows\System32\cmd.exe

ParentCommandLine: ""cmd.exe"" /c netsh.exe advfirewall  show allprofiles  &amp; netsh.exe advfirewall firewall dump &amp; netsh.exe advfirewall show currentprofile &amp; netsh.exe advfirewall firewall show rule name=all &amp; netsh.exe firewall show state &amp; netsh.exe firewall show config &amp; sc query windefend &amp; powershell.exe /c ""Get-Process | Where-Object { $_.ProcessName -eq 'Sysmon' }"" &amp; powershell.exe /c ""Get-Service | where-object {$_.DisplayName -like '*sysm*'}"" &amp; powershell.exe /c ""Get-CimInstance Win32_Service -Filter 'Description = ''System Monitor service'''"" &amp; tasklist.exe &amp; tasklist.exe | findstr /i virus &amp; tasklist.exe | findstr /i cb &amp; tasklist.exe | findstr /i defender &amp; tasklist.exe | findstr /i cylance &amp; tasklist.exe | findstr /i mc &amp; tasklist.exe | findstr /i ""virus cb defender cylance mc""

ParentUser: WINDEV2309EVAL\User</Message>
      <Level>Information</Level>
      <Task>Process Create (rule: ProcessCreate)</Task>
      <Opcode>Info</Opcode>
    </RenderingInfo>
  </Event>
  
"
Microsoft-Windows-Sysmon/Operational,,,WinDev2309Eval,,,,22,9467,,,C:\Windows\system32\wbem\wmiprvse.exe,,0x8000000000000000,Information,,,"Dns query:

RuleName: -

UtcTime: 2023-12-27 23:54:28.760

ProcessGuid: {fda94052-34f4-658d-6500-000000000b00}

ProcessId: 4656

QueryName: WINDEV2309EVAL

QueryStatus: 0

QueryResults: fe80::999c:955f:96ba:d8a1;fe80::e140:ce54:c800:647e;::ffff:192.168.36.131;::ffff:192.168.126.164;

Image: C:\Windows\system32\wbem\wmiprvse.exe

User: NT AUTHORITY\NETWORK SERVICE",Info,,,,,,,{fda94052-34f4-658d-6500-000000000b00},7044,4656,,WINDEV2309EVAL,fe80::999c:955f:96ba:d8a1;fe80::e140:ce54:c800:647e;::ffff:192.168.36.131;::ffff:192.168.126.164;,0,"
      ",-,2023-12-28T00:32:00.4531559Z,,Dns query (rule: DnsQuery),,1124,NT AUTHORITY\NETWORK SERVICE,S-1-5-18,2023-12-27 23:54:28.760,5,"<Event xmlns=""http://schemas.microsoft.com/win/2004/08/events/event"">
    <System>
      <Provider Name=""Microsoft-Windows-Sysmon"" Guid=""{5770385f-c22a-43e0-bf4c-06f5698ffbd9}""/>
      <EventID>22</EventID>
      <Version>5</Version>
      <Level>4</Level>
      <Task>22</Task>
      <Opcode>0</Opcode>
      <Keywords>0x8000000000000000</Keywords>
      <TimeCreated SystemTime=""2023-12-28T00:32:00.4531559Z""/>
      <EventRecordID>9467</EventRecordID>
      <Correlation/>
      <Execution ProcessID=""7044"" ThreadID=""1124""/>
      <Channel>Microsoft-Windows-Sysmon/Operational</Channel>
      <Computer>WinDev2309Eval</Computer>
      <Security UserID=""S-1-5-18""/>
    </System>
    <EventData>
      <Data Name=""RuleName"">-</Data>
      <Data Name=""UtcTime"">2023-12-27 23:54:28.760</Data>
      <Data Name=""ProcessGuid"">{fda94052-34f4-658d-6500-000000000b00}</Data>
      <Data Name=""ProcessId"">4656</Data>
      <Data Name=""QueryName"">WINDEV2309EVAL</Data>
      <Data Name=""QueryStatus"">0</Data>
      <Data Name=""QueryResults"">fe80::999c:955f:96ba:d8a1;fe80::e140:ce54:c800:647e;::ffff:192.168.36.131;::ffff:192.168.126.164;</Data>
      <Data Name=""Image"">C:\Windows\system32\wbem\wmiprvse.exe</Data>
      <Data Name=""User"">NT AUTHORITY\NETWORK SERVICE</Data>
    </EventData>
    <RenderingInfo Culture=""en-US"">
      <Message>Dns query:

RuleName: -

UtcTime: 2023-12-27 23:54:28.760

ProcessGuid: {fda94052-34f4-658d-6500-000000000b00}

ProcessId: 4656

QueryName: WINDEV2309EVAL

QueryStatus: 0

QueryResults: fe80::999c:955f:96ba:d8a1;fe80::e140:ce54:c800:647e;::ffff:192.168.36.131;::ffff:192.168.126.164;

Image: C:\Windows\system32\wbem\wmiprvse.exe

User: NT AUTHORITY\NETWORK SERVICE</Message>
      <Level>Information</Level>
      <Task>Dns query (rule: DnsQuery)</Task>
      <Opcode>Info</Opcode>
    </RenderingInfo>
  </Event>
  
"
Microsoft-Windows-Sysmon/Operational,findstr  /i virus ,Microsoft Corporation,WinDev2309Eval,,C:\Users\User\AppData\Local\Temp\,Find String (QGREP) Utility,1,9466,10.0.22621.1 (WinBuild.160101.0800),"MD5=6DB3BB45E7555B0912B668395B2AEF41,SHA256=C9541AF1D88CD6D38F1E6EBA2FD7EACCE3C1181166E50B523ED7CEDB92FEA045,IMPHASH=FAF6C2ABBD03B51B5852A294EAAFC7CE",C:\Windows\System32\findstr.exe,Medium,0x8000000000000000,Information,{fda94052-3502-658d-b367-080000000000},0x867b3,"Process Create:

RuleName: -

UtcTime: 2023-12-28 00:32:00.340

ProcessGuid: {fda94052-c200-658c-6a02-000000000b00}

ProcessId: 10320

Image: C:\Windows\System32\findstr.exe

FileVersion: 10.0.22621.1 (WinBuild.160101.0800)

Description: Find String (QGREP) Utility

Product: Microsoft® Windows® Operating System

Company: Microsoft Corporation

OriginalFileName: FINDSTR.EXE

CommandLine: findstr  /i virus 

CurrentDirectory: C:\Users\User\AppData\Local\Temp\

User: WINDEV2309EVAL\User

LogonGuid: {fda94052-3502-658d-b367-080000000000}

LogonId: 0x867B3

TerminalSessionId: 1

IntegrityLevel: Medium

Hashes: MD5=6DB3BB45E7555B0912B668395B2AEF41,SHA256=C9541AF1D88CD6D38F1E6EBA2FD7EACCE3C1181166E50B523ED7CEDB92FEA045,IMPHASH=FAF6C2ABBD03B51B5852A294EAAFC7CE

ParentProcessGuid: {fda94052-c1f6-658c-5c02-000000000b00}

ParentProcessId: 8712

ParentImage: C:\Windows\System32\cmd.exe

ParentCommandLine: ""cmd.exe"" /c netsh.exe advfirewall  show allprofiles  & netsh.exe advfirewall firewall dump & netsh.exe advfirewall show currentprofile & netsh.exe advfirewall firewall show rule name=all & netsh.exe firewall show state & netsh.exe firewall show config & sc query windefend & powershell.exe /c ""Get-Process | Where-Object { $_.ProcessName -eq 'Sysmon' }"" & powershell.exe /c ""Get-Service | where-object {$_.DisplayName -like '*sysm*'}"" & powershell.exe /c ""Get-CimInstance Win32_Service -Filter 'Description = ''System Monitor service'''"" & tasklist.exe & tasklist.exe | findstr /i virus & tasklist.exe | findstr /i cb & tasklist.exe | findstr /i defender & tasklist.exe | findstr /i cylance & tasklist.exe | findstr /i mc & tasklist.exe | findstr /i ""virus cb defender cylance mc""

ParentUser: WINDEV2309EVAL\User",Info,FINDSTR.EXE,"""cmd.exe"" /c netsh.exe advfirewall  show allprofiles  & netsh.exe advfirewall firewall dump & netsh.exe advfirewall show currentprofile & netsh.exe advfirewall firewall show rule name=all & netsh.exe firewall show state & netsh.exe firewall show config & sc query windefend & powershell.exe /c ""Get-Process | Where-Object { $_.ProcessName -eq 'Sysmon' }"" & powershell.exe /c ""Get-Service | where-object {$_.DisplayName -like '*sysm*'}"" & powershell.exe /c ""Get-CimInstance Win32_Service -Filter 'Description = ''System Monitor service'''"" & tasklist.exe & tasklist.exe | findstr /i virus & tasklist.exe | findstr /i cb & tasklist.exe | findstr /i defender & tasklist.exe | findstr /i cylance & tasklist.exe | findstr /i mc & tasklist.exe | findstr /i ""virus cb defender cylance mc""",C:\Windows\System32\cmd.exe,{fda94052-c1f6-658c-5c02-000000000b00},8712,WINDEV2309EVAL\User,{fda94052-c200-658c-6a02-000000000b00},7044,10320,Microsoft® Windows® Operating System,,,,"
      ",-,2023-12-28T00:32:00.3429055Z,,Process Create (rule: ProcessCreate),1,6672,WINDEV2309EVAL\User,S-1-5-18,2023-12-28 00:32:00.340,5,"<Event xmlns=""http://schemas.microsoft.com/win/2004/08/events/event"">
    <System>
      <Provider Name=""Microsoft-Windows-Sysmon"" Guid=""{5770385f-c22a-43e0-bf4c-06f5698ffbd9}""/>
      <EventID>1</EventID>
      <Version>5</Version>
      <Level>4</Level>
      <Task>1</Task>
      <Opcode>0</Opcode>
      <Keywords>0x8000000000000000</Keywords>
      <TimeCreated SystemTime=""2023-12-28T00:32:00.3429055Z""/>
      <EventRecordID>9466</EventRecordID>
      <Correlation/>
      <Execution ProcessID=""7044"" ThreadID=""6672""/>
      <Channel>Microsoft-Windows-Sysmon/Operational</Channel>
      <Computer>WinDev2309Eval</Computer>
      <Security UserID=""S-1-5-18""/>
    </System>
    <EventData>
      <Data Name=""RuleName"">-</Data>
      <Data Name=""UtcTime"">2023-12-28 00:32:00.340</Data>
      <Data Name=""ProcessGuid"">{fda94052-c200-658c-6a02-000000000b00}</Data>
      <Data Name=""ProcessId"">10320</Data>
      <Data Name=""Image"">C:\Windows\System32\findstr.exe</Data>
      <Data Name=""FileVersion"">10.0.22621.1 (WinBuild.160101.0800)</Data>
      <Data Name=""Description"">Find String (QGREP) Utility</Data>
      <Data Name=""Product"">Microsoft&#174; Windows&#174; Operating System</Data>
      <Data Name=""Company"">Microsoft Corporation</Data>
      <Data Name=""OriginalFileName"">FINDSTR.EXE</Data>
      <Data Name=""CommandLine"">findstr  /i virus </Data>
      <Data Name=""CurrentDirectory"">C:\Users\User\AppData\Local\Temp\</Data>
      <Data Name=""User"">WINDEV2309EVAL\User</Data>
      <Data Name=""LogonGuid"">{fda94052-3502-658d-b367-080000000000}</Data>
      <Data Name=""LogonId"">0x867b3</Data>
      <Data Name=""TerminalSessionId"">1</Data>
      <Data Name=""IntegrityLevel"">Medium</Data>
      <Data Name=""Hashes"">MD5=6DB3BB45E7555B0912B668395B2AEF41,SHA256=C9541AF1D88CD6D38F1E6EBA2FD7EACCE3C1181166E50B523ED7CEDB92FEA045,IMPHASH=FAF6C2ABBD03B51B5852A294EAAFC7CE</Data>
      <Data Name=""ParentProcessGuid"">{fda94052-c1f6-658c-5c02-000000000b00}</Data>
      <Data Name=""ParentProcessId"">8712</Data>
      <Data Name=""ParentImage"">C:\Windows\System32\cmd.exe</Data>
      <Data Name=""ParentCommandLine"">""cmd.exe"" /c netsh.exe advfirewall  show allprofiles  &amp; netsh.exe advfirewall firewall dump &amp; netsh.exe advfirewall show currentprofile &amp; netsh.exe advfirewall firewall show rule name=all &amp; netsh.exe firewall show state &amp; netsh.exe firewall show config &amp; sc query windefend &amp; powershell.exe /c ""Get-Process | Where-Object { $_.ProcessName -eq 'Sysmon' }"" &amp; powershell.exe /c ""Get-Service | where-object {$_.DisplayName -like '*sysm*'}"" &amp; powershell.exe /c ""Get-CimInstance Win32_Service -Filter 'Description = ''System Monitor service'''"" &amp; tasklist.exe &amp; tasklist.exe | findstr /i virus &amp; tasklist.exe | findstr /i cb &amp; tasklist.exe | findstr /i defender &amp; tasklist.exe | findstr /i cylance &amp; tasklist.exe | findstr /i mc &amp; tasklist.exe | findstr /i ""virus cb defender cylance mc""</Data>
      <Data Name=""ParentUser"">WINDEV2309EVAL\User</Data>
    </EventData>
    <RenderingInfo Culture=""en-US"">
      <Message>Process Create:

RuleName: -

UtcTime: 2023-12-28 00:32:00.340

ProcessGuid: {fda94052-c200-658c-6a02-000000000b00}

ProcessId: 10320

Image: C:\Windows\System32\findstr.exe

FileVersion: 10.0.22621.1 (WinBuild.160101.0800)

Description: Find String (QGREP) Utility

Product: Microsoft&#174; Windows&#174; Operating System

Company: Microsoft Corporation

OriginalFileName: FINDSTR.EXE

CommandLine: findstr  /i virus 

CurrentDirectory: C:\Users\User\AppData\Local\Temp\

User: WINDEV2309EVAL\User

LogonGuid: {fda94052-3502-658d-b367-080000000000}

LogonId: 0x867B3

TerminalSessionId: 1

IntegrityLevel: Medium

Hashes: MD5=6DB3BB45E7555B0912B668395B2AEF41,SHA256=C9541AF1D88CD6D38F1E6EBA2FD7EACCE3C1181166E50B523ED7CEDB92FEA045,IMPHASH=FAF6C2ABBD03B51B5852A294EAAFC7CE

ParentProcessGuid: {fda94052-c1f6-658c-5c02-000000000b00}

ParentProcessId: 8712

ParentImage: C:\Windows\System32\cmd.exe

ParentCommandLine: ""cmd.exe"" /c netsh.exe advfirewall  show allprofiles  &amp; netsh.exe advfirewall firewall dump &amp; netsh.exe advfirewall show currentprofile &amp; netsh.exe advfirewall firewall show rule name=all &amp; netsh.exe firewall show state &amp; netsh.exe firewall show config &amp; sc query windefend &amp; powershell.exe /c ""Get-Process | Where-Object { $_.ProcessName -eq 'Sysmon' }"" &amp; powershell.exe /c ""Get-Service | where-object {$_.DisplayName -like '*sysm*'}"" &amp; powershell.exe /c ""Get-CimInstance Win32_Service -Filter 'Description = ''System Monitor service'''"" &amp; tasklist.exe &amp; tasklist.exe | findstr /i virus &amp; tasklist.exe | findstr /i cb &amp; tasklist.exe | findstr /i defender &amp; tasklist.exe | findstr /i cylance &amp; tasklist.exe | findstr /i mc &amp; tasklist.exe | findstr /i ""virus cb defender cylance mc""

ParentUser: WINDEV2309EVAL\User</Message>
      <Level>Information</Level>
      <Task>Process Create (rule: ProcessCreate)</Task>
      <Opcode>Info</Opcode>
    </RenderingInfo>
  </Event>
  
"
Microsoft-Windows-Sysmon/Operational,tasklist.exe  ,Microsoft Corporation,WinDev2309Eval,,C:\Users\User\AppData\Local\Temp\,Lists the current running tasks,1,9465,10.0.22621.1 (WinBuild.160101.0800),"MD5=3D705BA430E4E045884234A98B3388CF,SHA256=C54FDD83D88404A62EB945B862E13979481526D2AF7A97ABC92C50ECD06D4F70,IMPHASH=FCEA32ABE79C10DFACC88F5335DD89DE",C:\Windows\System32\tasklist.exe,Medium,0x8000000000000000,Information,{fda94052-3502-658d-b367-080000000000},0x867b3,"Process Create:

RuleName: -

UtcTime: 2023-12-28 00:32:00.336

ProcessGuid: {fda94052-c200-658c-6902-000000000b00}

ProcessId: 5324

Image: C:\Windows\System32\tasklist.exe

FileVersion: 10.0.22621.1 (WinBuild.160101.0800)

Description: Lists the current running tasks

Product: Microsoft® Windows® Operating System

Company: Microsoft Corporation

OriginalFileName: tasklist.exe

CommandLine: tasklist.exe  

CurrentDirectory: C:\Users\User\AppData\Local\Temp\

User: WINDEV2309EVAL\User

LogonGuid: {fda94052-3502-658d-b367-080000000000}

LogonId: 0x867B3

TerminalSessionId: 1

IntegrityLevel: Medium

Hashes: MD5=3D705BA430E4E045884234A98B3388CF,SHA256=C54FDD83D88404A62EB945B862E13979481526D2AF7A97ABC92C50ECD06D4F70,IMPHASH=FCEA32ABE79C10DFACC88F5335DD89DE

ParentProcessGuid: {fda94052-c1f6-658c-5c02-000000000b00}

ParentProcessId: 8712

ParentImage: C:\Windows\System32\cmd.exe

ParentCommandLine: ""cmd.exe"" /c netsh.exe advfirewall  show allprofiles  & netsh.exe advfirewall firewall dump & netsh.exe advfirewall show currentprofile & netsh.exe advfirewall firewall show rule name=all & netsh.exe firewall show state & netsh.exe firewall show config & sc query windefend & powershell.exe /c ""Get-Process | Where-Object { $_.ProcessName -eq 'Sysmon' }"" & powershell.exe /c ""Get-Service | where-object {$_.DisplayName -like '*sysm*'}"" & powershell.exe /c ""Get-CimInstance Win32_Service -Filter 'Description = ''System Monitor service'''"" & tasklist.exe & tasklist.exe | findstr /i virus & tasklist.exe | findstr /i cb & tasklist.exe | findstr /i defender & tasklist.exe | findstr /i cylance & tasklist.exe | findstr /i mc & tasklist.exe | findstr /i ""virus cb defender cylance mc""

ParentUser: WINDEV2309EVAL\User",Info,tasklist.exe,"""cmd.exe"" /c netsh.exe advfirewall  show allprofiles  & netsh.exe advfirewall firewall dump & netsh.exe advfirewall show currentprofile & netsh.exe advfirewall firewall show rule name=all & netsh.exe firewall show state & netsh.exe firewall show config & sc query windefend & powershell.exe /c ""Get-Process | Where-Object { $_.ProcessName -eq 'Sysmon' }"" & powershell.exe /c ""Get-Service | where-object {$_.DisplayName -like '*sysm*'}"" & powershell.exe /c ""Get-CimInstance Win32_Service -Filter 'Description = ''System Monitor service'''"" & tasklist.exe & tasklist.exe | findstr /i virus & tasklist.exe | findstr /i cb & tasklist.exe | findstr /i defender & tasklist.exe | findstr /i cylance & tasklist.exe | findstr /i mc & tasklist.exe | findstr /i ""virus cb defender cylance mc""",C:\Windows\System32\cmd.exe,{fda94052-c1f6-658c-5c02-000000000b00},8712,WINDEV2309EVAL\User,{fda94052-c200-658c-6902-000000000b00},7044,5324,Microsoft® Windows® Operating System,,,,"
      ",-,2023-12-28T00:32:00.3373072Z,,Process Create (rule: ProcessCreate),1,6672,WINDEV2309EVAL\User,S-1-5-18,2023-12-28 00:32:00.336,5,"<Event xmlns=""http://schemas.microsoft.com/win/2004/08/events/event"">
    <System>
      <Provider Name=""Microsoft-Windows-Sysmon"" Guid=""{5770385f-c22a-43e0-bf4c-06f5698ffbd9}""/>
      <EventID>1</EventID>
      <Version>5</Version>
      <Level>4</Level>
      <Task>1</Task>
      <Opcode>0</Opcode>
      <Keywords>0x8000000000000000</Keywords>
      <TimeCreated SystemTime=""2023-12-28T00:32:00.3373072Z""/>
      <EventRecordID>9465</EventRecordID>
      <Correlation/>
      <Execution ProcessID=""7044"" ThreadID=""6672""/>
      <Channel>Microsoft-Windows-Sysmon/Operational</Channel>
      <Computer>WinDev2309Eval</Computer>
      <Security UserID=""S-1-5-18""/>
    </System>
    <EventData>
      <Data Name=""RuleName"">-</Data>
      <Data Name=""UtcTime"">2023-12-28 00:32:00.336</Data>
      <Data Name=""ProcessGuid"">{fda94052-c200-658c-6902-000000000b00}</Data>
      <Data Name=""ProcessId"">5324</Data>
      <Data Name=""Image"">C:\Windows\System32\tasklist.exe</Data>
      <Data Name=""FileVersion"">10.0.22621.1 (WinBuild.160101.0800)</Data>
      <Data Name=""Description"">Lists the current running tasks</Data>
      <Data Name=""Product"">Microsoft&#174; Windows&#174; Operating System</Data>
      <Data Name=""Company"">Microsoft Corporation</Data>
      <Data Name=""OriginalFileName"">tasklist.exe</Data>
      <Data Name=""CommandLine"">tasklist.exe  </Data>
      <Data Name=""CurrentDirectory"">C:\Users\User\AppData\Local\Temp\</Data>
      <Data Name=""User"">WINDEV2309EVAL\User</Data>
      <Data Name=""LogonGuid"">{fda94052-3502-658d-b367-080000000000}</Data>
      <Data Name=""LogonId"">0x867b3</Data>
      <Data Name=""TerminalSessionId"">1</Data>
      <Data Name=""IntegrityLevel"">Medium</Data>
      <Data Name=""Hashes"">MD5=3D705BA430E4E045884234A98B3388CF,SHA256=C54FDD83D88404A62EB945B862E13979481526D2AF7A97ABC92C50ECD06D4F70,IMPHASH=FCEA32ABE79C10DFACC88F5335DD89DE</Data>
      <Data Name=""ParentProcessGuid"">{fda94052-c1f6-658c-5c02-000000000b00}</Data>
      <Data Name=""ParentProcessId"">8712</Data>
      <Data Name=""ParentImage"">C:\Windows\System32\cmd.exe</Data>
      <Data Name=""ParentCommandLine"">""cmd.exe"" /c netsh.exe advfirewall  show allprofiles  &amp; netsh.exe advfirewall firewall dump &amp; netsh.exe advfirewall show currentprofile &amp; netsh.exe advfirewall firewall show rule name=all &amp; netsh.exe firewall show state &amp; netsh.exe firewall show config &amp; sc query windefend &amp; powershell.exe /c ""Get-Process | Where-Object { $_.ProcessName -eq 'Sysmon' }"" &amp; powershell.exe /c ""Get-Service | where-object {$_.DisplayName -like '*sysm*'}"" &amp; powershell.exe /c ""Get-CimInstance Win32_Service -Filter 'Description = ''System Monitor service'''"" &amp; tasklist.exe &amp; tasklist.exe | findstr /i virus &amp; tasklist.exe | findstr /i cb &amp; tasklist.exe | findstr /i defender &amp; tasklist.exe | findstr /i cylance &amp; tasklist.exe | findstr /i mc &amp; tasklist.exe | findstr /i ""virus cb defender cylance mc""</Data>
      <Data Name=""ParentUser"">WINDEV2309EVAL\User</Data>
    </EventData>
    <RenderingInfo Culture=""en-US"">
      <Message>Process Create:

RuleName: -

UtcTime: 2023-12-28 00:32:00.336

ProcessGuid: {fda94052-c200-658c-6902-000000000b00}

ProcessId: 5324

Image: C:\Windows\System32\tasklist.exe

FileVersion: 10.0.22621.1 (WinBuild.160101.0800)

Description: Lists the current running tasks

Product: Microsoft&#174; Windows&#174; Operating System

Company: Microsoft Corporation

OriginalFileName: tasklist.exe

CommandLine: tasklist.exe  

CurrentDirectory: C:\Users\User\AppData\Local\Temp\

User: WINDEV2309EVAL\User

LogonGuid: {fda94052-3502-658d-b367-080000000000}

LogonId: 0x867B3

TerminalSessionId: 1

IntegrityLevel: Medium

Hashes: MD5=3D705BA430E4E045884234A98B3388CF,SHA256=C54FDD83D88404A62EB945B862E13979481526D2AF7A97ABC92C50ECD06D4F70,IMPHASH=FCEA32ABE79C10DFACC88F5335DD89DE

ParentProcessGuid: {fda94052-c1f6-658c-5c02-000000000b00}

ParentProcessId: 8712

ParentImage: C:\Windows\System32\cmd.exe

ParentCommandLine: ""cmd.exe"" /c netsh.exe advfirewall  show allprofiles  &amp; netsh.exe advfirewall firewall dump &amp; netsh.exe advfirewall show currentprofile &amp; netsh.exe advfirewall firewall show rule name=all &amp; netsh.exe firewall show state &amp; netsh.exe firewall show config &amp; sc query windefend &amp; powershell.exe /c ""Get-Process | Where-Object { $_.ProcessName -eq 'Sysmon' }"" &amp; powershell.exe /c ""Get-Service | where-object {$_.DisplayName -like '*sysm*'}"" &amp; powershell.exe /c ""Get-CimInstance Win32_Service -Filter 'Description = ''System Monitor service'''"" &amp; tasklist.exe &amp; tasklist.exe | findstr /i virus &amp; tasklist.exe | findstr /i cb &amp; tasklist.exe | findstr /i defender &amp; tasklist.exe | findstr /i cylance &amp; tasklist.exe | findstr /i mc &amp; tasklist.exe | findstr /i ""virus cb defender cylance mc""

ParentUser: WINDEV2309EVAL\User</Message>
      <Level>Information</Level>
      <Task>Process Create (rule: ProcessCreate)</Task>
      <Opcode>Info</Opcode>
    </RenderingInfo>
  </Event>
  
"
Microsoft-Windows-Sysmon/Operational,tasklist.exe  ,Microsoft Corporation,WinDev2309Eval,,C:\Users\User\AppData\Local\Temp\,Lists the current running tasks,1,9464,10.0.22621.1 (WinBuild.160101.0800),"MD5=3D705BA430E4E045884234A98B3388CF,SHA256=C54FDD83D88404A62EB945B862E13979481526D2AF7A97ABC92C50ECD06D4F70,IMPHASH=FCEA32ABE79C10DFACC88F5335DD89DE",C:\Windows\System32\tasklist.exe,Medium,0x8000000000000000,Information,{fda94052-3502-658d-b367-080000000000},0x867b3,"Process Create:

RuleName: -

UtcTime: 2023-12-28 00:31:59.694

ProcessGuid: {fda94052-c1ff-658c-6802-000000000b00}

ProcessId: 8804

Image: C:\Windows\System32\tasklist.exe

FileVersion: 10.0.22621.1 (WinBuild.160101.0800)

Description: Lists the current running tasks

Product: Microsoft® Windows® Operating System

Company: Microsoft Corporation

OriginalFileName: tasklist.exe

CommandLine: tasklist.exe  

CurrentDirectory: C:\Users\User\AppData\Local\Temp\

User: WINDEV2309EVAL\User

LogonGuid: {fda94052-3502-658d-b367-080000000000}

LogonId: 0x867B3

TerminalSessionId: 1

IntegrityLevel: Medium

Hashes: MD5=3D705BA430E4E045884234A98B3388CF,SHA256=C54FDD83D88404A62EB945B862E13979481526D2AF7A97ABC92C50ECD06D4F70,IMPHASH=FCEA32ABE79C10DFACC88F5335DD89DE

ParentProcessGuid: {fda94052-c1f6-658c-5c02-000000000b00}

ParentProcessId: 8712

ParentImage: C:\Windows\System32\cmd.exe

ParentCommandLine: ""cmd.exe"" /c netsh.exe advfirewall  show allprofiles  & netsh.exe advfirewall firewall dump & netsh.exe advfirewall show currentprofile & netsh.exe advfirewall firewall show rule name=all & netsh.exe firewall show state & netsh.exe firewall show config & sc query windefend & powershell.exe /c ""Get-Process | Where-Object { $_.ProcessName -eq 'Sysmon' }"" & powershell.exe /c ""Get-Service | where-object {$_.DisplayName -like '*sysm*'}"" & powershell.exe /c ""Get-CimInstance Win32_Service -Filter 'Description = ''System Monitor service'''"" & tasklist.exe & tasklist.exe | findstr /i virus & tasklist.exe | findstr /i cb & tasklist.exe | findstr /i defender & tasklist.exe | findstr /i cylance & tasklist.exe | findstr /i mc & tasklist.exe | findstr /i ""virus cb defender cylance mc""

ParentUser: WINDEV2309EVAL\User",Info,tasklist.exe,"""cmd.exe"" /c netsh.exe advfirewall  show allprofiles  & netsh.exe advfirewall firewall dump & netsh.exe advfirewall show currentprofile & netsh.exe advfirewall firewall show rule name=all & netsh.exe firewall show state & netsh.exe firewall show config & sc query windefend & powershell.exe /c ""Get-Process | Where-Object { $_.ProcessName -eq 'Sysmon' }"" & powershell.exe /c ""Get-Service | where-object {$_.DisplayName -like '*sysm*'}"" & powershell.exe /c ""Get-CimInstance Win32_Service -Filter 'Description = ''System Monitor service'''"" & tasklist.exe & tasklist.exe | findstr /i virus & tasklist.exe | findstr /i cb & tasklist.exe | findstr /i defender & tasklist.exe | findstr /i cylance & tasklist.exe | findstr /i mc & tasklist.exe | findstr /i ""virus cb defender cylance mc""",C:\Windows\System32\cmd.exe,{fda94052-c1f6-658c-5c02-000000000b00},8712,WINDEV2309EVAL\User,{fda94052-c1ff-658c-6802-000000000b00},7044,8804,Microsoft® Windows® Operating System,,,,"
      ",-,2023-12-28T00:31:59.6976342Z,,Process Create (rule: ProcessCreate),1,6672,WINDEV2309EVAL\User,S-1-5-18,2023-12-28 00:31:59.694,5,"<Event xmlns=""http://schemas.microsoft.com/win/2004/08/events/event"">
    <System>
      <Provider Name=""Microsoft-Windows-Sysmon"" Guid=""{5770385f-c22a-43e0-bf4c-06f5698ffbd9}""/>
      <EventID>1</EventID>
      <Version>5</Version>
      <Level>4</Level>
      <Task>1</Task>
      <Opcode>0</Opcode>
      <Keywords>0x8000000000000000</Keywords>
      <TimeCreated SystemTime=""2023-12-28T00:31:59.6976342Z""/>
      <EventRecordID>9464</EventRecordID>
      <Correlation/>
      <Execution ProcessID=""7044"" ThreadID=""6672""/>
      <Channel>Microsoft-Windows-Sysmon/Operational</Channel>
      <Computer>WinDev2309Eval</Computer>
      <Security UserID=""S-1-5-18""/>
    </System>
    <EventData>
      <Data Name=""RuleName"">-</Data>
      <Data Name=""UtcTime"">2023-12-28 00:31:59.694</Data>
      <Data Name=""ProcessGuid"">{fda94052-c1ff-658c-6802-000000000b00}</Data>
      <Data Name=""ProcessId"">8804</Data>
      <Data Name=""Image"">C:\Windows\System32\tasklist.exe</Data>
      <Data Name=""FileVersion"">10.0.22621.1 (WinBuild.160101.0800)</Data>
      <Data Name=""Description"">Lists the current running tasks</Data>
      <Data Name=""Product"">Microsoft&#174; Windows&#174; Operating System</Data>
      <Data Name=""Company"">Microsoft Corporation</Data>
      <Data Name=""OriginalFileName"">tasklist.exe</Data>
      <Data Name=""CommandLine"">tasklist.exe  </Data>
      <Data Name=""CurrentDirectory"">C:\Users\User\AppData\Local\Temp\</Data>
      <Data Name=""User"">WINDEV2309EVAL\User</Data>
      <Data Name=""LogonGuid"">{fda94052-3502-658d-b367-080000000000}</Data>
      <Data Name=""LogonId"">0x867b3</Data>
      <Data Name=""TerminalSessionId"">1</Data>
      <Data Name=""IntegrityLevel"">Medium</Data>
      <Data Name=""Hashes"">MD5=3D705BA430E4E045884234A98B3388CF,SHA256=C54FDD83D88404A62EB945B862E13979481526D2AF7A97ABC92C50ECD06D4F70,IMPHASH=FCEA32ABE79C10DFACC88F5335DD89DE</Data>
      <Data Name=""ParentProcessGuid"">{fda94052-c1f6-658c-5c02-000000000b00}</Data>
      <Data Name=""ParentProcessId"">8712</Data>
      <Data Name=""ParentImage"">C:\Windows\System32\cmd.exe</Data>
      <Data Name=""ParentCommandLine"">""cmd.exe"" /c netsh.exe advfirewall  show allprofiles  &amp; netsh.exe advfirewall firewall dump &amp; netsh.exe advfirewall show currentprofile &amp; netsh.exe advfirewall firewall show rule name=all &amp; netsh.exe firewall show state &amp; netsh.exe firewall show config &amp; sc query windefend &amp; powershell.exe /c ""Get-Process | Where-Object { $_.ProcessName -eq 'Sysmon' }"" &amp; powershell.exe /c ""Get-Service | where-object {$_.DisplayName -like '*sysm*'}"" &amp; powershell.exe /c ""Get-CimInstance Win32_Service -Filter 'Description = ''System Monitor service'''"" &amp; tasklist.exe &amp; tasklist.exe | findstr /i virus &amp; tasklist.exe | findstr /i cb &amp; tasklist.exe | findstr /i defender &amp; tasklist.exe | findstr /i cylance &amp; tasklist.exe | findstr /i mc &amp; tasklist.exe | findstr /i ""virus cb defender cylance mc""</Data>
      <Data Name=""ParentUser"">WINDEV2309EVAL\User</Data>
    </EventData>
    <RenderingInfo Culture=""en-US"">
      <Message>Process Create:

RuleName: -

UtcTime: 2023-12-28 00:31:59.694

ProcessGuid: {fda94052-c1ff-658c-6802-000000000b00}

ProcessId: 8804

Image: C:\Windows\System32\tasklist.exe

FileVersion: 10.0.22621.1 (WinBuild.160101.0800)

Description: Lists the current running tasks

Product: Microsoft&#174; Windows&#174; Operating System

Company: Microsoft Corporation

OriginalFileName: tasklist.exe

CommandLine: tasklist.exe  

CurrentDirectory: C:\Users\User\AppData\Local\Temp\

User: WINDEV2309EVAL\User

LogonGuid: {fda94052-3502-658d-b367-080000000000}

LogonId: 0x867B3

TerminalSessionId: 1

IntegrityLevel: Medium

Hashes: MD5=3D705BA430E4E045884234A98B3388CF,SHA256=C54FDD83D88404A62EB945B862E13979481526D2AF7A97ABC92C50ECD06D4F70,IMPHASH=FCEA32ABE79C10DFACC88F5335DD89DE

ParentProcessGuid: {fda94052-c1f6-658c-5c02-000000000b00}

ParentProcessId: 8712

ParentImage: C:\Windows\System32\cmd.exe

ParentCommandLine: ""cmd.exe"" /c netsh.exe advfirewall  show allprofiles  &amp; netsh.exe advfirewall firewall dump &amp; netsh.exe advfirewall show currentprofile &amp; netsh.exe advfirewall firewall show rule name=all &amp; netsh.exe firewall show state &amp; netsh.exe firewall show config &amp; sc query windefend &amp; powershell.exe /c ""Get-Process | Where-Object { $_.ProcessName -eq 'Sysmon' }"" &amp; powershell.exe /c ""Get-Service | where-object {$_.DisplayName -like '*sysm*'}"" &amp; powershell.exe /c ""Get-CimInstance Win32_Service -Filter 'Description = ''System Monitor service'''"" &amp; tasklist.exe &amp; tasklist.exe | findstr /i virus &amp; tasklist.exe | findstr /i cb &amp; tasklist.exe | findstr /i defender &amp; tasklist.exe | findstr /i cylance &amp; tasklist.exe | findstr /i mc &amp; tasklist.exe | findstr /i ""virus cb defender cylance mc""

ParentUser: WINDEV2309EVAL\User</Message>
      <Level>Information</Level>
      <Task>Process Create (rule: ProcessCreate)</Task>
      <Opcode>Info</Opcode>
    </RenderingInfo>
  </Event>
  
"
Microsoft-Windows-Sysmon/Operational,,,WinDev2309Eval,,,,22,9463,,,C:\Windows\system32\svchost.exe,,0x8000000000000000,Information,,,"Dns query:

RuleName: -

UtcTime: 2023-12-27 23:54:25.273

ProcessGuid: {fda94052-34f2-658d-3f00-000000000b00}

ProcessId: 2948

QueryName: wpad

QueryStatus: 1460

QueryResults: -

Image: C:\Windows\system32\svchost.exe

User: NT AUTHORITY\LOCAL SERVICE",Info,,,,,,,{fda94052-34f2-658d-3f00-000000000b00},7044,2948,,wpad,-,1460,"
      ",-,2023-12-28T00:31:57.4090996Z,,Dns query (rule: DnsQuery),,1124,NT AUTHORITY\LOCAL SERVICE,S-1-5-18,2023-12-27 23:54:25.273,5,"<Event xmlns=""http://schemas.microsoft.com/win/2004/08/events/event"">
    <System>
      <Provider Name=""Microsoft-Windows-Sysmon"" Guid=""{5770385f-c22a-43e0-bf4c-06f5698ffbd9}""/>
      <EventID>22</EventID>
      <Version>5</Version>
      <Level>4</Level>
      <Task>22</Task>
      <Opcode>0</Opcode>
      <Keywords>0x8000000000000000</Keywords>
      <TimeCreated SystemTime=""2023-12-28T00:31:57.4090996Z""/>
      <EventRecordID>9463</EventRecordID>
      <Correlation/>
      <Execution ProcessID=""7044"" ThreadID=""1124""/>
      <Channel>Microsoft-Windows-Sysmon/Operational</Channel>
      <Computer>WinDev2309Eval</Computer>
      <Security UserID=""S-1-5-18""/>
    </System>
    <EventData>
      <Data Name=""RuleName"">-</Data>
      <Data Name=""UtcTime"">2023-12-27 23:54:25.273</Data>
      <Data Name=""ProcessGuid"">{fda94052-34f2-658d-3f00-000000000b00}</Data>
      <Data Name=""ProcessId"">2948</Data>
      <Data Name=""QueryName"">wpad</Data>
      <Data Name=""QueryStatus"">1460</Data>
      <Data Name=""QueryResults"">-</Data>
      <Data Name=""Image"">C:\Windows\system32\svchost.exe</Data>
      <Data Name=""User"">NT AUTHORITY\LOCAL SERVICE</Data>
    </EventData>
    <RenderingInfo Culture=""en-US"">
      <Message>Dns query:

RuleName: -

UtcTime: 2023-12-27 23:54:25.273

ProcessGuid: {fda94052-34f2-658d-3f00-000000000b00}

ProcessId: 2948

QueryName: wpad

QueryStatus: 1460

QueryResults: -

Image: C:\Windows\system32\svchost.exe

User: NT AUTHORITY\LOCAL SERVICE</Message>
      <Level>Information</Level>
      <Task>Dns query (rule: DnsQuery)</Task>
      <Opcode>Info</Opcode>
    </RenderingInfo>
  </Event>
  
"
Microsoft-Windows-Sysmon/Operational,,,WinDev2309Eval,2023-12-28 00:31:56.803,,,11,9462,,,C:\Windows\System32\WindowsPowerShell\v1.0\powershell.exe,,0x8000000000000000,Information,,,"File created:

RuleName: -

UtcTime: 2023-12-28 00:31:56.803

ProcessGuid: {fda94052-c1fc-658c-6702-000000000b00}

ProcessId: 5776

Image: C:\Windows\System32\WindowsPowerShell\v1.0\powershell.exe

TargetFilename: C:\Users\User\AppData\Local\Temp\__PSScriptPolicyTest_k2knralr.kim.ps1

CreationUtcTime: 2023-12-28 00:31:56.803

User: WINDEV2309EVAL\User",Info,,,,,,,{fda94052-c1fc-658c-6702-000000000b00},7044,5776,,,,,"
      ",-,2023-12-28T00:31:56.8175453Z,C:\Users\User\AppData\Local\Temp\__PSScriptPolicyTest_k2knralr.kim.ps1,File created (rule: FileCreate),,6672,WINDEV2309EVAL\User,S-1-5-18,2023-12-28 00:31:56.803,2,"<Event xmlns=""http://schemas.microsoft.com/win/2004/08/events/event"">
    <System>
      <Provider Name=""Microsoft-Windows-Sysmon"" Guid=""{5770385f-c22a-43e0-bf4c-06f5698ffbd9}""/>
      <EventID>11</EventID>
      <Version>2</Version>
      <Level>4</Level>
      <Task>11</Task>
      <Opcode>0</Opcode>
      <Keywords>0x8000000000000000</Keywords>
      <TimeCreated SystemTime=""2023-12-28T00:31:56.8175453Z""/>
      <EventRecordID>9462</EventRecordID>
      <Correlation/>
      <Execution ProcessID=""7044"" ThreadID=""6672""/>
      <Channel>Microsoft-Windows-Sysmon/Operational</Channel>
      <Computer>WinDev2309Eval</Computer>
      <Security UserID=""S-1-5-18""/>
    </System>
    <EventData>
      <Data Name=""RuleName"">-</Data>
      <Data Name=""UtcTime"">2023-12-28 00:31:56.803</Data>
      <Data Name=""ProcessGuid"">{fda94052-c1fc-658c-6702-000000000b00}</Data>
      <Data Name=""ProcessId"">5776</Data>
      <Data Name=""Image"">C:\Windows\System32\WindowsPowerShell\v1.0\powershell.exe</Data>
      <Data Name=""TargetFilename"">C:\Users\User\AppData\Local\Temp\__PSScriptPolicyTest_k2knralr.kim.ps1</Data>
      <Data Name=""CreationUtcTime"">2023-12-28 00:31:56.803</Data>
      <Data Name=""User"">WINDEV2309EVAL\User</Data>
    </EventData>
    <RenderingInfo Culture=""en-US"">
      <Message>File created:

RuleName: -

UtcTime: 2023-12-28 00:31:56.803

ProcessGuid: {fda94052-c1fc-658c-6702-000000000b00}

ProcessId: 5776

Image: C:\Windows\System32\WindowsPowerShell\v1.0\powershell.exe

TargetFilename: C:\Users\User\AppData\Local\Temp\__PSScriptPolicyTest_k2knralr.kim.ps1

CreationUtcTime: 2023-12-28 00:31:56.803

User: WINDEV2309EVAL\User</Message>
      <Level>Information</Level>
      <Task>File created (rule: FileCreate)</Task>
      <Opcode>Info</Opcode>
    </RenderingInfo>
  </Event>
  
"
