Microsoft-Windows-Sysmon/Operational,,,WinDev2309Eval,,,,22,9447,,,C:\Windows\system32\svchost.exe,,0x8000000000000000,Information,,,"Dns query:

RuleName: -

UtcTime: 2023-12-27 23:54:22.867

ProcessGuid: {fda94052-34f2-658d-3f00-000000000b00}

ProcessId: 2948

QueryName: wpad

QueryStatus: 1460

QueryResults: -

Image: C:\Windows\system32\svchost.exe

User: NT AUTHORITY\LOCAL SERVICE",Info,,,,,,,{fda94052-34f2-658d-3f00-000000000b00},7044,2948,,wpad,-,1460,"
      ",-,2023-12-28T00:31:54.2557655Z,,Dns query (rule: DnsQuery),,1124,NT AUTHORITY\LOCAL SERVICE,S-1-5-18,2023-12-27 23:54:22.867,5,"<Event xmlns=""http://schemas.microsoft.com/win/2004/08/events/event"">
    <System>
      <Provider Name=""Microsoft-Windows-Sysmon"" Guid=""{5770385f-c22a-43e0-bf4c-06f5698ffbd9}""/>
      <EventID>22</EventID>
      <Version>5</Version>
      <Level>4</Level>
      <Task>22</Task>
      <Opcode>0</Opcode>
      <Keywords>0x8000000000000000</Keywords>
      <TimeCreated SystemTime=""2023-12-28T00:31:54.2557655Z""/>
      <EventRecordID>9447</EventRecordID>
      <Correlation/>
      <Execution ProcessID=""7044"" ThreadID=""1124""/>
      <Channel>Microsoft-Windows-Sysmon/Operational</Channel>
      <Computer>WinDev2309Eval</Computer>
      <Security UserID=""S-1-5-18""/>
    </System>
    <EventData>
      <Data Name=""RuleName"">-</Data>
      <Data Name=""UtcTime"">2023-12-27 23:54:22.867</Data>
      <Data Name=""ProcessGuid"">{fda94052-34f2-658d-3f00-000000000b00}</Data>
      <Data Name=""ProcessId"">2948</Data>
      <Data Name=""QueryName"">wpad</Data>
      <Data Name=""QueryStatus"">1460</Data>
      <Data Name=""QueryResults"">-</Data>
      <Data Name=""Image"">C:\Windows\system32\svchost.exe</Data>
      <Data Name=""User"">NT AUTHORITY\LOCAL SERVICE</Data>
    </EventData>
    <RenderingInfo Culture=""en-US"">
      <Message>Dns query:

RuleName: -

UtcTime: 2023-12-27 23:54:22.867

ProcessGuid: {fda94052-34f2-658d-3f00-000000000b00}

ProcessId: 2948

QueryName: wpad

QueryStatus: 1460

QueryResults: -

Image: C:\Windows\system32\svchost.exe

User: NT AUTHORITY\LOCAL SERVICE</Message>
      <Level>Information</Level>
      <Task>Dns query (rule: DnsQuery)</Task>
      <Opcode>Info</Opcode>
    </RenderingInfo>
  </Event>
  
"
Microsoft-Windows-Sysmon/Operational,,,WinDev2309Eval,2023-12-28 00:31:53.308,,,11,9446,,,C:\Windows\System32\WindowsPowerShell\v1.0\powershell.exe,,0x8000000000000000,Information,,,"File created:

RuleName: -

UtcTime: 2023-12-28 00:31:53.308

ProcessGuid: {fda94052-c1f9-658c-6502-000000000b00}

ProcessId: 6776

Image: C:\Windows\System32\WindowsPowerShell\v1.0\powershell.exe

TargetFilename: C:\Users\User\AppData\Local\Temp\__PSScriptPolicyTest_ag15terv.qlk.ps1

CreationUtcTime: 2023-12-28 00:31:53.308

User: WINDEV2309EVAL\User",Info,,,,,,,{fda94052-c1f9-658c-6502-000000000b00},7044,6776,,,,,"
      ",-,2023-12-28T00:31:53.3224280Z,C:\Users\User\AppData\Local\Temp\__PSScriptPolicyTest_ag15terv.qlk.ps1,File created (rule: FileCreate),,6672,WINDEV2309EVAL\User,S-1-5-18,2023-12-28 00:31:53.308,2,"<Event xmlns=""http://schemas.microsoft.com/win/2004/08/events/event"">
    <System>
      <Provider Name=""Microsoft-Windows-Sysmon"" Guid=""{5770385f-c22a-43e0-bf4c-06f5698ffbd9}""/>
      <EventID>11</EventID>
      <Version>2</Version>
      <Level>4</Level>
      <Task>11</Task>
      <Opcode>0</Opcode>
      <Keywords>0x8000000000000000</Keywords>
      <TimeCreated SystemTime=""2023-12-28T00:31:53.3224280Z""/>
      <EventRecordID>9446</EventRecordID>
      <Correlation/>
      <Execution ProcessID=""7044"" ThreadID=""6672""/>
      <Channel>Microsoft-Windows-Sysmon/Operational</Channel>
      <Computer>WinDev2309Eval</Computer>
      <Security UserID=""S-1-5-18""/>
    </System>
    <EventData>
      <Data Name=""RuleName"">-</Data>
      <Data Name=""UtcTime"">2023-12-28 00:31:53.308</Data>
      <Data Name=""ProcessGuid"">{fda94052-c1f9-658c-6502-000000000b00}</Data>
      <Data Name=""ProcessId"">6776</Data>
      <Data Name=""Image"">C:\Windows\System32\WindowsPowerShell\v1.0\powershell.exe</Data>
      <Data Name=""TargetFilename"">C:\Users\User\AppData\Local\Temp\__PSScriptPolicyTest_ag15terv.qlk.ps1</Data>
      <Data Name=""CreationUtcTime"">2023-12-28 00:31:53.308</Data>
      <Data Name=""User"">WINDEV2309EVAL\User</Data>
    </EventData>
    <RenderingInfo Culture=""en-US"">
      <Message>File created:

RuleName: -

UtcTime: 2023-12-28 00:31:53.308

ProcessGuid: {fda94052-c1f9-658c-6502-000000000b00}

ProcessId: 6776

Image: C:\Windows\System32\WindowsPowerShell\v1.0\powershell.exe

TargetFilename: C:\Users\User\AppData\Local\Temp\__PSScriptPolicyTest_ag15terv.qlk.ps1

CreationUtcTime: 2023-12-28 00:31:53.308

User: WINDEV2309EVAL\User</Message>
      <Level>Information</Level>
      <Task>File created (rule: FileCreate)</Task>
      <Opcode>Info</Opcode>
    </RenderingInfo>
  </Event>
  
"
Microsoft-Windows-Sysmon/Operational,"powershell.exe  /c ""Get-Process | Where-Object { $_.ProcessName -eq 'Sysmon' }"" ",Microsoft Corporation,WinDev2309Eval,,C:\Users\User\AppData\Local\Temp\,Windows PowerShell,1,9445,10.0.22621.2215 (WinBuild.160101.0800),"MD5=824B9F337E68DD8C117595071AC11E23,SHA256=17083405E7DECB3DDEF837C2FA599293A4E8133736969DFD5CE92EF15608A587,IMPHASH=51B0FFFA02CA6C1B85189E2E6C139F36",C:\Windows\System32\WindowsPowerShell\v1.0\powershell.exe,Medium,0x8000000000000000,Information,{fda94052-3502-658d-b367-080000000000},0x867b3,"Process Create:

RuleName: -

UtcTime: 2023-12-28 00:31:53.150

ProcessGuid: {fda94052-c1f9-658c-6502-000000000b00}

ProcessId: 6776

Image: C:\Windows\System32\WindowsPowerShell\v1.0\powershell.exe

FileVersion: 10.0.22621.2215 (WinBuild.160101.0800)

Description: Windows PowerShell

Product: Microsoft® Windows® Operating System

Company: Microsoft Corporation

OriginalFileName: PowerShell.EXE

CommandLine: powershell.exe  /c ""Get-Process | Where-Object { $_.ProcessName -eq 'Sysmon' }"" 

CurrentDirectory: C:\Users\User\AppData\Local\Temp\

User: WINDEV2309EVAL\User

LogonGuid: {fda94052-3502-658d-b367-080000000000}

LogonId: 0x867B3

TerminalSessionId: 1

IntegrityLevel: Medium

Hashes: MD5=824B9F337E68DD8C117595071AC11E23,SHA256=17083405E7DECB3DDEF837C2FA599293A4E8133736969DFD5CE92EF15608A587,IMPHASH=51B0FFFA02CA6C1B85189E2E6C139F36

ParentProcessGuid: {fda94052-c1f6-658c-5c02-000000000b00}

ParentProcessId: 8712

ParentImage: C:\Windows\System32\cmd.exe

ParentCommandLine: ""cmd.exe"" /c netsh.exe advfirewall  show allprofiles  & netsh.exe advfirewall firewall dump & netsh.exe advfirewall show currentprofile & netsh.exe advfirewall firewall show rule name=all & netsh.exe firewall show state & netsh.exe firewall show config & sc query windefend & powershell.exe /c ""Get-Process | Where-Object { $_.ProcessName -eq 'Sysmon' }"" & powershell.exe /c ""Get-Service | where-object {$_.DisplayName -like '*sysm*'}"" & powershell.exe /c ""Get-CimInstance Win32_Service -Filter 'Description = ''System Monitor service'''"" & tasklist.exe & tasklist.exe | findstr /i virus & tasklist.exe | findstr /i cb & tasklist.exe | findstr /i defender & tasklist.exe | findstr /i cylance & tasklist.exe | findstr /i mc & tasklist.exe | findstr /i ""virus cb defender cylance mc""

ParentUser: WINDEV2309EVAL\User",Info,PowerShell.EXE,"""cmd.exe"" /c netsh.exe advfirewall  show allprofiles  & netsh.exe advfirewall firewall dump & netsh.exe advfirewall show currentprofile & netsh.exe advfirewall firewall show rule name=all & netsh.exe firewall show state & netsh.exe firewall show config & sc query windefend & powershell.exe /c ""Get-Process | Where-Object { $_.ProcessName -eq 'Sysmon' }"" & powershell.exe /c ""Get-Service | where-object {$_.DisplayName -like '*sysm*'}"" & powershell.exe /c ""Get-CimInstance Win32_Service -Filter 'Description = ''System Monitor service'''"" & tasklist.exe & tasklist.exe | findstr /i virus & tasklist.exe | findstr /i cb & tasklist.exe | findstr /i defender & tasklist.exe | findstr /i cylance & tasklist.exe | findstr /i mc & tasklist.exe | findstr /i ""virus cb defender cylance mc""",C:\Windows\System32\cmd.exe,{fda94052-c1f6-658c-5c02-000000000b00},8712,WINDEV2309EVAL\User,{fda94052-c1f9-658c-6502-000000000b00},7044,6776,Microsoft® Windows® Operating System,,,,"
      ",-,2023-12-28T00:31:53.1523602Z,,Process Create (rule: ProcessCreate),1,6672,WINDEV2309EVAL\User,S-1-5-18,2023-12-28 00:31:53.150,5,"<Event xmlns=""http://schemas.microsoft.com/win/2004/08/events/event"">
    <System>
      <Provider Name=""Microsoft-Windows-Sysmon"" Guid=""{5770385f-c22a-43e0-bf4c-06f5698ffbd9}""/>
      <EventID>1</EventID>
      <Version>5</Version>
      <Level>4</Level>
      <Task>1</Task>
      <Opcode>0</Opcode>
      <Keywords>0x8000000000000000</Keywords>
      <TimeCreated SystemTime=""2023-12-28T00:31:53.1523602Z""/>
      <EventRecordID>9445</EventRecordID>
      <Correlation/>
      <Execution ProcessID=""7044"" ThreadID=""6672""/>
      <Channel>Microsoft-Windows-Sysmon/Operational</Channel>
      <Computer>WinDev2309Eval</Computer>
      <Security UserID=""S-1-5-18""/>
    </System>
    <EventData>
      <Data Name=""RuleName"">-</Data>
      <Data Name=""UtcTime"">2023-12-28 00:31:53.150</Data>
      <Data Name=""ProcessGuid"">{fda94052-c1f9-658c-6502-000000000b00}</Data>
      <Data Name=""ProcessId"">6776</Data>
      <Data Name=""Image"">C:\Windows\System32\WindowsPowerShell\v1.0\powershell.exe</Data>
      <Data Name=""FileVersion"">10.0.22621.2215 (WinBuild.160101.0800)</Data>
      <Data Name=""Description"">Windows PowerShell</Data>
      <Data Name=""Product"">Microsoft&#174; Windows&#174; Operating System</Data>
      <Data Name=""Company"">Microsoft Corporation</Data>
      <Data Name=""OriginalFileName"">PowerShell.EXE</Data>
      <Data Name=""CommandLine"">powershell.exe  /c ""Get-Process | Where-Object { $_.ProcessName -eq 'Sysmon' }"" </Data>
      <Data Name=""CurrentDirectory"">C:\Users\User\AppData\Local\Temp\</Data>
      <Data Name=""User"">WINDEV2309EVAL\User</Data>
      <Data Name=""LogonGuid"">{fda94052-3502-658d-b367-080000000000}</Data>
      <Data Name=""LogonId"">0x867b3</Data>
      <Data Name=""TerminalSessionId"">1</Data>
      <Data Name=""IntegrityLevel"">Medium</Data>
      <Data Name=""Hashes"">MD5=824B9F337E68DD8C117595071AC11E23,SHA256=17083405E7DECB3DDEF837C2FA599293A4E8133736969DFD5CE92EF15608A587,IMPHASH=51B0FFFA02CA6C1B85189E2E6C139F36</Data>
      <Data Name=""ParentProcessGuid"">{fda94052-c1f6-658c-5c02-000000000b00}</Data>
      <Data Name=""ParentProcessId"">8712</Data>
      <Data Name=""ParentImage"">C:\Windows\System32\cmd.exe</Data>
      <Data Name=""ParentCommandLine"">""cmd.exe"" /c netsh.exe advfirewall  show allprofiles  &amp; netsh.exe advfirewall firewall dump &amp; netsh.exe advfirewall show currentprofile &amp; netsh.exe advfirewall firewall show rule name=all &amp; netsh.exe firewall show state &amp; netsh.exe firewall show config &amp; sc query windefend &amp; powershell.exe /c ""Get-Process | Where-Object { $_.ProcessName -eq 'Sysmon' }"" &amp; powershell.exe /c ""Get-Service | where-object {$_.DisplayName -like '*sysm*'}"" &amp; powershell.exe /c ""Get-CimInstance Win32_Service -Filter 'Description = ''System Monitor service'''"" &amp; tasklist.exe &amp; tasklist.exe | findstr /i virus &amp; tasklist.exe | findstr /i cb &amp; tasklist.exe | findstr /i defender &amp; tasklist.exe | findstr /i cylance &amp; tasklist.exe | findstr /i mc &amp; tasklist.exe | findstr /i ""virus cb defender cylance mc""</Data>
      <Data Name=""ParentUser"">WINDEV2309EVAL\User</Data>
    </EventData>
    <RenderingInfo Culture=""en-US"">
      <Message>Process Create:

RuleName: -

UtcTime: 2023-12-28 00:31:53.150

ProcessGuid: {fda94052-c1f9-658c-6502-000000000b00}

ProcessId: 6776

Image: C:\Windows\System32\WindowsPowerShell\v1.0\powershell.exe

FileVersion: 10.0.22621.2215 (WinBuild.160101.0800)

Description: Windows PowerShell

Product: Microsoft&#174; Windows&#174; Operating System

Company: Microsoft Corporation

OriginalFileName: PowerShell.EXE

CommandLine: powershell.exe  /c ""Get-Process | Where-Object { $_.ProcessName -eq 'Sysmon' }"" 

CurrentDirectory: C:\Users\User\AppData\Local\Temp\

User: WINDEV2309EVAL\User

LogonGuid: {fda94052-3502-658d-b367-080000000000}

LogonId: 0x867B3

TerminalSessionId: 1

IntegrityLevel: Medium

Hashes: MD5=824B9F337E68DD8C117595071AC11E23,SHA256=17083405E7DECB3DDEF837C2FA599293A4E8133736969DFD5CE92EF15608A587,IMPHASH=51B0FFFA02CA6C1B85189E2E6C139F36

ParentProcessGuid: {fda94052-c1f6-658c-5c02-000000000b00}

ParentProcessId: 8712

ParentImage: C:\Windows\System32\cmd.exe

ParentCommandLine: ""cmd.exe"" /c netsh.exe advfirewall  show allprofiles  &amp; netsh.exe advfirewall firewall dump &amp; netsh.exe advfirewall show currentprofile &amp; netsh.exe advfirewall firewall show rule name=all &amp; netsh.exe firewall show state &amp; netsh.exe firewall show config &amp; sc query windefend &amp; powershell.exe /c ""Get-Process | Where-Object { $_.ProcessName -eq 'Sysmon' }"" &amp; powershell.exe /c ""Get-Service | where-object {$_.DisplayName -like '*sysm*'}"" &amp; powershell.exe /c ""Get-CimInstance Win32_Service -Filter 'Description = ''System Monitor service'''"" &amp; tasklist.exe &amp; tasklist.exe | findstr /i virus &amp; tasklist.exe | findstr /i cb &amp; tasklist.exe | findstr /i defender &amp; tasklist.exe | findstr /i cylance &amp; tasklist.exe | findstr /i mc &amp; tasklist.exe | findstr /i ""virus cb defender cylance mc""

ParentUser: WINDEV2309EVAL\User</Message>
      <Level>Information</Level>
      <Task>Process Create (rule: ProcessCreate)</Task>
      <Opcode>Info</Opcode>
    </RenderingInfo>
  </Event>
  
"
Microsoft-Windows-Sysmon/Operational,sc  query windefend ,Microsoft Corporation,WinDev2309Eval,,C:\Users\User\AppData\Local\Temp\,Service Control Manager Configuration Tool,1,9444,10.0.22621.1 (WinBuild.160101.0800),"MD5=FF2A4319FA5531F0D7B98DBBA9ABBD4A,SHA256=67CBE3A7B9C9B7A2E9FB10A33C1A9A3FD297B6F1598AEA374BD9B5D2DEE352EC,IMPHASH=42DADBD60BBC453DD1773FDC089E19B7",C:\Windows\System32\sc.exe,Medium,0x8000000000000000,Information,{fda94052-3502-658d-b367-080000000000},0x867b3,"Process Create:

RuleName: -

UtcTime: 2023-12-28 00:31:53.134

ProcessGuid: {fda94052-c1f9-658c-6402-000000000b00}

ProcessId: 948

Image: C:\Windows\System32\sc.exe

FileVersion: 10.0.22621.1 (WinBuild.160101.0800)

Description: Service Control Manager Configuration Tool

Product: Microsoft® Windows® Operating System

Company: Microsoft Corporation

OriginalFileName: sc.exe

CommandLine: sc  query windefend 

CurrentDirectory: C:\Users\User\AppData\Local\Temp\

User: WINDEV2309EVAL\User

LogonGuid: {fda94052-3502-658d-b367-080000000000}

LogonId: 0x867B3

TerminalSessionId: 1

IntegrityLevel: Medium

Hashes: MD5=FF2A4319FA5531F0D7B98DBBA9ABBD4A,SHA256=67CBE3A7B9C9B7A2E9FB10A33C1A9A3FD297B6F1598AEA374BD9B5D2DEE352EC,IMPHASH=42DADBD60BBC453DD1773FDC089E19B7

ParentProcessGuid: {fda94052-c1f6-658c-5c02-000000000b00}

ParentProcessId: 8712

ParentImage: C:\Windows\System32\cmd.exe

ParentCommandLine: ""cmd.exe"" /c netsh.exe advfirewall  show allprofiles  & netsh.exe advfirewall firewall dump & netsh.exe advfirewall show currentprofile & netsh.exe advfirewall firewall show rule name=all & netsh.exe firewall show state & netsh.exe firewall show config & sc query windefend & powershell.exe /c ""Get-Process | Where-Object { $_.ProcessName -eq 'Sysmon' }"" & powershell.exe /c ""Get-Service | where-object {$_.DisplayName -like '*sysm*'}"" & powershell.exe /c ""Get-CimInstance Win32_Service -Filter 'Description = ''System Monitor service'''"" & tasklist.exe & tasklist.exe | findstr /i virus & tasklist.exe | findstr /i cb & tasklist.exe | findstr /i defender & tasklist.exe | findstr /i cylance & tasklist.exe | findstr /i mc & tasklist.exe | findstr /i ""virus cb defender cylance mc""

ParentUser: WINDEV2309EVAL\User",Info,sc.exe,"""cmd.exe"" /c netsh.exe advfirewall  show allprofiles  & netsh.exe advfirewall firewall dump & netsh.exe advfirewall show currentprofile & netsh.exe advfirewall firewall show rule name=all & netsh.exe firewall show state & netsh.exe firewall show config & sc query windefend & powershell.exe /c ""Get-Process | Where-Object { $_.ProcessName -eq 'Sysmon' }"" & powershell.exe /c ""Get-Service | where-object {$_.DisplayName -like '*sysm*'}"" & powershell.exe /c ""Get-CimInstance Win32_Service -Filter 'Description = ''System Monitor service'''"" & tasklist.exe & tasklist.exe | findstr /i virus & tasklist.exe | findstr /i cb & tasklist.exe | findstr /i defender & tasklist.exe | findstr /i cylance & tasklist.exe | findstr /i mc & tasklist.exe | findstr /i ""virus cb defender cylance mc""",C:\Windows\System32\cmd.exe,{fda94052-c1f6-658c-5c02-000000000b00},8712,WINDEV2309EVAL\User,{fda94052-c1f9-658c-6402-000000000b00},7044,948,Microsoft® Windows® Operating System,,,,"
      ",-,2023-12-28T00:31:53.1355839Z,,Process Create (rule: ProcessCreate),1,6672,WINDEV2309EVAL\User,S-1-5-18,2023-12-28 00:31:53.134,5,"<Event xmlns=""http://schemas.microsoft.com/win/2004/08/events/event"">
    <System>
      <Provider Name=""Microsoft-Windows-Sysmon"" Guid=""{5770385f-c22a-43e0-bf4c-06f5698ffbd9}""/>
      <EventID>1</EventID>
      <Version>5</Version>
      <Level>4</Level>
      <Task>1</Task>
      <Opcode>0</Opcode>
      <Keywords>0x8000000000000000</Keywords>
      <TimeCreated SystemTime=""2023-12-28T00:31:53.1355839Z""/>
      <EventRecordID>9444</EventRecordID>
      <Correlation/>
      <Execution ProcessID=""7044"" ThreadID=""6672""/>
      <Channel>Microsoft-Windows-Sysmon/Operational</Channel>
      <Computer>WinDev2309Eval</Computer>
      <Security UserID=""S-1-5-18""/>
    </System>
    <EventData>
      <Data Name=""RuleName"">-</Data>
      <Data Name=""UtcTime"">2023-12-28 00:31:53.134</Data>
      <Data Name=""ProcessGuid"">{fda94052-c1f9-658c-6402-000000000b00}</Data>
      <Data Name=""ProcessId"">948</Data>
      <Data Name=""Image"">C:\Windows\System32\sc.exe</Data>
      <Data Name=""FileVersion"">10.0.22621.1 (WinBuild.160101.0800)</Data>
      <Data Name=""Description"">Service Control Manager Configuration Tool</Data>
      <Data Name=""Product"">Microsoft&#174; Windows&#174; Operating System</Data>
      <Data Name=""Company"">Microsoft Corporation</Data>
      <Data Name=""OriginalFileName"">sc.exe</Data>
      <Data Name=""CommandLine"">sc  query windefend </Data>
      <Data Name=""CurrentDirectory"">C:\Users\User\AppData\Local\Temp\</Data>
      <Data Name=""User"">WINDEV2309EVAL\User</Data>
      <Data Name=""LogonGuid"">{fda94052-3502-658d-b367-080000000000}</Data>
      <Data Name=""LogonId"">0x867b3</Data>
      <Data Name=""TerminalSessionId"">1</Data>
      <Data Name=""IntegrityLevel"">Medium</Data>
      <Data Name=""Hashes"">MD5=FF2A4319FA5531F0D7B98DBBA9ABBD4A,SHA256=67CBE3A7B9C9B7A2E9FB10A33C1A9A3FD297B6F1598AEA374BD9B5D2DEE352EC,IMPHASH=42DADBD60BBC453DD1773FDC089E19B7</Data>
      <Data Name=""ParentProcessGuid"">{fda94052-c1f6-658c-5c02-000000000b00}</Data>
      <Data Name=""ParentProcessId"">8712</Data>
      <Data Name=""ParentImage"">C:\Windows\System32\cmd.exe</Data>
      <Data Name=""ParentCommandLine"">""cmd.exe"" /c netsh.exe advfirewall  show allprofiles  &amp; netsh.exe advfirewall firewall dump &amp; netsh.exe advfirewall show currentprofile &amp; netsh.exe advfirewall firewall show rule name=all &amp; netsh.exe firewall show state &amp; netsh.exe firewall show config &amp; sc query windefend &amp; powershell.exe /c ""Get-Process | Where-Object { $_.ProcessName -eq 'Sysmon' }"" &amp; powershell.exe /c ""Get-Service | where-object {$_.DisplayName -like '*sysm*'}"" &amp; powershell.exe /c ""Get-CimInstance Win32_Service -Filter 'Description = ''System Monitor service'''"" &amp; tasklist.exe &amp; tasklist.exe | findstr /i virus &amp; tasklist.exe | findstr /i cb &amp; tasklist.exe | findstr /i defender &amp; tasklist.exe | findstr /i cylance &amp; tasklist.exe | findstr /i mc &amp; tasklist.exe | findstr /i ""virus cb defender cylance mc""</Data>
      <Data Name=""ParentUser"">WINDEV2309EVAL\User</Data>
    </EventData>
    <RenderingInfo Culture=""en-US"">
      <Message>Process Create:

RuleName: -

UtcTime: 2023-12-28 00:31:53.134

ProcessGuid: {fda94052-c1f9-658c-6402-000000000b00}

ProcessId: 948

Image: C:\Windows\System32\sc.exe

FileVersion: 10.0.22621.1 (WinBuild.160101.0800)

Description: Service Control Manager Configuration Tool

Product: Microsoft&#174; Windows&#174; Operating System

Company: Microsoft Corporation

OriginalFileName: sc.exe

CommandLine: sc  query windefend 

CurrentDirectory: C:\Users\User\AppData\Local\Temp\

User: WINDEV2309EVAL\User

LogonGuid: {fda94052-3502-658d-b367-080000000000}

LogonId: 0x867B3

TerminalSessionId: 1

IntegrityLevel: Medium

Hashes: MD5=FF2A4319FA5531F0D7B98DBBA9ABBD4A,SHA256=67CBE3A7B9C9B7A2E9FB10A33C1A9A3FD297B6F1598AEA374BD9B5D2DEE352EC,IMPHASH=42DADBD60BBC453DD1773FDC089E19B7

ParentProcessGuid: {fda94052-c1f6-658c-5c02-000000000b00}

ParentProcessId: 8712

ParentImage: C:\Windows\System32\cmd.exe

ParentCommandLine: ""cmd.exe"" /c netsh.exe advfirewall  show allprofiles  &amp; netsh.exe advfirewall firewall dump &amp; netsh.exe advfirewall show currentprofile &amp; netsh.exe advfirewall firewall show rule name=all &amp; netsh.exe firewall show state &amp; netsh.exe firewall show config &amp; sc query windefend &amp; powershell.exe /c ""Get-Process | Where-Object { $_.ProcessName -eq 'Sysmon' }"" &amp; powershell.exe /c ""Get-Service | where-object {$_.DisplayName -like '*sysm*'}"" &amp; powershell.exe /c ""Get-CimInstance Win32_Service -Filter 'Description = ''System Monitor service'''"" &amp; tasklist.exe &amp; tasklist.exe | findstr /i virus &amp; tasklist.exe | findstr /i cb &amp; tasklist.exe | findstr /i defender &amp; tasklist.exe | findstr /i cylance &amp; tasklist.exe | findstr /i mc &amp; tasklist.exe | findstr /i ""virus cb defender cylance mc""

ParentUser: WINDEV2309EVAL\User</Message>
      <Level>Information</Level>
      <Task>Process Create (rule: ProcessCreate)</Task>
      <Opcode>Info</Opcode>
    </RenderingInfo>
  </Event>
  
"
Microsoft-Windows-Sysmon/Operational,netsh.exe  firewall show config ,Microsoft Corporation,WinDev2309Eval,,C:\Users\User\AppData\Local\Temp\,Network Command Shell,1,9443,10.0.22621.1 (WinBuild.160101.0800),"MD5=52B4651083081201E243E97ED965B60A,SHA256=3E91414A1A005937925E449627D4634E73B1DA9DC12D1008B1BAA54C77637C44,IMPHASH=06F091DBEC9C3F0DD14808FFE59B95DE",C:\Windows\System32\netsh.exe,Medium,0x8000000000000000,Information,{fda94052-3502-658d-b367-080000000000},0x867b3,"Process Create:

RuleName: -

UtcTime: 2023-12-28 00:31:52.304

ProcessGuid: {fda94052-c1f8-658c-6302-000000000b00}

ProcessId: 10804

Image: C:\Windows\System32\netsh.exe

FileVersion: 10.0.22621.1 (WinBuild.160101.0800)

Description: Network Command Shell

Product: Microsoft® Windows® Operating System

Company: Microsoft Corporation

OriginalFileName: netsh.exe

CommandLine: netsh.exe  firewall show config 

CurrentDirectory: C:\Users\User\AppData\Local\Temp\

User: WINDEV2309EVAL\User

LogonGuid: {fda94052-3502-658d-b367-080000000000}

LogonId: 0x867B3

TerminalSessionId: 1

IntegrityLevel: Medium

Hashes: MD5=52B4651083081201E243E97ED965B60A,SHA256=3E91414A1A005937925E449627D4634E73B1DA9DC12D1008B1BAA54C77637C44,IMPHASH=06F091DBEC9C3F0DD14808FFE59B95DE

ParentProcessGuid: {fda94052-c1f6-658c-5c02-000000000b00}

ParentProcessId: 8712

ParentImage: C:\Windows\System32\cmd.exe

ParentCommandLine: ""cmd.exe"" /c netsh.exe advfirewall  show allprofiles  & netsh.exe advfirewall firewall dump & netsh.exe advfirewall show currentprofile & netsh.exe advfirewall firewall show rule name=all & netsh.exe firewall show state & netsh.exe firewall show config & sc query windefend & powershell.exe /c ""Get-Process | Where-Object { $_.ProcessName -eq 'Sysmon' }"" & powershell.exe /c ""Get-Service | where-object {$_.DisplayName -like '*sysm*'}"" & powershell.exe /c ""Get-CimInstance Win32_Service -Filter 'Description = ''System Monitor service'''"" & tasklist.exe & tasklist.exe | findstr /i virus & tasklist.exe | findstr /i cb & tasklist.exe | findstr /i defender & tasklist.exe | findstr /i cylance & tasklist.exe | findstr /i mc & tasklist.exe | findstr /i ""virus cb defender cylance mc""

ParentUser: WINDEV2309EVAL\User",Info,netsh.exe,"""cmd.exe"" /c netsh.exe advfirewall  show allprofiles  & netsh.exe advfirewall firewall dump & netsh.exe advfirewall show currentprofile & netsh.exe advfirewall firewall show rule name=all & netsh.exe firewall show state & netsh.exe firewall show config & sc query windefend & powershell.exe /c ""Get-Process | Where-Object { $_.ProcessName -eq 'Sysmon' }"" & powershell.exe /c ""Get-Service | where-object {$_.DisplayName -like '*sysm*'}"" & powershell.exe /c ""Get-CimInstance Win32_Service -Filter 'Description = ''System Monitor service'''"" & tasklist.exe & tasklist.exe | findstr /i virus & tasklist.exe | findstr /i cb & tasklist.exe | findstr /i defender & tasklist.exe | findstr /i cylance & tasklist.exe | findstr /i mc & tasklist.exe | findstr /i ""virus cb defender cylance mc""",C:\Windows\System32\cmd.exe,{fda94052-c1f6-658c-5c02-000000000b00},8712,WINDEV2309EVAL\User,{fda94052-c1f8-658c-6302-000000000b00},7044,10804,Microsoft® Windows® Operating System,,,,"
      ",-,2023-12-28T00:31:52.3056046Z,,Process Create (rule: ProcessCreate),1,6672,WINDEV2309EVAL\User,S-1-5-18,2023-12-28 00:31:52.304,5,"<Event xmlns=""http://schemas.microsoft.com/win/2004/08/events/event"">
    <System>
      <Provider Name=""Microsoft-Windows-Sysmon"" Guid=""{5770385f-c22a-43e0-bf4c-06f5698ffbd9}""/>
      <EventID>1</EventID>
      <Version>5</Version>
      <Level>4</Level>
      <Task>1</Task>
      <Opcode>0</Opcode>
      <Keywords>0x8000000000000000</Keywords>
      <TimeCreated SystemTime=""2023-12-28T00:31:52.3056046Z""/>
      <EventRecordID>9443</EventRecordID>
      <Correlation/>
      <Execution ProcessID=""7044"" ThreadID=""6672""/>
      <Channel>Microsoft-Windows-Sysmon/Operational</Channel>
      <Computer>WinDev2309Eval</Computer>
      <Security UserID=""S-1-5-18""/>
    </System>
    <EventData>
      <Data Name=""RuleName"">-</Data>
      <Data Name=""UtcTime"">2023-12-28 00:31:52.304</Data>
      <Data Name=""ProcessGuid"">{fda94052-c1f8-658c-6302-000000000b00}</Data>
      <Data Name=""ProcessId"">10804</Data>
      <Data Name=""Image"">C:\Windows\System32\netsh.exe</Data>
      <Data Name=""FileVersion"">10.0.22621.1 (WinBuild.160101.0800)</Data>
      <Data Name=""Description"">Network Command Shell</Data>
      <Data Name=""Product"">Microsoft&#174; Windows&#174; Operating System</Data>
      <Data Name=""Company"">Microsoft Corporation</Data>
      <Data Name=""OriginalFileName"">netsh.exe</Data>
      <Data Name=""CommandLine"">netsh.exe  firewall show config </Data>
      <Data Name=""CurrentDirectory"">C:\Users\User\AppData\Local\Temp\</Data>
      <Data Name=""User"">WINDEV2309EVAL\User</Data>
      <Data Name=""LogonGuid"">{fda94052-3502-658d-b367-080000000000}</Data>
      <Data Name=""LogonId"">0x867b3</Data>
      <Data Name=""TerminalSessionId"">1</Data>
      <Data Name=""IntegrityLevel"">Medium</Data>
      <Data Name=""Hashes"">MD5=52B4651083081201E243E97ED965B60A,SHA256=3E91414A1A005937925E449627D4634E73B1DA9DC12D1008B1BAA54C77637C44,IMPHASH=06F091DBEC9C3F0DD14808FFE59B95DE</Data>
      <Data Name=""ParentProcessGuid"">{fda94052-c1f6-658c-5c02-000000000b00}</Data>
      <Data Name=""ParentProcessId"">8712</Data>
      <Data Name=""ParentImage"">C:\Windows\System32\cmd.exe</Data>
      <Data Name=""ParentCommandLine"">""cmd.exe"" /c netsh.exe advfirewall  show allprofiles  &amp; netsh.exe advfirewall firewall dump &amp; netsh.exe advfirewall show currentprofile &amp; netsh.exe advfirewall firewall show rule name=all &amp; netsh.exe firewall show state &amp; netsh.exe firewall show config &amp; sc query windefend &amp; powershell.exe /c ""Get-Process | Where-Object { $_.ProcessName -eq 'Sysmon' }"" &amp; powershell.exe /c ""Get-Service | where-object {$_.DisplayName -like '*sysm*'}"" &amp; powershell.exe /c ""Get-CimInstance Win32_Service -Filter 'Description = ''System Monitor service'''"" &amp; tasklist.exe &amp; tasklist.exe | findstr /i virus &amp; tasklist.exe | findstr /i cb &amp; tasklist.exe | findstr /i defender &amp; tasklist.exe | findstr /i cylance &amp; tasklist.exe | findstr /i mc &amp; tasklist.exe | findstr /i ""virus cb defender cylance mc""</Data>
      <Data Name=""ParentUser"">WINDEV2309EVAL\User</Data>
    </EventData>
    <RenderingInfo Culture=""en-US"">
      <Message>Process Create:

RuleName: -

UtcTime: 2023-12-28 00:31:52.304

ProcessGuid: {fda94052-c1f8-658c-6302-000000000b00}

ProcessId: 10804

Image: C:\Windows\System32\netsh.exe

FileVersion: 10.0.22621.1 (WinBuild.160101.0800)

Description: Network Command Shell

Product: Microsoft&#174; Windows&#174; Operating System

Company: Microsoft Corporation

OriginalFileName: netsh.exe

CommandLine: netsh.exe  firewall show config 

CurrentDirectory: C:\Users\User\AppData\Local\Temp\

User: WINDEV2309EVAL\User

LogonGuid: {fda94052-3502-658d-b367-080000000000}

LogonId: 0x867B3

TerminalSessionId: 1

IntegrityLevel: Medium

Hashes: MD5=52B4651083081201E243E97ED965B60A,SHA256=3E91414A1A005937925E449627D4634E73B1DA9DC12D1008B1BAA54C77637C44,IMPHASH=06F091DBEC9C3F0DD14808FFE59B95DE

ParentProcessGuid: {fda94052-c1f6-658c-5c02-000000000b00}

ParentProcessId: 8712

ParentImage: C:\Windows\System32\cmd.exe

ParentCommandLine: ""cmd.exe"" /c netsh.exe advfirewall  show allprofiles  &amp; netsh.exe advfirewall firewall dump &amp; netsh.exe advfirewall show currentprofile &amp; netsh.exe advfirewall firewall show rule name=all &amp; netsh.exe firewall show state &amp; netsh.exe firewall show config &amp; sc query windefend &amp; powershell.exe /c ""Get-Process | Where-Object { $_.ProcessName -eq 'Sysmon' }"" &amp; powershell.exe /c ""Get-Service | where-object {$_.DisplayName -like '*sysm*'}"" &amp; powershell.exe /c ""Get-CimInstance Win32_Service -Filter 'Description = ''System Monitor service'''"" &amp; tasklist.exe &amp; tasklist.exe | findstr /i virus &amp; tasklist.exe | findstr /i cb &amp; tasklist.exe | findstr /i defender &amp; tasklist.exe | findstr /i cylance &amp; tasklist.exe | findstr /i mc &amp; tasklist.exe | findstr /i ""virus cb defender cylance mc""

ParentUser: WINDEV2309EVAL\User</Message>
      <Level>Information</Level>
      <Task>Process Create (rule: ProcessCreate)</Task>
      <Opcode>Info</Opcode>
    </RenderingInfo>
  </Event>
  
"
Microsoft-Windows-Sysmon/Operational,netsh.exe  firewall show state ,Microsoft Corporation,WinDev2309Eval,,C:\Users\User\AppData\Local\Temp\,Network Command Shell,1,9442,10.0.22621.1 (WinBuild.160101.0800),"MD5=52B4651083081201E243E97ED965B60A,SHA256=3E91414A1A005937925E449627D4634E73B1DA9DC12D1008B1BAA54C77637C44,IMPHASH=06F091DBEC9C3F0DD14808FFE59B95DE",C:\Windows\System32\netsh.exe,Medium,0x8000000000000000,Information,{fda94052-3502-658d-b367-080000000000},0x867b3,"Process Create:

RuleName: -

UtcTime: 2023-12-28 00:31:52.186

ProcessGuid: {fda94052-c1f8-658c-6202-000000000b00}

ProcessId: 6680

Image: C:\Windows\System32\netsh.exe

FileVersion: 10.0.22621.1 (WinBuild.160101.0800)

Description: Network Command Shell

Product: Microsoft® Windows® Operating System

Company: Microsoft Corporation

OriginalFileName: netsh.exe

CommandLine: netsh.exe  firewall show state 

CurrentDirectory: C:\Users\User\AppData\Local\Temp\

User: WINDEV2309EVAL\User

LogonGuid: {fda94052-3502-658d-b367-080000000000}

LogonId: 0x867B3

TerminalSessionId: 1

IntegrityLevel: Medium

Hashes: MD5=52B4651083081201E243E97ED965B60A,SHA256=3E91414A1A005937925E449627D4634E73B1DA9DC12D1008B1BAA54C77637C44,IMPHASH=06F091DBEC9C3F0DD14808FFE59B95DE

ParentProcessGuid: {fda94052-c1f6-658c-5c02-000000000b00}

ParentProcessId: 8712

ParentImage: C:\Windows\System32\cmd.exe

ParentCommandLine: ""cmd.exe"" /c netsh.exe advfirewall  show allprofiles  & netsh.exe advfirewall firewall dump & netsh.exe advfirewall show currentprofile & netsh.exe advfirewall firewall show rule name=all & netsh.exe firewall show state & netsh.exe firewall show config & sc query windefend & powershell.exe /c ""Get-Process | Where-Object { $_.ProcessName -eq 'Sysmon' }"" & powershell.exe /c ""Get-Service | where-object {$_.DisplayName -like '*sysm*'}"" & powershell.exe /c ""Get-CimInstance Win32_Service -Filter 'Description = ''System Monitor service'''"" & tasklist.exe & tasklist.exe | findstr /i virus & tasklist.exe | findstr /i cb & tasklist.exe | findstr /i defender & tasklist.exe | findstr /i cylance & tasklist.exe | findstr /i mc & tasklist.exe | findstr /i ""virus cb defender cylance mc""

ParentUser: WINDEV2309EVAL\User",Info,netsh.exe,"""cmd.exe"" /c netsh.exe advfirewall  show allprofiles  & netsh.exe advfirewall firewall dump & netsh.exe advfirewall show currentprofile & netsh.exe advfirewall firewall show rule name=all & netsh.exe firewall show state & netsh.exe firewall show config & sc query windefend & powershell.exe /c ""Get-Process | Where-Object { $_.ProcessName -eq 'Sysmon' }"" & powershell.exe /c ""Get-Service | where-object {$_.DisplayName -like '*sysm*'}"" & powershell.exe /c ""Get-CimInstance Win32_Service -Filter 'Description = ''System Monitor service'''"" & tasklist.exe & tasklist.exe | findstr /i virus & tasklist.exe | findstr /i cb & tasklist.exe | findstr /i defender & tasklist.exe | findstr /i cylance & tasklist.exe | findstr /i mc & tasklist.exe | findstr /i ""virus cb defender cylance mc""",C:\Windows\System32\cmd.exe,{fda94052-c1f6-658c-5c02-000000000b00},8712,WINDEV2309EVAL\User,{fda94052-c1f8-658c-6202-000000000b00},7044,6680,Microsoft® Windows® Operating System,,,,"
      ",-,2023-12-28T00:31:52.1875192Z,,Process Create (rule: ProcessCreate),1,6672,WINDEV2309EVAL\User,S-1-5-18,2023-12-28 00:31:52.186,5,"<Event xmlns=""http://schemas.microsoft.com/win/2004/08/events/event"">
    <System>
      <Provider Name=""Microsoft-Windows-Sysmon"" Guid=""{5770385f-c22a-43e0-bf4c-06f5698ffbd9}""/>
      <EventID>1</EventID>
      <Version>5</Version>
      <Level>4</Level>
      <Task>1</Task>
      <Opcode>0</Opcode>
      <Keywords>0x8000000000000000</Keywords>
      <TimeCreated SystemTime=""2023-12-28T00:31:52.1875192Z""/>
      <EventRecordID>9442</EventRecordID>
      <Correlation/>
      <Execution ProcessID=""7044"" ThreadID=""6672""/>
      <Channel>Microsoft-Windows-Sysmon/Operational</Channel>
      <Computer>WinDev2309Eval</Computer>
      <Security UserID=""S-1-5-18""/>
    </System>
    <EventData>
      <Data Name=""RuleName"">-</Data>
      <Data Name=""UtcTime"">2023-12-28 00:31:52.186</Data>
      <Data Name=""ProcessGuid"">{fda94052-c1f8-658c-6202-000000000b00}</Data>
      <Data Name=""ProcessId"">6680</Data>
      <Data Name=""Image"">C:\Windows\System32\netsh.exe</Data>
      <Data Name=""FileVersion"">10.0.22621.1 (WinBuild.160101.0800)</Data>
      <Data Name=""Description"">Network Command Shell</Data>
      <Data Name=""Product"">Microsoft&#174; Windows&#174; Operating System</Data>
      <Data Name=""Company"">Microsoft Corporation</Data>
      <Data Name=""OriginalFileName"">netsh.exe</Data>
      <Data Name=""CommandLine"">netsh.exe  firewall show state </Data>
      <Data Name=""CurrentDirectory"">C:\Users\User\AppData\Local\Temp\</Data>
      <Data Name=""User"">WINDEV2309EVAL\User</Data>
      <Data Name=""LogonGuid"">{fda94052-3502-658d-b367-080000000000}</Data>
      <Data Name=""LogonId"">0x867b3</Data>
      <Data Name=""TerminalSessionId"">1</Data>
      <Data Name=""IntegrityLevel"">Medium</Data>
      <Data Name=""Hashes"">MD5=52B4651083081201E243E97ED965B60A,SHA256=3E91414A1A005937925E449627D4634E73B1DA9DC12D1008B1BAA54C77637C44,IMPHASH=06F091DBEC9C3F0DD14808FFE59B95DE</Data>
      <Data Name=""ParentProcessGuid"">{fda94052-c1f6-658c-5c02-000000000b00}</Data>
      <Data Name=""ParentProcessId"">8712</Data>
      <Data Name=""ParentImage"">C:\Windows\System32\cmd.exe</Data>
      <Data Name=""ParentCommandLine"">""cmd.exe"" /c netsh.exe advfirewall  show allprofiles  &amp; netsh.exe advfirewall firewall dump &amp; netsh.exe advfirewall show currentprofile &amp; netsh.exe advfirewall firewall show rule name=all &amp; netsh.exe firewall show state &amp; netsh.exe firewall show config &amp; sc query windefend &amp; powershell.exe /c ""Get-Process | Where-Object { $_.ProcessName -eq 'Sysmon' }"" &amp; powershell.exe /c ""Get-Service | where-object {$_.DisplayName -like '*sysm*'}"" &amp; powershell.exe /c ""Get-CimInstance Win32_Service -Filter 'Description = ''System Monitor service'''"" &amp; tasklist.exe &amp; tasklist.exe | findstr /i virus &amp; tasklist.exe | findstr /i cb &amp; tasklist.exe | findstr /i defender &amp; tasklist.exe | findstr /i cylance &amp; tasklist.exe | findstr /i mc &amp; tasklist.exe | findstr /i ""virus cb defender cylance mc""</Data>
      <Data Name=""ParentUser"">WINDEV2309EVAL\User</Data>
    </EventData>
    <RenderingInfo Culture=""en-US"">
      <Message>Process Create:

RuleName: -

UtcTime: 2023-12-28 00:31:52.186

ProcessGuid: {fda94052-c1f8-658c-6202-000000000b00}

ProcessId: 6680

Image: C:\Windows\System32\netsh.exe

FileVersion: 10.0.22621.1 (WinBuild.160101.0800)

Description: Network Command Shell

Product: Microsoft&#174; Windows&#174; Operating System

Company: Microsoft Corporation

OriginalFileName: netsh.exe

CommandLine: netsh.exe  firewall show state 

CurrentDirectory: C:\Users\User\AppData\Local\Temp\

User: WINDEV2309EVAL\User

LogonGuid: {fda94052-3502-658d-b367-080000000000}

LogonId: 0x867B3

TerminalSessionId: 1

IntegrityLevel: Medium

Hashes: MD5=52B4651083081201E243E97ED965B60A,SHA256=3E91414A1A005937925E449627D4634E73B1DA9DC12D1008B1BAA54C77637C44,IMPHASH=06F091DBEC9C3F0DD14808FFE59B95DE

ParentProcessGuid: {fda94052-c1f6-658c-5c02-000000000b00}

ParentProcessId: 8712

ParentImage: C:\Windows\System32\cmd.exe

ParentCommandLine: ""cmd.exe"" /c netsh.exe advfirewall  show allprofiles  &amp; netsh.exe advfirewall firewall dump &amp; netsh.exe advfirewall show currentprofile &amp; netsh.exe advfirewall firewall show rule name=all &amp; netsh.exe firewall show state &amp; netsh.exe firewall show config &amp; sc query windefend &amp; powershell.exe /c ""Get-Process | Where-Object { $_.ProcessName -eq 'Sysmon' }"" &amp; powershell.exe /c ""Get-Service | where-object {$_.DisplayName -like '*sysm*'}"" &amp; powershell.exe /c ""Get-CimInstance Win32_Service -Filter 'Description = ''System Monitor service'''"" &amp; tasklist.exe &amp; tasklist.exe | findstr /i virus &amp; tasklist.exe | findstr /i cb &amp; tasklist.exe | findstr /i defender &amp; tasklist.exe | findstr /i cylance &amp; tasklist.exe | findstr /i mc &amp; tasklist.exe | findstr /i ""virus cb defender cylance mc""

ParentUser: WINDEV2309EVAL\User</Message>
      <Level>Information</Level>
      <Task>Process Create (rule: ProcessCreate)</Task>
      <Opcode>Info</Opcode>
    </RenderingInfo>
  </Event>
  
"
Microsoft-Windows-Sysmon/Operational,netsh.exe  advfirewall firewall show rule name=all ,Microsoft Corporation,WinDev2309Eval,,C:\Users\User\AppData\Local\Temp\,Network Command Shell,1,9441,10.0.22621.1 (WinBuild.160101.0800),"MD5=52B4651083081201E243E97ED965B60A,SHA256=3E91414A1A005937925E449627D4634E73B1DA9DC12D1008B1BAA54C77637C44,IMPHASH=06F091DBEC9C3F0DD14808FFE59B95DE",C:\Windows\System32\netsh.exe,Medium,0x8000000000000000,Information,{fda94052-3502-658d-b367-080000000000},0x867b3,"Process Create:

RuleName: -

UtcTime: 2023-12-28 00:31:51.209

ProcessGuid: {fda94052-c1f7-658c-6102-000000000b00}

ProcessId: 8228

Image: C:\Windows\System32\netsh.exe

FileVersion: 10.0.22621.1 (WinBuild.160101.0800)

Description: Network Command Shell

Product: Microsoft® Windows® Operating System

Company: Microsoft Corporation

OriginalFileName: netsh.exe

CommandLine: netsh.exe  advfirewall firewall show rule name=all 

CurrentDirectory: C:\Users\User\AppData\Local\Temp\

User: WINDEV2309EVAL\User

LogonGuid: {fda94052-3502-658d-b367-080000000000}

LogonId: 0x867B3

TerminalSessionId: 1

IntegrityLevel: Medium

Hashes: MD5=52B4651083081201E243E97ED965B60A,SHA256=3E91414A1A005937925E449627D4634E73B1DA9DC12D1008B1BAA54C77637C44,IMPHASH=06F091DBEC9C3F0DD14808FFE59B95DE

ParentProcessGuid: {fda94052-c1f6-658c-5c02-000000000b00}

ParentProcessId: 8712

ParentImage: C:\Windows\System32\cmd.exe

ParentCommandLine: ""cmd.exe"" /c netsh.exe advfirewall  show allprofiles  & netsh.exe advfirewall firewall dump & netsh.exe advfirewall show currentprofile & netsh.exe advfirewall firewall show rule name=all & netsh.exe firewall show state & netsh.exe firewall show config & sc query windefend & powershell.exe /c ""Get-Process | Where-Object { $_.ProcessName -eq 'Sysmon' }"" & powershell.exe /c ""Get-Service | where-object {$_.DisplayName -like '*sysm*'}"" & powershell.exe /c ""Get-CimInstance Win32_Service -Filter 'Description = ''System Monitor service'''"" & tasklist.exe & tasklist.exe | findstr /i virus & tasklist.exe | findstr /i cb & tasklist.exe | findstr /i defender & tasklist.exe | findstr /i cylance & tasklist.exe | findstr /i mc & tasklist.exe | findstr /i ""virus cb defender cylance mc""

ParentUser: WINDEV2309EVAL\User",Info,netsh.exe,"""cmd.exe"" /c netsh.exe advfirewall  show allprofiles  & netsh.exe advfirewall firewall dump & netsh.exe advfirewall show currentprofile & netsh.exe advfirewall firewall show rule name=all & netsh.exe firewall show state & netsh.exe firewall show config & sc query windefend & powershell.exe /c ""Get-Process | Where-Object { $_.ProcessName -eq 'Sysmon' }"" & powershell.exe /c ""Get-Service | where-object {$_.DisplayName -like '*sysm*'}"" & powershell.exe /c ""Get-CimInstance Win32_Service -Filter 'Description = ''System Monitor service'''"" & tasklist.exe & tasklist.exe | findstr /i virus & tasklist.exe | findstr /i cb & tasklist.exe | findstr /i defender & tasklist.exe | findstr /i cylance & tasklist.exe | findstr /i mc & tasklist.exe | findstr /i ""virus cb defender cylance mc""",C:\Windows\System32\cmd.exe,{fda94052-c1f6-658c-5c02-000000000b00},8712,WINDEV2309EVAL\User,{fda94052-c1f7-658c-6102-000000000b00},7044,8228,Microsoft® Windows® Operating System,,,,"
      ",-,2023-12-28T00:31:51.2102396Z,,Process Create (rule: ProcessCreate),1,6672,WINDEV2309EVAL\User,S-1-5-18,2023-12-28 00:31:51.209,5,"<Event xmlns=""http://schemas.microsoft.com/win/2004/08/events/event"">
    <System>
      <Provider Name=""Microsoft-Windows-Sysmon"" Guid=""{5770385f-c22a-43e0-bf4c-06f5698ffbd9}""/>
      <EventID>1</EventID>
      <Version>5</Version>
      <Level>4</Level>
      <Task>1</Task>
      <Opcode>0</Opcode>
      <Keywords>0x8000000000000000</Keywords>
      <TimeCreated SystemTime=""2023-12-28T00:31:51.2102396Z""/>
      <EventRecordID>9441</EventRecordID>
      <Correlation/>
      <Execution ProcessID=""7044"" ThreadID=""6672""/>
      <Channel>Microsoft-Windows-Sysmon/Operational</Channel>
      <Computer>WinDev2309Eval</Computer>
      <Security UserID=""S-1-5-18""/>
    </System>
    <EventData>
      <Data Name=""RuleName"">-</Data>
      <Data Name=""UtcTime"">2023-12-28 00:31:51.209</Data>
      <Data Name=""ProcessGuid"">{fda94052-c1f7-658c-6102-000000000b00}</Data>
      <Data Name=""ProcessId"">8228</Data>
      <Data Name=""Image"">C:\Windows\System32\netsh.exe</Data>
      <Data Name=""FileVersion"">10.0.22621.1 (WinBuild.160101.0800)</Data>
      <Data Name=""Description"">Network Command Shell</Data>
      <Data Name=""Product"">Microsoft&#174; Windows&#174; Operating System</Data>
      <Data Name=""Company"">Microsoft Corporation</Data>
      <Data Name=""OriginalFileName"">netsh.exe</Data>
      <Data Name=""CommandLine"">netsh.exe  advfirewall firewall show rule name=all </Data>
      <Data Name=""CurrentDirectory"">C:\Users\User\AppData\Local\Temp\</Data>
      <Data Name=""User"">WINDEV2309EVAL\User</Data>
      <Data Name=""LogonGuid"">{fda94052-3502-658d-b367-080000000000}</Data>
      <Data Name=""LogonId"">0x867b3</Data>
      <Data Name=""TerminalSessionId"">1</Data>
      <Data Name=""IntegrityLevel"">Medium</Data>
      <Data Name=""Hashes"">MD5=52B4651083081201E243E97ED965B60A,SHA256=3E91414A1A005937925E449627D4634E73B1DA9DC12D1008B1BAA54C77637C44,IMPHASH=06F091DBEC9C3F0DD14808FFE59B95DE</Data>
      <Data Name=""ParentProcessGuid"">{fda94052-c1f6-658c-5c02-000000000b00}</Data>
      <Data Name=""ParentProcessId"">8712</Data>
      <Data Name=""ParentImage"">C:\Windows\System32\cmd.exe</Data>
      <Data Name=""ParentCommandLine"">""cmd.exe"" /c netsh.exe advfirewall  show allprofiles  &amp; netsh.exe advfirewall firewall dump &amp; netsh.exe advfirewall show currentprofile &amp; netsh.exe advfirewall firewall show rule name=all &amp; netsh.exe firewall show state &amp; netsh.exe firewall show config &amp; sc query windefend &amp; powershell.exe /c ""Get-Process | Where-Object { $_.ProcessName -eq 'Sysmon' }"" &amp; powershell.exe /c ""Get-Service | where-object {$_.DisplayName -like '*sysm*'}"" &amp; powershell.exe /c ""Get-CimInstance Win32_Service -Filter 'Description = ''System Monitor service'''"" &amp; tasklist.exe &amp; tasklist.exe | findstr /i virus &amp; tasklist.exe | findstr /i cb &amp; tasklist.exe | findstr /i defender &amp; tasklist.exe | findstr /i cylance &amp; tasklist.exe | findstr /i mc &amp; tasklist.exe | findstr /i ""virus cb defender cylance mc""</Data>
      <Data Name=""ParentUser"">WINDEV2309EVAL\User</Data>
    </EventData>
    <RenderingInfo Culture=""en-US"">
      <Message>Process Create:

RuleName: -

UtcTime: 2023-12-28 00:31:51.209

ProcessGuid: {fda94052-c1f7-658c-6102-000000000b00}

ProcessId: 8228

Image: C:\Windows\System32\netsh.exe

FileVersion: 10.0.22621.1 (WinBuild.160101.0800)

Description: Network Command Shell

Product: Microsoft&#174; Windows&#174; Operating System

Company: Microsoft Corporation

OriginalFileName: netsh.exe

CommandLine: netsh.exe  advfirewall firewall show rule name=all 

CurrentDirectory: C:\Users\User\AppData\Local\Temp\

User: WINDEV2309EVAL\User

LogonGuid: {fda94052-3502-658d-b367-080000000000}

LogonId: 0x867B3

TerminalSessionId: 1

IntegrityLevel: Medium

Hashes: MD5=52B4651083081201E243E97ED965B60A,SHA256=3E91414A1A005937925E449627D4634E73B1DA9DC12D1008B1BAA54C77637C44,IMPHASH=06F091DBEC9C3F0DD14808FFE59B95DE

ParentProcessGuid: {fda94052-c1f6-658c-5c02-000000000b00}

ParentProcessId: 8712

ParentImage: C:\Windows\System32\cmd.exe

ParentCommandLine: ""cmd.exe"" /c netsh.exe advfirewall  show allprofiles  &amp; netsh.exe advfirewall firewall dump &amp; netsh.exe advfirewall show currentprofile &amp; netsh.exe advfirewall firewall show rule name=all &amp; netsh.exe firewall show state &amp; netsh.exe firewall show config &amp; sc query windefend &amp; powershell.exe /c ""Get-Process | Where-Object { $_.ProcessName -eq 'Sysmon' }"" &amp; powershell.exe /c ""Get-Service | where-object {$_.DisplayName -like '*sysm*'}"" &amp; powershell.exe /c ""Get-CimInstance Win32_Service -Filter 'Description = ''System Monitor service'''"" &amp; tasklist.exe &amp; tasklist.exe | findstr /i virus &amp; tasklist.exe | findstr /i cb &amp; tasklist.exe | findstr /i defender &amp; tasklist.exe | findstr /i cylance &amp; tasklist.exe | findstr /i mc &amp; tasklist.exe | findstr /i ""virus cb defender cylance mc""

ParentUser: WINDEV2309EVAL\User</Message>
      <Level>Information</Level>
      <Task>Process Create (rule: ProcessCreate)</Task>
      <Opcode>Info</Opcode>
    </RenderingInfo>
  </Event>
  
"
