Microsoft-Windows-Sysmon/Operational,taskhostw.exe TimeSyncTask,Microsoft Corporation,WinDev2309Eval,,C:\Windows\system32\,Host Process for Windows Tasks,,,,,,,1,9699,,10.0.22621.1635 (WinBuild.160101.0800),"MD5=4887A65FD4F6598AF4986CBC1C0E5488,SHA256=82472A84BCBB4009ADD338200F8E853FE4C5EAFE2E2C3A2D711B85BF29B72D54,IMPHASH=1C4E2D9936E4D9F2490B08AAB4D24260",C:\Windows\System32\taskhostw.exe,,System,0x8000000000000000,Information,{fda94052-c310-658c-e503-000000000000},0x3e5,"Process Create:

RuleName: -

UtcTime: 2023-12-28 00:36:37.567

ProcessGuid: {fda94052-c315-658c-7d00-000000000c00}

ProcessId: 5880

Image: C:\Windows\System32\taskhostw.exe

FileVersion: 10.0.22621.1635 (WinBuild.160101.0800)

Description: Host Process for Windows Tasks

Product: Microsoft Windows Operating System

Company: Microsoft Corporation

OriginalFileName: taskhostw.exe

CommandLine: taskhostw.exe TimeSyncTask

CurrentDirectory: C:\Windows\system32\

User: NT AUTHORITY\LOCAL SERVICE

LogonGuid: {fda94052-c310-658c-e503-000000000000}

LogonId: 0x3E5

TerminalSessionId: 0

IntegrityLevel: System

Hashes: MD5=4887A65FD4F6598AF4986CBC1C0E5488,SHA256=82472A84BCBB4009ADD338200F8E853FE4C5EAFE2E2C3A2D711B85BF29B72D54,IMPHASH=1C4E2D9936E4D9F2490B08AAB4D24260

ParentProcessGuid: {fda94052-c310-658c-1c00-000000000c00}

ParentProcessId: 1384

ParentImage: C:\Windows\System32\svchost.exe

ParentCommandLine: C:\Windows\system32\svchost.exe -k netsvcs -p -s Schedule

ParentUser: NT AUTHORITY\SYSTEM",,Info,taskhostw.exe,C:\Windows\system32\svchost.exe -k netsvcs -p -s Schedule,C:\Windows\System32\svchost.exe,{fda94052-c310-658c-1c00-000000000c00},1384,NT AUTHORITY\SYSTEM,{fda94052-c315-658c-7d00-000000000c00},3732,5880,Microsoft Windows Operating System,,,,,"
      ",-,,,,,,,,,,,,,,,2023-12-28T00:36:37.5716197Z,,,,,,,Process Create (rule: ProcessCreate),0,4344,NT AUTHORITY\LOCAL SERVICE,S-1-5-18,2023-12-28 00:36:37.567,5,"<Event xmlns=""http://schemas.microsoft.com/win/2004/08/events/event"">
    <System>
      <Provider Name=""Microsoft-Windows-Sysmon"" Guid=""{5770385f-c22a-43e0-bf4c-06f5698ffbd9}""/>
      <EventID>1</EventID>
      <Version>5</Version>
      <Level>4</Level>
      <Task>1</Task>
      <Opcode>0</Opcode>
      <Keywords>0x8000000000000000</Keywords>
      <TimeCreated SystemTime=""2023-12-28T00:36:37.5716197Z""/>
      <EventRecordID>9699</EventRecordID>
      <Correlation/>
      <Execution ProcessID=""3732"" ThreadID=""4344""/>
      <Channel>Microsoft-Windows-Sysmon/Operational</Channel>
      <Computer>WinDev2309Eval</Computer>
      <Security UserID=""S-1-5-18""/>
    </System>
    <EventData>
      <Data Name=""RuleName"">-</Data>
      <Data Name=""UtcTime"">2023-12-28 00:36:37.567</Data>
      <Data Name=""ProcessGuid"">{fda94052-c315-658c-7d00-000000000c00}</Data>
      <Data Name=""ProcessId"">5880</Data>
      <Data Name=""Image"">C:\Windows\System32\taskhostw.exe</Data>
      <Data Name=""FileVersion"">10.0.22621.1635 (WinBuild.160101.0800)</Data>
      <Data Name=""Description"">Host Process for Windows Tasks</Data>
      <Data Name=""Product"">Microsoft&#174; Windows&#174; Operating System</Data>
      <Data Name=""Company"">Microsoft Corporation</Data>
      <Data Name=""OriginalFileName"">taskhostw.exe</Data>
      <Data Name=""CommandLine"">taskhostw.exe TimeSyncTask</Data>
      <Data Name=""CurrentDirectory"">C:\Windows\system32\</Data>
      <Data Name=""User"">NT AUTHORITY\LOCAL SERVICE</Data>
      <Data Name=""LogonGuid"">{fda94052-c310-658c-e503-000000000000}</Data>
      <Data Name=""LogonId"">0x3e5</Data>
      <Data Name=""TerminalSessionId"">0</Data>
      <Data Name=""IntegrityLevel"">System</Data>
      <Data Name=""Hashes"">MD5=4887A65FD4F6598AF4986CBC1C0E5488,SHA256=82472A84BCBB4009ADD338200F8E853FE4C5EAFE2E2C3A2D711B85BF29B72D54,IMPHASH=1C4E2D9936E4D9F2490B08AAB4D24260</Data>
      <Data Name=""ParentProcessGuid"">{fda94052-c310-658c-1c00-000000000c00}</Data>
      <Data Name=""ParentProcessId"">1384</Data>
      <Data Name=""ParentImage"">C:\Windows\System32\svchost.exe</Data>
      <Data Name=""ParentCommandLine"">C:\Windows\system32\svchost.exe -k netsvcs -p -s Schedule</Data>
      <Data Name=""ParentUser"">NT AUTHORITY\SYSTEM</Data>
    </EventData>
    <RenderingInfo Culture=""en-US"">
      <Message>Process Create:

RuleName: -

UtcTime: 2023-12-28 00:36:37.567

ProcessGuid: {fda94052-c315-658c-7d00-000000000c00}

ProcessId: 5880

Image: C:\Windows\System32\taskhostw.exe

FileVersion: 10.0.22621.1635 (WinBuild.160101.0800)

Description: Host Process for Windows Tasks

Product: Microsoft&#174; Windows&#174; Operating System

Company: Microsoft Corporation

OriginalFileName: taskhostw.exe

CommandLine: taskhostw.exe TimeSyncTask

CurrentDirectory: C:\Windows\system32\

User: NT AUTHORITY\LOCAL SERVICE

LogonGuid: {fda94052-c310-658c-e503-000000000000}

LogonId: 0x3E5

TerminalSessionId: 0

IntegrityLevel: System

Hashes: MD5=4887A65FD4F6598AF4986CBC1C0E5488,SHA256=82472A84BCBB4009ADD338200F8E853FE4C5EAFE2E2C3A2D711B85BF29B72D54,IMPHASH=1C4E2D9936E4D9F2490B08AAB4D24260

ParentProcessGuid: {fda94052-c310-658c-1c00-000000000c00}

ParentProcessId: 1384

ParentImage: C:\Windows\System32\svchost.exe

ParentCommandLine: C:\Windows\system32\svchost.exe -k netsvcs -p -s Schedule

ParentUser: NT AUTHORITY\SYSTEM</Message>
      <Level>Information</Level>
      <Task>Process Create (rule: ProcessCreate)</Task>
      <Opcode>Info</Opcode>
    </RenderingInfo>
  </Event>
  
"
Microsoft-Windows-Sysmon/Operational,"C:\Windows\system32\wevtutil.exe uninstall-manifest ""C:\ProgramData\Microsoft\Windows Defender\Platform\4.18.23080.2006-0\Microsoft-Antimalware-NIS.man""",Microsoft Corporation,WinDev2309Eval,,C:\Windows\system32\,Windows Event Log Utility,,,,,,,1,9698,,10.0.22621.1778 (WinBuild.160101.0800),"MD5=DFE4A9613993ECAFE6B38DEFE8D495F2,SHA256=3635324AA002EBB7FD99D50E63ACDAC0C34E831A7F35E7B33F37854557538588,IMPHASH=92CA71320A49850E970004A94EA5D695",C:\Windows\System32\wevtutil.exe,,System,0x8000000000000000,Information,{fda94052-c30f-658c-e703-000000000000},0x3e7,"Process Create:

RuleName: -

UtcTime: 2023-12-28 00:36:37.554

ProcessGuid: {fda94052-c315-658c-7a00-000000000c00}

ProcessId: 5840

Image: C:\Windows\System32\wevtutil.exe

FileVersion: 10.0.22621.1778 (WinBuild.160101.0800)

Description: Windows Event Log Utility

Product: Microsoft Windows Operating System

Company: Microsoft Corporation

OriginalFileName: wevtutil.exe

CommandLine: C:\Windows\system32\wevtutil.exe uninstall-manifest ""C:\ProgramData\Microsoft\Windows Defender\Platform\4.18.23080.2006-0\Microsoft-Antimalware-NIS.man""

CurrentDirectory: C:\Windows\system32\

User: NT AUTHORITY\SYSTEM

LogonGuid: {fda94052-c30f-658c-e703-000000000000}

LogonId: 0x3E7

TerminalSessionId: 0

IntegrityLevel: System

Hashes: MD5=DFE4A9613993ECAFE6B38DEFE8D495F2,SHA256=3635324AA002EBB7FD99D50E63ACDAC0C34E831A7F35E7B33F37854557538588,IMPHASH=92CA71320A49850E970004A94EA5D695

ParentProcessGuid: {fda94052-c311-658c-4e00-000000000c00}

ParentProcessId: 3352

ParentImage: C:\ProgramData\Microsoft\Windows Defender\Platform\4.18.23080.2006-0\MsMpEng.exe

ParentCommandLine: ""C:\ProgramData\Microsoft\Windows Defender\Platform\4.18.23080.2006-0\MsMpEng.exe""

ParentUser: NT AUTHORITY\SYSTEM",,Info,wevtutil.exe,"""C:\ProgramData\Microsoft\Windows Defender\Platform\4.18.23080.2006-0\MsMpEng.exe""",C:\ProgramData\Microsoft\Windows Defender\Platform\4.18.23080.2006-0\MsMpEng.exe,{fda94052-c311-658c-4e00-000000000c00},3352,NT AUTHORITY\SYSTEM,{fda94052-c315-658c-7a00-000000000c00},3732,5840,Microsoft Windows Operating System,,,,,"
      ",-,,,,,,,,,,,,,,,2023-12-28T00:36:37.5553515Z,,,,,,,Process Create (rule: ProcessCreate),0,4344,NT AUTHORITY\SYSTEM,S-1-5-18,2023-12-28 00:36:37.554,5,"<Event xmlns=""http://schemas.microsoft.com/win/2004/08/events/event"">
    <System>
      <Provider Name=""Microsoft-Windows-Sysmon"" Guid=""{5770385f-c22a-43e0-bf4c-06f5698ffbd9}""/>
      <EventID>1</EventID>
      <Version>5</Version>
      <Level>4</Level>
      <Task>1</Task>
      <Opcode>0</Opcode>
      <Keywords>0x8000000000000000</Keywords>
      <TimeCreated SystemTime=""2023-12-28T00:36:37.5553515Z""/>
      <EventRecordID>9698</EventRecordID>
      <Correlation/>
      <Execution ProcessID=""3732"" ThreadID=""4344""/>
      <Channel>Microsoft-Windows-Sysmon/Operational</Channel>
      <Computer>WinDev2309Eval</Computer>
      <Security UserID=""S-1-5-18""/>
    </System>
    <EventData>
      <Data Name=""RuleName"">-</Data>
      <Data Name=""UtcTime"">2023-12-28 00:36:37.554</Data>
      <Data Name=""ProcessGuid"">{fda94052-c315-658c-7a00-000000000c00}</Data>
      <Data Name=""ProcessId"">5840</Data>
      <Data Name=""Image"">C:\Windows\System32\wevtutil.exe</Data>
      <Data Name=""FileVersion"">10.0.22621.1778 (WinBuild.160101.0800)</Data>
      <Data Name=""Description"">Windows Event Log Utility</Data>
      <Data Name=""Product"">Microsoft&#174; Windows&#174; Operating System</Data>
      <Data Name=""Company"">Microsoft Corporation</Data>
      <Data Name=""OriginalFileName"">wevtutil.exe</Data>
      <Data Name=""CommandLine"">C:\Windows\system32\wevtutil.exe uninstall-manifest ""C:\ProgramData\Microsoft\Windows Defender\Platform\4.18.23080.2006-0\Microsoft-Antimalware-NIS.man""</Data>
      <Data Name=""CurrentDirectory"">C:\Windows\system32\</Data>
      <Data Name=""User"">NT AUTHORITY\SYSTEM</Data>
      <Data Name=""LogonGuid"">{fda94052-c30f-658c-e703-000000000000}</Data>
      <Data Name=""LogonId"">0x3e7</Data>
      <Data Name=""TerminalSessionId"">0</Data>
      <Data Name=""IntegrityLevel"">System</Data>
      <Data Name=""Hashes"">MD5=DFE4A9613993ECAFE6B38DEFE8D495F2,SHA256=3635324AA002EBB7FD99D50E63ACDAC0C34E831A7F35E7B33F37854557538588,IMPHASH=92CA71320A49850E970004A94EA5D695</Data>
      <Data Name=""ParentProcessGuid"">{fda94052-c311-658c-4e00-000000000c00}</Data>
      <Data Name=""ParentProcessId"">3352</Data>
      <Data Name=""ParentImage"">C:\ProgramData\Microsoft\Windows Defender\Platform\4.18.23080.2006-0\MsMpEng.exe</Data>
      <Data Name=""ParentCommandLine"">""C:\ProgramData\Microsoft\Windows Defender\Platform\4.18.23080.2006-0\MsMpEng.exe""</Data>
      <Data Name=""ParentUser"">NT AUTHORITY\SYSTEM</Data>
    </EventData>
    <RenderingInfo Culture=""en-US"">
      <Message>Process Create:

RuleName: -

UtcTime: 2023-12-28 00:36:37.554

ProcessGuid: {fda94052-c315-658c-7a00-000000000c00}

ProcessId: 5840

Image: C:\Windows\System32\wevtutil.exe

FileVersion: 10.0.22621.1778 (WinBuild.160101.0800)

Description: Windows Event Log Utility

Product: Microsoft&#174; Windows&#174; Operating System

Company: Microsoft Corporation

OriginalFileName: wevtutil.exe

CommandLine: C:\Windows\system32\wevtutil.exe uninstall-manifest ""C:\ProgramData\Microsoft\Windows Defender\Platform\4.18.23080.2006-0\Microsoft-Antimalware-NIS.man""

CurrentDirectory: C:\Windows\system32\

User: NT AUTHORITY\SYSTEM

LogonGuid: {fda94052-c30f-658c-e703-000000000000}

LogonId: 0x3E7

TerminalSessionId: 0

IntegrityLevel: System

Hashes: MD5=DFE4A9613993ECAFE6B38DEFE8D495F2,SHA256=3635324AA002EBB7FD99D50E63ACDAC0C34E831A7F35E7B33F37854557538588,IMPHASH=92CA71320A49850E970004A94EA5D695

ParentProcessGuid: {fda94052-c311-658c-4e00-000000000c00}

ParentProcessId: 3352

ParentImage: C:\ProgramData\Microsoft\Windows Defender\Platform\4.18.23080.2006-0\MsMpEng.exe

ParentCommandLine: ""C:\ProgramData\Microsoft\Windows Defender\Platform\4.18.23080.2006-0\MsMpEng.exe""

ParentUser: NT AUTHORITY\SYSTEM</Message>
      <Level>Information</Level>
      <Task>Process Create (rule: ProcessCreate)</Task>
      <Opcode>Info</Opcode>
    </RenderingInfo>
  </Event>
  
"
Microsoft-Windows-Sysmon/Operational,"""C:\Windows\system32\sdbinst.exe"" -mm",Microsoft Corporation,WinDev2309Eval,,C:\Windows\system32\,Application Compatibility Database Installer,,,,,,,1,9697,,10.0.22621.2215 (WinBuild.160101.0800),"MD5=E5D523619A19C23844AEDFED8BC60E5F,SHA256=078893C42058905373489A8BD2F3D72935D6B0098949335A5EF16876D48A461F,IMPHASH=999B9DCD61DAB941B1E8D50FE6EF72CD",C:\Windows\System32\sdbinst.exe,,System,0x8000000000000000,Information,{fda94052-c30f-658c-e703-000000000000},0x3e7,"Process Create:

RuleName: -

UtcTime: 2023-12-28 00:36:37.518

ProcessGuid: {fda94052-c315-658c-7900-000000000c00}

ProcessId: 5816

Image: C:\Windows\System32\sdbinst.exe

FileVersion: 10.0.22621.2215 (WinBuild.160101.0800)

Description: Application Compatibility Database Installer

Product: Microsoft Windows Operating System

Company: Microsoft Corporation

OriginalFileName: sdbinst.exe

CommandLine: ""C:\Windows\system32\sdbinst.exe"" -mm

CurrentDirectory: C:\Windows\system32\

User: NT AUTHORITY\SYSTEM

LogonGuid: {fda94052-c30f-658c-e703-000000000000}

LogonId: 0x3E7

TerminalSessionId: 0

IntegrityLevel: System

Hashes: MD5=E5D523619A19C23844AEDFED8BC60E5F,SHA256=078893C42058905373489A8BD2F3D72935D6B0098949335A5EF16876D48A461F,IMPHASH=999B9DCD61DAB941B1E8D50FE6EF72CD

ParentProcessGuid: {fda94052-c310-658c-1c00-000000000c00}

ParentProcessId: 1384

ParentImage: C:\Windows\System32\svchost.exe

ParentCommandLine: C:\Windows\system32\svchost.exe -k netsvcs -p -s Schedule

ParentUser: NT AUTHORITY\SYSTEM",,Info,sdbinst.exe,C:\Windows\system32\svchost.exe -k netsvcs -p -s Schedule,C:\Windows\System32\svchost.exe,{fda94052-c310-658c-1c00-000000000c00},1384,NT AUTHORITY\SYSTEM,{fda94052-c315-658c-7900-000000000c00},3732,5816,Microsoft Windows Operating System,,,,,"
      ",-,,,,,,,,,,,,,,,2023-12-28T00:36:37.5271552Z,,,,,,,Process Create (rule: ProcessCreate),0,4344,NT AUTHORITY\SYSTEM,S-1-5-18,2023-12-28 00:36:37.518,5,"<Event xmlns=""http://schemas.microsoft.com/win/2004/08/events/event"">
    <System>
      <Provider Name=""Microsoft-Windows-Sysmon"" Guid=""{5770385f-c22a-43e0-bf4c-06f5698ffbd9}""/>
      <EventID>1</EventID>
      <Version>5</Version>
      <Level>4</Level>
      <Task>1</Task>
      <Opcode>0</Opcode>
      <Keywords>0x8000000000000000</Keywords>
      <TimeCreated SystemTime=""2023-12-28T00:36:37.5271552Z""/>
      <EventRecordID>9697</EventRecordID>
      <Correlation/>
      <Execution ProcessID=""3732"" ThreadID=""4344""/>
      <Channel>Microsoft-Windows-Sysmon/Operational</Channel>
      <Computer>WinDev2309Eval</Computer>
      <Security UserID=""S-1-5-18""/>
    </System>
    <EventData>
      <Data Name=""RuleName"">-</Data>
      <Data Name=""UtcTime"">2023-12-28 00:36:37.518</Data>
      <Data Name=""ProcessGuid"">{fda94052-c315-658c-7900-000000000c00}</Data>
      <Data Name=""ProcessId"">5816</Data>
      <Data Name=""Image"">C:\Windows\System32\sdbinst.exe</Data>
      <Data Name=""FileVersion"">10.0.22621.2215 (WinBuild.160101.0800)</Data>
      <Data Name=""Description"">Application Compatibility Database Installer</Data>
      <Data Name=""Product"">Microsoft&#174; Windows&#174; Operating System</Data>
      <Data Name=""Company"">Microsoft Corporation</Data>
      <Data Name=""OriginalFileName"">sdbinst.exe</Data>
      <Data Name=""CommandLine"">""C:\Windows\system32\sdbinst.exe"" -mm</Data>
      <Data Name=""CurrentDirectory"">C:\Windows\system32\</Data>
      <Data Name=""User"">NT AUTHORITY\SYSTEM</Data>
      <Data Name=""LogonGuid"">{fda94052-c30f-658c-e703-000000000000}</Data>
      <Data Name=""LogonId"">0x3e7</Data>
      <Data Name=""TerminalSessionId"">0</Data>
      <Data Name=""IntegrityLevel"">System</Data>
      <Data Name=""Hashes"">MD5=E5D523619A19C23844AEDFED8BC60E5F,SHA256=078893C42058905373489A8BD2F3D72935D6B0098949335A5EF16876D48A461F,IMPHASH=999B9DCD61DAB941B1E8D50FE6EF72CD</Data>
      <Data Name=""ParentProcessGuid"">{fda94052-c310-658c-1c00-000000000c00}</Data>
      <Data Name=""ParentProcessId"">1384</Data>
      <Data Name=""ParentImage"">C:\Windows\System32\svchost.exe</Data>
      <Data Name=""ParentCommandLine"">C:\Windows\system32\svchost.exe -k netsvcs -p -s Schedule</Data>
      <Data Name=""ParentUser"">NT AUTHORITY\SYSTEM</Data>
    </EventData>
    <RenderingInfo Culture=""en-US"">
      <Message>Process Create:

RuleName: -

UtcTime: 2023-12-28 00:36:37.518

ProcessGuid: {fda94052-c315-658c-7900-000000000c00}

ProcessId: 5816

Image: C:\Windows\System32\sdbinst.exe

FileVersion: 10.0.22621.2215 (WinBuild.160101.0800)

Description: Application Compatibility Database Installer

Product: Microsoft&#174; Windows&#174; Operating System

Company: Microsoft Corporation

OriginalFileName: sdbinst.exe

CommandLine: ""C:\Windows\system32\sdbinst.exe"" -mm

CurrentDirectory: C:\Windows\system32\

User: NT AUTHORITY\SYSTEM

LogonGuid: {fda94052-c30f-658c-e703-000000000000}

LogonId: 0x3E7

TerminalSessionId: 0

IntegrityLevel: System

Hashes: MD5=E5D523619A19C23844AEDFED8BC60E5F,SHA256=078893C42058905373489A8BD2F3D72935D6B0098949335A5EF16876D48A461F,IMPHASH=999B9DCD61DAB941B1E8D50FE6EF72CD

ParentProcessGuid: {fda94052-c310-658c-1c00-000000000c00}

ParentProcessId: 1384

ParentImage: C:\Windows\System32\svchost.exe

ParentCommandLine: C:\Windows\system32\svchost.exe -k netsvcs -p -s Schedule

ParentUser: NT AUTHORITY\SYSTEM</Message>
      <Level>Information</Level>
      <Task>Process Create (rule: ProcessCreate)</Task>
      <Opcode>Info</Opcode>
    </RenderingInfo>
  </Event>
  
"
Microsoft-Windows-Sysmon/Operational,taskhostw.exe,Microsoft Corporation,WinDev2309Eval,,C:\Windows\system32\,Host Process for Windows Tasks,,,,,,,1,9696,,10.0.22621.1635 (WinBuild.160101.0800),"MD5=4887A65FD4F6598AF4986CBC1C0E5488,SHA256=82472A84BCBB4009ADD338200F8E853FE4C5EAFE2E2C3A2D711B85BF29B72D54,IMPHASH=1C4E2D9936E4D9F2490B08AAB4D24260",C:\Windows\System32\taskhostw.exe,,System,0x8000000000000000,Information,{fda94052-c30f-658c-e703-000000000000},0x3e7,"Process Create:

RuleName: -

UtcTime: 2023-12-28 00:36:37.454

ProcessGuid: {fda94052-c315-658c-7800-000000000c00}

ProcessId: 5768

Image: C:\Windows\System32\taskhostw.exe

FileVersion: 10.0.22621.1635 (WinBuild.160101.0800)

Description: Host Process for Windows Tasks

Product: Microsoft Windows Operating System

Company: Microsoft Corporation

OriginalFileName: taskhostw.exe

CommandLine: taskhostw.exe

CurrentDirectory: C:\Windows\system32\

User: NT AUTHORITY\SYSTEM

LogonGuid: {fda94052-c30f-658c-e703-000000000000}

LogonId: 0x3E7

TerminalSessionId: 0

IntegrityLevel: System

Hashes: MD5=4887A65FD4F6598AF4986CBC1C0E5488,SHA256=82472A84BCBB4009ADD338200F8E853FE4C5EAFE2E2C3A2D711B85BF29B72D54,IMPHASH=1C4E2D9936E4D9F2490B08AAB4D24260

ParentProcessGuid: {fda94052-c310-658c-1c00-000000000c00}

ParentProcessId: 1384

ParentImage: C:\Windows\System32\svchost.exe

ParentCommandLine: C:\Windows\system32\svchost.exe -k netsvcs -p -s Schedule

ParentUser: NT AUTHORITY\SYSTEM",,Info,taskhostw.exe,C:\Windows\system32\svchost.exe -k netsvcs -p -s Schedule,C:\Windows\System32\svchost.exe,{fda94052-c310-658c-1c00-000000000c00},1384,NT AUTHORITY\SYSTEM,{fda94052-c315-658c-7800-000000000c00},3732,5768,Microsoft Windows Operating System,,,,,"
      ",-,,,,,,,,,,,,,,,2023-12-28T00:36:37.4554937Z,,,,,,,Process Create (rule: ProcessCreate),0,4344,NT AUTHORITY\SYSTEM,S-1-5-18,2023-12-28 00:36:37.454,5,"<Event xmlns=""http://schemas.microsoft.com/win/2004/08/events/event"">
    <System>
      <Provider Name=""Microsoft-Windows-Sysmon"" Guid=""{5770385f-c22a-43e0-bf4c-06f5698ffbd9}""/>
      <EventID>1</EventID>
      <Version>5</Version>
      <Level>4</Level>
      <Task>1</Task>
      <Opcode>0</Opcode>
      <Keywords>0x8000000000000000</Keywords>
      <TimeCreated SystemTime=""2023-12-28T00:36:37.4554937Z""/>
      <EventRecordID>9696</EventRecordID>
      <Correlation/>
      <Execution ProcessID=""3732"" ThreadID=""4344""/>
      <Channel>Microsoft-Windows-Sysmon/Operational</Channel>
      <Computer>WinDev2309Eval</Computer>
      <Security UserID=""S-1-5-18""/>
    </System>
    <EventData>
      <Data Name=""RuleName"">-</Data>
      <Data Name=""UtcTime"">2023-12-28 00:36:37.454</Data>
      <Data Name=""ProcessGuid"">{fda94052-c315-658c-7800-000000000c00}</Data>
      <Data Name=""ProcessId"">5768</Data>
      <Data Name=""Image"">C:\Windows\System32\taskhostw.exe</Data>
      <Data Name=""FileVersion"">10.0.22621.1635 (WinBuild.160101.0800)</Data>
      <Data Name=""Description"">Host Process for Windows Tasks</Data>
      <Data Name=""Product"">Microsoft&#174; Windows&#174; Operating System</Data>
      <Data Name=""Company"">Microsoft Corporation</Data>
      <Data Name=""OriginalFileName"">taskhostw.exe</Data>
      <Data Name=""CommandLine"">taskhostw.exe</Data>
      <Data Name=""CurrentDirectory"">C:\Windows\system32\</Data>
      <Data Name=""User"">NT AUTHORITY\SYSTEM</Data>
      <Data Name=""LogonGuid"">{fda94052-c30f-658c-e703-000000000000}</Data>
      <Data Name=""LogonId"">0x3e7</Data>
      <Data Name=""TerminalSessionId"">0</Data>
      <Data Name=""IntegrityLevel"">System</Data>
      <Data Name=""Hashes"">MD5=4887A65FD4F6598AF4986CBC1C0E5488,SHA256=82472A84BCBB4009ADD338200F8E853FE4C5EAFE2E2C3A2D711B85BF29B72D54,IMPHASH=1C4E2D9936E4D9F2490B08AAB4D24260</Data>
      <Data Name=""ParentProcessGuid"">{fda94052-c310-658c-1c00-000000000c00}</Data>
      <Data Name=""ParentProcessId"">1384</Data>
      <Data Name=""ParentImage"">C:\Windows\System32\svchost.exe</Data>
      <Data Name=""ParentCommandLine"">C:\Windows\system32\svchost.exe -k netsvcs -p -s Schedule</Data>
      <Data Name=""ParentUser"">NT AUTHORITY\SYSTEM</Data>
    </EventData>
    <RenderingInfo Culture=""en-US"">
      <Message>Process Create:

RuleName: -

UtcTime: 2023-12-28 00:36:37.454

ProcessGuid: {fda94052-c315-658c-7800-000000000c00}

ProcessId: 5768

Image: C:\Windows\System32\taskhostw.exe

FileVersion: 10.0.22621.1635 (WinBuild.160101.0800)

Description: Host Process for Windows Tasks

Product: Microsoft&#174; Windows&#174; Operating System

Company: Microsoft Corporation

OriginalFileName: taskhostw.exe

CommandLine: taskhostw.exe

CurrentDirectory: C:\Windows\system32\

User: NT AUTHORITY\SYSTEM

LogonGuid: {fda94052-c30f-658c-e703-000000000000}

LogonId: 0x3E7

TerminalSessionId: 0

IntegrityLevel: System

Hashes: MD5=4887A65FD4F6598AF4986CBC1C0E5488,SHA256=82472A84BCBB4009ADD338200F8E853FE4C5EAFE2E2C3A2D711B85BF29B72D54,IMPHASH=1C4E2D9936E4D9F2490B08AAB4D24260

ParentProcessGuid: {fda94052-c310-658c-1c00-000000000c00}

ParentProcessId: 1384

ParentImage: C:\Windows\System32\svchost.exe

ParentCommandLine: C:\Windows\system32\svchost.exe -k netsvcs -p -s Schedule

ParentUser: NT AUTHORITY\SYSTEM</Message>
      <Level>Information</Level>
      <Task>Process Create (rule: ProcessCreate)</Task>
      <Opcode>Info</Opcode>
    </RenderingInfo>
  </Event>
  
"
Microsoft-Windows-Sysmon/Operational,"C:\Windows\system32\wevtutil.exe install-manifest ""C:\ProgramData\Microsoft\Windows Defender\Platform\4.18.23080.2006-0\Microsoft-Antimalware-Service.man"" ""/resourceFilePath:C:\ProgramData\Microsoft\Windows Defender\Platform\4.18.23080.2006-0\MpSvc.dll"" ""/messageFilePath:C:\ProgramData\Microsoft\Windows Defender\Platform\4.18.23080.2006-0\MpSvc.dll"" ""/parameterFilePath:C:\ProgramData\Microsoft\Windows Defender\Platform\4.18.23080.2006-0\MpSvc.dll""",Microsoft Corporation,WinDev2309Eval,,C:\Windows\system32\,Windows Event Log Utility,,,,,,,1,9695,,10.0.22621.1778 (WinBuild.160101.0800),"MD5=DFE4A9613993ECAFE6B38DEFE8D495F2,SHA256=3635324AA002EBB7FD99D50E63ACDAC0C34E831A7F35E7B33F37854557538588,IMPHASH=92CA71320A49850E970004A94EA5D695",C:\Windows\System32\wevtutil.exe,,System,0x8000000000000000,Information,{fda94052-c30f-658c-e703-000000000000},0x3e7,"Process Create:

RuleName: -

UtcTime: 2023-12-28 00:36:37.357

ProcessGuid: {fda94052-c315-658c-7600-000000000c00}

ProcessId: 5680

Image: C:\Windows\System32\wevtutil.exe

FileVersion: 10.0.22621.1778 (WinBuild.160101.0800)

Description: Windows Event Log Utility

Product: Microsoft Windows Operating System

Company: Microsoft Corporation

OriginalFileName: wevtutil.exe

CommandLine: C:\Windows\system32\wevtutil.exe install-manifest ""C:\ProgramData\Microsoft\Windows Defender\Platform\4.18.23080.2006-0\Microsoft-Antimalware-Service.man"" ""/resourceFilePath:C:\ProgramData\Microsoft\Windows Defender\Platform\4.18.23080.2006-0\MpSvc.dll"" ""/messageFilePath:C:\ProgramData\Microsoft\Windows Defender\Platform\4.18.23080.2006-0\MpSvc.dll"" ""/parameterFilePath:C:\ProgramData\Microsoft\Windows Defender\Platform\4.18.23080.2006-0\MpSvc.dll""

CurrentDirectory: C:\Windows\system32\

User: NT AUTHORITY\SYSTEM

LogonGuid: {fda94052-c30f-658c-e703-000000000000}

LogonId: 0x3E7

TerminalSessionId: 0

IntegrityLevel: System

Hashes: MD5=DFE4A9613993ECAFE6B38DEFE8D495F2,SHA256=3635324AA002EBB7FD99D50E63ACDAC0C34E831A7F35E7B33F37854557538588,IMPHASH=92CA71320A49850E970004A94EA5D695

ParentProcessGuid: {fda94052-c311-658c-4e00-000000000c00}

ParentProcessId: 3352

ParentImage: C:\ProgramData\Microsoft\Windows Defender\Platform\4.18.23080.2006-0\MsMpEng.exe

ParentCommandLine: ""C:\ProgramData\Microsoft\Windows Defender\Platform\4.18.23080.2006-0\MsMpEng.exe""

ParentUser: NT AUTHORITY\SYSTEM",,Info,wevtutil.exe,"""C:\ProgramData\Microsoft\Windows Defender\Platform\4.18.23080.2006-0\MsMpEng.exe""",C:\ProgramData\Microsoft\Windows Defender\Platform\4.18.23080.2006-0\MsMpEng.exe,{fda94052-c311-658c-4e00-000000000c00},3352,NT AUTHORITY\SYSTEM,{fda94052-c315-658c-7600-000000000c00},3732,5680,Microsoft Windows Operating System,,,,,"
      ",-,,,,,,,,,,,,,,,2023-12-28T00:36:37.3664988Z,,,,,,,Process Create (rule: ProcessCreate),0,4344,NT AUTHORITY\SYSTEM,S-1-5-18,2023-12-28 00:36:37.357,5,"<Event xmlns=""http://schemas.microsoft.com/win/2004/08/events/event"">
    <System>
      <Provider Name=""Microsoft-Windows-Sysmon"" Guid=""{5770385f-c22a-43e0-bf4c-06f5698ffbd9}""/>
      <EventID>1</EventID>
      <Version>5</Version>
      <Level>4</Level>
      <Task>1</Task>
      <Opcode>0</Opcode>
      <Keywords>0x8000000000000000</Keywords>
      <TimeCreated SystemTime=""2023-12-28T00:36:37.3664988Z""/>
      <EventRecordID>9695</EventRecordID>
      <Correlation/>
      <Execution ProcessID=""3732"" ThreadID=""4344""/>
      <Channel>Microsoft-Windows-Sysmon/Operational</Channel>
      <Computer>WinDev2309Eval</Computer>
      <Security UserID=""S-1-5-18""/>
    </System>
    <EventData>
      <Data Name=""RuleName"">-</Data>
      <Data Name=""UtcTime"">2023-12-28 00:36:37.357</Data>
      <Data Name=""ProcessGuid"">{fda94052-c315-658c-7600-000000000c00}</Data>
      <Data Name=""ProcessId"">5680</Data>
      <Data Name=""Image"">C:\Windows\System32\wevtutil.exe</Data>
      <Data Name=""FileVersion"">10.0.22621.1778 (WinBuild.160101.0800)</Data>
      <Data Name=""Description"">Windows Event Log Utility</Data>
      <Data Name=""Product"">Microsoft&#174; Windows&#174; Operating System</Data>
      <Data Name=""Company"">Microsoft Corporation</Data>
      <Data Name=""OriginalFileName"">wevtutil.exe</Data>
      <Data Name=""CommandLine"">C:\Windows\system32\wevtutil.exe install-manifest ""C:\ProgramData\Microsoft\Windows Defender\Platform\4.18.23080.2006-0\Microsoft-Antimalware-Service.man"" ""/resourceFilePath:C:\ProgramData\Microsoft\Windows Defender\Platform\4.18.23080.2006-0\MpSvc.dll"" ""/messageFilePath:C:\ProgramData\Microsoft\Windows Defender\Platform\4.18.23080.2006-0\MpSvc.dll"" ""/parameterFilePath:C:\ProgramData\Microsoft\Windows Defender\Platform\4.18.23080.2006-0\MpSvc.dll""</Data>
      <Data Name=""CurrentDirectory"">C:\Windows\system32\</Data>
      <Data Name=""User"">NT AUTHORITY\SYSTEM</Data>
      <Data Name=""LogonGuid"">{fda94052-c30f-658c-e703-000000000000}</Data>
      <Data Name=""LogonId"">0x3e7</Data>
      <Data Name=""TerminalSessionId"">0</Data>
      <Data Name=""IntegrityLevel"">System</Data>
      <Data Name=""Hashes"">MD5=DFE4A9613993ECAFE6B38DEFE8D495F2,SHA256=3635324AA002EBB7FD99D50E63ACDAC0C34E831A7F35E7B33F37854557538588,IMPHASH=92CA71320A49850E970004A94EA5D695</Data>
      <Data Name=""ParentProcessGuid"">{fda94052-c311-658c-4e00-000000000c00}</Data>
      <Data Name=""ParentProcessId"">3352</Data>
      <Data Name=""ParentImage"">C:\ProgramData\Microsoft\Windows Defender\Platform\4.18.23080.2006-0\MsMpEng.exe</Data>
      <Data Name=""ParentCommandLine"">""C:\ProgramData\Microsoft\Windows Defender\Platform\4.18.23080.2006-0\MsMpEng.exe""</Data>
      <Data Name=""ParentUser"">NT AUTHORITY\SYSTEM</Data>
    </EventData>
    <RenderingInfo Culture=""en-US"">
      <Message>Process Create:

RuleName: -

UtcTime: 2023-12-28 00:36:37.357

ProcessGuid: {fda94052-c315-658c-7600-000000000c00}

ProcessId: 5680

Image: C:\Windows\System32\wevtutil.exe

FileVersion: 10.0.22621.1778 (WinBuild.160101.0800)

Description: Windows Event Log Utility

Product: Microsoft&#174; Windows&#174; Operating System

Company: Microsoft Corporation

OriginalFileName: wevtutil.exe

CommandLine: C:\Windows\system32\wevtutil.exe install-manifest ""C:\ProgramData\Microsoft\Windows Defender\Platform\4.18.23080.2006-0\Microsoft-Antimalware-Service.man"" ""/resourceFilePath:C:\ProgramData\Microsoft\Windows Defender\Platform\4.18.23080.2006-0\MpSvc.dll"" ""/messageFilePath:C:\ProgramData\Microsoft\Windows Defender\Platform\4.18.23080.2006-0\MpSvc.dll"" ""/parameterFilePath:C:\ProgramData\Microsoft\Windows Defender\Platform\4.18.23080.2006-0\MpSvc.dll""

CurrentDirectory: C:\Windows\system32\

User: NT AUTHORITY\SYSTEM

LogonGuid: {fda94052-c30f-658c-e703-000000000000}

LogonId: 0x3E7

TerminalSessionId: 0

IntegrityLevel: System

Hashes: MD5=DFE4A9613993ECAFE6B38DEFE8D495F2,SHA256=3635324AA002EBB7FD99D50E63ACDAC0C34E831A7F35E7B33F37854557538588,IMPHASH=92CA71320A49850E970004A94EA5D695

ParentProcessGuid: {fda94052-c311-658c-4e00-000000000c00}

ParentProcessId: 3352

ParentImage: C:\ProgramData\Microsoft\Windows Defender\Platform\4.18.23080.2006-0\MsMpEng.exe

ParentCommandLine: ""C:\ProgramData\Microsoft\Windows Defender\Platform\4.18.23080.2006-0\MsMpEng.exe""

ParentUser: NT AUTHORITY\SYSTEM</Message>
      <Level>Information</Level>
      <Task>Process Create (rule: ProcessCreate)</Task>
      <Opcode>Info</Opcode>
    </RenderingInfo>
  </Event>
  
"
Microsoft-Windows-Sysmon/Operational,C:\Windows\Explorer.EXE,Microsoft Corporation,WinDev2309Eval,,C:\Windows\system32\,Windows Explorer,,,,,,,1,9694,,10.0.22621.2283 (WinBuild.160101.0800),"MD5=07BE62A5EC0E923F7F642FF7C1AED7B7,SHA256=1510D045ACBB5991BDDFC93AD83EB34EAE623E907746549E58E6455325164B1D,IMPHASH=325C9527AB6217B668DA53C2B56008F1",C:\Windows\explorer.exe,,Medium,0x8000000000000000,Information,{fda94052-c313-658c-9aab-030000000000},0x3ab9a,"Process Create:

RuleName: -

UtcTime: 2023-12-28 00:36:37.206

ProcessGuid: {fda94052-c315-658c-7500-000000000c00}

ProcessId: 5620

Image: C:\Windows\explorer.exe

FileVersion: 10.0.22621.2283 (WinBuild.160101.0800)

Description: Windows Explorer

Product: Microsoft Windows Operating System

Company: Microsoft Corporation

OriginalFileName: EXPLORER.EXE

CommandLine: C:\Windows\Explorer.EXE

CurrentDirectory: C:\Windows\system32\

User: WINDEV2309EVAL\User

LogonGuid: {fda94052-c313-658c-9aab-030000000000}

LogonId: 0x3AB9A

TerminalSessionId: 1

IntegrityLevel: Medium

Hashes: MD5=07BE62A5EC0E923F7F642FF7C1AED7B7,SHA256=1510D045ACBB5991BDDFC93AD83EB34EAE623E907746549E58E6455325164B1D,IMPHASH=325C9527AB6217B668DA53C2B56008F1

ParentProcessGuid: {fda94052-c315-658c-7400-000000000c00}

ParentProcessId: 5560

ParentImage: C:\Windows\System32\userinit.exe

ParentCommandLine: C:\Windows\system32\userinit.exe

ParentUser: WINDEV2309EVAL\User",,Info,EXPLORER.EXE,C:\Windows\system32\userinit.exe,C:\Windows\System32\userinit.exe,{fda94052-c315-658c-7400-000000000c00},5560,WINDEV2309EVAL\User,{fda94052-c315-658c-7500-000000000c00},3732,5620,Microsoft Windows Operating System,,,,,"
      ",-,,,,,,,,,,,,,,,2023-12-28T00:36:37.2934065Z,,,,,,,Process Create (rule: ProcessCreate),1,4344,WINDEV2309EVAL\User,S-1-5-18,2023-12-28 00:36:37.206,5,"<Event xmlns=""http://schemas.microsoft.com/win/2004/08/events/event"">
    <System>
      <Provider Name=""Microsoft-Windows-Sysmon"" Guid=""{5770385f-c22a-43e0-bf4c-06f5698ffbd9}""/>
      <EventID>1</EventID>
      <Version>5</Version>
      <Level>4</Level>
      <Task>1</Task>
      <Opcode>0</Opcode>
      <Keywords>0x8000000000000000</Keywords>
      <TimeCreated SystemTime=""2023-12-28T00:36:37.2934065Z""/>
      <EventRecordID>9694</EventRecordID>
      <Correlation/>
      <Execution ProcessID=""3732"" ThreadID=""4344""/>
      <Channel>Microsoft-Windows-Sysmon/Operational</Channel>
      <Computer>WinDev2309Eval</Computer>
      <Security UserID=""S-1-5-18""/>
    </System>
    <EventData>
      <Data Name=""RuleName"">-</Data>
      <Data Name=""UtcTime"">2023-12-28 00:36:37.206</Data>
      <Data Name=""ProcessGuid"">{fda94052-c315-658c-7500-000000000c00}</Data>
      <Data Name=""ProcessId"">5620</Data>
      <Data Name=""Image"">C:\Windows\explorer.exe</Data>
      <Data Name=""FileVersion"">10.0.22621.2283 (WinBuild.160101.0800)</Data>
      <Data Name=""Description"">Windows Explorer</Data>
      <Data Name=""Product"">Microsoft&#174; Windows&#174; Operating System</Data>
      <Data Name=""Company"">Microsoft Corporation</Data>
      <Data Name=""OriginalFileName"">EXPLORER.EXE</Data>
      <Data Name=""CommandLine"">C:\Windows\Explorer.EXE</Data>
      <Data Name=""CurrentDirectory"">C:\Windows\system32\</Data>
      <Data Name=""User"">WINDEV2309EVAL\User</Data>
      <Data Name=""LogonGuid"">{fda94052-c313-658c-9aab-030000000000}</Data>
      <Data Name=""LogonId"">0x3ab9a</Data>
      <Data Name=""TerminalSessionId"">1</Data>
      <Data Name=""IntegrityLevel"">Medium</Data>
      <Data Name=""Hashes"">MD5=07BE62A5EC0E923F7F642FF7C1AED7B7,SHA256=1510D045ACBB5991BDDFC93AD83EB34EAE623E907746549E58E6455325164B1D,IMPHASH=325C9527AB6217B668DA53C2B56008F1</Data>
      <Data Name=""ParentProcessGuid"">{fda94052-c315-658c-7400-000000000c00}</Data>
      <Data Name=""ParentProcessId"">5560</Data>
      <Data Name=""ParentImage"">C:\Windows\System32\userinit.exe</Data>
      <Data Name=""ParentCommandLine"">C:\Windows\system32\userinit.exe</Data>
      <Data Name=""ParentUser"">WINDEV2309EVAL\User</Data>
    </EventData>
    <RenderingInfo Culture=""en-US"">
      <Message>Process Create:

RuleName: -

UtcTime: 2023-12-28 00:36:37.206

ProcessGuid: {fda94052-c315-658c-7500-000000000c00}

ProcessId: 5620

Image: C:\Windows\explorer.exe

FileVersion: 10.0.22621.2283 (WinBuild.160101.0800)

Description: Windows Explorer

Product: Microsoft&#174; Windows&#174; Operating System

Company: Microsoft Corporation

OriginalFileName: EXPLORER.EXE

CommandLine: C:\Windows\Explorer.EXE

CurrentDirectory: C:\Windows\system32\

User: WINDEV2309EVAL\User

LogonGuid: {fda94052-c313-658c-9aab-030000000000}

LogonId: 0x3AB9A

TerminalSessionId: 1

IntegrityLevel: Medium

Hashes: MD5=07BE62A5EC0E923F7F642FF7C1AED7B7,SHA256=1510D045ACBB5991BDDFC93AD83EB34EAE623E907746549E58E6455325164B1D,IMPHASH=325C9527AB6217B668DA53C2B56008F1

ParentProcessGuid: {fda94052-c315-658c-7400-000000000c00}

ParentProcessId: 5560

ParentImage: C:\Windows\System32\userinit.exe

ParentCommandLine: C:\Windows\system32\userinit.exe

ParentUser: WINDEV2309EVAL\User</Message>
      <Level>Information</Level>
      <Task>Process Create (rule: ProcessCreate)</Task>
      <Opcode>Info</Opcode>
    </RenderingInfo>
  </Event>
  
"
Microsoft-Windows-Sysmon/Operational,C:\Windows\system32\userinit.exe,Microsoft Corporation,WinDev2309Eval,,C:\Windows\system32\,Userinit Logon Application,,,,,,,1,9693,,10.0.22621.1928 (WinBuild.160101.0800),"MD5=FC003295BCCC472CF80DE65788F64978,SHA256=F098CE116049A2024FA282FD62764159F451A9C1CC21A7845D155D439CF52B27,IMPHASH=4505BC1D077A07C1ECCB3C0B5910ADE4",C:\Windows\System32\userinit.exe,,Medium,0x8000000000000000,Information,{fda94052-c313-658c-9aab-030000000000},0x3ab9a,"Process Create:

RuleName: -

UtcTime: 2023-12-28 00:36:37.139

ProcessGuid: {fda94052-c315-658c-7400-000000000c00}

ProcessId: 5560

Image: C:\Windows\System32\userinit.exe

FileVersion: 10.0.22621.1928 (WinBuild.160101.0800)

Description: Userinit Logon Application

Product: Microsoft Windows Operating System

Company: Microsoft Corporation

OriginalFileName: USERINIT.EXE

CommandLine: C:\Windows\system32\userinit.exe

CurrentDirectory: C:\Windows\system32\

User: WINDEV2309EVAL\User

LogonGuid: {fda94052-c313-658c-9aab-030000000000}

LogonId: 0x3AB9A

TerminalSessionId: 1

IntegrityLevel: Medium

Hashes: MD5=FC003295BCCC472CF80DE65788F64978,SHA256=F098CE116049A2024FA282FD62764159F451A9C1CC21A7845D155D439CF52B27,IMPHASH=4505BC1D077A07C1ECCB3C0B5910ADE4

ParentProcessGuid: {fda94052-c30f-658c-0a00-000000000c00}

ParentProcessId: 732

ParentImage: C:\Windows\System32\winlogon.exe

ParentCommandLine: winlogon.exe

ParentUser: NT AUTHORITY\SYSTEM",,Info,USERINIT.EXE,winlogon.exe,C:\Windows\System32\winlogon.exe,{fda94052-c30f-658c-0a00-000000000c00},732,NT AUTHORITY\SYSTEM,{fda94052-c315-658c-7400-000000000c00},3732,5560,Microsoft Windows Operating System,,,,,"
      ",-,,,,,,,,,,,,,,,2023-12-28T00:36:37.1469148Z,,,,,,,Process Create (rule: ProcessCreate),1,4344,WINDEV2309EVAL\User,S-1-5-18,2023-12-28 00:36:37.139,5,"<Event xmlns=""http://schemas.microsoft.com/win/2004/08/events/event"">
    <System>
      <Provider Name=""Microsoft-Windows-Sysmon"" Guid=""{5770385f-c22a-43e0-bf4c-06f5698ffbd9}""/>
      <EventID>1</EventID>
      <Version>5</Version>
      <Level>4</Level>
      <Task>1</Task>
      <Opcode>0</Opcode>
      <Keywords>0x8000000000000000</Keywords>
      <TimeCreated SystemTime=""2023-12-28T00:36:37.1469148Z""/>
      <EventRecordID>9693</EventRecordID>
      <Correlation/>
      <Execution ProcessID=""3732"" ThreadID=""4344""/>
      <Channel>Microsoft-Windows-Sysmon/Operational</Channel>
      <Computer>WinDev2309Eval</Computer>
      <Security UserID=""S-1-5-18""/>
    </System>
    <EventData>
      <Data Name=""RuleName"">-</Data>
      <Data Name=""UtcTime"">2023-12-28 00:36:37.139</Data>
      <Data Name=""ProcessGuid"">{fda94052-c315-658c-7400-000000000c00}</Data>
      <Data Name=""ProcessId"">5560</Data>
      <Data Name=""Image"">C:\Windows\System32\userinit.exe</Data>
      <Data Name=""FileVersion"">10.0.22621.1928 (WinBuild.160101.0800)</Data>
      <Data Name=""Description"">Userinit Logon Application</Data>
      <Data Name=""Product"">Microsoft&#174; Windows&#174; Operating System</Data>
      <Data Name=""Company"">Microsoft Corporation</Data>
      <Data Name=""OriginalFileName"">USERINIT.EXE</Data>
      <Data Name=""CommandLine"">C:\Windows\system32\userinit.exe</Data>
      <Data Name=""CurrentDirectory"">C:\Windows\system32\</Data>
      <Data Name=""User"">WINDEV2309EVAL\User</Data>
      <Data Name=""LogonGuid"">{fda94052-c313-658c-9aab-030000000000}</Data>
      <Data Name=""LogonId"">0x3ab9a</Data>
      <Data Name=""TerminalSessionId"">1</Data>
      <Data Name=""IntegrityLevel"">Medium</Data>
      <Data Name=""Hashes"">MD5=FC003295BCCC472CF80DE65788F64978,SHA256=F098CE116049A2024FA282FD62764159F451A9C1CC21A7845D155D439CF52B27,IMPHASH=4505BC1D077A07C1ECCB3C0B5910ADE4</Data>
      <Data Name=""ParentProcessGuid"">{fda94052-c30f-658c-0a00-000000000c00}</Data>
      <Data Name=""ParentProcessId"">732</Data>
      <Data Name=""ParentImage"">C:\Windows\System32\winlogon.exe</Data>
      <Data Name=""ParentCommandLine"">winlogon.exe</Data>
      <Data Name=""ParentUser"">NT AUTHORITY\SYSTEM</Data>
    </EventData>
    <RenderingInfo Culture=""en-US"">
      <Message>Process Create:

RuleName: -

UtcTime: 2023-12-28 00:36:37.139

ProcessGuid: {fda94052-c315-658c-7400-000000000c00}

ProcessId: 5560

Image: C:\Windows\System32\userinit.exe

FileVersion: 10.0.22621.1928 (WinBuild.160101.0800)

Description: Userinit Logon Application

Product: Microsoft&#174; Windows&#174; Operating System

Company: Microsoft Corporation

OriginalFileName: USERINIT.EXE

CommandLine: C:\Windows\system32\userinit.exe

CurrentDirectory: C:\Windows\system32\

User: WINDEV2309EVAL\User

LogonGuid: {fda94052-c313-658c-9aab-030000000000}

LogonId: 0x3AB9A

TerminalSessionId: 1

IntegrityLevel: Medium

Hashes: MD5=FC003295BCCC472CF80DE65788F64978,SHA256=F098CE116049A2024FA282FD62764159F451A9C1CC21A7845D155D439CF52B27,IMPHASH=4505BC1D077A07C1ECCB3C0B5910ADE4

ParentProcessGuid: {fda94052-c30f-658c-0a00-000000000c00}

ParentProcessId: 732

ParentImage: C:\Windows\System32\winlogon.exe

ParentCommandLine: winlogon.exe

ParentUser: NT AUTHORITY\SYSTEM</Message>
      <Level>Information</Level>
      <Task>Process Create (rule: ProcessCreate)</Task>
      <Opcode>Info</Opcode>
    </RenderingInfo>
  </Event>
  
"
Microsoft-Windows-Sysmon/Operational,"C:\Windows\system32\wevtutil.exe uninstall-manifest ""C:\ProgramData\Microsoft\Windows Defender\Platform\4.18.23080.2006-0\Microsoft-Antimalware-Service.man""",Microsoft Corporation,WinDev2309Eval,,C:\Windows\system32\,Windows Event Log Utility,,,,,,,1,9692,,10.0.22621.1778 (WinBuild.160101.0800),"MD5=DFE4A9613993ECAFE6B38DEFE8D495F2,SHA256=3635324AA002EBB7FD99D50E63ACDAC0C34E831A7F35E7B33F37854557538588,IMPHASH=92CA71320A49850E970004A94EA5D695",C:\Windows\System32\wevtutil.exe,,System,0x8000000000000000,Information,{fda94052-c30f-658c-e703-000000000000},0x3e7,"Process Create:

RuleName: -

UtcTime: 2023-12-28 00:36:37.006

ProcessGuid: {fda94052-c315-658c-7200-000000000c00}

ProcessId: 5476

Image: C:\Windows\System32\wevtutil.exe

FileVersion: 10.0.22621.1778 (WinBuild.160101.0800)

Description: Windows Event Log Utility

Product: Microsoft Windows Operating System

Company: Microsoft Corporation

OriginalFileName: wevtutil.exe

CommandLine: C:\Windows\system32\wevtutil.exe uninstall-manifest ""C:\ProgramData\Microsoft\Windows Defender\Platform\4.18.23080.2006-0\Microsoft-Antimalware-Service.man""

CurrentDirectory: C:\Windows\system32\

User: NT AUTHORITY\SYSTEM

LogonGuid: {fda94052-c30f-658c-e703-000000000000}

LogonId: 0x3E7

TerminalSessionId: 0

IntegrityLevel: System

Hashes: MD5=DFE4A9613993ECAFE6B38DEFE8D495F2,SHA256=3635324AA002EBB7FD99D50E63ACDAC0C34E831A7F35E7B33F37854557538588,IMPHASH=92CA71320A49850E970004A94EA5D695

ParentProcessGuid: {fda94052-c311-658c-4e00-000000000c00}

ParentProcessId: 3352

ParentImage: C:\ProgramData\Microsoft\Windows Defender\Platform\4.18.23080.2006-0\MsMpEng.exe

ParentCommandLine: ""C:\ProgramData\Microsoft\Windows Defender\Platform\4.18.23080.2006-0\MsMpEng.exe""

ParentUser: NT AUTHORITY\SYSTEM",,Info,wevtutil.exe,"""C:\ProgramData\Microsoft\Windows Defender\Platform\4.18.23080.2006-0\MsMpEng.exe""",C:\ProgramData\Microsoft\Windows Defender\Platform\4.18.23080.2006-0\MsMpEng.exe,{fda94052-c311-658c-4e00-000000000c00},3352,NT AUTHORITY\SYSTEM,{fda94052-c315-658c-7200-000000000c00},3732,5476,Microsoft Windows Operating System,,,,,"
      ",-,,,,,,,,,,,,,,,2023-12-28T00:36:37.0076883Z,,,,,,,Process Create (rule: ProcessCreate),0,4344,NT AUTHORITY\SYSTEM,S-1-5-18,2023-12-28 00:36:37.006,5,"<Event xmlns=""http://schemas.microsoft.com/win/2004/08/events/event"">
    <System>
      <Provider Name=""Microsoft-Windows-Sysmon"" Guid=""{5770385f-c22a-43e0-bf4c-06f5698ffbd9}""/>
      <EventID>1</EventID>
      <Version>5</Version>
      <Level>4</Level>
      <Task>1</Task>
      <Opcode>0</Opcode>
      <Keywords>0x8000000000000000</Keywords>
      <TimeCreated SystemTime=""2023-12-28T00:36:37.0076883Z""/>
      <EventRecordID>9692</EventRecordID>
      <Correlation/>
      <Execution ProcessID=""3732"" ThreadID=""4344""/>
      <Channel>Microsoft-Windows-Sysmon/Operational</Channel>
      <Computer>WinDev2309Eval</Computer>
      <Security UserID=""S-1-5-18""/>
    </System>
    <EventData>
      <Data Name=""RuleName"">-</Data>
      <Data Name=""UtcTime"">2023-12-28 00:36:37.006</Data>
      <Data Name=""ProcessGuid"">{fda94052-c315-658c-7200-000000000c00}</Data>
      <Data Name=""ProcessId"">5476</Data>
      <Data Name=""Image"">C:\Windows\System32\wevtutil.exe</Data>
      <Data Name=""FileVersion"">10.0.22621.1778 (WinBuild.160101.0800)</Data>
      <Data Name=""Description"">Windows Event Log Utility</Data>
      <Data Name=""Product"">Microsoft&#174; Windows&#174; Operating System</Data>
      <Data Name=""Company"">Microsoft Corporation</Data>
      <Data Name=""OriginalFileName"">wevtutil.exe</Data>
      <Data Name=""CommandLine"">C:\Windows\system32\wevtutil.exe uninstall-manifest ""C:\ProgramData\Microsoft\Windows Defender\Platform\4.18.23080.2006-0\Microsoft-Antimalware-Service.man""</Data>
      <Data Name=""CurrentDirectory"">C:\Windows\system32\</Data>
      <Data Name=""User"">NT AUTHORITY\SYSTEM</Data>
      <Data Name=""LogonGuid"">{fda94052-c30f-658c-e703-000000000000}</Data>
      <Data Name=""LogonId"">0x3e7</Data>
      <Data Name=""TerminalSessionId"">0</Data>
      <Data Name=""IntegrityLevel"">System</Data>
      <Data Name=""Hashes"">MD5=DFE4A9613993ECAFE6B38DEFE8D495F2,SHA256=3635324AA002EBB7FD99D50E63ACDAC0C34E831A7F35E7B33F37854557538588,IMPHASH=92CA71320A49850E970004A94EA5D695</Data>
      <Data Name=""ParentProcessGuid"">{fda94052-c311-658c-4e00-000000000c00}</Data>
      <Data Name=""ParentProcessId"">3352</Data>
      <Data Name=""ParentImage"">C:\ProgramData\Microsoft\Windows Defender\Platform\4.18.23080.2006-0\MsMpEng.exe</Data>
      <Data Name=""ParentCommandLine"">""C:\ProgramData\Microsoft\Windows Defender\Platform\4.18.23080.2006-0\MsMpEng.exe""</Data>
      <Data Name=""ParentUser"">NT AUTHORITY\SYSTEM</Data>
    </EventData>
    <RenderingInfo Culture=""en-US"">
      <Message>Process Create:

RuleName: -

UtcTime: 2023-12-28 00:36:37.006

ProcessGuid: {fda94052-c315-658c-7200-000000000c00}

ProcessId: 5476

Image: C:\Windows\System32\wevtutil.exe

FileVersion: 10.0.22621.1778 (WinBuild.160101.0800)

Description: Windows Event Log Utility

Product: Microsoft&#174; Windows&#174; Operating System

Company: Microsoft Corporation

OriginalFileName: wevtutil.exe

CommandLine: C:\Windows\system32\wevtutil.exe uninstall-manifest ""C:\ProgramData\Microsoft\Windows Defender\Platform\4.18.23080.2006-0\Microsoft-Antimalware-Service.man""

CurrentDirectory: C:\Windows\system32\

User: NT AUTHORITY\SYSTEM

LogonGuid: {fda94052-c30f-658c-e703-000000000000}

LogonId: 0x3E7

TerminalSessionId: 0

IntegrityLevel: System

Hashes: MD5=DFE4A9613993ECAFE6B38DEFE8D495F2,SHA256=3635324AA002EBB7FD99D50E63ACDAC0C34E831A7F35E7B33F37854557538588,IMPHASH=92CA71320A49850E970004A94EA5D695

ParentProcessGuid: {fda94052-c311-658c-4e00-000000000c00}

ParentProcessId: 3352

ParentImage: C:\ProgramData\Microsoft\Windows Defender\Platform\4.18.23080.2006-0\MsMpEng.exe

ParentCommandLine: ""C:\ProgramData\Microsoft\Windows Defender\Platform\4.18.23080.2006-0\MsMpEng.exe""

ParentUser: NT AUTHORITY\SYSTEM</Message>
      <Level>Information</Level>
      <Task>Process Create (rule: ProcessCreate)</Task>
      <Opcode>Info</Opcode>
    </RenderingInfo>
  </Event>
  
"
