Microsoft-Windows-Sysmon/Operational,"""LogonUI.exe"" /flags:0x2 /state0:0xa3bd8855 /state1:0x41c64e6d",Microsoft Corporation,WinDev2309Eval,,C:\Windows\system32\,Windows Logon User Interface Host,,,,,,,1,9541,,10.0.22621.1 (WinBuild.160101.0800),"MD5=B3CC2464BECE9A99D8C755A7CCBFEF52,SHA256=B62E62C7374CE1398B985AF3122FF10A092750F65191FDC3AA6151DE130183A3,IMPHASH=0EF1A1FBF5FA5B3737A8D19C60F416A9",C:\Windows\System32\LogonUI.exe,,System,0x8000000000000000,Information,{fda94052-c30f-658c-e703-000000000000},0x3e7,"Process Create:

RuleName: -

UtcTime: 2023-12-28 00:36:32.329

ProcessGuid: {fda94052-c310-658c-1200-000000000c00}

ProcessId: 948

Image: C:\Windows\System32\LogonUI.exe

FileVersion: 10.0.22621.1 (WinBuild.160101.0800)

Description: Windows Logon User Interface Host

Product: Microsoft Windows Operating System

Company: Microsoft Corporation

OriginalFileName: logonui.exe

CommandLine: ""LogonUI.exe"" /flags:0x2 /state0:0xa3bd8855 /state1:0x41c64e6d

CurrentDirectory: C:\Windows\system32\

User: NT AUTHORITY\SYSTEM

LogonGuid: {fda94052-c30f-658c-e703-000000000000}

LogonId: 0x3E7

TerminalSessionId: 1

IntegrityLevel: System

Hashes: MD5=B3CC2464BECE9A99D8C755A7CCBFEF52,SHA256=B62E62C7374CE1398B985AF3122FF10A092750F65191FDC3AA6151DE130183A3,IMPHASH=0EF1A1FBF5FA5B3737A8D19C60F416A9

ParentProcessGuid: {fda94052-c30f-658c-0a00-000000000c00}

ParentProcessId: 732

ParentImage: C:\Windows\System32\winlogon.exe

ParentCommandLine: winlogon.exe

ParentUser: NT AUTHORITY\SYSTEM",,Info,logonui.exe,winlogon.exe,C:\Windows\System32\winlogon.exe,{fda94052-c30f-658c-0a00-000000000c00},732,NT AUTHORITY\SYSTEM,{fda94052-c310-658c-1200-000000000c00},3732,948,Microsoft Windows Operating System,,,,,"
      ",-,,,,,,,,,,,,,,,2023-12-28T00:36:35.0843038Z,,,,,,,Process Create (rule: ProcessCreate),1,4344,NT AUTHORITY\SYSTEM,S-1-5-18,2023-12-28 00:36:32.329,5,"<Event xmlns=""http://schemas.microsoft.com/win/2004/08/events/event"">
    <System>
      <Provider Name=""Microsoft-Windows-Sysmon"" Guid=""{5770385f-c22a-43e0-bf4c-06f5698ffbd9}""/>
      <EventID>1</EventID>
      <Version>5</Version>
      <Level>4</Level>
      <Task>1</Task>
      <Opcode>0</Opcode>
      <Keywords>0x8000000000000000</Keywords>
      <TimeCreated SystemTime=""2023-12-28T00:36:35.0843038Z""/>
      <EventRecordID>9541</EventRecordID>
      <Correlation/>
      <Execution ProcessID=""3732"" ThreadID=""4344""/>
      <Channel>Microsoft-Windows-Sysmon/Operational</Channel>
      <Computer>WinDev2309Eval</Computer>
      <Security UserID=""S-1-5-18""/>
    </System>
    <EventData>
      <Data Name=""RuleName"">-</Data>
      <Data Name=""UtcTime"">2023-12-28 00:36:32.329</Data>
      <Data Name=""ProcessGuid"">{fda94052-c310-658c-1200-000000000c00}</Data>
      <Data Name=""ProcessId"">948</Data>
      <Data Name=""Image"">C:\Windows\System32\LogonUI.exe</Data>
      <Data Name=""FileVersion"">10.0.22621.1 (WinBuild.160101.0800)</Data>
      <Data Name=""Description"">Windows Logon User Interface Host</Data>
      <Data Name=""Product"">Microsoft&#174; Windows&#174; Operating System</Data>
      <Data Name=""Company"">Microsoft Corporation</Data>
      <Data Name=""OriginalFileName"">logonui.exe</Data>
      <Data Name=""CommandLine"">""LogonUI.exe"" /flags:0x2 /state0:0xa3bd8855 /state1:0x41c64e6d</Data>
      <Data Name=""CurrentDirectory"">C:\Windows\system32\</Data>
      <Data Name=""User"">NT AUTHORITY\SYSTEM</Data>
      <Data Name=""LogonGuid"">{fda94052-c30f-658c-e703-000000000000}</Data>
      <Data Name=""LogonId"">0x3e7</Data>
      <Data Name=""TerminalSessionId"">1</Data>
      <Data Name=""IntegrityLevel"">System</Data>
      <Data Name=""Hashes"">MD5=B3CC2464BECE9A99D8C755A7CCBFEF52,SHA256=B62E62C7374CE1398B985AF3122FF10A092750F65191FDC3AA6151DE130183A3,IMPHASH=0EF1A1FBF5FA5B3737A8D19C60F416A9</Data>
      <Data Name=""ParentProcessGuid"">{fda94052-c30f-658c-0a00-000000000c00}</Data>
      <Data Name=""ParentProcessId"">732</Data>
      <Data Name=""ParentImage"">C:\Windows\System32\winlogon.exe</Data>
      <Data Name=""ParentCommandLine"">winlogon.exe</Data>
      <Data Name=""ParentUser"">NT AUTHORITY\SYSTEM</Data>
    </EventData>
    <RenderingInfo Culture=""en-US"">
      <Message>Process Create:

RuleName: -

UtcTime: 2023-12-28 00:36:32.329

ProcessGuid: {fda94052-c310-658c-1200-000000000c00}

ProcessId: 948

Image: C:\Windows\System32\LogonUI.exe

FileVersion: 10.0.22621.1 (WinBuild.160101.0800)

Description: Windows Logon User Interface Host

Product: Microsoft&#174; Windows&#174; Operating System

Company: Microsoft Corporation

OriginalFileName: logonui.exe

CommandLine: ""LogonUI.exe"" /flags:0x2 /state0:0xa3bd8855 /state1:0x41c64e6d

CurrentDirectory: C:\Windows\system32\

User: NT AUTHORITY\SYSTEM

LogonGuid: {fda94052-c30f-658c-e703-000000000000}

LogonId: 0x3E7

TerminalSessionId: 1

IntegrityLevel: System

Hashes: MD5=B3CC2464BECE9A99D8C755A7CCBFEF52,SHA256=B62E62C7374CE1398B985AF3122FF10A092750F65191FDC3AA6151DE130183A3,IMPHASH=0EF1A1FBF5FA5B3737A8D19C60F416A9

ParentProcessGuid: {fda94052-c30f-658c-0a00-000000000c00}

ParentProcessId: 732

ParentImage: C:\Windows\System32\winlogon.exe

ParentCommandLine: winlogon.exe

ParentUser: NT AUTHORITY\SYSTEM</Message>
      <Level>Information</Level>
      <Task>Process Create (rule: ProcessCreate)</Task>
      <Opcode>Info</Opcode>
    </RenderingInfo>
  </Event>
  
"
Microsoft-Windows-Sysmon/Operational,C:\Windows\system32\svchost.exe -k DcomLaunch -p -s LSM,Microsoft Corporation,WinDev2309Eval,,C:\Windows\system32\,Host Process for Windows Services,,,,,,,1,9540,,10.0.22621.1 (WinBuild.160101.0800),"MD5=8EC922C7A58A8701AB481B7BE9644536,SHA256=949BFB5B4C7D58D92F3F9C5F8EC7CA4CEAFFD10EC5F0020F0A987C472D61C54B,IMPHASH=76B4BAE80D2C3B08BB062D97BF9CA791",C:\Windows\System32\svchost.exe,,System,0x8000000000000000,Information,{fda94052-c30f-658c-e703-000000000000},0x3e7,"Process Create:

RuleName: -

UtcTime: 2023-12-28 00:36:32.191

ProcessGuid: {fda94052-c310-658c-1100-000000000c00}

ProcessId: 644

Image: C:\Windows\System32\svchost.exe

FileVersion: 10.0.22621.1 (WinBuild.160101.0800)

Description: Host Process for Windows Services

Product: Microsoft Windows Operating System

Company: Microsoft Corporation

OriginalFileName: svchost.exe

CommandLine: C:\Windows\system32\svchost.exe -k DcomLaunch -p -s LSM

CurrentDirectory: C:\Windows\system32\

User: NT AUTHORITY\SYSTEM

LogonGuid: {fda94052-c30f-658c-e703-000000000000}

LogonId: 0x3E7

TerminalSessionId: 0

IntegrityLevel: System

Hashes: MD5=8EC922C7A58A8701AB481B7BE9644536,SHA256=949BFB5B4C7D58D92F3F9C5F8EC7CA4CEAFFD10EC5F0020F0A987C472D61C54B,IMPHASH=76B4BAE80D2C3B08BB062D97BF9CA791

ParentProcessGuid: {fda94052-c30f-658c-0b00-000000000c00}

ParentProcessId: 776

ParentImage: C:\Windows\System32\services.exe

ParentCommandLine: C:\Windows\system32\services.exe

ParentUser: NT AUTHORITY\SYSTEM",,Info,svchost.exe,C:\Windows\system32\services.exe,C:\Windows\System32\services.exe,{fda94052-c30f-658c-0b00-000000000c00},776,NT AUTHORITY\SYSTEM,{fda94052-c310-658c-1100-000000000c00},3732,644,Microsoft Windows Operating System,,,,,"
      ",-,,,,,,,,,,,,,,,2023-12-28T00:36:35.0830576Z,,,,,,,Process Create (rule: ProcessCreate),0,4344,NT AUTHORITY\SYSTEM,S-1-5-18,2023-12-28 00:36:32.191,5,"<Event xmlns=""http://schemas.microsoft.com/win/2004/08/events/event"">
    <System>
      <Provider Name=""Microsoft-Windows-Sysmon"" Guid=""{5770385f-c22a-43e0-bf4c-06f5698ffbd9}""/>
      <EventID>1</EventID>
      <Version>5</Version>
      <Level>4</Level>
      <Task>1</Task>
      <Opcode>0</Opcode>
      <Keywords>0x8000000000000000</Keywords>
      <TimeCreated SystemTime=""2023-12-28T00:36:35.0830576Z""/>
      <EventRecordID>9540</EventRecordID>
      <Correlation/>
      <Execution ProcessID=""3732"" ThreadID=""4344""/>
      <Channel>Microsoft-Windows-Sysmon/Operational</Channel>
      <Computer>WinDev2309Eval</Computer>
      <Security UserID=""S-1-5-18""/>
    </System>
    <EventData>
      <Data Name=""RuleName"">-</Data>
      <Data Name=""UtcTime"">2023-12-28 00:36:32.191</Data>
      <Data Name=""ProcessGuid"">{fda94052-c310-658c-1100-000000000c00}</Data>
      <Data Name=""ProcessId"">644</Data>
      <Data Name=""Image"">C:\Windows\System32\svchost.exe</Data>
      <Data Name=""FileVersion"">10.0.22621.1 (WinBuild.160101.0800)</Data>
      <Data Name=""Description"">Host Process for Windows Services</Data>
      <Data Name=""Product"">Microsoft&#174; Windows&#174; Operating System</Data>
      <Data Name=""Company"">Microsoft Corporation</Data>
      <Data Name=""OriginalFileName"">svchost.exe</Data>
      <Data Name=""CommandLine"">C:\Windows\system32\svchost.exe -k DcomLaunch -p -s LSM</Data>
      <Data Name=""CurrentDirectory"">C:\Windows\system32\</Data>
      <Data Name=""User"">NT AUTHORITY\SYSTEM</Data>
      <Data Name=""LogonGuid"">{fda94052-c30f-658c-e703-000000000000}</Data>
      <Data Name=""LogonId"">0x3e7</Data>
      <Data Name=""TerminalSessionId"">0</Data>
      <Data Name=""IntegrityLevel"">System</Data>
      <Data Name=""Hashes"">MD5=8EC922C7A58A8701AB481B7BE9644536,SHA256=949BFB5B4C7D58D92F3F9C5F8EC7CA4CEAFFD10EC5F0020F0A987C472D61C54B,IMPHASH=76B4BAE80D2C3B08BB062D97BF9CA791</Data>
      <Data Name=""ParentProcessGuid"">{fda94052-c30f-658c-0b00-000000000c00}</Data>
      <Data Name=""ParentProcessId"">776</Data>
      <Data Name=""ParentImage"">C:\Windows\System32\services.exe</Data>
      <Data Name=""ParentCommandLine"">C:\Windows\system32\services.exe</Data>
      <Data Name=""ParentUser"">NT AUTHORITY\SYSTEM</Data>
    </EventData>
    <RenderingInfo Culture=""en-US"">
      <Message>Process Create:

RuleName: -

UtcTime: 2023-12-28 00:36:32.191

ProcessGuid: {fda94052-c310-658c-1100-000000000c00}

ProcessId: 644

Image: C:\Windows\System32\svchost.exe

FileVersion: 10.0.22621.1 (WinBuild.160101.0800)

Description: Host Process for Windows Services

Product: Microsoft&#174; Windows&#174; Operating System

Company: Microsoft Corporation

OriginalFileName: svchost.exe

CommandLine: C:\Windows\system32\svchost.exe -k DcomLaunch -p -s LSM

CurrentDirectory: C:\Windows\system32\

User: NT AUTHORITY\SYSTEM

LogonGuid: {fda94052-c30f-658c-e703-000000000000}

LogonId: 0x3E7

TerminalSessionId: 0

IntegrityLevel: System

Hashes: MD5=8EC922C7A58A8701AB481B7BE9644536,SHA256=949BFB5B4C7D58D92F3F9C5F8EC7CA4CEAFFD10EC5F0020F0A987C472D61C54B,IMPHASH=76B4BAE80D2C3B08BB062D97BF9CA791

ParentProcessGuid: {fda94052-c30f-658c-0b00-000000000c00}

ParentProcessId: 776

ParentImage: C:\Windows\System32\services.exe

ParentCommandLine: C:\Windows\system32\services.exe

ParentUser: NT AUTHORITY\SYSTEM</Message>
      <Level>Information</Level>
      <Task>Process Create (rule: ProcessCreate)</Task>
      <Opcode>Info</Opcode>
    </RenderingInfo>
  </Event>
  
"
Microsoft-Windows-Sysmon/Operational,C:\Windows\system32\svchost.exe -k RPCSS -p,Microsoft Corporation,WinDev2309Eval,,C:\Windows\system32\,Host Process for Windows Services,,,,,,,1,9539,,10.0.22621.1 (WinBuild.160101.0800),"MD5=8EC922C7A58A8701AB481B7BE9644536,SHA256=949BFB5B4C7D58D92F3F9C5F8EC7CA4CEAFFD10EC5F0020F0A987C472D61C54B,IMPHASH=76B4BAE80D2C3B08BB062D97BF9CA791",C:\Windows\System32\svchost.exe,,System,0x8000000000000000,Information,{fda94052-c310-658c-e403-000000000000},0x3e4,"Process Create:

RuleName: -

UtcTime: 2023-12-28 00:36:32.041

ProcessGuid: {fda94052-c310-658c-1000-000000000c00}

ProcessId: 508

Image: C:\Windows\System32\svchost.exe

FileVersion: 10.0.22621.1 (WinBuild.160101.0800)

Description: Host Process for Windows Services

Product: Microsoft Windows Operating System

Company: Microsoft Corporation

OriginalFileName: svchost.exe

CommandLine: C:\Windows\system32\svchost.exe -k RPCSS -p

CurrentDirectory: C:\Windows\system32\

User: NT AUTHORITY\NETWORK SERVICE

LogonGuid: {fda94052-c310-658c-e403-000000000000}

LogonId: 0x3E4

TerminalSessionId: 0

IntegrityLevel: System

Hashes: MD5=8EC922C7A58A8701AB481B7BE9644536,SHA256=949BFB5B4C7D58D92F3F9C5F8EC7CA4CEAFFD10EC5F0020F0A987C472D61C54B,IMPHASH=76B4BAE80D2C3B08BB062D97BF9CA791

ParentProcessGuid: {fda94052-c30f-658c-0b00-000000000c00}

ParentProcessId: 776

ParentImage: C:\Windows\System32\services.exe

ParentCommandLine: C:\Windows\system32\services.exe

ParentUser: NT AUTHORITY\SYSTEM",,Info,svchost.exe,C:\Windows\system32\services.exe,C:\Windows\System32\services.exe,{fda94052-c30f-658c-0b00-000000000c00},776,NT AUTHORITY\SYSTEM,{fda94052-c310-658c-1000-000000000c00},3732,508,Microsoft Windows Operating System,,,,,"
      ",-,,,,,,,,,,,,,,,2023-12-28T00:36:35.0821411Z,,,,,,,Process Create (rule: ProcessCreate),0,4344,NT AUTHORITY\NETWORK SERVICE,S-1-5-18,2023-12-28 00:36:32.041,5,"<Event xmlns=""http://schemas.microsoft.com/win/2004/08/events/event"">
    <System>
      <Provider Name=""Microsoft-Windows-Sysmon"" Guid=""{5770385f-c22a-43e0-bf4c-06f5698ffbd9}""/>
      <EventID>1</EventID>
      <Version>5</Version>
      <Level>4</Level>
      <Task>1</Task>
      <Opcode>0</Opcode>
      <Keywords>0x8000000000000000</Keywords>
      <TimeCreated SystemTime=""2023-12-28T00:36:35.0821411Z""/>
      <EventRecordID>9539</EventRecordID>
      <Correlation/>
      <Execution ProcessID=""3732"" ThreadID=""4344""/>
      <Channel>Microsoft-Windows-Sysmon/Operational</Channel>
      <Computer>WinDev2309Eval</Computer>
      <Security UserID=""S-1-5-18""/>
    </System>
    <EventData>
      <Data Name=""RuleName"">-</Data>
      <Data Name=""UtcTime"">2023-12-28 00:36:32.041</Data>
      <Data Name=""ProcessGuid"">{fda94052-c310-658c-1000-000000000c00}</Data>
      <Data Name=""ProcessId"">508</Data>
      <Data Name=""Image"">C:\Windows\System32\svchost.exe</Data>
      <Data Name=""FileVersion"">10.0.22621.1 (WinBuild.160101.0800)</Data>
      <Data Name=""Description"">Host Process for Windows Services</Data>
      <Data Name=""Product"">Microsoft&#174; Windows&#174; Operating System</Data>
      <Data Name=""Company"">Microsoft Corporation</Data>
      <Data Name=""OriginalFileName"">svchost.exe</Data>
      <Data Name=""CommandLine"">C:\Windows\system32\svchost.exe -k RPCSS -p</Data>
      <Data Name=""CurrentDirectory"">C:\Windows\system32\</Data>
      <Data Name=""User"">NT AUTHORITY\NETWORK SERVICE</Data>
      <Data Name=""LogonGuid"">{fda94052-c310-658c-e403-000000000000}</Data>
      <Data Name=""LogonId"">0x3e4</Data>
      <Data Name=""TerminalSessionId"">0</Data>
      <Data Name=""IntegrityLevel"">System</Data>
      <Data Name=""Hashes"">MD5=8EC922C7A58A8701AB481B7BE9644536,SHA256=949BFB5B4C7D58D92F3F9C5F8EC7CA4CEAFFD10EC5F0020F0A987C472D61C54B,IMPHASH=76B4BAE80D2C3B08BB062D97BF9CA791</Data>
      <Data Name=""ParentProcessGuid"">{fda94052-c30f-658c-0b00-000000000c00}</Data>
      <Data Name=""ParentProcessId"">776</Data>
      <Data Name=""ParentImage"">C:\Windows\System32\services.exe</Data>
      <Data Name=""ParentCommandLine"">C:\Windows\system32\services.exe</Data>
      <Data Name=""ParentUser"">NT AUTHORITY\SYSTEM</Data>
    </EventData>
    <RenderingInfo Culture=""en-US"">
      <Message>Process Create:

RuleName: -

UtcTime: 2023-12-28 00:36:32.041

ProcessGuid: {fda94052-c310-658c-1000-000000000c00}

ProcessId: 508

Image: C:\Windows\System32\svchost.exe

FileVersion: 10.0.22621.1 (WinBuild.160101.0800)

Description: Host Process for Windows Services

Product: Microsoft&#174; Windows&#174; Operating System

Company: Microsoft Corporation

OriginalFileName: svchost.exe

CommandLine: C:\Windows\system32\svchost.exe -k RPCSS -p

CurrentDirectory: C:\Windows\system32\

User: NT AUTHORITY\NETWORK SERVICE

LogonGuid: {fda94052-c310-658c-e403-000000000000}

LogonId: 0x3E4

TerminalSessionId: 0

IntegrityLevel: System

Hashes: MD5=8EC922C7A58A8701AB481B7BE9644536,SHA256=949BFB5B4C7D58D92F3F9C5F8EC7CA4CEAFFD10EC5F0020F0A987C472D61C54B,IMPHASH=76B4BAE80D2C3B08BB062D97BF9CA791

ParentProcessGuid: {fda94052-c30f-658c-0b00-000000000c00}

ParentProcessId: 776

ParentImage: C:\Windows\System32\services.exe

ParentCommandLine: C:\Windows\system32\services.exe

ParentUser: NT AUTHORITY\SYSTEM</Message>
      <Level>Information</Level>
      <Task>Process Create (rule: ProcessCreate)</Task>
      <Opcode>Info</Opcode>
    </RenderingInfo>
  </Event>
  
"
Microsoft-Windows-Sysmon/Operational,C:\Windows\system32\svchost.exe -k DcomLaunch -p,Microsoft Corporation,WinDev2309Eval,,C:\Windows\system32\,Host Process for Windows Services,,,,,,,1,9538,,10.0.22621.1 (WinBuild.160101.0800),"MD5=8EC922C7A58A8701AB481B7BE9644536,SHA256=949BFB5B4C7D58D92F3F9C5F8EC7CA4CEAFFD10EC5F0020F0A987C472D61C54B,IMPHASH=76B4BAE80D2C3B08BB062D97BF9CA791",C:\Windows\System32\svchost.exe,,System,0x8000000000000000,Information,{fda94052-c30f-658c-e703-000000000000},0x3e7,"Process Create:

RuleName: -

UtcTime: 2023-12-28 00:36:31.883

ProcessGuid: {fda94052-c30f-658c-0d00-000000000c00}

ProcessId: 924

Image: C:\Windows\System32\svchost.exe

FileVersion: 10.0.22621.1 (WinBuild.160101.0800)

Description: Host Process for Windows Services

Product: Microsoft Windows Operating System

Company: Microsoft Corporation

OriginalFileName: svchost.exe

CommandLine: C:\Windows\system32\svchost.exe -k DcomLaunch -p

CurrentDirectory: C:\Windows\system32\

User: NT AUTHORITY\SYSTEM

LogonGuid: {fda94052-c30f-658c-e703-000000000000}

LogonId: 0x3E7

TerminalSessionId: 0

IntegrityLevel: System

Hashes: MD5=8EC922C7A58A8701AB481B7BE9644536,SHA256=949BFB5B4C7D58D92F3F9C5F8EC7CA4CEAFFD10EC5F0020F0A987C472D61C54B,IMPHASH=76B4BAE80D2C3B08BB062D97BF9CA791

ParentProcessGuid: {fda94052-c30f-658c-0b00-000000000c00}

ParentProcessId: 776

ParentImage: C:\Windows\System32\services.exe

ParentCommandLine: C:\Windows\system32\services.exe

ParentUser: NT AUTHORITY\SYSTEM",,Info,svchost.exe,C:\Windows\system32\services.exe,C:\Windows\System32\services.exe,{fda94052-c30f-658c-0b00-000000000c00},776,NT AUTHORITY\SYSTEM,{fda94052-c30f-658c-0d00-000000000c00},3732,924,Microsoft Windows Operating System,,,,,"
      ",-,,,,,,,,,,,,,,,2023-12-28T00:36:35.0802690Z,,,,,,,Process Create (rule: ProcessCreate),0,4344,NT AUTHORITY\SYSTEM,S-1-5-18,2023-12-28 00:36:31.883,5,"<Event xmlns=""http://schemas.microsoft.com/win/2004/08/events/event"">
    <System>
      <Provider Name=""Microsoft-Windows-Sysmon"" Guid=""{5770385f-c22a-43e0-bf4c-06f5698ffbd9}""/>
      <EventID>1</EventID>
      <Version>5</Version>
      <Level>4</Level>
      <Task>1</Task>
      <Opcode>0</Opcode>
      <Keywords>0x8000000000000000</Keywords>
      <TimeCreated SystemTime=""2023-12-28T00:36:35.0802690Z""/>
      <EventRecordID>9538</EventRecordID>
      <Correlation/>
      <Execution ProcessID=""3732"" ThreadID=""4344""/>
      <Channel>Microsoft-Windows-Sysmon/Operational</Channel>
      <Computer>WinDev2309Eval</Computer>
      <Security UserID=""S-1-5-18""/>
    </System>
    <EventData>
      <Data Name=""RuleName"">-</Data>
      <Data Name=""UtcTime"">2023-12-28 00:36:31.883</Data>
      <Data Name=""ProcessGuid"">{fda94052-c30f-658c-0d00-000000000c00}</Data>
      <Data Name=""ProcessId"">924</Data>
      <Data Name=""Image"">C:\Windows\System32\svchost.exe</Data>
      <Data Name=""FileVersion"">10.0.22621.1 (WinBuild.160101.0800)</Data>
      <Data Name=""Description"">Host Process for Windows Services</Data>
      <Data Name=""Product"">Microsoft&#174; Windows&#174; Operating System</Data>
      <Data Name=""Company"">Microsoft Corporation</Data>
      <Data Name=""OriginalFileName"">svchost.exe</Data>
      <Data Name=""CommandLine"">C:\Windows\system32\svchost.exe -k DcomLaunch -p</Data>
      <Data Name=""CurrentDirectory"">C:\Windows\system32\</Data>
      <Data Name=""User"">NT AUTHORITY\SYSTEM</Data>
      <Data Name=""LogonGuid"">{fda94052-c30f-658c-e703-000000000000}</Data>
      <Data Name=""LogonId"">0x3e7</Data>
      <Data Name=""TerminalSessionId"">0</Data>
      <Data Name=""IntegrityLevel"">System</Data>
      <Data Name=""Hashes"">MD5=8EC922C7A58A8701AB481B7BE9644536,SHA256=949BFB5B4C7D58D92F3F9C5F8EC7CA4CEAFFD10EC5F0020F0A987C472D61C54B,IMPHASH=76B4BAE80D2C3B08BB062D97BF9CA791</Data>
      <Data Name=""ParentProcessGuid"">{fda94052-c30f-658c-0b00-000000000c00}</Data>
      <Data Name=""ParentProcessId"">776</Data>
      <Data Name=""ParentImage"">C:\Windows\System32\services.exe</Data>
      <Data Name=""ParentCommandLine"">C:\Windows\system32\services.exe</Data>
      <Data Name=""ParentUser"">NT AUTHORITY\SYSTEM</Data>
    </EventData>
    <RenderingInfo Culture=""en-US"">
      <Message>Process Create:

RuleName: -

UtcTime: 2023-12-28 00:36:31.883

ProcessGuid: {fda94052-c30f-658c-0d00-000000000c00}

ProcessId: 924

Image: C:\Windows\System32\svchost.exe

FileVersion: 10.0.22621.1 (WinBuild.160101.0800)

Description: Host Process for Windows Services

Product: Microsoft&#174; Windows&#174; Operating System

Company: Microsoft Corporation

OriginalFileName: svchost.exe

CommandLine: C:\Windows\system32\svchost.exe -k DcomLaunch -p

CurrentDirectory: C:\Windows\system32\

User: NT AUTHORITY\SYSTEM

LogonGuid: {fda94052-c30f-658c-e703-000000000000}

LogonId: 0x3E7

TerminalSessionId: 0

IntegrityLevel: System

Hashes: MD5=8EC922C7A58A8701AB481B7BE9644536,SHA256=949BFB5B4C7D58D92F3F9C5F8EC7CA4CEAFFD10EC5F0020F0A987C472D61C54B,IMPHASH=76B4BAE80D2C3B08BB062D97BF9CA791

ParentProcessGuid: {fda94052-c30f-658c-0b00-000000000c00}

ParentProcessId: 776

ParentImage: C:\Windows\System32\services.exe

ParentCommandLine: C:\Windows\system32\services.exe

ParentUser: NT AUTHORITY\SYSTEM</Message>
      <Level>Information</Level>
      <Task>Process Create (rule: ProcessCreate)</Task>
      <Opcode>Info</Opcode>
    </RenderingInfo>
  </Event>
  
"
Microsoft-Windows-Sysmon/Operational,,,WinDev2309Eval,,,,,,,,,DWORD (0x00000004),13,9537,SetValue,,,C:\Windows\system32\lsass.exe,,,0x8000000000000000,Information,,,"Registry value set:

RuleName: T1101

EventType: SetValue

UtcTime: 2023-12-28 00:36:31.825

ProcessGuid: {fda94052-c30f-658c-0c00-000000000c00}

ProcessId: 804

Image: C:\Windows\system32\lsass.exe

TargetObject: HKLM\System\CurrentControlSet\Control\Lsa\ProductType

Details: DWORD (0x00000004)

User: NT AUTHORITY\SYSTEM",,Info,,,,,,,{fda94052-c30f-658c-0c00-000000000c00},3732,804,,,,,,"
      ",T1101,,,,,,,,,,,,,,,2023-12-28T00:36:35.0799379Z,,,HKLM\System\CurrentControlSet\Control\Lsa\ProductType,,,,Registry value set (rule: RegistryEvent),,4344,NT AUTHORITY\SYSTEM,S-1-5-18,2023-12-28 00:36:31.825,2,"<Event xmlns=""http://schemas.microsoft.com/win/2004/08/events/event"">
    <System>
      <Provider Name=""Microsoft-Windows-Sysmon"" Guid=""{5770385f-c22a-43e0-bf4c-06f5698ffbd9}""/>
      <EventID>13</EventID>
      <Version>2</Version>
      <Level>4</Level>
      <Task>13</Task>
      <Opcode>0</Opcode>
      <Keywords>0x8000000000000000</Keywords>
      <TimeCreated SystemTime=""2023-12-28T00:36:35.0799379Z""/>
      <EventRecordID>9537</EventRecordID>
      <Correlation/>
      <Execution ProcessID=""3732"" ThreadID=""4344""/>
      <Channel>Microsoft-Windows-Sysmon/Operational</Channel>
      <Computer>WinDev2309Eval</Computer>
      <Security UserID=""S-1-5-18""/>
    </System>
    <EventData>
      <Data Name=""RuleName"">T1101</Data>
      <Data Name=""EventType"">SetValue</Data>
      <Data Name=""UtcTime"">2023-12-28 00:36:31.825</Data>
      <Data Name=""ProcessGuid"">{fda94052-c30f-658c-0c00-000000000c00}</Data>
      <Data Name=""ProcessId"">804</Data>
      <Data Name=""Image"">C:\Windows\system32\lsass.exe</Data>
      <Data Name=""TargetObject"">HKLM\System\CurrentControlSet\Control\Lsa\ProductType</Data>
      <Data Name=""Details"">DWORD (0x00000004)</Data>
      <Data Name=""User"">NT AUTHORITY\SYSTEM</Data>
    </EventData>
    <RenderingInfo Culture=""en-US"">
      <Message>Registry value set:

RuleName: T1101

EventType: SetValue

UtcTime: 2023-12-28 00:36:31.825

ProcessGuid: {fda94052-c30f-658c-0c00-000000000c00}

ProcessId: 804

Image: C:\Windows\system32\lsass.exe

TargetObject: HKLM\System\CurrentControlSet\Control\Lsa\ProductType

Details: DWORD (0x00000004)

User: NT AUTHORITY\SYSTEM</Message>
      <Level>Information</Level>
      <Task>Registry value set (rule: RegistryEvent)</Task>
      <Opcode>Info</Opcode>
    </RenderingInfo>
  </Event>
  
"
Microsoft-Windows-Sysmon/Operational,,,WinDev2309Eval,,,,,,,,,DWORD (0x00000000),13,9536,SetValue,,,C:\Windows\system32\lsass.exe,,,0x8000000000000000,Information,,,"Registry value set:

RuleName: T1101

EventType: SetValue

UtcTime: 2023-12-28 00:36:31.480

ProcessGuid: {fda94052-c30f-658c-0c00-000000000c00}

ProcessId: 804

Image: C:\Windows\system32\lsass.exe

TargetObject: HKLM\System\CurrentControlSet\Control\Lsa\LsaCfgFlagsDefault

Details: DWORD (0x00000000)

User: NT AUTHORITY\SYSTEM",,Info,,,,,,,{fda94052-c30f-658c-0c00-000000000c00},3732,804,,,,,,"
      ",T1101,,,,,,,,,,,,,,,2023-12-28T00:36:35.0791236Z,,,HKLM\System\CurrentControlSet\Control\Lsa\LsaCfgFlagsDefault,,,,Registry value set (rule: RegistryEvent),,4344,NT AUTHORITY\SYSTEM,S-1-5-18,2023-12-28 00:36:31.480,2,"<Event xmlns=""http://schemas.microsoft.com/win/2004/08/events/event"">
    <System>
      <Provider Name=""Microsoft-Windows-Sysmon"" Guid=""{5770385f-c22a-43e0-bf4c-06f5698ffbd9}""/>
      <EventID>13</EventID>
      <Version>2</Version>
      <Level>4</Level>
      <Task>13</Task>
      <Opcode>0</Opcode>
      <Keywords>0x8000000000000000</Keywords>
      <TimeCreated SystemTime=""2023-12-28T00:36:35.0791236Z""/>
      <EventRecordID>9536</EventRecordID>
      <Correlation/>
      <Execution ProcessID=""3732"" ThreadID=""4344""/>
      <Channel>Microsoft-Windows-Sysmon/Operational</Channel>
      <Computer>WinDev2309Eval</Computer>
      <Security UserID=""S-1-5-18""/>
    </System>
    <EventData>
      <Data Name=""RuleName"">T1101</Data>
      <Data Name=""EventType"">SetValue</Data>
      <Data Name=""UtcTime"">2023-12-28 00:36:31.480</Data>
      <Data Name=""ProcessGuid"">{fda94052-c30f-658c-0c00-000000000c00}</Data>
      <Data Name=""ProcessId"">804</Data>
      <Data Name=""Image"">C:\Windows\system32\lsass.exe</Data>
      <Data Name=""TargetObject"">HKLM\System\CurrentControlSet\Control\Lsa\LsaCfgFlagsDefault</Data>
      <Data Name=""Details"">DWORD (0x00000000)</Data>
      <Data Name=""User"">NT AUTHORITY\SYSTEM</Data>
    </EventData>
    <RenderingInfo Culture=""en-US"">
      <Message>Registry value set:

RuleName: T1101

EventType: SetValue

UtcTime: 2023-12-28 00:36:31.480

ProcessGuid: {fda94052-c30f-658c-0c00-000000000c00}

ProcessId: 804

Image: C:\Windows\system32\lsass.exe

TargetObject: HKLM\System\CurrentControlSet\Control\Lsa\LsaCfgFlagsDefault

Details: DWORD (0x00000000)

User: NT AUTHORITY\SYSTEM</Message>
      <Level>Information</Level>
      <Task>Registry value set (rule: RegistryEvent)</Task>
      <Opcode>Info</Opcode>
    </RenderingInfo>
  </Event>
  
"
Microsoft-Windows-Sysmon/Operational,C:\Windows\system32\lsass.exe,Microsoft Corporation,WinDev2309Eval,,C:\Windows\system32\,Local Security Authority Process,,,,,,,1,9535,,10.0.22621.2215 (WinBuild.160101.0800),"MD5=CABB11C3232BCB1CFAFDAB719144672F,SHA256=7CB8F22828A71C63C9FCF39EF12385A1D13A2AAB495E2921F6A0B3A4FEAB7A77,IMPHASH=3BDAF07FD26E433F565A3C3AB5543B25",C:\Windows\System32\lsass.exe,,System,0x8000000000000000,Information,{fda94052-c30f-658c-e703-000000000000},0x3e7,"Process Create:

RuleName: -

UtcTime: 2023-12-28 00:36:31.392

ProcessGuid: {fda94052-c30f-658c-0c00-000000000c00}

ProcessId: 804

Image: C:\Windows\System32\lsass.exe

FileVersion: 10.0.22621.2215 (WinBuild.160101.0800)

Description: Local Security Authority Process

Product: Microsoft Windows Operating System

Company: Microsoft Corporation

OriginalFileName: lsass.exe

CommandLine: C:\Windows\system32\lsass.exe

CurrentDirectory: C:\Windows\system32\

User: NT AUTHORITY\SYSTEM

LogonGuid: {fda94052-c30f-658c-e703-000000000000}

LogonId: 0x3E7

TerminalSessionId: 0

IntegrityLevel: System

Hashes: MD5=CABB11C3232BCB1CFAFDAB719144672F,SHA256=7CB8F22828A71C63C9FCF39EF12385A1D13A2AAB495E2921F6A0B3A4FEAB7A77,IMPHASH=3BDAF07FD26E433F565A3C3AB5543B25

ParentProcessGuid: {fda94052-c30f-658c-0900-000000000c00}

ParentProcessId: 648

ParentImage: C:\Windows\System32\wininit.exe

ParentCommandLine: wininit.exe

ParentUser: NT AUTHORITY\SYSTEM",,Info,lsass.exe,wininit.exe,C:\Windows\System32\wininit.exe,{fda94052-c30f-658c-0900-000000000c00},648,NT AUTHORITY\SYSTEM,{fda94052-c30f-658c-0c00-000000000c00},3732,804,Microsoft Windows Operating System,,,,,"
      ",-,,,,,,,,,,,,,,,2023-12-28T00:36:35.0790388Z,,,,,,,Process Create (rule: ProcessCreate),0,4344,NT AUTHORITY\SYSTEM,S-1-5-18,2023-12-28 00:36:31.392,5,"<Event xmlns=""http://schemas.microsoft.com/win/2004/08/events/event"">
    <System>
      <Provider Name=""Microsoft-Windows-Sysmon"" Guid=""{5770385f-c22a-43e0-bf4c-06f5698ffbd9}""/>
      <EventID>1</EventID>
      <Version>5</Version>
      <Level>4</Level>
      <Task>1</Task>
      <Opcode>0</Opcode>
      <Keywords>0x8000000000000000</Keywords>
      <TimeCreated SystemTime=""2023-12-28T00:36:35.0790388Z""/>
      <EventRecordID>9535</EventRecordID>
      <Correlation/>
      <Execution ProcessID=""3732"" ThreadID=""4344""/>
      <Channel>Microsoft-Windows-Sysmon/Operational</Channel>
      <Computer>WinDev2309Eval</Computer>
      <Security UserID=""S-1-5-18""/>
    </System>
    <EventData>
      <Data Name=""RuleName"">-</Data>
      <Data Name=""UtcTime"">2023-12-28 00:36:31.392</Data>
      <Data Name=""ProcessGuid"">{fda94052-c30f-658c-0c00-000000000c00}</Data>
      <Data Name=""ProcessId"">804</Data>
      <Data Name=""Image"">C:\Windows\System32\lsass.exe</Data>
      <Data Name=""FileVersion"">10.0.22621.2215 (WinBuild.160101.0800)</Data>
      <Data Name=""Description"">Local Security Authority Process</Data>
      <Data Name=""Product"">Microsoft&#174; Windows&#174; Operating System</Data>
      <Data Name=""Company"">Microsoft Corporation</Data>
      <Data Name=""OriginalFileName"">lsass.exe</Data>
      <Data Name=""CommandLine"">C:\Windows\system32\lsass.exe</Data>
      <Data Name=""CurrentDirectory"">C:\Windows\system32\</Data>
      <Data Name=""User"">NT AUTHORITY\SYSTEM</Data>
      <Data Name=""LogonGuid"">{fda94052-c30f-658c-e703-000000000000}</Data>
      <Data Name=""LogonId"">0x3e7</Data>
      <Data Name=""TerminalSessionId"">0</Data>
      <Data Name=""IntegrityLevel"">System</Data>
      <Data Name=""Hashes"">MD5=CABB11C3232BCB1CFAFDAB719144672F,SHA256=7CB8F22828A71C63C9FCF39EF12385A1D13A2AAB495E2921F6A0B3A4FEAB7A77,IMPHASH=3BDAF07FD26E433F565A3C3AB5543B25</Data>
      <Data Name=""ParentProcessGuid"">{fda94052-c30f-658c-0900-000000000c00}</Data>
      <Data Name=""ParentProcessId"">648</Data>
      <Data Name=""ParentImage"">C:\Windows\System32\wininit.exe</Data>
      <Data Name=""ParentCommandLine"">wininit.exe</Data>
      <Data Name=""ParentUser"">NT AUTHORITY\SYSTEM</Data>
    </EventData>
    <RenderingInfo Culture=""en-US"">
      <Message>Process Create:

RuleName: -

UtcTime: 2023-12-28 00:36:31.392

ProcessGuid: {fda94052-c30f-658c-0c00-000000000c00}

ProcessId: 804

Image: C:\Windows\System32\lsass.exe

FileVersion: 10.0.22621.2215 (WinBuild.160101.0800)

Description: Local Security Authority Process

Product: Microsoft&#174; Windows&#174; Operating System

Company: Microsoft Corporation

OriginalFileName: lsass.exe

CommandLine: C:\Windows\system32\lsass.exe

CurrentDirectory: C:\Windows\system32\

User: NT AUTHORITY\SYSTEM

LogonGuid: {fda94052-c30f-658c-e703-000000000000}

LogonId: 0x3E7

TerminalSessionId: 0

IntegrityLevel: System

Hashes: MD5=CABB11C3232BCB1CFAFDAB719144672F,SHA256=7CB8F22828A71C63C9FCF39EF12385A1D13A2AAB495E2921F6A0B3A4FEAB7A77,IMPHASH=3BDAF07FD26E433F565A3C3AB5543B25

ParentProcessGuid: {fda94052-c30f-658c-0900-000000000c00}

ParentProcessId: 648

ParentImage: C:\Windows\System32\wininit.exe

ParentCommandLine: wininit.exe

ParentUser: NT AUTHORITY\SYSTEM</Message>
      <Level>Information</Level>
      <Task>Process Create (rule: ProcessCreate)</Task>
      <Opcode>Info</Opcode>
    </RenderingInfo>
  </Event>
  
"
Microsoft-Windows-Sysmon/Operational,,,WinDev2309Eval,,,,,,,,,DWORD (0x00000008),13,9534,SetValue,,,C:\Windows\system32\wininit.exe,,,0x8000000000000000,Information,,,"Registry value set:

RuleName: T1183,IFEO

EventType: SetValue

UtcTime: 2023-12-28 00:36:31.371

ProcessGuid: {fda94052-c30f-658c-0900-000000000c00}

ProcessId: 648

Image: C:\Windows\system32\wininit.exe

TargetObject: HKLM\SOFTWARE\Microsoft\Windows NT\CurrentVersion\Image File Execution Options\LSASS.exe\AuditLevel

Details: DWORD (0x00000008)

User: NT AUTHORITY\SYSTEM",,Info,,,,,,,{fda94052-c30f-658c-0900-000000000c00},3732,648,,,,,,"
      ","T1183,IFEO",,,,,,,,,,,,,,,2023-12-28T00:36:35.0786296Z,,,HKLM\SOFTWARE\Microsoft\Windows NT\CurrentVersion\Image File Execution Options\LSASS.exe\AuditLevel,,,,Registry value set (rule: RegistryEvent),,4344,NT AUTHORITY\SYSTEM,S-1-5-18,2023-12-28 00:36:31.371,2,"<Event xmlns=""http://schemas.microsoft.com/win/2004/08/events/event"">
    <System>
      <Provider Name=""Microsoft-Windows-Sysmon"" Guid=""{5770385f-c22a-43e0-bf4c-06f5698ffbd9}""/>
      <EventID>13</EventID>
      <Version>2</Version>
      <Level>4</Level>
      <Task>13</Task>
      <Opcode>0</Opcode>
      <Keywords>0x8000000000000000</Keywords>
      <TimeCreated SystemTime=""2023-12-28T00:36:35.0786296Z""/>
      <EventRecordID>9534</EventRecordID>
      <Correlation/>
      <Execution ProcessID=""3732"" ThreadID=""4344""/>
      <Channel>Microsoft-Windows-Sysmon/Operational</Channel>
      <Computer>WinDev2309Eval</Computer>
      <Security UserID=""S-1-5-18""/>
    </System>
    <EventData>
      <Data Name=""RuleName"">T1183,IFEO</Data>
      <Data Name=""EventType"">SetValue</Data>
      <Data Name=""UtcTime"">2023-12-28 00:36:31.371</Data>
      <Data Name=""ProcessGuid"">{fda94052-c30f-658c-0900-000000000c00}</Data>
      <Data Name=""ProcessId"">648</Data>
      <Data Name=""Image"">C:\Windows\system32\wininit.exe</Data>
      <Data Name=""TargetObject"">HKLM\SOFTWARE\Microsoft\Windows NT\CurrentVersion\Image File Execution Options\LSASS.exe\AuditLevel</Data>
      <Data Name=""Details"">DWORD (0x00000008)</Data>
      <Data Name=""User"">NT AUTHORITY\SYSTEM</Data>
    </EventData>
    <RenderingInfo Culture=""en-US"">
      <Message>Registry value set:

RuleName: T1183,IFEO

EventType: SetValue

UtcTime: 2023-12-28 00:36:31.371

ProcessGuid: {fda94052-c30f-658c-0900-000000000c00}

ProcessId: 648

Image: C:\Windows\system32\wininit.exe

TargetObject: HKLM\SOFTWARE\Microsoft\Windows NT\CurrentVersion\Image File Execution Options\LSASS.exe\AuditLevel

Details: DWORD (0x00000008)

User: NT AUTHORITY\SYSTEM</Message>
      <Level>Information</Level>
      <Task>Registry value set (rule: RegistryEvent)</Task>
      <Opcode>Info</Opcode>
    </RenderingInfo>
  </Event>
  
"
Microsoft-Windows-Sysmon/Operational,C:\Windows\system32\services.exe,Microsoft Corporation,WinDev2309Eval,,C:\Windows\system32\,Services and Controller app,,,,,,,1,9533,,10.0.22621.1635 (WinBuild.160101.0800),"MD5=68483E459F555389AD8BA6424BBAF42F,SHA256=4A12143226B7090D6E9BB8D040618A2C7A9EF5282F7CC10FA374ADC9AB19CBEB,IMPHASH=3CDD0C41EDD2D18FD6B02A17478ED684",C:\Windows\System32\services.exe,,System,0x8000000000000000,Information,{fda94052-c30f-658c-e703-000000000000},0x3e7,"Process Create:

RuleName: -

UtcTime: 2023-12-28 00:36:31.292

ProcessGuid: {fda94052-c30f-658c-0b00-000000000c00}

ProcessId: 776

Image: C:\Windows\System32\services.exe

FileVersion: 10.0.22621.1635 (WinBuild.160101.0800)

Description: Services and Controller app

Product: Microsoft Windows Operating System

Company: Microsoft Corporation

OriginalFileName: services.exe

CommandLine: C:\Windows\system32\services.exe

CurrentDirectory: C:\Windows\system32\

User: NT AUTHORITY\SYSTEM

LogonGuid: {fda94052-c30f-658c-e703-000000000000}

LogonId: 0x3E7

TerminalSessionId: 0

IntegrityLevel: System

Hashes: MD5=68483E459F555389AD8BA6424BBAF42F,SHA256=4A12143226B7090D6E9BB8D040618A2C7A9EF5282F7CC10FA374ADC9AB19CBEB,IMPHASH=3CDD0C41EDD2D18FD6B02A17478ED684

ParentProcessGuid: {fda94052-c30f-658c-0900-000000000c00}

ParentProcessId: 648

ParentImage: C:\Windows\System32\wininit.exe

ParentCommandLine: wininit.exe

ParentUser: NT AUTHORITY\SYSTEM",,Info,services.exe,wininit.exe,C:\Windows\System32\wininit.exe,{fda94052-c30f-658c-0900-000000000c00},648,NT AUTHORITY\SYSTEM,{fda94052-c30f-658c-0b00-000000000c00},3732,776,Microsoft Windows Operating System,,,,,"
      ",-,,,,,,,,,,,,,,,2023-12-28T00:36:35.0784805Z,,,,,,,Process Create (rule: ProcessCreate),0,4344,NT AUTHORITY\SYSTEM,S-1-5-18,2023-12-28 00:36:31.292,5,"<Event xmlns=""http://schemas.microsoft.com/win/2004/08/events/event"">
    <System>
      <Provider Name=""Microsoft-Windows-Sysmon"" Guid=""{5770385f-c22a-43e0-bf4c-06f5698ffbd9}""/>
      <EventID>1</EventID>
      <Version>5</Version>
      <Level>4</Level>
      <Task>1</Task>
      <Opcode>0</Opcode>
      <Keywords>0x8000000000000000</Keywords>
      <TimeCreated SystemTime=""2023-12-28T00:36:35.0784805Z""/>
      <EventRecordID>9533</EventRecordID>
      <Correlation/>
      <Execution ProcessID=""3732"" ThreadID=""4344""/>
      <Channel>Microsoft-Windows-Sysmon/Operational</Channel>
      <Computer>WinDev2309Eval</Computer>
      <Security UserID=""S-1-5-18""/>
    </System>
    <EventData>
      <Data Name=""RuleName"">-</Data>
      <Data Name=""UtcTime"">2023-12-28 00:36:31.292</Data>
      <Data Name=""ProcessGuid"">{fda94052-c30f-658c-0b00-000000000c00}</Data>
      <Data Name=""ProcessId"">776</Data>
      <Data Name=""Image"">C:\Windows\System32\services.exe</Data>
      <Data Name=""FileVersion"">10.0.22621.1635 (WinBuild.160101.0800)</Data>
      <Data Name=""Description"">Services and Controller app</Data>
      <Data Name=""Product"">Microsoft&#174; Windows&#174; Operating System</Data>
      <Data Name=""Company"">Microsoft Corporation</Data>
      <Data Name=""OriginalFileName"">services.exe</Data>
      <Data Name=""CommandLine"">C:\Windows\system32\services.exe</Data>
      <Data Name=""CurrentDirectory"">C:\Windows\system32\</Data>
      <Data Name=""User"">NT AUTHORITY\SYSTEM</Data>
      <Data Name=""LogonGuid"">{fda94052-c30f-658c-e703-000000000000}</Data>
      <Data Name=""LogonId"">0x3e7</Data>
      <Data Name=""TerminalSessionId"">0</Data>
      <Data Name=""IntegrityLevel"">System</Data>
      <Data Name=""Hashes"">MD5=68483E459F555389AD8BA6424BBAF42F,SHA256=4A12143226B7090D6E9BB8D040618A2C7A9EF5282F7CC10FA374ADC9AB19CBEB,IMPHASH=3CDD0C41EDD2D18FD6B02A17478ED684</Data>
      <Data Name=""ParentProcessGuid"">{fda94052-c30f-658c-0900-000000000c00}</Data>
      <Data Name=""ParentProcessId"">648</Data>
      <Data Name=""ParentImage"">C:\Windows\System32\wininit.exe</Data>
      <Data Name=""ParentCommandLine"">wininit.exe</Data>
      <Data Name=""ParentUser"">NT AUTHORITY\SYSTEM</Data>
    </EventData>
    <RenderingInfo Culture=""en-US"">
      <Message>Process Create:

RuleName: -

UtcTime: 2023-12-28 00:36:31.292

ProcessGuid: {fda94052-c30f-658c-0b00-000000000c00}

ProcessId: 776

Image: C:\Windows\System32\services.exe

FileVersion: 10.0.22621.1635 (WinBuild.160101.0800)

Description: Services and Controller app

Product: Microsoft&#174; Windows&#174; Operating System

Company: Microsoft Corporation

OriginalFileName: services.exe

CommandLine: C:\Windows\system32\services.exe

CurrentDirectory: C:\Windows\system32\

User: NT AUTHORITY\SYSTEM

LogonGuid: {fda94052-c30f-658c-e703-000000000000}

LogonId: 0x3E7

TerminalSessionId: 0

IntegrityLevel: System

Hashes: MD5=68483E459F555389AD8BA6424BBAF42F,SHA256=4A12143226B7090D6E9BB8D040618A2C7A9EF5282F7CC10FA374ADC9AB19CBEB,IMPHASH=3CDD0C41EDD2D18FD6B02A17478ED684

ParentProcessGuid: {fda94052-c30f-658c-0900-000000000c00}

ParentProcessId: 648

ParentImage: C:\Windows\System32\wininit.exe

ParentCommandLine: wininit.exe

ParentUser: NT AUTHORITY\SYSTEM</Message>
      <Level>Information</Level>
      <Task>Process Create (rule: ProcessCreate)</Task>
      <Opcode>Info</Opcode>
    </RenderingInfo>
  </Event>
  
"
Microsoft-Windows-Sysmon/Operational,winlogon.exe,Microsoft Corporation,WinDev2309Eval,,C:\Windows\system32\,Windows Logon Application,,,,,,,1,9532,,10.0.22621.2215 (WinBuild.160101.0800),"MD5=778BEE3930B17E411CE6A8A88289AA5D,SHA256=CABA1D86DB544B52A4BFDDBE33DC40F24B463E4C7E62ABE61B13EECC5CAAF413,IMPHASH=78356CC73F260BABFC61A7495FA7EB8F",C:\Windows\System32\winlogon.exe,,System,0x8000000000000000,Information,{fda94052-c30f-658c-e703-000000000000},0x3e7,"Process Create:

RuleName: -

UtcTime: 2023-12-28 00:36:31.224

ProcessGuid: {fda94052-c30f-658c-0a00-000000000c00}

ProcessId: 732

Image: C:\Windows\System32\winlogon.exe

FileVersion: 10.0.22621.2215 (WinBuild.160101.0800)

Description: Windows Logon Application

Product: Microsoft Windows Operating System

Company: Microsoft Corporation

OriginalFileName: WINLOGON.EXE

CommandLine: winlogon.exe

CurrentDirectory: C:\Windows\system32\

User: NT AUTHORITY\SYSTEM

LogonGuid: {fda94052-c30f-658c-e703-000000000000}

LogonId: 0x3E7

TerminalSessionId: 1

IntegrityLevel: System

Hashes: MD5=778BEE3930B17E411CE6A8A88289AA5D,SHA256=CABA1D86DB544B52A4BFDDBE33DC40F24B463E4C7E62ABE61B13EECC5CAAF413,IMPHASH=78356CC73F260BABFC61A7495FA7EB8F

ParentProcessGuid: {fda94052-c30f-658c-0700-000000000c00}

ParentProcessId: 632

ParentImage: C:\Windows\System32\smss.exe

ParentCommandLine: \SystemRoot\System32\smss.exe 000000d4 000000d8 

ParentUser: NT AUTHORITY\SYSTEM",,Info,WINLOGON.EXE,\SystemRoot\System32\smss.exe 000000d4 000000d8 ,C:\Windows\System32\smss.exe,{fda94052-c30f-658c-0700-000000000c00},632,NT AUTHORITY\SYSTEM,{fda94052-c30f-658c-0a00-000000000c00},3732,732,Microsoft Windows Operating System,,,,,"
      ",-,,,,,,,,,,,,,,,2023-12-28T00:36:35.0778391Z,,,,,,,Process Create (rule: ProcessCreate),1,4344,NT AUTHORITY\SYSTEM,S-1-5-18,2023-12-28 00:36:31.224,5,"<Event xmlns=""http://schemas.microsoft.com/win/2004/08/events/event"">
    <System>
      <Provider Name=""Microsoft-Windows-Sysmon"" Guid=""{5770385f-c22a-43e0-bf4c-06f5698ffbd9}""/>
      <EventID>1</EventID>
      <Version>5</Version>
      <Level>4</Level>
      <Task>1</Task>
      <Opcode>0</Opcode>
      <Keywords>0x8000000000000000</Keywords>
      <TimeCreated SystemTime=""2023-12-28T00:36:35.0778391Z""/>
      <EventRecordID>9532</EventRecordID>
      <Correlation/>
      <Execution ProcessID=""3732"" ThreadID=""4344""/>
      <Channel>Microsoft-Windows-Sysmon/Operational</Channel>
      <Computer>WinDev2309Eval</Computer>
      <Security UserID=""S-1-5-18""/>
    </System>
    <EventData>
      <Data Name=""RuleName"">-</Data>
      <Data Name=""UtcTime"">2023-12-28 00:36:31.224</Data>
      <Data Name=""ProcessGuid"">{fda94052-c30f-658c-0a00-000000000c00}</Data>
      <Data Name=""ProcessId"">732</Data>
      <Data Name=""Image"">C:\Windows\System32\winlogon.exe</Data>
      <Data Name=""FileVersion"">10.0.22621.2215 (WinBuild.160101.0800)</Data>
      <Data Name=""Description"">Windows Logon Application</Data>
      <Data Name=""Product"">Microsoft&#174; Windows&#174; Operating System</Data>
      <Data Name=""Company"">Microsoft Corporation</Data>
      <Data Name=""OriginalFileName"">WINLOGON.EXE</Data>
      <Data Name=""CommandLine"">winlogon.exe</Data>
      <Data Name=""CurrentDirectory"">C:\Windows\system32\</Data>
      <Data Name=""User"">NT AUTHORITY\SYSTEM</Data>
      <Data Name=""LogonGuid"">{fda94052-c30f-658c-e703-000000000000}</Data>
      <Data Name=""LogonId"">0x3e7</Data>
      <Data Name=""TerminalSessionId"">1</Data>
      <Data Name=""IntegrityLevel"">System</Data>
      <Data Name=""Hashes"">MD5=778BEE3930B17E411CE6A8A88289AA5D,SHA256=CABA1D86DB544B52A4BFDDBE33DC40F24B463E4C7E62ABE61B13EECC5CAAF413,IMPHASH=78356CC73F260BABFC61A7495FA7EB8F</Data>
      <Data Name=""ParentProcessGuid"">{fda94052-c30f-658c-0700-000000000c00}</Data>
      <Data Name=""ParentProcessId"">632</Data>
      <Data Name=""ParentImage"">C:\Windows\System32\smss.exe</Data>
      <Data Name=""ParentCommandLine"">\SystemRoot\System32\smss.exe 000000d4 000000d8 </Data>
      <Data Name=""ParentUser"">NT AUTHORITY\SYSTEM</Data>
    </EventData>
    <RenderingInfo Culture=""en-US"">
      <Message>Process Create:

RuleName: -

UtcTime: 2023-12-28 00:36:31.224

ProcessGuid: {fda94052-c30f-658c-0a00-000000000c00}

ProcessId: 732

Image: C:\Windows\System32\winlogon.exe

FileVersion: 10.0.22621.2215 (WinBuild.160101.0800)

Description: Windows Logon Application

Product: Microsoft&#174; Windows&#174; Operating System

Company: Microsoft Corporation

OriginalFileName: WINLOGON.EXE

CommandLine: winlogon.exe

CurrentDirectory: C:\Windows\system32\

User: NT AUTHORITY\SYSTEM

LogonGuid: {fda94052-c30f-658c-e703-000000000000}

LogonId: 0x3E7

TerminalSessionId: 1

IntegrityLevel: System

Hashes: MD5=778BEE3930B17E411CE6A8A88289AA5D,SHA256=CABA1D86DB544B52A4BFDDBE33DC40F24B463E4C7E62ABE61B13EECC5CAAF413,IMPHASH=78356CC73F260BABFC61A7495FA7EB8F

ParentProcessGuid: {fda94052-c30f-658c-0700-000000000c00}

ParentProcessId: 632

ParentImage: C:\Windows\System32\smss.exe

ParentCommandLine: \SystemRoot\System32\smss.exe 000000d4 000000d8 

ParentUser: NT AUTHORITY\SYSTEM</Message>
      <Level>Information</Level>
      <Task>Process Create (rule: ProcessCreate)</Task>
      <Opcode>Info</Opcode>
    </RenderingInfo>
  </Event>
  
"
