Microsoft-Windows-Sysmon/Operational,,,WinDev2309Eval,,,,,,,,,C:\Users\User\AppData\Local\Microsoft\OneDrive\23.246.1127.0002\i386\FileSyncShell.dll,13,9790,SetValue,,,C:\Users\User\AppData\Local\Microsoft\OneDrive\OneDrive.exe,,,0x8000000000000000,Information,,,"Registry value set:

RuleName: T1122

EventType: SetValue

UtcTime: 2023-12-28 00:37:41.814

ProcessGuid: {fda94052-c354-658c-cf00-000000000c00}

ProcessId: 8712

Image: C:\Users\User\AppData\Local\Microsoft\OneDrive\OneDrive.exe

TargetObject: HKU\S-1-5-21-3832996301-1047793030-1114040027-1000_Classes\WOW6432Node\CLSID\{CB3D0F55-BC2C-4C1A-85ED-23ED75B5106B}\InprocServer32\(Default)

Details: C:\Users\User\AppData\Local\Microsoft\OneDrive\23.246.1127.0002\i386\FileSyncShell.dll

User: WINDEV2309EVAL\User",,Info,,,,,,,{fda94052-c354-658c-cf00-000000000c00},3732,8712,,,,,,"
      ",T1122,,,,,,,,,,,,,,,2023-12-28T00:37:41.8181576Z,,,HKU\S-1-5-21-3832996301-1047793030-1114040027-1000_Classes\WOW6432Node\CLSID\{CB3D0F55-BC2C-4C1A-85ED-23ED75B5106B}\InprocServer32\(Default),,,,Registry value set (rule: RegistryEvent),,4344,WINDEV2309EVAL\User,S-1-5-18,2023-12-28 00:37:41.814,2,"<Event xmlns=""http://schemas.microsoft.com/win/2004/08/events/event"">
    <System>
      <Provider Name=""Microsoft-Windows-Sysmon"" Guid=""{5770385f-c22a-43e0-bf4c-06f5698ffbd9}""/>
      <EventID>13</EventID>
      <Version>2</Version>
      <Level>4</Level>
      <Task>13</Task>
      <Opcode>0</Opcode>
      <Keywords>0x8000000000000000</Keywords>
      <TimeCreated SystemTime=""2023-12-28T00:37:41.8181576Z""/>
      <EventRecordID>9790</EventRecordID>
      <Correlation/>
      <Execution ProcessID=""3732"" ThreadID=""4344""/>
      <Channel>Microsoft-Windows-Sysmon/Operational</Channel>
      <Computer>WinDev2309Eval</Computer>
      <Security UserID=""S-1-5-18""/>
    </System>
    <EventData>
      <Data Name=""RuleName"">T1122</Data>
      <Data Name=""EventType"">SetValue</Data>
      <Data Name=""UtcTime"">2023-12-28 00:37:41.814</Data>
      <Data Name=""ProcessGuid"">{fda94052-c354-658c-cf00-000000000c00}</Data>
      <Data Name=""ProcessId"">8712</Data>
      <Data Name=""Image"">C:\Users\User\AppData\Local\Microsoft\OneDrive\OneDrive.exe</Data>
      <Data Name=""TargetObject"">HKU\S-1-5-21-3832996301-1047793030-1114040027-1000_Classes\WOW6432Node\CLSID\{CB3D0F55-BC2C-4C1A-85ED-23ED75B5106B}\InprocServer32\(Default)</Data>
      <Data Name=""Details"">C:\Users\User\AppData\Local\Microsoft\OneDrive\23.246.1127.0002\i386\FileSyncShell.dll</Data>
      <Data Name=""User"">WINDEV2309EVAL\User</Data>
    </EventData>
    <RenderingInfo Culture=""en-US"">
      <Message>Registry value set:

RuleName: T1122

EventType: SetValue

UtcTime: 2023-12-28 00:37:41.814

ProcessGuid: {fda94052-c354-658c-cf00-000000000c00}

ProcessId: 8712

Image: C:\Users\User\AppData\Local\Microsoft\OneDrive\OneDrive.exe

TargetObject: HKU\S-1-5-21-3832996301-1047793030-1114040027-1000_Classes\WOW6432Node\CLSID\{CB3D0F55-BC2C-4C1A-85ED-23ED75B5106B}\InprocServer32\(Default)

Details: C:\Users\User\AppData\Local\Microsoft\OneDrive\23.246.1127.0002\i386\FileSyncShell.dll

User: WINDEV2309EVAL\User</Message>
      <Level>Information</Level>
      <Task>Registry value set (rule: RegistryEvent)</Task>
      <Opcode>Info</Opcode>
    </RenderingInfo>
  </Event>
  
"
Microsoft-Windows-Sysmon/Operational,,,WinDev2309Eval,,,,,,,,,C:\Users\User\AppData\Local\Microsoft\OneDrive\23.246.1127.0002\FileSyncShell64.dll,13,9789,SetValue,,,C:\Users\User\AppData\Local\Microsoft\OneDrive\OneDrive.exe,,,0x8000000000000000,Information,,,"Registry value set:

RuleName: T1122

EventType: SetValue

UtcTime: 2023-12-28 00:37:41.814

ProcessGuid: {fda94052-c354-658c-cf00-000000000c00}

ProcessId: 8712

Image: C:\Users\User\AppData\Local\Microsoft\OneDrive\OneDrive.exe

TargetObject: HKU\S-1-5-21-3832996301-1047793030-1114040027-1000_Classes\CLSID\{CB3D0F55-BC2C-4C1A-85ED-23ED75B5106B}\InprocServer32\(Default)

Details: C:\Users\User\AppData\Local\Microsoft\OneDrive\23.246.1127.0002\FileSyncShell64.dll

User: WINDEV2309EVAL\User",,Info,,,,,,,{fda94052-c354-658c-cf00-000000000c00},3732,8712,,,,,,"
      ",T1122,,,,,,,,,,,,,,,2023-12-28T00:37:41.8180179Z,,,HKU\S-1-5-21-3832996301-1047793030-1114040027-1000_Classes\CLSID\{CB3D0F55-BC2C-4C1A-85ED-23ED75B5106B}\InprocServer32\(Default),,,,Registry value set (rule: RegistryEvent),,4344,WINDEV2309EVAL\User,S-1-5-18,2023-12-28 00:37:41.814,2,"<Event xmlns=""http://schemas.microsoft.com/win/2004/08/events/event"">
    <System>
      <Provider Name=""Microsoft-Windows-Sysmon"" Guid=""{5770385f-c22a-43e0-bf4c-06f5698ffbd9}""/>
      <EventID>13</EventID>
      <Version>2</Version>
      <Level>4</Level>
      <Task>13</Task>
      <Opcode>0</Opcode>
      <Keywords>0x8000000000000000</Keywords>
      <TimeCreated SystemTime=""2023-12-28T00:37:41.8180179Z""/>
      <EventRecordID>9789</EventRecordID>
      <Correlation/>
      <Execution ProcessID=""3732"" ThreadID=""4344""/>
      <Channel>Microsoft-Windows-Sysmon/Operational</Channel>
      <Computer>WinDev2309Eval</Computer>
      <Security UserID=""S-1-5-18""/>
    </System>
    <EventData>
      <Data Name=""RuleName"">T1122</Data>
      <Data Name=""EventType"">SetValue</Data>
      <Data Name=""UtcTime"">2023-12-28 00:37:41.814</Data>
      <Data Name=""ProcessGuid"">{fda94052-c354-658c-cf00-000000000c00}</Data>
      <Data Name=""ProcessId"">8712</Data>
      <Data Name=""Image"">C:\Users\User\AppData\Local\Microsoft\OneDrive\OneDrive.exe</Data>
      <Data Name=""TargetObject"">HKU\S-1-5-21-3832996301-1047793030-1114040027-1000_Classes\CLSID\{CB3D0F55-BC2C-4C1A-85ED-23ED75B5106B}\InprocServer32\(Default)</Data>
      <Data Name=""Details"">C:\Users\User\AppData\Local\Microsoft\OneDrive\23.246.1127.0002\FileSyncShell64.dll</Data>
      <Data Name=""User"">WINDEV2309EVAL\User</Data>
    </EventData>
    <RenderingInfo Culture=""en-US"">
      <Message>Registry value set:

RuleName: T1122

EventType: SetValue

UtcTime: 2023-12-28 00:37:41.814

ProcessGuid: {fda94052-c354-658c-cf00-000000000c00}

ProcessId: 8712

Image: C:\Users\User\AppData\Local\Microsoft\OneDrive\OneDrive.exe

TargetObject: HKU\S-1-5-21-3832996301-1047793030-1114040027-1000_Classes\CLSID\{CB3D0F55-BC2C-4C1A-85ED-23ED75B5106B}\InprocServer32\(Default)

Details: C:\Users\User\AppData\Local\Microsoft\OneDrive\23.246.1127.0002\FileSyncShell64.dll

User: WINDEV2309EVAL\User</Message>
      <Level>Information</Level>
      <Task>Registry value set (rule: RegistryEvent)</Task>
      <Opcode>Info</Opcode>
    </RenderingInfo>
  </Event>
  
"
Microsoft-Windows-Sysmon/Operational,,,WinDev2309Eval,,,,,,,,,C:\Users\User\AppData\Local\Microsoft\OneDrive\23.246.1127.0002\i386\FileSyncShell.dll,13,9788,SetValue,,,C:\Users\User\AppData\Local\Microsoft\OneDrive\OneDrive.exe,,,0x8000000000000000,Information,,,"Registry value set:

RuleName: T1122

EventType: SetValue

UtcTime: 2023-12-28 00:37:41.814

ProcessGuid: {fda94052-c354-658c-cf00-000000000c00}

ProcessId: 8712

Image: C:\Users\User\AppData\Local\Microsoft\OneDrive\OneDrive.exe

TargetObject: HKU\S-1-5-21-3832996301-1047793030-1114040027-1000_Classes\WOW6432Node\CLSID\{20894375-46AE-46E2-BAFD-CB38975CDCE6}\InprocServer32\(Default)

Details: C:\Users\User\AppData\Local\Microsoft\OneDrive\23.246.1127.0002\i386\FileSyncShell.dll

User: WINDEV2309EVAL\User",,Info,,,,,,,{fda94052-c354-658c-cf00-000000000c00},3732,8712,,,,,,"
      ",T1122,,,,,,,,,,,,,,,2023-12-28T00:37:41.8175741Z,,,HKU\S-1-5-21-3832996301-1047793030-1114040027-1000_Classes\WOW6432Node\CLSID\{20894375-46AE-46E2-BAFD-CB38975CDCE6}\InprocServer32\(Default),,,,Registry value set (rule: RegistryEvent),,4344,WINDEV2309EVAL\User,S-1-5-18,2023-12-28 00:37:41.814,2,"<Event xmlns=""http://schemas.microsoft.com/win/2004/08/events/event"">
    <System>
      <Provider Name=""Microsoft-Windows-Sysmon"" Guid=""{5770385f-c22a-43e0-bf4c-06f5698ffbd9}""/>
      <EventID>13</EventID>
      <Version>2</Version>
      <Level>4</Level>
      <Task>13</Task>
      <Opcode>0</Opcode>
      <Keywords>0x8000000000000000</Keywords>
      <TimeCreated SystemTime=""2023-12-28T00:37:41.8175741Z""/>
      <EventRecordID>9788</EventRecordID>
      <Correlation/>
      <Execution ProcessID=""3732"" ThreadID=""4344""/>
      <Channel>Microsoft-Windows-Sysmon/Operational</Channel>
      <Computer>WinDev2309Eval</Computer>
      <Security UserID=""S-1-5-18""/>
    </System>
    <EventData>
      <Data Name=""RuleName"">T1122</Data>
      <Data Name=""EventType"">SetValue</Data>
      <Data Name=""UtcTime"">2023-12-28 00:37:41.814</Data>
      <Data Name=""ProcessGuid"">{fda94052-c354-658c-cf00-000000000c00}</Data>
      <Data Name=""ProcessId"">8712</Data>
      <Data Name=""Image"">C:\Users\User\AppData\Local\Microsoft\OneDrive\OneDrive.exe</Data>
      <Data Name=""TargetObject"">HKU\S-1-5-21-3832996301-1047793030-1114040027-1000_Classes\WOW6432Node\CLSID\{20894375-46AE-46E2-BAFD-CB38975CDCE6}\InprocServer32\(Default)</Data>
      <Data Name=""Details"">C:\Users\User\AppData\Local\Microsoft\OneDrive\23.246.1127.0002\i386\FileSyncShell.dll</Data>
      <Data Name=""User"">WINDEV2309EVAL\User</Data>
    </EventData>
    <RenderingInfo Culture=""en-US"">
      <Message>Registry value set:

RuleName: T1122

EventType: SetValue

UtcTime: 2023-12-28 00:37:41.814

ProcessGuid: {fda94052-c354-658c-cf00-000000000c00}

ProcessId: 8712

Image: C:\Users\User\AppData\Local\Microsoft\OneDrive\OneDrive.exe

TargetObject: HKU\S-1-5-21-3832996301-1047793030-1114040027-1000_Classes\WOW6432Node\CLSID\{20894375-46AE-46E2-BAFD-CB38975CDCE6}\InprocServer32\(Default)

Details: C:\Users\User\AppData\Local\Microsoft\OneDrive\23.246.1127.0002\i386\FileSyncShell.dll

User: WINDEV2309EVAL\User</Message>
      <Level>Information</Level>
      <Task>Registry value set (rule: RegistryEvent)</Task>
      <Opcode>Info</Opcode>
    </RenderingInfo>
  </Event>
  
"
Microsoft-Windows-Sysmon/Operational,,,WinDev2309Eval,,,,,,,,,C:\Users\User\AppData\Local\Microsoft\OneDrive\23.246.1127.0002\FileSyncShell64.dll,13,9787,SetValue,,,C:\Users\User\AppData\Local\Microsoft\OneDrive\OneDrive.exe,,,0x8000000000000000,Information,,,"Registry value set:

RuleName: T1122

EventType: SetValue

UtcTime: 2023-12-28 00:37:41.814

ProcessGuid: {fda94052-c354-658c-cf00-000000000c00}

ProcessId: 8712

Image: C:\Users\User\AppData\Local\Microsoft\OneDrive\OneDrive.exe

TargetObject: HKU\S-1-5-21-3832996301-1047793030-1114040027-1000_Classes\CLSID\{20894375-46AE-46E2-BAFD-CB38975CDCE6}\InprocServer32\(Default)

Details: C:\Users\User\AppData\Local\Microsoft\OneDrive\23.246.1127.0002\FileSyncShell64.dll

User: WINDEV2309EVAL\User",,Info,,,,,,,{fda94052-c354-658c-cf00-000000000c00},3732,8712,,,,,,"
      ",T1122,,,,,,,,,,,,,,,2023-12-28T00:37:41.8174304Z,,,HKU\S-1-5-21-3832996301-1047793030-1114040027-1000_Classes\CLSID\{20894375-46AE-46E2-BAFD-CB38975CDCE6}\InprocServer32\(Default),,,,Registry value set (rule: RegistryEvent),,4344,WINDEV2309EVAL\User,S-1-5-18,2023-12-28 00:37:41.814,2,"<Event xmlns=""http://schemas.microsoft.com/win/2004/08/events/event"">
    <System>
      <Provider Name=""Microsoft-Windows-Sysmon"" Guid=""{5770385f-c22a-43e0-bf4c-06f5698ffbd9}""/>
      <EventID>13</EventID>
      <Version>2</Version>
      <Level>4</Level>
      <Task>13</Task>
      <Opcode>0</Opcode>
      <Keywords>0x8000000000000000</Keywords>
      <TimeCreated SystemTime=""2023-12-28T00:37:41.8174304Z""/>
      <EventRecordID>9787</EventRecordID>
      <Correlation/>
      <Execution ProcessID=""3732"" ThreadID=""4344""/>
      <Channel>Microsoft-Windows-Sysmon/Operational</Channel>
      <Computer>WinDev2309Eval</Computer>
      <Security UserID=""S-1-5-18""/>
    </System>
    <EventData>
      <Data Name=""RuleName"">T1122</Data>
      <Data Name=""EventType"">SetValue</Data>
      <Data Name=""UtcTime"">2023-12-28 00:37:41.814</Data>
      <Data Name=""ProcessGuid"">{fda94052-c354-658c-cf00-000000000c00}</Data>
      <Data Name=""ProcessId"">8712</Data>
      <Data Name=""Image"">C:\Users\User\AppData\Local\Microsoft\OneDrive\OneDrive.exe</Data>
      <Data Name=""TargetObject"">HKU\S-1-5-21-3832996301-1047793030-1114040027-1000_Classes\CLSID\{20894375-46AE-46E2-BAFD-CB38975CDCE6}\InprocServer32\(Default)</Data>
      <Data Name=""Details"">C:\Users\User\AppData\Local\Microsoft\OneDrive\23.246.1127.0002\FileSyncShell64.dll</Data>
      <Data Name=""User"">WINDEV2309EVAL\User</Data>
    </EventData>
    <RenderingInfo Culture=""en-US"">
      <Message>Registry value set:

RuleName: T1122

EventType: SetValue

UtcTime: 2023-12-28 00:37:41.814

ProcessGuid: {fda94052-c354-658c-cf00-000000000c00}

ProcessId: 8712

Image: C:\Users\User\AppData\Local\Microsoft\OneDrive\OneDrive.exe

TargetObject: HKU\S-1-5-21-3832996301-1047793030-1114040027-1000_Classes\CLSID\{20894375-46AE-46E2-BAFD-CB38975CDCE6}\InprocServer32\(Default)

Details: C:\Users\User\AppData\Local\Microsoft\OneDrive\23.246.1127.0002\FileSyncShell64.dll

User: WINDEV2309EVAL\User</Message>
      <Level>Information</Level>
      <Task>Registry value set (rule: RegistryEvent)</Task>
      <Opcode>Info</Opcode>
    </RenderingInfo>
  </Event>
  
"
Microsoft-Windows-Sysmon/Operational,,,WinDev2309Eval,,,,,,,,,C:\Users\User\AppData\Local\Microsoft\OneDrive\23.246.1127.0002\i386\FileSyncShell.dll,13,9786,SetValue,,,C:\Users\User\AppData\Local\Microsoft\OneDrive\OneDrive.exe,,,0x8000000000000000,Information,,,"Registry value set:

RuleName: T1122

EventType: SetValue

UtcTime: 2023-12-28 00:37:41.814

ProcessGuid: {fda94052-c354-658c-cf00-000000000c00}

ProcessId: 8712

Image: C:\Users\User\AppData\Local\Microsoft\OneDrive\OneDrive.exe

TargetObject: HKU\S-1-5-21-3832996301-1047793030-1114040027-1000_Classes\WOW6432Node\CLSID\{1BF42E4C-4AF4-4CFD-A1A0-CF2960B8F63E}\InprocServer32\(Default)

Details: C:\Users\User\AppData\Local\Microsoft\OneDrive\23.246.1127.0002\i386\FileSyncShell.dll

User: WINDEV2309EVAL\User",,Info,,,,,,,{fda94052-c354-658c-cf00-000000000c00},3732,8712,,,,,,"
      ",T1122,,,,,,,,,,,,,,,2023-12-28T00:37:41.8168982Z,,,HKU\S-1-5-21-3832996301-1047793030-1114040027-1000_Classes\WOW6432Node\CLSID\{1BF42E4C-4AF4-4CFD-A1A0-CF2960B8F63E}\InprocServer32\(Default),,,,Registry value set (rule: RegistryEvent),,4344,WINDEV2309EVAL\User,S-1-5-18,2023-12-28 00:37:41.814,2,"<Event xmlns=""http://schemas.microsoft.com/win/2004/08/events/event"">
    <System>
      <Provider Name=""Microsoft-Windows-Sysmon"" Guid=""{5770385f-c22a-43e0-bf4c-06f5698ffbd9}""/>
      <EventID>13</EventID>
      <Version>2</Version>
      <Level>4</Level>
      <Task>13</Task>
      <Opcode>0</Opcode>
      <Keywords>0x8000000000000000</Keywords>
      <TimeCreated SystemTime=""2023-12-28T00:37:41.8168982Z""/>
      <EventRecordID>9786</EventRecordID>
      <Correlation/>
      <Execution ProcessID=""3732"" ThreadID=""4344""/>
      <Channel>Microsoft-Windows-Sysmon/Operational</Channel>
      <Computer>WinDev2309Eval</Computer>
      <Security UserID=""S-1-5-18""/>
    </System>
    <EventData>
      <Data Name=""RuleName"">T1122</Data>
      <Data Name=""EventType"">SetValue</Data>
      <Data Name=""UtcTime"">2023-12-28 00:37:41.814</Data>
      <Data Name=""ProcessGuid"">{fda94052-c354-658c-cf00-000000000c00}</Data>
      <Data Name=""ProcessId"">8712</Data>
      <Data Name=""Image"">C:\Users\User\AppData\Local\Microsoft\OneDrive\OneDrive.exe</Data>
      <Data Name=""TargetObject"">HKU\S-1-5-21-3832996301-1047793030-1114040027-1000_Classes\WOW6432Node\CLSID\{1BF42E4C-4AF4-4CFD-A1A0-CF2960B8F63E}\InprocServer32\(Default)</Data>
      <Data Name=""Details"">C:\Users\User\AppData\Local\Microsoft\OneDrive\23.246.1127.0002\i386\FileSyncShell.dll</Data>
      <Data Name=""User"">WINDEV2309EVAL\User</Data>
    </EventData>
    <RenderingInfo Culture=""en-US"">
      <Message>Registry value set:

RuleName: T1122

EventType: SetValue

UtcTime: 2023-12-28 00:37:41.814

ProcessGuid: {fda94052-c354-658c-cf00-000000000c00}

ProcessId: 8712

Image: C:\Users\User\AppData\Local\Microsoft\OneDrive\OneDrive.exe

TargetObject: HKU\S-1-5-21-3832996301-1047793030-1114040027-1000_Classes\WOW6432Node\CLSID\{1BF42E4C-4AF4-4CFD-A1A0-CF2960B8F63E}\InprocServer32\(Default)

Details: C:\Users\User\AppData\Local\Microsoft\OneDrive\23.246.1127.0002\i386\FileSyncShell.dll

User: WINDEV2309EVAL\User</Message>
      <Level>Information</Level>
      <Task>Registry value set (rule: RegistryEvent)</Task>
      <Opcode>Info</Opcode>
    </RenderingInfo>
  </Event>
  
"
Microsoft-Windows-Sysmon/Operational,,,WinDev2309Eval,,,,,,,,,C:\Users\User\AppData\Local\Microsoft\OneDrive\23.246.1127.0002\FileSyncShell64.dll,13,9785,SetValue,,,C:\Users\User\AppData\Local\Microsoft\OneDrive\OneDrive.exe,,,0x8000000000000000,Information,,,"Registry value set:

RuleName: T1122

EventType: SetValue

UtcTime: 2023-12-28 00:37:41.814

ProcessGuid: {fda94052-c354-658c-cf00-000000000c00}

ProcessId: 8712

Image: C:\Users\User\AppData\Local\Microsoft\OneDrive\OneDrive.exe

TargetObject: HKU\S-1-5-21-3832996301-1047793030-1114040027-1000_Classes\CLSID\{1BF42E4C-4AF4-4CFD-A1A0-CF2960B8F63E}\InprocServer32\(Default)

Details: C:\Users\User\AppData\Local\Microsoft\OneDrive\23.246.1127.0002\FileSyncShell64.dll

User: WINDEV2309EVAL\User",,Info,,,,,,,{fda94052-c354-658c-cf00-000000000c00},3732,8712,,,,,,"
      ",T1122,,,,,,,,,,,,,,,2023-12-28T00:37:41.8167570Z,,,HKU\S-1-5-21-3832996301-1047793030-1114040027-1000_Classes\CLSID\{1BF42E4C-4AF4-4CFD-A1A0-CF2960B8F63E}\InprocServer32\(Default),,,,Registry value set (rule: RegistryEvent),,4344,WINDEV2309EVAL\User,S-1-5-18,2023-12-28 00:37:41.814,2,"<Event xmlns=""http://schemas.microsoft.com/win/2004/08/events/event"">
    <System>
      <Provider Name=""Microsoft-Windows-Sysmon"" Guid=""{5770385f-c22a-43e0-bf4c-06f5698ffbd9}""/>
      <EventID>13</EventID>
      <Version>2</Version>
      <Level>4</Level>
      <Task>13</Task>
      <Opcode>0</Opcode>
      <Keywords>0x8000000000000000</Keywords>
      <TimeCreated SystemTime=""2023-12-28T00:37:41.8167570Z""/>
      <EventRecordID>9785</EventRecordID>
      <Correlation/>
      <Execution ProcessID=""3732"" ThreadID=""4344""/>
      <Channel>Microsoft-Windows-Sysmon/Operational</Channel>
      <Computer>WinDev2309Eval</Computer>
      <Security UserID=""S-1-5-18""/>
    </System>
    <EventData>
      <Data Name=""RuleName"">T1122</Data>
      <Data Name=""EventType"">SetValue</Data>
      <Data Name=""UtcTime"">2023-12-28 00:37:41.814</Data>
      <Data Name=""ProcessGuid"">{fda94052-c354-658c-cf00-000000000c00}</Data>
      <Data Name=""ProcessId"">8712</Data>
      <Data Name=""Image"">C:\Users\User\AppData\Local\Microsoft\OneDrive\OneDrive.exe</Data>
      <Data Name=""TargetObject"">HKU\S-1-5-21-3832996301-1047793030-1114040027-1000_Classes\CLSID\{1BF42E4C-4AF4-4CFD-A1A0-CF2960B8F63E}\InprocServer32\(Default)</Data>
      <Data Name=""Details"">C:\Users\User\AppData\Local\Microsoft\OneDrive\23.246.1127.0002\FileSyncShell64.dll</Data>
      <Data Name=""User"">WINDEV2309EVAL\User</Data>
    </EventData>
    <RenderingInfo Culture=""en-US"">
      <Message>Registry value set:

RuleName: T1122

EventType: SetValue

UtcTime: 2023-12-28 00:37:41.814

ProcessGuid: {fda94052-c354-658c-cf00-000000000c00}

ProcessId: 8712

Image: C:\Users\User\AppData\Local\Microsoft\OneDrive\OneDrive.exe

TargetObject: HKU\S-1-5-21-3832996301-1047793030-1114040027-1000_Classes\CLSID\{1BF42E4C-4AF4-4CFD-A1A0-CF2960B8F63E}\InprocServer32\(Default)

Details: C:\Users\User\AppData\Local\Microsoft\OneDrive\23.246.1127.0002\FileSyncShell64.dll

User: WINDEV2309EVAL\User</Message>
      <Level>Information</Level>
      <Task>Registry value set (rule: RegistryEvent)</Task>
      <Opcode>Info</Opcode>
    </RenderingInfo>
  </Event>
  
"
Microsoft-Windows-Sysmon/Operational,,,WinDev2309Eval,,,,,,,,,C:\Users\User\AppData\Local\Microsoft\OneDrive\23.246.1127.0002\i386\FileSyncShell.dll,13,9784,SetValue,,,C:\Users\User\AppData\Local\Microsoft\OneDrive\OneDrive.exe,,,0x8000000000000000,Information,,,"Registry value set:

RuleName: T1122

EventType: SetValue

UtcTime: 2023-12-28 00:37:41.814

ProcessGuid: {fda94052-c354-658c-cf00-000000000c00}

ProcessId: 8712

Image: C:\Users\User\AppData\Local\Microsoft\OneDrive\OneDrive.exe

TargetObject: HKU\S-1-5-21-3832996301-1047793030-1114040027-1000_Classes\WOW6432Node\CLSID\{82CA8DE3-01AD-4CEA-9D75-BE4C51810A9E}\InprocServer32\(Default)

Details: C:\Users\User\AppData\Local\Microsoft\OneDrive\23.246.1127.0002\i386\FileSyncShell.dll

User: WINDEV2309EVAL\User",,Info,,,,,,,{fda94052-c354-658c-cf00-000000000c00},3732,8712,,,,,,"
      ",T1122,,,,,,,,,,,,,,,2023-12-28T00:37:41.8161167Z,,,HKU\S-1-5-21-3832996301-1047793030-1114040027-1000_Classes\WOW6432Node\CLSID\{82CA8DE3-01AD-4CEA-9D75-BE4C51810A9E}\InprocServer32\(Default),,,,Registry value set (rule: RegistryEvent),,4344,WINDEV2309EVAL\User,S-1-5-18,2023-12-28 00:37:41.814,2,"<Event xmlns=""http://schemas.microsoft.com/win/2004/08/events/event"">
    <System>
      <Provider Name=""Microsoft-Windows-Sysmon"" Guid=""{5770385f-c22a-43e0-bf4c-06f5698ffbd9}""/>
      <EventID>13</EventID>
      <Version>2</Version>
      <Level>4</Level>
      <Task>13</Task>
      <Opcode>0</Opcode>
      <Keywords>0x8000000000000000</Keywords>
      <TimeCreated SystemTime=""2023-12-28T00:37:41.8161167Z""/>
      <EventRecordID>9784</EventRecordID>
      <Correlation/>
      <Execution ProcessID=""3732"" ThreadID=""4344""/>
      <Channel>Microsoft-Windows-Sysmon/Operational</Channel>
      <Computer>WinDev2309Eval</Computer>
      <Security UserID=""S-1-5-18""/>
    </System>
    <EventData>
      <Data Name=""RuleName"">T1122</Data>
      <Data Name=""EventType"">SetValue</Data>
      <Data Name=""UtcTime"">2023-12-28 00:37:41.814</Data>
      <Data Name=""ProcessGuid"">{fda94052-c354-658c-cf00-000000000c00}</Data>
      <Data Name=""ProcessId"">8712</Data>
      <Data Name=""Image"">C:\Users\User\AppData\Local\Microsoft\OneDrive\OneDrive.exe</Data>
      <Data Name=""TargetObject"">HKU\S-1-5-21-3832996301-1047793030-1114040027-1000_Classes\WOW6432Node\CLSID\{82CA8DE3-01AD-4CEA-9D75-BE4C51810A9E}\InprocServer32\(Default)</Data>
      <Data Name=""Details"">C:\Users\User\AppData\Local\Microsoft\OneDrive\23.246.1127.0002\i386\FileSyncShell.dll</Data>
      <Data Name=""User"">WINDEV2309EVAL\User</Data>
    </EventData>
    <RenderingInfo Culture=""en-US"">
      <Message>Registry value set:

RuleName: T1122

EventType: SetValue

UtcTime: 2023-12-28 00:37:41.814

ProcessGuid: {fda94052-c354-658c-cf00-000000000c00}

ProcessId: 8712

Image: C:\Users\User\AppData\Local\Microsoft\OneDrive\OneDrive.exe

TargetObject: HKU\S-1-5-21-3832996301-1047793030-1114040027-1000_Classes\WOW6432Node\CLSID\{82CA8DE3-01AD-4CEA-9D75-BE4C51810A9E}\InprocServer32\(Default)

Details: C:\Users\User\AppData\Local\Microsoft\OneDrive\23.246.1127.0002\i386\FileSyncShell.dll

User: WINDEV2309EVAL\User</Message>
      <Level>Information</Level>
      <Task>Registry value set (rule: RegistryEvent)</Task>
      <Opcode>Info</Opcode>
    </RenderingInfo>
  </Event>
  
"
Microsoft-Windows-Sysmon/Operational,,,WinDev2309Eval,,,,,,,,,C:\Users\User\AppData\Local\Microsoft\OneDrive\23.246.1127.0002\FileSyncShell64.dll,13,9783,SetValue,,,C:\Users\User\AppData\Local\Microsoft\OneDrive\OneDrive.exe,,,0x8000000000000000,Information,,,"Registry value set:

RuleName: T1122

EventType: SetValue

UtcTime: 2023-12-28 00:37:41.814

ProcessGuid: {fda94052-c354-658c-cf00-000000000c00}

ProcessId: 8712

Image: C:\Users\User\AppData\Local\Microsoft\OneDrive\OneDrive.exe

TargetObject: HKU\S-1-5-21-3832996301-1047793030-1114040027-1000_Classes\CLSID\{82CA8DE3-01AD-4CEA-9D75-BE4C51810A9E}\InprocServer32\(Default)

Details: C:\Users\User\AppData\Local\Microsoft\OneDrive\23.246.1127.0002\FileSyncShell64.dll

User: WINDEV2309EVAL\User",,Info,,,,,,,{fda94052-c354-658c-cf00-000000000c00},3732,8712,,,,,,"
      ",T1122,,,,,,,,,,,,,,,2023-12-28T00:37:41.8159765Z,,,HKU\S-1-5-21-3832996301-1047793030-1114040027-1000_Classes\CLSID\{82CA8DE3-01AD-4CEA-9D75-BE4C51810A9E}\InprocServer32\(Default),,,,Registry value set (rule: RegistryEvent),,4344,WINDEV2309EVAL\User,S-1-5-18,2023-12-28 00:37:41.814,2,"<Event xmlns=""http://schemas.microsoft.com/win/2004/08/events/event"">
    <System>
      <Provider Name=""Microsoft-Windows-Sysmon"" Guid=""{5770385f-c22a-43e0-bf4c-06f5698ffbd9}""/>
      <EventID>13</EventID>
      <Version>2</Version>
      <Level>4</Level>
      <Task>13</Task>
      <Opcode>0</Opcode>
      <Keywords>0x8000000000000000</Keywords>
      <TimeCreated SystemTime=""2023-12-28T00:37:41.8159765Z""/>
      <EventRecordID>9783</EventRecordID>
      <Correlation/>
      <Execution ProcessID=""3732"" ThreadID=""4344""/>
      <Channel>Microsoft-Windows-Sysmon/Operational</Channel>
      <Computer>WinDev2309Eval</Computer>
      <Security UserID=""S-1-5-18""/>
    </System>
    <EventData>
      <Data Name=""RuleName"">T1122</Data>
      <Data Name=""EventType"">SetValue</Data>
      <Data Name=""UtcTime"">2023-12-28 00:37:41.814</Data>
      <Data Name=""ProcessGuid"">{fda94052-c354-658c-cf00-000000000c00}</Data>
      <Data Name=""ProcessId"">8712</Data>
      <Data Name=""Image"">C:\Users\User\AppData\Local\Microsoft\OneDrive\OneDrive.exe</Data>
      <Data Name=""TargetObject"">HKU\S-1-5-21-3832996301-1047793030-1114040027-1000_Classes\CLSID\{82CA8DE3-01AD-4CEA-9D75-BE4C51810A9E}\InprocServer32\(Default)</Data>
      <Data Name=""Details"">C:\Users\User\AppData\Local\Microsoft\OneDrive\23.246.1127.0002\FileSyncShell64.dll</Data>
      <Data Name=""User"">WINDEV2309EVAL\User</Data>
    </EventData>
    <RenderingInfo Culture=""en-US"">
      <Message>Registry value set:

RuleName: T1122

EventType: SetValue

UtcTime: 2023-12-28 00:37:41.814

ProcessGuid: {fda94052-c354-658c-cf00-000000000c00}

ProcessId: 8712

Image: C:\Users\User\AppData\Local\Microsoft\OneDrive\OneDrive.exe

TargetObject: HKU\S-1-5-21-3832996301-1047793030-1114040027-1000_Classes\CLSID\{82CA8DE3-01AD-4CEA-9D75-BE4C51810A9E}\InprocServer32\(Default)

Details: C:\Users\User\AppData\Local\Microsoft\OneDrive\23.246.1127.0002\FileSyncShell64.dll

User: WINDEV2309EVAL\User</Message>
      <Level>Information</Level>
      <Task>Registry value set (rule: RegistryEvent)</Task>
      <Opcode>Info</Opcode>
    </RenderingInfo>
  </Event>
  
"
Microsoft-Windows-Sysmon/Operational,,,WinDev2309Eval,,,,,,,,,C:\Users\User\AppData\Local\Microsoft\OneDrive\23.246.1127.0002\i386\FileSyncShell.dll,13,9782,SetValue,,,C:\Users\User\AppData\Local\Microsoft\OneDrive\OneDrive.exe,,,0x8000000000000000,Information,,,"Registry value set:

RuleName: T1122

EventType: SetValue

UtcTime: 2023-12-28 00:37:41.814

ProcessGuid: {fda94052-c354-658c-cf00-000000000c00}

ProcessId: 8712

Image: C:\Users\User\AppData\Local\Microsoft\OneDrive\OneDrive.exe

TargetObject: HKU\S-1-5-21-3832996301-1047793030-1114040027-1000_Classes\WOW6432Node\CLSID\{7AFDFDDB-F914-11E4-8377-6C3BE50D980C}\InprocServer32\(Default)

Details: C:\Users\User\AppData\Local\Microsoft\OneDrive\23.246.1127.0002\i386\FileSyncShell.dll

User: WINDEV2309EVAL\User",,Info,,,,,,,{fda94052-c354-658c-cf00-000000000c00},3732,8712,,,,,,"
      ",T1122,,,,,,,,,,,,,,,2023-12-28T00:37:41.8155419Z,,,HKU\S-1-5-21-3832996301-1047793030-1114040027-1000_Classes\WOW6432Node\CLSID\{7AFDFDDB-F914-11E4-8377-6C3BE50D980C}\InprocServer32\(Default),,,,Registry value set (rule: RegistryEvent),,4344,WINDEV2309EVAL\User,S-1-5-18,2023-12-28 00:37:41.814,2,"<Event xmlns=""http://schemas.microsoft.com/win/2004/08/events/event"">
    <System>
      <Provider Name=""Microsoft-Windows-Sysmon"" Guid=""{5770385f-c22a-43e0-bf4c-06f5698ffbd9}""/>
      <EventID>13</EventID>
      <Version>2</Version>
      <Level>4</Level>
      <Task>13</Task>
      <Opcode>0</Opcode>
      <Keywords>0x8000000000000000</Keywords>
      <TimeCreated SystemTime=""2023-12-28T00:37:41.8155419Z""/>
      <EventRecordID>9782</EventRecordID>
      <Correlation/>
      <Execution ProcessID=""3732"" ThreadID=""4344""/>
      <Channel>Microsoft-Windows-Sysmon/Operational</Channel>
      <Computer>WinDev2309Eval</Computer>
      <Security UserID=""S-1-5-18""/>
    </System>
    <EventData>
      <Data Name=""RuleName"">T1122</Data>
      <Data Name=""EventType"">SetValue</Data>
      <Data Name=""UtcTime"">2023-12-28 00:37:41.814</Data>
      <Data Name=""ProcessGuid"">{fda94052-c354-658c-cf00-000000000c00}</Data>
      <Data Name=""ProcessId"">8712</Data>
      <Data Name=""Image"">C:\Users\User\AppData\Local\Microsoft\OneDrive\OneDrive.exe</Data>
      <Data Name=""TargetObject"">HKU\S-1-5-21-3832996301-1047793030-1114040027-1000_Classes\WOW6432Node\CLSID\{7AFDFDDB-F914-11E4-8377-6C3BE50D980C}\InprocServer32\(Default)</Data>
      <Data Name=""Details"">C:\Users\User\AppData\Local\Microsoft\OneDrive\23.246.1127.0002\i386\FileSyncShell.dll</Data>
      <Data Name=""User"">WINDEV2309EVAL\User</Data>
    </EventData>
    <RenderingInfo Culture=""en-US"">
      <Message>Registry value set:

RuleName: T1122

EventType: SetValue

UtcTime: 2023-12-28 00:37:41.814

ProcessGuid: {fda94052-c354-658c-cf00-000000000c00}

ProcessId: 8712

Image: C:\Users\User\AppData\Local\Microsoft\OneDrive\OneDrive.exe

TargetObject: HKU\S-1-5-21-3832996301-1047793030-1114040027-1000_Classes\WOW6432Node\CLSID\{7AFDFDDB-F914-11E4-8377-6C3BE50D980C}\InprocServer32\(Default)

Details: C:\Users\User\AppData\Local\Microsoft\OneDrive\23.246.1127.0002\i386\FileSyncShell.dll

User: WINDEV2309EVAL\User</Message>
      <Level>Information</Level>
      <Task>Registry value set (rule: RegistryEvent)</Task>
      <Opcode>Info</Opcode>
    </RenderingInfo>
  </Event>
  
"
Microsoft-Windows-Sysmon/Operational,,,WinDev2309Eval,,,,,,,,,C:\Users\User\AppData\Local\Microsoft\OneDrive\23.246.1127.0002\FileSyncShell64.dll,13,9781,SetValue,,,C:\Users\User\AppData\Local\Microsoft\OneDrive\OneDrive.exe,,,0x8000000000000000,Information,,,"Registry value set:

RuleName: T1122

EventType: SetValue

UtcTime: 2023-12-28 00:37:41.814

ProcessGuid: {fda94052-c354-658c-cf00-000000000c00}

ProcessId: 8712

Image: C:\Users\User\AppData\Local\Microsoft\OneDrive\OneDrive.exe

TargetObject: HKU\S-1-5-21-3832996301-1047793030-1114040027-1000_Classes\CLSID\{7AFDFDDB-F914-11E4-8377-6C3BE50D980C}\InprocServer32\(Default)

Details: C:\Users\User\AppData\Local\Microsoft\OneDrive\23.246.1127.0002\FileSyncShell64.dll

User: WINDEV2309EVAL\User",,Info,,,,,,,{fda94052-c354-658c-cf00-000000000c00},3732,8712,,,,,,"
      ",T1122,,,,,,,,,,,,,,,2023-12-28T00:37:41.8153997Z,,,HKU\S-1-5-21-3832996301-1047793030-1114040027-1000_Classes\CLSID\{7AFDFDDB-F914-11E4-8377-6C3BE50D980C}\InprocServer32\(Default),,,,Registry value set (rule: RegistryEvent),,4344,WINDEV2309EVAL\User,S-1-5-18,2023-12-28 00:37:41.814,2,"<Event xmlns=""http://schemas.microsoft.com/win/2004/08/events/event"">
    <System>
      <Provider Name=""Microsoft-Windows-Sysmon"" Guid=""{5770385f-c22a-43e0-bf4c-06f5698ffbd9}""/>
      <EventID>13</EventID>
      <Version>2</Version>
      <Level>4</Level>
      <Task>13</Task>
      <Opcode>0</Opcode>
      <Keywords>0x8000000000000000</Keywords>
      <TimeCreated SystemTime=""2023-12-28T00:37:41.8153997Z""/>
      <EventRecordID>9781</EventRecordID>
      <Correlation/>
      <Execution ProcessID=""3732"" ThreadID=""4344""/>
      <Channel>Microsoft-Windows-Sysmon/Operational</Channel>
      <Computer>WinDev2309Eval</Computer>
      <Security UserID=""S-1-5-18""/>
    </System>
    <EventData>
      <Data Name=""RuleName"">T1122</Data>
      <Data Name=""EventType"">SetValue</Data>
      <Data Name=""UtcTime"">2023-12-28 00:37:41.814</Data>
      <Data Name=""ProcessGuid"">{fda94052-c354-658c-cf00-000000000c00}</Data>
      <Data Name=""ProcessId"">8712</Data>
      <Data Name=""Image"">C:\Users\User\AppData\Local\Microsoft\OneDrive\OneDrive.exe</Data>
      <Data Name=""TargetObject"">HKU\S-1-5-21-3832996301-1047793030-1114040027-1000_Classes\CLSID\{7AFDFDDB-F914-11E4-8377-6C3BE50D980C}\InprocServer32\(Default)</Data>
      <Data Name=""Details"">C:\Users\User\AppData\Local\Microsoft\OneDrive\23.246.1127.0002\FileSyncShell64.dll</Data>
      <Data Name=""User"">WINDEV2309EVAL\User</Data>
    </EventData>
    <RenderingInfo Culture=""en-US"">
      <Message>Registry value set:

RuleName: T1122

EventType: SetValue

UtcTime: 2023-12-28 00:37:41.814

ProcessGuid: {fda94052-c354-658c-cf00-000000000c00}

ProcessId: 8712

Image: C:\Users\User\AppData\Local\Microsoft\OneDrive\OneDrive.exe

TargetObject: HKU\S-1-5-21-3832996301-1047793030-1114040027-1000_Classes\CLSID\{7AFDFDDB-F914-11E4-8377-6C3BE50D980C}\InprocServer32\(Default)

Details: C:\Users\User\AppData\Local\Microsoft\OneDrive\23.246.1127.0002\FileSyncShell64.dll

User: WINDEV2309EVAL\User</Message>
      <Level>Information</Level>
      <Task>Registry value set (rule: RegistryEvent)</Task>
      <Opcode>Info</Opcode>
    </RenderingInfo>
  </Event>
  
"
Microsoft-Windows-Sysmon/Operational,,,WinDev2309Eval,,,,,,,,,C:\Users\User\AppData\Local\Microsoft\OneDrive\23.246.1127.0002\i386\FileSyncShell.dll,13,9780,SetValue,,,C:\Users\User\AppData\Local\Microsoft\OneDrive\OneDrive.exe,,,0x8000000000000000,Information,,,"Registry value set:

RuleName: T1122

EventType: SetValue

UtcTime: 2023-12-28 00:37:41.814

ProcessGuid: {fda94052-c354-658c-cf00-000000000c00}

ProcessId: 8712

Image: C:\Users\User\AppData\Local\Microsoft\OneDrive\OneDrive.exe

TargetObject: HKU\S-1-5-21-3832996301-1047793030-1114040027-1000_Classes\WOW6432Node\CLSID\{C5FF006E-2AE9-408C-B85B-2DFDD5449D9C}\InprocServer32\(Default)

Details: C:\Users\User\AppData\Local\Microsoft\OneDrive\23.246.1127.0002\i386\FileSyncShell.dll

User: WINDEV2309EVAL\User",,Info,,,,,,,{fda94052-c354-658c-cf00-000000000c00},3732,8712,,,,,,"
      ",T1122,,,,,,,,,,,,,,,2023-12-28T00:37:41.8149883Z,,,HKU\S-1-5-21-3832996301-1047793030-1114040027-1000_Classes\WOW6432Node\CLSID\{C5FF006E-2AE9-408C-B85B-2DFDD5449D9C}\InprocServer32\(Default),,,,Registry value set (rule: RegistryEvent),,4344,WINDEV2309EVAL\User,S-1-5-18,2023-12-28 00:37:41.814,2,"<Event xmlns=""http://schemas.microsoft.com/win/2004/08/events/event"">
    <System>
      <Provider Name=""Microsoft-Windows-Sysmon"" Guid=""{5770385f-c22a-43e0-bf4c-06f5698ffbd9}""/>
      <EventID>13</EventID>
      <Version>2</Version>
      <Level>4</Level>
      <Task>13</Task>
      <Opcode>0</Opcode>
      <Keywords>0x8000000000000000</Keywords>
      <TimeCreated SystemTime=""2023-12-28T00:37:41.8149883Z""/>
      <EventRecordID>9780</EventRecordID>
      <Correlation/>
      <Execution ProcessID=""3732"" ThreadID=""4344""/>
      <Channel>Microsoft-Windows-Sysmon/Operational</Channel>
      <Computer>WinDev2309Eval</Computer>
      <Security UserID=""S-1-5-18""/>
    </System>
    <EventData>
      <Data Name=""RuleName"">T1122</Data>
      <Data Name=""EventType"">SetValue</Data>
      <Data Name=""UtcTime"">2023-12-28 00:37:41.814</Data>
      <Data Name=""ProcessGuid"">{fda94052-c354-658c-cf00-000000000c00}</Data>
      <Data Name=""ProcessId"">8712</Data>
      <Data Name=""Image"">C:\Users\User\AppData\Local\Microsoft\OneDrive\OneDrive.exe</Data>
      <Data Name=""TargetObject"">HKU\S-1-5-21-3832996301-1047793030-1114040027-1000_Classes\WOW6432Node\CLSID\{C5FF006E-2AE9-408C-B85B-2DFDD5449D9C}\InprocServer32\(Default)</Data>
      <Data Name=""Details"">C:\Users\User\AppData\Local\Microsoft\OneDrive\23.246.1127.0002\i386\FileSyncShell.dll</Data>
      <Data Name=""User"">WINDEV2309EVAL\User</Data>
    </EventData>
    <RenderingInfo Culture=""en-US"">
      <Message>Registry value set:

RuleName: T1122

EventType: SetValue

UtcTime: 2023-12-28 00:37:41.814

ProcessGuid: {fda94052-c354-658c-cf00-000000000c00}

ProcessId: 8712

Image: C:\Users\User\AppData\Local\Microsoft\OneDrive\OneDrive.exe

TargetObject: HKU\S-1-5-21-3832996301-1047793030-1114040027-1000_Classes\WOW6432Node\CLSID\{C5FF006E-2AE9-408C-B85B-2DFDD5449D9C}\InprocServer32\(Default)

Details: C:\Users\User\AppData\Local\Microsoft\OneDrive\23.246.1127.0002\i386\FileSyncShell.dll

User: WINDEV2309EVAL\User</Message>
      <Level>Information</Level>
      <Task>Registry value set (rule: RegistryEvent)</Task>
      <Opcode>Info</Opcode>
    </RenderingInfo>
  </Event>
  
"
Microsoft-Windows-Sysmon/Operational,,,WinDev2309Eval,,,,,,,,,C:\Users\User\AppData\Local\Microsoft\OneDrive\23.246.1127.0002\FileSyncShell64.dll,13,9779,SetValue,,,C:\Users\User\AppData\Local\Microsoft\OneDrive\OneDrive.exe,,,0x8000000000000000,Information,,,"Registry value set:

RuleName: T1122

EventType: SetValue

UtcTime: 2023-12-28 00:37:41.814

ProcessGuid: {fda94052-c354-658c-cf00-000000000c00}

ProcessId: 8712

Image: C:\Users\User\AppData\Local\Microsoft\OneDrive\OneDrive.exe

TargetObject: HKU\S-1-5-21-3832996301-1047793030-1114040027-1000_Classes\CLSID\{C5FF006E-2AE9-408C-B85B-2DFDD5449D9C}\InprocServer32\(Default)

Details: C:\Users\User\AppData\Local\Microsoft\OneDrive\23.246.1127.0002\FileSyncShell64.dll

User: WINDEV2309EVAL\User",,Info,,,,,,,{fda94052-c354-658c-cf00-000000000c00},3732,8712,,,,,,"
      ",T1122,,,,,,,,,,,,,,,2023-12-28T00:37:41.8145915Z,,,HKU\S-1-5-21-3832996301-1047793030-1114040027-1000_Classes\CLSID\{C5FF006E-2AE9-408C-B85B-2DFDD5449D9C}\InprocServer32\(Default),,,,Registry value set (rule: RegistryEvent),,4344,WINDEV2309EVAL\User,S-1-5-18,2023-12-28 00:37:41.814,2,"<Event xmlns=""http://schemas.microsoft.com/win/2004/08/events/event"">
    <System>
      <Provider Name=""Microsoft-Windows-Sysmon"" Guid=""{5770385f-c22a-43e0-bf4c-06f5698ffbd9}""/>
      <EventID>13</EventID>
      <Version>2</Version>
      <Level>4</Level>
      <Task>13</Task>
      <Opcode>0</Opcode>
      <Keywords>0x8000000000000000</Keywords>
      <TimeCreated SystemTime=""2023-12-28T00:37:41.8145915Z""/>
      <EventRecordID>9779</EventRecordID>
      <Correlation/>
      <Execution ProcessID=""3732"" ThreadID=""4344""/>
      <Channel>Microsoft-Windows-Sysmon/Operational</Channel>
      <Computer>WinDev2309Eval</Computer>
      <Security UserID=""S-1-5-18""/>
    </System>
    <EventData>
      <Data Name=""RuleName"">T1122</Data>
      <Data Name=""EventType"">SetValue</Data>
      <Data Name=""UtcTime"">2023-12-28 00:37:41.814</Data>
      <Data Name=""ProcessGuid"">{fda94052-c354-658c-cf00-000000000c00}</Data>
      <Data Name=""ProcessId"">8712</Data>
      <Data Name=""Image"">C:\Users\User\AppData\Local\Microsoft\OneDrive\OneDrive.exe</Data>
      <Data Name=""TargetObject"">HKU\S-1-5-21-3832996301-1047793030-1114040027-1000_Classes\CLSID\{C5FF006E-2AE9-408C-B85B-2DFDD5449D9C}\InprocServer32\(Default)</Data>
      <Data Name=""Details"">C:\Users\User\AppData\Local\Microsoft\OneDrive\23.246.1127.0002\FileSyncShell64.dll</Data>
      <Data Name=""User"">WINDEV2309EVAL\User</Data>
    </EventData>
    <RenderingInfo Culture=""en-US"">
      <Message>Registry value set:

RuleName: T1122

EventType: SetValue

UtcTime: 2023-12-28 00:37:41.814

ProcessGuid: {fda94052-c354-658c-cf00-000000000c00}

ProcessId: 8712

Image: C:\Users\User\AppData\Local\Microsoft\OneDrive\OneDrive.exe

TargetObject: HKU\S-1-5-21-3832996301-1047793030-1114040027-1000_Classes\CLSID\{C5FF006E-2AE9-408C-B85B-2DFDD5449D9C}\InprocServer32\(Default)

Details: C:\Users\User\AppData\Local\Microsoft\OneDrive\23.246.1127.0002\FileSyncShell64.dll

User: WINDEV2309EVAL\User</Message>
      <Level>Information</Level>
      <Task>Registry value set (rule: RegistryEvent)</Task>
      <Opcode>Info</Opcode>
    </RenderingInfo>
  </Event>
  
"
Microsoft-Windows-Sysmon/Operational,,,WinDev2309Eval,,,,,,,,,C:\Users\User\AppData\Local\Microsoft\OneDrive\23.246.1127.0002\i386\FileSyncShell.dll,13,9778,SetValue,,,C:\Users\User\AppData\Local\Microsoft\OneDrive\OneDrive.exe,,,0x8000000000000000,Information,,,"Registry value set:

RuleName: T1122

EventType: SetValue

UtcTime: 2023-12-28 00:37:41.798

ProcessGuid: {fda94052-c354-658c-cf00-000000000c00}

ProcessId: 8712

Image: C:\Users\User\AppData\Local\Microsoft\OneDrive\OneDrive.exe

TargetObject: HKU\S-1-5-21-3832996301-1047793030-1114040027-1000_Classes\WOW6432Node\CLSID\{9AA2F32D-362A-42D9-9328-24A483E2CCC3}\InprocServer32\(Default)

Details: C:\Users\User\AppData\Local\Microsoft\OneDrive\23.246.1127.0002\i386\FileSyncShell.dll

User: WINDEV2309EVAL\User",,Info,,,,,,,{fda94052-c354-658c-cf00-000000000c00},3732,8712,,,,,,"
      ",T1122,,,,,,,,,,,,,,,2023-12-28T00:37:41.8142287Z,,,HKU\S-1-5-21-3832996301-1047793030-1114040027-1000_Classes\WOW6432Node\CLSID\{9AA2F32D-362A-42D9-9328-24A483E2CCC3}\InprocServer32\(Default),,,,Registry value set (rule: RegistryEvent),,4344,WINDEV2309EVAL\User,S-1-5-18,2023-12-28 00:37:41.798,2,"<Event xmlns=""http://schemas.microsoft.com/win/2004/08/events/event"">
    <System>
      <Provider Name=""Microsoft-Windows-Sysmon"" Guid=""{5770385f-c22a-43e0-bf4c-06f5698ffbd9}""/>
      <EventID>13</EventID>
      <Version>2</Version>
      <Level>4</Level>
      <Task>13</Task>
      <Opcode>0</Opcode>
      <Keywords>0x8000000000000000</Keywords>
      <TimeCreated SystemTime=""2023-12-28T00:37:41.8142287Z""/>
      <EventRecordID>9778</EventRecordID>
      <Correlation/>
      <Execution ProcessID=""3732"" ThreadID=""4344""/>
      <Channel>Microsoft-Windows-Sysmon/Operational</Channel>
      <Computer>WinDev2309Eval</Computer>
      <Security UserID=""S-1-5-18""/>
    </System>
    <EventData>
      <Data Name=""RuleName"">T1122</Data>
      <Data Name=""EventType"">SetValue</Data>
      <Data Name=""UtcTime"">2023-12-28 00:37:41.798</Data>
      <Data Name=""ProcessGuid"">{fda94052-c354-658c-cf00-000000000c00}</Data>
      <Data Name=""ProcessId"">8712</Data>
      <Data Name=""Image"">C:\Users\User\AppData\Local\Microsoft\OneDrive\OneDrive.exe</Data>
      <Data Name=""TargetObject"">HKU\S-1-5-21-3832996301-1047793030-1114040027-1000_Classes\WOW6432Node\CLSID\{9AA2F32D-362A-42D9-9328-24A483E2CCC3}\InprocServer32\(Default)</Data>
      <Data Name=""Details"">C:\Users\User\AppData\Local\Microsoft\OneDrive\23.246.1127.0002\i386\FileSyncShell.dll</Data>
      <Data Name=""User"">WINDEV2309EVAL\User</Data>
    </EventData>
    <RenderingInfo Culture=""en-US"">
      <Message>Registry value set:

RuleName: T1122

EventType: SetValue

UtcTime: 2023-12-28 00:37:41.798

ProcessGuid: {fda94052-c354-658c-cf00-000000000c00}

ProcessId: 8712

Image: C:\Users\User\AppData\Local\Microsoft\OneDrive\OneDrive.exe

TargetObject: HKU\S-1-5-21-3832996301-1047793030-1114040027-1000_Classes\WOW6432Node\CLSID\{9AA2F32D-362A-42D9-9328-24A483E2CCC3}\InprocServer32\(Default)

Details: C:\Users\User\AppData\Local\Microsoft\OneDrive\23.246.1127.0002\i386\FileSyncShell.dll

User: WINDEV2309EVAL\User</Message>
      <Level>Information</Level>
      <Task>Registry value set (rule: RegistryEvent)</Task>
      <Opcode>Info</Opcode>
    </RenderingInfo>
  </Event>
  
"
Microsoft-Windows-Sysmon/Operational,,,WinDev2309Eval,,,,,,,,,C:\Users\User\AppData\Local\Microsoft\OneDrive\23.246.1127.0002\FileSyncShell64.dll,13,9777,SetValue,,,C:\Users\User\AppData\Local\Microsoft\OneDrive\OneDrive.exe,,,0x8000000000000000,Information,,,"Registry value set:

RuleName: T1122

EventType: SetValue

UtcTime: 2023-12-28 00:37:41.798

ProcessGuid: {fda94052-c354-658c-cf00-000000000c00}

ProcessId: 8712

Image: C:\Users\User\AppData\Local\Microsoft\OneDrive\OneDrive.exe

TargetObject: HKU\S-1-5-21-3832996301-1047793030-1114040027-1000_Classes\CLSID\{9AA2F32D-362A-42D9-9328-24A483E2CCC3}\InprocServer32\(Default)

Details: C:\Users\User\AppData\Local\Microsoft\OneDrive\23.246.1127.0002\FileSyncShell64.dll

User: WINDEV2309EVAL\User",,Info,,,,,,,{fda94052-c354-658c-cf00-000000000c00},3732,8712,,,,,,"
      ",T1122,,,,,,,,,,,,,,,2023-12-28T00:37:41.8137816Z,,,HKU\S-1-5-21-3832996301-1047793030-1114040027-1000_Classes\CLSID\{9AA2F32D-362A-42D9-9328-24A483E2CCC3}\InprocServer32\(Default),,,,Registry value set (rule: RegistryEvent),,4344,WINDEV2309EVAL\User,S-1-5-18,2023-12-28 00:37:41.798,2,"<Event xmlns=""http://schemas.microsoft.com/win/2004/08/events/event"">
    <System>
      <Provider Name=""Microsoft-Windows-Sysmon"" Guid=""{5770385f-c22a-43e0-bf4c-06f5698ffbd9}""/>
      <EventID>13</EventID>
      <Version>2</Version>
      <Level>4</Level>
      <Task>13</Task>
      <Opcode>0</Opcode>
      <Keywords>0x8000000000000000</Keywords>
      <TimeCreated SystemTime=""2023-12-28T00:37:41.8137816Z""/>
      <EventRecordID>9777</EventRecordID>
      <Correlation/>
      <Execution ProcessID=""3732"" ThreadID=""4344""/>
      <Channel>Microsoft-Windows-Sysmon/Operational</Channel>
      <Computer>WinDev2309Eval</Computer>
      <Security UserID=""S-1-5-18""/>
    </System>
    <EventData>
      <Data Name=""RuleName"">T1122</Data>
      <Data Name=""EventType"">SetValue</Data>
      <Data Name=""UtcTime"">2023-12-28 00:37:41.798</Data>
      <Data Name=""ProcessGuid"">{fda94052-c354-658c-cf00-000000000c00}</Data>
      <Data Name=""ProcessId"">8712</Data>
      <Data Name=""Image"">C:\Users\User\AppData\Local\Microsoft\OneDrive\OneDrive.exe</Data>
      <Data Name=""TargetObject"">HKU\S-1-5-21-3832996301-1047793030-1114040027-1000_Classes\CLSID\{9AA2F32D-362A-42D9-9328-24A483E2CCC3}\InprocServer32\(Default)</Data>
      <Data Name=""Details"">C:\Users\User\AppData\Local\Microsoft\OneDrive\23.246.1127.0002\FileSyncShell64.dll</Data>
      <Data Name=""User"">WINDEV2309EVAL\User</Data>
    </EventData>
    <RenderingInfo Culture=""en-US"">
      <Message>Registry value set:

RuleName: T1122

EventType: SetValue

UtcTime: 2023-12-28 00:37:41.798

ProcessGuid: {fda94052-c354-658c-cf00-000000000c00}

ProcessId: 8712

Image: C:\Users\User\AppData\Local\Microsoft\OneDrive\OneDrive.exe

TargetObject: HKU\S-1-5-21-3832996301-1047793030-1114040027-1000_Classes\CLSID\{9AA2F32D-362A-42D9-9328-24A483E2CCC3}\InprocServer32\(Default)

Details: C:\Users\User\AppData\Local\Microsoft\OneDrive\23.246.1127.0002\FileSyncShell64.dll

User: WINDEV2309EVAL\User</Message>
      <Level>Information</Level>
      <Task>Registry value set (rule: RegistryEvent)</Task>
      <Opcode>Info</Opcode>
    </RenderingInfo>
  </Event>
  
"
Microsoft-Windows-Sysmon/Operational,,,WinDev2309Eval,,,,,,,,,C:\Users\User\AppData\Local\Microsoft\OneDrive\23.246.1127.0002\i386\FileSyncShell.dll,13,9776,SetValue,,,C:\Users\User\AppData\Local\Microsoft\OneDrive\OneDrive.exe,,,0x8000000000000000,Information,,,"Registry value set:

RuleName: T1122

EventType: SetValue

UtcTime: 2023-12-28 00:37:41.798

ProcessGuid: {fda94052-c354-658c-cf00-000000000c00}

ProcessId: 8712

Image: C:\Users\User\AppData\Local\Microsoft\OneDrive\OneDrive.exe

TargetObject: HKU\S-1-5-21-3832996301-1047793030-1114040027-1000_Classes\WOW6432Node\CLSID\{F241C880-6982-4CE5-8CF7-7085BA96DA5A}\InprocServer32\(Default)

Details: C:\Users\User\AppData\Local\Microsoft\OneDrive\23.246.1127.0002\i386\FileSyncShell.dll

User: WINDEV2309EVAL\User",,Info,,,,,,,{fda94052-c354-658c-cf00-000000000c00},3732,8712,,,,,,"
      ",T1122,,,,,,,,,,,,,,,2023-12-28T00:37:41.8133198Z,,,HKU\S-1-5-21-3832996301-1047793030-1114040027-1000_Classes\WOW6432Node\CLSID\{F241C880-6982-4CE5-8CF7-7085BA96DA5A}\InprocServer32\(Default),,,,Registry value set (rule: RegistryEvent),,4344,WINDEV2309EVAL\User,S-1-5-18,2023-12-28 00:37:41.798,2,"<Event xmlns=""http://schemas.microsoft.com/win/2004/08/events/event"">
    <System>
      <Provider Name=""Microsoft-Windows-Sysmon"" Guid=""{5770385f-c22a-43e0-bf4c-06f5698ffbd9}""/>
      <EventID>13</EventID>
      <Version>2</Version>
      <Level>4</Level>
      <Task>13</Task>
      <Opcode>0</Opcode>
      <Keywords>0x8000000000000000</Keywords>
      <TimeCreated SystemTime=""2023-12-28T00:37:41.8133198Z""/>
      <EventRecordID>9776</EventRecordID>
      <Correlation/>
      <Execution ProcessID=""3732"" ThreadID=""4344""/>
      <Channel>Microsoft-Windows-Sysmon/Operational</Channel>
      <Computer>WinDev2309Eval</Computer>
      <Security UserID=""S-1-5-18""/>
    </System>
    <EventData>
      <Data Name=""RuleName"">T1122</Data>
      <Data Name=""EventType"">SetValue</Data>
      <Data Name=""UtcTime"">2023-12-28 00:37:41.798</Data>
      <Data Name=""ProcessGuid"">{fda94052-c354-658c-cf00-000000000c00}</Data>
      <Data Name=""ProcessId"">8712</Data>
      <Data Name=""Image"">C:\Users\User\AppData\Local\Microsoft\OneDrive\OneDrive.exe</Data>
      <Data Name=""TargetObject"">HKU\S-1-5-21-3832996301-1047793030-1114040027-1000_Classes\WOW6432Node\CLSID\{F241C880-6982-4CE5-8CF7-7085BA96DA5A}\InprocServer32\(Default)</Data>
      <Data Name=""Details"">C:\Users\User\AppData\Local\Microsoft\OneDrive\23.246.1127.0002\i386\FileSyncShell.dll</Data>
      <Data Name=""User"">WINDEV2309EVAL\User</Data>
    </EventData>
    <RenderingInfo Culture=""en-US"">
      <Message>Registry value set:

RuleName: T1122

EventType: SetValue

UtcTime: 2023-12-28 00:37:41.798

ProcessGuid: {fda94052-c354-658c-cf00-000000000c00}

ProcessId: 8712

Image: C:\Users\User\AppData\Local\Microsoft\OneDrive\OneDrive.exe

TargetObject: HKU\S-1-5-21-3832996301-1047793030-1114040027-1000_Classes\WOW6432Node\CLSID\{F241C880-6982-4CE5-8CF7-7085BA96DA5A}\InprocServer32\(Default)

Details: C:\Users\User\AppData\Local\Microsoft\OneDrive\23.246.1127.0002\i386\FileSyncShell.dll

User: WINDEV2309EVAL\User</Message>
      <Level>Information</Level>
      <Task>Registry value set (rule: RegistryEvent)</Task>
      <Opcode>Info</Opcode>
    </RenderingInfo>
  </Event>
  
"
