Microsoft-Windows-Sysmon/Operational,"""C:\Program Files (x86)\Microsoft\EdgeWebView\Application\120.0.2210.91\msedgewebview2.exe"" --type=utility --utility-sub-type=network.mojom.NetworkService --lang=en-US --service-sandbox-type=none --noerrdialogs --user-data-dir=""C:\Users\User\AppData\Local\Microsoft\OneDrive\EBWebView"" --webview-exe-name=OneDrive.exe --webview-exe-version=23.246.1127.0002 --embedded-browser-webview=1 --embedded-browser-webview-dpi-awareness=1 --mojo-platform-channel-handle=2036 --field-trial-handle=1796,i,14134968885970845287,7508723881337082237,262144 --enable-features=MojoIpcz --disable-features=msEnhancedTrackingPreventionEnabled --variations-seed-version /prefetch:3 /pfhostedapp:b30934a6309ea7f8311c9c5ea2d20fb0cc786975",Microsoft Corporation,WinDev2309Eval,,C:\Program Files (x86)\Microsoft\EdgeWebView\Application\120.0.2210.91\,Microsoft Edge WebView2,,,,,,,1,9813,,120.0.2210.91,"MD5=8094151812FF45079C840986A0489C78,SHA256=6A4E8A5761C51840CE988C9241B514028A5E45FDB386B072DB0447E3961E3A06,IMPHASH=EA4CA1F8E3B3D9373D39C13FD1348A63",C:\Program Files (x86)\Microsoft\EdgeWebView\Application\120.0.2210.91\msedgewebview2.exe,,Medium,0x8000000000000000,Information,{fda94052-c313-658c-9aab-030000000000},0x3ab9a,"Process Create:

RuleName: -

UtcTime: 2023-12-28 00:37:43.812

ProcessGuid: {fda94052-c357-658c-d300-000000000c00}

ProcessId: 9128

Image: C:\Program Files (x86)\Microsoft\EdgeWebView\Application\120.0.2210.91\msedgewebview2.exe

FileVersion: 120.0.2210.91

Description: Microsoft Edge WebView2

Product: Microsoft Edge WebView2

Company: Microsoft Corporation

OriginalFileName: msedgewebview2.exe

CommandLine: ""C:\Program Files (x86)\Microsoft\EdgeWebView\Application\120.0.2210.91\msedgewebview2.exe"" --type=utility --utility-sub-type=network.mojom.NetworkService --lang=en-US --service-sandbox-type=none --noerrdialogs --user-data-dir=""C:\Users\User\AppData\Local\Microsoft\OneDrive\EBWebView"" --webview-exe-name=OneDrive.exe --webview-exe-version=23.246.1127.0002 --embedded-browser-webview=1 --embedded-browser-webview-dpi-awareness=1 --mojo-platform-channel-handle=2036 --field-trial-handle=1796,i,14134968885970845287,7508723881337082237,262144 --enable-features=MojoIpcz --disable-features=msEnhancedTrackingPreventionEnabled --variations-seed-version /prefetch:3 /pfhostedapp:b30934a6309ea7f8311c9c5ea2d20fb0cc786975

CurrentDirectory: C:\Program Files (x86)\Microsoft\EdgeWebView\Application\120.0.2210.91\

User: WINDEV2309EVAL\User

LogonGuid: {fda94052-c313-658c-9aab-030000000000}

LogonId: 0x3AB9A

TerminalSessionId: 1

IntegrityLevel: Medium

Hashes: MD5=8094151812FF45079C840986A0489C78,SHA256=6A4E8A5761C51840CE988C9241B514028A5E45FDB386B072DB0447E3961E3A06,IMPHASH=EA4CA1F8E3B3D9373D39C13FD1348A63

ParentProcessGuid: {fda94052-c357-658c-d000-000000000c00}

ParentProcessId: 8936

ParentImage: C:\Program Files (x86)\Microsoft\EdgeWebView\Application\120.0.2210.91\msedgewebview2.exe

ParentCommandLine: ""C:\Program Files (x86)\Microsoft\EdgeWebView\Application\120.0.2210.91\msedgewebview2.exe"" --embedded-browser-webview=1 --webview-exe-name=OneDrive.exe --webview-exe-version=23.246.1127.0002 --user-data-dir=""C:\Users\User\AppData\Local\Microsoft\OneDrive\EBWebView"" --noerrdialogs --embedded-browser-webview-dpi-awareness=1 --disable-features=msEnhancedTrackingPreventionEnabled --enable-features=MojoIpcz --mojo-named-platform-channel-pipe=8712.8928.14147300604867947205 /pfhostedapp:b30934a6309ea7f8311c9c5ea2d20fb0cc786975

ParentUser: WINDEV2309EVAL\User",,Info,msedgewebview2.exe,"""C:\Program Files (x86)\Microsoft\EdgeWebView\Application\120.0.2210.91\msedgewebview2.exe"" --embedded-browser-webview=1 --webview-exe-name=OneDrive.exe --webview-exe-version=23.246.1127.0002 --user-data-dir=""C:\Users\User\AppData\Local\Microsoft\OneDrive\EBWebView"" --noerrdialogs --embedded-browser-webview-dpi-awareness=1 --disable-features=msEnhancedTrackingPreventionEnabled --enable-features=MojoIpcz --mojo-named-platform-channel-pipe=8712.8928.14147300604867947205 /pfhostedapp:b30934a6309ea7f8311c9c5ea2d20fb0cc786975",C:\Program Files (x86)\Microsoft\EdgeWebView\Application\120.0.2210.91\msedgewebview2.exe,{fda94052-c357-658c-d000-000000000c00},8936,WINDEV2309EVAL\User,{fda94052-c357-658c-d300-000000000c00},3732,9128,Microsoft Edge WebView2,,,,,"
      ",-,,,,,,,,,,,,,,,2023-12-28T00:37:43.8247156Z,,,,,,,Process Create (rule: ProcessCreate),1,4344,WINDEV2309EVAL\User,S-1-5-18,2023-12-28 00:37:43.812,5,"<Event xmlns=""http://schemas.microsoft.com/win/2004/08/events/event"">
    <System>
      <Provider Name=""Microsoft-Windows-Sysmon"" Guid=""{5770385f-c22a-43e0-bf4c-06f5698ffbd9}""/>
      <EventID>1</EventID>
      <Version>5</Version>
      <Level>4</Level>
      <Task>1</Task>
      <Opcode>0</Opcode>
      <Keywords>0x8000000000000000</Keywords>
      <TimeCreated SystemTime=""2023-12-28T00:37:43.8247156Z""/>
      <EventRecordID>9813</EventRecordID>
      <Correlation/>
      <Execution ProcessID=""3732"" ThreadID=""4344""/>
      <Channel>Microsoft-Windows-Sysmon/Operational</Channel>
      <Computer>WinDev2309Eval</Computer>
      <Security UserID=""S-1-5-18""/>
    </System>
    <EventData>
      <Data Name=""RuleName"">-</Data>
      <Data Name=""UtcTime"">2023-12-28 00:37:43.812</Data>
      <Data Name=""ProcessGuid"">{fda94052-c357-658c-d300-000000000c00}</Data>
      <Data Name=""ProcessId"">9128</Data>
      <Data Name=""Image"">C:\Program Files (x86)\Microsoft\EdgeWebView\Application\120.0.2210.91\msedgewebview2.exe</Data>
      <Data Name=""FileVersion"">120.0.2210.91</Data>
      <Data Name=""Description"">Microsoft Edge WebView2</Data>
      <Data Name=""Product"">Microsoft Edge WebView2</Data>
      <Data Name=""Company"">Microsoft Corporation</Data>
      <Data Name=""OriginalFileName"">msedgewebview2.exe</Data>
      <Data Name=""CommandLine"">""C:\Program Files (x86)\Microsoft\EdgeWebView\Application\120.0.2210.91\msedgewebview2.exe"" --type=utility --utility-sub-type=network.mojom.NetworkService --lang=en-US --service-sandbox-type=none --noerrdialogs --user-data-dir=""C:\Users\User\AppData\Local\Microsoft\OneDrive\EBWebView"" --webview-exe-name=OneDrive.exe --webview-exe-version=23.246.1127.0002 --embedded-browser-webview=1 --embedded-browser-webview-dpi-awareness=1 --mojo-platform-channel-handle=2036 --field-trial-handle=1796,i,14134968885970845287,7508723881337082237,262144 --enable-features=MojoIpcz --disable-features=msEnhancedTrackingPreventionEnabled --variations-seed-version /prefetch:3 /pfhostedapp:b30934a6309ea7f8311c9c5ea2d20fb0cc786975</Data>
      <Data Name=""CurrentDirectory"">C:\Program Files (x86)\Microsoft\EdgeWebView\Application\120.0.2210.91\</Data>
      <Data Name=""User"">WINDEV2309EVAL\User</Data>
      <Data Name=""LogonGuid"">{fda94052-c313-658c-9aab-030000000000}</Data>
      <Data Name=""LogonId"">0x3ab9a</Data>
      <Data Name=""TerminalSessionId"">1</Data>
      <Data Name=""IntegrityLevel"">Medium</Data>
      <Data Name=""Hashes"">MD5=8094151812FF45079C840986A0489C78,SHA256=6A4E8A5761C51840CE988C9241B514028A5E45FDB386B072DB0447E3961E3A06,IMPHASH=EA4CA1F8E3B3D9373D39C13FD1348A63</Data>
      <Data Name=""ParentProcessGuid"">{fda94052-c357-658c-d000-000000000c00}</Data>
      <Data Name=""ParentProcessId"">8936</Data>
      <Data Name=""ParentImage"">C:\Program Files (x86)\Microsoft\EdgeWebView\Application\120.0.2210.91\msedgewebview2.exe</Data>
      <Data Name=""ParentCommandLine"">""C:\Program Files (x86)\Microsoft\EdgeWebView\Application\120.0.2210.91\msedgewebview2.exe"" --embedded-browser-webview=1 --webview-exe-name=OneDrive.exe --webview-exe-version=23.246.1127.0002 --user-data-dir=""C:\Users\User\AppData\Local\Microsoft\OneDrive\EBWebView"" --noerrdialogs --embedded-browser-webview-dpi-awareness=1 --disable-features=msEnhancedTrackingPreventionEnabled --enable-features=MojoIpcz --mojo-named-platform-channel-pipe=8712.8928.14147300604867947205 /pfhostedapp:b30934a6309ea7f8311c9c5ea2d20fb0cc786975</Data>
      <Data Name=""ParentUser"">WINDEV2309EVAL\User</Data>
    </EventData>
    <RenderingInfo Culture=""en-US"">
      <Message>Process Create:

RuleName: -

UtcTime: 2023-12-28 00:37:43.812

ProcessGuid: {fda94052-c357-658c-d300-000000000c00}

ProcessId: 9128

Image: C:\Program Files (x86)\Microsoft\EdgeWebView\Application\120.0.2210.91\msedgewebview2.exe

FileVersion: 120.0.2210.91

Description: Microsoft Edge WebView2

Product: Microsoft Edge WebView2

Company: Microsoft Corporation

OriginalFileName: msedgewebview2.exe

CommandLine: ""C:\Program Files (x86)\Microsoft\EdgeWebView\Application\120.0.2210.91\msedgewebview2.exe"" --type=utility --utility-sub-type=network.mojom.NetworkService --lang=en-US --service-sandbox-type=none --noerrdialogs --user-data-dir=""C:\Users\User\AppData\Local\Microsoft\OneDrive\EBWebView"" --webview-exe-name=OneDrive.exe --webview-exe-version=23.246.1127.0002 --embedded-browser-webview=1 --embedded-browser-webview-dpi-awareness=1 --mojo-platform-channel-handle=2036 --field-trial-handle=1796,i,14134968885970845287,7508723881337082237,262144 --enable-features=MojoIpcz --disable-features=msEnhancedTrackingPreventionEnabled --variations-seed-version /prefetch:3 /pfhostedapp:b30934a6309ea7f8311c9c5ea2d20fb0cc786975

CurrentDirectory: C:\Program Files (x86)\Microsoft\EdgeWebView\Application\120.0.2210.91\

User: WINDEV2309EVAL\User

LogonGuid: {fda94052-c313-658c-9aab-030000000000}

LogonId: 0x3AB9A

TerminalSessionId: 1

IntegrityLevel: Medium

Hashes: MD5=8094151812FF45079C840986A0489C78,SHA256=6A4E8A5761C51840CE988C9241B514028A5E45FDB386B072DB0447E3961E3A06,IMPHASH=EA4CA1F8E3B3D9373D39C13FD1348A63

ParentProcessGuid: {fda94052-c357-658c-d000-000000000c00}

ParentProcessId: 8936

ParentImage: C:\Program Files (x86)\Microsoft\EdgeWebView\Application\120.0.2210.91\msedgewebview2.exe

ParentCommandLine: ""C:\Program Files (x86)\Microsoft\EdgeWebView\Application\120.0.2210.91\msedgewebview2.exe"" --embedded-browser-webview=1 --webview-exe-name=OneDrive.exe --webview-exe-version=23.246.1127.0002 --user-data-dir=""C:\Users\User\AppData\Local\Microsoft\OneDrive\EBWebView"" --noerrdialogs --embedded-browser-webview-dpi-awareness=1 --disable-features=msEnhancedTrackingPreventionEnabled --enable-features=MojoIpcz --mojo-named-platform-channel-pipe=8712.8928.14147300604867947205 /pfhostedapp:b30934a6309ea7f8311c9c5ea2d20fb0cc786975

ParentUser: WINDEV2309EVAL\User</Message>
      <Level>Information</Level>
      <Task>Process Create (rule: ProcessCreate)</Task>
      <Opcode>Info</Opcode>
    </RenderingInfo>
  </Event>
  
"
Microsoft-Windows-Sysmon/Operational,"""C:\Program Files (x86)\Microsoft\EdgeWebView\Application\120.0.2210.91\msedgewebview2.exe"" --type=gpu-process --noerrdialogs --user-data-dir=""C:\Users\User\AppData\Local\Microsoft\OneDrive\EBWebView"" --webview-exe-name=OneDrive.exe --webview-exe-version=23.246.1127.0002 --embedded-browser-webview=1 --embedded-browser-webview-dpi-awareness=1 --gpu-preferences=WAAAAAAAAADgAAAMAAAAAAAAAAAAAAAAAABgAAAAAAA4AAAAAAAAAAAAAAAEAAAAAAAAAAAAAAAAAAAAAAAAAAAAAAAAAAAAGAAAAAAAAAAYAAAAAAAAAAgAAAAAAAAACAAAAAAAAAAIAAAAAAAAAA== --mojo-platform-channel-handle=1776 --field-trial-handle=1796,i,14134968885970845287,7508723881337082237,262144 --enable-features=MojoIpcz --disable-features=msEnhancedTrackingPreventionEnabled --variations-seed-version /prefetch:2 /pfhostedapp:b30934a6309ea7f8311c9c5ea2d20fb0cc786975",Microsoft Corporation,WinDev2309Eval,,C:\Program Files (x86)\Microsoft\EdgeWebView\Application\120.0.2210.91\,Microsoft Edge WebView2,,,,,,,1,9812,,120.0.2210.91,"MD5=8094151812FF45079C840986A0489C78,SHA256=6A4E8A5761C51840CE988C9241B514028A5E45FDB386B072DB0447E3961E3A06,IMPHASH=EA4CA1F8E3B3D9373D39C13FD1348A63",C:\Program Files (x86)\Microsoft\EdgeWebView\Application\120.0.2210.91\msedgewebview2.exe,,Low,0x8000000000000000,Information,{fda94052-c313-658c-9aab-030000000000},0x3ab9a,"Process Create:

RuleName: -

UtcTime: 2023-12-28 00:37:43.756

ProcessGuid: {fda94052-c357-658c-d200-000000000c00}

ProcessId: 9112

Image: C:\Program Files (x86)\Microsoft\EdgeWebView\Application\120.0.2210.91\msedgewebview2.exe

FileVersion: 120.0.2210.91

Description: Microsoft Edge WebView2

Product: Microsoft Edge WebView2

Company: Microsoft Corporation

OriginalFileName: msedgewebview2.exe

CommandLine: ""C:\Program Files (x86)\Microsoft\EdgeWebView\Application\120.0.2210.91\msedgewebview2.exe"" --type=gpu-process --noerrdialogs --user-data-dir=""C:\Users\User\AppData\Local\Microsoft\OneDrive\EBWebView"" --webview-exe-name=OneDrive.exe --webview-exe-version=23.246.1127.0002 --embedded-browser-webview=1 --embedded-browser-webview-dpi-awareness=1 --gpu-preferences=WAAAAAAAAADgAAAMAAAAAAAAAAAAAAAAAABgAAAAAAA4AAAAAAAAAAAAAAAEAAAAAAAAAAAAAAAAAAAAAAAAAAAAAAAAAAAAGAAAAAAAAAAYAAAAAAAAAAgAAAAAAAAACAAAAAAAAAAIAAAAAAAAAA== --mojo-platform-channel-handle=1776 --field-trial-handle=1796,i,14134968885970845287,7508723881337082237,262144 --enable-features=MojoIpcz --disable-features=msEnhancedTrackingPreventionEnabled --variations-seed-version /prefetch:2 /pfhostedapp:b30934a6309ea7f8311c9c5ea2d20fb0cc786975

CurrentDirectory: C:\Program Files (x86)\Microsoft\EdgeWebView\Application\120.0.2210.91\

User: WINDEV2309EVAL\User

LogonGuid: {fda94052-c313-658c-9aab-030000000000}

LogonId: 0x3AB9A

TerminalSessionId: 1

IntegrityLevel: Low

Hashes: MD5=8094151812FF45079C840986A0489C78,SHA256=6A4E8A5761C51840CE988C9241B514028A5E45FDB386B072DB0447E3961E3A06,IMPHASH=EA4CA1F8E3B3D9373D39C13FD1348A63

ParentProcessGuid: {fda94052-c357-658c-d000-000000000c00}

ParentProcessId: 8936

ParentImage: C:\Program Files (x86)\Microsoft\EdgeWebView\Application\120.0.2210.91\msedgewebview2.exe

ParentCommandLine: ""C:\Program Files (x86)\Microsoft\EdgeWebView\Application\120.0.2210.91\msedgewebview2.exe"" --embedded-browser-webview=1 --webview-exe-name=OneDrive.exe --webview-exe-version=23.246.1127.0002 --user-data-dir=""C:\Users\User\AppData\Local\Microsoft\OneDrive\EBWebView"" --noerrdialogs --embedded-browser-webview-dpi-awareness=1 --disable-features=msEnhancedTrackingPreventionEnabled --enable-features=MojoIpcz --mojo-named-platform-channel-pipe=8712.8928.14147300604867947205 /pfhostedapp:b30934a6309ea7f8311c9c5ea2d20fb0cc786975

ParentUser: WINDEV2309EVAL\User",,Info,msedgewebview2.exe,"""C:\Program Files (x86)\Microsoft\EdgeWebView\Application\120.0.2210.91\msedgewebview2.exe"" --embedded-browser-webview=1 --webview-exe-name=OneDrive.exe --webview-exe-version=23.246.1127.0002 --user-data-dir=""C:\Users\User\AppData\Local\Microsoft\OneDrive\EBWebView"" --noerrdialogs --embedded-browser-webview-dpi-awareness=1 --disable-features=msEnhancedTrackingPreventionEnabled --enable-features=MojoIpcz --mojo-named-platform-channel-pipe=8712.8928.14147300604867947205 /pfhostedapp:b30934a6309ea7f8311c9c5ea2d20fb0cc786975",C:\Program Files (x86)\Microsoft\EdgeWebView\Application\120.0.2210.91\msedgewebview2.exe,{fda94052-c357-658c-d000-000000000c00},8936,WINDEV2309EVAL\User,{fda94052-c357-658c-d200-000000000c00},3732,9112,Microsoft Edge WebView2,,,,,"
      ",-,,,,,,,,,,,,,,,2023-12-28T00:37:43.7596807Z,,,,,,,Process Create (rule: ProcessCreate),1,4344,WINDEV2309EVAL\User,S-1-5-18,2023-12-28 00:37:43.756,5,"<Event xmlns=""http://schemas.microsoft.com/win/2004/08/events/event"">
    <System>
      <Provider Name=""Microsoft-Windows-Sysmon"" Guid=""{5770385f-c22a-43e0-bf4c-06f5698ffbd9}""/>
      <EventID>1</EventID>
      <Version>5</Version>
      <Level>4</Level>
      <Task>1</Task>
      <Opcode>0</Opcode>
      <Keywords>0x8000000000000000</Keywords>
      <TimeCreated SystemTime=""2023-12-28T00:37:43.7596807Z""/>
      <EventRecordID>9812</EventRecordID>
      <Correlation/>
      <Execution ProcessID=""3732"" ThreadID=""4344""/>
      <Channel>Microsoft-Windows-Sysmon/Operational</Channel>
      <Computer>WinDev2309Eval</Computer>
      <Security UserID=""S-1-5-18""/>
    </System>
    <EventData>
      <Data Name=""RuleName"">-</Data>
      <Data Name=""UtcTime"">2023-12-28 00:37:43.756</Data>
      <Data Name=""ProcessGuid"">{fda94052-c357-658c-d200-000000000c00}</Data>
      <Data Name=""ProcessId"">9112</Data>
      <Data Name=""Image"">C:\Program Files (x86)\Microsoft\EdgeWebView\Application\120.0.2210.91\msedgewebview2.exe</Data>
      <Data Name=""FileVersion"">120.0.2210.91</Data>
      <Data Name=""Description"">Microsoft Edge WebView2</Data>
      <Data Name=""Product"">Microsoft Edge WebView2</Data>
      <Data Name=""Company"">Microsoft Corporation</Data>
      <Data Name=""OriginalFileName"">msedgewebview2.exe</Data>
      <Data Name=""CommandLine"">""C:\Program Files (x86)\Microsoft\EdgeWebView\Application\120.0.2210.91\msedgewebview2.exe"" --type=gpu-process --noerrdialogs --user-data-dir=""C:\Users\User\AppData\Local\Microsoft\OneDrive\EBWebView"" --webview-exe-name=OneDrive.exe --webview-exe-version=23.246.1127.0002 --embedded-browser-webview=1 --embedded-browser-webview-dpi-awareness=1 --gpu-preferences=WAAAAAAAAADgAAAMAAAAAAAAAAAAAAAAAABgAAAAAAA4AAAAAAAAAAAAAAAEAAAAAAAAAAAAAAAAAAAAAAAAAAAAAAAAAAAAGAAAAAAAAAAYAAAAAAAAAAgAAAAAAAAACAAAAAAAAAAIAAAAAAAAAA== --mojo-platform-channel-handle=1776 --field-trial-handle=1796,i,14134968885970845287,7508723881337082237,262144 --enable-features=MojoIpcz --disable-features=msEnhancedTrackingPreventionEnabled --variations-seed-version /prefetch:2 /pfhostedapp:b30934a6309ea7f8311c9c5ea2d20fb0cc786975</Data>
      <Data Name=""CurrentDirectory"">C:\Program Files (x86)\Microsoft\EdgeWebView\Application\120.0.2210.91\</Data>
      <Data Name=""User"">WINDEV2309EVAL\User</Data>
      <Data Name=""LogonGuid"">{fda94052-c313-658c-9aab-030000000000}</Data>
      <Data Name=""LogonId"">0x3ab9a</Data>
      <Data Name=""TerminalSessionId"">1</Data>
      <Data Name=""IntegrityLevel"">Low</Data>
      <Data Name=""Hashes"">MD5=8094151812FF45079C840986A0489C78,SHA256=6A4E8A5761C51840CE988C9241B514028A5E45FDB386B072DB0447E3961E3A06,IMPHASH=EA4CA1F8E3B3D9373D39C13FD1348A63</Data>
      <Data Name=""ParentProcessGuid"">{fda94052-c357-658c-d000-000000000c00}</Data>
      <Data Name=""ParentProcessId"">8936</Data>
      <Data Name=""ParentImage"">C:\Program Files (x86)\Microsoft\EdgeWebView\Application\120.0.2210.91\msedgewebview2.exe</Data>
      <Data Name=""ParentCommandLine"">""C:\Program Files (x86)\Microsoft\EdgeWebView\Application\120.0.2210.91\msedgewebview2.exe"" --embedded-browser-webview=1 --webview-exe-name=OneDrive.exe --webview-exe-version=23.246.1127.0002 --user-data-dir=""C:\Users\User\AppData\Local\Microsoft\OneDrive\EBWebView"" --noerrdialogs --embedded-browser-webview-dpi-awareness=1 --disable-features=msEnhancedTrackingPreventionEnabled --enable-features=MojoIpcz --mojo-named-platform-channel-pipe=8712.8928.14147300604867947205 /pfhostedapp:b30934a6309ea7f8311c9c5ea2d20fb0cc786975</Data>
      <Data Name=""ParentUser"">WINDEV2309EVAL\User</Data>
    </EventData>
    <RenderingInfo Culture=""en-US"">
      <Message>Process Create:

RuleName: -

UtcTime: 2023-12-28 00:37:43.756

ProcessGuid: {fda94052-c357-658c-d200-000000000c00}

ProcessId: 9112

Image: C:\Program Files (x86)\Microsoft\EdgeWebView\Application\120.0.2210.91\msedgewebview2.exe

FileVersion: 120.0.2210.91

Description: Microsoft Edge WebView2

Product: Microsoft Edge WebView2

Company: Microsoft Corporation

OriginalFileName: msedgewebview2.exe

CommandLine: ""C:\Program Files (x86)\Microsoft\EdgeWebView\Application\120.0.2210.91\msedgewebview2.exe"" --type=gpu-process --noerrdialogs --user-data-dir=""C:\Users\User\AppData\Local\Microsoft\OneDrive\EBWebView"" --webview-exe-name=OneDrive.exe --webview-exe-version=23.246.1127.0002 --embedded-browser-webview=1 --embedded-browser-webview-dpi-awareness=1 --gpu-preferences=WAAAAAAAAADgAAAMAAAAAAAAAAAAAAAAAABgAAAAAAA4AAAAAAAAAAAAAAAEAAAAAAAAAAAAAAAAAAAAAAAAAAAAAAAAAAAAGAAAAAAAAAAYAAAAAAAAAAgAAAAAAAAACAAAAAAAAAAIAAAAAAAAAA== --mojo-platform-channel-handle=1776 --field-trial-handle=1796,i,14134968885970845287,7508723881337082237,262144 --enable-features=MojoIpcz --disable-features=msEnhancedTrackingPreventionEnabled --variations-seed-version /prefetch:2 /pfhostedapp:b30934a6309ea7f8311c9c5ea2d20fb0cc786975

CurrentDirectory: C:\Program Files (x86)\Microsoft\EdgeWebView\Application\120.0.2210.91\

User: WINDEV2309EVAL\User

LogonGuid: {fda94052-c313-658c-9aab-030000000000}

LogonId: 0x3AB9A

TerminalSessionId: 1

IntegrityLevel: Low

Hashes: MD5=8094151812FF45079C840986A0489C78,SHA256=6A4E8A5761C51840CE988C9241B514028A5E45FDB386B072DB0447E3961E3A06,IMPHASH=EA4CA1F8E3B3D9373D39C13FD1348A63

ParentProcessGuid: {fda94052-c357-658c-d000-000000000c00}

ParentProcessId: 8936

ParentImage: C:\Program Files (x86)\Microsoft\EdgeWebView\Application\120.0.2210.91\msedgewebview2.exe

ParentCommandLine: ""C:\Program Files (x86)\Microsoft\EdgeWebView\Application\120.0.2210.91\msedgewebview2.exe"" --embedded-browser-webview=1 --webview-exe-name=OneDrive.exe --webview-exe-version=23.246.1127.0002 --user-data-dir=""C:\Users\User\AppData\Local\Microsoft\OneDrive\EBWebView"" --noerrdialogs --embedded-browser-webview-dpi-awareness=1 --disable-features=msEnhancedTrackingPreventionEnabled --enable-features=MojoIpcz --mojo-named-platform-channel-pipe=8712.8928.14147300604867947205 /pfhostedapp:b30934a6309ea7f8311c9c5ea2d20fb0cc786975

ParentUser: WINDEV2309EVAL\User</Message>
      <Level>Information</Level>
      <Task>Process Create (rule: ProcessCreate)</Task>
      <Opcode>Info</Opcode>
    </RenderingInfo>
  </Event>
  
"
Microsoft-Windows-Sysmon/Operational,,,WinDev2309Eval,,,,-,68.219.88.225,false,443,https,,3,9811,,,,C:\Users\User\AppData\Local\Microsoft\OneDrive\OneDrive.exe,true,,0x8000000000000000,Information,,,"Network connection detected:

RuleName: Usermode

UtcTime: 2023-12-28 00:37:42.540

ProcessGuid: {fda94052-c354-658c-cf00-000000000c00}

ProcessId: 8712

Image: C:\Users\User\AppData\Local\Microsoft\OneDrive\OneDrive.exe

User: WINDEV2309EVAL\User

Protocol: tcp

Initiated: true

SourceIsIpv6: false

SourceIp: 192.168.126.164

SourceHostname: WinDev2309Eval.localdomain

SourcePort: 49692

SourcePortName: -

DestinationIsIpv6: false

DestinationIp: 68.219.88.225

DestinationHostname: -

DestinationPort: 443

DestinationPortName: https",,Info,,,,,,,{fda94052-c354-658c-cf00-000000000c00},3732,8712,,tcp,,,,"
      ",Usermode,,WinDev2309Eval.localdomain,,192.168.126.164,false,49692,-,,,,,,,,2023-12-28T00:37:43.6573094Z,,,,,,,Network connection detected (rule: NetworkConnect),,4360,WINDEV2309EVAL\User,S-1-5-18,2023-12-28 00:37:42.540,5,"<Event xmlns=""http://schemas.microsoft.com/win/2004/08/events/event"">
    <System>
      <Provider Name=""Microsoft-Windows-Sysmon"" Guid=""{5770385f-c22a-43e0-bf4c-06f5698ffbd9}""/>
      <EventID>3</EventID>
      <Version>5</Version>
      <Level>4</Level>
      <Task>3</Task>
      <Opcode>0</Opcode>
      <Keywords>0x8000000000000000</Keywords>
      <TimeCreated SystemTime=""2023-12-28T00:37:43.6573094Z""/>
      <EventRecordID>9811</EventRecordID>
      <Correlation/>
      <Execution ProcessID=""3732"" ThreadID=""4360""/>
      <Channel>Microsoft-Windows-Sysmon/Operational</Channel>
      <Computer>WinDev2309Eval</Computer>
      <Security UserID=""S-1-5-18""/>
    </System>
    <EventData>
      <Data Name=""RuleName"">Usermode</Data>
      <Data Name=""UtcTime"">2023-12-28 00:37:42.540</Data>
      <Data Name=""ProcessGuid"">{fda94052-c354-658c-cf00-000000000c00}</Data>
      <Data Name=""ProcessId"">8712</Data>
      <Data Name=""Image"">C:\Users\User\AppData\Local\Microsoft\OneDrive\OneDrive.exe</Data>
      <Data Name=""User"">WINDEV2309EVAL\User</Data>
      <Data Name=""Protocol"">tcp</Data>
      <Data Name=""Initiated"">true</Data>
      <Data Name=""SourceIsIpv6"">false</Data>
      <Data Name=""SourceIp"">192.168.126.164</Data>
      <Data Name=""SourceHostname"">WinDev2309Eval.localdomain</Data>
      <Data Name=""SourcePort"">49692</Data>
      <Data Name=""SourcePortName"">-</Data>
      <Data Name=""DestinationIsIpv6"">false</Data>
      <Data Name=""DestinationIp"">68.219.88.225</Data>
      <Data Name=""DestinationHostname"">-</Data>
      <Data Name=""DestinationPort"">443</Data>
      <Data Name=""DestinationPortName"">https</Data>
    </EventData>
    <RenderingInfo Culture=""en-US"">
      <Message>Network connection detected:

RuleName: Usermode

UtcTime: 2023-12-28 00:37:42.540

ProcessGuid: {fda94052-c354-658c-cf00-000000000c00}

ProcessId: 8712

Image: C:\Users\User\AppData\Local\Microsoft\OneDrive\OneDrive.exe

User: WINDEV2309EVAL\User

Protocol: tcp

Initiated: true

SourceIsIpv6: false

SourceIp: 192.168.126.164

SourceHostname: WinDev2309Eval.localdomain

SourcePort: 49692

SourcePortName: -

DestinationIsIpv6: false

DestinationIp: 68.219.88.225

DestinationHostname: -

DestinationPort: 443

DestinationPortName: https</Message>
      <Level>Information</Level>
      <Task>Network connection detected (rule: NetworkConnect)</Task>
      <Opcode>Info</Opcode>
    </RenderingInfo>
  </Event>
  
"
Microsoft-Windows-Sysmon/Operational,"""C:\Program Files (x86)\Microsoft\EdgeWebView\Application\120.0.2210.91\msedgewebview2.exe"" --type=crashpad-handler --user-data-dir=C:\Users\User\AppData\Local\Microsoft\OneDrive\EBWebView /prefetch:4 /pfhostedapp:b30934a6309ea7f8311c9c5ea2d20fb0cc786975 --monitor-self-annotation=ptype=crashpad-handler --database=C:\Users\User\AppData\Local\Microsoft\OneDrive\EBWebView\Crashpad --annotation=IsOfficialBuild=1 --annotation=channel= --annotation=chromium-version=120.0.6099.130 ""--annotation=exe=C:\Program Files (x86)\Microsoft\EdgeWebView\Application\120.0.2210.91\msedgewebview2.exe"" --annotation=plat=Win64 ""--annotation=prod=Edge WebView2"" --annotation=ver=120.0.2210.91 --initial-client-data=0x180,0x184,0x188,0x94,0x190,0x7fff81702b38,0x7fff81702b44,0x7fff81702b50",Microsoft Corporation,WinDev2309Eval,,C:\Program Files (x86)\Microsoft\EdgeWebView\Application\120.0.2210.91\,Microsoft Edge WebView2,,,,,,,1,9810,,120.0.2210.91,"MD5=8094151812FF45079C840986A0489C78,SHA256=6A4E8A5761C51840CE988C9241B514028A5E45FDB386B072DB0447E3961E3A06,IMPHASH=EA4CA1F8E3B3D9373D39C13FD1348A63",C:\Program Files (x86)\Microsoft\EdgeWebView\Application\120.0.2210.91\msedgewebview2.exe,,Medium,0x8000000000000000,Information,{fda94052-c313-658c-9aab-030000000000},0x3ab9a,"Process Create:

RuleName: -

UtcTime: 2023-12-28 00:37:43.604

ProcessGuid: {fda94052-c357-658c-d100-000000000c00}

ProcessId: 8960

Image: C:\Program Files (x86)\Microsoft\EdgeWebView\Application\120.0.2210.91\msedgewebview2.exe

FileVersion: 120.0.2210.91

Description: Microsoft Edge WebView2

Product: Microsoft Edge WebView2

Company: Microsoft Corporation

OriginalFileName: msedgewebview2.exe

CommandLine: ""C:\Program Files (x86)\Microsoft\EdgeWebView\Application\120.0.2210.91\msedgewebview2.exe"" --type=crashpad-handler --user-data-dir=C:\Users\User\AppData\Local\Microsoft\OneDrive\EBWebView /prefetch:4 /pfhostedapp:b30934a6309ea7f8311c9c5ea2d20fb0cc786975 --monitor-self-annotation=ptype=crashpad-handler --database=C:\Users\User\AppData\Local\Microsoft\OneDrive\EBWebView\Crashpad --annotation=IsOfficialBuild=1 --annotation=channel= --annotation=chromium-version=120.0.6099.130 ""--annotation=exe=C:\Program Files (x86)\Microsoft\EdgeWebView\Application\120.0.2210.91\msedgewebview2.exe"" --annotation=plat=Win64 ""--annotation=prod=Edge WebView2"" --annotation=ver=120.0.2210.91 --initial-client-data=0x180,0x184,0x188,0x94,0x190,0x7fff81702b38,0x7fff81702b44,0x7fff81702b50

CurrentDirectory: C:\Program Files (x86)\Microsoft\EdgeWebView\Application\120.0.2210.91\

User: WINDEV2309EVAL\User

LogonGuid: {fda94052-c313-658c-9aab-030000000000}

LogonId: 0x3AB9A

TerminalSessionId: 1

IntegrityLevel: Medium

Hashes: MD5=8094151812FF45079C840986A0489C78,SHA256=6A4E8A5761C51840CE988C9241B514028A5E45FDB386B072DB0447E3961E3A06,IMPHASH=EA4CA1F8E3B3D9373D39C13FD1348A63

ParentProcessGuid: {fda94052-c357-658c-d000-000000000c00}

ParentProcessId: 8936

ParentImage: C:\Program Files (x86)\Microsoft\EdgeWebView\Application\120.0.2210.91\msedgewebview2.exe

ParentCommandLine: ""C:\Program Files (x86)\Microsoft\EdgeWebView\Application\120.0.2210.91\msedgewebview2.exe"" --embedded-browser-webview=1 --webview-exe-name=OneDrive.exe --webview-exe-version=23.246.1127.0002 --user-data-dir=""C:\Users\User\AppData\Local\Microsoft\OneDrive\EBWebView"" --noerrdialogs --embedded-browser-webview-dpi-awareness=1 --disable-features=msEnhancedTrackingPreventionEnabled --enable-features=MojoIpcz --mojo-named-platform-channel-pipe=8712.8928.14147300604867947205 /pfhostedapp:b30934a6309ea7f8311c9c5ea2d20fb0cc786975

ParentUser: WINDEV2309EVAL\User",,Info,msedgewebview2.exe,"""C:\Program Files (x86)\Microsoft\EdgeWebView\Application\120.0.2210.91\msedgewebview2.exe"" --embedded-browser-webview=1 --webview-exe-name=OneDrive.exe --webview-exe-version=23.246.1127.0002 --user-data-dir=""C:\Users\User\AppData\Local\Microsoft\OneDrive\EBWebView"" --noerrdialogs --embedded-browser-webview-dpi-awareness=1 --disable-features=msEnhancedTrackingPreventionEnabled --enable-features=MojoIpcz --mojo-named-platform-channel-pipe=8712.8928.14147300604867947205 /pfhostedapp:b30934a6309ea7f8311c9c5ea2d20fb0cc786975",C:\Program Files (x86)\Microsoft\EdgeWebView\Application\120.0.2210.91\msedgewebview2.exe,{fda94052-c357-658c-d000-000000000c00},8936,WINDEV2309EVAL\User,{fda94052-c357-658c-d100-000000000c00},3732,8960,Microsoft Edge WebView2,,,,,"
      ",-,,,,,,,,,,,,,,,2023-12-28T00:37:43.6084918Z,,,,,,,Process Create (rule: ProcessCreate),1,4344,WINDEV2309EVAL\User,S-1-5-18,2023-12-28 00:37:43.604,5,"<Event xmlns=""http://schemas.microsoft.com/win/2004/08/events/event"">
    <System>
      <Provider Name=""Microsoft-Windows-Sysmon"" Guid=""{5770385f-c22a-43e0-bf4c-06f5698ffbd9}""/>
      <EventID>1</EventID>
      <Version>5</Version>
      <Level>4</Level>
      <Task>1</Task>
      <Opcode>0</Opcode>
      <Keywords>0x8000000000000000</Keywords>
      <TimeCreated SystemTime=""2023-12-28T00:37:43.6084918Z""/>
      <EventRecordID>9810</EventRecordID>
      <Correlation/>
      <Execution ProcessID=""3732"" ThreadID=""4344""/>
      <Channel>Microsoft-Windows-Sysmon/Operational</Channel>
      <Computer>WinDev2309Eval</Computer>
      <Security UserID=""S-1-5-18""/>
    </System>
    <EventData>
      <Data Name=""RuleName"">-</Data>
      <Data Name=""UtcTime"">2023-12-28 00:37:43.604</Data>
      <Data Name=""ProcessGuid"">{fda94052-c357-658c-d100-000000000c00}</Data>
      <Data Name=""ProcessId"">8960</Data>
      <Data Name=""Image"">C:\Program Files (x86)\Microsoft\EdgeWebView\Application\120.0.2210.91\msedgewebview2.exe</Data>
      <Data Name=""FileVersion"">120.0.2210.91</Data>
      <Data Name=""Description"">Microsoft Edge WebView2</Data>
      <Data Name=""Product"">Microsoft Edge WebView2</Data>
      <Data Name=""Company"">Microsoft Corporation</Data>
      <Data Name=""OriginalFileName"">msedgewebview2.exe</Data>
      <Data Name=""CommandLine"">""C:\Program Files (x86)\Microsoft\EdgeWebView\Application\120.0.2210.91\msedgewebview2.exe"" --type=crashpad-handler --user-data-dir=C:\Users\User\AppData\Local\Microsoft\OneDrive\EBWebView /prefetch:4 /pfhostedapp:b30934a6309ea7f8311c9c5ea2d20fb0cc786975 --monitor-self-annotation=ptype=crashpad-handler --database=C:\Users\User\AppData\Local\Microsoft\OneDrive\EBWebView\Crashpad --annotation=IsOfficialBuild=1 --annotation=channel= --annotation=chromium-version=120.0.6099.130 ""--annotation=exe=C:\Program Files (x86)\Microsoft\EdgeWebView\Application\120.0.2210.91\msedgewebview2.exe"" --annotation=plat=Win64 ""--annotation=prod=Edge WebView2"" --annotation=ver=120.0.2210.91 --initial-client-data=0x180,0x184,0x188,0x94,0x190,0x7fff81702b38,0x7fff81702b44,0x7fff81702b50</Data>
      <Data Name=""CurrentDirectory"">C:\Program Files (x86)\Microsoft\EdgeWebView\Application\120.0.2210.91\</Data>
      <Data Name=""User"">WINDEV2309EVAL\User</Data>
      <Data Name=""LogonGuid"">{fda94052-c313-658c-9aab-030000000000}</Data>
      <Data Name=""LogonId"">0x3ab9a</Data>
      <Data Name=""TerminalSessionId"">1</Data>
      <Data Name=""IntegrityLevel"">Medium</Data>
      <Data Name=""Hashes"">MD5=8094151812FF45079C840986A0489C78,SHA256=6A4E8A5761C51840CE988C9241B514028A5E45FDB386B072DB0447E3961E3A06,IMPHASH=EA4CA1F8E3B3D9373D39C13FD1348A63</Data>
      <Data Name=""ParentProcessGuid"">{fda94052-c357-658c-d000-000000000c00}</Data>
      <Data Name=""ParentProcessId"">8936</Data>
      <Data Name=""ParentImage"">C:\Program Files (x86)\Microsoft\EdgeWebView\Application\120.0.2210.91\msedgewebview2.exe</Data>
      <Data Name=""ParentCommandLine"">""C:\Program Files (x86)\Microsoft\EdgeWebView\Application\120.0.2210.91\msedgewebview2.exe"" --embedded-browser-webview=1 --webview-exe-name=OneDrive.exe --webview-exe-version=23.246.1127.0002 --user-data-dir=""C:\Users\User\AppData\Local\Microsoft\OneDrive\EBWebView"" --noerrdialogs --embedded-browser-webview-dpi-awareness=1 --disable-features=msEnhancedTrackingPreventionEnabled --enable-features=MojoIpcz --mojo-named-platform-channel-pipe=8712.8928.14147300604867947205 /pfhostedapp:b30934a6309ea7f8311c9c5ea2d20fb0cc786975</Data>
      <Data Name=""ParentUser"">WINDEV2309EVAL\User</Data>
    </EventData>
    <RenderingInfo Culture=""en-US"">
      <Message>Process Create:

RuleName: -

UtcTime: 2023-12-28 00:37:43.604

ProcessGuid: {fda94052-c357-658c-d100-000000000c00}

ProcessId: 8960

Image: C:\Program Files (x86)\Microsoft\EdgeWebView\Application\120.0.2210.91\msedgewebview2.exe

FileVersion: 120.0.2210.91

Description: Microsoft Edge WebView2

Product: Microsoft Edge WebView2

Company: Microsoft Corporation

OriginalFileName: msedgewebview2.exe

CommandLine: ""C:\Program Files (x86)\Microsoft\EdgeWebView\Application\120.0.2210.91\msedgewebview2.exe"" --type=crashpad-handler --user-data-dir=C:\Users\User\AppData\Local\Microsoft\OneDrive\EBWebView /prefetch:4 /pfhostedapp:b30934a6309ea7f8311c9c5ea2d20fb0cc786975 --monitor-self-annotation=ptype=crashpad-handler --database=C:\Users\User\AppData\Local\Microsoft\OneDrive\EBWebView\Crashpad --annotation=IsOfficialBuild=1 --annotation=channel= --annotation=chromium-version=120.0.6099.130 ""--annotation=exe=C:\Program Files (x86)\Microsoft\EdgeWebView\Application\120.0.2210.91\msedgewebview2.exe"" --annotation=plat=Win64 ""--annotation=prod=Edge WebView2"" --annotation=ver=120.0.2210.91 --initial-client-data=0x180,0x184,0x188,0x94,0x190,0x7fff81702b38,0x7fff81702b44,0x7fff81702b50

CurrentDirectory: C:\Program Files (x86)\Microsoft\EdgeWebView\Application\120.0.2210.91\

User: WINDEV2309EVAL\User

LogonGuid: {fda94052-c313-658c-9aab-030000000000}

LogonId: 0x3AB9A

TerminalSessionId: 1

IntegrityLevel: Medium

Hashes: MD5=8094151812FF45079C840986A0489C78,SHA256=6A4E8A5761C51840CE988C9241B514028A5E45FDB386B072DB0447E3961E3A06,IMPHASH=EA4CA1F8E3B3D9373D39C13FD1348A63

ParentProcessGuid: {fda94052-c357-658c-d000-000000000c00}

ParentProcessId: 8936

ParentImage: C:\Program Files (x86)\Microsoft\EdgeWebView\Application\120.0.2210.91\msedgewebview2.exe

ParentCommandLine: ""C:\Program Files (x86)\Microsoft\EdgeWebView\Application\120.0.2210.91\msedgewebview2.exe"" --embedded-browser-webview=1 --webview-exe-name=OneDrive.exe --webview-exe-version=23.246.1127.0002 --user-data-dir=""C:\Users\User\AppData\Local\Microsoft\OneDrive\EBWebView"" --noerrdialogs --embedded-browser-webview-dpi-awareness=1 --disable-features=msEnhancedTrackingPreventionEnabled --enable-features=MojoIpcz --mojo-named-platform-channel-pipe=8712.8928.14147300604867947205 /pfhostedapp:b30934a6309ea7f8311c9c5ea2d20fb0cc786975

ParentUser: WINDEV2309EVAL\User</Message>
      <Level>Information</Level>
      <Task>Process Create (rule: ProcessCreate)</Task>
      <Opcode>Info</Opcode>
    </RenderingInfo>
  </Event>
  
"
Microsoft-Windows-Sysmon/Operational,"""C:\Program Files (x86)\Microsoft\EdgeWebView\Application\120.0.2210.91\msedgewebview2.exe"" --embedded-browser-webview=1 --webview-exe-name=OneDrive.exe --webview-exe-version=23.246.1127.0002 --user-data-dir=""C:\Users\User\AppData\Local\Microsoft\OneDrive\EBWebView"" --noerrdialogs --embedded-browser-webview-dpi-awareness=1 --disable-features=msEnhancedTrackingPreventionEnabled --enable-features=MojoIpcz --mojo-named-platform-channel-pipe=8712.8928.14147300604867947205 /pfhostedapp:b30934a6309ea7f8311c9c5ea2d20fb0cc786975",Microsoft Corporation,WinDev2309Eval,,C:\Windows\system32\,Microsoft Edge WebView2,,,,,,,1,9809,,120.0.2210.91,"MD5=8094151812FF45079C840986A0489C78,SHA256=6A4E8A5761C51840CE988C9241B514028A5E45FDB386B072DB0447E3961E3A06,IMPHASH=EA4CA1F8E3B3D9373D39C13FD1348A63",C:\Program Files (x86)\Microsoft\EdgeWebView\Application\120.0.2210.91\msedgewebview2.exe,,Medium,0x8000000000000000,Information,{fda94052-c313-658c-9aab-030000000000},0x3ab9a,"Process Create:

RuleName: -

UtcTime: 2023-12-28 00:37:43.516

ProcessGuid: {fda94052-c357-658c-d000-000000000c00}

ProcessId: 8936

Image: C:\Program Files (x86)\Microsoft\EdgeWebView\Application\120.0.2210.91\msedgewebview2.exe

FileVersion: 120.0.2210.91

Description: Microsoft Edge WebView2

Product: Microsoft Edge WebView2

Company: Microsoft Corporation

OriginalFileName: msedgewebview2.exe

CommandLine: ""C:\Program Files (x86)\Microsoft\EdgeWebView\Application\120.0.2210.91\msedgewebview2.exe"" --embedded-browser-webview=1 --webview-exe-name=OneDrive.exe --webview-exe-version=23.246.1127.0002 --user-data-dir=""C:\Users\User\AppData\Local\Microsoft\OneDrive\EBWebView"" --noerrdialogs --embedded-browser-webview-dpi-awareness=1 --disable-features=msEnhancedTrackingPreventionEnabled --enable-features=MojoIpcz --mojo-named-platform-channel-pipe=8712.8928.14147300604867947205 /pfhostedapp:b30934a6309ea7f8311c9c5ea2d20fb0cc786975

CurrentDirectory: C:\Windows\system32\

User: WINDEV2309EVAL\User

LogonGuid: {fda94052-c313-658c-9aab-030000000000}

LogonId: 0x3AB9A

TerminalSessionId: 1

IntegrityLevel: Medium

Hashes: MD5=8094151812FF45079C840986A0489C78,SHA256=6A4E8A5761C51840CE988C9241B514028A5E45FDB386B072DB0447E3961E3A06,IMPHASH=EA4CA1F8E3B3D9373D39C13FD1348A63

ParentProcessGuid: {fda94052-c354-658c-cf00-000000000c00}

ParentProcessId: 8712

ParentImage: C:\Users\User\AppData\Local\Microsoft\OneDrive\OneDrive.exe

ParentCommandLine: ""C:\Users\User\AppData\Local\Microsoft\OneDrive\OneDrive.exe"" /background

ParentUser: WINDEV2309EVAL\User",,Info,msedgewebview2.exe,"""C:\Users\User\AppData\Local\Microsoft\OneDrive\OneDrive.exe"" /background",C:\Users\User\AppData\Local\Microsoft\OneDrive\OneDrive.exe,{fda94052-c354-658c-cf00-000000000c00},8712,WINDEV2309EVAL\User,{fda94052-c357-658c-d000-000000000c00},3732,8936,Microsoft Edge WebView2,,,,,"
      ",-,,,,,,,,,,,,,,,2023-12-28T00:37:43.5615268Z,,,,,,,Process Create (rule: ProcessCreate),1,4344,WINDEV2309EVAL\User,S-1-5-18,2023-12-28 00:37:43.516,5,"<Event xmlns=""http://schemas.microsoft.com/win/2004/08/events/event"">
    <System>
      <Provider Name=""Microsoft-Windows-Sysmon"" Guid=""{5770385f-c22a-43e0-bf4c-06f5698ffbd9}""/>
      <EventID>1</EventID>
      <Version>5</Version>
      <Level>4</Level>
      <Task>1</Task>
      <Opcode>0</Opcode>
      <Keywords>0x8000000000000000</Keywords>
      <TimeCreated SystemTime=""2023-12-28T00:37:43.5615268Z""/>
      <EventRecordID>9809</EventRecordID>
      <Correlation/>
      <Execution ProcessID=""3732"" ThreadID=""4344""/>
      <Channel>Microsoft-Windows-Sysmon/Operational</Channel>
      <Computer>WinDev2309Eval</Computer>
      <Security UserID=""S-1-5-18""/>
    </System>
    <EventData>
      <Data Name=""RuleName"">-</Data>
      <Data Name=""UtcTime"">2023-12-28 00:37:43.516</Data>
      <Data Name=""ProcessGuid"">{fda94052-c357-658c-d000-000000000c00}</Data>
      <Data Name=""ProcessId"">8936</Data>
      <Data Name=""Image"">C:\Program Files (x86)\Microsoft\EdgeWebView\Application\120.0.2210.91\msedgewebview2.exe</Data>
      <Data Name=""FileVersion"">120.0.2210.91</Data>
      <Data Name=""Description"">Microsoft Edge WebView2</Data>
      <Data Name=""Product"">Microsoft Edge WebView2</Data>
      <Data Name=""Company"">Microsoft Corporation</Data>
      <Data Name=""OriginalFileName"">msedgewebview2.exe</Data>
      <Data Name=""CommandLine"">""C:\Program Files (x86)\Microsoft\EdgeWebView\Application\120.0.2210.91\msedgewebview2.exe"" --embedded-browser-webview=1 --webview-exe-name=OneDrive.exe --webview-exe-version=23.246.1127.0002 --user-data-dir=""C:\Users\User\AppData\Local\Microsoft\OneDrive\EBWebView"" --noerrdialogs --embedded-browser-webview-dpi-awareness=1 --disable-features=msEnhancedTrackingPreventionEnabled --enable-features=MojoIpcz --mojo-named-platform-channel-pipe=8712.8928.14147300604867947205 /pfhostedapp:b30934a6309ea7f8311c9c5ea2d20fb0cc786975</Data>
      <Data Name=""CurrentDirectory"">C:\Windows\system32\</Data>
      <Data Name=""User"">WINDEV2309EVAL\User</Data>
      <Data Name=""LogonGuid"">{fda94052-c313-658c-9aab-030000000000}</Data>
      <Data Name=""LogonId"">0x3ab9a</Data>
      <Data Name=""TerminalSessionId"">1</Data>
      <Data Name=""IntegrityLevel"">Medium</Data>
      <Data Name=""Hashes"">MD5=8094151812FF45079C840986A0489C78,SHA256=6A4E8A5761C51840CE988C9241B514028A5E45FDB386B072DB0447E3961E3A06,IMPHASH=EA4CA1F8E3B3D9373D39C13FD1348A63</Data>
      <Data Name=""ParentProcessGuid"">{fda94052-c354-658c-cf00-000000000c00}</Data>
      <Data Name=""ParentProcessId"">8712</Data>
      <Data Name=""ParentImage"">C:\Users\User\AppData\Local\Microsoft\OneDrive\OneDrive.exe</Data>
      <Data Name=""ParentCommandLine"">""C:\Users\User\AppData\Local\Microsoft\OneDrive\OneDrive.exe"" /background</Data>
      <Data Name=""ParentUser"">WINDEV2309EVAL\User</Data>
    </EventData>
    <RenderingInfo Culture=""en-US"">
      <Message>Process Create:

RuleName: -

UtcTime: 2023-12-28 00:37:43.516

ProcessGuid: {fda94052-c357-658c-d000-000000000c00}

ProcessId: 8936

Image: C:\Program Files (x86)\Microsoft\EdgeWebView\Application\120.0.2210.91\msedgewebview2.exe

FileVersion: 120.0.2210.91

Description: Microsoft Edge WebView2

Product: Microsoft Edge WebView2

Company: Microsoft Corporation

OriginalFileName: msedgewebview2.exe

CommandLine: ""C:\Program Files (x86)\Microsoft\EdgeWebView\Application\120.0.2210.91\msedgewebview2.exe"" --embedded-browser-webview=1 --webview-exe-name=OneDrive.exe --webview-exe-version=23.246.1127.0002 --user-data-dir=""C:\Users\User\AppData\Local\Microsoft\OneDrive\EBWebView"" --noerrdialogs --embedded-browser-webview-dpi-awareness=1 --disable-features=msEnhancedTrackingPreventionEnabled --enable-features=MojoIpcz --mojo-named-platform-channel-pipe=8712.8928.14147300604867947205 /pfhostedapp:b30934a6309ea7f8311c9c5ea2d20fb0cc786975

CurrentDirectory: C:\Windows\system32\

User: WINDEV2309EVAL\User

LogonGuid: {fda94052-c313-658c-9aab-030000000000}

LogonId: 0x3AB9A

TerminalSessionId: 1

IntegrityLevel: Medium

Hashes: MD5=8094151812FF45079C840986A0489C78,SHA256=6A4E8A5761C51840CE988C9241B514028A5E45FDB386B072DB0447E3961E3A06,IMPHASH=EA4CA1F8E3B3D9373D39C13FD1348A63

ParentProcessGuid: {fda94052-c354-658c-cf00-000000000c00}

ParentProcessId: 8712

ParentImage: C:\Users\User\AppData\Local\Microsoft\OneDrive\OneDrive.exe

ParentCommandLine: ""C:\Users\User\AppData\Local\Microsoft\OneDrive\OneDrive.exe"" /background

ParentUser: WINDEV2309EVAL\User</Message>
      <Level>Information</Level>
      <Task>Process Create (rule: ProcessCreate)</Task>
      <Opcode>Info</Opcode>
    </RenderingInfo>
  </Event>
  
"
Microsoft-Windows-Sysmon/Operational,,,WinDev2309Eval,,,,,,,,,"""C:\Users\User\AppData\Local\Microsoft\OneDrive\OneDrive.exe"" /url:""%%1""",13,9808,SetValue,,,C:\Users\User\AppData\Local\Microsoft\OneDrive\OneDrive.exe,,,0x8000000000000000,Information,,,"Registry value set:

RuleName: T1042

EventType: SetValue

UtcTime: 2023-12-28 00:37:42.869

ProcessGuid: {fda94052-c354-658c-cf00-000000000c00}

ProcessId: 8712

Image: C:\Users\User\AppData\Local\Microsoft\OneDrive\OneDrive.exe

TargetObject: HKU\S-1-5-21-3832996301-1047793030-1114040027-1000_Classes\grvopen\shell\open\command\(Default)

Details: ""C:\Users\User\AppData\Local\Microsoft\OneDrive\OneDrive.exe"" /url:""Incorrect function. ""

User: WINDEV2309EVAL\User",,Info,,,,,,,{fda94052-c354-658c-cf00-000000000c00},3732,8712,,,,,,"
      ",T1042,,,,,,,,,,,,,,,2023-12-28T00:37:42.8797311Z,,,HKU\S-1-5-21-3832996301-1047793030-1114040027-1000_Classes\grvopen\shell\open\command\(Default),,,,Registry value set (rule: RegistryEvent),,4344,WINDEV2309EVAL\User,S-1-5-18,2023-12-28 00:37:42.869,2,"<Event xmlns=""http://schemas.microsoft.com/win/2004/08/events/event"">
    <System>
      <Provider Name=""Microsoft-Windows-Sysmon"" Guid=""{5770385f-c22a-43e0-bf4c-06f5698ffbd9}""/>
      <EventID>13</EventID>
      <Version>2</Version>
      <Level>4</Level>
      <Task>13</Task>
      <Opcode>0</Opcode>
      <Keywords>0x8000000000000000</Keywords>
      <TimeCreated SystemTime=""2023-12-28T00:37:42.8797311Z""/>
      <EventRecordID>9808</EventRecordID>
      <Correlation/>
      <Execution ProcessID=""3732"" ThreadID=""4344""/>
      <Channel>Microsoft-Windows-Sysmon/Operational</Channel>
      <Computer>WinDev2309Eval</Computer>
      <Security UserID=""S-1-5-18""/>
    </System>
    <EventData>
      <Data Name=""RuleName"">T1042</Data>
      <Data Name=""EventType"">SetValue</Data>
      <Data Name=""UtcTime"">2023-12-28 00:37:42.869</Data>
      <Data Name=""ProcessGuid"">{fda94052-c354-658c-cf00-000000000c00}</Data>
      <Data Name=""ProcessId"">8712</Data>
      <Data Name=""Image"">C:\Users\User\AppData\Local\Microsoft\OneDrive\OneDrive.exe</Data>
      <Data Name=""TargetObject"">HKU\S-1-5-21-3832996301-1047793030-1114040027-1000_Classes\grvopen\shell\open\command\(Default)</Data>
      <Data Name=""Details"">""C:\Users\User\AppData\Local\Microsoft\OneDrive\OneDrive.exe"" /url:""%%1""</Data>
      <Data Name=""User"">WINDEV2309EVAL\User</Data>
    </EventData>
    <RenderingInfo Culture=""en-US"">
      <Message>Registry value set:

RuleName: T1042

EventType: SetValue

UtcTime: 2023-12-28 00:37:42.869

ProcessGuid: {fda94052-c354-658c-cf00-000000000c00}

ProcessId: 8712

Image: C:\Users\User\AppData\Local\Microsoft\OneDrive\OneDrive.exe

TargetObject: HKU\S-1-5-21-3832996301-1047793030-1114040027-1000_Classes\grvopen\shell\open\command\(Default)

Details: ""C:\Users\User\AppData\Local\Microsoft\OneDrive\OneDrive.exe"" /url:""Incorrect function. ""

User: WINDEV2309EVAL\User</Message>
      <Level>Information</Level>
      <Task>Registry value set (rule: RegistryEvent)</Task>
      <Opcode>Info</Opcode>
    </RenderingInfo>
  </Event>
  
"
Microsoft-Windows-Sysmon/Operational,,,WinDev2309Eval,,,,,,,,,"""C:\Users\User\AppData\Local\Microsoft\OneDrive\OneDrive.exe"" /url:""%%1""",13,9807,SetValue,,,C:\Users\User\AppData\Local\Microsoft\OneDrive\OneDrive.exe,,,0x8000000000000000,Information,,,"Registry value set:

RuleName: T1042

EventType: SetValue

UtcTime: 2023-12-28 00:37:42.869

ProcessGuid: {fda94052-c354-658c-cf00-000000000c00}

ProcessId: 8712

Image: C:\Users\User\AppData\Local\Microsoft\OneDrive\OneDrive.exe

TargetObject: HKU\S-1-5-21-3832996301-1047793030-1114040027-1000_Classes\grvopen\shell\open\command\(Default)

Details: ""C:\Users\User\AppData\Local\Microsoft\OneDrive\OneDrive.exe"" /url:""Incorrect function. ""

User: WINDEV2309EVAL\User",,Info,,,,,,,{fda94052-c354-658c-cf00-000000000c00},3732,8712,,,,,,"
      ",T1042,,,,,,,,,,,,,,,2023-12-28T00:37:42.8796497Z,,,HKU\S-1-5-21-3832996301-1047793030-1114040027-1000_Classes\grvopen\shell\open\command\(Default),,,,Registry value set (rule: RegistryEvent),,4344,WINDEV2309EVAL\User,S-1-5-18,2023-12-28 00:37:42.869,2,"<Event xmlns=""http://schemas.microsoft.com/win/2004/08/events/event"">
    <System>
      <Provider Name=""Microsoft-Windows-Sysmon"" Guid=""{5770385f-c22a-43e0-bf4c-06f5698ffbd9}""/>
      <EventID>13</EventID>
      <Version>2</Version>
      <Level>4</Level>
      <Task>13</Task>
      <Opcode>0</Opcode>
      <Keywords>0x8000000000000000</Keywords>
      <TimeCreated SystemTime=""2023-12-28T00:37:42.8796497Z""/>
      <EventRecordID>9807</EventRecordID>
      <Correlation/>
      <Execution ProcessID=""3732"" ThreadID=""4344""/>
      <Channel>Microsoft-Windows-Sysmon/Operational</Channel>
      <Computer>WinDev2309Eval</Computer>
      <Security UserID=""S-1-5-18""/>
    </System>
    <EventData>
      <Data Name=""RuleName"">T1042</Data>
      <Data Name=""EventType"">SetValue</Data>
      <Data Name=""UtcTime"">2023-12-28 00:37:42.869</Data>
      <Data Name=""ProcessGuid"">{fda94052-c354-658c-cf00-000000000c00}</Data>
      <Data Name=""ProcessId"">8712</Data>
      <Data Name=""Image"">C:\Users\User\AppData\Local\Microsoft\OneDrive\OneDrive.exe</Data>
      <Data Name=""TargetObject"">HKU\S-1-5-21-3832996301-1047793030-1114040027-1000_Classes\grvopen\shell\open\command\(Default)</Data>
      <Data Name=""Details"">""C:\Users\User\AppData\Local\Microsoft\OneDrive\OneDrive.exe"" /url:""%%1""</Data>
      <Data Name=""User"">WINDEV2309EVAL\User</Data>
    </EventData>
    <RenderingInfo Culture=""en-US"">
      <Message>Registry value set:

RuleName: T1042

EventType: SetValue

UtcTime: 2023-12-28 00:37:42.869

ProcessGuid: {fda94052-c354-658c-cf00-000000000c00}

ProcessId: 8712

Image: C:\Users\User\AppData\Local\Microsoft\OneDrive\OneDrive.exe

TargetObject: HKU\S-1-5-21-3832996301-1047793030-1114040027-1000_Classes\grvopen\shell\open\command\(Default)

Details: ""C:\Users\User\AppData\Local\Microsoft\OneDrive\OneDrive.exe"" /url:""Incorrect function. ""

User: WINDEV2309EVAL\User</Message>
      <Level>Information</Level>
      <Task>Registry value set (rule: RegistryEvent)</Task>
      <Opcode>Info</Opcode>
    </RenderingInfo>
  </Event>
  
"
