Microsoft-Windows-Sysmon/Operational,C:\Windows\system32\svchost.exe -k LocalSystemNetworkRestricted -p -s SysMain,Microsoft Corporation,WinDev2309Eval,,C:\Windows\system32\,Host Process for Windows Services,,,,,,,1,9559,,10.0.22621.1 (WinBuild.160101.0800),"MD5=8EC922C7A58A8701AB481B7BE9644536,SHA256=949BFB5B4C7D58D92F3F9C5F8EC7CA4CEAFFD10EC5F0020F0A987C472D61C54B,IMPHASH=76B4BAE80D2C3B08BB062D97BF9CA791",C:\Windows\System32\svchost.exe,,System,0x8000000000000000,Information,{fda94052-c30f-658c-e703-000000000000},0x3e7,"Process Create:

RuleName: -

UtcTime: 2023-12-28 00:36:32.629

ProcessGuid: {fda94052-c310-658c-2500-000000000c00}

ProcessId: 1744

Image: C:\Windows\System32\svchost.exe

FileVersion: 10.0.22621.1 (WinBuild.160101.0800)

Description: Host Process for Windows Services

Product: Microsoft Windows Operating System

Company: Microsoft Corporation

OriginalFileName: svchost.exe

CommandLine: C:\Windows\system32\svchost.exe -k LocalSystemNetworkRestricted -p -s SysMain

CurrentDirectory: C:\Windows\system32\

User: NT AUTHORITY\SYSTEM

LogonGuid: {fda94052-c30f-658c-e703-000000000000}

LogonId: 0x3E7

TerminalSessionId: 0

IntegrityLevel: System

Hashes: MD5=8EC922C7A58A8701AB481B7BE9644536,SHA256=949BFB5B4C7D58D92F3F9C5F8EC7CA4CEAFFD10EC5F0020F0A987C472D61C54B,IMPHASH=76B4BAE80D2C3B08BB062D97BF9CA791

ParentProcessGuid: {fda94052-c30f-658c-0b00-000000000c00}

ParentProcessId: 776

ParentImage: C:\Windows\System32\services.exe

ParentCommandLine: C:\Windows\system32\services.exe

ParentUser: NT AUTHORITY\SYSTEM",,Info,svchost.exe,C:\Windows\system32\services.exe,C:\Windows\System32\services.exe,{fda94052-c30f-658c-0b00-000000000c00},776,NT AUTHORITY\SYSTEM,{fda94052-c310-658c-2500-000000000c00},3732,1744,Microsoft Windows Operating System,,,,,"
      ",-,,,,,,,,,,,,,,,2023-12-28T00:36:35.1001559Z,,,,,,,Process Create (rule: ProcessCreate),0,4344,NT AUTHORITY\SYSTEM,S-1-5-18,2023-12-28 00:36:32.629,5,"<Event xmlns=""http://schemas.microsoft.com/win/2004/08/events/event"">
    <System>
      <Provider Name=""Microsoft-Windows-Sysmon"" Guid=""{5770385f-c22a-43e0-bf4c-06f5698ffbd9}""/>
      <EventID>1</EventID>
      <Version>5</Version>
      <Level>4</Level>
      <Task>1</Task>
      <Opcode>0</Opcode>
      <Keywords>0x8000000000000000</Keywords>
      <TimeCreated SystemTime=""2023-12-28T00:36:35.1001559Z""/>
      <EventRecordID>9559</EventRecordID>
      <Correlation/>
      <Execution ProcessID=""3732"" ThreadID=""4344""/>
      <Channel>Microsoft-Windows-Sysmon/Operational</Channel>
      <Computer>WinDev2309Eval</Computer>
      <Security UserID=""S-1-5-18""/>
    </System>
    <EventData>
      <Data Name=""RuleName"">-</Data>
      <Data Name=""UtcTime"">2023-12-28 00:36:32.629</Data>
      <Data Name=""ProcessGuid"">{fda94052-c310-658c-2500-000000000c00}</Data>
      <Data Name=""ProcessId"">1744</Data>
      <Data Name=""Image"">C:\Windows\System32\svchost.exe</Data>
      <Data Name=""FileVersion"">10.0.22621.1 (WinBuild.160101.0800)</Data>
      <Data Name=""Description"">Host Process for Windows Services</Data>
      <Data Name=""Product"">Microsoft&#174; Windows&#174; Operating System</Data>
      <Data Name=""Company"">Microsoft Corporation</Data>
      <Data Name=""OriginalFileName"">svchost.exe</Data>
      <Data Name=""CommandLine"">C:\Windows\system32\svchost.exe -k LocalSystemNetworkRestricted -p -s SysMain</Data>
      <Data Name=""CurrentDirectory"">C:\Windows\system32\</Data>
      <Data Name=""User"">NT AUTHORITY\SYSTEM</Data>
      <Data Name=""LogonGuid"">{fda94052-c30f-658c-e703-000000000000}</Data>
      <Data Name=""LogonId"">0x3e7</Data>
      <Data Name=""TerminalSessionId"">0</Data>
      <Data Name=""IntegrityLevel"">System</Data>
      <Data Name=""Hashes"">MD5=8EC922C7A58A8701AB481B7BE9644536,SHA256=949BFB5B4C7D58D92F3F9C5F8EC7CA4CEAFFD10EC5F0020F0A987C472D61C54B,IMPHASH=76B4BAE80D2C3B08BB062D97BF9CA791</Data>
      <Data Name=""ParentProcessGuid"">{fda94052-c30f-658c-0b00-000000000c00}</Data>
      <Data Name=""ParentProcessId"">776</Data>
      <Data Name=""ParentImage"">C:\Windows\System32\services.exe</Data>
      <Data Name=""ParentCommandLine"">C:\Windows\system32\services.exe</Data>
      <Data Name=""ParentUser"">NT AUTHORITY\SYSTEM</Data>
    </EventData>
    <RenderingInfo Culture=""en-US"">
      <Message>Process Create:

RuleName: -

UtcTime: 2023-12-28 00:36:32.629

ProcessGuid: {fda94052-c310-658c-2500-000000000c00}

ProcessId: 1744

Image: C:\Windows\System32\svchost.exe

FileVersion: 10.0.22621.1 (WinBuild.160101.0800)

Description: Host Process for Windows Services

Product: Microsoft&#174; Windows&#174; Operating System

Company: Microsoft Corporation

OriginalFileName: svchost.exe

CommandLine: C:\Windows\system32\svchost.exe -k LocalSystemNetworkRestricted -p -s SysMain

CurrentDirectory: C:\Windows\system32\

User: NT AUTHORITY\SYSTEM

LogonGuid: {fda94052-c30f-658c-e703-000000000000}

LogonId: 0x3E7

TerminalSessionId: 0

IntegrityLevel: System

Hashes: MD5=8EC922C7A58A8701AB481B7BE9644536,SHA256=949BFB5B4C7D58D92F3F9C5F8EC7CA4CEAFFD10EC5F0020F0A987C472D61C54B,IMPHASH=76B4BAE80D2C3B08BB062D97BF9CA791

ParentProcessGuid: {fda94052-c30f-658c-0b00-000000000c00}

ParentProcessId: 776

ParentImage: C:\Windows\System32\services.exe

ParentCommandLine: C:\Windows\system32\services.exe

ParentUser: NT AUTHORITY\SYSTEM</Message>
      <Level>Information</Level>
      <Task>Process Create (rule: ProcessCreate)</Task>
      <Opcode>Info</Opcode>
    </RenderingInfo>
  </Event>
  
"
Microsoft-Windows-Sysmon/Operational,C:\Windows\system32\svchost.exe -k LocalService -p -s EventSystem,Microsoft Corporation,WinDev2309Eval,,C:\Windows\system32\,Host Process for Windows Services,,,,,,,1,9558,,10.0.22621.1 (WinBuild.160101.0800),"MD5=8EC922C7A58A8701AB481B7BE9644536,SHA256=949BFB5B4C7D58D92F3F9C5F8EC7CA4CEAFFD10EC5F0020F0A987C472D61C54B,IMPHASH=76B4BAE80D2C3B08BB062D97BF9CA791",C:\Windows\System32\svchost.exe,,System,0x8000000000000000,Information,{fda94052-c310-658c-e503-000000000000},0x3e5,"Process Create:

RuleName: -

UtcTime: 2023-12-28 00:36:32.629

ProcessGuid: {fda94052-c310-658c-2600-000000000c00}

ProcessId: 1752

Image: C:\Windows\System32\svchost.exe

FileVersion: 10.0.22621.1 (WinBuild.160101.0800)

Description: Host Process for Windows Services

Product: Microsoft Windows Operating System

Company: Microsoft Corporation

OriginalFileName: svchost.exe

CommandLine: C:\Windows\system32\svchost.exe -k LocalService -p -s EventSystem

CurrentDirectory: C:\Windows\system32\

User: NT AUTHORITY\LOCAL SERVICE

LogonGuid: {fda94052-c310-658c-e503-000000000000}

LogonId: 0x3E5

TerminalSessionId: 0

IntegrityLevel: System

Hashes: MD5=8EC922C7A58A8701AB481B7BE9644536,SHA256=949BFB5B4C7D58D92F3F9C5F8EC7CA4CEAFFD10EC5F0020F0A987C472D61C54B,IMPHASH=76B4BAE80D2C3B08BB062D97BF9CA791

ParentProcessGuid: {fda94052-c30f-658c-0b00-000000000c00}

ParentProcessId: 776

ParentImage: C:\Windows\System32\services.exe

ParentCommandLine: C:\Windows\system32\services.exe

ParentUser: NT AUTHORITY\SYSTEM",,Info,svchost.exe,C:\Windows\system32\services.exe,C:\Windows\System32\services.exe,{fda94052-c30f-658c-0b00-000000000c00},776,NT AUTHORITY\SYSTEM,{fda94052-c310-658c-2600-000000000c00},3732,1752,Microsoft Windows Operating System,,,,,"
      ",-,,,,,,,,,,,,,,,2023-12-28T00:36:35.0997674Z,,,,,,,Process Create (rule: ProcessCreate),0,4344,NT AUTHORITY\LOCAL SERVICE,S-1-5-18,2023-12-28 00:36:32.629,5,"<Event xmlns=""http://schemas.microsoft.com/win/2004/08/events/event"">
    <System>
      <Provider Name=""Microsoft-Windows-Sysmon"" Guid=""{5770385f-c22a-43e0-bf4c-06f5698ffbd9}""/>
      <EventID>1</EventID>
      <Version>5</Version>
      <Level>4</Level>
      <Task>1</Task>
      <Opcode>0</Opcode>
      <Keywords>0x8000000000000000</Keywords>
      <TimeCreated SystemTime=""2023-12-28T00:36:35.0997674Z""/>
      <EventRecordID>9558</EventRecordID>
      <Correlation/>
      <Execution ProcessID=""3732"" ThreadID=""4344""/>
      <Channel>Microsoft-Windows-Sysmon/Operational</Channel>
      <Computer>WinDev2309Eval</Computer>
      <Security UserID=""S-1-5-18""/>
    </System>
    <EventData>
      <Data Name=""RuleName"">-</Data>
      <Data Name=""UtcTime"">2023-12-28 00:36:32.629</Data>
      <Data Name=""ProcessGuid"">{fda94052-c310-658c-2600-000000000c00}</Data>
      <Data Name=""ProcessId"">1752</Data>
      <Data Name=""Image"">C:\Windows\System32\svchost.exe</Data>
      <Data Name=""FileVersion"">10.0.22621.1 (WinBuild.160101.0800)</Data>
      <Data Name=""Description"">Host Process for Windows Services</Data>
      <Data Name=""Product"">Microsoft&#174; Windows&#174; Operating System</Data>
      <Data Name=""Company"">Microsoft Corporation</Data>
      <Data Name=""OriginalFileName"">svchost.exe</Data>
      <Data Name=""CommandLine"">C:\Windows\system32\svchost.exe -k LocalService -p -s EventSystem</Data>
      <Data Name=""CurrentDirectory"">C:\Windows\system32\</Data>
      <Data Name=""User"">NT AUTHORITY\LOCAL SERVICE</Data>
      <Data Name=""LogonGuid"">{fda94052-c310-658c-e503-000000000000}</Data>
      <Data Name=""LogonId"">0x3e5</Data>
      <Data Name=""TerminalSessionId"">0</Data>
      <Data Name=""IntegrityLevel"">System</Data>
      <Data Name=""Hashes"">MD5=8EC922C7A58A8701AB481B7BE9644536,SHA256=949BFB5B4C7D58D92F3F9C5F8EC7CA4CEAFFD10EC5F0020F0A987C472D61C54B,IMPHASH=76B4BAE80D2C3B08BB062D97BF9CA791</Data>
      <Data Name=""ParentProcessGuid"">{fda94052-c30f-658c-0b00-000000000c00}</Data>
      <Data Name=""ParentProcessId"">776</Data>
      <Data Name=""ParentImage"">C:\Windows\System32\services.exe</Data>
      <Data Name=""ParentCommandLine"">C:\Windows\system32\services.exe</Data>
      <Data Name=""ParentUser"">NT AUTHORITY\SYSTEM</Data>
    </EventData>
    <RenderingInfo Culture=""en-US"">
      <Message>Process Create:

RuleName: -

UtcTime: 2023-12-28 00:36:32.629

ProcessGuid: {fda94052-c310-658c-2600-000000000c00}

ProcessId: 1752

Image: C:\Windows\System32\svchost.exe

FileVersion: 10.0.22621.1 (WinBuild.160101.0800)

Description: Host Process for Windows Services

Product: Microsoft&#174; Windows&#174; Operating System

Company: Microsoft Corporation

OriginalFileName: svchost.exe

CommandLine: C:\Windows\system32\svchost.exe -k LocalService -p -s EventSystem

CurrentDirectory: C:\Windows\system32\

User: NT AUTHORITY\LOCAL SERVICE

LogonGuid: {fda94052-c310-658c-e503-000000000000}

LogonId: 0x3E5

TerminalSessionId: 0

IntegrityLevel: System

Hashes: MD5=8EC922C7A58A8701AB481B7BE9644536,SHA256=949BFB5B4C7D58D92F3F9C5F8EC7CA4CEAFFD10EC5F0020F0A987C472D61C54B,IMPHASH=76B4BAE80D2C3B08BB062D97BF9CA791

ParentProcessGuid: {fda94052-c30f-658c-0b00-000000000c00}

ParentProcessId: 776

ParentImage: C:\Windows\System32\services.exe

ParentCommandLine: C:\Windows\system32\services.exe

ParentUser: NT AUTHORITY\SYSTEM</Message>
      <Level>Information</Level>
      <Task>Process Create (rule: ProcessCreate)</Task>
      <Opcode>Info</Opcode>
    </RenderingInfo>
  </Event>
  
"
Microsoft-Windows-Sysmon/Operational,C:\Windows\System32\svchost.exe -k netsvcs -p -s Themes,Microsoft Corporation,WinDev2309Eval,,C:\Windows\system32\,Host Process for Windows Services,,,,,,,1,9557,,10.0.22621.1 (WinBuild.160101.0800),"MD5=8EC922C7A58A8701AB481B7BE9644536,SHA256=949BFB5B4C7D58D92F3F9C5F8EC7CA4CEAFFD10EC5F0020F0A987C472D61C54B,IMPHASH=76B4BAE80D2C3B08BB062D97BF9CA791",C:\Windows\System32\svchost.exe,,System,0x8000000000000000,Information,{fda94052-c30f-658c-e703-000000000000},0x3e7,"Process Create:

RuleName: -

UtcTime: 2023-12-28 00:36:32.628

ProcessGuid: {fda94052-c310-658c-2400-000000000c00}

ProcessId: 1736

Image: C:\Windows\System32\svchost.exe

FileVersion: 10.0.22621.1 (WinBuild.160101.0800)

Description: Host Process for Windows Services

Product: Microsoft Windows Operating System

Company: Microsoft Corporation

OriginalFileName: svchost.exe

CommandLine: C:\Windows\System32\svchost.exe -k netsvcs -p -s Themes

CurrentDirectory: C:\Windows\system32\

User: NT AUTHORITY\SYSTEM

LogonGuid: {fda94052-c30f-658c-e703-000000000000}

LogonId: 0x3E7

TerminalSessionId: 0

IntegrityLevel: System

Hashes: MD5=8EC922C7A58A8701AB481B7BE9644536,SHA256=949BFB5B4C7D58D92F3F9C5F8EC7CA4CEAFFD10EC5F0020F0A987C472D61C54B,IMPHASH=76B4BAE80D2C3B08BB062D97BF9CA791

ParentProcessGuid: {fda94052-c30f-658c-0b00-000000000c00}

ParentProcessId: 776

ParentImage: C:\Windows\System32\services.exe

ParentCommandLine: C:\Windows\system32\services.exe

ParentUser: NT AUTHORITY\SYSTEM",,Info,svchost.exe,C:\Windows\system32\services.exe,C:\Windows\System32\services.exe,{fda94052-c30f-658c-0b00-000000000c00},776,NT AUTHORITY\SYSTEM,{fda94052-c310-658c-2400-000000000c00},3732,1736,Microsoft Windows Operating System,,,,,"
      ",-,,,,,,,,,,,,,,,2023-12-28T00:36:35.0994255Z,,,,,,,Process Create (rule: ProcessCreate),0,4344,NT AUTHORITY\SYSTEM,S-1-5-18,2023-12-28 00:36:32.628,5,"<Event xmlns=""http://schemas.microsoft.com/win/2004/08/events/event"">
    <System>
      <Provider Name=""Microsoft-Windows-Sysmon"" Guid=""{5770385f-c22a-43e0-bf4c-06f5698ffbd9}""/>
      <EventID>1</EventID>
      <Version>5</Version>
      <Level>4</Level>
      <Task>1</Task>
      <Opcode>0</Opcode>
      <Keywords>0x8000000000000000</Keywords>
      <TimeCreated SystemTime=""2023-12-28T00:36:35.0994255Z""/>
      <EventRecordID>9557</EventRecordID>
      <Correlation/>
      <Execution ProcessID=""3732"" ThreadID=""4344""/>
      <Channel>Microsoft-Windows-Sysmon/Operational</Channel>
      <Computer>WinDev2309Eval</Computer>
      <Security UserID=""S-1-5-18""/>
    </System>
    <EventData>
      <Data Name=""RuleName"">-</Data>
      <Data Name=""UtcTime"">2023-12-28 00:36:32.628</Data>
      <Data Name=""ProcessGuid"">{fda94052-c310-658c-2400-000000000c00}</Data>
      <Data Name=""ProcessId"">1736</Data>
      <Data Name=""Image"">C:\Windows\System32\svchost.exe</Data>
      <Data Name=""FileVersion"">10.0.22621.1 (WinBuild.160101.0800)</Data>
      <Data Name=""Description"">Host Process for Windows Services</Data>
      <Data Name=""Product"">Microsoft&#174; Windows&#174; Operating System</Data>
      <Data Name=""Company"">Microsoft Corporation</Data>
      <Data Name=""OriginalFileName"">svchost.exe</Data>
      <Data Name=""CommandLine"">C:\Windows\System32\svchost.exe -k netsvcs -p -s Themes</Data>
      <Data Name=""CurrentDirectory"">C:\Windows\system32\</Data>
      <Data Name=""User"">NT AUTHORITY\SYSTEM</Data>
      <Data Name=""LogonGuid"">{fda94052-c30f-658c-e703-000000000000}</Data>
      <Data Name=""LogonId"">0x3e7</Data>
      <Data Name=""TerminalSessionId"">0</Data>
      <Data Name=""IntegrityLevel"">System</Data>
      <Data Name=""Hashes"">MD5=8EC922C7A58A8701AB481B7BE9644536,SHA256=949BFB5B4C7D58D92F3F9C5F8EC7CA4CEAFFD10EC5F0020F0A987C472D61C54B,IMPHASH=76B4BAE80D2C3B08BB062D97BF9CA791</Data>
      <Data Name=""ParentProcessGuid"">{fda94052-c30f-658c-0b00-000000000c00}</Data>
      <Data Name=""ParentProcessId"">776</Data>
      <Data Name=""ParentImage"">C:\Windows\System32\services.exe</Data>
      <Data Name=""ParentCommandLine"">C:\Windows\system32\services.exe</Data>
      <Data Name=""ParentUser"">NT AUTHORITY\SYSTEM</Data>
    </EventData>
    <RenderingInfo Culture=""en-US"">
      <Message>Process Create:

RuleName: -

UtcTime: 2023-12-28 00:36:32.628

ProcessGuid: {fda94052-c310-658c-2400-000000000c00}

ProcessId: 1736

Image: C:\Windows\System32\svchost.exe

FileVersion: 10.0.22621.1 (WinBuild.160101.0800)

Description: Host Process for Windows Services

Product: Microsoft&#174; Windows&#174; Operating System

Company: Microsoft Corporation

OriginalFileName: svchost.exe

CommandLine: C:\Windows\System32\svchost.exe -k netsvcs -p -s Themes

CurrentDirectory: C:\Windows\system32\

User: NT AUTHORITY\SYSTEM

LogonGuid: {fda94052-c30f-658c-e703-000000000000}

LogonId: 0x3E7

TerminalSessionId: 0

IntegrityLevel: System

Hashes: MD5=8EC922C7A58A8701AB481B7BE9644536,SHA256=949BFB5B4C7D58D92F3F9C5F8EC7CA4CEAFFD10EC5F0020F0A987C472D61C54B,IMPHASH=76B4BAE80D2C3B08BB062D97BF9CA791

ParentProcessGuid: {fda94052-c30f-658c-0b00-000000000c00}

ParentProcessId: 776

ParentImage: C:\Windows\System32\services.exe

ParentCommandLine: C:\Windows\system32\services.exe

ParentUser: NT AUTHORITY\SYSTEM</Message>
      <Level>Information</Level>
      <Task>Process Create (rule: ProcessCreate)</Task>
      <Opcode>Info</Opcode>
    </RenderingInfo>
  </Event>
  
"
Microsoft-Windows-Sysmon/Operational,C:\Windows\System32\svchost.exe -k LocalServiceNetworkRestricted -p -s EventLog,Microsoft Corporation,WinDev2309Eval,,C:\Windows\system32\,Host Process for Windows Services,,,,,,,1,9556,,10.0.22621.1 (WinBuild.160101.0800),"MD5=8EC922C7A58A8701AB481B7BE9644536,SHA256=949BFB5B4C7D58D92F3F9C5F8EC7CA4CEAFFD10EC5F0020F0A987C472D61C54B,IMPHASH=76B4BAE80D2C3B08BB062D97BF9CA791",C:\Windows\System32\svchost.exe,,System,0x8000000000000000,Information,{fda94052-c310-658c-e503-000000000000},0x3e5,"Process Create:

RuleName: -

UtcTime: 2023-12-28 00:36:32.611

ProcessGuid: {fda94052-c310-658c-2300-000000000c00}

ProcessId: 1688

Image: C:\Windows\System32\svchost.exe

FileVersion: 10.0.22621.1 (WinBuild.160101.0800)

Description: Host Process for Windows Services

Product: Microsoft Windows Operating System

Company: Microsoft Corporation

OriginalFileName: svchost.exe

CommandLine: C:\Windows\System32\svchost.exe -k LocalServiceNetworkRestricted -p -s EventLog

CurrentDirectory: C:\Windows\system32\

User: NT AUTHORITY\LOCAL SERVICE

LogonGuid: {fda94052-c310-658c-e503-000000000000}

LogonId: 0x3E5

TerminalSessionId: 0

IntegrityLevel: System

Hashes: MD5=8EC922C7A58A8701AB481B7BE9644536,SHA256=949BFB5B4C7D58D92F3F9C5F8EC7CA4CEAFFD10EC5F0020F0A987C472D61C54B,IMPHASH=76B4BAE80D2C3B08BB062D97BF9CA791

ParentProcessGuid: {fda94052-c30f-658c-0b00-000000000c00}

ParentProcessId: 776

ParentImage: C:\Windows\System32\services.exe

ParentCommandLine: C:\Windows\system32\services.exe

ParentUser: NT AUTHORITY\SYSTEM",,Info,svchost.exe,C:\Windows\system32\services.exe,C:\Windows\System32\services.exe,{fda94052-c30f-658c-0b00-000000000c00},776,NT AUTHORITY\SYSTEM,{fda94052-c310-658c-2300-000000000c00},3732,1688,Microsoft Windows Operating System,,,,,"
      ",-,,,,,,,,,,,,,,,2023-12-28T00:36:35.0990634Z,,,,,,,Process Create (rule: ProcessCreate),0,4344,NT AUTHORITY\LOCAL SERVICE,S-1-5-18,2023-12-28 00:36:32.611,5,"<Event xmlns=""http://schemas.microsoft.com/win/2004/08/events/event"">
    <System>
      <Provider Name=""Microsoft-Windows-Sysmon"" Guid=""{5770385f-c22a-43e0-bf4c-06f5698ffbd9}""/>
      <EventID>1</EventID>
      <Version>5</Version>
      <Level>4</Level>
      <Task>1</Task>
      <Opcode>0</Opcode>
      <Keywords>0x8000000000000000</Keywords>
      <TimeCreated SystemTime=""2023-12-28T00:36:35.0990634Z""/>
      <EventRecordID>9556</EventRecordID>
      <Correlation/>
      <Execution ProcessID=""3732"" ThreadID=""4344""/>
      <Channel>Microsoft-Windows-Sysmon/Operational</Channel>
      <Computer>WinDev2309Eval</Computer>
      <Security UserID=""S-1-5-18""/>
    </System>
    <EventData>
      <Data Name=""RuleName"">-</Data>
      <Data Name=""UtcTime"">2023-12-28 00:36:32.611</Data>
      <Data Name=""ProcessGuid"">{fda94052-c310-658c-2300-000000000c00}</Data>
      <Data Name=""ProcessId"">1688</Data>
      <Data Name=""Image"">C:\Windows\System32\svchost.exe</Data>
      <Data Name=""FileVersion"">10.0.22621.1 (WinBuild.160101.0800)</Data>
      <Data Name=""Description"">Host Process for Windows Services</Data>
      <Data Name=""Product"">Microsoft&#174; Windows&#174; Operating System</Data>
      <Data Name=""Company"">Microsoft Corporation</Data>
      <Data Name=""OriginalFileName"">svchost.exe</Data>
      <Data Name=""CommandLine"">C:\Windows\System32\svchost.exe -k LocalServiceNetworkRestricted -p -s EventLog</Data>
      <Data Name=""CurrentDirectory"">C:\Windows\system32\</Data>
      <Data Name=""User"">NT AUTHORITY\LOCAL SERVICE</Data>
      <Data Name=""LogonGuid"">{fda94052-c310-658c-e503-000000000000}</Data>
      <Data Name=""LogonId"">0x3e5</Data>
      <Data Name=""TerminalSessionId"">0</Data>
      <Data Name=""IntegrityLevel"">System</Data>
      <Data Name=""Hashes"">MD5=8EC922C7A58A8701AB481B7BE9644536,SHA256=949BFB5B4C7D58D92F3F9C5F8EC7CA4CEAFFD10EC5F0020F0A987C472D61C54B,IMPHASH=76B4BAE80D2C3B08BB062D97BF9CA791</Data>
      <Data Name=""ParentProcessGuid"">{fda94052-c30f-658c-0b00-000000000c00}</Data>
      <Data Name=""ParentProcessId"">776</Data>
      <Data Name=""ParentImage"">C:\Windows\System32\services.exe</Data>
      <Data Name=""ParentCommandLine"">C:\Windows\system32\services.exe</Data>
      <Data Name=""ParentUser"">NT AUTHORITY\SYSTEM</Data>
    </EventData>
    <RenderingInfo Culture=""en-US"">
      <Message>Process Create:

RuleName: -

UtcTime: 2023-12-28 00:36:32.611

ProcessGuid: {fda94052-c310-658c-2300-000000000c00}

ProcessId: 1688

Image: C:\Windows\System32\svchost.exe

FileVersion: 10.0.22621.1 (WinBuild.160101.0800)

Description: Host Process for Windows Services

Product: Microsoft&#174; Windows&#174; Operating System

Company: Microsoft Corporation

OriginalFileName: svchost.exe

CommandLine: C:\Windows\System32\svchost.exe -k LocalServiceNetworkRestricted -p -s EventLog

CurrentDirectory: C:\Windows\system32\

User: NT AUTHORITY\LOCAL SERVICE

LogonGuid: {fda94052-c310-658c-e503-000000000000}

LogonId: 0x3E5

TerminalSessionId: 0

IntegrityLevel: System

Hashes: MD5=8EC922C7A58A8701AB481B7BE9644536,SHA256=949BFB5B4C7D58D92F3F9C5F8EC7CA4CEAFFD10EC5F0020F0A987C472D61C54B,IMPHASH=76B4BAE80D2C3B08BB062D97BF9CA791

ParentProcessGuid: {fda94052-c30f-658c-0b00-000000000c00}

ParentProcessId: 776

ParentImage: C:\Windows\System32\services.exe

ParentCommandLine: C:\Windows\system32\services.exe

ParentUser: NT AUTHORITY\SYSTEM</Message>
      <Level>Information</Level>
      <Task>Process Create (rule: ProcessCreate)</Task>
      <Opcode>Info</Opcode>
    </RenderingInfo>
  </Event>
  
"
Microsoft-Windows-Sysmon/Operational,,,WinDev2309Eval,2023-09-20 06:16:19.156,,,,,,,,,11,9555,,,,C:\Windows\system32\svchost.exe,,,0x8000000000000000,Information,,,"File created:

RuleName: T1053

UtcTime: 2023-12-28 00:36:32.583

ProcessGuid: {fda94052-c310-658c-1c00-000000000c00}

ProcessId: 1384

Image: C:\Windows\system32\svchost.exe

TargetFilename: C:\Windows\Tasks\SA.DAT

CreationUtcTime: 2023-09-20 06:16:19.156

User: NT AUTHORITY\SYSTEM",,Info,,,,,,,{fda94052-c310-658c-1c00-000000000c00},3732,1384,,,,,,"
      ",T1053,,,,,,,,,,,,,,,2023-12-28T00:36:35.0984959Z,C:\Windows\Tasks\SA.DAT,,,,,,File created (rule: FileCreate),,4344,NT AUTHORITY\SYSTEM,S-1-5-18,2023-12-28 00:36:32.583,2,"<Event xmlns=""http://schemas.microsoft.com/win/2004/08/events/event"">
    <System>
      <Provider Name=""Microsoft-Windows-Sysmon"" Guid=""{5770385f-c22a-43e0-bf4c-06f5698ffbd9}""/>
      <EventID>11</EventID>
      <Version>2</Version>
      <Level>4</Level>
      <Task>11</Task>
      <Opcode>0</Opcode>
      <Keywords>0x8000000000000000</Keywords>
      <TimeCreated SystemTime=""2023-12-28T00:36:35.0984959Z""/>
      <EventRecordID>9555</EventRecordID>
      <Correlation/>
      <Execution ProcessID=""3732"" ThreadID=""4344""/>
      <Channel>Microsoft-Windows-Sysmon/Operational</Channel>
      <Computer>WinDev2309Eval</Computer>
      <Security UserID=""S-1-5-18""/>
    </System>
    <EventData>
      <Data Name=""RuleName"">T1053</Data>
      <Data Name=""UtcTime"">2023-12-28 00:36:32.583</Data>
      <Data Name=""ProcessGuid"">{fda94052-c310-658c-1c00-000000000c00}</Data>
      <Data Name=""ProcessId"">1384</Data>
      <Data Name=""Image"">C:\Windows\system32\svchost.exe</Data>
      <Data Name=""TargetFilename"">C:\Windows\Tasks\SA.DAT</Data>
      <Data Name=""CreationUtcTime"">2023-09-20 06:16:19.156</Data>
      <Data Name=""User"">NT AUTHORITY\SYSTEM</Data>
    </EventData>
    <RenderingInfo Culture=""en-US"">
      <Message>File created:

RuleName: T1053

UtcTime: 2023-12-28 00:36:32.583

ProcessGuid: {fda94052-c310-658c-1c00-000000000c00}

ProcessId: 1384

Image: C:\Windows\system32\svchost.exe

TargetFilename: C:\Windows\Tasks\SA.DAT

CreationUtcTime: 2023-09-20 06:16:19.156

User: NT AUTHORITY\SYSTEM</Message>
      <Level>Information</Level>
      <Task>File created (rule: FileCreate)</Task>
      <Opcode>Info</Opcode>
    </RenderingInfo>
  </Event>
  
"
Microsoft-Windows-Sysmon/Operational,C:\Windows\system32\svchost.exe -k LocalServiceNoNetwork -p,Microsoft Corporation,WinDev2309Eval,,C:\Windows\system32\,Host Process for Windows Services,,,,,,,1,9554,,10.0.22621.1 (WinBuild.160101.0800),"MD5=8EC922C7A58A8701AB481B7BE9644536,SHA256=949BFB5B4C7D58D92F3F9C5F8EC7CA4CEAFFD10EC5F0020F0A987C472D61C54B,IMPHASH=76B4BAE80D2C3B08BB062D97BF9CA791",C:\Windows\System32\svchost.exe,,System,0x8000000000000000,Information,{fda94052-c310-658c-e503-000000000000},0x3e5,"Process Create:

RuleName: -

UtcTime: 2023-12-28 00:36:32.583

ProcessGuid: {fda94052-c310-658c-2200-000000000c00}

ProcessId: 1600

Image: C:\Windows\System32\svchost.exe

FileVersion: 10.0.22621.1 (WinBuild.160101.0800)

Description: Host Process for Windows Services

Product: Microsoft Windows Operating System

Company: Microsoft Corporation

OriginalFileName: svchost.exe

CommandLine: C:\Windows\system32\svchost.exe -k LocalServiceNoNetwork -p

CurrentDirectory: C:\Windows\system32\

User: NT AUTHORITY\LOCAL SERVICE

LogonGuid: {fda94052-c310-658c-e503-000000000000}

LogonId: 0x3E5

TerminalSessionId: 0

IntegrityLevel: System

Hashes: MD5=8EC922C7A58A8701AB481B7BE9644536,SHA256=949BFB5B4C7D58D92F3F9C5F8EC7CA4CEAFFD10EC5F0020F0A987C472D61C54B,IMPHASH=76B4BAE80D2C3B08BB062D97BF9CA791

ParentProcessGuid: {fda94052-c30f-658c-0b00-000000000c00}

ParentProcessId: 776

ParentImage: C:\Windows\System32\services.exe

ParentCommandLine: C:\Windows\system32\services.exe

ParentUser: NT AUTHORITY\SYSTEM",,Info,svchost.exe,C:\Windows\system32\services.exe,C:\Windows\System32\services.exe,{fda94052-c30f-658c-0b00-000000000c00},776,NT AUTHORITY\SYSTEM,{fda94052-c310-658c-2200-000000000c00},3732,1600,Microsoft Windows Operating System,,,,,"
      ",-,,,,,,,,,,,,,,,2023-12-28T00:36:35.0975723Z,,,,,,,Process Create (rule: ProcessCreate),0,4344,NT AUTHORITY\LOCAL SERVICE,S-1-5-18,2023-12-28 00:36:32.583,5,"<Event xmlns=""http://schemas.microsoft.com/win/2004/08/events/event"">
    <System>
      <Provider Name=""Microsoft-Windows-Sysmon"" Guid=""{5770385f-c22a-43e0-bf4c-06f5698ffbd9}""/>
      <EventID>1</EventID>
      <Version>5</Version>
      <Level>4</Level>
      <Task>1</Task>
      <Opcode>0</Opcode>
      <Keywords>0x8000000000000000</Keywords>
      <TimeCreated SystemTime=""2023-12-28T00:36:35.0975723Z""/>
      <EventRecordID>9554</EventRecordID>
      <Correlation/>
      <Execution ProcessID=""3732"" ThreadID=""4344""/>
      <Channel>Microsoft-Windows-Sysmon/Operational</Channel>
      <Computer>WinDev2309Eval</Computer>
      <Security UserID=""S-1-5-18""/>
    </System>
    <EventData>
      <Data Name=""RuleName"">-</Data>
      <Data Name=""UtcTime"">2023-12-28 00:36:32.583</Data>
      <Data Name=""ProcessGuid"">{fda94052-c310-658c-2200-000000000c00}</Data>
      <Data Name=""ProcessId"">1600</Data>
      <Data Name=""Image"">C:\Windows\System32\svchost.exe</Data>
      <Data Name=""FileVersion"">10.0.22621.1 (WinBuild.160101.0800)</Data>
      <Data Name=""Description"">Host Process for Windows Services</Data>
      <Data Name=""Product"">Microsoft&#174; Windows&#174; Operating System</Data>
      <Data Name=""Company"">Microsoft Corporation</Data>
      <Data Name=""OriginalFileName"">svchost.exe</Data>
      <Data Name=""CommandLine"">C:\Windows\system32\svchost.exe -k LocalServiceNoNetwork -p</Data>
      <Data Name=""CurrentDirectory"">C:\Windows\system32\</Data>
      <Data Name=""User"">NT AUTHORITY\LOCAL SERVICE</Data>
      <Data Name=""LogonGuid"">{fda94052-c310-658c-e503-000000000000}</Data>
      <Data Name=""LogonId"">0x3e5</Data>
      <Data Name=""TerminalSessionId"">0</Data>
      <Data Name=""IntegrityLevel"">System</Data>
      <Data Name=""Hashes"">MD5=8EC922C7A58A8701AB481B7BE9644536,SHA256=949BFB5B4C7D58D92F3F9C5F8EC7CA4CEAFFD10EC5F0020F0A987C472D61C54B,IMPHASH=76B4BAE80D2C3B08BB062D97BF9CA791</Data>
      <Data Name=""ParentProcessGuid"">{fda94052-c30f-658c-0b00-000000000c00}</Data>
      <Data Name=""ParentProcessId"">776</Data>
      <Data Name=""ParentImage"">C:\Windows\System32\services.exe</Data>
      <Data Name=""ParentCommandLine"">C:\Windows\system32\services.exe</Data>
      <Data Name=""ParentUser"">NT AUTHORITY\SYSTEM</Data>
    </EventData>
    <RenderingInfo Culture=""en-US"">
      <Message>Process Create:

RuleName: -

UtcTime: 2023-12-28 00:36:32.583

ProcessGuid: {fda94052-c310-658c-2200-000000000c00}

ProcessId: 1600

Image: C:\Windows\System32\svchost.exe

FileVersion: 10.0.22621.1 (WinBuild.160101.0800)

Description: Host Process for Windows Services

Product: Microsoft&#174; Windows&#174; Operating System

Company: Microsoft Corporation

OriginalFileName: svchost.exe

CommandLine: C:\Windows\system32\svchost.exe -k LocalServiceNoNetwork -p

CurrentDirectory: C:\Windows\system32\

User: NT AUTHORITY\LOCAL SERVICE

LogonGuid: {fda94052-c310-658c-e503-000000000000}

LogonId: 0x3E5

TerminalSessionId: 0

IntegrityLevel: System

Hashes: MD5=8EC922C7A58A8701AB481B7BE9644536,SHA256=949BFB5B4C7D58D92F3F9C5F8EC7CA4CEAFFD10EC5F0020F0A987C472D61C54B,IMPHASH=76B4BAE80D2C3B08BB062D97BF9CA791

ParentProcessGuid: {fda94052-c30f-658c-0b00-000000000c00}

ParentProcessId: 776

ParentImage: C:\Windows\System32\services.exe

ParentCommandLine: C:\Windows\system32\services.exe

ParentUser: NT AUTHORITY\SYSTEM</Message>
      <Level>Information</Level>
      <Task>Process Create (rule: ProcessCreate)</Task>
      <Opcode>Info</Opcode>
    </RenderingInfo>
  </Event>
  
"
Microsoft-Windows-Sysmon/Operational,C:\Windows\system32\svchost.exe -k netsvcs -p -s UserManager,Microsoft Corporation,WinDev2309Eval,,C:\Windows\system32\,Host Process for Windows Services,,,,,,,1,9553,,10.0.22621.1 (WinBuild.160101.0800),"MD5=8EC922C7A58A8701AB481B7BE9644536,SHA256=949BFB5B4C7D58D92F3F9C5F8EC7CA4CEAFFD10EC5F0020F0A987C472D61C54B,IMPHASH=76B4BAE80D2C3B08BB062D97BF9CA791",C:\Windows\System32\svchost.exe,,System,0x8000000000000000,Information,{fda94052-c30f-658c-e703-000000000000},0x3e7,"Process Create:

RuleName: -

UtcTime: 2023-12-28 00:36:32.574

ProcessGuid: {fda94052-c310-658c-2100-000000000c00}

ProcessId: 1580

Image: C:\Windows\System32\svchost.exe

FileVersion: 10.0.22621.1 (WinBuild.160101.0800)

Description: Host Process for Windows Services

Product: Microsoft Windows Operating System

Company: Microsoft Corporation

OriginalFileName: svchost.exe

CommandLine: C:\Windows\system32\svchost.exe -k netsvcs -p -s UserManager

CurrentDirectory: C:\Windows\system32\

User: NT AUTHORITY\SYSTEM

LogonGuid: {fda94052-c30f-658c-e703-000000000000}

LogonId: 0x3E7

TerminalSessionId: 0

IntegrityLevel: System

Hashes: MD5=8EC922C7A58A8701AB481B7BE9644536,SHA256=949BFB5B4C7D58D92F3F9C5F8EC7CA4CEAFFD10EC5F0020F0A987C472D61C54B,IMPHASH=76B4BAE80D2C3B08BB062D97BF9CA791

ParentProcessGuid: {fda94052-c30f-658c-0b00-000000000c00}

ParentProcessId: 776

ParentImage: C:\Windows\System32\services.exe

ParentCommandLine: C:\Windows\system32\services.exe

ParentUser: NT AUTHORITY\SYSTEM",,Info,svchost.exe,C:\Windows\system32\services.exe,C:\Windows\System32\services.exe,{fda94052-c30f-658c-0b00-000000000c00},776,NT AUTHORITY\SYSTEM,{fda94052-c310-658c-2100-000000000c00},3732,1580,Microsoft Windows Operating System,,,,,"
      ",-,,,,,,,,,,,,,,,2023-12-28T00:36:35.0973024Z,,,,,,,Process Create (rule: ProcessCreate),0,4344,NT AUTHORITY\SYSTEM,S-1-5-18,2023-12-28 00:36:32.574,5,"<Event xmlns=""http://schemas.microsoft.com/win/2004/08/events/event"">
    <System>
      <Provider Name=""Microsoft-Windows-Sysmon"" Guid=""{5770385f-c22a-43e0-bf4c-06f5698ffbd9}""/>
      <EventID>1</EventID>
      <Version>5</Version>
      <Level>4</Level>
      <Task>1</Task>
      <Opcode>0</Opcode>
      <Keywords>0x8000000000000000</Keywords>
      <TimeCreated SystemTime=""2023-12-28T00:36:35.0973024Z""/>
      <EventRecordID>9553</EventRecordID>
      <Correlation/>
      <Execution ProcessID=""3732"" ThreadID=""4344""/>
      <Channel>Microsoft-Windows-Sysmon/Operational</Channel>
      <Computer>WinDev2309Eval</Computer>
      <Security UserID=""S-1-5-18""/>
    </System>
    <EventData>
      <Data Name=""RuleName"">-</Data>
      <Data Name=""UtcTime"">2023-12-28 00:36:32.574</Data>
      <Data Name=""ProcessGuid"">{fda94052-c310-658c-2100-000000000c00}</Data>
      <Data Name=""ProcessId"">1580</Data>
      <Data Name=""Image"">C:\Windows\System32\svchost.exe</Data>
      <Data Name=""FileVersion"">10.0.22621.1 (WinBuild.160101.0800)</Data>
      <Data Name=""Description"">Host Process for Windows Services</Data>
      <Data Name=""Product"">Microsoft&#174; Windows&#174; Operating System</Data>
      <Data Name=""Company"">Microsoft Corporation</Data>
      <Data Name=""OriginalFileName"">svchost.exe</Data>
      <Data Name=""CommandLine"">C:\Windows\system32\svchost.exe -k netsvcs -p -s UserManager</Data>
      <Data Name=""CurrentDirectory"">C:\Windows\system32\</Data>
      <Data Name=""User"">NT AUTHORITY\SYSTEM</Data>
      <Data Name=""LogonGuid"">{fda94052-c30f-658c-e703-000000000000}</Data>
      <Data Name=""LogonId"">0x3e7</Data>
      <Data Name=""TerminalSessionId"">0</Data>
      <Data Name=""IntegrityLevel"">System</Data>
      <Data Name=""Hashes"">MD5=8EC922C7A58A8701AB481B7BE9644536,SHA256=949BFB5B4C7D58D92F3F9C5F8EC7CA4CEAFFD10EC5F0020F0A987C472D61C54B,IMPHASH=76B4BAE80D2C3B08BB062D97BF9CA791</Data>
      <Data Name=""ParentProcessGuid"">{fda94052-c30f-658c-0b00-000000000c00}</Data>
      <Data Name=""ParentProcessId"">776</Data>
      <Data Name=""ParentImage"">C:\Windows\System32\services.exe</Data>
      <Data Name=""ParentCommandLine"">C:\Windows\system32\services.exe</Data>
      <Data Name=""ParentUser"">NT AUTHORITY\SYSTEM</Data>
    </EventData>
    <RenderingInfo Culture=""en-US"">
      <Message>Process Create:

RuleName: -

UtcTime: 2023-12-28 00:36:32.574

ProcessGuid: {fda94052-c310-658c-2100-000000000c00}

ProcessId: 1580

Image: C:\Windows\System32\svchost.exe

FileVersion: 10.0.22621.1 (WinBuild.160101.0800)

Description: Host Process for Windows Services

Product: Microsoft&#174; Windows&#174; Operating System

Company: Microsoft Corporation

OriginalFileName: svchost.exe

CommandLine: C:\Windows\system32\svchost.exe -k netsvcs -p -s UserManager

CurrentDirectory: C:\Windows\system32\

User: NT AUTHORITY\SYSTEM

LogonGuid: {fda94052-c30f-658c-e703-000000000000}

LogonId: 0x3E7

TerminalSessionId: 0

IntegrityLevel: System

Hashes: MD5=8EC922C7A58A8701AB481B7BE9644536,SHA256=949BFB5B4C7D58D92F3F9C5F8EC7CA4CEAFFD10EC5F0020F0A987C472D61C54B,IMPHASH=76B4BAE80D2C3B08BB062D97BF9CA791

ParentProcessGuid: {fda94052-c30f-658c-0b00-000000000c00}

ParentProcessId: 776

ParentImage: C:\Windows\System32\services.exe

ParentCommandLine: C:\Windows\system32\services.exe

ParentUser: NT AUTHORITY\SYSTEM</Message>
      <Level>Information</Level>
      <Task>Process Create (rule: ProcessCreate)</Task>
      <Opcode>Info</Opcode>
    </RenderingInfo>
  </Event>
  
"
Microsoft-Windows-Sysmon/Operational,C:\Windows\System32\Upfc.exe /launchtype boot /cv RrdnoBls9UGQvffKExe86Q.0,Microsoft Corporation,WinDev2309Eval,,C:\Windows\system32\,Updateability From SCM,,,,,,,1,9552,,10.0.22621.1 (WinBuild.160101.0800),"MD5=15A4C0D18B922F3D5AA1CD8118BC2580,SHA256=FA7E9C28C7482B8201E1917C82F8F2C62CFC126237878F7B613FAC29A0EDFDDE,IMPHASH=0C6B468990A015BDAF464862E338A6CD",C:\Windows\System32\upfc.exe,,System,0x8000000000000000,Information,{fda94052-c30f-658c-e703-000000000000},0x3e7,"Process Create:

RuleName: -

UtcTime: 2023-12-28 00:36:32.531

ProcessGuid: {fda94052-c310-658c-2000-000000000c00}

ProcessId: 1464

Image: C:\Windows\System32\upfc.exe

FileVersion: 10.0.22621.1 (WinBuild.160101.0800)

Description: Updateability From SCM

Product: Microsoft Windows Operating System

Company: Microsoft Corporation

OriginalFileName: upfc.exe

CommandLine: C:\Windows\System32\Upfc.exe /launchtype boot /cv RrdnoBls9UGQvffKExe86Q.0

CurrentDirectory: C:\Windows\system32\

User: NT AUTHORITY\SYSTEM

LogonGuid: {fda94052-c30f-658c-e703-000000000000}

LogonId: 0x3E7

TerminalSessionId: 0

IntegrityLevel: System

Hashes: MD5=15A4C0D18B922F3D5AA1CD8118BC2580,SHA256=FA7E9C28C7482B8201E1917C82F8F2C62CFC126237878F7B613FAC29A0EDFDDE,IMPHASH=0C6B468990A015BDAF464862E338A6CD

ParentProcessGuid: {fda94052-c30f-658c-0b00-000000000c00}

ParentProcessId: 776

ParentImage: C:\Windows\System32\services.exe

ParentCommandLine: C:\Windows\system32\services.exe

ParentUser: NT AUTHORITY\SYSTEM",,Info,upfc.exe,C:\Windows\system32\services.exe,C:\Windows\System32\services.exe,{fda94052-c30f-658c-0b00-000000000c00},776,NT AUTHORITY\SYSTEM,{fda94052-c310-658c-2000-000000000c00},3732,1464,Microsoft Windows Operating System,,,,,"
      ",-,,,,,,,,,,,,,,,2023-12-28T00:36:35.0963140Z,,,,,,,Process Create (rule: ProcessCreate),0,4344,NT AUTHORITY\SYSTEM,S-1-5-18,2023-12-28 00:36:32.531,5,"<Event xmlns=""http://schemas.microsoft.com/win/2004/08/events/event"">
    <System>
      <Provider Name=""Microsoft-Windows-Sysmon"" Guid=""{5770385f-c22a-43e0-bf4c-06f5698ffbd9}""/>
      <EventID>1</EventID>
      <Version>5</Version>
      <Level>4</Level>
      <Task>1</Task>
      <Opcode>0</Opcode>
      <Keywords>0x8000000000000000</Keywords>
      <TimeCreated SystemTime=""2023-12-28T00:36:35.0963140Z""/>
      <EventRecordID>9552</EventRecordID>
      <Correlation/>
      <Execution ProcessID=""3732"" ThreadID=""4344""/>
      <Channel>Microsoft-Windows-Sysmon/Operational</Channel>
      <Computer>WinDev2309Eval</Computer>
      <Security UserID=""S-1-5-18""/>
    </System>
    <EventData>
      <Data Name=""RuleName"">-</Data>
      <Data Name=""UtcTime"">2023-12-28 00:36:32.531</Data>
      <Data Name=""ProcessGuid"">{fda94052-c310-658c-2000-000000000c00}</Data>
      <Data Name=""ProcessId"">1464</Data>
      <Data Name=""Image"">C:\Windows\System32\upfc.exe</Data>
      <Data Name=""FileVersion"">10.0.22621.1 (WinBuild.160101.0800)</Data>
      <Data Name=""Description"">Updateability From SCM</Data>
      <Data Name=""Product"">Microsoft&#174; Windows&#174; Operating System</Data>
      <Data Name=""Company"">Microsoft Corporation</Data>
      <Data Name=""OriginalFileName"">upfc.exe</Data>
      <Data Name=""CommandLine"">C:\Windows\System32\Upfc.exe /launchtype boot /cv RrdnoBls9UGQvffKExe86Q.0</Data>
      <Data Name=""CurrentDirectory"">C:\Windows\system32\</Data>
      <Data Name=""User"">NT AUTHORITY\SYSTEM</Data>
      <Data Name=""LogonGuid"">{fda94052-c30f-658c-e703-000000000000}</Data>
      <Data Name=""LogonId"">0x3e7</Data>
      <Data Name=""TerminalSessionId"">0</Data>
      <Data Name=""IntegrityLevel"">System</Data>
      <Data Name=""Hashes"">MD5=15A4C0D18B922F3D5AA1CD8118BC2580,SHA256=FA7E9C28C7482B8201E1917C82F8F2C62CFC126237878F7B613FAC29A0EDFDDE,IMPHASH=0C6B468990A015BDAF464862E338A6CD</Data>
      <Data Name=""ParentProcessGuid"">{fda94052-c30f-658c-0b00-000000000c00}</Data>
      <Data Name=""ParentProcessId"">776</Data>
      <Data Name=""ParentImage"">C:\Windows\System32\services.exe</Data>
      <Data Name=""ParentCommandLine"">C:\Windows\system32\services.exe</Data>
      <Data Name=""ParentUser"">NT AUTHORITY\SYSTEM</Data>
    </EventData>
    <RenderingInfo Culture=""en-US"">
      <Message>Process Create:

RuleName: -

UtcTime: 2023-12-28 00:36:32.531

ProcessGuid: {fda94052-c310-658c-2000-000000000c00}

ProcessId: 1464

Image: C:\Windows\System32\upfc.exe

FileVersion: 10.0.22621.1 (WinBuild.160101.0800)

Description: Updateability From SCM

Product: Microsoft&#174; Windows&#174; Operating System

Company: Microsoft Corporation

OriginalFileName: upfc.exe

CommandLine: C:\Windows\System32\Upfc.exe /launchtype boot /cv RrdnoBls9UGQvffKExe86Q.0

CurrentDirectory: C:\Windows\system32\

User: NT AUTHORITY\SYSTEM

LogonGuid: {fda94052-c30f-658c-e703-000000000000}

LogonId: 0x3E7

TerminalSessionId: 0

IntegrityLevel: System

Hashes: MD5=15A4C0D18B922F3D5AA1CD8118BC2580,SHA256=FA7E9C28C7482B8201E1917C82F8F2C62CFC126237878F7B613FAC29A0EDFDDE,IMPHASH=0C6B468990A015BDAF464862E338A6CD

ParentProcessGuid: {fda94052-c30f-658c-0b00-000000000c00}

ParentProcessId: 776

ParentImage: C:\Windows\System32\services.exe

ParentCommandLine: C:\Windows\system32\services.exe

ParentUser: NT AUTHORITY\SYSTEM</Message>
      <Level>Information</Level>
      <Task>Process Create (rule: ProcessCreate)</Task>
      <Opcode>Info</Opcode>
    </RenderingInfo>
  </Event>
  
"
Microsoft-Windows-Sysmon/Operational,C:\Windows\system32\svchost.exe -k UserProfileService -p -s ProfSvc,Microsoft Corporation,WinDev2309Eval,,C:\Windows\system32\,Host Process for Windows Services,,,,,,,1,9551,,10.0.22621.1 (WinBuild.160101.0800),"MD5=8EC922C7A58A8701AB481B7BE9644536,SHA256=949BFB5B4C7D58D92F3F9C5F8EC7CA4CEAFFD10EC5F0020F0A987C472D61C54B,IMPHASH=76B4BAE80D2C3B08BB062D97BF9CA791",C:\Windows\System32\svchost.exe,,System,0x8000000000000000,Information,{fda94052-c30f-658c-e703-000000000000},0x3e7,"Process Create:

RuleName: -

UtcTime: 2023-12-28 00:36:32.524

ProcessGuid: {fda94052-c310-658c-1d00-000000000c00}

ProcessId: 1432

Image: C:\Windows\System32\svchost.exe

FileVersion: 10.0.22621.1 (WinBuild.160101.0800)

Description: Host Process for Windows Services

Product: Microsoft Windows Operating System

Company: Microsoft Corporation

OriginalFileName: svchost.exe

CommandLine: C:\Windows\system32\svchost.exe -k UserProfileService -p -s ProfSvc

CurrentDirectory: C:\Windows\system32\

User: NT AUTHORITY\SYSTEM

LogonGuid: {fda94052-c30f-658c-e703-000000000000}

LogonId: 0x3E7

TerminalSessionId: 0

IntegrityLevel: System

Hashes: MD5=8EC922C7A58A8701AB481B7BE9644536,SHA256=949BFB5B4C7D58D92F3F9C5F8EC7CA4CEAFFD10EC5F0020F0A987C472D61C54B,IMPHASH=76B4BAE80D2C3B08BB062D97BF9CA791

ParentProcessGuid: {fda94052-c30f-658c-0b00-000000000c00}

ParentProcessId: 776

ParentImage: C:\Windows\System32\services.exe

ParentCommandLine: C:\Windows\system32\services.exe

ParentUser: NT AUTHORITY\SYSTEM",,Info,svchost.exe,C:\Windows\system32\services.exe,C:\Windows\System32\services.exe,{fda94052-c30f-658c-0b00-000000000c00},776,NT AUTHORITY\SYSTEM,{fda94052-c310-658c-1d00-000000000c00},3732,1432,Microsoft Windows Operating System,,,,,"
      ",-,,,,,,,,,,,,,,,2023-12-28T00:36:35.0955754Z,,,,,,,Process Create (rule: ProcessCreate),0,4344,NT AUTHORITY\SYSTEM,S-1-5-18,2023-12-28 00:36:32.524,5,"<Event xmlns=""http://schemas.microsoft.com/win/2004/08/events/event"">
    <System>
      <Provider Name=""Microsoft-Windows-Sysmon"" Guid=""{5770385f-c22a-43e0-bf4c-06f5698ffbd9}""/>
      <EventID>1</EventID>
      <Version>5</Version>
      <Level>4</Level>
      <Task>1</Task>
      <Opcode>0</Opcode>
      <Keywords>0x8000000000000000</Keywords>
      <TimeCreated SystemTime=""2023-12-28T00:36:35.0955754Z""/>
      <EventRecordID>9551</EventRecordID>
      <Correlation/>
      <Execution ProcessID=""3732"" ThreadID=""4344""/>
      <Channel>Microsoft-Windows-Sysmon/Operational</Channel>
      <Computer>WinDev2309Eval</Computer>
      <Security UserID=""S-1-5-18""/>
    </System>
    <EventData>
      <Data Name=""RuleName"">-</Data>
      <Data Name=""UtcTime"">2023-12-28 00:36:32.524</Data>
      <Data Name=""ProcessGuid"">{fda94052-c310-658c-1d00-000000000c00}</Data>
      <Data Name=""ProcessId"">1432</Data>
      <Data Name=""Image"">C:\Windows\System32\svchost.exe</Data>
      <Data Name=""FileVersion"">10.0.22621.1 (WinBuild.160101.0800)</Data>
      <Data Name=""Description"">Host Process for Windows Services</Data>
      <Data Name=""Product"">Microsoft&#174; Windows&#174; Operating System</Data>
      <Data Name=""Company"">Microsoft Corporation</Data>
      <Data Name=""OriginalFileName"">svchost.exe</Data>
      <Data Name=""CommandLine"">C:\Windows\system32\svchost.exe -k UserProfileService -p -s ProfSvc</Data>
      <Data Name=""CurrentDirectory"">C:\Windows\system32\</Data>
      <Data Name=""User"">NT AUTHORITY\SYSTEM</Data>
      <Data Name=""LogonGuid"">{fda94052-c30f-658c-e703-000000000000}</Data>
      <Data Name=""LogonId"">0x3e7</Data>
      <Data Name=""TerminalSessionId"">0</Data>
      <Data Name=""IntegrityLevel"">System</Data>
      <Data Name=""Hashes"">MD5=8EC922C7A58A8701AB481B7BE9644536,SHA256=949BFB5B4C7D58D92F3F9C5F8EC7CA4CEAFFD10EC5F0020F0A987C472D61C54B,IMPHASH=76B4BAE80D2C3B08BB062D97BF9CA791</Data>
      <Data Name=""ParentProcessGuid"">{fda94052-c30f-658c-0b00-000000000c00}</Data>
      <Data Name=""ParentProcessId"">776</Data>
      <Data Name=""ParentImage"">C:\Windows\System32\services.exe</Data>
      <Data Name=""ParentCommandLine"">C:\Windows\system32\services.exe</Data>
      <Data Name=""ParentUser"">NT AUTHORITY\SYSTEM</Data>
    </EventData>
    <RenderingInfo Culture=""en-US"">
      <Message>Process Create:

RuleName: -

UtcTime: 2023-12-28 00:36:32.524

ProcessGuid: {fda94052-c310-658c-1d00-000000000c00}

ProcessId: 1432

Image: C:\Windows\System32\svchost.exe

FileVersion: 10.0.22621.1 (WinBuild.160101.0800)

Description: Host Process for Windows Services

Product: Microsoft&#174; Windows&#174; Operating System

Company: Microsoft Corporation

OriginalFileName: svchost.exe

CommandLine: C:\Windows\system32\svchost.exe -k UserProfileService -p -s ProfSvc

CurrentDirectory: C:\Windows\system32\

User: NT AUTHORITY\SYSTEM

LogonGuid: {fda94052-c30f-658c-e703-000000000000}

LogonId: 0x3E7

TerminalSessionId: 0

IntegrityLevel: System

Hashes: MD5=8EC922C7A58A8701AB481B7BE9644536,SHA256=949BFB5B4C7D58D92F3F9C5F8EC7CA4CEAFFD10EC5F0020F0A987C472D61C54B,IMPHASH=76B4BAE80D2C3B08BB062D97BF9CA791

ParentProcessGuid: {fda94052-c30f-658c-0b00-000000000c00}

ParentProcessId: 776

ParentImage: C:\Windows\System32\services.exe

ParentCommandLine: C:\Windows\system32\services.exe

ParentUser: NT AUTHORITY\SYSTEM</Message>
      <Level>Information</Level>
      <Task>Process Create (rule: ProcessCreate)</Task>
      <Opcode>Info</Opcode>
    </RenderingInfo>
  </Event>
  
"
