Microsoft-Windows-Sysmon/Operational,wininit.exe,Microsoft Corporation,WinDev2309Eval,,C:\Windows\system32\,Windows Start-Up Application,,,,,,,1,9531,,10.0.22621.1635 (WinBuild.160101.0800),"MD5=A6D1FD82F5D7490B0A5157602494A583,SHA256=C68AC230566C1E7E775BEA31A232D0912542C8506391E691795BECE67504AA03,IMPHASH=F2A24D44B58C4A23D796BF6063F86937",C:\Windows\System32\wininit.exe,,System,0x8000000000000000,Information,{fda94052-c30f-658c-e703-000000000000},0x3e7,"Process Create:

RuleName: -

UtcTime: 2023-12-28 00:36:31.127

ProcessGuid: {fda94052-c30f-658c-0900-000000000c00}

ProcessId: 648

Image: C:\Windows\System32\wininit.exe

FileVersion: 10.0.22621.1635 (WinBuild.160101.0800)

Description: Windows Start-Up Application

Product: Microsoft Windows Operating System

Company: Microsoft Corporation

OriginalFileName: WinInit.exe

CommandLine: wininit.exe

CurrentDirectory: C:\Windows\system32\

User: NT AUTHORITY\SYSTEM

LogonGuid: {fda94052-c30f-658c-e703-000000000000}

LogonId: 0x3E7

TerminalSessionId: 0

IntegrityLevel: System

Hashes: MD5=A6D1FD82F5D7490B0A5157602494A583,SHA256=C68AC230566C1E7E775BEA31A232D0912542C8506391E691795BECE67504AA03,IMPHASH=F2A24D44B58C4A23D796BF6063F86937

ParentProcessGuid: {fda94052-c30e-658c-0500-000000000c00}

ParentProcessId: 532

ParentImage: C:\Windows\System32\smss.exe

ParentCommandLine: \SystemRoot\System32\smss.exe 000000e4 000000d8 

ParentUser: NT AUTHORITY\SYSTEM",,Info,WinInit.exe,\SystemRoot\System32\smss.exe 000000e4 000000d8 ,C:\Windows\System32\smss.exe,{fda94052-c30e-658c-0500-000000000c00},532,NT AUTHORITY\SYSTEM,{fda94052-c30f-658c-0900-000000000c00},3732,648,Microsoft Windows Operating System,,,,,"
      ",-,,,,,,,,,,,,,,,2023-12-28T00:36:35.0723016Z,,,,,,,Process Create (rule: ProcessCreate),0,4344,NT AUTHORITY\SYSTEM,S-1-5-18,2023-12-28 00:36:31.127,5,"<Event xmlns=""http://schemas.microsoft.com/win/2004/08/events/event"">
    <System>
      <Provider Name=""Microsoft-Windows-Sysmon"" Guid=""{5770385f-c22a-43e0-bf4c-06f5698ffbd9}""/>
      <EventID>1</EventID>
      <Version>5</Version>
      <Level>4</Level>
      <Task>1</Task>
      <Opcode>0</Opcode>
      <Keywords>0x8000000000000000</Keywords>
      <TimeCreated SystemTime=""2023-12-28T00:36:35.0723016Z""/>
      <EventRecordID>9531</EventRecordID>
      <Correlation/>
      <Execution ProcessID=""3732"" ThreadID=""4344""/>
      <Channel>Microsoft-Windows-Sysmon/Operational</Channel>
      <Computer>WinDev2309Eval</Computer>
      <Security UserID=""S-1-5-18""/>
    </System>
    <EventData>
      <Data Name=""RuleName"">-</Data>
      <Data Name=""UtcTime"">2023-12-28 00:36:31.127</Data>
      <Data Name=""ProcessGuid"">{fda94052-c30f-658c-0900-000000000c00}</Data>
      <Data Name=""ProcessId"">648</Data>
      <Data Name=""Image"">C:\Windows\System32\wininit.exe</Data>
      <Data Name=""FileVersion"">10.0.22621.1635 (WinBuild.160101.0800)</Data>
      <Data Name=""Description"">Windows Start-Up Application</Data>
      <Data Name=""Product"">Microsoft&#174; Windows&#174; Operating System</Data>
      <Data Name=""Company"">Microsoft Corporation</Data>
      <Data Name=""OriginalFileName"">WinInit.exe</Data>
      <Data Name=""CommandLine"">wininit.exe</Data>
      <Data Name=""CurrentDirectory"">C:\Windows\system32\</Data>
      <Data Name=""User"">NT AUTHORITY\SYSTEM</Data>
      <Data Name=""LogonGuid"">{fda94052-c30f-658c-e703-000000000000}</Data>
      <Data Name=""LogonId"">0x3e7</Data>
      <Data Name=""TerminalSessionId"">0</Data>
      <Data Name=""IntegrityLevel"">System</Data>
      <Data Name=""Hashes"">MD5=A6D1FD82F5D7490B0A5157602494A583,SHA256=C68AC230566C1E7E775BEA31A232D0912542C8506391E691795BECE67504AA03,IMPHASH=F2A24D44B58C4A23D796BF6063F86937</Data>
      <Data Name=""ParentProcessGuid"">{fda94052-c30e-658c-0500-000000000c00}</Data>
      <Data Name=""ParentProcessId"">532</Data>
      <Data Name=""ParentImage"">C:\Windows\System32\smss.exe</Data>
      <Data Name=""ParentCommandLine"">\SystemRoot\System32\smss.exe 000000e4 000000d8 </Data>
      <Data Name=""ParentUser"">NT AUTHORITY\SYSTEM</Data>
    </EventData>
    <RenderingInfo Culture=""en-US"">
      <Message>Process Create:

RuleName: -

UtcTime: 2023-12-28 00:36:31.127

ProcessGuid: {fda94052-c30f-658c-0900-000000000c00}

ProcessId: 648

Image: C:\Windows\System32\wininit.exe

FileVersion: 10.0.22621.1635 (WinBuild.160101.0800)

Description: Windows Start-Up Application

Product: Microsoft&#174; Windows&#174; Operating System

Company: Microsoft Corporation

OriginalFileName: WinInit.exe

CommandLine: wininit.exe

CurrentDirectory: C:\Windows\system32\

User: NT AUTHORITY\SYSTEM

LogonGuid: {fda94052-c30f-658c-e703-000000000000}

LogonId: 0x3E7

TerminalSessionId: 0

IntegrityLevel: System

Hashes: MD5=A6D1FD82F5D7490B0A5157602494A583,SHA256=C68AC230566C1E7E775BEA31A232D0912542C8506391E691795BECE67504AA03,IMPHASH=F2A24D44B58C4A23D796BF6063F86937

ParentProcessGuid: {fda94052-c30e-658c-0500-000000000c00}

ParentProcessId: 532

ParentImage: C:\Windows\System32\smss.exe

ParentCommandLine: \SystemRoot\System32\smss.exe 000000e4 000000d8 

ParentUser: NT AUTHORITY\SYSTEM</Message>
      <Level>Information</Level>
      <Task>Process Create (rule: ProcessCreate)</Task>
      <Opcode>Info</Opcode>
    </RenderingInfo>
  </Event>
  
"
Microsoft-Windows-Sysmon/Operational,"%%SystemRoot%%\system32\csrss.exe ObjectDirectory=\Windows SharedSection=1024,20480,768 Windows=On SubSystemType=Windows ServerDll=basesrv,1 ServerDll=winsrv:UserServerDllInitialization,3 ServerDll=sxssrv,4 ProfileControl=Off MaxRequestThreads=16",Microsoft Corporation,WinDev2309Eval,,C:\Windows\system32\,Client Server Runtime Process,,,,,,,1,9530,,10.0.22621.1 (WinBuild.160101.0800),"MD5=696FB9D7E43F428634F31CF56361D7C3,SHA256=EAC814CEE400A078E2D549BA6E3D7BD09D1BC9805A1C6C9EC0610A0E558472A1,IMPHASH=A96FA9912E09E361274AD77F1A4B252C",C:\Windows\System32\csrss.exe,,System,0x8000000000000000,Information,{fda94052-c30f-658c-e703-000000000000},0x3e7,"Process Create:

RuleName: -

UtcTime: 2023-12-28 00:36:31.125

ProcessGuid: {fda94052-c30f-658c-0800-000000000c00}

ProcessId: 640

Image: C:\Windows\System32\csrss.exe

FileVersion: 10.0.22621.1 (WinBuild.160101.0800)

Description: Client Server Runtime Process

Product: Microsoft Windows Operating System

Company: Microsoft Corporation

OriginalFileName: CSRSS.Exe

CommandLine: %%SystemRoot%%\system32\csrss.exe ObjectDirectory=\Windows SharedSection=1024,20480,768 Windows=On SubSystemType=Windows ServerDll=basesrv,1 ServerDll=winsrv:UserServerDllInitialization,3 ServerDll=sxssrv,4 ProfileControl=Off MaxRequestThreads=16

CurrentDirectory: C:\Windows\system32\

User: NT AUTHORITY\SYSTEM

LogonGuid: {fda94052-c30f-658c-e703-000000000000}

LogonId: 0x3E7

TerminalSessionId: 1

IntegrityLevel: System

Hashes: MD5=696FB9D7E43F428634F31CF56361D7C3,SHA256=EAC814CEE400A078E2D549BA6E3D7BD09D1BC9805A1C6C9EC0610A0E558472A1,IMPHASH=A96FA9912E09E361274AD77F1A4B252C

ParentProcessGuid: {fda94052-c30f-658c-0700-000000000c00}

ParentProcessId: 632

ParentImage: C:\Windows\System32\smss.exe

ParentCommandLine: \SystemRoot\System32\smss.exe 000000d4 000000d8 

ParentUser: NT AUTHORITY\SYSTEM",,Info,CSRSS.Exe,\SystemRoot\System32\smss.exe 000000d4 000000d8 ,C:\Windows\System32\smss.exe,{fda94052-c30f-658c-0700-000000000c00},632,NT AUTHORITY\SYSTEM,{fda94052-c30f-658c-0800-000000000c00},3732,640,Microsoft Windows Operating System,,,,,"
      ",-,,,,,,,,,,,,,,,2023-12-28T00:36:35.0718250Z,,,,,,,Process Create (rule: ProcessCreate),1,4344,NT AUTHORITY\SYSTEM,S-1-5-18,2023-12-28 00:36:31.125,5,"<Event xmlns=""http://schemas.microsoft.com/win/2004/08/events/event"">
    <System>
      <Provider Name=""Microsoft-Windows-Sysmon"" Guid=""{5770385f-c22a-43e0-bf4c-06f5698ffbd9}""/>
      <EventID>1</EventID>
      <Version>5</Version>
      <Level>4</Level>
      <Task>1</Task>
      <Opcode>0</Opcode>
      <Keywords>0x8000000000000000</Keywords>
      <TimeCreated SystemTime=""2023-12-28T00:36:35.0718250Z""/>
      <EventRecordID>9530</EventRecordID>
      <Correlation/>
      <Execution ProcessID=""3732"" ThreadID=""4344""/>
      <Channel>Microsoft-Windows-Sysmon/Operational</Channel>
      <Computer>WinDev2309Eval</Computer>
      <Security UserID=""S-1-5-18""/>
    </System>
    <EventData>
      <Data Name=""RuleName"">-</Data>
      <Data Name=""UtcTime"">2023-12-28 00:36:31.125</Data>
      <Data Name=""ProcessGuid"">{fda94052-c30f-658c-0800-000000000c00}</Data>
      <Data Name=""ProcessId"">640</Data>
      <Data Name=""Image"">C:\Windows\System32\csrss.exe</Data>
      <Data Name=""FileVersion"">10.0.22621.1 (WinBuild.160101.0800)</Data>
      <Data Name=""Description"">Client Server Runtime Process</Data>
      <Data Name=""Product"">Microsoft&#174; Windows&#174; Operating System</Data>
      <Data Name=""Company"">Microsoft Corporation</Data>
      <Data Name=""OriginalFileName"">CSRSS.Exe</Data>
      <Data Name=""CommandLine"">%%SystemRoot%%\system32\csrss.exe ObjectDirectory=\Windows SharedSection=1024,20480,768 Windows=On SubSystemType=Windows ServerDll=basesrv,1 ServerDll=winsrv:UserServerDllInitialization,3 ServerDll=sxssrv,4 ProfileControl=Off MaxRequestThreads=16</Data>
      <Data Name=""CurrentDirectory"">C:\Windows\system32\</Data>
      <Data Name=""User"">NT AUTHORITY\SYSTEM</Data>
      <Data Name=""LogonGuid"">{fda94052-c30f-658c-e703-000000000000}</Data>
      <Data Name=""LogonId"">0x3e7</Data>
      <Data Name=""TerminalSessionId"">1</Data>
      <Data Name=""IntegrityLevel"">System</Data>
      <Data Name=""Hashes"">MD5=696FB9D7E43F428634F31CF56361D7C3,SHA256=EAC814CEE400A078E2D549BA6E3D7BD09D1BC9805A1C6C9EC0610A0E558472A1,IMPHASH=A96FA9912E09E361274AD77F1A4B252C</Data>
      <Data Name=""ParentProcessGuid"">{fda94052-c30f-658c-0700-000000000c00}</Data>
      <Data Name=""ParentProcessId"">632</Data>
      <Data Name=""ParentImage"">C:\Windows\System32\smss.exe</Data>
      <Data Name=""ParentCommandLine"">\SystemRoot\System32\smss.exe 000000d4 000000d8 </Data>
      <Data Name=""ParentUser"">NT AUTHORITY\SYSTEM</Data>
    </EventData>
    <RenderingInfo Culture=""en-US"">
      <Message>Process Create:

RuleName: -

UtcTime: 2023-12-28 00:36:31.125

ProcessGuid: {fda94052-c30f-658c-0800-000000000c00}

ProcessId: 640

Image: C:\Windows\System32\csrss.exe

FileVersion: 10.0.22621.1 (WinBuild.160101.0800)

Description: Client Server Runtime Process

Product: Microsoft&#174; Windows&#174; Operating System

Company: Microsoft Corporation

OriginalFileName: CSRSS.Exe

CommandLine: %%SystemRoot%%\system32\csrss.exe ObjectDirectory=\Windows SharedSection=1024,20480,768 Windows=On SubSystemType=Windows ServerDll=basesrv,1 ServerDll=winsrv:UserServerDllInitialization,3 ServerDll=sxssrv,4 ProfileControl=Off MaxRequestThreads=16

CurrentDirectory: C:\Windows\system32\

User: NT AUTHORITY\SYSTEM

LogonGuid: {fda94052-c30f-658c-e703-000000000000}

LogonId: 0x3E7

TerminalSessionId: 1

IntegrityLevel: System

Hashes: MD5=696FB9D7E43F428634F31CF56361D7C3,SHA256=EAC814CEE400A078E2D549BA6E3D7BD09D1BC9805A1C6C9EC0610A0E558472A1,IMPHASH=A96FA9912E09E361274AD77F1A4B252C

ParentProcessGuid: {fda94052-c30f-658c-0700-000000000c00}

ParentProcessId: 632

ParentImage: C:\Windows\System32\smss.exe

ParentCommandLine: \SystemRoot\System32\smss.exe 000000d4 000000d8 

ParentUser: NT AUTHORITY\SYSTEM</Message>
      <Level>Information</Level>
      <Task>Process Create (rule: ProcessCreate)</Task>
      <Opcode>Info</Opcode>
    </RenderingInfo>
  </Event>
  
"
Microsoft-Windows-Sysmon/Operational,\SystemRoot\System32\smss.exe 000000d4 000000d8 ,Microsoft Corporation,WinDev2309Eval,,C:\Windows\,Windows Session Manager,,,,,,,1,9529,,10.0.22621.1 (WinBuild.160101.0800),"MD5=49CE4A7FED5D271A01426F2BC262D23C,SHA256=B6800C2CA4BFEC26C8B8553BEEE774F4EBAB741B1A48ADCCCCE79F07062977BE,IMPHASH=4F94DC57F2BE941DAE6A11A2254F4613",C:\Windows\System32\smss.exe,,System,0x8000000000000000,Information,{fda94052-c30f-658c-e703-000000000000},0x3e7,"Process Create:

RuleName: -

UtcTime: 2023-12-28 00:36:31.117

ProcessGuid: {fda94052-c30f-658c-0700-000000000c00}

ProcessId: 632

Image: C:\Windows\System32\smss.exe

FileVersion: 10.0.22621.1 (WinBuild.160101.0800)

Description: Windows Session Manager

Product: Microsoft Windows Operating System

Company: Microsoft Corporation

OriginalFileName: smss.exe

CommandLine: \SystemRoot\System32\smss.exe 000000d4 000000d8 

CurrentDirectory: C:\Windows\

User: NT AUTHORITY\SYSTEM

LogonGuid: {fda94052-c30f-658c-e703-000000000000}

LogonId: 0x3E7

TerminalSessionId: 1

IntegrityLevel: System

Hashes: MD5=49CE4A7FED5D271A01426F2BC262D23C,SHA256=B6800C2CA4BFEC26C8B8553BEEE774F4EBAB741B1A48ADCCCCE79F07062977BE,IMPHASH=4F94DC57F2BE941DAE6A11A2254F4613

ParentProcessGuid: {fda94052-c309-658c-0300-000000000c00}

ParentProcessId: 404

ParentImage: C:\Windows\System32\smss.exe

ParentCommandLine: \SystemRoot\System32\smss.exe

ParentUser: NT AUTHORITY\SYSTEM",,Info,smss.exe,\SystemRoot\System32\smss.exe,C:\Windows\System32\smss.exe,{fda94052-c309-658c-0300-000000000c00},404,NT AUTHORITY\SYSTEM,{fda94052-c30f-658c-0700-000000000c00},3732,632,Microsoft Windows Operating System,,,,,"
      ",-,,,,,,,,,,,,,,,2023-12-28T00:36:35.0710602Z,,,,,,,Process Create (rule: ProcessCreate),1,4344,NT AUTHORITY\SYSTEM,S-1-5-18,2023-12-28 00:36:31.117,5,"<Event xmlns=""http://schemas.microsoft.com/win/2004/08/events/event"">
    <System>
      <Provider Name=""Microsoft-Windows-Sysmon"" Guid=""{5770385f-c22a-43e0-bf4c-06f5698ffbd9}""/>
      <EventID>1</EventID>
      <Version>5</Version>
      <Level>4</Level>
      <Task>1</Task>
      <Opcode>0</Opcode>
      <Keywords>0x8000000000000000</Keywords>
      <TimeCreated SystemTime=""2023-12-28T00:36:35.0710602Z""/>
      <EventRecordID>9529</EventRecordID>
      <Correlation/>
      <Execution ProcessID=""3732"" ThreadID=""4344""/>
      <Channel>Microsoft-Windows-Sysmon/Operational</Channel>
      <Computer>WinDev2309Eval</Computer>
      <Security UserID=""S-1-5-18""/>
    </System>
    <EventData>
      <Data Name=""RuleName"">-</Data>
      <Data Name=""UtcTime"">2023-12-28 00:36:31.117</Data>
      <Data Name=""ProcessGuid"">{fda94052-c30f-658c-0700-000000000c00}</Data>
      <Data Name=""ProcessId"">632</Data>
      <Data Name=""Image"">C:\Windows\System32\smss.exe</Data>
      <Data Name=""FileVersion"">10.0.22621.1 (WinBuild.160101.0800)</Data>
      <Data Name=""Description"">Windows Session Manager</Data>
      <Data Name=""Product"">Microsoft&#174; Windows&#174; Operating System</Data>
      <Data Name=""Company"">Microsoft Corporation</Data>
      <Data Name=""OriginalFileName"">smss.exe</Data>
      <Data Name=""CommandLine"">\SystemRoot\System32\smss.exe 000000d4 000000d8 </Data>
      <Data Name=""CurrentDirectory"">C:\Windows\</Data>
      <Data Name=""User"">NT AUTHORITY\SYSTEM</Data>
      <Data Name=""LogonGuid"">{fda94052-c30f-658c-e703-000000000000}</Data>
      <Data Name=""LogonId"">0x3e7</Data>
      <Data Name=""TerminalSessionId"">1</Data>
      <Data Name=""IntegrityLevel"">System</Data>
      <Data Name=""Hashes"">MD5=49CE4A7FED5D271A01426F2BC262D23C,SHA256=B6800C2CA4BFEC26C8B8553BEEE774F4EBAB741B1A48ADCCCCE79F07062977BE,IMPHASH=4F94DC57F2BE941DAE6A11A2254F4613</Data>
      <Data Name=""ParentProcessGuid"">{fda94052-c309-658c-0300-000000000c00}</Data>
      <Data Name=""ParentProcessId"">404</Data>
      <Data Name=""ParentImage"">C:\Windows\System32\smss.exe</Data>
      <Data Name=""ParentCommandLine"">\SystemRoot\System32\smss.exe</Data>
      <Data Name=""ParentUser"">NT AUTHORITY\SYSTEM</Data>
    </EventData>
    <RenderingInfo Culture=""en-US"">
      <Message>Process Create:

RuleName: -

UtcTime: 2023-12-28 00:36:31.117

ProcessGuid: {fda94052-c30f-658c-0700-000000000c00}

ProcessId: 632

Image: C:\Windows\System32\smss.exe

FileVersion: 10.0.22621.1 (WinBuild.160101.0800)

Description: Windows Session Manager

Product: Microsoft&#174; Windows&#174; Operating System

Company: Microsoft Corporation

OriginalFileName: smss.exe

CommandLine: \SystemRoot\System32\smss.exe 000000d4 000000d8 

CurrentDirectory: C:\Windows\

User: NT AUTHORITY\SYSTEM

LogonGuid: {fda94052-c30f-658c-e703-000000000000}

LogonId: 0x3E7

TerminalSessionId: 1

IntegrityLevel: System

Hashes: MD5=49CE4A7FED5D271A01426F2BC262D23C,SHA256=B6800C2CA4BFEC26C8B8553BEEE774F4EBAB741B1A48ADCCCCE79F07062977BE,IMPHASH=4F94DC57F2BE941DAE6A11A2254F4613

ParentProcessGuid: {fda94052-c309-658c-0300-000000000c00}

ParentProcessId: 404

ParentImage: C:\Windows\System32\smss.exe

ParentCommandLine: \SystemRoot\System32\smss.exe

ParentUser: NT AUTHORITY\SYSTEM</Message>
      <Level>Information</Level>
      <Task>Process Create (rule: ProcessCreate)</Task>
      <Opcode>Info</Opcode>
    </RenderingInfo>
  </Event>
  
"
Microsoft-Windows-Sysmon/Operational,"%%SystemRoot%%\system32\csrss.exe ObjectDirectory=\Windows SharedSection=1024,20480,768 Windows=On SubSystemType=Windows ServerDll=basesrv,1 ServerDll=winsrv:UserServerDllInitialization,3 ServerDll=sxssrv,4 ProfileControl=Off MaxRequestThreads=16",Microsoft Corporation,WinDev2309Eval,,C:\Windows\system32\,Client Server Runtime Process,,,,,,,1,9528,,10.0.22621.1 (WinBuild.160101.0800),"MD5=696FB9D7E43F428634F31CF56361D7C3,SHA256=EAC814CEE400A078E2D549BA6E3D7BD09D1BC9805A1C6C9EC0610A0E558472A1,IMPHASH=A96FA9912E09E361274AD77F1A4B252C",C:\Windows\System32\csrss.exe,,System,0x8000000000000000,Information,{fda94052-c30f-658c-e703-000000000000},0x3e7,"Process Create:

RuleName: -

UtcTime: 2023-12-28 00:36:30.731

ProcessGuid: {fda94052-c30e-658c-0600-000000000c00}

ProcessId: 540

Image: C:\Windows\System32\csrss.exe

FileVersion: 10.0.22621.1 (WinBuild.160101.0800)

Description: Client Server Runtime Process

Product: Microsoft Windows Operating System

Company: Microsoft Corporation

OriginalFileName: CSRSS.Exe

CommandLine: %%SystemRoot%%\system32\csrss.exe ObjectDirectory=\Windows SharedSection=1024,20480,768 Windows=On SubSystemType=Windows ServerDll=basesrv,1 ServerDll=winsrv:UserServerDllInitialization,3 ServerDll=sxssrv,4 ProfileControl=Off MaxRequestThreads=16

CurrentDirectory: C:\Windows\system32\

User: NT AUTHORITY\SYSTEM

LogonGuid: {fda94052-c30f-658c-e703-000000000000}

LogonId: 0x3E7

TerminalSessionId: 0

IntegrityLevel: System

Hashes: MD5=696FB9D7E43F428634F31CF56361D7C3,SHA256=EAC814CEE400A078E2D549BA6E3D7BD09D1BC9805A1C6C9EC0610A0E558472A1,IMPHASH=A96FA9912E09E361274AD77F1A4B252C

ParentProcessGuid: {fda94052-c30e-658c-0500-000000000c00}

ParentProcessId: 532

ParentImage: C:\Windows\System32\smss.exe

ParentCommandLine: \SystemRoot\System32\smss.exe 000000e4 000000d8 

ParentUser: NT AUTHORITY\SYSTEM",,Info,CSRSS.Exe,\SystemRoot\System32\smss.exe 000000e4 000000d8 ,C:\Windows\System32\smss.exe,{fda94052-c30e-658c-0500-000000000c00},532,NT AUTHORITY\SYSTEM,{fda94052-c30e-658c-0600-000000000c00},3732,540,Microsoft Windows Operating System,,,,,"
      ",-,,,,,,,,,,,,,,,2023-12-28T00:36:35.0637839Z,,,,,,,Process Create (rule: ProcessCreate),0,4344,NT AUTHORITY\SYSTEM,S-1-5-18,2023-12-28 00:36:30.731,5,"<Event xmlns=""http://schemas.microsoft.com/win/2004/08/events/event"">
    <System>
      <Provider Name=""Microsoft-Windows-Sysmon"" Guid=""{5770385f-c22a-43e0-bf4c-06f5698ffbd9}""/>
      <EventID>1</EventID>
      <Version>5</Version>
      <Level>4</Level>
      <Task>1</Task>
      <Opcode>0</Opcode>
      <Keywords>0x8000000000000000</Keywords>
      <TimeCreated SystemTime=""2023-12-28T00:36:35.0637839Z""/>
      <EventRecordID>9528</EventRecordID>
      <Correlation/>
      <Execution ProcessID=""3732"" ThreadID=""4344""/>
      <Channel>Microsoft-Windows-Sysmon/Operational</Channel>
      <Computer>WinDev2309Eval</Computer>
      <Security UserID=""S-1-5-18""/>
    </System>
    <EventData>
      <Data Name=""RuleName"">-</Data>
      <Data Name=""UtcTime"">2023-12-28 00:36:30.731</Data>
      <Data Name=""ProcessGuid"">{fda94052-c30e-658c-0600-000000000c00}</Data>
      <Data Name=""ProcessId"">540</Data>
      <Data Name=""Image"">C:\Windows\System32\csrss.exe</Data>
      <Data Name=""FileVersion"">10.0.22621.1 (WinBuild.160101.0800)</Data>
      <Data Name=""Description"">Client Server Runtime Process</Data>
      <Data Name=""Product"">Microsoft&#174; Windows&#174; Operating System</Data>
      <Data Name=""Company"">Microsoft Corporation</Data>
      <Data Name=""OriginalFileName"">CSRSS.Exe</Data>
      <Data Name=""CommandLine"">%%SystemRoot%%\system32\csrss.exe ObjectDirectory=\Windows SharedSection=1024,20480,768 Windows=On SubSystemType=Windows ServerDll=basesrv,1 ServerDll=winsrv:UserServerDllInitialization,3 ServerDll=sxssrv,4 ProfileControl=Off MaxRequestThreads=16</Data>
      <Data Name=""CurrentDirectory"">C:\Windows\system32\</Data>
      <Data Name=""User"">NT AUTHORITY\SYSTEM</Data>
      <Data Name=""LogonGuid"">{fda94052-c30f-658c-e703-000000000000}</Data>
      <Data Name=""LogonId"">0x3e7</Data>
      <Data Name=""TerminalSessionId"">0</Data>
      <Data Name=""IntegrityLevel"">System</Data>
      <Data Name=""Hashes"">MD5=696FB9D7E43F428634F31CF56361D7C3,SHA256=EAC814CEE400A078E2D549BA6E3D7BD09D1BC9805A1C6C9EC0610A0E558472A1,IMPHASH=A96FA9912E09E361274AD77F1A4B252C</Data>
      <Data Name=""ParentProcessGuid"">{fda94052-c30e-658c-0500-000000000c00}</Data>
      <Data Name=""ParentProcessId"">532</Data>
      <Data Name=""ParentImage"">C:\Windows\System32\smss.exe</Data>
      <Data Name=""ParentCommandLine"">\SystemRoot\System32\smss.exe 000000e4 000000d8 </Data>
      <Data Name=""ParentUser"">NT AUTHORITY\SYSTEM</Data>
    </EventData>
    <RenderingInfo Culture=""en-US"">
      <Message>Process Create:

RuleName: -

UtcTime: 2023-12-28 00:36:30.731

ProcessGuid: {fda94052-c30e-658c-0600-000000000c00}

ProcessId: 540

Image: C:\Windows\System32\csrss.exe

FileVersion: 10.0.22621.1 (WinBuild.160101.0800)

Description: Client Server Runtime Process

Product: Microsoft&#174; Windows&#174; Operating System

Company: Microsoft Corporation

OriginalFileName: CSRSS.Exe

CommandLine: %%SystemRoot%%\system32\csrss.exe ObjectDirectory=\Windows SharedSection=1024,20480,768 Windows=On SubSystemType=Windows ServerDll=basesrv,1 ServerDll=winsrv:UserServerDllInitialization,3 ServerDll=sxssrv,4 ProfileControl=Off MaxRequestThreads=16

CurrentDirectory: C:\Windows\system32\

User: NT AUTHORITY\SYSTEM

LogonGuid: {fda94052-c30f-658c-e703-000000000000}

LogonId: 0x3E7

TerminalSessionId: 0

IntegrityLevel: System

Hashes: MD5=696FB9D7E43F428634F31CF56361D7C3,SHA256=EAC814CEE400A078E2D549BA6E3D7BD09D1BC9805A1C6C9EC0610A0E558472A1,IMPHASH=A96FA9912E09E361274AD77F1A4B252C

ParentProcessGuid: {fda94052-c30e-658c-0500-000000000c00}

ParentProcessId: 532

ParentImage: C:\Windows\System32\smss.exe

ParentCommandLine: \SystemRoot\System32\smss.exe 000000e4 000000d8 

ParentUser: NT AUTHORITY\SYSTEM</Message>
      <Level>Information</Level>
      <Task>Process Create (rule: ProcessCreate)</Task>
      <Opcode>Info</Opcode>
    </RenderingInfo>
  </Event>
  
"
Microsoft-Windows-Sysmon/Operational,\SystemRoot\System32\smss.exe 000000e4 000000d8 ,Microsoft Corporation,WinDev2309Eval,,C:\Windows\,Windows Session Manager,,,,,,,1,9527,,10.0.22621.1 (WinBuild.160101.0800),"MD5=49CE4A7FED5D271A01426F2BC262D23C,SHA256=B6800C2CA4BFEC26C8B8553BEEE774F4EBAB741B1A48ADCCCCE79F07062977BE,IMPHASH=4F94DC57F2BE941DAE6A11A2254F4613",C:\Windows\System32\smss.exe,,System,0x8000000000000000,Information,{fda94052-c30f-658c-e703-000000000000},0x3e7,"Process Create:

RuleName: -

UtcTime: 2023-12-28 00:36:30.480

ProcessGuid: {fda94052-c30e-658c-0500-000000000c00}

ProcessId: 532

Image: C:\Windows\System32\smss.exe

FileVersion: 10.0.22621.1 (WinBuild.160101.0800)

Description: Windows Session Manager

Product: Microsoft Windows Operating System

Company: Microsoft Corporation

OriginalFileName: smss.exe

CommandLine: \SystemRoot\System32\smss.exe 000000e4 000000d8 

CurrentDirectory: C:\Windows\

User: NT AUTHORITY\SYSTEM

LogonGuid: {fda94052-c30f-658c-e703-000000000000}

LogonId: 0x3E7

TerminalSessionId: 0

IntegrityLevel: System

Hashes: MD5=49CE4A7FED5D271A01426F2BC262D23C,SHA256=B6800C2CA4BFEC26C8B8553BEEE774F4EBAB741B1A48ADCCCCE79F07062977BE,IMPHASH=4F94DC57F2BE941DAE6A11A2254F4613

ParentProcessGuid: {fda94052-c309-658c-0300-000000000c00}

ParentProcessId: 404

ParentImage: C:\Windows\System32\smss.exe

ParentCommandLine: \SystemRoot\System32\smss.exe

ParentUser: NT AUTHORITY\SYSTEM",,Info,smss.exe,\SystemRoot\System32\smss.exe,C:\Windows\System32\smss.exe,{fda94052-c309-658c-0300-000000000c00},404,NT AUTHORITY\SYSTEM,{fda94052-c30e-658c-0500-000000000c00},3732,532,Microsoft Windows Operating System,,,,,"
      ",-,,,,,,,,,,,,,,,2023-12-28T00:36:35.0599272Z,,,,,,,Process Create (rule: ProcessCreate),0,4344,NT AUTHORITY\SYSTEM,S-1-5-18,2023-12-28 00:36:30.480,5,"<Event xmlns=""http://schemas.microsoft.com/win/2004/08/events/event"">
    <System>
      <Provider Name=""Microsoft-Windows-Sysmon"" Guid=""{5770385f-c22a-43e0-bf4c-06f5698ffbd9}""/>
      <EventID>1</EventID>
      <Version>5</Version>
      <Level>4</Level>
      <Task>1</Task>
      <Opcode>0</Opcode>
      <Keywords>0x8000000000000000</Keywords>
      <TimeCreated SystemTime=""2023-12-28T00:36:35.0599272Z""/>
      <EventRecordID>9527</EventRecordID>
      <Correlation/>
      <Execution ProcessID=""3732"" ThreadID=""4344""/>
      <Channel>Microsoft-Windows-Sysmon/Operational</Channel>
      <Computer>WinDev2309Eval</Computer>
      <Security UserID=""S-1-5-18""/>
    </System>
    <EventData>
      <Data Name=""RuleName"">-</Data>
      <Data Name=""UtcTime"">2023-12-28 00:36:30.480</Data>
      <Data Name=""ProcessGuid"">{fda94052-c30e-658c-0500-000000000c00}</Data>
      <Data Name=""ProcessId"">532</Data>
      <Data Name=""Image"">C:\Windows\System32\smss.exe</Data>
      <Data Name=""FileVersion"">10.0.22621.1 (WinBuild.160101.0800)</Data>
      <Data Name=""Description"">Windows Session Manager</Data>
      <Data Name=""Product"">Microsoft&#174; Windows&#174; Operating System</Data>
      <Data Name=""Company"">Microsoft Corporation</Data>
      <Data Name=""OriginalFileName"">smss.exe</Data>
      <Data Name=""CommandLine"">\SystemRoot\System32\smss.exe 000000e4 000000d8 </Data>
      <Data Name=""CurrentDirectory"">C:\Windows\</Data>
      <Data Name=""User"">NT AUTHORITY\SYSTEM</Data>
      <Data Name=""LogonGuid"">{fda94052-c30f-658c-e703-000000000000}</Data>
      <Data Name=""LogonId"">0x3e7</Data>
      <Data Name=""TerminalSessionId"">0</Data>
      <Data Name=""IntegrityLevel"">System</Data>
      <Data Name=""Hashes"">MD5=49CE4A7FED5D271A01426F2BC262D23C,SHA256=B6800C2CA4BFEC26C8B8553BEEE774F4EBAB741B1A48ADCCCCE79F07062977BE,IMPHASH=4F94DC57F2BE941DAE6A11A2254F4613</Data>
      <Data Name=""ParentProcessGuid"">{fda94052-c309-658c-0300-000000000c00}</Data>
      <Data Name=""ParentProcessId"">404</Data>
      <Data Name=""ParentImage"">C:\Windows\System32\smss.exe</Data>
      <Data Name=""ParentCommandLine"">\SystemRoot\System32\smss.exe</Data>
      <Data Name=""ParentUser"">NT AUTHORITY\SYSTEM</Data>
    </EventData>
    <RenderingInfo Culture=""en-US"">
      <Message>Process Create:

RuleName: -

UtcTime: 2023-12-28 00:36:30.480

ProcessGuid: {fda94052-c30e-658c-0500-000000000c00}

ProcessId: 532

Image: C:\Windows\System32\smss.exe

FileVersion: 10.0.22621.1 (WinBuild.160101.0800)

Description: Windows Session Manager

Product: Microsoft&#174; Windows&#174; Operating System

Company: Microsoft Corporation

OriginalFileName: smss.exe

CommandLine: \SystemRoot\System32\smss.exe 000000e4 000000d8 

CurrentDirectory: C:\Windows\

User: NT AUTHORITY\SYSTEM

LogonGuid: {fda94052-c30f-658c-e703-000000000000}

LogonId: 0x3E7

TerminalSessionId: 0

IntegrityLevel: System

Hashes: MD5=49CE4A7FED5D271A01426F2BC262D23C,SHA256=B6800C2CA4BFEC26C8B8553BEEE774F4EBAB741B1A48ADCCCCE79F07062977BE,IMPHASH=4F94DC57F2BE941DAE6A11A2254F4613

ParentProcessGuid: {fda94052-c309-658c-0300-000000000c00}

ParentProcessId: 404

ParentImage: C:\Windows\System32\smss.exe

ParentCommandLine: \SystemRoot\System32\smss.exe

ParentUser: NT AUTHORITY\SYSTEM</Message>
      <Level>Information</Level>
      <Task>Process Create (rule: ProcessCreate)</Task>
      <Opcode>Info</Opcode>
    </RenderingInfo>
  </Event>
  
"
Microsoft-Windows-Sysmon/Operational,,,WinDev2309Eval,,,,,,,,,,4,9526,,,,,,,0x8000000000000000,Information,,,"Sysmon service state changed:

UtcTime: 2023-12-28 00:36:34.982

State: Started

Version: 15.11

SchemaVersion: 4.90",,Info,,,,,,,,3732,,,,,,,"
      ",,4.90,,,,,,,,,,,,,Started,2023-12-28T00:36:34.9898335Z,,,,,,,Sysmon service state changed,,4344,,S-1-5-18,2023-12-28 00:36:34.982,15.11,"<Event xmlns=""http://schemas.microsoft.com/win/2004/08/events/event"">
    <System>
      <Provider Name=""Microsoft-Windows-Sysmon"" Guid=""{5770385f-c22a-43e0-bf4c-06f5698ffbd9}""/>
      <EventID>4</EventID>
      <Version>3</Version>
      <Level>4</Level>
      <Task>4</Task>
      <Opcode>0</Opcode>
      <Keywords>0x8000000000000000</Keywords>
      <TimeCreated SystemTime=""2023-12-28T00:36:34.9898335Z""/>
      <EventRecordID>9526</EventRecordID>
      <Correlation/>
      <Execution ProcessID=""3732"" ThreadID=""4344""/>
      <Channel>Microsoft-Windows-Sysmon/Operational</Channel>
      <Computer>WinDev2309Eval</Computer>
      <Security UserID=""S-1-5-18""/>
    </System>
    <EventData>
      <Data Name=""UtcTime"">2023-12-28 00:36:34.982</Data>
      <Data Name=""State"">Started</Data>
      <Data Name=""Version"">15.11</Data>
      <Data Name=""SchemaVersion"">4.90</Data>
    </EventData>
    <RenderingInfo Culture=""en-US"">
      <Message>Sysmon service state changed:

UtcTime: 2023-12-28 00:36:34.982

State: Started

Version: 15.11

SchemaVersion: 4.90</Message>
      <Level>Information</Level>
      <Task>Sysmon service state changed</Task>
      <Opcode>Info</Opcode>
    </RenderingInfo>
  </Event>
  
"
Microsoft-Windows-Sysmon/Operational,,,WinDev2309Eval,,,,,,,,,,8,9525,,,,,,,0x8000000000000000,Information,,,"CreateRemoteThread detected:

RuleName: -

UtcTime: 2023-12-28 00:35:58.071

SourceProcessGuid: {fda94052-34eb-658d-0600-000000000b00}

SourceProcessId: 544

SourceImage: <unknown process>

TargetProcessGuid: {fda94052-c2d7-658c-4a02-000000000b00}

TargetProcessId: 10932

TargetImage: C:\Windows\System32\svchost.exe

NewThreadId: 1116

StartAddress: 0x00007FFC70566B40

StartModule: C:\Windows\System32\KERNELBASE.dll

StartFunction: CtrlRoutine

SourceUser: NT AUTHORITY\SYSTEM

TargetUser: NT AUTHORITY\SYSTEM",1116,Info,,,,,,,,7044,,,,,,,"
      ",-,,,<unknown process>,,,,,{fda94052-34eb-658d-0600-000000000b00},544,NT AUTHORITY\SYSTEM,0x00007FFC70566B40,CtrlRoutine,C:\Windows\System32\KERNELBASE.dll,,2023-12-28T00:35:58.2517043Z,,C:\Windows\System32\svchost.exe,,{fda94052-c2d7-658c-4a02-000000000b00},10932,NT AUTHORITY\SYSTEM,CreateRemoteThread detected (rule: CreateRemoteThread),,6672,,S-1-5-18,2023-12-28 00:35:58.071,2,"<Event xmlns=""http://schemas.microsoft.com/win/2004/08/events/event"">
    <System>
      <Provider Name=""Microsoft-Windows-Sysmon"" Guid=""{5770385f-c22a-43e0-bf4c-06f5698ffbd9}""/>
      <EventID>8</EventID>
      <Version>2</Version>
      <Level>4</Level>
      <Task>8</Task>
      <Opcode>0</Opcode>
      <Keywords>0x8000000000000000</Keywords>
      <TimeCreated SystemTime=""2023-12-28T00:35:58.2517043Z""/>
      <EventRecordID>9525</EventRecordID>
      <Correlation/>
      <Execution ProcessID=""7044"" ThreadID=""6672""/>
      <Channel>Microsoft-Windows-Sysmon/Operational</Channel>
      <Computer>WinDev2309Eval</Computer>
      <Security UserID=""S-1-5-18""/>
    </System>
    <EventData>
      <Data Name=""RuleName"">-</Data>
      <Data Name=""UtcTime"">2023-12-28 00:35:58.071</Data>
      <Data Name=""SourceProcessGuid"">{fda94052-34eb-658d-0600-000000000b00}</Data>
      <Data Name=""SourceProcessId"">544</Data>
      <Data Name=""SourceImage"">&lt;unknown process&gt;</Data>
      <Data Name=""TargetProcessGuid"">{fda94052-c2d7-658c-4a02-000000000b00}</Data>
      <Data Name=""TargetProcessId"">10932</Data>
      <Data Name=""TargetImage"">C:\Windows\System32\svchost.exe</Data>
      <Data Name=""NewThreadId"">1116</Data>
      <Data Name=""StartAddress"">0x00007FFC70566B40</Data>
      <Data Name=""StartModule"">C:\Windows\System32\KERNELBASE.dll</Data>
      <Data Name=""StartFunction"">CtrlRoutine</Data>
      <Data Name=""SourceUser"">NT AUTHORITY\SYSTEM</Data>
      <Data Name=""TargetUser"">NT AUTHORITY\SYSTEM</Data>
    </EventData>
    <RenderingInfo Culture=""en-US"">
      <Message>CreateRemoteThread detected:

RuleName: -

UtcTime: 2023-12-28 00:35:58.071

SourceProcessGuid: {fda94052-34eb-658d-0600-000000000b00}

SourceProcessId: 544

SourceImage: &lt;unknown process&gt;

TargetProcessGuid: {fda94052-c2d7-658c-4a02-000000000b00}

TargetProcessId: 10932

TargetImage: C:\Windows\System32\svchost.exe

NewThreadId: 1116

StartAddress: 0x00007FFC70566B40

StartModule: C:\Windows\System32\KERNELBASE.dll

StartFunction: CtrlRoutine

SourceUser: NT AUTHORITY\SYSTEM

TargetUser: NT AUTHORITY\SYSTEM</Message>
      <Level>Information</Level>
      <Task>CreateRemoteThread detected (rule: CreateRemoteThread)</Task>
      <Opcode>Info</Opcode>
    </RenderingInfo>
  </Event>
  
"
Microsoft-Windows-Sysmon/Operational,,,WinDev2309Eval,,,,,,,,,,8,9524,,,,,,,0x8000000000000000,Information,,,"CreateRemoteThread detected:

RuleName: -

UtcTime: 2023-12-28 00:35:58.071

SourceProcessGuid: {fda94052-34eb-658d-0600-000000000b00}

SourceProcessId: 544

SourceImage: <unknown process>

TargetProcessGuid: {fda94052-b678-658c-b800-000000000b00}

TargetProcessId: 6924

TargetImage: C:\Windows\system32\svchost.exe

NewThreadId: 4804

StartAddress: 0x00007FFC70566B40

StartModule: C:\Windows\System32\KERNELBASE.dll

StartFunction: CtrlRoutine

SourceUser: NT AUTHORITY\SYSTEM

TargetUser: NT AUTHORITY\SYSTEM",4804,Info,,,,,,,,7044,,,,,,,"
      ",-,,,<unknown process>,,,,,{fda94052-34eb-658d-0600-000000000b00},544,NT AUTHORITY\SYSTEM,0x00007FFC70566B40,CtrlRoutine,C:\Windows\System32\KERNELBASE.dll,,2023-12-28T00:35:58.2504049Z,,C:\Windows\system32\svchost.exe,,{fda94052-b678-658c-b800-000000000b00},6924,NT AUTHORITY\SYSTEM,CreateRemoteThread detected (rule: CreateRemoteThread),,6672,,S-1-5-18,2023-12-28 00:35:58.071,2,"<Event xmlns=""http://schemas.microsoft.com/win/2004/08/events/event"">
    <System>
      <Provider Name=""Microsoft-Windows-Sysmon"" Guid=""{5770385f-c22a-43e0-bf4c-06f5698ffbd9}""/>
      <EventID>8</EventID>
      <Version>2</Version>
      <Level>4</Level>
      <Task>8</Task>
      <Opcode>0</Opcode>
      <Keywords>0x8000000000000000</Keywords>
      <TimeCreated SystemTime=""2023-12-28T00:35:58.2504049Z""/>
      <EventRecordID>9524</EventRecordID>
      <Correlation/>
      <Execution ProcessID=""7044"" ThreadID=""6672""/>
      <Channel>Microsoft-Windows-Sysmon/Operational</Channel>
      <Computer>WinDev2309Eval</Computer>
      <Security UserID=""S-1-5-18""/>
    </System>
    <EventData>
      <Data Name=""RuleName"">-</Data>
      <Data Name=""UtcTime"">2023-12-28 00:35:58.071</Data>
      <Data Name=""SourceProcessGuid"">{fda94052-34eb-658d-0600-000000000b00}</Data>
      <Data Name=""SourceProcessId"">544</Data>
      <Data Name=""SourceImage"">&lt;unknown process&gt;</Data>
      <Data Name=""TargetProcessGuid"">{fda94052-b678-658c-b800-000000000b00}</Data>
      <Data Name=""TargetProcessId"">6924</Data>
      <Data Name=""TargetImage"">C:\Windows\system32\svchost.exe</Data>
      <Data Name=""NewThreadId"">4804</Data>
      <Data Name=""StartAddress"">0x00007FFC70566B40</Data>
      <Data Name=""StartModule"">C:\Windows\System32\KERNELBASE.dll</Data>
      <Data Name=""StartFunction"">CtrlRoutine</Data>
      <Data Name=""SourceUser"">NT AUTHORITY\SYSTEM</Data>
      <Data Name=""TargetUser"">NT AUTHORITY\SYSTEM</Data>
    </EventData>
    <RenderingInfo Culture=""en-US"">
      <Message>CreateRemoteThread detected:

RuleName: -

UtcTime: 2023-12-28 00:35:58.071

SourceProcessGuid: {fda94052-34eb-658d-0600-000000000b00}

SourceProcessId: 544

SourceImage: &lt;unknown process&gt;

TargetProcessGuid: {fda94052-b678-658c-b800-000000000b00}

TargetProcessId: 6924

TargetImage: C:\Windows\system32\svchost.exe

NewThreadId: 4804

StartAddress: 0x00007FFC70566B40

StartModule: C:\Windows\System32\KERNELBASE.dll

StartFunction: CtrlRoutine

SourceUser: NT AUTHORITY\SYSTEM

TargetUser: NT AUTHORITY\SYSTEM</Message>
      <Level>Information</Level>
      <Task>CreateRemoteThread detected (rule: CreateRemoteThread)</Task>
      <Opcode>Info</Opcode>
    </RenderingInfo>
  </Event>
  
"
Microsoft-Windows-Sysmon/Operational,,,WinDev2309Eval,,,,,,,,,,8,9523,,,,,,,0x8000000000000000,Information,,,"CreateRemoteThread detected:

RuleName: -

UtcTime: 2023-12-28 00:35:58.071

SourceProcessGuid: {fda94052-34eb-658d-0600-000000000b00}

SourceProcessId: 544

SourceImage: <unknown process>

TargetProcessGuid: {fda94052-b8d6-658c-3c02-000000000b00}

TargetProcessId: 10880

TargetImage: C:\Windows\System32\wbem\WmiPrvSE.exe

NewThreadId: 10752

StartAddress: 0x00007FFC70566B40

StartModule: C:\Windows\System32\KERNELBASE.dll

StartFunction: CtrlRoutine

SourceUser: NT AUTHORITY\SYSTEM

TargetUser: NT AUTHORITY\LOCAL SERVICE",10752,Info,,,,,,,,7044,,,,,,,"
      ",-,,,<unknown process>,,,,,{fda94052-34eb-658d-0600-000000000b00},544,NT AUTHORITY\SYSTEM,0x00007FFC70566B40,CtrlRoutine,C:\Windows\System32\KERNELBASE.dll,,2023-12-28T00:35:58.2489896Z,,C:\Windows\System32\wbem\WmiPrvSE.exe,,{fda94052-b8d6-658c-3c02-000000000b00},10880,NT AUTHORITY\LOCAL SERVICE,CreateRemoteThread detected (rule: CreateRemoteThread),,6672,,S-1-5-18,2023-12-28 00:35:58.071,2,"<Event xmlns=""http://schemas.microsoft.com/win/2004/08/events/event"">
    <System>
      <Provider Name=""Microsoft-Windows-Sysmon"" Guid=""{5770385f-c22a-43e0-bf4c-06f5698ffbd9}""/>
      <EventID>8</EventID>
      <Version>2</Version>
      <Level>4</Level>
      <Task>8</Task>
      <Opcode>0</Opcode>
      <Keywords>0x8000000000000000</Keywords>
      <TimeCreated SystemTime=""2023-12-28T00:35:58.2489896Z""/>
      <EventRecordID>9523</EventRecordID>
      <Correlation/>
      <Execution ProcessID=""7044"" ThreadID=""6672""/>
      <Channel>Microsoft-Windows-Sysmon/Operational</Channel>
      <Computer>WinDev2309Eval</Computer>
      <Security UserID=""S-1-5-18""/>
    </System>
    <EventData>
      <Data Name=""RuleName"">-</Data>
      <Data Name=""UtcTime"">2023-12-28 00:35:58.071</Data>
      <Data Name=""SourceProcessGuid"">{fda94052-34eb-658d-0600-000000000b00}</Data>
      <Data Name=""SourceProcessId"">544</Data>
      <Data Name=""SourceImage"">&lt;unknown process&gt;</Data>
      <Data Name=""TargetProcessGuid"">{fda94052-b8d6-658c-3c02-000000000b00}</Data>
      <Data Name=""TargetProcessId"">10880</Data>
      <Data Name=""TargetImage"">C:\Windows\System32\wbem\WmiPrvSE.exe</Data>
      <Data Name=""NewThreadId"">10752</Data>
      <Data Name=""StartAddress"">0x00007FFC70566B40</Data>
      <Data Name=""StartModule"">C:\Windows\System32\KERNELBASE.dll</Data>
      <Data Name=""StartFunction"">CtrlRoutine</Data>
      <Data Name=""SourceUser"">NT AUTHORITY\SYSTEM</Data>
      <Data Name=""TargetUser"">NT AUTHORITY\LOCAL SERVICE</Data>
    </EventData>
    <RenderingInfo Culture=""en-US"">
      <Message>CreateRemoteThread detected:

RuleName: -

UtcTime: 2023-12-28 00:35:58.071

SourceProcessGuid: {fda94052-34eb-658d-0600-000000000b00}

SourceProcessId: 544

SourceImage: &lt;unknown process&gt;

TargetProcessGuid: {fda94052-b8d6-658c-3c02-000000000b00}

TargetProcessId: 10880

TargetImage: C:\Windows\System32\wbem\WmiPrvSE.exe

NewThreadId: 10752

StartAddress: 0x00007FFC70566B40

StartModule: C:\Windows\System32\KERNELBASE.dll

StartFunction: CtrlRoutine

SourceUser: NT AUTHORITY\SYSTEM

TargetUser: NT AUTHORITY\LOCAL SERVICE</Message>
      <Level>Information</Level>
      <Task>CreateRemoteThread detected (rule: CreateRemoteThread)</Task>
      <Opcode>Info</Opcode>
    </RenderingInfo>
  </Event>
  
"
Microsoft-Windows-Sysmon/Operational,,,WinDev2309Eval,,,,,,,,,,8,9522,,,,,,,0x8000000000000000,Information,,,"CreateRemoteThread detected:

RuleName: -

UtcTime: 2023-12-28 00:35:58.071

SourceProcessGuid: {fda94052-34eb-658d-0600-000000000b00}

SourceProcessId: 544

SourceImage: <unknown process>

TargetProcessGuid: {fda94052-b677-658c-b400-000000000b00}

TargetProcessId: 5240

TargetImage: C:\Windows\system32\svchost.exe

NewThreadId: 1076

StartAddress: 0x00007FFC70566B40

StartModule: C:\Windows\System32\KERNELBASE.dll

StartFunction: CtrlRoutine

SourceUser: NT AUTHORITY\SYSTEM

TargetUser: NT AUTHORITY\SYSTEM",1076,Info,,,,,,,,7044,,,,,,,"
      ",-,,,<unknown process>,,,,,{fda94052-34eb-658d-0600-000000000b00},544,NT AUTHORITY\SYSTEM,0x00007FFC70566B40,CtrlRoutine,C:\Windows\System32\KERNELBASE.dll,,2023-12-28T00:35:58.2485361Z,,C:\Windows\system32\svchost.exe,,{fda94052-b677-658c-b400-000000000b00},5240,NT AUTHORITY\SYSTEM,CreateRemoteThread detected (rule: CreateRemoteThread),,6672,,S-1-5-18,2023-12-28 00:35:58.071,2,"<Event xmlns=""http://schemas.microsoft.com/win/2004/08/events/event"">
    <System>
      <Provider Name=""Microsoft-Windows-Sysmon"" Guid=""{5770385f-c22a-43e0-bf4c-06f5698ffbd9}""/>
      <EventID>8</EventID>
      <Version>2</Version>
      <Level>4</Level>
      <Task>8</Task>
      <Opcode>0</Opcode>
      <Keywords>0x8000000000000000</Keywords>
      <TimeCreated SystemTime=""2023-12-28T00:35:58.2485361Z""/>
      <EventRecordID>9522</EventRecordID>
      <Correlation/>
      <Execution ProcessID=""7044"" ThreadID=""6672""/>
      <Channel>Microsoft-Windows-Sysmon/Operational</Channel>
      <Computer>WinDev2309Eval</Computer>
      <Security UserID=""S-1-5-18""/>
    </System>
    <EventData>
      <Data Name=""RuleName"">-</Data>
      <Data Name=""UtcTime"">2023-12-28 00:35:58.071</Data>
      <Data Name=""SourceProcessGuid"">{fda94052-34eb-658d-0600-000000000b00}</Data>
      <Data Name=""SourceProcessId"">544</Data>
      <Data Name=""SourceImage"">&lt;unknown process&gt;</Data>
      <Data Name=""TargetProcessGuid"">{fda94052-b677-658c-b400-000000000b00}</Data>
      <Data Name=""TargetProcessId"">5240</Data>
      <Data Name=""TargetImage"">C:\Windows\system32\svchost.exe</Data>
      <Data Name=""NewThreadId"">1076</Data>
      <Data Name=""StartAddress"">0x00007FFC70566B40</Data>
      <Data Name=""StartModule"">C:\Windows\System32\KERNELBASE.dll</Data>
      <Data Name=""StartFunction"">CtrlRoutine</Data>
      <Data Name=""SourceUser"">NT AUTHORITY\SYSTEM</Data>
      <Data Name=""TargetUser"">NT AUTHORITY\SYSTEM</Data>
    </EventData>
    <RenderingInfo Culture=""en-US"">
      <Message>CreateRemoteThread detected:

RuleName: -

UtcTime: 2023-12-28 00:35:58.071

SourceProcessGuid: {fda94052-34eb-658d-0600-000000000b00}

SourceProcessId: 544

SourceImage: &lt;unknown process&gt;

TargetProcessGuid: {fda94052-b677-658c-b400-000000000b00}

TargetProcessId: 5240

TargetImage: C:\Windows\system32\svchost.exe

NewThreadId: 1076

StartAddress: 0x00007FFC70566B40

StartModule: C:\Windows\System32\KERNELBASE.dll

StartFunction: CtrlRoutine

SourceUser: NT AUTHORITY\SYSTEM

TargetUser: NT AUTHORITY\SYSTEM</Message>
      <Level>Information</Level>
      <Task>CreateRemoteThread detected (rule: CreateRemoteThread)</Task>
      <Opcode>Info</Opcode>
    </RenderingInfo>
  </Event>
  
"
Microsoft-Windows-Sysmon/Operational,,,WinDev2309Eval,,,,,,,,,,8,9521,,,,,,,0x8000000000000000,Information,,,"CreateRemoteThread detected:

RuleName: -

UtcTime: 2023-12-28 00:35:58.071

SourceProcessGuid: {fda94052-34eb-658d-0600-000000000b00}

SourceProcessId: 544

SourceImage: <unknown process>

TargetProcessGuid: {fda94052-b676-658c-ae00-000000000b00}

TargetProcessId: 7068

TargetImage: C:\Windows\System32\svchost.exe

NewThreadId: 784

StartAddress: 0x00007FFC70566B40

StartModule: C:\Windows\System32\KERNELBASE.dll

StartFunction: CtrlRoutine

SourceUser: NT AUTHORITY\SYSTEM

TargetUser: NT AUTHORITY\SYSTEM",784,Info,,,,,,,,7044,,,,,,,"
      ",-,,,<unknown process>,,,,,{fda94052-34eb-658d-0600-000000000b00},544,NT AUTHORITY\SYSTEM,0x00007FFC70566B40,CtrlRoutine,C:\Windows\System32\KERNELBASE.dll,,2023-12-28T00:35:58.2475188Z,,C:\Windows\System32\svchost.exe,,{fda94052-b676-658c-ae00-000000000b00},7068,NT AUTHORITY\SYSTEM,CreateRemoteThread detected (rule: CreateRemoteThread),,6672,,S-1-5-18,2023-12-28 00:35:58.071,2,"<Event xmlns=""http://schemas.microsoft.com/win/2004/08/events/event"">
    <System>
      <Provider Name=""Microsoft-Windows-Sysmon"" Guid=""{5770385f-c22a-43e0-bf4c-06f5698ffbd9}""/>
      <EventID>8</EventID>
      <Version>2</Version>
      <Level>4</Level>
      <Task>8</Task>
      <Opcode>0</Opcode>
      <Keywords>0x8000000000000000</Keywords>
      <TimeCreated SystemTime=""2023-12-28T00:35:58.2475188Z""/>
      <EventRecordID>9521</EventRecordID>
      <Correlation/>
      <Execution ProcessID=""7044"" ThreadID=""6672""/>
      <Channel>Microsoft-Windows-Sysmon/Operational</Channel>
      <Computer>WinDev2309Eval</Computer>
      <Security UserID=""S-1-5-18""/>
    </System>
    <EventData>
      <Data Name=""RuleName"">-</Data>
      <Data Name=""UtcTime"">2023-12-28 00:35:58.071</Data>
      <Data Name=""SourceProcessGuid"">{fda94052-34eb-658d-0600-000000000b00}</Data>
      <Data Name=""SourceProcessId"">544</Data>
      <Data Name=""SourceImage"">&lt;unknown process&gt;</Data>
      <Data Name=""TargetProcessGuid"">{fda94052-b676-658c-ae00-000000000b00}</Data>
      <Data Name=""TargetProcessId"">7068</Data>
      <Data Name=""TargetImage"">C:\Windows\System32\svchost.exe</Data>
      <Data Name=""NewThreadId"">784</Data>
      <Data Name=""StartAddress"">0x00007FFC70566B40</Data>
      <Data Name=""StartModule"">C:\Windows\System32\KERNELBASE.dll</Data>
      <Data Name=""StartFunction"">CtrlRoutine</Data>
      <Data Name=""SourceUser"">NT AUTHORITY\SYSTEM</Data>
      <Data Name=""TargetUser"">NT AUTHORITY\SYSTEM</Data>
    </EventData>
    <RenderingInfo Culture=""en-US"">
      <Message>CreateRemoteThread detected:

RuleName: -

UtcTime: 2023-12-28 00:35:58.071

SourceProcessGuid: {fda94052-34eb-658d-0600-000000000b00}

SourceProcessId: 544

SourceImage: &lt;unknown process&gt;

TargetProcessGuid: {fda94052-b676-658c-ae00-000000000b00}

TargetProcessId: 7068

TargetImage: C:\Windows\System32\svchost.exe

NewThreadId: 784

StartAddress: 0x00007FFC70566B40

StartModule: C:\Windows\System32\KERNELBASE.dll

StartFunction: CtrlRoutine

SourceUser: NT AUTHORITY\SYSTEM

TargetUser: NT AUTHORITY\SYSTEM</Message>
      <Level>Information</Level>
      <Task>CreateRemoteThread detected (rule: CreateRemoteThread)</Task>
      <Opcode>Info</Opcode>
    </RenderingInfo>
  </Event>
  
"
