Microsoft-Windows-Sysmon/Operational,"""C:\Program Files (x86)\Microsoft\Edge\Application\msedge.exe"" --type=utility --utility-sub-type=data_decoder.mojom.DataDecoderService --lang=en-US --service-sandbox-type=service --mojo-platform-channel-handle=5360 --field-trial-handle=2044,i,5283343391975458537,14680378972506924681,262144 --variations-seed-version /prefetch:8",Microsoft Corporation,WinDev2309Eval,,C:\Program Files (x86)\Microsoft\Edge\Application\120.0.2210.91\,Microsoft Edge,,,,,,,1,9763,,120.0.2210.91,"MD5=F6E7A024CC79AC12294D0DA6072C5073,SHA256=628792B5B5A4D71B8D66B1A1C6B775B84E3A5E64C0C05B8D7138164FBAD5C21A,IMPHASH=EA4CA1F8E3B3D9373D39C13FD1348A63",C:\Program Files (x86)\Microsoft\Edge\Application\msedge.exe,,Low,0x8000000000000000,Information,{fda94052-c313-658c-9aab-030000000000},0x3ab9a,"Process Create:

RuleName: -

UtcTime: 2023-12-28 00:37:39.660

ProcessGuid: {fda94052-c353-658c-cb00-000000000c00}

ProcessId: 8476

Image: C:\Program Files (x86)\Microsoft\Edge\Application\msedge.exe

FileVersion: 120.0.2210.91

Description: Microsoft Edge

Product: Microsoft Edge

Company: Microsoft Corporation

OriginalFileName: msedge.exe

CommandLine: ""C:\Program Files (x86)\Microsoft\Edge\Application\msedge.exe"" --type=utility --utility-sub-type=data_decoder.mojom.DataDecoderService --lang=en-US --service-sandbox-type=service --mojo-platform-channel-handle=5360 --field-trial-handle=2044,i,5283343391975458537,14680378972506924681,262144 --variations-seed-version /prefetch:8

CurrentDirectory: C:\Program Files (x86)\Microsoft\Edge\Application\120.0.2210.91\

User: WINDEV2309EVAL\User

LogonGuid: {fda94052-c313-658c-9aab-030000000000}

LogonId: 0x3AB9A

TerminalSessionId: 1

IntegrityLevel: Low

Hashes: MD5=F6E7A024CC79AC12294D0DA6072C5073,SHA256=628792B5B5A4D71B8D66B1A1C6B775B84E3A5E64C0C05B8D7138164FBAD5C21A,IMPHASH=EA4CA1F8E3B3D9373D39C13FD1348A63

ParentProcessGuid: {fda94052-c351-658c-bb00-000000000c00}

ParentProcessId: 8052

ParentImage: C:\Program Files (x86)\Microsoft\Edge\Application\msedge.exe

ParentCommandLine: ""C:\Program Files (x86)\Microsoft\Edge\Application\msedge.exe"" --no-startup-window --win-session-start

ParentUser: WINDEV2309EVAL\User",,Info,msedge.exe,"""C:\Program Files (x86)\Microsoft\Edge\Application\msedge.exe"" --no-startup-window --win-session-start",C:\Program Files (x86)\Microsoft\Edge\Application\msedge.exe,{fda94052-c351-658c-bb00-000000000c00},8052,WINDEV2309EVAL\User,{fda94052-c353-658c-cb00-000000000c00},3732,8476,Microsoft Edge,,,,,"
      ",-,,,,,,,,,,,,,,,2023-12-28T00:37:39.6638133Z,,,,,,,Process Create (rule: ProcessCreate),1,4344,WINDEV2309EVAL\User,S-1-5-18,2023-12-28 00:37:39.660,5,"<Event xmlns=""http://schemas.microsoft.com/win/2004/08/events/event"">
    <System>
      <Provider Name=""Microsoft-Windows-Sysmon"" Guid=""{5770385f-c22a-43e0-bf4c-06f5698ffbd9}""/>
      <EventID>1</EventID>
      <Version>5</Version>
      <Level>4</Level>
      <Task>1</Task>
      <Opcode>0</Opcode>
      <Keywords>0x8000000000000000</Keywords>
      <TimeCreated SystemTime=""2023-12-28T00:37:39.6638133Z""/>
      <EventRecordID>9763</EventRecordID>
      <Correlation/>
      <Execution ProcessID=""3732"" ThreadID=""4344""/>
      <Channel>Microsoft-Windows-Sysmon/Operational</Channel>
      <Computer>WinDev2309Eval</Computer>
      <Security UserID=""S-1-5-18""/>
    </System>
    <EventData>
      <Data Name=""RuleName"">-</Data>
      <Data Name=""UtcTime"">2023-12-28 00:37:39.660</Data>
      <Data Name=""ProcessGuid"">{fda94052-c353-658c-cb00-000000000c00}</Data>
      <Data Name=""ProcessId"">8476</Data>
      <Data Name=""Image"">C:\Program Files (x86)\Microsoft\Edge\Application\msedge.exe</Data>
      <Data Name=""FileVersion"">120.0.2210.91</Data>
      <Data Name=""Description"">Microsoft Edge</Data>
      <Data Name=""Product"">Microsoft Edge</Data>
      <Data Name=""Company"">Microsoft Corporation</Data>
      <Data Name=""OriginalFileName"">msedge.exe</Data>
      <Data Name=""CommandLine"">""C:\Program Files (x86)\Microsoft\Edge\Application\msedge.exe"" --type=utility --utility-sub-type=data_decoder.mojom.DataDecoderService --lang=en-US --service-sandbox-type=service --mojo-platform-channel-handle=5360 --field-trial-handle=2044,i,5283343391975458537,14680378972506924681,262144 --variations-seed-version /prefetch:8</Data>
      <Data Name=""CurrentDirectory"">C:\Program Files (x86)\Microsoft\Edge\Application\120.0.2210.91\</Data>
      <Data Name=""User"">WINDEV2309EVAL\User</Data>
      <Data Name=""LogonGuid"">{fda94052-c313-658c-9aab-030000000000}</Data>
      <Data Name=""LogonId"">0x3ab9a</Data>
      <Data Name=""TerminalSessionId"">1</Data>
      <Data Name=""IntegrityLevel"">Low</Data>
      <Data Name=""Hashes"">MD5=F6E7A024CC79AC12294D0DA6072C5073,SHA256=628792B5B5A4D71B8D66B1A1C6B775B84E3A5E64C0C05B8D7138164FBAD5C21A,IMPHASH=EA4CA1F8E3B3D9373D39C13FD1348A63</Data>
      <Data Name=""ParentProcessGuid"">{fda94052-c351-658c-bb00-000000000c00}</Data>
      <Data Name=""ParentProcessId"">8052</Data>
      <Data Name=""ParentImage"">C:\Program Files (x86)\Microsoft\Edge\Application\msedge.exe</Data>
      <Data Name=""ParentCommandLine"">""C:\Program Files (x86)\Microsoft\Edge\Application\msedge.exe"" --no-startup-window --win-session-start</Data>
      <Data Name=""ParentUser"">WINDEV2309EVAL\User</Data>
    </EventData>
    <RenderingInfo Culture=""en-US"">
      <Message>Process Create:

RuleName: -

UtcTime: 2023-12-28 00:37:39.660

ProcessGuid: {fda94052-c353-658c-cb00-000000000c00}

ProcessId: 8476

Image: C:\Program Files (x86)\Microsoft\Edge\Application\msedge.exe

FileVersion: 120.0.2210.91

Description: Microsoft Edge

Product: Microsoft Edge

Company: Microsoft Corporation

OriginalFileName: msedge.exe

CommandLine: ""C:\Program Files (x86)\Microsoft\Edge\Application\msedge.exe"" --type=utility --utility-sub-type=data_decoder.mojom.DataDecoderService --lang=en-US --service-sandbox-type=service --mojo-platform-channel-handle=5360 --field-trial-handle=2044,i,5283343391975458537,14680378972506924681,262144 --variations-seed-version /prefetch:8

CurrentDirectory: C:\Program Files (x86)\Microsoft\Edge\Application\120.0.2210.91\

User: WINDEV2309EVAL\User

LogonGuid: {fda94052-c313-658c-9aab-030000000000}

LogonId: 0x3AB9A

TerminalSessionId: 1

IntegrityLevel: Low

Hashes: MD5=F6E7A024CC79AC12294D0DA6072C5073,SHA256=628792B5B5A4D71B8D66B1A1C6B775B84E3A5E64C0C05B8D7138164FBAD5C21A,IMPHASH=EA4CA1F8E3B3D9373D39C13FD1348A63

ParentProcessGuid: {fda94052-c351-658c-bb00-000000000c00}

ParentProcessId: 8052

ParentImage: C:\Program Files (x86)\Microsoft\Edge\Application\msedge.exe

ParentCommandLine: ""C:\Program Files (x86)\Microsoft\Edge\Application\msedge.exe"" --no-startup-window --win-session-start

ParentUser: WINDEV2309EVAL\User</Message>
      <Level>Information</Level>
      <Task>Process Create (rule: ProcessCreate)</Task>
      <Opcode>Info</Opcode>
    </RenderingInfo>
  </Event>
  
"
Microsoft-Windows-Sysmon/Operational,"""C:\Program Files (x86)\Microsoft\Edge\Application\msedge.exe"" --type=utility --utility-sub-type=data_decoder.mojom.DataDecoderService --lang=en-US --service-sandbox-type=service --mojo-platform-channel-handle=5020 --field-trial-handle=2044,i,5283343391975458537,14680378972506924681,262144 --variations-seed-version /prefetch:8",Microsoft Corporation,WinDev2309Eval,,C:\Program Files (x86)\Microsoft\Edge\Application\120.0.2210.91\,Microsoft Edge,,,,,,,1,9762,,120.0.2210.91,"MD5=F6E7A024CC79AC12294D0DA6072C5073,SHA256=628792B5B5A4D71B8D66B1A1C6B775B84E3A5E64C0C05B8D7138164FBAD5C21A,IMPHASH=EA4CA1F8E3B3D9373D39C13FD1348A63",C:\Program Files (x86)\Microsoft\Edge\Application\msedge.exe,,Low,0x8000000000000000,Information,{fda94052-c313-658c-9aab-030000000000},0x3ab9a,"Process Create:

RuleName: -

UtcTime: 2023-12-28 00:37:39.600

ProcessGuid: {fda94052-c353-658c-ca00-000000000c00}

ProcessId: 8356

Image: C:\Program Files (x86)\Microsoft\Edge\Application\msedge.exe

FileVersion: 120.0.2210.91

Description: Microsoft Edge

Product: Microsoft Edge

Company: Microsoft Corporation

OriginalFileName: msedge.exe

CommandLine: ""C:\Program Files (x86)\Microsoft\Edge\Application\msedge.exe"" --type=utility --utility-sub-type=data_decoder.mojom.DataDecoderService --lang=en-US --service-sandbox-type=service --mojo-platform-channel-handle=5020 --field-trial-handle=2044,i,5283343391975458537,14680378972506924681,262144 --variations-seed-version /prefetch:8

CurrentDirectory: C:\Program Files (x86)\Microsoft\Edge\Application\120.0.2210.91\

User: WINDEV2309EVAL\User

LogonGuid: {fda94052-c313-658c-9aab-030000000000}

LogonId: 0x3AB9A

TerminalSessionId: 1

IntegrityLevel: Low

Hashes: MD5=F6E7A024CC79AC12294D0DA6072C5073,SHA256=628792B5B5A4D71B8D66B1A1C6B775B84E3A5E64C0C05B8D7138164FBAD5C21A,IMPHASH=EA4CA1F8E3B3D9373D39C13FD1348A63

ParentProcessGuid: {fda94052-c351-658c-bb00-000000000c00}

ParentProcessId: 8052

ParentImage: C:\Program Files (x86)\Microsoft\Edge\Application\msedge.exe

ParentCommandLine: ""C:\Program Files (x86)\Microsoft\Edge\Application\msedge.exe"" --no-startup-window --win-session-start

ParentUser: WINDEV2309EVAL\User",,Info,msedge.exe,"""C:\Program Files (x86)\Microsoft\Edge\Application\msedge.exe"" --no-startup-window --win-session-start",C:\Program Files (x86)\Microsoft\Edge\Application\msedge.exe,{fda94052-c351-658c-bb00-000000000c00},8052,WINDEV2309EVAL\User,{fda94052-c353-658c-ca00-000000000c00},3732,8356,Microsoft Edge,,,,,"
      ",-,,,,,,,,,,,,,,,2023-12-28T00:37:39.6084254Z,,,,,,,Process Create (rule: ProcessCreate),1,4344,WINDEV2309EVAL\User,S-1-5-18,2023-12-28 00:37:39.600,5,"<Event xmlns=""http://schemas.microsoft.com/win/2004/08/events/event"">
    <System>
      <Provider Name=""Microsoft-Windows-Sysmon"" Guid=""{5770385f-c22a-43e0-bf4c-06f5698ffbd9}""/>
      <EventID>1</EventID>
      <Version>5</Version>
      <Level>4</Level>
      <Task>1</Task>
      <Opcode>0</Opcode>
      <Keywords>0x8000000000000000</Keywords>
      <TimeCreated SystemTime=""2023-12-28T00:37:39.6084254Z""/>
      <EventRecordID>9762</EventRecordID>
      <Correlation/>
      <Execution ProcessID=""3732"" ThreadID=""4344""/>
      <Channel>Microsoft-Windows-Sysmon/Operational</Channel>
      <Computer>WinDev2309Eval</Computer>
      <Security UserID=""S-1-5-18""/>
    </System>
    <EventData>
      <Data Name=""RuleName"">-</Data>
      <Data Name=""UtcTime"">2023-12-28 00:37:39.600</Data>
      <Data Name=""ProcessGuid"">{fda94052-c353-658c-ca00-000000000c00}</Data>
      <Data Name=""ProcessId"">8356</Data>
      <Data Name=""Image"">C:\Program Files (x86)\Microsoft\Edge\Application\msedge.exe</Data>
      <Data Name=""FileVersion"">120.0.2210.91</Data>
      <Data Name=""Description"">Microsoft Edge</Data>
      <Data Name=""Product"">Microsoft Edge</Data>
      <Data Name=""Company"">Microsoft Corporation</Data>
      <Data Name=""OriginalFileName"">msedge.exe</Data>
      <Data Name=""CommandLine"">""C:\Program Files (x86)\Microsoft\Edge\Application\msedge.exe"" --type=utility --utility-sub-type=data_decoder.mojom.DataDecoderService --lang=en-US --service-sandbox-type=service --mojo-platform-channel-handle=5020 --field-trial-handle=2044,i,5283343391975458537,14680378972506924681,262144 --variations-seed-version /prefetch:8</Data>
      <Data Name=""CurrentDirectory"">C:\Program Files (x86)\Microsoft\Edge\Application\120.0.2210.91\</Data>
      <Data Name=""User"">WINDEV2309EVAL\User</Data>
      <Data Name=""LogonGuid"">{fda94052-c313-658c-9aab-030000000000}</Data>
      <Data Name=""LogonId"">0x3ab9a</Data>
      <Data Name=""TerminalSessionId"">1</Data>
      <Data Name=""IntegrityLevel"">Low</Data>
      <Data Name=""Hashes"">MD5=F6E7A024CC79AC12294D0DA6072C5073,SHA256=628792B5B5A4D71B8D66B1A1C6B775B84E3A5E64C0C05B8D7138164FBAD5C21A,IMPHASH=EA4CA1F8E3B3D9373D39C13FD1348A63</Data>
      <Data Name=""ParentProcessGuid"">{fda94052-c351-658c-bb00-000000000c00}</Data>
      <Data Name=""ParentProcessId"">8052</Data>
      <Data Name=""ParentImage"">C:\Program Files (x86)\Microsoft\Edge\Application\msedge.exe</Data>
      <Data Name=""ParentCommandLine"">""C:\Program Files (x86)\Microsoft\Edge\Application\msedge.exe"" --no-startup-window --win-session-start</Data>
      <Data Name=""ParentUser"">WINDEV2309EVAL\User</Data>
    </EventData>
    <RenderingInfo Culture=""en-US"">
      <Message>Process Create:

RuleName: -

UtcTime: 2023-12-28 00:37:39.600

ProcessGuid: {fda94052-c353-658c-ca00-000000000c00}

ProcessId: 8356

Image: C:\Program Files (x86)\Microsoft\Edge\Application\msedge.exe

FileVersion: 120.0.2210.91

Description: Microsoft Edge

Product: Microsoft Edge

Company: Microsoft Corporation

OriginalFileName: msedge.exe

CommandLine: ""C:\Program Files (x86)\Microsoft\Edge\Application\msedge.exe"" --type=utility --utility-sub-type=data_decoder.mojom.DataDecoderService --lang=en-US --service-sandbox-type=service --mojo-platform-channel-handle=5020 --field-trial-handle=2044,i,5283343391975458537,14680378972506924681,262144 --variations-seed-version /prefetch:8

CurrentDirectory: C:\Program Files (x86)\Microsoft\Edge\Application\120.0.2210.91\

User: WINDEV2309EVAL\User

LogonGuid: {fda94052-c313-658c-9aab-030000000000}

LogonId: 0x3AB9A

TerminalSessionId: 1

IntegrityLevel: Low

Hashes: MD5=F6E7A024CC79AC12294D0DA6072C5073,SHA256=628792B5B5A4D71B8D66B1A1C6B775B84E3A5E64C0C05B8D7138164FBAD5C21A,IMPHASH=EA4CA1F8E3B3D9373D39C13FD1348A63

ParentProcessGuid: {fda94052-c351-658c-bb00-000000000c00}

ParentProcessId: 8052

ParentImage: C:\Program Files (x86)\Microsoft\Edge\Application\msedge.exe

ParentCommandLine: ""C:\Program Files (x86)\Microsoft\Edge\Application\msedge.exe"" --no-startup-window --win-session-start

ParentUser: WINDEV2309EVAL\User</Message>
      <Level>Information</Level>
      <Task>Process Create (rule: ProcessCreate)</Task>
      <Opcode>Info</Opcode>
    </RenderingInfo>
  </Event>
  
"
Microsoft-Windows-Sysmon/Operational,"""C:\Program Files (x86)\Microsoft\Edge\Application\msedge.exe"" --type=utility --utility-sub-type=data_decoder.mojom.DataDecoderService --lang=en-US --service-sandbox-type=service --mojo-platform-channel-handle=4812 --field-trial-handle=2044,i,5283343391975458537,14680378972506924681,262144 --variations-seed-version /prefetch:8",Microsoft Corporation,WinDev2309Eval,,C:\Program Files (x86)\Microsoft\Edge\Application\120.0.2210.91\,Microsoft Edge,,,,,,,1,9761,,120.0.2210.91,"MD5=F6E7A024CC79AC12294D0DA6072C5073,SHA256=628792B5B5A4D71B8D66B1A1C6B775B84E3A5E64C0C05B8D7138164FBAD5C21A,IMPHASH=EA4CA1F8E3B3D9373D39C13FD1348A63",C:\Program Files (x86)\Microsoft\Edge\Application\msedge.exe,,Low,0x8000000000000000,Information,{fda94052-c313-658c-9aab-030000000000},0x3ab9a,"Process Create:

RuleName: -

UtcTime: 2023-12-28 00:37:39.594

ProcessGuid: {fda94052-c353-658c-c900-000000000c00}

ProcessId: 8348

Image: C:\Program Files (x86)\Microsoft\Edge\Application\msedge.exe

FileVersion: 120.0.2210.91

Description: Microsoft Edge

Product: Microsoft Edge

Company: Microsoft Corporation

OriginalFileName: msedge.exe

CommandLine: ""C:\Program Files (x86)\Microsoft\Edge\Application\msedge.exe"" --type=utility --utility-sub-type=data_decoder.mojom.DataDecoderService --lang=en-US --service-sandbox-type=service --mojo-platform-channel-handle=4812 --field-trial-handle=2044,i,5283343391975458537,14680378972506924681,262144 --variations-seed-version /prefetch:8

CurrentDirectory: C:\Program Files (x86)\Microsoft\Edge\Application\120.0.2210.91\

User: WINDEV2309EVAL\User

LogonGuid: {fda94052-c313-658c-9aab-030000000000}

LogonId: 0x3AB9A

TerminalSessionId: 1

IntegrityLevel: Low

Hashes: MD5=F6E7A024CC79AC12294D0DA6072C5073,SHA256=628792B5B5A4D71B8D66B1A1C6B775B84E3A5E64C0C05B8D7138164FBAD5C21A,IMPHASH=EA4CA1F8E3B3D9373D39C13FD1348A63

ParentProcessGuid: {fda94052-c351-658c-bb00-000000000c00}

ParentProcessId: 8052

ParentImage: C:\Program Files (x86)\Microsoft\Edge\Application\msedge.exe

ParentCommandLine: ""C:\Program Files (x86)\Microsoft\Edge\Application\msedge.exe"" --no-startup-window --win-session-start

ParentUser: WINDEV2309EVAL\User",,Info,msedge.exe,"""C:\Program Files (x86)\Microsoft\Edge\Application\msedge.exe"" --no-startup-window --win-session-start",C:\Program Files (x86)\Microsoft\Edge\Application\msedge.exe,{fda94052-c351-658c-bb00-000000000c00},8052,WINDEV2309EVAL\User,{fda94052-c353-658c-c900-000000000c00},3732,8348,Microsoft Edge,,,,,"
      ",-,,,,,,,,,,,,,,,2023-12-28T00:37:39.6079138Z,,,,,,,Process Create (rule: ProcessCreate),1,4344,WINDEV2309EVAL\User,S-1-5-18,2023-12-28 00:37:39.594,5,"<Event xmlns=""http://schemas.microsoft.com/win/2004/08/events/event"">
    <System>
      <Provider Name=""Microsoft-Windows-Sysmon"" Guid=""{5770385f-c22a-43e0-bf4c-06f5698ffbd9}""/>
      <EventID>1</EventID>
      <Version>5</Version>
      <Level>4</Level>
      <Task>1</Task>
      <Opcode>0</Opcode>
      <Keywords>0x8000000000000000</Keywords>
      <TimeCreated SystemTime=""2023-12-28T00:37:39.6079138Z""/>
      <EventRecordID>9761</EventRecordID>
      <Correlation/>
      <Execution ProcessID=""3732"" ThreadID=""4344""/>
      <Channel>Microsoft-Windows-Sysmon/Operational</Channel>
      <Computer>WinDev2309Eval</Computer>
      <Security UserID=""S-1-5-18""/>
    </System>
    <EventData>
      <Data Name=""RuleName"">-</Data>
      <Data Name=""UtcTime"">2023-12-28 00:37:39.594</Data>
      <Data Name=""ProcessGuid"">{fda94052-c353-658c-c900-000000000c00}</Data>
      <Data Name=""ProcessId"">8348</Data>
      <Data Name=""Image"">C:\Program Files (x86)\Microsoft\Edge\Application\msedge.exe</Data>
      <Data Name=""FileVersion"">120.0.2210.91</Data>
      <Data Name=""Description"">Microsoft Edge</Data>
      <Data Name=""Product"">Microsoft Edge</Data>
      <Data Name=""Company"">Microsoft Corporation</Data>
      <Data Name=""OriginalFileName"">msedge.exe</Data>
      <Data Name=""CommandLine"">""C:\Program Files (x86)\Microsoft\Edge\Application\msedge.exe"" --type=utility --utility-sub-type=data_decoder.mojom.DataDecoderService --lang=en-US --service-sandbox-type=service --mojo-platform-channel-handle=4812 --field-trial-handle=2044,i,5283343391975458537,14680378972506924681,262144 --variations-seed-version /prefetch:8</Data>
      <Data Name=""CurrentDirectory"">C:\Program Files (x86)\Microsoft\Edge\Application\120.0.2210.91\</Data>
      <Data Name=""User"">WINDEV2309EVAL\User</Data>
      <Data Name=""LogonGuid"">{fda94052-c313-658c-9aab-030000000000}</Data>
      <Data Name=""LogonId"">0x3ab9a</Data>
      <Data Name=""TerminalSessionId"">1</Data>
      <Data Name=""IntegrityLevel"">Low</Data>
      <Data Name=""Hashes"">MD5=F6E7A024CC79AC12294D0DA6072C5073,SHA256=628792B5B5A4D71B8D66B1A1C6B775B84E3A5E64C0C05B8D7138164FBAD5C21A,IMPHASH=EA4CA1F8E3B3D9373D39C13FD1348A63</Data>
      <Data Name=""ParentProcessGuid"">{fda94052-c351-658c-bb00-000000000c00}</Data>
      <Data Name=""ParentProcessId"">8052</Data>
      <Data Name=""ParentImage"">C:\Program Files (x86)\Microsoft\Edge\Application\msedge.exe</Data>
      <Data Name=""ParentCommandLine"">""C:\Program Files (x86)\Microsoft\Edge\Application\msedge.exe"" --no-startup-window --win-session-start</Data>
      <Data Name=""ParentUser"">WINDEV2309EVAL\User</Data>
    </EventData>
    <RenderingInfo Culture=""en-US"">
      <Message>Process Create:

RuleName: -

UtcTime: 2023-12-28 00:37:39.594

ProcessGuid: {fda94052-c353-658c-c900-000000000c00}

ProcessId: 8348

Image: C:\Program Files (x86)\Microsoft\Edge\Application\msedge.exe

FileVersion: 120.0.2210.91

Description: Microsoft Edge

Product: Microsoft Edge

Company: Microsoft Corporation

OriginalFileName: msedge.exe

CommandLine: ""C:\Program Files (x86)\Microsoft\Edge\Application\msedge.exe"" --type=utility --utility-sub-type=data_decoder.mojom.DataDecoderService --lang=en-US --service-sandbox-type=service --mojo-platform-channel-handle=4812 --field-trial-handle=2044,i,5283343391975458537,14680378972506924681,262144 --variations-seed-version /prefetch:8

CurrentDirectory: C:\Program Files (x86)\Microsoft\Edge\Application\120.0.2210.91\

User: WINDEV2309EVAL\User

LogonGuid: {fda94052-c313-658c-9aab-030000000000}

LogonId: 0x3AB9A

TerminalSessionId: 1

IntegrityLevel: Low

Hashes: MD5=F6E7A024CC79AC12294D0DA6072C5073,SHA256=628792B5B5A4D71B8D66B1A1C6B775B84E3A5E64C0C05B8D7138164FBAD5C21A,IMPHASH=EA4CA1F8E3B3D9373D39C13FD1348A63

ParentProcessGuid: {fda94052-c351-658c-bb00-000000000c00}

ParentProcessId: 8052

ParentImage: C:\Program Files (x86)\Microsoft\Edge\Application\msedge.exe

ParentCommandLine: ""C:\Program Files (x86)\Microsoft\Edge\Application\msedge.exe"" --no-startup-window --win-session-start

ParentUser: WINDEV2309EVAL\User</Message>
      <Level>Information</Level>
      <Task>Process Create (rule: ProcessCreate)</Task>
      <Opcode>Info</Opcode>
    </RenderingInfo>
  </Event>
  
"
Microsoft-Windows-Sysmon/Operational,"""C:\Program Files (x86)\Microsoft\Edge\Application\msedge.exe"" --type=utility --utility-sub-type=data_decoder.mojom.DataDecoderService --lang=en-US --service-sandbox-type=service --mojo-platform-channel-handle=4880 --field-trial-handle=2044,i,5283343391975458537,14680378972506924681,262144 --variations-seed-version /prefetch:8",Microsoft Corporation,WinDev2309Eval,,C:\Program Files (x86)\Microsoft\Edge\Application\120.0.2210.91\,Microsoft Edge,,,,,,,1,9760,,120.0.2210.91,"MD5=F6E7A024CC79AC12294D0DA6072C5073,SHA256=628792B5B5A4D71B8D66B1A1C6B775B84E3A5E64C0C05B8D7138164FBAD5C21A,IMPHASH=EA4CA1F8E3B3D9373D39C13FD1348A63",C:\Program Files (x86)\Microsoft\Edge\Application\msedge.exe,,Low,0x8000000000000000,Information,{fda94052-c313-658c-9aab-030000000000},0x3ab9a,"Process Create:

RuleName: -

UtcTime: 2023-12-28 00:37:39.587

ProcessGuid: {fda94052-c353-658c-c800-000000000c00}

ProcessId: 8340

Image: C:\Program Files (x86)\Microsoft\Edge\Application\msedge.exe

FileVersion: 120.0.2210.91

Description: Microsoft Edge

Product: Microsoft Edge

Company: Microsoft Corporation

OriginalFileName: msedge.exe

CommandLine: ""C:\Program Files (x86)\Microsoft\Edge\Application\msedge.exe"" --type=utility --utility-sub-type=data_decoder.mojom.DataDecoderService --lang=en-US --service-sandbox-type=service --mojo-platform-channel-handle=4880 --field-trial-handle=2044,i,5283343391975458537,14680378972506924681,262144 --variations-seed-version /prefetch:8

CurrentDirectory: C:\Program Files (x86)\Microsoft\Edge\Application\120.0.2210.91\

User: WINDEV2309EVAL\User

LogonGuid: {fda94052-c313-658c-9aab-030000000000}

LogonId: 0x3AB9A

TerminalSessionId: 1

IntegrityLevel: Low

Hashes: MD5=F6E7A024CC79AC12294D0DA6072C5073,SHA256=628792B5B5A4D71B8D66B1A1C6B775B84E3A5E64C0C05B8D7138164FBAD5C21A,IMPHASH=EA4CA1F8E3B3D9373D39C13FD1348A63

ParentProcessGuid: {fda94052-c351-658c-bb00-000000000c00}

ParentProcessId: 8052

ParentImage: C:\Program Files (x86)\Microsoft\Edge\Application\msedge.exe

ParentCommandLine: ""C:\Program Files (x86)\Microsoft\Edge\Application\msedge.exe"" --no-startup-window --win-session-start

ParentUser: WINDEV2309EVAL\User",,Info,msedge.exe,"""C:\Program Files (x86)\Microsoft\Edge\Application\msedge.exe"" --no-startup-window --win-session-start",C:\Program Files (x86)\Microsoft\Edge\Application\msedge.exe,{fda94052-c351-658c-bb00-000000000c00},8052,WINDEV2309EVAL\User,{fda94052-c353-658c-c800-000000000c00},3732,8340,Microsoft Edge,,,,,"
      ",-,,,,,,,,,,,,,,,2023-12-28T00:37:39.5898431Z,,,,,,,Process Create (rule: ProcessCreate),1,4344,WINDEV2309EVAL\User,S-1-5-18,2023-12-28 00:37:39.587,5,"<Event xmlns=""http://schemas.microsoft.com/win/2004/08/events/event"">
    <System>
      <Provider Name=""Microsoft-Windows-Sysmon"" Guid=""{5770385f-c22a-43e0-bf4c-06f5698ffbd9}""/>
      <EventID>1</EventID>
      <Version>5</Version>
      <Level>4</Level>
      <Task>1</Task>
      <Opcode>0</Opcode>
      <Keywords>0x8000000000000000</Keywords>
      <TimeCreated SystemTime=""2023-12-28T00:37:39.5898431Z""/>
      <EventRecordID>9760</EventRecordID>
      <Correlation/>
      <Execution ProcessID=""3732"" ThreadID=""4344""/>
      <Channel>Microsoft-Windows-Sysmon/Operational</Channel>
      <Computer>WinDev2309Eval</Computer>
      <Security UserID=""S-1-5-18""/>
    </System>
    <EventData>
      <Data Name=""RuleName"">-</Data>
      <Data Name=""UtcTime"">2023-12-28 00:37:39.587</Data>
      <Data Name=""ProcessGuid"">{fda94052-c353-658c-c800-000000000c00}</Data>
      <Data Name=""ProcessId"">8340</Data>
      <Data Name=""Image"">C:\Program Files (x86)\Microsoft\Edge\Application\msedge.exe</Data>
      <Data Name=""FileVersion"">120.0.2210.91</Data>
      <Data Name=""Description"">Microsoft Edge</Data>
      <Data Name=""Product"">Microsoft Edge</Data>
      <Data Name=""Company"">Microsoft Corporation</Data>
      <Data Name=""OriginalFileName"">msedge.exe</Data>
      <Data Name=""CommandLine"">""C:\Program Files (x86)\Microsoft\Edge\Application\msedge.exe"" --type=utility --utility-sub-type=data_decoder.mojom.DataDecoderService --lang=en-US --service-sandbox-type=service --mojo-platform-channel-handle=4880 --field-trial-handle=2044,i,5283343391975458537,14680378972506924681,262144 --variations-seed-version /prefetch:8</Data>
      <Data Name=""CurrentDirectory"">C:\Program Files (x86)\Microsoft\Edge\Application\120.0.2210.91\</Data>
      <Data Name=""User"">WINDEV2309EVAL\User</Data>
      <Data Name=""LogonGuid"">{fda94052-c313-658c-9aab-030000000000}</Data>
      <Data Name=""LogonId"">0x3ab9a</Data>
      <Data Name=""TerminalSessionId"">1</Data>
      <Data Name=""IntegrityLevel"">Low</Data>
      <Data Name=""Hashes"">MD5=F6E7A024CC79AC12294D0DA6072C5073,SHA256=628792B5B5A4D71B8D66B1A1C6B775B84E3A5E64C0C05B8D7138164FBAD5C21A,IMPHASH=EA4CA1F8E3B3D9373D39C13FD1348A63</Data>
      <Data Name=""ParentProcessGuid"">{fda94052-c351-658c-bb00-000000000c00}</Data>
      <Data Name=""ParentProcessId"">8052</Data>
      <Data Name=""ParentImage"">C:\Program Files (x86)\Microsoft\Edge\Application\msedge.exe</Data>
      <Data Name=""ParentCommandLine"">""C:\Program Files (x86)\Microsoft\Edge\Application\msedge.exe"" --no-startup-window --win-session-start</Data>
      <Data Name=""ParentUser"">WINDEV2309EVAL\User</Data>
    </EventData>
    <RenderingInfo Culture=""en-US"">
      <Message>Process Create:

RuleName: -

UtcTime: 2023-12-28 00:37:39.587

ProcessGuid: {fda94052-c353-658c-c800-000000000c00}

ProcessId: 8340

Image: C:\Program Files (x86)\Microsoft\Edge\Application\msedge.exe

FileVersion: 120.0.2210.91

Description: Microsoft Edge

Product: Microsoft Edge

Company: Microsoft Corporation

OriginalFileName: msedge.exe

CommandLine: ""C:\Program Files (x86)\Microsoft\Edge\Application\msedge.exe"" --type=utility --utility-sub-type=data_decoder.mojom.DataDecoderService --lang=en-US --service-sandbox-type=service --mojo-platform-channel-handle=4880 --field-trial-handle=2044,i,5283343391975458537,14680378972506924681,262144 --variations-seed-version /prefetch:8

CurrentDirectory: C:\Program Files (x86)\Microsoft\Edge\Application\120.0.2210.91\

User: WINDEV2309EVAL\User

LogonGuid: {fda94052-c313-658c-9aab-030000000000}

LogonId: 0x3AB9A

TerminalSessionId: 1

IntegrityLevel: Low

Hashes: MD5=F6E7A024CC79AC12294D0DA6072C5073,SHA256=628792B5B5A4D71B8D66B1A1C6B775B84E3A5E64C0C05B8D7138164FBAD5C21A,IMPHASH=EA4CA1F8E3B3D9373D39C13FD1348A63

ParentProcessGuid: {fda94052-c351-658c-bb00-000000000c00}

ParentProcessId: 8052

ParentImage: C:\Program Files (x86)\Microsoft\Edge\Application\msedge.exe

ParentCommandLine: ""C:\Program Files (x86)\Microsoft\Edge\Application\msedge.exe"" --no-startup-window --win-session-start

ParentUser: WINDEV2309EVAL\User</Message>
      <Level>Information</Level>
      <Task>Process Create (rule: ProcessCreate)</Task>
      <Opcode>Info</Opcode>
    </RenderingInfo>
  </Event>
  
"
Microsoft-Windows-Sysmon/Operational,"""C:\Program Files (x86)\Microsoft\Edge\Application\msedge.exe"" --type=utility --utility-sub-type=data_decoder.mojom.DataDecoderService --lang=en-US --service-sandbox-type=service --mojo-platform-channel-handle=4788 --field-trial-handle=2044,i,5283343391975458537,14680378972506924681,262144 --variations-seed-version /prefetch:8",Microsoft Corporation,WinDev2309Eval,,C:\Program Files (x86)\Microsoft\Edge\Application\120.0.2210.91\,Microsoft Edge,,,,,,,1,9759,,120.0.2210.91,"MD5=F6E7A024CC79AC12294D0DA6072C5073,SHA256=628792B5B5A4D71B8D66B1A1C6B775B84E3A5E64C0C05B8D7138164FBAD5C21A,IMPHASH=EA4CA1F8E3B3D9373D39C13FD1348A63",C:\Program Files (x86)\Microsoft\Edge\Application\msedge.exe,,Low,0x8000000000000000,Information,{fda94052-c313-658c-9aab-030000000000},0x3ab9a,"Process Create:

RuleName: -

UtcTime: 2023-12-28 00:37:39.580

ProcessGuid: {fda94052-c353-658c-c700-000000000c00}

ProcessId: 8332

Image: C:\Program Files (x86)\Microsoft\Edge\Application\msedge.exe

FileVersion: 120.0.2210.91

Description: Microsoft Edge

Product: Microsoft Edge

Company: Microsoft Corporation

OriginalFileName: msedge.exe

CommandLine: ""C:\Program Files (x86)\Microsoft\Edge\Application\msedge.exe"" --type=utility --utility-sub-type=data_decoder.mojom.DataDecoderService --lang=en-US --service-sandbox-type=service --mojo-platform-channel-handle=4788 --field-trial-handle=2044,i,5283343391975458537,14680378972506924681,262144 --variations-seed-version /prefetch:8

CurrentDirectory: C:\Program Files (x86)\Microsoft\Edge\Application\120.0.2210.91\

User: WINDEV2309EVAL\User

LogonGuid: {fda94052-c313-658c-9aab-030000000000}

LogonId: 0x3AB9A

TerminalSessionId: 1

IntegrityLevel: Low

Hashes: MD5=F6E7A024CC79AC12294D0DA6072C5073,SHA256=628792B5B5A4D71B8D66B1A1C6B775B84E3A5E64C0C05B8D7138164FBAD5C21A,IMPHASH=EA4CA1F8E3B3D9373D39C13FD1348A63

ParentProcessGuid: {fda94052-c351-658c-bb00-000000000c00}

ParentProcessId: 8052

ParentImage: C:\Program Files (x86)\Microsoft\Edge\Application\msedge.exe

ParentCommandLine: ""C:\Program Files (x86)\Microsoft\Edge\Application\msedge.exe"" --no-startup-window --win-session-start

ParentUser: WINDEV2309EVAL\User",,Info,msedge.exe,"""C:\Program Files (x86)\Microsoft\Edge\Application\msedge.exe"" --no-startup-window --win-session-start",C:\Program Files (x86)\Microsoft\Edge\Application\msedge.exe,{fda94052-c351-658c-bb00-000000000c00},8052,WINDEV2309EVAL\User,{fda94052-c353-658c-c700-000000000c00},3732,8332,Microsoft Edge,,,,,"
      ",-,,,,,,,,,,,,,,,2023-12-28T00:37:39.5829669Z,,,,,,,Process Create (rule: ProcessCreate),1,4344,WINDEV2309EVAL\User,S-1-5-18,2023-12-28 00:37:39.580,5,"<Event xmlns=""http://schemas.microsoft.com/win/2004/08/events/event"">
    <System>
      <Provider Name=""Microsoft-Windows-Sysmon"" Guid=""{5770385f-c22a-43e0-bf4c-06f5698ffbd9}""/>
      <EventID>1</EventID>
      <Version>5</Version>
      <Level>4</Level>
      <Task>1</Task>
      <Opcode>0</Opcode>
      <Keywords>0x8000000000000000</Keywords>
      <TimeCreated SystemTime=""2023-12-28T00:37:39.5829669Z""/>
      <EventRecordID>9759</EventRecordID>
      <Correlation/>
      <Execution ProcessID=""3732"" ThreadID=""4344""/>
      <Channel>Microsoft-Windows-Sysmon/Operational</Channel>
      <Computer>WinDev2309Eval</Computer>
      <Security UserID=""S-1-5-18""/>
    </System>
    <EventData>
      <Data Name=""RuleName"">-</Data>
      <Data Name=""UtcTime"">2023-12-28 00:37:39.580</Data>
      <Data Name=""ProcessGuid"">{fda94052-c353-658c-c700-000000000c00}</Data>
      <Data Name=""ProcessId"">8332</Data>
      <Data Name=""Image"">C:\Program Files (x86)\Microsoft\Edge\Application\msedge.exe</Data>
      <Data Name=""FileVersion"">120.0.2210.91</Data>
      <Data Name=""Description"">Microsoft Edge</Data>
      <Data Name=""Product"">Microsoft Edge</Data>
      <Data Name=""Company"">Microsoft Corporation</Data>
      <Data Name=""OriginalFileName"">msedge.exe</Data>
      <Data Name=""CommandLine"">""C:\Program Files (x86)\Microsoft\Edge\Application\msedge.exe"" --type=utility --utility-sub-type=data_decoder.mojom.DataDecoderService --lang=en-US --service-sandbox-type=service --mojo-platform-channel-handle=4788 --field-trial-handle=2044,i,5283343391975458537,14680378972506924681,262144 --variations-seed-version /prefetch:8</Data>
      <Data Name=""CurrentDirectory"">C:\Program Files (x86)\Microsoft\Edge\Application\120.0.2210.91\</Data>
      <Data Name=""User"">WINDEV2309EVAL\User</Data>
      <Data Name=""LogonGuid"">{fda94052-c313-658c-9aab-030000000000}</Data>
      <Data Name=""LogonId"">0x3ab9a</Data>
      <Data Name=""TerminalSessionId"">1</Data>
      <Data Name=""IntegrityLevel"">Low</Data>
      <Data Name=""Hashes"">MD5=F6E7A024CC79AC12294D0DA6072C5073,SHA256=628792B5B5A4D71B8D66B1A1C6B775B84E3A5E64C0C05B8D7138164FBAD5C21A,IMPHASH=EA4CA1F8E3B3D9373D39C13FD1348A63</Data>
      <Data Name=""ParentProcessGuid"">{fda94052-c351-658c-bb00-000000000c00}</Data>
      <Data Name=""ParentProcessId"">8052</Data>
      <Data Name=""ParentImage"">C:\Program Files (x86)\Microsoft\Edge\Application\msedge.exe</Data>
      <Data Name=""ParentCommandLine"">""C:\Program Files (x86)\Microsoft\Edge\Application\msedge.exe"" --no-startup-window --win-session-start</Data>
      <Data Name=""ParentUser"">WINDEV2309EVAL\User</Data>
    </EventData>
    <RenderingInfo Culture=""en-US"">
      <Message>Process Create:

RuleName: -

UtcTime: 2023-12-28 00:37:39.580

ProcessGuid: {fda94052-c353-658c-c700-000000000c00}

ProcessId: 8332

Image: C:\Program Files (x86)\Microsoft\Edge\Application\msedge.exe

FileVersion: 120.0.2210.91

Description: Microsoft Edge

Product: Microsoft Edge

Company: Microsoft Corporation

OriginalFileName: msedge.exe

CommandLine: ""C:\Program Files (x86)\Microsoft\Edge\Application\msedge.exe"" --type=utility --utility-sub-type=data_decoder.mojom.DataDecoderService --lang=en-US --service-sandbox-type=service --mojo-platform-channel-handle=4788 --field-trial-handle=2044,i,5283343391975458537,14680378972506924681,262144 --variations-seed-version /prefetch:8

CurrentDirectory: C:\Program Files (x86)\Microsoft\Edge\Application\120.0.2210.91\

User: WINDEV2309EVAL\User

LogonGuid: {fda94052-c313-658c-9aab-030000000000}

LogonId: 0x3AB9A

TerminalSessionId: 1

IntegrityLevel: Low

Hashes: MD5=F6E7A024CC79AC12294D0DA6072C5073,SHA256=628792B5B5A4D71B8D66B1A1C6B775B84E3A5E64C0C05B8D7138164FBAD5C21A,IMPHASH=EA4CA1F8E3B3D9373D39C13FD1348A63

ParentProcessGuid: {fda94052-c351-658c-bb00-000000000c00}

ParentProcessId: 8052

ParentImage: C:\Program Files (x86)\Microsoft\Edge\Application\msedge.exe

ParentCommandLine: ""C:\Program Files (x86)\Microsoft\Edge\Application\msedge.exe"" --no-startup-window --win-session-start

ParentUser: WINDEV2309EVAL\User</Message>
      <Level>Information</Level>
      <Task>Process Create (rule: ProcessCreate)</Task>
      <Opcode>Info</Opcode>
    </RenderingInfo>
  </Event>
  
"
Microsoft-Windows-Sysmon/Operational,"""C:\Program Files (x86)\Microsoft\Edge\Application\msedge.exe"" --type=utility --utility-sub-type=data_decoder.mojom.DataDecoderService --lang=en-US --service-sandbox-type=service --mojo-platform-channel-handle=4680 --field-trial-handle=2044,i,5283343391975458537,14680378972506924681,262144 --variations-seed-version /prefetch:8",Microsoft Corporation,WinDev2309Eval,,C:\Program Files (x86)\Microsoft\Edge\Application\120.0.2210.91\,Microsoft Edge,,,,,,,1,9758,,120.0.2210.91,"MD5=F6E7A024CC79AC12294D0DA6072C5073,SHA256=628792B5B5A4D71B8D66B1A1C6B775B84E3A5E64C0C05B8D7138164FBAD5C21A,IMPHASH=EA4CA1F8E3B3D9373D39C13FD1348A63",C:\Program Files (x86)\Microsoft\Edge\Application\msedge.exe,,Low,0x8000000000000000,Information,{fda94052-c313-658c-9aab-030000000000},0x3ab9a,"Process Create:

RuleName: -

UtcTime: 2023-12-28 00:37:39.481

ProcessGuid: {fda94052-c353-658c-c600-000000000c00}

ProcessId: 8248

Image: C:\Program Files (x86)\Microsoft\Edge\Application\msedge.exe

FileVersion: 120.0.2210.91

Description: Microsoft Edge

Product: Microsoft Edge

Company: Microsoft Corporation

OriginalFileName: msedge.exe

CommandLine: ""C:\Program Files (x86)\Microsoft\Edge\Application\msedge.exe"" --type=utility --utility-sub-type=data_decoder.mojom.DataDecoderService --lang=en-US --service-sandbox-type=service --mojo-platform-channel-handle=4680 --field-trial-handle=2044,i,5283343391975458537,14680378972506924681,262144 --variations-seed-version /prefetch:8

CurrentDirectory: C:\Program Files (x86)\Microsoft\Edge\Application\120.0.2210.91\

User: WINDEV2309EVAL\User

LogonGuid: {fda94052-c313-658c-9aab-030000000000}

LogonId: 0x3AB9A

TerminalSessionId: 1

IntegrityLevel: Low

Hashes: MD5=F6E7A024CC79AC12294D0DA6072C5073,SHA256=628792B5B5A4D71B8D66B1A1C6B775B84E3A5E64C0C05B8D7138164FBAD5C21A,IMPHASH=EA4CA1F8E3B3D9373D39C13FD1348A63

ParentProcessGuid: {fda94052-c351-658c-bb00-000000000c00}

ParentProcessId: 8052

ParentImage: C:\Program Files (x86)\Microsoft\Edge\Application\msedge.exe

ParentCommandLine: ""C:\Program Files (x86)\Microsoft\Edge\Application\msedge.exe"" --no-startup-window --win-session-start

ParentUser: WINDEV2309EVAL\User",,Info,msedge.exe,"""C:\Program Files (x86)\Microsoft\Edge\Application\msedge.exe"" --no-startup-window --win-session-start",C:\Program Files (x86)\Microsoft\Edge\Application\msedge.exe,{fda94052-c351-658c-bb00-000000000c00},8052,WINDEV2309EVAL\User,{fda94052-c353-658c-c600-000000000c00},3732,8248,Microsoft Edge,,,,,"
      ",-,,,,,,,,,,,,,,,2023-12-28T00:37:39.4843771Z,,,,,,,Process Create (rule: ProcessCreate),1,4344,WINDEV2309EVAL\User,S-1-5-18,2023-12-28 00:37:39.481,5,"<Event xmlns=""http://schemas.microsoft.com/win/2004/08/events/event"">
    <System>
      <Provider Name=""Microsoft-Windows-Sysmon"" Guid=""{5770385f-c22a-43e0-bf4c-06f5698ffbd9}""/>
      <EventID>1</EventID>
      <Version>5</Version>
      <Level>4</Level>
      <Task>1</Task>
      <Opcode>0</Opcode>
      <Keywords>0x8000000000000000</Keywords>
      <TimeCreated SystemTime=""2023-12-28T00:37:39.4843771Z""/>
      <EventRecordID>9758</EventRecordID>
      <Correlation/>
      <Execution ProcessID=""3732"" ThreadID=""4344""/>
      <Channel>Microsoft-Windows-Sysmon/Operational</Channel>
      <Computer>WinDev2309Eval</Computer>
      <Security UserID=""S-1-5-18""/>
    </System>
    <EventData>
      <Data Name=""RuleName"">-</Data>
      <Data Name=""UtcTime"">2023-12-28 00:37:39.481</Data>
      <Data Name=""ProcessGuid"">{fda94052-c353-658c-c600-000000000c00}</Data>
      <Data Name=""ProcessId"">8248</Data>
      <Data Name=""Image"">C:\Program Files (x86)\Microsoft\Edge\Application\msedge.exe</Data>
      <Data Name=""FileVersion"">120.0.2210.91</Data>
      <Data Name=""Description"">Microsoft Edge</Data>
      <Data Name=""Product"">Microsoft Edge</Data>
      <Data Name=""Company"">Microsoft Corporation</Data>
      <Data Name=""OriginalFileName"">msedge.exe</Data>
      <Data Name=""CommandLine"">""C:\Program Files (x86)\Microsoft\Edge\Application\msedge.exe"" --type=utility --utility-sub-type=data_decoder.mojom.DataDecoderService --lang=en-US --service-sandbox-type=service --mojo-platform-channel-handle=4680 --field-trial-handle=2044,i,5283343391975458537,14680378972506924681,262144 --variations-seed-version /prefetch:8</Data>
      <Data Name=""CurrentDirectory"">C:\Program Files (x86)\Microsoft\Edge\Application\120.0.2210.91\</Data>
      <Data Name=""User"">WINDEV2309EVAL\User</Data>
      <Data Name=""LogonGuid"">{fda94052-c313-658c-9aab-030000000000}</Data>
      <Data Name=""LogonId"">0x3ab9a</Data>
      <Data Name=""TerminalSessionId"">1</Data>
      <Data Name=""IntegrityLevel"">Low</Data>
      <Data Name=""Hashes"">MD5=F6E7A024CC79AC12294D0DA6072C5073,SHA256=628792B5B5A4D71B8D66B1A1C6B775B84E3A5E64C0C05B8D7138164FBAD5C21A,IMPHASH=EA4CA1F8E3B3D9373D39C13FD1348A63</Data>
      <Data Name=""ParentProcessGuid"">{fda94052-c351-658c-bb00-000000000c00}</Data>
      <Data Name=""ParentProcessId"">8052</Data>
      <Data Name=""ParentImage"">C:\Program Files (x86)\Microsoft\Edge\Application\msedge.exe</Data>
      <Data Name=""ParentCommandLine"">""C:\Program Files (x86)\Microsoft\Edge\Application\msedge.exe"" --no-startup-window --win-session-start</Data>
      <Data Name=""ParentUser"">WINDEV2309EVAL\User</Data>
    </EventData>
    <RenderingInfo Culture=""en-US"">
      <Message>Process Create:

RuleName: -

UtcTime: 2023-12-28 00:37:39.481

ProcessGuid: {fda94052-c353-658c-c600-000000000c00}

ProcessId: 8248

Image: C:\Program Files (x86)\Microsoft\Edge\Application\msedge.exe

FileVersion: 120.0.2210.91

Description: Microsoft Edge

Product: Microsoft Edge

Company: Microsoft Corporation

OriginalFileName: msedge.exe

CommandLine: ""C:\Program Files (x86)\Microsoft\Edge\Application\msedge.exe"" --type=utility --utility-sub-type=data_decoder.mojom.DataDecoderService --lang=en-US --service-sandbox-type=service --mojo-platform-channel-handle=4680 --field-trial-handle=2044,i,5283343391975458537,14680378972506924681,262144 --variations-seed-version /prefetch:8

CurrentDirectory: C:\Program Files (x86)\Microsoft\Edge\Application\120.0.2210.91\

User: WINDEV2309EVAL\User

LogonGuid: {fda94052-c313-658c-9aab-030000000000}

LogonId: 0x3AB9A

TerminalSessionId: 1

IntegrityLevel: Low

Hashes: MD5=F6E7A024CC79AC12294D0DA6072C5073,SHA256=628792B5B5A4D71B8D66B1A1C6B775B84E3A5E64C0C05B8D7138164FBAD5C21A,IMPHASH=EA4CA1F8E3B3D9373D39C13FD1348A63

ParentProcessGuid: {fda94052-c351-658c-bb00-000000000c00}

ParentProcessId: 8052

ParentImage: C:\Program Files (x86)\Microsoft\Edge\Application\msedge.exe

ParentCommandLine: ""C:\Program Files (x86)\Microsoft\Edge\Application\msedge.exe"" --no-startup-window --win-session-start

ParentUser: WINDEV2309EVAL\User</Message>
      <Level>Information</Level>
      <Task>Process Create (rule: ProcessCreate)</Task>
      <Opcode>Info</Opcode>
    </RenderingInfo>
  </Event>
  
"
Microsoft-Windows-Sysmon/Operational,"""C:\Program Files (x86)\Microsoft\Edge\Application\120.0.2210.91\identity_helper.exe"" --type=utility --utility-sub-type=winrt_app_id.mojom.WinrtAppIdService --lang=en-US --service-sandbox-type=none --mojo-platform-channel-handle=3668 --field-trial-handle=2044,i,5283343391975458537,14680378972506924681,262144 --variations-seed-version /prefetch:8",Microsoft Corporation,WinDev2309Eval,,C:\Program Files (x86)\Microsoft\Edge\Application\120.0.2210.91\,PWA Identity Proxy Host,,,,,,,1,9757,,120.0.2210.91,"MD5=1C36F138A659FE0559D61DE8B1095DFE,SHA256=155C7D214C1B3E306F8D39719F28BD89340E01E56D03418C8B78CCD0D54FEC77,IMPHASH=B7E244BA46AAC2A40EA643244BCEDC5B",C:\Program Files (x86)\Microsoft\Edge\Application\120.0.2210.91\identity_helper.exe,,Medium,0x8000000000000000,Information,{fda94052-c313-658c-9aab-030000000000},0x3ab9a,"Process Create:

RuleName: -

UtcTime: 2023-12-28 00:37:39.473

ProcessGuid: {fda94052-c353-658c-c500-000000000c00}

ProcessId: 8240

Image: C:\Program Files (x86)\Microsoft\Edge\Application\120.0.2210.91\identity_helper.exe

FileVersion: 120.0.2210.91

Description: PWA Identity Proxy Host

Product: Microsoft Edge

Company: Microsoft Corporation

OriginalFileName: identity_helper.exe

CommandLine: ""C:\Program Files (x86)\Microsoft\Edge\Application\120.0.2210.91\identity_helper.exe"" --type=utility --utility-sub-type=winrt_app_id.mojom.WinrtAppIdService --lang=en-US --service-sandbox-type=none --mojo-platform-channel-handle=3668 --field-trial-handle=2044,i,5283343391975458537,14680378972506924681,262144 --variations-seed-version /prefetch:8

CurrentDirectory: C:\Program Files (x86)\Microsoft\Edge\Application\120.0.2210.91\

User: WINDEV2309EVAL\User

LogonGuid: {fda94052-c313-658c-9aab-030000000000}

LogonId: 0x3AB9A

TerminalSessionId: 1

IntegrityLevel: Medium

Hashes: MD5=1C36F138A659FE0559D61DE8B1095DFE,SHA256=155C7D214C1B3E306F8D39719F28BD89340E01E56D03418C8B78CCD0D54FEC77,IMPHASH=B7E244BA46AAC2A40EA643244BCEDC5B

ParentProcessGuid: {fda94052-c351-658c-bb00-000000000c00}

ParentProcessId: 8052

ParentImage: C:\Program Files (x86)\Microsoft\Edge\Application\msedge.exe

ParentCommandLine: ""C:\Program Files (x86)\Microsoft\Edge\Application\msedge.exe"" --no-startup-window --win-session-start

ParentUser: WINDEV2309EVAL\User",,Info,identity_helper.exe,"""C:\Program Files (x86)\Microsoft\Edge\Application\msedge.exe"" --no-startup-window --win-session-start",C:\Program Files (x86)\Microsoft\Edge\Application\msedge.exe,{fda94052-c351-658c-bb00-000000000c00},8052,WINDEV2309EVAL\User,{fda94052-c353-658c-c500-000000000c00},3732,8240,Microsoft Edge,,,,,"
      ",-,,,,,,,,,,,,,,,2023-12-28T00:37:39.4753225Z,,,,,,,Process Create (rule: ProcessCreate),1,4344,WINDEV2309EVAL\User,S-1-5-18,2023-12-28 00:37:39.473,5,"<Event xmlns=""http://schemas.microsoft.com/win/2004/08/events/event"">
    <System>
      <Provider Name=""Microsoft-Windows-Sysmon"" Guid=""{5770385f-c22a-43e0-bf4c-06f5698ffbd9}""/>
      <EventID>1</EventID>
      <Version>5</Version>
      <Level>4</Level>
      <Task>1</Task>
      <Opcode>0</Opcode>
      <Keywords>0x8000000000000000</Keywords>
      <TimeCreated SystemTime=""2023-12-28T00:37:39.4753225Z""/>
      <EventRecordID>9757</EventRecordID>
      <Correlation/>
      <Execution ProcessID=""3732"" ThreadID=""4344""/>
      <Channel>Microsoft-Windows-Sysmon/Operational</Channel>
      <Computer>WinDev2309Eval</Computer>
      <Security UserID=""S-1-5-18""/>
    </System>
    <EventData>
      <Data Name=""RuleName"">-</Data>
      <Data Name=""UtcTime"">2023-12-28 00:37:39.473</Data>
      <Data Name=""ProcessGuid"">{fda94052-c353-658c-c500-000000000c00}</Data>
      <Data Name=""ProcessId"">8240</Data>
      <Data Name=""Image"">C:\Program Files (x86)\Microsoft\Edge\Application\120.0.2210.91\identity_helper.exe</Data>
      <Data Name=""FileVersion"">120.0.2210.91</Data>
      <Data Name=""Description"">PWA Identity Proxy Host</Data>
      <Data Name=""Product"">Microsoft Edge</Data>
      <Data Name=""Company"">Microsoft Corporation</Data>
      <Data Name=""OriginalFileName"">identity_helper.exe</Data>
      <Data Name=""CommandLine"">""C:\Program Files (x86)\Microsoft\Edge\Application\120.0.2210.91\identity_helper.exe"" --type=utility --utility-sub-type=winrt_app_id.mojom.WinrtAppIdService --lang=en-US --service-sandbox-type=none --mojo-platform-channel-handle=3668 --field-trial-handle=2044,i,5283343391975458537,14680378972506924681,262144 --variations-seed-version /prefetch:8</Data>
      <Data Name=""CurrentDirectory"">C:\Program Files (x86)\Microsoft\Edge\Application\120.0.2210.91\</Data>
      <Data Name=""User"">WINDEV2309EVAL\User</Data>
      <Data Name=""LogonGuid"">{fda94052-c313-658c-9aab-030000000000}</Data>
      <Data Name=""LogonId"">0x3ab9a</Data>
      <Data Name=""TerminalSessionId"">1</Data>
      <Data Name=""IntegrityLevel"">Medium</Data>
      <Data Name=""Hashes"">MD5=1C36F138A659FE0559D61DE8B1095DFE,SHA256=155C7D214C1B3E306F8D39719F28BD89340E01E56D03418C8B78CCD0D54FEC77,IMPHASH=B7E244BA46AAC2A40EA643244BCEDC5B</Data>
      <Data Name=""ParentProcessGuid"">{fda94052-c351-658c-bb00-000000000c00}</Data>
      <Data Name=""ParentProcessId"">8052</Data>
      <Data Name=""ParentImage"">C:\Program Files (x86)\Microsoft\Edge\Application\msedge.exe</Data>
      <Data Name=""ParentCommandLine"">""C:\Program Files (x86)\Microsoft\Edge\Application\msedge.exe"" --no-startup-window --win-session-start</Data>
      <Data Name=""ParentUser"">WINDEV2309EVAL\User</Data>
    </EventData>
    <RenderingInfo Culture=""en-US"">
      <Message>Process Create:

RuleName: -

UtcTime: 2023-12-28 00:37:39.473

ProcessGuid: {fda94052-c353-658c-c500-000000000c00}

ProcessId: 8240

Image: C:\Program Files (x86)\Microsoft\Edge\Application\120.0.2210.91\identity_helper.exe

FileVersion: 120.0.2210.91

Description: PWA Identity Proxy Host

Product: Microsoft Edge

Company: Microsoft Corporation

OriginalFileName: identity_helper.exe

CommandLine: ""C:\Program Files (x86)\Microsoft\Edge\Application\120.0.2210.91\identity_helper.exe"" --type=utility --utility-sub-type=winrt_app_id.mojom.WinrtAppIdService --lang=en-US --service-sandbox-type=none --mojo-platform-channel-handle=3668 --field-trial-handle=2044,i,5283343391975458537,14680378972506924681,262144 --variations-seed-version /prefetch:8

CurrentDirectory: C:\Program Files (x86)\Microsoft\Edge\Application\120.0.2210.91\

User: WINDEV2309EVAL\User

LogonGuid: {fda94052-c313-658c-9aab-030000000000}

LogonId: 0x3AB9A

TerminalSessionId: 1

IntegrityLevel: Medium

Hashes: MD5=1C36F138A659FE0559D61DE8B1095DFE,SHA256=155C7D214C1B3E306F8D39719F28BD89340E01E56D03418C8B78CCD0D54FEC77,IMPHASH=B7E244BA46AAC2A40EA643244BCEDC5B

ParentProcessGuid: {fda94052-c351-658c-bb00-000000000c00}

ParentProcessId: 8052

ParentImage: C:\Program Files (x86)\Microsoft\Edge\Application\msedge.exe

ParentCommandLine: ""C:\Program Files (x86)\Microsoft\Edge\Application\msedge.exe"" --no-startup-window --win-session-start

ParentUser: WINDEV2309EVAL\User</Message>
      <Level>Information</Level>
      <Task>Process Create (rule: ProcessCreate)</Task>
      <Opcode>Info</Opcode>
    </RenderingInfo>
  </Event>
  
"
