Microsoft-Windows-Sysmon/Operational,,,WinDev2309Eval,,,,,,,,,,8,9506,,,,,,,0x8000000000000000,Information,,,"CreateRemoteThread detected:

RuleName: -

UtcTime: 2023-12-28 00:35:58.056

SourceProcessGuid: {fda94052-34eb-658d-0600-000000000b00}

SourceProcessId: 544

SourceImage: <unknown process>

TargetProcessGuid: {fda94052-34f3-658d-4900-000000000b00}

TargetProcessId: 3400

TargetImage: <unknown process>

NewThreadId: 5720

StartAddress: 0x00007FFC70566B40

StartModule: C:\Windows\SYSTEM32\KERNELBASE.dll

StartFunction: CtrlRoutine

SourceUser: NT AUTHORITY\SYSTEM

TargetUser: NT AUTHORITY\SYSTEM",5720,Info,,,,,,,,7044,,,,,,,"
      ",-,,,<unknown process>,,,,,{fda94052-34eb-658d-0600-000000000b00},544,NT AUTHORITY\SYSTEM,0x00007FFC70566B40,CtrlRoutine,C:\Windows\SYSTEM32\KERNELBASE.dll,,2023-12-28T00:35:58.1748633Z,,<unknown process>,,{fda94052-34f3-658d-4900-000000000b00},3400,NT AUTHORITY\SYSTEM,CreateRemoteThread detected (rule: CreateRemoteThread),,6672,,S-1-5-18,2023-12-28 00:35:58.056,2,"<Event xmlns=""http://schemas.microsoft.com/win/2004/08/events/event"">
    <System>
      <Provider Name=""Microsoft-Windows-Sysmon"" Guid=""{5770385f-c22a-43e0-bf4c-06f5698ffbd9}""/>
      <EventID>8</EventID>
      <Version>2</Version>
      <Level>4</Level>
      <Task>8</Task>
      <Opcode>0</Opcode>
      <Keywords>0x8000000000000000</Keywords>
      <TimeCreated SystemTime=""2023-12-28T00:35:58.1748633Z""/>
      <EventRecordID>9506</EventRecordID>
      <Correlation/>
      <Execution ProcessID=""7044"" ThreadID=""6672""/>
      <Channel>Microsoft-Windows-Sysmon/Operational</Channel>
      <Computer>WinDev2309Eval</Computer>
      <Security UserID=""S-1-5-18""/>
    </System>
    <EventData>
      <Data Name=""RuleName"">-</Data>
      <Data Name=""UtcTime"">2023-12-28 00:35:58.056</Data>
      <Data Name=""SourceProcessGuid"">{fda94052-34eb-658d-0600-000000000b00}</Data>
      <Data Name=""SourceProcessId"">544</Data>
      <Data Name=""SourceImage"">&lt;unknown process&gt;</Data>
      <Data Name=""TargetProcessGuid"">{fda94052-34f3-658d-4900-000000000b00}</Data>
      <Data Name=""TargetProcessId"">3400</Data>
      <Data Name=""TargetImage"">&lt;unknown process&gt;</Data>
      <Data Name=""NewThreadId"">5720</Data>
      <Data Name=""StartAddress"">0x00007FFC70566B40</Data>
      <Data Name=""StartModule"">C:\Windows\SYSTEM32\KERNELBASE.dll</Data>
      <Data Name=""StartFunction"">CtrlRoutine</Data>
      <Data Name=""SourceUser"">NT AUTHORITY\SYSTEM</Data>
      <Data Name=""TargetUser"">NT AUTHORITY\SYSTEM</Data>
    </EventData>
    <RenderingInfo Culture=""en-US"">
      <Message>CreateRemoteThread detected:

RuleName: -

UtcTime: 2023-12-28 00:35:58.056

SourceProcessGuid: {fda94052-34eb-658d-0600-000000000b00}

SourceProcessId: 544

SourceImage: &lt;unknown process&gt;

TargetProcessGuid: {fda94052-34f3-658d-4900-000000000b00}

TargetProcessId: 3400

TargetImage: &lt;unknown process&gt;

NewThreadId: 5720

StartAddress: 0x00007FFC70566B40

StartModule: C:\Windows\SYSTEM32\KERNELBASE.dll

StartFunction: CtrlRoutine

SourceUser: NT AUTHORITY\SYSTEM

TargetUser: NT AUTHORITY\SYSTEM</Message>
      <Level>Information</Level>
      <Task>CreateRemoteThread detected (rule: CreateRemoteThread)</Task>
      <Opcode>Info</Opcode>
    </RenderingInfo>
  </Event>
  
"
Microsoft-Windows-Sysmon/Operational,,,WinDev2309Eval,,,,,,,,,,8,9505,,,,,,,0x8000000000000000,Information,,,"CreateRemoteThread detected:

RuleName: -

UtcTime: 2023-12-28 00:35:58.056

SourceProcessGuid: {fda94052-34eb-658d-0600-000000000b00}

SourceProcessId: 544

SourceImage: <unknown process>

TargetProcessGuid: {fda94052-34fa-658d-8900-000000000b00}

TargetProcessId: 5812

TargetImage: C:\Windows\uus\packages\preview\AMD64\MoUsoCoreWorker.exe

NewThreadId: 10424

StartAddress: 0x00007FFC70566B40

StartModule: C:\Windows\System32\KERNELBASE.dll

StartFunction: CtrlRoutine

SourceUser: NT AUTHORITY\SYSTEM

TargetUser: NT AUTHORITY\SYSTEM",10424,Info,,,,,,,,7044,,,,,,,"
      ",-,,,<unknown process>,,,,,{fda94052-34eb-658d-0600-000000000b00},544,NT AUTHORITY\SYSTEM,0x00007FFC70566B40,CtrlRoutine,C:\Windows\System32\KERNELBASE.dll,,2023-12-28T00:35:58.1742408Z,,C:\Windows\uus\packages\preview\AMD64\MoUsoCoreWorker.exe,,{fda94052-34fa-658d-8900-000000000b00},5812,NT AUTHORITY\SYSTEM,CreateRemoteThread detected (rule: CreateRemoteThread),,6672,,S-1-5-18,2023-12-28 00:35:58.056,2,"<Event xmlns=""http://schemas.microsoft.com/win/2004/08/events/event"">
    <System>
      <Provider Name=""Microsoft-Windows-Sysmon"" Guid=""{5770385f-c22a-43e0-bf4c-06f5698ffbd9}""/>
      <EventID>8</EventID>
      <Version>2</Version>
      <Level>4</Level>
      <Task>8</Task>
      <Opcode>0</Opcode>
      <Keywords>0x8000000000000000</Keywords>
      <TimeCreated SystemTime=""2023-12-28T00:35:58.1742408Z""/>
      <EventRecordID>9505</EventRecordID>
      <Correlation/>
      <Execution ProcessID=""7044"" ThreadID=""6672""/>
      <Channel>Microsoft-Windows-Sysmon/Operational</Channel>
      <Computer>WinDev2309Eval</Computer>
      <Security UserID=""S-1-5-18""/>
    </System>
    <EventData>
      <Data Name=""RuleName"">-</Data>
      <Data Name=""UtcTime"">2023-12-28 00:35:58.056</Data>
      <Data Name=""SourceProcessGuid"">{fda94052-34eb-658d-0600-000000000b00}</Data>
      <Data Name=""SourceProcessId"">544</Data>
      <Data Name=""SourceImage"">&lt;unknown process&gt;</Data>
      <Data Name=""TargetProcessGuid"">{fda94052-34fa-658d-8900-000000000b00}</Data>
      <Data Name=""TargetProcessId"">5812</Data>
      <Data Name=""TargetImage"">C:\Windows\uus\packages\preview\AMD64\MoUsoCoreWorker.exe</Data>
      <Data Name=""NewThreadId"">10424</Data>
      <Data Name=""StartAddress"">0x00007FFC70566B40</Data>
      <Data Name=""StartModule"">C:\Windows\System32\KERNELBASE.dll</Data>
      <Data Name=""StartFunction"">CtrlRoutine</Data>
      <Data Name=""SourceUser"">NT AUTHORITY\SYSTEM</Data>
      <Data Name=""TargetUser"">NT AUTHORITY\SYSTEM</Data>
    </EventData>
    <RenderingInfo Culture=""en-US"">
      <Message>CreateRemoteThread detected:

RuleName: -

UtcTime: 2023-12-28 00:35:58.056

SourceProcessGuid: {fda94052-34eb-658d-0600-000000000b00}

SourceProcessId: 544

SourceImage: &lt;unknown process&gt;

TargetProcessGuid: {fda94052-34fa-658d-8900-000000000b00}

TargetProcessId: 5812

TargetImage: C:\Windows\uus\packages\preview\AMD64\MoUsoCoreWorker.exe

NewThreadId: 10424

StartAddress: 0x00007FFC70566B40

StartModule: C:\Windows\System32\KERNELBASE.dll

StartFunction: CtrlRoutine

SourceUser: NT AUTHORITY\SYSTEM

TargetUser: NT AUTHORITY\SYSTEM</Message>
      <Level>Information</Level>
      <Task>CreateRemoteThread detected (rule: CreateRemoteThread)</Task>
      <Opcode>Info</Opcode>
    </RenderingInfo>
  </Event>
  
"
Microsoft-Windows-Sysmon/Operational,,,WinDev2309Eval,,,,,,,,,,8,9504,,,,,,,0x8000000000000000,Information,,,"CreateRemoteThread detected:

RuleName: -

UtcTime: 2023-12-28 00:35:58.056

SourceProcessGuid: {fda94052-34eb-658d-0600-000000000b00}

SourceProcessId: 544

SourceImage: <unknown process>

TargetProcessGuid: {fda94052-34f4-658d-6b00-000000000b00}

TargetProcessId: 4988

TargetImage: C:\Windows\system32\SearchIndexer.exe

NewThreadId: 8500

StartAddress: 0x00007FFC70566B40

StartModule: C:\Windows\System32\KERNELBASE.dll

StartFunction: CtrlRoutine

SourceUser: NT AUTHORITY\SYSTEM

TargetUser: NT AUTHORITY\SYSTEM",8500,Info,,,,,,,,7044,,,,,,,"
      ",-,,,<unknown process>,,,,,{fda94052-34eb-658d-0600-000000000b00},544,NT AUTHORITY\SYSTEM,0x00007FFC70566B40,CtrlRoutine,C:\Windows\System32\KERNELBASE.dll,,2023-12-28T00:35:58.1636250Z,,C:\Windows\system32\SearchIndexer.exe,,{fda94052-34f4-658d-6b00-000000000b00},4988,NT AUTHORITY\SYSTEM,CreateRemoteThread detected (rule: CreateRemoteThread),,6672,,S-1-5-18,2023-12-28 00:35:58.056,2,"<Event xmlns=""http://schemas.microsoft.com/win/2004/08/events/event"">
    <System>
      <Provider Name=""Microsoft-Windows-Sysmon"" Guid=""{5770385f-c22a-43e0-bf4c-06f5698ffbd9}""/>
      <EventID>8</EventID>
      <Version>2</Version>
      <Level>4</Level>
      <Task>8</Task>
      <Opcode>0</Opcode>
      <Keywords>0x8000000000000000</Keywords>
      <TimeCreated SystemTime=""2023-12-28T00:35:58.1636250Z""/>
      <EventRecordID>9504</EventRecordID>
      <Correlation/>
      <Execution ProcessID=""7044"" ThreadID=""6672""/>
      <Channel>Microsoft-Windows-Sysmon/Operational</Channel>
      <Computer>WinDev2309Eval</Computer>
      <Security UserID=""S-1-5-18""/>
    </System>
    <EventData>
      <Data Name=""RuleName"">-</Data>
      <Data Name=""UtcTime"">2023-12-28 00:35:58.056</Data>
      <Data Name=""SourceProcessGuid"">{fda94052-34eb-658d-0600-000000000b00}</Data>
      <Data Name=""SourceProcessId"">544</Data>
      <Data Name=""SourceImage"">&lt;unknown process&gt;</Data>
      <Data Name=""TargetProcessGuid"">{fda94052-34f4-658d-6b00-000000000b00}</Data>
      <Data Name=""TargetProcessId"">4988</Data>
      <Data Name=""TargetImage"">C:\Windows\system32\SearchIndexer.exe</Data>
      <Data Name=""NewThreadId"">8500</Data>
      <Data Name=""StartAddress"">0x00007FFC70566B40</Data>
      <Data Name=""StartModule"">C:\Windows\System32\KERNELBASE.dll</Data>
      <Data Name=""StartFunction"">CtrlRoutine</Data>
      <Data Name=""SourceUser"">NT AUTHORITY\SYSTEM</Data>
      <Data Name=""TargetUser"">NT AUTHORITY\SYSTEM</Data>
    </EventData>
    <RenderingInfo Culture=""en-US"">
      <Message>CreateRemoteThread detected:

RuleName: -

UtcTime: 2023-12-28 00:35:58.056

SourceProcessGuid: {fda94052-34eb-658d-0600-000000000b00}

SourceProcessId: 544

SourceImage: &lt;unknown process&gt;

TargetProcessGuid: {fda94052-34f4-658d-6b00-000000000b00}

TargetProcessId: 4988

TargetImage: C:\Windows\system32\SearchIndexer.exe

NewThreadId: 8500

StartAddress: 0x00007FFC70566B40

StartModule: C:\Windows\System32\KERNELBASE.dll

StartFunction: CtrlRoutine

SourceUser: NT AUTHORITY\SYSTEM

TargetUser: NT AUTHORITY\SYSTEM</Message>
      <Level>Information</Level>
      <Task>CreateRemoteThread detected (rule: CreateRemoteThread)</Task>
      <Opcode>Info</Opcode>
    </RenderingInfo>
  </Event>
  
"
Microsoft-Windows-Sysmon/Operational,,,WinDev2309Eval,,,,,,,,,,8,9503,,,,,,,0x8000000000000000,Information,,,"CreateRemoteThread detected:

RuleName: -

UtcTime: 2023-12-28 00:35:58.056

SourceProcessGuid: {fda94052-34eb-658d-0600-000000000b00}

SourceProcessId: 544

SourceImage: <unknown process>

TargetProcessGuid: {fda94052-3502-658d-9600-000000000b00}

TargetProcessId: 4168

TargetImage: C:\Windows\system32\svchost.exe

NewThreadId: 1608

StartAddress: 0x00007FFC70566B40

StartModule: C:\Windows\System32\KERNELBASE.dll

StartFunction: CtrlRoutine

SourceUser: NT AUTHORITY\SYSTEM

TargetUser: NT AUTHORITY\LOCAL SERVICE",1608,Info,,,,,,,,7044,,,,,,,"
      ",-,,,<unknown process>,,,,,{fda94052-34eb-658d-0600-000000000b00},544,NT AUTHORITY\SYSTEM,0x00007FFC70566B40,CtrlRoutine,C:\Windows\System32\KERNELBASE.dll,,2023-12-28T00:35:58.1620410Z,,C:\Windows\system32\svchost.exe,,{fda94052-3502-658d-9600-000000000b00},4168,NT AUTHORITY\LOCAL SERVICE,CreateRemoteThread detected (rule: CreateRemoteThread),,6672,,S-1-5-18,2023-12-28 00:35:58.056,2,"<Event xmlns=""http://schemas.microsoft.com/win/2004/08/events/event"">
    <System>
      <Provider Name=""Microsoft-Windows-Sysmon"" Guid=""{5770385f-c22a-43e0-bf4c-06f5698ffbd9}""/>
      <EventID>8</EventID>
      <Version>2</Version>
      <Level>4</Level>
      <Task>8</Task>
      <Opcode>0</Opcode>
      <Keywords>0x8000000000000000</Keywords>
      <TimeCreated SystemTime=""2023-12-28T00:35:58.1620410Z""/>
      <EventRecordID>9503</EventRecordID>
      <Correlation/>
      <Execution ProcessID=""7044"" ThreadID=""6672""/>
      <Channel>Microsoft-Windows-Sysmon/Operational</Channel>
      <Computer>WinDev2309Eval</Computer>
      <Security UserID=""S-1-5-18""/>
    </System>
    <EventData>
      <Data Name=""RuleName"">-</Data>
      <Data Name=""UtcTime"">2023-12-28 00:35:58.056</Data>
      <Data Name=""SourceProcessGuid"">{fda94052-34eb-658d-0600-000000000b00}</Data>
      <Data Name=""SourceProcessId"">544</Data>
      <Data Name=""SourceImage"">&lt;unknown process&gt;</Data>
      <Data Name=""TargetProcessGuid"">{fda94052-3502-658d-9600-000000000b00}</Data>
      <Data Name=""TargetProcessId"">4168</Data>
      <Data Name=""TargetImage"">C:\Windows\system32\svchost.exe</Data>
      <Data Name=""NewThreadId"">1608</Data>
      <Data Name=""StartAddress"">0x00007FFC70566B40</Data>
      <Data Name=""StartModule"">C:\Windows\System32\KERNELBASE.dll</Data>
      <Data Name=""StartFunction"">CtrlRoutine</Data>
      <Data Name=""SourceUser"">NT AUTHORITY\SYSTEM</Data>
      <Data Name=""TargetUser"">NT AUTHORITY\LOCAL SERVICE</Data>
    </EventData>
    <RenderingInfo Culture=""en-US"">
      <Message>CreateRemoteThread detected:

RuleName: -

UtcTime: 2023-12-28 00:35:58.056

SourceProcessGuid: {fda94052-34eb-658d-0600-000000000b00}

SourceProcessId: 544

SourceImage: &lt;unknown process&gt;

TargetProcessGuid: {fda94052-3502-658d-9600-000000000b00}

TargetProcessId: 4168

TargetImage: C:\Windows\system32\svchost.exe

NewThreadId: 1608

StartAddress: 0x00007FFC70566B40

StartModule: C:\Windows\System32\KERNELBASE.dll

StartFunction: CtrlRoutine

SourceUser: NT AUTHORITY\SYSTEM

TargetUser: NT AUTHORITY\LOCAL SERVICE</Message>
      <Level>Information</Level>
      <Task>CreateRemoteThread detected (rule: CreateRemoteThread)</Task>
      <Opcode>Info</Opcode>
    </RenderingInfo>
  </Event>
  
"
Microsoft-Windows-Sysmon/Operational,,,WinDev2309Eval,,,,,,,,,,8,9502,,,,,,,0x8000000000000000,Information,,,"CreateRemoteThread detected:

RuleName: -

UtcTime: 2023-12-28 00:35:58.056

SourceProcessGuid: {fda94052-34eb-658d-0600-000000000b00}

SourceProcessId: 544

SourceImage: <unknown process>

TargetProcessGuid: {fda94052-34f3-658d-5b00-000000000b00}

TargetProcessId: 3948

TargetImage: C:\Windows\System32\svchost.exe

NewThreadId: 6588

StartAddress: 0x00007FFC70566B40

StartModule: C:\Windows\System32\KERNELBASE.dll

StartFunction: CtrlRoutine

SourceUser: NT AUTHORITY\SYSTEM

TargetUser: NT AUTHORITY\SYSTEM",6588,Info,,,,,,,,7044,,,,,,,"
      ",-,,,<unknown process>,,,,,{fda94052-34eb-658d-0600-000000000b00},544,NT AUTHORITY\SYSTEM,0x00007FFC70566B40,CtrlRoutine,C:\Windows\System32\KERNELBASE.dll,,2023-12-28T00:35:58.1613432Z,,C:\Windows\System32\svchost.exe,,{fda94052-34f3-658d-5b00-000000000b00},3948,NT AUTHORITY\SYSTEM,CreateRemoteThread detected (rule: CreateRemoteThread),,6672,,S-1-5-18,2023-12-28 00:35:58.056,2,"<Event xmlns=""http://schemas.microsoft.com/win/2004/08/events/event"">
    <System>
      <Provider Name=""Microsoft-Windows-Sysmon"" Guid=""{5770385f-c22a-43e0-bf4c-06f5698ffbd9}""/>
      <EventID>8</EventID>
      <Version>2</Version>
      <Level>4</Level>
      <Task>8</Task>
      <Opcode>0</Opcode>
      <Keywords>0x8000000000000000</Keywords>
      <TimeCreated SystemTime=""2023-12-28T00:35:58.1613432Z""/>
      <EventRecordID>9502</EventRecordID>
      <Correlation/>
      <Execution ProcessID=""7044"" ThreadID=""6672""/>
      <Channel>Microsoft-Windows-Sysmon/Operational</Channel>
      <Computer>WinDev2309Eval</Computer>
      <Security UserID=""S-1-5-18""/>
    </System>
    <EventData>
      <Data Name=""RuleName"">-</Data>
      <Data Name=""UtcTime"">2023-12-28 00:35:58.056</Data>
      <Data Name=""SourceProcessGuid"">{fda94052-34eb-658d-0600-000000000b00}</Data>
      <Data Name=""SourceProcessId"">544</Data>
      <Data Name=""SourceImage"">&lt;unknown process&gt;</Data>
      <Data Name=""TargetProcessGuid"">{fda94052-34f3-658d-5b00-000000000b00}</Data>
      <Data Name=""TargetProcessId"">3948</Data>
      <Data Name=""TargetImage"">C:\Windows\System32\svchost.exe</Data>
      <Data Name=""NewThreadId"">6588</Data>
      <Data Name=""StartAddress"">0x00007FFC70566B40</Data>
      <Data Name=""StartModule"">C:\Windows\System32\KERNELBASE.dll</Data>
      <Data Name=""StartFunction"">CtrlRoutine</Data>
      <Data Name=""SourceUser"">NT AUTHORITY\SYSTEM</Data>
      <Data Name=""TargetUser"">NT AUTHORITY\SYSTEM</Data>
    </EventData>
    <RenderingInfo Culture=""en-US"">
      <Message>CreateRemoteThread detected:

RuleName: -

UtcTime: 2023-12-28 00:35:58.056

SourceProcessGuid: {fda94052-34eb-658d-0600-000000000b00}

SourceProcessId: 544

SourceImage: &lt;unknown process&gt;

TargetProcessGuid: {fda94052-34f3-658d-5b00-000000000b00}

TargetProcessId: 3948

TargetImage: C:\Windows\System32\svchost.exe

NewThreadId: 6588

StartAddress: 0x00007FFC70566B40

StartModule: C:\Windows\System32\KERNELBASE.dll

StartFunction: CtrlRoutine

SourceUser: NT AUTHORITY\SYSTEM

TargetUser: NT AUTHORITY\SYSTEM</Message>
      <Level>Information</Level>
      <Task>CreateRemoteThread detected (rule: CreateRemoteThread)</Task>
      <Opcode>Info</Opcode>
    </RenderingInfo>
  </Event>
  
"
Microsoft-Windows-Sysmon/Operational,,,WinDev2309Eval,,,,,,,,,,8,9501,,,,,,,0x8000000000000000,Information,,,"CreateRemoteThread detected:

RuleName: -

UtcTime: 2023-12-28 00:35:58.056

SourceProcessGuid: {fda94052-34eb-658d-0600-000000000b00}

SourceProcessId: 544

SourceImage: <unknown process>

TargetProcessGuid: {fda94052-34f3-658d-4600-000000000b00}

TargetProcessId: 3272

TargetImage: C:\Windows\System32\spoolsv.exe

NewThreadId: 10912

StartAddress: 0x00007FFC70566B40

StartModule: C:\Windows\System32\KERNELBASE.dll

StartFunction: CtrlRoutine

SourceUser: NT AUTHORITY\SYSTEM

TargetUser: NT AUTHORITY\SYSTEM",10912,Info,,,,,,,,7044,,,,,,,"
      ",-,,,<unknown process>,,,,,{fda94052-34eb-658d-0600-000000000b00},544,NT AUTHORITY\SYSTEM,0x00007FFC70566B40,CtrlRoutine,C:\Windows\System32\KERNELBASE.dll,,2023-12-28T00:35:58.1599569Z,,C:\Windows\System32\spoolsv.exe,,{fda94052-34f3-658d-4600-000000000b00},3272,NT AUTHORITY\SYSTEM,CreateRemoteThread detected (rule: CreateRemoteThread),,6672,,S-1-5-18,2023-12-28 00:35:58.056,2,"<Event xmlns=""http://schemas.microsoft.com/win/2004/08/events/event"">
    <System>
      <Provider Name=""Microsoft-Windows-Sysmon"" Guid=""{5770385f-c22a-43e0-bf4c-06f5698ffbd9}""/>
      <EventID>8</EventID>
      <Version>2</Version>
      <Level>4</Level>
      <Task>8</Task>
      <Opcode>0</Opcode>
      <Keywords>0x8000000000000000</Keywords>
      <TimeCreated SystemTime=""2023-12-28T00:35:58.1599569Z""/>
      <EventRecordID>9501</EventRecordID>
      <Correlation/>
      <Execution ProcessID=""7044"" ThreadID=""6672""/>
      <Channel>Microsoft-Windows-Sysmon/Operational</Channel>
      <Computer>WinDev2309Eval</Computer>
      <Security UserID=""S-1-5-18""/>
    </System>
    <EventData>
      <Data Name=""RuleName"">-</Data>
      <Data Name=""UtcTime"">2023-12-28 00:35:58.056</Data>
      <Data Name=""SourceProcessGuid"">{fda94052-34eb-658d-0600-000000000b00}</Data>
      <Data Name=""SourceProcessId"">544</Data>
      <Data Name=""SourceImage"">&lt;unknown process&gt;</Data>
      <Data Name=""TargetProcessGuid"">{fda94052-34f3-658d-4600-000000000b00}</Data>
      <Data Name=""TargetProcessId"">3272</Data>
      <Data Name=""TargetImage"">C:\Windows\System32\spoolsv.exe</Data>
      <Data Name=""NewThreadId"">10912</Data>
      <Data Name=""StartAddress"">0x00007FFC70566B40</Data>
      <Data Name=""StartModule"">C:\Windows\System32\KERNELBASE.dll</Data>
      <Data Name=""StartFunction"">CtrlRoutine</Data>
      <Data Name=""SourceUser"">NT AUTHORITY\SYSTEM</Data>
      <Data Name=""TargetUser"">NT AUTHORITY\SYSTEM</Data>
    </EventData>
    <RenderingInfo Culture=""en-US"">
      <Message>CreateRemoteThread detected:

RuleName: -

UtcTime: 2023-12-28 00:35:58.056

SourceProcessGuid: {fda94052-34eb-658d-0600-000000000b00}

SourceProcessId: 544

SourceImage: &lt;unknown process&gt;

TargetProcessGuid: {fda94052-34f3-658d-4600-000000000b00}

TargetProcessId: 3272

TargetImage: C:\Windows\System32\spoolsv.exe

NewThreadId: 10912

StartAddress: 0x00007FFC70566B40

StartModule: C:\Windows\System32\KERNELBASE.dll

StartFunction: CtrlRoutine

SourceUser: NT AUTHORITY\SYSTEM

TargetUser: NT AUTHORITY\SYSTEM</Message>
      <Level>Information</Level>
      <Task>CreateRemoteThread detected (rule: CreateRemoteThread)</Task>
      <Opcode>Info</Opcode>
    </RenderingInfo>
  </Event>
  
"
Microsoft-Windows-Sysmon/Operational,,,WinDev2309Eval,,,,,,,,,,8,9500,,,,,,,0x8000000000000000,Information,,,"CreateRemoteThread detected:

RuleName: -

UtcTime: 2023-12-28 00:35:58.056

SourceProcessGuid: {fda94052-34eb-658d-0600-000000000b00}

SourceProcessId: 544

SourceImage: <unknown process>

TargetProcessGuid: {fda94052-c2ea-658c-6902-000000000b00}

TargetProcessId: 9384

TargetImage: C:\Windows\System32\svchost.exe

NewThreadId: 7492

StartAddress: 0x00007FFC70566B40

StartModule: C:\Windows\System32\KERNELBASE.dll

StartFunction: CtrlRoutine

SourceUser: NT AUTHORITY\SYSTEM

TargetUser: NT AUTHORITY\SYSTEM",7492,Info,,,,,,,,7044,,,,,,,"
      ",-,,,<unknown process>,,,,,{fda94052-34eb-658d-0600-000000000b00},544,NT AUTHORITY\SYSTEM,0x00007FFC70566B40,CtrlRoutine,C:\Windows\System32\KERNELBASE.dll,,2023-12-28T00:35:58.1587741Z,,C:\Windows\System32\svchost.exe,,{fda94052-c2ea-658c-6902-000000000b00},9384,NT AUTHORITY\SYSTEM,CreateRemoteThread detected (rule: CreateRemoteThread),,6672,,S-1-5-18,2023-12-28 00:35:58.056,2,"<Event xmlns=""http://schemas.microsoft.com/win/2004/08/events/event"">
    <System>
      <Provider Name=""Microsoft-Windows-Sysmon"" Guid=""{5770385f-c22a-43e0-bf4c-06f5698ffbd9}""/>
      <EventID>8</EventID>
      <Version>2</Version>
      <Level>4</Level>
      <Task>8</Task>
      <Opcode>0</Opcode>
      <Keywords>0x8000000000000000</Keywords>
      <TimeCreated SystemTime=""2023-12-28T00:35:58.1587741Z""/>
      <EventRecordID>9500</EventRecordID>
      <Correlation/>
      <Execution ProcessID=""7044"" ThreadID=""6672""/>
      <Channel>Microsoft-Windows-Sysmon/Operational</Channel>
      <Computer>WinDev2309Eval</Computer>
      <Security UserID=""S-1-5-18""/>
    </System>
    <EventData>
      <Data Name=""RuleName"">-</Data>
      <Data Name=""UtcTime"">2023-12-28 00:35:58.056</Data>
      <Data Name=""SourceProcessGuid"">{fda94052-34eb-658d-0600-000000000b00}</Data>
      <Data Name=""SourceProcessId"">544</Data>
      <Data Name=""SourceImage"">&lt;unknown process&gt;</Data>
      <Data Name=""TargetProcessGuid"">{fda94052-c2ea-658c-6902-000000000b00}</Data>
      <Data Name=""TargetProcessId"">9384</Data>
      <Data Name=""TargetImage"">C:\Windows\System32\svchost.exe</Data>
      <Data Name=""NewThreadId"">7492</Data>
      <Data Name=""StartAddress"">0x00007FFC70566B40</Data>
      <Data Name=""StartModule"">C:\Windows\System32\KERNELBASE.dll</Data>
      <Data Name=""StartFunction"">CtrlRoutine</Data>
      <Data Name=""SourceUser"">NT AUTHORITY\SYSTEM</Data>
      <Data Name=""TargetUser"">NT AUTHORITY\SYSTEM</Data>
    </EventData>
    <RenderingInfo Culture=""en-US"">
      <Message>CreateRemoteThread detected:

RuleName: -

UtcTime: 2023-12-28 00:35:58.056

SourceProcessGuid: {fda94052-34eb-658d-0600-000000000b00}

SourceProcessId: 544

SourceImage: &lt;unknown process&gt;

TargetProcessGuid: {fda94052-c2ea-658c-6902-000000000b00}

TargetProcessId: 9384

TargetImage: C:\Windows\System32\svchost.exe

NewThreadId: 7492

StartAddress: 0x00007FFC70566B40

StartModule: C:\Windows\System32\KERNELBASE.dll

StartFunction: CtrlRoutine

SourceUser: NT AUTHORITY\SYSTEM

TargetUser: NT AUTHORITY\SYSTEM</Message>
      <Level>Information</Level>
      <Task>CreateRemoteThread detected (rule: CreateRemoteThread)</Task>
      <Opcode>Info</Opcode>
    </RenderingInfo>
  </Event>
  
"
Microsoft-Windows-Sysmon/Operational,,,WinDev2309Eval,,,,,,,,,,8,9499,,,,,,,0x8000000000000000,Information,,,"CreateRemoteThread detected:

RuleName: -

UtcTime: 2023-12-28 00:35:58.056

SourceProcessGuid: {fda94052-34eb-658d-0600-000000000b00}

SourceProcessId: 544

SourceImage: <unknown process>

TargetProcessGuid: {fda94052-34f3-658d-5d00-000000000b00}

TargetProcessId: 4136

TargetImage: C:\Windows\system32\svchost.exe

NewThreadId: 4732

StartAddress: 0x00007FFC70566B40

StartModule: C:\Windows\System32\KERNELBASE.dll

StartFunction: CtrlRoutine

SourceUser: NT AUTHORITY\SYSTEM

TargetUser: NT AUTHORITY\SYSTEM",4732,Info,,,,,,,,7044,,,,,,,"
      ",-,,,<unknown process>,,,,,{fda94052-34eb-658d-0600-000000000b00},544,NT AUTHORITY\SYSTEM,0x00007FFC70566B40,CtrlRoutine,C:\Windows\System32\KERNELBASE.dll,,2023-12-28T00:35:58.1584265Z,,C:\Windows\system32\svchost.exe,,{fda94052-34f3-658d-5d00-000000000b00},4136,NT AUTHORITY\SYSTEM,CreateRemoteThread detected (rule: CreateRemoteThread),,6672,,S-1-5-18,2023-12-28 00:35:58.056,2,"<Event xmlns=""http://schemas.microsoft.com/win/2004/08/events/event"">
    <System>
      <Provider Name=""Microsoft-Windows-Sysmon"" Guid=""{5770385f-c22a-43e0-bf4c-06f5698ffbd9}""/>
      <EventID>8</EventID>
      <Version>2</Version>
      <Level>4</Level>
      <Task>8</Task>
      <Opcode>0</Opcode>
      <Keywords>0x8000000000000000</Keywords>
      <TimeCreated SystemTime=""2023-12-28T00:35:58.1584265Z""/>
      <EventRecordID>9499</EventRecordID>
      <Correlation/>
      <Execution ProcessID=""7044"" ThreadID=""6672""/>
      <Channel>Microsoft-Windows-Sysmon/Operational</Channel>
      <Computer>WinDev2309Eval</Computer>
      <Security UserID=""S-1-5-18""/>
    </System>
    <EventData>
      <Data Name=""RuleName"">-</Data>
      <Data Name=""UtcTime"">2023-12-28 00:35:58.056</Data>
      <Data Name=""SourceProcessGuid"">{fda94052-34eb-658d-0600-000000000b00}</Data>
      <Data Name=""SourceProcessId"">544</Data>
      <Data Name=""SourceImage"">&lt;unknown process&gt;</Data>
      <Data Name=""TargetProcessGuid"">{fda94052-34f3-658d-5d00-000000000b00}</Data>
      <Data Name=""TargetProcessId"">4136</Data>
      <Data Name=""TargetImage"">C:\Windows\system32\svchost.exe</Data>
      <Data Name=""NewThreadId"">4732</Data>
      <Data Name=""StartAddress"">0x00007FFC70566B40</Data>
      <Data Name=""StartModule"">C:\Windows\System32\KERNELBASE.dll</Data>
      <Data Name=""StartFunction"">CtrlRoutine</Data>
      <Data Name=""SourceUser"">NT AUTHORITY\SYSTEM</Data>
      <Data Name=""TargetUser"">NT AUTHORITY\SYSTEM</Data>
    </EventData>
    <RenderingInfo Culture=""en-US"">
      <Message>CreateRemoteThread detected:

RuleName: -

UtcTime: 2023-12-28 00:35:58.056

SourceProcessGuid: {fda94052-34eb-658d-0600-000000000b00}

SourceProcessId: 544

SourceImage: &lt;unknown process&gt;

TargetProcessGuid: {fda94052-34f3-658d-5d00-000000000b00}

TargetProcessId: 4136

TargetImage: C:\Windows\system32\svchost.exe

NewThreadId: 4732

StartAddress: 0x00007FFC70566B40

StartModule: C:\Windows\System32\KERNELBASE.dll

StartFunction: CtrlRoutine

SourceUser: NT AUTHORITY\SYSTEM

TargetUser: NT AUTHORITY\SYSTEM</Message>
      <Level>Information</Level>
      <Task>CreateRemoteThread detected (rule: CreateRemoteThread)</Task>
      <Opcode>Info</Opcode>
    </RenderingInfo>
  </Event>
  
"
Microsoft-Windows-Sysmon/Operational,,,WinDev2309Eval,,,,,,,,,,8,9498,,,,,,,0x8000000000000000,Information,,,"CreateRemoteThread detected:

RuleName: -

UtcTime: 2023-12-28 00:35:58.056

SourceProcessGuid: {fda94052-34eb-658d-0600-000000000b00}

SourceProcessId: 544

SourceImage: <unknown process>

TargetProcessGuid: {fda94052-3501-658d-9400-000000000b00}

TargetProcessId: 5708

TargetImage: C:\Windows\System32\svchost.exe

NewThreadId: 8204

StartAddress: 0x00007FFC70566B40

StartModule: C:\Windows\System32\KERNELBASE.dll

StartFunction: CtrlRoutine

SourceUser: NT AUTHORITY\SYSTEM

TargetUser: NT AUTHORITY\LOCAL SERVICE",8204,Info,,,,,,,,7044,,,,,,,"
      ",-,,,<unknown process>,,,,,{fda94052-34eb-658d-0600-000000000b00},544,NT AUTHORITY\SYSTEM,0x00007FFC70566B40,CtrlRoutine,C:\Windows\System32\KERNELBASE.dll,,2023-12-28T00:35:58.1517087Z,,C:\Windows\System32\svchost.exe,,{fda94052-3501-658d-9400-000000000b00},5708,NT AUTHORITY\LOCAL SERVICE,CreateRemoteThread detected (rule: CreateRemoteThread),,6672,,S-1-5-18,2023-12-28 00:35:58.056,2,"<Event xmlns=""http://schemas.microsoft.com/win/2004/08/events/event"">
    <System>
      <Provider Name=""Microsoft-Windows-Sysmon"" Guid=""{5770385f-c22a-43e0-bf4c-06f5698ffbd9}""/>
      <EventID>8</EventID>
      <Version>2</Version>
      <Level>4</Level>
      <Task>8</Task>
      <Opcode>0</Opcode>
      <Keywords>0x8000000000000000</Keywords>
      <TimeCreated SystemTime=""2023-12-28T00:35:58.1517087Z""/>
      <EventRecordID>9498</EventRecordID>
      <Correlation/>
      <Execution ProcessID=""7044"" ThreadID=""6672""/>
      <Channel>Microsoft-Windows-Sysmon/Operational</Channel>
      <Computer>WinDev2309Eval</Computer>
      <Security UserID=""S-1-5-18""/>
    </System>
    <EventData>
      <Data Name=""RuleName"">-</Data>
      <Data Name=""UtcTime"">2023-12-28 00:35:58.056</Data>
      <Data Name=""SourceProcessGuid"">{fda94052-34eb-658d-0600-000000000b00}</Data>
      <Data Name=""SourceProcessId"">544</Data>
      <Data Name=""SourceImage"">&lt;unknown process&gt;</Data>
      <Data Name=""TargetProcessGuid"">{fda94052-3501-658d-9400-000000000b00}</Data>
      <Data Name=""TargetProcessId"">5708</Data>
      <Data Name=""TargetImage"">C:\Windows\System32\svchost.exe</Data>
      <Data Name=""NewThreadId"">8204</Data>
      <Data Name=""StartAddress"">0x00007FFC70566B40</Data>
      <Data Name=""StartModule"">C:\Windows\System32\KERNELBASE.dll</Data>
      <Data Name=""StartFunction"">CtrlRoutine</Data>
      <Data Name=""SourceUser"">NT AUTHORITY\SYSTEM</Data>
      <Data Name=""TargetUser"">NT AUTHORITY\LOCAL SERVICE</Data>
    </EventData>
    <RenderingInfo Culture=""en-US"">
      <Message>CreateRemoteThread detected:

RuleName: -

UtcTime: 2023-12-28 00:35:58.056

SourceProcessGuid: {fda94052-34eb-658d-0600-000000000b00}

SourceProcessId: 544

SourceImage: &lt;unknown process&gt;

TargetProcessGuid: {fda94052-3501-658d-9400-000000000b00}

TargetProcessId: 5708

TargetImage: C:\Windows\System32\svchost.exe

NewThreadId: 8204

StartAddress: 0x00007FFC70566B40

StartModule: C:\Windows\System32\KERNELBASE.dll

StartFunction: CtrlRoutine

SourceUser: NT AUTHORITY\SYSTEM

TargetUser: NT AUTHORITY\LOCAL SERVICE</Message>
      <Level>Information</Level>
      <Task>CreateRemoteThread detected (rule: CreateRemoteThread)</Task>
      <Opcode>Info</Opcode>
    </RenderingInfo>
  </Event>
  
"
Microsoft-Windows-Sysmon/Operational,,,WinDev2309Eval,,,,,,,,,,8,9497,,,,,,,0x8000000000000000,Information,,,"CreateRemoteThread detected:

RuleName: -

UtcTime: 2023-12-28 00:35:58.056

SourceProcessGuid: {fda94052-34eb-658d-0600-000000000b00}

SourceProcessId: 544

SourceImage: <unknown process>

TargetProcessGuid: {fda94052-34f9-658d-8800-000000000b00}

TargetProcessId: 5760

TargetImage: C:\Windows\system32\svchost.exe

NewThreadId: 952

StartAddress: 0x00007FFC70566B40

StartModule: C:\Windows\System32\KERNELBASE.dll

StartFunction: CtrlRoutine

SourceUser: NT AUTHORITY\SYSTEM

TargetUser: NT AUTHORITY\SYSTEM",952,Info,,,,,,,,7044,,,,,,,"
      ",-,,,<unknown process>,,,,,{fda94052-34eb-658d-0600-000000000b00},544,NT AUTHORITY\SYSTEM,0x00007FFC70566B40,CtrlRoutine,C:\Windows\System32\KERNELBASE.dll,,2023-12-28T00:35:58.1499188Z,,C:\Windows\system32\svchost.exe,,{fda94052-34f9-658d-8800-000000000b00},5760,NT AUTHORITY\SYSTEM,CreateRemoteThread detected (rule: CreateRemoteThread),,6672,,S-1-5-18,2023-12-28 00:35:58.056,2,"<Event xmlns=""http://schemas.microsoft.com/win/2004/08/events/event"">
    <System>
      <Provider Name=""Microsoft-Windows-Sysmon"" Guid=""{5770385f-c22a-43e0-bf4c-06f5698ffbd9}""/>
      <EventID>8</EventID>
      <Version>2</Version>
      <Level>4</Level>
      <Task>8</Task>
      <Opcode>0</Opcode>
      <Keywords>0x8000000000000000</Keywords>
      <TimeCreated SystemTime=""2023-12-28T00:35:58.1499188Z""/>
      <EventRecordID>9497</EventRecordID>
      <Correlation/>
      <Execution ProcessID=""7044"" ThreadID=""6672""/>
      <Channel>Microsoft-Windows-Sysmon/Operational</Channel>
      <Computer>WinDev2309Eval</Computer>
      <Security UserID=""S-1-5-18""/>
    </System>
    <EventData>
      <Data Name=""RuleName"">-</Data>
      <Data Name=""UtcTime"">2023-12-28 00:35:58.056</Data>
      <Data Name=""SourceProcessGuid"">{fda94052-34eb-658d-0600-000000000b00}</Data>
      <Data Name=""SourceProcessId"">544</Data>
      <Data Name=""SourceImage"">&lt;unknown process&gt;</Data>
      <Data Name=""TargetProcessGuid"">{fda94052-34f9-658d-8800-000000000b00}</Data>
      <Data Name=""TargetProcessId"">5760</Data>
      <Data Name=""TargetImage"">C:\Windows\system32\svchost.exe</Data>
      <Data Name=""NewThreadId"">952</Data>
      <Data Name=""StartAddress"">0x00007FFC70566B40</Data>
      <Data Name=""StartModule"">C:\Windows\System32\KERNELBASE.dll</Data>
      <Data Name=""StartFunction"">CtrlRoutine</Data>
      <Data Name=""SourceUser"">NT AUTHORITY\SYSTEM</Data>
      <Data Name=""TargetUser"">NT AUTHORITY\SYSTEM</Data>
    </EventData>
    <RenderingInfo Culture=""en-US"">
      <Message>CreateRemoteThread detected:

RuleName: -

UtcTime: 2023-12-28 00:35:58.056

SourceProcessGuid: {fda94052-34eb-658d-0600-000000000b00}

SourceProcessId: 544

SourceImage: &lt;unknown process&gt;

TargetProcessGuid: {fda94052-34f9-658d-8800-000000000b00}

TargetProcessId: 5760

TargetImage: C:\Windows\system32\svchost.exe

NewThreadId: 952

StartAddress: 0x00007FFC70566B40

StartModule: C:\Windows\System32\KERNELBASE.dll

StartFunction: CtrlRoutine

SourceUser: NT AUTHORITY\SYSTEM

TargetUser: NT AUTHORITY\SYSTEM</Message>
      <Level>Information</Level>
      <Task>CreateRemoteThread detected (rule: CreateRemoteThread)</Task>
      <Opcode>Info</Opcode>
    </RenderingInfo>
  </Event>
  
"
Microsoft-Windows-Sysmon/Operational,,,WinDev2309Eval,,,,,,,,,,8,9496,,,,,,,0x8000000000000000,Information,,,"CreateRemoteThread detected:

RuleName: -

UtcTime: 2023-12-28 00:35:58.056

SourceProcessGuid: {fda94052-34eb-658d-0600-000000000b00}

SourceProcessId: 544

SourceImage: <unknown process>

TargetProcessGuid: {fda94052-34f2-658d-4000-000000000b00}

TargetProcessId: 2980

TargetImage: C:\Windows\System32\svchost.exe

NewThreadId: 9140

StartAddress: 0x00007FFC70566B40

StartModule: C:\Windows\System32\KERNELBASE.dll

StartFunction: CtrlRoutine

SourceUser: NT AUTHORITY\SYSTEM

TargetUser: NT AUTHORITY\SYSTEM",9140,Info,,,,,,,,7044,,,,,,,"
      ",-,,,<unknown process>,,,,,{fda94052-34eb-658d-0600-000000000b00},544,NT AUTHORITY\SYSTEM,0x00007FFC70566B40,CtrlRoutine,C:\Windows\System32\KERNELBASE.dll,,2023-12-28T00:35:58.1482113Z,,C:\Windows\System32\svchost.exe,,{fda94052-34f2-658d-4000-000000000b00},2980,NT AUTHORITY\SYSTEM,CreateRemoteThread detected (rule: CreateRemoteThread),,6672,,S-1-5-18,2023-12-28 00:35:58.056,2,"<Event xmlns=""http://schemas.microsoft.com/win/2004/08/events/event"">
    <System>
      <Provider Name=""Microsoft-Windows-Sysmon"" Guid=""{5770385f-c22a-43e0-bf4c-06f5698ffbd9}""/>
      <EventID>8</EventID>
      <Version>2</Version>
      <Level>4</Level>
      <Task>8</Task>
      <Opcode>0</Opcode>
      <Keywords>0x8000000000000000</Keywords>
      <TimeCreated SystemTime=""2023-12-28T00:35:58.1482113Z""/>
      <EventRecordID>9496</EventRecordID>
      <Correlation/>
      <Execution ProcessID=""7044"" ThreadID=""6672""/>
      <Channel>Microsoft-Windows-Sysmon/Operational</Channel>
      <Computer>WinDev2309Eval</Computer>
      <Security UserID=""S-1-5-18""/>
    </System>
    <EventData>
      <Data Name=""RuleName"">-</Data>
      <Data Name=""UtcTime"">2023-12-28 00:35:58.056</Data>
      <Data Name=""SourceProcessGuid"">{fda94052-34eb-658d-0600-000000000b00}</Data>
      <Data Name=""SourceProcessId"">544</Data>
      <Data Name=""SourceImage"">&lt;unknown process&gt;</Data>
      <Data Name=""TargetProcessGuid"">{fda94052-34f2-658d-4000-000000000b00}</Data>
      <Data Name=""TargetProcessId"">2980</Data>
      <Data Name=""TargetImage"">C:\Windows\System32\svchost.exe</Data>
      <Data Name=""NewThreadId"">9140</Data>
      <Data Name=""StartAddress"">0x00007FFC70566B40</Data>
      <Data Name=""StartModule"">C:\Windows\System32\KERNELBASE.dll</Data>
      <Data Name=""StartFunction"">CtrlRoutine</Data>
      <Data Name=""SourceUser"">NT AUTHORITY\SYSTEM</Data>
      <Data Name=""TargetUser"">NT AUTHORITY\SYSTEM</Data>
    </EventData>
    <RenderingInfo Culture=""en-US"">
      <Message>CreateRemoteThread detected:

RuleName: -

UtcTime: 2023-12-28 00:35:58.056

SourceProcessGuid: {fda94052-34eb-658d-0600-000000000b00}

SourceProcessId: 544

SourceImage: &lt;unknown process&gt;

TargetProcessGuid: {fda94052-34f2-658d-4000-000000000b00}

TargetProcessId: 2980

TargetImage: C:\Windows\System32\svchost.exe

NewThreadId: 9140

StartAddress: 0x00007FFC70566B40

StartModule: C:\Windows\System32\KERNELBASE.dll

StartFunction: CtrlRoutine

SourceUser: NT AUTHORITY\SYSTEM

TargetUser: NT AUTHORITY\SYSTEM</Message>
      <Level>Information</Level>
      <Task>CreateRemoteThread detected (rule: CreateRemoteThread)</Task>
      <Opcode>Info</Opcode>
    </RenderingInfo>
  </Event>
  
"
Microsoft-Windows-Sysmon/Operational,,,WinDev2309Eval,,,,,,,,,,8,9495,,,,,,,0x8000000000000000,Information,,,"CreateRemoteThread detected:

RuleName: -

UtcTime: 2023-12-28 00:35:58.056

SourceProcessGuid: {fda94052-34eb-658d-0600-000000000b00}

SourceProcessId: 544

SourceImage: <unknown process>

TargetProcessGuid: {fda94052-34f3-658d-5700-000000000b00}

TargetProcessId: 3788

TargetImage: C:\Windows\system32\wlms\wlms.exe

NewThreadId: 524

StartAddress: 0x00007FFC70566B40

StartModule: C:\Windows\System32\KERNELBASE.dll

StartFunction: CtrlRoutine

SourceUser: NT AUTHORITY\SYSTEM

TargetUser: NT AUTHORITY\SYSTEM",524,Info,,,,,,,,7044,,,,,,,"
      ",-,,,<unknown process>,,,,,{fda94052-34eb-658d-0600-000000000b00},544,NT AUTHORITY\SYSTEM,0x00007FFC70566B40,CtrlRoutine,C:\Windows\System32\KERNELBASE.dll,,2023-12-28T00:35:58.1466732Z,,C:\Windows\system32\wlms\wlms.exe,,{fda94052-34f3-658d-5700-000000000b00},3788,NT AUTHORITY\SYSTEM,CreateRemoteThread detected (rule: CreateRemoteThread),,6672,,S-1-5-18,2023-12-28 00:35:58.056,2,"<Event xmlns=""http://schemas.microsoft.com/win/2004/08/events/event"">
    <System>
      <Provider Name=""Microsoft-Windows-Sysmon"" Guid=""{5770385f-c22a-43e0-bf4c-06f5698ffbd9}""/>
      <EventID>8</EventID>
      <Version>2</Version>
      <Level>4</Level>
      <Task>8</Task>
      <Opcode>0</Opcode>
      <Keywords>0x8000000000000000</Keywords>
      <TimeCreated SystemTime=""2023-12-28T00:35:58.1466732Z""/>
      <EventRecordID>9495</EventRecordID>
      <Correlation/>
      <Execution ProcessID=""7044"" ThreadID=""6672""/>
      <Channel>Microsoft-Windows-Sysmon/Operational</Channel>
      <Computer>WinDev2309Eval</Computer>
      <Security UserID=""S-1-5-18""/>
    </System>
    <EventData>
      <Data Name=""RuleName"">-</Data>
      <Data Name=""UtcTime"">2023-12-28 00:35:58.056</Data>
      <Data Name=""SourceProcessGuid"">{fda94052-34eb-658d-0600-000000000b00}</Data>
      <Data Name=""SourceProcessId"">544</Data>
      <Data Name=""SourceImage"">&lt;unknown process&gt;</Data>
      <Data Name=""TargetProcessGuid"">{fda94052-34f3-658d-5700-000000000b00}</Data>
      <Data Name=""TargetProcessId"">3788</Data>
      <Data Name=""TargetImage"">C:\Windows\system32\wlms\wlms.exe</Data>
      <Data Name=""NewThreadId"">524</Data>
      <Data Name=""StartAddress"">0x00007FFC70566B40</Data>
      <Data Name=""StartModule"">C:\Windows\System32\KERNELBASE.dll</Data>
      <Data Name=""StartFunction"">CtrlRoutine</Data>
      <Data Name=""SourceUser"">NT AUTHORITY\SYSTEM</Data>
      <Data Name=""TargetUser"">NT AUTHORITY\SYSTEM</Data>
    </EventData>
    <RenderingInfo Culture=""en-US"">
      <Message>CreateRemoteThread detected:

RuleName: -

UtcTime: 2023-12-28 00:35:58.056

SourceProcessGuid: {fda94052-34eb-658d-0600-000000000b00}

SourceProcessId: 544

SourceImage: &lt;unknown process&gt;

TargetProcessGuid: {fda94052-34f3-658d-5700-000000000b00}

TargetProcessId: 3788

TargetImage: C:\Windows\system32\wlms\wlms.exe

NewThreadId: 524

StartAddress: 0x00007FFC70566B40

StartModule: C:\Windows\System32\KERNELBASE.dll

StartFunction: CtrlRoutine

SourceUser: NT AUTHORITY\SYSTEM

TargetUser: NT AUTHORITY\SYSTEM</Message>
      <Level>Information</Level>
      <Task>CreateRemoteThread detected (rule: CreateRemoteThread)</Task>
      <Opcode>Info</Opcode>
    </RenderingInfo>
  </Event>
  
"
Microsoft-Windows-Sysmon/Operational,,,WinDev2309Eval,,,,,,,,,,8,9494,,,,,,,0x8000000000000000,Information,,,"CreateRemoteThread detected:

RuleName: -

UtcTime: 2023-12-28 00:35:58.056

SourceProcessGuid: {fda94052-34eb-658d-0600-000000000b00}

SourceProcessId: 544

SourceImage: <unknown process>

TargetProcessGuid: {fda94052-34f3-658d-5100-000000000b00}

TargetProcessId: 3700

TargetImage: C:\Program Files\Microsoft SQL Server\90\Shared\sqlwriter.exe

NewThreadId: 3868

StartAddress: 0x00007FFC70566B40

StartModule: C:\Windows\System32\KERNELBASE.dll

StartFunction: CtrlRoutine

SourceUser: NT AUTHORITY\SYSTEM

TargetUser: NT AUTHORITY\SYSTEM",3868,Info,,,,,,,,7044,,,,,,,"
      ",-,,,<unknown process>,,,,,{fda94052-34eb-658d-0600-000000000b00},544,NT AUTHORITY\SYSTEM,0x00007FFC70566B40,CtrlRoutine,C:\Windows\System32\KERNELBASE.dll,,2023-12-28T00:35:58.1440177Z,,C:\Program Files\Microsoft SQL Server\90\Shared\sqlwriter.exe,,{fda94052-34f3-658d-5100-000000000b00},3700,NT AUTHORITY\SYSTEM,CreateRemoteThread detected (rule: CreateRemoteThread),,6672,,S-1-5-18,2023-12-28 00:35:58.056,2,"<Event xmlns=""http://schemas.microsoft.com/win/2004/08/events/event"">
    <System>
      <Provider Name=""Microsoft-Windows-Sysmon"" Guid=""{5770385f-c22a-43e0-bf4c-06f5698ffbd9}""/>
      <EventID>8</EventID>
      <Version>2</Version>
      <Level>4</Level>
      <Task>8</Task>
      <Opcode>0</Opcode>
      <Keywords>0x8000000000000000</Keywords>
      <TimeCreated SystemTime=""2023-12-28T00:35:58.1440177Z""/>
      <EventRecordID>9494</EventRecordID>
      <Correlation/>
      <Execution ProcessID=""7044"" ThreadID=""6672""/>
      <Channel>Microsoft-Windows-Sysmon/Operational</Channel>
      <Computer>WinDev2309Eval</Computer>
      <Security UserID=""S-1-5-18""/>
    </System>
    <EventData>
      <Data Name=""RuleName"">-</Data>
      <Data Name=""UtcTime"">2023-12-28 00:35:58.056</Data>
      <Data Name=""SourceProcessGuid"">{fda94052-34eb-658d-0600-000000000b00}</Data>
      <Data Name=""SourceProcessId"">544</Data>
      <Data Name=""SourceImage"">&lt;unknown process&gt;</Data>
      <Data Name=""TargetProcessGuid"">{fda94052-34f3-658d-5100-000000000b00}</Data>
      <Data Name=""TargetProcessId"">3700</Data>
      <Data Name=""TargetImage"">C:\Program Files\Microsoft SQL Server\90\Shared\sqlwriter.exe</Data>
      <Data Name=""NewThreadId"">3868</Data>
      <Data Name=""StartAddress"">0x00007FFC70566B40</Data>
      <Data Name=""StartModule"">C:\Windows\System32\KERNELBASE.dll</Data>
      <Data Name=""StartFunction"">CtrlRoutine</Data>
      <Data Name=""SourceUser"">NT AUTHORITY\SYSTEM</Data>
      <Data Name=""TargetUser"">NT AUTHORITY\SYSTEM</Data>
    </EventData>
    <RenderingInfo Culture=""en-US"">
      <Message>CreateRemoteThread detected:

RuleName: -

UtcTime: 2023-12-28 00:35:58.056

SourceProcessGuid: {fda94052-34eb-658d-0600-000000000b00}

SourceProcessId: 544

SourceImage: &lt;unknown process&gt;

TargetProcessGuid: {fda94052-34f3-658d-5100-000000000b00}

TargetProcessId: 3700

TargetImage: C:\Program Files\Microsoft SQL Server\90\Shared\sqlwriter.exe

NewThreadId: 3868

StartAddress: 0x00007FFC70566B40

StartModule: C:\Windows\System32\KERNELBASE.dll

StartFunction: CtrlRoutine

SourceUser: NT AUTHORITY\SYSTEM

TargetUser: NT AUTHORITY\SYSTEM</Message>
      <Level>Information</Level>
      <Task>CreateRemoteThread detected (rule: CreateRemoteThread)</Task>
      <Opcode>Info</Opcode>
    </RenderingInfo>
  </Event>
  
"
Microsoft-Windows-Sysmon/Operational,,,WinDev2309Eval,,,,,,,,,,8,9493,,,,,,,0x8000000000000000,Information,,,"CreateRemoteThread detected:

RuleName: -

UtcTime: 2023-12-28 00:35:58.056

SourceProcessGuid: {fda94052-34eb-658d-0600-000000000b00}

SourceProcessId: 544

SourceImage: <unknown process>

TargetProcessGuid: {fda94052-34f3-658d-5a00-000000000b00}

TargetProcessId: 3896

TargetImage: C:\Windows\system32\svchost.exe

NewThreadId: 1212

StartAddress: 0x00007FFC70566B40

StartModule: C:\Windows\System32\KERNELBASE.dll

StartFunction: CtrlRoutine

SourceUser: NT AUTHORITY\SYSTEM

TargetUser: NT AUTHORITY\SYSTEM",1212,Info,,,,,,,,7044,,,,,,,"
      ",-,,,<unknown process>,,,,,{fda94052-34eb-658d-0600-000000000b00},544,NT AUTHORITY\SYSTEM,0x00007FFC70566B40,CtrlRoutine,C:\Windows\System32\KERNELBASE.dll,,2023-12-28T00:35:58.1434133Z,,C:\Windows\system32\svchost.exe,,{fda94052-34f3-658d-5a00-000000000b00},3896,NT AUTHORITY\SYSTEM,CreateRemoteThread detected (rule: CreateRemoteThread),,6672,,S-1-5-18,2023-12-28 00:35:58.056,2,"<Event xmlns=""http://schemas.microsoft.com/win/2004/08/events/event"">
    <System>
      <Provider Name=""Microsoft-Windows-Sysmon"" Guid=""{5770385f-c22a-43e0-bf4c-06f5698ffbd9}""/>
      <EventID>8</EventID>
      <Version>2</Version>
      <Level>4</Level>
      <Task>8</Task>
      <Opcode>0</Opcode>
      <Keywords>0x8000000000000000</Keywords>
      <TimeCreated SystemTime=""2023-12-28T00:35:58.1434133Z""/>
      <EventRecordID>9493</EventRecordID>
      <Correlation/>
      <Execution ProcessID=""7044"" ThreadID=""6672""/>
      <Channel>Microsoft-Windows-Sysmon/Operational</Channel>
      <Computer>WinDev2309Eval</Computer>
      <Security UserID=""S-1-5-18""/>
    </System>
    <EventData>
      <Data Name=""RuleName"">-</Data>
      <Data Name=""UtcTime"">2023-12-28 00:35:58.056</Data>
      <Data Name=""SourceProcessGuid"">{fda94052-34eb-658d-0600-000000000b00}</Data>
      <Data Name=""SourceProcessId"">544</Data>
      <Data Name=""SourceImage"">&lt;unknown process&gt;</Data>
      <Data Name=""TargetProcessGuid"">{fda94052-34f3-658d-5a00-000000000b00}</Data>
      <Data Name=""TargetProcessId"">3896</Data>
      <Data Name=""TargetImage"">C:\Windows\system32\svchost.exe</Data>
      <Data Name=""NewThreadId"">1212</Data>
      <Data Name=""StartAddress"">0x00007FFC70566B40</Data>
      <Data Name=""StartModule"">C:\Windows\System32\KERNELBASE.dll</Data>
      <Data Name=""StartFunction"">CtrlRoutine</Data>
      <Data Name=""SourceUser"">NT AUTHORITY\SYSTEM</Data>
      <Data Name=""TargetUser"">NT AUTHORITY\SYSTEM</Data>
    </EventData>
    <RenderingInfo Culture=""en-US"">
      <Message>CreateRemoteThread detected:

RuleName: -

UtcTime: 2023-12-28 00:35:58.056

SourceProcessGuid: {fda94052-34eb-658d-0600-000000000b00}

SourceProcessId: 544

SourceImage: &lt;unknown process&gt;

TargetProcessGuid: {fda94052-34f3-658d-5a00-000000000b00}

TargetProcessId: 3896

TargetImage: C:\Windows\system32\svchost.exe

NewThreadId: 1212

StartAddress: 0x00007FFC70566B40

StartModule: C:\Windows\System32\KERNELBASE.dll

StartFunction: CtrlRoutine

SourceUser: NT AUTHORITY\SYSTEM

TargetUser: NT AUTHORITY\SYSTEM</Message>
      <Level>Information</Level>
      <Task>CreateRemoteThread detected (rule: CreateRemoteThread)</Task>
      <Opcode>Info</Opcode>
    </RenderingInfo>
  </Event>
  
"
