Microsoft-Windows-Sysmon/Operational,,,WinDev2309Eval,,,,,,,,,,8,9478,,,,,,,0x8000000000000000,Information,,,"CreateRemoteThread detected:

RuleName: -

UtcTime: 2023-12-28 00:35:58.056

SourceProcessGuid: {fda94052-34eb-658d-0600-000000000b00}

SourceProcessId: 544

SourceImage: <unknown process>

TargetProcessGuid: {fda94052-34f2-658d-3300-000000000b00}

TargetProcessId: 2456

TargetImage: C:\Windows\System32\svchost.exe

NewThreadId: 1368

StartAddress: 0x00007FFC70566B40

StartModule: C:\Windows\System32\KERNELBASE.dll

StartFunction: CtrlRoutine

SourceUser: NT AUTHORITY\SYSTEM

TargetUser: NT AUTHORITY\LOCAL SERVICE",1368,Info,,,,,,,,7044,,,,,,,"
      ",-,,,<unknown process>,,,,,{fda94052-34eb-658d-0600-000000000b00},544,NT AUTHORITY\SYSTEM,0x00007FFC70566B40,CtrlRoutine,C:\Windows\System32\KERNELBASE.dll,,2023-12-28T00:35:58.1215340Z,,C:\Windows\System32\svchost.exe,,{fda94052-34f2-658d-3300-000000000b00},2456,NT AUTHORITY\LOCAL SERVICE,CreateRemoteThread detected (rule: CreateRemoteThread),,6672,,S-1-5-18,2023-12-28 00:35:58.056,2,"<Event xmlns=""http://schemas.microsoft.com/win/2004/08/events/event"">
    <System>
      <Provider Name=""Microsoft-Windows-Sysmon"" Guid=""{5770385f-c22a-43e0-bf4c-06f5698ffbd9}""/>
      <EventID>8</EventID>
      <Version>2</Version>
      <Level>4</Level>
      <Task>8</Task>
      <Opcode>0</Opcode>
      <Keywords>0x8000000000000000</Keywords>
      <TimeCreated SystemTime=""2023-12-28T00:35:58.1215340Z""/>
      <EventRecordID>9478</EventRecordID>
      <Correlation/>
      <Execution ProcessID=""7044"" ThreadID=""6672""/>
      <Channel>Microsoft-Windows-Sysmon/Operational</Channel>
      <Computer>WinDev2309Eval</Computer>
      <Security UserID=""S-1-5-18""/>
    </System>
    <EventData>
      <Data Name=""RuleName"">-</Data>
      <Data Name=""UtcTime"">2023-12-28 00:35:58.056</Data>
      <Data Name=""SourceProcessGuid"">{fda94052-34eb-658d-0600-000000000b00}</Data>
      <Data Name=""SourceProcessId"">544</Data>
      <Data Name=""SourceImage"">&lt;unknown process&gt;</Data>
      <Data Name=""TargetProcessGuid"">{fda94052-34f2-658d-3300-000000000b00}</Data>
      <Data Name=""TargetProcessId"">2456</Data>
      <Data Name=""TargetImage"">C:\Windows\System32\svchost.exe</Data>
      <Data Name=""NewThreadId"">1368</Data>
      <Data Name=""StartAddress"">0x00007FFC70566B40</Data>
      <Data Name=""StartModule"">C:\Windows\System32\KERNELBASE.dll</Data>
      <Data Name=""StartFunction"">CtrlRoutine</Data>
      <Data Name=""SourceUser"">NT AUTHORITY\SYSTEM</Data>
      <Data Name=""TargetUser"">NT AUTHORITY\LOCAL SERVICE</Data>
    </EventData>
    <RenderingInfo Culture=""en-US"">
      <Message>CreateRemoteThread detected:

RuleName: -

UtcTime: 2023-12-28 00:35:58.056

SourceProcessGuid: {fda94052-34eb-658d-0600-000000000b00}

SourceProcessId: 544

SourceImage: &lt;unknown process&gt;

TargetProcessGuid: {fda94052-34f2-658d-3300-000000000b00}

TargetProcessId: 2456

TargetImage: C:\Windows\System32\svchost.exe

NewThreadId: 1368

StartAddress: 0x00007FFC70566B40

StartModule: C:\Windows\System32\KERNELBASE.dll

StartFunction: CtrlRoutine

SourceUser: NT AUTHORITY\SYSTEM

TargetUser: NT AUTHORITY\LOCAL SERVICE</Message>
      <Level>Information</Level>
      <Task>CreateRemoteThread detected (rule: CreateRemoteThread)</Task>
      <Opcode>Info</Opcode>
    </RenderingInfo>
  </Event>
  
"
Microsoft-Windows-Sysmon/Operational,,,WinDev2309Eval,,,,,,,,,,8,9477,,,,,,,0x8000000000000000,Information,,,"CreateRemoteThread detected:

RuleName: -

UtcTime: 2023-12-28 00:35:58.056

SourceProcessGuid: {fda94052-34eb-658d-0600-000000000b00}

SourceProcessId: 544

SourceImage: <unknown process>

TargetProcessGuid: {fda94052-34f3-658d-4500-000000000b00}

TargetProcessId: 3132

TargetImage: C:\Windows\system32\svchost.exe

NewThreadId: 6132

StartAddress: 0x00007FFC70566B40

StartModule: C:\Windows\System32\KERNELBASE.dll

StartFunction: CtrlRoutine

SourceUser: NT AUTHORITY\SYSTEM

TargetUser: NT AUTHORITY\SYSTEM",6132,Info,,,,,,,,7044,,,,,,,"
      ",-,,,<unknown process>,,,,,{fda94052-34eb-658d-0600-000000000b00},544,NT AUTHORITY\SYSTEM,0x00007FFC70566B40,CtrlRoutine,C:\Windows\System32\KERNELBASE.dll,,2023-12-28T00:35:58.1205870Z,,C:\Windows\system32\svchost.exe,,{fda94052-34f3-658d-4500-000000000b00},3132,NT AUTHORITY\SYSTEM,CreateRemoteThread detected (rule: CreateRemoteThread),,6672,,S-1-5-18,2023-12-28 00:35:58.056,2,"<Event xmlns=""http://schemas.microsoft.com/win/2004/08/events/event"">
    <System>
      <Provider Name=""Microsoft-Windows-Sysmon"" Guid=""{5770385f-c22a-43e0-bf4c-06f5698ffbd9}""/>
      <EventID>8</EventID>
      <Version>2</Version>
      <Level>4</Level>
      <Task>8</Task>
      <Opcode>0</Opcode>
      <Keywords>0x8000000000000000</Keywords>
      <TimeCreated SystemTime=""2023-12-28T00:35:58.1205870Z""/>
      <EventRecordID>9477</EventRecordID>
      <Correlation/>
      <Execution ProcessID=""7044"" ThreadID=""6672""/>
      <Channel>Microsoft-Windows-Sysmon/Operational</Channel>
      <Computer>WinDev2309Eval</Computer>
      <Security UserID=""S-1-5-18""/>
    </System>
    <EventData>
      <Data Name=""RuleName"">-</Data>
      <Data Name=""UtcTime"">2023-12-28 00:35:58.056</Data>
      <Data Name=""SourceProcessGuid"">{fda94052-34eb-658d-0600-000000000b00}</Data>
      <Data Name=""SourceProcessId"">544</Data>
      <Data Name=""SourceImage"">&lt;unknown process&gt;</Data>
      <Data Name=""TargetProcessGuid"">{fda94052-34f3-658d-4500-000000000b00}</Data>
      <Data Name=""TargetProcessId"">3132</Data>
      <Data Name=""TargetImage"">C:\Windows\system32\svchost.exe</Data>
      <Data Name=""NewThreadId"">6132</Data>
      <Data Name=""StartAddress"">0x00007FFC70566B40</Data>
      <Data Name=""StartModule"">C:\Windows\System32\KERNELBASE.dll</Data>
      <Data Name=""StartFunction"">CtrlRoutine</Data>
      <Data Name=""SourceUser"">NT AUTHORITY\SYSTEM</Data>
      <Data Name=""TargetUser"">NT AUTHORITY\SYSTEM</Data>
    </EventData>
    <RenderingInfo Culture=""en-US"">
      <Message>CreateRemoteThread detected:

RuleName: -

UtcTime: 2023-12-28 00:35:58.056

SourceProcessGuid: {fda94052-34eb-658d-0600-000000000b00}

SourceProcessId: 544

SourceImage: &lt;unknown process&gt;

TargetProcessGuid: {fda94052-34f3-658d-4500-000000000b00}

TargetProcessId: 3132

TargetImage: C:\Windows\system32\svchost.exe

NewThreadId: 6132

StartAddress: 0x00007FFC70566B40

StartModule: C:\Windows\System32\KERNELBASE.dll

StartFunction: CtrlRoutine

SourceUser: NT AUTHORITY\SYSTEM

TargetUser: NT AUTHORITY\SYSTEM</Message>
      <Level>Information</Level>
      <Task>CreateRemoteThread detected (rule: CreateRemoteThread)</Task>
      <Opcode>Info</Opcode>
    </RenderingInfo>
  </Event>
  
"
Microsoft-Windows-Sysmon/Operational,,,WinDev2309Eval,,,,,,,,,,8,9476,,,,,,,0x8000000000000000,Information,,,"CreateRemoteThread detected:

RuleName: -

UtcTime: 2023-12-28 00:35:58.056

SourceProcessGuid: {fda94052-34eb-658d-0600-000000000b00}

SourceProcessId: 544

SourceImage: <unknown process>

TargetProcessGuid: {fda94052-34f2-658d-2300-000000000b00}

TargetProcessId: 1712

TargetImage: C:\Windows\System32\svchost.exe

NewThreadId: 4276

StartAddress: 0x00007FFC70566B40

StartModule: C:\Windows\System32\KERNELBASE.dll

StartFunction: CtrlRoutine

SourceUser: NT AUTHORITY\SYSTEM

TargetUser: NT AUTHORITY\NETWORK SERVICE",4276,Info,,,,,,,,7044,,,,,,,"
      ",-,,,<unknown process>,,,,,{fda94052-34eb-658d-0600-000000000b00},544,NT AUTHORITY\SYSTEM,0x00007FFC70566B40,CtrlRoutine,C:\Windows\System32\KERNELBASE.dll,,2023-12-28T00:35:58.1199375Z,,C:\Windows\System32\svchost.exe,,{fda94052-34f2-658d-2300-000000000b00},1712,NT AUTHORITY\NETWORK SERVICE,CreateRemoteThread detected (rule: CreateRemoteThread),,6672,,S-1-5-18,2023-12-28 00:35:58.056,2,"<Event xmlns=""http://schemas.microsoft.com/win/2004/08/events/event"">
    <System>
      <Provider Name=""Microsoft-Windows-Sysmon"" Guid=""{5770385f-c22a-43e0-bf4c-06f5698ffbd9}""/>
      <EventID>8</EventID>
      <Version>2</Version>
      <Level>4</Level>
      <Task>8</Task>
      <Opcode>0</Opcode>
      <Keywords>0x8000000000000000</Keywords>
      <TimeCreated SystemTime=""2023-12-28T00:35:58.1199375Z""/>
      <EventRecordID>9476</EventRecordID>
      <Correlation/>
      <Execution ProcessID=""7044"" ThreadID=""6672""/>
      <Channel>Microsoft-Windows-Sysmon/Operational</Channel>
      <Computer>WinDev2309Eval</Computer>
      <Security UserID=""S-1-5-18""/>
    </System>
    <EventData>
      <Data Name=""RuleName"">-</Data>
      <Data Name=""UtcTime"">2023-12-28 00:35:58.056</Data>
      <Data Name=""SourceProcessGuid"">{fda94052-34eb-658d-0600-000000000b00}</Data>
      <Data Name=""SourceProcessId"">544</Data>
      <Data Name=""SourceImage"">&lt;unknown process&gt;</Data>
      <Data Name=""TargetProcessGuid"">{fda94052-34f2-658d-2300-000000000b00}</Data>
      <Data Name=""TargetProcessId"">1712</Data>
      <Data Name=""TargetImage"">C:\Windows\System32\svchost.exe</Data>
      <Data Name=""NewThreadId"">4276</Data>
      <Data Name=""StartAddress"">0x00007FFC70566B40</Data>
      <Data Name=""StartModule"">C:\Windows\System32\KERNELBASE.dll</Data>
      <Data Name=""StartFunction"">CtrlRoutine</Data>
      <Data Name=""SourceUser"">NT AUTHORITY\SYSTEM</Data>
      <Data Name=""TargetUser"">NT AUTHORITY\NETWORK SERVICE</Data>
    </EventData>
    <RenderingInfo Culture=""en-US"">
      <Message>CreateRemoteThread detected:

RuleName: -

UtcTime: 2023-12-28 00:35:58.056

SourceProcessGuid: {fda94052-34eb-658d-0600-000000000b00}

SourceProcessId: 544

SourceImage: &lt;unknown process&gt;

TargetProcessGuid: {fda94052-34f2-658d-2300-000000000b00}

TargetProcessId: 1712

TargetImage: C:\Windows\System32\svchost.exe

NewThreadId: 4276

StartAddress: 0x00007FFC70566B40

StartModule: C:\Windows\System32\KERNELBASE.dll

StartFunction: CtrlRoutine

SourceUser: NT AUTHORITY\SYSTEM

TargetUser: NT AUTHORITY\NETWORK SERVICE</Message>
      <Level>Information</Level>
      <Task>CreateRemoteThread detected (rule: CreateRemoteThread)</Task>
      <Opcode>Info</Opcode>
    </RenderingInfo>
  </Event>
  
"
Microsoft-Windows-Sysmon/Operational,,,WinDev2309Eval,,,,,,,,,,8,9475,,,,,,,0x8000000000000000,Information,,,"CreateRemoteThread detected:

RuleName: -

UtcTime: 2023-12-28 00:35:58.056

SourceProcessGuid: {fda94052-34eb-658d-0600-000000000b00}

SourceProcessId: 544

SourceImage: <unknown process>

TargetProcessGuid: {fda94052-34f3-658d-4400-000000000b00}

TargetProcessId: 3116

TargetImage: C:\Windows\System32\svchost.exe

NewThreadId: 6128

StartAddress: 0x00007FFC70566B40

StartModule: C:\Windows\System32\KERNELBASE.dll

StartFunction: CtrlRoutine

SourceUser: NT AUTHORITY\SYSTEM

TargetUser: NT AUTHORITY\SYSTEM",6128,Info,,,,,,,,7044,,,,,,,"
      ",-,,,<unknown process>,,,,,{fda94052-34eb-658d-0600-000000000b00},544,NT AUTHORITY\SYSTEM,0x00007FFC70566B40,CtrlRoutine,C:\Windows\System32\KERNELBASE.dll,,2023-12-28T00:35:58.1187969Z,,C:\Windows\System32\svchost.exe,,{fda94052-34f3-658d-4400-000000000b00},3116,NT AUTHORITY\SYSTEM,CreateRemoteThread detected (rule: CreateRemoteThread),,6672,,S-1-5-18,2023-12-28 00:35:58.056,2,"<Event xmlns=""http://schemas.microsoft.com/win/2004/08/events/event"">
    <System>
      <Provider Name=""Microsoft-Windows-Sysmon"" Guid=""{5770385f-c22a-43e0-bf4c-06f5698ffbd9}""/>
      <EventID>8</EventID>
      <Version>2</Version>
      <Level>4</Level>
      <Task>8</Task>
      <Opcode>0</Opcode>
      <Keywords>0x8000000000000000</Keywords>
      <TimeCreated SystemTime=""2023-12-28T00:35:58.1187969Z""/>
      <EventRecordID>9475</EventRecordID>
      <Correlation/>
      <Execution ProcessID=""7044"" ThreadID=""6672""/>
      <Channel>Microsoft-Windows-Sysmon/Operational</Channel>
      <Computer>WinDev2309Eval</Computer>
      <Security UserID=""S-1-5-18""/>
    </System>
    <EventData>
      <Data Name=""RuleName"">-</Data>
      <Data Name=""UtcTime"">2023-12-28 00:35:58.056</Data>
      <Data Name=""SourceProcessGuid"">{fda94052-34eb-658d-0600-000000000b00}</Data>
      <Data Name=""SourceProcessId"">544</Data>
      <Data Name=""SourceImage"">&lt;unknown process&gt;</Data>
      <Data Name=""TargetProcessGuid"">{fda94052-34f3-658d-4400-000000000b00}</Data>
      <Data Name=""TargetProcessId"">3116</Data>
      <Data Name=""TargetImage"">C:\Windows\System32\svchost.exe</Data>
      <Data Name=""NewThreadId"">6128</Data>
      <Data Name=""StartAddress"">0x00007FFC70566B40</Data>
      <Data Name=""StartModule"">C:\Windows\System32\KERNELBASE.dll</Data>
      <Data Name=""StartFunction"">CtrlRoutine</Data>
      <Data Name=""SourceUser"">NT AUTHORITY\SYSTEM</Data>
      <Data Name=""TargetUser"">NT AUTHORITY\SYSTEM</Data>
    </EventData>
    <RenderingInfo Culture=""en-US"">
      <Message>CreateRemoteThread detected:

RuleName: -

UtcTime: 2023-12-28 00:35:58.056

SourceProcessGuid: {fda94052-34eb-658d-0600-000000000b00}

SourceProcessId: 544

SourceImage: &lt;unknown process&gt;

TargetProcessGuid: {fda94052-34f3-658d-4400-000000000b00}

TargetProcessId: 3116

TargetImage: C:\Windows\System32\svchost.exe

NewThreadId: 6128

StartAddress: 0x00007FFC70566B40

StartModule: C:\Windows\System32\KERNELBASE.dll

StartFunction: CtrlRoutine

SourceUser: NT AUTHORITY\SYSTEM

TargetUser: NT AUTHORITY\SYSTEM</Message>
      <Level>Information</Level>
      <Task>CreateRemoteThread detected (rule: CreateRemoteThread)</Task>
      <Opcode>Info</Opcode>
    </RenderingInfo>
  </Event>
  
"
Microsoft-Windows-Sysmon/Operational,,,WinDev2309Eval,,,,,,,,,,8,9474,,,,,,,0x8000000000000000,Information,,,"CreateRemoteThread detected:

RuleName: -

UtcTime: 2023-12-28 00:35:58.056

SourceProcessGuid: {fda94052-34eb-658d-0600-000000000b00}

SourceProcessId: 544

SourceImage: <unknown process>

TargetProcessGuid: {fda94052-34f3-658d-4300-000000000b00}

TargetProcessId: 2956

TargetImage: C:\Windows\system32\svchost.exe

NewThreadId: 6068

StartAddress: 0x00007FFC70566B40

StartModule: C:\Windows\System32\KERNELBASE.dll

StartFunction: CtrlRoutine

SourceUser: NT AUTHORITY\SYSTEM

TargetUser: NT AUTHORITY\LOCAL SERVICE",6068,Info,,,,,,,,7044,,,,,,,"
      ",-,,,<unknown process>,,,,,{fda94052-34eb-658d-0600-000000000b00},544,NT AUTHORITY\SYSTEM,0x00007FFC70566B40,CtrlRoutine,C:\Windows\System32\KERNELBASE.dll,,2023-12-28T00:35:58.1180569Z,,C:\Windows\system32\svchost.exe,,{fda94052-34f3-658d-4300-000000000b00},2956,NT AUTHORITY\LOCAL SERVICE,CreateRemoteThread detected (rule: CreateRemoteThread),,6672,,S-1-5-18,2023-12-28 00:35:58.056,2,"<Event xmlns=""http://schemas.microsoft.com/win/2004/08/events/event"">
    <System>
      <Provider Name=""Microsoft-Windows-Sysmon"" Guid=""{5770385f-c22a-43e0-bf4c-06f5698ffbd9}""/>
      <EventID>8</EventID>
      <Version>2</Version>
      <Level>4</Level>
      <Task>8</Task>
      <Opcode>0</Opcode>
      <Keywords>0x8000000000000000</Keywords>
      <TimeCreated SystemTime=""2023-12-28T00:35:58.1180569Z""/>
      <EventRecordID>9474</EventRecordID>
      <Correlation/>
      <Execution ProcessID=""7044"" ThreadID=""6672""/>
      <Channel>Microsoft-Windows-Sysmon/Operational</Channel>
      <Computer>WinDev2309Eval</Computer>
      <Security UserID=""S-1-5-18""/>
    </System>
    <EventData>
      <Data Name=""RuleName"">-</Data>
      <Data Name=""UtcTime"">2023-12-28 00:35:58.056</Data>
      <Data Name=""SourceProcessGuid"">{fda94052-34eb-658d-0600-000000000b00}</Data>
      <Data Name=""SourceProcessId"">544</Data>
      <Data Name=""SourceImage"">&lt;unknown process&gt;</Data>
      <Data Name=""TargetProcessGuid"">{fda94052-34f3-658d-4300-000000000b00}</Data>
      <Data Name=""TargetProcessId"">2956</Data>
      <Data Name=""TargetImage"">C:\Windows\system32\svchost.exe</Data>
      <Data Name=""NewThreadId"">6068</Data>
      <Data Name=""StartAddress"">0x00007FFC70566B40</Data>
      <Data Name=""StartModule"">C:\Windows\System32\KERNELBASE.dll</Data>
      <Data Name=""StartFunction"">CtrlRoutine</Data>
      <Data Name=""SourceUser"">NT AUTHORITY\SYSTEM</Data>
      <Data Name=""TargetUser"">NT AUTHORITY\LOCAL SERVICE</Data>
    </EventData>
    <RenderingInfo Culture=""en-US"">
      <Message>CreateRemoteThread detected:

RuleName: -

UtcTime: 2023-12-28 00:35:58.056

SourceProcessGuid: {fda94052-34eb-658d-0600-000000000b00}

SourceProcessId: 544

SourceImage: &lt;unknown process&gt;

TargetProcessGuid: {fda94052-34f3-658d-4300-000000000b00}

TargetProcessId: 2956

TargetImage: C:\Windows\system32\svchost.exe

NewThreadId: 6068

StartAddress: 0x00007FFC70566B40

StartModule: C:\Windows\System32\KERNELBASE.dll

StartFunction: CtrlRoutine

SourceUser: NT AUTHORITY\SYSTEM

TargetUser: NT AUTHORITY\LOCAL SERVICE</Message>
      <Level>Information</Level>
      <Task>CreateRemoteThread detected (rule: CreateRemoteThread)</Task>
      <Opcode>Info</Opcode>
    </RenderingInfo>
  </Event>
  
"
Microsoft-Windows-Sysmon/Operational,,,WinDev2309Eval,,,,,,,,,,8,9473,,,,,,,0x8000000000000000,Information,,,"CreateRemoteThread detected:

RuleName: -

UtcTime: 2023-12-28 00:35:58.056

SourceProcessGuid: {fda94052-34eb-658d-0600-000000000b00}

SourceProcessId: 544

SourceImage: <unknown process>

TargetProcessGuid: {fda94052-34f2-658d-3e00-000000000b00}

TargetProcessId: 2872

TargetImage: C:\Windows\system32\svchost.exe

NewThreadId: 5580

StartAddress: 0x00007FFC70566B40

StartModule: C:\Windows\System32\KERNELBASE.dll

StartFunction: CtrlRoutine

SourceUser: NT AUTHORITY\SYSTEM

TargetUser: NT AUTHORITY\LOCAL SERVICE",5580,Info,,,,,,,,7044,,,,,,,"
      ",-,,,<unknown process>,,,,,{fda94052-34eb-658d-0600-000000000b00},544,NT AUTHORITY\SYSTEM,0x00007FFC70566B40,CtrlRoutine,C:\Windows\System32\KERNELBASE.dll,,2023-12-28T00:35:58.1174168Z,,C:\Windows\system32\svchost.exe,,{fda94052-34f2-658d-3e00-000000000b00},2872,NT AUTHORITY\LOCAL SERVICE,CreateRemoteThread detected (rule: CreateRemoteThread),,6672,,S-1-5-18,2023-12-28 00:35:58.056,2,"<Event xmlns=""http://schemas.microsoft.com/win/2004/08/events/event"">
    <System>
      <Provider Name=""Microsoft-Windows-Sysmon"" Guid=""{5770385f-c22a-43e0-bf4c-06f5698ffbd9}""/>
      <EventID>8</EventID>
      <Version>2</Version>
      <Level>4</Level>
      <Task>8</Task>
      <Opcode>0</Opcode>
      <Keywords>0x8000000000000000</Keywords>
      <TimeCreated SystemTime=""2023-12-28T00:35:58.1174168Z""/>
      <EventRecordID>9473</EventRecordID>
      <Correlation/>
      <Execution ProcessID=""7044"" ThreadID=""6672""/>
      <Channel>Microsoft-Windows-Sysmon/Operational</Channel>
      <Computer>WinDev2309Eval</Computer>
      <Security UserID=""S-1-5-18""/>
    </System>
    <EventData>
      <Data Name=""RuleName"">-</Data>
      <Data Name=""UtcTime"">2023-12-28 00:35:58.056</Data>
      <Data Name=""SourceProcessGuid"">{fda94052-34eb-658d-0600-000000000b00}</Data>
      <Data Name=""SourceProcessId"">544</Data>
      <Data Name=""SourceImage"">&lt;unknown process&gt;</Data>
      <Data Name=""TargetProcessGuid"">{fda94052-34f2-658d-3e00-000000000b00}</Data>
      <Data Name=""TargetProcessId"">2872</Data>
      <Data Name=""TargetImage"">C:\Windows\system32\svchost.exe</Data>
      <Data Name=""NewThreadId"">5580</Data>
      <Data Name=""StartAddress"">0x00007FFC70566B40</Data>
      <Data Name=""StartModule"">C:\Windows\System32\KERNELBASE.dll</Data>
      <Data Name=""StartFunction"">CtrlRoutine</Data>
      <Data Name=""SourceUser"">NT AUTHORITY\SYSTEM</Data>
      <Data Name=""TargetUser"">NT AUTHORITY\LOCAL SERVICE</Data>
    </EventData>
    <RenderingInfo Culture=""en-US"">
      <Message>CreateRemoteThread detected:

RuleName: -

UtcTime: 2023-12-28 00:35:58.056

SourceProcessGuid: {fda94052-34eb-658d-0600-000000000b00}

SourceProcessId: 544

SourceImage: &lt;unknown process&gt;

TargetProcessGuid: {fda94052-34f2-658d-3e00-000000000b00}

TargetProcessId: 2872

TargetImage: C:\Windows\system32\svchost.exe

NewThreadId: 5580

StartAddress: 0x00007FFC70566B40

StartModule: C:\Windows\System32\KERNELBASE.dll

StartFunction: CtrlRoutine

SourceUser: NT AUTHORITY\SYSTEM

TargetUser: NT AUTHORITY\LOCAL SERVICE</Message>
      <Level>Information</Level>
      <Task>CreateRemoteThread detected (rule: CreateRemoteThread)</Task>
      <Opcode>Info</Opcode>
    </RenderingInfo>
  </Event>
  
"
Microsoft-Windows-Sysmon/Operational,,,WinDev2309Eval,,,,,,,,,,8,9472,,,,,,,0x8000000000000000,Information,,,"CreateRemoteThread detected:

RuleName: -

UtcTime: 2023-12-28 00:35:58.056

SourceProcessGuid: {fda94052-34eb-658d-0600-000000000b00}

SourceProcessId: 544

SourceImage: <unknown process>

TargetProcessGuid: {fda94052-34f3-658d-4200-000000000b00}

TargetProcessId: 2960

TargetImage: C:\Windows\System32\svchost.exe

NewThreadId: 3228

StartAddress: 0x00007FFC70566B40

StartModule: C:\Windows\System32\KERNELBASE.dll

StartFunction: CtrlRoutine

SourceUser: NT AUTHORITY\SYSTEM

TargetUser: NT AUTHORITY\LOCAL SERVICE",3228,Info,,,,,,,,7044,,,,,,,"
      ",-,,,<unknown process>,,,,,{fda94052-34eb-658d-0600-000000000b00},544,NT AUTHORITY\SYSTEM,0x00007FFC70566B40,CtrlRoutine,C:\Windows\System32\KERNELBASE.dll,,2023-12-28T00:35:58.1168104Z,,C:\Windows\System32\svchost.exe,,{fda94052-34f3-658d-4200-000000000b00},2960,NT AUTHORITY\LOCAL SERVICE,CreateRemoteThread detected (rule: CreateRemoteThread),,6672,,S-1-5-18,2023-12-28 00:35:58.056,2,"<Event xmlns=""http://schemas.microsoft.com/win/2004/08/events/event"">
    <System>
      <Provider Name=""Microsoft-Windows-Sysmon"" Guid=""{5770385f-c22a-43e0-bf4c-06f5698ffbd9}""/>
      <EventID>8</EventID>
      <Version>2</Version>
      <Level>4</Level>
      <Task>8</Task>
      <Opcode>0</Opcode>
      <Keywords>0x8000000000000000</Keywords>
      <TimeCreated SystemTime=""2023-12-28T00:35:58.1168104Z""/>
      <EventRecordID>9472</EventRecordID>
      <Correlation/>
      <Execution ProcessID=""7044"" ThreadID=""6672""/>
      <Channel>Microsoft-Windows-Sysmon/Operational</Channel>
      <Computer>WinDev2309Eval</Computer>
      <Security UserID=""S-1-5-18""/>
    </System>
    <EventData>
      <Data Name=""RuleName"">-</Data>
      <Data Name=""UtcTime"">2023-12-28 00:35:58.056</Data>
      <Data Name=""SourceProcessGuid"">{fda94052-34eb-658d-0600-000000000b00}</Data>
      <Data Name=""SourceProcessId"">544</Data>
      <Data Name=""SourceImage"">&lt;unknown process&gt;</Data>
      <Data Name=""TargetProcessGuid"">{fda94052-34f3-658d-4200-000000000b00}</Data>
      <Data Name=""TargetProcessId"">2960</Data>
      <Data Name=""TargetImage"">C:\Windows\System32\svchost.exe</Data>
      <Data Name=""NewThreadId"">3228</Data>
      <Data Name=""StartAddress"">0x00007FFC70566B40</Data>
      <Data Name=""StartModule"">C:\Windows\System32\KERNELBASE.dll</Data>
      <Data Name=""StartFunction"">CtrlRoutine</Data>
      <Data Name=""SourceUser"">NT AUTHORITY\SYSTEM</Data>
      <Data Name=""TargetUser"">NT AUTHORITY\LOCAL SERVICE</Data>
    </EventData>
    <RenderingInfo Culture=""en-US"">
      <Message>CreateRemoteThread detected:

RuleName: -

UtcTime: 2023-12-28 00:35:58.056

SourceProcessGuid: {fda94052-34eb-658d-0600-000000000b00}

SourceProcessId: 544

SourceImage: &lt;unknown process&gt;

TargetProcessGuid: {fda94052-34f3-658d-4200-000000000b00}

TargetProcessId: 2960

TargetImage: C:\Windows\System32\svchost.exe

NewThreadId: 3228

StartAddress: 0x00007FFC70566B40

StartModule: C:\Windows\System32\KERNELBASE.dll

StartFunction: CtrlRoutine

SourceUser: NT AUTHORITY\SYSTEM

TargetUser: NT AUTHORITY\LOCAL SERVICE</Message>
      <Level>Information</Level>
      <Task>CreateRemoteThread detected (rule: CreateRemoteThread)</Task>
      <Opcode>Info</Opcode>
    </RenderingInfo>
  </Event>
  
"
Microsoft-Windows-Sysmon/Operational,,,WinDev2309Eval,,,,,,,,,,8,9471,,,,,,,0x8000000000000000,Information,,,"CreateRemoteThread detected:

RuleName: -

UtcTime: 2023-12-28 00:35:58.056

SourceProcessGuid: {fda94052-34eb-658d-0600-000000000b00}

SourceProcessId: 544

SourceImage: <unknown process>

TargetProcessGuid: {fda94052-34f2-658d-2e00-000000000b00}

TargetProcessId: 2096

TargetImage: <unknown process>

NewThreadId: 3028

StartAddress: 0x00007FFC70566B40

StartModule: C:\Windows\SYSTEM32\KERNELBASE.dll

StartFunction: CtrlRoutine

SourceUser: NT AUTHORITY\SYSTEM

TargetUser: NT AUTHORITY\LOCAL SERVICE",3028,Info,,,,,,,,7044,,,,,,,"
      ",-,,,<unknown process>,,,,,{fda94052-34eb-658d-0600-000000000b00},544,NT AUTHORITY\SYSTEM,0x00007FFC70566B40,CtrlRoutine,C:\Windows\SYSTEM32\KERNELBASE.dll,,2023-12-28T00:35:58.1161507Z,,<unknown process>,,{fda94052-34f2-658d-2e00-000000000b00},2096,NT AUTHORITY\LOCAL SERVICE,CreateRemoteThread detected (rule: CreateRemoteThread),,6672,,S-1-5-18,2023-12-28 00:35:58.056,2,"<Event xmlns=""http://schemas.microsoft.com/win/2004/08/events/event"">
    <System>
      <Provider Name=""Microsoft-Windows-Sysmon"" Guid=""{5770385f-c22a-43e0-bf4c-06f5698ffbd9}""/>
      <EventID>8</EventID>
      <Version>2</Version>
      <Level>4</Level>
      <Task>8</Task>
      <Opcode>0</Opcode>
      <Keywords>0x8000000000000000</Keywords>
      <TimeCreated SystemTime=""2023-12-28T00:35:58.1161507Z""/>
      <EventRecordID>9471</EventRecordID>
      <Correlation/>
      <Execution ProcessID=""7044"" ThreadID=""6672""/>
      <Channel>Microsoft-Windows-Sysmon/Operational</Channel>
      <Computer>WinDev2309Eval</Computer>
      <Security UserID=""S-1-5-18""/>
    </System>
    <EventData>
      <Data Name=""RuleName"">-</Data>
      <Data Name=""UtcTime"">2023-12-28 00:35:58.056</Data>
      <Data Name=""SourceProcessGuid"">{fda94052-34eb-658d-0600-000000000b00}</Data>
      <Data Name=""SourceProcessId"">544</Data>
      <Data Name=""SourceImage"">&lt;unknown process&gt;</Data>
      <Data Name=""TargetProcessGuid"">{fda94052-34f2-658d-2e00-000000000b00}</Data>
      <Data Name=""TargetProcessId"">2096</Data>
      <Data Name=""TargetImage"">&lt;unknown process&gt;</Data>
      <Data Name=""NewThreadId"">3028</Data>
      <Data Name=""StartAddress"">0x00007FFC70566B40</Data>
      <Data Name=""StartModule"">C:\Windows\SYSTEM32\KERNELBASE.dll</Data>
      <Data Name=""StartFunction"">CtrlRoutine</Data>
      <Data Name=""SourceUser"">NT AUTHORITY\SYSTEM</Data>
      <Data Name=""TargetUser"">NT AUTHORITY\LOCAL SERVICE</Data>
    </EventData>
    <RenderingInfo Culture=""en-US"">
      <Message>CreateRemoteThread detected:

RuleName: -

UtcTime: 2023-12-28 00:35:58.056

SourceProcessGuid: {fda94052-34eb-658d-0600-000000000b00}

SourceProcessId: 544

SourceImage: &lt;unknown process&gt;

TargetProcessGuid: {fda94052-34f2-658d-2e00-000000000b00}

TargetProcessId: 2096

TargetImage: &lt;unknown process&gt;

NewThreadId: 3028

StartAddress: 0x00007FFC70566B40

StartModule: C:\Windows\SYSTEM32\KERNELBASE.dll

StartFunction: CtrlRoutine

SourceUser: NT AUTHORITY\SYSTEM

TargetUser: NT AUTHORITY\LOCAL SERVICE</Message>
      <Level>Information</Level>
      <Task>CreateRemoteThread detected (rule: CreateRemoteThread)</Task>
      <Opcode>Info</Opcode>
    </RenderingInfo>
  </Event>
  
"
Microsoft-Windows-Sysmon/Operational,,,WinDev2309Eval,,,,,,,,,,8,9470,,,,,,,0x8000000000000000,Information,,,"CreateRemoteThread detected:

RuleName: -

UtcTime: 2023-12-28 00:35:58.056

SourceProcessGuid: {fda94052-34eb-658d-0600-000000000b00}

SourceProcessId: 544

SourceImage: <unknown process>

TargetProcessGuid: {fda94052-34f2-658d-2b00-000000000b00}

TargetProcessId: 1940

TargetImage: C:\Windows\System32\svchost.exe

NewThreadId: 2384

StartAddress: 0x00007FFC70566B40

StartModule: C:\Windows\System32\KERNELBASE.dll

StartFunction: CtrlRoutine

SourceUser: NT AUTHORITY\SYSTEM

TargetUser: NT AUTHORITY\LOCAL SERVICE",2384,Info,,,,,,,,7044,,,,,,,"
      ",-,,,<unknown process>,,,,,{fda94052-34eb-658d-0600-000000000b00},544,NT AUTHORITY\SYSTEM,0x00007FFC70566B40,CtrlRoutine,C:\Windows\System32\KERNELBASE.dll,,2023-12-28T00:35:58.1157858Z,,C:\Windows\System32\svchost.exe,,{fda94052-34f2-658d-2b00-000000000b00},1940,NT AUTHORITY\LOCAL SERVICE,CreateRemoteThread detected (rule: CreateRemoteThread),,6672,,S-1-5-18,2023-12-28 00:35:58.056,2,"<Event xmlns=""http://schemas.microsoft.com/win/2004/08/events/event"">
    <System>
      <Provider Name=""Microsoft-Windows-Sysmon"" Guid=""{5770385f-c22a-43e0-bf4c-06f5698ffbd9}""/>
      <EventID>8</EventID>
      <Version>2</Version>
      <Level>4</Level>
      <Task>8</Task>
      <Opcode>0</Opcode>
      <Keywords>0x8000000000000000</Keywords>
      <TimeCreated SystemTime=""2023-12-28T00:35:58.1157858Z""/>
      <EventRecordID>9470</EventRecordID>
      <Correlation/>
      <Execution ProcessID=""7044"" ThreadID=""6672""/>
      <Channel>Microsoft-Windows-Sysmon/Operational</Channel>
      <Computer>WinDev2309Eval</Computer>
      <Security UserID=""S-1-5-18""/>
    </System>
    <EventData>
      <Data Name=""RuleName"">-</Data>
      <Data Name=""UtcTime"">2023-12-28 00:35:58.056</Data>
      <Data Name=""SourceProcessGuid"">{fda94052-34eb-658d-0600-000000000b00}</Data>
      <Data Name=""SourceProcessId"">544</Data>
      <Data Name=""SourceImage"">&lt;unknown process&gt;</Data>
      <Data Name=""TargetProcessGuid"">{fda94052-34f2-658d-2b00-000000000b00}</Data>
      <Data Name=""TargetProcessId"">1940</Data>
      <Data Name=""TargetImage"">C:\Windows\System32\svchost.exe</Data>
      <Data Name=""NewThreadId"">2384</Data>
      <Data Name=""StartAddress"">0x00007FFC70566B40</Data>
      <Data Name=""StartModule"">C:\Windows\System32\KERNELBASE.dll</Data>
      <Data Name=""StartFunction"">CtrlRoutine</Data>
      <Data Name=""SourceUser"">NT AUTHORITY\SYSTEM</Data>
      <Data Name=""TargetUser"">NT AUTHORITY\LOCAL SERVICE</Data>
    </EventData>
    <RenderingInfo Culture=""en-US"">
      <Message>CreateRemoteThread detected:

RuleName: -

UtcTime: 2023-12-28 00:35:58.056

SourceProcessGuid: {fda94052-34eb-658d-0600-000000000b00}

SourceProcessId: 544

SourceImage: &lt;unknown process&gt;

TargetProcessGuid: {fda94052-34f2-658d-2b00-000000000b00}

TargetProcessId: 1940

TargetImage: C:\Windows\System32\svchost.exe

NewThreadId: 2384

StartAddress: 0x00007FFC70566B40

StartModule: C:\Windows\System32\KERNELBASE.dll

StartFunction: CtrlRoutine

SourceUser: NT AUTHORITY\SYSTEM

TargetUser: NT AUTHORITY\LOCAL SERVICE</Message>
      <Level>Information</Level>
      <Task>CreateRemoteThread detected (rule: CreateRemoteThread)</Task>
      <Opcode>Info</Opcode>
    </RenderingInfo>
  </Event>
  
"
Microsoft-Windows-Sysmon/Operational,,,WinDev2309Eval,,,,,,,,,,8,9469,,,,,,,0x8000000000000000,Information,,,"CreateRemoteThread detected:

RuleName: -

UtcTime: 2023-12-28 00:35:58.056

SourceProcessGuid: {fda94052-34eb-658d-0600-000000000b00}

SourceProcessId: 544

SourceImage: <unknown process>

TargetProcessGuid: {fda94052-34f2-658d-3400-000000000b00}

TargetProcessId: 2492

TargetImage: C:\Windows\system32\svchost.exe

NewThreadId: 11256

StartAddress: 0x00007FFC70566B40

StartModule: C:\Windows\System32\KERNELBASE.dll

StartFunction: CtrlRoutine

SourceUser: NT AUTHORITY\SYSTEM

TargetUser: NT AUTHORITY\LOCAL SERVICE",11256,Info,,,,,,,,7044,,,,,,,"
      ",-,,,<unknown process>,,,,,{fda94052-34eb-658d-0600-000000000b00},544,NT AUTHORITY\SYSTEM,0x00007FFC70566B40,CtrlRoutine,C:\Windows\System32\KERNELBASE.dll,,2023-12-28T00:35:58.1112927Z,,C:\Windows\system32\svchost.exe,,{fda94052-34f2-658d-3400-000000000b00},2492,NT AUTHORITY\LOCAL SERVICE,CreateRemoteThread detected (rule: CreateRemoteThread),,6672,,S-1-5-18,2023-12-28 00:35:58.056,2,"<Event xmlns=""http://schemas.microsoft.com/win/2004/08/events/event"">
    <System>
      <Provider Name=""Microsoft-Windows-Sysmon"" Guid=""{5770385f-c22a-43e0-bf4c-06f5698ffbd9}""/>
      <EventID>8</EventID>
      <Version>2</Version>
      <Level>4</Level>
      <Task>8</Task>
      <Opcode>0</Opcode>
      <Keywords>0x8000000000000000</Keywords>
      <TimeCreated SystemTime=""2023-12-28T00:35:58.1112927Z""/>
      <EventRecordID>9469</EventRecordID>
      <Correlation/>
      <Execution ProcessID=""7044"" ThreadID=""6672""/>
      <Channel>Microsoft-Windows-Sysmon/Operational</Channel>
      <Computer>WinDev2309Eval</Computer>
      <Security UserID=""S-1-5-18""/>
    </System>
    <EventData>
      <Data Name=""RuleName"">-</Data>
      <Data Name=""UtcTime"">2023-12-28 00:35:58.056</Data>
      <Data Name=""SourceProcessGuid"">{fda94052-34eb-658d-0600-000000000b00}</Data>
      <Data Name=""SourceProcessId"">544</Data>
      <Data Name=""SourceImage"">&lt;unknown process&gt;</Data>
      <Data Name=""TargetProcessGuid"">{fda94052-34f2-658d-3400-000000000b00}</Data>
      <Data Name=""TargetProcessId"">2492</Data>
      <Data Name=""TargetImage"">C:\Windows\system32\svchost.exe</Data>
      <Data Name=""NewThreadId"">11256</Data>
      <Data Name=""StartAddress"">0x00007FFC70566B40</Data>
      <Data Name=""StartModule"">C:\Windows\System32\KERNELBASE.dll</Data>
      <Data Name=""StartFunction"">CtrlRoutine</Data>
      <Data Name=""SourceUser"">NT AUTHORITY\SYSTEM</Data>
      <Data Name=""TargetUser"">NT AUTHORITY\LOCAL SERVICE</Data>
    </EventData>
    <RenderingInfo Culture=""en-US"">
      <Message>CreateRemoteThread detected:

RuleName: -

UtcTime: 2023-12-28 00:35:58.056

SourceProcessGuid: {fda94052-34eb-658d-0600-000000000b00}

SourceProcessId: 544

SourceImage: &lt;unknown process&gt;

TargetProcessGuid: {fda94052-34f2-658d-3400-000000000b00}

TargetProcessId: 2492

TargetImage: C:\Windows\system32\svchost.exe

NewThreadId: 11256

StartAddress: 0x00007FFC70566B40

StartModule: C:\Windows\System32\KERNELBASE.dll

StartFunction: CtrlRoutine

SourceUser: NT AUTHORITY\SYSTEM

TargetUser: NT AUTHORITY\LOCAL SERVICE</Message>
      <Level>Information</Level>
      <Task>CreateRemoteThread detected (rule: CreateRemoteThread)</Task>
      <Opcode>Info</Opcode>
    </RenderingInfo>
  </Event>
  
"
Microsoft-Windows-Sysmon/Operational,,,WinDev2309Eval,,,,,,,,,,8,9468,,,,,,,0x8000000000000000,Information,,,"CreateRemoteThread detected:

RuleName: -

UtcTime: 2023-12-28 00:35:58.056

SourceProcessGuid: {fda94052-34eb-658d-0600-000000000b00}

SourceProcessId: 544

SourceImage: <unknown process>

TargetProcessGuid: {fda94052-34f2-658d-2f00-000000000b00}

TargetProcessId: 2116

TargetImage: C:\Windows\system32\svchost.exe

NewThreadId: 8152

StartAddress: 0x00007FFC70566B40

StartModule: C:\Windows\System32\KERNELBASE.dll

StartFunction: CtrlRoutine

SourceUser: NT AUTHORITY\SYSTEM

TargetUser: NT AUTHORITY\SYSTEM",8152,Info,,,,,,,,7044,,,,,,,"
      ",-,,,<unknown process>,,,,,{fda94052-34eb-658d-0600-000000000b00},544,NT AUTHORITY\SYSTEM,0x00007FFC70566B40,CtrlRoutine,C:\Windows\System32\KERNELBASE.dll,,2023-12-28T00:35:58.1107309Z,,C:\Windows\system32\svchost.exe,,{fda94052-34f2-658d-2f00-000000000b00},2116,NT AUTHORITY\SYSTEM,CreateRemoteThread detected (rule: CreateRemoteThread),,6672,,S-1-5-18,2023-12-28 00:35:58.056,2,"<Event xmlns=""http://schemas.microsoft.com/win/2004/08/events/event"">
    <System>
      <Provider Name=""Microsoft-Windows-Sysmon"" Guid=""{5770385f-c22a-43e0-bf4c-06f5698ffbd9}""/>
      <EventID>8</EventID>
      <Version>2</Version>
      <Level>4</Level>
      <Task>8</Task>
      <Opcode>0</Opcode>
      <Keywords>0x8000000000000000</Keywords>
      <TimeCreated SystemTime=""2023-12-28T00:35:58.1107309Z""/>
      <EventRecordID>9468</EventRecordID>
      <Correlation/>
      <Execution ProcessID=""7044"" ThreadID=""6672""/>
      <Channel>Microsoft-Windows-Sysmon/Operational</Channel>
      <Computer>WinDev2309Eval</Computer>
      <Security UserID=""S-1-5-18""/>
    </System>
    <EventData>
      <Data Name=""RuleName"">-</Data>
      <Data Name=""UtcTime"">2023-12-28 00:35:58.056</Data>
      <Data Name=""SourceProcessGuid"">{fda94052-34eb-658d-0600-000000000b00}</Data>
      <Data Name=""SourceProcessId"">544</Data>
      <Data Name=""SourceImage"">&lt;unknown process&gt;</Data>
      <Data Name=""TargetProcessGuid"">{fda94052-34f2-658d-2f00-000000000b00}</Data>
      <Data Name=""TargetProcessId"">2116</Data>
      <Data Name=""TargetImage"">C:\Windows\system32\svchost.exe</Data>
      <Data Name=""NewThreadId"">8152</Data>
      <Data Name=""StartAddress"">0x00007FFC70566B40</Data>
      <Data Name=""StartModule"">C:\Windows\System32\KERNELBASE.dll</Data>
      <Data Name=""StartFunction"">CtrlRoutine</Data>
      <Data Name=""SourceUser"">NT AUTHORITY\SYSTEM</Data>
      <Data Name=""TargetUser"">NT AUTHORITY\SYSTEM</Data>
    </EventData>
    <RenderingInfo Culture=""en-US"">
      <Message>CreateRemoteThread detected:

RuleName: -

UtcTime: 2023-12-28 00:35:58.056

SourceProcessGuid: {fda94052-34eb-658d-0600-000000000b00}

SourceProcessId: 544

SourceImage: &lt;unknown process&gt;

TargetProcessGuid: {fda94052-34f2-658d-2f00-000000000b00}

TargetProcessId: 2116

TargetImage: C:\Windows\system32\svchost.exe

NewThreadId: 8152

StartAddress: 0x00007FFC70566B40

StartModule: C:\Windows\System32\KERNELBASE.dll

StartFunction: CtrlRoutine

SourceUser: NT AUTHORITY\SYSTEM

TargetUser: NT AUTHORITY\SYSTEM</Message>
      <Level>Information</Level>
      <Task>CreateRemoteThread detected (rule: CreateRemoteThread)</Task>
      <Opcode>Info</Opcode>
    </RenderingInfo>
  </Event>
  
"
Microsoft-Windows-Sysmon/Operational,,,WinDev2309Eval,,,,,,,,,,8,9467,,,,,,,0x8000000000000000,Information,,,"CreateRemoteThread detected:

RuleName: -

UtcTime: 2023-12-28 00:35:58.056

SourceProcessGuid: {fda94052-34eb-658d-0600-000000000b00}

SourceProcessId: 544

SourceImage: <unknown process>

TargetProcessGuid: {fda94052-34f2-658d-2d00-000000000b00}

TargetProcessId: 1700

TargetImage: C:\Windows\system32\svchost.exe

NewThreadId: 8348

StartAddress: 0x00007FFC70566B40

StartModule: C:\Windows\System32\KERNELBASE.dll

StartFunction: CtrlRoutine

SourceUser: NT AUTHORITY\SYSTEM

TargetUser: NT AUTHORITY\LOCAL SERVICE",8348,Info,,,,,,,,7044,,,,,,,"
      ",-,,,<unknown process>,,,,,{fda94052-34eb-658d-0600-000000000b00},544,NT AUTHORITY\SYSTEM,0x00007FFC70566B40,CtrlRoutine,C:\Windows\System32\KERNELBASE.dll,,2023-12-28T00:35:58.1101546Z,,C:\Windows\system32\svchost.exe,,{fda94052-34f2-658d-2d00-000000000b00},1700,NT AUTHORITY\LOCAL SERVICE,CreateRemoteThread detected (rule: CreateRemoteThread),,6672,,S-1-5-18,2023-12-28 00:35:58.056,2,"<Event xmlns=""http://schemas.microsoft.com/win/2004/08/events/event"">
    <System>
      <Provider Name=""Microsoft-Windows-Sysmon"" Guid=""{5770385f-c22a-43e0-bf4c-06f5698ffbd9}""/>
      <EventID>8</EventID>
      <Version>2</Version>
      <Level>4</Level>
      <Task>8</Task>
      <Opcode>0</Opcode>
      <Keywords>0x8000000000000000</Keywords>
      <TimeCreated SystemTime=""2023-12-28T00:35:58.1101546Z""/>
      <EventRecordID>9467</EventRecordID>
      <Correlation/>
      <Execution ProcessID=""7044"" ThreadID=""6672""/>
      <Channel>Microsoft-Windows-Sysmon/Operational</Channel>
      <Computer>WinDev2309Eval</Computer>
      <Security UserID=""S-1-5-18""/>
    </System>
    <EventData>
      <Data Name=""RuleName"">-</Data>
      <Data Name=""UtcTime"">2023-12-28 00:35:58.056</Data>
      <Data Name=""SourceProcessGuid"">{fda94052-34eb-658d-0600-000000000b00}</Data>
      <Data Name=""SourceProcessId"">544</Data>
      <Data Name=""SourceImage"">&lt;unknown process&gt;</Data>
      <Data Name=""TargetProcessGuid"">{fda94052-34f2-658d-2d00-000000000b00}</Data>
      <Data Name=""TargetProcessId"">1700</Data>
      <Data Name=""TargetImage"">C:\Windows\system32\svchost.exe</Data>
      <Data Name=""NewThreadId"">8348</Data>
      <Data Name=""StartAddress"">0x00007FFC70566B40</Data>
      <Data Name=""StartModule"">C:\Windows\System32\KERNELBASE.dll</Data>
      <Data Name=""StartFunction"">CtrlRoutine</Data>
      <Data Name=""SourceUser"">NT AUTHORITY\SYSTEM</Data>
      <Data Name=""TargetUser"">NT AUTHORITY\LOCAL SERVICE</Data>
    </EventData>
    <RenderingInfo Culture=""en-US"">
      <Message>CreateRemoteThread detected:

RuleName: -

UtcTime: 2023-12-28 00:35:58.056

SourceProcessGuid: {fda94052-34eb-658d-0600-000000000b00}

SourceProcessId: 544

SourceImage: &lt;unknown process&gt;

TargetProcessGuid: {fda94052-34f2-658d-2d00-000000000b00}

TargetProcessId: 1700

TargetImage: C:\Windows\system32\svchost.exe

NewThreadId: 8348

StartAddress: 0x00007FFC70566B40

StartModule: C:\Windows\System32\KERNELBASE.dll

StartFunction: CtrlRoutine

SourceUser: NT AUTHORITY\SYSTEM

TargetUser: NT AUTHORITY\LOCAL SERVICE</Message>
      <Level>Information</Level>
      <Task>CreateRemoteThread detected (rule: CreateRemoteThread)</Task>
      <Opcode>Info</Opcode>
    </RenderingInfo>
  </Event>
  
"
Microsoft-Windows-Sysmon/Operational,,,WinDev2309Eval,,,,,,,,,,8,9466,,,,,,,0x8000000000000000,Information,,,"CreateRemoteThread detected:

RuleName: -

UtcTime: 2023-12-28 00:35:58.056

SourceProcessGuid: {fda94052-34eb-658d-0600-000000000b00}

SourceProcessId: 544

SourceImage: <unknown process>

TargetProcessGuid: {fda94052-34f2-658d-2100-000000000b00}

TargetProcessId: 1648

TargetImage: C:\Windows\system32\svchost.exe

NewThreadId: 2508

StartAddress: 0x00007FFC70566B40

StartModule: C:\Windows\System32\KERNELBASE.dll

StartFunction: CtrlRoutine

SourceUser: NT AUTHORITY\SYSTEM

TargetUser: NT AUTHORITY\LOCAL SERVICE",2508,Info,,,,,,,,7044,,,,,,,"
      ",-,,,<unknown process>,,,,,{fda94052-34eb-658d-0600-000000000b00},544,NT AUTHORITY\SYSTEM,0x00007FFC70566B40,CtrlRoutine,C:\Windows\System32\KERNELBASE.dll,,2023-12-28T00:35:58.1095287Z,,C:\Windows\system32\svchost.exe,,{fda94052-34f2-658d-2100-000000000b00},1648,NT AUTHORITY\LOCAL SERVICE,CreateRemoteThread detected (rule: CreateRemoteThread),,6672,,S-1-5-18,2023-12-28 00:35:58.056,2,"<Event xmlns=""http://schemas.microsoft.com/win/2004/08/events/event"">
    <System>
      <Provider Name=""Microsoft-Windows-Sysmon"" Guid=""{5770385f-c22a-43e0-bf4c-06f5698ffbd9}""/>
      <EventID>8</EventID>
      <Version>2</Version>
      <Level>4</Level>
      <Task>8</Task>
      <Opcode>0</Opcode>
      <Keywords>0x8000000000000000</Keywords>
      <TimeCreated SystemTime=""2023-12-28T00:35:58.1095287Z""/>
      <EventRecordID>9466</EventRecordID>
      <Correlation/>
      <Execution ProcessID=""7044"" ThreadID=""6672""/>
      <Channel>Microsoft-Windows-Sysmon/Operational</Channel>
      <Computer>WinDev2309Eval</Computer>
      <Security UserID=""S-1-5-18""/>
    </System>
    <EventData>
      <Data Name=""RuleName"">-</Data>
      <Data Name=""UtcTime"">2023-12-28 00:35:58.056</Data>
      <Data Name=""SourceProcessGuid"">{fda94052-34eb-658d-0600-000000000b00}</Data>
      <Data Name=""SourceProcessId"">544</Data>
      <Data Name=""SourceImage"">&lt;unknown process&gt;</Data>
      <Data Name=""TargetProcessGuid"">{fda94052-34f2-658d-2100-000000000b00}</Data>
      <Data Name=""TargetProcessId"">1648</Data>
      <Data Name=""TargetImage"">C:\Windows\system32\svchost.exe</Data>
      <Data Name=""NewThreadId"">2508</Data>
      <Data Name=""StartAddress"">0x00007FFC70566B40</Data>
      <Data Name=""StartModule"">C:\Windows\System32\KERNELBASE.dll</Data>
      <Data Name=""StartFunction"">CtrlRoutine</Data>
      <Data Name=""SourceUser"">NT AUTHORITY\SYSTEM</Data>
      <Data Name=""TargetUser"">NT AUTHORITY\LOCAL SERVICE</Data>
    </EventData>
    <RenderingInfo Culture=""en-US"">
      <Message>CreateRemoteThread detected:

RuleName: -

UtcTime: 2023-12-28 00:35:58.056

SourceProcessGuid: {fda94052-34eb-658d-0600-000000000b00}

SourceProcessId: 544

SourceImage: &lt;unknown process&gt;

TargetProcessGuid: {fda94052-34f2-658d-2100-000000000b00}

TargetProcessId: 1648

TargetImage: C:\Windows\system32\svchost.exe

NewThreadId: 2508

StartAddress: 0x00007FFC70566B40

StartModule: C:\Windows\System32\KERNELBASE.dll

StartFunction: CtrlRoutine

SourceUser: NT AUTHORITY\SYSTEM

TargetUser: NT AUTHORITY\LOCAL SERVICE</Message>
      <Level>Information</Level>
      <Task>CreateRemoteThread detected (rule: CreateRemoteThread)</Task>
      <Opcode>Info</Opcode>
    </RenderingInfo>
  </Event>
  
"
Microsoft-Windows-Sysmon/Operational,,,WinDev2309Eval,,,,,,,,,,8,9465,,,,,,,0x8000000000000000,Information,,,"CreateRemoteThread detected:

RuleName: -

UtcTime: 2023-12-28 00:35:58.056

SourceProcessGuid: {fda94052-34eb-658d-0600-000000000b00}

SourceProcessId: 544

SourceImage: <unknown process>

TargetProcessGuid: {fda94052-34f2-658d-2c00-000000000b00}

TargetProcessId: 1096

TargetImage: C:\Windows\System32\svchost.exe

NewThreadId: 5592

StartAddress: 0x00007FFC70566B40

StartModule: C:\Windows\System32\KERNELBASE.dll

StartFunction: CtrlRoutine

SourceUser: NT AUTHORITY\SYSTEM

TargetUser: NT AUTHORITY\SYSTEM",5592,Info,,,,,,,,7044,,,,,,,"
      ",-,,,<unknown process>,,,,,{fda94052-34eb-658d-0600-000000000b00},544,NT AUTHORITY\SYSTEM,0x00007FFC70566B40,CtrlRoutine,C:\Windows\System32\KERNELBASE.dll,,2023-12-28T00:35:58.1088770Z,,C:\Windows\System32\svchost.exe,,{fda94052-34f2-658d-2c00-000000000b00},1096,NT AUTHORITY\SYSTEM,CreateRemoteThread detected (rule: CreateRemoteThread),,6672,,S-1-5-18,2023-12-28 00:35:58.056,2,"<Event xmlns=""http://schemas.microsoft.com/win/2004/08/events/event"">
    <System>
      <Provider Name=""Microsoft-Windows-Sysmon"" Guid=""{5770385f-c22a-43e0-bf4c-06f5698ffbd9}""/>
      <EventID>8</EventID>
      <Version>2</Version>
      <Level>4</Level>
      <Task>8</Task>
      <Opcode>0</Opcode>
      <Keywords>0x8000000000000000</Keywords>
      <TimeCreated SystemTime=""2023-12-28T00:35:58.1088770Z""/>
      <EventRecordID>9465</EventRecordID>
      <Correlation/>
      <Execution ProcessID=""7044"" ThreadID=""6672""/>
      <Channel>Microsoft-Windows-Sysmon/Operational</Channel>
      <Computer>WinDev2309Eval</Computer>
      <Security UserID=""S-1-5-18""/>
    </System>
    <EventData>
      <Data Name=""RuleName"">-</Data>
      <Data Name=""UtcTime"">2023-12-28 00:35:58.056</Data>
      <Data Name=""SourceProcessGuid"">{fda94052-34eb-658d-0600-000000000b00}</Data>
      <Data Name=""SourceProcessId"">544</Data>
      <Data Name=""SourceImage"">&lt;unknown process&gt;</Data>
      <Data Name=""TargetProcessGuid"">{fda94052-34f2-658d-2c00-000000000b00}</Data>
      <Data Name=""TargetProcessId"">1096</Data>
      <Data Name=""TargetImage"">C:\Windows\System32\svchost.exe</Data>
      <Data Name=""NewThreadId"">5592</Data>
      <Data Name=""StartAddress"">0x00007FFC70566B40</Data>
      <Data Name=""StartModule"">C:\Windows\System32\KERNELBASE.dll</Data>
      <Data Name=""StartFunction"">CtrlRoutine</Data>
      <Data Name=""SourceUser"">NT AUTHORITY\SYSTEM</Data>
      <Data Name=""TargetUser"">NT AUTHORITY\SYSTEM</Data>
    </EventData>
    <RenderingInfo Culture=""en-US"">
      <Message>CreateRemoteThread detected:

RuleName: -

UtcTime: 2023-12-28 00:35:58.056

SourceProcessGuid: {fda94052-34eb-658d-0600-000000000b00}

SourceProcessId: 544

SourceImage: &lt;unknown process&gt;

TargetProcessGuid: {fda94052-34f2-658d-2c00-000000000b00}

TargetProcessId: 1096

TargetImage: C:\Windows\System32\svchost.exe

NewThreadId: 5592

StartAddress: 0x00007FFC70566B40

StartModule: C:\Windows\System32\KERNELBASE.dll

StartFunction: CtrlRoutine

SourceUser: NT AUTHORITY\SYSTEM

TargetUser: NT AUTHORITY\SYSTEM</Message>
      <Level>Information</Level>
      <Task>CreateRemoteThread detected (rule: CreateRemoteThread)</Task>
      <Opcode>Info</Opcode>
    </RenderingInfo>
  </Event>
  
"
