Microsoft-Windows-Sysmon/Operational,"C:\Windows\System32\pcaui.exe -n 0 -a """" -v """" -g """" -x """"",Microsoft Corporation,WinDev2309Eval,,C:\Windows\system32\,Program Compatibility Assistant User Interface,,,,,,,1,9719,,10.0.22621.2215 (WinBuild.160101.0800),"MD5=126D7ADA9B37F1A34CA18485AB60BB98,SHA256=19BD080ECBFD5BFA158CA70AB1E3AC4702E0EE3A34E58280E62D500E3000DEB6,IMPHASH=6868B1DB28731C1B0EF0A45A860A8652",C:\Windows\System32\pcaui.exe,,Medium,0x8000000000000000,Information,{fda94052-c313-658c-9aab-030000000000},0x3ab9a,"Process Create:

RuleName: -

UtcTime: 2023-12-28 00:36:39.459

ProcessGuid: {fda94052-c317-658c-8f00-000000000c00}

ProcessId: 1984

Image: C:\Windows\System32\pcaui.exe

FileVersion: 10.0.22621.2215 (WinBuild.160101.0800)

Description: Program Compatibility Assistant User Interface

Product: Microsoft Windows Operating System

Company: Microsoft Corporation

OriginalFileName: pcaui.exe

CommandLine: C:\Windows\System32\pcaui.exe -n 0 -a """" -v """" -g """" -x """"

CurrentDirectory: C:\Windows\system32\

User: WINDEV2309EVAL\User

LogonGuid: {fda94052-c313-658c-9aab-030000000000}

LogonId: 0x3AB9A

TerminalSessionId: 1

IntegrityLevel: Medium

Hashes: MD5=126D7ADA9B37F1A34CA18485AB60BB98,SHA256=19BD080ECBFD5BFA158CA70AB1E3AC4702E0EE3A34E58280E62D500E3000DEB6,IMPHASH=6868B1DB28731C1B0EF0A45A860A8652

ParentProcessGuid: {fda94052-c317-658c-8e00-000000000c00}

ParentProcessId: 5792

ParentImage: C:\Windows\System32\svchost.exe

ParentCommandLine: C:\Windows\system32\svchost.exe -k LocalSystemNetworkRestricted -p -s PcaSvc

ParentUser: NT AUTHORITY\SYSTEM",,Info,pcaui.exe,C:\Windows\system32\svchost.exe -k LocalSystemNetworkRestricted -p -s PcaSvc,C:\Windows\System32\svchost.exe,{fda94052-c317-658c-8e00-000000000c00},5792,NT AUTHORITY\SYSTEM,{fda94052-c317-658c-8f00-000000000c00},3732,1984,Microsoft Windows Operating System,,,,,"
      ",-,,,,,,,,,,,,,,,2023-12-28T00:36:39.4649985Z,,,,,,,Process Create (rule: ProcessCreate),1,4344,WINDEV2309EVAL\User,S-1-5-18,2023-12-28 00:36:39.459,5,"<Event xmlns=""http://schemas.microsoft.com/win/2004/08/events/event"">
    <System>
      <Provider Name=""Microsoft-Windows-Sysmon"" Guid=""{5770385f-c22a-43e0-bf4c-06f5698ffbd9}""/>
      <EventID>1</EventID>
      <Version>5</Version>
      <Level>4</Level>
      <Task>1</Task>
      <Opcode>0</Opcode>
      <Keywords>0x8000000000000000</Keywords>
      <TimeCreated SystemTime=""2023-12-28T00:36:39.4649985Z""/>
      <EventRecordID>9719</EventRecordID>
      <Correlation/>
      <Execution ProcessID=""3732"" ThreadID=""4344""/>
      <Channel>Microsoft-Windows-Sysmon/Operational</Channel>
      <Computer>WinDev2309Eval</Computer>
      <Security UserID=""S-1-5-18""/>
    </System>
    <EventData>
      <Data Name=""RuleName"">-</Data>
      <Data Name=""UtcTime"">2023-12-28 00:36:39.459</Data>
      <Data Name=""ProcessGuid"">{fda94052-c317-658c-8f00-000000000c00}</Data>
      <Data Name=""ProcessId"">1984</Data>
      <Data Name=""Image"">C:\Windows\System32\pcaui.exe</Data>
      <Data Name=""FileVersion"">10.0.22621.2215 (WinBuild.160101.0800)</Data>
      <Data Name=""Description"">Program Compatibility Assistant User Interface</Data>
      <Data Name=""Product"">Microsoft&#174; Windows&#174; Operating System</Data>
      <Data Name=""Company"">Microsoft Corporation</Data>
      <Data Name=""OriginalFileName"">pcaui.exe</Data>
      <Data Name=""CommandLine"">C:\Windows\System32\pcaui.exe -n 0 -a """" -v """" -g """" -x """"</Data>
      <Data Name=""CurrentDirectory"">C:\Windows\system32\</Data>
      <Data Name=""User"">WINDEV2309EVAL\User</Data>
      <Data Name=""LogonGuid"">{fda94052-c313-658c-9aab-030000000000}</Data>
      <Data Name=""LogonId"">0x3ab9a</Data>
      <Data Name=""TerminalSessionId"">1</Data>
      <Data Name=""IntegrityLevel"">Medium</Data>
      <Data Name=""Hashes"">MD5=126D7ADA9B37F1A34CA18485AB60BB98,SHA256=19BD080ECBFD5BFA158CA70AB1E3AC4702E0EE3A34E58280E62D500E3000DEB6,IMPHASH=6868B1DB28731C1B0EF0A45A860A8652</Data>
      <Data Name=""ParentProcessGuid"">{fda94052-c317-658c-8e00-000000000c00}</Data>
      <Data Name=""ParentProcessId"">5792</Data>
      <Data Name=""ParentImage"">C:\Windows\System32\svchost.exe</Data>
      <Data Name=""ParentCommandLine"">C:\Windows\system32\svchost.exe -k LocalSystemNetworkRestricted -p -s PcaSvc</Data>
      <Data Name=""ParentUser"">NT AUTHORITY\SYSTEM</Data>
    </EventData>
    <RenderingInfo Culture=""en-US"">
      <Message>Process Create:

RuleName: -

UtcTime: 2023-12-28 00:36:39.459

ProcessGuid: {fda94052-c317-658c-8f00-000000000c00}

ProcessId: 1984

Image: C:\Windows\System32\pcaui.exe

FileVersion: 10.0.22621.2215 (WinBuild.160101.0800)

Description: Program Compatibility Assistant User Interface

Product: Microsoft&#174; Windows&#174; Operating System

Company: Microsoft Corporation

OriginalFileName: pcaui.exe

CommandLine: C:\Windows\System32\pcaui.exe -n 0 -a """" -v """" -g """" -x """"

CurrentDirectory: C:\Windows\system32\

User: WINDEV2309EVAL\User

LogonGuid: {fda94052-c313-658c-9aab-030000000000}

LogonId: 0x3AB9A

TerminalSessionId: 1

IntegrityLevel: Medium

Hashes: MD5=126D7ADA9B37F1A34CA18485AB60BB98,SHA256=19BD080ECBFD5BFA158CA70AB1E3AC4702E0EE3A34E58280E62D500E3000DEB6,IMPHASH=6868B1DB28731C1B0EF0A45A860A8652

ParentProcessGuid: {fda94052-c317-658c-8e00-000000000c00}

ParentProcessId: 5792

ParentImage: C:\Windows\System32\svchost.exe

ParentCommandLine: C:\Windows\system32\svchost.exe -k LocalSystemNetworkRestricted -p -s PcaSvc

ParentUser: NT AUTHORITY\SYSTEM</Message>
      <Level>Information</Level>
      <Task>Process Create (rule: ProcessCreate)</Task>
      <Opcode>Info</Opcode>
    </RenderingInfo>
  </Event>
  
"
Microsoft-Windows-Sysmon/Operational,C:\Windows\system32\svchost.exe -k LocalSystemNetworkRestricted -p -s PcaSvc,Microsoft Corporation,WinDev2309Eval,,C:\Windows\system32\,Host Process for Windows Services,,,,,,,1,9718,,10.0.22621.1 (WinBuild.160101.0800),"MD5=8EC922C7A58A8701AB481B7BE9644536,SHA256=949BFB5B4C7D58D92F3F9C5F8EC7CA4CEAFFD10EC5F0020F0A987C472D61C54B,IMPHASH=76B4BAE80D2C3B08BB062D97BF9CA791",C:\Windows\System32\svchost.exe,,System,0x8000000000000000,Information,{fda94052-c30f-658c-e703-000000000000},0x3e7,"Process Create:

RuleName: -

UtcTime: 2023-12-28 00:36:39.371

ProcessGuid: {fda94052-c317-658c-8e00-000000000c00}

ProcessId: 5792

Image: C:\Windows\System32\svchost.exe

FileVersion: 10.0.22621.1 (WinBuild.160101.0800)

Description: Host Process for Windows Services

Product: Microsoft Windows Operating System

Company: Microsoft Corporation

OriginalFileName: svchost.exe

CommandLine: C:\Windows\system32\svchost.exe -k LocalSystemNetworkRestricted -p -s PcaSvc

CurrentDirectory: C:\Windows\system32\

User: NT AUTHORITY\SYSTEM

LogonGuid: {fda94052-c30f-658c-e703-000000000000}

LogonId: 0x3E7

TerminalSessionId: 0

IntegrityLevel: System

Hashes: MD5=8EC922C7A58A8701AB481B7BE9644536,SHA256=949BFB5B4C7D58D92F3F9C5F8EC7CA4CEAFFD10EC5F0020F0A987C472D61C54B,IMPHASH=76B4BAE80D2C3B08BB062D97BF9CA791

ParentProcessGuid: {fda94052-c30f-658c-0b00-000000000c00}

ParentProcessId: 776

ParentImage: C:\Windows\System32\services.exe

ParentCommandLine: C:\Windows\system32\services.exe

ParentUser: NT AUTHORITY\SYSTEM",,Info,svchost.exe,C:\Windows\system32\services.exe,C:\Windows\System32\services.exe,{fda94052-c30f-658c-0b00-000000000c00},776,NT AUTHORITY\SYSTEM,{fda94052-c317-658c-8e00-000000000c00},3732,5792,Microsoft Windows Operating System,,,,,"
      ",-,,,,,,,,,,,,,,,2023-12-28T00:36:39.3724876Z,,,,,,,Process Create (rule: ProcessCreate),0,4344,NT AUTHORITY\SYSTEM,S-1-5-18,2023-12-28 00:36:39.371,5,"<Event xmlns=""http://schemas.microsoft.com/win/2004/08/events/event"">
    <System>
      <Provider Name=""Microsoft-Windows-Sysmon"" Guid=""{5770385f-c22a-43e0-bf4c-06f5698ffbd9}""/>
      <EventID>1</EventID>
      <Version>5</Version>
      <Level>4</Level>
      <Task>1</Task>
      <Opcode>0</Opcode>
      <Keywords>0x8000000000000000</Keywords>
      <TimeCreated SystemTime=""2023-12-28T00:36:39.3724876Z""/>
      <EventRecordID>9718</EventRecordID>
      <Correlation/>
      <Execution ProcessID=""3732"" ThreadID=""4344""/>
      <Channel>Microsoft-Windows-Sysmon/Operational</Channel>
      <Computer>WinDev2309Eval</Computer>
      <Security UserID=""S-1-5-18""/>
    </System>
    <EventData>
      <Data Name=""RuleName"">-</Data>
      <Data Name=""UtcTime"">2023-12-28 00:36:39.371</Data>
      <Data Name=""ProcessGuid"">{fda94052-c317-658c-8e00-000000000c00}</Data>
      <Data Name=""ProcessId"">5792</Data>
      <Data Name=""Image"">C:\Windows\System32\svchost.exe</Data>
      <Data Name=""FileVersion"">10.0.22621.1 (WinBuild.160101.0800)</Data>
      <Data Name=""Description"">Host Process for Windows Services</Data>
      <Data Name=""Product"">Microsoft&#174; Windows&#174; Operating System</Data>
      <Data Name=""Company"">Microsoft Corporation</Data>
      <Data Name=""OriginalFileName"">svchost.exe</Data>
      <Data Name=""CommandLine"">C:\Windows\system32\svchost.exe -k LocalSystemNetworkRestricted -p -s PcaSvc</Data>
      <Data Name=""CurrentDirectory"">C:\Windows\system32\</Data>
      <Data Name=""User"">NT AUTHORITY\SYSTEM</Data>
      <Data Name=""LogonGuid"">{fda94052-c30f-658c-e703-000000000000}</Data>
      <Data Name=""LogonId"">0x3e7</Data>
      <Data Name=""TerminalSessionId"">0</Data>
      <Data Name=""IntegrityLevel"">System</Data>
      <Data Name=""Hashes"">MD5=8EC922C7A58A8701AB481B7BE9644536,SHA256=949BFB5B4C7D58D92F3F9C5F8EC7CA4CEAFFD10EC5F0020F0A987C472D61C54B,IMPHASH=76B4BAE80D2C3B08BB062D97BF9CA791</Data>
      <Data Name=""ParentProcessGuid"">{fda94052-c30f-658c-0b00-000000000c00}</Data>
      <Data Name=""ParentProcessId"">776</Data>
      <Data Name=""ParentImage"">C:\Windows\System32\services.exe</Data>
      <Data Name=""ParentCommandLine"">C:\Windows\system32\services.exe</Data>
      <Data Name=""ParentUser"">NT AUTHORITY\SYSTEM</Data>
    </EventData>
    <RenderingInfo Culture=""en-US"">
      <Message>Process Create:

RuleName: -

UtcTime: 2023-12-28 00:36:39.371

ProcessGuid: {fda94052-c317-658c-8e00-000000000c00}

ProcessId: 5792

Image: C:\Windows\System32\svchost.exe

FileVersion: 10.0.22621.1 (WinBuild.160101.0800)

Description: Host Process for Windows Services

Product: Microsoft&#174; Windows&#174; Operating System

Company: Microsoft Corporation

OriginalFileName: svchost.exe

CommandLine: C:\Windows\system32\svchost.exe -k LocalSystemNetworkRestricted -p -s PcaSvc

CurrentDirectory: C:\Windows\system32\

User: NT AUTHORITY\SYSTEM

LogonGuid: {fda94052-c30f-658c-e703-000000000000}

LogonId: 0x3E7

TerminalSessionId: 0

IntegrityLevel: System

Hashes: MD5=8EC922C7A58A8701AB481B7BE9644536,SHA256=949BFB5B4C7D58D92F3F9C5F8EC7CA4CEAFFD10EC5F0020F0A987C472D61C54B,IMPHASH=76B4BAE80D2C3B08BB062D97BF9CA791

ParentProcessGuid: {fda94052-c30f-658c-0b00-000000000c00}

ParentProcessId: 776

ParentImage: C:\Windows\System32\services.exe

ParentCommandLine: C:\Windows\system32\services.exe

ParentUser: NT AUTHORITY\SYSTEM</Message>
      <Level>Information</Level>
      <Task>Process Create (rule: ProcessCreate)</Task>
      <Opcode>Info</Opcode>
    </RenderingInfo>
  </Event>
  
"
Microsoft-Windows-Sysmon/Operational,C:\Windows\system32\vssvc.exe,Microsoft Corporation,WinDev2309Eval,,C:\Windows\system32\,Microsoft Volume Shadow Copy Service,,,,,,,1,9717,,10.0.22621.1 (WinBuild.160101.0800),"MD5=E41824427731D3933591BCD216674818,SHA256=321120DE419B488B6EB0D9F32E733756FE9E97689FC0FE7FD2C9BF50AFB1BCC4,IMPHASH=BC0F5315EEA41E76B544E9F6ACFE1FEE",C:\Windows\System32\VSSVC.exe,,System,0x8000000000000000,Information,{fda94052-c30f-658c-e703-000000000000},0x3e7,"Process Create:

RuleName: -

UtcTime: 2023-12-28 00:36:38.509

ProcessGuid: {fda94052-c316-658c-8c00-000000000c00}

ProcessId: 2112

Image: C:\Windows\System32\VSSVC.exe

FileVersion: 10.0.22621.1 (WinBuild.160101.0800)

Description: Microsoft Volume Shadow Copy Service

Product: Microsoft Windows Operating System

Company: Microsoft Corporation

OriginalFileName: VSSVC.EXE

CommandLine: C:\Windows\system32\vssvc.exe

CurrentDirectory: C:\Windows\system32\

User: NT AUTHORITY\SYSTEM

LogonGuid: {fda94052-c30f-658c-e703-000000000000}

LogonId: 0x3E7

TerminalSessionId: 0

IntegrityLevel: System

Hashes: MD5=E41824427731D3933591BCD216674818,SHA256=321120DE419B488B6EB0D9F32E733756FE9E97689FC0FE7FD2C9BF50AFB1BCC4,IMPHASH=BC0F5315EEA41E76B544E9F6ACFE1FEE

ParentProcessGuid: {fda94052-c30f-658c-0b00-000000000c00}

ParentProcessId: 776

ParentImage: C:\Windows\System32\services.exe

ParentCommandLine: C:\Windows\system32\services.exe

ParentUser: NT AUTHORITY\SYSTEM",,Info,VSSVC.EXE,C:\Windows\system32\services.exe,C:\Windows\System32\services.exe,{fda94052-c30f-658c-0b00-000000000c00},776,NT AUTHORITY\SYSTEM,{fda94052-c316-658c-8c00-000000000c00},3732,2112,Microsoft Windows Operating System,,,,,"
      ",-,,,,,,,,,,,,,,,2023-12-28T00:36:38.5305835Z,,,,,,,Process Create (rule: ProcessCreate),0,4344,NT AUTHORITY\SYSTEM,S-1-5-18,2023-12-28 00:36:38.509,5,"<Event xmlns=""http://schemas.microsoft.com/win/2004/08/events/event"">
    <System>
      <Provider Name=""Microsoft-Windows-Sysmon"" Guid=""{5770385f-c22a-43e0-bf4c-06f5698ffbd9}""/>
      <EventID>1</EventID>
      <Version>5</Version>
      <Level>4</Level>
      <Task>1</Task>
      <Opcode>0</Opcode>
      <Keywords>0x8000000000000000</Keywords>
      <TimeCreated SystemTime=""2023-12-28T00:36:38.5305835Z""/>
      <EventRecordID>9717</EventRecordID>
      <Correlation/>
      <Execution ProcessID=""3732"" ThreadID=""4344""/>
      <Channel>Microsoft-Windows-Sysmon/Operational</Channel>
      <Computer>WinDev2309Eval</Computer>
      <Security UserID=""S-1-5-18""/>
    </System>
    <EventData>
      <Data Name=""RuleName"">-</Data>
      <Data Name=""UtcTime"">2023-12-28 00:36:38.509</Data>
      <Data Name=""ProcessGuid"">{fda94052-c316-658c-8c00-000000000c00}</Data>
      <Data Name=""ProcessId"">2112</Data>
      <Data Name=""Image"">C:\Windows\System32\VSSVC.exe</Data>
      <Data Name=""FileVersion"">10.0.22621.1 (WinBuild.160101.0800)</Data>
      <Data Name=""Description"">Microsoft&#174; Volume Shadow Copy Service</Data>
      <Data Name=""Product"">Microsoft&#174; Windows&#174; Operating System</Data>
      <Data Name=""Company"">Microsoft Corporation</Data>
      <Data Name=""OriginalFileName"">VSSVC.EXE</Data>
      <Data Name=""CommandLine"">C:\Windows\system32\vssvc.exe</Data>
      <Data Name=""CurrentDirectory"">C:\Windows\system32\</Data>
      <Data Name=""User"">NT AUTHORITY\SYSTEM</Data>
      <Data Name=""LogonGuid"">{fda94052-c30f-658c-e703-000000000000}</Data>
      <Data Name=""LogonId"">0x3e7</Data>
      <Data Name=""TerminalSessionId"">0</Data>
      <Data Name=""IntegrityLevel"">System</Data>
      <Data Name=""Hashes"">MD5=E41824427731D3933591BCD216674818,SHA256=321120DE419B488B6EB0D9F32E733756FE9E97689FC0FE7FD2C9BF50AFB1BCC4,IMPHASH=BC0F5315EEA41E76B544E9F6ACFE1FEE</Data>
      <Data Name=""ParentProcessGuid"">{fda94052-c30f-658c-0b00-000000000c00}</Data>
      <Data Name=""ParentProcessId"">776</Data>
      <Data Name=""ParentImage"">C:\Windows\System32\services.exe</Data>
      <Data Name=""ParentCommandLine"">C:\Windows\system32\services.exe</Data>
      <Data Name=""ParentUser"">NT AUTHORITY\SYSTEM</Data>
    </EventData>
    <RenderingInfo Culture=""en-US"">
      <Message>Process Create:

RuleName: -

UtcTime: 2023-12-28 00:36:38.509

ProcessGuid: {fda94052-c316-658c-8c00-000000000c00}

ProcessId: 2112

Image: C:\Windows\System32\VSSVC.exe

FileVersion: 10.0.22621.1 (WinBuild.160101.0800)

Description: Microsoft&#174; Volume Shadow Copy Service

Product: Microsoft&#174; Windows&#174; Operating System

Company: Microsoft Corporation

OriginalFileName: VSSVC.EXE

CommandLine: C:\Windows\system32\vssvc.exe

CurrentDirectory: C:\Windows\system32\

User: NT AUTHORITY\SYSTEM

LogonGuid: {fda94052-c30f-658c-e703-000000000000}

LogonId: 0x3E7

TerminalSessionId: 0

IntegrityLevel: System

Hashes: MD5=E41824427731D3933591BCD216674818,SHA256=321120DE419B488B6EB0D9F32E733756FE9E97689FC0FE7FD2C9BF50AFB1BCC4,IMPHASH=BC0F5315EEA41E76B544E9F6ACFE1FEE

ParentProcessGuid: {fda94052-c30f-658c-0b00-000000000c00}

ParentProcessId: 776

ParentImage: C:\Windows\System32\services.exe

ParentCommandLine: C:\Windows\system32\services.exe

ParentUser: NT AUTHORITY\SYSTEM</Message>
      <Level>Information</Level>
      <Task>Process Create (rule: ProcessCreate)</Task>
      <Opcode>Info</Opcode>
    </RenderingInfo>
  </Event>
  
"
Microsoft-Windows-Sysmon/Operational,,,WinDev2309Eval,,,,,,,,,{09A47860-11B0-4DA5-AFA5-26D86198A780},13,9716,SetValue,,,C:\ProgramData\Microsoft\Windows Defender\Platform\4.18.23080.2006-0\MsMpEng.exe,,,0x8000000000000000,Information,,,"Registry value set:

RuleName: -

EventType: SetValue

UtcTime: 2023-12-28 00:36:38.459

ProcessGuid: {fda94052-c311-658c-4e00-000000000c00}

ProcessId: 3352

Image: C:\ProgramData\Microsoft\Windows Defender\Platform\4.18.23080.2006-0\MsMpEng.exe

TargetObject: HKCR\Directory\shellex\ContextMenuHandlers\EPP\(Default)

Details: {09A47860-11B0-4DA5-AFA5-26D86198A780}

User: NT AUTHORITY\SYSTEM",,Info,,,,,,,{fda94052-c311-658c-4e00-000000000c00},3732,3352,,,,,,"
      ",-,,,,,,,,,,,,,,,2023-12-28T00:36:38.4633971Z,,,HKCR\Directory\shellex\ContextMenuHandlers\EPP\(Default),,,,Registry value set (rule: RegistryEvent),,4344,NT AUTHORITY\SYSTEM,S-1-5-18,2023-12-28 00:36:38.459,2,"<Event xmlns=""http://schemas.microsoft.com/win/2004/08/events/event"">
    <System>
      <Provider Name=""Microsoft-Windows-Sysmon"" Guid=""{5770385f-c22a-43e0-bf4c-06f5698ffbd9}""/>
      <EventID>13</EventID>
      <Version>2</Version>
      <Level>4</Level>
      <Task>13</Task>
      <Opcode>0</Opcode>
      <Keywords>0x8000000000000000</Keywords>
      <TimeCreated SystemTime=""2023-12-28T00:36:38.4633971Z""/>
      <EventRecordID>9716</EventRecordID>
      <Correlation/>
      <Execution ProcessID=""3732"" ThreadID=""4344""/>
      <Channel>Microsoft-Windows-Sysmon/Operational</Channel>
      <Computer>WinDev2309Eval</Computer>
      <Security UserID=""S-1-5-18""/>
    </System>
    <EventData>
      <Data Name=""RuleName"">-</Data>
      <Data Name=""EventType"">SetValue</Data>
      <Data Name=""UtcTime"">2023-12-28 00:36:38.459</Data>
      <Data Name=""ProcessGuid"">{fda94052-c311-658c-4e00-000000000c00}</Data>
      <Data Name=""ProcessId"">3352</Data>
      <Data Name=""Image"">C:\ProgramData\Microsoft\Windows Defender\Platform\4.18.23080.2006-0\MsMpEng.exe</Data>
      <Data Name=""TargetObject"">HKCR\Directory\shellex\ContextMenuHandlers\EPP\(Default)</Data>
      <Data Name=""Details"">{09A47860-11B0-4DA5-AFA5-26D86198A780}</Data>
      <Data Name=""User"">NT AUTHORITY\SYSTEM</Data>
    </EventData>
    <RenderingInfo Culture=""en-US"">
      <Message>Registry value set:

RuleName: -

EventType: SetValue

UtcTime: 2023-12-28 00:36:38.459

ProcessGuid: {fda94052-c311-658c-4e00-000000000c00}

ProcessId: 3352

Image: C:\ProgramData\Microsoft\Windows Defender\Platform\4.18.23080.2006-0\MsMpEng.exe

TargetObject: HKCR\Directory\shellex\ContextMenuHandlers\EPP\(Default)

Details: {09A47860-11B0-4DA5-AFA5-26D86198A780}

User: NT AUTHORITY\SYSTEM</Message>
      <Level>Information</Level>
      <Task>Registry value set (rule: RegistryEvent)</Task>
      <Opcode>Info</Opcode>
    </RenderingInfo>
  </Event>
  
"
Microsoft-Windows-Sysmon/Operational,,,WinDev2309Eval,,,,,,,,,{09A47860-11B0-4DA5-AFA5-26D86198A780},13,9715,SetValue,,,C:\ProgramData\Microsoft\Windows Defender\Platform\4.18.23080.2006-0\MsMpEng.exe,,,0x8000000000000000,Information,,,"Registry value set:

RuleName: -

EventType: SetValue

UtcTime: 2023-12-28 00:36:38.459

ProcessGuid: {fda94052-c311-658c-4e00-000000000c00}

ProcessId: 3352

Image: C:\ProgramData\Microsoft\Windows Defender\Platform\4.18.23080.2006-0\MsMpEng.exe

TargetObject: HKCR\Drive\shellex\ContextMenuHandlers\EPP\(Default)

Details: {09A47860-11B0-4DA5-AFA5-26D86198A780}

User: NT AUTHORITY\SYSTEM",,Info,,,,,,,{fda94052-c311-658c-4e00-000000000c00},3732,3352,,,,,,"
      ",-,,,,,,,,,,,,,,,2023-12-28T00:36:38.4633637Z,,,HKCR\Drive\shellex\ContextMenuHandlers\EPP\(Default),,,,Registry value set (rule: RegistryEvent),,4344,NT AUTHORITY\SYSTEM,S-1-5-18,2023-12-28 00:36:38.459,2,"<Event xmlns=""http://schemas.microsoft.com/win/2004/08/events/event"">
    <System>
      <Provider Name=""Microsoft-Windows-Sysmon"" Guid=""{5770385f-c22a-43e0-bf4c-06f5698ffbd9}""/>
      <EventID>13</EventID>
      <Version>2</Version>
      <Level>4</Level>
      <Task>13</Task>
      <Opcode>0</Opcode>
      <Keywords>0x8000000000000000</Keywords>
      <TimeCreated SystemTime=""2023-12-28T00:36:38.4633637Z""/>
      <EventRecordID>9715</EventRecordID>
      <Correlation/>
      <Execution ProcessID=""3732"" ThreadID=""4344""/>
      <Channel>Microsoft-Windows-Sysmon/Operational</Channel>
      <Computer>WinDev2309Eval</Computer>
      <Security UserID=""S-1-5-18""/>
    </System>
    <EventData>
      <Data Name=""RuleName"">-</Data>
      <Data Name=""EventType"">SetValue</Data>
      <Data Name=""UtcTime"">2023-12-28 00:36:38.459</Data>
      <Data Name=""ProcessGuid"">{fda94052-c311-658c-4e00-000000000c00}</Data>
      <Data Name=""ProcessId"">3352</Data>
      <Data Name=""Image"">C:\ProgramData\Microsoft\Windows Defender\Platform\4.18.23080.2006-0\MsMpEng.exe</Data>
      <Data Name=""TargetObject"">HKCR\Drive\shellex\ContextMenuHandlers\EPP\(Default)</Data>
      <Data Name=""Details"">{09A47860-11B0-4DA5-AFA5-26D86198A780}</Data>
      <Data Name=""User"">NT AUTHORITY\SYSTEM</Data>
    </EventData>
    <RenderingInfo Culture=""en-US"">
      <Message>Registry value set:

RuleName: -

EventType: SetValue

UtcTime: 2023-12-28 00:36:38.459

ProcessGuid: {fda94052-c311-658c-4e00-000000000c00}

ProcessId: 3352

Image: C:\ProgramData\Microsoft\Windows Defender\Platform\4.18.23080.2006-0\MsMpEng.exe

TargetObject: HKCR\Drive\shellex\ContextMenuHandlers\EPP\(Default)

Details: {09A47860-11B0-4DA5-AFA5-26D86198A780}

User: NT AUTHORITY\SYSTEM</Message>
      <Level>Information</Level>
      <Task>Registry value set (rule: RegistryEvent)</Task>
      <Opcode>Info</Opcode>
    </RenderingInfo>
  </Event>
  
"
Microsoft-Windows-Sysmon/Operational,,,WinDev2309Eval,,,,,,,,,{09A47860-11B0-4DA5-AFA5-26D86198A780},13,9714,SetValue,,,C:\ProgramData\Microsoft\Windows Defender\Platform\4.18.23080.2006-0\MsMpEng.exe,,,0x8000000000000000,Information,,,"Registry value set:

RuleName: -

EventType: SetValue

UtcTime: 2023-12-28 00:36:38.459

ProcessGuid: {fda94052-c311-658c-4e00-000000000c00}

ProcessId: 3352

Image: C:\ProgramData\Microsoft\Windows Defender\Platform\4.18.23080.2006-0\MsMpEng.exe

TargetObject: HKCR\*\shellex\ContextMenuHandlers\EPP\(Default)

Details: {09A47860-11B0-4DA5-AFA5-26D86198A780}

User: NT AUTHORITY\SYSTEM",,Info,,,,,,,{fda94052-c311-658c-4e00-000000000c00},3732,3352,,,,,,"
      ",-,,,,,,,,,,,,,,,2023-12-28T00:36:38.4633203Z,,,HKCR\*\shellex\ContextMenuHandlers\EPP\(Default),,,,Registry value set (rule: RegistryEvent),,4344,NT AUTHORITY\SYSTEM,S-1-5-18,2023-12-28 00:36:38.459,2,"<Event xmlns=""http://schemas.microsoft.com/win/2004/08/events/event"">
    <System>
      <Provider Name=""Microsoft-Windows-Sysmon"" Guid=""{5770385f-c22a-43e0-bf4c-06f5698ffbd9}""/>
      <EventID>13</EventID>
      <Version>2</Version>
      <Level>4</Level>
      <Task>13</Task>
      <Opcode>0</Opcode>
      <Keywords>0x8000000000000000</Keywords>
      <TimeCreated SystemTime=""2023-12-28T00:36:38.4633203Z""/>
      <EventRecordID>9714</EventRecordID>
      <Correlation/>
      <Execution ProcessID=""3732"" ThreadID=""4344""/>
      <Channel>Microsoft-Windows-Sysmon/Operational</Channel>
      <Computer>WinDev2309Eval</Computer>
      <Security UserID=""S-1-5-18""/>
    </System>
    <EventData>
      <Data Name=""RuleName"">-</Data>
      <Data Name=""EventType"">SetValue</Data>
      <Data Name=""UtcTime"">2023-12-28 00:36:38.459</Data>
      <Data Name=""ProcessGuid"">{fda94052-c311-658c-4e00-000000000c00}</Data>
      <Data Name=""ProcessId"">3352</Data>
      <Data Name=""Image"">C:\ProgramData\Microsoft\Windows Defender\Platform\4.18.23080.2006-0\MsMpEng.exe</Data>
      <Data Name=""TargetObject"">HKCR\*\shellex\ContextMenuHandlers\EPP\(Default)</Data>
      <Data Name=""Details"">{09A47860-11B0-4DA5-AFA5-26D86198A780}</Data>
      <Data Name=""User"">NT AUTHORITY\SYSTEM</Data>
    </EventData>
    <RenderingInfo Culture=""en-US"">
      <Message>Registry value set:

RuleName: -

EventType: SetValue

UtcTime: 2023-12-28 00:36:38.459

ProcessGuid: {fda94052-c311-658c-4e00-000000000c00}

ProcessId: 3352

Image: C:\ProgramData\Microsoft\Windows Defender\Platform\4.18.23080.2006-0\MsMpEng.exe

TargetObject: HKCR\*\shellex\ContextMenuHandlers\EPP\(Default)

Details: {09A47860-11B0-4DA5-AFA5-26D86198A780}

User: NT AUTHORITY\SYSTEM</Message>
      <Level>Information</Level>
      <Task>Registry value set (rule: RegistryEvent)</Task>
      <Opcode>Info</Opcode>
    </RenderingInfo>
  </Event>
  
"
Microsoft-Windows-Sysmon/Operational,,,WinDev2309Eval,,,,,,,,,C:\ProgramData\Microsoft\Windows Defender\Platform\4.18.23080.2006-0\MPUXAGENT.DLL,13,9713,SetValue,,,C:\ProgramData\Microsoft\Windows Defender\Platform\4.18.23080.2006-0\MsMpEng.exe,,,0x8000000000000000,Information,,,"Registry value set:

RuleName: T1122

EventType: SetValue

UtcTime: 2023-12-28 00:36:38.413

ProcessGuid: {fda94052-c311-658c-4e00-000000000c00}

ProcessId: 3352

Image: C:\ProgramData\Microsoft\Windows Defender\Platform\4.18.23080.2006-0\MsMpEng.exe

TargetObject: HKCR\CLSID\{4DB116D1-9B24-4DFC-946B-BFE03E852002}\InProcServer32\(Default)

Details: C:\ProgramData\Microsoft\Windows Defender\Platform\4.18.23080.2006-0\MPUXAGENT.DLL

User: NT AUTHORITY\SYSTEM",,Info,,,,,,,{fda94052-c311-658c-4e00-000000000c00},3732,3352,,,,,,"
      ",T1122,,,,,,,,,,,,,,,2023-12-28T00:36:38.4241098Z,,,HKCR\CLSID\{4DB116D1-9B24-4DFC-946B-BFE03E852002}\InProcServer32\(Default),,,,Registry value set (rule: RegistryEvent),,4344,NT AUTHORITY\SYSTEM,S-1-5-18,2023-12-28 00:36:38.413,2,"<Event xmlns=""http://schemas.microsoft.com/win/2004/08/events/event"">
    <System>
      <Provider Name=""Microsoft-Windows-Sysmon"" Guid=""{5770385f-c22a-43e0-bf4c-06f5698ffbd9}""/>
      <EventID>13</EventID>
      <Version>2</Version>
      <Level>4</Level>
      <Task>13</Task>
      <Opcode>0</Opcode>
      <Keywords>0x8000000000000000</Keywords>
      <TimeCreated SystemTime=""2023-12-28T00:36:38.4241098Z""/>
      <EventRecordID>9713</EventRecordID>
      <Correlation/>
      <Execution ProcessID=""3732"" ThreadID=""4344""/>
      <Channel>Microsoft-Windows-Sysmon/Operational</Channel>
      <Computer>WinDev2309Eval</Computer>
      <Security UserID=""S-1-5-18""/>
    </System>
    <EventData>
      <Data Name=""RuleName"">T1122</Data>
      <Data Name=""EventType"">SetValue</Data>
      <Data Name=""UtcTime"">2023-12-28 00:36:38.413</Data>
      <Data Name=""ProcessGuid"">{fda94052-c311-658c-4e00-000000000c00}</Data>
      <Data Name=""ProcessId"">3352</Data>
      <Data Name=""Image"">C:\ProgramData\Microsoft\Windows Defender\Platform\4.18.23080.2006-0\MsMpEng.exe</Data>
      <Data Name=""TargetObject"">HKCR\CLSID\{4DB116D1-9B24-4DFC-946B-BFE03E852002}\InProcServer32\(Default)</Data>
      <Data Name=""Details"">C:\ProgramData\Microsoft\Windows Defender\Platform\4.18.23080.2006-0\MPUXAGENT.DLL</Data>
      <Data Name=""User"">NT AUTHORITY\SYSTEM</Data>
    </EventData>
    <RenderingInfo Culture=""en-US"">
      <Message>Registry value set:

RuleName: T1122

EventType: SetValue

UtcTime: 2023-12-28 00:36:38.413

ProcessGuid: {fda94052-c311-658c-4e00-000000000c00}

ProcessId: 3352

Image: C:\ProgramData\Microsoft\Windows Defender\Platform\4.18.23080.2006-0\MsMpEng.exe

TargetObject: HKCR\CLSID\{4DB116D1-9B24-4DFC-946B-BFE03E852002}\InProcServer32\(Default)

Details: C:\ProgramData\Microsoft\Windows Defender\Platform\4.18.23080.2006-0\MPUXAGENT.DLL

User: NT AUTHORITY\SYSTEM</Message>
      <Level>Information</Level>
      <Task>Registry value set (rule: RegistryEvent)</Task>
      <Opcode>Info</Opcode>
    </RenderingInfo>
  </Event>
  
"
Microsoft-Windows-Sysmon/Operational,,,WinDev2309Eval,,,,,,,,,C:\ProgramData\Microsoft\Windows Defender\Platform\4.18.23080.2006-0\MPUXAGENT.DLL,13,9712,SetValue,,,C:\ProgramData\Microsoft\Windows Defender\Platform\4.18.23080.2006-0\MsMpEng.exe,,,0x8000000000000000,Information,,,"Registry value set:

RuleName: T1122

EventType: SetValue

UtcTime: 2023-12-28 00:36:38.413

ProcessGuid: {fda94052-c311-658c-4e00-000000000c00}

ProcessId: 3352

Image: C:\ProgramData\Microsoft\Windows Defender\Platform\4.18.23080.2006-0\MsMpEng.exe

TargetObject: HKCR\CLSID\{2DCD7FDB-8809-48E4-8E4F-3157C57CF987}\InprocServer32\(Default)

Details: C:\ProgramData\Microsoft\Windows Defender\Platform\4.18.23080.2006-0\MPUXAGENT.DLL

User: NT AUTHORITY\SYSTEM",,Info,,,,,,,{fda94052-c311-658c-4e00-000000000c00},3732,3352,,,,,,"
      ",T1122,,,,,,,,,,,,,,,2023-12-28T00:36:38.4228076Z,,,HKCR\CLSID\{2DCD7FDB-8809-48E4-8E4F-3157C57CF987}\InprocServer32\(Default),,,,Registry value set (rule: RegistryEvent),,4344,NT AUTHORITY\SYSTEM,S-1-5-18,2023-12-28 00:36:38.413,2,"<Event xmlns=""http://schemas.microsoft.com/win/2004/08/events/event"">
    <System>
      <Provider Name=""Microsoft-Windows-Sysmon"" Guid=""{5770385f-c22a-43e0-bf4c-06f5698ffbd9}""/>
      <EventID>13</EventID>
      <Version>2</Version>
      <Level>4</Level>
      <Task>13</Task>
      <Opcode>0</Opcode>
      <Keywords>0x8000000000000000</Keywords>
      <TimeCreated SystemTime=""2023-12-28T00:36:38.4228076Z""/>
      <EventRecordID>9712</EventRecordID>
      <Correlation/>
      <Execution ProcessID=""3732"" ThreadID=""4344""/>
      <Channel>Microsoft-Windows-Sysmon/Operational</Channel>
      <Computer>WinDev2309Eval</Computer>
      <Security UserID=""S-1-5-18""/>
    </System>
    <EventData>
      <Data Name=""RuleName"">T1122</Data>
      <Data Name=""EventType"">SetValue</Data>
      <Data Name=""UtcTime"">2023-12-28 00:36:38.413</Data>
      <Data Name=""ProcessGuid"">{fda94052-c311-658c-4e00-000000000c00}</Data>
      <Data Name=""ProcessId"">3352</Data>
      <Data Name=""Image"">C:\ProgramData\Microsoft\Windows Defender\Platform\4.18.23080.2006-0\MsMpEng.exe</Data>
      <Data Name=""TargetObject"">HKCR\CLSID\{2DCD7FDB-8809-48E4-8E4F-3157C57CF987}\InprocServer32\(Default)</Data>
      <Data Name=""Details"">C:\ProgramData\Microsoft\Windows Defender\Platform\4.18.23080.2006-0\MPUXAGENT.DLL</Data>
      <Data Name=""User"">NT AUTHORITY\SYSTEM</Data>
    </EventData>
    <RenderingInfo Culture=""en-US"">
      <Message>Registry value set:

RuleName: T1122

EventType: SetValue

UtcTime: 2023-12-28 00:36:38.413

ProcessGuid: {fda94052-c311-658c-4e00-000000000c00}

ProcessId: 3352

Image: C:\ProgramData\Microsoft\Windows Defender\Platform\4.18.23080.2006-0\MsMpEng.exe

TargetObject: HKCR\CLSID\{2DCD7FDB-8809-48E4-8E4F-3157C57CF987}\InprocServer32\(Default)

Details: C:\ProgramData\Microsoft\Windows Defender\Platform\4.18.23080.2006-0\MPUXAGENT.DLL

User: NT AUTHORITY\SYSTEM</Message>
      <Level>Information</Level>
      <Task>Registry value set (rule: RegistryEvent)</Task>
      <Opcode>Info</Opcode>
    </RenderingInfo>
  </Event>
  
"
Microsoft-Windows-Sysmon/Operational,"""C:\Windows\system32\wermgr.exe"" -upload",Microsoft Corporation,WinDev2309Eval,,C:\Windows\system32\,Windows Problem Reporting,,,,,,,1,9711,,10.0.22621.2215 (WinBuild.160101.0800),"MD5=F2DA58AFB09045F572AAA1A5338743B5,SHA256=91EACF7C2638F9DC68D477B84F7300B1DD98CAF875826A878F998607CD655D38,IMPHASH=71CE23EF1BB6F40F7E9FB4A599D8BEFE",C:\Windows\System32\wermgr.exe,,System,0x8000000000000000,Information,{fda94052-c30f-658c-e703-000000000000},0x3e7,"Process Create:

RuleName: -

UtcTime: 2023-12-28 00:36:38.354

ProcessGuid: {fda94052-c316-658c-8b00-000000000c00}

ProcessId: 6136

Image: C:\Windows\System32\wermgr.exe

FileVersion: 10.0.22621.2215 (WinBuild.160101.0800)

Description: Windows Problem Reporting

Product: Microsoft Windows Operating System

Company: Microsoft Corporation

OriginalFileName: WerMgr

CommandLine: ""C:\Windows\system32\wermgr.exe"" -upload

CurrentDirectory: C:\Windows\system32\

User: NT AUTHORITY\SYSTEM

LogonGuid: {fda94052-c30f-658c-e703-000000000000}

LogonId: 0x3E7

TerminalSessionId: 0

IntegrityLevel: System

Hashes: MD5=F2DA58AFB09045F572AAA1A5338743B5,SHA256=91EACF7C2638F9DC68D477B84F7300B1DD98CAF875826A878F998607CD655D38,IMPHASH=71CE23EF1BB6F40F7E9FB4A599D8BEFE

ParentProcessGuid: {fda94052-c310-658c-1c00-000000000c00}

ParentProcessId: 1384

ParentImage: C:\Windows\System32\svchost.exe

ParentCommandLine: C:\Windows\system32\svchost.exe -k netsvcs -p -s Schedule

ParentUser: NT AUTHORITY\SYSTEM",,Info,WerMgr,C:\Windows\system32\svchost.exe -k netsvcs -p -s Schedule,C:\Windows\System32\svchost.exe,{fda94052-c310-658c-1c00-000000000c00},1384,NT AUTHORITY\SYSTEM,{fda94052-c316-658c-8b00-000000000c00},3732,6136,Microsoft Windows Operating System,,,,,"
      ",-,,,,,,,,,,,,,,,2023-12-28T00:36:38.3591485Z,,,,,,,Process Create (rule: ProcessCreate),0,4344,NT AUTHORITY\SYSTEM,S-1-5-18,2023-12-28 00:36:38.354,5,"<Event xmlns=""http://schemas.microsoft.com/win/2004/08/events/event"">
    <System>
      <Provider Name=""Microsoft-Windows-Sysmon"" Guid=""{5770385f-c22a-43e0-bf4c-06f5698ffbd9}""/>
      <EventID>1</EventID>
      <Version>5</Version>
      <Level>4</Level>
      <Task>1</Task>
      <Opcode>0</Opcode>
      <Keywords>0x8000000000000000</Keywords>
      <TimeCreated SystemTime=""2023-12-28T00:36:38.3591485Z""/>
      <EventRecordID>9711</EventRecordID>
      <Correlation/>
      <Execution ProcessID=""3732"" ThreadID=""4344""/>
      <Channel>Microsoft-Windows-Sysmon/Operational</Channel>
      <Computer>WinDev2309Eval</Computer>
      <Security UserID=""S-1-5-18""/>
    </System>
    <EventData>
      <Data Name=""RuleName"">-</Data>
      <Data Name=""UtcTime"">2023-12-28 00:36:38.354</Data>
      <Data Name=""ProcessGuid"">{fda94052-c316-658c-8b00-000000000c00}</Data>
      <Data Name=""ProcessId"">6136</Data>
      <Data Name=""Image"">C:\Windows\System32\wermgr.exe</Data>
      <Data Name=""FileVersion"">10.0.22621.2215 (WinBuild.160101.0800)</Data>
      <Data Name=""Description"">Windows Problem Reporting</Data>
      <Data Name=""Product"">Microsoft&#174; Windows&#174; Operating System</Data>
      <Data Name=""Company"">Microsoft Corporation</Data>
      <Data Name=""OriginalFileName"">WerMgr</Data>
      <Data Name=""CommandLine"">""C:\Windows\system32\wermgr.exe"" -upload</Data>
      <Data Name=""CurrentDirectory"">C:\Windows\system32\</Data>
      <Data Name=""User"">NT AUTHORITY\SYSTEM</Data>
      <Data Name=""LogonGuid"">{fda94052-c30f-658c-e703-000000000000}</Data>
      <Data Name=""LogonId"">0x3e7</Data>
      <Data Name=""TerminalSessionId"">0</Data>
      <Data Name=""IntegrityLevel"">System</Data>
      <Data Name=""Hashes"">MD5=F2DA58AFB09045F572AAA1A5338743B5,SHA256=91EACF7C2638F9DC68D477B84F7300B1DD98CAF875826A878F998607CD655D38,IMPHASH=71CE23EF1BB6F40F7E9FB4A599D8BEFE</Data>
      <Data Name=""ParentProcessGuid"">{fda94052-c310-658c-1c00-000000000c00}</Data>
      <Data Name=""ParentProcessId"">1384</Data>
      <Data Name=""ParentImage"">C:\Windows\System32\svchost.exe</Data>
      <Data Name=""ParentCommandLine"">C:\Windows\system32\svchost.exe -k netsvcs -p -s Schedule</Data>
      <Data Name=""ParentUser"">NT AUTHORITY\SYSTEM</Data>
    </EventData>
    <RenderingInfo Culture=""en-US"">
      <Message>Process Create:

RuleName: -

UtcTime: 2023-12-28 00:36:38.354

ProcessGuid: {fda94052-c316-658c-8b00-000000000c00}

ProcessId: 6136

Image: C:\Windows\System32\wermgr.exe

FileVersion: 10.0.22621.2215 (WinBuild.160101.0800)

Description: Windows Problem Reporting

Product: Microsoft&#174; Windows&#174; Operating System

Company: Microsoft Corporation

OriginalFileName: WerMgr

CommandLine: ""C:\Windows\system32\wermgr.exe"" -upload

CurrentDirectory: C:\Windows\system32\

User: NT AUTHORITY\SYSTEM

LogonGuid: {fda94052-c30f-658c-e703-000000000000}

LogonId: 0x3E7

TerminalSessionId: 0

IntegrityLevel: System

Hashes: MD5=F2DA58AFB09045F572AAA1A5338743B5,SHA256=91EACF7C2638F9DC68D477B84F7300B1DD98CAF875826A878F998607CD655D38,IMPHASH=71CE23EF1BB6F40F7E9FB4A599D8BEFE

ParentProcessGuid: {fda94052-c310-658c-1c00-000000000c00}

ParentProcessId: 1384

ParentImage: C:\Windows\System32\svchost.exe

ParentCommandLine: C:\Windows\system32\svchost.exe -k netsvcs -p -s Schedule

ParentUser: NT AUTHORITY\SYSTEM</Message>
      <Level>Information</Level>
      <Task>Process Create (rule: ProcessCreate)</Task>
      <Opcode>Info</Opcode>
    </RenderingInfo>
  </Event>
  
"
Microsoft-Windows-Sysmon/Operational,"C:\Windows\system32\wevtutil.exe install-manifest ""C:\ProgramData\Microsoft\Windows Defender\Platform\4.18.23080.2006-0\Microsoft-Antimalware-Protection.man"" ""/resourceFilePath:C:\ProgramData\Microsoft\Windows Defender\Platform\4.18.23080.2006-0\MpClient.dll"" ""/messageFilePath:C:\ProgramData\Microsoft\Windows Defender\Platform\4.18.23080.2006-0\MpClient.dll"" ""/parameterFilePath:C:\ProgramData\Microsoft\Windows Defender\Platform\4.18.23080.2006-0\MpClient.dll""",Microsoft Corporation,WinDev2309Eval,,C:\Windows\system32\,Windows Event Log Utility,,,,,,,1,9710,,10.0.22621.1778 (WinBuild.160101.0800),"MD5=DFE4A9613993ECAFE6B38DEFE8D495F2,SHA256=3635324AA002EBB7FD99D50E63ACDAC0C34E831A7F35E7B33F37854557538588,IMPHASH=92CA71320A49850E970004A94EA5D695",C:\Windows\System32\wevtutil.exe,,System,0x8000000000000000,Information,{fda94052-c30f-658c-e703-000000000000},0x3e7,"Process Create:

RuleName: -

UtcTime: 2023-12-28 00:36:38.284

ProcessGuid: {fda94052-c316-658c-8800-000000000c00}

ProcessId: 5844

Image: C:\Windows\System32\wevtutil.exe

FileVersion: 10.0.22621.1778 (WinBuild.160101.0800)

Description: Windows Event Log Utility

Product: Microsoft Windows Operating System

Company: Microsoft Corporation

OriginalFileName: wevtutil.exe

CommandLine: C:\Windows\system32\wevtutil.exe install-manifest ""C:\ProgramData\Microsoft\Windows Defender\Platform\4.18.23080.2006-0\Microsoft-Antimalware-Protection.man"" ""/resourceFilePath:C:\ProgramData\Microsoft\Windows Defender\Platform\4.18.23080.2006-0\MpClient.dll"" ""/messageFilePath:C:\ProgramData\Microsoft\Windows Defender\Platform\4.18.23080.2006-0\MpClient.dll"" ""/parameterFilePath:C:\ProgramData\Microsoft\Windows Defender\Platform\4.18.23080.2006-0\MpClient.dll""

CurrentDirectory: C:\Windows\system32\

User: NT AUTHORITY\SYSTEM

LogonGuid: {fda94052-c30f-658c-e703-000000000000}

LogonId: 0x3E7

TerminalSessionId: 0

IntegrityLevel: System

Hashes: MD5=DFE4A9613993ECAFE6B38DEFE8D495F2,SHA256=3635324AA002EBB7FD99D50E63ACDAC0C34E831A7F35E7B33F37854557538588,IMPHASH=92CA71320A49850E970004A94EA5D695

ParentProcessGuid: {fda94052-c311-658c-4e00-000000000c00}

ParentProcessId: 3352

ParentImage: C:\ProgramData\Microsoft\Windows Defender\Platform\4.18.23080.2006-0\MsMpEng.exe

ParentCommandLine: ""C:\ProgramData\Microsoft\Windows Defender\Platform\4.18.23080.2006-0\MsMpEng.exe""

ParentUser: NT AUTHORITY\SYSTEM",,Info,wevtutil.exe,"""C:\ProgramData\Microsoft\Windows Defender\Platform\4.18.23080.2006-0\MsMpEng.exe""",C:\ProgramData\Microsoft\Windows Defender\Platform\4.18.23080.2006-0\MsMpEng.exe,{fda94052-c311-658c-4e00-000000000c00},3352,NT AUTHORITY\SYSTEM,{fda94052-c316-658c-8800-000000000c00},3732,5844,Microsoft Windows Operating System,,,,,"
      ",-,,,,,,,,,,,,,,,2023-12-28T00:36:38.2851755Z,,,,,,,Process Create (rule: ProcessCreate),0,4344,NT AUTHORITY\SYSTEM,S-1-5-18,2023-12-28 00:36:38.284,5,"<Event xmlns=""http://schemas.microsoft.com/win/2004/08/events/event"">
    <System>
      <Provider Name=""Microsoft-Windows-Sysmon"" Guid=""{5770385f-c22a-43e0-bf4c-06f5698ffbd9}""/>
      <EventID>1</EventID>
      <Version>5</Version>
      <Level>4</Level>
      <Task>1</Task>
      <Opcode>0</Opcode>
      <Keywords>0x8000000000000000</Keywords>
      <TimeCreated SystemTime=""2023-12-28T00:36:38.2851755Z""/>
      <EventRecordID>9710</EventRecordID>
      <Correlation/>
      <Execution ProcessID=""3732"" ThreadID=""4344""/>
      <Channel>Microsoft-Windows-Sysmon/Operational</Channel>
      <Computer>WinDev2309Eval</Computer>
      <Security UserID=""S-1-5-18""/>
    </System>
    <EventData>
      <Data Name=""RuleName"">-</Data>
      <Data Name=""UtcTime"">2023-12-28 00:36:38.284</Data>
      <Data Name=""ProcessGuid"">{fda94052-c316-658c-8800-000000000c00}</Data>
      <Data Name=""ProcessId"">5844</Data>
      <Data Name=""Image"">C:\Windows\System32\wevtutil.exe</Data>
      <Data Name=""FileVersion"">10.0.22621.1778 (WinBuild.160101.0800)</Data>
      <Data Name=""Description"">Windows Event Log Utility</Data>
      <Data Name=""Product"">Microsoft&#174; Windows&#174; Operating System</Data>
      <Data Name=""Company"">Microsoft Corporation</Data>
      <Data Name=""OriginalFileName"">wevtutil.exe</Data>
      <Data Name=""CommandLine"">C:\Windows\system32\wevtutil.exe install-manifest ""C:\ProgramData\Microsoft\Windows Defender\Platform\4.18.23080.2006-0\Microsoft-Antimalware-Protection.man"" ""/resourceFilePath:C:\ProgramData\Microsoft\Windows Defender\Platform\4.18.23080.2006-0\MpClient.dll"" ""/messageFilePath:C:\ProgramData\Microsoft\Windows Defender\Platform\4.18.23080.2006-0\MpClient.dll"" ""/parameterFilePath:C:\ProgramData\Microsoft\Windows Defender\Platform\4.18.23080.2006-0\MpClient.dll""</Data>
      <Data Name=""CurrentDirectory"">C:\Windows\system32\</Data>
      <Data Name=""User"">NT AUTHORITY\SYSTEM</Data>
      <Data Name=""LogonGuid"">{fda94052-c30f-658c-e703-000000000000}</Data>
      <Data Name=""LogonId"">0x3e7</Data>
      <Data Name=""TerminalSessionId"">0</Data>
      <Data Name=""IntegrityLevel"">System</Data>
      <Data Name=""Hashes"">MD5=DFE4A9613993ECAFE6B38DEFE8D495F2,SHA256=3635324AA002EBB7FD99D50E63ACDAC0C34E831A7F35E7B33F37854557538588,IMPHASH=92CA71320A49850E970004A94EA5D695</Data>
      <Data Name=""ParentProcessGuid"">{fda94052-c311-658c-4e00-000000000c00}</Data>
      <Data Name=""ParentProcessId"">3352</Data>
      <Data Name=""ParentImage"">C:\ProgramData\Microsoft\Windows Defender\Platform\4.18.23080.2006-0\MsMpEng.exe</Data>
      <Data Name=""ParentCommandLine"">""C:\ProgramData\Microsoft\Windows Defender\Platform\4.18.23080.2006-0\MsMpEng.exe""</Data>
      <Data Name=""ParentUser"">NT AUTHORITY\SYSTEM</Data>
    </EventData>
    <RenderingInfo Culture=""en-US"">
      <Message>Process Create:

RuleName: -

UtcTime: 2023-12-28 00:36:38.284

ProcessGuid: {fda94052-c316-658c-8800-000000000c00}

ProcessId: 5844

Image: C:\Windows\System32\wevtutil.exe

FileVersion: 10.0.22621.1778 (WinBuild.160101.0800)

Description: Windows Event Log Utility

Product: Microsoft&#174; Windows&#174; Operating System

Company: Microsoft Corporation

OriginalFileName: wevtutil.exe

CommandLine: C:\Windows\system32\wevtutil.exe install-manifest ""C:\ProgramData\Microsoft\Windows Defender\Platform\4.18.23080.2006-0\Microsoft-Antimalware-Protection.man"" ""/resourceFilePath:C:\ProgramData\Microsoft\Windows Defender\Platform\4.18.23080.2006-0\MpClient.dll"" ""/messageFilePath:C:\ProgramData\Microsoft\Windows Defender\Platform\4.18.23080.2006-0\MpClient.dll"" ""/parameterFilePath:C:\ProgramData\Microsoft\Windows Defender\Platform\4.18.23080.2006-0\MpClient.dll""

CurrentDirectory: C:\Windows\system32\

User: NT AUTHORITY\SYSTEM

LogonGuid: {fda94052-c30f-658c-e703-000000000000}

LogonId: 0x3E7

TerminalSessionId: 0

IntegrityLevel: System

Hashes: MD5=DFE4A9613993ECAFE6B38DEFE8D495F2,SHA256=3635324AA002EBB7FD99D50E63ACDAC0C34E831A7F35E7B33F37854557538588,IMPHASH=92CA71320A49850E970004A94EA5D695

ParentProcessGuid: {fda94052-c311-658c-4e00-000000000c00}

ParentProcessId: 3352

ParentImage: C:\ProgramData\Microsoft\Windows Defender\Platform\4.18.23080.2006-0\MsMpEng.exe

ParentCommandLine: ""C:\ProgramData\Microsoft\Windows Defender\Platform\4.18.23080.2006-0\MsMpEng.exe""

ParentUser: NT AUTHORITY\SYSTEM</Message>
      <Level>Information</Level>
      <Task>Process Create (rule: ProcessCreate)</Task>
      <Opcode>Info</Opcode>
    </RenderingInfo>
  </Event>
  
"
