Microsoft-Windows-Sysmon/Operational,,,WinDev2309Eval,,,,,,,,,,8,9520,,,,,,,0x8000000000000000,Information,,,"CreateRemoteThread detected:

RuleName: -

UtcTime: 2023-12-28 00:35:58.071

SourceProcessGuid: {fda94052-34eb-658d-0600-000000000b00}

SourceProcessId: 544

SourceImage: <unknown process>

TargetProcessGuid: {fda94052-b85d-658c-1602-000000000b00}

TargetProcessId: 8832

TargetImage: C:\Program Files (x86)\Microsoft\EdgeWebView\Application\120.0.2210.91\Installer\setup.exe

NewThreadId: 4156

StartAddress: 0x00007FFC70566B40

StartModule: C:\Windows\System32\KERNELBASE.dll

StartFunction: CtrlRoutine

SourceUser: NT AUTHORITY\SYSTEM

TargetUser: NT AUTHORITY\SYSTEM",4156,Info,,,,,,,,7044,,,,,,,"
      ",-,,,<unknown process>,,,,,{fda94052-34eb-658d-0600-000000000b00},544,NT AUTHORITY\SYSTEM,0x00007FFC70566B40,CtrlRoutine,C:\Windows\System32\KERNELBASE.dll,,2023-12-28T00:35:58.2462658Z,,C:\Program Files (x86)\Microsoft\EdgeWebView\Application\120.0.2210.91\Installer\setup.exe,,{fda94052-b85d-658c-1602-000000000b00},8832,NT AUTHORITY\SYSTEM,CreateRemoteThread detected (rule: CreateRemoteThread),,6672,,S-1-5-18,2023-12-28 00:35:58.071,2,"<Event xmlns=""http://schemas.microsoft.com/win/2004/08/events/event"">
    <System>
      <Provider Name=""Microsoft-Windows-Sysmon"" Guid=""{5770385f-c22a-43e0-bf4c-06f5698ffbd9}""/>
      <EventID>8</EventID>
      <Version>2</Version>
      <Level>4</Level>
      <Task>8</Task>
      <Opcode>0</Opcode>
      <Keywords>0x8000000000000000</Keywords>
      <TimeCreated SystemTime=""2023-12-28T00:35:58.2462658Z""/>
      <EventRecordID>9520</EventRecordID>
      <Correlation/>
      <Execution ProcessID=""7044"" ThreadID=""6672""/>
      <Channel>Microsoft-Windows-Sysmon/Operational</Channel>
      <Computer>WinDev2309Eval</Computer>
      <Security UserID=""S-1-5-18""/>
    </System>
    <EventData>
      <Data Name=""RuleName"">-</Data>
      <Data Name=""UtcTime"">2023-12-28 00:35:58.071</Data>
      <Data Name=""SourceProcessGuid"">{fda94052-34eb-658d-0600-000000000b00}</Data>
      <Data Name=""SourceProcessId"">544</Data>
      <Data Name=""SourceImage"">&lt;unknown process&gt;</Data>
      <Data Name=""TargetProcessGuid"">{fda94052-b85d-658c-1602-000000000b00}</Data>
      <Data Name=""TargetProcessId"">8832</Data>
      <Data Name=""TargetImage"">C:\Program Files (x86)\Microsoft\EdgeWebView\Application\120.0.2210.91\Installer\setup.exe</Data>
      <Data Name=""NewThreadId"">4156</Data>
      <Data Name=""StartAddress"">0x00007FFC70566B40</Data>
      <Data Name=""StartModule"">C:\Windows\System32\KERNELBASE.dll</Data>
      <Data Name=""StartFunction"">CtrlRoutine</Data>
      <Data Name=""SourceUser"">NT AUTHORITY\SYSTEM</Data>
      <Data Name=""TargetUser"">NT AUTHORITY\SYSTEM</Data>
    </EventData>
    <RenderingInfo Culture=""en-US"">
      <Message>CreateRemoteThread detected:

RuleName: -

UtcTime: 2023-12-28 00:35:58.071

SourceProcessGuid: {fda94052-34eb-658d-0600-000000000b00}

SourceProcessId: 544

SourceImage: &lt;unknown process&gt;

TargetProcessGuid: {fda94052-b85d-658c-1602-000000000b00}

TargetProcessId: 8832

TargetImage: C:\Program Files (x86)\Microsoft\EdgeWebView\Application\120.0.2210.91\Installer\setup.exe

NewThreadId: 4156

StartAddress: 0x00007FFC70566B40

StartModule: C:\Windows\System32\KERNELBASE.dll

StartFunction: CtrlRoutine

SourceUser: NT AUTHORITY\SYSTEM

TargetUser: NT AUTHORITY\SYSTEM</Message>
      <Level>Information</Level>
      <Task>CreateRemoteThread detected (rule: CreateRemoteThread)</Task>
      <Opcode>Info</Opcode>
    </RenderingInfo>
  </Event>
  
"
Microsoft-Windows-Sysmon/Operational,,,WinDev2309Eval,,,,,,,,,,8,9519,,,,,,,0x8000000000000000,Information,,,"CreateRemoteThread detected:

RuleName: -

UtcTime: 2023-12-28 00:35:58.071

SourceProcessGuid: {fda94052-34eb-658d-0600-000000000b00}

SourceProcessId: 544

SourceImage: <unknown process>

TargetProcessGuid: {fda94052-3504-658d-a300-000000000b00}

TargetProcessId: 6228

TargetImage: C:\Windows\system32\svchost.exe

NewThreadId: 1604

StartAddress: 0x00007FFC70566B40

StartModule: C:\Windows\System32\KERNELBASE.dll

StartFunction: CtrlRoutine

SourceUser: NT AUTHORITY\SYSTEM

TargetUser: NT AUTHORITY\LOCAL SERVICE",1604,Info,,,,,,,,7044,,,,,,,"
      ",-,,,<unknown process>,,,,,{fda94052-34eb-658d-0600-000000000b00},544,NT AUTHORITY\SYSTEM,0x00007FFC70566B40,CtrlRoutine,C:\Windows\System32\KERNELBASE.dll,,2023-12-28T00:35:58.2459489Z,,C:\Windows\system32\svchost.exe,,{fda94052-3504-658d-a300-000000000b00},6228,NT AUTHORITY\LOCAL SERVICE,CreateRemoteThread detected (rule: CreateRemoteThread),,6672,,S-1-5-18,2023-12-28 00:35:58.071,2,"<Event xmlns=""http://schemas.microsoft.com/win/2004/08/events/event"">
    <System>
      <Provider Name=""Microsoft-Windows-Sysmon"" Guid=""{5770385f-c22a-43e0-bf4c-06f5698ffbd9}""/>
      <EventID>8</EventID>
      <Version>2</Version>
      <Level>4</Level>
      <Task>8</Task>
      <Opcode>0</Opcode>
      <Keywords>0x8000000000000000</Keywords>
      <TimeCreated SystemTime=""2023-12-28T00:35:58.2459489Z""/>
      <EventRecordID>9519</EventRecordID>
      <Correlation/>
      <Execution ProcessID=""7044"" ThreadID=""6672""/>
      <Channel>Microsoft-Windows-Sysmon/Operational</Channel>
      <Computer>WinDev2309Eval</Computer>
      <Security UserID=""S-1-5-18""/>
    </System>
    <EventData>
      <Data Name=""RuleName"">-</Data>
      <Data Name=""UtcTime"">2023-12-28 00:35:58.071</Data>
      <Data Name=""SourceProcessGuid"">{fda94052-34eb-658d-0600-000000000b00}</Data>
      <Data Name=""SourceProcessId"">544</Data>
      <Data Name=""SourceImage"">&lt;unknown process&gt;</Data>
      <Data Name=""TargetProcessGuid"">{fda94052-3504-658d-a300-000000000b00}</Data>
      <Data Name=""TargetProcessId"">6228</Data>
      <Data Name=""TargetImage"">C:\Windows\system32\svchost.exe</Data>
      <Data Name=""NewThreadId"">1604</Data>
      <Data Name=""StartAddress"">0x00007FFC70566B40</Data>
      <Data Name=""StartModule"">C:\Windows\System32\KERNELBASE.dll</Data>
      <Data Name=""StartFunction"">CtrlRoutine</Data>
      <Data Name=""SourceUser"">NT AUTHORITY\SYSTEM</Data>
      <Data Name=""TargetUser"">NT AUTHORITY\LOCAL SERVICE</Data>
    </EventData>
    <RenderingInfo Culture=""en-US"">
      <Message>CreateRemoteThread detected:

RuleName: -

UtcTime: 2023-12-28 00:35:58.071

SourceProcessGuid: {fda94052-34eb-658d-0600-000000000b00}

SourceProcessId: 544

SourceImage: &lt;unknown process&gt;

TargetProcessGuid: {fda94052-3504-658d-a300-000000000b00}

TargetProcessId: 6228

TargetImage: C:\Windows\system32\svchost.exe

NewThreadId: 1604

StartAddress: 0x00007FFC70566B40

StartModule: C:\Windows\System32\KERNELBASE.dll

StartFunction: CtrlRoutine

SourceUser: NT AUTHORITY\SYSTEM

TargetUser: NT AUTHORITY\LOCAL SERVICE</Message>
      <Level>Information</Level>
      <Task>CreateRemoteThread detected (rule: CreateRemoteThread)</Task>
      <Opcode>Info</Opcode>
    </RenderingInfo>
  </Event>
  
"
Microsoft-Windows-Sysmon/Operational,,,WinDev2309Eval,,,,,,,,,,8,9518,,,,,,,0x8000000000000000,Information,,,"CreateRemoteThread detected:

RuleName: -

UtcTime: 2023-12-28 00:35:58.071

SourceProcessGuid: {fda94052-34eb-658d-0600-000000000b00}

SourceProcessId: 544

SourceImage: <unknown process>

TargetProcessGuid: {00000000-0000-0000-0000-000000000000}

TargetProcessId: 1384

TargetImage: <unknown process>

NewThreadId: 5316

StartAddress: 0x00007FFC70566B40

StartModule: C:\Windows\System32\KERNELBASE.dll

StartFunction: CtrlRoutine

SourceUser: NT AUTHORITY\SYSTEM

TargetUser: NT AUTHORITY\SYSTEM",5316,Info,,,,,,,,7044,,,,,,,"
      ",-,,,<unknown process>,,,,,{fda94052-34eb-658d-0600-000000000b00},544,NT AUTHORITY\SYSTEM,0x00007FFC70566B40,CtrlRoutine,C:\Windows\System32\KERNELBASE.dll,,2023-12-28T00:35:58.2447624Z,,<unknown process>,,{00000000-0000-0000-0000-000000000000},1384,NT AUTHORITY\SYSTEM,CreateRemoteThread detected (rule: CreateRemoteThread),,6672,,S-1-5-18,2023-12-28 00:35:58.071,2,"<Event xmlns=""http://schemas.microsoft.com/win/2004/08/events/event"">
    <System>
      <Provider Name=""Microsoft-Windows-Sysmon"" Guid=""{5770385f-c22a-43e0-bf4c-06f5698ffbd9}""/>
      <EventID>8</EventID>
      <Version>2</Version>
      <Level>4</Level>
      <Task>8</Task>
      <Opcode>0</Opcode>
      <Keywords>0x8000000000000000</Keywords>
      <TimeCreated SystemTime=""2023-12-28T00:35:58.2447624Z""/>
      <EventRecordID>9518</EventRecordID>
      <Correlation/>
      <Execution ProcessID=""7044"" ThreadID=""6672""/>
      <Channel>Microsoft-Windows-Sysmon/Operational</Channel>
      <Computer>WinDev2309Eval</Computer>
      <Security UserID=""S-1-5-18""/>
    </System>
    <EventData>
      <Data Name=""RuleName"">-</Data>
      <Data Name=""UtcTime"">2023-12-28 00:35:58.071</Data>
      <Data Name=""SourceProcessGuid"">{fda94052-34eb-658d-0600-000000000b00}</Data>
      <Data Name=""SourceProcessId"">544</Data>
      <Data Name=""SourceImage"">&lt;unknown process&gt;</Data>
      <Data Name=""TargetProcessGuid"">{00000000-0000-0000-0000-000000000000}</Data>
      <Data Name=""TargetProcessId"">1384</Data>
      <Data Name=""TargetImage"">&lt;unknown process&gt;</Data>
      <Data Name=""NewThreadId"">5316</Data>
      <Data Name=""StartAddress"">0x00007FFC70566B40</Data>
      <Data Name=""StartModule"">C:\Windows\System32\KERNELBASE.dll</Data>
      <Data Name=""StartFunction"">CtrlRoutine</Data>
      <Data Name=""SourceUser"">NT AUTHORITY\SYSTEM</Data>
      <Data Name=""TargetUser"">NT AUTHORITY\SYSTEM</Data>
    </EventData>
    <RenderingInfo Culture=""en-US"">
      <Message>CreateRemoteThread detected:

RuleName: -

UtcTime: 2023-12-28 00:35:58.071

SourceProcessGuid: {fda94052-34eb-658d-0600-000000000b00}

SourceProcessId: 544

SourceImage: &lt;unknown process&gt;

TargetProcessGuid: {00000000-0000-0000-0000-000000000000}

TargetProcessId: 1384

TargetImage: &lt;unknown process&gt;

NewThreadId: 5316

StartAddress: 0x00007FFC70566B40

StartModule: C:\Windows\System32\KERNELBASE.dll

StartFunction: CtrlRoutine

SourceUser: NT AUTHORITY\SYSTEM

TargetUser: NT AUTHORITY\SYSTEM</Message>
      <Level>Information</Level>
      <Task>CreateRemoteThread detected (rule: CreateRemoteThread)</Task>
      <Opcode>Info</Opcode>
    </RenderingInfo>
  </Event>
  
"
Microsoft-Windows-Sysmon/Operational,,,WinDev2309Eval,,,,,,,,,,8,9517,,,,,,,0x8000000000000000,Information,,,"CreateRemoteThread detected:

RuleName: -

UtcTime: 2023-12-28 00:35:58.071

SourceProcessGuid: {fda94052-34eb-658d-0600-000000000b00}

SourceProcessId: 544

SourceImage: <unknown process>

TargetProcessGuid: {fda94052-b6dc-658c-1701-000000000b00}

TargetProcessId: 9520

TargetImage: C:\Program Files\Microsoft Update Health Tools\uhssvc.exe

NewThreadId: 5304

StartAddress: 0x00007FFC70566B40

StartModule: C:\Windows\System32\KERNELBASE.dll

StartFunction: CtrlRoutine

SourceUser: NT AUTHORITY\SYSTEM

TargetUser: NT AUTHORITY\SYSTEM",5304,Info,,,,,,,,7044,,,,,,,"
      ",-,,,<unknown process>,,,,,{fda94052-34eb-658d-0600-000000000b00},544,NT AUTHORITY\SYSTEM,0x00007FFC70566B40,CtrlRoutine,C:\Windows\System32\KERNELBASE.dll,,2023-12-28T00:35:58.2437805Z,,C:\Program Files\Microsoft Update Health Tools\uhssvc.exe,,{fda94052-b6dc-658c-1701-000000000b00},9520,NT AUTHORITY\SYSTEM,CreateRemoteThread detected (rule: CreateRemoteThread),,6672,,S-1-5-18,2023-12-28 00:35:58.071,2,"<Event xmlns=""http://schemas.microsoft.com/win/2004/08/events/event"">
    <System>
      <Provider Name=""Microsoft-Windows-Sysmon"" Guid=""{5770385f-c22a-43e0-bf4c-06f5698ffbd9}""/>
      <EventID>8</EventID>
      <Version>2</Version>
      <Level>4</Level>
      <Task>8</Task>
      <Opcode>0</Opcode>
      <Keywords>0x8000000000000000</Keywords>
      <TimeCreated SystemTime=""2023-12-28T00:35:58.2437805Z""/>
      <EventRecordID>9517</EventRecordID>
      <Correlation/>
      <Execution ProcessID=""7044"" ThreadID=""6672""/>
      <Channel>Microsoft-Windows-Sysmon/Operational</Channel>
      <Computer>WinDev2309Eval</Computer>
      <Security UserID=""S-1-5-18""/>
    </System>
    <EventData>
      <Data Name=""RuleName"">-</Data>
      <Data Name=""UtcTime"">2023-12-28 00:35:58.071</Data>
      <Data Name=""SourceProcessGuid"">{fda94052-34eb-658d-0600-000000000b00}</Data>
      <Data Name=""SourceProcessId"">544</Data>
      <Data Name=""SourceImage"">&lt;unknown process&gt;</Data>
      <Data Name=""TargetProcessGuid"">{fda94052-b6dc-658c-1701-000000000b00}</Data>
      <Data Name=""TargetProcessId"">9520</Data>
      <Data Name=""TargetImage"">C:\Program Files\Microsoft Update Health Tools\uhssvc.exe</Data>
      <Data Name=""NewThreadId"">5304</Data>
      <Data Name=""StartAddress"">0x00007FFC70566B40</Data>
      <Data Name=""StartModule"">C:\Windows\System32\KERNELBASE.dll</Data>
      <Data Name=""StartFunction"">CtrlRoutine</Data>
      <Data Name=""SourceUser"">NT AUTHORITY\SYSTEM</Data>
      <Data Name=""TargetUser"">NT AUTHORITY\SYSTEM</Data>
    </EventData>
    <RenderingInfo Culture=""en-US"">
      <Message>CreateRemoteThread detected:

RuleName: -

UtcTime: 2023-12-28 00:35:58.071

SourceProcessGuid: {fda94052-34eb-658d-0600-000000000b00}

SourceProcessId: 544

SourceImage: &lt;unknown process&gt;

TargetProcessGuid: {fda94052-b6dc-658c-1701-000000000b00}

TargetProcessId: 9520

TargetImage: C:\Program Files\Microsoft Update Health Tools\uhssvc.exe

NewThreadId: 5304

StartAddress: 0x00007FFC70566B40

StartModule: C:\Windows\System32\KERNELBASE.dll

StartFunction: CtrlRoutine

SourceUser: NT AUTHORITY\SYSTEM

TargetUser: NT AUTHORITY\SYSTEM</Message>
      <Level>Information</Level>
      <Task>CreateRemoteThread detected (rule: CreateRemoteThread)</Task>
      <Opcode>Info</Opcode>
    </RenderingInfo>
  </Event>
  
"
Microsoft-Windows-Sysmon/Operational,,,WinDev2309Eval,,,,,,,,,,8,9516,,,,,,,0x8000000000000000,Information,,,"CreateRemoteThread detected:

RuleName: -

UtcTime: 2023-12-28 00:35:58.071

SourceProcessGuid: {fda94052-34eb-658d-0600-000000000b00}

SourceProcessId: 544

SourceImage: <unknown process>

TargetProcessGuid: {fda94052-b8d6-658c-3d02-000000000b00}

TargetProcessId: 5728

TargetImage: C:\Windows\System32\svchost.exe

NewThreadId: 1996

StartAddress: 0x00007FFC70566B40

StartModule: C:\Windows\System32\KERNELBASE.dll

StartFunction: CtrlRoutine

SourceUser: NT AUTHORITY\SYSTEM

TargetUser: NT AUTHORITY\SYSTEM",1996,Info,,,,,,,,7044,,,,,,,"
      ",-,,,<unknown process>,,,,,{fda94052-34eb-658d-0600-000000000b00},544,NT AUTHORITY\SYSTEM,0x00007FFC70566B40,CtrlRoutine,C:\Windows\System32\KERNELBASE.dll,,2023-12-28T00:35:58.2216227Z,,C:\Windows\System32\svchost.exe,,{fda94052-b8d6-658c-3d02-000000000b00},5728,NT AUTHORITY\SYSTEM,CreateRemoteThread detected (rule: CreateRemoteThread),,6672,,S-1-5-18,2023-12-28 00:35:58.071,2,"<Event xmlns=""http://schemas.microsoft.com/win/2004/08/events/event"">
    <System>
      <Provider Name=""Microsoft-Windows-Sysmon"" Guid=""{5770385f-c22a-43e0-bf4c-06f5698ffbd9}""/>
      <EventID>8</EventID>
      <Version>2</Version>
      <Level>4</Level>
      <Task>8</Task>
      <Opcode>0</Opcode>
      <Keywords>0x8000000000000000</Keywords>
      <TimeCreated SystemTime=""2023-12-28T00:35:58.2216227Z""/>
      <EventRecordID>9516</EventRecordID>
      <Correlation/>
      <Execution ProcessID=""7044"" ThreadID=""6672""/>
      <Channel>Microsoft-Windows-Sysmon/Operational</Channel>
      <Computer>WinDev2309Eval</Computer>
      <Security UserID=""S-1-5-18""/>
    </System>
    <EventData>
      <Data Name=""RuleName"">-</Data>
      <Data Name=""UtcTime"">2023-12-28 00:35:58.071</Data>
      <Data Name=""SourceProcessGuid"">{fda94052-34eb-658d-0600-000000000b00}</Data>
      <Data Name=""SourceProcessId"">544</Data>
      <Data Name=""SourceImage"">&lt;unknown process&gt;</Data>
      <Data Name=""TargetProcessGuid"">{fda94052-b8d6-658c-3d02-000000000b00}</Data>
      <Data Name=""TargetProcessId"">5728</Data>
      <Data Name=""TargetImage"">C:\Windows\System32\svchost.exe</Data>
      <Data Name=""NewThreadId"">1996</Data>
      <Data Name=""StartAddress"">0x00007FFC70566B40</Data>
      <Data Name=""StartModule"">C:\Windows\System32\KERNELBASE.dll</Data>
      <Data Name=""StartFunction"">CtrlRoutine</Data>
      <Data Name=""SourceUser"">NT AUTHORITY\SYSTEM</Data>
      <Data Name=""TargetUser"">NT AUTHORITY\SYSTEM</Data>
    </EventData>
    <RenderingInfo Culture=""en-US"">
      <Message>CreateRemoteThread detected:

RuleName: -

UtcTime: 2023-12-28 00:35:58.071

SourceProcessGuid: {fda94052-34eb-658d-0600-000000000b00}

SourceProcessId: 544

SourceImage: &lt;unknown process&gt;

TargetProcessGuid: {fda94052-b8d6-658c-3d02-000000000b00}

TargetProcessId: 5728

TargetImage: C:\Windows\System32\svchost.exe

NewThreadId: 1996

StartAddress: 0x00007FFC70566B40

StartModule: C:\Windows\System32\KERNELBASE.dll

StartFunction: CtrlRoutine

SourceUser: NT AUTHORITY\SYSTEM

TargetUser: NT AUTHORITY\SYSTEM</Message>
      <Level>Information</Level>
      <Task>CreateRemoteThread detected (rule: CreateRemoteThread)</Task>
      <Opcode>Info</Opcode>
    </RenderingInfo>
  </Event>
  
"
Microsoft-Windows-Sysmon/Operational,,,WinDev2309Eval,,,,,,,,,,8,9515,,,,,,,0x8000000000000000,Information,,,"CreateRemoteThread detected:

RuleName: -

UtcTime: 2023-12-28 00:35:58.056

SourceProcessGuid: {fda94052-34eb-658d-0600-000000000b00}

SourceProcessId: 544

SourceImage: <unknown process>

TargetProcessGuid: {fda94052-34f3-658d-5800-000000000b00}

TargetProcessId: 3800

TargetImage: C:\ProgramData\Microsoft\Windows Defender\Platform\4.18.23080.2006-0\MsMpEng.exe

NewThreadId: 4340

StartAddress: 0x00007FFC70566B40

StartModule: C:\Windows\SYSTEM32\KERNELBASE.dll

StartFunction: CtrlRoutine

SourceUser: NT AUTHORITY\SYSTEM

TargetUser: NT AUTHORITY\SYSTEM",4340,Info,,,,,,,,7044,,,,,,,"
      ",-,,,<unknown process>,,,,,{fda94052-34eb-658d-0600-000000000b00},544,NT AUTHORITY\SYSTEM,0x00007FFC70566B40,CtrlRoutine,C:\Windows\SYSTEM32\KERNELBASE.dll,,2023-12-28T00:35:58.2214000Z,,C:\ProgramData\Microsoft\Windows Defender\Platform\4.18.23080.2006-0\MsMpEng.exe,,{fda94052-34f3-658d-5800-000000000b00},3800,NT AUTHORITY\SYSTEM,CreateRemoteThread detected (rule: CreateRemoteThread),,6672,,S-1-5-18,2023-12-28 00:35:58.056,2,"<Event xmlns=""http://schemas.microsoft.com/win/2004/08/events/event"">
    <System>
      <Provider Name=""Microsoft-Windows-Sysmon"" Guid=""{5770385f-c22a-43e0-bf4c-06f5698ffbd9}""/>
      <EventID>8</EventID>
      <Version>2</Version>
      <Level>4</Level>
      <Task>8</Task>
      <Opcode>0</Opcode>
      <Keywords>0x8000000000000000</Keywords>
      <TimeCreated SystemTime=""2023-12-28T00:35:58.2214000Z""/>
      <EventRecordID>9515</EventRecordID>
      <Correlation/>
      <Execution ProcessID=""7044"" ThreadID=""6672""/>
      <Channel>Microsoft-Windows-Sysmon/Operational</Channel>
      <Computer>WinDev2309Eval</Computer>
      <Security UserID=""S-1-5-18""/>
    </System>
    <EventData>
      <Data Name=""RuleName"">-</Data>
      <Data Name=""UtcTime"">2023-12-28 00:35:58.056</Data>
      <Data Name=""SourceProcessGuid"">{fda94052-34eb-658d-0600-000000000b00}</Data>
      <Data Name=""SourceProcessId"">544</Data>
      <Data Name=""SourceImage"">&lt;unknown process&gt;</Data>
      <Data Name=""TargetProcessGuid"">{fda94052-34f3-658d-5800-000000000b00}</Data>
      <Data Name=""TargetProcessId"">3800</Data>
      <Data Name=""TargetImage"">C:\ProgramData\Microsoft\Windows Defender\Platform\4.18.23080.2006-0\MsMpEng.exe</Data>
      <Data Name=""NewThreadId"">4340</Data>
      <Data Name=""StartAddress"">0x00007FFC70566B40</Data>
      <Data Name=""StartModule"">C:\Windows\SYSTEM32\KERNELBASE.dll</Data>
      <Data Name=""StartFunction"">CtrlRoutine</Data>
      <Data Name=""SourceUser"">NT AUTHORITY\SYSTEM</Data>
      <Data Name=""TargetUser"">NT AUTHORITY\SYSTEM</Data>
    </EventData>
    <RenderingInfo Culture=""en-US"">
      <Message>CreateRemoteThread detected:

RuleName: -

UtcTime: 2023-12-28 00:35:58.056

SourceProcessGuid: {fda94052-34eb-658d-0600-000000000b00}

SourceProcessId: 544

SourceImage: &lt;unknown process&gt;

TargetProcessGuid: {fda94052-34f3-658d-5800-000000000b00}

TargetProcessId: 3800

TargetImage: C:\ProgramData\Microsoft\Windows Defender\Platform\4.18.23080.2006-0\MsMpEng.exe

NewThreadId: 4340

StartAddress: 0x00007FFC70566B40

StartModule: C:\Windows\SYSTEM32\KERNELBASE.dll

StartFunction: CtrlRoutine

SourceUser: NT AUTHORITY\SYSTEM

TargetUser: NT AUTHORITY\SYSTEM</Message>
      <Level>Information</Level>
      <Task>CreateRemoteThread detected (rule: CreateRemoteThread)</Task>
      <Opcode>Info</Opcode>
    </RenderingInfo>
  </Event>
  
"
Microsoft-Windows-Sysmon/Operational,,,WinDev2309Eval,,,,,,,,,,8,9514,,,,,,,0x8000000000000000,Information,,,"CreateRemoteThread detected:

RuleName: -

UtcTime: 2023-12-28 00:35:58.056

SourceProcessGuid: {fda94052-34eb-658d-0600-000000000b00}

SourceProcessId: 544

SourceImage: <unknown process>

TargetProcessGuid: {fda94052-34f3-658d-5900-000000000b00}

TargetProcessId: 3820

TargetImage: C:\Windows\system32\svchost.exe

NewThreadId: 3572

StartAddress: 0x00007FFC70566B40

StartModule: C:\Windows\System32\KERNELBASE.dll

StartFunction: CtrlRoutine

SourceUser: NT AUTHORITY\SYSTEM

TargetUser: NT AUTHORITY\SYSTEM",3572,Info,,,,,,,,7044,,,,,,,"
      ",-,,,<unknown process>,,,,,{fda94052-34eb-658d-0600-000000000b00},544,NT AUTHORITY\SYSTEM,0x00007FFC70566B40,CtrlRoutine,C:\Windows\System32\KERNELBASE.dll,,2023-12-28T00:35:58.2160390Z,,C:\Windows\system32\svchost.exe,,{fda94052-34f3-658d-5900-000000000b00},3820,NT AUTHORITY\SYSTEM,CreateRemoteThread detected (rule: CreateRemoteThread),,6672,,S-1-5-18,2023-12-28 00:35:58.056,2,"<Event xmlns=""http://schemas.microsoft.com/win/2004/08/events/event"">
    <System>
      <Provider Name=""Microsoft-Windows-Sysmon"" Guid=""{5770385f-c22a-43e0-bf4c-06f5698ffbd9}""/>
      <EventID>8</EventID>
      <Version>2</Version>
      <Level>4</Level>
      <Task>8</Task>
      <Opcode>0</Opcode>
      <Keywords>0x8000000000000000</Keywords>
      <TimeCreated SystemTime=""2023-12-28T00:35:58.2160390Z""/>
      <EventRecordID>9514</EventRecordID>
      <Correlation/>
      <Execution ProcessID=""7044"" ThreadID=""6672""/>
      <Channel>Microsoft-Windows-Sysmon/Operational</Channel>
      <Computer>WinDev2309Eval</Computer>
      <Security UserID=""S-1-5-18""/>
    </System>
    <EventData>
      <Data Name=""RuleName"">-</Data>
      <Data Name=""UtcTime"">2023-12-28 00:35:58.056</Data>
      <Data Name=""SourceProcessGuid"">{fda94052-34eb-658d-0600-000000000b00}</Data>
      <Data Name=""SourceProcessId"">544</Data>
      <Data Name=""SourceImage"">&lt;unknown process&gt;</Data>
      <Data Name=""TargetProcessGuid"">{fda94052-34f3-658d-5900-000000000b00}</Data>
      <Data Name=""TargetProcessId"">3820</Data>
      <Data Name=""TargetImage"">C:\Windows\system32\svchost.exe</Data>
      <Data Name=""NewThreadId"">3572</Data>
      <Data Name=""StartAddress"">0x00007FFC70566B40</Data>
      <Data Name=""StartModule"">C:\Windows\System32\KERNELBASE.dll</Data>
      <Data Name=""StartFunction"">CtrlRoutine</Data>
      <Data Name=""SourceUser"">NT AUTHORITY\SYSTEM</Data>
      <Data Name=""TargetUser"">NT AUTHORITY\SYSTEM</Data>
    </EventData>
    <RenderingInfo Culture=""en-US"">
      <Message>CreateRemoteThread detected:

RuleName: -

UtcTime: 2023-12-28 00:35:58.056

SourceProcessGuid: {fda94052-34eb-658d-0600-000000000b00}

SourceProcessId: 544

SourceImage: &lt;unknown process&gt;

TargetProcessGuid: {fda94052-34f3-658d-5900-000000000b00}

TargetProcessId: 3820

TargetImage: C:\Windows\system32\svchost.exe

NewThreadId: 3572

StartAddress: 0x00007FFC70566B40

StartModule: C:\Windows\System32\KERNELBASE.dll

StartFunction: CtrlRoutine

SourceUser: NT AUTHORITY\SYSTEM

TargetUser: NT AUTHORITY\SYSTEM</Message>
      <Level>Information</Level>
      <Task>CreateRemoteThread detected (rule: CreateRemoteThread)</Task>
      <Opcode>Info</Opcode>
    </RenderingInfo>
  </Event>
  
"
Microsoft-Windows-Sysmon/Operational,,,WinDev2309Eval,,,,,,,,,,8,9513,,,,,,,0x8000000000000000,Information,,,"CreateRemoteThread detected:

RuleName: -

UtcTime: 2023-12-28 00:35:58.056

SourceProcessGuid: {fda94052-34eb-658d-0600-000000000b00}

SourceProcessId: 544

SourceImage: <unknown process>

TargetProcessGuid: {fda94052-34f4-658d-6500-000000000b00}

TargetProcessId: 4656

TargetImage: C:\Windows\system32\wbem\wmiprvse.exe

NewThreadId: 3964

StartAddress: 0x00007FFC70566B40

StartModule: C:\Windows\System32\KERNELBASE.dll

StartFunction: CtrlRoutine

SourceUser: NT AUTHORITY\SYSTEM

TargetUser: NT AUTHORITY\NETWORK SERVICE",3964,Info,,,,,,,,7044,,,,,,,"
      ",-,,,<unknown process>,,,,,{fda94052-34eb-658d-0600-000000000b00},544,NT AUTHORITY\SYSTEM,0x00007FFC70566B40,CtrlRoutine,C:\Windows\System32\KERNELBASE.dll,,2023-12-28T00:35:58.2147774Z,,C:\Windows\system32\wbem\wmiprvse.exe,,{fda94052-34f4-658d-6500-000000000b00},4656,NT AUTHORITY\NETWORK SERVICE,CreateRemoteThread detected (rule: CreateRemoteThread),,6672,,S-1-5-18,2023-12-28 00:35:58.056,2,"<Event xmlns=""http://schemas.microsoft.com/win/2004/08/events/event"">
    <System>
      <Provider Name=""Microsoft-Windows-Sysmon"" Guid=""{5770385f-c22a-43e0-bf4c-06f5698ffbd9}""/>
      <EventID>8</EventID>
      <Version>2</Version>
      <Level>4</Level>
      <Task>8</Task>
      <Opcode>0</Opcode>
      <Keywords>0x8000000000000000</Keywords>
      <TimeCreated SystemTime=""2023-12-28T00:35:58.2147774Z""/>
      <EventRecordID>9513</EventRecordID>
      <Correlation/>
      <Execution ProcessID=""7044"" ThreadID=""6672""/>
      <Channel>Microsoft-Windows-Sysmon/Operational</Channel>
      <Computer>WinDev2309Eval</Computer>
      <Security UserID=""S-1-5-18""/>
    </System>
    <EventData>
      <Data Name=""RuleName"">-</Data>
      <Data Name=""UtcTime"">2023-12-28 00:35:58.056</Data>
      <Data Name=""SourceProcessGuid"">{fda94052-34eb-658d-0600-000000000b00}</Data>
      <Data Name=""SourceProcessId"">544</Data>
      <Data Name=""SourceImage"">&lt;unknown process&gt;</Data>
      <Data Name=""TargetProcessGuid"">{fda94052-34f4-658d-6500-000000000b00}</Data>
      <Data Name=""TargetProcessId"">4656</Data>
      <Data Name=""TargetImage"">C:\Windows\system32\wbem\wmiprvse.exe</Data>
      <Data Name=""NewThreadId"">3964</Data>
      <Data Name=""StartAddress"">0x00007FFC70566B40</Data>
      <Data Name=""StartModule"">C:\Windows\System32\KERNELBASE.dll</Data>
      <Data Name=""StartFunction"">CtrlRoutine</Data>
      <Data Name=""SourceUser"">NT AUTHORITY\SYSTEM</Data>
      <Data Name=""TargetUser"">NT AUTHORITY\NETWORK SERVICE</Data>
    </EventData>
    <RenderingInfo Culture=""en-US"">
      <Message>CreateRemoteThread detected:

RuleName: -

UtcTime: 2023-12-28 00:35:58.056

SourceProcessGuid: {fda94052-34eb-658d-0600-000000000b00}

SourceProcessId: 544

SourceImage: &lt;unknown process&gt;

TargetProcessGuid: {fda94052-34f4-658d-6500-000000000b00}

TargetProcessId: 4656

TargetImage: C:\Windows\system32\wbem\wmiprvse.exe

NewThreadId: 3964

StartAddress: 0x00007FFC70566B40

StartModule: C:\Windows\System32\KERNELBASE.dll

StartFunction: CtrlRoutine

SourceUser: NT AUTHORITY\SYSTEM

TargetUser: NT AUTHORITY\NETWORK SERVICE</Message>
      <Level>Information</Level>
      <Task>CreateRemoteThread detected (rule: CreateRemoteThread)</Task>
      <Opcode>Info</Opcode>
    </RenderingInfo>
  </Event>
  
"
Microsoft-Windows-Sysmon/Operational,,,WinDev2309Eval,,,,,,,,,,8,9512,,,,,,,0x8000000000000000,Information,,,"CreateRemoteThread detected:

RuleName: -

UtcTime: 2023-12-28 00:35:58.056

SourceProcessGuid: {fda94052-34eb-658d-0600-000000000b00}

SourceProcessId: 544

SourceImage: <unknown process>

TargetProcessGuid: {fda94052-34f4-658d-6400-000000000b00}

TargetProcessId: 4556

TargetImage: C:\Windows\system32\dllhost.exe

NewThreadId: 3212

StartAddress: 0x00007FFC70566B40

StartModule: C:\Windows\System32\KERNELBASE.dll

StartFunction: CtrlRoutine

SourceUser: NT AUTHORITY\SYSTEM

TargetUser: NT AUTHORITY\SYSTEM",3212,Info,,,,,,,,7044,,,,,,,"
      ",-,,,<unknown process>,,,,,{fda94052-34eb-658d-0600-000000000b00},544,NT AUTHORITY\SYSTEM,0x00007FFC70566B40,CtrlRoutine,C:\Windows\System32\KERNELBASE.dll,,2023-12-28T00:35:58.2136630Z,,C:\Windows\system32\dllhost.exe,,{fda94052-34f4-658d-6400-000000000b00},4556,NT AUTHORITY\SYSTEM,CreateRemoteThread detected (rule: CreateRemoteThread),,6672,,S-1-5-18,2023-12-28 00:35:58.056,2,"<Event xmlns=""http://schemas.microsoft.com/win/2004/08/events/event"">
    <System>
      <Provider Name=""Microsoft-Windows-Sysmon"" Guid=""{5770385f-c22a-43e0-bf4c-06f5698ffbd9}""/>
      <EventID>8</EventID>
      <Version>2</Version>
      <Level>4</Level>
      <Task>8</Task>
      <Opcode>0</Opcode>
      <Keywords>0x8000000000000000</Keywords>
      <TimeCreated SystemTime=""2023-12-28T00:35:58.2136630Z""/>
      <EventRecordID>9512</EventRecordID>
      <Correlation/>
      <Execution ProcessID=""7044"" ThreadID=""6672""/>
      <Channel>Microsoft-Windows-Sysmon/Operational</Channel>
      <Computer>WinDev2309Eval</Computer>
      <Security UserID=""S-1-5-18""/>
    </System>
    <EventData>
      <Data Name=""RuleName"">-</Data>
      <Data Name=""UtcTime"">2023-12-28 00:35:58.056</Data>
      <Data Name=""SourceProcessGuid"">{fda94052-34eb-658d-0600-000000000b00}</Data>
      <Data Name=""SourceProcessId"">544</Data>
      <Data Name=""SourceImage"">&lt;unknown process&gt;</Data>
      <Data Name=""TargetProcessGuid"">{fda94052-34f4-658d-6400-000000000b00}</Data>
      <Data Name=""TargetProcessId"">4556</Data>
      <Data Name=""TargetImage"">C:\Windows\system32\dllhost.exe</Data>
      <Data Name=""NewThreadId"">3212</Data>
      <Data Name=""StartAddress"">0x00007FFC70566B40</Data>
      <Data Name=""StartModule"">C:\Windows\System32\KERNELBASE.dll</Data>
      <Data Name=""StartFunction"">CtrlRoutine</Data>
      <Data Name=""SourceUser"">NT AUTHORITY\SYSTEM</Data>
      <Data Name=""TargetUser"">NT AUTHORITY\SYSTEM</Data>
    </EventData>
    <RenderingInfo Culture=""en-US"">
      <Message>CreateRemoteThread detected:

RuleName: -

UtcTime: 2023-12-28 00:35:58.056

SourceProcessGuid: {fda94052-34eb-658d-0600-000000000b00}

SourceProcessId: 544

SourceImage: &lt;unknown process&gt;

TargetProcessGuid: {fda94052-34f4-658d-6400-000000000b00}

TargetProcessId: 4556

TargetImage: C:\Windows\system32\dllhost.exe

NewThreadId: 3212

StartAddress: 0x00007FFC70566B40

StartModule: C:\Windows\System32\KERNELBASE.dll

StartFunction: CtrlRoutine

SourceUser: NT AUTHORITY\SYSTEM

TargetUser: NT AUTHORITY\SYSTEM</Message>
      <Level>Information</Level>
      <Task>CreateRemoteThread detected (rule: CreateRemoteThread)</Task>
      <Opcode>Info</Opcode>
    </RenderingInfo>
  </Event>
  
"
Microsoft-Windows-Sysmon/Operational,,,WinDev2309Eval,,,,,,,,,,8,9511,,,,,,,0x8000000000000000,Information,,,"CreateRemoteThread detected:

RuleName: -

UtcTime: 2023-12-28 00:35:58.056

SourceProcessGuid: {fda94052-34eb-658d-0600-000000000b00}

SourceProcessId: 544

SourceImage: <unknown process>

TargetProcessGuid: {fda94052-34f3-658d-5500-000000000b00}

TargetProcessId: 3752

TargetImage: C:\Windows\system32\vm3dservice.exe

NewThreadId: 4300

StartAddress: 0x00007FFC70566B40

StartModule: C:\Windows\System32\KERNELBASE.dll

StartFunction: CtrlRoutine

SourceUser: NT AUTHORITY\SYSTEM

TargetUser: NT AUTHORITY\SYSTEM",4300,Info,,,,,,,,7044,,,,,,,"
      ",-,,,<unknown process>,,,,,{fda94052-34eb-658d-0600-000000000b00},544,NT AUTHORITY\SYSTEM,0x00007FFC70566B40,CtrlRoutine,C:\Windows\System32\KERNELBASE.dll,,2023-12-28T00:35:58.2124653Z,,C:\Windows\system32\vm3dservice.exe,,{fda94052-34f3-658d-5500-000000000b00},3752,NT AUTHORITY\SYSTEM,CreateRemoteThread detected (rule: CreateRemoteThread),,6672,,S-1-5-18,2023-12-28 00:35:58.056,2,"<Event xmlns=""http://schemas.microsoft.com/win/2004/08/events/event"">
    <System>
      <Provider Name=""Microsoft-Windows-Sysmon"" Guid=""{5770385f-c22a-43e0-bf4c-06f5698ffbd9}""/>
      <EventID>8</EventID>
      <Version>2</Version>
      <Level>4</Level>
      <Task>8</Task>
      <Opcode>0</Opcode>
      <Keywords>0x8000000000000000</Keywords>
      <TimeCreated SystemTime=""2023-12-28T00:35:58.2124653Z""/>
      <EventRecordID>9511</EventRecordID>
      <Correlation/>
      <Execution ProcessID=""7044"" ThreadID=""6672""/>
      <Channel>Microsoft-Windows-Sysmon/Operational</Channel>
      <Computer>WinDev2309Eval</Computer>
      <Security UserID=""S-1-5-18""/>
    </System>
    <EventData>
      <Data Name=""RuleName"">-</Data>
      <Data Name=""UtcTime"">2023-12-28 00:35:58.056</Data>
      <Data Name=""SourceProcessGuid"">{fda94052-34eb-658d-0600-000000000b00}</Data>
      <Data Name=""SourceProcessId"">544</Data>
      <Data Name=""SourceImage"">&lt;unknown process&gt;</Data>
      <Data Name=""TargetProcessGuid"">{fda94052-34f3-658d-5500-000000000b00}</Data>
      <Data Name=""TargetProcessId"">3752</Data>
      <Data Name=""TargetImage"">C:\Windows\system32\vm3dservice.exe</Data>
      <Data Name=""NewThreadId"">4300</Data>
      <Data Name=""StartAddress"">0x00007FFC70566B40</Data>
      <Data Name=""StartModule"">C:\Windows\System32\KERNELBASE.dll</Data>
      <Data Name=""StartFunction"">CtrlRoutine</Data>
      <Data Name=""SourceUser"">NT AUTHORITY\SYSTEM</Data>
      <Data Name=""TargetUser"">NT AUTHORITY\SYSTEM</Data>
    </EventData>
    <RenderingInfo Culture=""en-US"">
      <Message>CreateRemoteThread detected:

RuleName: -

UtcTime: 2023-12-28 00:35:58.056

SourceProcessGuid: {fda94052-34eb-658d-0600-000000000b00}

SourceProcessId: 544

SourceImage: &lt;unknown process&gt;

TargetProcessGuid: {fda94052-34f3-658d-5500-000000000b00}

TargetProcessId: 3752

TargetImage: C:\Windows\system32\vm3dservice.exe

NewThreadId: 4300

StartAddress: 0x00007FFC70566B40

StartModule: C:\Windows\System32\KERNELBASE.dll

StartFunction: CtrlRoutine

SourceUser: NT AUTHORITY\SYSTEM

TargetUser: NT AUTHORITY\SYSTEM</Message>
      <Level>Information</Level>
      <Task>CreateRemoteThread detected (rule: CreateRemoteThread)</Task>
      <Opcode>Info</Opcode>
    </RenderingInfo>
  </Event>
  
"
Microsoft-Windows-Sysmon/Operational,,,WinDev2309Eval,,,,,,,,,,8,9510,,,,,,,0x8000000000000000,Information,,,"CreateRemoteThread detected:

RuleName: -

UtcTime: 2023-12-28 00:35:58.056

SourceProcessGuid: {fda94052-34eb-658d-0600-000000000b00}

SourceProcessId: 544

SourceImage: <unknown process>

TargetProcessGuid: {fda94052-34f4-658d-6800-000000000b00}

TargetProcessId: 4816

TargetImage: C:\Windows\System32\msdtc.exe

NewThreadId: 7196

StartAddress: 0x00007FFC70566B40

StartModule: C:\Windows\System32\KERNELBASE.dll

StartFunction: CtrlRoutine

SourceUser: NT AUTHORITY\SYSTEM

TargetUser: NT AUTHORITY\NETWORK SERVICE",7196,Info,,,,,,,,7044,,,,,,,"
      ",-,,,<unknown process>,,,,,{fda94052-34eb-658d-0600-000000000b00},544,NT AUTHORITY\SYSTEM,0x00007FFC70566B40,CtrlRoutine,C:\Windows\System32\KERNELBASE.dll,,2023-12-28T00:35:58.1825045Z,,C:\Windows\System32\msdtc.exe,,{fda94052-34f4-658d-6800-000000000b00},4816,NT AUTHORITY\NETWORK SERVICE,CreateRemoteThread detected (rule: CreateRemoteThread),,6672,,S-1-5-18,2023-12-28 00:35:58.056,2,"<Event xmlns=""http://schemas.microsoft.com/win/2004/08/events/event"">
    <System>
      <Provider Name=""Microsoft-Windows-Sysmon"" Guid=""{5770385f-c22a-43e0-bf4c-06f5698ffbd9}""/>
      <EventID>8</EventID>
      <Version>2</Version>
      <Level>4</Level>
      <Task>8</Task>
      <Opcode>0</Opcode>
      <Keywords>0x8000000000000000</Keywords>
      <TimeCreated SystemTime=""2023-12-28T00:35:58.1825045Z""/>
      <EventRecordID>9510</EventRecordID>
      <Correlation/>
      <Execution ProcessID=""7044"" ThreadID=""6672""/>
      <Channel>Microsoft-Windows-Sysmon/Operational</Channel>
      <Computer>WinDev2309Eval</Computer>
      <Security UserID=""S-1-5-18""/>
    </System>
    <EventData>
      <Data Name=""RuleName"">-</Data>
      <Data Name=""UtcTime"">2023-12-28 00:35:58.056</Data>
      <Data Name=""SourceProcessGuid"">{fda94052-34eb-658d-0600-000000000b00}</Data>
      <Data Name=""SourceProcessId"">544</Data>
      <Data Name=""SourceImage"">&lt;unknown process&gt;</Data>
      <Data Name=""TargetProcessGuid"">{fda94052-34f4-658d-6800-000000000b00}</Data>
      <Data Name=""TargetProcessId"">4816</Data>
      <Data Name=""TargetImage"">C:\Windows\System32\msdtc.exe</Data>
      <Data Name=""NewThreadId"">7196</Data>
      <Data Name=""StartAddress"">0x00007FFC70566B40</Data>
      <Data Name=""StartModule"">C:\Windows\System32\KERNELBASE.dll</Data>
      <Data Name=""StartFunction"">CtrlRoutine</Data>
      <Data Name=""SourceUser"">NT AUTHORITY\SYSTEM</Data>
      <Data Name=""TargetUser"">NT AUTHORITY\NETWORK SERVICE</Data>
    </EventData>
    <RenderingInfo Culture=""en-US"">
      <Message>CreateRemoteThread detected:

RuleName: -

UtcTime: 2023-12-28 00:35:58.056

SourceProcessGuid: {fda94052-34eb-658d-0600-000000000b00}

SourceProcessId: 544

SourceImage: &lt;unknown process&gt;

TargetProcessGuid: {fda94052-34f4-658d-6800-000000000b00}

TargetProcessId: 4816

TargetImage: C:\Windows\System32\msdtc.exe

NewThreadId: 7196

StartAddress: 0x00007FFC70566B40

StartModule: C:\Windows\System32\KERNELBASE.dll

StartFunction: CtrlRoutine

SourceUser: NT AUTHORITY\SYSTEM

TargetUser: NT AUTHORITY\NETWORK SERVICE</Message>
      <Level>Information</Level>
      <Task>CreateRemoteThread detected (rule: CreateRemoteThread)</Task>
      <Opcode>Info</Opcode>
    </RenderingInfo>
  </Event>
  
"
Microsoft-Windows-Sysmon/Operational,,,WinDev2309Eval,,,,,,,,,,8,9509,,,,,,,0x8000000000000000,Information,,,"CreateRemoteThread detected:

RuleName: -

UtcTime: 2023-12-28 00:35:58.056

SourceProcessGuid: {fda94052-34eb-658d-0600-000000000b00}

SourceProcessId: 544

SourceImage: <unknown process>

TargetProcessGuid: {fda94052-34f2-658d-2700-000000000b00}

TargetProcessId: 1900

TargetImage: C:\Windows\system32\svchost.exe

NewThreadId: 7600

StartAddress: 0x00007FFC70566B40

StartModule: C:\Windows\System32\KERNELBASE.dll

StartFunction: CtrlRoutine

SourceUser: NT AUTHORITY\SYSTEM

TargetUser: NT AUTHORITY\SYSTEM",7600,Info,,,,,,,,7044,,,,,,,"
      ",-,,,<unknown process>,,,,,{fda94052-34eb-658d-0600-000000000b00},544,NT AUTHORITY\SYSTEM,0x00007FFC70566B40,CtrlRoutine,C:\Windows\System32\KERNELBASE.dll,,2023-12-28T00:35:58.1814982Z,,C:\Windows\system32\svchost.exe,,{fda94052-34f2-658d-2700-000000000b00},1900,NT AUTHORITY\SYSTEM,CreateRemoteThread detected (rule: CreateRemoteThread),,6672,,S-1-5-18,2023-12-28 00:35:58.056,2,"<Event xmlns=""http://schemas.microsoft.com/win/2004/08/events/event"">
    <System>
      <Provider Name=""Microsoft-Windows-Sysmon"" Guid=""{5770385f-c22a-43e0-bf4c-06f5698ffbd9}""/>
      <EventID>8</EventID>
      <Version>2</Version>
      <Level>4</Level>
      <Task>8</Task>
      <Opcode>0</Opcode>
      <Keywords>0x8000000000000000</Keywords>
      <TimeCreated SystemTime=""2023-12-28T00:35:58.1814982Z""/>
      <EventRecordID>9509</EventRecordID>
      <Correlation/>
      <Execution ProcessID=""7044"" ThreadID=""6672""/>
      <Channel>Microsoft-Windows-Sysmon/Operational</Channel>
      <Computer>WinDev2309Eval</Computer>
      <Security UserID=""S-1-5-18""/>
    </System>
    <EventData>
      <Data Name=""RuleName"">-</Data>
      <Data Name=""UtcTime"">2023-12-28 00:35:58.056</Data>
      <Data Name=""SourceProcessGuid"">{fda94052-34eb-658d-0600-000000000b00}</Data>
      <Data Name=""SourceProcessId"">544</Data>
      <Data Name=""SourceImage"">&lt;unknown process&gt;</Data>
      <Data Name=""TargetProcessGuid"">{fda94052-34f2-658d-2700-000000000b00}</Data>
      <Data Name=""TargetProcessId"">1900</Data>
      <Data Name=""TargetImage"">C:\Windows\system32\svchost.exe</Data>
      <Data Name=""NewThreadId"">7600</Data>
      <Data Name=""StartAddress"">0x00007FFC70566B40</Data>
      <Data Name=""StartModule"">C:\Windows\System32\KERNELBASE.dll</Data>
      <Data Name=""StartFunction"">CtrlRoutine</Data>
      <Data Name=""SourceUser"">NT AUTHORITY\SYSTEM</Data>
      <Data Name=""TargetUser"">NT AUTHORITY\SYSTEM</Data>
    </EventData>
    <RenderingInfo Culture=""en-US"">
      <Message>CreateRemoteThread detected:

RuleName: -

UtcTime: 2023-12-28 00:35:58.056

SourceProcessGuid: {fda94052-34eb-658d-0600-000000000b00}

SourceProcessId: 544

SourceImage: &lt;unknown process&gt;

TargetProcessGuid: {fda94052-34f2-658d-2700-000000000b00}

TargetProcessId: 1900

TargetImage: C:\Windows\system32\svchost.exe

NewThreadId: 7600

StartAddress: 0x00007FFC70566B40

StartModule: C:\Windows\System32\KERNELBASE.dll

StartFunction: CtrlRoutine

SourceUser: NT AUTHORITY\SYSTEM

TargetUser: NT AUTHORITY\SYSTEM</Message>
      <Level>Information</Level>
      <Task>CreateRemoteThread detected (rule: CreateRemoteThread)</Task>
      <Opcode>Info</Opcode>
    </RenderingInfo>
  </Event>
  
"
Microsoft-Windows-Sysmon/Operational,,,WinDev2309Eval,,,,,,,,,,8,9508,,,,,,,0x8000000000000000,Information,,,"CreateRemoteThread detected:

RuleName: -

UtcTime: 2023-12-28 00:35:58.056

SourceProcessGuid: {fda94052-34eb-658d-0600-000000000b00}

SourceProcessId: 544

SourceImage: <unknown process>

TargetProcessGuid: {fda94052-34fa-658d-8a00-000000000b00}

TargetProcessId: 5868

TargetImage: C:\Windows\system32\svchost.exe

NewThreadId: 4864

StartAddress: 0x00007FFC70566B40

StartModule: C:\Windows\System32\KERNELBASE.dll

StartFunction: CtrlRoutine

SourceUser: NT AUTHORITY\SYSTEM

TargetUser: NT AUTHORITY\SYSTEM",4864,Info,,,,,,,,7044,,,,,,,"
      ",-,,,<unknown process>,,,,,{fda94052-34eb-658d-0600-000000000b00},544,NT AUTHORITY\SYSTEM,0x00007FFC70566B40,CtrlRoutine,C:\Windows\System32\KERNELBASE.dll,,2023-12-28T00:35:58.1801236Z,,C:\Windows\system32\svchost.exe,,{fda94052-34fa-658d-8a00-000000000b00},5868,NT AUTHORITY\SYSTEM,CreateRemoteThread detected (rule: CreateRemoteThread),,6672,,S-1-5-18,2023-12-28 00:35:58.056,2,"<Event xmlns=""http://schemas.microsoft.com/win/2004/08/events/event"">
    <System>
      <Provider Name=""Microsoft-Windows-Sysmon"" Guid=""{5770385f-c22a-43e0-bf4c-06f5698ffbd9}""/>
      <EventID>8</EventID>
      <Version>2</Version>
      <Level>4</Level>
      <Task>8</Task>
      <Opcode>0</Opcode>
      <Keywords>0x8000000000000000</Keywords>
      <TimeCreated SystemTime=""2023-12-28T00:35:58.1801236Z""/>
      <EventRecordID>9508</EventRecordID>
      <Correlation/>
      <Execution ProcessID=""7044"" ThreadID=""6672""/>
      <Channel>Microsoft-Windows-Sysmon/Operational</Channel>
      <Computer>WinDev2309Eval</Computer>
      <Security UserID=""S-1-5-18""/>
    </System>
    <EventData>
      <Data Name=""RuleName"">-</Data>
      <Data Name=""UtcTime"">2023-12-28 00:35:58.056</Data>
      <Data Name=""SourceProcessGuid"">{fda94052-34eb-658d-0600-000000000b00}</Data>
      <Data Name=""SourceProcessId"">544</Data>
      <Data Name=""SourceImage"">&lt;unknown process&gt;</Data>
      <Data Name=""TargetProcessGuid"">{fda94052-34fa-658d-8a00-000000000b00}</Data>
      <Data Name=""TargetProcessId"">5868</Data>
      <Data Name=""TargetImage"">C:\Windows\system32\svchost.exe</Data>
      <Data Name=""NewThreadId"">4864</Data>
      <Data Name=""StartAddress"">0x00007FFC70566B40</Data>
      <Data Name=""StartModule"">C:\Windows\System32\KERNELBASE.dll</Data>
      <Data Name=""StartFunction"">CtrlRoutine</Data>
      <Data Name=""SourceUser"">NT AUTHORITY\SYSTEM</Data>
      <Data Name=""TargetUser"">NT AUTHORITY\SYSTEM</Data>
    </EventData>
    <RenderingInfo Culture=""en-US"">
      <Message>CreateRemoteThread detected:

RuleName: -

UtcTime: 2023-12-28 00:35:58.056

SourceProcessGuid: {fda94052-34eb-658d-0600-000000000b00}

SourceProcessId: 544

SourceImage: &lt;unknown process&gt;

TargetProcessGuid: {fda94052-34fa-658d-8a00-000000000b00}

TargetProcessId: 5868

TargetImage: C:\Windows\system32\svchost.exe

NewThreadId: 4864

StartAddress: 0x00007FFC70566B40

StartModule: C:\Windows\System32\KERNELBASE.dll

StartFunction: CtrlRoutine

SourceUser: NT AUTHORITY\SYSTEM

TargetUser: NT AUTHORITY\SYSTEM</Message>
      <Level>Information</Level>
      <Task>CreateRemoteThread detected (rule: CreateRemoteThread)</Task>
      <Opcode>Info</Opcode>
    </RenderingInfo>
  </Event>
  
"
Microsoft-Windows-Sysmon/Operational,,,WinDev2309Eval,,,,,,,,,,8,9507,,,,,,,0x8000000000000000,Information,,,"CreateRemoteThread detected:

RuleName: -

UtcTime: 2023-12-28 00:35:58.056

SourceProcessGuid: {fda94052-34eb-658d-0600-000000000b00}

SourceProcessId: 544

SourceImage: <unknown process>

TargetProcessGuid: {fda94052-34f2-658d-2500-000000000b00}

TargetProcessId: 1884

TargetImage: C:\Windows\system32\svchost.exe

NewThreadId: 1964

StartAddress: 0x00007FFC70566B40

StartModule: C:\Windows\System32\KERNELBASE.dll

StartFunction: CtrlRoutine

SourceUser: NT AUTHORITY\SYSTEM

TargetUser: NT AUTHORITY\SYSTEM",1964,Info,,,,,,,,7044,,,,,,,"
      ",-,,,<unknown process>,,,,,{fda94052-34eb-658d-0600-000000000b00},544,NT AUTHORITY\SYSTEM,0x00007FFC70566B40,CtrlRoutine,C:\Windows\System32\KERNELBASE.dll,,2023-12-28T00:35:58.1779264Z,,C:\Windows\system32\svchost.exe,,{fda94052-34f2-658d-2500-000000000b00},1884,NT AUTHORITY\SYSTEM,CreateRemoteThread detected (rule: CreateRemoteThread),,6672,,S-1-5-18,2023-12-28 00:35:58.056,2,"<Event xmlns=""http://schemas.microsoft.com/win/2004/08/events/event"">
    <System>
      <Provider Name=""Microsoft-Windows-Sysmon"" Guid=""{5770385f-c22a-43e0-bf4c-06f5698ffbd9}""/>
      <EventID>8</EventID>
      <Version>2</Version>
      <Level>4</Level>
      <Task>8</Task>
      <Opcode>0</Opcode>
      <Keywords>0x8000000000000000</Keywords>
      <TimeCreated SystemTime=""2023-12-28T00:35:58.1779264Z""/>
      <EventRecordID>9507</EventRecordID>
      <Correlation/>
      <Execution ProcessID=""7044"" ThreadID=""6672""/>
      <Channel>Microsoft-Windows-Sysmon/Operational</Channel>
      <Computer>WinDev2309Eval</Computer>
      <Security UserID=""S-1-5-18""/>
    </System>
    <EventData>
      <Data Name=""RuleName"">-</Data>
      <Data Name=""UtcTime"">2023-12-28 00:35:58.056</Data>
      <Data Name=""SourceProcessGuid"">{fda94052-34eb-658d-0600-000000000b00}</Data>
      <Data Name=""SourceProcessId"">544</Data>
      <Data Name=""SourceImage"">&lt;unknown process&gt;</Data>
      <Data Name=""TargetProcessGuid"">{fda94052-34f2-658d-2500-000000000b00}</Data>
      <Data Name=""TargetProcessId"">1884</Data>
      <Data Name=""TargetImage"">C:\Windows\system32\svchost.exe</Data>
      <Data Name=""NewThreadId"">1964</Data>
      <Data Name=""StartAddress"">0x00007FFC70566B40</Data>
      <Data Name=""StartModule"">C:\Windows\System32\KERNELBASE.dll</Data>
      <Data Name=""StartFunction"">CtrlRoutine</Data>
      <Data Name=""SourceUser"">NT AUTHORITY\SYSTEM</Data>
      <Data Name=""TargetUser"">NT AUTHORITY\SYSTEM</Data>
    </EventData>
    <RenderingInfo Culture=""en-US"">
      <Message>CreateRemoteThread detected:

RuleName: -

UtcTime: 2023-12-28 00:35:58.056

SourceProcessGuid: {fda94052-34eb-658d-0600-000000000b00}

SourceProcessId: 544

SourceImage: &lt;unknown process&gt;

TargetProcessGuid: {fda94052-34f2-658d-2500-000000000b00}

TargetProcessId: 1884

TargetImage: C:\Windows\system32\svchost.exe

NewThreadId: 1964

StartAddress: 0x00007FFC70566B40

StartModule: C:\Windows\System32\KERNELBASE.dll

StartFunction: CtrlRoutine

SourceUser: NT AUTHORITY\SYSTEM

TargetUser: NT AUTHORITY\SYSTEM</Message>
      <Level>Information</Level>
      <Task>CreateRemoteThread detected (rule: CreateRemoteThread)</Task>
      <Opcode>Info</Opcode>
    </RenderingInfo>
  </Event>
  
"
