Microsoft-Windows-Sysmon/Operational,,,WinDev2309Eval,,,,,,,,,"""C:\Users\User\AppData\Local\Microsoft\OneDrive\OneDrive.exe"" /url:""%%1""",13,9806,SetValue,,,C:\Users\User\AppData\Local\Microsoft\OneDrive\OneDrive.exe,,,0x8000000000000000,Information,,,"Registry value set:

RuleName: T1042

EventType: SetValue

UtcTime: 2023-12-28 00:37:41.829

ProcessGuid: {fda94052-c354-658c-cf00-000000000c00}

ProcessId: 8712

Image: C:\Users\User\AppData\Local\Microsoft\OneDrive\OneDrive.exe

TargetObject: HKU\S-1-5-21-3832996301-1047793030-1114040027-1000_Classes\grvopen\shell\open\command\(Default)

Details: ""C:\Users\User\AppData\Local\Microsoft\OneDrive\OneDrive.exe"" /url:""Incorrect function. ""

User: WINDEV2309EVAL\User",,Info,,,,,,,{fda94052-c354-658c-cf00-000000000c00},3732,8712,,,,,,"
      ",T1042,,,,,,,,,,,,,,,2023-12-28T00:37:41.8434954Z,,,HKU\S-1-5-21-3832996301-1047793030-1114040027-1000_Classes\grvopen\shell\open\command\(Default),,,,Registry value set (rule: RegistryEvent),,4344,WINDEV2309EVAL\User,S-1-5-18,2023-12-28 00:37:41.829,2,"<Event xmlns=""http://schemas.microsoft.com/win/2004/08/events/event"">
    <System>
      <Provider Name=""Microsoft-Windows-Sysmon"" Guid=""{5770385f-c22a-43e0-bf4c-06f5698ffbd9}""/>
      <EventID>13</EventID>
      <Version>2</Version>
      <Level>4</Level>
      <Task>13</Task>
      <Opcode>0</Opcode>
      <Keywords>0x8000000000000000</Keywords>
      <TimeCreated SystemTime=""2023-12-28T00:37:41.8434954Z""/>
      <EventRecordID>9806</EventRecordID>
      <Correlation/>
      <Execution ProcessID=""3732"" ThreadID=""4344""/>
      <Channel>Microsoft-Windows-Sysmon/Operational</Channel>
      <Computer>WinDev2309Eval</Computer>
      <Security UserID=""S-1-5-18""/>
    </System>
    <EventData>
      <Data Name=""RuleName"">T1042</Data>
      <Data Name=""EventType"">SetValue</Data>
      <Data Name=""UtcTime"">2023-12-28 00:37:41.829</Data>
      <Data Name=""ProcessGuid"">{fda94052-c354-658c-cf00-000000000c00}</Data>
      <Data Name=""ProcessId"">8712</Data>
      <Data Name=""Image"">C:\Users\User\AppData\Local\Microsoft\OneDrive\OneDrive.exe</Data>
      <Data Name=""TargetObject"">HKU\S-1-5-21-3832996301-1047793030-1114040027-1000_Classes\grvopen\shell\open\command\(Default)</Data>
      <Data Name=""Details"">""C:\Users\User\AppData\Local\Microsoft\OneDrive\OneDrive.exe"" /url:""%%1""</Data>
      <Data Name=""User"">WINDEV2309EVAL\User</Data>
    </EventData>
    <RenderingInfo Culture=""en-US"">
      <Message>Registry value set:

RuleName: T1042

EventType: SetValue

UtcTime: 2023-12-28 00:37:41.829

ProcessGuid: {fda94052-c354-658c-cf00-000000000c00}

ProcessId: 8712

Image: C:\Users\User\AppData\Local\Microsoft\OneDrive\OneDrive.exe

TargetObject: HKU\S-1-5-21-3832996301-1047793030-1114040027-1000_Classes\grvopen\shell\open\command\(Default)

Details: ""C:\Users\User\AppData\Local\Microsoft\OneDrive\OneDrive.exe"" /url:""Incorrect function. ""

User: WINDEV2309EVAL\User</Message>
      <Level>Information</Level>
      <Task>Registry value set (rule: RegistryEvent)</Task>
      <Opcode>Info</Opcode>
    </RenderingInfo>
  </Event>
  
"
Microsoft-Windows-Sysmon/Operational,,,WinDev2309Eval,,,,,,,,,"""C:\Users\User\AppData\Local\Microsoft\OneDrive\OneDrive.exe"" /url:""%%1""",13,9805,SetValue,,,C:\Users\User\AppData\Local\Microsoft\OneDrive\OneDrive.exe,,,0x8000000000000000,Information,,,"Registry value set:

RuleName: T1042

EventType: SetValue

UtcTime: 2023-12-28 00:37:41.829

ProcessGuid: {fda94052-c354-658c-cf00-000000000c00}

ProcessId: 8712

Image: C:\Users\User\AppData\Local\Microsoft\OneDrive\OneDrive.exe

TargetObject: HKU\S-1-5-21-3832996301-1047793030-1114040027-1000_Classes\grvopen\shell\open\command\(Default)

Details: ""C:\Users\User\AppData\Local\Microsoft\OneDrive\OneDrive.exe"" /url:""Incorrect function. ""

User: WINDEV2309EVAL\User",,Info,,,,,,,{fda94052-c354-658c-cf00-000000000c00},3732,8712,,,,,,"
      ",T1042,,,,,,,,,,,,,,,2023-12-28T00:37:41.8434509Z,,,HKU\S-1-5-21-3832996301-1047793030-1114040027-1000_Classes\grvopen\shell\open\command\(Default),,,,Registry value set (rule: RegistryEvent),,4344,WINDEV2309EVAL\User,S-1-5-18,2023-12-28 00:37:41.829,2,"<Event xmlns=""http://schemas.microsoft.com/win/2004/08/events/event"">
    <System>
      <Provider Name=""Microsoft-Windows-Sysmon"" Guid=""{5770385f-c22a-43e0-bf4c-06f5698ffbd9}""/>
      <EventID>13</EventID>
      <Version>2</Version>
      <Level>4</Level>
      <Task>13</Task>
      <Opcode>0</Opcode>
      <Keywords>0x8000000000000000</Keywords>
      <TimeCreated SystemTime=""2023-12-28T00:37:41.8434509Z""/>
      <EventRecordID>9805</EventRecordID>
      <Correlation/>
      <Execution ProcessID=""3732"" ThreadID=""4344""/>
      <Channel>Microsoft-Windows-Sysmon/Operational</Channel>
      <Computer>WinDev2309Eval</Computer>
      <Security UserID=""S-1-5-18""/>
    </System>
    <EventData>
      <Data Name=""RuleName"">T1042</Data>
      <Data Name=""EventType"">SetValue</Data>
      <Data Name=""UtcTime"">2023-12-28 00:37:41.829</Data>
      <Data Name=""ProcessGuid"">{fda94052-c354-658c-cf00-000000000c00}</Data>
      <Data Name=""ProcessId"">8712</Data>
      <Data Name=""Image"">C:\Users\User\AppData\Local\Microsoft\OneDrive\OneDrive.exe</Data>
      <Data Name=""TargetObject"">HKU\S-1-5-21-3832996301-1047793030-1114040027-1000_Classes\grvopen\shell\open\command\(Default)</Data>
      <Data Name=""Details"">""C:\Users\User\AppData\Local\Microsoft\OneDrive\OneDrive.exe"" /url:""%%1""</Data>
      <Data Name=""User"">WINDEV2309EVAL\User</Data>
    </EventData>
    <RenderingInfo Culture=""en-US"">
      <Message>Registry value set:

RuleName: T1042

EventType: SetValue

UtcTime: 2023-12-28 00:37:41.829

ProcessGuid: {fda94052-c354-658c-cf00-000000000c00}

ProcessId: 8712

Image: C:\Users\User\AppData\Local\Microsoft\OneDrive\OneDrive.exe

TargetObject: HKU\S-1-5-21-3832996301-1047793030-1114040027-1000_Classes\grvopen\shell\open\command\(Default)

Details: ""C:\Users\User\AppData\Local\Microsoft\OneDrive\OneDrive.exe"" /url:""Incorrect function. ""

User: WINDEV2309EVAL\User</Message>
      <Level>Information</Level>
      <Task>Registry value set (rule: RegistryEvent)</Task>
      <Opcode>Info</Opcode>
    </RenderingInfo>
  </Event>
  
"
Microsoft-Windows-Sysmon/Operational,,,WinDev2309Eval,,,,,,,,,"""C:\Users\User\AppData\Local\Microsoft\OneDrive\OneDrive.exe"" /url:""%%1""",13,9804,SetValue,,,C:\Users\User\AppData\Local\Microsoft\OneDrive\OneDrive.exe,,,0x8000000000000000,Information,,,"Registry value set:

RuleName: T1042

EventType: SetValue

UtcTime: 2023-12-28 00:37:41.829

ProcessGuid: {fda94052-c354-658c-cf00-000000000c00}

ProcessId: 8712

Image: C:\Users\User\AppData\Local\Microsoft\OneDrive\OneDrive.exe

TargetObject: HKU\S-1-5-21-3832996301-1047793030-1114040027-1000_Classes\odopen\shell\open\command\(Default)

Details: ""C:\Users\User\AppData\Local\Microsoft\OneDrive\OneDrive.exe"" /url:""Incorrect function. ""

User: WINDEV2309EVAL\User",,Info,,,,,,,{fda94052-c354-658c-cf00-000000000c00},3732,8712,,,,,,"
      ",T1042,,,,,,,,,,,,,,,2023-12-28T00:37:41.8431702Z,,,HKU\S-1-5-21-3832996301-1047793030-1114040027-1000_Classes\odopen\shell\open\command\(Default),,,,Registry value set (rule: RegistryEvent),,4344,WINDEV2309EVAL\User,S-1-5-18,2023-12-28 00:37:41.829,2,"<Event xmlns=""http://schemas.microsoft.com/win/2004/08/events/event"">
    <System>
      <Provider Name=""Microsoft-Windows-Sysmon"" Guid=""{5770385f-c22a-43e0-bf4c-06f5698ffbd9}""/>
      <EventID>13</EventID>
      <Version>2</Version>
      <Level>4</Level>
      <Task>13</Task>
      <Opcode>0</Opcode>
      <Keywords>0x8000000000000000</Keywords>
      <TimeCreated SystemTime=""2023-12-28T00:37:41.8431702Z""/>
      <EventRecordID>9804</EventRecordID>
      <Correlation/>
      <Execution ProcessID=""3732"" ThreadID=""4344""/>
      <Channel>Microsoft-Windows-Sysmon/Operational</Channel>
      <Computer>WinDev2309Eval</Computer>
      <Security UserID=""S-1-5-18""/>
    </System>
    <EventData>
      <Data Name=""RuleName"">T1042</Data>
      <Data Name=""EventType"">SetValue</Data>
      <Data Name=""UtcTime"">2023-12-28 00:37:41.829</Data>
      <Data Name=""ProcessGuid"">{fda94052-c354-658c-cf00-000000000c00}</Data>
      <Data Name=""ProcessId"">8712</Data>
      <Data Name=""Image"">C:\Users\User\AppData\Local\Microsoft\OneDrive\OneDrive.exe</Data>
      <Data Name=""TargetObject"">HKU\S-1-5-21-3832996301-1047793030-1114040027-1000_Classes\odopen\shell\open\command\(Default)</Data>
      <Data Name=""Details"">""C:\Users\User\AppData\Local\Microsoft\OneDrive\OneDrive.exe"" /url:""%%1""</Data>
      <Data Name=""User"">WINDEV2309EVAL\User</Data>
    </EventData>
    <RenderingInfo Culture=""en-US"">
      <Message>Registry value set:

RuleName: T1042

EventType: SetValue

UtcTime: 2023-12-28 00:37:41.829

ProcessGuid: {fda94052-c354-658c-cf00-000000000c00}

ProcessId: 8712

Image: C:\Users\User\AppData\Local\Microsoft\OneDrive\OneDrive.exe

TargetObject: HKU\S-1-5-21-3832996301-1047793030-1114040027-1000_Classes\odopen\shell\open\command\(Default)

Details: ""C:\Users\User\AppData\Local\Microsoft\OneDrive\OneDrive.exe"" /url:""Incorrect function. ""

User: WINDEV2309EVAL\User</Message>
      <Level>Information</Level>
      <Task>Registry value set (rule: RegistryEvent)</Task>
      <Opcode>Info</Opcode>
    </RenderingInfo>
  </Event>
  
"
Microsoft-Windows-Sysmon/Operational,,,WinDev2309Eval,,,,,,,,,"""C:\Users\User\AppData\Local\Microsoft\OneDrive\OneDrive.exe"" /url:""%%1""",13,9803,SetValue,,,C:\Users\User\AppData\Local\Microsoft\OneDrive\OneDrive.exe,,,0x8000000000000000,Information,,,"Registry value set:

RuleName: T1042

EventType: SetValue

UtcTime: 2023-12-28 00:37:41.829

ProcessGuid: {fda94052-c354-658c-cf00-000000000c00}

ProcessId: 8712

Image: C:\Users\User\AppData\Local\Microsoft\OneDrive\OneDrive.exe

TargetObject: HKU\S-1-5-21-3832996301-1047793030-1114040027-1000_Classes\odopen\shell\open\command\(Default)

Details: ""C:\Users\User\AppData\Local\Microsoft\OneDrive\OneDrive.exe"" /url:""Incorrect function. ""

User: WINDEV2309EVAL\User",,Info,,,,,,,{fda94052-c354-658c-cf00-000000000c00},3732,8712,,,,,,"
      ",T1042,,,,,,,,,,,,,,,2023-12-28T00:37:41.8430723Z,,,HKU\S-1-5-21-3832996301-1047793030-1114040027-1000_Classes\odopen\shell\open\command\(Default),,,,Registry value set (rule: RegistryEvent),,4344,WINDEV2309EVAL\User,S-1-5-18,2023-12-28 00:37:41.829,2,"<Event xmlns=""http://schemas.microsoft.com/win/2004/08/events/event"">
    <System>
      <Provider Name=""Microsoft-Windows-Sysmon"" Guid=""{5770385f-c22a-43e0-bf4c-06f5698ffbd9}""/>
      <EventID>13</EventID>
      <Version>2</Version>
      <Level>4</Level>
      <Task>13</Task>
      <Opcode>0</Opcode>
      <Keywords>0x8000000000000000</Keywords>
      <TimeCreated SystemTime=""2023-12-28T00:37:41.8430723Z""/>
      <EventRecordID>9803</EventRecordID>
      <Correlation/>
      <Execution ProcessID=""3732"" ThreadID=""4344""/>
      <Channel>Microsoft-Windows-Sysmon/Operational</Channel>
      <Computer>WinDev2309Eval</Computer>
      <Security UserID=""S-1-5-18""/>
    </System>
    <EventData>
      <Data Name=""RuleName"">T1042</Data>
      <Data Name=""EventType"">SetValue</Data>
      <Data Name=""UtcTime"">2023-12-28 00:37:41.829</Data>
      <Data Name=""ProcessGuid"">{fda94052-c354-658c-cf00-000000000c00}</Data>
      <Data Name=""ProcessId"">8712</Data>
      <Data Name=""Image"">C:\Users\User\AppData\Local\Microsoft\OneDrive\OneDrive.exe</Data>
      <Data Name=""TargetObject"">HKU\S-1-5-21-3832996301-1047793030-1114040027-1000_Classes\odopen\shell\open\command\(Default)</Data>
      <Data Name=""Details"">""C:\Users\User\AppData\Local\Microsoft\OneDrive\OneDrive.exe"" /url:""%%1""</Data>
      <Data Name=""User"">WINDEV2309EVAL\User</Data>
    </EventData>
    <RenderingInfo Culture=""en-US"">
      <Message>Registry value set:

RuleName: T1042

EventType: SetValue

UtcTime: 2023-12-28 00:37:41.829

ProcessGuid: {fda94052-c354-658c-cf00-000000000c00}

ProcessId: 8712

Image: C:\Users\User\AppData\Local\Microsoft\OneDrive\OneDrive.exe

TargetObject: HKU\S-1-5-21-3832996301-1047793030-1114040027-1000_Classes\odopen\shell\open\command\(Default)

Details: ""C:\Users\User\AppData\Local\Microsoft\OneDrive\OneDrive.exe"" /url:""Incorrect function. ""

User: WINDEV2309EVAL\User</Message>
      <Level>Information</Level>
      <Task>Registry value set (rule: RegistryEvent)</Task>
      <Opcode>Info</Opcode>
    </RenderingInfo>
  </Event>
  
"
Microsoft-Windows-Sysmon/Operational,,,WinDev2309Eval,,,,,,,,,C:\Users\User\AppData\Local\Microsoft\OneDrive\23.246.1127.0002\FileCoAuthLib64.dll,13,9802,SetValue,,,C:\Users\User\AppData\Local\Microsoft\OneDrive\OneDrive.exe,,,0x8000000000000000,Information,,,"Registry value set:

RuleName: T1122

EventType: SetValue

UtcTime: 2023-12-28 00:37:41.829

ProcessGuid: {fda94052-c354-658c-cf00-000000000c00}

ProcessId: 8712

Image: C:\Users\User\AppData\Local\Microsoft\OneDrive\OneDrive.exe

TargetObject: HKU\S-1-5-21-3832996301-1047793030-1114040027-1000_Classes\CLSID\{4410DC33-BC7C-496B-AA84-4AEA3EEE75F7}\InProcServer32\(Default)

Details: C:\Users\User\AppData\Local\Microsoft\OneDrive\23.246.1127.0002\FileCoAuthLib64.dll

User: WINDEV2309EVAL\User",,Info,,,,,,,{fda94052-c354-658c-cf00-000000000c00},3732,8712,,,,,,"
      ",T1122,,,,,,,,,,,,,,,2023-12-28T00:37:41.8407766Z,,,HKU\S-1-5-21-3832996301-1047793030-1114040027-1000_Classes\CLSID\{4410DC33-BC7C-496B-AA84-4AEA3EEE75F7}\InProcServer32\(Default),,,,Registry value set (rule: RegistryEvent),,4344,WINDEV2309EVAL\User,S-1-5-18,2023-12-28 00:37:41.829,2,"<Event xmlns=""http://schemas.microsoft.com/win/2004/08/events/event"">
    <System>
      <Provider Name=""Microsoft-Windows-Sysmon"" Guid=""{5770385f-c22a-43e0-bf4c-06f5698ffbd9}""/>
      <EventID>13</EventID>
      <Version>2</Version>
      <Level>4</Level>
      <Task>13</Task>
      <Opcode>0</Opcode>
      <Keywords>0x8000000000000000</Keywords>
      <TimeCreated SystemTime=""2023-12-28T00:37:41.8407766Z""/>
      <EventRecordID>9802</EventRecordID>
      <Correlation/>
      <Execution ProcessID=""3732"" ThreadID=""4344""/>
      <Channel>Microsoft-Windows-Sysmon/Operational</Channel>
      <Computer>WinDev2309Eval</Computer>
      <Security UserID=""S-1-5-18""/>
    </System>
    <EventData>
      <Data Name=""RuleName"">T1122</Data>
      <Data Name=""EventType"">SetValue</Data>
      <Data Name=""UtcTime"">2023-12-28 00:37:41.829</Data>
      <Data Name=""ProcessGuid"">{fda94052-c354-658c-cf00-000000000c00}</Data>
      <Data Name=""ProcessId"">8712</Data>
      <Data Name=""Image"">C:\Users\User\AppData\Local\Microsoft\OneDrive\OneDrive.exe</Data>
      <Data Name=""TargetObject"">HKU\S-1-5-21-3832996301-1047793030-1114040027-1000_Classes\CLSID\{4410DC33-BC7C-496B-AA84-4AEA3EEE75F7}\InProcServer32\(Default)</Data>
      <Data Name=""Details"">C:\Users\User\AppData\Local\Microsoft\OneDrive\23.246.1127.0002\FileCoAuthLib64.dll</Data>
      <Data Name=""User"">WINDEV2309EVAL\User</Data>
    </EventData>
    <RenderingInfo Culture=""en-US"">
      <Message>Registry value set:

RuleName: T1122

EventType: SetValue

UtcTime: 2023-12-28 00:37:41.829

ProcessGuid: {fda94052-c354-658c-cf00-000000000c00}

ProcessId: 8712

Image: C:\Users\User\AppData\Local\Microsoft\OneDrive\OneDrive.exe

TargetObject: HKU\S-1-5-21-3832996301-1047793030-1114040027-1000_Classes\CLSID\{4410DC33-BC7C-496B-AA84-4AEA3EEE75F7}\InProcServer32\(Default)

Details: C:\Users\User\AppData\Local\Microsoft\OneDrive\23.246.1127.0002\FileCoAuthLib64.dll

User: WINDEV2309EVAL\User</Message>
      <Level>Information</Level>
      <Task>Registry value set (rule: RegistryEvent)</Task>
      <Opcode>Info</Opcode>
    </RenderingInfo>
  </Event>
  
"
Microsoft-Windows-Sysmon/Operational,,,WinDev2309Eval,,,,,,,,,C:\Users\User\AppData\Local\Microsoft\OneDrive\23.246.1127.0002\i386\FileCoAuthLib.dll,13,9801,SetValue,,,C:\Users\User\AppData\Local\Microsoft\OneDrive\OneDrive.exe,,,0x8000000000000000,Information,,,"Registry value set:

RuleName: T1122

EventType: SetValue

UtcTime: 2023-12-28 00:37:41.829

ProcessGuid: {fda94052-c354-658c-cf00-000000000c00}

ProcessId: 8712

Image: C:\Users\User\AppData\Local\Microsoft\OneDrive\OneDrive.exe

TargetObject: HKU\S-1-5-21-3832996301-1047793030-1114040027-1000_Classes\WOW6432Node\CLSID\{4410DC33-BC7C-496B-AA84-4AEA3EEE75F7}\InProcServer32\(Default)

Details: C:\Users\User\AppData\Local\Microsoft\OneDrive\23.246.1127.0002\i386\FileCoAuthLib.dll

User: WINDEV2309EVAL\User",,Info,,,,,,,{fda94052-c354-658c-cf00-000000000c00},3732,8712,,,,,,"
      ",T1122,,,,,,,,,,,,,,,2023-12-28T00:37:41.8349483Z,,,HKU\S-1-5-21-3832996301-1047793030-1114040027-1000_Classes\WOW6432Node\CLSID\{4410DC33-BC7C-496B-AA84-4AEA3EEE75F7}\InProcServer32\(Default),,,,Registry value set (rule: RegistryEvent),,4344,WINDEV2309EVAL\User,S-1-5-18,2023-12-28 00:37:41.829,2,"<Event xmlns=""http://schemas.microsoft.com/win/2004/08/events/event"">
    <System>
      <Provider Name=""Microsoft-Windows-Sysmon"" Guid=""{5770385f-c22a-43e0-bf4c-06f5698ffbd9}""/>
      <EventID>13</EventID>
      <Version>2</Version>
      <Level>4</Level>
      <Task>13</Task>
      <Opcode>0</Opcode>
      <Keywords>0x8000000000000000</Keywords>
      <TimeCreated SystemTime=""2023-12-28T00:37:41.8349483Z""/>
      <EventRecordID>9801</EventRecordID>
      <Correlation/>
      <Execution ProcessID=""3732"" ThreadID=""4344""/>
      <Channel>Microsoft-Windows-Sysmon/Operational</Channel>
      <Computer>WinDev2309Eval</Computer>
      <Security UserID=""S-1-5-18""/>
    </System>
    <EventData>
      <Data Name=""RuleName"">T1122</Data>
      <Data Name=""EventType"">SetValue</Data>
      <Data Name=""UtcTime"">2023-12-28 00:37:41.829</Data>
      <Data Name=""ProcessGuid"">{fda94052-c354-658c-cf00-000000000c00}</Data>
      <Data Name=""ProcessId"">8712</Data>
      <Data Name=""Image"">C:\Users\User\AppData\Local\Microsoft\OneDrive\OneDrive.exe</Data>
      <Data Name=""TargetObject"">HKU\S-1-5-21-3832996301-1047793030-1114040027-1000_Classes\WOW6432Node\CLSID\{4410DC33-BC7C-496B-AA84-4AEA3EEE75F7}\InProcServer32\(Default)</Data>
      <Data Name=""Details"">C:\Users\User\AppData\Local\Microsoft\OneDrive\23.246.1127.0002\i386\FileCoAuthLib.dll</Data>
      <Data Name=""User"">WINDEV2309EVAL\User</Data>
    </EventData>
    <RenderingInfo Culture=""en-US"">
      <Message>Registry value set:

RuleName: T1122

EventType: SetValue

UtcTime: 2023-12-28 00:37:41.829

ProcessGuid: {fda94052-c354-658c-cf00-000000000c00}

ProcessId: 8712

Image: C:\Users\User\AppData\Local\Microsoft\OneDrive\OneDrive.exe

TargetObject: HKU\S-1-5-21-3832996301-1047793030-1114040027-1000_Classes\WOW6432Node\CLSID\{4410DC33-BC7C-496B-AA84-4AEA3EEE75F7}\InProcServer32\(Default)

Details: C:\Users\User\AppData\Local\Microsoft\OneDrive\23.246.1127.0002\i386\FileCoAuthLib.dll

User: WINDEV2309EVAL\User</Message>
      <Level>Information</Level>
      <Task>Registry value set (rule: RegistryEvent)</Task>
      <Opcode>Info</Opcode>
    </RenderingInfo>
  </Event>
  
"
Microsoft-Windows-Sysmon/Operational,,,WinDev2309Eval,,,,,,,,,{CB3D0F55-BC2C-4C1A-85ED-23ED75B5106B},13,9800,SetValue,,,C:\Users\User\AppData\Local\Microsoft\OneDrive\OneDrive.exe,,,0x8000000000000000,Information,,,"Registry value set:

RuleName: -

EventType: SetValue

UtcTime: 2023-12-28 00:37:41.814

ProcessGuid: {fda94052-c354-658c-cf00-000000000c00}

ProcessId: 8712

Image: C:\Users\User\AppData\Local\Microsoft\OneDrive\OneDrive.exe

TargetObject: HKU\S-1-5-21-3832996301-1047793030-1114040027-1000_Classes\lnkfile\shellex\ContextMenuHandlers\ FileSyncEx\(Default)

Details: {CB3D0F55-BC2C-4C1A-85ED-23ED75B5106B}

User: WINDEV2309EVAL\User",,Info,,,,,,,{fda94052-c354-658c-cf00-000000000c00},3732,8712,,,,,,"
      ",-,,,,,,,,,,,,,,,2023-12-28T00:37:41.8193802Z,,,HKU\S-1-5-21-3832996301-1047793030-1114040027-1000_Classes\lnkfile\shellex\ContextMenuHandlers\ FileSyncEx\(Default),,,,Registry value set (rule: RegistryEvent),,4344,WINDEV2309EVAL\User,S-1-5-18,2023-12-28 00:37:41.814,2,"<Event xmlns=""http://schemas.microsoft.com/win/2004/08/events/event"">
    <System>
      <Provider Name=""Microsoft-Windows-Sysmon"" Guid=""{5770385f-c22a-43e0-bf4c-06f5698ffbd9}""/>
      <EventID>13</EventID>
      <Version>2</Version>
      <Level>4</Level>
      <Task>13</Task>
      <Opcode>0</Opcode>
      <Keywords>0x8000000000000000</Keywords>
      <TimeCreated SystemTime=""2023-12-28T00:37:41.8193802Z""/>
      <EventRecordID>9800</EventRecordID>
      <Correlation/>
      <Execution ProcessID=""3732"" ThreadID=""4344""/>
      <Channel>Microsoft-Windows-Sysmon/Operational</Channel>
      <Computer>WinDev2309Eval</Computer>
      <Security UserID=""S-1-5-18""/>
    </System>
    <EventData>
      <Data Name=""RuleName"">-</Data>
      <Data Name=""EventType"">SetValue</Data>
      <Data Name=""UtcTime"">2023-12-28 00:37:41.814</Data>
      <Data Name=""ProcessGuid"">{fda94052-c354-658c-cf00-000000000c00}</Data>
      <Data Name=""ProcessId"">8712</Data>
      <Data Name=""Image"">C:\Users\User\AppData\Local\Microsoft\OneDrive\OneDrive.exe</Data>
      <Data Name=""TargetObject"">HKU\S-1-5-21-3832996301-1047793030-1114040027-1000_Classes\lnkfile\shellex\ContextMenuHandlers\ FileSyncEx\(Default)</Data>
      <Data Name=""Details"">{CB3D0F55-BC2C-4C1A-85ED-23ED75B5106B}</Data>
      <Data Name=""User"">WINDEV2309EVAL\User</Data>
    </EventData>
    <RenderingInfo Culture=""en-US"">
      <Message>Registry value set:

RuleName: -

EventType: SetValue

UtcTime: 2023-12-28 00:37:41.814

ProcessGuid: {fda94052-c354-658c-cf00-000000000c00}

ProcessId: 8712

Image: C:\Users\User\AppData\Local\Microsoft\OneDrive\OneDrive.exe

TargetObject: HKU\S-1-5-21-3832996301-1047793030-1114040027-1000_Classes\lnkfile\shellex\ContextMenuHandlers\ FileSyncEx\(Default)

Details: {CB3D0F55-BC2C-4C1A-85ED-23ED75B5106B}

User: WINDEV2309EVAL\User</Message>
      <Level>Information</Level>
      <Task>Registry value set (rule: RegistryEvent)</Task>
      <Opcode>Info</Opcode>
    </RenderingInfo>
  </Event>
  
"
Microsoft-Windows-Sysmon/Operational,,,WinDev2309Eval,,,,,,,,,{CB3D0F55-BC2C-4C1A-85ED-23ED75B5106B},13,9799,SetValue,,,C:\Users\User\AppData\Local\Microsoft\OneDrive\OneDrive.exe,,,0x8000000000000000,Information,,,"Registry value set:

RuleName: -

EventType: SetValue

UtcTime: 2023-12-28 00:37:41.814

ProcessGuid: {fda94052-c354-658c-cf00-000000000c00}

ProcessId: 8712

Image: C:\Users\User\AppData\Local\Microsoft\OneDrive\OneDrive.exe

TargetObject: HKU\S-1-5-21-3832996301-1047793030-1114040027-1000_Classes\lnkfile\shellex\ContextMenuHandlers\ FileSyncEx\(Default)

Details: {CB3D0F55-BC2C-4C1A-85ED-23ED75B5106B}

User: WINDEV2309EVAL\User",,Info,,,,,,,{fda94052-c354-658c-cf00-000000000c00},3732,8712,,,,,,"
      ",-,,,,,,,,,,,,,,,2023-12-28T00:37:41.8192334Z,,,HKU\S-1-5-21-3832996301-1047793030-1114040027-1000_Classes\lnkfile\shellex\ContextMenuHandlers\ FileSyncEx\(Default),,,,Registry value set (rule: RegistryEvent),,4344,WINDEV2309EVAL\User,S-1-5-18,2023-12-28 00:37:41.814,2,"<Event xmlns=""http://schemas.microsoft.com/win/2004/08/events/event"">
    <System>
      <Provider Name=""Microsoft-Windows-Sysmon"" Guid=""{5770385f-c22a-43e0-bf4c-06f5698ffbd9}""/>
      <EventID>13</EventID>
      <Version>2</Version>
      <Level>4</Level>
      <Task>13</Task>
      <Opcode>0</Opcode>
      <Keywords>0x8000000000000000</Keywords>
      <TimeCreated SystemTime=""2023-12-28T00:37:41.8192334Z""/>
      <EventRecordID>9799</EventRecordID>
      <Correlation/>
      <Execution ProcessID=""3732"" ThreadID=""4344""/>
      <Channel>Microsoft-Windows-Sysmon/Operational</Channel>
      <Computer>WinDev2309Eval</Computer>
      <Security UserID=""S-1-5-18""/>
    </System>
    <EventData>
      <Data Name=""RuleName"">-</Data>
      <Data Name=""EventType"">SetValue</Data>
      <Data Name=""UtcTime"">2023-12-28 00:37:41.814</Data>
      <Data Name=""ProcessGuid"">{fda94052-c354-658c-cf00-000000000c00}</Data>
      <Data Name=""ProcessId"">8712</Data>
      <Data Name=""Image"">C:\Users\User\AppData\Local\Microsoft\OneDrive\OneDrive.exe</Data>
      <Data Name=""TargetObject"">HKU\S-1-5-21-3832996301-1047793030-1114040027-1000_Classes\lnkfile\shellex\ContextMenuHandlers\ FileSyncEx\(Default)</Data>
      <Data Name=""Details"">{CB3D0F55-BC2C-4C1A-85ED-23ED75B5106B}</Data>
      <Data Name=""User"">WINDEV2309EVAL\User</Data>
    </EventData>
    <RenderingInfo Culture=""en-US"">
      <Message>Registry value set:

RuleName: -

EventType: SetValue

UtcTime: 2023-12-28 00:37:41.814

ProcessGuid: {fda94052-c354-658c-cf00-000000000c00}

ProcessId: 8712

Image: C:\Users\User\AppData\Local\Microsoft\OneDrive\OneDrive.exe

TargetObject: HKU\S-1-5-21-3832996301-1047793030-1114040027-1000_Classes\lnkfile\shellex\ContextMenuHandlers\ FileSyncEx\(Default)

Details: {CB3D0F55-BC2C-4C1A-85ED-23ED75B5106B}

User: WINDEV2309EVAL\User</Message>
      <Level>Information</Level>
      <Task>Registry value set (rule: RegistryEvent)</Task>
      <Opcode>Info</Opcode>
    </RenderingInfo>
  </Event>
  
"
Microsoft-Windows-Sysmon/Operational,,,WinDev2309Eval,,,,,,,,,{CB3D0F55-BC2C-4C1A-85ED-23ED75B5106B},13,9798,SetValue,,,C:\Users\User\AppData\Local\Microsoft\OneDrive\OneDrive.exe,,,0x8000000000000000,Information,,,"Registry value set:

RuleName: -

EventType: SetValue

UtcTime: 2023-12-28 00:37:41.814

ProcessGuid: {fda94052-c354-658c-cf00-000000000c00}

ProcessId: 8712

Image: C:\Users\User\AppData\Local\Microsoft\OneDrive\OneDrive.exe

TargetObject: HKU\S-1-5-21-3832996301-1047793030-1114040027-1000_Classes\IE.AssocFile.URL\shellex\ContextMenuHandlers\ FileSyncEx\(Default)

Details: {CB3D0F55-BC2C-4C1A-85ED-23ED75B5106B}

User: WINDEV2309EVAL\User",,Info,,,,,,,{fda94052-c354-658c-cf00-000000000c00},3732,8712,,,,,,"
      ",-,,,,,,,,,,,,,,,2023-12-28T00:37:41.8191666Z,,,HKU\S-1-5-21-3832996301-1047793030-1114040027-1000_Classes\IE.AssocFile.URL\shellex\ContextMenuHandlers\ FileSyncEx\(Default),,,,Registry value set (rule: RegistryEvent),,4344,WINDEV2309EVAL\User,S-1-5-18,2023-12-28 00:37:41.814,2,"<Event xmlns=""http://schemas.microsoft.com/win/2004/08/events/event"">
    <System>
      <Provider Name=""Microsoft-Windows-Sysmon"" Guid=""{5770385f-c22a-43e0-bf4c-06f5698ffbd9}""/>
      <EventID>13</EventID>
      <Version>2</Version>
      <Level>4</Level>
      <Task>13</Task>
      <Opcode>0</Opcode>
      <Keywords>0x8000000000000000</Keywords>
      <TimeCreated SystemTime=""2023-12-28T00:37:41.8191666Z""/>
      <EventRecordID>9798</EventRecordID>
      <Correlation/>
      <Execution ProcessID=""3732"" ThreadID=""4344""/>
      <Channel>Microsoft-Windows-Sysmon/Operational</Channel>
      <Computer>WinDev2309Eval</Computer>
      <Security UserID=""S-1-5-18""/>
    </System>
    <EventData>
      <Data Name=""RuleName"">-</Data>
      <Data Name=""EventType"">SetValue</Data>
      <Data Name=""UtcTime"">2023-12-28 00:37:41.814</Data>
      <Data Name=""ProcessGuid"">{fda94052-c354-658c-cf00-000000000c00}</Data>
      <Data Name=""ProcessId"">8712</Data>
      <Data Name=""Image"">C:\Users\User\AppData\Local\Microsoft\OneDrive\OneDrive.exe</Data>
      <Data Name=""TargetObject"">HKU\S-1-5-21-3832996301-1047793030-1114040027-1000_Classes\IE.AssocFile.URL\shellex\ContextMenuHandlers\ FileSyncEx\(Default)</Data>
      <Data Name=""Details"">{CB3D0F55-BC2C-4C1A-85ED-23ED75B5106B}</Data>
      <Data Name=""User"">WINDEV2309EVAL\User</Data>
    </EventData>
    <RenderingInfo Culture=""en-US"">
      <Message>Registry value set:

RuleName: -

EventType: SetValue

UtcTime: 2023-12-28 00:37:41.814

ProcessGuid: {fda94052-c354-658c-cf00-000000000c00}

ProcessId: 8712

Image: C:\Users\User\AppData\Local\Microsoft\OneDrive\OneDrive.exe

TargetObject: HKU\S-1-5-21-3832996301-1047793030-1114040027-1000_Classes\IE.AssocFile.URL\shellex\ContextMenuHandlers\ FileSyncEx\(Default)

Details: {CB3D0F55-BC2C-4C1A-85ED-23ED75B5106B}

User: WINDEV2309EVAL\User</Message>
      <Level>Information</Level>
      <Task>Registry value set (rule: RegistryEvent)</Task>
      <Opcode>Info</Opcode>
    </RenderingInfo>
  </Event>
  
"
Microsoft-Windows-Sysmon/Operational,,,WinDev2309Eval,,,,,,,,,{CB3D0F55-BC2C-4C1A-85ED-23ED75B5106B},13,9797,SetValue,,,C:\Users\User\AppData\Local\Microsoft\OneDrive\OneDrive.exe,,,0x8000000000000000,Information,,,"Registry value set:

RuleName: -

EventType: SetValue

UtcTime: 2023-12-28 00:37:41.814

ProcessGuid: {fda94052-c354-658c-cf00-000000000c00}

ProcessId: 8712

Image: C:\Users\User\AppData\Local\Microsoft\OneDrive\OneDrive.exe

TargetObject: HKU\S-1-5-21-3832996301-1047793030-1114040027-1000_Classes\IE.AssocFile.URL\shellex\ContextMenuHandlers\ FileSyncEx\(Default)

Details: {CB3D0F55-BC2C-4C1A-85ED-23ED75B5106B}

User: WINDEV2309EVAL\User",,Info,,,,,,,{fda94052-c354-658c-cf00-000000000c00},3732,8712,,,,,,"
      ",-,,,,,,,,,,,,,,,2023-12-28T00:37:41.8190654Z,,,HKU\S-1-5-21-3832996301-1047793030-1114040027-1000_Classes\IE.AssocFile.URL\shellex\ContextMenuHandlers\ FileSyncEx\(Default),,,,Registry value set (rule: RegistryEvent),,4344,WINDEV2309EVAL\User,S-1-5-18,2023-12-28 00:37:41.814,2,"<Event xmlns=""http://schemas.microsoft.com/win/2004/08/events/event"">
    <System>
      <Provider Name=""Microsoft-Windows-Sysmon"" Guid=""{5770385f-c22a-43e0-bf4c-06f5698ffbd9}""/>
      <EventID>13</EventID>
      <Version>2</Version>
      <Level>4</Level>
      <Task>13</Task>
      <Opcode>0</Opcode>
      <Keywords>0x8000000000000000</Keywords>
      <TimeCreated SystemTime=""2023-12-28T00:37:41.8190654Z""/>
      <EventRecordID>9797</EventRecordID>
      <Correlation/>
      <Execution ProcessID=""3732"" ThreadID=""4344""/>
      <Channel>Microsoft-Windows-Sysmon/Operational</Channel>
      <Computer>WinDev2309Eval</Computer>
      <Security UserID=""S-1-5-18""/>
    </System>
    <EventData>
      <Data Name=""RuleName"">-</Data>
      <Data Name=""EventType"">SetValue</Data>
      <Data Name=""UtcTime"">2023-12-28 00:37:41.814</Data>
      <Data Name=""ProcessGuid"">{fda94052-c354-658c-cf00-000000000c00}</Data>
      <Data Name=""ProcessId"">8712</Data>
      <Data Name=""Image"">C:\Users\User\AppData\Local\Microsoft\OneDrive\OneDrive.exe</Data>
      <Data Name=""TargetObject"">HKU\S-1-5-21-3832996301-1047793030-1114040027-1000_Classes\IE.AssocFile.URL\shellex\ContextMenuHandlers\ FileSyncEx\(Default)</Data>
      <Data Name=""Details"">{CB3D0F55-BC2C-4C1A-85ED-23ED75B5106B}</Data>
      <Data Name=""User"">WINDEV2309EVAL\User</Data>
    </EventData>
    <RenderingInfo Culture=""en-US"">
      <Message>Registry value set:

RuleName: -

EventType: SetValue

UtcTime: 2023-12-28 00:37:41.814

ProcessGuid: {fda94052-c354-658c-cf00-000000000c00}

ProcessId: 8712

Image: C:\Users\User\AppData\Local\Microsoft\OneDrive\OneDrive.exe

TargetObject: HKU\S-1-5-21-3832996301-1047793030-1114040027-1000_Classes\IE.AssocFile.URL\shellex\ContextMenuHandlers\ FileSyncEx\(Default)

Details: {CB3D0F55-BC2C-4C1A-85ED-23ED75B5106B}

User: WINDEV2309EVAL\User</Message>
      <Level>Information</Level>
      <Task>Registry value set (rule: RegistryEvent)</Task>
      <Opcode>Info</Opcode>
    </RenderingInfo>
  </Event>
  
"
Microsoft-Windows-Sysmon/Operational,,,WinDev2309Eval,,,,,,,,,{CB3D0F55-BC2C-4C1A-85ED-23ED75B5106B},13,9796,SetValue,,,C:\Users\User\AppData\Local\Microsoft\OneDrive\OneDrive.exe,,,0x8000000000000000,Information,,,"Registry value set:

RuleName: -

EventType: SetValue

UtcTime: 2023-12-28 00:37:41.814

ProcessGuid: {fda94052-c354-658c-cf00-000000000c00}

ProcessId: 8712

Image: C:\Users\User\AppData\Local\Microsoft\OneDrive\OneDrive.exe

TargetObject: HKU\S-1-5-21-3832996301-1047793030-1114040027-1000_Classes\Directory\shellex\ContextMenuHandlers\ FileSyncEx\(Default)

Details: {CB3D0F55-BC2C-4C1A-85ED-23ED75B5106B}

User: WINDEV2309EVAL\User",,Info,,,,,,,{fda94052-c354-658c-cf00-000000000c00},3732,8712,,,,,,"
      ",-,,,,,,,,,,,,,,,2023-12-28T00:37:41.8188173Z,,,HKU\S-1-5-21-3832996301-1047793030-1114040027-1000_Classes\Directory\shellex\ContextMenuHandlers\ FileSyncEx\(Default),,,,Registry value set (rule: RegistryEvent),,4344,WINDEV2309EVAL\User,S-1-5-18,2023-12-28 00:37:41.814,2,"<Event xmlns=""http://schemas.microsoft.com/win/2004/08/events/event"">
    <System>
      <Provider Name=""Microsoft-Windows-Sysmon"" Guid=""{5770385f-c22a-43e0-bf4c-06f5698ffbd9}""/>
      <EventID>13</EventID>
      <Version>2</Version>
      <Level>4</Level>
      <Task>13</Task>
      <Opcode>0</Opcode>
      <Keywords>0x8000000000000000</Keywords>
      <TimeCreated SystemTime=""2023-12-28T00:37:41.8188173Z""/>
      <EventRecordID>9796</EventRecordID>
      <Correlation/>
      <Execution ProcessID=""3732"" ThreadID=""4344""/>
      <Channel>Microsoft-Windows-Sysmon/Operational</Channel>
      <Computer>WinDev2309Eval</Computer>
      <Security UserID=""S-1-5-18""/>
    </System>
    <EventData>
      <Data Name=""RuleName"">-</Data>
      <Data Name=""EventType"">SetValue</Data>
      <Data Name=""UtcTime"">2023-12-28 00:37:41.814</Data>
      <Data Name=""ProcessGuid"">{fda94052-c354-658c-cf00-000000000c00}</Data>
      <Data Name=""ProcessId"">8712</Data>
      <Data Name=""Image"">C:\Users\User\AppData\Local\Microsoft\OneDrive\OneDrive.exe</Data>
      <Data Name=""TargetObject"">HKU\S-1-5-21-3832996301-1047793030-1114040027-1000_Classes\Directory\shellex\ContextMenuHandlers\ FileSyncEx\(Default)</Data>
      <Data Name=""Details"">{CB3D0F55-BC2C-4C1A-85ED-23ED75B5106B}</Data>
      <Data Name=""User"">WINDEV2309EVAL\User</Data>
    </EventData>
    <RenderingInfo Culture=""en-US"">
      <Message>Registry value set:

RuleName: -

EventType: SetValue

UtcTime: 2023-12-28 00:37:41.814

ProcessGuid: {fda94052-c354-658c-cf00-000000000c00}

ProcessId: 8712

Image: C:\Users\User\AppData\Local\Microsoft\OneDrive\OneDrive.exe

TargetObject: HKU\S-1-5-21-3832996301-1047793030-1114040027-1000_Classes\Directory\shellex\ContextMenuHandlers\ FileSyncEx\(Default)

Details: {CB3D0F55-BC2C-4C1A-85ED-23ED75B5106B}

User: WINDEV2309EVAL\User</Message>
      <Level>Information</Level>
      <Task>Registry value set (rule: RegistryEvent)</Task>
      <Opcode>Info</Opcode>
    </RenderingInfo>
  </Event>
  
"
Microsoft-Windows-Sysmon/Operational,,,WinDev2309Eval,,,,,,,,,{CB3D0F55-BC2C-4C1A-85ED-23ED75B5106B},13,9795,SetValue,,,C:\Users\User\AppData\Local\Microsoft\OneDrive\OneDrive.exe,,,0x8000000000000000,Information,,,"Registry value set:

RuleName: -

EventType: SetValue

UtcTime: 2023-12-28 00:37:41.814

ProcessGuid: {fda94052-c354-658c-cf00-000000000c00}

ProcessId: 8712

Image: C:\Users\User\AppData\Local\Microsoft\OneDrive\OneDrive.exe

TargetObject: HKU\S-1-5-21-3832996301-1047793030-1114040027-1000_Classes\Directory\shellex\ContextMenuHandlers\ FileSyncEx\(Default)

Details: {CB3D0F55-BC2C-4C1A-85ED-23ED75B5106B}

User: WINDEV2309EVAL\User",,Info,,,,,,,{fda94052-c354-658c-cf00-000000000c00},3732,8712,,,,,,"
      ",-,,,,,,,,,,,,,,,2023-12-28T00:37:41.8185878Z,,,HKU\S-1-5-21-3832996301-1047793030-1114040027-1000_Classes\Directory\shellex\ContextMenuHandlers\ FileSyncEx\(Default),,,,Registry value set (rule: RegistryEvent),,4344,WINDEV2309EVAL\User,S-1-5-18,2023-12-28 00:37:41.814,2,"<Event xmlns=""http://schemas.microsoft.com/win/2004/08/events/event"">
    <System>
      <Provider Name=""Microsoft-Windows-Sysmon"" Guid=""{5770385f-c22a-43e0-bf4c-06f5698ffbd9}""/>
      <EventID>13</EventID>
      <Version>2</Version>
      <Level>4</Level>
      <Task>13</Task>
      <Opcode>0</Opcode>
      <Keywords>0x8000000000000000</Keywords>
      <TimeCreated SystemTime=""2023-12-28T00:37:41.8185878Z""/>
      <EventRecordID>9795</EventRecordID>
      <Correlation/>
      <Execution ProcessID=""3732"" ThreadID=""4344""/>
      <Channel>Microsoft-Windows-Sysmon/Operational</Channel>
      <Computer>WinDev2309Eval</Computer>
      <Security UserID=""S-1-5-18""/>
    </System>
    <EventData>
      <Data Name=""RuleName"">-</Data>
      <Data Name=""EventType"">SetValue</Data>
      <Data Name=""UtcTime"">2023-12-28 00:37:41.814</Data>
      <Data Name=""ProcessGuid"">{fda94052-c354-658c-cf00-000000000c00}</Data>
      <Data Name=""ProcessId"">8712</Data>
      <Data Name=""Image"">C:\Users\User\AppData\Local\Microsoft\OneDrive\OneDrive.exe</Data>
      <Data Name=""TargetObject"">HKU\S-1-5-21-3832996301-1047793030-1114040027-1000_Classes\Directory\shellex\ContextMenuHandlers\ FileSyncEx\(Default)</Data>
      <Data Name=""Details"">{CB3D0F55-BC2C-4C1A-85ED-23ED75B5106B}</Data>
      <Data Name=""User"">WINDEV2309EVAL\User</Data>
    </EventData>
    <RenderingInfo Culture=""en-US"">
      <Message>Registry value set:

RuleName: -

EventType: SetValue

UtcTime: 2023-12-28 00:37:41.814

ProcessGuid: {fda94052-c354-658c-cf00-000000000c00}

ProcessId: 8712

Image: C:\Users\User\AppData\Local\Microsoft\OneDrive\OneDrive.exe

TargetObject: HKU\S-1-5-21-3832996301-1047793030-1114040027-1000_Classes\Directory\shellex\ContextMenuHandlers\ FileSyncEx\(Default)

Details: {CB3D0F55-BC2C-4C1A-85ED-23ED75B5106B}

User: WINDEV2309EVAL\User</Message>
      <Level>Information</Level>
      <Task>Registry value set (rule: RegistryEvent)</Task>
      <Opcode>Info</Opcode>
    </RenderingInfo>
  </Event>
  
"
Microsoft-Windows-Sysmon/Operational,,,WinDev2309Eval,,,,,,,,,{CB3D0F55-BC2C-4C1A-85ED-23ED75B5106B},13,9794,SetValue,,,C:\Users\User\AppData\Local\Microsoft\OneDrive\OneDrive.exe,,,0x8000000000000000,Information,,,"Registry value set:

RuleName: -

EventType: SetValue

UtcTime: 2023-12-28 00:37:41.814

ProcessGuid: {fda94052-c354-658c-cf00-000000000c00}

ProcessId: 8712

Image: C:\Users\User\AppData\Local\Microsoft\OneDrive\OneDrive.exe

TargetObject: HKU\S-1-5-21-3832996301-1047793030-1114040027-1000_Classes\Directory\Background\shellex\ContextMenuHandlers\ FileSyncEx\(Default)

Details: {CB3D0F55-BC2C-4C1A-85ED-23ED75B5106B}

User: WINDEV2309EVAL\User",,Info,,,,,,,{fda94052-c354-658c-cf00-000000000c00},3732,8712,,,,,,"
      ",-,,,,,,,,,,,,,,,2023-12-28T00:37:41.8185128Z,,,HKU\S-1-5-21-3832996301-1047793030-1114040027-1000_Classes\Directory\Background\shellex\ContextMenuHandlers\ FileSyncEx\(Default),,,,Registry value set (rule: RegistryEvent),,4344,WINDEV2309EVAL\User,S-1-5-18,2023-12-28 00:37:41.814,2,"<Event xmlns=""http://schemas.microsoft.com/win/2004/08/events/event"">
    <System>
      <Provider Name=""Microsoft-Windows-Sysmon"" Guid=""{5770385f-c22a-43e0-bf4c-06f5698ffbd9}""/>
      <EventID>13</EventID>
      <Version>2</Version>
      <Level>4</Level>
      <Task>13</Task>
      <Opcode>0</Opcode>
      <Keywords>0x8000000000000000</Keywords>
      <TimeCreated SystemTime=""2023-12-28T00:37:41.8185128Z""/>
      <EventRecordID>9794</EventRecordID>
      <Correlation/>
      <Execution ProcessID=""3732"" ThreadID=""4344""/>
      <Channel>Microsoft-Windows-Sysmon/Operational</Channel>
      <Computer>WinDev2309Eval</Computer>
      <Security UserID=""S-1-5-18""/>
    </System>
    <EventData>
      <Data Name=""RuleName"">-</Data>
      <Data Name=""EventType"">SetValue</Data>
      <Data Name=""UtcTime"">2023-12-28 00:37:41.814</Data>
      <Data Name=""ProcessGuid"">{fda94052-c354-658c-cf00-000000000c00}</Data>
      <Data Name=""ProcessId"">8712</Data>
      <Data Name=""Image"">C:\Users\User\AppData\Local\Microsoft\OneDrive\OneDrive.exe</Data>
      <Data Name=""TargetObject"">HKU\S-1-5-21-3832996301-1047793030-1114040027-1000_Classes\Directory\Background\shellex\ContextMenuHandlers\ FileSyncEx\(Default)</Data>
      <Data Name=""Details"">{CB3D0F55-BC2C-4C1A-85ED-23ED75B5106B}</Data>
      <Data Name=""User"">WINDEV2309EVAL\User</Data>
    </EventData>
    <RenderingInfo Culture=""en-US"">
      <Message>Registry value set:

RuleName: -

EventType: SetValue

UtcTime: 2023-12-28 00:37:41.814

ProcessGuid: {fda94052-c354-658c-cf00-000000000c00}

ProcessId: 8712

Image: C:\Users\User\AppData\Local\Microsoft\OneDrive\OneDrive.exe

TargetObject: HKU\S-1-5-21-3832996301-1047793030-1114040027-1000_Classes\Directory\Background\shellex\ContextMenuHandlers\ FileSyncEx\(Default)

Details: {CB3D0F55-BC2C-4C1A-85ED-23ED75B5106B}

User: WINDEV2309EVAL\User</Message>
      <Level>Information</Level>
      <Task>Registry value set (rule: RegistryEvent)</Task>
      <Opcode>Info</Opcode>
    </RenderingInfo>
  </Event>
  
"
Microsoft-Windows-Sysmon/Operational,,,WinDev2309Eval,,,,,,,,,{CB3D0F55-BC2C-4C1A-85ED-23ED75B5106B},13,9793,SetValue,,,C:\Users\User\AppData\Local\Microsoft\OneDrive\OneDrive.exe,,,0x8000000000000000,Information,,,"Registry value set:

RuleName: -

EventType: SetValue

UtcTime: 2023-12-28 00:37:41.814

ProcessGuid: {fda94052-c354-658c-cf00-000000000c00}

ProcessId: 8712

Image: C:\Users\User\AppData\Local\Microsoft\OneDrive\OneDrive.exe

TargetObject: HKU\S-1-5-21-3832996301-1047793030-1114040027-1000_Classes\Directory\Background\shellex\ContextMenuHandlers\ FileSyncEx\(Default)

Details: {CB3D0F55-BC2C-4C1A-85ED-23ED75B5106B}

User: WINDEV2309EVAL\User",,Info,,,,,,,{fda94052-c354-658c-cf00-000000000c00},3732,8712,,,,,,"
      ",-,,,,,,,,,,,,,,,2023-12-28T00:37:41.8183896Z,,,HKU\S-1-5-21-3832996301-1047793030-1114040027-1000_Classes\Directory\Background\shellex\ContextMenuHandlers\ FileSyncEx\(Default),,,,Registry value set (rule: RegistryEvent),,4344,WINDEV2309EVAL\User,S-1-5-18,2023-12-28 00:37:41.814,2,"<Event xmlns=""http://schemas.microsoft.com/win/2004/08/events/event"">
    <System>
      <Provider Name=""Microsoft-Windows-Sysmon"" Guid=""{5770385f-c22a-43e0-bf4c-06f5698ffbd9}""/>
      <EventID>13</EventID>
      <Version>2</Version>
      <Level>4</Level>
      <Task>13</Task>
      <Opcode>0</Opcode>
      <Keywords>0x8000000000000000</Keywords>
      <TimeCreated SystemTime=""2023-12-28T00:37:41.8183896Z""/>
      <EventRecordID>9793</EventRecordID>
      <Correlation/>
      <Execution ProcessID=""3732"" ThreadID=""4344""/>
      <Channel>Microsoft-Windows-Sysmon/Operational</Channel>
      <Computer>WinDev2309Eval</Computer>
      <Security UserID=""S-1-5-18""/>
    </System>
    <EventData>
      <Data Name=""RuleName"">-</Data>
      <Data Name=""EventType"">SetValue</Data>
      <Data Name=""UtcTime"">2023-12-28 00:37:41.814</Data>
      <Data Name=""ProcessGuid"">{fda94052-c354-658c-cf00-000000000c00}</Data>
      <Data Name=""ProcessId"">8712</Data>
      <Data Name=""Image"">C:\Users\User\AppData\Local\Microsoft\OneDrive\OneDrive.exe</Data>
      <Data Name=""TargetObject"">HKU\S-1-5-21-3832996301-1047793030-1114040027-1000_Classes\Directory\Background\shellex\ContextMenuHandlers\ FileSyncEx\(Default)</Data>
      <Data Name=""Details"">{CB3D0F55-BC2C-4C1A-85ED-23ED75B5106B}</Data>
      <Data Name=""User"">WINDEV2309EVAL\User</Data>
    </EventData>
    <RenderingInfo Culture=""en-US"">
      <Message>Registry value set:

RuleName: -

EventType: SetValue

UtcTime: 2023-12-28 00:37:41.814

ProcessGuid: {fda94052-c354-658c-cf00-000000000c00}

ProcessId: 8712

Image: C:\Users\User\AppData\Local\Microsoft\OneDrive\OneDrive.exe

TargetObject: HKU\S-1-5-21-3832996301-1047793030-1114040027-1000_Classes\Directory\Background\shellex\ContextMenuHandlers\ FileSyncEx\(Default)

Details: {CB3D0F55-BC2C-4C1A-85ED-23ED75B5106B}

User: WINDEV2309EVAL\User</Message>
      <Level>Information</Level>
      <Task>Registry value set (rule: RegistryEvent)</Task>
      <Opcode>Info</Opcode>
    </RenderingInfo>
  </Event>
  
"
Microsoft-Windows-Sysmon/Operational,,,WinDev2309Eval,,,,,,,,,{CB3D0F55-BC2C-4C1A-85ED-23ED75B5106B},13,9792,SetValue,,,C:\Users\User\AppData\Local\Microsoft\OneDrive\OneDrive.exe,,,0x8000000000000000,Information,,,"Registry value set:

RuleName: -

EventType: SetValue

UtcTime: 2023-12-28 00:37:41.814

ProcessGuid: {fda94052-c354-658c-cf00-000000000c00}

ProcessId: 8712

Image: C:\Users\User\AppData\Local\Microsoft\OneDrive\OneDrive.exe

TargetObject: HKU\S-1-5-21-3832996301-1047793030-1114040027-1000_Classes\*\shellex\ContextMenuHandlers\ FileSyncEx\(Default)

Details: {CB3D0F55-BC2C-4C1A-85ED-23ED75B5106B}

User: WINDEV2309EVAL\User",,Info,,,,,,,{fda94052-c354-658c-cf00-000000000c00},3732,8712,,,,,,"
      ",-,,,,,,,,,,,,,,,2023-12-28T00:37:41.8182603Z,,,HKU\S-1-5-21-3832996301-1047793030-1114040027-1000_Classes\*\shellex\ContextMenuHandlers\ FileSyncEx\(Default),,,,Registry value set (rule: RegistryEvent),,4344,WINDEV2309EVAL\User,S-1-5-18,2023-12-28 00:37:41.814,2,"<Event xmlns=""http://schemas.microsoft.com/win/2004/08/events/event"">
    <System>
      <Provider Name=""Microsoft-Windows-Sysmon"" Guid=""{5770385f-c22a-43e0-bf4c-06f5698ffbd9}""/>
      <EventID>13</EventID>
      <Version>2</Version>
      <Level>4</Level>
      <Task>13</Task>
      <Opcode>0</Opcode>
      <Keywords>0x8000000000000000</Keywords>
      <TimeCreated SystemTime=""2023-12-28T00:37:41.8182603Z""/>
      <EventRecordID>9792</EventRecordID>
      <Correlation/>
      <Execution ProcessID=""3732"" ThreadID=""4344""/>
      <Channel>Microsoft-Windows-Sysmon/Operational</Channel>
      <Computer>WinDev2309Eval</Computer>
      <Security UserID=""S-1-5-18""/>
    </System>
    <EventData>
      <Data Name=""RuleName"">-</Data>
      <Data Name=""EventType"">SetValue</Data>
      <Data Name=""UtcTime"">2023-12-28 00:37:41.814</Data>
      <Data Name=""ProcessGuid"">{fda94052-c354-658c-cf00-000000000c00}</Data>
      <Data Name=""ProcessId"">8712</Data>
      <Data Name=""Image"">C:\Users\User\AppData\Local\Microsoft\OneDrive\OneDrive.exe</Data>
      <Data Name=""TargetObject"">HKU\S-1-5-21-3832996301-1047793030-1114040027-1000_Classes\*\shellex\ContextMenuHandlers\ FileSyncEx\(Default)</Data>
      <Data Name=""Details"">{CB3D0F55-BC2C-4C1A-85ED-23ED75B5106B}</Data>
      <Data Name=""User"">WINDEV2309EVAL\User</Data>
    </EventData>
    <RenderingInfo Culture=""en-US"">
      <Message>Registry value set:

RuleName: -

EventType: SetValue

UtcTime: 2023-12-28 00:37:41.814

ProcessGuid: {fda94052-c354-658c-cf00-000000000c00}

ProcessId: 8712

Image: C:\Users\User\AppData\Local\Microsoft\OneDrive\OneDrive.exe

TargetObject: HKU\S-1-5-21-3832996301-1047793030-1114040027-1000_Classes\*\shellex\ContextMenuHandlers\ FileSyncEx\(Default)

Details: {CB3D0F55-BC2C-4C1A-85ED-23ED75B5106B}

User: WINDEV2309EVAL\User</Message>
      <Level>Information</Level>
      <Task>Registry value set (rule: RegistryEvent)</Task>
      <Opcode>Info</Opcode>
    </RenderingInfo>
  </Event>
  
"
Microsoft-Windows-Sysmon/Operational,,,WinDev2309Eval,,,,,,,,,{CB3D0F55-BC2C-4C1A-85ED-23ED75B5106B},13,9791,SetValue,,,C:\Users\User\AppData\Local\Microsoft\OneDrive\OneDrive.exe,,,0x8000000000000000,Information,,,"Registry value set:

RuleName: -

EventType: SetValue

UtcTime: 2023-12-28 00:37:41.814

ProcessGuid: {fda94052-c354-658c-cf00-000000000c00}

ProcessId: 8712

Image: C:\Users\User\AppData\Local\Microsoft\OneDrive\OneDrive.exe

TargetObject: HKU\S-1-5-21-3832996301-1047793030-1114040027-1000_Classes\*\shellex\ContextMenuHandlers\ FileSyncEx\(Default)

Details: {CB3D0F55-BC2C-4C1A-85ED-23ED75B5106B}

User: WINDEV2309EVAL\User",,Info,,,,,,,{fda94052-c354-658c-cf00-000000000c00},3732,8712,,,,,,"
      ",-,,,,,,,,,,,,,,,2023-12-28T00:37:41.8182119Z,,,HKU\S-1-5-21-3832996301-1047793030-1114040027-1000_Classes\*\shellex\ContextMenuHandlers\ FileSyncEx\(Default),,,,Registry value set (rule: RegistryEvent),,4344,WINDEV2309EVAL\User,S-1-5-18,2023-12-28 00:37:41.814,2,"<Event xmlns=""http://schemas.microsoft.com/win/2004/08/events/event"">
    <System>
      <Provider Name=""Microsoft-Windows-Sysmon"" Guid=""{5770385f-c22a-43e0-bf4c-06f5698ffbd9}""/>
      <EventID>13</EventID>
      <Version>2</Version>
      <Level>4</Level>
      <Task>13</Task>
      <Opcode>0</Opcode>
      <Keywords>0x8000000000000000</Keywords>
      <TimeCreated SystemTime=""2023-12-28T00:37:41.8182119Z""/>
      <EventRecordID>9791</EventRecordID>
      <Correlation/>
      <Execution ProcessID=""3732"" ThreadID=""4344""/>
      <Channel>Microsoft-Windows-Sysmon/Operational</Channel>
      <Computer>WinDev2309Eval</Computer>
      <Security UserID=""S-1-5-18""/>
    </System>
    <EventData>
      <Data Name=""RuleName"">-</Data>
      <Data Name=""EventType"">SetValue</Data>
      <Data Name=""UtcTime"">2023-12-28 00:37:41.814</Data>
      <Data Name=""ProcessGuid"">{fda94052-c354-658c-cf00-000000000c00}</Data>
      <Data Name=""ProcessId"">8712</Data>
      <Data Name=""Image"">C:\Users\User\AppData\Local\Microsoft\OneDrive\OneDrive.exe</Data>
      <Data Name=""TargetObject"">HKU\S-1-5-21-3832996301-1047793030-1114040027-1000_Classes\*\shellex\ContextMenuHandlers\ FileSyncEx\(Default)</Data>
      <Data Name=""Details"">{CB3D0F55-BC2C-4C1A-85ED-23ED75B5106B}</Data>
      <Data Name=""User"">WINDEV2309EVAL\User</Data>
    </EventData>
    <RenderingInfo Culture=""en-US"">
      <Message>Registry value set:

RuleName: -

EventType: SetValue

UtcTime: 2023-12-28 00:37:41.814

ProcessGuid: {fda94052-c354-658c-cf00-000000000c00}

ProcessId: 8712

Image: C:\Users\User\AppData\Local\Microsoft\OneDrive\OneDrive.exe

TargetObject: HKU\S-1-5-21-3832996301-1047793030-1114040027-1000_Classes\*\shellex\ContextMenuHandlers\ FileSyncEx\(Default)

Details: {CB3D0F55-BC2C-4C1A-85ED-23ED75B5106B}

User: WINDEV2309EVAL\User</Message>
      <Level>Information</Level>
      <Task>Registry value set (rule: RegistryEvent)</Task>
      <Opcode>Info</Opcode>
    </RenderingInfo>
  </Event>
  
"
