Microsoft-Windows-Sysmon/Operational,C:\Windows\System32\svchost.exe -k CameraMonitor,Microsoft Corporation,WinDev2309Eval,,C:\Windows\system32\,Host Process for Windows Services,,,,,,,1,9450,,10.0.22621.1 (WinBuild.160101.0800),"MD5=8EC922C7A58A8701AB481B7BE9644536,SHA256=949BFB5B4C7D58D92F3F9C5F8EC7CA4CEAFFD10EC5F0020F0A987C472D61C54B,IMPHASH=76B4BAE80D2C3B08BB062D97BF9CA791",C:\Windows\System32\svchost.exe,,System,0x8000000000000000,Information,{fda94052-34eb-658d-e703-000000000000},0x3e7,"Process Create:

RuleName: -

UtcTime: 2023-12-28 00:35:54.802

ProcessGuid: {fda94052-c2ea-658c-6902-000000000b00}

ProcessId: 9384

Image: C:\Windows\System32\svchost.exe

FileVersion: 10.0.22621.1 (WinBuild.160101.0800)

Description: Host Process for Windows Services

Product: Microsoft Windows Operating System

Company: Microsoft Corporation

OriginalFileName: svchost.exe

CommandLine: C:\Windows\System32\svchost.exe -k CameraMonitor

CurrentDirectory: C:\Windows\system32\

User: NT AUTHORITY\SYSTEM

LogonGuid: {fda94052-34eb-658d-e703-000000000000}

LogonId: 0x3E7

TerminalSessionId: 0

IntegrityLevel: System

Hashes: MD5=8EC922C7A58A8701AB481B7BE9644536,SHA256=949BFB5B4C7D58D92F3F9C5F8EC7CA4CEAFFD10EC5F0020F0A987C472D61C54B,IMPHASH=76B4BAE80D2C3B08BB062D97BF9CA791

ParentProcessGuid: {00000000-0000-0000-0000-000000000000}

ParentProcessId: 788

ParentImage: -

ParentCommandLine: -

ParentUser: -",,Info,svchost.exe,-,-,{00000000-0000-0000-0000-000000000000},788,-,{fda94052-c2ea-658c-6902-000000000b00},7044,9384,Microsoft Windows Operating System,,,,,"
      ",-,,,,,,,,,,,,,,,2023-12-28T00:35:54.8059049Z,,,,,,,Process Create (rule: ProcessCreate),0,6672,NT AUTHORITY\SYSTEM,S-1-5-18,2023-12-28 00:35:54.802,5,"<Event xmlns=""http://schemas.microsoft.com/win/2004/08/events/event"">
    <System>
      <Provider Name=""Microsoft-Windows-Sysmon"" Guid=""{5770385f-c22a-43e0-bf4c-06f5698ffbd9}""/>
      <EventID>1</EventID>
      <Version>5</Version>
      <Level>4</Level>
      <Task>1</Task>
      <Opcode>0</Opcode>
      <Keywords>0x8000000000000000</Keywords>
      <TimeCreated SystemTime=""2023-12-28T00:35:54.8059049Z""/>
      <EventRecordID>9450</EventRecordID>
      <Correlation/>
      <Execution ProcessID=""7044"" ThreadID=""6672""/>
      <Channel>Microsoft-Windows-Sysmon/Operational</Channel>
      <Computer>WinDev2309Eval</Computer>
      <Security UserID=""S-1-5-18""/>
    </System>
    <EventData>
      <Data Name=""RuleName"">-</Data>
      <Data Name=""UtcTime"">2023-12-28 00:35:54.802</Data>
      <Data Name=""ProcessGuid"">{fda94052-c2ea-658c-6902-000000000b00}</Data>
      <Data Name=""ProcessId"">9384</Data>
      <Data Name=""Image"">C:\Windows\System32\svchost.exe</Data>
      <Data Name=""FileVersion"">10.0.22621.1 (WinBuild.160101.0800)</Data>
      <Data Name=""Description"">Host Process for Windows Services</Data>
      <Data Name=""Product"">Microsoft&#174; Windows&#174; Operating System</Data>
      <Data Name=""Company"">Microsoft Corporation</Data>
      <Data Name=""OriginalFileName"">svchost.exe</Data>
      <Data Name=""CommandLine"">C:\Windows\System32\svchost.exe -k CameraMonitor</Data>
      <Data Name=""CurrentDirectory"">C:\Windows\system32\</Data>
      <Data Name=""User"">NT AUTHORITY\SYSTEM</Data>
      <Data Name=""LogonGuid"">{fda94052-34eb-658d-e703-000000000000}</Data>
      <Data Name=""LogonId"">0x3e7</Data>
      <Data Name=""TerminalSessionId"">0</Data>
      <Data Name=""IntegrityLevel"">System</Data>
      <Data Name=""Hashes"">MD5=8EC922C7A58A8701AB481B7BE9644536,SHA256=949BFB5B4C7D58D92F3F9C5F8EC7CA4CEAFFD10EC5F0020F0A987C472D61C54B,IMPHASH=76B4BAE80D2C3B08BB062D97BF9CA791</Data>
      <Data Name=""ParentProcessGuid"">{00000000-0000-0000-0000-000000000000}</Data>
      <Data Name=""ParentProcessId"">788</Data>
      <Data Name=""ParentImage"">-</Data>
      <Data Name=""ParentCommandLine"">-</Data>
      <Data Name=""ParentUser"">-</Data>
    </EventData>
    <RenderingInfo Culture=""en-US"">
      <Message>Process Create:

RuleName: -

UtcTime: 2023-12-28 00:35:54.802

ProcessGuid: {fda94052-c2ea-658c-6902-000000000b00}

ProcessId: 9384

Image: C:\Windows\System32\svchost.exe

FileVersion: 10.0.22621.1 (WinBuild.160101.0800)

Description: Host Process for Windows Services

Product: Microsoft&#174; Windows&#174; Operating System

Company: Microsoft Corporation

OriginalFileName: svchost.exe

CommandLine: C:\Windows\System32\svchost.exe -k CameraMonitor

CurrentDirectory: C:\Windows\system32\

User: NT AUTHORITY\SYSTEM

LogonGuid: {fda94052-34eb-658d-e703-000000000000}

LogonId: 0x3E7

TerminalSessionId: 0

IntegrityLevel: System

Hashes: MD5=8EC922C7A58A8701AB481B7BE9644536,SHA256=949BFB5B4C7D58D92F3F9C5F8EC7CA4CEAFFD10EC5F0020F0A987C472D61C54B,IMPHASH=76B4BAE80D2C3B08BB062D97BF9CA791

ParentProcessGuid: {00000000-0000-0000-0000-000000000000}

ParentProcessId: 788

ParentImage: -

ParentCommandLine: -

ParentUser: -</Message>
      <Level>Information</Level>
      <Task>Process Create (rule: ProcessCreate)</Task>
      <Opcode>Info</Opcode>
    </RenderingInfo>
  </Event>
  
"
Microsoft-Windows-Sysmon/Operational,,,WinDev2309Eval,,,,,,,,,,5,9449,,,,C:\Users\User\AppData\Local\Microsoft\OneDrive\OneDrive.exe,,,0x8000000000000000,Information,,,"Process terminated:

RuleName: -

UtcTime: 2023-12-28 00:35:53.552

ProcessGuid: {fda94052-b76d-658c-9a01-000000000b00}

ProcessId: 4936

Image: C:\Users\User\AppData\Local\Microsoft\OneDrive\OneDrive.exe

User: WINDEV2309EVAL\User",,Info,,,,,,,{fda94052-b76d-658c-9a01-000000000b00},7044,4936,,,,,,"
      ",-,,,,,,,,,,,,,,,2023-12-28T00:35:53.5650347Z,,,,,,,Process terminated (rule: ProcessTerminate),,6672,WINDEV2309EVAL\User,S-1-5-18,2023-12-28 00:35:53.552,3,"<Event xmlns=""http://schemas.microsoft.com/win/2004/08/events/event"">
    <System>
      <Provider Name=""Microsoft-Windows-Sysmon"" Guid=""{5770385f-c22a-43e0-bf4c-06f5698ffbd9}""/>
      <EventID>5</EventID>
      <Version>3</Version>
      <Level>4</Level>
      <Task>5</Task>
      <Opcode>0</Opcode>
      <Keywords>0x8000000000000000</Keywords>
      <TimeCreated SystemTime=""2023-12-28T00:35:53.5650347Z""/>
      <EventRecordID>9449</EventRecordID>
      <Correlation/>
      <Execution ProcessID=""7044"" ThreadID=""6672""/>
      <Channel>Microsoft-Windows-Sysmon/Operational</Channel>
      <Computer>WinDev2309Eval</Computer>
      <Security UserID=""S-1-5-18""/>
    </System>
    <EventData>
      <Data Name=""RuleName"">-</Data>
      <Data Name=""UtcTime"">2023-12-28 00:35:53.552</Data>
      <Data Name=""ProcessGuid"">{fda94052-b76d-658c-9a01-000000000b00}</Data>
      <Data Name=""ProcessId"">4936</Data>
      <Data Name=""Image"">C:\Users\User\AppData\Local\Microsoft\OneDrive\OneDrive.exe</Data>
      <Data Name=""User"">WINDEV2309EVAL\User</Data>
    </EventData>
    <RenderingInfo Culture=""en-US"">
      <Message>Process terminated:

RuleName: -

UtcTime: 2023-12-28 00:35:53.552

ProcessGuid: {fda94052-b76d-658c-9a01-000000000b00}

ProcessId: 4936

Image: C:\Users\User\AppData\Local\Microsoft\OneDrive\OneDrive.exe

User: WINDEV2309EVAL\User</Message>
      <Level>Information</Level>
      <Task>Process terminated (rule: ProcessTerminate)</Task>
      <Opcode>Info</Opcode>
    </RenderingInfo>
  </Event>
  
"
Microsoft-Windows-Sysmon/Operational,,,WinDev2309Eval,,,,,,,,,,8,9448,,,,,,,0x8000000000000000,Information,,,"CreateRemoteThread detected:

RuleName: -

UtcTime: 2023-12-28 00:35:52.922

SourceProcessGuid: {fda94052-34eb-658d-0900-000000000b00}

SourceProcessId: 652

SourceImage: <unknown process>

TargetProcessGuid: {fda94052-b85d-658c-1b02-000000000b00}

TargetProcessId: 9344

TargetImage: C:\Program Files (x86)\Microsoft\EdgeWebView\Application\120.0.2210.91\msedgewebview2.exe

NewThreadId: 3192

StartAddress: 0x00007FFC70566B40

StartModule: C:\Windows\System32\KERNELBASE.dll

StartFunction: CtrlRoutine

SourceUser: NT AUTHORITY\SYSTEM

TargetUser: WINDEV2309EVAL\User",3192,Info,,,,,,,,7044,,,,,,,"
      ",-,,,<unknown process>,,,,,{fda94052-34eb-658d-0900-000000000b00},652,NT AUTHORITY\SYSTEM,0x00007FFC70566B40,CtrlRoutine,C:\Windows\System32\KERNELBASE.dll,,2023-12-28T00:35:52.9261299Z,,C:\Program Files (x86)\Microsoft\EdgeWebView\Application\120.0.2210.91\msedgewebview2.exe,,{fda94052-b85d-658c-1b02-000000000b00},9344,WINDEV2309EVAL\User,CreateRemoteThread detected (rule: CreateRemoteThread),,6672,,S-1-5-18,2023-12-28 00:35:52.922,2,"<Event xmlns=""http://schemas.microsoft.com/win/2004/08/events/event"">
    <System>
      <Provider Name=""Microsoft-Windows-Sysmon"" Guid=""{5770385f-c22a-43e0-bf4c-06f5698ffbd9}""/>
      <EventID>8</EventID>
      <Version>2</Version>
      <Level>4</Level>
      <Task>8</Task>
      <Opcode>0</Opcode>
      <Keywords>0x8000000000000000</Keywords>
      <TimeCreated SystemTime=""2023-12-28T00:35:52.9261299Z""/>
      <EventRecordID>9448</EventRecordID>
      <Correlation/>
      <Execution ProcessID=""7044"" ThreadID=""6672""/>
      <Channel>Microsoft-Windows-Sysmon/Operational</Channel>
      <Computer>WinDev2309Eval</Computer>
      <Security UserID=""S-1-5-18""/>
    </System>
    <EventData>
      <Data Name=""RuleName"">-</Data>
      <Data Name=""UtcTime"">2023-12-28 00:35:52.922</Data>
      <Data Name=""SourceProcessGuid"">{fda94052-34eb-658d-0900-000000000b00}</Data>
      <Data Name=""SourceProcessId"">652</Data>
      <Data Name=""SourceImage"">&lt;unknown process&gt;</Data>
      <Data Name=""TargetProcessGuid"">{fda94052-b85d-658c-1b02-000000000b00}</Data>
      <Data Name=""TargetProcessId"">9344</Data>
      <Data Name=""TargetImage"">C:\Program Files (x86)\Microsoft\EdgeWebView\Application\120.0.2210.91\msedgewebview2.exe</Data>
      <Data Name=""NewThreadId"">3192</Data>
      <Data Name=""StartAddress"">0x00007FFC70566B40</Data>
      <Data Name=""StartModule"">C:\Windows\System32\KERNELBASE.dll</Data>
      <Data Name=""StartFunction"">CtrlRoutine</Data>
      <Data Name=""SourceUser"">NT AUTHORITY\SYSTEM</Data>
      <Data Name=""TargetUser"">WINDEV2309EVAL\User</Data>
    </EventData>
    <RenderingInfo Culture=""en-US"">
      <Message>CreateRemoteThread detected:

RuleName: -

UtcTime: 2023-12-28 00:35:52.922

SourceProcessGuid: {fda94052-34eb-658d-0900-000000000b00}

SourceProcessId: 652

SourceImage: &lt;unknown process&gt;

TargetProcessGuid: {fda94052-b85d-658c-1b02-000000000b00}

TargetProcessId: 9344

TargetImage: C:\Program Files (x86)\Microsoft\EdgeWebView\Application\120.0.2210.91\msedgewebview2.exe

NewThreadId: 3192

StartAddress: 0x00007FFC70566B40

StartModule: C:\Windows\System32\KERNELBASE.dll

StartFunction: CtrlRoutine

SourceUser: NT AUTHORITY\SYSTEM

TargetUser: WINDEV2309EVAL\User</Message>
      <Level>Information</Level>
      <Task>CreateRemoteThread detected (rule: CreateRemoteThread)</Task>
      <Opcode>Info</Opcode>
    </RenderingInfo>
  </Event>
  
"
Microsoft-Windows-Sysmon/Operational,,,WinDev2309Eval,,,,,,,,,,8,9447,,,,,,,0x8000000000000000,Information,,,"CreateRemoteThread detected:

RuleName: -

UtcTime: 2023-12-28 00:35:52.922

SourceProcessGuid: {fda94052-34eb-658d-0900-000000000b00}

SourceProcessId: 652

SourceImage: <unknown process>

TargetProcessGuid: {fda94052-b84e-658c-0802-000000000b00}

TargetProcessId: 9012

TargetImage: C:\Program Files (x86)\Microsoft\Edge\Application\msedge.exe

NewThreadId: 8244

StartAddress: 0x00007FFC70566B40

StartModule: C:\Windows\System32\KERNELBASE.dll

StartFunction: CtrlRoutine

SourceUser: NT AUTHORITY\SYSTEM

TargetUser: WINDEV2309EVAL\User",8244,Info,,,,,,,,7044,,,,,,,"
      ",-,,,<unknown process>,,,,,{fda94052-34eb-658d-0900-000000000b00},652,NT AUTHORITY\SYSTEM,0x00007FFC70566B40,CtrlRoutine,C:\Windows\System32\KERNELBASE.dll,,2023-12-28T00:35:52.9258773Z,,C:\Program Files (x86)\Microsoft\Edge\Application\msedge.exe,,{fda94052-b84e-658c-0802-000000000b00},9012,WINDEV2309EVAL\User,CreateRemoteThread detected (rule: CreateRemoteThread),,6672,,S-1-5-18,2023-12-28 00:35:52.922,2,"<Event xmlns=""http://schemas.microsoft.com/win/2004/08/events/event"">
    <System>
      <Provider Name=""Microsoft-Windows-Sysmon"" Guid=""{5770385f-c22a-43e0-bf4c-06f5698ffbd9}""/>
      <EventID>8</EventID>
      <Version>2</Version>
      <Level>4</Level>
      <Task>8</Task>
      <Opcode>0</Opcode>
      <Keywords>0x8000000000000000</Keywords>
      <TimeCreated SystemTime=""2023-12-28T00:35:52.9258773Z""/>
      <EventRecordID>9447</EventRecordID>
      <Correlation/>
      <Execution ProcessID=""7044"" ThreadID=""6672""/>
      <Channel>Microsoft-Windows-Sysmon/Operational</Channel>
      <Computer>WinDev2309Eval</Computer>
      <Security UserID=""S-1-5-18""/>
    </System>
    <EventData>
      <Data Name=""RuleName"">-</Data>
      <Data Name=""UtcTime"">2023-12-28 00:35:52.922</Data>
      <Data Name=""SourceProcessGuid"">{fda94052-34eb-658d-0900-000000000b00}</Data>
      <Data Name=""SourceProcessId"">652</Data>
      <Data Name=""SourceImage"">&lt;unknown process&gt;</Data>
      <Data Name=""TargetProcessGuid"">{fda94052-b84e-658c-0802-000000000b00}</Data>
      <Data Name=""TargetProcessId"">9012</Data>
      <Data Name=""TargetImage"">C:\Program Files (x86)\Microsoft\Edge\Application\msedge.exe</Data>
      <Data Name=""NewThreadId"">8244</Data>
      <Data Name=""StartAddress"">0x00007FFC70566B40</Data>
      <Data Name=""StartModule"">C:\Windows\System32\KERNELBASE.dll</Data>
      <Data Name=""StartFunction"">CtrlRoutine</Data>
      <Data Name=""SourceUser"">NT AUTHORITY\SYSTEM</Data>
      <Data Name=""TargetUser"">WINDEV2309EVAL\User</Data>
    </EventData>
    <RenderingInfo Culture=""en-US"">
      <Message>CreateRemoteThread detected:

RuleName: -

UtcTime: 2023-12-28 00:35:52.922

SourceProcessGuid: {fda94052-34eb-658d-0900-000000000b00}

SourceProcessId: 652

SourceImage: &lt;unknown process&gt;

TargetProcessGuid: {fda94052-b84e-658c-0802-000000000b00}

TargetProcessId: 9012

TargetImage: C:\Program Files (x86)\Microsoft\Edge\Application\msedge.exe

NewThreadId: 8244

StartAddress: 0x00007FFC70566B40

StartModule: C:\Windows\System32\KERNELBASE.dll

StartFunction: CtrlRoutine

SourceUser: NT AUTHORITY\SYSTEM

TargetUser: WINDEV2309EVAL\User</Message>
      <Level>Information</Level>
      <Task>CreateRemoteThread detected (rule: CreateRemoteThread)</Task>
      <Opcode>Info</Opcode>
    </RenderingInfo>
  </Event>
  
"
Microsoft-Windows-Sysmon/Operational,,,WinDev2309Eval,,,,,,,,,,8,9446,,,,,,,0x8000000000000000,Information,,,"CreateRemoteThread detected:

RuleName: -

UtcTime: 2023-12-28 00:35:52.922

SourceProcessGuid: {fda94052-34eb-658d-0900-000000000b00}

SourceProcessId: 652

SourceImage: <unknown process>

TargetProcessGuid: {fda94052-b850-658c-0c02-000000000b00}

TargetProcessId: 5100

TargetImage: C:\Program Files (x86)\Microsoft\Edge\Application\msedge.exe

NewThreadId: 4336

StartAddress: 0x00007FFC70566B40

StartModule: C:\Windows\System32\KERNELBASE.dll

StartFunction: CtrlRoutine

SourceUser: NT AUTHORITY\SYSTEM

TargetUser: WINDEV2309EVAL\User",4336,Info,,,,,,,,7044,,,,,,,"
      ",-,,,<unknown process>,,,,,{fda94052-34eb-658d-0900-000000000b00},652,NT AUTHORITY\SYSTEM,0x00007FFC70566B40,CtrlRoutine,C:\Windows\System32\KERNELBASE.dll,,2023-12-28T00:35:52.9255668Z,,C:\Program Files (x86)\Microsoft\Edge\Application\msedge.exe,,{fda94052-b850-658c-0c02-000000000b00},5100,WINDEV2309EVAL\User,CreateRemoteThread detected (rule: CreateRemoteThread),,6672,,S-1-5-18,2023-12-28 00:35:52.922,2,"<Event xmlns=""http://schemas.microsoft.com/win/2004/08/events/event"">
    <System>
      <Provider Name=""Microsoft-Windows-Sysmon"" Guid=""{5770385f-c22a-43e0-bf4c-06f5698ffbd9}""/>
      <EventID>8</EventID>
      <Version>2</Version>
      <Level>4</Level>
      <Task>8</Task>
      <Opcode>0</Opcode>
      <Keywords>0x8000000000000000</Keywords>
      <TimeCreated SystemTime=""2023-12-28T00:35:52.9255668Z""/>
      <EventRecordID>9446</EventRecordID>
      <Correlation/>
      <Execution ProcessID=""7044"" ThreadID=""6672""/>
      <Channel>Microsoft-Windows-Sysmon/Operational</Channel>
      <Computer>WinDev2309Eval</Computer>
      <Security UserID=""S-1-5-18""/>
    </System>
    <EventData>
      <Data Name=""RuleName"">-</Data>
      <Data Name=""UtcTime"">2023-12-28 00:35:52.922</Data>
      <Data Name=""SourceProcessGuid"">{fda94052-34eb-658d-0900-000000000b00}</Data>
      <Data Name=""SourceProcessId"">652</Data>
      <Data Name=""SourceImage"">&lt;unknown process&gt;</Data>
      <Data Name=""TargetProcessGuid"">{fda94052-b850-658c-0c02-000000000b00}</Data>
      <Data Name=""TargetProcessId"">5100</Data>
      <Data Name=""TargetImage"">C:\Program Files (x86)\Microsoft\Edge\Application\msedge.exe</Data>
      <Data Name=""NewThreadId"">4336</Data>
      <Data Name=""StartAddress"">0x00007FFC70566B40</Data>
      <Data Name=""StartModule"">C:\Windows\System32\KERNELBASE.dll</Data>
      <Data Name=""StartFunction"">CtrlRoutine</Data>
      <Data Name=""SourceUser"">NT AUTHORITY\SYSTEM</Data>
      <Data Name=""TargetUser"">WINDEV2309EVAL\User</Data>
    </EventData>
    <RenderingInfo Culture=""en-US"">
      <Message>CreateRemoteThread detected:

RuleName: -

UtcTime: 2023-12-28 00:35:52.922

SourceProcessGuid: {fda94052-34eb-658d-0900-000000000b00}

SourceProcessId: 652

SourceImage: &lt;unknown process&gt;

TargetProcessGuid: {fda94052-b850-658c-0c02-000000000b00}

TargetProcessId: 5100

TargetImage: C:\Program Files (x86)\Microsoft\Edge\Application\msedge.exe

NewThreadId: 4336

StartAddress: 0x00007FFC70566B40

StartModule: C:\Windows\System32\KERNELBASE.dll

StartFunction: CtrlRoutine

SourceUser: NT AUTHORITY\SYSTEM

TargetUser: WINDEV2309EVAL\User</Message>
      <Level>Information</Level>
      <Task>CreateRemoteThread detected (rule: CreateRemoteThread)</Task>
      <Opcode>Info</Opcode>
    </RenderingInfo>
  </Event>
  
"
Microsoft-Windows-Sysmon/Operational,,,WinDev2309Eval,,,,,,,,,,8,9445,,,,,,,0x8000000000000000,Information,,,"CreateRemoteThread detected:

RuleName: -

UtcTime: 2023-12-28 00:35:52.922

SourceProcessGuid: {fda94052-34eb-658d-0900-000000000b00}

SourceProcessId: 652

SourceImage: <unknown process>

TargetProcessGuid: {fda94052-b855-658c-1202-000000000b00}

TargetProcessId: 3980

TargetImage: C:\Program Files (x86)\Microsoft\Edge\Application\msedge.exe

NewThreadId: 2288

StartAddress: 0x00007FFC70566B40

StartModule: C:\Windows\System32\KERNELBASE.dll

StartFunction: CtrlRoutine

SourceUser: NT AUTHORITY\SYSTEM

TargetUser: WINDEV2309EVAL\User",2288,Info,,,,,,,,7044,,,,,,,"
      ",-,,,<unknown process>,,,,,{fda94052-34eb-658d-0900-000000000b00},652,NT AUTHORITY\SYSTEM,0x00007FFC70566B40,CtrlRoutine,C:\Windows\System32\KERNELBASE.dll,,2023-12-28T00:35:52.9252923Z,,C:\Program Files (x86)\Microsoft\Edge\Application\msedge.exe,,{fda94052-b855-658c-1202-000000000b00},3980,WINDEV2309EVAL\User,CreateRemoteThread detected (rule: CreateRemoteThread),,6672,,S-1-5-18,2023-12-28 00:35:52.922,2,"<Event xmlns=""http://schemas.microsoft.com/win/2004/08/events/event"">
    <System>
      <Provider Name=""Microsoft-Windows-Sysmon"" Guid=""{5770385f-c22a-43e0-bf4c-06f5698ffbd9}""/>
      <EventID>8</EventID>
      <Version>2</Version>
      <Level>4</Level>
      <Task>8</Task>
      <Opcode>0</Opcode>
      <Keywords>0x8000000000000000</Keywords>
      <TimeCreated SystemTime=""2023-12-28T00:35:52.9252923Z""/>
      <EventRecordID>9445</EventRecordID>
      <Correlation/>
      <Execution ProcessID=""7044"" ThreadID=""6672""/>
      <Channel>Microsoft-Windows-Sysmon/Operational</Channel>
      <Computer>WinDev2309Eval</Computer>
      <Security UserID=""S-1-5-18""/>
    </System>
    <EventData>
      <Data Name=""RuleName"">-</Data>
      <Data Name=""UtcTime"">2023-12-28 00:35:52.922</Data>
      <Data Name=""SourceProcessGuid"">{fda94052-34eb-658d-0900-000000000b00}</Data>
      <Data Name=""SourceProcessId"">652</Data>
      <Data Name=""SourceImage"">&lt;unknown process&gt;</Data>
      <Data Name=""TargetProcessGuid"">{fda94052-b855-658c-1202-000000000b00}</Data>
      <Data Name=""TargetProcessId"">3980</Data>
      <Data Name=""TargetImage"">C:\Program Files (x86)\Microsoft\Edge\Application\msedge.exe</Data>
      <Data Name=""NewThreadId"">2288</Data>
      <Data Name=""StartAddress"">0x00007FFC70566B40</Data>
      <Data Name=""StartModule"">C:\Windows\System32\KERNELBASE.dll</Data>
      <Data Name=""StartFunction"">CtrlRoutine</Data>
      <Data Name=""SourceUser"">NT AUTHORITY\SYSTEM</Data>
      <Data Name=""TargetUser"">WINDEV2309EVAL\User</Data>
    </EventData>
    <RenderingInfo Culture=""en-US"">
      <Message>CreateRemoteThread detected:

RuleName: -

UtcTime: 2023-12-28 00:35:52.922

SourceProcessGuid: {fda94052-34eb-658d-0900-000000000b00}

SourceProcessId: 652

SourceImage: &lt;unknown process&gt;

TargetProcessGuid: {fda94052-b855-658c-1202-000000000b00}

TargetProcessId: 3980

TargetImage: C:\Program Files (x86)\Microsoft\Edge\Application\msedge.exe

NewThreadId: 2288

StartAddress: 0x00007FFC70566B40

StartModule: C:\Windows\System32\KERNELBASE.dll

StartFunction: CtrlRoutine

SourceUser: NT AUTHORITY\SYSTEM

TargetUser: WINDEV2309EVAL\User</Message>
      <Level>Information</Level>
      <Task>CreateRemoteThread detected (rule: CreateRemoteThread)</Task>
      <Opcode>Info</Opcode>
    </RenderingInfo>
  </Event>
  
"
Microsoft-Windows-Sysmon/Operational,,,WinDev2309Eval,,,,,,,,,,8,9444,,,,,,,0x8000000000000000,Information,,,"CreateRemoteThread detected:

RuleName: -

UtcTime: 2023-12-28 00:35:52.922

SourceProcessGuid: {fda94052-34eb-658d-0900-000000000b00}

SourceProcessId: 652

SourceImage: <unknown process>

TargetProcessGuid: {fda94052-b850-658c-0d02-000000000b00}

TargetProcessId: 1968

TargetImage: C:\Program Files (x86)\Microsoft\Edge\Application\msedge.exe

NewThreadId: 4780

StartAddress: 0x00007FFC70566B40

StartModule: C:\Windows\System32\KERNELBASE.dll

StartFunction: CtrlRoutine

SourceUser: NT AUTHORITY\SYSTEM

TargetUser: WINDEV2309EVAL\User",4780,Info,,,,,,,,7044,,,,,,,"
      ",-,,,<unknown process>,,,,,{fda94052-34eb-658d-0900-000000000b00},652,NT AUTHORITY\SYSTEM,0x00007FFC70566B40,CtrlRoutine,C:\Windows\System32\KERNELBASE.dll,,2023-12-28T00:35:52.9250186Z,,C:\Program Files (x86)\Microsoft\Edge\Application\msedge.exe,,{fda94052-b850-658c-0d02-000000000b00},1968,WINDEV2309EVAL\User,CreateRemoteThread detected (rule: CreateRemoteThread),,6672,,S-1-5-18,2023-12-28 00:35:52.922,2,"<Event xmlns=""http://schemas.microsoft.com/win/2004/08/events/event"">
    <System>
      <Provider Name=""Microsoft-Windows-Sysmon"" Guid=""{5770385f-c22a-43e0-bf4c-06f5698ffbd9}""/>
      <EventID>8</EventID>
      <Version>2</Version>
      <Level>4</Level>
      <Task>8</Task>
      <Opcode>0</Opcode>
      <Keywords>0x8000000000000000</Keywords>
      <TimeCreated SystemTime=""2023-12-28T00:35:52.9250186Z""/>
      <EventRecordID>9444</EventRecordID>
      <Correlation/>
      <Execution ProcessID=""7044"" ThreadID=""6672""/>
      <Channel>Microsoft-Windows-Sysmon/Operational</Channel>
      <Computer>WinDev2309Eval</Computer>
      <Security UserID=""S-1-5-18""/>
    </System>
    <EventData>
      <Data Name=""RuleName"">-</Data>
      <Data Name=""UtcTime"">2023-12-28 00:35:52.922</Data>
      <Data Name=""SourceProcessGuid"">{fda94052-34eb-658d-0900-000000000b00}</Data>
      <Data Name=""SourceProcessId"">652</Data>
      <Data Name=""SourceImage"">&lt;unknown process&gt;</Data>
      <Data Name=""TargetProcessGuid"">{fda94052-b850-658c-0d02-000000000b00}</Data>
      <Data Name=""TargetProcessId"">1968</Data>
      <Data Name=""TargetImage"">C:\Program Files (x86)\Microsoft\Edge\Application\msedge.exe</Data>
      <Data Name=""NewThreadId"">4780</Data>
      <Data Name=""StartAddress"">0x00007FFC70566B40</Data>
      <Data Name=""StartModule"">C:\Windows\System32\KERNELBASE.dll</Data>
      <Data Name=""StartFunction"">CtrlRoutine</Data>
      <Data Name=""SourceUser"">NT AUTHORITY\SYSTEM</Data>
      <Data Name=""TargetUser"">WINDEV2309EVAL\User</Data>
    </EventData>
    <RenderingInfo Culture=""en-US"">
      <Message>CreateRemoteThread detected:

RuleName: -

UtcTime: 2023-12-28 00:35:52.922

SourceProcessGuid: {fda94052-34eb-658d-0900-000000000b00}

SourceProcessId: 652

SourceImage: &lt;unknown process&gt;

TargetProcessGuid: {fda94052-b850-658c-0d02-000000000b00}

TargetProcessId: 1968

TargetImage: C:\Program Files (x86)\Microsoft\Edge\Application\msedge.exe

NewThreadId: 4780

StartAddress: 0x00007FFC70566B40

StartModule: C:\Windows\System32\KERNELBASE.dll

StartFunction: CtrlRoutine

SourceUser: NT AUTHORITY\SYSTEM

TargetUser: WINDEV2309EVAL\User</Message>
      <Level>Information</Level>
      <Task>CreateRemoteThread detected (rule: CreateRemoteThread)</Task>
      <Opcode>Info</Opcode>
    </RenderingInfo>
  </Event>
  
"
Microsoft-Windows-Sysmon/Operational,,,WinDev2309Eval,,,,,,,,,,8,9443,,,,,,,0x8000000000000000,Information,,,"CreateRemoteThread detected:

RuleName: -

UtcTime: 2023-12-28 00:35:52.922

SourceProcessGuid: {fda94052-34eb-658d-0900-000000000b00}

SourceProcessId: 652

SourceImage: <unknown process>

TargetProcessGuid: {fda94052-b85e-658c-1c02-000000000b00}

TargetProcessId: 1436

TargetImage: C:\Program Files (x86)\Microsoft\EdgeWebView\Application\120.0.2210.91\msedgewebview2.exe

NewThreadId: 6364

StartAddress: 0x00007FFC70566B40

StartModule: C:\Windows\System32\KERNELBASE.dll

StartFunction: CtrlRoutine

SourceUser: NT AUTHORITY\SYSTEM

TargetUser: WINDEV2309EVAL\User",6364,Info,,,,,,,,7044,,,,,,,"
      ",-,,,<unknown process>,,,,,{fda94052-34eb-658d-0900-000000000b00},652,NT AUTHORITY\SYSTEM,0x00007FFC70566B40,CtrlRoutine,C:\Windows\System32\KERNELBASE.dll,,2023-12-28T00:35:52.9248088Z,,C:\Program Files (x86)\Microsoft\EdgeWebView\Application\120.0.2210.91\msedgewebview2.exe,,{fda94052-b85e-658c-1c02-000000000b00},1436,WINDEV2309EVAL\User,CreateRemoteThread detected (rule: CreateRemoteThread),,6672,,S-1-5-18,2023-12-28 00:35:52.922,2,"<Event xmlns=""http://schemas.microsoft.com/win/2004/08/events/event"">
    <System>
      <Provider Name=""Microsoft-Windows-Sysmon"" Guid=""{5770385f-c22a-43e0-bf4c-06f5698ffbd9}""/>
      <EventID>8</EventID>
      <Version>2</Version>
      <Level>4</Level>
      <Task>8</Task>
      <Opcode>0</Opcode>
      <Keywords>0x8000000000000000</Keywords>
      <TimeCreated SystemTime=""2023-12-28T00:35:52.9248088Z""/>
      <EventRecordID>9443</EventRecordID>
      <Correlation/>
      <Execution ProcessID=""7044"" ThreadID=""6672""/>
      <Channel>Microsoft-Windows-Sysmon/Operational</Channel>
      <Computer>WinDev2309Eval</Computer>
      <Security UserID=""S-1-5-18""/>
    </System>
    <EventData>
      <Data Name=""RuleName"">-</Data>
      <Data Name=""UtcTime"">2023-12-28 00:35:52.922</Data>
      <Data Name=""SourceProcessGuid"">{fda94052-34eb-658d-0900-000000000b00}</Data>
      <Data Name=""SourceProcessId"">652</Data>
      <Data Name=""SourceImage"">&lt;unknown process&gt;</Data>
      <Data Name=""TargetProcessGuid"">{fda94052-b85e-658c-1c02-000000000b00}</Data>
      <Data Name=""TargetProcessId"">1436</Data>
      <Data Name=""TargetImage"">C:\Program Files (x86)\Microsoft\EdgeWebView\Application\120.0.2210.91\msedgewebview2.exe</Data>
      <Data Name=""NewThreadId"">6364</Data>
      <Data Name=""StartAddress"">0x00007FFC70566B40</Data>
      <Data Name=""StartModule"">C:\Windows\System32\KERNELBASE.dll</Data>
      <Data Name=""StartFunction"">CtrlRoutine</Data>
      <Data Name=""SourceUser"">NT AUTHORITY\SYSTEM</Data>
      <Data Name=""TargetUser"">WINDEV2309EVAL\User</Data>
    </EventData>
    <RenderingInfo Culture=""en-US"">
      <Message>CreateRemoteThread detected:

RuleName: -

UtcTime: 2023-12-28 00:35:52.922

SourceProcessGuid: {fda94052-34eb-658d-0900-000000000b00}

SourceProcessId: 652

SourceImage: &lt;unknown process&gt;

TargetProcessGuid: {fda94052-b85e-658c-1c02-000000000b00}

TargetProcessId: 1436

TargetImage: C:\Program Files (x86)\Microsoft\EdgeWebView\Application\120.0.2210.91\msedgewebview2.exe

NewThreadId: 6364

StartAddress: 0x00007FFC70566B40

StartModule: C:\Windows\System32\KERNELBASE.dll

StartFunction: CtrlRoutine

SourceUser: NT AUTHORITY\SYSTEM

TargetUser: WINDEV2309EVAL\User</Message>
      <Level>Information</Level>
      <Task>CreateRemoteThread detected (rule: CreateRemoteThread)</Task>
      <Opcode>Info</Opcode>
    </RenderingInfo>
  </Event>
  
"
Microsoft-Windows-Sysmon/Operational,C:\Windows\system32\vssvc.exe,Microsoft Corporation,WinDev2309Eval,,C:\Windows\system32\,Microsoft Volume Shadow Copy Service,,,,,,,1,9442,,10.0.22621.1 (WinBuild.160101.0800),"MD5=E41824427731D3933591BCD216674818,SHA256=321120DE419B488B6EB0D9F32E733756FE9E97689FC0FE7FD2C9BF50AFB1BCC4,IMPHASH=BC0F5315EEA41E76B544E9F6ACFE1FEE",C:\Windows\System32\VSSVC.exe,,System,0x8000000000000000,Information,{fda94052-34eb-658d-e703-000000000000},0x3e7,"Process Create:

RuleName: -

UtcTime: 2023-12-28 00:35:52.677

ProcessGuid: {fda94052-c2e8-658c-6602-000000000b00}

ProcessId: 8444

Image: C:\Windows\System32\VSSVC.exe

FileVersion: 10.0.22621.1 (WinBuild.160101.0800)

Description: Microsoft Volume Shadow Copy Service

Product: Microsoft Windows Operating System

Company: Microsoft Corporation

OriginalFileName: VSSVC.EXE

CommandLine: C:\Windows\system32\vssvc.exe

CurrentDirectory: C:\Windows\system32\

User: NT AUTHORITY\SYSTEM

LogonGuid: {fda94052-34eb-658d-e703-000000000000}

LogonId: 0x3E7

TerminalSessionId: 0

IntegrityLevel: System

Hashes: MD5=E41824427731D3933591BCD216674818,SHA256=321120DE419B488B6EB0D9F32E733756FE9E97689FC0FE7FD2C9BF50AFB1BCC4,IMPHASH=BC0F5315EEA41E76B544E9F6ACFE1FEE

ParentProcessGuid: {00000000-0000-0000-0000-000000000000}

ParentProcessId: 788

ParentImage: -

ParentCommandLine: -

ParentUser: -",,Info,VSSVC.EXE,-,-,{00000000-0000-0000-0000-000000000000},788,-,{fda94052-c2e8-658c-6602-000000000b00},7044,8444,Microsoft Windows Operating System,,,,,"
      ",-,,,,,,,,,,,,,,,2023-12-28T00:35:52.6917010Z,,,,,,,Process Create (rule: ProcessCreate),0,6672,NT AUTHORITY\SYSTEM,S-1-5-18,2023-12-28 00:35:52.677,5,"<Event xmlns=""http://schemas.microsoft.com/win/2004/08/events/event"">
    <System>
      <Provider Name=""Microsoft-Windows-Sysmon"" Guid=""{5770385f-c22a-43e0-bf4c-06f5698ffbd9}""/>
      <EventID>1</EventID>
      <Version>5</Version>
      <Level>4</Level>
      <Task>1</Task>
      <Opcode>0</Opcode>
      <Keywords>0x8000000000000000</Keywords>
      <TimeCreated SystemTime=""2023-12-28T00:35:52.6917010Z""/>
      <EventRecordID>9442</EventRecordID>
      <Correlation/>
      <Execution ProcessID=""7044"" ThreadID=""6672""/>
      <Channel>Microsoft-Windows-Sysmon/Operational</Channel>
      <Computer>WinDev2309Eval</Computer>
      <Security UserID=""S-1-5-18""/>
    </System>
    <EventData>
      <Data Name=""RuleName"">-</Data>
      <Data Name=""UtcTime"">2023-12-28 00:35:52.677</Data>
      <Data Name=""ProcessGuid"">{fda94052-c2e8-658c-6602-000000000b00}</Data>
      <Data Name=""ProcessId"">8444</Data>
      <Data Name=""Image"">C:\Windows\System32\VSSVC.exe</Data>
      <Data Name=""FileVersion"">10.0.22621.1 (WinBuild.160101.0800)</Data>
      <Data Name=""Description"">Microsoft&#174; Volume Shadow Copy Service</Data>
      <Data Name=""Product"">Microsoft&#174; Windows&#174; Operating System</Data>
      <Data Name=""Company"">Microsoft Corporation</Data>
      <Data Name=""OriginalFileName"">VSSVC.EXE</Data>
      <Data Name=""CommandLine"">C:\Windows\system32\vssvc.exe</Data>
      <Data Name=""CurrentDirectory"">C:\Windows\system32\</Data>
      <Data Name=""User"">NT AUTHORITY\SYSTEM</Data>
      <Data Name=""LogonGuid"">{fda94052-34eb-658d-e703-000000000000}</Data>
      <Data Name=""LogonId"">0x3e7</Data>
      <Data Name=""TerminalSessionId"">0</Data>
      <Data Name=""IntegrityLevel"">System</Data>
      <Data Name=""Hashes"">MD5=E41824427731D3933591BCD216674818,SHA256=321120DE419B488B6EB0D9F32E733756FE9E97689FC0FE7FD2C9BF50AFB1BCC4,IMPHASH=BC0F5315EEA41E76B544E9F6ACFE1FEE</Data>
      <Data Name=""ParentProcessGuid"">{00000000-0000-0000-0000-000000000000}</Data>
      <Data Name=""ParentProcessId"">788</Data>
      <Data Name=""ParentImage"">-</Data>
      <Data Name=""ParentCommandLine"">-</Data>
      <Data Name=""ParentUser"">-</Data>
    </EventData>
    <RenderingInfo Culture=""en-US"">
      <Message>Process Create:

RuleName: -

UtcTime: 2023-12-28 00:35:52.677

ProcessGuid: {fda94052-c2e8-658c-6602-000000000b00}

ProcessId: 8444

Image: C:\Windows\System32\VSSVC.exe

FileVersion: 10.0.22621.1 (WinBuild.160101.0800)

Description: Microsoft&#174; Volume Shadow Copy Service

Product: Microsoft&#174; Windows&#174; Operating System

Company: Microsoft Corporation

OriginalFileName: VSSVC.EXE

CommandLine: C:\Windows\system32\vssvc.exe

CurrentDirectory: C:\Windows\system32\

User: NT AUTHORITY\SYSTEM

LogonGuid: {fda94052-34eb-658d-e703-000000000000}

LogonId: 0x3E7

TerminalSessionId: 0

IntegrityLevel: System

Hashes: MD5=E41824427731D3933591BCD216674818,SHA256=321120DE419B488B6EB0D9F32E733756FE9E97689FC0FE7FD2C9BF50AFB1BCC4,IMPHASH=BC0F5315EEA41E76B544E9F6ACFE1FEE

ParentProcessGuid: {00000000-0000-0000-0000-000000000000}

ParentProcessId: 788

ParentImage: -

ParentCommandLine: -

ParentUser: -</Message>
      <Level>Information</Level>
      <Task>Process Create (rule: ProcessCreate)</Task>
      <Opcode>Info</Opcode>
    </RenderingInfo>
  </Event>
  
"
Microsoft-Windows-Sysmon/Operational,,,WinDev2309Eval,,,,,,,,,,5,9441,,,,C:\Users\User\AppData\Local\Microsoft\OneDrive\23.246.1127.0002\Microsoft.SharePoint.exe,,,0x8000000000000000,Information,,,"Process terminated:

RuleName: -

UtcTime: 2023-12-28 00:35:51.668

ProcessGuid: {fda94052-b776-658c-9f01-000000000b00}

ProcessId: 2380

Image: C:\Users\User\AppData\Local\Microsoft\OneDrive\23.246.1127.0002\Microsoft.SharePoint.exe

User: WINDEV2309EVAL\User",,Info,,,,,,,{fda94052-b776-658c-9f01-000000000b00},7044,2380,,,,,,"
      ",-,,,,,,,,,,,,,,,2023-12-28T00:35:51.7254522Z,,,,,,,Process terminated (rule: ProcessTerminate),,6672,WINDEV2309EVAL\User,S-1-5-18,2023-12-28 00:35:51.668,3,"<Event xmlns=""http://schemas.microsoft.com/win/2004/08/events/event"">
    <System>
      <Provider Name=""Microsoft-Windows-Sysmon"" Guid=""{5770385f-c22a-43e0-bf4c-06f5698ffbd9}""/>
      <EventID>5</EventID>
      <Version>3</Version>
      <Level>4</Level>
      <Task>5</Task>
      <Opcode>0</Opcode>
      <Keywords>0x8000000000000000</Keywords>
      <TimeCreated SystemTime=""2023-12-28T00:35:51.7254522Z""/>
      <EventRecordID>9441</EventRecordID>
      <Correlation/>
      <Execution ProcessID=""7044"" ThreadID=""6672""/>
      <Channel>Microsoft-Windows-Sysmon/Operational</Channel>
      <Computer>WinDev2309Eval</Computer>
      <Security UserID=""S-1-5-18""/>
    </System>
    <EventData>
      <Data Name=""RuleName"">-</Data>
      <Data Name=""UtcTime"">2023-12-28 00:35:51.668</Data>
      <Data Name=""ProcessGuid"">{fda94052-b776-658c-9f01-000000000b00}</Data>
      <Data Name=""ProcessId"">2380</Data>
      <Data Name=""Image"">C:\Users\User\AppData\Local\Microsoft\OneDrive\23.246.1127.0002\Microsoft.SharePoint.exe</Data>
      <Data Name=""User"">WINDEV2309EVAL\User</Data>
    </EventData>
    <RenderingInfo Culture=""en-US"">
      <Message>Process terminated:

RuleName: -

UtcTime: 2023-12-28 00:35:51.668

ProcessGuid: {fda94052-b776-658c-9f01-000000000b00}

ProcessId: 2380

Image: C:\Users\User\AppData\Local\Microsoft\OneDrive\23.246.1127.0002\Microsoft.SharePoint.exe

User: WINDEV2309EVAL\User</Message>
      <Level>Information</Level>
      <Task>Process terminated (rule: ProcessTerminate)</Task>
      <Opcode>Info</Opcode>
    </RenderingInfo>
  </Event>
  
"
Microsoft-Windows-Sysmon/Operational,taskhostw.exe,Microsoft Corporation,WinDev2309Eval,,C:\Windows\system32\,Host Process for Windows Tasks,,,,,,,1,9440,,10.0.22621.1635 (WinBuild.160101.0800),"MD5=4887A65FD4F6598AF4986CBC1C0E5488,SHA256=82472A84BCBB4009ADD338200F8E853FE4C5EAFE2E2C3A2D711B85BF29B72D54,IMPHASH=1C4E2D9936E4D9F2490B08AAB4D24260",C:\Windows\System32\taskhostw.exe,,System,0x8000000000000000,Information,{fda94052-34eb-658d-e703-000000000000},0x3e7,"Process Create:

RuleName: -

UtcTime: 2023-12-28 00:35:51.564

ProcessGuid: {fda94052-c2e7-658c-5f02-000000000b00}

ProcessId: 9296

Image: C:\Windows\System32\taskhostw.exe

FileVersion: 10.0.22621.1635 (WinBuild.160101.0800)

Description: Host Process for Windows Tasks

Product: Microsoft Windows Operating System

Company: Microsoft Corporation

OriginalFileName: taskhostw.exe

CommandLine: taskhostw.exe

CurrentDirectory: C:\Windows\system32\

User: NT AUTHORITY\SYSTEM

LogonGuid: {fda94052-34eb-658d-e703-000000000000}

LogonId: 0x3E7

TerminalSessionId: 0

IntegrityLevel: System

Hashes: MD5=4887A65FD4F6598AF4986CBC1C0E5488,SHA256=82472A84BCBB4009ADD338200F8E853FE4C5EAFE2E2C3A2D711B85BF29B72D54,IMPHASH=1C4E2D9936E4D9F2490B08AAB4D24260

ParentProcessGuid: {00000000-0000-0000-0000-000000000000}

ParentProcessId: 1900

ParentImage: -

ParentCommandLine: -

ParentUser: -",,Info,taskhostw.exe,-,-,{00000000-0000-0000-0000-000000000000},1900,-,{fda94052-c2e7-658c-5f02-000000000b00},7044,9296,Microsoft Windows Operating System,,,,,"
      ",-,,,,,,,,,,,,,,,2023-12-28T00:35:51.5705293Z,,,,,,,Process Create (rule: ProcessCreate),0,6672,NT AUTHORITY\SYSTEM,S-1-5-18,2023-12-28 00:35:51.564,5,"<Event xmlns=""http://schemas.microsoft.com/win/2004/08/events/event"">
    <System>
      <Provider Name=""Microsoft-Windows-Sysmon"" Guid=""{5770385f-c22a-43e0-bf4c-06f5698ffbd9}""/>
      <EventID>1</EventID>
      <Version>5</Version>
      <Level>4</Level>
      <Task>1</Task>
      <Opcode>0</Opcode>
      <Keywords>0x8000000000000000</Keywords>
      <TimeCreated SystemTime=""2023-12-28T00:35:51.5705293Z""/>
      <EventRecordID>9440</EventRecordID>
      <Correlation/>
      <Execution ProcessID=""7044"" ThreadID=""6672""/>
      <Channel>Microsoft-Windows-Sysmon/Operational</Channel>
      <Computer>WinDev2309Eval</Computer>
      <Security UserID=""S-1-5-18""/>
    </System>
    <EventData>
      <Data Name=""RuleName"">-</Data>
      <Data Name=""UtcTime"">2023-12-28 00:35:51.564</Data>
      <Data Name=""ProcessGuid"">{fda94052-c2e7-658c-5f02-000000000b00}</Data>
      <Data Name=""ProcessId"">9296</Data>
      <Data Name=""Image"">C:\Windows\System32\taskhostw.exe</Data>
      <Data Name=""FileVersion"">10.0.22621.1635 (WinBuild.160101.0800)</Data>
      <Data Name=""Description"">Host Process for Windows Tasks</Data>
      <Data Name=""Product"">Microsoft&#174; Windows&#174; Operating System</Data>
      <Data Name=""Company"">Microsoft Corporation</Data>
      <Data Name=""OriginalFileName"">taskhostw.exe</Data>
      <Data Name=""CommandLine"">taskhostw.exe</Data>
      <Data Name=""CurrentDirectory"">C:\Windows\system32\</Data>
      <Data Name=""User"">NT AUTHORITY\SYSTEM</Data>
      <Data Name=""LogonGuid"">{fda94052-34eb-658d-e703-000000000000}</Data>
      <Data Name=""LogonId"">0x3e7</Data>
      <Data Name=""TerminalSessionId"">0</Data>
      <Data Name=""IntegrityLevel"">System</Data>
      <Data Name=""Hashes"">MD5=4887A65FD4F6598AF4986CBC1C0E5488,SHA256=82472A84BCBB4009ADD338200F8E853FE4C5EAFE2E2C3A2D711B85BF29B72D54,IMPHASH=1C4E2D9936E4D9F2490B08AAB4D24260</Data>
      <Data Name=""ParentProcessGuid"">{00000000-0000-0000-0000-000000000000}</Data>
      <Data Name=""ParentProcessId"">1900</Data>
      <Data Name=""ParentImage"">-</Data>
      <Data Name=""ParentCommandLine"">-</Data>
      <Data Name=""ParentUser"">-</Data>
    </EventData>
    <RenderingInfo Culture=""en-US"">
      <Message>Process Create:

RuleName: -

UtcTime: 2023-12-28 00:35:51.564

ProcessGuid: {fda94052-c2e7-658c-5f02-000000000b00}

ProcessId: 9296

Image: C:\Windows\System32\taskhostw.exe

FileVersion: 10.0.22621.1635 (WinBuild.160101.0800)

Description: Host Process for Windows Tasks

Product: Microsoft&#174; Windows&#174; Operating System

Company: Microsoft Corporation

OriginalFileName: taskhostw.exe

CommandLine: taskhostw.exe

CurrentDirectory: C:\Windows\system32\

User: NT AUTHORITY\SYSTEM

LogonGuid: {fda94052-34eb-658d-e703-000000000000}

LogonId: 0x3E7

TerminalSessionId: 0

IntegrityLevel: System

Hashes: MD5=4887A65FD4F6598AF4986CBC1C0E5488,SHA256=82472A84BCBB4009ADD338200F8E853FE4C5EAFE2E2C3A2D711B85BF29B72D54,IMPHASH=1C4E2D9936E4D9F2490B08AAB4D24260

ParentProcessGuid: {00000000-0000-0000-0000-000000000000}

ParentProcessId: 1900

ParentImage: -

ParentCommandLine: -

ParentUser: -</Message>
      <Level>Information</Level>
      <Task>Process Create (rule: ProcessCreate)</Task>
      <Opcode>Info</Opcode>
    </RenderingInfo>
  </Event>
  
"
Microsoft-Windows-Sysmon/Operational,"""LogonUI.exe"" /flags:0x4 /state0:0xa3cc3055 /state1:0x41c64e6d",Microsoft Corporation,WinDev2309Eval,,C:\Windows\system32\,Windows Logon User Interface Host,,,,,,,1,9439,,10.0.22621.1 (WinBuild.160101.0800),"MD5=B3CC2464BECE9A99D8C755A7CCBFEF52,SHA256=B62E62C7374CE1398B985AF3122FF10A092750F65191FDC3AA6151DE130183A3,IMPHASH=0EF1A1FBF5FA5B3737A8D19C60F416A9",C:\Windows\System32\LogonUI.exe,,System,0x8000000000000000,Information,{fda94052-34eb-658d-e703-000000000000},0x3e7,"Process Create:

RuleName: -

UtcTime: 2023-12-28 00:35:51.236

ProcessGuid: {fda94052-c2e7-658c-5e02-000000000b00}

ProcessId: 2016

Image: C:\Windows\System32\LogonUI.exe

FileVersion: 10.0.22621.1 (WinBuild.160101.0800)

Description: Windows Logon User Interface Host

Product: Microsoft Windows Operating System

Company: Microsoft Corporation

OriginalFileName: logonui.exe

CommandLine: ""LogonUI.exe"" /flags:0x4 /state0:0xa3cc3055 /state1:0x41c64e6d

CurrentDirectory: C:\Windows\system32\

User: NT AUTHORITY\SYSTEM

LogonGuid: {fda94052-34eb-658d-e703-000000000000}

LogonId: 0x3E7

TerminalSessionId: 1

IntegrityLevel: System

Hashes: MD5=B3CC2464BECE9A99D8C755A7CCBFEF52,SHA256=B62E62C7374CE1398B985AF3122FF10A092750F65191FDC3AA6151DE130183A3,IMPHASH=0EF1A1FBF5FA5B3737A8D19C60F416A9

ParentProcessGuid: {00000000-0000-0000-0000-000000000000}

ParentProcessId: 744

ParentImage: -

ParentCommandLine: -

ParentUser: -",,Info,logonui.exe,-,-,{00000000-0000-0000-0000-000000000000},744,-,{fda94052-c2e7-658c-5e02-000000000b00},7044,2016,Microsoft Windows Operating System,,,,,"
      ",-,,,,,,,,,,,,,,,2023-12-28T00:35:51.2397166Z,,,,,,,Process Create (rule: ProcessCreate),1,6672,NT AUTHORITY\SYSTEM,S-1-5-18,2023-12-28 00:35:51.236,5,"<Event xmlns=""http://schemas.microsoft.com/win/2004/08/events/event"">
    <System>
      <Provider Name=""Microsoft-Windows-Sysmon"" Guid=""{5770385f-c22a-43e0-bf4c-06f5698ffbd9}""/>
      <EventID>1</EventID>
      <Version>5</Version>
      <Level>4</Level>
      <Task>1</Task>
      <Opcode>0</Opcode>
      <Keywords>0x8000000000000000</Keywords>
      <TimeCreated SystemTime=""2023-12-28T00:35:51.2397166Z""/>
      <EventRecordID>9439</EventRecordID>
      <Correlation/>
      <Execution ProcessID=""7044"" ThreadID=""6672""/>
      <Channel>Microsoft-Windows-Sysmon/Operational</Channel>
      <Computer>WinDev2309Eval</Computer>
      <Security UserID=""S-1-5-18""/>
    </System>
    <EventData>
      <Data Name=""RuleName"">-</Data>
      <Data Name=""UtcTime"">2023-12-28 00:35:51.236</Data>
      <Data Name=""ProcessGuid"">{fda94052-c2e7-658c-5e02-000000000b00}</Data>
      <Data Name=""ProcessId"">2016</Data>
      <Data Name=""Image"">C:\Windows\System32\LogonUI.exe</Data>
      <Data Name=""FileVersion"">10.0.22621.1 (WinBuild.160101.0800)</Data>
      <Data Name=""Description"">Windows Logon User Interface Host</Data>
      <Data Name=""Product"">Microsoft&#174; Windows&#174; Operating System</Data>
      <Data Name=""Company"">Microsoft Corporation</Data>
      <Data Name=""OriginalFileName"">logonui.exe</Data>
      <Data Name=""CommandLine"">""LogonUI.exe"" /flags:0x4 /state0:0xa3cc3055 /state1:0x41c64e6d</Data>
      <Data Name=""CurrentDirectory"">C:\Windows\system32\</Data>
      <Data Name=""User"">NT AUTHORITY\SYSTEM</Data>
      <Data Name=""LogonGuid"">{fda94052-34eb-658d-e703-000000000000}</Data>
      <Data Name=""LogonId"">0x3e7</Data>
      <Data Name=""TerminalSessionId"">1</Data>
      <Data Name=""IntegrityLevel"">System</Data>
      <Data Name=""Hashes"">MD5=B3CC2464BECE9A99D8C755A7CCBFEF52,SHA256=B62E62C7374CE1398B985AF3122FF10A092750F65191FDC3AA6151DE130183A3,IMPHASH=0EF1A1FBF5FA5B3737A8D19C60F416A9</Data>
      <Data Name=""ParentProcessGuid"">{00000000-0000-0000-0000-000000000000}</Data>
      <Data Name=""ParentProcessId"">744</Data>
      <Data Name=""ParentImage"">-</Data>
      <Data Name=""ParentCommandLine"">-</Data>
      <Data Name=""ParentUser"">-</Data>
    </EventData>
    <RenderingInfo Culture=""en-US"">
      <Message>Process Create:

RuleName: -

UtcTime: 2023-12-28 00:35:51.236

ProcessGuid: {fda94052-c2e7-658c-5e02-000000000b00}

ProcessId: 2016

Image: C:\Windows\System32\LogonUI.exe

FileVersion: 10.0.22621.1 (WinBuild.160101.0800)

Description: Windows Logon User Interface Host

Product: Microsoft&#174; Windows&#174; Operating System

Company: Microsoft Corporation

OriginalFileName: logonui.exe

CommandLine: ""LogonUI.exe"" /flags:0x4 /state0:0xa3cc3055 /state1:0x41c64e6d

CurrentDirectory: C:\Windows\system32\

User: NT AUTHORITY\SYSTEM

LogonGuid: {fda94052-34eb-658d-e703-000000000000}

LogonId: 0x3E7

TerminalSessionId: 1

IntegrityLevel: System

Hashes: MD5=B3CC2464BECE9A99D8C755A7CCBFEF52,SHA256=B62E62C7374CE1398B985AF3122FF10A092750F65191FDC3AA6151DE130183A3,IMPHASH=0EF1A1FBF5FA5B3737A8D19C60F416A9

ParentProcessGuid: {00000000-0000-0000-0000-000000000000}

ParentProcessId: 744

ParentImage: -

ParentCommandLine: -

ParentUser: -</Message>
      <Level>Information</Level>
      <Task>Process Create (rule: ProcessCreate)</Task>
      <Opcode>Info</Opcode>
    </RenderingInfo>
  </Event>
  
"
