Microsoft-Windows-Sysmon/Operational,"""C:\Program Files (x86)\Microsoft\Edge\Application\msedge.exe"" --no-startup-window --win-session-start",Microsoft Corporation,WinDev2309Eval,,C:\Windows\system32\,Microsoft Edge,,,,,,,1,9749,,120.0.2210.91,"MD5=F6E7A024CC79AC12294D0DA6072C5073,SHA256=628792B5B5A4D71B8D66B1A1C6B775B84E3A5E64C0C05B8D7138164FBAD5C21A,IMPHASH=EA4CA1F8E3B3D9373D39C13FD1348A63",C:\Program Files (x86)\Microsoft\Edge\Application\msedge.exe,,Medium,0x8000000000000000,Information,{fda94052-c313-658c-9aab-030000000000},0x3ab9a,"Process Create:

RuleName: -

UtcTime: 2023-12-28 00:37:37.099

ProcessGuid: {fda94052-c351-658c-bb00-000000000c00}

ProcessId: 8052

Image: C:\Program Files (x86)\Microsoft\Edge\Application\msedge.exe

FileVersion: 120.0.2210.91

Description: Microsoft Edge

Product: Microsoft Edge

Company: Microsoft Corporation

OriginalFileName: msedge.exe

CommandLine: ""C:\Program Files (x86)\Microsoft\Edge\Application\msedge.exe"" --no-startup-window --win-session-start

CurrentDirectory: C:\Windows\system32\

User: WINDEV2309EVAL\User

LogonGuid: {fda94052-c313-658c-9aab-030000000000}

LogonId: 0x3AB9A

TerminalSessionId: 1

IntegrityLevel: Medium

Hashes: MD5=F6E7A024CC79AC12294D0DA6072C5073,SHA256=628792B5B5A4D71B8D66B1A1C6B775B84E3A5E64C0C05B8D7138164FBAD5C21A,IMPHASH=EA4CA1F8E3B3D9373D39C13FD1348A63

ParentProcessGuid: {fda94052-c315-658c-7500-000000000c00}

ParentProcessId: 5620

ParentImage: C:\Windows\explorer.exe

ParentCommandLine: C:\Windows\Explorer.EXE

ParentUser: WINDEV2309EVAL\User",,Info,msedge.exe,C:\Windows\Explorer.EXE,C:\Windows\explorer.exe,{fda94052-c315-658c-7500-000000000c00},5620,WINDEV2309EVAL\User,{fda94052-c351-658c-bb00-000000000c00},3732,8052,Microsoft Edge,,,,,"
      ",-,,,,,,,,,,,,,,,2023-12-28T00:37:37.1480192Z,,,,,,,Process Create (rule: ProcessCreate),1,4344,WINDEV2309EVAL\User,S-1-5-18,2023-12-28 00:37:37.099,5,"<Event xmlns=""http://schemas.microsoft.com/win/2004/08/events/event"">
    <System>
      <Provider Name=""Microsoft-Windows-Sysmon"" Guid=""{5770385f-c22a-43e0-bf4c-06f5698ffbd9}""/>
      <EventID>1</EventID>
      <Version>5</Version>
      <Level>4</Level>
      <Task>1</Task>
      <Opcode>0</Opcode>
      <Keywords>0x8000000000000000</Keywords>
      <TimeCreated SystemTime=""2023-12-28T00:37:37.1480192Z""/>
      <EventRecordID>9749</EventRecordID>
      <Correlation/>
      <Execution ProcessID=""3732"" ThreadID=""4344""/>
      <Channel>Microsoft-Windows-Sysmon/Operational</Channel>
      <Computer>WinDev2309Eval</Computer>
      <Security UserID=""S-1-5-18""/>
    </System>
    <EventData>
      <Data Name=""RuleName"">-</Data>
      <Data Name=""UtcTime"">2023-12-28 00:37:37.099</Data>
      <Data Name=""ProcessGuid"">{fda94052-c351-658c-bb00-000000000c00}</Data>
      <Data Name=""ProcessId"">8052</Data>
      <Data Name=""Image"">C:\Program Files (x86)\Microsoft\Edge\Application\msedge.exe</Data>
      <Data Name=""FileVersion"">120.0.2210.91</Data>
      <Data Name=""Description"">Microsoft Edge</Data>
      <Data Name=""Product"">Microsoft Edge</Data>
      <Data Name=""Company"">Microsoft Corporation</Data>
      <Data Name=""OriginalFileName"">msedge.exe</Data>
      <Data Name=""CommandLine"">""C:\Program Files (x86)\Microsoft\Edge\Application\msedge.exe"" --no-startup-window --win-session-start</Data>
      <Data Name=""CurrentDirectory"">C:\Windows\system32\</Data>
      <Data Name=""User"">WINDEV2309EVAL\User</Data>
      <Data Name=""LogonGuid"">{fda94052-c313-658c-9aab-030000000000}</Data>
      <Data Name=""LogonId"">0x3ab9a</Data>
      <Data Name=""TerminalSessionId"">1</Data>
      <Data Name=""IntegrityLevel"">Medium</Data>
      <Data Name=""Hashes"">MD5=F6E7A024CC79AC12294D0DA6072C5073,SHA256=628792B5B5A4D71B8D66B1A1C6B775B84E3A5E64C0C05B8D7138164FBAD5C21A,IMPHASH=EA4CA1F8E3B3D9373D39C13FD1348A63</Data>
      <Data Name=""ParentProcessGuid"">{fda94052-c315-658c-7500-000000000c00}</Data>
      <Data Name=""ParentProcessId"">5620</Data>
      <Data Name=""ParentImage"">C:\Windows\explorer.exe</Data>
      <Data Name=""ParentCommandLine"">C:\Windows\Explorer.EXE</Data>
      <Data Name=""ParentUser"">WINDEV2309EVAL\User</Data>
    </EventData>
    <RenderingInfo Culture=""en-US"">
      <Message>Process Create:

RuleName: -

UtcTime: 2023-12-28 00:37:37.099

ProcessGuid: {fda94052-c351-658c-bb00-000000000c00}

ProcessId: 8052

Image: C:\Program Files (x86)\Microsoft\Edge\Application\msedge.exe

FileVersion: 120.0.2210.91

Description: Microsoft Edge

Product: Microsoft Edge

Company: Microsoft Corporation

OriginalFileName: msedge.exe

CommandLine: ""C:\Program Files (x86)\Microsoft\Edge\Application\msedge.exe"" --no-startup-window --win-session-start

CurrentDirectory: C:\Windows\system32\

User: WINDEV2309EVAL\User

LogonGuid: {fda94052-c313-658c-9aab-030000000000}

LogonId: 0x3AB9A

TerminalSessionId: 1

IntegrityLevel: Medium

Hashes: MD5=F6E7A024CC79AC12294D0DA6072C5073,SHA256=628792B5B5A4D71B8D66B1A1C6B775B84E3A5E64C0C05B8D7138164FBAD5C21A,IMPHASH=EA4CA1F8E3B3D9373D39C13FD1348A63

ParentProcessGuid: {fda94052-c315-658c-7500-000000000c00}

ParentProcessId: 5620

ParentImage: C:\Windows\explorer.exe

ParentCommandLine: C:\Windows\Explorer.EXE

ParentUser: WINDEV2309EVAL\User</Message>
      <Level>Information</Level>
      <Task>Process Create (rule: ProcessCreate)</Task>
      <Opcode>Info</Opcode>
    </RenderingInfo>
  </Event>
  
"
Microsoft-Windows-Sysmon/Operational,"""C:\Program Files\VMware\VMware Tools\vmtoolsd.exe"" -n vmusr","VMware, Inc.",WinDev2309Eval,,C:\Windows\system32\,VMware Tools Core Service,,,,,,,1,9748,,12.1.0.37487,"MD5=C3AF518D7BB5F7F368FEBCE09C7E57CE,SHA256=8F490791F7164633E2BC3BFE129C829986A45B918566C2FE1D63F3C77B0EB28C,IMPHASH=6BE0D54D77BD5AF43BDC49E77FFDCBB1",C:\Program Files\VMware\VMware Tools\vmtoolsd.exe,,Medium,0x8000000000000000,Information,{fda94052-c313-658c-9aab-030000000000},0x3ab9a,"Process Create:

RuleName: -

UtcTime: 2023-12-28 00:37:35.400

ProcessGuid: {fda94052-c34f-658c-ba00-000000000c00}

ProcessId: 7064

Image: C:\Program Files\VMware\VMware Tools\vmtoolsd.exe

FileVersion: 12.1.0.37487

Description: VMware Tools Core Service

Product: VMware Tools

Company: VMware, Inc.

OriginalFileName: vmtoolsd.exe

CommandLine: ""C:\Program Files\VMware\VMware Tools\vmtoolsd.exe"" -n vmusr

CurrentDirectory: C:\Windows\system32\

User: WINDEV2309EVAL\User

LogonGuid: {fda94052-c313-658c-9aab-030000000000}

LogonId: 0x3AB9A

TerminalSessionId: 1

IntegrityLevel: Medium

Hashes: MD5=C3AF518D7BB5F7F368FEBCE09C7E57CE,SHA256=8F490791F7164633E2BC3BFE129C829986A45B918566C2FE1D63F3C77B0EB28C,IMPHASH=6BE0D54D77BD5AF43BDC49E77FFDCBB1

ParentProcessGuid: {fda94052-c315-658c-7500-000000000c00}

ParentProcessId: 5620

ParentImage: C:\Windows\explorer.exe

ParentCommandLine: C:\Windows\Explorer.EXE

ParentUser: WINDEV2309EVAL\User",,Info,vmtoolsd.exe,C:\Windows\Explorer.EXE,C:\Windows\explorer.exe,{fda94052-c315-658c-7500-000000000c00},5620,WINDEV2309EVAL\User,{fda94052-c34f-658c-ba00-000000000c00},3732,7064,VMware Tools,,,,,"
      ",-,,,,,,,,,,,,,,,2023-12-28T00:37:35.4040405Z,,,,,,,Process Create (rule: ProcessCreate),1,4344,WINDEV2309EVAL\User,S-1-5-18,2023-12-28 00:37:35.400,5,"<Event xmlns=""http://schemas.microsoft.com/win/2004/08/events/event"">
    <System>
      <Provider Name=""Microsoft-Windows-Sysmon"" Guid=""{5770385f-c22a-43e0-bf4c-06f5698ffbd9}""/>
      <EventID>1</EventID>
      <Version>5</Version>
      <Level>4</Level>
      <Task>1</Task>
      <Opcode>0</Opcode>
      <Keywords>0x8000000000000000</Keywords>
      <TimeCreated SystemTime=""2023-12-28T00:37:35.4040405Z""/>
      <EventRecordID>9748</EventRecordID>
      <Correlation/>
      <Execution ProcessID=""3732"" ThreadID=""4344""/>
      <Channel>Microsoft-Windows-Sysmon/Operational</Channel>
      <Computer>WinDev2309Eval</Computer>
      <Security UserID=""S-1-5-18""/>
    </System>
    <EventData>
      <Data Name=""RuleName"">-</Data>
      <Data Name=""UtcTime"">2023-12-28 00:37:35.400</Data>
      <Data Name=""ProcessGuid"">{fda94052-c34f-658c-ba00-000000000c00}</Data>
      <Data Name=""ProcessId"">7064</Data>
      <Data Name=""Image"">C:\Program Files\VMware\VMware Tools\vmtoolsd.exe</Data>
      <Data Name=""FileVersion"">12.1.0.37487</Data>
      <Data Name=""Description"">VMware Tools Core Service</Data>
      <Data Name=""Product"">VMware Tools</Data>
      <Data Name=""Company"">VMware, Inc.</Data>
      <Data Name=""OriginalFileName"">vmtoolsd.exe</Data>
      <Data Name=""CommandLine"">""C:\Program Files\VMware\VMware Tools\vmtoolsd.exe"" -n vmusr</Data>
      <Data Name=""CurrentDirectory"">C:\Windows\system32\</Data>
      <Data Name=""User"">WINDEV2309EVAL\User</Data>
      <Data Name=""LogonGuid"">{fda94052-c313-658c-9aab-030000000000}</Data>
      <Data Name=""LogonId"">0x3ab9a</Data>
      <Data Name=""TerminalSessionId"">1</Data>
      <Data Name=""IntegrityLevel"">Medium</Data>
      <Data Name=""Hashes"">MD5=C3AF518D7BB5F7F368FEBCE09C7E57CE,SHA256=8F490791F7164633E2BC3BFE129C829986A45B918566C2FE1D63F3C77B0EB28C,IMPHASH=6BE0D54D77BD5AF43BDC49E77FFDCBB1</Data>
      <Data Name=""ParentProcessGuid"">{fda94052-c315-658c-7500-000000000c00}</Data>
      <Data Name=""ParentProcessId"">5620</Data>
      <Data Name=""ParentImage"">C:\Windows\explorer.exe</Data>
      <Data Name=""ParentCommandLine"">C:\Windows\Explorer.EXE</Data>
      <Data Name=""ParentUser"">WINDEV2309EVAL\User</Data>
    </EventData>
    <RenderingInfo Culture=""en-US"">
      <Message>Process Create:

RuleName: -

UtcTime: 2023-12-28 00:37:35.400

ProcessGuid: {fda94052-c34f-658c-ba00-000000000c00}

ProcessId: 7064

Image: C:\Program Files\VMware\VMware Tools\vmtoolsd.exe

FileVersion: 12.1.0.37487

Description: VMware Tools Core Service

Product: VMware Tools

Company: VMware, Inc.

OriginalFileName: vmtoolsd.exe

CommandLine: ""C:\Program Files\VMware\VMware Tools\vmtoolsd.exe"" -n vmusr

CurrentDirectory: C:\Windows\system32\

User: WINDEV2309EVAL\User

LogonGuid: {fda94052-c313-658c-9aab-030000000000}

LogonId: 0x3AB9A

TerminalSessionId: 1

IntegrityLevel: Medium

Hashes: MD5=C3AF518D7BB5F7F368FEBCE09C7E57CE,SHA256=8F490791F7164633E2BC3BFE129C829986A45B918566C2FE1D63F3C77B0EB28C,IMPHASH=6BE0D54D77BD5AF43BDC49E77FFDCBB1

ParentProcessGuid: {fda94052-c315-658c-7500-000000000c00}

ParentProcessId: 5620

ParentImage: C:\Windows\explorer.exe

ParentCommandLine: C:\Windows\Explorer.EXE

ParentUser: WINDEV2309EVAL\User</Message>
      <Level>Information</Level>
      <Task>Process Create (rule: ProcessCreate)</Task>
      <Opcode>Info</Opcode>
    </RenderingInfo>
  </Event>
  
"
Microsoft-Windows-Sysmon/Operational,,,WinDev2309Eval,2023-12-28 00:37:34.778,,,,,,,,,11,9747,,,,C:\Windows\system32\svchost.exe,,,0x8000000000000000,Information,,,"File created:

RuleName: EXE

UtcTime: 2023-12-28 00:37:34.778

ProcessGuid: {fda94052-c314-658c-7000-000000000c00}

ProcessId: 5252

Image: C:\Windows\system32\svchost.exe

TargetFilename: C:\Users\User\AppData\Local\Microsoft\WindowsApps\CanonicalGroupLimited.UbuntuonWindows_79rhkp1fndgsc\ubuntu.exe

CreationUtcTime: 2023-12-28 00:37:34.778

User: NT AUTHORITY\SYSTEM",,Info,,,,,,,{fda94052-c314-658c-7000-000000000c00},3732,5252,,,,,,"
      ",EXE,,,,,,,,,,,,,,,2023-12-28T00:37:34.7923065Z,C:\Users\User\AppData\Local\Microsoft\WindowsApps\CanonicalGroupLimited.UbuntuonWindows_79rhkp1fndgsc\ubuntu.exe,,,,,,File created (rule: FileCreate),,4344,NT AUTHORITY\SYSTEM,S-1-5-18,2023-12-28 00:37:34.778,2,"<Event xmlns=""http://schemas.microsoft.com/win/2004/08/events/event"">
    <System>
      <Provider Name=""Microsoft-Windows-Sysmon"" Guid=""{5770385f-c22a-43e0-bf4c-06f5698ffbd9}""/>
      <EventID>11</EventID>
      <Version>2</Version>
      <Level>4</Level>
      <Task>11</Task>
      <Opcode>0</Opcode>
      <Keywords>0x8000000000000000</Keywords>
      <TimeCreated SystemTime=""2023-12-28T00:37:34.7923065Z""/>
      <EventRecordID>9747</EventRecordID>
      <Correlation/>
      <Execution ProcessID=""3732"" ThreadID=""4344""/>
      <Channel>Microsoft-Windows-Sysmon/Operational</Channel>
      <Computer>WinDev2309Eval</Computer>
      <Security UserID=""S-1-5-18""/>
    </System>
    <EventData>
      <Data Name=""RuleName"">EXE</Data>
      <Data Name=""UtcTime"">2023-12-28 00:37:34.778</Data>
      <Data Name=""ProcessGuid"">{fda94052-c314-658c-7000-000000000c00}</Data>
      <Data Name=""ProcessId"">5252</Data>
      <Data Name=""Image"">C:\Windows\system32\svchost.exe</Data>
      <Data Name=""TargetFilename"">C:\Users\User\AppData\Local\Microsoft\WindowsApps\CanonicalGroupLimited.UbuntuonWindows_79rhkp1fndgsc\ubuntu.exe</Data>
      <Data Name=""CreationUtcTime"">2023-12-28 00:37:34.778</Data>
      <Data Name=""User"">NT AUTHORITY\SYSTEM</Data>
    </EventData>
    <RenderingInfo Culture=""en-US"">
      <Message>File created:

RuleName: EXE

UtcTime: 2023-12-28 00:37:34.778

ProcessGuid: {fda94052-c314-658c-7000-000000000c00}

ProcessId: 5252

Image: C:\Windows\system32\svchost.exe

TargetFilename: C:\Users\User\AppData\Local\Microsoft\WindowsApps\CanonicalGroupLimited.UbuntuonWindows_79rhkp1fndgsc\ubuntu.exe

CreationUtcTime: 2023-12-28 00:37:34.778

User: NT AUTHORITY\SYSTEM</Message>
      <Level>Information</Level>
      <Task>File created (rule: FileCreate)</Task>
      <Opcode>Info</Opcode>
    </RenderingInfo>
  </Event>
  
"
Microsoft-Windows-Sysmon/Operational,,,WinDev2309Eval,2023-12-28 00:37:34.778,,,,,,,,,11,9746,,,,C:\Windows\system32\svchost.exe,,,0x8000000000000000,Information,,,"File created:

RuleName: EXE

UtcTime: 2023-12-28 00:37:34.778

ProcessGuid: {fda94052-c314-658c-7000-000000000c00}

ProcessId: 5252

Image: C:\Windows\system32\svchost.exe

TargetFilename: C:\Users\User\AppData\Local\Microsoft\WindowsApps\ubuntu.exe

CreationUtcTime: 2023-12-28 00:37:34.778

User: NT AUTHORITY\SYSTEM",,Info,,,,,,,{fda94052-c314-658c-7000-000000000c00},3732,5252,,,,,,"
      ",EXE,,,,,,,,,,,,,,,2023-12-28T00:37:34.7896906Z,C:\Users\User\AppData\Local\Microsoft\WindowsApps\ubuntu.exe,,,,,,File created (rule: FileCreate),,4344,NT AUTHORITY\SYSTEM,S-1-5-18,2023-12-28 00:37:34.778,2,"<Event xmlns=""http://schemas.microsoft.com/win/2004/08/events/event"">
    <System>
      <Provider Name=""Microsoft-Windows-Sysmon"" Guid=""{5770385f-c22a-43e0-bf4c-06f5698ffbd9}""/>
      <EventID>11</EventID>
      <Version>2</Version>
      <Level>4</Level>
      <Task>11</Task>
      <Opcode>0</Opcode>
      <Keywords>0x8000000000000000</Keywords>
      <TimeCreated SystemTime=""2023-12-28T00:37:34.7896906Z""/>
      <EventRecordID>9746</EventRecordID>
      <Correlation/>
      <Execution ProcessID=""3732"" ThreadID=""4344""/>
      <Channel>Microsoft-Windows-Sysmon/Operational</Channel>
      <Computer>WinDev2309Eval</Computer>
      <Security UserID=""S-1-5-18""/>
    </System>
    <EventData>
      <Data Name=""RuleName"">EXE</Data>
      <Data Name=""UtcTime"">2023-12-28 00:37:34.778</Data>
      <Data Name=""ProcessGuid"">{fda94052-c314-658c-7000-000000000c00}</Data>
      <Data Name=""ProcessId"">5252</Data>
      <Data Name=""Image"">C:\Windows\system32\svchost.exe</Data>
      <Data Name=""TargetFilename"">C:\Users\User\AppData\Local\Microsoft\WindowsApps\ubuntu.exe</Data>
      <Data Name=""CreationUtcTime"">2023-12-28 00:37:34.778</Data>
      <Data Name=""User"">NT AUTHORITY\SYSTEM</Data>
    </EventData>
    <RenderingInfo Culture=""en-US"">
      <Message>File created:

RuleName: EXE

UtcTime: 2023-12-28 00:37:34.778

ProcessGuid: {fda94052-c314-658c-7000-000000000c00}

ProcessId: 5252

Image: C:\Windows\system32\svchost.exe

TargetFilename: C:\Users\User\AppData\Local\Microsoft\WindowsApps\ubuntu.exe

CreationUtcTime: 2023-12-28 00:37:34.778

User: NT AUTHORITY\SYSTEM</Message>
      <Level>Information</Level>
      <Task>File created (rule: FileCreate)</Task>
      <Opcode>Info</Opcode>
    </RenderingInfo>
  </Event>
  
"
Microsoft-Windows-Sysmon/Operational,"""C:\Windows\system32\dxgiadaptercache.exe""",Microsoft Corporation,WinDev2309Eval,,C:\Windows\system32\,DXGI Adapter Cache,,,,,,,1,9745,,10.0.22621.1635 (WinBuild.160101.0800),"MD5=ED2DFECAAF4E431B0BBD61D2E8493443,SHA256=0423185728EE22FD6F35A42FD26FE80E2E2B6B78472A6BD96EBCD27FE4DDB9B6,IMPHASH=2D0256D01E3040C4CBAC0B67964DBD15",C:\Windows\System32\dxgiadaptercache.exe,,System,0x8000000000000000,Information,{fda94052-c30f-658c-e703-000000000000},0x3e7,"Process Create:

RuleName: -

UtcTime: 2023-12-28 00:37:33.219

ProcessGuid: {fda94052-c34d-658c-b900-000000000c00}

ProcessId: 8164

Image: C:\Windows\System32\dxgiadaptercache.exe

FileVersion: 10.0.22621.1635 (WinBuild.160101.0800)

Description: DXGI Adapter Cache

Product: Microsoft Windows Operating System

Company: Microsoft Corporation

OriginalFileName: DXGIAdapterCache.exe

CommandLine: ""C:\Windows\system32\dxgiadaptercache.exe""

CurrentDirectory: C:\Windows\system32\

User: NT AUTHORITY\SYSTEM

LogonGuid: {fda94052-c30f-658c-e703-000000000000}

LogonId: 0x3E7

TerminalSessionId: 0

IntegrityLevel: System

Hashes: MD5=ED2DFECAAF4E431B0BBD61D2E8493443,SHA256=0423185728EE22FD6F35A42FD26FE80E2E2B6B78472A6BD96EBCD27FE4DDB9B6,IMPHASH=2D0256D01E3040C4CBAC0B67964DBD15

ParentProcessGuid: {fda94052-c310-658c-1c00-000000000c00}

ParentProcessId: 1384

ParentImage: C:\Windows\System32\svchost.exe

ParentCommandLine: C:\Windows\system32\svchost.exe -k netsvcs -p -s Schedule

ParentUser: NT AUTHORITY\SYSTEM",,Info,DXGIAdapterCache.exe,C:\Windows\system32\svchost.exe -k netsvcs -p -s Schedule,C:\Windows\System32\svchost.exe,{fda94052-c310-658c-1c00-000000000c00},1384,NT AUTHORITY\SYSTEM,{fda94052-c34d-658c-b900-000000000c00},3732,8164,Microsoft Windows Operating System,,,,,"
      ",-,,,,,,,,,,,,,,,2023-12-28T00:37:33.2224428Z,,,,,,,Process Create (rule: ProcessCreate),0,4344,NT AUTHORITY\SYSTEM,S-1-5-18,2023-12-28 00:37:33.219,5,"<Event xmlns=""http://schemas.microsoft.com/win/2004/08/events/event"">
    <System>
      <Provider Name=""Microsoft-Windows-Sysmon"" Guid=""{5770385f-c22a-43e0-bf4c-06f5698ffbd9}""/>
      <EventID>1</EventID>
      <Version>5</Version>
      <Level>4</Level>
      <Task>1</Task>
      <Opcode>0</Opcode>
      <Keywords>0x8000000000000000</Keywords>
      <TimeCreated SystemTime=""2023-12-28T00:37:33.2224428Z""/>
      <EventRecordID>9745</EventRecordID>
      <Correlation/>
      <Execution ProcessID=""3732"" ThreadID=""4344""/>
      <Channel>Microsoft-Windows-Sysmon/Operational</Channel>
      <Computer>WinDev2309Eval</Computer>
      <Security UserID=""S-1-5-18""/>
    </System>
    <EventData>
      <Data Name=""RuleName"">-</Data>
      <Data Name=""UtcTime"">2023-12-28 00:37:33.219</Data>
      <Data Name=""ProcessGuid"">{fda94052-c34d-658c-b900-000000000c00}</Data>
      <Data Name=""ProcessId"">8164</Data>
      <Data Name=""Image"">C:\Windows\System32\dxgiadaptercache.exe</Data>
      <Data Name=""FileVersion"">10.0.22621.1635 (WinBuild.160101.0800)</Data>
      <Data Name=""Description"">DXGI Adapter Cache</Data>
      <Data Name=""Product"">Microsoft&#174; Windows&#174; Operating System</Data>
      <Data Name=""Company"">Microsoft Corporation</Data>
      <Data Name=""OriginalFileName"">DXGIAdapterCache.exe</Data>
      <Data Name=""CommandLine"">""C:\Windows\system32\dxgiadaptercache.exe""</Data>
      <Data Name=""CurrentDirectory"">C:\Windows\system32\</Data>
      <Data Name=""User"">NT AUTHORITY\SYSTEM</Data>
      <Data Name=""LogonGuid"">{fda94052-c30f-658c-e703-000000000000}</Data>
      <Data Name=""LogonId"">0x3e7</Data>
      <Data Name=""TerminalSessionId"">0</Data>
      <Data Name=""IntegrityLevel"">System</Data>
      <Data Name=""Hashes"">MD5=ED2DFECAAF4E431B0BBD61D2E8493443,SHA256=0423185728EE22FD6F35A42FD26FE80E2E2B6B78472A6BD96EBCD27FE4DDB9B6,IMPHASH=2D0256D01E3040C4CBAC0B67964DBD15</Data>
      <Data Name=""ParentProcessGuid"">{fda94052-c310-658c-1c00-000000000c00}</Data>
      <Data Name=""ParentProcessId"">1384</Data>
      <Data Name=""ParentImage"">C:\Windows\System32\svchost.exe</Data>
      <Data Name=""ParentCommandLine"">C:\Windows\system32\svchost.exe -k netsvcs -p -s Schedule</Data>
      <Data Name=""ParentUser"">NT AUTHORITY\SYSTEM</Data>
    </EventData>
    <RenderingInfo Culture=""en-US"">
      <Message>Process Create:

RuleName: -

UtcTime: 2023-12-28 00:37:33.219

ProcessGuid: {fda94052-c34d-658c-b900-000000000c00}

ProcessId: 8164

Image: C:\Windows\System32\dxgiadaptercache.exe

FileVersion: 10.0.22621.1635 (WinBuild.160101.0800)

Description: DXGI Adapter Cache

Product: Microsoft&#174; Windows&#174; Operating System

Company: Microsoft Corporation

OriginalFileName: DXGIAdapterCache.exe

CommandLine: ""C:\Windows\system32\dxgiadaptercache.exe""

CurrentDirectory: C:\Windows\system32\

User: NT AUTHORITY\SYSTEM

LogonGuid: {fda94052-c30f-658c-e703-000000000000}

LogonId: 0x3E7

TerminalSessionId: 0

IntegrityLevel: System

Hashes: MD5=ED2DFECAAF4E431B0BBD61D2E8493443,SHA256=0423185728EE22FD6F35A42FD26FE80E2E2B6B78472A6BD96EBCD27FE4DDB9B6,IMPHASH=2D0256D01E3040C4CBAC0B67964DBD15

ParentProcessGuid: {fda94052-c310-658c-1c00-000000000c00}

ParentProcessId: 1384

ParentImage: C:\Windows\System32\svchost.exe

ParentCommandLine: C:\Windows\system32\svchost.exe -k netsvcs -p -s Schedule

ParentUser: NT AUTHORITY\SYSTEM</Message>
      <Level>Information</Level>
      <Task>Process Create (rule: ProcessCreate)</Task>
      <Opcode>Info</Opcode>
    </RenderingInfo>
  </Event>
  
"
Microsoft-Windows-Sysmon/Operational,C:\Windows\System32\svchost.exe -k LocalService -p -s LicenseManager,Microsoft Corporation,WinDev2309Eval,,C:\Windows\system32\,Host Process for Windows Services,,,,,,,1,9744,,10.0.22621.1 (WinBuild.160101.0800),"MD5=8EC922C7A58A8701AB481B7BE9644536,SHA256=949BFB5B4C7D58D92F3F9C5F8EC7CA4CEAFFD10EC5F0020F0A987C472D61C54B,IMPHASH=76B4BAE80D2C3B08BB062D97BF9CA791",C:\Windows\System32\svchost.exe,,System,0x8000000000000000,Information,{fda94052-c310-658c-e503-000000000000},0x3e5,"Process Create:

RuleName: -

UtcTime: 2023-12-28 00:37:25.614

ProcessGuid: {fda94052-c345-658c-b400-000000000c00}

ProcessId: 2200

Image: C:\Windows\System32\svchost.exe

FileVersion: 10.0.22621.1 (WinBuild.160101.0800)

Description: Host Process for Windows Services

Product: Microsoft Windows Operating System

Company: Microsoft Corporation

OriginalFileName: svchost.exe

CommandLine: C:\Windows\System32\svchost.exe -k LocalService -p -s LicenseManager

CurrentDirectory: C:\Windows\system32\

User: NT AUTHORITY\LOCAL SERVICE

LogonGuid: {fda94052-c310-658c-e503-000000000000}

LogonId: 0x3E5

TerminalSessionId: 0

IntegrityLevel: System

Hashes: MD5=8EC922C7A58A8701AB481B7BE9644536,SHA256=949BFB5B4C7D58D92F3F9C5F8EC7CA4CEAFFD10EC5F0020F0A987C472D61C54B,IMPHASH=76B4BAE80D2C3B08BB062D97BF9CA791

ParentProcessGuid: {fda94052-c30f-658c-0b00-000000000c00}

ParentProcessId: 776

ParentImage: C:\Windows\System32\services.exe

ParentCommandLine: C:\Windows\system32\services.exe

ParentUser: NT AUTHORITY\SYSTEM",,Info,svchost.exe,C:\Windows\system32\services.exe,C:\Windows\System32\services.exe,{fda94052-c30f-658c-0b00-000000000c00},776,NT AUTHORITY\SYSTEM,{fda94052-c345-658c-b400-000000000c00},3732,2200,Microsoft Windows Operating System,,,,,"
      ",-,,,,,,,,,,,,,,,2023-12-28T00:37:25.6189285Z,,,,,,,Process Create (rule: ProcessCreate),0,4344,NT AUTHORITY\LOCAL SERVICE,S-1-5-18,2023-12-28 00:37:25.614,5,"<Event xmlns=""http://schemas.microsoft.com/win/2004/08/events/event"">
    <System>
      <Provider Name=""Microsoft-Windows-Sysmon"" Guid=""{5770385f-c22a-43e0-bf4c-06f5698ffbd9}""/>
      <EventID>1</EventID>
      <Version>5</Version>
      <Level>4</Level>
      <Task>1</Task>
      <Opcode>0</Opcode>
      <Keywords>0x8000000000000000</Keywords>
      <TimeCreated SystemTime=""2023-12-28T00:37:25.6189285Z""/>
      <EventRecordID>9744</EventRecordID>
      <Correlation/>
      <Execution ProcessID=""3732"" ThreadID=""4344""/>
      <Channel>Microsoft-Windows-Sysmon/Operational</Channel>
      <Computer>WinDev2309Eval</Computer>
      <Security UserID=""S-1-5-18""/>
    </System>
    <EventData>
      <Data Name=""RuleName"">-</Data>
      <Data Name=""UtcTime"">2023-12-28 00:37:25.614</Data>
      <Data Name=""ProcessGuid"">{fda94052-c345-658c-b400-000000000c00}</Data>
      <Data Name=""ProcessId"">2200</Data>
      <Data Name=""Image"">C:\Windows\System32\svchost.exe</Data>
      <Data Name=""FileVersion"">10.0.22621.1 (WinBuild.160101.0800)</Data>
      <Data Name=""Description"">Host Process for Windows Services</Data>
      <Data Name=""Product"">Microsoft&#174; Windows&#174; Operating System</Data>
      <Data Name=""Company"">Microsoft Corporation</Data>
      <Data Name=""OriginalFileName"">svchost.exe</Data>
      <Data Name=""CommandLine"">C:\Windows\System32\svchost.exe -k LocalService -p -s LicenseManager</Data>
      <Data Name=""CurrentDirectory"">C:\Windows\system32\</Data>
      <Data Name=""User"">NT AUTHORITY\LOCAL SERVICE</Data>
      <Data Name=""LogonGuid"">{fda94052-c310-658c-e503-000000000000}</Data>
      <Data Name=""LogonId"">0x3e5</Data>
      <Data Name=""TerminalSessionId"">0</Data>
      <Data Name=""IntegrityLevel"">System</Data>
      <Data Name=""Hashes"">MD5=8EC922C7A58A8701AB481B7BE9644536,SHA256=949BFB5B4C7D58D92F3F9C5F8EC7CA4CEAFFD10EC5F0020F0A987C472D61C54B,IMPHASH=76B4BAE80D2C3B08BB062D97BF9CA791</Data>
      <Data Name=""ParentProcessGuid"">{fda94052-c30f-658c-0b00-000000000c00}</Data>
      <Data Name=""ParentProcessId"">776</Data>
      <Data Name=""ParentImage"">C:\Windows\System32\services.exe</Data>
      <Data Name=""ParentCommandLine"">C:\Windows\system32\services.exe</Data>
      <Data Name=""ParentUser"">NT AUTHORITY\SYSTEM</Data>
    </EventData>
    <RenderingInfo Culture=""en-US"">
      <Message>Process Create:

RuleName: -

UtcTime: 2023-12-28 00:37:25.614

ProcessGuid: {fda94052-c345-658c-b400-000000000c00}

ProcessId: 2200

Image: C:\Windows\System32\svchost.exe

FileVersion: 10.0.22621.1 (WinBuild.160101.0800)

Description: Host Process for Windows Services

Product: Microsoft&#174; Windows&#174; Operating System

Company: Microsoft Corporation

OriginalFileName: svchost.exe

CommandLine: C:\Windows\System32\svchost.exe -k LocalService -p -s LicenseManager

CurrentDirectory: C:\Windows\system32\

User: NT AUTHORITY\LOCAL SERVICE

LogonGuid: {fda94052-c310-658c-e503-000000000000}

LogonId: 0x3E5

TerminalSessionId: 0

IntegrityLevel: System

Hashes: MD5=8EC922C7A58A8701AB481B7BE9644536,SHA256=949BFB5B4C7D58D92F3F9C5F8EC7CA4CEAFFD10EC5F0020F0A987C472D61C54B,IMPHASH=76B4BAE80D2C3B08BB062D97BF9CA791

ParentProcessGuid: {fda94052-c30f-658c-0b00-000000000c00}

ParentProcessId: 776

ParentImage: C:\Windows\System32\services.exe

ParentCommandLine: C:\Windows\system32\services.exe

ParentUser: NT AUTHORITY\SYSTEM</Message>
      <Level>Information</Level>
      <Task>Process Create (rule: ProcessCreate)</Task>
      <Opcode>Info</Opcode>
    </RenderingInfo>
  </Event>
  
"
Microsoft-Windows-Sysmon/Operational,C:\Windows\system32\svchost.exe -k netsvcs -p -s lfsvc,Microsoft Corporation,WinDev2309Eval,,C:\Windows\system32\,Host Process for Windows Services,,,,,,,1,9743,,10.0.22621.1 (WinBuild.160101.0800),"MD5=8EC922C7A58A8701AB481B7BE9644536,SHA256=949BFB5B4C7D58D92F3F9C5F8EC7CA4CEAFFD10EC5F0020F0A987C472D61C54B,IMPHASH=76B4BAE80D2C3B08BB062D97BF9CA791",C:\Windows\System32\svchost.exe,,System,0x8000000000000000,Information,{fda94052-c30f-658c-e703-000000000000},0x3e7,"Process Create:

RuleName: -

UtcTime: 2023-12-28 00:37:15.838

ProcessGuid: {fda94052-c33b-658c-b300-000000000c00}

ProcessId: 8008

Image: C:\Windows\System32\svchost.exe

FileVersion: 10.0.22621.1 (WinBuild.160101.0800)

Description: Host Process for Windows Services

Product: Microsoft Windows Operating System

Company: Microsoft Corporation

OriginalFileName: svchost.exe

CommandLine: C:\Windows\system32\svchost.exe -k netsvcs -p -s lfsvc

CurrentDirectory: C:\Windows\system32\

User: NT AUTHORITY\SYSTEM

LogonGuid: {fda94052-c30f-658c-e703-000000000000}

LogonId: 0x3E7

TerminalSessionId: 0

IntegrityLevel: System

Hashes: MD5=8EC922C7A58A8701AB481B7BE9644536,SHA256=949BFB5B4C7D58D92F3F9C5F8EC7CA4CEAFFD10EC5F0020F0A987C472D61C54B,IMPHASH=76B4BAE80D2C3B08BB062D97BF9CA791

ParentProcessGuid: {fda94052-c30f-658c-0b00-000000000c00}

ParentProcessId: 776

ParentImage: C:\Windows\System32\services.exe

ParentCommandLine: C:\Windows\system32\services.exe

ParentUser: NT AUTHORITY\SYSTEM",,Info,svchost.exe,C:\Windows\system32\services.exe,C:\Windows\System32\services.exe,{fda94052-c30f-658c-0b00-000000000c00},776,NT AUTHORITY\SYSTEM,{fda94052-c33b-658c-b300-000000000c00},3732,8008,Microsoft Windows Operating System,,,,,"
      ",-,,,,,,,,,,,,,,,2023-12-28T00:37:15.8409498Z,,,,,,,Process Create (rule: ProcessCreate),0,4344,NT AUTHORITY\SYSTEM,S-1-5-18,2023-12-28 00:37:15.838,5,"<Event xmlns=""http://schemas.microsoft.com/win/2004/08/events/event"">
    <System>
      <Provider Name=""Microsoft-Windows-Sysmon"" Guid=""{5770385f-c22a-43e0-bf4c-06f5698ffbd9}""/>
      <EventID>1</EventID>
      <Version>5</Version>
      <Level>4</Level>
      <Task>1</Task>
      <Opcode>0</Opcode>
      <Keywords>0x8000000000000000</Keywords>
      <TimeCreated SystemTime=""2023-12-28T00:37:15.8409498Z""/>
      <EventRecordID>9743</EventRecordID>
      <Correlation/>
      <Execution ProcessID=""3732"" ThreadID=""4344""/>
      <Channel>Microsoft-Windows-Sysmon/Operational</Channel>
      <Computer>WinDev2309Eval</Computer>
      <Security UserID=""S-1-5-18""/>
    </System>
    <EventData>
      <Data Name=""RuleName"">-</Data>
      <Data Name=""UtcTime"">2023-12-28 00:37:15.838</Data>
      <Data Name=""ProcessGuid"">{fda94052-c33b-658c-b300-000000000c00}</Data>
      <Data Name=""ProcessId"">8008</Data>
      <Data Name=""Image"">C:\Windows\System32\svchost.exe</Data>
      <Data Name=""FileVersion"">10.0.22621.1 (WinBuild.160101.0800)</Data>
      <Data Name=""Description"">Host Process for Windows Services</Data>
      <Data Name=""Product"">Microsoft&#174; Windows&#174; Operating System</Data>
      <Data Name=""Company"">Microsoft Corporation</Data>
      <Data Name=""OriginalFileName"">svchost.exe</Data>
      <Data Name=""CommandLine"">C:\Windows\system32\svchost.exe -k netsvcs -p -s lfsvc</Data>
      <Data Name=""CurrentDirectory"">C:\Windows\system32\</Data>
      <Data Name=""User"">NT AUTHORITY\SYSTEM</Data>
      <Data Name=""LogonGuid"">{fda94052-c30f-658c-e703-000000000000}</Data>
      <Data Name=""LogonId"">0x3e7</Data>
      <Data Name=""TerminalSessionId"">0</Data>
      <Data Name=""IntegrityLevel"">System</Data>
      <Data Name=""Hashes"">MD5=8EC922C7A58A8701AB481B7BE9644536,SHA256=949BFB5B4C7D58D92F3F9C5F8EC7CA4CEAFFD10EC5F0020F0A987C472D61C54B,IMPHASH=76B4BAE80D2C3B08BB062D97BF9CA791</Data>
      <Data Name=""ParentProcessGuid"">{fda94052-c30f-658c-0b00-000000000c00}</Data>
      <Data Name=""ParentProcessId"">776</Data>
      <Data Name=""ParentImage"">C:\Windows\System32\services.exe</Data>
      <Data Name=""ParentCommandLine"">C:\Windows\system32\services.exe</Data>
      <Data Name=""ParentUser"">NT AUTHORITY\SYSTEM</Data>
    </EventData>
    <RenderingInfo Culture=""en-US"">
      <Message>Process Create:

RuleName: -

UtcTime: 2023-12-28 00:37:15.838

ProcessGuid: {fda94052-c33b-658c-b300-000000000c00}

ProcessId: 8008

Image: C:\Windows\System32\svchost.exe

FileVersion: 10.0.22621.1 (WinBuild.160101.0800)

Description: Host Process for Windows Services

Product: Microsoft&#174; Windows&#174; Operating System

Company: Microsoft Corporation

OriginalFileName: svchost.exe

CommandLine: C:\Windows\system32\svchost.exe -k netsvcs -p -s lfsvc

CurrentDirectory: C:\Windows\system32\

User: NT AUTHORITY\SYSTEM

LogonGuid: {fda94052-c30f-658c-e703-000000000000}

LogonId: 0x3E7

TerminalSessionId: 0

IntegrityLevel: System

Hashes: MD5=8EC922C7A58A8701AB481B7BE9644536,SHA256=949BFB5B4C7D58D92F3F9C5F8EC7CA4CEAFFD10EC5F0020F0A987C472D61C54B,IMPHASH=76B4BAE80D2C3B08BB062D97BF9CA791

ParentProcessGuid: {fda94052-c30f-658c-0b00-000000000c00}

ParentProcessId: 776

ParentImage: C:\Windows\System32\services.exe

ParentCommandLine: C:\Windows\system32\services.exe

ParentUser: NT AUTHORITY\SYSTEM</Message>
      <Level>Information</Level>
      <Task>Process Create (rule: ProcessCreate)</Task>
      <Opcode>Info</Opcode>
    </RenderingInfo>
  </Event>
  
"
Microsoft-Windows-Sysmon/Operational,,,WinDev2309Eval,,,,,,,,,C:\Windows\System32\SecurityHealth\1.0.2306.10002-0\SecurityHealthHost.exe %%1,13,9742,SetValue,,,C:\Windows\system32\SecurityHealthService.exe,,,0x8000000000000000,Information,,,"Registry value set:

RuleName: T1042

EventType: SetValue

UtcTime: 2023-12-28 00:37:08.496

ProcessGuid: {fda94052-c334-658c-b000-000000000c00}

ProcessId: 2604

Image: C:\Windows\system32\SecurityHealthService.exe

TargetObject: HKCR\WdMam\Shell\Open\Command\(Default)

Details: C:\Windows\System32\SecurityHealth\1.0.2306.10002-0\SecurityHealthHost.exe Incorrect function. 

User: NT AUTHORITY\SYSTEM",,Info,,,,,,,{fda94052-c334-658c-b000-000000000c00},3732,2604,,,,,,"
      ",T1042,,,,,,,,,,,,,,,2023-12-28T00:37:08.5034548Z,,,HKCR\WdMam\Shell\Open\Command\(Default),,,,Registry value set (rule: RegistryEvent),,4344,NT AUTHORITY\SYSTEM,S-1-5-18,2023-12-28 00:37:08.496,2,"<Event xmlns=""http://schemas.microsoft.com/win/2004/08/events/event"">
    <System>
      <Provider Name=""Microsoft-Windows-Sysmon"" Guid=""{5770385f-c22a-43e0-bf4c-06f5698ffbd9}""/>
      <EventID>13</EventID>
      <Version>2</Version>
      <Level>4</Level>
      <Task>13</Task>
      <Opcode>0</Opcode>
      <Keywords>0x8000000000000000</Keywords>
      <TimeCreated SystemTime=""2023-12-28T00:37:08.5034548Z""/>
      <EventRecordID>9742</EventRecordID>
      <Correlation/>
      <Execution ProcessID=""3732"" ThreadID=""4344""/>
      <Channel>Microsoft-Windows-Sysmon/Operational</Channel>
      <Computer>WinDev2309Eval</Computer>
      <Security UserID=""S-1-5-18""/>
    </System>
    <EventData>
      <Data Name=""RuleName"">T1042</Data>
      <Data Name=""EventType"">SetValue</Data>
      <Data Name=""UtcTime"">2023-12-28 00:37:08.496</Data>
      <Data Name=""ProcessGuid"">{fda94052-c334-658c-b000-000000000c00}</Data>
      <Data Name=""ProcessId"">2604</Data>
      <Data Name=""Image"">C:\Windows\system32\SecurityHealthService.exe</Data>
      <Data Name=""TargetObject"">HKCR\WdMam\Shell\Open\Command\(Default)</Data>
      <Data Name=""Details"">C:\Windows\System32\SecurityHealth\1.0.2306.10002-0\SecurityHealthHost.exe %%1</Data>
      <Data Name=""User"">NT AUTHORITY\SYSTEM</Data>
    </EventData>
    <RenderingInfo Culture=""en-US"">
      <Message>Registry value set:

RuleName: T1042

EventType: SetValue

UtcTime: 2023-12-28 00:37:08.496

ProcessGuid: {fda94052-c334-658c-b000-000000000c00}

ProcessId: 2604

Image: C:\Windows\system32\SecurityHealthService.exe

TargetObject: HKCR\WdMam\Shell\Open\Command\(Default)

Details: C:\Windows\System32\SecurityHealth\1.0.2306.10002-0\SecurityHealthHost.exe Incorrect function. 

User: NT AUTHORITY\SYSTEM</Message>
      <Level>Information</Level>
      <Task>Registry value set (rule: RegistryEvent)</Task>
      <Opcode>Info</Opcode>
    </RenderingInfo>
  </Event>
  
"
Microsoft-Windows-Sysmon/Operational,C:\Windows\system32\SecurityHealthService.exe,Microsoft Corporation,WinDev2309Eval,,C:\Windows\system32\,Windows Security Health Service,,,,,,,1,9741,,10.0.22621.1635 (WinBuild.160101.0800),"MD5=4C07F9B9C7E3397D3E9D634611C9ADCD,SHA256=97B10920C960EDA7336D2A0B2DD6D0FF6EA83E3484DEDB1156E6EFD96B6A1927,IMPHASH=DD53616D3D0B3E462B077A47D02C95B8",C:\Windows\System32\SecurityHealthService.exe,,System,0x8000000000000000,Information,{fda94052-c30f-658c-e703-000000000000},0x3e7,"Process Create:

RuleName: -

UtcTime: 2023-12-28 00:37:08.384

ProcessGuid: {fda94052-c334-658c-b000-000000000c00}

ProcessId: 2604

Image: C:\Windows\System32\SecurityHealthService.exe

FileVersion: 10.0.22621.1635 (WinBuild.160101.0800)

Description: Windows Security Health Service

Product: Microsoft Windows Operating System

Company: Microsoft Corporation

OriginalFileName: SecurityHealthService.exe

CommandLine: C:\Windows\system32\SecurityHealthService.exe

CurrentDirectory: C:\Windows\system32\

User: NT AUTHORITY\SYSTEM

LogonGuid: {fda94052-c30f-658c-e703-000000000000}

LogonId: 0x3E7

TerminalSessionId: 0

IntegrityLevel: System

Hashes: MD5=4C07F9B9C7E3397D3E9D634611C9ADCD,SHA256=97B10920C960EDA7336D2A0B2DD6D0FF6EA83E3484DEDB1156E6EFD96B6A1927,IMPHASH=DD53616D3D0B3E462B077A47D02C95B8

ParentProcessGuid: {fda94052-c30f-658c-0b00-000000000c00}

ParentProcessId: 776

ParentImage: C:\Windows\System32\services.exe

ParentCommandLine: C:\Windows\system32\services.exe

ParentUser: NT AUTHORITY\SYSTEM",,Info,SecurityHealthService.exe,C:\Windows\system32\services.exe,C:\Windows\System32\services.exe,{fda94052-c30f-658c-0b00-000000000c00},776,NT AUTHORITY\SYSTEM,{fda94052-c334-658c-b000-000000000c00},3732,2604,Microsoft Windows Operating System,,,,,"
      ",-,,,,,,,,,,,,,,,2023-12-28T00:37:08.3876558Z,,,,,,,Process Create (rule: ProcessCreate),0,4344,NT AUTHORITY\SYSTEM,S-1-5-18,2023-12-28 00:37:08.384,5,"<Event xmlns=""http://schemas.microsoft.com/win/2004/08/events/event"">
    <System>
      <Provider Name=""Microsoft-Windows-Sysmon"" Guid=""{5770385f-c22a-43e0-bf4c-06f5698ffbd9}""/>
      <EventID>1</EventID>
      <Version>5</Version>
      <Level>4</Level>
      <Task>1</Task>
      <Opcode>0</Opcode>
      <Keywords>0x8000000000000000</Keywords>
      <TimeCreated SystemTime=""2023-12-28T00:37:08.3876558Z""/>
      <EventRecordID>9741</EventRecordID>
      <Correlation/>
      <Execution ProcessID=""3732"" ThreadID=""4344""/>
      <Channel>Microsoft-Windows-Sysmon/Operational</Channel>
      <Computer>WinDev2309Eval</Computer>
      <Security UserID=""S-1-5-18""/>
    </System>
    <EventData>
      <Data Name=""RuleName"">-</Data>
      <Data Name=""UtcTime"">2023-12-28 00:37:08.384</Data>
      <Data Name=""ProcessGuid"">{fda94052-c334-658c-b000-000000000c00}</Data>
      <Data Name=""ProcessId"">2604</Data>
      <Data Name=""Image"">C:\Windows\System32\SecurityHealthService.exe</Data>
      <Data Name=""FileVersion"">10.0.22621.1635 (WinBuild.160101.0800)</Data>
      <Data Name=""Description"">Windows Security Health Service</Data>
      <Data Name=""Product"">Microsoft&#174; Windows&#174; Operating System</Data>
      <Data Name=""Company"">Microsoft Corporation</Data>
      <Data Name=""OriginalFileName"">SecurityHealthService.exe</Data>
      <Data Name=""CommandLine"">C:\Windows\system32\SecurityHealthService.exe</Data>
      <Data Name=""CurrentDirectory"">C:\Windows\system32\</Data>
      <Data Name=""User"">NT AUTHORITY\SYSTEM</Data>
      <Data Name=""LogonGuid"">{fda94052-c30f-658c-e703-000000000000}</Data>
      <Data Name=""LogonId"">0x3e7</Data>
      <Data Name=""TerminalSessionId"">0</Data>
      <Data Name=""IntegrityLevel"">System</Data>
      <Data Name=""Hashes"">MD5=4C07F9B9C7E3397D3E9D634611C9ADCD,SHA256=97B10920C960EDA7336D2A0B2DD6D0FF6EA83E3484DEDB1156E6EFD96B6A1927,IMPHASH=DD53616D3D0B3E462B077A47D02C95B8</Data>
      <Data Name=""ParentProcessGuid"">{fda94052-c30f-658c-0b00-000000000c00}</Data>
      <Data Name=""ParentProcessId"">776</Data>
      <Data Name=""ParentImage"">C:\Windows\System32\services.exe</Data>
      <Data Name=""ParentCommandLine"">C:\Windows\system32\services.exe</Data>
      <Data Name=""ParentUser"">NT AUTHORITY\SYSTEM</Data>
    </EventData>
    <RenderingInfo Culture=""en-US"">
      <Message>Process Create:

RuleName: -

UtcTime: 2023-12-28 00:37:08.384

ProcessGuid: {fda94052-c334-658c-b000-000000000c00}

ProcessId: 2604

Image: C:\Windows\System32\SecurityHealthService.exe

FileVersion: 10.0.22621.1635 (WinBuild.160101.0800)

Description: Windows Security Health Service

Product: Microsoft&#174; Windows&#174; Operating System

Company: Microsoft Corporation

OriginalFileName: SecurityHealthService.exe

CommandLine: C:\Windows\system32\SecurityHealthService.exe

CurrentDirectory: C:\Windows\system32\

User: NT AUTHORITY\SYSTEM

LogonGuid: {fda94052-c30f-658c-e703-000000000000}

LogonId: 0x3E7

TerminalSessionId: 0

IntegrityLevel: System

Hashes: MD5=4C07F9B9C7E3397D3E9D634611C9ADCD,SHA256=97B10920C960EDA7336D2A0B2DD6D0FF6EA83E3484DEDB1156E6EFD96B6A1927,IMPHASH=DD53616D3D0B3E462B077A47D02C95B8

ParentProcessGuid: {fda94052-c30f-658c-0b00-000000000c00}

ParentProcessId: 776

ParentImage: C:\Windows\System32\services.exe

ParentCommandLine: C:\Windows\system32\services.exe

ParentUser: NT AUTHORITY\SYSTEM</Message>
      <Level>Information</Level>
      <Task>Process Create (rule: ProcessCreate)</Task>
      <Opcode>Info</Opcode>
    </RenderingInfo>
  </Event>
  
"
Microsoft-Windows-Sysmon/Operational,"""C:\Windows\System32\SecurityHealthSystray.exe"" ",Microsoft Corporation,WinDev2309Eval,,C:\Windows\system32\,Windows Security notification icon,,,,,,,1,9740,,10.0.22621.608 (WinBuild.160101.0800),"MD5=9109273FC8711D74B676AC3653D0104F,SHA256=A244EF58012A251C5FCB12B18CF5F18E3C281FE873F0F2B17AA9AD19E5663BB1,IMPHASH=4596ED340B987A02053F76AB442BF380",C:\Windows\System32\SecurityHealthSystray.exe,,Medium,0x8000000000000000,Information,{fda94052-c313-658c-9aab-030000000000},0x3ab9a,"Process Create:

RuleName: -

UtcTime: 2023-12-28 00:37:08.329

ProcessGuid: {fda94052-c334-658c-af00-000000000c00}

ProcessId: 2416

Image: C:\Windows\System32\SecurityHealthSystray.exe

FileVersion: 10.0.22621.608 (WinBuild.160101.0800)

Description: Windows Security notification icon

Product: Microsoft Windows Operating System

Company: Microsoft Corporation

OriginalFileName: SecurityHealthSystray.exe

CommandLine: ""C:\Windows\System32\SecurityHealthSystray.exe"" 

CurrentDirectory: C:\Windows\system32\

User: WINDEV2309EVAL\User

LogonGuid: {fda94052-c313-658c-9aab-030000000000}

LogonId: 0x3AB9A

TerminalSessionId: 1

IntegrityLevel: Medium

Hashes: MD5=9109273FC8711D74B676AC3653D0104F,SHA256=A244EF58012A251C5FCB12B18CF5F18E3C281FE873F0F2B17AA9AD19E5663BB1,IMPHASH=4596ED340B987A02053F76AB442BF380

ParentProcessGuid: {fda94052-c315-658c-7500-000000000c00}

ParentProcessId: 5620

ParentImage: C:\Windows\explorer.exe

ParentCommandLine: C:\Windows\Explorer.EXE

ParentUser: WINDEV2309EVAL\User",,Info,SecurityHealthSystray.exe,C:\Windows\Explorer.EXE,C:\Windows\explorer.exe,{fda94052-c315-658c-7500-000000000c00},5620,WINDEV2309EVAL\User,{fda94052-c334-658c-af00-000000000c00},3732,2416,Microsoft Windows Operating System,,,,,"
      ",-,,,,,,,,,,,,,,,2023-12-28T00:37:08.3364506Z,,,,,,,Process Create (rule: ProcessCreate),1,4344,WINDEV2309EVAL\User,S-1-5-18,2023-12-28 00:37:08.329,5,"<Event xmlns=""http://schemas.microsoft.com/win/2004/08/events/event"">
    <System>
      <Provider Name=""Microsoft-Windows-Sysmon"" Guid=""{5770385f-c22a-43e0-bf4c-06f5698ffbd9}""/>
      <EventID>1</EventID>
      <Version>5</Version>
      <Level>4</Level>
      <Task>1</Task>
      <Opcode>0</Opcode>
      <Keywords>0x8000000000000000</Keywords>
      <TimeCreated SystemTime=""2023-12-28T00:37:08.3364506Z""/>
      <EventRecordID>9740</EventRecordID>
      <Correlation/>
      <Execution ProcessID=""3732"" ThreadID=""4344""/>
      <Channel>Microsoft-Windows-Sysmon/Operational</Channel>
      <Computer>WinDev2309Eval</Computer>
      <Security UserID=""S-1-5-18""/>
    </System>
    <EventData>
      <Data Name=""RuleName"">-</Data>
      <Data Name=""UtcTime"">2023-12-28 00:37:08.329</Data>
      <Data Name=""ProcessGuid"">{fda94052-c334-658c-af00-000000000c00}</Data>
      <Data Name=""ProcessId"">2416</Data>
      <Data Name=""Image"">C:\Windows\System32\SecurityHealthSystray.exe</Data>
      <Data Name=""FileVersion"">10.0.22621.608 (WinBuild.160101.0800)</Data>
      <Data Name=""Description"">Windows Security notification icon</Data>
      <Data Name=""Product"">Microsoft&#174; Windows&#174; Operating System</Data>
      <Data Name=""Company"">Microsoft Corporation</Data>
      <Data Name=""OriginalFileName"">SecurityHealthSystray.exe</Data>
      <Data Name=""CommandLine"">""C:\Windows\System32\SecurityHealthSystray.exe"" </Data>
      <Data Name=""CurrentDirectory"">C:\Windows\system32\</Data>
      <Data Name=""User"">WINDEV2309EVAL\User</Data>
      <Data Name=""LogonGuid"">{fda94052-c313-658c-9aab-030000000000}</Data>
      <Data Name=""LogonId"">0x3ab9a</Data>
      <Data Name=""TerminalSessionId"">1</Data>
      <Data Name=""IntegrityLevel"">Medium</Data>
      <Data Name=""Hashes"">MD5=9109273FC8711D74B676AC3653D0104F,SHA256=A244EF58012A251C5FCB12B18CF5F18E3C281FE873F0F2B17AA9AD19E5663BB1,IMPHASH=4596ED340B987A02053F76AB442BF380</Data>
      <Data Name=""ParentProcessGuid"">{fda94052-c315-658c-7500-000000000c00}</Data>
      <Data Name=""ParentProcessId"">5620</Data>
      <Data Name=""ParentImage"">C:\Windows\explorer.exe</Data>
      <Data Name=""ParentCommandLine"">C:\Windows\Explorer.EXE</Data>
      <Data Name=""ParentUser"">WINDEV2309EVAL\User</Data>
    </EventData>
    <RenderingInfo Culture=""en-US"">
      <Message>Process Create:

RuleName: -

UtcTime: 2023-12-28 00:37:08.329

ProcessGuid: {fda94052-c334-658c-af00-000000000c00}

ProcessId: 2416

Image: C:\Windows\System32\SecurityHealthSystray.exe

FileVersion: 10.0.22621.608 (WinBuild.160101.0800)

Description: Windows Security notification icon

Product: Microsoft&#174; Windows&#174; Operating System

Company: Microsoft Corporation

OriginalFileName: SecurityHealthSystray.exe

CommandLine: ""C:\Windows\System32\SecurityHealthSystray.exe"" 

CurrentDirectory: C:\Windows\system32\

User: WINDEV2309EVAL\User

LogonGuid: {fda94052-c313-658c-9aab-030000000000}

LogonId: 0x3AB9A

TerminalSessionId: 1

IntegrityLevel: Medium

Hashes: MD5=9109273FC8711D74B676AC3653D0104F,SHA256=A244EF58012A251C5FCB12B18CF5F18E3C281FE873F0F2B17AA9AD19E5663BB1,IMPHASH=4596ED340B987A02053F76AB442BF380

ParentProcessGuid: {fda94052-c315-658c-7500-000000000c00}

ParentProcessId: 5620

ParentImage: C:\Windows\explorer.exe

ParentCommandLine: C:\Windows\Explorer.EXE

ParentUser: WINDEV2309EVAL\User</Message>
      <Level>Information</Level>
      <Task>Process Create (rule: ProcessCreate)</Task>
      <Opcode>Info</Opcode>
    </RenderingInfo>
  </Event>
  
"
