Microsoft-Windows-Sysmon/Operational,C:\Windows\system32\svchost.exe -k netsvcs -p -s Winmgmt,Microsoft Corporation,WinDev2309Eval,,C:\Windows\system32\,Host Process for Windows Services,,,,,,,1,9596,,10.0.22621.1 (WinBuild.160101.0800),"MD5=8EC922C7A58A8701AB481B7BE9644536,SHA256=949BFB5B4C7D58D92F3F9C5F8EC7CA4CEAFFD10EC5F0020F0A987C472D61C54B,IMPHASH=76B4BAE80D2C3B08BB062D97BF9CA791",C:\Windows\System32\svchost.exe,,System,0x8000000000000000,Information,{fda94052-c30f-658c-e703-000000000000},0x3e7,"Process Create:

RuleName: -

UtcTime: 2023-12-28 00:36:33.625

ProcessGuid: {fda94052-c311-658c-4b00-000000000c00}

ProcessId: 3304

Image: C:\Windows\System32\svchost.exe

FileVersion: 10.0.22621.1 (WinBuild.160101.0800)

Description: Host Process for Windows Services

Product: Microsoft Windows Operating System

Company: Microsoft Corporation

OriginalFileName: svchost.exe

CommandLine: C:\Windows\system32\svchost.exe -k netsvcs -p -s Winmgmt

CurrentDirectory: C:\Windows\system32\

User: NT AUTHORITY\SYSTEM

LogonGuid: {fda94052-c30f-658c-e703-000000000000}

LogonId: 0x3E7

TerminalSessionId: 0

IntegrityLevel: System

Hashes: MD5=8EC922C7A58A8701AB481B7BE9644536,SHA256=949BFB5B4C7D58D92F3F9C5F8EC7CA4CEAFFD10EC5F0020F0A987C472D61C54B,IMPHASH=76B4BAE80D2C3B08BB062D97BF9CA791

ParentProcessGuid: {fda94052-c30f-658c-0b00-000000000c00}

ParentProcessId: 776

ParentImage: C:\Windows\System32\services.exe

ParentCommandLine: C:\Windows\system32\services.exe

ParentUser: NT AUTHORITY\SYSTEM",,Info,svchost.exe,C:\Windows\system32\services.exe,C:\Windows\System32\services.exe,{fda94052-c30f-658c-0b00-000000000c00},776,NT AUTHORITY\SYSTEM,{fda94052-c311-658c-4b00-000000000c00},3732,3304,Microsoft Windows Operating System,,,,,"
      ",-,,,,,,,,,,,,,,,2023-12-28T00:36:35.2133307Z,,,,,,,Process Create (rule: ProcessCreate),0,4344,NT AUTHORITY\SYSTEM,S-1-5-18,2023-12-28 00:36:33.625,5,"<Event xmlns=""http://schemas.microsoft.com/win/2004/08/events/event"">
    <System>
      <Provider Name=""Microsoft-Windows-Sysmon"" Guid=""{5770385f-c22a-43e0-bf4c-06f5698ffbd9}""/>
      <EventID>1</EventID>
      <Version>5</Version>
      <Level>4</Level>
      <Task>1</Task>
      <Opcode>0</Opcode>
      <Keywords>0x8000000000000000</Keywords>
      <TimeCreated SystemTime=""2023-12-28T00:36:35.2133307Z""/>
      <EventRecordID>9596</EventRecordID>
      <Correlation/>
      <Execution ProcessID=""3732"" ThreadID=""4344""/>
      <Channel>Microsoft-Windows-Sysmon/Operational</Channel>
      <Computer>WinDev2309Eval</Computer>
      <Security UserID=""S-1-5-18""/>
    </System>
    <EventData>
      <Data Name=""RuleName"">-</Data>
      <Data Name=""UtcTime"">2023-12-28 00:36:33.625</Data>
      <Data Name=""ProcessGuid"">{fda94052-c311-658c-4b00-000000000c00}</Data>
      <Data Name=""ProcessId"">3304</Data>
      <Data Name=""Image"">C:\Windows\System32\svchost.exe</Data>
      <Data Name=""FileVersion"">10.0.22621.1 (WinBuild.160101.0800)</Data>
      <Data Name=""Description"">Host Process for Windows Services</Data>
      <Data Name=""Product"">Microsoft&#174; Windows&#174; Operating System</Data>
      <Data Name=""Company"">Microsoft Corporation</Data>
      <Data Name=""OriginalFileName"">svchost.exe</Data>
      <Data Name=""CommandLine"">C:\Windows\system32\svchost.exe -k netsvcs -p -s Winmgmt</Data>
      <Data Name=""CurrentDirectory"">C:\Windows\system32\</Data>
      <Data Name=""User"">NT AUTHORITY\SYSTEM</Data>
      <Data Name=""LogonGuid"">{fda94052-c30f-658c-e703-000000000000}</Data>
      <Data Name=""LogonId"">0x3e7</Data>
      <Data Name=""TerminalSessionId"">0</Data>
      <Data Name=""IntegrityLevel"">System</Data>
      <Data Name=""Hashes"">MD5=8EC922C7A58A8701AB481B7BE9644536,SHA256=949BFB5B4C7D58D92F3F9C5F8EC7CA4CEAFFD10EC5F0020F0A987C472D61C54B,IMPHASH=76B4BAE80D2C3B08BB062D97BF9CA791</Data>
      <Data Name=""ParentProcessGuid"">{fda94052-c30f-658c-0b00-000000000c00}</Data>
      <Data Name=""ParentProcessId"">776</Data>
      <Data Name=""ParentImage"">C:\Windows\System32\services.exe</Data>
      <Data Name=""ParentCommandLine"">C:\Windows\system32\services.exe</Data>
      <Data Name=""ParentUser"">NT AUTHORITY\SYSTEM</Data>
    </EventData>
    <RenderingInfo Culture=""en-US"">
      <Message>Process Create:

RuleName: -

UtcTime: 2023-12-28 00:36:33.625

ProcessGuid: {fda94052-c311-658c-4b00-000000000c00}

ProcessId: 3304

Image: C:\Windows\System32\svchost.exe

FileVersion: 10.0.22621.1 (WinBuild.160101.0800)

Description: Host Process for Windows Services

Product: Microsoft&#174; Windows&#174; Operating System

Company: Microsoft Corporation

OriginalFileName: svchost.exe

CommandLine: C:\Windows\system32\svchost.exe -k netsvcs -p -s Winmgmt

CurrentDirectory: C:\Windows\system32\

User: NT AUTHORITY\SYSTEM

LogonGuid: {fda94052-c30f-658c-e703-000000000000}

LogonId: 0x3E7

TerminalSessionId: 0

IntegrityLevel: System

Hashes: MD5=8EC922C7A58A8701AB481B7BE9644536,SHA256=949BFB5B4C7D58D92F3F9C5F8EC7CA4CEAFFD10EC5F0020F0A987C472D61C54B,IMPHASH=76B4BAE80D2C3B08BB062D97BF9CA791

ParentProcessGuid: {fda94052-c30f-658c-0b00-000000000c00}

ParentProcessId: 776

ParentImage: C:\Windows\System32\services.exe

ParentCommandLine: C:\Windows\system32\services.exe

ParentUser: NT AUTHORITY\SYSTEM</Message>
      <Level>Information</Level>
      <Task>Process Create (rule: ProcessCreate)</Task>
      <Opcode>Info</Opcode>
    </RenderingInfo>
  </Event>
  
"
Microsoft-Windows-Sysmon/Operational,C:\Windows\system32\wlms\wlms.exe,Microsoft Corporation,WinDev2309Eval,,C:\Windows\system32\,Windows License Monitoring Service,,,,,,,1,9595,,10.0.22621.1 (WinBuild.160101.0800),"MD5=6B1D0D6B503ACD1A962BEFAF164B40A8,SHA256=C72E716C464DA7B4CBFCBAF0DD5823333D486351B6C849B028AA28C0925BBA4D,IMPHASH=C4858787B32BE55BB0085C7B777727C2",C:\Windows\System32\wlms\wlms.exe,,System,0x8000000000000000,Information,{fda94052-c30f-658c-e703-000000000000},0x3e7,"Process Create:

RuleName: -

UtcTime: 2023-12-28 00:36:33.633

ProcessGuid: {fda94052-c311-658c-4c00-000000000c00}

ProcessId: 3316

Image: C:\Windows\System32\wlms\wlms.exe

FileVersion: 10.0.22621.1 (WinBuild.160101.0800)

Description: Windows License Monitoring Service

Product: Microsoft Windows Operating System

Company: Microsoft Corporation

OriginalFileName: wlms.exe

CommandLine: C:\Windows\system32\wlms\wlms.exe

CurrentDirectory: C:\Windows\system32\

User: NT AUTHORITY\SYSTEM

LogonGuid: {fda94052-c30f-658c-e703-000000000000}

LogonId: 0x3E7

TerminalSessionId: 0

IntegrityLevel: System

Hashes: MD5=6B1D0D6B503ACD1A962BEFAF164B40A8,SHA256=C72E716C464DA7B4CBFCBAF0DD5823333D486351B6C849B028AA28C0925BBA4D,IMPHASH=C4858787B32BE55BB0085C7B777727C2

ParentProcessGuid: {fda94052-c30f-658c-0b00-000000000c00}

ParentProcessId: 776

ParentImage: C:\Windows\System32\services.exe

ParentCommandLine: C:\Windows\system32\services.exe

ParentUser: NT AUTHORITY\SYSTEM",,Info,wlms.exe,C:\Windows\system32\services.exe,C:\Windows\System32\services.exe,{fda94052-c30f-658c-0b00-000000000c00},776,NT AUTHORITY\SYSTEM,{fda94052-c311-658c-4c00-000000000c00},3732,3316,Microsoft Windows Operating System,,,,,"
      ",-,,,,,,,,,,,,,,,2023-12-28T00:36:35.2037952Z,,,,,,,Process Create (rule: ProcessCreate),0,4344,NT AUTHORITY\SYSTEM,S-1-5-18,2023-12-28 00:36:33.633,5,"<Event xmlns=""http://schemas.microsoft.com/win/2004/08/events/event"">
    <System>
      <Provider Name=""Microsoft-Windows-Sysmon"" Guid=""{5770385f-c22a-43e0-bf4c-06f5698ffbd9}""/>
      <EventID>1</EventID>
      <Version>5</Version>
      <Level>4</Level>
      <Task>1</Task>
      <Opcode>0</Opcode>
      <Keywords>0x8000000000000000</Keywords>
      <TimeCreated SystemTime=""2023-12-28T00:36:35.2037952Z""/>
      <EventRecordID>9595</EventRecordID>
      <Correlation/>
      <Execution ProcessID=""3732"" ThreadID=""4344""/>
      <Channel>Microsoft-Windows-Sysmon/Operational</Channel>
      <Computer>WinDev2309Eval</Computer>
      <Security UserID=""S-1-5-18""/>
    </System>
    <EventData>
      <Data Name=""RuleName"">-</Data>
      <Data Name=""UtcTime"">2023-12-28 00:36:33.633</Data>
      <Data Name=""ProcessGuid"">{fda94052-c311-658c-4c00-000000000c00}</Data>
      <Data Name=""ProcessId"">3316</Data>
      <Data Name=""Image"">C:\Windows\System32\wlms\wlms.exe</Data>
      <Data Name=""FileVersion"">10.0.22621.1 (WinBuild.160101.0800)</Data>
      <Data Name=""Description"">Windows License Monitoring Service</Data>
      <Data Name=""Product"">Microsoft&#174; Windows&#174; Operating System</Data>
      <Data Name=""Company"">Microsoft Corporation</Data>
      <Data Name=""OriginalFileName"">wlms.exe</Data>
      <Data Name=""CommandLine"">C:\Windows\system32\wlms\wlms.exe</Data>
      <Data Name=""CurrentDirectory"">C:\Windows\system32\</Data>
      <Data Name=""User"">NT AUTHORITY\SYSTEM</Data>
      <Data Name=""LogonGuid"">{fda94052-c30f-658c-e703-000000000000}</Data>
      <Data Name=""LogonId"">0x3e7</Data>
      <Data Name=""TerminalSessionId"">0</Data>
      <Data Name=""IntegrityLevel"">System</Data>
      <Data Name=""Hashes"">MD5=6B1D0D6B503ACD1A962BEFAF164B40A8,SHA256=C72E716C464DA7B4CBFCBAF0DD5823333D486351B6C849B028AA28C0925BBA4D,IMPHASH=C4858787B32BE55BB0085C7B777727C2</Data>
      <Data Name=""ParentProcessGuid"">{fda94052-c30f-658c-0b00-000000000c00}</Data>
      <Data Name=""ParentProcessId"">776</Data>
      <Data Name=""ParentImage"">C:\Windows\System32\services.exe</Data>
      <Data Name=""ParentCommandLine"">C:\Windows\system32\services.exe</Data>
      <Data Name=""ParentUser"">NT AUTHORITY\SYSTEM</Data>
    </EventData>
    <RenderingInfo Culture=""en-US"">
      <Message>Process Create:

RuleName: -

UtcTime: 2023-12-28 00:36:33.633

ProcessGuid: {fda94052-c311-658c-4c00-000000000c00}

ProcessId: 3316

Image: C:\Windows\System32\wlms\wlms.exe

FileVersion: 10.0.22621.1 (WinBuild.160101.0800)

Description: Windows License Monitoring Service

Product: Microsoft&#174; Windows&#174; Operating System

Company: Microsoft Corporation

OriginalFileName: wlms.exe

CommandLine: C:\Windows\system32\wlms\wlms.exe

CurrentDirectory: C:\Windows\system32\

User: NT AUTHORITY\SYSTEM

LogonGuid: {fda94052-c30f-658c-e703-000000000000}

LogonId: 0x3E7

TerminalSessionId: 0

IntegrityLevel: System

Hashes: MD5=6B1D0D6B503ACD1A962BEFAF164B40A8,SHA256=C72E716C464DA7B4CBFCBAF0DD5823333D486351B6C849B028AA28C0925BBA4D,IMPHASH=C4858787B32BE55BB0085C7B777727C2

ParentProcessGuid: {fda94052-c30f-658c-0b00-000000000c00}

ParentProcessId: 776

ParentImage: C:\Windows\System32\services.exe

ParentCommandLine: C:\Windows\system32\services.exe

ParentUser: NT AUTHORITY\SYSTEM</Message>
      <Level>Information</Level>
      <Task>Process Create (rule: ProcessCreate)</Task>
      <Opcode>Info</Opcode>
    </RenderingInfo>
  </Event>
  
"
Microsoft-Windows-Sysmon/Operational,"""C:\Program Files\VMware\VMware Tools\vmtoolsd.exe""","VMware, Inc.",WinDev2309Eval,,C:\Windows\system32\,VMware Tools Core Service,,,,,,,1,9594,,12.1.0.37487,"MD5=C3AF518D7BB5F7F368FEBCE09C7E57CE,SHA256=8F490791F7164633E2BC3BFE129C829986A45B918566C2FE1D63F3C77B0EB28C,IMPHASH=6BE0D54D77BD5AF43BDC49E77FFDCBB1",C:\Program Files\VMware\VMware Tools\vmtoolsd.exe,,System,0x8000000000000000,Information,{fda94052-c30f-658c-e703-000000000000},0x3e7,"Process Create:

RuleName: -

UtcTime: 2023-12-28 00:36:33.612

ProcessGuid: {fda94052-c311-658c-4a00-000000000c00}

ProcessId: 3280

Image: C:\Program Files\VMware\VMware Tools\vmtoolsd.exe

FileVersion: 12.1.0.37487

Description: VMware Tools Core Service

Product: VMware Tools

Company: VMware, Inc.

OriginalFileName: vmtoolsd.exe

CommandLine: ""C:\Program Files\VMware\VMware Tools\vmtoolsd.exe""

CurrentDirectory: C:\Windows\system32\

User: NT AUTHORITY\SYSTEM

LogonGuid: {fda94052-c30f-658c-e703-000000000000}

LogonId: 0x3E7

TerminalSessionId: 0

IntegrityLevel: System

Hashes: MD5=C3AF518D7BB5F7F368FEBCE09C7E57CE,SHA256=8F490791F7164633E2BC3BFE129C829986A45B918566C2FE1D63F3C77B0EB28C,IMPHASH=6BE0D54D77BD5AF43BDC49E77FFDCBB1

ParentProcessGuid: {fda94052-c30f-658c-0b00-000000000c00}

ParentProcessId: 776

ParentImage: C:\Windows\System32\services.exe

ParentCommandLine: C:\Windows\system32\services.exe

ParentUser: NT AUTHORITY\SYSTEM",,Info,vmtoolsd.exe,C:\Windows\system32\services.exe,C:\Windows\System32\services.exe,{fda94052-c30f-658c-0b00-000000000c00},776,NT AUTHORITY\SYSTEM,{fda94052-c311-658c-4a00-000000000c00},3732,3280,VMware Tools,,,,,"
      ",-,,,,,,,,,,,,,,,2023-12-28T00:36:35.1831767Z,,,,,,,Process Create (rule: ProcessCreate),0,4344,NT AUTHORITY\SYSTEM,S-1-5-18,2023-12-28 00:36:33.612,5,"<Event xmlns=""http://schemas.microsoft.com/win/2004/08/events/event"">
    <System>
      <Provider Name=""Microsoft-Windows-Sysmon"" Guid=""{5770385f-c22a-43e0-bf4c-06f5698ffbd9}""/>
      <EventID>1</EventID>
      <Version>5</Version>
      <Level>4</Level>
      <Task>1</Task>
      <Opcode>0</Opcode>
      <Keywords>0x8000000000000000</Keywords>
      <TimeCreated SystemTime=""2023-12-28T00:36:35.1831767Z""/>
      <EventRecordID>9594</EventRecordID>
      <Correlation/>
      <Execution ProcessID=""3732"" ThreadID=""4344""/>
      <Channel>Microsoft-Windows-Sysmon/Operational</Channel>
      <Computer>WinDev2309Eval</Computer>
      <Security UserID=""S-1-5-18""/>
    </System>
    <EventData>
      <Data Name=""RuleName"">-</Data>
      <Data Name=""UtcTime"">2023-12-28 00:36:33.612</Data>
      <Data Name=""ProcessGuid"">{fda94052-c311-658c-4a00-000000000c00}</Data>
      <Data Name=""ProcessId"">3280</Data>
      <Data Name=""Image"">C:\Program Files\VMware\VMware Tools\vmtoolsd.exe</Data>
      <Data Name=""FileVersion"">12.1.0.37487</Data>
      <Data Name=""Description"">VMware Tools Core Service</Data>
      <Data Name=""Product"">VMware Tools</Data>
      <Data Name=""Company"">VMware, Inc.</Data>
      <Data Name=""OriginalFileName"">vmtoolsd.exe</Data>
      <Data Name=""CommandLine"">""C:\Program Files\VMware\VMware Tools\vmtoolsd.exe""</Data>
      <Data Name=""CurrentDirectory"">C:\Windows\system32\</Data>
      <Data Name=""User"">NT AUTHORITY\SYSTEM</Data>
      <Data Name=""LogonGuid"">{fda94052-c30f-658c-e703-000000000000}</Data>
      <Data Name=""LogonId"">0x3e7</Data>
      <Data Name=""TerminalSessionId"">0</Data>
      <Data Name=""IntegrityLevel"">System</Data>
      <Data Name=""Hashes"">MD5=C3AF518D7BB5F7F368FEBCE09C7E57CE,SHA256=8F490791F7164633E2BC3BFE129C829986A45B918566C2FE1D63F3C77B0EB28C,IMPHASH=6BE0D54D77BD5AF43BDC49E77FFDCBB1</Data>
      <Data Name=""ParentProcessGuid"">{fda94052-c30f-658c-0b00-000000000c00}</Data>
      <Data Name=""ParentProcessId"">776</Data>
      <Data Name=""ParentImage"">C:\Windows\System32\services.exe</Data>
      <Data Name=""ParentCommandLine"">C:\Windows\system32\services.exe</Data>
      <Data Name=""ParentUser"">NT AUTHORITY\SYSTEM</Data>
    </EventData>
    <RenderingInfo Culture=""en-US"">
      <Message>Process Create:

RuleName: -

UtcTime: 2023-12-28 00:36:33.612

ProcessGuid: {fda94052-c311-658c-4a00-000000000c00}

ProcessId: 3280

Image: C:\Program Files\VMware\VMware Tools\vmtoolsd.exe

FileVersion: 12.1.0.37487

Description: VMware Tools Core Service

Product: VMware Tools

Company: VMware, Inc.

OriginalFileName: vmtoolsd.exe

CommandLine: ""C:\Program Files\VMware\VMware Tools\vmtoolsd.exe""

CurrentDirectory: C:\Windows\system32\

User: NT AUTHORITY\SYSTEM

LogonGuid: {fda94052-c30f-658c-e703-000000000000}

LogonId: 0x3E7

TerminalSessionId: 0

IntegrityLevel: System

Hashes: MD5=C3AF518D7BB5F7F368FEBCE09C7E57CE,SHA256=8F490791F7164633E2BC3BFE129C829986A45B918566C2FE1D63F3C77B0EB28C,IMPHASH=6BE0D54D77BD5AF43BDC49E77FFDCBB1

ParentProcessGuid: {fda94052-c30f-658c-0b00-000000000c00}

ParentProcessId: 776

ParentImage: C:\Windows\System32\services.exe

ParentCommandLine: C:\Windows\system32\services.exe

ParentUser: NT AUTHORITY\SYSTEM</Message>
      <Level>Information</Level>
      <Task>Process Create (rule: ProcessCreate)</Task>
      <Opcode>Info</Opcode>
    </RenderingInfo>
  </Event>
  
"
Microsoft-Windows-Sysmon/Operational,C:\Windows\system32\vm3dservice.exe,"VMware, Inc.",WinDev2309Eval,,C:\Windows\system32\,VMware SVGA Helper Service,,,,,,,1,9593,,9.17.04.0001,"MD5=260AAED1EA2C6672E3DA96986FAB6403,SHA256=CE2AE98767E4E0583B988A6102BE6DE6AD374DADC0144470B7C1A2423222EFC7,IMPHASH=C968739E5F46C13905EF8A9A299CB4A8",C:\Windows\System32\vm3dservice.exe,,System,0x8000000000000000,Information,{fda94052-c30f-658c-e703-000000000000},0x3e7,"Process Create:

RuleName: -

UtcTime: 2023-12-28 00:36:33.591

ProcessGuid: {fda94052-c311-658c-4900-000000000c00}

ProcessId: 3244

Image: C:\Windows\System32\vm3dservice.exe

FileVersion: 9.17.04.0001

Description: VMware SVGA Helper Service

Product: VMware SVGA 3D

Company: VMware, Inc.

OriginalFileName: vm3dservice.exe

CommandLine: C:\Windows\system32\vm3dservice.exe

CurrentDirectory: C:\Windows\system32\

User: NT AUTHORITY\SYSTEM

LogonGuid: {fda94052-c30f-658c-e703-000000000000}

LogonId: 0x3E7

TerminalSessionId: 0

IntegrityLevel: System

Hashes: MD5=260AAED1EA2C6672E3DA96986FAB6403,SHA256=CE2AE98767E4E0583B988A6102BE6DE6AD374DADC0144470B7C1A2423222EFC7,IMPHASH=C968739E5F46C13905EF8A9A299CB4A8

ParentProcessGuid: {fda94052-c30f-658c-0b00-000000000c00}

ParentProcessId: 776

ParentImage: C:\Windows\System32\services.exe

ParentCommandLine: C:\Windows\system32\services.exe

ParentUser: NT AUTHORITY\SYSTEM",,Info,vm3dservice.exe,C:\Windows\system32\services.exe,C:\Windows\System32\services.exe,{fda94052-c30f-658c-0b00-000000000c00},776,NT AUTHORITY\SYSTEM,{fda94052-c311-658c-4900-000000000c00},3732,3244,VMware SVGA 3D,,,,,"
      ",-,,,,,,,,,,,,,,,2023-12-28T00:36:35.1621824Z,,,,,,,Process Create (rule: ProcessCreate),0,4344,NT AUTHORITY\SYSTEM,S-1-5-18,2023-12-28 00:36:33.591,5,"<Event xmlns=""http://schemas.microsoft.com/win/2004/08/events/event"">
    <System>
      <Provider Name=""Microsoft-Windows-Sysmon"" Guid=""{5770385f-c22a-43e0-bf4c-06f5698ffbd9}""/>
      <EventID>1</EventID>
      <Version>5</Version>
      <Level>4</Level>
      <Task>1</Task>
      <Opcode>0</Opcode>
      <Keywords>0x8000000000000000</Keywords>
      <TimeCreated SystemTime=""2023-12-28T00:36:35.1621824Z""/>
      <EventRecordID>9593</EventRecordID>
      <Correlation/>
      <Execution ProcessID=""3732"" ThreadID=""4344""/>
      <Channel>Microsoft-Windows-Sysmon/Operational</Channel>
      <Computer>WinDev2309Eval</Computer>
      <Security UserID=""S-1-5-18""/>
    </System>
    <EventData>
      <Data Name=""RuleName"">-</Data>
      <Data Name=""UtcTime"">2023-12-28 00:36:33.591</Data>
      <Data Name=""ProcessGuid"">{fda94052-c311-658c-4900-000000000c00}</Data>
      <Data Name=""ProcessId"">3244</Data>
      <Data Name=""Image"">C:\Windows\System32\vm3dservice.exe</Data>
      <Data Name=""FileVersion"">9.17.04.0001</Data>
      <Data Name=""Description"">VMware SVGA Helper Service</Data>
      <Data Name=""Product"">VMware SVGA 3D</Data>
      <Data Name=""Company"">VMware, Inc.</Data>
      <Data Name=""OriginalFileName"">vm3dservice.exe</Data>
      <Data Name=""CommandLine"">C:\Windows\system32\vm3dservice.exe</Data>
      <Data Name=""CurrentDirectory"">C:\Windows\system32\</Data>
      <Data Name=""User"">NT AUTHORITY\SYSTEM</Data>
      <Data Name=""LogonGuid"">{fda94052-c30f-658c-e703-000000000000}</Data>
      <Data Name=""LogonId"">0x3e7</Data>
      <Data Name=""TerminalSessionId"">0</Data>
      <Data Name=""IntegrityLevel"">System</Data>
      <Data Name=""Hashes"">MD5=260AAED1EA2C6672E3DA96986FAB6403,SHA256=CE2AE98767E4E0583B988A6102BE6DE6AD374DADC0144470B7C1A2423222EFC7,IMPHASH=C968739E5F46C13905EF8A9A299CB4A8</Data>
      <Data Name=""ParentProcessGuid"">{fda94052-c30f-658c-0b00-000000000c00}</Data>
      <Data Name=""ParentProcessId"">776</Data>
      <Data Name=""ParentImage"">C:\Windows\System32\services.exe</Data>
      <Data Name=""ParentCommandLine"">C:\Windows\system32\services.exe</Data>
      <Data Name=""ParentUser"">NT AUTHORITY\SYSTEM</Data>
    </EventData>
    <RenderingInfo Culture=""en-US"">
      <Message>Process Create:

RuleName: -

UtcTime: 2023-12-28 00:36:33.591

ProcessGuid: {fda94052-c311-658c-4900-000000000c00}

ProcessId: 3244

Image: C:\Windows\System32\vm3dservice.exe

FileVersion: 9.17.04.0001

Description: VMware SVGA Helper Service

Product: VMware SVGA 3D

Company: VMware, Inc.

OriginalFileName: vm3dservice.exe

CommandLine: C:\Windows\system32\vm3dservice.exe

CurrentDirectory: C:\Windows\system32\

User: NT AUTHORITY\SYSTEM

LogonGuid: {fda94052-c30f-658c-e703-000000000000}

LogonId: 0x3E7

TerminalSessionId: 0

IntegrityLevel: System

Hashes: MD5=260AAED1EA2C6672E3DA96986FAB6403,SHA256=CE2AE98767E4E0583B988A6102BE6DE6AD374DADC0144470B7C1A2423222EFC7,IMPHASH=C968739E5F46C13905EF8A9A299CB4A8

ParentProcessGuid: {fda94052-c30f-658c-0b00-000000000c00}

ParentProcessId: 776

ParentImage: C:\Windows\System32\services.exe

ParentCommandLine: C:\Windows\system32\services.exe

ParentUser: NT AUTHORITY\SYSTEM</Message>
      <Level>Information</Level>
      <Task>Process Create (rule: ProcessCreate)</Task>
      <Opcode>Info</Opcode>
    </RenderingInfo>
  </Event>
  
"
Microsoft-Windows-Sysmon/Operational,,,WinDev2309Eval,,,,,,,,,00000409,13,9592,SetValue,,,C:\Windows\system32\LogonUI.exe,,,0x8000000000000000,Information,,,"Registry value set:

RuleName: -

EventType: SetValue

UtcTime: 2023-12-28 00:36:33.581

ProcessGuid: {fda94052-c310-658c-1200-000000000c00}

ProcessId: 948

Image: C:\Windows\system32\LogonUI.exe

TargetObject: HKU\.DEFAULT\Keyboard Layout\Preload\1

Details: 00000409

User: NT AUTHORITY\SYSTEM",,Info,,,,,,,{fda94052-c310-658c-1200-000000000c00},3732,948,,,,,,"
      ",-,,,,,,,,,,,,,,,2023-12-28T00:36:35.1607293Z,,,HKU\.DEFAULT\Keyboard Layout\Preload\1,,,,Registry value set (rule: RegistryEvent),,4344,NT AUTHORITY\SYSTEM,S-1-5-18,2023-12-28 00:36:33.581,2,"<Event xmlns=""http://schemas.microsoft.com/win/2004/08/events/event"">
    <System>
      <Provider Name=""Microsoft-Windows-Sysmon"" Guid=""{5770385f-c22a-43e0-bf4c-06f5698ffbd9}""/>
      <EventID>13</EventID>
      <Version>2</Version>
      <Level>4</Level>
      <Task>13</Task>
      <Opcode>0</Opcode>
      <Keywords>0x8000000000000000</Keywords>
      <TimeCreated SystemTime=""2023-12-28T00:36:35.1607293Z""/>
      <EventRecordID>9592</EventRecordID>
      <Correlation/>
      <Execution ProcessID=""3732"" ThreadID=""4344""/>
      <Channel>Microsoft-Windows-Sysmon/Operational</Channel>
      <Computer>WinDev2309Eval</Computer>
      <Security UserID=""S-1-5-18""/>
    </System>
    <EventData>
      <Data Name=""RuleName"">-</Data>
      <Data Name=""EventType"">SetValue</Data>
      <Data Name=""UtcTime"">2023-12-28 00:36:33.581</Data>
      <Data Name=""ProcessGuid"">{fda94052-c310-658c-1200-000000000c00}</Data>
      <Data Name=""ProcessId"">948</Data>
      <Data Name=""Image"">C:\Windows\system32\LogonUI.exe</Data>
      <Data Name=""TargetObject"">HKU\.DEFAULT\Keyboard Layout\Preload\1</Data>
      <Data Name=""Details"">00000409</Data>
      <Data Name=""User"">NT AUTHORITY\SYSTEM</Data>
    </EventData>
    <RenderingInfo Culture=""en-US"">
      <Message>Registry value set:

RuleName: -

EventType: SetValue

UtcTime: 2023-12-28 00:36:33.581

ProcessGuid: {fda94052-c310-658c-1200-000000000c00}

ProcessId: 948

Image: C:\Windows\system32\LogonUI.exe

TargetObject: HKU\.DEFAULT\Keyboard Layout\Preload\1

Details: 00000409

User: NT AUTHORITY\SYSTEM</Message>
      <Level>Information</Level>
      <Task>Registry value set (rule: RegistryEvent)</Task>
      <Opcode>Info</Opcode>
    </RenderingInfo>
  </Event>
  
"
Microsoft-Windows-Sysmon/Operational,,,WinDev2309Eval,,,,,,,,,,12,9591,DeleteValue,,,C:\Windows\system32\LogonUI.exe,,,0x8000000000000000,Information,,,"Registry object added or deleted:

RuleName: -

EventType: DeleteValue

UtcTime: 2023-12-28 00:36:33.581

ProcessGuid: {fda94052-c310-658c-1200-000000000c00}

ProcessId: 948

Image: C:\Windows\system32\LogonUI.exe

TargetObject: HKU\.DEFAULT\Keyboard Layout\Preload\1

User: NT AUTHORITY\SYSTEM",,Info,,,,,,,{fda94052-c310-658c-1200-000000000c00},3732,948,,,,,,"
      ",-,,,,,,,,,,,,,,,2023-12-28T00:36:35.1606897Z,,,HKU\.DEFAULT\Keyboard Layout\Preload\1,,,,Registry object added or deleted (rule: RegistryEvent),,4344,NT AUTHORITY\SYSTEM,S-1-5-18,2023-12-28 00:36:33.581,2,"<Event xmlns=""http://schemas.microsoft.com/win/2004/08/events/event"">
    <System>
      <Provider Name=""Microsoft-Windows-Sysmon"" Guid=""{5770385f-c22a-43e0-bf4c-06f5698ffbd9}""/>
      <EventID>12</EventID>
      <Version>2</Version>
      <Level>4</Level>
      <Task>12</Task>
      <Opcode>0</Opcode>
      <Keywords>0x8000000000000000</Keywords>
      <TimeCreated SystemTime=""2023-12-28T00:36:35.1606897Z""/>
      <EventRecordID>9591</EventRecordID>
      <Correlation/>
      <Execution ProcessID=""3732"" ThreadID=""4344""/>
      <Channel>Microsoft-Windows-Sysmon/Operational</Channel>
      <Computer>WinDev2309Eval</Computer>
      <Security UserID=""S-1-5-18""/>
    </System>
    <EventData>
      <Data Name=""RuleName"">-</Data>
      <Data Name=""EventType"">DeleteValue</Data>
      <Data Name=""UtcTime"">2023-12-28 00:36:33.581</Data>
      <Data Name=""ProcessGuid"">{fda94052-c310-658c-1200-000000000c00}</Data>
      <Data Name=""ProcessId"">948</Data>
      <Data Name=""Image"">C:\Windows\system32\LogonUI.exe</Data>
      <Data Name=""TargetObject"">HKU\.DEFAULT\Keyboard Layout\Preload\1</Data>
      <Data Name=""User"">NT AUTHORITY\SYSTEM</Data>
    </EventData>
    <RenderingInfo Culture=""en-US"">
      <Message>Registry object added or deleted:

RuleName: -

EventType: DeleteValue

UtcTime: 2023-12-28 00:36:33.581

ProcessGuid: {fda94052-c310-658c-1200-000000000c00}

ProcessId: 948

Image: C:\Windows\system32\LogonUI.exe

TargetObject: HKU\.DEFAULT\Keyboard Layout\Preload\1

User: NT AUTHORITY\SYSTEM</Message>
      <Level>Information</Level>
      <Task>Registry object added or deleted (rule: RegistryEvent)</Task>
      <Opcode>Info</Opcode>
    </RenderingInfo>
  </Event>
  
"
Microsoft-Windows-Sysmon/Operational,"""C:\Program Files\VMware\VMware Tools\VMware VGAuth\VGAuthService.exe""","VMware, Inc.",WinDev2309Eval,,C:\Windows\system32\,VMware Guest Authentication Service,,,,,,,1,9590,,12.1.0.63013,"MD5=E9FA80738A0F8244E99AE24EE86D2960,SHA256=BCCB07F6C2AC3A0172C4AE64D373210808908225FDA641FB68A93F9F5AA63380,IMPHASH=3325371199C504EE0A3AC1D6FEEDB9C3",C:\Program Files\VMware\VMware Tools\VMware VGAuth\VGAuthService.exe,,System,0x8000000000000000,Information,{fda94052-c30f-658c-e703-000000000000},0x3e7,"Process Create:

RuleName: -

UtcTime: 2023-12-28 00:36:33.589

ProcessGuid: {fda94052-c311-658c-4800-000000000c00}

ProcessId: 3236

Image: C:\Program Files\VMware\VMware Tools\VMware VGAuth\VGAuthService.exe

FileVersion: 12.1.0.63013

Description: VMware Guest Authentication Service

Product: VMware Guest Authentication

Company: VMware, Inc.

OriginalFileName: VGAuthService.exe

CommandLine: ""C:\Program Files\VMware\VMware Tools\VMware VGAuth\VGAuthService.exe""

CurrentDirectory: C:\Windows\system32\

User: NT AUTHORITY\SYSTEM

LogonGuid: {fda94052-c30f-658c-e703-000000000000}

LogonId: 0x3E7

TerminalSessionId: 0

IntegrityLevel: System

Hashes: MD5=E9FA80738A0F8244E99AE24EE86D2960,SHA256=BCCB07F6C2AC3A0172C4AE64D373210808908225FDA641FB68A93F9F5AA63380,IMPHASH=3325371199C504EE0A3AC1D6FEEDB9C3

ParentProcessGuid: {fda94052-c30f-658c-0b00-000000000c00}

ParentProcessId: 776

ParentImage: C:\Windows\System32\services.exe

ParentCommandLine: C:\Windows\system32\services.exe

ParentUser: NT AUTHORITY\SYSTEM",,Info,VGAuthService.exe,C:\Windows\system32\services.exe,C:\Windows\System32\services.exe,{fda94052-c30f-658c-0b00-000000000c00},776,NT AUTHORITY\SYSTEM,{fda94052-c311-658c-4800-000000000c00},3732,3236,VMware Guest Authentication,,,,,"
      ",-,,,,,,,,,,,,,,,2023-12-28T00:36:35.1592667Z,,,,,,,Process Create (rule: ProcessCreate),0,4344,NT AUTHORITY\SYSTEM,S-1-5-18,2023-12-28 00:36:33.589,5,"<Event xmlns=""http://schemas.microsoft.com/win/2004/08/events/event"">
    <System>
      <Provider Name=""Microsoft-Windows-Sysmon"" Guid=""{5770385f-c22a-43e0-bf4c-06f5698ffbd9}""/>
      <EventID>1</EventID>
      <Version>5</Version>
      <Level>4</Level>
      <Task>1</Task>
      <Opcode>0</Opcode>
      <Keywords>0x8000000000000000</Keywords>
      <TimeCreated SystemTime=""2023-12-28T00:36:35.1592667Z""/>
      <EventRecordID>9590</EventRecordID>
      <Correlation/>
      <Execution ProcessID=""3732"" ThreadID=""4344""/>
      <Channel>Microsoft-Windows-Sysmon/Operational</Channel>
      <Computer>WinDev2309Eval</Computer>
      <Security UserID=""S-1-5-18""/>
    </System>
    <EventData>
      <Data Name=""RuleName"">-</Data>
      <Data Name=""UtcTime"">2023-12-28 00:36:33.589</Data>
      <Data Name=""ProcessGuid"">{fda94052-c311-658c-4800-000000000c00}</Data>
      <Data Name=""ProcessId"">3236</Data>
      <Data Name=""Image"">C:\Program Files\VMware\VMware Tools\VMware VGAuth\VGAuthService.exe</Data>
      <Data Name=""FileVersion"">12.1.0.63013</Data>
      <Data Name=""Description"">VMware Guest Authentication Service</Data>
      <Data Name=""Product"">VMware Guest Authentication</Data>
      <Data Name=""Company"">VMware, Inc.</Data>
      <Data Name=""OriginalFileName"">VGAuthService.exe</Data>
      <Data Name=""CommandLine"">""C:\Program Files\VMware\VMware Tools\VMware VGAuth\VGAuthService.exe""</Data>
      <Data Name=""CurrentDirectory"">C:\Windows\system32\</Data>
      <Data Name=""User"">NT AUTHORITY\SYSTEM</Data>
      <Data Name=""LogonGuid"">{fda94052-c30f-658c-e703-000000000000}</Data>
      <Data Name=""LogonId"">0x3e7</Data>
      <Data Name=""TerminalSessionId"">0</Data>
      <Data Name=""IntegrityLevel"">System</Data>
      <Data Name=""Hashes"">MD5=E9FA80738A0F8244E99AE24EE86D2960,SHA256=BCCB07F6C2AC3A0172C4AE64D373210808908225FDA641FB68A93F9F5AA63380,IMPHASH=3325371199C504EE0A3AC1D6FEEDB9C3</Data>
      <Data Name=""ParentProcessGuid"">{fda94052-c30f-658c-0b00-000000000c00}</Data>
      <Data Name=""ParentProcessId"">776</Data>
      <Data Name=""ParentImage"">C:\Windows\System32\services.exe</Data>
      <Data Name=""ParentCommandLine"">C:\Windows\system32\services.exe</Data>
      <Data Name=""ParentUser"">NT AUTHORITY\SYSTEM</Data>
    </EventData>
    <RenderingInfo Culture=""en-US"">
      <Message>Process Create:

RuleName: -

UtcTime: 2023-12-28 00:36:33.589

ProcessGuid: {fda94052-c311-658c-4800-000000000c00}

ProcessId: 3236

Image: C:\Program Files\VMware\VMware Tools\VMware VGAuth\VGAuthService.exe

FileVersion: 12.1.0.63013

Description: VMware Guest Authentication Service

Product: VMware Guest Authentication

Company: VMware, Inc.

OriginalFileName: VGAuthService.exe

CommandLine: ""C:\Program Files\VMware\VMware Tools\VMware VGAuth\VGAuthService.exe""

CurrentDirectory: C:\Windows\system32\

User: NT AUTHORITY\SYSTEM

LogonGuid: {fda94052-c30f-658c-e703-000000000000}

LogonId: 0x3E7

TerminalSessionId: 0

IntegrityLevel: System

Hashes: MD5=E9FA80738A0F8244E99AE24EE86D2960,SHA256=BCCB07F6C2AC3A0172C4AE64D373210808908225FDA641FB68A93F9F5AA63380,IMPHASH=3325371199C504EE0A3AC1D6FEEDB9C3

ParentProcessGuid: {fda94052-c30f-658c-0b00-000000000c00}

ParentProcessId: 776

ParentImage: C:\Windows\System32\services.exe

ParentCommandLine: C:\Windows\system32\services.exe

ParentUser: NT AUTHORITY\SYSTEM</Message>
      <Level>Information</Level>
      <Task>Process Create (rule: ProcessCreate)</Task>
      <Opcode>Info</Opcode>
    </RenderingInfo>
  </Event>
  
"
Microsoft-Windows-Sysmon/Operational,C:\Windows\system32\svchost.exe -k netsvcs -p -s LanmanServer,Microsoft Corporation,WinDev2309Eval,,C:\Windows\system32\,Host Process for Windows Services,,,,,,,1,9589,,10.0.22621.1 (WinBuild.160101.0800),"MD5=8EC922C7A58A8701AB481B7BE9644536,SHA256=949BFB5B4C7D58D92F3F9C5F8EC7CA4CEAFFD10EC5F0020F0A987C472D61C54B,IMPHASH=76B4BAE80D2C3B08BB062D97BF9CA791",C:\Windows\System32\svchost.exe,,System,0x8000000000000000,Information,{fda94052-c30f-658c-e703-000000000000},0x3e7,"Process Create:

RuleName: -

UtcTime: 2023-12-28 00:36:33.589

ProcessGuid: {fda94052-c311-658c-4700-000000000c00}

ProcessId: 3228

Image: C:\Windows\System32\svchost.exe

FileVersion: 10.0.22621.1 (WinBuild.160101.0800)

Description: Host Process for Windows Services

Product: Microsoft Windows Operating System

Company: Microsoft Corporation

OriginalFileName: svchost.exe

CommandLine: C:\Windows\system32\svchost.exe -k netsvcs -p -s LanmanServer

CurrentDirectory: C:\Windows\system32\

User: NT AUTHORITY\SYSTEM

LogonGuid: {fda94052-c30f-658c-e703-000000000000}

LogonId: 0x3E7

TerminalSessionId: 0

IntegrityLevel: System

Hashes: MD5=8EC922C7A58A8701AB481B7BE9644536,SHA256=949BFB5B4C7D58D92F3F9C5F8EC7CA4CEAFFD10EC5F0020F0A987C472D61C54B,IMPHASH=76B4BAE80D2C3B08BB062D97BF9CA791

ParentProcessGuid: {fda94052-c30f-658c-0b00-000000000c00}

ParentProcessId: 776

ParentImage: C:\Windows\System32\services.exe

ParentCommandLine: C:\Windows\system32\services.exe

ParentUser: NT AUTHORITY\SYSTEM",,Info,svchost.exe,C:\Windows\system32\services.exe,C:\Windows\System32\services.exe,{fda94052-c30f-658c-0b00-000000000c00},776,NT AUTHORITY\SYSTEM,{fda94052-c311-658c-4700-000000000c00},3732,3228,Microsoft Windows Operating System,,,,,"
      ",-,,,,,,,,,,,,,,,2023-12-28T00:36:35.1588092Z,,,,,,,Process Create (rule: ProcessCreate),0,4344,NT AUTHORITY\SYSTEM,S-1-5-18,2023-12-28 00:36:33.589,5,"<Event xmlns=""http://schemas.microsoft.com/win/2004/08/events/event"">
    <System>
      <Provider Name=""Microsoft-Windows-Sysmon"" Guid=""{5770385f-c22a-43e0-bf4c-06f5698ffbd9}""/>
      <EventID>1</EventID>
      <Version>5</Version>
      <Level>4</Level>
      <Task>1</Task>
      <Opcode>0</Opcode>
      <Keywords>0x8000000000000000</Keywords>
      <TimeCreated SystemTime=""2023-12-28T00:36:35.1588092Z""/>
      <EventRecordID>9589</EventRecordID>
      <Correlation/>
      <Execution ProcessID=""3732"" ThreadID=""4344""/>
      <Channel>Microsoft-Windows-Sysmon/Operational</Channel>
      <Computer>WinDev2309Eval</Computer>
      <Security UserID=""S-1-5-18""/>
    </System>
    <EventData>
      <Data Name=""RuleName"">-</Data>
      <Data Name=""UtcTime"">2023-12-28 00:36:33.589</Data>
      <Data Name=""ProcessGuid"">{fda94052-c311-658c-4700-000000000c00}</Data>
      <Data Name=""ProcessId"">3228</Data>
      <Data Name=""Image"">C:\Windows\System32\svchost.exe</Data>
      <Data Name=""FileVersion"">10.0.22621.1 (WinBuild.160101.0800)</Data>
      <Data Name=""Description"">Host Process for Windows Services</Data>
      <Data Name=""Product"">Microsoft&#174; Windows&#174; Operating System</Data>
      <Data Name=""Company"">Microsoft Corporation</Data>
      <Data Name=""OriginalFileName"">svchost.exe</Data>
      <Data Name=""CommandLine"">C:\Windows\system32\svchost.exe -k netsvcs -p -s LanmanServer</Data>
      <Data Name=""CurrentDirectory"">C:\Windows\system32\</Data>
      <Data Name=""User"">NT AUTHORITY\SYSTEM</Data>
      <Data Name=""LogonGuid"">{fda94052-c30f-658c-e703-000000000000}</Data>
      <Data Name=""LogonId"">0x3e7</Data>
      <Data Name=""TerminalSessionId"">0</Data>
      <Data Name=""IntegrityLevel"">System</Data>
      <Data Name=""Hashes"">MD5=8EC922C7A58A8701AB481B7BE9644536,SHA256=949BFB5B4C7D58D92F3F9C5F8EC7CA4CEAFFD10EC5F0020F0A987C472D61C54B,IMPHASH=76B4BAE80D2C3B08BB062D97BF9CA791</Data>
      <Data Name=""ParentProcessGuid"">{fda94052-c30f-658c-0b00-000000000c00}</Data>
      <Data Name=""ParentProcessId"">776</Data>
      <Data Name=""ParentImage"">C:\Windows\System32\services.exe</Data>
      <Data Name=""ParentCommandLine"">C:\Windows\system32\services.exe</Data>
      <Data Name=""ParentUser"">NT AUTHORITY\SYSTEM</Data>
    </EventData>
    <RenderingInfo Culture=""en-US"">
      <Message>Process Create:

RuleName: -

UtcTime: 2023-12-28 00:36:33.589

ProcessGuid: {fda94052-c311-658c-4700-000000000c00}

ProcessId: 3228

Image: C:\Windows\System32\svchost.exe

FileVersion: 10.0.22621.1 (WinBuild.160101.0800)

Description: Host Process for Windows Services

Product: Microsoft&#174; Windows&#174; Operating System

Company: Microsoft Corporation

OriginalFileName: svchost.exe

CommandLine: C:\Windows\system32\svchost.exe -k netsvcs -p -s LanmanServer

CurrentDirectory: C:\Windows\system32\

User: NT AUTHORITY\SYSTEM

LogonGuid: {fda94052-c30f-658c-e703-000000000000}

LogonId: 0x3E7

TerminalSessionId: 0

IntegrityLevel: System

Hashes: MD5=8EC922C7A58A8701AB481B7BE9644536,SHA256=949BFB5B4C7D58D92F3F9C5F8EC7CA4CEAFFD10EC5F0020F0A987C472D61C54B,IMPHASH=76B4BAE80D2C3B08BB062D97BF9CA791

ParentProcessGuid: {fda94052-c30f-658c-0b00-000000000c00}

ParentProcessId: 776

ParentImage: C:\Windows\System32\services.exe

ParentCommandLine: C:\Windows\system32\services.exe

ParentUser: NT AUTHORITY\SYSTEM</Message>
      <Level>Information</Level>
      <Task>Process Create (rule: ProcessCreate)</Task>
      <Opcode>Info</Opcode>
    </RenderingInfo>
  </Event>
  
"
Microsoft-Windows-Sysmon/Operational,C:\Windows\System32\svchost.exe -k LocalSystemNetworkRestricted -p -s TrkWks,Microsoft Corporation,WinDev2309Eval,,C:\Windows\system32\,Host Process for Windows Services,,,,,,,1,9588,,10.0.22621.1 (WinBuild.160101.0800),"MD5=8EC922C7A58A8701AB481B7BE9644536,SHA256=949BFB5B4C7D58D92F3F9C5F8EC7CA4CEAFFD10EC5F0020F0A987C472D61C54B,IMPHASH=76B4BAE80D2C3B08BB062D97BF9CA791",C:\Windows\System32\svchost.exe,,System,0x8000000000000000,Information,{fda94052-c30f-658c-e703-000000000000},0x3e7,"Process Create:

RuleName: -

UtcTime: 2023-12-28 00:36:33.583

ProcessGuid: {fda94052-c311-658c-4600-000000000c00}

ProcessId: 3212

Image: C:\Windows\System32\svchost.exe

FileVersion: 10.0.22621.1 (WinBuild.160101.0800)

Description: Host Process for Windows Services

Product: Microsoft Windows Operating System

Company: Microsoft Corporation

OriginalFileName: svchost.exe

CommandLine: C:\Windows\System32\svchost.exe -k LocalSystemNetworkRestricted -p -s TrkWks

CurrentDirectory: C:\Windows\system32\

User: NT AUTHORITY\SYSTEM

LogonGuid: {fda94052-c30f-658c-e703-000000000000}

LogonId: 0x3E7

TerminalSessionId: 0

IntegrityLevel: System

Hashes: MD5=8EC922C7A58A8701AB481B7BE9644536,SHA256=949BFB5B4C7D58D92F3F9C5F8EC7CA4CEAFFD10EC5F0020F0A987C472D61C54B,IMPHASH=76B4BAE80D2C3B08BB062D97BF9CA791

ParentProcessGuid: {fda94052-c30f-658c-0b00-000000000c00}

ParentProcessId: 776

ParentImage: C:\Windows\System32\services.exe

ParentCommandLine: C:\Windows\system32\services.exe

ParentUser: NT AUTHORITY\SYSTEM",,Info,svchost.exe,C:\Windows\system32\services.exe,C:\Windows\System32\services.exe,{fda94052-c30f-658c-0b00-000000000c00},776,NT AUTHORITY\SYSTEM,{fda94052-c311-658c-4600-000000000c00},3732,3212,Microsoft Windows Operating System,,,,,"
      ",-,,,,,,,,,,,,,,,2023-12-28T00:36:35.1581833Z,,,,,,,Process Create (rule: ProcessCreate),0,4344,NT AUTHORITY\SYSTEM,S-1-5-18,2023-12-28 00:36:33.583,5,"<Event xmlns=""http://schemas.microsoft.com/win/2004/08/events/event"">
    <System>
      <Provider Name=""Microsoft-Windows-Sysmon"" Guid=""{5770385f-c22a-43e0-bf4c-06f5698ffbd9}""/>
      <EventID>1</EventID>
      <Version>5</Version>
      <Level>4</Level>
      <Task>1</Task>
      <Opcode>0</Opcode>
      <Keywords>0x8000000000000000</Keywords>
      <TimeCreated SystemTime=""2023-12-28T00:36:35.1581833Z""/>
      <EventRecordID>9588</EventRecordID>
      <Correlation/>
      <Execution ProcessID=""3732"" ThreadID=""4344""/>
      <Channel>Microsoft-Windows-Sysmon/Operational</Channel>
      <Computer>WinDev2309Eval</Computer>
      <Security UserID=""S-1-5-18""/>
    </System>
    <EventData>
      <Data Name=""RuleName"">-</Data>
      <Data Name=""UtcTime"">2023-12-28 00:36:33.583</Data>
      <Data Name=""ProcessGuid"">{fda94052-c311-658c-4600-000000000c00}</Data>
      <Data Name=""ProcessId"">3212</Data>
      <Data Name=""Image"">C:\Windows\System32\svchost.exe</Data>
      <Data Name=""FileVersion"">10.0.22621.1 (WinBuild.160101.0800)</Data>
      <Data Name=""Description"">Host Process for Windows Services</Data>
      <Data Name=""Product"">Microsoft&#174; Windows&#174; Operating System</Data>
      <Data Name=""Company"">Microsoft Corporation</Data>
      <Data Name=""OriginalFileName"">svchost.exe</Data>
      <Data Name=""CommandLine"">C:\Windows\System32\svchost.exe -k LocalSystemNetworkRestricted -p -s TrkWks</Data>
      <Data Name=""CurrentDirectory"">C:\Windows\system32\</Data>
      <Data Name=""User"">NT AUTHORITY\SYSTEM</Data>
      <Data Name=""LogonGuid"">{fda94052-c30f-658c-e703-000000000000}</Data>
      <Data Name=""LogonId"">0x3e7</Data>
      <Data Name=""TerminalSessionId"">0</Data>
      <Data Name=""IntegrityLevel"">System</Data>
      <Data Name=""Hashes"">MD5=8EC922C7A58A8701AB481B7BE9644536,SHA256=949BFB5B4C7D58D92F3F9C5F8EC7CA4CEAFFD10EC5F0020F0A987C472D61C54B,IMPHASH=76B4BAE80D2C3B08BB062D97BF9CA791</Data>
      <Data Name=""ParentProcessGuid"">{fda94052-c30f-658c-0b00-000000000c00}</Data>
      <Data Name=""ParentProcessId"">776</Data>
      <Data Name=""ParentImage"">C:\Windows\System32\services.exe</Data>
      <Data Name=""ParentCommandLine"">C:\Windows\system32\services.exe</Data>
      <Data Name=""ParentUser"">NT AUTHORITY\SYSTEM</Data>
    </EventData>
    <RenderingInfo Culture=""en-US"">
      <Message>Process Create:

RuleName: -

UtcTime: 2023-12-28 00:36:33.583

ProcessGuid: {fda94052-c311-658c-4600-000000000c00}

ProcessId: 3212

Image: C:\Windows\System32\svchost.exe

FileVersion: 10.0.22621.1 (WinBuild.160101.0800)

Description: Host Process for Windows Services

Product: Microsoft&#174; Windows&#174; Operating System

Company: Microsoft Corporation

OriginalFileName: svchost.exe

CommandLine: C:\Windows\System32\svchost.exe -k LocalSystemNetworkRestricted -p -s TrkWks

CurrentDirectory: C:\Windows\system32\

User: NT AUTHORITY\SYSTEM

LogonGuid: {fda94052-c30f-658c-e703-000000000000}

LogonId: 0x3E7

TerminalSessionId: 0

IntegrityLevel: System

Hashes: MD5=8EC922C7A58A8701AB481B7BE9644536,SHA256=949BFB5B4C7D58D92F3F9C5F8EC7CA4CEAFFD10EC5F0020F0A987C472D61C54B,IMPHASH=76B4BAE80D2C3B08BB062D97BF9CA791

ParentProcessGuid: {fda94052-c30f-658c-0b00-000000000c00}

ParentProcessId: 776

ParentImage: C:\Windows\System32\services.exe

ParentCommandLine: C:\Windows\system32\services.exe

ParentUser: NT AUTHORITY\SYSTEM</Message>
      <Level>Information</Level>
      <Task>Process Create (rule: ProcessCreate)</Task>
      <Opcode>Info</Opcode>
    </RenderingInfo>
  </Event>
  
"
Microsoft-Windows-Sysmon/Operational,"""C:\Program Files\Microsoft SQL Server\90\Shared\sqlwriter.exe""",Microsoft Corporation,WinDev2309Eval,,C:\Windows\system32\,SQL Server VSS Writer - 64 Bit,,,,,,,1,9587,,2019.0150.4153.01 ((SQL19_RTM_QFE-CU).210719-2224),"MD5=0D48B6075CC3A10174EC65CEE1C3105D,SHA256=8D1D449A0BD5B2085C52E4662E5999D2163F8E2B7A73874329FB4F01A397D7AB,IMPHASH=9F71FDFF6DAB91C7C2115810A9967F30",C:\Program Files\Microsoft SQL Server\90\Shared\sqlwriter.exe,,System,0x8000000000000000,Information,{fda94052-c30f-658c-e703-000000000000},0x3e7,"Process Create:

RuleName: -

UtcTime: 2023-12-28 00:36:33.580

ProcessGuid: {fda94052-c311-658c-4500-000000000c00}

ProcessId: 3204

Image: C:\Program Files\Microsoft SQL Server\90\Shared\sqlwriter.exe

FileVersion: 2019.0150.4153.01 ((SQL19_RTM_QFE-CU).210719-2224)

Description: SQL Server VSS Writer - 64 Bit

Product: Microsoft SQL Server

Company: Microsoft Corporation

OriginalFileName: SQLWRITER.EXE

CommandLine: ""C:\Program Files\Microsoft SQL Server\90\Shared\sqlwriter.exe""

CurrentDirectory: C:\Windows\system32\

User: NT AUTHORITY\SYSTEM

LogonGuid: {fda94052-c30f-658c-e703-000000000000}

LogonId: 0x3E7

TerminalSessionId: 0

IntegrityLevel: System

Hashes: MD5=0D48B6075CC3A10174EC65CEE1C3105D,SHA256=8D1D449A0BD5B2085C52E4662E5999D2163F8E2B7A73874329FB4F01A397D7AB,IMPHASH=9F71FDFF6DAB91C7C2115810A9967F30

ParentProcessGuid: {fda94052-c30f-658c-0b00-000000000c00}

ParentProcessId: 776

ParentImage: C:\Windows\System32\services.exe

ParentCommandLine: C:\Windows\system32\services.exe

ParentUser: NT AUTHORITY\SYSTEM",,Info,SQLWRITER.EXE,C:\Windows\system32\services.exe,C:\Windows\System32\services.exe,{fda94052-c30f-658c-0b00-000000000c00},776,NT AUTHORITY\SYSTEM,{fda94052-c311-658c-4500-000000000c00},3732,3204,Microsoft SQL Server,,,,,"
      ",-,,,,,,,,,,,,,,,2023-12-28T00:36:35.1574631Z,,,,,,,Process Create (rule: ProcessCreate),0,4344,NT AUTHORITY\SYSTEM,S-1-5-18,2023-12-28 00:36:33.580,5,"<Event xmlns=""http://schemas.microsoft.com/win/2004/08/events/event"">
    <System>
      <Provider Name=""Microsoft-Windows-Sysmon"" Guid=""{5770385f-c22a-43e0-bf4c-06f5698ffbd9}""/>
      <EventID>1</EventID>
      <Version>5</Version>
      <Level>4</Level>
      <Task>1</Task>
      <Opcode>0</Opcode>
      <Keywords>0x8000000000000000</Keywords>
      <TimeCreated SystemTime=""2023-12-28T00:36:35.1574631Z""/>
      <EventRecordID>9587</EventRecordID>
      <Correlation/>
      <Execution ProcessID=""3732"" ThreadID=""4344""/>
      <Channel>Microsoft-Windows-Sysmon/Operational</Channel>
      <Computer>WinDev2309Eval</Computer>
      <Security UserID=""S-1-5-18""/>
    </System>
    <EventData>
      <Data Name=""RuleName"">-</Data>
      <Data Name=""UtcTime"">2023-12-28 00:36:33.580</Data>
      <Data Name=""ProcessGuid"">{fda94052-c311-658c-4500-000000000c00}</Data>
      <Data Name=""ProcessId"">3204</Data>
      <Data Name=""Image"">C:\Program Files\Microsoft SQL Server\90\Shared\sqlwriter.exe</Data>
      <Data Name=""FileVersion"">2019.0150.4153.01 ((SQL19_RTM_QFE-CU).210719-2224)</Data>
      <Data Name=""Description"">SQL Server VSS Writer - 64 Bit</Data>
      <Data Name=""Product"">Microsoft SQL Server</Data>
      <Data Name=""Company"">Microsoft Corporation</Data>
      <Data Name=""OriginalFileName"">SQLWRITER.EXE</Data>
      <Data Name=""CommandLine"">""C:\Program Files\Microsoft SQL Server\90\Shared\sqlwriter.exe""</Data>
      <Data Name=""CurrentDirectory"">C:\Windows\system32\</Data>
      <Data Name=""User"">NT AUTHORITY\SYSTEM</Data>
      <Data Name=""LogonGuid"">{fda94052-c30f-658c-e703-000000000000}</Data>
      <Data Name=""LogonId"">0x3e7</Data>
      <Data Name=""TerminalSessionId"">0</Data>
      <Data Name=""IntegrityLevel"">System</Data>
      <Data Name=""Hashes"">MD5=0D48B6075CC3A10174EC65CEE1C3105D,SHA256=8D1D449A0BD5B2085C52E4662E5999D2163F8E2B7A73874329FB4F01A397D7AB,IMPHASH=9F71FDFF6DAB91C7C2115810A9967F30</Data>
      <Data Name=""ParentProcessGuid"">{fda94052-c30f-658c-0b00-000000000c00}</Data>
      <Data Name=""ParentProcessId"">776</Data>
      <Data Name=""ParentImage"">C:\Windows\System32\services.exe</Data>
      <Data Name=""ParentCommandLine"">C:\Windows\system32\services.exe</Data>
      <Data Name=""ParentUser"">NT AUTHORITY\SYSTEM</Data>
    </EventData>
    <RenderingInfo Culture=""en-US"">
      <Message>Process Create:

RuleName: -

UtcTime: 2023-12-28 00:36:33.580

ProcessGuid: {fda94052-c311-658c-4500-000000000c00}

ProcessId: 3204

Image: C:\Program Files\Microsoft SQL Server\90\Shared\sqlwriter.exe

FileVersion: 2019.0150.4153.01 ((SQL19_RTM_QFE-CU).210719-2224)

Description: SQL Server VSS Writer - 64 Bit

Product: Microsoft SQL Server

Company: Microsoft Corporation

OriginalFileName: SQLWRITER.EXE

CommandLine: ""C:\Program Files\Microsoft SQL Server\90\Shared\sqlwriter.exe""

CurrentDirectory: C:\Windows\system32\

User: NT AUTHORITY\SYSTEM

LogonGuid: {fda94052-c30f-658c-e703-000000000000}

LogonId: 0x3E7

TerminalSessionId: 0

IntegrityLevel: System

Hashes: MD5=0D48B6075CC3A10174EC65CEE1C3105D,SHA256=8D1D449A0BD5B2085C52E4662E5999D2163F8E2B7A73874329FB4F01A397D7AB,IMPHASH=9F71FDFF6DAB91C7C2115810A9967F30

ParentProcessGuid: {fda94052-c30f-658c-0b00-000000000c00}

ParentProcessId: 776

ParentImage: C:\Windows\System32\services.exe

ParentCommandLine: C:\Windows\system32\services.exe

ParentUser: NT AUTHORITY\SYSTEM</Message>
      <Level>Information</Level>
      <Task>Process Create (rule: ProcessCreate)</Task>
      <Opcode>Info</Opcode>
    </RenderingInfo>
  </Event>
  
"
