Microsoft-Windows-Sysmon/Operational,,,WinDev2309Eval,,,,,,,,,DWORD (0x00000003),13,9634,SetValue,,,C:\Windows\system32\services.exe,,,0x8000000000000000,Information,,,"Registry value set:

RuleName: T1031,T1050

EventType: SetValue

UtcTime: 2023-12-28 00:36:35.474

ProcessGuid: {fda94052-c30f-658c-0b00-000000000c00}

ProcessId: 776

Image: C:\Windows\system32\services.exe

TargetObject: HKLM\System\CurrentControlSet\Services\DevicesFlowUserSvc_41180\Start

Details: DWORD (0x00000003)

User: NT AUTHORITY\SYSTEM",,Info,,,,,,,{fda94052-c30f-658c-0b00-000000000c00},3732,776,,,,,,"
      ","T1031,T1050",,,,,,,,,,,,,,,2023-12-28T00:36:36.0578529Z,,,HKLM\System\CurrentControlSet\Services\DevicesFlowUserSvc_41180\Start,,,,Registry value set (rule: RegistryEvent),,4344,NT AUTHORITY\SYSTEM,S-1-5-18,2023-12-28 00:36:35.474,2,"<Event xmlns=""http://schemas.microsoft.com/win/2004/08/events/event"">
    <System>
      <Provider Name=""Microsoft-Windows-Sysmon"" Guid=""{5770385f-c22a-43e0-bf4c-06f5698ffbd9}""/>
      <EventID>13</EventID>
      <Version>2</Version>
      <Level>4</Level>
      <Task>13</Task>
      <Opcode>0</Opcode>
      <Keywords>0x8000000000000000</Keywords>
      <TimeCreated SystemTime=""2023-12-28T00:36:36.0578529Z""/>
      <EventRecordID>9634</EventRecordID>
      <Correlation/>
      <Execution ProcessID=""3732"" ThreadID=""4344""/>
      <Channel>Microsoft-Windows-Sysmon/Operational</Channel>
      <Computer>WinDev2309Eval</Computer>
      <Security UserID=""S-1-5-18""/>
    </System>
    <EventData>
      <Data Name=""RuleName"">T1031,T1050</Data>
      <Data Name=""EventType"">SetValue</Data>
      <Data Name=""UtcTime"">2023-12-28 00:36:35.474</Data>
      <Data Name=""ProcessGuid"">{fda94052-c30f-658c-0b00-000000000c00}</Data>
      <Data Name=""ProcessId"">776</Data>
      <Data Name=""Image"">C:\Windows\system32\services.exe</Data>
      <Data Name=""TargetObject"">HKLM\System\CurrentControlSet\Services\DevicesFlowUserSvc_41180\Start</Data>
      <Data Name=""Details"">DWORD (0x00000003)</Data>
      <Data Name=""User"">NT AUTHORITY\SYSTEM</Data>
    </EventData>
    <RenderingInfo Culture=""en-US"">
      <Message>Registry value set:

RuleName: T1031,T1050

EventType: SetValue

UtcTime: 2023-12-28 00:36:35.474

ProcessGuid: {fda94052-c30f-658c-0b00-000000000c00}

ProcessId: 776

Image: C:\Windows\system32\services.exe

TargetObject: HKLM\System\CurrentControlSet\Services\DevicesFlowUserSvc_41180\Start

Details: DWORD (0x00000003)

User: NT AUTHORITY\SYSTEM</Message>
      <Level>Information</Level>
      <Task>Registry value set (rule: RegistryEvent)</Task>
      <Opcode>Info</Opcode>
    </RenderingInfo>
  </Event>
  
"
Microsoft-Windows-Sysmon/Operational,,,WinDev2309Eval,,,,,,,,,C:\Windows\system32\svchost.exe -k DevicesFlow,13,9633,SetValue,,,C:\Windows\system32\services.exe,,,0x8000000000000000,Information,,,"Registry value set:

RuleName: T1031,T1050

EventType: SetValue

UtcTime: 2023-12-28 00:36:35.474

ProcessGuid: {fda94052-c30f-658c-0b00-000000000c00}

ProcessId: 776

Image: C:\Windows\system32\services.exe

TargetObject: HKLM\System\CurrentControlSet\Services\DevicePickerUserSvc_41180\ImagePath

Details: C:\Windows\system32\svchost.exe -k DevicesFlow

User: NT AUTHORITY\SYSTEM",,Info,,,,,,,{fda94052-c30f-658c-0b00-000000000c00},3732,776,,,,,,"
      ","T1031,T1050",,,,,,,,,,,,,,,2023-12-28T00:36:36.0574463Z,,,HKLM\System\CurrentControlSet\Services\DevicePickerUserSvc_41180\ImagePath,,,,Registry value set (rule: RegistryEvent),,4344,NT AUTHORITY\SYSTEM,S-1-5-18,2023-12-28 00:36:35.474,2,"<Event xmlns=""http://schemas.microsoft.com/win/2004/08/events/event"">
    <System>
      <Provider Name=""Microsoft-Windows-Sysmon"" Guid=""{5770385f-c22a-43e0-bf4c-06f5698ffbd9}""/>
      <EventID>13</EventID>
      <Version>2</Version>
      <Level>4</Level>
      <Task>13</Task>
      <Opcode>0</Opcode>
      <Keywords>0x8000000000000000</Keywords>
      <TimeCreated SystemTime=""2023-12-28T00:36:36.0574463Z""/>
      <EventRecordID>9633</EventRecordID>
      <Correlation/>
      <Execution ProcessID=""3732"" ThreadID=""4344""/>
      <Channel>Microsoft-Windows-Sysmon/Operational</Channel>
      <Computer>WinDev2309Eval</Computer>
      <Security UserID=""S-1-5-18""/>
    </System>
    <EventData>
      <Data Name=""RuleName"">T1031,T1050</Data>
      <Data Name=""EventType"">SetValue</Data>
      <Data Name=""UtcTime"">2023-12-28 00:36:35.474</Data>
      <Data Name=""ProcessGuid"">{fda94052-c30f-658c-0b00-000000000c00}</Data>
      <Data Name=""ProcessId"">776</Data>
      <Data Name=""Image"">C:\Windows\system32\services.exe</Data>
      <Data Name=""TargetObject"">HKLM\System\CurrentControlSet\Services\DevicePickerUserSvc_41180\ImagePath</Data>
      <Data Name=""Details"">C:\Windows\system32\svchost.exe -k DevicesFlow</Data>
      <Data Name=""User"">NT AUTHORITY\SYSTEM</Data>
    </EventData>
    <RenderingInfo Culture=""en-US"">
      <Message>Registry value set:

RuleName: T1031,T1050

EventType: SetValue

UtcTime: 2023-12-28 00:36:35.474

ProcessGuid: {fda94052-c30f-658c-0b00-000000000c00}

ProcessId: 776

Image: C:\Windows\system32\services.exe

TargetObject: HKLM\System\CurrentControlSet\Services\DevicePickerUserSvc_41180\ImagePath

Details: C:\Windows\system32\svchost.exe -k DevicesFlow

User: NT AUTHORITY\SYSTEM</Message>
      <Level>Information</Level>
      <Task>Registry value set (rule: RegistryEvent)</Task>
      <Opcode>Info</Opcode>
    </RenderingInfo>
  </Event>
  
"
Microsoft-Windows-Sysmon/Operational,,,WinDev2309Eval,,,,,,,,,DWORD (0x00000003),13,9632,SetValue,,,C:\Windows\system32\services.exe,,,0x8000000000000000,Information,,,"Registry value set:

RuleName: T1031,T1050

EventType: SetValue

UtcTime: 2023-12-28 00:36:35.474

ProcessGuid: {fda94052-c30f-658c-0b00-000000000c00}

ProcessId: 776

Image: C:\Windows\system32\services.exe

TargetObject: HKLM\System\CurrentControlSet\Services\DevicePickerUserSvc_41180\Start

Details: DWORD (0x00000003)

User: NT AUTHORITY\SYSTEM",,Info,,,,,,,{fda94052-c30f-658c-0b00-000000000c00},3732,776,,,,,,"
      ","T1031,T1050",,,,,,,,,,,,,,,2023-12-28T00:36:36.0573714Z,,,HKLM\System\CurrentControlSet\Services\DevicePickerUserSvc_41180\Start,,,,Registry value set (rule: RegistryEvent),,4344,NT AUTHORITY\SYSTEM,S-1-5-18,2023-12-28 00:36:35.474,2,"<Event xmlns=""http://schemas.microsoft.com/win/2004/08/events/event"">
    <System>
      <Provider Name=""Microsoft-Windows-Sysmon"" Guid=""{5770385f-c22a-43e0-bf4c-06f5698ffbd9}""/>
      <EventID>13</EventID>
      <Version>2</Version>
      <Level>4</Level>
      <Task>13</Task>
      <Opcode>0</Opcode>
      <Keywords>0x8000000000000000</Keywords>
      <TimeCreated SystemTime=""2023-12-28T00:36:36.0573714Z""/>
      <EventRecordID>9632</EventRecordID>
      <Correlation/>
      <Execution ProcessID=""3732"" ThreadID=""4344""/>
      <Channel>Microsoft-Windows-Sysmon/Operational</Channel>
      <Computer>WinDev2309Eval</Computer>
      <Security UserID=""S-1-5-18""/>
    </System>
    <EventData>
      <Data Name=""RuleName"">T1031,T1050</Data>
      <Data Name=""EventType"">SetValue</Data>
      <Data Name=""UtcTime"">2023-12-28 00:36:35.474</Data>
      <Data Name=""ProcessGuid"">{fda94052-c30f-658c-0b00-000000000c00}</Data>
      <Data Name=""ProcessId"">776</Data>
      <Data Name=""Image"">C:\Windows\system32\services.exe</Data>
      <Data Name=""TargetObject"">HKLM\System\CurrentControlSet\Services\DevicePickerUserSvc_41180\Start</Data>
      <Data Name=""Details"">DWORD (0x00000003)</Data>
      <Data Name=""User"">NT AUTHORITY\SYSTEM</Data>
    </EventData>
    <RenderingInfo Culture=""en-US"">
      <Message>Registry value set:

RuleName: T1031,T1050

EventType: SetValue

UtcTime: 2023-12-28 00:36:35.474

ProcessGuid: {fda94052-c30f-658c-0b00-000000000c00}

ProcessId: 776

Image: C:\Windows\system32\services.exe

TargetObject: HKLM\System\CurrentControlSet\Services\DevicePickerUserSvc_41180\Start

Details: DWORD (0x00000003)

User: NT AUTHORITY\SYSTEM</Message>
      <Level>Information</Level>
      <Task>Registry value set (rule: RegistryEvent)</Task>
      <Opcode>Info</Opcode>
    </RenderingInfo>
  </Event>
  
"
Microsoft-Windows-Sysmon/Operational,,,WinDev2309Eval,,,,,,,,,C:\Windows\system32\svchost.exe -k DevicesFlow -p,13,9631,SetValue,,,C:\Windows\system32\services.exe,,,0x8000000000000000,Information,,,"Registry value set:

RuleName: T1031,T1050

EventType: SetValue

UtcTime: 2023-12-28 00:36:35.474

ProcessGuid: {fda94052-c30f-658c-0b00-000000000c00}

ProcessId: 776

Image: C:\Windows\system32\services.exe

TargetObject: HKLM\System\CurrentControlSet\Services\DeviceAssociationBrokerSvc_41180\ImagePath

Details: C:\Windows\system32\svchost.exe -k DevicesFlow -p

User: NT AUTHORITY\SYSTEM",,Info,,,,,,,{fda94052-c30f-658c-0b00-000000000c00},3732,776,,,,,,"
      ","T1031,T1050",,,,,,,,,,,,,,,2023-12-28T00:36:36.0569972Z,,,HKLM\System\CurrentControlSet\Services\DeviceAssociationBrokerSvc_41180\ImagePath,,,,Registry value set (rule: RegistryEvent),,4344,NT AUTHORITY\SYSTEM,S-1-5-18,2023-12-28 00:36:35.474,2,"<Event xmlns=""http://schemas.microsoft.com/win/2004/08/events/event"">
    <System>
      <Provider Name=""Microsoft-Windows-Sysmon"" Guid=""{5770385f-c22a-43e0-bf4c-06f5698ffbd9}""/>
      <EventID>13</EventID>
      <Version>2</Version>
      <Level>4</Level>
      <Task>13</Task>
      <Opcode>0</Opcode>
      <Keywords>0x8000000000000000</Keywords>
      <TimeCreated SystemTime=""2023-12-28T00:36:36.0569972Z""/>
      <EventRecordID>9631</EventRecordID>
      <Correlation/>
      <Execution ProcessID=""3732"" ThreadID=""4344""/>
      <Channel>Microsoft-Windows-Sysmon/Operational</Channel>
      <Computer>WinDev2309Eval</Computer>
      <Security UserID=""S-1-5-18""/>
    </System>
    <EventData>
      <Data Name=""RuleName"">T1031,T1050</Data>
      <Data Name=""EventType"">SetValue</Data>
      <Data Name=""UtcTime"">2023-12-28 00:36:35.474</Data>
      <Data Name=""ProcessGuid"">{fda94052-c30f-658c-0b00-000000000c00}</Data>
      <Data Name=""ProcessId"">776</Data>
      <Data Name=""Image"">C:\Windows\system32\services.exe</Data>
      <Data Name=""TargetObject"">HKLM\System\CurrentControlSet\Services\DeviceAssociationBrokerSvc_41180\ImagePath</Data>
      <Data Name=""Details"">C:\Windows\system32\svchost.exe -k DevicesFlow -p</Data>
      <Data Name=""User"">NT AUTHORITY\SYSTEM</Data>
    </EventData>
    <RenderingInfo Culture=""en-US"">
      <Message>Registry value set:

RuleName: T1031,T1050

EventType: SetValue

UtcTime: 2023-12-28 00:36:35.474

ProcessGuid: {fda94052-c30f-658c-0b00-000000000c00}

ProcessId: 776

Image: C:\Windows\system32\services.exe

TargetObject: HKLM\System\CurrentControlSet\Services\DeviceAssociationBrokerSvc_41180\ImagePath

Details: C:\Windows\system32\svchost.exe -k DevicesFlow -p

User: NT AUTHORITY\SYSTEM</Message>
      <Level>Information</Level>
      <Task>Registry value set (rule: RegistryEvent)</Task>
      <Opcode>Info</Opcode>
    </RenderingInfo>
  </Event>
  
"
Microsoft-Windows-Sysmon/Operational,,,WinDev2309Eval,,,,,,,,,DWORD (0x00000003),13,9630,SetValue,,,C:\Windows\system32\services.exe,,,0x8000000000000000,Information,,,"Registry value set:

RuleName: T1031,T1050

EventType: SetValue

UtcTime: 2023-12-28 00:36:35.474

ProcessGuid: {fda94052-c30f-658c-0b00-000000000c00}

ProcessId: 776

Image: C:\Windows\system32\services.exe

TargetObject: HKLM\System\CurrentControlSet\Services\DeviceAssociationBrokerSvc_41180\Start

Details: DWORD (0x00000003)

User: NT AUTHORITY\SYSTEM",,Info,,,,,,,{fda94052-c30f-658c-0b00-000000000c00},3732,776,,,,,,"
      ","T1031,T1050",,,,,,,,,,,,,,,2023-12-28T00:36:36.0569181Z,,,HKLM\System\CurrentControlSet\Services\DeviceAssociationBrokerSvc_41180\Start,,,,Registry value set (rule: RegistryEvent),,4344,NT AUTHORITY\SYSTEM,S-1-5-18,2023-12-28 00:36:35.474,2,"<Event xmlns=""http://schemas.microsoft.com/win/2004/08/events/event"">
    <System>
      <Provider Name=""Microsoft-Windows-Sysmon"" Guid=""{5770385f-c22a-43e0-bf4c-06f5698ffbd9}""/>
      <EventID>13</EventID>
      <Version>2</Version>
      <Level>4</Level>
      <Task>13</Task>
      <Opcode>0</Opcode>
      <Keywords>0x8000000000000000</Keywords>
      <TimeCreated SystemTime=""2023-12-28T00:36:36.0569181Z""/>
      <EventRecordID>9630</EventRecordID>
      <Correlation/>
      <Execution ProcessID=""3732"" ThreadID=""4344""/>
      <Channel>Microsoft-Windows-Sysmon/Operational</Channel>
      <Computer>WinDev2309Eval</Computer>
      <Security UserID=""S-1-5-18""/>
    </System>
    <EventData>
      <Data Name=""RuleName"">T1031,T1050</Data>
      <Data Name=""EventType"">SetValue</Data>
      <Data Name=""UtcTime"">2023-12-28 00:36:35.474</Data>
      <Data Name=""ProcessGuid"">{fda94052-c30f-658c-0b00-000000000c00}</Data>
      <Data Name=""ProcessId"">776</Data>
      <Data Name=""Image"">C:\Windows\system32\services.exe</Data>
      <Data Name=""TargetObject"">HKLM\System\CurrentControlSet\Services\DeviceAssociationBrokerSvc_41180\Start</Data>
      <Data Name=""Details"">DWORD (0x00000003)</Data>
      <Data Name=""User"">NT AUTHORITY\SYSTEM</Data>
    </EventData>
    <RenderingInfo Culture=""en-US"">
      <Message>Registry value set:

RuleName: T1031,T1050

EventType: SetValue

UtcTime: 2023-12-28 00:36:35.474

ProcessGuid: {fda94052-c30f-658c-0b00-000000000c00}

ProcessId: 776

Image: C:\Windows\system32\services.exe

TargetObject: HKLM\System\CurrentControlSet\Services\DeviceAssociationBrokerSvc_41180\Start

Details: DWORD (0x00000003)

User: NT AUTHORITY\SYSTEM</Message>
      <Level>Information</Level>
      <Task>Registry value set (rule: RegistryEvent)</Task>
      <Opcode>Info</Opcode>
    </RenderingInfo>
  </Event>
  
"
Microsoft-Windows-Sysmon/Operational,,,WinDev2309Eval,,,,,,,,,C:\Windows\system32\CredentialEnrollmentManager.exe,13,9629,SetValue,,,C:\Windows\system32\services.exe,,,0x8000000000000000,Information,,,"Registry value set:

RuleName: T1031,T1050

EventType: SetValue

UtcTime: 2023-12-28 00:36:35.474

ProcessGuid: {fda94052-c30f-658c-0b00-000000000c00}

ProcessId: 776

Image: C:\Windows\system32\services.exe

TargetObject: HKLM\System\CurrentControlSet\Services\CredentialEnrollmentManagerUserSvc_41180\ImagePath

Details: C:\Windows\system32\CredentialEnrollmentManager.exe

User: NT AUTHORITY\SYSTEM",,Info,,,,,,,{fda94052-c30f-658c-0b00-000000000c00},3732,776,,,,,,"
      ","T1031,T1050",,,,,,,,,,,,,,,2023-12-28T00:36:36.0565837Z,,,HKLM\System\CurrentControlSet\Services\CredentialEnrollmentManagerUserSvc_41180\ImagePath,,,,Registry value set (rule: RegistryEvent),,4344,NT AUTHORITY\SYSTEM,S-1-5-18,2023-12-28 00:36:35.474,2,"<Event xmlns=""http://schemas.microsoft.com/win/2004/08/events/event"">
    <System>
      <Provider Name=""Microsoft-Windows-Sysmon"" Guid=""{5770385f-c22a-43e0-bf4c-06f5698ffbd9}""/>
      <EventID>13</EventID>
      <Version>2</Version>
      <Level>4</Level>
      <Task>13</Task>
      <Opcode>0</Opcode>
      <Keywords>0x8000000000000000</Keywords>
      <TimeCreated SystemTime=""2023-12-28T00:36:36.0565837Z""/>
      <EventRecordID>9629</EventRecordID>
      <Correlation/>
      <Execution ProcessID=""3732"" ThreadID=""4344""/>
      <Channel>Microsoft-Windows-Sysmon/Operational</Channel>
      <Computer>WinDev2309Eval</Computer>
      <Security UserID=""S-1-5-18""/>
    </System>
    <EventData>
      <Data Name=""RuleName"">T1031,T1050</Data>
      <Data Name=""EventType"">SetValue</Data>
      <Data Name=""UtcTime"">2023-12-28 00:36:35.474</Data>
      <Data Name=""ProcessGuid"">{fda94052-c30f-658c-0b00-000000000c00}</Data>
      <Data Name=""ProcessId"">776</Data>
      <Data Name=""Image"">C:\Windows\system32\services.exe</Data>
      <Data Name=""TargetObject"">HKLM\System\CurrentControlSet\Services\CredentialEnrollmentManagerUserSvc_41180\ImagePath</Data>
      <Data Name=""Details"">C:\Windows\system32\CredentialEnrollmentManager.exe</Data>
      <Data Name=""User"">NT AUTHORITY\SYSTEM</Data>
    </EventData>
    <RenderingInfo Culture=""en-US"">
      <Message>Registry value set:

RuleName: T1031,T1050

EventType: SetValue

UtcTime: 2023-12-28 00:36:35.474

ProcessGuid: {fda94052-c30f-658c-0b00-000000000c00}

ProcessId: 776

Image: C:\Windows\system32\services.exe

TargetObject: HKLM\System\CurrentControlSet\Services\CredentialEnrollmentManagerUserSvc_41180\ImagePath

Details: C:\Windows\system32\CredentialEnrollmentManager.exe

User: NT AUTHORITY\SYSTEM</Message>
      <Level>Information</Level>
      <Task>Registry value set (rule: RegistryEvent)</Task>
      <Opcode>Info</Opcode>
    </RenderingInfo>
  </Event>
  
"
Microsoft-Windows-Sysmon/Operational,,,WinDev2309Eval,,,,,,,,,DWORD (0x00000003),13,9628,SetValue,,,C:\Windows\system32\services.exe,,,0x8000000000000000,Information,,,"Registry value set:

RuleName: T1031,T1050

EventType: SetValue

UtcTime: 2023-12-28 00:36:35.474

ProcessGuid: {fda94052-c30f-658c-0b00-000000000c00}

ProcessId: 776

Image: C:\Windows\system32\services.exe

TargetObject: HKLM\System\CurrentControlSet\Services\CredentialEnrollmentManagerUserSvc_41180\Start

Details: DWORD (0x00000003)

User: NT AUTHORITY\SYSTEM",,Info,,,,,,,{fda94052-c30f-658c-0b00-000000000c00},3732,776,,,,,,"
      ","T1031,T1050",,,,,,,,,,,,,,,2023-12-28T00:36:36.0564956Z,,,HKLM\System\CurrentControlSet\Services\CredentialEnrollmentManagerUserSvc_41180\Start,,,,Registry value set (rule: RegistryEvent),,4344,NT AUTHORITY\SYSTEM,S-1-5-18,2023-12-28 00:36:35.474,2,"<Event xmlns=""http://schemas.microsoft.com/win/2004/08/events/event"">
    <System>
      <Provider Name=""Microsoft-Windows-Sysmon"" Guid=""{5770385f-c22a-43e0-bf4c-06f5698ffbd9}""/>
      <EventID>13</EventID>
      <Version>2</Version>
      <Level>4</Level>
      <Task>13</Task>
      <Opcode>0</Opcode>
      <Keywords>0x8000000000000000</Keywords>
      <TimeCreated SystemTime=""2023-12-28T00:36:36.0564956Z""/>
      <EventRecordID>9628</EventRecordID>
      <Correlation/>
      <Execution ProcessID=""3732"" ThreadID=""4344""/>
      <Channel>Microsoft-Windows-Sysmon/Operational</Channel>
      <Computer>WinDev2309Eval</Computer>
      <Security UserID=""S-1-5-18""/>
    </System>
    <EventData>
      <Data Name=""RuleName"">T1031,T1050</Data>
      <Data Name=""EventType"">SetValue</Data>
      <Data Name=""UtcTime"">2023-12-28 00:36:35.474</Data>
      <Data Name=""ProcessGuid"">{fda94052-c30f-658c-0b00-000000000c00}</Data>
      <Data Name=""ProcessId"">776</Data>
      <Data Name=""Image"">C:\Windows\system32\services.exe</Data>
      <Data Name=""TargetObject"">HKLM\System\CurrentControlSet\Services\CredentialEnrollmentManagerUserSvc_41180\Start</Data>
      <Data Name=""Details"">DWORD (0x00000003)</Data>
      <Data Name=""User"">NT AUTHORITY\SYSTEM</Data>
    </EventData>
    <RenderingInfo Culture=""en-US"">
      <Message>Registry value set:

RuleName: T1031,T1050

EventType: SetValue

UtcTime: 2023-12-28 00:36:35.474

ProcessGuid: {fda94052-c30f-658c-0b00-000000000c00}

ProcessId: 776

Image: C:\Windows\system32\services.exe

TargetObject: HKLM\System\CurrentControlSet\Services\CredentialEnrollmentManagerUserSvc_41180\Start

Details: DWORD (0x00000003)

User: NT AUTHORITY\SYSTEM</Message>
      <Level>Information</Level>
      <Task>Registry value set (rule: RegistryEvent)</Task>
      <Opcode>Info</Opcode>
    </RenderingInfo>
  </Event>
  
"
Microsoft-Windows-Sysmon/Operational,sihost.exe,Microsoft Corporation,WinDev2309Eval,,C:\Windows\system32\,Shell Infrastructure Host,,,,,,,1,9627,,10.0.22621.1 (WinBuild.160101.0800),"MD5=E5A23407157B23F3C2441D412163E4EE,SHA256=51EB6455BDCA85D3102A00B1CE89969016EFC3ED8B08B24A2AA10E03BA1E2B13,IMPHASH=416EE26CB8C768F6662AC36C7D016457",C:\Windows\System32\sihost.exe,,Medium,0x8000000000000000,Information,{fda94052-c313-658c-9aab-030000000000},0x3ab9a,"Process Create:

RuleName: -

UtcTime: 2023-12-28 00:36:35.477

ProcessGuid: {fda94052-c313-658c-6200-000000000c00}

ProcessId: 4768

Image: C:\Windows\System32\sihost.exe

FileVersion: 10.0.22621.1 (WinBuild.160101.0800)

Description: Shell Infrastructure Host

Product: Microsoft Windows Operating System

Company: Microsoft Corporation

OriginalFileName: sihost.exe

CommandLine: sihost.exe

CurrentDirectory: C:\Windows\system32\

User: WINDEV2309EVAL\User

LogonGuid: {fda94052-c313-658c-9aab-030000000000}

LogonId: 0x3AB9A

TerminalSessionId: 1

IntegrityLevel: Medium

Hashes: MD5=E5A23407157B23F3C2441D412163E4EE,SHA256=51EB6455BDCA85D3102A00B1CE89969016EFC3ED8B08B24A2AA10E03BA1E2B13,IMPHASH=416EE26CB8C768F6662AC36C7D016457

ParentProcessGuid: {fda94052-c310-658c-2100-000000000c00}

ParentProcessId: 1580

ParentImage: C:\Windows\System32\svchost.exe

ParentCommandLine: C:\Windows\system32\svchost.exe -k netsvcs -p -s UserManager

ParentUser: NT AUTHORITY\SYSTEM",,Info,sihost.exe,C:\Windows\system32\svchost.exe -k netsvcs -p -s UserManager,C:\Windows\System32\svchost.exe,{fda94052-c310-658c-2100-000000000c00},1580,NT AUTHORITY\SYSTEM,{fda94052-c313-658c-6200-000000000c00},3732,4768,Microsoft Windows Operating System,,,,,"
      ",-,,,,,,,,,,,,,,,2023-12-28T00:36:36.0563854Z,,,,,,,Process Create (rule: ProcessCreate),1,4344,WINDEV2309EVAL\User,S-1-5-18,2023-12-28 00:36:35.477,5,"<Event xmlns=""http://schemas.microsoft.com/win/2004/08/events/event"">
    <System>
      <Provider Name=""Microsoft-Windows-Sysmon"" Guid=""{5770385f-c22a-43e0-bf4c-06f5698ffbd9}""/>
      <EventID>1</EventID>
      <Version>5</Version>
      <Level>4</Level>
      <Task>1</Task>
      <Opcode>0</Opcode>
      <Keywords>0x8000000000000000</Keywords>
      <TimeCreated SystemTime=""2023-12-28T00:36:36.0563854Z""/>
      <EventRecordID>9627</EventRecordID>
      <Correlation/>
      <Execution ProcessID=""3732"" ThreadID=""4344""/>
      <Channel>Microsoft-Windows-Sysmon/Operational</Channel>
      <Computer>WinDev2309Eval</Computer>
      <Security UserID=""S-1-5-18""/>
    </System>
    <EventData>
      <Data Name=""RuleName"">-</Data>
      <Data Name=""UtcTime"">2023-12-28 00:36:35.477</Data>
      <Data Name=""ProcessGuid"">{fda94052-c313-658c-6200-000000000c00}</Data>
      <Data Name=""ProcessId"">4768</Data>
      <Data Name=""Image"">C:\Windows\System32\sihost.exe</Data>
      <Data Name=""FileVersion"">10.0.22621.1 (WinBuild.160101.0800)</Data>
      <Data Name=""Description"">Shell Infrastructure Host</Data>
      <Data Name=""Product"">Microsoft&#174; Windows&#174; Operating System</Data>
      <Data Name=""Company"">Microsoft Corporation</Data>
      <Data Name=""OriginalFileName"">sihost.exe</Data>
      <Data Name=""CommandLine"">sihost.exe</Data>
      <Data Name=""CurrentDirectory"">C:\Windows\system32\</Data>
      <Data Name=""User"">WINDEV2309EVAL\User</Data>
      <Data Name=""LogonGuid"">{fda94052-c313-658c-9aab-030000000000}</Data>
      <Data Name=""LogonId"">0x3ab9a</Data>
      <Data Name=""TerminalSessionId"">1</Data>
      <Data Name=""IntegrityLevel"">Medium</Data>
      <Data Name=""Hashes"">MD5=E5A23407157B23F3C2441D412163E4EE,SHA256=51EB6455BDCA85D3102A00B1CE89969016EFC3ED8B08B24A2AA10E03BA1E2B13,IMPHASH=416EE26CB8C768F6662AC36C7D016457</Data>
      <Data Name=""ParentProcessGuid"">{fda94052-c310-658c-2100-000000000c00}</Data>
      <Data Name=""ParentProcessId"">1580</Data>
      <Data Name=""ParentImage"">C:\Windows\System32\svchost.exe</Data>
      <Data Name=""ParentCommandLine"">C:\Windows\system32\svchost.exe -k netsvcs -p -s UserManager</Data>
      <Data Name=""ParentUser"">NT AUTHORITY\SYSTEM</Data>
    </EventData>
    <RenderingInfo Culture=""en-US"">
      <Message>Process Create:

RuleName: -

UtcTime: 2023-12-28 00:36:35.477

ProcessGuid: {fda94052-c313-658c-6200-000000000c00}

ProcessId: 4768

Image: C:\Windows\System32\sihost.exe

FileVersion: 10.0.22621.1 (WinBuild.160101.0800)

Description: Shell Infrastructure Host

Product: Microsoft&#174; Windows&#174; Operating System

Company: Microsoft Corporation

OriginalFileName: sihost.exe

CommandLine: sihost.exe

CurrentDirectory: C:\Windows\system32\

User: WINDEV2309EVAL\User

LogonGuid: {fda94052-c313-658c-9aab-030000000000}

LogonId: 0x3AB9A

TerminalSessionId: 1

IntegrityLevel: Medium

Hashes: MD5=E5A23407157B23F3C2441D412163E4EE,SHA256=51EB6455BDCA85D3102A00B1CE89969016EFC3ED8B08B24A2AA10E03BA1E2B13,IMPHASH=416EE26CB8C768F6662AC36C7D016457

ParentProcessGuid: {fda94052-c310-658c-2100-000000000c00}

ParentProcessId: 1580

ParentImage: C:\Windows\System32\svchost.exe

ParentCommandLine: C:\Windows\system32\svchost.exe -k netsvcs -p -s UserManager

ParentUser: NT AUTHORITY\SYSTEM</Message>
      <Level>Information</Level>
      <Task>Process Create (rule: ProcessCreate)</Task>
      <Opcode>Info</Opcode>
    </RenderingInfo>
  </Event>
  
"
Microsoft-Windows-Sysmon/Operational,,,WinDev2309Eval,,,,,,,,,C:\Windows\system32\svchost.exe -k DevicesFlow,13,9626,SetValue,,,C:\Windows\system32\services.exe,,,0x8000000000000000,Information,,,"Registry value set:

RuleName: T1031,T1050

EventType: SetValue

UtcTime: 2023-12-28 00:36:35.474

ProcessGuid: {fda94052-c30f-658c-0b00-000000000c00}

ProcessId: 776

Image: C:\Windows\system32\services.exe

TargetObject: HKLM\System\CurrentControlSet\Services\ConsentUxUserSvc_41180\ImagePath

Details: C:\Windows\system32\svchost.exe -k DevicesFlow

User: NT AUTHORITY\SYSTEM",,Info,,,,,,,{fda94052-c30f-658c-0b00-000000000c00},3732,776,,,,,,"
      ","T1031,T1050",,,,,,,,,,,,,,,2023-12-28T00:36:36.0555232Z,,,HKLM\System\CurrentControlSet\Services\ConsentUxUserSvc_41180\ImagePath,,,,Registry value set (rule: RegistryEvent),,4344,NT AUTHORITY\SYSTEM,S-1-5-18,2023-12-28 00:36:35.474,2,"<Event xmlns=""http://schemas.microsoft.com/win/2004/08/events/event"">
    <System>
      <Provider Name=""Microsoft-Windows-Sysmon"" Guid=""{5770385f-c22a-43e0-bf4c-06f5698ffbd9}""/>
      <EventID>13</EventID>
      <Version>2</Version>
      <Level>4</Level>
      <Task>13</Task>
      <Opcode>0</Opcode>
      <Keywords>0x8000000000000000</Keywords>
      <TimeCreated SystemTime=""2023-12-28T00:36:36.0555232Z""/>
      <EventRecordID>9626</EventRecordID>
      <Correlation/>
      <Execution ProcessID=""3732"" ThreadID=""4344""/>
      <Channel>Microsoft-Windows-Sysmon/Operational</Channel>
      <Computer>WinDev2309Eval</Computer>
      <Security UserID=""S-1-5-18""/>
    </System>
    <EventData>
      <Data Name=""RuleName"">T1031,T1050</Data>
      <Data Name=""EventType"">SetValue</Data>
      <Data Name=""UtcTime"">2023-12-28 00:36:35.474</Data>
      <Data Name=""ProcessGuid"">{fda94052-c30f-658c-0b00-000000000c00}</Data>
      <Data Name=""ProcessId"">776</Data>
      <Data Name=""Image"">C:\Windows\system32\services.exe</Data>
      <Data Name=""TargetObject"">HKLM\System\CurrentControlSet\Services\ConsentUxUserSvc_41180\ImagePath</Data>
      <Data Name=""Details"">C:\Windows\system32\svchost.exe -k DevicesFlow</Data>
      <Data Name=""User"">NT AUTHORITY\SYSTEM</Data>
    </EventData>
    <RenderingInfo Culture=""en-US"">
      <Message>Registry value set:

RuleName: T1031,T1050

EventType: SetValue

UtcTime: 2023-12-28 00:36:35.474

ProcessGuid: {fda94052-c30f-658c-0b00-000000000c00}

ProcessId: 776

Image: C:\Windows\system32\services.exe

TargetObject: HKLM\System\CurrentControlSet\Services\ConsentUxUserSvc_41180\ImagePath

Details: C:\Windows\system32\svchost.exe -k DevicesFlow

User: NT AUTHORITY\SYSTEM</Message>
      <Level>Information</Level>
      <Task>Registry value set (rule: RegistryEvent)</Task>
      <Opcode>Info</Opcode>
    </RenderingInfo>
  </Event>
  
"
Microsoft-Windows-Sysmon/Operational,,,WinDev2309Eval,,,,,,,,,DWORD (0x00000003),13,9625,SetValue,,,C:\Windows\system32\services.exe,,,0x8000000000000000,Information,,,"Registry value set:

RuleName: T1031,T1050

EventType: SetValue

UtcTime: 2023-12-28 00:36:35.474

ProcessGuid: {fda94052-c30f-658c-0b00-000000000c00}

ProcessId: 776

Image: C:\Windows\system32\services.exe

TargetObject: HKLM\System\CurrentControlSet\Services\ConsentUxUserSvc_41180\Start

Details: DWORD (0x00000003)

User: NT AUTHORITY\SYSTEM",,Info,,,,,,,{fda94052-c30f-658c-0b00-000000000c00},3732,776,,,,,,"
      ","T1031,T1050",,,,,,,,,,,,,,,2023-12-28T00:36:36.0554497Z,,,HKLM\System\CurrentControlSet\Services\ConsentUxUserSvc_41180\Start,,,,Registry value set (rule: RegistryEvent),,4344,NT AUTHORITY\SYSTEM,S-1-5-18,2023-12-28 00:36:35.474,2,"<Event xmlns=""http://schemas.microsoft.com/win/2004/08/events/event"">
    <System>
      <Provider Name=""Microsoft-Windows-Sysmon"" Guid=""{5770385f-c22a-43e0-bf4c-06f5698ffbd9}""/>
      <EventID>13</EventID>
      <Version>2</Version>
      <Level>4</Level>
      <Task>13</Task>
      <Opcode>0</Opcode>
      <Keywords>0x8000000000000000</Keywords>
      <TimeCreated SystemTime=""2023-12-28T00:36:36.0554497Z""/>
      <EventRecordID>9625</EventRecordID>
      <Correlation/>
      <Execution ProcessID=""3732"" ThreadID=""4344""/>
      <Channel>Microsoft-Windows-Sysmon/Operational</Channel>
      <Computer>WinDev2309Eval</Computer>
      <Security UserID=""S-1-5-18""/>
    </System>
    <EventData>
      <Data Name=""RuleName"">T1031,T1050</Data>
      <Data Name=""EventType"">SetValue</Data>
      <Data Name=""UtcTime"">2023-12-28 00:36:35.474</Data>
      <Data Name=""ProcessGuid"">{fda94052-c30f-658c-0b00-000000000c00}</Data>
      <Data Name=""ProcessId"">776</Data>
      <Data Name=""Image"">C:\Windows\system32\services.exe</Data>
      <Data Name=""TargetObject"">HKLM\System\CurrentControlSet\Services\ConsentUxUserSvc_41180\Start</Data>
      <Data Name=""Details"">DWORD (0x00000003)</Data>
      <Data Name=""User"">NT AUTHORITY\SYSTEM</Data>
    </EventData>
    <RenderingInfo Culture=""en-US"">
      <Message>Registry value set:

RuleName: T1031,T1050

EventType: SetValue

UtcTime: 2023-12-28 00:36:35.474

ProcessGuid: {fda94052-c30f-658c-0b00-000000000c00}

ProcessId: 776

Image: C:\Windows\system32\services.exe

TargetObject: HKLM\System\CurrentControlSet\Services\ConsentUxUserSvc_41180\Start

Details: DWORD (0x00000003)

User: NT AUTHORITY\SYSTEM</Message>
      <Level>Information</Level>
      <Task>Registry value set (rule: RegistryEvent)</Task>
      <Opcode>Info</Opcode>
    </RenderingInfo>
  </Event>
  
"
Microsoft-Windows-Sysmon/Operational,,,WinDev2309Eval,,,,,,,,,C:\Windows\system32\svchost.exe -k UnistackSvcGroup,13,9624,SetValue,,,C:\Windows\system32\services.exe,,,0x8000000000000000,Information,,,"Registry value set:

RuleName: T1031,T1050

EventType: SetValue

UtcTime: 2023-12-28 00:36:35.474

ProcessGuid: {fda94052-c30f-658c-0b00-000000000c00}

ProcessId: 776

Image: C:\Windows\system32\services.exe

TargetObject: HKLM\System\CurrentControlSet\Services\CDPUserSvc_41180\ImagePath

Details: C:\Windows\system32\svchost.exe -k UnistackSvcGroup

User: NT AUTHORITY\SYSTEM",,Info,,,,,,,{fda94052-c30f-658c-0b00-000000000c00},3732,776,,,,,,"
      ","T1031,T1050",,,,,,,,,,,,,,,2023-12-28T00:36:36.0551102Z,,,HKLM\System\CurrentControlSet\Services\CDPUserSvc_41180\ImagePath,,,,Registry value set (rule: RegistryEvent),,4344,NT AUTHORITY\SYSTEM,S-1-5-18,2023-12-28 00:36:35.474,2,"<Event xmlns=""http://schemas.microsoft.com/win/2004/08/events/event"">
    <System>
      <Provider Name=""Microsoft-Windows-Sysmon"" Guid=""{5770385f-c22a-43e0-bf4c-06f5698ffbd9}""/>
      <EventID>13</EventID>
      <Version>2</Version>
      <Level>4</Level>
      <Task>13</Task>
      <Opcode>0</Opcode>
      <Keywords>0x8000000000000000</Keywords>
      <TimeCreated SystemTime=""2023-12-28T00:36:36.0551102Z""/>
      <EventRecordID>9624</EventRecordID>
      <Correlation/>
      <Execution ProcessID=""3732"" ThreadID=""4344""/>
      <Channel>Microsoft-Windows-Sysmon/Operational</Channel>
      <Computer>WinDev2309Eval</Computer>
      <Security UserID=""S-1-5-18""/>
    </System>
    <EventData>
      <Data Name=""RuleName"">T1031,T1050</Data>
      <Data Name=""EventType"">SetValue</Data>
      <Data Name=""UtcTime"">2023-12-28 00:36:35.474</Data>
      <Data Name=""ProcessGuid"">{fda94052-c30f-658c-0b00-000000000c00}</Data>
      <Data Name=""ProcessId"">776</Data>
      <Data Name=""Image"">C:\Windows\system32\services.exe</Data>
      <Data Name=""TargetObject"">HKLM\System\CurrentControlSet\Services\CDPUserSvc_41180\ImagePath</Data>
      <Data Name=""Details"">C:\Windows\system32\svchost.exe -k UnistackSvcGroup</Data>
      <Data Name=""User"">NT AUTHORITY\SYSTEM</Data>
    </EventData>
    <RenderingInfo Culture=""en-US"">
      <Message>Registry value set:

RuleName: T1031,T1050

EventType: SetValue

UtcTime: 2023-12-28 00:36:35.474

ProcessGuid: {fda94052-c30f-658c-0b00-000000000c00}

ProcessId: 776

Image: C:\Windows\system32\services.exe

TargetObject: HKLM\System\CurrentControlSet\Services\CDPUserSvc_41180\ImagePath

Details: C:\Windows\system32\svchost.exe -k UnistackSvcGroup

User: NT AUTHORITY\SYSTEM</Message>
      <Level>Information</Level>
      <Task>Registry value set (rule: RegistryEvent)</Task>
      <Opcode>Info</Opcode>
    </RenderingInfo>
  </Event>
  
"
Microsoft-Windows-Sysmon/Operational,,,WinDev2309Eval,,,,,,,,,DWORD (0x00000002),13,9623,SetValue,,,C:\Windows\system32\services.exe,,,0x8000000000000000,Information,,,"Registry value set:

RuleName: T1031,T1050

EventType: SetValue

UtcTime: 2023-12-28 00:36:35.474

ProcessGuid: {fda94052-c30f-658c-0b00-000000000c00}

ProcessId: 776

Image: C:\Windows\system32\services.exe

TargetObject: HKLM\System\CurrentControlSet\Services\CDPUserSvc_41180\Start

Details: DWORD (0x00000002)

User: NT AUTHORITY\SYSTEM",,Info,,,,,,,{fda94052-c30f-658c-0b00-000000000c00},3732,776,,,,,,"
      ","T1031,T1050",,,,,,,,,,,,,,,2023-12-28T00:36:36.0550229Z,,,HKLM\System\CurrentControlSet\Services\CDPUserSvc_41180\Start,,,,Registry value set (rule: RegistryEvent),,4344,NT AUTHORITY\SYSTEM,S-1-5-18,2023-12-28 00:36:35.474,2,"<Event xmlns=""http://schemas.microsoft.com/win/2004/08/events/event"">
    <System>
      <Provider Name=""Microsoft-Windows-Sysmon"" Guid=""{5770385f-c22a-43e0-bf4c-06f5698ffbd9}""/>
      <EventID>13</EventID>
      <Version>2</Version>
      <Level>4</Level>
      <Task>13</Task>
      <Opcode>0</Opcode>
      <Keywords>0x8000000000000000</Keywords>
      <TimeCreated SystemTime=""2023-12-28T00:36:36.0550229Z""/>
      <EventRecordID>9623</EventRecordID>
      <Correlation/>
      <Execution ProcessID=""3732"" ThreadID=""4344""/>
      <Channel>Microsoft-Windows-Sysmon/Operational</Channel>
      <Computer>WinDev2309Eval</Computer>
      <Security UserID=""S-1-5-18""/>
    </System>
    <EventData>
      <Data Name=""RuleName"">T1031,T1050</Data>
      <Data Name=""EventType"">SetValue</Data>
      <Data Name=""UtcTime"">2023-12-28 00:36:35.474</Data>
      <Data Name=""ProcessGuid"">{fda94052-c30f-658c-0b00-000000000c00}</Data>
      <Data Name=""ProcessId"">776</Data>
      <Data Name=""Image"">C:\Windows\system32\services.exe</Data>
      <Data Name=""TargetObject"">HKLM\System\CurrentControlSet\Services\CDPUserSvc_41180\Start</Data>
      <Data Name=""Details"">DWORD (0x00000002)</Data>
      <Data Name=""User"">NT AUTHORITY\SYSTEM</Data>
    </EventData>
    <RenderingInfo Culture=""en-US"">
      <Message>Registry value set:

RuleName: T1031,T1050

EventType: SetValue

UtcTime: 2023-12-28 00:36:35.474

ProcessGuid: {fda94052-c30f-658c-0b00-000000000c00}

ProcessId: 776

Image: C:\Windows\system32\services.exe

TargetObject: HKLM\System\CurrentControlSet\Services\CDPUserSvc_41180\Start

Details: DWORD (0x00000002)

User: NT AUTHORITY\SYSTEM</Message>
      <Level>Information</Level>
      <Task>Registry value set (rule: RegistryEvent)</Task>
      <Opcode>Info</Opcode>
    </RenderingInfo>
  </Event>
  
"
Microsoft-Windows-Sysmon/Operational,,,WinDev2309Eval,,,,,,,,,C:\Windows\system32\svchost.exe -k ClipboardSvcGroup -p,13,9622,SetValue,,,C:\Windows\system32\services.exe,,,0x8000000000000000,Information,,,"Registry value set:

RuleName: T1031,T1050

EventType: SetValue

UtcTime: 2023-12-28 00:36:35.474

ProcessGuid: {fda94052-c30f-658c-0b00-000000000c00}

ProcessId: 776

Image: C:\Windows\system32\services.exe

TargetObject: HKLM\System\CurrentControlSet\Services\cbdhsvc_41180\ImagePath

Details: C:\Windows\system32\svchost.exe -k ClipboardSvcGroup -p

User: NT AUTHORITY\SYSTEM",,Info,,,,,,,{fda94052-c30f-658c-0b00-000000000c00},3732,776,,,,,,"
      ","T1031,T1050",,,,,,,,,,,,,,,2023-12-28T00:36:36.0527601Z,,,HKLM\System\CurrentControlSet\Services\cbdhsvc_41180\ImagePath,,,,Registry value set (rule: RegistryEvent),,4344,NT AUTHORITY\SYSTEM,S-1-5-18,2023-12-28 00:36:35.474,2,"<Event xmlns=""http://schemas.microsoft.com/win/2004/08/events/event"">
    <System>
      <Provider Name=""Microsoft-Windows-Sysmon"" Guid=""{5770385f-c22a-43e0-bf4c-06f5698ffbd9}""/>
      <EventID>13</EventID>
      <Version>2</Version>
      <Level>4</Level>
      <Task>13</Task>
      <Opcode>0</Opcode>
      <Keywords>0x8000000000000000</Keywords>
      <TimeCreated SystemTime=""2023-12-28T00:36:36.0527601Z""/>
      <EventRecordID>9622</EventRecordID>
      <Correlation/>
      <Execution ProcessID=""3732"" ThreadID=""4344""/>
      <Channel>Microsoft-Windows-Sysmon/Operational</Channel>
      <Computer>WinDev2309Eval</Computer>
      <Security UserID=""S-1-5-18""/>
    </System>
    <EventData>
      <Data Name=""RuleName"">T1031,T1050</Data>
      <Data Name=""EventType"">SetValue</Data>
      <Data Name=""UtcTime"">2023-12-28 00:36:35.474</Data>
      <Data Name=""ProcessGuid"">{fda94052-c30f-658c-0b00-000000000c00}</Data>
      <Data Name=""ProcessId"">776</Data>
      <Data Name=""Image"">C:\Windows\system32\services.exe</Data>
      <Data Name=""TargetObject"">HKLM\System\CurrentControlSet\Services\cbdhsvc_41180\ImagePath</Data>
      <Data Name=""Details"">C:\Windows\system32\svchost.exe -k ClipboardSvcGroup -p</Data>
      <Data Name=""User"">NT AUTHORITY\SYSTEM</Data>
    </EventData>
    <RenderingInfo Culture=""en-US"">
      <Message>Registry value set:

RuleName: T1031,T1050

EventType: SetValue

UtcTime: 2023-12-28 00:36:35.474

ProcessGuid: {fda94052-c30f-658c-0b00-000000000c00}

ProcessId: 776

Image: C:\Windows\system32\services.exe

TargetObject: HKLM\System\CurrentControlSet\Services\cbdhsvc_41180\ImagePath

Details: C:\Windows\system32\svchost.exe -k ClipboardSvcGroup -p

User: NT AUTHORITY\SYSTEM</Message>
      <Level>Information</Level>
      <Task>Registry value set (rule: RegistryEvent)</Task>
      <Opcode>Info</Opcode>
    </RenderingInfo>
  </Event>
  
"
Microsoft-Windows-Sysmon/Operational,,,WinDev2309Eval,,,,,,,,,DWORD (0x00000002),13,9621,SetValue,,,C:\Windows\system32\services.exe,,,0x8000000000000000,Information,,,"Registry value set:

RuleName: T1031,T1050

EventType: SetValue

UtcTime: 2023-12-28 00:36:35.474

ProcessGuid: {fda94052-c30f-658c-0b00-000000000c00}

ProcessId: 776

Image: C:\Windows\system32\services.exe

TargetObject: HKLM\System\CurrentControlSet\Services\cbdhsvc_41180\Start

Details: DWORD (0x00000002)

User: NT AUTHORITY\SYSTEM",,Info,,,,,,,{fda94052-c30f-658c-0b00-000000000c00},3732,776,,,,,,"
      ","T1031,T1050",,,,,,,,,,,,,,,2023-12-28T00:36:36.0526914Z,,,HKLM\System\CurrentControlSet\Services\cbdhsvc_41180\Start,,,,Registry value set (rule: RegistryEvent),,4344,NT AUTHORITY\SYSTEM,S-1-5-18,2023-12-28 00:36:35.474,2,"<Event xmlns=""http://schemas.microsoft.com/win/2004/08/events/event"">
    <System>
      <Provider Name=""Microsoft-Windows-Sysmon"" Guid=""{5770385f-c22a-43e0-bf4c-06f5698ffbd9}""/>
      <EventID>13</EventID>
      <Version>2</Version>
      <Level>4</Level>
      <Task>13</Task>
      <Opcode>0</Opcode>
      <Keywords>0x8000000000000000</Keywords>
      <TimeCreated SystemTime=""2023-12-28T00:36:36.0526914Z""/>
      <EventRecordID>9621</EventRecordID>
      <Correlation/>
      <Execution ProcessID=""3732"" ThreadID=""4344""/>
      <Channel>Microsoft-Windows-Sysmon/Operational</Channel>
      <Computer>WinDev2309Eval</Computer>
      <Security UserID=""S-1-5-18""/>
    </System>
    <EventData>
      <Data Name=""RuleName"">T1031,T1050</Data>
      <Data Name=""EventType"">SetValue</Data>
      <Data Name=""UtcTime"">2023-12-28 00:36:35.474</Data>
      <Data Name=""ProcessGuid"">{fda94052-c30f-658c-0b00-000000000c00}</Data>
      <Data Name=""ProcessId"">776</Data>
      <Data Name=""Image"">C:\Windows\system32\services.exe</Data>
      <Data Name=""TargetObject"">HKLM\System\CurrentControlSet\Services\cbdhsvc_41180\Start</Data>
      <Data Name=""Details"">DWORD (0x00000002)</Data>
      <Data Name=""User"">NT AUTHORITY\SYSTEM</Data>
    </EventData>
    <RenderingInfo Culture=""en-US"">
      <Message>Registry value set:

RuleName: T1031,T1050

EventType: SetValue

UtcTime: 2023-12-28 00:36:35.474

ProcessGuid: {fda94052-c30f-658c-0b00-000000000c00}

ProcessId: 776

Image: C:\Windows\system32\services.exe

TargetObject: HKLM\System\CurrentControlSet\Services\cbdhsvc_41180\Start

Details: DWORD (0x00000002)

User: NT AUTHORITY\SYSTEM</Message>
      <Level>Information</Level>
      <Task>Registry value set (rule: RegistryEvent)</Task>
      <Opcode>Info</Opcode>
    </RenderingInfo>
  </Event>
  
"
Microsoft-Windows-Sysmon/Operational,,,WinDev2309Eval,,,,,,,,,C:\Windows\system32\svchost.exe -k LocalService -p,13,9620,SetValue,,,C:\Windows\system32\services.exe,,,0x8000000000000000,Information,,,"Registry value set:

RuleName: T1031,T1050

EventType: SetValue

UtcTime: 2023-12-28 00:36:35.474

ProcessGuid: {fda94052-c30f-658c-0b00-000000000c00}

ProcessId: 776

Image: C:\Windows\system32\services.exe

TargetObject: HKLM\System\CurrentControlSet\Services\CaptureService_41180\ImagePath

Details: C:\Windows\system32\svchost.exe -k LocalService -p

User: NT AUTHORITY\SYSTEM",,Info,,,,,,,{fda94052-c30f-658c-0b00-000000000c00},3732,776,,,,,,"
      ","T1031,T1050",,,,,,,,,,,,,,,2023-12-28T00:36:36.0523990Z,,,HKLM\System\CurrentControlSet\Services\CaptureService_41180\ImagePath,,,,Registry value set (rule: RegistryEvent),,4344,NT AUTHORITY\SYSTEM,S-1-5-18,2023-12-28 00:36:35.474,2,"<Event xmlns=""http://schemas.microsoft.com/win/2004/08/events/event"">
    <System>
      <Provider Name=""Microsoft-Windows-Sysmon"" Guid=""{5770385f-c22a-43e0-bf4c-06f5698ffbd9}""/>
      <EventID>13</EventID>
      <Version>2</Version>
      <Level>4</Level>
      <Task>13</Task>
      <Opcode>0</Opcode>
      <Keywords>0x8000000000000000</Keywords>
      <TimeCreated SystemTime=""2023-12-28T00:36:36.0523990Z""/>
      <EventRecordID>9620</EventRecordID>
      <Correlation/>
      <Execution ProcessID=""3732"" ThreadID=""4344""/>
      <Channel>Microsoft-Windows-Sysmon/Operational</Channel>
      <Computer>WinDev2309Eval</Computer>
      <Security UserID=""S-1-5-18""/>
    </System>
    <EventData>
      <Data Name=""RuleName"">T1031,T1050</Data>
      <Data Name=""EventType"">SetValue</Data>
      <Data Name=""UtcTime"">2023-12-28 00:36:35.474</Data>
      <Data Name=""ProcessGuid"">{fda94052-c30f-658c-0b00-000000000c00}</Data>
      <Data Name=""ProcessId"">776</Data>
      <Data Name=""Image"">C:\Windows\system32\services.exe</Data>
      <Data Name=""TargetObject"">HKLM\System\CurrentControlSet\Services\CaptureService_41180\ImagePath</Data>
      <Data Name=""Details"">C:\Windows\system32\svchost.exe -k LocalService -p</Data>
      <Data Name=""User"">NT AUTHORITY\SYSTEM</Data>
    </EventData>
    <RenderingInfo Culture=""en-US"">
      <Message>Registry value set:

RuleName: T1031,T1050

EventType: SetValue

UtcTime: 2023-12-28 00:36:35.474

ProcessGuid: {fda94052-c30f-658c-0b00-000000000c00}

ProcessId: 776

Image: C:\Windows\system32\services.exe

TargetObject: HKLM\System\CurrentControlSet\Services\CaptureService_41180\ImagePath

Details: C:\Windows\system32\svchost.exe -k LocalService -p

User: NT AUTHORITY\SYSTEM</Message>
      <Level>Information</Level>
      <Task>Registry value set (rule: RegistryEvent)</Task>
      <Opcode>Info</Opcode>
    </RenderingInfo>
  </Event>
  
"
Microsoft-Windows-Sysmon/Operational,,,WinDev2309Eval,,,,,,,,,DWORD (0x00000003),13,9619,SetValue,,,C:\Windows\system32\services.exe,,,0x8000000000000000,Information,,,"Registry value set:

RuleName: T1031,T1050

EventType: SetValue

UtcTime: 2023-12-28 00:36:35.474

ProcessGuid: {fda94052-c30f-658c-0b00-000000000c00}

ProcessId: 776

Image: C:\Windows\system32\services.exe

TargetObject: HKLM\System\CurrentControlSet\Services\CaptureService_41180\Start

Details: DWORD (0x00000003)

User: NT AUTHORITY\SYSTEM",,Info,,,,,,,{fda94052-c30f-658c-0b00-000000000c00},3732,776,,,,,,"
      ","T1031,T1050",,,,,,,,,,,,,,,2023-12-28T00:36:36.0523256Z,,,HKLM\System\CurrentControlSet\Services\CaptureService_41180\Start,,,,Registry value set (rule: RegistryEvent),,4344,NT AUTHORITY\SYSTEM,S-1-5-18,2023-12-28 00:36:35.474,2,"<Event xmlns=""http://schemas.microsoft.com/win/2004/08/events/event"">
    <System>
      <Provider Name=""Microsoft-Windows-Sysmon"" Guid=""{5770385f-c22a-43e0-bf4c-06f5698ffbd9}""/>
      <EventID>13</EventID>
      <Version>2</Version>
      <Level>4</Level>
      <Task>13</Task>
      <Opcode>0</Opcode>
      <Keywords>0x8000000000000000</Keywords>
      <TimeCreated SystemTime=""2023-12-28T00:36:36.0523256Z""/>
      <EventRecordID>9619</EventRecordID>
      <Correlation/>
      <Execution ProcessID=""3732"" ThreadID=""4344""/>
      <Channel>Microsoft-Windows-Sysmon/Operational</Channel>
      <Computer>WinDev2309Eval</Computer>
      <Security UserID=""S-1-5-18""/>
    </System>
    <EventData>
      <Data Name=""RuleName"">T1031,T1050</Data>
      <Data Name=""EventType"">SetValue</Data>
      <Data Name=""UtcTime"">2023-12-28 00:36:35.474</Data>
      <Data Name=""ProcessGuid"">{fda94052-c30f-658c-0b00-000000000c00}</Data>
      <Data Name=""ProcessId"">776</Data>
      <Data Name=""Image"">C:\Windows\system32\services.exe</Data>
      <Data Name=""TargetObject"">HKLM\System\CurrentControlSet\Services\CaptureService_41180\Start</Data>
      <Data Name=""Details"">DWORD (0x00000003)</Data>
      <Data Name=""User"">NT AUTHORITY\SYSTEM</Data>
    </EventData>
    <RenderingInfo Culture=""en-US"">
      <Message>Registry value set:

RuleName: T1031,T1050

EventType: SetValue

UtcTime: 2023-12-28 00:36:35.474

ProcessGuid: {fda94052-c30f-658c-0b00-000000000c00}

ProcessId: 776

Image: C:\Windows\system32\services.exe

TargetObject: HKLM\System\CurrentControlSet\Services\CaptureService_41180\Start

Details: DWORD (0x00000003)

User: NT AUTHORITY\SYSTEM</Message>
      <Level>Information</Level>
      <Task>Registry value set (rule: RegistryEvent)</Task>
      <Opcode>Info</Opcode>
    </RenderingInfo>
  </Event>
  
"
Microsoft-Windows-Sysmon/Operational,,,WinDev2309Eval,,,,,,,,,C:\Windows\system32\svchost.exe -k BthAppGroup -p,13,9618,SetValue,,,C:\Windows\system32\services.exe,,,0x8000000000000000,Information,,,"Registry value set:

RuleName: T1031,T1050

EventType: SetValue

UtcTime: 2023-12-28 00:36:35.474

ProcessGuid: {fda94052-c30f-658c-0b00-000000000c00}

ProcessId: 776

Image: C:\Windows\system32\services.exe

TargetObject: HKLM\System\CurrentControlSet\Services\BluetoothUserService_41180\ImagePath

Details: C:\Windows\system32\svchost.exe -k BthAppGroup -p

User: NT AUTHORITY\SYSTEM",,Info,,,,,,,{fda94052-c30f-658c-0b00-000000000c00},3732,776,,,,,,"
      ","T1031,T1050",,,,,,,,,,,,,,,2023-12-28T00:36:36.0509953Z,,,HKLM\System\CurrentControlSet\Services\BluetoothUserService_41180\ImagePath,,,,Registry value set (rule: RegistryEvent),,4344,NT AUTHORITY\SYSTEM,S-1-5-18,2023-12-28 00:36:35.474,2,"<Event xmlns=""http://schemas.microsoft.com/win/2004/08/events/event"">
    <System>
      <Provider Name=""Microsoft-Windows-Sysmon"" Guid=""{5770385f-c22a-43e0-bf4c-06f5698ffbd9}""/>
      <EventID>13</EventID>
      <Version>2</Version>
      <Level>4</Level>
      <Task>13</Task>
      <Opcode>0</Opcode>
      <Keywords>0x8000000000000000</Keywords>
      <TimeCreated SystemTime=""2023-12-28T00:36:36.0509953Z""/>
      <EventRecordID>9618</EventRecordID>
      <Correlation/>
      <Execution ProcessID=""3732"" ThreadID=""4344""/>
      <Channel>Microsoft-Windows-Sysmon/Operational</Channel>
      <Computer>WinDev2309Eval</Computer>
      <Security UserID=""S-1-5-18""/>
    </System>
    <EventData>
      <Data Name=""RuleName"">T1031,T1050</Data>
      <Data Name=""EventType"">SetValue</Data>
      <Data Name=""UtcTime"">2023-12-28 00:36:35.474</Data>
      <Data Name=""ProcessGuid"">{fda94052-c30f-658c-0b00-000000000c00}</Data>
      <Data Name=""ProcessId"">776</Data>
      <Data Name=""Image"">C:\Windows\system32\services.exe</Data>
      <Data Name=""TargetObject"">HKLM\System\CurrentControlSet\Services\BluetoothUserService_41180\ImagePath</Data>
      <Data Name=""Details"">C:\Windows\system32\svchost.exe -k BthAppGroup -p</Data>
      <Data Name=""User"">NT AUTHORITY\SYSTEM</Data>
    </EventData>
    <RenderingInfo Culture=""en-US"">
      <Message>Registry value set:

RuleName: T1031,T1050

EventType: SetValue

UtcTime: 2023-12-28 00:36:35.474

ProcessGuid: {fda94052-c30f-658c-0b00-000000000c00}

ProcessId: 776

Image: C:\Windows\system32\services.exe

TargetObject: HKLM\System\CurrentControlSet\Services\BluetoothUserService_41180\ImagePath

Details: C:\Windows\system32\svchost.exe -k BthAppGroup -p

User: NT AUTHORITY\SYSTEM</Message>
      <Level>Information</Level>
      <Task>Registry value set (rule: RegistryEvent)</Task>
      <Opcode>Info</Opcode>
    </RenderingInfo>
  </Event>
  
"
