Microsoft-Windows-Sysmon/Operational,,,WinDev2309Eval,,,,,,,,,,12,9823,DeleteValue,,,C:\Windows\Explorer.EXE,,,0x8000000000000000,Information,,,"Registry object added or deleted:

RuleName: T1060,RunKey

EventType: DeleteValue

UtcTime: 2023-12-28 00:37:44.936

ProcessGuid: {fda94052-c315-658c-7500-000000000c00}

ProcessId: 5620

Image: C:\Windows\Explorer.EXE

TargetObject: HKU\S-1-5-21-3832996301-1047793030-1114040027-1000\Software\Microsoft\Windows\CurrentVersion\RunOnce\Delete Cached Standalone Update Binary

User: WINDEV2309EVAL\User",,Info,,,,,,,{fda94052-c315-658c-7500-000000000c00},3732,5620,,,,,,"
      ","T1060,RunKey",,,,,,,,,,,,,,,2023-12-28T00:37:44.9376322Z,,,HKU\S-1-5-21-3832996301-1047793030-1114040027-1000\Software\Microsoft\Windows\CurrentVersion\RunOnce\Delete Cached Standalone Update Binary,,,,Registry object added or deleted (rule: RegistryEvent),,4344,WINDEV2309EVAL\User,S-1-5-18,2023-12-28 00:37:44.936,2,"<Event xmlns=""http://schemas.microsoft.com/win/2004/08/events/event"">
    <System>
      <Provider Name=""Microsoft-Windows-Sysmon"" Guid=""{5770385f-c22a-43e0-bf4c-06f5698ffbd9}""/>
      <EventID>12</EventID>
      <Version>2</Version>
      <Level>4</Level>
      <Task>12</Task>
      <Opcode>0</Opcode>
      <Keywords>0x8000000000000000</Keywords>
      <TimeCreated SystemTime=""2023-12-28T00:37:44.9376322Z""/>
      <EventRecordID>9823</EventRecordID>
      <Correlation/>
      <Execution ProcessID=""3732"" ThreadID=""4344""/>
      <Channel>Microsoft-Windows-Sysmon/Operational</Channel>
      <Computer>WinDev2309Eval</Computer>
      <Security UserID=""S-1-5-18""/>
    </System>
    <EventData>
      <Data Name=""RuleName"">T1060,RunKey</Data>
      <Data Name=""EventType"">DeleteValue</Data>
      <Data Name=""UtcTime"">2023-12-28 00:37:44.936</Data>
      <Data Name=""ProcessGuid"">{fda94052-c315-658c-7500-000000000c00}</Data>
      <Data Name=""ProcessId"">5620</Data>
      <Data Name=""Image"">C:\Windows\Explorer.EXE</Data>
      <Data Name=""TargetObject"">HKU\S-1-5-21-3832996301-1047793030-1114040027-1000\Software\Microsoft\Windows\CurrentVersion\RunOnce\Delete Cached Standalone Update Binary</Data>
      <Data Name=""User"">WINDEV2309EVAL\User</Data>
    </EventData>
    <RenderingInfo Culture=""en-US"">
      <Message>Registry object added or deleted:

RuleName: T1060,RunKey

EventType: DeleteValue

UtcTime: 2023-12-28 00:37:44.936

ProcessGuid: {fda94052-c315-658c-7500-000000000c00}

ProcessId: 5620

Image: C:\Windows\Explorer.EXE

TargetObject: HKU\S-1-5-21-3832996301-1047793030-1114040027-1000\Software\Microsoft\Windows\CurrentVersion\RunOnce\Delete Cached Standalone Update Binary

User: WINDEV2309EVAL\User</Message>
      <Level>Information</Level>
      <Task>Registry object added or deleted (rule: RegistryEvent)</Task>
      <Opcode>Info</Opcode>
    </RenderingInfo>
  </Event>
  
"
Microsoft-Windows-Sysmon/Operational,"""C:\Windows\System32\cmd.exe"" /q /c del /q ""C:\Users\User\AppData\Local\Microsoft\OneDrive\Update\OneDriveSetup.exe""",Microsoft Corporation,WinDev2309Eval,,C:\Windows\system32\,Windows Command Processor,,,,,,,1,9822,,10.0.22621.1635 (WinBuild.160101.0800),"MD5=5A6BE4D2519515241D0C133A26CF62C0,SHA256=423E0E810A69AACEBA0E5670E58AFF898CF0EBFFAB99CCB46EBB3464C3D2FACB,IMPHASH=D73E39DAB3C8B57AA408073D01254964",C:\Windows\System32\cmd.exe,,Medium,0x8000000000000000,Information,{fda94052-c313-658c-9aab-030000000000},0x3ab9a,"Process Create:

RuleName: -

UtcTime: 2023-12-28 00:37:44.930

ProcessGuid: {fda94052-c358-658c-d600-000000000c00}

ProcessId: 8480

Image: C:\Windows\System32\cmd.exe

FileVersion: 10.0.22621.1635 (WinBuild.160101.0800)

Description: Windows Command Processor

Product: Microsoft Windows Operating System

Company: Microsoft Corporation

OriginalFileName: Cmd.Exe

CommandLine: ""C:\Windows\System32\cmd.exe"" /q /c del /q ""C:\Users\User\AppData\Local\Microsoft\OneDrive\Update\OneDriveSetup.exe""

CurrentDirectory: C:\Windows\system32\

User: WINDEV2309EVAL\User

LogonGuid: {fda94052-c313-658c-9aab-030000000000}

LogonId: 0x3AB9A

TerminalSessionId: 1

IntegrityLevel: Medium

Hashes: MD5=5A6BE4D2519515241D0C133A26CF62C0,SHA256=423E0E810A69AACEBA0E5670E58AFF898CF0EBFFAB99CCB46EBB3464C3D2FACB,IMPHASH=D73E39DAB3C8B57AA408073D01254964

ParentProcessGuid: {fda94052-c315-658c-7500-000000000c00}

ParentProcessId: 5620

ParentImage: C:\Windows\explorer.exe

ParentCommandLine: C:\Windows\Explorer.EXE

ParentUser: WINDEV2309EVAL\User",,Info,Cmd.Exe,C:\Windows\Explorer.EXE,C:\Windows\explorer.exe,{fda94052-c315-658c-7500-000000000c00},5620,WINDEV2309EVAL\User,{fda94052-c358-658c-d600-000000000c00},3732,8480,Microsoft Windows Operating System,,,,,"
      ",-,,,,,,,,,,,,,,,2023-12-28T00:37:44.9349815Z,,,,,,,Process Create (rule: ProcessCreate),1,4344,WINDEV2309EVAL\User,S-1-5-18,2023-12-28 00:37:44.930,5,"<Event xmlns=""http://schemas.microsoft.com/win/2004/08/events/event"">
    <System>
      <Provider Name=""Microsoft-Windows-Sysmon"" Guid=""{5770385f-c22a-43e0-bf4c-06f5698ffbd9}""/>
      <EventID>1</EventID>
      <Version>5</Version>
      <Level>4</Level>
      <Task>1</Task>
      <Opcode>0</Opcode>
      <Keywords>0x8000000000000000</Keywords>
      <TimeCreated SystemTime=""2023-12-28T00:37:44.9349815Z""/>
      <EventRecordID>9822</EventRecordID>
      <Correlation/>
      <Execution ProcessID=""3732"" ThreadID=""4344""/>
      <Channel>Microsoft-Windows-Sysmon/Operational</Channel>
      <Computer>WinDev2309Eval</Computer>
      <Security UserID=""S-1-5-18""/>
    </System>
    <EventData>
      <Data Name=""RuleName"">-</Data>
      <Data Name=""UtcTime"">2023-12-28 00:37:44.930</Data>
      <Data Name=""ProcessGuid"">{fda94052-c358-658c-d600-000000000c00}</Data>
      <Data Name=""ProcessId"">8480</Data>
      <Data Name=""Image"">C:\Windows\System32\cmd.exe</Data>
      <Data Name=""FileVersion"">10.0.22621.1635 (WinBuild.160101.0800)</Data>
      <Data Name=""Description"">Windows Command Processor</Data>
      <Data Name=""Product"">Microsoft&#174; Windows&#174; Operating System</Data>
      <Data Name=""Company"">Microsoft Corporation</Data>
      <Data Name=""OriginalFileName"">Cmd.Exe</Data>
      <Data Name=""CommandLine"">""C:\Windows\System32\cmd.exe"" /q /c del /q ""C:\Users\User\AppData\Local\Microsoft\OneDrive\Update\OneDriveSetup.exe""</Data>
      <Data Name=""CurrentDirectory"">C:\Windows\system32\</Data>
      <Data Name=""User"">WINDEV2309EVAL\User</Data>
      <Data Name=""LogonGuid"">{fda94052-c313-658c-9aab-030000000000}</Data>
      <Data Name=""LogonId"">0x3ab9a</Data>
      <Data Name=""TerminalSessionId"">1</Data>
      <Data Name=""IntegrityLevel"">Medium</Data>
      <Data Name=""Hashes"">MD5=5A6BE4D2519515241D0C133A26CF62C0,SHA256=423E0E810A69AACEBA0E5670E58AFF898CF0EBFFAB99CCB46EBB3464C3D2FACB,IMPHASH=D73E39DAB3C8B57AA408073D01254964</Data>
      <Data Name=""ParentProcessGuid"">{fda94052-c315-658c-7500-000000000c00}</Data>
      <Data Name=""ParentProcessId"">5620</Data>
      <Data Name=""ParentImage"">C:\Windows\explorer.exe</Data>
      <Data Name=""ParentCommandLine"">C:\Windows\Explorer.EXE</Data>
      <Data Name=""ParentUser"">WINDEV2309EVAL\User</Data>
    </EventData>
    <RenderingInfo Culture=""en-US"">
      <Message>Process Create:

RuleName: -

UtcTime: 2023-12-28 00:37:44.930

ProcessGuid: {fda94052-c358-658c-d600-000000000c00}

ProcessId: 8480

Image: C:\Windows\System32\cmd.exe

FileVersion: 10.0.22621.1635 (WinBuild.160101.0800)

Description: Windows Command Processor

Product: Microsoft&#174; Windows&#174; Operating System

Company: Microsoft Corporation

OriginalFileName: Cmd.Exe

CommandLine: ""C:\Windows\System32\cmd.exe"" /q /c del /q ""C:\Users\User\AppData\Local\Microsoft\OneDrive\Update\OneDriveSetup.exe""

CurrentDirectory: C:\Windows\system32\

User: WINDEV2309EVAL\User

LogonGuid: {fda94052-c313-658c-9aab-030000000000}

LogonId: 0x3AB9A

TerminalSessionId: 1

IntegrityLevel: Medium

Hashes: MD5=5A6BE4D2519515241D0C133A26CF62C0,SHA256=423E0E810A69AACEBA0E5670E58AFF898CF0EBFFAB99CCB46EBB3464C3D2FACB,IMPHASH=D73E39DAB3C8B57AA408073D01254964

ParentProcessGuid: {fda94052-c315-658c-7500-000000000c00}

ParentProcessId: 5620

ParentImage: C:\Windows\explorer.exe

ParentCommandLine: C:\Windows\Explorer.EXE

ParentUser: WINDEV2309EVAL\User</Message>
      <Level>Information</Level>
      <Task>Process Create (rule: ProcessCreate)</Task>
      <Opcode>Info</Opcode>
    </RenderingInfo>
  </Event>
  
"
Microsoft-Windows-Sysmon/Operational,,,WinDev2309Eval,,,,,,,,,,12,9821,DeleteValue,,,C:\Windows\Explorer.EXE,,,0x8000000000000000,Information,,,"Registry object added or deleted:

RuleName: T1060,RunKey

EventType: DeleteValue

UtcTime: 2023-12-28 00:37:44.887

ProcessGuid: {fda94052-c315-658c-7500-000000000c00}

ProcessId: 5620

Image: C:\Windows\Explorer.EXE

TargetObject: HKU\S-1-5-21-3832996301-1047793030-1114040027-1000\Software\Microsoft\Windows\CurrentVersion\RunOnce\Delete Cached Update Binary

User: WINDEV2309EVAL\User",,Info,,,,,,,{fda94052-c315-658c-7500-000000000c00},3732,5620,,,,,,"
      ","T1060,RunKey",,,,,,,,,,,,,,,2023-12-28T00:37:44.9002815Z,,,HKU\S-1-5-21-3832996301-1047793030-1114040027-1000\Software\Microsoft\Windows\CurrentVersion\RunOnce\Delete Cached Update Binary,,,,Registry object added or deleted (rule: RegistryEvent),,4344,WINDEV2309EVAL\User,S-1-5-18,2023-12-28 00:37:44.887,2,"<Event xmlns=""http://schemas.microsoft.com/win/2004/08/events/event"">
    <System>
      <Provider Name=""Microsoft-Windows-Sysmon"" Guid=""{5770385f-c22a-43e0-bf4c-06f5698ffbd9}""/>
      <EventID>12</EventID>
      <Version>2</Version>
      <Level>4</Level>
      <Task>12</Task>
      <Opcode>0</Opcode>
      <Keywords>0x8000000000000000</Keywords>
      <TimeCreated SystemTime=""2023-12-28T00:37:44.9002815Z""/>
      <EventRecordID>9821</EventRecordID>
      <Correlation/>
      <Execution ProcessID=""3732"" ThreadID=""4344""/>
      <Channel>Microsoft-Windows-Sysmon/Operational</Channel>
      <Computer>WinDev2309Eval</Computer>
      <Security UserID=""S-1-5-18""/>
    </System>
    <EventData>
      <Data Name=""RuleName"">T1060,RunKey</Data>
      <Data Name=""EventType"">DeleteValue</Data>
      <Data Name=""UtcTime"">2023-12-28 00:37:44.887</Data>
      <Data Name=""ProcessGuid"">{fda94052-c315-658c-7500-000000000c00}</Data>
      <Data Name=""ProcessId"">5620</Data>
      <Data Name=""Image"">C:\Windows\Explorer.EXE</Data>
      <Data Name=""TargetObject"">HKU\S-1-5-21-3832996301-1047793030-1114040027-1000\Software\Microsoft\Windows\CurrentVersion\RunOnce\Delete Cached Update Binary</Data>
      <Data Name=""User"">WINDEV2309EVAL\User</Data>
    </EventData>
    <RenderingInfo Culture=""en-US"">
      <Message>Registry object added or deleted:

RuleName: T1060,RunKey

EventType: DeleteValue

UtcTime: 2023-12-28 00:37:44.887

ProcessGuid: {fda94052-c315-658c-7500-000000000c00}

ProcessId: 5620

Image: C:\Windows\Explorer.EXE

TargetObject: HKU\S-1-5-21-3832996301-1047793030-1114040027-1000\Software\Microsoft\Windows\CurrentVersion\RunOnce\Delete Cached Update Binary

User: WINDEV2309EVAL\User</Message>
      <Level>Information</Level>
      <Task>Registry object added or deleted (rule: RegistryEvent)</Task>
      <Opcode>Info</Opcode>
    </RenderingInfo>
  </Event>
  
"
Microsoft-Windows-Sysmon/Operational,,,WinDev2309Eval,,,,,,,,,,22,9820,,,,C:\Users\User\AppData\Local\Microsoft\OneDrive\OneDrive.exe,,,0x8000000000000000,Information,,,"Dns query:

RuleName: -

UtcTime: 2023-12-28 00:37:42.924

ProcessGuid: {fda94052-c354-658c-cf00-000000000c00}

ProcessId: 8712

QueryName: oneclient.sfx.ms

QueryStatus: 0

QueryResults: type: 5 oneclient.sfx.ms.edgekey.net;type: 5 e9659.dspg.akamaiedge.net;::ffff:96.16.109.127;

Image: C:\Users\User\AppData\Local\Microsoft\OneDrive\OneDrive.exe

User: WINDEV2309EVAL\User",,Info,,,,,,,{fda94052-c354-658c-cf00-000000000c00},3732,8712,,,oneclient.sfx.ms,type: 5 oneclient.sfx.ms.edgekey.net;type: 5 e9659.dspg.akamaiedge.net;::ffff:96.16.109.127;,0,"
      ",-,,,,,,,,,,,,,,,2023-12-28T00:37:44.8051281Z,,,,,,,Dns query (rule: DnsQuery),,4396,WINDEV2309EVAL\User,S-1-5-18,2023-12-28 00:37:42.924,5,"<Event xmlns=""http://schemas.microsoft.com/win/2004/08/events/event"">
    <System>
      <Provider Name=""Microsoft-Windows-Sysmon"" Guid=""{5770385f-c22a-43e0-bf4c-06f5698ffbd9}""/>
      <EventID>22</EventID>
      <Version>5</Version>
      <Level>4</Level>
      <Task>22</Task>
      <Opcode>0</Opcode>
      <Keywords>0x8000000000000000</Keywords>
      <TimeCreated SystemTime=""2023-12-28T00:37:44.8051281Z""/>
      <EventRecordID>9820</EventRecordID>
      <Correlation/>
      <Execution ProcessID=""3732"" ThreadID=""4396""/>
      <Channel>Microsoft-Windows-Sysmon/Operational</Channel>
      <Computer>WinDev2309Eval</Computer>
      <Security UserID=""S-1-5-18""/>
    </System>
    <EventData>
      <Data Name=""RuleName"">-</Data>
      <Data Name=""UtcTime"">2023-12-28 00:37:42.924</Data>
      <Data Name=""ProcessGuid"">{fda94052-c354-658c-cf00-000000000c00}</Data>
      <Data Name=""ProcessId"">8712</Data>
      <Data Name=""QueryName"">oneclient.sfx.ms</Data>
      <Data Name=""QueryStatus"">0</Data>
      <Data Name=""QueryResults"">type: 5 oneclient.sfx.ms.edgekey.net;type: 5 e9659.dspg.akamaiedge.net;::ffff:96.16.109.127;</Data>
      <Data Name=""Image"">C:\Users\User\AppData\Local\Microsoft\OneDrive\OneDrive.exe</Data>
      <Data Name=""User"">WINDEV2309EVAL\User</Data>
    </EventData>
    <RenderingInfo Culture=""en-US"">
      <Message>Dns query:

RuleName: -

UtcTime: 2023-12-28 00:37:42.924

ProcessGuid: {fda94052-c354-658c-cf00-000000000c00}

ProcessId: 8712

QueryName: oneclient.sfx.ms

QueryStatus: 0

QueryResults: type: 5 oneclient.sfx.ms.edgekey.net;type: 5 e9659.dspg.akamaiedge.net;::ffff:96.16.109.127;

Image: C:\Users\User\AppData\Local\Microsoft\OneDrive\OneDrive.exe

User: WINDEV2309EVAL\User</Message>
      <Level>Information</Level>
      <Task>Dns query (rule: DnsQuery)</Task>
      <Opcode>Info</Opcode>
    </RenderingInfo>
  </Event>
  
"
Microsoft-Windows-Sysmon/Operational,,,WinDev2309Eval,,,,a96-16-109-127.deploy.static.akamaitechnologies.com,96.16.109.127,false,443,https,,3,9819,,,,C:\Users\User\AppData\Local\Microsoft\OneDrive\OneDrive.exe,true,,0x8000000000000000,Information,,,"Network connection detected:

RuleName: Usermode

UtcTime: 2023-12-28 00:37:42.916

ProcessGuid: {fda94052-c354-658c-cf00-000000000c00}

ProcessId: 8712

Image: C:\Users\User\AppData\Local\Microsoft\OneDrive\OneDrive.exe

User: WINDEV2309EVAL\User

Protocol: tcp

Initiated: true

SourceIsIpv6: false

SourceIp: 192.168.126.164

SourceHostname: WinDev2309Eval.localdomain

SourcePort: 49693

SourcePortName: -

DestinationIsIpv6: false

DestinationIp: 96.16.109.127

DestinationHostname: a96-16-109-127.deploy.static.akamaitechnologies.com

DestinationPort: 443

DestinationPortName: https",,Info,,,,,,,{fda94052-c354-658c-cf00-000000000c00},3732,8712,,tcp,,,,"
      ",Usermode,,WinDev2309Eval.localdomain,,192.168.126.164,false,49693,-,,,,,,,,2023-12-28T00:37:44.1667023Z,,,,,,,Network connection detected (rule: NetworkConnect),,4360,WINDEV2309EVAL\User,S-1-5-18,2023-12-28 00:37:42.916,5,"<Event xmlns=""http://schemas.microsoft.com/win/2004/08/events/event"">
    <System>
      <Provider Name=""Microsoft-Windows-Sysmon"" Guid=""{5770385f-c22a-43e0-bf4c-06f5698ffbd9}""/>
      <EventID>3</EventID>
      <Version>5</Version>
      <Level>4</Level>
      <Task>3</Task>
      <Opcode>0</Opcode>
      <Keywords>0x8000000000000000</Keywords>
      <TimeCreated SystemTime=""2023-12-28T00:37:44.1667023Z""/>
      <EventRecordID>9819</EventRecordID>
      <Correlation/>
      <Execution ProcessID=""3732"" ThreadID=""4360""/>
      <Channel>Microsoft-Windows-Sysmon/Operational</Channel>
      <Computer>WinDev2309Eval</Computer>
      <Security UserID=""S-1-5-18""/>
    </System>
    <EventData>
      <Data Name=""RuleName"">Usermode</Data>
      <Data Name=""UtcTime"">2023-12-28 00:37:42.916</Data>
      <Data Name=""ProcessGuid"">{fda94052-c354-658c-cf00-000000000c00}</Data>
      <Data Name=""ProcessId"">8712</Data>
      <Data Name=""Image"">C:\Users\User\AppData\Local\Microsoft\OneDrive\OneDrive.exe</Data>
      <Data Name=""User"">WINDEV2309EVAL\User</Data>
      <Data Name=""Protocol"">tcp</Data>
      <Data Name=""Initiated"">true</Data>
      <Data Name=""SourceIsIpv6"">false</Data>
      <Data Name=""SourceIp"">192.168.126.164</Data>
      <Data Name=""SourceHostname"">WinDev2309Eval.localdomain</Data>
      <Data Name=""SourcePort"">49693</Data>
      <Data Name=""SourcePortName"">-</Data>
      <Data Name=""DestinationIsIpv6"">false</Data>
      <Data Name=""DestinationIp"">96.16.109.127</Data>
      <Data Name=""DestinationHostname"">a96-16-109-127.deploy.static.akamaitechnologies.com</Data>
      <Data Name=""DestinationPort"">443</Data>
      <Data Name=""DestinationPortName"">https</Data>
    </EventData>
    <RenderingInfo Culture=""en-US"">
      <Message>Network connection detected:

RuleName: Usermode

UtcTime: 2023-12-28 00:37:42.916

ProcessGuid: {fda94052-c354-658c-cf00-000000000c00}

ProcessId: 8712

Image: C:\Users\User\AppData\Local\Microsoft\OneDrive\OneDrive.exe

User: WINDEV2309EVAL\User

Protocol: tcp

Initiated: true

SourceIsIpv6: false

SourceIp: 192.168.126.164

SourceHostname: WinDev2309Eval.localdomain

SourcePort: 49693

SourcePortName: -

DestinationIsIpv6: false

DestinationIp: 96.16.109.127

DestinationHostname: a96-16-109-127.deploy.static.akamaitechnologies.com

DestinationPort: 443

DestinationPortName: https</Message>
      <Level>Information</Level>
      <Task>Network connection detected (rule: NetworkConnect)</Task>
      <Opcode>Info</Opcode>
    </RenderingInfo>
  </Event>
  
"
Microsoft-Windows-Sysmon/Operational,,,WinDev2309Eval,,,,,,,,,120.0.2210.91,13,9818,SetValue,,,C:\Windows\System32\svchost.exe,,,0x8000000000000000,Information,,,"Registry value set:

RuleName: InvDB-Ver

EventType: SetValue

UtcTime: 2023-12-28 00:37:44.140

ProcessGuid: {fda94052-c311-658c-4200-000000000c00}

ProcessId: 3088

Image: C:\Windows\System32\svchost.exe

TargetObject: \REGISTRY\A\{be0f8b25-681d-c27d-71c4-0d5d3f982258}\Root\InventoryApplicationFile\msedgewebview2.e|efdfa22207c5c6dd\BinProductVersion

Details: 120.0.2210.91

User: NT AUTHORITY\SYSTEM",,Info,,,,,,,{fda94052-c311-658c-4200-000000000c00},3732,3088,,,,,,"
      ",InvDB-Ver,,,,,,,,,,,,,,,2023-12-28T00:37:44.1430237Z,,,\REGISTRY\A\{be0f8b25-681d-c27d-71c4-0d5d3f982258}\Root\InventoryApplicationFile\msedgewebview2.e|efdfa22207c5c6dd\BinProductVersion,,,,Registry value set (rule: RegistryEvent),,4344,NT AUTHORITY\SYSTEM,S-1-5-18,2023-12-28 00:37:44.140,2,"<Event xmlns=""http://schemas.microsoft.com/win/2004/08/events/event"">
    <System>
      <Provider Name=""Microsoft-Windows-Sysmon"" Guid=""{5770385f-c22a-43e0-bf4c-06f5698ffbd9}""/>
      <EventID>13</EventID>
      <Version>2</Version>
      <Level>4</Level>
      <Task>13</Task>
      <Opcode>0</Opcode>
      <Keywords>0x8000000000000000</Keywords>
      <TimeCreated SystemTime=""2023-12-28T00:37:44.1430237Z""/>
      <EventRecordID>9818</EventRecordID>
      <Correlation/>
      <Execution ProcessID=""3732"" ThreadID=""4344""/>
      <Channel>Microsoft-Windows-Sysmon/Operational</Channel>
      <Computer>WinDev2309Eval</Computer>
      <Security UserID=""S-1-5-18""/>
    </System>
    <EventData>
      <Data Name=""RuleName"">InvDB-Ver</Data>
      <Data Name=""EventType"">SetValue</Data>
      <Data Name=""UtcTime"">2023-12-28 00:37:44.140</Data>
      <Data Name=""ProcessGuid"">{fda94052-c311-658c-4200-000000000c00}</Data>
      <Data Name=""ProcessId"">3088</Data>
      <Data Name=""Image"">C:\Windows\System32\svchost.exe</Data>
      <Data Name=""TargetObject"">\REGISTRY\A\{be0f8b25-681d-c27d-71c4-0d5d3f982258}\Root\InventoryApplicationFile\msedgewebview2.e|efdfa22207c5c6dd\BinProductVersion</Data>
      <Data Name=""Details"">120.0.2210.91</Data>
      <Data Name=""User"">NT AUTHORITY\SYSTEM</Data>
    </EventData>
    <RenderingInfo Culture=""en-US"">
      <Message>Registry value set:

RuleName: InvDB-Ver

EventType: SetValue

UtcTime: 2023-12-28 00:37:44.140

ProcessGuid: {fda94052-c311-658c-4200-000000000c00}

ProcessId: 3088

Image: C:\Windows\System32\svchost.exe

TargetObject: \REGISTRY\A\{be0f8b25-681d-c27d-71c4-0d5d3f982258}\Root\InventoryApplicationFile\msedgewebview2.e|efdfa22207c5c6dd\BinProductVersion

Details: 120.0.2210.91

User: NT AUTHORITY\SYSTEM</Message>
      <Level>Information</Level>
      <Task>Registry value set (rule: RegistryEvent)</Task>
      <Opcode>Info</Opcode>
    </RenderingInfo>
  </Event>
  
"
Microsoft-Windows-Sysmon/Operational,,,WinDev2309Eval,,,,,,,,,12/20/2023 23:46:16,13,9817,SetValue,,,C:\Windows\System32\svchost.exe,,,0x8000000000000000,Information,,,"Registry value set:

RuleName: InvDB-CompileTimeClaim

EventType: SetValue

UtcTime: 2023-12-28 00:37:44.140

ProcessGuid: {fda94052-c311-658c-4200-000000000c00}

ProcessId: 3088

Image: C:\Windows\System32\svchost.exe

TargetObject: \REGISTRY\A\{be0f8b25-681d-c27d-71c4-0d5d3f982258}\Root\InventoryApplicationFile\msedgewebview2.e|efdfa22207c5c6dd\LinkDate

Details: 12/20/2023 23:46:16

User: NT AUTHORITY\SYSTEM",,Info,,,,,,,{fda94052-c311-658c-4200-000000000c00},3732,3088,,,,,,"
      ",InvDB-CompileTimeClaim,,,,,,,,,,,,,,,2023-12-28T00:37:44.1427599Z,,,\REGISTRY\A\{be0f8b25-681d-c27d-71c4-0d5d3f982258}\Root\InventoryApplicationFile\msedgewebview2.e|efdfa22207c5c6dd\LinkDate,,,,Registry value set (rule: RegistryEvent),,4344,NT AUTHORITY\SYSTEM,S-1-5-18,2023-12-28 00:37:44.140,2,"<Event xmlns=""http://schemas.microsoft.com/win/2004/08/events/event"">
    <System>
      <Provider Name=""Microsoft-Windows-Sysmon"" Guid=""{5770385f-c22a-43e0-bf4c-06f5698ffbd9}""/>
      <EventID>13</EventID>
      <Version>2</Version>
      <Level>4</Level>
      <Task>13</Task>
      <Opcode>0</Opcode>
      <Keywords>0x8000000000000000</Keywords>
      <TimeCreated SystemTime=""2023-12-28T00:37:44.1427599Z""/>
      <EventRecordID>9817</EventRecordID>
      <Correlation/>
      <Execution ProcessID=""3732"" ThreadID=""4344""/>
      <Channel>Microsoft-Windows-Sysmon/Operational</Channel>
      <Computer>WinDev2309Eval</Computer>
      <Security UserID=""S-1-5-18""/>
    </System>
    <EventData>
      <Data Name=""RuleName"">InvDB-CompileTimeClaim</Data>
      <Data Name=""EventType"">SetValue</Data>
      <Data Name=""UtcTime"">2023-12-28 00:37:44.140</Data>
      <Data Name=""ProcessGuid"">{fda94052-c311-658c-4200-000000000c00}</Data>
      <Data Name=""ProcessId"">3088</Data>
      <Data Name=""Image"">C:\Windows\System32\svchost.exe</Data>
      <Data Name=""TargetObject"">\REGISTRY\A\{be0f8b25-681d-c27d-71c4-0d5d3f982258}\Root\InventoryApplicationFile\msedgewebview2.e|efdfa22207c5c6dd\LinkDate</Data>
      <Data Name=""Details"">12/20/2023 23:46:16</Data>
      <Data Name=""User"">NT AUTHORITY\SYSTEM</Data>
    </EventData>
    <RenderingInfo Culture=""en-US"">
      <Message>Registry value set:

RuleName: InvDB-CompileTimeClaim

EventType: SetValue

UtcTime: 2023-12-28 00:37:44.140

ProcessGuid: {fda94052-c311-658c-4200-000000000c00}

ProcessId: 3088

Image: C:\Windows\System32\svchost.exe

TargetObject: \REGISTRY\A\{be0f8b25-681d-c27d-71c4-0d5d3f982258}\Root\InventoryApplicationFile\msedgewebview2.e|efdfa22207c5c6dd\LinkDate

Details: 12/20/2023 23:46:16

User: NT AUTHORITY\SYSTEM</Message>
      <Level>Information</Level>
      <Task>Registry value set (rule: RegistryEvent)</Task>
      <Opcode>Info</Opcode>
    </RenderingInfo>
  </Event>
  
"
Microsoft-Windows-Sysmon/Operational,,,WinDev2309Eval,,,,,,,,,microsoft corporation,13,9816,SetValue,,,C:\Windows\System32\svchost.exe,,,0x8000000000000000,Information,,,"Registry value set:

RuleName: InvDB-Pub

EventType: SetValue

UtcTime: 2023-12-28 00:37:44.140

ProcessGuid: {fda94052-c311-658c-4200-000000000c00}

ProcessId: 3088

Image: C:\Windows\System32\svchost.exe

TargetObject: \REGISTRY\A\{be0f8b25-681d-c27d-71c4-0d5d3f982258}\Root\InventoryApplicationFile\msedgewebview2.e|efdfa22207c5c6dd\Publisher

Details: microsoft corporation

User: NT AUTHORITY\SYSTEM",,Info,,,,,,,{fda94052-c311-658c-4200-000000000c00},3732,3088,,,,,,"
      ",InvDB-Pub,,,,,,,,,,,,,,,2023-12-28T00:37:44.1423544Z,,,\REGISTRY\A\{be0f8b25-681d-c27d-71c4-0d5d3f982258}\Root\InventoryApplicationFile\msedgewebview2.e|efdfa22207c5c6dd\Publisher,,,,Registry value set (rule: RegistryEvent),,4344,NT AUTHORITY\SYSTEM,S-1-5-18,2023-12-28 00:37:44.140,2,"<Event xmlns=""http://schemas.microsoft.com/win/2004/08/events/event"">
    <System>
      <Provider Name=""Microsoft-Windows-Sysmon"" Guid=""{5770385f-c22a-43e0-bf4c-06f5698ffbd9}""/>
      <EventID>13</EventID>
      <Version>2</Version>
      <Level>4</Level>
      <Task>13</Task>
      <Opcode>0</Opcode>
      <Keywords>0x8000000000000000</Keywords>
      <TimeCreated SystemTime=""2023-12-28T00:37:44.1423544Z""/>
      <EventRecordID>9816</EventRecordID>
      <Correlation/>
      <Execution ProcessID=""3732"" ThreadID=""4344""/>
      <Channel>Microsoft-Windows-Sysmon/Operational</Channel>
      <Computer>WinDev2309Eval</Computer>
      <Security UserID=""S-1-5-18""/>
    </System>
    <EventData>
      <Data Name=""RuleName"">InvDB-Pub</Data>
      <Data Name=""EventType"">SetValue</Data>
      <Data Name=""UtcTime"">2023-12-28 00:37:44.140</Data>
      <Data Name=""ProcessGuid"">{fda94052-c311-658c-4200-000000000c00}</Data>
      <Data Name=""ProcessId"">3088</Data>
      <Data Name=""Image"">C:\Windows\System32\svchost.exe</Data>
      <Data Name=""TargetObject"">\REGISTRY\A\{be0f8b25-681d-c27d-71c4-0d5d3f982258}\Root\InventoryApplicationFile\msedgewebview2.e|efdfa22207c5c6dd\Publisher</Data>
      <Data Name=""Details"">microsoft corporation</Data>
      <Data Name=""User"">NT AUTHORITY\SYSTEM</Data>
    </EventData>
    <RenderingInfo Culture=""en-US"">
      <Message>Registry value set:

RuleName: InvDB-Pub

EventType: SetValue

UtcTime: 2023-12-28 00:37:44.140

ProcessGuid: {fda94052-c311-658c-4200-000000000c00}

ProcessId: 3088

Image: C:\Windows\System32\svchost.exe

TargetObject: \REGISTRY\A\{be0f8b25-681d-c27d-71c4-0d5d3f982258}\Root\InventoryApplicationFile\msedgewebview2.e|efdfa22207c5c6dd\Publisher

Details: microsoft corporation

User: NT AUTHORITY\SYSTEM</Message>
      <Level>Information</Level>
      <Task>Registry value set (rule: RegistryEvent)</Task>
      <Opcode>Info</Opcode>
    </RenderingInfo>
  </Event>
  
"
Microsoft-Windows-Sysmon/Operational,,,WinDev2309Eval,,,,,,,,,c:\program files (x86)\microsoft\edgewebview\application\120.0.2210.91\msedgewebview2.exe,13,9815,SetValue,,,C:\Windows\System32\svchost.exe,,,0x8000000000000000,Information,,,"Registry value set:

RuleName: InvDB-Path

EventType: SetValue

UtcTime: 2023-12-28 00:37:44.140

ProcessGuid: {fda94052-c311-658c-4200-000000000c00}

ProcessId: 3088

Image: C:\Windows\System32\svchost.exe

TargetObject: \REGISTRY\A\{be0f8b25-681d-c27d-71c4-0d5d3f982258}\Root\InventoryApplicationFile\msedgewebview2.e|efdfa22207c5c6dd\LowerCaseLongPath

Details: c:\program files (x86)\microsoft\edgewebview\application\120.0.2210.91\msedgewebview2.exe

User: NT AUTHORITY\SYSTEM",,Info,,,,,,,{fda94052-c311-658c-4200-000000000c00},3732,3088,,,,,,"
      ",InvDB-Path,,,,,,,,,,,,,,,2023-12-28T00:37:44.1420511Z,,,\REGISTRY\A\{be0f8b25-681d-c27d-71c4-0d5d3f982258}\Root\InventoryApplicationFile\msedgewebview2.e|efdfa22207c5c6dd\LowerCaseLongPath,,,,Registry value set (rule: RegistryEvent),,4344,NT AUTHORITY\SYSTEM,S-1-5-18,2023-12-28 00:37:44.140,2,"<Event xmlns=""http://schemas.microsoft.com/win/2004/08/events/event"">
    <System>
      <Provider Name=""Microsoft-Windows-Sysmon"" Guid=""{5770385f-c22a-43e0-bf4c-06f5698ffbd9}""/>
      <EventID>13</EventID>
      <Version>2</Version>
      <Level>4</Level>
      <Task>13</Task>
      <Opcode>0</Opcode>
      <Keywords>0x8000000000000000</Keywords>
      <TimeCreated SystemTime=""2023-12-28T00:37:44.1420511Z""/>
      <EventRecordID>9815</EventRecordID>
      <Correlation/>
      <Execution ProcessID=""3732"" ThreadID=""4344""/>
      <Channel>Microsoft-Windows-Sysmon/Operational</Channel>
      <Computer>WinDev2309Eval</Computer>
      <Security UserID=""S-1-5-18""/>
    </System>
    <EventData>
      <Data Name=""RuleName"">InvDB-Path</Data>
      <Data Name=""EventType"">SetValue</Data>
      <Data Name=""UtcTime"">2023-12-28 00:37:44.140</Data>
      <Data Name=""ProcessGuid"">{fda94052-c311-658c-4200-000000000c00}</Data>
      <Data Name=""ProcessId"">3088</Data>
      <Data Name=""Image"">C:\Windows\System32\svchost.exe</Data>
      <Data Name=""TargetObject"">\REGISTRY\A\{be0f8b25-681d-c27d-71c4-0d5d3f982258}\Root\InventoryApplicationFile\msedgewebview2.e|efdfa22207c5c6dd\LowerCaseLongPath</Data>
      <Data Name=""Details"">c:\program files (x86)\microsoft\edgewebview\application\120.0.2210.91\msedgewebview2.exe</Data>
      <Data Name=""User"">NT AUTHORITY\SYSTEM</Data>
    </EventData>
    <RenderingInfo Culture=""en-US"">
      <Message>Registry value set:

RuleName: InvDB-Path

EventType: SetValue

UtcTime: 2023-12-28 00:37:44.140

ProcessGuid: {fda94052-c311-658c-4200-000000000c00}

ProcessId: 3088

Image: C:\Windows\System32\svchost.exe

TargetObject: \REGISTRY\A\{be0f8b25-681d-c27d-71c4-0d5d3f982258}\Root\InventoryApplicationFile\msedgewebview2.e|efdfa22207c5c6dd\LowerCaseLongPath

Details: c:\program files (x86)\microsoft\edgewebview\application\120.0.2210.91\msedgewebview2.exe

User: NT AUTHORITY\SYSTEM</Message>
      <Level>Information</Level>
      <Task>Registry value set (rule: RegistryEvent)</Task>
      <Opcode>Info</Opcode>
    </RenderingInfo>
  </Event>
  
"
Microsoft-Windows-Sysmon/Operational,"""C:\Program Files (x86)\Microsoft\EdgeWebView\Application\120.0.2210.91\msedgewebview2.exe"" --type=utility --utility-sub-type=storage.mojom.StorageService --lang=en-US --service-sandbox-type=service --noerrdialogs --user-data-dir=""C:\Users\User\AppData\Local\Microsoft\OneDrive\EBWebView"" --webview-exe-name=OneDrive.exe --webview-exe-version=23.246.1127.0002 --embedded-browser-webview=1 --embedded-browser-webview-dpi-awareness=1 --mojo-platform-channel-handle=2168 --field-trial-handle=1796,i,14134968885970845287,7508723881337082237,262144 --enable-features=MojoIpcz --disable-features=msEnhancedTrackingPreventionEnabled --variations-seed-version /prefetch:8 /pfhostedapp:b30934a6309ea7f8311c9c5ea2d20fb0cc786975",Microsoft Corporation,WinDev2309Eval,,C:\Program Files (x86)\Microsoft\EdgeWebView\Application\120.0.2210.91\,Microsoft Edge WebView2,,,,,,,1,9814,,120.0.2210.91,"MD5=8094151812FF45079C840986A0489C78,SHA256=6A4E8A5761C51840CE988C9241B514028A5E45FDB386B072DB0447E3961E3A06,IMPHASH=EA4CA1F8E3B3D9373D39C13FD1348A63",C:\Program Files (x86)\Microsoft\EdgeWebView\Application\120.0.2210.91\msedgewebview2.exe,,Low,0x8000000000000000,Information,{fda94052-c313-658c-9aab-030000000000},0x3ab9a,"Process Create:

RuleName: -

UtcTime: 2023-12-28 00:37:43.834

ProcessGuid: {fda94052-c357-658c-d400-000000000c00}

ProcessId: 9148

Image: C:\Program Files (x86)\Microsoft\EdgeWebView\Application\120.0.2210.91\msedgewebview2.exe

FileVersion: 120.0.2210.91

Description: Microsoft Edge WebView2

Product: Microsoft Edge WebView2

Company: Microsoft Corporation

OriginalFileName: msedgewebview2.exe

CommandLine: ""C:\Program Files (x86)\Microsoft\EdgeWebView\Application\120.0.2210.91\msedgewebview2.exe"" --type=utility --utility-sub-type=storage.mojom.StorageService --lang=en-US --service-sandbox-type=service --noerrdialogs --user-data-dir=""C:\Users\User\AppData\Local\Microsoft\OneDrive\EBWebView"" --webview-exe-name=OneDrive.exe --webview-exe-version=23.246.1127.0002 --embedded-browser-webview=1 --embedded-browser-webview-dpi-awareness=1 --mojo-platform-channel-handle=2168 --field-trial-handle=1796,i,14134968885970845287,7508723881337082237,262144 --enable-features=MojoIpcz --disable-features=msEnhancedTrackingPreventionEnabled --variations-seed-version /prefetch:8 /pfhostedapp:b30934a6309ea7f8311c9c5ea2d20fb0cc786975

CurrentDirectory: C:\Program Files (x86)\Microsoft\EdgeWebView\Application\120.0.2210.91\

User: WINDEV2309EVAL\User

LogonGuid: {fda94052-c313-658c-9aab-030000000000}

LogonId: 0x3AB9A

TerminalSessionId: 1

IntegrityLevel: Low

Hashes: MD5=8094151812FF45079C840986A0489C78,SHA256=6A4E8A5761C51840CE988C9241B514028A5E45FDB386B072DB0447E3961E3A06,IMPHASH=EA4CA1F8E3B3D9373D39C13FD1348A63

ParentProcessGuid: {fda94052-c357-658c-d000-000000000c00}

ParentProcessId: 8936

ParentImage: C:\Program Files (x86)\Microsoft\EdgeWebView\Application\120.0.2210.91\msedgewebview2.exe

ParentCommandLine: ""C:\Program Files (x86)\Microsoft\EdgeWebView\Application\120.0.2210.91\msedgewebview2.exe"" --embedded-browser-webview=1 --webview-exe-name=OneDrive.exe --webview-exe-version=23.246.1127.0002 --user-data-dir=""C:\Users\User\AppData\Local\Microsoft\OneDrive\EBWebView"" --noerrdialogs --embedded-browser-webview-dpi-awareness=1 --disable-features=msEnhancedTrackingPreventionEnabled --enable-features=MojoIpcz --mojo-named-platform-channel-pipe=8712.8928.14147300604867947205 /pfhostedapp:b30934a6309ea7f8311c9c5ea2d20fb0cc786975

ParentUser: WINDEV2309EVAL\User",,Info,msedgewebview2.exe,"""C:\Program Files (x86)\Microsoft\EdgeWebView\Application\120.0.2210.91\msedgewebview2.exe"" --embedded-browser-webview=1 --webview-exe-name=OneDrive.exe --webview-exe-version=23.246.1127.0002 --user-data-dir=""C:\Users\User\AppData\Local\Microsoft\OneDrive\EBWebView"" --noerrdialogs --embedded-browser-webview-dpi-awareness=1 --disable-features=msEnhancedTrackingPreventionEnabled --enable-features=MojoIpcz --mojo-named-platform-channel-pipe=8712.8928.14147300604867947205 /pfhostedapp:b30934a6309ea7f8311c9c5ea2d20fb0cc786975",C:\Program Files (x86)\Microsoft\EdgeWebView\Application\120.0.2210.91\msedgewebview2.exe,{fda94052-c357-658c-d000-000000000c00},8936,WINDEV2309EVAL\User,{fda94052-c357-658c-d400-000000000c00},3732,9148,Microsoft Edge WebView2,,,,,"
      ",-,,,,,,,,,,,,,,,2023-12-28T00:37:43.8862799Z,,,,,,,Process Create (rule: ProcessCreate),1,4344,WINDEV2309EVAL\User,S-1-5-18,2023-12-28 00:37:43.834,5,"<Event xmlns=""http://schemas.microsoft.com/win/2004/08/events/event"">
    <System>
      <Provider Name=""Microsoft-Windows-Sysmon"" Guid=""{5770385f-c22a-43e0-bf4c-06f5698ffbd9}""/>
      <EventID>1</EventID>
      <Version>5</Version>
      <Level>4</Level>
      <Task>1</Task>
      <Opcode>0</Opcode>
      <Keywords>0x8000000000000000</Keywords>
      <TimeCreated SystemTime=""2023-12-28T00:37:43.8862799Z""/>
      <EventRecordID>9814</EventRecordID>
      <Correlation/>
      <Execution ProcessID=""3732"" ThreadID=""4344""/>
      <Channel>Microsoft-Windows-Sysmon/Operational</Channel>
      <Computer>WinDev2309Eval</Computer>
      <Security UserID=""S-1-5-18""/>
    </System>
    <EventData>
      <Data Name=""RuleName"">-</Data>
      <Data Name=""UtcTime"">2023-12-28 00:37:43.834</Data>
      <Data Name=""ProcessGuid"">{fda94052-c357-658c-d400-000000000c00}</Data>
      <Data Name=""ProcessId"">9148</Data>
      <Data Name=""Image"">C:\Program Files (x86)\Microsoft\EdgeWebView\Application\120.0.2210.91\msedgewebview2.exe</Data>
      <Data Name=""FileVersion"">120.0.2210.91</Data>
      <Data Name=""Description"">Microsoft Edge WebView2</Data>
      <Data Name=""Product"">Microsoft Edge WebView2</Data>
      <Data Name=""Company"">Microsoft Corporation</Data>
      <Data Name=""OriginalFileName"">msedgewebview2.exe</Data>
      <Data Name=""CommandLine"">""C:\Program Files (x86)\Microsoft\EdgeWebView\Application\120.0.2210.91\msedgewebview2.exe"" --type=utility --utility-sub-type=storage.mojom.StorageService --lang=en-US --service-sandbox-type=service --noerrdialogs --user-data-dir=""C:\Users\User\AppData\Local\Microsoft\OneDrive\EBWebView"" --webview-exe-name=OneDrive.exe --webview-exe-version=23.246.1127.0002 --embedded-browser-webview=1 --embedded-browser-webview-dpi-awareness=1 --mojo-platform-channel-handle=2168 --field-trial-handle=1796,i,14134968885970845287,7508723881337082237,262144 --enable-features=MojoIpcz --disable-features=msEnhancedTrackingPreventionEnabled --variations-seed-version /prefetch:8 /pfhostedapp:b30934a6309ea7f8311c9c5ea2d20fb0cc786975</Data>
      <Data Name=""CurrentDirectory"">C:\Program Files (x86)\Microsoft\EdgeWebView\Application\120.0.2210.91\</Data>
      <Data Name=""User"">WINDEV2309EVAL\User</Data>
      <Data Name=""LogonGuid"">{fda94052-c313-658c-9aab-030000000000}</Data>
      <Data Name=""LogonId"">0x3ab9a</Data>
      <Data Name=""TerminalSessionId"">1</Data>
      <Data Name=""IntegrityLevel"">Low</Data>
      <Data Name=""Hashes"">MD5=8094151812FF45079C840986A0489C78,SHA256=6A4E8A5761C51840CE988C9241B514028A5E45FDB386B072DB0447E3961E3A06,IMPHASH=EA4CA1F8E3B3D9373D39C13FD1348A63</Data>
      <Data Name=""ParentProcessGuid"">{fda94052-c357-658c-d000-000000000c00}</Data>
      <Data Name=""ParentProcessId"">8936</Data>
      <Data Name=""ParentImage"">C:\Program Files (x86)\Microsoft\EdgeWebView\Application\120.0.2210.91\msedgewebview2.exe</Data>
      <Data Name=""ParentCommandLine"">""C:\Program Files (x86)\Microsoft\EdgeWebView\Application\120.0.2210.91\msedgewebview2.exe"" --embedded-browser-webview=1 --webview-exe-name=OneDrive.exe --webview-exe-version=23.246.1127.0002 --user-data-dir=""C:\Users\User\AppData\Local\Microsoft\OneDrive\EBWebView"" --noerrdialogs --embedded-browser-webview-dpi-awareness=1 --disable-features=msEnhancedTrackingPreventionEnabled --enable-features=MojoIpcz --mojo-named-platform-channel-pipe=8712.8928.14147300604867947205 /pfhostedapp:b30934a6309ea7f8311c9c5ea2d20fb0cc786975</Data>
      <Data Name=""ParentUser"">WINDEV2309EVAL\User</Data>
    </EventData>
    <RenderingInfo Culture=""en-US"">
      <Message>Process Create:

RuleName: -

UtcTime: 2023-12-28 00:37:43.834

ProcessGuid: {fda94052-c357-658c-d400-000000000c00}

ProcessId: 9148

Image: C:\Program Files (x86)\Microsoft\EdgeWebView\Application\120.0.2210.91\msedgewebview2.exe

FileVersion: 120.0.2210.91

Description: Microsoft Edge WebView2

Product: Microsoft Edge WebView2

Company: Microsoft Corporation

OriginalFileName: msedgewebview2.exe

CommandLine: ""C:\Program Files (x86)\Microsoft\EdgeWebView\Application\120.0.2210.91\msedgewebview2.exe"" --type=utility --utility-sub-type=storage.mojom.StorageService --lang=en-US --service-sandbox-type=service --noerrdialogs --user-data-dir=""C:\Users\User\AppData\Local\Microsoft\OneDrive\EBWebView"" --webview-exe-name=OneDrive.exe --webview-exe-version=23.246.1127.0002 --embedded-browser-webview=1 --embedded-browser-webview-dpi-awareness=1 --mojo-platform-channel-handle=2168 --field-trial-handle=1796,i,14134968885970845287,7508723881337082237,262144 --enable-features=MojoIpcz --disable-features=msEnhancedTrackingPreventionEnabled --variations-seed-version /prefetch:8 /pfhostedapp:b30934a6309ea7f8311c9c5ea2d20fb0cc786975

CurrentDirectory: C:\Program Files (x86)\Microsoft\EdgeWebView\Application\120.0.2210.91\

User: WINDEV2309EVAL\User

LogonGuid: {fda94052-c313-658c-9aab-030000000000}

LogonId: 0x3AB9A

TerminalSessionId: 1

IntegrityLevel: Low

Hashes: MD5=8094151812FF45079C840986A0489C78,SHA256=6A4E8A5761C51840CE988C9241B514028A5E45FDB386B072DB0447E3961E3A06,IMPHASH=EA4CA1F8E3B3D9373D39C13FD1348A63

ParentProcessGuid: {fda94052-c357-658c-d000-000000000c00}

ParentProcessId: 8936

ParentImage: C:\Program Files (x86)\Microsoft\EdgeWebView\Application\120.0.2210.91\msedgewebview2.exe

ParentCommandLine: ""C:\Program Files (x86)\Microsoft\EdgeWebView\Application\120.0.2210.91\msedgewebview2.exe"" --embedded-browser-webview=1 --webview-exe-name=OneDrive.exe --webview-exe-version=23.246.1127.0002 --user-data-dir=""C:\Users\User\AppData\Local\Microsoft\OneDrive\EBWebView"" --noerrdialogs --embedded-browser-webview-dpi-awareness=1 --disable-features=msEnhancedTrackingPreventionEnabled --enable-features=MojoIpcz --mojo-named-platform-channel-pipe=8712.8928.14147300604867947205 /pfhostedapp:b30934a6309ea7f8311c9c5ea2d20fb0cc786975

ParentUser: WINDEV2309EVAL\User</Message>
      <Level>Information</Level>
      <Task>Process Create (rule: ProcessCreate)</Task>
      <Opcode>Info</Opcode>
    </RenderingInfo>
  </Event>
  
"
