Microsoft-Windows-Sysmon/Operational,,,WinDev2309Eval,,,,,,,,,,8,9464,,,,,,,0x8000000000000000,Information,,,"CreateRemoteThread detected:

RuleName: -

UtcTime: 2023-12-28 00:35:58.056

SourceProcessGuid: {fda94052-34eb-658d-0600-000000000b00}

SourceProcessId: 544

SourceImage: <unknown process>

TargetProcessGuid: {fda94052-34f2-658d-2a00-000000000b00}

TargetProcessId: 1928

TargetImage: C:\Windows\system32\svchost.exe

NewThreadId: 6020

StartAddress: 0x00007FFC70566B40

StartModule: C:\Windows\System32\KERNELBASE.dll

StartFunction: CtrlRoutine

SourceUser: NT AUTHORITY\SYSTEM

TargetUser: NT AUTHORITY\NETWORK SERVICE",6020,Info,,,,,,,,7044,,,,,,,"
      ",-,,,<unknown process>,,,,,{fda94052-34eb-658d-0600-000000000b00},544,NT AUTHORITY\SYSTEM,0x00007FFC70566B40,CtrlRoutine,C:\Windows\System32\KERNELBASE.dll,,2023-12-28T00:35:58.1082622Z,,C:\Windows\system32\svchost.exe,,{fda94052-34f2-658d-2a00-000000000b00},1928,NT AUTHORITY\NETWORK SERVICE,CreateRemoteThread detected (rule: CreateRemoteThread),,6672,,S-1-5-18,2023-12-28 00:35:58.056,2,"<Event xmlns=""http://schemas.microsoft.com/win/2004/08/events/event"">
    <System>
      <Provider Name=""Microsoft-Windows-Sysmon"" Guid=""{5770385f-c22a-43e0-bf4c-06f5698ffbd9}""/>
      <EventID>8</EventID>
      <Version>2</Version>
      <Level>4</Level>
      <Task>8</Task>
      <Opcode>0</Opcode>
      <Keywords>0x8000000000000000</Keywords>
      <TimeCreated SystemTime=""2023-12-28T00:35:58.1082622Z""/>
      <EventRecordID>9464</EventRecordID>
      <Correlation/>
      <Execution ProcessID=""7044"" ThreadID=""6672""/>
      <Channel>Microsoft-Windows-Sysmon/Operational</Channel>
      <Computer>WinDev2309Eval</Computer>
      <Security UserID=""S-1-5-18""/>
    </System>
    <EventData>
      <Data Name=""RuleName"">-</Data>
      <Data Name=""UtcTime"">2023-12-28 00:35:58.056</Data>
      <Data Name=""SourceProcessGuid"">{fda94052-34eb-658d-0600-000000000b00}</Data>
      <Data Name=""SourceProcessId"">544</Data>
      <Data Name=""SourceImage"">&lt;unknown process&gt;</Data>
      <Data Name=""TargetProcessGuid"">{fda94052-34f2-658d-2a00-000000000b00}</Data>
      <Data Name=""TargetProcessId"">1928</Data>
      <Data Name=""TargetImage"">C:\Windows\system32\svchost.exe</Data>
      <Data Name=""NewThreadId"">6020</Data>
      <Data Name=""StartAddress"">0x00007FFC70566B40</Data>
      <Data Name=""StartModule"">C:\Windows\System32\KERNELBASE.dll</Data>
      <Data Name=""StartFunction"">CtrlRoutine</Data>
      <Data Name=""SourceUser"">NT AUTHORITY\SYSTEM</Data>
      <Data Name=""TargetUser"">NT AUTHORITY\NETWORK SERVICE</Data>
    </EventData>
    <RenderingInfo Culture=""en-US"">
      <Message>CreateRemoteThread detected:

RuleName: -

UtcTime: 2023-12-28 00:35:58.056

SourceProcessGuid: {fda94052-34eb-658d-0600-000000000b00}

SourceProcessId: 544

SourceImage: &lt;unknown process&gt;

TargetProcessGuid: {fda94052-34f2-658d-2a00-000000000b00}

TargetProcessId: 1928

TargetImage: C:\Windows\system32\svchost.exe

NewThreadId: 6020

StartAddress: 0x00007FFC70566B40

StartModule: C:\Windows\System32\KERNELBASE.dll

StartFunction: CtrlRoutine

SourceUser: NT AUTHORITY\SYSTEM

TargetUser: NT AUTHORITY\NETWORK SERVICE</Message>
      <Level>Information</Level>
      <Task>CreateRemoteThread detected (rule: CreateRemoteThread)</Task>
      <Opcode>Info</Opcode>
    </RenderingInfo>
  </Event>
  
"
Microsoft-Windows-Sysmon/Operational,,,WinDev2309Eval,,,,,,,,,,8,9463,,,,,,,0x8000000000000000,Information,,,"CreateRemoteThread detected:

RuleName: -

UtcTime: 2023-12-28 00:35:58.056

SourceProcessGuid: {fda94052-34eb-658d-0600-000000000b00}

SourceProcessId: 544

SourceImage: <unknown process>

TargetProcessGuid: {fda94052-34ec-658d-1700-000000000b00}

TargetProcessId: 1252

TargetImage: C:\Windows\system32\svchost.exe

NewThreadId: 5352

StartAddress: 0x00007FFC70566B40

StartModule: C:\Windows\System32\KERNELBASE.dll

StartFunction: CtrlRoutine

SourceUser: NT AUTHORITY\SYSTEM

TargetUser: NT AUTHORITY\LOCAL SERVICE",5352,Info,,,,,,,,7044,,,,,,,"
      ",-,,,<unknown process>,,,,,{fda94052-34eb-658d-0600-000000000b00},544,NT AUTHORITY\SYSTEM,0x00007FFC70566B40,CtrlRoutine,C:\Windows\System32\KERNELBASE.dll,,2023-12-28T00:35:58.1075647Z,,C:\Windows\system32\svchost.exe,,{fda94052-34ec-658d-1700-000000000b00},1252,NT AUTHORITY\LOCAL SERVICE,CreateRemoteThread detected (rule: CreateRemoteThread),,6672,,S-1-5-18,2023-12-28 00:35:58.056,2,"<Event xmlns=""http://schemas.microsoft.com/win/2004/08/events/event"">
    <System>
      <Provider Name=""Microsoft-Windows-Sysmon"" Guid=""{5770385f-c22a-43e0-bf4c-06f5698ffbd9}""/>
      <EventID>8</EventID>
      <Version>2</Version>
      <Level>4</Level>
      <Task>8</Task>
      <Opcode>0</Opcode>
      <Keywords>0x8000000000000000</Keywords>
      <TimeCreated SystemTime=""2023-12-28T00:35:58.1075647Z""/>
      <EventRecordID>9463</EventRecordID>
      <Correlation/>
      <Execution ProcessID=""7044"" ThreadID=""6672""/>
      <Channel>Microsoft-Windows-Sysmon/Operational</Channel>
      <Computer>WinDev2309Eval</Computer>
      <Security UserID=""S-1-5-18""/>
    </System>
    <EventData>
      <Data Name=""RuleName"">-</Data>
      <Data Name=""UtcTime"">2023-12-28 00:35:58.056</Data>
      <Data Name=""SourceProcessGuid"">{fda94052-34eb-658d-0600-000000000b00}</Data>
      <Data Name=""SourceProcessId"">544</Data>
      <Data Name=""SourceImage"">&lt;unknown process&gt;</Data>
      <Data Name=""TargetProcessGuid"">{fda94052-34ec-658d-1700-000000000b00}</Data>
      <Data Name=""TargetProcessId"">1252</Data>
      <Data Name=""TargetImage"">C:\Windows\system32\svchost.exe</Data>
      <Data Name=""NewThreadId"">5352</Data>
      <Data Name=""StartAddress"">0x00007FFC70566B40</Data>
      <Data Name=""StartModule"">C:\Windows\System32\KERNELBASE.dll</Data>
      <Data Name=""StartFunction"">CtrlRoutine</Data>
      <Data Name=""SourceUser"">NT AUTHORITY\SYSTEM</Data>
      <Data Name=""TargetUser"">NT AUTHORITY\LOCAL SERVICE</Data>
    </EventData>
    <RenderingInfo Culture=""en-US"">
      <Message>CreateRemoteThread detected:

RuleName: -

UtcTime: 2023-12-28 00:35:58.056

SourceProcessGuid: {fda94052-34eb-658d-0600-000000000b00}

SourceProcessId: 544

SourceImage: &lt;unknown process&gt;

TargetProcessGuid: {fda94052-34ec-658d-1700-000000000b00}

TargetProcessId: 1252

TargetImage: C:\Windows\system32\svchost.exe

NewThreadId: 5352

StartAddress: 0x00007FFC70566B40

StartModule: C:\Windows\System32\KERNELBASE.dll

StartFunction: CtrlRoutine

SourceUser: NT AUTHORITY\SYSTEM

TargetUser: NT AUTHORITY\LOCAL SERVICE</Message>
      <Level>Information</Level>
      <Task>CreateRemoteThread detected (rule: CreateRemoteThread)</Task>
      <Opcode>Info</Opcode>
    </RenderingInfo>
  </Event>
  
"
Microsoft-Windows-Sysmon/Operational,,,WinDev2309Eval,,,,,,,,,,8,9462,,,,,,,0x8000000000000000,Information,,,"CreateRemoteThread detected:

RuleName: -

UtcTime: 2023-12-28 00:35:58.056

SourceProcessGuid: {fda94052-34eb-658d-0600-000000000b00}

SourceProcessId: 544

SourceImage: <unknown process>

TargetProcessGuid: {fda94052-34f2-658d-2200-000000000b00}

TargetProcessId: 1656

TargetImage: C:\Windows\system32\svchost.exe

NewThreadId: 8

StartAddress: 0x00007FFC70566B40

StartModule: C:\Windows\System32\KERNELBASE.dll

StartFunction: CtrlRoutine

SourceUser: NT AUTHORITY\SYSTEM

TargetUser: NT AUTHORITY\LOCAL SERVICE",8,Info,,,,,,,,7044,,,,,,,"
      ",-,,,<unknown process>,,,,,{fda94052-34eb-658d-0600-000000000b00},544,NT AUTHORITY\SYSTEM,0x00007FFC70566B40,CtrlRoutine,C:\Windows\System32\KERNELBASE.dll,,2023-12-28T00:35:58.1024512Z,,C:\Windows\system32\svchost.exe,,{fda94052-34f2-658d-2200-000000000b00},1656,NT AUTHORITY\LOCAL SERVICE,CreateRemoteThread detected (rule: CreateRemoteThread),,6672,,S-1-5-18,2023-12-28 00:35:58.056,2,"<Event xmlns=""http://schemas.microsoft.com/win/2004/08/events/event"">
    <System>
      <Provider Name=""Microsoft-Windows-Sysmon"" Guid=""{5770385f-c22a-43e0-bf4c-06f5698ffbd9}""/>
      <EventID>8</EventID>
      <Version>2</Version>
      <Level>4</Level>
      <Task>8</Task>
      <Opcode>0</Opcode>
      <Keywords>0x8000000000000000</Keywords>
      <TimeCreated SystemTime=""2023-12-28T00:35:58.1024512Z""/>
      <EventRecordID>9462</EventRecordID>
      <Correlation/>
      <Execution ProcessID=""7044"" ThreadID=""6672""/>
      <Channel>Microsoft-Windows-Sysmon/Operational</Channel>
      <Computer>WinDev2309Eval</Computer>
      <Security UserID=""S-1-5-18""/>
    </System>
    <EventData>
      <Data Name=""RuleName"">-</Data>
      <Data Name=""UtcTime"">2023-12-28 00:35:58.056</Data>
      <Data Name=""SourceProcessGuid"">{fda94052-34eb-658d-0600-000000000b00}</Data>
      <Data Name=""SourceProcessId"">544</Data>
      <Data Name=""SourceImage"">&lt;unknown process&gt;</Data>
      <Data Name=""TargetProcessGuid"">{fda94052-34f2-658d-2200-000000000b00}</Data>
      <Data Name=""TargetProcessId"">1656</Data>
      <Data Name=""TargetImage"">C:\Windows\system32\svchost.exe</Data>
      <Data Name=""NewThreadId"">8</Data>
      <Data Name=""StartAddress"">0x00007FFC70566B40</Data>
      <Data Name=""StartModule"">C:\Windows\System32\KERNELBASE.dll</Data>
      <Data Name=""StartFunction"">CtrlRoutine</Data>
      <Data Name=""SourceUser"">NT AUTHORITY\SYSTEM</Data>
      <Data Name=""TargetUser"">NT AUTHORITY\LOCAL SERVICE</Data>
    </EventData>
    <RenderingInfo Culture=""en-US"">
      <Message>CreateRemoteThread detected:

RuleName: -

UtcTime: 2023-12-28 00:35:58.056

SourceProcessGuid: {fda94052-34eb-658d-0600-000000000b00}

SourceProcessId: 544

SourceImage: &lt;unknown process&gt;

TargetProcessGuid: {fda94052-34f2-658d-2200-000000000b00}

TargetProcessId: 1656

TargetImage: C:\Windows\system32\svchost.exe

NewThreadId: 8

StartAddress: 0x00007FFC70566B40

StartModule: C:\Windows\System32\KERNELBASE.dll

StartFunction: CtrlRoutine

SourceUser: NT AUTHORITY\SYSTEM

TargetUser: NT AUTHORITY\LOCAL SERVICE</Message>
      <Level>Information</Level>
      <Task>CreateRemoteThread detected (rule: CreateRemoteThread)</Task>
      <Opcode>Info</Opcode>
    </RenderingInfo>
  </Event>
  
"
Microsoft-Windows-Sysmon/Operational,,,WinDev2309Eval,,,,,,,,,,8,9461,,,,,,,0x8000000000000000,Information,,,"CreateRemoteThread detected:

RuleName: -

UtcTime: 2023-12-28 00:35:58.056

SourceProcessGuid: {fda94052-34eb-658d-0600-000000000b00}

SourceProcessId: 544

SourceImage: <unknown process>

TargetProcessGuid: {fda94052-34f0-658d-1d00-000000000b00}

TargetProcessId: 1508

TargetImage: C:\Windows\System32\svchost.exe

NewThreadId: 3288

StartAddress: 0x00007FFC70566B40

StartModule: C:\Windows\System32\KERNELBASE.dll

StartFunction: CtrlRoutine

SourceUser: NT AUTHORITY\SYSTEM

TargetUser: NT AUTHORITY\LOCAL SERVICE",3288,Info,,,,,,,,7044,,,,,,,"
      ",-,,,<unknown process>,,,,,{fda94052-34eb-658d-0600-000000000b00},544,NT AUTHORITY\SYSTEM,0x00007FFC70566B40,CtrlRoutine,C:\Windows\System32\KERNELBASE.dll,,2023-12-28T00:35:58.1019332Z,,C:\Windows\System32\svchost.exe,,{fda94052-34f0-658d-1d00-000000000b00},1508,NT AUTHORITY\LOCAL SERVICE,CreateRemoteThread detected (rule: CreateRemoteThread),,6672,,S-1-5-18,2023-12-28 00:35:58.056,2,"<Event xmlns=""http://schemas.microsoft.com/win/2004/08/events/event"">
    <System>
      <Provider Name=""Microsoft-Windows-Sysmon"" Guid=""{5770385f-c22a-43e0-bf4c-06f5698ffbd9}""/>
      <EventID>8</EventID>
      <Version>2</Version>
      <Level>4</Level>
      <Task>8</Task>
      <Opcode>0</Opcode>
      <Keywords>0x8000000000000000</Keywords>
      <TimeCreated SystemTime=""2023-12-28T00:35:58.1019332Z""/>
      <EventRecordID>9461</EventRecordID>
      <Correlation/>
      <Execution ProcessID=""7044"" ThreadID=""6672""/>
      <Channel>Microsoft-Windows-Sysmon/Operational</Channel>
      <Computer>WinDev2309Eval</Computer>
      <Security UserID=""S-1-5-18""/>
    </System>
    <EventData>
      <Data Name=""RuleName"">-</Data>
      <Data Name=""UtcTime"">2023-12-28 00:35:58.056</Data>
      <Data Name=""SourceProcessGuid"">{fda94052-34eb-658d-0600-000000000b00}</Data>
      <Data Name=""SourceProcessId"">544</Data>
      <Data Name=""SourceImage"">&lt;unknown process&gt;</Data>
      <Data Name=""TargetProcessGuid"">{fda94052-34f0-658d-1d00-000000000b00}</Data>
      <Data Name=""TargetProcessId"">1508</Data>
      <Data Name=""TargetImage"">C:\Windows\System32\svchost.exe</Data>
      <Data Name=""NewThreadId"">3288</Data>
      <Data Name=""StartAddress"">0x00007FFC70566B40</Data>
      <Data Name=""StartModule"">C:\Windows\System32\KERNELBASE.dll</Data>
      <Data Name=""StartFunction"">CtrlRoutine</Data>
      <Data Name=""SourceUser"">NT AUTHORITY\SYSTEM</Data>
      <Data Name=""TargetUser"">NT AUTHORITY\LOCAL SERVICE</Data>
    </EventData>
    <RenderingInfo Culture=""en-US"">
      <Message>CreateRemoteThread detected:

RuleName: -

UtcTime: 2023-12-28 00:35:58.056

SourceProcessGuid: {fda94052-34eb-658d-0600-000000000b00}

SourceProcessId: 544

SourceImage: &lt;unknown process&gt;

TargetProcessGuid: {fda94052-34f0-658d-1d00-000000000b00}

TargetProcessId: 1508

TargetImage: C:\Windows\System32\svchost.exe

NewThreadId: 3288

StartAddress: 0x00007FFC70566B40

StartModule: C:\Windows\System32\KERNELBASE.dll

StartFunction: CtrlRoutine

SourceUser: NT AUTHORITY\SYSTEM

TargetUser: NT AUTHORITY\LOCAL SERVICE</Message>
      <Level>Information</Level>
      <Task>CreateRemoteThread detected (rule: CreateRemoteThread)</Task>
      <Opcode>Info</Opcode>
    </RenderingInfo>
  </Event>
  
"
Microsoft-Windows-Sysmon/Operational,,,WinDev2309Eval,,,,,,,,,,8,9460,,,,,,,0x8000000000000000,Information,,,"CreateRemoteThread detected:

RuleName: -

UtcTime: 2023-12-28 00:35:58.056

SourceProcessGuid: {fda94052-34eb-658d-0600-000000000b00}

SourceProcessId: 544

SourceImage: <unknown process>

TargetProcessGuid: {fda94052-34f0-658d-1c00-000000000b00}

TargetProcessId: 1460

TargetImage: C:\Windows\System32\svchost.exe

NewThreadId: 6140

StartAddress: 0x00007FFC70566B40

StartModule: C:\Windows\System32\KERNELBASE.dll

StartFunction: CtrlRoutine

SourceUser: NT AUTHORITY\SYSTEM

TargetUser: NT AUTHORITY\SYSTEM",6140,Info,,,,,,,,7044,,,,,,,"
      ",-,,,<unknown process>,,,,,{fda94052-34eb-658d-0600-000000000b00},544,NT AUTHORITY\SYSTEM,0x00007FFC70566B40,CtrlRoutine,C:\Windows\System32\KERNELBASE.dll,,2023-12-28T00:35:58.1012593Z,,C:\Windows\System32\svchost.exe,,{fda94052-34f0-658d-1c00-000000000b00},1460,NT AUTHORITY\SYSTEM,CreateRemoteThread detected (rule: CreateRemoteThread),,6672,,S-1-5-18,2023-12-28 00:35:58.056,2,"<Event xmlns=""http://schemas.microsoft.com/win/2004/08/events/event"">
    <System>
      <Provider Name=""Microsoft-Windows-Sysmon"" Guid=""{5770385f-c22a-43e0-bf4c-06f5698ffbd9}""/>
      <EventID>8</EventID>
      <Version>2</Version>
      <Level>4</Level>
      <Task>8</Task>
      <Opcode>0</Opcode>
      <Keywords>0x8000000000000000</Keywords>
      <TimeCreated SystemTime=""2023-12-28T00:35:58.1012593Z""/>
      <EventRecordID>9460</EventRecordID>
      <Correlation/>
      <Execution ProcessID=""7044"" ThreadID=""6672""/>
      <Channel>Microsoft-Windows-Sysmon/Operational</Channel>
      <Computer>WinDev2309Eval</Computer>
      <Security UserID=""S-1-5-18""/>
    </System>
    <EventData>
      <Data Name=""RuleName"">-</Data>
      <Data Name=""UtcTime"">2023-12-28 00:35:58.056</Data>
      <Data Name=""SourceProcessGuid"">{fda94052-34eb-658d-0600-000000000b00}</Data>
      <Data Name=""SourceProcessId"">544</Data>
      <Data Name=""SourceImage"">&lt;unknown process&gt;</Data>
      <Data Name=""TargetProcessGuid"">{fda94052-34f0-658d-1c00-000000000b00}</Data>
      <Data Name=""TargetProcessId"">1460</Data>
      <Data Name=""TargetImage"">C:\Windows\System32\svchost.exe</Data>
      <Data Name=""NewThreadId"">6140</Data>
      <Data Name=""StartAddress"">0x00007FFC70566B40</Data>
      <Data Name=""StartModule"">C:\Windows\System32\KERNELBASE.dll</Data>
      <Data Name=""StartFunction"">CtrlRoutine</Data>
      <Data Name=""SourceUser"">NT AUTHORITY\SYSTEM</Data>
      <Data Name=""TargetUser"">NT AUTHORITY\SYSTEM</Data>
    </EventData>
    <RenderingInfo Culture=""en-US"">
      <Message>CreateRemoteThread detected:

RuleName: -

UtcTime: 2023-12-28 00:35:58.056

SourceProcessGuid: {fda94052-34eb-658d-0600-000000000b00}

SourceProcessId: 544

SourceImage: &lt;unknown process&gt;

TargetProcessGuid: {fda94052-34f0-658d-1c00-000000000b00}

TargetProcessId: 1460

TargetImage: C:\Windows\System32\svchost.exe

NewThreadId: 6140

StartAddress: 0x00007FFC70566B40

StartModule: C:\Windows\System32\KERNELBASE.dll

StartFunction: CtrlRoutine

SourceUser: NT AUTHORITY\SYSTEM

TargetUser: NT AUTHORITY\SYSTEM</Message>
      <Level>Information</Level>
      <Task>CreateRemoteThread detected (rule: CreateRemoteThread)</Task>
      <Opcode>Info</Opcode>
    </RenderingInfo>
  </Event>
  
"
Microsoft-Windows-Sysmon/Operational,,,WinDev2309Eval,,,,,,,,,,8,9459,,,,,,,0x8000000000000000,Information,,,"CreateRemoteThread detected:

RuleName: -

UtcTime: 2023-12-28 00:35:58.056

SourceProcessGuid: {fda94052-34eb-658d-0600-000000000b00}

SourceProcessId: 544

SourceImage: <unknown process>

TargetProcessGuid: {fda94052-34ec-658d-1600-000000000b00}

TargetProcessId: 1152

TargetImage: C:\Windows\system32\svchost.exe

NewThreadId: 3168

StartAddress: 0x00007FFC70566B40

StartModule: C:\Windows\System32\KERNELBASE.dll

StartFunction: CtrlRoutine

SourceUser: NT AUTHORITY\SYSTEM

TargetUser: NT AUTHORITY\LOCAL SERVICE",3168,Info,,,,,,,,7044,,,,,,,"
      ",-,,,<unknown process>,,,,,{fda94052-34eb-658d-0600-000000000b00},544,NT AUTHORITY\SYSTEM,0x00007FFC70566B40,CtrlRoutine,C:\Windows\System32\KERNELBASE.dll,,2023-12-28T00:35:58.1003144Z,,C:\Windows\system32\svchost.exe,,{fda94052-34ec-658d-1600-000000000b00},1152,NT AUTHORITY\LOCAL SERVICE,CreateRemoteThread detected (rule: CreateRemoteThread),,6672,,S-1-5-18,2023-12-28 00:35:58.056,2,"<Event xmlns=""http://schemas.microsoft.com/win/2004/08/events/event"">
    <System>
      <Provider Name=""Microsoft-Windows-Sysmon"" Guid=""{5770385f-c22a-43e0-bf4c-06f5698ffbd9}""/>
      <EventID>8</EventID>
      <Version>2</Version>
      <Level>4</Level>
      <Task>8</Task>
      <Opcode>0</Opcode>
      <Keywords>0x8000000000000000</Keywords>
      <TimeCreated SystemTime=""2023-12-28T00:35:58.1003144Z""/>
      <EventRecordID>9459</EventRecordID>
      <Correlation/>
      <Execution ProcessID=""7044"" ThreadID=""6672""/>
      <Channel>Microsoft-Windows-Sysmon/Operational</Channel>
      <Computer>WinDev2309Eval</Computer>
      <Security UserID=""S-1-5-18""/>
    </System>
    <EventData>
      <Data Name=""RuleName"">-</Data>
      <Data Name=""UtcTime"">2023-12-28 00:35:58.056</Data>
      <Data Name=""SourceProcessGuid"">{fda94052-34eb-658d-0600-000000000b00}</Data>
      <Data Name=""SourceProcessId"">544</Data>
      <Data Name=""SourceImage"">&lt;unknown process&gt;</Data>
      <Data Name=""TargetProcessGuid"">{fda94052-34ec-658d-1600-000000000b00}</Data>
      <Data Name=""TargetProcessId"">1152</Data>
      <Data Name=""TargetImage"">C:\Windows\system32\svchost.exe</Data>
      <Data Name=""NewThreadId"">3168</Data>
      <Data Name=""StartAddress"">0x00007FFC70566B40</Data>
      <Data Name=""StartModule"">C:\Windows\System32\KERNELBASE.dll</Data>
      <Data Name=""StartFunction"">CtrlRoutine</Data>
      <Data Name=""SourceUser"">NT AUTHORITY\SYSTEM</Data>
      <Data Name=""TargetUser"">NT AUTHORITY\LOCAL SERVICE</Data>
    </EventData>
    <RenderingInfo Culture=""en-US"">
      <Message>CreateRemoteThread detected:

RuleName: -

UtcTime: 2023-12-28 00:35:58.056

SourceProcessGuid: {fda94052-34eb-658d-0600-000000000b00}

SourceProcessId: 544

SourceImage: &lt;unknown process&gt;

TargetProcessGuid: {fda94052-34ec-658d-1600-000000000b00}

TargetProcessId: 1152

TargetImage: C:\Windows\system32\svchost.exe

NewThreadId: 3168

StartAddress: 0x00007FFC70566B40

StartModule: C:\Windows\System32\KERNELBASE.dll

StartFunction: CtrlRoutine

SourceUser: NT AUTHORITY\SYSTEM

TargetUser: NT AUTHORITY\LOCAL SERVICE</Message>
      <Level>Information</Level>
      <Task>CreateRemoteThread detected (rule: CreateRemoteThread)</Task>
      <Opcode>Info</Opcode>
    </RenderingInfo>
  </Event>
  
"
Microsoft-Windows-Sysmon/Operational,,,WinDev2309Eval,,,,,,,,,,8,9458,,,,,,,0x8000000000000000,Information,,,"CreateRemoteThread detected:

RuleName: -

UtcTime: 2023-12-28 00:35:58.056

SourceProcessGuid: {fda94052-34eb-658d-0600-000000000b00}

SourceProcessId: 544

SourceImage: <unknown process>

TargetProcessGuid: {fda94052-34ec-658d-1100-000000000b00}

TargetProcessId: 516

TargetImage: C:\Windows\system32\svchost.exe

NewThreadId: 7952

StartAddress: 0x00007FFC70566B40

StartModule: C:\Windows\System32\KERNELBASE.dll

StartFunction: CtrlRoutine

SourceUser: NT AUTHORITY\SYSTEM

TargetUser: NT AUTHORITY\SYSTEM",7952,Info,,,,,,,,7044,,,,,,,"
      ",-,,,<unknown process>,,,,,{fda94052-34eb-658d-0600-000000000b00},544,NT AUTHORITY\SYSTEM,0x00007FFC70566B40,CtrlRoutine,C:\Windows\System32\KERNELBASE.dll,,2023-12-28T00:35:58.0994623Z,,C:\Windows\system32\svchost.exe,,{fda94052-34ec-658d-1100-000000000b00},516,NT AUTHORITY\SYSTEM,CreateRemoteThread detected (rule: CreateRemoteThread),,6672,,S-1-5-18,2023-12-28 00:35:58.056,2,"<Event xmlns=""http://schemas.microsoft.com/win/2004/08/events/event"">
    <System>
      <Provider Name=""Microsoft-Windows-Sysmon"" Guid=""{5770385f-c22a-43e0-bf4c-06f5698ffbd9}""/>
      <EventID>8</EventID>
      <Version>2</Version>
      <Level>4</Level>
      <Task>8</Task>
      <Opcode>0</Opcode>
      <Keywords>0x8000000000000000</Keywords>
      <TimeCreated SystemTime=""2023-12-28T00:35:58.0994623Z""/>
      <EventRecordID>9458</EventRecordID>
      <Correlation/>
      <Execution ProcessID=""7044"" ThreadID=""6672""/>
      <Channel>Microsoft-Windows-Sysmon/Operational</Channel>
      <Computer>WinDev2309Eval</Computer>
      <Security UserID=""S-1-5-18""/>
    </System>
    <EventData>
      <Data Name=""RuleName"">-</Data>
      <Data Name=""UtcTime"">2023-12-28 00:35:58.056</Data>
      <Data Name=""SourceProcessGuid"">{fda94052-34eb-658d-0600-000000000b00}</Data>
      <Data Name=""SourceProcessId"">544</Data>
      <Data Name=""SourceImage"">&lt;unknown process&gt;</Data>
      <Data Name=""TargetProcessGuid"">{fda94052-34ec-658d-1100-000000000b00}</Data>
      <Data Name=""TargetProcessId"">516</Data>
      <Data Name=""TargetImage"">C:\Windows\system32\svchost.exe</Data>
      <Data Name=""NewThreadId"">7952</Data>
      <Data Name=""StartAddress"">0x00007FFC70566B40</Data>
      <Data Name=""StartModule"">C:\Windows\System32\KERNELBASE.dll</Data>
      <Data Name=""StartFunction"">CtrlRoutine</Data>
      <Data Name=""SourceUser"">NT AUTHORITY\SYSTEM</Data>
      <Data Name=""TargetUser"">NT AUTHORITY\SYSTEM</Data>
    </EventData>
    <RenderingInfo Culture=""en-US"">
      <Message>CreateRemoteThread detected:

RuleName: -

UtcTime: 2023-12-28 00:35:58.056

SourceProcessGuid: {fda94052-34eb-658d-0600-000000000b00}

SourceProcessId: 544

SourceImage: &lt;unknown process&gt;

TargetProcessGuid: {fda94052-34ec-658d-1100-000000000b00}

TargetProcessId: 516

TargetImage: C:\Windows\system32\svchost.exe

NewThreadId: 7952

StartAddress: 0x00007FFC70566B40

StartModule: C:\Windows\System32\KERNELBASE.dll

StartFunction: CtrlRoutine

SourceUser: NT AUTHORITY\SYSTEM

TargetUser: NT AUTHORITY\SYSTEM</Message>
      <Level>Information</Level>
      <Task>CreateRemoteThread detected (rule: CreateRemoteThread)</Task>
      <Opcode>Info</Opcode>
    </RenderingInfo>
  </Event>
  
"
Microsoft-Windows-Sysmon/Operational,,,WinDev2309Eval,,,,,,,,,,8,9457,,,,,,,0x8000000000000000,Information,,,"CreateRemoteThread detected:

RuleName: -

UtcTime: 2023-12-28 00:35:58.056

SourceProcessGuid: {fda94052-34eb-658d-0600-000000000b00}

SourceProcessId: 544

SourceImage: <unknown process>

TargetProcessGuid: {fda94052-34ec-658d-0d00-000000000b00}

TargetProcessId: 932

TargetImage: C:\Windows\system32\svchost.exe

NewThreadId: 1524

StartAddress: 0x00007FFC70566B40

StartModule: C:\Windows\System32\KERNELBASE.dll

StartFunction: CtrlRoutine

SourceUser: NT AUTHORITY\SYSTEM

TargetUser: NT AUTHORITY\SYSTEM",1524,Info,,,,,,,,7044,,,,,,,"
      ",-,,,<unknown process>,,,,,{fda94052-34eb-658d-0600-000000000b00},544,NT AUTHORITY\SYSTEM,0x00007FFC70566B40,CtrlRoutine,C:\Windows\System32\KERNELBASE.dll,,2023-12-28T00:35:58.0987632Z,,C:\Windows\system32\svchost.exe,,{fda94052-34ec-658d-0d00-000000000b00},932,NT AUTHORITY\SYSTEM,CreateRemoteThread detected (rule: CreateRemoteThread),,6672,,S-1-5-18,2023-12-28 00:35:58.056,2,"<Event xmlns=""http://schemas.microsoft.com/win/2004/08/events/event"">
    <System>
      <Provider Name=""Microsoft-Windows-Sysmon"" Guid=""{5770385f-c22a-43e0-bf4c-06f5698ffbd9}""/>
      <EventID>8</EventID>
      <Version>2</Version>
      <Level>4</Level>
      <Task>8</Task>
      <Opcode>0</Opcode>
      <Keywords>0x8000000000000000</Keywords>
      <TimeCreated SystemTime=""2023-12-28T00:35:58.0987632Z""/>
      <EventRecordID>9457</EventRecordID>
      <Correlation/>
      <Execution ProcessID=""7044"" ThreadID=""6672""/>
      <Channel>Microsoft-Windows-Sysmon/Operational</Channel>
      <Computer>WinDev2309Eval</Computer>
      <Security UserID=""S-1-5-18""/>
    </System>
    <EventData>
      <Data Name=""RuleName"">-</Data>
      <Data Name=""UtcTime"">2023-12-28 00:35:58.056</Data>
      <Data Name=""SourceProcessGuid"">{fda94052-34eb-658d-0600-000000000b00}</Data>
      <Data Name=""SourceProcessId"">544</Data>
      <Data Name=""SourceImage"">&lt;unknown process&gt;</Data>
      <Data Name=""TargetProcessGuid"">{fda94052-34ec-658d-0d00-000000000b00}</Data>
      <Data Name=""TargetProcessId"">932</Data>
      <Data Name=""TargetImage"">C:\Windows\system32\svchost.exe</Data>
      <Data Name=""NewThreadId"">1524</Data>
      <Data Name=""StartAddress"">0x00007FFC70566B40</Data>
      <Data Name=""StartModule"">C:\Windows\System32\KERNELBASE.dll</Data>
      <Data Name=""StartFunction"">CtrlRoutine</Data>
      <Data Name=""SourceUser"">NT AUTHORITY\SYSTEM</Data>
      <Data Name=""TargetUser"">NT AUTHORITY\SYSTEM</Data>
    </EventData>
    <RenderingInfo Culture=""en-US"">
      <Message>CreateRemoteThread detected:

RuleName: -

UtcTime: 2023-12-28 00:35:58.056

SourceProcessGuid: {fda94052-34eb-658d-0600-000000000b00}

SourceProcessId: 544

SourceImage: &lt;unknown process&gt;

TargetProcessGuid: {fda94052-34ec-658d-0d00-000000000b00}

TargetProcessId: 932

TargetImage: C:\Windows\system32\svchost.exe

NewThreadId: 1524

StartAddress: 0x00007FFC70566B40

StartModule: C:\Windows\System32\KERNELBASE.dll

StartFunction: CtrlRoutine

SourceUser: NT AUTHORITY\SYSTEM

TargetUser: NT AUTHORITY\SYSTEM</Message>
      <Level>Information</Level>
      <Task>CreateRemoteThread detected (rule: CreateRemoteThread)</Task>
      <Opcode>Info</Opcode>
    </RenderingInfo>
  </Event>
  
"
Microsoft-Windows-Sysmon/Operational,,,WinDev2309Eval,,,,,,,,,,8,9456,,,,,,,0x8000000000000000,Information,,,"CreateRemoteThread detected:

RuleName: -

UtcTime: 2023-12-28 00:35:58.056

SourceProcessGuid: {fda94052-34eb-658d-0600-000000000b00}

SourceProcessId: 544

SourceImage: <unknown process>

TargetProcessGuid: {fda94052-34ec-658d-1000-000000000b00}

TargetProcessId: 484

TargetImage: C:\Windows\system32\svchost.exe

NewThreadId: 10764

StartAddress: 0x00007FFC70566B40

StartModule: C:\Windows\System32\KERNELBASE.dll

StartFunction: CtrlRoutine

SourceUser: NT AUTHORITY\SYSTEM

TargetUser: NT AUTHORITY\NETWORK SERVICE",10764,Info,,,,,,,,7044,,,,,,,"
      ",-,,,<unknown process>,,,,,{fda94052-34eb-658d-0600-000000000b00},544,NT AUTHORITY\SYSTEM,0x00007FFC70566B40,CtrlRoutine,C:\Windows\System32\KERNELBASE.dll,,2023-12-28T00:35:58.0973728Z,,C:\Windows\system32\svchost.exe,,{fda94052-34ec-658d-1000-000000000b00},484,NT AUTHORITY\NETWORK SERVICE,CreateRemoteThread detected (rule: CreateRemoteThread),,6672,,S-1-5-18,2023-12-28 00:35:58.056,2,"<Event xmlns=""http://schemas.microsoft.com/win/2004/08/events/event"">
    <System>
      <Provider Name=""Microsoft-Windows-Sysmon"" Guid=""{5770385f-c22a-43e0-bf4c-06f5698ffbd9}""/>
      <EventID>8</EventID>
      <Version>2</Version>
      <Level>4</Level>
      <Task>8</Task>
      <Opcode>0</Opcode>
      <Keywords>0x8000000000000000</Keywords>
      <TimeCreated SystemTime=""2023-12-28T00:35:58.0973728Z""/>
      <EventRecordID>9456</EventRecordID>
      <Correlation/>
      <Execution ProcessID=""7044"" ThreadID=""6672""/>
      <Channel>Microsoft-Windows-Sysmon/Operational</Channel>
      <Computer>WinDev2309Eval</Computer>
      <Security UserID=""S-1-5-18""/>
    </System>
    <EventData>
      <Data Name=""RuleName"">-</Data>
      <Data Name=""UtcTime"">2023-12-28 00:35:58.056</Data>
      <Data Name=""SourceProcessGuid"">{fda94052-34eb-658d-0600-000000000b00}</Data>
      <Data Name=""SourceProcessId"">544</Data>
      <Data Name=""SourceImage"">&lt;unknown process&gt;</Data>
      <Data Name=""TargetProcessGuid"">{fda94052-34ec-658d-1000-000000000b00}</Data>
      <Data Name=""TargetProcessId"">484</Data>
      <Data Name=""TargetImage"">C:\Windows\system32\svchost.exe</Data>
      <Data Name=""NewThreadId"">10764</Data>
      <Data Name=""StartAddress"">0x00007FFC70566B40</Data>
      <Data Name=""StartModule"">C:\Windows\System32\KERNELBASE.dll</Data>
      <Data Name=""StartFunction"">CtrlRoutine</Data>
      <Data Name=""SourceUser"">NT AUTHORITY\SYSTEM</Data>
      <Data Name=""TargetUser"">NT AUTHORITY\NETWORK SERVICE</Data>
    </EventData>
    <RenderingInfo Culture=""en-US"">
      <Message>CreateRemoteThread detected:

RuleName: -

UtcTime: 2023-12-28 00:35:58.056

SourceProcessGuid: {fda94052-34eb-658d-0600-000000000b00}

SourceProcessId: 544

SourceImage: &lt;unknown process&gt;

TargetProcessGuid: {fda94052-34ec-658d-1000-000000000b00}

TargetProcessId: 484

TargetImage: C:\Windows\system32\svchost.exe

NewThreadId: 10764

StartAddress: 0x00007FFC70566B40

StartModule: C:\Windows\System32\KERNELBASE.dll

StartFunction: CtrlRoutine

SourceUser: NT AUTHORITY\SYSTEM

TargetUser: NT AUTHORITY\NETWORK SERVICE</Message>
      <Level>Information</Level>
      <Task>CreateRemoteThread detected (rule: CreateRemoteThread)</Task>
      <Opcode>Info</Opcode>
    </RenderingInfo>
  </Event>
  
"
Microsoft-Windows-Sysmon/Operational,,,WinDev2309Eval,,,,,,,,,,8,9455,,,,,,,0x8000000000000000,Information,,,"CreateRemoteThread detected:

RuleName: -

UtcTime: 2023-12-28 00:35:58.056

SourceProcessGuid: {fda94052-34eb-658d-0600-000000000b00}

SourceProcessId: 544

SourceImage: <unknown process>

TargetProcessGuid: {fda94052-34f3-658d-5400-000000000b00}

TargetProcessId: 3744

TargetImage: C:\Program Files\VMware\VMware Tools\VMware VGAuth\VGAuthService.exe

NewThreadId: 6548

StartAddress: 0x00007FFC70566B40

StartModule: C:\Windows\System32\KERNELBASE.dll

StartFunction: CtrlRoutine

SourceUser: NT AUTHORITY\SYSTEM

TargetUser: NT AUTHORITY\SYSTEM",6548,Info,,,,,,,,7044,,,,,,,"
      ",-,,,<unknown process>,,,,,{fda94052-34eb-658d-0600-000000000b00},544,NT AUTHORITY\SYSTEM,0x00007FFC70566B40,CtrlRoutine,C:\Windows\System32\KERNELBASE.dll,,2023-12-28T00:35:58.0964371Z,,C:\Program Files\VMware\VMware Tools\VMware VGAuth\VGAuthService.exe,,{fda94052-34f3-658d-5400-000000000b00},3744,NT AUTHORITY\SYSTEM,CreateRemoteThread detected (rule: CreateRemoteThread),,6672,,S-1-5-18,2023-12-28 00:35:58.056,2,"<Event xmlns=""http://schemas.microsoft.com/win/2004/08/events/event"">
    <System>
      <Provider Name=""Microsoft-Windows-Sysmon"" Guid=""{5770385f-c22a-43e0-bf4c-06f5698ffbd9}""/>
      <EventID>8</EventID>
      <Version>2</Version>
      <Level>4</Level>
      <Task>8</Task>
      <Opcode>0</Opcode>
      <Keywords>0x8000000000000000</Keywords>
      <TimeCreated SystemTime=""2023-12-28T00:35:58.0964371Z""/>
      <EventRecordID>9455</EventRecordID>
      <Correlation/>
      <Execution ProcessID=""7044"" ThreadID=""6672""/>
      <Channel>Microsoft-Windows-Sysmon/Operational</Channel>
      <Computer>WinDev2309Eval</Computer>
      <Security UserID=""S-1-5-18""/>
    </System>
    <EventData>
      <Data Name=""RuleName"">-</Data>
      <Data Name=""UtcTime"">2023-12-28 00:35:58.056</Data>
      <Data Name=""SourceProcessGuid"">{fda94052-34eb-658d-0600-000000000b00}</Data>
      <Data Name=""SourceProcessId"">544</Data>
      <Data Name=""SourceImage"">&lt;unknown process&gt;</Data>
      <Data Name=""TargetProcessGuid"">{fda94052-34f3-658d-5400-000000000b00}</Data>
      <Data Name=""TargetProcessId"">3744</Data>
      <Data Name=""TargetImage"">C:\Program Files\VMware\VMware Tools\VMware VGAuth\VGAuthService.exe</Data>
      <Data Name=""NewThreadId"">6548</Data>
      <Data Name=""StartAddress"">0x00007FFC70566B40</Data>
      <Data Name=""StartModule"">C:\Windows\System32\KERNELBASE.dll</Data>
      <Data Name=""StartFunction"">CtrlRoutine</Data>
      <Data Name=""SourceUser"">NT AUTHORITY\SYSTEM</Data>
      <Data Name=""TargetUser"">NT AUTHORITY\SYSTEM</Data>
    </EventData>
    <RenderingInfo Culture=""en-US"">
      <Message>CreateRemoteThread detected:

RuleName: -

UtcTime: 2023-12-28 00:35:58.056

SourceProcessGuid: {fda94052-34eb-658d-0600-000000000b00}

SourceProcessId: 544

SourceImage: &lt;unknown process&gt;

TargetProcessGuid: {fda94052-34f3-658d-5400-000000000b00}

TargetProcessId: 3744

TargetImage: C:\Program Files\VMware\VMware Tools\VMware VGAuth\VGAuthService.exe

NewThreadId: 6548

StartAddress: 0x00007FFC70566B40

StartModule: C:\Windows\System32\KERNELBASE.dll

StartFunction: CtrlRoutine

SourceUser: NT AUTHORITY\SYSTEM

TargetUser: NT AUTHORITY\SYSTEM</Message>
      <Level>Information</Level>
      <Task>CreateRemoteThread detected (rule: CreateRemoteThread)</Task>
      <Opcode>Info</Opcode>
    </RenderingInfo>
  </Event>
  
"
Microsoft-Windows-Sysmon/Operational,,,WinDev2309Eval,,,,,,,,,,8,9454,,,,,,,0x8000000000000000,Information,,,"CreateRemoteThread detected:

RuleName: -

UtcTime: 2023-12-28 00:35:58.056

SourceProcessGuid: {fda94052-34eb-658d-0600-000000000b00}

SourceProcessId: 544

SourceImage: <unknown process>

TargetProcessGuid: {fda94052-c2e8-658c-6702-000000000b00}

TargetProcessId: 7388

TargetImage: C:\Windows\System32\svchost.exe

NewThreadId: 772

StartAddress: 0x00007FFC70566B40

StartModule: C:\Windows\System32\KERNELBASE.dll

StartFunction: CtrlRoutine

SourceUser: NT AUTHORITY\SYSTEM

TargetUser: NT AUTHORITY\SYSTEM",772,Info,,,,,,,,7044,,,,,,,"
      ",-,,,<unknown process>,,,,,{fda94052-34eb-658d-0600-000000000b00},544,NT AUTHORITY\SYSTEM,0x00007FFC70566B40,CtrlRoutine,C:\Windows\System32\KERNELBASE.dll,,2023-12-28T00:35:58.0753593Z,,C:\Windows\System32\svchost.exe,,{fda94052-c2e8-658c-6702-000000000b00},7388,NT AUTHORITY\SYSTEM,CreateRemoteThread detected (rule: CreateRemoteThread),,6672,,S-1-5-18,2023-12-28 00:35:58.056,2,"<Event xmlns=""http://schemas.microsoft.com/win/2004/08/events/event"">
    <System>
      <Provider Name=""Microsoft-Windows-Sysmon"" Guid=""{5770385f-c22a-43e0-bf4c-06f5698ffbd9}""/>
      <EventID>8</EventID>
      <Version>2</Version>
      <Level>4</Level>
      <Task>8</Task>
      <Opcode>0</Opcode>
      <Keywords>0x8000000000000000</Keywords>
      <TimeCreated SystemTime=""2023-12-28T00:35:58.0753593Z""/>
      <EventRecordID>9454</EventRecordID>
      <Correlation/>
      <Execution ProcessID=""7044"" ThreadID=""6672""/>
      <Channel>Microsoft-Windows-Sysmon/Operational</Channel>
      <Computer>WinDev2309Eval</Computer>
      <Security UserID=""S-1-5-18""/>
    </System>
    <EventData>
      <Data Name=""RuleName"">-</Data>
      <Data Name=""UtcTime"">2023-12-28 00:35:58.056</Data>
      <Data Name=""SourceProcessGuid"">{fda94052-34eb-658d-0600-000000000b00}</Data>
      <Data Name=""SourceProcessId"">544</Data>
      <Data Name=""SourceImage"">&lt;unknown process&gt;</Data>
      <Data Name=""TargetProcessGuid"">{fda94052-c2e8-658c-6702-000000000b00}</Data>
      <Data Name=""TargetProcessId"">7388</Data>
      <Data Name=""TargetImage"">C:\Windows\System32\svchost.exe</Data>
      <Data Name=""NewThreadId"">772</Data>
      <Data Name=""StartAddress"">0x00007FFC70566B40</Data>
      <Data Name=""StartModule"">C:\Windows\System32\KERNELBASE.dll</Data>
      <Data Name=""StartFunction"">CtrlRoutine</Data>
      <Data Name=""SourceUser"">NT AUTHORITY\SYSTEM</Data>
      <Data Name=""TargetUser"">NT AUTHORITY\SYSTEM</Data>
    </EventData>
    <RenderingInfo Culture=""en-US"">
      <Message>CreateRemoteThread detected:

RuleName: -

UtcTime: 2023-12-28 00:35:58.056

SourceProcessGuid: {fda94052-34eb-658d-0600-000000000b00}

SourceProcessId: 544

SourceImage: &lt;unknown process&gt;

TargetProcessGuid: {fda94052-c2e8-658c-6702-000000000b00}

TargetProcessId: 7388

TargetImage: C:\Windows\System32\svchost.exe

NewThreadId: 772

StartAddress: 0x00007FFC70566B40

StartModule: C:\Windows\System32\KERNELBASE.dll

StartFunction: CtrlRoutine

SourceUser: NT AUTHORITY\SYSTEM

TargetUser: NT AUTHORITY\SYSTEM</Message>
      <Level>Information</Level>
      <Task>CreateRemoteThread detected (rule: CreateRemoteThread)</Task>
      <Opcode>Info</Opcode>
    </RenderingInfo>
  </Event>
  
"
Microsoft-Windows-Sysmon/Operational,,,WinDev2309Eval,,,,,,,,,,8,9453,,,,,,,0x8000000000000000,Information,,,"CreateRemoteThread detected:

RuleName: -

UtcTime: 2023-12-28 00:35:58.056

SourceProcessGuid: {fda94052-34eb-658d-0600-000000000b00}

SourceProcessId: 544

SourceImage: <unknown process>

TargetProcessGuid: {fda94052-c2e8-658c-6602-000000000b00}

TargetProcessId: 8444

TargetImage: C:\Windows\System32\VSSVC.exe

NewThreadId: 8188

StartAddress: 0x00007FFC70566B40

StartModule: C:\Windows\System32\KERNELBASE.dll

StartFunction: CtrlRoutine

SourceUser: NT AUTHORITY\SYSTEM

TargetUser: NT AUTHORITY\SYSTEM",8188,Info,,,,,,,,7044,,,,,,,"
      ",-,,,<unknown process>,,,,,{fda94052-34eb-658d-0600-000000000b00},544,NT AUTHORITY\SYSTEM,0x00007FFC70566B40,CtrlRoutine,C:\Windows\System32\KERNELBASE.dll,,2023-12-28T00:35:58.0750847Z,,C:\Windows\System32\VSSVC.exe,,{fda94052-c2e8-658c-6602-000000000b00},8444,NT AUTHORITY\SYSTEM,CreateRemoteThread detected (rule: CreateRemoteThread),,6672,,S-1-5-18,2023-12-28 00:35:58.056,2,"<Event xmlns=""http://schemas.microsoft.com/win/2004/08/events/event"">
    <System>
      <Provider Name=""Microsoft-Windows-Sysmon"" Guid=""{5770385f-c22a-43e0-bf4c-06f5698ffbd9}""/>
      <EventID>8</EventID>
      <Version>2</Version>
      <Level>4</Level>
      <Task>8</Task>
      <Opcode>0</Opcode>
      <Keywords>0x8000000000000000</Keywords>
      <TimeCreated SystemTime=""2023-12-28T00:35:58.0750847Z""/>
      <EventRecordID>9453</EventRecordID>
      <Correlation/>
      <Execution ProcessID=""7044"" ThreadID=""6672""/>
      <Channel>Microsoft-Windows-Sysmon/Operational</Channel>
      <Computer>WinDev2309Eval</Computer>
      <Security UserID=""S-1-5-18""/>
    </System>
    <EventData>
      <Data Name=""RuleName"">-</Data>
      <Data Name=""UtcTime"">2023-12-28 00:35:58.056</Data>
      <Data Name=""SourceProcessGuid"">{fda94052-34eb-658d-0600-000000000b00}</Data>
      <Data Name=""SourceProcessId"">544</Data>
      <Data Name=""SourceImage"">&lt;unknown process&gt;</Data>
      <Data Name=""TargetProcessGuid"">{fda94052-c2e8-658c-6602-000000000b00}</Data>
      <Data Name=""TargetProcessId"">8444</Data>
      <Data Name=""TargetImage"">C:\Windows\System32\VSSVC.exe</Data>
      <Data Name=""NewThreadId"">8188</Data>
      <Data Name=""StartAddress"">0x00007FFC70566B40</Data>
      <Data Name=""StartModule"">C:\Windows\System32\KERNELBASE.dll</Data>
      <Data Name=""StartFunction"">CtrlRoutine</Data>
      <Data Name=""SourceUser"">NT AUTHORITY\SYSTEM</Data>
      <Data Name=""TargetUser"">NT AUTHORITY\SYSTEM</Data>
    </EventData>
    <RenderingInfo Culture=""en-US"">
      <Message>CreateRemoteThread detected:

RuleName: -

UtcTime: 2023-12-28 00:35:58.056

SourceProcessGuid: {fda94052-34eb-658d-0600-000000000b00}

SourceProcessId: 544

SourceImage: &lt;unknown process&gt;

TargetProcessGuid: {fda94052-c2e8-658c-6602-000000000b00}

TargetProcessId: 8444

TargetImage: C:\Windows\System32\VSSVC.exe

NewThreadId: 8188

StartAddress: 0x00007FFC70566B40

StartModule: C:\Windows\System32\KERNELBASE.dll

StartFunction: CtrlRoutine

SourceUser: NT AUTHORITY\SYSTEM

TargetUser: NT AUTHORITY\SYSTEM</Message>
      <Level>Information</Level>
      <Task>CreateRemoteThread detected (rule: CreateRemoteThread)</Task>
      <Opcode>Info</Opcode>
    </RenderingInfo>
  </Event>
  
"
Microsoft-Windows-Sysmon/Operational,,,WinDev2309Eval,,,,,,,,,,8,9452,,,,,,,0x8000000000000000,Information,,,"CreateRemoteThread detected:

RuleName: -

UtcTime: 2023-12-28 00:35:58.056

SourceProcessGuid: {fda94052-34eb-658d-0600-000000000b00}

SourceProcessId: 544

SourceImage: <unknown process>

TargetProcessGuid: {fda94052-c2e8-658c-6802-000000000b00}

TargetProcessId: 9308

TargetImage: C:\Windows\System32\dllhost.exe

NewThreadId: 4172

StartAddress: 0x00007FFC70566B40

StartModule: C:\Windows\System32\KERNELBASE.dll

StartFunction: CtrlRoutine

SourceUser: NT AUTHORITY\SYSTEM

TargetUser: NT AUTHORITY\SYSTEM",4172,Info,,,,,,,,7044,,,,,,,"
      ",-,,,<unknown process>,,,,,{fda94052-34eb-658d-0600-000000000b00},544,NT AUTHORITY\SYSTEM,0x00007FFC70566B40,CtrlRoutine,C:\Windows\System32\KERNELBASE.dll,,2023-12-28T00:35:58.0748746Z,,C:\Windows\System32\dllhost.exe,,{fda94052-c2e8-658c-6802-000000000b00},9308,NT AUTHORITY\SYSTEM,CreateRemoteThread detected (rule: CreateRemoteThread),,6672,,S-1-5-18,2023-12-28 00:35:58.056,2,"<Event xmlns=""http://schemas.microsoft.com/win/2004/08/events/event"">
    <System>
      <Provider Name=""Microsoft-Windows-Sysmon"" Guid=""{5770385f-c22a-43e0-bf4c-06f5698ffbd9}""/>
      <EventID>8</EventID>
      <Version>2</Version>
      <Level>4</Level>
      <Task>8</Task>
      <Opcode>0</Opcode>
      <Keywords>0x8000000000000000</Keywords>
      <TimeCreated SystemTime=""2023-12-28T00:35:58.0748746Z""/>
      <EventRecordID>9452</EventRecordID>
      <Correlation/>
      <Execution ProcessID=""7044"" ThreadID=""6672""/>
      <Channel>Microsoft-Windows-Sysmon/Operational</Channel>
      <Computer>WinDev2309Eval</Computer>
      <Security UserID=""S-1-5-18""/>
    </System>
    <EventData>
      <Data Name=""RuleName"">-</Data>
      <Data Name=""UtcTime"">2023-12-28 00:35:58.056</Data>
      <Data Name=""SourceProcessGuid"">{fda94052-34eb-658d-0600-000000000b00}</Data>
      <Data Name=""SourceProcessId"">544</Data>
      <Data Name=""SourceImage"">&lt;unknown process&gt;</Data>
      <Data Name=""TargetProcessGuid"">{fda94052-c2e8-658c-6802-000000000b00}</Data>
      <Data Name=""TargetProcessId"">9308</Data>
      <Data Name=""TargetImage"">C:\Windows\System32\dllhost.exe</Data>
      <Data Name=""NewThreadId"">4172</Data>
      <Data Name=""StartAddress"">0x00007FFC70566B40</Data>
      <Data Name=""StartModule"">C:\Windows\System32\KERNELBASE.dll</Data>
      <Data Name=""StartFunction"">CtrlRoutine</Data>
      <Data Name=""SourceUser"">NT AUTHORITY\SYSTEM</Data>
      <Data Name=""TargetUser"">NT AUTHORITY\SYSTEM</Data>
    </EventData>
    <RenderingInfo Culture=""en-US"">
      <Message>CreateRemoteThread detected:

RuleName: -

UtcTime: 2023-12-28 00:35:58.056

SourceProcessGuid: {fda94052-34eb-658d-0600-000000000b00}

SourceProcessId: 544

SourceImage: &lt;unknown process&gt;

TargetProcessGuid: {fda94052-c2e8-658c-6802-000000000b00}

TargetProcessId: 9308

TargetImage: C:\Windows\System32\dllhost.exe

NewThreadId: 4172

StartAddress: 0x00007FFC70566B40

StartModule: C:\Windows\System32\KERNELBASE.dll

StartFunction: CtrlRoutine

SourceUser: NT AUTHORITY\SYSTEM

TargetUser: NT AUTHORITY\SYSTEM</Message>
      <Level>Information</Level>
      <Task>CreateRemoteThread detected (rule: CreateRemoteThread)</Task>
      <Opcode>Info</Opcode>
    </RenderingInfo>
  </Event>
  
"
Microsoft-Windows-Sysmon/Operational,,,WinDev2309Eval,,,,,,,,,,8,9451,,,,,,,0x8000000000000000,Information,,,"CreateRemoteThread detected:

RuleName: -

UtcTime: 2023-12-28 00:35:58.040

SourceProcessGuid: {fda94052-34eb-658d-0600-000000000b00}

SourceProcessId: 544

SourceImage: <unknown process>

TargetProcessGuid: {fda94052-34f3-658d-5300-000000000b00}

TargetProcessId: 3728

TargetImage: C:\Windows\system32\svchost.exe

NewThreadId: 11228

StartAddress: 0x00007FFC70566B40

StartModule: C:\Windows\System32\KERNELBASE.dll

StartFunction: CtrlRoutine

SourceUser: NT AUTHORITY\SYSTEM

TargetUser: NT AUTHORITY\SYSTEM",11228,Info,,,,,,,,7044,,,,,,,"
      ",-,,,<unknown process>,,,,,{fda94052-34eb-658d-0600-000000000b00},544,NT AUTHORITY\SYSTEM,0x00007FFC70566B40,CtrlRoutine,C:\Windows\System32\KERNELBASE.dll,,2023-12-28T00:35:58.0464041Z,,C:\Windows\system32\svchost.exe,,{fda94052-34f3-658d-5300-000000000b00},3728,NT AUTHORITY\SYSTEM,CreateRemoteThread detected (rule: CreateRemoteThread),,6672,,S-1-5-18,2023-12-28 00:35:58.040,2,"<Event xmlns=""http://schemas.microsoft.com/win/2004/08/events/event"">
    <System>
      <Provider Name=""Microsoft-Windows-Sysmon"" Guid=""{5770385f-c22a-43e0-bf4c-06f5698ffbd9}""/>
      <EventID>8</EventID>
      <Version>2</Version>
      <Level>4</Level>
      <Task>8</Task>
      <Opcode>0</Opcode>
      <Keywords>0x8000000000000000</Keywords>
      <TimeCreated SystemTime=""2023-12-28T00:35:58.0464041Z""/>
      <EventRecordID>9451</EventRecordID>
      <Correlation/>
      <Execution ProcessID=""7044"" ThreadID=""6672""/>
      <Channel>Microsoft-Windows-Sysmon/Operational</Channel>
      <Computer>WinDev2309Eval</Computer>
      <Security UserID=""S-1-5-18""/>
    </System>
    <EventData>
      <Data Name=""RuleName"">-</Data>
      <Data Name=""UtcTime"">2023-12-28 00:35:58.040</Data>
      <Data Name=""SourceProcessGuid"">{fda94052-34eb-658d-0600-000000000b00}</Data>
      <Data Name=""SourceProcessId"">544</Data>
      <Data Name=""SourceImage"">&lt;unknown process&gt;</Data>
      <Data Name=""TargetProcessGuid"">{fda94052-34f3-658d-5300-000000000b00}</Data>
      <Data Name=""TargetProcessId"">3728</Data>
      <Data Name=""TargetImage"">C:\Windows\system32\svchost.exe</Data>
      <Data Name=""NewThreadId"">11228</Data>
      <Data Name=""StartAddress"">0x00007FFC70566B40</Data>
      <Data Name=""StartModule"">C:\Windows\System32\KERNELBASE.dll</Data>
      <Data Name=""StartFunction"">CtrlRoutine</Data>
      <Data Name=""SourceUser"">NT AUTHORITY\SYSTEM</Data>
      <Data Name=""TargetUser"">NT AUTHORITY\SYSTEM</Data>
    </EventData>
    <RenderingInfo Culture=""en-US"">
      <Message>CreateRemoteThread detected:

RuleName: -

UtcTime: 2023-12-28 00:35:58.040

SourceProcessGuid: {fda94052-34eb-658d-0600-000000000b00}

SourceProcessId: 544

SourceImage: &lt;unknown process&gt;

TargetProcessGuid: {fda94052-34f3-658d-5300-000000000b00}

TargetProcessId: 3728

TargetImage: C:\Windows\system32\svchost.exe

NewThreadId: 11228

StartAddress: 0x00007FFC70566B40

StartModule: C:\Windows\System32\KERNELBASE.dll

StartFunction: CtrlRoutine

SourceUser: NT AUTHORITY\SYSTEM

TargetUser: NT AUTHORITY\SYSTEM</Message>
      <Level>Information</Level>
      <Task>CreateRemoteThread detected (rule: CreateRemoteThread)</Task>
      <Opcode>Info</Opcode>
    </RenderingInfo>
  </Event>
  
"
