Microsoft-Windows-Sysmon/Operational,,,WinDev2309Eval,,,,,,,,,DWORD (0x00000003),13,9652,SetValue,,,C:\Windows\system32\services.exe,,,0x8000000000000000,Information,,,"Registry value set:

RuleName: T1031,T1050

EventType: SetValue

UtcTime: 2023-12-28 00:36:35.490

ProcessGuid: {fda94052-c30f-658c-0b00-000000000c00}

ProcessId: 776

Image: C:\Windows\system32\services.exe

TargetObject: HKLM\System\CurrentControlSet\Services\UnistoreSvc_41180\Start

Details: DWORD (0x00000003)

User: NT AUTHORITY\SYSTEM",,Info,,,,,,,{fda94052-c30f-658c-0b00-000000000c00},3732,776,,,,,,"
      ","T1031,T1050",,,,,,,,,,,,,,,2023-12-28T00:36:36.0805035Z,,,HKLM\System\CurrentControlSet\Services\UnistoreSvc_41180\Start,,,,Registry value set (rule: RegistryEvent),,4344,NT AUTHORITY\SYSTEM,S-1-5-18,2023-12-28 00:36:35.490,2,"<Event xmlns=""http://schemas.microsoft.com/win/2004/08/events/event"">
    <System>
      <Provider Name=""Microsoft-Windows-Sysmon"" Guid=""{5770385f-c22a-43e0-bf4c-06f5698ffbd9}""/>
      <EventID>13</EventID>
      <Version>2</Version>
      <Level>4</Level>
      <Task>13</Task>
      <Opcode>0</Opcode>
      <Keywords>0x8000000000000000</Keywords>
      <TimeCreated SystemTime=""2023-12-28T00:36:36.0805035Z""/>
      <EventRecordID>9652</EventRecordID>
      <Correlation/>
      <Execution ProcessID=""3732"" ThreadID=""4344""/>
      <Channel>Microsoft-Windows-Sysmon/Operational</Channel>
      <Computer>WinDev2309Eval</Computer>
      <Security UserID=""S-1-5-18""/>
    </System>
    <EventData>
      <Data Name=""RuleName"">T1031,T1050</Data>
      <Data Name=""EventType"">SetValue</Data>
      <Data Name=""UtcTime"">2023-12-28 00:36:35.490</Data>
      <Data Name=""ProcessGuid"">{fda94052-c30f-658c-0b00-000000000c00}</Data>
      <Data Name=""ProcessId"">776</Data>
      <Data Name=""Image"">C:\Windows\system32\services.exe</Data>
      <Data Name=""TargetObject"">HKLM\System\CurrentControlSet\Services\UnistoreSvc_41180\Start</Data>
      <Data Name=""Details"">DWORD (0x00000003)</Data>
      <Data Name=""User"">NT AUTHORITY\SYSTEM</Data>
    </EventData>
    <RenderingInfo Culture=""en-US"">
      <Message>Registry value set:

RuleName: T1031,T1050

EventType: SetValue

UtcTime: 2023-12-28 00:36:35.490

ProcessGuid: {fda94052-c30f-658c-0b00-000000000c00}

ProcessId: 776

Image: C:\Windows\system32\services.exe

TargetObject: HKLM\System\CurrentControlSet\Services\UnistoreSvc_41180\Start

Details: DWORD (0x00000003)

User: NT AUTHORITY\SYSTEM</Message>
      <Level>Information</Level>
      <Task>Registry value set (rule: RegistryEvent)</Task>
      <Opcode>Info</Opcode>
    </RenderingInfo>
  </Event>
  
"
Microsoft-Windows-Sysmon/Operational,,,WinDev2309Eval,,,,,,,,,C:\Windows\system32\svchost.exe -k UdkSvcGroup,13,9651,SetValue,,,C:\Windows\system32\services.exe,,,0x8000000000000000,Information,,,"Registry value set:

RuleName: T1031,T1050

EventType: SetValue

UtcTime: 2023-12-28 00:36:35.490

ProcessGuid: {fda94052-c30f-658c-0b00-000000000c00}

ProcessId: 776

Image: C:\Windows\system32\services.exe

TargetObject: HKLM\System\CurrentControlSet\Services\UdkUserSvc_41180\ImagePath

Details: C:\Windows\system32\svchost.exe -k UdkSvcGroup

User: NT AUTHORITY\SYSTEM",,Info,,,,,,,{fda94052-c30f-658c-0b00-000000000c00},3732,776,,,,,,"
      ","T1031,T1050",,,,,,,,,,,,,,,2023-12-28T00:36:36.0798880Z,,,HKLM\System\CurrentControlSet\Services\UdkUserSvc_41180\ImagePath,,,,Registry value set (rule: RegistryEvent),,4344,NT AUTHORITY\SYSTEM,S-1-5-18,2023-12-28 00:36:35.490,2,"<Event xmlns=""http://schemas.microsoft.com/win/2004/08/events/event"">
    <System>
      <Provider Name=""Microsoft-Windows-Sysmon"" Guid=""{5770385f-c22a-43e0-bf4c-06f5698ffbd9}""/>
      <EventID>13</EventID>
      <Version>2</Version>
      <Level>4</Level>
      <Task>13</Task>
      <Opcode>0</Opcode>
      <Keywords>0x8000000000000000</Keywords>
      <TimeCreated SystemTime=""2023-12-28T00:36:36.0798880Z""/>
      <EventRecordID>9651</EventRecordID>
      <Correlation/>
      <Execution ProcessID=""3732"" ThreadID=""4344""/>
      <Channel>Microsoft-Windows-Sysmon/Operational</Channel>
      <Computer>WinDev2309Eval</Computer>
      <Security UserID=""S-1-5-18""/>
    </System>
    <EventData>
      <Data Name=""RuleName"">T1031,T1050</Data>
      <Data Name=""EventType"">SetValue</Data>
      <Data Name=""UtcTime"">2023-12-28 00:36:35.490</Data>
      <Data Name=""ProcessGuid"">{fda94052-c30f-658c-0b00-000000000c00}</Data>
      <Data Name=""ProcessId"">776</Data>
      <Data Name=""Image"">C:\Windows\system32\services.exe</Data>
      <Data Name=""TargetObject"">HKLM\System\CurrentControlSet\Services\UdkUserSvc_41180\ImagePath</Data>
      <Data Name=""Details"">C:\Windows\system32\svchost.exe -k UdkSvcGroup</Data>
      <Data Name=""User"">NT AUTHORITY\SYSTEM</Data>
    </EventData>
    <RenderingInfo Culture=""en-US"">
      <Message>Registry value set:

RuleName: T1031,T1050

EventType: SetValue

UtcTime: 2023-12-28 00:36:35.490

ProcessGuid: {fda94052-c30f-658c-0b00-000000000c00}

ProcessId: 776

Image: C:\Windows\system32\services.exe

TargetObject: HKLM\System\CurrentControlSet\Services\UdkUserSvc_41180\ImagePath

Details: C:\Windows\system32\svchost.exe -k UdkSvcGroup

User: NT AUTHORITY\SYSTEM</Message>
      <Level>Information</Level>
      <Task>Registry value set (rule: RegistryEvent)</Task>
      <Opcode>Info</Opcode>
    </RenderingInfo>
  </Event>
  
"
Microsoft-Windows-Sysmon/Operational,,,WinDev2309Eval,,,,,,,,,DWORD (0x00000003),13,9650,SetValue,,,C:\Windows\system32\services.exe,,,0x8000000000000000,Information,,,"Registry value set:

RuleName: T1031,T1050

EventType: SetValue

UtcTime: 2023-12-28 00:36:35.490

ProcessGuid: {fda94052-c30f-658c-0b00-000000000c00}

ProcessId: 776

Image: C:\Windows\system32\services.exe

TargetObject: HKLM\System\CurrentControlSet\Services\UdkUserSvc_41180\Start

Details: DWORD (0x00000003)

User: NT AUTHORITY\SYSTEM",,Info,,,,,,,{fda94052-c30f-658c-0b00-000000000c00},3732,776,,,,,,"
      ","T1031,T1050",,,,,,,,,,,,,,,2023-12-28T00:36:36.0797871Z,,,HKLM\System\CurrentControlSet\Services\UdkUserSvc_41180\Start,,,,Registry value set (rule: RegistryEvent),,4344,NT AUTHORITY\SYSTEM,S-1-5-18,2023-12-28 00:36:35.490,2,"<Event xmlns=""http://schemas.microsoft.com/win/2004/08/events/event"">
    <System>
      <Provider Name=""Microsoft-Windows-Sysmon"" Guid=""{5770385f-c22a-43e0-bf4c-06f5698ffbd9}""/>
      <EventID>13</EventID>
      <Version>2</Version>
      <Level>4</Level>
      <Task>13</Task>
      <Opcode>0</Opcode>
      <Keywords>0x8000000000000000</Keywords>
      <TimeCreated SystemTime=""2023-12-28T00:36:36.0797871Z""/>
      <EventRecordID>9650</EventRecordID>
      <Correlation/>
      <Execution ProcessID=""3732"" ThreadID=""4344""/>
      <Channel>Microsoft-Windows-Sysmon/Operational</Channel>
      <Computer>WinDev2309Eval</Computer>
      <Security UserID=""S-1-5-18""/>
    </System>
    <EventData>
      <Data Name=""RuleName"">T1031,T1050</Data>
      <Data Name=""EventType"">SetValue</Data>
      <Data Name=""UtcTime"">2023-12-28 00:36:35.490</Data>
      <Data Name=""ProcessGuid"">{fda94052-c30f-658c-0b00-000000000c00}</Data>
      <Data Name=""ProcessId"">776</Data>
      <Data Name=""Image"">C:\Windows\system32\services.exe</Data>
      <Data Name=""TargetObject"">HKLM\System\CurrentControlSet\Services\UdkUserSvc_41180\Start</Data>
      <Data Name=""Details"">DWORD (0x00000003)</Data>
      <Data Name=""User"">NT AUTHORITY\SYSTEM</Data>
    </EventData>
    <RenderingInfo Culture=""en-US"">
      <Message>Registry value set:

RuleName: T1031,T1050

EventType: SetValue

UtcTime: 2023-12-28 00:36:35.490

ProcessGuid: {fda94052-c30f-658c-0b00-000000000c00}

ProcessId: 776

Image: C:\Windows\system32\services.exe

TargetObject: HKLM\System\CurrentControlSet\Services\UdkUserSvc_41180\Start

Details: DWORD (0x00000003)

User: NT AUTHORITY\SYSTEM</Message>
      <Level>Information</Level>
      <Task>Registry value set (rule: RegistryEvent)</Task>
      <Opcode>Info</Opcode>
    </RenderingInfo>
  </Event>
  
"
Microsoft-Windows-Sysmon/Operational,,,WinDev2309Eval,,,,,,,,,C:\Windows\system32\svchost.exe -k PrintWorkflow,13,9649,SetValue,,,C:\Windows\system32\services.exe,,,0x8000000000000000,Information,,,"Registry value set:

RuleName: T1031,T1050

EventType: SetValue

UtcTime: 2023-12-28 00:36:35.490

ProcessGuid: {fda94052-c30f-658c-0b00-000000000c00}

ProcessId: 776

Image: C:\Windows\system32\services.exe

TargetObject: HKLM\System\CurrentControlSet\Services\PrintWorkflowUserSvc_41180\ImagePath

Details: C:\Windows\system32\svchost.exe -k PrintWorkflow

User: NT AUTHORITY\SYSTEM",,Info,,,,,,,{fda94052-c30f-658c-0b00-000000000c00},3732,776,,,,,,"
      ","T1031,T1050",,,,,,,,,,,,,,,2023-12-28T00:36:36.0783581Z,,,HKLM\System\CurrentControlSet\Services\PrintWorkflowUserSvc_41180\ImagePath,,,,Registry value set (rule: RegistryEvent),,4344,NT AUTHORITY\SYSTEM,S-1-5-18,2023-12-28 00:36:35.490,2,"<Event xmlns=""http://schemas.microsoft.com/win/2004/08/events/event"">
    <System>
      <Provider Name=""Microsoft-Windows-Sysmon"" Guid=""{5770385f-c22a-43e0-bf4c-06f5698ffbd9}""/>
      <EventID>13</EventID>
      <Version>2</Version>
      <Level>4</Level>
      <Task>13</Task>
      <Opcode>0</Opcode>
      <Keywords>0x8000000000000000</Keywords>
      <TimeCreated SystemTime=""2023-12-28T00:36:36.0783581Z""/>
      <EventRecordID>9649</EventRecordID>
      <Correlation/>
      <Execution ProcessID=""3732"" ThreadID=""4344""/>
      <Channel>Microsoft-Windows-Sysmon/Operational</Channel>
      <Computer>WinDev2309Eval</Computer>
      <Security UserID=""S-1-5-18""/>
    </System>
    <EventData>
      <Data Name=""RuleName"">T1031,T1050</Data>
      <Data Name=""EventType"">SetValue</Data>
      <Data Name=""UtcTime"">2023-12-28 00:36:35.490</Data>
      <Data Name=""ProcessGuid"">{fda94052-c30f-658c-0b00-000000000c00}</Data>
      <Data Name=""ProcessId"">776</Data>
      <Data Name=""Image"">C:\Windows\system32\services.exe</Data>
      <Data Name=""TargetObject"">HKLM\System\CurrentControlSet\Services\PrintWorkflowUserSvc_41180\ImagePath</Data>
      <Data Name=""Details"">C:\Windows\system32\svchost.exe -k PrintWorkflow</Data>
      <Data Name=""User"">NT AUTHORITY\SYSTEM</Data>
    </EventData>
    <RenderingInfo Culture=""en-US"">
      <Message>Registry value set:

RuleName: T1031,T1050

EventType: SetValue

UtcTime: 2023-12-28 00:36:35.490

ProcessGuid: {fda94052-c30f-658c-0b00-000000000c00}

ProcessId: 776

Image: C:\Windows\system32\services.exe

TargetObject: HKLM\System\CurrentControlSet\Services\PrintWorkflowUserSvc_41180\ImagePath

Details: C:\Windows\system32\svchost.exe -k PrintWorkflow

User: NT AUTHORITY\SYSTEM</Message>
      <Level>Information</Level>
      <Task>Registry value set (rule: RegistryEvent)</Task>
      <Opcode>Info</Opcode>
    </RenderingInfo>
  </Event>
  
"
Microsoft-Windows-Sysmon/Operational,,,WinDev2309Eval,,,,,,,,,DWORD (0x00000003),13,9648,SetValue,,,C:\Windows\system32\services.exe,,,0x8000000000000000,Information,,,"Registry value set:

RuleName: T1031,T1050

EventType: SetValue

UtcTime: 2023-12-28 00:36:35.490

ProcessGuid: {fda94052-c30f-658c-0b00-000000000c00}

ProcessId: 776

Image: C:\Windows\system32\services.exe

TargetObject: HKLM\System\CurrentControlSet\Services\PrintWorkflowUserSvc_41180\Start

Details: DWORD (0x00000003)

User: NT AUTHORITY\SYSTEM",,Info,,,,,,,{fda94052-c30f-658c-0b00-000000000c00},3732,776,,,,,,"
      ","T1031,T1050",,,,,,,,,,,,,,,2023-12-28T00:36:36.0782326Z,,,HKLM\System\CurrentControlSet\Services\PrintWorkflowUserSvc_41180\Start,,,,Registry value set (rule: RegistryEvent),,4344,NT AUTHORITY\SYSTEM,S-1-5-18,2023-12-28 00:36:35.490,2,"<Event xmlns=""http://schemas.microsoft.com/win/2004/08/events/event"">
    <System>
      <Provider Name=""Microsoft-Windows-Sysmon"" Guid=""{5770385f-c22a-43e0-bf4c-06f5698ffbd9}""/>
      <EventID>13</EventID>
      <Version>2</Version>
      <Level>4</Level>
      <Task>13</Task>
      <Opcode>0</Opcode>
      <Keywords>0x8000000000000000</Keywords>
      <TimeCreated SystemTime=""2023-12-28T00:36:36.0782326Z""/>
      <EventRecordID>9648</EventRecordID>
      <Correlation/>
      <Execution ProcessID=""3732"" ThreadID=""4344""/>
      <Channel>Microsoft-Windows-Sysmon/Operational</Channel>
      <Computer>WinDev2309Eval</Computer>
      <Security UserID=""S-1-5-18""/>
    </System>
    <EventData>
      <Data Name=""RuleName"">T1031,T1050</Data>
      <Data Name=""EventType"">SetValue</Data>
      <Data Name=""UtcTime"">2023-12-28 00:36:35.490</Data>
      <Data Name=""ProcessGuid"">{fda94052-c30f-658c-0b00-000000000c00}</Data>
      <Data Name=""ProcessId"">776</Data>
      <Data Name=""Image"">C:\Windows\system32\services.exe</Data>
      <Data Name=""TargetObject"">HKLM\System\CurrentControlSet\Services\PrintWorkflowUserSvc_41180\Start</Data>
      <Data Name=""Details"">DWORD (0x00000003)</Data>
      <Data Name=""User"">NT AUTHORITY\SYSTEM</Data>
    </EventData>
    <RenderingInfo Culture=""en-US"">
      <Message>Registry value set:

RuleName: T1031,T1050

EventType: SetValue

UtcTime: 2023-12-28 00:36:35.490

ProcessGuid: {fda94052-c30f-658c-0b00-000000000c00}

ProcessId: 776

Image: C:\Windows\system32\services.exe

TargetObject: HKLM\System\CurrentControlSet\Services\PrintWorkflowUserSvc_41180\Start

Details: DWORD (0x00000003)

User: NT AUTHORITY\SYSTEM</Message>
      <Level>Information</Level>
      <Task>Registry value set (rule: RegistryEvent)</Task>
      <Opcode>Info</Opcode>
    </RenderingInfo>
  </Event>
  
"
Microsoft-Windows-Sysmon/Operational,,,WinDev2309Eval,,,,,,,,,C:\Windows\system32\svchost.exe -k UnistackSvcGroup,13,9647,SetValue,,,C:\Windows\system32\services.exe,,,0x8000000000000000,Information,,,"Registry value set:

RuleName: T1031,T1050

EventType: SetValue

UtcTime: 2023-12-28 00:36:35.490

ProcessGuid: {fda94052-c30f-658c-0b00-000000000c00}

ProcessId: 776

Image: C:\Windows\system32\services.exe

TargetObject: HKLM\System\CurrentControlSet\Services\PimIndexMaintenanceSvc_41180\ImagePath

Details: C:\Windows\system32\svchost.exe -k UnistackSvcGroup

User: NT AUTHORITY\SYSTEM",,Info,,,,,,,{fda94052-c30f-658c-0b00-000000000c00},3732,776,,,,,,"
      ","T1031,T1050",,,,,,,,,,,,,,,2023-12-28T00:36:36.0773637Z,,,HKLM\System\CurrentControlSet\Services\PimIndexMaintenanceSvc_41180\ImagePath,,,,Registry value set (rule: RegistryEvent),,4344,NT AUTHORITY\SYSTEM,S-1-5-18,2023-12-28 00:36:35.490,2,"<Event xmlns=""http://schemas.microsoft.com/win/2004/08/events/event"">
    <System>
      <Provider Name=""Microsoft-Windows-Sysmon"" Guid=""{5770385f-c22a-43e0-bf4c-06f5698ffbd9}""/>
      <EventID>13</EventID>
      <Version>2</Version>
      <Level>4</Level>
      <Task>13</Task>
      <Opcode>0</Opcode>
      <Keywords>0x8000000000000000</Keywords>
      <TimeCreated SystemTime=""2023-12-28T00:36:36.0773637Z""/>
      <EventRecordID>9647</EventRecordID>
      <Correlation/>
      <Execution ProcessID=""3732"" ThreadID=""4344""/>
      <Channel>Microsoft-Windows-Sysmon/Operational</Channel>
      <Computer>WinDev2309Eval</Computer>
      <Security UserID=""S-1-5-18""/>
    </System>
    <EventData>
      <Data Name=""RuleName"">T1031,T1050</Data>
      <Data Name=""EventType"">SetValue</Data>
      <Data Name=""UtcTime"">2023-12-28 00:36:35.490</Data>
      <Data Name=""ProcessGuid"">{fda94052-c30f-658c-0b00-000000000c00}</Data>
      <Data Name=""ProcessId"">776</Data>
      <Data Name=""Image"">C:\Windows\system32\services.exe</Data>
      <Data Name=""TargetObject"">HKLM\System\CurrentControlSet\Services\PimIndexMaintenanceSvc_41180\ImagePath</Data>
      <Data Name=""Details"">C:\Windows\system32\svchost.exe -k UnistackSvcGroup</Data>
      <Data Name=""User"">NT AUTHORITY\SYSTEM</Data>
    </EventData>
    <RenderingInfo Culture=""en-US"">
      <Message>Registry value set:

RuleName: T1031,T1050

EventType: SetValue

UtcTime: 2023-12-28 00:36:35.490

ProcessGuid: {fda94052-c30f-658c-0b00-000000000c00}

ProcessId: 776

Image: C:\Windows\system32\services.exe

TargetObject: HKLM\System\CurrentControlSet\Services\PimIndexMaintenanceSvc_41180\ImagePath

Details: C:\Windows\system32\svchost.exe -k UnistackSvcGroup

User: NT AUTHORITY\SYSTEM</Message>
      <Level>Information</Level>
      <Task>Registry value set (rule: RegistryEvent)</Task>
      <Opcode>Info</Opcode>
    </RenderingInfo>
  </Event>
  
"
Microsoft-Windows-Sysmon/Operational,,,WinDev2309Eval,,,,,,,,,DWORD (0x00000003),13,9646,SetValue,,,C:\Windows\system32\services.exe,,,0x8000000000000000,Information,,,"Registry value set:

RuleName: T1031,T1050

EventType: SetValue

UtcTime: 2023-12-28 00:36:35.490

ProcessGuid: {fda94052-c30f-658c-0b00-000000000c00}

ProcessId: 776

Image: C:\Windows\system32\services.exe

TargetObject: HKLM\System\CurrentControlSet\Services\PimIndexMaintenanceSvc_41180\Start

Details: DWORD (0x00000003)

User: NT AUTHORITY\SYSTEM",,Info,,,,,,,{fda94052-c30f-658c-0b00-000000000c00},3732,776,,,,,,"
      ","T1031,T1050",,,,,,,,,,,,,,,2023-12-28T00:36:36.0772174Z,,,HKLM\System\CurrentControlSet\Services\PimIndexMaintenanceSvc_41180\Start,,,,Registry value set (rule: RegistryEvent),,4344,NT AUTHORITY\SYSTEM,S-1-5-18,2023-12-28 00:36:35.490,2,"<Event xmlns=""http://schemas.microsoft.com/win/2004/08/events/event"">
    <System>
      <Provider Name=""Microsoft-Windows-Sysmon"" Guid=""{5770385f-c22a-43e0-bf4c-06f5698ffbd9}""/>
      <EventID>13</EventID>
      <Version>2</Version>
      <Level>4</Level>
      <Task>13</Task>
      <Opcode>0</Opcode>
      <Keywords>0x8000000000000000</Keywords>
      <TimeCreated SystemTime=""2023-12-28T00:36:36.0772174Z""/>
      <EventRecordID>9646</EventRecordID>
      <Correlation/>
      <Execution ProcessID=""3732"" ThreadID=""4344""/>
      <Channel>Microsoft-Windows-Sysmon/Operational</Channel>
      <Computer>WinDev2309Eval</Computer>
      <Security UserID=""S-1-5-18""/>
    </System>
    <EventData>
      <Data Name=""RuleName"">T1031,T1050</Data>
      <Data Name=""EventType"">SetValue</Data>
      <Data Name=""UtcTime"">2023-12-28 00:36:35.490</Data>
      <Data Name=""ProcessGuid"">{fda94052-c30f-658c-0b00-000000000c00}</Data>
      <Data Name=""ProcessId"">776</Data>
      <Data Name=""Image"">C:\Windows\system32\services.exe</Data>
      <Data Name=""TargetObject"">HKLM\System\CurrentControlSet\Services\PimIndexMaintenanceSvc_41180\Start</Data>
      <Data Name=""Details"">DWORD (0x00000003)</Data>
      <Data Name=""User"">NT AUTHORITY\SYSTEM</Data>
    </EventData>
    <RenderingInfo Culture=""en-US"">
      <Message>Registry value set:

RuleName: T1031,T1050

EventType: SetValue

UtcTime: 2023-12-28 00:36:35.490

ProcessGuid: {fda94052-c30f-658c-0b00-000000000c00}

ProcessId: 776

Image: C:\Windows\system32\services.exe

TargetObject: HKLM\System\CurrentControlSet\Services\PimIndexMaintenanceSvc_41180\Start

Details: DWORD (0x00000003)

User: NT AUTHORITY\SYSTEM</Message>
      <Level>Information</Level>
      <Task>Registry value set (rule: RegistryEvent)</Task>
      <Opcode>Info</Opcode>
    </RenderingInfo>
  </Event>
  
"
Microsoft-Windows-Sysmon/Operational,,,WinDev2309Eval,,,,,,,,,C:\Windows\system32\svchost.exe -k PenService,13,9645,SetValue,,,C:\Windows\system32\services.exe,,,0x8000000000000000,Information,,,"Registry value set:

RuleName: T1031,T1050

EventType: SetValue

UtcTime: 2023-12-28 00:36:35.490

ProcessGuid: {fda94052-c30f-658c-0b00-000000000c00}

ProcessId: 776

Image: C:\Windows\system32\services.exe

TargetObject: HKLM\System\CurrentControlSet\Services\PenService_41180\ImagePath

Details: C:\Windows\system32\svchost.exe -k PenService

User: NT AUTHORITY\SYSTEM",,Info,,,,,,,{fda94052-c30f-658c-0b00-000000000c00},3732,776,,,,,,"
      ","T1031,T1050",,,,,,,,,,,,,,,2023-12-28T00:36:36.0700848Z,,,HKLM\System\CurrentControlSet\Services\PenService_41180\ImagePath,,,,Registry value set (rule: RegistryEvent),,4344,NT AUTHORITY\SYSTEM,S-1-5-18,2023-12-28 00:36:35.490,2,"<Event xmlns=""http://schemas.microsoft.com/win/2004/08/events/event"">
    <System>
      <Provider Name=""Microsoft-Windows-Sysmon"" Guid=""{5770385f-c22a-43e0-bf4c-06f5698ffbd9}""/>
      <EventID>13</EventID>
      <Version>2</Version>
      <Level>4</Level>
      <Task>13</Task>
      <Opcode>0</Opcode>
      <Keywords>0x8000000000000000</Keywords>
      <TimeCreated SystemTime=""2023-12-28T00:36:36.0700848Z""/>
      <EventRecordID>9645</EventRecordID>
      <Correlation/>
      <Execution ProcessID=""3732"" ThreadID=""4344""/>
      <Channel>Microsoft-Windows-Sysmon/Operational</Channel>
      <Computer>WinDev2309Eval</Computer>
      <Security UserID=""S-1-5-18""/>
    </System>
    <EventData>
      <Data Name=""RuleName"">T1031,T1050</Data>
      <Data Name=""EventType"">SetValue</Data>
      <Data Name=""UtcTime"">2023-12-28 00:36:35.490</Data>
      <Data Name=""ProcessGuid"">{fda94052-c30f-658c-0b00-000000000c00}</Data>
      <Data Name=""ProcessId"">776</Data>
      <Data Name=""Image"">C:\Windows\system32\services.exe</Data>
      <Data Name=""TargetObject"">HKLM\System\CurrentControlSet\Services\PenService_41180\ImagePath</Data>
      <Data Name=""Details"">C:\Windows\system32\svchost.exe -k PenService</Data>
      <Data Name=""User"">NT AUTHORITY\SYSTEM</Data>
    </EventData>
    <RenderingInfo Culture=""en-US"">
      <Message>Registry value set:

RuleName: T1031,T1050

EventType: SetValue

UtcTime: 2023-12-28 00:36:35.490

ProcessGuid: {fda94052-c30f-658c-0b00-000000000c00}

ProcessId: 776

Image: C:\Windows\system32\services.exe

TargetObject: HKLM\System\CurrentControlSet\Services\PenService_41180\ImagePath

Details: C:\Windows\system32\svchost.exe -k PenService

User: NT AUTHORITY\SYSTEM</Message>
      <Level>Information</Level>
      <Task>Registry value set (rule: RegistryEvent)</Task>
      <Opcode>Info</Opcode>
    </RenderingInfo>
  </Event>
  
"
Microsoft-Windows-Sysmon/Operational,,,WinDev2309Eval,,,,,,,,,DWORD (0x00000003),13,9644,SetValue,,,C:\Windows\system32\services.exe,,,0x8000000000000000,Information,,,"Registry value set:

RuleName: T1031,T1050

EventType: SetValue

UtcTime: 2023-12-28 00:36:35.490

ProcessGuid: {fda94052-c30f-658c-0b00-000000000c00}

ProcessId: 776

Image: C:\Windows\system32\services.exe

TargetObject: HKLM\System\CurrentControlSet\Services\PenService_41180\Start

Details: DWORD (0x00000003)

User: NT AUTHORITY\SYSTEM",,Info,,,,,,,{fda94052-c30f-658c-0b00-000000000c00},3732,776,,,,,,"
      ","T1031,T1050",,,,,,,,,,,,,,,2023-12-28T00:36:36.0700137Z,,,HKLM\System\CurrentControlSet\Services\PenService_41180\Start,,,,Registry value set (rule: RegistryEvent),,4344,NT AUTHORITY\SYSTEM,S-1-5-18,2023-12-28 00:36:35.490,2,"<Event xmlns=""http://schemas.microsoft.com/win/2004/08/events/event"">
    <System>
      <Provider Name=""Microsoft-Windows-Sysmon"" Guid=""{5770385f-c22a-43e0-bf4c-06f5698ffbd9}""/>
      <EventID>13</EventID>
      <Version>2</Version>
      <Level>4</Level>
      <Task>13</Task>
      <Opcode>0</Opcode>
      <Keywords>0x8000000000000000</Keywords>
      <TimeCreated SystemTime=""2023-12-28T00:36:36.0700137Z""/>
      <EventRecordID>9644</EventRecordID>
      <Correlation/>
      <Execution ProcessID=""3732"" ThreadID=""4344""/>
      <Channel>Microsoft-Windows-Sysmon/Operational</Channel>
      <Computer>WinDev2309Eval</Computer>
      <Security UserID=""S-1-5-18""/>
    </System>
    <EventData>
      <Data Name=""RuleName"">T1031,T1050</Data>
      <Data Name=""EventType"">SetValue</Data>
      <Data Name=""UtcTime"">2023-12-28 00:36:35.490</Data>
      <Data Name=""ProcessGuid"">{fda94052-c30f-658c-0b00-000000000c00}</Data>
      <Data Name=""ProcessId"">776</Data>
      <Data Name=""Image"">C:\Windows\system32\services.exe</Data>
      <Data Name=""TargetObject"">HKLM\System\CurrentControlSet\Services\PenService_41180\Start</Data>
      <Data Name=""Details"">DWORD (0x00000003)</Data>
      <Data Name=""User"">NT AUTHORITY\SYSTEM</Data>
    </EventData>
    <RenderingInfo Culture=""en-US"">
      <Message>Registry value set:

RuleName: T1031,T1050

EventType: SetValue

UtcTime: 2023-12-28 00:36:35.490

ProcessGuid: {fda94052-c30f-658c-0b00-000000000c00}

ProcessId: 776

Image: C:\Windows\system32\services.exe

TargetObject: HKLM\System\CurrentControlSet\Services\PenService_41180\Start

Details: DWORD (0x00000003)

User: NT AUTHORITY\SYSTEM</Message>
      <Level>Information</Level>
      <Task>Registry value set (rule: RegistryEvent)</Task>
      <Opcode>Info</Opcode>
    </RenderingInfo>
  </Event>
  
"
Microsoft-Windows-Sysmon/Operational,,,WinDev2309Eval,,,,,,,,,C:\Windows\system32\svchost.exe -k P9RdrService -p,13,9643,SetValue,,,C:\Windows\system32\services.exe,,,0x8000000000000000,Information,,,"Registry value set:

RuleName: T1031,T1050

EventType: SetValue

UtcTime: 2023-12-28 00:36:35.490

ProcessGuid: {fda94052-c30f-658c-0b00-000000000c00}

ProcessId: 776

Image: C:\Windows\system32\services.exe

TargetObject: HKLM\System\CurrentControlSet\Services\P9RdrService_41180\ImagePath

Details: C:\Windows\system32\svchost.exe -k P9RdrService -p

User: NT AUTHORITY\SYSTEM",,Info,,,,,,,{fda94052-c30f-658c-0b00-000000000c00},3732,776,,,,,,"
      ","T1031,T1050",,,,,,,,,,,,,,,2023-12-28T00:36:36.0693473Z,,,HKLM\System\CurrentControlSet\Services\P9RdrService_41180\ImagePath,,,,Registry value set (rule: RegistryEvent),,4344,NT AUTHORITY\SYSTEM,S-1-5-18,2023-12-28 00:36:35.490,2,"<Event xmlns=""http://schemas.microsoft.com/win/2004/08/events/event"">
    <System>
      <Provider Name=""Microsoft-Windows-Sysmon"" Guid=""{5770385f-c22a-43e0-bf4c-06f5698ffbd9}""/>
      <EventID>13</EventID>
      <Version>2</Version>
      <Level>4</Level>
      <Task>13</Task>
      <Opcode>0</Opcode>
      <Keywords>0x8000000000000000</Keywords>
      <TimeCreated SystemTime=""2023-12-28T00:36:36.0693473Z""/>
      <EventRecordID>9643</EventRecordID>
      <Correlation/>
      <Execution ProcessID=""3732"" ThreadID=""4344""/>
      <Channel>Microsoft-Windows-Sysmon/Operational</Channel>
      <Computer>WinDev2309Eval</Computer>
      <Security UserID=""S-1-5-18""/>
    </System>
    <EventData>
      <Data Name=""RuleName"">T1031,T1050</Data>
      <Data Name=""EventType"">SetValue</Data>
      <Data Name=""UtcTime"">2023-12-28 00:36:35.490</Data>
      <Data Name=""ProcessGuid"">{fda94052-c30f-658c-0b00-000000000c00}</Data>
      <Data Name=""ProcessId"">776</Data>
      <Data Name=""Image"">C:\Windows\system32\services.exe</Data>
      <Data Name=""TargetObject"">HKLM\System\CurrentControlSet\Services\P9RdrService_41180\ImagePath</Data>
      <Data Name=""Details"">C:\Windows\system32\svchost.exe -k P9RdrService -p</Data>
      <Data Name=""User"">NT AUTHORITY\SYSTEM</Data>
    </EventData>
    <RenderingInfo Culture=""en-US"">
      <Message>Registry value set:

RuleName: T1031,T1050

EventType: SetValue

UtcTime: 2023-12-28 00:36:35.490

ProcessGuid: {fda94052-c30f-658c-0b00-000000000c00}

ProcessId: 776

Image: C:\Windows\system32\services.exe

TargetObject: HKLM\System\CurrentControlSet\Services\P9RdrService_41180\ImagePath

Details: C:\Windows\system32\svchost.exe -k P9RdrService -p

User: NT AUTHORITY\SYSTEM</Message>
      <Level>Information</Level>
      <Task>Registry value set (rule: RegistryEvent)</Task>
      <Opcode>Info</Opcode>
    </RenderingInfo>
  </Event>
  
"
Microsoft-Windows-Sysmon/Operational,,,WinDev2309Eval,,,,,,,,,DWORD (0x00000003),13,9642,SetValue,,,C:\Windows\system32\services.exe,,,0x8000000000000000,Information,,,"Registry value set:

RuleName: T1031,T1050

EventType: SetValue

UtcTime: 2023-12-28 00:36:35.490

ProcessGuid: {fda94052-c30f-658c-0b00-000000000c00}

ProcessId: 776

Image: C:\Windows\system32\services.exe

TargetObject: HKLM\System\CurrentControlSet\Services\P9RdrService_41180\Start

Details: DWORD (0x00000003)

User: NT AUTHORITY\SYSTEM",,Info,,,,,,,{fda94052-c30f-658c-0b00-000000000c00},3732,776,,,,,,"
      ","T1031,T1050",,,,,,,,,,,,,,,2023-12-28T00:36:36.0692759Z,,,HKLM\System\CurrentControlSet\Services\P9RdrService_41180\Start,,,,Registry value set (rule: RegistryEvent),,4344,NT AUTHORITY\SYSTEM,S-1-5-18,2023-12-28 00:36:35.490,2,"<Event xmlns=""http://schemas.microsoft.com/win/2004/08/events/event"">
    <System>
      <Provider Name=""Microsoft-Windows-Sysmon"" Guid=""{5770385f-c22a-43e0-bf4c-06f5698ffbd9}""/>
      <EventID>13</EventID>
      <Version>2</Version>
      <Level>4</Level>
      <Task>13</Task>
      <Opcode>0</Opcode>
      <Keywords>0x8000000000000000</Keywords>
      <TimeCreated SystemTime=""2023-12-28T00:36:36.0692759Z""/>
      <EventRecordID>9642</EventRecordID>
      <Correlation/>
      <Execution ProcessID=""3732"" ThreadID=""4344""/>
      <Channel>Microsoft-Windows-Sysmon/Operational</Channel>
      <Computer>WinDev2309Eval</Computer>
      <Security UserID=""S-1-5-18""/>
    </System>
    <EventData>
      <Data Name=""RuleName"">T1031,T1050</Data>
      <Data Name=""EventType"">SetValue</Data>
      <Data Name=""UtcTime"">2023-12-28 00:36:35.490</Data>
      <Data Name=""ProcessGuid"">{fda94052-c30f-658c-0b00-000000000c00}</Data>
      <Data Name=""ProcessId"">776</Data>
      <Data Name=""Image"">C:\Windows\system32\services.exe</Data>
      <Data Name=""TargetObject"">HKLM\System\CurrentControlSet\Services\P9RdrService_41180\Start</Data>
      <Data Name=""Details"">DWORD (0x00000003)</Data>
      <Data Name=""User"">NT AUTHORITY\SYSTEM</Data>
    </EventData>
    <RenderingInfo Culture=""en-US"">
      <Message>Registry value set:

RuleName: T1031,T1050

EventType: SetValue

UtcTime: 2023-12-28 00:36:35.490

ProcessGuid: {fda94052-c30f-658c-0b00-000000000c00}

ProcessId: 776

Image: C:\Windows\system32\services.exe

TargetObject: HKLM\System\CurrentControlSet\Services\P9RdrService_41180\Start

Details: DWORD (0x00000003)

User: NT AUTHORITY\SYSTEM</Message>
      <Level>Information</Level>
      <Task>Registry value set (rule: RegistryEvent)</Task>
      <Opcode>Info</Opcode>
    </RenderingInfo>
  </Event>
  
"
Microsoft-Windows-Sysmon/Operational,,,WinDev2309Eval,,,,,,,,,C:\Windows\system32\svchost.exe -k UnistackSvcGroup,13,9641,SetValue,,,C:\Windows\system32\services.exe,,,0x8000000000000000,Information,,,"Registry value set:

RuleName: T1031,T1050

EventType: SetValue

UtcTime: 2023-12-28 00:36:35.490

ProcessGuid: {fda94052-c30f-658c-0b00-000000000c00}

ProcessId: 776

Image: C:\Windows\system32\services.exe

TargetObject: HKLM\System\CurrentControlSet\Services\OneSyncSvc_41180\ImagePath

Details: C:\Windows\system32\svchost.exe -k UnistackSvcGroup

User: NT AUTHORITY\SYSTEM",,Info,,,,,,,{fda94052-c30f-658c-0b00-000000000c00},3732,776,,,,,,"
      ","T1031,T1050",,,,,,,,,,,,,,,2023-12-28T00:36:36.0690025Z,,,HKLM\System\CurrentControlSet\Services\OneSyncSvc_41180\ImagePath,,,,Registry value set (rule: RegistryEvent),,4344,NT AUTHORITY\SYSTEM,S-1-5-18,2023-12-28 00:36:35.490,2,"<Event xmlns=""http://schemas.microsoft.com/win/2004/08/events/event"">
    <System>
      <Provider Name=""Microsoft-Windows-Sysmon"" Guid=""{5770385f-c22a-43e0-bf4c-06f5698ffbd9}""/>
      <EventID>13</EventID>
      <Version>2</Version>
      <Level>4</Level>
      <Task>13</Task>
      <Opcode>0</Opcode>
      <Keywords>0x8000000000000000</Keywords>
      <TimeCreated SystemTime=""2023-12-28T00:36:36.0690025Z""/>
      <EventRecordID>9641</EventRecordID>
      <Correlation/>
      <Execution ProcessID=""3732"" ThreadID=""4344""/>
      <Channel>Microsoft-Windows-Sysmon/Operational</Channel>
      <Computer>WinDev2309Eval</Computer>
      <Security UserID=""S-1-5-18""/>
    </System>
    <EventData>
      <Data Name=""RuleName"">T1031,T1050</Data>
      <Data Name=""EventType"">SetValue</Data>
      <Data Name=""UtcTime"">2023-12-28 00:36:35.490</Data>
      <Data Name=""ProcessGuid"">{fda94052-c30f-658c-0b00-000000000c00}</Data>
      <Data Name=""ProcessId"">776</Data>
      <Data Name=""Image"">C:\Windows\system32\services.exe</Data>
      <Data Name=""TargetObject"">HKLM\System\CurrentControlSet\Services\OneSyncSvc_41180\ImagePath</Data>
      <Data Name=""Details"">C:\Windows\system32\svchost.exe -k UnistackSvcGroup</Data>
      <Data Name=""User"">NT AUTHORITY\SYSTEM</Data>
    </EventData>
    <RenderingInfo Culture=""en-US"">
      <Message>Registry value set:

RuleName: T1031,T1050

EventType: SetValue

UtcTime: 2023-12-28 00:36:35.490

ProcessGuid: {fda94052-c30f-658c-0b00-000000000c00}

ProcessId: 776

Image: C:\Windows\system32\services.exe

TargetObject: HKLM\System\CurrentControlSet\Services\OneSyncSvc_41180\ImagePath

Details: C:\Windows\system32\svchost.exe -k UnistackSvcGroup

User: NT AUTHORITY\SYSTEM</Message>
      <Level>Information</Level>
      <Task>Registry value set (rule: RegistryEvent)</Task>
      <Opcode>Info</Opcode>
    </RenderingInfo>
  </Event>
  
"
Microsoft-Windows-Sysmon/Operational,,,WinDev2309Eval,,,,,,,,,DWORD (0x00000002),13,9640,SetValue,,,C:\Windows\system32\services.exe,,,0x8000000000000000,Information,,,"Registry value set:

RuleName: T1031,T1050

EventType: SetValue

UtcTime: 2023-12-28 00:36:35.490

ProcessGuid: {fda94052-c30f-658c-0b00-000000000c00}

ProcessId: 776

Image: C:\Windows\system32\services.exe

TargetObject: HKLM\System\CurrentControlSet\Services\OneSyncSvc_41180\Start

Details: DWORD (0x00000002)

User: NT AUTHORITY\SYSTEM",,Info,,,,,,,{fda94052-c30f-658c-0b00-000000000c00},3732,776,,,,,,"
      ","T1031,T1050",,,,,,,,,,,,,,,2023-12-28T00:36:36.0689208Z,,,HKLM\System\CurrentControlSet\Services\OneSyncSvc_41180\Start,,,,Registry value set (rule: RegistryEvent),,4344,NT AUTHORITY\SYSTEM,S-1-5-18,2023-12-28 00:36:35.490,2,"<Event xmlns=""http://schemas.microsoft.com/win/2004/08/events/event"">
    <System>
      <Provider Name=""Microsoft-Windows-Sysmon"" Guid=""{5770385f-c22a-43e0-bf4c-06f5698ffbd9}""/>
      <EventID>13</EventID>
      <Version>2</Version>
      <Level>4</Level>
      <Task>13</Task>
      <Opcode>0</Opcode>
      <Keywords>0x8000000000000000</Keywords>
      <TimeCreated SystemTime=""2023-12-28T00:36:36.0689208Z""/>
      <EventRecordID>9640</EventRecordID>
      <Correlation/>
      <Execution ProcessID=""3732"" ThreadID=""4344""/>
      <Channel>Microsoft-Windows-Sysmon/Operational</Channel>
      <Computer>WinDev2309Eval</Computer>
      <Security UserID=""S-1-5-18""/>
    </System>
    <EventData>
      <Data Name=""RuleName"">T1031,T1050</Data>
      <Data Name=""EventType"">SetValue</Data>
      <Data Name=""UtcTime"">2023-12-28 00:36:35.490</Data>
      <Data Name=""ProcessGuid"">{fda94052-c30f-658c-0b00-000000000c00}</Data>
      <Data Name=""ProcessId"">776</Data>
      <Data Name=""Image"">C:\Windows\system32\services.exe</Data>
      <Data Name=""TargetObject"">HKLM\System\CurrentControlSet\Services\OneSyncSvc_41180\Start</Data>
      <Data Name=""Details"">DWORD (0x00000002)</Data>
      <Data Name=""User"">NT AUTHORITY\SYSTEM</Data>
    </EventData>
    <RenderingInfo Culture=""en-US"">
      <Message>Registry value set:

RuleName: T1031,T1050

EventType: SetValue

UtcTime: 2023-12-28 00:36:35.490

ProcessGuid: {fda94052-c30f-658c-0b00-000000000c00}

ProcessId: 776

Image: C:\Windows\system32\services.exe

TargetObject: HKLM\System\CurrentControlSet\Services\OneSyncSvc_41180\Start

Details: DWORD (0x00000002)

User: NT AUTHORITY\SYSTEM</Message>
      <Level>Information</Level>
      <Task>Registry value set (rule: RegistryEvent)</Task>
      <Opcode>Info</Opcode>
    </RenderingInfo>
  </Event>
  
"
Microsoft-Windows-Sysmon/Operational,,,WinDev2309Eval,,,,,,,,,C:\Windows\system32\svchost.exe -k LocalService -p,13,9639,SetValue,,,C:\Windows\system32\services.exe,,,0x8000000000000000,Information,,,"Registry value set:

RuleName: T1031,T1050

EventType: SetValue

UtcTime: 2023-12-28 00:36:35.474

ProcessGuid: {fda94052-c30f-658c-0b00-000000000c00}

ProcessId: 776

Image: C:\Windows\system32\services.exe

TargetObject: HKLM\System\CurrentControlSet\Services\NPSMSvc_41180\ImagePath

Details: C:\Windows\system32\svchost.exe -k LocalService -p

User: NT AUTHORITY\SYSTEM",,Info,,,,,,,{fda94052-c30f-658c-0b00-000000000c00},3732,776,,,,,,"
      ","T1031,T1050",,,,,,,,,,,,,,,2023-12-28T00:36:36.0676220Z,,,HKLM\System\CurrentControlSet\Services\NPSMSvc_41180\ImagePath,,,,Registry value set (rule: RegistryEvent),,4344,NT AUTHORITY\SYSTEM,S-1-5-18,2023-12-28 00:36:35.474,2,"<Event xmlns=""http://schemas.microsoft.com/win/2004/08/events/event"">
    <System>
      <Provider Name=""Microsoft-Windows-Sysmon"" Guid=""{5770385f-c22a-43e0-bf4c-06f5698ffbd9}""/>
      <EventID>13</EventID>
      <Version>2</Version>
      <Level>4</Level>
      <Task>13</Task>
      <Opcode>0</Opcode>
      <Keywords>0x8000000000000000</Keywords>
      <TimeCreated SystemTime=""2023-12-28T00:36:36.0676220Z""/>
      <EventRecordID>9639</EventRecordID>
      <Correlation/>
      <Execution ProcessID=""3732"" ThreadID=""4344""/>
      <Channel>Microsoft-Windows-Sysmon/Operational</Channel>
      <Computer>WinDev2309Eval</Computer>
      <Security UserID=""S-1-5-18""/>
    </System>
    <EventData>
      <Data Name=""RuleName"">T1031,T1050</Data>
      <Data Name=""EventType"">SetValue</Data>
      <Data Name=""UtcTime"">2023-12-28 00:36:35.474</Data>
      <Data Name=""ProcessGuid"">{fda94052-c30f-658c-0b00-000000000c00}</Data>
      <Data Name=""ProcessId"">776</Data>
      <Data Name=""Image"">C:\Windows\system32\services.exe</Data>
      <Data Name=""TargetObject"">HKLM\System\CurrentControlSet\Services\NPSMSvc_41180\ImagePath</Data>
      <Data Name=""Details"">C:\Windows\system32\svchost.exe -k LocalService -p</Data>
      <Data Name=""User"">NT AUTHORITY\SYSTEM</Data>
    </EventData>
    <RenderingInfo Culture=""en-US"">
      <Message>Registry value set:

RuleName: T1031,T1050

EventType: SetValue

UtcTime: 2023-12-28 00:36:35.474

ProcessGuid: {fda94052-c30f-658c-0b00-000000000c00}

ProcessId: 776

Image: C:\Windows\system32\services.exe

TargetObject: HKLM\System\CurrentControlSet\Services\NPSMSvc_41180\ImagePath

Details: C:\Windows\system32\svchost.exe -k LocalService -p

User: NT AUTHORITY\SYSTEM</Message>
      <Level>Information</Level>
      <Task>Registry value set (rule: RegistryEvent)</Task>
      <Opcode>Info</Opcode>
    </RenderingInfo>
  </Event>
  
"
Microsoft-Windows-Sysmon/Operational,,,WinDev2309Eval,,,,,,,,,DWORD (0x00000003),13,9638,SetValue,,,C:\Windows\system32\services.exe,,,0x8000000000000000,Information,,,"Registry value set:

RuleName: T1031,T1050

EventType: SetValue

UtcTime: 2023-12-28 00:36:35.474

ProcessGuid: {fda94052-c30f-658c-0b00-000000000c00}

ProcessId: 776

Image: C:\Windows\system32\services.exe

TargetObject: HKLM\System\CurrentControlSet\Services\NPSMSvc_41180\Start

Details: DWORD (0x00000003)

User: NT AUTHORITY\SYSTEM",,Info,,,,,,,{fda94052-c30f-658c-0b00-000000000c00},3732,776,,,,,,"
      ","T1031,T1050",,,,,,,,,,,,,,,2023-12-28T00:36:36.0675234Z,,,HKLM\System\CurrentControlSet\Services\NPSMSvc_41180\Start,,,,Registry value set (rule: RegistryEvent),,4344,NT AUTHORITY\SYSTEM,S-1-5-18,2023-12-28 00:36:35.474,2,"<Event xmlns=""http://schemas.microsoft.com/win/2004/08/events/event"">
    <System>
      <Provider Name=""Microsoft-Windows-Sysmon"" Guid=""{5770385f-c22a-43e0-bf4c-06f5698ffbd9}""/>
      <EventID>13</EventID>
      <Version>2</Version>
      <Level>4</Level>
      <Task>13</Task>
      <Opcode>0</Opcode>
      <Keywords>0x8000000000000000</Keywords>
      <TimeCreated SystemTime=""2023-12-28T00:36:36.0675234Z""/>
      <EventRecordID>9638</EventRecordID>
      <Correlation/>
      <Execution ProcessID=""3732"" ThreadID=""4344""/>
      <Channel>Microsoft-Windows-Sysmon/Operational</Channel>
      <Computer>WinDev2309Eval</Computer>
      <Security UserID=""S-1-5-18""/>
    </System>
    <EventData>
      <Data Name=""RuleName"">T1031,T1050</Data>
      <Data Name=""EventType"">SetValue</Data>
      <Data Name=""UtcTime"">2023-12-28 00:36:35.474</Data>
      <Data Name=""ProcessGuid"">{fda94052-c30f-658c-0b00-000000000c00}</Data>
      <Data Name=""ProcessId"">776</Data>
      <Data Name=""Image"">C:\Windows\system32\services.exe</Data>
      <Data Name=""TargetObject"">HKLM\System\CurrentControlSet\Services\NPSMSvc_41180\Start</Data>
      <Data Name=""Details"">DWORD (0x00000003)</Data>
      <Data Name=""User"">NT AUTHORITY\SYSTEM</Data>
    </EventData>
    <RenderingInfo Culture=""en-US"">
      <Message>Registry value set:

RuleName: T1031,T1050

EventType: SetValue

UtcTime: 2023-12-28 00:36:35.474

ProcessGuid: {fda94052-c30f-658c-0b00-000000000c00}

ProcessId: 776

Image: C:\Windows\system32\services.exe

TargetObject: HKLM\System\CurrentControlSet\Services\NPSMSvc_41180\Start

Details: DWORD (0x00000003)

User: NT AUTHORITY\SYSTEM</Message>
      <Level>Information</Level>
      <Task>Registry value set (rule: RegistryEvent)</Task>
      <Opcode>Info</Opcode>
    </RenderingInfo>
  </Event>
  
"
Microsoft-Windows-Sysmon/Operational,,,WinDev2309Eval,,,,,,,,,C:\Windows\system32\svchost.exe -k UnistackSvcGroup,13,9637,SetValue,,,C:\Windows\system32\services.exe,,,0x8000000000000000,Information,,,"Registry value set:

RuleName: T1031,T1050

EventType: SetValue

UtcTime: 2023-12-28 00:36:35.474

ProcessGuid: {fda94052-c30f-658c-0b00-000000000c00}

ProcessId: 776

Image: C:\Windows\system32\services.exe

TargetObject: HKLM\System\CurrentControlSet\Services\MessagingService_41180\ImagePath

Details: C:\Windows\system32\svchost.exe -k UnistackSvcGroup

User: NT AUTHORITY\SYSTEM",,Info,,,,,,,{fda94052-c30f-658c-0b00-000000000c00},3732,776,,,,,,"
      ","T1031,T1050",,,,,,,,,,,,,,,2023-12-28T00:36:36.0588545Z,,,HKLM\System\CurrentControlSet\Services\MessagingService_41180\ImagePath,,,,Registry value set (rule: RegistryEvent),,4344,NT AUTHORITY\SYSTEM,S-1-5-18,2023-12-28 00:36:35.474,2,"<Event xmlns=""http://schemas.microsoft.com/win/2004/08/events/event"">
    <System>
      <Provider Name=""Microsoft-Windows-Sysmon"" Guid=""{5770385f-c22a-43e0-bf4c-06f5698ffbd9}""/>
      <EventID>13</EventID>
      <Version>2</Version>
      <Level>4</Level>
      <Task>13</Task>
      <Opcode>0</Opcode>
      <Keywords>0x8000000000000000</Keywords>
      <TimeCreated SystemTime=""2023-12-28T00:36:36.0588545Z""/>
      <EventRecordID>9637</EventRecordID>
      <Correlation/>
      <Execution ProcessID=""3732"" ThreadID=""4344""/>
      <Channel>Microsoft-Windows-Sysmon/Operational</Channel>
      <Computer>WinDev2309Eval</Computer>
      <Security UserID=""S-1-5-18""/>
    </System>
    <EventData>
      <Data Name=""RuleName"">T1031,T1050</Data>
      <Data Name=""EventType"">SetValue</Data>
      <Data Name=""UtcTime"">2023-12-28 00:36:35.474</Data>
      <Data Name=""ProcessGuid"">{fda94052-c30f-658c-0b00-000000000c00}</Data>
      <Data Name=""ProcessId"">776</Data>
      <Data Name=""Image"">C:\Windows\system32\services.exe</Data>
      <Data Name=""TargetObject"">HKLM\System\CurrentControlSet\Services\MessagingService_41180\ImagePath</Data>
      <Data Name=""Details"">C:\Windows\system32\svchost.exe -k UnistackSvcGroup</Data>
      <Data Name=""User"">NT AUTHORITY\SYSTEM</Data>
    </EventData>
    <RenderingInfo Culture=""en-US"">
      <Message>Registry value set:

RuleName: T1031,T1050

EventType: SetValue

UtcTime: 2023-12-28 00:36:35.474

ProcessGuid: {fda94052-c30f-658c-0b00-000000000c00}

ProcessId: 776

Image: C:\Windows\system32\services.exe

TargetObject: HKLM\System\CurrentControlSet\Services\MessagingService_41180\ImagePath

Details: C:\Windows\system32\svchost.exe -k UnistackSvcGroup

User: NT AUTHORITY\SYSTEM</Message>
      <Level>Information</Level>
      <Task>Registry value set (rule: RegistryEvent)</Task>
      <Opcode>Info</Opcode>
    </RenderingInfo>
  </Event>
  
"
Microsoft-Windows-Sysmon/Operational,,,WinDev2309Eval,,,,,,,,,DWORD (0x00000003),13,9636,SetValue,,,C:\Windows\system32\services.exe,,,0x8000000000000000,Information,,,"Registry value set:

RuleName: T1031,T1050

EventType: SetValue

UtcTime: 2023-12-28 00:36:35.474

ProcessGuid: {fda94052-c30f-658c-0b00-000000000c00}

ProcessId: 776

Image: C:\Windows\system32\services.exe

TargetObject: HKLM\System\CurrentControlSet\Services\MessagingService_41180\Start

Details: DWORD (0x00000003)

User: NT AUTHORITY\SYSTEM",,Info,,,,,,,{fda94052-c30f-658c-0b00-000000000c00},3732,776,,,,,,"
      ","T1031,T1050",,,,,,,,,,,,,,,2023-12-28T00:36:36.0587585Z,,,HKLM\System\CurrentControlSet\Services\MessagingService_41180\Start,,,,Registry value set (rule: RegistryEvent),,4344,NT AUTHORITY\SYSTEM,S-1-5-18,2023-12-28 00:36:35.474,2,"<Event xmlns=""http://schemas.microsoft.com/win/2004/08/events/event"">
    <System>
      <Provider Name=""Microsoft-Windows-Sysmon"" Guid=""{5770385f-c22a-43e0-bf4c-06f5698ffbd9}""/>
      <EventID>13</EventID>
      <Version>2</Version>
      <Level>4</Level>
      <Task>13</Task>
      <Opcode>0</Opcode>
      <Keywords>0x8000000000000000</Keywords>
      <TimeCreated SystemTime=""2023-12-28T00:36:36.0587585Z""/>
      <EventRecordID>9636</EventRecordID>
      <Correlation/>
      <Execution ProcessID=""3732"" ThreadID=""4344""/>
      <Channel>Microsoft-Windows-Sysmon/Operational</Channel>
      <Computer>WinDev2309Eval</Computer>
      <Security UserID=""S-1-5-18""/>
    </System>
    <EventData>
      <Data Name=""RuleName"">T1031,T1050</Data>
      <Data Name=""EventType"">SetValue</Data>
      <Data Name=""UtcTime"">2023-12-28 00:36:35.474</Data>
      <Data Name=""ProcessGuid"">{fda94052-c30f-658c-0b00-000000000c00}</Data>
      <Data Name=""ProcessId"">776</Data>
      <Data Name=""Image"">C:\Windows\system32\services.exe</Data>
      <Data Name=""TargetObject"">HKLM\System\CurrentControlSet\Services\MessagingService_41180\Start</Data>
      <Data Name=""Details"">DWORD (0x00000003)</Data>
      <Data Name=""User"">NT AUTHORITY\SYSTEM</Data>
    </EventData>
    <RenderingInfo Culture=""en-US"">
      <Message>Registry value set:

RuleName: T1031,T1050

EventType: SetValue

UtcTime: 2023-12-28 00:36:35.474

ProcessGuid: {fda94052-c30f-658c-0b00-000000000c00}

ProcessId: 776

Image: C:\Windows\system32\services.exe

TargetObject: HKLM\System\CurrentControlSet\Services\MessagingService_41180\Start

Details: DWORD (0x00000003)

User: NT AUTHORITY\SYSTEM</Message>
      <Level>Information</Level>
      <Task>Registry value set (rule: RegistryEvent)</Task>
      <Opcode>Info</Opcode>
    </RenderingInfo>
  </Event>
  
"
Microsoft-Windows-Sysmon/Operational,,,WinDev2309Eval,,,,,,,,,C:\Windows\system32\svchost.exe -k DevicesFlow,13,9635,SetValue,,,C:\Windows\system32\services.exe,,,0x8000000000000000,Information,,,"Registry value set:

RuleName: T1031,T1050

EventType: SetValue

UtcTime: 2023-12-28 00:36:35.474

ProcessGuid: {fda94052-c30f-658c-0b00-000000000c00}

ProcessId: 776

Image: C:\Windows\system32\services.exe

TargetObject: HKLM\System\CurrentControlSet\Services\DevicesFlowUserSvc_41180\ImagePath

Details: C:\Windows\system32\svchost.exe -k DevicesFlow

User: NT AUTHORITY\SYSTEM",,Info,,,,,,,{fda94052-c30f-658c-0b00-000000000c00},3732,776,,,,,,"
      ","T1031,T1050",,,,,,,,,,,,,,,2023-12-28T00:36:36.0579550Z,,,HKLM\System\CurrentControlSet\Services\DevicesFlowUserSvc_41180\ImagePath,,,,Registry value set (rule: RegistryEvent),,4344,NT AUTHORITY\SYSTEM,S-1-5-18,2023-12-28 00:36:35.474,2,"<Event xmlns=""http://schemas.microsoft.com/win/2004/08/events/event"">
    <System>
      <Provider Name=""Microsoft-Windows-Sysmon"" Guid=""{5770385f-c22a-43e0-bf4c-06f5698ffbd9}""/>
      <EventID>13</EventID>
      <Version>2</Version>
      <Level>4</Level>
      <Task>13</Task>
      <Opcode>0</Opcode>
      <Keywords>0x8000000000000000</Keywords>
      <TimeCreated SystemTime=""2023-12-28T00:36:36.0579550Z""/>
      <EventRecordID>9635</EventRecordID>
      <Correlation/>
      <Execution ProcessID=""3732"" ThreadID=""4344""/>
      <Channel>Microsoft-Windows-Sysmon/Operational</Channel>
      <Computer>WinDev2309Eval</Computer>
      <Security UserID=""S-1-5-18""/>
    </System>
    <EventData>
      <Data Name=""RuleName"">T1031,T1050</Data>
      <Data Name=""EventType"">SetValue</Data>
      <Data Name=""UtcTime"">2023-12-28 00:36:35.474</Data>
      <Data Name=""ProcessGuid"">{fda94052-c30f-658c-0b00-000000000c00}</Data>
      <Data Name=""ProcessId"">776</Data>
      <Data Name=""Image"">C:\Windows\system32\services.exe</Data>
      <Data Name=""TargetObject"">HKLM\System\CurrentControlSet\Services\DevicesFlowUserSvc_41180\ImagePath</Data>
      <Data Name=""Details"">C:\Windows\system32\svchost.exe -k DevicesFlow</Data>
      <Data Name=""User"">NT AUTHORITY\SYSTEM</Data>
    </EventData>
    <RenderingInfo Culture=""en-US"">
      <Message>Registry value set:

RuleName: T1031,T1050

EventType: SetValue

UtcTime: 2023-12-28 00:36:35.474

ProcessGuid: {fda94052-c30f-658c-0b00-000000000c00}

ProcessId: 776

Image: C:\Windows\system32\services.exe

TargetObject: HKLM\System\CurrentControlSet\Services\DevicesFlowUserSvc_41180\ImagePath

Details: C:\Windows\system32\svchost.exe -k DevicesFlow

User: NT AUTHORITY\SYSTEM</Message>
      <Level>Information</Level>
      <Task>Registry value set (rule: RegistryEvent)</Task>
      <Opcode>Info</Opcode>
    </RenderingInfo>
  </Event>
  
"
